<?xml version="1.0" encoding="UTF-8"?>
<testsuite xmlns:xsi="http://www.w3.org/2001/XMLSchema-instance" xsi:noNamespaceSchemaLocation="https://maven.apache.org/surefire/maven-surefire-plugin/xsd/surefire-test-report-3.0.xsd" version="3.0" name="org.apache.hadoop.fs.ozone.TestRootedOzoneFileSystem" time="397.747" tests="165" errors="0" skipped="14" failures="1">
  <properties>
    <property name="awt.toolkit" value="sun.awt.X11.XToolkit"/>
    <property name="file.encoding.pkg" value="sun.io"/>
    <property name="java.specification.version" value="1.8"/>
    <property name="sun.cpu.isalist" value=""/>
    <property name="sun.jnu.encoding" value="UTF-8"/>
    <property name="java.class.path" value="/home/runner/work/ozone/ozone/hadoop-ozone/integration-test/target/test-classes:/home/runner/work/ozone/ozone/hadoop-ozone/integration-test/target/classes:/home/runner/.m2/repository/org/apache/ozone/ozone-common/1.3.0-SNAPSHOT/ozone-common-1.3.0-SNAPSHOT.jar:/home/runner/.m2/repository/io/grpc/grpc-netty/1.44.0/grpc-netty-1.44.0.jar:/home/runner/.m2/repository/io/grpc/grpc-core/1.44.0/grpc-core-1.44.0.jar:/home/runner/.m2/repository/com/google/android/annotations/4.1.1.4/annotations-4.1.1.4.jar:/home/runner/.m2/repository/org/codehaus/mojo/animal-sniffer-annotations/1.19/animal-sniffer-annotations-1.19.jar:/home/runner/.m2/repository/com/google/errorprone/error_prone_annotations/2.2.0/error_prone_annotations-2.2.0.jar:/home/runner/.m2/repository/io/perfmark/perfmark-api/0.23.0/perfmark-api-0.23.0.jar:/home/runner/.m2/repository/io/netty/netty-codec-http2/4.1.74.Final/netty-codec-http2-4.1.74.Final.jar:/home/runner/.m2/repository/io/netty/netty-common/4.1.74.Final/netty-common-4.1.74.Final.jar:/home/runner/.m2/repository/io/netty/netty-buffer/4.1.74.Final/netty-buffer-4.1.74.Final.jar:/home/runner/.m2/repository/io/netty/netty-codec-http/4.1.74.Final/netty-codec-http-4.1.74.Final.jar:/home/runner/.m2/repository/io/netty/netty-handler-proxy/4.1.74.Final/netty-handler-proxy-4.1.74.Final.jar:/home/runner/.m2/repository/io/netty/netty-codec-socks/4.1.74.Final/netty-codec-socks-4.1.74.Final.jar:/home/runner/.m2/repository/io/netty/netty-tcnative-boringssl-static/2.0.48.Final/netty-tcnative-boringssl-static-2.0.48.Final.jar:/home/runner/.m2/repository/io/netty/netty-tcnative-classes/2.0.48.Final/netty-tcnative-classes-2.0.48.Final.jar:/home/runner/.m2/repository/io/netty/netty-tcnative/2.0.48.Final/netty-tcnative-2.0.48.Final.jar:/home/runner/.m2/repository/org/apache/commons/commons-compress/1.21/commons-compress-1.21.jar:/home/runner/.m2/repository/org/apache/ozone/hdds-common/1.3.0-SNAPSHOT/hdds-common-1.3.0-SNAPSHOT.jar:/home/runner/.m2/repository/org/apache/ozone/hdds-client/1.3.0-SNAPSHOT/hdds-client-1.3.0-SNAPSHOT.jar:/home/runner/.m2/repository/org/apache/ozone/ozone-interface-client/1.3.0-SNAPSHOT/ozone-interface-client-1.3.0-SNAPSHOT.jar:/home/runner/.m2/repository/org/apache/ozone/hdds-test-utils/1.3.0-SNAPSHOT/hdds-test-utils-1.3.0-SNAPSHOT.jar:/home/runner/.m2/repository/com/google/guava/guava/31.1-jre/guava-31.1-jre.jar:/home/runner/.m2/repository/com/google/guava/failureaccess/1.0.1/failureaccess-1.0.1.jar:/home/runner/.m2/repository/com/google/guava/listenablefuture/9999.0-empty-to-avoid-conflict-with-guava/listenablefuture-9999.0-empty-to-avoid-conflict-with-guava.jar:/home/runner/.m2/repository/com/google/code/findbugs/jsr305/3.0.0/jsr305-3.0.0.jar:/home/runner/.m2/repository/org/checkerframework/checker-qual/3.12.0/checker-qual-3.12.0.jar:/home/runner/.m2/repository/com/google/j2objc/j2objc-annotations/1.3/j2objc-annotations-1.3.jar:/home/runner/.m2/repository/commons-io/commons-io/2.11.0/commons-io-2.11.0.jar:/home/runner/.m2/repository/commons-logging/commons-logging/1.2/commons-logging-1.2.jar:/home/runner/.m2/repository/log4j/log4j/1.2.17/log4j-1.2.17.jar:/home/runner/.m2/repository/org/slf4j/slf4j-api/1.7.30/slf4j-api-1.7.30.jar:/home/runner/.m2/repository/org/apache/ozone/hdds-server-scm/1.3.0-SNAPSHOT/hdds-server-scm-1.3.0-SNAPSHOT.jar:/home/runner/.m2/repository/org/apache/ozone/hdds-container-service/1.3.0-SNAPSHOT/hdds-container-service-1.3.0-SNAPSHOT.jar:/home/runner/.m2/repository/org/apache/ozone/hdds-hadoop-dependency-server/1.3.0-SNAPSHOT/hdds-hadoop-dependency-server-1.3.0-SNAPSHOT.jar:/home/runner/.m2/repository/org/apache/hadoop/hadoop-hdfs/3.3.1/hadoop-hdfs-3.3.1.jar:/home/runner/.m2/repository/org/apache/ozone/hdds-server-framework/1.3.0-SNAPSHOT/hdds-server-framework-1.3.0-SNAPSHOT.jar:/home/runner/.m2/repository/org/apache/ozone/hdds-interface-server/1.3.0-SNAPSHOT/hdds-interface-server-1.3.0-SNAPSHOT.jar:/home/runner/.m2/repository/org/apache/logging/log4j/log4j-core/2.17.1/log4j-core-2.17.1.jar:/home/runner/.m2/repository/com/lmax/disruptor/3.4.2/disruptor-3.4.2.jar:/home/runner/.m2/repository/org/eclipse/jetty/jetty-servlet/9.4.43.v20210629/jetty-servlet-9.4.43.v20210629.jar:/home/runner/.m2/repository/org/eclipse/jetty/jetty-security/9.4.43.v20210629/jetty-security-9.4.43.v20210629.jar:/home/runner/.m2/repository/org/rocksdb/rocksdbjni/6.29.5/rocksdbjni-6.29.5.jar:/home/runner/.m2/repository/io/prometheus/simpleclient_dropwizard/0.7.0/simpleclient_dropwizard-0.7.0.jar:/home/runner/.m2/repository/io/prometheus/simpleclient/0.7.0/simpleclient-0.7.0.jar:/home/runner/.m2/repository/io/prometheus/simpleclient_common/0.7.0/simpleclient_common-0.7.0.jar:/home/runner/.m2/repository/io/dropwizard/metrics/metrics-core/3.2.4/metrics-core-3.2.4.jar:/home/runner/.m2/repository/org/apache/hadoop/hadoop-hdfs-client/3.3.1/hadoop-hdfs-client-3.3.1.jar:/home/runner/.m2/repository/org/bouncycastle/bcprov-jdk15on/1.67/bcprov-jdk15on-1.67.jar:/home/runner/.m2/repository/com/google/protobuf/protobuf-java/2.5.0/protobuf-java-2.5.0.jar:/home/runner/.m2/repository/org/apache/ozone/ozone-manager/1.3.0-SNAPSHOT/ozone-manager-1.3.0-SNAPSHOT.jar:/home/runner/.m2/repository/org/aspectj/aspectjrt/1.9.7/aspectjrt-1.9.7.jar:/home/runner/.m2/repository/org/aspectj/aspectjweaver/1.9.7/aspectjweaver-1.9.7.jar:/home/runner/.m2/repository/org/apache/ozone/hdds-interface-client/1.3.0-SNAPSHOT/hdds-interface-client-1.3.0-SNAPSHOT.jar:/home/runner/.m2/repository/org/apache/hadoop/thirdparty/hadoop-shaded-protobuf_3_7/1.1.1/hadoop-shaded-protobuf_3_7-1.1.1.jar:/home/runner/.m2/repository/org/apache/ozone/ozone-interface-storage/1.3.0-SNAPSHOT/ozone-interface-storage-1.3.0-SNAPSHOT.jar:/home/runner/.m2/repository/org/reflections/reflections/0.9.11/reflections-0.9.11.jar:/home/runner/.m2/repository/com/sun/jersey/jersey-client/1.19/jersey-client-1.19.jar:/home/runner/.m2/repository/org/apache/ranger/ranger-intg/3.0.0-SNAPSHOT/ranger-intg-3.0.0-SNAPSHOT.jar:/home/runner/.m2/repository/org/apache/ranger/ranger-plugins-common/3.0.0-SNAPSHOT/ranger-plugins-common-3.0.0-SNAPSHOT.jar:/home/runner/.m2/repository/commons-lang/commons-lang/2.6/commons-lang-2.6.jar:/home/runner/.m2/repository/org/codehaus/jackson/jackson-jaxrs/1.9.13/jackson-jaxrs-1.9.13.jar:/home/runner/.m2/repository/org/apache/ranger/ranger-plugins-cred/3.0.0-SNAPSHOT/ranger-plugins-cred-3.0.0-SNAPSHOT.jar:/home/runner/.m2/repository/org/apache/ranger/ranger-plugins-audit/3.0.0-SNAPSHOT/ranger-plugins-audit-3.0.0-SNAPSHOT.jar:/home/runner/.m2/repository/org/apache/kafka/kafka-clients/2.8.1/kafka-clients-2.8.1.jar:/home/runner/.m2/repository/com/github/luben/zstd-jni/1.4.9-1/zstd-jni-1.4.9-1.jar:/home/runner/.m2/repository/org/apache/solr/solr-solrj/8.11.2/solr-solrj-8.11.2.jar:/home/runner/.m2/repository/org/eclipse/jetty/jetty-client/9.4.44.v20210927/jetty-client-9.4.44.v20210927.jar:/home/runner/.m2/repository/org/apache/httpcomponents/httpmime/4.5.13/httpmime-4.5.13.jar:/home/runner/.m2/repository/org/apache/httpcomponents/httpcore-nio/4.4.14/httpcore-nio-4.4.14.jar:/home/runner/.m2/repository/org/apache/httpcomponents/httpasyncclient/4.1.4/httpasyncclient-4.1.4.jar:/home/runner/.m2/repository/com/carrotsearch/hppc/0.8.0/hppc-0.8.0.jar:/home/runner/.m2/repository/org/apache/hive/hive-storage-api/2.7.2/hive-storage-api-2.7.2.jar:/home/runner/.m2/repository/org/apache/orc/orc-core/1.5.8/orc-core-1.5.8.jar:/home/runner/.m2/repository/com/amazonaws/aws-java-sdk-bundle/1.12.125/aws-java-sdk-bundle-1.12.125.jar:/home/runner/.m2/repository/net/java/dev/jna/jna/5.2.0/jna-5.2.0.jar:/home/runner/.m2/repository/net/java/dev/jna/jna-platform/5.2.0/jna-platform-5.2.0.jar:/home/runner/.m2/repository/com/kstruct/gethostname4j/0.0.2/gethostname4j-0.0.2.jar:/home/runner/.m2/repository/org/apache/ranger/ranger-plugin-classloader/3.0.0-SNAPSHOT/ranger-plugin-classloader-3.0.0-SNAPSHOT.jar:/home/runner/.m2/repository/org/apache/hadoop/hadoop-minikdc/3.3.1/hadoop-minikdc-3.3.1.jar:/home/runner/.m2/repository/org/apache/kerby/kerb-simplekdc/1.0.1/kerb-simplekdc-1.0.1.jar:/home/runner/.m2/repository/org/apache/kerby/kerb-client/1.0.1/kerb-client-1.0.1.jar:/home/runner/.m2/repository/org/apache/kerby/kerby-config/1.0.1/kerby-config-1.0.1.jar:/home/runner/.m2/repository/org/apache/kerby/kerb-common/1.0.1/kerb-common-1.0.1.jar:/home/runner/.m2/repository/org/apache/kerby/kerb-crypto/1.0.1/kerb-crypto-1.0.1.jar:/home/runner/.m2/repository/org/apache/kerby/kerb-util/1.0.1/kerb-util-1.0.1.jar:/home/runner/.m2/repository/org/apache/kerby/token-provider/1.0.1/token-provider-1.0.1.jar:/home/runner/.m2/repository/org/apache/kerby/kerb-admin/1.0.1/kerb-admin-1.0.1.jar:/home/runner/.m2/repository/org/apache/kerby/kerb-server/1.0.1/kerb-server-1.0.1.jar:/home/runner/.m2/repository/org/apache/kerby/kerb-identity/1.0.1/kerb-identity-1.0.1.jar:/home/runner/.m2/repository/org/apache/kerby/kerby-xdr/1.0.1/kerby-xdr-1.0.1.jar:/home/runner/.m2/repository/org/slf4j/slf4j-log4j12/1.7.30/slf4j-log4j12-1.7.30.jar:/home/runner/.m2/repository/org/apache/ozone/ozone-s3gateway/1.3.0-SNAPSHOT/ozone-s3gateway-1.3.0-SNAPSHOT.jar:/home/runner/.m2/repository/org/javassist/javassist/3.21.0-GA/javassist-3.21.0-GA.jar:/home/runner/.m2/repository/org/jboss/weld/servlet/weld-servlet/2.4.7.Final/weld-servlet-2.4.7.Final.jar:/home/runner/.m2/repository/org/glassfish/jersey/containers/jersey-container-servlet-core/2.33/jersey-container-servlet-core-2.33.jar:/home/runner/.m2/repository/org/glassfish/hk2/external/jakarta.inject/2.6.1/jakarta.inject-2.6.1.jar:/home/runner/.m2/repository/org/glassfish/jersey/core/jersey-common/2.33/jersey-common-2.33.jar:/home/runner/.m2/repository/jakarta/ws/rs/jakarta.ws.rs-api/2.1.6/jakarta.ws.rs-api-2.1.6.jar:/home/runner/.m2/repository/org/glassfish/jersey/ext/cdi/jersey-cdi1x/2.33/jersey-cdi1x-2.33.jar:/home/runner/.m2/repository/org/glassfish/jersey/inject/jersey-hk2/2.33/jersey-hk2-2.33.jar:/home/runner/.m2/repository/org/glassfish/hk2/hk2-locator/2.6.1/hk2-locator-2.6.1.jar:/home/runner/.m2/repository/org/glassfish/jersey/media/jersey-media-jaxb/2.33/jersey-media-jaxb-2.33.jar:/home/runner/.m2/repository/org/glassfish/hk2/osgi-resource-locator/1.0.3/osgi-resource-locator-1.0.3.jar:/home/runner/.m2/repository/org/glassfish/hk2/hk2-api/2.5.0/hk2-api-2.5.0.jar:/home/runner/.m2/repository/org/glassfish/hk2/hk2-utils/2.5.0/hk2-utils-2.5.0.jar:/home/runner/.m2/repository/org/glassfish/hk2/external/aopalliance-repackaged/2.5.0/aopalliance-repackaged-2.5.0.jar:/home/runner/.m2/repository/com/fasterxml/jackson/dataformat/jackson-dataformat-xml/2.13.2/jackson-dataformat-xml-2.13.2.jar:/home/runner/.m2/repository/com/fasterxml/jackson/core/jackson-core/2.13.2/jackson-core-2.13.2.jar:/home/runner/.m2/repository/org/codehaus/woodstox/stax2-api/3.1.4/stax2-api-3.1.4.jar:/home/runner/.m2/repository/com/fasterxml/woodstox/woodstox-core/5.0.3/woodstox-core-5.0.3.jar:/home/runner/.m2/repository/com/fasterxml/jackson/module/jackson-module-jaxb-annotations/2.13.2/jackson-module-jaxb-annotations-2.13.2.jar:/home/runner/.m2/repository/jakarta/xml/bind/jakarta.xml.bind-api/2.3.3/jakarta.xml.bind-api-2.3.3.jar:/home/runner/.m2/repository/jakarta/activation/jakarta.activation-api/1.2.1/jakarta.activation-api-1.2.1.jar:/home/runner/.m2/repository/javax/enterprise/cdi-api/1.2/cdi-api-1.2.jar:/home/runner/.m2/repository/javax/el/javax.el-api/3.0.0/javax.el-api-3.0.0.jar:/home/runner/.m2/repository/javax/interceptor/javax.interceptor-api/1.2/javax.interceptor-api-1.2.jar:/home/runner/.m2/repository/javax/inject/javax.inject/1/javax.inject-1.jar:/home/runner/.m2/repository/javax/xml/bind/jaxb-api/2.3.0/jaxb-api-2.3.0.jar:/home/runner/.m2/repository/org/glassfish/jaxb/jaxb-runtime/2.3.0.1/jaxb-runtime-2.3.0.1.jar:/home/runner/.m2/repository/org/glassfish/jaxb/jaxb-core/2.3.0.1/jaxb-core-2.3.0.1.jar:/home/runner/.m2/repository/org/glassfish/jaxb/txw2/2.3.0.1/txw2-2.3.0.1.jar:/home/runner/.m2/repository/com/sun/istack/istack-commons-runtime/3.0.5/istack-commons-runtime-3.0.5.jar:/home/runner/.m2/repository/org/jvnet/staxex/stax-ex/1.7.8/stax-ex-1.7.8.jar:/home/runner/.m2/repository/com/sun/xml/fastinfoset/FastInfoset/1.2.13/FastInfoset-1.2.13.jar:/home/runner/.m2/repository/javax/activation/activation/1.1.1/activation-1.1.1.jar:/home/runner/.m2/repository/io/grpc/grpc-protobuf/1.44.0/grpc-protobuf-1.44.0.jar:/home/runner/.m2/repository/io/grpc/grpc-api/1.44.0/grpc-api-1.44.0.jar:/home/runner/.m2/repository/io/grpc/grpc-context/1.44.0/grpc-context-1.44.0.jar:/home/runner/.m2/repository/com/google/api/grpc/proto-google-common-protos/2.0.1/proto-google-common-protos-2.0.1.jar:/home/runner/.m2/repository/io/grpc/grpc-protobuf-lite/1.44.0/grpc-protobuf-lite-1.44.0.jar:/home/runner/.m2/repository/io/grpc/grpc-stub/1.44.0/grpc-stub-1.44.0.jar:/home/runner/.m2/repository/io/netty/netty-transport/4.1.74.Final/netty-transport-4.1.74.Final.jar:/home/runner/.m2/repository/io/netty/netty-resolver/4.1.74.Final/netty-resolver-4.1.74.Final.jar:/home/runner/.m2/repository/org/apache/ozone/ozone-csi/1.3.0-SNAPSHOT/ozone-csi-1.3.0-SNAPSHOT.jar:/home/runner/.m2/repository/com/google/protobuf/protobuf-java-util/3.19.2/protobuf-java-util-3.19.2.jar:/home/runner/.m2/repository/com/google/code/gson/gson/2.9.0/gson-2.9.0.jar:/home/runner/.m2/repository/org/apache/ozone/hdds-config/1.3.0-SNAPSHOT/hdds-config-1.3.0-SNAPSHOT.jar:/home/runner/.m2/repository/io/netty/netty-transport-native-epoll/4.1.74.Final/netty-transport-native-epoll-4.1.74.Final-linux-x86_64.jar:/home/runner/.m2/repository/io/netty/netty-transport-classes-epoll/4.1.74.Final/netty-transport-classes-epoll-4.1.74.Final.jar:/home/runner/.m2/repository/io/netty/netty-transport-native-unix-common/4.1.74.Final/netty-transport-native-unix-common-4.1.74.Final.jar:/home/runner/.m2/repository/org/apache/ozone/ozone-recon/1.3.0-SNAPSHOT/ozone-recon-1.3.0-SNAPSHOT.jar:/home/runner/.m2/repository/org/apache/ozone/ozone-reconcodegen/1.3.0-SNAPSHOT/ozone-reconcodegen-1.3.0-SNAPSHOT.jar:/home/runner/.m2/repository/com/google/inject/extensions/guice-multibindings/4.0/guice-multibindings-4.0.jar:/home/runner/.m2/repository/com/google/inject/guice/4.0/guice-4.0.jar:/home/runner/.m2/repository/aopalliance/aopalliance/1.0/aopalliance-1.0.jar:/home/runner/.m2/repository/com/google/inject/extensions/guice-assistedinject/4.0/guice-assistedinject-4.0.jar:/home/runner/.m2/repository/com/google/inject/extensions/guice-servlet/4.0/guice-servlet-4.0.jar:/home/runner/.m2/repository/org/glassfish/jersey/containers/jersey-container-servlet/2.33/jersey-container-servlet-2.33.jar:/home/runner/.m2/repository/org/glassfish/hk2/guice-bridge/2.5.0/guice-bridge-2.5.0.jar:/home/runner/.m2/repository/org/glassfish/jersey/core/jersey-server/2.33/jersey-server-2.33.jar:/home/runner/.m2/repository/org/glassfish/jersey/core/jersey-client/2.33/jersey-client-2.33.jar:/home/runner/.m2/repository/jakarta/annotation/jakarta.annotation-api/1.3.5/jakarta.annotation-api-1.3.5.jar:/home/runner/.m2/repository/jakarta/validation/jakarta.validation-api/2.0.2/jakarta.validation-api-2.0.2.jar:/home/runner/.m2/repository/org/glassfish/jersey/media/jersey-media-json-jackson/2.33/jersey-media-json-jackson-2.33.jar:/home/runner/.m2/repository/org/glassfish/jersey/ext/jersey-entity-filtering/2.33/jersey-entity-filtering-2.33.jar:/home/runner/.m2/repository/org/jooq/jooq/3.11.10/jooq-3.11.10.jar:/home/runner/.m2/repository/org/jooq/jooq-meta/3.11.10/jooq-meta-3.11.10.jar:/home/runner/.m2/repository/org/jooq/jooq-codegen/3.11.10/jooq-codegen-3.11.10.jar:/home/runner/.m2/repository/com/jolbox/bonecp/0.8.0.RELEASE/bonecp-0.8.0.RELEASE.jar:/home/runner/.m2/repository/org/apache/derby/derby/10.14.2.0/derby-10.14.2.0.jar:/home/runner/.m2/repository/org/xerial/sqlite-jdbc/3.25.2/sqlite-jdbc-3.25.2.jar:/home/runner/.m2/repository/org/springframework/spring-jdbc/5.2.20.RELEASE/spring-jdbc-5.2.20.RELEASE.jar:/home/runner/.m2/repository/org/springframework/spring-beans/5.2.20.RELEASE/spring-beans-5.2.20.RELEASE.jar:/home/runner/.m2/repository/org/springframework/spring-core/5.2.20.RELEASE/spring-core-5.2.20.RELEASE.jar:/home/runner/.m2/repository/org/springframework/spring-jcl/5.2.20.RELEASE/spring-jcl-5.2.20.RELEASE.jar:/home/runner/.m2/repository/org/springframework/spring-tx/5.2.20.RELEASE/spring-tx-5.2.20.RELEASE.jar:/home/runner/.m2/repository/org/apache/ozone/ozone-client/1.3.0-SNAPSHOT/ozone-client-1.3.0-SNAPSHOT.jar:/home/runner/.m2/repository/org/apache/ozone/hdds-erasurecode/1.3.0-SNAPSHOT/hdds-erasurecode-1.3.0-SNAPSHOT.jar:/home/runner/.m2/repository/com/github/spotbugs/spotbugs-annotations/3.1.12/spotbugs-annotations-3.1.12.jar:/home/runner/.m2/repository/org/apache/ozone/ozone-filesystem/1.3.0-SNAPSHOT/ozone-filesystem-1.3.0-SNAPSHOT.jar:/home/runner/.m2/repository/org/apache/ozone/ozone-filesystem-common/1.3.0-SNAPSHOT/ozone-filesystem-common-1.3.0-SNAPSHOT.jar:/home/runner/.m2/repository/org/apache/ozone/ozone-tools/1.3.0-SNAPSHOT/ozone-tools-1.3.0-SNAPSHOT.jar:/home/runner/.m2/repository/org/apache/ratis/ratis-tools/2.3.0/ratis-tools-2.3.0.jar:/home/runner/.m2/repository/com/amazonaws/aws-java-sdk-core/1.12.124/aws-java-sdk-core-1.12.124.jar:/home/runner/.m2/repository/org/apache/httpcomponents/httpclient/4.5.13/httpclient-4.5.13.jar:/home/runner/.m2/repository/org/apache/httpcomponents/httpcore/4.4.13/httpcore-4.4.13.jar:/home/runner/.m2/repository/software/amazon/ion/ion-java/1.0.2/ion-java-1.0.2.jar:/home/runner/.m2/repository/com/fasterxml/jackson/dataformat/jackson-dataformat-cbor/2.13.2/jackson-dataformat-cbor-2.13.2.jar:/home/runner/.m2/repository/joda-time/joda-time/2.8.1/joda-time-2.8.1.jar:/home/runner/.m2/repository/com/amazonaws/aws-java-sdk-s3/1.12.124/aws-java-sdk-s3-1.12.124.jar:/home/runner/.m2/repository/com/amazonaws/aws-java-sdk-kms/1.12.124/aws-java-sdk-kms-1.12.124.jar:/home/runner/.m2/repository/com/amazonaws/jmespath-java/1.12.124/jmespath-java-1.12.124.jar:/home/runner/.m2/repository/org/kohsuke/metainf-services/metainf-services/1.8/metainf-services-1.8.jar:/home/runner/.m2/repository/org/apache/ozone/hdds-tools/1.3.0-SNAPSHOT/hdds-tools-1.3.0-SNAPSHOT.jar:/home/runner/.m2/repository/commons-cli/commons-cli/1.2/commons-cli-1.2.jar:/home/runner/.m2/repository/org/apache/commons/commons-lang3/3.7/commons-lang3-3.7.jar:/home/runner/.m2/repository/org/apache/ozone/ozone-manager/1.3.0-SNAPSHOT/ozone-manager-1.3.0-SNAPSHOT-tests.jar:/home/runner/.m2/repository/org/apache/ozone/hdds-common/1.3.0-SNAPSHOT/hdds-common-1.3.0-SNAPSHOT-tests.jar:/home/runner/.m2/repository/org/apache/ozone/hdds-hadoop-dependency-client/1.3.0-SNAPSHOT/hdds-hadoop-dependency-client-1.3.0-SNAPSHOT.jar:/home/runner/.m2/repository/info/picocli/picocli/4.6.1/picocli-4.6.1.jar:/home/runner/.m2/repository/com/fasterxml/jackson/core/jackson-annotations/2.13.2/jackson-annotations-2.13.2.jar:/home/runner/.m2/repository/com/fasterxml/jackson/datatype/jackson-datatype-jsr310/2.13.2/jackson-datatype-jsr310-2.13.2.jar:/home/runner/.m2/repository/javax/annotation/javax.annotation-api/1.2/javax.annotation-api-1.2.jar:/home/runner/.m2/repository/org/apache/ratis/ratis-server/2.3.0/ratis-server-2.3.0.jar:/home/runner/.m2/repository/org/apache/ratis/ratis-client/2.3.0/ratis-client-2.3.0.jar:/home/runner/.m2/repository/org/apache/ratis/ratis-server-api/2.3.0/ratis-server-api-2.3.0.jar:/home/runner/.m2/repository/org/apache/ratis/ratis-metrics/2.3.0/ratis-metrics-2.3.0.jar:/home/runner/.m2/repository/org/apache/ratis/ratis-netty/2.3.0/ratis-netty-2.3.0.jar:/home/runner/.m2/repository/org/apache/ratis/ratis-grpc/2.3.0/ratis-grpc-2.3.0.jar:/home/runner/.m2/repository/org/apache/logging/log4j/log4j-api/2.17.1/log4j-api-2.17.1.jar:/home/runner/.m2/repository/org/apache/commons/commons-pool2/2.6.0/commons-pool2-2.6.0.jar:/home/runner/.m2/repository/org/bouncycastle/bcpkix-jdk15on/1.67/bcpkix-jdk15on-1.67.jar:/home/runner/.m2/repository/commons-validator/commons-validator/1.6/commons-validator-1.6.jar:/home/runner/.m2/repository/commons-beanutils/commons-beanutils/1.9.4/commons-beanutils-1.9.4.jar:/home/runner/.m2/repository/commons-digester/commons-digester/1.8.1/commons-digester-1.8.1.jar:/home/runner/.m2/repository/commons-collections/commons-collections/3.2.2/commons-collections-3.2.2.jar:/home/runner/.m2/repository/io/jaegertracing/jaeger-client/1.6.0/jaeger-client-1.6.0.jar:/home/runner/.m2/repository/io/jaegertracing/jaeger-thrift/1.6.0/jaeger-thrift-1.6.0.jar:/home/runner/.m2/repository/org/apache/thrift/libthrift/0.14.1/libthrift-0.14.1.jar:/home/runner/.m2/repository/com/squareup/okhttp3/okhttp/4.9.0/okhttp-4.9.0.jar:/home/runner/.m2/repository/com/squareup/okio/okio/2.8.0/okio-2.8.0.jar:/home/runner/.m2/repository/io/jaegertracing/jaeger-core/1.6.0/jaeger-core-1.6.0.jar:/home/runner/.m2/repository/io/jaegertracing/jaeger-tracerresolver/1.6.0/jaeger-tracerresolver-1.6.0.jar:/home/runner/.m2/repository/io/opentracing/contrib/opentracing-tracerresolver/0.1.8/opentracing-tracerresolver-0.1.8.jar:/home/runner/.m2/repository/org/jetbrains/kotlin/kotlin-stdlib/1.6.21/kotlin-stdlib-1.6.21.jar:/home/runner/.m2/repository/org/jetbrains/kotlin/kotlin-stdlib-common/1.6.21/kotlin-stdlib-common-1.6.21.jar:/home/runner/.m2/repository/org/jetbrains/annotations/13.0/annotations-13.0.jar:/home/runner/.m2/repository/io/opentracing/opentracing-util/0.33.0/opentracing-util-0.33.0.jar:/home/runner/.m2/repository/io/opentracing/opentracing-api/0.33.0/opentracing-api-0.33.0.jar:/home/runner/.m2/repository/io/opentracing/opentracing-noop/0.33.0/opentracing-noop-0.33.0.jar:/home/runner/.m2/repository/org/yaml/snakeyaml/1.26/snakeyaml-1.26.jar:/home/runner/.m2/repository/org/apache/ozone/hdds-interface-admin/1.3.0-SNAPSHOT/hdds-interface-admin-1.3.0-SNAPSHOT.jar:/home/runner/.m2/repository/junit/junit/4.13.1/junit-4.13.1.jar:/home/runner/.m2/repository/org/hamcrest/hamcrest-core/1.3/hamcrest-core-1.3.jar:/home/runner/.m2/repository/org/junit/jupiter/junit-jupiter-api/5.8.2/junit-jupiter-api-5.8.2.jar:/home/runner/.m2/repository/org/opentest4j/opentest4j/1.2.0/opentest4j-1.2.0.jar:/home/runner/.m2/repository/org/junit/platform/junit-platform-commons/1.8.2/junit-platform-commons-1.8.2.jar:/home/runner/.m2/repository/org/apiguardian/apiguardian-api/1.1.2/apiguardian-api-1.1.2.jar:/home/runner/.m2/repository/org/junit/jupiter/junit-jupiter-params/5.8.2/junit-jupiter-params-5.8.2.jar:/home/runner/.m2/repository/org/junit/jupiter/junit-jupiter-migrationsupport/5.8.2/junit-jupiter-migrationsupport-5.8.2.jar:/home/runner/.m2/repository/org/junit/jupiter/junit-jupiter-engine/5.8.2/junit-jupiter-engine-5.8.2.jar:/home/runner/.m2/repository/org/junit/platform/junit-platform-engine/1.8.2/junit-platform-engine-1.8.2.jar:/home/runner/.m2/repository/org/junit/vintage/junit-vintage-engine/5.8.2/junit-vintage-engine-5.8.2.jar:/home/runner/.m2/repository/org/junit/platform/junit-platform-launcher/1.8.2/junit-platform-launcher-1.8.2.jar:/home/runner/.m2/repository/org/mockito/mockito-core/2.28.2/mockito-core-2.28.2.jar:/home/runner/.m2/repository/net/bytebuddy/byte-buddy/1.9.10/byte-buddy-1.9.10.jar:/home/runner/.m2/repository/net/bytebuddy/byte-buddy-agent/1.9.10/byte-buddy-agent-1.9.10.jar:/home/runner/.m2/repository/org/objenesis/objenesis/1.0/objenesis-1.0.jar:/home/runner/.m2/repository/org/apache/hadoop/hadoop-kms/3.3.1/hadoop-kms-3.3.1.jar:/home/runner/.m2/repository/org/apache/hadoop/hadoop-auth/3.3.1/hadoop-auth-3.3.1.jar:/home/runner/.m2/repository/com/nimbusds/nimbus-jose-jwt/7.9/nimbus-jose-jwt-7.9.jar:/home/runner/.m2/repository/com/github/stephenc/jcip/jcip-annotations/1.0-1/jcip-annotations-1.0-1.jar:/home/runner/.m2/repository/net/minidev/json-smart/2.4.7/json-smart-2.4.7.jar:/home/runner/.m2/repository/net/minidev/accessors-smart/2.4.7/accessors-smart-2.4.7.jar:/home/runner/.m2/repository/org/ow2/asm/asm/5.0.4/asm-5.0.4.jar:/home/runner/.m2/repository/org/apache/zookeeper/zookeeper/3.5.6/zookeeper-3.5.6.jar:/home/runner/.m2/repository/org/apache/zookeeper/zookeeper-jute/3.5.6/zookeeper-jute-3.5.6.jar:/home/runner/.m2/repository/org/apache/yetus/audience-annotations/0.5.0/audience-annotations-0.5.0.jar:/home/runner/.m2/repository/org/apache/curator/curator-framework/4.2.0/curator-framework-4.2.0.jar:/home/runner/.m2/repository/org/apache/hadoop/thirdparty/hadoop-shaded-guava/1.1.1/hadoop-shaded-guava-1.1.1.jar:/home/runner/.m2/repository/com/sun/jersey/jersey-core/1.19/jersey-core-1.19.jar:/home/runner/.m2/repository/javax/ws/rs/jsr311-api/1.1.1/jsr311-api-1.1.1.jar:/home/runner/.m2/repository/com/sun/jersey/jersey-server/1.19/jersey-server-1.19.jar:/home/runner/.m2/repository/javax/servlet/javax.servlet-api/3.1.0/javax.servlet-api-3.1.0.jar:/home/runner/.m2/repository/org/eclipse/jetty/jetty-server/9.4.43.v20210629/jetty-server-9.4.43.v20210629.jar:/home/runner/.m2/repository/org/eclipse/jetty/jetty-http/9.4.43.v20210629/jetty-http-9.4.43.v20210629.jar:/home/runner/.m2/repository/org/eclipse/jetty/jetty-io/9.4.43.v20210629/jetty-io-9.4.43.v20210629.jar:/home/runner/.m2/repository/org/eclipse/jetty/jetty-webapp/9.4.43.v20210629/jetty-webapp-9.4.43.v20210629.jar:/home/runner/.m2/repository/org/eclipse/jetty/jetty-xml/9.4.43.v20210629/jetty-xml-9.4.43.v20210629.jar:/home/runner/.m2/repository/org/apache/hadoop/hadoop-common/3.3.1/hadoop-common-3.3.1.jar:/home/runner/.m2/repository/org/apache/commons/commons-math3/3.1.1/commons-math3-3.1.1.jar:/home/runner/.m2/repository/commons-net/commons-net/3.6/commons-net-3.6.jar:/home/runner/.m2/repository/com/sun/jersey/jersey-servlet/1.19/jersey-servlet-1.19.jar:/home/runner/.m2/repository/com/sun/jersey/jersey-json/1.19/jersey-json-1.19.jar:/home/runner/.m2/repository/org/codehaus/jettison/jettison/1.1/jettison-1.1.jar:/home/runner/.m2/repository/com/sun/xml/bind/jaxb-impl/2.2.3-1/jaxb-impl-2.2.3-1.jar:/home/runner/.m2/repository/org/codehaus/jackson/jackson-xc/1.9.2/jackson-xc-1.9.2.jar:/home/runner/.m2/repository/org/apache/commons/commons-configuration2/2.1.1/commons-configuration2-2.1.1.jar:/home/runner/.m2/repository/org/apache/commons/commons-text/1.4/commons-text-1.4.jar:/home/runner/.m2/repository/com/google/re2j/re2j/1.1/re2j-1.1.jar:/home/runner/.m2/repository/com/jcraft/jsch/0.1.54/jsch-0.1.54.jar:/home/runner/.m2/repository/org/apache/curator/curator-client/4.2.0/curator-client-4.2.0.jar:/home/runner/.m2/repository/org/apache/curator/curator-recipes/4.2.0/curator-recipes-4.2.0.jar:/home/runner/.m2/repository/org/apache/kerby/kerb-core/1.0.1/kerb-core-1.0.1.jar:/home/runner/.m2/repository/org/apache/kerby/kerby-pkix/1.0.1/kerby-pkix-1.0.1.jar:/home/runner/.m2/repository/org/apache/kerby/kerby-asn1/1.0.1/kerby-asn1-1.0.1.jar:/home/runner/.m2/repository/org/apache/kerby/kerby-util/1.0.1/kerby-util-1.0.1.jar:/home/runner/.m2/repository/dnsjava/dnsjava/2.1.7/dnsjava-2.1.7.jar:/home/runner/.m2/repository/org/xerial/snappy/snappy-java/1.1.8.2/snappy-java-1.1.8.2.jar:/home/runner/.m2/repository/org/slf4j/jul-to-slf4j/1.7.30/jul-to-slf4j-1.7.30.jar:/home/runner/.m2/repository/org/eclipse/jetty/jetty-util/9.4.43.v20210629/jetty-util-9.4.43.v20210629.jar:/home/runner/.m2/repository/com/fasterxml/jackson/core/jackson-databind/2.13.2.2/jackson-databind-2.13.2.2.jar:/home/runner/.m2/repository/org/apache/hadoop/hadoop-kms/3.3.1/hadoop-kms-3.3.1-tests.jar:/home/runner/.m2/repository/org/apache/ozone/hdds-server-scm/1.3.0-SNAPSHOT/hdds-server-scm-1.3.0-SNAPSHOT-tests.jar:/home/runner/.m2/repository/org/apache/ozone/hdds-container-service/1.3.0-SNAPSHOT/hdds-container-service-1.3.0-SNAPSHOT-tests.jar:/home/runner/.m2/repository/commons-codec/commons-codec/1.11/commons-codec-1.11.jar:/home/runner/.m2/repository/io/netty/netty-codec/4.1.74.Final/netty-codec-4.1.74.Final.jar:/home/runner/.m2/repository/io/netty/netty-handler/4.1.74.Final/netty-handler-4.1.74.Final.jar:/home/runner/.m2/repository/org/apache/ozone/hdds-hadoop-dependency-test/1.3.0-SNAPSHOT/hdds-hadoop-dependency-test-1.3.0-SNAPSHOT.jar:/home/runner/.m2/repository/org/apache/hadoop/hadoop-common/3.3.1/hadoop-common-3.3.1-tests.jar:/home/runner/.m2/repository/org/assertj/assertj-core/3.12.2/assertj-core-3.12.2.jar:/home/runner/.m2/repository/org/apache/hadoop/hadoop-hdfs/3.3.1/hadoop-hdfs-3.3.1-tests.jar:/home/runner/.m2/repository/org/eclipse/jetty/jetty-util-ajax/9.4.43.v20210629/jetty-util-ajax-9.4.43.v20210629.jar:/home/runner/.m2/repository/commons-daemon/commons-daemon/1.0.13/commons-daemon-1.0.13.jar:/home/runner/.m2/repository/io/netty/netty/3.10.6.Final/netty-3.10.6.Final.jar:/home/runner/.m2/repository/io/netty/netty-all/4.1.74.Final/netty-all-4.1.74.Final.jar:/home/runner/.m2/repository/io/netty/netty-codec-dns/4.1.74.Final/netty-codec-dns-4.1.74.Final.jar:/home/runner/.m2/repository/io/netty/netty-codec-haproxy/4.1.74.Final/netty-codec-haproxy-4.1.74.Final.jar:/home/runner/.m2/repository/io/netty/netty-codec-memcache/4.1.74.Final/netty-codec-memcache-4.1.74.Final.jar:/home/runner/.m2/repository/io/netty/netty-codec-mqtt/4.1.74.Final/netty-codec-mqtt-4.1.74.Final.jar:/home/runner/.m2/repository/io/netty/netty-codec-redis/4.1.74.Final/netty-codec-redis-4.1.74.Final.jar:/home/runner/.m2/repository/io/netty/netty-codec-smtp/4.1.74.Final/netty-codec-smtp-4.1.74.Final.jar:/home/runner/.m2/repository/io/netty/netty-codec-stomp/4.1.74.Final/netty-codec-stomp-4.1.74.Final.jar:/home/runner/.m2/repository/io/netty/netty-codec-xml/4.1.74.Final/netty-codec-xml-4.1.74.Final.jar:/home/runner/.m2/repository/io/netty/netty-resolver-dns/4.1.74.Final/netty-resolver-dns-4.1.74.Final.jar:/home/runner/.m2/repository/io/netty/netty-transport-rxtx/4.1.74.Final/netty-transport-rxtx-4.1.74.Final.jar:/home/runner/.m2/repository/io/netty/netty-transport-sctp/4.1.74.Final/netty-transport-sctp-4.1.74.Final.jar:/home/runner/.m2/repository/io/netty/netty-transport-udt/4.1.74.Final/netty-transport-udt-4.1.74.Final.jar:/home/runner/.m2/repository/io/netty/netty-transport-classes-kqueue/4.1.74.Final/netty-transport-classes-kqueue-4.1.74.Final.jar:/home/runner/.m2/repository/io/netty/netty-resolver-dns-classes-macos/4.1.74.Final/netty-resolver-dns-classes-macos-4.1.74.Final.jar:/home/runner/.m2/repository/io/netty/netty-transport-native-epoll/4.1.74.Final/netty-transport-native-epoll-4.1.74.Final-linux-aarch_64.jar:/home/runner/.m2/repository/io/netty/netty-transport-native-kqueue/4.1.74.Final/netty-transport-native-kqueue-4.1.74.Final-osx-x86_64.jar:/home/runner/.m2/repository/io/netty/netty-transport-native-kqueue/4.1.74.Final/netty-transport-native-kqueue-4.1.74.Final-osx-aarch_64.jar:/home/runner/.m2/repository/io/netty/netty-resolver-dns-native-macos/4.1.74.Final/netty-resolver-dns-native-macos-4.1.74.Final-osx-x86_64.jar:/home/runner/.m2/repository/io/netty/netty-resolver-dns-native-macos/4.1.74.Final/netty-resolver-dns-native-macos-4.1.74.Final-osx-aarch_64.jar:/home/runner/.m2/repository/org/apache/htrace/htrace-core4/4.1.0-incubating/htrace-core4-4.1.0-incubating.jar:/home/runner/.m2/repository/org/fusesource/leveldbjni/leveldbjni-all/1.8/leveldbjni-all-1.8.jar:/home/runner/.m2/repository/org/apache/hadoop/hadoop-distcp/3.3.1/hadoop-distcp-3.3.1.jar:/home/runner/.m2/repository/org/apache/hadoop/hadoop-mapreduce-client-jobclient/3.3.1/hadoop-mapreduce-client-jobclient-3.3.1.jar:/home/runner/.m2/repository/org/apache/hadoop/hadoop-mapreduce-client-common/3.3.1/hadoop-mapreduce-client-common-3.3.1.jar:/home/runner/.m2/repository/org/apache/hadoop/hadoop-yarn-common/3.3.1/hadoop-yarn-common-3.3.1.jar:/home/runner/.m2/repository/org/apache/hadoop/hadoop-yarn-api/3.3.1/hadoop-yarn-api-3.3.1.jar:/home/runner/.m2/repository/com/sun/jersey/contribs/jersey-guice/1.19/jersey-guice-1.19.jar:/home/runner/.m2/repository/com/fasterxml/jackson/jaxrs/jackson-jaxrs-json-provider/2.13.2/jackson-jaxrs-json-provider-2.13.2.jar:/home/runner/.m2/repository/com/fasterxml/jackson/jaxrs/jackson-jaxrs-base/2.13.2/jackson-jaxrs-base-2.13.2.jar:/home/runner/.m2/repository/org/apache/hadoop/hadoop-yarn-client/3.3.1/hadoop-yarn-client-3.3.1.jar:/home/runner/.m2/repository/org/eclipse/jetty/websocket/websocket-client/9.4.40.v20210413/websocket-client-9.4.40.v20210413.jar:/home/runner/.m2/repository/org/eclipse/jetty/websocket/websocket-common/9.4.40.v20210413/websocket-common-9.4.40.v20210413.jar:/home/runner/.m2/repository/org/eclipse/jetty/websocket/websocket-api/9.4.40.v20210413/websocket-api-9.4.40.v20210413.jar:/home/runner/.m2/repository/org/jline/jline/3.9.0/jline-3.9.0.jar:/home/runner/.m2/repository/org/apache/hadoop/hadoop-mapreduce-client-core/3.3.1/hadoop-mapreduce-client-core-3.3.1.jar:/home/runner/.m2/repository/org/apache/avro/avro/1.7.7/avro-1.7.7.jar:/home/runner/.m2/repository/org/codehaus/jackson/jackson-core-asl/1.9.13/jackson-core-asl-1.9.13.jar:/home/runner/.m2/repository/org/codehaus/jackson/jackson-mapper-asl/1.9.13/jackson-mapper-asl-1.9.13.jar:/home/runner/.m2/repository/com/thoughtworks/paranamer/paranamer/2.3/paranamer-2.3.jar:/home/runner/.m2/repository/org/apache/hadoop/hadoop-annotations/3.3.1/hadoop-annotations-3.3.1.jar:/usr/lib/jvm/temurin-8-jdk-amd64/jre/../lib/tools.jar:/home/runner/.m2/repository/org/apache/hadoop/hadoop-distcp/3.3.1/hadoop-distcp-3.3.1-tests.jar:/home/runner/.m2/repository/org/apache/ratis/ratis-common/2.3.0/ratis-common-2.3.0.jar:/home/runner/.m2/repository/org/apache/ratis/ratis-thirdparty-misc/1.0.0/ratis-thirdparty-misc-1.0.0.jar:/home/runner/.m2/repository/org/apache/ratis/ratis-proto/2.3.0/ratis-proto-2.3.0.jar:/home/runner/.m2/repository/org/apache/ozone/ozone-annotation-processing/1.3.0-SNAPSHOT/ozone-annotation-processing-1.3.0-SNAPSHOT.jar:"/>
    <property name="java.vm.vendor" value="Temurin"/>
    <property name="sun.arch.data.model" value="64"/>
    <property name="test.build.dir" value="/home/runner/work/ozone/ozone/hadoop-ozone/integration-test/target/test-dir"/>
    <property name="test.cache.data" value=""/>
    <property name="java.vendor.url" value="https://adoptium.net/"/>
    <property name="user.timezone" value="Etc/UTC"/>
    <property name="java.vm.specification.version" value="1.8"/>
    <property name="os.name" value="Linux"/>
    <property name="test.build.data" value="/home/runner/work/ozone/ozone/hadoop-ozone/integration-test/target/test-dir"/>
    <property name="sun.java.launcher" value="SUN_STANDARD"/>
    <property name="sun.boot.library.path" value="/usr/lib/jvm/temurin-8-jdk-amd64/jre/lib/amd64"/>
    <property name="sun.java.command" value="/home/runner/work/ozone/ozone/hadoop-ozone/integration-test/target/surefire/surefirebooter7120219227989937723.jar /home/runner/work/ozone/ozone/hadoop-ozone/integration-test/target/surefire 2022-07-12T22-38-47_909-jvmRun1 surefire2364806644371532866tmp surefire_242487847582003960491tmp"/>
    <property name="surefire.test.class.path" value="/home/runner/work/ozone/ozone/hadoop-ozone/integration-test/target/test-classes:/home/runner/work/ozone/ozone/hadoop-ozone/integration-test/target/classes:/home/runner/.m2/repository/org/apache/ozone/ozone-common/1.3.0-SNAPSHOT/ozone-common-1.3.0-SNAPSHOT.jar:/home/runner/.m2/repository/io/grpc/grpc-netty/1.44.0/grpc-netty-1.44.0.jar:/home/runner/.m2/repository/io/grpc/grpc-core/1.44.0/grpc-core-1.44.0.jar:/home/runner/.m2/repository/com/google/android/annotations/4.1.1.4/annotations-4.1.1.4.jar:/home/runner/.m2/repository/org/codehaus/mojo/animal-sniffer-annotations/1.19/animal-sniffer-annotations-1.19.jar:/home/runner/.m2/repository/com/google/errorprone/error_prone_annotations/2.2.0/error_prone_annotations-2.2.0.jar:/home/runner/.m2/repository/io/perfmark/perfmark-api/0.23.0/perfmark-api-0.23.0.jar:/home/runner/.m2/repository/io/netty/netty-codec-http2/4.1.74.Final/netty-codec-http2-4.1.74.Final.jar:/home/runner/.m2/repository/io/netty/netty-common/4.1.74.Final/netty-common-4.1.74.Final.jar:/home/runner/.m2/repository/io/netty/netty-buffer/4.1.74.Final/netty-buffer-4.1.74.Final.jar:/home/runner/.m2/repository/io/netty/netty-codec-http/4.1.74.Final/netty-codec-http-4.1.74.Final.jar:/home/runner/.m2/repository/io/netty/netty-handler-proxy/4.1.74.Final/netty-handler-proxy-4.1.74.Final.jar:/home/runner/.m2/repository/io/netty/netty-codec-socks/4.1.74.Final/netty-codec-socks-4.1.74.Final.jar:/home/runner/.m2/repository/io/netty/netty-tcnative-boringssl-static/2.0.48.Final/netty-tcnative-boringssl-static-2.0.48.Final.jar:/home/runner/.m2/repository/io/netty/netty-tcnative-classes/2.0.48.Final/netty-tcnative-classes-2.0.48.Final.jar:/home/runner/.m2/repository/io/netty/netty-tcnative/2.0.48.Final/netty-tcnative-2.0.48.Final.jar:/home/runner/.m2/repository/org/apache/commons/commons-compress/1.21/commons-compress-1.21.jar:/home/runner/.m2/repository/org/apache/ozone/hdds-common/1.3.0-SNAPSHOT/hdds-common-1.3.0-SNAPSHOT.jar:/home/runner/.m2/repository/org/apache/ozone/hdds-client/1.3.0-SNAPSHOT/hdds-client-1.3.0-SNAPSHOT.jar:/home/runner/.m2/repository/org/apache/ozone/ozone-interface-client/1.3.0-SNAPSHOT/ozone-interface-client-1.3.0-SNAPSHOT.jar:/home/runner/.m2/repository/org/apache/ozone/hdds-test-utils/1.3.0-SNAPSHOT/hdds-test-utils-1.3.0-SNAPSHOT.jar:/home/runner/.m2/repository/com/google/guava/guava/31.1-jre/guava-31.1-jre.jar:/home/runner/.m2/repository/com/google/guava/failureaccess/1.0.1/failureaccess-1.0.1.jar:/home/runner/.m2/repository/com/google/guava/listenablefuture/9999.0-empty-to-avoid-conflict-with-guava/listenablefuture-9999.0-empty-to-avoid-conflict-with-guava.jar:/home/runner/.m2/repository/com/google/code/findbugs/jsr305/3.0.0/jsr305-3.0.0.jar:/home/runner/.m2/repository/org/checkerframework/checker-qual/3.12.0/checker-qual-3.12.0.jar:/home/runner/.m2/repository/com/google/j2objc/j2objc-annotations/1.3/j2objc-annotations-1.3.jar:/home/runner/.m2/repository/commons-io/commons-io/2.11.0/commons-io-2.11.0.jar:/home/runner/.m2/repository/commons-logging/commons-logging/1.2/commons-logging-1.2.jar:/home/runner/.m2/repository/log4j/log4j/1.2.17/log4j-1.2.17.jar:/home/runner/.m2/repository/org/slf4j/slf4j-api/1.7.30/slf4j-api-1.7.30.jar:/home/runner/.m2/repository/org/apache/ozone/hdds-server-scm/1.3.0-SNAPSHOT/hdds-server-scm-1.3.0-SNAPSHOT.jar:/home/runner/.m2/repository/org/apache/ozone/hdds-container-service/1.3.0-SNAPSHOT/hdds-container-service-1.3.0-SNAPSHOT.jar:/home/runner/.m2/repository/org/apache/ozone/hdds-hadoop-dependency-server/1.3.0-SNAPSHOT/hdds-hadoop-dependency-server-1.3.0-SNAPSHOT.jar:/home/runner/.m2/repository/org/apache/hadoop/hadoop-hdfs/3.3.1/hadoop-hdfs-3.3.1.jar:/home/runner/.m2/repository/org/apache/ozone/hdds-server-framework/1.3.0-SNAPSHOT/hdds-server-framework-1.3.0-SNAPSHOT.jar:/home/runner/.m2/repository/org/apache/ozone/hdds-interface-server/1.3.0-SNAPSHOT/hdds-interface-server-1.3.0-SNAPSHOT.jar:/home/runner/.m2/repository/org/apache/logging/log4j/log4j-core/2.17.1/log4j-core-2.17.1.jar:/home/runner/.m2/repository/com/lmax/disruptor/3.4.2/disruptor-3.4.2.jar:/home/runner/.m2/repository/org/eclipse/jetty/jetty-servlet/9.4.43.v20210629/jetty-servlet-9.4.43.v20210629.jar:/home/runner/.m2/repository/org/eclipse/jetty/jetty-security/9.4.43.v20210629/jetty-security-9.4.43.v20210629.jar:/home/runner/.m2/repository/org/rocksdb/rocksdbjni/6.29.5/rocksdbjni-6.29.5.jar:/home/runner/.m2/repository/io/prometheus/simpleclient_dropwizard/0.7.0/simpleclient_dropwizard-0.7.0.jar:/home/runner/.m2/repository/io/prometheus/simpleclient/0.7.0/simpleclient-0.7.0.jar:/home/runner/.m2/repository/io/prometheus/simpleclient_common/0.7.0/simpleclient_common-0.7.0.jar:/home/runner/.m2/repository/io/dropwizard/metrics/metrics-core/3.2.4/metrics-core-3.2.4.jar:/home/runner/.m2/repository/org/apache/hadoop/hadoop-hdfs-client/3.3.1/hadoop-hdfs-client-3.3.1.jar:/home/runner/.m2/repository/org/bouncycastle/bcprov-jdk15on/1.67/bcprov-jdk15on-1.67.jar:/home/runner/.m2/repository/com/google/protobuf/protobuf-java/2.5.0/protobuf-java-2.5.0.jar:/home/runner/.m2/repository/org/apache/ozone/ozone-manager/1.3.0-SNAPSHOT/ozone-manager-1.3.0-SNAPSHOT.jar:/home/runner/.m2/repository/org/aspectj/aspectjrt/1.9.7/aspectjrt-1.9.7.jar:/home/runner/.m2/repository/org/aspectj/aspectjweaver/1.9.7/aspectjweaver-1.9.7.jar:/home/runner/.m2/repository/org/apache/ozone/hdds-interface-client/1.3.0-SNAPSHOT/hdds-interface-client-1.3.0-SNAPSHOT.jar:/home/runner/.m2/repository/org/apache/hadoop/thirdparty/hadoop-shaded-protobuf_3_7/1.1.1/hadoop-shaded-protobuf_3_7-1.1.1.jar:/home/runner/.m2/repository/org/apache/ozone/ozone-interface-storage/1.3.0-SNAPSHOT/ozone-interface-storage-1.3.0-SNAPSHOT.jar:/home/runner/.m2/repository/org/reflections/reflections/0.9.11/reflections-0.9.11.jar:/home/runner/.m2/repository/com/sun/jersey/jersey-client/1.19/jersey-client-1.19.jar:/home/runner/.m2/repository/org/apache/ranger/ranger-intg/3.0.0-SNAPSHOT/ranger-intg-3.0.0-SNAPSHOT.jar:/home/runner/.m2/repository/org/apache/ranger/ranger-plugins-common/3.0.0-SNAPSHOT/ranger-plugins-common-3.0.0-SNAPSHOT.jar:/home/runner/.m2/repository/commons-lang/commons-lang/2.6/commons-lang-2.6.jar:/home/runner/.m2/repository/org/codehaus/jackson/jackson-jaxrs/1.9.13/jackson-jaxrs-1.9.13.jar:/home/runner/.m2/repository/org/apache/ranger/ranger-plugins-cred/3.0.0-SNAPSHOT/ranger-plugins-cred-3.0.0-SNAPSHOT.jar:/home/runner/.m2/repository/org/apache/ranger/ranger-plugins-audit/3.0.0-SNAPSHOT/ranger-plugins-audit-3.0.0-SNAPSHOT.jar:/home/runner/.m2/repository/org/apache/kafka/kafka-clients/2.8.1/kafka-clients-2.8.1.jar:/home/runner/.m2/repository/com/github/luben/zstd-jni/1.4.9-1/zstd-jni-1.4.9-1.jar:/home/runner/.m2/repository/org/apache/solr/solr-solrj/8.11.2/solr-solrj-8.11.2.jar:/home/runner/.m2/repository/org/eclipse/jetty/jetty-client/9.4.44.v20210927/jetty-client-9.4.44.v20210927.jar:/home/runner/.m2/repository/org/apache/httpcomponents/httpmime/4.5.13/httpmime-4.5.13.jar:/home/runner/.m2/repository/org/apache/httpcomponents/httpcore-nio/4.4.14/httpcore-nio-4.4.14.jar:/home/runner/.m2/repository/org/apache/httpcomponents/httpasyncclient/4.1.4/httpasyncclient-4.1.4.jar:/home/runner/.m2/repository/com/carrotsearch/hppc/0.8.0/hppc-0.8.0.jar:/home/runner/.m2/repository/org/apache/hive/hive-storage-api/2.7.2/hive-storage-api-2.7.2.jar:/home/runner/.m2/repository/org/apache/orc/orc-core/1.5.8/orc-core-1.5.8.jar:/home/runner/.m2/repository/com/amazonaws/aws-java-sdk-bundle/1.12.125/aws-java-sdk-bundle-1.12.125.jar:/home/runner/.m2/repository/net/java/dev/jna/jna/5.2.0/jna-5.2.0.jar:/home/runner/.m2/repository/net/java/dev/jna/jna-platform/5.2.0/jna-platform-5.2.0.jar:/home/runner/.m2/repository/com/kstruct/gethostname4j/0.0.2/gethostname4j-0.0.2.jar:/home/runner/.m2/repository/org/apache/ranger/ranger-plugin-classloader/3.0.0-SNAPSHOT/ranger-plugin-classloader-3.0.0-SNAPSHOT.jar:/home/runner/.m2/repository/org/apache/hadoop/hadoop-minikdc/3.3.1/hadoop-minikdc-3.3.1.jar:/home/runner/.m2/repository/org/apache/kerby/kerb-simplekdc/1.0.1/kerb-simplekdc-1.0.1.jar:/home/runner/.m2/repository/org/apache/kerby/kerb-client/1.0.1/kerb-client-1.0.1.jar:/home/runner/.m2/repository/org/apache/kerby/kerby-config/1.0.1/kerby-config-1.0.1.jar:/home/runner/.m2/repository/org/apache/kerby/kerb-common/1.0.1/kerb-common-1.0.1.jar:/home/runner/.m2/repository/org/apache/kerby/kerb-crypto/1.0.1/kerb-crypto-1.0.1.jar:/home/runner/.m2/repository/org/apache/kerby/kerb-util/1.0.1/kerb-util-1.0.1.jar:/home/runner/.m2/repository/org/apache/kerby/token-provider/1.0.1/token-provider-1.0.1.jar:/home/runner/.m2/repository/org/apache/kerby/kerb-admin/1.0.1/kerb-admin-1.0.1.jar:/home/runner/.m2/repository/org/apache/kerby/kerb-server/1.0.1/kerb-server-1.0.1.jar:/home/runner/.m2/repository/org/apache/kerby/kerb-identity/1.0.1/kerb-identity-1.0.1.jar:/home/runner/.m2/repository/org/apache/kerby/kerby-xdr/1.0.1/kerby-xdr-1.0.1.jar:/home/runner/.m2/repository/org/slf4j/slf4j-log4j12/1.7.30/slf4j-log4j12-1.7.30.jar:/home/runner/.m2/repository/org/apache/ozone/ozone-s3gateway/1.3.0-SNAPSHOT/ozone-s3gateway-1.3.0-SNAPSHOT.jar:/home/runner/.m2/repository/org/javassist/javassist/3.21.0-GA/javassist-3.21.0-GA.jar:/home/runner/.m2/repository/org/jboss/weld/servlet/weld-servlet/2.4.7.Final/weld-servlet-2.4.7.Final.jar:/home/runner/.m2/repository/org/glassfish/jersey/containers/jersey-container-servlet-core/2.33/jersey-container-servlet-core-2.33.jar:/home/runner/.m2/repository/org/glassfish/hk2/external/jakarta.inject/2.6.1/jakarta.inject-2.6.1.jar:/home/runner/.m2/repository/org/glassfish/jersey/core/jersey-common/2.33/jersey-common-2.33.jar:/home/runner/.m2/repository/jakarta/ws/rs/jakarta.ws.rs-api/2.1.6/jakarta.ws.rs-api-2.1.6.jar:/home/runner/.m2/repository/org/glassfish/jersey/ext/cdi/jersey-cdi1x/2.33/jersey-cdi1x-2.33.jar:/home/runner/.m2/repository/org/glassfish/jersey/inject/jersey-hk2/2.33/jersey-hk2-2.33.jar:/home/runner/.m2/repository/org/glassfish/hk2/hk2-locator/2.6.1/hk2-locator-2.6.1.jar:/home/runner/.m2/repository/org/glassfish/jersey/media/jersey-media-jaxb/2.33/jersey-media-jaxb-2.33.jar:/home/runner/.m2/repository/org/glassfish/hk2/osgi-resource-locator/1.0.3/osgi-resource-locator-1.0.3.jar:/home/runner/.m2/repository/org/glassfish/hk2/hk2-api/2.5.0/hk2-api-2.5.0.jar:/home/runner/.m2/repository/org/glassfish/hk2/hk2-utils/2.5.0/hk2-utils-2.5.0.jar:/home/runner/.m2/repository/org/glassfish/hk2/external/aopalliance-repackaged/2.5.0/aopalliance-repackaged-2.5.0.jar:/home/runner/.m2/repository/com/fasterxml/jackson/dataformat/jackson-dataformat-xml/2.13.2/jackson-dataformat-xml-2.13.2.jar:/home/runner/.m2/repository/com/fasterxml/jackson/core/jackson-core/2.13.2/jackson-core-2.13.2.jar:/home/runner/.m2/repository/org/codehaus/woodstox/stax2-api/3.1.4/stax2-api-3.1.4.jar:/home/runner/.m2/repository/com/fasterxml/woodstox/woodstox-core/5.0.3/woodstox-core-5.0.3.jar:/home/runner/.m2/repository/com/fasterxml/jackson/module/jackson-module-jaxb-annotations/2.13.2/jackson-module-jaxb-annotations-2.13.2.jar:/home/runner/.m2/repository/jakarta/xml/bind/jakarta.xml.bind-api/2.3.3/jakarta.xml.bind-api-2.3.3.jar:/home/runner/.m2/repository/jakarta/activation/jakarta.activation-api/1.2.1/jakarta.activation-api-1.2.1.jar:/home/runner/.m2/repository/javax/enterprise/cdi-api/1.2/cdi-api-1.2.jar:/home/runner/.m2/repository/javax/el/javax.el-api/3.0.0/javax.el-api-3.0.0.jar:/home/runner/.m2/repository/javax/interceptor/javax.interceptor-api/1.2/javax.interceptor-api-1.2.jar:/home/runner/.m2/repository/javax/inject/javax.inject/1/javax.inject-1.jar:/home/runner/.m2/repository/javax/xml/bind/jaxb-api/2.3.0/jaxb-api-2.3.0.jar:/home/runner/.m2/repository/org/glassfish/jaxb/jaxb-runtime/2.3.0.1/jaxb-runtime-2.3.0.1.jar:/home/runner/.m2/repository/org/glassfish/jaxb/jaxb-core/2.3.0.1/jaxb-core-2.3.0.1.jar:/home/runner/.m2/repository/org/glassfish/jaxb/txw2/2.3.0.1/txw2-2.3.0.1.jar:/home/runner/.m2/repository/com/sun/istack/istack-commons-runtime/3.0.5/istack-commons-runtime-3.0.5.jar:/home/runner/.m2/repository/org/jvnet/staxex/stax-ex/1.7.8/stax-ex-1.7.8.jar:/home/runner/.m2/repository/com/sun/xml/fastinfoset/FastInfoset/1.2.13/FastInfoset-1.2.13.jar:/home/runner/.m2/repository/javax/activation/activation/1.1.1/activation-1.1.1.jar:/home/runner/.m2/repository/io/grpc/grpc-protobuf/1.44.0/grpc-protobuf-1.44.0.jar:/home/runner/.m2/repository/io/grpc/grpc-api/1.44.0/grpc-api-1.44.0.jar:/home/runner/.m2/repository/io/grpc/grpc-context/1.44.0/grpc-context-1.44.0.jar:/home/runner/.m2/repository/com/google/api/grpc/proto-google-common-protos/2.0.1/proto-google-common-protos-2.0.1.jar:/home/runner/.m2/repository/io/grpc/grpc-protobuf-lite/1.44.0/grpc-protobuf-lite-1.44.0.jar:/home/runner/.m2/repository/io/grpc/grpc-stub/1.44.0/grpc-stub-1.44.0.jar:/home/runner/.m2/repository/io/netty/netty-transport/4.1.74.Final/netty-transport-4.1.74.Final.jar:/home/runner/.m2/repository/io/netty/netty-resolver/4.1.74.Final/netty-resolver-4.1.74.Final.jar:/home/runner/.m2/repository/org/apache/ozone/ozone-csi/1.3.0-SNAPSHOT/ozone-csi-1.3.0-SNAPSHOT.jar:/home/runner/.m2/repository/com/google/protobuf/protobuf-java-util/3.19.2/protobuf-java-util-3.19.2.jar:/home/runner/.m2/repository/com/google/code/gson/gson/2.9.0/gson-2.9.0.jar:/home/runner/.m2/repository/org/apache/ozone/hdds-config/1.3.0-SNAPSHOT/hdds-config-1.3.0-SNAPSHOT.jar:/home/runner/.m2/repository/io/netty/netty-transport-native-epoll/4.1.74.Final/netty-transport-native-epoll-4.1.74.Final-linux-x86_64.jar:/home/runner/.m2/repository/io/netty/netty-transport-classes-epoll/4.1.74.Final/netty-transport-classes-epoll-4.1.74.Final.jar:/home/runner/.m2/repository/io/netty/netty-transport-native-unix-common/4.1.74.Final/netty-transport-native-unix-common-4.1.74.Final.jar:/home/runner/.m2/repository/org/apache/ozone/ozone-recon/1.3.0-SNAPSHOT/ozone-recon-1.3.0-SNAPSHOT.jar:/home/runner/.m2/repository/org/apache/ozone/ozone-reconcodegen/1.3.0-SNAPSHOT/ozone-reconcodegen-1.3.0-SNAPSHOT.jar:/home/runner/.m2/repository/com/google/inject/extensions/guice-multibindings/4.0/guice-multibindings-4.0.jar:/home/runner/.m2/repository/com/google/inject/guice/4.0/guice-4.0.jar:/home/runner/.m2/repository/aopalliance/aopalliance/1.0/aopalliance-1.0.jar:/home/runner/.m2/repository/com/google/inject/extensions/guice-assistedinject/4.0/guice-assistedinject-4.0.jar:/home/runner/.m2/repository/com/google/inject/extensions/guice-servlet/4.0/guice-servlet-4.0.jar:/home/runner/.m2/repository/org/glassfish/jersey/containers/jersey-container-servlet/2.33/jersey-container-servlet-2.33.jar:/home/runner/.m2/repository/org/glassfish/hk2/guice-bridge/2.5.0/guice-bridge-2.5.0.jar:/home/runner/.m2/repository/org/glassfish/jersey/core/jersey-server/2.33/jersey-server-2.33.jar:/home/runner/.m2/repository/org/glassfish/jersey/core/jersey-client/2.33/jersey-client-2.33.jar:/home/runner/.m2/repository/jakarta/annotation/jakarta.annotation-api/1.3.5/jakarta.annotation-api-1.3.5.jar:/home/runner/.m2/repository/jakarta/validation/jakarta.validation-api/2.0.2/jakarta.validation-api-2.0.2.jar:/home/runner/.m2/repository/org/glassfish/jersey/media/jersey-media-json-jackson/2.33/jersey-media-json-jackson-2.33.jar:/home/runner/.m2/repository/org/glassfish/jersey/ext/jersey-entity-filtering/2.33/jersey-entity-filtering-2.33.jar:/home/runner/.m2/repository/org/jooq/jooq/3.11.10/jooq-3.11.10.jar:/home/runner/.m2/repository/org/jooq/jooq-meta/3.11.10/jooq-meta-3.11.10.jar:/home/runner/.m2/repository/org/jooq/jooq-codegen/3.11.10/jooq-codegen-3.11.10.jar:/home/runner/.m2/repository/com/jolbox/bonecp/0.8.0.RELEASE/bonecp-0.8.0.RELEASE.jar:/home/runner/.m2/repository/org/apache/derby/derby/10.14.2.0/derby-10.14.2.0.jar:/home/runner/.m2/repository/org/xerial/sqlite-jdbc/3.25.2/sqlite-jdbc-3.25.2.jar:/home/runner/.m2/repository/org/springframework/spring-jdbc/5.2.20.RELEASE/spring-jdbc-5.2.20.RELEASE.jar:/home/runner/.m2/repository/org/springframework/spring-beans/5.2.20.RELEASE/spring-beans-5.2.20.RELEASE.jar:/home/runner/.m2/repository/org/springframework/spring-core/5.2.20.RELEASE/spring-core-5.2.20.RELEASE.jar:/home/runner/.m2/repository/org/springframework/spring-jcl/5.2.20.RELEASE/spring-jcl-5.2.20.RELEASE.jar:/home/runner/.m2/repository/org/springframework/spring-tx/5.2.20.RELEASE/spring-tx-5.2.20.RELEASE.jar:/home/runner/.m2/repository/org/apache/ozone/ozone-client/1.3.0-SNAPSHOT/ozone-client-1.3.0-SNAPSHOT.jar:/home/runner/.m2/repository/org/apache/ozone/hdds-erasurecode/1.3.0-SNAPSHOT/hdds-erasurecode-1.3.0-SNAPSHOT.jar:/home/runner/.m2/repository/com/github/spotbugs/spotbugs-annotations/3.1.12/spotbugs-annotations-3.1.12.jar:/home/runner/.m2/repository/org/apache/ozone/ozone-filesystem/1.3.0-SNAPSHOT/ozone-filesystem-1.3.0-SNAPSHOT.jar:/home/runner/.m2/repository/org/apache/ozone/ozone-filesystem-common/1.3.0-SNAPSHOT/ozone-filesystem-common-1.3.0-SNAPSHOT.jar:/home/runner/.m2/repository/org/apache/ozone/ozone-tools/1.3.0-SNAPSHOT/ozone-tools-1.3.0-SNAPSHOT.jar:/home/runner/.m2/repository/org/apache/ratis/ratis-tools/2.3.0/ratis-tools-2.3.0.jar:/home/runner/.m2/repository/com/amazonaws/aws-java-sdk-core/1.12.124/aws-java-sdk-core-1.12.124.jar:/home/runner/.m2/repository/org/apache/httpcomponents/httpclient/4.5.13/httpclient-4.5.13.jar:/home/runner/.m2/repository/org/apache/httpcomponents/httpcore/4.4.13/httpcore-4.4.13.jar:/home/runner/.m2/repository/software/amazon/ion/ion-java/1.0.2/ion-java-1.0.2.jar:/home/runner/.m2/repository/com/fasterxml/jackson/dataformat/jackson-dataformat-cbor/2.13.2/jackson-dataformat-cbor-2.13.2.jar:/home/runner/.m2/repository/joda-time/joda-time/2.8.1/joda-time-2.8.1.jar:/home/runner/.m2/repository/com/amazonaws/aws-java-sdk-s3/1.12.124/aws-java-sdk-s3-1.12.124.jar:/home/runner/.m2/repository/com/amazonaws/aws-java-sdk-kms/1.12.124/aws-java-sdk-kms-1.12.124.jar:/home/runner/.m2/repository/com/amazonaws/jmespath-java/1.12.124/jmespath-java-1.12.124.jar:/home/runner/.m2/repository/org/kohsuke/metainf-services/metainf-services/1.8/metainf-services-1.8.jar:/home/runner/.m2/repository/org/apache/ozone/hdds-tools/1.3.0-SNAPSHOT/hdds-tools-1.3.0-SNAPSHOT.jar:/home/runner/.m2/repository/commons-cli/commons-cli/1.2/commons-cli-1.2.jar:/home/runner/.m2/repository/org/apache/commons/commons-lang3/3.7/commons-lang3-3.7.jar:/home/runner/.m2/repository/org/apache/ozone/ozone-manager/1.3.0-SNAPSHOT/ozone-manager-1.3.0-SNAPSHOT-tests.jar:/home/runner/.m2/repository/org/apache/ozone/hdds-common/1.3.0-SNAPSHOT/hdds-common-1.3.0-SNAPSHOT-tests.jar:/home/runner/.m2/repository/org/apache/ozone/hdds-hadoop-dependency-client/1.3.0-SNAPSHOT/hdds-hadoop-dependency-client-1.3.0-SNAPSHOT.jar:/home/runner/.m2/repository/info/picocli/picocli/4.6.1/picocli-4.6.1.jar:/home/runner/.m2/repository/com/fasterxml/jackson/core/jackson-annotations/2.13.2/jackson-annotations-2.13.2.jar:/home/runner/.m2/repository/com/fasterxml/jackson/datatype/jackson-datatype-jsr310/2.13.2/jackson-datatype-jsr310-2.13.2.jar:/home/runner/.m2/repository/javax/annotation/javax.annotation-api/1.2/javax.annotation-api-1.2.jar:/home/runner/.m2/repository/org/apache/ratis/ratis-server/2.3.0/ratis-server-2.3.0.jar:/home/runner/.m2/repository/org/apache/ratis/ratis-client/2.3.0/ratis-client-2.3.0.jar:/home/runner/.m2/repository/org/apache/ratis/ratis-server-api/2.3.0/ratis-server-api-2.3.0.jar:/home/runner/.m2/repository/org/apache/ratis/ratis-metrics/2.3.0/ratis-metrics-2.3.0.jar:/home/runner/.m2/repository/org/apache/ratis/ratis-netty/2.3.0/ratis-netty-2.3.0.jar:/home/runner/.m2/repository/org/apache/ratis/ratis-grpc/2.3.0/ratis-grpc-2.3.0.jar:/home/runner/.m2/repository/org/apache/logging/log4j/log4j-api/2.17.1/log4j-api-2.17.1.jar:/home/runner/.m2/repository/org/apache/commons/commons-pool2/2.6.0/commons-pool2-2.6.0.jar:/home/runner/.m2/repository/org/bouncycastle/bcpkix-jdk15on/1.67/bcpkix-jdk15on-1.67.jar:/home/runner/.m2/repository/commons-validator/commons-validator/1.6/commons-validator-1.6.jar:/home/runner/.m2/repository/commons-beanutils/commons-beanutils/1.9.4/commons-beanutils-1.9.4.jar:/home/runner/.m2/repository/commons-digester/commons-digester/1.8.1/commons-digester-1.8.1.jar:/home/runner/.m2/repository/commons-collections/commons-collections/3.2.2/commons-collections-3.2.2.jar:/home/runner/.m2/repository/io/jaegertracing/jaeger-client/1.6.0/jaeger-client-1.6.0.jar:/home/runner/.m2/repository/io/jaegertracing/jaeger-thrift/1.6.0/jaeger-thrift-1.6.0.jar:/home/runner/.m2/repository/org/apache/thrift/libthrift/0.14.1/libthrift-0.14.1.jar:/home/runner/.m2/repository/com/squareup/okhttp3/okhttp/4.9.0/okhttp-4.9.0.jar:/home/runner/.m2/repository/com/squareup/okio/okio/2.8.0/okio-2.8.0.jar:/home/runner/.m2/repository/io/jaegertracing/jaeger-core/1.6.0/jaeger-core-1.6.0.jar:/home/runner/.m2/repository/io/jaegertracing/jaeger-tracerresolver/1.6.0/jaeger-tracerresolver-1.6.0.jar:/home/runner/.m2/repository/io/opentracing/contrib/opentracing-tracerresolver/0.1.8/opentracing-tracerresolver-0.1.8.jar:/home/runner/.m2/repository/org/jetbrains/kotlin/kotlin-stdlib/1.6.21/kotlin-stdlib-1.6.21.jar:/home/runner/.m2/repository/org/jetbrains/kotlin/kotlin-stdlib-common/1.6.21/kotlin-stdlib-common-1.6.21.jar:/home/runner/.m2/repository/org/jetbrains/annotations/13.0/annotations-13.0.jar:/home/runner/.m2/repository/io/opentracing/opentracing-util/0.33.0/opentracing-util-0.33.0.jar:/home/runner/.m2/repository/io/opentracing/opentracing-api/0.33.0/opentracing-api-0.33.0.jar:/home/runner/.m2/repository/io/opentracing/opentracing-noop/0.33.0/opentracing-noop-0.33.0.jar:/home/runner/.m2/repository/org/yaml/snakeyaml/1.26/snakeyaml-1.26.jar:/home/runner/.m2/repository/org/apache/ozone/hdds-interface-admin/1.3.0-SNAPSHOT/hdds-interface-admin-1.3.0-SNAPSHOT.jar:/home/runner/.m2/repository/junit/junit/4.13.1/junit-4.13.1.jar:/home/runner/.m2/repository/org/hamcrest/hamcrest-core/1.3/hamcrest-core-1.3.jar:/home/runner/.m2/repository/org/junit/jupiter/junit-jupiter-api/5.8.2/junit-jupiter-api-5.8.2.jar:/home/runner/.m2/repository/org/opentest4j/opentest4j/1.2.0/opentest4j-1.2.0.jar:/home/runner/.m2/repository/org/junit/platform/junit-platform-commons/1.8.2/junit-platform-commons-1.8.2.jar:/home/runner/.m2/repository/org/apiguardian/apiguardian-api/1.1.2/apiguardian-api-1.1.2.jar:/home/runner/.m2/repository/org/junit/jupiter/junit-jupiter-params/5.8.2/junit-jupiter-params-5.8.2.jar:/home/runner/.m2/repository/org/junit/jupiter/junit-jupiter-migrationsupport/5.8.2/junit-jupiter-migrationsupport-5.8.2.jar:/home/runner/.m2/repository/org/junit/jupiter/junit-jupiter-engine/5.8.2/junit-jupiter-engine-5.8.2.jar:/home/runner/.m2/repository/org/junit/platform/junit-platform-engine/1.8.2/junit-platform-engine-1.8.2.jar:/home/runner/.m2/repository/org/junit/vintage/junit-vintage-engine/5.8.2/junit-vintage-engine-5.8.2.jar:/home/runner/.m2/repository/org/junit/platform/junit-platform-launcher/1.8.2/junit-platform-launcher-1.8.2.jar:/home/runner/.m2/repository/org/mockito/mockito-core/2.28.2/mockito-core-2.28.2.jar:/home/runner/.m2/repository/net/bytebuddy/byte-buddy/1.9.10/byte-buddy-1.9.10.jar:/home/runner/.m2/repository/net/bytebuddy/byte-buddy-agent/1.9.10/byte-buddy-agent-1.9.10.jar:/home/runner/.m2/repository/org/objenesis/objenesis/1.0/objenesis-1.0.jar:/home/runner/.m2/repository/org/apache/hadoop/hadoop-kms/3.3.1/hadoop-kms-3.3.1.jar:/home/runner/.m2/repository/org/apache/hadoop/hadoop-auth/3.3.1/hadoop-auth-3.3.1.jar:/home/runner/.m2/repository/com/nimbusds/nimbus-jose-jwt/7.9/nimbus-jose-jwt-7.9.jar:/home/runner/.m2/repository/com/github/stephenc/jcip/jcip-annotations/1.0-1/jcip-annotations-1.0-1.jar:/home/runner/.m2/repository/net/minidev/json-smart/2.4.7/json-smart-2.4.7.jar:/home/runner/.m2/repository/net/minidev/accessors-smart/2.4.7/accessors-smart-2.4.7.jar:/home/runner/.m2/repository/org/ow2/asm/asm/5.0.4/asm-5.0.4.jar:/home/runner/.m2/repository/org/apache/zookeeper/zookeeper/3.5.6/zookeeper-3.5.6.jar:/home/runner/.m2/repository/org/apache/zookeeper/zookeeper-jute/3.5.6/zookeeper-jute-3.5.6.jar:/home/runner/.m2/repository/org/apache/yetus/audience-annotations/0.5.0/audience-annotations-0.5.0.jar:/home/runner/.m2/repository/org/apache/curator/curator-framework/4.2.0/curator-framework-4.2.0.jar:/home/runner/.m2/repository/org/apache/hadoop/thirdparty/hadoop-shaded-guava/1.1.1/hadoop-shaded-guava-1.1.1.jar:/home/runner/.m2/repository/com/sun/jersey/jersey-core/1.19/jersey-core-1.19.jar:/home/runner/.m2/repository/javax/ws/rs/jsr311-api/1.1.1/jsr311-api-1.1.1.jar:/home/runner/.m2/repository/com/sun/jersey/jersey-server/1.19/jersey-server-1.19.jar:/home/runner/.m2/repository/javax/servlet/javax.servlet-api/3.1.0/javax.servlet-api-3.1.0.jar:/home/runner/.m2/repository/org/eclipse/jetty/jetty-server/9.4.43.v20210629/jetty-server-9.4.43.v20210629.jar:/home/runner/.m2/repository/org/eclipse/jetty/jetty-http/9.4.43.v20210629/jetty-http-9.4.43.v20210629.jar:/home/runner/.m2/repository/org/eclipse/jetty/jetty-io/9.4.43.v20210629/jetty-io-9.4.43.v20210629.jar:/home/runner/.m2/repository/org/eclipse/jetty/jetty-webapp/9.4.43.v20210629/jetty-webapp-9.4.43.v20210629.jar:/home/runner/.m2/repository/org/eclipse/jetty/jetty-xml/9.4.43.v20210629/jetty-xml-9.4.43.v20210629.jar:/home/runner/.m2/repository/org/apache/hadoop/hadoop-common/3.3.1/hadoop-common-3.3.1.jar:/home/runner/.m2/repository/org/apache/commons/commons-math3/3.1.1/commons-math3-3.1.1.jar:/home/runner/.m2/repository/commons-net/commons-net/3.6/commons-net-3.6.jar:/home/runner/.m2/repository/com/sun/jersey/jersey-servlet/1.19/jersey-servlet-1.19.jar:/home/runner/.m2/repository/com/sun/jersey/jersey-json/1.19/jersey-json-1.19.jar:/home/runner/.m2/repository/org/codehaus/jettison/jettison/1.1/jettison-1.1.jar:/home/runner/.m2/repository/com/sun/xml/bind/jaxb-impl/2.2.3-1/jaxb-impl-2.2.3-1.jar:/home/runner/.m2/repository/org/codehaus/jackson/jackson-xc/1.9.2/jackson-xc-1.9.2.jar:/home/runner/.m2/repository/org/apache/commons/commons-configuration2/2.1.1/commons-configuration2-2.1.1.jar:/home/runner/.m2/repository/org/apache/commons/commons-text/1.4/commons-text-1.4.jar:/home/runner/.m2/repository/com/google/re2j/re2j/1.1/re2j-1.1.jar:/home/runner/.m2/repository/com/jcraft/jsch/0.1.54/jsch-0.1.54.jar:/home/runner/.m2/repository/org/apache/curator/curator-client/4.2.0/curator-client-4.2.0.jar:/home/runner/.m2/repository/org/apache/curator/curator-recipes/4.2.0/curator-recipes-4.2.0.jar:/home/runner/.m2/repository/org/apache/kerby/kerb-core/1.0.1/kerb-core-1.0.1.jar:/home/runner/.m2/repository/org/apache/kerby/kerby-pkix/1.0.1/kerby-pkix-1.0.1.jar:/home/runner/.m2/repository/org/apache/kerby/kerby-asn1/1.0.1/kerby-asn1-1.0.1.jar:/home/runner/.m2/repository/org/apache/kerby/kerby-util/1.0.1/kerby-util-1.0.1.jar:/home/runner/.m2/repository/dnsjava/dnsjava/2.1.7/dnsjava-2.1.7.jar:/home/runner/.m2/repository/org/xerial/snappy/snappy-java/1.1.8.2/snappy-java-1.1.8.2.jar:/home/runner/.m2/repository/org/slf4j/jul-to-slf4j/1.7.30/jul-to-slf4j-1.7.30.jar:/home/runner/.m2/repository/org/eclipse/jetty/jetty-util/9.4.43.v20210629/jetty-util-9.4.43.v20210629.jar:/home/runner/.m2/repository/com/fasterxml/jackson/core/jackson-databind/2.13.2.2/jackson-databind-2.13.2.2.jar:/home/runner/.m2/repository/org/apache/hadoop/hadoop-kms/3.3.1/hadoop-kms-3.3.1-tests.jar:/home/runner/.m2/repository/org/apache/ozone/hdds-server-scm/1.3.0-SNAPSHOT/hdds-server-scm-1.3.0-SNAPSHOT-tests.jar:/home/runner/.m2/repository/org/apache/ozone/hdds-container-service/1.3.0-SNAPSHOT/hdds-container-service-1.3.0-SNAPSHOT-tests.jar:/home/runner/.m2/repository/commons-codec/commons-codec/1.11/commons-codec-1.11.jar:/home/runner/.m2/repository/io/netty/netty-codec/4.1.74.Final/netty-codec-4.1.74.Final.jar:/home/runner/.m2/repository/io/netty/netty-handler/4.1.74.Final/netty-handler-4.1.74.Final.jar:/home/runner/.m2/repository/org/apache/ozone/hdds-hadoop-dependency-test/1.3.0-SNAPSHOT/hdds-hadoop-dependency-test-1.3.0-SNAPSHOT.jar:/home/runner/.m2/repository/org/apache/hadoop/hadoop-common/3.3.1/hadoop-common-3.3.1-tests.jar:/home/runner/.m2/repository/org/assertj/assertj-core/3.12.2/assertj-core-3.12.2.jar:/home/runner/.m2/repository/org/apache/hadoop/hadoop-hdfs/3.3.1/hadoop-hdfs-3.3.1-tests.jar:/home/runner/.m2/repository/org/eclipse/jetty/jetty-util-ajax/9.4.43.v20210629/jetty-util-ajax-9.4.43.v20210629.jar:/home/runner/.m2/repository/commons-daemon/commons-daemon/1.0.13/commons-daemon-1.0.13.jar:/home/runner/.m2/repository/io/netty/netty/3.10.6.Final/netty-3.10.6.Final.jar:/home/runner/.m2/repository/io/netty/netty-all/4.1.74.Final/netty-all-4.1.74.Final.jar:/home/runner/.m2/repository/io/netty/netty-codec-dns/4.1.74.Final/netty-codec-dns-4.1.74.Final.jar:/home/runner/.m2/repository/io/netty/netty-codec-haproxy/4.1.74.Final/netty-codec-haproxy-4.1.74.Final.jar:/home/runner/.m2/repository/io/netty/netty-codec-memcache/4.1.74.Final/netty-codec-memcache-4.1.74.Final.jar:/home/runner/.m2/repository/io/netty/netty-codec-mqtt/4.1.74.Final/netty-codec-mqtt-4.1.74.Final.jar:/home/runner/.m2/repository/io/netty/netty-codec-redis/4.1.74.Final/netty-codec-redis-4.1.74.Final.jar:/home/runner/.m2/repository/io/netty/netty-codec-smtp/4.1.74.Final/netty-codec-smtp-4.1.74.Final.jar:/home/runner/.m2/repository/io/netty/netty-codec-stomp/4.1.74.Final/netty-codec-stomp-4.1.74.Final.jar:/home/runner/.m2/repository/io/netty/netty-codec-xml/4.1.74.Final/netty-codec-xml-4.1.74.Final.jar:/home/runner/.m2/repository/io/netty/netty-resolver-dns/4.1.74.Final/netty-resolver-dns-4.1.74.Final.jar:/home/runner/.m2/repository/io/netty/netty-transport-rxtx/4.1.74.Final/netty-transport-rxtx-4.1.74.Final.jar:/home/runner/.m2/repository/io/netty/netty-transport-sctp/4.1.74.Final/netty-transport-sctp-4.1.74.Final.jar:/home/runner/.m2/repository/io/netty/netty-transport-udt/4.1.74.Final/netty-transport-udt-4.1.74.Final.jar:/home/runner/.m2/repository/io/netty/netty-transport-classes-kqueue/4.1.74.Final/netty-transport-classes-kqueue-4.1.74.Final.jar:/home/runner/.m2/repository/io/netty/netty-resolver-dns-classes-macos/4.1.74.Final/netty-resolver-dns-classes-macos-4.1.74.Final.jar:/home/runner/.m2/repository/io/netty/netty-transport-native-epoll/4.1.74.Final/netty-transport-native-epoll-4.1.74.Final-linux-aarch_64.jar:/home/runner/.m2/repository/io/netty/netty-transport-native-kqueue/4.1.74.Final/netty-transport-native-kqueue-4.1.74.Final-osx-x86_64.jar:/home/runner/.m2/repository/io/netty/netty-transport-native-kqueue/4.1.74.Final/netty-transport-native-kqueue-4.1.74.Final-osx-aarch_64.jar:/home/runner/.m2/repository/io/netty/netty-resolver-dns-native-macos/4.1.74.Final/netty-resolver-dns-native-macos-4.1.74.Final-osx-x86_64.jar:/home/runner/.m2/repository/io/netty/netty-resolver-dns-native-macos/4.1.74.Final/netty-resolver-dns-native-macos-4.1.74.Final-osx-aarch_64.jar:/home/runner/.m2/repository/org/apache/htrace/htrace-core4/4.1.0-incubating/htrace-core4-4.1.0-incubating.jar:/home/runner/.m2/repository/org/fusesource/leveldbjni/leveldbjni-all/1.8/leveldbjni-all-1.8.jar:/home/runner/.m2/repository/org/apache/hadoop/hadoop-distcp/3.3.1/hadoop-distcp-3.3.1.jar:/home/runner/.m2/repository/org/apache/hadoop/hadoop-mapreduce-client-jobclient/3.3.1/hadoop-mapreduce-client-jobclient-3.3.1.jar:/home/runner/.m2/repository/org/apache/hadoop/hadoop-mapreduce-client-common/3.3.1/hadoop-mapreduce-client-common-3.3.1.jar:/home/runner/.m2/repository/org/apache/hadoop/hadoop-yarn-common/3.3.1/hadoop-yarn-common-3.3.1.jar:/home/runner/.m2/repository/org/apache/hadoop/hadoop-yarn-api/3.3.1/hadoop-yarn-api-3.3.1.jar:/home/runner/.m2/repository/com/sun/jersey/contribs/jersey-guice/1.19/jersey-guice-1.19.jar:/home/runner/.m2/repository/com/fasterxml/jackson/jaxrs/jackson-jaxrs-json-provider/2.13.2/jackson-jaxrs-json-provider-2.13.2.jar:/home/runner/.m2/repository/com/fasterxml/jackson/jaxrs/jackson-jaxrs-base/2.13.2/jackson-jaxrs-base-2.13.2.jar:/home/runner/.m2/repository/org/apache/hadoop/hadoop-yarn-client/3.3.1/hadoop-yarn-client-3.3.1.jar:/home/runner/.m2/repository/org/eclipse/jetty/websocket/websocket-client/9.4.40.v20210413/websocket-client-9.4.40.v20210413.jar:/home/runner/.m2/repository/org/eclipse/jetty/websocket/websocket-common/9.4.40.v20210413/websocket-common-9.4.40.v20210413.jar:/home/runner/.m2/repository/org/eclipse/jetty/websocket/websocket-api/9.4.40.v20210413/websocket-api-9.4.40.v20210413.jar:/home/runner/.m2/repository/org/jline/jline/3.9.0/jline-3.9.0.jar:/home/runner/.m2/repository/org/apache/hadoop/hadoop-mapreduce-client-core/3.3.1/hadoop-mapreduce-client-core-3.3.1.jar:/home/runner/.m2/repository/org/apache/avro/avro/1.7.7/avro-1.7.7.jar:/home/runner/.m2/repository/org/codehaus/jackson/jackson-core-asl/1.9.13/jackson-core-asl-1.9.13.jar:/home/runner/.m2/repository/org/codehaus/jackson/jackson-mapper-asl/1.9.13/jackson-mapper-asl-1.9.13.jar:/home/runner/.m2/repository/com/thoughtworks/paranamer/paranamer/2.3/paranamer-2.3.jar:/home/runner/.m2/repository/org/apache/hadoop/hadoop-annotations/3.3.1/hadoop-annotations-3.3.1.jar:/usr/lib/jvm/temurin-8-jdk-amd64/jre/../lib/tools.jar:/home/runner/.m2/repository/org/apache/hadoop/hadoop-distcp/3.3.1/hadoop-distcp-3.3.1-tests.jar:/home/runner/.m2/repository/org/apache/ratis/ratis-common/2.3.0/ratis-common-2.3.0.jar:/home/runner/.m2/repository/org/apache/ratis/ratis-thirdparty-misc/1.0.0/ratis-thirdparty-misc-1.0.0.jar:/home/runner/.m2/repository/org/apache/ratis/ratis-proto/2.3.0/ratis-proto-2.3.0.jar:/home/runner/.m2/repository/org/apache/ozone/ozone-annotation-processing/1.3.0-SNAPSHOT/ozone-annotation-processing-1.3.0-SNAPSHOT.jar:"/>
    <property name="sun.cpu.endian" value="little"/>
    <property name="user.home" value="/home/runner"/>
    <property name="user.language" value="en"/>
    <property name="java.specification.vendor" value="Oracle Corporation"/>
    <property name="java.home" value="/usr/lib/jvm/temurin-8-jdk-amd64/jre"/>
    <property name="java.security.krb5.conf" value="/home/runner/work/ozone/ozone/hadoop-ozone/integration-test/target/test-classes/krb5.conf"/>
    <property name="basedir" value="/home/runner/work/ozone/ozone/hadoop-ozone/integration-test"/>
    <property name="file.separator" value="/"/>
    <property name="line.separator" value="&#10;"/>
    <property name="java.vm.specification.vendor" value="Oracle Corporation"/>
    <property name="java.specification.name" value="Java Platform API Specification"/>
    <property name="java.awt.graphicsenv" value="sun.awt.X11GraphicsEnvironment"/>
    <property name="skip.installnpx" value="true"/>
    <property name="surefire.real.class.path" value="/home/runner/work/ozone/ozone/hadoop-ozone/integration-test/target/surefire/surefirebooter7120219227989937723.jar:/home/runner/.m2/repository/org/jacoco/org.jacoco.agent/0.8.5/org.jacoco.agent-0.8.5-runtime.jar"/>
    <property name="hadoop.log.dir" value="/home/runner/work/ozone/ozone/hadoop-ozone/integration-test/target/log"/>
    <property name="sun.boot.class.path" value="/usr/lib/jvm/temurin-8-jdk-amd64/jre/lib/resources.jar:/usr/lib/jvm/temurin-8-jdk-amd64/jre/lib/rt.jar:/usr/lib/jvm/temurin-8-jdk-amd64/jre/lib/sunrsasign.jar:/usr/lib/jvm/temurin-8-jdk-amd64/jre/lib/jsse.jar:/usr/lib/jvm/temurin-8-jdk-amd64/jre/lib/jce.jar:/usr/lib/jvm/temurin-8-jdk-amd64/jre/lib/charsets.jar:/usr/lib/jvm/temurin-8-jdk-amd64/jre/lib/jfr.jar:/usr/lib/jvm/temurin-8-jdk-amd64/jre/classes"/>
    <property name="sun.management.compiler" value="HotSpot 64-Bit Tiered Compilers"/>
    <property name="skip.npx" value="true"/>
    <property name="java.runtime.version" value="1.8.0_332-b09"/>
    <property name="java.net.preferIPv4Stack" value="true"/>
    <property name="user.name" value="runner"/>
    <property name="path.separator" value=":"/>
    <property name="java.security.egd" value="file:///dev/urandom"/>
    <property name="os.version" value="5.4.0-1085-azure"/>
    <property name="java.endorsed.dirs" value="/usr/lib/jvm/temurin-8-jdk-amd64/jre/lib/endorsed"/>
    <property name="java.runtime.name" value="OpenJDK Runtime Environment"/>
    <property name="file.encoding" value="UTF-8"/>
    <property name="java.vm.name" value="OpenJDK 64-Bit Server VM"/>
    <property name="test.build.webapps" value=""/>
    <property name="localRepository" value="/home/runner/.m2/repository"/>
    <property name="jetty.git.hash" value="526006ecfa3af7f1a27ef3a288e2bef7ea9dd7e8"/>
    <property name="java.vendor.url.bug" value="https://github.com/adoptium/adoptium-support/issues"/>
    <property name="java.io.tmpdir" value="/tmp"/>
    <property name="require.test.libhadoop" value=""/>
    <property name="java.version" value="1.8.0_332"/>
    <property name="user.dir" value="/home/runner/work/ozone/ozone/hadoop-ozone/integration-test"/>
    <property name="os.arch" value="amd64"/>
    <property name="java.vm.specification.name" value="Java Virtual Machine Specification"/>
    <property name="test.build.classes" value="/home/runner/work/ozone/ozone/hadoop-ozone/integration-test/target/test-classes"/>
    <property name="java.awt.printerjob" value="sun.print.PSPrinterJob"/>
    <property name="sun.os.patch.level" value="unknown"/>
    <property name="hadoop.tmp.dir" value="/home/runner/work/ozone/ozone/hadoop-ozone/integration-test/target/tmp"/>
    <property name="java.library.path" value="/usr/java/packages/lib/amd64:/usr/lib64:/lib64:/lib:/usr/lib"/>
    <property name="java.vm.info" value="mixed mode"/>
    <property name="java.vendor" value="Temurin"/>
    <property name="java.vm.version" value="25.332-b09"/>
    <property name="java.ext.dirs" value="/usr/lib/jvm/temurin-8-jdk-amd64/jre/lib/ext:/usr/java/packages/lib/ext"/>
    <property name="sun.io.unicode.encoding" value="UnicodeLittle"/>
    <property name="java.class.version" value="52.0"/>
  </properties>
  <testcase name="testRenameFile" classname="TestRootedOzoneFileSystem" time="0.469">
    <system-out><![CDATA[2022-07-12 23:20:02,163 [main] WARN  server.ServerUtils (ServerUtils.java:getScmDbDir(148)) - ozone.scm.db.dirs is not configured. We recommend adding this setting. Falling back to ozone.metadata.dirs instead.
2022-07-12 23:20:02,230 [main] WARN  server.ServerUtils (ServerUtils.java:getScmDbDir(148)) - ozone.scm.db.dirs is not configured. We recommend adding this setting. Falling back to ozone.metadata.dirs instead.
2022-07-12 23:20:02,233 [main] INFO  ha.SCMHANodeDetails (SCMHANodeDetails.java:loadSCMHAConfig(209)) - ServiceID for StorageContainerManager is null
2022-07-12 23:20:02,244 [main] WARN  ha.SCMHANodeDetails (SCMHANodeDetails.java:validateSCMHAConfig(182)) - Invalid config ozone.scm.ratis.enable. The config was not specified, but the default value true conflicts with the expected config value false. Falling back to the expected value. Current State of SCM: SCM is running in Non-HA without Ratis Ratis SCM -> Non Ratis SCM or Non HA SCM -> HA SCM is not supported
2022-07-12 23:20:02,244 [main] INFO  ha.SCMHANodeDetails (SCMHANodeDetails.java:loadSCMHAConfig(214)) - ozone.scm.default.service.id is not defined, falling back to ozone.scm.service.ids to find serviceID for StorageContainerManager if it is HA enabled cluster
2022-07-12 23:20:02,739 [main] WARN  utils.HAUtils (HAUtils.java:getMetaDir(342)) - ozone.scm.db.dirs is not configured. We recommend adding this setting. Falling back to ozone.metadata.dirs instead.
2022-07-12 23:20:02,964 [main] WARN  db.DBStoreBuilder (DBStoreBuilder.java:applyDBDefinition(145)) - ozone.scm.db.dirs is not configured. We recommend adding this setting. Falling back to ozone.metadata.dirs instead.
2022-07-12 23:20:03,183 [main] INFO  net.NodeSchemaLoader (NodeSchemaLoader.java:loadSchemaFromFile(129)) - Loading schema from [jar:file:/home/runner/.m2/repository/org/apache/ozone/hdds-common/1.3.0-SNAPSHOT/hdds-common-1.3.0-SNAPSHOT.jar!/network-topology-default.xml]
2022-07-12 23:20:03,184 [main] INFO  net.NodeSchemaLoader (NodeSchemaLoader.java:loadSchema(176)) - Loading network topology layer schema file
2022-07-12 23:20:03,232 [main] INFO  metrics.MetricRegistries (MetricRegistriesLoader.java:load(64)) - Loaded MetricRegistries class org.apache.ratis.metrics.impl.MetricRegistriesImpl
2022-07-12 23:20:03,240 [main] INFO  upgrade.AbstractLayoutVersionManager (AbstractLayoutVersionManager.java:init(83)) - Initializing Layout version manager with metadata layout = DATANODE_SCHEMA_V3 (version = 4), software layout = DATANODE_SCHEMA_V3 (version = 4)
2022-07-12 23:20:03,471 [main] INFO  reflections.Reflections (Reflections.java:scan(232)) - Reflections took 135 ms to scan 7 urls, producing 132 keys and 317 values 
2022-07-12 23:20:03,564 [main] INFO  ha.SequenceIdGenerator (SequenceIdGenerator.java:upgradeToSequenceId(349)) - upgrade localId to 109611004723200000
2022-07-12 23:20:03,564 [main] INFO  ha.SequenceIdGenerator (SequenceIdGenerator.java:upgradeToSequenceId(359)) - upgrade delTxnId to 0
2022-07-12 23:20:03,568 [main] INFO  ha.SequenceIdGenerator (SequenceIdGenerator.java:upgradeToSequenceId(376)) - upgrade containerId to 0
2022-07-12 23:20:03,570 [main] INFO  ha.SequenceIdGenerator (SequenceIdGenerator.java:<init>(220)) - Init the HA SequenceIdGenerator.
2022-07-12 23:20:03,608 [main] WARN  server.ServerUtils (ServerUtils.java:sanitizeUserArgs(73)) - ozone.scm.stale.node.interval value = 300000 is larger than max = 100000 based on the key value of ozone.scm.heartbeat.thread.interval, reset to the max value 100000.
2022-07-12 23:20:03,609 [main] WARN  server.ServerUtils (ServerUtils.java:sanitizeUserArgs(73)) - ozone.scm.stale.node.interval value = 300000 is larger than max = 100000 based on the key value of ozone.scm.heartbeat.thread.interval, reset to the max value 100000.
2022-07-12 23:20:03,615 [main] INFO  node.SCMNodeManager (SCMNodeManager.java:<init>(149)) - Entering startup safe mode.
2022-07-12 23:20:03,627 [main] INFO  algorithms.ContainerPlacementPolicyFactory (ContainerPlacementPolicyFactory.java:getPolicyInternal(86)) - Create container placement policy of type org.apache.hadoop.hdds.scm.container.placement.algorithms.SCMContainerPlacementRandom
2022-07-12 23:20:03,638 [main] INFO  pipeline.PipelineStateManagerImpl (PipelineStateManagerImpl.java:initialize(78)) - No pipeline exists in current db
2022-07-12 23:20:03,672 [main] INFO  algorithms.LeaderChoosePolicyFactory (LeaderChoosePolicyFactory.java:getPolicy(57)) - Create leader choose policy of type org.apache.hadoop.hdds.scm.pipeline.leader.choose.algorithms.MinLeaderCountChoosePolicy
2022-07-12 23:20:03,673 [main] INFO  algorithms.ContainerPlacementPolicyFactory (ContainerPlacementPolicyFactory.java:getPolicyInternal(86)) - Create container placement policy of type org.apache.hadoop.hdds.scm.container.placement.algorithms.SCMContainerPlacementRackScatter
2022-07-12 23:20:03,678 [main] INFO  ha.SCMServiceManager (SCMServiceManager.java:register(42)) - Registering service BackgroundPipelineCreator.
2022-07-12 23:20:03,679 [main] INFO  pipeline.BackgroundPipelineCreator (BackgroundPipelineCreator.java:start(124)) - Starting RatisPipelineUtilsThread.
2022-07-12 23:20:03,683 [main] INFO  BackgroundPipelineScrubber (BackgroundSCMService.java:start(68)) - Starting BackgroundPipelineScrubber Service.
2022-07-12 23:20:03,685 [main] INFO  ha.SCMServiceManager (SCMServiceManager.java:register(42)) - Registering service BackgroundPipelineScrubber.
2022-07-12 23:20:03,692 [main] INFO  ExpiredContainerReplicaOpScrubber (BackgroundSCMService.java:start(68)) - Starting ExpiredContainerReplicaOpScrubber Service.
2022-07-12 23:20:03,693 [main] INFO  ha.SCMServiceManager (SCMServiceManager.java:register(42)) - Registering service ExpiredContainerReplicaOpScrubber.
2022-07-12 23:20:03,728 [main] INFO  algorithms.PipelineChoosePolicyFactory (PipelineChoosePolicyFactory.java:createPipelineChoosePolicyFromClass(73)) - Create pipeline choose policy of type org.apache.hadoop.hdds.scm.pipeline.choose.algorithms.RandomPipelineChoosePolicy
2022-07-12 23:20:03,745 [main] INFO  ha.SCMServiceManager (SCMServiceManager.java:register(42)) - Registering service SCMBlockDeletingService.
2022-07-12 23:20:03,776 [main] INFO  replication.ReplicationManager (ReplicationManager.java:start(186)) - Starting Replication Monitor Thread.
2022-07-12 23:20:03,782 [main] INFO  ha.SCMServiceManager (SCMServiceManager.java:register(42)) - Registering service ReplicationManager.
2022-07-12 23:20:03,789 [ReplicationMonitor] INFO  replication.ReplicationManager (ReplicationManager.java:processAll(235)) - Replication Manager is not ready to run until 3000ms after safemode exit
2022-07-12 23:20:03,791 [main] INFO  safemode.ContainerSafeModeRule (ContainerSafeModeRule.java:<init>(89)) - containers with one replica threshold count 0
2022-07-12 23:20:03,795 [main] INFO  safemode.HealthyPipelineSafeModeRule (HealthyPipelineSafeModeRule.java:initializeRule(169)) - Total pipeline count is 0, healthy pipeline threshold count is 1
2022-07-12 23:20:03,797 [main] INFO  safemode.OneReplicaPipelineSafeModeRule (OneReplicaPipelineSafeModeRule.java:initializeRule(180)) - Total pipeline count is 0, pipeline's with at least one datanode reported threshold count is 0
2022-07-12 23:20:04,060 [main] INFO  audit.AuditLogger (AuditLogger.java:refreshDebugCmdSet(120)) - Refresh DebugCmdSet for SCMAudit to [].
2022-07-12 23:20:04,092 [main] INFO  ipc.CallQueueManager (CallQueueManager.java:<init>(90)) - Using callQueue: class java.util.concurrent.LinkedBlockingQueue, queueCapacity: 2000, scheduler: class org.apache.hadoop.ipc.DefaultRpcScheduler, ipcBackoff: false.
2022-07-12 23:20:04,132 [Socket Reader #1 for port 0] INFO  ipc.Server (Server.java:run(1265)) - Starting Socket Reader #1 for port 0
2022-07-12 23:20:04,184 [Listener at 0.0.0.0/41777] INFO  audit.AuditLogger (AuditLogger.java:refreshDebugCmdSet(120)) - Refresh DebugCmdSet for SCMAudit to [].
2022-07-12 23:20:04,190 [Listener at 0.0.0.0/41777] INFO  ipc.CallQueueManager (CallQueueManager.java:<init>(90)) - Using callQueue: class java.util.concurrent.LinkedBlockingQueue, queueCapacity: 2000, scheduler: class org.apache.hadoop.ipc.DefaultRpcScheduler, ipcBackoff: false.
2022-07-12 23:20:04,193 [Socket Reader #1 for port 0] INFO  ipc.Server (Server.java:run(1265)) - Starting Socket Reader #1 for port 0
2022-07-12 23:20:04,220 [Listener at 0.0.0.0/37097] INFO  audit.AuditLogger (AuditLogger.java:refreshDebugCmdSet(120)) - Refresh DebugCmdSet for SCMAudit to [].
2022-07-12 23:20:04,232 [Listener at 0.0.0.0/37097] INFO  ipc.CallQueueManager (CallQueueManager.java:<init>(90)) - Using callQueue: class java.util.concurrent.LinkedBlockingQueue, queueCapacity: 2000, scheduler: class org.apache.hadoop.ipc.DefaultRpcScheduler, ipcBackoff: false.
2022-07-12 23:20:04,238 [Socket Reader #1 for port 0] INFO  ipc.Server (Server.java:run(1265)) - Starting Socket Reader #1 for port 0
2022-07-12 23:20:04,315 [Listener at 0.0.0.0/44643] INFO  ha.SCMServiceManager (SCMServiceManager.java:register(42)) - Registering service ContainerBalancer.
2022-07-12 23:20:04,316 [Listener at 0.0.0.0/44643] INFO  server.StorageContainerManager (StorageContainerManager.java:<init>(401)) - 
Container Balancer status:
Key                            Value
Running                        false
Container Balancer Configuration values:
Key                                                Value
Threshold                                          10
Max Datanodes to Involve per Iteration(percent)    20
Max Size to Move per Iteration                     500GB
Max Size Entering Target per Iteration             26GB
Max Size Leaving Source per Iteration              26GB

2022-07-12 23:20:04,317 [Listener at 0.0.0.0/44643] WARN  events.EventQueue (EventQueue.java:fireEvent(216)) - No event handler registered for event TypedEvent{payloadType=SafeModeStatus, name='Safe mode status'}
2022-07-12 23:20:04,317 [Listener at 0.0.0.0/44643] INFO  ha.SCMContext (SCMContext.java:updateSafeModeStatus(228)) - Update SafeModeStatus from SafeModeStatus{safeModeStatus=true, preCheckPassed=false} to SafeModeStatus{safeModeStatus=true, preCheckPassed=false}.
2022-07-12 23:20:04,321 [Listener at 0.0.0.0/44643] INFO  server.StorageContainerManager (StorageContainerManager.java:start(1422)) - StorageContainerLocationProtocol RPC server is listening at /0.0.0.0:44643
2022-07-12 23:20:04,409 [Listener at 0.0.0.0/44643] WARN  impl.MetricsConfig (MetricsConfig.java:loadFirst(136)) - Cannot locate configuration: tried hadoop-metrics2-storagecontainermanager.properties,hadoop-metrics2.properties
2022-07-12 23:20:04,429 [Listener at 0.0.0.0/44643] INFO  impl.MetricsSystemImpl (MetricsSystemImpl.java:startTimer(378)) - Scheduled Metric snapshot period at 10 second(s).
2022-07-12 23:20:04,430 [Listener at 0.0.0.0/44643] INFO  impl.MetricsSystemImpl (MetricsSystemImpl.java:start(191)) - StorageContainerManager metrics system started
2022-07-12 23:20:04,756 [Listener at 0.0.0.0/44643] INFO  server.SCMClientProtocolServer (SCMClientProtocolServer.java:start(170)) - RPC server for Client  is listening at /0.0.0.0:44643
2022-07-12 23:20:04,757 [IPC Server Responder] INFO  ipc.Server (Server.java:run(1507)) - IPC Server Responder: starting
2022-07-12 23:20:04,758 [IPC Server listener on 0] INFO  ipc.Server (Server.java:run(1344)) - IPC Server listener on 0: starting
2022-07-12 23:20:04,762 [Listener at 0.0.0.0/44643] INFO  server.StorageContainerManager (StorageContainerManager.java:start(1437)) - ScmBlockLocationProtocol RPC server is listening at /0.0.0.0:37097
2022-07-12 23:20:04,763 [Listener at 0.0.0.0/44643] INFO  server.SCMBlockProtocolServer (SCMBlockProtocolServer.java:start(152)) - RPC server for Block Protocol is listening at /0.0.0.0:37097
2022-07-12 23:20:04,763 [IPC Server Responder] INFO  ipc.Server (Server.java:run(1507)) - IPC Server Responder: starting
2022-07-12 23:20:04,764 [IPC Server listener on 0] INFO  ipc.Server (Server.java:run(1344)) - IPC Server listener on 0: starting
2022-07-12 23:20:04,767 [Listener at 0.0.0.0/44643] INFO  server.SCMDatanodeProtocolServer (SCMDatanodeProtocolServer.java:start(186)) - ScmDatanodeProtocol RPC server for DataNodes is listening at /0.0.0.0:41777
2022-07-12 23:20:04,768 [IPC Server Responder] INFO  ipc.Server (Server.java:run(1507)) - IPC Server Responder: starting
2022-07-12 23:20:04,768 [IPC Server listener on 0] INFO  ipc.Server (Server.java:run(1344)) - IPC Server listener on 0: starting
2022-07-12 23:20:04,795 [org.apache.hadoop.util.JvmPauseMonitor$Monitor@67376bae] INFO  util.JvmPauseMonitor (JvmPauseMonitor.java:run(188)) - Starting JVM pause monitor
2022-07-12 23:20:04,805 [Listener at 0.0.0.0/44643] INFO  http.BaseHttpServer (BaseHttpServer.java:newHttpServer2BuilderForOzone(209)) - Starting Web-server for scm at: http://0.0.0.0:0
2022-07-12 23:20:04,806 [Listener at 0.0.0.0/44643] INFO  http.BaseHttpServer (BaseHttpServer.java:<init>(107)) - Hadoop Security Enabled: false Ozone Security Enabled: false Ozone HTTP Security Enabled: false 
2022-07-12 23:20:04,834 [Listener at 0.0.0.0/44643] INFO  util.log (Log.java:initialized(170)) - Logging initialized @4308ms to org.eclipse.jetty.util.log.Slf4jLog
2022-07-12 23:20:04,949 [Listener at 0.0.0.0/44643] INFO  server.AuthenticationFilter (AuthenticationFilter.java:constructSecretProvider(240)) - Unable to initialize FileSignerSecretProvider, falling back to use random secrets.
2022-07-12 23:20:04,954 [Listener at 0.0.0.0/44643] WARN  http.HttpRequestLog (HttpRequestLog.java:getRequestLog(103)) - Jetty request log can only be enabled using Log4j
2022-07-12 23:20:04,963 [Listener at 0.0.0.0/44643] INFO  http.HttpServer2 (HttpServer2.java:addGlobalFilter(1029)) - Added global filter 'safety' (class=org.apache.hadoop.hdds.server.http.HttpServer2$QuotingInputFilter)
2022-07-12 23:20:04,966 [Listener at 0.0.0.0/44643] INFO  http.HttpServer2 (HttpServer2.java:addFilter(1005)) - Added filter static_user_filter (class=org.apache.hadoop.http.lib.StaticUserWebFilter$StaticUserFilter) to context scm
2022-07-12 23:20:04,967 [Listener at 0.0.0.0/44643] INFO  http.HttpServer2 (HttpServer2.java:addFilter(1013)) - Added filter static_user_filter (class=org.apache.hadoop.http.lib.StaticUserWebFilter$StaticUserFilter) to context logs
2022-07-12 23:20:04,967 [Listener at 0.0.0.0/44643] INFO  http.HttpServer2 (HttpServer2.java:addFilter(1013)) - Added filter static_user_filter (class=org.apache.hadoop.http.lib.StaticUserWebFilter$StaticUserFilter) to context static
2022-07-12 23:20:05,010 [Listener at 0.0.0.0/44643] INFO  http.HttpServer2 (HttpServer2.java:bindListener(1248)) - Jetty bound to port 36965
2022-07-12 23:20:05,012 [Listener at 0.0.0.0/44643] INFO  server.Server (Server.java:doStart(375)) - jetty-9.4.43.v20210629; built: 2021-06-30T11:07:22.254Z; git: 526006ecfa3af7f1a27ef3a288e2bef7ea9dd7e8; jvm 1.8.0_332-b09
2022-07-12 23:20:05,042 [Listener at 0.0.0.0/44643] INFO  server.session (DefaultSessionIdManager.java:doStart(334)) - DefaultSessionIdManager workerName=node0
2022-07-12 23:20:05,042 [Listener at 0.0.0.0/44643] INFO  server.session (DefaultSessionIdManager.java:doStart(339)) - No SessionScavenger set, using defaults
2022-07-12 23:20:05,044 [Listener at 0.0.0.0/44643] INFO  server.session (HouseKeeper.java:startScavenging(132)) - node0 Scavenging every 600000ms
2022-07-12 23:20:05,057 [Listener at 0.0.0.0/44643] INFO  handler.ContextHandler (ContextHandler.java:doStart(915)) - Started o.e.j.s.ServletContextHandler@4d24ab25{logs,/logs,file:///home/runner/work/ozone/ozone/hadoop-ozone/integration-test/target/log,AVAILABLE}
2022-07-12 23:20:05,058 [Listener at 0.0.0.0/44643] INFO  handler.ContextHandler (ContextHandler.java:doStart(915)) - Started o.e.j.s.ServletContextHandler@62d21afd{static,/static,file:///home/runner/work/ozone/ozone/hadoop-ozone/integration-test/target/test-classes/webapps/static,AVAILABLE}
2022-07-12 23:20:05,103 [Listener at 0.0.0.0/44643] INFO  handler.ContextHandler (ContextHandler.java:doStart(915)) - Started o.e.j.w.WebAppContext@64836643{scm,/,file:///home/runner/work/ozone/ozone/hadoop-ozone/integration-test/target/test-classes/webapps/scm/,AVAILABLE}{file:/home/runner/work/ozone/ozone/hadoop-ozone/integration-test/target/test-classes/webapps/scm}
2022-07-12 23:20:05,114 [Listener at 0.0.0.0/44643] INFO  server.AbstractConnector (AbstractConnector.java:doStart(331)) - Started ServerConnector@20d92f1e{HTTP/1.1, (http/1.1)}{0.0.0.0:36965}
2022-07-12 23:20:05,114 [Listener at 0.0.0.0/44643] INFO  server.Server (Server.java:doStart(415)) - Started @4589ms
2022-07-12 23:20:05,117 [Listener at 0.0.0.0/44643] INFO  impl.MetricsSinkAdapter (MetricsSinkAdapter.java:start(204)) - Sink prometheus started
2022-07-12 23:20:05,117 [Listener at 0.0.0.0/44643] INFO  impl.MetricsSystemImpl (MetricsSystemImpl.java:registerSink(305)) - Registered sink prometheus
2022-07-12 23:20:05,118 [Listener at 0.0.0.0/44643] INFO  http.BaseHttpServer (BaseHttpServer.java:updateConnectorAddress(329)) - HTTP server of scm listening at http://0.0.0.0:36965
2022-07-12 23:20:05,120 [Listener at 0.0.0.0/44643] WARN  server.ServerUtils (ServerUtils.java:getDBPath(225)) - ozone.om.db.dirs is not configured. We recommend adding this setting. Falling back to ozone.metadata.dirs instead.
2022-07-12 23:20:05,172 [Listener at 0.0.0.0/44643] INFO  audit.AuditLogger (AuditLogger.java:refreshDebugCmdSet(120)) - Refresh DebugCmdSet for OMAudit to [].
2022-07-12 23:20:05,270 [Listener at 0.0.0.0/44643] INFO  ha.OMHANodeDetails (OMHANodeDetails.java:loadOMHAConfig(115)) - ozone.om.internal.service.id is not defined, falling back to ozone.om.service.ids to find serviceID for OzoneManager if it is HA enabled cluster
2022-07-12 23:20:05,273 [Listener at 0.0.0.0/44643] INFO  ha.OMHANodeDetails (OMHANodeDetails.java:loadOMHAConfig(226)) - Configuration does not have ozone.om.address set. Falling back to the default OM address /127.0.0.1:0
2022-07-12 23:20:05,273 [Listener at 0.0.0.0/44643] INFO  ha.OMHANodeDetails (OMHANodeDetails.java:getOMNodeDetailsForNonHA(254)) - OM Service ID is not set. Setting it to the default ID: omServiceIdDefault
2022-07-12 23:20:05,273 [Listener at 0.0.0.0/44643] INFO  ha.OMHANodeDetails (OMHANodeDetails.java:getOMNodeDetailsForNonHA(261)) - OM Node ID is not set. Setting it to the default ID: om1
2022-07-12 23:20:05,277 [Listener at 0.0.0.0/44643] WARN  server.ServerUtils (ServerUtils.java:getDBPath(225)) - ozone.om.db.dirs is not configured. We recommend adding this setting. Falling back to ozone.metadata.dirs instead.
2022-07-12 23:20:05,278 [Listener at 0.0.0.0/44643] INFO  upgrade.AbstractLayoutVersionManager (AbstractLayoutVersionManager.java:init(83)) - Initializing Layout version manager with metadata layout = MULTITENANCY_SCHEMA (version = 3), software layout = MULTITENANCY_SCHEMA (version = 3)
2022-07-12 23:20:05,356 [Listener at 0.0.0.0/44643] INFO  reflections.Reflections (Reflections.java:scan(232)) - Reflections took 73 ms to scan 2 urls, producing 153 keys and 430 values [using 2 cores]
2022-07-12 23:20:05,361 [Listener at 0.0.0.0/44643] INFO  upgrade.OMLayoutVersionManager (OMLayoutVersionManager.java:lambda$0(115)) - Skipping Upgrade Action MockOmUpgradeAction since it has been finalized.
2022-07-12 23:20:05,362 [Listener at 0.0.0.0/44643] WARN  server.ServerUtils (ServerUtils.java:getDBPath(225)) - ozone.om.db.dirs is not configured. We recommend adding this setting. Falling back to ozone.metadata.dirs instead.
2022-07-12 23:20:05,516 [Listener at 0.0.0.0/44643] INFO  proxy.SCMBlockLocationFailoverProxyProvider (SCMBlockLocationFailoverProxyProvider.java:<init>(114)) - Created block location fail-over proxy with 1 nodes: [nodeId=scmNodeId,nodeAddress=/0.0.0.0:37097]
2022-07-12 23:20:05,539 [Listener at 0.0.0.0/44643] INFO  proxy.SCMBlockLocationFailoverProxyProvider (SCMBlockLocationFailoverProxyProvider.java:<init>(114)) - Created block location fail-over proxy with 1 nodes: [nodeId=scmNodeId,nodeAddress=/0.0.0.0:37097]
2022-07-12 23:20:05,736 [Listener at 0.0.0.0/44643] WARN  server.ServerUtils (ServerUtils.java:getDBPath(225)) - ozone.om.db.dirs is not configured. We recommend adding this setting. Falling back to ozone.metadata.dirs instead.
2022-07-12 23:20:05,742 [Listener at 0.0.0.0/44643] INFO  codec.OmKeyInfoCodec (OmKeyInfoCodec.java:<init>(49)) - OmKeyInfoCodec ignorePipeline = true
2022-07-12 23:20:05,744 [Listener at 0.0.0.0/44643] INFO  codec.RepeatedOmKeyInfoCodec (RepeatedOmKeyInfoCodec.java:<init>(41)) - RepeatedOmKeyInfoCodec ignorePipeline = true
2022-07-12 23:20:05,941 [Listener at 0.0.0.0/44643] INFO  om.OzoneManager (OzoneManager.java:instantiateServices(692)) - S3 Multi-Tenancy is disabled
2022-07-12 23:20:06,026 [Listener at 0.0.0.0/44643] INFO  om.OzoneManager (OzoneManager.java:addS3GVolumeToDB(4259)) - Created Volume s3v With Owner runner required for S3Gateway operations.
2022-07-12 23:20:06,101 [Listener at 0.0.0.0/44643] WARN  server.ServerUtils (ServerUtils.java:getDefaultRatisDirectory(237)) - Storage directory for Ratis is not configured. It is a good idea to map this to an SSD disk. Falling back to ozone.metadata.dirs
2022-07-12 23:20:06,102 [Listener at 0.0.0.0/44643] WARN  utils.OzoneManagerRatisUtils (OzoneManagerRatisUtils.java:getOMRatisSnapshotDirectory(431)) - ozone.om.ratis.snapshot.dir is not configured. Falling back to ozone.metadata.dirs config
2022-07-12 23:20:06,130 [Listener at 0.0.0.0/44643] WARN  server.ServerUtils (ServerUtils.java:getDefaultRatisDirectory(237)) - Storage directory for Ratis is not configured. It is a good idea to map this to an SSD disk. Falling back to ozone.metadata.dirs
2022-07-12 23:20:06,165 [Listener at 0.0.0.0/44643] INFO  ratis.OzoneManagerRatisServer (OzoneManagerRatisServer.java:<init>(159)) - Instantiating OM Ratis server with groupID: omServiceIdDefault and peers: localhost:9872
2022-07-12 23:20:06,178 [Listener at 0.0.0.0/44643] INFO  ratis.OzoneManagerStateMachine (OzoneManagerStateMachine.java:loadSnapshotInfoFromDB(632)) - LastAppliedIndex is set from TransactionInfo from OM DB as (t:0, i:~)
2022-07-12 23:20:06,236 [Listener at 0.0.0.0/44643] INFO  server.RaftServer (ConfUtils.java:logGet(46)) - raft.rpc.type = GRPC (default)
2022-07-12 23:20:06,322 [Listener at 0.0.0.0/44643] INFO  grpc.GrpcFactory (GrpcFactory.java:checkPooledByteBufAllocatorUseCacheForAllThreads(48)) - PERFORMANCE WARNING: useCacheForAllThreads is true that may cause Netty to create a lot garbage objects and, as a result, trigger GC.
	It is recommended to disable useCacheForAllThreads by setting -Dorg.apache.ratis.thirdparty.io.netty.allocator.useCacheForAllThreads=false in command line.
2022-07-12 23:20:06,326 [Listener at 0.0.0.0/44643] INFO  grpc.GrpcConfigKeys (ConfUtils.java:logGet(46)) - raft.grpc.admin.port = -1 (default)
2022-07-12 23:20:06,327 [Listener at 0.0.0.0/44643] INFO  grpc.GrpcConfigKeys (ConfUtils.java:logGet(46)) - raft.grpc.server.port = 9872 (custom)
2022-07-12 23:20:06,329 [Listener at 0.0.0.0/44643] INFO  grpc.GrpcConfigKeys (ConfUtils.java:logGet(46)) - raft.grpc.client.port = -1 (default)
2022-07-12 23:20:06,329 [Listener at 0.0.0.0/44643] INFO  grpc.GrpcConfigKeys (ConfUtils.java:logGet(46)) - raft.grpc.server.port = 9872 (custom)
2022-07-12 23:20:06,330 [Listener at 0.0.0.0/44643] INFO  grpc.GrpcConfigKeys (ConfUtils.java:logGet(46)) - raft.grpc.server.port = 9872 (custom)
2022-07-12 23:20:06,330 [Listener at 0.0.0.0/44643] INFO  server.GrpcService (ConfUtils.java:logGet(46)) - raft.grpc.message.size.max = 33554432 (custom)
2022-07-12 23:20:06,332 [Listener at 0.0.0.0/44643] INFO  server.RaftServerConfigKeys (ConfUtils.java:logGet(46)) - raft.server.log.appender.buffer.byte-limit = 33554432 (custom)
2022-07-12 23:20:06,332 [Listener at 0.0.0.0/44643] INFO  server.GrpcService (ConfUtils.java:logGet(46)) - raft.grpc.flow.control.window = 1MB (=1048576) (default)
2022-07-12 23:20:06,333 [Listener at 0.0.0.0/44643] INFO  server.RaftServerConfigKeys (ConfUtils.java:logGet(46)) - raft.server.rpc.request.timeout = 3000ms (default)
2022-07-12 23:20:06,351 [Listener at 0.0.0.0/44643] INFO  grpc.GrpcConfigKeys (ConfUtils.java:logGet(46)) - raft.grpc.server.async.request.thread.pool.cached = true (default)
2022-07-12 23:20:06,352 [Listener at 0.0.0.0/44643] INFO  grpc.GrpcConfigKeys (ConfUtils.java:logGet(46)) - raft.grpc.server.async.request.thread.pool.size = 32 (default)
2022-07-12 23:20:06,686 [Listener at 0.0.0.0/44643] INFO  impl.DataStreamServerImpl (ConfUtils.java:logGet(46)) - raft.datastream.type = DISABLED (default)
2022-07-12 23:20:06,689 [Listener at 0.0.0.0/44643] INFO  server.RaftServerConfigKeys (ConfUtils.java:logGet(46)) - raft.server.threadpool.proxy.cached = true (default)
2022-07-12 23:20:06,691 [Listener at 0.0.0.0/44643] INFO  server.RaftServerConfigKeys (ConfUtils.java:logGet(46)) - raft.server.threadpool.proxy.size = 0 (default)
2022-07-12 23:20:06,691 [Listener at 0.0.0.0/44643] INFO  server.RaftServerConfigKeys (ConfUtils.java:logGet(46)) - raft.server.rpc.slowness.timeout = 120s (custom)
2022-07-12 23:20:06,692 [Listener at 0.0.0.0/44643] INFO  server.RaftServerConfigKeys (ConfUtils.java:logGet(46)) - raft.server.leaderelection.leader.step-down.wait-time = 10s (default)
2022-07-12 23:20:06,701 [Listener at 0.0.0.0/44643] INFO  server.RaftServerConfigKeys (ConfUtils.java:logGet(46)) - raft.server.storage.dir = [/home/runner/work/ozone/ozone/hadoop-ozone/integration-test/target/test-dir/MiniOzoneClusterImpl-3dc585a6-3f94-454a-8ee9-12af11f98cc9/ozone-meta/ratis] (custom)
2022-07-12 23:20:06,709 [Listener at 0.0.0.0/44643] INFO  server.RaftServer (RaftServerProxy.java:addNew(96)) - om1: addNew group-C5BA1605619E:[om1|rpc:localhost:9872|priority:0] returns group-C5BA1605619E:java.util.concurrent.CompletableFuture@2900553d[Not completed]
2022-07-12 23:20:06,709 [Listener at 0.0.0.0/44643] INFO  om.OzoneManager (OzoneManager.java:initializeRatisServer(1961)) - OzoneManager Ratis server initialized at port 9872
2022-07-12 23:20:06,720 [Listener at 0.0.0.0/44643] INFO  om.OzoneManager (OzoneManager.java:getRpcServer(1081)) - Creating RPC Server
2022-07-12 23:20:06,750 [pool-55-thread-1] INFO  server.RaftServer$Division (RaftServerImpl.java:<init>(190)) - om1: new RaftServerImpl for group-C5BA1605619E:[om1|rpc:localhost:9872|priority:0] with OzoneManagerStateMachine:uninitialized
2022-07-12 23:20:06,754 [pool-55-thread-1] INFO  server.RaftServerConfigKeys (ConfUtils.java:logGet(46)) - raft.server.rpc.timeout.min = 1s (custom)
2022-07-12 23:20:06,754 [pool-55-thread-1] INFO  server.RaftServerConfigKeys (ConfUtils.java:logGet(46)) - raft.server.rpc.timeout.max = 1200ms (custom)
2022-07-12 23:20:06,754 [pool-55-thread-1] INFO  server.RaftServerConfigKeys (ConfUtils.java:logGet(46)) - raft.server.rpc.sleep.time = 25ms (default)
2022-07-12 23:20:06,754 [pool-55-thread-1] INFO  server.RaftServerConfigKeys (ConfUtils.java:logGet(46)) - raft.server.rpc.slowness.timeout = 120s (custom)
2022-07-12 23:20:06,754 [pool-55-thread-1] INFO  server.RaftServerConfigKeys (ConfUtils.java:logGet(46)) - raft.server.leaderelection.leader.step-down.wait-time = 10s (default)
2022-07-12 23:20:06,754 [pool-55-thread-1] INFO  server.RaftServerConfigKeys (ConfUtils.java:logGet(46)) - raft.server.sleep.deviation.threshold = 300ms (default)
2022-07-12 23:20:06,768 [pool-55-thread-1] INFO  server.RaftServer$Division (ServerState.java:<init>(107)) - om1@group-C5BA1605619E: ConfigurationManager, init=-1: [om1|rpc:localhost:9872|priority:0], old=null, confs=<EMPTY_MAP>
2022-07-12 23:20:06,768 [pool-55-thread-1] INFO  server.RaftServerConfigKeys (ConfUtils.java:logGet(46)) - raft.server.storage.dir = [/home/runner/work/ozone/ozone/hadoop-ozone/integration-test/target/test-dir/MiniOzoneClusterImpl-3dc585a6-3f94-454a-8ee9-12af11f98cc9/ozone-meta/ratis] (custom)
2022-07-12 23:20:06,775 [pool-55-thread-1] INFO  server.RaftServerConfigKeys (ConfUtils.java:logGet(46)) - raft.server.log.corruption.policy = EXCEPTION (default)
2022-07-12 23:20:06,776 [pool-55-thread-1] INFO  server.RaftServerConfigKeys (ConfUtils.java:logGet(46)) - raft.server.storage.free-space.min = 0MB (=0) (default)
2022-07-12 23:20:06,777 [pool-55-thread-1] INFO  storage.RaftStorageDirectory (RaftStorageDirectoryImpl.java:analyzeStorage(135)) - The storage directory /home/runner/work/ozone/ozone/hadoop-ozone/integration-test/target/test-dir/MiniOzoneClusterImpl-3dc585a6-3f94-454a-8ee9-12af11f98cc9/ozone-meta/ratis/bf265839-605b-3f16-9796-c5ba1605619e does not exist. Creating ...
2022-07-12 23:20:06,797 [pool-55-thread-1] INFO  storage.RaftStorageDirectory (RaftStorageDirectoryImpl.java:tryLock(230)) - Lock on /home/runner/work/ozone/ozone/hadoop-ozone/integration-test/target/test-dir/MiniOzoneClusterImpl-3dc585a6-3f94-454a-8ee9-12af11f98cc9/ozone-meta/ratis/bf265839-605b-3f16-9796-c5ba1605619e/in_use.lock acquired by nodename 30948@fv-az46-473
2022-07-12 23:20:06,805 [pool-55-thread-1] INFO  storage.RaftStorage (RaftStorageImpl.java:format(89)) - Storage directory /home/runner/work/ozone/ozone/hadoop-ozone/integration-test/target/test-dir/MiniOzoneClusterImpl-3dc585a6-3f94-454a-8ee9-12af11f98cc9/ozone-meta/ratis/bf265839-605b-3f16-9796-c5ba1605619e has been successfully formatted.
2022-07-12 23:20:06,811 [pool-55-thread-1] INFO  server.RaftServerConfigKeys (ConfUtils.java:logGet(46)) - raft.server.notification.no-leader.timeout = 120s (custom)
2022-07-12 23:20:06,814 [pool-55-thread-1] INFO  server.RaftServerConfigKeys (ConfUtils.java:logGet(46)) - raft.server.log.use.memory = false (default)
2022-07-12 23:20:06,844 [pool-55-thread-1] INFO  server.RaftServerConfigKeys (ConfUtils.java:logGet(46)) - raft.server.log.purge.gap = 1000000 (custom)
2022-07-12 23:20:06,845 [pool-55-thread-1] INFO  server.RaftServerConfigKeys (ConfUtils.java:logGet(46)) - raft.server.log.appender.buffer.byte-limit = 33554432 (custom)
2022-07-12 23:20:06,862 [pool-55-thread-1] INFO  server.RaftServerConfigKeys (ConfUtils.java:logGet(46)) - raft.server.log.statemachine.data.read.timeout = 1000ms (default)
2022-07-12 23:20:06,904 [pool-55-thread-1] INFO  server.RaftServerConfigKeys (ConfUtils.java:logGet(46)) - raft.server.log.segment.size.max = 4194304 (custom)
2022-07-12 23:20:06,914 [pool-55-thread-1] INFO  server.RaftServerConfigKeys (ConfUtils.java:logGet(46)) - raft.server.log.segment.cache.num.max = 2 (custom)
2022-07-12 23:20:06,914 [pool-55-thread-1] INFO  server.RaftServerConfigKeys (ConfUtils.java:logGet(46)) - raft.server.log.segment.cache.size.max = 200MB (=209715200) (default)
2022-07-12 23:20:06,970 [pool-55-thread-1] INFO  segmented.SegmentedRaftLogWorker (SegmentedRaftLogWorker.java:<init>(187)) - new om1@group-C5BA1605619E-SegmentedRaftLogWorker for RaftStorageImpl:Storage Directory /home/runner/work/ozone/ozone/hadoop-ozone/integration-test/target/test-dir/MiniOzoneClusterImpl-3dc585a6-3f94-454a-8ee9-12af11f98cc9/ozone-meta/ratis/bf265839-605b-3f16-9796-c5ba1605619e
2022-07-12 23:20:06,971 [pool-55-thread-1] INFO  server.RaftServerConfigKeys (ConfUtils.java:logGet(46)) - raft.server.log.queue.byte-limit = 64MB (=67108864) (default)
2022-07-12 23:20:06,971 [pool-55-thread-1] INFO  server.RaftServerConfigKeys (ConfUtils.java:logGet(46)) - raft.server.log.queue.element-limit = 4096 (default)
2022-07-12 23:20:06,972 [pool-55-thread-1] INFO  server.RaftServerConfigKeys (ConfUtils.java:logGet(46)) - raft.server.log.segment.size.max = 4194304 (custom)
2022-07-12 23:20:06,973 [pool-55-thread-1] INFO  server.RaftServerConfigKeys (ConfUtils.java:logGet(46)) - raft.server.log.preallocated.size = 4194304 (custom)
2022-07-12 23:20:06,975 [pool-55-thread-1] INFO  server.RaftServerConfigKeys (ConfUtils.java:logGet(46)) - raft.server.log.force.sync.num = 128 (default)
2022-07-12 23:20:06,988 [pool-55-thread-1] INFO  server.RaftServerConfigKeys (ConfUtils.java:logGet(46)) - raft.server.log.statemachine.data.sync = true (default)
2022-07-12 23:20:06,988 [pool-55-thread-1] INFO  server.RaftServerConfigKeys (ConfUtils.java:logGet(46)) - raft.server.log.statemachine.data.sync.timeout = 10s (default)
2022-07-12 23:20:06,990 [pool-55-thread-1] INFO  server.RaftServerConfigKeys (ConfUtils.java:logGet(46)) - raft.server.log.statemachine.data.sync.timeout.retry = -1 (default)
2022-07-12 23:20:07,016 [pool-55-thread-1] INFO  server.RaftServerConfigKeys (ConfUtils.java:logGet(46)) - raft.server.log.write.buffer.size = 64KB (=65536) (default)
2022-07-12 23:20:07,016 [pool-55-thread-1] INFO  server.RaftServerConfigKeys (ConfUtils.java:logGet(46)) - raft.server.log.unsafe-flush.enabled = false (default)
2022-07-12 23:20:07,017 [pool-55-thread-1] INFO  server.RaftServerConfigKeys (ConfUtils.java:logGet(46)) - raft.server.log.statemachine.data.caching.enabled = false (default)
2022-07-12 23:20:07,049 [pool-55-thread-1] INFO  segmented.SegmentedRaftLogWorker (SegmentedRaftLogWorker.java:lambda$new$0(135)) - om1@group-C5BA1605619E-SegmentedRaftLogWorker: flushIndex: setUnconditionally 0 -> -1
2022-07-12 23:20:07,050 [pool-55-thread-1] INFO  segmented.SegmentedRaftLogWorker (SegmentedRaftLogWorker.java:lambda$new$0(135)) - om1@group-C5BA1605619E-SegmentedRaftLogWorker: safeCacheEvictIndex: setUnconditionally 0 -> -1
2022-07-12 23:20:07,059 [pool-55-thread-1] INFO  server.RaftServerConfigKeys (ConfUtils.java:logGet(46)) - raft.server.snapshot.auto.trigger.enabled = true (custom)
2022-07-12 23:20:07,060 [pool-55-thread-1] INFO  server.RaftServerConfigKeys (ConfUtils.java:logGet(46)) - raft.server.snapshot.auto.trigger.threshold = 400000 (default)
2022-07-12 23:20:07,061 [pool-55-thread-1] INFO  server.RaftServerConfigKeys (ConfUtils.java:logGet(46)) - raft.server.snapshot.retention.file.num = -1 (default)
2022-07-12 23:20:07,070 [pool-55-thread-1] INFO  server.RaftServerConfigKeys (ConfUtils.java:logGet(46)) - raft.server.log.purge.upto.snapshot.index = true (custom)
2022-07-12 23:20:07,072 [pool-55-thread-1] INFO  server.RaftServerConfigKeys (ConfUtils.java:logGet(46)) - raft.server.retrycache.expirytime = 300s (custom)
2022-07-12 23:20:07,072 [pool-55-thread-1] INFO  server.RaftServerConfigKeys (ConfUtils.java:logGet(46)) - raft.server.retrycache.statistics.expirytime = 100μs (default)
2022-07-12 23:20:07,202 [pool-55-thread-1] INFO  server.RaftServerConfigKeys (ConfUtils.java:logGet(46)) - raft.server.log.appender.install.snapshot.enabled = false (custom)
2022-07-12 23:20:07,210 [pool-55-thread-1] INFO  server.RaftServerConfigKeys (ConfUtils.java:logGet(46)) - raft.server.threadpool.server.cached = true (default)
2022-07-12 23:20:07,210 [pool-55-thread-1] INFO  server.RaftServerConfigKeys (ConfUtils.java:logGet(46)) - raft.server.threadpool.server.size = 0 (default)
2022-07-12 23:20:07,211 [pool-55-thread-1] INFO  server.RaftServerConfigKeys (ConfUtils.java:logGet(46)) - raft.server.threadpool.client.cached = true (default)
2022-07-12 23:20:07,211 [pool-55-thread-1] INFO  server.RaftServerConfigKeys (ConfUtils.java:logGet(46)) - raft.server.threadpool.client.size = 0 (default)
2022-07-12 23:20:07,468 [Listener at 0.0.0.0/44643] INFO  reflections.Reflections (Reflections.java:scan(232)) - Reflections took 664 ms to scan 19 urls, producing 66 keys and 4109 values [using 2 cores]
2022-07-12 23:20:07,621 [Listener at 0.0.0.0/44643] INFO  ipc.CallQueueManager (CallQueueManager.java:<init>(90)) - Using callQueue: class java.util.concurrent.LinkedBlockingQueue, queueCapacity: 2000, scheduler: class org.apache.hadoop.ipc.DefaultRpcScheduler, ipcBackoff: false.
2022-07-12 23:20:07,622 [Socket Reader #1 for port 0] INFO  ipc.Server (Server.java:run(1265)) - Starting Socket Reader #1 for port 0
2022-07-12 23:20:07,651 [Listener at 127.0.0.1/35283] INFO  impl.MetricsSystemImpl (MetricsSystemImpl.java:init(158)) - OzoneManager metrics system started (again)
2022-07-12 23:20:07,662 [Listener at 127.0.0.1/35283] INFO  om.OzoneManager (OzoneManager.java:start(1465)) - OzoneManager RPC server is listening at localhost/127.0.0.1:35283
2022-07-12 23:20:07,662 [Listener at 127.0.0.1/35283] INFO  ratis.OzoneManagerRatisServer (OzoneManagerRatisServer.java:start(554)) - Starting OzoneManagerRatisServer om1 at port 9872
2022-07-12 23:20:07,665 [om1-impl-thread1] INFO  server.RaftServer$Division (RaftServerImpl.java:start(310)) - om1@group-C5BA1605619E: start as a follower, conf=-1: [om1|rpc:localhost:9872|priority:0], old=null
2022-07-12 23:20:07,666 [om1-impl-thread1] INFO  server.RaftServer$Division (RaftServerImpl.java:setRole(299)) - om1@group-C5BA1605619E: changes role from      null to FOLLOWER at term 0 for startAsFollower
2022-07-12 23:20:07,667 [om1-impl-thread1] INFO  impl.RoleInfo (RoleInfo.java:updateAndGet(139)) - om1: start om1@group-C5BA1605619E-FollowerState
2022-07-12 23:20:07,670 [om1-impl-thread1] INFO  util.JmxRegister (JmxRegister.java:tryRegister(44)) - Successfully registered JMX Bean with object name Ratis:service=RaftServer,group=group-C5BA1605619E,id=om1
2022-07-12 23:20:07,677 [Listener at 127.0.0.1/35283] INFO  server.RaftServer (RaftServerProxy.java:lambda$start$6(382)) - om1: start RPC server
2022-07-12 23:20:07,886 [Listener at 127.0.0.1/35283] INFO  server.GrpcService (GrpcService.java:startImpl(260)) - om1: GrpcService started, listening on 9872
2022-07-12 23:20:07,888 [Listener at 127.0.0.1/35283] INFO  om.OzoneManager (OzoneManager.java:start(1481)) - Version File has different layout version (3) than OM DB (null). That is expected if this OM has never been finalized to a newer layout version.
2022-07-12 23:20:07,890 [org.apache.ratis.util.JvmPauseMonitor$$Lambda$613/1690937419@74703266] INFO  util.JvmPauseMonitor (JvmPauseMonitor.java:run(103)) - JvmPauseMonitor-om1: Started
2022-07-12 23:20:07,912 [Listener at 127.0.0.1/35283] INFO  http.BaseHttpServer (BaseHttpServer.java:newHttpServer2BuilderForOzone(209)) - Starting Web-server for ozoneManager at: http://0.0.0.0:0
2022-07-12 23:20:07,912 [Listener at 127.0.0.1/35283] INFO  http.BaseHttpServer (BaseHttpServer.java:<init>(107)) - Hadoop Security Enabled: false Ozone Security Enabled: false Ozone HTTP Security Enabled: false 
2022-07-12 23:20:07,914 [Listener at 127.0.0.1/35283] INFO  server.AuthenticationFilter (AuthenticationFilter.java:constructSecretProvider(240)) - Unable to initialize FileSignerSecretProvider, falling back to use random secrets.
2022-07-12 23:20:07,917 [Listener at 127.0.0.1/35283] WARN  http.HttpRequestLog (HttpRequestLog.java:getRequestLog(103)) - Jetty request log can only be enabled using Log4j
2022-07-12 23:20:07,919 [Listener at 127.0.0.1/35283] INFO  http.HttpServer2 (HttpServer2.java:addGlobalFilter(1029)) - Added global filter 'safety' (class=org.apache.hadoop.hdds.server.http.HttpServer2$QuotingInputFilter)
2022-07-12 23:20:07,920 [Listener at 127.0.0.1/35283] INFO  http.HttpServer2 (HttpServer2.java:addFilter(1005)) - Added filter static_user_filter (class=org.apache.hadoop.http.lib.StaticUserWebFilter$StaticUserFilter) to context ozoneManager
2022-07-12 23:20:07,920 [Listener at 127.0.0.1/35283] INFO  http.HttpServer2 (HttpServer2.java:addFilter(1013)) - Added filter static_user_filter (class=org.apache.hadoop.http.lib.StaticUserWebFilter$StaticUserFilter) to context logs
2022-07-12 23:20:07,920 [Listener at 127.0.0.1/35283] INFO  http.HttpServer2 (HttpServer2.java:addFilter(1013)) - Added filter static_user_filter (class=org.apache.hadoop.http.lib.StaticUserWebFilter$StaticUserFilter) to context static
2022-07-12 23:20:07,922 [Listener at 127.0.0.1/35283] INFO  http.HttpServer2 (HttpServer2.java:bindListener(1248)) - Jetty bound to port 40951
2022-07-12 23:20:07,922 [Listener at 127.0.0.1/35283] INFO  server.Server (Server.java:doStart(375)) - jetty-9.4.43.v20210629; built: 2021-06-30T11:07:22.254Z; git: 526006ecfa3af7f1a27ef3a288e2bef7ea9dd7e8; jvm 1.8.0_332-b09
2022-07-12 23:20:07,925 [Listener at 127.0.0.1/35283] INFO  server.session (DefaultSessionIdManager.java:doStart(334)) - DefaultSessionIdManager workerName=node0
2022-07-12 23:20:07,925 [Listener at 127.0.0.1/35283] INFO  server.session (DefaultSessionIdManager.java:doStart(339)) - No SessionScavenger set, using defaults
2022-07-12 23:20:07,925 [Listener at 127.0.0.1/35283] INFO  server.session (HouseKeeper.java:startScavenging(132)) - node0 Scavenging every 600000ms
2022-07-12 23:20:07,928 [Listener at 127.0.0.1/35283] INFO  handler.ContextHandler (ContextHandler.java:doStart(915)) - Started o.e.j.s.ServletContextHandler@574c8a2a{logs,/logs,file:///home/runner/work/ozone/ozone/hadoop-ozone/integration-test/target/log,AVAILABLE}
2022-07-12 23:20:07,937 [Listener at 127.0.0.1/35283] INFO  handler.ContextHandler (ContextHandler.java:doStart(915)) - Started o.e.j.s.ServletContextHandler@218cf600{static,/static,file:///home/runner/work/ozone/ozone/hadoop-ozone/integration-test/target/test-classes/webapps/static,AVAILABLE}
2022-07-12 23:20:07,941 [Listener at 127.0.0.1/35283] INFO  handler.ContextHandler (ContextHandler.java:doStart(915)) - Started o.e.j.w.WebAppContext@1a180d5b{ozoneManager,/,file:///home/runner/work/ozone/ozone/hadoop-ozone/integration-test/target/test-classes/webapps/ozoneManager/,AVAILABLE}{file:/home/runner/work/ozone/ozone/hadoop-ozone/integration-test/target/test-classes/webapps/ozoneManager}
2022-07-12 23:20:07,946 [Listener at 127.0.0.1/35283] INFO  server.AbstractConnector (AbstractConnector.java:doStart(331)) - Started ServerConnector@2957c30c{HTTP/1.1, (http/1.1)}{0.0.0.0:40951}
2022-07-12 23:20:07,946 [Listener at 127.0.0.1/35283] INFO  server.Server (Server.java:doStart(415)) - Started @7420ms
2022-07-12 23:20:07,946 [Listener at 127.0.0.1/35283] WARN  impl.MetricsSystemImpl (MetricsSystemImpl.java:register(279)) - Sink prometheus already exists!
2022-07-12 23:20:07,947 [Listener at 127.0.0.1/35283] INFO  http.BaseHttpServer (BaseHttpServer.java:updateConnectorAddress(329)) - HTTP server of ozoneManager listening at http://0.0.0.0:40951
2022-07-12 23:20:07,957 [IPC Server Responder] INFO  ipc.Server (Server.java:run(1507)) - IPC Server Responder: starting
2022-07-12 23:20:07,965 [IPC Server listener on 0] INFO  ipc.Server (Server.java:run(1344)) - IPC Server listener on 0: starting
2022-07-12 23:20:08,042 [Listener at 127.0.0.1/35283] INFO  om.TrashPolicyOzone (TrashPolicyOzone.java:<init>(178)) - Ozone Manager trash configuration: Deletion interval = 0 minutes, Emptier interval = 0 minutes.
2022-07-12 23:20:08,057 [org.apache.hadoop.util.JvmPauseMonitor$Monitor@79dd676f] INFO  util.JvmPauseMonitor (JvmPauseMonitor.java:run(188)) - Starting JVM pause monitor
2022-07-12 23:20:08,195 [Listener at 127.0.0.1/35283] WARN  impl.MetricRegistriesImpl (MetricRegistriesImpl.java:addReporterRegistration(111)) - New reporters are added after registries were created. Some metrics will be missing from the reporter. Please add reporter before adding any new registry.
2022-07-12 23:20:08,195 [Listener at 127.0.0.1/35283] WARN  impl.MetricRegistriesImpl (MetricRegistriesImpl.java:addReporterRegistration(111)) - New reporters are added after registries were created. Some metrics will be missing from the reporter. Please add reporter before adding any new registry.
2022-07-12 23:20:08,195 [Listener at 127.0.0.1/35283] INFO  impl.MetricsSystemImpl (MetricsSystemImpl.java:init(158)) - HddsDatanode metrics system started (again)
2022-07-12 23:20:08,210 [Listener at 127.0.0.1/35283] INFO  ozone.HddsDatanodeService (HddsDatanodeService.java:start(236)) - HddsDatanodeService host:fv-az46-473.aox2mo1hufxu3kclv1weif3kjc.bx.internal.cloudapp.net ip:10.1.0.13
2022-07-12 23:20:08,233 [Listener at 127.0.0.1/35283] INFO  upgrade.AbstractLayoutVersionManager (AbstractLayoutVersionManager.java:init(83)) - Initializing Layout version manager with metadata layout = DATANODE_SCHEMA_V3 (version = 4), software layout = DATANODE_SCHEMA_V3 (version = 4)
2022-07-12 23:20:08,277 [Listener at 127.0.0.1/35283] INFO  reflections.Reflections (Reflections.java:scan(232)) - Reflections took 42 ms to scan 7 urls, producing 132 keys and 317 values 
2022-07-12 23:20:08,280 [Listener at 127.0.0.1/35283] INFO  statemachine.DatanodeStateMachine (DatanodeStateMachine.java:getEndPointTaskThreadPoolSize(237)) - Datanode State Machine Task Thread Pool size 2
2022-07-12 23:20:08,336 [Listener at 127.0.0.1/35283] INFO  volume.HddsVolume (HddsVolume.java:<init>(116)) - Creating HddsVolume: /home/runner/work/ozone/ozone/hadoop-ozone/integration-test/target/test-dir/MiniOzoneClusterImpl-3dc585a6-3f94-454a-8ee9-12af11f98cc9/datanode-0/data-0/containers/hdds of storage type : DISK capacity : 9223372036854775807
2022-07-12 23:20:08,339 [Listener at 127.0.0.1/35283] INFO  volume.MutableVolumeSet (MutableVolumeSet.java:initializeVolumeSet(174)) - Added Volume : /home/runner/work/ozone/ozone/hadoop-ozone/integration-test/target/test-dir/MiniOzoneClusterImpl-3dc585a6-3f94-454a-8ee9-12af11f98cc9/datanode-0/data-0/containers/hdds to VolumeSet
2022-07-12 23:20:08,340 [Listener at 127.0.0.1/35283] INFO  volume.ThrottledAsyncChecker (ThrottledAsyncChecker.java:schedule(141)) - Scheduling a check for /home/runner/work/ozone/ozone/hadoop-ozone/integration-test/target/test-dir/MiniOzoneClusterImpl-3dc585a6-3f94-454a-8ee9-12af11f98cc9/datanode-0/data-0/containers/hdds
2022-07-12 23:20:08,356 [Listener at 127.0.0.1/35283] INFO  volume.StorageVolumeChecker (StorageVolumeChecker.java:checkAllVolumes(202)) - Scheduled health check for volume /home/runner/work/ozone/ozone/hadoop-ozone/integration-test/target/test-dir/MiniOzoneClusterImpl-3dc585a6-3f94-454a-8ee9-12af11f98cc9/datanode-0/data-0/containers/hdds
2022-07-12 23:20:08,373 [Listener at 127.0.0.1/35283] INFO  volume.MutableVolumeSet (MutableVolumeSet.java:initializeVolumeSet(174)) - Added Volume : /home/runner/work/ozone/ozone/hadoop-ozone/integration-test/target/test-dir/MiniOzoneClusterImpl-3dc585a6-3f94-454a-8ee9-12af11f98cc9/datanode-0/data/ratis to VolumeSet
2022-07-12 23:20:08,373 [Listener at 127.0.0.1/35283] INFO  volume.ThrottledAsyncChecker (ThrottledAsyncChecker.java:schedule(141)) - Scheduling a check for /home/runner/work/ozone/ozone/hadoop-ozone/integration-test/target/test-dir/MiniOzoneClusterImpl-3dc585a6-3f94-454a-8ee9-12af11f98cc9/datanode-0/data/ratis
2022-07-12 23:20:08,374 [Listener at 127.0.0.1/35283] INFO  volume.StorageVolumeChecker (StorageVolumeChecker.java:checkAllVolumes(202)) - Scheduled health check for volume /home/runner/work/ozone/ozone/hadoop-ozone/integration-test/target/test-dir/MiniOzoneClusterImpl-3dc585a6-3f94-454a-8ee9-12af11f98cc9/datanode-0/data/ratis
2022-07-12 23:20:08,396 [Thread-134] INFO  ozoneimpl.ContainerReader (ContainerReader.java:readVolume(175)) - Finish verifying containers on volume /home/runner/work/ozone/ozone/hadoop-ozone/integration-test/target/test-dir/MiniOzoneClusterImpl-3dc585a6-3f94-454a-8ee9-12af11f98cc9/datanode-0/data-0/containers/hdds
2022-07-12 23:20:08,396 [Listener at 127.0.0.1/35283] INFO  ozoneimpl.OzoneContainer (OzoneContainer.java:buildContainerSet(266)) - Build ContainerSet costs 0s
2022-07-12 23:20:08,440 [Listener at 127.0.0.1/35283] INFO  audit.AuditLogger (AuditLogger.java:refreshDebugCmdSet(120)) - Refresh DebugCmdSet for DNAudit to [].
2022-07-12 23:20:08,468 [Listener at 127.0.0.1/35283] INFO  server.RaftServer (ConfUtils.java:logGet(46)) - raft.rpc.type = GRPC (default)
2022-07-12 23:20:08,468 [Listener at 127.0.0.1/35283] INFO  grpc.GrpcFactory (GrpcFactory.java:checkPooledByteBufAllocatorUseCacheForAllThreads(48)) - PERFORMANCE WARNING: useCacheForAllThreads is true that may cause Netty to create a lot garbage objects and, as a result, trigger GC.
	It is recommended to disable useCacheForAllThreads by setting -Dorg.apache.ratis.thirdparty.io.netty.allocator.useCacheForAllThreads=false in command line.
2022-07-12 23:20:08,468 [Listener at 127.0.0.1/35283] INFO  grpc.GrpcConfigKeys (ConfUtils.java:logGet(46)) - raft.grpc.admin.port = 0 (custom)
2022-07-12 23:20:08,468 [Listener at 127.0.0.1/35283] INFO  grpc.GrpcConfigKeys (ConfUtils.java:logGet(46)) - raft.grpc.client.port = 0 (custom)
2022-07-12 23:20:08,469 [Listener at 127.0.0.1/35283] INFO  grpc.GrpcConfigKeys (ConfUtils.java:logGet(46)) - raft.grpc.server.port = 0 (default)
2022-07-12 23:20:08,469 [Listener at 127.0.0.1/35283] INFO  server.GrpcService (ConfUtils.java:logGet(46)) - raft.grpc.message.size.max = 32MB (=33554432) (custom)
2022-07-12 23:20:08,469 [Listener at 127.0.0.1/35283] INFO  server.RaftServerConfigKeys (ConfUtils.java:logGet(46)) - raft.server.log.appender.buffer.byte-limit = 33554432 (custom)
2022-07-12 23:20:08,469 [Listener at 127.0.0.1/35283] INFO  server.GrpcService (ConfUtils.java:logGet(46)) - raft.grpc.flow.control.window = 5MB (=5242880) (custom)
2022-07-12 23:20:08,469 [Listener at 127.0.0.1/35283] INFO  server.RaftServerConfigKeys (ConfUtils.java:logGet(46)) - raft.server.rpc.request.timeout = 60s (custom)
2022-07-12 23:20:08,469 [Listener at 127.0.0.1/35283] INFO  grpc.GrpcConfigKeys (ConfUtils.java:logGet(46)) - raft.grpc.server.async.request.thread.pool.cached = true (default)
2022-07-12 23:20:08,469 [Listener at 127.0.0.1/35283] INFO  grpc.GrpcConfigKeys (ConfUtils.java:logGet(46)) - raft.grpc.server.async.request.thread.pool.size = 32 (default)
2022-07-12 23:20:08,471 [Listener at 127.0.0.1/35283] INFO  impl.DataStreamServerImpl (ConfUtils.java:logGet(46)) - raft.datastream.type = DISABLED (default)
2022-07-12 23:20:08,471 [Listener at 127.0.0.1/35283] INFO  server.RaftServerConfigKeys (ConfUtils.java:logGet(46)) - raft.server.threadpool.proxy.cached = true (default)
2022-07-12 23:20:08,471 [Listener at 127.0.0.1/35283] INFO  server.RaftServerConfigKeys (ConfUtils.java:logGet(46)) - raft.server.threadpool.proxy.size = 0 (default)
2022-07-12 23:20:08,471 [Listener at 127.0.0.1/35283] INFO  server.RaftServerConfigKeys (ConfUtils.java:logGet(46)) - raft.server.rpc.slowness.timeout = 300s (custom)
2022-07-12 23:20:08,472 [Listener at 127.0.0.1/35283] INFO  server.RaftServerConfigKeys (ConfUtils.java:logGet(46)) - raft.server.leaderelection.leader.step-down.wait-time = 10s (default)
2022-07-12 23:20:08,472 [Listener at 127.0.0.1/35283] INFO  server.RaftServerConfigKeys (ConfUtils.java:logGet(46)) - raft.server.storage.dir = [/home/runner/work/ozone/ozone/hadoop-ozone/integration-test/target/test-dir/MiniOzoneClusterImpl-3dc585a6-3f94-454a-8ee9-12af11f98cc9/datanode-0/data/ratis] (custom)
2022-07-12 23:20:08,489 [Listener at 127.0.0.1/35283] INFO  server.XceiverServerGrpc (XceiverServerGrpc.java:<init>(132)) - GrpcServer channel type EpollServerSocketChannel
2022-07-12 23:20:08,554 [Listener at 127.0.0.1/35283] INFO  http.BaseHttpServer (BaseHttpServer.java:newHttpServer2BuilderForOzone(209)) - Starting Web-server for hddsDatanode at: http://0.0.0.0:0
2022-07-12 23:20:08,554 [Listener at 127.0.0.1/35283] INFO  http.BaseHttpServer (BaseHttpServer.java:<init>(107)) - Hadoop Security Enabled: false Ozone Security Enabled: false Ozone HTTP Security Enabled: false 
2022-07-12 23:20:08,556 [Listener at 127.0.0.1/35283] INFO  server.AuthenticationFilter (AuthenticationFilter.java:constructSecretProvider(240)) - Unable to initialize FileSignerSecretProvider, falling back to use random secrets.
2022-07-12 23:20:08,557 [Listener at 127.0.0.1/35283] WARN  http.HttpRequestLog (HttpRequestLog.java:getRequestLog(103)) - Jetty request log can only be enabled using Log4j
2022-07-12 23:20:08,558 [Listener at 127.0.0.1/35283] INFO  http.HttpServer2 (HttpServer2.java:addGlobalFilter(1029)) - Added global filter 'safety' (class=org.apache.hadoop.hdds.server.http.HttpServer2$QuotingInputFilter)
2022-07-12 23:20:08,559 [Listener at 127.0.0.1/35283] INFO  http.HttpServer2 (HttpServer2.java:addFilter(1005)) - Added filter static_user_filter (class=org.apache.hadoop.http.lib.StaticUserWebFilter$StaticUserFilter) to context hddsDatanode
2022-07-12 23:20:08,560 [Listener at 127.0.0.1/35283] INFO  http.HttpServer2 (HttpServer2.java:addFilter(1013)) - Added filter static_user_filter (class=org.apache.hadoop.http.lib.StaticUserWebFilter$StaticUserFilter) to context static
2022-07-12 23:20:08,560 [Listener at 127.0.0.1/35283] INFO  http.HttpServer2 (HttpServer2.java:addFilter(1013)) - Added filter static_user_filter (class=org.apache.hadoop.http.lib.StaticUserWebFilter$StaticUserFilter) to context logs
2022-07-12 23:20:08,560 [Listener at 127.0.0.1/35283] INFO  http.HttpServer2 (HttpServer2.java:bindListener(1248)) - Jetty bound to port 36855
2022-07-12 23:20:08,561 [Listener at 127.0.0.1/35283] INFO  server.Server (Server.java:doStart(375)) - jetty-9.4.43.v20210629; built: 2021-06-30T11:07:22.254Z; git: 526006ecfa3af7f1a27ef3a288e2bef7ea9dd7e8; jvm 1.8.0_332-b09
2022-07-12 23:20:08,566 [Listener at 127.0.0.1/35283] INFO  server.session (DefaultSessionIdManager.java:doStart(334)) - DefaultSessionIdManager workerName=node0
2022-07-12 23:20:08,566 [Listener at 127.0.0.1/35283] INFO  server.session (DefaultSessionIdManager.java:doStart(339)) - No SessionScavenger set, using defaults
2022-07-12 23:20:08,566 [Listener at 127.0.0.1/35283] INFO  server.session (HouseKeeper.java:startScavenging(132)) - node0 Scavenging every 660000ms
2022-07-12 23:20:08,567 [Listener at 127.0.0.1/35283] INFO  handler.ContextHandler (ContextHandler.java:doStart(915)) - Started o.e.j.s.ServletContextHandler@70137569{logs,/logs,file:///home/runner/work/ozone/ozone/hadoop-ozone/integration-test/target/log,AVAILABLE}
2022-07-12 23:20:08,568 [Listener at 127.0.0.1/35283] INFO  handler.ContextHandler (ContextHandler.java:doStart(915)) - Started o.e.j.s.ServletContextHandler@1d49806{static,/static,jar:file:/home/runner/.m2/repository/org/apache/ozone/hdds-container-service/1.3.0-SNAPSHOT/hdds-container-service-1.3.0-SNAPSHOT.jar!/webapps/static,AVAILABLE}
2022-07-12 23:20:08,763 [Listener at 127.0.0.1/35283] INFO  handler.ContextHandler (ContextHandler.java:doStart(915)) - Started o.e.j.w.WebAppContext@18ae9e1b{hddsDatanode,/,file:///tmp/jetty-0_0_0_0-36855-hdds-container-service-1_3_0-SNAPSHOT_jar-_-any-1975283419938137446/webapp/,AVAILABLE}{jar:file:/home/runner/.m2/repository/org/apache/ozone/hdds-container-service/1.3.0-SNAPSHOT/hdds-container-service-1.3.0-SNAPSHOT.jar!/webapps/hddsDatanode}
2022-07-12 23:20:08,763 [om1@group-C5BA1605619E-FollowerState] INFO  impl.FollowerState (FollowerState.java:run(143)) - om1@group-C5BA1605619E-FollowerState: change to CANDIDATE, lastRpcElapsedTime:1096227966ns, electionTimeout:1079ms
2022-07-12 23:20:08,765 [om1@group-C5BA1605619E-FollowerState] INFO  impl.RoleInfo (RoleInfo.java:shutdownFollowerState(110)) - om1: shutdown om1@group-C5BA1605619E-FollowerState
2022-07-12 23:20:08,765 [om1@group-C5BA1605619E-FollowerState] INFO  server.RaftServer$Division (RaftServerImpl.java:setRole(299)) - om1@group-C5BA1605619E: changes role from  FOLLOWER to CANDIDATE at term 0 for changeToCandidate
2022-07-12 23:20:08,769 [om1@group-C5BA1605619E-FollowerState] INFO  server.RaftServerConfigKeys (ConfUtils.java:logGet(46)) - raft.server.leaderelection.pre-vote = false (custom)
2022-07-12 23:20:08,770 [om1@group-C5BA1605619E-FollowerState] INFO  impl.RoleInfo (RoleInfo.java:updateAndGet(139)) - om1: start om1@group-C5BA1605619E-LeaderElection1
2022-07-12 23:20:08,772 [Listener at 127.0.0.1/35283] INFO  server.AbstractConnector (AbstractConnector.java:doStart(331)) - Started ServerConnector@3c4570f4{HTTP/1.1, (http/1.1)}{0.0.0.0:36855}
2022-07-12 23:20:08,772 [Listener at 127.0.0.1/35283] INFO  server.Server (Server.java:doStart(415)) - Started @8246ms
2022-07-12 23:20:08,772 [Listener at 127.0.0.1/35283] WARN  impl.MetricsSystemImpl (MetricsSystemImpl.java:register(279)) - Sink prometheus already exists!
2022-07-12 23:20:08,775 [Listener at 127.0.0.1/35283] INFO  http.BaseHttpServer (BaseHttpServer.java:updateConnectorAddress(329)) - HTTP server of hddsDatanode listening at http://0.0.0.0:36855
2022-07-12 23:20:08,777 [Listener at 127.0.0.1/35283] WARN  impl.MetricRegistriesImpl (MetricRegistriesImpl.java:addReporterRegistration(111)) - New reporters are added after registries were created. Some metrics will be missing from the reporter. Please add reporter before adding any new registry.
2022-07-12 23:20:08,777 [Listener at 127.0.0.1/35283] WARN  impl.MetricRegistriesImpl (MetricRegistriesImpl.java:addReporterRegistration(111)) - New reporters are added after registries were created. Some metrics will be missing from the reporter. Please add reporter before adding any new registry.
2022-07-12 23:20:08,777 [Listener at 127.0.0.1/35283] INFO  impl.MetricsSystemImpl (MetricsSystemImpl.java:init(158)) - HddsDatanode metrics system started (again)
2022-07-12 23:20:08,785 [Datanode State Machine Daemon Thread] INFO  statemachine.DatanodeStateMachine (DatanodeStateMachine.java:lambda$startDaemon$0(492)) - Ozone container server started.
2022-07-12 23:20:08,796 [Listener at 127.0.0.1/35283] INFO  ozone.HddsDatanodeService (HddsDatanodeService.java:start(236)) - HddsDatanodeService host:fv-az46-473.aox2mo1hufxu3kclv1weif3kjc.bx.internal.cloudapp.net ip:10.1.0.13
2022-07-12 23:20:08,806 [om1@group-C5BA1605619E-LeaderElection1] INFO  impl.LeaderElection (LeaderElection.java:askForVotes(310)) - om1@group-C5BA1605619E-LeaderElection1 ELECTION round 0: submit vote requests at term 1 for -1: [om1|rpc:localhost:9872|priority:0], old=null
2022-07-12 23:20:08,807 [om1@group-C5BA1605619E-LeaderElection1] INFO  impl.LeaderElection (LeaderElection.java:askForVotes(312)) - om1@group-C5BA1605619E-LeaderElection1 ELECTION round 0: result PASSED (term=1)
2022-07-12 23:20:08,808 [org.apache.hadoop.util.JvmPauseMonitor$Monitor@6f9d973] INFO  util.JvmPauseMonitor (JvmPauseMonitor.java:run(188)) - Starting JVM pause monitor
2022-07-12 23:20:08,808 [om1@group-C5BA1605619E-LeaderElection1] INFO  impl.RoleInfo (RoleInfo.java:shutdownLeaderElection(130)) - om1: shutdown om1@group-C5BA1605619E-LeaderElection1
2022-07-12 23:20:08,808 [om1@group-C5BA1605619E-LeaderElection1] INFO  server.RaftServer$Division (RaftServerImpl.java:setRole(299)) - om1@group-C5BA1605619E: changes role from CANDIDATE to LEADER at term 1 for changeToLeader
2022-07-12 23:20:08,808 [om1@group-C5BA1605619E-LeaderElection1] INFO  server.RaftServer$Division (ServerState.java:setLeader(287)) - om1@group-C5BA1605619E: change Leader from null to om1 at term 1 for becomeLeader, leader elected after 1997ms
2022-07-12 23:20:08,817 [om1@group-C5BA1605619E-LeaderElection1] INFO  server.RaftServerConfigKeys (ConfUtils.java:logGet(46)) - raft.server.staging.catchup.gap = 1000 (default)
2022-07-12 23:20:08,820 [Listener at 127.0.0.1/35283] INFO  upgrade.AbstractLayoutVersionManager (AbstractLayoutVersionManager.java:init(83)) - Initializing Layout version manager with metadata layout = DATANODE_SCHEMA_V3 (version = 4), software layout = DATANODE_SCHEMA_V3 (version = 4)
2022-07-12 23:20:08,831 [om1@group-C5BA1605619E-LeaderElection1] INFO  server.RaftServerConfigKeys (ConfUtils.java:logGet(46)) - raft.server.write.element-limit = 4096 (default)
2022-07-12 23:20:08,832 [om1@group-C5BA1605619E-LeaderElection1] INFO  server.RaftServerConfigKeys (ConfUtils.java:logGet(46)) - raft.server.write.byte-limit = 64MB (=67108864) (default)
2022-07-12 23:20:08,841 [om1@group-C5BA1605619E-LeaderElection1] INFO  server.RaftServerConfigKeys (ConfUtils.java:logGet(46)) - raft.server.watch.timeout = 10s (default)
2022-07-12 23:20:08,842 [om1@group-C5BA1605619E-LeaderElection1] INFO  server.RaftServerConfigKeys (ConfUtils.java:logGet(46)) - raft.server.watch.timeout.denomination = 1s (default)
2022-07-12 23:20:08,850 [om1@group-C5BA1605619E-LeaderElection1] INFO  server.RaftServerConfigKeys (ConfUtils.java:logGet(46)) - raft.server.watch.element-limit = 65536 (default)
2022-07-12 23:20:08,855 [om1@group-C5BA1605619E-LeaderElection1] INFO  server.RaftServerConfigKeys (ConfUtils.java:logGet(46)) - raft.server.write.element-limit = 4096 (default)
2022-07-12 23:20:08,863 [om1@group-C5BA1605619E-LeaderElection1] INFO  server.RaftServerConfigKeys (ConfUtils.java:logGet(46)) - raft.server.write.follower.gap.ratio.max = -1.0 (default)
2022-07-12 23:20:08,871 [om1@group-C5BA1605619E-LeaderElection1] INFO  impl.RoleInfo (RoleInfo.java:updateAndGet(139)) - om1: start om1@group-C5BA1605619E-LeaderStateImpl
2022-07-12 23:20:08,914 [Listener at 127.0.0.1/35283] INFO  reflections.Reflections (Reflections.java:scan(232)) - Reflections took 91 ms to scan 7 urls, producing 132 keys and 317 values 
2022-07-12 23:20:08,925 [Listener at 127.0.0.1/35283] INFO  statemachine.DatanodeStateMachine (DatanodeStateMachine.java:getEndPointTaskThreadPoolSize(237)) - Datanode State Machine Task Thread Pool size 2
2022-07-12 23:20:08,926 [om1@group-C5BA1605619E-LeaderElection1] INFO  segmented.SegmentedRaftLogWorker (SegmentedRaftLogWorker.java:startLogSegment(425)) - om1@group-C5BA1605619E-SegmentedRaftLogWorker: Starting segment from index:0
2022-07-12 23:20:08,945 [Listener at 127.0.0.1/35283] INFO  volume.HddsVolume (HddsVolume.java:<init>(116)) - Creating HddsVolume: /home/runner/work/ozone/ozone/hadoop-ozone/integration-test/target/test-dir/MiniOzoneClusterImpl-3dc585a6-3f94-454a-8ee9-12af11f98cc9/datanode-1/data-0/containers/hdds of storage type : DISK capacity : 9223372036854775807
2022-07-12 23:20:08,946 [Listener at 127.0.0.1/35283] INFO  volume.MutableVolumeSet (MutableVolumeSet.java:initializeVolumeSet(174)) - Added Volume : /home/runner/work/ozone/ozone/hadoop-ozone/integration-test/target/test-dir/MiniOzoneClusterImpl-3dc585a6-3f94-454a-8ee9-12af11f98cc9/datanode-1/data-0/containers/hdds to VolumeSet
2022-07-12 23:20:08,946 [Listener at 127.0.0.1/35283] INFO  volume.ThrottledAsyncChecker (ThrottledAsyncChecker.java:schedule(141)) - Scheduling a check for /home/runner/work/ozone/ozone/hadoop-ozone/integration-test/target/test-dir/MiniOzoneClusterImpl-3dc585a6-3f94-454a-8ee9-12af11f98cc9/datanode-1/data-0/containers/hdds
2022-07-12 23:20:08,963 [Listener at 127.0.0.1/35283] INFO  volume.StorageVolumeChecker (StorageVolumeChecker.java:checkAllVolumes(202)) - Scheduled health check for volume /home/runner/work/ozone/ozone/hadoop-ozone/integration-test/target/test-dir/MiniOzoneClusterImpl-3dc585a6-3f94-454a-8ee9-12af11f98cc9/datanode-1/data-0/containers/hdds
2022-07-12 23:20:09,001 [Listener at 127.0.0.1/35283] INFO  volume.MutableVolumeSet (MutableVolumeSet.java:initializeVolumeSet(174)) - Added Volume : /home/runner/work/ozone/ozone/hadoop-ozone/integration-test/target/test-dir/MiniOzoneClusterImpl-3dc585a6-3f94-454a-8ee9-12af11f98cc9/datanode-1/data/ratis to VolumeSet
2022-07-12 23:20:09,001 [Listener at 127.0.0.1/35283] INFO  volume.ThrottledAsyncChecker (ThrottledAsyncChecker.java:schedule(141)) - Scheduling a check for /home/runner/work/ozone/ozone/hadoop-ozone/integration-test/target/test-dir/MiniOzoneClusterImpl-3dc585a6-3f94-454a-8ee9-12af11f98cc9/datanode-1/data/ratis
2022-07-12 23:20:09,001 [Listener at 127.0.0.1/35283] INFO  volume.StorageVolumeChecker (StorageVolumeChecker.java:checkAllVolumes(202)) - Scheduled health check for volume /home/runner/work/ozone/ozone/hadoop-ozone/integration-test/target/test-dir/MiniOzoneClusterImpl-3dc585a6-3f94-454a-8ee9-12af11f98cc9/datanode-1/data/ratis
2022-07-12 23:20:09,029 [om1@group-C5BA1605619E-LeaderElection1] INFO  server.RaftServer$Division (ServerState.java:setRaftConf(393)) - om1@group-C5BA1605619E: set configuration 0: [om1|rpc:localhost:9872|admin:|client:|dataStream:|priority:0], old=null
2022-07-12 23:20:09,060 [Thread-149] INFO  ozoneimpl.ContainerReader (ContainerReader.java:readVolume(175)) - Finish verifying containers on volume /home/runner/work/ozone/ozone/hadoop-ozone/integration-test/target/test-dir/MiniOzoneClusterImpl-3dc585a6-3f94-454a-8ee9-12af11f98cc9/datanode-1/data-0/containers/hdds
2022-07-12 23:20:09,073 [Listener at 127.0.0.1/35283] INFO  ozoneimpl.OzoneContainer (OzoneContainer.java:buildContainerSet(266)) - Build ContainerSet costs 0s
2022-07-12 23:20:09,076 [Listener at 127.0.0.1/35283] INFO  server.RaftServer (ConfUtils.java:logGet(46)) - raft.rpc.type = GRPC (default)
2022-07-12 23:20:09,077 [Listener at 127.0.0.1/35283] INFO  grpc.GrpcFactory (GrpcFactory.java:checkPooledByteBufAllocatorUseCacheForAllThreads(48)) - PERFORMANCE WARNING: useCacheForAllThreads is true that may cause Netty to create a lot garbage objects and, as a result, trigger GC.
	It is recommended to disable useCacheForAllThreads by setting -Dorg.apache.ratis.thirdparty.io.netty.allocator.useCacheForAllThreads=false in command line.
2022-07-12 23:20:09,077 [Listener at 127.0.0.1/35283] INFO  grpc.GrpcConfigKeys (ConfUtils.java:logGet(46)) - raft.grpc.admin.port = 0 (custom)
2022-07-12 23:20:09,077 [Listener at 127.0.0.1/35283] INFO  grpc.GrpcConfigKeys (ConfUtils.java:logGet(46)) - raft.grpc.client.port = 0 (custom)
2022-07-12 23:20:09,077 [Listener at 127.0.0.1/35283] INFO  grpc.GrpcConfigKeys (ConfUtils.java:logGet(46)) - raft.grpc.server.port = 0 (default)
2022-07-12 23:20:09,077 [Listener at 127.0.0.1/35283] INFO  server.GrpcService (ConfUtils.java:logGet(46)) - raft.grpc.message.size.max = 32MB (=33554432) (custom)
2022-07-12 23:20:09,077 [Listener at 127.0.0.1/35283] INFO  server.RaftServerConfigKeys (ConfUtils.java:logGet(46)) - raft.server.log.appender.buffer.byte-limit = 33554432 (custom)
2022-07-12 23:20:09,078 [Listener at 127.0.0.1/35283] INFO  server.GrpcService (ConfUtils.java:logGet(46)) - raft.grpc.flow.control.window = 5MB (=5242880) (custom)
2022-07-12 23:20:09,078 [Listener at 127.0.0.1/35283] INFO  server.RaftServerConfigKeys (ConfUtils.java:logGet(46)) - raft.server.rpc.request.timeout = 60s (custom)
2022-07-12 23:20:09,078 [Listener at 127.0.0.1/35283] INFO  grpc.GrpcConfigKeys (ConfUtils.java:logGet(46)) - raft.grpc.server.async.request.thread.pool.cached = true (default)
2022-07-12 23:20:09,078 [Listener at 127.0.0.1/35283] INFO  grpc.GrpcConfigKeys (ConfUtils.java:logGet(46)) - raft.grpc.server.async.request.thread.pool.size = 32 (default)
2022-07-12 23:20:09,079 [Listener at 127.0.0.1/35283] INFO  impl.DataStreamServerImpl (ConfUtils.java:logGet(46)) - raft.datastream.type = DISABLED (default)
2022-07-12 23:20:09,079 [Listener at 127.0.0.1/35283] INFO  server.RaftServerConfigKeys (ConfUtils.java:logGet(46)) - raft.server.threadpool.proxy.cached = true (default)
2022-07-12 23:20:09,080 [Listener at 127.0.0.1/35283] INFO  server.RaftServerConfigKeys (ConfUtils.java:logGet(46)) - raft.server.threadpool.proxy.size = 0 (default)
2022-07-12 23:20:09,080 [Listener at 127.0.0.1/35283] INFO  server.RaftServerConfigKeys (ConfUtils.java:logGet(46)) - raft.server.rpc.slowness.timeout = 300s (custom)
2022-07-12 23:20:09,080 [Listener at 127.0.0.1/35283] INFO  server.RaftServerConfigKeys (ConfUtils.java:logGet(46)) - raft.server.leaderelection.leader.step-down.wait-time = 10s (default)
2022-07-12 23:20:09,080 [Listener at 127.0.0.1/35283] INFO  server.RaftServerConfigKeys (ConfUtils.java:logGet(46)) - raft.server.storage.dir = [/home/runner/work/ozone/ozone/hadoop-ozone/integration-test/target/test-dir/MiniOzoneClusterImpl-3dc585a6-3f94-454a-8ee9-12af11f98cc9/datanode-1/data/ratis] (custom)
2022-07-12 23:20:09,090 [Listener at 127.0.0.1/35283] INFO  server.XceiverServerGrpc (XceiverServerGrpc.java:<init>(132)) - GrpcServer channel type EpollServerSocketChannel
2022-07-12 23:20:09,098 [Datanode State Machine Task Thread - 0] INFO  datanode.InitDatanodeState (InitDatanodeState.java:persistContainerDatanodeDetails(138)) - DatanodeDetails is persisted to /home/runner/work/ozone/ozone/hadoop-ozone/integration-test/target/test-dir/MiniOzoneClusterImpl-3dc585a6-3f94-454a-8ee9-12af11f98cc9/datanode-0/meta/datanode.id
2022-07-12 23:20:09,099 [Listener at 127.0.0.1/35283] INFO  http.BaseHttpServer (BaseHttpServer.java:newHttpServer2BuilderForOzone(209)) - Starting Web-server for hddsDatanode at: http://0.0.0.0:0
2022-07-12 23:20:09,099 [Listener at 127.0.0.1/35283] INFO  http.BaseHttpServer (BaseHttpServer.java:<init>(107)) - Hadoop Security Enabled: false Ozone Security Enabled: false Ozone HTTP Security Enabled: false 
2022-07-12 23:20:09,101 [Listener at 127.0.0.1/35283] INFO  server.AuthenticationFilter (AuthenticationFilter.java:constructSecretProvider(240)) - Unable to initialize FileSignerSecretProvider, falling back to use random secrets.
2022-07-12 23:20:09,108 [Listener at 127.0.0.1/35283] WARN  http.HttpRequestLog (HttpRequestLog.java:getRequestLog(103)) - Jetty request log can only be enabled using Log4j
2022-07-12 23:20:09,109 [Listener at 127.0.0.1/35283] INFO  http.HttpServer2 (HttpServer2.java:addGlobalFilter(1029)) - Added global filter 'safety' (class=org.apache.hadoop.hdds.server.http.HttpServer2$QuotingInputFilter)
2022-07-12 23:20:09,110 [Listener at 127.0.0.1/35283] INFO  http.HttpServer2 (HttpServer2.java:addFilter(1005)) - Added filter static_user_filter (class=org.apache.hadoop.http.lib.StaticUserWebFilter$StaticUserFilter) to context hddsDatanode
2022-07-12 23:20:09,110 [Listener at 127.0.0.1/35283] INFO  http.HttpServer2 (HttpServer2.java:addFilter(1013)) - Added filter static_user_filter (class=org.apache.hadoop.http.lib.StaticUserWebFilter$StaticUserFilter) to context logs
2022-07-12 23:20:09,110 [Listener at 127.0.0.1/35283] INFO  http.HttpServer2 (HttpServer2.java:addFilter(1013)) - Added filter static_user_filter (class=org.apache.hadoop.http.lib.StaticUserWebFilter$StaticUserFilter) to context static
2022-07-12 23:20:09,111 [Listener at 127.0.0.1/35283] INFO  http.HttpServer2 (HttpServer2.java:bindListener(1248)) - Jetty bound to port 37251
2022-07-12 23:20:09,111 [Listener at 127.0.0.1/35283] INFO  server.Server (Server.java:doStart(375)) - jetty-9.4.43.v20210629; built: 2021-06-30T11:07:22.254Z; git: 526006ecfa3af7f1a27ef3a288e2bef7ea9dd7e8; jvm 1.8.0_332-b09
2022-07-12 23:20:09,118 [Listener at 127.0.0.1/35283] INFO  server.session (DefaultSessionIdManager.java:doStart(334)) - DefaultSessionIdManager workerName=node0
2022-07-12 23:20:09,118 [Listener at 127.0.0.1/35283] INFO  server.session (DefaultSessionIdManager.java:doStart(339)) - No SessionScavenger set, using defaults
2022-07-12 23:20:09,119 [Listener at 127.0.0.1/35283] INFO  server.session (HouseKeeper.java:startScavenging(132)) - node0 Scavenging every 600000ms
2022-07-12 23:20:09,121 [Listener at 127.0.0.1/35283] INFO  handler.ContextHandler (ContextHandler.java:doStart(915)) - Started o.e.j.s.ServletContextHandler@be305f0{logs,/logs,file:///home/runner/work/ozone/ozone/hadoop-ozone/integration-test/target/log,AVAILABLE}
2022-07-12 23:20:09,121 [Listener at 127.0.0.1/35283] INFO  handler.ContextHandler (ContextHandler.java:doStart(915)) - Started o.e.j.s.ServletContextHandler@678074c3{static,/static,jar:file:/home/runner/.m2/repository/org/apache/ozone/hdds-container-service/1.3.0-SNAPSHOT/hdds-container-service-1.3.0-SNAPSHOT.jar!/webapps/static,AVAILABLE}
2022-07-12 23:20:09,129 [om1@group-C5BA1605619E-SegmentedRaftLogWorker] INFO  segmented.SegmentedRaftLogWorker (SegmentedRaftLogWorker.java:execute(629)) - om1@group-C5BA1605619E-SegmentedRaftLogWorker: created new log segment /home/runner/work/ozone/ozone/hadoop-ozone/integration-test/target/test-dir/MiniOzoneClusterImpl-3dc585a6-3f94-454a-8ee9-12af11f98cc9/ozone-meta/ratis/bf265839-605b-3f16-9796-c5ba1605619e/current/log_inprogress_0
2022-07-12 23:20:09,251 [om1@group-C5BA1605619E-StateMachineUpdater] INFO  ratis.OzoneManagerStateMachine (OzoneManagerStateMachine.java:notifyConfigurationChanged(192)) - Received Configuration change notification from Ratis. New Peer list:
[id: "om1"
address: "localhost:9872"
]
2022-07-12 23:20:09,350 [Listener at 127.0.0.1/35283] INFO  handler.ContextHandler (ContextHandler.java:doStart(915)) - Started o.e.j.w.WebAppContext@3c5abe41{hddsDatanode,/,file:///tmp/jetty-0_0_0_0-37251-hdds-container-service-1_3_0-SNAPSHOT_jar-_-any-1657739865193891107/webapp/,AVAILABLE}{jar:file:/home/runner/.m2/repository/org/apache/ozone/hdds-container-service/1.3.0-SNAPSHOT/hdds-container-service-1.3.0-SNAPSHOT.jar!/webapps/hddsDatanode}
2022-07-12 23:20:09,352 [Listener at 127.0.0.1/35283] INFO  server.AbstractConnector (AbstractConnector.java:doStart(331)) - Started ServerConnector@5e4bb097{HTTP/1.1, (http/1.1)}{0.0.0.0:37251}
2022-07-12 23:20:09,352 [Listener at 127.0.0.1/35283] INFO  server.Server (Server.java:doStart(415)) - Started @8826ms
2022-07-12 23:20:09,352 [Listener at 127.0.0.1/35283] WARN  impl.MetricsSystemImpl (MetricsSystemImpl.java:register(279)) - Sink prometheus already exists!
2022-07-12 23:20:09,358 [Listener at 127.0.0.1/35283] INFO  http.BaseHttpServer (BaseHttpServer.java:updateConnectorAddress(329)) - HTTP server of hddsDatanode listening at http://0.0.0.0:37251
2022-07-12 23:20:09,359 [Datanode State Machine Daemon Thread] INFO  statemachine.DatanodeStateMachine (DatanodeStateMachine.java:lambda$startDaemon$0(492)) - Ozone container server started.
2022-07-12 23:20:09,359 [Listener at 127.0.0.1/35283] WARN  impl.MetricRegistriesImpl (MetricRegistriesImpl.java:addReporterRegistration(111)) - New reporters are added after registries were created. Some metrics will be missing from the reporter. Please add reporter before adding any new registry.
2022-07-12 23:20:09,360 [Listener at 127.0.0.1/35283] WARN  impl.MetricRegistriesImpl (MetricRegistriesImpl.java:addReporterRegistration(111)) - New reporters are added after registries were created. Some metrics will be missing from the reporter. Please add reporter before adding any new registry.
2022-07-12 23:20:09,360 [Listener at 127.0.0.1/35283] INFO  impl.MetricsSystemImpl (MetricsSystemImpl.java:init(158)) - HddsDatanode metrics system started (again)
2022-07-12 23:20:09,371 [Listener at 127.0.0.1/35283] INFO  ozone.HddsDatanodeService (HddsDatanodeService.java:start(236)) - HddsDatanodeService host:fv-az46-473.aox2mo1hufxu3kclv1weif3kjc.bx.internal.cloudapp.net ip:10.1.0.13
2022-07-12 23:20:09,389 [org.apache.hadoop.util.JvmPauseMonitor$Monitor@864c952] INFO  util.JvmPauseMonitor (JvmPauseMonitor.java:run(188)) - Starting JVM pause monitor
2022-07-12 23:20:09,396 [Datanode State Machine Task Thread - 0] INFO  datanode.InitDatanodeState (InitDatanodeState.java:persistContainerDatanodeDetails(138)) - DatanodeDetails is persisted to /home/runner/work/ozone/ozone/hadoop-ozone/integration-test/target/test-dir/MiniOzoneClusterImpl-3dc585a6-3f94-454a-8ee9-12af11f98cc9/datanode-1/meta/datanode.id
2022-07-12 23:20:09,402 [Listener at 127.0.0.1/35283] INFO  upgrade.AbstractLayoutVersionManager (AbstractLayoutVersionManager.java:init(83)) - Initializing Layout version manager with metadata layout = DATANODE_SCHEMA_V3 (version = 4), software layout = DATANODE_SCHEMA_V3 (version = 4)
2022-07-12 23:20:09,447 [Listener at 127.0.0.1/35283] INFO  reflections.Reflections (Reflections.java:scan(232)) - Reflections took 44 ms to scan 7 urls, producing 132 keys and 317 values 
2022-07-12 23:20:09,450 [Listener at 127.0.0.1/35283] INFO  statemachine.DatanodeStateMachine (DatanodeStateMachine.java:getEndPointTaskThreadPoolSize(237)) - Datanode State Machine Task Thread Pool size 2
2022-07-12 23:20:09,452 [Listener at 127.0.0.1/35283] INFO  volume.HddsVolume (HddsVolume.java:<init>(116)) - Creating HddsVolume: /home/runner/work/ozone/ozone/hadoop-ozone/integration-test/target/test-dir/MiniOzoneClusterImpl-3dc585a6-3f94-454a-8ee9-12af11f98cc9/datanode-2/data-0/containers/hdds of storage type : DISK capacity : 9223372036854775807
2022-07-12 23:20:09,453 [Listener at 127.0.0.1/35283] INFO  volume.MutableVolumeSet (MutableVolumeSet.java:initializeVolumeSet(174)) - Added Volume : /home/runner/work/ozone/ozone/hadoop-ozone/integration-test/target/test-dir/MiniOzoneClusterImpl-3dc585a6-3f94-454a-8ee9-12af11f98cc9/datanode-2/data-0/containers/hdds to VolumeSet
2022-07-12 23:20:09,453 [Listener at 127.0.0.1/35283] INFO  volume.ThrottledAsyncChecker (ThrottledAsyncChecker.java:schedule(141)) - Scheduling a check for /home/runner/work/ozone/ozone/hadoop-ozone/integration-test/target/test-dir/MiniOzoneClusterImpl-3dc585a6-3f94-454a-8ee9-12af11f98cc9/datanode-2/data-0/containers/hdds
2022-07-12 23:20:09,457 [Listener at 127.0.0.1/35283] INFO  volume.StorageVolumeChecker (StorageVolumeChecker.java:checkAllVolumes(202)) - Scheduled health check for volume /home/runner/work/ozone/ozone/hadoop-ozone/integration-test/target/test-dir/MiniOzoneClusterImpl-3dc585a6-3f94-454a-8ee9-12af11f98cc9/datanode-2/data-0/containers/hdds
2022-07-12 23:20:09,469 [Listener at 127.0.0.1/35283] INFO  volume.MutableVolumeSet (MutableVolumeSet.java:initializeVolumeSet(174)) - Added Volume : /home/runner/work/ozone/ozone/hadoop-ozone/integration-test/target/test-dir/MiniOzoneClusterImpl-3dc585a6-3f94-454a-8ee9-12af11f98cc9/datanode-2/data/ratis to VolumeSet
2022-07-12 23:20:09,469 [Listener at 127.0.0.1/35283] INFO  volume.ThrottledAsyncChecker (ThrottledAsyncChecker.java:schedule(141)) - Scheduling a check for /home/runner/work/ozone/ozone/hadoop-ozone/integration-test/target/test-dir/MiniOzoneClusterImpl-3dc585a6-3f94-454a-8ee9-12af11f98cc9/datanode-2/data/ratis
2022-07-12 23:20:09,470 [Listener at 127.0.0.1/35283] INFO  volume.StorageVolumeChecker (StorageVolumeChecker.java:checkAllVolumes(202)) - Scheduled health check for volume /home/runner/work/ozone/ozone/hadoop-ozone/integration-test/target/test-dir/MiniOzoneClusterImpl-3dc585a6-3f94-454a-8ee9-12af11f98cc9/datanode-2/data/ratis
2022-07-12 23:20:09,481 [Thread-162] INFO  ozoneimpl.ContainerReader (ContainerReader.java:readVolume(175)) - Finish verifying containers on volume /home/runner/work/ozone/ozone/hadoop-ozone/integration-test/target/test-dir/MiniOzoneClusterImpl-3dc585a6-3f94-454a-8ee9-12af11f98cc9/datanode-2/data-0/containers/hdds
2022-07-12 23:20:09,481 [Listener at 127.0.0.1/35283] INFO  ozoneimpl.OzoneContainer (OzoneContainer.java:buildContainerSet(266)) - Build ContainerSet costs 0s
2022-07-12 23:20:09,484 [Listener at 127.0.0.1/35283] INFO  server.RaftServer (ConfUtils.java:logGet(46)) - raft.rpc.type = GRPC (default)
2022-07-12 23:20:09,484 [Listener at 127.0.0.1/35283] INFO  grpc.GrpcFactory (GrpcFactory.java:checkPooledByteBufAllocatorUseCacheForAllThreads(48)) - PERFORMANCE WARNING: useCacheForAllThreads is true that may cause Netty to create a lot garbage objects and, as a result, trigger GC.
	It is recommended to disable useCacheForAllThreads by setting -Dorg.apache.ratis.thirdparty.io.netty.allocator.useCacheForAllThreads=false in command line.
2022-07-12 23:20:09,484 [Listener at 127.0.0.1/35283] INFO  grpc.GrpcConfigKeys (ConfUtils.java:logGet(46)) - raft.grpc.admin.port = 0 (custom)
2022-07-12 23:20:09,485 [Listener at 127.0.0.1/35283] INFO  grpc.GrpcConfigKeys (ConfUtils.java:logGet(46)) - raft.grpc.client.port = 0 (custom)
2022-07-12 23:20:09,485 [Listener at 127.0.0.1/35283] INFO  grpc.GrpcConfigKeys (ConfUtils.java:logGet(46)) - raft.grpc.server.port = 0 (default)
2022-07-12 23:20:09,485 [Listener at 127.0.0.1/35283] INFO  server.GrpcService (ConfUtils.java:logGet(46)) - raft.grpc.message.size.max = 32MB (=33554432) (custom)
2022-07-12 23:20:09,485 [Listener at 127.0.0.1/35283] INFO  server.RaftServerConfigKeys (ConfUtils.java:logGet(46)) - raft.server.log.appender.buffer.byte-limit = 33554432 (custom)
2022-07-12 23:20:09,485 [Listener at 127.0.0.1/35283] INFO  server.GrpcService (ConfUtils.java:logGet(46)) - raft.grpc.flow.control.window = 5MB (=5242880) (custom)
2022-07-12 23:20:09,485 [Listener at 127.0.0.1/35283] INFO  server.RaftServerConfigKeys (ConfUtils.java:logGet(46)) - raft.server.rpc.request.timeout = 60s (custom)
2022-07-12 23:20:09,485 [Listener at 127.0.0.1/35283] INFO  grpc.GrpcConfigKeys (ConfUtils.java:logGet(46)) - raft.grpc.server.async.request.thread.pool.cached = true (default)
2022-07-12 23:20:09,485 [Listener at 127.0.0.1/35283] INFO  grpc.GrpcConfigKeys (ConfUtils.java:logGet(46)) - raft.grpc.server.async.request.thread.pool.size = 32 (default)
2022-07-12 23:20:09,487 [Listener at 127.0.0.1/35283] INFO  impl.DataStreamServerImpl (ConfUtils.java:logGet(46)) - raft.datastream.type = DISABLED (default)
2022-07-12 23:20:09,487 [Listener at 127.0.0.1/35283] INFO  server.RaftServerConfigKeys (ConfUtils.java:logGet(46)) - raft.server.threadpool.proxy.cached = true (default)
2022-07-12 23:20:09,487 [Listener at 127.0.0.1/35283] INFO  server.RaftServerConfigKeys (ConfUtils.java:logGet(46)) - raft.server.threadpool.proxy.size = 0 (default)
2022-07-12 23:20:09,487 [Listener at 127.0.0.1/35283] INFO  server.RaftServerConfigKeys (ConfUtils.java:logGet(46)) - raft.server.rpc.slowness.timeout = 300s (custom)
2022-07-12 23:20:09,487 [Listener at 127.0.0.1/35283] INFO  server.RaftServerConfigKeys (ConfUtils.java:logGet(46)) - raft.server.leaderelection.leader.step-down.wait-time = 10s (default)
2022-07-12 23:20:09,487 [Listener at 127.0.0.1/35283] INFO  server.RaftServerConfigKeys (ConfUtils.java:logGet(46)) - raft.server.storage.dir = [/home/runner/work/ozone/ozone/hadoop-ozone/integration-test/target/test-dir/MiniOzoneClusterImpl-3dc585a6-3f94-454a-8ee9-12af11f98cc9/datanode-2/data/ratis] (custom)
2022-07-12 23:20:09,492 [Listener at 127.0.0.1/35283] INFO  server.XceiverServerGrpc (XceiverServerGrpc.java:<init>(132)) - GrpcServer channel type EpollServerSocketChannel
2022-07-12 23:20:09,495 [Listener at 127.0.0.1/35283] INFO  http.BaseHttpServer (BaseHttpServer.java:newHttpServer2BuilderForOzone(209)) - Starting Web-server for hddsDatanode at: http://0.0.0.0:0
2022-07-12 23:20:09,495 [Listener at 127.0.0.1/35283] INFO  http.BaseHttpServer (BaseHttpServer.java:<init>(107)) - Hadoop Security Enabled: false Ozone Security Enabled: false Ozone HTTP Security Enabled: false 
2022-07-12 23:20:09,496 [Listener at 127.0.0.1/35283] INFO  server.AuthenticationFilter (AuthenticationFilter.java:constructSecretProvider(240)) - Unable to initialize FileSignerSecretProvider, falling back to use random secrets.
2022-07-12 23:20:09,497 [Listener at 127.0.0.1/35283] WARN  http.HttpRequestLog (HttpRequestLog.java:getRequestLog(103)) - Jetty request log can only be enabled using Log4j
2022-07-12 23:20:09,499 [Listener at 127.0.0.1/35283] INFO  http.HttpServer2 (HttpServer2.java:addGlobalFilter(1029)) - Added global filter 'safety' (class=org.apache.hadoop.hdds.server.http.HttpServer2$QuotingInputFilter)
2022-07-12 23:20:09,500 [Listener at 127.0.0.1/35283] INFO  http.HttpServer2 (HttpServer2.java:addFilter(1005)) - Added filter static_user_filter (class=org.apache.hadoop.http.lib.StaticUserWebFilter$StaticUserFilter) to context hddsDatanode
2022-07-12 23:20:09,500 [Listener at 127.0.0.1/35283] INFO  http.HttpServer2 (HttpServer2.java:addFilter(1013)) - Added filter static_user_filter (class=org.apache.hadoop.http.lib.StaticUserWebFilter$StaticUserFilter) to context logs
2022-07-12 23:20:09,500 [Listener at 127.0.0.1/35283] INFO  http.HttpServer2 (HttpServer2.java:addFilter(1013)) - Added filter static_user_filter (class=org.apache.hadoop.http.lib.StaticUserWebFilter$StaticUserFilter) to context static
2022-07-12 23:20:09,500 [Listener at 127.0.0.1/35283] INFO  http.HttpServer2 (HttpServer2.java:bindListener(1248)) - Jetty bound to port 32993
2022-07-12 23:20:09,501 [Listener at 127.0.0.1/35283] INFO  server.Server (Server.java:doStart(375)) - jetty-9.4.43.v20210629; built: 2021-06-30T11:07:22.254Z; git: 526006ecfa3af7f1a27ef3a288e2bef7ea9dd7e8; jvm 1.8.0_332-b09
2022-07-12 23:20:09,504 [Listener at 127.0.0.1/35283] INFO  server.session (DefaultSessionIdManager.java:doStart(334)) - DefaultSessionIdManager workerName=node0
2022-07-12 23:20:09,505 [Listener at 127.0.0.1/35283] INFO  server.session (DefaultSessionIdManager.java:doStart(339)) - No SessionScavenger set, using defaults
2022-07-12 23:20:09,505 [Listener at 127.0.0.1/35283] INFO  server.session (HouseKeeper.java:startScavenging(132)) - node0 Scavenging every 600000ms
2022-07-12 23:20:09,506 [Listener at 127.0.0.1/35283] INFO  handler.ContextHandler (ContextHandler.java:doStart(915)) - Started o.e.j.s.ServletContextHandler@4c718b69{logs,/logs,file:///home/runner/work/ozone/ozone/hadoop-ozone/integration-test/target/log,AVAILABLE}
2022-07-12 23:20:09,506 [Listener at 127.0.0.1/35283] INFO  handler.ContextHandler (ContextHandler.java:doStart(915)) - Started o.e.j.s.ServletContextHandler@73950608{static,/static,jar:file:/home/runner/.m2/repository/org/apache/ozone/hdds-container-service/1.3.0-SNAPSHOT/hdds-container-service-1.3.0-SNAPSHOT.jar!/webapps/static,AVAILABLE}
2022-07-12 23:20:09,669 [Listener at 127.0.0.1/35283] INFO  handler.ContextHandler (ContextHandler.java:doStart(915)) - Started o.e.j.w.WebAppContext@19f634ac{hddsDatanode,/,file:///tmp/jetty-0_0_0_0-32993-hdds-container-service-1_3_0-SNAPSHOT_jar-_-any-3911084272147810041/webapp/,AVAILABLE}{jar:file:/home/runner/.m2/repository/org/apache/ozone/hdds-container-service/1.3.0-SNAPSHOT/hdds-container-service-1.3.0-SNAPSHOT.jar!/webapps/hddsDatanode}
2022-07-12 23:20:09,670 [Listener at 127.0.0.1/35283] INFO  server.AbstractConnector (AbstractConnector.java:doStart(331)) - Started ServerConnector@786d9f87{HTTP/1.1, (http/1.1)}{0.0.0.0:32993}
2022-07-12 23:20:09,670 [Listener at 127.0.0.1/35283] INFO  server.Server (Server.java:doStart(415)) - Started @9145ms
2022-07-12 23:20:09,671 [Listener at 127.0.0.1/35283] WARN  impl.MetricsSystemImpl (MetricsSystemImpl.java:register(279)) - Sink prometheus already exists!
2022-07-12 23:20:09,671 [Listener at 127.0.0.1/35283] INFO  http.BaseHttpServer (BaseHttpServer.java:updateConnectorAddress(329)) - HTTP server of hddsDatanode listening at http://0.0.0.0:32993
2022-07-12 23:20:09,676 [Datanode State Machine Daemon Thread] INFO  statemachine.DatanodeStateMachine (DatanodeStateMachine.java:lambda$startDaemon$0(492)) - Ozone container server started.
2022-07-12 23:20:09,676 [Listener at 127.0.0.1/35283] WARN  impl.MetricRegistriesImpl (MetricRegistriesImpl.java:addReporterRegistration(111)) - New reporters are added after registries were created. Some metrics will be missing from the reporter. Please add reporter before adding any new registry.
2022-07-12 23:20:09,678 [Listener at 127.0.0.1/35283] WARN  impl.MetricRegistriesImpl (MetricRegistriesImpl.java:addReporterRegistration(111)) - New reporters are added after registries were created. Some metrics will be missing from the reporter. Please add reporter before adding any new registry.
2022-07-12 23:20:09,678 [Listener at 127.0.0.1/35283] INFO  impl.MetricsSystemImpl (MetricsSystemImpl.java:init(158)) - HddsDatanode metrics system started (again)
2022-07-12 23:20:09,685 [org.apache.hadoop.util.JvmPauseMonitor$Monitor@25872416] INFO  util.JvmPauseMonitor (JvmPauseMonitor.java:run(188)) - Starting JVM pause monitor
2022-07-12 23:20:09,694 [Listener at 127.0.0.1/35283] INFO  ozone.HddsDatanodeService (HddsDatanodeService.java:start(236)) - HddsDatanodeService host:fv-az46-473.aox2mo1hufxu3kclv1weif3kjc.bx.internal.cloudapp.net ip:10.1.0.13
2022-07-12 23:20:09,697 [Datanode State Machine Task Thread - 0] INFO  datanode.InitDatanodeState (InitDatanodeState.java:persistContainerDatanodeDetails(138)) - DatanodeDetails is persisted to /home/runner/work/ozone/ozone/hadoop-ozone/integration-test/target/test-dir/MiniOzoneClusterImpl-3dc585a6-3f94-454a-8ee9-12af11f98cc9/datanode-2/meta/datanode.id
2022-07-12 23:20:09,714 [Listener at 127.0.0.1/35283] INFO  upgrade.AbstractLayoutVersionManager (AbstractLayoutVersionManager.java:init(83)) - Initializing Layout version manager with metadata layout = DATANODE_SCHEMA_V3 (version = 4), software layout = DATANODE_SCHEMA_V3 (version = 4)
2022-07-12 23:20:09,758 [Listener at 127.0.0.1/35283] INFO  reflections.Reflections (Reflections.java:scan(232)) - Reflections took 42 ms to scan 7 urls, producing 132 keys and 317 values 
2022-07-12 23:20:09,759 [Listener at 127.0.0.1/35283] INFO  statemachine.DatanodeStateMachine (DatanodeStateMachine.java:getEndPointTaskThreadPoolSize(237)) - Datanode State Machine Task Thread Pool size 2
2022-07-12 23:20:09,766 [Listener at 127.0.0.1/35283] INFO  volume.HddsVolume (HddsVolume.java:<init>(116)) - Creating HddsVolume: /home/runner/work/ozone/ozone/hadoop-ozone/integration-test/target/test-dir/MiniOzoneClusterImpl-3dc585a6-3f94-454a-8ee9-12af11f98cc9/datanode-3/data-0/containers/hdds of storage type : DISK capacity : 9223372036854775807
2022-07-12 23:20:09,766 [Listener at 127.0.0.1/35283] INFO  volume.MutableVolumeSet (MutableVolumeSet.java:initializeVolumeSet(174)) - Added Volume : /home/runner/work/ozone/ozone/hadoop-ozone/integration-test/target/test-dir/MiniOzoneClusterImpl-3dc585a6-3f94-454a-8ee9-12af11f98cc9/datanode-3/data-0/containers/hdds to VolumeSet
2022-07-12 23:20:09,767 [Listener at 127.0.0.1/35283] INFO  volume.ThrottledAsyncChecker (ThrottledAsyncChecker.java:schedule(141)) - Scheduling a check for /home/runner/work/ozone/ozone/hadoop-ozone/integration-test/target/test-dir/MiniOzoneClusterImpl-3dc585a6-3f94-454a-8ee9-12af11f98cc9/datanode-3/data-0/containers/hdds
2022-07-12 23:20:09,772 [Listener at 127.0.0.1/35283] INFO  volume.StorageVolumeChecker (StorageVolumeChecker.java:checkAllVolumes(202)) - Scheduled health check for volume /home/runner/work/ozone/ozone/hadoop-ozone/integration-test/target/test-dir/MiniOzoneClusterImpl-3dc585a6-3f94-454a-8ee9-12af11f98cc9/datanode-3/data-0/containers/hdds
2022-07-12 23:20:09,783 [Listener at 127.0.0.1/35283] INFO  volume.MutableVolumeSet (MutableVolumeSet.java:initializeVolumeSet(174)) - Added Volume : /home/runner/work/ozone/ozone/hadoop-ozone/integration-test/target/test-dir/MiniOzoneClusterImpl-3dc585a6-3f94-454a-8ee9-12af11f98cc9/datanode-3/data/ratis to VolumeSet
2022-07-12 23:20:09,783 [Listener at 127.0.0.1/35283] INFO  volume.ThrottledAsyncChecker (ThrottledAsyncChecker.java:schedule(141)) - Scheduling a check for /home/runner/work/ozone/ozone/hadoop-ozone/integration-test/target/test-dir/MiniOzoneClusterImpl-3dc585a6-3f94-454a-8ee9-12af11f98cc9/datanode-3/data/ratis
2022-07-12 23:20:09,784 [Listener at 127.0.0.1/35283] INFO  volume.StorageVolumeChecker (StorageVolumeChecker.java:checkAllVolumes(202)) - Scheduled health check for volume /home/runner/work/ozone/ozone/hadoop-ozone/integration-test/target/test-dir/MiniOzoneClusterImpl-3dc585a6-3f94-454a-8ee9-12af11f98cc9/datanode-3/data/ratis
2022-07-12 23:20:09,795 [Thread-175] INFO  ozoneimpl.ContainerReader (ContainerReader.java:readVolume(175)) - Finish verifying containers on volume /home/runner/work/ozone/ozone/hadoop-ozone/integration-test/target/test-dir/MiniOzoneClusterImpl-3dc585a6-3f94-454a-8ee9-12af11f98cc9/datanode-3/data-0/containers/hdds
2022-07-12 23:20:09,795 [Listener at 127.0.0.1/35283] INFO  ozoneimpl.OzoneContainer (OzoneContainer.java:buildContainerSet(266)) - Build ContainerSet costs 0s
2022-07-12 23:20:09,798 [Listener at 127.0.0.1/35283] INFO  server.RaftServer (ConfUtils.java:logGet(46)) - raft.rpc.type = GRPC (default)
2022-07-12 23:20:09,798 [Listener at 127.0.0.1/35283] INFO  grpc.GrpcFactory (GrpcFactory.java:checkPooledByteBufAllocatorUseCacheForAllThreads(48)) - PERFORMANCE WARNING: useCacheForAllThreads is true that may cause Netty to create a lot garbage objects and, as a result, trigger GC.
	It is recommended to disable useCacheForAllThreads by setting -Dorg.apache.ratis.thirdparty.io.netty.allocator.useCacheForAllThreads=false in command line.
2022-07-12 23:20:09,798 [Listener at 127.0.0.1/35283] INFO  grpc.GrpcConfigKeys (ConfUtils.java:logGet(46)) - raft.grpc.admin.port = 0 (custom)
2022-07-12 23:20:09,798 [Listener at 127.0.0.1/35283] INFO  grpc.GrpcConfigKeys (ConfUtils.java:logGet(46)) - raft.grpc.client.port = 0 (custom)
2022-07-12 23:20:09,799 [Listener at 127.0.0.1/35283] INFO  grpc.GrpcConfigKeys (ConfUtils.java:logGet(46)) - raft.grpc.server.port = 0 (default)
2022-07-12 23:20:09,799 [Listener at 127.0.0.1/35283] INFO  server.GrpcService (ConfUtils.java:logGet(46)) - raft.grpc.message.size.max = 32MB (=33554432) (custom)
2022-07-12 23:20:09,799 [Listener at 127.0.0.1/35283] INFO  server.RaftServerConfigKeys (ConfUtils.java:logGet(46)) - raft.server.log.appender.buffer.byte-limit = 33554432 (custom)
2022-07-12 23:20:09,799 [Listener at 127.0.0.1/35283] INFO  server.GrpcService (ConfUtils.java:logGet(46)) - raft.grpc.flow.control.window = 5MB (=5242880) (custom)
2022-07-12 23:20:09,799 [Listener at 127.0.0.1/35283] INFO  server.RaftServerConfigKeys (ConfUtils.java:logGet(46)) - raft.server.rpc.request.timeout = 60s (custom)
2022-07-12 23:20:09,799 [Listener at 127.0.0.1/35283] INFO  grpc.GrpcConfigKeys (ConfUtils.java:logGet(46)) - raft.grpc.server.async.request.thread.pool.cached = true (default)
2022-07-12 23:20:09,799 [Listener at 127.0.0.1/35283] INFO  grpc.GrpcConfigKeys (ConfUtils.java:logGet(46)) - raft.grpc.server.async.request.thread.pool.size = 32 (default)
2022-07-12 23:20:09,800 [Listener at 127.0.0.1/35283] INFO  impl.DataStreamServerImpl (ConfUtils.java:logGet(46)) - raft.datastream.type = DISABLED (default)
2022-07-12 23:20:09,801 [Listener at 127.0.0.1/35283] INFO  server.RaftServerConfigKeys (ConfUtils.java:logGet(46)) - raft.server.threadpool.proxy.cached = true (default)
2022-07-12 23:20:09,801 [Listener at 127.0.0.1/35283] INFO  server.RaftServerConfigKeys (ConfUtils.java:logGet(46)) - raft.server.threadpool.proxy.size = 0 (default)
2022-07-12 23:20:09,801 [Listener at 127.0.0.1/35283] INFO  server.RaftServerConfigKeys (ConfUtils.java:logGet(46)) - raft.server.rpc.slowness.timeout = 300s (custom)
2022-07-12 23:20:09,801 [Listener at 127.0.0.1/35283] INFO  server.RaftServerConfigKeys (ConfUtils.java:logGet(46)) - raft.server.leaderelection.leader.step-down.wait-time = 10s (default)
2022-07-12 23:20:09,801 [Listener at 127.0.0.1/35283] INFO  server.RaftServerConfigKeys (ConfUtils.java:logGet(46)) - raft.server.storage.dir = [/home/runner/work/ozone/ozone/hadoop-ozone/integration-test/target/test-dir/MiniOzoneClusterImpl-3dc585a6-3f94-454a-8ee9-12af11f98cc9/datanode-3/data/ratis] (custom)
2022-07-12 23:20:09,803 [Listener at 127.0.0.1/35283] INFO  server.XceiverServerGrpc (XceiverServerGrpc.java:<init>(132)) - GrpcServer channel type EpollServerSocketChannel
2022-07-12 23:20:09,808 [Listener at 127.0.0.1/35283] INFO  http.BaseHttpServer (BaseHttpServer.java:newHttpServer2BuilderForOzone(209)) - Starting Web-server for hddsDatanode at: http://0.0.0.0:0
2022-07-12 23:20:09,808 [Listener at 127.0.0.1/35283] INFO  http.BaseHttpServer (BaseHttpServer.java:<init>(107)) - Hadoop Security Enabled: false Ozone Security Enabled: false Ozone HTTP Security Enabled: false 
2022-07-12 23:20:09,809 [Listener at 127.0.0.1/35283] INFO  server.AuthenticationFilter (AuthenticationFilter.java:constructSecretProvider(240)) - Unable to initialize FileSignerSecretProvider, falling back to use random secrets.
2022-07-12 23:20:09,810 [Listener at 127.0.0.1/35283] WARN  http.HttpRequestLog (HttpRequestLog.java:getRequestLog(103)) - Jetty request log can only be enabled using Log4j
2022-07-12 23:20:09,811 [Listener at 127.0.0.1/35283] INFO  http.HttpServer2 (HttpServer2.java:addGlobalFilter(1029)) - Added global filter 'safety' (class=org.apache.hadoop.hdds.server.http.HttpServer2$QuotingInputFilter)
2022-07-12 23:20:09,812 [Listener at 127.0.0.1/35283] INFO  http.HttpServer2 (HttpServer2.java:addFilter(1005)) - Added filter static_user_filter (class=org.apache.hadoop.http.lib.StaticUserWebFilter$StaticUserFilter) to context hddsDatanode
2022-07-12 23:20:09,812 [Listener at 127.0.0.1/35283] INFO  http.HttpServer2 (HttpServer2.java:addFilter(1013)) - Added filter static_user_filter (class=org.apache.hadoop.http.lib.StaticUserWebFilter$StaticUserFilter) to context static
2022-07-12 23:20:09,812 [Listener at 127.0.0.1/35283] INFO  http.HttpServer2 (HttpServer2.java:addFilter(1013)) - Added filter static_user_filter (class=org.apache.hadoop.http.lib.StaticUserWebFilter$StaticUserFilter) to context logs
2022-07-12 23:20:09,813 [Listener at 127.0.0.1/35283] INFO  http.HttpServer2 (HttpServer2.java:bindListener(1248)) - Jetty bound to port 33689
2022-07-12 23:20:09,813 [Listener at 127.0.0.1/35283] INFO  server.Server (Server.java:doStart(375)) - jetty-9.4.43.v20210629; built: 2021-06-30T11:07:22.254Z; git: 526006ecfa3af7f1a27ef3a288e2bef7ea9dd7e8; jvm 1.8.0_332-b09
2022-07-12 23:20:09,816 [Listener at 127.0.0.1/35283] INFO  server.session (DefaultSessionIdManager.java:doStart(334)) - DefaultSessionIdManager workerName=node0
2022-07-12 23:20:09,817 [Listener at 127.0.0.1/35283] INFO  server.session (DefaultSessionIdManager.java:doStart(339)) - No SessionScavenger set, using defaults
2022-07-12 23:20:09,817 [Listener at 127.0.0.1/35283] INFO  server.session (HouseKeeper.java:startScavenging(132)) - node0 Scavenging every 600000ms
2022-07-12 23:20:09,818 [Listener at 127.0.0.1/35283] INFO  handler.ContextHandler (ContextHandler.java:doStart(915)) - Started o.e.j.s.ServletContextHandler@16a4961f{logs,/logs,file:///home/runner/work/ozone/ozone/hadoop-ozone/integration-test/target/log,AVAILABLE}
2022-07-12 23:20:09,818 [Listener at 127.0.0.1/35283] INFO  handler.ContextHandler (ContextHandler.java:doStart(915)) - Started o.e.j.s.ServletContextHandler@7ebc160d{static,/static,jar:file:/home/runner/.m2/repository/org/apache/ozone/hdds-container-service/1.3.0-SNAPSHOT/hdds-container-service-1.3.0-SNAPSHOT.jar!/webapps/static,AVAILABLE}
2022-07-12 23:20:09,980 [Listener at 127.0.0.1/35283] INFO  handler.ContextHandler (ContextHandler.java:doStart(915)) - Started o.e.j.w.WebAppContext@670e1bdf{hddsDatanode,/,file:///tmp/jetty-0_0_0_0-33689-hdds-container-service-1_3_0-SNAPSHOT_jar-_-any-6188044389775886155/webapp/,AVAILABLE}{jar:file:/home/runner/.m2/repository/org/apache/ozone/hdds-container-service/1.3.0-SNAPSHOT/hdds-container-service-1.3.0-SNAPSHOT.jar!/webapps/hddsDatanode}
2022-07-12 23:20:09,981 [Listener at 127.0.0.1/35283] INFO  server.AbstractConnector (AbstractConnector.java:doStart(331)) - Started ServerConnector@194ec701{HTTP/1.1, (http/1.1)}{0.0.0.0:33689}
2022-07-12 23:20:09,981 [Listener at 127.0.0.1/35283] INFO  server.Server (Server.java:doStart(415)) - Started @9456ms
2022-07-12 23:20:09,982 [Listener at 127.0.0.1/35283] WARN  impl.MetricsSystemImpl (MetricsSystemImpl.java:register(279)) - Sink prometheus already exists!
2022-07-12 23:20:09,982 [Listener at 127.0.0.1/35283] INFO  http.BaseHttpServer (BaseHttpServer.java:updateConnectorAddress(329)) - HTTP server of hddsDatanode listening at http://0.0.0.0:33689
2022-07-12 23:20:09,983 [Datanode State Machine Daemon Thread] INFO  statemachine.DatanodeStateMachine (DatanodeStateMachine.java:lambda$startDaemon$0(492)) - Ozone container server started.
2022-07-12 23:20:09,983 [Listener at 127.0.0.1/35283] WARN  impl.MetricRegistriesImpl (MetricRegistriesImpl.java:addReporterRegistration(111)) - New reporters are added after registries were created. Some metrics will be missing from the reporter. Please add reporter before adding any new registry.
2022-07-12 23:20:09,984 [Listener at 127.0.0.1/35283] WARN  impl.MetricRegistriesImpl (MetricRegistriesImpl.java:addReporterRegistration(111)) - New reporters are added after registries were created. Some metrics will be missing from the reporter. Please add reporter before adding any new registry.
2022-07-12 23:20:09,984 [Listener at 127.0.0.1/35283] INFO  impl.MetricsSystemImpl (MetricsSystemImpl.java:init(158)) - HddsDatanode metrics system started (again)
2022-07-12 23:20:09,995 [Listener at 127.0.0.1/35283] INFO  ozone.HddsDatanodeService (HddsDatanodeService.java:start(236)) - HddsDatanodeService host:fv-az46-473.aox2mo1hufxu3kclv1weif3kjc.bx.internal.cloudapp.net ip:10.1.0.13
2022-07-12 23:20:10,005 [org.apache.hadoop.util.JvmPauseMonitor$Monitor@5e495d43] INFO  util.JvmPauseMonitor (JvmPauseMonitor.java:run(188)) - Starting JVM pause monitor
2022-07-12 23:20:10,006 [Datanode State Machine Task Thread - 0] INFO  datanode.InitDatanodeState (InitDatanodeState.java:persistContainerDatanodeDetails(138)) - DatanodeDetails is persisted to /home/runner/work/ozone/ozone/hadoop-ozone/integration-test/target/test-dir/MiniOzoneClusterImpl-3dc585a6-3f94-454a-8ee9-12af11f98cc9/datanode-3/meta/datanode.id
2022-07-12 23:20:10,023 [Listener at 127.0.0.1/35283] INFO  upgrade.AbstractLayoutVersionManager (AbstractLayoutVersionManager.java:init(83)) - Initializing Layout version manager with metadata layout = DATANODE_SCHEMA_V3 (version = 4), software layout = DATANODE_SCHEMA_V3 (version = 4)
2022-07-12 23:20:10,066 [Listener at 127.0.0.1/35283] INFO  reflections.Reflections (Reflections.java:scan(232)) - Reflections took 41 ms to scan 7 urls, producing 132 keys and 317 values 
2022-07-12 23:20:10,068 [Listener at 127.0.0.1/35283] INFO  statemachine.DatanodeStateMachine (DatanodeStateMachine.java:getEndPointTaskThreadPoolSize(237)) - Datanode State Machine Task Thread Pool size 2
2022-07-12 23:20:10,070 [Listener at 127.0.0.1/35283] INFO  volume.HddsVolume (HddsVolume.java:<init>(116)) - Creating HddsVolume: /home/runner/work/ozone/ozone/hadoop-ozone/integration-test/target/test-dir/MiniOzoneClusterImpl-3dc585a6-3f94-454a-8ee9-12af11f98cc9/datanode-4/data-0/containers/hdds of storage type : DISK capacity : 9223372036854775807
2022-07-12 23:20:10,071 [Listener at 127.0.0.1/35283] INFO  volume.MutableVolumeSet (MutableVolumeSet.java:initializeVolumeSet(174)) - Added Volume : /home/runner/work/ozone/ozone/hadoop-ozone/integration-test/target/test-dir/MiniOzoneClusterImpl-3dc585a6-3f94-454a-8ee9-12af11f98cc9/datanode-4/data-0/containers/hdds to VolumeSet
2022-07-12 23:20:10,071 [Listener at 127.0.0.1/35283] INFO  volume.ThrottledAsyncChecker (ThrottledAsyncChecker.java:schedule(141)) - Scheduling a check for /home/runner/work/ozone/ozone/hadoop-ozone/integration-test/target/test-dir/MiniOzoneClusterImpl-3dc585a6-3f94-454a-8ee9-12af11f98cc9/datanode-4/data-0/containers/hdds
2022-07-12 23:20:10,073 [Listener at 127.0.0.1/35283] INFO  volume.StorageVolumeChecker (StorageVolumeChecker.java:checkAllVolumes(202)) - Scheduled health check for volume /home/runner/work/ozone/ozone/hadoop-ozone/integration-test/target/test-dir/MiniOzoneClusterImpl-3dc585a6-3f94-454a-8ee9-12af11f98cc9/datanode-4/data-0/containers/hdds
2022-07-12 23:20:10,084 [Listener at 127.0.0.1/35283] INFO  volume.MutableVolumeSet (MutableVolumeSet.java:initializeVolumeSet(174)) - Added Volume : /home/runner/work/ozone/ozone/hadoop-ozone/integration-test/target/test-dir/MiniOzoneClusterImpl-3dc585a6-3f94-454a-8ee9-12af11f98cc9/datanode-4/data/ratis to VolumeSet
2022-07-12 23:20:10,084 [Listener at 127.0.0.1/35283] INFO  volume.ThrottledAsyncChecker (ThrottledAsyncChecker.java:schedule(141)) - Scheduling a check for /home/runner/work/ozone/ozone/hadoop-ozone/integration-test/target/test-dir/MiniOzoneClusterImpl-3dc585a6-3f94-454a-8ee9-12af11f98cc9/datanode-4/data/ratis
2022-07-12 23:20:10,085 [Listener at 127.0.0.1/35283] INFO  volume.StorageVolumeChecker (StorageVolumeChecker.java:checkAllVolumes(202)) - Scheduled health check for volume /home/runner/work/ozone/ozone/hadoop-ozone/integration-test/target/test-dir/MiniOzoneClusterImpl-3dc585a6-3f94-454a-8ee9-12af11f98cc9/datanode-4/data/ratis
2022-07-12 23:20:10,095 [Thread-188] INFO  ozoneimpl.ContainerReader (ContainerReader.java:readVolume(175)) - Finish verifying containers on volume /home/runner/work/ozone/ozone/hadoop-ozone/integration-test/target/test-dir/MiniOzoneClusterImpl-3dc585a6-3f94-454a-8ee9-12af11f98cc9/datanode-4/data-0/containers/hdds
2022-07-12 23:20:10,095 [Listener at 127.0.0.1/35283] INFO  ozoneimpl.OzoneContainer (OzoneContainer.java:buildContainerSet(266)) - Build ContainerSet costs 0s
2022-07-12 23:20:10,098 [Listener at 127.0.0.1/35283] INFO  server.RaftServer (ConfUtils.java:logGet(46)) - raft.rpc.type = GRPC (default)
2022-07-12 23:20:10,098 [Listener at 127.0.0.1/35283] INFO  grpc.GrpcFactory (GrpcFactory.java:checkPooledByteBufAllocatorUseCacheForAllThreads(48)) - PERFORMANCE WARNING: useCacheForAllThreads is true that may cause Netty to create a lot garbage objects and, as a result, trigger GC.
	It is recommended to disable useCacheForAllThreads by setting -Dorg.apache.ratis.thirdparty.io.netty.allocator.useCacheForAllThreads=false in command line.
2022-07-12 23:20:10,098 [Listener at 127.0.0.1/35283] INFO  grpc.GrpcConfigKeys (ConfUtils.java:logGet(46)) - raft.grpc.admin.port = 0 (custom)
2022-07-12 23:20:10,098 [Listener at 127.0.0.1/35283] INFO  grpc.GrpcConfigKeys (ConfUtils.java:logGet(46)) - raft.grpc.client.port = 0 (custom)
2022-07-12 23:20:10,098 [Listener at 127.0.0.1/35283] INFO  grpc.GrpcConfigKeys (ConfUtils.java:logGet(46)) - raft.grpc.server.port = 0 (default)
2022-07-12 23:20:10,098 [Listener at 127.0.0.1/35283] INFO  server.GrpcService (ConfUtils.java:logGet(46)) - raft.grpc.message.size.max = 32MB (=33554432) (custom)
2022-07-12 23:20:10,098 [Listener at 127.0.0.1/35283] INFO  server.RaftServerConfigKeys (ConfUtils.java:logGet(46)) - raft.server.log.appender.buffer.byte-limit = 33554432 (custom)
2022-07-12 23:20:10,098 [Listener at 127.0.0.1/35283] INFO  server.GrpcService (ConfUtils.java:logGet(46)) - raft.grpc.flow.control.window = 5MB (=5242880) (custom)
2022-07-12 23:20:10,099 [Listener at 127.0.0.1/35283] INFO  server.RaftServerConfigKeys (ConfUtils.java:logGet(46)) - raft.server.rpc.request.timeout = 60s (custom)
2022-07-12 23:20:10,099 [Listener at 127.0.0.1/35283] INFO  grpc.GrpcConfigKeys (ConfUtils.java:logGet(46)) - raft.grpc.server.async.request.thread.pool.cached = true (default)
2022-07-12 23:20:10,099 [Listener at 127.0.0.1/35283] INFO  grpc.GrpcConfigKeys (ConfUtils.java:logGet(46)) - raft.grpc.server.async.request.thread.pool.size = 32 (default)
2022-07-12 23:20:10,100 [Listener at 127.0.0.1/35283] INFO  impl.DataStreamServerImpl (ConfUtils.java:logGet(46)) - raft.datastream.type = DISABLED (default)
2022-07-12 23:20:10,100 [Listener at 127.0.0.1/35283] INFO  server.RaftServerConfigKeys (ConfUtils.java:logGet(46)) - raft.server.threadpool.proxy.cached = true (default)
2022-07-12 23:20:10,100 [Listener at 127.0.0.1/35283] INFO  server.RaftServerConfigKeys (ConfUtils.java:logGet(46)) - raft.server.threadpool.proxy.size = 0 (default)
2022-07-12 23:20:10,100 [Listener at 127.0.0.1/35283] INFO  server.RaftServerConfigKeys (ConfUtils.java:logGet(46)) - raft.server.rpc.slowness.timeout = 300s (custom)
2022-07-12 23:20:10,100 [Listener at 127.0.0.1/35283] INFO  server.RaftServerConfigKeys (ConfUtils.java:logGet(46)) - raft.server.leaderelection.leader.step-down.wait-time = 10s (default)
2022-07-12 23:20:10,101 [Listener at 127.0.0.1/35283] INFO  server.RaftServerConfigKeys (ConfUtils.java:logGet(46)) - raft.server.storage.dir = [/home/runner/work/ozone/ozone/hadoop-ozone/integration-test/target/test-dir/MiniOzoneClusterImpl-3dc585a6-3f94-454a-8ee9-12af11f98cc9/datanode-4/data/ratis] (custom)
2022-07-12 23:20:10,102 [Listener at 127.0.0.1/35283] INFO  server.XceiverServerGrpc (XceiverServerGrpc.java:<init>(132)) - GrpcServer channel type EpollServerSocketChannel
2022-07-12 23:20:10,106 [Listener at 127.0.0.1/35283] INFO  http.BaseHttpServer (BaseHttpServer.java:newHttpServer2BuilderForOzone(209)) - Starting Web-server for hddsDatanode at: http://0.0.0.0:0
2022-07-12 23:20:10,106 [Listener at 127.0.0.1/35283] INFO  http.BaseHttpServer (BaseHttpServer.java:<init>(107)) - Hadoop Security Enabled: false Ozone Security Enabled: false Ozone HTTP Security Enabled: false 
2022-07-12 23:20:10,107 [Listener at 127.0.0.1/35283] INFO  server.AuthenticationFilter (AuthenticationFilter.java:constructSecretProvider(240)) - Unable to initialize FileSignerSecretProvider, falling back to use random secrets.
2022-07-12 23:20:10,108 [Listener at 127.0.0.1/35283] WARN  http.HttpRequestLog (HttpRequestLog.java:getRequestLog(103)) - Jetty request log can only be enabled using Log4j
2022-07-12 23:20:10,110 [Listener at 127.0.0.1/35283] INFO  http.HttpServer2 (HttpServer2.java:addGlobalFilter(1029)) - Added global filter 'safety' (class=org.apache.hadoop.hdds.server.http.HttpServer2$QuotingInputFilter)
2022-07-12 23:20:10,111 [Listener at 127.0.0.1/35283] INFO  http.HttpServer2 (HttpServer2.java:addFilter(1005)) - Added filter static_user_filter (class=org.apache.hadoop.http.lib.StaticUserWebFilter$StaticUserFilter) to context hddsDatanode
2022-07-12 23:20:10,111 [Listener at 127.0.0.1/35283] INFO  http.HttpServer2 (HttpServer2.java:addFilter(1013)) - Added filter static_user_filter (class=org.apache.hadoop.http.lib.StaticUserWebFilter$StaticUserFilter) to context static
2022-07-12 23:20:10,111 [Listener at 127.0.0.1/35283] INFO  http.HttpServer2 (HttpServer2.java:addFilter(1013)) - Added filter static_user_filter (class=org.apache.hadoop.http.lib.StaticUserWebFilter$StaticUserFilter) to context logs
2022-07-12 23:20:10,111 [Listener at 127.0.0.1/35283] INFO  http.HttpServer2 (HttpServer2.java:bindListener(1248)) - Jetty bound to port 42233
2022-07-12 23:20:10,112 [Listener at 127.0.0.1/35283] INFO  server.Server (Server.java:doStart(375)) - jetty-9.4.43.v20210629; built: 2021-06-30T11:07:22.254Z; git: 526006ecfa3af7f1a27ef3a288e2bef7ea9dd7e8; jvm 1.8.0_332-b09
2022-07-12 23:20:10,116 [Listener at 127.0.0.1/35283] INFO  server.session (DefaultSessionIdManager.java:doStart(334)) - DefaultSessionIdManager workerName=node0
2022-07-12 23:20:10,117 [Listener at 127.0.0.1/35283] INFO  server.session (DefaultSessionIdManager.java:doStart(339)) - No SessionScavenger set, using defaults
2022-07-12 23:20:10,117 [Listener at 127.0.0.1/35283] INFO  server.session (HouseKeeper.java:startScavenging(132)) - node0 Scavenging every 600000ms
2022-07-12 23:20:10,117 [Listener at 127.0.0.1/35283] INFO  handler.ContextHandler (ContextHandler.java:doStart(915)) - Started o.e.j.s.ServletContextHandler@42e60139{logs,/logs,file:///home/runner/work/ozone/ozone/hadoop-ozone/integration-test/target/log,AVAILABLE}
2022-07-12 23:20:10,118 [Listener at 127.0.0.1/35283] INFO  handler.ContextHandler (ContextHandler.java:doStart(915)) - Started o.e.j.s.ServletContextHandler@2d8a6038{static,/static,jar:file:/home/runner/.m2/repository/org/apache/ozone/hdds-container-service/1.3.0-SNAPSHOT/hdds-container-service-1.3.0-SNAPSHOT.jar!/webapps/static,AVAILABLE}
2022-07-12 23:20:10,284 [Listener at 127.0.0.1/35283] INFO  handler.ContextHandler (ContextHandler.java:doStart(915)) - Started o.e.j.w.WebAppContext@4199b27{hddsDatanode,/,file:///tmp/jetty-0_0_0_0-42233-hdds-container-service-1_3_0-SNAPSHOT_jar-_-any-5892904498160439699/webapp/,AVAILABLE}{jar:file:/home/runner/.m2/repository/org/apache/ozone/hdds-container-service/1.3.0-SNAPSHOT/hdds-container-service-1.3.0-SNAPSHOT.jar!/webapps/hddsDatanode}
2022-07-12 23:20:10,287 [Listener at 127.0.0.1/35283] INFO  server.AbstractConnector (AbstractConnector.java:doStart(331)) - Started ServerConnector@652aac4c{HTTP/1.1, (http/1.1)}{0.0.0.0:42233}
2022-07-12 23:20:10,289 [Listener at 127.0.0.1/35283] INFO  server.Server (Server.java:doStart(415)) - Started @9764ms
2022-07-12 23:20:10,289 [Listener at 127.0.0.1/35283] WARN  impl.MetricsSystemImpl (MetricsSystemImpl.java:register(279)) - Sink prometheus already exists!
2022-07-12 23:20:10,290 [Listener at 127.0.0.1/35283] INFO  http.BaseHttpServer (BaseHttpServer.java:updateConnectorAddress(329)) - HTTP server of hddsDatanode listening at http://0.0.0.0:42233
2022-07-12 23:20:10,292 [Listener at 127.0.0.1/35283] INFO  ozone.MiniOzoneClusterImpl (MiniOzoneClusterImpl.java:lambda$waitForClusterToBeReady$0(216)) - Waiting for nodes to be ready. Got 0 of 5 DN Heartbeats.
2022-07-12 23:20:10,292 [Listener at 127.0.0.1/35283] INFO  ozone.MiniOzoneClusterImpl (MiniOzoneClusterImpl.java:lambda$waitForClusterToBeReady$0(219)) - Waiting for cluster to exit safe mode
2022-07-12 23:20:10,292 [Listener at 127.0.0.1/35283] INFO  ozone.MiniOzoneClusterImpl (MiniOzoneClusterImpl.java:lambda$waitForClusterToBeReady$0(221)) - SCM became leader
2022-07-12 23:20:10,292 [Datanode State Machine Daemon Thread] INFO  statemachine.DatanodeStateMachine (DatanodeStateMachine.java:lambda$startDaemon$0(492)) - Ozone container server started.
2022-07-12 23:20:10,301 [org.apache.hadoop.util.JvmPauseMonitor$Monitor@cdfbd59] INFO  util.JvmPauseMonitor (JvmPauseMonitor.java:run(188)) - Starting JVM pause monitor
2022-07-12 23:20:10,302 [Datanode State Machine Task Thread - 0] INFO  datanode.InitDatanodeState (InitDatanodeState.java:persistContainerDatanodeDetails(138)) - DatanodeDetails is persisted to /home/runner/work/ozone/ozone/hadoop-ozone/integration-test/target/test-dir/MiniOzoneClusterImpl-3dc585a6-3f94-454a-8ee9-12af11f98cc9/datanode-4/meta/datanode.id
2022-07-12 23:20:10,915 [EndpointStateMachine task thread for /0.0.0.0:41777 - 0 ] INFO  volume.HddsVolume (HddsVolume.java:createDbStore(309)) - SchemaV3 db is created and loaded at /home/runner/work/ozone/ozone/hadoop-ozone/integration-test/target/test-dir/MiniOzoneClusterImpl-3dc585a6-3f94-454a-8ee9-12af11f98cc9/datanode-0/data-0/containers/hdds/3dc585a6-3f94-454a-8ee9-12af11f98cc9/DS-6a0df271-c4b1-47d5-a1bb-488b2dfa9bb9/container.db for volume DS-6a0df271-c4b1-47d5-a1bb-488b2dfa9bb9
2022-07-12 23:20:10,921 [EndpointStateMachine task thread for /0.0.0.0:41777 - 0 ] INFO  volume.HddsVolume (HddsVolume.java:closeDbStore(340)) - SchemaV3 db is stopped at /home/runner/work/ozone/ozone/hadoop-ozone/integration-test/target/test-dir/MiniOzoneClusterImpl-3dc585a6-3f94-454a-8ee9-12af11f98cc9/datanode-0/data-0/containers/hdds/3dc585a6-3f94-454a-8ee9-12af11f98cc9/DS-6a0df271-c4b1-47d5-a1bb-488b2dfa9bb9/container.db for volume DS-6a0df271-c4b1-47d5-a1bb-488b2dfa9bb9
2022-07-12 23:20:10,921 [EndpointStateMachine task thread for /0.0.0.0:41777 - 0 ] INFO  ozoneimpl.OzoneContainer (OzoneContainer.java:start(344)) - Attempting to start container services.
2022-07-12 23:20:10,925 [EndpointStateMachine task thread for /0.0.0.0:41777 - 0 ] INFO  ozoneimpl.OzoneContainer (OzoneContainer.java:startContainerScrub(279)) - Background container scanner has been disabled.
2022-07-12 23:20:10,927 [EndpointStateMachine task thread for /0.0.0.0:41777 - 0 ] INFO  replication.ReplicationServer (ReplicationServer.java:start(111)) - ReplicationServer is started using port 33037
2022-07-12 23:20:10,929 [EndpointStateMachine task thread for /0.0.0.0:41777 - 0 ] INFO  ratis.XceiverServerRatis (XceiverServerRatis.java:start(481)) - Starting XceiverServerRatis f5ec0973-3ea4-44f3-b934-b5b86c2ad769
2022-07-12 23:20:10,933 [EndpointStateMachine task thread for /0.0.0.0:41777 - 0 ] INFO  server.RaftServer (RaftServerProxy.java:lambda$start$6(382)) - f5ec0973-3ea4-44f3-b934-b5b86c2ad769: start RPC server
2022-07-12 23:20:10,940 [EndpointStateMachine task thread for /0.0.0.0:41777 - 0 ] INFO  server.GrpcService (GrpcService.java:startImpl(260)) - f5ec0973-3ea4-44f3-b934-b5b86c2ad769: GrpcService started, listening on 36411
2022-07-12 23:20:10,940 [EndpointStateMachine task thread for /0.0.0.0:41777 - 0 ] INFO  ratis.XceiverServerRatis (XceiverServerRatis.java:getRealPort(502)) - XceiverServerRatis f5ec0973-3ea4-44f3-b934-b5b86c2ad769 is started using port 36411 for RATIS
2022-07-12 23:20:10,940 [EndpointStateMachine task thread for /0.0.0.0:41777 - 0 ] INFO  ratis.XceiverServerRatis (XceiverServerRatis.java:getRealPort(502)) - XceiverServerRatis f5ec0973-3ea4-44f3-b934-b5b86c2ad769 is started using port 36411 for RATIS_ADMIN
2022-07-12 23:20:10,940 [EndpointStateMachine task thread for /0.0.0.0:41777 - 0 ] INFO  ratis.XceiverServerRatis (XceiverServerRatis.java:getRealPort(502)) - XceiverServerRatis f5ec0973-3ea4-44f3-b934-b5b86c2ad769 is started using port 36411 for RATIS_SERVER
2022-07-12 23:20:10,941 [org.apache.ratis.util.JvmPauseMonitor$$Lambda$613/1690937419@5049f1bc] INFO  util.JvmPauseMonitor (JvmPauseMonitor.java:run(103)) - JvmPauseMonitor-f5ec0973-3ea4-44f3-b934-b5b86c2ad769: Started
2022-07-12 23:20:10,947 [EndpointStateMachine task thread for /0.0.0.0:41777 - 0 ] INFO  server.XceiverServerGrpc (XceiverServerGrpc.java:start(180)) - XceiverServerGrpc f5ec0973-3ea4-44f3-b934-b5b86c2ad769 is started using port 45317
2022-07-12 23:20:11,293 [Listener at 127.0.0.1/35283] INFO  ozone.MiniOzoneClusterImpl (MiniOzoneClusterImpl.java:lambda$waitForClusterToBeReady$0(216)) - Waiting for nodes to be ready. Got 0 of 5 DN Heartbeats.
2022-07-12 23:20:11,293 [Listener at 127.0.0.1/35283] INFO  ozone.MiniOzoneClusterImpl (MiniOzoneClusterImpl.java:lambda$waitForClusterToBeReady$0(219)) - Waiting for cluster to exit safe mode
2022-07-12 23:20:11,293 [Listener at 127.0.0.1/35283] INFO  ozone.MiniOzoneClusterImpl (MiniOzoneClusterImpl.java:lambda$waitForClusterToBeReady$0(221)) - SCM became leader
2022-07-12 23:20:11,430 [EndpointStateMachine task thread for /0.0.0.0:41777 - 0 ] INFO  volume.HddsVolume (HddsVolume.java:createDbStore(309)) - SchemaV3 db is created and loaded at /home/runner/work/ozone/ozone/hadoop-ozone/integration-test/target/test-dir/MiniOzoneClusterImpl-3dc585a6-3f94-454a-8ee9-12af11f98cc9/datanode-1/data-0/containers/hdds/3dc585a6-3f94-454a-8ee9-12af11f98cc9/DS-772a93c8-5537-455b-8602-ac63e07fe4c8/container.db for volume DS-772a93c8-5537-455b-8602-ac63e07fe4c8
2022-07-12 23:20:11,431 [EndpointStateMachine task thread for /0.0.0.0:41777 - 0 ] INFO  volume.HddsVolume (HddsVolume.java:closeDbStore(340)) - SchemaV3 db is stopped at /home/runner/work/ozone/ozone/hadoop-ozone/integration-test/target/test-dir/MiniOzoneClusterImpl-3dc585a6-3f94-454a-8ee9-12af11f98cc9/datanode-1/data-0/containers/hdds/3dc585a6-3f94-454a-8ee9-12af11f98cc9/DS-772a93c8-5537-455b-8602-ac63e07fe4c8/container.db for volume DS-772a93c8-5537-455b-8602-ac63e07fe4c8
2022-07-12 23:20:11,431 [EndpointStateMachine task thread for /0.0.0.0:41777 - 0 ] INFO  ozoneimpl.OzoneContainer (OzoneContainer.java:start(344)) - Attempting to start container services.
2022-07-12 23:20:11,431 [EndpointStateMachine task thread for /0.0.0.0:41777 - 0 ] INFO  ozoneimpl.OzoneContainer (OzoneContainer.java:startContainerScrub(279)) - Background container scanner has been disabled.
2022-07-12 23:20:11,433 [EndpointStateMachine task thread for /0.0.0.0:41777 - 0 ] INFO  replication.ReplicationServer (ReplicationServer.java:start(111)) - ReplicationServer is started using port 37105
2022-07-12 23:20:11,433 [EndpointStateMachine task thread for /0.0.0.0:41777 - 0 ] INFO  ratis.XceiverServerRatis (XceiverServerRatis.java:start(481)) - Starting XceiverServerRatis 77a98ace-e102-46e5-a474-eb7ed4f4a4ca
2022-07-12 23:20:11,434 [EndpointStateMachine task thread for /0.0.0.0:41777 - 0 ] INFO  server.RaftServer (RaftServerProxy.java:lambda$start$6(382)) - 77a98ace-e102-46e5-a474-eb7ed4f4a4ca: start RPC server
2022-07-12 23:20:11,435 [EndpointStateMachine task thread for /0.0.0.0:41777 - 0 ] INFO  server.GrpcService (GrpcService.java:startImpl(260)) - 77a98ace-e102-46e5-a474-eb7ed4f4a4ca: GrpcService started, listening on 44773
2022-07-12 23:20:11,436 [EndpointStateMachine task thread for /0.0.0.0:41777 - 0 ] INFO  ratis.XceiverServerRatis (XceiverServerRatis.java:getRealPort(502)) - XceiverServerRatis 77a98ace-e102-46e5-a474-eb7ed4f4a4ca is started using port 44773 for RATIS
2022-07-12 23:20:11,436 [org.apache.ratis.util.JvmPauseMonitor$$Lambda$613/1690937419@118dff9f] INFO  util.JvmPauseMonitor (JvmPauseMonitor.java:run(103)) - JvmPauseMonitor-77a98ace-e102-46e5-a474-eb7ed4f4a4ca: Started
2022-07-12 23:20:11,436 [EndpointStateMachine task thread for /0.0.0.0:41777 - 0 ] INFO  ratis.XceiverServerRatis (XceiverServerRatis.java:getRealPort(502)) - XceiverServerRatis 77a98ace-e102-46e5-a474-eb7ed4f4a4ca is started using port 44773 for RATIS_ADMIN
2022-07-12 23:20:11,436 [EndpointStateMachine task thread for /0.0.0.0:41777 - 0 ] INFO  ratis.XceiverServerRatis (XceiverServerRatis.java:getRealPort(502)) - XceiverServerRatis 77a98ace-e102-46e5-a474-eb7ed4f4a4ca is started using port 44773 for RATIS_SERVER
2022-07-12 23:20:11,437 [EndpointStateMachine task thread for /0.0.0.0:41777 - 0 ] INFO  server.XceiverServerGrpc (XceiverServerGrpc.java:start(180)) - XceiverServerGrpc 77a98ace-e102-46e5-a474-eb7ed4f4a4ca is started using port 39209
2022-07-12 23:20:11,720 [EndpointStateMachine task thread for /0.0.0.0:41777 - 0 ] INFO  volume.HddsVolume (HddsVolume.java:createDbStore(309)) - SchemaV3 db is created and loaded at /home/runner/work/ozone/ozone/hadoop-ozone/integration-test/target/test-dir/MiniOzoneClusterImpl-3dc585a6-3f94-454a-8ee9-12af11f98cc9/datanode-2/data-0/containers/hdds/3dc585a6-3f94-454a-8ee9-12af11f98cc9/DS-904d844e-94b7-419f-987b-df200f041be5/container.db for volume DS-904d844e-94b7-419f-987b-df200f041be5
2022-07-12 23:20:11,724 [EndpointStateMachine task thread for /0.0.0.0:41777 - 0 ] INFO  volume.HddsVolume (HddsVolume.java:closeDbStore(340)) - SchemaV3 db is stopped at /home/runner/work/ozone/ozone/hadoop-ozone/integration-test/target/test-dir/MiniOzoneClusterImpl-3dc585a6-3f94-454a-8ee9-12af11f98cc9/datanode-2/data-0/containers/hdds/3dc585a6-3f94-454a-8ee9-12af11f98cc9/DS-904d844e-94b7-419f-987b-df200f041be5/container.db for volume DS-904d844e-94b7-419f-987b-df200f041be5
2022-07-12 23:20:11,725 [EndpointStateMachine task thread for /0.0.0.0:41777 - 0 ] INFO  ozoneimpl.OzoneContainer (OzoneContainer.java:start(344)) - Attempting to start container services.
2022-07-12 23:20:11,725 [EndpointStateMachine task thread for /0.0.0.0:41777 - 0 ] INFO  ozoneimpl.OzoneContainer (OzoneContainer.java:startContainerScrub(279)) - Background container scanner has been disabled.
2022-07-12 23:20:11,727 [EndpointStateMachine task thread for /0.0.0.0:41777 - 0 ] INFO  replication.ReplicationServer (ReplicationServer.java:start(111)) - ReplicationServer is started using port 44607
2022-07-12 23:20:11,727 [EndpointStateMachine task thread for /0.0.0.0:41777 - 0 ] INFO  ratis.XceiverServerRatis (XceiverServerRatis.java:start(481)) - Starting XceiverServerRatis 30c4d38c-7dc2-4c52-bffc-86b7b0a91f0d
2022-07-12 23:20:11,728 [EndpointStateMachine task thread for /0.0.0.0:41777 - 0 ] INFO  server.RaftServer (RaftServerProxy.java:lambda$start$6(382)) - 30c4d38c-7dc2-4c52-bffc-86b7b0a91f0d: start RPC server
2022-07-12 23:20:11,729 [EndpointStateMachine task thread for /0.0.0.0:41777 - 0 ] INFO  server.GrpcService (GrpcService.java:startImpl(260)) - 30c4d38c-7dc2-4c52-bffc-86b7b0a91f0d: GrpcService started, listening on 39527
2022-07-12 23:20:11,729 [EndpointStateMachine task thread for /0.0.0.0:41777 - 0 ] INFO  ratis.XceiverServerRatis (XceiverServerRatis.java:getRealPort(502)) - XceiverServerRatis 30c4d38c-7dc2-4c52-bffc-86b7b0a91f0d is started using port 39527 for RATIS
2022-07-12 23:20:11,729 [EndpointStateMachine task thread for /0.0.0.0:41777 - 0 ] INFO  ratis.XceiverServerRatis (XceiverServerRatis.java:getRealPort(502)) - XceiverServerRatis 30c4d38c-7dc2-4c52-bffc-86b7b0a91f0d is started using port 39527 for RATIS_ADMIN
2022-07-12 23:20:11,729 [EndpointStateMachine task thread for /0.0.0.0:41777 - 0 ] INFO  ratis.XceiverServerRatis (XceiverServerRatis.java:getRealPort(502)) - XceiverServerRatis 30c4d38c-7dc2-4c52-bffc-86b7b0a91f0d is started using port 39527 for RATIS_SERVER
2022-07-12 23:20:11,732 [org.apache.ratis.util.JvmPauseMonitor$$Lambda$613/1690937419@3e8e78cb] INFO  util.JvmPauseMonitor (JvmPauseMonitor.java:run(103)) - JvmPauseMonitor-30c4d38c-7dc2-4c52-bffc-86b7b0a91f0d: Started
2022-07-12 23:20:11,738 [EndpointStateMachine task thread for /0.0.0.0:41777 - 0 ] INFO  server.XceiverServerGrpc (XceiverServerGrpc.java:start(180)) - XceiverServerGrpc 30c4d38c-7dc2-4c52-bffc-86b7b0a91f0d is started using port 41465
2022-07-12 23:20:12,043 [EndpointStateMachine task thread for /0.0.0.0:41777 - 0 ] INFO  volume.HddsVolume (HddsVolume.java:createDbStore(309)) - SchemaV3 db is created and loaded at /home/runner/work/ozone/ozone/hadoop-ozone/integration-test/target/test-dir/MiniOzoneClusterImpl-3dc585a6-3f94-454a-8ee9-12af11f98cc9/datanode-3/data-0/containers/hdds/3dc585a6-3f94-454a-8ee9-12af11f98cc9/DS-06cd5244-fc1e-4659-a70f-5de62a165241/container.db for volume DS-06cd5244-fc1e-4659-a70f-5de62a165241
2022-07-12 23:20:12,044 [EndpointStateMachine task thread for /0.0.0.0:41777 - 0 ] INFO  volume.HddsVolume (HddsVolume.java:closeDbStore(340)) - SchemaV3 db is stopped at /home/runner/work/ozone/ozone/hadoop-ozone/integration-test/target/test-dir/MiniOzoneClusterImpl-3dc585a6-3f94-454a-8ee9-12af11f98cc9/datanode-3/data-0/containers/hdds/3dc585a6-3f94-454a-8ee9-12af11f98cc9/DS-06cd5244-fc1e-4659-a70f-5de62a165241/container.db for volume DS-06cd5244-fc1e-4659-a70f-5de62a165241
2022-07-12 23:20:12,044 [EndpointStateMachine task thread for /0.0.0.0:41777 - 0 ] INFO  ozoneimpl.OzoneContainer (OzoneContainer.java:start(344)) - Attempting to start container services.
2022-07-12 23:20:12,044 [EndpointStateMachine task thread for /0.0.0.0:41777 - 0 ] INFO  ozoneimpl.OzoneContainer (OzoneContainer.java:startContainerScrub(279)) - Background container scanner has been disabled.
2022-07-12 23:20:12,046 [EndpointStateMachine task thread for /0.0.0.0:41777 - 0 ] INFO  replication.ReplicationServer (ReplicationServer.java:start(111)) - ReplicationServer is started using port 35659
2022-07-12 23:20:12,046 [EndpointStateMachine task thread for /0.0.0.0:41777 - 0 ] INFO  ratis.XceiverServerRatis (XceiverServerRatis.java:start(481)) - Starting XceiverServerRatis a67e604a-e717-487e-a7c4-14b775c2eed2
2022-07-12 23:20:12,049 [EndpointStateMachine task thread for /0.0.0.0:41777 - 0 ] INFO  server.RaftServer (RaftServerProxy.java:lambda$start$6(382)) - a67e604a-e717-487e-a7c4-14b775c2eed2: start RPC server
2022-07-12 23:20:12,051 [EndpointStateMachine task thread for /0.0.0.0:41777 - 0 ] INFO  server.GrpcService (GrpcService.java:startImpl(260)) - a67e604a-e717-487e-a7c4-14b775c2eed2: GrpcService started, listening on 39911
2022-07-12 23:20:12,051 [EndpointStateMachine task thread for /0.0.0.0:41777 - 0 ] INFO  ratis.XceiverServerRatis (XceiverServerRatis.java:getRealPort(502)) - XceiverServerRatis a67e604a-e717-487e-a7c4-14b775c2eed2 is started using port 39911 for RATIS
2022-07-12 23:20:12,051 [EndpointStateMachine task thread for /0.0.0.0:41777 - 0 ] INFO  ratis.XceiverServerRatis (XceiverServerRatis.java:getRealPort(502)) - XceiverServerRatis a67e604a-e717-487e-a7c4-14b775c2eed2 is started using port 39911 for RATIS_ADMIN
2022-07-12 23:20:12,051 [EndpointStateMachine task thread for /0.0.0.0:41777 - 0 ] INFO  ratis.XceiverServerRatis (XceiverServerRatis.java:getRealPort(502)) - XceiverServerRatis a67e604a-e717-487e-a7c4-14b775c2eed2 is started using port 39911 for RATIS_SERVER
2022-07-12 23:20:12,052 [org.apache.ratis.util.JvmPauseMonitor$$Lambda$613/1690937419@7812e101] INFO  util.JvmPauseMonitor (JvmPauseMonitor.java:run(103)) - JvmPauseMonitor-a67e604a-e717-487e-a7c4-14b775c2eed2: Started
2022-07-12 23:20:12,053 [EndpointStateMachine task thread for /0.0.0.0:41777 - 0 ] INFO  server.XceiverServerGrpc (XceiverServerGrpc.java:start(180)) - XceiverServerGrpc a67e604a-e717-487e-a7c4-14b775c2eed2 is started using port 41943
2022-07-12 23:20:12,293 [Listener at 127.0.0.1/35283] INFO  ozone.MiniOzoneClusterImpl (MiniOzoneClusterImpl.java:lambda$waitForClusterToBeReady$0(216)) - Waiting for nodes to be ready. Got 0 of 5 DN Heartbeats.
2022-07-12 23:20:12,294 [Listener at 127.0.0.1/35283] INFO  ozone.MiniOzoneClusterImpl (MiniOzoneClusterImpl.java:lambda$waitForClusterToBeReady$0(219)) - Waiting for cluster to exit safe mode
2022-07-12 23:20:12,294 [Listener at 127.0.0.1/35283] INFO  ozone.MiniOzoneClusterImpl (MiniOzoneClusterImpl.java:lambda$waitForClusterToBeReady$0(221)) - SCM became leader
2022-07-12 23:20:12,336 [EndpointStateMachine task thread for /0.0.0.0:41777 - 0 ] INFO  volume.HddsVolume (HddsVolume.java:createDbStore(309)) - SchemaV3 db is created and loaded at /home/runner/work/ozone/ozone/hadoop-ozone/integration-test/target/test-dir/MiniOzoneClusterImpl-3dc585a6-3f94-454a-8ee9-12af11f98cc9/datanode-4/data-0/containers/hdds/3dc585a6-3f94-454a-8ee9-12af11f98cc9/DS-fb4f0644-d6fc-44ad-b8f9-c76136f7fa25/container.db for volume DS-fb4f0644-d6fc-44ad-b8f9-c76136f7fa25
2022-07-12 23:20:12,336 [EndpointStateMachine task thread for /0.0.0.0:41777 - 0 ] INFO  volume.HddsVolume (HddsVolume.java:closeDbStore(340)) - SchemaV3 db is stopped at /home/runner/work/ozone/ozone/hadoop-ozone/integration-test/target/test-dir/MiniOzoneClusterImpl-3dc585a6-3f94-454a-8ee9-12af11f98cc9/datanode-4/data-0/containers/hdds/3dc585a6-3f94-454a-8ee9-12af11f98cc9/DS-fb4f0644-d6fc-44ad-b8f9-c76136f7fa25/container.db for volume DS-fb4f0644-d6fc-44ad-b8f9-c76136f7fa25
2022-07-12 23:20:12,336 [EndpointStateMachine task thread for /0.0.0.0:41777 - 0 ] INFO  ozoneimpl.OzoneContainer (OzoneContainer.java:start(344)) - Attempting to start container services.
2022-07-12 23:20:12,337 [EndpointStateMachine task thread for /0.0.0.0:41777 - 0 ] INFO  ozoneimpl.OzoneContainer (OzoneContainer.java:startContainerScrub(279)) - Background container scanner has been disabled.
2022-07-12 23:20:12,339 [EndpointStateMachine task thread for /0.0.0.0:41777 - 0 ] INFO  replication.ReplicationServer (ReplicationServer.java:start(111)) - ReplicationServer is started using port 38473
2022-07-12 23:20:12,339 [EndpointStateMachine task thread for /0.0.0.0:41777 - 0 ] INFO  ratis.XceiverServerRatis (XceiverServerRatis.java:start(481)) - Starting XceiverServerRatis 70f31cc1-b868-4362-9ae7-f917c6e45e61
2022-07-12 23:20:12,340 [EndpointStateMachine task thread for /0.0.0.0:41777 - 0 ] INFO  server.RaftServer (RaftServerProxy.java:lambda$start$6(382)) - 70f31cc1-b868-4362-9ae7-f917c6e45e61: start RPC server
2022-07-12 23:20:12,342 [EndpointStateMachine task thread for /0.0.0.0:41777 - 0 ] INFO  server.GrpcService (GrpcService.java:startImpl(260)) - 70f31cc1-b868-4362-9ae7-f917c6e45e61: GrpcService started, listening on 35159
2022-07-12 23:20:12,343 [EndpointStateMachine task thread for /0.0.0.0:41777 - 0 ] INFO  ratis.XceiverServerRatis (XceiverServerRatis.java:getRealPort(502)) - XceiverServerRatis 70f31cc1-b868-4362-9ae7-f917c6e45e61 is started using port 35159 for RATIS
2022-07-12 23:20:12,343 [org.apache.ratis.util.JvmPauseMonitor$$Lambda$613/1690937419@5d498f27] INFO  util.JvmPauseMonitor (JvmPauseMonitor.java:run(103)) - JvmPauseMonitor-70f31cc1-b868-4362-9ae7-f917c6e45e61: Started
2022-07-12 23:20:12,343 [EndpointStateMachine task thread for /0.0.0.0:41777 - 0 ] INFO  ratis.XceiverServerRatis (XceiverServerRatis.java:getRealPort(502)) - XceiverServerRatis 70f31cc1-b868-4362-9ae7-f917c6e45e61 is started using port 35159 for RATIS_ADMIN
2022-07-12 23:20:12,343 [EndpointStateMachine task thread for /0.0.0.0:41777 - 0 ] INFO  ratis.XceiverServerRatis (XceiverServerRatis.java:getRealPort(502)) - XceiverServerRatis 70f31cc1-b868-4362-9ae7-f917c6e45e61 is started using port 35159 for RATIS_SERVER
2022-07-12 23:20:12,346 [EndpointStateMachine task thread for /0.0.0.0:41777 - 0 ] INFO  server.XceiverServerGrpc (XceiverServerGrpc.java:start(180)) - XceiverServerGrpc 70f31cc1-b868-4362-9ae7-f917c6e45e61 is started using port 35353
2022-07-12 23:20:12,849 [IPC Server handler 15 on default port 41777] INFO  net.NetworkTopologyImpl (NetworkTopologyImpl.java:add(112)) - Added a new node: /default-rack/f5ec0973-3ea4-44f3-b934-b5b86c2ad769
2022-07-12 23:20:12,851 [IPC Server handler 15 on default port 41777] INFO  node.SCMNodeManager (SCMNodeManager.java:register(397)) - Registered Data node : f5ec0973-3ea4-44f3-b934-b5b86c2ad769{ip: 10.1.0.13, host: fv-az46-473.aox2mo1hufxu3kclv1weif3kjc.bx.internal.cloudapp.net, ports: [REPLICATION=33037, RATIS=36411, RATIS_ADMIN=36411, RATIS_SERVER=36411, STANDALONE=45317], networkLocation: /default-rack, certSerialId: null, persistedOpState: null, persistedOpStateExpiryEpochSec: 0}
2022-07-12 23:20:12,856 [EventQueue-NewNodeForNewNodeHandler] INFO  pipeline.BackgroundPipelineCreator (BackgroundPipelineCreator.java:notifyEventTriggered(276)) - trigger a one-shot run on RatisPipelineUtilsThread.
2022-07-12 23:20:12,865 [EventQueue-NodeRegistrationContainerReportForDataNodeSafeModeRule] INFO  safemode.SCMSafeModeManager (DataNodeSafeModeRule.java:process(71)) - SCM in safe mode. 1 DataNodes registered, 3 required.
2022-07-12 23:20:12,866 [EventQueue-NodeRegistrationContainerReportForContainerSafeModeRule] INFO  safemode.SCMSafeModeManager (SCMSafeModeManager.java:validateSafeModeExitRules(204)) - ContainerSafeModeRule rule is successfully validated
2022-07-12 23:20:12,867 [EventQueue-PipelineReportForOneReplicaPipelineSafeModeRule] INFO  safemode.SCMSafeModeManager (SCMSafeModeManager.java:validateSafeModeExitRules(204)) - AtleastOneDatanodeReportedRule rule is successfully validated
2022-07-12 23:20:12,871 [RatisPipelineUtilsThread - 0] INFO  pipeline.RatisPipelineProvider (RatisPipelineProvider.java:lambda$create$0(195)) - Sending CreatePipelineCommand for pipeline:PipelineID=f387fc05-7d7b-447f-8db1-000ace107383 to datanode:f5ec0973-3ea4-44f3-b934-b5b86c2ad769
2022-07-12 23:20:12,883 [RatisPipelineUtilsThread - 0] INFO  pipeline.PipelineStateManagerImpl (PipelineStateManagerImpl.java:addPipeline(103)) - Created pipeline Pipeline[ Id: f387fc05-7d7b-447f-8db1-000ace107383, Nodes: f5ec0973-3ea4-44f3-b934-b5b86c2ad769{ip: 10.1.0.13, host: fv-az46-473.aox2mo1hufxu3kclv1weif3kjc.bx.internal.cloudapp.net, ports: [REPLICATION=33037, RATIS=36411, RATIS_ADMIN=36411, RATIS_SERVER=36411, STANDALONE=45317], networkLocation: /default-rack, certSerialId: null, persistedOpState: IN_SERVICE, persistedOpStateExpiryEpochSec: 0}, ReplicationConfig: RATIS/ONE, State:ALLOCATED, leaderId:, CreationTimestamp2022-07-12T23:20:12.863Z[Etc/UTC]].
2022-07-12 23:20:13,294 [Listener at 127.0.0.1/35283] INFO  ozone.MiniOzoneClusterImpl (MiniOzoneClusterImpl.java:lambda$waitForClusterToBeReady$0(216)) - Waiting for nodes to be ready. Got 1 of 5 DN Heartbeats.
2022-07-12 23:20:13,295 [Listener at 127.0.0.1/35283] INFO  ozone.MiniOzoneClusterImpl (MiniOzoneClusterImpl.java:lambda$waitForClusterToBeReady$0(219)) - Waiting for cluster to exit safe mode
2022-07-12 23:20:13,295 [Listener at 127.0.0.1/35283] INFO  ozone.MiniOzoneClusterImpl (MiniOzoneClusterImpl.java:lambda$waitForClusterToBeReady$0(221)) - SCM became leader
2022-07-12 23:20:13,392 [IPC Server handler 16 on default port 41777] INFO  net.NetworkTopologyImpl (NetworkTopologyImpl.java:add(112)) - Added a new node: /default-rack/77a98ace-e102-46e5-a474-eb7ed4f4a4ca
2022-07-12 23:20:13,393 [IPC Server handler 16 on default port 41777] INFO  node.SCMNodeManager (SCMNodeManager.java:register(397)) - Registered Data node : 77a98ace-e102-46e5-a474-eb7ed4f4a4ca{ip: 10.1.0.13, host: fv-az46-473.aox2mo1hufxu3kclv1weif3kjc.bx.internal.cloudapp.net, ports: [REPLICATION=37105, RATIS=44773, RATIS_ADMIN=44773, RATIS_SERVER=44773, STANDALONE=39209], networkLocation: /default-rack, certSerialId: null, persistedOpState: null, persistedOpStateExpiryEpochSec: 0}
2022-07-12 23:20:13,394 [EventQueue-NewNodeForNewNodeHandler] INFO  pipeline.BackgroundPipelineCreator (BackgroundPipelineCreator.java:notifyEventTriggered(276)) - trigger a one-shot run on RatisPipelineUtilsThread.
2022-07-12 23:20:13,394 [EventQueue-NodeRegistrationContainerReportForDataNodeSafeModeRule] INFO  safemode.SCMSafeModeManager (DataNodeSafeModeRule.java:process(71)) - SCM in safe mode. 2 DataNodes registered, 3 required.
2022-07-12 23:20:13,397 [RatisPipelineUtilsThread - 0] INFO  pipeline.RatisPipelineProvider (RatisPipelineProvider.java:lambda$create$0(195)) - Sending CreatePipelineCommand for pipeline:PipelineID=59440cdf-f6d8-47da-9f39-6103bbb8c4de to datanode:77a98ace-e102-46e5-a474-eb7ed4f4a4ca
2022-07-12 23:20:13,399 [RatisPipelineUtilsThread - 0] INFO  pipeline.PipelineStateManagerImpl (PipelineStateManagerImpl.java:addPipeline(103)) - Created pipeline Pipeline[ Id: 59440cdf-f6d8-47da-9f39-6103bbb8c4de, Nodes: 77a98ace-e102-46e5-a474-eb7ed4f4a4ca{ip: 10.1.0.13, host: fv-az46-473.aox2mo1hufxu3kclv1weif3kjc.bx.internal.cloudapp.net, ports: [REPLICATION=37105, RATIS=44773, RATIS_ADMIN=44773, RATIS_SERVER=44773, STANDALONE=39209], networkLocation: /default-rack, certSerialId: null, persistedOpState: IN_SERVICE, persistedOpStateExpiryEpochSec: 0}, ReplicationConfig: RATIS/ONE, State:ALLOCATED, leaderId:, CreationTimestamp2022-07-12T23:20:13.397Z[Etc/UTC]].
2022-07-12 23:20:13,688 [IPC Server handler 11 on default port 41777] INFO  net.NetworkTopologyImpl (NetworkTopologyImpl.java:add(112)) - Added a new node: /default-rack/30c4d38c-7dc2-4c52-bffc-86b7b0a91f0d
2022-07-12 23:20:13,688 [IPC Server handler 11 on default port 41777] INFO  node.SCMNodeManager (SCMNodeManager.java:register(397)) - Registered Data node : 30c4d38c-7dc2-4c52-bffc-86b7b0a91f0d{ip: 10.1.0.13, host: fv-az46-473.aox2mo1hufxu3kclv1weif3kjc.bx.internal.cloudapp.net, ports: [REPLICATION=44607, RATIS=39527, RATIS_ADMIN=39527, RATIS_SERVER=39527, STANDALONE=41465], networkLocation: /default-rack, certSerialId: null, persistedOpState: null, persistedOpStateExpiryEpochSec: 0}
2022-07-12 23:20:13,689 [EventQueue-NewNodeForNewNodeHandler] INFO  pipeline.BackgroundPipelineCreator (BackgroundPipelineCreator.java:notifyEventTriggered(276)) - trigger a one-shot run on RatisPipelineUtilsThread.
2022-07-12 23:20:13,689 [EventQueue-NodeRegistrationContainerReportForDataNodeSafeModeRule] INFO  safemode.SCMSafeModeManager (DataNodeSafeModeRule.java:process(71)) - SCM in safe mode. 3 DataNodes registered, 3 required.
2022-07-12 23:20:13,690 [EventQueue-NodeRegistrationContainerReportForDataNodeSafeModeRule] INFO  safemode.SCMSafeModeManager (SCMSafeModeManager.java:validateSafeModeExitRules(204)) - DataNodeSafeModeRule rule is successfully validated
2022-07-12 23:20:13,690 [EventQueue-NodeRegistrationContainerReportForDataNodeSafeModeRule] INFO  safemode.SCMSafeModeManager (SCMSafeModeManager.java:completePreCheck(233)) - All SCM safe mode pre check rules have passed
2022-07-12 23:20:13,690 [EventQueue-NodeRegistrationContainerReportForDataNodeSafeModeRule] WARN  events.EventQueue (EventQueue.java:fireEvent(216)) - No event handler registered for event TypedEvent{payloadType=SafeModeStatus, name='Safe mode status'}
2022-07-12 23:20:13,690 [EventQueue-NodeRegistrationContainerReportForDataNodeSafeModeRule] INFO  ha.SCMContext (SCMContext.java:updateSafeModeStatus(228)) - Update SafeModeStatus from SafeModeStatus{safeModeStatus=true, preCheckPassed=false} to SafeModeStatus{safeModeStatus=true, preCheckPassed=true}.
2022-07-12 23:20:13,690 [EventQueue-NodeRegistrationContainerReportForDataNodeSafeModeRule] INFO  pipeline.BackgroundPipelineCreator (BackgroundPipelineCreator.java:notifyEventTriggered(276)) - trigger a one-shot run on RatisPipelineUtilsThread.
2022-07-12 23:20:13,690 [RatisPipelineUtilsThread - 0] INFO  pipeline.RatisPipelineProvider (RatisPipelineProvider.java:lambda$create$0(195)) - Sending CreatePipelineCommand for pipeline:PipelineID=ab7d68fc-30eb-4618-826e-03943c3d99b6 to datanode:30c4d38c-7dc2-4c52-bffc-86b7b0a91f0d
2022-07-12 23:20:13,691 [RatisPipelineUtilsThread - 0] INFO  pipeline.PipelineStateManagerImpl (PipelineStateManagerImpl.java:addPipeline(103)) - Created pipeline Pipeline[ Id: ab7d68fc-30eb-4618-826e-03943c3d99b6, Nodes: 30c4d38c-7dc2-4c52-bffc-86b7b0a91f0d{ip: 10.1.0.13, host: fv-az46-473.aox2mo1hufxu3kclv1weif3kjc.bx.internal.cloudapp.net, ports: [REPLICATION=44607, RATIS=39527, RATIS_ADMIN=39527, RATIS_SERVER=39527, STANDALONE=41465], networkLocation: /default-rack, certSerialId: null, persistedOpState: IN_SERVICE, persistedOpStateExpiryEpochSec: 0}, ReplicationConfig: RATIS/ONE, State:ALLOCATED, leaderId:, CreationTimestamp2022-07-12T23:20:13.690Z[Etc/UTC]].
2022-07-12 23:20:13,695 [RatisPipelineUtilsThread - 0] INFO  pipeline.RatisPipelineProvider (RatisPipelineProvider.java:lambda$create$0(195)) - Sending CreatePipelineCommand for pipeline:PipelineID=be2256f4-bfa3-4061-945b-b7888055a6ad to datanode:30c4d38c-7dc2-4c52-bffc-86b7b0a91f0d
2022-07-12 23:20:13,695 [RatisPipelineUtilsThread - 0] INFO  pipeline.RatisPipelineProvider (RatisPipelineProvider.java:lambda$create$0(195)) - Sending CreatePipelineCommand for pipeline:PipelineID=be2256f4-bfa3-4061-945b-b7888055a6ad to datanode:77a98ace-e102-46e5-a474-eb7ed4f4a4ca
2022-07-12 23:20:13,695 [RatisPipelineUtilsThread - 0] INFO  pipeline.RatisPipelineProvider (RatisPipelineProvider.java:lambda$create$0(195)) - Sending CreatePipelineCommand for pipeline:PipelineID=be2256f4-bfa3-4061-945b-b7888055a6ad to datanode:f5ec0973-3ea4-44f3-b934-b5b86c2ad769
2022-07-12 23:20:13,696 [RatisPipelineUtilsThread - 0] INFO  pipeline.PipelineStateManagerImpl (PipelineStateManagerImpl.java:addPipeline(103)) - Created pipeline Pipeline[ Id: be2256f4-bfa3-4061-945b-b7888055a6ad, Nodes: 30c4d38c-7dc2-4c52-bffc-86b7b0a91f0d{ip: 10.1.0.13, host: fv-az46-473.aox2mo1hufxu3kclv1weif3kjc.bx.internal.cloudapp.net, ports: [REPLICATION=44607, RATIS=39527, RATIS_ADMIN=39527, RATIS_SERVER=39527, STANDALONE=41465], networkLocation: /default-rack, certSerialId: null, persistedOpState: IN_SERVICE, persistedOpStateExpiryEpochSec: 0}77a98ace-e102-46e5-a474-eb7ed4f4a4ca{ip: 10.1.0.13, host: fv-az46-473.aox2mo1hufxu3kclv1weif3kjc.bx.internal.cloudapp.net, ports: [REPLICATION=37105, RATIS=44773, RATIS_ADMIN=44773, RATIS_SERVER=44773, STANDALONE=39209], networkLocation: /default-rack, certSerialId: null, persistedOpState: IN_SERVICE, persistedOpStateExpiryEpochSec: 0}f5ec0973-3ea4-44f3-b934-b5b86c2ad769{ip: 10.1.0.13, host: fv-az46-473.aox2mo1hufxu3kclv1weif3kjc.bx.internal.cloudapp.net, ports: [REPLICATION=33037, RATIS=36411, RATIS_ADMIN=36411, RATIS_SERVER=36411, STANDALONE=45317], networkLocation: /default-rack, certSerialId: null, persistedOpState: IN_SERVICE, persistedOpStateExpiryEpochSec: 0}, ReplicationConfig: RATIS/THREE, State:ALLOCATED, leaderId:, CreationTimestamp2022-07-12T23:20:13.695Z[Etc/UTC]].
2022-07-12 23:20:13,697 [RatisPipelineUtilsThread - 0] INFO  pipeline.RatisPipelineProvider (RatisPipelineProvider.java:lambda$create$0(195)) - Sending CreatePipelineCommand for pipeline:PipelineID=c502a4ff-97f2-4597-8003-a5fb98469e93 to datanode:f5ec0973-3ea4-44f3-b934-b5b86c2ad769
2022-07-12 23:20:13,698 [RatisPipelineUtilsThread - 0] INFO  pipeline.RatisPipelineProvider (RatisPipelineProvider.java:lambda$create$0(195)) - Sending CreatePipelineCommand for pipeline:PipelineID=c502a4ff-97f2-4597-8003-a5fb98469e93 to datanode:30c4d38c-7dc2-4c52-bffc-86b7b0a91f0d
2022-07-12 23:20:13,698 [RatisPipelineUtilsThread - 0] INFO  pipeline.RatisPipelineProvider (RatisPipelineProvider.java:lambda$create$0(195)) - Sending CreatePipelineCommand for pipeline:PipelineID=c502a4ff-97f2-4597-8003-a5fb98469e93 to datanode:77a98ace-e102-46e5-a474-eb7ed4f4a4ca
2022-07-12 23:20:13,699 [RatisPipelineUtilsThread - 0] INFO  pipeline.PipelineStateManagerImpl (PipelineStateManagerImpl.java:addPipeline(103)) - Created pipeline Pipeline[ Id: c502a4ff-97f2-4597-8003-a5fb98469e93, Nodes: f5ec0973-3ea4-44f3-b934-b5b86c2ad769{ip: 10.1.0.13, host: fv-az46-473.aox2mo1hufxu3kclv1weif3kjc.bx.internal.cloudapp.net, ports: [REPLICATION=33037, RATIS=36411, RATIS_ADMIN=36411, RATIS_SERVER=36411, STANDALONE=45317], networkLocation: /default-rack, certSerialId: null, persistedOpState: IN_SERVICE, persistedOpStateExpiryEpochSec: 0}30c4d38c-7dc2-4c52-bffc-86b7b0a91f0d{ip: 10.1.0.13, host: fv-az46-473.aox2mo1hufxu3kclv1weif3kjc.bx.internal.cloudapp.net, ports: [REPLICATION=44607, RATIS=39527, RATIS_ADMIN=39527, RATIS_SERVER=39527, STANDALONE=41465], networkLocation: /default-rack, certSerialId: null, persistedOpState: IN_SERVICE, persistedOpStateExpiryEpochSec: 0}77a98ace-e102-46e5-a474-eb7ed4f4a4ca{ip: 10.1.0.13, host: fv-az46-473.aox2mo1hufxu3kclv1weif3kjc.bx.internal.cloudapp.net, ports: [REPLICATION=37105, RATIS=44773, RATIS_ADMIN=44773, RATIS_SERVER=44773, STANDALONE=39209], networkLocation: /default-rack, certSerialId: null, persistedOpState: IN_SERVICE, persistedOpStateExpiryEpochSec: 0}, ReplicationConfig: RATIS/THREE, State:ALLOCATED, leaderId:, CreationTimestamp2022-07-12T23:20:13.697Z[Etc/UTC]].
2022-07-12 23:20:13,699 [RatisPipelineUtilsThread - 0] INFO  pipeline.PipelineManagerImpl (PipelineManagerImpl.java:recordMetricsForPipeline(796)) - Pipeline: PipelineID=c502a4ff-97f2-4597-8003-a5fb98469e93 contains same datanodes as previous pipelines: PipelineID=be2256f4-bfa3-4061-945b-b7888055a6ad nodeIds: f5ec0973-3ea4-44f3-b934-b5b86c2ad769, 30c4d38c-7dc2-4c52-bffc-86b7b0a91f0d, 77a98ace-e102-46e5-a474-eb7ed4f4a4ca
2022-07-12 23:20:14,007 [IPC Server handler 18 on default port 41777] INFO  net.NetworkTopologyImpl (NetworkTopologyImpl.java:add(112)) - Added a new node: /default-rack/a67e604a-e717-487e-a7c4-14b775c2eed2
2022-07-12 23:20:14,008 [IPC Server handler 18 on default port 41777] INFO  node.SCMNodeManager (SCMNodeManager.java:register(397)) - Registered Data node : a67e604a-e717-487e-a7c4-14b775c2eed2{ip: 10.1.0.13, host: fv-az46-473.aox2mo1hufxu3kclv1weif3kjc.bx.internal.cloudapp.net, ports: [REPLICATION=35659, RATIS=39911, RATIS_ADMIN=39911, RATIS_SERVER=39911, STANDALONE=41943], networkLocation: /default-rack, certSerialId: null, persistedOpState: null, persistedOpStateExpiryEpochSec: 0}
2022-07-12 23:20:14,008 [EventQueue-NewNodeForNewNodeHandler] INFO  pipeline.BackgroundPipelineCreator (BackgroundPipelineCreator.java:notifyEventTriggered(276)) - trigger a one-shot run on RatisPipelineUtilsThread.
2022-07-12 23:20:14,015 [RatisPipelineUtilsThread - 0] INFO  pipeline.RatisPipelineProvider (RatisPipelineProvider.java:lambda$create$0(195)) - Sending CreatePipelineCommand for pipeline:PipelineID=f389ec5d-e1b8-40d8-ba73-5c04246e697c to datanode:a67e604a-e717-487e-a7c4-14b775c2eed2
2022-07-12 23:20:14,016 [RatisPipelineUtilsThread - 0] INFO  pipeline.PipelineStateManagerImpl (PipelineStateManagerImpl.java:addPipeline(103)) - Created pipeline Pipeline[ Id: f389ec5d-e1b8-40d8-ba73-5c04246e697c, Nodes: a67e604a-e717-487e-a7c4-14b775c2eed2{ip: 10.1.0.13, host: fv-az46-473.aox2mo1hufxu3kclv1weif3kjc.bx.internal.cloudapp.net, ports: [REPLICATION=35659, RATIS=39911, RATIS_ADMIN=39911, RATIS_SERVER=39911, STANDALONE=41943], networkLocation: /default-rack, certSerialId: null, persistedOpState: IN_SERVICE, persistedOpStateExpiryEpochSec: 0}, ReplicationConfig: RATIS/ONE, State:ALLOCATED, leaderId:, CreationTimestamp2022-07-12T23:20:14.015Z[Etc/UTC]].
2022-07-12 23:20:14,295 [Listener at 127.0.0.1/35283] INFO  ozone.MiniOzoneClusterImpl (MiniOzoneClusterImpl.java:lambda$waitForClusterToBeReady$0(216)) - Waiting for nodes to be ready. Got 4 of 5 DN Heartbeats.
2022-07-12 23:20:14,295 [Listener at 127.0.0.1/35283] INFO  ozone.MiniOzoneClusterImpl (MiniOzoneClusterImpl.java:lambda$waitForClusterToBeReady$0(219)) - Waiting for cluster to exit safe mode
2022-07-12 23:20:14,296 [Listener at 127.0.0.1/35283] INFO  ozone.MiniOzoneClusterImpl (MiniOzoneClusterImpl.java:lambda$waitForClusterToBeReady$0(221)) - SCM became leader
2022-07-12 23:20:14,303 [IPC Server handler 17 on default port 41777] INFO  net.NetworkTopologyImpl (NetworkTopologyImpl.java:add(112)) - Added a new node: /default-rack/70f31cc1-b868-4362-9ae7-f917c6e45e61
2022-07-12 23:20:14,303 [IPC Server handler 17 on default port 41777] INFO  node.SCMNodeManager (SCMNodeManager.java:register(397)) - Registered Data node : 70f31cc1-b868-4362-9ae7-f917c6e45e61{ip: 10.1.0.13, host: fv-az46-473.aox2mo1hufxu3kclv1weif3kjc.bx.internal.cloudapp.net, ports: [REPLICATION=38473, RATIS=35159, RATIS_ADMIN=35159, RATIS_SERVER=35159, STANDALONE=35353], networkLocation: /default-rack, certSerialId: null, persistedOpState: null, persistedOpStateExpiryEpochSec: 0}
2022-07-12 23:20:14,304 [EventQueue-NewNodeForNewNodeHandler] INFO  pipeline.BackgroundPipelineCreator (BackgroundPipelineCreator.java:notifyEventTriggered(276)) - trigger a one-shot run on RatisPipelineUtilsThread.
2022-07-12 23:20:14,304 [RatisPipelineUtilsThread - 0] INFO  pipeline.RatisPipelineProvider (RatisPipelineProvider.java:lambda$create$0(195)) - Sending CreatePipelineCommand for pipeline:PipelineID=793f165e-e15b-487f-93ba-3ef5b320b61f to datanode:70f31cc1-b868-4362-9ae7-f917c6e45e61
2022-07-12 23:20:14,305 [RatisPipelineUtilsThread - 0] INFO  pipeline.PipelineStateManagerImpl (PipelineStateManagerImpl.java:addPipeline(103)) - Created pipeline Pipeline[ Id: 793f165e-e15b-487f-93ba-3ef5b320b61f, Nodes: 70f31cc1-b868-4362-9ae7-f917c6e45e61{ip: 10.1.0.13, host: fv-az46-473.aox2mo1hufxu3kclv1weif3kjc.bx.internal.cloudapp.net, ports: [REPLICATION=38473, RATIS=35159, RATIS_ADMIN=35159, RATIS_SERVER=35159, STANDALONE=35353], networkLocation: /default-rack, certSerialId: null, persistedOpState: IN_SERVICE, persistedOpStateExpiryEpochSec: 0}, ReplicationConfig: RATIS/ONE, State:ALLOCATED, leaderId:, CreationTimestamp2022-07-12T23:20:14.304Z[Etc/UTC]].
2022-07-12 23:20:15,296 [Listener at 127.0.0.1/35283] INFO  ozone.MiniOzoneClusterImpl (MiniOzoneClusterImpl.java:lambda$waitForClusterToBeReady$0(216)) - Nodes are ready. Got 5 of 5 DN Heartbeats.
2022-07-12 23:20:15,296 [Listener at 127.0.0.1/35283] INFO  ozone.MiniOzoneClusterImpl (MiniOzoneClusterImpl.java:lambda$waitForClusterToBeReady$0(219)) - Waiting for cluster to exit safe mode
2022-07-12 23:20:15,296 [Listener at 127.0.0.1/35283] INFO  ozone.MiniOzoneClusterImpl (MiniOzoneClusterImpl.java:lambda$waitForClusterToBeReady$0(221)) - SCM became leader
2022-07-12 23:20:15,843 [Command processor thread] INFO  server.RaftServer (RaftServerProxy.java:addNew(96)) - f5ec0973-3ea4-44f3-b934-b5b86c2ad769: addNew group-000ACE107383:[f5ec0973-3ea4-44f3-b934-b5b86c2ad769|rpc:10.1.0.13:36411|priority:1] returns group-000ACE107383:java.util.concurrent.CompletableFuture@7ac78b3a[Not completed]
2022-07-12 23:20:15,857 [pool-73-thread-1] INFO  server.RaftServer$Division (RaftServerImpl.java:<init>(190)) - f5ec0973-3ea4-44f3-b934-b5b86c2ad769: new RaftServerImpl for group-000ACE107383:[f5ec0973-3ea4-44f3-b934-b5b86c2ad769|rpc:10.1.0.13:36411|priority:1] with ContainerStateMachine:uninitialized
2022-07-12 23:20:15,857 [pool-73-thread-1] INFO  server.RaftServerConfigKeys (ConfUtils.java:logGet(46)) - raft.server.rpc.timeout.min = 5s (custom)
2022-07-12 23:20:15,857 [pool-73-thread-1] INFO  server.RaftServerConfigKeys (ConfUtils.java:logGet(46)) - raft.server.rpc.timeout.max = 5200ms (custom)
2022-07-12 23:20:15,857 [pool-73-thread-1] INFO  server.RaftServerConfigKeys (ConfUtils.java:logGet(46)) - raft.server.rpc.sleep.time = 25ms (default)
2022-07-12 23:20:15,857 [pool-73-thread-1] INFO  server.RaftServerConfigKeys (ConfUtils.java:logGet(46)) - raft.server.rpc.slowness.timeout = 300s (custom)
2022-07-12 23:20:15,857 [pool-73-thread-1] INFO  server.RaftServerConfigKeys (ConfUtils.java:logGet(46)) - raft.server.leaderelection.leader.step-down.wait-time = 10s (default)
2022-07-12 23:20:15,857 [pool-73-thread-1] INFO  server.RaftServerConfigKeys (ConfUtils.java:logGet(46)) - raft.server.sleep.deviation.threshold = 300ms (default)
2022-07-12 23:20:15,857 [pool-73-thread-1] INFO  server.RaftServer$Division (ServerState.java:<init>(107)) - f5ec0973-3ea4-44f3-b934-b5b86c2ad769@group-000ACE107383: ConfigurationManager, init=-1: [f5ec0973-3ea4-44f3-b934-b5b86c2ad769|rpc:10.1.0.13:36411|priority:1], old=null, confs=<EMPTY_MAP>
2022-07-12 23:20:15,858 [pool-73-thread-1] INFO  server.RaftServerConfigKeys (ConfUtils.java:logGet(46)) - raft.server.storage.dir = [/home/runner/work/ozone/ozone/hadoop-ozone/integration-test/target/test-dir/MiniOzoneClusterImpl-3dc585a6-3f94-454a-8ee9-12af11f98cc9/datanode-0/data/ratis] (custom)
2022-07-12 23:20:15,858 [pool-73-thread-1] INFO  server.RaftServerConfigKeys (ConfUtils.java:logGet(46)) - raft.server.log.corruption.policy = EXCEPTION (default)
2022-07-12 23:20:15,858 [pool-73-thread-1] INFO  server.RaftServerConfigKeys (ConfUtils.java:logGet(46)) - raft.server.storage.free-space.min = 0MB (=0) (default)
2022-07-12 23:20:15,858 [pool-73-thread-1] INFO  storage.RaftStorageDirectory (RaftStorageDirectoryImpl.java:analyzeStorage(135)) - The storage directory /home/runner/work/ozone/ozone/hadoop-ozone/integration-test/target/test-dir/MiniOzoneClusterImpl-3dc585a6-3f94-454a-8ee9-12af11f98cc9/datanode-0/data/ratis/f387fc05-7d7b-447f-8db1-000ace107383 does not exist. Creating ...
2022-07-12 23:20:15,860 [pool-73-thread-1] INFO  storage.RaftStorageDirectory (RaftStorageDirectoryImpl.java:tryLock(230)) - Lock on /home/runner/work/ozone/ozone/hadoop-ozone/integration-test/target/test-dir/MiniOzoneClusterImpl-3dc585a6-3f94-454a-8ee9-12af11f98cc9/datanode-0/data/ratis/f387fc05-7d7b-447f-8db1-000ace107383/in_use.lock acquired by nodename 30948@fv-az46-473
2022-07-12 23:20:15,862 [pool-73-thread-1] INFO  storage.RaftStorage (RaftStorageImpl.java:format(89)) - Storage directory /home/runner/work/ozone/ozone/hadoop-ozone/integration-test/target/test-dir/MiniOzoneClusterImpl-3dc585a6-3f94-454a-8ee9-12af11f98cc9/datanode-0/data/ratis/f387fc05-7d7b-447f-8db1-000ace107383 has been successfully formatted.
2022-07-12 23:20:15,867 [pool-73-thread-1] INFO  ratis.ContainerStateMachine (ContainerStateMachine.java:loadSnapshot(236)) - group-000ACE107383: The snapshot info is null. Setting the last applied indexto:(t:0, i:~)
2022-07-12 23:20:15,867 [pool-73-thread-1] INFO  server.RaftServerConfigKeys (ConfUtils.java:logGet(46)) - raft.server.notification.no-leader.timeout = 300s (custom)
2022-07-12 23:20:15,867 [pool-73-thread-1] INFO  server.RaftServerConfigKeys (ConfUtils.java:logGet(46)) - raft.server.log.use.memory = false (default)
2022-07-12 23:20:15,867 [pool-73-thread-1] INFO  server.RaftServerConfigKeys (ConfUtils.java:logGet(46)) - raft.server.log.purge.gap = 1000000 (custom)
2022-07-12 23:20:15,867 [pool-73-thread-1] INFO  server.RaftServerConfigKeys (ConfUtils.java:logGet(46)) - raft.server.log.appender.buffer.byte-limit = 33554432 (custom)
2022-07-12 23:20:15,867 [pool-73-thread-1] INFO  server.RaftServerConfigKeys (ConfUtils.java:logGet(46)) - raft.server.log.statemachine.data.read.timeout = 1000ms (default)
2022-07-12 23:20:15,875 [pool-73-thread-1] INFO  server.RaftServerConfigKeys (ConfUtils.java:logGet(46)) - raft.server.log.segment.size.max = 1048576 (custom)
2022-07-12 23:20:15,876 [pool-73-thread-1] INFO  server.RaftServerConfigKeys (ConfUtils.java:logGet(46)) - raft.server.log.segment.cache.num.max = 2 (custom)
2022-07-12 23:20:15,876 [pool-73-thread-1] INFO  server.RaftServerConfigKeys (ConfUtils.java:logGet(46)) - raft.server.log.segment.cache.size.max = 200MB (=209715200) (default)
2022-07-12 23:20:15,876 [pool-73-thread-1] INFO  segmented.SegmentedRaftLogWorker (SegmentedRaftLogWorker.java:<init>(187)) - new f5ec0973-3ea4-44f3-b934-b5b86c2ad769@group-000ACE107383-SegmentedRaftLogWorker for RaftStorageImpl:Storage Directory /home/runner/work/ozone/ozone/hadoop-ozone/integration-test/target/test-dir/MiniOzoneClusterImpl-3dc585a6-3f94-454a-8ee9-12af11f98cc9/datanode-0/data/ratis/f387fc05-7d7b-447f-8db1-000ace107383
2022-07-12 23:20:15,876 [pool-73-thread-1] INFO  server.RaftServerConfigKeys (ConfUtils.java:logGet(46)) - raft.server.log.queue.byte-limit = 4294967296 (custom)
2022-07-12 23:20:15,876 [pool-73-thread-1] INFO  server.RaftServerConfigKeys (ConfUtils.java:logGet(46)) - raft.server.log.queue.element-limit = 1024 (custom)
2022-07-12 23:20:15,876 [pool-73-thread-1] INFO  server.RaftServerConfigKeys (ConfUtils.java:logGet(46)) - raft.server.log.segment.size.max = 1048576 (custom)
2022-07-12 23:20:15,876 [pool-73-thread-1] INFO  server.RaftServerConfigKeys (ConfUtils.java:logGet(46)) - raft.server.log.preallocated.size = 16384 (custom)
2022-07-12 23:20:15,876 [pool-73-thread-1] INFO  server.RaftServerConfigKeys (ConfUtils.java:logGet(46)) - raft.server.log.force.sync.num = 128 (default)
2022-07-12 23:20:15,876 [pool-73-thread-1] INFO  server.RaftServerConfigKeys (ConfUtils.java:logGet(46)) - raft.server.log.statemachine.data.sync = true (default)
2022-07-12 23:20:15,876 [pool-73-thread-1] INFO  server.RaftServerConfigKeys (ConfUtils.java:logGet(46)) - raft.server.log.statemachine.data.sync.timeout = 10s (default)
2022-07-12 23:20:15,876 [pool-73-thread-1] INFO  server.RaftServerConfigKeys (ConfUtils.java:logGet(46)) - raft.server.log.statemachine.data.sync.timeout.retry = -1 (default)
2022-07-12 23:20:15,879 [pool-73-thread-1] INFO  server.RaftServerConfigKeys (ConfUtils.java:logGet(46)) - raft.server.log.write.buffer.size = 1048576 (custom)
2022-07-12 23:20:15,879 [pool-73-thread-1] INFO  server.RaftServerConfigKeys (ConfUtils.java:logGet(46)) - raft.server.log.unsafe-flush.enabled = false (default)
2022-07-12 23:20:15,880 [pool-73-thread-1] INFO  server.RaftServerConfigKeys (ConfUtils.java:logGet(46)) - raft.server.log.statemachine.data.caching.enabled = true (custom)
2022-07-12 23:20:15,880 [pool-73-thread-1] INFO  segmented.SegmentedRaftLogWorker (SegmentedRaftLogWorker.java:lambda$new$0(135)) - f5ec0973-3ea4-44f3-b934-b5b86c2ad769@group-000ACE107383-SegmentedRaftLogWorker: flushIndex: setUnconditionally 0 -> -1
2022-07-12 23:20:15,880 [pool-73-thread-1] INFO  segmented.SegmentedRaftLogWorker (SegmentedRaftLogWorker.java:lambda$new$0(135)) - f5ec0973-3ea4-44f3-b934-b5b86c2ad769@group-000ACE107383-SegmentedRaftLogWorker: safeCacheEvictIndex: setUnconditionally 0 -> -1
2022-07-12 23:20:15,881 [pool-73-thread-1] INFO  server.RaftServerConfigKeys (ConfUtils.java:logGet(46)) - raft.server.snapshot.auto.trigger.enabled = true (custom)
2022-07-12 23:20:15,881 [pool-73-thread-1] INFO  server.RaftServerConfigKeys (ConfUtils.java:logGet(46)) - raft.server.snapshot.auto.trigger.threshold = 10000 (custom)
2022-07-12 23:20:15,881 [pool-73-thread-1] INFO  server.RaftServerConfigKeys (ConfUtils.java:logGet(46)) - raft.server.snapshot.retention.file.num = 5 (custom)
2022-07-12 23:20:15,881 [pool-73-thread-1] INFO  server.RaftServerConfigKeys (ConfUtils.java:logGet(46)) - raft.server.log.purge.upto.snapshot.index = false (default)
2022-07-12 23:20:15,881 [pool-73-thread-1] INFO  server.RaftServerConfigKeys (ConfUtils.java:logGet(46)) - raft.server.retrycache.expirytime = 600000ms (custom)
2022-07-12 23:20:15,881 [pool-73-thread-1] INFO  server.RaftServerConfigKeys (ConfUtils.java:logGet(46)) - raft.server.retrycache.statistics.expirytime = 100μs (default)
2022-07-12 23:20:15,890 [EventQueue-PipelineReportForPipelineReportHandler] INFO  pipeline.PipelineManagerImpl (PipelineManagerImpl.java:openPipeline(367)) - Pipeline Pipeline[ Id: f387fc05-7d7b-447f-8db1-000ace107383, Nodes: f5ec0973-3ea4-44f3-b934-b5b86c2ad769{ip: 10.1.0.13, host: fv-az46-473.aox2mo1hufxu3kclv1weif3kjc.bx.internal.cloudapp.net, ports: [REPLICATION=33037, RATIS=36411, RATIS_ADMIN=36411, RATIS_SERVER=36411, STANDALONE=45317], networkLocation: /default-rack, certSerialId: null, persistedOpState: IN_SERVICE, persistedOpStateExpiryEpochSec: 0}, ReplicationConfig: RATIS/ONE, State:ALLOCATED, leaderId:f5ec0973-3ea4-44f3-b934-b5b86c2ad769, CreationTimestamp2022-07-12T23:20:12.863Z[Etc/UTC]] moved to OPEN state
2022-07-12 23:20:15,894 [pool-73-thread-1] INFO  server.RaftServerConfigKeys (ConfUtils.java:logGet(46)) - raft.server.log.appender.install.snapshot.enabled = false (custom)
2022-07-12 23:20:15,894 [pool-73-thread-1] INFO  server.RaftServerConfigKeys (ConfUtils.java:logGet(46)) - raft.server.threadpool.server.cached = true (default)
2022-07-12 23:20:15,894 [pool-73-thread-1] INFO  server.RaftServerConfigKeys (ConfUtils.java:logGet(46)) - raft.server.threadpool.server.size = 0 (default)
2022-07-12 23:20:15,895 [pool-73-thread-1] INFO  server.RaftServerConfigKeys (ConfUtils.java:logGet(46)) - raft.server.threadpool.client.cached = true (default)
2022-07-12 23:20:15,895 [pool-73-thread-1] INFO  server.RaftServerConfigKeys (ConfUtils.java:logGet(46)) - raft.server.threadpool.client.size = 0 (default)
2022-07-12 23:20:15,895 [pool-73-thread-1] INFO  server.RaftServer$Division (RaftServerImpl.java:start(310)) - f5ec0973-3ea4-44f3-b934-b5b86c2ad769@group-000ACE107383: start as a follower, conf=-1: [f5ec0973-3ea4-44f3-b934-b5b86c2ad769|rpc:10.1.0.13:36411|priority:1], old=null
2022-07-12 23:20:15,895 [pool-73-thread-1] INFO  server.RaftServer$Division (RaftServerImpl.java:setRole(299)) - f5ec0973-3ea4-44f3-b934-b5b86c2ad769@group-000ACE107383: changes role from      null to FOLLOWER at term 0 for startAsFollower
2022-07-12 23:20:15,895 [pool-73-thread-1] INFO  impl.RoleInfo (RoleInfo.java:updateAndGet(139)) - f5ec0973-3ea4-44f3-b934-b5b86c2ad769: start f5ec0973-3ea4-44f3-b934-b5b86c2ad769@group-000ACE107383-FollowerState
2022-07-12 23:20:15,895 [EventQueue-OpenPipelineForHealthyPipelineSafeModeRule] INFO  safemode.SCMSafeModeManager (HealthyPipelineSafeModeRule.java:process(137)) - SCM in safe mode. Healthy pipelines reported count is 0, required healthy pipeline reported count is 1
2022-07-12 23:20:15,902 [pool-73-thread-1] INFO  util.JmxRegister (JmxRegister.java:tryRegister(44)) - Successfully registered JMX Bean with object name Ratis:service=RaftServer,group=group-000ACE107383,id=f5ec0973-3ea4-44f3-b934-b5b86c2ad769
2022-07-12 23:20:15,934 [Command processor thread] INFO  ratis.XceiverServerRatis (XceiverServerRatis.java:addGroup(765)) - Created group PipelineID=f387fc05-7d7b-447f-8db1-000ace107383
2022-07-12 23:20:15,934 [Command processor thread] INFO  commandhandler.CreatePipelineCommandHandler (CreatePipelineCommandHandler.java:handle(113)) - Created Pipeline RATIS ONE PipelineID=f387fc05-7d7b-447f-8db1-000ace107383.
2022-07-12 23:20:15,935 [Command processor thread] INFO  server.RaftServer (RaftServerProxy.java:addNew(96)) - f5ec0973-3ea4-44f3-b934-b5b86c2ad769: addNew group-B7888055A6AD:[77a98ace-e102-46e5-a474-eb7ed4f4a4ca|rpc:10.1.0.13:44773|priority:1, f5ec0973-3ea4-44f3-b934-b5b86c2ad769|rpc:10.1.0.13:36411|priority:0, 30c4d38c-7dc2-4c52-bffc-86b7b0a91f0d|rpc:10.1.0.13:39527|priority:0] returns group-B7888055A6AD:java.util.concurrent.CompletableFuture@50d6efde[Not completed]
2022-07-12 23:20:15,936 [pool-73-thread-1] INFO  server.RaftServer$Division (RaftServerImpl.java:<init>(190)) - f5ec0973-3ea4-44f3-b934-b5b86c2ad769: new RaftServerImpl for group-B7888055A6AD:[77a98ace-e102-46e5-a474-eb7ed4f4a4ca|rpc:10.1.0.13:44773|priority:1, f5ec0973-3ea4-44f3-b934-b5b86c2ad769|rpc:10.1.0.13:36411|priority:0, 30c4d38c-7dc2-4c52-bffc-86b7b0a91f0d|rpc:10.1.0.13:39527|priority:0] with ContainerStateMachine:uninitialized
2022-07-12 23:20:15,936 [pool-73-thread-1] INFO  server.RaftServerConfigKeys (ConfUtils.java:logGet(46)) - raft.server.rpc.timeout.min = 5s (custom)
2022-07-12 23:20:15,936 [pool-73-thread-1] INFO  server.RaftServerConfigKeys (ConfUtils.java:logGet(46)) - raft.server.rpc.timeout.max = 5200ms (custom)
2022-07-12 23:20:15,936 [pool-73-thread-1] INFO  server.RaftServerConfigKeys (ConfUtils.java:logGet(46)) - raft.server.rpc.sleep.time = 25ms (default)
2022-07-12 23:20:15,936 [pool-73-thread-1] INFO  server.RaftServerConfigKeys (ConfUtils.java:logGet(46)) - raft.server.rpc.slowness.timeout = 300s (custom)
2022-07-12 23:20:15,936 [pool-73-thread-1] INFO  server.RaftServerConfigKeys (ConfUtils.java:logGet(46)) - raft.server.leaderelection.leader.step-down.wait-time = 10s (default)
2022-07-12 23:20:15,936 [pool-73-thread-1] INFO  server.RaftServerConfigKeys (ConfUtils.java:logGet(46)) - raft.server.sleep.deviation.threshold = 300ms (default)
2022-07-12 23:20:15,936 [pool-73-thread-1] INFO  server.RaftServer$Division (ServerState.java:<init>(107)) - f5ec0973-3ea4-44f3-b934-b5b86c2ad769@group-B7888055A6AD: ConfigurationManager, init=-1: [77a98ace-e102-46e5-a474-eb7ed4f4a4ca|rpc:10.1.0.13:44773|priority:1, f5ec0973-3ea4-44f3-b934-b5b86c2ad769|rpc:10.1.0.13:36411|priority:0, 30c4d38c-7dc2-4c52-bffc-86b7b0a91f0d|rpc:10.1.0.13:39527|priority:0], old=null, confs=<EMPTY_MAP>
2022-07-12 23:20:15,937 [pool-73-thread-1] INFO  server.RaftServerConfigKeys (ConfUtils.java:logGet(46)) - raft.server.storage.dir = [/home/runner/work/ozone/ozone/hadoop-ozone/integration-test/target/test-dir/MiniOzoneClusterImpl-3dc585a6-3f94-454a-8ee9-12af11f98cc9/datanode-0/data/ratis] (custom)
2022-07-12 23:20:15,937 [pool-73-thread-1] INFO  server.RaftServerConfigKeys (ConfUtils.java:logGet(46)) - raft.server.log.corruption.policy = EXCEPTION (default)
2022-07-12 23:20:15,937 [pool-73-thread-1] INFO  server.RaftServerConfigKeys (ConfUtils.java:logGet(46)) - raft.server.storage.free-space.min = 0MB (=0) (default)
2022-07-12 23:20:15,937 [pool-73-thread-1] INFO  storage.RaftStorageDirectory (RaftStorageDirectoryImpl.java:analyzeStorage(135)) - The storage directory /home/runner/work/ozone/ozone/hadoop-ozone/integration-test/target/test-dir/MiniOzoneClusterImpl-3dc585a6-3f94-454a-8ee9-12af11f98cc9/datanode-0/data/ratis/be2256f4-bfa3-4061-945b-b7888055a6ad does not exist. Creating ...
2022-07-12 23:20:15,941 [pool-73-thread-1] INFO  storage.RaftStorageDirectory (RaftStorageDirectoryImpl.java:tryLock(230)) - Lock on /home/runner/work/ozone/ozone/hadoop-ozone/integration-test/target/test-dir/MiniOzoneClusterImpl-3dc585a6-3f94-454a-8ee9-12af11f98cc9/datanode-0/data/ratis/be2256f4-bfa3-4061-945b-b7888055a6ad/in_use.lock acquired by nodename 30948@fv-az46-473
2022-07-12 23:20:15,944 [pool-73-thread-1] INFO  storage.RaftStorage (RaftStorageImpl.java:format(89)) - Storage directory /home/runner/work/ozone/ozone/hadoop-ozone/integration-test/target/test-dir/MiniOzoneClusterImpl-3dc585a6-3f94-454a-8ee9-12af11f98cc9/datanode-0/data/ratis/be2256f4-bfa3-4061-945b-b7888055a6ad has been successfully formatted.
2022-07-12 23:20:15,945 [pool-73-thread-1] INFO  ratis.ContainerStateMachine (ContainerStateMachine.java:loadSnapshot(236)) - group-B7888055A6AD: The snapshot info is null. Setting the last applied indexto:(t:0, i:~)
2022-07-12 23:20:15,945 [pool-73-thread-1] INFO  server.RaftServerConfigKeys (ConfUtils.java:logGet(46)) - raft.server.notification.no-leader.timeout = 300s (custom)
2022-07-12 23:20:15,945 [pool-73-thread-1] INFO  server.RaftServerConfigKeys (ConfUtils.java:logGet(46)) - raft.server.log.use.memory = false (default)
2022-07-12 23:20:15,945 [pool-73-thread-1] INFO  server.RaftServerConfigKeys (ConfUtils.java:logGet(46)) - raft.server.log.purge.gap = 1000000 (custom)
2022-07-12 23:20:15,945 [pool-73-thread-1] INFO  server.RaftServerConfigKeys (ConfUtils.java:logGet(46)) - raft.server.log.appender.buffer.byte-limit = 33554432 (custom)
2022-07-12 23:20:15,945 [pool-73-thread-1] INFO  server.RaftServerConfigKeys (ConfUtils.java:logGet(46)) - raft.server.log.statemachine.data.read.timeout = 1000ms (default)
2022-07-12 23:20:15,946 [pool-73-thread-1] INFO  server.RaftServerConfigKeys (ConfUtils.java:logGet(46)) - raft.server.log.segment.size.max = 1048576 (custom)
2022-07-12 23:20:15,946 [pool-73-thread-1] INFO  server.RaftServerConfigKeys (ConfUtils.java:logGet(46)) - raft.server.log.segment.cache.num.max = 2 (custom)
2022-07-12 23:20:15,946 [pool-73-thread-1] INFO  server.RaftServerConfigKeys (ConfUtils.java:logGet(46)) - raft.server.log.segment.cache.size.max = 200MB (=209715200) (default)
2022-07-12 23:20:15,946 [pool-73-thread-1] INFO  segmented.SegmentedRaftLogWorker (SegmentedRaftLogWorker.java:<init>(187)) - new f5ec0973-3ea4-44f3-b934-b5b86c2ad769@group-B7888055A6AD-SegmentedRaftLogWorker for RaftStorageImpl:Storage Directory /home/runner/work/ozone/ozone/hadoop-ozone/integration-test/target/test-dir/MiniOzoneClusterImpl-3dc585a6-3f94-454a-8ee9-12af11f98cc9/datanode-0/data/ratis/be2256f4-bfa3-4061-945b-b7888055a6ad
2022-07-12 23:20:15,946 [pool-73-thread-1] INFO  server.RaftServerConfigKeys (ConfUtils.java:logGet(46)) - raft.server.log.queue.byte-limit = 4294967296 (custom)
2022-07-12 23:20:15,946 [pool-73-thread-1] INFO  server.RaftServerConfigKeys (ConfUtils.java:logGet(46)) - raft.server.log.queue.element-limit = 1024 (custom)
2022-07-12 23:20:15,946 [pool-73-thread-1] INFO  server.RaftServerConfigKeys (ConfUtils.java:logGet(46)) - raft.server.log.segment.size.max = 1048576 (custom)
2022-07-12 23:20:15,946 [pool-73-thread-1] INFO  server.RaftServerConfigKeys (ConfUtils.java:logGet(46)) - raft.server.log.preallocated.size = 16384 (custom)
2022-07-12 23:20:15,947 [pool-73-thread-1] INFO  server.RaftServerConfigKeys (ConfUtils.java:logGet(46)) - raft.server.log.force.sync.num = 128 (default)
2022-07-12 23:20:15,947 [pool-73-thread-1] INFO  server.RaftServerConfigKeys (ConfUtils.java:logGet(46)) - raft.server.log.statemachine.data.sync = true (default)
2022-07-12 23:20:15,947 [pool-73-thread-1] INFO  server.RaftServerConfigKeys (ConfUtils.java:logGet(46)) - raft.server.log.statemachine.data.sync.timeout = 10s (default)
2022-07-12 23:20:15,947 [pool-73-thread-1] INFO  server.RaftServerConfigKeys (ConfUtils.java:logGet(46)) - raft.server.log.statemachine.data.sync.timeout.retry = -1 (default)
2022-07-12 23:20:15,950 [pool-73-thread-1] INFO  server.RaftServerConfigKeys (ConfUtils.java:logGet(46)) - raft.server.log.write.buffer.size = 1048576 (custom)
2022-07-12 23:20:15,950 [pool-73-thread-1] INFO  server.RaftServerConfigKeys (ConfUtils.java:logGet(46)) - raft.server.log.unsafe-flush.enabled = false (default)
2022-07-12 23:20:15,950 [pool-73-thread-1] INFO  server.RaftServerConfigKeys (ConfUtils.java:logGet(46)) - raft.server.log.statemachine.data.caching.enabled = true (custom)
2022-07-12 23:20:15,950 [pool-73-thread-1] INFO  segmented.SegmentedRaftLogWorker (SegmentedRaftLogWorker.java:lambda$new$0(135)) - f5ec0973-3ea4-44f3-b934-b5b86c2ad769@group-B7888055A6AD-SegmentedRaftLogWorker: flushIndex: setUnconditionally 0 -> -1
2022-07-12 23:20:15,950 [pool-73-thread-1] INFO  segmented.SegmentedRaftLogWorker (SegmentedRaftLogWorker.java:lambda$new$0(135)) - f5ec0973-3ea4-44f3-b934-b5b86c2ad769@group-B7888055A6AD-SegmentedRaftLogWorker: safeCacheEvictIndex: setUnconditionally 0 -> -1
2022-07-12 23:20:15,950 [pool-73-thread-1] INFO  server.RaftServerConfigKeys (ConfUtils.java:logGet(46)) - raft.server.snapshot.auto.trigger.enabled = true (custom)
2022-07-12 23:20:15,950 [pool-73-thread-1] INFO  server.RaftServerConfigKeys (ConfUtils.java:logGet(46)) - raft.server.snapshot.auto.trigger.threshold = 10000 (custom)
2022-07-12 23:20:15,950 [pool-73-thread-1] INFO  server.RaftServerConfigKeys (ConfUtils.java:logGet(46)) - raft.server.snapshot.retention.file.num = 5 (custom)
2022-07-12 23:20:15,950 [pool-73-thread-1] INFO  server.RaftServerConfigKeys (ConfUtils.java:logGet(46)) - raft.server.log.purge.upto.snapshot.index = false (default)
2022-07-12 23:20:15,951 [pool-73-thread-1] INFO  server.RaftServerConfigKeys (ConfUtils.java:logGet(46)) - raft.server.retrycache.expirytime = 600000ms (custom)
2022-07-12 23:20:15,951 [pool-73-thread-1] INFO  server.RaftServerConfigKeys (ConfUtils.java:logGet(46)) - raft.server.retrycache.statistics.expirytime = 100μs (default)
2022-07-12 23:20:15,952 [pool-73-thread-1] INFO  server.RaftServerConfigKeys (ConfUtils.java:logGet(46)) - raft.server.log.appender.install.snapshot.enabled = false (custom)
2022-07-12 23:20:15,952 [pool-73-thread-1] INFO  server.RaftServerConfigKeys (ConfUtils.java:logGet(46)) - raft.server.threadpool.server.cached = true (default)
2022-07-12 23:20:15,952 [pool-73-thread-1] INFO  server.RaftServerConfigKeys (ConfUtils.java:logGet(46)) - raft.server.threadpool.server.size = 0 (default)
2022-07-12 23:20:15,952 [pool-73-thread-1] INFO  server.RaftServerConfigKeys (ConfUtils.java:logGet(46)) - raft.server.threadpool.client.cached = true (default)
2022-07-12 23:20:15,952 [pool-73-thread-1] INFO  server.RaftServerConfigKeys (ConfUtils.java:logGet(46)) - raft.server.threadpool.client.size = 0 (default)
2022-07-12 23:20:15,953 [pool-73-thread-1] INFO  server.RaftServer$Division (RaftServerImpl.java:start(310)) - f5ec0973-3ea4-44f3-b934-b5b86c2ad769@group-B7888055A6AD: start as a follower, conf=-1: [77a98ace-e102-46e5-a474-eb7ed4f4a4ca|rpc:10.1.0.13:44773|priority:1, f5ec0973-3ea4-44f3-b934-b5b86c2ad769|rpc:10.1.0.13:36411|priority:0, 30c4d38c-7dc2-4c52-bffc-86b7b0a91f0d|rpc:10.1.0.13:39527|priority:0], old=null
2022-07-12 23:20:15,953 [pool-73-thread-1] INFO  server.RaftServer$Division (RaftServerImpl.java:setRole(299)) - f5ec0973-3ea4-44f3-b934-b5b86c2ad769@group-B7888055A6AD: changes role from      null to FOLLOWER at term 0 for startAsFollower
2022-07-12 23:20:15,953 [pool-73-thread-1] INFO  impl.RoleInfo (RoleInfo.java:updateAndGet(139)) - f5ec0973-3ea4-44f3-b934-b5b86c2ad769: start f5ec0973-3ea4-44f3-b934-b5b86c2ad769@group-B7888055A6AD-FollowerState
2022-07-12 23:20:15,957 [EventQueue-OpenPipelineForHealthyPipelineSafeModeRule] INFO  safemode.SCMSafeModeManager (HealthyPipelineSafeModeRule.java:process(137)) - SCM in safe mode. Healthy pipelines reported count is 0, required healthy pipeline reported count is 1
2022-07-12 23:20:15,957 [pool-73-thread-1] INFO  util.JmxRegister (JmxRegister.java:tryRegister(44)) - Successfully registered JMX Bean with object name Ratis:service=RaftServer,group=group-B7888055A6AD,id=f5ec0973-3ea4-44f3-b934-b5b86c2ad769
2022-07-12 23:20:15,962 [Command processor thread] INFO  ratis.XceiverServerRatis (XceiverServerRatis.java:addGroup(765)) - Created group PipelineID=be2256f4-bfa3-4061-945b-b7888055a6ad
2022-07-12 23:20:16,297 [Listener at 127.0.0.1/35283] INFO  ozone.MiniOzoneClusterImpl (MiniOzoneClusterImpl.java:lambda$waitForClusterToBeReady$0(216)) - Nodes are ready. Got 5 of 5 DN Heartbeats.
2022-07-12 23:20:16,297 [Listener at 127.0.0.1/35283] INFO  ozone.MiniOzoneClusterImpl (MiniOzoneClusterImpl.java:lambda$waitForClusterToBeReady$0(219)) - Waiting for cluster to exit safe mode
2022-07-12 23:20:16,297 [Listener at 127.0.0.1/35283] INFO  ozone.MiniOzoneClusterImpl (MiniOzoneClusterImpl.java:lambda$waitForClusterToBeReady$0(221)) - SCM became leader
2022-07-12 23:20:16,396 [Command processor thread] INFO  server.RaftServer (RaftServerProxy.java:addNew(96)) - 77a98ace-e102-46e5-a474-eb7ed4f4a4ca: addNew group-6103BBB8C4DE:[77a98ace-e102-46e5-a474-eb7ed4f4a4ca|rpc:10.1.0.13:44773|priority:1] returns group-6103BBB8C4DE:java.util.concurrent.CompletableFuture@74684930[Not completed]
2022-07-12 23:20:16,398 [pool-96-thread-1] INFO  server.RaftServer$Division (RaftServerImpl.java:<init>(190)) - 77a98ace-e102-46e5-a474-eb7ed4f4a4ca: new RaftServerImpl for group-6103BBB8C4DE:[77a98ace-e102-46e5-a474-eb7ed4f4a4ca|rpc:10.1.0.13:44773|priority:1] with ContainerStateMachine:uninitialized
2022-07-12 23:20:16,398 [pool-96-thread-1] INFO  server.RaftServerConfigKeys (ConfUtils.java:logGet(46)) - raft.server.rpc.timeout.min = 5s (custom)
2022-07-12 23:20:16,398 [pool-96-thread-1] INFO  server.RaftServerConfigKeys (ConfUtils.java:logGet(46)) - raft.server.rpc.timeout.max = 5200ms (custom)
2022-07-12 23:20:16,398 [pool-96-thread-1] INFO  server.RaftServerConfigKeys (ConfUtils.java:logGet(46)) - raft.server.rpc.sleep.time = 25ms (default)
2022-07-12 23:20:16,398 [pool-96-thread-1] INFO  server.RaftServerConfigKeys (ConfUtils.java:logGet(46)) - raft.server.rpc.slowness.timeout = 300s (custom)
2022-07-12 23:20:16,398 [pool-96-thread-1] INFO  server.RaftServerConfigKeys (ConfUtils.java:logGet(46)) - raft.server.leaderelection.leader.step-down.wait-time = 10s (default)
2022-07-12 23:20:16,398 [pool-96-thread-1] INFO  server.RaftServerConfigKeys (ConfUtils.java:logGet(46)) - raft.server.sleep.deviation.threshold = 300ms (default)
2022-07-12 23:20:16,398 [pool-96-thread-1] INFO  server.RaftServer$Division (ServerState.java:<init>(107)) - 77a98ace-e102-46e5-a474-eb7ed4f4a4ca@group-6103BBB8C4DE: ConfigurationManager, init=-1: [77a98ace-e102-46e5-a474-eb7ed4f4a4ca|rpc:10.1.0.13:44773|priority:1], old=null, confs=<EMPTY_MAP>
2022-07-12 23:20:16,398 [pool-96-thread-1] INFO  server.RaftServerConfigKeys (ConfUtils.java:logGet(46)) - raft.server.storage.dir = [/home/runner/work/ozone/ozone/hadoop-ozone/integration-test/target/test-dir/MiniOzoneClusterImpl-3dc585a6-3f94-454a-8ee9-12af11f98cc9/datanode-1/data/ratis] (custom)
2022-07-12 23:20:16,399 [pool-96-thread-1] INFO  server.RaftServerConfigKeys (ConfUtils.java:logGet(46)) - raft.server.log.corruption.policy = EXCEPTION (default)
2022-07-12 23:20:16,399 [pool-96-thread-1] INFO  server.RaftServerConfigKeys (ConfUtils.java:logGet(46)) - raft.server.storage.free-space.min = 0MB (=0) (default)
2022-07-12 23:20:16,399 [pool-96-thread-1] INFO  storage.RaftStorageDirectory (RaftStorageDirectoryImpl.java:analyzeStorage(135)) - The storage directory /home/runner/work/ozone/ozone/hadoop-ozone/integration-test/target/test-dir/MiniOzoneClusterImpl-3dc585a6-3f94-454a-8ee9-12af11f98cc9/datanode-1/data/ratis/59440cdf-f6d8-47da-9f39-6103bbb8c4de does not exist. Creating ...
2022-07-12 23:20:16,400 [pool-96-thread-1] INFO  storage.RaftStorageDirectory (RaftStorageDirectoryImpl.java:tryLock(230)) - Lock on /home/runner/work/ozone/ozone/hadoop-ozone/integration-test/target/test-dir/MiniOzoneClusterImpl-3dc585a6-3f94-454a-8ee9-12af11f98cc9/datanode-1/data/ratis/59440cdf-f6d8-47da-9f39-6103bbb8c4de/in_use.lock acquired by nodename 30948@fv-az46-473
2022-07-12 23:20:16,401 [pool-96-thread-1] INFO  storage.RaftStorage (RaftStorageImpl.java:format(89)) - Storage directory /home/runner/work/ozone/ozone/hadoop-ozone/integration-test/target/test-dir/MiniOzoneClusterImpl-3dc585a6-3f94-454a-8ee9-12af11f98cc9/datanode-1/data/ratis/59440cdf-f6d8-47da-9f39-6103bbb8c4de has been successfully formatted.
2022-07-12 23:20:16,410 [EventQueue-PipelineReportForPipelineReportHandler] INFO  pipeline.PipelineManagerImpl (PipelineManagerImpl.java:openPipeline(367)) - Pipeline Pipeline[ Id: 59440cdf-f6d8-47da-9f39-6103bbb8c4de, Nodes: 77a98ace-e102-46e5-a474-eb7ed4f4a4ca{ip: 10.1.0.13, host: fv-az46-473.aox2mo1hufxu3kclv1weif3kjc.bx.internal.cloudapp.net, ports: [REPLICATION=37105, RATIS=44773, RATIS_ADMIN=44773, RATIS_SERVER=44773, STANDALONE=39209], networkLocation: /default-rack, certSerialId: null, persistedOpState: IN_SERVICE, persistedOpStateExpiryEpochSec: 0}, ReplicationConfig: RATIS/ONE, State:ALLOCATED, leaderId:77a98ace-e102-46e5-a474-eb7ed4f4a4ca, CreationTimestamp2022-07-12T23:20:13.397Z[Etc/UTC]] moved to OPEN state
2022-07-12 23:20:16,410 [EventQueue-OpenPipelineForHealthyPipelineSafeModeRule] INFO  safemode.SCMSafeModeManager (HealthyPipelineSafeModeRule.java:process(137)) - SCM in safe mode. Healthy pipelines reported count is 0, required healthy pipeline reported count is 1
2022-07-12 23:20:16,404 [pool-96-thread-1] INFO  ratis.ContainerStateMachine (ContainerStateMachine.java:loadSnapshot(236)) - group-6103BBB8C4DE: The snapshot info is null. Setting the last applied indexto:(t:0, i:~)
2022-07-12 23:20:16,412 [pool-96-thread-1] INFO  server.RaftServerConfigKeys (ConfUtils.java:logGet(46)) - raft.server.notification.no-leader.timeout = 300s (custom)
2022-07-12 23:20:16,412 [pool-96-thread-1] INFO  server.RaftServerConfigKeys (ConfUtils.java:logGet(46)) - raft.server.log.use.memory = false (default)
2022-07-12 23:20:16,412 [pool-96-thread-1] INFO  server.RaftServerConfigKeys (ConfUtils.java:logGet(46)) - raft.server.log.purge.gap = 1000000 (custom)
2022-07-12 23:20:16,412 [pool-96-thread-1] INFO  server.RaftServerConfigKeys (ConfUtils.java:logGet(46)) - raft.server.log.appender.buffer.byte-limit = 33554432 (custom)
2022-07-12 23:20:16,412 [pool-96-thread-1] INFO  server.RaftServerConfigKeys (ConfUtils.java:logGet(46)) - raft.server.log.statemachine.data.read.timeout = 1000ms (default)
2022-07-12 23:20:16,414 [pool-96-thread-1] INFO  server.RaftServerConfigKeys (ConfUtils.java:logGet(46)) - raft.server.log.segment.size.max = 1048576 (custom)
2022-07-12 23:20:16,420 [pool-96-thread-1] INFO  server.RaftServerConfigKeys (ConfUtils.java:logGet(46)) - raft.server.log.segment.cache.num.max = 2 (custom)
2022-07-12 23:20:16,420 [pool-96-thread-1] INFO  server.RaftServerConfigKeys (ConfUtils.java:logGet(46)) - raft.server.log.segment.cache.size.max = 200MB (=209715200) (default)
2022-07-12 23:20:16,420 [pool-96-thread-1] INFO  segmented.SegmentedRaftLogWorker (SegmentedRaftLogWorker.java:<init>(187)) - new 77a98ace-e102-46e5-a474-eb7ed4f4a4ca@group-6103BBB8C4DE-SegmentedRaftLogWorker for RaftStorageImpl:Storage Directory /home/runner/work/ozone/ozone/hadoop-ozone/integration-test/target/test-dir/MiniOzoneClusterImpl-3dc585a6-3f94-454a-8ee9-12af11f98cc9/datanode-1/data/ratis/59440cdf-f6d8-47da-9f39-6103bbb8c4de
2022-07-12 23:20:16,420 [pool-96-thread-1] INFO  server.RaftServerConfigKeys (ConfUtils.java:logGet(46)) - raft.server.log.queue.byte-limit = 4294967296 (custom)
2022-07-12 23:20:16,420 [pool-96-thread-1] INFO  server.RaftServerConfigKeys (ConfUtils.java:logGet(46)) - raft.server.log.queue.element-limit = 1024 (custom)
2022-07-12 23:20:16,420 [pool-96-thread-1] INFO  server.RaftServerConfigKeys (ConfUtils.java:logGet(46)) - raft.server.log.segment.size.max = 1048576 (custom)
2022-07-12 23:20:16,420 [pool-96-thread-1] INFO  server.RaftServerConfigKeys (ConfUtils.java:logGet(46)) - raft.server.log.preallocated.size = 16384 (custom)
2022-07-12 23:20:16,420 [pool-96-thread-1] INFO  server.RaftServerConfigKeys (ConfUtils.java:logGet(46)) - raft.server.log.force.sync.num = 128 (default)
2022-07-12 23:20:16,420 [pool-96-thread-1] INFO  server.RaftServerConfigKeys (ConfUtils.java:logGet(46)) - raft.server.log.statemachine.data.sync = true (default)
2022-07-12 23:20:16,420 [pool-96-thread-1] INFO  server.RaftServerConfigKeys (ConfUtils.java:logGet(46)) - raft.server.log.statemachine.data.sync.timeout = 10s (default)
2022-07-12 23:20:16,420 [pool-96-thread-1] INFO  server.RaftServerConfigKeys (ConfUtils.java:logGet(46)) - raft.server.log.statemachine.data.sync.timeout.retry = -1 (default)
2022-07-12 23:20:16,421 [pool-96-thread-1] INFO  server.RaftServerConfigKeys (ConfUtils.java:logGet(46)) - raft.server.log.write.buffer.size = 1048576 (custom)
2022-07-12 23:20:16,429 [pool-96-thread-1] INFO  server.RaftServerConfigKeys (ConfUtils.java:logGet(46)) - raft.server.log.unsafe-flush.enabled = false (default)
2022-07-12 23:20:16,429 [pool-96-thread-1] INFO  server.RaftServerConfigKeys (ConfUtils.java:logGet(46)) - raft.server.log.statemachine.data.caching.enabled = true (custom)
2022-07-12 23:20:16,430 [pool-96-thread-1] INFO  segmented.SegmentedRaftLogWorker (SegmentedRaftLogWorker.java:lambda$new$0(135)) - 77a98ace-e102-46e5-a474-eb7ed4f4a4ca@group-6103BBB8C4DE-SegmentedRaftLogWorker: flushIndex: setUnconditionally 0 -> -1
2022-07-12 23:20:16,430 [pool-96-thread-1] INFO  segmented.SegmentedRaftLogWorker (SegmentedRaftLogWorker.java:lambda$new$0(135)) - 77a98ace-e102-46e5-a474-eb7ed4f4a4ca@group-6103BBB8C4DE-SegmentedRaftLogWorker: safeCacheEvictIndex: setUnconditionally 0 -> -1
2022-07-12 23:20:16,430 [pool-96-thread-1] INFO  server.RaftServerConfigKeys (ConfUtils.java:logGet(46)) - raft.server.snapshot.auto.trigger.enabled = true (custom)
2022-07-12 23:20:16,430 [pool-96-thread-1] INFO  server.RaftServerConfigKeys (ConfUtils.java:logGet(46)) - raft.server.snapshot.auto.trigger.threshold = 10000 (custom)
2022-07-12 23:20:16,430 [pool-96-thread-1] INFO  server.RaftServerConfigKeys (ConfUtils.java:logGet(46)) - raft.server.snapshot.retention.file.num = 5 (custom)
2022-07-12 23:20:16,430 [pool-96-thread-1] INFO  server.RaftServerConfigKeys (ConfUtils.java:logGet(46)) - raft.server.log.purge.upto.snapshot.index = false (default)
2022-07-12 23:20:16,431 [pool-96-thread-1] INFO  server.RaftServerConfigKeys (ConfUtils.java:logGet(46)) - raft.server.retrycache.expirytime = 600000ms (custom)
2022-07-12 23:20:16,431 [pool-96-thread-1] INFO  server.RaftServerConfigKeys (ConfUtils.java:logGet(46)) - raft.server.retrycache.statistics.expirytime = 100μs (default)
2022-07-12 23:20:16,432 [pool-96-thread-1] INFO  server.RaftServerConfigKeys (ConfUtils.java:logGet(46)) - raft.server.log.appender.install.snapshot.enabled = false (custom)
2022-07-12 23:20:16,432 [pool-96-thread-1] INFO  server.RaftServerConfigKeys (ConfUtils.java:logGet(46)) - raft.server.threadpool.server.cached = true (default)
2022-07-12 23:20:16,432 [pool-96-thread-1] INFO  server.RaftServerConfigKeys (ConfUtils.java:logGet(46)) - raft.server.threadpool.server.size = 0 (default)
2022-07-12 23:20:16,432 [pool-96-thread-1] INFO  server.RaftServerConfigKeys (ConfUtils.java:logGet(46)) - raft.server.threadpool.client.cached = true (default)
2022-07-12 23:20:16,432 [pool-96-thread-1] INFO  server.RaftServerConfigKeys (ConfUtils.java:logGet(46)) - raft.server.threadpool.client.size = 0 (default)
2022-07-12 23:20:16,432 [pool-96-thread-1] INFO  server.RaftServer$Division (RaftServerImpl.java:start(310)) - 77a98ace-e102-46e5-a474-eb7ed4f4a4ca@group-6103BBB8C4DE: start as a follower, conf=-1: [77a98ace-e102-46e5-a474-eb7ed4f4a4ca|rpc:10.1.0.13:44773|priority:1], old=null
2022-07-12 23:20:16,432 [pool-96-thread-1] INFO  server.RaftServer$Division (RaftServerImpl.java:setRole(299)) - 77a98ace-e102-46e5-a474-eb7ed4f4a4ca@group-6103BBB8C4DE: changes role from      null to FOLLOWER at term 0 for startAsFollower
2022-07-12 23:20:16,432 [pool-96-thread-1] INFO  impl.RoleInfo (RoleInfo.java:updateAndGet(139)) - 77a98ace-e102-46e5-a474-eb7ed4f4a4ca: start 77a98ace-e102-46e5-a474-eb7ed4f4a4ca@group-6103BBB8C4DE-FollowerState
2022-07-12 23:20:16,435 [pool-96-thread-1] INFO  util.JmxRegister (JmxRegister.java:tryRegister(44)) - Successfully registered JMX Bean with object name Ratis:service=RaftServer,group=group-6103BBB8C4DE,id=77a98ace-e102-46e5-a474-eb7ed4f4a4ca
2022-07-12 23:20:16,439 [Command processor thread] INFO  ratis.XceiverServerRatis (XceiverServerRatis.java:addGroup(765)) - Created group PipelineID=59440cdf-f6d8-47da-9f39-6103bbb8c4de
2022-07-12 23:20:16,440 [Command processor thread] INFO  commandhandler.CreatePipelineCommandHandler (CreatePipelineCommandHandler.java:handle(113)) - Created Pipeline RATIS ONE PipelineID=59440cdf-f6d8-47da-9f39-6103bbb8c4de.
2022-07-12 23:20:16,440 [Command processor thread] INFO  server.RaftServer (RaftServerProxy.java:addNew(96)) - 77a98ace-e102-46e5-a474-eb7ed4f4a4ca: addNew group-B7888055A6AD:[77a98ace-e102-46e5-a474-eb7ed4f4a4ca|rpc:10.1.0.13:44773|priority:1, f5ec0973-3ea4-44f3-b934-b5b86c2ad769|rpc:10.1.0.13:36411|priority:0, 30c4d38c-7dc2-4c52-bffc-86b7b0a91f0d|rpc:10.1.0.13:39527|priority:0] returns group-B7888055A6AD:java.util.concurrent.CompletableFuture@7057d365[Not completed]
2022-07-12 23:20:16,441 [pool-96-thread-1] INFO  server.RaftServer$Division (RaftServerImpl.java:<init>(190)) - 77a98ace-e102-46e5-a474-eb7ed4f4a4ca: new RaftServerImpl for group-B7888055A6AD:[77a98ace-e102-46e5-a474-eb7ed4f4a4ca|rpc:10.1.0.13:44773|priority:1, f5ec0973-3ea4-44f3-b934-b5b86c2ad769|rpc:10.1.0.13:36411|priority:0, 30c4d38c-7dc2-4c52-bffc-86b7b0a91f0d|rpc:10.1.0.13:39527|priority:0] with ContainerStateMachine:uninitialized
2022-07-12 23:20:16,441 [pool-96-thread-1] INFO  server.RaftServerConfigKeys (ConfUtils.java:logGet(46)) - raft.server.rpc.timeout.min = 5s (custom)
2022-07-12 23:20:16,441 [pool-96-thread-1] INFO  server.RaftServerConfigKeys (ConfUtils.java:logGet(46)) - raft.server.rpc.timeout.max = 5200ms (custom)
2022-07-12 23:20:16,441 [pool-96-thread-1] INFO  server.RaftServerConfigKeys (ConfUtils.java:logGet(46)) - raft.server.rpc.sleep.time = 25ms (default)
2022-07-12 23:20:16,441 [pool-96-thread-1] INFO  server.RaftServerConfigKeys (ConfUtils.java:logGet(46)) - raft.server.rpc.slowness.timeout = 300s (custom)
2022-07-12 23:20:16,441 [pool-96-thread-1] INFO  server.RaftServerConfigKeys (ConfUtils.java:logGet(46)) - raft.server.leaderelection.leader.step-down.wait-time = 10s (default)
2022-07-12 23:20:16,441 [pool-96-thread-1] INFO  server.RaftServerConfigKeys (ConfUtils.java:logGet(46)) - raft.server.sleep.deviation.threshold = 300ms (default)
2022-07-12 23:20:16,441 [pool-96-thread-1] INFO  server.RaftServer$Division (ServerState.java:<init>(107)) - 77a98ace-e102-46e5-a474-eb7ed4f4a4ca@group-B7888055A6AD: ConfigurationManager, init=-1: [77a98ace-e102-46e5-a474-eb7ed4f4a4ca|rpc:10.1.0.13:44773|priority:1, f5ec0973-3ea4-44f3-b934-b5b86c2ad769|rpc:10.1.0.13:36411|priority:0, 30c4d38c-7dc2-4c52-bffc-86b7b0a91f0d|rpc:10.1.0.13:39527|priority:0], old=null, confs=<EMPTY_MAP>
2022-07-12 23:20:16,441 [pool-96-thread-1] INFO  server.RaftServerConfigKeys (ConfUtils.java:logGet(46)) - raft.server.storage.dir = [/home/runner/work/ozone/ozone/hadoop-ozone/integration-test/target/test-dir/MiniOzoneClusterImpl-3dc585a6-3f94-454a-8ee9-12af11f98cc9/datanode-1/data/ratis] (custom)
2022-07-12 23:20:16,442 [pool-96-thread-1] INFO  server.RaftServerConfigKeys (ConfUtils.java:logGet(46)) - raft.server.log.corruption.policy = EXCEPTION (default)
2022-07-12 23:20:16,442 [pool-96-thread-1] INFO  server.RaftServerConfigKeys (ConfUtils.java:logGet(46)) - raft.server.storage.free-space.min = 0MB (=0) (default)
2022-07-12 23:20:16,442 [pool-96-thread-1] INFO  storage.RaftStorageDirectory (RaftStorageDirectoryImpl.java:analyzeStorage(135)) - The storage directory /home/runner/work/ozone/ozone/hadoop-ozone/integration-test/target/test-dir/MiniOzoneClusterImpl-3dc585a6-3f94-454a-8ee9-12af11f98cc9/datanode-1/data/ratis/be2256f4-bfa3-4061-945b-b7888055a6ad does not exist. Creating ...
2022-07-12 23:20:16,443 [pool-96-thread-1] INFO  storage.RaftStorageDirectory (RaftStorageDirectoryImpl.java:tryLock(230)) - Lock on /home/runner/work/ozone/ozone/hadoop-ozone/integration-test/target/test-dir/MiniOzoneClusterImpl-3dc585a6-3f94-454a-8ee9-12af11f98cc9/datanode-1/data/ratis/be2256f4-bfa3-4061-945b-b7888055a6ad/in_use.lock acquired by nodename 30948@fv-az46-473
2022-07-12 23:20:16,446 [pool-96-thread-1] INFO  storage.RaftStorage (RaftStorageImpl.java:format(89)) - Storage directory /home/runner/work/ozone/ozone/hadoop-ozone/integration-test/target/test-dir/MiniOzoneClusterImpl-3dc585a6-3f94-454a-8ee9-12af11f98cc9/datanode-1/data/ratis/be2256f4-bfa3-4061-945b-b7888055a6ad has been successfully formatted.
2022-07-12 23:20:16,447 [pool-96-thread-1] INFO  ratis.ContainerStateMachine (ContainerStateMachine.java:loadSnapshot(236)) - group-B7888055A6AD: The snapshot info is null. Setting the last applied indexto:(t:0, i:~)
2022-07-12 23:20:16,447 [pool-96-thread-1] INFO  server.RaftServerConfigKeys (ConfUtils.java:logGet(46)) - raft.server.notification.no-leader.timeout = 300s (custom)
2022-07-12 23:20:16,447 [pool-96-thread-1] INFO  server.RaftServerConfigKeys (ConfUtils.java:logGet(46)) - raft.server.log.use.memory = false (default)
2022-07-12 23:20:16,447 [pool-96-thread-1] INFO  server.RaftServerConfigKeys (ConfUtils.java:logGet(46)) - raft.server.log.purge.gap = 1000000 (custom)
2022-07-12 23:20:16,447 [pool-96-thread-1] INFO  server.RaftServerConfigKeys (ConfUtils.java:logGet(46)) - raft.server.log.appender.buffer.byte-limit = 33554432 (custom)
2022-07-12 23:20:16,447 [pool-96-thread-1] INFO  server.RaftServerConfigKeys (ConfUtils.java:logGet(46)) - raft.server.log.statemachine.data.read.timeout = 1000ms (default)
2022-07-12 23:20:16,451 [EventQueue-OpenPipelineForHealthyPipelineSafeModeRule] INFO  safemode.SCMSafeModeManager (HealthyPipelineSafeModeRule.java:process(137)) - SCM in safe mode. Healthy pipelines reported count is 0, required healthy pipeline reported count is 1
2022-07-12 23:20:16,451 [pool-96-thread-1] INFO  server.RaftServerConfigKeys (ConfUtils.java:logGet(46)) - raft.server.log.segment.size.max = 1048576 (custom)
2022-07-12 23:20:16,452 [pool-96-thread-1] INFO  server.RaftServerConfigKeys (ConfUtils.java:logGet(46)) - raft.server.log.segment.cache.num.max = 2 (custom)
2022-07-12 23:20:16,452 [pool-96-thread-1] INFO  server.RaftServerConfigKeys (ConfUtils.java:logGet(46)) - raft.server.log.segment.cache.size.max = 200MB (=209715200) (default)
2022-07-12 23:20:16,452 [pool-96-thread-1] INFO  segmented.SegmentedRaftLogWorker (SegmentedRaftLogWorker.java:<init>(187)) - new 77a98ace-e102-46e5-a474-eb7ed4f4a4ca@group-B7888055A6AD-SegmentedRaftLogWorker for RaftStorageImpl:Storage Directory /home/runner/work/ozone/ozone/hadoop-ozone/integration-test/target/test-dir/MiniOzoneClusterImpl-3dc585a6-3f94-454a-8ee9-12af11f98cc9/datanode-1/data/ratis/be2256f4-bfa3-4061-945b-b7888055a6ad
2022-07-12 23:20:16,452 [pool-96-thread-1] INFO  server.RaftServerConfigKeys (ConfUtils.java:logGet(46)) - raft.server.log.queue.byte-limit = 4294967296 (custom)
2022-07-12 23:20:16,452 [pool-96-thread-1] INFO  server.RaftServerConfigKeys (ConfUtils.java:logGet(46)) - raft.server.log.queue.element-limit = 1024 (custom)
2022-07-12 23:20:16,452 [pool-96-thread-1] INFO  server.RaftServerConfigKeys (ConfUtils.java:logGet(46)) - raft.server.log.segment.size.max = 1048576 (custom)
2022-07-12 23:20:16,452 [pool-96-thread-1] INFO  server.RaftServerConfigKeys (ConfUtils.java:logGet(46)) - raft.server.log.preallocated.size = 16384 (custom)
2022-07-12 23:20:16,452 [pool-96-thread-1] INFO  server.RaftServerConfigKeys (ConfUtils.java:logGet(46)) - raft.server.log.force.sync.num = 128 (default)
2022-07-12 23:20:16,452 [pool-96-thread-1] INFO  server.RaftServerConfigKeys (ConfUtils.java:logGet(46)) - raft.server.log.statemachine.data.sync = true (default)
2022-07-12 23:20:16,452 [pool-96-thread-1] INFO  server.RaftServerConfigKeys (ConfUtils.java:logGet(46)) - raft.server.log.statemachine.data.sync.timeout = 10s (default)
2022-07-12 23:20:16,452 [pool-96-thread-1] INFO  server.RaftServerConfigKeys (ConfUtils.java:logGet(46)) - raft.server.log.statemachine.data.sync.timeout.retry = -1 (default)
2022-07-12 23:20:16,453 [pool-96-thread-1] INFO  server.RaftServerConfigKeys (ConfUtils.java:logGet(46)) - raft.server.log.write.buffer.size = 1048576 (custom)
2022-07-12 23:20:16,454 [pool-96-thread-1] INFO  server.RaftServerConfigKeys (ConfUtils.java:logGet(46)) - raft.server.log.unsafe-flush.enabled = false (default)
2022-07-12 23:20:16,454 [pool-96-thread-1] INFO  server.RaftServerConfigKeys (ConfUtils.java:logGet(46)) - raft.server.log.statemachine.data.caching.enabled = true (custom)
2022-07-12 23:20:16,454 [pool-96-thread-1] INFO  segmented.SegmentedRaftLogWorker (SegmentedRaftLogWorker.java:lambda$new$0(135)) - 77a98ace-e102-46e5-a474-eb7ed4f4a4ca@group-B7888055A6AD-SegmentedRaftLogWorker: flushIndex: setUnconditionally 0 -> -1
2022-07-12 23:20:16,454 [pool-96-thread-1] INFO  segmented.SegmentedRaftLogWorker (SegmentedRaftLogWorker.java:lambda$new$0(135)) - 77a98ace-e102-46e5-a474-eb7ed4f4a4ca@group-B7888055A6AD-SegmentedRaftLogWorker: safeCacheEvictIndex: setUnconditionally 0 -> -1
2022-07-12 23:20:16,454 [pool-96-thread-1] INFO  server.RaftServerConfigKeys (ConfUtils.java:logGet(46)) - raft.server.snapshot.auto.trigger.enabled = true (custom)
2022-07-12 23:20:16,454 [pool-96-thread-1] INFO  server.RaftServerConfigKeys (ConfUtils.java:logGet(46)) - raft.server.snapshot.auto.trigger.threshold = 10000 (custom)
2022-07-12 23:20:16,454 [pool-96-thread-1] INFO  server.RaftServerConfigKeys (ConfUtils.java:logGet(46)) - raft.server.snapshot.retention.file.num = 5 (custom)
2022-07-12 23:20:16,454 [pool-96-thread-1] INFO  server.RaftServerConfigKeys (ConfUtils.java:logGet(46)) - raft.server.log.purge.upto.snapshot.index = false (default)
2022-07-12 23:20:16,455 [pool-96-thread-1] INFO  server.RaftServerConfigKeys (ConfUtils.java:logGet(46)) - raft.server.retrycache.expirytime = 600000ms (custom)
2022-07-12 23:20:16,455 [pool-96-thread-1] INFO  server.RaftServerConfigKeys (ConfUtils.java:logGet(46)) - raft.server.retrycache.statistics.expirytime = 100μs (default)
2022-07-12 23:20:16,456 [pool-96-thread-1] INFO  server.RaftServerConfigKeys (ConfUtils.java:logGet(46)) - raft.server.log.appender.install.snapshot.enabled = false (custom)
2022-07-12 23:20:16,457 [pool-96-thread-1] INFO  server.RaftServerConfigKeys (ConfUtils.java:logGet(46)) - raft.server.threadpool.server.cached = true (default)
2022-07-12 23:20:16,457 [pool-96-thread-1] INFO  server.RaftServerConfigKeys (ConfUtils.java:logGet(46)) - raft.server.threadpool.server.size = 0 (default)
2022-07-12 23:20:16,457 [pool-96-thread-1] INFO  server.RaftServerConfigKeys (ConfUtils.java:logGet(46)) - raft.server.threadpool.client.cached = true (default)
2022-07-12 23:20:16,457 [pool-96-thread-1] INFO  server.RaftServerConfigKeys (ConfUtils.java:logGet(46)) - raft.server.threadpool.client.size = 0 (default)
2022-07-12 23:20:16,457 [pool-96-thread-1] INFO  server.RaftServer$Division (RaftServerImpl.java:start(310)) - 77a98ace-e102-46e5-a474-eb7ed4f4a4ca@group-B7888055A6AD: start as a follower, conf=-1: [77a98ace-e102-46e5-a474-eb7ed4f4a4ca|rpc:10.1.0.13:44773|priority:1, f5ec0973-3ea4-44f3-b934-b5b86c2ad769|rpc:10.1.0.13:36411|priority:0, 30c4d38c-7dc2-4c52-bffc-86b7b0a91f0d|rpc:10.1.0.13:39527|priority:0], old=null
2022-07-12 23:20:16,457 [pool-96-thread-1] INFO  server.RaftServer$Division (RaftServerImpl.java:setRole(299)) - 77a98ace-e102-46e5-a474-eb7ed4f4a4ca@group-B7888055A6AD: changes role from      null to FOLLOWER at term 0 for startAsFollower
2022-07-12 23:20:16,457 [pool-96-thread-1] INFO  impl.RoleInfo (RoleInfo.java:updateAndGet(139)) - 77a98ace-e102-46e5-a474-eb7ed4f4a4ca: start 77a98ace-e102-46e5-a474-eb7ed4f4a4ca@group-B7888055A6AD-FollowerState
2022-07-12 23:20:16,457 [pool-96-thread-1] INFO  util.JmxRegister (JmxRegister.java:tryRegister(44)) - Successfully registered JMX Bean with object name Ratis:service=RaftServer,group=group-B7888055A6AD,id=77a98ace-e102-46e5-a474-eb7ed4f4a4ca
2022-07-12 23:20:16,458 [Command processor thread] INFO  ratis.XceiverServerRatis (XceiverServerRatis.java:addGroup(765)) - Created group PipelineID=be2256f4-bfa3-4061-945b-b7888055a6ad
2022-07-12 23:20:16,509 [grpc-default-executor-0] INFO  server.RaftServer (RaftServerProxy.java:addNew(96)) - 30c4d38c-7dc2-4c52-bffc-86b7b0a91f0d: addNew group-B7888055A6AD:[77a98ace-e102-46e5-a474-eb7ed4f4a4ca|rpc:10.1.0.13:44773|dataStream:|priority:1, f5ec0973-3ea4-44f3-b934-b5b86c2ad769|rpc:10.1.0.13:36411|dataStream:|priority:0, 30c4d38c-7dc2-4c52-bffc-86b7b0a91f0d|rpc:10.1.0.13:39527|dataStream:|priority:0] returns group-B7888055A6AD:java.util.concurrent.CompletableFuture@7c1b3ded[Not completed]
2022-07-12 23:20:16,522 [pool-119-thread-1] INFO  server.RaftServer$Division (RaftServerImpl.java:<init>(190)) - 30c4d38c-7dc2-4c52-bffc-86b7b0a91f0d: new RaftServerImpl for group-B7888055A6AD:[77a98ace-e102-46e5-a474-eb7ed4f4a4ca|rpc:10.1.0.13:44773|dataStream:|priority:1, f5ec0973-3ea4-44f3-b934-b5b86c2ad769|rpc:10.1.0.13:36411|dataStream:|priority:0, 30c4d38c-7dc2-4c52-bffc-86b7b0a91f0d|rpc:10.1.0.13:39527|dataStream:|priority:0] with ContainerStateMachine:uninitialized
2022-07-12 23:20:16,522 [pool-119-thread-1] INFO  server.RaftServerConfigKeys (ConfUtils.java:logGet(46)) - raft.server.rpc.timeout.min = 5s (custom)
2022-07-12 23:20:16,522 [pool-119-thread-1] INFO  server.RaftServerConfigKeys (ConfUtils.java:logGet(46)) - raft.server.rpc.timeout.max = 5200ms (custom)
2022-07-12 23:20:16,522 [pool-119-thread-1] INFO  server.RaftServerConfigKeys (ConfUtils.java:logGet(46)) - raft.server.rpc.sleep.time = 25ms (default)
2022-07-12 23:20:16,522 [pool-119-thread-1] INFO  server.RaftServerConfigKeys (ConfUtils.java:logGet(46)) - raft.server.rpc.slowness.timeout = 300s (custom)
2022-07-12 23:20:16,522 [pool-119-thread-1] INFO  server.RaftServerConfigKeys (ConfUtils.java:logGet(46)) - raft.server.leaderelection.leader.step-down.wait-time = 10s (default)
2022-07-12 23:20:16,522 [pool-119-thread-1] INFO  server.RaftServerConfigKeys (ConfUtils.java:logGet(46)) - raft.server.sleep.deviation.threshold = 300ms (default)
2022-07-12 23:20:16,522 [pool-119-thread-1] INFO  server.RaftServer$Division (ServerState.java:<init>(107)) - 30c4d38c-7dc2-4c52-bffc-86b7b0a91f0d@group-B7888055A6AD: ConfigurationManager, init=-1: [77a98ace-e102-46e5-a474-eb7ed4f4a4ca|rpc:10.1.0.13:44773|dataStream:|priority:1, f5ec0973-3ea4-44f3-b934-b5b86c2ad769|rpc:10.1.0.13:36411|dataStream:|priority:0, 30c4d38c-7dc2-4c52-bffc-86b7b0a91f0d|rpc:10.1.0.13:39527|dataStream:|priority:0], old=null, confs=<EMPTY_MAP>
2022-07-12 23:20:16,522 [pool-119-thread-1] INFO  server.RaftServerConfigKeys (ConfUtils.java:logGet(46)) - raft.server.storage.dir = [/home/runner/work/ozone/ozone/hadoop-ozone/integration-test/target/test-dir/MiniOzoneClusterImpl-3dc585a6-3f94-454a-8ee9-12af11f98cc9/datanode-2/data/ratis] (custom)
2022-07-12 23:20:16,522 [pool-119-thread-1] INFO  server.RaftServerConfigKeys (ConfUtils.java:logGet(46)) - raft.server.log.corruption.policy = EXCEPTION (default)
2022-07-12 23:20:16,522 [pool-119-thread-1] INFO  server.RaftServerConfigKeys (ConfUtils.java:logGet(46)) - raft.server.storage.free-space.min = 0MB (=0) (default)
2022-07-12 23:20:16,523 [pool-119-thread-1] INFO  storage.RaftStorageDirectory (RaftStorageDirectoryImpl.java:analyzeStorage(135)) - The storage directory /home/runner/work/ozone/ozone/hadoop-ozone/integration-test/target/test-dir/MiniOzoneClusterImpl-3dc585a6-3f94-454a-8ee9-12af11f98cc9/datanode-2/data/ratis/be2256f4-bfa3-4061-945b-b7888055a6ad does not exist. Creating ...
2022-07-12 23:20:16,528 [pool-119-thread-1] INFO  storage.RaftStorageDirectory (RaftStorageDirectoryImpl.java:tryLock(230)) - Lock on /home/runner/work/ozone/ozone/hadoop-ozone/integration-test/target/test-dir/MiniOzoneClusterImpl-3dc585a6-3f94-454a-8ee9-12af11f98cc9/datanode-2/data/ratis/be2256f4-bfa3-4061-945b-b7888055a6ad/in_use.lock acquired by nodename 30948@fv-az46-473
2022-07-12 23:20:16,533 [pool-119-thread-1] INFO  storage.RaftStorage (RaftStorageImpl.java:format(89)) - Storage directory /home/runner/work/ozone/ozone/hadoop-ozone/integration-test/target/test-dir/MiniOzoneClusterImpl-3dc585a6-3f94-454a-8ee9-12af11f98cc9/datanode-2/data/ratis/be2256f4-bfa3-4061-945b-b7888055a6ad has been successfully formatted.
2022-07-12 23:20:16,533 [pool-119-thread-1] INFO  ratis.ContainerStateMachine (ContainerStateMachine.java:loadSnapshot(236)) - group-B7888055A6AD: The snapshot info is null. Setting the last applied indexto:(t:0, i:~)
2022-07-12 23:20:16,535 [pool-119-thread-1] INFO  server.RaftServerConfigKeys (ConfUtils.java:logGet(46)) - raft.server.notification.no-leader.timeout = 300s (custom)
2022-07-12 23:20:16,535 [pool-119-thread-1] INFO  server.RaftServerConfigKeys (ConfUtils.java:logGet(46)) - raft.server.log.use.memory = false (default)
2022-07-12 23:20:16,535 [pool-119-thread-1] INFO  server.RaftServerConfigKeys (ConfUtils.java:logGet(46)) - raft.server.log.purge.gap = 1000000 (custom)
2022-07-12 23:20:16,535 [pool-119-thread-1] INFO  server.RaftServerConfigKeys (ConfUtils.java:logGet(46)) - raft.server.log.appender.buffer.byte-limit = 33554432 (custom)
2022-07-12 23:20:16,535 [pool-119-thread-1] INFO  server.RaftServerConfigKeys (ConfUtils.java:logGet(46)) - raft.server.log.statemachine.data.read.timeout = 1000ms (default)
2022-07-12 23:20:16,535 [pool-119-thread-1] INFO  server.RaftServerConfigKeys (ConfUtils.java:logGet(46)) - raft.server.log.segment.size.max = 1048576 (custom)
2022-07-12 23:20:16,536 [pool-119-thread-1] INFO  server.RaftServerConfigKeys (ConfUtils.java:logGet(46)) - raft.server.log.segment.cache.num.max = 2 (custom)
2022-07-12 23:20:16,536 [pool-119-thread-1] INFO  server.RaftServerConfigKeys (ConfUtils.java:logGet(46)) - raft.server.log.segment.cache.size.max = 200MB (=209715200) (default)
2022-07-12 23:20:16,536 [pool-119-thread-1] INFO  segmented.SegmentedRaftLogWorker (SegmentedRaftLogWorker.java:<init>(187)) - new 30c4d38c-7dc2-4c52-bffc-86b7b0a91f0d@group-B7888055A6AD-SegmentedRaftLogWorker for RaftStorageImpl:Storage Directory /home/runner/work/ozone/ozone/hadoop-ozone/integration-test/target/test-dir/MiniOzoneClusterImpl-3dc585a6-3f94-454a-8ee9-12af11f98cc9/datanode-2/data/ratis/be2256f4-bfa3-4061-945b-b7888055a6ad
2022-07-12 23:20:16,536 [pool-119-thread-1] INFO  server.RaftServerConfigKeys (ConfUtils.java:logGet(46)) - raft.server.log.queue.byte-limit = 4294967296 (custom)
2022-07-12 23:20:16,536 [pool-119-thread-1] INFO  server.RaftServerConfigKeys (ConfUtils.java:logGet(46)) - raft.server.log.queue.element-limit = 1024 (custom)
2022-07-12 23:20:16,536 [pool-119-thread-1] INFO  server.RaftServerConfigKeys (ConfUtils.java:logGet(46)) - raft.server.log.segment.size.max = 1048576 (custom)
2022-07-12 23:20:16,536 [pool-119-thread-1] INFO  server.RaftServerConfigKeys (ConfUtils.java:logGet(46)) - raft.server.log.preallocated.size = 16384 (custom)
2022-07-12 23:20:16,536 [pool-119-thread-1] INFO  server.RaftServerConfigKeys (ConfUtils.java:logGet(46)) - raft.server.log.force.sync.num = 128 (default)
2022-07-12 23:20:16,536 [pool-119-thread-1] INFO  server.RaftServerConfigKeys (ConfUtils.java:logGet(46)) - raft.server.log.statemachine.data.sync = true (default)
2022-07-12 23:20:16,536 [pool-119-thread-1] INFO  server.RaftServerConfigKeys (ConfUtils.java:logGet(46)) - raft.server.log.statemachine.data.sync.timeout = 10s (default)
2022-07-12 23:20:16,537 [pool-119-thread-1] INFO  server.RaftServerConfigKeys (ConfUtils.java:logGet(46)) - raft.server.log.statemachine.data.sync.timeout.retry = -1 (default)
2022-07-12 23:20:16,537 [pool-119-thread-1] INFO  server.RaftServerConfigKeys (ConfUtils.java:logGet(46)) - raft.server.log.write.buffer.size = 1048576 (custom)
2022-07-12 23:20:16,538 [pool-119-thread-1] INFO  server.RaftServerConfigKeys (ConfUtils.java:logGet(46)) - raft.server.log.unsafe-flush.enabled = false (default)
2022-07-12 23:20:16,538 [pool-119-thread-1] INFO  server.RaftServerConfigKeys (ConfUtils.java:logGet(46)) - raft.server.log.statemachine.data.caching.enabled = true (custom)
2022-07-12 23:20:16,538 [pool-119-thread-1] INFO  segmented.SegmentedRaftLogWorker (SegmentedRaftLogWorker.java:lambda$new$0(135)) - 30c4d38c-7dc2-4c52-bffc-86b7b0a91f0d@group-B7888055A6AD-SegmentedRaftLogWorker: flushIndex: setUnconditionally 0 -> -1
2022-07-12 23:20:16,538 [pool-119-thread-1] INFO  segmented.SegmentedRaftLogWorker (SegmentedRaftLogWorker.java:lambda$new$0(135)) - 30c4d38c-7dc2-4c52-bffc-86b7b0a91f0d@group-B7888055A6AD-SegmentedRaftLogWorker: safeCacheEvictIndex: setUnconditionally 0 -> -1
2022-07-12 23:20:16,548 [pool-119-thread-1] INFO  server.RaftServerConfigKeys (ConfUtils.java:logGet(46)) - raft.server.snapshot.auto.trigger.enabled = true (custom)
2022-07-12 23:20:16,548 [pool-119-thread-1] INFO  server.RaftServerConfigKeys (ConfUtils.java:logGet(46)) - raft.server.snapshot.auto.trigger.threshold = 10000 (custom)
2022-07-12 23:20:16,548 [pool-119-thread-1] INFO  server.RaftServerConfigKeys (ConfUtils.java:logGet(46)) - raft.server.snapshot.retention.file.num = 5 (custom)
2022-07-12 23:20:16,548 [pool-119-thread-1] INFO  server.RaftServerConfigKeys (ConfUtils.java:logGet(46)) - raft.server.log.purge.upto.snapshot.index = false (default)
2022-07-12 23:20:16,548 [pool-119-thread-1] INFO  server.RaftServerConfigKeys (ConfUtils.java:logGet(46)) - raft.server.retrycache.expirytime = 600000ms (custom)
2022-07-12 23:20:16,548 [pool-119-thread-1] INFO  server.RaftServerConfigKeys (ConfUtils.java:logGet(46)) - raft.server.retrycache.statistics.expirytime = 100μs (default)
2022-07-12 23:20:16,549 [pool-119-thread-1] INFO  server.RaftServerConfigKeys (ConfUtils.java:logGet(46)) - raft.server.log.appender.install.snapshot.enabled = false (custom)
2022-07-12 23:20:16,550 [pool-119-thread-1] INFO  server.RaftServerConfigKeys (ConfUtils.java:logGet(46)) - raft.server.threadpool.server.cached = true (default)
2022-07-12 23:20:16,550 [pool-119-thread-1] INFO  server.RaftServerConfigKeys (ConfUtils.java:logGet(46)) - raft.server.threadpool.server.size = 0 (default)
2022-07-12 23:20:16,550 [pool-119-thread-1] INFO  server.RaftServerConfigKeys (ConfUtils.java:logGet(46)) - raft.server.threadpool.client.cached = true (default)
2022-07-12 23:20:16,550 [pool-119-thread-1] INFO  server.RaftServerConfigKeys (ConfUtils.java:logGet(46)) - raft.server.threadpool.client.size = 0 (default)
2022-07-12 23:20:16,550 [pool-119-thread-1] INFO  server.RaftServer$Division (RaftServerImpl.java:start(310)) - 30c4d38c-7dc2-4c52-bffc-86b7b0a91f0d@group-B7888055A6AD: start as a follower, conf=-1: [77a98ace-e102-46e5-a474-eb7ed4f4a4ca|rpc:10.1.0.13:44773|dataStream:|priority:1, f5ec0973-3ea4-44f3-b934-b5b86c2ad769|rpc:10.1.0.13:36411|dataStream:|priority:0, 30c4d38c-7dc2-4c52-bffc-86b7b0a91f0d|rpc:10.1.0.13:39527|dataStream:|priority:0], old=null
2022-07-12 23:20:16,550 [pool-119-thread-1] INFO  server.RaftServer$Division (RaftServerImpl.java:setRole(299)) - 30c4d38c-7dc2-4c52-bffc-86b7b0a91f0d@group-B7888055A6AD: changes role from      null to FOLLOWER at term 0 for startAsFollower
2022-07-12 23:20:16,550 [pool-119-thread-1] INFO  impl.RoleInfo (RoleInfo.java:updateAndGet(139)) - 30c4d38c-7dc2-4c52-bffc-86b7b0a91f0d: start 30c4d38c-7dc2-4c52-bffc-86b7b0a91f0d@group-B7888055A6AD-FollowerState
2022-07-12 23:20:16,557 [pool-119-thread-1] INFO  util.JmxRegister (JmxRegister.java:tryRegister(44)) - Successfully registered JMX Bean with object name Ratis:service=RaftServer,group=group-B7888055A6AD,id=30c4d38c-7dc2-4c52-bffc-86b7b0a91f0d
2022-07-12 23:20:16,655 [Command processor thread] INFO  commandhandler.CreatePipelineCommandHandler (CreatePipelineCommandHandler.java:handle(113)) - Created Pipeline RATIS THREE PipelineID=be2256f4-bfa3-4061-945b-b7888055a6ad.
2022-07-12 23:20:16,656 [Command processor thread] INFO  server.RaftServer (RaftServerProxy.java:addNew(96)) - f5ec0973-3ea4-44f3-b934-b5b86c2ad769: addNew group-A5FB98469E93:[77a98ace-e102-46e5-a474-eb7ed4f4a4ca|rpc:10.1.0.13:44773|priority:0, f5ec0973-3ea4-44f3-b934-b5b86c2ad769|rpc:10.1.0.13:36411|priority:1, 30c4d38c-7dc2-4c52-bffc-86b7b0a91f0d|rpc:10.1.0.13:39527|priority:0] returns group-A5FB98469E93:java.util.concurrent.CompletableFuture@4cc9f94f[Not completed]
2022-07-12 23:20:16,657 [pool-73-thread-1] INFO  server.RaftServer$Division (RaftServerImpl.java:<init>(190)) - f5ec0973-3ea4-44f3-b934-b5b86c2ad769: new RaftServerImpl for group-A5FB98469E93:[77a98ace-e102-46e5-a474-eb7ed4f4a4ca|rpc:10.1.0.13:44773|priority:0, f5ec0973-3ea4-44f3-b934-b5b86c2ad769|rpc:10.1.0.13:36411|priority:1, 30c4d38c-7dc2-4c52-bffc-86b7b0a91f0d|rpc:10.1.0.13:39527|priority:0] with ContainerStateMachine:uninitialized
2022-07-12 23:20:16,657 [pool-73-thread-1] INFO  server.RaftServerConfigKeys (ConfUtils.java:logGet(46)) - raft.server.rpc.timeout.min = 5s (custom)
2022-07-12 23:20:16,657 [pool-73-thread-1] INFO  server.RaftServerConfigKeys (ConfUtils.java:logGet(46)) - raft.server.rpc.timeout.max = 5200ms (custom)
2022-07-12 23:20:16,658 [pool-73-thread-1] INFO  server.RaftServerConfigKeys (ConfUtils.java:logGet(46)) - raft.server.rpc.sleep.time = 25ms (default)
2022-07-12 23:20:16,658 [pool-73-thread-1] INFO  server.RaftServerConfigKeys (ConfUtils.java:logGet(46)) - raft.server.rpc.slowness.timeout = 300s (custom)
2022-07-12 23:20:16,658 [pool-73-thread-1] INFO  server.RaftServerConfigKeys (ConfUtils.java:logGet(46)) - raft.server.leaderelection.leader.step-down.wait-time = 10s (default)
2022-07-12 23:20:16,658 [pool-73-thread-1] INFO  server.RaftServerConfigKeys (ConfUtils.java:logGet(46)) - raft.server.sleep.deviation.threshold = 300ms (default)
2022-07-12 23:20:16,658 [pool-73-thread-1] INFO  server.RaftServer$Division (ServerState.java:<init>(107)) - f5ec0973-3ea4-44f3-b934-b5b86c2ad769@group-A5FB98469E93: ConfigurationManager, init=-1: [77a98ace-e102-46e5-a474-eb7ed4f4a4ca|rpc:10.1.0.13:44773|priority:0, f5ec0973-3ea4-44f3-b934-b5b86c2ad769|rpc:10.1.0.13:36411|priority:1, 30c4d38c-7dc2-4c52-bffc-86b7b0a91f0d|rpc:10.1.0.13:39527|priority:0], old=null, confs=<EMPTY_MAP>
2022-07-12 23:20:16,658 [pool-73-thread-1] INFO  server.RaftServerConfigKeys (ConfUtils.java:logGet(46)) - raft.server.storage.dir = [/home/runner/work/ozone/ozone/hadoop-ozone/integration-test/target/test-dir/MiniOzoneClusterImpl-3dc585a6-3f94-454a-8ee9-12af11f98cc9/datanode-0/data/ratis] (custom)
2022-07-12 23:20:16,658 [pool-73-thread-1] INFO  server.RaftServerConfigKeys (ConfUtils.java:logGet(46)) - raft.server.log.corruption.policy = EXCEPTION (default)
2022-07-12 23:20:16,659 [pool-73-thread-1] INFO  server.RaftServerConfigKeys (ConfUtils.java:logGet(46)) - raft.server.storage.free-space.min = 0MB (=0) (default)
2022-07-12 23:20:16,659 [pool-73-thread-1] INFO  storage.RaftStorageDirectory (RaftStorageDirectoryImpl.java:analyzeStorage(135)) - The storage directory /home/runner/work/ozone/ozone/hadoop-ozone/integration-test/target/test-dir/MiniOzoneClusterImpl-3dc585a6-3f94-454a-8ee9-12af11f98cc9/datanode-0/data/ratis/c502a4ff-97f2-4597-8003-a5fb98469e93 does not exist. Creating ...
2022-07-12 23:20:16,660 [pool-73-thread-1] INFO  storage.RaftStorageDirectory (RaftStorageDirectoryImpl.java:tryLock(230)) - Lock on /home/runner/work/ozone/ozone/hadoop-ozone/integration-test/target/test-dir/MiniOzoneClusterImpl-3dc585a6-3f94-454a-8ee9-12af11f98cc9/datanode-0/data/ratis/c502a4ff-97f2-4597-8003-a5fb98469e93/in_use.lock acquired by nodename 30948@fv-az46-473
2022-07-12 23:20:16,662 [pool-73-thread-1] INFO  storage.RaftStorage (RaftStorageImpl.java:format(89)) - Storage directory /home/runner/work/ozone/ozone/hadoop-ozone/integration-test/target/test-dir/MiniOzoneClusterImpl-3dc585a6-3f94-454a-8ee9-12af11f98cc9/datanode-0/data/ratis/c502a4ff-97f2-4597-8003-a5fb98469e93 has been successfully formatted.
2022-07-12 23:20:16,662 [pool-73-thread-1] INFO  ratis.ContainerStateMachine (ContainerStateMachine.java:loadSnapshot(236)) - group-A5FB98469E93: The snapshot info is null. Setting the last applied indexto:(t:0, i:~)
2022-07-12 23:20:16,662 [pool-73-thread-1] INFO  server.RaftServerConfigKeys (ConfUtils.java:logGet(46)) - raft.server.notification.no-leader.timeout = 300s (custom)
2022-07-12 23:20:16,663 [pool-73-thread-1] INFO  server.RaftServerConfigKeys (ConfUtils.java:logGet(46)) - raft.server.log.use.memory = false (default)
2022-07-12 23:20:16,663 [pool-73-thread-1] INFO  server.RaftServerConfigKeys (ConfUtils.java:logGet(46)) - raft.server.log.purge.gap = 1000000 (custom)
2022-07-12 23:20:16,663 [pool-73-thread-1] INFO  server.RaftServerConfigKeys (ConfUtils.java:logGet(46)) - raft.server.log.appender.buffer.byte-limit = 33554432 (custom)
2022-07-12 23:20:16,663 [pool-73-thread-1] INFO  server.RaftServerConfigKeys (ConfUtils.java:logGet(46)) - raft.server.log.statemachine.data.read.timeout = 1000ms (default)
2022-07-12 23:20:16,663 [pool-73-thread-1] INFO  server.RaftServerConfigKeys (ConfUtils.java:logGet(46)) - raft.server.log.segment.size.max = 1048576 (custom)
2022-07-12 23:20:16,668 [pool-73-thread-1] INFO  server.RaftServerConfigKeys (ConfUtils.java:logGet(46)) - raft.server.log.segment.cache.num.max = 2 (custom)
2022-07-12 23:20:16,668 [pool-73-thread-1] INFO  server.RaftServerConfigKeys (ConfUtils.java:logGet(46)) - raft.server.log.segment.cache.size.max = 200MB (=209715200) (default)
2022-07-12 23:20:16,668 [pool-73-thread-1] INFO  segmented.SegmentedRaftLogWorker (SegmentedRaftLogWorker.java:<init>(187)) - new f5ec0973-3ea4-44f3-b934-b5b86c2ad769@group-A5FB98469E93-SegmentedRaftLogWorker for RaftStorageImpl:Storage Directory /home/runner/work/ozone/ozone/hadoop-ozone/integration-test/target/test-dir/MiniOzoneClusterImpl-3dc585a6-3f94-454a-8ee9-12af11f98cc9/datanode-0/data/ratis/c502a4ff-97f2-4597-8003-a5fb98469e93
2022-07-12 23:20:16,668 [pool-73-thread-1] INFO  server.RaftServerConfigKeys (ConfUtils.java:logGet(46)) - raft.server.log.queue.byte-limit = 4294967296 (custom)
2022-07-12 23:20:16,668 [pool-73-thread-1] INFO  server.RaftServerConfigKeys (ConfUtils.java:logGet(46)) - raft.server.log.queue.element-limit = 1024 (custom)
2022-07-12 23:20:16,668 [pool-73-thread-1] INFO  server.RaftServerConfigKeys (ConfUtils.java:logGet(46)) - raft.server.log.segment.size.max = 1048576 (custom)
2022-07-12 23:20:16,668 [pool-73-thread-1] INFO  server.RaftServerConfigKeys (ConfUtils.java:logGet(46)) - raft.server.log.preallocated.size = 16384 (custom)
2022-07-12 23:20:16,668 [pool-73-thread-1] INFO  server.RaftServerConfigKeys (ConfUtils.java:logGet(46)) - raft.server.log.force.sync.num = 128 (default)
2022-07-12 23:20:16,668 [pool-73-thread-1] INFO  server.RaftServerConfigKeys (ConfUtils.java:logGet(46)) - raft.server.log.statemachine.data.sync = true (default)
2022-07-12 23:20:16,669 [pool-73-thread-1] INFO  server.RaftServerConfigKeys (ConfUtils.java:logGet(46)) - raft.server.log.statemachine.data.sync.timeout = 10s (default)
2022-07-12 23:20:16,669 [pool-73-thread-1] INFO  server.RaftServerConfigKeys (ConfUtils.java:logGet(46)) - raft.server.log.statemachine.data.sync.timeout.retry = -1 (default)
2022-07-12 23:20:16,669 [EventQueue-OpenPipelineForHealthyPipelineSafeModeRule] INFO  safemode.SCMSafeModeManager (HealthyPipelineSafeModeRule.java:process(137)) - SCM in safe mode. Healthy pipelines reported count is 0, required healthy pipeline reported count is 1
2022-07-12 23:20:16,670 [Command processor thread] INFO  commandhandler.CreatePipelineCommandHandler (CreatePipelineCommandHandler.java:handle(113)) - Created Pipeline RATIS THREE PipelineID=be2256f4-bfa3-4061-945b-b7888055a6ad.
2022-07-12 23:20:16,670 [Command processor thread] INFO  server.RaftServer (RaftServerProxy.java:addNew(96)) - 77a98ace-e102-46e5-a474-eb7ed4f4a4ca: addNew group-A5FB98469E93:[77a98ace-e102-46e5-a474-eb7ed4f4a4ca|rpc:10.1.0.13:44773|priority:0, f5ec0973-3ea4-44f3-b934-b5b86c2ad769|rpc:10.1.0.13:36411|priority:1, 30c4d38c-7dc2-4c52-bffc-86b7b0a91f0d|rpc:10.1.0.13:39527|priority:0] returns group-A5FB98469E93:java.util.concurrent.CompletableFuture@54b1b556[Not completed]
2022-07-12 23:20:16,671 [pool-96-thread-1] INFO  server.RaftServer$Division (RaftServerImpl.java:<init>(190)) - 77a98ace-e102-46e5-a474-eb7ed4f4a4ca: new RaftServerImpl for group-A5FB98469E93:[77a98ace-e102-46e5-a474-eb7ed4f4a4ca|rpc:10.1.0.13:44773|priority:0, f5ec0973-3ea4-44f3-b934-b5b86c2ad769|rpc:10.1.0.13:36411|priority:1, 30c4d38c-7dc2-4c52-bffc-86b7b0a91f0d|rpc:10.1.0.13:39527|priority:0] with ContainerStateMachine:uninitialized
2022-07-12 23:20:16,671 [pool-96-thread-1] INFO  server.RaftServerConfigKeys (ConfUtils.java:logGet(46)) - raft.server.rpc.timeout.min = 5s (custom)
2022-07-12 23:20:16,671 [pool-96-thread-1] INFO  server.RaftServerConfigKeys (ConfUtils.java:logGet(46)) - raft.server.rpc.timeout.max = 5200ms (custom)
2022-07-12 23:20:16,671 [pool-96-thread-1] INFO  server.RaftServerConfigKeys (ConfUtils.java:logGet(46)) - raft.server.rpc.sleep.time = 25ms (default)
2022-07-12 23:20:16,671 [pool-96-thread-1] INFO  server.RaftServerConfigKeys (ConfUtils.java:logGet(46)) - raft.server.rpc.slowness.timeout = 300s (custom)
2022-07-12 23:20:16,671 [pool-96-thread-1] INFO  server.RaftServerConfigKeys (ConfUtils.java:logGet(46)) - raft.server.leaderelection.leader.step-down.wait-time = 10s (default)
2022-07-12 23:20:16,671 [pool-96-thread-1] INFO  server.RaftServerConfigKeys (ConfUtils.java:logGet(46)) - raft.server.sleep.deviation.threshold = 300ms (default)
2022-07-12 23:20:16,671 [pool-96-thread-1] INFO  server.RaftServer$Division (ServerState.java:<init>(107)) - 77a98ace-e102-46e5-a474-eb7ed4f4a4ca@group-A5FB98469E93: ConfigurationManager, init=-1: [77a98ace-e102-46e5-a474-eb7ed4f4a4ca|rpc:10.1.0.13:44773|priority:0, f5ec0973-3ea4-44f3-b934-b5b86c2ad769|rpc:10.1.0.13:36411|priority:1, 30c4d38c-7dc2-4c52-bffc-86b7b0a91f0d|rpc:10.1.0.13:39527|priority:0], old=null, confs=<EMPTY_MAP>
2022-07-12 23:20:16,671 [pool-96-thread-1] INFO  server.RaftServerConfigKeys (ConfUtils.java:logGet(46)) - raft.server.storage.dir = [/home/runner/work/ozone/ozone/hadoop-ozone/integration-test/target/test-dir/MiniOzoneClusterImpl-3dc585a6-3f94-454a-8ee9-12af11f98cc9/datanode-1/data/ratis] (custom)
2022-07-12 23:20:16,671 [pool-96-thread-1] INFO  server.RaftServerConfigKeys (ConfUtils.java:logGet(46)) - raft.server.log.corruption.policy = EXCEPTION (default)
2022-07-12 23:20:16,672 [pool-96-thread-1] INFO  server.RaftServerConfigKeys (ConfUtils.java:logGet(46)) - raft.server.storage.free-space.min = 0MB (=0) (default)
2022-07-12 23:20:16,672 [pool-96-thread-1] INFO  storage.RaftStorageDirectory (RaftStorageDirectoryImpl.java:analyzeStorage(135)) - The storage directory /home/runner/work/ozone/ozone/hadoop-ozone/integration-test/target/test-dir/MiniOzoneClusterImpl-3dc585a6-3f94-454a-8ee9-12af11f98cc9/datanode-1/data/ratis/c502a4ff-97f2-4597-8003-a5fb98469e93 does not exist. Creating ...
2022-07-12 23:20:16,673 [pool-96-thread-1] INFO  storage.RaftStorageDirectory (RaftStorageDirectoryImpl.java:tryLock(230)) - Lock on /home/runner/work/ozone/ozone/hadoop-ozone/integration-test/target/test-dir/MiniOzoneClusterImpl-3dc585a6-3f94-454a-8ee9-12af11f98cc9/datanode-1/data/ratis/c502a4ff-97f2-4597-8003-a5fb98469e93/in_use.lock acquired by nodename 30948@fv-az46-473
2022-07-12 23:20:16,673 [pool-73-thread-1] INFO  server.RaftServerConfigKeys (ConfUtils.java:logGet(46)) - raft.server.log.write.buffer.size = 1048576 (custom)
2022-07-12 23:20:16,674 [pool-96-thread-1] INFO  storage.RaftStorage (RaftStorageImpl.java:format(89)) - Storage directory /home/runner/work/ozone/ozone/hadoop-ozone/integration-test/target/test-dir/MiniOzoneClusterImpl-3dc585a6-3f94-454a-8ee9-12af11f98cc9/datanode-1/data/ratis/c502a4ff-97f2-4597-8003-a5fb98469e93 has been successfully formatted.
2022-07-12 23:20:16,674 [pool-96-thread-1] INFO  ratis.ContainerStateMachine (ContainerStateMachine.java:loadSnapshot(236)) - group-A5FB98469E93: The snapshot info is null. Setting the last applied indexto:(t:0, i:~)
2022-07-12 23:20:16,674 [pool-96-thread-1] INFO  server.RaftServerConfigKeys (ConfUtils.java:logGet(46)) - raft.server.notification.no-leader.timeout = 300s (custom)
2022-07-12 23:20:16,674 [pool-96-thread-1] INFO  server.RaftServerConfigKeys (ConfUtils.java:logGet(46)) - raft.server.log.use.memory = false (default)
2022-07-12 23:20:16,674 [pool-96-thread-1] INFO  server.RaftServerConfigKeys (ConfUtils.java:logGet(46)) - raft.server.log.purge.gap = 1000000 (custom)
2022-07-12 23:20:16,674 [pool-96-thread-1] INFO  server.RaftServerConfigKeys (ConfUtils.java:logGet(46)) - raft.server.log.appender.buffer.byte-limit = 33554432 (custom)
2022-07-12 23:20:16,674 [pool-96-thread-1] INFO  server.RaftServerConfigKeys (ConfUtils.java:logGet(46)) - raft.server.log.statemachine.data.read.timeout = 1000ms (default)
2022-07-12 23:20:16,676 [EventQueue-OpenPipelineForHealthyPipelineSafeModeRule] INFO  safemode.SCMSafeModeManager (HealthyPipelineSafeModeRule.java:process(137)) - SCM in safe mode. Healthy pipelines reported count is 0, required healthy pipeline reported count is 1
2022-07-12 23:20:16,677 [pool-96-thread-1] INFO  server.RaftServerConfigKeys (ConfUtils.java:logGet(46)) - raft.server.log.segment.size.max = 1048576 (custom)
2022-07-12 23:20:16,676 [pool-73-thread-1] INFO  server.RaftServerConfigKeys (ConfUtils.java:logGet(46)) - raft.server.log.unsafe-flush.enabled = false (default)
2022-07-12 23:20:16,677 [pool-73-thread-1] INFO  server.RaftServerConfigKeys (ConfUtils.java:logGet(46)) - raft.server.log.statemachine.data.caching.enabled = true (custom)
2022-07-12 23:20:16,677 [pool-96-thread-1] INFO  server.RaftServerConfigKeys (ConfUtils.java:logGet(46)) - raft.server.log.segment.cache.num.max = 2 (custom)
2022-07-12 23:20:16,677 [pool-96-thread-1] INFO  server.RaftServerConfigKeys (ConfUtils.java:logGet(46)) - raft.server.log.segment.cache.size.max = 200MB (=209715200) (default)
2022-07-12 23:20:16,677 [pool-96-thread-1] INFO  segmented.SegmentedRaftLogWorker (SegmentedRaftLogWorker.java:<init>(187)) - new 77a98ace-e102-46e5-a474-eb7ed4f4a4ca@group-A5FB98469E93-SegmentedRaftLogWorker for RaftStorageImpl:Storage Directory /home/runner/work/ozone/ozone/hadoop-ozone/integration-test/target/test-dir/MiniOzoneClusterImpl-3dc585a6-3f94-454a-8ee9-12af11f98cc9/datanode-1/data/ratis/c502a4ff-97f2-4597-8003-a5fb98469e93
2022-07-12 23:20:16,677 [pool-96-thread-1] INFO  server.RaftServerConfigKeys (ConfUtils.java:logGet(46)) - raft.server.log.queue.byte-limit = 4294967296 (custom)
2022-07-12 23:20:16,677 [pool-96-thread-1] INFO  server.RaftServerConfigKeys (ConfUtils.java:logGet(46)) - raft.server.log.queue.element-limit = 1024 (custom)
2022-07-12 23:20:16,677 [pool-96-thread-1] INFO  server.RaftServerConfigKeys (ConfUtils.java:logGet(46)) - raft.server.log.segment.size.max = 1048576 (custom)
2022-07-12 23:20:16,677 [pool-96-thread-1] INFO  server.RaftServerConfigKeys (ConfUtils.java:logGet(46)) - raft.server.log.preallocated.size = 16384 (custom)
2022-07-12 23:20:16,677 [pool-96-thread-1] INFO  server.RaftServerConfigKeys (ConfUtils.java:logGet(46)) - raft.server.log.force.sync.num = 128 (default)
2022-07-12 23:20:16,677 [pool-96-thread-1] INFO  server.RaftServerConfigKeys (ConfUtils.java:logGet(46)) - raft.server.log.statemachine.data.sync = true (default)
2022-07-12 23:20:16,677 [pool-96-thread-1] INFO  server.RaftServerConfigKeys (ConfUtils.java:logGet(46)) - raft.server.log.statemachine.data.sync.timeout = 10s (default)
2022-07-12 23:20:16,677 [pool-96-thread-1] INFO  server.RaftServerConfigKeys (ConfUtils.java:logGet(46)) - raft.server.log.statemachine.data.sync.timeout.retry = -1 (default)
2022-07-12 23:20:16,678 [pool-96-thread-1] INFO  server.RaftServerConfigKeys (ConfUtils.java:logGet(46)) - raft.server.log.write.buffer.size = 1048576 (custom)
2022-07-12 23:20:16,679 [pool-96-thread-1] INFO  server.RaftServerConfigKeys (ConfUtils.java:logGet(46)) - raft.server.log.unsafe-flush.enabled = false (default)
2022-07-12 23:20:16,679 [pool-96-thread-1] INFO  server.RaftServerConfigKeys (ConfUtils.java:logGet(46)) - raft.server.log.statemachine.data.caching.enabled = true (custom)
2022-07-12 23:20:16,679 [pool-96-thread-1] INFO  segmented.SegmentedRaftLogWorker (SegmentedRaftLogWorker.java:lambda$new$0(135)) - 77a98ace-e102-46e5-a474-eb7ed4f4a4ca@group-A5FB98469E93-SegmentedRaftLogWorker: flushIndex: setUnconditionally 0 -> -1
2022-07-12 23:20:16,679 [pool-96-thread-1] INFO  segmented.SegmentedRaftLogWorker (SegmentedRaftLogWorker.java:lambda$new$0(135)) - 77a98ace-e102-46e5-a474-eb7ed4f4a4ca@group-A5FB98469E93-SegmentedRaftLogWorker: safeCacheEvictIndex: setUnconditionally 0 -> -1
2022-07-12 23:20:16,677 [pool-73-thread-1] INFO  segmented.SegmentedRaftLogWorker (SegmentedRaftLogWorker.java:lambda$new$0(135)) - f5ec0973-3ea4-44f3-b934-b5b86c2ad769@group-A5FB98469E93-SegmentedRaftLogWorker: flushIndex: setUnconditionally 0 -> -1
2022-07-12 23:20:16,682 [pool-73-thread-1] INFO  segmented.SegmentedRaftLogWorker (SegmentedRaftLogWorker.java:lambda$new$0(135)) - f5ec0973-3ea4-44f3-b934-b5b86c2ad769@group-A5FB98469E93-SegmentedRaftLogWorker: safeCacheEvictIndex: setUnconditionally 0 -> -1
2022-07-12 23:20:16,685 [pool-96-thread-1] INFO  server.RaftServerConfigKeys (ConfUtils.java:logGet(46)) - raft.server.snapshot.auto.trigger.enabled = true (custom)
2022-07-12 23:20:16,685 [pool-96-thread-1] INFO  server.RaftServerConfigKeys (ConfUtils.java:logGet(46)) - raft.server.snapshot.auto.trigger.threshold = 10000 (custom)
2022-07-12 23:20:16,685 [pool-73-thread-1] INFO  server.RaftServerConfigKeys (ConfUtils.java:logGet(46)) - raft.server.snapshot.auto.trigger.enabled = true (custom)
2022-07-12 23:20:16,685 [pool-96-thread-1] INFO  server.RaftServerConfigKeys (ConfUtils.java:logGet(46)) - raft.server.snapshot.retention.file.num = 5 (custom)
2022-07-12 23:20:16,685 [pool-73-thread-1] INFO  server.RaftServerConfigKeys (ConfUtils.java:logGet(46)) - raft.server.snapshot.auto.trigger.threshold = 10000 (custom)
2022-07-12 23:20:16,685 [pool-96-thread-1] INFO  server.RaftServerConfigKeys (ConfUtils.java:logGet(46)) - raft.server.log.purge.upto.snapshot.index = false (default)
2022-07-12 23:20:16,685 [pool-73-thread-1] INFO  server.RaftServerConfigKeys (ConfUtils.java:logGet(46)) - raft.server.snapshot.retention.file.num = 5 (custom)
2022-07-12 23:20:16,685 [pool-96-thread-1] INFO  server.RaftServerConfigKeys (ConfUtils.java:logGet(46)) - raft.server.retrycache.expirytime = 600000ms (custom)
2022-07-12 23:20:16,685 [pool-73-thread-1] INFO  server.RaftServerConfigKeys (ConfUtils.java:logGet(46)) - raft.server.log.purge.upto.snapshot.index = false (default)
2022-07-12 23:20:16,685 [pool-96-thread-1] INFO  server.RaftServerConfigKeys (ConfUtils.java:logGet(46)) - raft.server.retrycache.statistics.expirytime = 100μs (default)
2022-07-12 23:20:16,685 [pool-73-thread-1] INFO  server.RaftServerConfigKeys (ConfUtils.java:logGet(46)) - raft.server.retrycache.expirytime = 600000ms (custom)
2022-07-12 23:20:16,686 [pool-73-thread-1] INFO  server.RaftServerConfigKeys (ConfUtils.java:logGet(46)) - raft.server.retrycache.statistics.expirytime = 100μs (default)
2022-07-12 23:20:16,687 [pool-96-thread-1] INFO  server.RaftServerConfigKeys (ConfUtils.java:logGet(46)) - raft.server.log.appender.install.snapshot.enabled = false (custom)
2022-07-12 23:20:16,687 [pool-73-thread-1] INFO  server.RaftServerConfigKeys (ConfUtils.java:logGet(46)) - raft.server.log.appender.install.snapshot.enabled = false (custom)
2022-07-12 23:20:16,687 [pool-96-thread-1] INFO  server.RaftServerConfigKeys (ConfUtils.java:logGet(46)) - raft.server.threadpool.server.cached = true (default)
2022-07-12 23:20:16,687 [pool-96-thread-1] INFO  server.RaftServerConfigKeys (ConfUtils.java:logGet(46)) - raft.server.threadpool.server.size = 0 (default)
2022-07-12 23:20:16,687 [pool-96-thread-1] INFO  server.RaftServerConfigKeys (ConfUtils.java:logGet(46)) - raft.server.threadpool.client.cached = true (default)
2022-07-12 23:20:16,687 [pool-96-thread-1] INFO  server.RaftServerConfigKeys (ConfUtils.java:logGet(46)) - raft.server.threadpool.client.size = 0 (default)
2022-07-12 23:20:16,687 [Command processor thread] INFO  server.RaftServer (RaftServerProxy.java:addNew(96)) - 30c4d38c-7dc2-4c52-bffc-86b7b0a91f0d: addNew group-03943C3D99B6:[30c4d38c-7dc2-4c52-bffc-86b7b0a91f0d|rpc:10.1.0.13:39527|priority:1] returns group-03943C3D99B6:java.util.concurrent.CompletableFuture@2b7ca3fc[Not completed]
2022-07-12 23:20:16,688 [pool-119-thread-1] INFO  server.RaftServer$Division (RaftServerImpl.java:<init>(190)) - 30c4d38c-7dc2-4c52-bffc-86b7b0a91f0d: new RaftServerImpl for group-03943C3D99B6:[30c4d38c-7dc2-4c52-bffc-86b7b0a91f0d|rpc:10.1.0.13:39527|priority:1] with ContainerStateMachine:uninitialized
2022-07-12 23:20:16,688 [pool-119-thread-1] INFO  server.RaftServerConfigKeys (ConfUtils.java:logGet(46)) - raft.server.rpc.timeout.min = 5s (custom)
2022-07-12 23:20:16,688 [pool-119-thread-1] INFO  server.RaftServerConfigKeys (ConfUtils.java:logGet(46)) - raft.server.rpc.timeout.max = 5200ms (custom)
2022-07-12 23:20:16,688 [pool-119-thread-1] INFO  server.RaftServerConfigKeys (ConfUtils.java:logGet(46)) - raft.server.rpc.sleep.time = 25ms (default)
2022-07-12 23:20:16,688 [pool-119-thread-1] INFO  server.RaftServerConfigKeys (ConfUtils.java:logGet(46)) - raft.server.rpc.slowness.timeout = 300s (custom)
2022-07-12 23:20:16,688 [pool-119-thread-1] INFO  server.RaftServerConfigKeys (ConfUtils.java:logGet(46)) - raft.server.leaderelection.leader.step-down.wait-time = 10s (default)
2022-07-12 23:20:16,688 [pool-119-thread-1] INFO  server.RaftServerConfigKeys (ConfUtils.java:logGet(46)) - raft.server.sleep.deviation.threshold = 300ms (default)
2022-07-12 23:20:16,688 [pool-119-thread-1] INFO  server.RaftServer$Division (ServerState.java:<init>(107)) - 30c4d38c-7dc2-4c52-bffc-86b7b0a91f0d@group-03943C3D99B6: ConfigurationManager, init=-1: [30c4d38c-7dc2-4c52-bffc-86b7b0a91f0d|rpc:10.1.0.13:39527|priority:1], old=null, confs=<EMPTY_MAP>
2022-07-12 23:20:16,688 [pool-119-thread-1] INFO  server.RaftServerConfigKeys (ConfUtils.java:logGet(46)) - raft.server.storage.dir = [/home/runner/work/ozone/ozone/hadoop-ozone/integration-test/target/test-dir/MiniOzoneClusterImpl-3dc585a6-3f94-454a-8ee9-12af11f98cc9/datanode-2/data/ratis] (custom)
2022-07-12 23:20:16,689 [pool-119-thread-1] INFO  server.RaftServerConfigKeys (ConfUtils.java:logGet(46)) - raft.server.log.corruption.policy = EXCEPTION (default)
2022-07-12 23:20:16,689 [pool-119-thread-1] INFO  server.RaftServerConfigKeys (ConfUtils.java:logGet(46)) - raft.server.storage.free-space.min = 0MB (=0) (default)
2022-07-12 23:20:16,689 [pool-119-thread-1] INFO  storage.RaftStorageDirectory (RaftStorageDirectoryImpl.java:analyzeStorage(135)) - The storage directory /home/runner/work/ozone/ozone/hadoop-ozone/integration-test/target/test-dir/MiniOzoneClusterImpl-3dc585a6-3f94-454a-8ee9-12af11f98cc9/datanode-2/data/ratis/ab7d68fc-30eb-4618-826e-03943c3d99b6 does not exist. Creating ...
2022-07-12 23:20:16,689 [pool-96-thread-1] INFO  server.RaftServer$Division (RaftServerImpl.java:start(310)) - 77a98ace-e102-46e5-a474-eb7ed4f4a4ca@group-A5FB98469E93: start as a follower, conf=-1: [77a98ace-e102-46e5-a474-eb7ed4f4a4ca|rpc:10.1.0.13:44773|priority:0, f5ec0973-3ea4-44f3-b934-b5b86c2ad769|rpc:10.1.0.13:36411|priority:1, 30c4d38c-7dc2-4c52-bffc-86b7b0a91f0d|rpc:10.1.0.13:39527|priority:0], old=null
2022-07-12 23:20:16,689 [pool-96-thread-1] INFO  server.RaftServer$Division (RaftServerImpl.java:setRole(299)) - 77a98ace-e102-46e5-a474-eb7ed4f4a4ca@group-A5FB98469E93: changes role from      null to FOLLOWER at term 0 for startAsFollower
2022-07-12 23:20:16,689 [pool-96-thread-1] INFO  impl.RoleInfo (RoleInfo.java:updateAndGet(139)) - 77a98ace-e102-46e5-a474-eb7ed4f4a4ca: start 77a98ace-e102-46e5-a474-eb7ed4f4a4ca@group-A5FB98469E93-FollowerState
2022-07-12 23:20:16,687 [pool-73-thread-1] INFO  server.RaftServerConfigKeys (ConfUtils.java:logGet(46)) - raft.server.threadpool.server.cached = true (default)
2022-07-12 23:20:16,689 [pool-73-thread-1] INFO  server.RaftServerConfigKeys (ConfUtils.java:logGet(46)) - raft.server.threadpool.server.size = 0 (default)
2022-07-12 23:20:16,689 [pool-73-thread-1] INFO  server.RaftServerConfigKeys (ConfUtils.java:logGet(46)) - raft.server.threadpool.client.cached = true (default)
2022-07-12 23:20:16,689 [pool-73-thread-1] INFO  server.RaftServerConfigKeys (ConfUtils.java:logGet(46)) - raft.server.threadpool.client.size = 0 (default)
2022-07-12 23:20:16,690 [pool-73-thread-1] INFO  server.RaftServer$Division (RaftServerImpl.java:start(310)) - f5ec0973-3ea4-44f3-b934-b5b86c2ad769@group-A5FB98469E93: start as a follower, conf=-1: [77a98ace-e102-46e5-a474-eb7ed4f4a4ca|rpc:10.1.0.13:44773|priority:0, f5ec0973-3ea4-44f3-b934-b5b86c2ad769|rpc:10.1.0.13:36411|priority:1, 30c4d38c-7dc2-4c52-bffc-86b7b0a91f0d|rpc:10.1.0.13:39527|priority:0], old=null
2022-07-12 23:20:16,690 [pool-73-thread-1] INFO  server.RaftServer$Division (RaftServerImpl.java:setRole(299)) - f5ec0973-3ea4-44f3-b934-b5b86c2ad769@group-A5FB98469E93: changes role from      null to FOLLOWER at term 0 for startAsFollower
2022-07-12 23:20:16,690 [pool-73-thread-1] INFO  impl.RoleInfo (RoleInfo.java:updateAndGet(139)) - f5ec0973-3ea4-44f3-b934-b5b86c2ad769: start f5ec0973-3ea4-44f3-b934-b5b86c2ad769@group-A5FB98469E93-FollowerState
2022-07-12 23:20:16,690 [pool-96-thread-1] INFO  util.JmxRegister (JmxRegister.java:tryRegister(44)) - Successfully registered JMX Bean with object name Ratis:service=RaftServer,group=group-A5FB98469E93,id=77a98ace-e102-46e5-a474-eb7ed4f4a4ca
2022-07-12 23:20:16,690 [pool-119-thread-1] INFO  storage.RaftStorageDirectory (RaftStorageDirectoryImpl.java:tryLock(230)) - Lock on /home/runner/work/ozone/ozone/hadoop-ozone/integration-test/target/test-dir/MiniOzoneClusterImpl-3dc585a6-3f94-454a-8ee9-12af11f98cc9/datanode-2/data/ratis/ab7d68fc-30eb-4618-826e-03943c3d99b6/in_use.lock acquired by nodename 30948@fv-az46-473
2022-07-12 23:20:16,691 [pool-119-thread-1] INFO  storage.RaftStorage (RaftStorageImpl.java:format(89)) - Storage directory /home/runner/work/ozone/ozone/hadoop-ozone/integration-test/target/test-dir/MiniOzoneClusterImpl-3dc585a6-3f94-454a-8ee9-12af11f98cc9/datanode-2/data/ratis/ab7d68fc-30eb-4618-826e-03943c3d99b6 has been successfully formatted.
2022-07-12 23:20:16,697 [pool-119-thread-1] INFO  ratis.ContainerStateMachine (ContainerStateMachine.java:loadSnapshot(236)) - group-03943C3D99B6: The snapshot info is null. Setting the last applied indexto:(t:0, i:~)
2022-07-12 23:20:16,697 [pool-73-thread-1] INFO  util.JmxRegister (JmxRegister.java:tryRegister(44)) - Successfully registered JMX Bean with object name Ratis:service=RaftServer,group=group-A5FB98469E93,id=f5ec0973-3ea4-44f3-b934-b5b86c2ad769
2022-07-12 23:20:16,697 [pool-119-thread-1] INFO  server.RaftServerConfigKeys (ConfUtils.java:logGet(46)) - raft.server.notification.no-leader.timeout = 300s (custom)
2022-07-12 23:20:16,697 [pool-119-thread-1] INFO  server.RaftServerConfigKeys (ConfUtils.java:logGet(46)) - raft.server.log.use.memory = false (default)
2022-07-12 23:20:16,697 [pool-119-thread-1] INFO  server.RaftServerConfigKeys (ConfUtils.java:logGet(46)) - raft.server.log.purge.gap = 1000000 (custom)
2022-07-12 23:20:16,697 [pool-119-thread-1] INFO  server.RaftServerConfigKeys (ConfUtils.java:logGet(46)) - raft.server.log.appender.buffer.byte-limit = 33554432 (custom)
2022-07-12 23:20:16,697 [pool-119-thread-1] INFO  server.RaftServerConfigKeys (ConfUtils.java:logGet(46)) - raft.server.log.statemachine.data.read.timeout = 1000ms (default)
2022-07-12 23:20:16,697 [pool-119-thread-1] INFO  server.RaftServerConfigKeys (ConfUtils.java:logGet(46)) - raft.server.log.segment.size.max = 1048576 (custom)
2022-07-12 23:20:16,698 [pool-119-thread-1] INFO  server.RaftServerConfigKeys (ConfUtils.java:logGet(46)) - raft.server.log.segment.cache.num.max = 2 (custom)
2022-07-12 23:20:16,698 [pool-119-thread-1] INFO  server.RaftServerConfigKeys (ConfUtils.java:logGet(46)) - raft.server.log.segment.cache.size.max = 200MB (=209715200) (default)
2022-07-12 23:20:16,698 [pool-119-thread-1] INFO  segmented.SegmentedRaftLogWorker (SegmentedRaftLogWorker.java:<init>(187)) - new 30c4d38c-7dc2-4c52-bffc-86b7b0a91f0d@group-03943C3D99B6-SegmentedRaftLogWorker for RaftStorageImpl:Storage Directory /home/runner/work/ozone/ozone/hadoop-ozone/integration-test/target/test-dir/MiniOzoneClusterImpl-3dc585a6-3f94-454a-8ee9-12af11f98cc9/datanode-2/data/ratis/ab7d68fc-30eb-4618-826e-03943c3d99b6
2022-07-12 23:20:16,698 [pool-119-thread-1] INFO  server.RaftServerConfigKeys (ConfUtils.java:logGet(46)) - raft.server.log.queue.byte-limit = 4294967296 (custom)
2022-07-12 23:20:16,698 [pool-119-thread-1] INFO  server.RaftServerConfigKeys (ConfUtils.java:logGet(46)) - raft.server.log.queue.element-limit = 1024 (custom)
2022-07-12 23:20:16,698 [pool-119-thread-1] INFO  server.RaftServerConfigKeys (ConfUtils.java:logGet(46)) - raft.server.log.segment.size.max = 1048576 (custom)
2022-07-12 23:20:16,698 [pool-119-thread-1] INFO  server.RaftServerConfigKeys (ConfUtils.java:logGet(46)) - raft.server.log.preallocated.size = 16384 (custom)
2022-07-12 23:20:16,698 [pool-119-thread-1] INFO  server.RaftServerConfigKeys (ConfUtils.java:logGet(46)) - raft.server.log.force.sync.num = 128 (default)
2022-07-12 23:20:16,698 [pool-119-thread-1] INFO  server.RaftServerConfigKeys (ConfUtils.java:logGet(46)) - raft.server.log.statemachine.data.sync = true (default)
2022-07-12 23:20:16,698 [pool-119-thread-1] INFO  server.RaftServerConfigKeys (ConfUtils.java:logGet(46)) - raft.server.log.statemachine.data.sync.timeout = 10s (default)
2022-07-12 23:20:16,698 [pool-119-thread-1] INFO  server.RaftServerConfigKeys (ConfUtils.java:logGet(46)) - raft.server.log.statemachine.data.sync.timeout.retry = -1 (default)
2022-07-12 23:20:16,701 [Command processor thread] INFO  ratis.XceiverServerRatis (XceiverServerRatis.java:addGroup(765)) - Created group PipelineID=c502a4ff-97f2-4597-8003-a5fb98469e93
2022-07-12 23:20:16,714 [pool-119-thread-1] INFO  server.RaftServerConfigKeys (ConfUtils.java:logGet(46)) - raft.server.log.write.buffer.size = 1048576 (custom)
2022-07-12 23:20:16,715 [pool-119-thread-1] INFO  server.RaftServerConfigKeys (ConfUtils.java:logGet(46)) - raft.server.log.unsafe-flush.enabled = false (default)
2022-07-12 23:20:16,715 [pool-119-thread-1] INFO  server.RaftServerConfigKeys (ConfUtils.java:logGet(46)) - raft.server.log.statemachine.data.caching.enabled = true (custom)
2022-07-12 23:20:16,715 [pool-119-thread-1] INFO  segmented.SegmentedRaftLogWorker (SegmentedRaftLogWorker.java:lambda$new$0(135)) - 30c4d38c-7dc2-4c52-bffc-86b7b0a91f0d@group-03943C3D99B6-SegmentedRaftLogWorker: flushIndex: setUnconditionally 0 -> -1
2022-07-12 23:20:16,715 [pool-119-thread-1] INFO  segmented.SegmentedRaftLogWorker (SegmentedRaftLogWorker.java:lambda$new$0(135)) - 30c4d38c-7dc2-4c52-bffc-86b7b0a91f0d@group-03943C3D99B6-SegmentedRaftLogWorker: safeCacheEvictIndex: setUnconditionally 0 -> -1
2022-07-12 23:20:16,715 [pool-119-thread-1] INFO  server.RaftServerConfigKeys (ConfUtils.java:logGet(46)) - raft.server.snapshot.auto.trigger.enabled = true (custom)
2022-07-12 23:20:16,715 [pool-119-thread-1] INFO  server.RaftServerConfigKeys (ConfUtils.java:logGet(46)) - raft.server.snapshot.auto.trigger.threshold = 10000 (custom)
2022-07-12 23:20:16,715 [pool-119-thread-1] INFO  server.RaftServerConfigKeys (ConfUtils.java:logGet(46)) - raft.server.snapshot.retention.file.num = 5 (custom)
2022-07-12 23:20:16,715 [pool-119-thread-1] INFO  server.RaftServerConfigKeys (ConfUtils.java:logGet(46)) - raft.server.log.purge.upto.snapshot.index = false (default)
2022-07-12 23:20:16,716 [pool-119-thread-1] INFO  server.RaftServerConfigKeys (ConfUtils.java:logGet(46)) - raft.server.retrycache.expirytime = 600000ms (custom)
2022-07-12 23:20:16,716 [pool-119-thread-1] INFO  server.RaftServerConfigKeys (ConfUtils.java:logGet(46)) - raft.server.retrycache.statistics.expirytime = 100μs (default)
2022-07-12 23:20:16,717 [pool-119-thread-1] INFO  server.RaftServerConfigKeys (ConfUtils.java:logGet(46)) - raft.server.log.appender.install.snapshot.enabled = false (custom)
2022-07-12 23:20:16,717 [pool-119-thread-1] INFO  server.RaftServerConfigKeys (ConfUtils.java:logGet(46)) - raft.server.threadpool.server.cached = true (default)
2022-07-12 23:20:16,717 [pool-119-thread-1] INFO  server.RaftServerConfigKeys (ConfUtils.java:logGet(46)) - raft.server.threadpool.server.size = 0 (default)
2022-07-12 23:20:16,717 [pool-119-thread-1] INFO  server.RaftServerConfigKeys (ConfUtils.java:logGet(46)) - raft.server.threadpool.client.cached = true (default)
2022-07-12 23:20:16,717 [pool-119-thread-1] INFO  server.RaftServerConfigKeys (ConfUtils.java:logGet(46)) - raft.server.threadpool.client.size = 0 (default)
2022-07-12 23:20:16,717 [pool-119-thread-1] INFO  server.RaftServer$Division (RaftServerImpl.java:start(310)) - 30c4d38c-7dc2-4c52-bffc-86b7b0a91f0d@group-03943C3D99B6: start as a follower, conf=-1: [30c4d38c-7dc2-4c52-bffc-86b7b0a91f0d|rpc:10.1.0.13:39527|priority:1], old=null
2022-07-12 23:20:16,717 [pool-119-thread-1] INFO  server.RaftServer$Division (RaftServerImpl.java:setRole(299)) - 30c4d38c-7dc2-4c52-bffc-86b7b0a91f0d@group-03943C3D99B6: changes role from      null to FOLLOWER at term 0 for startAsFollower
2022-07-12 23:20:16,717 [pool-119-thread-1] INFO  impl.RoleInfo (RoleInfo.java:updateAndGet(139)) - 30c4d38c-7dc2-4c52-bffc-86b7b0a91f0d: start 30c4d38c-7dc2-4c52-bffc-86b7b0a91f0d@group-03943C3D99B6-FollowerState
2022-07-12 23:20:16,718 [EventQueue-PipelineReportForPipelineReportHandler] INFO  pipeline.PipelineManagerImpl (PipelineManagerImpl.java:openPipeline(367)) - Pipeline Pipeline[ Id: ab7d68fc-30eb-4618-826e-03943c3d99b6, Nodes: 30c4d38c-7dc2-4c52-bffc-86b7b0a91f0d{ip: 10.1.0.13, host: fv-az46-473.aox2mo1hufxu3kclv1weif3kjc.bx.internal.cloudapp.net, ports: [REPLICATION=44607, RATIS=39527, RATIS_ADMIN=39527, RATIS_SERVER=39527, STANDALONE=41465], networkLocation: /default-rack, certSerialId: null, persistedOpState: IN_SERVICE, persistedOpStateExpiryEpochSec: 0}, ReplicationConfig: RATIS/ONE, State:ALLOCATED, leaderId:30c4d38c-7dc2-4c52-bffc-86b7b0a91f0d, CreationTimestamp2022-07-12T23:20:13.690Z[Etc/UTC]] moved to OPEN state
2022-07-12 23:20:16,719 [EventQueue-OpenPipelineForHealthyPipelineSafeModeRule] INFO  safemode.SCMSafeModeManager (HealthyPipelineSafeModeRule.java:process(137)) - SCM in safe mode. Healthy pipelines reported count is 0, required healthy pipeline reported count is 1
2022-07-12 23:20:16,719 [pool-119-thread-1] INFO  util.JmxRegister (JmxRegister.java:tryRegister(44)) - Successfully registered JMX Bean with object name Ratis:service=RaftServer,group=group-03943C3D99B6,id=30c4d38c-7dc2-4c52-bffc-86b7b0a91f0d
2022-07-12 23:20:16,719 [Command processor thread] INFO  ratis.XceiverServerRatis (XceiverServerRatis.java:addGroup(765)) - Created group PipelineID=c502a4ff-97f2-4597-8003-a5fb98469e93
2022-07-12 23:20:16,726 [Command processor thread] INFO  ratis.XceiverServerRatis (XceiverServerRatis.java:addGroup(765)) - Created group PipelineID=ab7d68fc-30eb-4618-826e-03943c3d99b6
2022-07-12 23:20:16,726 [Command processor thread] INFO  commandhandler.CreatePipelineCommandHandler (CreatePipelineCommandHandler.java:handle(113)) - Created Pipeline RATIS ONE PipelineID=ab7d68fc-30eb-4618-826e-03943c3d99b6.
2022-07-12 23:20:16,726 [Command processor thread] INFO  server.RaftServer (RaftServerProxy.java:addNew(96)) - 30c4d38c-7dc2-4c52-bffc-86b7b0a91f0d: addNew group-A5FB98469E93:[77a98ace-e102-46e5-a474-eb7ed4f4a4ca|rpc:10.1.0.13:44773|priority:0, f5ec0973-3ea4-44f3-b934-b5b86c2ad769|rpc:10.1.0.13:36411|priority:1, 30c4d38c-7dc2-4c52-bffc-86b7b0a91f0d|rpc:10.1.0.13:39527|priority:0] returns group-A5FB98469E93:java.util.concurrent.CompletableFuture@25bb58e3[Not completed]
2022-07-12 23:20:16,727 [pool-119-thread-1] INFO  server.RaftServer$Division (RaftServerImpl.java:<init>(190)) - 30c4d38c-7dc2-4c52-bffc-86b7b0a91f0d: new RaftServerImpl for group-A5FB98469E93:[77a98ace-e102-46e5-a474-eb7ed4f4a4ca|rpc:10.1.0.13:44773|priority:0, f5ec0973-3ea4-44f3-b934-b5b86c2ad769|rpc:10.1.0.13:36411|priority:1, 30c4d38c-7dc2-4c52-bffc-86b7b0a91f0d|rpc:10.1.0.13:39527|priority:0] with ContainerStateMachine:uninitialized
2022-07-12 23:20:16,727 [pool-119-thread-1] INFO  server.RaftServerConfigKeys (ConfUtils.java:logGet(46)) - raft.server.rpc.timeout.min = 5s (custom)
2022-07-12 23:20:16,727 [pool-119-thread-1] INFO  server.RaftServerConfigKeys (ConfUtils.java:logGet(46)) - raft.server.rpc.timeout.max = 5200ms (custom)
2022-07-12 23:20:16,727 [pool-119-thread-1] INFO  server.RaftServerConfigKeys (ConfUtils.java:logGet(46)) - raft.server.rpc.sleep.time = 25ms (default)
2022-07-12 23:20:16,727 [pool-119-thread-1] INFO  server.RaftServerConfigKeys (ConfUtils.java:logGet(46)) - raft.server.rpc.slowness.timeout = 300s (custom)
2022-07-12 23:20:16,727 [pool-119-thread-1] INFO  server.RaftServerConfigKeys (ConfUtils.java:logGet(46)) - raft.server.leaderelection.leader.step-down.wait-time = 10s (default)
2022-07-12 23:20:16,727 [pool-119-thread-1] INFO  server.RaftServerConfigKeys (ConfUtils.java:logGet(46)) - raft.server.sleep.deviation.threshold = 300ms (default)
2022-07-12 23:20:16,727 [pool-119-thread-1] INFO  server.RaftServer$Division (ServerState.java:<init>(107)) - 30c4d38c-7dc2-4c52-bffc-86b7b0a91f0d@group-A5FB98469E93: ConfigurationManager, init=-1: [77a98ace-e102-46e5-a474-eb7ed4f4a4ca|rpc:10.1.0.13:44773|priority:0, f5ec0973-3ea4-44f3-b934-b5b86c2ad769|rpc:10.1.0.13:36411|priority:1, 30c4d38c-7dc2-4c52-bffc-86b7b0a91f0d|rpc:10.1.0.13:39527|priority:0], old=null, confs=<EMPTY_MAP>
2022-07-12 23:20:16,727 [pool-119-thread-1] INFO  server.RaftServerConfigKeys (ConfUtils.java:logGet(46)) - raft.server.storage.dir = [/home/runner/work/ozone/ozone/hadoop-ozone/integration-test/target/test-dir/MiniOzoneClusterImpl-3dc585a6-3f94-454a-8ee9-12af11f98cc9/datanode-2/data/ratis] (custom)
2022-07-12 23:20:16,728 [pool-119-thread-1] INFO  server.RaftServerConfigKeys (ConfUtils.java:logGet(46)) - raft.server.log.corruption.policy = EXCEPTION (default)
2022-07-12 23:20:16,728 [pool-119-thread-1] INFO  server.RaftServerConfigKeys (ConfUtils.java:logGet(46)) - raft.server.storage.free-space.min = 0MB (=0) (default)
2022-07-12 23:20:16,728 [pool-119-thread-1] INFO  storage.RaftStorageDirectory (RaftStorageDirectoryImpl.java:analyzeStorage(135)) - The storage directory /home/runner/work/ozone/ozone/hadoop-ozone/integration-test/target/test-dir/MiniOzoneClusterImpl-3dc585a6-3f94-454a-8ee9-12af11f98cc9/datanode-2/data/ratis/c502a4ff-97f2-4597-8003-a5fb98469e93 does not exist. Creating ...
2022-07-12 23:20:16,728 [pool-119-thread-1] INFO  storage.RaftStorageDirectory (RaftStorageDirectoryImpl.java:tryLock(230)) - Lock on /home/runner/work/ozone/ozone/hadoop-ozone/integration-test/target/test-dir/MiniOzoneClusterImpl-3dc585a6-3f94-454a-8ee9-12af11f98cc9/datanode-2/data/ratis/c502a4ff-97f2-4597-8003-a5fb98469e93/in_use.lock acquired by nodename 30948@fv-az46-473
2022-07-12 23:20:16,729 [pool-119-thread-1] INFO  storage.RaftStorage (RaftStorageImpl.java:format(89)) - Storage directory /home/runner/work/ozone/ozone/hadoop-ozone/integration-test/target/test-dir/MiniOzoneClusterImpl-3dc585a6-3f94-454a-8ee9-12af11f98cc9/datanode-2/data/ratis/c502a4ff-97f2-4597-8003-a5fb98469e93 has been successfully formatted.
2022-07-12 23:20:16,730 [pool-119-thread-1] INFO  ratis.ContainerStateMachine (ContainerStateMachine.java:loadSnapshot(236)) - group-A5FB98469E93: The snapshot info is null. Setting the last applied indexto:(t:0, i:~)
2022-07-12 23:20:16,730 [pool-119-thread-1] INFO  server.RaftServerConfigKeys (ConfUtils.java:logGet(46)) - raft.server.notification.no-leader.timeout = 300s (custom)
2022-07-12 23:20:16,730 [pool-119-thread-1] INFO  server.RaftServerConfigKeys (ConfUtils.java:logGet(46)) - raft.server.log.use.memory = false (default)
2022-07-12 23:20:16,730 [pool-119-thread-1] INFO  server.RaftServerConfigKeys (ConfUtils.java:logGet(46)) - raft.server.log.purge.gap = 1000000 (custom)
2022-07-12 23:20:16,730 [pool-119-thread-1] INFO  server.RaftServerConfigKeys (ConfUtils.java:logGet(46)) - raft.server.log.appender.buffer.byte-limit = 33554432 (custom)
2022-07-12 23:20:16,730 [pool-119-thread-1] INFO  server.RaftServerConfigKeys (ConfUtils.java:logGet(46)) - raft.server.log.statemachine.data.read.timeout = 1000ms (default)
2022-07-12 23:20:16,730 [pool-119-thread-1] INFO  server.RaftServerConfigKeys (ConfUtils.java:logGet(46)) - raft.server.log.segment.size.max = 1048576 (custom)
2022-07-12 23:20:16,736 [pool-119-thread-1] INFO  server.RaftServerConfigKeys (ConfUtils.java:logGet(46)) - raft.server.log.segment.cache.num.max = 2 (custom)
2022-07-12 23:20:16,737 [pool-119-thread-1] INFO  server.RaftServerConfigKeys (ConfUtils.java:logGet(46)) - raft.server.log.segment.cache.size.max = 200MB (=209715200) (default)
2022-07-12 23:20:16,737 [pool-119-thread-1] INFO  segmented.SegmentedRaftLogWorker (SegmentedRaftLogWorker.java:<init>(187)) - new 30c4d38c-7dc2-4c52-bffc-86b7b0a91f0d@group-A5FB98469E93-SegmentedRaftLogWorker for RaftStorageImpl:Storage Directory /home/runner/work/ozone/ozone/hadoop-ozone/integration-test/target/test-dir/MiniOzoneClusterImpl-3dc585a6-3f94-454a-8ee9-12af11f98cc9/datanode-2/data/ratis/c502a4ff-97f2-4597-8003-a5fb98469e93
2022-07-12 23:20:16,737 [pool-119-thread-1] INFO  server.RaftServerConfigKeys (ConfUtils.java:logGet(46)) - raft.server.log.queue.byte-limit = 4294967296 (custom)
2022-07-12 23:20:16,737 [pool-119-thread-1] INFO  server.RaftServerConfigKeys (ConfUtils.java:logGet(46)) - raft.server.log.queue.element-limit = 1024 (custom)
2022-07-12 23:20:16,737 [pool-119-thread-1] INFO  server.RaftServerConfigKeys (ConfUtils.java:logGet(46)) - raft.server.log.segment.size.max = 1048576 (custom)
2022-07-12 23:20:16,737 [EventQueue-OpenPipelineForHealthyPipelineSafeModeRule] INFO  safemode.SCMSafeModeManager (HealthyPipelineSafeModeRule.java:process(137)) - SCM in safe mode. Healthy pipelines reported count is 0, required healthy pipeline reported count is 1
2022-07-12 23:20:16,739 [pool-119-thread-1] INFO  server.RaftServerConfigKeys (ConfUtils.java:logGet(46)) - raft.server.log.preallocated.size = 16384 (custom)
2022-07-12 23:20:16,741 [pool-119-thread-1] INFO  server.RaftServerConfigKeys (ConfUtils.java:logGet(46)) - raft.server.log.force.sync.num = 128 (default)
2022-07-12 23:20:16,741 [pool-119-thread-1] INFO  server.RaftServerConfigKeys (ConfUtils.java:logGet(46)) - raft.server.log.statemachine.data.sync = true (default)
2022-07-12 23:20:16,741 [pool-119-thread-1] INFO  server.RaftServerConfigKeys (ConfUtils.java:logGet(46)) - raft.server.log.statemachine.data.sync.timeout = 10s (default)
2022-07-12 23:20:16,741 [pool-119-thread-1] INFO  server.RaftServerConfigKeys (ConfUtils.java:logGet(46)) - raft.server.log.statemachine.data.sync.timeout.retry = -1 (default)
2022-07-12 23:20:16,742 [pool-119-thread-1] INFO  server.RaftServerConfigKeys (ConfUtils.java:logGet(46)) - raft.server.log.write.buffer.size = 1048576 (custom)
2022-07-12 23:20:16,742 [pool-119-thread-1] INFO  server.RaftServerConfigKeys (ConfUtils.java:logGet(46)) - raft.server.log.unsafe-flush.enabled = false (default)
2022-07-12 23:20:16,742 [pool-119-thread-1] INFO  server.RaftServerConfigKeys (ConfUtils.java:logGet(46)) - raft.server.log.statemachine.data.caching.enabled = true (custom)
2022-07-12 23:20:16,743 [pool-119-thread-1] INFO  segmented.SegmentedRaftLogWorker (SegmentedRaftLogWorker.java:lambda$new$0(135)) - 30c4d38c-7dc2-4c52-bffc-86b7b0a91f0d@group-A5FB98469E93-SegmentedRaftLogWorker: flushIndex: setUnconditionally 0 -> -1
2022-07-12 23:20:16,743 [pool-119-thread-1] INFO  segmented.SegmentedRaftLogWorker (SegmentedRaftLogWorker.java:lambda$new$0(135)) - 30c4d38c-7dc2-4c52-bffc-86b7b0a91f0d@group-A5FB98469E93-SegmentedRaftLogWorker: safeCacheEvictIndex: setUnconditionally 0 -> -1
2022-07-12 23:20:16,744 [pool-119-thread-1] INFO  server.RaftServerConfigKeys (ConfUtils.java:logGet(46)) - raft.server.snapshot.auto.trigger.enabled = true (custom)
2022-07-12 23:20:16,744 [pool-119-thread-1] INFO  server.RaftServerConfigKeys (ConfUtils.java:logGet(46)) - raft.server.snapshot.auto.trigger.threshold = 10000 (custom)
2022-07-12 23:20:16,744 [pool-119-thread-1] INFO  server.RaftServerConfigKeys (ConfUtils.java:logGet(46)) - raft.server.snapshot.retention.file.num = 5 (custom)
2022-07-12 23:20:16,744 [pool-119-thread-1] INFO  server.RaftServerConfigKeys (ConfUtils.java:logGet(46)) - raft.server.log.purge.upto.snapshot.index = false (default)
2022-07-12 23:20:16,744 [pool-119-thread-1] INFO  server.RaftServerConfigKeys (ConfUtils.java:logGet(46)) - raft.server.retrycache.expirytime = 600000ms (custom)
2022-07-12 23:20:16,744 [pool-119-thread-1] INFO  server.RaftServerConfigKeys (ConfUtils.java:logGet(46)) - raft.server.retrycache.statistics.expirytime = 100μs (default)
2022-07-12 23:20:16,745 [pool-119-thread-1] INFO  server.RaftServerConfigKeys (ConfUtils.java:logGet(46)) - raft.server.log.appender.install.snapshot.enabled = false (custom)
2022-07-12 23:20:16,745 [pool-119-thread-1] INFO  server.RaftServerConfigKeys (ConfUtils.java:logGet(46)) - raft.server.threadpool.server.cached = true (default)
2022-07-12 23:20:16,745 [pool-119-thread-1] INFO  server.RaftServerConfigKeys (ConfUtils.java:logGet(46)) - raft.server.threadpool.server.size = 0 (default)
2022-07-12 23:20:16,745 [pool-119-thread-1] INFO  server.RaftServerConfigKeys (ConfUtils.java:logGet(46)) - raft.server.threadpool.client.cached = true (default)
2022-07-12 23:20:16,745 [pool-119-thread-1] INFO  server.RaftServerConfigKeys (ConfUtils.java:logGet(46)) - raft.server.threadpool.client.size = 0 (default)
2022-07-12 23:20:16,745 [pool-119-thread-1] INFO  server.RaftServer$Division (RaftServerImpl.java:start(310)) - 30c4d38c-7dc2-4c52-bffc-86b7b0a91f0d@group-A5FB98469E93: start as a follower, conf=-1: [77a98ace-e102-46e5-a474-eb7ed4f4a4ca|rpc:10.1.0.13:44773|priority:0, f5ec0973-3ea4-44f3-b934-b5b86c2ad769|rpc:10.1.0.13:36411|priority:1, 30c4d38c-7dc2-4c52-bffc-86b7b0a91f0d|rpc:10.1.0.13:39527|priority:0], old=null
2022-07-12 23:20:16,745 [pool-119-thread-1] INFO  server.RaftServer$Division (RaftServerImpl.java:setRole(299)) - 30c4d38c-7dc2-4c52-bffc-86b7b0a91f0d@group-A5FB98469E93: changes role from      null to FOLLOWER at term 0 for startAsFollower
2022-07-12 23:20:16,745 [pool-119-thread-1] INFO  impl.RoleInfo (RoleInfo.java:updateAndGet(139)) - 30c4d38c-7dc2-4c52-bffc-86b7b0a91f0d: start 30c4d38c-7dc2-4c52-bffc-86b7b0a91f0d@group-A5FB98469E93-FollowerState
2022-07-12 23:20:16,749 [pool-119-thread-1] INFO  util.JmxRegister (JmxRegister.java:tryRegister(44)) - Successfully registered JMX Bean with object name Ratis:service=RaftServer,group=group-A5FB98469E93,id=30c4d38c-7dc2-4c52-bffc-86b7b0a91f0d
2022-07-12 23:20:16,763 [Command processor thread] INFO  ratis.XceiverServerRatis (XceiverServerRatis.java:addGroup(765)) - Created group PipelineID=c502a4ff-97f2-4597-8003-a5fb98469e93
2022-07-12 23:20:16,846 [Command processor thread] INFO  commandhandler.CreatePipelineCommandHandler (CreatePipelineCommandHandler.java:handle(113)) - Created Pipeline RATIS THREE PipelineID=c502a4ff-97f2-4597-8003-a5fb98469e93.
2022-07-12 23:20:16,857 [Command processor thread] INFO  commandhandler.CreatePipelineCommandHandler (CreatePipelineCommandHandler.java:handle(113)) - Created Pipeline RATIS THREE PipelineID=c502a4ff-97f2-4597-8003-a5fb98469e93.
2022-07-12 23:20:16,865 [Command processor thread] INFO  commandhandler.CreatePipelineCommandHandler (CreatePipelineCommandHandler.java:handle(113)) - Created Pipeline RATIS THREE PipelineID=c502a4ff-97f2-4597-8003-a5fb98469e93.
2022-07-12 23:20:17,006 [Command processor thread] INFO  server.RaftServer (RaftServerProxy.java:addNew(96)) - a67e604a-e717-487e-a7c4-14b775c2eed2: addNew group-5C04246E697C:[a67e604a-e717-487e-a7c4-14b775c2eed2|rpc:10.1.0.13:39911|priority:1] returns group-5C04246E697C:java.util.concurrent.CompletableFuture@543bf661[Not completed]
2022-07-12 23:20:17,010 [pool-142-thread-1] INFO  server.RaftServer$Division (RaftServerImpl.java:<init>(190)) - a67e604a-e717-487e-a7c4-14b775c2eed2: new RaftServerImpl for group-5C04246E697C:[a67e604a-e717-487e-a7c4-14b775c2eed2|rpc:10.1.0.13:39911|priority:1] with ContainerStateMachine:uninitialized
2022-07-12 23:20:17,010 [pool-142-thread-1] INFO  server.RaftServerConfigKeys (ConfUtils.java:logGet(46)) - raft.server.rpc.timeout.min = 5s (custom)
2022-07-12 23:20:17,010 [pool-142-thread-1] INFO  server.RaftServerConfigKeys (ConfUtils.java:logGet(46)) - raft.server.rpc.timeout.max = 5200ms (custom)
2022-07-12 23:20:17,010 [pool-142-thread-1] INFO  server.RaftServerConfigKeys (ConfUtils.java:logGet(46)) - raft.server.rpc.sleep.time = 25ms (default)
2022-07-12 23:20:17,010 [pool-142-thread-1] INFO  server.RaftServerConfigKeys (ConfUtils.java:logGet(46)) - raft.server.rpc.slowness.timeout = 300s (custom)
2022-07-12 23:20:17,010 [pool-142-thread-1] INFO  server.RaftServerConfigKeys (ConfUtils.java:logGet(46)) - raft.server.leaderelection.leader.step-down.wait-time = 10s (default)
2022-07-12 23:20:17,010 [pool-142-thread-1] INFO  server.RaftServerConfigKeys (ConfUtils.java:logGet(46)) - raft.server.sleep.deviation.threshold = 300ms (default)
2022-07-12 23:20:17,010 [pool-142-thread-1] INFO  server.RaftServer$Division (ServerState.java:<init>(107)) - a67e604a-e717-487e-a7c4-14b775c2eed2@group-5C04246E697C: ConfigurationManager, init=-1: [a67e604a-e717-487e-a7c4-14b775c2eed2|rpc:10.1.0.13:39911|priority:1], old=null, confs=<EMPTY_MAP>
2022-07-12 23:20:17,010 [pool-142-thread-1] INFO  server.RaftServerConfigKeys (ConfUtils.java:logGet(46)) - raft.server.storage.dir = [/home/runner/work/ozone/ozone/hadoop-ozone/integration-test/target/test-dir/MiniOzoneClusterImpl-3dc585a6-3f94-454a-8ee9-12af11f98cc9/datanode-3/data/ratis] (custom)
2022-07-12 23:20:17,011 [pool-142-thread-1] INFO  server.RaftServerConfigKeys (ConfUtils.java:logGet(46)) - raft.server.log.corruption.policy = EXCEPTION (default)
2022-07-12 23:20:17,011 [pool-142-thread-1] INFO  server.RaftServerConfigKeys (ConfUtils.java:logGet(46)) - raft.server.storage.free-space.min = 0MB (=0) (default)
2022-07-12 23:20:17,011 [pool-142-thread-1] INFO  storage.RaftStorageDirectory (RaftStorageDirectoryImpl.java:analyzeStorage(135)) - The storage directory /home/runner/work/ozone/ozone/hadoop-ozone/integration-test/target/test-dir/MiniOzoneClusterImpl-3dc585a6-3f94-454a-8ee9-12af11f98cc9/datanode-3/data/ratis/f389ec5d-e1b8-40d8-ba73-5c04246e697c does not exist. Creating ...
2022-07-12 23:20:17,013 [pool-142-thread-1] INFO  storage.RaftStorageDirectory (RaftStorageDirectoryImpl.java:tryLock(230)) - Lock on /home/runner/work/ozone/ozone/hadoop-ozone/integration-test/target/test-dir/MiniOzoneClusterImpl-3dc585a6-3f94-454a-8ee9-12af11f98cc9/datanode-3/data/ratis/f389ec5d-e1b8-40d8-ba73-5c04246e697c/in_use.lock acquired by nodename 30948@fv-az46-473
2022-07-12 23:20:17,016 [pool-142-thread-1] INFO  storage.RaftStorage (RaftStorageImpl.java:format(89)) - Storage directory /home/runner/work/ozone/ozone/hadoop-ozone/integration-test/target/test-dir/MiniOzoneClusterImpl-3dc585a6-3f94-454a-8ee9-12af11f98cc9/datanode-3/data/ratis/f389ec5d-e1b8-40d8-ba73-5c04246e697c has been successfully formatted.
2022-07-12 23:20:17,017 [pool-142-thread-1] INFO  ratis.ContainerStateMachine (ContainerStateMachine.java:loadSnapshot(236)) - group-5C04246E697C: The snapshot info is null. Setting the last applied indexto:(t:0, i:~)
2022-07-12 23:20:17,017 [pool-142-thread-1] INFO  server.RaftServerConfigKeys (ConfUtils.java:logGet(46)) - raft.server.notification.no-leader.timeout = 300s (custom)
2022-07-12 23:20:17,017 [pool-142-thread-1] INFO  server.RaftServerConfigKeys (ConfUtils.java:logGet(46)) - raft.server.log.use.memory = false (default)
2022-07-12 23:20:17,017 [pool-142-thread-1] INFO  server.RaftServerConfigKeys (ConfUtils.java:logGet(46)) - raft.server.log.purge.gap = 1000000 (custom)
2022-07-12 23:20:17,017 [pool-142-thread-1] INFO  server.RaftServerConfigKeys (ConfUtils.java:logGet(46)) - raft.server.log.appender.buffer.byte-limit = 33554432 (custom)
2022-07-12 23:20:17,018 [pool-142-thread-1] INFO  server.RaftServerConfigKeys (ConfUtils.java:logGet(46)) - raft.server.log.statemachine.data.read.timeout = 1000ms (default)
2022-07-12 23:20:17,018 [pool-142-thread-1] INFO  server.RaftServerConfigKeys (ConfUtils.java:logGet(46)) - raft.server.log.segment.size.max = 1048576 (custom)
2022-07-12 23:20:17,019 [pool-142-thread-1] INFO  server.RaftServerConfigKeys (ConfUtils.java:logGet(46)) - raft.server.log.segment.cache.num.max = 2 (custom)
2022-07-12 23:20:17,019 [pool-142-thread-1] INFO  server.RaftServerConfigKeys (ConfUtils.java:logGet(46)) - raft.server.log.segment.cache.size.max = 200MB (=209715200) (default)
2022-07-12 23:20:17,019 [pool-142-thread-1] INFO  segmented.SegmentedRaftLogWorker (SegmentedRaftLogWorker.java:<init>(187)) - new a67e604a-e717-487e-a7c4-14b775c2eed2@group-5C04246E697C-SegmentedRaftLogWorker for RaftStorageImpl:Storage Directory /home/runner/work/ozone/ozone/hadoop-ozone/integration-test/target/test-dir/MiniOzoneClusterImpl-3dc585a6-3f94-454a-8ee9-12af11f98cc9/datanode-3/data/ratis/f389ec5d-e1b8-40d8-ba73-5c04246e697c
2022-07-12 23:20:17,019 [pool-142-thread-1] INFO  server.RaftServerConfigKeys (ConfUtils.java:logGet(46)) - raft.server.log.queue.byte-limit = 4294967296 (custom)
2022-07-12 23:20:17,019 [pool-142-thread-1] INFO  server.RaftServerConfigKeys (ConfUtils.java:logGet(46)) - raft.server.log.queue.element-limit = 1024 (custom)
2022-07-12 23:20:17,019 [EventQueue-PipelineReportForPipelineReportHandler] INFO  pipeline.PipelineManagerImpl (PipelineManagerImpl.java:openPipeline(367)) - Pipeline Pipeline[ Id: f389ec5d-e1b8-40d8-ba73-5c04246e697c, Nodes: a67e604a-e717-487e-a7c4-14b775c2eed2{ip: 10.1.0.13, host: fv-az46-473.aox2mo1hufxu3kclv1weif3kjc.bx.internal.cloudapp.net, ports: [REPLICATION=35659, RATIS=39911, RATIS_ADMIN=39911, RATIS_SERVER=39911, STANDALONE=41943], networkLocation: /default-rack, certSerialId: null, persistedOpState: IN_SERVICE, persistedOpStateExpiryEpochSec: 0}, ReplicationConfig: RATIS/ONE, State:ALLOCATED, leaderId:a67e604a-e717-487e-a7c4-14b775c2eed2, CreationTimestamp2022-07-12T23:20:14.015Z[Etc/UTC]] moved to OPEN state
2022-07-12 23:20:17,019 [pool-142-thread-1] INFO  server.RaftServerConfigKeys (ConfUtils.java:logGet(46)) - raft.server.log.segment.size.max = 1048576 (custom)
2022-07-12 23:20:17,019 [pool-142-thread-1] INFO  server.RaftServerConfigKeys (ConfUtils.java:logGet(46)) - raft.server.log.preallocated.size = 16384 (custom)
2022-07-12 23:20:17,019 [pool-142-thread-1] INFO  server.RaftServerConfigKeys (ConfUtils.java:logGet(46)) - raft.server.log.force.sync.num = 128 (default)
2022-07-12 23:20:17,019 [pool-142-thread-1] INFO  server.RaftServerConfigKeys (ConfUtils.java:logGet(46)) - raft.server.log.statemachine.data.sync = true (default)
2022-07-12 23:20:17,019 [pool-142-thread-1] INFO  server.RaftServerConfigKeys (ConfUtils.java:logGet(46)) - raft.server.log.statemachine.data.sync.timeout = 10s (default)
2022-07-12 23:20:17,019 [pool-142-thread-1] INFO  server.RaftServerConfigKeys (ConfUtils.java:logGet(46)) - raft.server.log.statemachine.data.sync.timeout.retry = -1 (default)
2022-07-12 23:20:17,020 [EventQueue-OpenPipelineForHealthyPipelineSafeModeRule] INFO  safemode.SCMSafeModeManager (HealthyPipelineSafeModeRule.java:process(137)) - SCM in safe mode. Healthy pipelines reported count is 0, required healthy pipeline reported count is 1
2022-07-12 23:20:17,022 [pool-142-thread-1] INFO  server.RaftServerConfigKeys (ConfUtils.java:logGet(46)) - raft.server.log.write.buffer.size = 1048576 (custom)
2022-07-12 23:20:17,022 [pool-142-thread-1] INFO  server.RaftServerConfigKeys (ConfUtils.java:logGet(46)) - raft.server.log.unsafe-flush.enabled = false (default)
2022-07-12 23:20:17,022 [pool-142-thread-1] INFO  server.RaftServerConfigKeys (ConfUtils.java:logGet(46)) - raft.server.log.statemachine.data.caching.enabled = true (custom)
2022-07-12 23:20:17,023 [pool-142-thread-1] INFO  segmented.SegmentedRaftLogWorker (SegmentedRaftLogWorker.java:lambda$new$0(135)) - a67e604a-e717-487e-a7c4-14b775c2eed2@group-5C04246E697C-SegmentedRaftLogWorker: flushIndex: setUnconditionally 0 -> -1
2022-07-12 23:20:17,023 [pool-142-thread-1] INFO  segmented.SegmentedRaftLogWorker (SegmentedRaftLogWorker.java:lambda$new$0(135)) - a67e604a-e717-487e-a7c4-14b775c2eed2@group-5C04246E697C-SegmentedRaftLogWorker: safeCacheEvictIndex: setUnconditionally 0 -> -1
2022-07-12 23:20:17,023 [pool-142-thread-1] INFO  server.RaftServerConfigKeys (ConfUtils.java:logGet(46)) - raft.server.snapshot.auto.trigger.enabled = true (custom)
2022-07-12 23:20:17,023 [pool-142-thread-1] INFO  server.RaftServerConfigKeys (ConfUtils.java:logGet(46)) - raft.server.snapshot.auto.trigger.threshold = 10000 (custom)
2022-07-12 23:20:17,023 [pool-142-thread-1] INFO  server.RaftServerConfigKeys (ConfUtils.java:logGet(46)) - raft.server.snapshot.retention.file.num = 5 (custom)
2022-07-12 23:20:17,023 [pool-142-thread-1] INFO  server.RaftServerConfigKeys (ConfUtils.java:logGet(46)) - raft.server.log.purge.upto.snapshot.index = false (default)
2022-07-12 23:20:17,023 [pool-142-thread-1] INFO  server.RaftServerConfigKeys (ConfUtils.java:logGet(46)) - raft.server.retrycache.expirytime = 600000ms (custom)
2022-07-12 23:20:17,023 [pool-142-thread-1] INFO  server.RaftServerConfigKeys (ConfUtils.java:logGet(46)) - raft.server.retrycache.statistics.expirytime = 100μs (default)
2022-07-12 23:20:17,025 [pool-142-thread-1] INFO  server.RaftServerConfigKeys (ConfUtils.java:logGet(46)) - raft.server.log.appender.install.snapshot.enabled = false (custom)
2022-07-12 23:20:17,026 [pool-142-thread-1] INFO  server.RaftServerConfigKeys (ConfUtils.java:logGet(46)) - raft.server.threadpool.server.cached = true (default)
2022-07-12 23:20:17,026 [pool-142-thread-1] INFO  server.RaftServerConfigKeys (ConfUtils.java:logGet(46)) - raft.server.threadpool.server.size = 0 (default)
2022-07-12 23:20:17,026 [pool-142-thread-1] INFO  server.RaftServerConfigKeys (ConfUtils.java:logGet(46)) - raft.server.threadpool.client.cached = true (default)
2022-07-12 23:20:17,026 [pool-142-thread-1] INFO  server.RaftServerConfigKeys (ConfUtils.java:logGet(46)) - raft.server.threadpool.client.size = 0 (default)
2022-07-12 23:20:17,026 [pool-142-thread-1] INFO  server.RaftServer$Division (RaftServerImpl.java:start(310)) - a67e604a-e717-487e-a7c4-14b775c2eed2@group-5C04246E697C: start as a follower, conf=-1: [a67e604a-e717-487e-a7c4-14b775c2eed2|rpc:10.1.0.13:39911|priority:1], old=null
2022-07-12 23:20:17,026 [pool-142-thread-1] INFO  server.RaftServer$Division (RaftServerImpl.java:setRole(299)) - a67e604a-e717-487e-a7c4-14b775c2eed2@group-5C04246E697C: changes role from      null to FOLLOWER at term 0 for startAsFollower
2022-07-12 23:20:17,026 [pool-142-thread-1] INFO  impl.RoleInfo (RoleInfo.java:updateAndGet(139)) - a67e604a-e717-487e-a7c4-14b775c2eed2: start a67e604a-e717-487e-a7c4-14b775c2eed2@group-5C04246E697C-FollowerState
2022-07-12 23:20:17,026 [pool-142-thread-1] INFO  util.JmxRegister (JmxRegister.java:tryRegister(44)) - Successfully registered JMX Bean with object name Ratis:service=RaftServer,group=group-5C04246E697C,id=a67e604a-e717-487e-a7c4-14b775c2eed2
2022-07-12 23:20:17,033 [Command processor thread] INFO  ratis.XceiverServerRatis (XceiverServerRatis.java:addGroup(765)) - Created group PipelineID=f389ec5d-e1b8-40d8-ba73-5c04246e697c
2022-07-12 23:20:17,033 [Command processor thread] INFO  commandhandler.CreatePipelineCommandHandler (CreatePipelineCommandHandler.java:handle(113)) - Created Pipeline RATIS ONE PipelineID=f389ec5d-e1b8-40d8-ba73-5c04246e697c.
2022-07-12 23:20:17,297 [Listener at 127.0.0.1/35283] INFO  ozone.MiniOzoneClusterImpl (MiniOzoneClusterImpl.java:lambda$waitForClusterToBeReady$0(216)) - Nodes are ready. Got 5 of 5 DN Heartbeats.
2022-07-12 23:20:17,298 [Listener at 127.0.0.1/35283] INFO  ozone.MiniOzoneClusterImpl (MiniOzoneClusterImpl.java:lambda$waitForClusterToBeReady$0(219)) - Waiting for cluster to exit safe mode
2022-07-12 23:20:17,298 [Listener at 127.0.0.1/35283] INFO  ozone.MiniOzoneClusterImpl (MiniOzoneClusterImpl.java:lambda$waitForClusterToBeReady$0(221)) - SCM became leader
2022-07-12 23:20:17,301 [Command processor thread] INFO  server.RaftServer (RaftServerProxy.java:addNew(96)) - 70f31cc1-b868-4362-9ae7-f917c6e45e61: addNew group-3EF5B320B61F:[70f31cc1-b868-4362-9ae7-f917c6e45e61|rpc:10.1.0.13:35159|priority:1] returns group-3EF5B320B61F:java.util.concurrent.CompletableFuture@6b11de2c[Not completed]
2022-07-12 23:20:17,305 [pool-165-thread-1] INFO  server.RaftServer$Division (RaftServerImpl.java:<init>(190)) - 70f31cc1-b868-4362-9ae7-f917c6e45e61: new RaftServerImpl for group-3EF5B320B61F:[70f31cc1-b868-4362-9ae7-f917c6e45e61|rpc:10.1.0.13:35159|priority:1] with ContainerStateMachine:uninitialized
2022-07-12 23:20:17,305 [pool-165-thread-1] INFO  server.RaftServerConfigKeys (ConfUtils.java:logGet(46)) - raft.server.rpc.timeout.min = 5s (custom)
2022-07-12 23:20:17,305 [pool-165-thread-1] INFO  server.RaftServerConfigKeys (ConfUtils.java:logGet(46)) - raft.server.rpc.timeout.max = 5200ms (custom)
2022-07-12 23:20:17,305 [pool-165-thread-1] INFO  server.RaftServerConfigKeys (ConfUtils.java:logGet(46)) - raft.server.rpc.sleep.time = 25ms (default)
2022-07-12 23:20:17,305 [pool-165-thread-1] INFO  server.RaftServerConfigKeys (ConfUtils.java:logGet(46)) - raft.server.rpc.slowness.timeout = 300s (custom)
2022-07-12 23:20:17,305 [pool-165-thread-1] INFO  server.RaftServerConfigKeys (ConfUtils.java:logGet(46)) - raft.server.leaderelection.leader.step-down.wait-time = 10s (default)
2022-07-12 23:20:17,305 [pool-165-thread-1] INFO  server.RaftServerConfigKeys (ConfUtils.java:logGet(46)) - raft.server.sleep.deviation.threshold = 300ms (default)
2022-07-12 23:20:17,306 [pool-165-thread-1] INFO  server.RaftServer$Division (ServerState.java:<init>(107)) - 70f31cc1-b868-4362-9ae7-f917c6e45e61@group-3EF5B320B61F: ConfigurationManager, init=-1: [70f31cc1-b868-4362-9ae7-f917c6e45e61|rpc:10.1.0.13:35159|priority:1], old=null, confs=<EMPTY_MAP>
2022-07-12 23:20:17,306 [pool-165-thread-1] INFO  server.RaftServerConfigKeys (ConfUtils.java:logGet(46)) - raft.server.storage.dir = [/home/runner/work/ozone/ozone/hadoop-ozone/integration-test/target/test-dir/MiniOzoneClusterImpl-3dc585a6-3f94-454a-8ee9-12af11f98cc9/datanode-4/data/ratis] (custom)
2022-07-12 23:20:17,306 [pool-165-thread-1] INFO  server.RaftServerConfigKeys (ConfUtils.java:logGet(46)) - raft.server.log.corruption.policy = EXCEPTION (default)
2022-07-12 23:20:17,306 [pool-165-thread-1] INFO  server.RaftServerConfigKeys (ConfUtils.java:logGet(46)) - raft.server.storage.free-space.min = 0MB (=0) (default)
2022-07-12 23:20:17,306 [pool-165-thread-1] INFO  storage.RaftStorageDirectory (RaftStorageDirectoryImpl.java:analyzeStorage(135)) - The storage directory /home/runner/work/ozone/ozone/hadoop-ozone/integration-test/target/test-dir/MiniOzoneClusterImpl-3dc585a6-3f94-454a-8ee9-12af11f98cc9/datanode-4/data/ratis/793f165e-e15b-487f-93ba-3ef5b320b61f does not exist. Creating ...
2022-07-12 23:20:17,308 [pool-165-thread-1] INFO  storage.RaftStorageDirectory (RaftStorageDirectoryImpl.java:tryLock(230)) - Lock on /home/runner/work/ozone/ozone/hadoop-ozone/integration-test/target/test-dir/MiniOzoneClusterImpl-3dc585a6-3f94-454a-8ee9-12af11f98cc9/datanode-4/data/ratis/793f165e-e15b-487f-93ba-3ef5b320b61f/in_use.lock acquired by nodename 30948@fv-az46-473
2022-07-12 23:20:17,310 [pool-165-thread-1] INFO  storage.RaftStorage (RaftStorageImpl.java:format(89)) - Storage directory /home/runner/work/ozone/ozone/hadoop-ozone/integration-test/target/test-dir/MiniOzoneClusterImpl-3dc585a6-3f94-454a-8ee9-12af11f98cc9/datanode-4/data/ratis/793f165e-e15b-487f-93ba-3ef5b320b61f has been successfully formatted.
2022-07-12 23:20:17,312 [pool-165-thread-1] INFO  ratis.ContainerStateMachine (ContainerStateMachine.java:loadSnapshot(236)) - group-3EF5B320B61F: The snapshot info is null. Setting the last applied indexto:(t:0, i:~)
2022-07-12 23:20:17,312 [pool-165-thread-1] INFO  server.RaftServerConfigKeys (ConfUtils.java:logGet(46)) - raft.server.notification.no-leader.timeout = 300s (custom)
2022-07-12 23:20:17,312 [pool-165-thread-1] INFO  server.RaftServerConfigKeys (ConfUtils.java:logGet(46)) - raft.server.log.use.memory = false (default)
2022-07-12 23:20:17,312 [pool-165-thread-1] INFO  server.RaftServerConfigKeys (ConfUtils.java:logGet(46)) - raft.server.log.purge.gap = 1000000 (custom)
2022-07-12 23:20:17,312 [pool-165-thread-1] INFO  server.RaftServerConfigKeys (ConfUtils.java:logGet(46)) - raft.server.log.appender.buffer.byte-limit = 33554432 (custom)
2022-07-12 23:20:17,312 [pool-165-thread-1] INFO  server.RaftServerConfigKeys (ConfUtils.java:logGet(46)) - raft.server.log.statemachine.data.read.timeout = 1000ms (default)
2022-07-12 23:20:17,313 [pool-165-thread-1] INFO  server.RaftServerConfigKeys (ConfUtils.java:logGet(46)) - raft.server.log.segment.size.max = 1048576 (custom)
2022-07-12 23:20:17,313 [pool-165-thread-1] INFO  server.RaftServerConfigKeys (ConfUtils.java:logGet(46)) - raft.server.log.segment.cache.num.max = 2 (custom)
2022-07-12 23:20:17,313 [pool-165-thread-1] INFO  server.RaftServerConfigKeys (ConfUtils.java:logGet(46)) - raft.server.log.segment.cache.size.max = 200MB (=209715200) (default)
2022-07-12 23:20:17,313 [pool-165-thread-1] INFO  segmented.SegmentedRaftLogWorker (SegmentedRaftLogWorker.java:<init>(187)) - new 70f31cc1-b868-4362-9ae7-f917c6e45e61@group-3EF5B320B61F-SegmentedRaftLogWorker for RaftStorageImpl:Storage Directory /home/runner/work/ozone/ozone/hadoop-ozone/integration-test/target/test-dir/MiniOzoneClusterImpl-3dc585a6-3f94-454a-8ee9-12af11f98cc9/datanode-4/data/ratis/793f165e-e15b-487f-93ba-3ef5b320b61f
2022-07-12 23:20:17,313 [pool-165-thread-1] INFO  server.RaftServerConfigKeys (ConfUtils.java:logGet(46)) - raft.server.log.queue.byte-limit = 4294967296 (custom)
2022-07-12 23:20:17,313 [pool-165-thread-1] INFO  server.RaftServerConfigKeys (ConfUtils.java:logGet(46)) - raft.server.log.queue.element-limit = 1024 (custom)
2022-07-12 23:20:17,314 [pool-165-thread-1] INFO  server.RaftServerConfigKeys (ConfUtils.java:logGet(46)) - raft.server.log.segment.size.max = 1048576 (custom)
2022-07-12 23:20:17,314 [pool-165-thread-1] INFO  server.RaftServerConfigKeys (ConfUtils.java:logGet(46)) - raft.server.log.preallocated.size = 16384 (custom)
2022-07-12 23:20:17,314 [EventQueue-PipelineReportForPipelineReportHandler] INFO  pipeline.PipelineManagerImpl (PipelineManagerImpl.java:openPipeline(367)) - Pipeline Pipeline[ Id: 793f165e-e15b-487f-93ba-3ef5b320b61f, Nodes: 70f31cc1-b868-4362-9ae7-f917c6e45e61{ip: 10.1.0.13, host: fv-az46-473.aox2mo1hufxu3kclv1weif3kjc.bx.internal.cloudapp.net, ports: [REPLICATION=38473, RATIS=35159, RATIS_ADMIN=35159, RATIS_SERVER=35159, STANDALONE=35353], networkLocation: /default-rack, certSerialId: null, persistedOpState: IN_SERVICE, persistedOpStateExpiryEpochSec: 0}, ReplicationConfig: RATIS/ONE, State:ALLOCATED, leaderId:70f31cc1-b868-4362-9ae7-f917c6e45e61, CreationTimestamp2022-07-12T23:20:14.304Z[Etc/UTC]] moved to OPEN state
2022-07-12 23:20:17,314 [EventQueue-OpenPipelineForHealthyPipelineSafeModeRule] INFO  safemode.SCMSafeModeManager (HealthyPipelineSafeModeRule.java:process(137)) - SCM in safe mode. Healthy pipelines reported count is 0, required healthy pipeline reported count is 1
2022-07-12 23:20:17,314 [pool-165-thread-1] INFO  server.RaftServerConfigKeys (ConfUtils.java:logGet(46)) - raft.server.log.force.sync.num = 128 (default)
2022-07-12 23:20:17,315 [pool-165-thread-1] INFO  server.RaftServerConfigKeys (ConfUtils.java:logGet(46)) - raft.server.log.statemachine.data.sync = true (default)
2022-07-12 23:20:17,315 [pool-165-thread-1] INFO  server.RaftServerConfigKeys (ConfUtils.java:logGet(46)) - raft.server.log.statemachine.data.sync.timeout = 10s (default)
2022-07-12 23:20:17,316 [pool-165-thread-1] INFO  server.RaftServerConfigKeys (ConfUtils.java:logGet(46)) - raft.server.log.statemachine.data.sync.timeout.retry = -1 (default)
2022-07-12 23:20:17,316 [pool-165-thread-1] INFO  server.RaftServerConfigKeys (ConfUtils.java:logGet(46)) - raft.server.log.write.buffer.size = 1048576 (custom)
2022-07-12 23:20:17,317 [pool-165-thread-1] INFO  server.RaftServerConfigKeys (ConfUtils.java:logGet(46)) - raft.server.log.unsafe-flush.enabled = false (default)
2022-07-12 23:20:17,317 [pool-165-thread-1] INFO  server.RaftServerConfigKeys (ConfUtils.java:logGet(46)) - raft.server.log.statemachine.data.caching.enabled = true (custom)
2022-07-12 23:20:17,317 [pool-165-thread-1] INFO  segmented.SegmentedRaftLogWorker (SegmentedRaftLogWorker.java:lambda$new$0(135)) - 70f31cc1-b868-4362-9ae7-f917c6e45e61@group-3EF5B320B61F-SegmentedRaftLogWorker: flushIndex: setUnconditionally 0 -> -1
2022-07-12 23:20:17,317 [pool-165-thread-1] INFO  segmented.SegmentedRaftLogWorker (SegmentedRaftLogWorker.java:lambda$new$0(135)) - 70f31cc1-b868-4362-9ae7-f917c6e45e61@group-3EF5B320B61F-SegmentedRaftLogWorker: safeCacheEvictIndex: setUnconditionally 0 -> -1
2022-07-12 23:20:17,318 [pool-165-thread-1] INFO  server.RaftServerConfigKeys (ConfUtils.java:logGet(46)) - raft.server.snapshot.auto.trigger.enabled = true (custom)
2022-07-12 23:20:17,318 [pool-165-thread-1] INFO  server.RaftServerConfigKeys (ConfUtils.java:logGet(46)) - raft.server.snapshot.auto.trigger.threshold = 10000 (custom)
2022-07-12 23:20:17,318 [pool-165-thread-1] INFO  server.RaftServerConfigKeys (ConfUtils.java:logGet(46)) - raft.server.snapshot.retention.file.num = 5 (custom)
2022-07-12 23:20:17,318 [pool-165-thread-1] INFO  server.RaftServerConfigKeys (ConfUtils.java:logGet(46)) - raft.server.log.purge.upto.snapshot.index = false (default)
2022-07-12 23:20:17,318 [pool-165-thread-1] INFO  server.RaftServerConfigKeys (ConfUtils.java:logGet(46)) - raft.server.retrycache.expirytime = 600000ms (custom)
2022-07-12 23:20:17,318 [pool-165-thread-1] INFO  server.RaftServerConfigKeys (ConfUtils.java:logGet(46)) - raft.server.retrycache.statistics.expirytime = 100μs (default)
2022-07-12 23:20:17,319 [pool-165-thread-1] INFO  server.RaftServerConfigKeys (ConfUtils.java:logGet(46)) - raft.server.log.appender.install.snapshot.enabled = false (custom)
2022-07-12 23:20:17,319 [pool-165-thread-1] INFO  server.RaftServerConfigKeys (ConfUtils.java:logGet(46)) - raft.server.threadpool.server.cached = true (default)
2022-07-12 23:20:17,319 [pool-165-thread-1] INFO  server.RaftServerConfigKeys (ConfUtils.java:logGet(46)) - raft.server.threadpool.server.size = 0 (default)
2022-07-12 23:20:17,319 [pool-165-thread-1] INFO  server.RaftServerConfigKeys (ConfUtils.java:logGet(46)) - raft.server.threadpool.client.cached = true (default)
2022-07-12 23:20:17,319 [pool-165-thread-1] INFO  server.RaftServerConfigKeys (ConfUtils.java:logGet(46)) - raft.server.threadpool.client.size = 0 (default)
2022-07-12 23:20:17,319 [pool-165-thread-1] INFO  server.RaftServer$Division (RaftServerImpl.java:start(310)) - 70f31cc1-b868-4362-9ae7-f917c6e45e61@group-3EF5B320B61F: start as a follower, conf=-1: [70f31cc1-b868-4362-9ae7-f917c6e45e61|rpc:10.1.0.13:35159|priority:1], old=null
2022-07-12 23:20:17,319 [pool-165-thread-1] INFO  server.RaftServer$Division (RaftServerImpl.java:setRole(299)) - 70f31cc1-b868-4362-9ae7-f917c6e45e61@group-3EF5B320B61F: changes role from      null to FOLLOWER at term 0 for startAsFollower
2022-07-12 23:20:17,319 [pool-165-thread-1] INFO  impl.RoleInfo (RoleInfo.java:updateAndGet(139)) - 70f31cc1-b868-4362-9ae7-f917c6e45e61: start 70f31cc1-b868-4362-9ae7-f917c6e45e61@group-3EF5B320B61F-FollowerState
2022-07-12 23:20:17,319 [pool-165-thread-1] INFO  util.JmxRegister (JmxRegister.java:tryRegister(44)) - Successfully registered JMX Bean with object name Ratis:service=RaftServer,group=group-3EF5B320B61F,id=70f31cc1-b868-4362-9ae7-f917c6e45e61
2022-07-12 23:20:17,322 [Command processor thread] INFO  ratis.XceiverServerRatis (XceiverServerRatis.java:addGroup(765)) - Created group PipelineID=793f165e-e15b-487f-93ba-3ef5b320b61f
2022-07-12 23:20:17,322 [Command processor thread] INFO  commandhandler.CreatePipelineCommandHandler (CreatePipelineCommandHandler.java:handle(113)) - Created Pipeline RATIS ONE PipelineID=793f165e-e15b-487f-93ba-3ef5b320b61f.
2022-07-12 23:20:18,298 [Listener at 127.0.0.1/35283] INFO  ozone.MiniOzoneClusterImpl (MiniOzoneClusterImpl.java:lambda$waitForClusterToBeReady$0(216)) - Nodes are ready. Got 5 of 5 DN Heartbeats.
2022-07-12 23:20:18,298 [Listener at 127.0.0.1/35283] INFO  ozone.MiniOzoneClusterImpl (MiniOzoneClusterImpl.java:lambda$waitForClusterToBeReady$0(219)) - Waiting for cluster to exit safe mode
2022-07-12 23:20:18,299 [Listener at 127.0.0.1/35283] INFO  ozone.MiniOzoneClusterImpl (MiniOzoneClusterImpl.java:lambda$waitForClusterToBeReady$0(221)) - SCM became leader
2022-07-12 23:20:19,299 [Listener at 127.0.0.1/35283] INFO  ozone.MiniOzoneClusterImpl (MiniOzoneClusterImpl.java:lambda$waitForClusterToBeReady$0(216)) - Nodes are ready. Got 5 of 5 DN Heartbeats.
2022-07-12 23:20:19,299 [Listener at 127.0.0.1/35283] INFO  ozone.MiniOzoneClusterImpl (MiniOzoneClusterImpl.java:lambda$waitForClusterToBeReady$0(219)) - Waiting for cluster to exit safe mode
2022-07-12 23:20:19,299 [Listener at 127.0.0.1/35283] INFO  ozone.MiniOzoneClusterImpl (MiniOzoneClusterImpl.java:lambda$waitForClusterToBeReady$0(221)) - SCM became leader
2022-07-12 23:20:20,300 [Listener at 127.0.0.1/35283] INFO  ozone.MiniOzoneClusterImpl (MiniOzoneClusterImpl.java:lambda$waitForClusterToBeReady$0(216)) - Nodes are ready. Got 5 of 5 DN Heartbeats.
2022-07-12 23:20:20,300 [Listener at 127.0.0.1/35283] INFO  ozone.MiniOzoneClusterImpl (MiniOzoneClusterImpl.java:lambda$waitForClusterToBeReady$0(219)) - Waiting for cluster to exit safe mode
2022-07-12 23:20:20,300 [Listener at 127.0.0.1/35283] INFO  ozone.MiniOzoneClusterImpl (MiniOzoneClusterImpl.java:lambda$waitForClusterToBeReady$0(221)) - SCM became leader
2022-07-12 23:20:20,913 [f5ec0973-3ea4-44f3-b934-b5b86c2ad769@group-000ACE107383-FollowerState] INFO  impl.FollowerState (FollowerState.java:run(143)) - f5ec0973-3ea4-44f3-b934-b5b86c2ad769@group-000ACE107383-FollowerState: change to CANDIDATE, lastRpcElapsedTime:5017970993ns, electionTimeout:5011ms
2022-07-12 23:20:20,913 [f5ec0973-3ea4-44f3-b934-b5b86c2ad769@group-000ACE107383-FollowerState] INFO  impl.RoleInfo (RoleInfo.java:shutdownFollowerState(110)) - f5ec0973-3ea4-44f3-b934-b5b86c2ad769: shutdown f5ec0973-3ea4-44f3-b934-b5b86c2ad769@group-000ACE107383-FollowerState
2022-07-12 23:20:20,913 [f5ec0973-3ea4-44f3-b934-b5b86c2ad769@group-000ACE107383-FollowerState] INFO  server.RaftServer$Division (RaftServerImpl.java:setRole(299)) - f5ec0973-3ea4-44f3-b934-b5b86c2ad769@group-000ACE107383: changes role from  FOLLOWER to CANDIDATE at term 0 for changeToCandidate
2022-07-12 23:20:20,913 [f5ec0973-3ea4-44f3-b934-b5b86c2ad769@group-000ACE107383-FollowerState] INFO  server.RaftServerConfigKeys (ConfUtils.java:logGet(46)) - raft.server.leaderelection.pre-vote = false (custom)
2022-07-12 23:20:20,913 [f5ec0973-3ea4-44f3-b934-b5b86c2ad769@group-000ACE107383-FollowerState] INFO  impl.RoleInfo (RoleInfo.java:updateAndGet(139)) - f5ec0973-3ea4-44f3-b934-b5b86c2ad769: start f5ec0973-3ea4-44f3-b934-b5b86c2ad769@group-000ACE107383-LeaderElection2
2022-07-12 23:20:20,918 [f5ec0973-3ea4-44f3-b934-b5b86c2ad769@group-000ACE107383-LeaderElection2] INFO  impl.LeaderElection (LeaderElection.java:askForVotes(310)) - f5ec0973-3ea4-44f3-b934-b5b86c2ad769@group-000ACE107383-LeaderElection2 ELECTION round 0: submit vote requests at term 1 for -1: [f5ec0973-3ea4-44f3-b934-b5b86c2ad769|rpc:10.1.0.13:36411|priority:1], old=null
2022-07-12 23:20:20,918 [f5ec0973-3ea4-44f3-b934-b5b86c2ad769@group-000ACE107383-LeaderElection2] INFO  impl.LeaderElection (LeaderElection.java:askForVotes(312)) - f5ec0973-3ea4-44f3-b934-b5b86c2ad769@group-000ACE107383-LeaderElection2 ELECTION round 0: result PASSED (term=1)
2022-07-12 23:20:20,918 [f5ec0973-3ea4-44f3-b934-b5b86c2ad769@group-000ACE107383-LeaderElection2] INFO  impl.RoleInfo (RoleInfo.java:shutdownLeaderElection(130)) - f5ec0973-3ea4-44f3-b934-b5b86c2ad769: shutdown f5ec0973-3ea4-44f3-b934-b5b86c2ad769@group-000ACE107383-LeaderElection2
2022-07-12 23:20:20,918 [f5ec0973-3ea4-44f3-b934-b5b86c2ad769@group-000ACE107383-LeaderElection2] INFO  server.RaftServer$Division (RaftServerImpl.java:setRole(299)) - f5ec0973-3ea4-44f3-b934-b5b86c2ad769@group-000ACE107383: changes role from CANDIDATE to LEADER at term 1 for changeToLeader
2022-07-12 23:20:20,918 [f5ec0973-3ea4-44f3-b934-b5b86c2ad769@group-000ACE107383-LeaderElection2] INFO  ratis.XceiverServerRatis (XceiverServerRatis.java:handleLeaderChangedNotification(863)) - Leader change notification received for group: group-000ACE107383 with new leaderId: f5ec0973-3ea4-44f3-b934-b5b86c2ad769
2022-07-12 23:20:20,919 [f5ec0973-3ea4-44f3-b934-b5b86c2ad769@group-000ACE107383-LeaderElection2] INFO  server.RaftServer$Division (ServerState.java:setLeader(287)) - f5ec0973-3ea4-44f3-b934-b5b86c2ad769@group-000ACE107383: change Leader from null to f5ec0973-3ea4-44f3-b934-b5b86c2ad769 at term 1 for becomeLeader, leader elected after 5051ms
2022-07-12 23:20:20,919 [f5ec0973-3ea4-44f3-b934-b5b86c2ad769@group-000ACE107383-LeaderElection2] INFO  server.RaftServerConfigKeys (ConfUtils.java:logGet(46)) - raft.server.staging.catchup.gap = 1000 (default)
2022-07-12 23:20:20,919 [f5ec0973-3ea4-44f3-b934-b5b86c2ad769@group-000ACE107383-LeaderElection2] INFO  server.RaftServerConfigKeys (ConfUtils.java:logGet(46)) - raft.server.write.element-limit = 1024 (custom)
2022-07-12 23:20:20,919 [f5ec0973-3ea4-44f3-b934-b5b86c2ad769@group-000ACE107383-LeaderElection2] INFO  server.RaftServerConfigKeys (ConfUtils.java:logGet(46)) - raft.server.write.byte-limit = 1024 M (=1073741824) (custom)
2022-07-12 23:20:20,919 [f5ec0973-3ea4-44f3-b934-b5b86c2ad769@group-000ACE107383-LeaderElection2] INFO  server.RaftServerConfigKeys (ConfUtils.java:logGet(46)) - raft.server.watch.timeout = 180s (custom)
2022-07-12 23:20:20,919 [f5ec0973-3ea4-44f3-b934-b5b86c2ad769@group-000ACE107383-LeaderElection2] INFO  server.RaftServerConfigKeys (ConfUtils.java:logGet(46)) - raft.server.watch.timeout.denomination = 1s (default)
2022-07-12 23:20:20,920 [f5ec0973-3ea4-44f3-b934-b5b86c2ad769@group-000ACE107383-LeaderElection2] INFO  server.RaftServerConfigKeys (ConfUtils.java:logGet(46)) - raft.server.watch.element-limit = 65536 (default)
2022-07-12 23:20:20,920 [f5ec0973-3ea4-44f3-b934-b5b86c2ad769@group-000ACE107383-LeaderElection2] INFO  server.RaftServerConfigKeys (ConfUtils.java:logGet(46)) - raft.server.write.element-limit = 1024 (custom)
2022-07-12 23:20:20,920 [f5ec0973-3ea4-44f3-b934-b5b86c2ad769@group-000ACE107383-LeaderElection2] INFO  server.RaftServerConfigKeys (ConfUtils.java:logGet(46)) - raft.server.write.follower.gap.ratio.max = -1.0 (default)
2022-07-12 23:20:20,920 [f5ec0973-3ea4-44f3-b934-b5b86c2ad769@group-000ACE107383-LeaderElection2] INFO  impl.RoleInfo (RoleInfo.java:updateAndGet(139)) - f5ec0973-3ea4-44f3-b934-b5b86c2ad769: start f5ec0973-3ea4-44f3-b934-b5b86c2ad769@group-000ACE107383-LeaderStateImpl
2022-07-12 23:20:20,920 [f5ec0973-3ea4-44f3-b934-b5b86c2ad769@group-000ACE107383-LeaderElection2] INFO  segmented.SegmentedRaftLogWorker (SegmentedRaftLogWorker.java:startLogSegment(425)) - f5ec0973-3ea4-44f3-b934-b5b86c2ad769@group-000ACE107383-SegmentedRaftLogWorker: Starting segment from index:0
2022-07-12 23:20:20,924 [f5ec0973-3ea4-44f3-b934-b5b86c2ad769@group-000ACE107383-SegmentedRaftLogWorker] INFO  segmented.SegmentedRaftLogWorker (SegmentedRaftLogWorker.java:execute(629)) - f5ec0973-3ea4-44f3-b934-b5b86c2ad769@group-000ACE107383-SegmentedRaftLogWorker: created new log segment /home/runner/work/ozone/ozone/hadoop-ozone/integration-test/target/test-dir/MiniOzoneClusterImpl-3dc585a6-3f94-454a-8ee9-12af11f98cc9/datanode-0/data/ratis/f387fc05-7d7b-447f-8db1-000ace107383/current/log_inprogress_0
2022-07-12 23:20:20,924 [EventQueue-OpenPipelineForHealthyPipelineSafeModeRule] INFO  safemode.SCMSafeModeManager (HealthyPipelineSafeModeRule.java:process(137)) - SCM in safe mode. Healthy pipelines reported count is 0, required healthy pipeline reported count is 1
2022-07-12 23:20:20,928 [f5ec0973-3ea4-44f3-b934-b5b86c2ad769@group-000ACE107383-LeaderElection2] INFO  server.RaftServer$Division (ServerState.java:setRaftConf(393)) - f5ec0973-3ea4-44f3-b934-b5b86c2ad769@group-000ACE107383: set configuration 0: [f5ec0973-3ea4-44f3-b934-b5b86c2ad769|rpc:10.1.0.13:36411|dataStream:|priority:1], old=null
2022-07-12 23:20:21,065 [f5ec0973-3ea4-44f3-b934-b5b86c2ad769@group-B7888055A6AD-FollowerState] INFO  impl.FollowerState (FollowerState.java:run(143)) - f5ec0973-3ea4-44f3-b934-b5b86c2ad769@group-B7888055A6AD-FollowerState: change to CANDIDATE, lastRpcElapsedTime:5112307130ns, electionTimeout:5107ms
2022-07-12 23:20:21,066 [f5ec0973-3ea4-44f3-b934-b5b86c2ad769@group-B7888055A6AD-FollowerState] INFO  impl.RoleInfo (RoleInfo.java:shutdownFollowerState(110)) - f5ec0973-3ea4-44f3-b934-b5b86c2ad769: shutdown f5ec0973-3ea4-44f3-b934-b5b86c2ad769@group-B7888055A6AD-FollowerState
2022-07-12 23:20:21,066 [f5ec0973-3ea4-44f3-b934-b5b86c2ad769@group-B7888055A6AD-FollowerState] INFO  server.RaftServer$Division (RaftServerImpl.java:setRole(299)) - f5ec0973-3ea4-44f3-b934-b5b86c2ad769@group-B7888055A6AD: changes role from  FOLLOWER to CANDIDATE at term 0 for changeToCandidate
2022-07-12 23:20:21,067 [f5ec0973-3ea4-44f3-b934-b5b86c2ad769@group-B7888055A6AD-FollowerState] INFO  server.RaftServerConfigKeys (ConfUtils.java:logGet(46)) - raft.server.leaderelection.pre-vote = false (custom)
2022-07-12 23:20:21,067 [f5ec0973-3ea4-44f3-b934-b5b86c2ad769@group-B7888055A6AD-FollowerState] INFO  impl.RoleInfo (RoleInfo.java:updateAndGet(139)) - f5ec0973-3ea4-44f3-b934-b5b86c2ad769: start f5ec0973-3ea4-44f3-b934-b5b86c2ad769@group-B7888055A6AD-LeaderElection3
2022-07-12 23:20:21,071 [f5ec0973-3ea4-44f3-b934-b5b86c2ad769@group-B7888055A6AD-LeaderElection3] INFO  impl.LeaderElection (LeaderElection.java:askForVotes(310)) - f5ec0973-3ea4-44f3-b934-b5b86c2ad769@group-B7888055A6AD-LeaderElection3 ELECTION round 0: submit vote requests at term 1 for -1: [77a98ace-e102-46e5-a474-eb7ed4f4a4ca|rpc:10.1.0.13:44773|priority:1, f5ec0973-3ea4-44f3-b934-b5b86c2ad769|rpc:10.1.0.13:36411|priority:0, 30c4d38c-7dc2-4c52-bffc-86b7b0a91f0d|rpc:10.1.0.13:39527|priority:0], old=null
2022-07-12 23:20:21,106 [grpc-default-executor-0] INFO  server.RaftServer$Division (RaftServerImpl.java:requestVote(1152)) - 30c4d38c-7dc2-4c52-bffc-86b7b0a91f0d@group-B7888055A6AD: receive requestVote(ELECTION, f5ec0973-3ea4-44f3-b934-b5b86c2ad769, group-B7888055A6AD, 1, (t:0, i:0))
2022-07-12 23:20:21,108 [grpc-default-executor-0] INFO  impl.VoteContext (VoteContext.java:log(48)) - 30c4d38c-7dc2-4c52-bffc-86b7b0a91f0d@group-B7888055A6AD-FOLLOWER: accept ELECTION from f5ec0973-3ea4-44f3-b934-b5b86c2ad769: our priority 0 <= candidate's priority 0
2022-07-12 23:20:21,108 [grpc-default-executor-0] INFO  server.RaftServer$Division (RaftServerImpl.java:setRole(299)) - 30c4d38c-7dc2-4c52-bffc-86b7b0a91f0d@group-B7888055A6AD: changes role from  FOLLOWER to FOLLOWER at term 1 for candidate:f5ec0973-3ea4-44f3-b934-b5b86c2ad769
2022-07-12 23:20:21,108 [grpc-default-executor-0] INFO  impl.RoleInfo (RoleInfo.java:shutdownFollowerState(110)) - 30c4d38c-7dc2-4c52-bffc-86b7b0a91f0d: shutdown 30c4d38c-7dc2-4c52-bffc-86b7b0a91f0d@group-B7888055A6AD-FollowerState
2022-07-12 23:20:21,109 [grpc-default-executor-0] INFO  impl.RoleInfo (RoleInfo.java:updateAndGet(139)) - 30c4d38c-7dc2-4c52-bffc-86b7b0a91f0d: start 30c4d38c-7dc2-4c52-bffc-86b7b0a91f0d@group-B7888055A6AD-FollowerState
2022-07-12 23:20:21,109 [30c4d38c-7dc2-4c52-bffc-86b7b0a91f0d@group-B7888055A6AD-FollowerState] INFO  impl.FollowerState (FollowerState.java:run(152)) - 30c4d38c-7dc2-4c52-bffc-86b7b0a91f0d@group-B7888055A6AD-FollowerState was interrupted
2022-07-12 23:20:21,115 [grpc-default-executor-0] INFO  server.RaftServer$Division (RaftServerImpl.java:requestVote(1184)) - 30c4d38c-7dc2-4c52-bffc-86b7b0a91f0d@group-B7888055A6AD replies to ELECTION vote request: f5ec0973-3ea4-44f3-b934-b5b86c2ad769<-30c4d38c-7dc2-4c52-bffc-86b7b0a91f0d#0:OK-t1. Peer's state: 30c4d38c-7dc2-4c52-bffc-86b7b0a91f0d@group-B7888055A6AD:t1, leader=null, voted=f5ec0973-3ea4-44f3-b934-b5b86c2ad769, raftlog=30c4d38c-7dc2-4c52-bffc-86b7b0a91f0d@group-B7888055A6AD-SegmentedRaftLog:OPENED:c-1, conf=-1: [77a98ace-e102-46e5-a474-eb7ed4f4a4ca|rpc:10.1.0.13:44773|dataStream:|priority:1, f5ec0973-3ea4-44f3-b934-b5b86c2ad769|rpc:10.1.0.13:36411|dataStream:|priority:0, 30c4d38c-7dc2-4c52-bffc-86b7b0a91f0d|rpc:10.1.0.13:39527|dataStream:|priority:0], old=null
2022-07-12 23:20:21,116 [grpc-default-executor-1] INFO  server.RaftServer$Division (RaftServerImpl.java:requestVote(1152)) - 77a98ace-e102-46e5-a474-eb7ed4f4a4ca@group-B7888055A6AD: receive requestVote(ELECTION, f5ec0973-3ea4-44f3-b934-b5b86c2ad769, group-B7888055A6AD, 1, (t:0, i:0))
2022-07-12 23:20:21,116 [grpc-default-executor-1] INFO  impl.VoteContext (VoteContext.java:log(48)) - 77a98ace-e102-46e5-a474-eb7ed4f4a4ca@group-B7888055A6AD-FOLLOWER: reject ELECTION from f5ec0973-3ea4-44f3-b934-b5b86c2ad769: our priority 1 > candidate's priority 0
2022-07-12 23:20:21,117 [grpc-default-executor-1] INFO  server.RaftServer$Division (RaftServerImpl.java:setRole(299)) - 77a98ace-e102-46e5-a474-eb7ed4f4a4ca@group-B7888055A6AD: changes role from  FOLLOWER to FOLLOWER at term 1 for candidate:f5ec0973-3ea4-44f3-b934-b5b86c2ad769
2022-07-12 23:20:21,117 [grpc-default-executor-1] INFO  impl.RoleInfo (RoleInfo.java:shutdownFollowerState(110)) - 77a98ace-e102-46e5-a474-eb7ed4f4a4ca: shutdown 77a98ace-e102-46e5-a474-eb7ed4f4a4ca@group-B7888055A6AD-FollowerState
2022-07-12 23:20:21,117 [grpc-default-executor-1] INFO  impl.RoleInfo (RoleInfo.java:updateAndGet(139)) - 77a98ace-e102-46e5-a474-eb7ed4f4a4ca: start 77a98ace-e102-46e5-a474-eb7ed4f4a4ca@group-B7888055A6AD-FollowerState
2022-07-12 23:20:21,117 [77a98ace-e102-46e5-a474-eb7ed4f4a4ca@group-B7888055A6AD-FollowerState] INFO  impl.FollowerState (FollowerState.java:run(152)) - 77a98ace-e102-46e5-a474-eb7ed4f4a4ca@group-B7888055A6AD-FollowerState was interrupted
2022-07-12 23:20:21,122 [grpc-default-executor-1] INFO  server.RaftServer$Division (RaftServerImpl.java:requestVote(1184)) - 77a98ace-e102-46e5-a474-eb7ed4f4a4ca@group-B7888055A6AD replies to ELECTION vote request: f5ec0973-3ea4-44f3-b934-b5b86c2ad769<-77a98ace-e102-46e5-a474-eb7ed4f4a4ca#0:FAIL-t1. Peer's state: 77a98ace-e102-46e5-a474-eb7ed4f4a4ca@group-B7888055A6AD:t1, leader=null, voted=null, raftlog=77a98ace-e102-46e5-a474-eb7ed4f4a4ca@group-B7888055A6AD-SegmentedRaftLog:OPENED:c-1, conf=-1: [77a98ace-e102-46e5-a474-eb7ed4f4a4ca|rpc:10.1.0.13:44773|priority:1, f5ec0973-3ea4-44f3-b934-b5b86c2ad769|rpc:10.1.0.13:36411|priority:0, 30c4d38c-7dc2-4c52-bffc-86b7b0a91f0d|rpc:10.1.0.13:39527|priority:0], old=null
2022-07-12 23:20:21,124 [f5ec0973-3ea4-44f3-b934-b5b86c2ad769@group-B7888055A6AD-LeaderElection3] INFO  impl.LeaderElection (LeaderElection.java:logAndReturn(90)) - f5ec0973-3ea4-44f3-b934-b5b86c2ad769@group-B7888055A6AD-LeaderElection3: ELECTION REJECTED received 2 response(s) and 0 exception(s):
2022-07-12 23:20:21,124 [f5ec0973-3ea4-44f3-b934-b5b86c2ad769@group-B7888055A6AD-LeaderElection3] INFO  impl.LeaderElection (LeaderElection.java:logAndReturn(94)) -   Response 0: f5ec0973-3ea4-44f3-b934-b5b86c2ad769<-77a98ace-e102-46e5-a474-eb7ed4f4a4ca#0:FAIL-t1
2022-07-12 23:20:21,125 [f5ec0973-3ea4-44f3-b934-b5b86c2ad769@group-B7888055A6AD-LeaderElection3] INFO  impl.LeaderElection (LeaderElection.java:logAndReturn(94)) -   Response 1: f5ec0973-3ea4-44f3-b934-b5b86c2ad769<-30c4d38c-7dc2-4c52-bffc-86b7b0a91f0d#0:OK-t1
2022-07-12 23:20:21,125 [f5ec0973-3ea4-44f3-b934-b5b86c2ad769@group-B7888055A6AD-LeaderElection3] INFO  impl.LeaderElection (LeaderElection.java:askForVotes(312)) - f5ec0973-3ea4-44f3-b934-b5b86c2ad769@group-B7888055A6AD-LeaderElection3 ELECTION round 0: result REJECTED
2022-07-12 23:20:21,125 [f5ec0973-3ea4-44f3-b934-b5b86c2ad769@group-B7888055A6AD-LeaderElection3] INFO  server.RaftServer$Division (RaftServerImpl.java:setRole(299)) - f5ec0973-3ea4-44f3-b934-b5b86c2ad769@group-B7888055A6AD: changes role from CANDIDATE to FOLLOWER at term 1 for REJECTED
2022-07-12 23:20:21,125 [f5ec0973-3ea4-44f3-b934-b5b86c2ad769@group-B7888055A6AD-LeaderElection3] INFO  impl.RoleInfo (RoleInfo.java:shutdownLeaderElection(130)) - f5ec0973-3ea4-44f3-b934-b5b86c2ad769: shutdown f5ec0973-3ea4-44f3-b934-b5b86c2ad769@group-B7888055A6AD-LeaderElection3
2022-07-12 23:20:21,125 [f5ec0973-3ea4-44f3-b934-b5b86c2ad769@group-B7888055A6AD-LeaderElection3] INFO  impl.RoleInfo (RoleInfo.java:updateAndGet(139)) - f5ec0973-3ea4-44f3-b934-b5b86c2ad769: start f5ec0973-3ea4-44f3-b934-b5b86c2ad769@group-B7888055A6AD-FollowerState
2022-07-12 23:20:21,301 [Listener at 127.0.0.1/35283] INFO  ozone.MiniOzoneClusterImpl (MiniOzoneClusterImpl.java:lambda$waitForClusterToBeReady$0(216)) - Nodes are ready. Got 5 of 5 DN Heartbeats.
2022-07-12 23:20:21,302 [Listener at 127.0.0.1/35283] INFO  ozone.MiniOzoneClusterImpl (MiniOzoneClusterImpl.java:lambda$waitForClusterToBeReady$0(219)) - Waiting for cluster to exit safe mode
2022-07-12 23:20:21,302 [Listener at 127.0.0.1/35283] INFO  ozone.MiniOzoneClusterImpl (MiniOzoneClusterImpl.java:lambda$waitForClusterToBeReady$0(221)) - SCM became leader
2022-07-12 23:20:21,609 [77a98ace-e102-46e5-a474-eb7ed4f4a4ca@group-6103BBB8C4DE-FollowerState] INFO  impl.FollowerState (FollowerState.java:run(143)) - 77a98ace-e102-46e5-a474-eb7ed4f4a4ca@group-6103BBB8C4DE-FollowerState: change to CANDIDATE, lastRpcElapsedTime:5176980900ns, electionTimeout:5164ms
2022-07-12 23:20:21,610 [77a98ace-e102-46e5-a474-eb7ed4f4a4ca@group-6103BBB8C4DE-FollowerState] INFO  impl.RoleInfo (RoleInfo.java:shutdownFollowerState(110)) - 77a98ace-e102-46e5-a474-eb7ed4f4a4ca: shutdown 77a98ace-e102-46e5-a474-eb7ed4f4a4ca@group-6103BBB8C4DE-FollowerState
2022-07-12 23:20:21,610 [77a98ace-e102-46e5-a474-eb7ed4f4a4ca@group-6103BBB8C4DE-FollowerState] INFO  server.RaftServer$Division (RaftServerImpl.java:setRole(299)) - 77a98ace-e102-46e5-a474-eb7ed4f4a4ca@group-6103BBB8C4DE: changes role from  FOLLOWER to CANDIDATE at term 0 for changeToCandidate
2022-07-12 23:20:21,610 [77a98ace-e102-46e5-a474-eb7ed4f4a4ca@group-6103BBB8C4DE-FollowerState] INFO  server.RaftServerConfigKeys (ConfUtils.java:logGet(46)) - raft.server.leaderelection.pre-vote = false (custom)
2022-07-12 23:20:21,610 [77a98ace-e102-46e5-a474-eb7ed4f4a4ca@group-6103BBB8C4DE-FollowerState] INFO  impl.RoleInfo (RoleInfo.java:updateAndGet(139)) - 77a98ace-e102-46e5-a474-eb7ed4f4a4ca: start 77a98ace-e102-46e5-a474-eb7ed4f4a4ca@group-6103BBB8C4DE-LeaderElection4
2022-07-12 23:20:21,614 [77a98ace-e102-46e5-a474-eb7ed4f4a4ca@group-6103BBB8C4DE-LeaderElection4] INFO  impl.LeaderElection (LeaderElection.java:askForVotes(310)) - 77a98ace-e102-46e5-a474-eb7ed4f4a4ca@group-6103BBB8C4DE-LeaderElection4 ELECTION round 0: submit vote requests at term 1 for -1: [77a98ace-e102-46e5-a474-eb7ed4f4a4ca|rpc:10.1.0.13:44773|priority:1], old=null
2022-07-12 23:20:21,614 [77a98ace-e102-46e5-a474-eb7ed4f4a4ca@group-6103BBB8C4DE-LeaderElection4] INFO  impl.LeaderElection (LeaderElection.java:askForVotes(312)) - 77a98ace-e102-46e5-a474-eb7ed4f4a4ca@group-6103BBB8C4DE-LeaderElection4 ELECTION round 0: result PASSED (term=1)
2022-07-12 23:20:21,614 [77a98ace-e102-46e5-a474-eb7ed4f4a4ca@group-6103BBB8C4DE-LeaderElection4] INFO  impl.RoleInfo (RoleInfo.java:shutdownLeaderElection(130)) - 77a98ace-e102-46e5-a474-eb7ed4f4a4ca: shutdown 77a98ace-e102-46e5-a474-eb7ed4f4a4ca@group-6103BBB8C4DE-LeaderElection4
2022-07-12 23:20:21,614 [77a98ace-e102-46e5-a474-eb7ed4f4a4ca@group-6103BBB8C4DE-LeaderElection4] INFO  server.RaftServer$Division (RaftServerImpl.java:setRole(299)) - 77a98ace-e102-46e5-a474-eb7ed4f4a4ca@group-6103BBB8C4DE: changes role from CANDIDATE to LEADER at term 1 for changeToLeader
2022-07-12 23:20:21,614 [77a98ace-e102-46e5-a474-eb7ed4f4a4ca@group-6103BBB8C4DE-LeaderElection4] INFO  ratis.XceiverServerRatis (XceiverServerRatis.java:handleLeaderChangedNotification(863)) - Leader change notification received for group: group-6103BBB8C4DE with new leaderId: 77a98ace-e102-46e5-a474-eb7ed4f4a4ca
2022-07-12 23:20:21,615 [77a98ace-e102-46e5-a474-eb7ed4f4a4ca@group-6103BBB8C4DE-LeaderElection4] INFO  server.RaftServer$Division (ServerState.java:setLeader(287)) - 77a98ace-e102-46e5-a474-eb7ed4f4a4ca@group-6103BBB8C4DE: change Leader from null to 77a98ace-e102-46e5-a474-eb7ed4f4a4ca at term 1 for becomeLeader, leader elected after 5202ms
2022-07-12 23:20:21,617 [EventQueue-OpenPipelineForHealthyPipelineSafeModeRule] INFO  safemode.SCMSafeModeManager (HealthyPipelineSafeModeRule.java:process(137)) - SCM in safe mode. Healthy pipelines reported count is 0, required healthy pipeline reported count is 1
2022-07-12 23:20:21,617 [77a98ace-e102-46e5-a474-eb7ed4f4a4ca@group-6103BBB8C4DE-LeaderElection4] INFO  server.RaftServerConfigKeys (ConfUtils.java:logGet(46)) - raft.server.staging.catchup.gap = 1000 (default)
2022-07-12 23:20:21,618 [77a98ace-e102-46e5-a474-eb7ed4f4a4ca@group-6103BBB8C4DE-LeaderElection4] INFO  server.RaftServerConfigKeys (ConfUtils.java:logGet(46)) - raft.server.write.element-limit = 1024 (custom)
2022-07-12 23:20:21,618 [77a98ace-e102-46e5-a474-eb7ed4f4a4ca@group-6103BBB8C4DE-LeaderElection4] INFO  server.RaftServerConfigKeys (ConfUtils.java:logGet(46)) - raft.server.write.byte-limit = 1024 M (=1073741824) (custom)
2022-07-12 23:20:21,619 [77a98ace-e102-46e5-a474-eb7ed4f4a4ca@group-6103BBB8C4DE-LeaderElection4] INFO  server.RaftServerConfigKeys (ConfUtils.java:logGet(46)) - raft.server.watch.timeout = 180s (custom)
2022-07-12 23:20:21,619 [77a98ace-e102-46e5-a474-eb7ed4f4a4ca@group-6103BBB8C4DE-LeaderElection4] INFO  server.RaftServerConfigKeys (ConfUtils.java:logGet(46)) - raft.server.watch.timeout.denomination = 1s (default)
2022-07-12 23:20:21,619 [77a98ace-e102-46e5-a474-eb7ed4f4a4ca@group-6103BBB8C4DE-LeaderElection4] INFO  server.RaftServerConfigKeys (ConfUtils.java:logGet(46)) - raft.server.watch.element-limit = 65536 (default)
2022-07-12 23:20:21,619 [77a98ace-e102-46e5-a474-eb7ed4f4a4ca@group-6103BBB8C4DE-LeaderElection4] INFO  server.RaftServerConfigKeys (ConfUtils.java:logGet(46)) - raft.server.write.element-limit = 1024 (custom)
2022-07-12 23:20:21,619 [77a98ace-e102-46e5-a474-eb7ed4f4a4ca@group-6103BBB8C4DE-LeaderElection4] INFO  server.RaftServerConfigKeys (ConfUtils.java:logGet(46)) - raft.server.write.follower.gap.ratio.max = -1.0 (default)
2022-07-12 23:20:21,619 [77a98ace-e102-46e5-a474-eb7ed4f4a4ca@group-6103BBB8C4DE-LeaderElection4] INFO  impl.RoleInfo (RoleInfo.java:updateAndGet(139)) - 77a98ace-e102-46e5-a474-eb7ed4f4a4ca: start 77a98ace-e102-46e5-a474-eb7ed4f4a4ca@group-6103BBB8C4DE-LeaderStateImpl
2022-07-12 23:20:21,619 [77a98ace-e102-46e5-a474-eb7ed4f4a4ca@group-6103BBB8C4DE-LeaderElection4] INFO  segmented.SegmentedRaftLogWorker (SegmentedRaftLogWorker.java:startLogSegment(425)) - 77a98ace-e102-46e5-a474-eb7ed4f4a4ca@group-6103BBB8C4DE-SegmentedRaftLogWorker: Starting segment from index:0
2022-07-12 23:20:21,621 [77a98ace-e102-46e5-a474-eb7ed4f4a4ca@group-6103BBB8C4DE-LeaderElection4] INFO  server.RaftServer$Division (ServerState.java:setRaftConf(393)) - 77a98ace-e102-46e5-a474-eb7ed4f4a4ca@group-6103BBB8C4DE: set configuration 0: [77a98ace-e102-46e5-a474-eb7ed4f4a4ca|rpc:10.1.0.13:44773|dataStream:|priority:1], old=null
2022-07-12 23:20:21,621 [77a98ace-e102-46e5-a474-eb7ed4f4a4ca@group-6103BBB8C4DE-SegmentedRaftLogWorker] INFO  segmented.SegmentedRaftLogWorker (SegmentedRaftLogWorker.java:execute(629)) - 77a98ace-e102-46e5-a474-eb7ed4f4a4ca@group-6103BBB8C4DE-SegmentedRaftLogWorker: created new log segment /home/runner/work/ozone/ozone/hadoop-ozone/integration-test/target/test-dir/MiniOzoneClusterImpl-3dc585a6-3f94-454a-8ee9-12af11f98cc9/datanode-1/data/ratis/59440cdf-f6d8-47da-9f39-6103bbb8c4de/current/log_inprogress_0
2022-07-12 23:20:21,724 [f5ec0973-3ea4-44f3-b934-b5b86c2ad769@group-A5FB98469E93-FollowerState] INFO  impl.FollowerState (FollowerState.java:run(143)) - f5ec0973-3ea4-44f3-b934-b5b86c2ad769@group-A5FB98469E93-FollowerState: change to CANDIDATE, lastRpcElapsedTime:5034546732ns, electionTimeout:5025ms
2022-07-12 23:20:21,725 [f5ec0973-3ea4-44f3-b934-b5b86c2ad769@group-A5FB98469E93-FollowerState] INFO  impl.RoleInfo (RoleInfo.java:shutdownFollowerState(110)) - f5ec0973-3ea4-44f3-b934-b5b86c2ad769: shutdown f5ec0973-3ea4-44f3-b934-b5b86c2ad769@group-A5FB98469E93-FollowerState
2022-07-12 23:20:21,725 [f5ec0973-3ea4-44f3-b934-b5b86c2ad769@group-A5FB98469E93-FollowerState] INFO  server.RaftServer$Division (RaftServerImpl.java:setRole(299)) - f5ec0973-3ea4-44f3-b934-b5b86c2ad769@group-A5FB98469E93: changes role from  FOLLOWER to CANDIDATE at term 0 for changeToCandidate
2022-07-12 23:20:21,725 [f5ec0973-3ea4-44f3-b934-b5b86c2ad769@group-A5FB98469E93-FollowerState] INFO  server.RaftServerConfigKeys (ConfUtils.java:logGet(46)) - raft.server.leaderelection.pre-vote = false (custom)
2022-07-12 23:20:21,725 [f5ec0973-3ea4-44f3-b934-b5b86c2ad769@group-A5FB98469E93-FollowerState] INFO  impl.RoleInfo (RoleInfo.java:updateAndGet(139)) - f5ec0973-3ea4-44f3-b934-b5b86c2ad769: start f5ec0973-3ea4-44f3-b934-b5b86c2ad769@group-A5FB98469E93-LeaderElection5
2022-07-12 23:20:21,728 [f5ec0973-3ea4-44f3-b934-b5b86c2ad769@group-A5FB98469E93-LeaderElection5] INFO  impl.LeaderElection (LeaderElection.java:askForVotes(310)) - f5ec0973-3ea4-44f3-b934-b5b86c2ad769@group-A5FB98469E93-LeaderElection5 ELECTION round 0: submit vote requests at term 1 for -1: [77a98ace-e102-46e5-a474-eb7ed4f4a4ca|rpc:10.1.0.13:44773|priority:0, f5ec0973-3ea4-44f3-b934-b5b86c2ad769|rpc:10.1.0.13:36411|priority:1, 30c4d38c-7dc2-4c52-bffc-86b7b0a91f0d|rpc:10.1.0.13:39527|priority:0], old=null
2022-07-12 23:20:21,737 [grpc-default-executor-1] INFO  server.RaftServer$Division (RaftServerImpl.java:requestVote(1152)) - 77a98ace-e102-46e5-a474-eb7ed4f4a4ca@group-A5FB98469E93: receive requestVote(ELECTION, f5ec0973-3ea4-44f3-b934-b5b86c2ad769, group-A5FB98469E93, 1, (t:0, i:0))
2022-07-12 23:20:21,737 [grpc-default-executor-1] INFO  impl.VoteContext (VoteContext.java:log(48)) - 77a98ace-e102-46e5-a474-eb7ed4f4a4ca@group-A5FB98469E93-FOLLOWER: accept ELECTION from f5ec0973-3ea4-44f3-b934-b5b86c2ad769: our priority 0 <= candidate's priority 1
2022-07-12 23:20:21,737 [grpc-default-executor-1] INFO  server.RaftServer$Division (RaftServerImpl.java:setRole(299)) - 77a98ace-e102-46e5-a474-eb7ed4f4a4ca@group-A5FB98469E93: changes role from  FOLLOWER to FOLLOWER at term 1 for candidate:f5ec0973-3ea4-44f3-b934-b5b86c2ad769
2022-07-12 23:20:21,738 [grpc-default-executor-1] INFO  impl.RoleInfo (RoleInfo.java:shutdownFollowerState(110)) - 77a98ace-e102-46e5-a474-eb7ed4f4a4ca: shutdown 77a98ace-e102-46e5-a474-eb7ed4f4a4ca@group-A5FB98469E93-FollowerState
2022-07-12 23:20:21,738 [grpc-default-executor-1] INFO  impl.RoleInfo (RoleInfo.java:updateAndGet(139)) - 77a98ace-e102-46e5-a474-eb7ed4f4a4ca: start 77a98ace-e102-46e5-a474-eb7ed4f4a4ca@group-A5FB98469E93-FollowerState
2022-07-12 23:20:21,738 [77a98ace-e102-46e5-a474-eb7ed4f4a4ca@group-A5FB98469E93-FollowerState] INFO  impl.FollowerState (FollowerState.java:run(152)) - 77a98ace-e102-46e5-a474-eb7ed4f4a4ca@group-A5FB98469E93-FollowerState was interrupted
2022-07-12 23:20:21,740 [grpc-default-executor-0] INFO  server.RaftServer$Division (RaftServerImpl.java:requestVote(1152)) - 30c4d38c-7dc2-4c52-bffc-86b7b0a91f0d@group-A5FB98469E93: receive requestVote(ELECTION, f5ec0973-3ea4-44f3-b934-b5b86c2ad769, group-A5FB98469E93, 1, (t:0, i:0))
2022-07-12 23:20:21,740 [grpc-default-executor-0] INFO  impl.VoteContext (VoteContext.java:log(48)) - 30c4d38c-7dc2-4c52-bffc-86b7b0a91f0d@group-A5FB98469E93-FOLLOWER: accept ELECTION from f5ec0973-3ea4-44f3-b934-b5b86c2ad769: our priority 0 <= candidate's priority 1
2022-07-12 23:20:21,740 [grpc-default-executor-0] INFO  server.RaftServer$Division (RaftServerImpl.java:setRole(299)) - 30c4d38c-7dc2-4c52-bffc-86b7b0a91f0d@group-A5FB98469E93: changes role from  FOLLOWER to FOLLOWER at term 1 for candidate:f5ec0973-3ea4-44f3-b934-b5b86c2ad769
2022-07-12 23:20:21,740 [grpc-default-executor-0] INFO  impl.RoleInfo (RoleInfo.java:shutdownFollowerState(110)) - 30c4d38c-7dc2-4c52-bffc-86b7b0a91f0d: shutdown 30c4d38c-7dc2-4c52-bffc-86b7b0a91f0d@group-A5FB98469E93-FollowerState
2022-07-12 23:20:21,740 [grpc-default-executor-0] INFO  impl.RoleInfo (RoleInfo.java:updateAndGet(139)) - 30c4d38c-7dc2-4c52-bffc-86b7b0a91f0d: start 30c4d38c-7dc2-4c52-bffc-86b7b0a91f0d@group-A5FB98469E93-FollowerState
2022-07-12 23:20:21,740 [30c4d38c-7dc2-4c52-bffc-86b7b0a91f0d@group-A5FB98469E93-FollowerState] INFO  impl.FollowerState (FollowerState.java:run(152)) - 30c4d38c-7dc2-4c52-bffc-86b7b0a91f0d@group-A5FB98469E93-FollowerState was interrupted
2022-07-12 23:20:21,746 [grpc-default-executor-1] INFO  server.RaftServer$Division (RaftServerImpl.java:requestVote(1184)) - 77a98ace-e102-46e5-a474-eb7ed4f4a4ca@group-A5FB98469E93 replies to ELECTION vote request: f5ec0973-3ea4-44f3-b934-b5b86c2ad769<-77a98ace-e102-46e5-a474-eb7ed4f4a4ca#0:OK-t1. Peer's state: 77a98ace-e102-46e5-a474-eb7ed4f4a4ca@group-A5FB98469E93:t1, leader=null, voted=f5ec0973-3ea4-44f3-b934-b5b86c2ad769, raftlog=77a98ace-e102-46e5-a474-eb7ed4f4a4ca@group-A5FB98469E93-SegmentedRaftLog:OPENED:c-1, conf=-1: [77a98ace-e102-46e5-a474-eb7ed4f4a4ca|rpc:10.1.0.13:44773|priority:0, f5ec0973-3ea4-44f3-b934-b5b86c2ad769|rpc:10.1.0.13:36411|priority:1, 30c4d38c-7dc2-4c52-bffc-86b7b0a91f0d|rpc:10.1.0.13:39527|priority:0], old=null
2022-07-12 23:20:21,747 [f5ec0973-3ea4-44f3-b934-b5b86c2ad769@group-A5FB98469E93-LeaderElection5] INFO  impl.LeaderElection (LeaderElection.java:logAndReturn(90)) - f5ec0973-3ea4-44f3-b934-b5b86c2ad769@group-A5FB98469E93-LeaderElection5: ELECTION PASSED received 1 response(s) and 0 exception(s):
2022-07-12 23:20:21,747 [f5ec0973-3ea4-44f3-b934-b5b86c2ad769@group-A5FB98469E93-LeaderElection5] INFO  impl.LeaderElection (LeaderElection.java:logAndReturn(94)) -   Response 0: f5ec0973-3ea4-44f3-b934-b5b86c2ad769<-77a98ace-e102-46e5-a474-eb7ed4f4a4ca#0:OK-t1
2022-07-12 23:20:21,748 [f5ec0973-3ea4-44f3-b934-b5b86c2ad769@group-A5FB98469E93-LeaderElection5] INFO  impl.LeaderElection (LeaderElection.java:askForVotes(312)) - f5ec0973-3ea4-44f3-b934-b5b86c2ad769@group-A5FB98469E93-LeaderElection5 ELECTION round 0: result PASSED
2022-07-12 23:20:21,748 [f5ec0973-3ea4-44f3-b934-b5b86c2ad769@group-A5FB98469E93-LeaderElection5] INFO  impl.RoleInfo (RoleInfo.java:shutdownLeaderElection(130)) - f5ec0973-3ea4-44f3-b934-b5b86c2ad769: shutdown f5ec0973-3ea4-44f3-b934-b5b86c2ad769@group-A5FB98469E93-LeaderElection5
2022-07-12 23:20:21,748 [f5ec0973-3ea4-44f3-b934-b5b86c2ad769@group-A5FB98469E93-LeaderElection5] INFO  server.RaftServer$Division (RaftServerImpl.java:setRole(299)) - f5ec0973-3ea4-44f3-b934-b5b86c2ad769@group-A5FB98469E93: changes role from CANDIDATE to LEADER at term 1 for changeToLeader
2022-07-12 23:20:21,748 [f5ec0973-3ea4-44f3-b934-b5b86c2ad769@group-A5FB98469E93-LeaderElection5] INFO  ratis.XceiverServerRatis (XceiverServerRatis.java:handleLeaderChangedNotification(863)) - Leader change notification received for group: group-A5FB98469E93 with new leaderId: f5ec0973-3ea4-44f3-b934-b5b86c2ad769
2022-07-12 23:20:21,749 [f5ec0973-3ea4-44f3-b934-b5b86c2ad769@group-A5FB98469E93-LeaderElection5] INFO  server.RaftServer$Division (ServerState.java:setLeader(287)) - f5ec0973-3ea4-44f3-b934-b5b86c2ad769@group-A5FB98469E93: change Leader from null to f5ec0973-3ea4-44f3-b934-b5b86c2ad769 at term 1 for becomeLeader, leader elected after 5085ms
2022-07-12 23:20:21,749 [f5ec0973-3ea4-44f3-b934-b5b86c2ad769@group-A5FB98469E93-LeaderElection5] INFO  server.RaftServerConfigKeys (ConfUtils.java:logGet(46)) - raft.server.staging.catchup.gap = 1000 (default)
2022-07-12 23:20:21,749 [f5ec0973-3ea4-44f3-b934-b5b86c2ad769@group-A5FB98469E93-LeaderElection5] INFO  server.RaftServerConfigKeys (ConfUtils.java:logGet(46)) - raft.server.write.element-limit = 1024 (custom)
2022-07-12 23:20:21,749 [f5ec0973-3ea4-44f3-b934-b5b86c2ad769@group-A5FB98469E93-LeaderElection5] INFO  server.RaftServerConfigKeys (ConfUtils.java:logGet(46)) - raft.server.write.byte-limit = 1024 M (=1073741824) (custom)
2022-07-12 23:20:21,749 [f5ec0973-3ea4-44f3-b934-b5b86c2ad769@group-A5FB98469E93-LeaderElection5] INFO  server.RaftServerConfigKeys (ConfUtils.java:logGet(46)) - raft.server.watch.timeout = 180s (custom)
2022-07-12 23:20:21,749 [f5ec0973-3ea4-44f3-b934-b5b86c2ad769@group-A5FB98469E93-LeaderElection5] INFO  server.RaftServerConfigKeys (ConfUtils.java:logGet(46)) - raft.server.watch.timeout.denomination = 1s (default)
2022-07-12 23:20:21,749 [f5ec0973-3ea4-44f3-b934-b5b86c2ad769@group-A5FB98469E93-LeaderElection5] INFO  server.RaftServerConfigKeys (ConfUtils.java:logGet(46)) - raft.server.watch.element-limit = 65536 (default)
2022-07-12 23:20:21,750 [f5ec0973-3ea4-44f3-b934-b5b86c2ad769@group-A5FB98469E93-LeaderElection5] INFO  server.RaftServerConfigKeys (ConfUtils.java:logGet(46)) - raft.server.write.element-limit = 1024 (custom)
2022-07-12 23:20:21,750 [f5ec0973-3ea4-44f3-b934-b5b86c2ad769@group-A5FB98469E93-LeaderElection5] INFO  server.RaftServerConfigKeys (ConfUtils.java:logGet(46)) - raft.server.write.follower.gap.ratio.max = -1.0 (default)
2022-07-12 23:20:21,748 [grpc-default-executor-0] INFO  server.RaftServer$Division (RaftServerImpl.java:requestVote(1184)) - 30c4d38c-7dc2-4c52-bffc-86b7b0a91f0d@group-A5FB98469E93 replies to ELECTION vote request: f5ec0973-3ea4-44f3-b934-b5b86c2ad769<-30c4d38c-7dc2-4c52-bffc-86b7b0a91f0d#0:OK-t1. Peer's state: 30c4d38c-7dc2-4c52-bffc-86b7b0a91f0d@group-A5FB98469E93:t1, leader=null, voted=f5ec0973-3ea4-44f3-b934-b5b86c2ad769, raftlog=30c4d38c-7dc2-4c52-bffc-86b7b0a91f0d@group-A5FB98469E93-SegmentedRaftLog:OPENED:c-1, conf=-1: [77a98ace-e102-46e5-a474-eb7ed4f4a4ca|rpc:10.1.0.13:44773|priority:0, f5ec0973-3ea4-44f3-b934-b5b86c2ad769|rpc:10.1.0.13:36411|priority:1, 30c4d38c-7dc2-4c52-bffc-86b7b0a91f0d|rpc:10.1.0.13:39527|priority:0], old=null
2022-07-12 23:20:21,756 [EventQueue-PipelineReportForPipelineReportHandler] INFO  pipeline.PipelineManagerImpl (PipelineManagerImpl.java:openPipeline(367)) - Pipeline Pipeline[ Id: c502a4ff-97f2-4597-8003-a5fb98469e93, Nodes: f5ec0973-3ea4-44f3-b934-b5b86c2ad769{ip: 10.1.0.13, host: fv-az46-473.aox2mo1hufxu3kclv1weif3kjc.bx.internal.cloudapp.net, ports: [REPLICATION=33037, RATIS=36411, RATIS_ADMIN=36411, RATIS_SERVER=36411, STANDALONE=45317], networkLocation: /default-rack, certSerialId: null, persistedOpState: IN_SERVICE, persistedOpStateExpiryEpochSec: 0}30c4d38c-7dc2-4c52-bffc-86b7b0a91f0d{ip: 10.1.0.13, host: fv-az46-473.aox2mo1hufxu3kclv1weif3kjc.bx.internal.cloudapp.net, ports: [REPLICATION=44607, RATIS=39527, RATIS_ADMIN=39527, RATIS_SERVER=39527, STANDALONE=41465], networkLocation: /default-rack, certSerialId: null, persistedOpState: IN_SERVICE, persistedOpStateExpiryEpochSec: 0}77a98ace-e102-46e5-a474-eb7ed4f4a4ca{ip: 10.1.0.13, host: fv-az46-473.aox2mo1hufxu3kclv1weif3kjc.bx.internal.cloudapp.net, ports: [REPLICATION=37105, RATIS=44773, RATIS_ADMIN=44773, RATIS_SERVER=44773, STANDALONE=39209], networkLocation: /default-rack, certSerialId: null, persistedOpState: IN_SERVICE, persistedOpStateExpiryEpochSec: 0}, ReplicationConfig: RATIS/THREE, State:ALLOCATED, leaderId:f5ec0973-3ea4-44f3-b934-b5b86c2ad769, CreationTimestamp2022-07-12T23:20:13.697Z[Etc/UTC]] moved to OPEN state
2022-07-12 23:20:21,757 [EventQueue-OpenPipelineForHealthyPipelineSafeModeRule] INFO  safemode.SCMSafeModeManager (HealthyPipelineSafeModeRule.java:process(137)) - SCM in safe mode. Healthy pipelines reported count is 1, required healthy pipeline reported count is 1
2022-07-12 23:20:21,762 [EventQueue-OpenPipelineForHealthyPipelineSafeModeRule] INFO  safemode.SCMSafeModeManager (SCMSafeModeManager.java:validateSafeModeExitRules(204)) - HealthyPipelineSafeModeRule rule is successfully validated
2022-07-12 23:20:21,762 [EventQueue-OpenPipelineForHealthyPipelineSafeModeRule] INFO  safemode.SCMSafeModeManager (SCMSafeModeManager.java:validateSafeModeExitRules(219)) - ScmSafeModeManager, all rules are successfully validated
2022-07-12 23:20:21,762 [EventQueue-OpenPipelineForHealthyPipelineSafeModeRule] INFO  safemode.SCMSafeModeManager (SCMSafeModeManager.java:exitSafeMode(248)) - SCM exiting safe mode.
2022-07-12 23:20:21,762 [EventQueue-OpenPipelineForHealthyPipelineSafeModeRule] WARN  events.EventQueue (EventQueue.java:fireEvent(216)) - No event handler registered for event TypedEvent{payloadType=SafeModeStatus, name='Safe mode status'}
2022-07-12 23:20:21,762 [EventQueue-OpenPipelineForHealthyPipelineSafeModeRule] INFO  ha.SCMContext (SCMContext.java:updateSafeModeStatus(228)) - Update SafeModeStatus from SafeModeStatus{safeModeStatus=true, preCheckPassed=true} to SafeModeStatus{safeModeStatus=false, preCheckPassed=true}.
2022-07-12 23:20:21,762 [EventQueue-OpenPipelineForHealthyPipelineSafeModeRule] INFO  pipeline.BackgroundPipelineCreator (BackgroundPipelineCreator.java:notifyStatusChanged(254)) - Service BackgroundPipelineCreator transitions to RUNNING.
2022-07-12 23:20:21,763 [EventQueue-OpenPipelineForHealthyPipelineSafeModeRule] INFO  BackgroundPipelineScrubber (BackgroundSCMService.java:notifyStatusChanged(82)) - Service BackgroundPipelineScrubber transitions to RUNNING.
2022-07-12 23:20:21,763 [EventQueue-OpenPipelineForHealthyPipelineSafeModeRule] INFO  ExpiredContainerReplicaOpScrubber (BackgroundSCMService.java:notifyStatusChanged(82)) - Service ExpiredContainerReplicaOpScrubber transitions to RUNNING.
2022-07-12 23:20:21,763 [EventQueue-OpenPipelineForHealthyPipelineSafeModeRule] INFO  replication.ReplicationManager (ReplicationManager.java:notifyStatusChanged(495)) - Service ReplicationManager transitions to RUNNING.
2022-07-12 23:20:21,763 [EventQueue-OpenPipelineForHealthyPipelineSafeModeRule] WARN  balancer.ContainerBalancer (ContainerBalancer.java:shouldRun(894)) - Could not find persisted configuration for ContainerBalancer when checking if ContainerBalancer should run. ContainerBalancer should not run now.
2022-07-12 23:20:21,764 [f5ec0973-3ea4-44f3-b934-b5b86c2ad769@group-A5FB98469E93-LeaderElection5] INFO  server.RaftServerConfigKeys (ConfUtils.java:logGet(46)) - raft.server.log.appender.snapshot.chunk.size.max = 16MB (=16777216) (default)
2022-07-12 23:20:21,764 [f5ec0973-3ea4-44f3-b934-b5b86c2ad769@group-A5FB98469E93-LeaderElection5] INFO  server.RaftServerConfigKeys (ConfUtils.java:logGet(46)) - raft.server.log.appender.buffer.byte-limit = 33554432 (custom)
2022-07-12 23:20:21,765 [f5ec0973-3ea4-44f3-b934-b5b86c2ad769@group-A5FB98469E93-LeaderElection5] INFO  server.RaftServerConfigKeys (ConfUtils.java:logGet(46)) - raft.server.log.appender.buffer.element-limit = 1 (custom)
2022-07-12 23:20:21,767 [f5ec0973-3ea4-44f3-b934-b5b86c2ad769@group-A5FB98469E93-LeaderElection5] INFO  grpc.GrpcConfigKeys (ConfUtils.java:logGet(46)) - raft.grpc.server.leader.outstanding.appends.max = 128 (default)
2022-07-12 23:20:21,767 [f5ec0973-3ea4-44f3-b934-b5b86c2ad769@group-A5FB98469E93-LeaderElection5] INFO  server.RaftServerConfigKeys (ConfUtils.java:logGet(46)) - raft.server.rpc.request.timeout = 60s (custom)
2022-07-12 23:20:21,767 [f5ec0973-3ea4-44f3-b934-b5b86c2ad769@group-A5FB98469E93-LeaderElection5] INFO  server.RaftServerConfigKeys (ConfUtils.java:logGet(46)) - raft.server.log.appender.install.snapshot.enabled = false (custom)
2022-07-12 23:20:21,769 [f5ec0973-3ea4-44f3-b934-b5b86c2ad769@group-A5FB98469E93-LeaderElection5] INFO  server.RaftServerConfigKeys (ConfUtils.java:logGet(46)) - raft.server.log.appender.snapshot.chunk.size.max = 16MB (=16777216) (default)
2022-07-12 23:20:21,769 [f5ec0973-3ea4-44f3-b934-b5b86c2ad769@group-A5FB98469E93-LeaderElection5] INFO  server.RaftServerConfigKeys (ConfUtils.java:logGet(46)) - raft.server.log.appender.buffer.byte-limit = 33554432 (custom)
2022-07-12 23:20:21,769 [f5ec0973-3ea4-44f3-b934-b5b86c2ad769@group-A5FB98469E93-LeaderElection5] INFO  server.RaftServerConfigKeys (ConfUtils.java:logGet(46)) - raft.server.log.appender.buffer.element-limit = 1 (custom)
2022-07-12 23:20:21,769 [f5ec0973-3ea4-44f3-b934-b5b86c2ad769@group-A5FB98469E93-LeaderElection5] INFO  grpc.GrpcConfigKeys (ConfUtils.java:logGet(46)) - raft.grpc.server.leader.outstanding.appends.max = 128 (default)
2022-07-12 23:20:21,769 [f5ec0973-3ea4-44f3-b934-b5b86c2ad769@group-A5FB98469E93-LeaderElection5] INFO  server.RaftServerConfigKeys (ConfUtils.java:logGet(46)) - raft.server.rpc.request.timeout = 60s (custom)
2022-07-12 23:20:21,769 [f5ec0973-3ea4-44f3-b934-b5b86c2ad769@group-A5FB98469E93-LeaderElection5] INFO  server.RaftServerConfigKeys (ConfUtils.java:logGet(46)) - raft.server.log.appender.install.snapshot.enabled = false (custom)
2022-07-12 23:20:21,770 [f5ec0973-3ea4-44f3-b934-b5b86c2ad769@group-A5FB98469E93-LeaderElection5] INFO  impl.RoleInfo (RoleInfo.java:updateAndGet(139)) - f5ec0973-3ea4-44f3-b934-b5b86c2ad769: start f5ec0973-3ea4-44f3-b934-b5b86c2ad769@group-A5FB98469E93-LeaderStateImpl
2022-07-12 23:20:21,771 [f5ec0973-3ea4-44f3-b934-b5b86c2ad769@group-A5FB98469E93-LeaderElection5] INFO  segmented.SegmentedRaftLogWorker (SegmentedRaftLogWorker.java:startLogSegment(425)) - f5ec0973-3ea4-44f3-b934-b5b86c2ad769@group-A5FB98469E93-SegmentedRaftLogWorker: Starting segment from index:0
2022-07-12 23:20:21,773 [f5ec0973-3ea4-44f3-b934-b5b86c2ad769@group-A5FB98469E93-SegmentedRaftLogWorker] INFO  segmented.SegmentedRaftLogWorker (SegmentedRaftLogWorker.java:execute(629)) - f5ec0973-3ea4-44f3-b934-b5b86c2ad769@group-A5FB98469E93-SegmentedRaftLogWorker: created new log segment /home/runner/work/ozone/ozone/hadoop-ozone/integration-test/target/test-dir/MiniOzoneClusterImpl-3dc585a6-3f94-454a-8ee9-12af11f98cc9/datanode-0/data/ratis/c502a4ff-97f2-4597-8003-a5fb98469e93/current/log_inprogress_0
2022-07-12 23:20:21,781 [f5ec0973-3ea4-44f3-b934-b5b86c2ad769@group-A5FB98469E93-LeaderElection5] INFO  server.RaftServer$Division (ServerState.java:setRaftConf(393)) - f5ec0973-3ea4-44f3-b934-b5b86c2ad769@group-A5FB98469E93: set configuration 0: [77a98ace-e102-46e5-a474-eb7ed4f4a4ca|rpc:10.1.0.13:44773|dataStream:|priority:0, f5ec0973-3ea4-44f3-b934-b5b86c2ad769|rpc:10.1.0.13:36411|dataStream:|priority:1, 30c4d38c-7dc2-4c52-bffc-86b7b0a91f0d|rpc:10.1.0.13:39527|dataStream:|priority:0], old=null
2022-07-12 23:20:21,808 [77a98ace-e102-46e5-a474-eb7ed4f4a4ca-server-thread1] INFO  ratis.XceiverServerRatis (XceiverServerRatis.java:handleLeaderChangedNotification(863)) - Leader change notification received for group: group-A5FB98469E93 with new leaderId: f5ec0973-3ea4-44f3-b934-b5b86c2ad769
2022-07-12 23:20:21,808 [77a98ace-e102-46e5-a474-eb7ed4f4a4ca-server-thread1] INFO  server.RaftServer$Division (ServerState.java:setLeader(287)) - 77a98ace-e102-46e5-a474-eb7ed4f4a4ca@group-A5FB98469E93: change Leader from null to f5ec0973-3ea4-44f3-b934-b5b86c2ad769 at term 1 for appendEntries, leader elected after 5133ms
2022-07-12 23:20:21,808 [30c4d38c-7dc2-4c52-bffc-86b7b0a91f0d-server-thread1] INFO  ratis.XceiverServerRatis (XceiverServerRatis.java:handleLeaderChangedNotification(863)) - Leader change notification received for group: group-A5FB98469E93 with new leaderId: f5ec0973-3ea4-44f3-b934-b5b86c2ad769
2022-07-12 23:20:21,809 [30c4d38c-7dc2-4c52-bffc-86b7b0a91f0d-server-thread1] INFO  server.RaftServer$Division (ServerState.java:setLeader(287)) - 30c4d38c-7dc2-4c52-bffc-86b7b0a91f0d@group-A5FB98469E93: change Leader from null to f5ec0973-3ea4-44f3-b934-b5b86c2ad769 at term 1 for appendEntries, leader elected after 5078ms
2022-07-12 23:20:21,830 [77a98ace-e102-46e5-a474-eb7ed4f4a4ca-server-thread1] INFO  server.RaftServer$Division (ServerState.java:setRaftConf(393)) - 77a98ace-e102-46e5-a474-eb7ed4f4a4ca@group-A5FB98469E93: set configuration 0: [77a98ace-e102-46e5-a474-eb7ed4f4a4ca|rpc:10.1.0.13:44773|dataStream:|priority:0, f5ec0973-3ea4-44f3-b934-b5b86c2ad769|rpc:10.1.0.13:36411|dataStream:|priority:1, 30c4d38c-7dc2-4c52-bffc-86b7b0a91f0d|rpc:10.1.0.13:39527|dataStream:|priority:0], old=null
2022-07-12 23:20:21,830 [30c4d38c-7dc2-4c52-bffc-86b7b0a91f0d-server-thread1] INFO  server.RaftServer$Division (ServerState.java:setRaftConf(393)) - 30c4d38c-7dc2-4c52-bffc-86b7b0a91f0d@group-A5FB98469E93: set configuration 0: [77a98ace-e102-46e5-a474-eb7ed4f4a4ca|rpc:10.1.0.13:44773|dataStream:|priority:0, f5ec0973-3ea4-44f3-b934-b5b86c2ad769|rpc:10.1.0.13:36411|dataStream:|priority:1, 30c4d38c-7dc2-4c52-bffc-86b7b0a91f0d|rpc:10.1.0.13:39527|dataStream:|priority:0], old=null
2022-07-12 23:20:21,831 [77a98ace-e102-46e5-a474-eb7ed4f4a4ca-server-thread1] INFO  segmented.SegmentedRaftLogWorker (SegmentedRaftLogWorker.java:startLogSegment(425)) - 77a98ace-e102-46e5-a474-eb7ed4f4a4ca@group-A5FB98469E93-SegmentedRaftLogWorker: Starting segment from index:0
2022-07-12 23:20:21,831 [30c4d38c-7dc2-4c52-bffc-86b7b0a91f0d-server-thread1] INFO  segmented.SegmentedRaftLogWorker (SegmentedRaftLogWorker.java:startLogSegment(425)) - 30c4d38c-7dc2-4c52-bffc-86b7b0a91f0d@group-A5FB98469E93-SegmentedRaftLogWorker: Starting segment from index:0
2022-07-12 23:20:21,833 [30c4d38c-7dc2-4c52-bffc-86b7b0a91f0d@group-A5FB98469E93-SegmentedRaftLogWorker] INFO  segmented.SegmentedRaftLogWorker (SegmentedRaftLogWorker.java:execute(629)) - 30c4d38c-7dc2-4c52-bffc-86b7b0a91f0d@group-A5FB98469E93-SegmentedRaftLogWorker: created new log segment /home/runner/work/ozone/ozone/hadoop-ozone/integration-test/target/test-dir/MiniOzoneClusterImpl-3dc585a6-3f94-454a-8ee9-12af11f98cc9/datanode-2/data/ratis/c502a4ff-97f2-4597-8003-a5fb98469e93/current/log_inprogress_0
2022-07-12 23:20:21,833 [77a98ace-e102-46e5-a474-eb7ed4f4a4ca@group-A5FB98469E93-SegmentedRaftLogWorker] INFO  segmented.SegmentedRaftLogWorker (SegmentedRaftLogWorker.java:execute(629)) - 77a98ace-e102-46e5-a474-eb7ed4f4a4ca@group-A5FB98469E93-SegmentedRaftLogWorker: created new log segment /home/runner/work/ozone/ozone/hadoop-ozone/integration-test/target/test-dir/MiniOzoneClusterImpl-3dc585a6-3f94-454a-8ee9-12af11f98cc9/datanode-1/data/ratis/c502a4ff-97f2-4597-8003-a5fb98469e93/current/log_inprogress_0
2022-07-12 23:20:21,931 [30c4d38c-7dc2-4c52-bffc-86b7b0a91f0d@group-03943C3D99B6-FollowerState] INFO  impl.FollowerState (FollowerState.java:run(143)) - 30c4d38c-7dc2-4c52-bffc-86b7b0a91f0d@group-03943C3D99B6-FollowerState: change to CANDIDATE, lastRpcElapsedTime:5213662023ns, electionTimeout:5200ms
2022-07-12 23:20:21,931 [30c4d38c-7dc2-4c52-bffc-86b7b0a91f0d@group-03943C3D99B6-FollowerState] INFO  impl.RoleInfo (RoleInfo.java:shutdownFollowerState(110)) - 30c4d38c-7dc2-4c52-bffc-86b7b0a91f0d: shutdown 30c4d38c-7dc2-4c52-bffc-86b7b0a91f0d@group-03943C3D99B6-FollowerState
2022-07-12 23:20:21,931 [30c4d38c-7dc2-4c52-bffc-86b7b0a91f0d@group-03943C3D99B6-FollowerState] INFO  server.RaftServer$Division (RaftServerImpl.java:setRole(299)) - 30c4d38c-7dc2-4c52-bffc-86b7b0a91f0d@group-03943C3D99B6: changes role from  FOLLOWER to CANDIDATE at term 0 for changeToCandidate
2022-07-12 23:20:21,931 [30c4d38c-7dc2-4c52-bffc-86b7b0a91f0d@group-03943C3D99B6-FollowerState] INFO  server.RaftServerConfigKeys (ConfUtils.java:logGet(46)) - raft.server.leaderelection.pre-vote = false (custom)
2022-07-12 23:20:21,931 [30c4d38c-7dc2-4c52-bffc-86b7b0a91f0d@group-03943C3D99B6-FollowerState] INFO  impl.RoleInfo (RoleInfo.java:updateAndGet(139)) - 30c4d38c-7dc2-4c52-bffc-86b7b0a91f0d: start 30c4d38c-7dc2-4c52-bffc-86b7b0a91f0d@group-03943C3D99B6-LeaderElection6
2022-07-12 23:20:21,937 [30c4d38c-7dc2-4c52-bffc-86b7b0a91f0d@group-03943C3D99B6-LeaderElection6] INFO  impl.LeaderElection (LeaderElection.java:askForVotes(310)) - 30c4d38c-7dc2-4c52-bffc-86b7b0a91f0d@group-03943C3D99B6-LeaderElection6 ELECTION round 0: submit vote requests at term 1 for -1: [30c4d38c-7dc2-4c52-bffc-86b7b0a91f0d|rpc:10.1.0.13:39527|priority:1], old=null
2022-07-12 23:20:21,937 [30c4d38c-7dc2-4c52-bffc-86b7b0a91f0d@group-03943C3D99B6-LeaderElection6] INFO  impl.LeaderElection (LeaderElection.java:askForVotes(312)) - 30c4d38c-7dc2-4c52-bffc-86b7b0a91f0d@group-03943C3D99B6-LeaderElection6 ELECTION round 0: result PASSED (term=1)
2022-07-12 23:20:21,937 [30c4d38c-7dc2-4c52-bffc-86b7b0a91f0d@group-03943C3D99B6-LeaderElection6] INFO  impl.RoleInfo (RoleInfo.java:shutdownLeaderElection(130)) - 30c4d38c-7dc2-4c52-bffc-86b7b0a91f0d: shutdown 30c4d38c-7dc2-4c52-bffc-86b7b0a91f0d@group-03943C3D99B6-LeaderElection6
2022-07-12 23:20:21,937 [30c4d38c-7dc2-4c52-bffc-86b7b0a91f0d@group-03943C3D99B6-LeaderElection6] INFO  server.RaftServer$Division (RaftServerImpl.java:setRole(299)) - 30c4d38c-7dc2-4c52-bffc-86b7b0a91f0d@group-03943C3D99B6: changes role from CANDIDATE to LEADER at term 1 for changeToLeader
2022-07-12 23:20:21,937 [30c4d38c-7dc2-4c52-bffc-86b7b0a91f0d@group-03943C3D99B6-LeaderElection6] INFO  ratis.XceiverServerRatis (XceiverServerRatis.java:handleLeaderChangedNotification(863)) - Leader change notification received for group: group-03943C3D99B6 with new leaderId: 30c4d38c-7dc2-4c52-bffc-86b7b0a91f0d
2022-07-12 23:20:21,938 [30c4d38c-7dc2-4c52-bffc-86b7b0a91f0d@group-03943C3D99B6-LeaderElection6] INFO  server.RaftServer$Division (ServerState.java:setLeader(287)) - 30c4d38c-7dc2-4c52-bffc-86b7b0a91f0d@group-03943C3D99B6: change Leader from null to 30c4d38c-7dc2-4c52-bffc-86b7b0a91f0d at term 1 for becomeLeader, leader elected after 5240ms
2022-07-12 23:20:21,938 [30c4d38c-7dc2-4c52-bffc-86b7b0a91f0d@group-03943C3D99B6-LeaderElection6] INFO  server.RaftServerConfigKeys (ConfUtils.java:logGet(46)) - raft.server.staging.catchup.gap = 1000 (default)
2022-07-12 23:20:21,938 [30c4d38c-7dc2-4c52-bffc-86b7b0a91f0d@group-03943C3D99B6-LeaderElection6] INFO  server.RaftServerConfigKeys (ConfUtils.java:logGet(46)) - raft.server.write.element-limit = 1024 (custom)
2022-07-12 23:20:21,938 [30c4d38c-7dc2-4c52-bffc-86b7b0a91f0d@group-03943C3D99B6-LeaderElection6] INFO  server.RaftServerConfigKeys (ConfUtils.java:logGet(46)) - raft.server.write.byte-limit = 1024 M (=1073741824) (custom)
2022-07-12 23:20:21,938 [30c4d38c-7dc2-4c52-bffc-86b7b0a91f0d@group-03943C3D99B6-LeaderElection6] INFO  server.RaftServerConfigKeys (ConfUtils.java:logGet(46)) - raft.server.watch.timeout = 180s (custom)
2022-07-12 23:20:21,938 [30c4d38c-7dc2-4c52-bffc-86b7b0a91f0d@group-03943C3D99B6-LeaderElection6] INFO  server.RaftServerConfigKeys (ConfUtils.java:logGet(46)) - raft.server.watch.timeout.denomination = 1s (default)
2022-07-12 23:20:21,938 [30c4d38c-7dc2-4c52-bffc-86b7b0a91f0d@group-03943C3D99B6-LeaderElection6] INFO  server.RaftServerConfigKeys (ConfUtils.java:logGet(46)) - raft.server.watch.element-limit = 65536 (default)
2022-07-12 23:20:21,938 [30c4d38c-7dc2-4c52-bffc-86b7b0a91f0d@group-03943C3D99B6-LeaderElection6] INFO  server.RaftServerConfigKeys (ConfUtils.java:logGet(46)) - raft.server.write.element-limit = 1024 (custom)
2022-07-12 23:20:21,939 [30c4d38c-7dc2-4c52-bffc-86b7b0a91f0d@group-03943C3D99B6-LeaderElection6] INFO  server.RaftServerConfigKeys (ConfUtils.java:logGet(46)) - raft.server.write.follower.gap.ratio.max = -1.0 (default)
2022-07-12 23:20:21,939 [30c4d38c-7dc2-4c52-bffc-86b7b0a91f0d@group-03943C3D99B6-LeaderElection6] INFO  impl.RoleInfo (RoleInfo.java:updateAndGet(139)) - 30c4d38c-7dc2-4c52-bffc-86b7b0a91f0d: start 30c4d38c-7dc2-4c52-bffc-86b7b0a91f0d@group-03943C3D99B6-LeaderStateImpl
2022-07-12 23:20:21,939 [30c4d38c-7dc2-4c52-bffc-86b7b0a91f0d@group-03943C3D99B6-LeaderElection6] INFO  segmented.SegmentedRaftLogWorker (SegmentedRaftLogWorker.java:startLogSegment(425)) - 30c4d38c-7dc2-4c52-bffc-86b7b0a91f0d@group-03943C3D99B6-SegmentedRaftLogWorker: Starting segment from index:0
2022-07-12 23:20:21,943 [30c4d38c-7dc2-4c52-bffc-86b7b0a91f0d@group-03943C3D99B6-LeaderElection6] INFO  server.RaftServer$Division (ServerState.java:setRaftConf(393)) - 30c4d38c-7dc2-4c52-bffc-86b7b0a91f0d@group-03943C3D99B6: set configuration 0: [30c4d38c-7dc2-4c52-bffc-86b7b0a91f0d|rpc:10.1.0.13:39527|dataStream:|priority:1], old=null
2022-07-12 23:20:21,943 [30c4d38c-7dc2-4c52-bffc-86b7b0a91f0d@group-03943C3D99B6-SegmentedRaftLogWorker] INFO  segmented.SegmentedRaftLogWorker (SegmentedRaftLogWorker.java:execute(629)) - 30c4d38c-7dc2-4c52-bffc-86b7b0a91f0d@group-03943C3D99B6-SegmentedRaftLogWorker: created new log segment /home/runner/work/ozone/ozone/hadoop-ozone/integration-test/target/test-dir/MiniOzoneClusterImpl-3dc585a6-3f94-454a-8ee9-12af11f98cc9/datanode-2/data/ratis/ab7d68fc-30eb-4618-826e-03943c3d99b6/current/log_inprogress_0
2022-07-12 23:20:22,184 [a67e604a-e717-487e-a7c4-14b775c2eed2@group-5C04246E697C-FollowerState] INFO  impl.FollowerState (FollowerState.java:run(143)) - a67e604a-e717-487e-a7c4-14b775c2eed2@group-5C04246E697C-FollowerState: change to CANDIDATE, lastRpcElapsedTime:5157924224ns, electionTimeout:5157ms
2022-07-12 23:20:22,184 [a67e604a-e717-487e-a7c4-14b775c2eed2@group-5C04246E697C-FollowerState] INFO  impl.RoleInfo (RoleInfo.java:shutdownFollowerState(110)) - a67e604a-e717-487e-a7c4-14b775c2eed2: shutdown a67e604a-e717-487e-a7c4-14b775c2eed2@group-5C04246E697C-FollowerState
2022-07-12 23:20:22,184 [a67e604a-e717-487e-a7c4-14b775c2eed2@group-5C04246E697C-FollowerState] INFO  server.RaftServer$Division (RaftServerImpl.java:setRole(299)) - a67e604a-e717-487e-a7c4-14b775c2eed2@group-5C04246E697C: changes role from  FOLLOWER to CANDIDATE at term 0 for changeToCandidate
2022-07-12 23:20:22,184 [a67e604a-e717-487e-a7c4-14b775c2eed2@group-5C04246E697C-FollowerState] INFO  server.RaftServerConfigKeys (ConfUtils.java:logGet(46)) - raft.server.leaderelection.pre-vote = false (custom)
2022-07-12 23:20:22,184 [a67e604a-e717-487e-a7c4-14b775c2eed2@group-5C04246E697C-FollowerState] INFO  impl.RoleInfo (RoleInfo.java:updateAndGet(139)) - a67e604a-e717-487e-a7c4-14b775c2eed2: start a67e604a-e717-487e-a7c4-14b775c2eed2@group-5C04246E697C-LeaderElection7
2022-07-12 23:20:22,188 [a67e604a-e717-487e-a7c4-14b775c2eed2@group-5C04246E697C-LeaderElection7] INFO  impl.LeaderElection (LeaderElection.java:askForVotes(310)) - a67e604a-e717-487e-a7c4-14b775c2eed2@group-5C04246E697C-LeaderElection7 ELECTION round 0: submit vote requests at term 1 for -1: [a67e604a-e717-487e-a7c4-14b775c2eed2|rpc:10.1.0.13:39911|priority:1], old=null
2022-07-12 23:20:22,188 [a67e604a-e717-487e-a7c4-14b775c2eed2@group-5C04246E697C-LeaderElection7] INFO  impl.LeaderElection (LeaderElection.java:askForVotes(312)) - a67e604a-e717-487e-a7c4-14b775c2eed2@group-5C04246E697C-LeaderElection7 ELECTION round 0: result PASSED (term=1)
2022-07-12 23:20:22,188 [a67e604a-e717-487e-a7c4-14b775c2eed2@group-5C04246E697C-LeaderElection7] INFO  impl.RoleInfo (RoleInfo.java:shutdownLeaderElection(130)) - a67e604a-e717-487e-a7c4-14b775c2eed2: shutdown a67e604a-e717-487e-a7c4-14b775c2eed2@group-5C04246E697C-LeaderElection7
2022-07-12 23:20:22,188 [a67e604a-e717-487e-a7c4-14b775c2eed2@group-5C04246E697C-LeaderElection7] INFO  server.RaftServer$Division (RaftServerImpl.java:setRole(299)) - a67e604a-e717-487e-a7c4-14b775c2eed2@group-5C04246E697C: changes role from CANDIDATE to LEADER at term 1 for changeToLeader
2022-07-12 23:20:22,188 [a67e604a-e717-487e-a7c4-14b775c2eed2@group-5C04246E697C-LeaderElection7] INFO  ratis.XceiverServerRatis (XceiverServerRatis.java:handleLeaderChangedNotification(863)) - Leader change notification received for group: group-5C04246E697C with new leaderId: a67e604a-e717-487e-a7c4-14b775c2eed2
2022-07-12 23:20:22,189 [a67e604a-e717-487e-a7c4-14b775c2eed2@group-5C04246E697C-LeaderElection7] INFO  server.RaftServer$Division (ServerState.java:setLeader(287)) - a67e604a-e717-487e-a7c4-14b775c2eed2@group-5C04246E697C: change Leader from null to a67e604a-e717-487e-a7c4-14b775c2eed2 at term 1 for becomeLeader, leader elected after 5171ms
2022-07-12 23:20:22,189 [a67e604a-e717-487e-a7c4-14b775c2eed2@group-5C04246E697C-LeaderElection7] INFO  server.RaftServerConfigKeys (ConfUtils.java:logGet(46)) - raft.server.staging.catchup.gap = 1000 (default)
2022-07-12 23:20:22,189 [a67e604a-e717-487e-a7c4-14b775c2eed2@group-5C04246E697C-LeaderElection7] INFO  server.RaftServerConfigKeys (ConfUtils.java:logGet(46)) - raft.server.write.element-limit = 1024 (custom)
2022-07-12 23:20:22,189 [a67e604a-e717-487e-a7c4-14b775c2eed2@group-5C04246E697C-LeaderElection7] INFO  server.RaftServerConfigKeys (ConfUtils.java:logGet(46)) - raft.server.write.byte-limit = 1024 M (=1073741824) (custom)
2022-07-12 23:20:22,189 [a67e604a-e717-487e-a7c4-14b775c2eed2@group-5C04246E697C-LeaderElection7] INFO  server.RaftServerConfigKeys (ConfUtils.java:logGet(46)) - raft.server.watch.timeout = 180s (custom)
2022-07-12 23:20:22,189 [a67e604a-e717-487e-a7c4-14b775c2eed2@group-5C04246E697C-LeaderElection7] INFO  server.RaftServerConfigKeys (ConfUtils.java:logGet(46)) - raft.server.watch.timeout.denomination = 1s (default)
2022-07-12 23:20:22,190 [a67e604a-e717-487e-a7c4-14b775c2eed2@group-5C04246E697C-LeaderElection7] INFO  server.RaftServerConfigKeys (ConfUtils.java:logGet(46)) - raft.server.watch.element-limit = 65536 (default)
2022-07-12 23:20:22,190 [a67e604a-e717-487e-a7c4-14b775c2eed2@group-5C04246E697C-LeaderElection7] INFO  server.RaftServerConfigKeys (ConfUtils.java:logGet(46)) - raft.server.write.element-limit = 1024 (custom)
2022-07-12 23:20:22,190 [a67e604a-e717-487e-a7c4-14b775c2eed2@group-5C04246E697C-LeaderElection7] INFO  server.RaftServerConfigKeys (ConfUtils.java:logGet(46)) - raft.server.write.follower.gap.ratio.max = -1.0 (default)
2022-07-12 23:20:22,190 [a67e604a-e717-487e-a7c4-14b775c2eed2@group-5C04246E697C-LeaderElection7] INFO  impl.RoleInfo (RoleInfo.java:updateAndGet(139)) - a67e604a-e717-487e-a7c4-14b775c2eed2: start a67e604a-e717-487e-a7c4-14b775c2eed2@group-5C04246E697C-LeaderStateImpl
2022-07-12 23:20:22,190 [a67e604a-e717-487e-a7c4-14b775c2eed2@group-5C04246E697C-LeaderElection7] INFO  segmented.SegmentedRaftLogWorker (SegmentedRaftLogWorker.java:startLogSegment(425)) - a67e604a-e717-487e-a7c4-14b775c2eed2@group-5C04246E697C-SegmentedRaftLogWorker: Starting segment from index:0
2022-07-12 23:20:22,191 [a67e604a-e717-487e-a7c4-14b775c2eed2@group-5C04246E697C-SegmentedRaftLogWorker] INFO  segmented.SegmentedRaftLogWorker (SegmentedRaftLogWorker.java:execute(629)) - a67e604a-e717-487e-a7c4-14b775c2eed2@group-5C04246E697C-SegmentedRaftLogWorker: created new log segment /home/runner/work/ozone/ozone/hadoop-ozone/integration-test/target/test-dir/MiniOzoneClusterImpl-3dc585a6-3f94-454a-8ee9-12af11f98cc9/datanode-3/data/ratis/f389ec5d-e1b8-40d8-ba73-5c04246e697c/current/log_inprogress_0
2022-07-12 23:20:22,193 [a67e604a-e717-487e-a7c4-14b775c2eed2@group-5C04246E697C-LeaderElection7] INFO  server.RaftServer$Division (ServerState.java:setRaftConf(393)) - a67e604a-e717-487e-a7c4-14b775c2eed2@group-5C04246E697C: set configuration 0: [a67e604a-e717-487e-a7c4-14b775c2eed2|rpc:10.1.0.13:39911|dataStream:|priority:1], old=null
2022-07-12 23:20:22,302 [Listener at 127.0.0.1/35283] INFO  ozone.MiniOzoneClusterImpl (MiniOzoneClusterImpl.java:lambda$waitForClusterToBeReady$0(216)) - Nodes are ready. Got 5 of 5 DN Heartbeats.
2022-07-12 23:20:22,303 [Listener at 127.0.0.1/35283] INFO  ozone.MiniOzoneClusterImpl (MiniOzoneClusterImpl.java:lambda$waitForClusterToBeReady$0(219)) - Cluster exits safe mode
2022-07-12 23:20:22,303 [Listener at 127.0.0.1/35283] INFO  ozone.MiniOzoneClusterImpl (MiniOzoneClusterImpl.java:lambda$waitForClusterToBeReady$0(221)) - SCM became leader
2022-07-12 23:20:22,337 [70f31cc1-b868-4362-9ae7-f917c6e45e61@group-3EF5B320B61F-FollowerState] INFO  impl.FollowerState (FollowerState.java:run(143)) - 70f31cc1-b868-4362-9ae7-f917c6e45e61@group-3EF5B320B61F-FollowerState: change to CANDIDATE, lastRpcElapsedTime:5017806577ns, electionTimeout:5017ms
2022-07-12 23:20:22,337 [70f31cc1-b868-4362-9ae7-f917c6e45e61@group-3EF5B320B61F-FollowerState] INFO  impl.RoleInfo (RoleInfo.java:shutdownFollowerState(110)) - 70f31cc1-b868-4362-9ae7-f917c6e45e61: shutdown 70f31cc1-b868-4362-9ae7-f917c6e45e61@group-3EF5B320B61F-FollowerState
2022-07-12 23:20:22,337 [70f31cc1-b868-4362-9ae7-f917c6e45e61@group-3EF5B320B61F-FollowerState] INFO  server.RaftServer$Division (RaftServerImpl.java:setRole(299)) - 70f31cc1-b868-4362-9ae7-f917c6e45e61@group-3EF5B320B61F: changes role from  FOLLOWER to CANDIDATE at term 0 for changeToCandidate
2022-07-12 23:20:22,337 [70f31cc1-b868-4362-9ae7-f917c6e45e61@group-3EF5B320B61F-FollowerState] INFO  server.RaftServerConfigKeys (ConfUtils.java:logGet(46)) - raft.server.leaderelection.pre-vote = false (custom)
2022-07-12 23:20:22,337 [70f31cc1-b868-4362-9ae7-f917c6e45e61@group-3EF5B320B61F-FollowerState] INFO  impl.RoleInfo (RoleInfo.java:updateAndGet(139)) - 70f31cc1-b868-4362-9ae7-f917c6e45e61: start 70f31cc1-b868-4362-9ae7-f917c6e45e61@group-3EF5B320B61F-LeaderElection8
2022-07-12 23:20:22,366 [70f31cc1-b868-4362-9ae7-f917c6e45e61@group-3EF5B320B61F-LeaderElection8] INFO  impl.LeaderElection (LeaderElection.java:askForVotes(310)) - 70f31cc1-b868-4362-9ae7-f917c6e45e61@group-3EF5B320B61F-LeaderElection8 ELECTION round 0: submit vote requests at term 1 for -1: [70f31cc1-b868-4362-9ae7-f917c6e45e61|rpc:10.1.0.13:35159|priority:1], old=null
2022-07-12 23:20:22,367 [70f31cc1-b868-4362-9ae7-f917c6e45e61@group-3EF5B320B61F-LeaderElection8] INFO  impl.LeaderElection (LeaderElection.java:askForVotes(312)) - 70f31cc1-b868-4362-9ae7-f917c6e45e61@group-3EF5B320B61F-LeaderElection8 ELECTION round 0: result PASSED (term=1)
2022-07-12 23:20:22,367 [70f31cc1-b868-4362-9ae7-f917c6e45e61@group-3EF5B320B61F-LeaderElection8] INFO  impl.RoleInfo (RoleInfo.java:shutdownLeaderElection(130)) - 70f31cc1-b868-4362-9ae7-f917c6e45e61: shutdown 70f31cc1-b868-4362-9ae7-f917c6e45e61@group-3EF5B320B61F-LeaderElection8
2022-07-12 23:20:22,367 [70f31cc1-b868-4362-9ae7-f917c6e45e61@group-3EF5B320B61F-LeaderElection8] INFO  server.RaftServer$Division (RaftServerImpl.java:setRole(299)) - 70f31cc1-b868-4362-9ae7-f917c6e45e61@group-3EF5B320B61F: changes role from CANDIDATE to LEADER at term 1 for changeToLeader
2022-07-12 23:20:22,367 [70f31cc1-b868-4362-9ae7-f917c6e45e61@group-3EF5B320B61F-LeaderElection8] INFO  ratis.XceiverServerRatis (XceiverServerRatis.java:handleLeaderChangedNotification(863)) - Leader change notification received for group: group-3EF5B320B61F with new leaderId: 70f31cc1-b868-4362-9ae7-f917c6e45e61
2022-07-12 23:20:22,367 [70f31cc1-b868-4362-9ae7-f917c6e45e61@group-3EF5B320B61F-LeaderElection8] INFO  server.RaftServer$Division (ServerState.java:setLeader(287)) - 70f31cc1-b868-4362-9ae7-f917c6e45e61@group-3EF5B320B61F: change Leader from null to 70f31cc1-b868-4362-9ae7-f917c6e45e61 at term 1 for becomeLeader, leader elected after 5054ms
2022-07-12 23:20:22,367 [70f31cc1-b868-4362-9ae7-f917c6e45e61@group-3EF5B320B61F-LeaderElection8] INFO  server.RaftServerConfigKeys (ConfUtils.java:logGet(46)) - raft.server.staging.catchup.gap = 1000 (default)
2022-07-12 23:20:22,367 [70f31cc1-b868-4362-9ae7-f917c6e45e61@group-3EF5B320B61F-LeaderElection8] INFO  server.RaftServerConfigKeys (ConfUtils.java:logGet(46)) - raft.server.write.element-limit = 1024 (custom)
2022-07-12 23:20:22,367 [70f31cc1-b868-4362-9ae7-f917c6e45e61@group-3EF5B320B61F-LeaderElection8] INFO  server.RaftServerConfigKeys (ConfUtils.java:logGet(46)) - raft.server.write.byte-limit = 1024 M (=1073741824) (custom)
2022-07-12 23:20:22,368 [70f31cc1-b868-4362-9ae7-f917c6e45e61@group-3EF5B320B61F-LeaderElection8] INFO  server.RaftServerConfigKeys (ConfUtils.java:logGet(46)) - raft.server.watch.timeout = 180s (custom)
2022-07-12 23:20:22,368 [70f31cc1-b868-4362-9ae7-f917c6e45e61@group-3EF5B320B61F-LeaderElection8] INFO  server.RaftServerConfigKeys (ConfUtils.java:logGet(46)) - raft.server.watch.timeout.denomination = 1s (default)
2022-07-12 23:20:22,368 [70f31cc1-b868-4362-9ae7-f917c6e45e61@group-3EF5B320B61F-LeaderElection8] INFO  server.RaftServerConfigKeys (ConfUtils.java:logGet(46)) - raft.server.watch.element-limit = 65536 (default)
2022-07-12 23:20:22,368 [70f31cc1-b868-4362-9ae7-f917c6e45e61@group-3EF5B320B61F-LeaderElection8] INFO  server.RaftServerConfigKeys (ConfUtils.java:logGet(46)) - raft.server.write.element-limit = 1024 (custom)
2022-07-12 23:20:22,368 [70f31cc1-b868-4362-9ae7-f917c6e45e61@group-3EF5B320B61F-LeaderElection8] INFO  server.RaftServerConfigKeys (ConfUtils.java:logGet(46)) - raft.server.write.follower.gap.ratio.max = -1.0 (default)
2022-07-12 23:20:22,368 [70f31cc1-b868-4362-9ae7-f917c6e45e61@group-3EF5B320B61F-LeaderElection8] INFO  impl.RoleInfo (RoleInfo.java:updateAndGet(139)) - 70f31cc1-b868-4362-9ae7-f917c6e45e61: start 70f31cc1-b868-4362-9ae7-f917c6e45e61@group-3EF5B320B61F-LeaderStateImpl
2022-07-12 23:20:22,368 [70f31cc1-b868-4362-9ae7-f917c6e45e61@group-3EF5B320B61F-LeaderElection8] INFO  segmented.SegmentedRaftLogWorker (SegmentedRaftLogWorker.java:startLogSegment(425)) - 70f31cc1-b868-4362-9ae7-f917c6e45e61@group-3EF5B320B61F-SegmentedRaftLogWorker: Starting segment from index:0
2022-07-12 23:20:22,371 [70f31cc1-b868-4362-9ae7-f917c6e45e61@group-3EF5B320B61F-SegmentedRaftLogWorker] INFO  segmented.SegmentedRaftLogWorker (SegmentedRaftLogWorker.java:execute(629)) - 70f31cc1-b868-4362-9ae7-f917c6e45e61@group-3EF5B320B61F-SegmentedRaftLogWorker: created new log segment /home/runner/work/ozone/ozone/hadoop-ozone/integration-test/target/test-dir/MiniOzoneClusterImpl-3dc585a6-3f94-454a-8ee9-12af11f98cc9/datanode-4/data/ratis/793f165e-e15b-487f-93ba-3ef5b320b61f/current/log_inprogress_0
2022-07-12 23:20:22,377 [70f31cc1-b868-4362-9ae7-f917c6e45e61@group-3EF5B320B61F-LeaderElection8] INFO  server.RaftServer$Division (ServerState.java:setRaftConf(393)) - 70f31cc1-b868-4362-9ae7-f917c6e45e61@group-3EF5B320B61F: set configuration 0: [70f31cc1-b868-4362-9ae7-f917c6e45e61|rpc:10.1.0.13:35159|dataStream:|priority:1], old=null
2022-07-12 23:20:22,916 [Time-limited test] INFO  rpc.RpcClient (RpcClient.java:createVolume(466)) - Creating Volume: volume97018, with user56894 as owner and space quota set to -1 bytes, counts quota set to -1
2022-07-12 23:20:22,973 [OM StateMachine ApplyTransaction Thread - 0] INFO  volume.OMVolumeCreateRequest (OMVolumeCreateRequest.java:validateAndUpdateCache(195)) - created volume:volume97018 for user:user56894
2022-07-12 23:20:22,988 [Time-limited test] INFO  rpc.RpcClient (RpcClient.java:createBucket(669)) - Creating Bucket: volume97018/bucket38942, with bucket layout LEGACY, runner as owner, Versioning false, Storage Type set to DISK and Encryption set to false 
2022-07-12 23:20:23,004 [OM StateMachine ApplyTransaction Thread - 0] INFO  bucket.OMBucketCreateRequest (OMBucketCreateRequest.java:validateAndUpdateCache(260)) - created bucket: bucket38942 of layout LEGACY in volume: volume97018
2022-07-12 23:20:23,096 [IPC Server handler 3 on default port 37097] INFO  ha.SequenceIdGenerator (SequenceIdGenerator.java:getNextId(128)) - Allocate a batch for containerId, change lastId from 0 to 1000.
2022-07-12 23:20:23,105 [IPC Server handler 3 on default port 37097] WARN  ha.SequenceIdGenerator (SequenceIdGenerator.java:allocateBatch(237)) - Failed to allocate a batch for localId, expected lastId is 0, actual lastId is 109611004723200000.
2022-07-12 23:20:23,106 [IPC Server handler 3 on default port 37097] INFO  ha.SequenceIdGenerator (SequenceIdGenerator.java:getNextId(128)) - Allocate a batch for localId, change lastId from 109611004723200000 to 109611004723201000.
23:20:23.182 [IPC Server handler 6 on default port 35283] ERROR OMAudit - user=runner | ip=127.0.0.1 | op=GET_FILE_STATUS {volume=volume97018, bucket=bucket38942, key=dir437/file1, dataSize=0, replicationConfig=null} | ret=FAILURE
org.apache.hadoop.ozone.om.exceptions.OMException: Unable to get file status: volume: volume97018 bucket: bucket38942 key: dir437/file1
	at org.apache.hadoop.ozone.om.KeyManagerImpl.getOzoneFileStatus(KeyManagerImpl.java:1311) ~[ozone-manager-1.3.0-SNAPSHOT.jar:?]
	at org.apache.hadoop.ozone.om.KeyManagerImpl.getFileStatus(KeyManagerImpl.java:1241) ~[ozone-manager-1.3.0-SNAPSHOT.jar:?]
	at org.apache.hadoop.ozone.om.OzoneManager.getFileStatus(OzoneManager.java:3419) ~[ozone-manager-1.3.0-SNAPSHOT.jar:?]
	at org.apache.hadoop.ozone.protocolPB.OzoneManagerRequestHandler.getOzoneFileStatus(OzoneManagerRequestHandler.java:871) ~[ozone-manager-1.3.0-SNAPSHOT.jar:?]
	at org.apache.hadoop.ozone.protocolPB.OzoneManagerRequestHandler.handleReadRequest(OzoneManagerRequestHandler.java:217) ~[ozone-manager-1.3.0-SNAPSHOT.jar:?]
	at org.apache.hadoop.ozone.protocolPB.OzoneManagerProtocolServerSideTranslatorPB.submitReadRequestToOM(OzoneManagerProtocolServerSideTranslatorPB.java:226) ~[ozone-manager-1.3.0-SNAPSHOT.jar:?]
	at org.apache.hadoop.ozone.protocolPB.OzoneManagerProtocolServerSideTranslatorPB.processRequest(OzoneManagerProtocolServerSideTranslatorPB.java:175) ~[ozone-manager-1.3.0-SNAPSHOT.jar:?]
	at org.apache.hadoop.hdds.server.OzoneProtocolMessageDispatcher.processRequest(OzoneProtocolMessageDispatcher.java:87) [hdds-server-framework-1.3.0-SNAPSHOT.jar:?]
	at org.apache.hadoop.ozone.protocolPB.OzoneManagerProtocolServerSideTranslatorPB.submitRequest(OzoneManagerProtocolServerSideTranslatorPB.java:147) [ozone-manager-1.3.0-SNAPSHOT.jar:?]
	at org.apache.hadoop.ozone.protocol.proto.OzoneManagerProtocolProtos$OzoneManagerService$2.callBlockingMethod(OzoneManagerProtocolProtos.java) [ozone-interface-client-1.3.0-SNAPSHOT.jar:?]
	at org.apache.hadoop.ipc.ProtobufRpcEngine$Server.processCall(ProtobufRpcEngine.java:466) [hadoop-common-3.3.1.jar:?]
	at org.apache.hadoop.ipc.ProtobufRpcEngine2$Server$ProtoBufRpcInvoker.call(ProtobufRpcEngine2.java:574) [hadoop-common-3.3.1.jar:?]
	at org.apache.hadoop.ipc.ProtobufRpcEngine2$Server$ProtoBufRpcInvoker.call(ProtobufRpcEngine2.java:552) [hadoop-common-3.3.1.jar:?]
	at org.apache.hadoop.ipc.RPC$Server.call(RPC.java:1093) [hadoop-common-3.3.1.jar:?]
	at org.apache.hadoop.ipc.Server$RpcCall.run(Server.java:1035) [hadoop-common-3.3.1.jar:?]
	at org.apache.hadoop.ipc.Server$RpcCall.run(Server.java:963) [hadoop-common-3.3.1.jar:?]
	at java.security.AccessController.doPrivileged(Native Method) ~[?:1.8.0_332]
	at javax.security.auth.Subject.doAs(Subject.java:422) [?:1.8.0_332]
	at org.apache.hadoop.security.UserGroupInformation.doAs(UserGroupInformation.java:1878) [hadoop-common-3.3.1.jar:?]
	at org.apache.hadoop.ipc.Server$Handler.run(Server.java:2966) [hadoop-common-3.3.1.jar:?]
]]></system-out>
  </testcase>
  <testcase name="testRenameFile" classname="TestRootedOzoneFileSystem" time="0.296">
    <system-out><![CDATA[2022-07-12 23:20:42,032 [Listener at 127.0.0.1/35283] INFO  ozone.MiniOzoneClusterImpl (MiniOzoneClusterImpl.java:shutdown(448)) - Shutting down the Mini Ozone Cluster
2022-07-12 23:20:42,032 [Listener at 127.0.0.1/35283] INFO  ozone.MiniOzoneClusterImpl (MiniOzoneClusterImpl.java:stop(463)) - Stopping the Mini Ozone Cluster
2022-07-12 23:20:42,032 [Listener at 127.0.0.1/35283] INFO  ozone.MiniOzoneClusterImpl (MiniOzoneClusterImpl.java:stopOM(545)) - Stopping the OzoneManager
2022-07-12 23:20:42,032 [Listener at 127.0.0.1/35283] INFO  om.OzoneManager (OzoneManager.java:stop(2020)) - om1[localhost:0]: Stopping Ozone Manager
2022-07-12 23:20:42,032 [Listener at 127.0.0.1/35283] INFO  ipc.Server (Server.java:stop(3414)) - Stopping server on 35283
2022-07-12 23:20:42,039 [IPC Server listener on 0] INFO  ipc.Server (Server.java:run(1376)) - Stopping IPC Server listener on 0
2022-07-12 23:20:42,040 [IPC Server Responder] INFO  ipc.Server (Server.java:run(1512)) - Stopping IPC Server Responder
2022-07-12 23:20:42,041 [Listener at 127.0.0.1/35283] INFO  server.RaftServer (RaftServerProxy.java:lambda$close$7(398)) - om1: close
2022-07-12 23:20:42,041 [Listener at 127.0.0.1/35283] INFO  server.RaftServer$Division (RaftServerImpl.java:lambda$close$4(434)) - om1@group-C5BA1605619E: shutdown
2022-07-12 23:20:42,042 [Listener at 127.0.0.1/35283] INFO  util.JmxRegister (JmxRegister.java:unregister(73)) - Successfully un-registered JMX Bean with object name Ratis:service=RaftServer,group=group-C5BA1605619E,id=om1
2022-07-12 23:20:42,042 [Listener at 127.0.0.1/35283] INFO  impl.RoleInfo (RoleInfo.java:shutdownLeaderState(93)) - om1: shutdown om1@group-C5BA1605619E-LeaderStateImpl
2022-07-12 23:20:42,042 [Listener at 127.0.0.1/35283] INFO  impl.PendingRequests (PendingRequests.java:sendNotLeaderResponses(282)) - om1@group-C5BA1605619E-PendingRequests: sendNotLeaderResponses
2022-07-12 23:20:42,051 [Listener at 127.0.0.1/35283] INFO  impl.StateMachineUpdater (StateMachineUpdater.java:stopAndJoin(153)) - om1@group-C5BA1605619E-StateMachineUpdater: set stopIndex = 6816
2022-07-12 23:20:42,051 [om1@group-C5BA1605619E-StateMachineUpdater] INFO  ratis.OzoneManagerStateMachine (OzoneManagerStateMachine.java:takeSnapshot(441)) - Current Snapshot Index (t:1, i:6816)
2022-07-12 23:20:42,053 [om1@group-C5BA1605619E-StateMachineUpdater] INFO  impl.StateMachineUpdater (StateMachineUpdater.java:takeSnapshot(287)) - om1@group-C5BA1605619E-StateMachineUpdater: Took a snapshot at index 6816
2022-07-12 23:20:42,054 [om1@group-C5BA1605619E-StateMachineUpdater] INFO  impl.StateMachineUpdater (StateMachineUpdater.java:lambda$new$0(92)) - om1@group-C5BA1605619E-StateMachineUpdater: snapshotIndex: updateIncreasingly -1 -> 6816
2022-07-12 23:20:42,054 [om1@group-C5BA1605619E-StateMachineUpdater] INFO  ratis.OzoneManagerStateMachine (OzoneManagerStateMachine.java:close(495)) - StateMachine has shutdown. Shutdown OzoneManager if not already shutdown.
2022-07-12 23:20:42,054 [om1@group-C5BA1605619E-StateMachineUpdater] INFO  ratis.OzoneManagerDoubleBuffer (OzoneManagerDoubleBuffer.java:stop(465)) - Stopping OMDoubleBuffer flush thread
2022-07-12 23:20:42,054 [OMDoubleBufferFlushThread] INFO  ratis.OzoneManagerDoubleBuffer (OzoneManagerDoubleBuffer.java:flushTransactions(385)) - OMDoubleBuffer flush thread OMDoubleBufferFlushThread is interrupted and will exit.
2022-07-12 23:20:42,055 [Listener at 127.0.0.1/35283] INFO  server.RaftServer$Division (ServerState.java:close(429)) - om1@group-C5BA1605619E: closes. applyIndex: 6816
2022-07-12 23:20:42,058 [om1@group-C5BA1605619E-SegmentedRaftLogWorker] INFO  segmented.SegmentedRaftLogWorker (SegmentedRaftLogWorker.java:run(336)) - om1@group-C5BA1605619E-SegmentedRaftLogWorker was interrupted, exiting. There are 0 tasks remaining in the queue.
2022-07-12 23:20:42,059 [Listener at 127.0.0.1/35283] INFO  segmented.SegmentedRaftLogWorker (SegmentedRaftLogWorker.java:close(246)) - om1@group-C5BA1605619E-SegmentedRaftLogWorker close()
2022-07-12 23:20:42,061 [Listener at 127.0.0.1/35283] INFO  server.GrpcService (GrpcService.java:closeImpl(269)) - om1: shutdown server with port 9872 now
2022-07-12 23:20:42,068 [Listener at 127.0.0.1/35283] INFO  server.GrpcService (GrpcService.java:closeImpl(278)) - om1: shutdown server with port 9872 successfully
2022-07-12 23:20:42,069 [org.apache.ratis.util.JvmPauseMonitor$$Lambda$613/1690937419@74703266] INFO  util.JvmPauseMonitor (JvmPauseMonitor.java:run(109)) - JvmPauseMonitor-om1: Stopped
2022-07-12 23:20:42,069 [Listener at 127.0.0.1/35283] INFO  ratis.OzoneManagerStateMachine (OzoneManagerStateMachine.java:close(495)) - StateMachine has shutdown. Shutdown OzoneManager if not already shutdown.
2022-07-12 23:20:42,069 [Listener at 127.0.0.1/35283] INFO  ratis.OzoneManagerDoubleBuffer (OzoneManagerDoubleBuffer.java:stop(477)) - OMDoubleBuffer flush thread is not running.
2022-07-12 23:20:42,069 [Listener at 127.0.0.1/35283] INFO  utils.BackgroundService (BackgroundService.java:shutdown(132)) - Shutting down service KeyDeletingService
2022-07-12 23:20:42,069 [Listener at 127.0.0.1/35283] INFO  utils.BackgroundService (BackgroundService.java:shutdown(132)) - Shutting down service DirectoryDeletingService
2022-07-12 23:20:42,069 [Listener at 127.0.0.1/35283] INFO  utils.BackgroundService (BackgroundService.java:shutdown(132)) - Shutting down service OpenKeyCleanupService
2022-07-12 23:20:42,071 [Listener at 127.0.0.1/35283] INFO  handler.ContextHandler (ContextHandler.java:doStop(1153)) - Stopped o.e.j.w.WebAppContext@1a180d5b{ozoneManager,/,null,STOPPED}{file:/home/runner/work/ozone/ozone/hadoop-ozone/integration-test/target/test-classes/webapps/ozoneManager}
2022-07-12 23:20:42,075 [Listener at 127.0.0.1/35283] INFO  server.AbstractConnector (AbstractConnector.java:doStop(381)) - Stopped ServerConnector@2957c30c{HTTP/1.1, (http/1.1)}{0.0.0.0:0}
2022-07-12 23:20:42,075 [Listener at 127.0.0.1/35283] INFO  server.session (HouseKeeper.java:stopScavenging(149)) - node0 Stopped scavenging
2022-07-12 23:20:42,075 [Listener at 127.0.0.1/35283] INFO  handler.ContextHandler (ContextHandler.java:doStop(1153)) - Stopped o.e.j.s.ServletContextHandler@218cf600{static,/static,file:///home/runner/work/ozone/ozone/hadoop-ozone/integration-test/target/test-classes/webapps/static,STOPPED}
2022-07-12 23:20:42,075 [Listener at 127.0.0.1/35283] INFO  handler.ContextHandler (ContextHandler.java:doStop(1153)) - Stopped o.e.j.s.ServletContextHandler@574c8a2a{logs,/logs,file:///home/runner/work/ozone/ozone/hadoop-ozone/integration-test/target/log,STOPPED}
2022-07-12 23:20:42,076 [Trash Emptier] ERROR om.TrashPolicyOzone (TrashPolicyOzone.java:run(251)) - Error attempting to shutdown
java.lang.InterruptedException
	at java.util.concurrent.locks.AbstractQueuedSynchronizer$ConditionObject.awaitNanos(AbstractQueuedSynchronizer.java:2067)
	at java.util.concurrent.ThreadPoolExecutor.awaitTermination(ThreadPoolExecutor.java:1475)
	at org.apache.hadoop.ozone.om.TrashPolicyOzone$Emptier.run(TrashPolicyOzone.java:249)
	at java.lang.Thread.run(Thread.java:750)
2022-07-12 23:20:42,077 [Trash Emptier] ERROR util.ExitUtils (ExitUtils.java:terminate(133)) - Terminating with exit status -1: Thread[Trash Emptier,5,main] has thrown an uncaught exception
java.lang.UnsupportedOperationException: fs.getUri() not implemented in TrashOzoneFileSystem
	at org.apache.hadoop.ozone.om.TrashOzoneFileSystem.getUri(TrashOzoneFileSystem.java:126)
	at org.apache.hadoop.fs.FileSystem.close(FileSystem.java:2592)
	at org.apache.hadoop.ozone.om.TrashPolicyOzone$Emptier.run(TrashPolicyOzone.java:243)
	at java.lang.Thread.run(Thread.java:750)
2022-07-12 23:20:42,080 [Listener at 127.0.0.1/35283] INFO  ozone.MiniOzoneClusterImpl (MiniOzoneClusterImpl.java:stopDatanodes(522)) - Stopping the HddsDatanodes
2022-07-12 23:20:46,670 [77a98ace-e102-46e5-a474-eb7ed4f4a4ca@group-B7888055A6AD-FollowerState] INFO  impl.FollowerState (FollowerState.java:run(143)) - 77a98ace-e102-46e5-a474-eb7ed4f4a4ca@group-B7888055A6AD-FollowerState: change to CANDIDATE, lastRpcElapsedTime:5079538572ns, electionTimeout:5066ms
2022-07-12 23:20:46,670 [77a98ace-e102-46e5-a474-eb7ed4f4a4ca@group-B7888055A6AD-FollowerState] INFO  impl.RoleInfo (RoleInfo.java:shutdownFollowerState(110)) - 77a98ace-e102-46e5-a474-eb7ed4f4a4ca: shutdown 77a98ace-e102-46e5-a474-eb7ed4f4a4ca@group-B7888055A6AD-FollowerState
2022-07-12 23:20:46,670 [77a98ace-e102-46e5-a474-eb7ed4f4a4ca@group-B7888055A6AD-FollowerState] INFO  server.RaftServer$Division (RaftServerImpl.java:setRole(299)) - 77a98ace-e102-46e5-a474-eb7ed4f4a4ca@group-B7888055A6AD: changes role from  FOLLOWER to CANDIDATE at term 5 for changeToCandidate
2022-07-12 23:20:46,670 [77a98ace-e102-46e5-a474-eb7ed4f4a4ca@group-B7888055A6AD-FollowerState] INFO  server.RaftServerConfigKeys (ConfUtils.java:logGet(46)) - raft.server.leaderelection.pre-vote = false (custom)
2022-07-12 23:20:46,670 [77a98ace-e102-46e5-a474-eb7ed4f4a4ca@group-B7888055A6AD-FollowerState] INFO  impl.RoleInfo (RoleInfo.java:updateAndGet(139)) - 77a98ace-e102-46e5-a474-eb7ed4f4a4ca: start 77a98ace-e102-46e5-a474-eb7ed4f4a4ca@group-B7888055A6AD-LeaderElection15
2022-07-12 23:20:46,673 [77a98ace-e102-46e5-a474-eb7ed4f4a4ca@group-B7888055A6AD-LeaderElection15] INFO  impl.LeaderElection (LeaderElection.java:askForVotes(310)) - 77a98ace-e102-46e5-a474-eb7ed4f4a4ca@group-B7888055A6AD-LeaderElection15 ELECTION round 0: submit vote requests at term 6 for -1: [77a98ace-e102-46e5-a474-eb7ed4f4a4ca|rpc:10.1.0.13:44773|priority:1, f5ec0973-3ea4-44f3-b934-b5b86c2ad769|rpc:10.1.0.13:36411|priority:0, 30c4d38c-7dc2-4c52-bffc-86b7b0a91f0d|rpc:10.1.0.13:39527|priority:0], old=null
2022-07-12 23:20:46,690 [grpc-default-executor-4] INFO  server.RaftServer$Division (RaftServerImpl.java:requestVote(1152)) - f5ec0973-3ea4-44f3-b934-b5b86c2ad769@group-B7888055A6AD: receive requestVote(ELECTION, 77a98ace-e102-46e5-a474-eb7ed4f4a4ca, group-B7888055A6AD, 6, (t:0, i:0))
2022-07-12 23:20:46,690 [grpc-default-executor-4] INFO  impl.VoteContext (VoteContext.java:log(48)) - f5ec0973-3ea4-44f3-b934-b5b86c2ad769@group-B7888055A6AD-FOLLOWER: accept ELECTION from 77a98ace-e102-46e5-a474-eb7ed4f4a4ca: our priority 0 <= candidate's priority 1
2022-07-12 23:20:46,690 [grpc-default-executor-4] INFO  server.RaftServer$Division (RaftServerImpl.java:setRole(299)) - f5ec0973-3ea4-44f3-b934-b5b86c2ad769@group-B7888055A6AD: changes role from  FOLLOWER to FOLLOWER at term 6 for candidate:77a98ace-e102-46e5-a474-eb7ed4f4a4ca
2022-07-12 23:20:46,690 [grpc-default-executor-4] INFO  impl.RoleInfo (RoleInfo.java:shutdownFollowerState(110)) - f5ec0973-3ea4-44f3-b934-b5b86c2ad769: shutdown f5ec0973-3ea4-44f3-b934-b5b86c2ad769@group-B7888055A6AD-FollowerState
2022-07-12 23:20:46,690 [grpc-default-executor-4] INFO  impl.RoleInfo (RoleInfo.java:updateAndGet(139)) - f5ec0973-3ea4-44f3-b934-b5b86c2ad769: start f5ec0973-3ea4-44f3-b934-b5b86c2ad769@group-B7888055A6AD-FollowerState
2022-07-12 23:20:46,690 [f5ec0973-3ea4-44f3-b934-b5b86c2ad769@group-B7888055A6AD-FollowerState] INFO  impl.FollowerState (FollowerState.java:run(152)) - f5ec0973-3ea4-44f3-b934-b5b86c2ad769@group-B7888055A6AD-FollowerState was interrupted
2022-07-12 23:20:46,693 [grpc-default-executor-4] INFO  server.RaftServer$Division (RaftServerImpl.java:requestVote(1184)) - f5ec0973-3ea4-44f3-b934-b5b86c2ad769@group-B7888055A6AD replies to ELECTION vote request: 77a98ace-e102-46e5-a474-eb7ed4f4a4ca<-f5ec0973-3ea4-44f3-b934-b5b86c2ad769#0:OK-t6. Peer's state: f5ec0973-3ea4-44f3-b934-b5b86c2ad769@group-B7888055A6AD:t6, leader=null, voted=77a98ace-e102-46e5-a474-eb7ed4f4a4ca, raftlog=f5ec0973-3ea4-44f3-b934-b5b86c2ad769@group-B7888055A6AD-SegmentedRaftLog:OPENED:c-1, conf=-1: [77a98ace-e102-46e5-a474-eb7ed4f4a4ca|rpc:10.1.0.13:44773|priority:1, f5ec0973-3ea4-44f3-b934-b5b86c2ad769|rpc:10.1.0.13:36411|priority:0, 30c4d38c-7dc2-4c52-bffc-86b7b0a91f0d|rpc:10.1.0.13:39527|priority:0], old=null
2022-07-12 23:20:46,694 [grpc-default-executor-0] INFO  server.RaftServer$Division (RaftServerImpl.java:requestVote(1152)) - 30c4d38c-7dc2-4c52-bffc-86b7b0a91f0d@group-B7888055A6AD: receive requestVote(ELECTION, 77a98ace-e102-46e5-a474-eb7ed4f4a4ca, group-B7888055A6AD, 6, (t:0, i:0))
2022-07-12 23:20:46,694 [grpc-default-executor-0] INFO  impl.VoteContext (VoteContext.java:log(48)) - 30c4d38c-7dc2-4c52-bffc-86b7b0a91f0d@group-B7888055A6AD-FOLLOWER: accept ELECTION from 77a98ace-e102-46e5-a474-eb7ed4f4a4ca: our priority 0 <= candidate's priority 1
2022-07-12 23:20:46,694 [grpc-default-executor-0] INFO  server.RaftServer$Division (RaftServerImpl.java:setRole(299)) - 30c4d38c-7dc2-4c52-bffc-86b7b0a91f0d@group-B7888055A6AD: changes role from  FOLLOWER to FOLLOWER at term 6 for candidate:77a98ace-e102-46e5-a474-eb7ed4f4a4ca
2022-07-12 23:20:46,694 [grpc-default-executor-0] INFO  impl.RoleInfo (RoleInfo.java:shutdownFollowerState(110)) - 30c4d38c-7dc2-4c52-bffc-86b7b0a91f0d: shutdown 30c4d38c-7dc2-4c52-bffc-86b7b0a91f0d@group-B7888055A6AD-FollowerState
2022-07-12 23:20:46,694 [grpc-default-executor-0] INFO  impl.RoleInfo (RoleInfo.java:updateAndGet(139)) - 30c4d38c-7dc2-4c52-bffc-86b7b0a91f0d: start 30c4d38c-7dc2-4c52-bffc-86b7b0a91f0d@group-B7888055A6AD-FollowerState
2022-07-12 23:20:46,694 [30c4d38c-7dc2-4c52-bffc-86b7b0a91f0d@group-B7888055A6AD-FollowerState] INFO  impl.FollowerState (FollowerState.java:run(152)) - 30c4d38c-7dc2-4c52-bffc-86b7b0a91f0d@group-B7888055A6AD-FollowerState was interrupted
2022-07-12 23:20:46,696 [77a98ace-e102-46e5-a474-eb7ed4f4a4ca@group-B7888055A6AD-LeaderElection15] INFO  impl.LeaderElection (LeaderElection.java:logAndReturn(90)) - 77a98ace-e102-46e5-a474-eb7ed4f4a4ca@group-B7888055A6AD-LeaderElection15: ELECTION PASSED received 1 response(s) and 0 exception(s):
2022-07-12 23:20:46,697 [77a98ace-e102-46e5-a474-eb7ed4f4a4ca@group-B7888055A6AD-LeaderElection15] INFO  impl.LeaderElection (LeaderElection.java:logAndReturn(94)) -   Response 0: 77a98ace-e102-46e5-a474-eb7ed4f4a4ca<-f5ec0973-3ea4-44f3-b934-b5b86c2ad769#0:OK-t6
2022-07-12 23:20:46,697 [77a98ace-e102-46e5-a474-eb7ed4f4a4ca@group-B7888055A6AD-LeaderElection15] INFO  impl.LeaderElection (LeaderElection.java:askForVotes(312)) - 77a98ace-e102-46e5-a474-eb7ed4f4a4ca@group-B7888055A6AD-LeaderElection15 ELECTION round 0: result PASSED
2022-07-12 23:20:46,697 [77a98ace-e102-46e5-a474-eb7ed4f4a4ca@group-B7888055A6AD-LeaderElection15] INFO  impl.RoleInfo (RoleInfo.java:shutdownLeaderElection(130)) - 77a98ace-e102-46e5-a474-eb7ed4f4a4ca: shutdown 77a98ace-e102-46e5-a474-eb7ed4f4a4ca@group-B7888055A6AD-LeaderElection15
2022-07-12 23:20:46,698 [77a98ace-e102-46e5-a474-eb7ed4f4a4ca@group-B7888055A6AD-LeaderElection15] INFO  server.RaftServer$Division (RaftServerImpl.java:setRole(299)) - 77a98ace-e102-46e5-a474-eb7ed4f4a4ca@group-B7888055A6AD: changes role from CANDIDATE to LEADER at term 6 for changeToLeader
2022-07-12 23:20:46,698 [77a98ace-e102-46e5-a474-eb7ed4f4a4ca@group-B7888055A6AD-LeaderElection15] INFO  ratis.XceiverServerRatis (XceiverServerRatis.java:handleLeaderChangedNotification(863)) - Leader change notification received for group: group-B7888055A6AD with new leaderId: 77a98ace-e102-46e5-a474-eb7ed4f4a4ca
2022-07-12 23:20:46,699 [77a98ace-e102-46e5-a474-eb7ed4f4a4ca@group-B7888055A6AD-LeaderElection15] INFO  server.RaftServer$Division (ServerState.java:setLeader(287)) - 77a98ace-e102-46e5-a474-eb7ed4f4a4ca@group-B7888055A6AD: change Leader from null to 77a98ace-e102-46e5-a474-eb7ed4f4a4ca at term 6 for becomeLeader, leader elected after 30251ms
2022-07-12 23:20:46,699 [77a98ace-e102-46e5-a474-eb7ed4f4a4ca@group-B7888055A6AD-LeaderElection15] INFO  server.RaftServerConfigKeys (ConfUtils.java:logGet(46)) - raft.server.staging.catchup.gap = 1000 (default)
2022-07-12 23:20:46,699 [77a98ace-e102-46e5-a474-eb7ed4f4a4ca@group-B7888055A6AD-LeaderElection15] INFO  server.RaftServerConfigKeys (ConfUtils.java:logGet(46)) - raft.server.write.element-limit = 1024 (custom)
2022-07-12 23:20:46,699 [77a98ace-e102-46e5-a474-eb7ed4f4a4ca@group-B7888055A6AD-LeaderElection15] INFO  server.RaftServerConfigKeys (ConfUtils.java:logGet(46)) - raft.server.write.byte-limit = 1024 M (=1073741824) (custom)
2022-07-12 23:20:46,699 [77a98ace-e102-46e5-a474-eb7ed4f4a4ca@group-B7888055A6AD-LeaderElection15] INFO  server.RaftServerConfigKeys (ConfUtils.java:logGet(46)) - raft.server.watch.timeout = 180s (custom)
2022-07-12 23:20:46,699 [77a98ace-e102-46e5-a474-eb7ed4f4a4ca@group-B7888055A6AD-LeaderElection15] INFO  server.RaftServerConfigKeys (ConfUtils.java:logGet(46)) - raft.server.watch.timeout.denomination = 1s (default)
2022-07-12 23:20:46,699 [77a98ace-e102-46e5-a474-eb7ed4f4a4ca@group-B7888055A6AD-LeaderElection15] INFO  server.RaftServerConfigKeys (ConfUtils.java:logGet(46)) - raft.server.watch.element-limit = 65536 (default)
2022-07-12 23:20:46,700 [77a98ace-e102-46e5-a474-eb7ed4f4a4ca@group-B7888055A6AD-LeaderElection15] INFO  server.RaftServerConfigKeys (ConfUtils.java:logGet(46)) - raft.server.write.element-limit = 1024 (custom)
2022-07-12 23:20:46,700 [77a98ace-e102-46e5-a474-eb7ed4f4a4ca@group-B7888055A6AD-LeaderElection15] INFO  server.RaftServerConfigKeys (ConfUtils.java:logGet(46)) - raft.server.write.follower.gap.ratio.max = -1.0 (default)
2022-07-12 23:20:46,698 [grpc-default-executor-0] INFO  server.RaftServer$Division (RaftServerImpl.java:requestVote(1184)) - 30c4d38c-7dc2-4c52-bffc-86b7b0a91f0d@group-B7888055A6AD replies to ELECTION vote request: 77a98ace-e102-46e5-a474-eb7ed4f4a4ca<-30c4d38c-7dc2-4c52-bffc-86b7b0a91f0d#0:OK-t6. Peer's state: 30c4d38c-7dc2-4c52-bffc-86b7b0a91f0d@group-B7888055A6AD:t6, leader=null, voted=77a98ace-e102-46e5-a474-eb7ed4f4a4ca, raftlog=30c4d38c-7dc2-4c52-bffc-86b7b0a91f0d@group-B7888055A6AD-SegmentedRaftLog:OPENED:c-1, conf=-1: [77a98ace-e102-46e5-a474-eb7ed4f4a4ca|rpc:10.1.0.13:44773|dataStream:|priority:1, f5ec0973-3ea4-44f3-b934-b5b86c2ad769|rpc:10.1.0.13:36411|dataStream:|priority:0, 30c4d38c-7dc2-4c52-bffc-86b7b0a91f0d|rpc:10.1.0.13:39527|dataStream:|priority:0], old=null
2022-07-12 23:20:46,700 [77a98ace-e102-46e5-a474-eb7ed4f4a4ca@group-B7888055A6AD-LeaderElection15] INFO  server.RaftServerConfigKeys (ConfUtils.java:logGet(46)) - raft.server.log.appender.snapshot.chunk.size.max = 16MB (=16777216) (default)
2022-07-12 23:20:46,700 [77a98ace-e102-46e5-a474-eb7ed4f4a4ca@group-B7888055A6AD-LeaderElection15] INFO  server.RaftServerConfigKeys (ConfUtils.java:logGet(46)) - raft.server.log.appender.buffer.byte-limit = 33554432 (custom)
2022-07-12 23:20:46,701 [77a98ace-e102-46e5-a474-eb7ed4f4a4ca@group-B7888055A6AD-LeaderElection15] INFO  server.RaftServerConfigKeys (ConfUtils.java:logGet(46)) - raft.server.log.appender.buffer.element-limit = 1 (custom)
2022-07-12 23:20:46,701 [77a98ace-e102-46e5-a474-eb7ed4f4a4ca@group-B7888055A6AD-LeaderElection15] INFO  grpc.GrpcConfigKeys (ConfUtils.java:logGet(46)) - raft.grpc.server.leader.outstanding.appends.max = 128 (default)
2022-07-12 23:20:46,702 [77a98ace-e102-46e5-a474-eb7ed4f4a4ca@group-B7888055A6AD-LeaderElection15] INFO  server.RaftServerConfigKeys (ConfUtils.java:logGet(46)) - raft.server.rpc.request.timeout = 60s (custom)
2022-07-12 23:20:46,702 [77a98ace-e102-46e5-a474-eb7ed4f4a4ca@group-B7888055A6AD-LeaderElection15] INFO  server.RaftServerConfigKeys (ConfUtils.java:logGet(46)) - raft.server.log.appender.install.snapshot.enabled = false (custom)
2022-07-12 23:20:46,703 [77a98ace-e102-46e5-a474-eb7ed4f4a4ca@group-B7888055A6AD-LeaderElection15] INFO  server.RaftServerConfigKeys (ConfUtils.java:logGet(46)) - raft.server.log.appender.snapshot.chunk.size.max = 16MB (=16777216) (default)
2022-07-12 23:20:46,703 [77a98ace-e102-46e5-a474-eb7ed4f4a4ca@group-B7888055A6AD-LeaderElection15] INFO  server.RaftServerConfigKeys (ConfUtils.java:logGet(46)) - raft.server.log.appender.buffer.byte-limit = 33554432 (custom)
2022-07-12 23:20:46,703 [77a98ace-e102-46e5-a474-eb7ed4f4a4ca@group-B7888055A6AD-LeaderElection15] INFO  server.RaftServerConfigKeys (ConfUtils.java:logGet(46)) - raft.server.log.appender.buffer.element-limit = 1 (custom)
2022-07-12 23:20:46,703 [77a98ace-e102-46e5-a474-eb7ed4f4a4ca@group-B7888055A6AD-LeaderElection15] INFO  grpc.GrpcConfigKeys (ConfUtils.java:logGet(46)) - raft.grpc.server.leader.outstanding.appends.max = 128 (default)
2022-07-12 23:20:46,703 [77a98ace-e102-46e5-a474-eb7ed4f4a4ca@group-B7888055A6AD-LeaderElection15] INFO  server.RaftServerConfigKeys (ConfUtils.java:logGet(46)) - raft.server.rpc.request.timeout = 60s (custom)
2022-07-12 23:20:46,703 [77a98ace-e102-46e5-a474-eb7ed4f4a4ca@group-B7888055A6AD-LeaderElection15] INFO  server.RaftServerConfigKeys (ConfUtils.java:logGet(46)) - raft.server.log.appender.install.snapshot.enabled = false (custom)
2022-07-12 23:20:46,703 [77a98ace-e102-46e5-a474-eb7ed4f4a4ca@group-B7888055A6AD-LeaderElection15] INFO  impl.RoleInfo (RoleInfo.java:updateAndGet(139)) - 77a98ace-e102-46e5-a474-eb7ed4f4a4ca: start 77a98ace-e102-46e5-a474-eb7ed4f4a4ca@group-B7888055A6AD-LeaderStateImpl
2022-07-12 23:20:46,704 [77a98ace-e102-46e5-a474-eb7ed4f4a4ca@group-B7888055A6AD-LeaderElection15] INFO  segmented.SegmentedRaftLogWorker (SegmentedRaftLogWorker.java:startLogSegment(425)) - 77a98ace-e102-46e5-a474-eb7ed4f4a4ca@group-B7888055A6AD-SegmentedRaftLogWorker: Starting segment from index:0
2022-07-12 23:20:46,706 [77a98ace-e102-46e5-a474-eb7ed4f4a4ca@group-B7888055A6AD-SegmentedRaftLogWorker] INFO  segmented.SegmentedRaftLogWorker (SegmentedRaftLogWorker.java:execute(629)) - 77a98ace-e102-46e5-a474-eb7ed4f4a4ca@group-B7888055A6AD-SegmentedRaftLogWorker: created new log segment /home/runner/work/ozone/ozone/hadoop-ozone/integration-test/target/test-dir/MiniOzoneClusterImpl-3dc585a6-3f94-454a-8ee9-12af11f98cc9/datanode-1/data/ratis/be2256f4-bfa3-4061-945b-b7888055a6ad/current/log_inprogress_0
2022-07-12 23:20:46,717 [77a98ace-e102-46e5-a474-eb7ed4f4a4ca@group-B7888055A6AD-LeaderElection15] INFO  server.RaftServer$Division (ServerState.java:setRaftConf(393)) - 77a98ace-e102-46e5-a474-eb7ed4f4a4ca@group-B7888055A6AD: set configuration 0: [77a98ace-e102-46e5-a474-eb7ed4f4a4ca|rpc:10.1.0.13:44773|dataStream:|priority:1, f5ec0973-3ea4-44f3-b934-b5b86c2ad769|rpc:10.1.0.13:36411|dataStream:|priority:0, 30c4d38c-7dc2-4c52-bffc-86b7b0a91f0d|rpc:10.1.0.13:39527|dataStream:|priority:0], old=null
2022-07-12 23:20:46,720 [f5ec0973-3ea4-44f3-b934-b5b86c2ad769-server-thread1] INFO  ratis.XceiverServerRatis (XceiverServerRatis.java:handleLeaderChangedNotification(863)) - Leader change notification received for group: group-B7888055A6AD with new leaderId: 77a98ace-e102-46e5-a474-eb7ed4f4a4ca
2022-07-12 23:20:46,723 [f5ec0973-3ea4-44f3-b934-b5b86c2ad769-server-thread1] INFO  server.RaftServer$Division (ServerState.java:setLeader(287)) - f5ec0973-3ea4-44f3-b934-b5b86c2ad769@group-B7888055A6AD: change Leader from null to 77a98ace-e102-46e5-a474-eb7ed4f4a4ca at term 6 for appendEntries, leader elected after 30775ms
2022-07-12 23:20:46,732 [30c4d38c-7dc2-4c52-bffc-86b7b0a91f0d-server-thread1] INFO  ratis.XceiverServerRatis (XceiverServerRatis.java:handleLeaderChangedNotification(863)) - Leader change notification received for group: group-B7888055A6AD with new leaderId: 77a98ace-e102-46e5-a474-eb7ed4f4a4ca
2022-07-12 23:20:46,732 [30c4d38c-7dc2-4c52-bffc-86b7b0a91f0d-server-thread1] INFO  server.RaftServer$Division (ServerState.java:setLeader(287)) - 30c4d38c-7dc2-4c52-bffc-86b7b0a91f0d@group-B7888055A6AD: change Leader from null to 77a98ace-e102-46e5-a474-eb7ed4f4a4ca at term 6 for appendEntries, leader elected after 30196ms
2022-07-12 23:20:46,735 [30c4d38c-7dc2-4c52-bffc-86b7b0a91f0d-server-thread1] INFO  server.RaftServer$Division (ServerState.java:setRaftConf(393)) - 30c4d38c-7dc2-4c52-bffc-86b7b0a91f0d@group-B7888055A6AD: set configuration 0: [77a98ace-e102-46e5-a474-eb7ed4f4a4ca|rpc:10.1.0.13:44773|dataStream:|priority:1, f5ec0973-3ea4-44f3-b934-b5b86c2ad769|rpc:10.1.0.13:36411|dataStream:|priority:0, 30c4d38c-7dc2-4c52-bffc-86b7b0a91f0d|rpc:10.1.0.13:39527|dataStream:|priority:0], old=null
2022-07-12 23:20:46,735 [30c4d38c-7dc2-4c52-bffc-86b7b0a91f0d-server-thread1] INFO  segmented.SegmentedRaftLogWorker (SegmentedRaftLogWorker.java:startLogSegment(425)) - 30c4d38c-7dc2-4c52-bffc-86b7b0a91f0d@group-B7888055A6AD-SegmentedRaftLogWorker: Starting segment from index:0
2022-07-12 23:20:46,737 [f5ec0973-3ea4-44f3-b934-b5b86c2ad769-server-thread2] INFO  server.RaftServer$Division (ServerState.java:setRaftConf(393)) - f5ec0973-3ea4-44f3-b934-b5b86c2ad769@group-B7888055A6AD: set configuration 0: [77a98ace-e102-46e5-a474-eb7ed4f4a4ca|rpc:10.1.0.13:44773|dataStream:|priority:1, f5ec0973-3ea4-44f3-b934-b5b86c2ad769|rpc:10.1.0.13:36411|dataStream:|priority:0, 30c4d38c-7dc2-4c52-bffc-86b7b0a91f0d|rpc:10.1.0.13:39527|dataStream:|priority:0], old=null
2022-07-12 23:20:46,737 [30c4d38c-7dc2-4c52-bffc-86b7b0a91f0d@group-B7888055A6AD-SegmentedRaftLogWorker] INFO  segmented.SegmentedRaftLogWorker (SegmentedRaftLogWorker.java:execute(629)) - 30c4d38c-7dc2-4c52-bffc-86b7b0a91f0d@group-B7888055A6AD-SegmentedRaftLogWorker: created new log segment /home/runner/work/ozone/ozone/hadoop-ozone/integration-test/target/test-dir/MiniOzoneClusterImpl-3dc585a6-3f94-454a-8ee9-12af11f98cc9/datanode-2/data/ratis/be2256f4-bfa3-4061-945b-b7888055a6ad/current/log_inprogress_0
2022-07-12 23:20:46,737 [f5ec0973-3ea4-44f3-b934-b5b86c2ad769-server-thread2] INFO  segmented.SegmentedRaftLogWorker (SegmentedRaftLogWorker.java:startLogSegment(425)) - f5ec0973-3ea4-44f3-b934-b5b86c2ad769@group-B7888055A6AD-SegmentedRaftLogWorker: Starting segment from index:0
2022-07-12 23:20:46,738 [f5ec0973-3ea4-44f3-b934-b5b86c2ad769@group-B7888055A6AD-SegmentedRaftLogWorker] INFO  segmented.SegmentedRaftLogWorker (SegmentedRaftLogWorker.java:execute(629)) - f5ec0973-3ea4-44f3-b934-b5b86c2ad769@group-B7888055A6AD-SegmentedRaftLogWorker: created new log segment /home/runner/work/ozone/ozone/hadoop-ozone/integration-test/target/test-dir/MiniOzoneClusterImpl-3dc585a6-3f94-454a-8ee9-12af11f98cc9/datanode-0/data/ratis/be2256f4-bfa3-4061-945b-b7888055a6ad/current/log_inprogress_0
2022-07-12 23:20:47,083 [Listener at 127.0.0.1/35283] INFO  ozoneimpl.OzoneContainer (OzoneContainer.java:stop(365)) - Attempting to stop container services.
2022-07-12 23:20:47,083 [ForkJoinPool.commonPool-worker-0] INFO  ozoneimpl.OzoneContainer (OzoneContainer.java:stop(365)) - Attempting to stop container services.
2022-07-12 23:20:47,088 [ForkJoinPool.commonPool-worker-0] INFO  server.RaftServer (RaftServerProxy.java:lambda$close$7(398)) - 77a98ace-e102-46e5-a474-eb7ed4f4a4ca: close
2022-07-12 23:20:47,088 [ForkJoinPool.commonPool-worker-0] INFO  server.RaftServer$Division (RaftServerImpl.java:lambda$close$4(434)) - 77a98ace-e102-46e5-a474-eb7ed4f4a4ca@group-6103BBB8C4DE: shutdown
2022-07-12 23:20:47,088 [Listener at 127.0.0.1/35283] INFO  server.RaftServer (RaftServerProxy.java:lambda$close$7(398)) - 30c4d38c-7dc2-4c52-bffc-86b7b0a91f0d: close
2022-07-12 23:20:47,088 [ForkJoinPool.commonPool-worker-0] INFO  util.JmxRegister (JmxRegister.java:unregister(73)) - Successfully un-registered JMX Bean with object name Ratis:service=RaftServer,group=group-6103BBB8C4DE,id=77a98ace-e102-46e5-a474-eb7ed4f4a4ca
2022-07-12 23:20:47,088 [ForkJoinPool.commonPool-worker-0] INFO  impl.RoleInfo (RoleInfo.java:shutdownLeaderState(93)) - 77a98ace-e102-46e5-a474-eb7ed4f4a4ca: shutdown 77a98ace-e102-46e5-a474-eb7ed4f4a4ca@group-6103BBB8C4DE-LeaderStateImpl
2022-07-12 23:20:47,088 [Listener at 127.0.0.1/35283] INFO  server.RaftServer$Division (RaftServerImpl.java:lambda$close$4(434)) - 30c4d38c-7dc2-4c52-bffc-86b7b0a91f0d@group-03943C3D99B6: shutdown
2022-07-12 23:20:47,088 [ForkJoinPool.commonPool-worker-0] INFO  impl.PendingRequests (PendingRequests.java:sendNotLeaderResponses(282)) - 77a98ace-e102-46e5-a474-eb7ed4f4a4ca@group-6103BBB8C4DE-PendingRequests: sendNotLeaderResponses
2022-07-12 23:20:47,089 [Listener at 127.0.0.1/35283] INFO  util.JmxRegister (JmxRegister.java:unregister(73)) - Successfully un-registered JMX Bean with object name Ratis:service=RaftServer,group=group-03943C3D99B6,id=30c4d38c-7dc2-4c52-bffc-86b7b0a91f0d
2022-07-12 23:20:47,090 [Listener at 127.0.0.1/35283] INFO  impl.RoleInfo (RoleInfo.java:shutdownLeaderState(93)) - 30c4d38c-7dc2-4c52-bffc-86b7b0a91f0d: shutdown 30c4d38c-7dc2-4c52-bffc-86b7b0a91f0d@group-03943C3D99B6-LeaderStateImpl
2022-07-12 23:20:47,090 [77a98ace-e102-46e5-a474-eb7ed4f4a4ca@group-6103BBB8C4DE-StateMachineUpdater] INFO  ratis.ContainerStateMachine (ContainerStateMachine.java:takeSnapshot(304)) - group-6103BBB8C4DE: Taking a snapshot at:(t:1, i:0) file /home/runner/work/ozone/ozone/hadoop-ozone/integration-test/target/test-dir/MiniOzoneClusterImpl-3dc585a6-3f94-454a-8ee9-12af11f98cc9/datanode-1/data/ratis/59440cdf-f6d8-47da-9f39-6103bbb8c4de/sm/snapshot.1_0
2022-07-12 23:20:47,090 [Listener at 127.0.0.1/35283] INFO  impl.PendingRequests (PendingRequests.java:sendNotLeaderResponses(282)) - 30c4d38c-7dc2-4c52-bffc-86b7b0a91f0d@group-03943C3D99B6-PendingRequests: sendNotLeaderResponses
2022-07-12 23:20:47,091 [Listener at 127.0.0.1/35283] INFO  impl.StateMachineUpdater (StateMachineUpdater.java:stopAndJoin(153)) - 30c4d38c-7dc2-4c52-bffc-86b7b0a91f0d@group-03943C3D99B6-StateMachineUpdater: set stopIndex = 0
2022-07-12 23:20:47,093 [30c4d38c-7dc2-4c52-bffc-86b7b0a91f0d@group-03943C3D99B6-StateMachineUpdater] INFO  ratis.ContainerStateMachine (ContainerStateMachine.java:takeSnapshot(304)) - group-03943C3D99B6: Taking a snapshot at:(t:1, i:0) file /home/runner/work/ozone/ozone/hadoop-ozone/integration-test/target/test-dir/MiniOzoneClusterImpl-3dc585a6-3f94-454a-8ee9-12af11f98cc9/datanode-2/data/ratis/ab7d68fc-30eb-4618-826e-03943c3d99b6/sm/snapshot.1_0
2022-07-12 23:20:47,090 [ForkJoinPool.commonPool-worker-0] INFO  impl.StateMachineUpdater (StateMachineUpdater.java:stopAndJoin(153)) - 77a98ace-e102-46e5-a474-eb7ed4f4a4ca@group-6103BBB8C4DE-StateMachineUpdater: set stopIndex = 0
2022-07-12 23:20:47,117 [77a98ace-e102-46e5-a474-eb7ed4f4a4ca@group-6103BBB8C4DE-StateMachineUpdater] INFO  ratis.ContainerStateMachine (ContainerStateMachine.java:takeSnapshot(315)) - group-6103BBB8C4DE: Finished taking a snapshot at:(t:1, i:0) file:/home/runner/work/ozone/ozone/hadoop-ozone/integration-test/target/test-dir/MiniOzoneClusterImpl-3dc585a6-3f94-454a-8ee9-12af11f98cc9/datanode-1/data/ratis/59440cdf-f6d8-47da-9f39-6103bbb8c4de/sm/snapshot.1_0 took: 27 ms
2022-07-12 23:20:47,118 [77a98ace-e102-46e5-a474-eb7ed4f4a4ca@group-6103BBB8C4DE-StateMachineUpdater] INFO  impl.StateMachineUpdater (StateMachineUpdater.java:takeSnapshot(287)) - 77a98ace-e102-46e5-a474-eb7ed4f4a4ca@group-6103BBB8C4DE-StateMachineUpdater: Took a snapshot at index 0
2022-07-12 23:20:47,118 [77a98ace-e102-46e5-a474-eb7ed4f4a4ca@group-6103BBB8C4DE-StateMachineUpdater] INFO  impl.StateMachineUpdater (StateMachineUpdater.java:lambda$new$0(92)) - 77a98ace-e102-46e5-a474-eb7ed4f4a4ca@group-6103BBB8C4DE-StateMachineUpdater: snapshotIndex: updateIncreasingly -1 -> 0
2022-07-12 23:20:47,119 [30c4d38c-7dc2-4c52-bffc-86b7b0a91f0d@group-03943C3D99B6-StateMachineUpdater] INFO  ratis.ContainerStateMachine (ContainerStateMachine.java:takeSnapshot(315)) - group-03943C3D99B6: Finished taking a snapshot at:(t:1, i:0) file:/home/runner/work/ozone/ozone/hadoop-ozone/integration-test/target/test-dir/MiniOzoneClusterImpl-3dc585a6-3f94-454a-8ee9-12af11f98cc9/datanode-2/data/ratis/ab7d68fc-30eb-4618-826e-03943c3d99b6/sm/snapshot.1_0 took: 26 ms
2022-07-12 23:20:47,122 [30c4d38c-7dc2-4c52-bffc-86b7b0a91f0d@group-03943C3D99B6-StateMachineUpdater] INFO  impl.StateMachineUpdater (StateMachineUpdater.java:takeSnapshot(287)) - 30c4d38c-7dc2-4c52-bffc-86b7b0a91f0d@group-03943C3D99B6-StateMachineUpdater: Took a snapshot at index 0
2022-07-12 23:20:47,122 [30c4d38c-7dc2-4c52-bffc-86b7b0a91f0d@group-03943C3D99B6-StateMachineUpdater] INFO  impl.StateMachineUpdater (StateMachineUpdater.java:lambda$new$0(92)) - 30c4d38c-7dc2-4c52-bffc-86b7b0a91f0d@group-03943C3D99B6-StateMachineUpdater: snapshotIndex: updateIncreasingly -1 -> 0
2022-07-12 23:20:47,123 [ForkJoinPool.commonPool-worker-0] INFO  server.RaftServer$Division (ServerState.java:close(429)) - 77a98ace-e102-46e5-a474-eb7ed4f4a4ca@group-6103BBB8C4DE: closes. applyIndex: 0
2022-07-12 23:20:47,123 [Listener at 127.0.0.1/35283] INFO  server.RaftServer$Division (ServerState.java:close(429)) - 30c4d38c-7dc2-4c52-bffc-86b7b0a91f0d@group-03943C3D99B6: closes. applyIndex: 0
2022-07-12 23:20:47,123 [77a98ace-e102-46e5-a474-eb7ed4f4a4ca@group-6103BBB8C4DE-SegmentedRaftLogWorker] INFO  segmented.SegmentedRaftLogWorker (SegmentedRaftLogWorker.java:run(336)) - 77a98ace-e102-46e5-a474-eb7ed4f4a4ca@group-6103BBB8C4DE-SegmentedRaftLogWorker was interrupted, exiting. There are 0 tasks remaining in the queue.
2022-07-12 23:20:47,123 [30c4d38c-7dc2-4c52-bffc-86b7b0a91f0d@group-03943C3D99B6-SegmentedRaftLogWorker] INFO  segmented.SegmentedRaftLogWorker (SegmentedRaftLogWorker.java:run(336)) - 30c4d38c-7dc2-4c52-bffc-86b7b0a91f0d@group-03943C3D99B6-SegmentedRaftLogWorker was interrupted, exiting. There are 0 tasks remaining in the queue.
2022-07-12 23:20:47,124 [Listener at 127.0.0.1/35283] INFO  segmented.SegmentedRaftLogWorker (SegmentedRaftLogWorker.java:close(246)) - 30c4d38c-7dc2-4c52-bffc-86b7b0a91f0d@group-03943C3D99B6-SegmentedRaftLogWorker close()
2022-07-12 23:20:47,124 [ForkJoinPool.commonPool-worker-0] INFO  segmented.SegmentedRaftLogWorker (SegmentedRaftLogWorker.java:close(246)) - 77a98ace-e102-46e5-a474-eb7ed4f4a4ca@group-6103BBB8C4DE-SegmentedRaftLogWorker close()
2022-07-12 23:20:47,130 [ForkJoinPool.commonPool-worker-0] INFO  server.RaftServer$Division (RaftServerImpl.java:lambda$close$4(434)) - 77a98ace-e102-46e5-a474-eb7ed4f4a4ca@group-A5FB98469E93: shutdown
2022-07-12 23:20:47,130 [ForkJoinPool.commonPool-worker-0] INFO  util.JmxRegister (JmxRegister.java:unregister(73)) - Successfully un-registered JMX Bean with object name Ratis:service=RaftServer,group=group-A5FB98469E93,id=77a98ace-e102-46e5-a474-eb7ed4f4a4ca
2022-07-12 23:20:47,130 [ForkJoinPool.commonPool-worker-0] INFO  impl.RoleInfo (RoleInfo.java:shutdownFollowerState(110)) - 77a98ace-e102-46e5-a474-eb7ed4f4a4ca: shutdown 77a98ace-e102-46e5-a474-eb7ed4f4a4ca@group-A5FB98469E93-FollowerState
2022-07-12 23:20:47,130 [ForkJoinPool.commonPool-worker-0] INFO  impl.StateMachineUpdater (StateMachineUpdater.java:stopAndJoin(153)) - 77a98ace-e102-46e5-a474-eb7ed4f4a4ca@group-A5FB98469E93-StateMachineUpdater: set stopIndex = 32
2022-07-12 23:20:47,130 [77a98ace-e102-46e5-a474-eb7ed4f4a4ca@group-A5FB98469E93-FollowerState] INFO  impl.FollowerState (FollowerState.java:run(152)) - 77a98ace-e102-46e5-a474-eb7ed4f4a4ca@group-A5FB98469E93-FollowerState was interrupted
2022-07-12 23:20:47,130 [77a98ace-e102-46e5-a474-eb7ed4f4a4ca@group-A5FB98469E93-StateMachineUpdater] INFO  ratis.ContainerStateMachine (ContainerStateMachine.java:takeSnapshot(304)) - group-A5FB98469E93: Taking a snapshot at:(t:1, i:32) file /home/runner/work/ozone/ozone/hadoop-ozone/integration-test/target/test-dir/MiniOzoneClusterImpl-3dc585a6-3f94-454a-8ee9-12af11f98cc9/datanode-1/data/ratis/c502a4ff-97f2-4597-8003-a5fb98469e93/sm/snapshot.1_32
2022-07-12 23:20:47,130 [Listener at 127.0.0.1/35283] INFO  server.RaftServer$Division (RaftServerImpl.java:lambda$close$4(434)) - 30c4d38c-7dc2-4c52-bffc-86b7b0a91f0d@group-A5FB98469E93: shutdown
2022-07-12 23:20:47,131 [Listener at 127.0.0.1/35283] INFO  util.JmxRegister (JmxRegister.java:unregister(73)) - Successfully un-registered JMX Bean with object name Ratis:service=RaftServer,group=group-A5FB98469E93,id=30c4d38c-7dc2-4c52-bffc-86b7b0a91f0d
2022-07-12 23:20:47,131 [Listener at 127.0.0.1/35283] INFO  impl.RoleInfo (RoleInfo.java:shutdownFollowerState(110)) - 30c4d38c-7dc2-4c52-bffc-86b7b0a91f0d: shutdown 30c4d38c-7dc2-4c52-bffc-86b7b0a91f0d@group-A5FB98469E93-FollowerState
2022-07-12 23:20:47,131 [Listener at 127.0.0.1/35283] INFO  impl.StateMachineUpdater (StateMachineUpdater.java:stopAndJoin(153)) - 30c4d38c-7dc2-4c52-bffc-86b7b0a91f0d@group-A5FB98469E93-StateMachineUpdater: set stopIndex = 32
2022-07-12 23:20:47,131 [30c4d38c-7dc2-4c52-bffc-86b7b0a91f0d@group-A5FB98469E93-FollowerState] INFO  impl.FollowerState (FollowerState.java:run(152)) - 30c4d38c-7dc2-4c52-bffc-86b7b0a91f0d@group-A5FB98469E93-FollowerState was interrupted
2022-07-12 23:20:47,131 [30c4d38c-7dc2-4c52-bffc-86b7b0a91f0d@group-A5FB98469E93-StateMachineUpdater] INFO  ratis.ContainerStateMachine (ContainerStateMachine.java:takeSnapshot(304)) - group-A5FB98469E93: Taking a snapshot at:(t:1, i:32) file /home/runner/work/ozone/ozone/hadoop-ozone/integration-test/target/test-dir/MiniOzoneClusterImpl-3dc585a6-3f94-454a-8ee9-12af11f98cc9/datanode-2/data/ratis/c502a4ff-97f2-4597-8003-a5fb98469e93/sm/snapshot.1_32
2022-07-12 23:20:47,135 [77a98ace-e102-46e5-a474-eb7ed4f4a4ca@group-A5FB98469E93-StateMachineUpdater] INFO  ratis.ContainerStateMachine (ContainerStateMachine.java:takeSnapshot(315)) - group-A5FB98469E93: Finished taking a snapshot at:(t:1, i:32) file:/home/runner/work/ozone/ozone/hadoop-ozone/integration-test/target/test-dir/MiniOzoneClusterImpl-3dc585a6-3f94-454a-8ee9-12af11f98cc9/datanode-1/data/ratis/c502a4ff-97f2-4597-8003-a5fb98469e93/sm/snapshot.1_32 took: 5 ms
2022-07-12 23:20:47,135 [30c4d38c-7dc2-4c52-bffc-86b7b0a91f0d@group-A5FB98469E93-StateMachineUpdater] INFO  ratis.ContainerStateMachine (ContainerStateMachine.java:takeSnapshot(315)) - group-A5FB98469E93: Finished taking a snapshot at:(t:1, i:32) file:/home/runner/work/ozone/ozone/hadoop-ozone/integration-test/target/test-dir/MiniOzoneClusterImpl-3dc585a6-3f94-454a-8ee9-12af11f98cc9/datanode-2/data/ratis/c502a4ff-97f2-4597-8003-a5fb98469e93/sm/snapshot.1_32 took: 4 ms
2022-07-12 23:20:47,135 [77a98ace-e102-46e5-a474-eb7ed4f4a4ca@group-A5FB98469E93-StateMachineUpdater] INFO  impl.StateMachineUpdater (StateMachineUpdater.java:takeSnapshot(287)) - 77a98ace-e102-46e5-a474-eb7ed4f4a4ca@group-A5FB98469E93-StateMachineUpdater: Took a snapshot at index 32
2022-07-12 23:20:47,136 [77a98ace-e102-46e5-a474-eb7ed4f4a4ca@group-A5FB98469E93-StateMachineUpdater] INFO  impl.StateMachineUpdater (StateMachineUpdater.java:lambda$new$0(92)) - 77a98ace-e102-46e5-a474-eb7ed4f4a4ca@group-A5FB98469E93-StateMachineUpdater: snapshotIndex: updateIncreasingly -1 -> 32
2022-07-12 23:20:47,136 [30c4d38c-7dc2-4c52-bffc-86b7b0a91f0d@group-A5FB98469E93-StateMachineUpdater] INFO  impl.StateMachineUpdater (StateMachineUpdater.java:takeSnapshot(287)) - 30c4d38c-7dc2-4c52-bffc-86b7b0a91f0d@group-A5FB98469E93-StateMachineUpdater: Took a snapshot at index 32
2022-07-12 23:20:47,136 [30c4d38c-7dc2-4c52-bffc-86b7b0a91f0d@group-A5FB98469E93-StateMachineUpdater] INFO  impl.StateMachineUpdater (StateMachineUpdater.java:lambda$new$0(92)) - 30c4d38c-7dc2-4c52-bffc-86b7b0a91f0d@group-A5FB98469E93-StateMachineUpdater: snapshotIndex: updateIncreasingly -1 -> 32
2022-07-12 23:20:47,137 [Listener at 127.0.0.1/35283] INFO  server.RaftServer$Division (ServerState.java:close(429)) - 30c4d38c-7dc2-4c52-bffc-86b7b0a91f0d@group-A5FB98469E93: closes. applyIndex: 32
2022-07-12 23:20:47,137 [30c4d38c-7dc2-4c52-bffc-86b7b0a91f0d@group-A5FB98469E93-SegmentedRaftLogWorker] INFO  segmented.SegmentedRaftLogWorker (SegmentedRaftLogWorker.java:run(336)) - 30c4d38c-7dc2-4c52-bffc-86b7b0a91f0d@group-A5FB98469E93-SegmentedRaftLogWorker was interrupted, exiting. There are 0 tasks remaining in the queue.
2022-07-12 23:20:47,138 [Listener at 127.0.0.1/35283] INFO  segmented.SegmentedRaftLogWorker (SegmentedRaftLogWorker.java:close(246)) - 30c4d38c-7dc2-4c52-bffc-86b7b0a91f0d@group-A5FB98469E93-SegmentedRaftLogWorker close()
2022-07-12 23:20:47,139 [Listener at 127.0.0.1/35283] INFO  server.RaftServer$Division (RaftServerImpl.java:lambda$close$4(434)) - 30c4d38c-7dc2-4c52-bffc-86b7b0a91f0d@group-B7888055A6AD: shutdown
2022-07-12 23:20:47,139 [Listener at 127.0.0.1/35283] INFO  util.JmxRegister (JmxRegister.java:unregister(73)) - Successfully un-registered JMX Bean with object name Ratis:service=RaftServer,group=group-B7888055A6AD,id=30c4d38c-7dc2-4c52-bffc-86b7b0a91f0d
2022-07-12 23:20:47,140 [Listener at 127.0.0.1/35283] INFO  impl.RoleInfo (RoleInfo.java:shutdownFollowerState(110)) - 30c4d38c-7dc2-4c52-bffc-86b7b0a91f0d: shutdown 30c4d38c-7dc2-4c52-bffc-86b7b0a91f0d@group-B7888055A6AD-FollowerState
2022-07-12 23:20:47,140 [Listener at 127.0.0.1/35283] INFO  impl.StateMachineUpdater (StateMachineUpdater.java:stopAndJoin(153)) - 30c4d38c-7dc2-4c52-bffc-86b7b0a91f0d@group-B7888055A6AD-StateMachineUpdater: set stopIndex = 0
2022-07-12 23:20:47,140 [30c4d38c-7dc2-4c52-bffc-86b7b0a91f0d@group-B7888055A6AD-FollowerState] INFO  impl.FollowerState (FollowerState.java:run(152)) - 30c4d38c-7dc2-4c52-bffc-86b7b0a91f0d@group-B7888055A6AD-FollowerState was interrupted
2022-07-12 23:20:47,140 [30c4d38c-7dc2-4c52-bffc-86b7b0a91f0d@group-B7888055A6AD-StateMachineUpdater] INFO  ratis.ContainerStateMachine (ContainerStateMachine.java:takeSnapshot(304)) - group-B7888055A6AD: Taking a snapshot at:(t:6, i:0) file /home/runner/work/ozone/ozone/hadoop-ozone/integration-test/target/test-dir/MiniOzoneClusterImpl-3dc585a6-3f94-454a-8ee9-12af11f98cc9/datanode-2/data/ratis/be2256f4-bfa3-4061-945b-b7888055a6ad/sm/snapshot.6_0
2022-07-12 23:20:47,141 [ForkJoinPool.commonPool-worker-0] INFO  server.RaftServer$Division (ServerState.java:close(429)) - 77a98ace-e102-46e5-a474-eb7ed4f4a4ca@group-A5FB98469E93: closes. applyIndex: 32
2022-07-12 23:20:47,141 [77a98ace-e102-46e5-a474-eb7ed4f4a4ca@group-A5FB98469E93-SegmentedRaftLogWorker] INFO  segmented.SegmentedRaftLogWorker (SegmentedRaftLogWorker.java:run(336)) - 77a98ace-e102-46e5-a474-eb7ed4f4a4ca@group-A5FB98469E93-SegmentedRaftLogWorker was interrupted, exiting. There are 0 tasks remaining in the queue.
2022-07-12 23:20:47,142 [30c4d38c-7dc2-4c52-bffc-86b7b0a91f0d@group-B7888055A6AD-StateMachineUpdater] INFO  ratis.ContainerStateMachine (ContainerStateMachine.java:takeSnapshot(315)) - group-B7888055A6AD: Finished taking a snapshot at:(t:6, i:0) file:/home/runner/work/ozone/ozone/hadoop-ozone/integration-test/target/test-dir/MiniOzoneClusterImpl-3dc585a6-3f94-454a-8ee9-12af11f98cc9/datanode-2/data/ratis/be2256f4-bfa3-4061-945b-b7888055a6ad/sm/snapshot.6_0 took: 2 ms
2022-07-12 23:20:47,142 [30c4d38c-7dc2-4c52-bffc-86b7b0a91f0d@group-B7888055A6AD-StateMachineUpdater] INFO  impl.StateMachineUpdater (StateMachineUpdater.java:takeSnapshot(287)) - 30c4d38c-7dc2-4c52-bffc-86b7b0a91f0d@group-B7888055A6AD-StateMachineUpdater: Took a snapshot at index 0
2022-07-12 23:20:47,142 [30c4d38c-7dc2-4c52-bffc-86b7b0a91f0d@group-B7888055A6AD-StateMachineUpdater] INFO  impl.StateMachineUpdater (StateMachineUpdater.java:lambda$new$0(92)) - 30c4d38c-7dc2-4c52-bffc-86b7b0a91f0d@group-B7888055A6AD-StateMachineUpdater: snapshotIndex: updateIncreasingly -1 -> 0
2022-07-12 23:20:47,144 [ForkJoinPool.commonPool-worker-0] INFO  segmented.SegmentedRaftLogWorker (SegmentedRaftLogWorker.java:close(246)) - 77a98ace-e102-46e5-a474-eb7ed4f4a4ca@group-A5FB98469E93-SegmentedRaftLogWorker close()
2022-07-12 23:20:47,145 [Listener at 127.0.0.1/35283] INFO  server.RaftServer$Division (ServerState.java:close(429)) - 30c4d38c-7dc2-4c52-bffc-86b7b0a91f0d@group-B7888055A6AD: closes. applyIndex: 0
2022-07-12 23:20:47,145 [30c4d38c-7dc2-4c52-bffc-86b7b0a91f0d@group-B7888055A6AD-SegmentedRaftLogWorker] INFO  segmented.SegmentedRaftLogWorker (SegmentedRaftLogWorker.java:run(336)) - 30c4d38c-7dc2-4c52-bffc-86b7b0a91f0d@group-B7888055A6AD-SegmentedRaftLogWorker was interrupted, exiting. There are 0 tasks remaining in the queue.
2022-07-12 23:20:47,145 [Listener at 127.0.0.1/35283] INFO  segmented.SegmentedRaftLogWorker (SegmentedRaftLogWorker.java:close(246)) - 30c4d38c-7dc2-4c52-bffc-86b7b0a91f0d@group-B7888055A6AD-SegmentedRaftLogWorker close()
2022-07-12 23:20:47,147 [ForkJoinPool.commonPool-worker-0] INFO  server.RaftServer$Division (RaftServerImpl.java:lambda$close$4(434)) - 77a98ace-e102-46e5-a474-eb7ed4f4a4ca@group-B7888055A6AD: shutdown
2022-07-12 23:20:47,147 [Listener at 127.0.0.1/35283] INFO  server.GrpcService (GrpcService.java:closeImpl(269)) - 30c4d38c-7dc2-4c52-bffc-86b7b0a91f0d: shutdown server with port 39527 now
2022-07-12 23:20:47,147 [ForkJoinPool.commonPool-worker-0] INFO  util.JmxRegister (JmxRegister.java:unregister(73)) - Successfully un-registered JMX Bean with object name Ratis:service=RaftServer,group=group-B7888055A6AD,id=77a98ace-e102-46e5-a474-eb7ed4f4a4ca
2022-07-12 23:20:47,148 [ForkJoinPool.commonPool-worker-0] INFO  impl.RoleInfo (RoleInfo.java:shutdownLeaderState(93)) - 77a98ace-e102-46e5-a474-eb7ed4f4a4ca: shutdown 77a98ace-e102-46e5-a474-eb7ed4f4a4ca@group-B7888055A6AD-LeaderStateImpl
2022-07-12 23:20:47,148 [ForkJoinPool.commonPool-worker-0] INFO  impl.PendingRequests (PendingRequests.java:sendNotLeaderResponses(282)) - 77a98ace-e102-46e5-a474-eb7ed4f4a4ca@group-B7888055A6AD-PendingRequests: sendNotLeaderResponses
2022-07-12 23:20:47,148 [ForkJoinPool.commonPool-worker-0] INFO  impl.StateMachineUpdater (StateMachineUpdater.java:stopAndJoin(153)) - 77a98ace-e102-46e5-a474-eb7ed4f4a4ca@group-B7888055A6AD-StateMachineUpdater: set stopIndex = 0
2022-07-12 23:20:47,149 [77a98ace-e102-46e5-a474-eb7ed4f4a4ca@group-B7888055A6AD-StateMachineUpdater] INFO  ratis.ContainerStateMachine (ContainerStateMachine.java:takeSnapshot(304)) - group-B7888055A6AD: Taking a snapshot at:(t:6, i:0) file /home/runner/work/ozone/ozone/hadoop-ozone/integration-test/target/test-dir/MiniOzoneClusterImpl-3dc585a6-3f94-454a-8ee9-12af11f98cc9/datanode-1/data/ratis/be2256f4-bfa3-4061-945b-b7888055a6ad/sm/snapshot.6_0
2022-07-12 23:20:47,149 [77a98ace-e102-46e5-a474-eb7ed4f4a4ca@group-B7888055A6AD->30c4d38c-7dc2-4c52-bffc-86b7b0a91f0d-GrpcLogAppender-LogAppenderDaemon] WARN  server.GrpcLogAppender (GrpcLogAppender.java:mayWait(171)) - 77a98ace-e102-46e5-a474-eb7ed4f4a4ca@group-B7888055A6AD->30c4d38c-7dc2-4c52-bffc-86b7b0a91f0d-GrpcLogAppender: Wait interrupted by java.lang.InterruptedException
2022-07-12 23:20:47,151 [77a98ace-e102-46e5-a474-eb7ed4f4a4ca@group-B7888055A6AD-StateMachineUpdater] INFO  ratis.ContainerStateMachine (ContainerStateMachine.java:takeSnapshot(315)) - group-B7888055A6AD: Finished taking a snapshot at:(t:6, i:0) file:/home/runner/work/ozone/ozone/hadoop-ozone/integration-test/target/test-dir/MiniOzoneClusterImpl-3dc585a6-3f94-454a-8ee9-12af11f98cc9/datanode-1/data/ratis/be2256f4-bfa3-4061-945b-b7888055a6ad/sm/snapshot.6_0 took: 2 ms
2022-07-12 23:20:47,151 [77a98ace-e102-46e5-a474-eb7ed4f4a4ca@group-B7888055A6AD-StateMachineUpdater] INFO  impl.StateMachineUpdater (StateMachineUpdater.java:takeSnapshot(287)) - 77a98ace-e102-46e5-a474-eb7ed4f4a4ca@group-B7888055A6AD-StateMachineUpdater: Took a snapshot at index 0
2022-07-12 23:20:47,151 [77a98ace-e102-46e5-a474-eb7ed4f4a4ca@group-B7888055A6AD-StateMachineUpdater] INFO  impl.StateMachineUpdater (StateMachineUpdater.java:lambda$new$0(92)) - 77a98ace-e102-46e5-a474-eb7ed4f4a4ca@group-B7888055A6AD-StateMachineUpdater: snapshotIndex: updateIncreasingly -1 -> 0
2022-07-12 23:20:47,151 [ForkJoinPool.commonPool-worker-0] INFO  server.RaftServer$Division (ServerState.java:close(429)) - 77a98ace-e102-46e5-a474-eb7ed4f4a4ca@group-B7888055A6AD: closes. applyIndex: 0
2022-07-12 23:20:47,152 [77a98ace-e102-46e5-a474-eb7ed4f4a4ca@group-B7888055A6AD-SegmentedRaftLogWorker] INFO  segmented.SegmentedRaftLogWorker (SegmentedRaftLogWorker.java:run(336)) - 77a98ace-e102-46e5-a474-eb7ed4f4a4ca@group-B7888055A6AD-SegmentedRaftLogWorker was interrupted, exiting. There are 0 tasks remaining in the queue.
2022-07-12 23:20:47,152 [77a98ace-e102-46e5-a474-eb7ed4f4a4ca@group-B7888055A6AD->f5ec0973-3ea4-44f3-b934-b5b86c2ad769-GrpcLogAppender-LogAppenderDaemon] WARN  server.GrpcLogAppender (GrpcLogAppender.java:mayWait(171)) - 77a98ace-e102-46e5-a474-eb7ed4f4a4ca@group-B7888055A6AD->f5ec0973-3ea4-44f3-b934-b5b86c2ad769-GrpcLogAppender: Wait interrupted by java.lang.InterruptedException
2022-07-12 23:20:47,158 [ForkJoinPool.commonPool-worker-0] INFO  segmented.SegmentedRaftLogWorker (SegmentedRaftLogWorker.java:close(246)) - 77a98ace-e102-46e5-a474-eb7ed4f4a4ca@group-B7888055A6AD-SegmentedRaftLogWorker close()
2022-07-12 23:20:47,159 [grpc-default-executor-0] WARN  server.GrpcServerProtocolService (LogUtils.java:warn(122)) - 30c4d38c-7dc2-4c52-bffc-86b7b0a91f0d: installSnapshot onError, lastRequest: 77a98ace-e102-46e5-a474-eb7ed4f4a4ca->30c4d38c-7dc2-4c52-bffc-86b7b0a91f0d#1-t6,previous=(t:0, i:0),leaderCommit=0,initializing? true,entries: size=1, first=(t:6, i:0), CONFIGURATIONENTRY: org.apache.ratis.thirdparty.io.grpc.StatusRuntimeException: CANCELLED: client cancelled
2022-07-12 23:20:47,159 [grpc-default-executor-4] INFO  server.GrpcServerProtocolService (GrpcServerProtocolService.java:onCompleted(140)) - f5ec0973-3ea4-44f3-b934-b5b86c2ad769: Completed APPEND_ENTRIES, lastRequest: 77a98ace-e102-46e5-a474-eb7ed4f4a4ca->f5ec0973-3ea4-44f3-b934-b5b86c2ad769#1-t6,previous=(t:0, i:0),leaderCommit=-1,initializing? true,entries: size=1, first=(t:6, i:0), CONFIGURATIONENTRY
2022-07-12 23:20:47,164 [grpc-default-executor-0] INFO  server.GrpcLogAppender (GrpcLogAppender.java:onCompleted(339)) - 77a98ace-e102-46e5-a474-eb7ed4f4a4ca@group-B7888055A6AD->f5ec0973-3ea4-44f3-b934-b5b86c2ad769-AppendLogResponseHandler: follower responses appendEntries COMPLETED
2022-07-12 23:20:47,166 [ForkJoinPool.commonPool-worker-0] INFO  server.GrpcService (GrpcService.java:closeImpl(269)) - 77a98ace-e102-46e5-a474-eb7ed4f4a4ca: shutdown server with port 44773 now
2022-07-12 23:20:47,167 [grpc-default-executor-5] WARN  server.GrpcServerProtocolService (LogUtils.java:warn(122)) - 30c4d38c-7dc2-4c52-bffc-86b7b0a91f0d: installSnapshot onError, lastRequest: f5ec0973-3ea4-44f3-b934-b5b86c2ad769->30c4d38c-7dc2-4c52-bffc-86b7b0a91f0d#453-t1,previous=(t:1, i:31),leaderCommit=30,initializing? true,entries: size=1, first=(t:1, i:32), METADATAENTRY(c:30): org.apache.ratis.thirdparty.io.grpc.StatusRuntimeException: CANCELLED: client cancelled
2022-07-12 23:20:47,168 [grpc-default-executor-4] INFO  server.GrpcLogAppender (GrpcLogAppender.java:onError(328)) - 77a98ace-e102-46e5-a474-eb7ed4f4a4ca@group-B7888055A6AD->30c4d38c-7dc2-4c52-bffc-86b7b0a91f0d-GrpcLogAppender is stopped
2022-07-12 23:20:47,168 [grpc-default-executor-0] INFO  leader.FollowerInfo (FollowerInfoImpl.java:lambda$new$0(48)) - 77a98ace-e102-46e5-a474-eb7ed4f4a4ca@group-B7888055A6AD->f5ec0973-3ea4-44f3-b934-b5b86c2ad769: nextIndex: updateUnconditionally 1 -> 0
2022-07-12 23:20:47,172 [grpc-default-executor-4] WARN  server.GrpcServerProtocolService (LogUtils.java:warn(122)) - 77a98ace-e102-46e5-a474-eb7ed4f4a4ca: installSnapshot onError, lastRequest: f5ec0973-3ea4-44f3-b934-b5b86c2ad769->77a98ace-e102-46e5-a474-eb7ed4f4a4ca#452-t1,previous=(t:1, i:31),leaderCommit=30,initializing? true,entries: size=1, first=(t:1, i:32), METADATAENTRY(c:30): org.apache.ratis.thirdparty.io.grpc.StatusRuntimeException: CANCELLED: client cancelled
2022-07-12 23:20:47,174 [ForkJoinPool.commonPool-worker-0] INFO  server.GrpcService (GrpcService.java:closeImpl(278)) - 77a98ace-e102-46e5-a474-eb7ed4f4a4ca: shutdown server with port 44773 successfully
2022-07-12 23:20:47,174 [grpc-default-executor-4] WARN  server.GrpcLogAppender (LogUtils.java:warn(122)) - f5ec0973-3ea4-44f3-b934-b5b86c2ad769@group-A5FB98469E93->77a98ace-e102-46e5-a474-eb7ed4f4a4ca-AppendLogResponseHandler: Failed appendEntries: org.apache.ratis.thirdparty.io.grpc.StatusRuntimeException: CANCELLED: RST_STREAM closed stream. HTTP/2 error code: CANCEL
2022-07-12 23:20:47,175 [grpc-default-executor-0] WARN  server.GrpcLogAppender (LogUtils.java:warn(122)) - f5ec0973-3ea4-44f3-b934-b5b86c2ad769@group-A5FB98469E93->30c4d38c-7dc2-4c52-bffc-86b7b0a91f0d-AppendLogResponseHandler: Failed appendEntries: org.apache.ratis.thirdparty.io.grpc.StatusRuntimeException: CANCELLED: RST_STREAM closed stream. HTTP/2 error code: CANCEL
2022-07-12 23:20:47,175 [grpc-default-executor-0] INFO  leader.FollowerInfo (FollowerInfoImpl.java:lambda$new$0(48)) - f5ec0973-3ea4-44f3-b934-b5b86c2ad769@group-A5FB98469E93->30c4d38c-7dc2-4c52-bffc-86b7b0a91f0d: nextIndex: updateUnconditionally 33 -> 32
2022-07-12 23:20:47,175 [org.apache.ratis.util.JvmPauseMonitor$$Lambda$613/1690937419@118dff9f] INFO  util.JvmPauseMonitor (JvmPauseMonitor.java:run(109)) - JvmPauseMonitor-77a98ace-e102-46e5-a474-eb7ed4f4a4ca: Stopped
2022-07-12 23:20:47,175 [grpc-default-executor-4] INFO  leader.FollowerInfo (FollowerInfoImpl.java:lambda$new$0(48)) - f5ec0973-3ea4-44f3-b934-b5b86c2ad769@group-A5FB98469E93->77a98ace-e102-46e5-a474-eb7ed4f4a4ca: nextIndex: updateUnconditionally 33 -> 32
2022-07-12 23:20:47,182 [Listener at 127.0.0.1/35283] INFO  server.GrpcService (GrpcService.java:closeImpl(278)) - 30c4d38c-7dc2-4c52-bffc-86b7b0a91f0d: shutdown server with port 39527 successfully
2022-07-12 23:20:47,182 [org.apache.ratis.util.JvmPauseMonitor$$Lambda$613/1690937419@3e8e78cb] INFO  util.JvmPauseMonitor (JvmPauseMonitor.java:run(109)) - JvmPauseMonitor-30c4d38c-7dc2-4c52-bffc-86b7b0a91f0d: Stopped
2022-07-12 23:20:47,193 [grpc-default-executor-5] WARN  server.GrpcLogAppender (LogUtils.java:warn(122)) - f5ec0973-3ea4-44f3-b934-b5b86c2ad769@group-A5FB98469E93->30c4d38c-7dc2-4c52-bffc-86b7b0a91f0d-AppendLogResponseHandler: Failed appendEntries: org.apache.ratis.thirdparty.io.grpc.StatusRuntimeException: UNAVAILABLE: io exception
2022-07-12 23:20:47,194 [grpc-default-executor-5] INFO  leader.FollowerInfo (FollowerInfoImpl.java:lambda$new$0(48)) - f5ec0973-3ea4-44f3-b934-b5b86c2ad769@group-A5FB98469E93->30c4d38c-7dc2-4c52-bffc-86b7b0a91f0d: nextIndex: updateUnconditionally 33 -> 32
2022-07-12 23:20:47,194 [grpc-default-executor-4] WARN  server.GrpcLogAppender (LogUtils.java:warn(122)) - f5ec0973-3ea4-44f3-b934-b5b86c2ad769@group-A5FB98469E93->77a98ace-e102-46e5-a474-eb7ed4f4a4ca-AppendLogResponseHandler: Failed appendEntries: org.apache.ratis.thirdparty.io.grpc.StatusRuntimeException: UNAVAILABLE: io exception
2022-07-12 23:20:47,196 [grpc-default-executor-4] INFO  leader.FollowerInfo (FollowerInfoImpl.java:lambda$new$0(48)) - f5ec0973-3ea4-44f3-b934-b5b86c2ad769@group-A5FB98469E93->77a98ace-e102-46e5-a474-eb7ed4f4a4ca: nextIndex: updateUnconditionally 33 -> 32
2022-07-12 23:20:47,906 [grpc-default-executor-4] WARN  server.GrpcLogAppender (LogUtils.java:warn(122)) - f5ec0973-3ea4-44f3-b934-b5b86c2ad769@group-A5FB98469E93->30c4d38c-7dc2-4c52-bffc-86b7b0a91f0d-AppendLogResponseHandler: Failed appendEntries: org.apache.ratis.thirdparty.io.grpc.StatusRuntimeException: UNAVAILABLE: io exception
2022-07-12 23:20:47,907 [grpc-default-executor-4] INFO  leader.FollowerInfo (FollowerInfoImpl.java:lambda$new$0(48)) - f5ec0973-3ea4-44f3-b934-b5b86c2ad769@group-A5FB98469E93->30c4d38c-7dc2-4c52-bffc-86b7b0a91f0d: nextIndex: updateUnconditionally 33 -> 32
2022-07-12 23:20:47,913 [grpc-default-executor-4] WARN  server.GrpcLogAppender (LogUtils.java:warn(122)) - f5ec0973-3ea4-44f3-b934-b5b86c2ad769@group-A5FB98469E93->77a98ace-e102-46e5-a474-eb7ed4f4a4ca-AppendLogResponseHandler: Failed appendEntries: org.apache.ratis.thirdparty.io.grpc.StatusRuntimeException: UNAVAILABLE: io exception
2022-07-12 23:20:47,913 [grpc-default-executor-4] INFO  leader.FollowerInfo (FollowerInfoImpl.java:lambda$new$0(48)) - f5ec0973-3ea4-44f3-b934-b5b86c2ad769@group-A5FB98469E93->77a98ace-e102-46e5-a474-eb7ed4f4a4ca: nextIndex: updateUnconditionally 33 -> 32
2022-07-12 23:20:49,157 [grpc-default-executor-4] WARN  server.GrpcLogAppender (LogUtils.java:warn(122)) - f5ec0973-3ea4-44f3-b934-b5b86c2ad769@group-A5FB98469E93->30c4d38c-7dc2-4c52-bffc-86b7b0a91f0d-AppendLogResponseHandler: Failed appendEntries: org.apache.ratis.thirdparty.io.grpc.StatusRuntimeException: UNAVAILABLE: io exception
2022-07-12 23:20:49,158 [grpc-default-executor-4] INFO  leader.FollowerInfo (FollowerInfoImpl.java:lambda$new$0(48)) - f5ec0973-3ea4-44f3-b934-b5b86c2ad769@group-A5FB98469E93->30c4d38c-7dc2-4c52-bffc-86b7b0a91f0d: nextIndex: updateUnconditionally 33 -> 32
2022-07-12 23:20:49,163 [grpc-default-executor-4] WARN  server.GrpcLogAppender (LogUtils.java:warn(122)) - f5ec0973-3ea4-44f3-b934-b5b86c2ad769@group-A5FB98469E93->77a98ace-e102-46e5-a474-eb7ed4f4a4ca-AppendLogResponseHandler: Failed appendEntries: org.apache.ratis.thirdparty.io.grpc.StatusRuntimeException: UNAVAILABLE: io exception
2022-07-12 23:20:49,164 [grpc-default-executor-4] INFO  leader.FollowerInfo (FollowerInfoImpl.java:lambda$new$0(48)) - f5ec0973-3ea4-44f3-b934-b5b86c2ad769@group-A5FB98469E93->77a98ace-e102-46e5-a474-eb7ed4f4a4ca: nextIndex: updateUnconditionally 33 -> 32
2022-07-12 23:20:49,213 [Listener at 127.0.0.1/35283] INFO  utils.BackgroundService (BackgroundService.java:shutdown(132)) - Shutting down service BlockDeletingService
2022-07-12 23:20:49,225 [ForkJoinPool.commonPool-worker-0] INFO  utils.BackgroundService (BackgroundService.java:shutdown(132)) - Shutting down service BlockDeletingService
2022-07-12 23:20:50,408 [grpc-default-executor-4] WARN  server.GrpcLogAppender (LogUtils.java:warn(122)) - f5ec0973-3ea4-44f3-b934-b5b86c2ad769@group-A5FB98469E93->30c4d38c-7dc2-4c52-bffc-86b7b0a91f0d-AppendLogResponseHandler: Failed appendEntries: org.apache.ratis.thirdparty.io.grpc.StatusRuntimeException: UNAVAILABLE: io exception
2022-07-12 23:20:50,409 [grpc-default-executor-4] INFO  leader.FollowerInfo (FollowerInfoImpl.java:lambda$new$0(48)) - f5ec0973-3ea4-44f3-b934-b5b86c2ad769@group-A5FB98469E93->30c4d38c-7dc2-4c52-bffc-86b7b0a91f0d: nextIndex: updateUnconditionally 33 -> 32
2022-07-12 23:20:50,414 [grpc-default-executor-4] WARN  server.GrpcLogAppender (LogUtils.java:warn(122)) - f5ec0973-3ea4-44f3-b934-b5b86c2ad769@group-A5FB98469E93->77a98ace-e102-46e5-a474-eb7ed4f4a4ca-AppendLogResponseHandler: Failed appendEntries: org.apache.ratis.thirdparty.io.grpc.StatusRuntimeException: UNAVAILABLE: io exception
2022-07-12 23:20:50,414 [grpc-default-executor-4] INFO  leader.FollowerInfo (FollowerInfoImpl.java:lambda$new$0(48)) - f5ec0973-3ea4-44f3-b934-b5b86c2ad769@group-A5FB98469E93->77a98ace-e102-46e5-a474-eb7ed4f4a4ca: nextIndex: updateUnconditionally 33 -> 32
2022-07-12 23:20:51,659 [grpc-default-executor-4] WARN  server.GrpcLogAppender (LogUtils.java:warn(122)) - f5ec0973-3ea4-44f3-b934-b5b86c2ad769@group-A5FB98469E93->30c4d38c-7dc2-4c52-bffc-86b7b0a91f0d-AppendLogResponseHandler: Failed appendEntries: org.apache.ratis.thirdparty.io.grpc.StatusRuntimeException: UNAVAILABLE: io exception
2022-07-12 23:20:51,659 [grpc-default-executor-4] INFO  leader.FollowerInfo (FollowerInfoImpl.java:lambda$new$0(48)) - f5ec0973-3ea4-44f3-b934-b5b86c2ad769@group-A5FB98469E93->30c4d38c-7dc2-4c52-bffc-86b7b0a91f0d: nextIndex: updateUnconditionally 33 -> 32
2022-07-12 23:20:51,664 [grpc-default-executor-4] WARN  server.GrpcLogAppender (LogUtils.java:warn(122)) - f5ec0973-3ea4-44f3-b934-b5b86c2ad769@group-A5FB98469E93->77a98ace-e102-46e5-a474-eb7ed4f4a4ca-AppendLogResponseHandler: Failed appendEntries: org.apache.ratis.thirdparty.io.grpc.StatusRuntimeException: UNAVAILABLE: io exception
2022-07-12 23:20:51,668 [grpc-default-executor-4] INFO  leader.FollowerInfo (FollowerInfoImpl.java:lambda$new$0(48)) - f5ec0973-3ea4-44f3-b934-b5b86c2ad769@group-A5FB98469E93->77a98ace-e102-46e5-a474-eb7ed4f4a4ca: nextIndex: updateUnconditionally 33 -> 32
2022-07-12 23:20:52,216 [Listener at 127.0.0.1/35283] INFO  statemachine.DatanodeStateMachine (DatanodeStateMachine.java:stopDaemon(580)) - Ozone container server stopped.
2022-07-12 23:20:52,226 [Listener at 127.0.0.1/35283] INFO  handler.ContextHandler (ContextHandler.java:doStop(1153)) - Stopped o.e.j.w.WebAppContext@19f634ac{hddsDatanode,/,null,STOPPED}{jar:file:/home/runner/.m2/repository/org/apache/ozone/hdds-container-service/1.3.0-SNAPSHOT/hdds-container-service-1.3.0-SNAPSHOT.jar!/webapps/hddsDatanode}
2022-07-12 23:20:52,233 [ForkJoinPool.commonPool-worker-0] INFO  statemachine.DatanodeStateMachine (DatanodeStateMachine.java:stopDaemon(580)) - Ozone container server stopped.
2022-07-12 23:20:52,241 [Listener at 127.0.0.1/35283] INFO  server.AbstractConnector (AbstractConnector.java:doStop(381)) - Stopped ServerConnector@786d9f87{HTTP/1.1, (http/1.1)}{0.0.0.0:0}
2022-07-12 23:20:52,241 [Listener at 127.0.0.1/35283] INFO  server.session (HouseKeeper.java:stopScavenging(149)) - node0 Stopped scavenging
2022-07-12 23:20:52,242 [Listener at 127.0.0.1/35283] INFO  handler.ContextHandler (ContextHandler.java:doStop(1153)) - Stopped o.e.j.s.ServletContextHandler@73950608{static,/static,jar:file:/home/runner/.m2/repository/org/apache/ozone/hdds-container-service/1.3.0-SNAPSHOT/hdds-container-service-1.3.0-SNAPSHOT.jar!/webapps/static,STOPPED}
2022-07-12 23:20:52,242 [Listener at 127.0.0.1/35283] INFO  handler.ContextHandler (ContextHandler.java:doStop(1153)) - Stopped o.e.j.s.ServletContextHandler@4c718b69{logs,/logs,file:///home/runner/work/ozone/ozone/hadoop-ozone/integration-test/target/log,STOPPED}
2022-07-12 23:20:52,249 [ForkJoinPool.commonPool-worker-0] INFO  handler.ContextHandler (ContextHandler.java:doStop(1153)) - Stopped o.e.j.w.WebAppContext@3c5abe41{hddsDatanode,/,null,STOPPED}{jar:file:/home/runner/.m2/repository/org/apache/ozone/hdds-container-service/1.3.0-SNAPSHOT/hdds-container-service-1.3.0-SNAPSHOT.jar!/webapps/hddsDatanode}
2022-07-12 23:20:52,253 [ForkJoinPool.commonPool-worker-0] INFO  server.AbstractConnector (AbstractConnector.java:doStop(381)) - Stopped ServerConnector@5e4bb097{HTTP/1.1, (http/1.1)}{0.0.0.0:0}
2022-07-12 23:20:52,254 [ForkJoinPool.commonPool-worker-0] INFO  server.session (HouseKeeper.java:stopScavenging(149)) - node0 Stopped scavenging
2022-07-12 23:20:52,257 [ForkJoinPool.commonPool-worker-0] INFO  handler.ContextHandler (ContextHandler.java:doStop(1153)) - Stopped o.e.j.s.ServletContextHandler@678074c3{static,/static,jar:file:/home/runner/.m2/repository/org/apache/ozone/hdds-container-service/1.3.0-SNAPSHOT/hdds-container-service-1.3.0-SNAPSHOT.jar!/webapps/static,STOPPED}
2022-07-12 23:20:52,258 [ForkJoinPool.commonPool-worker-0] INFO  handler.ContextHandler (ContextHandler.java:doStop(1153)) - Stopped o.e.j.s.ServletContextHandler@be305f0{logs,/logs,file:///home/runner/work/ozone/ozone/hadoop-ozone/integration-test/target/log,STOPPED}
2022-07-12 23:20:52,909 [grpc-default-executor-4] WARN  server.GrpcLogAppender (LogUtils.java:warn(122)) - f5ec0973-3ea4-44f3-b934-b5b86c2ad769@group-A5FB98469E93->30c4d38c-7dc2-4c52-bffc-86b7b0a91f0d-AppendLogResponseHandler: Failed appendEntries: org.apache.ratis.thirdparty.io.grpc.StatusRuntimeException: UNAVAILABLE: io exception
2022-07-12 23:20:52,912 [grpc-default-executor-4] INFO  leader.FollowerInfo (FollowerInfoImpl.java:lambda$new$0(48)) - f5ec0973-3ea4-44f3-b934-b5b86c2ad769@group-A5FB98469E93->30c4d38c-7dc2-4c52-bffc-86b7b0a91f0d: nextIndex: updateUnconditionally 33 -> 32
2022-07-12 23:20:52,915 [grpc-default-executor-4] WARN  server.GrpcLogAppender (LogUtils.java:warn(122)) - f5ec0973-3ea4-44f3-b934-b5b86c2ad769@group-A5FB98469E93->77a98ace-e102-46e5-a474-eb7ed4f4a4ca-AppendLogResponseHandler: Failed appendEntries: org.apache.ratis.thirdparty.io.grpc.StatusRuntimeException: UNAVAILABLE: io exception
2022-07-12 23:20:52,916 [grpc-default-executor-4] INFO  leader.FollowerInfo (FollowerInfoImpl.java:lambda$new$0(48)) - f5ec0973-3ea4-44f3-b934-b5b86c2ad769@group-A5FB98469E93->77a98ace-e102-46e5-a474-eb7ed4f4a4ca: nextIndex: updateUnconditionally 33 -> 32
2022-07-12 23:20:53,877 [f5ec0973-3ea4-44f3-b934-b5b86c2ad769@group-A5FB98469E93-LeaderStateImpl] WARN  server.RaftServer$Division (LeaderStateImpl.java:checkLeadership(1018)) - f5ec0973-3ea4-44f3-b934-b5b86c2ad769@group-A5FB98469E93-LeaderStateImpl: Lost leadership on term: 1. Election timeout: 5200ms. In charge for: 32128ms. Conf: 0: [77a98ace-e102-46e5-a474-eb7ed4f4a4ca|rpc:10.1.0.13:44773|dataStream:|priority:0, f5ec0973-3ea4-44f3-b934-b5b86c2ad769|rpc:10.1.0.13:36411|dataStream:|priority:1, 30c4d38c-7dc2-4c52-bffc-86b7b0a91f0d|rpc:10.1.0.13:39527|dataStream:|priority:0], old=null
2022-07-12 23:20:53,878 [f5ec0973-3ea4-44f3-b934-b5b86c2ad769@group-A5FB98469E93-LeaderStateImpl] WARN  server.RaftServer$Division (LeaderStateImpl.java:lambda$checkLeadership$17(1022)) - Follower f5ec0973-3ea4-44f3-b934-b5b86c2ad769@group-A5FB98469E93->77a98ace-e102-46e5-a474-eb7ed4f4a4ca(c32,m32,n32, attendVote=true, lastRpcSendTime=962, lastRpcResponseTime=8465)
2022-07-12 23:20:53,878 [f5ec0973-3ea4-44f3-b934-b5b86c2ad769@group-A5FB98469E93-LeaderStateImpl] WARN  server.RaftServer$Division (LeaderStateImpl.java:lambda$checkLeadership$17(1022)) - Follower f5ec0973-3ea4-44f3-b934-b5b86c2ad769@group-A5FB98469E93->30c4d38c-7dc2-4c52-bffc-86b7b0a91f0d(c32,m32,n32, attendVote=true, lastRpcSendTime=968, lastRpcResponseTime=8472)
2022-07-12 23:20:53,878 [f5ec0973-3ea4-44f3-b934-b5b86c2ad769@group-A5FB98469E93-LeaderStateImpl] INFO  server.RaftServer$Division (RaftServerImpl.java:setRole(299)) - f5ec0973-3ea4-44f3-b934-b5b86c2ad769@group-A5FB98469E93: changes role from    LEADER to FOLLOWER at term 1 for StepDownReason:LOST_MAJORITY_HEARTBEATS
2022-07-12 23:20:53,878 [f5ec0973-3ea4-44f3-b934-b5b86c2ad769@group-A5FB98469E93-LeaderStateImpl] INFO  impl.RoleInfo (RoleInfo.java:shutdownLeaderState(93)) - f5ec0973-3ea4-44f3-b934-b5b86c2ad769: shutdown f5ec0973-3ea4-44f3-b934-b5b86c2ad769@group-A5FB98469E93-LeaderStateImpl
2022-07-12 23:20:53,878 [f5ec0973-3ea4-44f3-b934-b5b86c2ad769@group-A5FB98469E93->77a98ace-e102-46e5-a474-eb7ed4f4a4ca-GrpcLogAppender-LogAppenderDaemon] WARN  server.GrpcLogAppender (GrpcLogAppender.java:mayWait(171)) - f5ec0973-3ea4-44f3-b934-b5b86c2ad769@group-A5FB98469E93->77a98ace-e102-46e5-a474-eb7ed4f4a4ca-GrpcLogAppender: Wait interrupted by java.lang.InterruptedException
2022-07-12 23:20:53,879 [f5ec0973-3ea4-44f3-b934-b5b86c2ad769@group-A5FB98469E93->30c4d38c-7dc2-4c52-bffc-86b7b0a91f0d-GrpcLogAppender-LogAppenderDaemon] WARN  server.GrpcLogAppender (GrpcLogAppender.java:mayWait(171)) - f5ec0973-3ea4-44f3-b934-b5b86c2ad769@group-A5FB98469E93->30c4d38c-7dc2-4c52-bffc-86b7b0a91f0d-GrpcLogAppender: Wait interrupted by java.lang.InterruptedException
2022-07-12 23:20:53,879 [f5ec0973-3ea4-44f3-b934-b5b86c2ad769@group-A5FB98469E93-LeaderStateImpl] INFO  impl.PendingRequests (PendingRequests.java:sendNotLeaderResponses(282)) - f5ec0973-3ea4-44f3-b934-b5b86c2ad769@group-A5FB98469E93-PendingRequests: sendNotLeaderResponses
2022-07-12 23:20:53,885 [f5ec0973-3ea4-44f3-b934-b5b86c2ad769@group-A5FB98469E93-LeaderStateImpl] INFO  impl.RoleInfo (RoleInfo.java:updateAndGet(139)) - f5ec0973-3ea4-44f3-b934-b5b86c2ad769: start f5ec0973-3ea4-44f3-b934-b5b86c2ad769@group-A5FB98469E93-FollowerState
2022-07-12 23:20:56,978 [f5ec0973-3ea4-44f3-b934-b5b86c2ad769@group-B7888055A6AD-FollowerState] INFO  impl.FollowerState (FollowerState.java:run(143)) - f5ec0973-3ea4-44f3-b934-b5b86c2ad769@group-B7888055A6AD-FollowerState: change to CANDIDATE, lastRpcElapsedTime:10235998465ns, electionTimeout:5189ms
2022-07-12 23:20:56,978 [f5ec0973-3ea4-44f3-b934-b5b86c2ad769@group-B7888055A6AD-FollowerState] INFO  impl.RoleInfo (RoleInfo.java:shutdownFollowerState(110)) - f5ec0973-3ea4-44f3-b934-b5b86c2ad769: shutdown f5ec0973-3ea4-44f3-b934-b5b86c2ad769@group-B7888055A6AD-FollowerState
2022-07-12 23:20:56,978 [f5ec0973-3ea4-44f3-b934-b5b86c2ad769@group-B7888055A6AD-FollowerState] INFO  server.RaftServer$Division (RaftServerImpl.java:setRole(299)) - f5ec0973-3ea4-44f3-b934-b5b86c2ad769@group-B7888055A6AD: changes role from  FOLLOWER to CANDIDATE at term 6 for changeToCandidate
2022-07-12 23:20:56,978 [f5ec0973-3ea4-44f3-b934-b5b86c2ad769@group-B7888055A6AD-FollowerState] INFO  server.RaftServerConfigKeys (ConfUtils.java:logGet(46)) - raft.server.leaderelection.pre-vote = false (custom)
2022-07-12 23:20:56,978 [f5ec0973-3ea4-44f3-b934-b5b86c2ad769@group-B7888055A6AD-FollowerState] INFO  impl.RoleInfo (RoleInfo.java:updateAndGet(139)) - f5ec0973-3ea4-44f3-b934-b5b86c2ad769: start f5ec0973-3ea4-44f3-b934-b5b86c2ad769@group-B7888055A6AD-LeaderElection16
2022-07-12 23:20:56,991 [f5ec0973-3ea4-44f3-b934-b5b86c2ad769@group-B7888055A6AD-LeaderElection16] INFO  server.RaftServer$Division (ServerState.java:setLeader(287)) - f5ec0973-3ea4-44f3-b934-b5b86c2ad769@group-B7888055A6AD: change Leader from 77a98ace-e102-46e5-a474-eb7ed4f4a4ca to null at term 6 for ELECTION
2022-07-12 23:20:57,002 [f5ec0973-3ea4-44f3-b934-b5b86c2ad769@group-B7888055A6AD-LeaderElection16] INFO  impl.LeaderElection (LeaderElection.java:askForVotes(310)) - f5ec0973-3ea4-44f3-b934-b5b86c2ad769@group-B7888055A6AD-LeaderElection16 ELECTION round 0: submit vote requests at term 7 for 0: [77a98ace-e102-46e5-a474-eb7ed4f4a4ca|rpc:10.1.0.13:44773|dataStream:|priority:1, f5ec0973-3ea4-44f3-b934-b5b86c2ad769|rpc:10.1.0.13:36411|dataStream:|priority:0, 30c4d38c-7dc2-4c52-bffc-86b7b0a91f0d|rpc:10.1.0.13:39527|dataStream:|priority:0], old=null
2022-07-12 23:20:57,020 [f5ec0973-3ea4-44f3-b934-b5b86c2ad769@group-B7888055A6AD-LeaderElection16] INFO  impl.LeaderElection (LogUtils.java:infoOrTrace(137)) - f5ec0973-3ea4-44f3-b934-b5b86c2ad769@group-B7888055A6AD-LeaderElection16 got exception when requesting votes: java.util.concurrent.ExecutionException: org.apache.ratis.thirdparty.io.grpc.StatusRuntimeException: UNAVAILABLE: io exception
2022-07-12 23:20:57,020 [f5ec0973-3ea4-44f3-b934-b5b86c2ad769@group-B7888055A6AD-LeaderElection16] INFO  impl.LeaderElection (LogUtils.java:infoOrTrace(137)) - f5ec0973-3ea4-44f3-b934-b5b86c2ad769@group-B7888055A6AD-LeaderElection16 got exception when requesting votes: java.util.concurrent.ExecutionException: org.apache.ratis.thirdparty.io.grpc.StatusRuntimeException: UNAVAILABLE: io exception
2022-07-12 23:20:57,020 [f5ec0973-3ea4-44f3-b934-b5b86c2ad769@group-B7888055A6AD-LeaderElection16] INFO  impl.LeaderElection (LeaderElection.java:logAndReturn(90)) - f5ec0973-3ea4-44f3-b934-b5b86c2ad769@group-B7888055A6AD-LeaderElection16: ELECTION REJECTED received 0 response(s) and 2 exception(s):
2022-07-12 23:20:57,021 [f5ec0973-3ea4-44f3-b934-b5b86c2ad769@group-B7888055A6AD-LeaderElection16] INFO  impl.LeaderElection (LogUtils.java:infoOrTrace(137)) -   Exception 0: java.util.concurrent.ExecutionException: org.apache.ratis.thirdparty.io.grpc.StatusRuntimeException: UNAVAILABLE: io exception
2022-07-12 23:20:57,021 [f5ec0973-3ea4-44f3-b934-b5b86c2ad769@group-B7888055A6AD-LeaderElection16] INFO  impl.LeaderElection (LogUtils.java:infoOrTrace(137)) -   Exception 1: java.util.concurrent.ExecutionException: org.apache.ratis.thirdparty.io.grpc.StatusRuntimeException: UNAVAILABLE: io exception
2022-07-12 23:20:57,021 [f5ec0973-3ea4-44f3-b934-b5b86c2ad769@group-B7888055A6AD-LeaderElection16] INFO  impl.LeaderElection (LeaderElection.java:askForVotes(312)) - f5ec0973-3ea4-44f3-b934-b5b86c2ad769@group-B7888055A6AD-LeaderElection16 ELECTION round 0: result REJECTED
2022-07-12 23:20:57,021 [f5ec0973-3ea4-44f3-b934-b5b86c2ad769@group-B7888055A6AD-LeaderElection16] INFO  server.RaftServer$Division (RaftServerImpl.java:setRole(299)) - f5ec0973-3ea4-44f3-b934-b5b86c2ad769@group-B7888055A6AD: changes role from CANDIDATE to FOLLOWER at term 7 for REJECTED
2022-07-12 23:20:57,021 [f5ec0973-3ea4-44f3-b934-b5b86c2ad769@group-B7888055A6AD-LeaderElection16] INFO  impl.RoleInfo (RoleInfo.java:shutdownLeaderElection(130)) - f5ec0973-3ea4-44f3-b934-b5b86c2ad769: shutdown f5ec0973-3ea4-44f3-b934-b5b86c2ad769@group-B7888055A6AD-LeaderElection16
2022-07-12 23:20:57,021 [f5ec0973-3ea4-44f3-b934-b5b86c2ad769@group-B7888055A6AD-LeaderElection16] INFO  impl.RoleInfo (RoleInfo.java:updateAndGet(139)) - f5ec0973-3ea4-44f3-b934-b5b86c2ad769: start f5ec0973-3ea4-44f3-b934-b5b86c2ad769@group-B7888055A6AD-FollowerState
2022-07-12 23:20:57,246 [Listener at 127.0.0.1/35283] INFO  ozoneimpl.OzoneContainer (OzoneContainer.java:stop(365)) - Attempting to stop container services.
2022-07-12 23:20:57,246 [Listener at 127.0.0.1/35283] INFO  server.RaftServer (RaftServerProxy.java:lambda$close$7(398)) - 70f31cc1-b868-4362-9ae7-f917c6e45e61: close
2022-07-12 23:20:57,247 [Listener at 127.0.0.1/35283] INFO  server.RaftServer$Division (RaftServerImpl.java:lambda$close$4(434)) - 70f31cc1-b868-4362-9ae7-f917c6e45e61@group-3EF5B320B61F: shutdown
2022-07-12 23:20:57,247 [Listener at 127.0.0.1/35283] INFO  util.JmxRegister (JmxRegister.java:unregister(73)) - Successfully un-registered JMX Bean with object name Ratis:service=RaftServer,group=group-3EF5B320B61F,id=70f31cc1-b868-4362-9ae7-f917c6e45e61
2022-07-12 23:20:57,247 [Listener at 127.0.0.1/35283] INFO  impl.RoleInfo (RoleInfo.java:shutdownLeaderState(93)) - 70f31cc1-b868-4362-9ae7-f917c6e45e61: shutdown 70f31cc1-b868-4362-9ae7-f917c6e45e61@group-3EF5B320B61F-LeaderStateImpl
2022-07-12 23:20:57,247 [Listener at 127.0.0.1/35283] INFO  impl.PendingRequests (PendingRequests.java:sendNotLeaderResponses(282)) - 70f31cc1-b868-4362-9ae7-f917c6e45e61@group-3EF5B320B61F-PendingRequests: sendNotLeaderResponses
2022-07-12 23:20:57,248 [Listener at 127.0.0.1/35283] INFO  impl.StateMachineUpdater (StateMachineUpdater.java:stopAndJoin(153)) - 70f31cc1-b868-4362-9ae7-f917c6e45e61@group-3EF5B320B61F-StateMachineUpdater: set stopIndex = 0
2022-07-12 23:20:57,248 [70f31cc1-b868-4362-9ae7-f917c6e45e61@group-3EF5B320B61F-StateMachineUpdater] INFO  ratis.ContainerStateMachine (ContainerStateMachine.java:takeSnapshot(304)) - group-3EF5B320B61F: Taking a snapshot at:(t:1, i:0) file /home/runner/work/ozone/ozone/hadoop-ozone/integration-test/target/test-dir/MiniOzoneClusterImpl-3dc585a6-3f94-454a-8ee9-12af11f98cc9/datanode-4/data/ratis/793f165e-e15b-487f-93ba-3ef5b320b61f/sm/snapshot.1_0
2022-07-12 23:20:57,249 [70f31cc1-b868-4362-9ae7-f917c6e45e61@group-3EF5B320B61F-StateMachineUpdater] INFO  ratis.ContainerStateMachine (ContainerStateMachine.java:takeSnapshot(315)) - group-3EF5B320B61F: Finished taking a snapshot at:(t:1, i:0) file:/home/runner/work/ozone/ozone/hadoop-ozone/integration-test/target/test-dir/MiniOzoneClusterImpl-3dc585a6-3f94-454a-8ee9-12af11f98cc9/datanode-4/data/ratis/793f165e-e15b-487f-93ba-3ef5b320b61f/sm/snapshot.1_0 took: 1 ms
2022-07-12 23:20:57,249 [70f31cc1-b868-4362-9ae7-f917c6e45e61@group-3EF5B320B61F-StateMachineUpdater] INFO  impl.StateMachineUpdater (StateMachineUpdater.java:takeSnapshot(287)) - 70f31cc1-b868-4362-9ae7-f917c6e45e61@group-3EF5B320B61F-StateMachineUpdater: Took a snapshot at index 0
2022-07-12 23:20:57,249 [70f31cc1-b868-4362-9ae7-f917c6e45e61@group-3EF5B320B61F-StateMachineUpdater] INFO  impl.StateMachineUpdater (StateMachineUpdater.java:lambda$new$0(92)) - 70f31cc1-b868-4362-9ae7-f917c6e45e61@group-3EF5B320B61F-StateMachineUpdater: snapshotIndex: updateIncreasingly -1 -> 0
2022-07-12 23:20:57,249 [Listener at 127.0.0.1/35283] INFO  server.RaftServer$Division (ServerState.java:close(429)) - 70f31cc1-b868-4362-9ae7-f917c6e45e61@group-3EF5B320B61F: closes. applyIndex: 0
2022-07-12 23:20:57,250 [70f31cc1-b868-4362-9ae7-f917c6e45e61@group-3EF5B320B61F-SegmentedRaftLogWorker] INFO  segmented.SegmentedRaftLogWorker (SegmentedRaftLogWorker.java:run(336)) - 70f31cc1-b868-4362-9ae7-f917c6e45e61@group-3EF5B320B61F-SegmentedRaftLogWorker was interrupted, exiting. There are 0 tasks remaining in the queue.
2022-07-12 23:20:57,251 [Listener at 127.0.0.1/35283] INFO  segmented.SegmentedRaftLogWorker (SegmentedRaftLogWorker.java:close(246)) - 70f31cc1-b868-4362-9ae7-f917c6e45e61@group-3EF5B320B61F-SegmentedRaftLogWorker close()
2022-07-12 23:20:57,252 [Listener at 127.0.0.1/35283] INFO  server.GrpcService (GrpcService.java:closeImpl(269)) - 70f31cc1-b868-4362-9ae7-f917c6e45e61: shutdown server with port 35159 now
2022-07-12 23:20:57,253 [Listener at 127.0.0.1/35283] INFO  server.GrpcService (GrpcService.java:closeImpl(278)) - 70f31cc1-b868-4362-9ae7-f917c6e45e61: shutdown server with port 35159 successfully
2022-07-12 23:20:57,254 [org.apache.ratis.util.JvmPauseMonitor$$Lambda$613/1690937419@5d498f27] INFO  util.JvmPauseMonitor (JvmPauseMonitor.java:run(109)) - JvmPauseMonitor-70f31cc1-b868-4362-9ae7-f917c6e45e61: Stopped
2022-07-12 23:20:57,263 [ForkJoinPool.commonPool-worker-0] INFO  ozoneimpl.OzoneContainer (OzoneContainer.java:stop(365)) - Attempting to stop container services.
2022-07-12 23:20:57,264 [ForkJoinPool.commonPool-worker-0] INFO  server.RaftServer (RaftServerProxy.java:lambda$close$7(398)) - f5ec0973-3ea4-44f3-b934-b5b86c2ad769: close
2022-07-12 23:20:57,264 [ForkJoinPool.commonPool-worker-0] INFO  server.RaftServer$Division (RaftServerImpl.java:lambda$close$4(434)) - f5ec0973-3ea4-44f3-b934-b5b86c2ad769@group-A5FB98469E93: shutdown
2022-07-12 23:20:57,264 [ForkJoinPool.commonPool-worker-0] INFO  util.JmxRegister (JmxRegister.java:unregister(73)) - Successfully un-registered JMX Bean with object name Ratis:service=RaftServer,group=group-A5FB98469E93,id=f5ec0973-3ea4-44f3-b934-b5b86c2ad769
2022-07-12 23:20:57,264 [ForkJoinPool.commonPool-worker-0] INFO  impl.RoleInfo (RoleInfo.java:shutdownFollowerState(110)) - f5ec0973-3ea4-44f3-b934-b5b86c2ad769: shutdown f5ec0973-3ea4-44f3-b934-b5b86c2ad769@group-A5FB98469E93-FollowerState
2022-07-12 23:20:57,264 [ForkJoinPool.commonPool-worker-0] INFO  impl.StateMachineUpdater (StateMachineUpdater.java:stopAndJoin(153)) - f5ec0973-3ea4-44f3-b934-b5b86c2ad769@group-A5FB98469E93-StateMachineUpdater: set stopIndex = 32
2022-07-12 23:20:57,264 [f5ec0973-3ea4-44f3-b934-b5b86c2ad769@group-A5FB98469E93-FollowerState] INFO  impl.FollowerState (FollowerState.java:run(152)) - f5ec0973-3ea4-44f3-b934-b5b86c2ad769@group-A5FB98469E93-FollowerState was interrupted
2022-07-12 23:20:57,264 [f5ec0973-3ea4-44f3-b934-b5b86c2ad769@group-A5FB98469E93-StateMachineUpdater] INFO  ratis.ContainerStateMachine (ContainerStateMachine.java:takeSnapshot(304)) - group-A5FB98469E93: Taking a snapshot at:(t:1, i:32) file /home/runner/work/ozone/ozone/hadoop-ozone/integration-test/target/test-dir/MiniOzoneClusterImpl-3dc585a6-3f94-454a-8ee9-12af11f98cc9/datanode-0/data/ratis/c502a4ff-97f2-4597-8003-a5fb98469e93/sm/snapshot.1_32
2022-07-12 23:20:57,266 [f5ec0973-3ea4-44f3-b934-b5b86c2ad769@group-A5FB98469E93-StateMachineUpdater] INFO  ratis.ContainerStateMachine (ContainerStateMachine.java:takeSnapshot(315)) - group-A5FB98469E93: Finished taking a snapshot at:(t:1, i:32) file:/home/runner/work/ozone/ozone/hadoop-ozone/integration-test/target/test-dir/MiniOzoneClusterImpl-3dc585a6-3f94-454a-8ee9-12af11f98cc9/datanode-0/data/ratis/c502a4ff-97f2-4597-8003-a5fb98469e93/sm/snapshot.1_32 took: 2 ms
2022-07-12 23:20:57,266 [f5ec0973-3ea4-44f3-b934-b5b86c2ad769@group-A5FB98469E93-StateMachineUpdater] INFO  impl.StateMachineUpdater (StateMachineUpdater.java:takeSnapshot(287)) - f5ec0973-3ea4-44f3-b934-b5b86c2ad769@group-A5FB98469E93-StateMachineUpdater: Took a snapshot at index 32
2022-07-12 23:20:57,266 [f5ec0973-3ea4-44f3-b934-b5b86c2ad769@group-A5FB98469E93-StateMachineUpdater] INFO  impl.StateMachineUpdater (StateMachineUpdater.java:lambda$new$0(92)) - f5ec0973-3ea4-44f3-b934-b5b86c2ad769@group-A5FB98469E93-StateMachineUpdater: snapshotIndex: updateIncreasingly -1 -> 32
2022-07-12 23:20:57,267 [ForkJoinPool.commonPool-worker-0] INFO  server.RaftServer$Division (ServerState.java:close(429)) - f5ec0973-3ea4-44f3-b934-b5b86c2ad769@group-A5FB98469E93: closes. applyIndex: 32
2022-07-12 23:20:57,267 [f5ec0973-3ea4-44f3-b934-b5b86c2ad769@group-A5FB98469E93-SegmentedRaftLogWorker] INFO  segmented.SegmentedRaftLogWorker (SegmentedRaftLogWorker.java:run(336)) - f5ec0973-3ea4-44f3-b934-b5b86c2ad769@group-A5FB98469E93-SegmentedRaftLogWorker was interrupted, exiting. There are 0 tasks remaining in the queue.
2022-07-12 23:20:57,268 [ForkJoinPool.commonPool-worker-0] INFO  segmented.SegmentedRaftLogWorker (SegmentedRaftLogWorker.java:close(246)) - f5ec0973-3ea4-44f3-b934-b5b86c2ad769@group-A5FB98469E93-SegmentedRaftLogWorker close()
2022-07-12 23:20:57,269 [ForkJoinPool.commonPool-worker-0] INFO  server.RaftServer$Division (RaftServerImpl.java:lambda$close$4(434)) - f5ec0973-3ea4-44f3-b934-b5b86c2ad769@group-000ACE107383: shutdown
2022-07-12 23:20:57,269 [ForkJoinPool.commonPool-worker-0] INFO  util.JmxRegister (JmxRegister.java:unregister(73)) - Successfully un-registered JMX Bean with object name Ratis:service=RaftServer,group=group-000ACE107383,id=f5ec0973-3ea4-44f3-b934-b5b86c2ad769
2022-07-12 23:20:57,269 [ForkJoinPool.commonPool-worker-0] INFO  impl.RoleInfo (RoleInfo.java:shutdownLeaderState(93)) - f5ec0973-3ea4-44f3-b934-b5b86c2ad769: shutdown f5ec0973-3ea4-44f3-b934-b5b86c2ad769@group-000ACE107383-LeaderStateImpl
2022-07-12 23:20:57,269 [ForkJoinPool.commonPool-worker-0] INFO  impl.PendingRequests (PendingRequests.java:sendNotLeaderResponses(282)) - f5ec0973-3ea4-44f3-b934-b5b86c2ad769@group-000ACE107383-PendingRequests: sendNotLeaderResponses
2022-07-12 23:20:57,270 [ForkJoinPool.commonPool-worker-0] INFO  impl.StateMachineUpdater (StateMachineUpdater.java:stopAndJoin(153)) - f5ec0973-3ea4-44f3-b934-b5b86c2ad769@group-000ACE107383-StateMachineUpdater: set stopIndex = 0
2022-07-12 23:20:57,270 [f5ec0973-3ea4-44f3-b934-b5b86c2ad769@group-000ACE107383-StateMachineUpdater] INFO  ratis.ContainerStateMachine (ContainerStateMachine.java:takeSnapshot(304)) - group-000ACE107383: Taking a snapshot at:(t:1, i:0) file /home/runner/work/ozone/ozone/hadoop-ozone/integration-test/target/test-dir/MiniOzoneClusterImpl-3dc585a6-3f94-454a-8ee9-12af11f98cc9/datanode-0/data/ratis/f387fc05-7d7b-447f-8db1-000ace107383/sm/snapshot.1_0
2022-07-12 23:20:57,274 [f5ec0973-3ea4-44f3-b934-b5b86c2ad769@group-000ACE107383-StateMachineUpdater] INFO  ratis.ContainerStateMachine (ContainerStateMachine.java:takeSnapshot(315)) - group-000ACE107383: Finished taking a snapshot at:(t:1, i:0) file:/home/runner/work/ozone/ozone/hadoop-ozone/integration-test/target/test-dir/MiniOzoneClusterImpl-3dc585a6-3f94-454a-8ee9-12af11f98cc9/datanode-0/data/ratis/f387fc05-7d7b-447f-8db1-000ace107383/sm/snapshot.1_0 took: 4 ms
2022-07-12 23:20:57,274 [f5ec0973-3ea4-44f3-b934-b5b86c2ad769@group-000ACE107383-StateMachineUpdater] INFO  impl.StateMachineUpdater (StateMachineUpdater.java:takeSnapshot(287)) - f5ec0973-3ea4-44f3-b934-b5b86c2ad769@group-000ACE107383-StateMachineUpdater: Took a snapshot at index 0
2022-07-12 23:20:57,274 [f5ec0973-3ea4-44f3-b934-b5b86c2ad769@group-000ACE107383-StateMachineUpdater] INFO  impl.StateMachineUpdater (StateMachineUpdater.java:lambda$new$0(92)) - f5ec0973-3ea4-44f3-b934-b5b86c2ad769@group-000ACE107383-StateMachineUpdater: snapshotIndex: updateIncreasingly -1 -> 0
2022-07-12 23:20:57,274 [ForkJoinPool.commonPool-worker-0] INFO  server.RaftServer$Division (ServerState.java:close(429)) - f5ec0973-3ea4-44f3-b934-b5b86c2ad769@group-000ACE107383: closes. applyIndex: 0
2022-07-12 23:20:57,275 [f5ec0973-3ea4-44f3-b934-b5b86c2ad769@group-000ACE107383-SegmentedRaftLogWorker] INFO  segmented.SegmentedRaftLogWorker (SegmentedRaftLogWorker.java:run(336)) - f5ec0973-3ea4-44f3-b934-b5b86c2ad769@group-000ACE107383-SegmentedRaftLogWorker was interrupted, exiting. There are 0 tasks remaining in the queue.
2022-07-12 23:20:57,275 [ForkJoinPool.commonPool-worker-0] INFO  segmented.SegmentedRaftLogWorker (SegmentedRaftLogWorker.java:close(246)) - f5ec0973-3ea4-44f3-b934-b5b86c2ad769@group-000ACE107383-SegmentedRaftLogWorker close()
2022-07-12 23:20:57,281 [ForkJoinPool.commonPool-worker-0] INFO  server.RaftServer$Division (RaftServerImpl.java:lambda$close$4(434)) - f5ec0973-3ea4-44f3-b934-b5b86c2ad769@group-B7888055A6AD: shutdown
2022-07-12 23:20:57,281 [ForkJoinPool.commonPool-worker-0] INFO  util.JmxRegister (JmxRegister.java:unregister(73)) - Successfully un-registered JMX Bean with object name Ratis:service=RaftServer,group=group-B7888055A6AD,id=f5ec0973-3ea4-44f3-b934-b5b86c2ad769
2022-07-12 23:20:57,281 [ForkJoinPool.commonPool-worker-0] INFO  impl.RoleInfo (RoleInfo.java:shutdownFollowerState(110)) - f5ec0973-3ea4-44f3-b934-b5b86c2ad769: shutdown f5ec0973-3ea4-44f3-b934-b5b86c2ad769@group-B7888055A6AD-FollowerState
2022-07-12 23:20:57,281 [ForkJoinPool.commonPool-worker-0] INFO  impl.StateMachineUpdater (StateMachineUpdater.java:stopAndJoin(153)) - f5ec0973-3ea4-44f3-b934-b5b86c2ad769@group-B7888055A6AD-StateMachineUpdater: set stopIndex = 0
2022-07-12 23:20:57,281 [f5ec0973-3ea4-44f3-b934-b5b86c2ad769@group-B7888055A6AD-FollowerState] INFO  impl.FollowerState (FollowerState.java:run(152)) - f5ec0973-3ea4-44f3-b934-b5b86c2ad769@group-B7888055A6AD-FollowerState was interrupted
2022-07-12 23:20:57,281 [f5ec0973-3ea4-44f3-b934-b5b86c2ad769@group-B7888055A6AD-StateMachineUpdater] INFO  ratis.ContainerStateMachine (ContainerStateMachine.java:takeSnapshot(304)) - group-B7888055A6AD: Taking a snapshot at:(t:6, i:0) file /home/runner/work/ozone/ozone/hadoop-ozone/integration-test/target/test-dir/MiniOzoneClusterImpl-3dc585a6-3f94-454a-8ee9-12af11f98cc9/datanode-0/data/ratis/be2256f4-bfa3-4061-945b-b7888055a6ad/sm/snapshot.6_0
2022-07-12 23:20:57,283 [f5ec0973-3ea4-44f3-b934-b5b86c2ad769@group-B7888055A6AD-StateMachineUpdater] INFO  ratis.ContainerStateMachine (ContainerStateMachine.java:takeSnapshot(315)) - group-B7888055A6AD: Finished taking a snapshot at:(t:6, i:0) file:/home/runner/work/ozone/ozone/hadoop-ozone/integration-test/target/test-dir/MiniOzoneClusterImpl-3dc585a6-3f94-454a-8ee9-12af11f98cc9/datanode-0/data/ratis/be2256f4-bfa3-4061-945b-b7888055a6ad/sm/snapshot.6_0 took: 2 ms
2022-07-12 23:20:57,283 [f5ec0973-3ea4-44f3-b934-b5b86c2ad769@group-B7888055A6AD-StateMachineUpdater] INFO  impl.StateMachineUpdater (StateMachineUpdater.java:takeSnapshot(287)) - f5ec0973-3ea4-44f3-b934-b5b86c2ad769@group-B7888055A6AD-StateMachineUpdater: Took a snapshot at index 0
2022-07-12 23:20:57,283 [f5ec0973-3ea4-44f3-b934-b5b86c2ad769@group-B7888055A6AD-StateMachineUpdater] INFO  impl.StateMachineUpdater (StateMachineUpdater.java:lambda$new$0(92)) - f5ec0973-3ea4-44f3-b934-b5b86c2ad769@group-B7888055A6AD-StateMachineUpdater: snapshotIndex: updateIncreasingly -1 -> 0
2022-07-12 23:20:57,283 [ForkJoinPool.commonPool-worker-0] INFO  server.RaftServer$Division (ServerState.java:close(429)) - f5ec0973-3ea4-44f3-b934-b5b86c2ad769@group-B7888055A6AD: closes. applyIndex: 0
2022-07-12 23:20:57,285 [f5ec0973-3ea4-44f3-b934-b5b86c2ad769@group-B7888055A6AD-SegmentedRaftLogWorker] INFO  segmented.SegmentedRaftLogWorker (SegmentedRaftLogWorker.java:run(336)) - f5ec0973-3ea4-44f3-b934-b5b86c2ad769@group-B7888055A6AD-SegmentedRaftLogWorker was interrupted, exiting. There are 0 tasks remaining in the queue.
2022-07-12 23:20:57,285 [ForkJoinPool.commonPool-worker-0] INFO  segmented.SegmentedRaftLogWorker (SegmentedRaftLogWorker.java:close(246)) - f5ec0973-3ea4-44f3-b934-b5b86c2ad769@group-B7888055A6AD-SegmentedRaftLogWorker close()
2022-07-12 23:20:57,286 [ForkJoinPool.commonPool-worker-0] INFO  server.GrpcService (GrpcService.java:closeImpl(269)) - f5ec0973-3ea4-44f3-b934-b5b86c2ad769: shutdown server with port 36411 now
2022-07-12 23:20:57,288 [grpc-default-executor-5] WARN  server.GrpcClientProtocolService (LogUtils.java:warn(122)) - 1-UnorderedRequestStreamObserver1: onError: org.apache.ratis.thirdparty.io.grpc.StatusRuntimeException: CANCELLED: client cancelled
2022-07-12 23:20:57,290 [ForkJoinPool.commonPool-worker-0] INFO  server.GrpcService (GrpcService.java:closeImpl(278)) - f5ec0973-3ea4-44f3-b934-b5b86c2ad769: shutdown server with port 36411 successfully
2022-07-12 23:20:57,290 [org.apache.ratis.util.JvmPauseMonitor$$Lambda$613/1690937419@5049f1bc] INFO  util.JvmPauseMonitor (JvmPauseMonitor.java:run(109)) - JvmPauseMonitor-f5ec0973-3ea4-44f3-b934-b5b86c2ad769: Stopped
2022-07-12 23:20:59,277 [Listener at 127.0.0.1/35283] INFO  utils.BackgroundService (BackgroundService.java:shutdown(132)) - Shutting down service BlockDeletingService
2022-07-12 23:20:59,305 [ForkJoinPool.commonPool-worker-0] INFO  utils.BackgroundService (BackgroundService.java:shutdown(132)) - Shutting down service BlockDeletingService
2022-07-12 23:21:02,286 [Listener at 127.0.0.1/35283] INFO  statemachine.DatanodeStateMachine (DatanodeStateMachine.java:stopDaemon(580)) - Ozone container server stopped.
2022-07-12 23:21:02,295 [Listener at 127.0.0.1/35283] INFO  handler.ContextHandler (ContextHandler.java:doStop(1153)) - Stopped o.e.j.w.WebAppContext@4199b27{hddsDatanode,/,null,STOPPED}{jar:file:/home/runner/.m2/repository/org/apache/ozone/hdds-container-service/1.3.0-SNAPSHOT/hdds-container-service-1.3.0-SNAPSHOT.jar!/webapps/hddsDatanode}
2022-07-12 23:21:02,303 [Listener at 127.0.0.1/35283] INFO  server.AbstractConnector (AbstractConnector.java:doStop(381)) - Stopped ServerConnector@652aac4c{HTTP/1.1, (http/1.1)}{0.0.0.0:0}
2022-07-12 23:21:02,303 [Listener at 127.0.0.1/35283] INFO  server.session (HouseKeeper.java:stopScavenging(149)) - node0 Stopped scavenging
2022-07-12 23:21:02,305 [Listener at 127.0.0.1/35283] INFO  handler.ContextHandler (ContextHandler.java:doStop(1153)) - Stopped o.e.j.s.ServletContextHandler@2d8a6038{static,/static,jar:file:/home/runner/.m2/repository/org/apache/ozone/hdds-container-service/1.3.0-SNAPSHOT/hdds-container-service-1.3.0-SNAPSHOT.jar!/webapps/static,STOPPED}
2022-07-12 23:21:02,305 [Listener at 127.0.0.1/35283] INFO  handler.ContextHandler (ContextHandler.java:doStop(1153)) - Stopped o.e.j.s.ServletContextHandler@42e60139{logs,/logs,file:///home/runner/work/ozone/ozone/hadoop-ozone/integration-test/target/log,STOPPED}
2022-07-12 23:21:02,309 [ForkJoinPool.commonPool-worker-0] INFO  statemachine.DatanodeStateMachine (DatanodeStateMachine.java:stopDaemon(580)) - Ozone container server stopped.
2022-07-12 23:21:02,328 [ForkJoinPool.commonPool-worker-0] INFO  handler.ContextHandler (ContextHandler.java:doStop(1153)) - Stopped o.e.j.w.WebAppContext@18ae9e1b{hddsDatanode,/,null,STOPPED}{jar:file:/home/runner/.m2/repository/org/apache/ozone/hdds-container-service/1.3.0-SNAPSHOT/hdds-container-service-1.3.0-SNAPSHOT.jar!/webapps/hddsDatanode}
2022-07-12 23:21:02,329 [ForkJoinPool.commonPool-worker-0] INFO  server.AbstractConnector (AbstractConnector.java:doStop(381)) - Stopped ServerConnector@3c4570f4{HTTP/1.1, (http/1.1)}{0.0.0.0:0}
2022-07-12 23:21:02,329 [ForkJoinPool.commonPool-worker-0] INFO  server.session (HouseKeeper.java:stopScavenging(149)) - node0 Stopped scavenging
2022-07-12 23:21:02,341 [ForkJoinPool.commonPool-worker-0] INFO  handler.ContextHandler (ContextHandler.java:doStop(1153)) - Stopped o.e.j.s.ServletContextHandler@1d49806{static,/static,jar:file:/home/runner/.m2/repository/org/apache/ozone/hdds-container-service/1.3.0-SNAPSHOT/hdds-container-service-1.3.0-SNAPSHOT.jar!/webapps/static,STOPPED}
2022-07-12 23:21:02,352 [ForkJoinPool.commonPool-worker-0] INFO  handler.ContextHandler (ContextHandler.java:doStop(1153)) - Stopped o.e.j.s.ServletContextHandler@70137569{logs,/logs,file:///home/runner/work/ozone/ozone/hadoop-ozone/integration-test/target/log,STOPPED}
2022-07-12 23:21:07,329 [Listener at 127.0.0.1/35283] INFO  ozoneimpl.OzoneContainer (OzoneContainer.java:stop(365)) - Attempting to stop container services.
2022-07-12 23:21:07,331 [Listener at 127.0.0.1/35283] INFO  server.RaftServer (RaftServerProxy.java:lambda$close$7(398)) - a67e604a-e717-487e-a7c4-14b775c2eed2: close
2022-07-12 23:21:07,332 [Listener at 127.0.0.1/35283] INFO  server.RaftServer$Division (RaftServerImpl.java:lambda$close$4(434)) - a67e604a-e717-487e-a7c4-14b775c2eed2@group-5C04246E697C: shutdown
2022-07-12 23:21:07,332 [Listener at 127.0.0.1/35283] INFO  util.JmxRegister (JmxRegister.java:unregister(73)) - Successfully un-registered JMX Bean with object name Ratis:service=RaftServer,group=group-5C04246E697C,id=a67e604a-e717-487e-a7c4-14b775c2eed2
2022-07-12 23:21:07,332 [Listener at 127.0.0.1/35283] INFO  impl.RoleInfo (RoleInfo.java:shutdownLeaderState(93)) - a67e604a-e717-487e-a7c4-14b775c2eed2: shutdown a67e604a-e717-487e-a7c4-14b775c2eed2@group-5C04246E697C-LeaderStateImpl
2022-07-12 23:21:07,332 [Listener at 127.0.0.1/35283] INFO  impl.PendingRequests (PendingRequests.java:sendNotLeaderResponses(282)) - a67e604a-e717-487e-a7c4-14b775c2eed2@group-5C04246E697C-PendingRequests: sendNotLeaderResponses
2022-07-12 23:21:07,332 [Listener at 127.0.0.1/35283] INFO  impl.StateMachineUpdater (StateMachineUpdater.java:stopAndJoin(153)) - a67e604a-e717-487e-a7c4-14b775c2eed2@group-5C04246E697C-StateMachineUpdater: set stopIndex = 0
2022-07-12 23:21:07,333 [a67e604a-e717-487e-a7c4-14b775c2eed2@group-5C04246E697C-StateMachineUpdater] INFO  ratis.ContainerStateMachine (ContainerStateMachine.java:takeSnapshot(304)) - group-5C04246E697C: Taking a snapshot at:(t:1, i:0) file /home/runner/work/ozone/ozone/hadoop-ozone/integration-test/target/test-dir/MiniOzoneClusterImpl-3dc585a6-3f94-454a-8ee9-12af11f98cc9/datanode-3/data/ratis/f389ec5d-e1b8-40d8-ba73-5c04246e697c/sm/snapshot.1_0
2022-07-12 23:21:07,340 [a67e604a-e717-487e-a7c4-14b775c2eed2@group-5C04246E697C-StateMachineUpdater] INFO  ratis.ContainerStateMachine (ContainerStateMachine.java:takeSnapshot(315)) - group-5C04246E697C: Finished taking a snapshot at:(t:1, i:0) file:/home/runner/work/ozone/ozone/hadoop-ozone/integration-test/target/test-dir/MiniOzoneClusterImpl-3dc585a6-3f94-454a-8ee9-12af11f98cc9/datanode-3/data/ratis/f389ec5d-e1b8-40d8-ba73-5c04246e697c/sm/snapshot.1_0 took: 8 ms
2022-07-12 23:21:07,340 [a67e604a-e717-487e-a7c4-14b775c2eed2@group-5C04246E697C-StateMachineUpdater] INFO  impl.StateMachineUpdater (StateMachineUpdater.java:takeSnapshot(287)) - a67e604a-e717-487e-a7c4-14b775c2eed2@group-5C04246E697C-StateMachineUpdater: Took a snapshot at index 0
2022-07-12 23:21:07,340 [a67e604a-e717-487e-a7c4-14b775c2eed2@group-5C04246E697C-StateMachineUpdater] INFO  impl.StateMachineUpdater (StateMachineUpdater.java:lambda$new$0(92)) - a67e604a-e717-487e-a7c4-14b775c2eed2@group-5C04246E697C-StateMachineUpdater: snapshotIndex: updateIncreasingly -1 -> 0
2022-07-12 23:21:07,340 [Listener at 127.0.0.1/35283] INFO  server.RaftServer$Division (ServerState.java:close(429)) - a67e604a-e717-487e-a7c4-14b775c2eed2@group-5C04246E697C: closes. applyIndex: 0
2022-07-12 23:21:07,341 [a67e604a-e717-487e-a7c4-14b775c2eed2@group-5C04246E697C-SegmentedRaftLogWorker] INFO  segmented.SegmentedRaftLogWorker (SegmentedRaftLogWorker.java:run(336)) - a67e604a-e717-487e-a7c4-14b775c2eed2@group-5C04246E697C-SegmentedRaftLogWorker was interrupted, exiting. There are 0 tasks remaining in the queue.
2022-07-12 23:21:07,342 [Listener at 127.0.0.1/35283] INFO  segmented.SegmentedRaftLogWorker (SegmentedRaftLogWorker.java:close(246)) - a67e604a-e717-487e-a7c4-14b775c2eed2@group-5C04246E697C-SegmentedRaftLogWorker close()
2022-07-12 23:21:07,343 [Listener at 127.0.0.1/35283] INFO  server.GrpcService (GrpcService.java:closeImpl(269)) - a67e604a-e717-487e-a7c4-14b775c2eed2: shutdown server with port 39911 now
2022-07-12 23:21:07,357 [Listener at 127.0.0.1/35283] INFO  server.GrpcService (GrpcService.java:closeImpl(278)) - a67e604a-e717-487e-a7c4-14b775c2eed2: shutdown server with port 39911 successfully
2022-07-12 23:21:07,361 [org.apache.ratis.util.JvmPauseMonitor$$Lambda$613/1690937419@7812e101] INFO  util.JvmPauseMonitor (JvmPauseMonitor.java:run(109)) - JvmPauseMonitor-a67e604a-e717-487e-a7c4-14b775c2eed2: Stopped
2022-07-12 23:21:09,383 [Listener at 127.0.0.1/35283] INFO  utils.BackgroundService (BackgroundService.java:shutdown(132)) - Shutting down service BlockDeletingService
2022-07-12 23:21:12,405 [Listener at 127.0.0.1/35283] INFO  statemachine.DatanodeStateMachine (DatanodeStateMachine.java:stopDaemon(580)) - Ozone container server stopped.
2022-07-12 23:21:12,421 [Listener at 127.0.0.1/35283] INFO  handler.ContextHandler (ContextHandler.java:doStop(1153)) - Stopped o.e.j.w.WebAppContext@670e1bdf{hddsDatanode,/,null,STOPPED}{jar:file:/home/runner/.m2/repository/org/apache/ozone/hdds-container-service/1.3.0-SNAPSHOT/hdds-container-service-1.3.0-SNAPSHOT.jar!/webapps/hddsDatanode}
2022-07-12 23:21:12,422 [Listener at 127.0.0.1/35283] INFO  server.AbstractConnector (AbstractConnector.java:doStop(381)) - Stopped ServerConnector@194ec701{HTTP/1.1, (http/1.1)}{0.0.0.0:0}
2022-07-12 23:21:12,422 [Listener at 127.0.0.1/35283] INFO  server.session (HouseKeeper.java:stopScavenging(149)) - node0 Stopped scavenging
2022-07-12 23:21:12,422 [Listener at 127.0.0.1/35283] INFO  handler.ContextHandler (ContextHandler.java:doStop(1153)) - Stopped o.e.j.s.ServletContextHandler@7ebc160d{static,/static,jar:file:/home/runner/.m2/repository/org/apache/ozone/hdds-container-service/1.3.0-SNAPSHOT/hdds-container-service-1.3.0-SNAPSHOT.jar!/webapps/static,STOPPED}
2022-07-12 23:21:12,423 [Listener at 127.0.0.1/35283] INFO  handler.ContextHandler (ContextHandler.java:doStop(1153)) - Stopped o.e.j.s.ServletContextHandler@16a4961f{logs,/logs,file:///home/runner/work/ozone/ozone/hadoop-ozone/integration-test/target/log,STOPPED}
2022-07-12 23:21:12,433 [Listener at 127.0.0.1/35283] INFO  ozone.MiniOzoneClusterImpl (MiniOzoneClusterImpl.java:stopSCM(537)) - Stopping the StorageContainerManager
2022-07-12 23:21:12,433 [Listener at 127.0.0.1/35283] INFO  server.StorageContainerManager (StorageContainerManager.java:stop(1514)) - Container Balancer is not running.
2022-07-12 23:21:12,434 [Listener at 127.0.0.1/35283] INFO  server.StorageContainerManager (StorageContainerManager.java:stop(1521)) - Stopping Replication Manager Service.
2022-07-12 23:21:12,434 [Listener at 127.0.0.1/35283] INFO  replication.ReplicationManager (ReplicationManager.java:stop(219)) - Stopping Replication Monitor Thread.
2022-07-12 23:21:12,434 [Listener at 127.0.0.1/35283] INFO  server.StorageContainerManager (StorageContainerManager.java:stop(1528)) - Stopping the Datanode Admin Monitor.
2022-07-12 23:21:12,434 [Listener at 127.0.0.1/35283] INFO  server.StorageContainerManager (StorageContainerManager.java:stop(1535)) - Stopping Lease Manager of the command watchers
2022-07-12 23:21:12,434 [Listener at 127.0.0.1/35283] INFO  server.StorageContainerManager (StorageContainerManager.java:stop(1542)) - Stopping datanode service RPC server
2022-07-12 23:21:12,434 [Listener at 127.0.0.1/35283] INFO  server.SCMDatanodeProtocolServer (SCMDatanodeProtocolServer.java:stop(414)) - Stopping the RPC server for DataNodes
2022-07-12 23:21:12,434 [Listener at 127.0.0.1/35283] INFO  ipc.Server (Server.java:stop(3414)) - Stopping server on 41777
2022-07-12 23:21:12,435 [ReplicationMonitor] INFO  replication.ReplicationManager (ReplicationManager.java:run(389)) - Replication Monitor Thread is stopped
2022-07-12 23:21:12,435 [IPC Server listener on 0] INFO  ipc.Server (Server.java:run(1376)) - Stopping IPC Server listener on 0
2022-07-12 23:21:12,436 [IPC Server Responder] INFO  ipc.Server (Server.java:run(1512)) - Stopping IPC Server Responder
2022-07-12 23:21:12,448 [SCM Heartbeat Processing Thread - 0] WARN  node.NodeStateManager (NodeStateManager.java:scheduleNextHealthCheck(870)) - Current Thread is interrupted, shutting down HB processing thread for Node Manager.
2022-07-12 23:21:12,448 [Listener at 127.0.0.1/35283] INFO  server.StorageContainerManager (StorageContainerManager.java:stop(1550)) - Stopping block service RPC server
2022-07-12 23:21:12,448 [Listener at 127.0.0.1/35283] INFO  server.SCMBlockProtocolServer (SCMBlockProtocolServer.java:stop(161)) - Stopping the RPC server for Block Protocol
2022-07-12 23:21:12,448 [Listener at 127.0.0.1/35283] INFO  ipc.Server (Server.java:stop(3414)) - Stopping server on 37097
2022-07-12 23:21:12,461 [IPC Server listener on 0] INFO  ipc.Server (Server.java:run(1376)) - Stopping IPC Server listener on 0
2022-07-12 23:21:12,461 [Listener at 127.0.0.1/35283] INFO  server.StorageContainerManager (StorageContainerManager.java:stop(1557)) - Stopping the StorageContainerLocationProtocol RPC server
2022-07-12 23:21:12,461 [Listener at 127.0.0.1/35283] INFO  server.SCMClientProtocolServer (SCMClientProtocolServer.java:stop(179)) - Stopping the RPC server for Client Protocol
2022-07-12 23:21:12,461 [Listener at 127.0.0.1/35283] INFO  ipc.Server (Server.java:stop(3414)) - Stopping server on 44643
2022-07-12 23:21:12,462 [IPC Server Responder] INFO  ipc.Server (Server.java:run(1512)) - Stopping IPC Server Responder
2022-07-12 23:21:12,465 [IPC Server listener on 0] INFO  ipc.Server (Server.java:run(1376)) - Stopping IPC Server listener on 0
2022-07-12 23:21:12,465 [Listener at 127.0.0.1/35283] INFO  server.StorageContainerManager (StorageContainerManager.java:stop(1564)) - Stopping Storage Container Manager HTTP server.
2022-07-12 23:21:12,466 [Listener at 127.0.0.1/35283] INFO  handler.ContextHandler (ContextHandler.java:doStop(1153)) - Stopped o.e.j.w.WebAppContext@64836643{scm,/,null,STOPPED}{file:/home/runner/work/ozone/ozone/hadoop-ozone/integration-test/target/test-classes/webapps/scm}
2022-07-12 23:21:12,466 [IPC Server Responder] INFO  ipc.Server (Server.java:run(1512)) - Stopping IPC Server Responder
2022-07-12 23:21:12,466 [Listener at 127.0.0.1/35283] INFO  server.AbstractConnector (AbstractConnector.java:doStop(381)) - Stopped ServerConnector@20d92f1e{HTTP/1.1, (http/1.1)}{0.0.0.0:0}
2022-07-12 23:21:12,466 [Listener at 127.0.0.1/35283] INFO  server.session (HouseKeeper.java:stopScavenging(149)) - node0 Stopped scavenging
2022-07-12 23:21:12,467 [Listener at 127.0.0.1/35283] INFO  handler.ContextHandler (ContextHandler.java:doStop(1153)) - Stopped o.e.j.s.ServletContextHandler@62d21afd{static,/static,file:///home/runner/work/ozone/ozone/hadoop-ozone/integration-test/target/test-classes/webapps/static,STOPPED}
2022-07-12 23:21:12,467 [Listener at 127.0.0.1/35283] INFO  handler.ContextHandler (ContextHandler.java:doStop(1153)) - Stopped o.e.j.s.ServletContextHandler@4d24ab25{logs,/logs,file:///home/runner/work/ozone/ozone/hadoop-ozone/integration-test/target/log,STOPPED}
2022-07-12 23:21:12,473 [Listener at 127.0.0.1/35283] INFO  server.StorageContainerManager (StorageContainerManager.java:stop(1575)) - Stopping Block Manager Service.
2022-07-12 23:21:12,473 [Listener at 127.0.0.1/35283] INFO  utils.BackgroundService (BackgroundService.java:shutdown(132)) - Shutting down service SCMBlockDeletingService
2022-07-12 23:21:12,473 [Listener at 127.0.0.1/35283] INFO  utils.BackgroundService (BackgroundService.java:shutdown(132)) - Shutting down service SCMBlockDeletingService
2022-07-12 23:21:12,473 [Listener at 127.0.0.1/35283] INFO  server.StorageContainerManager (StorageContainerManager.java:stop(1602)) - Stopping SCM Event Queue.
2022-07-12 23:21:12,478 [Listener at 127.0.0.1/35283] INFO  server.StorageContainerManager (StorageContainerManager.java:stop(1613)) - Stopping SCM HA services.
2022-07-12 23:21:12,478 [Listener at 127.0.0.1/35283] INFO  pipeline.BackgroundPipelineCreator (BackgroundPipelineCreator.java:stop(149)) - Stopping RatisPipelineUtilsThread.
2022-07-12 23:21:12,478 [RatisPipelineUtilsThread - 0] WARN  pipeline.BackgroundPipelineCreator (BackgroundPipelineCreator.java:run(180)) - RatisPipelineUtilsThread is interrupted.
2022-07-12 23:21:12,478 [BackgroundPipelineScrubberThread] WARN  BackgroundPipelineScrubber (BackgroundSCMService.java:run(110)) - BackgroundPipelineScrubber is interrupted, exit
2022-07-12 23:21:12,478 [Listener at 127.0.0.1/35283] INFO  BackgroundPipelineScrubber (BackgroundSCMService.java:stop(126)) - Stopping BackgroundPipelineScrubber Service.
2022-07-12 23:21:12,479 [Listener at 127.0.0.1/35283] INFO  server.StorageContainerManager (StorageContainerManager.java:stop(1623)) - Stopping SCM MetadataStore.
2022-07-12 23:21:12,482 [Listener at 127.0.0.1/35283] INFO  impl.MetricsSystemImpl (MetricsSystemImpl.java:stop(210)) - Stopping XceiverClientMetrics metrics system...
2022-07-12 23:21:12,516 [prometheus] INFO  impl.MetricsSinkAdapter (MetricsSinkAdapter.java:publishMetricsFromQueue(141)) - prometheus thread interrupted.
2022-07-12 23:21:12,516 [Listener at 127.0.0.1/35283] INFO  impl.MetricsSystemImpl (MetricsSystemImpl.java:stop(216)) - XceiverClientMetrics metrics system stopped.
2022-07-12 23:21:12,753 [Listener at 127.0.0.1/35283] WARN  server.ServerUtils (ServerUtils.java:getScmDbDir(148)) - ozone.scm.db.dirs is not configured. We recommend adding this setting. Falling back to ozone.metadata.dirs instead.
2022-07-12 23:21:12,773 [Listener at 127.0.0.1/35283] WARN  server.ServerUtils (ServerUtils.java:getScmDbDir(148)) - ozone.scm.db.dirs is not configured. We recommend adding this setting. Falling back to ozone.metadata.dirs instead.
2022-07-12 23:21:12,774 [Listener at 127.0.0.1/35283] INFO  ha.SCMHANodeDetails (SCMHANodeDetails.java:loadSCMHAConfig(209)) - ServiceID for StorageContainerManager is null
2022-07-12 23:21:12,774 [Listener at 127.0.0.1/35283] INFO  ha.SCMHANodeDetails (SCMHANodeDetails.java:loadSCMHAConfig(214)) - ozone.scm.default.service.id is not defined, falling back to ozone.scm.service.ids to find serviceID for StorageContainerManager if it is HA enabled cluster
2022-07-12 23:21:12,775 [Listener at 127.0.0.1/35283] WARN  utils.HAUtils (HAUtils.java:getMetaDir(342)) - ozone.scm.db.dirs is not configured. We recommend adding this setting. Falling back to ozone.metadata.dirs instead.
2022-07-12 23:21:12,775 [Listener at 127.0.0.1/35283] WARN  db.DBStoreBuilder (DBStoreBuilder.java:applyDBDefinition(145)) - ozone.scm.db.dirs is not configured. We recommend adding this setting. Falling back to ozone.metadata.dirs instead.
2022-07-12 23:21:13,070 [Listener at 127.0.0.1/35283] INFO  net.NodeSchemaLoader (NodeSchemaLoader.java:loadSchemaFromFile(129)) - Loading schema from [jar:file:/home/runner/.m2/repository/org/apache/ozone/hdds-common/1.3.0-SNAPSHOT/hdds-common-1.3.0-SNAPSHOT.jar!/network-topology-default.xml]
2022-07-12 23:21:13,070 [Listener at 127.0.0.1/35283] INFO  net.NodeSchemaLoader (NodeSchemaLoader.java:loadSchema(176)) - Loading network topology layer schema file
2022-07-12 23:21:13,074 [Listener at 127.0.0.1/35283] INFO  upgrade.AbstractLayoutVersionManager (AbstractLayoutVersionManager.java:init(83)) - Initializing Layout version manager with metadata layout = DATANODE_SCHEMA_V3 (version = 4), software layout = DATANODE_SCHEMA_V3 (version = 4)
2022-07-12 23:21:13,212 [Listener at 127.0.0.1/35283] INFO  reflections.Reflections (Reflections.java:scan(232)) - Reflections took 136 ms to scan 7 urls, producing 132 keys and 317 values 
2022-07-12 23:21:13,222 [Listener at 127.0.0.1/35283] INFO  ha.SequenceIdGenerator (SequenceIdGenerator.java:upgradeToSequenceId(349)) - upgrade localId to 109611004723200000
2022-07-12 23:21:13,223 [Listener at 127.0.0.1/35283] INFO  ha.SequenceIdGenerator (SequenceIdGenerator.java:upgradeToSequenceId(359)) - upgrade delTxnId to 0
2022-07-12 23:21:13,223 [Listener at 127.0.0.1/35283] INFO  ha.SequenceIdGenerator (SequenceIdGenerator.java:upgradeToSequenceId(376)) - upgrade containerId to 0
2022-07-12 23:21:13,223 [Listener at 127.0.0.1/35283] INFO  ha.SequenceIdGenerator (SequenceIdGenerator.java:<init>(220)) - Init the HA SequenceIdGenerator.
2022-07-12 23:21:13,224 [Listener at 127.0.0.1/35283] WARN  server.ServerUtils (ServerUtils.java:sanitizeUserArgs(73)) - ozone.scm.stale.node.interval value = 300000 is larger than max = 100000 based on the key value of ozone.scm.heartbeat.thread.interval, reset to the max value 100000.
2022-07-12 23:21:13,224 [Listener at 127.0.0.1/35283] WARN  server.ServerUtils (ServerUtils.java:sanitizeUserArgs(73)) - ozone.scm.stale.node.interval value = 300000 is larger than max = 100000 based on the key value of ozone.scm.heartbeat.thread.interval, reset to the max value 100000.
2022-07-12 23:21:13,226 [Listener at 127.0.0.1/35283] INFO  node.SCMNodeManager (SCMNodeManager.java:<init>(149)) - Entering startup safe mode.
2022-07-12 23:21:13,230 [Listener at 127.0.0.1/35283] INFO  algorithms.ContainerPlacementPolicyFactory (ContainerPlacementPolicyFactory.java:getPolicyInternal(86)) - Create container placement policy of type org.apache.hadoop.hdds.scm.container.placement.algorithms.SCMContainerPlacementRandom
2022-07-12 23:21:13,231 [Listener at 127.0.0.1/35283] INFO  pipeline.PipelineStateManagerImpl (PipelineStateManagerImpl.java:initialize(78)) - No pipeline exists in current db
2022-07-12 23:21:13,231 [Listener at 127.0.0.1/35283] INFO  algorithms.LeaderChoosePolicyFactory (LeaderChoosePolicyFactory.java:getPolicy(57)) - Create leader choose policy of type org.apache.hadoop.hdds.scm.pipeline.leader.choose.algorithms.MinLeaderCountChoosePolicy
2022-07-12 23:21:13,231 [Listener at 127.0.0.1/35283] INFO  algorithms.ContainerPlacementPolicyFactory (ContainerPlacementPolicyFactory.java:getPolicyInternal(86)) - Create container placement policy of type org.apache.hadoop.hdds.scm.container.placement.algorithms.SCMContainerPlacementRackScatter
2022-07-12 23:21:13,232 [Listener at 127.0.0.1/35283] INFO  ha.SCMServiceManager (SCMServiceManager.java:register(42)) - Registering service BackgroundPipelineCreator.
2022-07-12 23:21:13,232 [Listener at 127.0.0.1/35283] INFO  pipeline.BackgroundPipelineCreator (BackgroundPipelineCreator.java:start(124)) - Starting RatisPipelineUtilsThread.
2022-07-12 23:21:13,245 [Listener at 127.0.0.1/35283] INFO  BackgroundPipelineScrubber (BackgroundSCMService.java:start(68)) - Starting BackgroundPipelineScrubber Service.
2022-07-12 23:21:13,249 [Listener at 127.0.0.1/35283] INFO  ha.SCMServiceManager (SCMServiceManager.java:register(42)) - Registering service BackgroundPipelineScrubber.
2022-07-12 23:21:13,250 [Listener at 127.0.0.1/35283] INFO  ExpiredContainerReplicaOpScrubber (BackgroundSCMService.java:start(68)) - Starting ExpiredContainerReplicaOpScrubber Service.
2022-07-12 23:21:13,254 [Listener at 127.0.0.1/35283] INFO  ha.SCMServiceManager (SCMServiceManager.java:register(42)) - Registering service ExpiredContainerReplicaOpScrubber.
2022-07-12 23:21:13,255 [Listener at 127.0.0.1/35283] INFO  algorithms.PipelineChoosePolicyFactory (PipelineChoosePolicyFactory.java:createPipelineChoosePolicyFromClass(73)) - Create pipeline choose policy of type org.apache.hadoop.hdds.scm.pipeline.choose.algorithms.RandomPipelineChoosePolicy
2022-07-12 23:21:13,255 [Listener at 127.0.0.1/35283] INFO  ha.SCMServiceManager (SCMServiceManager.java:register(42)) - Registering service SCMBlockDeletingService.
2022-07-12 23:21:13,255 [Listener at 127.0.0.1/35283] INFO  replication.ReplicationManager (ReplicationManager.java:start(186)) - Starting Replication Monitor Thread.
2022-07-12 23:21:13,256 [Listener at 127.0.0.1/35283] INFO  ha.SCMServiceManager (SCMServiceManager.java:register(42)) - Registering service ReplicationManager.
2022-07-12 23:21:13,256 [Listener at 127.0.0.1/35283] INFO  safemode.ContainerSafeModeRule (ContainerSafeModeRule.java:<init>(89)) - containers with one replica threshold count 0
2022-07-12 23:21:13,256 [Listener at 127.0.0.1/35283] INFO  safemode.HealthyPipelineSafeModeRule (HealthyPipelineSafeModeRule.java:initializeRule(169)) - Total pipeline count is 0, healthy pipeline threshold count is 1
2022-07-12 23:21:13,256 [Listener at 127.0.0.1/35283] INFO  safemode.OneReplicaPipelineSafeModeRule (OneReplicaPipelineSafeModeRule.java:initializeRule(180)) - Total pipeline count is 0, pipeline's with at least one datanode reported threshold count is 0
2022-07-12 23:21:13,257 [ReplicationMonitor] INFO  replication.ReplicationManager (ReplicationManager.java:processAll(235)) - Replication Manager is not ready to run until 3000ms after safemode exit
2022-07-12 23:21:13,266 [Listener at 127.0.0.1/35283] INFO  ipc.CallQueueManager (CallQueueManager.java:<init>(90)) - Using callQueue: class java.util.concurrent.LinkedBlockingQueue, queueCapacity: 2000, scheduler: class org.apache.hadoop.ipc.DefaultRpcScheduler, ipcBackoff: false.
2022-07-12 23:21:13,283 [Socket Reader #1 for port 0] INFO  ipc.Server (Server.java:run(1265)) - Starting Socket Reader #1 for port 0
2022-07-12 23:21:13,294 [Listener at 0.0.0.0/41499] INFO  ipc.CallQueueManager (CallQueueManager.java:<init>(90)) - Using callQueue: class java.util.concurrent.LinkedBlockingQueue, queueCapacity: 2000, scheduler: class org.apache.hadoop.ipc.DefaultRpcScheduler, ipcBackoff: false.
2022-07-12 23:21:13,295 [Socket Reader #1 for port 0] INFO  ipc.Server (Server.java:run(1265)) - Starting Socket Reader #1 for port 0
2022-07-12 23:21:13,295 [Listener at 0.0.0.0/35947] INFO  ipc.CallQueueManager (CallQueueManager.java:<init>(90)) - Using callQueue: class java.util.concurrent.LinkedBlockingQueue, queueCapacity: 2000, scheduler: class org.apache.hadoop.ipc.DefaultRpcScheduler, ipcBackoff: false.
2022-07-12 23:21:13,298 [Socket Reader #1 for port 0] INFO  ipc.Server (Server.java:run(1265)) - Starting Socket Reader #1 for port 0
2022-07-12 23:21:13,355 [Listener at 0.0.0.0/42347] INFO  ha.SCMServiceManager (SCMServiceManager.java:register(42)) - Registering service ContainerBalancer.
2022-07-12 23:21:13,356 [Listener at 0.0.0.0/42347] INFO  server.StorageContainerManager (StorageContainerManager.java:<init>(401)) - 
Container Balancer status:
Key                            Value
Running                        false
Container Balancer Configuration values:
Key                                                Value
Threshold                                          10
Max Datanodes to Involve per Iteration(percent)    20
Max Size to Move per Iteration                     500GB
Max Size Entering Target per Iteration             26GB
Max Size Leaving Source per Iteration              26GB

2022-07-12 23:21:13,356 [Listener at 0.0.0.0/42347] WARN  events.EventQueue (EventQueue.java:fireEvent(216)) - No event handler registered for event TypedEvent{payloadType=SafeModeStatus, name='Safe mode status'}
2022-07-12 23:21:13,356 [Listener at 0.0.0.0/42347] INFO  ha.SCMContext (SCMContext.java:updateSafeModeStatus(228)) - Update SafeModeStatus from SafeModeStatus{safeModeStatus=true, preCheckPassed=false} to SafeModeStatus{safeModeStatus=true, preCheckPassed=false}.
2022-07-12 23:21:13,356 [Listener at 0.0.0.0/42347] INFO  server.StorageContainerManager (StorageContainerManager.java:start(1422)) - StorageContainerLocationProtocol RPC server is listening at /0.0.0.0:42347
2022-07-12 23:21:13,366 [Listener at 0.0.0.0/42347] WARN  impl.MetricsConfig (MetricsConfig.java:loadFirst(136)) - Cannot locate configuration: tried hadoop-metrics2-storagecontainermanager.properties,hadoop-metrics2.properties
2022-07-12 23:21:13,377 [Listener at 0.0.0.0/42347] INFO  impl.MetricsSystemImpl (MetricsSystemImpl.java:startTimer(378)) - Scheduled Metric snapshot period at 10 second(s).
2022-07-12 23:21:13,377 [Listener at 0.0.0.0/42347] INFO  impl.MetricsSystemImpl (MetricsSystemImpl.java:start(191)) - StorageContainerManager metrics system started
2022-07-12 23:21:13,409 [Listener at 0.0.0.0/42347] INFO  impl.MetricsSinkAdapter (MetricsSinkAdapter.java:start(204)) - Sink prometheus started
2022-07-12 23:21:13,413 [Listener at 0.0.0.0/42347] INFO  impl.MetricsSystemImpl (MetricsSystemImpl.java:registerSink(305)) - Registered sink prometheus
2022-07-12 23:21:13,450 [Listener at 0.0.0.0/42347] INFO  server.SCMClientProtocolServer (SCMClientProtocolServer.java:start(170)) - RPC server for Client  is listening at /0.0.0.0:42347
2022-07-12 23:21:13,453 [IPC Server Responder] INFO  ipc.Server (Server.java:run(1507)) - IPC Server Responder: starting
2022-07-12 23:21:13,461 [IPC Server listener on 0] INFO  ipc.Server (Server.java:run(1344)) - IPC Server listener on 0: starting
2022-07-12 23:21:13,487 [Listener at 0.0.0.0/42347] INFO  server.StorageContainerManager (StorageContainerManager.java:start(1437)) - ScmBlockLocationProtocol RPC server is listening at /0.0.0.0:35947
2022-07-12 23:21:13,488 [Listener at 0.0.0.0/42347] INFO  server.SCMBlockProtocolServer (SCMBlockProtocolServer.java:start(152)) - RPC server for Block Protocol is listening at /0.0.0.0:35947
2022-07-12 23:21:13,488 [IPC Server Responder] INFO  ipc.Server (Server.java:run(1507)) - IPC Server Responder: starting
2022-07-12 23:21:13,489 [IPC Server listener on 0] INFO  ipc.Server (Server.java:run(1344)) - IPC Server listener on 0: starting
2022-07-12 23:21:13,492 [Listener at 0.0.0.0/42347] INFO  server.SCMDatanodeProtocolServer (SCMDatanodeProtocolServer.java:start(186)) - ScmDatanodeProtocol RPC server for DataNodes is listening at /0.0.0.0:41499
2022-07-12 23:21:13,493 [IPC Server Responder] INFO  ipc.Server (Server.java:run(1507)) - IPC Server Responder: starting
2022-07-12 23:21:13,493 [IPC Server listener on 0] INFO  ipc.Server (Server.java:run(1344)) - IPC Server listener on 0: starting
2022-07-12 23:21:13,512 [Listener at 0.0.0.0/42347] INFO  http.BaseHttpServer (BaseHttpServer.java:newHttpServer2BuilderForOzone(209)) - Starting Web-server for scm at: http://0.0.0.0:0
2022-07-12 23:21:13,512 [Listener at 0.0.0.0/42347] INFO  http.BaseHttpServer (BaseHttpServer.java:<init>(107)) - Hadoop Security Enabled: false Ozone Security Enabled: false Ozone HTTP Security Enabled: false 
2022-07-12 23:21:13,514 [Listener at 0.0.0.0/42347] INFO  server.AuthenticationFilter (AuthenticationFilter.java:constructSecretProvider(240)) - Unable to initialize FileSignerSecretProvider, falling back to use random secrets.
2022-07-12 23:21:13,517 [org.apache.hadoop.util.JvmPauseMonitor$Monitor@189a2927] INFO  util.JvmPauseMonitor (JvmPauseMonitor.java:run(188)) - Starting JVM pause monitor
2022-07-12 23:21:13,517 [Listener at 0.0.0.0/42347] WARN  http.HttpRequestLog (HttpRequestLog.java:getRequestLog(103)) - Jetty request log can only be enabled using Log4j
2022-07-12 23:21:13,518 [Listener at 0.0.0.0/42347] INFO  http.HttpServer2 (HttpServer2.java:addGlobalFilter(1029)) - Added global filter 'safety' (class=org.apache.hadoop.hdds.server.http.HttpServer2$QuotingInputFilter)
2022-07-12 23:21:13,521 [Listener at 0.0.0.0/42347] INFO  http.HttpServer2 (HttpServer2.java:addFilter(1005)) - Added filter static_user_filter (class=org.apache.hadoop.http.lib.StaticUserWebFilter$StaticUserFilter) to context scm
2022-07-12 23:21:13,522 [Listener at 0.0.0.0/42347] INFO  http.HttpServer2 (HttpServer2.java:addFilter(1013)) - Added filter static_user_filter (class=org.apache.hadoop.http.lib.StaticUserWebFilter$StaticUserFilter) to context static
2022-07-12 23:21:13,522 [Listener at 0.0.0.0/42347] INFO  http.HttpServer2 (HttpServer2.java:addFilter(1013)) - Added filter static_user_filter (class=org.apache.hadoop.http.lib.StaticUserWebFilter$StaticUserFilter) to context logs
2022-07-12 23:21:13,522 [Listener at 0.0.0.0/42347] INFO  http.HttpServer2 (HttpServer2.java:bindListener(1248)) - Jetty bound to port 42729
2022-07-12 23:21:13,522 [Listener at 0.0.0.0/42347] INFO  server.Server (Server.java:doStart(375)) - jetty-9.4.43.v20210629; built: 2021-06-30T11:07:22.254Z; git: 526006ecfa3af7f1a27ef3a288e2bef7ea9dd7e8; jvm 1.8.0_332-b09
2022-07-12 23:21:13,526 [Listener at 0.0.0.0/42347] INFO  server.session (DefaultSessionIdManager.java:doStart(334)) - DefaultSessionIdManager workerName=node0
2022-07-12 23:21:13,526 [Listener at 0.0.0.0/42347] INFO  server.session (DefaultSessionIdManager.java:doStart(339)) - No SessionScavenger set, using defaults
2022-07-12 23:21:13,526 [Listener at 0.0.0.0/42347] INFO  server.session (HouseKeeper.java:startScavenging(132)) - node0 Scavenging every 660000ms
2022-07-12 23:21:13,527 [Listener at 0.0.0.0/42347] INFO  handler.ContextHandler (ContextHandler.java:doStart(915)) - Started o.e.j.s.ServletContextHandler@18473bda{logs,/logs,file:///home/runner/work/ozone/ozone/hadoop-ozone/integration-test/target/log,AVAILABLE}
2022-07-12 23:21:13,527 [Listener at 0.0.0.0/42347] INFO  handler.ContextHandler (ContextHandler.java:doStart(915)) - Started o.e.j.s.ServletContextHandler@618707b0{static,/static,file:///home/runner/work/ozone/ozone/hadoop-ozone/integration-test/target/test-classes/webapps/static,AVAILABLE}
2022-07-12 23:21:13,531 [Listener at 0.0.0.0/42347] INFO  handler.ContextHandler (ContextHandler.java:doStart(915)) - Started o.e.j.w.WebAppContext@6090e5b5{scm,/,file:///home/runner/work/ozone/ozone/hadoop-ozone/integration-test/target/test-classes/webapps/scm/,AVAILABLE}{file:/home/runner/work/ozone/ozone/hadoop-ozone/integration-test/target/test-classes/webapps/scm}
2022-07-12 23:21:13,561 [Listener at 0.0.0.0/42347] INFO  server.AbstractConnector (AbstractConnector.java:doStart(331)) - Started ServerConnector@58e71a08{HTTP/1.1, (http/1.1)}{0.0.0.0:42729}
2022-07-12 23:21:13,562 [Listener at 0.0.0.0/42347] INFO  server.Server (Server.java:doStart(415)) - Started @73036ms
2022-07-12 23:21:13,562 [Listener at 0.0.0.0/42347] WARN  impl.MetricsSystemImpl (MetricsSystemImpl.java:register(279)) - Sink prometheus already exists!
2022-07-12 23:21:13,562 [Listener at 0.0.0.0/42347] INFO  http.BaseHttpServer (BaseHttpServer.java:updateConnectorAddress(329)) - HTTP server of scm listening at http://0.0.0.0:42729
2022-07-12 23:21:13,563 [Listener at 0.0.0.0/42347] WARN  server.ServerUtils (ServerUtils.java:getDBPath(225)) - ozone.om.db.dirs is not configured. We recommend adding this setting. Falling back to ozone.metadata.dirs instead.
2022-07-12 23:21:13,565 [Listener at 0.0.0.0/42347] INFO  ha.OMHANodeDetails (OMHANodeDetails.java:loadOMHAConfig(115)) - ozone.om.internal.service.id is not defined, falling back to ozone.om.service.ids to find serviceID for OzoneManager if it is HA enabled cluster
2022-07-12 23:21:13,565 [Listener at 0.0.0.0/42347] INFO  ha.OMHANodeDetails (OMHANodeDetails.java:loadOMHAConfig(226)) - Configuration does not have ozone.om.address set. Falling back to the default OM address /127.0.0.1:0
2022-07-12 23:21:13,565 [Listener at 0.0.0.0/42347] INFO  ha.OMHANodeDetails (OMHANodeDetails.java:getOMNodeDetailsForNonHA(254)) - OM Service ID is not set. Setting it to the default ID: omServiceIdDefault
2022-07-12 23:21:13,565 [Listener at 0.0.0.0/42347] INFO  ha.OMHANodeDetails (OMHANodeDetails.java:getOMNodeDetailsForNonHA(261)) - OM Node ID is not set. Setting it to the default ID: om1
2022-07-12 23:21:13,566 [Listener at 0.0.0.0/42347] WARN  server.ServerUtils (ServerUtils.java:getDBPath(225)) - ozone.om.db.dirs is not configured. We recommend adding this setting. Falling back to ozone.metadata.dirs instead.
2022-07-12 23:21:13,566 [Listener at 0.0.0.0/42347] INFO  upgrade.AbstractLayoutVersionManager (AbstractLayoutVersionManager.java:init(83)) - Initializing Layout version manager with metadata layout = MULTITENANCY_SCHEMA (version = 3), software layout = MULTITENANCY_SCHEMA (version = 3)
2022-07-12 23:21:13,775 [Listener at 0.0.0.0/42347] INFO  reflections.Reflections (Reflections.java:scan(232)) - Reflections took 208 ms to scan 2 urls, producing 153 keys and 430 values [using 2 cores]
2022-07-12 23:21:13,776 [Listener at 0.0.0.0/42347] INFO  upgrade.OMLayoutVersionManager (OMLayoutVersionManager.java:lambda$0(115)) - Skipping Upgrade Action MockOmUpgradeAction since it has been finalized.
2022-07-12 23:21:13,776 [Listener at 0.0.0.0/42347] WARN  server.ServerUtils (ServerUtils.java:getDBPath(225)) - ozone.om.db.dirs is not configured. We recommend adding this setting. Falling back to ozone.metadata.dirs instead.
2022-07-12 23:21:13,777 [Listener at 0.0.0.0/42347] INFO  proxy.SCMBlockLocationFailoverProxyProvider (SCMBlockLocationFailoverProxyProvider.java:<init>(114)) - Created block location fail-over proxy with 1 nodes: [nodeId=scmNodeId,nodeAddress=/0.0.0.0:35947]
2022-07-12 23:21:13,778 [Listener at 0.0.0.0/42347] INFO  proxy.SCMBlockLocationFailoverProxyProvider (SCMBlockLocationFailoverProxyProvider.java:<init>(114)) - Created block location fail-over proxy with 1 nodes: [nodeId=scmNodeId,nodeAddress=/0.0.0.0:35947]
2022-07-12 23:21:13,798 [Listener at 0.0.0.0/42347] WARN  server.ServerUtils (ServerUtils.java:getDBPath(225)) - ozone.om.db.dirs is not configured. We recommend adding this setting. Falling back to ozone.metadata.dirs instead.
2022-07-12 23:21:13,799 [Listener at 0.0.0.0/42347] INFO  codec.OmKeyInfoCodec (OmKeyInfoCodec.java:<init>(49)) - OmKeyInfoCodec ignorePipeline = true
2022-07-12 23:21:13,799 [Listener at 0.0.0.0/42347] INFO  codec.RepeatedOmKeyInfoCodec (RepeatedOmKeyInfoCodec.java:<init>(41)) - RepeatedOmKeyInfoCodec ignorePipeline = true
2022-07-12 23:21:14,169 [Listener at 0.0.0.0/42347] INFO  om.OzoneManager (OzoneManager.java:instantiateServices(692)) - S3 Multi-Tenancy is disabled
2022-07-12 23:21:14,183 [Listener at 0.0.0.0/42347] INFO  om.OzoneManager (OzoneManager.java:addS3GVolumeToDB(4259)) - Created Volume s3v With Owner runner required for S3Gateway operations.
2022-07-12 23:21:14,183 [Listener at 0.0.0.0/42347] WARN  server.ServerUtils (ServerUtils.java:getDefaultRatisDirectory(237)) - Storage directory for Ratis is not configured. It is a good idea to map this to an SSD disk. Falling back to ozone.metadata.dirs
2022-07-12 23:21:14,184 [Listener at 0.0.0.0/42347] WARN  utils.OzoneManagerRatisUtils (OzoneManagerRatisUtils.java:getOMRatisSnapshotDirectory(431)) - ozone.om.ratis.snapshot.dir is not configured. Falling back to ozone.metadata.dirs config
2022-07-12 23:21:14,184 [Listener at 0.0.0.0/42347] WARN  server.ServerUtils (ServerUtils.java:getDefaultRatisDirectory(237)) - Storage directory for Ratis is not configured. It is a good idea to map this to an SSD disk. Falling back to ozone.metadata.dirs
2022-07-12 23:21:14,188 [Listener at 0.0.0.0/42347] INFO  ratis.OzoneManagerRatisServer (OzoneManagerRatisServer.java:<init>(159)) - Instantiating OM Ratis server with groupID: omServiceIdDefault and peers: localhost:9872
2022-07-12 23:21:14,188 [Listener at 0.0.0.0/42347] INFO  ratis.OzoneManagerStateMachine (OzoneManagerStateMachine.java:loadSnapshotInfoFromDB(632)) - LastAppliedIndex is set from TransactionInfo from OM DB as (t:0, i:~)
2022-07-12 23:21:14,201 [Listener at 0.0.0.0/42347] INFO  server.RaftServer (ConfUtils.java:logGet(46)) - raft.rpc.type = GRPC (default)
2022-07-12 23:21:14,201 [Listener at 0.0.0.0/42347] INFO  grpc.GrpcFactory (GrpcFactory.java:checkPooledByteBufAllocatorUseCacheForAllThreads(48)) - PERFORMANCE WARNING: useCacheForAllThreads is true that may cause Netty to create a lot garbage objects and, as a result, trigger GC.
	It is recommended to disable useCacheForAllThreads by setting -Dorg.apache.ratis.thirdparty.io.netty.allocator.useCacheForAllThreads=false in command line.
2022-07-12 23:21:14,201 [Listener at 0.0.0.0/42347] INFO  grpc.GrpcConfigKeys (ConfUtils.java:logGet(46)) - raft.grpc.admin.port = -1 (default)
2022-07-12 23:21:14,201 [Listener at 0.0.0.0/42347] INFO  grpc.GrpcConfigKeys (ConfUtils.java:logGet(46)) - raft.grpc.server.port = 9872 (custom)
2022-07-12 23:21:14,202 [Listener at 0.0.0.0/42347] INFO  grpc.GrpcConfigKeys (ConfUtils.java:logGet(46)) - raft.grpc.client.port = -1 (default)
2022-07-12 23:21:14,202 [Listener at 0.0.0.0/42347] INFO  grpc.GrpcConfigKeys (ConfUtils.java:logGet(46)) - raft.grpc.server.port = 9872 (custom)
2022-07-12 23:21:14,202 [Listener at 0.0.0.0/42347] INFO  grpc.GrpcConfigKeys (ConfUtils.java:logGet(46)) - raft.grpc.server.port = 9872 (custom)
2022-07-12 23:21:14,202 [Listener at 0.0.0.0/42347] INFO  server.GrpcService (ConfUtils.java:logGet(46)) - raft.grpc.message.size.max = 33554432 (custom)
2022-07-12 23:21:14,202 [Listener at 0.0.0.0/42347] INFO  server.RaftServerConfigKeys (ConfUtils.java:logGet(46)) - raft.server.log.appender.buffer.byte-limit = 33554432 (custom)
2022-07-12 23:21:14,202 [Listener at 0.0.0.0/42347] INFO  server.GrpcService (ConfUtils.java:logGet(46)) - raft.grpc.flow.control.window = 1MB (=1048576) (default)
2022-07-12 23:21:14,202 [Listener at 0.0.0.0/42347] INFO  server.RaftServerConfigKeys (ConfUtils.java:logGet(46)) - raft.server.rpc.request.timeout = 3000ms (default)
2022-07-12 23:21:14,202 [Listener at 0.0.0.0/42347] INFO  grpc.GrpcConfigKeys (ConfUtils.java:logGet(46)) - raft.grpc.server.async.request.thread.pool.cached = true (default)
2022-07-12 23:21:14,202 [Listener at 0.0.0.0/42347] INFO  grpc.GrpcConfigKeys (ConfUtils.java:logGet(46)) - raft.grpc.server.async.request.thread.pool.size = 32 (default)
2022-07-12 23:21:14,204 [Listener at 0.0.0.0/42347] INFO  impl.DataStreamServerImpl (ConfUtils.java:logGet(46)) - raft.datastream.type = DISABLED (default)
2022-07-12 23:21:14,204 [Listener at 0.0.0.0/42347] INFO  server.RaftServerConfigKeys (ConfUtils.java:logGet(46)) - raft.server.threadpool.proxy.cached = true (default)
2022-07-12 23:21:14,204 [Listener at 0.0.0.0/42347] INFO  server.RaftServerConfigKeys (ConfUtils.java:logGet(46)) - raft.server.threadpool.proxy.size = 0 (default)
2022-07-12 23:21:14,204 [Listener at 0.0.0.0/42347] INFO  server.RaftServerConfigKeys (ConfUtils.java:logGet(46)) - raft.server.rpc.slowness.timeout = 120s (custom)
2022-07-12 23:21:14,204 [Listener at 0.0.0.0/42347] INFO  server.RaftServerConfigKeys (ConfUtils.java:logGet(46)) - raft.server.leaderelection.leader.step-down.wait-time = 10s (default)
2022-07-12 23:21:14,205 [Listener at 0.0.0.0/42347] INFO  server.RaftServerConfigKeys (ConfUtils.java:logGet(46)) - raft.server.storage.dir = [/home/runner/work/ozone/ozone/hadoop-ozone/integration-test/target/test-dir/MiniOzoneClusterImpl-3123aa8d-fa91-45ac-9e39-716c5a908d99/ozone-meta/ratis] (custom)
2022-07-12 23:21:14,225 [Listener at 0.0.0.0/42347] INFO  server.RaftServer (RaftServerProxy.java:addNew(96)) - om1: addNew group-C5BA1605619E:[om1|rpc:localhost:9872|priority:0] returns group-C5BA1605619E:java.util.concurrent.CompletableFuture@1669899[Not completed]
2022-07-12 23:21:14,225 [Listener at 0.0.0.0/42347] INFO  om.OzoneManager (OzoneManager.java:initializeRatisServer(1961)) - OzoneManager Ratis server initialized at port 9872
2022-07-12 23:21:14,226 [Listener at 0.0.0.0/42347] INFO  om.OzoneManager (OzoneManager.java:getRpcServer(1081)) - Creating RPC Server
2022-07-12 23:21:14,228 [pool-317-thread-1] INFO  server.RaftServer$Division (RaftServerImpl.java:<init>(190)) - om1: new RaftServerImpl for group-C5BA1605619E:[om1|rpc:localhost:9872|priority:0] with OzoneManagerStateMachine:uninitialized
2022-07-12 23:21:14,228 [pool-317-thread-1] INFO  server.RaftServerConfigKeys (ConfUtils.java:logGet(46)) - raft.server.rpc.timeout.min = 1s (custom)
2022-07-12 23:21:14,228 [pool-317-thread-1] INFO  server.RaftServerConfigKeys (ConfUtils.java:logGet(46)) - raft.server.rpc.timeout.max = 1200ms (custom)
2022-07-12 23:21:14,228 [pool-317-thread-1] INFO  server.RaftServerConfigKeys (ConfUtils.java:logGet(46)) - raft.server.rpc.sleep.time = 25ms (default)
2022-07-12 23:21:14,228 [pool-317-thread-1] INFO  server.RaftServerConfigKeys (ConfUtils.java:logGet(46)) - raft.server.rpc.slowness.timeout = 120s (custom)
2022-07-12 23:21:14,228 [pool-317-thread-1] INFO  server.RaftServerConfigKeys (ConfUtils.java:logGet(46)) - raft.server.leaderelection.leader.step-down.wait-time = 10s (default)
2022-07-12 23:21:14,228 [pool-317-thread-1] INFO  server.RaftServerConfigKeys (ConfUtils.java:logGet(46)) - raft.server.sleep.deviation.threshold = 300ms (default)
2022-07-12 23:21:14,228 [pool-317-thread-1] INFO  server.RaftServer$Division (ServerState.java:<init>(107)) - om1@group-C5BA1605619E: ConfigurationManager, init=-1: [om1|rpc:localhost:9872|priority:0], old=null, confs=<EMPTY_MAP>
2022-07-12 23:21:14,228 [pool-317-thread-1] INFO  server.RaftServerConfigKeys (ConfUtils.java:logGet(46)) - raft.server.storage.dir = [/home/runner/work/ozone/ozone/hadoop-ozone/integration-test/target/test-dir/MiniOzoneClusterImpl-3123aa8d-fa91-45ac-9e39-716c5a908d99/ozone-meta/ratis] (custom)
2022-07-12 23:21:14,229 [pool-317-thread-1] INFO  server.RaftServerConfigKeys (ConfUtils.java:logGet(46)) - raft.server.log.corruption.policy = EXCEPTION (default)
2022-07-12 23:21:14,229 [pool-317-thread-1] INFO  server.RaftServerConfigKeys (ConfUtils.java:logGet(46)) - raft.server.storage.free-space.min = 0MB (=0) (default)
2022-07-12 23:21:14,229 [pool-317-thread-1] INFO  storage.RaftStorageDirectory (RaftStorageDirectoryImpl.java:analyzeStorage(135)) - The storage directory /home/runner/work/ozone/ozone/hadoop-ozone/integration-test/target/test-dir/MiniOzoneClusterImpl-3123aa8d-fa91-45ac-9e39-716c5a908d99/ozone-meta/ratis/bf265839-605b-3f16-9796-c5ba1605619e does not exist. Creating ...
2022-07-12 23:21:14,233 [pool-317-thread-1] INFO  storage.RaftStorageDirectory (RaftStorageDirectoryImpl.java:tryLock(230)) - Lock on /home/runner/work/ozone/ozone/hadoop-ozone/integration-test/target/test-dir/MiniOzoneClusterImpl-3123aa8d-fa91-45ac-9e39-716c5a908d99/ozone-meta/ratis/bf265839-605b-3f16-9796-c5ba1605619e/in_use.lock acquired by nodename 30948@fv-az46-473
2022-07-12 23:21:14,238 [pool-317-thread-1] INFO  storage.RaftStorage (RaftStorageImpl.java:format(89)) - Storage directory /home/runner/work/ozone/ozone/hadoop-ozone/integration-test/target/test-dir/MiniOzoneClusterImpl-3123aa8d-fa91-45ac-9e39-716c5a908d99/ozone-meta/ratis/bf265839-605b-3f16-9796-c5ba1605619e has been successfully formatted.
2022-07-12 23:21:14,238 [pool-317-thread-1] INFO  server.RaftServerConfigKeys (ConfUtils.java:logGet(46)) - raft.server.notification.no-leader.timeout = 120s (custom)
2022-07-12 23:21:14,238 [pool-317-thread-1] INFO  server.RaftServerConfigKeys (ConfUtils.java:logGet(46)) - raft.server.log.use.memory = false (default)
2022-07-12 23:21:14,238 [pool-317-thread-1] INFO  server.RaftServerConfigKeys (ConfUtils.java:logGet(46)) - raft.server.log.purge.gap = 1000000 (custom)
2022-07-12 23:21:14,238 [pool-317-thread-1] INFO  server.RaftServerConfigKeys (ConfUtils.java:logGet(46)) - raft.server.log.appender.buffer.byte-limit = 33554432 (custom)
2022-07-12 23:21:14,238 [pool-317-thread-1] INFO  server.RaftServerConfigKeys (ConfUtils.java:logGet(46)) - raft.server.log.statemachine.data.read.timeout = 1000ms (default)
2022-07-12 23:21:14,239 [pool-317-thread-1] INFO  server.RaftServerConfigKeys (ConfUtils.java:logGet(46)) - raft.server.log.segment.size.max = 4194304 (custom)
2022-07-12 23:21:14,239 [pool-317-thread-1] INFO  server.RaftServerConfigKeys (ConfUtils.java:logGet(46)) - raft.server.log.segment.cache.num.max = 2 (custom)
2022-07-12 23:21:14,239 [pool-317-thread-1] INFO  server.RaftServerConfigKeys (ConfUtils.java:logGet(46)) - raft.server.log.segment.cache.size.max = 200MB (=209715200) (default)
2022-07-12 23:21:14,239 [pool-317-thread-1] INFO  segmented.SegmentedRaftLogWorker (SegmentedRaftLogWorker.java:<init>(187)) - new om1@group-C5BA1605619E-SegmentedRaftLogWorker for RaftStorageImpl:Storage Directory /home/runner/work/ozone/ozone/hadoop-ozone/integration-test/target/test-dir/MiniOzoneClusterImpl-3123aa8d-fa91-45ac-9e39-716c5a908d99/ozone-meta/ratis/bf265839-605b-3f16-9796-c5ba1605619e
2022-07-12 23:21:14,240 [pool-317-thread-1] INFO  server.RaftServerConfigKeys (ConfUtils.java:logGet(46)) - raft.server.log.queue.byte-limit = 64MB (=67108864) (default)
2022-07-12 23:21:14,240 [pool-317-thread-1] INFO  server.RaftServerConfigKeys (ConfUtils.java:logGet(46)) - raft.server.log.queue.element-limit = 4096 (default)
2022-07-12 23:21:14,240 [pool-317-thread-1] INFO  server.RaftServerConfigKeys (ConfUtils.java:logGet(46)) - raft.server.log.segment.size.max = 4194304 (custom)
2022-07-12 23:21:14,240 [pool-317-thread-1] INFO  server.RaftServerConfigKeys (ConfUtils.java:logGet(46)) - raft.server.log.preallocated.size = 4194304 (custom)
2022-07-12 23:21:14,240 [pool-317-thread-1] INFO  server.RaftServerConfigKeys (ConfUtils.java:logGet(46)) - raft.server.log.force.sync.num = 128 (default)
2022-07-12 23:21:14,240 [pool-317-thread-1] INFO  server.RaftServerConfigKeys (ConfUtils.java:logGet(46)) - raft.server.log.statemachine.data.sync = true (default)
2022-07-12 23:21:14,240 [pool-317-thread-1] INFO  server.RaftServerConfigKeys (ConfUtils.java:logGet(46)) - raft.server.log.statemachine.data.sync.timeout = 10s (default)
2022-07-12 23:21:14,240 [pool-317-thread-1] INFO  server.RaftServerConfigKeys (ConfUtils.java:logGet(46)) - raft.server.log.statemachine.data.sync.timeout.retry = -1 (default)
2022-07-12 23:21:14,257 [pool-317-thread-1] INFO  server.RaftServerConfigKeys (ConfUtils.java:logGet(46)) - raft.server.log.write.buffer.size = 64KB (=65536) (default)
2022-07-12 23:21:14,258 [pool-317-thread-1] INFO  server.RaftServerConfigKeys (ConfUtils.java:logGet(46)) - raft.server.log.unsafe-flush.enabled = false (default)
2022-07-12 23:21:14,258 [pool-317-thread-1] INFO  server.RaftServerConfigKeys (ConfUtils.java:logGet(46)) - raft.server.log.statemachine.data.caching.enabled = false (default)
2022-07-12 23:21:14,258 [pool-317-thread-1] INFO  segmented.SegmentedRaftLogWorker (SegmentedRaftLogWorker.java:lambda$new$0(135)) - om1@group-C5BA1605619E-SegmentedRaftLogWorker: flushIndex: setUnconditionally 0 -> -1
2022-07-12 23:21:14,258 [pool-317-thread-1] INFO  segmented.SegmentedRaftLogWorker (SegmentedRaftLogWorker.java:lambda$new$0(135)) - om1@group-C5BA1605619E-SegmentedRaftLogWorker: safeCacheEvictIndex: setUnconditionally 0 -> -1
2022-07-12 23:21:14,284 [pool-317-thread-1] INFO  server.RaftServerConfigKeys (ConfUtils.java:logGet(46)) - raft.server.snapshot.auto.trigger.enabled = true (custom)
2022-07-12 23:21:14,284 [pool-317-thread-1] INFO  server.RaftServerConfigKeys (ConfUtils.java:logGet(46)) - raft.server.snapshot.auto.trigger.threshold = 400000 (default)
2022-07-12 23:21:14,284 [pool-317-thread-1] INFO  server.RaftServerConfigKeys (ConfUtils.java:logGet(46)) - raft.server.snapshot.retention.file.num = -1 (default)
2022-07-12 23:21:14,285 [pool-317-thread-1] INFO  server.RaftServerConfigKeys (ConfUtils.java:logGet(46)) - raft.server.log.purge.upto.snapshot.index = true (custom)
2022-07-12 23:21:14,285 [pool-317-thread-1] INFO  server.RaftServerConfigKeys (ConfUtils.java:logGet(46)) - raft.server.retrycache.expirytime = 300s (custom)
2022-07-12 23:21:14,285 [pool-317-thread-1] INFO  server.RaftServerConfigKeys (ConfUtils.java:logGet(46)) - raft.server.retrycache.statistics.expirytime = 100μs (default)
2022-07-12 23:21:14,293 [pool-317-thread-1] INFO  server.RaftServerConfigKeys (ConfUtils.java:logGet(46)) - raft.server.log.appender.install.snapshot.enabled = false (custom)
2022-07-12 23:21:14,293 [pool-317-thread-1] INFO  server.RaftServerConfigKeys (ConfUtils.java:logGet(46)) - raft.server.threadpool.server.cached = true (default)
2022-07-12 23:21:14,293 [pool-317-thread-1] INFO  server.RaftServerConfigKeys (ConfUtils.java:logGet(46)) - raft.server.threadpool.server.size = 0 (default)
2022-07-12 23:21:14,293 [pool-317-thread-1] INFO  server.RaftServerConfigKeys (ConfUtils.java:logGet(46)) - raft.server.threadpool.client.cached = true (default)
2022-07-12 23:21:14,293 [pool-317-thread-1] INFO  server.RaftServerConfigKeys (ConfUtils.java:logGet(46)) - raft.server.threadpool.client.size = 0 (default)
2022-07-12 23:21:15,300 [Listener at 0.0.0.0/42347] INFO  reflections.Reflections (Reflections.java:scan(232)) - Reflections took 1073 ms to scan 19 urls, producing 66 keys and 4109 values [using 2 cores]
2022-07-12 23:21:15,301 [Listener at 0.0.0.0/42347] INFO  ipc.CallQueueManager (CallQueueManager.java:<init>(90)) - Using callQueue: class java.util.concurrent.LinkedBlockingQueue, queueCapacity: 2000, scheduler: class org.apache.hadoop.ipc.DefaultRpcScheduler, ipcBackoff: false.
2022-07-12 23:21:15,302 [Socket Reader #1 for port 0] INFO  ipc.Server (Server.java:run(1265)) - Starting Socket Reader #1 for port 0
2022-07-12 23:21:15,364 [Listener at 127.0.0.1/33951] INFO  impl.MetricsSystemImpl (MetricsSystemImpl.java:init(158)) - OzoneManager metrics system started (again)
2022-07-12 23:21:15,386 [Listener at 127.0.0.1/33951] INFO  om.OzoneManager (OzoneManager.java:start(1465)) - OzoneManager RPC server is listening at localhost/127.0.0.1:33951
2022-07-12 23:21:15,386 [Listener at 127.0.0.1/33951] INFO  ratis.OzoneManagerRatisServer (OzoneManagerRatisServer.java:start(554)) - Starting OzoneManagerRatisServer om1 at port 9872
2022-07-12 23:21:15,397 [om1-impl-thread1] INFO  server.RaftServer$Division (RaftServerImpl.java:start(310)) - om1@group-C5BA1605619E: start as a follower, conf=-1: [om1|rpc:localhost:9872|priority:0], old=null
2022-07-12 23:21:15,397 [om1-impl-thread1] INFO  server.RaftServer$Division (RaftServerImpl.java:setRole(299)) - om1@group-C5BA1605619E: changes role from      null to FOLLOWER at term 0 for startAsFollower
2022-07-12 23:21:15,397 [om1-impl-thread1] INFO  impl.RoleInfo (RoleInfo.java:updateAndGet(139)) - om1: start om1@group-C5BA1605619E-FollowerState
2022-07-12 23:21:15,409 [om1-impl-thread1] INFO  util.JmxRegister (JmxRegister.java:tryRegister(44)) - Successfully registered JMX Bean with object name Ratis:service=RaftServer,group=group-C5BA1605619E,id=om1
2022-07-12 23:21:15,414 [Listener at 127.0.0.1/33951] INFO  server.RaftServer (RaftServerProxy.java:lambda$start$6(382)) - om1: start RPC server
2022-07-12 23:21:15,438 [Listener at 127.0.0.1/33951] INFO  server.GrpcService (GrpcService.java:startImpl(260)) - om1: GrpcService started, listening on 9872
2022-07-12 23:21:15,445 [Listener at 127.0.0.1/33951] INFO  om.OzoneManager (OzoneManager.java:start(1481)) - Version File has different layout version (3) than OM DB (null). That is expected if this OM has never been finalized to a newer layout version.
2022-07-12 23:21:15,445 [org.apache.ratis.util.JvmPauseMonitor$$Lambda$613/1690937419@36609701] INFO  util.JvmPauseMonitor (JvmPauseMonitor.java:run(103)) - JvmPauseMonitor-om1: Started
2022-07-12 23:21:15,461 [Listener at 127.0.0.1/33951] INFO  http.BaseHttpServer (BaseHttpServer.java:newHttpServer2BuilderForOzone(209)) - Starting Web-server for ozoneManager at: http://0.0.0.0:0
2022-07-12 23:21:15,461 [Listener at 127.0.0.1/33951] INFO  http.BaseHttpServer (BaseHttpServer.java:<init>(107)) - Hadoop Security Enabled: false Ozone Security Enabled: false Ozone HTTP Security Enabled: false 
2022-07-12 23:21:15,469 [Listener at 127.0.0.1/33951] INFO  server.AuthenticationFilter (AuthenticationFilter.java:constructSecretProvider(240)) - Unable to initialize FileSignerSecretProvider, falling back to use random secrets.
2022-07-12 23:21:15,473 [Listener at 127.0.0.1/33951] WARN  http.HttpRequestLog (HttpRequestLog.java:getRequestLog(103)) - Jetty request log can only be enabled using Log4j
2022-07-12 23:21:15,477 [Listener at 127.0.0.1/33951] INFO  http.HttpServer2 (HttpServer2.java:addGlobalFilter(1029)) - Added global filter 'safety' (class=org.apache.hadoop.hdds.server.http.HttpServer2$QuotingInputFilter)
2022-07-12 23:21:15,478 [Listener at 127.0.0.1/33951] INFO  http.HttpServer2 (HttpServer2.java:addFilter(1005)) - Added filter static_user_filter (class=org.apache.hadoop.http.lib.StaticUserWebFilter$StaticUserFilter) to context ozoneManager
2022-07-12 23:21:15,478 [Listener at 127.0.0.1/33951] INFO  http.HttpServer2 (HttpServer2.java:addFilter(1013)) - Added filter static_user_filter (class=org.apache.hadoop.http.lib.StaticUserWebFilter$StaticUserFilter) to context static
2022-07-12 23:21:15,478 [Listener at 127.0.0.1/33951] INFO  http.HttpServer2 (HttpServer2.java:addFilter(1013)) - Added filter static_user_filter (class=org.apache.hadoop.http.lib.StaticUserWebFilter$StaticUserFilter) to context logs
2022-07-12 23:21:15,479 [Listener at 127.0.0.1/33951] INFO  http.HttpServer2 (HttpServer2.java:bindListener(1248)) - Jetty bound to port 34699
2022-07-12 23:21:15,479 [Listener at 127.0.0.1/33951] INFO  server.Server (Server.java:doStart(375)) - jetty-9.4.43.v20210629; built: 2021-06-30T11:07:22.254Z; git: 526006ecfa3af7f1a27ef3a288e2bef7ea9dd7e8; jvm 1.8.0_332-b09
2022-07-12 23:21:15,553 [Listener at 127.0.0.1/33951] INFO  server.session (DefaultSessionIdManager.java:doStart(334)) - DefaultSessionIdManager workerName=node0
2022-07-12 23:21:15,553 [Listener at 127.0.0.1/33951] INFO  server.session (DefaultSessionIdManager.java:doStart(339)) - No SessionScavenger set, using defaults
2022-07-12 23:21:15,554 [Listener at 127.0.0.1/33951] INFO  server.session (HouseKeeper.java:startScavenging(132)) - node0 Scavenging every 600000ms
2022-07-12 23:21:15,573 [Listener at 127.0.0.1/33951] INFO  handler.ContextHandler (ContextHandler.java:doStart(915)) - Started o.e.j.s.ServletContextHandler@1ebb3621{logs,/logs,file:///home/runner/work/ozone/ozone/hadoop-ozone/integration-test/target/log,AVAILABLE}
2022-07-12 23:21:15,574 [Listener at 127.0.0.1/33951] INFO  handler.ContextHandler (ContextHandler.java:doStart(915)) - Started o.e.j.s.ServletContextHandler@6d27e8ae{static,/static,file:///home/runner/work/ozone/ozone/hadoop-ozone/integration-test/target/test-classes/webapps/static,AVAILABLE}
2022-07-12 23:21:15,577 [Listener at 127.0.0.1/33951] INFO  handler.ContextHandler (ContextHandler.java:doStart(915)) - Started o.e.j.w.WebAppContext@17449409{ozoneManager,/,file:///home/runner/work/ozone/ozone/hadoop-ozone/integration-test/target/test-classes/webapps/ozoneManager/,AVAILABLE}{file:/home/runner/work/ozone/ozone/hadoop-ozone/integration-test/target/test-classes/webapps/ozoneManager}
2022-07-12 23:21:15,583 [Listener at 127.0.0.1/33951] INFO  server.AbstractConnector (AbstractConnector.java:doStart(331)) - Started ServerConnector@8f03cfc{HTTP/1.1, (http/1.1)}{0.0.0.0:34699}
2022-07-12 23:21:15,584 [Listener at 127.0.0.1/33951] INFO  server.Server (Server.java:doStart(415)) - Started @75058ms
2022-07-12 23:21:15,584 [Listener at 127.0.0.1/33951] WARN  impl.MetricsSystemImpl (MetricsSystemImpl.java:register(279)) - Sink prometheus already exists!
2022-07-12 23:21:15,586 [Listener at 127.0.0.1/33951] INFO  http.BaseHttpServer (BaseHttpServer.java:updateConnectorAddress(329)) - HTTP server of ozoneManager listening at http://0.0.0.0:34699
2022-07-12 23:21:15,609 [IPC Server Responder] INFO  ipc.Server (Server.java:run(1507)) - IPC Server Responder: starting
2022-07-12 23:21:15,621 [IPC Server listener on 0] INFO  ipc.Server (Server.java:run(1344)) - IPC Server listener on 0: starting
2022-07-12 23:21:15,623 [Listener at 127.0.0.1/33951] INFO  om.TrashPolicyOzone (TrashPolicyOzone.java:<init>(178)) - Ozone Manager trash configuration: Deletion interval = 0 minutes, Emptier interval = 0 minutes.
2022-07-12 23:21:15,681 [org.apache.hadoop.util.JvmPauseMonitor$Monitor@3b451dc9] INFO  util.JvmPauseMonitor (JvmPauseMonitor.java:run(188)) - Starting JVM pause monitor
2022-07-12 23:21:15,691 [Listener at 127.0.0.1/33951] WARN  impl.MetricRegistriesImpl (MetricRegistriesImpl.java:addReporterRegistration(111)) - New reporters are added after registries were created. Some metrics will be missing from the reporter. Please add reporter before adding any new registry.
2022-07-12 23:21:15,692 [Listener at 127.0.0.1/33951] WARN  impl.MetricRegistriesImpl (MetricRegistriesImpl.java:addReporterRegistration(111)) - New reporters are added after registries were created. Some metrics will be missing from the reporter. Please add reporter before adding any new registry.
2022-07-12 23:21:15,692 [Listener at 127.0.0.1/33951] INFO  impl.MetricsSystemImpl (MetricsSystemImpl.java:init(158)) - HddsDatanode metrics system started (again)
2022-07-12 23:21:15,744 [Listener at 127.0.0.1/33951] INFO  ozone.HddsDatanodeService (HddsDatanodeService.java:start(236)) - HddsDatanodeService host:fv-az46-473.aox2mo1hufxu3kclv1weif3kjc.bx.internal.cloudapp.net ip:10.1.0.13
2022-07-12 23:21:15,810 [Listener at 127.0.0.1/33951] INFO  upgrade.AbstractLayoutVersionManager (AbstractLayoutVersionManager.java:init(83)) - Initializing Layout version manager with metadata layout = DATANODE_SCHEMA_V3 (version = 4), software layout = DATANODE_SCHEMA_V3 (version = 4)
2022-07-12 23:21:15,981 [Listener at 127.0.0.1/33951] INFO  reflections.Reflections (Reflections.java:scan(232)) - Reflections took 170 ms to scan 7 urls, producing 132 keys and 317 values 
2022-07-12 23:21:15,989 [Listener at 127.0.0.1/33951] INFO  statemachine.DatanodeStateMachine (DatanodeStateMachine.java:getEndPointTaskThreadPoolSize(237)) - Datanode State Machine Task Thread Pool size 2
2022-07-12 23:21:16,002 [Listener at 127.0.0.1/33951] INFO  volume.HddsVolume (HddsVolume.java:<init>(116)) - Creating HddsVolume: /home/runner/work/ozone/ozone/hadoop-ozone/integration-test/target/test-dir/MiniOzoneClusterImpl-3123aa8d-fa91-45ac-9e39-716c5a908d99/datanode-0/data-0/containers/hdds of storage type : DISK capacity : 9223372036854775807
2022-07-12 23:21:16,003 [Listener at 127.0.0.1/33951] INFO  volume.MutableVolumeSet (MutableVolumeSet.java:initializeVolumeSet(174)) - Added Volume : /home/runner/work/ozone/ozone/hadoop-ozone/integration-test/target/test-dir/MiniOzoneClusterImpl-3123aa8d-fa91-45ac-9e39-716c5a908d99/datanode-0/data-0/containers/hdds to VolumeSet
2022-07-12 23:21:16,004 [Listener at 127.0.0.1/33951] INFO  volume.ThrottledAsyncChecker (ThrottledAsyncChecker.java:schedule(141)) - Scheduling a check for /home/runner/work/ozone/ozone/hadoop-ozone/integration-test/target/test-dir/MiniOzoneClusterImpl-3123aa8d-fa91-45ac-9e39-716c5a908d99/datanode-0/data-0/containers/hdds
2022-07-12 23:21:16,021 [Listener at 127.0.0.1/33951] INFO  volume.StorageVolumeChecker (StorageVolumeChecker.java:checkAllVolumes(202)) - Scheduled health check for volume /home/runner/work/ozone/ozone/hadoop-ozone/integration-test/target/test-dir/MiniOzoneClusterImpl-3123aa8d-fa91-45ac-9e39-716c5a908d99/datanode-0/data-0/containers/hdds
2022-07-12 23:21:16,043 [Listener at 127.0.0.1/33951] INFO  volume.MutableVolumeSet (MutableVolumeSet.java:initializeVolumeSet(174)) - Added Volume : /home/runner/work/ozone/ozone/hadoop-ozone/integration-test/target/test-dir/MiniOzoneClusterImpl-3123aa8d-fa91-45ac-9e39-716c5a908d99/datanode-0/data/ratis to VolumeSet
2022-07-12 23:21:16,043 [Listener at 127.0.0.1/33951] INFO  volume.ThrottledAsyncChecker (ThrottledAsyncChecker.java:schedule(141)) - Scheduling a check for /home/runner/work/ozone/ozone/hadoop-ozone/integration-test/target/test-dir/MiniOzoneClusterImpl-3123aa8d-fa91-45ac-9e39-716c5a908d99/datanode-0/data/ratis
2022-07-12 23:21:16,044 [Listener at 127.0.0.1/33951] INFO  volume.StorageVolumeChecker (StorageVolumeChecker.java:checkAllVolumes(202)) - Scheduled health check for volume /home/runner/work/ozone/ozone/hadoop-ozone/integration-test/target/test-dir/MiniOzoneClusterImpl-3123aa8d-fa91-45ac-9e39-716c5a908d99/datanode-0/data/ratis
2022-07-12 23:21:16,085 [Thread-628] INFO  ozoneimpl.ContainerReader (ContainerReader.java:readVolume(175)) - Finish verifying containers on volume /home/runner/work/ozone/ozone/hadoop-ozone/integration-test/target/test-dir/MiniOzoneClusterImpl-3123aa8d-fa91-45ac-9e39-716c5a908d99/datanode-0/data-0/containers/hdds
2022-07-12 23:21:16,085 [Listener at 127.0.0.1/33951] INFO  ozoneimpl.OzoneContainer (OzoneContainer.java:buildContainerSet(266)) - Build ContainerSet costs 0s
2022-07-12 23:21:16,087 [Listener at 127.0.0.1/33951] INFO  server.RaftServer (ConfUtils.java:logGet(46)) - raft.rpc.type = GRPC (default)
2022-07-12 23:21:16,087 [Listener at 127.0.0.1/33951] INFO  grpc.GrpcFactory (GrpcFactory.java:checkPooledByteBufAllocatorUseCacheForAllThreads(48)) - PERFORMANCE WARNING: useCacheForAllThreads is true that may cause Netty to create a lot garbage objects and, as a result, trigger GC.
	It is recommended to disable useCacheForAllThreads by setting -Dorg.apache.ratis.thirdparty.io.netty.allocator.useCacheForAllThreads=false in command line.
2022-07-12 23:21:16,088 [Listener at 127.0.0.1/33951] INFO  grpc.GrpcConfigKeys (ConfUtils.java:logGet(46)) - raft.grpc.admin.port = 0 (custom)
2022-07-12 23:21:16,088 [Listener at 127.0.0.1/33951] INFO  grpc.GrpcConfigKeys (ConfUtils.java:logGet(46)) - raft.grpc.client.port = 0 (custom)
2022-07-12 23:21:16,088 [Listener at 127.0.0.1/33951] INFO  grpc.GrpcConfigKeys (ConfUtils.java:logGet(46)) - raft.grpc.server.port = 0 (default)
2022-07-12 23:21:16,088 [Listener at 127.0.0.1/33951] INFO  server.GrpcService (ConfUtils.java:logGet(46)) - raft.grpc.message.size.max = 32MB (=33554432) (custom)
2022-07-12 23:21:16,088 [Listener at 127.0.0.1/33951] INFO  server.RaftServerConfigKeys (ConfUtils.java:logGet(46)) - raft.server.log.appender.buffer.byte-limit = 33554432 (custom)
2022-07-12 23:21:16,088 [Listener at 127.0.0.1/33951] INFO  server.GrpcService (ConfUtils.java:logGet(46)) - raft.grpc.flow.control.window = 5MB (=5242880) (custom)
2022-07-12 23:21:16,095 [Listener at 127.0.0.1/33951] INFO  server.RaftServerConfigKeys (ConfUtils.java:logGet(46)) - raft.server.rpc.request.timeout = 60s (custom)
2022-07-12 23:21:16,096 [Listener at 127.0.0.1/33951] INFO  grpc.GrpcConfigKeys (ConfUtils.java:logGet(46)) - raft.grpc.server.async.request.thread.pool.cached = true (default)
2022-07-12 23:21:16,096 [Listener at 127.0.0.1/33951] INFO  grpc.GrpcConfigKeys (ConfUtils.java:logGet(46)) - raft.grpc.server.async.request.thread.pool.size = 32 (default)
2022-07-12 23:21:16,097 [Listener at 127.0.0.1/33951] INFO  impl.DataStreamServerImpl (ConfUtils.java:logGet(46)) - raft.datastream.type = DISABLED (default)
2022-07-12 23:21:16,097 [Listener at 127.0.0.1/33951] INFO  server.RaftServerConfigKeys (ConfUtils.java:logGet(46)) - raft.server.threadpool.proxy.cached = true (default)
2022-07-12 23:21:16,097 [Listener at 127.0.0.1/33951] INFO  server.RaftServerConfigKeys (ConfUtils.java:logGet(46)) - raft.server.threadpool.proxy.size = 0 (default)
2022-07-12 23:21:16,097 [Listener at 127.0.0.1/33951] INFO  server.RaftServerConfigKeys (ConfUtils.java:logGet(46)) - raft.server.rpc.slowness.timeout = 300s (custom)
2022-07-12 23:21:16,098 [Listener at 127.0.0.1/33951] INFO  server.RaftServerConfigKeys (ConfUtils.java:logGet(46)) - raft.server.leaderelection.leader.step-down.wait-time = 10s (default)
2022-07-12 23:21:16,098 [Listener at 127.0.0.1/33951] INFO  server.RaftServerConfigKeys (ConfUtils.java:logGet(46)) - raft.server.storage.dir = [/home/runner/work/ozone/ozone/hadoop-ozone/integration-test/target/test-dir/MiniOzoneClusterImpl-3123aa8d-fa91-45ac-9e39-716c5a908d99/datanode-0/data/ratis] (custom)
2022-07-12 23:21:16,117 [Listener at 127.0.0.1/33951] INFO  server.XceiverServerGrpc (XceiverServerGrpc.java:<init>(132)) - GrpcServer channel type EpollServerSocketChannel
2022-07-12 23:21:16,127 [Listener at 127.0.0.1/33951] INFO  http.BaseHttpServer (BaseHttpServer.java:newHttpServer2BuilderForOzone(209)) - Starting Web-server for hddsDatanode at: http://0.0.0.0:0
2022-07-12 23:21:16,128 [Listener at 127.0.0.1/33951] INFO  http.BaseHttpServer (BaseHttpServer.java:<init>(107)) - Hadoop Security Enabled: false Ozone Security Enabled: false Ozone HTTP Security Enabled: false 
2022-07-12 23:21:16,129 [Listener at 127.0.0.1/33951] INFO  server.AuthenticationFilter (AuthenticationFilter.java:constructSecretProvider(240)) - Unable to initialize FileSignerSecretProvider, falling back to use random secrets.
2022-07-12 23:21:16,134 [Listener at 127.0.0.1/33951] WARN  http.HttpRequestLog (HttpRequestLog.java:getRequestLog(103)) - Jetty request log can only be enabled using Log4j
2022-07-12 23:21:16,135 [Listener at 127.0.0.1/33951] INFO  http.HttpServer2 (HttpServer2.java:addGlobalFilter(1029)) - Added global filter 'safety' (class=org.apache.hadoop.hdds.server.http.HttpServer2$QuotingInputFilter)
2022-07-12 23:21:16,136 [Listener at 127.0.0.1/33951] INFO  http.HttpServer2 (HttpServer2.java:addFilter(1005)) - Added filter static_user_filter (class=org.apache.hadoop.http.lib.StaticUserWebFilter$StaticUserFilter) to context hddsDatanode
2022-07-12 23:21:16,136 [Listener at 127.0.0.1/33951] INFO  http.HttpServer2 (HttpServer2.java:addFilter(1013)) - Added filter static_user_filter (class=org.apache.hadoop.http.lib.StaticUserWebFilter$StaticUserFilter) to context logs
2022-07-12 23:21:16,136 [Listener at 127.0.0.1/33951] INFO  http.HttpServer2 (HttpServer2.java:addFilter(1013)) - Added filter static_user_filter (class=org.apache.hadoop.http.lib.StaticUserWebFilter$StaticUserFilter) to context static
2022-07-12 23:21:16,136 [Listener at 127.0.0.1/33951] INFO  http.HttpServer2 (HttpServer2.java:bindListener(1248)) - Jetty bound to port 39185
2022-07-12 23:21:16,137 [Listener at 127.0.0.1/33951] INFO  server.Server (Server.java:doStart(375)) - jetty-9.4.43.v20210629; built: 2021-06-30T11:07:22.254Z; git: 526006ecfa3af7f1a27ef3a288e2bef7ea9dd7e8; jvm 1.8.0_332-b09
2022-07-12 23:21:16,193 [Listener at 127.0.0.1/33951] INFO  server.session (DefaultSessionIdManager.java:doStart(334)) - DefaultSessionIdManager workerName=node0
2022-07-12 23:21:16,194 [Listener at 127.0.0.1/33951] INFO  server.session (DefaultSessionIdManager.java:doStart(339)) - No SessionScavenger set, using defaults
2022-07-12 23:21:16,194 [Listener at 127.0.0.1/33951] INFO  server.session (HouseKeeper.java:startScavenging(132)) - node0 Scavenging every 660000ms
2022-07-12 23:21:16,207 [Listener at 127.0.0.1/33951] INFO  handler.ContextHandler (ContextHandler.java:doStart(915)) - Started o.e.j.s.ServletContextHandler@2cd8310d{logs,/logs,file:///home/runner/work/ozone/ozone/hadoop-ozone/integration-test/target/log,AVAILABLE}
2022-07-12 23:21:16,207 [Listener at 127.0.0.1/33951] INFO  handler.ContextHandler (ContextHandler.java:doStart(915)) - Started o.e.j.s.ServletContextHandler@bebbcbd{static,/static,jar:file:/home/runner/.m2/repository/org/apache/ozone/hdds-container-service/1.3.0-SNAPSHOT/hdds-container-service-1.3.0-SNAPSHOT.jar!/webapps/static,AVAILABLE}
2022-07-12 23:21:16,572 [om1@group-C5BA1605619E-FollowerState] INFO  impl.FollowerState (FollowerState.java:run(143)) - om1@group-C5BA1605619E-FollowerState: change to CANDIDATE, lastRpcElapsedTime:1174988807ns, electionTimeout:1160ms
2022-07-12 23:21:16,572 [om1@group-C5BA1605619E-FollowerState] INFO  impl.RoleInfo (RoleInfo.java:shutdownFollowerState(110)) - om1: shutdown om1@group-C5BA1605619E-FollowerState
2022-07-12 23:21:16,572 [om1@group-C5BA1605619E-FollowerState] INFO  server.RaftServer$Division (RaftServerImpl.java:setRole(299)) - om1@group-C5BA1605619E: changes role from  FOLLOWER to CANDIDATE at term 0 for changeToCandidate
2022-07-12 23:21:16,573 [om1@group-C5BA1605619E-FollowerState] INFO  server.RaftServerConfigKeys (ConfUtils.java:logGet(46)) - raft.server.leaderelection.pre-vote = false (custom)
2022-07-12 23:21:16,573 [om1@group-C5BA1605619E-FollowerState] INFO  impl.RoleInfo (RoleInfo.java:updateAndGet(139)) - om1: start om1@group-C5BA1605619E-LeaderElection17
2022-07-12 23:21:16,595 [om1@group-C5BA1605619E-LeaderElection17] INFO  impl.LeaderElection (LeaderElection.java:askForVotes(310)) - om1@group-C5BA1605619E-LeaderElection17 ELECTION round 0: submit vote requests at term 1 for -1: [om1|rpc:localhost:9872|priority:0], old=null
2022-07-12 23:21:16,596 [om1@group-C5BA1605619E-LeaderElection17] INFO  impl.LeaderElection (LeaderElection.java:askForVotes(312)) - om1@group-C5BA1605619E-LeaderElection17 ELECTION round 0: result PASSED (term=1)
2022-07-12 23:21:16,596 [om1@group-C5BA1605619E-LeaderElection17] INFO  impl.RoleInfo (RoleInfo.java:shutdownLeaderElection(130)) - om1: shutdown om1@group-C5BA1605619E-LeaderElection17
2022-07-12 23:21:16,596 [om1@group-C5BA1605619E-LeaderElection17] INFO  server.RaftServer$Division (RaftServerImpl.java:setRole(299)) - om1@group-C5BA1605619E: changes role from CANDIDATE to LEADER at term 1 for changeToLeader
2022-07-12 23:21:16,596 [om1@group-C5BA1605619E-LeaderElection17] INFO  server.RaftServer$Division (ServerState.java:setLeader(287)) - om1@group-C5BA1605619E: change Leader from null to om1 at term 1 for becomeLeader, leader elected after 2357ms
2022-07-12 23:21:16,596 [om1@group-C5BA1605619E-LeaderElection17] INFO  server.RaftServerConfigKeys (ConfUtils.java:logGet(46)) - raft.server.staging.catchup.gap = 1000 (default)
2022-07-12 23:21:16,607 [om1@group-C5BA1605619E-LeaderElection17] INFO  server.RaftServerConfigKeys (ConfUtils.java:logGet(46)) - raft.server.write.element-limit = 4096 (default)
2022-07-12 23:21:16,607 [om1@group-C5BA1605619E-LeaderElection17] INFO  server.RaftServerConfigKeys (ConfUtils.java:logGet(46)) - raft.server.write.byte-limit = 64MB (=67108864) (default)
2022-07-12 23:21:16,607 [om1@group-C5BA1605619E-LeaderElection17] INFO  server.RaftServerConfigKeys (ConfUtils.java:logGet(46)) - raft.server.watch.timeout = 10s (default)
2022-07-12 23:21:16,607 [om1@group-C5BA1605619E-LeaderElection17] INFO  server.RaftServerConfigKeys (ConfUtils.java:logGet(46)) - raft.server.watch.timeout.denomination = 1s (default)
2022-07-12 23:21:16,607 [om1@group-C5BA1605619E-LeaderElection17] INFO  server.RaftServerConfigKeys (ConfUtils.java:logGet(46)) - raft.server.watch.element-limit = 65536 (default)
2022-07-12 23:21:16,607 [om1@group-C5BA1605619E-LeaderElection17] INFO  server.RaftServerConfigKeys (ConfUtils.java:logGet(46)) - raft.server.write.element-limit = 4096 (default)
2022-07-12 23:21:16,607 [om1@group-C5BA1605619E-LeaderElection17] INFO  server.RaftServerConfigKeys (ConfUtils.java:logGet(46)) - raft.server.write.follower.gap.ratio.max = -1.0 (default)
2022-07-12 23:21:16,607 [om1@group-C5BA1605619E-LeaderElection17] INFO  impl.RoleInfo (RoleInfo.java:updateAndGet(139)) - om1: start om1@group-C5BA1605619E-LeaderStateImpl
2022-07-12 23:21:16,608 [om1@group-C5BA1605619E-LeaderElection17] INFO  segmented.SegmentedRaftLogWorker (SegmentedRaftLogWorker.java:startLogSegment(425)) - om1@group-C5BA1605619E-SegmentedRaftLogWorker: Starting segment from index:0
2022-07-12 23:21:16,619 [om1@group-C5BA1605619E-SegmentedRaftLogWorker] INFO  segmented.SegmentedRaftLogWorker (SegmentedRaftLogWorker.java:execute(629)) - om1@group-C5BA1605619E-SegmentedRaftLogWorker: created new log segment /home/runner/work/ozone/ozone/hadoop-ozone/integration-test/target/test-dir/MiniOzoneClusterImpl-3123aa8d-fa91-45ac-9e39-716c5a908d99/ozone-meta/ratis/bf265839-605b-3f16-9796-c5ba1605619e/current/log_inprogress_0
2022-07-12 23:21:16,619 [om1@group-C5BA1605619E-LeaderElection17] INFO  server.RaftServer$Division (ServerState.java:setRaftConf(393)) - om1@group-C5BA1605619E: set configuration 0: [om1|rpc:localhost:9872|admin:|client:|dataStream:|priority:0], old=null
2022-07-12 23:21:16,639 [om1@group-C5BA1605619E-StateMachineUpdater] INFO  ratis.OzoneManagerStateMachine (OzoneManagerStateMachine.java:notifyConfigurationChanged(192)) - Received Configuration change notification from Ratis. New Peer list:
[id: "om1"
address: "localhost:9872"
]
2022-07-12 23:21:16,692 [Listener at 127.0.0.1/33951] INFO  handler.ContextHandler (ContextHandler.java:doStart(915)) - Started o.e.j.w.WebAppContext@79befb56{hddsDatanode,/,file:///tmp/jetty-0_0_0_0-39185-hdds-container-service-1_3_0-SNAPSHOT_jar-_-any-509185317900499155/webapp/,AVAILABLE}{jar:file:/home/runner/.m2/repository/org/apache/ozone/hdds-container-service/1.3.0-SNAPSHOT/hdds-container-service-1.3.0-SNAPSHOT.jar!/webapps/hddsDatanode}
2022-07-12 23:21:16,701 [Listener at 127.0.0.1/33951] INFO  server.AbstractConnector (AbstractConnector.java:doStart(331)) - Started ServerConnector@6f5db8ff{HTTP/1.1, (http/1.1)}{0.0.0.0:39185}
2022-07-12 23:21:16,701 [Listener at 127.0.0.1/33951] INFO  server.Server (Server.java:doStart(415)) - Started @76176ms
2022-07-12 23:21:16,701 [Listener at 127.0.0.1/33951] WARN  impl.MetricsSystemImpl (MetricsSystemImpl.java:register(279)) - Sink prometheus already exists!
2022-07-12 23:21:16,702 [Listener at 127.0.0.1/33951] INFO  http.BaseHttpServer (BaseHttpServer.java:updateConnectorAddress(329)) - HTTP server of hddsDatanode listening at http://0.0.0.0:39185
2022-07-12 23:21:16,721 [Listener at 127.0.0.1/33951] WARN  impl.MetricRegistriesImpl (MetricRegistriesImpl.java:addReporterRegistration(111)) - New reporters are added after registries were created. Some metrics will be missing from the reporter. Please add reporter before adding any new registry.
2022-07-12 23:21:16,721 [Listener at 127.0.0.1/33951] WARN  impl.MetricRegistriesImpl (MetricRegistriesImpl.java:addReporterRegistration(111)) - New reporters are added after registries were created. Some metrics will be missing from the reporter. Please add reporter before adding any new registry.
2022-07-12 23:21:16,721 [Listener at 127.0.0.1/33951] INFO  impl.MetricsSystemImpl (MetricsSystemImpl.java:init(158)) - HddsDatanode metrics system started (again)
2022-07-12 23:21:16,729 [Datanode State Machine Daemon Thread] INFO  statemachine.DatanodeStateMachine (DatanodeStateMachine.java:lambda$startDaemon$0(492)) - Ozone container server started.
2022-07-12 23:21:16,766 [Listener at 127.0.0.1/33951] INFO  ozone.HddsDatanodeService (HddsDatanodeService.java:start(236)) - HddsDatanodeService host:fv-az46-473.aox2mo1hufxu3kclv1weif3kjc.bx.internal.cloudapp.net ip:10.1.0.13
2022-07-12 23:21:16,773 [org.apache.hadoop.util.JvmPauseMonitor$Monitor@1b8bb3b5] INFO  util.JvmPauseMonitor (JvmPauseMonitor.java:run(188)) - Starting JVM pause monitor
2022-07-12 23:21:16,780 [Datanode State Machine Task Thread - 0] INFO  datanode.InitDatanodeState (InitDatanodeState.java:persistContainerDatanodeDetails(138)) - DatanodeDetails is persisted to /home/runner/work/ozone/ozone/hadoop-ozone/integration-test/target/test-dir/MiniOzoneClusterImpl-3123aa8d-fa91-45ac-9e39-716c5a908d99/datanode-0/meta/datanode.id
2022-07-12 23:21:16,816 [Listener at 127.0.0.1/33951] INFO  upgrade.AbstractLayoutVersionManager (AbstractLayoutVersionManager.java:init(83)) - Initializing Layout version manager with metadata layout = DATANODE_SCHEMA_V3 (version = 4), software layout = DATANODE_SCHEMA_V3 (version = 4)
2022-07-12 23:21:16,927 [Listener at 127.0.0.1/33951] INFO  reflections.Reflections (Reflections.java:scan(232)) - Reflections took 110 ms to scan 7 urls, producing 132 keys and 317 values 
2022-07-12 23:21:16,929 [Listener at 127.0.0.1/33951] INFO  statemachine.DatanodeStateMachine (DatanodeStateMachine.java:getEndPointTaskThreadPoolSize(237)) - Datanode State Machine Task Thread Pool size 2
2022-07-12 23:21:16,938 [Listener at 127.0.0.1/33951] INFO  volume.HddsVolume (HddsVolume.java:<init>(116)) - Creating HddsVolume: /home/runner/work/ozone/ozone/hadoop-ozone/integration-test/target/test-dir/MiniOzoneClusterImpl-3123aa8d-fa91-45ac-9e39-716c5a908d99/datanode-1/data-0/containers/hdds of storage type : DISK capacity : 9223372036854775807
2022-07-12 23:21:16,938 [Listener at 127.0.0.1/33951] INFO  volume.MutableVolumeSet (MutableVolumeSet.java:initializeVolumeSet(174)) - Added Volume : /home/runner/work/ozone/ozone/hadoop-ozone/integration-test/target/test-dir/MiniOzoneClusterImpl-3123aa8d-fa91-45ac-9e39-716c5a908d99/datanode-1/data-0/containers/hdds to VolumeSet
2022-07-12 23:21:16,938 [Listener at 127.0.0.1/33951] INFO  volume.ThrottledAsyncChecker (ThrottledAsyncChecker.java:schedule(141)) - Scheduling a check for /home/runner/work/ozone/ozone/hadoop-ozone/integration-test/target/test-dir/MiniOzoneClusterImpl-3123aa8d-fa91-45ac-9e39-716c5a908d99/datanode-1/data-0/containers/hdds
2022-07-12 23:21:16,959 [Listener at 127.0.0.1/33951] INFO  volume.StorageVolumeChecker (StorageVolumeChecker.java:checkAllVolumes(202)) - Scheduled health check for volume /home/runner/work/ozone/ozone/hadoop-ozone/integration-test/target/test-dir/MiniOzoneClusterImpl-3123aa8d-fa91-45ac-9e39-716c5a908d99/datanode-1/data-0/containers/hdds
2022-07-12 23:21:16,977 [Listener at 127.0.0.1/33951] INFO  volume.MutableVolumeSet (MutableVolumeSet.java:initializeVolumeSet(174)) - Added Volume : /home/runner/work/ozone/ozone/hadoop-ozone/integration-test/target/test-dir/MiniOzoneClusterImpl-3123aa8d-fa91-45ac-9e39-716c5a908d99/datanode-1/data/ratis to VolumeSet
2022-07-12 23:21:16,978 [Listener at 127.0.0.1/33951] INFO  volume.ThrottledAsyncChecker (ThrottledAsyncChecker.java:schedule(141)) - Scheduling a check for /home/runner/work/ozone/ozone/hadoop-ozone/integration-test/target/test-dir/MiniOzoneClusterImpl-3123aa8d-fa91-45ac-9e39-716c5a908d99/datanode-1/data/ratis
2022-07-12 23:21:16,978 [Listener at 127.0.0.1/33951] INFO  volume.StorageVolumeChecker (StorageVolumeChecker.java:checkAllVolumes(202)) - Scheduled health check for volume /home/runner/work/ozone/ozone/hadoop-ozone/integration-test/target/test-dir/MiniOzoneClusterImpl-3123aa8d-fa91-45ac-9e39-716c5a908d99/datanode-1/data/ratis
2022-07-12 23:21:17,085 [Thread-643] INFO  ozoneimpl.ContainerReader (ContainerReader.java:readVolume(175)) - Finish verifying containers on volume /home/runner/work/ozone/ozone/hadoop-ozone/integration-test/target/test-dir/MiniOzoneClusterImpl-3123aa8d-fa91-45ac-9e39-716c5a908d99/datanode-1/data-0/containers/hdds
2022-07-12 23:21:17,085 [Listener at 127.0.0.1/33951] INFO  ozoneimpl.OzoneContainer (OzoneContainer.java:buildContainerSet(266)) - Build ContainerSet costs 0s
2022-07-12 23:21:17,088 [Listener at 127.0.0.1/33951] INFO  server.RaftServer (ConfUtils.java:logGet(46)) - raft.rpc.type = GRPC (default)
2022-07-12 23:21:17,088 [Listener at 127.0.0.1/33951] INFO  grpc.GrpcFactory (GrpcFactory.java:checkPooledByteBufAllocatorUseCacheForAllThreads(48)) - PERFORMANCE WARNING: useCacheForAllThreads is true that may cause Netty to create a lot garbage objects and, as a result, trigger GC.
	It is recommended to disable useCacheForAllThreads by setting -Dorg.apache.ratis.thirdparty.io.netty.allocator.useCacheForAllThreads=false in command line.
2022-07-12 23:21:17,088 [Listener at 127.0.0.1/33951] INFO  grpc.GrpcConfigKeys (ConfUtils.java:logGet(46)) - raft.grpc.admin.port = 0 (custom)
2022-07-12 23:21:17,088 [Listener at 127.0.0.1/33951] INFO  grpc.GrpcConfigKeys (ConfUtils.java:logGet(46)) - raft.grpc.client.port = 0 (custom)
2022-07-12 23:21:17,088 [Listener at 127.0.0.1/33951] INFO  grpc.GrpcConfigKeys (ConfUtils.java:logGet(46)) - raft.grpc.server.port = 0 (default)
2022-07-12 23:21:17,088 [Listener at 127.0.0.1/33951] INFO  server.GrpcService (ConfUtils.java:logGet(46)) - raft.grpc.message.size.max = 32MB (=33554432) (custom)
2022-07-12 23:21:17,088 [Listener at 127.0.0.1/33951] INFO  server.RaftServerConfigKeys (ConfUtils.java:logGet(46)) - raft.server.log.appender.buffer.byte-limit = 33554432 (custom)
2022-07-12 23:21:17,088 [Listener at 127.0.0.1/33951] INFO  server.GrpcService (ConfUtils.java:logGet(46)) - raft.grpc.flow.control.window = 5MB (=5242880) (custom)
2022-07-12 23:21:17,089 [Listener at 127.0.0.1/33951] INFO  server.RaftServerConfigKeys (ConfUtils.java:logGet(46)) - raft.server.rpc.request.timeout = 60s (custom)
2022-07-12 23:21:17,089 [Listener at 127.0.0.1/33951] INFO  grpc.GrpcConfigKeys (ConfUtils.java:logGet(46)) - raft.grpc.server.async.request.thread.pool.cached = true (default)
2022-07-12 23:21:17,101 [Listener at 127.0.0.1/33951] INFO  grpc.GrpcConfigKeys (ConfUtils.java:logGet(46)) - raft.grpc.server.async.request.thread.pool.size = 32 (default)
2022-07-12 23:21:17,102 [Listener at 127.0.0.1/33951] INFO  impl.DataStreamServerImpl (ConfUtils.java:logGet(46)) - raft.datastream.type = DISABLED (default)
2022-07-12 23:21:17,103 [Listener at 127.0.0.1/33951] INFO  server.RaftServerConfigKeys (ConfUtils.java:logGet(46)) - raft.server.threadpool.proxy.cached = true (default)
2022-07-12 23:21:17,103 [Listener at 127.0.0.1/33951] INFO  server.RaftServerConfigKeys (ConfUtils.java:logGet(46)) - raft.server.threadpool.proxy.size = 0 (default)
2022-07-12 23:21:17,103 [Listener at 127.0.0.1/33951] INFO  server.RaftServerConfigKeys (ConfUtils.java:logGet(46)) - raft.server.rpc.slowness.timeout = 300s (custom)
2022-07-12 23:21:17,103 [Listener at 127.0.0.1/33951] INFO  server.RaftServerConfigKeys (ConfUtils.java:logGet(46)) - raft.server.leaderelection.leader.step-down.wait-time = 10s (default)
2022-07-12 23:21:17,103 [Listener at 127.0.0.1/33951] INFO  server.RaftServerConfigKeys (ConfUtils.java:logGet(46)) - raft.server.storage.dir = [/home/runner/work/ozone/ozone/hadoop-ozone/integration-test/target/test-dir/MiniOzoneClusterImpl-3123aa8d-fa91-45ac-9e39-716c5a908d99/datanode-1/data/ratis] (custom)
2022-07-12 23:21:17,104 [Listener at 127.0.0.1/33951] INFO  server.XceiverServerGrpc (XceiverServerGrpc.java:<init>(132)) - GrpcServer channel type EpollServerSocketChannel
2022-07-12 23:21:17,107 [Listener at 127.0.0.1/33951] INFO  http.BaseHttpServer (BaseHttpServer.java:newHttpServer2BuilderForOzone(209)) - Starting Web-server for hddsDatanode at: http://0.0.0.0:0
2022-07-12 23:21:17,107 [Listener at 127.0.0.1/33951] INFO  http.BaseHttpServer (BaseHttpServer.java:<init>(107)) - Hadoop Security Enabled: false Ozone Security Enabled: false Ozone HTTP Security Enabled: false 
2022-07-12 23:21:17,108 [Listener at 127.0.0.1/33951] INFO  server.AuthenticationFilter (AuthenticationFilter.java:constructSecretProvider(240)) - Unable to initialize FileSignerSecretProvider, falling back to use random secrets.
2022-07-12 23:21:17,121 [Listener at 127.0.0.1/33951] WARN  http.HttpRequestLog (HttpRequestLog.java:getRequestLog(103)) - Jetty request log can only be enabled using Log4j
2022-07-12 23:21:17,123 [Listener at 127.0.0.1/33951] INFO  http.HttpServer2 (HttpServer2.java:addGlobalFilter(1029)) - Added global filter 'safety' (class=org.apache.hadoop.hdds.server.http.HttpServer2$QuotingInputFilter)
2022-07-12 23:21:17,123 [Listener at 127.0.0.1/33951] INFO  http.HttpServer2 (HttpServer2.java:addFilter(1005)) - Added filter static_user_filter (class=org.apache.hadoop.http.lib.StaticUserWebFilter$StaticUserFilter) to context hddsDatanode
2022-07-12 23:21:17,123 [Listener at 127.0.0.1/33951] INFO  http.HttpServer2 (HttpServer2.java:addFilter(1013)) - Added filter static_user_filter (class=org.apache.hadoop.http.lib.StaticUserWebFilter$StaticUserFilter) to context logs
2022-07-12 23:21:17,123 [Listener at 127.0.0.1/33951] INFO  http.HttpServer2 (HttpServer2.java:addFilter(1013)) - Added filter static_user_filter (class=org.apache.hadoop.http.lib.StaticUserWebFilter$StaticUserFilter) to context static
2022-07-12 23:21:17,124 [Listener at 127.0.0.1/33951] INFO  http.HttpServer2 (HttpServer2.java:bindListener(1248)) - Jetty bound to port 36657
2022-07-12 23:21:17,124 [Listener at 127.0.0.1/33951] INFO  server.Server (Server.java:doStart(375)) - jetty-9.4.43.v20210629; built: 2021-06-30T11:07:22.254Z; git: 526006ecfa3af7f1a27ef3a288e2bef7ea9dd7e8; jvm 1.8.0_332-b09
2022-07-12 23:21:17,141 [Listener at 127.0.0.1/33951] INFO  server.session (DefaultSessionIdManager.java:doStart(334)) - DefaultSessionIdManager workerName=node0
2022-07-12 23:21:17,141 [Listener at 127.0.0.1/33951] INFO  server.session (DefaultSessionIdManager.java:doStart(339)) - No SessionScavenger set, using defaults
2022-07-12 23:21:17,141 [Listener at 127.0.0.1/33951] INFO  server.session (HouseKeeper.java:startScavenging(132)) - node0 Scavenging every 600000ms
2022-07-12 23:21:17,142 [Listener at 127.0.0.1/33951] INFO  handler.ContextHandler (ContextHandler.java:doStart(915)) - Started o.e.j.s.ServletContextHandler@35fd1646{logs,/logs,file:///home/runner/work/ozone/ozone/hadoop-ozone/integration-test/target/log,AVAILABLE}
2022-07-12 23:21:17,142 [Listener at 127.0.0.1/33951] INFO  handler.ContextHandler (ContextHandler.java:doStart(915)) - Started o.e.j.s.ServletContextHandler@19e8a4a4{static,/static,jar:file:/home/runner/.m2/repository/org/apache/ozone/hdds-container-service/1.3.0-SNAPSHOT/hdds-container-service-1.3.0-SNAPSHOT.jar!/webapps/static,AVAILABLE}
2022-07-12 23:21:17,574 [Listener at 127.0.0.1/33951] INFO  handler.ContextHandler (ContextHandler.java:doStart(915)) - Started o.e.j.w.WebAppContext@152c82ca{hddsDatanode,/,file:///tmp/jetty-0_0_0_0-36657-hdds-container-service-1_3_0-SNAPSHOT_jar-_-any-8071038096956179507/webapp/,AVAILABLE}{jar:file:/home/runner/.m2/repository/org/apache/ozone/hdds-container-service/1.3.0-SNAPSHOT/hdds-container-service-1.3.0-SNAPSHOT.jar!/webapps/hddsDatanode}
2022-07-12 23:21:17,589 [Listener at 127.0.0.1/33951] INFO  server.AbstractConnector (AbstractConnector.java:doStart(331)) - Started ServerConnector@12400c6a{HTTP/1.1, (http/1.1)}{0.0.0.0:36657}
2022-07-12 23:21:17,589 [Listener at 127.0.0.1/33951] INFO  server.Server (Server.java:doStart(415)) - Started @77064ms
2022-07-12 23:21:17,589 [Listener at 127.0.0.1/33951] WARN  impl.MetricsSystemImpl (MetricsSystemImpl.java:register(279)) - Sink prometheus already exists!
2022-07-12 23:21:17,593 [Listener at 127.0.0.1/33951] INFO  http.BaseHttpServer (BaseHttpServer.java:updateConnectorAddress(329)) - HTTP server of hddsDatanode listening at http://0.0.0.0:36657
2022-07-12 23:21:17,597 [Listener at 127.0.0.1/33951] WARN  impl.MetricRegistriesImpl (MetricRegistriesImpl.java:addReporterRegistration(111)) - New reporters are added after registries were created. Some metrics will be missing from the reporter. Please add reporter before adding any new registry.
2022-07-12 23:21:17,597 [Listener at 127.0.0.1/33951] WARN  impl.MetricRegistriesImpl (MetricRegistriesImpl.java:addReporterRegistration(111)) - New reporters are added after registries were created. Some metrics will be missing from the reporter. Please add reporter before adding any new registry.
2022-07-12 23:21:17,597 [Listener at 127.0.0.1/33951] INFO  impl.MetricsSystemImpl (MetricsSystemImpl.java:init(158)) - HddsDatanode metrics system started (again)
2022-07-12 23:21:17,608 [Listener at 127.0.0.1/33951] INFO  ozone.HddsDatanodeService (HddsDatanodeService.java:start(236)) - HddsDatanodeService host:fv-az46-473.aox2mo1hufxu3kclv1weif3kjc.bx.internal.cloudapp.net ip:10.1.0.13
2022-07-12 23:21:17,609 [Datanode State Machine Daemon Thread] INFO  statemachine.DatanodeStateMachine (DatanodeStateMachine.java:lambda$startDaemon$0(492)) - Ozone container server started.
2022-07-12 23:21:17,624 [org.apache.hadoop.util.JvmPauseMonitor$Monitor@7ccca8a] INFO  util.JvmPauseMonitor (JvmPauseMonitor.java:run(188)) - Starting JVM pause monitor
2022-07-12 23:21:17,645 [Datanode State Machine Task Thread - 0] INFO  datanode.InitDatanodeState (InitDatanodeState.java:persistContainerDatanodeDetails(138)) - DatanodeDetails is persisted to /home/runner/work/ozone/ozone/hadoop-ozone/integration-test/target/test-dir/MiniOzoneClusterImpl-3123aa8d-fa91-45ac-9e39-716c5a908d99/datanode-1/meta/datanode.id
2022-07-12 23:21:17,648 [Listener at 127.0.0.1/33951] INFO  upgrade.AbstractLayoutVersionManager (AbstractLayoutVersionManager.java:init(83)) - Initializing Layout version manager with metadata layout = DATANODE_SCHEMA_V3 (version = 4), software layout = DATANODE_SCHEMA_V3 (version = 4)
2022-07-12 23:21:17,750 [Listener at 127.0.0.1/33951] INFO  reflections.Reflections (Reflections.java:scan(232)) - Reflections took 100 ms to scan 7 urls, producing 132 keys and 317 values 
2022-07-12 23:21:17,752 [Listener at 127.0.0.1/33951] INFO  statemachine.DatanodeStateMachine (DatanodeStateMachine.java:getEndPointTaskThreadPoolSize(237)) - Datanode State Machine Task Thread Pool size 2
2022-07-12 23:21:17,758 [Listener at 127.0.0.1/33951] INFO  volume.HddsVolume (HddsVolume.java:<init>(116)) - Creating HddsVolume: /home/runner/work/ozone/ozone/hadoop-ozone/integration-test/target/test-dir/MiniOzoneClusterImpl-3123aa8d-fa91-45ac-9e39-716c5a908d99/datanode-2/data-0/containers/hdds of storage type : DISK capacity : 9223372036854775807
2022-07-12 23:21:17,759 [Listener at 127.0.0.1/33951] INFO  volume.MutableVolumeSet (MutableVolumeSet.java:initializeVolumeSet(174)) - Added Volume : /home/runner/work/ozone/ozone/hadoop-ozone/integration-test/target/test-dir/MiniOzoneClusterImpl-3123aa8d-fa91-45ac-9e39-716c5a908d99/datanode-2/data-0/containers/hdds to VolumeSet
2022-07-12 23:21:17,759 [Listener at 127.0.0.1/33951] INFO  volume.ThrottledAsyncChecker (ThrottledAsyncChecker.java:schedule(141)) - Scheduling a check for /home/runner/work/ozone/ozone/hadoop-ozone/integration-test/target/test-dir/MiniOzoneClusterImpl-3123aa8d-fa91-45ac-9e39-716c5a908d99/datanode-2/data-0/containers/hdds
2022-07-12 23:21:17,760 [Listener at 127.0.0.1/33951] INFO  volume.StorageVolumeChecker (StorageVolumeChecker.java:checkAllVolumes(202)) - Scheduled health check for volume /home/runner/work/ozone/ozone/hadoop-ozone/integration-test/target/test-dir/MiniOzoneClusterImpl-3123aa8d-fa91-45ac-9e39-716c5a908d99/datanode-2/data-0/containers/hdds
2022-07-12 23:21:17,776 [Listener at 127.0.0.1/33951] INFO  volume.MutableVolumeSet (MutableVolumeSet.java:initializeVolumeSet(174)) - Added Volume : /home/runner/work/ozone/ozone/hadoop-ozone/integration-test/target/test-dir/MiniOzoneClusterImpl-3123aa8d-fa91-45ac-9e39-716c5a908d99/datanode-2/data/ratis to VolumeSet
2022-07-12 23:21:17,776 [Listener at 127.0.0.1/33951] INFO  volume.ThrottledAsyncChecker (ThrottledAsyncChecker.java:schedule(141)) - Scheduling a check for /home/runner/work/ozone/ozone/hadoop-ozone/integration-test/target/test-dir/MiniOzoneClusterImpl-3123aa8d-fa91-45ac-9e39-716c5a908d99/datanode-2/data/ratis
2022-07-12 23:21:17,776 [Listener at 127.0.0.1/33951] INFO  volume.StorageVolumeChecker (StorageVolumeChecker.java:checkAllVolumes(202)) - Scheduled health check for volume /home/runner/work/ozone/ozone/hadoop-ozone/integration-test/target/test-dir/MiniOzoneClusterImpl-3123aa8d-fa91-45ac-9e39-716c5a908d99/datanode-2/data/ratis
2022-07-12 23:21:17,797 [Thread-656] INFO  ozoneimpl.ContainerReader (ContainerReader.java:readVolume(175)) - Finish verifying containers on volume /home/runner/work/ozone/ozone/hadoop-ozone/integration-test/target/test-dir/MiniOzoneClusterImpl-3123aa8d-fa91-45ac-9e39-716c5a908d99/datanode-2/data-0/containers/hdds
2022-07-12 23:21:17,797 [Listener at 127.0.0.1/33951] INFO  ozoneimpl.OzoneContainer (OzoneContainer.java:buildContainerSet(266)) - Build ContainerSet costs 0s
2022-07-12 23:21:17,800 [Listener at 127.0.0.1/33951] INFO  server.RaftServer (ConfUtils.java:logGet(46)) - raft.rpc.type = GRPC (default)
2022-07-12 23:21:17,800 [Listener at 127.0.0.1/33951] INFO  grpc.GrpcFactory (GrpcFactory.java:checkPooledByteBufAllocatorUseCacheForAllThreads(48)) - PERFORMANCE WARNING: useCacheForAllThreads is true that may cause Netty to create a lot garbage objects and, as a result, trigger GC.
	It is recommended to disable useCacheForAllThreads by setting -Dorg.apache.ratis.thirdparty.io.netty.allocator.useCacheForAllThreads=false in command line.
2022-07-12 23:21:17,801 [Listener at 127.0.0.1/33951] INFO  grpc.GrpcConfigKeys (ConfUtils.java:logGet(46)) - raft.grpc.admin.port = 0 (custom)
2022-07-12 23:21:17,801 [Listener at 127.0.0.1/33951] INFO  grpc.GrpcConfigKeys (ConfUtils.java:logGet(46)) - raft.grpc.client.port = 0 (custom)
2022-07-12 23:21:17,801 [Listener at 127.0.0.1/33951] INFO  grpc.GrpcConfigKeys (ConfUtils.java:logGet(46)) - raft.grpc.server.port = 0 (default)
2022-07-12 23:21:17,801 [Listener at 127.0.0.1/33951] INFO  server.GrpcService (ConfUtils.java:logGet(46)) - raft.grpc.message.size.max = 32MB (=33554432) (custom)
2022-07-12 23:21:17,801 [Listener at 127.0.0.1/33951] INFO  server.RaftServerConfigKeys (ConfUtils.java:logGet(46)) - raft.server.log.appender.buffer.byte-limit = 33554432 (custom)
2022-07-12 23:21:17,801 [Listener at 127.0.0.1/33951] INFO  server.GrpcService (ConfUtils.java:logGet(46)) - raft.grpc.flow.control.window = 5MB (=5242880) (custom)
2022-07-12 23:21:17,801 [Listener at 127.0.0.1/33951] INFO  server.RaftServerConfigKeys (ConfUtils.java:logGet(46)) - raft.server.rpc.request.timeout = 60s (custom)
2022-07-12 23:21:17,801 [Listener at 127.0.0.1/33951] INFO  grpc.GrpcConfigKeys (ConfUtils.java:logGet(46)) - raft.grpc.server.async.request.thread.pool.cached = true (default)
2022-07-12 23:21:17,801 [Listener at 127.0.0.1/33951] INFO  grpc.GrpcConfigKeys (ConfUtils.java:logGet(46)) - raft.grpc.server.async.request.thread.pool.size = 32 (default)
2022-07-12 23:21:17,803 [Listener at 127.0.0.1/33951] INFO  impl.DataStreamServerImpl (ConfUtils.java:logGet(46)) - raft.datastream.type = DISABLED (default)
2022-07-12 23:21:17,803 [Listener at 127.0.0.1/33951] INFO  server.RaftServerConfigKeys (ConfUtils.java:logGet(46)) - raft.server.threadpool.proxy.cached = true (default)
2022-07-12 23:21:17,803 [Listener at 127.0.0.1/33951] INFO  server.RaftServerConfigKeys (ConfUtils.java:logGet(46)) - raft.server.threadpool.proxy.size = 0 (default)
2022-07-12 23:21:17,803 [Listener at 127.0.0.1/33951] INFO  server.RaftServerConfigKeys (ConfUtils.java:logGet(46)) - raft.server.rpc.slowness.timeout = 300s (custom)
2022-07-12 23:21:17,803 [Listener at 127.0.0.1/33951] INFO  server.RaftServerConfigKeys (ConfUtils.java:logGet(46)) - raft.server.leaderelection.leader.step-down.wait-time = 10s (default)
2022-07-12 23:21:17,803 [Listener at 127.0.0.1/33951] INFO  server.RaftServerConfigKeys (ConfUtils.java:logGet(46)) - raft.server.storage.dir = [/home/runner/work/ozone/ozone/hadoop-ozone/integration-test/target/test-dir/MiniOzoneClusterImpl-3123aa8d-fa91-45ac-9e39-716c5a908d99/datanode-2/data/ratis] (custom)
2022-07-12 23:21:17,806 [Listener at 127.0.0.1/33951] INFO  server.XceiverServerGrpc (XceiverServerGrpc.java:<init>(132)) - GrpcServer channel type EpollServerSocketChannel
2022-07-12 23:21:17,838 [Listener at 127.0.0.1/33951] INFO  http.BaseHttpServer (BaseHttpServer.java:newHttpServer2BuilderForOzone(209)) - Starting Web-server for hddsDatanode at: http://0.0.0.0:0
2022-07-12 23:21:17,838 [Listener at 127.0.0.1/33951] INFO  http.BaseHttpServer (BaseHttpServer.java:<init>(107)) - Hadoop Security Enabled: false Ozone Security Enabled: false Ozone HTTP Security Enabled: false 
2022-07-12 23:21:17,839 [Listener at 127.0.0.1/33951] INFO  server.AuthenticationFilter (AuthenticationFilter.java:constructSecretProvider(240)) - Unable to initialize FileSignerSecretProvider, falling back to use random secrets.
2022-07-12 23:21:17,841 [Listener at 127.0.0.1/33951] WARN  http.HttpRequestLog (HttpRequestLog.java:getRequestLog(103)) - Jetty request log can only be enabled using Log4j
2022-07-12 23:21:17,848 [Listener at 127.0.0.1/33951] INFO  http.HttpServer2 (HttpServer2.java:addGlobalFilter(1029)) - Added global filter 'safety' (class=org.apache.hadoop.hdds.server.http.HttpServer2$QuotingInputFilter)
2022-07-12 23:21:17,849 [Listener at 127.0.0.1/33951] INFO  http.HttpServer2 (HttpServer2.java:addFilter(1005)) - Added filter static_user_filter (class=org.apache.hadoop.http.lib.StaticUserWebFilter$StaticUserFilter) to context hddsDatanode
2022-07-12 23:21:17,849 [Listener at 127.0.0.1/33951] INFO  http.HttpServer2 (HttpServer2.java:addFilter(1013)) - Added filter static_user_filter (class=org.apache.hadoop.http.lib.StaticUserWebFilter$StaticUserFilter) to context logs
2022-07-12 23:21:17,849 [Listener at 127.0.0.1/33951] INFO  http.HttpServer2 (HttpServer2.java:addFilter(1013)) - Added filter static_user_filter (class=org.apache.hadoop.http.lib.StaticUserWebFilter$StaticUserFilter) to context static
2022-07-12 23:21:17,849 [Listener at 127.0.0.1/33951] INFO  http.HttpServer2 (HttpServer2.java:bindListener(1248)) - Jetty bound to port 44567
2022-07-12 23:21:17,850 [Listener at 127.0.0.1/33951] INFO  server.Server (Server.java:doStart(375)) - jetty-9.4.43.v20210629; built: 2021-06-30T11:07:22.254Z; git: 526006ecfa3af7f1a27ef3a288e2bef7ea9dd7e8; jvm 1.8.0_332-b09
2022-07-12 23:21:17,898 [Listener at 127.0.0.1/33951] INFO  server.session (DefaultSessionIdManager.java:doStart(334)) - DefaultSessionIdManager workerName=node0
2022-07-12 23:21:17,898 [Listener at 127.0.0.1/33951] INFO  server.session (DefaultSessionIdManager.java:doStart(339)) - No SessionScavenger set, using defaults
2022-07-12 23:21:17,898 [Listener at 127.0.0.1/33951] INFO  server.session (HouseKeeper.java:startScavenging(132)) - node0 Scavenging every 660000ms
2022-07-12 23:21:17,899 [Listener at 127.0.0.1/33951] INFO  handler.ContextHandler (ContextHandler.java:doStart(915)) - Started o.e.j.s.ServletContextHandler@44757ab5{logs,/logs,file:///home/runner/work/ozone/ozone/hadoop-ozone/integration-test/target/log,AVAILABLE}
2022-07-12 23:21:17,899 [Listener at 127.0.0.1/33951] INFO  handler.ContextHandler (ContextHandler.java:doStart(915)) - Started o.e.j.s.ServletContextHandler@3cd5db14{static,/static,jar:file:/home/runner/.m2/repository/org/apache/ozone/hdds-container-service/1.3.0-SNAPSHOT/hdds-container-service-1.3.0-SNAPSHOT.jar!/webapps/static,AVAILABLE}
2022-07-12 23:21:18,321 [Listener at 127.0.0.1/33951] INFO  handler.ContextHandler (ContextHandler.java:doStart(915)) - Started o.e.j.w.WebAppContext@73c53860{hddsDatanode,/,file:///tmp/jetty-0_0_0_0-44567-hdds-container-service-1_3_0-SNAPSHOT_jar-_-any-3786861391454888704/webapp/,AVAILABLE}{jar:file:/home/runner/.m2/repository/org/apache/ozone/hdds-container-service/1.3.0-SNAPSHOT/hdds-container-service-1.3.0-SNAPSHOT.jar!/webapps/hddsDatanode}
2022-07-12 23:21:18,331 [Listener at 127.0.0.1/33951] INFO  server.AbstractConnector (AbstractConnector.java:doStart(331)) - Started ServerConnector@31b38a32{HTTP/1.1, (http/1.1)}{0.0.0.0:44567}
2022-07-12 23:21:18,331 [Listener at 127.0.0.1/33951] INFO  server.Server (Server.java:doStart(415)) - Started @77805ms
2022-07-12 23:21:18,331 [Listener at 127.0.0.1/33951] WARN  impl.MetricsSystemImpl (MetricsSystemImpl.java:register(279)) - Sink prometheus already exists!
2022-07-12 23:21:18,337 [Listener at 127.0.0.1/33951] INFO  http.BaseHttpServer (BaseHttpServer.java:updateConnectorAddress(329)) - HTTP server of hddsDatanode listening at http://0.0.0.0:44567
2022-07-12 23:21:18,345 [Listener at 127.0.0.1/33951] WARN  impl.MetricRegistriesImpl (MetricRegistriesImpl.java:addReporterRegistration(111)) - New reporters are added after registries were created. Some metrics will be missing from the reporter. Please add reporter before adding any new registry.
2022-07-12 23:21:18,345 [Listener at 127.0.0.1/33951] WARN  impl.MetricRegistriesImpl (MetricRegistriesImpl.java:addReporterRegistration(111)) - New reporters are added after registries were created. Some metrics will be missing from the reporter. Please add reporter before adding any new registry.
2022-07-12 23:21:18,345 [Listener at 127.0.0.1/33951] INFO  impl.MetricsSystemImpl (MetricsSystemImpl.java:init(158)) - HddsDatanode metrics system started (again)
2022-07-12 23:21:18,353 [Datanode State Machine Daemon Thread] INFO  statemachine.DatanodeStateMachine (DatanodeStateMachine.java:lambda$startDaemon$0(492)) - Ozone container server started.
2022-07-12 23:21:18,365 [org.apache.hadoop.util.JvmPauseMonitor$Monitor@5b3c647d] INFO  util.JvmPauseMonitor (JvmPauseMonitor.java:run(188)) - Starting JVM pause monitor
2022-07-12 23:21:18,378 [Listener at 127.0.0.1/33951] INFO  ozone.HddsDatanodeService (HddsDatanodeService.java:start(236)) - HddsDatanodeService host:fv-az46-473.aox2mo1hufxu3kclv1weif3kjc.bx.internal.cloudapp.net ip:10.1.0.13
2022-07-12 23:21:18,394 [Datanode State Machine Task Thread - 0] INFO  datanode.InitDatanodeState (InitDatanodeState.java:persistContainerDatanodeDetails(138)) - DatanodeDetails is persisted to /home/runner/work/ozone/ozone/hadoop-ozone/integration-test/target/test-dir/MiniOzoneClusterImpl-3123aa8d-fa91-45ac-9e39-716c5a908d99/datanode-2/meta/datanode.id
2022-07-12 23:21:18,426 [Listener at 127.0.0.1/33951] INFO  upgrade.AbstractLayoutVersionManager (AbstractLayoutVersionManager.java:init(83)) - Initializing Layout version manager with metadata layout = DATANODE_SCHEMA_V3 (version = 4), software layout = DATANODE_SCHEMA_V3 (version = 4)
2022-07-12 23:21:18,499 [Listener at 127.0.0.1/33951] INFO  reflections.Reflections (Reflections.java:scan(232)) - Reflections took 72 ms to scan 7 urls, producing 132 keys and 317 values 
2022-07-12 23:21:18,501 [Listener at 127.0.0.1/33951] INFO  statemachine.DatanodeStateMachine (DatanodeStateMachine.java:getEndPointTaskThreadPoolSize(237)) - Datanode State Machine Task Thread Pool size 2
2022-07-12 23:21:18,511 [Listener at 127.0.0.1/33951] INFO  volume.HddsVolume (HddsVolume.java:<init>(116)) - Creating HddsVolume: /home/runner/work/ozone/ozone/hadoop-ozone/integration-test/target/test-dir/MiniOzoneClusterImpl-3123aa8d-fa91-45ac-9e39-716c5a908d99/datanode-3/data-0/containers/hdds of storage type : DISK capacity : 9223372036854775807
2022-07-12 23:21:18,511 [Listener at 127.0.0.1/33951] INFO  volume.MutableVolumeSet (MutableVolumeSet.java:initializeVolumeSet(174)) - Added Volume : /home/runner/work/ozone/ozone/hadoop-ozone/integration-test/target/test-dir/MiniOzoneClusterImpl-3123aa8d-fa91-45ac-9e39-716c5a908d99/datanode-3/data-0/containers/hdds to VolumeSet
2022-07-12 23:21:18,511 [Listener at 127.0.0.1/33951] INFO  volume.ThrottledAsyncChecker (ThrottledAsyncChecker.java:schedule(141)) - Scheduling a check for /home/runner/work/ozone/ozone/hadoop-ozone/integration-test/target/test-dir/MiniOzoneClusterImpl-3123aa8d-fa91-45ac-9e39-716c5a908d99/datanode-3/data-0/containers/hdds
2022-07-12 23:21:18,512 [Listener at 127.0.0.1/33951] INFO  volume.StorageVolumeChecker (StorageVolumeChecker.java:checkAllVolumes(202)) - Scheduled health check for volume /home/runner/work/ozone/ozone/hadoop-ozone/integration-test/target/test-dir/MiniOzoneClusterImpl-3123aa8d-fa91-45ac-9e39-716c5a908d99/datanode-3/data-0/containers/hdds
2022-07-12 23:21:18,548 [Listener at 127.0.0.1/33951] INFO  volume.MutableVolumeSet (MutableVolumeSet.java:initializeVolumeSet(174)) - Added Volume : /home/runner/work/ozone/ozone/hadoop-ozone/integration-test/target/test-dir/MiniOzoneClusterImpl-3123aa8d-fa91-45ac-9e39-716c5a908d99/datanode-3/data/ratis to VolumeSet
2022-07-12 23:21:18,548 [Listener at 127.0.0.1/33951] INFO  volume.ThrottledAsyncChecker (ThrottledAsyncChecker.java:schedule(141)) - Scheduling a check for /home/runner/work/ozone/ozone/hadoop-ozone/integration-test/target/test-dir/MiniOzoneClusterImpl-3123aa8d-fa91-45ac-9e39-716c5a908d99/datanode-3/data/ratis
2022-07-12 23:21:18,553 [Listener at 127.0.0.1/33951] INFO  volume.StorageVolumeChecker (StorageVolumeChecker.java:checkAllVolumes(202)) - Scheduled health check for volume /home/runner/work/ozone/ozone/hadoop-ozone/integration-test/target/test-dir/MiniOzoneClusterImpl-3123aa8d-fa91-45ac-9e39-716c5a908d99/datanode-3/data/ratis
2022-07-12 23:21:18,589 [Thread-669] INFO  ozoneimpl.ContainerReader (ContainerReader.java:readVolume(175)) - Finish verifying containers on volume /home/runner/work/ozone/ozone/hadoop-ozone/integration-test/target/test-dir/MiniOzoneClusterImpl-3123aa8d-fa91-45ac-9e39-716c5a908d99/datanode-3/data-0/containers/hdds
2022-07-12 23:21:18,589 [Listener at 127.0.0.1/33951] INFO  ozoneimpl.OzoneContainer (OzoneContainer.java:buildContainerSet(266)) - Build ContainerSet costs 0s
2022-07-12 23:21:18,591 [Listener at 127.0.0.1/33951] INFO  server.RaftServer (ConfUtils.java:logGet(46)) - raft.rpc.type = GRPC (default)
2022-07-12 23:21:18,592 [Listener at 127.0.0.1/33951] INFO  grpc.GrpcFactory (GrpcFactory.java:checkPooledByteBufAllocatorUseCacheForAllThreads(48)) - PERFORMANCE WARNING: useCacheForAllThreads is true that may cause Netty to create a lot garbage objects and, as a result, trigger GC.
	It is recommended to disable useCacheForAllThreads by setting -Dorg.apache.ratis.thirdparty.io.netty.allocator.useCacheForAllThreads=false in command line.
2022-07-12 23:21:18,592 [Listener at 127.0.0.1/33951] INFO  grpc.GrpcConfigKeys (ConfUtils.java:logGet(46)) - raft.grpc.admin.port = 0 (custom)
2022-07-12 23:21:18,592 [Listener at 127.0.0.1/33951] INFO  grpc.GrpcConfigKeys (ConfUtils.java:logGet(46)) - raft.grpc.client.port = 0 (custom)
2022-07-12 23:21:18,592 [Listener at 127.0.0.1/33951] INFO  grpc.GrpcConfigKeys (ConfUtils.java:logGet(46)) - raft.grpc.server.port = 0 (default)
2022-07-12 23:21:18,592 [Listener at 127.0.0.1/33951] INFO  server.GrpcService (ConfUtils.java:logGet(46)) - raft.grpc.message.size.max = 32MB (=33554432) (custom)
2022-07-12 23:21:18,592 [Listener at 127.0.0.1/33951] INFO  server.RaftServerConfigKeys (ConfUtils.java:logGet(46)) - raft.server.log.appender.buffer.byte-limit = 33554432 (custom)
2022-07-12 23:21:18,592 [Listener at 127.0.0.1/33951] INFO  server.GrpcService (ConfUtils.java:logGet(46)) - raft.grpc.flow.control.window = 5MB (=5242880) (custom)
2022-07-12 23:21:18,592 [Listener at 127.0.0.1/33951] INFO  server.RaftServerConfigKeys (ConfUtils.java:logGet(46)) - raft.server.rpc.request.timeout = 60s (custom)
2022-07-12 23:21:18,592 [Listener at 127.0.0.1/33951] INFO  grpc.GrpcConfigKeys (ConfUtils.java:logGet(46)) - raft.grpc.server.async.request.thread.pool.cached = true (default)
2022-07-12 23:21:18,592 [Listener at 127.0.0.1/33951] INFO  grpc.GrpcConfigKeys (ConfUtils.java:logGet(46)) - raft.grpc.server.async.request.thread.pool.size = 32 (default)
2022-07-12 23:21:18,594 [Listener at 127.0.0.1/33951] INFO  impl.DataStreamServerImpl (ConfUtils.java:logGet(46)) - raft.datastream.type = DISABLED (default)
2022-07-12 23:21:18,594 [Listener at 127.0.0.1/33951] INFO  server.RaftServerConfigKeys (ConfUtils.java:logGet(46)) - raft.server.threadpool.proxy.cached = true (default)
2022-07-12 23:21:18,594 [Listener at 127.0.0.1/33951] INFO  server.RaftServerConfigKeys (ConfUtils.java:logGet(46)) - raft.server.threadpool.proxy.size = 0 (default)
2022-07-12 23:21:18,594 [Listener at 127.0.0.1/33951] INFO  server.RaftServerConfigKeys (ConfUtils.java:logGet(46)) - raft.server.rpc.slowness.timeout = 300s (custom)
2022-07-12 23:21:18,594 [Listener at 127.0.0.1/33951] INFO  server.RaftServerConfigKeys (ConfUtils.java:logGet(46)) - raft.server.leaderelection.leader.step-down.wait-time = 10s (default)
2022-07-12 23:21:18,594 [Listener at 127.0.0.1/33951] INFO  server.RaftServerConfigKeys (ConfUtils.java:logGet(46)) - raft.server.storage.dir = [/home/runner/work/ozone/ozone/hadoop-ozone/integration-test/target/test-dir/MiniOzoneClusterImpl-3123aa8d-fa91-45ac-9e39-716c5a908d99/datanode-3/data/ratis] (custom)
2022-07-12 23:21:18,618 [Listener at 127.0.0.1/33951] INFO  server.XceiverServerGrpc (XceiverServerGrpc.java:<init>(132)) - GrpcServer channel type EpollServerSocketChannel
2022-07-12 23:21:18,621 [Listener at 127.0.0.1/33951] INFO  http.BaseHttpServer (BaseHttpServer.java:newHttpServer2BuilderForOzone(209)) - Starting Web-server for hddsDatanode at: http://0.0.0.0:0
2022-07-12 23:21:18,622 [Listener at 127.0.0.1/33951] INFO  http.BaseHttpServer (BaseHttpServer.java:<init>(107)) - Hadoop Security Enabled: false Ozone Security Enabled: false Ozone HTTP Security Enabled: false 
2022-07-12 23:21:18,623 [Listener at 127.0.0.1/33951] INFO  server.AuthenticationFilter (AuthenticationFilter.java:constructSecretProvider(240)) - Unable to initialize FileSignerSecretProvider, falling back to use random secrets.
2022-07-12 23:21:18,633 [Listener at 127.0.0.1/33951] WARN  http.HttpRequestLog (HttpRequestLog.java:getRequestLog(103)) - Jetty request log can only be enabled using Log4j
2022-07-12 23:21:18,634 [Listener at 127.0.0.1/33951] INFO  http.HttpServer2 (HttpServer2.java:addGlobalFilter(1029)) - Added global filter 'safety' (class=org.apache.hadoop.hdds.server.http.HttpServer2$QuotingInputFilter)
2022-07-12 23:21:18,635 [Listener at 127.0.0.1/33951] INFO  http.HttpServer2 (HttpServer2.java:addFilter(1005)) - Added filter static_user_filter (class=org.apache.hadoop.http.lib.StaticUserWebFilter$StaticUserFilter) to context hddsDatanode
2022-07-12 23:21:18,635 [Listener at 127.0.0.1/33951] INFO  http.HttpServer2 (HttpServer2.java:addFilter(1013)) - Added filter static_user_filter (class=org.apache.hadoop.http.lib.StaticUserWebFilter$StaticUserFilter) to context static
2022-07-12 23:21:18,635 [Listener at 127.0.0.1/33951] INFO  http.HttpServer2 (HttpServer2.java:addFilter(1013)) - Added filter static_user_filter (class=org.apache.hadoop.http.lib.StaticUserWebFilter$StaticUserFilter) to context logs
2022-07-12 23:21:18,636 [Listener at 127.0.0.1/33951] INFO  http.HttpServer2 (HttpServer2.java:bindListener(1248)) - Jetty bound to port 36807
2022-07-12 23:21:18,636 [Listener at 127.0.0.1/33951] INFO  server.Server (Server.java:doStart(375)) - jetty-9.4.43.v20210629; built: 2021-06-30T11:07:22.254Z; git: 526006ecfa3af7f1a27ef3a288e2bef7ea9dd7e8; jvm 1.8.0_332-b09
2022-07-12 23:21:18,638 [Listener at 127.0.0.1/33951] INFO  server.session (DefaultSessionIdManager.java:doStart(334)) - DefaultSessionIdManager workerName=node0
2022-07-12 23:21:18,638 [Listener at 127.0.0.1/33951] INFO  server.session (DefaultSessionIdManager.java:doStart(339)) - No SessionScavenger set, using defaults
2022-07-12 23:21:18,638 [Listener at 127.0.0.1/33951] INFO  server.session (HouseKeeper.java:startScavenging(132)) - node0 Scavenging every 660000ms
2022-07-12 23:21:18,639 [Listener at 127.0.0.1/33951] INFO  handler.ContextHandler (ContextHandler.java:doStart(915)) - Started o.e.j.s.ServletContextHandler@4095f32a{logs,/logs,file:///home/runner/work/ozone/ozone/hadoop-ozone/integration-test/target/log,AVAILABLE}
2022-07-12 23:21:18,639 [Listener at 127.0.0.1/33951] INFO  handler.ContextHandler (ContextHandler.java:doStart(915)) - Started o.e.j.s.ServletContextHandler@6b374f4c{static,/static,jar:file:/home/runner/.m2/repository/org/apache/ozone/hdds-container-service/1.3.0-SNAPSHOT/hdds-container-service-1.3.0-SNAPSHOT.jar!/webapps/static,AVAILABLE}
2022-07-12 23:21:18,889 [EndpointStateMachine task thread for /0.0.0.0:41499 - 0 ] INFO  volume.HddsVolume (HddsVolume.java:createDbStore(309)) - SchemaV3 db is created and loaded at /home/runner/work/ozone/ozone/hadoop-ozone/integration-test/target/test-dir/MiniOzoneClusterImpl-3123aa8d-fa91-45ac-9e39-716c5a908d99/datanode-0/data-0/containers/hdds/3123aa8d-fa91-45ac-9e39-716c5a908d99/DS-4759caf4-9656-4592-b11f-170a377ee276/container.db for volume DS-4759caf4-9656-4592-b11f-170a377ee276
2022-07-12 23:21:18,891 [EndpointStateMachine task thread for /0.0.0.0:41499 - 0 ] INFO  volume.HddsVolume (HddsVolume.java:closeDbStore(340)) - SchemaV3 db is stopped at /home/runner/work/ozone/ozone/hadoop-ozone/integration-test/target/test-dir/MiniOzoneClusterImpl-3123aa8d-fa91-45ac-9e39-716c5a908d99/datanode-0/data-0/containers/hdds/3123aa8d-fa91-45ac-9e39-716c5a908d99/DS-4759caf4-9656-4592-b11f-170a377ee276/container.db for volume DS-4759caf4-9656-4592-b11f-170a377ee276
2022-07-12 23:21:18,891 [EndpointStateMachine task thread for /0.0.0.0:41499 - 0 ] INFO  ozoneimpl.OzoneContainer (OzoneContainer.java:start(344)) - Attempting to start container services.
2022-07-12 23:21:18,891 [EndpointStateMachine task thread for /0.0.0.0:41499 - 0 ] INFO  ozoneimpl.OzoneContainer (OzoneContainer.java:startContainerScrub(279)) - Background container scanner has been disabled.
2022-07-12 23:21:18,897 [EndpointStateMachine task thread for /0.0.0.0:41499 - 0 ] INFO  replication.ReplicationServer (ReplicationServer.java:start(111)) - ReplicationServer is started using port 44903
2022-07-12 23:21:18,897 [EndpointStateMachine task thread for /0.0.0.0:41499 - 0 ] INFO  ratis.XceiverServerRatis (XceiverServerRatis.java:start(481)) - Starting XceiverServerRatis b5be010a-4f88-45a2-86a4-37bd0d52b4ef
2022-07-12 23:21:18,898 [EndpointStateMachine task thread for /0.0.0.0:41499 - 0 ] INFO  server.RaftServer (RaftServerProxy.java:lambda$start$6(382)) - b5be010a-4f88-45a2-86a4-37bd0d52b4ef: start RPC server
2022-07-12 23:21:18,902 [EndpointStateMachine task thread for /0.0.0.0:41499 - 0 ] INFO  server.GrpcService (GrpcService.java:startImpl(260)) - b5be010a-4f88-45a2-86a4-37bd0d52b4ef: GrpcService started, listening on 38059
2022-07-12 23:21:18,905 [EndpointStateMachine task thread for /0.0.0.0:41499 - 0 ] INFO  ratis.XceiverServerRatis (XceiverServerRatis.java:getRealPort(502)) - XceiverServerRatis b5be010a-4f88-45a2-86a4-37bd0d52b4ef is started using port 38059 for RATIS
2022-07-12 23:21:18,905 [EndpointStateMachine task thread for /0.0.0.0:41499 - 0 ] INFO  ratis.XceiverServerRatis (XceiverServerRatis.java:getRealPort(502)) - XceiverServerRatis b5be010a-4f88-45a2-86a4-37bd0d52b4ef is started using port 38059 for RATIS_ADMIN
2022-07-12 23:21:18,905 [EndpointStateMachine task thread for /0.0.0.0:41499 - 0 ] INFO  ratis.XceiverServerRatis (XceiverServerRatis.java:getRealPort(502)) - XceiverServerRatis b5be010a-4f88-45a2-86a4-37bd0d52b4ef is started using port 38059 for RATIS_SERVER
2022-07-12 23:21:18,905 [org.apache.ratis.util.JvmPauseMonitor$$Lambda$613/1690937419@4d5bc71d] INFO  util.JvmPauseMonitor (JvmPauseMonitor.java:run(103)) - JvmPauseMonitor-b5be010a-4f88-45a2-86a4-37bd0d52b4ef: Started
2022-07-12 23:21:18,978 [EndpointStateMachine task thread for /0.0.0.0:41499 - 0 ] INFO  server.XceiverServerGrpc (XceiverServerGrpc.java:start(180)) - XceiverServerGrpc b5be010a-4f88-45a2-86a4-37bd0d52b4ef is started using port 40541
2022-07-12 23:21:19,181 [Listener at 127.0.0.1/33951] INFO  handler.ContextHandler (ContextHandler.java:doStart(915)) - Started o.e.j.w.WebAppContext@5483015{hddsDatanode,/,file:///tmp/jetty-0_0_0_0-36807-hdds-container-service-1_3_0-SNAPSHOT_jar-_-any-2959023116813689625/webapp/,AVAILABLE}{jar:file:/home/runner/.m2/repository/org/apache/ozone/hdds-container-service/1.3.0-SNAPSHOT/hdds-container-service-1.3.0-SNAPSHOT.jar!/webapps/hddsDatanode}
2022-07-12 23:21:19,193 [Listener at 127.0.0.1/33951] INFO  server.AbstractConnector (AbstractConnector.java:doStart(331)) - Started ServerConnector@7114f077{HTTP/1.1, (http/1.1)}{0.0.0.0:36807}
2022-07-12 23:21:19,194 [Listener at 127.0.0.1/33951] INFO  server.Server (Server.java:doStart(415)) - Started @78668ms
2022-07-12 23:21:19,194 [Listener at 127.0.0.1/33951] WARN  impl.MetricsSystemImpl (MetricsSystemImpl.java:register(279)) - Sink prometheus already exists!
2022-07-12 23:21:19,195 [Listener at 127.0.0.1/33951] INFO  http.BaseHttpServer (BaseHttpServer.java:updateConnectorAddress(329)) - HTTP server of hddsDatanode listening at http://0.0.0.0:36807
2022-07-12 23:21:19,203 [Listener at 127.0.0.1/33951] WARN  impl.MetricRegistriesImpl (MetricRegistriesImpl.java:addReporterRegistration(111)) - New reporters are added after registries were created. Some metrics will be missing from the reporter. Please add reporter before adding any new registry.
2022-07-12 23:21:19,203 [Listener at 127.0.0.1/33951] WARN  impl.MetricRegistriesImpl (MetricRegistriesImpl.java:addReporterRegistration(111)) - New reporters are added after registries were created. Some metrics will be missing from the reporter. Please add reporter before adding any new registry.
2022-07-12 23:21:19,203 [Listener at 127.0.0.1/33951] INFO  impl.MetricsSystemImpl (MetricsSystemImpl.java:init(158)) - HddsDatanode metrics system started (again)
2022-07-12 23:21:19,215 [Datanode State Machine Daemon Thread] INFO  statemachine.DatanodeStateMachine (DatanodeStateMachine.java:lambda$startDaemon$0(492)) - Ozone container server started.
2022-07-12 23:21:19,241 [org.apache.hadoop.util.JvmPauseMonitor$Monitor@20135c0e] INFO  util.JvmPauseMonitor (JvmPauseMonitor.java:run(188)) - Starting JVM pause monitor
2022-07-12 23:21:19,242 [Datanode State Machine Task Thread - 0] INFO  datanode.InitDatanodeState (InitDatanodeState.java:persistContainerDatanodeDetails(138)) - DatanodeDetails is persisted to /home/runner/work/ozone/ozone/hadoop-ozone/integration-test/target/test-dir/MiniOzoneClusterImpl-3123aa8d-fa91-45ac-9e39-716c5a908d99/datanode-3/meta/datanode.id
2022-07-12 23:21:19,246 [Listener at 127.0.0.1/33951] INFO  ozone.HddsDatanodeService (HddsDatanodeService.java:start(236)) - HddsDatanodeService host:fv-az46-473.aox2mo1hufxu3kclv1weif3kjc.bx.internal.cloudapp.net ip:10.1.0.13
2022-07-12 23:21:19,306 [Listener at 127.0.0.1/33951] INFO  upgrade.AbstractLayoutVersionManager (AbstractLayoutVersionManager.java:init(83)) - Initializing Layout version manager with metadata layout = DATANODE_SCHEMA_V3 (version = 4), software layout = DATANODE_SCHEMA_V3 (version = 4)
2022-07-12 23:21:19,450 [Listener at 127.0.0.1/33951] INFO  reflections.Reflections (Reflections.java:scan(232)) - Reflections took 143 ms to scan 7 urls, producing 132 keys and 317 values 
2022-07-12 23:21:19,451 [Listener at 127.0.0.1/33951] INFO  statemachine.DatanodeStateMachine (DatanodeStateMachine.java:getEndPointTaskThreadPoolSize(237)) - Datanode State Machine Task Thread Pool size 2
2022-07-12 23:21:19,470 [Listener at 127.0.0.1/33951] INFO  volume.HddsVolume (HddsVolume.java:<init>(116)) - Creating HddsVolume: /home/runner/work/ozone/ozone/hadoop-ozone/integration-test/target/test-dir/MiniOzoneClusterImpl-3123aa8d-fa91-45ac-9e39-716c5a908d99/datanode-4/data-0/containers/hdds of storage type : DISK capacity : 9223372036854775807
2022-07-12 23:21:19,470 [Listener at 127.0.0.1/33951] INFO  volume.MutableVolumeSet (MutableVolumeSet.java:initializeVolumeSet(174)) - Added Volume : /home/runner/work/ozone/ozone/hadoop-ozone/integration-test/target/test-dir/MiniOzoneClusterImpl-3123aa8d-fa91-45ac-9e39-716c5a908d99/datanode-4/data-0/containers/hdds to VolumeSet
2022-07-12 23:21:19,471 [Listener at 127.0.0.1/33951] INFO  volume.ThrottledAsyncChecker (ThrottledAsyncChecker.java:schedule(141)) - Scheduling a check for /home/runner/work/ozone/ozone/hadoop-ozone/integration-test/target/test-dir/MiniOzoneClusterImpl-3123aa8d-fa91-45ac-9e39-716c5a908d99/datanode-4/data-0/containers/hdds
2022-07-12 23:21:19,489 [Listener at 127.0.0.1/33951] INFO  volume.StorageVolumeChecker (StorageVolumeChecker.java:checkAllVolumes(202)) - Scheduled health check for volume /home/runner/work/ozone/ozone/hadoop-ozone/integration-test/target/test-dir/MiniOzoneClusterImpl-3123aa8d-fa91-45ac-9e39-716c5a908d99/datanode-4/data-0/containers/hdds
2022-07-12 23:21:19,500 [Listener at 127.0.0.1/33951] INFO  volume.MutableVolumeSet (MutableVolumeSet.java:initializeVolumeSet(174)) - Added Volume : /home/runner/work/ozone/ozone/hadoop-ozone/integration-test/target/test-dir/MiniOzoneClusterImpl-3123aa8d-fa91-45ac-9e39-716c5a908d99/datanode-4/data/ratis to VolumeSet
2022-07-12 23:21:19,500 [Listener at 127.0.0.1/33951] INFO  volume.ThrottledAsyncChecker (ThrottledAsyncChecker.java:schedule(141)) - Scheduling a check for /home/runner/work/ozone/ozone/hadoop-ozone/integration-test/target/test-dir/MiniOzoneClusterImpl-3123aa8d-fa91-45ac-9e39-716c5a908d99/datanode-4/data/ratis
2022-07-12 23:21:19,501 [Listener at 127.0.0.1/33951] INFO  volume.StorageVolumeChecker (StorageVolumeChecker.java:checkAllVolumes(202)) - Scheduled health check for volume /home/runner/work/ozone/ozone/hadoop-ozone/integration-test/target/test-dir/MiniOzoneClusterImpl-3123aa8d-fa91-45ac-9e39-716c5a908d99/datanode-4/data/ratis
2022-07-12 23:21:19,552 [Thread-686] INFO  ozoneimpl.ContainerReader (ContainerReader.java:readVolume(175)) - Finish verifying containers on volume /home/runner/work/ozone/ozone/hadoop-ozone/integration-test/target/test-dir/MiniOzoneClusterImpl-3123aa8d-fa91-45ac-9e39-716c5a908d99/datanode-4/data-0/containers/hdds
2022-07-12 23:21:19,552 [Listener at 127.0.0.1/33951] INFO  ozoneimpl.OzoneContainer (OzoneContainer.java:buildContainerSet(266)) - Build ContainerSet costs 0s
2022-07-12 23:21:19,555 [Listener at 127.0.0.1/33951] INFO  server.RaftServer (ConfUtils.java:logGet(46)) - raft.rpc.type = GRPC (default)
2022-07-12 23:21:19,555 [Listener at 127.0.0.1/33951] INFO  grpc.GrpcFactory (GrpcFactory.java:checkPooledByteBufAllocatorUseCacheForAllThreads(48)) - PERFORMANCE WARNING: useCacheForAllThreads is true that may cause Netty to create a lot garbage objects and, as a result, trigger GC.
	It is recommended to disable useCacheForAllThreads by setting -Dorg.apache.ratis.thirdparty.io.netty.allocator.useCacheForAllThreads=false in command line.
2022-07-12 23:21:19,555 [Listener at 127.0.0.1/33951] INFO  grpc.GrpcConfigKeys (ConfUtils.java:logGet(46)) - raft.grpc.admin.port = 0 (custom)
2022-07-12 23:21:19,556 [Listener at 127.0.0.1/33951] INFO  grpc.GrpcConfigKeys (ConfUtils.java:logGet(46)) - raft.grpc.client.port = 0 (custom)
2022-07-12 23:21:19,556 [Listener at 127.0.0.1/33951] INFO  grpc.GrpcConfigKeys (ConfUtils.java:logGet(46)) - raft.grpc.server.port = 0 (default)
2022-07-12 23:21:19,556 [Listener at 127.0.0.1/33951] INFO  server.GrpcService (ConfUtils.java:logGet(46)) - raft.grpc.message.size.max = 32MB (=33554432) (custom)
2022-07-12 23:21:19,556 [Listener at 127.0.0.1/33951] INFO  server.RaftServerConfigKeys (ConfUtils.java:logGet(46)) - raft.server.log.appender.buffer.byte-limit = 33554432 (custom)
2022-07-12 23:21:19,556 [Listener at 127.0.0.1/33951] INFO  server.GrpcService (ConfUtils.java:logGet(46)) - raft.grpc.flow.control.window = 5MB (=5242880) (custom)
2022-07-12 23:21:19,556 [Listener at 127.0.0.1/33951] INFO  server.RaftServerConfigKeys (ConfUtils.java:logGet(46)) - raft.server.rpc.request.timeout = 60s (custom)
2022-07-12 23:21:19,556 [Listener at 127.0.0.1/33951] INFO  grpc.GrpcConfigKeys (ConfUtils.java:logGet(46)) - raft.grpc.server.async.request.thread.pool.cached = true (default)
2022-07-12 23:21:19,556 [Listener at 127.0.0.1/33951] INFO  grpc.GrpcConfigKeys (ConfUtils.java:logGet(46)) - raft.grpc.server.async.request.thread.pool.size = 32 (default)
2022-07-12 23:21:19,559 [Listener at 127.0.0.1/33951] INFO  impl.DataStreamServerImpl (ConfUtils.java:logGet(46)) - raft.datastream.type = DISABLED (default)
2022-07-12 23:21:19,560 [Listener at 127.0.0.1/33951] INFO  server.RaftServerConfigKeys (ConfUtils.java:logGet(46)) - raft.server.threadpool.proxy.cached = true (default)
2022-07-12 23:21:19,560 [Listener at 127.0.0.1/33951] INFO  server.RaftServerConfigKeys (ConfUtils.java:logGet(46)) - raft.server.threadpool.proxy.size = 0 (default)
2022-07-12 23:21:19,560 [Listener at 127.0.0.1/33951] INFO  server.RaftServerConfigKeys (ConfUtils.java:logGet(46)) - raft.server.rpc.slowness.timeout = 300s (custom)
2022-07-12 23:21:19,560 [Listener at 127.0.0.1/33951] INFO  server.RaftServerConfigKeys (ConfUtils.java:logGet(46)) - raft.server.leaderelection.leader.step-down.wait-time = 10s (default)
2022-07-12 23:21:19,560 [Listener at 127.0.0.1/33951] INFO  server.RaftServerConfigKeys (ConfUtils.java:logGet(46)) - raft.server.storage.dir = [/home/runner/work/ozone/ozone/hadoop-ozone/integration-test/target/test-dir/MiniOzoneClusterImpl-3123aa8d-fa91-45ac-9e39-716c5a908d99/datanode-4/data/ratis] (custom)
2022-07-12 23:21:19,574 [Listener at 127.0.0.1/33951] INFO  server.XceiverServerGrpc (XceiverServerGrpc.java:<init>(132)) - GrpcServer channel type EpollServerSocketChannel
2022-07-12 23:21:19,582 [Listener at 127.0.0.1/33951] INFO  http.BaseHttpServer (BaseHttpServer.java:newHttpServer2BuilderForOzone(209)) - Starting Web-server for hddsDatanode at: http://0.0.0.0:0
2022-07-12 23:21:19,582 [Listener at 127.0.0.1/33951] INFO  http.BaseHttpServer (BaseHttpServer.java:<init>(107)) - Hadoop Security Enabled: false Ozone Security Enabled: false Ozone HTTP Security Enabled: false 
2022-07-12 23:21:19,583 [Listener at 127.0.0.1/33951] INFO  server.AuthenticationFilter (AuthenticationFilter.java:constructSecretProvider(240)) - Unable to initialize FileSignerSecretProvider, falling back to use random secrets.
2022-07-12 23:21:19,593 [Listener at 127.0.0.1/33951] WARN  http.HttpRequestLog (HttpRequestLog.java:getRequestLog(103)) - Jetty request log can only be enabled using Log4j
2022-07-12 23:21:19,594 [Listener at 127.0.0.1/33951] INFO  http.HttpServer2 (HttpServer2.java:addGlobalFilter(1029)) - Added global filter 'safety' (class=org.apache.hadoop.hdds.server.http.HttpServer2$QuotingInputFilter)
2022-07-12 23:21:19,595 [Listener at 127.0.0.1/33951] INFO  http.HttpServer2 (HttpServer2.java:addFilter(1005)) - Added filter static_user_filter (class=org.apache.hadoop.http.lib.StaticUserWebFilter$StaticUserFilter) to context hddsDatanode
2022-07-12 23:21:19,595 [Listener at 127.0.0.1/33951] INFO  http.HttpServer2 (HttpServer2.java:addFilter(1013)) - Added filter static_user_filter (class=org.apache.hadoop.http.lib.StaticUserWebFilter$StaticUserFilter) to context logs
2022-07-12 23:21:19,595 [Listener at 127.0.0.1/33951] INFO  http.HttpServer2 (HttpServer2.java:addFilter(1013)) - Added filter static_user_filter (class=org.apache.hadoop.http.lib.StaticUserWebFilter$StaticUserFilter) to context static
2022-07-12 23:21:19,596 [Listener at 127.0.0.1/33951] INFO  http.HttpServer2 (HttpServer2.java:bindListener(1248)) - Jetty bound to port 43823
2022-07-12 23:21:19,596 [Listener at 127.0.0.1/33951] INFO  server.Server (Server.java:doStart(375)) - jetty-9.4.43.v20210629; built: 2021-06-30T11:07:22.254Z; git: 526006ecfa3af7f1a27ef3a288e2bef7ea9dd7e8; jvm 1.8.0_332-b09
2022-07-12 23:21:19,627 [Listener at 127.0.0.1/33951] INFO  server.session (DefaultSessionIdManager.java:doStart(334)) - DefaultSessionIdManager workerName=node0
2022-07-12 23:21:19,627 [Listener at 127.0.0.1/33951] INFO  server.session (DefaultSessionIdManager.java:doStart(339)) - No SessionScavenger set, using defaults
2022-07-12 23:21:19,627 [Listener at 127.0.0.1/33951] INFO  server.session (HouseKeeper.java:startScavenging(132)) - node0 Scavenging every 600000ms
2022-07-12 23:21:19,628 [Listener at 127.0.0.1/33951] INFO  handler.ContextHandler (ContextHandler.java:doStart(915)) - Started o.e.j.s.ServletContextHandler@2c3d1e97{logs,/logs,file:///home/runner/work/ozone/ozone/hadoop-ozone/integration-test/target/log,AVAILABLE}
2022-07-12 23:21:19,628 [Listener at 127.0.0.1/33951] INFO  handler.ContextHandler (ContextHandler.java:doStart(915)) - Started o.e.j.s.ServletContextHandler@2275c82e{static,/static,jar:file:/home/runner/.m2/repository/org/apache/ozone/hdds-container-service/1.3.0-SNAPSHOT/hdds-container-service-1.3.0-SNAPSHOT.jar!/webapps/static,AVAILABLE}
2022-07-12 23:21:19,747 [EndpointStateMachine task thread for /0.0.0.0:41499 - 0 ] INFO  volume.HddsVolume (HddsVolume.java:createDbStore(309)) - SchemaV3 db is created and loaded at /home/runner/work/ozone/ozone/hadoop-ozone/integration-test/target/test-dir/MiniOzoneClusterImpl-3123aa8d-fa91-45ac-9e39-716c5a908d99/datanode-1/data-0/containers/hdds/3123aa8d-fa91-45ac-9e39-716c5a908d99/DS-c83a8804-8d46-44b3-ab3a-683e7d4f3271/container.db for volume DS-c83a8804-8d46-44b3-ab3a-683e7d4f3271
2022-07-12 23:21:19,774 [EndpointStateMachine task thread for /0.0.0.0:41499 - 0 ] INFO  volume.HddsVolume (HddsVolume.java:closeDbStore(340)) - SchemaV3 db is stopped at /home/runner/work/ozone/ozone/hadoop-ozone/integration-test/target/test-dir/MiniOzoneClusterImpl-3123aa8d-fa91-45ac-9e39-716c5a908d99/datanode-1/data-0/containers/hdds/3123aa8d-fa91-45ac-9e39-716c5a908d99/DS-c83a8804-8d46-44b3-ab3a-683e7d4f3271/container.db for volume DS-c83a8804-8d46-44b3-ab3a-683e7d4f3271
2022-07-12 23:21:19,774 [EndpointStateMachine task thread for /0.0.0.0:41499 - 0 ] INFO  ozoneimpl.OzoneContainer (OzoneContainer.java:start(344)) - Attempting to start container services.
2022-07-12 23:21:19,774 [EndpointStateMachine task thread for /0.0.0.0:41499 - 0 ] INFO  ozoneimpl.OzoneContainer (OzoneContainer.java:startContainerScrub(279)) - Background container scanner has been disabled.
2022-07-12 23:21:19,776 [EndpointStateMachine task thread for /0.0.0.0:41499 - 0 ] INFO  replication.ReplicationServer (ReplicationServer.java:start(111)) - ReplicationServer is started using port 41855
2022-07-12 23:21:19,777 [EndpointStateMachine task thread for /0.0.0.0:41499 - 0 ] INFO  ratis.XceiverServerRatis (XceiverServerRatis.java:start(481)) - Starting XceiverServerRatis 70125d14-2432-4845-91b4-d6c12e89dffb
2022-07-12 23:21:19,793 [EndpointStateMachine task thread for /0.0.0.0:41499 - 0 ] INFO  server.RaftServer (RaftServerProxy.java:lambda$start$6(382)) - 70125d14-2432-4845-91b4-d6c12e89dffb: start RPC server
2022-07-12 23:21:19,800 [EndpointStateMachine task thread for /0.0.0.0:41499 - 0 ] INFO  server.GrpcService (GrpcService.java:startImpl(260)) - 70125d14-2432-4845-91b4-d6c12e89dffb: GrpcService started, listening on 46501
2022-07-12 23:21:19,800 [EndpointStateMachine task thread for /0.0.0.0:41499 - 0 ] INFO  ratis.XceiverServerRatis (XceiverServerRatis.java:getRealPort(502)) - XceiverServerRatis 70125d14-2432-4845-91b4-d6c12e89dffb is started using port 46501 for RATIS
2022-07-12 23:21:19,800 [EndpointStateMachine task thread for /0.0.0.0:41499 - 0 ] INFO  ratis.XceiverServerRatis (XceiverServerRatis.java:getRealPort(502)) - XceiverServerRatis 70125d14-2432-4845-91b4-d6c12e89dffb is started using port 46501 for RATIS_ADMIN
2022-07-12 23:21:19,800 [EndpointStateMachine task thread for /0.0.0.0:41499 - 0 ] INFO  ratis.XceiverServerRatis (XceiverServerRatis.java:getRealPort(502)) - XceiverServerRatis 70125d14-2432-4845-91b4-d6c12e89dffb is started using port 46501 for RATIS_SERVER
2022-07-12 23:21:19,800 [org.apache.ratis.util.JvmPauseMonitor$$Lambda$613/1690937419@b71fbbf] INFO  util.JvmPauseMonitor (JvmPauseMonitor.java:run(103)) - JvmPauseMonitor-70125d14-2432-4845-91b4-d6c12e89dffb: Started
2022-07-12 23:21:19,836 [EndpointStateMachine task thread for /0.0.0.0:41499 - 0 ] INFO  server.XceiverServerGrpc (XceiverServerGrpc.java:start(180)) - XceiverServerGrpc 70125d14-2432-4845-91b4-d6c12e89dffb is started using port 41037
2022-07-12 23:21:20,031 [Listener at 127.0.0.1/33951] INFO  handler.ContextHandler (ContextHandler.java:doStart(915)) - Started o.e.j.w.WebAppContext@300e9a59{hddsDatanode,/,file:///tmp/jetty-0_0_0_0-43823-hdds-container-service-1_3_0-SNAPSHOT_jar-_-any-7129536065912672884/webapp/,AVAILABLE}{jar:file:/home/runner/.m2/repository/org/apache/ozone/hdds-container-service/1.3.0-SNAPSHOT/hdds-container-service-1.3.0-SNAPSHOT.jar!/webapps/hddsDatanode}
2022-07-12 23:21:20,044 [Listener at 127.0.0.1/33951] INFO  server.AbstractConnector (AbstractConnector.java:doStart(331)) - Started ServerConnector@5fb27796{HTTP/1.1, (http/1.1)}{0.0.0.0:43823}
2022-07-12 23:21:20,044 [Listener at 127.0.0.1/33951] INFO  server.Server (Server.java:doStart(415)) - Started @79519ms
2022-07-12 23:21:20,044 [Listener at 127.0.0.1/33951] WARN  impl.MetricsSystemImpl (MetricsSystemImpl.java:register(279)) - Sink prometheus already exists!
2022-07-12 23:21:20,045 [Listener at 127.0.0.1/33951] INFO  http.BaseHttpServer (BaseHttpServer.java:updateConnectorAddress(329)) - HTTP server of hddsDatanode listening at http://0.0.0.0:43823
2022-07-12 23:21:20,053 [Listener at 127.0.0.1/33951] INFO  ozone.MiniOzoneClusterImpl (MiniOzoneClusterImpl.java:lambda$waitForClusterToBeReady$0(216)) - Waiting for nodes to be ready. Got 0 of 5 DN Heartbeats.
2022-07-12 23:21:20,053 [Listener at 127.0.0.1/33951] INFO  ozone.MiniOzoneClusterImpl (MiniOzoneClusterImpl.java:lambda$waitForClusterToBeReady$0(219)) - Waiting for cluster to exit safe mode
2022-07-12 23:21:20,053 [Listener at 127.0.0.1/33951] INFO  ozone.MiniOzoneClusterImpl (MiniOzoneClusterImpl.java:lambda$waitForClusterToBeReady$0(221)) - SCM became leader
2022-07-12 23:21:20,056 [Datanode State Machine Daemon Thread] INFO  statemachine.DatanodeStateMachine (DatanodeStateMachine.java:lambda$startDaemon$0(492)) - Ozone container server started.
2022-07-12 23:21:20,078 [org.apache.hadoop.util.JvmPauseMonitor$Monitor@4b8b54dd] INFO  util.JvmPauseMonitor (JvmPauseMonitor.java:run(188)) - Starting JVM pause monitor
2022-07-12 23:21:20,102 [Datanode State Machine Task Thread - 0] INFO  datanode.InitDatanodeState (InitDatanodeState.java:persistContainerDatanodeDetails(138)) - DatanodeDetails is persisted to /home/runner/work/ozone/ozone/hadoop-ozone/integration-test/target/test-dir/MiniOzoneClusterImpl-3123aa8d-fa91-45ac-9e39-716c5a908d99/datanode-4/meta/datanode.id
2022-07-12 23:21:20,465 [EndpointStateMachine task thread for /0.0.0.0:41499 - 0 ] INFO  volume.HddsVolume (HddsVolume.java:createDbStore(309)) - SchemaV3 db is created and loaded at /home/runner/work/ozone/ozone/hadoop-ozone/integration-test/target/test-dir/MiniOzoneClusterImpl-3123aa8d-fa91-45ac-9e39-716c5a908d99/datanode-2/data-0/containers/hdds/3123aa8d-fa91-45ac-9e39-716c5a908d99/DS-b58ab9c7-0e1a-40ac-8d8f-b729970f71f8/container.db for volume DS-b58ab9c7-0e1a-40ac-8d8f-b729970f71f8
2022-07-12 23:21:20,466 [EndpointStateMachine task thread for /0.0.0.0:41499 - 0 ] INFO  volume.HddsVolume (HddsVolume.java:closeDbStore(340)) - SchemaV3 db is stopped at /home/runner/work/ozone/ozone/hadoop-ozone/integration-test/target/test-dir/MiniOzoneClusterImpl-3123aa8d-fa91-45ac-9e39-716c5a908d99/datanode-2/data-0/containers/hdds/3123aa8d-fa91-45ac-9e39-716c5a908d99/DS-b58ab9c7-0e1a-40ac-8d8f-b729970f71f8/container.db for volume DS-b58ab9c7-0e1a-40ac-8d8f-b729970f71f8
2022-07-12 23:21:20,466 [EndpointStateMachine task thread for /0.0.0.0:41499 - 0 ] INFO  ozoneimpl.OzoneContainer (OzoneContainer.java:start(344)) - Attempting to start container services.
2022-07-12 23:21:20,466 [EndpointStateMachine task thread for /0.0.0.0:41499 - 0 ] INFO  ozoneimpl.OzoneContainer (OzoneContainer.java:startContainerScrub(279)) - Background container scanner has been disabled.
2022-07-12 23:21:20,474 [EndpointStateMachine task thread for /0.0.0.0:41499 - 0 ] INFO  replication.ReplicationServer (ReplicationServer.java:start(111)) - ReplicationServer is started using port 38467
2022-07-12 23:21:20,475 [EndpointStateMachine task thread for /0.0.0.0:41499 - 0 ] INFO  ratis.XceiverServerRatis (XceiverServerRatis.java:start(481)) - Starting XceiverServerRatis 41187bab-18a7-4c36-af27-173f83643b8d
2022-07-12 23:21:20,476 [EndpointStateMachine task thread for /0.0.0.0:41499 - 0 ] INFO  server.RaftServer (RaftServerProxy.java:lambda$start$6(382)) - 41187bab-18a7-4c36-af27-173f83643b8d: start RPC server
2022-07-12 23:21:20,482 [EndpointStateMachine task thread for /0.0.0.0:41499 - 0 ] INFO  server.GrpcService (GrpcService.java:startImpl(260)) - 41187bab-18a7-4c36-af27-173f83643b8d: GrpcService started, listening on 46095
2022-07-12 23:21:20,483 [EndpointStateMachine task thread for /0.0.0.0:41499 - 0 ] INFO  ratis.XceiverServerRatis (XceiverServerRatis.java:getRealPort(502)) - XceiverServerRatis 41187bab-18a7-4c36-af27-173f83643b8d is started using port 46095 for RATIS
2022-07-12 23:21:20,483 [EndpointStateMachine task thread for /0.0.0.0:41499 - 0 ] INFO  ratis.XceiverServerRatis (XceiverServerRatis.java:getRealPort(502)) - XceiverServerRatis 41187bab-18a7-4c36-af27-173f83643b8d is started using port 46095 for RATIS_ADMIN
2022-07-12 23:21:20,483 [EndpointStateMachine task thread for /0.0.0.0:41499 - 0 ] INFO  ratis.XceiverServerRatis (XceiverServerRatis.java:getRealPort(502)) - XceiverServerRatis 41187bab-18a7-4c36-af27-173f83643b8d is started using port 46095 for RATIS_SERVER
2022-07-12 23:21:20,483 [org.apache.ratis.util.JvmPauseMonitor$$Lambda$613/1690937419@4b32ba7a] INFO  util.JvmPauseMonitor (JvmPauseMonitor.java:run(103)) - JvmPauseMonitor-41187bab-18a7-4c36-af27-173f83643b8d: Started
2022-07-12 23:21:20,504 [EndpointStateMachine task thread for /0.0.0.0:41499 - 0 ] INFO  server.XceiverServerGrpc (XceiverServerGrpc.java:start(180)) - XceiverServerGrpc 41187bab-18a7-4c36-af27-173f83643b8d is started using port 44505
2022-07-12 23:21:20,751 [IPC Server handler 1 on default port 41499] INFO  net.NetworkTopologyImpl (NetworkTopologyImpl.java:add(112)) - Added a new node: /default-rack/b5be010a-4f88-45a2-86a4-37bd0d52b4ef
2022-07-12 23:21:20,751 [IPC Server handler 1 on default port 41499] INFO  node.SCMNodeManager (SCMNodeManager.java:register(397)) - Registered Data node : b5be010a-4f88-45a2-86a4-37bd0d52b4ef{ip: 10.1.0.13, host: fv-az46-473.aox2mo1hufxu3kclv1weif3kjc.bx.internal.cloudapp.net, ports: [REPLICATION=44903, RATIS=38059, RATIS_ADMIN=38059, RATIS_SERVER=38059, STANDALONE=40541], networkLocation: /default-rack, certSerialId: null, persistedOpState: null, persistedOpStateExpiryEpochSec: 0}
2022-07-12 23:21:20,757 [EventQueue-NodeRegistrationContainerReportForDataNodeSafeModeRule] INFO  safemode.SCMSafeModeManager (DataNodeSafeModeRule.java:process(71)) - SCM in safe mode. 1 DataNodes registered, 3 required.
2022-07-12 23:21:20,757 [EventQueue-NodeRegistrationContainerReportForContainerSafeModeRule] INFO  safemode.SCMSafeModeManager (SCMSafeModeManager.java:validateSafeModeExitRules(204)) - ContainerSafeModeRule rule is successfully validated
2022-07-12 23:21:20,763 [EventQueue-NewNodeForNewNodeHandler] INFO  pipeline.BackgroundPipelineCreator (BackgroundPipelineCreator.java:notifyEventTriggered(276)) - trigger a one-shot run on RatisPipelineUtilsThread.
2022-07-12 23:21:20,764 [RatisPipelineUtilsThread - 0] INFO  pipeline.RatisPipelineProvider (RatisPipelineProvider.java:lambda$create$0(195)) - Sending CreatePipelineCommand for pipeline:PipelineID=dd20d666-ff50-4837-9ad7-91b09f1c81b3 to datanode:b5be010a-4f88-45a2-86a4-37bd0d52b4ef
2022-07-12 23:21:20,764 [RatisPipelineUtilsThread - 0] INFO  pipeline.PipelineStateManagerImpl (PipelineStateManagerImpl.java:addPipeline(103)) - Created pipeline Pipeline[ Id: dd20d666-ff50-4837-9ad7-91b09f1c81b3, Nodes: b5be010a-4f88-45a2-86a4-37bd0d52b4ef{ip: 10.1.0.13, host: fv-az46-473.aox2mo1hufxu3kclv1weif3kjc.bx.internal.cloudapp.net, ports: [REPLICATION=44903, RATIS=38059, RATIS_ADMIN=38059, RATIS_SERVER=38059, STANDALONE=40541], networkLocation: /default-rack, certSerialId: null, persistedOpState: IN_SERVICE, persistedOpStateExpiryEpochSec: 0}, ReplicationConfig: RATIS/ONE, State:ALLOCATED, leaderId:, CreationTimestamp2022-07-12T23:21:20.764Z[Etc/UTC]].
2022-07-12 23:21:20,777 [EventQueue-PipelineReportForOneReplicaPipelineSafeModeRule] INFO  safemode.SCMSafeModeManager (SCMSafeModeManager.java:validateSafeModeExitRules(204)) - AtleastOneDatanodeReportedRule rule is successfully validated
2022-07-12 23:21:21,053 [Listener at 127.0.0.1/33951] INFO  ozone.MiniOzoneClusterImpl (MiniOzoneClusterImpl.java:lambda$waitForClusterToBeReady$0(216)) - Waiting for nodes to be ready. Got 1 of 5 DN Heartbeats.
2022-07-12 23:21:21,054 [Listener at 127.0.0.1/33951] INFO  ozone.MiniOzoneClusterImpl (MiniOzoneClusterImpl.java:lambda$waitForClusterToBeReady$0(219)) - Waiting for cluster to exit safe mode
2022-07-12 23:21:21,054 [Listener at 127.0.0.1/33951] INFO  ozone.MiniOzoneClusterImpl (MiniOzoneClusterImpl.java:lambda$waitForClusterToBeReady$0(221)) - SCM became leader
2022-07-12 23:21:21,327 [EndpointStateMachine task thread for /0.0.0.0:41499 - 0 ] INFO  volume.HddsVolume (HddsVolume.java:createDbStore(309)) - SchemaV3 db is created and loaded at /home/runner/work/ozone/ozone/hadoop-ozone/integration-test/target/test-dir/MiniOzoneClusterImpl-3123aa8d-fa91-45ac-9e39-716c5a908d99/datanode-3/data-0/containers/hdds/3123aa8d-fa91-45ac-9e39-716c5a908d99/DS-7e612453-a8cc-4e01-b31d-451f468e1881/container.db for volume DS-7e612453-a8cc-4e01-b31d-451f468e1881
2022-07-12 23:21:21,327 [EndpointStateMachine task thread for /0.0.0.0:41499 - 0 ] INFO  volume.HddsVolume (HddsVolume.java:closeDbStore(340)) - SchemaV3 db is stopped at /home/runner/work/ozone/ozone/hadoop-ozone/integration-test/target/test-dir/MiniOzoneClusterImpl-3123aa8d-fa91-45ac-9e39-716c5a908d99/datanode-3/data-0/containers/hdds/3123aa8d-fa91-45ac-9e39-716c5a908d99/DS-7e612453-a8cc-4e01-b31d-451f468e1881/container.db for volume DS-7e612453-a8cc-4e01-b31d-451f468e1881
2022-07-12 23:21:21,327 [EndpointStateMachine task thread for /0.0.0.0:41499 - 0 ] INFO  ozoneimpl.OzoneContainer (OzoneContainer.java:start(344)) - Attempting to start container services.
2022-07-12 23:21:21,328 [EndpointStateMachine task thread for /0.0.0.0:41499 - 0 ] INFO  ozoneimpl.OzoneContainer (OzoneContainer.java:startContainerScrub(279)) - Background container scanner has been disabled.
2022-07-12 23:21:21,330 [EndpointStateMachine task thread for /0.0.0.0:41499 - 0 ] INFO  replication.ReplicationServer (ReplicationServer.java:start(111)) - ReplicationServer is started using port 44037
2022-07-12 23:21:21,331 [EndpointStateMachine task thread for /0.0.0.0:41499 - 0 ] INFO  ratis.XceiverServerRatis (XceiverServerRatis.java:start(481)) - Starting XceiverServerRatis 3dc18fc5-3e49-4023-b384-bf494200b733
2022-07-12 23:21:21,331 [EndpointStateMachine task thread for /0.0.0.0:41499 - 0 ] INFO  server.RaftServer (RaftServerProxy.java:lambda$start$6(382)) - 3dc18fc5-3e49-4023-b384-bf494200b733: start RPC server
2022-07-12 23:21:21,342 [EndpointStateMachine task thread for /0.0.0.0:41499 - 0 ] INFO  server.GrpcService (GrpcService.java:startImpl(260)) - 3dc18fc5-3e49-4023-b384-bf494200b733: GrpcService started, listening on 38825
2022-07-12 23:21:21,345 [EndpointStateMachine task thread for /0.0.0.0:41499 - 0 ] INFO  ratis.XceiverServerRatis (XceiverServerRatis.java:getRealPort(502)) - XceiverServerRatis 3dc18fc5-3e49-4023-b384-bf494200b733 is started using port 38825 for RATIS
2022-07-12 23:21:21,345 [EndpointStateMachine task thread for /0.0.0.0:41499 - 0 ] INFO  ratis.XceiverServerRatis (XceiverServerRatis.java:getRealPort(502)) - XceiverServerRatis 3dc18fc5-3e49-4023-b384-bf494200b733 is started using port 38825 for RATIS_ADMIN
2022-07-12 23:21:21,345 [EndpointStateMachine task thread for /0.0.0.0:41499 - 0 ] INFO  ratis.XceiverServerRatis (XceiverServerRatis.java:getRealPort(502)) - XceiverServerRatis 3dc18fc5-3e49-4023-b384-bf494200b733 is started using port 38825 for RATIS_SERVER
2022-07-12 23:21:21,345 [org.apache.ratis.util.JvmPauseMonitor$$Lambda$613/1690937419@5ce3609a] INFO  util.JvmPauseMonitor (JvmPauseMonitor.java:run(103)) - JvmPauseMonitor-3dc18fc5-3e49-4023-b384-bf494200b733: Started
2022-07-12 23:21:21,370 [EndpointStateMachine task thread for /0.0.0.0:41499 - 0 ] INFO  server.XceiverServerGrpc (XceiverServerGrpc.java:start(180)) - XceiverServerGrpc 3dc18fc5-3e49-4023-b384-bf494200b733 is started using port 34719
2022-07-12 23:21:21,624 [IPC Server handler 0 on default port 41499] INFO  net.NetworkTopologyImpl (NetworkTopologyImpl.java:add(112)) - Added a new node: /default-rack/70125d14-2432-4845-91b4-d6c12e89dffb
2022-07-12 23:21:21,624 [IPC Server handler 0 on default port 41499] INFO  node.SCMNodeManager (SCMNodeManager.java:register(397)) - Registered Data node : 70125d14-2432-4845-91b4-d6c12e89dffb{ip: 10.1.0.13, host: fv-az46-473.aox2mo1hufxu3kclv1weif3kjc.bx.internal.cloudapp.net, ports: [REPLICATION=41855, RATIS=46501, RATIS_ADMIN=46501, RATIS_SERVER=46501, STANDALONE=41037], networkLocation: /default-rack, certSerialId: null, persistedOpState: null, persistedOpStateExpiryEpochSec: 0}
2022-07-12 23:21:21,625 [EventQueue-NewNodeForNewNodeHandler] INFO  pipeline.BackgroundPipelineCreator (BackgroundPipelineCreator.java:notifyEventTriggered(276)) - trigger a one-shot run on RatisPipelineUtilsThread.
2022-07-12 23:21:21,626 [EventQueue-NodeRegistrationContainerReportForDataNodeSafeModeRule] INFO  safemode.SCMSafeModeManager (DataNodeSafeModeRule.java:process(71)) - SCM in safe mode. 2 DataNodes registered, 3 required.
2022-07-12 23:21:21,627 [RatisPipelineUtilsThread - 0] INFO  pipeline.RatisPipelineProvider (RatisPipelineProvider.java:lambda$create$0(195)) - Sending CreatePipelineCommand for pipeline:PipelineID=275f8a67-b7fc-4dc2-9593-26da00de2b30 to datanode:70125d14-2432-4845-91b4-d6c12e89dffb
2022-07-12 23:21:21,627 [RatisPipelineUtilsThread - 0] INFO  pipeline.PipelineStateManagerImpl (PipelineStateManagerImpl.java:addPipeline(103)) - Created pipeline Pipeline[ Id: 275f8a67-b7fc-4dc2-9593-26da00de2b30, Nodes: 70125d14-2432-4845-91b4-d6c12e89dffb{ip: 10.1.0.13, host: fv-az46-473.aox2mo1hufxu3kclv1weif3kjc.bx.internal.cloudapp.net, ports: [REPLICATION=41855, RATIS=46501, RATIS_ADMIN=46501, RATIS_SERVER=46501, STANDALONE=41037], networkLocation: /default-rack, certSerialId: null, persistedOpState: IN_SERVICE, persistedOpStateExpiryEpochSec: 0}, ReplicationConfig: RATIS/ONE, State:ALLOCATED, leaderId:, CreationTimestamp2022-07-12T23:21:21.627Z[Etc/UTC]].
2022-07-12 23:21:22,055 [Listener at 127.0.0.1/33951] INFO  ozone.MiniOzoneClusterImpl (MiniOzoneClusterImpl.java:lambda$waitForClusterToBeReady$0(216)) - Waiting for nodes to be ready. Got 2 of 5 DN Heartbeats.
2022-07-12 23:21:22,055 [Listener at 127.0.0.1/33951] INFO  ozone.MiniOzoneClusterImpl (MiniOzoneClusterImpl.java:lambda$waitForClusterToBeReady$0(219)) - Waiting for cluster to exit safe mode
2022-07-12 23:21:22,055 [Listener at 127.0.0.1/33951] INFO  ozone.MiniOzoneClusterImpl (MiniOzoneClusterImpl.java:lambda$waitForClusterToBeReady$0(221)) - SCM became leader
2022-07-12 23:21:22,158 [EndpointStateMachine task thread for /0.0.0.0:41499 - 0 ] INFO  volume.HddsVolume (HddsVolume.java:createDbStore(309)) - SchemaV3 db is created and loaded at /home/runner/work/ozone/ozone/hadoop-ozone/integration-test/target/test-dir/MiniOzoneClusterImpl-3123aa8d-fa91-45ac-9e39-716c5a908d99/datanode-4/data-0/containers/hdds/3123aa8d-fa91-45ac-9e39-716c5a908d99/DS-2bfe56ba-be11-4007-930a-f5cb6b066ed4/container.db for volume DS-2bfe56ba-be11-4007-930a-f5cb6b066ed4
2022-07-12 23:21:22,159 [EndpointStateMachine task thread for /0.0.0.0:41499 - 0 ] INFO  volume.HddsVolume (HddsVolume.java:closeDbStore(340)) - SchemaV3 db is stopped at /home/runner/work/ozone/ozone/hadoop-ozone/integration-test/target/test-dir/MiniOzoneClusterImpl-3123aa8d-fa91-45ac-9e39-716c5a908d99/datanode-4/data-0/containers/hdds/3123aa8d-fa91-45ac-9e39-716c5a908d99/DS-2bfe56ba-be11-4007-930a-f5cb6b066ed4/container.db for volume DS-2bfe56ba-be11-4007-930a-f5cb6b066ed4
2022-07-12 23:21:22,159 [EndpointStateMachine task thread for /0.0.0.0:41499 - 0 ] INFO  ozoneimpl.OzoneContainer (OzoneContainer.java:start(344)) - Attempting to start container services.
2022-07-12 23:21:22,159 [EndpointStateMachine task thread for /0.0.0.0:41499 - 0 ] INFO  ozoneimpl.OzoneContainer (OzoneContainer.java:startContainerScrub(279)) - Background container scanner has been disabled.
2022-07-12 23:21:22,169 [EndpointStateMachine task thread for /0.0.0.0:41499 - 0 ] INFO  replication.ReplicationServer (ReplicationServer.java:start(111)) - ReplicationServer is started using port 36673
2022-07-12 23:21:22,170 [EndpointStateMachine task thread for /0.0.0.0:41499 - 0 ] INFO  ratis.XceiverServerRatis (XceiverServerRatis.java:start(481)) - Starting XceiverServerRatis e98b1687-6bde-4276-a421-38d9542bb191
2022-07-12 23:21:22,170 [EndpointStateMachine task thread for /0.0.0.0:41499 - 0 ] INFO  server.RaftServer (RaftServerProxy.java:lambda$start$6(382)) - e98b1687-6bde-4276-a421-38d9542bb191: start RPC server
2022-07-12 23:21:22,182 [EndpointStateMachine task thread for /0.0.0.0:41499 - 0 ] INFO  server.GrpcService (GrpcService.java:startImpl(260)) - e98b1687-6bde-4276-a421-38d9542bb191: GrpcService started, listening on 46699
2022-07-12 23:21:22,182 [EndpointStateMachine task thread for /0.0.0.0:41499 - 0 ] INFO  ratis.XceiverServerRatis (XceiverServerRatis.java:getRealPort(502)) - XceiverServerRatis e98b1687-6bde-4276-a421-38d9542bb191 is started using port 46699 for RATIS
2022-07-12 23:21:22,182 [EndpointStateMachine task thread for /0.0.0.0:41499 - 0 ] INFO  ratis.XceiverServerRatis (XceiverServerRatis.java:getRealPort(502)) - XceiverServerRatis e98b1687-6bde-4276-a421-38d9542bb191 is started using port 46699 for RATIS_ADMIN
2022-07-12 23:21:22,182 [EndpointStateMachine task thread for /0.0.0.0:41499 - 0 ] INFO  ratis.XceiverServerRatis (XceiverServerRatis.java:getRealPort(502)) - XceiverServerRatis e98b1687-6bde-4276-a421-38d9542bb191 is started using port 46699 for RATIS_SERVER
2022-07-12 23:21:22,184 [org.apache.ratis.util.JvmPauseMonitor$$Lambda$613/1690937419@30fc38ce] INFO  util.JvmPauseMonitor (JvmPauseMonitor.java:run(103)) - JvmPauseMonitor-e98b1687-6bde-4276-a421-38d9542bb191: Started
2022-07-12 23:21:22,201 [EndpointStateMachine task thread for /0.0.0.0:41499 - 0 ] INFO  server.XceiverServerGrpc (XceiverServerGrpc.java:start(180)) - XceiverServerGrpc e98b1687-6bde-4276-a421-38d9542bb191 is started using port 39693
2022-07-12 23:21:22,368 [IPC Server handler 2 on default port 41499] INFO  net.NetworkTopologyImpl (NetworkTopologyImpl.java:add(112)) - Added a new node: /default-rack/41187bab-18a7-4c36-af27-173f83643b8d
2022-07-12 23:21:22,369 [IPC Server handler 2 on default port 41499] INFO  node.SCMNodeManager (SCMNodeManager.java:register(397)) - Registered Data node : 41187bab-18a7-4c36-af27-173f83643b8d{ip: 10.1.0.13, host: fv-az46-473.aox2mo1hufxu3kclv1weif3kjc.bx.internal.cloudapp.net, ports: [REPLICATION=38467, RATIS=46095, RATIS_ADMIN=46095, RATIS_SERVER=46095, STANDALONE=44505], networkLocation: /default-rack, certSerialId: null, persistedOpState: null, persistedOpStateExpiryEpochSec: 0}
2022-07-12 23:21:22,369 [EventQueue-NewNodeForNewNodeHandler] INFO  pipeline.BackgroundPipelineCreator (BackgroundPipelineCreator.java:notifyEventTriggered(276)) - trigger a one-shot run on RatisPipelineUtilsThread.
2022-07-12 23:21:22,369 [EventQueue-NodeRegistrationContainerReportForDataNodeSafeModeRule] INFO  safemode.SCMSafeModeManager (DataNodeSafeModeRule.java:process(71)) - SCM in safe mode. 3 DataNodes registered, 3 required.
2022-07-12 23:21:22,369 [EventQueue-NodeRegistrationContainerReportForDataNodeSafeModeRule] INFO  safemode.SCMSafeModeManager (SCMSafeModeManager.java:validateSafeModeExitRules(204)) - DataNodeSafeModeRule rule is successfully validated
2022-07-12 23:21:22,369 [EventQueue-NodeRegistrationContainerReportForDataNodeSafeModeRule] INFO  safemode.SCMSafeModeManager (SCMSafeModeManager.java:completePreCheck(233)) - All SCM safe mode pre check rules have passed
2022-07-12 23:21:22,369 [EventQueue-NodeRegistrationContainerReportForDataNodeSafeModeRule] WARN  events.EventQueue (EventQueue.java:fireEvent(216)) - No event handler registered for event TypedEvent{payloadType=SafeModeStatus, name='Safe mode status'}
2022-07-12 23:21:22,369 [EventQueue-NodeRegistrationContainerReportForDataNodeSafeModeRule] INFO  ha.SCMContext (SCMContext.java:updateSafeModeStatus(228)) - Update SafeModeStatus from SafeModeStatus{safeModeStatus=true, preCheckPassed=false} to SafeModeStatus{safeModeStatus=true, preCheckPassed=true}.
2022-07-12 23:21:22,369 [EventQueue-NodeRegistrationContainerReportForDataNodeSafeModeRule] INFO  pipeline.BackgroundPipelineCreator (BackgroundPipelineCreator.java:notifyEventTriggered(276)) - trigger a one-shot run on RatisPipelineUtilsThread.
2022-07-12 23:21:22,370 [RatisPipelineUtilsThread - 0] INFO  pipeline.RatisPipelineProvider (RatisPipelineProvider.java:lambda$create$0(195)) - Sending CreatePipelineCommand for pipeline:PipelineID=7a4158c7-9edf-41eb-bcf3-653a320c46d0 to datanode:41187bab-18a7-4c36-af27-173f83643b8d
2022-07-12 23:21:22,370 [RatisPipelineUtilsThread - 0] INFO  pipeline.PipelineStateManagerImpl (PipelineStateManagerImpl.java:addPipeline(103)) - Created pipeline Pipeline[ Id: 7a4158c7-9edf-41eb-bcf3-653a320c46d0, Nodes: 41187bab-18a7-4c36-af27-173f83643b8d{ip: 10.1.0.13, host: fv-az46-473.aox2mo1hufxu3kclv1weif3kjc.bx.internal.cloudapp.net, ports: [REPLICATION=38467, RATIS=46095, RATIS_ADMIN=46095, RATIS_SERVER=46095, STANDALONE=44505], networkLocation: /default-rack, certSerialId: null, persistedOpState: IN_SERVICE, persistedOpStateExpiryEpochSec: 0}, ReplicationConfig: RATIS/ONE, State:ALLOCATED, leaderId:, CreationTimestamp2022-07-12T23:21:22.370Z[Etc/UTC]].
2022-07-12 23:21:22,371 [RatisPipelineUtilsThread - 0] INFO  pipeline.RatisPipelineProvider (RatisPipelineProvider.java:lambda$create$0(195)) - Sending CreatePipelineCommand for pipeline:PipelineID=274935f5-2b67-4a61-a10e-8ef177e20f12 to datanode:41187bab-18a7-4c36-af27-173f83643b8d
2022-07-12 23:21:22,371 [RatisPipelineUtilsThread - 0] INFO  pipeline.RatisPipelineProvider (RatisPipelineProvider.java:lambda$create$0(195)) - Sending CreatePipelineCommand for pipeline:PipelineID=274935f5-2b67-4a61-a10e-8ef177e20f12 to datanode:70125d14-2432-4845-91b4-d6c12e89dffb
2022-07-12 23:21:22,371 [RatisPipelineUtilsThread - 0] INFO  pipeline.RatisPipelineProvider (RatisPipelineProvider.java:lambda$create$0(195)) - Sending CreatePipelineCommand for pipeline:PipelineID=274935f5-2b67-4a61-a10e-8ef177e20f12 to datanode:b5be010a-4f88-45a2-86a4-37bd0d52b4ef
2022-07-12 23:21:22,371 [RatisPipelineUtilsThread - 0] INFO  pipeline.PipelineStateManagerImpl (PipelineStateManagerImpl.java:addPipeline(103)) - Created pipeline Pipeline[ Id: 274935f5-2b67-4a61-a10e-8ef177e20f12, Nodes: 41187bab-18a7-4c36-af27-173f83643b8d{ip: 10.1.0.13, host: fv-az46-473.aox2mo1hufxu3kclv1weif3kjc.bx.internal.cloudapp.net, ports: [REPLICATION=38467, RATIS=46095, RATIS_ADMIN=46095, RATIS_SERVER=46095, STANDALONE=44505], networkLocation: /default-rack, certSerialId: null, persistedOpState: IN_SERVICE, persistedOpStateExpiryEpochSec: 0}70125d14-2432-4845-91b4-d6c12e89dffb{ip: 10.1.0.13, host: fv-az46-473.aox2mo1hufxu3kclv1weif3kjc.bx.internal.cloudapp.net, ports: [REPLICATION=41855, RATIS=46501, RATIS_ADMIN=46501, RATIS_SERVER=46501, STANDALONE=41037], networkLocation: /default-rack, certSerialId: null, persistedOpState: IN_SERVICE, persistedOpStateExpiryEpochSec: 0}b5be010a-4f88-45a2-86a4-37bd0d52b4ef{ip: 10.1.0.13, host: fv-az46-473.aox2mo1hufxu3kclv1weif3kjc.bx.internal.cloudapp.net, ports: [REPLICATION=44903, RATIS=38059, RATIS_ADMIN=38059, RATIS_SERVER=38059, STANDALONE=40541], networkLocation: /default-rack, certSerialId: null, persistedOpState: IN_SERVICE, persistedOpStateExpiryEpochSec: 0}, ReplicationConfig: RATIS/THREE, State:ALLOCATED, leaderId:, CreationTimestamp2022-07-12T23:21:22.371Z[Etc/UTC]].
2022-07-12 23:21:22,372 [RatisPipelineUtilsThread - 0] INFO  pipeline.RatisPipelineProvider (RatisPipelineProvider.java:lambda$create$0(195)) - Sending CreatePipelineCommand for pipeline:PipelineID=382b2473-1962-4a79-9e31-8e99c119045e to datanode:70125d14-2432-4845-91b4-d6c12e89dffb
2022-07-12 23:21:22,372 [RatisPipelineUtilsThread - 0] INFO  pipeline.RatisPipelineProvider (RatisPipelineProvider.java:lambda$create$0(195)) - Sending CreatePipelineCommand for pipeline:PipelineID=382b2473-1962-4a79-9e31-8e99c119045e to datanode:b5be010a-4f88-45a2-86a4-37bd0d52b4ef
2022-07-12 23:21:22,372 [RatisPipelineUtilsThread - 0] INFO  pipeline.RatisPipelineProvider (RatisPipelineProvider.java:lambda$create$0(195)) - Sending CreatePipelineCommand for pipeline:PipelineID=382b2473-1962-4a79-9e31-8e99c119045e to datanode:41187bab-18a7-4c36-af27-173f83643b8d
2022-07-12 23:21:22,372 [RatisPipelineUtilsThread - 0] INFO  pipeline.PipelineStateManagerImpl (PipelineStateManagerImpl.java:addPipeline(103)) - Created pipeline Pipeline[ Id: 382b2473-1962-4a79-9e31-8e99c119045e, Nodes: 70125d14-2432-4845-91b4-d6c12e89dffb{ip: 10.1.0.13, host: fv-az46-473.aox2mo1hufxu3kclv1weif3kjc.bx.internal.cloudapp.net, ports: [REPLICATION=41855, RATIS=46501, RATIS_ADMIN=46501, RATIS_SERVER=46501, STANDALONE=41037], networkLocation: /default-rack, certSerialId: null, persistedOpState: IN_SERVICE, persistedOpStateExpiryEpochSec: 0}b5be010a-4f88-45a2-86a4-37bd0d52b4ef{ip: 10.1.0.13, host: fv-az46-473.aox2mo1hufxu3kclv1weif3kjc.bx.internal.cloudapp.net, ports: [REPLICATION=44903, RATIS=38059, RATIS_ADMIN=38059, RATIS_SERVER=38059, STANDALONE=40541], networkLocation: /default-rack, certSerialId: null, persistedOpState: IN_SERVICE, persistedOpStateExpiryEpochSec: 0}41187bab-18a7-4c36-af27-173f83643b8d{ip: 10.1.0.13, host: fv-az46-473.aox2mo1hufxu3kclv1weif3kjc.bx.internal.cloudapp.net, ports: [REPLICATION=38467, RATIS=46095, RATIS_ADMIN=46095, RATIS_SERVER=46095, STANDALONE=44505], networkLocation: /default-rack, certSerialId: null, persistedOpState: IN_SERVICE, persistedOpStateExpiryEpochSec: 0}, ReplicationConfig: RATIS/THREE, State:ALLOCATED, leaderId:, CreationTimestamp2022-07-12T23:21:22.372Z[Etc/UTC]].
2022-07-12 23:21:22,372 [RatisPipelineUtilsThread - 0] INFO  pipeline.PipelineManagerImpl (PipelineManagerImpl.java:recordMetricsForPipeline(796)) - Pipeline: PipelineID=382b2473-1962-4a79-9e31-8e99c119045e contains same datanodes as previous pipelines: PipelineID=274935f5-2b67-4a61-a10e-8ef177e20f12 nodeIds: 70125d14-2432-4845-91b4-d6c12e89dffb, b5be010a-4f88-45a2-86a4-37bd0d52b4ef, 41187bab-18a7-4c36-af27-173f83643b8d
2022-07-12 23:21:23,055 [Listener at 127.0.0.1/33951] INFO  ozone.MiniOzoneClusterImpl (MiniOzoneClusterImpl.java:lambda$waitForClusterToBeReady$0(216)) - Waiting for nodes to be ready. Got 3 of 5 DN Heartbeats.
2022-07-12 23:21:23,055 [Listener at 127.0.0.1/33951] INFO  ozone.MiniOzoneClusterImpl (MiniOzoneClusterImpl.java:lambda$waitForClusterToBeReady$0(219)) - Waiting for cluster to exit safe mode
2022-07-12 23:21:23,055 [Listener at 127.0.0.1/33951] INFO  ozone.MiniOzoneClusterImpl (MiniOzoneClusterImpl.java:lambda$waitForClusterToBeReady$0(221)) - SCM became leader
2022-07-12 23:21:23,242 [IPC Server handler 2 on default port 41499] INFO  net.NetworkTopologyImpl (NetworkTopologyImpl.java:add(112)) - Added a new node: /default-rack/3dc18fc5-3e49-4023-b384-bf494200b733
2022-07-12 23:21:23,242 [IPC Server handler 2 on default port 41499] INFO  node.SCMNodeManager (SCMNodeManager.java:register(397)) - Registered Data node : 3dc18fc5-3e49-4023-b384-bf494200b733{ip: 10.1.0.13, host: fv-az46-473.aox2mo1hufxu3kclv1weif3kjc.bx.internal.cloudapp.net, ports: [REPLICATION=44037, RATIS=38825, RATIS_ADMIN=38825, RATIS_SERVER=38825, STANDALONE=34719], networkLocation: /default-rack, certSerialId: null, persistedOpState: null, persistedOpStateExpiryEpochSec: 0}
2022-07-12 23:21:23,243 [EventQueue-NewNodeForNewNodeHandler] INFO  pipeline.BackgroundPipelineCreator (BackgroundPipelineCreator.java:notifyEventTriggered(276)) - trigger a one-shot run on RatisPipelineUtilsThread.
2022-07-12 23:21:23,244 [RatisPipelineUtilsThread - 0] INFO  pipeline.RatisPipelineProvider (RatisPipelineProvider.java:lambda$create$0(195)) - Sending CreatePipelineCommand for pipeline:PipelineID=29b69e23-201f-4511-9ec9-aefa195d9e78 to datanode:3dc18fc5-3e49-4023-b384-bf494200b733
2022-07-12 23:21:23,245 [RatisPipelineUtilsThread - 0] INFO  pipeline.PipelineStateManagerImpl (PipelineStateManagerImpl.java:addPipeline(103)) - Created pipeline Pipeline[ Id: 29b69e23-201f-4511-9ec9-aefa195d9e78, Nodes: 3dc18fc5-3e49-4023-b384-bf494200b733{ip: 10.1.0.13, host: fv-az46-473.aox2mo1hufxu3kclv1weif3kjc.bx.internal.cloudapp.net, ports: [REPLICATION=44037, RATIS=38825, RATIS_ADMIN=38825, RATIS_SERVER=38825, STANDALONE=34719], networkLocation: /default-rack, certSerialId: null, persistedOpState: IN_SERVICE, persistedOpStateExpiryEpochSec: 0}, ReplicationConfig: RATIS/ONE, State:ALLOCATED, leaderId:, CreationTimestamp2022-07-12T23:21:23.244Z[Etc/UTC]].
2022-07-12 23:21:23,753 [Command processor thread] INFO  server.RaftServer (RaftServerProxy.java:addNew(96)) - b5be010a-4f88-45a2-86a4-37bd0d52b4ef: addNew group-91B09F1C81B3:[b5be010a-4f88-45a2-86a4-37bd0d52b4ef|rpc:10.1.0.13:38059|priority:1] returns group-91B09F1C81B3:java.util.concurrent.CompletableFuture@758c1eb0[Not completed]
2022-07-12 23:21:23,754 [pool-333-thread-1] INFO  server.RaftServer$Division (RaftServerImpl.java:<init>(190)) - b5be010a-4f88-45a2-86a4-37bd0d52b4ef: new RaftServerImpl for group-91B09F1C81B3:[b5be010a-4f88-45a2-86a4-37bd0d52b4ef|rpc:10.1.0.13:38059|priority:1] with ContainerStateMachine:uninitialized
2022-07-12 23:21:23,754 [pool-333-thread-1] INFO  server.RaftServerConfigKeys (ConfUtils.java:logGet(46)) - raft.server.rpc.timeout.min = 5s (custom)
2022-07-12 23:21:23,754 [pool-333-thread-1] INFO  server.RaftServerConfigKeys (ConfUtils.java:logGet(46)) - raft.server.rpc.timeout.max = 5200ms (custom)
2022-07-12 23:21:23,754 [pool-333-thread-1] INFO  server.RaftServerConfigKeys (ConfUtils.java:logGet(46)) - raft.server.rpc.sleep.time = 25ms (default)
2022-07-12 23:21:23,754 [pool-333-thread-1] INFO  server.RaftServerConfigKeys (ConfUtils.java:logGet(46)) - raft.server.rpc.slowness.timeout = 300s (custom)
2022-07-12 23:21:23,754 [pool-333-thread-1] INFO  server.RaftServerConfigKeys (ConfUtils.java:logGet(46)) - raft.server.leaderelection.leader.step-down.wait-time = 10s (default)
2022-07-12 23:21:23,754 [pool-333-thread-1] INFO  server.RaftServerConfigKeys (ConfUtils.java:logGet(46)) - raft.server.sleep.deviation.threshold = 300ms (default)
2022-07-12 23:21:23,754 [pool-333-thread-1] INFO  server.RaftServer$Division (ServerState.java:<init>(107)) - b5be010a-4f88-45a2-86a4-37bd0d52b4ef@group-91B09F1C81B3: ConfigurationManager, init=-1: [b5be010a-4f88-45a2-86a4-37bd0d52b4ef|rpc:10.1.0.13:38059|priority:1], old=null, confs=<EMPTY_MAP>
2022-07-12 23:21:23,754 [pool-333-thread-1] INFO  server.RaftServerConfigKeys (ConfUtils.java:logGet(46)) - raft.server.storage.dir = [/home/runner/work/ozone/ozone/hadoop-ozone/integration-test/target/test-dir/MiniOzoneClusterImpl-3123aa8d-fa91-45ac-9e39-716c5a908d99/datanode-0/data/ratis] (custom)
2022-07-12 23:21:23,754 [pool-333-thread-1] INFO  server.RaftServerConfigKeys (ConfUtils.java:logGet(46)) - raft.server.log.corruption.policy = EXCEPTION (default)
2022-07-12 23:21:23,754 [pool-333-thread-1] INFO  server.RaftServerConfigKeys (ConfUtils.java:logGet(46)) - raft.server.storage.free-space.min = 0MB (=0) (default)
2022-07-12 23:21:23,755 [pool-333-thread-1] INFO  storage.RaftStorageDirectory (RaftStorageDirectoryImpl.java:analyzeStorage(135)) - The storage directory /home/runner/work/ozone/ozone/hadoop-ozone/integration-test/target/test-dir/MiniOzoneClusterImpl-3123aa8d-fa91-45ac-9e39-716c5a908d99/datanode-0/data/ratis/dd20d666-ff50-4837-9ad7-91b09f1c81b3 does not exist. Creating ...
2022-07-12 23:21:23,781 [pool-333-thread-1] INFO  storage.RaftStorageDirectory (RaftStorageDirectoryImpl.java:tryLock(230)) - Lock on /home/runner/work/ozone/ozone/hadoop-ozone/integration-test/target/test-dir/MiniOzoneClusterImpl-3123aa8d-fa91-45ac-9e39-716c5a908d99/datanode-0/data/ratis/dd20d666-ff50-4837-9ad7-91b09f1c81b3/in_use.lock acquired by nodename 30948@fv-az46-473
2022-07-12 23:21:23,788 [pool-333-thread-1] INFO  storage.RaftStorage (RaftStorageImpl.java:format(89)) - Storage directory /home/runner/work/ozone/ozone/hadoop-ozone/integration-test/target/test-dir/MiniOzoneClusterImpl-3123aa8d-fa91-45ac-9e39-716c5a908d99/datanode-0/data/ratis/dd20d666-ff50-4837-9ad7-91b09f1c81b3 has been successfully formatted.
2022-07-12 23:21:23,792 [pool-333-thread-1] INFO  ratis.ContainerStateMachine (ContainerStateMachine.java:loadSnapshot(236)) - group-91B09F1C81B3: The snapshot info is null. Setting the last applied indexto:(t:0, i:~)
2022-07-12 23:21:23,792 [pool-333-thread-1] INFO  server.RaftServerConfigKeys (ConfUtils.java:logGet(46)) - raft.server.notification.no-leader.timeout = 300s (custom)
2022-07-12 23:21:23,792 [pool-333-thread-1] INFO  server.RaftServerConfigKeys (ConfUtils.java:logGet(46)) - raft.server.log.use.memory = false (default)
2022-07-12 23:21:23,792 [pool-333-thread-1] INFO  server.RaftServerConfigKeys (ConfUtils.java:logGet(46)) - raft.server.log.purge.gap = 1000000 (custom)
2022-07-12 23:21:23,792 [pool-333-thread-1] INFO  server.RaftServerConfigKeys (ConfUtils.java:logGet(46)) - raft.server.log.appender.buffer.byte-limit = 33554432 (custom)
2022-07-12 23:21:23,792 [pool-333-thread-1] INFO  server.RaftServerConfigKeys (ConfUtils.java:logGet(46)) - raft.server.log.statemachine.data.read.timeout = 1000ms (default)
2022-07-12 23:21:23,792 [pool-333-thread-1] INFO  server.RaftServerConfigKeys (ConfUtils.java:logGet(46)) - raft.server.log.segment.size.max = 1048576 (custom)
2022-07-12 23:21:23,793 [pool-333-thread-1] INFO  server.RaftServerConfigKeys (ConfUtils.java:logGet(46)) - raft.server.log.segment.cache.num.max = 2 (custom)
2022-07-12 23:21:23,794 [pool-333-thread-1] INFO  server.RaftServerConfigKeys (ConfUtils.java:logGet(46)) - raft.server.log.segment.cache.size.max = 200MB (=209715200) (default)
2022-07-12 23:21:23,794 [pool-333-thread-1] INFO  segmented.SegmentedRaftLogWorker (SegmentedRaftLogWorker.java:<init>(187)) - new b5be010a-4f88-45a2-86a4-37bd0d52b4ef@group-91B09F1C81B3-SegmentedRaftLogWorker for RaftStorageImpl:Storage Directory /home/runner/work/ozone/ozone/hadoop-ozone/integration-test/target/test-dir/MiniOzoneClusterImpl-3123aa8d-fa91-45ac-9e39-716c5a908d99/datanode-0/data/ratis/dd20d666-ff50-4837-9ad7-91b09f1c81b3
2022-07-12 23:21:23,794 [pool-333-thread-1] INFO  server.RaftServerConfigKeys (ConfUtils.java:logGet(46)) - raft.server.log.queue.byte-limit = 4294967296 (custom)
2022-07-12 23:21:23,794 [pool-333-thread-1] INFO  server.RaftServerConfigKeys (ConfUtils.java:logGet(46)) - raft.server.log.queue.element-limit = 1024 (custom)
2022-07-12 23:21:23,794 [pool-333-thread-1] INFO  server.RaftServerConfigKeys (ConfUtils.java:logGet(46)) - raft.server.log.segment.size.max = 1048576 (custom)
2022-07-12 23:21:23,794 [pool-333-thread-1] INFO  server.RaftServerConfigKeys (ConfUtils.java:logGet(46)) - raft.server.log.preallocated.size = 16384 (custom)
2022-07-12 23:21:23,794 [pool-333-thread-1] INFO  server.RaftServerConfigKeys (ConfUtils.java:logGet(46)) - raft.server.log.force.sync.num = 128 (default)
2022-07-12 23:21:23,794 [pool-333-thread-1] INFO  server.RaftServerConfigKeys (ConfUtils.java:logGet(46)) - raft.server.log.statemachine.data.sync = true (default)
2022-07-12 23:21:23,794 [pool-333-thread-1] INFO  server.RaftServerConfigKeys (ConfUtils.java:logGet(46)) - raft.server.log.statemachine.data.sync.timeout = 10s (default)
2022-07-12 23:21:23,794 [pool-333-thread-1] INFO  server.RaftServerConfigKeys (ConfUtils.java:logGet(46)) - raft.server.log.statemachine.data.sync.timeout.retry = -1 (default)
2022-07-12 23:21:23,795 [pool-333-thread-1] INFO  server.RaftServerConfigKeys (ConfUtils.java:logGet(46)) - raft.server.log.write.buffer.size = 1048576 (custom)
2022-07-12 23:21:23,795 [pool-333-thread-1] INFO  server.RaftServerConfigKeys (ConfUtils.java:logGet(46)) - raft.server.log.unsafe-flush.enabled = false (default)
2022-07-12 23:21:23,795 [pool-333-thread-1] INFO  server.RaftServerConfigKeys (ConfUtils.java:logGet(46)) - raft.server.log.statemachine.data.caching.enabled = true (custom)
2022-07-12 23:21:23,795 [pool-333-thread-1] INFO  segmented.SegmentedRaftLogWorker (SegmentedRaftLogWorker.java:lambda$new$0(135)) - b5be010a-4f88-45a2-86a4-37bd0d52b4ef@group-91B09F1C81B3-SegmentedRaftLogWorker: flushIndex: setUnconditionally 0 -> -1
2022-07-12 23:21:23,795 [pool-333-thread-1] INFO  segmented.SegmentedRaftLogWorker (SegmentedRaftLogWorker.java:lambda$new$0(135)) - b5be010a-4f88-45a2-86a4-37bd0d52b4ef@group-91B09F1C81B3-SegmentedRaftLogWorker: safeCacheEvictIndex: setUnconditionally 0 -> -1
2022-07-12 23:21:23,795 [EventQueue-PipelineReportForPipelineReportHandler] INFO  pipeline.PipelineManagerImpl (PipelineManagerImpl.java:openPipeline(367)) - Pipeline Pipeline[ Id: dd20d666-ff50-4837-9ad7-91b09f1c81b3, Nodes: b5be010a-4f88-45a2-86a4-37bd0d52b4ef{ip: 10.1.0.13, host: fv-az46-473.aox2mo1hufxu3kclv1weif3kjc.bx.internal.cloudapp.net, ports: [REPLICATION=44903, RATIS=38059, RATIS_ADMIN=38059, RATIS_SERVER=38059, STANDALONE=40541], networkLocation: /default-rack, certSerialId: null, persistedOpState: IN_SERVICE, persistedOpStateExpiryEpochSec: 0}, ReplicationConfig: RATIS/ONE, State:ALLOCATED, leaderId:b5be010a-4f88-45a2-86a4-37bd0d52b4ef, CreationTimestamp2022-07-12T23:21:20.764Z[Etc/UTC]] moved to OPEN state
2022-07-12 23:21:23,829 [pool-333-thread-1] INFO  server.RaftServerConfigKeys (ConfUtils.java:logGet(46)) - raft.server.snapshot.auto.trigger.enabled = true (custom)
2022-07-12 23:21:23,829 [pool-333-thread-1] INFO  server.RaftServerConfigKeys (ConfUtils.java:logGet(46)) - raft.server.snapshot.auto.trigger.threshold = 10000 (custom)
2022-07-12 23:21:23,829 [pool-333-thread-1] INFO  server.RaftServerConfigKeys (ConfUtils.java:logGet(46)) - raft.server.snapshot.retention.file.num = 5 (custom)
2022-07-12 23:21:23,829 [pool-333-thread-1] INFO  server.RaftServerConfigKeys (ConfUtils.java:logGet(46)) - raft.server.log.purge.upto.snapshot.index = false (default)
2022-07-12 23:21:23,829 [pool-333-thread-1] INFO  server.RaftServerConfigKeys (ConfUtils.java:logGet(46)) - raft.server.retrycache.expirytime = 600000ms (custom)
2022-07-12 23:21:23,829 [pool-333-thread-1] INFO  server.RaftServerConfigKeys (ConfUtils.java:logGet(46)) - raft.server.retrycache.statistics.expirytime = 100μs (default)
2022-07-12 23:21:23,830 [pool-333-thread-1] INFO  server.RaftServerConfigKeys (ConfUtils.java:logGet(46)) - raft.server.log.appender.install.snapshot.enabled = false (custom)
2022-07-12 23:21:23,831 [pool-333-thread-1] INFO  server.RaftServerConfigKeys (ConfUtils.java:logGet(46)) - raft.server.threadpool.server.cached = true (default)
2022-07-12 23:21:23,831 [pool-333-thread-1] INFO  server.RaftServerConfigKeys (ConfUtils.java:logGet(46)) - raft.server.threadpool.server.size = 0 (default)
2022-07-12 23:21:23,831 [pool-333-thread-1] INFO  server.RaftServerConfigKeys (ConfUtils.java:logGet(46)) - raft.server.threadpool.client.cached = true (default)
2022-07-12 23:21:23,831 [pool-333-thread-1] INFO  server.RaftServerConfigKeys (ConfUtils.java:logGet(46)) - raft.server.threadpool.client.size = 0 (default)
2022-07-12 23:21:23,831 [pool-333-thread-1] INFO  server.RaftServer$Division (RaftServerImpl.java:start(310)) - b5be010a-4f88-45a2-86a4-37bd0d52b4ef@group-91B09F1C81B3: start as a follower, conf=-1: [b5be010a-4f88-45a2-86a4-37bd0d52b4ef|rpc:10.1.0.13:38059|priority:1], old=null
2022-07-12 23:21:23,831 [pool-333-thread-1] INFO  server.RaftServer$Division (RaftServerImpl.java:setRole(299)) - b5be010a-4f88-45a2-86a4-37bd0d52b4ef@group-91B09F1C81B3: changes role from      null to FOLLOWER at term 0 for startAsFollower
2022-07-12 23:21:23,831 [pool-333-thread-1] INFO  impl.RoleInfo (RoleInfo.java:updateAndGet(139)) - b5be010a-4f88-45a2-86a4-37bd0d52b4ef: start b5be010a-4f88-45a2-86a4-37bd0d52b4ef@group-91B09F1C81B3-FollowerState
2022-07-12 23:21:23,840 [pool-333-thread-1] INFO  util.JmxRegister (JmxRegister.java:tryRegister(44)) - Successfully registered JMX Bean with object name Ratis:service=RaftServer,group=group-91B09F1C81B3,id=b5be010a-4f88-45a2-86a4-37bd0d52b4ef
2022-07-12 23:21:23,857 [EventQueue-OpenPipelineForHealthyPipelineSafeModeRule] INFO  safemode.SCMSafeModeManager (HealthyPipelineSafeModeRule.java:process(137)) - SCM in safe mode. Healthy pipelines reported count is 0, required healthy pipeline reported count is 1
2022-07-12 23:21:23,857 [Command processor thread] INFO  ratis.XceiverServerRatis (XceiverServerRatis.java:addGroup(765)) - Created group PipelineID=dd20d666-ff50-4837-9ad7-91b09f1c81b3
2022-07-12 23:21:23,857 [Command processor thread] INFO  commandhandler.CreatePipelineCommandHandler (CreatePipelineCommandHandler.java:handle(113)) - Created Pipeline RATIS ONE PipelineID=dd20d666-ff50-4837-9ad7-91b09f1c81b3.
2022-07-12 23:21:23,857 [Command processor thread] INFO  server.RaftServer (RaftServerProxy.java:addNew(96)) - b5be010a-4f88-45a2-86a4-37bd0d52b4ef: addNew group-8EF177E20F12:[41187bab-18a7-4c36-af27-173f83643b8d|rpc:10.1.0.13:46095|priority:1, b5be010a-4f88-45a2-86a4-37bd0d52b4ef|rpc:10.1.0.13:38059|priority:0, 70125d14-2432-4845-91b4-d6c12e89dffb|rpc:10.1.0.13:46501|priority:0] returns group-8EF177E20F12:java.util.concurrent.CompletableFuture@71b394d9[Not completed]
2022-07-12 23:21:23,858 [pool-333-thread-1] INFO  server.RaftServer$Division (RaftServerImpl.java:<init>(190)) - b5be010a-4f88-45a2-86a4-37bd0d52b4ef: new RaftServerImpl for group-8EF177E20F12:[41187bab-18a7-4c36-af27-173f83643b8d|rpc:10.1.0.13:46095|priority:1, b5be010a-4f88-45a2-86a4-37bd0d52b4ef|rpc:10.1.0.13:38059|priority:0, 70125d14-2432-4845-91b4-d6c12e89dffb|rpc:10.1.0.13:46501|priority:0] with ContainerStateMachine:uninitialized
2022-07-12 23:21:23,858 [pool-333-thread-1] INFO  server.RaftServerConfigKeys (ConfUtils.java:logGet(46)) - raft.server.rpc.timeout.min = 5s (custom)
2022-07-12 23:21:23,859 [pool-333-thread-1] INFO  server.RaftServerConfigKeys (ConfUtils.java:logGet(46)) - raft.server.rpc.timeout.max = 5200ms (custom)
2022-07-12 23:21:23,859 [pool-333-thread-1] INFO  server.RaftServerConfigKeys (ConfUtils.java:logGet(46)) - raft.server.rpc.sleep.time = 25ms (default)
2022-07-12 23:21:23,859 [pool-333-thread-1] INFO  server.RaftServerConfigKeys (ConfUtils.java:logGet(46)) - raft.server.rpc.slowness.timeout = 300s (custom)
2022-07-12 23:21:23,859 [pool-333-thread-1] INFO  server.RaftServerConfigKeys (ConfUtils.java:logGet(46)) - raft.server.leaderelection.leader.step-down.wait-time = 10s (default)
2022-07-12 23:21:23,859 [pool-333-thread-1] INFO  server.RaftServerConfigKeys (ConfUtils.java:logGet(46)) - raft.server.sleep.deviation.threshold = 300ms (default)
2022-07-12 23:21:23,859 [pool-333-thread-1] INFO  server.RaftServer$Division (ServerState.java:<init>(107)) - b5be010a-4f88-45a2-86a4-37bd0d52b4ef@group-8EF177E20F12: ConfigurationManager, init=-1: [41187bab-18a7-4c36-af27-173f83643b8d|rpc:10.1.0.13:46095|priority:1, b5be010a-4f88-45a2-86a4-37bd0d52b4ef|rpc:10.1.0.13:38059|priority:0, 70125d14-2432-4845-91b4-d6c12e89dffb|rpc:10.1.0.13:46501|priority:0], old=null, confs=<EMPTY_MAP>
2022-07-12 23:21:23,859 [pool-333-thread-1] INFO  server.RaftServerConfigKeys (ConfUtils.java:logGet(46)) - raft.server.storage.dir = [/home/runner/work/ozone/ozone/hadoop-ozone/integration-test/target/test-dir/MiniOzoneClusterImpl-3123aa8d-fa91-45ac-9e39-716c5a908d99/datanode-0/data/ratis] (custom)
2022-07-12 23:21:23,859 [pool-333-thread-1] INFO  server.RaftServerConfigKeys (ConfUtils.java:logGet(46)) - raft.server.log.corruption.policy = EXCEPTION (default)
2022-07-12 23:21:23,859 [pool-333-thread-1] INFO  server.RaftServerConfigKeys (ConfUtils.java:logGet(46)) - raft.server.storage.free-space.min = 0MB (=0) (default)
2022-07-12 23:21:23,859 [pool-333-thread-1] INFO  storage.RaftStorageDirectory (RaftStorageDirectoryImpl.java:analyzeStorage(135)) - The storage directory /home/runner/work/ozone/ozone/hadoop-ozone/integration-test/target/test-dir/MiniOzoneClusterImpl-3123aa8d-fa91-45ac-9e39-716c5a908d99/datanode-0/data/ratis/274935f5-2b67-4a61-a10e-8ef177e20f12 does not exist. Creating ...
2022-07-12 23:21:23,862 [pool-333-thread-1] INFO  storage.RaftStorageDirectory (RaftStorageDirectoryImpl.java:tryLock(230)) - Lock on /home/runner/work/ozone/ozone/hadoop-ozone/integration-test/target/test-dir/MiniOzoneClusterImpl-3123aa8d-fa91-45ac-9e39-716c5a908d99/datanode-0/data/ratis/274935f5-2b67-4a61-a10e-8ef177e20f12/in_use.lock acquired by nodename 30948@fv-az46-473
2022-07-12 23:21:23,863 [pool-333-thread-1] INFO  storage.RaftStorage (RaftStorageImpl.java:format(89)) - Storage directory /home/runner/work/ozone/ozone/hadoop-ozone/integration-test/target/test-dir/MiniOzoneClusterImpl-3123aa8d-fa91-45ac-9e39-716c5a908d99/datanode-0/data/ratis/274935f5-2b67-4a61-a10e-8ef177e20f12 has been successfully formatted.
2022-07-12 23:21:23,864 [pool-333-thread-1] INFO  ratis.ContainerStateMachine (ContainerStateMachine.java:loadSnapshot(236)) - group-8EF177E20F12: The snapshot info is null. Setting the last applied indexto:(t:0, i:~)
2022-07-12 23:21:23,864 [pool-333-thread-1] INFO  server.RaftServerConfigKeys (ConfUtils.java:logGet(46)) - raft.server.notification.no-leader.timeout = 300s (custom)
2022-07-12 23:21:23,864 [pool-333-thread-1] INFO  server.RaftServerConfigKeys (ConfUtils.java:logGet(46)) - raft.server.log.use.memory = false (default)
2022-07-12 23:21:23,864 [pool-333-thread-1] INFO  server.RaftServerConfigKeys (ConfUtils.java:logGet(46)) - raft.server.log.purge.gap = 1000000 (custom)
2022-07-12 23:21:23,870 [EventQueue-OpenPipelineForHealthyPipelineSafeModeRule] INFO  safemode.SCMSafeModeManager (HealthyPipelineSafeModeRule.java:process(137)) - SCM in safe mode. Healthy pipelines reported count is 0, required healthy pipeline reported count is 1
2022-07-12 23:21:23,871 [pool-333-thread-1] INFO  server.RaftServerConfigKeys (ConfUtils.java:logGet(46)) - raft.server.log.appender.buffer.byte-limit = 33554432 (custom)
2022-07-12 23:21:23,871 [pool-333-thread-1] INFO  server.RaftServerConfigKeys (ConfUtils.java:logGet(46)) - raft.server.log.statemachine.data.read.timeout = 1000ms (default)
2022-07-12 23:21:23,872 [pool-333-thread-1] INFO  server.RaftServerConfigKeys (ConfUtils.java:logGet(46)) - raft.server.log.segment.size.max = 1048576 (custom)
2022-07-12 23:21:23,872 [pool-333-thread-1] INFO  server.RaftServerConfigKeys (ConfUtils.java:logGet(46)) - raft.server.log.segment.cache.num.max = 2 (custom)
2022-07-12 23:21:23,872 [pool-333-thread-1] INFO  server.RaftServerConfigKeys (ConfUtils.java:logGet(46)) - raft.server.log.segment.cache.size.max = 200MB (=209715200) (default)
2022-07-12 23:21:23,872 [pool-333-thread-1] INFO  segmented.SegmentedRaftLogWorker (SegmentedRaftLogWorker.java:<init>(187)) - new b5be010a-4f88-45a2-86a4-37bd0d52b4ef@group-8EF177E20F12-SegmentedRaftLogWorker for RaftStorageImpl:Storage Directory /home/runner/work/ozone/ozone/hadoop-ozone/integration-test/target/test-dir/MiniOzoneClusterImpl-3123aa8d-fa91-45ac-9e39-716c5a908d99/datanode-0/data/ratis/274935f5-2b67-4a61-a10e-8ef177e20f12
2022-07-12 23:21:23,872 [pool-333-thread-1] INFO  server.RaftServerConfigKeys (ConfUtils.java:logGet(46)) - raft.server.log.queue.byte-limit = 4294967296 (custom)
2022-07-12 23:21:23,872 [pool-333-thread-1] INFO  server.RaftServerConfigKeys (ConfUtils.java:logGet(46)) - raft.server.log.queue.element-limit = 1024 (custom)
2022-07-12 23:21:23,872 [pool-333-thread-1] INFO  server.RaftServerConfigKeys (ConfUtils.java:logGet(46)) - raft.server.log.segment.size.max = 1048576 (custom)
2022-07-12 23:21:23,872 [pool-333-thread-1] INFO  server.RaftServerConfigKeys (ConfUtils.java:logGet(46)) - raft.server.log.preallocated.size = 16384 (custom)
2022-07-12 23:21:23,872 [pool-333-thread-1] INFO  server.RaftServerConfigKeys (ConfUtils.java:logGet(46)) - raft.server.log.force.sync.num = 128 (default)
2022-07-12 23:21:23,872 [pool-333-thread-1] INFO  server.RaftServerConfigKeys (ConfUtils.java:logGet(46)) - raft.server.log.statemachine.data.sync = true (default)
2022-07-12 23:21:23,872 [pool-333-thread-1] INFO  server.RaftServerConfigKeys (ConfUtils.java:logGet(46)) - raft.server.log.statemachine.data.sync.timeout = 10s (default)
2022-07-12 23:21:23,872 [pool-333-thread-1] INFO  server.RaftServerConfigKeys (ConfUtils.java:logGet(46)) - raft.server.log.statemachine.data.sync.timeout.retry = -1 (default)
2022-07-12 23:21:23,874 [pool-333-thread-1] INFO  server.RaftServerConfigKeys (ConfUtils.java:logGet(46)) - raft.server.log.write.buffer.size = 1048576 (custom)
2022-07-12 23:21:23,874 [pool-333-thread-1] INFO  server.RaftServerConfigKeys (ConfUtils.java:logGet(46)) - raft.server.log.unsafe-flush.enabled = false (default)
2022-07-12 23:21:23,874 [pool-333-thread-1] INFO  server.RaftServerConfigKeys (ConfUtils.java:logGet(46)) - raft.server.log.statemachine.data.caching.enabled = true (custom)
2022-07-12 23:21:23,874 [pool-333-thread-1] INFO  segmented.SegmentedRaftLogWorker (SegmentedRaftLogWorker.java:lambda$new$0(135)) - b5be010a-4f88-45a2-86a4-37bd0d52b4ef@group-8EF177E20F12-SegmentedRaftLogWorker: flushIndex: setUnconditionally 0 -> -1
2022-07-12 23:21:23,874 [pool-333-thread-1] INFO  segmented.SegmentedRaftLogWorker (SegmentedRaftLogWorker.java:lambda$new$0(135)) - b5be010a-4f88-45a2-86a4-37bd0d52b4ef@group-8EF177E20F12-SegmentedRaftLogWorker: safeCacheEvictIndex: setUnconditionally 0 -> -1
2022-07-12 23:21:23,885 [pool-333-thread-1] INFO  server.RaftServerConfigKeys (ConfUtils.java:logGet(46)) - raft.server.snapshot.auto.trigger.enabled = true (custom)
2022-07-12 23:21:23,885 [pool-333-thread-1] INFO  server.RaftServerConfigKeys (ConfUtils.java:logGet(46)) - raft.server.snapshot.auto.trigger.threshold = 10000 (custom)
2022-07-12 23:21:23,885 [pool-333-thread-1] INFO  server.RaftServerConfigKeys (ConfUtils.java:logGet(46)) - raft.server.snapshot.retention.file.num = 5 (custom)
2022-07-12 23:21:23,885 [pool-333-thread-1] INFO  server.RaftServerConfigKeys (ConfUtils.java:logGet(46)) - raft.server.log.purge.upto.snapshot.index = false (default)
2022-07-12 23:21:23,885 [pool-333-thread-1] INFO  server.RaftServerConfigKeys (ConfUtils.java:logGet(46)) - raft.server.retrycache.expirytime = 600000ms (custom)
2022-07-12 23:21:23,885 [pool-333-thread-1] INFO  server.RaftServerConfigKeys (ConfUtils.java:logGet(46)) - raft.server.retrycache.statistics.expirytime = 100μs (default)
2022-07-12 23:21:23,886 [pool-333-thread-1] INFO  server.RaftServerConfigKeys (ConfUtils.java:logGet(46)) - raft.server.log.appender.install.snapshot.enabled = false (custom)
2022-07-12 23:21:23,886 [pool-333-thread-1] INFO  server.RaftServerConfigKeys (ConfUtils.java:logGet(46)) - raft.server.threadpool.server.cached = true (default)
2022-07-12 23:21:23,886 [pool-333-thread-1] INFO  server.RaftServerConfigKeys (ConfUtils.java:logGet(46)) - raft.server.threadpool.server.size = 0 (default)
2022-07-12 23:21:23,887 [pool-333-thread-1] INFO  server.RaftServerConfigKeys (ConfUtils.java:logGet(46)) - raft.server.threadpool.client.cached = true (default)
2022-07-12 23:21:23,887 [pool-333-thread-1] INFO  server.RaftServerConfigKeys (ConfUtils.java:logGet(46)) - raft.server.threadpool.client.size = 0 (default)
2022-07-12 23:21:23,887 [pool-333-thread-1] INFO  server.RaftServer$Division (RaftServerImpl.java:start(310)) - b5be010a-4f88-45a2-86a4-37bd0d52b4ef@group-8EF177E20F12: start as a follower, conf=-1: [41187bab-18a7-4c36-af27-173f83643b8d|rpc:10.1.0.13:46095|priority:1, b5be010a-4f88-45a2-86a4-37bd0d52b4ef|rpc:10.1.0.13:38059|priority:0, 70125d14-2432-4845-91b4-d6c12e89dffb|rpc:10.1.0.13:46501|priority:0], old=null
2022-07-12 23:21:23,887 [pool-333-thread-1] INFO  server.RaftServer$Division (RaftServerImpl.java:setRole(299)) - b5be010a-4f88-45a2-86a4-37bd0d52b4ef@group-8EF177E20F12: changes role from      null to FOLLOWER at term 0 for startAsFollower
2022-07-12 23:21:23,887 [pool-333-thread-1] INFO  impl.RoleInfo (RoleInfo.java:updateAndGet(139)) - b5be010a-4f88-45a2-86a4-37bd0d52b4ef: start b5be010a-4f88-45a2-86a4-37bd0d52b4ef@group-8EF177E20F12-FollowerState
2022-07-12 23:21:23,889 [pool-333-thread-1] INFO  util.JmxRegister (JmxRegister.java:tryRegister(44)) - Successfully registered JMX Bean with object name Ratis:service=RaftServer,group=group-8EF177E20F12,id=b5be010a-4f88-45a2-86a4-37bd0d52b4ef
2022-07-12 23:21:23,889 [Command processor thread] INFO  ratis.XceiverServerRatis (XceiverServerRatis.java:addGroup(765)) - Created group PipelineID=274935f5-2b67-4a61-a10e-8ef177e20f12
2022-07-12 23:21:23,949 [grpc-default-executor-0] INFO  server.RaftServer (RaftServerProxy.java:addNew(96)) - 41187bab-18a7-4c36-af27-173f83643b8d: addNew group-8EF177E20F12:[41187bab-18a7-4c36-af27-173f83643b8d|rpc:10.1.0.13:46095|dataStream:|priority:1, b5be010a-4f88-45a2-86a4-37bd0d52b4ef|rpc:10.1.0.13:38059|dataStream:|priority:0, 70125d14-2432-4845-91b4-d6c12e89dffb|rpc:10.1.0.13:46501|dataStream:|priority:0] returns group-8EF177E20F12:java.util.concurrent.CompletableFuture@616aad35[Not completed]
2022-07-12 23:21:23,961 [pool-379-thread-1] INFO  server.RaftServer$Division (RaftServerImpl.java:<init>(190)) - 41187bab-18a7-4c36-af27-173f83643b8d: new RaftServerImpl for group-8EF177E20F12:[41187bab-18a7-4c36-af27-173f83643b8d|rpc:10.1.0.13:46095|dataStream:|priority:1, b5be010a-4f88-45a2-86a4-37bd0d52b4ef|rpc:10.1.0.13:38059|dataStream:|priority:0, 70125d14-2432-4845-91b4-d6c12e89dffb|rpc:10.1.0.13:46501|dataStream:|priority:0] with ContainerStateMachine:uninitialized
2022-07-12 23:21:23,961 [pool-379-thread-1] INFO  server.RaftServerConfigKeys (ConfUtils.java:logGet(46)) - raft.server.rpc.timeout.min = 5s (custom)
2022-07-12 23:21:23,962 [pool-379-thread-1] INFO  server.RaftServerConfigKeys (ConfUtils.java:logGet(46)) - raft.server.rpc.timeout.max = 5200ms (custom)
2022-07-12 23:21:23,962 [pool-379-thread-1] INFO  server.RaftServerConfigKeys (ConfUtils.java:logGet(46)) - raft.server.rpc.sleep.time = 25ms (default)
2022-07-12 23:21:23,962 [pool-379-thread-1] INFO  server.RaftServerConfigKeys (ConfUtils.java:logGet(46)) - raft.server.rpc.slowness.timeout = 300s (custom)
2022-07-12 23:21:23,962 [pool-379-thread-1] INFO  server.RaftServerConfigKeys (ConfUtils.java:logGet(46)) - raft.server.leaderelection.leader.step-down.wait-time = 10s (default)
2022-07-12 23:21:23,962 [pool-379-thread-1] INFO  server.RaftServerConfigKeys (ConfUtils.java:logGet(46)) - raft.server.sleep.deviation.threshold = 300ms (default)
2022-07-12 23:21:23,962 [pool-379-thread-1] INFO  server.RaftServer$Division (ServerState.java:<init>(107)) - 41187bab-18a7-4c36-af27-173f83643b8d@group-8EF177E20F12: ConfigurationManager, init=-1: [41187bab-18a7-4c36-af27-173f83643b8d|rpc:10.1.0.13:46095|dataStream:|priority:1, b5be010a-4f88-45a2-86a4-37bd0d52b4ef|rpc:10.1.0.13:38059|dataStream:|priority:0, 70125d14-2432-4845-91b4-d6c12e89dffb|rpc:10.1.0.13:46501|dataStream:|priority:0], old=null, confs=<EMPTY_MAP>
2022-07-12 23:21:23,962 [pool-379-thread-1] INFO  server.RaftServerConfigKeys (ConfUtils.java:logGet(46)) - raft.server.storage.dir = [/home/runner/work/ozone/ozone/hadoop-ozone/integration-test/target/test-dir/MiniOzoneClusterImpl-3123aa8d-fa91-45ac-9e39-716c5a908d99/datanode-2/data/ratis] (custom)
2022-07-12 23:21:23,962 [pool-379-thread-1] INFO  server.RaftServerConfigKeys (ConfUtils.java:logGet(46)) - raft.server.log.corruption.policy = EXCEPTION (default)
2022-07-12 23:21:23,962 [pool-379-thread-1] INFO  server.RaftServerConfigKeys (ConfUtils.java:logGet(46)) - raft.server.storage.free-space.min = 0MB (=0) (default)
2022-07-12 23:21:23,962 [pool-379-thread-1] INFO  storage.RaftStorageDirectory (RaftStorageDirectoryImpl.java:analyzeStorage(135)) - The storage directory /home/runner/work/ozone/ozone/hadoop-ozone/integration-test/target/test-dir/MiniOzoneClusterImpl-3123aa8d-fa91-45ac-9e39-716c5a908d99/datanode-2/data/ratis/274935f5-2b67-4a61-a10e-8ef177e20f12 does not exist. Creating ...
2022-07-12 23:21:23,968 [pool-379-thread-1] INFO  storage.RaftStorageDirectory (RaftStorageDirectoryImpl.java:tryLock(230)) - Lock on /home/runner/work/ozone/ozone/hadoop-ozone/integration-test/target/test-dir/MiniOzoneClusterImpl-3123aa8d-fa91-45ac-9e39-716c5a908d99/datanode-2/data/ratis/274935f5-2b67-4a61-a10e-8ef177e20f12/in_use.lock acquired by nodename 30948@fv-az46-473
2022-07-12 23:21:23,970 [pool-379-thread-1] INFO  storage.RaftStorage (RaftStorageImpl.java:format(89)) - Storage directory /home/runner/work/ozone/ozone/hadoop-ozone/integration-test/target/test-dir/MiniOzoneClusterImpl-3123aa8d-fa91-45ac-9e39-716c5a908d99/datanode-2/data/ratis/274935f5-2b67-4a61-a10e-8ef177e20f12 has been successfully formatted.
2022-07-12 23:21:23,981 [pool-379-thread-1] INFO  ratis.ContainerStateMachine (ContainerStateMachine.java:loadSnapshot(236)) - group-8EF177E20F12: The snapshot info is null. Setting the last applied indexto:(t:0, i:~)
2022-07-12 23:21:23,981 [pool-379-thread-1] INFO  server.RaftServerConfigKeys (ConfUtils.java:logGet(46)) - raft.server.notification.no-leader.timeout = 300s (custom)
2022-07-12 23:21:23,981 [pool-379-thread-1] INFO  server.RaftServerConfigKeys (ConfUtils.java:logGet(46)) - raft.server.log.use.memory = false (default)
2022-07-12 23:21:23,981 [pool-379-thread-1] INFO  server.RaftServerConfigKeys (ConfUtils.java:logGet(46)) - raft.server.log.purge.gap = 1000000 (custom)
2022-07-12 23:21:23,981 [pool-379-thread-1] INFO  server.RaftServerConfigKeys (ConfUtils.java:logGet(46)) - raft.server.log.appender.buffer.byte-limit = 33554432 (custom)
2022-07-12 23:21:23,981 [pool-379-thread-1] INFO  server.RaftServerConfigKeys (ConfUtils.java:logGet(46)) - raft.server.log.statemachine.data.read.timeout = 1000ms (default)
2022-07-12 23:21:23,989 [pool-379-thread-1] INFO  server.RaftServerConfigKeys (ConfUtils.java:logGet(46)) - raft.server.log.segment.size.max = 1048576 (custom)
2022-07-12 23:21:23,989 [pool-379-thread-1] INFO  server.RaftServerConfigKeys (ConfUtils.java:logGet(46)) - raft.server.log.segment.cache.num.max = 2 (custom)
2022-07-12 23:21:23,990 [pool-379-thread-1] INFO  server.RaftServerConfigKeys (ConfUtils.java:logGet(46)) - raft.server.log.segment.cache.size.max = 200MB (=209715200) (default)
2022-07-12 23:21:23,990 [pool-379-thread-1] INFO  segmented.SegmentedRaftLogWorker (SegmentedRaftLogWorker.java:<init>(187)) - new 41187bab-18a7-4c36-af27-173f83643b8d@group-8EF177E20F12-SegmentedRaftLogWorker for RaftStorageImpl:Storage Directory /home/runner/work/ozone/ozone/hadoop-ozone/integration-test/target/test-dir/MiniOzoneClusterImpl-3123aa8d-fa91-45ac-9e39-716c5a908d99/datanode-2/data/ratis/274935f5-2b67-4a61-a10e-8ef177e20f12
2022-07-12 23:21:23,990 [pool-379-thread-1] INFO  server.RaftServerConfigKeys (ConfUtils.java:logGet(46)) - raft.server.log.queue.byte-limit = 4294967296 (custom)
2022-07-12 23:21:23,990 [pool-379-thread-1] INFO  server.RaftServerConfigKeys (ConfUtils.java:logGet(46)) - raft.server.log.queue.element-limit = 1024 (custom)
2022-07-12 23:21:23,990 [pool-379-thread-1] INFO  server.RaftServerConfigKeys (ConfUtils.java:logGet(46)) - raft.server.log.segment.size.max = 1048576 (custom)
2022-07-12 23:21:23,990 [pool-379-thread-1] INFO  server.RaftServerConfigKeys (ConfUtils.java:logGet(46)) - raft.server.log.preallocated.size = 16384 (custom)
2022-07-12 23:21:23,990 [pool-379-thread-1] INFO  server.RaftServerConfigKeys (ConfUtils.java:logGet(46)) - raft.server.log.force.sync.num = 128 (default)
2022-07-12 23:21:23,990 [pool-379-thread-1] INFO  server.RaftServerConfigKeys (ConfUtils.java:logGet(46)) - raft.server.log.statemachine.data.sync = true (default)
2022-07-12 23:21:23,992 [pool-379-thread-1] INFO  server.RaftServerConfigKeys (ConfUtils.java:logGet(46)) - raft.server.log.statemachine.data.sync.timeout = 10s (default)
2022-07-12 23:21:23,992 [pool-379-thread-1] INFO  server.RaftServerConfigKeys (ConfUtils.java:logGet(46)) - raft.server.log.statemachine.data.sync.timeout.retry = -1 (default)
2022-07-12 23:21:23,993 [pool-379-thread-1] INFO  server.RaftServerConfigKeys (ConfUtils.java:logGet(46)) - raft.server.log.write.buffer.size = 1048576 (custom)
2022-07-12 23:21:23,993 [pool-379-thread-1] INFO  server.RaftServerConfigKeys (ConfUtils.java:logGet(46)) - raft.server.log.unsafe-flush.enabled = false (default)
2022-07-12 23:21:23,993 [pool-379-thread-1] INFO  server.RaftServerConfigKeys (ConfUtils.java:logGet(46)) - raft.server.log.statemachine.data.caching.enabled = true (custom)
2022-07-12 23:21:23,993 [pool-379-thread-1] INFO  segmented.SegmentedRaftLogWorker (SegmentedRaftLogWorker.java:lambda$new$0(135)) - 41187bab-18a7-4c36-af27-173f83643b8d@group-8EF177E20F12-SegmentedRaftLogWorker: flushIndex: setUnconditionally 0 -> -1
2022-07-12 23:21:23,993 [pool-379-thread-1] INFO  segmented.SegmentedRaftLogWorker (SegmentedRaftLogWorker.java:lambda$new$0(135)) - 41187bab-18a7-4c36-af27-173f83643b8d@group-8EF177E20F12-SegmentedRaftLogWorker: safeCacheEvictIndex: setUnconditionally 0 -> -1
2022-07-12 23:21:24,003 [pool-379-thread-1] INFO  server.RaftServerConfigKeys (ConfUtils.java:logGet(46)) - raft.server.snapshot.auto.trigger.enabled = true (custom)
2022-07-12 23:21:24,003 [pool-379-thread-1] INFO  server.RaftServerConfigKeys (ConfUtils.java:logGet(46)) - raft.server.snapshot.auto.trigger.threshold = 10000 (custom)
2022-07-12 23:21:24,003 [pool-379-thread-1] INFO  server.RaftServerConfigKeys (ConfUtils.java:logGet(46)) - raft.server.snapshot.retention.file.num = 5 (custom)
2022-07-12 23:21:24,003 [pool-379-thread-1] INFO  server.RaftServerConfigKeys (ConfUtils.java:logGet(46)) - raft.server.log.purge.upto.snapshot.index = false (default)
2022-07-12 23:21:24,004 [pool-379-thread-1] INFO  server.RaftServerConfigKeys (ConfUtils.java:logGet(46)) - raft.server.retrycache.expirytime = 600000ms (custom)
2022-07-12 23:21:24,004 [pool-379-thread-1] INFO  server.RaftServerConfigKeys (ConfUtils.java:logGet(46)) - raft.server.retrycache.statistics.expirytime = 100μs (default)
2022-07-12 23:21:24,005 [pool-379-thread-1] INFO  server.RaftServerConfigKeys (ConfUtils.java:logGet(46)) - raft.server.log.appender.install.snapshot.enabled = false (custom)
2022-07-12 23:21:24,005 [pool-379-thread-1] INFO  server.RaftServerConfigKeys (ConfUtils.java:logGet(46)) - raft.server.threadpool.server.cached = true (default)
2022-07-12 23:21:24,005 [pool-379-thread-1] INFO  server.RaftServerConfigKeys (ConfUtils.java:logGet(46)) - raft.server.threadpool.server.size = 0 (default)
2022-07-12 23:21:24,005 [pool-379-thread-1] INFO  server.RaftServerConfigKeys (ConfUtils.java:logGet(46)) - raft.server.threadpool.client.cached = true (default)
2022-07-12 23:21:24,005 [pool-379-thread-1] INFO  server.RaftServerConfigKeys (ConfUtils.java:logGet(46)) - raft.server.threadpool.client.size = 0 (default)
2022-07-12 23:21:24,005 [pool-379-thread-1] INFO  server.RaftServer$Division (RaftServerImpl.java:start(310)) - 41187bab-18a7-4c36-af27-173f83643b8d@group-8EF177E20F12: start as a follower, conf=-1: [41187bab-18a7-4c36-af27-173f83643b8d|rpc:10.1.0.13:46095|dataStream:|priority:1, b5be010a-4f88-45a2-86a4-37bd0d52b4ef|rpc:10.1.0.13:38059|dataStream:|priority:0, 70125d14-2432-4845-91b4-d6c12e89dffb|rpc:10.1.0.13:46501|dataStream:|priority:0], old=null
2022-07-12 23:21:24,005 [pool-379-thread-1] INFO  server.RaftServer$Division (RaftServerImpl.java:setRole(299)) - 41187bab-18a7-4c36-af27-173f83643b8d@group-8EF177E20F12: changes role from      null to FOLLOWER at term 0 for startAsFollower
2022-07-12 23:21:24,005 [pool-379-thread-1] INFO  impl.RoleInfo (RoleInfo.java:updateAndGet(139)) - 41187bab-18a7-4c36-af27-173f83643b8d: start 41187bab-18a7-4c36-af27-173f83643b8d@group-8EF177E20F12-FollowerState
2022-07-12 23:21:24,017 [pool-379-thread-1] INFO  util.JmxRegister (JmxRegister.java:tryRegister(44)) - Successfully registered JMX Bean with object name Ratis:service=RaftServer,group=group-8EF177E20F12,id=41187bab-18a7-4c36-af27-173f83643b8d
2022-07-12 23:21:24,056 [Listener at 127.0.0.1/33951] INFO  ozone.MiniOzoneClusterImpl (MiniOzoneClusterImpl.java:lambda$waitForClusterToBeReady$0(216)) - Waiting for nodes to be ready. Got 4 of 5 DN Heartbeats.
2022-07-12 23:21:24,056 [Listener at 127.0.0.1/33951] INFO  ozone.MiniOzoneClusterImpl (MiniOzoneClusterImpl.java:lambda$waitForClusterToBeReady$0(219)) - Waiting for cluster to exit safe mode
2022-07-12 23:21:24,056 [Listener at 127.0.0.1/33951] INFO  ozone.MiniOzoneClusterImpl (MiniOzoneClusterImpl.java:lambda$waitForClusterToBeReady$0(221)) - SCM became leader
2022-07-12 23:21:24,070 [grpc-default-executor-0] INFO  server.RaftServer (RaftServerProxy.java:addNew(96)) - 70125d14-2432-4845-91b4-d6c12e89dffb: addNew group-8EF177E20F12:[41187bab-18a7-4c36-af27-173f83643b8d|rpc:10.1.0.13:46095|dataStream:|priority:1, b5be010a-4f88-45a2-86a4-37bd0d52b4ef|rpc:10.1.0.13:38059|dataStream:|priority:0, 70125d14-2432-4845-91b4-d6c12e89dffb|rpc:10.1.0.13:46501|dataStream:|priority:0] returns group-8EF177E20F12:java.util.concurrent.CompletableFuture@7e666160[Not completed]
2022-07-12 23:21:24,078 [pool-356-thread-1] INFO  server.RaftServer$Division (RaftServerImpl.java:<init>(190)) - 70125d14-2432-4845-91b4-d6c12e89dffb: new RaftServerImpl for group-8EF177E20F12:[41187bab-18a7-4c36-af27-173f83643b8d|rpc:10.1.0.13:46095|dataStream:|priority:1, b5be010a-4f88-45a2-86a4-37bd0d52b4ef|rpc:10.1.0.13:38059|dataStream:|priority:0, 70125d14-2432-4845-91b4-d6c12e89dffb|rpc:10.1.0.13:46501|dataStream:|priority:0] with ContainerStateMachine:uninitialized
2022-07-12 23:21:24,078 [pool-356-thread-1] INFO  server.RaftServerConfigKeys (ConfUtils.java:logGet(46)) - raft.server.rpc.timeout.min = 5s (custom)
2022-07-12 23:21:24,078 [pool-356-thread-1] INFO  server.RaftServerConfigKeys (ConfUtils.java:logGet(46)) - raft.server.rpc.timeout.max = 5200ms (custom)
2022-07-12 23:21:24,078 [pool-356-thread-1] INFO  server.RaftServerConfigKeys (ConfUtils.java:logGet(46)) - raft.server.rpc.sleep.time = 25ms (default)
2022-07-12 23:21:24,078 [pool-356-thread-1] INFO  server.RaftServerConfigKeys (ConfUtils.java:logGet(46)) - raft.server.rpc.slowness.timeout = 300s (custom)
2022-07-12 23:21:24,078 [pool-356-thread-1] INFO  server.RaftServerConfigKeys (ConfUtils.java:logGet(46)) - raft.server.leaderelection.leader.step-down.wait-time = 10s (default)
2022-07-12 23:21:24,078 [pool-356-thread-1] INFO  server.RaftServerConfigKeys (ConfUtils.java:logGet(46)) - raft.server.sleep.deviation.threshold = 300ms (default)
2022-07-12 23:21:24,078 [pool-356-thread-1] INFO  server.RaftServer$Division (ServerState.java:<init>(107)) - 70125d14-2432-4845-91b4-d6c12e89dffb@group-8EF177E20F12: ConfigurationManager, init=-1: [41187bab-18a7-4c36-af27-173f83643b8d|rpc:10.1.0.13:46095|dataStream:|priority:1, b5be010a-4f88-45a2-86a4-37bd0d52b4ef|rpc:10.1.0.13:38059|dataStream:|priority:0, 70125d14-2432-4845-91b4-d6c12e89dffb|rpc:10.1.0.13:46501|dataStream:|priority:0], old=null, confs=<EMPTY_MAP>
2022-07-12 23:21:24,082 [IPC Server handler 5 on default port 41499] INFO  net.NetworkTopologyImpl (NetworkTopologyImpl.java:add(112)) - Added a new node: /default-rack/e98b1687-6bde-4276-a421-38d9542bb191
2022-07-12 23:21:24,083 [IPC Server handler 5 on default port 41499] INFO  node.SCMNodeManager (SCMNodeManager.java:register(397)) - Registered Data node : e98b1687-6bde-4276-a421-38d9542bb191{ip: 10.1.0.13, host: fv-az46-473.aox2mo1hufxu3kclv1weif3kjc.bx.internal.cloudapp.net, ports: [REPLICATION=36673, RATIS=46699, RATIS_ADMIN=46699, RATIS_SERVER=46699, STANDALONE=39693], networkLocation: /default-rack, certSerialId: null, persistedOpState: null, persistedOpStateExpiryEpochSec: 0}
2022-07-12 23:21:24,083 [EventQueue-NewNodeForNewNodeHandler] INFO  pipeline.BackgroundPipelineCreator (BackgroundPipelineCreator.java:notifyEventTriggered(276)) - trigger a one-shot run on RatisPipelineUtilsThread.
2022-07-12 23:21:24,083 [RatisPipelineUtilsThread - 0] INFO  pipeline.RatisPipelineProvider (RatisPipelineProvider.java:lambda$create$0(195)) - Sending CreatePipelineCommand for pipeline:PipelineID=3afb1190-caf8-42a8-8f4f-0488fe010979 to datanode:e98b1687-6bde-4276-a421-38d9542bb191
2022-07-12 23:21:24,084 [RatisPipelineUtilsThread - 0] INFO  pipeline.PipelineStateManagerImpl (PipelineStateManagerImpl.java:addPipeline(103)) - Created pipeline Pipeline[ Id: 3afb1190-caf8-42a8-8f4f-0488fe010979, Nodes: e98b1687-6bde-4276-a421-38d9542bb191{ip: 10.1.0.13, host: fv-az46-473.aox2mo1hufxu3kclv1weif3kjc.bx.internal.cloudapp.net, ports: [REPLICATION=36673, RATIS=46699, RATIS_ADMIN=46699, RATIS_SERVER=46699, STANDALONE=39693], networkLocation: /default-rack, certSerialId: null, persistedOpState: IN_SERVICE, persistedOpStateExpiryEpochSec: 0}, ReplicationConfig: RATIS/ONE, State:ALLOCATED, leaderId:, CreationTimestamp2022-07-12T23:21:24.083Z[Etc/UTC]].
2022-07-12 23:21:24,091 [pool-356-thread-1] INFO  server.RaftServerConfigKeys (ConfUtils.java:logGet(46)) - raft.server.storage.dir = [/home/runner/work/ozone/ozone/hadoop-ozone/integration-test/target/test-dir/MiniOzoneClusterImpl-3123aa8d-fa91-45ac-9e39-716c5a908d99/datanode-1/data/ratis] (custom)
2022-07-12 23:21:24,091 [pool-356-thread-1] INFO  server.RaftServerConfigKeys (ConfUtils.java:logGet(46)) - raft.server.log.corruption.policy = EXCEPTION (default)
2022-07-12 23:21:24,091 [pool-356-thread-1] INFO  server.RaftServerConfigKeys (ConfUtils.java:logGet(46)) - raft.server.storage.free-space.min = 0MB (=0) (default)
2022-07-12 23:21:24,092 [pool-356-thread-1] INFO  storage.RaftStorageDirectory (RaftStorageDirectoryImpl.java:analyzeStorage(135)) - The storage directory /home/runner/work/ozone/ozone/hadoop-ozone/integration-test/target/test-dir/MiniOzoneClusterImpl-3123aa8d-fa91-45ac-9e39-716c5a908d99/datanode-1/data/ratis/274935f5-2b67-4a61-a10e-8ef177e20f12 does not exist. Creating ...
2022-07-12 23:21:24,093 [pool-356-thread-1] INFO  storage.RaftStorageDirectory (RaftStorageDirectoryImpl.java:tryLock(230)) - Lock on /home/runner/work/ozone/ozone/hadoop-ozone/integration-test/target/test-dir/MiniOzoneClusterImpl-3123aa8d-fa91-45ac-9e39-716c5a908d99/datanode-1/data/ratis/274935f5-2b67-4a61-a10e-8ef177e20f12/in_use.lock acquired by nodename 30948@fv-az46-473
2022-07-12 23:21:24,105 [pool-356-thread-1] INFO  storage.RaftStorage (RaftStorageImpl.java:format(89)) - Storage directory /home/runner/work/ozone/ozone/hadoop-ozone/integration-test/target/test-dir/MiniOzoneClusterImpl-3123aa8d-fa91-45ac-9e39-716c5a908d99/datanode-1/data/ratis/274935f5-2b67-4a61-a10e-8ef177e20f12 has been successfully formatted.
2022-07-12 23:21:24,107 [pool-356-thread-1] INFO  ratis.ContainerStateMachine (ContainerStateMachine.java:loadSnapshot(236)) - group-8EF177E20F12: The snapshot info is null. Setting the last applied indexto:(t:0, i:~)
2022-07-12 23:21:24,107 [pool-356-thread-1] INFO  server.RaftServerConfigKeys (ConfUtils.java:logGet(46)) - raft.server.notification.no-leader.timeout = 300s (custom)
2022-07-12 23:21:24,107 [pool-356-thread-1] INFO  server.RaftServerConfigKeys (ConfUtils.java:logGet(46)) - raft.server.log.use.memory = false (default)
2022-07-12 23:21:24,107 [pool-356-thread-1] INFO  server.RaftServerConfigKeys (ConfUtils.java:logGet(46)) - raft.server.log.purge.gap = 1000000 (custom)
2022-07-12 23:21:24,107 [pool-356-thread-1] INFO  server.RaftServerConfigKeys (ConfUtils.java:logGet(46)) - raft.server.log.appender.buffer.byte-limit = 33554432 (custom)
2022-07-12 23:21:24,107 [pool-356-thread-1] INFO  server.RaftServerConfigKeys (ConfUtils.java:logGet(46)) - raft.server.log.statemachine.data.read.timeout = 1000ms (default)
2022-07-12 23:21:24,107 [pool-356-thread-1] INFO  server.RaftServerConfigKeys (ConfUtils.java:logGet(46)) - raft.server.log.segment.size.max = 1048576 (custom)
2022-07-12 23:21:24,108 [pool-356-thread-1] INFO  server.RaftServerConfigKeys (ConfUtils.java:logGet(46)) - raft.server.log.segment.cache.num.max = 2 (custom)
2022-07-12 23:21:24,108 [pool-356-thread-1] INFO  server.RaftServerConfigKeys (ConfUtils.java:logGet(46)) - raft.server.log.segment.cache.size.max = 200MB (=209715200) (default)
2022-07-12 23:21:24,108 [pool-356-thread-1] INFO  segmented.SegmentedRaftLogWorker (SegmentedRaftLogWorker.java:<init>(187)) - new 70125d14-2432-4845-91b4-d6c12e89dffb@group-8EF177E20F12-SegmentedRaftLogWorker for RaftStorageImpl:Storage Directory /home/runner/work/ozone/ozone/hadoop-ozone/integration-test/target/test-dir/MiniOzoneClusterImpl-3123aa8d-fa91-45ac-9e39-716c5a908d99/datanode-1/data/ratis/274935f5-2b67-4a61-a10e-8ef177e20f12
2022-07-12 23:21:24,108 [pool-356-thread-1] INFO  server.RaftServerConfigKeys (ConfUtils.java:logGet(46)) - raft.server.log.queue.byte-limit = 4294967296 (custom)
2022-07-12 23:21:24,108 [pool-356-thread-1] INFO  server.RaftServerConfigKeys (ConfUtils.java:logGet(46)) - raft.server.log.queue.element-limit = 1024 (custom)
2022-07-12 23:21:24,108 [pool-356-thread-1] INFO  server.RaftServerConfigKeys (ConfUtils.java:logGet(46)) - raft.server.log.segment.size.max = 1048576 (custom)
2022-07-12 23:21:24,108 [pool-356-thread-1] INFO  server.RaftServerConfigKeys (ConfUtils.java:logGet(46)) - raft.server.log.preallocated.size = 16384 (custom)
2022-07-12 23:21:24,108 [pool-356-thread-1] INFO  server.RaftServerConfigKeys (ConfUtils.java:logGet(46)) - raft.server.log.force.sync.num = 128 (default)
2022-07-12 23:21:24,108 [pool-356-thread-1] INFO  server.RaftServerConfigKeys (ConfUtils.java:logGet(46)) - raft.server.log.statemachine.data.sync = true (default)
2022-07-12 23:21:24,108 [pool-356-thread-1] INFO  server.RaftServerConfigKeys (ConfUtils.java:logGet(46)) - raft.server.log.statemachine.data.sync.timeout = 10s (default)
2022-07-12 23:21:24,108 [pool-356-thread-1] INFO  server.RaftServerConfigKeys (ConfUtils.java:logGet(46)) - raft.server.log.statemachine.data.sync.timeout.retry = -1 (default)
2022-07-12 23:21:24,124 [pool-356-thread-1] INFO  server.RaftServerConfigKeys (ConfUtils.java:logGet(46)) - raft.server.log.write.buffer.size = 1048576 (custom)
2022-07-12 23:21:24,125 [pool-356-thread-1] INFO  server.RaftServerConfigKeys (ConfUtils.java:logGet(46)) - raft.server.log.unsafe-flush.enabled = false (default)
2022-07-12 23:21:24,125 [pool-356-thread-1] INFO  server.RaftServerConfigKeys (ConfUtils.java:logGet(46)) - raft.server.log.statemachine.data.caching.enabled = true (custom)
2022-07-12 23:21:24,125 [pool-356-thread-1] INFO  segmented.SegmentedRaftLogWorker (SegmentedRaftLogWorker.java:lambda$new$0(135)) - 70125d14-2432-4845-91b4-d6c12e89dffb@group-8EF177E20F12-SegmentedRaftLogWorker: flushIndex: setUnconditionally 0 -> -1
2022-07-12 23:21:24,125 [pool-356-thread-1] INFO  segmented.SegmentedRaftLogWorker (SegmentedRaftLogWorker.java:lambda$new$0(135)) - 70125d14-2432-4845-91b4-d6c12e89dffb@group-8EF177E20F12-SegmentedRaftLogWorker: safeCacheEvictIndex: setUnconditionally 0 -> -1
2022-07-12 23:21:24,138 [pool-356-thread-1] INFO  server.RaftServerConfigKeys (ConfUtils.java:logGet(46)) - raft.server.snapshot.auto.trigger.enabled = true (custom)
2022-07-12 23:21:24,138 [pool-356-thread-1] INFO  server.RaftServerConfigKeys (ConfUtils.java:logGet(46)) - raft.server.snapshot.auto.trigger.threshold = 10000 (custom)
2022-07-12 23:21:24,138 [pool-356-thread-1] INFO  server.RaftServerConfigKeys (ConfUtils.java:logGet(46)) - raft.server.snapshot.retention.file.num = 5 (custom)
2022-07-12 23:21:24,138 [pool-356-thread-1] INFO  server.RaftServerConfigKeys (ConfUtils.java:logGet(46)) - raft.server.log.purge.upto.snapshot.index = false (default)
2022-07-12 23:21:24,138 [pool-356-thread-1] INFO  server.RaftServerConfigKeys (ConfUtils.java:logGet(46)) - raft.server.retrycache.expirytime = 600000ms (custom)
2022-07-12 23:21:24,138 [pool-356-thread-1] INFO  server.RaftServerConfigKeys (ConfUtils.java:logGet(46)) - raft.server.retrycache.statistics.expirytime = 100μs (default)
2022-07-12 23:21:24,139 [pool-356-thread-1] INFO  server.RaftServerConfigKeys (ConfUtils.java:logGet(46)) - raft.server.log.appender.install.snapshot.enabled = false (custom)
2022-07-12 23:21:24,139 [pool-356-thread-1] INFO  server.RaftServerConfigKeys (ConfUtils.java:logGet(46)) - raft.server.threadpool.server.cached = true (default)
2022-07-12 23:21:24,139 [pool-356-thread-1] INFO  server.RaftServerConfigKeys (ConfUtils.java:logGet(46)) - raft.server.threadpool.server.size = 0 (default)
2022-07-12 23:21:24,139 [pool-356-thread-1] INFO  server.RaftServerConfigKeys (ConfUtils.java:logGet(46)) - raft.server.threadpool.client.cached = true (default)
2022-07-12 23:21:24,139 [pool-356-thread-1] INFO  server.RaftServerConfigKeys (ConfUtils.java:logGet(46)) - raft.server.threadpool.client.size = 0 (default)
2022-07-12 23:21:24,139 [pool-356-thread-1] INFO  server.RaftServer$Division (RaftServerImpl.java:start(310)) - 70125d14-2432-4845-91b4-d6c12e89dffb@group-8EF177E20F12: start as a follower, conf=-1: [41187bab-18a7-4c36-af27-173f83643b8d|rpc:10.1.0.13:46095|dataStream:|priority:1, b5be010a-4f88-45a2-86a4-37bd0d52b4ef|rpc:10.1.0.13:38059|dataStream:|priority:0, 70125d14-2432-4845-91b4-d6c12e89dffb|rpc:10.1.0.13:46501|dataStream:|priority:0], old=null
2022-07-12 23:21:24,139 [pool-356-thread-1] INFO  server.RaftServer$Division (RaftServerImpl.java:setRole(299)) - 70125d14-2432-4845-91b4-d6c12e89dffb@group-8EF177E20F12: changes role from      null to FOLLOWER at term 0 for startAsFollower
2022-07-12 23:21:24,139 [pool-356-thread-1] INFO  impl.RoleInfo (RoleInfo.java:updateAndGet(139)) - 70125d14-2432-4845-91b4-d6c12e89dffb: start 70125d14-2432-4845-91b4-d6c12e89dffb@group-8EF177E20F12-FollowerState
2022-07-12 23:21:24,157 [pool-356-thread-1] INFO  util.JmxRegister (JmxRegister.java:tryRegister(44)) - Successfully registered JMX Bean with object name Ratis:service=RaftServer,group=group-8EF177E20F12,id=70125d14-2432-4845-91b4-d6c12e89dffb
2022-07-12 23:21:24,177 [Command processor thread] INFO  commandhandler.CreatePipelineCommandHandler (CreatePipelineCommandHandler.java:handle(113)) - Created Pipeline RATIS THREE PipelineID=274935f5-2b67-4a61-a10e-8ef177e20f12.
2022-07-12 23:21:24,177 [Command processor thread] INFO  server.RaftServer (RaftServerProxy.java:addNew(96)) - b5be010a-4f88-45a2-86a4-37bd0d52b4ef: addNew group-8E99C119045E:[41187bab-18a7-4c36-af27-173f83643b8d|rpc:10.1.0.13:46095|priority:0, b5be010a-4f88-45a2-86a4-37bd0d52b4ef|rpc:10.1.0.13:38059|priority:0, 70125d14-2432-4845-91b4-d6c12e89dffb|rpc:10.1.0.13:46501|priority:1] returns group-8E99C119045E:java.util.concurrent.CompletableFuture@2cf66d5a[Not completed]
2022-07-12 23:21:24,178 [pool-333-thread-1] INFO  server.RaftServer$Division (RaftServerImpl.java:<init>(190)) - b5be010a-4f88-45a2-86a4-37bd0d52b4ef: new RaftServerImpl for group-8E99C119045E:[41187bab-18a7-4c36-af27-173f83643b8d|rpc:10.1.0.13:46095|priority:0, b5be010a-4f88-45a2-86a4-37bd0d52b4ef|rpc:10.1.0.13:38059|priority:0, 70125d14-2432-4845-91b4-d6c12e89dffb|rpc:10.1.0.13:46501|priority:1] with ContainerStateMachine:uninitialized
2022-07-12 23:21:24,178 [pool-333-thread-1] INFO  server.RaftServerConfigKeys (ConfUtils.java:logGet(46)) - raft.server.rpc.timeout.min = 5s (custom)
2022-07-12 23:21:24,178 [pool-333-thread-1] INFO  server.RaftServerConfigKeys (ConfUtils.java:logGet(46)) - raft.server.rpc.timeout.max = 5200ms (custom)
2022-07-12 23:21:24,178 [pool-333-thread-1] INFO  server.RaftServerConfigKeys (ConfUtils.java:logGet(46)) - raft.server.rpc.sleep.time = 25ms (default)
2022-07-12 23:21:24,179 [pool-333-thread-1] INFO  server.RaftServerConfigKeys (ConfUtils.java:logGet(46)) - raft.server.rpc.slowness.timeout = 300s (custom)
2022-07-12 23:21:24,179 [pool-333-thread-1] INFO  server.RaftServerConfigKeys (ConfUtils.java:logGet(46)) - raft.server.leaderelection.leader.step-down.wait-time = 10s (default)
2022-07-12 23:21:24,179 [pool-333-thread-1] INFO  server.RaftServerConfigKeys (ConfUtils.java:logGet(46)) - raft.server.sleep.deviation.threshold = 300ms (default)
2022-07-12 23:21:24,179 [pool-333-thread-1] INFO  server.RaftServer$Division (ServerState.java:<init>(107)) - b5be010a-4f88-45a2-86a4-37bd0d52b4ef@group-8E99C119045E: ConfigurationManager, init=-1: [41187bab-18a7-4c36-af27-173f83643b8d|rpc:10.1.0.13:46095|priority:0, b5be010a-4f88-45a2-86a4-37bd0d52b4ef|rpc:10.1.0.13:38059|priority:0, 70125d14-2432-4845-91b4-d6c12e89dffb|rpc:10.1.0.13:46501|priority:1], old=null, confs=<EMPTY_MAP>
2022-07-12 23:21:24,179 [pool-333-thread-1] INFO  server.RaftServerConfigKeys (ConfUtils.java:logGet(46)) - raft.server.storage.dir = [/home/runner/work/ozone/ozone/hadoop-ozone/integration-test/target/test-dir/MiniOzoneClusterImpl-3123aa8d-fa91-45ac-9e39-716c5a908d99/datanode-0/data/ratis] (custom)
2022-07-12 23:21:24,179 [pool-333-thread-1] INFO  server.RaftServerConfigKeys (ConfUtils.java:logGet(46)) - raft.server.log.corruption.policy = EXCEPTION (default)
2022-07-12 23:21:24,179 [pool-333-thread-1] INFO  server.RaftServerConfigKeys (ConfUtils.java:logGet(46)) - raft.server.storage.free-space.min = 0MB (=0) (default)
2022-07-12 23:21:24,179 [pool-333-thread-1] INFO  storage.RaftStorageDirectory (RaftStorageDirectoryImpl.java:analyzeStorage(135)) - The storage directory /home/runner/work/ozone/ozone/hadoop-ozone/integration-test/target/test-dir/MiniOzoneClusterImpl-3123aa8d-fa91-45ac-9e39-716c5a908d99/datanode-0/data/ratis/382b2473-1962-4a79-9e31-8e99c119045e does not exist. Creating ...
2022-07-12 23:21:24,185 [pool-333-thread-1] INFO  storage.RaftStorageDirectory (RaftStorageDirectoryImpl.java:tryLock(230)) - Lock on /home/runner/work/ozone/ozone/hadoop-ozone/integration-test/target/test-dir/MiniOzoneClusterImpl-3123aa8d-fa91-45ac-9e39-716c5a908d99/datanode-0/data/ratis/382b2473-1962-4a79-9e31-8e99c119045e/in_use.lock acquired by nodename 30948@fv-az46-473
2022-07-12 23:21:24,186 [pool-333-thread-1] INFO  storage.RaftStorage (RaftStorageImpl.java:format(89)) - Storage directory /home/runner/work/ozone/ozone/hadoop-ozone/integration-test/target/test-dir/MiniOzoneClusterImpl-3123aa8d-fa91-45ac-9e39-716c5a908d99/datanode-0/data/ratis/382b2473-1962-4a79-9e31-8e99c119045e has been successfully formatted.
2022-07-12 23:21:24,187 [pool-333-thread-1] INFO  ratis.ContainerStateMachine (ContainerStateMachine.java:loadSnapshot(236)) - group-8E99C119045E: The snapshot info is null. Setting the last applied indexto:(t:0, i:~)
2022-07-12 23:21:24,188 [EventQueue-OpenPipelineForHealthyPipelineSafeModeRule] INFO  safemode.SCMSafeModeManager (HealthyPipelineSafeModeRule.java:process(137)) - SCM in safe mode. Healthy pipelines reported count is 0, required healthy pipeline reported count is 1
2022-07-12 23:21:24,188 [pool-333-thread-1] INFO  server.RaftServerConfigKeys (ConfUtils.java:logGet(46)) - raft.server.notification.no-leader.timeout = 300s (custom)
2022-07-12 23:21:24,188 [pool-333-thread-1] INFO  server.RaftServerConfigKeys (ConfUtils.java:logGet(46)) - raft.server.log.use.memory = false (default)
2022-07-12 23:21:24,188 [pool-333-thread-1] INFO  server.RaftServerConfigKeys (ConfUtils.java:logGet(46)) - raft.server.log.purge.gap = 1000000 (custom)
2022-07-12 23:21:24,188 [pool-333-thread-1] INFO  server.RaftServerConfigKeys (ConfUtils.java:logGet(46)) - raft.server.log.appender.buffer.byte-limit = 33554432 (custom)
2022-07-12 23:21:24,188 [pool-333-thread-1] INFO  server.RaftServerConfigKeys (ConfUtils.java:logGet(46)) - raft.server.log.statemachine.data.read.timeout = 1000ms (default)
2022-07-12 23:21:24,188 [pool-333-thread-1] INFO  server.RaftServerConfigKeys (ConfUtils.java:logGet(46)) - raft.server.log.segment.size.max = 1048576 (custom)
2022-07-12 23:21:24,189 [pool-333-thread-1] INFO  server.RaftServerConfigKeys (ConfUtils.java:logGet(46)) - raft.server.log.segment.cache.num.max = 2 (custom)
2022-07-12 23:21:24,189 [pool-333-thread-1] INFO  server.RaftServerConfigKeys (ConfUtils.java:logGet(46)) - raft.server.log.segment.cache.size.max = 200MB (=209715200) (default)
2022-07-12 23:21:24,189 [pool-333-thread-1] INFO  segmented.SegmentedRaftLogWorker (SegmentedRaftLogWorker.java:<init>(187)) - new b5be010a-4f88-45a2-86a4-37bd0d52b4ef@group-8E99C119045E-SegmentedRaftLogWorker for RaftStorageImpl:Storage Directory /home/runner/work/ozone/ozone/hadoop-ozone/integration-test/target/test-dir/MiniOzoneClusterImpl-3123aa8d-fa91-45ac-9e39-716c5a908d99/datanode-0/data/ratis/382b2473-1962-4a79-9e31-8e99c119045e
2022-07-12 23:21:24,189 [pool-333-thread-1] INFO  server.RaftServerConfigKeys (ConfUtils.java:logGet(46)) - raft.server.log.queue.byte-limit = 4294967296 (custom)
2022-07-12 23:21:24,189 [pool-333-thread-1] INFO  server.RaftServerConfigKeys (ConfUtils.java:logGet(46)) - raft.server.log.queue.element-limit = 1024 (custom)
2022-07-12 23:21:24,189 [pool-333-thread-1] INFO  server.RaftServerConfigKeys (ConfUtils.java:logGet(46)) - raft.server.log.segment.size.max = 1048576 (custom)
2022-07-12 23:21:24,189 [pool-333-thread-1] INFO  server.RaftServerConfigKeys (ConfUtils.java:logGet(46)) - raft.server.log.preallocated.size = 16384 (custom)
2022-07-12 23:21:24,189 [pool-333-thread-1] INFO  server.RaftServerConfigKeys (ConfUtils.java:logGet(46)) - raft.server.log.force.sync.num = 128 (default)
2022-07-12 23:21:24,189 [pool-333-thread-1] INFO  server.RaftServerConfigKeys (ConfUtils.java:logGet(46)) - raft.server.log.statemachine.data.sync = true (default)
2022-07-12 23:21:24,189 [pool-333-thread-1] INFO  server.RaftServerConfigKeys (ConfUtils.java:logGet(46)) - raft.server.log.statemachine.data.sync.timeout = 10s (default)
2022-07-12 23:21:24,189 [pool-333-thread-1] INFO  server.RaftServerConfigKeys (ConfUtils.java:logGet(46)) - raft.server.log.statemachine.data.sync.timeout.retry = -1 (default)
2022-07-12 23:21:24,190 [pool-333-thread-1] INFO  server.RaftServerConfigKeys (ConfUtils.java:logGet(46)) - raft.server.log.write.buffer.size = 1048576 (custom)
2022-07-12 23:21:24,191 [pool-333-thread-1] INFO  server.RaftServerConfigKeys (ConfUtils.java:logGet(46)) - raft.server.log.unsafe-flush.enabled = false (default)
2022-07-12 23:21:24,191 [pool-333-thread-1] INFO  server.RaftServerConfigKeys (ConfUtils.java:logGet(46)) - raft.server.log.statemachine.data.caching.enabled = true (custom)
2022-07-12 23:21:24,191 [pool-333-thread-1] INFO  segmented.SegmentedRaftLogWorker (SegmentedRaftLogWorker.java:lambda$new$0(135)) - b5be010a-4f88-45a2-86a4-37bd0d52b4ef@group-8E99C119045E-SegmentedRaftLogWorker: flushIndex: setUnconditionally 0 -> -1
2022-07-12 23:21:24,191 [pool-333-thread-1] INFO  segmented.SegmentedRaftLogWorker (SegmentedRaftLogWorker.java:lambda$new$0(135)) - b5be010a-4f88-45a2-86a4-37bd0d52b4ef@group-8E99C119045E-SegmentedRaftLogWorker: safeCacheEvictIndex: setUnconditionally 0 -> -1
2022-07-12 23:21:24,203 [pool-333-thread-1] INFO  server.RaftServerConfigKeys (ConfUtils.java:logGet(46)) - raft.server.snapshot.auto.trigger.enabled = true (custom)
2022-07-12 23:21:24,204 [pool-333-thread-1] INFO  server.RaftServerConfigKeys (ConfUtils.java:logGet(46)) - raft.server.snapshot.auto.trigger.threshold = 10000 (custom)
2022-07-12 23:21:24,204 [pool-333-thread-1] INFO  server.RaftServerConfigKeys (ConfUtils.java:logGet(46)) - raft.server.snapshot.retention.file.num = 5 (custom)
2022-07-12 23:21:24,204 [pool-333-thread-1] INFO  server.RaftServerConfigKeys (ConfUtils.java:logGet(46)) - raft.server.log.purge.upto.snapshot.index = false (default)
2022-07-12 23:21:24,204 [pool-333-thread-1] INFO  server.RaftServerConfigKeys (ConfUtils.java:logGet(46)) - raft.server.retrycache.expirytime = 600000ms (custom)
2022-07-12 23:21:24,204 [pool-333-thread-1] INFO  server.RaftServerConfigKeys (ConfUtils.java:logGet(46)) - raft.server.retrycache.statistics.expirytime = 100μs (default)
2022-07-12 23:21:24,205 [pool-333-thread-1] INFO  server.RaftServerConfigKeys (ConfUtils.java:logGet(46)) - raft.server.log.appender.install.snapshot.enabled = false (custom)
2022-07-12 23:21:24,205 [pool-333-thread-1] INFO  server.RaftServerConfigKeys (ConfUtils.java:logGet(46)) - raft.server.threadpool.server.cached = true (default)
2022-07-12 23:21:24,205 [pool-333-thread-1] INFO  server.RaftServerConfigKeys (ConfUtils.java:logGet(46)) - raft.server.threadpool.server.size = 0 (default)
2022-07-12 23:21:24,205 [pool-333-thread-1] INFO  server.RaftServerConfigKeys (ConfUtils.java:logGet(46)) - raft.server.threadpool.client.cached = true (default)
2022-07-12 23:21:24,205 [pool-333-thread-1] INFO  server.RaftServerConfigKeys (ConfUtils.java:logGet(46)) - raft.server.threadpool.client.size = 0 (default)
2022-07-12 23:21:24,205 [pool-333-thread-1] INFO  server.RaftServer$Division (RaftServerImpl.java:start(310)) - b5be010a-4f88-45a2-86a4-37bd0d52b4ef@group-8E99C119045E: start as a follower, conf=-1: [41187bab-18a7-4c36-af27-173f83643b8d|rpc:10.1.0.13:46095|priority:0, b5be010a-4f88-45a2-86a4-37bd0d52b4ef|rpc:10.1.0.13:38059|priority:0, 70125d14-2432-4845-91b4-d6c12e89dffb|rpc:10.1.0.13:46501|priority:1], old=null
2022-07-12 23:21:24,205 [pool-333-thread-1] INFO  server.RaftServer$Division (RaftServerImpl.java:setRole(299)) - b5be010a-4f88-45a2-86a4-37bd0d52b4ef@group-8E99C119045E: changes role from      null to FOLLOWER at term 0 for startAsFollower
2022-07-12 23:21:24,205 [pool-333-thread-1] INFO  impl.RoleInfo (RoleInfo.java:updateAndGet(139)) - b5be010a-4f88-45a2-86a4-37bd0d52b4ef: start b5be010a-4f88-45a2-86a4-37bd0d52b4ef@group-8E99C119045E-FollowerState
2022-07-12 23:21:24,206 [pool-333-thread-1] INFO  util.JmxRegister (JmxRegister.java:tryRegister(44)) - Successfully registered JMX Bean with object name Ratis:service=RaftServer,group=group-8E99C119045E,id=b5be010a-4f88-45a2-86a4-37bd0d52b4ef
2022-07-12 23:21:24,217 [Command processor thread] INFO  ratis.XceiverServerRatis (XceiverServerRatis.java:addGroup(765)) - Created group PipelineID=382b2473-1962-4a79-9e31-8e99c119045e
2022-07-12 23:21:24,256 [grpc-default-executor-0] INFO  server.RaftServer (RaftServerProxy.java:addNew(96)) - 70125d14-2432-4845-91b4-d6c12e89dffb: addNew group-8E99C119045E:[41187bab-18a7-4c36-af27-173f83643b8d|rpc:10.1.0.13:46095|dataStream:|priority:0, b5be010a-4f88-45a2-86a4-37bd0d52b4ef|rpc:10.1.0.13:38059|dataStream:|priority:0, 70125d14-2432-4845-91b4-d6c12e89dffb|rpc:10.1.0.13:46501|dataStream:|priority:1] returns group-8E99C119045E:java.util.concurrent.CompletableFuture@5c002bd3[Not completed]
2022-07-12 23:21:24,262 [pool-356-thread-1] INFO  server.RaftServer$Division (RaftServerImpl.java:<init>(190)) - 70125d14-2432-4845-91b4-d6c12e89dffb: new RaftServerImpl for group-8E99C119045E:[41187bab-18a7-4c36-af27-173f83643b8d|rpc:10.1.0.13:46095|dataStream:|priority:0, b5be010a-4f88-45a2-86a4-37bd0d52b4ef|rpc:10.1.0.13:38059|dataStream:|priority:0, 70125d14-2432-4845-91b4-d6c12e89dffb|rpc:10.1.0.13:46501|dataStream:|priority:1] with ContainerStateMachine:uninitialized
2022-07-12 23:21:24,262 [pool-356-thread-1] INFO  server.RaftServerConfigKeys (ConfUtils.java:logGet(46)) - raft.server.rpc.timeout.min = 5s (custom)
2022-07-12 23:21:24,262 [pool-356-thread-1] INFO  server.RaftServerConfigKeys (ConfUtils.java:logGet(46)) - raft.server.rpc.timeout.max = 5200ms (custom)
2022-07-12 23:21:24,262 [pool-356-thread-1] INFO  server.RaftServerConfigKeys (ConfUtils.java:logGet(46)) - raft.server.rpc.sleep.time = 25ms (default)
2022-07-12 23:21:24,262 [pool-356-thread-1] INFO  server.RaftServerConfigKeys (ConfUtils.java:logGet(46)) - raft.server.rpc.slowness.timeout = 300s (custom)
2022-07-12 23:21:24,262 [pool-356-thread-1] INFO  server.RaftServerConfigKeys (ConfUtils.java:logGet(46)) - raft.server.leaderelection.leader.step-down.wait-time = 10s (default)
2022-07-12 23:21:24,262 [pool-356-thread-1] INFO  server.RaftServerConfigKeys (ConfUtils.java:logGet(46)) - raft.server.sleep.deviation.threshold = 300ms (default)
2022-07-12 23:21:24,262 [pool-356-thread-1] INFO  server.RaftServer$Division (ServerState.java:<init>(107)) - 70125d14-2432-4845-91b4-d6c12e89dffb@group-8E99C119045E: ConfigurationManager, init=-1: [41187bab-18a7-4c36-af27-173f83643b8d|rpc:10.1.0.13:46095|dataStream:|priority:0, b5be010a-4f88-45a2-86a4-37bd0d52b4ef|rpc:10.1.0.13:38059|dataStream:|priority:0, 70125d14-2432-4845-91b4-d6c12e89dffb|rpc:10.1.0.13:46501|dataStream:|priority:1], old=null, confs=<EMPTY_MAP>
2022-07-12 23:21:24,262 [pool-356-thread-1] INFO  server.RaftServerConfigKeys (ConfUtils.java:logGet(46)) - raft.server.storage.dir = [/home/runner/work/ozone/ozone/hadoop-ozone/integration-test/target/test-dir/MiniOzoneClusterImpl-3123aa8d-fa91-45ac-9e39-716c5a908d99/datanode-1/data/ratis] (custom)
2022-07-12 23:21:24,262 [pool-356-thread-1] INFO  server.RaftServerConfigKeys (ConfUtils.java:logGet(46)) - raft.server.log.corruption.policy = EXCEPTION (default)
2022-07-12 23:21:24,262 [pool-356-thread-1] INFO  server.RaftServerConfigKeys (ConfUtils.java:logGet(46)) - raft.server.storage.free-space.min = 0MB (=0) (default)
2022-07-12 23:21:24,262 [pool-356-thread-1] INFO  storage.RaftStorageDirectory (RaftStorageDirectoryImpl.java:analyzeStorage(135)) - The storage directory /home/runner/work/ozone/ozone/hadoop-ozone/integration-test/target/test-dir/MiniOzoneClusterImpl-3123aa8d-fa91-45ac-9e39-716c5a908d99/datanode-1/data/ratis/382b2473-1962-4a79-9e31-8e99c119045e does not exist. Creating ...
2022-07-12 23:21:24,269 [pool-356-thread-1] INFO  storage.RaftStorageDirectory (RaftStorageDirectoryImpl.java:tryLock(230)) - Lock on /home/runner/work/ozone/ozone/hadoop-ozone/integration-test/target/test-dir/MiniOzoneClusterImpl-3123aa8d-fa91-45ac-9e39-716c5a908d99/datanode-1/data/ratis/382b2473-1962-4a79-9e31-8e99c119045e/in_use.lock acquired by nodename 30948@fv-az46-473
2022-07-12 23:21:24,271 [pool-356-thread-1] INFO  storage.RaftStorage (RaftStorageImpl.java:format(89)) - Storage directory /home/runner/work/ozone/ozone/hadoop-ozone/integration-test/target/test-dir/MiniOzoneClusterImpl-3123aa8d-fa91-45ac-9e39-716c5a908d99/datanode-1/data/ratis/382b2473-1962-4a79-9e31-8e99c119045e has been successfully formatted.
2022-07-12 23:21:24,272 [pool-356-thread-1] INFO  ratis.ContainerStateMachine (ContainerStateMachine.java:loadSnapshot(236)) - group-8E99C119045E: The snapshot info is null. Setting the last applied indexto:(t:0, i:~)
2022-07-12 23:21:24,272 [pool-356-thread-1] INFO  server.RaftServerConfigKeys (ConfUtils.java:logGet(46)) - raft.server.notification.no-leader.timeout = 300s (custom)
2022-07-12 23:21:24,272 [pool-356-thread-1] INFO  server.RaftServerConfigKeys (ConfUtils.java:logGet(46)) - raft.server.log.use.memory = false (default)
2022-07-12 23:21:24,273 [pool-356-thread-1] INFO  server.RaftServerConfigKeys (ConfUtils.java:logGet(46)) - raft.server.log.purge.gap = 1000000 (custom)
2022-07-12 23:21:24,273 [pool-356-thread-1] INFO  server.RaftServerConfigKeys (ConfUtils.java:logGet(46)) - raft.server.log.appender.buffer.byte-limit = 33554432 (custom)
2022-07-12 23:21:24,273 [pool-356-thread-1] INFO  server.RaftServerConfigKeys (ConfUtils.java:logGet(46)) - raft.server.log.statemachine.data.read.timeout = 1000ms (default)
2022-07-12 23:21:24,273 [pool-356-thread-1] INFO  server.RaftServerConfigKeys (ConfUtils.java:logGet(46)) - raft.server.log.segment.size.max = 1048576 (custom)
2022-07-12 23:21:24,273 [pool-356-thread-1] INFO  server.RaftServerConfigKeys (ConfUtils.java:logGet(46)) - raft.server.log.segment.cache.num.max = 2 (custom)
2022-07-12 23:21:24,274 [pool-356-thread-1] INFO  server.RaftServerConfigKeys (ConfUtils.java:logGet(46)) - raft.server.log.segment.cache.size.max = 200MB (=209715200) (default)
2022-07-12 23:21:24,274 [pool-356-thread-1] INFO  segmented.SegmentedRaftLogWorker (SegmentedRaftLogWorker.java:<init>(187)) - new 70125d14-2432-4845-91b4-d6c12e89dffb@group-8E99C119045E-SegmentedRaftLogWorker for RaftStorageImpl:Storage Directory /home/runner/work/ozone/ozone/hadoop-ozone/integration-test/target/test-dir/MiniOzoneClusterImpl-3123aa8d-fa91-45ac-9e39-716c5a908d99/datanode-1/data/ratis/382b2473-1962-4a79-9e31-8e99c119045e
2022-07-12 23:21:24,274 [pool-356-thread-1] INFO  server.RaftServerConfigKeys (ConfUtils.java:logGet(46)) - raft.server.log.queue.byte-limit = 4294967296 (custom)
2022-07-12 23:21:24,274 [pool-356-thread-1] INFO  server.RaftServerConfigKeys (ConfUtils.java:logGet(46)) - raft.server.log.queue.element-limit = 1024 (custom)
2022-07-12 23:21:24,274 [pool-356-thread-1] INFO  server.RaftServerConfigKeys (ConfUtils.java:logGet(46)) - raft.server.log.segment.size.max = 1048576 (custom)
2022-07-12 23:21:24,274 [pool-356-thread-1] INFO  server.RaftServerConfigKeys (ConfUtils.java:logGet(46)) - raft.server.log.preallocated.size = 16384 (custom)
2022-07-12 23:21:24,274 [pool-356-thread-1] INFO  server.RaftServerConfigKeys (ConfUtils.java:logGet(46)) - raft.server.log.force.sync.num = 128 (default)
2022-07-12 23:21:24,274 [pool-356-thread-1] INFO  server.RaftServerConfigKeys (ConfUtils.java:logGet(46)) - raft.server.log.statemachine.data.sync = true (default)
2022-07-12 23:21:24,274 [pool-356-thread-1] INFO  server.RaftServerConfigKeys (ConfUtils.java:logGet(46)) - raft.server.log.statemachine.data.sync.timeout = 10s (default)
2022-07-12 23:21:24,274 [pool-356-thread-1] INFO  server.RaftServerConfigKeys (ConfUtils.java:logGet(46)) - raft.server.log.statemachine.data.sync.timeout.retry = -1 (default)
2022-07-12 23:21:24,275 [pool-356-thread-1] INFO  server.RaftServerConfigKeys (ConfUtils.java:logGet(46)) - raft.server.log.write.buffer.size = 1048576 (custom)
2022-07-12 23:21:24,275 [pool-356-thread-1] INFO  server.RaftServerConfigKeys (ConfUtils.java:logGet(46)) - raft.server.log.unsafe-flush.enabled = false (default)
2022-07-12 23:21:24,275 [pool-356-thread-1] INFO  server.RaftServerConfigKeys (ConfUtils.java:logGet(46)) - raft.server.log.statemachine.data.caching.enabled = true (custom)
2022-07-12 23:21:24,276 [pool-356-thread-1] INFO  segmented.SegmentedRaftLogWorker (SegmentedRaftLogWorker.java:lambda$new$0(135)) - 70125d14-2432-4845-91b4-d6c12e89dffb@group-8E99C119045E-SegmentedRaftLogWorker: flushIndex: setUnconditionally 0 -> -1
2022-07-12 23:21:24,276 [pool-356-thread-1] INFO  segmented.SegmentedRaftLogWorker (SegmentedRaftLogWorker.java:lambda$new$0(135)) - 70125d14-2432-4845-91b4-d6c12e89dffb@group-8E99C119045E-SegmentedRaftLogWorker: safeCacheEvictIndex: setUnconditionally 0 -> -1
2022-07-12 23:21:24,280 [pool-356-thread-1] INFO  server.RaftServerConfigKeys (ConfUtils.java:logGet(46)) - raft.server.snapshot.auto.trigger.enabled = true (custom)
2022-07-12 23:21:24,280 [pool-356-thread-1] INFO  server.RaftServerConfigKeys (ConfUtils.java:logGet(46)) - raft.server.snapshot.auto.trigger.threshold = 10000 (custom)
2022-07-12 23:21:24,280 [pool-356-thread-1] INFO  server.RaftServerConfigKeys (ConfUtils.java:logGet(46)) - raft.server.snapshot.retention.file.num = 5 (custom)
2022-07-12 23:21:24,280 [pool-356-thread-1] INFO  server.RaftServerConfigKeys (ConfUtils.java:logGet(46)) - raft.server.log.purge.upto.snapshot.index = false (default)
2022-07-12 23:21:24,280 [pool-356-thread-1] INFO  server.RaftServerConfigKeys (ConfUtils.java:logGet(46)) - raft.server.retrycache.expirytime = 600000ms (custom)
2022-07-12 23:21:24,280 [pool-356-thread-1] INFO  server.RaftServerConfigKeys (ConfUtils.java:logGet(46)) - raft.server.retrycache.statistics.expirytime = 100μs (default)
2022-07-12 23:21:24,281 [pool-356-thread-1] INFO  server.RaftServerConfigKeys (ConfUtils.java:logGet(46)) - raft.server.log.appender.install.snapshot.enabled = false (custom)
2022-07-12 23:21:24,281 [pool-356-thread-1] INFO  server.RaftServerConfigKeys (ConfUtils.java:logGet(46)) - raft.server.threadpool.server.cached = true (default)
2022-07-12 23:21:24,281 [pool-356-thread-1] INFO  server.RaftServerConfigKeys (ConfUtils.java:logGet(46)) - raft.server.threadpool.server.size = 0 (default)
2022-07-12 23:21:24,281 [pool-356-thread-1] INFO  server.RaftServerConfigKeys (ConfUtils.java:logGet(46)) - raft.server.threadpool.client.cached = true (default)
2022-07-12 23:21:24,281 [pool-356-thread-1] INFO  server.RaftServerConfigKeys (ConfUtils.java:logGet(46)) - raft.server.threadpool.client.size = 0 (default)
2022-07-12 23:21:24,281 [pool-356-thread-1] INFO  server.RaftServer$Division (RaftServerImpl.java:start(310)) - 70125d14-2432-4845-91b4-d6c12e89dffb@group-8E99C119045E: start as a follower, conf=-1: [41187bab-18a7-4c36-af27-173f83643b8d|rpc:10.1.0.13:46095|dataStream:|priority:0, b5be010a-4f88-45a2-86a4-37bd0d52b4ef|rpc:10.1.0.13:38059|dataStream:|priority:0, 70125d14-2432-4845-91b4-d6c12e89dffb|rpc:10.1.0.13:46501|dataStream:|priority:1], old=null
2022-07-12 23:21:24,281 [pool-356-thread-1] INFO  server.RaftServer$Division (RaftServerImpl.java:setRole(299)) - 70125d14-2432-4845-91b4-d6c12e89dffb@group-8E99C119045E: changes role from      null to FOLLOWER at term 0 for startAsFollower
2022-07-12 23:21:24,281 [pool-356-thread-1] INFO  impl.RoleInfo (RoleInfo.java:updateAndGet(139)) - 70125d14-2432-4845-91b4-d6c12e89dffb: start 70125d14-2432-4845-91b4-d6c12e89dffb@group-8E99C119045E-FollowerState
2022-07-12 23:21:24,293 [pool-356-thread-1] INFO  util.JmxRegister (JmxRegister.java:tryRegister(44)) - Successfully registered JMX Bean with object name Ratis:service=RaftServer,group=group-8E99C119045E,id=70125d14-2432-4845-91b4-d6c12e89dffb
2022-07-12 23:21:24,346 [grpc-default-executor-0] INFO  server.RaftServer (RaftServerProxy.java:addNew(96)) - 41187bab-18a7-4c36-af27-173f83643b8d: addNew group-8E99C119045E:[41187bab-18a7-4c36-af27-173f83643b8d|rpc:10.1.0.13:46095|dataStream:|priority:0, b5be010a-4f88-45a2-86a4-37bd0d52b4ef|rpc:10.1.0.13:38059|dataStream:|priority:0, 70125d14-2432-4845-91b4-d6c12e89dffb|rpc:10.1.0.13:46501|dataStream:|priority:1] returns group-8E99C119045E:java.util.concurrent.CompletableFuture@4d892076[Not completed]
2022-07-12 23:21:24,353 [pool-379-thread-1] INFO  server.RaftServer$Division (RaftServerImpl.java:<init>(190)) - 41187bab-18a7-4c36-af27-173f83643b8d: new RaftServerImpl for group-8E99C119045E:[41187bab-18a7-4c36-af27-173f83643b8d|rpc:10.1.0.13:46095|dataStream:|priority:0, b5be010a-4f88-45a2-86a4-37bd0d52b4ef|rpc:10.1.0.13:38059|dataStream:|priority:0, 70125d14-2432-4845-91b4-d6c12e89dffb|rpc:10.1.0.13:46501|dataStream:|priority:1] with ContainerStateMachine:uninitialized
2022-07-12 23:21:24,353 [pool-379-thread-1] INFO  server.RaftServerConfigKeys (ConfUtils.java:logGet(46)) - raft.server.rpc.timeout.min = 5s (custom)
2022-07-12 23:21:24,353 [pool-379-thread-1] INFO  server.RaftServerConfigKeys (ConfUtils.java:logGet(46)) - raft.server.rpc.timeout.max = 5200ms (custom)
2022-07-12 23:21:24,353 [pool-379-thread-1] INFO  server.RaftServerConfigKeys (ConfUtils.java:logGet(46)) - raft.server.rpc.sleep.time = 25ms (default)
2022-07-12 23:21:24,353 [pool-379-thread-1] INFO  server.RaftServerConfigKeys (ConfUtils.java:logGet(46)) - raft.server.rpc.slowness.timeout = 300s (custom)
2022-07-12 23:21:24,353 [pool-379-thread-1] INFO  server.RaftServerConfigKeys (ConfUtils.java:logGet(46)) - raft.server.leaderelection.leader.step-down.wait-time = 10s (default)
2022-07-12 23:21:24,353 [pool-379-thread-1] INFO  server.RaftServerConfigKeys (ConfUtils.java:logGet(46)) - raft.server.sleep.deviation.threshold = 300ms (default)
2022-07-12 23:21:24,353 [pool-379-thread-1] INFO  server.RaftServer$Division (ServerState.java:<init>(107)) - 41187bab-18a7-4c36-af27-173f83643b8d@group-8E99C119045E: ConfigurationManager, init=-1: [41187bab-18a7-4c36-af27-173f83643b8d|rpc:10.1.0.13:46095|dataStream:|priority:0, b5be010a-4f88-45a2-86a4-37bd0d52b4ef|rpc:10.1.0.13:38059|dataStream:|priority:0, 70125d14-2432-4845-91b4-d6c12e89dffb|rpc:10.1.0.13:46501|dataStream:|priority:1], old=null, confs=<EMPTY_MAP>
2022-07-12 23:21:24,354 [pool-379-thread-1] INFO  server.RaftServerConfigKeys (ConfUtils.java:logGet(46)) - raft.server.storage.dir = [/home/runner/work/ozone/ozone/hadoop-ozone/integration-test/target/test-dir/MiniOzoneClusterImpl-3123aa8d-fa91-45ac-9e39-716c5a908d99/datanode-2/data/ratis] (custom)
2022-07-12 23:21:24,354 [pool-379-thread-1] INFO  server.RaftServerConfigKeys (ConfUtils.java:logGet(46)) - raft.server.log.corruption.policy = EXCEPTION (default)
2022-07-12 23:21:24,354 [pool-379-thread-1] INFO  server.RaftServerConfigKeys (ConfUtils.java:logGet(46)) - raft.server.storage.free-space.min = 0MB (=0) (default)
2022-07-12 23:21:24,354 [pool-379-thread-1] INFO  storage.RaftStorageDirectory (RaftStorageDirectoryImpl.java:analyzeStorage(135)) - The storage directory /home/runner/work/ozone/ozone/hadoop-ozone/integration-test/target/test-dir/MiniOzoneClusterImpl-3123aa8d-fa91-45ac-9e39-716c5a908d99/datanode-2/data/ratis/382b2473-1962-4a79-9e31-8e99c119045e does not exist. Creating ...
2022-07-12 23:21:24,358 [pool-379-thread-1] INFO  storage.RaftStorageDirectory (RaftStorageDirectoryImpl.java:tryLock(230)) - Lock on /home/runner/work/ozone/ozone/hadoop-ozone/integration-test/target/test-dir/MiniOzoneClusterImpl-3123aa8d-fa91-45ac-9e39-716c5a908d99/datanode-2/data/ratis/382b2473-1962-4a79-9e31-8e99c119045e/in_use.lock acquired by nodename 30948@fv-az46-473
2022-07-12 23:21:24,362 [pool-379-thread-1] INFO  storage.RaftStorage (RaftStorageImpl.java:format(89)) - Storage directory /home/runner/work/ozone/ozone/hadoop-ozone/integration-test/target/test-dir/MiniOzoneClusterImpl-3123aa8d-fa91-45ac-9e39-716c5a908d99/datanode-2/data/ratis/382b2473-1962-4a79-9e31-8e99c119045e has been successfully formatted.
2022-07-12 23:21:24,362 [pool-379-thread-1] INFO  ratis.ContainerStateMachine (ContainerStateMachine.java:loadSnapshot(236)) - group-8E99C119045E: The snapshot info is null. Setting the last applied indexto:(t:0, i:~)
2022-07-12 23:21:24,362 [pool-379-thread-1] INFO  server.RaftServerConfigKeys (ConfUtils.java:logGet(46)) - raft.server.notification.no-leader.timeout = 300s (custom)
2022-07-12 23:21:24,362 [pool-379-thread-1] INFO  server.RaftServerConfigKeys (ConfUtils.java:logGet(46)) - raft.server.log.use.memory = false (default)
2022-07-12 23:21:24,362 [pool-379-thread-1] INFO  server.RaftServerConfigKeys (ConfUtils.java:logGet(46)) - raft.server.log.purge.gap = 1000000 (custom)
2022-07-12 23:21:24,362 [pool-379-thread-1] INFO  server.RaftServerConfigKeys (ConfUtils.java:logGet(46)) - raft.server.log.appender.buffer.byte-limit = 33554432 (custom)
2022-07-12 23:21:24,362 [pool-379-thread-1] INFO  server.RaftServerConfigKeys (ConfUtils.java:logGet(46)) - raft.server.log.statemachine.data.read.timeout = 1000ms (default)
2022-07-12 23:21:24,362 [pool-379-thread-1] INFO  server.RaftServerConfigKeys (ConfUtils.java:logGet(46)) - raft.server.log.segment.size.max = 1048576 (custom)
2022-07-12 23:21:24,363 [pool-379-thread-1] INFO  server.RaftServerConfigKeys (ConfUtils.java:logGet(46)) - raft.server.log.segment.cache.num.max = 2 (custom)
2022-07-12 23:21:24,363 [pool-379-thread-1] INFO  server.RaftServerConfigKeys (ConfUtils.java:logGet(46)) - raft.server.log.segment.cache.size.max = 200MB (=209715200) (default)
2022-07-12 23:21:24,363 [pool-379-thread-1] INFO  segmented.SegmentedRaftLogWorker (SegmentedRaftLogWorker.java:<init>(187)) - new 41187bab-18a7-4c36-af27-173f83643b8d@group-8E99C119045E-SegmentedRaftLogWorker for RaftStorageImpl:Storage Directory /home/runner/work/ozone/ozone/hadoop-ozone/integration-test/target/test-dir/MiniOzoneClusterImpl-3123aa8d-fa91-45ac-9e39-716c5a908d99/datanode-2/data/ratis/382b2473-1962-4a79-9e31-8e99c119045e
2022-07-12 23:21:24,363 [pool-379-thread-1] INFO  server.RaftServerConfigKeys (ConfUtils.java:logGet(46)) - raft.server.log.queue.byte-limit = 4294967296 (custom)
2022-07-12 23:21:24,363 [pool-379-thread-1] INFO  server.RaftServerConfigKeys (ConfUtils.java:logGet(46)) - raft.server.log.queue.element-limit = 1024 (custom)
2022-07-12 23:21:24,363 [pool-379-thread-1] INFO  server.RaftServerConfigKeys (ConfUtils.java:logGet(46)) - raft.server.log.segment.size.max = 1048576 (custom)
2022-07-12 23:21:24,363 [pool-379-thread-1] INFO  server.RaftServerConfigKeys (ConfUtils.java:logGet(46)) - raft.server.log.preallocated.size = 16384 (custom)
2022-07-12 23:21:24,363 [pool-379-thread-1] INFO  server.RaftServerConfigKeys (ConfUtils.java:logGet(46)) - raft.server.log.force.sync.num = 128 (default)
2022-07-12 23:21:24,363 [pool-379-thread-1] INFO  server.RaftServerConfigKeys (ConfUtils.java:logGet(46)) - raft.server.log.statemachine.data.sync = true (default)
2022-07-12 23:21:24,363 [pool-379-thread-1] INFO  server.RaftServerConfigKeys (ConfUtils.java:logGet(46)) - raft.server.log.statemachine.data.sync.timeout = 10s (default)
2022-07-12 23:21:24,363 [pool-379-thread-1] INFO  server.RaftServerConfigKeys (ConfUtils.java:logGet(46)) - raft.server.log.statemachine.data.sync.timeout.retry = -1 (default)
2022-07-12 23:21:24,364 [pool-379-thread-1] INFO  server.RaftServerConfigKeys (ConfUtils.java:logGet(46)) - raft.server.log.write.buffer.size = 1048576 (custom)
2022-07-12 23:21:24,364 [pool-379-thread-1] INFO  server.RaftServerConfigKeys (ConfUtils.java:logGet(46)) - raft.server.log.unsafe-flush.enabled = false (default)
2022-07-12 23:21:24,364 [pool-379-thread-1] INFO  server.RaftServerConfigKeys (ConfUtils.java:logGet(46)) - raft.server.log.statemachine.data.caching.enabled = true (custom)
2022-07-12 23:21:24,364 [pool-379-thread-1] INFO  segmented.SegmentedRaftLogWorker (SegmentedRaftLogWorker.java:lambda$new$0(135)) - 41187bab-18a7-4c36-af27-173f83643b8d@group-8E99C119045E-SegmentedRaftLogWorker: flushIndex: setUnconditionally 0 -> -1
2022-07-12 23:21:24,364 [pool-379-thread-1] INFO  segmented.SegmentedRaftLogWorker (SegmentedRaftLogWorker.java:lambda$new$0(135)) - 41187bab-18a7-4c36-af27-173f83643b8d@group-8E99C119045E-SegmentedRaftLogWorker: safeCacheEvictIndex: setUnconditionally 0 -> -1
2022-07-12 23:21:24,396 [pool-379-thread-1] INFO  server.RaftServerConfigKeys (ConfUtils.java:logGet(46)) - raft.server.snapshot.auto.trigger.enabled = true (custom)
2022-07-12 23:21:24,396 [pool-379-thread-1] INFO  server.RaftServerConfigKeys (ConfUtils.java:logGet(46)) - raft.server.snapshot.auto.trigger.threshold = 10000 (custom)
2022-07-12 23:21:24,396 [pool-379-thread-1] INFO  server.RaftServerConfigKeys (ConfUtils.java:logGet(46)) - raft.server.snapshot.retention.file.num = 5 (custom)
2022-07-12 23:21:24,396 [pool-379-thread-1] INFO  server.RaftServerConfigKeys (ConfUtils.java:logGet(46)) - raft.server.log.purge.upto.snapshot.index = false (default)
2022-07-12 23:21:24,396 [pool-379-thread-1] INFO  server.RaftServerConfigKeys (ConfUtils.java:logGet(46)) - raft.server.retrycache.expirytime = 600000ms (custom)
2022-07-12 23:21:24,396 [pool-379-thread-1] INFO  server.RaftServerConfigKeys (ConfUtils.java:logGet(46)) - raft.server.retrycache.statistics.expirytime = 100μs (default)
2022-07-12 23:21:24,398 [pool-379-thread-1] INFO  server.RaftServerConfigKeys (ConfUtils.java:logGet(46)) - raft.server.log.appender.install.snapshot.enabled = false (custom)
2022-07-12 23:21:24,398 [pool-379-thread-1] INFO  server.RaftServerConfigKeys (ConfUtils.java:logGet(46)) - raft.server.threadpool.server.cached = true (default)
2022-07-12 23:21:24,398 [pool-379-thread-1] INFO  server.RaftServerConfigKeys (ConfUtils.java:logGet(46)) - raft.server.threadpool.server.size = 0 (default)
2022-07-12 23:21:24,398 [pool-379-thread-1] INFO  server.RaftServerConfigKeys (ConfUtils.java:logGet(46)) - raft.server.threadpool.client.cached = true (default)
2022-07-12 23:21:24,398 [pool-379-thread-1] INFO  server.RaftServerConfigKeys (ConfUtils.java:logGet(46)) - raft.server.threadpool.client.size = 0 (default)
2022-07-12 23:21:24,398 [pool-379-thread-1] INFO  server.RaftServer$Division (RaftServerImpl.java:start(310)) - 41187bab-18a7-4c36-af27-173f83643b8d@group-8E99C119045E: start as a follower, conf=-1: [41187bab-18a7-4c36-af27-173f83643b8d|rpc:10.1.0.13:46095|dataStream:|priority:0, b5be010a-4f88-45a2-86a4-37bd0d52b4ef|rpc:10.1.0.13:38059|dataStream:|priority:0, 70125d14-2432-4845-91b4-d6c12e89dffb|rpc:10.1.0.13:46501|dataStream:|priority:1], old=null
2022-07-12 23:21:24,398 [pool-379-thread-1] INFO  server.RaftServer$Division (RaftServerImpl.java:setRole(299)) - 41187bab-18a7-4c36-af27-173f83643b8d@group-8E99C119045E: changes role from      null to FOLLOWER at term 0 for startAsFollower
2022-07-12 23:21:24,398 [pool-379-thread-1] INFO  impl.RoleInfo (RoleInfo.java:updateAndGet(139)) - 41187bab-18a7-4c36-af27-173f83643b8d: start 41187bab-18a7-4c36-af27-173f83643b8d@group-8E99C119045E-FollowerState
2022-07-12 23:21:24,423 [pool-379-thread-1] INFO  util.JmxRegister (JmxRegister.java:tryRegister(44)) - Successfully registered JMX Bean with object name Ratis:service=RaftServer,group=group-8E99C119045E,id=41187bab-18a7-4c36-af27-173f83643b8d
2022-07-12 23:21:24,459 [Command processor thread] INFO  commandhandler.CreatePipelineCommandHandler (CreatePipelineCommandHandler.java:handle(113)) - Created Pipeline RATIS THREE PipelineID=382b2473-1962-4a79-9e31-8e99c119045e.
2022-07-12 23:21:24,635 [Command processor thread] INFO  server.RaftServer (RaftServerProxy.java:addNew(96)) - 70125d14-2432-4845-91b4-d6c12e89dffb: addNew group-26DA00DE2B30:[70125d14-2432-4845-91b4-d6c12e89dffb|rpc:10.1.0.13:46501|priority:1] returns group-26DA00DE2B30:java.util.concurrent.CompletableFuture@7575740e[Not completed]
2022-07-12 23:21:24,636 [pool-356-thread-1] INFO  server.RaftServer$Division (RaftServerImpl.java:<init>(190)) - 70125d14-2432-4845-91b4-d6c12e89dffb: new RaftServerImpl for group-26DA00DE2B30:[70125d14-2432-4845-91b4-d6c12e89dffb|rpc:10.1.0.13:46501|priority:1] with ContainerStateMachine:uninitialized
2022-07-12 23:21:24,636 [pool-356-thread-1] INFO  server.RaftServerConfigKeys (ConfUtils.java:logGet(46)) - raft.server.rpc.timeout.min = 5s (custom)
2022-07-12 23:21:24,636 [pool-356-thread-1] INFO  server.RaftServerConfigKeys (ConfUtils.java:logGet(46)) - raft.server.rpc.timeout.max = 5200ms (custom)
2022-07-12 23:21:24,636 [pool-356-thread-1] INFO  server.RaftServerConfigKeys (ConfUtils.java:logGet(46)) - raft.server.rpc.sleep.time = 25ms (default)
2022-07-12 23:21:24,636 [pool-356-thread-1] INFO  server.RaftServerConfigKeys (ConfUtils.java:logGet(46)) - raft.server.rpc.slowness.timeout = 300s (custom)
2022-07-12 23:21:24,636 [pool-356-thread-1] INFO  server.RaftServerConfigKeys (ConfUtils.java:logGet(46)) - raft.server.leaderelection.leader.step-down.wait-time = 10s (default)
2022-07-12 23:21:24,636 [pool-356-thread-1] INFO  server.RaftServerConfigKeys (ConfUtils.java:logGet(46)) - raft.server.sleep.deviation.threshold = 300ms (default)
2022-07-12 23:21:24,636 [pool-356-thread-1] INFO  server.RaftServer$Division (ServerState.java:<init>(107)) - 70125d14-2432-4845-91b4-d6c12e89dffb@group-26DA00DE2B30: ConfigurationManager, init=-1: [70125d14-2432-4845-91b4-d6c12e89dffb|rpc:10.1.0.13:46501|priority:1], old=null, confs=<EMPTY_MAP>
2022-07-12 23:21:24,636 [pool-356-thread-1] INFO  server.RaftServerConfigKeys (ConfUtils.java:logGet(46)) - raft.server.storage.dir = [/home/runner/work/ozone/ozone/hadoop-ozone/integration-test/target/test-dir/MiniOzoneClusterImpl-3123aa8d-fa91-45ac-9e39-716c5a908d99/datanode-1/data/ratis] (custom)
2022-07-12 23:21:24,637 [pool-356-thread-1] INFO  server.RaftServerConfigKeys (ConfUtils.java:logGet(46)) - raft.server.log.corruption.policy = EXCEPTION (default)
2022-07-12 23:21:24,637 [pool-356-thread-1] INFO  server.RaftServerConfigKeys (ConfUtils.java:logGet(46)) - raft.server.storage.free-space.min = 0MB (=0) (default)
2022-07-12 23:21:24,637 [pool-356-thread-1] INFO  storage.RaftStorageDirectory (RaftStorageDirectoryImpl.java:analyzeStorage(135)) - The storage directory /home/runner/work/ozone/ozone/hadoop-ozone/integration-test/target/test-dir/MiniOzoneClusterImpl-3123aa8d-fa91-45ac-9e39-716c5a908d99/datanode-1/data/ratis/275f8a67-b7fc-4dc2-9593-26da00de2b30 does not exist. Creating ...
2022-07-12 23:21:24,641 [pool-356-thread-1] INFO  storage.RaftStorageDirectory (RaftStorageDirectoryImpl.java:tryLock(230)) - Lock on /home/runner/work/ozone/ozone/hadoop-ozone/integration-test/target/test-dir/MiniOzoneClusterImpl-3123aa8d-fa91-45ac-9e39-716c5a908d99/datanode-1/data/ratis/275f8a67-b7fc-4dc2-9593-26da00de2b30/in_use.lock acquired by nodename 30948@fv-az46-473
2022-07-12 23:21:24,645 [pool-356-thread-1] INFO  storage.RaftStorage (RaftStorageImpl.java:format(89)) - Storage directory /home/runner/work/ozone/ozone/hadoop-ozone/integration-test/target/test-dir/MiniOzoneClusterImpl-3123aa8d-fa91-45ac-9e39-716c5a908d99/datanode-1/data/ratis/275f8a67-b7fc-4dc2-9593-26da00de2b30 has been successfully formatted.
2022-07-12 23:21:24,646 [pool-356-thread-1] INFO  ratis.ContainerStateMachine (ContainerStateMachine.java:loadSnapshot(236)) - group-26DA00DE2B30: The snapshot info is null. Setting the last applied indexto:(t:0, i:~)
2022-07-12 23:21:24,646 [pool-356-thread-1] INFO  server.RaftServerConfigKeys (ConfUtils.java:logGet(46)) - raft.server.notification.no-leader.timeout = 300s (custom)
2022-07-12 23:21:24,646 [pool-356-thread-1] INFO  server.RaftServerConfigKeys (ConfUtils.java:logGet(46)) - raft.server.log.use.memory = false (default)
2022-07-12 23:21:24,647 [pool-356-thread-1] INFO  server.RaftServerConfigKeys (ConfUtils.java:logGet(46)) - raft.server.log.purge.gap = 1000000 (custom)
2022-07-12 23:21:24,647 [pool-356-thread-1] INFO  server.RaftServerConfigKeys (ConfUtils.java:logGet(46)) - raft.server.log.appender.buffer.byte-limit = 33554432 (custom)
2022-07-12 23:21:24,647 [pool-356-thread-1] INFO  server.RaftServerConfigKeys (ConfUtils.java:logGet(46)) - raft.server.log.statemachine.data.read.timeout = 1000ms (default)
2022-07-12 23:21:24,647 [pool-356-thread-1] INFO  server.RaftServerConfigKeys (ConfUtils.java:logGet(46)) - raft.server.log.segment.size.max = 1048576 (custom)
2022-07-12 23:21:24,647 [pool-356-thread-1] INFO  server.RaftServerConfigKeys (ConfUtils.java:logGet(46)) - raft.server.log.segment.cache.num.max = 2 (custom)
2022-07-12 23:21:24,647 [pool-356-thread-1] INFO  server.RaftServerConfigKeys (ConfUtils.java:logGet(46)) - raft.server.log.segment.cache.size.max = 200MB (=209715200) (default)
2022-07-12 23:21:24,647 [pool-356-thread-1] INFO  segmented.SegmentedRaftLogWorker (SegmentedRaftLogWorker.java:<init>(187)) - new 70125d14-2432-4845-91b4-d6c12e89dffb@group-26DA00DE2B30-SegmentedRaftLogWorker for RaftStorageImpl:Storage Directory /home/runner/work/ozone/ozone/hadoop-ozone/integration-test/target/test-dir/MiniOzoneClusterImpl-3123aa8d-fa91-45ac-9e39-716c5a908d99/datanode-1/data/ratis/275f8a67-b7fc-4dc2-9593-26da00de2b30
2022-07-12 23:21:24,647 [pool-356-thread-1] INFO  server.RaftServerConfigKeys (ConfUtils.java:logGet(46)) - raft.server.log.queue.byte-limit = 4294967296 (custom)
2022-07-12 23:21:24,647 [pool-356-thread-1] INFO  server.RaftServerConfigKeys (ConfUtils.java:logGet(46)) - raft.server.log.queue.element-limit = 1024 (custom)
2022-07-12 23:21:24,647 [pool-356-thread-1] INFO  server.RaftServerConfigKeys (ConfUtils.java:logGet(46)) - raft.server.log.segment.size.max = 1048576 (custom)
2022-07-12 23:21:24,647 [pool-356-thread-1] INFO  server.RaftServerConfigKeys (ConfUtils.java:logGet(46)) - raft.server.log.preallocated.size = 16384 (custom)
2022-07-12 23:21:24,648 [pool-356-thread-1] INFO  server.RaftServerConfigKeys (ConfUtils.java:logGet(46)) - raft.server.log.force.sync.num = 128 (default)
2022-07-12 23:21:24,648 [pool-356-thread-1] INFO  server.RaftServerConfigKeys (ConfUtils.java:logGet(46)) - raft.server.log.statemachine.data.sync = true (default)
2022-07-12 23:21:24,648 [pool-356-thread-1] INFO  server.RaftServerConfigKeys (ConfUtils.java:logGet(46)) - raft.server.log.statemachine.data.sync.timeout = 10s (default)
2022-07-12 23:21:24,648 [pool-356-thread-1] INFO  server.RaftServerConfigKeys (ConfUtils.java:logGet(46)) - raft.server.log.statemachine.data.sync.timeout.retry = -1 (default)
2022-07-12 23:21:24,648 [pool-356-thread-1] INFO  server.RaftServerConfigKeys (ConfUtils.java:logGet(46)) - raft.server.log.write.buffer.size = 1048576 (custom)
2022-07-12 23:21:24,650 [EventQueue-PipelineReportForPipelineReportHandler] INFO  pipeline.PipelineManagerImpl (PipelineManagerImpl.java:openPipeline(367)) - Pipeline Pipeline[ Id: 275f8a67-b7fc-4dc2-9593-26da00de2b30, Nodes: 70125d14-2432-4845-91b4-d6c12e89dffb{ip: 10.1.0.13, host: fv-az46-473.aox2mo1hufxu3kclv1weif3kjc.bx.internal.cloudapp.net, ports: [REPLICATION=41855, RATIS=46501, RATIS_ADMIN=46501, RATIS_SERVER=46501, STANDALONE=41037], networkLocation: /default-rack, certSerialId: null, persistedOpState: IN_SERVICE, persistedOpStateExpiryEpochSec: 0}, ReplicationConfig: RATIS/ONE, State:ALLOCATED, leaderId:70125d14-2432-4845-91b4-d6c12e89dffb, CreationTimestamp2022-07-12T23:21:21.627Z[Etc/UTC]] moved to OPEN state
2022-07-12 23:21:24,650 [EventQueue-OpenPipelineForHealthyPipelineSafeModeRule] INFO  safemode.SCMSafeModeManager (HealthyPipelineSafeModeRule.java:process(137)) - SCM in safe mode. Healthy pipelines reported count is 0, required healthy pipeline reported count is 1
2022-07-12 23:21:24,650 [pool-356-thread-1] INFO  server.RaftServerConfigKeys (ConfUtils.java:logGet(46)) - raft.server.log.unsafe-flush.enabled = false (default)
2022-07-12 23:21:24,650 [pool-356-thread-1] INFO  server.RaftServerConfigKeys (ConfUtils.java:logGet(46)) - raft.server.log.statemachine.data.caching.enabled = true (custom)
2022-07-12 23:21:24,651 [pool-356-thread-1] INFO  segmented.SegmentedRaftLogWorker (SegmentedRaftLogWorker.java:lambda$new$0(135)) - 70125d14-2432-4845-91b4-d6c12e89dffb@group-26DA00DE2B30-SegmentedRaftLogWorker: flushIndex: setUnconditionally 0 -> -1
2022-07-12 23:21:24,651 [pool-356-thread-1] INFO  segmented.SegmentedRaftLogWorker (SegmentedRaftLogWorker.java:lambda$new$0(135)) - 70125d14-2432-4845-91b4-d6c12e89dffb@group-26DA00DE2B30-SegmentedRaftLogWorker: safeCacheEvictIndex: setUnconditionally 0 -> -1
2022-07-12 23:21:24,651 [pool-356-thread-1] INFO  server.RaftServerConfigKeys (ConfUtils.java:logGet(46)) - raft.server.snapshot.auto.trigger.enabled = true (custom)
2022-07-12 23:21:24,651 [pool-356-thread-1] INFO  server.RaftServerConfigKeys (ConfUtils.java:logGet(46)) - raft.server.snapshot.auto.trigger.threshold = 10000 (custom)
2022-07-12 23:21:24,651 [pool-356-thread-1] INFO  server.RaftServerConfigKeys (ConfUtils.java:logGet(46)) - raft.server.snapshot.retention.file.num = 5 (custom)
2022-07-12 23:21:24,651 [pool-356-thread-1] INFO  server.RaftServerConfigKeys (ConfUtils.java:logGet(46)) - raft.server.log.purge.upto.snapshot.index = false (default)
2022-07-12 23:21:24,651 [pool-356-thread-1] INFO  server.RaftServerConfigKeys (ConfUtils.java:logGet(46)) - raft.server.retrycache.expirytime = 600000ms (custom)
2022-07-12 23:21:24,651 [pool-356-thread-1] INFO  server.RaftServerConfigKeys (ConfUtils.java:logGet(46)) - raft.server.retrycache.statistics.expirytime = 100μs (default)
2022-07-12 23:21:24,652 [pool-356-thread-1] INFO  server.RaftServerConfigKeys (ConfUtils.java:logGet(46)) - raft.server.log.appender.install.snapshot.enabled = false (custom)
2022-07-12 23:21:24,652 [pool-356-thread-1] INFO  server.RaftServerConfigKeys (ConfUtils.java:logGet(46)) - raft.server.threadpool.server.cached = true (default)
2022-07-12 23:21:24,652 [pool-356-thread-1] INFO  server.RaftServerConfigKeys (ConfUtils.java:logGet(46)) - raft.server.threadpool.server.size = 0 (default)
2022-07-12 23:21:24,652 [pool-356-thread-1] INFO  server.RaftServerConfigKeys (ConfUtils.java:logGet(46)) - raft.server.threadpool.client.cached = true (default)
2022-07-12 23:21:24,652 [pool-356-thread-1] INFO  server.RaftServerConfigKeys (ConfUtils.java:logGet(46)) - raft.server.threadpool.client.size = 0 (default)
2022-07-12 23:21:24,652 [pool-356-thread-1] INFO  server.RaftServer$Division (RaftServerImpl.java:start(310)) - 70125d14-2432-4845-91b4-d6c12e89dffb@group-26DA00DE2B30: start as a follower, conf=-1: [70125d14-2432-4845-91b4-d6c12e89dffb|rpc:10.1.0.13:46501|priority:1], old=null
2022-07-12 23:21:24,652 [pool-356-thread-1] INFO  server.RaftServer$Division (RaftServerImpl.java:setRole(299)) - 70125d14-2432-4845-91b4-d6c12e89dffb@group-26DA00DE2B30: changes role from      null to FOLLOWER at term 0 for startAsFollower
2022-07-12 23:21:24,652 [pool-356-thread-1] INFO  impl.RoleInfo (RoleInfo.java:updateAndGet(139)) - 70125d14-2432-4845-91b4-d6c12e89dffb: start 70125d14-2432-4845-91b4-d6c12e89dffb@group-26DA00DE2B30-FollowerState
2022-07-12 23:21:24,653 [pool-356-thread-1] INFO  util.JmxRegister (JmxRegister.java:tryRegister(44)) - Successfully registered JMX Bean with object name Ratis:service=RaftServer,group=group-26DA00DE2B30,id=70125d14-2432-4845-91b4-d6c12e89dffb
2022-07-12 23:21:24,653 [Command processor thread] INFO  ratis.XceiverServerRatis (XceiverServerRatis.java:addGroup(765)) - Created group PipelineID=275f8a67-b7fc-4dc2-9593-26da00de2b30
2022-07-12 23:21:24,653 [Command processor thread] INFO  commandhandler.CreatePipelineCommandHandler (CreatePipelineCommandHandler.java:handle(113)) - Created Pipeline RATIS ONE PipelineID=275f8a67-b7fc-4dc2-9593-26da00de2b30.
2022-07-12 23:21:25,056 [Listener at 127.0.0.1/33951] INFO  ozone.MiniOzoneClusterImpl (MiniOzoneClusterImpl.java:lambda$waitForClusterToBeReady$0(216)) - Nodes are ready. Got 5 of 5 DN Heartbeats.
2022-07-12 23:21:25,056 [Listener at 127.0.0.1/33951] INFO  ozone.MiniOzoneClusterImpl (MiniOzoneClusterImpl.java:lambda$waitForClusterToBeReady$0(219)) - Waiting for cluster to exit safe mode
2022-07-12 23:21:25,056 [Listener at 127.0.0.1/33951] INFO  ozone.MiniOzoneClusterImpl (MiniOzoneClusterImpl.java:lambda$waitForClusterToBeReady$0(221)) - SCM became leader
2022-07-12 23:21:25,365 [Command processor thread] INFO  server.RaftServer (RaftServerProxy.java:addNew(96)) - 41187bab-18a7-4c36-af27-173f83643b8d: addNew group-653A320C46D0:[41187bab-18a7-4c36-af27-173f83643b8d|rpc:10.1.0.13:46095|priority:1] returns group-653A320C46D0:java.util.concurrent.CompletableFuture@4ab59d39[Not completed]
2022-07-12 23:21:25,366 [pool-379-thread-1] INFO  server.RaftServer$Division (RaftServerImpl.java:<init>(190)) - 41187bab-18a7-4c36-af27-173f83643b8d: new RaftServerImpl for group-653A320C46D0:[41187bab-18a7-4c36-af27-173f83643b8d|rpc:10.1.0.13:46095|priority:1] with ContainerStateMachine:uninitialized
2022-07-12 23:21:25,366 [pool-379-thread-1] INFO  server.RaftServerConfigKeys (ConfUtils.java:logGet(46)) - raft.server.rpc.timeout.min = 5s (custom)
2022-07-12 23:21:25,366 [pool-379-thread-1] INFO  server.RaftServerConfigKeys (ConfUtils.java:logGet(46)) - raft.server.rpc.timeout.max = 5200ms (custom)
2022-07-12 23:21:25,366 [pool-379-thread-1] INFO  server.RaftServerConfigKeys (ConfUtils.java:logGet(46)) - raft.server.rpc.sleep.time = 25ms (default)
2022-07-12 23:21:25,366 [pool-379-thread-1] INFO  server.RaftServerConfigKeys (ConfUtils.java:logGet(46)) - raft.server.rpc.slowness.timeout = 300s (custom)
2022-07-12 23:21:25,366 [pool-379-thread-1] INFO  server.RaftServerConfigKeys (ConfUtils.java:logGet(46)) - raft.server.leaderelection.leader.step-down.wait-time = 10s (default)
2022-07-12 23:21:25,366 [pool-379-thread-1] INFO  server.RaftServerConfigKeys (ConfUtils.java:logGet(46)) - raft.server.sleep.deviation.threshold = 300ms (default)
2022-07-12 23:21:25,367 [pool-379-thread-1] INFO  server.RaftServer$Division (ServerState.java:<init>(107)) - 41187bab-18a7-4c36-af27-173f83643b8d@group-653A320C46D0: ConfigurationManager, init=-1: [41187bab-18a7-4c36-af27-173f83643b8d|rpc:10.1.0.13:46095|priority:1], old=null, confs=<EMPTY_MAP>
2022-07-12 23:21:25,367 [pool-379-thread-1] INFO  server.RaftServerConfigKeys (ConfUtils.java:logGet(46)) - raft.server.storage.dir = [/home/runner/work/ozone/ozone/hadoop-ozone/integration-test/target/test-dir/MiniOzoneClusterImpl-3123aa8d-fa91-45ac-9e39-716c5a908d99/datanode-2/data/ratis] (custom)
2022-07-12 23:21:25,367 [pool-379-thread-1] INFO  server.RaftServerConfigKeys (ConfUtils.java:logGet(46)) - raft.server.log.corruption.policy = EXCEPTION (default)
2022-07-12 23:21:25,367 [pool-379-thread-1] INFO  server.RaftServerConfigKeys (ConfUtils.java:logGet(46)) - raft.server.storage.free-space.min = 0MB (=0) (default)
2022-07-12 23:21:25,367 [pool-379-thread-1] INFO  storage.RaftStorageDirectory (RaftStorageDirectoryImpl.java:analyzeStorage(135)) - The storage directory /home/runner/work/ozone/ozone/hadoop-ozone/integration-test/target/test-dir/MiniOzoneClusterImpl-3123aa8d-fa91-45ac-9e39-716c5a908d99/datanode-2/data/ratis/7a4158c7-9edf-41eb-bcf3-653a320c46d0 does not exist. Creating ...
2022-07-12 23:21:25,368 [pool-379-thread-1] INFO  storage.RaftStorageDirectory (RaftStorageDirectoryImpl.java:tryLock(230)) - Lock on /home/runner/work/ozone/ozone/hadoop-ozone/integration-test/target/test-dir/MiniOzoneClusterImpl-3123aa8d-fa91-45ac-9e39-716c5a908d99/datanode-2/data/ratis/7a4158c7-9edf-41eb-bcf3-653a320c46d0/in_use.lock acquired by nodename 30948@fv-az46-473
2022-07-12 23:21:25,370 [pool-379-thread-1] INFO  storage.RaftStorage (RaftStorageImpl.java:format(89)) - Storage directory /home/runner/work/ozone/ozone/hadoop-ozone/integration-test/target/test-dir/MiniOzoneClusterImpl-3123aa8d-fa91-45ac-9e39-716c5a908d99/datanode-2/data/ratis/7a4158c7-9edf-41eb-bcf3-653a320c46d0 has been successfully formatted.
2022-07-12 23:21:25,371 [pool-379-thread-1] INFO  ratis.ContainerStateMachine (ContainerStateMachine.java:loadSnapshot(236)) - group-653A320C46D0: The snapshot info is null. Setting the last applied indexto:(t:0, i:~)
2022-07-12 23:21:25,371 [pool-379-thread-1] INFO  server.RaftServerConfigKeys (ConfUtils.java:logGet(46)) - raft.server.notification.no-leader.timeout = 300s (custom)
2022-07-12 23:21:25,371 [pool-379-thread-1] INFO  server.RaftServerConfigKeys (ConfUtils.java:logGet(46)) - raft.server.log.use.memory = false (default)
2022-07-12 23:21:25,371 [pool-379-thread-1] INFO  server.RaftServerConfigKeys (ConfUtils.java:logGet(46)) - raft.server.log.purge.gap = 1000000 (custom)
2022-07-12 23:21:25,371 [pool-379-thread-1] INFO  server.RaftServerConfigKeys (ConfUtils.java:logGet(46)) - raft.server.log.appender.buffer.byte-limit = 33554432 (custom)
2022-07-12 23:21:25,371 [pool-379-thread-1] INFO  server.RaftServerConfigKeys (ConfUtils.java:logGet(46)) - raft.server.log.statemachine.data.read.timeout = 1000ms (default)
2022-07-12 23:21:25,372 [EventQueue-PipelineReportForPipelineReportHandler] INFO  pipeline.PipelineManagerImpl (PipelineManagerImpl.java:openPipeline(367)) - Pipeline Pipeline[ Id: 7a4158c7-9edf-41eb-bcf3-653a320c46d0, Nodes: 41187bab-18a7-4c36-af27-173f83643b8d{ip: 10.1.0.13, host: fv-az46-473.aox2mo1hufxu3kclv1weif3kjc.bx.internal.cloudapp.net, ports: [REPLICATION=38467, RATIS=46095, RATIS_ADMIN=46095, RATIS_SERVER=46095, STANDALONE=44505], networkLocation: /default-rack, certSerialId: null, persistedOpState: IN_SERVICE, persistedOpStateExpiryEpochSec: 0}, ReplicationConfig: RATIS/ONE, State:ALLOCATED, leaderId:41187bab-18a7-4c36-af27-173f83643b8d, CreationTimestamp2022-07-12T23:21:22.370Z[Etc/UTC]] moved to OPEN state
2022-07-12 23:21:25,372 [EventQueue-OpenPipelineForHealthyPipelineSafeModeRule] INFO  safemode.SCMSafeModeManager (HealthyPipelineSafeModeRule.java:process(137)) - SCM in safe mode. Healthy pipelines reported count is 0, required healthy pipeline reported count is 1
2022-07-12 23:21:25,372 [pool-379-thread-1] INFO  server.RaftServerConfigKeys (ConfUtils.java:logGet(46)) - raft.server.log.segment.size.max = 1048576 (custom)
2022-07-12 23:21:25,373 [pool-379-thread-1] INFO  server.RaftServerConfigKeys (ConfUtils.java:logGet(46)) - raft.server.log.segment.cache.num.max = 2 (custom)
2022-07-12 23:21:25,373 [pool-379-thread-1] INFO  server.RaftServerConfigKeys (ConfUtils.java:logGet(46)) - raft.server.log.segment.cache.size.max = 200MB (=209715200) (default)
2022-07-12 23:21:25,373 [pool-379-thread-1] INFO  segmented.SegmentedRaftLogWorker (SegmentedRaftLogWorker.java:<init>(187)) - new 41187bab-18a7-4c36-af27-173f83643b8d@group-653A320C46D0-SegmentedRaftLogWorker for RaftStorageImpl:Storage Directory /home/runner/work/ozone/ozone/hadoop-ozone/integration-test/target/test-dir/MiniOzoneClusterImpl-3123aa8d-fa91-45ac-9e39-716c5a908d99/datanode-2/data/ratis/7a4158c7-9edf-41eb-bcf3-653a320c46d0
2022-07-12 23:21:25,373 [pool-379-thread-1] INFO  server.RaftServerConfigKeys (ConfUtils.java:logGet(46)) - raft.server.log.queue.byte-limit = 4294967296 (custom)
2022-07-12 23:21:25,373 [pool-379-thread-1] INFO  server.RaftServerConfigKeys (ConfUtils.java:logGet(46)) - raft.server.log.queue.element-limit = 1024 (custom)
2022-07-12 23:21:25,373 [pool-379-thread-1] INFO  server.RaftServerConfigKeys (ConfUtils.java:logGet(46)) - raft.server.log.segment.size.max = 1048576 (custom)
2022-07-12 23:21:25,373 [pool-379-thread-1] INFO  server.RaftServerConfigKeys (ConfUtils.java:logGet(46)) - raft.server.log.preallocated.size = 16384 (custom)
2022-07-12 23:21:25,373 [pool-379-thread-1] INFO  server.RaftServerConfigKeys (ConfUtils.java:logGet(46)) - raft.server.log.force.sync.num = 128 (default)
2022-07-12 23:21:25,373 [pool-379-thread-1] INFO  server.RaftServerConfigKeys (ConfUtils.java:logGet(46)) - raft.server.log.statemachine.data.sync = true (default)
2022-07-12 23:21:25,373 [pool-379-thread-1] INFO  server.RaftServerConfigKeys (ConfUtils.java:logGet(46)) - raft.server.log.statemachine.data.sync.timeout = 10s (default)
2022-07-12 23:21:25,373 [pool-379-thread-1] INFO  server.RaftServerConfigKeys (ConfUtils.java:logGet(46)) - raft.server.log.statemachine.data.sync.timeout.retry = -1 (default)
2022-07-12 23:21:25,374 [pool-379-thread-1] INFO  server.RaftServerConfigKeys (ConfUtils.java:logGet(46)) - raft.server.log.write.buffer.size = 1048576 (custom)
2022-07-12 23:21:25,375 [pool-379-thread-1] INFO  server.RaftServerConfigKeys (ConfUtils.java:logGet(46)) - raft.server.log.unsafe-flush.enabled = false (default)
2022-07-12 23:21:25,375 [pool-379-thread-1] INFO  server.RaftServerConfigKeys (ConfUtils.java:logGet(46)) - raft.server.log.statemachine.data.caching.enabled = true (custom)
2022-07-12 23:21:25,375 [pool-379-thread-1] INFO  segmented.SegmentedRaftLogWorker (SegmentedRaftLogWorker.java:lambda$new$0(135)) - 41187bab-18a7-4c36-af27-173f83643b8d@group-653A320C46D0-SegmentedRaftLogWorker: flushIndex: setUnconditionally 0 -> -1
2022-07-12 23:21:25,375 [pool-379-thread-1] INFO  segmented.SegmentedRaftLogWorker (SegmentedRaftLogWorker.java:lambda$new$0(135)) - 41187bab-18a7-4c36-af27-173f83643b8d@group-653A320C46D0-SegmentedRaftLogWorker: safeCacheEvictIndex: setUnconditionally 0 -> -1
2022-07-12 23:21:25,380 [pool-379-thread-1] INFO  server.RaftServerConfigKeys (ConfUtils.java:logGet(46)) - raft.server.snapshot.auto.trigger.enabled = true (custom)
2022-07-12 23:21:25,380 [pool-379-thread-1] INFO  server.RaftServerConfigKeys (ConfUtils.java:logGet(46)) - raft.server.snapshot.auto.trigger.threshold = 10000 (custom)
2022-07-12 23:21:25,380 [pool-379-thread-1] INFO  server.RaftServerConfigKeys (ConfUtils.java:logGet(46)) - raft.server.snapshot.retention.file.num = 5 (custom)
2022-07-12 23:21:25,380 [pool-379-thread-1] INFO  server.RaftServerConfigKeys (ConfUtils.java:logGet(46)) - raft.server.log.purge.upto.snapshot.index = false (default)
2022-07-12 23:21:25,380 [pool-379-thread-1] INFO  server.RaftServerConfigKeys (ConfUtils.java:logGet(46)) - raft.server.retrycache.expirytime = 600000ms (custom)
2022-07-12 23:21:25,380 [pool-379-thread-1] INFO  server.RaftServerConfigKeys (ConfUtils.java:logGet(46)) - raft.server.retrycache.statistics.expirytime = 100μs (default)
2022-07-12 23:21:25,384 [pool-379-thread-1] INFO  server.RaftServerConfigKeys (ConfUtils.java:logGet(46)) - raft.server.log.appender.install.snapshot.enabled = false (custom)
2022-07-12 23:21:25,384 [pool-379-thread-1] INFO  server.RaftServerConfigKeys (ConfUtils.java:logGet(46)) - raft.server.threadpool.server.cached = true (default)
2022-07-12 23:21:25,384 [pool-379-thread-1] INFO  server.RaftServerConfigKeys (ConfUtils.java:logGet(46)) - raft.server.threadpool.server.size = 0 (default)
2022-07-12 23:21:25,384 [pool-379-thread-1] INFO  server.RaftServerConfigKeys (ConfUtils.java:logGet(46)) - raft.server.threadpool.client.cached = true (default)
2022-07-12 23:21:25,384 [pool-379-thread-1] INFO  server.RaftServerConfigKeys (ConfUtils.java:logGet(46)) - raft.server.threadpool.client.size = 0 (default)
2022-07-12 23:21:25,385 [pool-379-thread-1] INFO  server.RaftServer$Division (RaftServerImpl.java:start(310)) - 41187bab-18a7-4c36-af27-173f83643b8d@group-653A320C46D0: start as a follower, conf=-1: [41187bab-18a7-4c36-af27-173f83643b8d|rpc:10.1.0.13:46095|priority:1], old=null
2022-07-12 23:21:25,385 [pool-379-thread-1] INFO  server.RaftServer$Division (RaftServerImpl.java:setRole(299)) - 41187bab-18a7-4c36-af27-173f83643b8d@group-653A320C46D0: changes role from      null to FOLLOWER at term 0 for startAsFollower
2022-07-12 23:21:25,385 [pool-379-thread-1] INFO  impl.RoleInfo (RoleInfo.java:updateAndGet(139)) - 41187bab-18a7-4c36-af27-173f83643b8d: start 41187bab-18a7-4c36-af27-173f83643b8d@group-653A320C46D0-FollowerState
2022-07-12 23:21:25,385 [pool-379-thread-1] INFO  util.JmxRegister (JmxRegister.java:tryRegister(44)) - Successfully registered JMX Bean with object name Ratis:service=RaftServer,group=group-653A320C46D0,id=41187bab-18a7-4c36-af27-173f83643b8d
2022-07-12 23:21:25,394 [Command processor thread] INFO  ratis.XceiverServerRatis (XceiverServerRatis.java:addGroup(765)) - Created group PipelineID=7a4158c7-9edf-41eb-bcf3-653a320c46d0
2022-07-12 23:21:25,394 [Command processor thread] INFO  commandhandler.CreatePipelineCommandHandler (CreatePipelineCommandHandler.java:handle(113)) - Created Pipeline RATIS ONE PipelineID=7a4158c7-9edf-41eb-bcf3-653a320c46d0.
2022-07-12 23:21:26,057 [Listener at 127.0.0.1/33951] INFO  ozone.MiniOzoneClusterImpl (MiniOzoneClusterImpl.java:lambda$waitForClusterToBeReady$0(216)) - Nodes are ready. Got 5 of 5 DN Heartbeats.
2022-07-12 23:21:26,057 [Listener at 127.0.0.1/33951] INFO  ozone.MiniOzoneClusterImpl (MiniOzoneClusterImpl.java:lambda$waitForClusterToBeReady$0(219)) - Waiting for cluster to exit safe mode
2022-07-12 23:21:26,057 [Listener at 127.0.0.1/33951] INFO  ozone.MiniOzoneClusterImpl (MiniOzoneClusterImpl.java:lambda$waitForClusterToBeReady$0(221)) - SCM became leader
2022-07-12 23:21:26,242 [Command processor thread] INFO  server.RaftServer (RaftServerProxy.java:addNew(96)) - 3dc18fc5-3e49-4023-b384-bf494200b733: addNew group-AEFA195D9E78:[3dc18fc5-3e49-4023-b384-bf494200b733|rpc:10.1.0.13:38825|priority:1] returns group-AEFA195D9E78:java.util.concurrent.CompletableFuture@7c687fde[Not completed]
2022-07-12 23:21:26,244 [pool-402-thread-1] INFO  server.RaftServer$Division (RaftServerImpl.java:<init>(190)) - 3dc18fc5-3e49-4023-b384-bf494200b733: new RaftServerImpl for group-AEFA195D9E78:[3dc18fc5-3e49-4023-b384-bf494200b733|rpc:10.1.0.13:38825|priority:1] with ContainerStateMachine:uninitialized
2022-07-12 23:21:26,244 [pool-402-thread-1] INFO  server.RaftServerConfigKeys (ConfUtils.java:logGet(46)) - raft.server.rpc.timeout.min = 5s (custom)
2022-07-12 23:21:26,244 [pool-402-thread-1] INFO  server.RaftServerConfigKeys (ConfUtils.java:logGet(46)) - raft.server.rpc.timeout.max = 5200ms (custom)
2022-07-12 23:21:26,244 [pool-402-thread-1] INFO  server.RaftServerConfigKeys (ConfUtils.java:logGet(46)) - raft.server.rpc.sleep.time = 25ms (default)
2022-07-12 23:21:26,244 [pool-402-thread-1] INFO  server.RaftServerConfigKeys (ConfUtils.java:logGet(46)) - raft.server.rpc.slowness.timeout = 300s (custom)
2022-07-12 23:21:26,244 [pool-402-thread-1] INFO  server.RaftServerConfigKeys (ConfUtils.java:logGet(46)) - raft.server.leaderelection.leader.step-down.wait-time = 10s (default)
2022-07-12 23:21:26,244 [pool-402-thread-1] INFO  server.RaftServerConfigKeys (ConfUtils.java:logGet(46)) - raft.server.sleep.deviation.threshold = 300ms (default)
2022-07-12 23:21:26,244 [pool-402-thread-1] INFO  server.RaftServer$Division (ServerState.java:<init>(107)) - 3dc18fc5-3e49-4023-b384-bf494200b733@group-AEFA195D9E78: ConfigurationManager, init=-1: [3dc18fc5-3e49-4023-b384-bf494200b733|rpc:10.1.0.13:38825|priority:1], old=null, confs=<EMPTY_MAP>
2022-07-12 23:21:26,244 [pool-402-thread-1] INFO  server.RaftServerConfigKeys (ConfUtils.java:logGet(46)) - raft.server.storage.dir = [/home/runner/work/ozone/ozone/hadoop-ozone/integration-test/target/test-dir/MiniOzoneClusterImpl-3123aa8d-fa91-45ac-9e39-716c5a908d99/datanode-3/data/ratis] (custom)
2022-07-12 23:21:26,244 [pool-402-thread-1] INFO  server.RaftServerConfigKeys (ConfUtils.java:logGet(46)) - raft.server.log.corruption.policy = EXCEPTION (default)
2022-07-12 23:21:26,244 [pool-402-thread-1] INFO  server.RaftServerConfigKeys (ConfUtils.java:logGet(46)) - raft.server.storage.free-space.min = 0MB (=0) (default)
2022-07-12 23:21:26,244 [pool-402-thread-1] INFO  storage.RaftStorageDirectory (RaftStorageDirectoryImpl.java:analyzeStorage(135)) - The storage directory /home/runner/work/ozone/ozone/hadoop-ozone/integration-test/target/test-dir/MiniOzoneClusterImpl-3123aa8d-fa91-45ac-9e39-716c5a908d99/datanode-3/data/ratis/29b69e23-201f-4511-9ec9-aefa195d9e78 does not exist. Creating ...
2022-07-12 23:21:26,265 [pool-402-thread-1] INFO  storage.RaftStorageDirectory (RaftStorageDirectoryImpl.java:tryLock(230)) - Lock on /home/runner/work/ozone/ozone/hadoop-ozone/integration-test/target/test-dir/MiniOzoneClusterImpl-3123aa8d-fa91-45ac-9e39-716c5a908d99/datanode-3/data/ratis/29b69e23-201f-4511-9ec9-aefa195d9e78/in_use.lock acquired by nodename 30948@fv-az46-473
2022-07-12 23:21:26,266 [pool-402-thread-1] INFO  storage.RaftStorage (RaftStorageImpl.java:format(89)) - Storage directory /home/runner/work/ozone/ozone/hadoop-ozone/integration-test/target/test-dir/MiniOzoneClusterImpl-3123aa8d-fa91-45ac-9e39-716c5a908d99/datanode-3/data/ratis/29b69e23-201f-4511-9ec9-aefa195d9e78 has been successfully formatted.
2022-07-12 23:21:26,273 [pool-402-thread-1] INFO  ratis.ContainerStateMachine (ContainerStateMachine.java:loadSnapshot(236)) - group-AEFA195D9E78: The snapshot info is null. Setting the last applied indexto:(t:0, i:~)
2022-07-12 23:21:26,273 [pool-402-thread-1] INFO  server.RaftServerConfigKeys (ConfUtils.java:logGet(46)) - raft.server.notification.no-leader.timeout = 300s (custom)
2022-07-12 23:21:26,273 [pool-402-thread-1] INFO  server.RaftServerConfigKeys (ConfUtils.java:logGet(46)) - raft.server.log.use.memory = false (default)
2022-07-12 23:21:26,273 [pool-402-thread-1] INFO  server.RaftServerConfigKeys (ConfUtils.java:logGet(46)) - raft.server.log.purge.gap = 1000000 (custom)
2022-07-12 23:21:26,273 [pool-402-thread-1] INFO  server.RaftServerConfigKeys (ConfUtils.java:logGet(46)) - raft.server.log.appender.buffer.byte-limit = 33554432 (custom)
2022-07-12 23:21:26,273 [pool-402-thread-1] INFO  server.RaftServerConfigKeys (ConfUtils.java:logGet(46)) - raft.server.log.statemachine.data.read.timeout = 1000ms (default)
2022-07-12 23:21:26,274 [pool-402-thread-1] INFO  server.RaftServerConfigKeys (ConfUtils.java:logGet(46)) - raft.server.log.segment.size.max = 1048576 (custom)
2022-07-12 23:21:26,274 [pool-402-thread-1] INFO  server.RaftServerConfigKeys (ConfUtils.java:logGet(46)) - raft.server.log.segment.cache.num.max = 2 (custom)
2022-07-12 23:21:26,274 [pool-402-thread-1] INFO  server.RaftServerConfigKeys (ConfUtils.java:logGet(46)) - raft.server.log.segment.cache.size.max = 200MB (=209715200) (default)
2022-07-12 23:21:26,274 [pool-402-thread-1] INFO  segmented.SegmentedRaftLogWorker (SegmentedRaftLogWorker.java:<init>(187)) - new 3dc18fc5-3e49-4023-b384-bf494200b733@group-AEFA195D9E78-SegmentedRaftLogWorker for RaftStorageImpl:Storage Directory /home/runner/work/ozone/ozone/hadoop-ozone/integration-test/target/test-dir/MiniOzoneClusterImpl-3123aa8d-fa91-45ac-9e39-716c5a908d99/datanode-3/data/ratis/29b69e23-201f-4511-9ec9-aefa195d9e78
2022-07-12 23:21:26,274 [pool-402-thread-1] INFO  server.RaftServerConfigKeys (ConfUtils.java:logGet(46)) - raft.server.log.queue.byte-limit = 4294967296 (custom)
2022-07-12 23:21:26,274 [pool-402-thread-1] INFO  server.RaftServerConfigKeys (ConfUtils.java:logGet(46)) - raft.server.log.queue.element-limit = 1024 (custom)
2022-07-12 23:21:26,274 [pool-402-thread-1] INFO  server.RaftServerConfigKeys (ConfUtils.java:logGet(46)) - raft.server.log.segment.size.max = 1048576 (custom)
2022-07-12 23:21:26,274 [pool-402-thread-1] INFO  server.RaftServerConfigKeys (ConfUtils.java:logGet(46)) - raft.server.log.preallocated.size = 16384 (custom)
2022-07-12 23:21:26,274 [pool-402-thread-1] INFO  server.RaftServerConfigKeys (ConfUtils.java:logGet(46)) - raft.server.log.force.sync.num = 128 (default)
2022-07-12 23:21:26,274 [pool-402-thread-1] INFO  server.RaftServerConfigKeys (ConfUtils.java:logGet(46)) - raft.server.log.statemachine.data.sync = true (default)
2022-07-12 23:21:26,274 [pool-402-thread-1] INFO  server.RaftServerConfigKeys (ConfUtils.java:logGet(46)) - raft.server.log.statemachine.data.sync.timeout = 10s (default)
2022-07-12 23:21:26,274 [pool-402-thread-1] INFO  server.RaftServerConfigKeys (ConfUtils.java:logGet(46)) - raft.server.log.statemachine.data.sync.timeout.retry = -1 (default)
2022-07-12 23:21:26,275 [pool-402-thread-1] INFO  server.RaftServerConfigKeys (ConfUtils.java:logGet(46)) - raft.server.log.write.buffer.size = 1048576 (custom)
2022-07-12 23:21:26,276 [pool-402-thread-1] INFO  server.RaftServerConfigKeys (ConfUtils.java:logGet(46)) - raft.server.log.unsafe-flush.enabled = false (default)
2022-07-12 23:21:26,276 [pool-402-thread-1] INFO  server.RaftServerConfigKeys (ConfUtils.java:logGet(46)) - raft.server.log.statemachine.data.caching.enabled = true (custom)
2022-07-12 23:21:26,276 [pool-402-thread-1] INFO  segmented.SegmentedRaftLogWorker (SegmentedRaftLogWorker.java:lambda$new$0(135)) - 3dc18fc5-3e49-4023-b384-bf494200b733@group-AEFA195D9E78-SegmentedRaftLogWorker: flushIndex: setUnconditionally 0 -> -1
2022-07-12 23:21:26,276 [pool-402-thread-1] INFO  segmented.SegmentedRaftLogWorker (SegmentedRaftLogWorker.java:lambda$new$0(135)) - 3dc18fc5-3e49-4023-b384-bf494200b733@group-AEFA195D9E78-SegmentedRaftLogWorker: safeCacheEvictIndex: setUnconditionally 0 -> -1
2022-07-12 23:21:26,277 [EventQueue-PipelineReportForPipelineReportHandler] INFO  pipeline.PipelineManagerImpl (PipelineManagerImpl.java:openPipeline(367)) - Pipeline Pipeline[ Id: 29b69e23-201f-4511-9ec9-aefa195d9e78, Nodes: 3dc18fc5-3e49-4023-b384-bf494200b733{ip: 10.1.0.13, host: fv-az46-473.aox2mo1hufxu3kclv1weif3kjc.bx.internal.cloudapp.net, ports: [REPLICATION=44037, RATIS=38825, RATIS_ADMIN=38825, RATIS_SERVER=38825, STANDALONE=34719], networkLocation: /default-rack, certSerialId: null, persistedOpState: IN_SERVICE, persistedOpStateExpiryEpochSec: 0}, ReplicationConfig: RATIS/ONE, State:ALLOCATED, leaderId:3dc18fc5-3e49-4023-b384-bf494200b733, CreationTimestamp2022-07-12T23:21:23.244Z[Etc/UTC]] moved to OPEN state
2022-07-12 23:21:26,277 [EventQueue-OpenPipelineForHealthyPipelineSafeModeRule] INFO  safemode.SCMSafeModeManager (HealthyPipelineSafeModeRule.java:process(137)) - SCM in safe mode. Healthy pipelines reported count is 0, required healthy pipeline reported count is 1
2022-07-12 23:21:26,293 [pool-402-thread-1] INFO  server.RaftServerConfigKeys (ConfUtils.java:logGet(46)) - raft.server.snapshot.auto.trigger.enabled = true (custom)
2022-07-12 23:21:26,293 [pool-402-thread-1] INFO  server.RaftServerConfigKeys (ConfUtils.java:logGet(46)) - raft.server.snapshot.auto.trigger.threshold = 10000 (custom)
2022-07-12 23:21:26,293 [pool-402-thread-1] INFO  server.RaftServerConfigKeys (ConfUtils.java:logGet(46)) - raft.server.snapshot.retention.file.num = 5 (custom)
2022-07-12 23:21:26,293 [pool-402-thread-1] INFO  server.RaftServerConfigKeys (ConfUtils.java:logGet(46)) - raft.server.log.purge.upto.snapshot.index = false (default)
2022-07-12 23:21:26,293 [pool-402-thread-1] INFO  server.RaftServerConfigKeys (ConfUtils.java:logGet(46)) - raft.server.retrycache.expirytime = 600000ms (custom)
2022-07-12 23:21:26,293 [pool-402-thread-1] INFO  server.RaftServerConfigKeys (ConfUtils.java:logGet(46)) - raft.server.retrycache.statistics.expirytime = 100μs (default)
2022-07-12 23:21:26,294 [pool-402-thread-1] INFO  server.RaftServerConfigKeys (ConfUtils.java:logGet(46)) - raft.server.log.appender.install.snapshot.enabled = false (custom)
2022-07-12 23:21:26,294 [pool-402-thread-1] INFO  server.RaftServerConfigKeys (ConfUtils.java:logGet(46)) - raft.server.threadpool.server.cached = true (default)
2022-07-12 23:21:26,294 [pool-402-thread-1] INFO  server.RaftServerConfigKeys (ConfUtils.java:logGet(46)) - raft.server.threadpool.server.size = 0 (default)
2022-07-12 23:21:26,294 [pool-402-thread-1] INFO  server.RaftServerConfigKeys (ConfUtils.java:logGet(46)) - raft.server.threadpool.client.cached = true (default)
2022-07-12 23:21:26,294 [pool-402-thread-1] INFO  server.RaftServerConfigKeys (ConfUtils.java:logGet(46)) - raft.server.threadpool.client.size = 0 (default)
2022-07-12 23:21:26,294 [pool-402-thread-1] INFO  server.RaftServer$Division (RaftServerImpl.java:start(310)) - 3dc18fc5-3e49-4023-b384-bf494200b733@group-AEFA195D9E78: start as a follower, conf=-1: [3dc18fc5-3e49-4023-b384-bf494200b733|rpc:10.1.0.13:38825|priority:1], old=null
2022-07-12 23:21:26,294 [pool-402-thread-1] INFO  server.RaftServer$Division (RaftServerImpl.java:setRole(299)) - 3dc18fc5-3e49-4023-b384-bf494200b733@group-AEFA195D9E78: changes role from      null to FOLLOWER at term 0 for startAsFollower
2022-07-12 23:21:26,295 [pool-402-thread-1] INFO  impl.RoleInfo (RoleInfo.java:updateAndGet(139)) - 3dc18fc5-3e49-4023-b384-bf494200b733: start 3dc18fc5-3e49-4023-b384-bf494200b733@group-AEFA195D9E78-FollowerState
2022-07-12 23:21:26,305 [pool-402-thread-1] INFO  util.JmxRegister (JmxRegister.java:tryRegister(44)) - Successfully registered JMX Bean with object name Ratis:service=RaftServer,group=group-AEFA195D9E78,id=3dc18fc5-3e49-4023-b384-bf494200b733
2022-07-12 23:21:26,309 [Command processor thread] INFO  ratis.XceiverServerRatis (XceiverServerRatis.java:addGroup(765)) - Created group PipelineID=29b69e23-201f-4511-9ec9-aefa195d9e78
2022-07-12 23:21:26,309 [Command processor thread] INFO  commandhandler.CreatePipelineCommandHandler (CreatePipelineCommandHandler.java:handle(113)) - Created Pipeline RATIS ONE PipelineID=29b69e23-201f-4511-9ec9-aefa195d9e78.
2022-07-12 23:21:27,057 [Listener at 127.0.0.1/33951] INFO  ozone.MiniOzoneClusterImpl (MiniOzoneClusterImpl.java:lambda$waitForClusterToBeReady$0(216)) - Nodes are ready. Got 5 of 5 DN Heartbeats.
2022-07-12 23:21:27,057 [Listener at 127.0.0.1/33951] INFO  ozone.MiniOzoneClusterImpl (MiniOzoneClusterImpl.java:lambda$waitForClusterToBeReady$0(219)) - Waiting for cluster to exit safe mode
2022-07-12 23:21:27,058 [Listener at 127.0.0.1/33951] INFO  ozone.MiniOzoneClusterImpl (MiniOzoneClusterImpl.java:lambda$waitForClusterToBeReady$0(221)) - SCM became leader
2022-07-12 23:21:27,080 [Command processor thread] INFO  server.RaftServer (RaftServerProxy.java:addNew(96)) - e98b1687-6bde-4276-a421-38d9542bb191: addNew group-0488FE010979:[e98b1687-6bde-4276-a421-38d9542bb191|rpc:10.1.0.13:46699|priority:1] returns group-0488FE010979:java.util.concurrent.CompletableFuture@39b501e6[Not completed]
2022-07-12 23:21:27,099 [pool-429-thread-1] INFO  server.RaftServer$Division (RaftServerImpl.java:<init>(190)) - e98b1687-6bde-4276-a421-38d9542bb191: new RaftServerImpl for group-0488FE010979:[e98b1687-6bde-4276-a421-38d9542bb191|rpc:10.1.0.13:46699|priority:1] with ContainerStateMachine:uninitialized
2022-07-12 23:21:27,099 [pool-429-thread-1] INFO  server.RaftServerConfigKeys (ConfUtils.java:logGet(46)) - raft.server.rpc.timeout.min = 5s (custom)
2022-07-12 23:21:27,105 [pool-429-thread-1] INFO  server.RaftServerConfigKeys (ConfUtils.java:logGet(46)) - raft.server.rpc.timeout.max = 5200ms (custom)
2022-07-12 23:21:27,105 [pool-429-thread-1] INFO  server.RaftServerConfigKeys (ConfUtils.java:logGet(46)) - raft.server.rpc.sleep.time = 25ms (default)
2022-07-12 23:21:27,105 [pool-429-thread-1] INFO  server.RaftServerConfigKeys (ConfUtils.java:logGet(46)) - raft.server.rpc.slowness.timeout = 300s (custom)
2022-07-12 23:21:27,105 [pool-429-thread-1] INFO  server.RaftServerConfigKeys (ConfUtils.java:logGet(46)) - raft.server.leaderelection.leader.step-down.wait-time = 10s (default)
2022-07-12 23:21:27,105 [pool-429-thread-1] INFO  server.RaftServerConfigKeys (ConfUtils.java:logGet(46)) - raft.server.sleep.deviation.threshold = 300ms (default)
2022-07-12 23:21:27,105 [pool-429-thread-1] INFO  server.RaftServer$Division (ServerState.java:<init>(107)) - e98b1687-6bde-4276-a421-38d9542bb191@group-0488FE010979: ConfigurationManager, init=-1: [e98b1687-6bde-4276-a421-38d9542bb191|rpc:10.1.0.13:46699|priority:1], old=null, confs=<EMPTY_MAP>
2022-07-12 23:21:27,105 [pool-429-thread-1] INFO  server.RaftServerConfigKeys (ConfUtils.java:logGet(46)) - raft.server.storage.dir = [/home/runner/work/ozone/ozone/hadoop-ozone/integration-test/target/test-dir/MiniOzoneClusterImpl-3123aa8d-fa91-45ac-9e39-716c5a908d99/datanode-4/data/ratis] (custom)
2022-07-12 23:21:27,106 [pool-429-thread-1] INFO  server.RaftServerConfigKeys (ConfUtils.java:logGet(46)) - raft.server.log.corruption.policy = EXCEPTION (default)
2022-07-12 23:21:27,106 [pool-429-thread-1] INFO  server.RaftServerConfigKeys (ConfUtils.java:logGet(46)) - raft.server.storage.free-space.min = 0MB (=0) (default)
2022-07-12 23:21:27,106 [pool-429-thread-1] INFO  storage.RaftStorageDirectory (RaftStorageDirectoryImpl.java:analyzeStorage(135)) - The storage directory /home/runner/work/ozone/ozone/hadoop-ozone/integration-test/target/test-dir/MiniOzoneClusterImpl-3123aa8d-fa91-45ac-9e39-716c5a908d99/datanode-4/data/ratis/3afb1190-caf8-42a8-8f4f-0488fe010979 does not exist. Creating ...
2022-07-12 23:21:27,109 [pool-429-thread-1] INFO  storage.RaftStorageDirectory (RaftStorageDirectoryImpl.java:tryLock(230)) - Lock on /home/runner/work/ozone/ozone/hadoop-ozone/integration-test/target/test-dir/MiniOzoneClusterImpl-3123aa8d-fa91-45ac-9e39-716c5a908d99/datanode-4/data/ratis/3afb1190-caf8-42a8-8f4f-0488fe010979/in_use.lock acquired by nodename 30948@fv-az46-473
2022-07-12 23:21:27,113 [pool-429-thread-1] INFO  storage.RaftStorage (RaftStorageImpl.java:format(89)) - Storage directory /home/runner/work/ozone/ozone/hadoop-ozone/integration-test/target/test-dir/MiniOzoneClusterImpl-3123aa8d-fa91-45ac-9e39-716c5a908d99/datanode-4/data/ratis/3afb1190-caf8-42a8-8f4f-0488fe010979 has been successfully formatted.
2022-07-12 23:21:27,125 [pool-429-thread-1] INFO  ratis.ContainerStateMachine (ContainerStateMachine.java:loadSnapshot(236)) - group-0488FE010979: The snapshot info is null. Setting the last applied indexto:(t:0, i:~)
2022-07-12 23:21:27,125 [pool-429-thread-1] INFO  server.RaftServerConfigKeys (ConfUtils.java:logGet(46)) - raft.server.notification.no-leader.timeout = 300s (custom)
2022-07-12 23:21:27,125 [pool-429-thread-1] INFO  server.RaftServerConfigKeys (ConfUtils.java:logGet(46)) - raft.server.log.use.memory = false (default)
2022-07-12 23:21:27,125 [pool-429-thread-1] INFO  server.RaftServerConfigKeys (ConfUtils.java:logGet(46)) - raft.server.log.purge.gap = 1000000 (custom)
2022-07-12 23:21:27,125 [pool-429-thread-1] INFO  server.RaftServerConfigKeys (ConfUtils.java:logGet(46)) - raft.server.log.appender.buffer.byte-limit = 33554432 (custom)
2022-07-12 23:21:27,125 [pool-429-thread-1] INFO  server.RaftServerConfigKeys (ConfUtils.java:logGet(46)) - raft.server.log.statemachine.data.read.timeout = 1000ms (default)
2022-07-12 23:21:27,125 [pool-429-thread-1] INFO  server.RaftServerConfigKeys (ConfUtils.java:logGet(46)) - raft.server.log.segment.size.max = 1048576 (custom)
2022-07-12 23:21:27,126 [pool-429-thread-1] INFO  server.RaftServerConfigKeys (ConfUtils.java:logGet(46)) - raft.server.log.segment.cache.num.max = 2 (custom)
2022-07-12 23:21:27,126 [pool-429-thread-1] INFO  server.RaftServerConfigKeys (ConfUtils.java:logGet(46)) - raft.server.log.segment.cache.size.max = 200MB (=209715200) (default)
2022-07-12 23:21:27,126 [pool-429-thread-1] INFO  segmented.SegmentedRaftLogWorker (SegmentedRaftLogWorker.java:<init>(187)) - new e98b1687-6bde-4276-a421-38d9542bb191@group-0488FE010979-SegmentedRaftLogWorker for RaftStorageImpl:Storage Directory /home/runner/work/ozone/ozone/hadoop-ozone/integration-test/target/test-dir/MiniOzoneClusterImpl-3123aa8d-fa91-45ac-9e39-716c5a908d99/datanode-4/data/ratis/3afb1190-caf8-42a8-8f4f-0488fe010979
2022-07-12 23:21:27,126 [pool-429-thread-1] INFO  server.RaftServerConfigKeys (ConfUtils.java:logGet(46)) - raft.server.log.queue.byte-limit = 4294967296 (custom)
2022-07-12 23:21:27,126 [pool-429-thread-1] INFO  server.RaftServerConfigKeys (ConfUtils.java:logGet(46)) - raft.server.log.queue.element-limit = 1024 (custom)
2022-07-12 23:21:27,126 [pool-429-thread-1] INFO  server.RaftServerConfigKeys (ConfUtils.java:logGet(46)) - raft.server.log.segment.size.max = 1048576 (custom)
2022-07-12 23:21:27,126 [pool-429-thread-1] INFO  server.RaftServerConfigKeys (ConfUtils.java:logGet(46)) - raft.server.log.preallocated.size = 16384 (custom)
2022-07-12 23:21:27,126 [pool-429-thread-1] INFO  server.RaftServerConfigKeys (ConfUtils.java:logGet(46)) - raft.server.log.force.sync.num = 128 (default)
2022-07-12 23:21:27,126 [pool-429-thread-1] INFO  server.RaftServerConfigKeys (ConfUtils.java:logGet(46)) - raft.server.log.statemachine.data.sync = true (default)
2022-07-12 23:21:27,126 [pool-429-thread-1] INFO  server.RaftServerConfigKeys (ConfUtils.java:logGet(46)) - raft.server.log.statemachine.data.sync.timeout = 10s (default)
2022-07-12 23:21:27,126 [pool-429-thread-1] INFO  server.RaftServerConfigKeys (ConfUtils.java:logGet(46)) - raft.server.log.statemachine.data.sync.timeout.retry = -1 (default)
2022-07-12 23:21:27,127 [pool-429-thread-1] INFO  server.RaftServerConfigKeys (ConfUtils.java:logGet(46)) - raft.server.log.write.buffer.size = 1048576 (custom)
2022-07-12 23:21:27,127 [pool-429-thread-1] INFO  server.RaftServerConfigKeys (ConfUtils.java:logGet(46)) - raft.server.log.unsafe-flush.enabled = false (default)
2022-07-12 23:21:27,127 [pool-429-thread-1] INFO  server.RaftServerConfigKeys (ConfUtils.java:logGet(46)) - raft.server.log.statemachine.data.caching.enabled = true (custom)
2022-07-12 23:21:27,128 [pool-429-thread-1] INFO  segmented.SegmentedRaftLogWorker (SegmentedRaftLogWorker.java:lambda$new$0(135)) - e98b1687-6bde-4276-a421-38d9542bb191@group-0488FE010979-SegmentedRaftLogWorker: flushIndex: setUnconditionally 0 -> -1
2022-07-12 23:21:27,128 [pool-429-thread-1] INFO  segmented.SegmentedRaftLogWorker (SegmentedRaftLogWorker.java:lambda$new$0(135)) - e98b1687-6bde-4276-a421-38d9542bb191@group-0488FE010979-SegmentedRaftLogWorker: safeCacheEvictIndex: setUnconditionally 0 -> -1
2022-07-12 23:21:27,134 [EventQueue-PipelineReportForPipelineReportHandler] INFO  pipeline.PipelineManagerImpl (PipelineManagerImpl.java:openPipeline(367)) - Pipeline Pipeline[ Id: 3afb1190-caf8-42a8-8f4f-0488fe010979, Nodes: e98b1687-6bde-4276-a421-38d9542bb191{ip: 10.1.0.13, host: fv-az46-473.aox2mo1hufxu3kclv1weif3kjc.bx.internal.cloudapp.net, ports: [REPLICATION=36673, RATIS=46699, RATIS_ADMIN=46699, RATIS_SERVER=46699, STANDALONE=39693], networkLocation: /default-rack, certSerialId: null, persistedOpState: IN_SERVICE, persistedOpStateExpiryEpochSec: 0}, ReplicationConfig: RATIS/ONE, State:ALLOCATED, leaderId:e98b1687-6bde-4276-a421-38d9542bb191, CreationTimestamp2022-07-12T23:21:24.083Z[Etc/UTC]] moved to OPEN state
2022-07-12 23:21:27,134 [EventQueue-OpenPipelineForHealthyPipelineSafeModeRule] INFO  safemode.SCMSafeModeManager (HealthyPipelineSafeModeRule.java:process(137)) - SCM in safe mode. Healthy pipelines reported count is 0, required healthy pipeline reported count is 1
2022-07-12 23:21:27,143 [pool-429-thread-1] INFO  server.RaftServerConfigKeys (ConfUtils.java:logGet(46)) - raft.server.snapshot.auto.trigger.enabled = true (custom)
2022-07-12 23:21:27,143 [pool-429-thread-1] INFO  server.RaftServerConfigKeys (ConfUtils.java:logGet(46)) - raft.server.snapshot.auto.trigger.threshold = 10000 (custom)
2022-07-12 23:21:27,143 [pool-429-thread-1] INFO  server.RaftServerConfigKeys (ConfUtils.java:logGet(46)) - raft.server.snapshot.retention.file.num = 5 (custom)
2022-07-12 23:21:27,143 [pool-429-thread-1] INFO  server.RaftServerConfigKeys (ConfUtils.java:logGet(46)) - raft.server.log.purge.upto.snapshot.index = false (default)
2022-07-12 23:21:27,143 [pool-429-thread-1] INFO  server.RaftServerConfigKeys (ConfUtils.java:logGet(46)) - raft.server.retrycache.expirytime = 600000ms (custom)
2022-07-12 23:21:27,143 [pool-429-thread-1] INFO  server.RaftServerConfigKeys (ConfUtils.java:logGet(46)) - raft.server.retrycache.statistics.expirytime = 100μs (default)
2022-07-12 23:21:27,144 [pool-429-thread-1] INFO  server.RaftServerConfigKeys (ConfUtils.java:logGet(46)) - raft.server.log.appender.install.snapshot.enabled = false (custom)
2022-07-12 23:21:27,144 [pool-429-thread-1] INFO  server.RaftServerConfigKeys (ConfUtils.java:logGet(46)) - raft.server.threadpool.server.cached = true (default)
2022-07-12 23:21:27,144 [pool-429-thread-1] INFO  server.RaftServerConfigKeys (ConfUtils.java:logGet(46)) - raft.server.threadpool.server.size = 0 (default)
2022-07-12 23:21:27,144 [pool-429-thread-1] INFO  server.RaftServerConfigKeys (ConfUtils.java:logGet(46)) - raft.server.threadpool.client.cached = true (default)
2022-07-12 23:21:27,144 [pool-429-thread-1] INFO  server.RaftServerConfigKeys (ConfUtils.java:logGet(46)) - raft.server.threadpool.client.size = 0 (default)
2022-07-12 23:21:27,144 [pool-429-thread-1] INFO  server.RaftServer$Division (RaftServerImpl.java:start(310)) - e98b1687-6bde-4276-a421-38d9542bb191@group-0488FE010979: start as a follower, conf=-1: [e98b1687-6bde-4276-a421-38d9542bb191|rpc:10.1.0.13:46699|priority:1], old=null
2022-07-12 23:21:27,144 [pool-429-thread-1] INFO  server.RaftServer$Division (RaftServerImpl.java:setRole(299)) - e98b1687-6bde-4276-a421-38d9542bb191@group-0488FE010979: changes role from      null to FOLLOWER at term 0 for startAsFollower
2022-07-12 23:21:27,144 [pool-429-thread-1] INFO  impl.RoleInfo (RoleInfo.java:updateAndGet(139)) - e98b1687-6bde-4276-a421-38d9542bb191: start e98b1687-6bde-4276-a421-38d9542bb191@group-0488FE010979-FollowerState
2022-07-12 23:21:27,153 [pool-429-thread-1] INFO  util.JmxRegister (JmxRegister.java:tryRegister(44)) - Successfully registered JMX Bean with object name Ratis:service=RaftServer,group=group-0488FE010979,id=e98b1687-6bde-4276-a421-38d9542bb191
2022-07-12 23:21:27,156 [Command processor thread] INFO  ratis.XceiverServerRatis (XceiverServerRatis.java:addGroup(765)) - Created group PipelineID=3afb1190-caf8-42a8-8f4f-0488fe010979
2022-07-12 23:21:27,156 [Command processor thread] INFO  commandhandler.CreatePipelineCommandHandler (CreatePipelineCommandHandler.java:handle(113)) - Created Pipeline RATIS ONE PipelineID=3afb1190-caf8-42a8-8f4f-0488fe010979.
2022-07-12 23:21:28,058 [Listener at 127.0.0.1/33951] INFO  ozone.MiniOzoneClusterImpl (MiniOzoneClusterImpl.java:lambda$waitForClusterToBeReady$0(216)) - Nodes are ready. Got 5 of 5 DN Heartbeats.
2022-07-12 23:21:28,058 [Listener at 127.0.0.1/33951] INFO  ozone.MiniOzoneClusterImpl (MiniOzoneClusterImpl.java:lambda$waitForClusterToBeReady$0(219)) - Waiting for cluster to exit safe mode
2022-07-12 23:21:28,058 [Listener at 127.0.0.1/33951] INFO  ozone.MiniOzoneClusterImpl (MiniOzoneClusterImpl.java:lambda$waitForClusterToBeReady$0(221)) - SCM became leader
2022-07-12 23:21:28,940 [b5be010a-4f88-45a2-86a4-37bd0d52b4ef@group-8EF177E20F12-FollowerState] INFO  impl.FollowerState (FollowerState.java:run(143)) - b5be010a-4f88-45a2-86a4-37bd0d52b4ef@group-8EF177E20F12-FollowerState: change to CANDIDATE, lastRpcElapsedTime:5053173626ns, electionTimeout:5049ms
2022-07-12 23:21:28,941 [b5be010a-4f88-45a2-86a4-37bd0d52b4ef@group-8EF177E20F12-FollowerState] INFO  impl.RoleInfo (RoleInfo.java:shutdownFollowerState(110)) - b5be010a-4f88-45a2-86a4-37bd0d52b4ef: shutdown b5be010a-4f88-45a2-86a4-37bd0d52b4ef@group-8EF177E20F12-FollowerState
2022-07-12 23:21:28,941 [b5be010a-4f88-45a2-86a4-37bd0d52b4ef@group-8EF177E20F12-FollowerState] INFO  server.RaftServer$Division (RaftServerImpl.java:setRole(299)) - b5be010a-4f88-45a2-86a4-37bd0d52b4ef@group-8EF177E20F12: changes role from  FOLLOWER to CANDIDATE at term 0 for changeToCandidate
2022-07-12 23:21:28,941 [b5be010a-4f88-45a2-86a4-37bd0d52b4ef@group-8EF177E20F12-FollowerState] INFO  server.RaftServerConfigKeys (ConfUtils.java:logGet(46)) - raft.server.leaderelection.pre-vote = false (custom)
2022-07-12 23:21:28,941 [b5be010a-4f88-45a2-86a4-37bd0d52b4ef@group-8EF177E20F12-FollowerState] INFO  impl.RoleInfo (RoleInfo.java:updateAndGet(139)) - b5be010a-4f88-45a2-86a4-37bd0d52b4ef: start b5be010a-4f88-45a2-86a4-37bd0d52b4ef@group-8EF177E20F12-LeaderElection18
2022-07-12 23:21:28,976 [b5be010a-4f88-45a2-86a4-37bd0d52b4ef@group-8EF177E20F12-LeaderElection18] INFO  impl.LeaderElection (LeaderElection.java:askForVotes(310)) - b5be010a-4f88-45a2-86a4-37bd0d52b4ef@group-8EF177E20F12-LeaderElection18 ELECTION round 0: submit vote requests at term 1 for -1: [41187bab-18a7-4c36-af27-173f83643b8d|rpc:10.1.0.13:46095|priority:1, b5be010a-4f88-45a2-86a4-37bd0d52b4ef|rpc:10.1.0.13:38059|priority:0, 70125d14-2432-4845-91b4-d6c12e89dffb|rpc:10.1.0.13:46501|priority:0], old=null
2022-07-12 23:21:29,009 [grpc-default-executor-0] INFO  server.RaftServer$Division (RaftServerImpl.java:requestVote(1152)) - 41187bab-18a7-4c36-af27-173f83643b8d@group-8EF177E20F12: receive requestVote(ELECTION, b5be010a-4f88-45a2-86a4-37bd0d52b4ef, group-8EF177E20F12, 1, (t:0, i:0))
2022-07-12 23:21:29,009 [grpc-default-executor-0] INFO  impl.VoteContext (VoteContext.java:log(48)) - 41187bab-18a7-4c36-af27-173f83643b8d@group-8EF177E20F12-FOLLOWER: reject ELECTION from b5be010a-4f88-45a2-86a4-37bd0d52b4ef: our priority 1 > candidate's priority 0
2022-07-12 23:21:29,009 [grpc-default-executor-0] INFO  server.RaftServer$Division (RaftServerImpl.java:setRole(299)) - 41187bab-18a7-4c36-af27-173f83643b8d@group-8EF177E20F12: changes role from  FOLLOWER to FOLLOWER at term 1 for candidate:b5be010a-4f88-45a2-86a4-37bd0d52b4ef
2022-07-12 23:21:29,009 [grpc-default-executor-0] INFO  impl.RoleInfo (RoleInfo.java:shutdownFollowerState(110)) - 41187bab-18a7-4c36-af27-173f83643b8d: shutdown 41187bab-18a7-4c36-af27-173f83643b8d@group-8EF177E20F12-FollowerState
2022-07-12 23:21:29,009 [grpc-default-executor-0] INFO  impl.RoleInfo (RoleInfo.java:updateAndGet(139)) - 41187bab-18a7-4c36-af27-173f83643b8d: start 41187bab-18a7-4c36-af27-173f83643b8d@group-8EF177E20F12-FollowerState
2022-07-12 23:21:29,009 [41187bab-18a7-4c36-af27-173f83643b8d@group-8EF177E20F12-FollowerState] INFO  impl.FollowerState (FollowerState.java:run(152)) - 41187bab-18a7-4c36-af27-173f83643b8d@group-8EF177E20F12-FollowerState was interrupted
2022-07-12 23:21:29,039 [grpc-default-executor-0] INFO  server.RaftServer$Division (RaftServerImpl.java:requestVote(1184)) - 41187bab-18a7-4c36-af27-173f83643b8d@group-8EF177E20F12 replies to ELECTION vote request: b5be010a-4f88-45a2-86a4-37bd0d52b4ef<-41187bab-18a7-4c36-af27-173f83643b8d#0:FAIL-t1. Peer's state: 41187bab-18a7-4c36-af27-173f83643b8d@group-8EF177E20F12:t1, leader=null, voted=null, raftlog=41187bab-18a7-4c36-af27-173f83643b8d@group-8EF177E20F12-SegmentedRaftLog:OPENED:c-1, conf=-1: [41187bab-18a7-4c36-af27-173f83643b8d|rpc:10.1.0.13:46095|dataStream:|priority:1, b5be010a-4f88-45a2-86a4-37bd0d52b4ef|rpc:10.1.0.13:38059|dataStream:|priority:0, 70125d14-2432-4845-91b4-d6c12e89dffb|rpc:10.1.0.13:46501|dataStream:|priority:0], old=null
2022-07-12 23:21:29,039 [b5be010a-4f88-45a2-86a4-37bd0d52b4ef@group-91B09F1C81B3-FollowerState] INFO  impl.FollowerState (FollowerState.java:run(143)) - b5be010a-4f88-45a2-86a4-37bd0d52b4ef@group-91B09F1C81B3-FollowerState: change to CANDIDATE, lastRpcElapsedTime:5208246084ns, electionTimeout:5173ms
2022-07-12 23:21:29,039 [b5be010a-4f88-45a2-86a4-37bd0d52b4ef@group-91B09F1C81B3-FollowerState] INFO  impl.RoleInfo (RoleInfo.java:shutdownFollowerState(110)) - b5be010a-4f88-45a2-86a4-37bd0d52b4ef: shutdown b5be010a-4f88-45a2-86a4-37bd0d52b4ef@group-91B09F1C81B3-FollowerState
2022-07-12 23:21:29,039 [b5be010a-4f88-45a2-86a4-37bd0d52b4ef@group-91B09F1C81B3-FollowerState] INFO  server.RaftServer$Division (RaftServerImpl.java:setRole(299)) - b5be010a-4f88-45a2-86a4-37bd0d52b4ef@group-91B09F1C81B3: changes role from  FOLLOWER to CANDIDATE at term 0 for changeToCandidate
2022-07-12 23:21:29,049 [b5be010a-4f88-45a2-86a4-37bd0d52b4ef@group-8EF177E20F12-LeaderElection18] INFO  impl.LeaderElection (LeaderElection.java:logAndReturn(90)) - b5be010a-4f88-45a2-86a4-37bd0d52b4ef@group-8EF177E20F12-LeaderElection18: ELECTION REJECTED received 1 response(s) and 0 exception(s):
2022-07-12 23:21:29,049 [b5be010a-4f88-45a2-86a4-37bd0d52b4ef@group-8EF177E20F12-LeaderElection18] INFO  impl.LeaderElection (LeaderElection.java:logAndReturn(94)) -   Response 0: b5be010a-4f88-45a2-86a4-37bd0d52b4ef<-41187bab-18a7-4c36-af27-173f83643b8d#0:FAIL-t1
2022-07-12 23:21:29,049 [b5be010a-4f88-45a2-86a4-37bd0d52b4ef@group-8EF177E20F12-LeaderElection18] INFO  impl.LeaderElection (LeaderElection.java:askForVotes(312)) - b5be010a-4f88-45a2-86a4-37bd0d52b4ef@group-8EF177E20F12-LeaderElection18 ELECTION round 0: result REJECTED
2022-07-12 23:21:29,049 [b5be010a-4f88-45a2-86a4-37bd0d52b4ef@group-8EF177E20F12-LeaderElection18] INFO  server.RaftServer$Division (RaftServerImpl.java:setRole(299)) - b5be010a-4f88-45a2-86a4-37bd0d52b4ef@group-8EF177E20F12: changes role from CANDIDATE to FOLLOWER at term 1 for REJECTED
2022-07-12 23:21:29,049 [b5be010a-4f88-45a2-86a4-37bd0d52b4ef@group-8EF177E20F12-LeaderElection18] INFO  impl.RoleInfo (RoleInfo.java:shutdownLeaderElection(130)) - b5be010a-4f88-45a2-86a4-37bd0d52b4ef: shutdown b5be010a-4f88-45a2-86a4-37bd0d52b4ef@group-8EF177E20F12-LeaderElection18
2022-07-12 23:21:29,049 [b5be010a-4f88-45a2-86a4-37bd0d52b4ef@group-8EF177E20F12-LeaderElection18] INFO  impl.RoleInfo (RoleInfo.java:updateAndGet(139)) - b5be010a-4f88-45a2-86a4-37bd0d52b4ef: start b5be010a-4f88-45a2-86a4-37bd0d52b4ef@group-8EF177E20F12-FollowerState
2022-07-12 23:21:29,060 [b5be010a-4f88-45a2-86a4-37bd0d52b4ef@group-91B09F1C81B3-FollowerState] INFO  server.RaftServerConfigKeys (ConfUtils.java:logGet(46)) - raft.server.leaderelection.pre-vote = false (custom)
2022-07-12 23:21:29,060 [b5be010a-4f88-45a2-86a4-37bd0d52b4ef@group-91B09F1C81B3-FollowerState] INFO  impl.RoleInfo (RoleInfo.java:updateAndGet(139)) - b5be010a-4f88-45a2-86a4-37bd0d52b4ef: start b5be010a-4f88-45a2-86a4-37bd0d52b4ef@group-91B09F1C81B3-LeaderElection19
2022-07-12 23:21:29,060 [Listener at 127.0.0.1/33951] INFO  ozone.MiniOzoneClusterImpl (MiniOzoneClusterImpl.java:lambda$waitForClusterToBeReady$0(216)) - Nodes are ready. Got 5 of 5 DN Heartbeats.
2022-07-12 23:21:29,060 [Listener at 127.0.0.1/33951] INFO  ozone.MiniOzoneClusterImpl (MiniOzoneClusterImpl.java:lambda$waitForClusterToBeReady$0(219)) - Waiting for cluster to exit safe mode
2022-07-12 23:21:29,060 [Listener at 127.0.0.1/33951] INFO  ozone.MiniOzoneClusterImpl (MiniOzoneClusterImpl.java:lambda$waitForClusterToBeReady$0(221)) - SCM became leader
2022-07-12 23:21:29,078 [grpc-default-executor-1] INFO  server.RaftServer$Division (RaftServerImpl.java:requestVote(1152)) - 70125d14-2432-4845-91b4-d6c12e89dffb@group-8EF177E20F12: receive requestVote(ELECTION, b5be010a-4f88-45a2-86a4-37bd0d52b4ef, group-8EF177E20F12, 1, (t:0, i:0))
2022-07-12 23:21:29,078 [grpc-default-executor-1] INFO  impl.VoteContext (VoteContext.java:log(48)) - 70125d14-2432-4845-91b4-d6c12e89dffb@group-8EF177E20F12-FOLLOWER: accept ELECTION from b5be010a-4f88-45a2-86a4-37bd0d52b4ef: our priority 0 <= candidate's priority 0
2022-07-12 23:21:29,078 [grpc-default-executor-1] INFO  server.RaftServer$Division (RaftServerImpl.java:setRole(299)) - 70125d14-2432-4845-91b4-d6c12e89dffb@group-8EF177E20F12: changes role from  FOLLOWER to FOLLOWER at term 1 for candidate:b5be010a-4f88-45a2-86a4-37bd0d52b4ef
2022-07-12 23:21:29,078 [grpc-default-executor-1] INFO  impl.RoleInfo (RoleInfo.java:shutdownFollowerState(110)) - 70125d14-2432-4845-91b4-d6c12e89dffb: shutdown 70125d14-2432-4845-91b4-d6c12e89dffb@group-8EF177E20F12-FollowerState
2022-07-12 23:21:29,078 [grpc-default-executor-1] INFO  impl.RoleInfo (RoleInfo.java:updateAndGet(139)) - 70125d14-2432-4845-91b4-d6c12e89dffb: start 70125d14-2432-4845-91b4-d6c12e89dffb@group-8EF177E20F12-FollowerState
2022-07-12 23:21:29,079 [70125d14-2432-4845-91b4-d6c12e89dffb@group-8EF177E20F12-FollowerState] INFO  impl.FollowerState (FollowerState.java:run(152)) - 70125d14-2432-4845-91b4-d6c12e89dffb@group-8EF177E20F12-FollowerState was interrupted
2022-07-12 23:21:29,089 [grpc-default-executor-1] INFO  server.RaftServer$Division (RaftServerImpl.java:requestVote(1184)) - 70125d14-2432-4845-91b4-d6c12e89dffb@group-8EF177E20F12 replies to ELECTION vote request: b5be010a-4f88-45a2-86a4-37bd0d52b4ef<-70125d14-2432-4845-91b4-d6c12e89dffb#0:OK-t1. Peer's state: 70125d14-2432-4845-91b4-d6c12e89dffb@group-8EF177E20F12:t1, leader=null, voted=b5be010a-4f88-45a2-86a4-37bd0d52b4ef, raftlog=70125d14-2432-4845-91b4-d6c12e89dffb@group-8EF177E20F12-SegmentedRaftLog:OPENED:c-1, conf=-1: [41187bab-18a7-4c36-af27-173f83643b8d|rpc:10.1.0.13:46095|dataStream:|priority:1, b5be010a-4f88-45a2-86a4-37bd0d52b4ef|rpc:10.1.0.13:38059|dataStream:|priority:0, 70125d14-2432-4845-91b4-d6c12e89dffb|rpc:10.1.0.13:46501|dataStream:|priority:0], old=null
2022-07-12 23:21:29,102 [b5be010a-4f88-45a2-86a4-37bd0d52b4ef@group-91B09F1C81B3-LeaderElection19] INFO  impl.LeaderElection (LeaderElection.java:askForVotes(310)) - b5be010a-4f88-45a2-86a4-37bd0d52b4ef@group-91B09F1C81B3-LeaderElection19 ELECTION round 0: submit vote requests at term 1 for -1: [b5be010a-4f88-45a2-86a4-37bd0d52b4ef|rpc:10.1.0.13:38059|priority:1], old=null
2022-07-12 23:21:29,102 [b5be010a-4f88-45a2-86a4-37bd0d52b4ef@group-91B09F1C81B3-LeaderElection19] INFO  impl.LeaderElection (LeaderElection.java:askForVotes(312)) - b5be010a-4f88-45a2-86a4-37bd0d52b4ef@group-91B09F1C81B3-LeaderElection19 ELECTION round 0: result PASSED (term=1)
2022-07-12 23:21:29,102 [b5be010a-4f88-45a2-86a4-37bd0d52b4ef@group-91B09F1C81B3-LeaderElection19] INFO  impl.RoleInfo (RoleInfo.java:shutdownLeaderElection(130)) - b5be010a-4f88-45a2-86a4-37bd0d52b4ef: shutdown b5be010a-4f88-45a2-86a4-37bd0d52b4ef@group-91B09F1C81B3-LeaderElection19
2022-07-12 23:21:29,102 [b5be010a-4f88-45a2-86a4-37bd0d52b4ef@group-91B09F1C81B3-LeaderElection19] INFO  server.RaftServer$Division (RaftServerImpl.java:setRole(299)) - b5be010a-4f88-45a2-86a4-37bd0d52b4ef@group-91B09F1C81B3: changes role from CANDIDATE to LEADER at term 1 for changeToLeader
2022-07-12 23:21:29,102 [b5be010a-4f88-45a2-86a4-37bd0d52b4ef@group-91B09F1C81B3-LeaderElection19] INFO  ratis.XceiverServerRatis (XceiverServerRatis.java:handleLeaderChangedNotification(863)) - Leader change notification received for group: group-91B09F1C81B3 with new leaderId: b5be010a-4f88-45a2-86a4-37bd0d52b4ef
2022-07-12 23:21:29,103 [b5be010a-4f88-45a2-86a4-37bd0d52b4ef@group-91B09F1C81B3-LeaderElection19] INFO  server.RaftServer$Division (ServerState.java:setLeader(287)) - b5be010a-4f88-45a2-86a4-37bd0d52b4ef@group-91B09F1C81B3: change Leader from null to b5be010a-4f88-45a2-86a4-37bd0d52b4ef at term 1 for becomeLeader, leader elected after 5310ms
2022-07-12 23:21:29,103 [b5be010a-4f88-45a2-86a4-37bd0d52b4ef@group-91B09F1C81B3-LeaderElection19] INFO  server.RaftServerConfigKeys (ConfUtils.java:logGet(46)) - raft.server.staging.catchup.gap = 1000 (default)
2022-07-12 23:21:29,103 [b5be010a-4f88-45a2-86a4-37bd0d52b4ef@group-91B09F1C81B3-LeaderElection19] INFO  server.RaftServerConfigKeys (ConfUtils.java:logGet(46)) - raft.server.write.element-limit = 1024 (custom)
2022-07-12 23:21:29,103 [b5be010a-4f88-45a2-86a4-37bd0d52b4ef@group-91B09F1C81B3-LeaderElection19] INFO  server.RaftServerConfigKeys (ConfUtils.java:logGet(46)) - raft.server.write.byte-limit = 1024 M (=1073741824) (custom)
2022-07-12 23:21:29,104 [EventQueue-OpenPipelineForHealthyPipelineSafeModeRule] INFO  safemode.SCMSafeModeManager (HealthyPipelineSafeModeRule.java:process(137)) - SCM in safe mode. Healthy pipelines reported count is 0, required healthy pipeline reported count is 1
2022-07-12 23:21:29,104 [b5be010a-4f88-45a2-86a4-37bd0d52b4ef@group-91B09F1C81B3-LeaderElection19] INFO  server.RaftServerConfigKeys (ConfUtils.java:logGet(46)) - raft.server.watch.timeout = 180s (custom)
2022-07-12 23:21:29,104 [b5be010a-4f88-45a2-86a4-37bd0d52b4ef@group-91B09F1C81B3-LeaderElection19] INFO  server.RaftServerConfigKeys (ConfUtils.java:logGet(46)) - raft.server.watch.timeout.denomination = 1s (default)
2022-07-12 23:21:29,104 [b5be010a-4f88-45a2-86a4-37bd0d52b4ef@group-91B09F1C81B3-LeaderElection19] INFO  server.RaftServerConfigKeys (ConfUtils.java:logGet(46)) - raft.server.watch.element-limit = 65536 (default)
2022-07-12 23:21:29,104 [b5be010a-4f88-45a2-86a4-37bd0d52b4ef@group-91B09F1C81B3-LeaderElection19] INFO  server.RaftServerConfigKeys (ConfUtils.java:logGet(46)) - raft.server.write.element-limit = 1024 (custom)
2022-07-12 23:21:29,104 [b5be010a-4f88-45a2-86a4-37bd0d52b4ef@group-91B09F1C81B3-LeaderElection19] INFO  server.RaftServerConfigKeys (ConfUtils.java:logGet(46)) - raft.server.write.follower.gap.ratio.max = -1.0 (default)
2022-07-12 23:21:29,104 [b5be010a-4f88-45a2-86a4-37bd0d52b4ef@group-91B09F1C81B3-LeaderElection19] INFO  impl.RoleInfo (RoleInfo.java:updateAndGet(139)) - b5be010a-4f88-45a2-86a4-37bd0d52b4ef: start b5be010a-4f88-45a2-86a4-37bd0d52b4ef@group-91B09F1C81B3-LeaderStateImpl
2022-07-12 23:21:29,105 [b5be010a-4f88-45a2-86a4-37bd0d52b4ef@group-91B09F1C81B3-LeaderElection19] INFO  segmented.SegmentedRaftLogWorker (SegmentedRaftLogWorker.java:startLogSegment(425)) - b5be010a-4f88-45a2-86a4-37bd0d52b4ef@group-91B09F1C81B3-SegmentedRaftLogWorker: Starting segment from index:0
2022-07-12 23:21:29,106 [b5be010a-4f88-45a2-86a4-37bd0d52b4ef@group-91B09F1C81B3-SegmentedRaftLogWorker] INFO  segmented.SegmentedRaftLogWorker (SegmentedRaftLogWorker.java:execute(629)) - b5be010a-4f88-45a2-86a4-37bd0d52b4ef@group-91B09F1C81B3-SegmentedRaftLogWorker: created new log segment /home/runner/work/ozone/ozone/hadoop-ozone/integration-test/target/test-dir/MiniOzoneClusterImpl-3123aa8d-fa91-45ac-9e39-716c5a908d99/datanode-0/data/ratis/dd20d666-ff50-4837-9ad7-91b09f1c81b3/current/log_inprogress_0
2022-07-12 23:21:29,117 [b5be010a-4f88-45a2-86a4-37bd0d52b4ef@group-91B09F1C81B3-LeaderElection19] INFO  server.RaftServer$Division (ServerState.java:setRaftConf(393)) - b5be010a-4f88-45a2-86a4-37bd0d52b4ef@group-91B09F1C81B3: set configuration 0: [b5be010a-4f88-45a2-86a4-37bd0d52b4ef|rpc:10.1.0.13:38059|dataStream:|priority:1], old=null
2022-07-12 23:21:29,340 [b5be010a-4f88-45a2-86a4-37bd0d52b4ef@group-8E99C119045E-FollowerState] INFO  impl.FollowerState (FollowerState.java:run(143)) - b5be010a-4f88-45a2-86a4-37bd0d52b4ef@group-8E99C119045E-FollowerState: change to CANDIDATE, lastRpcElapsedTime:5134970339ns, electionTimeout:5134ms
2022-07-12 23:21:29,341 [b5be010a-4f88-45a2-86a4-37bd0d52b4ef@group-8E99C119045E-FollowerState] INFO  impl.RoleInfo (RoleInfo.java:shutdownFollowerState(110)) - b5be010a-4f88-45a2-86a4-37bd0d52b4ef: shutdown b5be010a-4f88-45a2-86a4-37bd0d52b4ef@group-8E99C119045E-FollowerState
2022-07-12 23:21:29,341 [b5be010a-4f88-45a2-86a4-37bd0d52b4ef@group-8E99C119045E-FollowerState] INFO  server.RaftServer$Division (RaftServerImpl.java:setRole(299)) - b5be010a-4f88-45a2-86a4-37bd0d52b4ef@group-8E99C119045E: changes role from  FOLLOWER to CANDIDATE at term 0 for changeToCandidate
2022-07-12 23:21:29,341 [b5be010a-4f88-45a2-86a4-37bd0d52b4ef@group-8E99C119045E-FollowerState] INFO  server.RaftServerConfigKeys (ConfUtils.java:logGet(46)) - raft.server.leaderelection.pre-vote = false (custom)
2022-07-12 23:21:29,341 [b5be010a-4f88-45a2-86a4-37bd0d52b4ef@group-8E99C119045E-FollowerState] INFO  impl.RoleInfo (RoleInfo.java:updateAndGet(139)) - b5be010a-4f88-45a2-86a4-37bd0d52b4ef: start b5be010a-4f88-45a2-86a4-37bd0d52b4ef@group-8E99C119045E-LeaderElection20
2022-07-12 23:21:29,383 [b5be010a-4f88-45a2-86a4-37bd0d52b4ef@group-8E99C119045E-LeaderElection20] INFO  impl.LeaderElection (LeaderElection.java:askForVotes(310)) - b5be010a-4f88-45a2-86a4-37bd0d52b4ef@group-8E99C119045E-LeaderElection20 ELECTION round 0: submit vote requests at term 1 for -1: [41187bab-18a7-4c36-af27-173f83643b8d|rpc:10.1.0.13:46095|priority:0, b5be010a-4f88-45a2-86a4-37bd0d52b4ef|rpc:10.1.0.13:38059|priority:0, 70125d14-2432-4845-91b4-d6c12e89dffb|rpc:10.1.0.13:46501|priority:1], old=null
2022-07-12 23:21:29,392 [70125d14-2432-4845-91b4-d6c12e89dffb@group-8E99C119045E-FollowerState] INFO  impl.FollowerState (FollowerState.java:run(143)) - 70125d14-2432-4845-91b4-d6c12e89dffb@group-8E99C119045E-FollowerState: change to CANDIDATE, lastRpcElapsedTime:5110269422ns, electionTimeout:5098ms
2022-07-12 23:21:29,392 [70125d14-2432-4845-91b4-d6c12e89dffb@group-8E99C119045E-FollowerState] INFO  impl.RoleInfo (RoleInfo.java:shutdownFollowerState(110)) - 70125d14-2432-4845-91b4-d6c12e89dffb: shutdown 70125d14-2432-4845-91b4-d6c12e89dffb@group-8E99C119045E-FollowerState
2022-07-12 23:21:29,392 [70125d14-2432-4845-91b4-d6c12e89dffb@group-8E99C119045E-FollowerState] INFO  server.RaftServer$Division (RaftServerImpl.java:setRole(299)) - 70125d14-2432-4845-91b4-d6c12e89dffb@group-8E99C119045E: changes role from  FOLLOWER to CANDIDATE at term 0 for changeToCandidate
2022-07-12 23:21:29,401 [70125d14-2432-4845-91b4-d6c12e89dffb@group-8E99C119045E-FollowerState] INFO  server.RaftServerConfigKeys (ConfUtils.java:logGet(46)) - raft.server.leaderelection.pre-vote = false (custom)
2022-07-12 23:21:29,401 [70125d14-2432-4845-91b4-d6c12e89dffb@group-8E99C119045E-FollowerState] INFO  impl.RoleInfo (RoleInfo.java:updateAndGet(139)) - 70125d14-2432-4845-91b4-d6c12e89dffb: start 70125d14-2432-4845-91b4-d6c12e89dffb@group-8E99C119045E-LeaderElection21
2022-07-12 23:21:29,421 [grpc-default-executor-0] INFO  server.RaftServer$Division (RaftServerImpl.java:requestVote(1152)) - 41187bab-18a7-4c36-af27-173f83643b8d@group-8E99C119045E: receive requestVote(ELECTION, b5be010a-4f88-45a2-86a4-37bd0d52b4ef, group-8E99C119045E, 1, (t:0, i:0))
2022-07-12 23:21:29,421 [grpc-default-executor-0] INFO  impl.VoteContext (VoteContext.java:log(48)) - 41187bab-18a7-4c36-af27-173f83643b8d@group-8E99C119045E-FOLLOWER: accept ELECTION from b5be010a-4f88-45a2-86a4-37bd0d52b4ef: our priority 0 <= candidate's priority 0
2022-07-12 23:21:29,421 [grpc-default-executor-0] INFO  server.RaftServer$Division (RaftServerImpl.java:setRole(299)) - 41187bab-18a7-4c36-af27-173f83643b8d@group-8E99C119045E: changes role from  FOLLOWER to FOLLOWER at term 1 for candidate:b5be010a-4f88-45a2-86a4-37bd0d52b4ef
2022-07-12 23:21:29,421 [grpc-default-executor-0] INFO  impl.RoleInfo (RoleInfo.java:shutdownFollowerState(110)) - 41187bab-18a7-4c36-af27-173f83643b8d: shutdown 41187bab-18a7-4c36-af27-173f83643b8d@group-8E99C119045E-FollowerState
2022-07-12 23:21:29,422 [grpc-default-executor-0] INFO  impl.RoleInfo (RoleInfo.java:updateAndGet(139)) - 41187bab-18a7-4c36-af27-173f83643b8d: start 41187bab-18a7-4c36-af27-173f83643b8d@group-8E99C119045E-FollowerState
2022-07-12 23:21:29,422 [41187bab-18a7-4c36-af27-173f83643b8d@group-8E99C119045E-FollowerState] INFO  impl.FollowerState (FollowerState.java:run(152)) - 41187bab-18a7-4c36-af27-173f83643b8d@group-8E99C119045E-FollowerState was interrupted
2022-07-12 23:21:29,425 [grpc-default-executor-1] INFO  server.RaftServer$Division (RaftServerImpl.java:requestVote(1152)) - 70125d14-2432-4845-91b4-d6c12e89dffb@group-8E99C119045E: receive requestVote(ELECTION, b5be010a-4f88-45a2-86a4-37bd0d52b4ef, group-8E99C119045E, 1, (t:0, i:0))
2022-07-12 23:21:29,425 [grpc-default-executor-1] INFO  impl.VoteContext (VoteContext.java:log(48)) - 70125d14-2432-4845-91b4-d6c12e89dffb@group-8E99C119045E-CANDIDATE: reject ELECTION from b5be010a-4f88-45a2-86a4-37bd0d52b4ef: our priority 1 > candidate's priority 0
2022-07-12 23:21:29,425 [grpc-default-executor-1] INFO  server.RaftServer$Division (RaftServerImpl.java:setRole(299)) - 70125d14-2432-4845-91b4-d6c12e89dffb@group-8E99C119045E: changes role from CANDIDATE to FOLLOWER at term 1 for candidate:b5be010a-4f88-45a2-86a4-37bd0d52b4ef
2022-07-12 23:21:29,425 [grpc-default-executor-1] INFO  impl.RoleInfo (RoleInfo.java:shutdownLeaderElection(130)) - 70125d14-2432-4845-91b4-d6c12e89dffb: shutdown 70125d14-2432-4845-91b4-d6c12e89dffb@group-8E99C119045E-LeaderElection21
2022-07-12 23:21:29,425 [grpc-default-executor-1] INFO  impl.RoleInfo (RoleInfo.java:updateAndGet(139)) - 70125d14-2432-4845-91b4-d6c12e89dffb: start 70125d14-2432-4845-91b4-d6c12e89dffb@group-8E99C119045E-FollowerState
2022-07-12 23:21:29,437 [grpc-default-executor-1] INFO  server.RaftServer$Division (RaftServerImpl.java:requestVote(1184)) - 70125d14-2432-4845-91b4-d6c12e89dffb@group-8E99C119045E replies to ELECTION vote request: b5be010a-4f88-45a2-86a4-37bd0d52b4ef<-70125d14-2432-4845-91b4-d6c12e89dffb#0:FAIL-t1. Peer's state: 70125d14-2432-4845-91b4-d6c12e89dffb@group-8E99C119045E:t1, leader=null, voted=null, raftlog=70125d14-2432-4845-91b4-d6c12e89dffb@group-8E99C119045E-SegmentedRaftLog:OPENED:c-1, conf=-1: [41187bab-18a7-4c36-af27-173f83643b8d|rpc:10.1.0.13:46095|dataStream:|priority:0, b5be010a-4f88-45a2-86a4-37bd0d52b4ef|rpc:10.1.0.13:38059|dataStream:|priority:0, 70125d14-2432-4845-91b4-d6c12e89dffb|rpc:10.1.0.13:46501|dataStream:|priority:1], old=null
2022-07-12 23:21:29,437 [grpc-default-executor-0] INFO  server.RaftServer$Division (RaftServerImpl.java:requestVote(1184)) - 41187bab-18a7-4c36-af27-173f83643b8d@group-8E99C119045E replies to ELECTION vote request: b5be010a-4f88-45a2-86a4-37bd0d52b4ef<-41187bab-18a7-4c36-af27-173f83643b8d#0:OK-t1. Peer's state: 41187bab-18a7-4c36-af27-173f83643b8d@group-8E99C119045E:t1, leader=null, voted=b5be010a-4f88-45a2-86a4-37bd0d52b4ef, raftlog=41187bab-18a7-4c36-af27-173f83643b8d@group-8E99C119045E-SegmentedRaftLog:OPENED:c-1, conf=-1: [41187bab-18a7-4c36-af27-173f83643b8d|rpc:10.1.0.13:46095|dataStream:|priority:0, b5be010a-4f88-45a2-86a4-37bd0d52b4ef|rpc:10.1.0.13:38059|dataStream:|priority:0, 70125d14-2432-4845-91b4-d6c12e89dffb|rpc:10.1.0.13:46501|dataStream:|priority:1], old=null
2022-07-12 23:21:29,440 [b5be010a-4f88-45a2-86a4-37bd0d52b4ef@group-8E99C119045E-LeaderElection20] INFO  impl.LeaderElection (LeaderElection.java:logAndReturn(90)) - b5be010a-4f88-45a2-86a4-37bd0d52b4ef@group-8E99C119045E-LeaderElection20: ELECTION REJECTED received 1 response(s) and 0 exception(s):
2022-07-12 23:21:29,440 [b5be010a-4f88-45a2-86a4-37bd0d52b4ef@group-8E99C119045E-LeaderElection20] INFO  impl.LeaderElection (LeaderElection.java:logAndReturn(94)) -   Response 0: b5be010a-4f88-45a2-86a4-37bd0d52b4ef<-70125d14-2432-4845-91b4-d6c12e89dffb#0:FAIL-t1
2022-07-12 23:21:29,440 [b5be010a-4f88-45a2-86a4-37bd0d52b4ef@group-8E99C119045E-LeaderElection20] INFO  impl.LeaderElection (LeaderElection.java:askForVotes(312)) - b5be010a-4f88-45a2-86a4-37bd0d52b4ef@group-8E99C119045E-LeaderElection20 ELECTION round 0: result REJECTED
2022-07-12 23:21:29,441 [b5be010a-4f88-45a2-86a4-37bd0d52b4ef@group-8E99C119045E-LeaderElection20] INFO  server.RaftServer$Division (RaftServerImpl.java:setRole(299)) - b5be010a-4f88-45a2-86a4-37bd0d52b4ef@group-8E99C119045E: changes role from CANDIDATE to FOLLOWER at term 1 for REJECTED
2022-07-12 23:21:29,441 [b5be010a-4f88-45a2-86a4-37bd0d52b4ef@group-8E99C119045E-LeaderElection20] INFO  impl.RoleInfo (RoleInfo.java:shutdownLeaderElection(130)) - b5be010a-4f88-45a2-86a4-37bd0d52b4ef: shutdown b5be010a-4f88-45a2-86a4-37bd0d52b4ef@group-8E99C119045E-LeaderElection20
2022-07-12 23:21:29,441 [b5be010a-4f88-45a2-86a4-37bd0d52b4ef@group-8E99C119045E-LeaderElection20] INFO  impl.RoleInfo (RoleInfo.java:updateAndGet(139)) - b5be010a-4f88-45a2-86a4-37bd0d52b4ef: start b5be010a-4f88-45a2-86a4-37bd0d52b4ef@group-8E99C119045E-FollowerState
2022-07-12 23:21:29,796 [70125d14-2432-4845-91b4-d6c12e89dffb@group-26DA00DE2B30-FollowerState] INFO  impl.FollowerState (FollowerState.java:run(143)) - 70125d14-2432-4845-91b4-d6c12e89dffb@group-26DA00DE2B30-FollowerState: change to CANDIDATE, lastRpcElapsedTime:5143897213ns, electionTimeout:5143ms
2022-07-12 23:21:29,797 [70125d14-2432-4845-91b4-d6c12e89dffb@group-26DA00DE2B30-FollowerState] INFO  impl.RoleInfo (RoleInfo.java:shutdownFollowerState(110)) - 70125d14-2432-4845-91b4-d6c12e89dffb: shutdown 70125d14-2432-4845-91b4-d6c12e89dffb@group-26DA00DE2B30-FollowerState
2022-07-12 23:21:29,797 [70125d14-2432-4845-91b4-d6c12e89dffb@group-26DA00DE2B30-FollowerState] INFO  server.RaftServer$Division (RaftServerImpl.java:setRole(299)) - 70125d14-2432-4845-91b4-d6c12e89dffb@group-26DA00DE2B30: changes role from  FOLLOWER to CANDIDATE at term 0 for changeToCandidate
2022-07-12 23:21:29,797 [70125d14-2432-4845-91b4-d6c12e89dffb@group-26DA00DE2B30-FollowerState] INFO  server.RaftServerConfigKeys (ConfUtils.java:logGet(46)) - raft.server.leaderelection.pre-vote = false (custom)
2022-07-12 23:21:29,797 [70125d14-2432-4845-91b4-d6c12e89dffb@group-26DA00DE2B30-FollowerState] INFO  impl.RoleInfo (RoleInfo.java:updateAndGet(139)) - 70125d14-2432-4845-91b4-d6c12e89dffb: start 70125d14-2432-4845-91b4-d6c12e89dffb@group-26DA00DE2B30-LeaderElection22
2022-07-12 23:21:29,840 [70125d14-2432-4845-91b4-d6c12e89dffb@group-26DA00DE2B30-LeaderElection22] INFO  impl.LeaderElection (LeaderElection.java:askForVotes(310)) - 70125d14-2432-4845-91b4-d6c12e89dffb@group-26DA00DE2B30-LeaderElection22 ELECTION round 0: submit vote requests at term 1 for -1: [70125d14-2432-4845-91b4-d6c12e89dffb|rpc:10.1.0.13:46501|priority:1], old=null
2022-07-12 23:21:29,840 [70125d14-2432-4845-91b4-d6c12e89dffb@group-26DA00DE2B30-LeaderElection22] INFO  impl.LeaderElection (LeaderElection.java:askForVotes(312)) - 70125d14-2432-4845-91b4-d6c12e89dffb@group-26DA00DE2B30-LeaderElection22 ELECTION round 0: result PASSED (term=1)
2022-07-12 23:21:29,840 [70125d14-2432-4845-91b4-d6c12e89dffb@group-26DA00DE2B30-LeaderElection22] INFO  impl.RoleInfo (RoleInfo.java:shutdownLeaderElection(130)) - 70125d14-2432-4845-91b4-d6c12e89dffb: shutdown 70125d14-2432-4845-91b4-d6c12e89dffb@group-26DA00DE2B30-LeaderElection22
2022-07-12 23:21:29,840 [70125d14-2432-4845-91b4-d6c12e89dffb@group-26DA00DE2B30-LeaderElection22] INFO  server.RaftServer$Division (RaftServerImpl.java:setRole(299)) - 70125d14-2432-4845-91b4-d6c12e89dffb@group-26DA00DE2B30: changes role from CANDIDATE to LEADER at term 1 for changeToLeader
2022-07-12 23:21:29,840 [70125d14-2432-4845-91b4-d6c12e89dffb@group-26DA00DE2B30-LeaderElection22] INFO  ratis.XceiverServerRatis (XceiverServerRatis.java:handleLeaderChangedNotification(863)) - Leader change notification received for group: group-26DA00DE2B30 with new leaderId: 70125d14-2432-4845-91b4-d6c12e89dffb
2022-07-12 23:21:29,840 [70125d14-2432-4845-91b4-d6c12e89dffb@group-26DA00DE2B30-LeaderElection22] INFO  server.RaftServer$Division (ServerState.java:setLeader(287)) - 70125d14-2432-4845-91b4-d6c12e89dffb@group-26DA00DE2B30: change Leader from null to 70125d14-2432-4845-91b4-d6c12e89dffb at term 1 for becomeLeader, leader elected after 5193ms
2022-07-12 23:21:29,840 [70125d14-2432-4845-91b4-d6c12e89dffb@group-26DA00DE2B30-LeaderElection22] INFO  server.RaftServerConfigKeys (ConfUtils.java:logGet(46)) - raft.server.staging.catchup.gap = 1000 (default)
2022-07-12 23:21:29,841 [EventQueue-OpenPipelineForHealthyPipelineSafeModeRule] INFO  safemode.SCMSafeModeManager (HealthyPipelineSafeModeRule.java:process(137)) - SCM in safe mode. Healthy pipelines reported count is 0, required healthy pipeline reported count is 1
2022-07-12 23:21:29,843 [70125d14-2432-4845-91b4-d6c12e89dffb@group-26DA00DE2B30-LeaderElection22] INFO  server.RaftServerConfigKeys (ConfUtils.java:logGet(46)) - raft.server.write.element-limit = 1024 (custom)
2022-07-12 23:21:29,843 [70125d14-2432-4845-91b4-d6c12e89dffb@group-26DA00DE2B30-LeaderElection22] INFO  server.RaftServerConfigKeys (ConfUtils.java:logGet(46)) - raft.server.write.byte-limit = 1024 M (=1073741824) (custom)
2022-07-12 23:21:29,843 [70125d14-2432-4845-91b4-d6c12e89dffb@group-26DA00DE2B30-LeaderElection22] INFO  server.RaftServerConfigKeys (ConfUtils.java:logGet(46)) - raft.server.watch.timeout = 180s (custom)
2022-07-12 23:21:29,843 [70125d14-2432-4845-91b4-d6c12e89dffb@group-26DA00DE2B30-LeaderElection22] INFO  server.RaftServerConfigKeys (ConfUtils.java:logGet(46)) - raft.server.watch.timeout.denomination = 1s (default)
2022-07-12 23:21:29,843 [70125d14-2432-4845-91b4-d6c12e89dffb@group-26DA00DE2B30-LeaderElection22] INFO  server.RaftServerConfigKeys (ConfUtils.java:logGet(46)) - raft.server.watch.element-limit = 65536 (default)
2022-07-12 23:21:29,843 [70125d14-2432-4845-91b4-d6c12e89dffb@group-26DA00DE2B30-LeaderElection22] INFO  server.RaftServerConfigKeys (ConfUtils.java:logGet(46)) - raft.server.write.element-limit = 1024 (custom)
2022-07-12 23:21:29,843 [70125d14-2432-4845-91b4-d6c12e89dffb@group-26DA00DE2B30-LeaderElection22] INFO  server.RaftServerConfigKeys (ConfUtils.java:logGet(46)) - raft.server.write.follower.gap.ratio.max = -1.0 (default)
2022-07-12 23:21:29,852 [70125d14-2432-4845-91b4-d6c12e89dffb@group-26DA00DE2B30-LeaderElection22] INFO  impl.RoleInfo (RoleInfo.java:updateAndGet(139)) - 70125d14-2432-4845-91b4-d6c12e89dffb: start 70125d14-2432-4845-91b4-d6c12e89dffb@group-26DA00DE2B30-LeaderStateImpl
2022-07-12 23:21:29,852 [70125d14-2432-4845-91b4-d6c12e89dffb@group-26DA00DE2B30-LeaderElection22] INFO  segmented.SegmentedRaftLogWorker (SegmentedRaftLogWorker.java:startLogSegment(425)) - 70125d14-2432-4845-91b4-d6c12e89dffb@group-26DA00DE2B30-SegmentedRaftLogWorker: Starting segment from index:0
2022-07-12 23:21:29,854 [70125d14-2432-4845-91b4-d6c12e89dffb@group-26DA00DE2B30-SegmentedRaftLogWorker] INFO  segmented.SegmentedRaftLogWorker (SegmentedRaftLogWorker.java:execute(629)) - 70125d14-2432-4845-91b4-d6c12e89dffb@group-26DA00DE2B30-SegmentedRaftLogWorker: created new log segment /home/runner/work/ozone/ozone/hadoop-ozone/integration-test/target/test-dir/MiniOzoneClusterImpl-3123aa8d-fa91-45ac-9e39-716c5a908d99/datanode-1/data/ratis/275f8a67-b7fc-4dc2-9593-26da00de2b30/current/log_inprogress_0
2022-07-12 23:21:29,877 [70125d14-2432-4845-91b4-d6c12e89dffb@group-26DA00DE2B30-LeaderElection22] INFO  server.RaftServer$Division (ServerState.java:setRaftConf(393)) - 70125d14-2432-4845-91b4-d6c12e89dffb@group-26DA00DE2B30: set configuration 0: [70125d14-2432-4845-91b4-d6c12e89dffb|rpc:10.1.0.13:46501|dataStream:|priority:1], old=null
2022-07-12 23:21:30,061 [Listener at 127.0.0.1/33951] INFO  ozone.MiniOzoneClusterImpl (MiniOzoneClusterImpl.java:lambda$waitForClusterToBeReady$0(216)) - Nodes are ready. Got 5 of 5 DN Heartbeats.
2022-07-12 23:21:30,061 [Listener at 127.0.0.1/33951] INFO  ozone.MiniOzoneClusterImpl (MiniOzoneClusterImpl.java:lambda$waitForClusterToBeReady$0(219)) - Waiting for cluster to exit safe mode
2022-07-12 23:21:30,061 [Listener at 127.0.0.1/33951] INFO  ozone.MiniOzoneClusterImpl (MiniOzoneClusterImpl.java:lambda$waitForClusterToBeReady$0(221)) - SCM became leader
2022-07-12 23:21:30,460 [41187bab-18a7-4c36-af27-173f83643b8d@group-653A320C46D0-FollowerState] INFO  impl.FollowerState (FollowerState.java:run(143)) - 41187bab-18a7-4c36-af27-173f83643b8d@group-653A320C46D0-FollowerState: change to CANDIDATE, lastRpcElapsedTime:5075802311ns, electionTimeout:5075ms
2022-07-12 23:21:30,461 [41187bab-18a7-4c36-af27-173f83643b8d@group-653A320C46D0-FollowerState] INFO  impl.RoleInfo (RoleInfo.java:shutdownFollowerState(110)) - 41187bab-18a7-4c36-af27-173f83643b8d: shutdown 41187bab-18a7-4c36-af27-173f83643b8d@group-653A320C46D0-FollowerState
2022-07-12 23:21:30,461 [41187bab-18a7-4c36-af27-173f83643b8d@group-653A320C46D0-FollowerState] INFO  server.RaftServer$Division (RaftServerImpl.java:setRole(299)) - 41187bab-18a7-4c36-af27-173f83643b8d@group-653A320C46D0: changes role from  FOLLOWER to CANDIDATE at term 0 for changeToCandidate
2022-07-12 23:21:30,461 [41187bab-18a7-4c36-af27-173f83643b8d@group-653A320C46D0-FollowerState] INFO  server.RaftServerConfigKeys (ConfUtils.java:logGet(46)) - raft.server.leaderelection.pre-vote = false (custom)
2022-07-12 23:21:30,461 [41187bab-18a7-4c36-af27-173f83643b8d@group-653A320C46D0-FollowerState] INFO  impl.RoleInfo (RoleInfo.java:updateAndGet(139)) - 41187bab-18a7-4c36-af27-173f83643b8d: start 41187bab-18a7-4c36-af27-173f83643b8d@group-653A320C46D0-LeaderElection23
2022-07-12 23:21:30,489 [41187bab-18a7-4c36-af27-173f83643b8d@group-653A320C46D0-LeaderElection23] INFO  impl.LeaderElection (LeaderElection.java:askForVotes(310)) - 41187bab-18a7-4c36-af27-173f83643b8d@group-653A320C46D0-LeaderElection23 ELECTION round 0: submit vote requests at term 1 for -1: [41187bab-18a7-4c36-af27-173f83643b8d|rpc:10.1.0.13:46095|priority:1], old=null
2022-07-12 23:21:30,489 [41187bab-18a7-4c36-af27-173f83643b8d@group-653A320C46D0-LeaderElection23] INFO  impl.LeaderElection (LeaderElection.java:askForVotes(312)) - 41187bab-18a7-4c36-af27-173f83643b8d@group-653A320C46D0-LeaderElection23 ELECTION round 0: result PASSED (term=1)
2022-07-12 23:21:30,489 [41187bab-18a7-4c36-af27-173f83643b8d@group-653A320C46D0-LeaderElection23] INFO  impl.RoleInfo (RoleInfo.java:shutdownLeaderElection(130)) - 41187bab-18a7-4c36-af27-173f83643b8d: shutdown 41187bab-18a7-4c36-af27-173f83643b8d@group-653A320C46D0-LeaderElection23
2022-07-12 23:21:30,489 [41187bab-18a7-4c36-af27-173f83643b8d@group-653A320C46D0-LeaderElection23] INFO  server.RaftServer$Division (RaftServerImpl.java:setRole(299)) - 41187bab-18a7-4c36-af27-173f83643b8d@group-653A320C46D0: changes role from CANDIDATE to LEADER at term 1 for changeToLeader
2022-07-12 23:21:30,490 [41187bab-18a7-4c36-af27-173f83643b8d@group-653A320C46D0-LeaderElection23] INFO  ratis.XceiverServerRatis (XceiverServerRatis.java:handleLeaderChangedNotification(863)) - Leader change notification received for group: group-653A320C46D0 with new leaderId: 41187bab-18a7-4c36-af27-173f83643b8d
2022-07-12 23:21:30,490 [41187bab-18a7-4c36-af27-173f83643b8d@group-653A320C46D0-LeaderElection23] INFO  server.RaftServer$Division (ServerState.java:setLeader(287)) - 41187bab-18a7-4c36-af27-173f83643b8d@group-653A320C46D0: change Leader from null to 41187bab-18a7-4c36-af27-173f83643b8d at term 1 for becomeLeader, leader elected after 5118ms
2022-07-12 23:21:30,490 [41187bab-18a7-4c36-af27-173f83643b8d@group-653A320C46D0-LeaderElection23] INFO  server.RaftServerConfigKeys (ConfUtils.java:logGet(46)) - raft.server.staging.catchup.gap = 1000 (default)
2022-07-12 23:21:30,490 [41187bab-18a7-4c36-af27-173f83643b8d@group-653A320C46D0-LeaderElection23] INFO  server.RaftServerConfigKeys (ConfUtils.java:logGet(46)) - raft.server.write.element-limit = 1024 (custom)
2022-07-12 23:21:30,490 [41187bab-18a7-4c36-af27-173f83643b8d@group-653A320C46D0-LeaderElection23] INFO  server.RaftServerConfigKeys (ConfUtils.java:logGet(46)) - raft.server.write.byte-limit = 1024 M (=1073741824) (custom)
2022-07-12 23:21:30,491 [EventQueue-OpenPipelineForHealthyPipelineSafeModeRule] INFO  safemode.SCMSafeModeManager (HealthyPipelineSafeModeRule.java:process(137)) - SCM in safe mode. Healthy pipelines reported count is 0, required healthy pipeline reported count is 1
2022-07-12 23:21:30,493 [41187bab-18a7-4c36-af27-173f83643b8d@group-653A320C46D0-LeaderElection23] INFO  server.RaftServerConfigKeys (ConfUtils.java:logGet(46)) - raft.server.watch.timeout = 180s (custom)
2022-07-12 23:21:30,494 [41187bab-18a7-4c36-af27-173f83643b8d@group-653A320C46D0-LeaderElection23] INFO  server.RaftServerConfigKeys (ConfUtils.java:logGet(46)) - raft.server.watch.timeout.denomination = 1s (default)
2022-07-12 23:21:30,494 [41187bab-18a7-4c36-af27-173f83643b8d@group-653A320C46D0-LeaderElection23] INFO  server.RaftServerConfigKeys (ConfUtils.java:logGet(46)) - raft.server.watch.element-limit = 65536 (default)
2022-07-12 23:21:30,494 [41187bab-18a7-4c36-af27-173f83643b8d@group-653A320C46D0-LeaderElection23] INFO  server.RaftServerConfigKeys (ConfUtils.java:logGet(46)) - raft.server.write.element-limit = 1024 (custom)
2022-07-12 23:21:30,494 [41187bab-18a7-4c36-af27-173f83643b8d@group-653A320C46D0-LeaderElection23] INFO  server.RaftServerConfigKeys (ConfUtils.java:logGet(46)) - raft.server.write.follower.gap.ratio.max = -1.0 (default)
2022-07-12 23:21:30,495 [41187bab-18a7-4c36-af27-173f83643b8d@group-653A320C46D0-LeaderElection23] INFO  impl.RoleInfo (RoleInfo.java:updateAndGet(139)) - 41187bab-18a7-4c36-af27-173f83643b8d: start 41187bab-18a7-4c36-af27-173f83643b8d@group-653A320C46D0-LeaderStateImpl
2022-07-12 23:21:30,495 [41187bab-18a7-4c36-af27-173f83643b8d@group-653A320C46D0-LeaderElection23] INFO  segmented.SegmentedRaftLogWorker (SegmentedRaftLogWorker.java:startLogSegment(425)) - 41187bab-18a7-4c36-af27-173f83643b8d@group-653A320C46D0-SegmentedRaftLogWorker: Starting segment from index:0
2022-07-12 23:21:30,506 [41187bab-18a7-4c36-af27-173f83643b8d@group-653A320C46D0-SegmentedRaftLogWorker] INFO  segmented.SegmentedRaftLogWorker (SegmentedRaftLogWorker.java:execute(629)) - 41187bab-18a7-4c36-af27-173f83643b8d@group-653A320C46D0-SegmentedRaftLogWorker: created new log segment /home/runner/work/ozone/ozone/hadoop-ozone/integration-test/target/test-dir/MiniOzoneClusterImpl-3123aa8d-fa91-45ac-9e39-716c5a908d99/datanode-2/data/ratis/7a4158c7-9edf-41eb-bcf3-653a320c46d0/current/log_inprogress_0
2022-07-12 23:21:30,514 [41187bab-18a7-4c36-af27-173f83643b8d@group-653A320C46D0-LeaderElection23] INFO  server.RaftServer$Division (ServerState.java:setRaftConf(393)) - 41187bab-18a7-4c36-af27-173f83643b8d@group-653A320C46D0: set configuration 0: [41187bab-18a7-4c36-af27-173f83643b8d|rpc:10.1.0.13:46095|dataStream:|priority:1], old=null
2022-07-12 23:21:31,061 [Listener at 127.0.0.1/33951] INFO  ozone.MiniOzoneClusterImpl (MiniOzoneClusterImpl.java:lambda$waitForClusterToBeReady$0(216)) - Nodes are ready. Got 5 of 5 DN Heartbeats.
2022-07-12 23:21:31,061 [Listener at 127.0.0.1/33951] INFO  ozone.MiniOzoneClusterImpl (MiniOzoneClusterImpl.java:lambda$waitForClusterToBeReady$0(219)) - Waiting for cluster to exit safe mode
2022-07-12 23:21:31,061 [Listener at 127.0.0.1/33951] INFO  ozone.MiniOzoneClusterImpl (MiniOzoneClusterImpl.java:lambda$waitForClusterToBeReady$0(221)) - SCM became leader
2022-07-12 23:21:31,443 [3dc18fc5-3e49-4023-b384-bf494200b733@group-AEFA195D9E78-FollowerState] INFO  impl.FollowerState (FollowerState.java:run(143)) - 3dc18fc5-3e49-4023-b384-bf494200b733@group-AEFA195D9E78-FollowerState: change to CANDIDATE, lastRpcElapsedTime:5148916341ns, electionTimeout:5138ms
2022-07-12 23:21:31,444 [3dc18fc5-3e49-4023-b384-bf494200b733@group-AEFA195D9E78-FollowerState] INFO  impl.RoleInfo (RoleInfo.java:shutdownFollowerState(110)) - 3dc18fc5-3e49-4023-b384-bf494200b733: shutdown 3dc18fc5-3e49-4023-b384-bf494200b733@group-AEFA195D9E78-FollowerState
2022-07-12 23:21:31,444 [3dc18fc5-3e49-4023-b384-bf494200b733@group-AEFA195D9E78-FollowerState] INFO  server.RaftServer$Division (RaftServerImpl.java:setRole(299)) - 3dc18fc5-3e49-4023-b384-bf494200b733@group-AEFA195D9E78: changes role from  FOLLOWER to CANDIDATE at term 0 for changeToCandidate
2022-07-12 23:21:31,444 [3dc18fc5-3e49-4023-b384-bf494200b733@group-AEFA195D9E78-FollowerState] INFO  server.RaftServerConfigKeys (ConfUtils.java:logGet(46)) - raft.server.leaderelection.pre-vote = false (custom)
2022-07-12 23:21:31,444 [3dc18fc5-3e49-4023-b384-bf494200b733@group-AEFA195D9E78-FollowerState] INFO  impl.RoleInfo (RoleInfo.java:updateAndGet(139)) - 3dc18fc5-3e49-4023-b384-bf494200b733: start 3dc18fc5-3e49-4023-b384-bf494200b733@group-AEFA195D9E78-LeaderElection24
2022-07-12 23:21:31,477 [3dc18fc5-3e49-4023-b384-bf494200b733@group-AEFA195D9E78-LeaderElection24] INFO  impl.LeaderElection (LeaderElection.java:askForVotes(310)) - 3dc18fc5-3e49-4023-b384-bf494200b733@group-AEFA195D9E78-LeaderElection24 ELECTION round 0: submit vote requests at term 1 for -1: [3dc18fc5-3e49-4023-b384-bf494200b733|rpc:10.1.0.13:38825|priority:1], old=null
2022-07-12 23:21:31,477 [3dc18fc5-3e49-4023-b384-bf494200b733@group-AEFA195D9E78-LeaderElection24] INFO  impl.LeaderElection (LeaderElection.java:askForVotes(312)) - 3dc18fc5-3e49-4023-b384-bf494200b733@group-AEFA195D9E78-LeaderElection24 ELECTION round 0: result PASSED (term=1)
2022-07-12 23:21:31,477 [3dc18fc5-3e49-4023-b384-bf494200b733@group-AEFA195D9E78-LeaderElection24] INFO  impl.RoleInfo (RoleInfo.java:shutdownLeaderElection(130)) - 3dc18fc5-3e49-4023-b384-bf494200b733: shutdown 3dc18fc5-3e49-4023-b384-bf494200b733@group-AEFA195D9E78-LeaderElection24
2022-07-12 23:21:31,477 [3dc18fc5-3e49-4023-b384-bf494200b733@group-AEFA195D9E78-LeaderElection24] INFO  server.RaftServer$Division (RaftServerImpl.java:setRole(299)) - 3dc18fc5-3e49-4023-b384-bf494200b733@group-AEFA195D9E78: changes role from CANDIDATE to LEADER at term 1 for changeToLeader
2022-07-12 23:21:31,477 [3dc18fc5-3e49-4023-b384-bf494200b733@group-AEFA195D9E78-LeaderElection24] INFO  ratis.XceiverServerRatis (XceiverServerRatis.java:handleLeaderChangedNotification(863)) - Leader change notification received for group: group-AEFA195D9E78 with new leaderId: 3dc18fc5-3e49-4023-b384-bf494200b733
2022-07-12 23:21:31,477 [3dc18fc5-3e49-4023-b384-bf494200b733@group-AEFA195D9E78-LeaderElection24] INFO  server.RaftServer$Division (ServerState.java:setLeader(287)) - 3dc18fc5-3e49-4023-b384-bf494200b733@group-AEFA195D9E78: change Leader from null to 3dc18fc5-3e49-4023-b384-bf494200b733 at term 1 for becomeLeader, leader elected after 5204ms
2022-07-12 23:21:31,477 [3dc18fc5-3e49-4023-b384-bf494200b733@group-AEFA195D9E78-LeaderElection24] INFO  server.RaftServerConfigKeys (ConfUtils.java:logGet(46)) - raft.server.staging.catchup.gap = 1000 (default)
2022-07-12 23:21:31,478 [3dc18fc5-3e49-4023-b384-bf494200b733@group-AEFA195D9E78-LeaderElection24] INFO  server.RaftServerConfigKeys (ConfUtils.java:logGet(46)) - raft.server.write.element-limit = 1024 (custom)
2022-07-12 23:21:31,478 [3dc18fc5-3e49-4023-b384-bf494200b733@group-AEFA195D9E78-LeaderElection24] INFO  server.RaftServerConfigKeys (ConfUtils.java:logGet(46)) - raft.server.write.byte-limit = 1024 M (=1073741824) (custom)
2022-07-12 23:21:31,478 [3dc18fc5-3e49-4023-b384-bf494200b733@group-AEFA195D9E78-LeaderElection24] INFO  server.RaftServerConfigKeys (ConfUtils.java:logGet(46)) - raft.server.watch.timeout = 180s (custom)
2022-07-12 23:21:31,478 [3dc18fc5-3e49-4023-b384-bf494200b733@group-AEFA195D9E78-LeaderElection24] INFO  server.RaftServerConfigKeys (ConfUtils.java:logGet(46)) - raft.server.watch.timeout.denomination = 1s (default)
2022-07-12 23:21:31,478 [3dc18fc5-3e49-4023-b384-bf494200b733@group-AEFA195D9E78-LeaderElection24] INFO  server.RaftServerConfigKeys (ConfUtils.java:logGet(46)) - raft.server.watch.element-limit = 65536 (default)
2022-07-12 23:21:31,478 [3dc18fc5-3e49-4023-b384-bf494200b733@group-AEFA195D9E78-LeaderElection24] INFO  server.RaftServerConfigKeys (ConfUtils.java:logGet(46)) - raft.server.write.element-limit = 1024 (custom)
2022-07-12 23:21:31,478 [3dc18fc5-3e49-4023-b384-bf494200b733@group-AEFA195D9E78-LeaderElection24] INFO  server.RaftServerConfigKeys (ConfUtils.java:logGet(46)) - raft.server.write.follower.gap.ratio.max = -1.0 (default)
2022-07-12 23:21:31,478 [3dc18fc5-3e49-4023-b384-bf494200b733@group-AEFA195D9E78-LeaderElection24] INFO  impl.RoleInfo (RoleInfo.java:updateAndGet(139)) - 3dc18fc5-3e49-4023-b384-bf494200b733: start 3dc18fc5-3e49-4023-b384-bf494200b733@group-AEFA195D9E78-LeaderStateImpl
2022-07-12 23:21:31,479 [3dc18fc5-3e49-4023-b384-bf494200b733@group-AEFA195D9E78-LeaderElection24] INFO  segmented.SegmentedRaftLogWorker (SegmentedRaftLogWorker.java:startLogSegment(425)) - 3dc18fc5-3e49-4023-b384-bf494200b733@group-AEFA195D9E78-SegmentedRaftLogWorker: Starting segment from index:0
2022-07-12 23:21:31,480 [EventQueue-OpenPipelineForHealthyPipelineSafeModeRule] INFO  safemode.SCMSafeModeManager (HealthyPipelineSafeModeRule.java:process(137)) - SCM in safe mode. Healthy pipelines reported count is 0, required healthy pipeline reported count is 1
2022-07-12 23:21:31,481 [3dc18fc5-3e49-4023-b384-bf494200b733@group-AEFA195D9E78-SegmentedRaftLogWorker] INFO  segmented.SegmentedRaftLogWorker (SegmentedRaftLogWorker.java:execute(629)) - 3dc18fc5-3e49-4023-b384-bf494200b733@group-AEFA195D9E78-SegmentedRaftLogWorker: created new log segment /home/runner/work/ozone/ozone/hadoop-ozone/integration-test/target/test-dir/MiniOzoneClusterImpl-3123aa8d-fa91-45ac-9e39-716c5a908d99/datanode-3/data/ratis/29b69e23-201f-4511-9ec9-aefa195d9e78/current/log_inprogress_0
2022-07-12 23:21:31,493 [3dc18fc5-3e49-4023-b384-bf494200b733@group-AEFA195D9E78-LeaderElection24] INFO  server.RaftServer$Division (ServerState.java:setRaftConf(393)) - 3dc18fc5-3e49-4023-b384-bf494200b733@group-AEFA195D9E78: set configuration 0: [3dc18fc5-3e49-4023-b384-bf494200b733|rpc:10.1.0.13:38825|dataStream:|priority:1], old=null
2022-07-12 23:21:32,062 [Listener at 127.0.0.1/33951] INFO  ozone.MiniOzoneClusterImpl (MiniOzoneClusterImpl.java:lambda$waitForClusterToBeReady$0(216)) - Nodes are ready. Got 5 of 5 DN Heartbeats.
2022-07-12 23:21:32,062 [Listener at 127.0.0.1/33951] INFO  ozone.MiniOzoneClusterImpl (MiniOzoneClusterImpl.java:lambda$waitForClusterToBeReady$0(219)) - Waiting for cluster to exit safe mode
2022-07-12 23:21:32,062 [Listener at 127.0.0.1/33951] INFO  ozone.MiniOzoneClusterImpl (MiniOzoneClusterImpl.java:lambda$waitForClusterToBeReady$0(221)) - SCM became leader
2022-07-12 23:21:32,174 [e98b1687-6bde-4276-a421-38d9542bb191@group-0488FE010979-FollowerState] INFO  impl.FollowerState (FollowerState.java:run(143)) - e98b1687-6bde-4276-a421-38d9542bb191@group-0488FE010979-FollowerState: change to CANDIDATE, lastRpcElapsedTime:5029308388ns, electionTimeout:5020ms
2022-07-12 23:21:32,174 [e98b1687-6bde-4276-a421-38d9542bb191@group-0488FE010979-FollowerState] INFO  impl.RoleInfo (RoleInfo.java:shutdownFollowerState(110)) - e98b1687-6bde-4276-a421-38d9542bb191: shutdown e98b1687-6bde-4276-a421-38d9542bb191@group-0488FE010979-FollowerState
2022-07-12 23:21:32,174 [e98b1687-6bde-4276-a421-38d9542bb191@group-0488FE010979-FollowerState] INFO  server.RaftServer$Division (RaftServerImpl.java:setRole(299)) - e98b1687-6bde-4276-a421-38d9542bb191@group-0488FE010979: changes role from  FOLLOWER to CANDIDATE at term 0 for changeToCandidate
2022-07-12 23:21:32,174 [e98b1687-6bde-4276-a421-38d9542bb191@group-0488FE010979-FollowerState] INFO  server.RaftServerConfigKeys (ConfUtils.java:logGet(46)) - raft.server.leaderelection.pre-vote = false (custom)
2022-07-12 23:21:32,174 [e98b1687-6bde-4276-a421-38d9542bb191@group-0488FE010979-FollowerState] INFO  impl.RoleInfo (RoleInfo.java:updateAndGet(139)) - e98b1687-6bde-4276-a421-38d9542bb191: start e98b1687-6bde-4276-a421-38d9542bb191@group-0488FE010979-LeaderElection25
2022-07-12 23:21:32,224 [e98b1687-6bde-4276-a421-38d9542bb191@group-0488FE010979-LeaderElection25] INFO  impl.LeaderElection (LeaderElection.java:askForVotes(310)) - e98b1687-6bde-4276-a421-38d9542bb191@group-0488FE010979-LeaderElection25 ELECTION round 0: submit vote requests at term 1 for -1: [e98b1687-6bde-4276-a421-38d9542bb191|rpc:10.1.0.13:46699|priority:1], old=null
2022-07-12 23:21:32,225 [e98b1687-6bde-4276-a421-38d9542bb191@group-0488FE010979-LeaderElection25] INFO  impl.LeaderElection (LeaderElection.java:askForVotes(312)) - e98b1687-6bde-4276-a421-38d9542bb191@group-0488FE010979-LeaderElection25 ELECTION round 0: result PASSED (term=1)
2022-07-12 23:21:32,225 [e98b1687-6bde-4276-a421-38d9542bb191@group-0488FE010979-LeaderElection25] INFO  impl.RoleInfo (RoleInfo.java:shutdownLeaderElection(130)) - e98b1687-6bde-4276-a421-38d9542bb191: shutdown e98b1687-6bde-4276-a421-38d9542bb191@group-0488FE010979-LeaderElection25
2022-07-12 23:21:32,225 [e98b1687-6bde-4276-a421-38d9542bb191@group-0488FE010979-LeaderElection25] INFO  server.RaftServer$Division (RaftServerImpl.java:setRole(299)) - e98b1687-6bde-4276-a421-38d9542bb191@group-0488FE010979: changes role from CANDIDATE to LEADER at term 1 for changeToLeader
2022-07-12 23:21:32,225 [e98b1687-6bde-4276-a421-38d9542bb191@group-0488FE010979-LeaderElection25] INFO  ratis.XceiverServerRatis (XceiverServerRatis.java:handleLeaderChangedNotification(863)) - Leader change notification received for group: group-0488FE010979 with new leaderId: e98b1687-6bde-4276-a421-38d9542bb191
2022-07-12 23:21:32,225 [e98b1687-6bde-4276-a421-38d9542bb191@group-0488FE010979-LeaderElection25] INFO  server.RaftServer$Division (ServerState.java:setLeader(287)) - e98b1687-6bde-4276-a421-38d9542bb191@group-0488FE010979: change Leader from null to e98b1687-6bde-4276-a421-38d9542bb191 at term 1 for becomeLeader, leader elected after 5099ms
2022-07-12 23:21:32,225 [e98b1687-6bde-4276-a421-38d9542bb191@group-0488FE010979-LeaderElection25] INFO  server.RaftServerConfigKeys (ConfUtils.java:logGet(46)) - raft.server.staging.catchup.gap = 1000 (default)
2022-07-12 23:21:32,225 [e98b1687-6bde-4276-a421-38d9542bb191@group-0488FE010979-LeaderElection25] INFO  server.RaftServerConfigKeys (ConfUtils.java:logGet(46)) - raft.server.write.element-limit = 1024 (custom)
2022-07-12 23:21:32,225 [e98b1687-6bde-4276-a421-38d9542bb191@group-0488FE010979-LeaderElection25] INFO  server.RaftServerConfigKeys (ConfUtils.java:logGet(46)) - raft.server.write.byte-limit = 1024 M (=1073741824) (custom)
2022-07-12 23:21:32,225 [e98b1687-6bde-4276-a421-38d9542bb191@group-0488FE010979-LeaderElection25] INFO  server.RaftServerConfigKeys (ConfUtils.java:logGet(46)) - raft.server.watch.timeout = 180s (custom)
2022-07-12 23:21:32,226 [e98b1687-6bde-4276-a421-38d9542bb191@group-0488FE010979-LeaderElection25] INFO  server.RaftServerConfigKeys (ConfUtils.java:logGet(46)) - raft.server.watch.timeout.denomination = 1s (default)
2022-07-12 23:21:32,226 [e98b1687-6bde-4276-a421-38d9542bb191@group-0488FE010979-LeaderElection25] INFO  server.RaftServerConfigKeys (ConfUtils.java:logGet(46)) - raft.server.watch.element-limit = 65536 (default)
2022-07-12 23:21:32,226 [e98b1687-6bde-4276-a421-38d9542bb191@group-0488FE010979-LeaderElection25] INFO  server.RaftServerConfigKeys (ConfUtils.java:logGet(46)) - raft.server.write.element-limit = 1024 (custom)
2022-07-12 23:21:32,226 [e98b1687-6bde-4276-a421-38d9542bb191@group-0488FE010979-LeaderElection25] INFO  server.RaftServerConfigKeys (ConfUtils.java:logGet(46)) - raft.server.write.follower.gap.ratio.max = -1.0 (default)
2022-07-12 23:21:32,226 [e98b1687-6bde-4276-a421-38d9542bb191@group-0488FE010979-LeaderElection25] INFO  impl.RoleInfo (RoleInfo.java:updateAndGet(139)) - e98b1687-6bde-4276-a421-38d9542bb191: start e98b1687-6bde-4276-a421-38d9542bb191@group-0488FE010979-LeaderStateImpl
2022-07-12 23:21:32,226 [e98b1687-6bde-4276-a421-38d9542bb191@group-0488FE010979-LeaderElection25] INFO  segmented.SegmentedRaftLogWorker (SegmentedRaftLogWorker.java:startLogSegment(425)) - e98b1687-6bde-4276-a421-38d9542bb191@group-0488FE010979-SegmentedRaftLogWorker: Starting segment from index:0
2022-07-12 23:21:32,228 [EventQueue-OpenPipelineForHealthyPipelineSafeModeRule] INFO  safemode.SCMSafeModeManager (HealthyPipelineSafeModeRule.java:process(137)) - SCM in safe mode. Healthy pipelines reported count is 0, required healthy pipeline reported count is 1
2022-07-12 23:21:32,232 [e98b1687-6bde-4276-a421-38d9542bb191@group-0488FE010979-LeaderElection25] INFO  server.RaftServer$Division (ServerState.java:setRaftConf(393)) - e98b1687-6bde-4276-a421-38d9542bb191@group-0488FE010979: set configuration 0: [e98b1687-6bde-4276-a421-38d9542bb191|rpc:10.1.0.13:46699|dataStream:|priority:1], old=null
2022-07-12 23:21:32,243 [e98b1687-6bde-4276-a421-38d9542bb191@group-0488FE010979-SegmentedRaftLogWorker] INFO  segmented.SegmentedRaftLogWorker (SegmentedRaftLogWorker.java:execute(629)) - e98b1687-6bde-4276-a421-38d9542bb191@group-0488FE010979-SegmentedRaftLogWorker: created new log segment /home/runner/work/ozone/ozone/hadoop-ozone/integration-test/target/test-dir/MiniOzoneClusterImpl-3123aa8d-fa91-45ac-9e39-716c5a908d99/datanode-4/data/ratis/3afb1190-caf8-42a8-8f4f-0488fe010979/current/log_inprogress_0
2022-07-12 23:21:33,062 [Listener at 127.0.0.1/33951] INFO  ozone.MiniOzoneClusterImpl (MiniOzoneClusterImpl.java:lambda$waitForClusterToBeReady$0(216)) - Nodes are ready. Got 5 of 5 DN Heartbeats.
2022-07-12 23:21:33,063 [Listener at 127.0.0.1/33951] INFO  ozone.MiniOzoneClusterImpl (MiniOzoneClusterImpl.java:lambda$waitForClusterToBeReady$0(219)) - Waiting for cluster to exit safe mode
2022-07-12 23:21:33,063 [Listener at 127.0.0.1/33951] INFO  ozone.MiniOzoneClusterImpl (MiniOzoneClusterImpl.java:lambda$waitForClusterToBeReady$0(221)) - SCM became leader
2022-07-12 23:21:34,063 [Listener at 127.0.0.1/33951] INFO  ozone.MiniOzoneClusterImpl (MiniOzoneClusterImpl.java:lambda$waitForClusterToBeReady$0(216)) - Nodes are ready. Got 5 of 5 DN Heartbeats.
2022-07-12 23:21:34,063 [Listener at 127.0.0.1/33951] INFO  ozone.MiniOzoneClusterImpl (MiniOzoneClusterImpl.java:lambda$waitForClusterToBeReady$0(219)) - Waiting for cluster to exit safe mode
2022-07-12 23:21:34,063 [Listener at 127.0.0.1/33951] INFO  ozone.MiniOzoneClusterImpl (MiniOzoneClusterImpl.java:lambda$waitForClusterToBeReady$0(221)) - SCM became leader
2022-07-12 23:21:34,118 [41187bab-18a7-4c36-af27-173f83643b8d@group-8EF177E20F12-FollowerState] INFO  impl.FollowerState (FollowerState.java:run(143)) - 41187bab-18a7-4c36-af27-173f83643b8d@group-8EF177E20F12-FollowerState: change to CANDIDATE, lastRpcElapsedTime:5109082168ns, electionTimeout:5080ms
2022-07-12 23:21:34,119 [41187bab-18a7-4c36-af27-173f83643b8d@group-8EF177E20F12-FollowerState] INFO  impl.RoleInfo (RoleInfo.java:shutdownFollowerState(110)) - 41187bab-18a7-4c36-af27-173f83643b8d: shutdown 41187bab-18a7-4c36-af27-173f83643b8d@group-8EF177E20F12-FollowerState
2022-07-12 23:21:34,119 [41187bab-18a7-4c36-af27-173f83643b8d@group-8EF177E20F12-FollowerState] INFO  server.RaftServer$Division (RaftServerImpl.java:setRole(299)) - 41187bab-18a7-4c36-af27-173f83643b8d@group-8EF177E20F12: changes role from  FOLLOWER to CANDIDATE at term 1 for changeToCandidate
2022-07-12 23:21:34,119 [41187bab-18a7-4c36-af27-173f83643b8d@group-8EF177E20F12-FollowerState] INFO  server.RaftServerConfigKeys (ConfUtils.java:logGet(46)) - raft.server.leaderelection.pre-vote = false (custom)
2022-07-12 23:21:34,119 [41187bab-18a7-4c36-af27-173f83643b8d@group-8EF177E20F12-FollowerState] INFO  impl.RoleInfo (RoleInfo.java:updateAndGet(139)) - 41187bab-18a7-4c36-af27-173f83643b8d: start 41187bab-18a7-4c36-af27-173f83643b8d@group-8EF177E20F12-LeaderElection26
2022-07-12 23:21:34,128 [70125d14-2432-4845-91b4-d6c12e89dffb@group-8EF177E20F12-FollowerState] INFO  impl.FollowerState (FollowerState.java:run(143)) - 70125d14-2432-4845-91b4-d6c12e89dffb@group-8EF177E20F12-FollowerState: change to CANDIDATE, lastRpcElapsedTime:5038575451ns, electionTimeout:5031ms
2022-07-12 23:21:34,128 [70125d14-2432-4845-91b4-d6c12e89dffb@group-8EF177E20F12-FollowerState] INFO  impl.RoleInfo (RoleInfo.java:shutdownFollowerState(110)) - 70125d14-2432-4845-91b4-d6c12e89dffb: shutdown 70125d14-2432-4845-91b4-d6c12e89dffb@group-8EF177E20F12-FollowerState
2022-07-12 23:21:34,128 [70125d14-2432-4845-91b4-d6c12e89dffb@group-8EF177E20F12-FollowerState] INFO  server.RaftServer$Division (RaftServerImpl.java:setRole(299)) - 70125d14-2432-4845-91b4-d6c12e89dffb@group-8EF177E20F12: changes role from  FOLLOWER to CANDIDATE at term 1 for changeToCandidate
2022-07-12 23:21:34,128 [70125d14-2432-4845-91b4-d6c12e89dffb@group-8EF177E20F12-FollowerState] INFO  server.RaftServerConfigKeys (ConfUtils.java:logGet(46)) - raft.server.leaderelection.pre-vote = false (custom)
2022-07-12 23:21:34,128 [70125d14-2432-4845-91b4-d6c12e89dffb@group-8EF177E20F12-FollowerState] INFO  impl.RoleInfo (RoleInfo.java:updateAndGet(139)) - 70125d14-2432-4845-91b4-d6c12e89dffb: start 70125d14-2432-4845-91b4-d6c12e89dffb@group-8EF177E20F12-LeaderElection27
2022-07-12 23:21:34,139 [41187bab-18a7-4c36-af27-173f83643b8d@group-8EF177E20F12-LeaderElection26] INFO  impl.LeaderElection (LeaderElection.java:askForVotes(310)) - 41187bab-18a7-4c36-af27-173f83643b8d@group-8EF177E20F12-LeaderElection26 ELECTION round 0: submit vote requests at term 2 for -1: [41187bab-18a7-4c36-af27-173f83643b8d|rpc:10.1.0.13:46095|dataStream:|priority:1, b5be010a-4f88-45a2-86a4-37bd0d52b4ef|rpc:10.1.0.13:38059|dataStream:|priority:0, 70125d14-2432-4845-91b4-d6c12e89dffb|rpc:10.1.0.13:46501|dataStream:|priority:0], old=null
2022-07-12 23:21:34,161 [70125d14-2432-4845-91b4-d6c12e89dffb@group-8EF177E20F12-LeaderElection27] INFO  impl.LeaderElection (LeaderElection.java:askForVotes(310)) - 70125d14-2432-4845-91b4-d6c12e89dffb@group-8EF177E20F12-LeaderElection27 ELECTION round 0: submit vote requests at term 2 for -1: [41187bab-18a7-4c36-af27-173f83643b8d|rpc:10.1.0.13:46095|dataStream:|priority:1, b5be010a-4f88-45a2-86a4-37bd0d52b4ef|rpc:10.1.0.13:38059|dataStream:|priority:0, 70125d14-2432-4845-91b4-d6c12e89dffb|rpc:10.1.0.13:46501|dataStream:|priority:0], old=null
2022-07-12 23:21:34,195 [b5be010a-4f88-45a2-86a4-37bd0d52b4ef@group-8EF177E20F12-FollowerState] INFO  impl.FollowerState (FollowerState.java:run(143)) - b5be010a-4f88-45a2-86a4-37bd0d52b4ef@group-8EF177E20F12-FollowerState: change to CANDIDATE, lastRpcElapsedTime:5145670487ns, electionTimeout:5137ms
2022-07-12 23:21:34,195 [b5be010a-4f88-45a2-86a4-37bd0d52b4ef@group-8EF177E20F12-FollowerState] INFO  impl.RoleInfo (RoleInfo.java:shutdownFollowerState(110)) - b5be010a-4f88-45a2-86a4-37bd0d52b4ef: shutdown b5be010a-4f88-45a2-86a4-37bd0d52b4ef@group-8EF177E20F12-FollowerState
2022-07-12 23:21:34,195 [b5be010a-4f88-45a2-86a4-37bd0d52b4ef@group-8EF177E20F12-FollowerState] INFO  server.RaftServer$Division (RaftServerImpl.java:setRole(299)) - b5be010a-4f88-45a2-86a4-37bd0d52b4ef@group-8EF177E20F12: changes role from  FOLLOWER to CANDIDATE at term 1 for changeToCandidate
2022-07-12 23:21:34,195 [grpc-default-executor-2] INFO  server.RaftServer$Division (RaftServerImpl.java:requestVote(1152)) - b5be010a-4f88-45a2-86a4-37bd0d52b4ef@group-8EF177E20F12: receive requestVote(ELECTION, 41187bab-18a7-4c36-af27-173f83643b8d, group-8EF177E20F12, 2, (t:0, i:0))
2022-07-12 23:21:34,195 [b5be010a-4f88-45a2-86a4-37bd0d52b4ef@group-8EF177E20F12-FollowerState] INFO  server.RaftServerConfigKeys (ConfUtils.java:logGet(46)) - raft.server.leaderelection.pre-vote = false (custom)
2022-07-12 23:21:34,196 [b5be010a-4f88-45a2-86a4-37bd0d52b4ef@group-8EF177E20F12-FollowerState] INFO  impl.RoleInfo (RoleInfo.java:updateAndGet(139)) - b5be010a-4f88-45a2-86a4-37bd0d52b4ef: start b5be010a-4f88-45a2-86a4-37bd0d52b4ef@group-8EF177E20F12-LeaderElection28
2022-07-12 23:21:34,196 [grpc-default-executor-2] INFO  impl.VoteContext (VoteContext.java:log(48)) - b5be010a-4f88-45a2-86a4-37bd0d52b4ef@group-8EF177E20F12-CANDIDATE: accept ELECTION from 41187bab-18a7-4c36-af27-173f83643b8d: our priority 0 <= candidate's priority 1
2022-07-12 23:21:34,196 [grpc-default-executor-2] INFO  server.RaftServer$Division (RaftServerImpl.java:setRole(299)) - b5be010a-4f88-45a2-86a4-37bd0d52b4ef@group-8EF177E20F12: changes role from CANDIDATE to FOLLOWER at term 2 for candidate:41187bab-18a7-4c36-af27-173f83643b8d
2022-07-12 23:21:34,196 [grpc-default-executor-2] INFO  impl.RoleInfo (RoleInfo.java:shutdownLeaderElection(130)) - b5be010a-4f88-45a2-86a4-37bd0d52b4ef: shutdown b5be010a-4f88-45a2-86a4-37bd0d52b4ef@group-8EF177E20F12-LeaderElection28
2022-07-12 23:21:34,197 [grpc-default-executor-2] INFO  impl.RoleInfo (RoleInfo.java:updateAndGet(139)) - b5be010a-4f88-45a2-86a4-37bd0d52b4ef: start b5be010a-4f88-45a2-86a4-37bd0d52b4ef@group-8EF177E20F12-FollowerState
2022-07-12 23:21:34,197 [b5be010a-4f88-45a2-86a4-37bd0d52b4ef@group-8EF177E20F12-LeaderElection28] INFO  impl.LeaderElection (LeaderElection.java:run(231)) - b5be010a-4f88-45a2-86a4-37bd0d52b4ef@group-8EF177E20F12-LeaderElection28: skip running since this is already CLOSING
2022-07-12 23:21:34,218 [grpc-default-executor-1] INFO  server.RaftServer$Division (RaftServerImpl.java:requestVote(1152)) - b5be010a-4f88-45a2-86a4-37bd0d52b4ef@group-8EF177E20F12: receive requestVote(ELECTION, 70125d14-2432-4845-91b4-d6c12e89dffb, group-8EF177E20F12, 2, (t:0, i:0))
2022-07-12 23:21:34,219 [grpc-default-executor-0] INFO  server.RaftServer$Division (RaftServerImpl.java:requestVote(1152)) - 41187bab-18a7-4c36-af27-173f83643b8d@group-8EF177E20F12: receive requestVote(ELECTION, 70125d14-2432-4845-91b4-d6c12e89dffb, group-8EF177E20F12, 2, (t:0, i:0))
2022-07-12 23:21:34,219 [grpc-default-executor-3] INFO  server.RaftServer$Division (RaftServerImpl.java:requestVote(1152)) - 70125d14-2432-4845-91b4-d6c12e89dffb@group-8EF177E20F12: receive requestVote(ELECTION, 41187bab-18a7-4c36-af27-173f83643b8d, group-8EF177E20F12, 2, (t:0, i:0))
2022-07-12 23:21:34,219 [grpc-default-executor-0] INFO  impl.VoteContext (VoteContext.java:log(48)) - 41187bab-18a7-4c36-af27-173f83643b8d@group-8EF177E20F12-CANDIDATE: reject ELECTION from 70125d14-2432-4845-91b4-d6c12e89dffb: already has voted for 41187bab-18a7-4c36-af27-173f83643b8d at current term 2
2022-07-12 23:21:34,219 [grpc-default-executor-0] INFO  server.RaftServer$Division (RaftServerImpl.java:requestVote(1184)) - 41187bab-18a7-4c36-af27-173f83643b8d@group-8EF177E20F12 replies to ELECTION vote request: 70125d14-2432-4845-91b4-d6c12e89dffb<-41187bab-18a7-4c36-af27-173f83643b8d#0:FAIL-t2. Peer's state: 41187bab-18a7-4c36-af27-173f83643b8d@group-8EF177E20F12:t2, leader=null, voted=41187bab-18a7-4c36-af27-173f83643b8d, raftlog=41187bab-18a7-4c36-af27-173f83643b8d@group-8EF177E20F12-SegmentedRaftLog:OPENED:c-1, conf=-1: [41187bab-18a7-4c36-af27-173f83643b8d|rpc:10.1.0.13:46095|dataStream:|priority:1, b5be010a-4f88-45a2-86a4-37bd0d52b4ef|rpc:10.1.0.13:38059|dataStream:|priority:0, 70125d14-2432-4845-91b4-d6c12e89dffb|rpc:10.1.0.13:46501|dataStream:|priority:0], old=null
2022-07-12 23:21:34,220 [grpc-default-executor-2] INFO  server.RaftServer$Division (RaftServerImpl.java:requestVote(1184)) - b5be010a-4f88-45a2-86a4-37bd0d52b4ef@group-8EF177E20F12 replies to ELECTION vote request: 41187bab-18a7-4c36-af27-173f83643b8d<-b5be010a-4f88-45a2-86a4-37bd0d52b4ef#0:OK-t2. Peer's state: b5be010a-4f88-45a2-86a4-37bd0d52b4ef@group-8EF177E20F12:t2, leader=null, voted=41187bab-18a7-4c36-af27-173f83643b8d, raftlog=b5be010a-4f88-45a2-86a4-37bd0d52b4ef@group-8EF177E20F12-SegmentedRaftLog:OPENED:c-1, conf=-1: [41187bab-18a7-4c36-af27-173f83643b8d|rpc:10.1.0.13:46095|priority:1, b5be010a-4f88-45a2-86a4-37bd0d52b4ef|rpc:10.1.0.13:38059|priority:0, 70125d14-2432-4845-91b4-d6c12e89dffb|rpc:10.1.0.13:46501|priority:0], old=null
2022-07-12 23:21:34,221 [grpc-default-executor-1] INFO  impl.VoteContext (VoteContext.java:log(48)) - b5be010a-4f88-45a2-86a4-37bd0d52b4ef@group-8EF177E20F12-FOLLOWER: reject ELECTION from 70125d14-2432-4845-91b4-d6c12e89dffb: already has voted for 41187bab-18a7-4c36-af27-173f83643b8d at current term 2
2022-07-12 23:21:34,221 [grpc-default-executor-1] INFO  server.RaftServer$Division (RaftServerImpl.java:requestVote(1184)) - b5be010a-4f88-45a2-86a4-37bd0d52b4ef@group-8EF177E20F12 replies to ELECTION vote request: 70125d14-2432-4845-91b4-d6c12e89dffb<-b5be010a-4f88-45a2-86a4-37bd0d52b4ef#0:FAIL-t2. Peer's state: b5be010a-4f88-45a2-86a4-37bd0d52b4ef@group-8EF177E20F12:t2, leader=null, voted=41187bab-18a7-4c36-af27-173f83643b8d, raftlog=b5be010a-4f88-45a2-86a4-37bd0d52b4ef@group-8EF177E20F12-SegmentedRaftLog:OPENED:c-1, conf=-1: [41187bab-18a7-4c36-af27-173f83643b8d|rpc:10.1.0.13:46095|priority:1, b5be010a-4f88-45a2-86a4-37bd0d52b4ef|rpc:10.1.0.13:38059|priority:0, 70125d14-2432-4845-91b4-d6c12e89dffb|rpc:10.1.0.13:46501|priority:0], old=null
2022-07-12 23:21:34,219 [grpc-default-executor-3] INFO  impl.VoteContext (VoteContext.java:log(48)) - 70125d14-2432-4845-91b4-d6c12e89dffb@group-8EF177E20F12-CANDIDATE: reject ELECTION from 41187bab-18a7-4c36-af27-173f83643b8d: already has voted for 70125d14-2432-4845-91b4-d6c12e89dffb at current term 2
2022-07-12 23:21:34,230 [grpc-default-executor-3] INFO  server.RaftServer$Division (RaftServerImpl.java:requestVote(1184)) - 70125d14-2432-4845-91b4-d6c12e89dffb@group-8EF177E20F12 replies to ELECTION vote request: 41187bab-18a7-4c36-af27-173f83643b8d<-70125d14-2432-4845-91b4-d6c12e89dffb#0:FAIL-t2. Peer's state: 70125d14-2432-4845-91b4-d6c12e89dffb@group-8EF177E20F12:t2, leader=null, voted=70125d14-2432-4845-91b4-d6c12e89dffb, raftlog=70125d14-2432-4845-91b4-d6c12e89dffb@group-8EF177E20F12-SegmentedRaftLog:OPENED:c-1, conf=-1: [41187bab-18a7-4c36-af27-173f83643b8d|rpc:10.1.0.13:46095|dataStream:|priority:1, b5be010a-4f88-45a2-86a4-37bd0d52b4ef|rpc:10.1.0.13:38059|dataStream:|priority:0, 70125d14-2432-4845-91b4-d6c12e89dffb|rpc:10.1.0.13:46501|dataStream:|priority:0], old=null
2022-07-12 23:21:34,230 [41187bab-18a7-4c36-af27-173f83643b8d@group-8EF177E20F12-LeaderElection26] INFO  impl.LeaderElection (LeaderElection.java:logAndReturn(90)) - 41187bab-18a7-4c36-af27-173f83643b8d@group-8EF177E20F12-LeaderElection26: ELECTION PASSED received 1 response(s) and 0 exception(s):
2022-07-12 23:21:34,230 [41187bab-18a7-4c36-af27-173f83643b8d@group-8EF177E20F12-LeaderElection26] INFO  impl.LeaderElection (LeaderElection.java:logAndReturn(94)) -   Response 0: 41187bab-18a7-4c36-af27-173f83643b8d<-b5be010a-4f88-45a2-86a4-37bd0d52b4ef#0:OK-t2
2022-07-12 23:21:34,230 [41187bab-18a7-4c36-af27-173f83643b8d@group-8EF177E20F12-LeaderElection26] INFO  impl.LeaderElection (LeaderElection.java:askForVotes(312)) - 41187bab-18a7-4c36-af27-173f83643b8d@group-8EF177E20F12-LeaderElection26 ELECTION round 0: result PASSED
2022-07-12 23:21:34,230 [41187bab-18a7-4c36-af27-173f83643b8d@group-8EF177E20F12-LeaderElection26] INFO  impl.RoleInfo (RoleInfo.java:shutdownLeaderElection(130)) - 41187bab-18a7-4c36-af27-173f83643b8d: shutdown 41187bab-18a7-4c36-af27-173f83643b8d@group-8EF177E20F12-LeaderElection26
2022-07-12 23:21:34,230 [41187bab-18a7-4c36-af27-173f83643b8d@group-8EF177E20F12-LeaderElection26] INFO  server.RaftServer$Division (RaftServerImpl.java:setRole(299)) - 41187bab-18a7-4c36-af27-173f83643b8d@group-8EF177E20F12: changes role from CANDIDATE to LEADER at term 2 for changeToLeader
2022-07-12 23:21:34,231 [41187bab-18a7-4c36-af27-173f83643b8d@group-8EF177E20F12-LeaderElection26] INFO  ratis.XceiverServerRatis (XceiverServerRatis.java:handleLeaderChangedNotification(863)) - Leader change notification received for group: group-8EF177E20F12 with new leaderId: 41187bab-18a7-4c36-af27-173f83643b8d
2022-07-12 23:21:34,231 [41187bab-18a7-4c36-af27-173f83643b8d@group-8EF177E20F12-LeaderElection26] INFO  server.RaftServer$Division (ServerState.java:setLeader(287)) - 41187bab-18a7-4c36-af27-173f83643b8d@group-8EF177E20F12: change Leader from null to 41187bab-18a7-4c36-af27-173f83643b8d at term 2 for becomeLeader, leader elected after 10249ms
2022-07-12 23:21:34,231 [41187bab-18a7-4c36-af27-173f83643b8d@group-8EF177E20F12-LeaderElection26] INFO  server.RaftServerConfigKeys (ConfUtils.java:logGet(46)) - raft.server.staging.catchup.gap = 1000 (default)
2022-07-12 23:21:34,231 [41187bab-18a7-4c36-af27-173f83643b8d@group-8EF177E20F12-LeaderElection26] INFO  server.RaftServerConfigKeys (ConfUtils.java:logGet(46)) - raft.server.write.element-limit = 1024 (custom)
2022-07-12 23:21:34,231 [41187bab-18a7-4c36-af27-173f83643b8d@group-8EF177E20F12-LeaderElection26] INFO  server.RaftServerConfigKeys (ConfUtils.java:logGet(46)) - raft.server.write.byte-limit = 1024 M (=1073741824) (custom)
2022-07-12 23:21:34,231 [41187bab-18a7-4c36-af27-173f83643b8d@group-8EF177E20F12-LeaderElection26] INFO  server.RaftServerConfigKeys (ConfUtils.java:logGet(46)) - raft.server.watch.timeout = 180s (custom)
2022-07-12 23:21:34,231 [41187bab-18a7-4c36-af27-173f83643b8d@group-8EF177E20F12-LeaderElection26] INFO  server.RaftServerConfigKeys (ConfUtils.java:logGet(46)) - raft.server.watch.timeout.denomination = 1s (default)
2022-07-12 23:21:34,231 [41187bab-18a7-4c36-af27-173f83643b8d@group-8EF177E20F12-LeaderElection26] INFO  server.RaftServerConfigKeys (ConfUtils.java:logGet(46)) - raft.server.watch.element-limit = 65536 (default)
2022-07-12 23:21:34,231 [41187bab-18a7-4c36-af27-173f83643b8d@group-8EF177E20F12-LeaderElection26] INFO  server.RaftServerConfigKeys (ConfUtils.java:logGet(46)) - raft.server.write.element-limit = 1024 (custom)
2022-07-12 23:21:34,232 [41187bab-18a7-4c36-af27-173f83643b8d@group-8EF177E20F12-LeaderElection26] INFO  server.RaftServerConfigKeys (ConfUtils.java:logGet(46)) - raft.server.write.follower.gap.ratio.max = -1.0 (default)
2022-07-12 23:21:34,232 [41187bab-18a7-4c36-af27-173f83643b8d@group-8EF177E20F12-LeaderElection26] INFO  server.RaftServerConfigKeys (ConfUtils.java:logGet(46)) - raft.server.log.appender.snapshot.chunk.size.max = 16MB (=16777216) (default)
2022-07-12 23:21:34,232 [41187bab-18a7-4c36-af27-173f83643b8d@group-8EF177E20F12-LeaderElection26] INFO  server.RaftServerConfigKeys (ConfUtils.java:logGet(46)) - raft.server.log.appender.buffer.byte-limit = 33554432 (custom)
2022-07-12 23:21:34,232 [41187bab-18a7-4c36-af27-173f83643b8d@group-8EF177E20F12-LeaderElection26] INFO  server.RaftServerConfigKeys (ConfUtils.java:logGet(46)) - raft.server.log.appender.buffer.element-limit = 1 (custom)
2022-07-12 23:21:34,232 [41187bab-18a7-4c36-af27-173f83643b8d@group-8EF177E20F12-LeaderElection26] INFO  grpc.GrpcConfigKeys (ConfUtils.java:logGet(46)) - raft.grpc.server.leader.outstanding.appends.max = 128 (default)
2022-07-12 23:21:34,232 [41187bab-18a7-4c36-af27-173f83643b8d@group-8EF177E20F12-LeaderElection26] INFO  server.RaftServerConfigKeys (ConfUtils.java:logGet(46)) - raft.server.rpc.request.timeout = 60s (custom)
2022-07-12 23:21:34,232 [41187bab-18a7-4c36-af27-173f83643b8d@group-8EF177E20F12-LeaderElection26] INFO  server.RaftServerConfigKeys (ConfUtils.java:logGet(46)) - raft.server.log.appender.install.snapshot.enabled = false (custom)
2022-07-12 23:21:34,226 [70125d14-2432-4845-91b4-d6c12e89dffb@group-8EF177E20F12-LeaderElection27] INFO  impl.LeaderElection (LeaderElection.java:logAndReturn(90)) - 70125d14-2432-4845-91b4-d6c12e89dffb@group-8EF177E20F12-LeaderElection27: ELECTION REJECTED received 1 response(s) and 0 exception(s):
2022-07-12 23:21:34,233 [70125d14-2432-4845-91b4-d6c12e89dffb@group-8EF177E20F12-LeaderElection27] INFO  impl.LeaderElection (LeaderElection.java:logAndReturn(94)) -   Response 0: 70125d14-2432-4845-91b4-d6c12e89dffb<-41187bab-18a7-4c36-af27-173f83643b8d#0:FAIL-t2
2022-07-12 23:21:34,233 [70125d14-2432-4845-91b4-d6c12e89dffb@group-8EF177E20F12-LeaderElection27] INFO  impl.LeaderElection (LeaderElection.java:askForVotes(312)) - 70125d14-2432-4845-91b4-d6c12e89dffb@group-8EF177E20F12-LeaderElection27 ELECTION round 0: result REJECTED
2022-07-12 23:21:34,233 [70125d14-2432-4845-91b4-d6c12e89dffb@group-8EF177E20F12-LeaderElection27] INFO  server.RaftServer$Division (RaftServerImpl.java:setRole(299)) - 70125d14-2432-4845-91b4-d6c12e89dffb@group-8EF177E20F12: changes role from CANDIDATE to FOLLOWER at term 2 for REJECTED
2022-07-12 23:21:34,233 [70125d14-2432-4845-91b4-d6c12e89dffb@group-8EF177E20F12-LeaderElection27] INFO  impl.RoleInfo (RoleInfo.java:shutdownLeaderElection(130)) - 70125d14-2432-4845-91b4-d6c12e89dffb: shutdown 70125d14-2432-4845-91b4-d6c12e89dffb@group-8EF177E20F12-LeaderElection27
2022-07-12 23:21:34,233 [70125d14-2432-4845-91b4-d6c12e89dffb@group-8EF177E20F12-LeaderElection27] INFO  impl.RoleInfo (RoleInfo.java:updateAndGet(139)) - 70125d14-2432-4845-91b4-d6c12e89dffb: start 70125d14-2432-4845-91b4-d6c12e89dffb@group-8EF177E20F12-FollowerState
2022-07-12 23:21:34,234 [41187bab-18a7-4c36-af27-173f83643b8d@group-8EF177E20F12-LeaderElection26] INFO  server.RaftServerConfigKeys (ConfUtils.java:logGet(46)) - raft.server.log.appender.snapshot.chunk.size.max = 16MB (=16777216) (default)
2022-07-12 23:21:34,234 [41187bab-18a7-4c36-af27-173f83643b8d@group-8EF177E20F12-LeaderElection26] INFO  server.RaftServerConfigKeys (ConfUtils.java:logGet(46)) - raft.server.log.appender.buffer.byte-limit = 33554432 (custom)
2022-07-12 23:21:34,234 [41187bab-18a7-4c36-af27-173f83643b8d@group-8EF177E20F12-LeaderElection26] INFO  server.RaftServerConfigKeys (ConfUtils.java:logGet(46)) - raft.server.log.appender.buffer.element-limit = 1 (custom)
2022-07-12 23:21:34,240 [EventQueue-PipelineReportForPipelineReportHandler] INFO  pipeline.PipelineManagerImpl (PipelineManagerImpl.java:openPipeline(367)) - Pipeline Pipeline[ Id: 274935f5-2b67-4a61-a10e-8ef177e20f12, Nodes: 41187bab-18a7-4c36-af27-173f83643b8d{ip: 10.1.0.13, host: fv-az46-473.aox2mo1hufxu3kclv1weif3kjc.bx.internal.cloudapp.net, ports: [REPLICATION=38467, RATIS=46095, RATIS_ADMIN=46095, RATIS_SERVER=46095, STANDALONE=44505], networkLocation: /default-rack, certSerialId: null, persistedOpState: IN_SERVICE, persistedOpStateExpiryEpochSec: 0}70125d14-2432-4845-91b4-d6c12e89dffb{ip: 10.1.0.13, host: fv-az46-473.aox2mo1hufxu3kclv1weif3kjc.bx.internal.cloudapp.net, ports: [REPLICATION=41855, RATIS=46501, RATIS_ADMIN=46501, RATIS_SERVER=46501, STANDALONE=41037], networkLocation: /default-rack, certSerialId: null, persistedOpState: IN_SERVICE, persistedOpStateExpiryEpochSec: 0}b5be010a-4f88-45a2-86a4-37bd0d52b4ef{ip: 10.1.0.13, host: fv-az46-473.aox2mo1hufxu3kclv1weif3kjc.bx.internal.cloudapp.net, ports: [REPLICATION=44903, RATIS=38059, RATIS_ADMIN=38059, RATIS_SERVER=38059, STANDALONE=40541], networkLocation: /default-rack, certSerialId: null, persistedOpState: IN_SERVICE, persistedOpStateExpiryEpochSec: 0}, ReplicationConfig: RATIS/THREE, State:ALLOCATED, leaderId:41187bab-18a7-4c36-af27-173f83643b8d, CreationTimestamp2022-07-12T23:21:22.371Z[Etc/UTC]] moved to OPEN state
2022-07-12 23:21:34,241 [EventQueue-OpenPipelineForHealthyPipelineSafeModeRule] INFO  safemode.SCMSafeModeManager (HealthyPipelineSafeModeRule.java:process(137)) - SCM in safe mode. Healthy pipelines reported count is 1, required healthy pipeline reported count is 1
2022-07-12 23:21:34,241 [EventQueue-OpenPipelineForHealthyPipelineSafeModeRule] INFO  safemode.SCMSafeModeManager (SCMSafeModeManager.java:validateSafeModeExitRules(204)) - HealthyPipelineSafeModeRule rule is successfully validated
2022-07-12 23:21:34,241 [EventQueue-OpenPipelineForHealthyPipelineSafeModeRule] INFO  safemode.SCMSafeModeManager (SCMSafeModeManager.java:validateSafeModeExitRules(219)) - ScmSafeModeManager, all rules are successfully validated
2022-07-12 23:21:34,241 [EventQueue-OpenPipelineForHealthyPipelineSafeModeRule] INFO  safemode.SCMSafeModeManager (SCMSafeModeManager.java:exitSafeMode(248)) - SCM exiting safe mode.
2022-07-12 23:21:34,241 [EventQueue-OpenPipelineForHealthyPipelineSafeModeRule] WARN  events.EventQueue (EventQueue.java:fireEvent(216)) - No event handler registered for event TypedEvent{payloadType=SafeModeStatus, name='Safe mode status'}
2022-07-12 23:21:34,241 [EventQueue-OpenPipelineForHealthyPipelineSafeModeRule] INFO  ha.SCMContext (SCMContext.java:updateSafeModeStatus(228)) - Update SafeModeStatus from SafeModeStatus{safeModeStatus=true, preCheckPassed=true} to SafeModeStatus{safeModeStatus=false, preCheckPassed=true}.
2022-07-12 23:21:34,241 [EventQueue-OpenPipelineForHealthyPipelineSafeModeRule] INFO  pipeline.BackgroundPipelineCreator (BackgroundPipelineCreator.java:notifyStatusChanged(254)) - Service BackgroundPipelineCreator transitions to RUNNING.
2022-07-12 23:21:34,241 [EventQueue-OpenPipelineForHealthyPipelineSafeModeRule] INFO  BackgroundPipelineScrubber (BackgroundSCMService.java:notifyStatusChanged(82)) - Service BackgroundPipelineScrubber transitions to RUNNING.
2022-07-12 23:21:34,241 [EventQueue-OpenPipelineForHealthyPipelineSafeModeRule] INFO  ExpiredContainerReplicaOpScrubber (BackgroundSCMService.java:notifyStatusChanged(82)) - Service ExpiredContainerReplicaOpScrubber transitions to RUNNING.
2022-07-12 23:21:34,241 [EventQueue-OpenPipelineForHealthyPipelineSafeModeRule] INFO  replication.ReplicationManager (ReplicationManager.java:notifyStatusChanged(495)) - Service ReplicationManager transitions to RUNNING.
2022-07-12 23:21:34,241 [EventQueue-OpenPipelineForHealthyPipelineSafeModeRule] WARN  balancer.ContainerBalancer (ContainerBalancer.java:shouldRun(894)) - Could not find persisted configuration for ContainerBalancer when checking if ContainerBalancer should run. ContainerBalancer should not run now.
2022-07-12 23:21:34,245 [41187bab-18a7-4c36-af27-173f83643b8d@group-8EF177E20F12-LeaderElection26] INFO  grpc.GrpcConfigKeys (ConfUtils.java:logGet(46)) - raft.grpc.server.leader.outstanding.appends.max = 128 (default)
2022-07-12 23:21:34,245 [41187bab-18a7-4c36-af27-173f83643b8d@group-8EF177E20F12-LeaderElection26] INFO  server.RaftServerConfigKeys (ConfUtils.java:logGet(46)) - raft.server.rpc.request.timeout = 60s (custom)
2022-07-12 23:21:34,245 [41187bab-18a7-4c36-af27-173f83643b8d@group-8EF177E20F12-LeaderElection26] INFO  server.RaftServerConfigKeys (ConfUtils.java:logGet(46)) - raft.server.log.appender.install.snapshot.enabled = false (custom)
2022-07-12 23:21:34,245 [41187bab-18a7-4c36-af27-173f83643b8d@group-8EF177E20F12-LeaderElection26] INFO  impl.RoleInfo (RoleInfo.java:updateAndGet(139)) - 41187bab-18a7-4c36-af27-173f83643b8d: start 41187bab-18a7-4c36-af27-173f83643b8d@group-8EF177E20F12-LeaderStateImpl
2022-07-12 23:21:34,246 [41187bab-18a7-4c36-af27-173f83643b8d@group-8EF177E20F12-LeaderElection26] INFO  segmented.SegmentedRaftLogWorker (SegmentedRaftLogWorker.java:startLogSegment(425)) - 41187bab-18a7-4c36-af27-173f83643b8d@group-8EF177E20F12-SegmentedRaftLogWorker: Starting segment from index:0
2022-07-12 23:21:34,247 [41187bab-18a7-4c36-af27-173f83643b8d@group-8EF177E20F12-SegmentedRaftLogWorker] INFO  segmented.SegmentedRaftLogWorker (SegmentedRaftLogWorker.java:execute(629)) - 41187bab-18a7-4c36-af27-173f83643b8d@group-8EF177E20F12-SegmentedRaftLogWorker: created new log segment /home/runner/work/ozone/ozone/hadoop-ozone/integration-test/target/test-dir/MiniOzoneClusterImpl-3123aa8d-fa91-45ac-9e39-716c5a908d99/datanode-2/data/ratis/274935f5-2b67-4a61-a10e-8ef177e20f12/current/log_inprogress_0
2022-07-12 23:21:34,282 [41187bab-18a7-4c36-af27-173f83643b8d@group-8EF177E20F12-LeaderElection26] INFO  server.RaftServer$Division (ServerState.java:setRaftConf(393)) - 41187bab-18a7-4c36-af27-173f83643b8d@group-8EF177E20F12: set configuration 0: [41187bab-18a7-4c36-af27-173f83643b8d|rpc:10.1.0.13:46095|dataStream:|priority:1, b5be010a-4f88-45a2-86a4-37bd0d52b4ef|rpc:10.1.0.13:38059|dataStream:|priority:0, 70125d14-2432-4845-91b4-d6c12e89dffb|rpc:10.1.0.13:46501|dataStream:|priority:0], old=null
2022-07-12 23:21:34,305 [b5be010a-4f88-45a2-86a4-37bd0d52b4ef-server-thread1] INFO  ratis.XceiverServerRatis (XceiverServerRatis.java:handleLeaderChangedNotification(863)) - Leader change notification received for group: group-8EF177E20F12 with new leaderId: 41187bab-18a7-4c36-af27-173f83643b8d
2022-07-12 23:21:34,305 [b5be010a-4f88-45a2-86a4-37bd0d52b4ef-server-thread1] INFO  server.RaftServer$Division (ServerState.java:setLeader(287)) - b5be010a-4f88-45a2-86a4-37bd0d52b4ef@group-8EF177E20F12: change Leader from null to 41187bab-18a7-4c36-af27-173f83643b8d at term 2 for appendEntries, leader elected after 10441ms
2022-07-12 23:21:34,323 [70125d14-2432-4845-91b4-d6c12e89dffb-server-thread1] INFO  ratis.XceiverServerRatis (XceiverServerRatis.java:handleLeaderChangedNotification(863)) - Leader change notification received for group: group-8EF177E20F12 with new leaderId: 41187bab-18a7-4c36-af27-173f83643b8d
2022-07-12 23:21:34,323 [70125d14-2432-4845-91b4-d6c12e89dffb-server-thread1] INFO  server.RaftServer$Division (ServerState.java:setLeader(287)) - 70125d14-2432-4845-91b4-d6c12e89dffb@group-8EF177E20F12: change Leader from null to 41187bab-18a7-4c36-af27-173f83643b8d at term 2 for appendEntries, leader elected after 10215ms
2022-07-12 23:21:34,331 [b5be010a-4f88-45a2-86a4-37bd0d52b4ef-server-thread1] INFO  server.RaftServer$Division (ServerState.java:setRaftConf(393)) - b5be010a-4f88-45a2-86a4-37bd0d52b4ef@group-8EF177E20F12: set configuration 0: [41187bab-18a7-4c36-af27-173f83643b8d|rpc:10.1.0.13:46095|dataStream:|priority:1, b5be010a-4f88-45a2-86a4-37bd0d52b4ef|rpc:10.1.0.13:38059|dataStream:|priority:0, 70125d14-2432-4845-91b4-d6c12e89dffb|rpc:10.1.0.13:46501|dataStream:|priority:0], old=null
2022-07-12 23:21:34,331 [b5be010a-4f88-45a2-86a4-37bd0d52b4ef-server-thread1] INFO  segmented.SegmentedRaftLogWorker (SegmentedRaftLogWorker.java:startLogSegment(425)) - b5be010a-4f88-45a2-86a4-37bd0d52b4ef@group-8EF177E20F12-SegmentedRaftLogWorker: Starting segment from index:0
2022-07-12 23:21:34,335 [b5be010a-4f88-45a2-86a4-37bd0d52b4ef@group-8EF177E20F12-SegmentedRaftLogWorker] INFO  segmented.SegmentedRaftLogWorker (SegmentedRaftLogWorker.java:execute(629)) - b5be010a-4f88-45a2-86a4-37bd0d52b4ef@group-8EF177E20F12-SegmentedRaftLogWorker: created new log segment /home/runner/work/ozone/ozone/hadoop-ozone/integration-test/target/test-dir/MiniOzoneClusterImpl-3123aa8d-fa91-45ac-9e39-716c5a908d99/datanode-0/data/ratis/274935f5-2b67-4a61-a10e-8ef177e20f12/current/log_inprogress_0
2022-07-12 23:21:34,375 [70125d14-2432-4845-91b4-d6c12e89dffb-server-thread2] INFO  server.RaftServer$Division (ServerState.java:setRaftConf(393)) - 70125d14-2432-4845-91b4-d6c12e89dffb@group-8EF177E20F12: set configuration 0: [41187bab-18a7-4c36-af27-173f83643b8d|rpc:10.1.0.13:46095|dataStream:|priority:1, b5be010a-4f88-45a2-86a4-37bd0d52b4ef|rpc:10.1.0.13:38059|dataStream:|priority:0, 70125d14-2432-4845-91b4-d6c12e89dffb|rpc:10.1.0.13:46501|dataStream:|priority:0], old=null
2022-07-12 23:21:34,375 [70125d14-2432-4845-91b4-d6c12e89dffb-server-thread2] INFO  segmented.SegmentedRaftLogWorker (SegmentedRaftLogWorker.java:startLogSegment(425)) - 70125d14-2432-4845-91b4-d6c12e89dffb@group-8EF177E20F12-SegmentedRaftLogWorker: Starting segment from index:0
2022-07-12 23:21:34,381 [70125d14-2432-4845-91b4-d6c12e89dffb@group-8EF177E20F12-SegmentedRaftLogWorker] INFO  segmented.SegmentedRaftLogWorker (SegmentedRaftLogWorker.java:execute(629)) - 70125d14-2432-4845-91b4-d6c12e89dffb@group-8EF177E20F12-SegmentedRaftLogWorker: created new log segment /home/runner/work/ozone/ozone/hadoop-ozone/integration-test/target/test-dir/MiniOzoneClusterImpl-3123aa8d-fa91-45ac-9e39-716c5a908d99/datanode-1/data/ratis/274935f5-2b67-4a61-a10e-8ef177e20f12/current/log_inprogress_0
2022-07-12 23:21:34,483 [b5be010a-4f88-45a2-86a4-37bd0d52b4ef@group-8E99C119045E-FollowerState] INFO  impl.FollowerState (FollowerState.java:run(143)) - b5be010a-4f88-45a2-86a4-37bd0d52b4ef@group-8E99C119045E-FollowerState: change to CANDIDATE, lastRpcElapsedTime:5042556582ns, electionTimeout:5031ms
2022-07-12 23:21:34,483 [b5be010a-4f88-45a2-86a4-37bd0d52b4ef@group-8E99C119045E-FollowerState] INFO  impl.RoleInfo (RoleInfo.java:shutdownFollowerState(110)) - b5be010a-4f88-45a2-86a4-37bd0d52b4ef: shutdown b5be010a-4f88-45a2-86a4-37bd0d52b4ef@group-8E99C119045E-FollowerState
2022-07-12 23:21:34,483 [b5be010a-4f88-45a2-86a4-37bd0d52b4ef@group-8E99C119045E-FollowerState] INFO  server.RaftServer$Division (RaftServerImpl.java:setRole(299)) - b5be010a-4f88-45a2-86a4-37bd0d52b4ef@group-8E99C119045E: changes role from  FOLLOWER to CANDIDATE at term 1 for changeToCandidate
2022-07-12 23:21:34,484 [b5be010a-4f88-45a2-86a4-37bd0d52b4ef@group-8E99C119045E-FollowerState] INFO  server.RaftServerConfigKeys (ConfUtils.java:logGet(46)) - raft.server.leaderelection.pre-vote = false (custom)
2022-07-12 23:21:34,484 [b5be010a-4f88-45a2-86a4-37bd0d52b4ef@group-8E99C119045E-FollowerState] INFO  impl.RoleInfo (RoleInfo.java:updateAndGet(139)) - b5be010a-4f88-45a2-86a4-37bd0d52b4ef: start b5be010a-4f88-45a2-86a4-37bd0d52b4ef@group-8E99C119045E-LeaderElection29
2022-07-12 23:21:34,507 [b5be010a-4f88-45a2-86a4-37bd0d52b4ef@group-8E99C119045E-LeaderElection29] INFO  impl.LeaderElection (LeaderElection.java:askForVotes(310)) - b5be010a-4f88-45a2-86a4-37bd0d52b4ef@group-8E99C119045E-LeaderElection29 ELECTION round 0: submit vote requests at term 2 for -1: [41187bab-18a7-4c36-af27-173f83643b8d|rpc:10.1.0.13:46095|priority:0, b5be010a-4f88-45a2-86a4-37bd0d52b4ef|rpc:10.1.0.13:38059|priority:0, 70125d14-2432-4845-91b4-d6c12e89dffb|rpc:10.1.0.13:46501|priority:1], old=null
2022-07-12 23:21:34,527 [70125d14-2432-4845-91b4-d6c12e89dffb@group-8E99C119045E-FollowerState] INFO  impl.FollowerState (FollowerState.java:run(143)) - 70125d14-2432-4845-91b4-d6c12e89dffb@group-8E99C119045E-FollowerState: change to CANDIDATE, lastRpcElapsedTime:5102180303ns, electionTimeout:5081ms
2022-07-12 23:21:34,528 [70125d14-2432-4845-91b4-d6c12e89dffb@group-8E99C119045E-FollowerState] INFO  impl.RoleInfo (RoleInfo.java:shutdownFollowerState(110)) - 70125d14-2432-4845-91b4-d6c12e89dffb: shutdown 70125d14-2432-4845-91b4-d6c12e89dffb@group-8E99C119045E-FollowerState
2022-07-12 23:21:34,528 [grpc-default-executor-2] INFO  server.RaftServer$Division (RaftServerImpl.java:requestVote(1152)) - 41187bab-18a7-4c36-af27-173f83643b8d@group-8E99C119045E: receive requestVote(ELECTION, b5be010a-4f88-45a2-86a4-37bd0d52b4ef, group-8E99C119045E, 2, (t:0, i:0))
2022-07-12 23:21:34,528 [70125d14-2432-4845-91b4-d6c12e89dffb@group-8E99C119045E-FollowerState] INFO  server.RaftServer$Division (RaftServerImpl.java:setRole(299)) - 70125d14-2432-4845-91b4-d6c12e89dffb@group-8E99C119045E: changes role from  FOLLOWER to CANDIDATE at term 1 for changeToCandidate
2022-07-12 23:21:34,532 [70125d14-2432-4845-91b4-d6c12e89dffb@group-8E99C119045E-FollowerState] INFO  server.RaftServerConfigKeys (ConfUtils.java:logGet(46)) - raft.server.leaderelection.pre-vote = false (custom)
2022-07-12 23:21:34,532 [70125d14-2432-4845-91b4-d6c12e89dffb@group-8E99C119045E-FollowerState] INFO  impl.RoleInfo (RoleInfo.java:updateAndGet(139)) - 70125d14-2432-4845-91b4-d6c12e89dffb: start 70125d14-2432-4845-91b4-d6c12e89dffb@group-8E99C119045E-LeaderElection30
2022-07-12 23:21:34,542 [grpc-default-executor-2] INFO  impl.VoteContext (VoteContext.java:log(48)) - 41187bab-18a7-4c36-af27-173f83643b8d@group-8E99C119045E-FOLLOWER: accept ELECTION from b5be010a-4f88-45a2-86a4-37bd0d52b4ef: our priority 0 <= candidate's priority 0
2022-07-12 23:21:34,542 [grpc-default-executor-3] INFO  server.RaftServer$Division (RaftServerImpl.java:requestVote(1152)) - 70125d14-2432-4845-91b4-d6c12e89dffb@group-8E99C119045E: receive requestVote(ELECTION, b5be010a-4f88-45a2-86a4-37bd0d52b4ef, group-8E99C119045E, 2, (t:0, i:0))
2022-07-12 23:21:34,542 [grpc-default-executor-3] INFO  impl.VoteContext (VoteContext.java:log(48)) - 70125d14-2432-4845-91b4-d6c12e89dffb@group-8E99C119045E-CANDIDATE: reject ELECTION from b5be010a-4f88-45a2-86a4-37bd0d52b4ef: our priority 1 > candidate's priority 0
2022-07-12 23:21:34,542 [grpc-default-executor-2] INFO  server.RaftServer$Division (RaftServerImpl.java:setRole(299)) - 41187bab-18a7-4c36-af27-173f83643b8d@group-8E99C119045E: changes role from  FOLLOWER to FOLLOWER at term 2 for candidate:b5be010a-4f88-45a2-86a4-37bd0d52b4ef
2022-07-12 23:21:34,542 [grpc-default-executor-2] INFO  impl.RoleInfo (RoleInfo.java:shutdownFollowerState(110)) - 41187bab-18a7-4c36-af27-173f83643b8d: shutdown 41187bab-18a7-4c36-af27-173f83643b8d@group-8E99C119045E-FollowerState
2022-07-12 23:21:34,542 [grpc-default-executor-2] INFO  impl.RoleInfo (RoleInfo.java:updateAndGet(139)) - 41187bab-18a7-4c36-af27-173f83643b8d: start 41187bab-18a7-4c36-af27-173f83643b8d@group-8E99C119045E-FollowerState
2022-07-12 23:21:34,542 [41187bab-18a7-4c36-af27-173f83643b8d@group-8E99C119045E-FollowerState] INFO  impl.FollowerState (FollowerState.java:run(152)) - 41187bab-18a7-4c36-af27-173f83643b8d@group-8E99C119045E-FollowerState was interrupted
2022-07-12 23:21:34,542 [grpc-default-executor-3] INFO  server.RaftServer$Division (RaftServerImpl.java:setRole(299)) - 70125d14-2432-4845-91b4-d6c12e89dffb@group-8E99C119045E: changes role from CANDIDATE to FOLLOWER at term 2 for candidate:b5be010a-4f88-45a2-86a4-37bd0d52b4ef
2022-07-12 23:21:34,542 [grpc-default-executor-3] INFO  impl.RoleInfo (RoleInfo.java:shutdownLeaderElection(130)) - 70125d14-2432-4845-91b4-d6c12e89dffb: shutdown 70125d14-2432-4845-91b4-d6c12e89dffb@group-8E99C119045E-LeaderElection30
2022-07-12 23:21:34,544 [grpc-default-executor-2] INFO  server.RaftServer$Division (RaftServerImpl.java:requestVote(1184)) - 41187bab-18a7-4c36-af27-173f83643b8d@group-8E99C119045E replies to ELECTION vote request: b5be010a-4f88-45a2-86a4-37bd0d52b4ef<-41187bab-18a7-4c36-af27-173f83643b8d#0:OK-t2. Peer's state: 41187bab-18a7-4c36-af27-173f83643b8d@group-8E99C119045E:t2, leader=null, voted=b5be010a-4f88-45a2-86a4-37bd0d52b4ef, raftlog=41187bab-18a7-4c36-af27-173f83643b8d@group-8E99C119045E-SegmentedRaftLog:OPENED:c-1, conf=-1: [41187bab-18a7-4c36-af27-173f83643b8d|rpc:10.1.0.13:46095|dataStream:|priority:0, b5be010a-4f88-45a2-86a4-37bd0d52b4ef|rpc:10.1.0.13:38059|dataStream:|priority:0, 70125d14-2432-4845-91b4-d6c12e89dffb|rpc:10.1.0.13:46501|dataStream:|priority:1], old=null
2022-07-12 23:21:34,556 [70125d14-2432-4845-91b4-d6c12e89dffb@group-8E99C119045E-LeaderElection30] INFO  impl.LeaderElection (LeaderElection.java:run(231)) - 70125d14-2432-4845-91b4-d6c12e89dffb@group-8E99C119045E-LeaderElection30: skip running since this is already CLOSING
2022-07-12 23:21:34,573 [grpc-default-executor-3] INFO  impl.RoleInfo (RoleInfo.java:updateAndGet(139)) - 70125d14-2432-4845-91b4-d6c12e89dffb: start 70125d14-2432-4845-91b4-d6c12e89dffb@group-8E99C119045E-FollowerState
2022-07-12 23:21:34,579 [grpc-default-executor-3] INFO  server.RaftServer$Division (RaftServerImpl.java:requestVote(1184)) - 70125d14-2432-4845-91b4-d6c12e89dffb@group-8E99C119045E replies to ELECTION vote request: b5be010a-4f88-45a2-86a4-37bd0d52b4ef<-70125d14-2432-4845-91b4-d6c12e89dffb#0:FAIL-t2. Peer's state: 70125d14-2432-4845-91b4-d6c12e89dffb@group-8E99C119045E:t2, leader=null, voted=null, raftlog=70125d14-2432-4845-91b4-d6c12e89dffb@group-8E99C119045E-SegmentedRaftLog:OPENED:c-1, conf=-1: [41187bab-18a7-4c36-af27-173f83643b8d|rpc:10.1.0.13:46095|dataStream:|priority:0, b5be010a-4f88-45a2-86a4-37bd0d52b4ef|rpc:10.1.0.13:38059|dataStream:|priority:0, 70125d14-2432-4845-91b4-d6c12e89dffb|rpc:10.1.0.13:46501|dataStream:|priority:1], old=null
2022-07-12 23:21:34,583 [b5be010a-4f88-45a2-86a4-37bd0d52b4ef@group-8E99C119045E-LeaderElection29] INFO  impl.LeaderElection (LeaderElection.java:logAndReturn(90)) - b5be010a-4f88-45a2-86a4-37bd0d52b4ef@group-8E99C119045E-LeaderElection29: ELECTION REJECTED received 2 response(s) and 0 exception(s):
2022-07-12 23:21:34,583 [b5be010a-4f88-45a2-86a4-37bd0d52b4ef@group-8E99C119045E-LeaderElection29] INFO  impl.LeaderElection (LeaderElection.java:logAndReturn(94)) -   Response 0: b5be010a-4f88-45a2-86a4-37bd0d52b4ef<-41187bab-18a7-4c36-af27-173f83643b8d#0:OK-t2
2022-07-12 23:21:34,583 [b5be010a-4f88-45a2-86a4-37bd0d52b4ef@group-8E99C119045E-LeaderElection29] INFO  impl.LeaderElection (LeaderElection.java:logAndReturn(94)) -   Response 1: b5be010a-4f88-45a2-86a4-37bd0d52b4ef<-70125d14-2432-4845-91b4-d6c12e89dffb#0:FAIL-t2
2022-07-12 23:21:34,583 [b5be010a-4f88-45a2-86a4-37bd0d52b4ef@group-8E99C119045E-LeaderElection29] INFO  impl.LeaderElection (LeaderElection.java:askForVotes(312)) - b5be010a-4f88-45a2-86a4-37bd0d52b4ef@group-8E99C119045E-LeaderElection29 ELECTION round 0: result REJECTED
2022-07-12 23:21:34,583 [b5be010a-4f88-45a2-86a4-37bd0d52b4ef@group-8E99C119045E-LeaderElection29] INFO  server.RaftServer$Division (RaftServerImpl.java:setRole(299)) - b5be010a-4f88-45a2-86a4-37bd0d52b4ef@group-8E99C119045E: changes role from CANDIDATE to FOLLOWER at term 2 for REJECTED
2022-07-12 23:21:34,583 [b5be010a-4f88-45a2-86a4-37bd0d52b4ef@group-8E99C119045E-LeaderElection29] INFO  impl.RoleInfo (RoleInfo.java:shutdownLeaderElection(130)) - b5be010a-4f88-45a2-86a4-37bd0d52b4ef: shutdown b5be010a-4f88-45a2-86a4-37bd0d52b4ef@group-8E99C119045E-LeaderElection29
2022-07-12 23:21:34,583 [b5be010a-4f88-45a2-86a4-37bd0d52b4ef@group-8E99C119045E-LeaderElection29] INFO  impl.RoleInfo (RoleInfo.java:updateAndGet(139)) - b5be010a-4f88-45a2-86a4-37bd0d52b4ef: start b5be010a-4f88-45a2-86a4-37bd0d52b4ef@group-8E99C119045E-FollowerState
2022-07-12 23:21:35,063 [Listener at 127.0.0.1/33951] INFO  ozone.MiniOzoneClusterImpl (MiniOzoneClusterImpl.java:lambda$waitForClusterToBeReady$0(216)) - Nodes are ready. Got 5 of 5 DN Heartbeats.
2022-07-12 23:21:35,064 [Listener at 127.0.0.1/33951] INFO  ozone.MiniOzoneClusterImpl (MiniOzoneClusterImpl.java:lambda$waitForClusterToBeReady$0(219)) - Cluster exits safe mode
2022-07-12 23:21:35,064 [Listener at 127.0.0.1/33951] INFO  ozone.MiniOzoneClusterImpl (MiniOzoneClusterImpl.java:lambda$waitForClusterToBeReady$0(221)) - SCM became leader
2022-07-12 23:21:35,208 [Time-limited test] INFO  rpc.RpcClient (RpcClient.java:createVolume(466)) - Creating Volume: volume89728, with user93941 as owner and space quota set to -1 bytes, counts quota set to -1
2022-07-12 23:21:35,236 [OM StateMachine ApplyTransaction Thread - 0] INFO  volume.OMVolumeCreateRequest (OMVolumeCreateRequest.java:validateAndUpdateCache(195)) - created volume:volume89728 for user:user93941
2022-07-12 23:21:35,269 [Time-limited test] INFO  rpc.RpcClient (RpcClient.java:createBucket(669)) - Creating Bucket: volume89728/bucket37938, with bucket layout LEGACY, runner as owner, Versioning false, Storage Type set to DISK and Encryption set to false 
2022-07-12 23:21:35,270 [OM StateMachine ApplyTransaction Thread - 0] INFO  bucket.OMBucketCreateRequest (OMBucketCreateRequest.java:validateAndUpdateCache(260)) - created bucket: bucket37938 of layout LEGACY in volume: volume89728
2022-07-12 23:21:35,312 [IPC Server handler 3 on default port 35947] INFO  ha.SequenceIdGenerator (SequenceIdGenerator.java:getNextId(128)) - Allocate a batch for containerId, change lastId from 0 to 1000.
2022-07-12 23:21:35,313 [IPC Server handler 3 on default port 35947] WARN  ha.SequenceIdGenerator (SequenceIdGenerator.java:allocateBatch(237)) - Failed to allocate a batch for localId, expected lastId is 0, actual lastId is 109611004723200000.
2022-07-12 23:21:35,313 [IPC Server handler 3 on default port 35947] INFO  ha.SequenceIdGenerator (SequenceIdGenerator.java:getNextId(128)) - Allocate a batch for localId, change lastId from 109611004723200000 to 109611004723201000.
23:21:35.326 [IPC Server handler 8 on default port 33951] ERROR OMAudit - user=runner | ip=127.0.0.1 | op=GET_FILE_STATUS {volume=volume89728, bucket=bucket37938, key=dir611/file1, dataSize=0, replicationConfig=null} | ret=FAILURE
org.apache.hadoop.ozone.om.exceptions.OMException: Unable to get file status: volume: volume89728 bucket: bucket37938 key: dir611/file1
	at org.apache.hadoop.ozone.om.KeyManagerImpl.getOzoneFileStatus(KeyManagerImpl.java:1311) ~[ozone-manager-1.3.0-SNAPSHOT.jar:?]
	at org.apache.hadoop.ozone.om.KeyManagerImpl.getFileStatus(KeyManagerImpl.java:1241) ~[ozone-manager-1.3.0-SNAPSHOT.jar:?]
	at org.apache.hadoop.ozone.om.OzoneManager.getFileStatus(OzoneManager.java:3419) ~[ozone-manager-1.3.0-SNAPSHOT.jar:?]
	at org.apache.hadoop.ozone.protocolPB.OzoneManagerRequestHandler.getOzoneFileStatus(OzoneManagerRequestHandler.java:871) ~[ozone-manager-1.3.0-SNAPSHOT.jar:?]
	at org.apache.hadoop.ozone.protocolPB.OzoneManagerRequestHandler.handleReadRequest(OzoneManagerRequestHandler.java:217) ~[ozone-manager-1.3.0-SNAPSHOT.jar:?]
	at org.apache.hadoop.ozone.protocolPB.OzoneManagerProtocolServerSideTranslatorPB.submitReadRequestToOM(OzoneManagerProtocolServerSideTranslatorPB.java:226) ~[ozone-manager-1.3.0-SNAPSHOT.jar:?]
	at org.apache.hadoop.ozone.protocolPB.OzoneManagerProtocolServerSideTranslatorPB.processRequest(OzoneManagerProtocolServerSideTranslatorPB.java:175) ~[ozone-manager-1.3.0-SNAPSHOT.jar:?]
	at org.apache.hadoop.hdds.server.OzoneProtocolMessageDispatcher.processRequest(OzoneProtocolMessageDispatcher.java:87) [hdds-server-framework-1.3.0-SNAPSHOT.jar:?]
	at org.apache.hadoop.ozone.protocolPB.OzoneManagerProtocolServerSideTranslatorPB.submitRequest(OzoneManagerProtocolServerSideTranslatorPB.java:147) [ozone-manager-1.3.0-SNAPSHOT.jar:?]
	at org.apache.hadoop.ozone.protocol.proto.OzoneManagerProtocolProtos$OzoneManagerService$2.callBlockingMethod(OzoneManagerProtocolProtos.java) [ozone-interface-client-1.3.0-SNAPSHOT.jar:?]
	at org.apache.hadoop.ipc.ProtobufRpcEngine$Server.processCall(ProtobufRpcEngine.java:466) [hadoop-common-3.3.1.jar:?]
	at org.apache.hadoop.ipc.ProtobufRpcEngine2$Server$ProtoBufRpcInvoker.call(ProtobufRpcEngine2.java:574) [hadoop-common-3.3.1.jar:?]
	at org.apache.hadoop.ipc.ProtobufRpcEngine2$Server$ProtoBufRpcInvoker.call(ProtobufRpcEngine2.java:552) [hadoop-common-3.3.1.jar:?]
	at org.apache.hadoop.ipc.RPC$Server.call(RPC.java:1093) [hadoop-common-3.3.1.jar:?]
	at org.apache.hadoop.ipc.Server$RpcCall.run(Server.java:1035) [hadoop-common-3.3.1.jar:?]
	at org.apache.hadoop.ipc.Server$RpcCall.run(Server.java:963) [hadoop-common-3.3.1.jar:?]
	at java.security.AccessController.doPrivileged(Native Method) ~[?:1.8.0_332]
	at javax.security.auth.Subject.doAs(Subject.java:422) [?:1.8.0_332]
	at org.apache.hadoop.security.UserGroupInformation.doAs(UserGroupInformation.java:1878) [hadoop-common-3.3.1.jar:?]
	at org.apache.hadoop.ipc.Server$Handler.run(Server.java:2966) [hadoop-common-3.3.1.jar:?]
]]></system-out>
  </testcase>
  <testcase name="testRenameFile" classname="TestRootedOzoneFileSystem" time="0.214">
    <system-out><![CDATA[2022-07-12 23:21:54,212 [Listener at 127.0.0.1/33951] INFO  ozone.MiniOzoneClusterImpl (MiniOzoneClusterImpl.java:shutdown(448)) - Shutting down the Mini Ozone Cluster
2022-07-12 23:21:54,212 [Listener at 127.0.0.1/33951] INFO  ozone.MiniOzoneClusterImpl (MiniOzoneClusterImpl.java:stop(463)) - Stopping the Mini Ozone Cluster
2022-07-12 23:21:54,212 [Listener at 127.0.0.1/33951] INFO  ozone.MiniOzoneClusterImpl (MiniOzoneClusterImpl.java:stopOM(545)) - Stopping the OzoneManager
2022-07-12 23:21:54,213 [Listener at 127.0.0.1/33951] INFO  om.OzoneManager (OzoneManager.java:stop(2020)) - om1[localhost:0]: Stopping Ozone Manager
2022-07-12 23:21:54,213 [Listener at 127.0.0.1/33951] INFO  ipc.Server (Server.java:stop(3414)) - Stopping server on 33951
2022-07-12 23:21:54,221 [IPC Server listener on 0] INFO  ipc.Server (Server.java:run(1376)) - Stopping IPC Server listener on 0
2022-07-12 23:21:54,227 [Listener at 127.0.0.1/33951] INFO  server.RaftServer (RaftServerProxy.java:lambda$close$7(398)) - om1: close
2022-07-12 23:21:54,227 [IPC Server Responder] INFO  ipc.Server (Server.java:run(1512)) - Stopping IPC Server Responder
2022-07-12 23:21:54,227 [Listener at 127.0.0.1/33951] INFO  server.RaftServer$Division (RaftServerImpl.java:lambda$close$4(434)) - om1@group-C5BA1605619E: shutdown
2022-07-12 23:21:54,227 [Listener at 127.0.0.1/33951] INFO  util.JmxRegister (JmxRegister.java:unregister(73)) - Successfully un-registered JMX Bean with object name Ratis:service=RaftServer,group=group-C5BA1605619E,id=om1
2022-07-12 23:21:54,227 [Listener at 127.0.0.1/33951] INFO  impl.RoleInfo (RoleInfo.java:shutdownLeaderState(93)) - om1: shutdown om1@group-C5BA1605619E-LeaderStateImpl
2022-07-12 23:21:54,228 [Listener at 127.0.0.1/33951] INFO  impl.PendingRequests (PendingRequests.java:sendNotLeaderResponses(282)) - om1@group-C5BA1605619E-PendingRequests: sendNotLeaderResponses
2022-07-12 23:21:54,243 [Listener at 127.0.0.1/33951] INFO  impl.StateMachineUpdater (StateMachineUpdater.java:stopAndJoin(153)) - om1@group-C5BA1605619E-StateMachineUpdater: set stopIndex = 6816
2022-07-12 23:21:54,243 [om1@group-C5BA1605619E-StateMachineUpdater] INFO  ratis.OzoneManagerStateMachine (OzoneManagerStateMachine.java:takeSnapshot(441)) - Current Snapshot Index (t:1, i:6816)
2022-07-12 23:21:54,244 [om1@group-C5BA1605619E-StateMachineUpdater] INFO  impl.StateMachineUpdater (StateMachineUpdater.java:takeSnapshot(287)) - om1@group-C5BA1605619E-StateMachineUpdater: Took a snapshot at index 6816
2022-07-12 23:21:54,244 [om1@group-C5BA1605619E-StateMachineUpdater] INFO  impl.StateMachineUpdater (StateMachineUpdater.java:lambda$new$0(92)) - om1@group-C5BA1605619E-StateMachineUpdater: snapshotIndex: updateIncreasingly -1 -> 6816
2022-07-12 23:21:54,244 [om1@group-C5BA1605619E-StateMachineUpdater] INFO  ratis.OzoneManagerStateMachine (OzoneManagerStateMachine.java:close(495)) - StateMachine has shutdown. Shutdown OzoneManager if not already shutdown.
2022-07-12 23:21:54,244 [om1@group-C5BA1605619E-StateMachineUpdater] INFO  ratis.OzoneManagerDoubleBuffer (OzoneManagerDoubleBuffer.java:stop(465)) - Stopping OMDoubleBuffer flush thread
2022-07-12 23:21:54,244 [OMDoubleBufferFlushThread] INFO  ratis.OzoneManagerDoubleBuffer (OzoneManagerDoubleBuffer.java:flushTransactions(385)) - OMDoubleBuffer flush thread OMDoubleBufferFlushThread is interrupted and will exit.
2022-07-12 23:21:54,245 [Listener at 127.0.0.1/33951] INFO  server.RaftServer$Division (ServerState.java:close(429)) - om1@group-C5BA1605619E: closes. applyIndex: 6816
2022-07-12 23:21:54,245 [om1@group-C5BA1605619E-SegmentedRaftLogWorker] INFO  segmented.SegmentedRaftLogWorker (SegmentedRaftLogWorker.java:run(336)) - om1@group-C5BA1605619E-SegmentedRaftLogWorker was interrupted, exiting. There are 0 tasks remaining in the queue.
2022-07-12 23:21:54,258 [Listener at 127.0.0.1/33951] INFO  segmented.SegmentedRaftLogWorker (SegmentedRaftLogWorker.java:close(246)) - om1@group-C5BA1605619E-SegmentedRaftLogWorker close()
2022-07-12 23:21:54,262 [Listener at 127.0.0.1/33951] INFO  server.GrpcService (GrpcService.java:closeImpl(269)) - om1: shutdown server with port 9872 now
2022-07-12 23:21:54,262 [Listener at 127.0.0.1/33951] INFO  server.GrpcService (GrpcService.java:closeImpl(278)) - om1: shutdown server with port 9872 successfully
2022-07-12 23:21:54,267 [org.apache.ratis.util.JvmPauseMonitor$$Lambda$613/1690937419@36609701] INFO  util.JvmPauseMonitor (JvmPauseMonitor.java:run(109)) - JvmPauseMonitor-om1: Stopped
2022-07-12 23:21:54,270 [Listener at 127.0.0.1/33951] INFO  ratis.OzoneManagerStateMachine (OzoneManagerStateMachine.java:close(495)) - StateMachine has shutdown. Shutdown OzoneManager if not already shutdown.
2022-07-12 23:21:54,270 [Listener at 127.0.0.1/33951] INFO  ratis.OzoneManagerDoubleBuffer (OzoneManagerDoubleBuffer.java:stop(477)) - OMDoubleBuffer flush thread is not running.
2022-07-12 23:21:54,270 [Listener at 127.0.0.1/33951] INFO  utils.BackgroundService (BackgroundService.java:shutdown(132)) - Shutting down service KeyDeletingService
2022-07-12 23:21:54,270 [Listener at 127.0.0.1/33951] INFO  utils.BackgroundService (BackgroundService.java:shutdown(132)) - Shutting down service DirectoryDeletingService
2022-07-12 23:21:54,270 [Listener at 127.0.0.1/33951] INFO  utils.BackgroundService (BackgroundService.java:shutdown(132)) - Shutting down service OpenKeyCleanupService
2022-07-12 23:21:54,273 [Listener at 127.0.0.1/33951] INFO  handler.ContextHandler (ContextHandler.java:doStop(1153)) - Stopped o.e.j.w.WebAppContext@17449409{ozoneManager,/,null,STOPPED}{file:/home/runner/work/ozone/ozone/hadoop-ozone/integration-test/target/test-classes/webapps/ozoneManager}
2022-07-12 23:21:54,274 [Listener at 127.0.0.1/33951] INFO  server.AbstractConnector (AbstractConnector.java:doStop(381)) - Stopped ServerConnector@8f03cfc{HTTP/1.1, (http/1.1)}{0.0.0.0:0}
2022-07-12 23:21:54,274 [Listener at 127.0.0.1/33951] INFO  server.session (HouseKeeper.java:stopScavenging(149)) - node0 Stopped scavenging
2022-07-12 23:21:54,275 [Listener at 127.0.0.1/33951] INFO  handler.ContextHandler (ContextHandler.java:doStop(1153)) - Stopped o.e.j.s.ServletContextHandler@6d27e8ae{static,/static,file:///home/runner/work/ozone/ozone/hadoop-ozone/integration-test/target/test-classes/webapps/static,STOPPED}
2022-07-12 23:21:54,275 [Listener at 127.0.0.1/33951] INFO  handler.ContextHandler (ContextHandler.java:doStop(1153)) - Stopped o.e.j.s.ServletContextHandler@1ebb3621{logs,/logs,file:///home/runner/work/ozone/ozone/hadoop-ozone/integration-test/target/log,STOPPED}
2022-07-12 23:21:54,279 [Trash Emptier] ERROR util.ExitUtils (ExitUtils.java:terminate(133)) - Terminating with exit status -1: Thread[Trash Emptier,5,main] has thrown an uncaught exception
java.lang.UnsupportedOperationException: fs.getUri() not implemented in TrashOzoneFileSystem
	at org.apache.hadoop.ozone.om.TrashOzoneFileSystem.getUri(TrashOzoneFileSystem.java:126)
	at org.apache.hadoop.fs.FileSystem.close(FileSystem.java:2592)
	at org.apache.hadoop.ozone.om.TrashPolicyOzone$Emptier.run(TrashPolicyOzone.java:243)
	at java.lang.Thread.run(Thread.java:750)
2022-07-12 23:21:54,300 [Listener at 127.0.0.1/33951] INFO  ozone.MiniOzoneClusterImpl (MiniOzoneClusterImpl.java:stopDatanodes(522)) - Stopping the HddsDatanodes
2022-07-12 23:21:59,301 [Listener at 127.0.0.1/33951] INFO  ozoneimpl.OzoneContainer (OzoneContainer.java:stop(365)) - Attempting to stop container services.
2022-07-12 23:21:59,302 [ForkJoinPool.commonPool-worker-0] INFO  ozoneimpl.OzoneContainer (OzoneContainer.java:stop(365)) - Attempting to stop container services.
2022-07-12 23:21:59,305 [ForkJoinPool.commonPool-worker-0] INFO  server.RaftServer (RaftServerProxy.java:lambda$close$7(398)) - 70125d14-2432-4845-91b4-d6c12e89dffb: close
2022-07-12 23:21:59,305 [ForkJoinPool.commonPool-worker-0] INFO  server.RaftServer$Division (RaftServerImpl.java:lambda$close$4(434)) - 70125d14-2432-4845-91b4-d6c12e89dffb@group-26DA00DE2B30: shutdown
2022-07-12 23:21:59,305 [ForkJoinPool.commonPool-worker-0] INFO  util.JmxRegister (JmxRegister.java:unregister(73)) - Successfully un-registered JMX Bean with object name Ratis:service=RaftServer,group=group-26DA00DE2B30,id=70125d14-2432-4845-91b4-d6c12e89dffb
2022-07-12 23:21:59,305 [ForkJoinPool.commonPool-worker-0] INFO  impl.RoleInfo (RoleInfo.java:shutdownLeaderState(93)) - 70125d14-2432-4845-91b4-d6c12e89dffb: shutdown 70125d14-2432-4845-91b4-d6c12e89dffb@group-26DA00DE2B30-LeaderStateImpl
2022-07-12 23:21:59,305 [ForkJoinPool.commonPool-worker-0] INFO  impl.PendingRequests (PendingRequests.java:sendNotLeaderResponses(282)) - 70125d14-2432-4845-91b4-d6c12e89dffb@group-26DA00DE2B30-PendingRequests: sendNotLeaderResponses
2022-07-12 23:21:59,306 [ForkJoinPool.commonPool-worker-0] INFO  impl.StateMachineUpdater (StateMachineUpdater.java:stopAndJoin(153)) - 70125d14-2432-4845-91b4-d6c12e89dffb@group-26DA00DE2B30-StateMachineUpdater: set stopIndex = 0
2022-07-12 23:21:59,306 [70125d14-2432-4845-91b4-d6c12e89dffb@group-26DA00DE2B30-StateMachineUpdater] INFO  ratis.ContainerStateMachine (ContainerStateMachine.java:takeSnapshot(304)) - group-26DA00DE2B30: Taking a snapshot at:(t:1, i:0) file /home/runner/work/ozone/ozone/hadoop-ozone/integration-test/target/test-dir/MiniOzoneClusterImpl-3123aa8d-fa91-45ac-9e39-716c5a908d99/datanode-1/data/ratis/275f8a67-b7fc-4dc2-9593-26da00de2b30/sm/snapshot.1_0
2022-07-12 23:21:59,307 [Listener at 127.0.0.1/33951] INFO  server.RaftServer (RaftServerProxy.java:lambda$close$7(398)) - 41187bab-18a7-4c36-af27-173f83643b8d: close
2022-07-12 23:21:59,307 [Listener at 127.0.0.1/33951] INFO  server.RaftServer$Division (RaftServerImpl.java:lambda$close$4(434)) - 41187bab-18a7-4c36-af27-173f83643b8d@group-8EF177E20F12: shutdown
2022-07-12 23:21:59,307 [Listener at 127.0.0.1/33951] INFO  util.JmxRegister (JmxRegister.java:unregister(73)) - Successfully un-registered JMX Bean with object name Ratis:service=RaftServer,group=group-8EF177E20F12,id=41187bab-18a7-4c36-af27-173f83643b8d
2022-07-12 23:21:59,307 [Listener at 127.0.0.1/33951] INFO  impl.RoleInfo (RoleInfo.java:shutdownLeaderState(93)) - 41187bab-18a7-4c36-af27-173f83643b8d: shutdown 41187bab-18a7-4c36-af27-173f83643b8d@group-8EF177E20F12-LeaderStateImpl
2022-07-12 23:21:59,307 [Listener at 127.0.0.1/33951] INFO  impl.PendingRequests (PendingRequests.java:sendNotLeaderResponses(282)) - 41187bab-18a7-4c36-af27-173f83643b8d@group-8EF177E20F12-PendingRequests: sendNotLeaderResponses
2022-07-12 23:21:59,307 [41187bab-18a7-4c36-af27-173f83643b8d@group-8EF177E20F12->70125d14-2432-4845-91b4-d6c12e89dffb-GrpcLogAppender-LogAppenderDaemon] WARN  server.GrpcLogAppender (GrpcLogAppender.java:mayWait(171)) - 41187bab-18a7-4c36-af27-173f83643b8d@group-8EF177E20F12->70125d14-2432-4845-91b4-d6c12e89dffb-GrpcLogAppender: Wait interrupted by java.lang.InterruptedException
2022-07-12 23:21:59,307 [41187bab-18a7-4c36-af27-173f83643b8d@group-8EF177E20F12->b5be010a-4f88-45a2-86a4-37bd0d52b4ef-GrpcLogAppender-LogAppenderDaemon] WARN  server.GrpcLogAppender (GrpcLogAppender.java:mayWait(171)) - 41187bab-18a7-4c36-af27-173f83643b8d@group-8EF177E20F12->b5be010a-4f88-45a2-86a4-37bd0d52b4ef-GrpcLogAppender: Wait interrupted by java.lang.InterruptedException
2022-07-12 23:21:59,309 [grpc-default-executor-0] INFO  server.GrpcServerProtocolService (GrpcServerProtocolService.java:onCompleted(140)) - 70125d14-2432-4845-91b4-d6c12e89dffb: Completed APPEND_ENTRIES, lastRequest: 41187bab-18a7-4c36-af27-173f83643b8d->70125d14-2432-4845-91b4-d6c12e89dffb#517-t2,previous=(t:2, i:31),leaderCommit=30,initializing? true,entries: size=1, first=(t:2, i:32), METADATAENTRY(c:30)
2022-07-12 23:21:59,310 [grpc-default-executor-0] INFO  server.GrpcServerProtocolService (GrpcServerProtocolService.java:onCompleted(140)) - b5be010a-4f88-45a2-86a4-37bd0d52b4ef: Completed APPEND_ENTRIES, lastRequest: 41187bab-18a7-4c36-af27-173f83643b8d->b5be010a-4f88-45a2-86a4-37bd0d52b4ef#513-t2,previous=(t:2, i:31),leaderCommit=30,initializing? true,entries: size=1, first=(t:2, i:32), METADATAENTRY(c:30)
2022-07-12 23:21:59,310 [grpc-default-executor-1] INFO  server.GrpcLogAppender (GrpcLogAppender.java:onCompleted(339)) - 41187bab-18a7-4c36-af27-173f83643b8d@group-8EF177E20F12->70125d14-2432-4845-91b4-d6c12e89dffb-AppendLogResponseHandler: follower responses appendEntries COMPLETED
2022-07-12 23:21:59,310 [grpc-default-executor-1] INFO  leader.FollowerInfo (FollowerInfoImpl.java:lambda$new$0(48)) - 41187bab-18a7-4c36-af27-173f83643b8d@group-8EF177E20F12->70125d14-2432-4845-91b4-d6c12e89dffb: nextIndex: updateUnconditionally 33 -> 32
2022-07-12 23:21:59,311 [grpc-default-executor-0] INFO  server.GrpcLogAppender (GrpcLogAppender.java:onCompleted(339)) - 41187bab-18a7-4c36-af27-173f83643b8d@group-8EF177E20F12->b5be010a-4f88-45a2-86a4-37bd0d52b4ef-AppendLogResponseHandler: follower responses appendEntries COMPLETED
2022-07-12 23:21:59,311 [grpc-default-executor-0] INFO  leader.FollowerInfo (FollowerInfoImpl.java:lambda$new$0(48)) - 41187bab-18a7-4c36-af27-173f83643b8d@group-8EF177E20F12->b5be010a-4f88-45a2-86a4-37bd0d52b4ef: nextIndex: updateUnconditionally 33 -> 32
2022-07-12 23:21:59,313 [Listener at 127.0.0.1/33951] INFO  impl.StateMachineUpdater (StateMachineUpdater.java:stopAndJoin(153)) - 41187bab-18a7-4c36-af27-173f83643b8d@group-8EF177E20F12-StateMachineUpdater: set stopIndex = 32
2022-07-12 23:21:59,313 [41187bab-18a7-4c36-af27-173f83643b8d@group-8EF177E20F12-StateMachineUpdater] INFO  ratis.ContainerStateMachine (ContainerStateMachine.java:takeSnapshot(304)) - group-8EF177E20F12: Taking a snapshot at:(t:2, i:32) file /home/runner/work/ozone/ozone/hadoop-ozone/integration-test/target/test-dir/MiniOzoneClusterImpl-3123aa8d-fa91-45ac-9e39-716c5a908d99/datanode-2/data/ratis/274935f5-2b67-4a61-a10e-8ef177e20f12/sm/snapshot.2_32
2022-07-12 23:21:59,314 [70125d14-2432-4845-91b4-d6c12e89dffb@group-26DA00DE2B30-StateMachineUpdater] INFO  ratis.ContainerStateMachine (ContainerStateMachine.java:takeSnapshot(315)) - group-26DA00DE2B30: Finished taking a snapshot at:(t:1, i:0) file:/home/runner/work/ozone/ozone/hadoop-ozone/integration-test/target/test-dir/MiniOzoneClusterImpl-3123aa8d-fa91-45ac-9e39-716c5a908d99/datanode-1/data/ratis/275f8a67-b7fc-4dc2-9593-26da00de2b30/sm/snapshot.1_0 took: 8 ms
2022-07-12 23:21:59,314 [70125d14-2432-4845-91b4-d6c12e89dffb@group-26DA00DE2B30-StateMachineUpdater] INFO  impl.StateMachineUpdater (StateMachineUpdater.java:takeSnapshot(287)) - 70125d14-2432-4845-91b4-d6c12e89dffb@group-26DA00DE2B30-StateMachineUpdater: Took a snapshot at index 0
2022-07-12 23:21:59,314 [70125d14-2432-4845-91b4-d6c12e89dffb@group-26DA00DE2B30-StateMachineUpdater] INFO  impl.StateMachineUpdater (StateMachineUpdater.java:lambda$new$0(92)) - 70125d14-2432-4845-91b4-d6c12e89dffb@group-26DA00DE2B30-StateMachineUpdater: snapshotIndex: updateIncreasingly -1 -> 0
2022-07-12 23:21:59,315 [ForkJoinPool.commonPool-worker-0] INFO  server.RaftServer$Division (ServerState.java:close(429)) - 70125d14-2432-4845-91b4-d6c12e89dffb@group-26DA00DE2B30: closes. applyIndex: 0
2022-07-12 23:21:59,315 [41187bab-18a7-4c36-af27-173f83643b8d@group-8EF177E20F12-StateMachineUpdater] INFO  ratis.ContainerStateMachine (ContainerStateMachine.java:takeSnapshot(315)) - group-8EF177E20F12: Finished taking a snapshot at:(t:2, i:32) file:/home/runner/work/ozone/ozone/hadoop-ozone/integration-test/target/test-dir/MiniOzoneClusterImpl-3123aa8d-fa91-45ac-9e39-716c5a908d99/datanode-2/data/ratis/274935f5-2b67-4a61-a10e-8ef177e20f12/sm/snapshot.2_32 took: 2 ms
2022-07-12 23:21:59,315 [70125d14-2432-4845-91b4-d6c12e89dffb@group-26DA00DE2B30-SegmentedRaftLogWorker] INFO  segmented.SegmentedRaftLogWorker (SegmentedRaftLogWorker.java:run(336)) - 70125d14-2432-4845-91b4-d6c12e89dffb@group-26DA00DE2B30-SegmentedRaftLogWorker was interrupted, exiting. There are 0 tasks remaining in the queue.
2022-07-12 23:21:59,315 [41187bab-18a7-4c36-af27-173f83643b8d@group-8EF177E20F12-StateMachineUpdater] INFO  impl.StateMachineUpdater (StateMachineUpdater.java:takeSnapshot(287)) - 41187bab-18a7-4c36-af27-173f83643b8d@group-8EF177E20F12-StateMachineUpdater: Took a snapshot at index 32
2022-07-12 23:21:59,315 [41187bab-18a7-4c36-af27-173f83643b8d@group-8EF177E20F12-StateMachineUpdater] INFO  impl.StateMachineUpdater (StateMachineUpdater.java:lambda$new$0(92)) - 41187bab-18a7-4c36-af27-173f83643b8d@group-8EF177E20F12-StateMachineUpdater: snapshotIndex: updateIncreasingly -1 -> 32
2022-07-12 23:21:59,317 [ForkJoinPool.commonPool-worker-0] INFO  segmented.SegmentedRaftLogWorker (SegmentedRaftLogWorker.java:close(246)) - 70125d14-2432-4845-91b4-d6c12e89dffb@group-26DA00DE2B30-SegmentedRaftLogWorker close()
2022-07-12 23:21:59,318 [ForkJoinPool.commonPool-worker-0] INFO  server.RaftServer$Division (RaftServerImpl.java:lambda$close$4(434)) - 70125d14-2432-4845-91b4-d6c12e89dffb@group-8EF177E20F12: shutdown
2022-07-12 23:21:59,319 [ForkJoinPool.commonPool-worker-0] INFO  util.JmxRegister (JmxRegister.java:unregister(73)) - Successfully un-registered JMX Bean with object name Ratis:service=RaftServer,group=group-8EF177E20F12,id=70125d14-2432-4845-91b4-d6c12e89dffb
2022-07-12 23:21:59,319 [ForkJoinPool.commonPool-worker-0] INFO  impl.RoleInfo (RoleInfo.java:shutdownFollowerState(110)) - 70125d14-2432-4845-91b4-d6c12e89dffb: shutdown 70125d14-2432-4845-91b4-d6c12e89dffb@group-8EF177E20F12-FollowerState
2022-07-12 23:21:59,319 [70125d14-2432-4845-91b4-d6c12e89dffb@group-8EF177E20F12-FollowerState] INFO  impl.FollowerState (FollowerState.java:run(152)) - 70125d14-2432-4845-91b4-d6c12e89dffb@group-8EF177E20F12-FollowerState was interrupted
2022-07-12 23:21:59,319 [ForkJoinPool.commonPool-worker-0] INFO  impl.StateMachineUpdater (StateMachineUpdater.java:stopAndJoin(153)) - 70125d14-2432-4845-91b4-d6c12e89dffb@group-8EF177E20F12-StateMachineUpdater: set stopIndex = 32
2022-07-12 23:21:59,319 [Listener at 127.0.0.1/33951] INFO  server.RaftServer$Division (ServerState.java:close(429)) - 41187bab-18a7-4c36-af27-173f83643b8d@group-8EF177E20F12: closes. applyIndex: 32
2022-07-12 23:21:59,319 [70125d14-2432-4845-91b4-d6c12e89dffb@group-8EF177E20F12-StateMachineUpdater] INFO  ratis.ContainerStateMachine (ContainerStateMachine.java:takeSnapshot(304)) - group-8EF177E20F12: Taking a snapshot at:(t:2, i:32) file /home/runner/work/ozone/ozone/hadoop-ozone/integration-test/target/test-dir/MiniOzoneClusterImpl-3123aa8d-fa91-45ac-9e39-716c5a908d99/datanode-1/data/ratis/274935f5-2b67-4a61-a10e-8ef177e20f12/sm/snapshot.2_32
2022-07-12 23:21:59,319 [41187bab-18a7-4c36-af27-173f83643b8d@group-8EF177E20F12-SegmentedRaftLogWorker] INFO  segmented.SegmentedRaftLogWorker (SegmentedRaftLogWorker.java:run(336)) - 41187bab-18a7-4c36-af27-173f83643b8d@group-8EF177E20F12-SegmentedRaftLogWorker was interrupted, exiting. There are 0 tasks remaining in the queue.
2022-07-12 23:21:59,321 [70125d14-2432-4845-91b4-d6c12e89dffb@group-8EF177E20F12-StateMachineUpdater] INFO  ratis.ContainerStateMachine (ContainerStateMachine.java:takeSnapshot(315)) - group-8EF177E20F12: Finished taking a snapshot at:(t:2, i:32) file:/home/runner/work/ozone/ozone/hadoop-ozone/integration-test/target/test-dir/MiniOzoneClusterImpl-3123aa8d-fa91-45ac-9e39-716c5a908d99/datanode-1/data/ratis/274935f5-2b67-4a61-a10e-8ef177e20f12/sm/snapshot.2_32 took: 1 ms
2022-07-12 23:21:59,321 [70125d14-2432-4845-91b4-d6c12e89dffb@group-8EF177E20F12-StateMachineUpdater] INFO  impl.StateMachineUpdater (StateMachineUpdater.java:takeSnapshot(287)) - 70125d14-2432-4845-91b4-d6c12e89dffb@group-8EF177E20F12-StateMachineUpdater: Took a snapshot at index 32
2022-07-12 23:21:59,321 [70125d14-2432-4845-91b4-d6c12e89dffb@group-8EF177E20F12-StateMachineUpdater] INFO  impl.StateMachineUpdater (StateMachineUpdater.java:lambda$new$0(92)) - 70125d14-2432-4845-91b4-d6c12e89dffb@group-8EF177E20F12-StateMachineUpdater: snapshotIndex: updateIncreasingly -1 -> 32
2022-07-12 23:21:59,322 [ForkJoinPool.commonPool-worker-0] INFO  server.RaftServer$Division (ServerState.java:close(429)) - 70125d14-2432-4845-91b4-d6c12e89dffb@group-8EF177E20F12: closes. applyIndex: 32
2022-07-12 23:21:59,324 [70125d14-2432-4845-91b4-d6c12e89dffb@group-8EF177E20F12-SegmentedRaftLogWorker] INFO  segmented.SegmentedRaftLogWorker (SegmentedRaftLogWorker.java:run(336)) - 70125d14-2432-4845-91b4-d6c12e89dffb@group-8EF177E20F12-SegmentedRaftLogWorker was interrupted, exiting. There are 0 tasks remaining in the queue.
2022-07-12 23:21:59,328 [Listener at 127.0.0.1/33951] INFO  segmented.SegmentedRaftLogWorker (SegmentedRaftLogWorker.java:close(246)) - 41187bab-18a7-4c36-af27-173f83643b8d@group-8EF177E20F12-SegmentedRaftLogWorker close()
2022-07-12 23:21:59,329 [ForkJoinPool.commonPool-worker-0] INFO  segmented.SegmentedRaftLogWorker (SegmentedRaftLogWorker.java:close(246)) - 70125d14-2432-4845-91b4-d6c12e89dffb@group-8EF177E20F12-SegmentedRaftLogWorker close()
2022-07-12 23:21:59,331 [Listener at 127.0.0.1/33951] INFO  server.RaftServer$Division (RaftServerImpl.java:lambda$close$4(434)) - 41187bab-18a7-4c36-af27-173f83643b8d@group-653A320C46D0: shutdown
2022-07-12 23:21:59,332 [Listener at 127.0.0.1/33951] INFO  util.JmxRegister (JmxRegister.java:unregister(73)) - Successfully un-registered JMX Bean with object name Ratis:service=RaftServer,group=group-653A320C46D0,id=41187bab-18a7-4c36-af27-173f83643b8d
2022-07-12 23:21:59,332 [Listener at 127.0.0.1/33951] INFO  impl.RoleInfo (RoleInfo.java:shutdownLeaderState(93)) - 41187bab-18a7-4c36-af27-173f83643b8d: shutdown 41187bab-18a7-4c36-af27-173f83643b8d@group-653A320C46D0-LeaderStateImpl
2022-07-12 23:21:59,332 [Listener at 127.0.0.1/33951] INFO  impl.PendingRequests (PendingRequests.java:sendNotLeaderResponses(282)) - 41187bab-18a7-4c36-af27-173f83643b8d@group-653A320C46D0-PendingRequests: sendNotLeaderResponses
2022-07-12 23:21:59,333 [Listener at 127.0.0.1/33951] INFO  impl.StateMachineUpdater (StateMachineUpdater.java:stopAndJoin(153)) - 41187bab-18a7-4c36-af27-173f83643b8d@group-653A320C46D0-StateMachineUpdater: set stopIndex = 0
2022-07-12 23:21:59,333 [41187bab-18a7-4c36-af27-173f83643b8d@group-653A320C46D0-StateMachineUpdater] INFO  ratis.ContainerStateMachine (ContainerStateMachine.java:takeSnapshot(304)) - group-653A320C46D0: Taking a snapshot at:(t:1, i:0) file /home/runner/work/ozone/ozone/hadoop-ozone/integration-test/target/test-dir/MiniOzoneClusterImpl-3123aa8d-fa91-45ac-9e39-716c5a908d99/datanode-2/data/ratis/7a4158c7-9edf-41eb-bcf3-653a320c46d0/sm/snapshot.1_0
2022-07-12 23:21:59,334 [41187bab-18a7-4c36-af27-173f83643b8d@group-653A320C46D0-StateMachineUpdater] INFO  ratis.ContainerStateMachine (ContainerStateMachine.java:takeSnapshot(315)) - group-653A320C46D0: Finished taking a snapshot at:(t:1, i:0) file:/home/runner/work/ozone/ozone/hadoop-ozone/integration-test/target/test-dir/MiniOzoneClusterImpl-3123aa8d-fa91-45ac-9e39-716c5a908d99/datanode-2/data/ratis/7a4158c7-9edf-41eb-bcf3-653a320c46d0/sm/snapshot.1_0 took: 1 ms
2022-07-12 23:21:59,334 [41187bab-18a7-4c36-af27-173f83643b8d@group-653A320C46D0-StateMachineUpdater] INFO  impl.StateMachineUpdater (StateMachineUpdater.java:takeSnapshot(287)) - 41187bab-18a7-4c36-af27-173f83643b8d@group-653A320C46D0-StateMachineUpdater: Took a snapshot at index 0
2022-07-12 23:21:59,334 [41187bab-18a7-4c36-af27-173f83643b8d@group-653A320C46D0-StateMachineUpdater] INFO  impl.StateMachineUpdater (StateMachineUpdater.java:lambda$new$0(92)) - 41187bab-18a7-4c36-af27-173f83643b8d@group-653A320C46D0-StateMachineUpdater: snapshotIndex: updateIncreasingly -1 -> 0
2022-07-12 23:21:59,334 [Listener at 127.0.0.1/33951] INFO  server.RaftServer$Division (ServerState.java:close(429)) - 41187bab-18a7-4c36-af27-173f83643b8d@group-653A320C46D0: closes. applyIndex: 0
2022-07-12 23:21:59,335 [41187bab-18a7-4c36-af27-173f83643b8d@group-653A320C46D0-SegmentedRaftLogWorker] INFO  segmented.SegmentedRaftLogWorker (SegmentedRaftLogWorker.java:run(336)) - 41187bab-18a7-4c36-af27-173f83643b8d@group-653A320C46D0-SegmentedRaftLogWorker was interrupted, exiting. There are 0 tasks remaining in the queue.
2022-07-12 23:21:59,338 [Listener at 127.0.0.1/33951] INFO  segmented.SegmentedRaftLogWorker (SegmentedRaftLogWorker.java:close(246)) - 41187bab-18a7-4c36-af27-173f83643b8d@group-653A320C46D0-SegmentedRaftLogWorker close()
2022-07-12 23:21:59,344 [Listener at 127.0.0.1/33951] INFO  server.RaftServer$Division (RaftServerImpl.java:lambda$close$4(434)) - 41187bab-18a7-4c36-af27-173f83643b8d@group-8E99C119045E: shutdown
2022-07-12 23:21:59,344 [Listener at 127.0.0.1/33951] INFO  util.JmxRegister (JmxRegister.java:unregister(73)) - Successfully un-registered JMX Bean with object name Ratis:service=RaftServer,group=group-8E99C119045E,id=41187bab-18a7-4c36-af27-173f83643b8d
2022-07-12 23:21:59,344 [Listener at 127.0.0.1/33951] INFO  impl.RoleInfo (RoleInfo.java:shutdownFollowerState(110)) - 41187bab-18a7-4c36-af27-173f83643b8d: shutdown 41187bab-18a7-4c36-af27-173f83643b8d@group-8E99C119045E-FollowerState
2022-07-12 23:21:59,344 [Listener at 127.0.0.1/33951] INFO  impl.StateMachineUpdater (StateMachineUpdater.java:stopAndJoin(153)) - 41187bab-18a7-4c36-af27-173f83643b8d@group-8E99C119045E-StateMachineUpdater: set stopIndex = 0
2022-07-12 23:21:59,344 [41187bab-18a7-4c36-af27-173f83643b8d@group-8E99C119045E-FollowerState] INFO  impl.FollowerState (FollowerState.java:run(152)) - 41187bab-18a7-4c36-af27-173f83643b8d@group-8E99C119045E-FollowerState was interrupted
2022-07-12 23:21:59,345 [41187bab-18a7-4c36-af27-173f83643b8d@group-8E99C119045E-StateMachineUpdater] INFO  ratis.ContainerStateMachine (ContainerStateMachine.java:takeSnapshot(304)) - group-8E99C119045E: Taking a snapshot at:(t:3, i:0) file /home/runner/work/ozone/ozone/hadoop-ozone/integration-test/target/test-dir/MiniOzoneClusterImpl-3123aa8d-fa91-45ac-9e39-716c5a908d99/datanode-2/data/ratis/382b2473-1962-4a79-9e31-8e99c119045e/sm/snapshot.3_0
2022-07-12 23:21:59,345 [41187bab-18a7-4c36-af27-173f83643b8d@group-8E99C119045E-StateMachineUpdater] INFO  ratis.ContainerStateMachine (ContainerStateMachine.java:takeSnapshot(315)) - group-8E99C119045E: Finished taking a snapshot at:(t:3, i:0) file:/home/runner/work/ozone/ozone/hadoop-ozone/integration-test/target/test-dir/MiniOzoneClusterImpl-3123aa8d-fa91-45ac-9e39-716c5a908d99/datanode-2/data/ratis/382b2473-1962-4a79-9e31-8e99c119045e/sm/snapshot.3_0 took: 1 ms
2022-07-12 23:21:59,346 [41187bab-18a7-4c36-af27-173f83643b8d@group-8E99C119045E-StateMachineUpdater] INFO  impl.StateMachineUpdater (StateMachineUpdater.java:takeSnapshot(287)) - 41187bab-18a7-4c36-af27-173f83643b8d@group-8E99C119045E-StateMachineUpdater: Took a snapshot at index 0
2022-07-12 23:21:59,346 [41187bab-18a7-4c36-af27-173f83643b8d@group-8E99C119045E-StateMachineUpdater] INFO  impl.StateMachineUpdater (StateMachineUpdater.java:lambda$new$0(92)) - 41187bab-18a7-4c36-af27-173f83643b8d@group-8E99C119045E-StateMachineUpdater: snapshotIndex: updateIncreasingly -1 -> 0
2022-07-12 23:21:59,346 [Listener at 127.0.0.1/33951] INFO  server.RaftServer$Division (ServerState.java:close(429)) - 41187bab-18a7-4c36-af27-173f83643b8d@group-8E99C119045E: closes. applyIndex: 0
2022-07-12 23:21:59,346 [41187bab-18a7-4c36-af27-173f83643b8d@group-8E99C119045E-SegmentedRaftLogWorker] INFO  segmented.SegmentedRaftLogWorker (SegmentedRaftLogWorker.java:run(336)) - 41187bab-18a7-4c36-af27-173f83643b8d@group-8E99C119045E-SegmentedRaftLogWorker was interrupted, exiting. There are 0 tasks remaining in the queue.
2022-07-12 23:21:59,346 [ForkJoinPool.commonPool-worker-0] INFO  server.RaftServer$Division (RaftServerImpl.java:lambda$close$4(434)) - 70125d14-2432-4845-91b4-d6c12e89dffb@group-8E99C119045E: shutdown
2022-07-12 23:21:59,347 [ForkJoinPool.commonPool-worker-0] INFO  util.JmxRegister (JmxRegister.java:unregister(73)) - Successfully un-registered JMX Bean with object name Ratis:service=RaftServer,group=group-8E99C119045E,id=70125d14-2432-4845-91b4-d6c12e89dffb
2022-07-12 23:21:59,347 [ForkJoinPool.commonPool-worker-0] INFO  impl.RoleInfo (RoleInfo.java:shutdownLeaderState(93)) - 70125d14-2432-4845-91b4-d6c12e89dffb: shutdown 70125d14-2432-4845-91b4-d6c12e89dffb@group-8E99C119045E-LeaderStateImpl
2022-07-12 23:21:59,347 [ForkJoinPool.commonPool-worker-0] INFO  impl.PendingRequests (PendingRequests.java:sendNotLeaderResponses(282)) - 70125d14-2432-4845-91b4-d6c12e89dffb@group-8E99C119045E-PendingRequests: sendNotLeaderResponses
2022-07-12 23:21:59,347 [ForkJoinPool.commonPool-worker-0] INFO  impl.StateMachineUpdater (StateMachineUpdater.java:stopAndJoin(153)) - 70125d14-2432-4845-91b4-d6c12e89dffb@group-8E99C119045E-StateMachineUpdater: set stopIndex = 0
2022-07-12 23:21:59,347 [70125d14-2432-4845-91b4-d6c12e89dffb@group-8E99C119045E->41187bab-18a7-4c36-af27-173f83643b8d-GrpcLogAppender-LogAppenderDaemon] WARN  server.GrpcLogAppender (GrpcLogAppender.java:mayWait(171)) - 70125d14-2432-4845-91b4-d6c12e89dffb@group-8E99C119045E->41187bab-18a7-4c36-af27-173f83643b8d-GrpcLogAppender: Wait interrupted by java.lang.InterruptedException
2022-07-12 23:21:59,347 [70125d14-2432-4845-91b4-d6c12e89dffb@group-8E99C119045E-StateMachineUpdater] INFO  ratis.ContainerStateMachine (ContainerStateMachine.java:takeSnapshot(304)) - group-8E99C119045E: Taking a snapshot at:(t:3, i:0) file /home/runner/work/ozone/ozone/hadoop-ozone/integration-test/target/test-dir/MiniOzoneClusterImpl-3123aa8d-fa91-45ac-9e39-716c5a908d99/datanode-1/data/ratis/382b2473-1962-4a79-9e31-8e99c119045e/sm/snapshot.3_0
2022-07-12 23:21:59,348 [70125d14-2432-4845-91b4-d6c12e89dffb@group-8E99C119045E->b5be010a-4f88-45a2-86a4-37bd0d52b4ef-GrpcLogAppender-LogAppenderDaemon] WARN  server.GrpcLogAppender (GrpcLogAppender.java:mayWait(171)) - 70125d14-2432-4845-91b4-d6c12e89dffb@group-8E99C119045E->b5be010a-4f88-45a2-86a4-37bd0d52b4ef-GrpcLogAppender: Wait interrupted by java.lang.InterruptedException
2022-07-12 23:21:59,348 [Listener at 127.0.0.1/33951] INFO  segmented.SegmentedRaftLogWorker (SegmentedRaftLogWorker.java:close(246)) - 41187bab-18a7-4c36-af27-173f83643b8d@group-8E99C119045E-SegmentedRaftLogWorker close()
2022-07-12 23:21:59,354 [70125d14-2432-4845-91b4-d6c12e89dffb@group-8E99C119045E-StateMachineUpdater] INFO  ratis.ContainerStateMachine (ContainerStateMachine.java:takeSnapshot(315)) - group-8E99C119045E: Finished taking a snapshot at:(t:3, i:0) file:/home/runner/work/ozone/ozone/hadoop-ozone/integration-test/target/test-dir/MiniOzoneClusterImpl-3123aa8d-fa91-45ac-9e39-716c5a908d99/datanode-1/data/ratis/382b2473-1962-4a79-9e31-8e99c119045e/sm/snapshot.3_0 took: 7 ms
2022-07-12 23:21:59,355 [70125d14-2432-4845-91b4-d6c12e89dffb@group-8E99C119045E-StateMachineUpdater] INFO  impl.StateMachineUpdater (StateMachineUpdater.java:takeSnapshot(287)) - 70125d14-2432-4845-91b4-d6c12e89dffb@group-8E99C119045E-StateMachineUpdater: Took a snapshot at index 0
2022-07-12 23:21:59,355 [70125d14-2432-4845-91b4-d6c12e89dffb@group-8E99C119045E-StateMachineUpdater] INFO  impl.StateMachineUpdater (StateMachineUpdater.java:lambda$new$0(92)) - 70125d14-2432-4845-91b4-d6c12e89dffb@group-8E99C119045E-StateMachineUpdater: snapshotIndex: updateIncreasingly -1 -> 0
2022-07-12 23:21:59,355 [ForkJoinPool.commonPool-worker-0] INFO  server.RaftServer$Division (ServerState.java:close(429)) - 70125d14-2432-4845-91b4-d6c12e89dffb@group-8E99C119045E: closes. applyIndex: 0
2022-07-12 23:21:59,355 [70125d14-2432-4845-91b4-d6c12e89dffb@group-8E99C119045E-SegmentedRaftLogWorker] INFO  segmented.SegmentedRaftLogWorker (SegmentedRaftLogWorker.java:run(336)) - 70125d14-2432-4845-91b4-d6c12e89dffb@group-8E99C119045E-SegmentedRaftLogWorker was interrupted, exiting. There are 0 tasks remaining in the queue.
2022-07-12 23:21:59,357 [ForkJoinPool.commonPool-worker-0] INFO  segmented.SegmentedRaftLogWorker (SegmentedRaftLogWorker.java:close(246)) - 70125d14-2432-4845-91b4-d6c12e89dffb@group-8E99C119045E-SegmentedRaftLogWorker close()
2022-07-12 23:21:59,363 [grpc-default-executor-0] INFO  server.GrpcServerProtocolService (GrpcServerProtocolService.java:onCompleted(140)) - 41187bab-18a7-4c36-af27-173f83643b8d: Completed APPEND_ENTRIES, lastRequest: 70125d14-2432-4845-91b4-d6c12e89dffb->41187bab-18a7-4c36-af27-173f83643b8d#1-t3,previous=(t:0, i:0),leaderCommit=0,initializing? true,entries: size=1, first=(t:3, i:0), CONFIGURATIONENTRY
2022-07-12 23:21:59,363 [grpc-default-executor-1] INFO  server.GrpcLogAppender (GrpcLogAppender.java:onCompleted(339)) - 70125d14-2432-4845-91b4-d6c12e89dffb@group-8E99C119045E->41187bab-18a7-4c36-af27-173f83643b8d-AppendLogResponseHandler: follower responses appendEntries COMPLETED
2022-07-12 23:21:59,364 [grpc-default-executor-1] INFO  leader.FollowerInfo (FollowerInfoImpl.java:lambda$new$0(48)) - 70125d14-2432-4845-91b4-d6c12e89dffb@group-8E99C119045E->41187bab-18a7-4c36-af27-173f83643b8d: nextIndex: updateUnconditionally 1 -> 0
2022-07-12 23:21:59,366 [Listener at 127.0.0.1/33951] INFO  server.GrpcService (GrpcService.java:closeImpl(269)) - 41187bab-18a7-4c36-af27-173f83643b8d: shutdown server with port 46095 now
2022-07-12 23:21:59,368 [ForkJoinPool.commonPool-worker-0] INFO  server.GrpcService (GrpcService.java:closeImpl(269)) - 70125d14-2432-4845-91b4-d6c12e89dffb: shutdown server with port 46501 now
2022-07-12 23:21:59,377 [grpc-default-executor-0] INFO  server.GrpcServerProtocolService (GrpcServerProtocolService.java:onCompleted(140)) - b5be010a-4f88-45a2-86a4-37bd0d52b4ef: Completed APPEND_ENTRIES, lastRequest: 70125d14-2432-4845-91b4-d6c12e89dffb->b5be010a-4f88-45a2-86a4-37bd0d52b4ef#1-t3,previous=(t:0, i:0),leaderCommit=0,initializing? true,entries: size=1, first=(t:3, i:0), CONFIGURATIONENTRY
2022-07-12 23:21:59,398 [grpc-default-executor-1] INFO  server.GrpcLogAppender (GrpcLogAppender.java:onCompleted(339)) - 70125d14-2432-4845-91b4-d6c12e89dffb@group-8E99C119045E->b5be010a-4f88-45a2-86a4-37bd0d52b4ef-AppendLogResponseHandler: follower responses appendEntries COMPLETED
2022-07-12 23:21:59,398 [grpc-default-executor-1] WARN  server.GrpcLogAppender (GrpcLogAppender.java:resetClient(117)) - 70125d14-2432-4845-91b4-d6c12e89dffb@group-8E99C119045E->b5be010a-4f88-45a2-86a4-37bd0d52b4ef-GrpcLogAppender: Failed to getClient for b5be010a-4f88-45a2-86a4-37bd0d52b4ef
org.apache.ratis.protocol.exceptions.AlreadyClosedException: 70125d14-2432-4845-91b4-d6c12e89dffb is already CLOSED
	at org.apache.ratis.util.PeerProxyMap$PeerAndProxy.getProxy(PeerProxyMap.java:61)
	at org.apache.ratis.util.PeerProxyMap.getProxy(PeerProxyMap.java:115)
	at org.apache.ratis.grpc.server.GrpcLogAppender.getClient(GrpcLogAppender.java:96)
	at org.apache.ratis.grpc.server.GrpcLogAppender.resetClient(GrpcLogAppender.java:101)
	at org.apache.ratis.grpc.server.GrpcLogAppender.access$500(GrpcLogAppender.java:54)
	at org.apache.ratis.grpc.server.GrpcLogAppender$AppendLogResponseHandler.onCompleted(GrpcLogAppender.java:340)
	at org.apache.ratis.thirdparty.io.grpc.stub.ClientCalls$StreamObserverToCallListenerAdapter.onClose(ClientCalls.java:477)
	at org.apache.ratis.thirdparty.io.grpc.internal.ClientCallImpl.closeObserver(ClientCallImpl.java:562)
	at org.apache.ratis.thirdparty.io.grpc.internal.ClientCallImpl.access$300(ClientCallImpl.java:70)
	at org.apache.ratis.thirdparty.io.grpc.internal.ClientCallImpl$ClientStreamListenerImpl$1StreamClosed.runInternal(ClientCallImpl.java:743)
	at org.apache.ratis.thirdparty.io.grpc.internal.ClientCallImpl$ClientStreamListenerImpl$1StreamClosed.runInContext(ClientCallImpl.java:722)
	at org.apache.ratis.thirdparty.io.grpc.internal.ContextRunnable.run(ContextRunnable.java:37)
	at org.apache.ratis.thirdparty.io.grpc.internal.SerializingExecutor.run(SerializingExecutor.java:133)
	at java.util.concurrent.ThreadPoolExecutor.runWorker(ThreadPoolExecutor.java:1149)
	at java.util.concurrent.ThreadPoolExecutor$Worker.run(ThreadPoolExecutor.java:624)
	at java.lang.Thread.run(Thread.java:750)
2022-07-12 23:21:59,406 [ForkJoinPool.commonPool-worker-0] INFO  server.GrpcService (GrpcService.java:closeImpl(278)) - 70125d14-2432-4845-91b4-d6c12e89dffb: shutdown server with port 46501 successfully
2022-07-12 23:21:59,407 [Listener at 127.0.0.1/33951] INFO  server.GrpcService (GrpcService.java:closeImpl(278)) - 41187bab-18a7-4c36-af27-173f83643b8d: shutdown server with port 46095 successfully
2022-07-12 23:21:59,408 [org.apache.ratis.util.JvmPauseMonitor$$Lambda$613/1690937419@4b32ba7a] INFO  util.JvmPauseMonitor (JvmPauseMonitor.java:run(109)) - JvmPauseMonitor-41187bab-18a7-4c36-af27-173f83643b8d: Stopped
2022-07-12 23:21:59,421 [org.apache.ratis.util.JvmPauseMonitor$$Lambda$613/1690937419@b71fbbf] INFO  util.JvmPauseMonitor (JvmPauseMonitor.java:run(109)) - JvmPauseMonitor-70125d14-2432-4845-91b4-d6c12e89dffb: Stopped
2022-07-12 23:22:01,446 [Listener at 127.0.0.1/33951] INFO  utils.BackgroundService (BackgroundService.java:shutdown(132)) - Shutting down service BlockDeletingService
2022-07-12 23:22:01,474 [ForkJoinPool.commonPool-worker-0] INFO  utils.BackgroundService (BackgroundService.java:shutdown(132)) - Shutting down service BlockDeletingService
2022-07-12 23:22:04,473 [Listener at 127.0.0.1/33951] INFO  statemachine.DatanodeStateMachine (DatanodeStateMachine.java:stopDaemon(580)) - Ozone container server stopped.
2022-07-12 23:22:04,480 [Listener at 127.0.0.1/33951] INFO  handler.ContextHandler (ContextHandler.java:doStop(1153)) - Stopped o.e.j.w.WebAppContext@73c53860{hddsDatanode,/,null,STOPPED}{jar:file:/home/runner/.m2/repository/org/apache/ozone/hdds-container-service/1.3.0-SNAPSHOT/hdds-container-service-1.3.0-SNAPSHOT.jar!/webapps/hddsDatanode}
2022-07-12 23:22:04,483 [Listener at 127.0.0.1/33951] INFO  server.AbstractConnector (AbstractConnector.java:doStop(381)) - Stopped ServerConnector@31b38a32{HTTP/1.1, (http/1.1)}{0.0.0.0:0}
2022-07-12 23:22:04,483 [Listener at 127.0.0.1/33951] INFO  server.session (HouseKeeper.java:stopScavenging(149)) - node0 Stopped scavenging
2022-07-12 23:22:04,483 [Listener at 127.0.0.1/33951] INFO  handler.ContextHandler (ContextHandler.java:doStop(1153)) - Stopped o.e.j.s.ServletContextHandler@3cd5db14{static,/static,jar:file:/home/runner/.m2/repository/org/apache/ozone/hdds-container-service/1.3.0-SNAPSHOT/hdds-container-service-1.3.0-SNAPSHOT.jar!/webapps/static,STOPPED}
2022-07-12 23:22:04,484 [Listener at 127.0.0.1/33951] INFO  handler.ContextHandler (ContextHandler.java:doStop(1153)) - Stopped o.e.j.s.ServletContextHandler@44757ab5{logs,/logs,file:///home/runner/work/ozone/ozone/hadoop-ozone/integration-test/target/log,STOPPED}
2022-07-12 23:22:04,489 [ForkJoinPool.commonPool-worker-0] INFO  statemachine.DatanodeStateMachine (DatanodeStateMachine.java:stopDaemon(580)) - Ozone container server stopped.
2022-07-12 23:22:04,537 [ForkJoinPool.commonPool-worker-0] INFO  handler.ContextHandler (ContextHandler.java:doStop(1153)) - Stopped o.e.j.w.WebAppContext@152c82ca{hddsDatanode,/,null,STOPPED}{jar:file:/home/runner/.m2/repository/org/apache/ozone/hdds-container-service/1.3.0-SNAPSHOT/hdds-container-service-1.3.0-SNAPSHOT.jar!/webapps/hddsDatanode}
2022-07-12 23:22:04,538 [ForkJoinPool.commonPool-worker-0] INFO  server.AbstractConnector (AbstractConnector.java:doStop(381)) - Stopped ServerConnector@12400c6a{HTTP/1.1, (http/1.1)}{0.0.0.0:0}
2022-07-12 23:22:04,538 [ForkJoinPool.commonPool-worker-0] INFO  server.session (HouseKeeper.java:stopScavenging(149)) - node0 Stopped scavenging
2022-07-12 23:22:04,540 [ForkJoinPool.commonPool-worker-0] INFO  handler.ContextHandler (ContextHandler.java:doStop(1153)) - Stopped o.e.j.s.ServletContextHandler@19e8a4a4{static,/static,jar:file:/home/runner/.m2/repository/org/apache/ozone/hdds-container-service/1.3.0-SNAPSHOT/hdds-container-service-1.3.0-SNAPSHOT.jar!/webapps/static,STOPPED}
2022-07-12 23:22:04,548 [ForkJoinPool.commonPool-worker-0] INFO  handler.ContextHandler (ContextHandler.java:doStop(1153)) - Stopped o.e.j.s.ServletContextHandler@35fd1646{logs,/logs,file:///home/runner/work/ozone/ozone/hadoop-ozone/integration-test/target/log,STOPPED}
2022-07-12 23:22:04,705 [b5be010a-4f88-45a2-86a4-37bd0d52b4ef@group-8EF177E20F12-FollowerState] INFO  impl.FollowerState (FollowerState.java:run(143)) - b5be010a-4f88-45a2-86a4-37bd0d52b4ef@group-8EF177E20F12-FollowerState: change to CANDIDATE, lastRpcElapsedTime:6131207376ns, electionTimeout:5046ms
2022-07-12 23:22:04,705 [b5be010a-4f88-45a2-86a4-37bd0d52b4ef@group-8EF177E20F12-FollowerState] INFO  impl.RoleInfo (RoleInfo.java:shutdownFollowerState(110)) - b5be010a-4f88-45a2-86a4-37bd0d52b4ef: shutdown b5be010a-4f88-45a2-86a4-37bd0d52b4ef@group-8EF177E20F12-FollowerState
2022-07-12 23:22:04,705 [b5be010a-4f88-45a2-86a4-37bd0d52b4ef@group-8EF177E20F12-FollowerState] INFO  server.RaftServer$Division (RaftServerImpl.java:setRole(299)) - b5be010a-4f88-45a2-86a4-37bd0d52b4ef@group-8EF177E20F12: changes role from  FOLLOWER to CANDIDATE at term 2 for changeToCandidate
2022-07-12 23:22:04,705 [b5be010a-4f88-45a2-86a4-37bd0d52b4ef@group-8EF177E20F12-FollowerState] INFO  server.RaftServerConfigKeys (ConfUtils.java:logGet(46)) - raft.server.leaderelection.pre-vote = false (custom)
2022-07-12 23:22:04,705 [b5be010a-4f88-45a2-86a4-37bd0d52b4ef@group-8EF177E20F12-FollowerState] INFO  impl.RoleInfo (RoleInfo.java:updateAndGet(139)) - b5be010a-4f88-45a2-86a4-37bd0d52b4ef: start b5be010a-4f88-45a2-86a4-37bd0d52b4ef@group-8EF177E20F12-LeaderElection33
2022-07-12 23:22:04,707 [b5be010a-4f88-45a2-86a4-37bd0d52b4ef@group-8EF177E20F12-LeaderElection33] INFO  server.RaftServer$Division (ServerState.java:setLeader(287)) - b5be010a-4f88-45a2-86a4-37bd0d52b4ef@group-8EF177E20F12: change Leader from 41187bab-18a7-4c36-af27-173f83643b8d to null at term 2 for ELECTION
2022-07-12 23:22:04,717 [b5be010a-4f88-45a2-86a4-37bd0d52b4ef@group-8EF177E20F12-LeaderElection33] INFO  impl.LeaderElection (LeaderElection.java:askForVotes(310)) - b5be010a-4f88-45a2-86a4-37bd0d52b4ef@group-8EF177E20F12-LeaderElection33 ELECTION round 0: submit vote requests at term 3 for 0: [41187bab-18a7-4c36-af27-173f83643b8d|rpc:10.1.0.13:46095|dataStream:|priority:1, b5be010a-4f88-45a2-86a4-37bd0d52b4ef|rpc:10.1.0.13:38059|dataStream:|priority:0, 70125d14-2432-4845-91b4-d6c12e89dffb|rpc:10.1.0.13:46501|dataStream:|priority:0], old=null
2022-07-12 23:22:04,763 [b5be010a-4f88-45a2-86a4-37bd0d52b4ef@group-8EF177E20F12-LeaderElection33] INFO  impl.LeaderElection (LogUtils.java:infoOrTrace(137)) - b5be010a-4f88-45a2-86a4-37bd0d52b4ef@group-8EF177E20F12-LeaderElection33 got exception when requesting votes: java.util.concurrent.ExecutionException: org.apache.ratis.thirdparty.io.grpc.StatusRuntimeException: UNAVAILABLE: io exception
2022-07-12 23:22:04,803 [b5be010a-4f88-45a2-86a4-37bd0d52b4ef@group-8EF177E20F12-LeaderElection33] INFO  impl.LeaderElection (LogUtils.java:infoOrTrace(137)) - b5be010a-4f88-45a2-86a4-37bd0d52b4ef@group-8EF177E20F12-LeaderElection33 got exception when requesting votes: java.util.concurrent.ExecutionException: org.apache.ratis.thirdparty.io.grpc.StatusRuntimeException: UNAVAILABLE: io exception
2022-07-12 23:22:04,803 [b5be010a-4f88-45a2-86a4-37bd0d52b4ef@group-8EF177E20F12-LeaderElection33] INFO  impl.LeaderElection (LeaderElection.java:logAndReturn(90)) - b5be010a-4f88-45a2-86a4-37bd0d52b4ef@group-8EF177E20F12-LeaderElection33: ELECTION REJECTED received 0 response(s) and 2 exception(s):
2022-07-12 23:22:04,803 [b5be010a-4f88-45a2-86a4-37bd0d52b4ef@group-8EF177E20F12-LeaderElection33] INFO  impl.LeaderElection (LogUtils.java:infoOrTrace(137)) -   Exception 0: java.util.concurrent.ExecutionException: org.apache.ratis.thirdparty.io.grpc.StatusRuntimeException: UNAVAILABLE: io exception
2022-07-12 23:22:04,803 [b5be010a-4f88-45a2-86a4-37bd0d52b4ef@group-8EF177E20F12-LeaderElection33] INFO  impl.LeaderElection (LogUtils.java:infoOrTrace(137)) -   Exception 1: java.util.concurrent.ExecutionException: org.apache.ratis.thirdparty.io.grpc.StatusRuntimeException: UNAVAILABLE: io exception
2022-07-12 23:22:04,803 [b5be010a-4f88-45a2-86a4-37bd0d52b4ef@group-8EF177E20F12-LeaderElection33] INFO  impl.LeaderElection (LeaderElection.java:askForVotes(312)) - b5be010a-4f88-45a2-86a4-37bd0d52b4ef@group-8EF177E20F12-LeaderElection33 ELECTION round 0: result REJECTED
2022-07-12 23:22:04,803 [b5be010a-4f88-45a2-86a4-37bd0d52b4ef@group-8EF177E20F12-LeaderElection33] INFO  server.RaftServer$Division (RaftServerImpl.java:setRole(299)) - b5be010a-4f88-45a2-86a4-37bd0d52b4ef@group-8EF177E20F12: changes role from CANDIDATE to FOLLOWER at term 3 for REJECTED
2022-07-12 23:22:04,803 [b5be010a-4f88-45a2-86a4-37bd0d52b4ef@group-8EF177E20F12-LeaderElection33] INFO  impl.RoleInfo (RoleInfo.java:shutdownLeaderElection(130)) - b5be010a-4f88-45a2-86a4-37bd0d52b4ef: shutdown b5be010a-4f88-45a2-86a4-37bd0d52b4ef@group-8EF177E20F12-LeaderElection33
2022-07-12 23:22:04,803 [b5be010a-4f88-45a2-86a4-37bd0d52b4ef@group-8EF177E20F12-LeaderElection33] INFO  impl.RoleInfo (RoleInfo.java:updateAndGet(139)) - b5be010a-4f88-45a2-86a4-37bd0d52b4ef: start b5be010a-4f88-45a2-86a4-37bd0d52b4ef@group-8EF177E20F12-FollowerState
2022-07-12 23:22:05,427 [b5be010a-4f88-45a2-86a4-37bd0d52b4ef@group-8E99C119045E-FollowerState] INFO  impl.FollowerState (FollowerState.java:run(143)) - b5be010a-4f88-45a2-86a4-37bd0d52b4ef@group-8E99C119045E-FollowerState: change to CANDIDATE, lastRpcElapsedTime:7957175744ns, electionTimeout:5040ms
2022-07-12 23:22:05,427 [b5be010a-4f88-45a2-86a4-37bd0d52b4ef@group-8E99C119045E-FollowerState] INFO  impl.RoleInfo (RoleInfo.java:shutdownFollowerState(110)) - b5be010a-4f88-45a2-86a4-37bd0d52b4ef: shutdown b5be010a-4f88-45a2-86a4-37bd0d52b4ef@group-8E99C119045E-FollowerState
2022-07-12 23:22:05,427 [b5be010a-4f88-45a2-86a4-37bd0d52b4ef@group-8E99C119045E-FollowerState] INFO  server.RaftServer$Division (RaftServerImpl.java:setRole(299)) - b5be010a-4f88-45a2-86a4-37bd0d52b4ef@group-8E99C119045E: changes role from  FOLLOWER to CANDIDATE at term 3 for changeToCandidate
2022-07-12 23:22:05,427 [b5be010a-4f88-45a2-86a4-37bd0d52b4ef@group-8E99C119045E-FollowerState] INFO  server.RaftServerConfigKeys (ConfUtils.java:logGet(46)) - raft.server.leaderelection.pre-vote = false (custom)
2022-07-12 23:22:05,427 [b5be010a-4f88-45a2-86a4-37bd0d52b4ef@group-8E99C119045E-FollowerState] INFO  impl.RoleInfo (RoleInfo.java:updateAndGet(139)) - b5be010a-4f88-45a2-86a4-37bd0d52b4ef: start b5be010a-4f88-45a2-86a4-37bd0d52b4ef@group-8E99C119045E-LeaderElection34
2022-07-12 23:22:05,449 [b5be010a-4f88-45a2-86a4-37bd0d52b4ef@group-8E99C119045E-LeaderElection34] INFO  server.RaftServer$Division (ServerState.java:setLeader(287)) - b5be010a-4f88-45a2-86a4-37bd0d52b4ef@group-8E99C119045E: change Leader from 70125d14-2432-4845-91b4-d6c12e89dffb to null at term 3 for ELECTION
2022-07-12 23:22:05,462 [b5be010a-4f88-45a2-86a4-37bd0d52b4ef@group-8E99C119045E-LeaderElection34] INFO  impl.LeaderElection (LeaderElection.java:askForVotes(310)) - b5be010a-4f88-45a2-86a4-37bd0d52b4ef@group-8E99C119045E-LeaderElection34 ELECTION round 0: submit vote requests at term 4 for 0: [41187bab-18a7-4c36-af27-173f83643b8d|rpc:10.1.0.13:46095|dataStream:|priority:0, b5be010a-4f88-45a2-86a4-37bd0d52b4ef|rpc:10.1.0.13:38059|dataStream:|priority:0, 70125d14-2432-4845-91b4-d6c12e89dffb|rpc:10.1.0.13:46501|dataStream:|priority:1], old=null
2022-07-12 23:22:05,492 [b5be010a-4f88-45a2-86a4-37bd0d52b4ef@group-8E99C119045E-LeaderElection34] INFO  impl.LeaderElection (LogUtils.java:infoOrTrace(137)) - b5be010a-4f88-45a2-86a4-37bd0d52b4ef@group-8E99C119045E-LeaderElection34 got exception when requesting votes: java.util.concurrent.ExecutionException: org.apache.ratis.thirdparty.io.grpc.StatusRuntimeException: UNAVAILABLE: io exception
2022-07-12 23:22:05,492 [b5be010a-4f88-45a2-86a4-37bd0d52b4ef@group-8E99C119045E-LeaderElection34] INFO  impl.LeaderElection (LogUtils.java:infoOrTrace(137)) - b5be010a-4f88-45a2-86a4-37bd0d52b4ef@group-8E99C119045E-LeaderElection34 got exception when requesting votes: java.util.concurrent.ExecutionException: org.apache.ratis.thirdparty.io.grpc.StatusRuntimeException: UNAVAILABLE: io exception
2022-07-12 23:22:05,492 [b5be010a-4f88-45a2-86a4-37bd0d52b4ef@group-8E99C119045E-LeaderElection34] INFO  impl.LeaderElection (LeaderElection.java:logAndReturn(90)) - b5be010a-4f88-45a2-86a4-37bd0d52b4ef@group-8E99C119045E-LeaderElection34: ELECTION REJECTED received 0 response(s) and 2 exception(s):
2022-07-12 23:22:05,492 [b5be010a-4f88-45a2-86a4-37bd0d52b4ef@group-8E99C119045E-LeaderElection34] INFO  impl.LeaderElection (LogUtils.java:infoOrTrace(137)) -   Exception 0: java.util.concurrent.ExecutionException: org.apache.ratis.thirdparty.io.grpc.StatusRuntimeException: UNAVAILABLE: io exception
2022-07-12 23:22:05,492 [b5be010a-4f88-45a2-86a4-37bd0d52b4ef@group-8E99C119045E-LeaderElection34] INFO  impl.LeaderElection (LogUtils.java:infoOrTrace(137)) -   Exception 1: java.util.concurrent.ExecutionException: org.apache.ratis.thirdparty.io.grpc.StatusRuntimeException: UNAVAILABLE: io exception
2022-07-12 23:22:05,493 [b5be010a-4f88-45a2-86a4-37bd0d52b4ef@group-8E99C119045E-LeaderElection34] INFO  impl.LeaderElection (LeaderElection.java:askForVotes(312)) - b5be010a-4f88-45a2-86a4-37bd0d52b4ef@group-8E99C119045E-LeaderElection34 ELECTION round 0: result REJECTED
2022-07-12 23:22:05,493 [b5be010a-4f88-45a2-86a4-37bd0d52b4ef@group-8E99C119045E-LeaderElection34] INFO  server.RaftServer$Division (RaftServerImpl.java:setRole(299)) - b5be010a-4f88-45a2-86a4-37bd0d52b4ef@group-8E99C119045E: changes role from CANDIDATE to FOLLOWER at term 4 for REJECTED
2022-07-12 23:22:05,493 [b5be010a-4f88-45a2-86a4-37bd0d52b4ef@group-8E99C119045E-LeaderElection34] INFO  impl.RoleInfo (RoleInfo.java:shutdownLeaderElection(130)) - b5be010a-4f88-45a2-86a4-37bd0d52b4ef: shutdown b5be010a-4f88-45a2-86a4-37bd0d52b4ef@group-8E99C119045E-LeaderElection34
2022-07-12 23:22:05,493 [b5be010a-4f88-45a2-86a4-37bd0d52b4ef@group-8E99C119045E-LeaderElection34] INFO  impl.RoleInfo (RoleInfo.java:updateAndGet(139)) - b5be010a-4f88-45a2-86a4-37bd0d52b4ef: start b5be010a-4f88-45a2-86a4-37bd0d52b4ef@group-8E99C119045E-FollowerState
2022-07-12 23:22:09,510 [Listener at 127.0.0.1/33951] INFO  ozoneimpl.OzoneContainer (OzoneContainer.java:stop(365)) - Attempting to stop container services.
2022-07-12 23:22:09,513 [Listener at 127.0.0.1/33951] INFO  server.RaftServer (RaftServerProxy.java:lambda$close$7(398)) - e98b1687-6bde-4276-a421-38d9542bb191: close
2022-07-12 23:22:09,513 [Listener at 127.0.0.1/33951] INFO  server.RaftServer$Division (RaftServerImpl.java:lambda$close$4(434)) - e98b1687-6bde-4276-a421-38d9542bb191@group-0488FE010979: shutdown
2022-07-12 23:22:09,513 [Listener at 127.0.0.1/33951] INFO  util.JmxRegister (JmxRegister.java:unregister(73)) - Successfully un-registered JMX Bean with object name Ratis:service=RaftServer,group=group-0488FE010979,id=e98b1687-6bde-4276-a421-38d9542bb191
2022-07-12 23:22:09,513 [Listener at 127.0.0.1/33951] INFO  impl.RoleInfo (RoleInfo.java:shutdownLeaderState(93)) - e98b1687-6bde-4276-a421-38d9542bb191: shutdown e98b1687-6bde-4276-a421-38d9542bb191@group-0488FE010979-LeaderStateImpl
2022-07-12 23:22:09,514 [Listener at 127.0.0.1/33951] INFO  impl.PendingRequests (PendingRequests.java:sendNotLeaderResponses(282)) - e98b1687-6bde-4276-a421-38d9542bb191@group-0488FE010979-PendingRequests: sendNotLeaderResponses
2022-07-12 23:22:09,521 [e98b1687-6bde-4276-a421-38d9542bb191@group-0488FE010979-StateMachineUpdater] INFO  ratis.ContainerStateMachine (ContainerStateMachine.java:takeSnapshot(304)) - group-0488FE010979: Taking a snapshot at:(t:1, i:0) file /home/runner/work/ozone/ozone/hadoop-ozone/integration-test/target/test-dir/MiniOzoneClusterImpl-3123aa8d-fa91-45ac-9e39-716c5a908d99/datanode-4/data/ratis/3afb1190-caf8-42a8-8f4f-0488fe010979/sm/snapshot.1_0
2022-07-12 23:22:09,521 [Listener at 127.0.0.1/33951] INFO  impl.StateMachineUpdater (StateMachineUpdater.java:stopAndJoin(153)) - e98b1687-6bde-4276-a421-38d9542bb191@group-0488FE010979-StateMachineUpdater: set stopIndex = 0
2022-07-12 23:22:09,522 [e98b1687-6bde-4276-a421-38d9542bb191@group-0488FE010979-StateMachineUpdater] INFO  ratis.ContainerStateMachine (ContainerStateMachine.java:takeSnapshot(315)) - group-0488FE010979: Finished taking a snapshot at:(t:1, i:0) file:/home/runner/work/ozone/ozone/hadoop-ozone/integration-test/target/test-dir/MiniOzoneClusterImpl-3123aa8d-fa91-45ac-9e39-716c5a908d99/datanode-4/data/ratis/3afb1190-caf8-42a8-8f4f-0488fe010979/sm/snapshot.1_0 took: 1 ms
2022-07-12 23:22:09,522 [e98b1687-6bde-4276-a421-38d9542bb191@group-0488FE010979-StateMachineUpdater] INFO  impl.StateMachineUpdater (StateMachineUpdater.java:takeSnapshot(287)) - e98b1687-6bde-4276-a421-38d9542bb191@group-0488FE010979-StateMachineUpdater: Took a snapshot at index 0
2022-07-12 23:22:09,522 [e98b1687-6bde-4276-a421-38d9542bb191@group-0488FE010979-StateMachineUpdater] INFO  impl.StateMachineUpdater (StateMachineUpdater.java:lambda$new$0(92)) - e98b1687-6bde-4276-a421-38d9542bb191@group-0488FE010979-StateMachineUpdater: snapshotIndex: updateIncreasingly -1 -> 0
2022-07-12 23:22:09,523 [Listener at 127.0.0.1/33951] INFO  server.RaftServer$Division (ServerState.java:close(429)) - e98b1687-6bde-4276-a421-38d9542bb191@group-0488FE010979: closes. applyIndex: 0
2022-07-12 23:22:09,523 [e98b1687-6bde-4276-a421-38d9542bb191@group-0488FE010979-SegmentedRaftLogWorker] INFO  segmented.SegmentedRaftLogWorker (SegmentedRaftLogWorker.java:run(336)) - e98b1687-6bde-4276-a421-38d9542bb191@group-0488FE010979-SegmentedRaftLogWorker was interrupted, exiting. There are 0 tasks remaining in the queue.
2022-07-12 23:22:09,529 [Listener at 127.0.0.1/33951] INFO  segmented.SegmentedRaftLogWorker (SegmentedRaftLogWorker.java:close(246)) - e98b1687-6bde-4276-a421-38d9542bb191@group-0488FE010979-SegmentedRaftLogWorker close()
2022-07-12 23:22:09,532 [Listener at 127.0.0.1/33951] INFO  server.GrpcService (GrpcService.java:closeImpl(269)) - e98b1687-6bde-4276-a421-38d9542bb191: shutdown server with port 46699 now
2022-07-12 23:22:09,532 [Listener at 127.0.0.1/33951] INFO  server.GrpcService (GrpcService.java:closeImpl(278)) - e98b1687-6bde-4276-a421-38d9542bb191: shutdown server with port 46699 successfully
2022-07-12 23:22:09,532 [org.apache.ratis.util.JvmPauseMonitor$$Lambda$613/1690937419@30fc38ce] INFO  util.JvmPauseMonitor (JvmPauseMonitor.java:run(109)) - JvmPauseMonitor-e98b1687-6bde-4276-a421-38d9542bb191: Stopped
2022-07-12 23:22:09,551 [ForkJoinPool.commonPool-worker-0] INFO  ozoneimpl.OzoneContainer (OzoneContainer.java:stop(365)) - Attempting to stop container services.
2022-07-12 23:22:09,552 [ForkJoinPool.commonPool-worker-0] INFO  server.RaftServer (RaftServerProxy.java:lambda$close$7(398)) - b5be010a-4f88-45a2-86a4-37bd0d52b4ef: close
2022-07-12 23:22:09,552 [ForkJoinPool.commonPool-worker-0] INFO  server.RaftServer$Division (RaftServerImpl.java:lambda$close$4(434)) - b5be010a-4f88-45a2-86a4-37bd0d52b4ef@group-8EF177E20F12: shutdown
2022-07-12 23:22:09,552 [ForkJoinPool.commonPool-worker-0] INFO  util.JmxRegister (JmxRegister.java:unregister(73)) - Successfully un-registered JMX Bean with object name Ratis:service=RaftServer,group=group-8EF177E20F12,id=b5be010a-4f88-45a2-86a4-37bd0d52b4ef
2022-07-12 23:22:09,552 [ForkJoinPool.commonPool-worker-0] INFO  impl.RoleInfo (RoleInfo.java:shutdownFollowerState(110)) - b5be010a-4f88-45a2-86a4-37bd0d52b4ef: shutdown b5be010a-4f88-45a2-86a4-37bd0d52b4ef@group-8EF177E20F12-FollowerState
2022-07-12 23:22:09,552 [ForkJoinPool.commonPool-worker-0] INFO  impl.StateMachineUpdater (StateMachineUpdater.java:stopAndJoin(153)) - b5be010a-4f88-45a2-86a4-37bd0d52b4ef@group-8EF177E20F12-StateMachineUpdater: set stopIndex = 32
2022-07-12 23:22:09,552 [b5be010a-4f88-45a2-86a4-37bd0d52b4ef@group-8EF177E20F12-FollowerState] INFO  impl.FollowerState (FollowerState.java:run(152)) - b5be010a-4f88-45a2-86a4-37bd0d52b4ef@group-8EF177E20F12-FollowerState was interrupted
2022-07-12 23:22:09,553 [b5be010a-4f88-45a2-86a4-37bd0d52b4ef@group-8EF177E20F12-StateMachineUpdater] INFO  ratis.ContainerStateMachine (ContainerStateMachine.java:takeSnapshot(304)) - group-8EF177E20F12: Taking a snapshot at:(t:2, i:32) file /home/runner/work/ozone/ozone/hadoop-ozone/integration-test/target/test-dir/MiniOzoneClusterImpl-3123aa8d-fa91-45ac-9e39-716c5a908d99/datanode-0/data/ratis/274935f5-2b67-4a61-a10e-8ef177e20f12/sm/snapshot.2_32
2022-07-12 23:22:09,554 [b5be010a-4f88-45a2-86a4-37bd0d52b4ef@group-8EF177E20F12-StateMachineUpdater] INFO  ratis.ContainerStateMachine (ContainerStateMachine.java:takeSnapshot(315)) - group-8EF177E20F12: Finished taking a snapshot at:(t:2, i:32) file:/home/runner/work/ozone/ozone/hadoop-ozone/integration-test/target/test-dir/MiniOzoneClusterImpl-3123aa8d-fa91-45ac-9e39-716c5a908d99/datanode-0/data/ratis/274935f5-2b67-4a61-a10e-8ef177e20f12/sm/snapshot.2_32 took: 1 ms
2022-07-12 23:22:09,555 [b5be010a-4f88-45a2-86a4-37bd0d52b4ef@group-8EF177E20F12-StateMachineUpdater] INFO  impl.StateMachineUpdater (StateMachineUpdater.java:takeSnapshot(287)) - b5be010a-4f88-45a2-86a4-37bd0d52b4ef@group-8EF177E20F12-StateMachineUpdater: Took a snapshot at index 32
2022-07-12 23:22:09,555 [b5be010a-4f88-45a2-86a4-37bd0d52b4ef@group-8EF177E20F12-StateMachineUpdater] INFO  impl.StateMachineUpdater (StateMachineUpdater.java:lambda$new$0(92)) - b5be010a-4f88-45a2-86a4-37bd0d52b4ef@group-8EF177E20F12-StateMachineUpdater: snapshotIndex: updateIncreasingly -1 -> 32
2022-07-12 23:22:09,555 [ForkJoinPool.commonPool-worker-0] INFO  server.RaftServer$Division (ServerState.java:close(429)) - b5be010a-4f88-45a2-86a4-37bd0d52b4ef@group-8EF177E20F12: closes. applyIndex: 32
2022-07-12 23:22:09,556 [b5be010a-4f88-45a2-86a4-37bd0d52b4ef@group-8EF177E20F12-SegmentedRaftLogWorker] INFO  segmented.SegmentedRaftLogWorker (SegmentedRaftLogWorker.java:run(336)) - b5be010a-4f88-45a2-86a4-37bd0d52b4ef@group-8EF177E20F12-SegmentedRaftLogWorker was interrupted, exiting. There are 0 tasks remaining in the queue.
2022-07-12 23:22:09,556 [ForkJoinPool.commonPool-worker-0] INFO  segmented.SegmentedRaftLogWorker (SegmentedRaftLogWorker.java:close(246)) - b5be010a-4f88-45a2-86a4-37bd0d52b4ef@group-8EF177E20F12-SegmentedRaftLogWorker close()
2022-07-12 23:22:09,565 [ForkJoinPool.commonPool-worker-0] INFO  server.RaftServer$Division (RaftServerImpl.java:lambda$close$4(434)) - b5be010a-4f88-45a2-86a4-37bd0d52b4ef@group-91B09F1C81B3: shutdown
2022-07-12 23:22:09,565 [ForkJoinPool.commonPool-worker-0] INFO  util.JmxRegister (JmxRegister.java:unregister(73)) - Successfully un-registered JMX Bean with object name Ratis:service=RaftServer,group=group-91B09F1C81B3,id=b5be010a-4f88-45a2-86a4-37bd0d52b4ef
2022-07-12 23:22:09,565 [ForkJoinPool.commonPool-worker-0] INFO  impl.RoleInfo (RoleInfo.java:shutdownLeaderState(93)) - b5be010a-4f88-45a2-86a4-37bd0d52b4ef: shutdown b5be010a-4f88-45a2-86a4-37bd0d52b4ef@group-91B09F1C81B3-LeaderStateImpl
2022-07-12 23:22:09,565 [ForkJoinPool.commonPool-worker-0] INFO  impl.PendingRequests (PendingRequests.java:sendNotLeaderResponses(282)) - b5be010a-4f88-45a2-86a4-37bd0d52b4ef@group-91B09F1C81B3-PendingRequests: sendNotLeaderResponses
2022-07-12 23:22:09,566 [ForkJoinPool.commonPool-worker-0] INFO  impl.StateMachineUpdater (StateMachineUpdater.java:stopAndJoin(153)) - b5be010a-4f88-45a2-86a4-37bd0d52b4ef@group-91B09F1C81B3-StateMachineUpdater: set stopIndex = 0
2022-07-12 23:22:09,566 [b5be010a-4f88-45a2-86a4-37bd0d52b4ef@group-91B09F1C81B3-StateMachineUpdater] INFO  ratis.ContainerStateMachine (ContainerStateMachine.java:takeSnapshot(304)) - group-91B09F1C81B3: Taking a snapshot at:(t:1, i:0) file /home/runner/work/ozone/ozone/hadoop-ozone/integration-test/target/test-dir/MiniOzoneClusterImpl-3123aa8d-fa91-45ac-9e39-716c5a908d99/datanode-0/data/ratis/dd20d666-ff50-4837-9ad7-91b09f1c81b3/sm/snapshot.1_0
2022-07-12 23:22:09,567 [b5be010a-4f88-45a2-86a4-37bd0d52b4ef@group-91B09F1C81B3-StateMachineUpdater] INFO  ratis.ContainerStateMachine (ContainerStateMachine.java:takeSnapshot(315)) - group-91B09F1C81B3: Finished taking a snapshot at:(t:1, i:0) file:/home/runner/work/ozone/ozone/hadoop-ozone/integration-test/target/test-dir/MiniOzoneClusterImpl-3123aa8d-fa91-45ac-9e39-716c5a908d99/datanode-0/data/ratis/dd20d666-ff50-4837-9ad7-91b09f1c81b3/sm/snapshot.1_0 took: 1 ms
2022-07-12 23:22:09,567 [b5be010a-4f88-45a2-86a4-37bd0d52b4ef@group-91B09F1C81B3-StateMachineUpdater] INFO  impl.StateMachineUpdater (StateMachineUpdater.java:takeSnapshot(287)) - b5be010a-4f88-45a2-86a4-37bd0d52b4ef@group-91B09F1C81B3-StateMachineUpdater: Took a snapshot at index 0
2022-07-12 23:22:09,567 [b5be010a-4f88-45a2-86a4-37bd0d52b4ef@group-91B09F1C81B3-StateMachineUpdater] INFO  impl.StateMachineUpdater (StateMachineUpdater.java:lambda$new$0(92)) - b5be010a-4f88-45a2-86a4-37bd0d52b4ef@group-91B09F1C81B3-StateMachineUpdater: snapshotIndex: updateIncreasingly -1 -> 0
2022-07-12 23:22:09,567 [ForkJoinPool.commonPool-worker-0] INFO  server.RaftServer$Division (ServerState.java:close(429)) - b5be010a-4f88-45a2-86a4-37bd0d52b4ef@group-91B09F1C81B3: closes. applyIndex: 0
2022-07-12 23:22:09,567 [b5be010a-4f88-45a2-86a4-37bd0d52b4ef@group-91B09F1C81B3-SegmentedRaftLogWorker] INFO  segmented.SegmentedRaftLogWorker (SegmentedRaftLogWorker.java:run(336)) - b5be010a-4f88-45a2-86a4-37bd0d52b4ef@group-91B09F1C81B3-SegmentedRaftLogWorker was interrupted, exiting. There are 0 tasks remaining in the queue.
2022-07-12 23:22:09,569 [ForkJoinPool.commonPool-worker-0] INFO  segmented.SegmentedRaftLogWorker (SegmentedRaftLogWorker.java:close(246)) - b5be010a-4f88-45a2-86a4-37bd0d52b4ef@group-91B09F1C81B3-SegmentedRaftLogWorker close()
2022-07-12 23:22:09,577 [ForkJoinPool.commonPool-worker-0] INFO  server.RaftServer$Division (RaftServerImpl.java:lambda$close$4(434)) - b5be010a-4f88-45a2-86a4-37bd0d52b4ef@group-8E99C119045E: shutdown
2022-07-12 23:22:09,577 [ForkJoinPool.commonPool-worker-0] INFO  util.JmxRegister (JmxRegister.java:unregister(73)) - Successfully un-registered JMX Bean with object name Ratis:service=RaftServer,group=group-8E99C119045E,id=b5be010a-4f88-45a2-86a4-37bd0d52b4ef
2022-07-12 23:22:09,577 [ForkJoinPool.commonPool-worker-0] INFO  impl.RoleInfo (RoleInfo.java:shutdownFollowerState(110)) - b5be010a-4f88-45a2-86a4-37bd0d52b4ef: shutdown b5be010a-4f88-45a2-86a4-37bd0d52b4ef@group-8E99C119045E-FollowerState
2022-07-12 23:22:09,577 [ForkJoinPool.commonPool-worker-0] INFO  impl.StateMachineUpdater (StateMachineUpdater.java:stopAndJoin(153)) - b5be010a-4f88-45a2-86a4-37bd0d52b4ef@group-8E99C119045E-StateMachineUpdater: set stopIndex = 0
2022-07-12 23:22:09,577 [b5be010a-4f88-45a2-86a4-37bd0d52b4ef@group-8E99C119045E-StateMachineUpdater] INFO  ratis.ContainerStateMachine (ContainerStateMachine.java:takeSnapshot(304)) - group-8E99C119045E: Taking a snapshot at:(t:3, i:0) file /home/runner/work/ozone/ozone/hadoop-ozone/integration-test/target/test-dir/MiniOzoneClusterImpl-3123aa8d-fa91-45ac-9e39-716c5a908d99/datanode-0/data/ratis/382b2473-1962-4a79-9e31-8e99c119045e/sm/snapshot.3_0
2022-07-12 23:22:09,577 [b5be010a-4f88-45a2-86a4-37bd0d52b4ef@group-8E99C119045E-FollowerState] INFO  impl.FollowerState (FollowerState.java:run(152)) - b5be010a-4f88-45a2-86a4-37bd0d52b4ef@group-8E99C119045E-FollowerState was interrupted
2022-07-12 23:22:09,579 [b5be010a-4f88-45a2-86a4-37bd0d52b4ef@group-8E99C119045E-StateMachineUpdater] INFO  ratis.ContainerStateMachine (ContainerStateMachine.java:takeSnapshot(315)) - group-8E99C119045E: Finished taking a snapshot at:(t:3, i:0) file:/home/runner/work/ozone/ozone/hadoop-ozone/integration-test/target/test-dir/MiniOzoneClusterImpl-3123aa8d-fa91-45ac-9e39-716c5a908d99/datanode-0/data/ratis/382b2473-1962-4a79-9e31-8e99c119045e/sm/snapshot.3_0 took: 2 ms
2022-07-12 23:22:09,579 [b5be010a-4f88-45a2-86a4-37bd0d52b4ef@group-8E99C119045E-StateMachineUpdater] INFO  impl.StateMachineUpdater (StateMachineUpdater.java:takeSnapshot(287)) - b5be010a-4f88-45a2-86a4-37bd0d52b4ef@group-8E99C119045E-StateMachineUpdater: Took a snapshot at index 0
2022-07-12 23:22:09,579 [b5be010a-4f88-45a2-86a4-37bd0d52b4ef@group-8E99C119045E-StateMachineUpdater] INFO  impl.StateMachineUpdater (StateMachineUpdater.java:lambda$new$0(92)) - b5be010a-4f88-45a2-86a4-37bd0d52b4ef@group-8E99C119045E-StateMachineUpdater: snapshotIndex: updateIncreasingly -1 -> 0
2022-07-12 23:22:09,589 [ForkJoinPool.commonPool-worker-0] INFO  server.RaftServer$Division (ServerState.java:close(429)) - b5be010a-4f88-45a2-86a4-37bd0d52b4ef@group-8E99C119045E: closes. applyIndex: 0
2022-07-12 23:22:09,589 [b5be010a-4f88-45a2-86a4-37bd0d52b4ef@group-8E99C119045E-SegmentedRaftLogWorker] INFO  segmented.SegmentedRaftLogWorker (SegmentedRaftLogWorker.java:run(336)) - b5be010a-4f88-45a2-86a4-37bd0d52b4ef@group-8E99C119045E-SegmentedRaftLogWorker was interrupted, exiting. There are 0 tasks remaining in the queue.
2022-07-12 23:22:09,589 [ForkJoinPool.commonPool-worker-0] INFO  segmented.SegmentedRaftLogWorker (SegmentedRaftLogWorker.java:close(246)) - b5be010a-4f88-45a2-86a4-37bd0d52b4ef@group-8E99C119045E-SegmentedRaftLogWorker close()
2022-07-12 23:22:09,589 [ForkJoinPool.commonPool-worker-0] INFO  server.GrpcService (GrpcService.java:closeImpl(269)) - b5be010a-4f88-45a2-86a4-37bd0d52b4ef: shutdown server with port 38059 now
2022-07-12 23:22:09,591 [ForkJoinPool.commonPool-worker-0] INFO  server.GrpcService (GrpcService.java:closeImpl(278)) - b5be010a-4f88-45a2-86a4-37bd0d52b4ef: shutdown server with port 38059 successfully
2022-07-12 23:22:09,593 [org.apache.ratis.util.JvmPauseMonitor$$Lambda$613/1690937419@4d5bc71d] INFO  util.JvmPauseMonitor (JvmPauseMonitor.java:run(109)) - JvmPauseMonitor-b5be010a-4f88-45a2-86a4-37bd0d52b4ef: Stopped
2022-07-12 23:22:11,561 [Listener at 127.0.0.1/33951] INFO  utils.BackgroundService (BackgroundService.java:shutdown(132)) - Shutting down service BlockDeletingService
2022-07-12 23:22:11,675 [ForkJoinPool.commonPool-worker-0] INFO  utils.BackgroundService (BackgroundService.java:shutdown(132)) - Shutting down service BlockDeletingService
2022-07-12 23:22:14,566 [Listener at 127.0.0.1/33951] INFO  statemachine.DatanodeStateMachine (DatanodeStateMachine.java:stopDaemon(580)) - Ozone container server stopped.
2022-07-12 23:22:14,580 [Listener at 127.0.0.1/33951] INFO  handler.ContextHandler (ContextHandler.java:doStop(1153)) - Stopped o.e.j.w.WebAppContext@300e9a59{hddsDatanode,/,null,STOPPED}{jar:file:/home/runner/.m2/repository/org/apache/ozone/hdds-container-service/1.3.0-SNAPSHOT/hdds-container-service-1.3.0-SNAPSHOT.jar!/webapps/hddsDatanode}
2022-07-12 23:22:14,601 [Listener at 127.0.0.1/33951] INFO  server.AbstractConnector (AbstractConnector.java:doStop(381)) - Stopped ServerConnector@5fb27796{HTTP/1.1, (http/1.1)}{0.0.0.0:0}
2022-07-12 23:22:14,601 [Listener at 127.0.0.1/33951] INFO  server.session (HouseKeeper.java:stopScavenging(149)) - node0 Stopped scavenging
2022-07-12 23:22:14,601 [Listener at 127.0.0.1/33951] INFO  handler.ContextHandler (ContextHandler.java:doStop(1153)) - Stopped o.e.j.s.ServletContextHandler@2275c82e{static,/static,jar:file:/home/runner/.m2/repository/org/apache/ozone/hdds-container-service/1.3.0-SNAPSHOT/hdds-container-service-1.3.0-SNAPSHOT.jar!/webapps/static,STOPPED}
2022-07-12 23:22:14,601 [Listener at 127.0.0.1/33951] INFO  handler.ContextHandler (ContextHandler.java:doStop(1153)) - Stopped o.e.j.s.ServletContextHandler@2c3d1e97{logs,/logs,file:///home/runner/work/ozone/ozone/hadoop-ozone/integration-test/target/log,STOPPED}
2022-07-12 23:22:14,712 [ForkJoinPool.commonPool-worker-0] INFO  statemachine.DatanodeStateMachine (DatanodeStateMachine.java:stopDaemon(580)) - Ozone container server stopped.
2022-07-12 23:22:14,742 [ForkJoinPool.commonPool-worker-0] INFO  handler.ContextHandler (ContextHandler.java:doStop(1153)) - Stopped o.e.j.w.WebAppContext@79befb56{hddsDatanode,/,null,STOPPED}{jar:file:/home/runner/.m2/repository/org/apache/ozone/hdds-container-service/1.3.0-SNAPSHOT/hdds-container-service-1.3.0-SNAPSHOT.jar!/webapps/hddsDatanode}
2022-07-12 23:22:14,743 [ForkJoinPool.commonPool-worker-0] INFO  server.AbstractConnector (AbstractConnector.java:doStop(381)) - Stopped ServerConnector@6f5db8ff{HTTP/1.1, (http/1.1)}{0.0.0.0:0}
2022-07-12 23:22:14,743 [ForkJoinPool.commonPool-worker-0] INFO  server.session (HouseKeeper.java:stopScavenging(149)) - node0 Stopped scavenging
2022-07-12 23:22:14,765 [ForkJoinPool.commonPool-worker-0] INFO  handler.ContextHandler (ContextHandler.java:doStop(1153)) - Stopped o.e.j.s.ServletContextHandler@bebbcbd{static,/static,jar:file:/home/runner/.m2/repository/org/apache/ozone/hdds-container-service/1.3.0-SNAPSHOT/hdds-container-service-1.3.0-SNAPSHOT.jar!/webapps/static,STOPPED}
2022-07-12 23:22:14,770 [ForkJoinPool.commonPool-worker-0] INFO  handler.ContextHandler (ContextHandler.java:doStop(1153)) - Stopped o.e.j.s.ServletContextHandler@2cd8310d{logs,/logs,file:///home/runner/work/ozone/ozone/hadoop-ozone/integration-test/target/log,STOPPED}
2022-07-12 23:22:19,612 [Listener at 127.0.0.1/33951] INFO  ozoneimpl.OzoneContainer (OzoneContainer.java:stop(365)) - Attempting to stop container services.
2022-07-12 23:22:19,615 [Listener at 127.0.0.1/33951] INFO  server.RaftServer (RaftServerProxy.java:lambda$close$7(398)) - 3dc18fc5-3e49-4023-b384-bf494200b733: close
2022-07-12 23:22:19,615 [Listener at 127.0.0.1/33951] INFO  server.RaftServer$Division (RaftServerImpl.java:lambda$close$4(434)) - 3dc18fc5-3e49-4023-b384-bf494200b733@group-AEFA195D9E78: shutdown
2022-07-12 23:22:19,616 [Listener at 127.0.0.1/33951] INFO  util.JmxRegister (JmxRegister.java:unregister(73)) - Successfully un-registered JMX Bean with object name Ratis:service=RaftServer,group=group-AEFA195D9E78,id=3dc18fc5-3e49-4023-b384-bf494200b733
2022-07-12 23:22:19,616 [Listener at 127.0.0.1/33951] INFO  impl.RoleInfo (RoleInfo.java:shutdownLeaderState(93)) - 3dc18fc5-3e49-4023-b384-bf494200b733: shutdown 3dc18fc5-3e49-4023-b384-bf494200b733@group-AEFA195D9E78-LeaderStateImpl
2022-07-12 23:22:19,616 [Listener at 127.0.0.1/33951] INFO  impl.PendingRequests (PendingRequests.java:sendNotLeaderResponses(282)) - 3dc18fc5-3e49-4023-b384-bf494200b733@group-AEFA195D9E78-PendingRequests: sendNotLeaderResponses
2022-07-12 23:22:19,616 [Listener at 127.0.0.1/33951] INFO  impl.StateMachineUpdater (StateMachineUpdater.java:stopAndJoin(153)) - 3dc18fc5-3e49-4023-b384-bf494200b733@group-AEFA195D9E78-StateMachineUpdater: set stopIndex = 0
2022-07-12 23:22:19,617 [3dc18fc5-3e49-4023-b384-bf494200b733@group-AEFA195D9E78-StateMachineUpdater] INFO  ratis.ContainerStateMachine (ContainerStateMachine.java:takeSnapshot(304)) - group-AEFA195D9E78: Taking a snapshot at:(t:1, i:0) file /home/runner/work/ozone/ozone/hadoop-ozone/integration-test/target/test-dir/MiniOzoneClusterImpl-3123aa8d-fa91-45ac-9e39-716c5a908d99/datanode-3/data/ratis/29b69e23-201f-4511-9ec9-aefa195d9e78/sm/snapshot.1_0
2022-07-12 23:22:19,623 [3dc18fc5-3e49-4023-b384-bf494200b733@group-AEFA195D9E78-StateMachineUpdater] INFO  ratis.ContainerStateMachine (ContainerStateMachine.java:takeSnapshot(315)) - group-AEFA195D9E78: Finished taking a snapshot at:(t:1, i:0) file:/home/runner/work/ozone/ozone/hadoop-ozone/integration-test/target/test-dir/MiniOzoneClusterImpl-3123aa8d-fa91-45ac-9e39-716c5a908d99/datanode-3/data/ratis/29b69e23-201f-4511-9ec9-aefa195d9e78/sm/snapshot.1_0 took: 7 ms
2022-07-12 23:22:19,623 [3dc18fc5-3e49-4023-b384-bf494200b733@group-AEFA195D9E78-StateMachineUpdater] INFO  impl.StateMachineUpdater (StateMachineUpdater.java:takeSnapshot(287)) - 3dc18fc5-3e49-4023-b384-bf494200b733@group-AEFA195D9E78-StateMachineUpdater: Took a snapshot at index 0
2022-07-12 23:22:19,623 [3dc18fc5-3e49-4023-b384-bf494200b733@group-AEFA195D9E78-StateMachineUpdater] INFO  impl.StateMachineUpdater (StateMachineUpdater.java:lambda$new$0(92)) - 3dc18fc5-3e49-4023-b384-bf494200b733@group-AEFA195D9E78-StateMachineUpdater: snapshotIndex: updateIncreasingly -1 -> 0
2022-07-12 23:22:19,624 [Listener at 127.0.0.1/33951] INFO  server.RaftServer$Division (ServerState.java:close(429)) - 3dc18fc5-3e49-4023-b384-bf494200b733@group-AEFA195D9E78: closes. applyIndex: 0
2022-07-12 23:22:19,624 [3dc18fc5-3e49-4023-b384-bf494200b733@group-AEFA195D9E78-SegmentedRaftLogWorker] INFO  segmented.SegmentedRaftLogWorker (SegmentedRaftLogWorker.java:run(336)) - 3dc18fc5-3e49-4023-b384-bf494200b733@group-AEFA195D9E78-SegmentedRaftLogWorker was interrupted, exiting. There are 0 tasks remaining in the queue.
2022-07-12 23:22:19,624 [Listener at 127.0.0.1/33951] INFO  segmented.SegmentedRaftLogWorker (SegmentedRaftLogWorker.java:close(246)) - 3dc18fc5-3e49-4023-b384-bf494200b733@group-AEFA195D9E78-SegmentedRaftLogWorker close()
2022-07-12 23:22:19,624 [Listener at 127.0.0.1/33951] INFO  server.GrpcService (GrpcService.java:closeImpl(269)) - 3dc18fc5-3e49-4023-b384-bf494200b733: shutdown server with port 38825 now
2022-07-12 23:22:19,660 [Listener at 127.0.0.1/33951] INFO  server.GrpcService (GrpcService.java:closeImpl(278)) - 3dc18fc5-3e49-4023-b384-bf494200b733: shutdown server with port 38825 successfully
2022-07-12 23:22:19,660 [org.apache.ratis.util.JvmPauseMonitor$$Lambda$613/1690937419@5ce3609a] INFO  util.JvmPauseMonitor (JvmPauseMonitor.java:run(109)) - JvmPauseMonitor-3dc18fc5-3e49-4023-b384-bf494200b733: Stopped
2022-07-12 23:22:21,695 [Listener at 127.0.0.1/33951] INFO  utils.BackgroundService (BackgroundService.java:shutdown(132)) - Shutting down service BlockDeletingService
2022-07-12 23:22:24,706 [Listener at 127.0.0.1/33951] INFO  statemachine.DatanodeStateMachine (DatanodeStateMachine.java:stopDaemon(580)) - Ozone container server stopped.
2022-07-12 23:22:24,715 [Listener at 127.0.0.1/33951] INFO  handler.ContextHandler (ContextHandler.java:doStop(1153)) - Stopped o.e.j.w.WebAppContext@5483015{hddsDatanode,/,null,STOPPED}{jar:file:/home/runner/.m2/repository/org/apache/ozone/hdds-container-service/1.3.0-SNAPSHOT/hdds-container-service-1.3.0-SNAPSHOT.jar!/webapps/hddsDatanode}
2022-07-12 23:22:24,729 [Listener at 127.0.0.1/33951] INFO  server.AbstractConnector (AbstractConnector.java:doStop(381)) - Stopped ServerConnector@7114f077{HTTP/1.1, (http/1.1)}{0.0.0.0:0}
2022-07-12 23:22:24,729 [Listener at 127.0.0.1/33951] INFO  server.session (HouseKeeper.java:stopScavenging(149)) - node0 Stopped scavenging
2022-07-12 23:22:24,730 [Listener at 127.0.0.1/33951] INFO  handler.ContextHandler (ContextHandler.java:doStop(1153)) - Stopped o.e.j.s.ServletContextHandler@6b374f4c{static,/static,jar:file:/home/runner/.m2/repository/org/apache/ozone/hdds-container-service/1.3.0-SNAPSHOT/hdds-container-service-1.3.0-SNAPSHOT.jar!/webapps/static,STOPPED}
2022-07-12 23:22:24,730 [Listener at 127.0.0.1/33951] INFO  handler.ContextHandler (ContextHandler.java:doStop(1153)) - Stopped o.e.j.s.ServletContextHandler@4095f32a{logs,/logs,file:///home/runner/work/ozone/ozone/hadoop-ozone/integration-test/target/log,STOPPED}
2022-07-12 23:22:24,733 [Listener at 127.0.0.1/33951] INFO  ozone.MiniOzoneClusterImpl (MiniOzoneClusterImpl.java:stopSCM(537)) - Stopping the StorageContainerManager
2022-07-12 23:22:24,733 [Listener at 127.0.0.1/33951] INFO  server.StorageContainerManager (StorageContainerManager.java:stop(1514)) - Container Balancer is not running.
2022-07-12 23:22:24,733 [Listener at 127.0.0.1/33951] INFO  server.StorageContainerManager (StorageContainerManager.java:stop(1521)) - Stopping Replication Manager Service.
2022-07-12 23:22:24,734 [Listener at 127.0.0.1/33951] INFO  replication.ReplicationManager (ReplicationManager.java:stop(219)) - Stopping Replication Monitor Thread.
2022-07-12 23:22:24,734 [ReplicationMonitor] INFO  replication.ReplicationManager (ReplicationManager.java:run(389)) - Replication Monitor Thread is stopped
2022-07-12 23:22:24,734 [Listener at 127.0.0.1/33951] INFO  server.StorageContainerManager (StorageContainerManager.java:stop(1528)) - Stopping the Datanode Admin Monitor.
2022-07-12 23:22:24,734 [Listener at 127.0.0.1/33951] INFO  server.StorageContainerManager (StorageContainerManager.java:stop(1535)) - Stopping Lease Manager of the command watchers
2022-07-12 23:22:24,734 [Listener at 127.0.0.1/33951] INFO  server.StorageContainerManager (StorageContainerManager.java:stop(1542)) - Stopping datanode service RPC server
2022-07-12 23:22:24,734 [Listener at 127.0.0.1/33951] INFO  server.SCMDatanodeProtocolServer (SCMDatanodeProtocolServer.java:stop(414)) - Stopping the RPC server for DataNodes
2022-07-12 23:22:24,734 [Listener at 127.0.0.1/33951] INFO  ipc.Server (Server.java:stop(3414)) - Stopping server on 41499
2022-07-12 23:22:24,737 [IPC Server listener on 0] INFO  ipc.Server (Server.java:run(1376)) - Stopping IPC Server listener on 0
2022-07-12 23:22:24,737 [IPC Server Responder] INFO  ipc.Server (Server.java:run(1512)) - Stopping IPC Server Responder
2022-07-12 23:22:24,826 [SCM Heartbeat Processing Thread - 0] WARN  node.NodeStateManager (NodeStateManager.java:scheduleNextHealthCheck(870)) - Current Thread is interrupted, shutting down HB processing thread for Node Manager.
2022-07-12 23:22:24,826 [Listener at 127.0.0.1/33951] INFO  server.StorageContainerManager (StorageContainerManager.java:stop(1550)) - Stopping block service RPC server
2022-07-12 23:22:24,826 [Listener at 127.0.0.1/33951] INFO  server.SCMBlockProtocolServer (SCMBlockProtocolServer.java:stop(161)) - Stopping the RPC server for Block Protocol
2022-07-12 23:22:24,826 [Listener at 127.0.0.1/33951] INFO  ipc.Server (Server.java:stop(3414)) - Stopping server on 35947
2022-07-12 23:22:24,837 [Listener at 127.0.0.1/33951] INFO  server.StorageContainerManager (StorageContainerManager.java:stop(1557)) - Stopping the StorageContainerLocationProtocol RPC server
2022-07-12 23:22:24,837 [Listener at 127.0.0.1/33951] INFO  server.SCMClientProtocolServer (SCMClientProtocolServer.java:stop(179)) - Stopping the RPC server for Client Protocol
2022-07-12 23:22:24,837 [Listener at 127.0.0.1/33951] INFO  ipc.Server (Server.java:stop(3414)) - Stopping server on 42347
2022-07-12 23:22:24,837 [IPC Server Responder] INFO  ipc.Server (Server.java:run(1512)) - Stopping IPC Server Responder
2022-07-12 23:22:24,838 [IPC Server listener on 0] INFO  ipc.Server (Server.java:run(1376)) - Stopping IPC Server listener on 0
2022-07-12 23:22:24,869 [Listener at 127.0.0.1/33951] INFO  server.StorageContainerManager (StorageContainerManager.java:stop(1564)) - Stopping Storage Container Manager HTTP server.
2022-07-12 23:22:24,870 [Listener at 127.0.0.1/33951] INFO  handler.ContextHandler (ContextHandler.java:doStop(1153)) - Stopped o.e.j.w.WebAppContext@6090e5b5{scm,/,null,STOPPED}{file:/home/runner/work/ozone/ozone/hadoop-ozone/integration-test/target/test-classes/webapps/scm}
2022-07-12 23:22:24,870 [IPC Server listener on 0] INFO  ipc.Server (Server.java:run(1376)) - Stopping IPC Server listener on 0
2022-07-12 23:22:24,871 [IPC Server Responder] INFO  ipc.Server (Server.java:run(1512)) - Stopping IPC Server Responder
2022-07-12 23:22:24,871 [Listener at 127.0.0.1/33951] INFO  server.AbstractConnector (AbstractConnector.java:doStop(381)) - Stopped ServerConnector@58e71a08{HTTP/1.1, (http/1.1)}{0.0.0.0:0}
2022-07-12 23:22:24,872 [Listener at 127.0.0.1/33951] INFO  server.session (HouseKeeper.java:stopScavenging(149)) - node0 Stopped scavenging
2022-07-12 23:22:24,872 [Listener at 127.0.0.1/33951] INFO  handler.ContextHandler (ContextHandler.java:doStop(1153)) - Stopped o.e.j.s.ServletContextHandler@618707b0{static,/static,file:///home/runner/work/ozone/ozone/hadoop-ozone/integration-test/target/test-classes/webapps/static,STOPPED}
2022-07-12 23:22:24,872 [Listener at 127.0.0.1/33951] INFO  handler.ContextHandler (ContextHandler.java:doStop(1153)) - Stopped o.e.j.s.ServletContextHandler@18473bda{logs,/logs,file:///home/runner/work/ozone/ozone/hadoop-ozone/integration-test/target/log,STOPPED}
2022-07-12 23:22:24,878 [Listener at 127.0.0.1/33951] INFO  server.StorageContainerManager (StorageContainerManager.java:stop(1575)) - Stopping Block Manager Service.
2022-07-12 23:22:24,878 [Listener at 127.0.0.1/33951] INFO  utils.BackgroundService (BackgroundService.java:shutdown(132)) - Shutting down service SCMBlockDeletingService
2022-07-12 23:22:24,879 [Listener at 127.0.0.1/33951] INFO  utils.BackgroundService (BackgroundService.java:shutdown(132)) - Shutting down service SCMBlockDeletingService
2022-07-12 23:22:24,879 [Listener at 127.0.0.1/33951] INFO  server.StorageContainerManager (StorageContainerManager.java:stop(1602)) - Stopping SCM Event Queue.
2022-07-12 23:22:24,880 [Listener at 127.0.0.1/33951] INFO  server.StorageContainerManager (StorageContainerManager.java:stop(1613)) - Stopping SCM HA services.
2022-07-12 23:22:24,880 [Listener at 127.0.0.1/33951] INFO  pipeline.BackgroundPipelineCreator (BackgroundPipelineCreator.java:stop(149)) - Stopping RatisPipelineUtilsThread.
2022-07-12 23:22:24,880 [RatisPipelineUtilsThread - 0] WARN  pipeline.BackgroundPipelineCreator (BackgroundPipelineCreator.java:run(180)) - RatisPipelineUtilsThread is interrupted.
2022-07-12 23:22:24,880 [Listener at 127.0.0.1/33951] INFO  BackgroundPipelineScrubber (BackgroundSCMService.java:stop(126)) - Stopping BackgroundPipelineScrubber Service.
2022-07-12 23:22:24,881 [BackgroundPipelineScrubberThread] WARN  BackgroundPipelineScrubber (BackgroundSCMService.java:run(110)) - BackgroundPipelineScrubber is interrupted, exit
2022-07-12 23:22:24,881 [Listener at 127.0.0.1/33951] INFO  server.StorageContainerManager (StorageContainerManager.java:stop(1623)) - Stopping SCM MetadataStore.
2022-07-12 23:22:24,882 [Listener at 127.0.0.1/33951] INFO  impl.MetricsSystemImpl (MetricsSystemImpl.java:stop(210)) - Stopping HddsDatanode metrics system...
2022-07-12 23:22:24,929 [prometheus] INFO  impl.MetricsSinkAdapter (MetricsSinkAdapter.java:publishMetricsFromQueue(141)) - prometheus thread interrupted.
2022-07-12 23:22:24,929 [Listener at 127.0.0.1/33951] INFO  impl.MetricsSystemImpl (MetricsSystemImpl.java:stop(216)) - HddsDatanode metrics system stopped.
2022-07-12 23:22:25,159 [Listener at 127.0.0.1/33951] WARN  server.ServerUtils (ServerUtils.java:getScmDbDir(148)) - ozone.scm.db.dirs is not configured. We recommend adding this setting. Falling back to ozone.metadata.dirs instead.
2022-07-12 23:22:25,175 [Listener at 127.0.0.1/33951] WARN  server.ServerUtils (ServerUtils.java:getScmDbDir(148)) - ozone.scm.db.dirs is not configured. We recommend adding this setting. Falling back to ozone.metadata.dirs instead.
2022-07-12 23:22:25,175 [Listener at 127.0.0.1/33951] INFO  ha.SCMHANodeDetails (SCMHANodeDetails.java:loadSCMHAConfig(209)) - ServiceID for StorageContainerManager is null
2022-07-12 23:22:25,175 [Listener at 127.0.0.1/33951] INFO  ha.SCMHANodeDetails (SCMHANodeDetails.java:loadSCMHAConfig(214)) - ozone.scm.default.service.id is not defined, falling back to ozone.scm.service.ids to find serviceID for StorageContainerManager if it is HA enabled cluster
2022-07-12 23:22:25,177 [Listener at 127.0.0.1/33951] WARN  utils.HAUtils (HAUtils.java:getMetaDir(342)) - ozone.scm.db.dirs is not configured. We recommend adding this setting. Falling back to ozone.metadata.dirs instead.
2022-07-12 23:22:25,178 [Listener at 127.0.0.1/33951] WARN  db.DBStoreBuilder (DBStoreBuilder.java:applyDBDefinition(145)) - ozone.scm.db.dirs is not configured. We recommend adding this setting. Falling back to ozone.metadata.dirs instead.
2022-07-12 23:22:25,542 [Listener at 127.0.0.1/33951] INFO  net.NodeSchemaLoader (NodeSchemaLoader.java:loadSchemaFromFile(129)) - Loading schema from [jar:file:/home/runner/.m2/repository/org/apache/ozone/hdds-common/1.3.0-SNAPSHOT/hdds-common-1.3.0-SNAPSHOT.jar!/network-topology-default.xml]
2022-07-12 23:22:25,542 [Listener at 127.0.0.1/33951] INFO  net.NodeSchemaLoader (NodeSchemaLoader.java:loadSchema(176)) - Loading network topology layer schema file
2022-07-12 23:22:25,560 [Listener at 127.0.0.1/33951] INFO  upgrade.AbstractLayoutVersionManager (AbstractLayoutVersionManager.java:init(83)) - Initializing Layout version manager with metadata layout = DATANODE_SCHEMA_V3 (version = 4), software layout = DATANODE_SCHEMA_V3 (version = 4)
2022-07-12 23:22:25,729 [Listener at 127.0.0.1/33951] INFO  reflections.Reflections (Reflections.java:scan(232)) - Reflections took 166 ms to scan 7 urls, producing 132 keys and 317 values 
2022-07-12 23:22:25,732 [Listener at 127.0.0.1/33951] INFO  ha.SequenceIdGenerator (SequenceIdGenerator.java:upgradeToSequenceId(349)) - upgrade localId to 109611004723200000
2022-07-12 23:22:25,733 [Listener at 127.0.0.1/33951] INFO  ha.SequenceIdGenerator (SequenceIdGenerator.java:upgradeToSequenceId(359)) - upgrade delTxnId to 0
2022-07-12 23:22:25,733 [Listener at 127.0.0.1/33951] INFO  ha.SequenceIdGenerator (SequenceIdGenerator.java:upgradeToSequenceId(376)) - upgrade containerId to 0
2022-07-12 23:22:25,761 [Listener at 127.0.0.1/33951] INFO  ha.SequenceIdGenerator (SequenceIdGenerator.java:<init>(220)) - Init the HA SequenceIdGenerator.
2022-07-12 23:22:25,763 [Listener at 127.0.0.1/33951] WARN  server.ServerUtils (ServerUtils.java:sanitizeUserArgs(73)) - ozone.scm.stale.node.interval value = 300000 is larger than max = 100000 based on the key value of ozone.scm.heartbeat.thread.interval, reset to the max value 100000.
2022-07-12 23:22:25,763 [Listener at 127.0.0.1/33951] WARN  server.ServerUtils (ServerUtils.java:sanitizeUserArgs(73)) - ozone.scm.stale.node.interval value = 300000 is larger than max = 100000 based on the key value of ozone.scm.heartbeat.thread.interval, reset to the max value 100000.
2022-07-12 23:22:25,768 [Listener at 127.0.0.1/33951] INFO  node.SCMNodeManager (SCMNodeManager.java:<init>(149)) - Entering startup safe mode.
2022-07-12 23:22:25,768 [Listener at 127.0.0.1/33951] INFO  algorithms.ContainerPlacementPolicyFactory (ContainerPlacementPolicyFactory.java:getPolicyInternal(86)) - Create container placement policy of type org.apache.hadoop.hdds.scm.container.placement.algorithms.SCMContainerPlacementRandom
2022-07-12 23:22:25,769 [Listener at 127.0.0.1/33951] INFO  pipeline.PipelineStateManagerImpl (PipelineStateManagerImpl.java:initialize(78)) - No pipeline exists in current db
2022-07-12 23:22:25,769 [Listener at 127.0.0.1/33951] INFO  algorithms.LeaderChoosePolicyFactory (LeaderChoosePolicyFactory.java:getPolicy(57)) - Create leader choose policy of type org.apache.hadoop.hdds.scm.pipeline.leader.choose.algorithms.MinLeaderCountChoosePolicy
2022-07-12 23:22:25,769 [Listener at 127.0.0.1/33951] INFO  algorithms.ContainerPlacementPolicyFactory (ContainerPlacementPolicyFactory.java:getPolicyInternal(86)) - Create container placement policy of type org.apache.hadoop.hdds.scm.container.placement.algorithms.SCMContainerPlacementRackScatter
2022-07-12 23:22:25,773 [Listener at 127.0.0.1/33951] INFO  ha.SCMServiceManager (SCMServiceManager.java:register(42)) - Registering service BackgroundPipelineCreator.
2022-07-12 23:22:25,774 [Listener at 127.0.0.1/33951] INFO  pipeline.BackgroundPipelineCreator (BackgroundPipelineCreator.java:start(124)) - Starting RatisPipelineUtilsThread.
2022-07-12 23:22:25,782 [Listener at 127.0.0.1/33951] INFO  BackgroundPipelineScrubber (BackgroundSCMService.java:start(68)) - Starting BackgroundPipelineScrubber Service.
2022-07-12 23:22:25,783 [Listener at 127.0.0.1/33951] INFO  ha.SCMServiceManager (SCMServiceManager.java:register(42)) - Registering service BackgroundPipelineScrubber.
2022-07-12 23:22:25,784 [Listener at 127.0.0.1/33951] INFO  ExpiredContainerReplicaOpScrubber (BackgroundSCMService.java:start(68)) - Starting ExpiredContainerReplicaOpScrubber Service.
2022-07-12 23:22:25,802 [Listener at 127.0.0.1/33951] INFO  ha.SCMServiceManager (SCMServiceManager.java:register(42)) - Registering service ExpiredContainerReplicaOpScrubber.
2022-07-12 23:22:25,803 [Listener at 127.0.0.1/33951] INFO  algorithms.PipelineChoosePolicyFactory (PipelineChoosePolicyFactory.java:createPipelineChoosePolicyFromClass(73)) - Create pipeline choose policy of type org.apache.hadoop.hdds.scm.pipeline.choose.algorithms.RandomPipelineChoosePolicy
2022-07-12 23:22:25,803 [Listener at 127.0.0.1/33951] INFO  ha.SCMServiceManager (SCMServiceManager.java:register(42)) - Registering service SCMBlockDeletingService.
2022-07-12 23:22:25,803 [Listener at 127.0.0.1/33951] INFO  replication.ReplicationManager (ReplicationManager.java:start(186)) - Starting Replication Monitor Thread.
2022-07-12 23:22:25,813 [Listener at 127.0.0.1/33951] INFO  ha.SCMServiceManager (SCMServiceManager.java:register(42)) - Registering service ReplicationManager.
2022-07-12 23:22:25,813 [Listener at 127.0.0.1/33951] INFO  safemode.ContainerSafeModeRule (ContainerSafeModeRule.java:<init>(89)) - containers with one replica threshold count 0
2022-07-12 23:22:25,814 [Listener at 127.0.0.1/33951] INFO  safemode.HealthyPipelineSafeModeRule (HealthyPipelineSafeModeRule.java:initializeRule(169)) - Total pipeline count is 0, healthy pipeline threshold count is 1
2022-07-12 23:22:25,814 [Listener at 127.0.0.1/33951] INFO  safemode.OneReplicaPipelineSafeModeRule (OneReplicaPipelineSafeModeRule.java:initializeRule(180)) - Total pipeline count is 0, pipeline's with at least one datanode reported threshold count is 0
2022-07-12 23:22:25,815 [Listener at 127.0.0.1/33951] INFO  ipc.CallQueueManager (CallQueueManager.java:<init>(90)) - Using callQueue: class java.util.concurrent.LinkedBlockingQueue, queueCapacity: 2000, scheduler: class org.apache.hadoop.ipc.DefaultRpcScheduler, ipcBackoff: false.
2022-07-12 23:22:25,815 [Socket Reader #1 for port 0] INFO  ipc.Server (Server.java:run(1265)) - Starting Socket Reader #1 for port 0
2022-07-12 23:22:25,816 [Listener at 0.0.0.0/43479] INFO  ipc.CallQueueManager (CallQueueManager.java:<init>(90)) - Using callQueue: class java.util.concurrent.LinkedBlockingQueue, queueCapacity: 2000, scheduler: class org.apache.hadoop.ipc.DefaultRpcScheduler, ipcBackoff: false.
2022-07-12 23:22:25,816 [Socket Reader #1 for port 0] INFO  ipc.Server (Server.java:run(1265)) - Starting Socket Reader #1 for port 0
2022-07-12 23:22:25,817 [Listener at 0.0.0.0/43067] INFO  ipc.CallQueueManager (CallQueueManager.java:<init>(90)) - Using callQueue: class java.util.concurrent.LinkedBlockingQueue, queueCapacity: 2000, scheduler: class org.apache.hadoop.ipc.DefaultRpcScheduler, ipcBackoff: false.
2022-07-12 23:22:25,817 [Socket Reader #1 for port 0] INFO  ipc.Server (Server.java:run(1265)) - Starting Socket Reader #1 for port 0
2022-07-12 23:22:25,825 [ReplicationMonitor] INFO  replication.ReplicationManager (ReplicationManager.java:processAll(235)) - Replication Manager is not ready to run until 3000ms after safemode exit
2022-07-12 23:22:25,907 [Listener at 0.0.0.0/41661] INFO  ha.SCMServiceManager (SCMServiceManager.java:register(42)) - Registering service ContainerBalancer.
2022-07-12 23:22:25,908 [Listener at 0.0.0.0/41661] INFO  server.StorageContainerManager (StorageContainerManager.java:<init>(401)) - 
Container Balancer status:
Key                            Value
Running                        false
Container Balancer Configuration values:
Key                                                Value
Threshold                                          10
Max Datanodes to Involve per Iteration(percent)    20
Max Size to Move per Iteration                     500GB
Max Size Entering Target per Iteration             26GB
Max Size Leaving Source per Iteration              26GB

2022-07-12 23:22:25,908 [Listener at 0.0.0.0/41661] WARN  events.EventQueue (EventQueue.java:fireEvent(216)) - No event handler registered for event TypedEvent{payloadType=SafeModeStatus, name='Safe mode status'}
2022-07-12 23:22:25,908 [Listener at 0.0.0.0/41661] INFO  ha.SCMContext (SCMContext.java:updateSafeModeStatus(228)) - Update SafeModeStatus from SafeModeStatus{safeModeStatus=true, preCheckPassed=false} to SafeModeStatus{safeModeStatus=true, preCheckPassed=false}.
2022-07-12 23:22:25,918 [Listener at 0.0.0.0/41661] INFO  server.StorageContainerManager (StorageContainerManager.java:start(1422)) - StorageContainerLocationProtocol RPC server is listening at /0.0.0.0:41661
2022-07-12 23:22:25,920 [Listener at 0.0.0.0/41661] WARN  impl.MetricsConfig (MetricsConfig.java:loadFirst(136)) - Cannot locate configuration: tried hadoop-metrics2-storagecontainermanager.properties,hadoop-metrics2.properties
2022-07-12 23:22:25,929 [Listener at 0.0.0.0/41661] INFO  impl.MetricsSystemImpl (MetricsSystemImpl.java:startTimer(378)) - Scheduled Metric snapshot period at 10 second(s).
2022-07-12 23:22:25,929 [Listener at 0.0.0.0/41661] INFO  impl.MetricsSystemImpl (MetricsSystemImpl.java:start(191)) - StorageContainerManager metrics system started
2022-07-12 23:22:26,001 [Listener at 0.0.0.0/41661] INFO  impl.MetricsSinkAdapter (MetricsSinkAdapter.java:start(204)) - Sink prometheus started
2022-07-12 23:22:26,001 [Listener at 0.0.0.0/41661] INFO  impl.MetricsSystemImpl (MetricsSystemImpl.java:registerSink(305)) - Registered sink prometheus
2022-07-12 23:22:26,081 [Listener at 0.0.0.0/41661] INFO  server.SCMClientProtocolServer (SCMClientProtocolServer.java:start(170)) - RPC server for Client  is listening at /0.0.0.0:41661
2022-07-12 23:22:26,085 [IPC Server Responder] INFO  ipc.Server (Server.java:run(1507)) - IPC Server Responder: starting
2022-07-12 23:22:26,109 [IPC Server listener on 0] INFO  ipc.Server (Server.java:run(1344)) - IPC Server listener on 0: starting
2022-07-12 23:22:26,194 [Listener at 0.0.0.0/41661] INFO  server.StorageContainerManager (StorageContainerManager.java:start(1437)) - ScmBlockLocationProtocol RPC server is listening at /0.0.0.0:43067
2022-07-12 23:22:26,194 [Listener at 0.0.0.0/41661] INFO  server.SCMBlockProtocolServer (SCMBlockProtocolServer.java:start(152)) - RPC server for Block Protocol is listening at /0.0.0.0:43067
2022-07-12 23:22:26,195 [IPC Server Responder] INFO  ipc.Server (Server.java:run(1507)) - IPC Server Responder: starting
2022-07-12 23:22:26,195 [IPC Server listener on 0] INFO  ipc.Server (Server.java:run(1344)) - IPC Server listener on 0: starting
2022-07-12 23:22:26,196 [Listener at 0.0.0.0/41661] INFO  server.SCMDatanodeProtocolServer (SCMDatanodeProtocolServer.java:start(186)) - ScmDatanodeProtocol RPC server for DataNodes is listening at /0.0.0.0:43479
2022-07-12 23:22:26,200 [IPC Server Responder] INFO  ipc.Server (Server.java:run(1507)) - IPC Server Responder: starting
2022-07-12 23:22:26,229 [IPC Server listener on 0] INFO  ipc.Server (Server.java:run(1344)) - IPC Server listener on 0: starting
2022-07-12 23:22:26,279 [org.apache.hadoop.util.JvmPauseMonitor$Monitor@1520efc2] INFO  util.JvmPauseMonitor (JvmPauseMonitor.java:run(188)) - Starting JVM pause monitor
2022-07-12 23:22:26,334 [Listener at 0.0.0.0/41661] INFO  http.BaseHttpServer (BaseHttpServer.java:newHttpServer2BuilderForOzone(209)) - Starting Web-server for scm at: http://0.0.0.0:0
2022-07-12 23:22:26,335 [Listener at 0.0.0.0/41661] INFO  http.BaseHttpServer (BaseHttpServer.java:<init>(107)) - Hadoop Security Enabled: false Ozone Security Enabled: false Ozone HTTP Security Enabled: false 
2022-07-12 23:22:26,336 [Listener at 0.0.0.0/41661] INFO  server.AuthenticationFilter (AuthenticationFilter.java:constructSecretProvider(240)) - Unable to initialize FileSignerSecretProvider, falling back to use random secrets.
2022-07-12 23:22:26,353 [Listener at 0.0.0.0/41661] WARN  http.HttpRequestLog (HttpRequestLog.java:getRequestLog(103)) - Jetty request log can only be enabled using Log4j
2022-07-12 23:22:26,354 [Listener at 0.0.0.0/41661] INFO  http.HttpServer2 (HttpServer2.java:addGlobalFilter(1029)) - Added global filter 'safety' (class=org.apache.hadoop.hdds.server.http.HttpServer2$QuotingInputFilter)
2022-07-12 23:22:26,355 [Listener at 0.0.0.0/41661] INFO  http.HttpServer2 (HttpServer2.java:addFilter(1005)) - Added filter static_user_filter (class=org.apache.hadoop.http.lib.StaticUserWebFilter$StaticUserFilter) to context scm
2022-07-12 23:22:26,355 [Listener at 0.0.0.0/41661] INFO  http.HttpServer2 (HttpServer2.java:addFilter(1013)) - Added filter static_user_filter (class=org.apache.hadoop.http.lib.StaticUserWebFilter$StaticUserFilter) to context logs
2022-07-12 23:22:26,355 [Listener at 0.0.0.0/41661] INFO  http.HttpServer2 (HttpServer2.java:addFilter(1013)) - Added filter static_user_filter (class=org.apache.hadoop.http.lib.StaticUserWebFilter$StaticUserFilter) to context static
2022-07-12 23:22:26,356 [Listener at 0.0.0.0/41661] INFO  http.HttpServer2 (HttpServer2.java:bindListener(1248)) - Jetty bound to port 45335
2022-07-12 23:22:26,356 [Listener at 0.0.0.0/41661] INFO  server.Server (Server.java:doStart(375)) - jetty-9.4.43.v20210629; built: 2021-06-30T11:07:22.254Z; git: 526006ecfa3af7f1a27ef3a288e2bef7ea9dd7e8; jvm 1.8.0_332-b09
2022-07-12 23:22:26,409 [Listener at 0.0.0.0/41661] INFO  server.session (DefaultSessionIdManager.java:doStart(334)) - DefaultSessionIdManager workerName=node0
2022-07-12 23:22:26,409 [Listener at 0.0.0.0/41661] INFO  server.session (DefaultSessionIdManager.java:doStart(339)) - No SessionScavenger set, using defaults
2022-07-12 23:22:26,410 [Listener at 0.0.0.0/41661] INFO  server.session (HouseKeeper.java:startScavenging(132)) - node0 Scavenging every 600000ms
2022-07-12 23:22:26,421 [Listener at 0.0.0.0/41661] INFO  handler.ContextHandler (ContextHandler.java:doStart(915)) - Started o.e.j.s.ServletContextHandler@35d6eda7{logs,/logs,file:///home/runner/work/ozone/ozone/hadoop-ozone/integration-test/target/log,AVAILABLE}
2022-07-12 23:22:26,422 [Listener at 0.0.0.0/41661] INFO  handler.ContextHandler (ContextHandler.java:doStart(915)) - Started o.e.j.s.ServletContextHandler@731cfe2d{static,/static,file:///home/runner/work/ozone/ozone/hadoop-ozone/integration-test/target/test-classes/webapps/static,AVAILABLE}
2022-07-12 23:22:26,425 [Listener at 0.0.0.0/41661] INFO  handler.ContextHandler (ContextHandler.java:doStart(915)) - Started o.e.j.w.WebAppContext@55010950{scm,/,file:///home/runner/work/ozone/ozone/hadoop-ozone/integration-test/target/test-classes/webapps/scm/,AVAILABLE}{file:/home/runner/work/ozone/ozone/hadoop-ozone/integration-test/target/test-classes/webapps/scm}
2022-07-12 23:22:26,434 [Listener at 0.0.0.0/41661] INFO  server.AbstractConnector (AbstractConnector.java:doStart(331)) - Started ServerConnector@2b316745{HTTP/1.1, (http/1.1)}{0.0.0.0:45335}
2022-07-12 23:22:26,434 [Listener at 0.0.0.0/41661] INFO  server.Server (Server.java:doStart(415)) - Started @145909ms
2022-07-12 23:22:26,434 [Listener at 0.0.0.0/41661] WARN  impl.MetricsSystemImpl (MetricsSystemImpl.java:register(279)) - Sink prometheus already exists!
2022-07-12 23:22:26,435 [Listener at 0.0.0.0/41661] INFO  http.BaseHttpServer (BaseHttpServer.java:updateConnectorAddress(329)) - HTTP server of scm listening at http://0.0.0.0:45335
2022-07-12 23:22:26,435 [Listener at 0.0.0.0/41661] WARN  server.ServerUtils (ServerUtils.java:getDBPath(225)) - ozone.om.db.dirs is not configured. We recommend adding this setting. Falling back to ozone.metadata.dirs instead.
2022-07-12 23:22:26,445 [Listener at 0.0.0.0/41661] INFO  ha.OMHANodeDetails (OMHANodeDetails.java:loadOMHAConfig(115)) - ozone.om.internal.service.id is not defined, falling back to ozone.om.service.ids to find serviceID for OzoneManager if it is HA enabled cluster
2022-07-12 23:22:26,445 [Listener at 0.0.0.0/41661] INFO  ha.OMHANodeDetails (OMHANodeDetails.java:loadOMHAConfig(226)) - Configuration does not have ozone.om.address set. Falling back to the default OM address /127.0.0.1:0
2022-07-12 23:22:26,445 [Listener at 0.0.0.0/41661] INFO  ha.OMHANodeDetails (OMHANodeDetails.java:getOMNodeDetailsForNonHA(254)) - OM Service ID is not set. Setting it to the default ID: omServiceIdDefault
2022-07-12 23:22:26,445 [Listener at 0.0.0.0/41661] INFO  ha.OMHANodeDetails (OMHANodeDetails.java:getOMNodeDetailsForNonHA(261)) - OM Node ID is not set. Setting it to the default ID: om1
2022-07-12 23:22:26,445 [Listener at 0.0.0.0/41661] WARN  server.ServerUtils (ServerUtils.java:getDBPath(225)) - ozone.om.db.dirs is not configured. We recommend adding this setting. Falling back to ozone.metadata.dirs instead.
2022-07-12 23:22:26,446 [Listener at 0.0.0.0/41661] INFO  upgrade.AbstractLayoutVersionManager (AbstractLayoutVersionManager.java:init(83)) - Initializing Layout version manager with metadata layout = MULTITENANCY_SCHEMA (version = 3), software layout = MULTITENANCY_SCHEMA (version = 3)
2022-07-12 23:22:26,674 [Listener at 0.0.0.0/41661] INFO  reflections.Reflections (Reflections.java:scan(232)) - Reflections took 227 ms to scan 2 urls, producing 153 keys and 430 values [using 2 cores]
2022-07-12 23:22:26,675 [Listener at 0.0.0.0/41661] INFO  upgrade.OMLayoutVersionManager (OMLayoutVersionManager.java:lambda$0(115)) - Skipping Upgrade Action MockOmUpgradeAction since it has been finalized.
2022-07-12 23:22:26,675 [Listener at 0.0.0.0/41661] WARN  server.ServerUtils (ServerUtils.java:getDBPath(225)) - ozone.om.db.dirs is not configured. We recommend adding this setting. Falling back to ozone.metadata.dirs instead.
2022-07-12 23:22:26,676 [Listener at 0.0.0.0/41661] INFO  proxy.SCMBlockLocationFailoverProxyProvider (SCMBlockLocationFailoverProxyProvider.java:<init>(114)) - Created block location fail-over proxy with 1 nodes: [nodeId=scmNodeId,nodeAddress=/0.0.0.0:43067]
2022-07-12 23:22:26,677 [Listener at 0.0.0.0/41661] INFO  proxy.SCMBlockLocationFailoverProxyProvider (SCMBlockLocationFailoverProxyProvider.java:<init>(114)) - Created block location fail-over proxy with 1 nodes: [nodeId=scmNodeId,nodeAddress=/0.0.0.0:43067]
2022-07-12 23:22:26,718 [Listener at 0.0.0.0/41661] WARN  server.ServerUtils (ServerUtils.java:getDBPath(225)) - ozone.om.db.dirs is not configured. We recommend adding this setting. Falling back to ozone.metadata.dirs instead.
2022-07-12 23:22:26,718 [Listener at 0.0.0.0/41661] INFO  codec.OmKeyInfoCodec (OmKeyInfoCodec.java:<init>(49)) - OmKeyInfoCodec ignorePipeline = true
2022-07-12 23:22:26,718 [Listener at 0.0.0.0/41661] INFO  codec.RepeatedOmKeyInfoCodec (RepeatedOmKeyInfoCodec.java:<init>(41)) - RepeatedOmKeyInfoCodec ignorePipeline = true
2022-07-12 23:22:27,284 [Listener at 0.0.0.0/41661] INFO  om.OzoneManager (OzoneManager.java:instantiateServices(692)) - S3 Multi-Tenancy is disabled
2022-07-12 23:22:27,286 [Listener at 0.0.0.0/41661] INFO  om.OzoneManager (OzoneManager.java:addS3GVolumeToDB(4259)) - Created Volume s3v With Owner runner required for S3Gateway operations.
2022-07-12 23:22:27,288 [Listener at 0.0.0.0/41661] INFO  om.OzoneManager (OzoneManager.java:getRpcServer(1081)) - Creating RPC Server
2022-07-12 23:22:28,301 [Listener at 0.0.0.0/41661] INFO  reflections.Reflections (Reflections.java:scan(232)) - Reflections took 1010 ms to scan 19 urls, producing 66 keys and 4109 values [using 2 cores]
2022-07-12 23:22:28,303 [Listener at 0.0.0.0/41661] INFO  ipc.CallQueueManager (CallQueueManager.java:<init>(90)) - Using callQueue: class java.util.concurrent.LinkedBlockingQueue, queueCapacity: 2000, scheduler: class org.apache.hadoop.ipc.DefaultRpcScheduler, ipcBackoff: false.
2022-07-12 23:22:28,313 [Socket Reader #1 for port 0] INFO  ipc.Server (Server.java:run(1265)) - Starting Socket Reader #1 for port 0
2022-07-12 23:22:28,375 [Listener at 127.0.0.1/43683] INFO  impl.MetricsSystemImpl (MetricsSystemImpl.java:init(158)) - OzoneManager metrics system started (again)
2022-07-12 23:22:28,434 [Listener at 127.0.0.1/43683] INFO  om.OzoneManager (OzoneManager.java:start(1465)) - OzoneManager RPC server is listening at localhost/127.0.0.1:43683
2022-07-12 23:22:28,434 [Listener at 127.0.0.1/43683] INFO  om.OzoneManager (OzoneManager.java:start(1481)) - Version File has different layout version (3) than OM DB (null). That is expected if this OM has never been finalized to a newer layout version.
2022-07-12 23:22:28,445 [Listener at 127.0.0.1/43683] INFO  http.BaseHttpServer (BaseHttpServer.java:newHttpServer2BuilderForOzone(209)) - Starting Web-server for ozoneManager at: http://0.0.0.0:0
2022-07-12 23:22:28,446 [Listener at 127.0.0.1/43683] INFO  http.BaseHttpServer (BaseHttpServer.java:<init>(107)) - Hadoop Security Enabled: false Ozone Security Enabled: false Ozone HTTP Security Enabled: false 
2022-07-12 23:22:28,447 [Listener at 127.0.0.1/43683] INFO  server.AuthenticationFilter (AuthenticationFilter.java:constructSecretProvider(240)) - Unable to initialize FileSignerSecretProvider, falling back to use random secrets.
2022-07-12 23:22:28,469 [Listener at 127.0.0.1/43683] WARN  http.HttpRequestLog (HttpRequestLog.java:getRequestLog(103)) - Jetty request log can only be enabled using Log4j
2022-07-12 23:22:28,737 [Listener at 127.0.0.1/43683] INFO  http.HttpServer2 (HttpServer2.java:addGlobalFilter(1029)) - Added global filter 'safety' (class=org.apache.hadoop.hdds.server.http.HttpServer2$QuotingInputFilter)
2022-07-12 23:22:28,738 [Listener at 127.0.0.1/43683] INFO  http.HttpServer2 (HttpServer2.java:addFilter(1005)) - Added filter static_user_filter (class=org.apache.hadoop.http.lib.StaticUserWebFilter$StaticUserFilter) to context ozoneManager
2022-07-12 23:22:28,739 [Listener at 127.0.0.1/43683] INFO  http.HttpServer2 (HttpServer2.java:addFilter(1013)) - Added filter static_user_filter (class=org.apache.hadoop.http.lib.StaticUserWebFilter$StaticUserFilter) to context static
2022-07-12 23:22:28,739 [Listener at 127.0.0.1/43683] INFO  http.HttpServer2 (HttpServer2.java:addFilter(1013)) - Added filter static_user_filter (class=org.apache.hadoop.http.lib.StaticUserWebFilter$StaticUserFilter) to context logs
2022-07-12 23:22:28,739 [Listener at 127.0.0.1/43683] INFO  http.HttpServer2 (HttpServer2.java:bindListener(1248)) - Jetty bound to port 37709
2022-07-12 23:22:28,740 [Listener at 127.0.0.1/43683] INFO  server.Server (Server.java:doStart(375)) - jetty-9.4.43.v20210629; built: 2021-06-30T11:07:22.254Z; git: 526006ecfa3af7f1a27ef3a288e2bef7ea9dd7e8; jvm 1.8.0_332-b09
2022-07-12 23:22:28,778 [Listener at 127.0.0.1/43683] INFO  server.session (DefaultSessionIdManager.java:doStart(334)) - DefaultSessionIdManager workerName=node0
2022-07-12 23:22:28,778 [Listener at 127.0.0.1/43683] INFO  server.session (DefaultSessionIdManager.java:doStart(339)) - No SessionScavenger set, using defaults
2022-07-12 23:22:28,778 [Listener at 127.0.0.1/43683] INFO  server.session (HouseKeeper.java:startScavenging(132)) - node0 Scavenging every 660000ms
2022-07-12 23:22:28,779 [Listener at 127.0.0.1/43683] INFO  handler.ContextHandler (ContextHandler.java:doStart(915)) - Started o.e.j.s.ServletContextHandler@3f17e012{logs,/logs,file:///home/runner/work/ozone/ozone/hadoop-ozone/integration-test/target/log,AVAILABLE}
2022-07-12 23:22:28,780 [Listener at 127.0.0.1/43683] INFO  handler.ContextHandler (ContextHandler.java:doStart(915)) - Started o.e.j.s.ServletContextHandler@16ea030e{static,/static,file:///home/runner/work/ozone/ozone/hadoop-ozone/integration-test/target/test-classes/webapps/static,AVAILABLE}
2022-07-12 23:22:28,809 [Listener at 127.0.0.1/43683] INFO  handler.ContextHandler (ContextHandler.java:doStart(915)) - Started o.e.j.w.WebAppContext@1a9d9a3e{ozoneManager,/,file:///home/runner/work/ozone/ozone/hadoop-ozone/integration-test/target/test-classes/webapps/ozoneManager/,AVAILABLE}{file:/home/runner/work/ozone/ozone/hadoop-ozone/integration-test/target/test-classes/webapps/ozoneManager}
2022-07-12 23:22:28,840 [Listener at 127.0.0.1/43683] INFO  server.AbstractConnector (AbstractConnector.java:doStart(331)) - Started ServerConnector@1add43da{HTTP/1.1, (http/1.1)}{0.0.0.0:37709}
2022-07-12 23:22:28,840 [Listener at 127.0.0.1/43683] INFO  server.Server (Server.java:doStart(415)) - Started @148315ms
2022-07-12 23:22:28,840 [Listener at 127.0.0.1/43683] WARN  impl.MetricsSystemImpl (MetricsSystemImpl.java:register(279)) - Sink prometheus already exists!
2022-07-12 23:22:28,841 [Listener at 127.0.0.1/43683] INFO  http.BaseHttpServer (BaseHttpServer.java:updateConnectorAddress(329)) - HTTP server of ozoneManager listening at http://0.0.0.0:37709
2022-07-12 23:22:28,852 [IPC Server Responder] INFO  ipc.Server (Server.java:run(1507)) - IPC Server Responder: starting
2022-07-12 23:22:28,880 [Listener at 127.0.0.1/43683] INFO  om.TrashPolicyOzone (TrashPolicyOzone.java:<init>(178)) - Ozone Manager trash configuration: Deletion interval = 0 minutes, Emptier interval = 0 minutes.
2022-07-12 23:22:28,895 [IPC Server listener on 0] INFO  ipc.Server (Server.java:run(1344)) - IPC Server listener on 0: starting
2022-07-12 23:22:28,908 [org.apache.hadoop.util.JvmPauseMonitor$Monitor@f43bd72] INFO  util.JvmPauseMonitor (JvmPauseMonitor.java:run(188)) - Starting JVM pause monitor
2022-07-12 23:22:28,979 [Listener at 127.0.0.1/43683] INFO  impl.MetricsSystemImpl (MetricsSystemImpl.java:init(158)) - HddsDatanode metrics system started (again)
2022-07-12 23:22:29,008 [Listener at 127.0.0.1/43683] INFO  ozone.HddsDatanodeService (HddsDatanodeService.java:start(236)) - HddsDatanodeService host:fv-az46-473.aox2mo1hufxu3kclv1weif3kjc.bx.internal.cloudapp.net ip:10.1.0.13
2022-07-12 23:22:29,094 [Listener at 127.0.0.1/43683] INFO  upgrade.AbstractLayoutVersionManager (AbstractLayoutVersionManager.java:init(83)) - Initializing Layout version manager with metadata layout = DATANODE_SCHEMA_V3 (version = 4), software layout = DATANODE_SCHEMA_V3 (version = 4)
2022-07-12 23:22:29,270 [Listener at 127.0.0.1/43683] INFO  reflections.Reflections (Reflections.java:scan(232)) - Reflections took 175 ms to scan 7 urls, producing 132 keys and 317 values 
2022-07-12 23:22:29,272 [Listener at 127.0.0.1/43683] INFO  statemachine.DatanodeStateMachine (DatanodeStateMachine.java:getEndPointTaskThreadPoolSize(237)) - Datanode State Machine Task Thread Pool size 2
2022-07-12 23:22:29,300 [Listener at 127.0.0.1/43683] INFO  volume.HddsVolume (HddsVolume.java:<init>(116)) - Creating HddsVolume: /home/runner/work/ozone/ozone/hadoop-ozone/integration-test/target/test-dir/MiniOzoneClusterImpl-0e22dd8b-fc59-4669-93e2-f1079baade23/datanode-0/data-0/containers/hdds of storage type : DISK capacity : 9223372036854775807
2022-07-12 23:22:29,300 [Listener at 127.0.0.1/43683] INFO  volume.MutableVolumeSet (MutableVolumeSet.java:initializeVolumeSet(174)) - Added Volume : /home/runner/work/ozone/ozone/hadoop-ozone/integration-test/target/test-dir/MiniOzoneClusterImpl-0e22dd8b-fc59-4669-93e2-f1079baade23/datanode-0/data-0/containers/hdds to VolumeSet
2022-07-12 23:22:29,300 [Listener at 127.0.0.1/43683] INFO  volume.ThrottledAsyncChecker (ThrottledAsyncChecker.java:schedule(141)) - Scheduling a check for /home/runner/work/ozone/ozone/hadoop-ozone/integration-test/target/test-dir/MiniOzoneClusterImpl-0e22dd8b-fc59-4669-93e2-f1079baade23/datanode-0/data-0/containers/hdds
2022-07-12 23:22:29,321 [Listener at 127.0.0.1/43683] INFO  volume.StorageVolumeChecker (StorageVolumeChecker.java:checkAllVolumes(202)) - Scheduled health check for volume /home/runner/work/ozone/ozone/hadoop-ozone/integration-test/target/test-dir/MiniOzoneClusterImpl-0e22dd8b-fc59-4669-93e2-f1079baade23/datanode-0/data-0/containers/hdds
2022-07-12 23:22:29,368 [Listener at 127.0.0.1/43683] INFO  volume.MutableVolumeSet (MutableVolumeSet.java:initializeVolumeSet(174)) - Added Volume : /home/runner/work/ozone/ozone/hadoop-ozone/integration-test/target/test-dir/MiniOzoneClusterImpl-0e22dd8b-fc59-4669-93e2-f1079baade23/datanode-0/data/ratis to VolumeSet
2022-07-12 23:22:29,368 [Listener at 127.0.0.1/43683] INFO  volume.ThrottledAsyncChecker (ThrottledAsyncChecker.java:schedule(141)) - Scheduling a check for /home/runner/work/ozone/ozone/hadoop-ozone/integration-test/target/test-dir/MiniOzoneClusterImpl-0e22dd8b-fc59-4669-93e2-f1079baade23/datanode-0/data/ratis
2022-07-12 23:22:29,373 [Listener at 127.0.0.1/43683] INFO  volume.StorageVolumeChecker (StorageVolumeChecker.java:checkAllVolumes(202)) - Scheduled health check for volume /home/runner/work/ozone/ozone/hadoop-ozone/integration-test/target/test-dir/MiniOzoneClusterImpl-0e22dd8b-fc59-4669-93e2-f1079baade23/datanode-0/data/ratis
2022-07-12 23:22:29,399 [Thread-1124] INFO  ozoneimpl.ContainerReader (ContainerReader.java:readVolume(175)) - Finish verifying containers on volume /home/runner/work/ozone/ozone/hadoop-ozone/integration-test/target/test-dir/MiniOzoneClusterImpl-0e22dd8b-fc59-4669-93e2-f1079baade23/datanode-0/data-0/containers/hdds
2022-07-12 23:22:29,399 [Listener at 127.0.0.1/43683] INFO  ozoneimpl.OzoneContainer (OzoneContainer.java:buildContainerSet(266)) - Build ContainerSet costs 0s
2022-07-12 23:22:29,409 [Listener at 127.0.0.1/43683] INFO  server.RaftServer (ConfUtils.java:logGet(46)) - raft.rpc.type = GRPC (default)
2022-07-12 23:22:29,409 [Listener at 127.0.0.1/43683] INFO  grpc.GrpcFactory (GrpcFactory.java:checkPooledByteBufAllocatorUseCacheForAllThreads(48)) - PERFORMANCE WARNING: useCacheForAllThreads is true that may cause Netty to create a lot garbage objects and, as a result, trigger GC.
	It is recommended to disable useCacheForAllThreads by setting -Dorg.apache.ratis.thirdparty.io.netty.allocator.useCacheForAllThreads=false in command line.
2022-07-12 23:22:29,410 [Listener at 127.0.0.1/43683] INFO  grpc.GrpcConfigKeys (ConfUtils.java:logGet(46)) - raft.grpc.admin.port = 0 (custom)
2022-07-12 23:22:29,410 [Listener at 127.0.0.1/43683] INFO  grpc.GrpcConfigKeys (ConfUtils.java:logGet(46)) - raft.grpc.client.port = 0 (custom)
2022-07-12 23:22:29,410 [Listener at 127.0.0.1/43683] INFO  grpc.GrpcConfigKeys (ConfUtils.java:logGet(46)) - raft.grpc.server.port = 0 (default)
2022-07-12 23:22:29,410 [Listener at 127.0.0.1/43683] INFO  server.GrpcService (ConfUtils.java:logGet(46)) - raft.grpc.message.size.max = 32MB (=33554432) (custom)
2022-07-12 23:22:29,410 [Listener at 127.0.0.1/43683] INFO  server.RaftServerConfigKeys (ConfUtils.java:logGet(46)) - raft.server.log.appender.buffer.byte-limit = 33554432 (custom)
2022-07-12 23:22:29,410 [Listener at 127.0.0.1/43683] INFO  server.GrpcService (ConfUtils.java:logGet(46)) - raft.grpc.flow.control.window = 5MB (=5242880) (custom)
2022-07-12 23:22:29,410 [Listener at 127.0.0.1/43683] INFO  server.RaftServerConfigKeys (ConfUtils.java:logGet(46)) - raft.server.rpc.request.timeout = 60s (custom)
2022-07-12 23:22:29,410 [Listener at 127.0.0.1/43683] INFO  grpc.GrpcConfigKeys (ConfUtils.java:logGet(46)) - raft.grpc.server.async.request.thread.pool.cached = true (default)
2022-07-12 23:22:29,410 [Listener at 127.0.0.1/43683] INFO  grpc.GrpcConfigKeys (ConfUtils.java:logGet(46)) - raft.grpc.server.async.request.thread.pool.size = 32 (default)
2022-07-12 23:22:29,412 [Listener at 127.0.0.1/43683] INFO  impl.DataStreamServerImpl (ConfUtils.java:logGet(46)) - raft.datastream.type = DISABLED (default)
2022-07-12 23:22:29,412 [Listener at 127.0.0.1/43683] INFO  server.RaftServerConfigKeys (ConfUtils.java:logGet(46)) - raft.server.threadpool.proxy.cached = true (default)
2022-07-12 23:22:29,412 [Listener at 127.0.0.1/43683] INFO  server.RaftServerConfigKeys (ConfUtils.java:logGet(46)) - raft.server.threadpool.proxy.size = 0 (default)
2022-07-12 23:22:29,412 [Listener at 127.0.0.1/43683] INFO  server.RaftServerConfigKeys (ConfUtils.java:logGet(46)) - raft.server.rpc.slowness.timeout = 300s (custom)
2022-07-12 23:22:29,412 [Listener at 127.0.0.1/43683] INFO  server.RaftServerConfigKeys (ConfUtils.java:logGet(46)) - raft.server.leaderelection.leader.step-down.wait-time = 10s (default)
2022-07-12 23:22:29,412 [Listener at 127.0.0.1/43683] INFO  server.RaftServerConfigKeys (ConfUtils.java:logGet(46)) - raft.server.storage.dir = [/home/runner/work/ozone/ozone/hadoop-ozone/integration-test/target/test-dir/MiniOzoneClusterImpl-0e22dd8b-fc59-4669-93e2-f1079baade23/datanode-0/data/ratis] (custom)
2022-07-12 23:22:29,438 [Listener at 127.0.0.1/43683] INFO  server.XceiverServerGrpc (XceiverServerGrpc.java:<init>(132)) - GrpcServer channel type EpollServerSocketChannel
2022-07-12 23:22:29,448 [Listener at 127.0.0.1/43683] INFO  http.BaseHttpServer (BaseHttpServer.java:newHttpServer2BuilderForOzone(209)) - Starting Web-server for hddsDatanode at: http://0.0.0.0:0
2022-07-12 23:22:29,448 [Listener at 127.0.0.1/43683] INFO  http.BaseHttpServer (BaseHttpServer.java:<init>(107)) - Hadoop Security Enabled: false Ozone Security Enabled: false Ozone HTTP Security Enabled: false 
2022-07-12 23:22:29,450 [Listener at 127.0.0.1/43683] INFO  server.AuthenticationFilter (AuthenticationFilter.java:constructSecretProvider(240)) - Unable to initialize FileSignerSecretProvider, falling back to use random secrets.
2022-07-12 23:22:29,465 [Listener at 127.0.0.1/43683] WARN  http.HttpRequestLog (HttpRequestLog.java:getRequestLog(103)) - Jetty request log can only be enabled using Log4j
2022-07-12 23:22:29,466 [Listener at 127.0.0.1/43683] INFO  http.HttpServer2 (HttpServer2.java:addGlobalFilter(1029)) - Added global filter 'safety' (class=org.apache.hadoop.hdds.server.http.HttpServer2$QuotingInputFilter)
2022-07-12 23:22:29,467 [Listener at 127.0.0.1/43683] INFO  http.HttpServer2 (HttpServer2.java:addFilter(1005)) - Added filter static_user_filter (class=org.apache.hadoop.http.lib.StaticUserWebFilter$StaticUserFilter) to context hddsDatanode
2022-07-12 23:22:29,467 [Listener at 127.0.0.1/43683] INFO  http.HttpServer2 (HttpServer2.java:addFilter(1013)) - Added filter static_user_filter (class=org.apache.hadoop.http.lib.StaticUserWebFilter$StaticUserFilter) to context logs
2022-07-12 23:22:29,467 [Listener at 127.0.0.1/43683] INFO  http.HttpServer2 (HttpServer2.java:addFilter(1013)) - Added filter static_user_filter (class=org.apache.hadoop.http.lib.StaticUserWebFilter$StaticUserFilter) to context static
2022-07-12 23:22:29,468 [Listener at 127.0.0.1/43683] INFO  http.HttpServer2 (HttpServer2.java:bindListener(1248)) - Jetty bound to port 36855
2022-07-12 23:22:29,468 [Listener at 127.0.0.1/43683] INFO  server.Server (Server.java:doStart(375)) - jetty-9.4.43.v20210629; built: 2021-06-30T11:07:22.254Z; git: 526006ecfa3af7f1a27ef3a288e2bef7ea9dd7e8; jvm 1.8.0_332-b09
2022-07-12 23:22:29,524 [Listener at 127.0.0.1/43683] INFO  server.session (DefaultSessionIdManager.java:doStart(334)) - DefaultSessionIdManager workerName=node0
2022-07-12 23:22:29,524 [Listener at 127.0.0.1/43683] INFO  server.session (DefaultSessionIdManager.java:doStart(339)) - No SessionScavenger set, using defaults
2022-07-12 23:22:29,524 [Listener at 127.0.0.1/43683] INFO  server.session (HouseKeeper.java:startScavenging(132)) - node0 Scavenging every 660000ms
2022-07-12 23:22:29,526 [Listener at 127.0.0.1/43683] INFO  handler.ContextHandler (ContextHandler.java:doStart(915)) - Started o.e.j.s.ServletContextHandler@7d4002f7{logs,/logs,file:///home/runner/work/ozone/ozone/hadoop-ozone/integration-test/target/log,AVAILABLE}
2022-07-12 23:22:29,526 [Listener at 127.0.0.1/43683] INFO  handler.ContextHandler (ContextHandler.java:doStart(915)) - Started o.e.j.s.ServletContextHandler@37dac32{static,/static,jar:file:/home/runner/.m2/repository/org/apache/ozone/hdds-container-service/1.3.0-SNAPSHOT/hdds-container-service-1.3.0-SNAPSHOT.jar!/webapps/static,AVAILABLE}
2022-07-12 23:22:30,041 [Listener at 127.0.0.1/43683] INFO  handler.ContextHandler (ContextHandler.java:doStart(915)) - Started o.e.j.w.WebAppContext@1f59b2ef{hddsDatanode,/,file:///tmp/jetty-0_0_0_0-36855-hdds-container-service-1_3_0-SNAPSHOT_jar-_-any-378354039789966207/webapp/,AVAILABLE}{jar:file:/home/runner/.m2/repository/org/apache/ozone/hdds-container-service/1.3.0-SNAPSHOT/hdds-container-service-1.3.0-SNAPSHOT.jar!/webapps/hddsDatanode}
2022-07-12 23:22:30,065 [Listener at 127.0.0.1/43683] INFO  server.AbstractConnector (AbstractConnector.java:doStart(331)) - Started ServerConnector@31bc422b{HTTP/1.1, (http/1.1)}{0.0.0.0:36855}
2022-07-12 23:22:30,065 [Listener at 127.0.0.1/43683] INFO  server.Server (Server.java:doStart(415)) - Started @149540ms
2022-07-12 23:22:30,065 [Listener at 127.0.0.1/43683] WARN  impl.MetricsSystemImpl (MetricsSystemImpl.java:register(279)) - Sink prometheus already exists!
2022-07-12 23:22:30,068 [Listener at 127.0.0.1/43683] INFO  http.BaseHttpServer (BaseHttpServer.java:updateConnectorAddress(329)) - HTTP server of hddsDatanode listening at http://0.0.0.0:36855
2022-07-12 23:22:30,083 [Listener at 127.0.0.1/43683] INFO  impl.MetricsSystemImpl (MetricsSystemImpl.java:init(158)) - HddsDatanode metrics system started (again)
2022-07-12 23:22:30,085 [Datanode State Machine Daemon Thread] INFO  statemachine.DatanodeStateMachine (DatanodeStateMachine.java:lambda$startDaemon$0(492)) - Ozone container server started.
2022-07-12 23:22:30,105 [org.apache.hadoop.util.JvmPauseMonitor$Monitor@1ca6ed93] INFO  util.JvmPauseMonitor (JvmPauseMonitor.java:run(188)) - Starting JVM pause monitor
2022-07-12 23:22:30,116 [Datanode State Machine Task Thread - 0] INFO  datanode.InitDatanodeState (InitDatanodeState.java:persistContainerDatanodeDetails(138)) - DatanodeDetails is persisted to /home/runner/work/ozone/ozone/hadoop-ozone/integration-test/target/test-dir/MiniOzoneClusterImpl-0e22dd8b-fc59-4669-93e2-f1079baade23/datanode-0/meta/datanode.id
2022-07-12 23:22:30,175 [Listener at 127.0.0.1/43683] INFO  ozone.HddsDatanodeService (HddsDatanodeService.java:start(236)) - HddsDatanodeService host:fv-az46-473.aox2mo1hufxu3kclv1weif3kjc.bx.internal.cloudapp.net ip:10.1.0.13
2022-07-12 23:22:30,221 [Listener at 127.0.0.1/43683] INFO  upgrade.AbstractLayoutVersionManager (AbstractLayoutVersionManager.java:init(83)) - Initializing Layout version manager with metadata layout = DATANODE_SCHEMA_V3 (version = 4), software layout = DATANODE_SCHEMA_V3 (version = 4)
2022-07-12 23:22:30,378 [Listener at 127.0.0.1/43683] INFO  reflections.Reflections (Reflections.java:scan(232)) - Reflections took 156 ms to scan 7 urls, producing 132 keys and 317 values 
2022-07-12 23:22:30,380 [Listener at 127.0.0.1/43683] INFO  statemachine.DatanodeStateMachine (DatanodeStateMachine.java:getEndPointTaskThreadPoolSize(237)) - Datanode State Machine Task Thread Pool size 2
2022-07-12 23:22:30,382 [Listener at 127.0.0.1/43683] INFO  volume.HddsVolume (HddsVolume.java:<init>(116)) - Creating HddsVolume: /home/runner/work/ozone/ozone/hadoop-ozone/integration-test/target/test-dir/MiniOzoneClusterImpl-0e22dd8b-fc59-4669-93e2-f1079baade23/datanode-1/data-0/containers/hdds of storage type : DISK capacity : 9223372036854775807
2022-07-12 23:22:30,382 [Listener at 127.0.0.1/43683] INFO  volume.MutableVolumeSet (MutableVolumeSet.java:initializeVolumeSet(174)) - Added Volume : /home/runner/work/ozone/ozone/hadoop-ozone/integration-test/target/test-dir/MiniOzoneClusterImpl-0e22dd8b-fc59-4669-93e2-f1079baade23/datanode-1/data-0/containers/hdds to VolumeSet
2022-07-12 23:22:30,382 [Listener at 127.0.0.1/43683] INFO  volume.ThrottledAsyncChecker (ThrottledAsyncChecker.java:schedule(141)) - Scheduling a check for /home/runner/work/ozone/ozone/hadoop-ozone/integration-test/target/test-dir/MiniOzoneClusterImpl-0e22dd8b-fc59-4669-93e2-f1079baade23/datanode-1/data-0/containers/hdds
2022-07-12 23:22:30,387 [Listener at 127.0.0.1/43683] INFO  volume.StorageVolumeChecker (StorageVolumeChecker.java:checkAllVolumes(202)) - Scheduled health check for volume /home/runner/work/ozone/ozone/hadoop-ozone/integration-test/target/test-dir/MiniOzoneClusterImpl-0e22dd8b-fc59-4669-93e2-f1079baade23/datanode-1/data-0/containers/hdds
2022-07-12 23:22:30,398 [Listener at 127.0.0.1/43683] INFO  volume.MutableVolumeSet (MutableVolumeSet.java:initializeVolumeSet(174)) - Added Volume : /home/runner/work/ozone/ozone/hadoop-ozone/integration-test/target/test-dir/MiniOzoneClusterImpl-0e22dd8b-fc59-4669-93e2-f1079baade23/datanode-1/data/ratis to VolumeSet
2022-07-12 23:22:30,398 [Listener at 127.0.0.1/43683] INFO  volume.ThrottledAsyncChecker (ThrottledAsyncChecker.java:schedule(141)) - Scheduling a check for /home/runner/work/ozone/ozone/hadoop-ozone/integration-test/target/test-dir/MiniOzoneClusterImpl-0e22dd8b-fc59-4669-93e2-f1079baade23/datanode-1/data/ratis
2022-07-12 23:22:30,399 [Listener at 127.0.0.1/43683] INFO  volume.StorageVolumeChecker (StorageVolumeChecker.java:checkAllVolumes(202)) - Scheduled health check for volume /home/runner/work/ozone/ozone/hadoop-ozone/integration-test/target/test-dir/MiniOzoneClusterImpl-0e22dd8b-fc59-4669-93e2-f1079baade23/datanode-1/data/ratis
2022-07-12 23:22:30,457 [Thread-1137] INFO  ozoneimpl.ContainerReader (ContainerReader.java:readVolume(175)) - Finish verifying containers on volume /home/runner/work/ozone/ozone/hadoop-ozone/integration-test/target/test-dir/MiniOzoneClusterImpl-0e22dd8b-fc59-4669-93e2-f1079baade23/datanode-1/data-0/containers/hdds
2022-07-12 23:22:30,457 [Listener at 127.0.0.1/43683] INFO  ozoneimpl.OzoneContainer (OzoneContainer.java:buildContainerSet(266)) - Build ContainerSet costs 0s
2022-07-12 23:22:30,486 [Listener at 127.0.0.1/43683] INFO  server.RaftServer (ConfUtils.java:logGet(46)) - raft.rpc.type = GRPC (default)
2022-07-12 23:22:30,486 [Listener at 127.0.0.1/43683] INFO  grpc.GrpcFactory (GrpcFactory.java:checkPooledByteBufAllocatorUseCacheForAllThreads(48)) - PERFORMANCE WARNING: useCacheForAllThreads is true that may cause Netty to create a lot garbage objects and, as a result, trigger GC.
	It is recommended to disable useCacheForAllThreads by setting -Dorg.apache.ratis.thirdparty.io.netty.allocator.useCacheForAllThreads=false in command line.
2022-07-12 23:22:30,486 [Listener at 127.0.0.1/43683] INFO  grpc.GrpcConfigKeys (ConfUtils.java:logGet(46)) - raft.grpc.admin.port = 0 (custom)
2022-07-12 23:22:30,486 [Listener at 127.0.0.1/43683] INFO  grpc.GrpcConfigKeys (ConfUtils.java:logGet(46)) - raft.grpc.client.port = 0 (custom)
2022-07-12 23:22:30,486 [Listener at 127.0.0.1/43683] INFO  grpc.GrpcConfigKeys (ConfUtils.java:logGet(46)) - raft.grpc.server.port = 0 (default)
2022-07-12 23:22:30,487 [Listener at 127.0.0.1/43683] INFO  server.GrpcService (ConfUtils.java:logGet(46)) - raft.grpc.message.size.max = 32MB (=33554432) (custom)
2022-07-12 23:22:30,487 [Listener at 127.0.0.1/43683] INFO  server.RaftServerConfigKeys (ConfUtils.java:logGet(46)) - raft.server.log.appender.buffer.byte-limit = 33554432 (custom)
2022-07-12 23:22:30,487 [Listener at 127.0.0.1/43683] INFO  server.GrpcService (ConfUtils.java:logGet(46)) - raft.grpc.flow.control.window = 5MB (=5242880) (custom)
2022-07-12 23:22:30,487 [Listener at 127.0.0.1/43683] INFO  server.RaftServerConfigKeys (ConfUtils.java:logGet(46)) - raft.server.rpc.request.timeout = 60s (custom)
2022-07-12 23:22:30,487 [Listener at 127.0.0.1/43683] INFO  grpc.GrpcConfigKeys (ConfUtils.java:logGet(46)) - raft.grpc.server.async.request.thread.pool.cached = true (default)
2022-07-12 23:22:30,487 [Listener at 127.0.0.1/43683] INFO  grpc.GrpcConfigKeys (ConfUtils.java:logGet(46)) - raft.grpc.server.async.request.thread.pool.size = 32 (default)
2022-07-12 23:22:30,488 [Listener at 127.0.0.1/43683] INFO  impl.DataStreamServerImpl (ConfUtils.java:logGet(46)) - raft.datastream.type = DISABLED (default)
2022-07-12 23:22:30,489 [Listener at 127.0.0.1/43683] INFO  server.RaftServerConfigKeys (ConfUtils.java:logGet(46)) - raft.server.threadpool.proxy.cached = true (default)
2022-07-12 23:22:30,489 [Listener at 127.0.0.1/43683] INFO  server.RaftServerConfigKeys (ConfUtils.java:logGet(46)) - raft.server.threadpool.proxy.size = 0 (default)
2022-07-12 23:22:30,493 [Listener at 127.0.0.1/43683] INFO  server.RaftServerConfigKeys (ConfUtils.java:logGet(46)) - raft.server.rpc.slowness.timeout = 300s (custom)
2022-07-12 23:22:30,493 [Listener at 127.0.0.1/43683] INFO  server.RaftServerConfigKeys (ConfUtils.java:logGet(46)) - raft.server.leaderelection.leader.step-down.wait-time = 10s (default)
2022-07-12 23:22:30,493 [Listener at 127.0.0.1/43683] INFO  server.RaftServerConfigKeys (ConfUtils.java:logGet(46)) - raft.server.storage.dir = [/home/runner/work/ozone/ozone/hadoop-ozone/integration-test/target/test-dir/MiniOzoneClusterImpl-0e22dd8b-fc59-4669-93e2-f1079baade23/datanode-1/data/ratis] (custom)
2022-07-12 23:22:30,494 [Listener at 127.0.0.1/43683] INFO  server.XceiverServerGrpc (XceiverServerGrpc.java:<init>(132)) - GrpcServer channel type EpollServerSocketChannel
2022-07-12 23:22:30,506 [Listener at 127.0.0.1/43683] INFO  http.BaseHttpServer (BaseHttpServer.java:newHttpServer2BuilderForOzone(209)) - Starting Web-server for hddsDatanode at: http://0.0.0.0:0
2022-07-12 23:22:30,506 [Listener at 127.0.0.1/43683] INFO  http.BaseHttpServer (BaseHttpServer.java:<init>(107)) - Hadoop Security Enabled: false Ozone Security Enabled: false Ozone HTTP Security Enabled: false 
2022-07-12 23:22:30,507 [Listener at 127.0.0.1/43683] INFO  server.AuthenticationFilter (AuthenticationFilter.java:constructSecretProvider(240)) - Unable to initialize FileSignerSecretProvider, falling back to use random secrets.
2022-07-12 23:22:30,508 [Listener at 127.0.0.1/43683] WARN  http.HttpRequestLog (HttpRequestLog.java:getRequestLog(103)) - Jetty request log can only be enabled using Log4j
2022-07-12 23:22:30,509 [Listener at 127.0.0.1/43683] INFO  http.HttpServer2 (HttpServer2.java:addGlobalFilter(1029)) - Added global filter 'safety' (class=org.apache.hadoop.hdds.server.http.HttpServer2$QuotingInputFilter)
2022-07-12 23:22:30,509 [Listener at 127.0.0.1/43683] INFO  http.HttpServer2 (HttpServer2.java:addFilter(1005)) - Added filter static_user_filter (class=org.apache.hadoop.http.lib.StaticUserWebFilter$StaticUserFilter) to context hddsDatanode
2022-07-12 23:22:30,509 [Listener at 127.0.0.1/43683] INFO  http.HttpServer2 (HttpServer2.java:addFilter(1013)) - Added filter static_user_filter (class=org.apache.hadoop.http.lib.StaticUserWebFilter$StaticUserFilter) to context logs
2022-07-12 23:22:30,509 [Listener at 127.0.0.1/43683] INFO  http.HttpServer2 (HttpServer2.java:addFilter(1013)) - Added filter static_user_filter (class=org.apache.hadoop.http.lib.StaticUserWebFilter$StaticUserFilter) to context static
2022-07-12 23:22:30,510 [Listener at 127.0.0.1/43683] INFO  http.HttpServer2 (HttpServer2.java:bindListener(1248)) - Jetty bound to port 39493
2022-07-12 23:22:30,510 [Listener at 127.0.0.1/43683] INFO  server.Server (Server.java:doStart(375)) - jetty-9.4.43.v20210629; built: 2021-06-30T11:07:22.254Z; git: 526006ecfa3af7f1a27ef3a288e2bef7ea9dd7e8; jvm 1.8.0_332-b09
2022-07-12 23:22:30,566 [Listener at 127.0.0.1/43683] INFO  server.session (DefaultSessionIdManager.java:doStart(334)) - DefaultSessionIdManager workerName=node0
2022-07-12 23:22:30,566 [Listener at 127.0.0.1/43683] INFO  server.session (DefaultSessionIdManager.java:doStart(339)) - No SessionScavenger set, using defaults
2022-07-12 23:22:30,566 [Listener at 127.0.0.1/43683] INFO  server.session (HouseKeeper.java:startScavenging(132)) - node0 Scavenging every 660000ms
2022-07-12 23:22:30,569 [Listener at 127.0.0.1/43683] INFO  handler.ContextHandler (ContextHandler.java:doStart(915)) - Started o.e.j.s.ServletContextHandler@1766ab92{logs,/logs,file:///home/runner/work/ozone/ozone/hadoop-ozone/integration-test/target/log,AVAILABLE}
2022-07-12 23:22:30,570 [Listener at 127.0.0.1/43683] INFO  handler.ContextHandler (ContextHandler.java:doStart(915)) - Started o.e.j.s.ServletContextHandler@60df2fb7{static,/static,jar:file:/home/runner/.m2/repository/org/apache/ozone/hdds-container-service/1.3.0-SNAPSHOT/hdds-container-service-1.3.0-SNAPSHOT.jar!/webapps/static,AVAILABLE}
2022-07-12 23:22:31,028 [Listener at 127.0.0.1/43683] INFO  handler.ContextHandler (ContextHandler.java:doStart(915)) - Started o.e.j.w.WebAppContext@4762c011{hddsDatanode,/,file:///tmp/jetty-0_0_0_0-39493-hdds-container-service-1_3_0-SNAPSHOT_jar-_-any-4619217134731323377/webapp/,AVAILABLE}{jar:file:/home/runner/.m2/repository/org/apache/ozone/hdds-container-service/1.3.0-SNAPSHOT/hdds-container-service-1.3.0-SNAPSHOT.jar!/webapps/hddsDatanode}
2022-07-12 23:22:31,072 [Listener at 127.0.0.1/43683] INFO  server.AbstractConnector (AbstractConnector.java:doStart(331)) - Started ServerConnector@3f59633d{HTTP/1.1, (http/1.1)}{0.0.0.0:39493}
2022-07-12 23:22:31,073 [Listener at 127.0.0.1/43683] INFO  server.Server (Server.java:doStart(415)) - Started @150547ms
2022-07-12 23:22:31,073 [Listener at 127.0.0.1/43683] WARN  impl.MetricsSystemImpl (MetricsSystemImpl.java:register(279)) - Sink prometheus already exists!
2022-07-12 23:22:31,073 [Listener at 127.0.0.1/43683] INFO  http.BaseHttpServer (BaseHttpServer.java:updateConnectorAddress(329)) - HTTP server of hddsDatanode listening at http://0.0.0.0:39493
2022-07-12 23:22:31,089 [Datanode State Machine Daemon Thread] INFO  statemachine.DatanodeStateMachine (DatanodeStateMachine.java:lambda$startDaemon$0(492)) - Ozone container server started.
2022-07-12 23:22:31,089 [Listener at 127.0.0.1/43683] INFO  impl.MetricsSystemImpl (MetricsSystemImpl.java:init(158)) - HddsDatanode metrics system started (again)
2022-07-12 23:22:31,117 [org.apache.hadoop.util.JvmPauseMonitor$Monitor@597fc4d1] INFO  util.JvmPauseMonitor (JvmPauseMonitor.java:run(188)) - Starting JVM pause monitor
2022-07-12 23:22:31,130 [Datanode State Machine Task Thread - 0] INFO  datanode.InitDatanodeState (InitDatanodeState.java:persistContainerDatanodeDetails(138)) - DatanodeDetails is persisted to /home/runner/work/ozone/ozone/hadoop-ozone/integration-test/target/test-dir/MiniOzoneClusterImpl-0e22dd8b-fc59-4669-93e2-f1079baade23/datanode-1/meta/datanode.id
2022-07-12 23:22:31,130 [Listener at 127.0.0.1/43683] INFO  ozone.HddsDatanodeService (HddsDatanodeService.java:start(236)) - HddsDatanodeService host:fv-az46-473.aox2mo1hufxu3kclv1weif3kjc.bx.internal.cloudapp.net ip:10.1.0.13
2022-07-12 23:22:31,163 [Listener at 127.0.0.1/43683] INFO  upgrade.AbstractLayoutVersionManager (AbstractLayoutVersionManager.java:init(83)) - Initializing Layout version manager with metadata layout = DATANODE_SCHEMA_V3 (version = 4), software layout = DATANODE_SCHEMA_V3 (version = 4)
2022-07-12 23:22:31,279 [Listener at 127.0.0.1/43683] INFO  reflections.Reflections (Reflections.java:scan(232)) - Reflections took 115 ms to scan 7 urls, producing 132 keys and 317 values 
2022-07-12 23:22:31,297 [Listener at 127.0.0.1/43683] INFO  statemachine.DatanodeStateMachine (DatanodeStateMachine.java:getEndPointTaskThreadPoolSize(237)) - Datanode State Machine Task Thread Pool size 2
2022-07-12 23:22:31,308 [Listener at 127.0.0.1/43683] INFO  volume.HddsVolume (HddsVolume.java:<init>(116)) - Creating HddsVolume: /home/runner/work/ozone/ozone/hadoop-ozone/integration-test/target/test-dir/MiniOzoneClusterImpl-0e22dd8b-fc59-4669-93e2-f1079baade23/datanode-2/data-0/containers/hdds of storage type : DISK capacity : 9223372036854775807
2022-07-12 23:22:31,308 [Listener at 127.0.0.1/43683] INFO  volume.MutableVolumeSet (MutableVolumeSet.java:initializeVolumeSet(174)) - Added Volume : /home/runner/work/ozone/ozone/hadoop-ozone/integration-test/target/test-dir/MiniOzoneClusterImpl-0e22dd8b-fc59-4669-93e2-f1079baade23/datanode-2/data-0/containers/hdds to VolumeSet
2022-07-12 23:22:31,308 [Listener at 127.0.0.1/43683] INFO  volume.ThrottledAsyncChecker (ThrottledAsyncChecker.java:schedule(141)) - Scheduling a check for /home/runner/work/ozone/ozone/hadoop-ozone/integration-test/target/test-dir/MiniOzoneClusterImpl-0e22dd8b-fc59-4669-93e2-f1079baade23/datanode-2/data-0/containers/hdds
2022-07-12 23:22:31,322 [Listener at 127.0.0.1/43683] INFO  volume.StorageVolumeChecker (StorageVolumeChecker.java:checkAllVolumes(202)) - Scheduled health check for volume /home/runner/work/ozone/ozone/hadoop-ozone/integration-test/target/test-dir/MiniOzoneClusterImpl-0e22dd8b-fc59-4669-93e2-f1079baade23/datanode-2/data-0/containers/hdds
2022-07-12 23:22:31,346 [Listener at 127.0.0.1/43683] INFO  volume.MutableVolumeSet (MutableVolumeSet.java:initializeVolumeSet(174)) - Added Volume : /home/runner/work/ozone/ozone/hadoop-ozone/integration-test/target/test-dir/MiniOzoneClusterImpl-0e22dd8b-fc59-4669-93e2-f1079baade23/datanode-2/data/ratis to VolumeSet
2022-07-12 23:22:31,346 [Listener at 127.0.0.1/43683] INFO  volume.ThrottledAsyncChecker (ThrottledAsyncChecker.java:schedule(141)) - Scheduling a check for /home/runner/work/ozone/ozone/hadoop-ozone/integration-test/target/test-dir/MiniOzoneClusterImpl-0e22dd8b-fc59-4669-93e2-f1079baade23/datanode-2/data/ratis
2022-07-12 23:22:31,351 [Listener at 127.0.0.1/43683] INFO  volume.StorageVolumeChecker (StorageVolumeChecker.java:checkAllVolumes(202)) - Scheduled health check for volume /home/runner/work/ozone/ozone/hadoop-ozone/integration-test/target/test-dir/MiniOzoneClusterImpl-0e22dd8b-fc59-4669-93e2-f1079baade23/datanode-2/data/ratis
2022-07-12 23:22:31,379 [Thread-1150] INFO  ozoneimpl.ContainerReader (ContainerReader.java:readVolume(175)) - Finish verifying containers on volume /home/runner/work/ozone/ozone/hadoop-ozone/integration-test/target/test-dir/MiniOzoneClusterImpl-0e22dd8b-fc59-4669-93e2-f1079baade23/datanode-2/data-0/containers/hdds
2022-07-12 23:22:31,379 [Listener at 127.0.0.1/43683] INFO  ozoneimpl.OzoneContainer (OzoneContainer.java:buildContainerSet(266)) - Build ContainerSet costs 0s
2022-07-12 23:22:31,383 [Listener at 127.0.0.1/43683] INFO  server.RaftServer (ConfUtils.java:logGet(46)) - raft.rpc.type = GRPC (default)
2022-07-12 23:22:31,383 [Listener at 127.0.0.1/43683] INFO  grpc.GrpcFactory (GrpcFactory.java:checkPooledByteBufAllocatorUseCacheForAllThreads(48)) - PERFORMANCE WARNING: useCacheForAllThreads is true that may cause Netty to create a lot garbage objects and, as a result, trigger GC.
	It is recommended to disable useCacheForAllThreads by setting -Dorg.apache.ratis.thirdparty.io.netty.allocator.useCacheForAllThreads=false in command line.
2022-07-12 23:22:31,383 [Listener at 127.0.0.1/43683] INFO  grpc.GrpcConfigKeys (ConfUtils.java:logGet(46)) - raft.grpc.admin.port = 0 (custom)
2022-07-12 23:22:31,383 [Listener at 127.0.0.1/43683] INFO  grpc.GrpcConfigKeys (ConfUtils.java:logGet(46)) - raft.grpc.client.port = 0 (custom)
2022-07-12 23:22:31,383 [Listener at 127.0.0.1/43683] INFO  grpc.GrpcConfigKeys (ConfUtils.java:logGet(46)) - raft.grpc.server.port = 0 (default)
2022-07-12 23:22:31,383 [Listener at 127.0.0.1/43683] INFO  server.GrpcService (ConfUtils.java:logGet(46)) - raft.grpc.message.size.max = 32MB (=33554432) (custom)
2022-07-12 23:22:31,383 [Listener at 127.0.0.1/43683] INFO  server.RaftServerConfigKeys (ConfUtils.java:logGet(46)) - raft.server.log.appender.buffer.byte-limit = 33554432 (custom)
2022-07-12 23:22:31,384 [Listener at 127.0.0.1/43683] INFO  server.GrpcService (ConfUtils.java:logGet(46)) - raft.grpc.flow.control.window = 5MB (=5242880) (custom)
2022-07-12 23:22:31,384 [Listener at 127.0.0.1/43683] INFO  server.RaftServerConfigKeys (ConfUtils.java:logGet(46)) - raft.server.rpc.request.timeout = 60s (custom)
2022-07-12 23:22:31,384 [Listener at 127.0.0.1/43683] INFO  grpc.GrpcConfigKeys (ConfUtils.java:logGet(46)) - raft.grpc.server.async.request.thread.pool.cached = true (default)
2022-07-12 23:22:31,384 [Listener at 127.0.0.1/43683] INFO  grpc.GrpcConfigKeys (ConfUtils.java:logGet(46)) - raft.grpc.server.async.request.thread.pool.size = 32 (default)
2022-07-12 23:22:31,385 [Listener at 127.0.0.1/43683] INFO  impl.DataStreamServerImpl (ConfUtils.java:logGet(46)) - raft.datastream.type = DISABLED (default)
2022-07-12 23:22:31,385 [Listener at 127.0.0.1/43683] INFO  server.RaftServerConfigKeys (ConfUtils.java:logGet(46)) - raft.server.threadpool.proxy.cached = true (default)
2022-07-12 23:22:31,385 [Listener at 127.0.0.1/43683] INFO  server.RaftServerConfigKeys (ConfUtils.java:logGet(46)) - raft.server.threadpool.proxy.size = 0 (default)
2022-07-12 23:22:31,385 [Listener at 127.0.0.1/43683] INFO  server.RaftServerConfigKeys (ConfUtils.java:logGet(46)) - raft.server.rpc.slowness.timeout = 300s (custom)
2022-07-12 23:22:31,385 [Listener at 127.0.0.1/43683] INFO  server.RaftServerConfigKeys (ConfUtils.java:logGet(46)) - raft.server.leaderelection.leader.step-down.wait-time = 10s (default)
2022-07-12 23:22:31,385 [Listener at 127.0.0.1/43683] INFO  server.RaftServerConfigKeys (ConfUtils.java:logGet(46)) - raft.server.storage.dir = [/home/runner/work/ozone/ozone/hadoop-ozone/integration-test/target/test-dir/MiniOzoneClusterImpl-0e22dd8b-fc59-4669-93e2-f1079baade23/datanode-2/data/ratis] (custom)
2022-07-12 23:22:31,410 [Listener at 127.0.0.1/43683] INFO  server.XceiverServerGrpc (XceiverServerGrpc.java:<init>(132)) - GrpcServer channel type EpollServerSocketChannel
2022-07-12 23:22:31,417 [Listener at 127.0.0.1/43683] INFO  http.BaseHttpServer (BaseHttpServer.java:newHttpServer2BuilderForOzone(209)) - Starting Web-server for hddsDatanode at: http://0.0.0.0:0
2022-07-12 23:22:31,417 [Listener at 127.0.0.1/43683] INFO  http.BaseHttpServer (BaseHttpServer.java:<init>(107)) - Hadoop Security Enabled: false Ozone Security Enabled: false Ozone HTTP Security Enabled: false 
2022-07-12 23:22:31,418 [Listener at 127.0.0.1/43683] INFO  server.AuthenticationFilter (AuthenticationFilter.java:constructSecretProvider(240)) - Unable to initialize FileSignerSecretProvider, falling back to use random secrets.
2022-07-12 23:22:31,419 [Listener at 127.0.0.1/43683] WARN  http.HttpRequestLog (HttpRequestLog.java:getRequestLog(103)) - Jetty request log can only be enabled using Log4j
2022-07-12 23:22:31,420 [Listener at 127.0.0.1/43683] INFO  http.HttpServer2 (HttpServer2.java:addGlobalFilter(1029)) - Added global filter 'safety' (class=org.apache.hadoop.hdds.server.http.HttpServer2$QuotingInputFilter)
2022-07-12 23:22:31,420 [Listener at 127.0.0.1/43683] INFO  http.HttpServer2 (HttpServer2.java:addFilter(1005)) - Added filter static_user_filter (class=org.apache.hadoop.http.lib.StaticUserWebFilter$StaticUserFilter) to context hddsDatanode
2022-07-12 23:22:31,420 [Listener at 127.0.0.1/43683] INFO  http.HttpServer2 (HttpServer2.java:addFilter(1013)) - Added filter static_user_filter (class=org.apache.hadoop.http.lib.StaticUserWebFilter$StaticUserFilter) to context logs
2022-07-12 23:22:31,420 [Listener at 127.0.0.1/43683] INFO  http.HttpServer2 (HttpServer2.java:addFilter(1013)) - Added filter static_user_filter (class=org.apache.hadoop.http.lib.StaticUserWebFilter$StaticUserFilter) to context static
2022-07-12 23:22:31,421 [Listener at 127.0.0.1/43683] INFO  http.HttpServer2 (HttpServer2.java:bindListener(1248)) - Jetty bound to port 43671
2022-07-12 23:22:31,421 [Listener at 127.0.0.1/43683] INFO  server.Server (Server.java:doStart(375)) - jetty-9.4.43.v20210629; built: 2021-06-30T11:07:22.254Z; git: 526006ecfa3af7f1a27ef3a288e2bef7ea9dd7e8; jvm 1.8.0_332-b09
2022-07-12 23:22:31,422 [Listener at 127.0.0.1/43683] INFO  server.session (DefaultSessionIdManager.java:doStart(334)) - DefaultSessionIdManager workerName=node0
2022-07-12 23:22:31,423 [Listener at 127.0.0.1/43683] INFO  server.session (DefaultSessionIdManager.java:doStart(339)) - No SessionScavenger set, using defaults
2022-07-12 23:22:31,423 [Listener at 127.0.0.1/43683] INFO  server.session (HouseKeeper.java:startScavenging(132)) - node0 Scavenging every 600000ms
2022-07-12 23:22:31,424 [Listener at 127.0.0.1/43683] INFO  handler.ContextHandler (ContextHandler.java:doStart(915)) - Started o.e.j.s.ServletContextHandler@195b847a{logs,/logs,file:///home/runner/work/ozone/ozone/hadoop-ozone/integration-test/target/log,AVAILABLE}
2022-07-12 23:22:31,424 [Listener at 127.0.0.1/43683] INFO  handler.ContextHandler (ContextHandler.java:doStart(915)) - Started o.e.j.s.ServletContextHandler@7dd5fc36{static,/static,jar:file:/home/runner/.m2/repository/org/apache/ozone/hdds-container-service/1.3.0-SNAPSHOT/hdds-container-service-1.3.0-SNAPSHOT.jar!/webapps/static,AVAILABLE}
2022-07-12 23:22:31,886 [Listener at 127.0.0.1/43683] INFO  handler.ContextHandler (ContextHandler.java:doStart(915)) - Started o.e.j.w.WebAppContext@331c309b{hddsDatanode,/,file:///tmp/jetty-0_0_0_0-43671-hdds-container-service-1_3_0-SNAPSHOT_jar-_-any-7722508545177868696/webapp/,AVAILABLE}{jar:file:/home/runner/.m2/repository/org/apache/ozone/hdds-container-service/1.3.0-SNAPSHOT/hdds-container-service-1.3.0-SNAPSHOT.jar!/webapps/hddsDatanode}
2022-07-12 23:22:31,905 [Listener at 127.0.0.1/43683] INFO  server.AbstractConnector (AbstractConnector.java:doStart(331)) - Started ServerConnector@ced5671{HTTP/1.1, (http/1.1)}{0.0.0.0:43671}
2022-07-12 23:22:31,906 [Listener at 127.0.0.1/43683] INFO  server.Server (Server.java:doStart(415)) - Started @151380ms
2022-07-12 23:22:31,906 [Listener at 127.0.0.1/43683] WARN  impl.MetricsSystemImpl (MetricsSystemImpl.java:register(279)) - Sink prometheus already exists!
2022-07-12 23:22:31,906 [Listener at 127.0.0.1/43683] INFO  http.BaseHttpServer (BaseHttpServer.java:updateConnectorAddress(329)) - HTTP server of hddsDatanode listening at http://0.0.0.0:43671
2022-07-12 23:22:31,908 [Listener at 127.0.0.1/43683] INFO  impl.MetricsSystemImpl (MetricsSystemImpl.java:init(158)) - HddsDatanode metrics system started (again)
2022-07-12 23:22:31,909 [Datanode State Machine Daemon Thread] INFO  statemachine.DatanodeStateMachine (DatanodeStateMachine.java:lambda$startDaemon$0(492)) - Ozone container server started.
2022-07-12 23:22:31,984 [Listener at 127.0.0.1/43683] INFO  ozone.HddsDatanodeService (HddsDatanodeService.java:start(236)) - HddsDatanodeService host:fv-az46-473.aox2mo1hufxu3kclv1weif3kjc.bx.internal.cloudapp.net ip:10.1.0.13
2022-07-12 23:22:32,024 [org.apache.hadoop.util.JvmPauseMonitor$Monitor@6631c169] INFO  util.JvmPauseMonitor (JvmPauseMonitor.java:run(188)) - Starting JVM pause monitor
2022-07-12 23:22:32,070 [Listener at 127.0.0.1/43683] INFO  upgrade.AbstractLayoutVersionManager (AbstractLayoutVersionManager.java:init(83)) - Initializing Layout version manager with metadata layout = DATANODE_SCHEMA_V3 (version = 4), software layout = DATANODE_SCHEMA_V3 (version = 4)
2022-07-12 23:22:32,070 [Datanode State Machine Task Thread - 0] INFO  datanode.InitDatanodeState (InitDatanodeState.java:persistContainerDatanodeDetails(138)) - DatanodeDetails is persisted to /home/runner/work/ozone/ozone/hadoop-ozone/integration-test/target/test-dir/MiniOzoneClusterImpl-0e22dd8b-fc59-4669-93e2-f1079baade23/datanode-2/meta/datanode.id
2022-07-12 23:22:32,273 [EndpointStateMachine task thread for /0.0.0.0:43479 - 0 ] INFO  volume.HddsVolume (HddsVolume.java:createDbStore(309)) - SchemaV3 db is created and loaded at /home/runner/work/ozone/ozone/hadoop-ozone/integration-test/target/test-dir/MiniOzoneClusterImpl-0e22dd8b-fc59-4669-93e2-f1079baade23/datanode-0/data-0/containers/hdds/0e22dd8b-fc59-4669-93e2-f1079baade23/DS-45856771-591a-4b01-8220-acc6a2a019d1/container.db for volume DS-45856771-591a-4b01-8220-acc6a2a019d1
2022-07-12 23:22:32,288 [EndpointStateMachine task thread for /0.0.0.0:43479 - 0 ] INFO  volume.HddsVolume (HddsVolume.java:closeDbStore(340)) - SchemaV3 db is stopped at /home/runner/work/ozone/ozone/hadoop-ozone/integration-test/target/test-dir/MiniOzoneClusterImpl-0e22dd8b-fc59-4669-93e2-f1079baade23/datanode-0/data-0/containers/hdds/0e22dd8b-fc59-4669-93e2-f1079baade23/DS-45856771-591a-4b01-8220-acc6a2a019d1/container.db for volume DS-45856771-591a-4b01-8220-acc6a2a019d1
2022-07-12 23:22:32,288 [EndpointStateMachine task thread for /0.0.0.0:43479 - 0 ] INFO  ozoneimpl.OzoneContainer (OzoneContainer.java:start(344)) - Attempting to start container services.
2022-07-12 23:22:32,288 [EndpointStateMachine task thread for /0.0.0.0:43479 - 0 ] INFO  ozoneimpl.OzoneContainer (OzoneContainer.java:startContainerScrub(279)) - Background container scanner has been disabled.
2022-07-12 23:22:32,307 [Listener at 127.0.0.1/43683] INFO  reflections.Reflections (Reflections.java:scan(232)) - Reflections took 235 ms to scan 7 urls, producing 132 keys and 317 values 
2022-07-12 23:22:32,308 [Listener at 127.0.0.1/43683] INFO  statemachine.DatanodeStateMachine (DatanodeStateMachine.java:getEndPointTaskThreadPoolSize(237)) - Datanode State Machine Task Thread Pool size 2
2022-07-12 23:22:32,339 [EndpointStateMachine task thread for /0.0.0.0:43479 - 0 ] INFO  replication.ReplicationServer (ReplicationServer.java:start(111)) - ReplicationServer is started using port 37571
2022-07-12 23:22:32,340 [EndpointStateMachine task thread for /0.0.0.0:43479 - 0 ] INFO  ratis.XceiverServerRatis (XceiverServerRatis.java:start(481)) - Starting XceiverServerRatis f86a3de6-fa90-4082-aec2-64cbafe88bfb
2022-07-12 23:22:32,350 [EndpointStateMachine task thread for /0.0.0.0:43479 - 0 ] INFO  server.RaftServer (RaftServerProxy.java:lambda$start$6(382)) - f86a3de6-fa90-4082-aec2-64cbafe88bfb: start RPC server
2022-07-12 23:22:32,361 [EndpointStateMachine task thread for /0.0.0.0:43479 - 0 ] INFO  server.GrpcService (GrpcService.java:startImpl(260)) - f86a3de6-fa90-4082-aec2-64cbafe88bfb: GrpcService started, listening on 41481
2022-07-12 23:22:32,362 [EndpointStateMachine task thread for /0.0.0.0:43479 - 0 ] INFO  ratis.XceiverServerRatis (XceiverServerRatis.java:getRealPort(502)) - XceiverServerRatis f86a3de6-fa90-4082-aec2-64cbafe88bfb is started using port 41481 for RATIS
2022-07-12 23:22:32,362 [EndpointStateMachine task thread for /0.0.0.0:43479 - 0 ] INFO  ratis.XceiverServerRatis (XceiverServerRatis.java:getRealPort(502)) - XceiverServerRatis f86a3de6-fa90-4082-aec2-64cbafe88bfb is started using port 41481 for RATIS_ADMIN
2022-07-12 23:22:32,362 [EndpointStateMachine task thread for /0.0.0.0:43479 - 0 ] INFO  ratis.XceiverServerRatis (XceiverServerRatis.java:getRealPort(502)) - XceiverServerRatis f86a3de6-fa90-4082-aec2-64cbafe88bfb is started using port 41481 for RATIS_SERVER
2022-07-12 23:22:32,362 [org.apache.ratis.util.JvmPauseMonitor$$Lambda$613/1690937419@144d33b6] INFO  util.JvmPauseMonitor (JvmPauseMonitor.java:run(103)) - JvmPauseMonitor-f86a3de6-fa90-4082-aec2-64cbafe88bfb: Started
2022-07-12 23:22:32,389 [Listener at 127.0.0.1/43683] INFO  volume.HddsVolume (HddsVolume.java:<init>(116)) - Creating HddsVolume: /home/runner/work/ozone/ozone/hadoop-ozone/integration-test/target/test-dir/MiniOzoneClusterImpl-0e22dd8b-fc59-4669-93e2-f1079baade23/datanode-3/data-0/containers/hdds of storage type : DISK capacity : 9223372036854775807
2022-07-12 23:22:32,390 [Listener at 127.0.0.1/43683] INFO  volume.MutableVolumeSet (MutableVolumeSet.java:initializeVolumeSet(174)) - Added Volume : /home/runner/work/ozone/ozone/hadoop-ozone/integration-test/target/test-dir/MiniOzoneClusterImpl-0e22dd8b-fc59-4669-93e2-f1079baade23/datanode-3/data-0/containers/hdds to VolumeSet
2022-07-12 23:22:32,390 [Listener at 127.0.0.1/43683] INFO  volume.ThrottledAsyncChecker (ThrottledAsyncChecker.java:schedule(141)) - Scheduling a check for /home/runner/work/ozone/ozone/hadoop-ozone/integration-test/target/test-dir/MiniOzoneClusterImpl-0e22dd8b-fc59-4669-93e2-f1079baade23/datanode-3/data-0/containers/hdds
2022-07-12 23:22:32,405 [Listener at 127.0.0.1/43683] INFO  volume.StorageVolumeChecker (StorageVolumeChecker.java:checkAllVolumes(202)) - Scheduled health check for volume /home/runner/work/ozone/ozone/hadoop-ozone/integration-test/target/test-dir/MiniOzoneClusterImpl-0e22dd8b-fc59-4669-93e2-f1079baade23/datanode-3/data-0/containers/hdds
2022-07-12 23:22:32,417 [EndpointStateMachine task thread for /0.0.0.0:43479 - 0 ] INFO  server.XceiverServerGrpc (XceiverServerGrpc.java:start(180)) - XceiverServerGrpc f86a3de6-fa90-4082-aec2-64cbafe88bfb is started using port 46819
2022-07-12 23:22:32,460 [Listener at 127.0.0.1/43683] INFO  volume.MutableVolumeSet (MutableVolumeSet.java:initializeVolumeSet(174)) - Added Volume : /home/runner/work/ozone/ozone/hadoop-ozone/integration-test/target/test-dir/MiniOzoneClusterImpl-0e22dd8b-fc59-4669-93e2-f1079baade23/datanode-3/data/ratis to VolumeSet
2022-07-12 23:22:32,460 [Listener at 127.0.0.1/43683] INFO  volume.ThrottledAsyncChecker (ThrottledAsyncChecker.java:schedule(141)) - Scheduling a check for /home/runner/work/ozone/ozone/hadoop-ozone/integration-test/target/test-dir/MiniOzoneClusterImpl-0e22dd8b-fc59-4669-93e2-f1079baade23/datanode-3/data/ratis
2022-07-12 23:22:32,460 [Listener at 127.0.0.1/43683] INFO  volume.StorageVolumeChecker (StorageVolumeChecker.java:checkAllVolumes(202)) - Scheduled health check for volume /home/runner/work/ozone/ozone/hadoop-ozone/integration-test/target/test-dir/MiniOzoneClusterImpl-0e22dd8b-fc59-4669-93e2-f1079baade23/datanode-3/data/ratis
2022-07-12 23:22:32,537 [Thread-1167] INFO  ozoneimpl.ContainerReader (ContainerReader.java:readVolume(175)) - Finish verifying containers on volume /home/runner/work/ozone/ozone/hadoop-ozone/integration-test/target/test-dir/MiniOzoneClusterImpl-0e22dd8b-fc59-4669-93e2-f1079baade23/datanode-3/data-0/containers/hdds
2022-07-12 23:22:32,537 [Listener at 127.0.0.1/43683] INFO  ozoneimpl.OzoneContainer (OzoneContainer.java:buildContainerSet(266)) - Build ContainerSet costs 0s
2022-07-12 23:22:32,541 [Listener at 127.0.0.1/43683] INFO  server.RaftServer (ConfUtils.java:logGet(46)) - raft.rpc.type = GRPC (default)
2022-07-12 23:22:32,541 [Listener at 127.0.0.1/43683] INFO  grpc.GrpcFactory (GrpcFactory.java:checkPooledByteBufAllocatorUseCacheForAllThreads(48)) - PERFORMANCE WARNING: useCacheForAllThreads is true that may cause Netty to create a lot garbage objects and, as a result, trigger GC.
	It is recommended to disable useCacheForAllThreads by setting -Dorg.apache.ratis.thirdparty.io.netty.allocator.useCacheForAllThreads=false in command line.
2022-07-12 23:22:32,541 [Listener at 127.0.0.1/43683] INFO  grpc.GrpcConfigKeys (ConfUtils.java:logGet(46)) - raft.grpc.admin.port = 0 (custom)
2022-07-12 23:22:32,541 [Listener at 127.0.0.1/43683] INFO  grpc.GrpcConfigKeys (ConfUtils.java:logGet(46)) - raft.grpc.client.port = 0 (custom)
2022-07-12 23:22:32,541 [Listener at 127.0.0.1/43683] INFO  grpc.GrpcConfigKeys (ConfUtils.java:logGet(46)) - raft.grpc.server.port = 0 (default)
2022-07-12 23:22:32,542 [Listener at 127.0.0.1/43683] INFO  server.GrpcService (ConfUtils.java:logGet(46)) - raft.grpc.message.size.max = 32MB (=33554432) (custom)
2022-07-12 23:22:32,542 [Listener at 127.0.0.1/43683] INFO  server.RaftServerConfigKeys (ConfUtils.java:logGet(46)) - raft.server.log.appender.buffer.byte-limit = 33554432 (custom)
2022-07-12 23:22:32,542 [Listener at 127.0.0.1/43683] INFO  server.GrpcService (ConfUtils.java:logGet(46)) - raft.grpc.flow.control.window = 5MB (=5242880) (custom)
2022-07-12 23:22:32,542 [Listener at 127.0.0.1/43683] INFO  server.RaftServerConfigKeys (ConfUtils.java:logGet(46)) - raft.server.rpc.request.timeout = 60s (custom)
2022-07-12 23:22:32,542 [Listener at 127.0.0.1/43683] INFO  grpc.GrpcConfigKeys (ConfUtils.java:logGet(46)) - raft.grpc.server.async.request.thread.pool.cached = true (default)
2022-07-12 23:22:32,542 [Listener at 127.0.0.1/43683] INFO  grpc.GrpcConfigKeys (ConfUtils.java:logGet(46)) - raft.grpc.server.async.request.thread.pool.size = 32 (default)
2022-07-12 23:22:32,543 [Listener at 127.0.0.1/43683] INFO  impl.DataStreamServerImpl (ConfUtils.java:logGet(46)) - raft.datastream.type = DISABLED (default)
2022-07-12 23:22:32,544 [Listener at 127.0.0.1/43683] INFO  server.RaftServerConfigKeys (ConfUtils.java:logGet(46)) - raft.server.threadpool.proxy.cached = true (default)
2022-07-12 23:22:32,544 [Listener at 127.0.0.1/43683] INFO  server.RaftServerConfigKeys (ConfUtils.java:logGet(46)) - raft.server.threadpool.proxy.size = 0 (default)
2022-07-12 23:22:32,544 [Listener at 127.0.0.1/43683] INFO  server.RaftServerConfigKeys (ConfUtils.java:logGet(46)) - raft.server.rpc.slowness.timeout = 300s (custom)
2022-07-12 23:22:32,544 [Listener at 127.0.0.1/43683] INFO  server.RaftServerConfigKeys (ConfUtils.java:logGet(46)) - raft.server.leaderelection.leader.step-down.wait-time = 10s (default)
2022-07-12 23:22:32,544 [Listener at 127.0.0.1/43683] INFO  server.RaftServerConfigKeys (ConfUtils.java:logGet(46)) - raft.server.storage.dir = [/home/runner/work/ozone/ozone/hadoop-ozone/integration-test/target/test-dir/MiniOzoneClusterImpl-0e22dd8b-fc59-4669-93e2-f1079baade23/datanode-3/data/ratis] (custom)
2022-07-12 23:22:32,564 [Listener at 127.0.0.1/43683] INFO  server.XceiverServerGrpc (XceiverServerGrpc.java:<init>(132)) - GrpcServer channel type EpollServerSocketChannel
2022-07-12 23:22:32,582 [Listener at 127.0.0.1/43683] INFO  http.BaseHttpServer (BaseHttpServer.java:newHttpServer2BuilderForOzone(209)) - Starting Web-server for hddsDatanode at: http://0.0.0.0:0
2022-07-12 23:22:32,582 [Listener at 127.0.0.1/43683] INFO  http.BaseHttpServer (BaseHttpServer.java:<init>(107)) - Hadoop Security Enabled: false Ozone Security Enabled: false Ozone HTTP Security Enabled: false 
2022-07-12 23:22:32,583 [Listener at 127.0.0.1/43683] INFO  server.AuthenticationFilter (AuthenticationFilter.java:constructSecretProvider(240)) - Unable to initialize FileSignerSecretProvider, falling back to use random secrets.
2022-07-12 23:22:32,597 [Listener at 127.0.0.1/43683] WARN  http.HttpRequestLog (HttpRequestLog.java:getRequestLog(103)) - Jetty request log can only be enabled using Log4j
2022-07-12 23:22:32,598 [Listener at 127.0.0.1/43683] INFO  http.HttpServer2 (HttpServer2.java:addGlobalFilter(1029)) - Added global filter 'safety' (class=org.apache.hadoop.hdds.server.http.HttpServer2$QuotingInputFilter)
2022-07-12 23:22:32,599 [Listener at 127.0.0.1/43683] INFO  http.HttpServer2 (HttpServer2.java:addFilter(1005)) - Added filter static_user_filter (class=org.apache.hadoop.http.lib.StaticUserWebFilter$StaticUserFilter) to context hddsDatanode
2022-07-12 23:22:32,599 [Listener at 127.0.0.1/43683] INFO  http.HttpServer2 (HttpServer2.java:addFilter(1013)) - Added filter static_user_filter (class=org.apache.hadoop.http.lib.StaticUserWebFilter$StaticUserFilter) to context static
2022-07-12 23:22:32,599 [Listener at 127.0.0.1/43683] INFO  http.HttpServer2 (HttpServer2.java:addFilter(1013)) - Added filter static_user_filter (class=org.apache.hadoop.http.lib.StaticUserWebFilter$StaticUserFilter) to context logs
2022-07-12 23:22:32,599 [Listener at 127.0.0.1/43683] INFO  http.HttpServer2 (HttpServer2.java:bindListener(1248)) - Jetty bound to port 42187
2022-07-12 23:22:32,599 [Listener at 127.0.0.1/43683] INFO  server.Server (Server.java:doStart(375)) - jetty-9.4.43.v20210629; built: 2021-06-30T11:07:22.254Z; git: 526006ecfa3af7f1a27ef3a288e2bef7ea9dd7e8; jvm 1.8.0_332-b09
2022-07-12 23:22:32,637 [Listener at 127.0.0.1/43683] INFO  server.session (DefaultSessionIdManager.java:doStart(334)) - DefaultSessionIdManager workerName=node0
2022-07-12 23:22:32,637 [Listener at 127.0.0.1/43683] INFO  server.session (DefaultSessionIdManager.java:doStart(339)) - No SessionScavenger set, using defaults
2022-07-12 23:22:32,663 [Listener at 127.0.0.1/43683] INFO  server.session (HouseKeeper.java:startScavenging(132)) - node0 Scavenging every 600000ms
2022-07-12 23:22:32,669 [Listener at 127.0.0.1/43683] INFO  handler.ContextHandler (ContextHandler.java:doStart(915)) - Started o.e.j.s.ServletContextHandler@6474690{logs,/logs,file:///home/runner/work/ozone/ozone/hadoop-ozone/integration-test/target/log,AVAILABLE}
2022-07-12 23:22:32,669 [Listener at 127.0.0.1/43683] INFO  handler.ContextHandler (ContextHandler.java:doStart(915)) - Started o.e.j.s.ServletContextHandler@154f129f{static,/static,jar:file:/home/runner/.m2/repository/org/apache/ozone/hdds-container-service/1.3.0-SNAPSHOT/hdds-container-service-1.3.0-SNAPSHOT.jar!/webapps/static,AVAILABLE}
2022-07-12 23:22:33,110 [Listener at 127.0.0.1/43683] INFO  handler.ContextHandler (ContextHandler.java:doStart(915)) - Started o.e.j.w.WebAppContext@7793dcdf{hddsDatanode,/,file:///tmp/jetty-0_0_0_0-42187-hdds-container-service-1_3_0-SNAPSHOT_jar-_-any-8869504521887623364/webapp/,AVAILABLE}{jar:file:/home/runner/.m2/repository/org/apache/ozone/hdds-container-service/1.3.0-SNAPSHOT/hdds-container-service-1.3.0-SNAPSHOT.jar!/webapps/hddsDatanode}
2022-07-12 23:22:33,154 [Listener at 127.0.0.1/43683] INFO  server.AbstractConnector (AbstractConnector.java:doStart(331)) - Started ServerConnector@36f724e5{HTTP/1.1, (http/1.1)}{0.0.0.0:42187}
2022-07-12 23:22:33,154 [Listener at 127.0.0.1/43683] INFO  server.Server (Server.java:doStart(415)) - Started @152629ms
2022-07-12 23:22:33,154 [Listener at 127.0.0.1/43683] WARN  impl.MetricsSystemImpl (MetricsSystemImpl.java:register(279)) - Sink prometheus already exists!
2022-07-12 23:22:33,155 [Listener at 127.0.0.1/43683] INFO  http.BaseHttpServer (BaseHttpServer.java:updateConnectorAddress(329)) - HTTP server of hddsDatanode listening at http://0.0.0.0:42187
2022-07-12 23:22:33,155 [Listener at 127.0.0.1/43683] INFO  impl.MetricsSystemImpl (MetricsSystemImpl.java:init(158)) - HddsDatanode metrics system started (again)
2022-07-12 23:22:33,163 [Datanode State Machine Daemon Thread] INFO  statemachine.DatanodeStateMachine (DatanodeStateMachine.java:lambda$startDaemon$0(492)) - Ozone container server started.
2022-07-12 23:22:33,214 [Listener at 127.0.0.1/43683] INFO  ozone.HddsDatanodeService (HddsDatanodeService.java:start(236)) - HddsDatanodeService host:fv-az46-473.aox2mo1hufxu3kclv1weif3kjc.bx.internal.cloudapp.net ip:10.1.0.13
2022-07-12 23:22:33,265 [org.apache.hadoop.util.JvmPauseMonitor$Monitor@3e035915] INFO  util.JvmPauseMonitor (JvmPauseMonitor.java:run(188)) - Starting JVM pause monitor
2022-07-12 23:22:33,273 [Listener at 127.0.0.1/43683] INFO  upgrade.AbstractLayoutVersionManager (AbstractLayoutVersionManager.java:init(83)) - Initializing Layout version manager with metadata layout = DATANODE_SCHEMA_V3 (version = 4), software layout = DATANODE_SCHEMA_V3 (version = 4)
2022-07-12 23:22:33,297 [Datanode State Machine Task Thread - 0] INFO  datanode.InitDatanodeState (InitDatanodeState.java:persistContainerDatanodeDetails(138)) - DatanodeDetails is persisted to /home/runner/work/ozone/ozone/hadoop-ozone/integration-test/target/test-dir/MiniOzoneClusterImpl-0e22dd8b-fc59-4669-93e2-f1079baade23/datanode-3/meta/datanode.id
2022-07-12 23:22:33,300 [EndpointStateMachine task thread for /0.0.0.0:43479 - 0 ] INFO  volume.HddsVolume (HddsVolume.java:createDbStore(309)) - SchemaV3 db is created and loaded at /home/runner/work/ozone/ozone/hadoop-ozone/integration-test/target/test-dir/MiniOzoneClusterImpl-0e22dd8b-fc59-4669-93e2-f1079baade23/datanode-1/data-0/containers/hdds/0e22dd8b-fc59-4669-93e2-f1079baade23/DS-e2f3c371-d3f2-4168-af42-1190961a8291/container.db for volume DS-e2f3c371-d3f2-4168-af42-1190961a8291
2022-07-12 23:22:33,312 [EndpointStateMachine task thread for /0.0.0.0:43479 - 0 ] INFO  volume.HddsVolume (HddsVolume.java:closeDbStore(340)) - SchemaV3 db is stopped at /home/runner/work/ozone/ozone/hadoop-ozone/integration-test/target/test-dir/MiniOzoneClusterImpl-0e22dd8b-fc59-4669-93e2-f1079baade23/datanode-1/data-0/containers/hdds/0e22dd8b-fc59-4669-93e2-f1079baade23/DS-e2f3c371-d3f2-4168-af42-1190961a8291/container.db for volume DS-e2f3c371-d3f2-4168-af42-1190961a8291
2022-07-12 23:22:33,312 [EndpointStateMachine task thread for /0.0.0.0:43479 - 0 ] INFO  ozoneimpl.OzoneContainer (OzoneContainer.java:start(344)) - Attempting to start container services.
2022-07-12 23:22:33,312 [EndpointStateMachine task thread for /0.0.0.0:43479 - 0 ] INFO  ozoneimpl.OzoneContainer (OzoneContainer.java:startContainerScrub(279)) - Background container scanner has been disabled.
2022-07-12 23:22:33,314 [EndpointStateMachine task thread for /0.0.0.0:43479 - 0 ] INFO  replication.ReplicationServer (ReplicationServer.java:start(111)) - ReplicationServer is started using port 40787
2022-07-12 23:22:33,325 [EndpointStateMachine task thread for /0.0.0.0:43479 - 0 ] INFO  ratis.XceiverServerRatis (XceiverServerRatis.java:start(481)) - Starting XceiverServerRatis 95d2a9a6-1343-48cb-8e55-18ad167fad0e
2022-07-12 23:22:33,329 [EndpointStateMachine task thread for /0.0.0.0:43479 - 0 ] INFO  server.RaftServer (RaftServerProxy.java:lambda$start$6(382)) - 95d2a9a6-1343-48cb-8e55-18ad167fad0e: start RPC server
2022-07-12 23:22:33,343 [EndpointStateMachine task thread for /0.0.0.0:43479 - 0 ] INFO  server.GrpcService (GrpcService.java:startImpl(260)) - 95d2a9a6-1343-48cb-8e55-18ad167fad0e: GrpcService started, listening on 37471
2022-07-12 23:22:33,343 [EndpointStateMachine task thread for /0.0.0.0:43479 - 0 ] INFO  ratis.XceiverServerRatis (XceiverServerRatis.java:getRealPort(502)) - XceiverServerRatis 95d2a9a6-1343-48cb-8e55-18ad167fad0e is started using port 37471 for RATIS
2022-07-12 23:22:33,343 [EndpointStateMachine task thread for /0.0.0.0:43479 - 0 ] INFO  ratis.XceiverServerRatis (XceiverServerRatis.java:getRealPort(502)) - XceiverServerRatis 95d2a9a6-1343-48cb-8e55-18ad167fad0e is started using port 37471 for RATIS_ADMIN
2022-07-12 23:22:33,343 [EndpointStateMachine task thread for /0.0.0.0:43479 - 0 ] INFO  ratis.XceiverServerRatis (XceiverServerRatis.java:getRealPort(502)) - XceiverServerRatis 95d2a9a6-1343-48cb-8e55-18ad167fad0e is started using port 37471 for RATIS_SERVER
2022-07-12 23:22:33,343 [org.apache.ratis.util.JvmPauseMonitor$$Lambda$613/1690937419@72a61976] INFO  util.JvmPauseMonitor (JvmPauseMonitor.java:run(103)) - JvmPauseMonitor-95d2a9a6-1343-48cb-8e55-18ad167fad0e: Started
2022-07-12 23:22:33,393 [EndpointStateMachine task thread for /0.0.0.0:43479 - 0 ] INFO  server.XceiverServerGrpc (XceiverServerGrpc.java:start(180)) - XceiverServerGrpc 95d2a9a6-1343-48cb-8e55-18ad167fad0e is started using port 33003
2022-07-12 23:22:33,491 [Listener at 127.0.0.1/43683] INFO  reflections.Reflections (Reflections.java:scan(232)) - Reflections took 212 ms to scan 7 urls, producing 132 keys and 317 values 
2022-07-12 23:22:33,492 [Listener at 127.0.0.1/43683] INFO  statemachine.DatanodeStateMachine (DatanodeStateMachine.java:getEndPointTaskThreadPoolSize(237)) - Datanode State Machine Task Thread Pool size 2
2022-07-12 23:22:33,494 [Listener at 127.0.0.1/43683] INFO  volume.HddsVolume (HddsVolume.java:<init>(116)) - Creating HddsVolume: /home/runner/work/ozone/ozone/hadoop-ozone/integration-test/target/test-dir/MiniOzoneClusterImpl-0e22dd8b-fc59-4669-93e2-f1079baade23/datanode-4/data-0/containers/hdds of storage type : DISK capacity : 9223372036854775807
2022-07-12 23:22:33,494 [Listener at 127.0.0.1/43683] INFO  volume.MutableVolumeSet (MutableVolumeSet.java:initializeVolumeSet(174)) - Added Volume : /home/runner/work/ozone/ozone/hadoop-ozone/integration-test/target/test-dir/MiniOzoneClusterImpl-0e22dd8b-fc59-4669-93e2-f1079baade23/datanode-4/data-0/containers/hdds to VolumeSet
2022-07-12 23:22:33,494 [Listener at 127.0.0.1/43683] INFO  volume.ThrottledAsyncChecker (ThrottledAsyncChecker.java:schedule(141)) - Scheduling a check for /home/runner/work/ozone/ozone/hadoop-ozone/integration-test/target/test-dir/MiniOzoneClusterImpl-0e22dd8b-fc59-4669-93e2-f1079baade23/datanode-4/data-0/containers/hdds
2022-07-12 23:22:33,549 [Listener at 127.0.0.1/43683] INFO  volume.StorageVolumeChecker (StorageVolumeChecker.java:checkAllVolumes(202)) - Scheduled health check for volume /home/runner/work/ozone/ozone/hadoop-ozone/integration-test/target/test-dir/MiniOzoneClusterImpl-0e22dd8b-fc59-4669-93e2-f1079baade23/datanode-4/data-0/containers/hdds
2022-07-12 23:22:33,567 [Listener at 127.0.0.1/43683] INFO  volume.MutableVolumeSet (MutableVolumeSet.java:initializeVolumeSet(174)) - Added Volume : /home/runner/work/ozone/ozone/hadoop-ozone/integration-test/target/test-dir/MiniOzoneClusterImpl-0e22dd8b-fc59-4669-93e2-f1079baade23/datanode-4/data/ratis to VolumeSet
2022-07-12 23:22:33,567 [Listener at 127.0.0.1/43683] INFO  volume.ThrottledAsyncChecker (ThrottledAsyncChecker.java:schedule(141)) - Scheduling a check for /home/runner/work/ozone/ozone/hadoop-ozone/integration-test/target/test-dir/MiniOzoneClusterImpl-0e22dd8b-fc59-4669-93e2-f1079baade23/datanode-4/data/ratis
2022-07-12 23:22:33,567 [Listener at 127.0.0.1/43683] INFO  volume.StorageVolumeChecker (StorageVolumeChecker.java:checkAllVolumes(202)) - Scheduled health check for volume /home/runner/work/ozone/ozone/hadoop-ozone/integration-test/target/test-dir/MiniOzoneClusterImpl-0e22dd8b-fc59-4669-93e2-f1079baade23/datanode-4/data/ratis
2022-07-12 23:22:33,621 [Thread-1183] INFO  ozoneimpl.ContainerReader (ContainerReader.java:readVolume(175)) - Finish verifying containers on volume /home/runner/work/ozone/ozone/hadoop-ozone/integration-test/target/test-dir/MiniOzoneClusterImpl-0e22dd8b-fc59-4669-93e2-f1079baade23/datanode-4/data-0/containers/hdds
2022-07-12 23:22:33,621 [Listener at 127.0.0.1/43683] INFO  ozoneimpl.OzoneContainer (OzoneContainer.java:buildContainerSet(266)) - Build ContainerSet costs 0s
2022-07-12 23:22:33,623 [Listener at 127.0.0.1/43683] INFO  server.RaftServer (ConfUtils.java:logGet(46)) - raft.rpc.type = GRPC (default)
2022-07-12 23:22:33,623 [Listener at 127.0.0.1/43683] INFO  grpc.GrpcFactory (GrpcFactory.java:checkPooledByteBufAllocatorUseCacheForAllThreads(48)) - PERFORMANCE WARNING: useCacheForAllThreads is true that may cause Netty to create a lot garbage objects and, as a result, trigger GC.
	It is recommended to disable useCacheForAllThreads by setting -Dorg.apache.ratis.thirdparty.io.netty.allocator.useCacheForAllThreads=false in command line.
2022-07-12 23:22:33,624 [Listener at 127.0.0.1/43683] INFO  grpc.GrpcConfigKeys (ConfUtils.java:logGet(46)) - raft.grpc.admin.port = 0 (custom)
2022-07-12 23:22:33,624 [Listener at 127.0.0.1/43683] INFO  grpc.GrpcConfigKeys (ConfUtils.java:logGet(46)) - raft.grpc.client.port = 0 (custom)
2022-07-12 23:22:33,624 [Listener at 127.0.0.1/43683] INFO  grpc.GrpcConfigKeys (ConfUtils.java:logGet(46)) - raft.grpc.server.port = 0 (default)
2022-07-12 23:22:33,624 [Listener at 127.0.0.1/43683] INFO  server.GrpcService (ConfUtils.java:logGet(46)) - raft.grpc.message.size.max = 32MB (=33554432) (custom)
2022-07-12 23:22:33,624 [Listener at 127.0.0.1/43683] INFO  server.RaftServerConfigKeys (ConfUtils.java:logGet(46)) - raft.server.log.appender.buffer.byte-limit = 33554432 (custom)
2022-07-12 23:22:33,624 [Listener at 127.0.0.1/43683] INFO  server.GrpcService (ConfUtils.java:logGet(46)) - raft.grpc.flow.control.window = 5MB (=5242880) (custom)
2022-07-12 23:22:33,624 [Listener at 127.0.0.1/43683] INFO  server.RaftServerConfigKeys (ConfUtils.java:logGet(46)) - raft.server.rpc.request.timeout = 60s (custom)
2022-07-12 23:22:33,624 [Listener at 127.0.0.1/43683] INFO  grpc.GrpcConfigKeys (ConfUtils.java:logGet(46)) - raft.grpc.server.async.request.thread.pool.cached = true (default)
2022-07-12 23:22:33,624 [Listener at 127.0.0.1/43683] INFO  grpc.GrpcConfigKeys (ConfUtils.java:logGet(46)) - raft.grpc.server.async.request.thread.pool.size = 32 (default)
2022-07-12 23:22:33,638 [Listener at 127.0.0.1/43683] INFO  impl.DataStreamServerImpl (ConfUtils.java:logGet(46)) - raft.datastream.type = DISABLED (default)
2022-07-12 23:22:33,638 [Listener at 127.0.0.1/43683] INFO  server.RaftServerConfigKeys (ConfUtils.java:logGet(46)) - raft.server.threadpool.proxy.cached = true (default)
2022-07-12 23:22:33,638 [Listener at 127.0.0.1/43683] INFO  server.RaftServerConfigKeys (ConfUtils.java:logGet(46)) - raft.server.threadpool.proxy.size = 0 (default)
2022-07-12 23:22:33,638 [Listener at 127.0.0.1/43683] INFO  server.RaftServerConfigKeys (ConfUtils.java:logGet(46)) - raft.server.rpc.slowness.timeout = 300s (custom)
2022-07-12 23:22:33,638 [Listener at 127.0.0.1/43683] INFO  server.RaftServerConfigKeys (ConfUtils.java:logGet(46)) - raft.server.leaderelection.leader.step-down.wait-time = 10s (default)
2022-07-12 23:22:33,638 [Listener at 127.0.0.1/43683] INFO  server.RaftServerConfigKeys (ConfUtils.java:logGet(46)) - raft.server.storage.dir = [/home/runner/work/ozone/ozone/hadoop-ozone/integration-test/target/test-dir/MiniOzoneClusterImpl-0e22dd8b-fc59-4669-93e2-f1079baade23/datanode-4/data/ratis] (custom)
2022-07-12 23:22:33,647 [Listener at 127.0.0.1/43683] INFO  server.XceiverServerGrpc (XceiverServerGrpc.java:<init>(132)) - GrpcServer channel type EpollServerSocketChannel
2022-07-12 23:22:33,654 [Listener at 127.0.0.1/43683] INFO  http.BaseHttpServer (BaseHttpServer.java:newHttpServer2BuilderForOzone(209)) - Starting Web-server for hddsDatanode at: http://0.0.0.0:0
2022-07-12 23:22:33,654 [Listener at 127.0.0.1/43683] INFO  http.BaseHttpServer (BaseHttpServer.java:<init>(107)) - Hadoop Security Enabled: false Ozone Security Enabled: false Ozone HTTP Security Enabled: false 
2022-07-12 23:22:33,658 [Listener at 127.0.0.1/43683] INFO  server.AuthenticationFilter (AuthenticationFilter.java:constructSecretProvider(240)) - Unable to initialize FileSignerSecretProvider, falling back to use random secrets.
2022-07-12 23:22:33,658 [Listener at 127.0.0.1/43683] WARN  http.HttpRequestLog (HttpRequestLog.java:getRequestLog(103)) - Jetty request log can only be enabled using Log4j
2022-07-12 23:22:33,659 [Listener at 127.0.0.1/43683] INFO  http.HttpServer2 (HttpServer2.java:addGlobalFilter(1029)) - Added global filter 'safety' (class=org.apache.hadoop.hdds.server.http.HttpServer2$QuotingInputFilter)
2022-07-12 23:22:33,660 [Listener at 127.0.0.1/43683] INFO  http.HttpServer2 (HttpServer2.java:addFilter(1005)) - Added filter static_user_filter (class=org.apache.hadoop.http.lib.StaticUserWebFilter$StaticUserFilter) to context hddsDatanode
2022-07-12 23:22:33,660 [Listener at 127.0.0.1/43683] INFO  http.HttpServer2 (HttpServer2.java:addFilter(1013)) - Added filter static_user_filter (class=org.apache.hadoop.http.lib.StaticUserWebFilter$StaticUserFilter) to context static
2022-07-12 23:22:33,660 [Listener at 127.0.0.1/43683] INFO  http.HttpServer2 (HttpServer2.java:addFilter(1013)) - Added filter static_user_filter (class=org.apache.hadoop.http.lib.StaticUserWebFilter$StaticUserFilter) to context logs
2022-07-12 23:22:33,660 [Listener at 127.0.0.1/43683] INFO  http.HttpServer2 (HttpServer2.java:bindListener(1248)) - Jetty bound to port 34849
2022-07-12 23:22:33,660 [Listener at 127.0.0.1/43683] INFO  server.Server (Server.java:doStart(375)) - jetty-9.4.43.v20210629; built: 2021-06-30T11:07:22.254Z; git: 526006ecfa3af7f1a27ef3a288e2bef7ea9dd7e8; jvm 1.8.0_332-b09
2022-07-12 23:22:33,662 [Listener at 127.0.0.1/43683] INFO  server.session (DefaultSessionIdManager.java:doStart(334)) - DefaultSessionIdManager workerName=node0
2022-07-12 23:22:33,662 [Listener at 127.0.0.1/43683] INFO  server.session (DefaultSessionIdManager.java:doStart(339)) - No SessionScavenger set, using defaults
2022-07-12 23:22:33,662 [Listener at 127.0.0.1/43683] INFO  server.session (HouseKeeper.java:startScavenging(132)) - node0 Scavenging every 660000ms
2022-07-12 23:22:33,665 [Listener at 127.0.0.1/43683] INFO  handler.ContextHandler (ContextHandler.java:doStart(915)) - Started o.e.j.s.ServletContextHandler@236d8e23{logs,/logs,file:///home/runner/work/ozone/ozone/hadoop-ozone/integration-test/target/log,AVAILABLE}
2022-07-12 23:22:33,667 [Listener at 127.0.0.1/43683] INFO  handler.ContextHandler (ContextHandler.java:doStart(915)) - Started o.e.j.s.ServletContextHandler@6f6fc248{static,/static,jar:file:/home/runner/.m2/repository/org/apache/ozone/hdds-container-service/1.3.0-SNAPSHOT/hdds-container-service-1.3.0-SNAPSHOT.jar!/webapps/static,AVAILABLE}
2022-07-12 23:22:34,081 [Listener at 127.0.0.1/43683] INFO  handler.ContextHandler (ContextHandler.java:doStart(915)) - Started o.e.j.w.WebAppContext@307ee504{hddsDatanode,/,file:///tmp/jetty-0_0_0_0-34849-hdds-container-service-1_3_0-SNAPSHOT_jar-_-any-1712652903967394205/webapp/,AVAILABLE}{jar:file:/home/runner/.m2/repository/org/apache/ozone/hdds-container-service/1.3.0-SNAPSHOT/hdds-container-service-1.3.0-SNAPSHOT.jar!/webapps/hddsDatanode}
2022-07-12 23:22:34,106 [IPC Server handler 1 on default port 43479] INFO  net.NetworkTopologyImpl (NetworkTopologyImpl.java:add(112)) - Added a new node: /default-rack/f86a3de6-fa90-4082-aec2-64cbafe88bfb
2022-07-12 23:22:34,107 [IPC Server handler 1 on default port 43479] INFO  node.SCMNodeManager (SCMNodeManager.java:register(397)) - Registered Data node : f86a3de6-fa90-4082-aec2-64cbafe88bfb{ip: 10.1.0.13, host: fv-az46-473.aox2mo1hufxu3kclv1weif3kjc.bx.internal.cloudapp.net, ports: [REPLICATION=37571, RATIS=41481, RATIS_ADMIN=41481, RATIS_SERVER=41481, STANDALONE=46819], networkLocation: /default-rack, certSerialId: null, persistedOpState: null, persistedOpStateExpiryEpochSec: 0}
2022-07-12 23:22:34,161 [EventQueue-NodeRegistrationContainerReportForContainerSafeModeRule] INFO  safemode.SCMSafeModeManager (SCMSafeModeManager.java:validateSafeModeExitRules(204)) - ContainerSafeModeRule rule is successfully validated
2022-07-12 23:22:34,162 [EndpointStateMachine task thread for /0.0.0.0:43479 - 0 ] INFO  volume.HddsVolume (HddsVolume.java:createDbStore(309)) - SchemaV3 db is created and loaded at /home/runner/work/ozone/ozone/hadoop-ozone/integration-test/target/test-dir/MiniOzoneClusterImpl-0e22dd8b-fc59-4669-93e2-f1079baade23/datanode-2/data-0/containers/hdds/0e22dd8b-fc59-4669-93e2-f1079baade23/DS-11af0141-a188-45b5-b751-e0c8cd24cd32/container.db for volume DS-11af0141-a188-45b5-b751-e0c8cd24cd32
2022-07-12 23:22:34,162 [EndpointStateMachine task thread for /0.0.0.0:43479 - 0 ] INFO  volume.HddsVolume (HddsVolume.java:closeDbStore(340)) - SchemaV3 db is stopped at /home/runner/work/ozone/ozone/hadoop-ozone/integration-test/target/test-dir/MiniOzoneClusterImpl-0e22dd8b-fc59-4669-93e2-f1079baade23/datanode-2/data-0/containers/hdds/0e22dd8b-fc59-4669-93e2-f1079baade23/DS-11af0141-a188-45b5-b751-e0c8cd24cd32/container.db for volume DS-11af0141-a188-45b5-b751-e0c8cd24cd32
2022-07-12 23:22:34,169 [EndpointStateMachine task thread for /0.0.0.0:43479 - 0 ] INFO  ozoneimpl.OzoneContainer (OzoneContainer.java:start(344)) - Attempting to start container services.
2022-07-12 23:22:34,170 [Listener at 127.0.0.1/43683] INFO  server.AbstractConnector (AbstractConnector.java:doStart(331)) - Started ServerConnector@28ded85d{HTTP/1.1, (http/1.1)}{0.0.0.0:34849}
2022-07-12 23:22:34,171 [Listener at 127.0.0.1/43683] INFO  server.Server (Server.java:doStart(415)) - Started @153645ms
2022-07-12 23:22:34,171 [Listener at 127.0.0.1/43683] WARN  impl.MetricsSystemImpl (MetricsSystemImpl.java:register(279)) - Sink prometheus already exists!
2022-07-12 23:22:34,171 [EventQueue-NodeRegistrationContainerReportForDataNodeSafeModeRule] INFO  safemode.SCMSafeModeManager (DataNodeSafeModeRule.java:process(71)) - SCM in safe mode. 1 DataNodes registered, 3 required.
2022-07-12 23:22:34,172 [EndpointStateMachine task thread for /0.0.0.0:43479 - 0 ] INFO  ozoneimpl.OzoneContainer (OzoneContainer.java:startContainerScrub(279)) - Background container scanner has been disabled.
2022-07-12 23:22:34,172 [Listener at 127.0.0.1/43683] INFO  http.BaseHttpServer (BaseHttpServer.java:updateConnectorAddress(329)) - HTTP server of hddsDatanode listening at http://0.0.0.0:34849
2022-07-12 23:22:34,193 [EventQueue-NewNodeForNewNodeHandler] INFO  pipeline.BackgroundPipelineCreator (BackgroundPipelineCreator.java:notifyEventTriggered(276)) - trigger a one-shot run on RatisPipelineUtilsThread.
2022-07-12 23:22:34,233 [EventQueue-PipelineReportForOneReplicaPipelineSafeModeRule] INFO  safemode.SCMSafeModeManager (SCMSafeModeManager.java:validateSafeModeExitRules(204)) - AtleastOneDatanodeReportedRule rule is successfully validated
2022-07-12 23:22:34,233 [Listener at 127.0.0.1/43683] INFO  ozone.MiniOzoneClusterImpl (MiniOzoneClusterImpl.java:lambda$waitForClusterToBeReady$0(216)) - Waiting for nodes to be ready. Got 1 of 5 DN Heartbeats.
2022-07-12 23:22:34,233 [Listener at 127.0.0.1/43683] INFO  ozone.MiniOzoneClusterImpl (MiniOzoneClusterImpl.java:lambda$waitForClusterToBeReady$0(219)) - Waiting for cluster to exit safe mode
2022-07-12 23:22:34,233 [Listener at 127.0.0.1/43683] INFO  ozone.MiniOzoneClusterImpl (MiniOzoneClusterImpl.java:lambda$waitForClusterToBeReady$0(221)) - SCM became leader
2022-07-12 23:22:34,235 [RatisPipelineUtilsThread - 0] INFO  pipeline.RatisPipelineProvider (RatisPipelineProvider.java:lambda$create$0(195)) - Sending CreatePipelineCommand for pipeline:PipelineID=eec205c4-aa9f-4fd8-b2bc-4550c4eca59a to datanode:f86a3de6-fa90-4082-aec2-64cbafe88bfb
2022-07-12 23:22:34,243 [EndpointStateMachine task thread for /0.0.0.0:43479 - 0 ] INFO  replication.ReplicationServer (ReplicationServer.java:start(111)) - ReplicationServer is started using port 37875
2022-07-12 23:22:34,254 [EndpointStateMachine task thread for /0.0.0.0:43479 - 0 ] INFO  ratis.XceiverServerRatis (XceiverServerRatis.java:start(481)) - Starting XceiverServerRatis d8f6f594-8e93-48ac-9153-9e8fd018aa2e
2022-07-12 23:22:34,254 [EndpointStateMachine task thread for /0.0.0.0:43479 - 0 ] INFO  server.RaftServer (RaftServerProxy.java:lambda$start$6(382)) - d8f6f594-8e93-48ac-9153-9e8fd018aa2e: start RPC server
2022-07-12 23:22:34,265 [EndpointStateMachine task thread for /0.0.0.0:43479 - 0 ] INFO  server.GrpcService (GrpcService.java:startImpl(260)) - d8f6f594-8e93-48ac-9153-9e8fd018aa2e: GrpcService started, listening on 43455
2022-07-12 23:22:34,265 [Datanode State Machine Daemon Thread] INFO  statemachine.DatanodeStateMachine (DatanodeStateMachine.java:lambda$startDaemon$0(492)) - Ozone container server started.
2022-07-12 23:22:34,268 [EndpointStateMachine task thread for /0.0.0.0:43479 - 0 ] INFO  ratis.XceiverServerRatis (XceiverServerRatis.java:getRealPort(502)) - XceiverServerRatis d8f6f594-8e93-48ac-9153-9e8fd018aa2e is started using port 43455 for RATIS
2022-07-12 23:22:34,268 [EndpointStateMachine task thread for /0.0.0.0:43479 - 0 ] INFO  ratis.XceiverServerRatis (XceiverServerRatis.java:getRealPort(502)) - XceiverServerRatis d8f6f594-8e93-48ac-9153-9e8fd018aa2e is started using port 43455 for RATIS_ADMIN
2022-07-12 23:22:34,268 [EndpointStateMachine task thread for /0.0.0.0:43479 - 0 ] INFO  ratis.XceiverServerRatis (XceiverServerRatis.java:getRealPort(502)) - XceiverServerRatis d8f6f594-8e93-48ac-9153-9e8fd018aa2e is started using port 43455 for RATIS_SERVER
2022-07-12 23:22:34,268 [org.apache.ratis.util.JvmPauseMonitor$$Lambda$613/1690937419@3eaffb39] INFO  util.JvmPauseMonitor (JvmPauseMonitor.java:run(103)) - JvmPauseMonitor-d8f6f594-8e93-48ac-9153-9e8fd018aa2e: Started
2022-07-12 23:22:34,276 [RatisPipelineUtilsThread - 0] INFO  pipeline.PipelineStateManagerImpl (PipelineStateManagerImpl.java:addPipeline(103)) - Created pipeline Pipeline[ Id: eec205c4-aa9f-4fd8-b2bc-4550c4eca59a, Nodes: f86a3de6-fa90-4082-aec2-64cbafe88bfb{ip: 10.1.0.13, host: fv-az46-473.aox2mo1hufxu3kclv1weif3kjc.bx.internal.cloudapp.net, ports: [REPLICATION=37571, RATIS=41481, RATIS_ADMIN=41481, RATIS_SERVER=41481, STANDALONE=46819], networkLocation: /default-rack, certSerialId: null, persistedOpState: IN_SERVICE, persistedOpStateExpiryEpochSec: 0}, ReplicationConfig: RATIS/ONE, State:ALLOCATED, leaderId:, CreationTimestamp2022-07-12T23:22:34.235Z[Etc/UTC]].
2022-07-12 23:22:34,325 [org.apache.hadoop.util.JvmPauseMonitor$Monitor@507f9216] INFO  util.JvmPauseMonitor (JvmPauseMonitor.java:run(188)) - Starting JVM pause monitor
2022-07-12 23:22:34,336 [Datanode State Machine Task Thread - 0] INFO  datanode.InitDatanodeState (InitDatanodeState.java:persistContainerDatanodeDetails(138)) - DatanodeDetails is persisted to /home/runner/work/ozone/ozone/hadoop-ozone/integration-test/target/test-dir/MiniOzoneClusterImpl-0e22dd8b-fc59-4669-93e2-f1079baade23/datanode-4/meta/datanode.id
2022-07-12 23:22:34,358 [EndpointStateMachine task thread for /0.0.0.0:43479 - 0 ] INFO  server.XceiverServerGrpc (XceiverServerGrpc.java:start(180)) - XceiverServerGrpc d8f6f594-8e93-48ac-9153-9e8fd018aa2e is started using port 37173
2022-07-12 23:22:35,119 [IPC Server handler 1 on default port 43479] INFO  net.NetworkTopologyImpl (NetworkTopologyImpl.java:add(112)) - Added a new node: /default-rack/95d2a9a6-1343-48cb-8e55-18ad167fad0e
2022-07-12 23:22:35,119 [IPC Server handler 1 on default port 43479] INFO  node.SCMNodeManager (SCMNodeManager.java:register(397)) - Registered Data node : 95d2a9a6-1343-48cb-8e55-18ad167fad0e{ip: 10.1.0.13, host: fv-az46-473.aox2mo1hufxu3kclv1weif3kjc.bx.internal.cloudapp.net, ports: [REPLICATION=40787, RATIS=37471, RATIS_ADMIN=37471, RATIS_SERVER=37471, STANDALONE=33003], networkLocation: /default-rack, certSerialId: null, persistedOpState: null, persistedOpStateExpiryEpochSec: 0}
2022-07-12 23:22:35,120 [EventQueue-NewNodeForNewNodeHandler] INFO  pipeline.BackgroundPipelineCreator (BackgroundPipelineCreator.java:notifyEventTriggered(276)) - trigger a one-shot run on RatisPipelineUtilsThread.
2022-07-12 23:22:35,121 [EventQueue-NodeRegistrationContainerReportForDataNodeSafeModeRule] INFO  safemode.SCMSafeModeManager (DataNodeSafeModeRule.java:process(71)) - SCM in safe mode. 2 DataNodes registered, 3 required.
2022-07-12 23:22:35,127 [RatisPipelineUtilsThread - 0] INFO  pipeline.RatisPipelineProvider (RatisPipelineProvider.java:lambda$create$0(195)) - Sending CreatePipelineCommand for pipeline:PipelineID=d5f82010-8a60-430c-b105-97beb3ec2e14 to datanode:95d2a9a6-1343-48cb-8e55-18ad167fad0e
2022-07-12 23:22:35,127 [RatisPipelineUtilsThread - 0] INFO  pipeline.PipelineStateManagerImpl (PipelineStateManagerImpl.java:addPipeline(103)) - Created pipeline Pipeline[ Id: d5f82010-8a60-430c-b105-97beb3ec2e14, Nodes: 95d2a9a6-1343-48cb-8e55-18ad167fad0e{ip: 10.1.0.13, host: fv-az46-473.aox2mo1hufxu3kclv1weif3kjc.bx.internal.cloudapp.net, ports: [REPLICATION=40787, RATIS=37471, RATIS_ADMIN=37471, RATIS_SERVER=37471, STANDALONE=33003], networkLocation: /default-rack, certSerialId: null, persistedOpState: IN_SERVICE, persistedOpStateExpiryEpochSec: 0}, ReplicationConfig: RATIS/ONE, State:ALLOCATED, leaderId:, CreationTimestamp2022-07-12T23:22:35.127Z[Etc/UTC]].
2022-07-12 23:22:35,234 [Listener at 127.0.0.1/43683] INFO  ozone.MiniOzoneClusterImpl (MiniOzoneClusterImpl.java:lambda$waitForClusterToBeReady$0(216)) - Waiting for nodes to be ready. Got 2 of 5 DN Heartbeats.
2022-07-12 23:22:35,234 [Listener at 127.0.0.1/43683] INFO  ozone.MiniOzoneClusterImpl (MiniOzoneClusterImpl.java:lambda$waitForClusterToBeReady$0(219)) - Waiting for cluster to exit safe mode
2022-07-12 23:22:35,234 [Listener at 127.0.0.1/43683] INFO  ozone.MiniOzoneClusterImpl (MiniOzoneClusterImpl.java:lambda$waitForClusterToBeReady$0(221)) - SCM became leader
2022-07-12 23:22:35,385 [EndpointStateMachine task thread for /0.0.0.0:43479 - 0 ] INFO  volume.HddsVolume (HddsVolume.java:createDbStore(309)) - SchemaV3 db is created and loaded at /home/runner/work/ozone/ozone/hadoop-ozone/integration-test/target/test-dir/MiniOzoneClusterImpl-0e22dd8b-fc59-4669-93e2-f1079baade23/datanode-3/data-0/containers/hdds/0e22dd8b-fc59-4669-93e2-f1079baade23/DS-4f563f70-0386-4447-8952-f482f21fed89/container.db for volume DS-4f563f70-0386-4447-8952-f482f21fed89
2022-07-12 23:22:35,386 [EndpointStateMachine task thread for /0.0.0.0:43479 - 0 ] INFO  volume.HddsVolume (HddsVolume.java:closeDbStore(340)) - SchemaV3 db is stopped at /home/runner/work/ozone/ozone/hadoop-ozone/integration-test/target/test-dir/MiniOzoneClusterImpl-0e22dd8b-fc59-4669-93e2-f1079baade23/datanode-3/data-0/containers/hdds/0e22dd8b-fc59-4669-93e2-f1079baade23/DS-4f563f70-0386-4447-8952-f482f21fed89/container.db for volume DS-4f563f70-0386-4447-8952-f482f21fed89
2022-07-12 23:22:35,386 [EndpointStateMachine task thread for /0.0.0.0:43479 - 0 ] INFO  ozoneimpl.OzoneContainer (OzoneContainer.java:start(344)) - Attempting to start container services.
2022-07-12 23:22:35,386 [EndpointStateMachine task thread for /0.0.0.0:43479 - 0 ] INFO  ozoneimpl.OzoneContainer (OzoneContainer.java:startContainerScrub(279)) - Background container scanner has been disabled.
2022-07-12 23:22:35,445 [EndpointStateMachine task thread for /0.0.0.0:43479 - 0 ] INFO  replication.ReplicationServer (ReplicationServer.java:start(111)) - ReplicationServer is started using port 40141
2022-07-12 23:22:35,450 [EndpointStateMachine task thread for /0.0.0.0:43479 - 0 ] INFO  ratis.XceiverServerRatis (XceiverServerRatis.java:start(481)) - Starting XceiverServerRatis 5f7d0233-0975-4d49-9cf7-de4a2550fad2
2022-07-12 23:22:35,486 [EndpointStateMachine task thread for /0.0.0.0:43479 - 0 ] INFO  server.RaftServer (RaftServerProxy.java:lambda$start$6(382)) - 5f7d0233-0975-4d49-9cf7-de4a2550fad2: start RPC server
2022-07-12 23:22:35,562 [EndpointStateMachine task thread for /0.0.0.0:43479 - 0 ] INFO  server.GrpcService (GrpcService.java:startImpl(260)) - 5f7d0233-0975-4d49-9cf7-de4a2550fad2: GrpcService started, listening on 33327
2022-07-12 23:22:35,562 [EndpointStateMachine task thread for /0.0.0.0:43479 - 0 ] INFO  ratis.XceiverServerRatis (XceiverServerRatis.java:getRealPort(502)) - XceiverServerRatis 5f7d0233-0975-4d49-9cf7-de4a2550fad2 is started using port 33327 for RATIS
2022-07-12 23:22:35,562 [EndpointStateMachine task thread for /0.0.0.0:43479 - 0 ] INFO  ratis.XceiverServerRatis (XceiverServerRatis.java:getRealPort(502)) - XceiverServerRatis 5f7d0233-0975-4d49-9cf7-de4a2550fad2 is started using port 33327 for RATIS_ADMIN
2022-07-12 23:22:35,562 [EndpointStateMachine task thread for /0.0.0.0:43479 - 0 ] INFO  ratis.XceiverServerRatis (XceiverServerRatis.java:getRealPort(502)) - XceiverServerRatis 5f7d0233-0975-4d49-9cf7-de4a2550fad2 is started using port 33327 for RATIS_SERVER
2022-07-12 23:22:35,563 [org.apache.ratis.util.JvmPauseMonitor$$Lambda$613/1690937419@49e7f1b2] INFO  util.JvmPauseMonitor (JvmPauseMonitor.java:run(103)) - JvmPauseMonitor-5f7d0233-0975-4d49-9cf7-de4a2550fad2: Started
2022-07-12 23:22:35,639 [EndpointStateMachine task thread for /0.0.0.0:43479 - 0 ] INFO  server.XceiverServerGrpc (XceiverServerGrpc.java:start(180)) - XceiverServerGrpc 5f7d0233-0975-4d49-9cf7-de4a2550fad2 is started using port 35755
2022-07-12 23:22:36,029 [IPC Server handler 0 on default port 43479] INFO  net.NetworkTopologyImpl (NetworkTopologyImpl.java:add(112)) - Added a new node: /default-rack/d8f6f594-8e93-48ac-9153-9e8fd018aa2e
2022-07-12 23:22:36,029 [IPC Server handler 0 on default port 43479] INFO  node.SCMNodeManager (SCMNodeManager.java:register(397)) - Registered Data node : d8f6f594-8e93-48ac-9153-9e8fd018aa2e{ip: 10.1.0.13, host: fv-az46-473.aox2mo1hufxu3kclv1weif3kjc.bx.internal.cloudapp.net, ports: [REPLICATION=37875, RATIS=43455, RATIS_ADMIN=43455, RATIS_SERVER=43455, STANDALONE=37173], networkLocation: /default-rack, certSerialId: null, persistedOpState: null, persistedOpStateExpiryEpochSec: 0}
2022-07-12 23:22:36,030 [EventQueue-NewNodeForNewNodeHandler] INFO  pipeline.BackgroundPipelineCreator (BackgroundPipelineCreator.java:notifyEventTriggered(276)) - trigger a one-shot run on RatisPipelineUtilsThread.
2022-07-12 23:22:36,037 [EventQueue-NodeRegistrationContainerReportForDataNodeSafeModeRule] INFO  safemode.SCMSafeModeManager (DataNodeSafeModeRule.java:process(71)) - SCM in safe mode. 3 DataNodes registered, 3 required.
2022-07-12 23:22:36,037 [EventQueue-NodeRegistrationContainerReportForDataNodeSafeModeRule] INFO  safemode.SCMSafeModeManager (SCMSafeModeManager.java:validateSafeModeExitRules(204)) - DataNodeSafeModeRule rule is successfully validated
2022-07-12 23:22:36,037 [EventQueue-NodeRegistrationContainerReportForDataNodeSafeModeRule] INFO  safemode.SCMSafeModeManager (SCMSafeModeManager.java:completePreCheck(233)) - All SCM safe mode pre check rules have passed
2022-07-12 23:22:36,037 [EventQueue-NodeRegistrationContainerReportForDataNodeSafeModeRule] WARN  events.EventQueue (EventQueue.java:fireEvent(216)) - No event handler registered for event TypedEvent{payloadType=SafeModeStatus, name='Safe mode status'}
2022-07-12 23:22:36,037 [EventQueue-NodeRegistrationContainerReportForDataNodeSafeModeRule] INFO  ha.SCMContext (SCMContext.java:updateSafeModeStatus(228)) - Update SafeModeStatus from SafeModeStatus{safeModeStatus=true, preCheckPassed=false} to SafeModeStatus{safeModeStatus=true, preCheckPassed=true}.
2022-07-12 23:22:36,037 [EventQueue-NodeRegistrationContainerReportForDataNodeSafeModeRule] INFO  pipeline.BackgroundPipelineCreator (BackgroundPipelineCreator.java:notifyEventTriggered(276)) - trigger a one-shot run on RatisPipelineUtilsThread.
2022-07-12 23:22:36,041 [RatisPipelineUtilsThread - 0] INFO  pipeline.RatisPipelineProvider (RatisPipelineProvider.java:lambda$create$0(195)) - Sending CreatePipelineCommand for pipeline:PipelineID=b0b82c2a-9a92-405a-bd7f-1e8e99188219 to datanode:d8f6f594-8e93-48ac-9153-9e8fd018aa2e
2022-07-12 23:22:36,042 [RatisPipelineUtilsThread - 0] INFO  pipeline.PipelineStateManagerImpl (PipelineStateManagerImpl.java:addPipeline(103)) - Created pipeline Pipeline[ Id: b0b82c2a-9a92-405a-bd7f-1e8e99188219, Nodes: d8f6f594-8e93-48ac-9153-9e8fd018aa2e{ip: 10.1.0.13, host: fv-az46-473.aox2mo1hufxu3kclv1weif3kjc.bx.internal.cloudapp.net, ports: [REPLICATION=37875, RATIS=43455, RATIS_ADMIN=43455, RATIS_SERVER=43455, STANDALONE=37173], networkLocation: /default-rack, certSerialId: null, persistedOpState: IN_SERVICE, persistedOpStateExpiryEpochSec: 0}, ReplicationConfig: RATIS/ONE, State:ALLOCATED, leaderId:, CreationTimestamp2022-07-12T23:22:36.041Z[Etc/UTC]].
2022-07-12 23:22:36,042 [RatisPipelineUtilsThread - 0] INFO  pipeline.RatisPipelineProvider (RatisPipelineProvider.java:lambda$create$0(195)) - Sending CreatePipelineCommand for pipeline:PipelineID=4ffe867c-dafd-41b3-855f-e7d9884b8c54 to datanode:95d2a9a6-1343-48cb-8e55-18ad167fad0e
2022-07-12 23:22:36,042 [RatisPipelineUtilsThread - 0] INFO  pipeline.RatisPipelineProvider (RatisPipelineProvider.java:lambda$create$0(195)) - Sending CreatePipelineCommand for pipeline:PipelineID=4ffe867c-dafd-41b3-855f-e7d9884b8c54 to datanode:d8f6f594-8e93-48ac-9153-9e8fd018aa2e
2022-07-12 23:22:36,042 [RatisPipelineUtilsThread - 0] INFO  pipeline.RatisPipelineProvider (RatisPipelineProvider.java:lambda$create$0(195)) - Sending CreatePipelineCommand for pipeline:PipelineID=4ffe867c-dafd-41b3-855f-e7d9884b8c54 to datanode:f86a3de6-fa90-4082-aec2-64cbafe88bfb
2022-07-12 23:22:36,042 [RatisPipelineUtilsThread - 0] INFO  pipeline.PipelineStateManagerImpl (PipelineStateManagerImpl.java:addPipeline(103)) - Created pipeline Pipeline[ Id: 4ffe867c-dafd-41b3-855f-e7d9884b8c54, Nodes: 95d2a9a6-1343-48cb-8e55-18ad167fad0e{ip: 10.1.0.13, host: fv-az46-473.aox2mo1hufxu3kclv1weif3kjc.bx.internal.cloudapp.net, ports: [REPLICATION=40787, RATIS=37471, RATIS_ADMIN=37471, RATIS_SERVER=37471, STANDALONE=33003], networkLocation: /default-rack, certSerialId: null, persistedOpState: IN_SERVICE, persistedOpStateExpiryEpochSec: 0}d8f6f594-8e93-48ac-9153-9e8fd018aa2e{ip: 10.1.0.13, host: fv-az46-473.aox2mo1hufxu3kclv1weif3kjc.bx.internal.cloudapp.net, ports: [REPLICATION=37875, RATIS=43455, RATIS_ADMIN=43455, RATIS_SERVER=43455, STANDALONE=37173], networkLocation: /default-rack, certSerialId: null, persistedOpState: IN_SERVICE, persistedOpStateExpiryEpochSec: 0}f86a3de6-fa90-4082-aec2-64cbafe88bfb{ip: 10.1.0.13, host: fv-az46-473.aox2mo1hufxu3kclv1weif3kjc.bx.internal.cloudapp.net, ports: [REPLICATION=37571, RATIS=41481, RATIS_ADMIN=41481, RATIS_SERVER=41481, STANDALONE=46819], networkLocation: /default-rack, certSerialId: null, persistedOpState: IN_SERVICE, persistedOpStateExpiryEpochSec: 0}, ReplicationConfig: RATIS/THREE, State:ALLOCATED, leaderId:, CreationTimestamp2022-07-12T23:22:36.042Z[Etc/UTC]].
2022-07-12 23:22:36,043 [RatisPipelineUtilsThread - 0] INFO  pipeline.RatisPipelineProvider (RatisPipelineProvider.java:lambda$create$0(195)) - Sending CreatePipelineCommand for pipeline:PipelineID=582bac8a-4f73-4262-8996-d045dbb7fc30 to datanode:95d2a9a6-1343-48cb-8e55-18ad167fad0e
2022-07-12 23:22:36,043 [RatisPipelineUtilsThread - 0] INFO  pipeline.RatisPipelineProvider (RatisPipelineProvider.java:lambda$create$0(195)) - Sending CreatePipelineCommand for pipeline:PipelineID=582bac8a-4f73-4262-8996-d045dbb7fc30 to datanode:d8f6f594-8e93-48ac-9153-9e8fd018aa2e
2022-07-12 23:22:36,043 [RatisPipelineUtilsThread - 0] INFO  pipeline.RatisPipelineProvider (RatisPipelineProvider.java:lambda$create$0(195)) - Sending CreatePipelineCommand for pipeline:PipelineID=582bac8a-4f73-4262-8996-d045dbb7fc30 to datanode:f86a3de6-fa90-4082-aec2-64cbafe88bfb
2022-07-12 23:22:36,043 [RatisPipelineUtilsThread - 0] INFO  pipeline.PipelineStateManagerImpl (PipelineStateManagerImpl.java:addPipeline(103)) - Created pipeline Pipeline[ Id: 582bac8a-4f73-4262-8996-d045dbb7fc30, Nodes: 95d2a9a6-1343-48cb-8e55-18ad167fad0e{ip: 10.1.0.13, host: fv-az46-473.aox2mo1hufxu3kclv1weif3kjc.bx.internal.cloudapp.net, ports: [REPLICATION=40787, RATIS=37471, RATIS_ADMIN=37471, RATIS_SERVER=37471, STANDALONE=33003], networkLocation: /default-rack, certSerialId: null, persistedOpState: IN_SERVICE, persistedOpStateExpiryEpochSec: 0}d8f6f594-8e93-48ac-9153-9e8fd018aa2e{ip: 10.1.0.13, host: fv-az46-473.aox2mo1hufxu3kclv1weif3kjc.bx.internal.cloudapp.net, ports: [REPLICATION=37875, RATIS=43455, RATIS_ADMIN=43455, RATIS_SERVER=43455, STANDALONE=37173], networkLocation: /default-rack, certSerialId: null, persistedOpState: IN_SERVICE, persistedOpStateExpiryEpochSec: 0}f86a3de6-fa90-4082-aec2-64cbafe88bfb{ip: 10.1.0.13, host: fv-az46-473.aox2mo1hufxu3kclv1weif3kjc.bx.internal.cloudapp.net, ports: [REPLICATION=37571, RATIS=41481, RATIS_ADMIN=41481, RATIS_SERVER=41481, STANDALONE=46819], networkLocation: /default-rack, certSerialId: null, persistedOpState: IN_SERVICE, persistedOpStateExpiryEpochSec: 0}, ReplicationConfig: RATIS/THREE, State:ALLOCATED, leaderId:, CreationTimestamp2022-07-12T23:22:36.043Z[Etc/UTC]].
2022-07-12 23:22:36,043 [RatisPipelineUtilsThread - 0] INFO  pipeline.PipelineManagerImpl (PipelineManagerImpl.java:recordMetricsForPipeline(796)) - Pipeline: PipelineID=582bac8a-4f73-4262-8996-d045dbb7fc30 contains same datanodes as previous pipelines: PipelineID=4ffe867c-dafd-41b3-855f-e7d9884b8c54 nodeIds: 95d2a9a6-1343-48cb-8e55-18ad167fad0e, d8f6f594-8e93-48ac-9153-9e8fd018aa2e, f86a3de6-fa90-4082-aec2-64cbafe88bfb
2022-07-12 23:22:36,234 [Listener at 127.0.0.1/43683] INFO  ozone.MiniOzoneClusterImpl (MiniOzoneClusterImpl.java:lambda$waitForClusterToBeReady$0(216)) - Waiting for nodes to be ready. Got 3 of 5 DN Heartbeats.
2022-07-12 23:22:36,234 [Listener at 127.0.0.1/43683] INFO  ozone.MiniOzoneClusterImpl (MiniOzoneClusterImpl.java:lambda$waitForClusterToBeReady$0(219)) - Waiting for cluster to exit safe mode
2022-07-12 23:22:36,234 [Listener at 127.0.0.1/43683] INFO  ozone.MiniOzoneClusterImpl (MiniOzoneClusterImpl.java:lambda$waitForClusterToBeReady$0(221)) - SCM became leader
2022-07-12 23:22:36,431 [EndpointStateMachine task thread for /0.0.0.0:43479 - 0 ] INFO  volume.HddsVolume (HddsVolume.java:createDbStore(309)) - SchemaV3 db is created and loaded at /home/runner/work/ozone/ozone/hadoop-ozone/integration-test/target/test-dir/MiniOzoneClusterImpl-0e22dd8b-fc59-4669-93e2-f1079baade23/datanode-4/data-0/containers/hdds/0e22dd8b-fc59-4669-93e2-f1079baade23/DS-40ef2543-2a6b-465c-a456-1a201bf610d8/container.db for volume DS-40ef2543-2a6b-465c-a456-1a201bf610d8
2022-07-12 23:22:36,431 [EndpointStateMachine task thread for /0.0.0.0:43479 - 0 ] INFO  volume.HddsVolume (HddsVolume.java:closeDbStore(340)) - SchemaV3 db is stopped at /home/runner/work/ozone/ozone/hadoop-ozone/integration-test/target/test-dir/MiniOzoneClusterImpl-0e22dd8b-fc59-4669-93e2-f1079baade23/datanode-4/data-0/containers/hdds/0e22dd8b-fc59-4669-93e2-f1079baade23/DS-40ef2543-2a6b-465c-a456-1a201bf610d8/container.db for volume DS-40ef2543-2a6b-465c-a456-1a201bf610d8
2022-07-12 23:22:36,431 [EndpointStateMachine task thread for /0.0.0.0:43479 - 0 ] INFO  ozoneimpl.OzoneContainer (OzoneContainer.java:start(344)) - Attempting to start container services.
2022-07-12 23:22:36,432 [EndpointStateMachine task thread for /0.0.0.0:43479 - 0 ] INFO  ozoneimpl.OzoneContainer (OzoneContainer.java:startContainerScrub(279)) - Background container scanner has been disabled.
2022-07-12 23:22:36,438 [EndpointStateMachine task thread for /0.0.0.0:43479 - 0 ] INFO  replication.ReplicationServer (ReplicationServer.java:start(111)) - ReplicationServer is started using port 42027
2022-07-12 23:22:36,439 [EndpointStateMachine task thread for /0.0.0.0:43479 - 0 ] INFO  ratis.XceiverServerRatis (XceiverServerRatis.java:start(481)) - Starting XceiverServerRatis 1641e4ae-10df-4947-b580-c1e8e479fb48
2022-07-12 23:22:36,444 [EndpointStateMachine task thread for /0.0.0.0:43479 - 0 ] INFO  server.RaftServer (RaftServerProxy.java:lambda$start$6(382)) - 1641e4ae-10df-4947-b580-c1e8e479fb48: start RPC server
2022-07-12 23:22:36,470 [EndpointStateMachine task thread for /0.0.0.0:43479 - 0 ] INFO  server.GrpcService (GrpcService.java:startImpl(260)) - 1641e4ae-10df-4947-b580-c1e8e479fb48: GrpcService started, listening on 34841
2022-07-12 23:22:36,470 [EndpointStateMachine task thread for /0.0.0.0:43479 - 0 ] INFO  ratis.XceiverServerRatis (XceiverServerRatis.java:getRealPort(502)) - XceiverServerRatis 1641e4ae-10df-4947-b580-c1e8e479fb48 is started using port 34841 for RATIS
2022-07-12 23:22:36,470 [EndpointStateMachine task thread for /0.0.0.0:43479 - 0 ] INFO  ratis.XceiverServerRatis (XceiverServerRatis.java:getRealPort(502)) - XceiverServerRatis 1641e4ae-10df-4947-b580-c1e8e479fb48 is started using port 34841 for RATIS_ADMIN
2022-07-12 23:22:36,470 [EndpointStateMachine task thread for /0.0.0.0:43479 - 0 ] INFO  ratis.XceiverServerRatis (XceiverServerRatis.java:getRealPort(502)) - XceiverServerRatis 1641e4ae-10df-4947-b580-c1e8e479fb48 is started using port 34841 for RATIS_SERVER
2022-07-12 23:22:36,474 [org.apache.ratis.util.JvmPauseMonitor$$Lambda$613/1690937419@20465565] INFO  util.JvmPauseMonitor (JvmPauseMonitor.java:run(103)) - JvmPauseMonitor-1641e4ae-10df-4947-b580-c1e8e479fb48: Started
2022-07-12 23:22:36,518 [EndpointStateMachine task thread for /0.0.0.0:43479 - 0 ] INFO  server.XceiverServerGrpc (XceiverServerGrpc.java:start(180)) - XceiverServerGrpc 1641e4ae-10df-4947-b580-c1e8e479fb48 is started using port 41483
2022-07-12 23:22:37,110 [Command processor thread] INFO  server.RaftServer (RaftServerProxy.java:addNew(96)) - f86a3de6-fa90-4082-aec2-64cbafe88bfb: addNew group-4550C4ECA59A:[f86a3de6-fa90-4082-aec2-64cbafe88bfb|rpc:10.1.0.13:41481|priority:1] returns group-4550C4ECA59A:java.util.concurrent.CompletableFuture@6604c215[Not completed]
2022-07-12 23:22:37,142 [pool-589-thread-1] INFO  server.RaftServer$Division (RaftServerImpl.java:<init>(190)) - f86a3de6-fa90-4082-aec2-64cbafe88bfb: new RaftServerImpl for group-4550C4ECA59A:[f86a3de6-fa90-4082-aec2-64cbafe88bfb|rpc:10.1.0.13:41481|priority:1] with ContainerStateMachine:uninitialized
2022-07-12 23:22:37,142 [pool-589-thread-1] INFO  server.RaftServerConfigKeys (ConfUtils.java:logGet(46)) - raft.server.rpc.timeout.min = 5s (custom)
2022-07-12 23:22:37,142 [pool-589-thread-1] INFO  server.RaftServerConfigKeys (ConfUtils.java:logGet(46)) - raft.server.rpc.timeout.max = 5200ms (custom)
2022-07-12 23:22:37,142 [pool-589-thread-1] INFO  server.RaftServerConfigKeys (ConfUtils.java:logGet(46)) - raft.server.rpc.sleep.time = 25ms (default)
2022-07-12 23:22:37,142 [pool-589-thread-1] INFO  server.RaftServerConfigKeys (ConfUtils.java:logGet(46)) - raft.server.rpc.slowness.timeout = 300s (custom)
2022-07-12 23:22:37,142 [pool-589-thread-1] INFO  server.RaftServerConfigKeys (ConfUtils.java:logGet(46)) - raft.server.leaderelection.leader.step-down.wait-time = 10s (default)
2022-07-12 23:22:37,142 [pool-589-thread-1] INFO  server.RaftServerConfigKeys (ConfUtils.java:logGet(46)) - raft.server.sleep.deviation.threshold = 300ms (default)
2022-07-12 23:22:37,142 [pool-589-thread-1] INFO  server.RaftServer$Division (ServerState.java:<init>(107)) - f86a3de6-fa90-4082-aec2-64cbafe88bfb@group-4550C4ECA59A: ConfigurationManager, init=-1: [f86a3de6-fa90-4082-aec2-64cbafe88bfb|rpc:10.1.0.13:41481|priority:1], old=null, confs=<EMPTY_MAP>
2022-07-12 23:22:37,142 [pool-589-thread-1] INFO  server.RaftServerConfigKeys (ConfUtils.java:logGet(46)) - raft.server.storage.dir = [/home/runner/work/ozone/ozone/hadoop-ozone/integration-test/target/test-dir/MiniOzoneClusterImpl-0e22dd8b-fc59-4669-93e2-f1079baade23/datanode-0/data/ratis] (custom)
2022-07-12 23:22:37,142 [pool-589-thread-1] INFO  server.RaftServerConfigKeys (ConfUtils.java:logGet(46)) - raft.server.log.corruption.policy = EXCEPTION (default)
2022-07-12 23:22:37,142 [pool-589-thread-1] INFO  server.RaftServerConfigKeys (ConfUtils.java:logGet(46)) - raft.server.storage.free-space.min = 0MB (=0) (default)
2022-07-12 23:22:37,142 [pool-589-thread-1] INFO  storage.RaftStorageDirectory (RaftStorageDirectoryImpl.java:analyzeStorage(135)) - The storage directory /home/runner/work/ozone/ozone/hadoop-ozone/integration-test/target/test-dir/MiniOzoneClusterImpl-0e22dd8b-fc59-4669-93e2-f1079baade23/datanode-0/data/ratis/eec205c4-aa9f-4fd8-b2bc-4550c4eca59a does not exist. Creating ...
2022-07-12 23:22:37,146 [pool-589-thread-1] INFO  storage.RaftStorageDirectory (RaftStorageDirectoryImpl.java:tryLock(230)) - Lock on /home/runner/work/ozone/ozone/hadoop-ozone/integration-test/target/test-dir/MiniOzoneClusterImpl-0e22dd8b-fc59-4669-93e2-f1079baade23/datanode-0/data/ratis/eec205c4-aa9f-4fd8-b2bc-4550c4eca59a/in_use.lock acquired by nodename 30948@fv-az46-473
2022-07-12 23:22:37,149 [pool-589-thread-1] INFO  storage.RaftStorage (RaftStorageImpl.java:format(89)) - Storage directory /home/runner/work/ozone/ozone/hadoop-ozone/integration-test/target/test-dir/MiniOzoneClusterImpl-0e22dd8b-fc59-4669-93e2-f1079baade23/datanode-0/data/ratis/eec205c4-aa9f-4fd8-b2bc-4550c4eca59a has been successfully formatted.
2022-07-12 23:22:37,158 [pool-589-thread-1] INFO  ratis.ContainerStateMachine (ContainerStateMachine.java:loadSnapshot(236)) - group-4550C4ECA59A: The snapshot info is null. Setting the last applied indexto:(t:0, i:~)
2022-07-12 23:22:37,158 [pool-589-thread-1] INFO  server.RaftServerConfigKeys (ConfUtils.java:logGet(46)) - raft.server.notification.no-leader.timeout = 300s (custom)
2022-07-12 23:22:37,158 [pool-589-thread-1] INFO  server.RaftServerConfigKeys (ConfUtils.java:logGet(46)) - raft.server.log.use.memory = false (default)
2022-07-12 23:22:37,158 [pool-589-thread-1] INFO  server.RaftServerConfigKeys (ConfUtils.java:logGet(46)) - raft.server.log.purge.gap = 1000000 (custom)
2022-07-12 23:22:37,158 [pool-589-thread-1] INFO  server.RaftServerConfigKeys (ConfUtils.java:logGet(46)) - raft.server.log.appender.buffer.byte-limit = 33554432 (custom)
2022-07-12 23:22:37,158 [pool-589-thread-1] INFO  server.RaftServerConfigKeys (ConfUtils.java:logGet(46)) - raft.server.log.statemachine.data.read.timeout = 1000ms (default)
2022-07-12 23:22:37,158 [pool-589-thread-1] INFO  server.RaftServerConfigKeys (ConfUtils.java:logGet(46)) - raft.server.log.segment.size.max = 1048576 (custom)
2022-07-12 23:22:37,159 [pool-589-thread-1] INFO  server.RaftServerConfigKeys (ConfUtils.java:logGet(46)) - raft.server.log.segment.cache.num.max = 2 (custom)
2022-07-12 23:22:37,159 [pool-589-thread-1] INFO  server.RaftServerConfigKeys (ConfUtils.java:logGet(46)) - raft.server.log.segment.cache.size.max = 200MB (=209715200) (default)
2022-07-12 23:22:37,159 [pool-589-thread-1] INFO  segmented.SegmentedRaftLogWorker (SegmentedRaftLogWorker.java:<init>(187)) - new f86a3de6-fa90-4082-aec2-64cbafe88bfb@group-4550C4ECA59A-SegmentedRaftLogWorker for RaftStorageImpl:Storage Directory /home/runner/work/ozone/ozone/hadoop-ozone/integration-test/target/test-dir/MiniOzoneClusterImpl-0e22dd8b-fc59-4669-93e2-f1079baade23/datanode-0/data/ratis/eec205c4-aa9f-4fd8-b2bc-4550c4eca59a
2022-07-12 23:22:37,159 [pool-589-thread-1] INFO  server.RaftServerConfigKeys (ConfUtils.java:logGet(46)) - raft.server.log.queue.byte-limit = 4294967296 (custom)
2022-07-12 23:22:37,159 [pool-589-thread-1] INFO  server.RaftServerConfigKeys (ConfUtils.java:logGet(46)) - raft.server.log.queue.element-limit = 1024 (custom)
2022-07-12 23:22:37,159 [pool-589-thread-1] INFO  server.RaftServerConfigKeys (ConfUtils.java:logGet(46)) - raft.server.log.segment.size.max = 1048576 (custom)
2022-07-12 23:22:37,159 [pool-589-thread-1] INFO  server.RaftServerConfigKeys (ConfUtils.java:logGet(46)) - raft.server.log.preallocated.size = 16384 (custom)
2022-07-12 23:22:37,170 [EventQueue-PipelineReportForPipelineReportHandler] INFO  pipeline.PipelineManagerImpl (PipelineManagerImpl.java:openPipeline(367)) - Pipeline Pipeline[ Id: eec205c4-aa9f-4fd8-b2bc-4550c4eca59a, Nodes: f86a3de6-fa90-4082-aec2-64cbafe88bfb{ip: 10.1.0.13, host: fv-az46-473.aox2mo1hufxu3kclv1weif3kjc.bx.internal.cloudapp.net, ports: [REPLICATION=37571, RATIS=41481, RATIS_ADMIN=41481, RATIS_SERVER=41481, STANDALONE=46819], networkLocation: /default-rack, certSerialId: null, persistedOpState: IN_SERVICE, persistedOpStateExpiryEpochSec: 0}, ReplicationConfig: RATIS/ONE, State:ALLOCATED, leaderId:f86a3de6-fa90-4082-aec2-64cbafe88bfb, CreationTimestamp2022-07-12T23:22:34.235Z[Etc/UTC]] moved to OPEN state
2022-07-12 23:22:37,197 [pool-589-thread-1] INFO  server.RaftServerConfigKeys (ConfUtils.java:logGet(46)) - raft.server.log.force.sync.num = 128 (default)
2022-07-12 23:22:37,197 [pool-589-thread-1] INFO  server.RaftServerConfigKeys (ConfUtils.java:logGet(46)) - raft.server.log.statemachine.data.sync = true (default)
2022-07-12 23:22:37,197 [pool-589-thread-1] INFO  server.RaftServerConfigKeys (ConfUtils.java:logGet(46)) - raft.server.log.statemachine.data.sync.timeout = 10s (default)
2022-07-12 23:22:37,197 [EventQueue-OpenPipelineForHealthyPipelineSafeModeRule] INFO  safemode.SCMSafeModeManager (HealthyPipelineSafeModeRule.java:process(137)) - SCM in safe mode. Healthy pipelines reported count is 0, required healthy pipeline reported count is 1
2022-07-12 23:22:37,211 [pool-589-thread-1] INFO  server.RaftServerConfigKeys (ConfUtils.java:logGet(46)) - raft.server.log.statemachine.data.sync.timeout.retry = -1 (default)
2022-07-12 23:22:37,222 [pool-589-thread-1] INFO  server.RaftServerConfigKeys (ConfUtils.java:logGet(46)) - raft.server.log.write.buffer.size = 1048576 (custom)
2022-07-12 23:22:37,223 [pool-589-thread-1] INFO  server.RaftServerConfigKeys (ConfUtils.java:logGet(46)) - raft.server.log.unsafe-flush.enabled = false (default)
2022-07-12 23:22:37,223 [pool-589-thread-1] INFO  server.RaftServerConfigKeys (ConfUtils.java:logGet(46)) - raft.server.log.statemachine.data.caching.enabled = true (custom)
2022-07-12 23:22:37,223 [pool-589-thread-1] INFO  segmented.SegmentedRaftLogWorker (SegmentedRaftLogWorker.java:lambda$new$0(135)) - f86a3de6-fa90-4082-aec2-64cbafe88bfb@group-4550C4ECA59A-SegmentedRaftLogWorker: flushIndex: setUnconditionally 0 -> -1
2022-07-12 23:22:37,223 [pool-589-thread-1] INFO  segmented.SegmentedRaftLogWorker (SegmentedRaftLogWorker.java:lambda$new$0(135)) - f86a3de6-fa90-4082-aec2-64cbafe88bfb@group-4550C4ECA59A-SegmentedRaftLogWorker: safeCacheEvictIndex: setUnconditionally 0 -> -1
2022-07-12 23:22:37,235 [Listener at 127.0.0.1/43683] INFO  ozone.MiniOzoneClusterImpl (MiniOzoneClusterImpl.java:lambda$waitForClusterToBeReady$0(216)) - Waiting for nodes to be ready. Got 3 of 5 DN Heartbeats.
2022-07-12 23:22:37,235 [Listener at 127.0.0.1/43683] INFO  ozone.MiniOzoneClusterImpl (MiniOzoneClusterImpl.java:lambda$waitForClusterToBeReady$0(219)) - Waiting for cluster to exit safe mode
2022-07-12 23:22:37,235 [Listener at 127.0.0.1/43683] INFO  ozone.MiniOzoneClusterImpl (MiniOzoneClusterImpl.java:lambda$waitForClusterToBeReady$0(221)) - SCM became leader
2022-07-12 23:22:37,235 [pool-589-thread-1] INFO  server.RaftServerConfigKeys (ConfUtils.java:logGet(46)) - raft.server.snapshot.auto.trigger.enabled = true (custom)
2022-07-12 23:22:37,235 [pool-589-thread-1] INFO  server.RaftServerConfigKeys (ConfUtils.java:logGet(46)) - raft.server.snapshot.auto.trigger.threshold = 10000 (custom)
2022-07-12 23:22:37,235 [pool-589-thread-1] INFO  server.RaftServerConfigKeys (ConfUtils.java:logGet(46)) - raft.server.snapshot.retention.file.num = 5 (custom)
2022-07-12 23:22:37,235 [pool-589-thread-1] INFO  server.RaftServerConfigKeys (ConfUtils.java:logGet(46)) - raft.server.log.purge.upto.snapshot.index = false (default)
2022-07-12 23:22:37,235 [pool-589-thread-1] INFO  server.RaftServerConfigKeys (ConfUtils.java:logGet(46)) - raft.server.retrycache.expirytime = 600000ms (custom)
2022-07-12 23:22:37,235 [pool-589-thread-1] INFO  server.RaftServerConfigKeys (ConfUtils.java:logGet(46)) - raft.server.retrycache.statistics.expirytime = 100μs (default)
2022-07-12 23:22:37,237 [pool-589-thread-1] INFO  server.RaftServerConfigKeys (ConfUtils.java:logGet(46)) - raft.server.log.appender.install.snapshot.enabled = false (custom)
2022-07-12 23:22:37,237 [pool-589-thread-1] INFO  server.RaftServerConfigKeys (ConfUtils.java:logGet(46)) - raft.server.threadpool.server.cached = true (default)
2022-07-12 23:22:37,237 [pool-589-thread-1] INFO  server.RaftServerConfigKeys (ConfUtils.java:logGet(46)) - raft.server.threadpool.server.size = 0 (default)
2022-07-12 23:22:37,237 [pool-589-thread-1] INFO  server.RaftServerConfigKeys (ConfUtils.java:logGet(46)) - raft.server.threadpool.client.cached = true (default)
2022-07-12 23:22:37,237 [pool-589-thread-1] INFO  server.RaftServerConfigKeys (ConfUtils.java:logGet(46)) - raft.server.threadpool.client.size = 0 (default)
2022-07-12 23:22:37,237 [pool-589-thread-1] INFO  server.RaftServer$Division (RaftServerImpl.java:start(310)) - f86a3de6-fa90-4082-aec2-64cbafe88bfb@group-4550C4ECA59A: start as a follower, conf=-1: [f86a3de6-fa90-4082-aec2-64cbafe88bfb|rpc:10.1.0.13:41481|priority:1], old=null
2022-07-12 23:22:37,237 [pool-589-thread-1] INFO  server.RaftServer$Division (RaftServerImpl.java:setRole(299)) - f86a3de6-fa90-4082-aec2-64cbafe88bfb@group-4550C4ECA59A: changes role from      null to FOLLOWER at term 0 for startAsFollower
2022-07-12 23:22:37,237 [pool-589-thread-1] INFO  impl.RoleInfo (RoleInfo.java:updateAndGet(139)) - f86a3de6-fa90-4082-aec2-64cbafe88bfb: start f86a3de6-fa90-4082-aec2-64cbafe88bfb@group-4550C4ECA59A-FollowerState
2022-07-12 23:22:37,254 [pool-589-thread-1] INFO  util.JmxRegister (JmxRegister.java:tryRegister(44)) - Successfully registered JMX Bean with object name Ratis:service=RaftServer,group=group-4550C4ECA59A,id=f86a3de6-fa90-4082-aec2-64cbafe88bfb
2022-07-12 23:22:37,266 [Command processor thread] INFO  ratis.XceiverServerRatis (XceiverServerRatis.java:addGroup(765)) - Created group PipelineID=eec205c4-aa9f-4fd8-b2bc-4550c4eca59a
2022-07-12 23:22:37,266 [Command processor thread] INFO  commandhandler.CreatePipelineCommandHandler (CreatePipelineCommandHandler.java:handle(113)) - Created Pipeline RATIS ONE PipelineID=eec205c4-aa9f-4fd8-b2bc-4550c4eca59a.
2022-07-12 23:22:37,266 [Command processor thread] INFO  server.RaftServer (RaftServerProxy.java:addNew(96)) - f86a3de6-fa90-4082-aec2-64cbafe88bfb: addNew group-E7D9884B8C54:[95d2a9a6-1343-48cb-8e55-18ad167fad0e|rpc:10.1.0.13:37471|priority:0, f86a3de6-fa90-4082-aec2-64cbafe88bfb|rpc:10.1.0.13:41481|priority:1, d8f6f594-8e93-48ac-9153-9e8fd018aa2e|rpc:10.1.0.13:43455|priority:0] returns group-E7D9884B8C54:java.util.concurrent.CompletableFuture@623b5a0d[Not completed]
2022-07-12 23:22:37,266 [IPC Server handler 16 on default port 43479] INFO  net.NetworkTopologyImpl (NetworkTopologyImpl.java:add(112)) - Added a new node: /default-rack/5f7d0233-0975-4d49-9cf7-de4a2550fad2
2022-07-12 23:22:37,267 [IPC Server handler 16 on default port 43479] INFO  node.SCMNodeManager (SCMNodeManager.java:register(397)) - Registered Data node : 5f7d0233-0975-4d49-9cf7-de4a2550fad2{ip: 10.1.0.13, host: fv-az46-473.aox2mo1hufxu3kclv1weif3kjc.bx.internal.cloudapp.net, ports: [REPLICATION=40141, RATIS=33327, RATIS_ADMIN=33327, RATIS_SERVER=33327, STANDALONE=35755], networkLocation: /default-rack, certSerialId: null, persistedOpState: null, persistedOpStateExpiryEpochSec: 0}
2022-07-12 23:22:37,268 [pool-589-thread-1] INFO  server.RaftServer$Division (RaftServerImpl.java:<init>(190)) - f86a3de6-fa90-4082-aec2-64cbafe88bfb: new RaftServerImpl for group-E7D9884B8C54:[95d2a9a6-1343-48cb-8e55-18ad167fad0e|rpc:10.1.0.13:37471|priority:0, f86a3de6-fa90-4082-aec2-64cbafe88bfb|rpc:10.1.0.13:41481|priority:1, d8f6f594-8e93-48ac-9153-9e8fd018aa2e|rpc:10.1.0.13:43455|priority:0] with ContainerStateMachine:uninitialized
2022-07-12 23:22:37,268 [pool-589-thread-1] INFO  server.RaftServerConfigKeys (ConfUtils.java:logGet(46)) - raft.server.rpc.timeout.min = 5s (custom)
2022-07-12 23:22:37,268 [pool-589-thread-1] INFO  server.RaftServerConfigKeys (ConfUtils.java:logGet(46)) - raft.server.rpc.timeout.max = 5200ms (custom)
2022-07-12 23:22:37,268 [pool-589-thread-1] INFO  server.RaftServerConfigKeys (ConfUtils.java:logGet(46)) - raft.server.rpc.sleep.time = 25ms (default)
2022-07-12 23:22:37,268 [pool-589-thread-1] INFO  server.RaftServerConfigKeys (ConfUtils.java:logGet(46)) - raft.server.rpc.slowness.timeout = 300s (custom)
2022-07-12 23:22:37,268 [pool-589-thread-1] INFO  server.RaftServerConfigKeys (ConfUtils.java:logGet(46)) - raft.server.leaderelection.leader.step-down.wait-time = 10s (default)
2022-07-12 23:22:37,268 [pool-589-thread-1] INFO  server.RaftServerConfigKeys (ConfUtils.java:logGet(46)) - raft.server.sleep.deviation.threshold = 300ms (default)
2022-07-12 23:22:37,268 [pool-589-thread-1] INFO  server.RaftServer$Division (ServerState.java:<init>(107)) - f86a3de6-fa90-4082-aec2-64cbafe88bfb@group-E7D9884B8C54: ConfigurationManager, init=-1: [95d2a9a6-1343-48cb-8e55-18ad167fad0e|rpc:10.1.0.13:37471|priority:0, f86a3de6-fa90-4082-aec2-64cbafe88bfb|rpc:10.1.0.13:41481|priority:1, d8f6f594-8e93-48ac-9153-9e8fd018aa2e|rpc:10.1.0.13:43455|priority:0], old=null, confs=<EMPTY_MAP>
2022-07-12 23:22:37,268 [pool-589-thread-1] INFO  server.RaftServerConfigKeys (ConfUtils.java:logGet(46)) - raft.server.storage.dir = [/home/runner/work/ozone/ozone/hadoop-ozone/integration-test/target/test-dir/MiniOzoneClusterImpl-0e22dd8b-fc59-4669-93e2-f1079baade23/datanode-0/data/ratis] (custom)
2022-07-12 23:22:37,268 [pool-589-thread-1] INFO  server.RaftServerConfigKeys (ConfUtils.java:logGet(46)) - raft.server.log.corruption.policy = EXCEPTION (default)
2022-07-12 23:22:37,268 [pool-589-thread-1] INFO  server.RaftServerConfigKeys (ConfUtils.java:logGet(46)) - raft.server.storage.free-space.min = 0MB (=0) (default)
2022-07-12 23:22:37,268 [pool-589-thread-1] INFO  storage.RaftStorageDirectory (RaftStorageDirectoryImpl.java:analyzeStorage(135)) - The storage directory /home/runner/work/ozone/ozone/hadoop-ozone/integration-test/target/test-dir/MiniOzoneClusterImpl-0e22dd8b-fc59-4669-93e2-f1079baade23/datanode-0/data/ratis/4ffe867c-dafd-41b3-855f-e7d9884b8c54 does not exist. Creating ...
2022-07-12 23:22:37,270 [pool-589-thread-1] INFO  storage.RaftStorageDirectory (RaftStorageDirectoryImpl.java:tryLock(230)) - Lock on /home/runner/work/ozone/ozone/hadoop-ozone/integration-test/target/test-dir/MiniOzoneClusterImpl-0e22dd8b-fc59-4669-93e2-f1079baade23/datanode-0/data/ratis/4ffe867c-dafd-41b3-855f-e7d9884b8c54/in_use.lock acquired by nodename 30948@fv-az46-473
2022-07-12 23:22:37,272 [EventQueue-NewNodeForNewNodeHandler] INFO  pipeline.BackgroundPipelineCreator (BackgroundPipelineCreator.java:notifyEventTriggered(276)) - trigger a one-shot run on RatisPipelineUtilsThread.
2022-07-12 23:22:37,272 [RatisPipelineUtilsThread - 0] INFO  pipeline.RatisPipelineProvider (RatisPipelineProvider.java:lambda$create$0(195)) - Sending CreatePipelineCommand for pipeline:PipelineID=01627150-c03c-49bb-8356-db03694ecf5b to datanode:5f7d0233-0975-4d49-9cf7-de4a2550fad2
2022-07-12 23:22:37,272 [RatisPipelineUtilsThread - 0] INFO  pipeline.PipelineStateManagerImpl (PipelineStateManagerImpl.java:addPipeline(103)) - Created pipeline Pipeline[ Id: 01627150-c03c-49bb-8356-db03694ecf5b, Nodes: 5f7d0233-0975-4d49-9cf7-de4a2550fad2{ip: 10.1.0.13, host: fv-az46-473.aox2mo1hufxu3kclv1weif3kjc.bx.internal.cloudapp.net, ports: [REPLICATION=40141, RATIS=33327, RATIS_ADMIN=33327, RATIS_SERVER=33327, STANDALONE=35755], networkLocation: /default-rack, certSerialId: null, persistedOpState: IN_SERVICE, persistedOpStateExpiryEpochSec: 0}, ReplicationConfig: RATIS/ONE, State:ALLOCATED, leaderId:, CreationTimestamp2022-07-12T23:22:37.272Z[Etc/UTC]].
2022-07-12 23:22:37,273 [pool-589-thread-1] INFO  storage.RaftStorage (RaftStorageImpl.java:format(89)) - Storage directory /home/runner/work/ozone/ozone/hadoop-ozone/integration-test/target/test-dir/MiniOzoneClusterImpl-0e22dd8b-fc59-4669-93e2-f1079baade23/datanode-0/data/ratis/4ffe867c-dafd-41b3-855f-e7d9884b8c54 has been successfully formatted.
2022-07-12 23:22:37,273 [pool-589-thread-1] INFO  ratis.ContainerStateMachine (ContainerStateMachine.java:loadSnapshot(236)) - group-E7D9884B8C54: The snapshot info is null. Setting the last applied indexto:(t:0, i:~)
2022-07-12 23:22:37,281 [pool-589-thread-1] INFO  server.RaftServerConfigKeys (ConfUtils.java:logGet(46)) - raft.server.notification.no-leader.timeout = 300s (custom)
2022-07-12 23:22:37,281 [pool-589-thread-1] INFO  server.RaftServerConfigKeys (ConfUtils.java:logGet(46)) - raft.server.log.use.memory = false (default)
2022-07-12 23:22:37,282 [pool-589-thread-1] INFO  server.RaftServerConfigKeys (ConfUtils.java:logGet(46)) - raft.server.log.purge.gap = 1000000 (custom)
2022-07-12 23:22:37,282 [pool-589-thread-1] INFO  server.RaftServerConfigKeys (ConfUtils.java:logGet(46)) - raft.server.log.appender.buffer.byte-limit = 33554432 (custom)
2022-07-12 23:22:37,282 [pool-589-thread-1] INFO  server.RaftServerConfigKeys (ConfUtils.java:logGet(46)) - raft.server.log.statemachine.data.read.timeout = 1000ms (default)
2022-07-12 23:22:37,282 [pool-589-thread-1] INFO  server.RaftServerConfigKeys (ConfUtils.java:logGet(46)) - raft.server.log.segment.size.max = 1048576 (custom)
2022-07-12 23:22:37,282 [pool-589-thread-1] INFO  server.RaftServerConfigKeys (ConfUtils.java:logGet(46)) - raft.server.log.segment.cache.num.max = 2 (custom)
2022-07-12 23:22:37,282 [pool-589-thread-1] INFO  server.RaftServerConfigKeys (ConfUtils.java:logGet(46)) - raft.server.log.segment.cache.size.max = 200MB (=209715200) (default)
2022-07-12 23:22:37,282 [pool-589-thread-1] INFO  segmented.SegmentedRaftLogWorker (SegmentedRaftLogWorker.java:<init>(187)) - new f86a3de6-fa90-4082-aec2-64cbafe88bfb@group-E7D9884B8C54-SegmentedRaftLogWorker for RaftStorageImpl:Storage Directory /home/runner/work/ozone/ozone/hadoop-ozone/integration-test/target/test-dir/MiniOzoneClusterImpl-0e22dd8b-fc59-4669-93e2-f1079baade23/datanode-0/data/ratis/4ffe867c-dafd-41b3-855f-e7d9884b8c54
2022-07-12 23:22:37,282 [pool-589-thread-1] INFO  server.RaftServerConfigKeys (ConfUtils.java:logGet(46)) - raft.server.log.queue.byte-limit = 4294967296 (custom)
2022-07-12 23:22:37,282 [pool-589-thread-1] INFO  server.RaftServerConfigKeys (ConfUtils.java:logGet(46)) - raft.server.log.queue.element-limit = 1024 (custom)
2022-07-12 23:22:37,282 [pool-589-thread-1] INFO  server.RaftServerConfigKeys (ConfUtils.java:logGet(46)) - raft.server.log.segment.size.max = 1048576 (custom)
2022-07-12 23:22:37,282 [pool-589-thread-1] INFO  server.RaftServerConfigKeys (ConfUtils.java:logGet(46)) - raft.server.log.preallocated.size = 16384 (custom)
2022-07-12 23:22:37,282 [pool-589-thread-1] INFO  server.RaftServerConfigKeys (ConfUtils.java:logGet(46)) - raft.server.log.force.sync.num = 128 (default)
2022-07-12 23:22:37,283 [pool-589-thread-1] INFO  server.RaftServerConfigKeys (ConfUtils.java:logGet(46)) - raft.server.log.statemachine.data.sync = true (default)
2022-07-12 23:22:37,283 [pool-589-thread-1] INFO  server.RaftServerConfigKeys (ConfUtils.java:logGet(46)) - raft.server.log.statemachine.data.sync.timeout = 10s (default)
2022-07-12 23:22:37,283 [pool-589-thread-1] INFO  server.RaftServerConfigKeys (ConfUtils.java:logGet(46)) - raft.server.log.statemachine.data.sync.timeout.retry = -1 (default)
2022-07-12 23:22:37,283 [pool-589-thread-1] INFO  server.RaftServerConfigKeys (ConfUtils.java:logGet(46)) - raft.server.log.write.buffer.size = 1048576 (custom)
2022-07-12 23:22:37,284 [pool-589-thread-1] INFO  server.RaftServerConfigKeys (ConfUtils.java:logGet(46)) - raft.server.log.unsafe-flush.enabled = false (default)
2022-07-12 23:22:37,284 [pool-589-thread-1] INFO  server.RaftServerConfigKeys (ConfUtils.java:logGet(46)) - raft.server.log.statemachine.data.caching.enabled = true (custom)
2022-07-12 23:22:37,284 [pool-589-thread-1] INFO  segmented.SegmentedRaftLogWorker (SegmentedRaftLogWorker.java:lambda$new$0(135)) - f86a3de6-fa90-4082-aec2-64cbafe88bfb@group-E7D9884B8C54-SegmentedRaftLogWorker: flushIndex: setUnconditionally 0 -> -1
2022-07-12 23:22:37,284 [pool-589-thread-1] INFO  segmented.SegmentedRaftLogWorker (SegmentedRaftLogWorker.java:lambda$new$0(135)) - f86a3de6-fa90-4082-aec2-64cbafe88bfb@group-E7D9884B8C54-SegmentedRaftLogWorker: safeCacheEvictIndex: setUnconditionally 0 -> -1
2022-07-12 23:22:37,289 [EventQueue-OpenPipelineForHealthyPipelineSafeModeRule] INFO  safemode.SCMSafeModeManager (HealthyPipelineSafeModeRule.java:process(137)) - SCM in safe mode. Healthy pipelines reported count is 0, required healthy pipeline reported count is 1
2022-07-12 23:22:37,307 [pool-589-thread-1] INFO  server.RaftServerConfigKeys (ConfUtils.java:logGet(46)) - raft.server.snapshot.auto.trigger.enabled = true (custom)
2022-07-12 23:22:37,307 [pool-589-thread-1] INFO  server.RaftServerConfigKeys (ConfUtils.java:logGet(46)) - raft.server.snapshot.auto.trigger.threshold = 10000 (custom)
2022-07-12 23:22:37,307 [pool-589-thread-1] INFO  server.RaftServerConfigKeys (ConfUtils.java:logGet(46)) - raft.server.snapshot.retention.file.num = 5 (custom)
2022-07-12 23:22:37,307 [pool-589-thread-1] INFO  server.RaftServerConfigKeys (ConfUtils.java:logGet(46)) - raft.server.log.purge.upto.snapshot.index = false (default)
2022-07-12 23:22:37,307 [pool-589-thread-1] INFO  server.RaftServerConfigKeys (ConfUtils.java:logGet(46)) - raft.server.retrycache.expirytime = 600000ms (custom)
2022-07-12 23:22:37,307 [pool-589-thread-1] INFO  server.RaftServerConfigKeys (ConfUtils.java:logGet(46)) - raft.server.retrycache.statistics.expirytime = 100μs (default)
2022-07-12 23:22:37,308 [pool-589-thread-1] INFO  server.RaftServerConfigKeys (ConfUtils.java:logGet(46)) - raft.server.log.appender.install.snapshot.enabled = false (custom)
2022-07-12 23:22:37,308 [pool-589-thread-1] INFO  server.RaftServerConfigKeys (ConfUtils.java:logGet(46)) - raft.server.threadpool.server.cached = true (default)
2022-07-12 23:22:37,308 [pool-589-thread-1] INFO  server.RaftServerConfigKeys (ConfUtils.java:logGet(46)) - raft.server.threadpool.server.size = 0 (default)
2022-07-12 23:22:37,308 [pool-589-thread-1] INFO  server.RaftServerConfigKeys (ConfUtils.java:logGet(46)) - raft.server.threadpool.client.cached = true (default)
2022-07-12 23:22:37,308 [pool-589-thread-1] INFO  server.RaftServerConfigKeys (ConfUtils.java:logGet(46)) - raft.server.threadpool.client.size = 0 (default)
2022-07-12 23:22:37,309 [pool-589-thread-1] INFO  server.RaftServer$Division (RaftServerImpl.java:start(310)) - f86a3de6-fa90-4082-aec2-64cbafe88bfb@group-E7D9884B8C54: start as a follower, conf=-1: [95d2a9a6-1343-48cb-8e55-18ad167fad0e|rpc:10.1.0.13:37471|priority:0, f86a3de6-fa90-4082-aec2-64cbafe88bfb|rpc:10.1.0.13:41481|priority:1, d8f6f594-8e93-48ac-9153-9e8fd018aa2e|rpc:10.1.0.13:43455|priority:0], old=null
2022-07-12 23:22:37,309 [pool-589-thread-1] INFO  server.RaftServer$Division (RaftServerImpl.java:setRole(299)) - f86a3de6-fa90-4082-aec2-64cbafe88bfb@group-E7D9884B8C54: changes role from      null to FOLLOWER at term 0 for startAsFollower
2022-07-12 23:22:37,309 [pool-589-thread-1] INFO  impl.RoleInfo (RoleInfo.java:updateAndGet(139)) - f86a3de6-fa90-4082-aec2-64cbafe88bfb: start f86a3de6-fa90-4082-aec2-64cbafe88bfb@group-E7D9884B8C54-FollowerState
2022-07-12 23:22:37,321 [pool-589-thread-1] INFO  util.JmxRegister (JmxRegister.java:tryRegister(44)) - Successfully registered JMX Bean with object name Ratis:service=RaftServer,group=group-E7D9884B8C54,id=f86a3de6-fa90-4082-aec2-64cbafe88bfb
2022-07-12 23:22:37,333 [Command processor thread] INFO  ratis.XceiverServerRatis (XceiverServerRatis.java:addGroup(765)) - Created group PipelineID=4ffe867c-dafd-41b3-855f-e7d9884b8c54
2022-07-12 23:22:37,439 [grpc-default-executor-0] INFO  server.RaftServer (RaftServerProxy.java:addNew(96)) - 95d2a9a6-1343-48cb-8e55-18ad167fad0e: addNew group-E7D9884B8C54:[95d2a9a6-1343-48cb-8e55-18ad167fad0e|rpc:10.1.0.13:37471|dataStream:|priority:0, f86a3de6-fa90-4082-aec2-64cbafe88bfb|rpc:10.1.0.13:41481|dataStream:|priority:1, d8f6f594-8e93-48ac-9153-9e8fd018aa2e|rpc:10.1.0.13:43455|dataStream:|priority:0] returns group-E7D9884B8C54:java.util.concurrent.CompletableFuture@5073db36[Not completed]
2022-07-12 23:22:37,440 [pool-612-thread-1] INFO  server.RaftServer$Division (RaftServerImpl.java:<init>(190)) - 95d2a9a6-1343-48cb-8e55-18ad167fad0e: new RaftServerImpl for group-E7D9884B8C54:[95d2a9a6-1343-48cb-8e55-18ad167fad0e|rpc:10.1.0.13:37471|dataStream:|priority:0, f86a3de6-fa90-4082-aec2-64cbafe88bfb|rpc:10.1.0.13:41481|dataStream:|priority:1, d8f6f594-8e93-48ac-9153-9e8fd018aa2e|rpc:10.1.0.13:43455|dataStream:|priority:0] with ContainerStateMachine:uninitialized
2022-07-12 23:22:37,440 [pool-612-thread-1] INFO  server.RaftServerConfigKeys (ConfUtils.java:logGet(46)) - raft.server.rpc.timeout.min = 5s (custom)
2022-07-12 23:22:37,440 [pool-612-thread-1] INFO  server.RaftServerConfigKeys (ConfUtils.java:logGet(46)) - raft.server.rpc.timeout.max = 5200ms (custom)
2022-07-12 23:22:37,440 [pool-612-thread-1] INFO  server.RaftServerConfigKeys (ConfUtils.java:logGet(46)) - raft.server.rpc.sleep.time = 25ms (default)
2022-07-12 23:22:37,440 [pool-612-thread-1] INFO  server.RaftServerConfigKeys (ConfUtils.java:logGet(46)) - raft.server.rpc.slowness.timeout = 300s (custom)
2022-07-12 23:22:37,440 [pool-612-thread-1] INFO  server.RaftServerConfigKeys (ConfUtils.java:logGet(46)) - raft.server.leaderelection.leader.step-down.wait-time = 10s (default)
2022-07-12 23:22:37,440 [pool-612-thread-1] INFO  server.RaftServerConfigKeys (ConfUtils.java:logGet(46)) - raft.server.sleep.deviation.threshold = 300ms (default)
2022-07-12 23:22:37,440 [pool-612-thread-1] INFO  server.RaftServer$Division (ServerState.java:<init>(107)) - 95d2a9a6-1343-48cb-8e55-18ad167fad0e@group-E7D9884B8C54: ConfigurationManager, init=-1: [95d2a9a6-1343-48cb-8e55-18ad167fad0e|rpc:10.1.0.13:37471|dataStream:|priority:0, f86a3de6-fa90-4082-aec2-64cbafe88bfb|rpc:10.1.0.13:41481|dataStream:|priority:1, d8f6f594-8e93-48ac-9153-9e8fd018aa2e|rpc:10.1.0.13:43455|dataStream:|priority:0], old=null, confs=<EMPTY_MAP>
2022-07-12 23:22:37,440 [pool-612-thread-1] INFO  server.RaftServerConfigKeys (ConfUtils.java:logGet(46)) - raft.server.storage.dir = [/home/runner/work/ozone/ozone/hadoop-ozone/integration-test/target/test-dir/MiniOzoneClusterImpl-0e22dd8b-fc59-4669-93e2-f1079baade23/datanode-1/data/ratis] (custom)
2022-07-12 23:22:37,441 [pool-612-thread-1] INFO  server.RaftServerConfigKeys (ConfUtils.java:logGet(46)) - raft.server.log.corruption.policy = EXCEPTION (default)
2022-07-12 23:22:37,441 [pool-612-thread-1] INFO  server.RaftServerConfigKeys (ConfUtils.java:logGet(46)) - raft.server.storage.free-space.min = 0MB (=0) (default)
2022-07-12 23:22:37,441 [pool-612-thread-1] INFO  storage.RaftStorageDirectory (RaftStorageDirectoryImpl.java:analyzeStorage(135)) - The storage directory /home/runner/work/ozone/ozone/hadoop-ozone/integration-test/target/test-dir/MiniOzoneClusterImpl-0e22dd8b-fc59-4669-93e2-f1079baade23/datanode-1/data/ratis/4ffe867c-dafd-41b3-855f-e7d9884b8c54 does not exist. Creating ...
2022-07-12 23:22:37,475 [pool-612-thread-1] INFO  storage.RaftStorageDirectory (RaftStorageDirectoryImpl.java:tryLock(230)) - Lock on /home/runner/work/ozone/ozone/hadoop-ozone/integration-test/target/test-dir/MiniOzoneClusterImpl-0e22dd8b-fc59-4669-93e2-f1079baade23/datanode-1/data/ratis/4ffe867c-dafd-41b3-855f-e7d9884b8c54/in_use.lock acquired by nodename 30948@fv-az46-473
2022-07-12 23:22:37,476 [pool-612-thread-1] INFO  storage.RaftStorage (RaftStorageImpl.java:format(89)) - Storage directory /home/runner/work/ozone/ozone/hadoop-ozone/integration-test/target/test-dir/MiniOzoneClusterImpl-0e22dd8b-fc59-4669-93e2-f1079baade23/datanode-1/data/ratis/4ffe867c-dafd-41b3-855f-e7d9884b8c54 has been successfully formatted.
2022-07-12 23:22:37,514 [pool-612-thread-1] INFO  ratis.ContainerStateMachine (ContainerStateMachine.java:loadSnapshot(236)) - group-E7D9884B8C54: The snapshot info is null. Setting the last applied indexto:(t:0, i:~)
2022-07-12 23:22:37,514 [pool-612-thread-1] INFO  server.RaftServerConfigKeys (ConfUtils.java:logGet(46)) - raft.server.notification.no-leader.timeout = 300s (custom)
2022-07-12 23:22:37,514 [pool-612-thread-1] INFO  server.RaftServerConfigKeys (ConfUtils.java:logGet(46)) - raft.server.log.use.memory = false (default)
2022-07-12 23:22:37,514 [pool-612-thread-1] INFO  server.RaftServerConfigKeys (ConfUtils.java:logGet(46)) - raft.server.log.purge.gap = 1000000 (custom)
2022-07-12 23:22:37,515 [pool-612-thread-1] INFO  server.RaftServerConfigKeys (ConfUtils.java:logGet(46)) - raft.server.log.appender.buffer.byte-limit = 33554432 (custom)
2022-07-12 23:22:37,515 [pool-612-thread-1] INFO  server.RaftServerConfigKeys (ConfUtils.java:logGet(46)) - raft.server.log.statemachine.data.read.timeout = 1000ms (default)
2022-07-12 23:22:37,515 [pool-612-thread-1] INFO  server.RaftServerConfigKeys (ConfUtils.java:logGet(46)) - raft.server.log.segment.size.max = 1048576 (custom)
2022-07-12 23:22:37,515 [pool-612-thread-1] INFO  server.RaftServerConfigKeys (ConfUtils.java:logGet(46)) - raft.server.log.segment.cache.num.max = 2 (custom)
2022-07-12 23:22:37,515 [pool-612-thread-1] INFO  server.RaftServerConfigKeys (ConfUtils.java:logGet(46)) - raft.server.log.segment.cache.size.max = 200MB (=209715200) (default)
2022-07-12 23:22:37,515 [pool-612-thread-1] INFO  segmented.SegmentedRaftLogWorker (SegmentedRaftLogWorker.java:<init>(187)) - new 95d2a9a6-1343-48cb-8e55-18ad167fad0e@group-E7D9884B8C54-SegmentedRaftLogWorker for RaftStorageImpl:Storage Directory /home/runner/work/ozone/ozone/hadoop-ozone/integration-test/target/test-dir/MiniOzoneClusterImpl-0e22dd8b-fc59-4669-93e2-f1079baade23/datanode-1/data/ratis/4ffe867c-dafd-41b3-855f-e7d9884b8c54
2022-07-12 23:22:37,515 [pool-612-thread-1] INFO  server.RaftServerConfigKeys (ConfUtils.java:logGet(46)) - raft.server.log.queue.byte-limit = 4294967296 (custom)
2022-07-12 23:22:37,515 [pool-612-thread-1] INFO  server.RaftServerConfigKeys (ConfUtils.java:logGet(46)) - raft.server.log.queue.element-limit = 1024 (custom)
2022-07-12 23:22:37,515 [pool-612-thread-1] INFO  server.RaftServerConfigKeys (ConfUtils.java:logGet(46)) - raft.server.log.segment.size.max = 1048576 (custom)
2022-07-12 23:22:37,515 [pool-612-thread-1] INFO  server.RaftServerConfigKeys (ConfUtils.java:logGet(46)) - raft.server.log.preallocated.size = 16384 (custom)
2022-07-12 23:22:37,515 [pool-612-thread-1] INFO  server.RaftServerConfigKeys (ConfUtils.java:logGet(46)) - raft.server.log.force.sync.num = 128 (default)
2022-07-12 23:22:37,515 [pool-612-thread-1] INFO  server.RaftServerConfigKeys (ConfUtils.java:logGet(46)) - raft.server.log.statemachine.data.sync = true (default)
2022-07-12 23:22:37,516 [pool-612-thread-1] INFO  server.RaftServerConfigKeys (ConfUtils.java:logGet(46)) - raft.server.log.statemachine.data.sync.timeout = 10s (default)
2022-07-12 23:22:37,516 [pool-612-thread-1] INFO  server.RaftServerConfigKeys (ConfUtils.java:logGet(46)) - raft.server.log.statemachine.data.sync.timeout.retry = -1 (default)
2022-07-12 23:22:37,516 [pool-612-thread-1] INFO  server.RaftServerConfigKeys (ConfUtils.java:logGet(46)) - raft.server.log.write.buffer.size = 1048576 (custom)
2022-07-12 23:22:37,517 [pool-612-thread-1] INFO  server.RaftServerConfigKeys (ConfUtils.java:logGet(46)) - raft.server.log.unsafe-flush.enabled = false (default)
2022-07-12 23:22:37,517 [pool-612-thread-1] INFO  server.RaftServerConfigKeys (ConfUtils.java:logGet(46)) - raft.server.log.statemachine.data.caching.enabled = true (custom)
2022-07-12 23:22:37,517 [pool-612-thread-1] INFO  segmented.SegmentedRaftLogWorker (SegmentedRaftLogWorker.java:lambda$new$0(135)) - 95d2a9a6-1343-48cb-8e55-18ad167fad0e@group-E7D9884B8C54-SegmentedRaftLogWorker: flushIndex: setUnconditionally 0 -> -1
2022-07-12 23:22:37,517 [pool-612-thread-1] INFO  segmented.SegmentedRaftLogWorker (SegmentedRaftLogWorker.java:lambda$new$0(135)) - 95d2a9a6-1343-48cb-8e55-18ad167fad0e@group-E7D9884B8C54-SegmentedRaftLogWorker: safeCacheEvictIndex: setUnconditionally 0 -> -1
2022-07-12 23:22:37,530 [pool-612-thread-1] INFO  server.RaftServerConfigKeys (ConfUtils.java:logGet(46)) - raft.server.snapshot.auto.trigger.enabled = true (custom)
2022-07-12 23:22:37,530 [pool-612-thread-1] INFO  server.RaftServerConfigKeys (ConfUtils.java:logGet(46)) - raft.server.snapshot.auto.trigger.threshold = 10000 (custom)
2022-07-12 23:22:37,530 [pool-612-thread-1] INFO  server.RaftServerConfigKeys (ConfUtils.java:logGet(46)) - raft.server.snapshot.retention.file.num = 5 (custom)
2022-07-12 23:22:37,530 [pool-612-thread-1] INFO  server.RaftServerConfigKeys (ConfUtils.java:logGet(46)) - raft.server.log.purge.upto.snapshot.index = false (default)
2022-07-12 23:22:37,530 [pool-612-thread-1] INFO  server.RaftServerConfigKeys (ConfUtils.java:logGet(46)) - raft.server.retrycache.expirytime = 600000ms (custom)
2022-07-12 23:22:37,530 [pool-612-thread-1] INFO  server.RaftServerConfigKeys (ConfUtils.java:logGet(46)) - raft.server.retrycache.statistics.expirytime = 100μs (default)
2022-07-12 23:22:37,531 [pool-612-thread-1] INFO  server.RaftServerConfigKeys (ConfUtils.java:logGet(46)) - raft.server.log.appender.install.snapshot.enabled = false (custom)
2022-07-12 23:22:37,531 [pool-612-thread-1] INFO  server.RaftServerConfigKeys (ConfUtils.java:logGet(46)) - raft.server.threadpool.server.cached = true (default)
2022-07-12 23:22:37,531 [pool-612-thread-1] INFO  server.RaftServerConfigKeys (ConfUtils.java:logGet(46)) - raft.server.threadpool.server.size = 0 (default)
2022-07-12 23:22:37,531 [pool-612-thread-1] INFO  server.RaftServerConfigKeys (ConfUtils.java:logGet(46)) - raft.server.threadpool.client.cached = true (default)
2022-07-12 23:22:37,531 [pool-612-thread-1] INFO  server.RaftServerConfigKeys (ConfUtils.java:logGet(46)) - raft.server.threadpool.client.size = 0 (default)
2022-07-12 23:22:37,532 [pool-612-thread-1] INFO  server.RaftServer$Division (RaftServerImpl.java:start(310)) - 95d2a9a6-1343-48cb-8e55-18ad167fad0e@group-E7D9884B8C54: start as a follower, conf=-1: [95d2a9a6-1343-48cb-8e55-18ad167fad0e|rpc:10.1.0.13:37471|dataStream:|priority:0, f86a3de6-fa90-4082-aec2-64cbafe88bfb|rpc:10.1.0.13:41481|dataStream:|priority:1, d8f6f594-8e93-48ac-9153-9e8fd018aa2e|rpc:10.1.0.13:43455|dataStream:|priority:0], old=null
2022-07-12 23:22:37,532 [pool-612-thread-1] INFO  server.RaftServer$Division (RaftServerImpl.java:setRole(299)) - 95d2a9a6-1343-48cb-8e55-18ad167fad0e@group-E7D9884B8C54: changes role from      null to FOLLOWER at term 0 for startAsFollower
2022-07-12 23:22:37,532 [pool-612-thread-1] INFO  impl.RoleInfo (RoleInfo.java:updateAndGet(139)) - 95d2a9a6-1343-48cb-8e55-18ad167fad0e: start 95d2a9a6-1343-48cb-8e55-18ad167fad0e@group-E7D9884B8C54-FollowerState
2022-07-12 23:22:37,541 [pool-612-thread-1] INFO  util.JmxRegister (JmxRegister.java:tryRegister(44)) - Successfully registered JMX Bean with object name Ratis:service=RaftServer,group=group-E7D9884B8C54,id=95d2a9a6-1343-48cb-8e55-18ad167fad0e
2022-07-12 23:22:37,685 [grpc-default-executor-0] INFO  server.RaftServer (RaftServerProxy.java:addNew(96)) - d8f6f594-8e93-48ac-9153-9e8fd018aa2e: addNew group-E7D9884B8C54:[95d2a9a6-1343-48cb-8e55-18ad167fad0e|rpc:10.1.0.13:37471|dataStream:|priority:0, f86a3de6-fa90-4082-aec2-64cbafe88bfb|rpc:10.1.0.13:41481|dataStream:|priority:1, d8f6f594-8e93-48ac-9153-9e8fd018aa2e|rpc:10.1.0.13:43455|dataStream:|priority:0] returns group-E7D9884B8C54:java.util.concurrent.CompletableFuture@2c825cdc[Not completed]
2022-07-12 23:22:37,708 [pool-635-thread-1] INFO  server.RaftServer$Division (RaftServerImpl.java:<init>(190)) - d8f6f594-8e93-48ac-9153-9e8fd018aa2e: new RaftServerImpl for group-E7D9884B8C54:[95d2a9a6-1343-48cb-8e55-18ad167fad0e|rpc:10.1.0.13:37471|dataStream:|priority:0, f86a3de6-fa90-4082-aec2-64cbafe88bfb|rpc:10.1.0.13:41481|dataStream:|priority:1, d8f6f594-8e93-48ac-9153-9e8fd018aa2e|rpc:10.1.0.13:43455|dataStream:|priority:0] with ContainerStateMachine:uninitialized
2022-07-12 23:22:37,708 [pool-635-thread-1] INFO  server.RaftServerConfigKeys (ConfUtils.java:logGet(46)) - raft.server.rpc.timeout.min = 5s (custom)
2022-07-12 23:22:37,708 [pool-635-thread-1] INFO  server.RaftServerConfigKeys (ConfUtils.java:logGet(46)) - raft.server.rpc.timeout.max = 5200ms (custom)
2022-07-12 23:22:37,709 [pool-635-thread-1] INFO  server.RaftServerConfigKeys (ConfUtils.java:logGet(46)) - raft.server.rpc.sleep.time = 25ms (default)
2022-07-12 23:22:37,709 [pool-635-thread-1] INFO  server.RaftServerConfigKeys (ConfUtils.java:logGet(46)) - raft.server.rpc.slowness.timeout = 300s (custom)
2022-07-12 23:22:37,709 [pool-635-thread-1] INFO  server.RaftServerConfigKeys (ConfUtils.java:logGet(46)) - raft.server.leaderelection.leader.step-down.wait-time = 10s (default)
2022-07-12 23:22:37,709 [pool-635-thread-1] INFO  server.RaftServerConfigKeys (ConfUtils.java:logGet(46)) - raft.server.sleep.deviation.threshold = 300ms (default)
2022-07-12 23:22:37,709 [pool-635-thread-1] INFO  server.RaftServer$Division (ServerState.java:<init>(107)) - d8f6f594-8e93-48ac-9153-9e8fd018aa2e@group-E7D9884B8C54: ConfigurationManager, init=-1: [95d2a9a6-1343-48cb-8e55-18ad167fad0e|rpc:10.1.0.13:37471|dataStream:|priority:0, f86a3de6-fa90-4082-aec2-64cbafe88bfb|rpc:10.1.0.13:41481|dataStream:|priority:1, d8f6f594-8e93-48ac-9153-9e8fd018aa2e|rpc:10.1.0.13:43455|dataStream:|priority:0], old=null, confs=<EMPTY_MAP>
2022-07-12 23:22:37,709 [pool-635-thread-1] INFO  server.RaftServerConfigKeys (ConfUtils.java:logGet(46)) - raft.server.storage.dir = [/home/runner/work/ozone/ozone/hadoop-ozone/integration-test/target/test-dir/MiniOzoneClusterImpl-0e22dd8b-fc59-4669-93e2-f1079baade23/datanode-2/data/ratis] (custom)
2022-07-12 23:22:37,709 [pool-635-thread-1] INFO  server.RaftServerConfigKeys (ConfUtils.java:logGet(46)) - raft.server.log.corruption.policy = EXCEPTION (default)
2022-07-12 23:22:37,709 [pool-635-thread-1] INFO  server.RaftServerConfigKeys (ConfUtils.java:logGet(46)) - raft.server.storage.free-space.min = 0MB (=0) (default)
2022-07-12 23:22:37,709 [pool-635-thread-1] INFO  storage.RaftStorageDirectory (RaftStorageDirectoryImpl.java:analyzeStorage(135)) - The storage directory /home/runner/work/ozone/ozone/hadoop-ozone/integration-test/target/test-dir/MiniOzoneClusterImpl-0e22dd8b-fc59-4669-93e2-f1079baade23/datanode-2/data/ratis/4ffe867c-dafd-41b3-855f-e7d9884b8c54 does not exist. Creating ...
2022-07-12 23:22:37,711 [pool-635-thread-1] INFO  storage.RaftStorageDirectory (RaftStorageDirectoryImpl.java:tryLock(230)) - Lock on /home/runner/work/ozone/ozone/hadoop-ozone/integration-test/target/test-dir/MiniOzoneClusterImpl-0e22dd8b-fc59-4669-93e2-f1079baade23/datanode-2/data/ratis/4ffe867c-dafd-41b3-855f-e7d9884b8c54/in_use.lock acquired by nodename 30948@fv-az46-473
2022-07-12 23:22:37,723 [pool-635-thread-1] INFO  storage.RaftStorage (RaftStorageImpl.java:format(89)) - Storage directory /home/runner/work/ozone/ozone/hadoop-ozone/integration-test/target/test-dir/MiniOzoneClusterImpl-0e22dd8b-fc59-4669-93e2-f1079baade23/datanode-2/data/ratis/4ffe867c-dafd-41b3-855f-e7d9884b8c54 has been successfully formatted.
2022-07-12 23:22:37,723 [pool-635-thread-1] INFO  ratis.ContainerStateMachine (ContainerStateMachine.java:loadSnapshot(236)) - group-E7D9884B8C54: The snapshot info is null. Setting the last applied indexto:(t:0, i:~)
2022-07-12 23:22:37,731 [pool-635-thread-1] INFO  server.RaftServerConfigKeys (ConfUtils.java:logGet(46)) - raft.server.notification.no-leader.timeout = 300s (custom)
2022-07-12 23:22:37,731 [pool-635-thread-1] INFO  server.RaftServerConfigKeys (ConfUtils.java:logGet(46)) - raft.server.log.use.memory = false (default)
2022-07-12 23:22:37,731 [pool-635-thread-1] INFO  server.RaftServerConfigKeys (ConfUtils.java:logGet(46)) - raft.server.log.purge.gap = 1000000 (custom)
2022-07-12 23:22:37,731 [pool-635-thread-1] INFO  server.RaftServerConfigKeys (ConfUtils.java:logGet(46)) - raft.server.log.appender.buffer.byte-limit = 33554432 (custom)
2022-07-12 23:22:37,731 [pool-635-thread-1] INFO  server.RaftServerConfigKeys (ConfUtils.java:logGet(46)) - raft.server.log.statemachine.data.read.timeout = 1000ms (default)
2022-07-12 23:22:37,731 [pool-635-thread-1] INFO  server.RaftServerConfigKeys (ConfUtils.java:logGet(46)) - raft.server.log.segment.size.max = 1048576 (custom)
2022-07-12 23:22:37,732 [pool-635-thread-1] INFO  server.RaftServerConfigKeys (ConfUtils.java:logGet(46)) - raft.server.log.segment.cache.num.max = 2 (custom)
2022-07-12 23:22:37,732 [pool-635-thread-1] INFO  server.RaftServerConfigKeys (ConfUtils.java:logGet(46)) - raft.server.log.segment.cache.size.max = 200MB (=209715200) (default)
2022-07-12 23:22:37,732 [pool-635-thread-1] INFO  segmented.SegmentedRaftLogWorker (SegmentedRaftLogWorker.java:<init>(187)) - new d8f6f594-8e93-48ac-9153-9e8fd018aa2e@group-E7D9884B8C54-SegmentedRaftLogWorker for RaftStorageImpl:Storage Directory /home/runner/work/ozone/ozone/hadoop-ozone/integration-test/target/test-dir/MiniOzoneClusterImpl-0e22dd8b-fc59-4669-93e2-f1079baade23/datanode-2/data/ratis/4ffe867c-dafd-41b3-855f-e7d9884b8c54
2022-07-12 23:22:37,732 [pool-635-thread-1] INFO  server.RaftServerConfigKeys (ConfUtils.java:logGet(46)) - raft.server.log.queue.byte-limit = 4294967296 (custom)
2022-07-12 23:22:37,734 [pool-635-thread-1] INFO  server.RaftServerConfigKeys (ConfUtils.java:logGet(46)) - raft.server.log.queue.element-limit = 1024 (custom)
2022-07-12 23:22:37,734 [pool-635-thread-1] INFO  server.RaftServerConfigKeys (ConfUtils.java:logGet(46)) - raft.server.log.segment.size.max = 1048576 (custom)
2022-07-12 23:22:37,734 [pool-635-thread-1] INFO  server.RaftServerConfigKeys (ConfUtils.java:logGet(46)) - raft.server.log.preallocated.size = 16384 (custom)
2022-07-12 23:22:37,734 [pool-635-thread-1] INFO  server.RaftServerConfigKeys (ConfUtils.java:logGet(46)) - raft.server.log.force.sync.num = 128 (default)
2022-07-12 23:22:37,734 [pool-635-thread-1] INFO  server.RaftServerConfigKeys (ConfUtils.java:logGet(46)) - raft.server.log.statemachine.data.sync = true (default)
2022-07-12 23:22:37,734 [pool-635-thread-1] INFO  server.RaftServerConfigKeys (ConfUtils.java:logGet(46)) - raft.server.log.statemachine.data.sync.timeout = 10s (default)
2022-07-12 23:22:37,734 [pool-635-thread-1] INFO  server.RaftServerConfigKeys (ConfUtils.java:logGet(46)) - raft.server.log.statemachine.data.sync.timeout.retry = -1 (default)
2022-07-12 23:22:37,735 [pool-635-thread-1] INFO  server.RaftServerConfigKeys (ConfUtils.java:logGet(46)) - raft.server.log.write.buffer.size = 1048576 (custom)
2022-07-12 23:22:37,736 [pool-635-thread-1] INFO  server.RaftServerConfigKeys (ConfUtils.java:logGet(46)) - raft.server.log.unsafe-flush.enabled = false (default)
2022-07-12 23:22:37,736 [pool-635-thread-1] INFO  server.RaftServerConfigKeys (ConfUtils.java:logGet(46)) - raft.server.log.statemachine.data.caching.enabled = true (custom)
2022-07-12 23:22:37,736 [pool-635-thread-1] INFO  segmented.SegmentedRaftLogWorker (SegmentedRaftLogWorker.java:lambda$new$0(135)) - d8f6f594-8e93-48ac-9153-9e8fd018aa2e@group-E7D9884B8C54-SegmentedRaftLogWorker: flushIndex: setUnconditionally 0 -> -1
2022-07-12 23:22:37,736 [pool-635-thread-1] INFO  segmented.SegmentedRaftLogWorker (SegmentedRaftLogWorker.java:lambda$new$0(135)) - d8f6f594-8e93-48ac-9153-9e8fd018aa2e@group-E7D9884B8C54-SegmentedRaftLogWorker: safeCacheEvictIndex: setUnconditionally 0 -> -1
2022-07-12 23:22:37,749 [pool-635-thread-1] INFO  server.RaftServerConfigKeys (ConfUtils.java:logGet(46)) - raft.server.snapshot.auto.trigger.enabled = true (custom)
2022-07-12 23:22:37,749 [pool-635-thread-1] INFO  server.RaftServerConfigKeys (ConfUtils.java:logGet(46)) - raft.server.snapshot.auto.trigger.threshold = 10000 (custom)
2022-07-12 23:22:37,749 [pool-635-thread-1] INFO  server.RaftServerConfigKeys (ConfUtils.java:logGet(46)) - raft.server.snapshot.retention.file.num = 5 (custom)
2022-07-12 23:22:37,749 [pool-635-thread-1] INFO  server.RaftServerConfigKeys (ConfUtils.java:logGet(46)) - raft.server.log.purge.upto.snapshot.index = false (default)
2022-07-12 23:22:37,749 [pool-635-thread-1] INFO  server.RaftServerConfigKeys (ConfUtils.java:logGet(46)) - raft.server.retrycache.expirytime = 600000ms (custom)
2022-07-12 23:22:37,749 [pool-635-thread-1] INFO  server.RaftServerConfigKeys (ConfUtils.java:logGet(46)) - raft.server.retrycache.statistics.expirytime = 100μs (default)
2022-07-12 23:22:37,753 [pool-635-thread-1] INFO  server.RaftServerConfigKeys (ConfUtils.java:logGet(46)) - raft.server.log.appender.install.snapshot.enabled = false (custom)
2022-07-12 23:22:37,753 [pool-635-thread-1] INFO  server.RaftServerConfigKeys (ConfUtils.java:logGet(46)) - raft.server.threadpool.server.cached = true (default)
2022-07-12 23:22:37,753 [pool-635-thread-1] INFO  server.RaftServerConfigKeys (ConfUtils.java:logGet(46)) - raft.server.threadpool.server.size = 0 (default)
2022-07-12 23:22:37,753 [pool-635-thread-1] INFO  server.RaftServerConfigKeys (ConfUtils.java:logGet(46)) - raft.server.threadpool.client.cached = true (default)
2022-07-12 23:22:37,753 [pool-635-thread-1] INFO  server.RaftServerConfigKeys (ConfUtils.java:logGet(46)) - raft.server.threadpool.client.size = 0 (default)
2022-07-12 23:22:37,753 [pool-635-thread-1] INFO  server.RaftServer$Division (RaftServerImpl.java:start(310)) - d8f6f594-8e93-48ac-9153-9e8fd018aa2e@group-E7D9884B8C54: start as a follower, conf=-1: [95d2a9a6-1343-48cb-8e55-18ad167fad0e|rpc:10.1.0.13:37471|dataStream:|priority:0, f86a3de6-fa90-4082-aec2-64cbafe88bfb|rpc:10.1.0.13:41481|dataStream:|priority:1, d8f6f594-8e93-48ac-9153-9e8fd018aa2e|rpc:10.1.0.13:43455|dataStream:|priority:0], old=null
2022-07-12 23:22:37,753 [pool-635-thread-1] INFO  server.RaftServer$Division (RaftServerImpl.java:setRole(299)) - d8f6f594-8e93-48ac-9153-9e8fd018aa2e@group-E7D9884B8C54: changes role from      null to FOLLOWER at term 0 for startAsFollower
2022-07-12 23:22:37,754 [pool-635-thread-1] INFO  impl.RoleInfo (RoleInfo.java:updateAndGet(139)) - d8f6f594-8e93-48ac-9153-9e8fd018aa2e: start d8f6f594-8e93-48ac-9153-9e8fd018aa2e@group-E7D9884B8C54-FollowerState
2022-07-12 23:22:37,755 [pool-635-thread-1] INFO  util.JmxRegister (JmxRegister.java:tryRegister(44)) - Successfully registered JMX Bean with object name Ratis:service=RaftServer,group=group-E7D9884B8C54,id=d8f6f594-8e93-48ac-9153-9e8fd018aa2e
2022-07-12 23:22:37,790 [Command processor thread] INFO  commandhandler.CreatePipelineCommandHandler (CreatePipelineCommandHandler.java:handle(113)) - Created Pipeline RATIS THREE PipelineID=4ffe867c-dafd-41b3-855f-e7d9884b8c54.
2022-07-12 23:22:37,790 [Command processor thread] INFO  server.RaftServer (RaftServerProxy.java:addNew(96)) - f86a3de6-fa90-4082-aec2-64cbafe88bfb: addNew group-D045DBB7FC30:[95d2a9a6-1343-48cb-8e55-18ad167fad0e|rpc:10.1.0.13:37471|priority:1, f86a3de6-fa90-4082-aec2-64cbafe88bfb|rpc:10.1.0.13:41481|priority:0, d8f6f594-8e93-48ac-9153-9e8fd018aa2e|rpc:10.1.0.13:43455|priority:0] returns group-D045DBB7FC30:java.util.concurrent.CompletableFuture@1327ed20[Not completed]
2022-07-12 23:22:37,791 [pool-589-thread-1] INFO  server.RaftServer$Division (RaftServerImpl.java:<init>(190)) - f86a3de6-fa90-4082-aec2-64cbafe88bfb: new RaftServerImpl for group-D045DBB7FC30:[95d2a9a6-1343-48cb-8e55-18ad167fad0e|rpc:10.1.0.13:37471|priority:1, f86a3de6-fa90-4082-aec2-64cbafe88bfb|rpc:10.1.0.13:41481|priority:0, d8f6f594-8e93-48ac-9153-9e8fd018aa2e|rpc:10.1.0.13:43455|priority:0] with ContainerStateMachine:uninitialized
2022-07-12 23:22:37,791 [pool-589-thread-1] INFO  server.RaftServerConfigKeys (ConfUtils.java:logGet(46)) - raft.server.rpc.timeout.min = 5s (custom)
2022-07-12 23:22:37,791 [pool-589-thread-1] INFO  server.RaftServerConfigKeys (ConfUtils.java:logGet(46)) - raft.server.rpc.timeout.max = 5200ms (custom)
2022-07-12 23:22:37,791 [pool-589-thread-1] INFO  server.RaftServerConfigKeys (ConfUtils.java:logGet(46)) - raft.server.rpc.sleep.time = 25ms (default)
2022-07-12 23:22:37,791 [pool-589-thread-1] INFO  server.RaftServerConfigKeys (ConfUtils.java:logGet(46)) - raft.server.rpc.slowness.timeout = 300s (custom)
2022-07-12 23:22:37,791 [pool-589-thread-1] INFO  server.RaftServerConfigKeys (ConfUtils.java:logGet(46)) - raft.server.leaderelection.leader.step-down.wait-time = 10s (default)
2022-07-12 23:22:37,791 [pool-589-thread-1] INFO  server.RaftServerConfigKeys (ConfUtils.java:logGet(46)) - raft.server.sleep.deviation.threshold = 300ms (default)
2022-07-12 23:22:37,791 [pool-589-thread-1] INFO  server.RaftServer$Division (ServerState.java:<init>(107)) - f86a3de6-fa90-4082-aec2-64cbafe88bfb@group-D045DBB7FC30: ConfigurationManager, init=-1: [95d2a9a6-1343-48cb-8e55-18ad167fad0e|rpc:10.1.0.13:37471|priority:1, f86a3de6-fa90-4082-aec2-64cbafe88bfb|rpc:10.1.0.13:41481|priority:0, d8f6f594-8e93-48ac-9153-9e8fd018aa2e|rpc:10.1.0.13:43455|priority:0], old=null, confs=<EMPTY_MAP>
2022-07-12 23:22:37,791 [pool-589-thread-1] INFO  server.RaftServerConfigKeys (ConfUtils.java:logGet(46)) - raft.server.storage.dir = [/home/runner/work/ozone/ozone/hadoop-ozone/integration-test/target/test-dir/MiniOzoneClusterImpl-0e22dd8b-fc59-4669-93e2-f1079baade23/datanode-0/data/ratis] (custom)
2022-07-12 23:22:37,792 [pool-589-thread-1] INFO  server.RaftServerConfigKeys (ConfUtils.java:logGet(46)) - raft.server.log.corruption.policy = EXCEPTION (default)
2022-07-12 23:22:37,792 [pool-589-thread-1] INFO  server.RaftServerConfigKeys (ConfUtils.java:logGet(46)) - raft.server.storage.free-space.min = 0MB (=0) (default)
2022-07-12 23:22:37,792 [pool-589-thread-1] INFO  storage.RaftStorageDirectory (RaftStorageDirectoryImpl.java:analyzeStorage(135)) - The storage directory /home/runner/work/ozone/ozone/hadoop-ozone/integration-test/target/test-dir/MiniOzoneClusterImpl-0e22dd8b-fc59-4669-93e2-f1079baade23/datanode-0/data/ratis/582bac8a-4f73-4262-8996-d045dbb7fc30 does not exist. Creating ...
2022-07-12 23:22:37,793 [pool-589-thread-1] INFO  storage.RaftStorageDirectory (RaftStorageDirectoryImpl.java:tryLock(230)) - Lock on /home/runner/work/ozone/ozone/hadoop-ozone/integration-test/target/test-dir/MiniOzoneClusterImpl-0e22dd8b-fc59-4669-93e2-f1079baade23/datanode-0/data/ratis/582bac8a-4f73-4262-8996-d045dbb7fc30/in_use.lock acquired by nodename 30948@fv-az46-473
2022-07-12 23:22:37,795 [pool-589-thread-1] INFO  storage.RaftStorage (RaftStorageImpl.java:format(89)) - Storage directory /home/runner/work/ozone/ozone/hadoop-ozone/integration-test/target/test-dir/MiniOzoneClusterImpl-0e22dd8b-fc59-4669-93e2-f1079baade23/datanode-0/data/ratis/582bac8a-4f73-4262-8996-d045dbb7fc30 has been successfully formatted.
2022-07-12 23:22:37,795 [pool-589-thread-1] INFO  ratis.ContainerStateMachine (ContainerStateMachine.java:loadSnapshot(236)) - group-D045DBB7FC30: The snapshot info is null. Setting the last applied indexto:(t:0, i:~)
2022-07-12 23:22:37,795 [pool-589-thread-1] INFO  server.RaftServerConfigKeys (ConfUtils.java:logGet(46)) - raft.server.notification.no-leader.timeout = 300s (custom)
2022-07-12 23:22:37,795 [pool-589-thread-1] INFO  server.RaftServerConfigKeys (ConfUtils.java:logGet(46)) - raft.server.log.use.memory = false (default)
2022-07-12 23:22:37,796 [pool-589-thread-1] INFO  server.RaftServerConfigKeys (ConfUtils.java:logGet(46)) - raft.server.log.purge.gap = 1000000 (custom)
2022-07-12 23:22:37,796 [pool-589-thread-1] INFO  server.RaftServerConfigKeys (ConfUtils.java:logGet(46)) - raft.server.log.appender.buffer.byte-limit = 33554432 (custom)
2022-07-12 23:22:37,796 [pool-589-thread-1] INFO  server.RaftServerConfigKeys (ConfUtils.java:logGet(46)) - raft.server.log.statemachine.data.read.timeout = 1000ms (default)
2022-07-12 23:22:37,796 [pool-589-thread-1] INFO  server.RaftServerConfigKeys (ConfUtils.java:logGet(46)) - raft.server.log.segment.size.max = 1048576 (custom)
2022-07-12 23:22:37,796 [pool-589-thread-1] INFO  server.RaftServerConfigKeys (ConfUtils.java:logGet(46)) - raft.server.log.segment.cache.num.max = 2 (custom)
2022-07-12 23:22:37,796 [pool-589-thread-1] INFO  server.RaftServerConfigKeys (ConfUtils.java:logGet(46)) - raft.server.log.segment.cache.size.max = 200MB (=209715200) (default)
2022-07-12 23:22:37,796 [pool-589-thread-1] INFO  segmented.SegmentedRaftLogWorker (SegmentedRaftLogWorker.java:<init>(187)) - new f86a3de6-fa90-4082-aec2-64cbafe88bfb@group-D045DBB7FC30-SegmentedRaftLogWorker for RaftStorageImpl:Storage Directory /home/runner/work/ozone/ozone/hadoop-ozone/integration-test/target/test-dir/MiniOzoneClusterImpl-0e22dd8b-fc59-4669-93e2-f1079baade23/datanode-0/data/ratis/582bac8a-4f73-4262-8996-d045dbb7fc30
2022-07-12 23:22:37,796 [pool-589-thread-1] INFO  server.RaftServerConfigKeys (ConfUtils.java:logGet(46)) - raft.server.log.queue.byte-limit = 4294967296 (custom)
2022-07-12 23:22:37,796 [pool-589-thread-1] INFO  server.RaftServerConfigKeys (ConfUtils.java:logGet(46)) - raft.server.log.queue.element-limit = 1024 (custom)
2022-07-12 23:22:37,796 [pool-589-thread-1] INFO  server.RaftServerConfigKeys (ConfUtils.java:logGet(46)) - raft.server.log.segment.size.max = 1048576 (custom)
2022-07-12 23:22:37,796 [pool-589-thread-1] INFO  server.RaftServerConfigKeys (ConfUtils.java:logGet(46)) - raft.server.log.preallocated.size = 16384 (custom)
2022-07-12 23:22:37,796 [pool-589-thread-1] INFO  server.RaftServerConfigKeys (ConfUtils.java:logGet(46)) - raft.server.log.force.sync.num = 128 (default)
2022-07-12 23:22:37,796 [pool-589-thread-1] INFO  server.RaftServerConfigKeys (ConfUtils.java:logGet(46)) - raft.server.log.statemachine.data.sync = true (default)
2022-07-12 23:22:37,796 [pool-589-thread-1] INFO  server.RaftServerConfigKeys (ConfUtils.java:logGet(46)) - raft.server.log.statemachine.data.sync.timeout = 10s (default)
2022-07-12 23:22:37,797 [pool-589-thread-1] INFO  server.RaftServerConfigKeys (ConfUtils.java:logGet(46)) - raft.server.log.statemachine.data.sync.timeout.retry = -1 (default)
2022-07-12 23:22:37,797 [pool-589-thread-1] INFO  server.RaftServerConfigKeys (ConfUtils.java:logGet(46)) - raft.server.log.write.buffer.size = 1048576 (custom)
2022-07-12 23:22:37,798 [pool-589-thread-1] INFO  server.RaftServerConfigKeys (ConfUtils.java:logGet(46)) - raft.server.log.unsafe-flush.enabled = false (default)
2022-07-12 23:22:37,798 [pool-589-thread-1] INFO  server.RaftServerConfigKeys (ConfUtils.java:logGet(46)) - raft.server.log.statemachine.data.caching.enabled = true (custom)
2022-07-12 23:22:37,798 [pool-589-thread-1] INFO  segmented.SegmentedRaftLogWorker (SegmentedRaftLogWorker.java:lambda$new$0(135)) - f86a3de6-fa90-4082-aec2-64cbafe88bfb@group-D045DBB7FC30-SegmentedRaftLogWorker: flushIndex: setUnconditionally 0 -> -1
2022-07-12 23:22:37,798 [pool-589-thread-1] INFO  segmented.SegmentedRaftLogWorker (SegmentedRaftLogWorker.java:lambda$new$0(135)) - f86a3de6-fa90-4082-aec2-64cbafe88bfb@group-D045DBB7FC30-SegmentedRaftLogWorker: safeCacheEvictIndex: setUnconditionally 0 -> -1
2022-07-12 23:22:37,799 [EventQueue-OpenPipelineForHealthyPipelineSafeModeRule] INFO  safemode.SCMSafeModeManager (HealthyPipelineSafeModeRule.java:process(137)) - SCM in safe mode. Healthy pipelines reported count is 0, required healthy pipeline reported count is 1
2022-07-12 23:22:37,804 [pool-589-thread-1] INFO  server.RaftServerConfigKeys (ConfUtils.java:logGet(46)) - raft.server.snapshot.auto.trigger.enabled = true (custom)
2022-07-12 23:22:37,804 [pool-589-thread-1] INFO  server.RaftServerConfigKeys (ConfUtils.java:logGet(46)) - raft.server.snapshot.auto.trigger.threshold = 10000 (custom)
2022-07-12 23:22:37,804 [pool-589-thread-1] INFO  server.RaftServerConfigKeys (ConfUtils.java:logGet(46)) - raft.server.snapshot.retention.file.num = 5 (custom)
2022-07-12 23:22:37,804 [pool-589-thread-1] INFO  server.RaftServerConfigKeys (ConfUtils.java:logGet(46)) - raft.server.log.purge.upto.snapshot.index = false (default)
2022-07-12 23:22:37,804 [pool-589-thread-1] INFO  server.RaftServerConfigKeys (ConfUtils.java:logGet(46)) - raft.server.retrycache.expirytime = 600000ms (custom)
2022-07-12 23:22:37,804 [pool-589-thread-1] INFO  server.RaftServerConfigKeys (ConfUtils.java:logGet(46)) - raft.server.retrycache.statistics.expirytime = 100μs (default)
2022-07-12 23:22:37,821 [pool-589-thread-1] INFO  server.RaftServerConfigKeys (ConfUtils.java:logGet(46)) - raft.server.log.appender.install.snapshot.enabled = false (custom)
2022-07-12 23:22:37,821 [pool-589-thread-1] INFO  server.RaftServerConfigKeys (ConfUtils.java:logGet(46)) - raft.server.threadpool.server.cached = true (default)
2022-07-12 23:22:37,821 [pool-589-thread-1] INFO  server.RaftServerConfigKeys (ConfUtils.java:logGet(46)) - raft.server.threadpool.server.size = 0 (default)
2022-07-12 23:22:37,821 [pool-589-thread-1] INFO  server.RaftServerConfigKeys (ConfUtils.java:logGet(46)) - raft.server.threadpool.client.cached = true (default)
2022-07-12 23:22:37,821 [pool-589-thread-1] INFO  server.RaftServerConfigKeys (ConfUtils.java:logGet(46)) - raft.server.threadpool.client.size = 0 (default)
2022-07-12 23:22:37,821 [pool-589-thread-1] INFO  server.RaftServer$Division (RaftServerImpl.java:start(310)) - f86a3de6-fa90-4082-aec2-64cbafe88bfb@group-D045DBB7FC30: start as a follower, conf=-1: [95d2a9a6-1343-48cb-8e55-18ad167fad0e|rpc:10.1.0.13:37471|priority:1, f86a3de6-fa90-4082-aec2-64cbafe88bfb|rpc:10.1.0.13:41481|priority:0, d8f6f594-8e93-48ac-9153-9e8fd018aa2e|rpc:10.1.0.13:43455|priority:0], old=null
2022-07-12 23:22:37,821 [pool-589-thread-1] INFO  server.RaftServer$Division (RaftServerImpl.java:setRole(299)) - f86a3de6-fa90-4082-aec2-64cbafe88bfb@group-D045DBB7FC30: changes role from      null to FOLLOWER at term 0 for startAsFollower
2022-07-12 23:22:37,822 [pool-589-thread-1] INFO  impl.RoleInfo (RoleInfo.java:updateAndGet(139)) - f86a3de6-fa90-4082-aec2-64cbafe88bfb: start f86a3de6-fa90-4082-aec2-64cbafe88bfb@group-D045DBB7FC30-FollowerState
2022-07-12 23:22:37,823 [pool-589-thread-1] INFO  util.JmxRegister (JmxRegister.java:tryRegister(44)) - Successfully registered JMX Bean with object name Ratis:service=RaftServer,group=group-D045DBB7FC30,id=f86a3de6-fa90-4082-aec2-64cbafe88bfb
2022-07-12 23:22:37,829 [Command processor thread] INFO  ratis.XceiverServerRatis (XceiverServerRatis.java:addGroup(765)) - Created group PipelineID=582bac8a-4f73-4262-8996-d045dbb7fc30
2022-07-12 23:22:37,864 [grpc-default-executor-0] INFO  server.RaftServer (RaftServerProxy.java:addNew(96)) - 95d2a9a6-1343-48cb-8e55-18ad167fad0e: addNew group-D045DBB7FC30:[95d2a9a6-1343-48cb-8e55-18ad167fad0e|rpc:10.1.0.13:37471|dataStream:|priority:1, f86a3de6-fa90-4082-aec2-64cbafe88bfb|rpc:10.1.0.13:41481|dataStream:|priority:0, d8f6f594-8e93-48ac-9153-9e8fd018aa2e|rpc:10.1.0.13:43455|dataStream:|priority:0] returns group-D045DBB7FC30:java.util.concurrent.CompletableFuture@176b37fc[Not completed]
2022-07-12 23:22:37,865 [pool-612-thread-1] INFO  server.RaftServer$Division (RaftServerImpl.java:<init>(190)) - 95d2a9a6-1343-48cb-8e55-18ad167fad0e: new RaftServerImpl for group-D045DBB7FC30:[95d2a9a6-1343-48cb-8e55-18ad167fad0e|rpc:10.1.0.13:37471|dataStream:|priority:1, f86a3de6-fa90-4082-aec2-64cbafe88bfb|rpc:10.1.0.13:41481|dataStream:|priority:0, d8f6f594-8e93-48ac-9153-9e8fd018aa2e|rpc:10.1.0.13:43455|dataStream:|priority:0] with ContainerStateMachine:uninitialized
2022-07-12 23:22:37,865 [pool-612-thread-1] INFO  server.RaftServerConfigKeys (ConfUtils.java:logGet(46)) - raft.server.rpc.timeout.min = 5s (custom)
2022-07-12 23:22:37,866 [pool-612-thread-1] INFO  server.RaftServerConfigKeys (ConfUtils.java:logGet(46)) - raft.server.rpc.timeout.max = 5200ms (custom)
2022-07-12 23:22:37,866 [pool-612-thread-1] INFO  server.RaftServerConfigKeys (ConfUtils.java:logGet(46)) - raft.server.rpc.sleep.time = 25ms (default)
2022-07-12 23:22:37,866 [pool-612-thread-1] INFO  server.RaftServerConfigKeys (ConfUtils.java:logGet(46)) - raft.server.rpc.slowness.timeout = 300s (custom)
2022-07-12 23:22:37,866 [pool-612-thread-1] INFO  server.RaftServerConfigKeys (ConfUtils.java:logGet(46)) - raft.server.leaderelection.leader.step-down.wait-time = 10s (default)
2022-07-12 23:22:37,866 [pool-612-thread-1] INFO  server.RaftServerConfigKeys (ConfUtils.java:logGet(46)) - raft.server.sleep.deviation.threshold = 300ms (default)
2022-07-12 23:22:37,866 [pool-612-thread-1] INFO  server.RaftServer$Division (ServerState.java:<init>(107)) - 95d2a9a6-1343-48cb-8e55-18ad167fad0e@group-D045DBB7FC30: ConfigurationManager, init=-1: [95d2a9a6-1343-48cb-8e55-18ad167fad0e|rpc:10.1.0.13:37471|dataStream:|priority:1, f86a3de6-fa90-4082-aec2-64cbafe88bfb|rpc:10.1.0.13:41481|dataStream:|priority:0, d8f6f594-8e93-48ac-9153-9e8fd018aa2e|rpc:10.1.0.13:43455|dataStream:|priority:0], old=null, confs=<EMPTY_MAP>
2022-07-12 23:22:37,866 [pool-612-thread-1] INFO  server.RaftServerConfigKeys (ConfUtils.java:logGet(46)) - raft.server.storage.dir = [/home/runner/work/ozone/ozone/hadoop-ozone/integration-test/target/test-dir/MiniOzoneClusterImpl-0e22dd8b-fc59-4669-93e2-f1079baade23/datanode-1/data/ratis] (custom)
2022-07-12 23:22:37,866 [pool-612-thread-1] INFO  server.RaftServerConfigKeys (ConfUtils.java:logGet(46)) - raft.server.log.corruption.policy = EXCEPTION (default)
2022-07-12 23:22:37,866 [pool-612-thread-1] INFO  server.RaftServerConfigKeys (ConfUtils.java:logGet(46)) - raft.server.storage.free-space.min = 0MB (=0) (default)
2022-07-12 23:22:37,866 [pool-612-thread-1] INFO  storage.RaftStorageDirectory (RaftStorageDirectoryImpl.java:analyzeStorage(135)) - The storage directory /home/runner/work/ozone/ozone/hadoop-ozone/integration-test/target/test-dir/MiniOzoneClusterImpl-0e22dd8b-fc59-4669-93e2-f1079baade23/datanode-1/data/ratis/582bac8a-4f73-4262-8996-d045dbb7fc30 does not exist. Creating ...
2022-07-12 23:22:37,867 [pool-612-thread-1] INFO  storage.RaftStorageDirectory (RaftStorageDirectoryImpl.java:tryLock(230)) - Lock on /home/runner/work/ozone/ozone/hadoop-ozone/integration-test/target/test-dir/MiniOzoneClusterImpl-0e22dd8b-fc59-4669-93e2-f1079baade23/datanode-1/data/ratis/582bac8a-4f73-4262-8996-d045dbb7fc30/in_use.lock acquired by nodename 30948@fv-az46-473
2022-07-12 23:22:37,877 [pool-612-thread-1] INFO  storage.RaftStorage (RaftStorageImpl.java:format(89)) - Storage directory /home/runner/work/ozone/ozone/hadoop-ozone/integration-test/target/test-dir/MiniOzoneClusterImpl-0e22dd8b-fc59-4669-93e2-f1079baade23/datanode-1/data/ratis/582bac8a-4f73-4262-8996-d045dbb7fc30 has been successfully formatted.
2022-07-12 23:22:37,877 [pool-612-thread-1] INFO  ratis.ContainerStateMachine (ContainerStateMachine.java:loadSnapshot(236)) - group-D045DBB7FC30: The snapshot info is null. Setting the last applied indexto:(t:0, i:~)
2022-07-12 23:22:37,877 [pool-612-thread-1] INFO  server.RaftServerConfigKeys (ConfUtils.java:logGet(46)) - raft.server.notification.no-leader.timeout = 300s (custom)
2022-07-12 23:22:37,877 [pool-612-thread-1] INFO  server.RaftServerConfigKeys (ConfUtils.java:logGet(46)) - raft.server.log.use.memory = false (default)
2022-07-12 23:22:37,877 [pool-612-thread-1] INFO  server.RaftServerConfigKeys (ConfUtils.java:logGet(46)) - raft.server.log.purge.gap = 1000000 (custom)
2022-07-12 23:22:37,878 [pool-612-thread-1] INFO  server.RaftServerConfigKeys (ConfUtils.java:logGet(46)) - raft.server.log.appender.buffer.byte-limit = 33554432 (custom)
2022-07-12 23:22:37,878 [pool-612-thread-1] INFO  server.RaftServerConfigKeys (ConfUtils.java:logGet(46)) - raft.server.log.statemachine.data.read.timeout = 1000ms (default)
2022-07-12 23:22:37,878 [pool-612-thread-1] INFO  server.RaftServerConfigKeys (ConfUtils.java:logGet(46)) - raft.server.log.segment.size.max = 1048576 (custom)
2022-07-12 23:22:37,878 [pool-612-thread-1] INFO  server.RaftServerConfigKeys (ConfUtils.java:logGet(46)) - raft.server.log.segment.cache.num.max = 2 (custom)
2022-07-12 23:22:37,878 [pool-612-thread-1] INFO  server.RaftServerConfigKeys (ConfUtils.java:logGet(46)) - raft.server.log.segment.cache.size.max = 200MB (=209715200) (default)
2022-07-12 23:22:37,878 [pool-612-thread-1] INFO  segmented.SegmentedRaftLogWorker (SegmentedRaftLogWorker.java:<init>(187)) - new 95d2a9a6-1343-48cb-8e55-18ad167fad0e@group-D045DBB7FC30-SegmentedRaftLogWorker for RaftStorageImpl:Storage Directory /home/runner/work/ozone/ozone/hadoop-ozone/integration-test/target/test-dir/MiniOzoneClusterImpl-0e22dd8b-fc59-4669-93e2-f1079baade23/datanode-1/data/ratis/582bac8a-4f73-4262-8996-d045dbb7fc30
2022-07-12 23:22:37,878 [pool-612-thread-1] INFO  server.RaftServerConfigKeys (ConfUtils.java:logGet(46)) - raft.server.log.queue.byte-limit = 4294967296 (custom)
2022-07-12 23:22:37,878 [pool-612-thread-1] INFO  server.RaftServerConfigKeys (ConfUtils.java:logGet(46)) - raft.server.log.queue.element-limit = 1024 (custom)
2022-07-12 23:22:37,878 [pool-612-thread-1] INFO  server.RaftServerConfigKeys (ConfUtils.java:logGet(46)) - raft.server.log.segment.size.max = 1048576 (custom)
2022-07-12 23:22:37,878 [pool-612-thread-1] INFO  server.RaftServerConfigKeys (ConfUtils.java:logGet(46)) - raft.server.log.preallocated.size = 16384 (custom)
2022-07-12 23:22:37,879 [pool-612-thread-1] INFO  server.RaftServerConfigKeys (ConfUtils.java:logGet(46)) - raft.server.log.force.sync.num = 128 (default)
2022-07-12 23:22:37,879 [pool-612-thread-1] INFO  server.RaftServerConfigKeys (ConfUtils.java:logGet(46)) - raft.server.log.statemachine.data.sync = true (default)
2022-07-12 23:22:37,879 [pool-612-thread-1] INFO  server.RaftServerConfigKeys (ConfUtils.java:logGet(46)) - raft.server.log.statemachine.data.sync.timeout = 10s (default)
2022-07-12 23:22:37,879 [pool-612-thread-1] INFO  server.RaftServerConfigKeys (ConfUtils.java:logGet(46)) - raft.server.log.statemachine.data.sync.timeout.retry = -1 (default)
2022-07-12 23:22:37,879 [pool-612-thread-1] INFO  server.RaftServerConfigKeys (ConfUtils.java:logGet(46)) - raft.server.log.write.buffer.size = 1048576 (custom)
2022-07-12 23:22:37,880 [pool-612-thread-1] INFO  server.RaftServerConfigKeys (ConfUtils.java:logGet(46)) - raft.server.log.unsafe-flush.enabled = false (default)
2022-07-12 23:22:37,880 [pool-612-thread-1] INFO  server.RaftServerConfigKeys (ConfUtils.java:logGet(46)) - raft.server.log.statemachine.data.caching.enabled = true (custom)
2022-07-12 23:22:37,880 [pool-612-thread-1] INFO  segmented.SegmentedRaftLogWorker (SegmentedRaftLogWorker.java:lambda$new$0(135)) - 95d2a9a6-1343-48cb-8e55-18ad167fad0e@group-D045DBB7FC30-SegmentedRaftLogWorker: flushIndex: setUnconditionally 0 -> -1
2022-07-12 23:22:37,880 [pool-612-thread-1] INFO  segmented.SegmentedRaftLogWorker (SegmentedRaftLogWorker.java:lambda$new$0(135)) - 95d2a9a6-1343-48cb-8e55-18ad167fad0e@group-D045DBB7FC30-SegmentedRaftLogWorker: safeCacheEvictIndex: setUnconditionally 0 -> -1
2022-07-12 23:22:37,883 [pool-612-thread-1] INFO  server.RaftServerConfigKeys (ConfUtils.java:logGet(46)) - raft.server.snapshot.auto.trigger.enabled = true (custom)
2022-07-12 23:22:37,883 [pool-612-thread-1] INFO  server.RaftServerConfigKeys (ConfUtils.java:logGet(46)) - raft.server.snapshot.auto.trigger.threshold = 10000 (custom)
2022-07-12 23:22:37,883 [pool-612-thread-1] INFO  server.RaftServerConfigKeys (ConfUtils.java:logGet(46)) - raft.server.snapshot.retention.file.num = 5 (custom)
2022-07-12 23:22:37,883 [pool-612-thread-1] INFO  server.RaftServerConfigKeys (ConfUtils.java:logGet(46)) - raft.server.log.purge.upto.snapshot.index = false (default)
2022-07-12 23:22:37,883 [pool-612-thread-1] INFO  server.RaftServerConfigKeys (ConfUtils.java:logGet(46)) - raft.server.retrycache.expirytime = 600000ms (custom)
2022-07-12 23:22:37,883 [pool-612-thread-1] INFO  server.RaftServerConfigKeys (ConfUtils.java:logGet(46)) - raft.server.retrycache.statistics.expirytime = 100μs (default)
2022-07-12 23:22:37,884 [pool-612-thread-1] INFO  server.RaftServerConfigKeys (ConfUtils.java:logGet(46)) - raft.server.log.appender.install.snapshot.enabled = false (custom)
2022-07-12 23:22:37,884 [pool-612-thread-1] INFO  server.RaftServerConfigKeys (ConfUtils.java:logGet(46)) - raft.server.threadpool.server.cached = true (default)
2022-07-12 23:22:37,884 [pool-612-thread-1] INFO  server.RaftServerConfigKeys (ConfUtils.java:logGet(46)) - raft.server.threadpool.server.size = 0 (default)
2022-07-12 23:22:37,884 [pool-612-thread-1] INFO  server.RaftServerConfigKeys (ConfUtils.java:logGet(46)) - raft.server.threadpool.client.cached = true (default)
2022-07-12 23:22:37,884 [pool-612-thread-1] INFO  server.RaftServerConfigKeys (ConfUtils.java:logGet(46)) - raft.server.threadpool.client.size = 0 (default)
2022-07-12 23:22:37,884 [pool-612-thread-1] INFO  server.RaftServer$Division (RaftServerImpl.java:start(310)) - 95d2a9a6-1343-48cb-8e55-18ad167fad0e@group-D045DBB7FC30: start as a follower, conf=-1: [95d2a9a6-1343-48cb-8e55-18ad167fad0e|rpc:10.1.0.13:37471|dataStream:|priority:1, f86a3de6-fa90-4082-aec2-64cbafe88bfb|rpc:10.1.0.13:41481|dataStream:|priority:0, d8f6f594-8e93-48ac-9153-9e8fd018aa2e|rpc:10.1.0.13:43455|dataStream:|priority:0], old=null
2022-07-12 23:22:37,884 [pool-612-thread-1] INFO  server.RaftServer$Division (RaftServerImpl.java:setRole(299)) - 95d2a9a6-1343-48cb-8e55-18ad167fad0e@group-D045DBB7FC30: changes role from      null to FOLLOWER at term 0 for startAsFollower
2022-07-12 23:22:37,884 [pool-612-thread-1] INFO  impl.RoleInfo (RoleInfo.java:updateAndGet(139)) - 95d2a9a6-1343-48cb-8e55-18ad167fad0e: start 95d2a9a6-1343-48cb-8e55-18ad167fad0e@group-D045DBB7FC30-FollowerState
2022-07-12 23:22:37,889 [pool-612-thread-1] INFO  util.JmxRegister (JmxRegister.java:tryRegister(44)) - Successfully registered JMX Bean with object name Ratis:service=RaftServer,group=group-D045DBB7FC30,id=95d2a9a6-1343-48cb-8e55-18ad167fad0e
2022-07-12 23:22:37,940 [grpc-default-executor-0] INFO  server.RaftServer (RaftServerProxy.java:addNew(96)) - d8f6f594-8e93-48ac-9153-9e8fd018aa2e: addNew group-D045DBB7FC30:[95d2a9a6-1343-48cb-8e55-18ad167fad0e|rpc:10.1.0.13:37471|dataStream:|priority:1, f86a3de6-fa90-4082-aec2-64cbafe88bfb|rpc:10.1.0.13:41481|dataStream:|priority:0, d8f6f594-8e93-48ac-9153-9e8fd018aa2e|rpc:10.1.0.13:43455|dataStream:|priority:0] returns group-D045DBB7FC30:java.util.concurrent.CompletableFuture@5cc2a54a[Not completed]
2022-07-12 23:22:37,941 [pool-635-thread-1] INFO  server.RaftServer$Division (RaftServerImpl.java:<init>(190)) - d8f6f594-8e93-48ac-9153-9e8fd018aa2e: new RaftServerImpl for group-D045DBB7FC30:[95d2a9a6-1343-48cb-8e55-18ad167fad0e|rpc:10.1.0.13:37471|dataStream:|priority:1, f86a3de6-fa90-4082-aec2-64cbafe88bfb|rpc:10.1.0.13:41481|dataStream:|priority:0, d8f6f594-8e93-48ac-9153-9e8fd018aa2e|rpc:10.1.0.13:43455|dataStream:|priority:0] with ContainerStateMachine:uninitialized
2022-07-12 23:22:37,942 [pool-635-thread-1] INFO  server.RaftServerConfigKeys (ConfUtils.java:logGet(46)) - raft.server.rpc.timeout.min = 5s (custom)
2022-07-12 23:22:37,942 [pool-635-thread-1] INFO  server.RaftServerConfigKeys (ConfUtils.java:logGet(46)) - raft.server.rpc.timeout.max = 5200ms (custom)
2022-07-12 23:22:37,942 [pool-635-thread-1] INFO  server.RaftServerConfigKeys (ConfUtils.java:logGet(46)) - raft.server.rpc.sleep.time = 25ms (default)
2022-07-12 23:22:37,942 [pool-635-thread-1] INFO  server.RaftServerConfigKeys (ConfUtils.java:logGet(46)) - raft.server.rpc.slowness.timeout = 300s (custom)
2022-07-12 23:22:37,942 [pool-635-thread-1] INFO  server.RaftServerConfigKeys (ConfUtils.java:logGet(46)) - raft.server.leaderelection.leader.step-down.wait-time = 10s (default)
2022-07-12 23:22:37,942 [pool-635-thread-1] INFO  server.RaftServerConfigKeys (ConfUtils.java:logGet(46)) - raft.server.sleep.deviation.threshold = 300ms (default)
2022-07-12 23:22:37,942 [pool-635-thread-1] INFO  server.RaftServer$Division (ServerState.java:<init>(107)) - d8f6f594-8e93-48ac-9153-9e8fd018aa2e@group-D045DBB7FC30: ConfigurationManager, init=-1: [95d2a9a6-1343-48cb-8e55-18ad167fad0e|rpc:10.1.0.13:37471|dataStream:|priority:1, f86a3de6-fa90-4082-aec2-64cbafe88bfb|rpc:10.1.0.13:41481|dataStream:|priority:0, d8f6f594-8e93-48ac-9153-9e8fd018aa2e|rpc:10.1.0.13:43455|dataStream:|priority:0], old=null, confs=<EMPTY_MAP>
2022-07-12 23:22:37,942 [pool-635-thread-1] INFO  server.RaftServerConfigKeys (ConfUtils.java:logGet(46)) - raft.server.storage.dir = [/home/runner/work/ozone/ozone/hadoop-ozone/integration-test/target/test-dir/MiniOzoneClusterImpl-0e22dd8b-fc59-4669-93e2-f1079baade23/datanode-2/data/ratis] (custom)
2022-07-12 23:22:37,942 [pool-635-thread-1] INFO  server.RaftServerConfigKeys (ConfUtils.java:logGet(46)) - raft.server.log.corruption.policy = EXCEPTION (default)
2022-07-12 23:22:37,942 [pool-635-thread-1] INFO  server.RaftServerConfigKeys (ConfUtils.java:logGet(46)) - raft.server.storage.free-space.min = 0MB (=0) (default)
2022-07-12 23:22:37,942 [pool-635-thread-1] INFO  storage.RaftStorageDirectory (RaftStorageDirectoryImpl.java:analyzeStorage(135)) - The storage directory /home/runner/work/ozone/ozone/hadoop-ozone/integration-test/target/test-dir/MiniOzoneClusterImpl-0e22dd8b-fc59-4669-93e2-f1079baade23/datanode-2/data/ratis/582bac8a-4f73-4262-8996-d045dbb7fc30 does not exist. Creating ...
2022-07-12 23:22:37,944 [pool-635-thread-1] INFO  storage.RaftStorageDirectory (RaftStorageDirectoryImpl.java:tryLock(230)) - Lock on /home/runner/work/ozone/ozone/hadoop-ozone/integration-test/target/test-dir/MiniOzoneClusterImpl-0e22dd8b-fc59-4669-93e2-f1079baade23/datanode-2/data/ratis/582bac8a-4f73-4262-8996-d045dbb7fc30/in_use.lock acquired by nodename 30948@fv-az46-473
2022-07-12 23:22:37,945 [pool-635-thread-1] INFO  storage.RaftStorage (RaftStorageImpl.java:format(89)) - Storage directory /home/runner/work/ozone/ozone/hadoop-ozone/integration-test/target/test-dir/MiniOzoneClusterImpl-0e22dd8b-fc59-4669-93e2-f1079baade23/datanode-2/data/ratis/582bac8a-4f73-4262-8996-d045dbb7fc30 has been successfully formatted.
2022-07-12 23:22:37,946 [pool-635-thread-1] INFO  ratis.ContainerStateMachine (ContainerStateMachine.java:loadSnapshot(236)) - group-D045DBB7FC30: The snapshot info is null. Setting the last applied indexto:(t:0, i:~)
2022-07-12 23:22:37,947 [pool-635-thread-1] INFO  server.RaftServerConfigKeys (ConfUtils.java:logGet(46)) - raft.server.notification.no-leader.timeout = 300s (custom)
2022-07-12 23:22:37,947 [pool-635-thread-1] INFO  server.RaftServerConfigKeys (ConfUtils.java:logGet(46)) - raft.server.log.use.memory = false (default)
2022-07-12 23:22:37,947 [pool-635-thread-1] INFO  server.RaftServerConfigKeys (ConfUtils.java:logGet(46)) - raft.server.log.purge.gap = 1000000 (custom)
2022-07-12 23:22:37,947 [pool-635-thread-1] INFO  server.RaftServerConfigKeys (ConfUtils.java:logGet(46)) - raft.server.log.appender.buffer.byte-limit = 33554432 (custom)
2022-07-12 23:22:37,947 [pool-635-thread-1] INFO  server.RaftServerConfigKeys (ConfUtils.java:logGet(46)) - raft.server.log.statemachine.data.read.timeout = 1000ms (default)
2022-07-12 23:22:37,947 [pool-635-thread-1] INFO  server.RaftServerConfigKeys (ConfUtils.java:logGet(46)) - raft.server.log.segment.size.max = 1048576 (custom)
2022-07-12 23:22:37,947 [pool-635-thread-1] INFO  server.RaftServerConfigKeys (ConfUtils.java:logGet(46)) - raft.server.log.segment.cache.num.max = 2 (custom)
2022-07-12 23:22:37,947 [pool-635-thread-1] INFO  server.RaftServerConfigKeys (ConfUtils.java:logGet(46)) - raft.server.log.segment.cache.size.max = 200MB (=209715200) (default)
2022-07-12 23:22:37,947 [pool-635-thread-1] INFO  segmented.SegmentedRaftLogWorker (SegmentedRaftLogWorker.java:<init>(187)) - new d8f6f594-8e93-48ac-9153-9e8fd018aa2e@group-D045DBB7FC30-SegmentedRaftLogWorker for RaftStorageImpl:Storage Directory /home/runner/work/ozone/ozone/hadoop-ozone/integration-test/target/test-dir/MiniOzoneClusterImpl-0e22dd8b-fc59-4669-93e2-f1079baade23/datanode-2/data/ratis/582bac8a-4f73-4262-8996-d045dbb7fc30
2022-07-12 23:22:37,947 [pool-635-thread-1] INFO  server.RaftServerConfigKeys (ConfUtils.java:logGet(46)) - raft.server.log.queue.byte-limit = 4294967296 (custom)
2022-07-12 23:22:37,948 [pool-635-thread-1] INFO  server.RaftServerConfigKeys (ConfUtils.java:logGet(46)) - raft.server.log.queue.element-limit = 1024 (custom)
2022-07-12 23:22:37,948 [pool-635-thread-1] INFO  server.RaftServerConfigKeys (ConfUtils.java:logGet(46)) - raft.server.log.segment.size.max = 1048576 (custom)
2022-07-12 23:22:37,948 [pool-635-thread-1] INFO  server.RaftServerConfigKeys (ConfUtils.java:logGet(46)) - raft.server.log.preallocated.size = 16384 (custom)
2022-07-12 23:22:37,948 [pool-635-thread-1] INFO  server.RaftServerConfigKeys (ConfUtils.java:logGet(46)) - raft.server.log.force.sync.num = 128 (default)
2022-07-12 23:22:37,948 [pool-635-thread-1] INFO  server.RaftServerConfigKeys (ConfUtils.java:logGet(46)) - raft.server.log.statemachine.data.sync = true (default)
2022-07-12 23:22:37,948 [pool-635-thread-1] INFO  server.RaftServerConfigKeys (ConfUtils.java:logGet(46)) - raft.server.log.statemachine.data.sync.timeout = 10s (default)
2022-07-12 23:22:37,948 [pool-635-thread-1] INFO  server.RaftServerConfigKeys (ConfUtils.java:logGet(46)) - raft.server.log.statemachine.data.sync.timeout.retry = -1 (default)
2022-07-12 23:22:37,948 [pool-635-thread-1] INFO  server.RaftServerConfigKeys (ConfUtils.java:logGet(46)) - raft.server.log.write.buffer.size = 1048576 (custom)
2022-07-12 23:22:37,949 [pool-635-thread-1] INFO  server.RaftServerConfigKeys (ConfUtils.java:logGet(46)) - raft.server.log.unsafe-flush.enabled = false (default)
2022-07-12 23:22:37,949 [pool-635-thread-1] INFO  server.RaftServerConfigKeys (ConfUtils.java:logGet(46)) - raft.server.log.statemachine.data.caching.enabled = true (custom)
2022-07-12 23:22:37,949 [pool-635-thread-1] INFO  segmented.SegmentedRaftLogWorker (SegmentedRaftLogWorker.java:lambda$new$0(135)) - d8f6f594-8e93-48ac-9153-9e8fd018aa2e@group-D045DBB7FC30-SegmentedRaftLogWorker: flushIndex: setUnconditionally 0 -> -1
2022-07-12 23:22:37,949 [pool-635-thread-1] INFO  segmented.SegmentedRaftLogWorker (SegmentedRaftLogWorker.java:lambda$new$0(135)) - d8f6f594-8e93-48ac-9153-9e8fd018aa2e@group-D045DBB7FC30-SegmentedRaftLogWorker: safeCacheEvictIndex: setUnconditionally 0 -> -1
2022-07-12 23:22:37,952 [pool-635-thread-1] INFO  server.RaftServerConfigKeys (ConfUtils.java:logGet(46)) - raft.server.snapshot.auto.trigger.enabled = true (custom)
2022-07-12 23:22:37,952 [pool-635-thread-1] INFO  server.RaftServerConfigKeys (ConfUtils.java:logGet(46)) - raft.server.snapshot.auto.trigger.threshold = 10000 (custom)
2022-07-12 23:22:37,952 [pool-635-thread-1] INFO  server.RaftServerConfigKeys (ConfUtils.java:logGet(46)) - raft.server.snapshot.retention.file.num = 5 (custom)
2022-07-12 23:22:37,952 [pool-635-thread-1] INFO  server.RaftServerConfigKeys (ConfUtils.java:logGet(46)) - raft.server.log.purge.upto.snapshot.index = false (default)
2022-07-12 23:22:37,953 [pool-635-thread-1] INFO  server.RaftServerConfigKeys (ConfUtils.java:logGet(46)) - raft.server.retrycache.expirytime = 600000ms (custom)
2022-07-12 23:22:37,953 [pool-635-thread-1] INFO  server.RaftServerConfigKeys (ConfUtils.java:logGet(46)) - raft.server.retrycache.statistics.expirytime = 100μs (default)
2022-07-12 23:22:37,954 [pool-635-thread-1] INFO  server.RaftServerConfigKeys (ConfUtils.java:logGet(46)) - raft.server.log.appender.install.snapshot.enabled = false (custom)
2022-07-12 23:22:37,954 [pool-635-thread-1] INFO  server.RaftServerConfigKeys (ConfUtils.java:logGet(46)) - raft.server.threadpool.server.cached = true (default)
2022-07-12 23:22:37,954 [pool-635-thread-1] INFO  server.RaftServerConfigKeys (ConfUtils.java:logGet(46)) - raft.server.threadpool.server.size = 0 (default)
2022-07-12 23:22:37,954 [pool-635-thread-1] INFO  server.RaftServerConfigKeys (ConfUtils.java:logGet(46)) - raft.server.threadpool.client.cached = true (default)
2022-07-12 23:22:37,954 [pool-635-thread-1] INFO  server.RaftServerConfigKeys (ConfUtils.java:logGet(46)) - raft.server.threadpool.client.size = 0 (default)
2022-07-12 23:22:37,954 [pool-635-thread-1] INFO  server.RaftServer$Division (RaftServerImpl.java:start(310)) - d8f6f594-8e93-48ac-9153-9e8fd018aa2e@group-D045DBB7FC30: start as a follower, conf=-1: [95d2a9a6-1343-48cb-8e55-18ad167fad0e|rpc:10.1.0.13:37471|dataStream:|priority:1, f86a3de6-fa90-4082-aec2-64cbafe88bfb|rpc:10.1.0.13:41481|dataStream:|priority:0, d8f6f594-8e93-48ac-9153-9e8fd018aa2e|rpc:10.1.0.13:43455|dataStream:|priority:0], old=null
2022-07-12 23:22:37,954 [pool-635-thread-1] INFO  server.RaftServer$Division (RaftServerImpl.java:setRole(299)) - d8f6f594-8e93-48ac-9153-9e8fd018aa2e@group-D045DBB7FC30: changes role from      null to FOLLOWER at term 0 for startAsFollower
2022-07-12 23:22:37,954 [pool-635-thread-1] INFO  impl.RoleInfo (RoleInfo.java:updateAndGet(139)) - d8f6f594-8e93-48ac-9153-9e8fd018aa2e: start d8f6f594-8e93-48ac-9153-9e8fd018aa2e@group-D045DBB7FC30-FollowerState
2022-07-12 23:22:37,961 [pool-635-thread-1] INFO  util.JmxRegister (JmxRegister.java:tryRegister(44)) - Successfully registered JMX Bean with object name Ratis:service=RaftServer,group=group-D045DBB7FC30,id=d8f6f594-8e93-48ac-9153-9e8fd018aa2e
2022-07-12 23:22:38,050 [Command processor thread] INFO  commandhandler.CreatePipelineCommandHandler (CreatePipelineCommandHandler.java:handle(113)) - Created Pipeline RATIS THREE PipelineID=582bac8a-4f73-4262-8996-d045dbb7fc30.
2022-07-12 23:22:38,119 [Command processor thread] INFO  server.RaftServer (RaftServerProxy.java:addNew(96)) - 95d2a9a6-1343-48cb-8e55-18ad167fad0e: addNew group-97BEB3EC2E14:[95d2a9a6-1343-48cb-8e55-18ad167fad0e|rpc:10.1.0.13:37471|priority:1] returns group-97BEB3EC2E14:java.util.concurrent.CompletableFuture@7367f20a[Not completed]
2022-07-12 23:22:38,119 [pool-612-thread-1] INFO  server.RaftServer$Division (RaftServerImpl.java:<init>(190)) - 95d2a9a6-1343-48cb-8e55-18ad167fad0e: new RaftServerImpl for group-97BEB3EC2E14:[95d2a9a6-1343-48cb-8e55-18ad167fad0e|rpc:10.1.0.13:37471|priority:1] with ContainerStateMachine:uninitialized
2022-07-12 23:22:38,120 [pool-612-thread-1] INFO  server.RaftServerConfigKeys (ConfUtils.java:logGet(46)) - raft.server.rpc.timeout.min = 5s (custom)
2022-07-12 23:22:38,120 [pool-612-thread-1] INFO  server.RaftServerConfigKeys (ConfUtils.java:logGet(46)) - raft.server.rpc.timeout.max = 5200ms (custom)
2022-07-12 23:22:38,120 [pool-612-thread-1] INFO  server.RaftServerConfigKeys (ConfUtils.java:logGet(46)) - raft.server.rpc.sleep.time = 25ms (default)
2022-07-12 23:22:38,120 [pool-612-thread-1] INFO  server.RaftServerConfigKeys (ConfUtils.java:logGet(46)) - raft.server.rpc.slowness.timeout = 300s (custom)
2022-07-12 23:22:38,120 [pool-612-thread-1] INFO  server.RaftServerConfigKeys (ConfUtils.java:logGet(46)) - raft.server.leaderelection.leader.step-down.wait-time = 10s (default)
2022-07-12 23:22:38,120 [pool-612-thread-1] INFO  server.RaftServerConfigKeys (ConfUtils.java:logGet(46)) - raft.server.sleep.deviation.threshold = 300ms (default)
2022-07-12 23:22:38,120 [pool-612-thread-1] INFO  server.RaftServer$Division (ServerState.java:<init>(107)) - 95d2a9a6-1343-48cb-8e55-18ad167fad0e@group-97BEB3EC2E14: ConfigurationManager, init=-1: [95d2a9a6-1343-48cb-8e55-18ad167fad0e|rpc:10.1.0.13:37471|priority:1], old=null, confs=<EMPTY_MAP>
2022-07-12 23:22:38,120 [pool-612-thread-1] INFO  server.RaftServerConfigKeys (ConfUtils.java:logGet(46)) - raft.server.storage.dir = [/home/runner/work/ozone/ozone/hadoop-ozone/integration-test/target/test-dir/MiniOzoneClusterImpl-0e22dd8b-fc59-4669-93e2-f1079baade23/datanode-1/data/ratis] (custom)
2022-07-12 23:22:38,120 [pool-612-thread-1] INFO  server.RaftServerConfigKeys (ConfUtils.java:logGet(46)) - raft.server.log.corruption.policy = EXCEPTION (default)
2022-07-12 23:22:38,120 [pool-612-thread-1] INFO  server.RaftServerConfigKeys (ConfUtils.java:logGet(46)) - raft.server.storage.free-space.min = 0MB (=0) (default)
2022-07-12 23:22:38,120 [pool-612-thread-1] INFO  storage.RaftStorageDirectory (RaftStorageDirectoryImpl.java:analyzeStorage(135)) - The storage directory /home/runner/work/ozone/ozone/hadoop-ozone/integration-test/target/test-dir/MiniOzoneClusterImpl-0e22dd8b-fc59-4669-93e2-f1079baade23/datanode-1/data/ratis/d5f82010-8a60-430c-b105-97beb3ec2e14 does not exist. Creating ...
2022-07-12 23:22:38,122 [pool-612-thread-1] INFO  storage.RaftStorageDirectory (RaftStorageDirectoryImpl.java:tryLock(230)) - Lock on /home/runner/work/ozone/ozone/hadoop-ozone/integration-test/target/test-dir/MiniOzoneClusterImpl-0e22dd8b-fc59-4669-93e2-f1079baade23/datanode-1/data/ratis/d5f82010-8a60-430c-b105-97beb3ec2e14/in_use.lock acquired by nodename 30948@fv-az46-473
2022-07-12 23:22:38,123 [pool-612-thread-1] INFO  storage.RaftStorage (RaftStorageImpl.java:format(89)) - Storage directory /home/runner/work/ozone/ozone/hadoop-ozone/integration-test/target/test-dir/MiniOzoneClusterImpl-0e22dd8b-fc59-4669-93e2-f1079baade23/datanode-1/data/ratis/d5f82010-8a60-430c-b105-97beb3ec2e14 has been successfully formatted.
2022-07-12 23:22:38,124 [pool-612-thread-1] INFO  ratis.ContainerStateMachine (ContainerStateMachine.java:loadSnapshot(236)) - group-97BEB3EC2E14: The snapshot info is null. Setting the last applied indexto:(t:0, i:~)
2022-07-12 23:22:38,161 [pool-612-thread-1] INFO  server.RaftServerConfigKeys (ConfUtils.java:logGet(46)) - raft.server.notification.no-leader.timeout = 300s (custom)
2022-07-12 23:22:38,161 [pool-612-thread-1] INFO  server.RaftServerConfigKeys (ConfUtils.java:logGet(46)) - raft.server.log.use.memory = false (default)
2022-07-12 23:22:38,162 [pool-612-thread-1] INFO  server.RaftServerConfigKeys (ConfUtils.java:logGet(46)) - raft.server.log.purge.gap = 1000000 (custom)
2022-07-12 23:22:38,162 [pool-612-thread-1] INFO  server.RaftServerConfigKeys (ConfUtils.java:logGet(46)) - raft.server.log.appender.buffer.byte-limit = 33554432 (custom)
2022-07-12 23:22:38,162 [pool-612-thread-1] INFO  server.RaftServerConfigKeys (ConfUtils.java:logGet(46)) - raft.server.log.statemachine.data.read.timeout = 1000ms (default)
2022-07-12 23:22:38,162 [pool-612-thread-1] INFO  server.RaftServerConfigKeys (ConfUtils.java:logGet(46)) - raft.server.log.segment.size.max = 1048576 (custom)
2022-07-12 23:22:38,162 [pool-612-thread-1] INFO  server.RaftServerConfigKeys (ConfUtils.java:logGet(46)) - raft.server.log.segment.cache.num.max = 2 (custom)
2022-07-12 23:22:38,162 [pool-612-thread-1] INFO  server.RaftServerConfigKeys (ConfUtils.java:logGet(46)) - raft.server.log.segment.cache.size.max = 200MB (=209715200) (default)
2022-07-12 23:22:38,162 [pool-612-thread-1] INFO  segmented.SegmentedRaftLogWorker (SegmentedRaftLogWorker.java:<init>(187)) - new 95d2a9a6-1343-48cb-8e55-18ad167fad0e@group-97BEB3EC2E14-SegmentedRaftLogWorker for RaftStorageImpl:Storage Directory /home/runner/work/ozone/ozone/hadoop-ozone/integration-test/target/test-dir/MiniOzoneClusterImpl-0e22dd8b-fc59-4669-93e2-f1079baade23/datanode-1/data/ratis/d5f82010-8a60-430c-b105-97beb3ec2e14
2022-07-12 23:22:38,162 [pool-612-thread-1] INFO  server.RaftServerConfigKeys (ConfUtils.java:logGet(46)) - raft.server.log.queue.byte-limit = 4294967296 (custom)
2022-07-12 23:22:38,162 [pool-612-thread-1] INFO  server.RaftServerConfigKeys (ConfUtils.java:logGet(46)) - raft.server.log.queue.element-limit = 1024 (custom)
2022-07-12 23:22:38,162 [pool-612-thread-1] INFO  server.RaftServerConfigKeys (ConfUtils.java:logGet(46)) - raft.server.log.segment.size.max = 1048576 (custom)
2022-07-12 23:22:38,162 [pool-612-thread-1] INFO  server.RaftServerConfigKeys (ConfUtils.java:logGet(46)) - raft.server.log.preallocated.size = 16384 (custom)
2022-07-12 23:22:38,162 [pool-612-thread-1] INFO  server.RaftServerConfigKeys (ConfUtils.java:logGet(46)) - raft.server.log.force.sync.num = 128 (default)
2022-07-12 23:22:38,162 [pool-612-thread-1] INFO  server.RaftServerConfigKeys (ConfUtils.java:logGet(46)) - raft.server.log.statemachine.data.sync = true (default)
2022-07-12 23:22:38,163 [pool-612-thread-1] INFO  server.RaftServerConfigKeys (ConfUtils.java:logGet(46)) - raft.server.log.statemachine.data.sync.timeout = 10s (default)
2022-07-12 23:22:38,163 [pool-612-thread-1] INFO  server.RaftServerConfigKeys (ConfUtils.java:logGet(46)) - raft.server.log.statemachine.data.sync.timeout.retry = -1 (default)
2022-07-12 23:22:38,163 [pool-612-thread-1] INFO  server.RaftServerConfigKeys (ConfUtils.java:logGet(46)) - raft.server.log.write.buffer.size = 1048576 (custom)
2022-07-12 23:22:38,163 [pool-612-thread-1] INFO  server.RaftServerConfigKeys (ConfUtils.java:logGet(46)) - raft.server.log.unsafe-flush.enabled = false (default)
2022-07-12 23:22:38,164 [pool-612-thread-1] INFO  server.RaftServerConfigKeys (ConfUtils.java:logGet(46)) - raft.server.log.statemachine.data.caching.enabled = true (custom)
2022-07-12 23:22:38,164 [pool-612-thread-1] INFO  segmented.SegmentedRaftLogWorker (SegmentedRaftLogWorker.java:lambda$new$0(135)) - 95d2a9a6-1343-48cb-8e55-18ad167fad0e@group-97BEB3EC2E14-SegmentedRaftLogWorker: flushIndex: setUnconditionally 0 -> -1
2022-07-12 23:22:38,164 [pool-612-thread-1] INFO  segmented.SegmentedRaftLogWorker (SegmentedRaftLogWorker.java:lambda$new$0(135)) - 95d2a9a6-1343-48cb-8e55-18ad167fad0e@group-97BEB3EC2E14-SegmentedRaftLogWorker: safeCacheEvictIndex: setUnconditionally 0 -> -1
2022-07-12 23:22:38,169 [EventQueue-PipelineReportForPipelineReportHandler] INFO  pipeline.PipelineManagerImpl (PipelineManagerImpl.java:openPipeline(367)) - Pipeline Pipeline[ Id: d5f82010-8a60-430c-b105-97beb3ec2e14, Nodes: 95d2a9a6-1343-48cb-8e55-18ad167fad0e{ip: 10.1.0.13, host: fv-az46-473.aox2mo1hufxu3kclv1weif3kjc.bx.internal.cloudapp.net, ports: [REPLICATION=40787, RATIS=37471, RATIS_ADMIN=37471, RATIS_SERVER=37471, STANDALONE=33003], networkLocation: /default-rack, certSerialId: null, persistedOpState: IN_SERVICE, persistedOpStateExpiryEpochSec: 0}, ReplicationConfig: RATIS/ONE, State:ALLOCATED, leaderId:95d2a9a6-1343-48cb-8e55-18ad167fad0e, CreationTimestamp2022-07-12T23:22:35.127Z[Etc/UTC]] moved to OPEN state
2022-07-12 23:22:38,170 [EventQueue-OpenPipelineForHealthyPipelineSafeModeRule] INFO  safemode.SCMSafeModeManager (HealthyPipelineSafeModeRule.java:process(137)) - SCM in safe mode. Healthy pipelines reported count is 0, required healthy pipeline reported count is 1
2022-07-12 23:22:38,201 [pool-612-thread-1] INFO  server.RaftServerConfigKeys (ConfUtils.java:logGet(46)) - raft.server.snapshot.auto.trigger.enabled = true (custom)
2022-07-12 23:22:38,201 [pool-612-thread-1] INFO  server.RaftServerConfigKeys (ConfUtils.java:logGet(46)) - raft.server.snapshot.auto.trigger.threshold = 10000 (custom)
2022-07-12 23:22:38,201 [pool-612-thread-1] INFO  server.RaftServerConfigKeys (ConfUtils.java:logGet(46)) - raft.server.snapshot.retention.file.num = 5 (custom)
2022-07-12 23:22:38,201 [pool-612-thread-1] INFO  server.RaftServerConfigKeys (ConfUtils.java:logGet(46)) - raft.server.log.purge.upto.snapshot.index = false (default)
2022-07-12 23:22:38,201 [pool-612-thread-1] INFO  server.RaftServerConfigKeys (ConfUtils.java:logGet(46)) - raft.server.retrycache.expirytime = 600000ms (custom)
2022-07-12 23:22:38,201 [pool-612-thread-1] INFO  server.RaftServerConfigKeys (ConfUtils.java:logGet(46)) - raft.server.retrycache.statistics.expirytime = 100μs (default)
2022-07-12 23:22:38,203 [pool-612-thread-1] INFO  server.RaftServerConfigKeys (ConfUtils.java:logGet(46)) - raft.server.log.appender.install.snapshot.enabled = false (custom)
2022-07-12 23:22:38,203 [pool-612-thread-1] INFO  server.RaftServerConfigKeys (ConfUtils.java:logGet(46)) - raft.server.threadpool.server.cached = true (default)
2022-07-12 23:22:38,203 [pool-612-thread-1] INFO  server.RaftServerConfigKeys (ConfUtils.java:logGet(46)) - raft.server.threadpool.server.size = 0 (default)
2022-07-12 23:22:38,203 [pool-612-thread-1] INFO  server.RaftServerConfigKeys (ConfUtils.java:logGet(46)) - raft.server.threadpool.client.cached = true (default)
2022-07-12 23:22:38,203 [pool-612-thread-1] INFO  server.RaftServerConfigKeys (ConfUtils.java:logGet(46)) - raft.server.threadpool.client.size = 0 (default)
2022-07-12 23:22:38,203 [pool-612-thread-1] INFO  server.RaftServer$Division (RaftServerImpl.java:start(310)) - 95d2a9a6-1343-48cb-8e55-18ad167fad0e@group-97BEB3EC2E14: start as a follower, conf=-1: [95d2a9a6-1343-48cb-8e55-18ad167fad0e|rpc:10.1.0.13:37471|priority:1], old=null
2022-07-12 23:22:38,203 [pool-612-thread-1] INFO  server.RaftServer$Division (RaftServerImpl.java:setRole(299)) - 95d2a9a6-1343-48cb-8e55-18ad167fad0e@group-97BEB3EC2E14: changes role from      null to FOLLOWER at term 0 for startAsFollower
2022-07-12 23:22:38,203 [pool-612-thread-1] INFO  impl.RoleInfo (RoleInfo.java:updateAndGet(139)) - 95d2a9a6-1343-48cb-8e55-18ad167fad0e: start 95d2a9a6-1343-48cb-8e55-18ad167fad0e@group-97BEB3EC2E14-FollowerState
2022-07-12 23:22:38,205 [pool-612-thread-1] INFO  util.JmxRegister (JmxRegister.java:tryRegister(44)) - Successfully registered JMX Bean with object name Ratis:service=RaftServer,group=group-97BEB3EC2E14,id=95d2a9a6-1343-48cb-8e55-18ad167fad0e
2022-07-12 23:22:38,205 [Command processor thread] INFO  ratis.XceiverServerRatis (XceiverServerRatis.java:addGroup(765)) - Created group PipelineID=d5f82010-8a60-430c-b105-97beb3ec2e14
2022-07-12 23:22:38,206 [Command processor thread] INFO  commandhandler.CreatePipelineCommandHandler (CreatePipelineCommandHandler.java:handle(113)) - Created Pipeline RATIS ONE PipelineID=d5f82010-8a60-430c-b105-97beb3ec2e14.
2022-07-12 23:22:38,235 [Listener at 127.0.0.1/43683] INFO  ozone.MiniOzoneClusterImpl (MiniOzoneClusterImpl.java:lambda$waitForClusterToBeReady$0(216)) - Waiting for nodes to be ready. Got 4 of 5 DN Heartbeats.
2022-07-12 23:22:38,235 [Listener at 127.0.0.1/43683] INFO  ozone.MiniOzoneClusterImpl (MiniOzoneClusterImpl.java:lambda$waitForClusterToBeReady$0(219)) - Waiting for cluster to exit safe mode
2022-07-12 23:22:38,235 [Listener at 127.0.0.1/43683] INFO  ozone.MiniOzoneClusterImpl (MiniOzoneClusterImpl.java:lambda$waitForClusterToBeReady$0(221)) - SCM became leader
2022-07-12 23:22:38,328 [IPC Server handler 1 on default port 43479] INFO  net.NetworkTopologyImpl (NetworkTopologyImpl.java:add(112)) - Added a new node: /default-rack/1641e4ae-10df-4947-b580-c1e8e479fb48
2022-07-12 23:22:38,328 [IPC Server handler 1 on default port 43479] INFO  node.SCMNodeManager (SCMNodeManager.java:register(397)) - Registered Data node : 1641e4ae-10df-4947-b580-c1e8e479fb48{ip: 10.1.0.13, host: fv-az46-473.aox2mo1hufxu3kclv1weif3kjc.bx.internal.cloudapp.net, ports: [REPLICATION=42027, RATIS=34841, RATIS_ADMIN=34841, RATIS_SERVER=34841, STANDALONE=41483], networkLocation: /default-rack, certSerialId: null, persistedOpState: null, persistedOpStateExpiryEpochSec: 0}
2022-07-12 23:22:38,328 [EventQueue-NewNodeForNewNodeHandler] INFO  pipeline.BackgroundPipelineCreator (BackgroundPipelineCreator.java:notifyEventTriggered(276)) - trigger a one-shot run on RatisPipelineUtilsThread.
2022-07-12 23:22:38,329 [RatisPipelineUtilsThread - 0] INFO  pipeline.RatisPipelineProvider (RatisPipelineProvider.java:lambda$create$0(195)) - Sending CreatePipelineCommand for pipeline:PipelineID=4f448eb7-adf6-4ca7-8660-4a2a9d8f7040 to datanode:1641e4ae-10df-4947-b580-c1e8e479fb48
2022-07-12 23:22:38,329 [RatisPipelineUtilsThread - 0] INFO  pipeline.PipelineStateManagerImpl (PipelineStateManagerImpl.java:addPipeline(103)) - Created pipeline Pipeline[ Id: 4f448eb7-adf6-4ca7-8660-4a2a9d8f7040, Nodes: 1641e4ae-10df-4947-b580-c1e8e479fb48{ip: 10.1.0.13, host: fv-az46-473.aox2mo1hufxu3kclv1weif3kjc.bx.internal.cloudapp.net, ports: [REPLICATION=42027, RATIS=34841, RATIS_ADMIN=34841, RATIS_SERVER=34841, STANDALONE=41483], networkLocation: /default-rack, certSerialId: null, persistedOpState: IN_SERVICE, persistedOpStateExpiryEpochSec: 0}, ReplicationConfig: RATIS/ONE, State:ALLOCATED, leaderId:, CreationTimestamp2022-07-12T23:22:38.329Z[Etc/UTC]].
2022-07-12 23:22:39,024 [Command processor thread] INFO  server.RaftServer (RaftServerProxy.java:addNew(96)) - d8f6f594-8e93-48ac-9153-9e8fd018aa2e: addNew group-1E8E99188219:[d8f6f594-8e93-48ac-9153-9e8fd018aa2e|rpc:10.1.0.13:43455|priority:1] returns group-1E8E99188219:java.util.concurrent.CompletableFuture@6f4e51b4[Not completed]
2022-07-12 23:22:39,025 [pool-635-thread-1] INFO  server.RaftServer$Division (RaftServerImpl.java:<init>(190)) - d8f6f594-8e93-48ac-9153-9e8fd018aa2e: new RaftServerImpl for group-1E8E99188219:[d8f6f594-8e93-48ac-9153-9e8fd018aa2e|rpc:10.1.0.13:43455|priority:1] with ContainerStateMachine:uninitialized
2022-07-12 23:22:39,025 [pool-635-thread-1] INFO  server.RaftServerConfigKeys (ConfUtils.java:logGet(46)) - raft.server.rpc.timeout.min = 5s (custom)
2022-07-12 23:22:39,025 [pool-635-thread-1] INFO  server.RaftServerConfigKeys (ConfUtils.java:logGet(46)) - raft.server.rpc.timeout.max = 5200ms (custom)
2022-07-12 23:22:39,025 [pool-635-thread-1] INFO  server.RaftServerConfigKeys (ConfUtils.java:logGet(46)) - raft.server.rpc.sleep.time = 25ms (default)
2022-07-12 23:22:39,025 [pool-635-thread-1] INFO  server.RaftServerConfigKeys (ConfUtils.java:logGet(46)) - raft.server.rpc.slowness.timeout = 300s (custom)
2022-07-12 23:22:39,025 [pool-635-thread-1] INFO  server.RaftServerConfigKeys (ConfUtils.java:logGet(46)) - raft.server.leaderelection.leader.step-down.wait-time = 10s (default)
2022-07-12 23:22:39,025 [pool-635-thread-1] INFO  server.RaftServerConfigKeys (ConfUtils.java:logGet(46)) - raft.server.sleep.deviation.threshold = 300ms (default)
2022-07-12 23:22:39,025 [pool-635-thread-1] INFO  server.RaftServer$Division (ServerState.java:<init>(107)) - d8f6f594-8e93-48ac-9153-9e8fd018aa2e@group-1E8E99188219: ConfigurationManager, init=-1: [d8f6f594-8e93-48ac-9153-9e8fd018aa2e|rpc:10.1.0.13:43455|priority:1], old=null, confs=<EMPTY_MAP>
2022-07-12 23:22:39,025 [pool-635-thread-1] INFO  server.RaftServerConfigKeys (ConfUtils.java:logGet(46)) - raft.server.storage.dir = [/home/runner/work/ozone/ozone/hadoop-ozone/integration-test/target/test-dir/MiniOzoneClusterImpl-0e22dd8b-fc59-4669-93e2-f1079baade23/datanode-2/data/ratis] (custom)
2022-07-12 23:22:39,025 [pool-635-thread-1] INFO  server.RaftServerConfigKeys (ConfUtils.java:logGet(46)) - raft.server.log.corruption.policy = EXCEPTION (default)
2022-07-12 23:22:39,025 [pool-635-thread-1] INFO  server.RaftServerConfigKeys (ConfUtils.java:logGet(46)) - raft.server.storage.free-space.min = 0MB (=0) (default)
2022-07-12 23:22:39,025 [pool-635-thread-1] INFO  storage.RaftStorageDirectory (RaftStorageDirectoryImpl.java:analyzeStorage(135)) - The storage directory /home/runner/work/ozone/ozone/hadoop-ozone/integration-test/target/test-dir/MiniOzoneClusterImpl-0e22dd8b-fc59-4669-93e2-f1079baade23/datanode-2/data/ratis/b0b82c2a-9a92-405a-bd7f-1e8e99188219 does not exist. Creating ...
2022-07-12 23:22:39,027 [pool-635-thread-1] INFO  storage.RaftStorageDirectory (RaftStorageDirectoryImpl.java:tryLock(230)) - Lock on /home/runner/work/ozone/ozone/hadoop-ozone/integration-test/target/test-dir/MiniOzoneClusterImpl-0e22dd8b-fc59-4669-93e2-f1079baade23/datanode-2/data/ratis/b0b82c2a-9a92-405a-bd7f-1e8e99188219/in_use.lock acquired by nodename 30948@fv-az46-473
2022-07-12 23:22:39,028 [pool-635-thread-1] INFO  storage.RaftStorage (RaftStorageImpl.java:format(89)) - Storage directory /home/runner/work/ozone/ozone/hadoop-ozone/integration-test/target/test-dir/MiniOzoneClusterImpl-0e22dd8b-fc59-4669-93e2-f1079baade23/datanode-2/data/ratis/b0b82c2a-9a92-405a-bd7f-1e8e99188219 has been successfully formatted.
2022-07-12 23:22:39,028 [pool-635-thread-1] INFO  ratis.ContainerStateMachine (ContainerStateMachine.java:loadSnapshot(236)) - group-1E8E99188219: The snapshot info is null. Setting the last applied indexto:(t:0, i:~)
2022-07-12 23:22:39,028 [pool-635-thread-1] INFO  server.RaftServerConfigKeys (ConfUtils.java:logGet(46)) - raft.server.notification.no-leader.timeout = 300s (custom)
2022-07-12 23:22:39,028 [pool-635-thread-1] INFO  server.RaftServerConfigKeys (ConfUtils.java:logGet(46)) - raft.server.log.use.memory = false (default)
2022-07-12 23:22:39,028 [pool-635-thread-1] INFO  server.RaftServerConfigKeys (ConfUtils.java:logGet(46)) - raft.server.log.purge.gap = 1000000 (custom)
2022-07-12 23:22:39,028 [pool-635-thread-1] INFO  server.RaftServerConfigKeys (ConfUtils.java:logGet(46)) - raft.server.log.appender.buffer.byte-limit = 33554432 (custom)
2022-07-12 23:22:39,028 [pool-635-thread-1] INFO  server.RaftServerConfigKeys (ConfUtils.java:logGet(46)) - raft.server.log.statemachine.data.read.timeout = 1000ms (default)
2022-07-12 23:22:39,028 [pool-635-thread-1] INFO  server.RaftServerConfigKeys (ConfUtils.java:logGet(46)) - raft.server.log.segment.size.max = 1048576 (custom)
2022-07-12 23:22:39,029 [pool-635-thread-1] INFO  server.RaftServerConfigKeys (ConfUtils.java:logGet(46)) - raft.server.log.segment.cache.num.max = 2 (custom)
2022-07-12 23:22:39,029 [pool-635-thread-1] INFO  server.RaftServerConfigKeys (ConfUtils.java:logGet(46)) - raft.server.log.segment.cache.size.max = 200MB (=209715200) (default)
2022-07-12 23:22:39,029 [pool-635-thread-1] INFO  segmented.SegmentedRaftLogWorker (SegmentedRaftLogWorker.java:<init>(187)) - new d8f6f594-8e93-48ac-9153-9e8fd018aa2e@group-1E8E99188219-SegmentedRaftLogWorker for RaftStorageImpl:Storage Directory /home/runner/work/ozone/ozone/hadoop-ozone/integration-test/target/test-dir/MiniOzoneClusterImpl-0e22dd8b-fc59-4669-93e2-f1079baade23/datanode-2/data/ratis/b0b82c2a-9a92-405a-bd7f-1e8e99188219
2022-07-12 23:22:39,029 [pool-635-thread-1] INFO  server.RaftServerConfigKeys (ConfUtils.java:logGet(46)) - raft.server.log.queue.byte-limit = 4294967296 (custom)
2022-07-12 23:22:39,029 [pool-635-thread-1] INFO  server.RaftServerConfigKeys (ConfUtils.java:logGet(46)) - raft.server.log.queue.element-limit = 1024 (custom)
2022-07-12 23:22:39,029 [EventQueue-PipelineReportForPipelineReportHandler] INFO  pipeline.PipelineManagerImpl (PipelineManagerImpl.java:openPipeline(367)) - Pipeline Pipeline[ Id: b0b82c2a-9a92-405a-bd7f-1e8e99188219, Nodes: d8f6f594-8e93-48ac-9153-9e8fd018aa2e{ip: 10.1.0.13, host: fv-az46-473.aox2mo1hufxu3kclv1weif3kjc.bx.internal.cloudapp.net, ports: [REPLICATION=37875, RATIS=43455, RATIS_ADMIN=43455, RATIS_SERVER=43455, STANDALONE=37173], networkLocation: /default-rack, certSerialId: null, persistedOpState: IN_SERVICE, persistedOpStateExpiryEpochSec: 0}, ReplicationConfig: RATIS/ONE, State:ALLOCATED, leaderId:d8f6f594-8e93-48ac-9153-9e8fd018aa2e, CreationTimestamp2022-07-12T23:22:36.041Z[Etc/UTC]] moved to OPEN state
2022-07-12 23:22:39,029 [pool-635-thread-1] INFO  server.RaftServerConfigKeys (ConfUtils.java:logGet(46)) - raft.server.log.segment.size.max = 1048576 (custom)
2022-07-12 23:22:39,029 [pool-635-thread-1] INFO  server.RaftServerConfigKeys (ConfUtils.java:logGet(46)) - raft.server.log.preallocated.size = 16384 (custom)
2022-07-12 23:22:39,029 [pool-635-thread-1] INFO  server.RaftServerConfigKeys (ConfUtils.java:logGet(46)) - raft.server.log.force.sync.num = 128 (default)
2022-07-12 23:22:39,029 [pool-635-thread-1] INFO  server.RaftServerConfigKeys (ConfUtils.java:logGet(46)) - raft.server.log.statemachine.data.sync = true (default)
2022-07-12 23:22:39,029 [pool-635-thread-1] INFO  server.RaftServerConfigKeys (ConfUtils.java:logGet(46)) - raft.server.log.statemachine.data.sync.timeout = 10s (default)
2022-07-12 23:22:39,029 [pool-635-thread-1] INFO  server.RaftServerConfigKeys (ConfUtils.java:logGet(46)) - raft.server.log.statemachine.data.sync.timeout.retry = -1 (default)
2022-07-12 23:22:39,029 [EventQueue-OpenPipelineForHealthyPipelineSafeModeRule] INFO  safemode.SCMSafeModeManager (HealthyPipelineSafeModeRule.java:process(137)) - SCM in safe mode. Healthy pipelines reported count is 0, required healthy pipeline reported count is 1
2022-07-12 23:22:39,030 [pool-635-thread-1] INFO  server.RaftServerConfigKeys (ConfUtils.java:logGet(46)) - raft.server.log.write.buffer.size = 1048576 (custom)
2022-07-12 23:22:39,031 [pool-635-thread-1] INFO  server.RaftServerConfigKeys (ConfUtils.java:logGet(46)) - raft.server.log.unsafe-flush.enabled = false (default)
2022-07-12 23:22:39,031 [pool-635-thread-1] INFO  server.RaftServerConfigKeys (ConfUtils.java:logGet(46)) - raft.server.log.statemachine.data.caching.enabled = true (custom)
2022-07-12 23:22:39,031 [pool-635-thread-1] INFO  segmented.SegmentedRaftLogWorker (SegmentedRaftLogWorker.java:lambda$new$0(135)) - d8f6f594-8e93-48ac-9153-9e8fd018aa2e@group-1E8E99188219-SegmentedRaftLogWorker: flushIndex: setUnconditionally 0 -> -1
2022-07-12 23:22:39,031 [pool-635-thread-1] INFO  segmented.SegmentedRaftLogWorker (SegmentedRaftLogWorker.java:lambda$new$0(135)) - d8f6f594-8e93-48ac-9153-9e8fd018aa2e@group-1E8E99188219-SegmentedRaftLogWorker: safeCacheEvictIndex: setUnconditionally 0 -> -1
2022-07-12 23:22:39,041 [pool-635-thread-1] INFO  server.RaftServerConfigKeys (ConfUtils.java:logGet(46)) - raft.server.snapshot.auto.trigger.enabled = true (custom)
2022-07-12 23:22:39,041 [pool-635-thread-1] INFO  server.RaftServerConfigKeys (ConfUtils.java:logGet(46)) - raft.server.snapshot.auto.trigger.threshold = 10000 (custom)
2022-07-12 23:22:39,041 [pool-635-thread-1] INFO  server.RaftServerConfigKeys (ConfUtils.java:logGet(46)) - raft.server.snapshot.retention.file.num = 5 (custom)
2022-07-12 23:22:39,041 [pool-635-thread-1] INFO  server.RaftServerConfigKeys (ConfUtils.java:logGet(46)) - raft.server.log.purge.upto.snapshot.index = false (default)
2022-07-12 23:22:39,041 [pool-635-thread-1] INFO  server.RaftServerConfigKeys (ConfUtils.java:logGet(46)) - raft.server.retrycache.expirytime = 600000ms (custom)
2022-07-12 23:22:39,041 [pool-635-thread-1] INFO  server.RaftServerConfigKeys (ConfUtils.java:logGet(46)) - raft.server.retrycache.statistics.expirytime = 100μs (default)
2022-07-12 23:22:39,042 [pool-635-thread-1] INFO  server.RaftServerConfigKeys (ConfUtils.java:logGet(46)) - raft.server.log.appender.install.snapshot.enabled = false (custom)
2022-07-12 23:22:39,042 [pool-635-thread-1] INFO  server.RaftServerConfigKeys (ConfUtils.java:logGet(46)) - raft.server.threadpool.server.cached = true (default)
2022-07-12 23:22:39,042 [pool-635-thread-1] INFO  server.RaftServerConfigKeys (ConfUtils.java:logGet(46)) - raft.server.threadpool.server.size = 0 (default)
2022-07-12 23:22:39,042 [pool-635-thread-1] INFO  server.RaftServerConfigKeys (ConfUtils.java:logGet(46)) - raft.server.threadpool.client.cached = true (default)
2022-07-12 23:22:39,042 [pool-635-thread-1] INFO  server.RaftServerConfigKeys (ConfUtils.java:logGet(46)) - raft.server.threadpool.client.size = 0 (default)
2022-07-12 23:22:39,042 [pool-635-thread-1] INFO  server.RaftServer$Division (RaftServerImpl.java:start(310)) - d8f6f594-8e93-48ac-9153-9e8fd018aa2e@group-1E8E99188219: start as a follower, conf=-1: [d8f6f594-8e93-48ac-9153-9e8fd018aa2e|rpc:10.1.0.13:43455|priority:1], old=null
2022-07-12 23:22:39,042 [pool-635-thread-1] INFO  server.RaftServer$Division (RaftServerImpl.java:setRole(299)) - d8f6f594-8e93-48ac-9153-9e8fd018aa2e@group-1E8E99188219: changes role from      null to FOLLOWER at term 0 for startAsFollower
2022-07-12 23:22:39,042 [pool-635-thread-1] INFO  impl.RoleInfo (RoleInfo.java:updateAndGet(139)) - d8f6f594-8e93-48ac-9153-9e8fd018aa2e: start d8f6f594-8e93-48ac-9153-9e8fd018aa2e@group-1E8E99188219-FollowerState
2022-07-12 23:22:39,044 [pool-635-thread-1] INFO  util.JmxRegister (JmxRegister.java:tryRegister(44)) - Successfully registered JMX Bean with object name Ratis:service=RaftServer,group=group-1E8E99188219,id=d8f6f594-8e93-48ac-9153-9e8fd018aa2e
2022-07-12 23:22:39,049 [Command processor thread] INFO  ratis.XceiverServerRatis (XceiverServerRatis.java:addGroup(765)) - Created group PipelineID=b0b82c2a-9a92-405a-bd7f-1e8e99188219
2022-07-12 23:22:39,049 [Command processor thread] INFO  commandhandler.CreatePipelineCommandHandler (CreatePipelineCommandHandler.java:handle(113)) - Created Pipeline RATIS ONE PipelineID=b0b82c2a-9a92-405a-bd7f-1e8e99188219.
2022-07-12 23:22:39,235 [Listener at 127.0.0.1/43683] INFO  ozone.MiniOzoneClusterImpl (MiniOzoneClusterImpl.java:lambda$waitForClusterToBeReady$0(216)) - Nodes are ready. Got 5 of 5 DN Heartbeats.
2022-07-12 23:22:39,236 [Listener at 127.0.0.1/43683] INFO  ozone.MiniOzoneClusterImpl (MiniOzoneClusterImpl.java:lambda$waitForClusterToBeReady$0(219)) - Waiting for cluster to exit safe mode
2022-07-12 23:22:39,236 [Listener at 127.0.0.1/43683] INFO  ozone.MiniOzoneClusterImpl (MiniOzoneClusterImpl.java:lambda$waitForClusterToBeReady$0(221)) - SCM became leader
2022-07-12 23:22:40,236 [Listener at 127.0.0.1/43683] INFO  ozone.MiniOzoneClusterImpl (MiniOzoneClusterImpl.java:lambda$waitForClusterToBeReady$0(216)) - Nodes are ready. Got 5 of 5 DN Heartbeats.
2022-07-12 23:22:40,236 [Listener at 127.0.0.1/43683] INFO  ozone.MiniOzoneClusterImpl (MiniOzoneClusterImpl.java:lambda$waitForClusterToBeReady$0(219)) - Waiting for cluster to exit safe mode
2022-07-12 23:22:40,236 [Listener at 127.0.0.1/43683] INFO  ozone.MiniOzoneClusterImpl (MiniOzoneClusterImpl.java:lambda$waitForClusterToBeReady$0(221)) - SCM became leader
2022-07-12 23:22:40,267 [Command processor thread] INFO  server.RaftServer (RaftServerProxy.java:addNew(96)) - 5f7d0233-0975-4d49-9cf7-de4a2550fad2: addNew group-DB03694ECF5B:[5f7d0233-0975-4d49-9cf7-de4a2550fad2|rpc:10.1.0.13:33327|priority:1] returns group-DB03694ECF5B:java.util.concurrent.CompletableFuture@1f2137cb[Not completed]
2022-07-12 23:22:40,298 [pool-663-thread-1] INFO  server.RaftServer$Division (RaftServerImpl.java:<init>(190)) - 5f7d0233-0975-4d49-9cf7-de4a2550fad2: new RaftServerImpl for group-DB03694ECF5B:[5f7d0233-0975-4d49-9cf7-de4a2550fad2|rpc:10.1.0.13:33327|priority:1] with ContainerStateMachine:uninitialized
2022-07-12 23:22:40,298 [pool-663-thread-1] INFO  server.RaftServerConfigKeys (ConfUtils.java:logGet(46)) - raft.server.rpc.timeout.min = 5s (custom)
2022-07-12 23:22:40,298 [pool-663-thread-1] INFO  server.RaftServerConfigKeys (ConfUtils.java:logGet(46)) - raft.server.rpc.timeout.max = 5200ms (custom)
2022-07-12 23:22:40,298 [pool-663-thread-1] INFO  server.RaftServerConfigKeys (ConfUtils.java:logGet(46)) - raft.server.rpc.sleep.time = 25ms (default)
2022-07-12 23:22:40,298 [pool-663-thread-1] INFO  server.RaftServerConfigKeys (ConfUtils.java:logGet(46)) - raft.server.rpc.slowness.timeout = 300s (custom)
2022-07-12 23:22:40,298 [pool-663-thread-1] INFO  server.RaftServerConfigKeys (ConfUtils.java:logGet(46)) - raft.server.leaderelection.leader.step-down.wait-time = 10s (default)
2022-07-12 23:22:40,298 [pool-663-thread-1] INFO  server.RaftServerConfigKeys (ConfUtils.java:logGet(46)) - raft.server.sleep.deviation.threshold = 300ms (default)
2022-07-12 23:22:40,298 [pool-663-thread-1] INFO  server.RaftServer$Division (ServerState.java:<init>(107)) - 5f7d0233-0975-4d49-9cf7-de4a2550fad2@group-DB03694ECF5B: ConfigurationManager, init=-1: [5f7d0233-0975-4d49-9cf7-de4a2550fad2|rpc:10.1.0.13:33327|priority:1], old=null, confs=<EMPTY_MAP>
2022-07-12 23:22:40,298 [pool-663-thread-1] INFO  server.RaftServerConfigKeys (ConfUtils.java:logGet(46)) - raft.server.storage.dir = [/home/runner/work/ozone/ozone/hadoop-ozone/integration-test/target/test-dir/MiniOzoneClusterImpl-0e22dd8b-fc59-4669-93e2-f1079baade23/datanode-3/data/ratis] (custom)
2022-07-12 23:22:40,298 [pool-663-thread-1] INFO  server.RaftServerConfigKeys (ConfUtils.java:logGet(46)) - raft.server.log.corruption.policy = EXCEPTION (default)
2022-07-12 23:22:40,305 [pool-663-thread-1] INFO  server.RaftServerConfigKeys (ConfUtils.java:logGet(46)) - raft.server.storage.free-space.min = 0MB (=0) (default)
2022-07-12 23:22:40,309 [pool-663-thread-1] INFO  storage.RaftStorageDirectory (RaftStorageDirectoryImpl.java:analyzeStorage(135)) - The storage directory /home/runner/work/ozone/ozone/hadoop-ozone/integration-test/target/test-dir/MiniOzoneClusterImpl-0e22dd8b-fc59-4669-93e2-f1079baade23/datanode-3/data/ratis/01627150-c03c-49bb-8356-db03694ecf5b does not exist. Creating ...
2022-07-12 23:22:40,311 [pool-663-thread-1] INFO  storage.RaftStorageDirectory (RaftStorageDirectoryImpl.java:tryLock(230)) - Lock on /home/runner/work/ozone/ozone/hadoop-ozone/integration-test/target/test-dir/MiniOzoneClusterImpl-0e22dd8b-fc59-4669-93e2-f1079baade23/datanode-3/data/ratis/01627150-c03c-49bb-8356-db03694ecf5b/in_use.lock acquired by nodename 30948@fv-az46-473
2022-07-12 23:22:40,313 [pool-663-thread-1] INFO  storage.RaftStorage (RaftStorageImpl.java:format(89)) - Storage directory /home/runner/work/ozone/ozone/hadoop-ozone/integration-test/target/test-dir/MiniOzoneClusterImpl-0e22dd8b-fc59-4669-93e2-f1079baade23/datanode-3/data/ratis/01627150-c03c-49bb-8356-db03694ecf5b has been successfully formatted.
2022-07-12 23:22:40,314 [pool-663-thread-1] INFO  ratis.ContainerStateMachine (ContainerStateMachine.java:loadSnapshot(236)) - group-DB03694ECF5B: The snapshot info is null. Setting the last applied indexto:(t:0, i:~)
2022-07-12 23:22:40,315 [pool-663-thread-1] INFO  server.RaftServerConfigKeys (ConfUtils.java:logGet(46)) - raft.server.notification.no-leader.timeout = 300s (custom)
2022-07-12 23:22:40,315 [pool-663-thread-1] INFO  server.RaftServerConfigKeys (ConfUtils.java:logGet(46)) - raft.server.log.use.memory = false (default)
2022-07-12 23:22:40,315 [pool-663-thread-1] INFO  server.RaftServerConfigKeys (ConfUtils.java:logGet(46)) - raft.server.log.purge.gap = 1000000 (custom)
2022-07-12 23:22:40,315 [pool-663-thread-1] INFO  server.RaftServerConfigKeys (ConfUtils.java:logGet(46)) - raft.server.log.appender.buffer.byte-limit = 33554432 (custom)
2022-07-12 23:22:40,315 [pool-663-thread-1] INFO  server.RaftServerConfigKeys (ConfUtils.java:logGet(46)) - raft.server.log.statemachine.data.read.timeout = 1000ms (default)
2022-07-12 23:22:40,315 [pool-663-thread-1] INFO  server.RaftServerConfigKeys (ConfUtils.java:logGet(46)) - raft.server.log.segment.size.max = 1048576 (custom)
2022-07-12 23:22:40,315 [pool-663-thread-1] INFO  server.RaftServerConfigKeys (ConfUtils.java:logGet(46)) - raft.server.log.segment.cache.num.max = 2 (custom)
2022-07-12 23:22:40,315 [pool-663-thread-1] INFO  server.RaftServerConfigKeys (ConfUtils.java:logGet(46)) - raft.server.log.segment.cache.size.max = 200MB (=209715200) (default)
2022-07-12 23:22:40,316 [pool-663-thread-1] INFO  segmented.SegmentedRaftLogWorker (SegmentedRaftLogWorker.java:<init>(187)) - new 5f7d0233-0975-4d49-9cf7-de4a2550fad2@group-DB03694ECF5B-SegmentedRaftLogWorker for RaftStorageImpl:Storage Directory /home/runner/work/ozone/ozone/hadoop-ozone/integration-test/target/test-dir/MiniOzoneClusterImpl-0e22dd8b-fc59-4669-93e2-f1079baade23/datanode-3/data/ratis/01627150-c03c-49bb-8356-db03694ecf5b
2022-07-12 23:22:40,316 [pool-663-thread-1] INFO  server.RaftServerConfigKeys (ConfUtils.java:logGet(46)) - raft.server.log.queue.byte-limit = 4294967296 (custom)
2022-07-12 23:22:40,316 [pool-663-thread-1] INFO  server.RaftServerConfigKeys (ConfUtils.java:logGet(46)) - raft.server.log.queue.element-limit = 1024 (custom)
2022-07-12 23:22:40,316 [pool-663-thread-1] INFO  server.RaftServerConfigKeys (ConfUtils.java:logGet(46)) - raft.server.log.segment.size.max = 1048576 (custom)
2022-07-12 23:22:40,316 [pool-663-thread-1] INFO  server.RaftServerConfigKeys (ConfUtils.java:logGet(46)) - raft.server.log.preallocated.size = 16384 (custom)
2022-07-12 23:22:40,316 [pool-663-thread-1] INFO  server.RaftServerConfigKeys (ConfUtils.java:logGet(46)) - raft.server.log.force.sync.num = 128 (default)
2022-07-12 23:22:40,316 [pool-663-thread-1] INFO  server.RaftServerConfigKeys (ConfUtils.java:logGet(46)) - raft.server.log.statemachine.data.sync = true (default)
2022-07-12 23:22:40,316 [pool-663-thread-1] INFO  server.RaftServerConfigKeys (ConfUtils.java:logGet(46)) - raft.server.log.statemachine.data.sync.timeout = 10s (default)
2022-07-12 23:22:40,316 [pool-663-thread-1] INFO  server.RaftServerConfigKeys (ConfUtils.java:logGet(46)) - raft.server.log.statemachine.data.sync.timeout.retry = -1 (default)
2022-07-12 23:22:40,317 [pool-663-thread-1] INFO  server.RaftServerConfigKeys (ConfUtils.java:logGet(46)) - raft.server.log.write.buffer.size = 1048576 (custom)
2022-07-12 23:22:40,318 [pool-663-thread-1] INFO  server.RaftServerConfigKeys (ConfUtils.java:logGet(46)) - raft.server.log.unsafe-flush.enabled = false (default)
2022-07-12 23:22:40,318 [pool-663-thread-1] INFO  server.RaftServerConfigKeys (ConfUtils.java:logGet(46)) - raft.server.log.statemachine.data.caching.enabled = true (custom)
2022-07-12 23:22:40,318 [pool-663-thread-1] INFO  segmented.SegmentedRaftLogWorker (SegmentedRaftLogWorker.java:lambda$new$0(135)) - 5f7d0233-0975-4d49-9cf7-de4a2550fad2@group-DB03694ECF5B-SegmentedRaftLogWorker: flushIndex: setUnconditionally 0 -> -1
2022-07-12 23:22:40,318 [pool-663-thread-1] INFO  segmented.SegmentedRaftLogWorker (SegmentedRaftLogWorker.java:lambda$new$0(135)) - 5f7d0233-0975-4d49-9cf7-de4a2550fad2@group-DB03694ECF5B-SegmentedRaftLogWorker: safeCacheEvictIndex: setUnconditionally 0 -> -1
2022-07-12 23:22:40,319 [EventQueue-PipelineReportForPipelineReportHandler] INFO  pipeline.PipelineManagerImpl (PipelineManagerImpl.java:openPipeline(367)) - Pipeline Pipeline[ Id: 01627150-c03c-49bb-8356-db03694ecf5b, Nodes: 5f7d0233-0975-4d49-9cf7-de4a2550fad2{ip: 10.1.0.13, host: fv-az46-473.aox2mo1hufxu3kclv1weif3kjc.bx.internal.cloudapp.net, ports: [REPLICATION=40141, RATIS=33327, RATIS_ADMIN=33327, RATIS_SERVER=33327, STANDALONE=35755], networkLocation: /default-rack, certSerialId: null, persistedOpState: IN_SERVICE, persistedOpStateExpiryEpochSec: 0}, ReplicationConfig: RATIS/ONE, State:ALLOCATED, leaderId:5f7d0233-0975-4d49-9cf7-de4a2550fad2, CreationTimestamp2022-07-12T23:22:37.272Z[Etc/UTC]] moved to OPEN state
2022-07-12 23:22:40,320 [EventQueue-OpenPipelineForHealthyPipelineSafeModeRule] INFO  safemode.SCMSafeModeManager (HealthyPipelineSafeModeRule.java:process(137)) - SCM in safe mode. Healthy pipelines reported count is 0, required healthy pipeline reported count is 1
2022-07-12 23:22:40,321 [pool-663-thread-1] INFO  server.RaftServerConfigKeys (ConfUtils.java:logGet(46)) - raft.server.snapshot.auto.trigger.enabled = true (custom)
2022-07-12 23:22:40,321 [pool-663-thread-1] INFO  server.RaftServerConfigKeys (ConfUtils.java:logGet(46)) - raft.server.snapshot.auto.trigger.threshold = 10000 (custom)
2022-07-12 23:22:40,321 [pool-663-thread-1] INFO  server.RaftServerConfigKeys (ConfUtils.java:logGet(46)) - raft.server.snapshot.retention.file.num = 5 (custom)
2022-07-12 23:22:40,321 [pool-663-thread-1] INFO  server.RaftServerConfigKeys (ConfUtils.java:logGet(46)) - raft.server.log.purge.upto.snapshot.index = false (default)
2022-07-12 23:22:40,321 [pool-663-thread-1] INFO  server.RaftServerConfigKeys (ConfUtils.java:logGet(46)) - raft.server.retrycache.expirytime = 600000ms (custom)
2022-07-12 23:22:40,321 [pool-663-thread-1] INFO  server.RaftServerConfigKeys (ConfUtils.java:logGet(46)) - raft.server.retrycache.statistics.expirytime = 100μs (default)
2022-07-12 23:22:40,322 [pool-663-thread-1] INFO  server.RaftServerConfigKeys (ConfUtils.java:logGet(46)) - raft.server.log.appender.install.snapshot.enabled = false (custom)
2022-07-12 23:22:40,322 [pool-663-thread-1] INFO  server.RaftServerConfigKeys (ConfUtils.java:logGet(46)) - raft.server.threadpool.server.cached = true (default)
2022-07-12 23:22:40,322 [pool-663-thread-1] INFO  server.RaftServerConfigKeys (ConfUtils.java:logGet(46)) - raft.server.threadpool.server.size = 0 (default)
2022-07-12 23:22:40,322 [pool-663-thread-1] INFO  server.RaftServerConfigKeys (ConfUtils.java:logGet(46)) - raft.server.threadpool.client.cached = true (default)
2022-07-12 23:22:40,322 [pool-663-thread-1] INFO  server.RaftServerConfigKeys (ConfUtils.java:logGet(46)) - raft.server.threadpool.client.size = 0 (default)
2022-07-12 23:22:40,322 [pool-663-thread-1] INFO  server.RaftServer$Division (RaftServerImpl.java:start(310)) - 5f7d0233-0975-4d49-9cf7-de4a2550fad2@group-DB03694ECF5B: start as a follower, conf=-1: [5f7d0233-0975-4d49-9cf7-de4a2550fad2|rpc:10.1.0.13:33327|priority:1], old=null
2022-07-12 23:22:40,322 [pool-663-thread-1] INFO  server.RaftServer$Division (RaftServerImpl.java:setRole(299)) - 5f7d0233-0975-4d49-9cf7-de4a2550fad2@group-DB03694ECF5B: changes role from      null to FOLLOWER at term 0 for startAsFollower
2022-07-12 23:22:40,323 [pool-663-thread-1] INFO  impl.RoleInfo (RoleInfo.java:updateAndGet(139)) - 5f7d0233-0975-4d49-9cf7-de4a2550fad2: start 5f7d0233-0975-4d49-9cf7-de4a2550fad2@group-DB03694ECF5B-FollowerState
2022-07-12 23:22:40,325 [pool-663-thread-1] INFO  util.JmxRegister (JmxRegister.java:tryRegister(44)) - Successfully registered JMX Bean with object name Ratis:service=RaftServer,group=group-DB03694ECF5B,id=5f7d0233-0975-4d49-9cf7-de4a2550fad2
2022-07-12 23:22:40,326 [Command processor thread] INFO  ratis.XceiverServerRatis (XceiverServerRatis.java:addGroup(765)) - Created group PipelineID=01627150-c03c-49bb-8356-db03694ecf5b
2022-07-12 23:22:40,326 [Command processor thread] INFO  commandhandler.CreatePipelineCommandHandler (CreatePipelineCommandHandler.java:handle(113)) - Created Pipeline RATIS ONE PipelineID=01627150-c03c-49bb-8356-db03694ecf5b.
2022-07-12 23:22:41,236 [Listener at 127.0.0.1/43683] INFO  ozone.MiniOzoneClusterImpl (MiniOzoneClusterImpl.java:lambda$waitForClusterToBeReady$0(216)) - Nodes are ready. Got 5 of 5 DN Heartbeats.
2022-07-12 23:22:41,237 [Listener at 127.0.0.1/43683] INFO  ozone.MiniOzoneClusterImpl (MiniOzoneClusterImpl.java:lambda$waitForClusterToBeReady$0(219)) - Waiting for cluster to exit safe mode
2022-07-12 23:22:41,237 [Listener at 127.0.0.1/43683] INFO  ozone.MiniOzoneClusterImpl (MiniOzoneClusterImpl.java:lambda$waitForClusterToBeReady$0(221)) - SCM became leader
2022-07-12 23:22:41,327 [Command processor thread] INFO  server.RaftServer (RaftServerProxy.java:addNew(96)) - 1641e4ae-10df-4947-b580-c1e8e479fb48: addNew group-4A2A9D8F7040:[1641e4ae-10df-4947-b580-c1e8e479fb48|rpc:10.1.0.13:34841|priority:1] returns group-4A2A9D8F7040:java.util.concurrent.CompletableFuture@78316e16[Not completed]
2022-07-12 23:22:41,354 [pool-690-thread-1] INFO  server.RaftServer$Division (RaftServerImpl.java:<init>(190)) - 1641e4ae-10df-4947-b580-c1e8e479fb48: new RaftServerImpl for group-4A2A9D8F7040:[1641e4ae-10df-4947-b580-c1e8e479fb48|rpc:10.1.0.13:34841|priority:1] with ContainerStateMachine:uninitialized
2022-07-12 23:22:41,354 [pool-690-thread-1] INFO  server.RaftServerConfigKeys (ConfUtils.java:logGet(46)) - raft.server.rpc.timeout.min = 5s (custom)
2022-07-12 23:22:41,354 [pool-690-thread-1] INFO  server.RaftServerConfigKeys (ConfUtils.java:logGet(46)) - raft.server.rpc.timeout.max = 5200ms (custom)
2022-07-12 23:22:41,354 [pool-690-thread-1] INFO  server.RaftServerConfigKeys (ConfUtils.java:logGet(46)) - raft.server.rpc.sleep.time = 25ms (default)
2022-07-12 23:22:41,354 [pool-690-thread-1] INFO  server.RaftServerConfigKeys (ConfUtils.java:logGet(46)) - raft.server.rpc.slowness.timeout = 300s (custom)
2022-07-12 23:22:41,354 [pool-690-thread-1] INFO  server.RaftServerConfigKeys (ConfUtils.java:logGet(46)) - raft.server.leaderelection.leader.step-down.wait-time = 10s (default)
2022-07-12 23:22:41,354 [pool-690-thread-1] INFO  server.RaftServerConfigKeys (ConfUtils.java:logGet(46)) - raft.server.sleep.deviation.threshold = 300ms (default)
2022-07-12 23:22:41,354 [pool-690-thread-1] INFO  server.RaftServer$Division (ServerState.java:<init>(107)) - 1641e4ae-10df-4947-b580-c1e8e479fb48@group-4A2A9D8F7040: ConfigurationManager, init=-1: [1641e4ae-10df-4947-b580-c1e8e479fb48|rpc:10.1.0.13:34841|priority:1], old=null, confs=<EMPTY_MAP>
2022-07-12 23:22:41,354 [pool-690-thread-1] INFO  server.RaftServerConfigKeys (ConfUtils.java:logGet(46)) - raft.server.storage.dir = [/home/runner/work/ozone/ozone/hadoop-ozone/integration-test/target/test-dir/MiniOzoneClusterImpl-0e22dd8b-fc59-4669-93e2-f1079baade23/datanode-4/data/ratis] (custom)
2022-07-12 23:22:41,354 [pool-690-thread-1] INFO  server.RaftServerConfigKeys (ConfUtils.java:logGet(46)) - raft.server.log.corruption.policy = EXCEPTION (default)
2022-07-12 23:22:41,354 [pool-690-thread-1] INFO  server.RaftServerConfigKeys (ConfUtils.java:logGet(46)) - raft.server.storage.free-space.min = 0MB (=0) (default)
2022-07-12 23:22:41,354 [pool-690-thread-1] INFO  storage.RaftStorageDirectory (RaftStorageDirectoryImpl.java:analyzeStorage(135)) - The storage directory /home/runner/work/ozone/ozone/hadoop-ozone/integration-test/target/test-dir/MiniOzoneClusterImpl-0e22dd8b-fc59-4669-93e2-f1079baade23/datanode-4/data/ratis/4f448eb7-adf6-4ca7-8660-4a2a9d8f7040 does not exist. Creating ...
2022-07-12 23:22:41,369 [pool-690-thread-1] INFO  storage.RaftStorageDirectory (RaftStorageDirectoryImpl.java:tryLock(230)) - Lock on /home/runner/work/ozone/ozone/hadoop-ozone/integration-test/target/test-dir/MiniOzoneClusterImpl-0e22dd8b-fc59-4669-93e2-f1079baade23/datanode-4/data/ratis/4f448eb7-adf6-4ca7-8660-4a2a9d8f7040/in_use.lock acquired by nodename 30948@fv-az46-473
2022-07-12 23:22:41,376 [pool-690-thread-1] INFO  storage.RaftStorage (RaftStorageImpl.java:format(89)) - Storage directory /home/runner/work/ozone/ozone/hadoop-ozone/integration-test/target/test-dir/MiniOzoneClusterImpl-0e22dd8b-fc59-4669-93e2-f1079baade23/datanode-4/data/ratis/4f448eb7-adf6-4ca7-8660-4a2a9d8f7040 has been successfully formatted.
2022-07-12 23:22:41,393 [pool-690-thread-1] INFO  ratis.ContainerStateMachine (ContainerStateMachine.java:loadSnapshot(236)) - group-4A2A9D8F7040: The snapshot info is null. Setting the last applied indexto:(t:0, i:~)
2022-07-12 23:22:41,393 [pool-690-thread-1] INFO  server.RaftServerConfigKeys (ConfUtils.java:logGet(46)) - raft.server.notification.no-leader.timeout = 300s (custom)
2022-07-12 23:22:41,393 [pool-690-thread-1] INFO  server.RaftServerConfigKeys (ConfUtils.java:logGet(46)) - raft.server.log.use.memory = false (default)
2022-07-12 23:22:41,393 [pool-690-thread-1] INFO  server.RaftServerConfigKeys (ConfUtils.java:logGet(46)) - raft.server.log.purge.gap = 1000000 (custom)
2022-07-12 23:22:41,393 [pool-690-thread-1] INFO  server.RaftServerConfigKeys (ConfUtils.java:logGet(46)) - raft.server.log.appender.buffer.byte-limit = 33554432 (custom)
2022-07-12 23:22:41,393 [pool-690-thread-1] INFO  server.RaftServerConfigKeys (ConfUtils.java:logGet(46)) - raft.server.log.statemachine.data.read.timeout = 1000ms (default)
2022-07-12 23:22:41,394 [pool-690-thread-1] INFO  server.RaftServerConfigKeys (ConfUtils.java:logGet(46)) - raft.server.log.segment.size.max = 1048576 (custom)
2022-07-12 23:22:41,394 [EventQueue-PipelineReportForPipelineReportHandler] INFO  pipeline.PipelineManagerImpl (PipelineManagerImpl.java:openPipeline(367)) - Pipeline Pipeline[ Id: 4f448eb7-adf6-4ca7-8660-4a2a9d8f7040, Nodes: 1641e4ae-10df-4947-b580-c1e8e479fb48{ip: 10.1.0.13, host: fv-az46-473.aox2mo1hufxu3kclv1weif3kjc.bx.internal.cloudapp.net, ports: [REPLICATION=42027, RATIS=34841, RATIS_ADMIN=34841, RATIS_SERVER=34841, STANDALONE=41483], networkLocation: /default-rack, certSerialId: null, persistedOpState: IN_SERVICE, persistedOpStateExpiryEpochSec: 0}, ReplicationConfig: RATIS/ONE, State:ALLOCATED, leaderId:1641e4ae-10df-4947-b580-c1e8e479fb48, CreationTimestamp2022-07-12T23:22:38.329Z[Etc/UTC]] moved to OPEN state
2022-07-12 23:22:41,394 [pool-690-thread-1] INFO  server.RaftServerConfigKeys (ConfUtils.java:logGet(46)) - raft.server.log.segment.cache.num.max = 2 (custom)
2022-07-12 23:22:41,394 [pool-690-thread-1] INFO  server.RaftServerConfigKeys (ConfUtils.java:logGet(46)) - raft.server.log.segment.cache.size.max = 200MB (=209715200) (default)
2022-07-12 23:22:41,394 [pool-690-thread-1] INFO  segmented.SegmentedRaftLogWorker (SegmentedRaftLogWorker.java:<init>(187)) - new 1641e4ae-10df-4947-b580-c1e8e479fb48@group-4A2A9D8F7040-SegmentedRaftLogWorker for RaftStorageImpl:Storage Directory /home/runner/work/ozone/ozone/hadoop-ozone/integration-test/target/test-dir/MiniOzoneClusterImpl-0e22dd8b-fc59-4669-93e2-f1079baade23/datanode-4/data/ratis/4f448eb7-adf6-4ca7-8660-4a2a9d8f7040
2022-07-12 23:22:41,394 [pool-690-thread-1] INFO  server.RaftServerConfigKeys (ConfUtils.java:logGet(46)) - raft.server.log.queue.byte-limit = 4294967296 (custom)
2022-07-12 23:22:41,394 [pool-690-thread-1] INFO  server.RaftServerConfigKeys (ConfUtils.java:logGet(46)) - raft.server.log.queue.element-limit = 1024 (custom)
2022-07-12 23:22:41,394 [pool-690-thread-1] INFO  server.RaftServerConfigKeys (ConfUtils.java:logGet(46)) - raft.server.log.segment.size.max = 1048576 (custom)
2022-07-12 23:22:41,394 [pool-690-thread-1] INFO  server.RaftServerConfigKeys (ConfUtils.java:logGet(46)) - raft.server.log.preallocated.size = 16384 (custom)
2022-07-12 23:22:41,394 [pool-690-thread-1] INFO  server.RaftServerConfigKeys (ConfUtils.java:logGet(46)) - raft.server.log.force.sync.num = 128 (default)
2022-07-12 23:22:41,394 [pool-690-thread-1] INFO  server.RaftServerConfigKeys (ConfUtils.java:logGet(46)) - raft.server.log.statemachine.data.sync = true (default)
2022-07-12 23:22:41,394 [pool-690-thread-1] INFO  server.RaftServerConfigKeys (ConfUtils.java:logGet(46)) - raft.server.log.statemachine.data.sync.timeout = 10s (default)
2022-07-12 23:22:41,394 [pool-690-thread-1] INFO  server.RaftServerConfigKeys (ConfUtils.java:logGet(46)) - raft.server.log.statemachine.data.sync.timeout.retry = -1 (default)
2022-07-12 23:22:41,396 [EventQueue-OpenPipelineForHealthyPipelineSafeModeRule] INFO  safemode.SCMSafeModeManager (HealthyPipelineSafeModeRule.java:process(137)) - SCM in safe mode. Healthy pipelines reported count is 0, required healthy pipeline reported count is 1
2022-07-12 23:22:41,397 [pool-690-thread-1] INFO  server.RaftServerConfigKeys (ConfUtils.java:logGet(46)) - raft.server.log.write.buffer.size = 1048576 (custom)
2022-07-12 23:22:41,398 [pool-690-thread-1] INFO  server.RaftServerConfigKeys (ConfUtils.java:logGet(46)) - raft.server.log.unsafe-flush.enabled = false (default)
2022-07-12 23:22:41,398 [pool-690-thread-1] INFO  server.RaftServerConfigKeys (ConfUtils.java:logGet(46)) - raft.server.log.statemachine.data.caching.enabled = true (custom)
2022-07-12 23:22:41,398 [pool-690-thread-1] INFO  segmented.SegmentedRaftLogWorker (SegmentedRaftLogWorker.java:lambda$new$0(135)) - 1641e4ae-10df-4947-b580-c1e8e479fb48@group-4A2A9D8F7040-SegmentedRaftLogWorker: flushIndex: setUnconditionally 0 -> -1
2022-07-12 23:22:41,398 [pool-690-thread-1] INFO  segmented.SegmentedRaftLogWorker (SegmentedRaftLogWorker.java:lambda$new$0(135)) - 1641e4ae-10df-4947-b580-c1e8e479fb48@group-4A2A9D8F7040-SegmentedRaftLogWorker: safeCacheEvictIndex: setUnconditionally 0 -> -1
2022-07-12 23:22:41,421 [pool-690-thread-1] INFO  server.RaftServerConfigKeys (ConfUtils.java:logGet(46)) - raft.server.snapshot.auto.trigger.enabled = true (custom)
2022-07-12 23:22:41,421 [pool-690-thread-1] INFO  server.RaftServerConfigKeys (ConfUtils.java:logGet(46)) - raft.server.snapshot.auto.trigger.threshold = 10000 (custom)
2022-07-12 23:22:41,421 [pool-690-thread-1] INFO  server.RaftServerConfigKeys (ConfUtils.java:logGet(46)) - raft.server.snapshot.retention.file.num = 5 (custom)
2022-07-12 23:22:41,421 [pool-690-thread-1] INFO  server.RaftServerConfigKeys (ConfUtils.java:logGet(46)) - raft.server.log.purge.upto.snapshot.index = false (default)
2022-07-12 23:22:41,421 [pool-690-thread-1] INFO  server.RaftServerConfigKeys (ConfUtils.java:logGet(46)) - raft.server.retrycache.expirytime = 600000ms (custom)
2022-07-12 23:22:41,421 [pool-690-thread-1] INFO  server.RaftServerConfigKeys (ConfUtils.java:logGet(46)) - raft.server.retrycache.statistics.expirytime = 100μs (default)
2022-07-12 23:22:41,422 [pool-690-thread-1] INFO  server.RaftServerConfigKeys (ConfUtils.java:logGet(46)) - raft.server.log.appender.install.snapshot.enabled = false (custom)
2022-07-12 23:22:41,422 [pool-690-thread-1] INFO  server.RaftServerConfigKeys (ConfUtils.java:logGet(46)) - raft.server.threadpool.server.cached = true (default)
2022-07-12 23:22:41,422 [pool-690-thread-1] INFO  server.RaftServerConfigKeys (ConfUtils.java:logGet(46)) - raft.server.threadpool.server.size = 0 (default)
2022-07-12 23:22:41,422 [pool-690-thread-1] INFO  server.RaftServerConfigKeys (ConfUtils.java:logGet(46)) - raft.server.threadpool.client.cached = true (default)
2022-07-12 23:22:41,422 [pool-690-thread-1] INFO  server.RaftServerConfigKeys (ConfUtils.java:logGet(46)) - raft.server.threadpool.client.size = 0 (default)
2022-07-12 23:22:41,422 [pool-690-thread-1] INFO  server.RaftServer$Division (RaftServerImpl.java:start(310)) - 1641e4ae-10df-4947-b580-c1e8e479fb48@group-4A2A9D8F7040: start as a follower, conf=-1: [1641e4ae-10df-4947-b580-c1e8e479fb48|rpc:10.1.0.13:34841|priority:1], old=null
2022-07-12 23:22:41,422 [pool-690-thread-1] INFO  server.RaftServer$Division (RaftServerImpl.java:setRole(299)) - 1641e4ae-10df-4947-b580-c1e8e479fb48@group-4A2A9D8F7040: changes role from      null to FOLLOWER at term 0 for startAsFollower
2022-07-12 23:22:41,422 [pool-690-thread-1] INFO  impl.RoleInfo (RoleInfo.java:updateAndGet(139)) - 1641e4ae-10df-4947-b580-c1e8e479fb48: start 1641e4ae-10df-4947-b580-c1e8e479fb48@group-4A2A9D8F7040-FollowerState
2022-07-12 23:22:41,449 [pool-690-thread-1] INFO  util.JmxRegister (JmxRegister.java:tryRegister(44)) - Successfully registered JMX Bean with object name Ratis:service=RaftServer,group=group-4A2A9D8F7040,id=1641e4ae-10df-4947-b580-c1e8e479fb48
2022-07-12 23:22:41,452 [Command processor thread] INFO  ratis.XceiverServerRatis (XceiverServerRatis.java:addGroup(765)) - Created group PipelineID=4f448eb7-adf6-4ca7-8660-4a2a9d8f7040
2022-07-12 23:22:41,452 [Command processor thread] INFO  commandhandler.CreatePipelineCommandHandler (CreatePipelineCommandHandler.java:handle(113)) - Created Pipeline RATIS ONE PipelineID=4f448eb7-adf6-4ca7-8660-4a2a9d8f7040.
2022-07-12 23:22:42,237 [Listener at 127.0.0.1/43683] INFO  ozone.MiniOzoneClusterImpl (MiniOzoneClusterImpl.java:lambda$waitForClusterToBeReady$0(216)) - Nodes are ready. Got 5 of 5 DN Heartbeats.
2022-07-12 23:22:42,237 [Listener at 127.0.0.1/43683] INFO  ozone.MiniOzoneClusterImpl (MiniOzoneClusterImpl.java:lambda$waitForClusterToBeReady$0(219)) - Waiting for cluster to exit safe mode
2022-07-12 23:22:42,237 [Listener at 127.0.0.1/43683] INFO  ozone.MiniOzoneClusterImpl (MiniOzoneClusterImpl.java:lambda$waitForClusterToBeReady$0(221)) - SCM became leader
2022-07-12 23:22:42,441 [f86a3de6-fa90-4082-aec2-64cbafe88bfb@group-4550C4ECA59A-FollowerState] INFO  impl.FollowerState (FollowerState.java:run(143)) - f86a3de6-fa90-4082-aec2-64cbafe88bfb@group-4550C4ECA59A-FollowerState: change to CANDIDATE, lastRpcElapsedTime:5203284482ns, electionTimeout:5186ms
2022-07-12 23:22:42,441 [f86a3de6-fa90-4082-aec2-64cbafe88bfb@group-4550C4ECA59A-FollowerState] INFO  impl.RoleInfo (RoleInfo.java:shutdownFollowerState(110)) - f86a3de6-fa90-4082-aec2-64cbafe88bfb: shutdown f86a3de6-fa90-4082-aec2-64cbafe88bfb@group-4550C4ECA59A-FollowerState
2022-07-12 23:22:42,441 [f86a3de6-fa90-4082-aec2-64cbafe88bfb@group-4550C4ECA59A-FollowerState] INFO  server.RaftServer$Division (RaftServerImpl.java:setRole(299)) - f86a3de6-fa90-4082-aec2-64cbafe88bfb@group-4550C4ECA59A: changes role from  FOLLOWER to CANDIDATE at term 0 for changeToCandidate
2022-07-12 23:22:42,441 [f86a3de6-fa90-4082-aec2-64cbafe88bfb@group-4550C4ECA59A-FollowerState] INFO  server.RaftServerConfigKeys (ConfUtils.java:logGet(46)) - raft.server.leaderelection.pre-vote = false (custom)
2022-07-12 23:22:42,441 [f86a3de6-fa90-4082-aec2-64cbafe88bfb@group-4550C4ECA59A-FollowerState] INFO  impl.RoleInfo (RoleInfo.java:updateAndGet(139)) - f86a3de6-fa90-4082-aec2-64cbafe88bfb: start f86a3de6-fa90-4082-aec2-64cbafe88bfb@group-4550C4ECA59A-LeaderElection35
2022-07-12 23:22:42,484 [f86a3de6-fa90-4082-aec2-64cbafe88bfb@group-4550C4ECA59A-LeaderElection35] INFO  impl.LeaderElection (LeaderElection.java:askForVotes(310)) - f86a3de6-fa90-4082-aec2-64cbafe88bfb@group-4550C4ECA59A-LeaderElection35 ELECTION round 0: submit vote requests at term 1 for -1: [f86a3de6-fa90-4082-aec2-64cbafe88bfb|rpc:10.1.0.13:41481|priority:1], old=null
2022-07-12 23:22:42,485 [f86a3de6-fa90-4082-aec2-64cbafe88bfb@group-4550C4ECA59A-LeaderElection35] INFO  impl.LeaderElection (LeaderElection.java:askForVotes(312)) - f86a3de6-fa90-4082-aec2-64cbafe88bfb@group-4550C4ECA59A-LeaderElection35 ELECTION round 0: result PASSED (term=1)
2022-07-12 23:22:42,485 [f86a3de6-fa90-4082-aec2-64cbafe88bfb@group-4550C4ECA59A-LeaderElection35] INFO  impl.RoleInfo (RoleInfo.java:shutdownLeaderElection(130)) - f86a3de6-fa90-4082-aec2-64cbafe88bfb: shutdown f86a3de6-fa90-4082-aec2-64cbafe88bfb@group-4550C4ECA59A-LeaderElection35
2022-07-12 23:22:42,485 [f86a3de6-fa90-4082-aec2-64cbafe88bfb@group-4550C4ECA59A-LeaderElection35] INFO  server.RaftServer$Division (RaftServerImpl.java:setRole(299)) - f86a3de6-fa90-4082-aec2-64cbafe88bfb@group-4550C4ECA59A: changes role from CANDIDATE to LEADER at term 1 for changeToLeader
2022-07-12 23:22:42,485 [f86a3de6-fa90-4082-aec2-64cbafe88bfb@group-4550C4ECA59A-LeaderElection35] INFO  ratis.XceiverServerRatis (XceiverServerRatis.java:handleLeaderChangedNotification(863)) - Leader change notification received for group: group-4550C4ECA59A with new leaderId: f86a3de6-fa90-4082-aec2-64cbafe88bfb
2022-07-12 23:22:42,485 [f86a3de6-fa90-4082-aec2-64cbafe88bfb@group-4550C4ECA59A-LeaderElection35] INFO  server.RaftServer$Division (ServerState.java:setLeader(287)) - f86a3de6-fa90-4082-aec2-64cbafe88bfb@group-4550C4ECA59A: change Leader from null to f86a3de6-fa90-4082-aec2-64cbafe88bfb at term 1 for becomeLeader, leader elected after 5326ms
2022-07-12 23:22:42,485 [f86a3de6-fa90-4082-aec2-64cbafe88bfb@group-4550C4ECA59A-LeaderElection35] INFO  server.RaftServerConfigKeys (ConfUtils.java:logGet(46)) - raft.server.staging.catchup.gap = 1000 (default)
2022-07-12 23:22:42,485 [f86a3de6-fa90-4082-aec2-64cbafe88bfb@group-4550C4ECA59A-LeaderElection35] INFO  server.RaftServerConfigKeys (ConfUtils.java:logGet(46)) - raft.server.write.element-limit = 1024 (custom)
2022-07-12 23:22:42,485 [f86a3de6-fa90-4082-aec2-64cbafe88bfb@group-4550C4ECA59A-LeaderElection35] INFO  server.RaftServerConfigKeys (ConfUtils.java:logGet(46)) - raft.server.write.byte-limit = 1024 M (=1073741824) (custom)
2022-07-12 23:22:42,486 [EventQueue-OpenPipelineForHealthyPipelineSafeModeRule] INFO  safemode.SCMSafeModeManager (HealthyPipelineSafeModeRule.java:process(137)) - SCM in safe mode. Healthy pipelines reported count is 0, required healthy pipeline reported count is 1
2022-07-12 23:22:42,486 [f86a3de6-fa90-4082-aec2-64cbafe88bfb@group-4550C4ECA59A-LeaderElection35] INFO  server.RaftServerConfigKeys (ConfUtils.java:logGet(46)) - raft.server.watch.timeout = 180s (custom)
2022-07-12 23:22:42,486 [f86a3de6-fa90-4082-aec2-64cbafe88bfb@group-4550C4ECA59A-LeaderElection35] INFO  server.RaftServerConfigKeys (ConfUtils.java:logGet(46)) - raft.server.watch.timeout.denomination = 1s (default)
2022-07-12 23:22:42,486 [f86a3de6-fa90-4082-aec2-64cbafe88bfb@group-4550C4ECA59A-LeaderElection35] INFO  server.RaftServerConfigKeys (ConfUtils.java:logGet(46)) - raft.server.watch.element-limit = 65536 (default)
2022-07-12 23:22:42,486 [f86a3de6-fa90-4082-aec2-64cbafe88bfb@group-4550C4ECA59A-LeaderElection35] INFO  server.RaftServerConfigKeys (ConfUtils.java:logGet(46)) - raft.server.write.element-limit = 1024 (custom)
2022-07-12 23:22:42,486 [f86a3de6-fa90-4082-aec2-64cbafe88bfb@group-4550C4ECA59A-LeaderElection35] INFO  server.RaftServerConfigKeys (ConfUtils.java:logGet(46)) - raft.server.write.follower.gap.ratio.max = -1.0 (default)
2022-07-12 23:22:42,486 [f86a3de6-fa90-4082-aec2-64cbafe88bfb@group-4550C4ECA59A-LeaderElection35] INFO  impl.RoleInfo (RoleInfo.java:updateAndGet(139)) - f86a3de6-fa90-4082-aec2-64cbafe88bfb: start f86a3de6-fa90-4082-aec2-64cbafe88bfb@group-4550C4ECA59A-LeaderStateImpl
2022-07-12 23:22:42,487 [f86a3de6-fa90-4082-aec2-64cbafe88bfb@group-4550C4ECA59A-LeaderElection35] INFO  segmented.SegmentedRaftLogWorker (SegmentedRaftLogWorker.java:startLogSegment(425)) - f86a3de6-fa90-4082-aec2-64cbafe88bfb@group-4550C4ECA59A-SegmentedRaftLogWorker: Starting segment from index:0
2022-07-12 23:22:42,489 [f86a3de6-fa90-4082-aec2-64cbafe88bfb@group-4550C4ECA59A-SegmentedRaftLogWorker] INFO  segmented.SegmentedRaftLogWorker (SegmentedRaftLogWorker.java:execute(629)) - f86a3de6-fa90-4082-aec2-64cbafe88bfb@group-4550C4ECA59A-SegmentedRaftLogWorker: created new log segment /home/runner/work/ozone/ozone/hadoop-ozone/integration-test/target/test-dir/MiniOzoneClusterImpl-0e22dd8b-fc59-4669-93e2-f1079baade23/datanode-0/data/ratis/eec205c4-aa9f-4fd8-b2bc-4550c4eca59a/current/log_inprogress_0
2022-07-12 23:22:42,496 [f86a3de6-fa90-4082-aec2-64cbafe88bfb@group-E7D9884B8C54-FollowerState] INFO  impl.FollowerState (FollowerState.java:run(143)) - f86a3de6-fa90-4082-aec2-64cbafe88bfb@group-E7D9884B8C54-FollowerState: change to CANDIDATE, lastRpcElapsedTime:5186875140ns, electionTimeout:5174ms
2022-07-12 23:22:42,496 [f86a3de6-fa90-4082-aec2-64cbafe88bfb@group-E7D9884B8C54-FollowerState] INFO  impl.RoleInfo (RoleInfo.java:shutdownFollowerState(110)) - f86a3de6-fa90-4082-aec2-64cbafe88bfb: shutdown f86a3de6-fa90-4082-aec2-64cbafe88bfb@group-E7D9884B8C54-FollowerState
2022-07-12 23:22:42,496 [f86a3de6-fa90-4082-aec2-64cbafe88bfb@group-E7D9884B8C54-FollowerState] INFO  server.RaftServer$Division (RaftServerImpl.java:setRole(299)) - f86a3de6-fa90-4082-aec2-64cbafe88bfb@group-E7D9884B8C54: changes role from  FOLLOWER to CANDIDATE at term 0 for changeToCandidate
2022-07-12 23:22:42,501 [f86a3de6-fa90-4082-aec2-64cbafe88bfb@group-4550C4ECA59A-LeaderElection35] INFO  server.RaftServer$Division (ServerState.java:setRaftConf(393)) - f86a3de6-fa90-4082-aec2-64cbafe88bfb@group-4550C4ECA59A: set configuration 0: [f86a3de6-fa90-4082-aec2-64cbafe88bfb|rpc:10.1.0.13:41481|dataStream:|priority:1], old=null
2022-07-12 23:22:42,531 [f86a3de6-fa90-4082-aec2-64cbafe88bfb@group-E7D9884B8C54-FollowerState] INFO  server.RaftServerConfigKeys (ConfUtils.java:logGet(46)) - raft.server.leaderelection.pre-vote = false (custom)
2022-07-12 23:22:42,531 [f86a3de6-fa90-4082-aec2-64cbafe88bfb@group-E7D9884B8C54-FollowerState] INFO  impl.RoleInfo (RoleInfo.java:updateAndGet(139)) - f86a3de6-fa90-4082-aec2-64cbafe88bfb: start f86a3de6-fa90-4082-aec2-64cbafe88bfb@group-E7D9884B8C54-LeaderElection36
2022-07-12 23:22:42,582 [f86a3de6-fa90-4082-aec2-64cbafe88bfb@group-E7D9884B8C54-LeaderElection36] INFO  impl.LeaderElection (LeaderElection.java:askForVotes(310)) - f86a3de6-fa90-4082-aec2-64cbafe88bfb@group-E7D9884B8C54-LeaderElection36 ELECTION round 0: submit vote requests at term 1 for -1: [95d2a9a6-1343-48cb-8e55-18ad167fad0e|rpc:10.1.0.13:37471|priority:0, f86a3de6-fa90-4082-aec2-64cbafe88bfb|rpc:10.1.0.13:41481|priority:1, d8f6f594-8e93-48ac-9153-9e8fd018aa2e|rpc:10.1.0.13:43455|priority:0], old=null
2022-07-12 23:22:42,584 [95d2a9a6-1343-48cb-8e55-18ad167fad0e@group-E7D9884B8C54-FollowerState] INFO  impl.FollowerState (FollowerState.java:run(143)) - 95d2a9a6-1343-48cb-8e55-18ad167fad0e@group-E7D9884B8C54-FollowerState: change to CANDIDATE, lastRpcElapsedTime:5051945475ns, electionTimeout:5042ms
2022-07-12 23:22:42,584 [95d2a9a6-1343-48cb-8e55-18ad167fad0e@group-E7D9884B8C54-FollowerState] INFO  impl.RoleInfo (RoleInfo.java:shutdownFollowerState(110)) - 95d2a9a6-1343-48cb-8e55-18ad167fad0e: shutdown 95d2a9a6-1343-48cb-8e55-18ad167fad0e@group-E7D9884B8C54-FollowerState
2022-07-12 23:22:42,584 [95d2a9a6-1343-48cb-8e55-18ad167fad0e@group-E7D9884B8C54-FollowerState] INFO  server.RaftServer$Division (RaftServerImpl.java:setRole(299)) - 95d2a9a6-1343-48cb-8e55-18ad167fad0e@group-E7D9884B8C54: changes role from  FOLLOWER to CANDIDATE at term 0 for changeToCandidate
2022-07-12 23:22:42,601 [95d2a9a6-1343-48cb-8e55-18ad167fad0e@group-E7D9884B8C54-FollowerState] INFO  server.RaftServerConfigKeys (ConfUtils.java:logGet(46)) - raft.server.leaderelection.pre-vote = false (custom)
2022-07-12 23:22:42,602 [95d2a9a6-1343-48cb-8e55-18ad167fad0e@group-E7D9884B8C54-FollowerState] INFO  impl.RoleInfo (RoleInfo.java:updateAndGet(139)) - 95d2a9a6-1343-48cb-8e55-18ad167fad0e: start 95d2a9a6-1343-48cb-8e55-18ad167fad0e@group-E7D9884B8C54-LeaderElection37
2022-07-12 23:22:42,663 [95d2a9a6-1343-48cb-8e55-18ad167fad0e@group-E7D9884B8C54-LeaderElection37] INFO  impl.LeaderElection (LeaderElection.java:askForVotes(310)) - 95d2a9a6-1343-48cb-8e55-18ad167fad0e@group-E7D9884B8C54-LeaderElection37 ELECTION round 0: submit vote requests at term 1 for -1: [95d2a9a6-1343-48cb-8e55-18ad167fad0e|rpc:10.1.0.13:37471|dataStream:|priority:0, f86a3de6-fa90-4082-aec2-64cbafe88bfb|rpc:10.1.0.13:41481|dataStream:|priority:1, d8f6f594-8e93-48ac-9153-9e8fd018aa2e|rpc:10.1.0.13:43455|dataStream:|priority:0], old=null
2022-07-12 23:22:42,734 [grpc-default-executor-0] INFO  server.RaftServer$Division (RaftServerImpl.java:requestVote(1152)) - 95d2a9a6-1343-48cb-8e55-18ad167fad0e@group-E7D9884B8C54: receive requestVote(ELECTION, f86a3de6-fa90-4082-aec2-64cbafe88bfb, group-E7D9884B8C54, 1, (t:0, i:0))
2022-07-12 23:22:42,734 [grpc-default-executor-0] INFO  impl.VoteContext (VoteContext.java:log(48)) - 95d2a9a6-1343-48cb-8e55-18ad167fad0e@group-E7D9884B8C54-CANDIDATE: reject ELECTION from f86a3de6-fa90-4082-aec2-64cbafe88bfb: already has voted for 95d2a9a6-1343-48cb-8e55-18ad167fad0e at current term 1
2022-07-12 23:22:42,734 [grpc-default-executor-0] INFO  server.RaftServer$Division (RaftServerImpl.java:requestVote(1184)) - 95d2a9a6-1343-48cb-8e55-18ad167fad0e@group-E7D9884B8C54 replies to ELECTION vote request: f86a3de6-fa90-4082-aec2-64cbafe88bfb<-95d2a9a6-1343-48cb-8e55-18ad167fad0e#0:FAIL-t1. Peer's state: 95d2a9a6-1343-48cb-8e55-18ad167fad0e@group-E7D9884B8C54:t1, leader=null, voted=95d2a9a6-1343-48cb-8e55-18ad167fad0e, raftlog=95d2a9a6-1343-48cb-8e55-18ad167fad0e@group-E7D9884B8C54-SegmentedRaftLog:OPENED:c-1, conf=-1: [95d2a9a6-1343-48cb-8e55-18ad167fad0e|rpc:10.1.0.13:37471|dataStream:|priority:0, f86a3de6-fa90-4082-aec2-64cbafe88bfb|rpc:10.1.0.13:41481|dataStream:|priority:1, d8f6f594-8e93-48ac-9153-9e8fd018aa2e|rpc:10.1.0.13:43455|dataStream:|priority:0], old=null
2022-07-12 23:22:42,761 [grpc-default-executor-0] INFO  server.RaftServer$Division (RaftServerImpl.java:requestVote(1152)) - f86a3de6-fa90-4082-aec2-64cbafe88bfb@group-E7D9884B8C54: receive requestVote(ELECTION, 95d2a9a6-1343-48cb-8e55-18ad167fad0e, group-E7D9884B8C54, 1, (t:0, i:0))
2022-07-12 23:22:42,761 [grpc-default-executor-0] INFO  impl.VoteContext (VoteContext.java:log(48)) - f86a3de6-fa90-4082-aec2-64cbafe88bfb@group-E7D9884B8C54-CANDIDATE: reject ELECTION from 95d2a9a6-1343-48cb-8e55-18ad167fad0e: already has voted for f86a3de6-fa90-4082-aec2-64cbafe88bfb at current term 1
2022-07-12 23:22:42,762 [grpc-default-executor-0] INFO  server.RaftServer$Division (RaftServerImpl.java:requestVote(1184)) - f86a3de6-fa90-4082-aec2-64cbafe88bfb@group-E7D9884B8C54 replies to ELECTION vote request: 95d2a9a6-1343-48cb-8e55-18ad167fad0e<-f86a3de6-fa90-4082-aec2-64cbafe88bfb#0:FAIL-t1. Peer's state: f86a3de6-fa90-4082-aec2-64cbafe88bfb@group-E7D9884B8C54:t1, leader=null, voted=f86a3de6-fa90-4082-aec2-64cbafe88bfb, raftlog=f86a3de6-fa90-4082-aec2-64cbafe88bfb@group-E7D9884B8C54-SegmentedRaftLog:OPENED:c-1, conf=-1: [95d2a9a6-1343-48cb-8e55-18ad167fad0e|rpc:10.1.0.13:37471|priority:0, f86a3de6-fa90-4082-aec2-64cbafe88bfb|rpc:10.1.0.13:41481|priority:1, d8f6f594-8e93-48ac-9153-9e8fd018aa2e|rpc:10.1.0.13:43455|priority:0], old=null
2022-07-12 23:22:42,781 [95d2a9a6-1343-48cb-8e55-18ad167fad0e@group-E7D9884B8C54-LeaderElection37] INFO  impl.LeaderElection (LeaderElection.java:logAndReturn(90)) - 95d2a9a6-1343-48cb-8e55-18ad167fad0e@group-E7D9884B8C54-LeaderElection37: ELECTION REJECTED received 1 response(s) and 0 exception(s):
2022-07-12 23:22:42,781 [95d2a9a6-1343-48cb-8e55-18ad167fad0e@group-E7D9884B8C54-LeaderElection37] INFO  impl.LeaderElection (LeaderElection.java:logAndReturn(94)) -   Response 0: 95d2a9a6-1343-48cb-8e55-18ad167fad0e<-f86a3de6-fa90-4082-aec2-64cbafe88bfb#0:FAIL-t1
2022-07-12 23:22:42,781 [95d2a9a6-1343-48cb-8e55-18ad167fad0e@group-E7D9884B8C54-LeaderElection37] INFO  impl.LeaderElection (LeaderElection.java:askForVotes(312)) - 95d2a9a6-1343-48cb-8e55-18ad167fad0e@group-E7D9884B8C54-LeaderElection37 ELECTION round 0: result REJECTED
2022-07-12 23:22:42,781 [95d2a9a6-1343-48cb-8e55-18ad167fad0e@group-E7D9884B8C54-LeaderElection37] INFO  server.RaftServer$Division (RaftServerImpl.java:setRole(299)) - 95d2a9a6-1343-48cb-8e55-18ad167fad0e@group-E7D9884B8C54: changes role from CANDIDATE to FOLLOWER at term 1 for REJECTED
2022-07-12 23:22:42,781 [95d2a9a6-1343-48cb-8e55-18ad167fad0e@group-E7D9884B8C54-LeaderElection37] INFO  impl.RoleInfo (RoleInfo.java:shutdownLeaderElection(130)) - 95d2a9a6-1343-48cb-8e55-18ad167fad0e: shutdown 95d2a9a6-1343-48cb-8e55-18ad167fad0e@group-E7D9884B8C54-LeaderElection37
2022-07-12 23:22:42,782 [95d2a9a6-1343-48cb-8e55-18ad167fad0e@group-E7D9884B8C54-LeaderElection37] INFO  impl.RoleInfo (RoleInfo.java:updateAndGet(139)) - 95d2a9a6-1343-48cb-8e55-18ad167fad0e: start 95d2a9a6-1343-48cb-8e55-18ad167fad0e@group-E7D9884B8C54-FollowerState
2022-07-12 23:22:42,789 [grpc-default-executor-3] INFO  server.RaftServer$Division (RaftServerImpl.java:requestVote(1152)) - d8f6f594-8e93-48ac-9153-9e8fd018aa2e@group-E7D9884B8C54: receive requestVote(ELECTION, 95d2a9a6-1343-48cb-8e55-18ad167fad0e, group-E7D9884B8C54, 1, (t:0, i:0))
2022-07-12 23:22:42,789 [grpc-default-executor-1] INFO  server.RaftServer$Division (RaftServerImpl.java:requestVote(1152)) - d8f6f594-8e93-48ac-9153-9e8fd018aa2e@group-E7D9884B8C54: receive requestVote(ELECTION, f86a3de6-fa90-4082-aec2-64cbafe88bfb, group-E7D9884B8C54, 1, (t:0, i:0))
2022-07-12 23:22:42,800 [grpc-default-executor-3] INFO  impl.VoteContext (VoteContext.java:log(48)) - d8f6f594-8e93-48ac-9153-9e8fd018aa2e@group-E7D9884B8C54-FOLLOWER: accept ELECTION from 95d2a9a6-1343-48cb-8e55-18ad167fad0e: our priority 0 <= candidate's priority 0
2022-07-12 23:22:42,800 [grpc-default-executor-3] INFO  server.RaftServer$Division (RaftServerImpl.java:setRole(299)) - d8f6f594-8e93-48ac-9153-9e8fd018aa2e@group-E7D9884B8C54: changes role from  FOLLOWER to FOLLOWER at term 1 for candidate:95d2a9a6-1343-48cb-8e55-18ad167fad0e
2022-07-12 23:22:42,800 [grpc-default-executor-3] INFO  impl.RoleInfo (RoleInfo.java:shutdownFollowerState(110)) - d8f6f594-8e93-48ac-9153-9e8fd018aa2e: shutdown d8f6f594-8e93-48ac-9153-9e8fd018aa2e@group-E7D9884B8C54-FollowerState
2022-07-12 23:22:42,800 [d8f6f594-8e93-48ac-9153-9e8fd018aa2e@group-E7D9884B8C54-FollowerState] INFO  impl.FollowerState (FollowerState.java:run(152)) - d8f6f594-8e93-48ac-9153-9e8fd018aa2e@group-E7D9884B8C54-FollowerState was interrupted
2022-07-12 23:22:42,800 [grpc-default-executor-3] INFO  impl.RoleInfo (RoleInfo.java:updateAndGet(139)) - d8f6f594-8e93-48ac-9153-9e8fd018aa2e: start d8f6f594-8e93-48ac-9153-9e8fd018aa2e@group-E7D9884B8C54-FollowerState
2022-07-12 23:22:42,838 [grpc-default-executor-3] INFO  server.RaftServer$Division (RaftServerImpl.java:requestVote(1184)) - d8f6f594-8e93-48ac-9153-9e8fd018aa2e@group-E7D9884B8C54 replies to ELECTION vote request: 95d2a9a6-1343-48cb-8e55-18ad167fad0e<-d8f6f594-8e93-48ac-9153-9e8fd018aa2e#0:OK-t1. Peer's state: d8f6f594-8e93-48ac-9153-9e8fd018aa2e@group-E7D9884B8C54:t1, leader=null, voted=95d2a9a6-1343-48cb-8e55-18ad167fad0e, raftlog=d8f6f594-8e93-48ac-9153-9e8fd018aa2e@group-E7D9884B8C54-SegmentedRaftLog:OPENED:c-1, conf=-1: [95d2a9a6-1343-48cb-8e55-18ad167fad0e|rpc:10.1.0.13:37471|dataStream:|priority:0, f86a3de6-fa90-4082-aec2-64cbafe88bfb|rpc:10.1.0.13:41481|dataStream:|priority:1, d8f6f594-8e93-48ac-9153-9e8fd018aa2e|rpc:10.1.0.13:43455|dataStream:|priority:0], old=null
2022-07-12 23:22:42,838 [grpc-default-executor-1] INFO  impl.VoteContext (VoteContext.java:log(48)) - d8f6f594-8e93-48ac-9153-9e8fd018aa2e@group-E7D9884B8C54-FOLLOWER: reject ELECTION from f86a3de6-fa90-4082-aec2-64cbafe88bfb: already has voted for 95d2a9a6-1343-48cb-8e55-18ad167fad0e at current term 1
2022-07-12 23:22:42,839 [grpc-default-executor-1] INFO  server.RaftServer$Division (RaftServerImpl.java:requestVote(1184)) - d8f6f594-8e93-48ac-9153-9e8fd018aa2e@group-E7D9884B8C54 replies to ELECTION vote request: f86a3de6-fa90-4082-aec2-64cbafe88bfb<-d8f6f594-8e93-48ac-9153-9e8fd018aa2e#0:FAIL-t1. Peer's state: d8f6f594-8e93-48ac-9153-9e8fd018aa2e@group-E7D9884B8C54:t1, leader=null, voted=95d2a9a6-1343-48cb-8e55-18ad167fad0e, raftlog=d8f6f594-8e93-48ac-9153-9e8fd018aa2e@group-E7D9884B8C54-SegmentedRaftLog:OPENED:c-1, conf=-1: [95d2a9a6-1343-48cb-8e55-18ad167fad0e|rpc:10.1.0.13:37471|dataStream:|priority:0, f86a3de6-fa90-4082-aec2-64cbafe88bfb|rpc:10.1.0.13:41481|dataStream:|priority:1, d8f6f594-8e93-48ac-9153-9e8fd018aa2e|rpc:10.1.0.13:43455|dataStream:|priority:0], old=null
2022-07-12 23:22:42,846 [f86a3de6-fa90-4082-aec2-64cbafe88bfb@group-E7D9884B8C54-LeaderElection36] INFO  impl.LeaderElection (LeaderElection.java:logAndReturn(90)) - f86a3de6-fa90-4082-aec2-64cbafe88bfb@group-E7D9884B8C54-LeaderElection36: ELECTION REJECTED received 2 response(s) and 0 exception(s):
2022-07-12 23:22:42,846 [f86a3de6-fa90-4082-aec2-64cbafe88bfb@group-E7D9884B8C54-LeaderElection36] INFO  impl.LeaderElection (LeaderElection.java:logAndReturn(94)) -   Response 0: f86a3de6-fa90-4082-aec2-64cbafe88bfb<-95d2a9a6-1343-48cb-8e55-18ad167fad0e#0:FAIL-t1
2022-07-12 23:22:42,846 [f86a3de6-fa90-4082-aec2-64cbafe88bfb@group-E7D9884B8C54-LeaderElection36] INFO  impl.LeaderElection (LeaderElection.java:logAndReturn(94)) -   Response 1: f86a3de6-fa90-4082-aec2-64cbafe88bfb<-d8f6f594-8e93-48ac-9153-9e8fd018aa2e#0:FAIL-t1
2022-07-12 23:22:42,846 [f86a3de6-fa90-4082-aec2-64cbafe88bfb@group-E7D9884B8C54-LeaderElection36] INFO  impl.LeaderElection (LeaderElection.java:askForVotes(312)) - f86a3de6-fa90-4082-aec2-64cbafe88bfb@group-E7D9884B8C54-LeaderElection36 ELECTION round 0: result REJECTED
2022-07-12 23:22:42,846 [f86a3de6-fa90-4082-aec2-64cbafe88bfb@group-E7D9884B8C54-LeaderElection36] INFO  server.RaftServer$Division (RaftServerImpl.java:setRole(299)) - f86a3de6-fa90-4082-aec2-64cbafe88bfb@group-E7D9884B8C54: changes role from CANDIDATE to FOLLOWER at term 1 for REJECTED
2022-07-12 23:22:42,846 [f86a3de6-fa90-4082-aec2-64cbafe88bfb@group-E7D9884B8C54-LeaderElection36] INFO  impl.RoleInfo (RoleInfo.java:shutdownLeaderElection(130)) - f86a3de6-fa90-4082-aec2-64cbafe88bfb: shutdown f86a3de6-fa90-4082-aec2-64cbafe88bfb@group-E7D9884B8C54-LeaderElection36
2022-07-12 23:22:42,846 [f86a3de6-fa90-4082-aec2-64cbafe88bfb@group-E7D9884B8C54-LeaderElection36] INFO  impl.RoleInfo (RoleInfo.java:updateAndGet(139)) - f86a3de6-fa90-4082-aec2-64cbafe88bfb: start f86a3de6-fa90-4082-aec2-64cbafe88bfb@group-E7D9884B8C54-FollowerState
2022-07-12 23:22:42,939 [f86a3de6-fa90-4082-aec2-64cbafe88bfb@group-D045DBB7FC30-FollowerState] INFO  impl.FollowerState (FollowerState.java:run(143)) - f86a3de6-fa90-4082-aec2-64cbafe88bfb@group-D045DBB7FC30-FollowerState: change to CANDIDATE, lastRpcElapsedTime:5117715639ns, electionTimeout:5116ms
2022-07-12 23:22:42,939 [f86a3de6-fa90-4082-aec2-64cbafe88bfb@group-D045DBB7FC30-FollowerState] INFO  impl.RoleInfo (RoleInfo.java:shutdownFollowerState(110)) - f86a3de6-fa90-4082-aec2-64cbafe88bfb: shutdown f86a3de6-fa90-4082-aec2-64cbafe88bfb@group-D045DBB7FC30-FollowerState
2022-07-12 23:22:42,940 [f86a3de6-fa90-4082-aec2-64cbafe88bfb@group-D045DBB7FC30-FollowerState] INFO  server.RaftServer$Division (RaftServerImpl.java:setRole(299)) - f86a3de6-fa90-4082-aec2-64cbafe88bfb@group-D045DBB7FC30: changes role from  FOLLOWER to CANDIDATE at term 0 for changeToCandidate
2022-07-12 23:22:42,940 [f86a3de6-fa90-4082-aec2-64cbafe88bfb@group-D045DBB7FC30-FollowerState] INFO  server.RaftServerConfigKeys (ConfUtils.java:logGet(46)) - raft.server.leaderelection.pre-vote = false (custom)
2022-07-12 23:22:42,940 [f86a3de6-fa90-4082-aec2-64cbafe88bfb@group-D045DBB7FC30-FollowerState] INFO  impl.RoleInfo (RoleInfo.java:updateAndGet(139)) - f86a3de6-fa90-4082-aec2-64cbafe88bfb: start f86a3de6-fa90-4082-aec2-64cbafe88bfb@group-D045DBB7FC30-LeaderElection38
2022-07-12 23:22:43,005 [f86a3de6-fa90-4082-aec2-64cbafe88bfb@group-D045DBB7FC30-LeaderElection38] INFO  impl.LeaderElection (LeaderElection.java:askForVotes(310)) - f86a3de6-fa90-4082-aec2-64cbafe88bfb@group-D045DBB7FC30-LeaderElection38 ELECTION round 0: submit vote requests at term 1 for -1: [95d2a9a6-1343-48cb-8e55-18ad167fad0e|rpc:10.1.0.13:37471|priority:1, f86a3de6-fa90-4082-aec2-64cbafe88bfb|rpc:10.1.0.13:41481|priority:0, d8f6f594-8e93-48ac-9153-9e8fd018aa2e|rpc:10.1.0.13:43455|priority:0], old=null
2022-07-12 23:22:43,032 [95d2a9a6-1343-48cb-8e55-18ad167fad0e@group-D045DBB7FC30-FollowerState] INFO  impl.FollowerState (FollowerState.java:run(143)) - 95d2a9a6-1343-48cb-8e55-18ad167fad0e@group-D045DBB7FC30-FollowerState: change to CANDIDATE, lastRpcElapsedTime:5148368903ns, electionTimeout:5143ms
2022-07-12 23:22:43,033 [95d2a9a6-1343-48cb-8e55-18ad167fad0e@group-D045DBB7FC30-FollowerState] INFO  impl.RoleInfo (RoleInfo.java:shutdownFollowerState(110)) - 95d2a9a6-1343-48cb-8e55-18ad167fad0e: shutdown 95d2a9a6-1343-48cb-8e55-18ad167fad0e@group-D045DBB7FC30-FollowerState
2022-07-12 23:22:43,033 [95d2a9a6-1343-48cb-8e55-18ad167fad0e@group-D045DBB7FC30-FollowerState] INFO  server.RaftServer$Division (RaftServerImpl.java:setRole(299)) - 95d2a9a6-1343-48cb-8e55-18ad167fad0e@group-D045DBB7FC30: changes role from  FOLLOWER to CANDIDATE at term 0 for changeToCandidate
2022-07-12 23:22:43,038 [95d2a9a6-1343-48cb-8e55-18ad167fad0e@group-D045DBB7FC30-FollowerState] INFO  server.RaftServerConfigKeys (ConfUtils.java:logGet(46)) - raft.server.leaderelection.pre-vote = false (custom)
2022-07-12 23:22:43,038 [95d2a9a6-1343-48cb-8e55-18ad167fad0e@group-D045DBB7FC30-FollowerState] INFO  impl.RoleInfo (RoleInfo.java:updateAndGet(139)) - 95d2a9a6-1343-48cb-8e55-18ad167fad0e: start 95d2a9a6-1343-48cb-8e55-18ad167fad0e@group-D045DBB7FC30-LeaderElection39
2022-07-12 23:22:43,062 [grpc-default-executor-3] INFO  server.RaftServer$Division (RaftServerImpl.java:requestVote(1152)) - 95d2a9a6-1343-48cb-8e55-18ad167fad0e@group-D045DBB7FC30: receive requestVote(ELECTION, f86a3de6-fa90-4082-aec2-64cbafe88bfb, group-D045DBB7FC30, 1, (t:0, i:0))
2022-07-12 23:22:43,062 [grpc-default-executor-1] INFO  server.RaftServer$Division (RaftServerImpl.java:requestVote(1152)) - d8f6f594-8e93-48ac-9153-9e8fd018aa2e@group-D045DBB7FC30: receive requestVote(ELECTION, f86a3de6-fa90-4082-aec2-64cbafe88bfb, group-D045DBB7FC30, 1, (t:0, i:0))
2022-07-12 23:22:43,062 [grpc-default-executor-1] INFO  impl.VoteContext (VoteContext.java:log(48)) - d8f6f594-8e93-48ac-9153-9e8fd018aa2e@group-D045DBB7FC30-FOLLOWER: accept ELECTION from f86a3de6-fa90-4082-aec2-64cbafe88bfb: our priority 0 <= candidate's priority 0
2022-07-12 23:22:43,062 [grpc-default-executor-1] INFO  server.RaftServer$Division (RaftServerImpl.java:setRole(299)) - d8f6f594-8e93-48ac-9153-9e8fd018aa2e@group-D045DBB7FC30: changes role from  FOLLOWER to FOLLOWER at term 1 for candidate:f86a3de6-fa90-4082-aec2-64cbafe88bfb
2022-07-12 23:22:43,063 [grpc-default-executor-1] INFO  impl.RoleInfo (RoleInfo.java:shutdownFollowerState(110)) - d8f6f594-8e93-48ac-9153-9e8fd018aa2e: shutdown d8f6f594-8e93-48ac-9153-9e8fd018aa2e@group-D045DBB7FC30-FollowerState
2022-07-12 23:22:43,063 [grpc-default-executor-1] INFO  impl.RoleInfo (RoleInfo.java:updateAndGet(139)) - d8f6f594-8e93-48ac-9153-9e8fd018aa2e: start d8f6f594-8e93-48ac-9153-9e8fd018aa2e@group-D045DBB7FC30-FollowerState
2022-07-12 23:22:43,063 [d8f6f594-8e93-48ac-9153-9e8fd018aa2e@group-D045DBB7FC30-FollowerState] INFO  impl.FollowerState (FollowerState.java:run(152)) - d8f6f594-8e93-48ac-9153-9e8fd018aa2e@group-D045DBB7FC30-FollowerState was interrupted
2022-07-12 23:22:43,068 [grpc-default-executor-1] INFO  server.RaftServer$Division (RaftServerImpl.java:requestVote(1184)) - d8f6f594-8e93-48ac-9153-9e8fd018aa2e@group-D045DBB7FC30 replies to ELECTION vote request: f86a3de6-fa90-4082-aec2-64cbafe88bfb<-d8f6f594-8e93-48ac-9153-9e8fd018aa2e#0:OK-t1. Peer's state: d8f6f594-8e93-48ac-9153-9e8fd018aa2e@group-D045DBB7FC30:t1, leader=null, voted=f86a3de6-fa90-4082-aec2-64cbafe88bfb, raftlog=d8f6f594-8e93-48ac-9153-9e8fd018aa2e@group-D045DBB7FC30-SegmentedRaftLog:OPENED:c-1, conf=-1: [95d2a9a6-1343-48cb-8e55-18ad167fad0e|rpc:10.1.0.13:37471|dataStream:|priority:1, f86a3de6-fa90-4082-aec2-64cbafe88bfb|rpc:10.1.0.13:41481|dataStream:|priority:0, d8f6f594-8e93-48ac-9153-9e8fd018aa2e|rpc:10.1.0.13:43455|dataStream:|priority:0], old=null
2022-07-12 23:22:43,090 [grpc-default-executor-3] INFO  impl.VoteContext (VoteContext.java:log(48)) - 95d2a9a6-1343-48cb-8e55-18ad167fad0e@group-D045DBB7FC30-CANDIDATE: reject ELECTION from f86a3de6-fa90-4082-aec2-64cbafe88bfb: our priority 1 > candidate's priority 0
2022-07-12 23:22:43,090 [grpc-default-executor-3] INFO  server.RaftServer$Division (RaftServerImpl.java:setRole(299)) - 95d2a9a6-1343-48cb-8e55-18ad167fad0e@group-D045DBB7FC30: changes role from CANDIDATE to FOLLOWER at term 1 for candidate:f86a3de6-fa90-4082-aec2-64cbafe88bfb
2022-07-12 23:22:43,090 [grpc-default-executor-3] INFO  impl.RoleInfo (RoleInfo.java:shutdownLeaderElection(130)) - 95d2a9a6-1343-48cb-8e55-18ad167fad0e: shutdown 95d2a9a6-1343-48cb-8e55-18ad167fad0e@group-D045DBB7FC30-LeaderElection39
2022-07-12 23:22:43,090 [grpc-default-executor-3] INFO  impl.RoleInfo (RoleInfo.java:updateAndGet(139)) - 95d2a9a6-1343-48cb-8e55-18ad167fad0e: start 95d2a9a6-1343-48cb-8e55-18ad167fad0e@group-D045DBB7FC30-FollowerState
2022-07-12 23:22:43,091 [grpc-default-executor-3] INFO  server.RaftServer$Division (RaftServerImpl.java:requestVote(1184)) - 95d2a9a6-1343-48cb-8e55-18ad167fad0e@group-D045DBB7FC30 replies to ELECTION vote request: f86a3de6-fa90-4082-aec2-64cbafe88bfb<-95d2a9a6-1343-48cb-8e55-18ad167fad0e#0:FAIL-t1. Peer's state: 95d2a9a6-1343-48cb-8e55-18ad167fad0e@group-D045DBB7FC30:t1, leader=null, voted=null, raftlog=95d2a9a6-1343-48cb-8e55-18ad167fad0e@group-D045DBB7FC30-SegmentedRaftLog:OPENED:c-1, conf=-1: [95d2a9a6-1343-48cb-8e55-18ad167fad0e|rpc:10.1.0.13:37471|dataStream:|priority:1, f86a3de6-fa90-4082-aec2-64cbafe88bfb|rpc:10.1.0.13:41481|dataStream:|priority:0, d8f6f594-8e93-48ac-9153-9e8fd018aa2e|rpc:10.1.0.13:43455|dataStream:|priority:0], old=null
2022-07-12 23:22:43,093 [f86a3de6-fa90-4082-aec2-64cbafe88bfb@group-D045DBB7FC30-LeaderElection38] INFO  impl.LeaderElection (LeaderElection.java:logAndReturn(90)) - f86a3de6-fa90-4082-aec2-64cbafe88bfb@group-D045DBB7FC30-LeaderElection38: ELECTION REJECTED received 2 response(s) and 0 exception(s):
2022-07-12 23:22:43,093 [f86a3de6-fa90-4082-aec2-64cbafe88bfb@group-D045DBB7FC30-LeaderElection38] INFO  impl.LeaderElection (LeaderElection.java:logAndReturn(94)) -   Response 0: f86a3de6-fa90-4082-aec2-64cbafe88bfb<-95d2a9a6-1343-48cb-8e55-18ad167fad0e#0:FAIL-t1
2022-07-12 23:22:43,093 [f86a3de6-fa90-4082-aec2-64cbafe88bfb@group-D045DBB7FC30-LeaderElection38] INFO  impl.LeaderElection (LeaderElection.java:logAndReturn(94)) -   Response 1: f86a3de6-fa90-4082-aec2-64cbafe88bfb<-d8f6f594-8e93-48ac-9153-9e8fd018aa2e#0:OK-t1
2022-07-12 23:22:43,093 [f86a3de6-fa90-4082-aec2-64cbafe88bfb@group-D045DBB7FC30-LeaderElection38] INFO  impl.LeaderElection (LeaderElection.java:askForVotes(312)) - f86a3de6-fa90-4082-aec2-64cbafe88bfb@group-D045DBB7FC30-LeaderElection38 ELECTION round 0: result REJECTED
2022-07-12 23:22:43,093 [f86a3de6-fa90-4082-aec2-64cbafe88bfb@group-D045DBB7FC30-LeaderElection38] INFO  server.RaftServer$Division (RaftServerImpl.java:setRole(299)) - f86a3de6-fa90-4082-aec2-64cbafe88bfb@group-D045DBB7FC30: changes role from CANDIDATE to FOLLOWER at term 1 for REJECTED
2022-07-12 23:22:43,093 [f86a3de6-fa90-4082-aec2-64cbafe88bfb@group-D045DBB7FC30-LeaderElection38] INFO  impl.RoleInfo (RoleInfo.java:shutdownLeaderElection(130)) - f86a3de6-fa90-4082-aec2-64cbafe88bfb: shutdown f86a3de6-fa90-4082-aec2-64cbafe88bfb@group-D045DBB7FC30-LeaderElection38
2022-07-12 23:22:43,093 [f86a3de6-fa90-4082-aec2-64cbafe88bfb@group-D045DBB7FC30-LeaderElection38] INFO  impl.RoleInfo (RoleInfo.java:updateAndGet(139)) - f86a3de6-fa90-4082-aec2-64cbafe88bfb: start f86a3de6-fa90-4082-aec2-64cbafe88bfb@group-D045DBB7FC30-FollowerState
2022-07-12 23:22:43,231 [95d2a9a6-1343-48cb-8e55-18ad167fad0e@group-97BEB3EC2E14-FollowerState] INFO  impl.FollowerState (FollowerState.java:run(143)) - 95d2a9a6-1343-48cb-8e55-18ad167fad0e@group-97BEB3EC2E14-FollowerState: change to CANDIDATE, lastRpcElapsedTime:5028262666ns, electionTimeout:5024ms
2022-07-12 23:22:43,232 [95d2a9a6-1343-48cb-8e55-18ad167fad0e@group-97BEB3EC2E14-FollowerState] INFO  impl.RoleInfo (RoleInfo.java:shutdownFollowerState(110)) - 95d2a9a6-1343-48cb-8e55-18ad167fad0e: shutdown 95d2a9a6-1343-48cb-8e55-18ad167fad0e@group-97BEB3EC2E14-FollowerState
2022-07-12 23:22:43,232 [95d2a9a6-1343-48cb-8e55-18ad167fad0e@group-97BEB3EC2E14-FollowerState] INFO  server.RaftServer$Division (RaftServerImpl.java:setRole(299)) - 95d2a9a6-1343-48cb-8e55-18ad167fad0e@group-97BEB3EC2E14: changes role from  FOLLOWER to CANDIDATE at term 0 for changeToCandidate
2022-07-12 23:22:43,232 [95d2a9a6-1343-48cb-8e55-18ad167fad0e@group-97BEB3EC2E14-FollowerState] INFO  server.RaftServerConfigKeys (ConfUtils.java:logGet(46)) - raft.server.leaderelection.pre-vote = false (custom)
2022-07-12 23:22:43,232 [95d2a9a6-1343-48cb-8e55-18ad167fad0e@group-97BEB3EC2E14-FollowerState] INFO  impl.RoleInfo (RoleInfo.java:updateAndGet(139)) - 95d2a9a6-1343-48cb-8e55-18ad167fad0e: start 95d2a9a6-1343-48cb-8e55-18ad167fad0e@group-97BEB3EC2E14-LeaderElection40
2022-07-12 23:22:43,239 [Listener at 127.0.0.1/43683] INFO  ozone.MiniOzoneClusterImpl (MiniOzoneClusterImpl.java:lambda$waitForClusterToBeReady$0(216)) - Nodes are ready. Got 5 of 5 DN Heartbeats.
2022-07-12 23:22:43,239 [Listener at 127.0.0.1/43683] INFO  ozone.MiniOzoneClusterImpl (MiniOzoneClusterImpl.java:lambda$waitForClusterToBeReady$0(219)) - Waiting for cluster to exit safe mode
2022-07-12 23:22:43,239 [Listener at 127.0.0.1/43683] INFO  ozone.MiniOzoneClusterImpl (MiniOzoneClusterImpl.java:lambda$waitForClusterToBeReady$0(221)) - SCM became leader
2022-07-12 23:22:43,247 [95d2a9a6-1343-48cb-8e55-18ad167fad0e@group-97BEB3EC2E14-LeaderElection40] INFO  impl.LeaderElection (LeaderElection.java:askForVotes(310)) - 95d2a9a6-1343-48cb-8e55-18ad167fad0e@group-97BEB3EC2E14-LeaderElection40 ELECTION round 0: submit vote requests at term 1 for -1: [95d2a9a6-1343-48cb-8e55-18ad167fad0e|rpc:10.1.0.13:37471|priority:1], old=null
2022-07-12 23:22:43,247 [95d2a9a6-1343-48cb-8e55-18ad167fad0e@group-97BEB3EC2E14-LeaderElection40] INFO  impl.LeaderElection (LeaderElection.java:askForVotes(312)) - 95d2a9a6-1343-48cb-8e55-18ad167fad0e@group-97BEB3EC2E14-LeaderElection40 ELECTION round 0: result PASSED (term=1)
2022-07-12 23:22:43,247 [95d2a9a6-1343-48cb-8e55-18ad167fad0e@group-97BEB3EC2E14-LeaderElection40] INFO  impl.RoleInfo (RoleInfo.java:shutdownLeaderElection(130)) - 95d2a9a6-1343-48cb-8e55-18ad167fad0e: shutdown 95d2a9a6-1343-48cb-8e55-18ad167fad0e@group-97BEB3EC2E14-LeaderElection40
2022-07-12 23:22:43,247 [95d2a9a6-1343-48cb-8e55-18ad167fad0e@group-97BEB3EC2E14-LeaderElection40] INFO  server.RaftServer$Division (RaftServerImpl.java:setRole(299)) - 95d2a9a6-1343-48cb-8e55-18ad167fad0e@group-97BEB3EC2E14: changes role from CANDIDATE to LEADER at term 1 for changeToLeader
2022-07-12 23:22:43,247 [95d2a9a6-1343-48cb-8e55-18ad167fad0e@group-97BEB3EC2E14-LeaderElection40] INFO  ratis.XceiverServerRatis (XceiverServerRatis.java:handleLeaderChangedNotification(863)) - Leader change notification received for group: group-97BEB3EC2E14 with new leaderId: 95d2a9a6-1343-48cb-8e55-18ad167fad0e
2022-07-12 23:22:43,247 [95d2a9a6-1343-48cb-8e55-18ad167fad0e@group-97BEB3EC2E14-LeaderElection40] INFO  server.RaftServer$Division (ServerState.java:setLeader(287)) - 95d2a9a6-1343-48cb-8e55-18ad167fad0e@group-97BEB3EC2E14: change Leader from null to 95d2a9a6-1343-48cb-8e55-18ad167fad0e at term 1 for becomeLeader, leader elected after 5086ms
2022-07-12 23:22:43,247 [95d2a9a6-1343-48cb-8e55-18ad167fad0e@group-97BEB3EC2E14-LeaderElection40] INFO  server.RaftServerConfigKeys (ConfUtils.java:logGet(46)) - raft.server.staging.catchup.gap = 1000 (default)
2022-07-12 23:22:43,248 [95d2a9a6-1343-48cb-8e55-18ad167fad0e@group-97BEB3EC2E14-LeaderElection40] INFO  server.RaftServerConfigKeys (ConfUtils.java:logGet(46)) - raft.server.write.element-limit = 1024 (custom)
2022-07-12 23:22:43,248 [95d2a9a6-1343-48cb-8e55-18ad167fad0e@group-97BEB3EC2E14-LeaderElection40] INFO  server.RaftServerConfigKeys (ConfUtils.java:logGet(46)) - raft.server.write.byte-limit = 1024 M (=1073741824) (custom)
2022-07-12 23:22:43,249 [95d2a9a6-1343-48cb-8e55-18ad167fad0e@group-97BEB3EC2E14-LeaderElection40] INFO  server.RaftServerConfigKeys (ConfUtils.java:logGet(46)) - raft.server.watch.timeout = 180s (custom)
2022-07-12 23:22:43,249 [95d2a9a6-1343-48cb-8e55-18ad167fad0e@group-97BEB3EC2E14-LeaderElection40] INFO  server.RaftServerConfigKeys (ConfUtils.java:logGet(46)) - raft.server.watch.timeout.denomination = 1s (default)
2022-07-12 23:22:43,249 [95d2a9a6-1343-48cb-8e55-18ad167fad0e@group-97BEB3EC2E14-LeaderElection40] INFO  server.RaftServerConfigKeys (ConfUtils.java:logGet(46)) - raft.server.watch.element-limit = 65536 (default)
2022-07-12 23:22:43,248 [EventQueue-OpenPipelineForHealthyPipelineSafeModeRule] INFO  safemode.SCMSafeModeManager (HealthyPipelineSafeModeRule.java:process(137)) - SCM in safe mode. Healthy pipelines reported count is 0, required healthy pipeline reported count is 1
2022-07-12 23:22:43,249 [95d2a9a6-1343-48cb-8e55-18ad167fad0e@group-97BEB3EC2E14-LeaderElection40] INFO  server.RaftServerConfigKeys (ConfUtils.java:logGet(46)) - raft.server.write.element-limit = 1024 (custom)
2022-07-12 23:22:43,253 [95d2a9a6-1343-48cb-8e55-18ad167fad0e@group-97BEB3EC2E14-LeaderElection40] INFO  server.RaftServerConfigKeys (ConfUtils.java:logGet(46)) - raft.server.write.follower.gap.ratio.max = -1.0 (default)
2022-07-12 23:22:43,253 [95d2a9a6-1343-48cb-8e55-18ad167fad0e@group-97BEB3EC2E14-LeaderElection40] INFO  impl.RoleInfo (RoleInfo.java:updateAndGet(139)) - 95d2a9a6-1343-48cb-8e55-18ad167fad0e: start 95d2a9a6-1343-48cb-8e55-18ad167fad0e@group-97BEB3EC2E14-LeaderStateImpl
2022-07-12 23:22:43,253 [95d2a9a6-1343-48cb-8e55-18ad167fad0e@group-97BEB3EC2E14-LeaderElection40] INFO  segmented.SegmentedRaftLogWorker (SegmentedRaftLogWorker.java:startLogSegment(425)) - 95d2a9a6-1343-48cb-8e55-18ad167fad0e@group-97BEB3EC2E14-SegmentedRaftLogWorker: Starting segment from index:0
2022-07-12 23:22:43,260 [95d2a9a6-1343-48cb-8e55-18ad167fad0e@group-97BEB3EC2E14-SegmentedRaftLogWorker] INFO  segmented.SegmentedRaftLogWorker (SegmentedRaftLogWorker.java:execute(629)) - 95d2a9a6-1343-48cb-8e55-18ad167fad0e@group-97BEB3EC2E14-SegmentedRaftLogWorker: created new log segment /home/runner/work/ozone/ozone/hadoop-ozone/integration-test/target/test-dir/MiniOzoneClusterImpl-0e22dd8b-fc59-4669-93e2-f1079baade23/datanode-1/data/ratis/d5f82010-8a60-430c-b105-97beb3ec2e14/current/log_inprogress_0
2022-07-12 23:22:43,277 [95d2a9a6-1343-48cb-8e55-18ad167fad0e@group-97BEB3EC2E14-LeaderElection40] INFO  server.RaftServer$Division (ServerState.java:setRaftConf(393)) - 95d2a9a6-1343-48cb-8e55-18ad167fad0e@group-97BEB3EC2E14: set configuration 0: [95d2a9a6-1343-48cb-8e55-18ad167fad0e|rpc:10.1.0.13:37471|dataStream:|priority:1], old=null
2022-07-12 23:22:44,089 [d8f6f594-8e93-48ac-9153-9e8fd018aa2e@group-1E8E99188219-FollowerState] INFO  impl.FollowerState (FollowerState.java:run(143)) - d8f6f594-8e93-48ac-9153-9e8fd018aa2e@group-1E8E99188219-FollowerState: change to CANDIDATE, lastRpcElapsedTime:5046979120ns, electionTimeout:5045ms
2022-07-12 23:22:44,090 [d8f6f594-8e93-48ac-9153-9e8fd018aa2e@group-1E8E99188219-FollowerState] INFO  impl.RoleInfo (RoleInfo.java:shutdownFollowerState(110)) - d8f6f594-8e93-48ac-9153-9e8fd018aa2e: shutdown d8f6f594-8e93-48ac-9153-9e8fd018aa2e@group-1E8E99188219-FollowerState
2022-07-12 23:22:44,090 [d8f6f594-8e93-48ac-9153-9e8fd018aa2e@group-1E8E99188219-FollowerState] INFO  server.RaftServer$Division (RaftServerImpl.java:setRole(299)) - d8f6f594-8e93-48ac-9153-9e8fd018aa2e@group-1E8E99188219: changes role from  FOLLOWER to CANDIDATE at term 0 for changeToCandidate
2022-07-12 23:22:44,090 [d8f6f594-8e93-48ac-9153-9e8fd018aa2e@group-1E8E99188219-FollowerState] INFO  server.RaftServerConfigKeys (ConfUtils.java:logGet(46)) - raft.server.leaderelection.pre-vote = false (custom)
2022-07-12 23:22:44,090 [d8f6f594-8e93-48ac-9153-9e8fd018aa2e@group-1E8E99188219-FollowerState] INFO  impl.RoleInfo (RoleInfo.java:updateAndGet(139)) - d8f6f594-8e93-48ac-9153-9e8fd018aa2e: start d8f6f594-8e93-48ac-9153-9e8fd018aa2e@group-1E8E99188219-LeaderElection41
2022-07-12 23:22:44,126 [d8f6f594-8e93-48ac-9153-9e8fd018aa2e@group-1E8E99188219-LeaderElection41] INFO  impl.LeaderElection (LeaderElection.java:askForVotes(310)) - d8f6f594-8e93-48ac-9153-9e8fd018aa2e@group-1E8E99188219-LeaderElection41 ELECTION round 0: submit vote requests at term 1 for -1: [d8f6f594-8e93-48ac-9153-9e8fd018aa2e|rpc:10.1.0.13:43455|priority:1], old=null
2022-07-12 23:22:44,126 [d8f6f594-8e93-48ac-9153-9e8fd018aa2e@group-1E8E99188219-LeaderElection41] INFO  impl.LeaderElection (LeaderElection.java:askForVotes(312)) - d8f6f594-8e93-48ac-9153-9e8fd018aa2e@group-1E8E99188219-LeaderElection41 ELECTION round 0: result PASSED (term=1)
2022-07-12 23:22:44,126 [d8f6f594-8e93-48ac-9153-9e8fd018aa2e@group-1E8E99188219-LeaderElection41] INFO  impl.RoleInfo (RoleInfo.java:shutdownLeaderElection(130)) - d8f6f594-8e93-48ac-9153-9e8fd018aa2e: shutdown d8f6f594-8e93-48ac-9153-9e8fd018aa2e@group-1E8E99188219-LeaderElection41
2022-07-12 23:22:44,126 [d8f6f594-8e93-48ac-9153-9e8fd018aa2e@group-1E8E99188219-LeaderElection41] INFO  server.RaftServer$Division (RaftServerImpl.java:setRole(299)) - d8f6f594-8e93-48ac-9153-9e8fd018aa2e@group-1E8E99188219: changes role from CANDIDATE to LEADER at term 1 for changeToLeader
2022-07-12 23:22:44,126 [d8f6f594-8e93-48ac-9153-9e8fd018aa2e@group-1E8E99188219-LeaderElection41] INFO  ratis.XceiverServerRatis (XceiverServerRatis.java:handleLeaderChangedNotification(863)) - Leader change notification received for group: group-1E8E99188219 with new leaderId: d8f6f594-8e93-48ac-9153-9e8fd018aa2e
2022-07-12 23:22:44,126 [d8f6f594-8e93-48ac-9153-9e8fd018aa2e@group-1E8E99188219-LeaderElection41] INFO  server.RaftServer$Division (ServerState.java:setLeader(287)) - d8f6f594-8e93-48ac-9153-9e8fd018aa2e@group-1E8E99188219: change Leader from null to d8f6f594-8e93-48ac-9153-9e8fd018aa2e at term 1 for becomeLeader, leader elected after 5098ms
2022-07-12 23:22:44,126 [d8f6f594-8e93-48ac-9153-9e8fd018aa2e@group-1E8E99188219-LeaderElection41] INFO  server.RaftServerConfigKeys (ConfUtils.java:logGet(46)) - raft.server.staging.catchup.gap = 1000 (default)
2022-07-12 23:22:44,127 [d8f6f594-8e93-48ac-9153-9e8fd018aa2e@group-1E8E99188219-LeaderElection41] INFO  server.RaftServerConfigKeys (ConfUtils.java:logGet(46)) - raft.server.write.element-limit = 1024 (custom)
2022-07-12 23:22:44,127 [d8f6f594-8e93-48ac-9153-9e8fd018aa2e@group-1E8E99188219-LeaderElection41] INFO  server.RaftServerConfigKeys (ConfUtils.java:logGet(46)) - raft.server.write.byte-limit = 1024 M (=1073741824) (custom)
2022-07-12 23:22:44,127 [d8f6f594-8e93-48ac-9153-9e8fd018aa2e@group-1E8E99188219-LeaderElection41] INFO  server.RaftServerConfigKeys (ConfUtils.java:logGet(46)) - raft.server.watch.timeout = 180s (custom)
2022-07-12 23:22:44,127 [d8f6f594-8e93-48ac-9153-9e8fd018aa2e@group-1E8E99188219-LeaderElection41] INFO  server.RaftServerConfigKeys (ConfUtils.java:logGet(46)) - raft.server.watch.timeout.denomination = 1s (default)
2022-07-12 23:22:44,127 [d8f6f594-8e93-48ac-9153-9e8fd018aa2e@group-1E8E99188219-LeaderElection41] INFO  server.RaftServerConfigKeys (ConfUtils.java:logGet(46)) - raft.server.watch.element-limit = 65536 (default)
2022-07-12 23:22:44,127 [d8f6f594-8e93-48ac-9153-9e8fd018aa2e@group-1E8E99188219-LeaderElection41] INFO  server.RaftServerConfigKeys (ConfUtils.java:logGet(46)) - raft.server.write.element-limit = 1024 (custom)
2022-07-12 23:22:44,127 [d8f6f594-8e93-48ac-9153-9e8fd018aa2e@group-1E8E99188219-LeaderElection41] INFO  server.RaftServerConfigKeys (ConfUtils.java:logGet(46)) - raft.server.write.follower.gap.ratio.max = -1.0 (default)
2022-07-12 23:22:44,127 [d8f6f594-8e93-48ac-9153-9e8fd018aa2e@group-1E8E99188219-LeaderElection41] INFO  impl.RoleInfo (RoleInfo.java:updateAndGet(139)) - d8f6f594-8e93-48ac-9153-9e8fd018aa2e: start d8f6f594-8e93-48ac-9153-9e8fd018aa2e@group-1E8E99188219-LeaderStateImpl
2022-07-12 23:22:44,127 [d8f6f594-8e93-48ac-9153-9e8fd018aa2e@group-1E8E99188219-LeaderElection41] INFO  segmented.SegmentedRaftLogWorker (SegmentedRaftLogWorker.java:startLogSegment(425)) - d8f6f594-8e93-48ac-9153-9e8fd018aa2e@group-1E8E99188219-SegmentedRaftLogWorker: Starting segment from index:0
2022-07-12 23:22:44,130 [EventQueue-OpenPipelineForHealthyPipelineSafeModeRule] INFO  safemode.SCMSafeModeManager (HealthyPipelineSafeModeRule.java:process(137)) - SCM in safe mode. Healthy pipelines reported count is 0, required healthy pipeline reported count is 1
2022-07-12 23:22:44,137 [d8f6f594-8e93-48ac-9153-9e8fd018aa2e@group-1E8E99188219-LeaderElection41] INFO  server.RaftServer$Division (ServerState.java:setRaftConf(393)) - d8f6f594-8e93-48ac-9153-9e8fd018aa2e@group-1E8E99188219: set configuration 0: [d8f6f594-8e93-48ac-9153-9e8fd018aa2e|rpc:10.1.0.13:43455|dataStream:|priority:1], old=null
2022-07-12 23:22:44,149 [d8f6f594-8e93-48ac-9153-9e8fd018aa2e@group-1E8E99188219-SegmentedRaftLogWorker] INFO  segmented.SegmentedRaftLogWorker (SegmentedRaftLogWorker.java:execute(629)) - d8f6f594-8e93-48ac-9153-9e8fd018aa2e@group-1E8E99188219-SegmentedRaftLogWorker: created new log segment /home/runner/work/ozone/ozone/hadoop-ozone/integration-test/target/test-dir/MiniOzoneClusterImpl-0e22dd8b-fc59-4669-93e2-f1079baade23/datanode-2/data/ratis/b0b82c2a-9a92-405a-bd7f-1e8e99188219/current/log_inprogress_0
2022-07-12 23:22:44,241 [Listener at 127.0.0.1/43683] INFO  ozone.MiniOzoneClusterImpl (MiniOzoneClusterImpl.java:lambda$waitForClusterToBeReady$0(216)) - Nodes are ready. Got 5 of 5 DN Heartbeats.
2022-07-12 23:22:44,241 [Listener at 127.0.0.1/43683] INFO  ozone.MiniOzoneClusterImpl (MiniOzoneClusterImpl.java:lambda$waitForClusterToBeReady$0(219)) - Waiting for cluster to exit safe mode
2022-07-12 23:22:44,241 [Listener at 127.0.0.1/43683] INFO  ozone.MiniOzoneClusterImpl (MiniOzoneClusterImpl.java:lambda$waitForClusterToBeReady$0(221)) - SCM became leader
2022-07-12 23:22:45,242 [Listener at 127.0.0.1/43683] INFO  ozone.MiniOzoneClusterImpl (MiniOzoneClusterImpl.java:lambda$waitForClusterToBeReady$0(216)) - Nodes are ready. Got 5 of 5 DN Heartbeats.
2022-07-12 23:22:45,242 [Listener at 127.0.0.1/43683] INFO  ozone.MiniOzoneClusterImpl (MiniOzoneClusterImpl.java:lambda$waitForClusterToBeReady$0(219)) - Waiting for cluster to exit safe mode
2022-07-12 23:22:45,242 [Listener at 127.0.0.1/43683] INFO  ozone.MiniOzoneClusterImpl (MiniOzoneClusterImpl.java:lambda$waitForClusterToBeReady$0(221)) - SCM became leader
2022-07-12 23:22:45,396 [5f7d0233-0975-4d49-9cf7-de4a2550fad2@group-DB03694ECF5B-FollowerState] INFO  impl.FollowerState (FollowerState.java:run(143)) - 5f7d0233-0975-4d49-9cf7-de4a2550fad2@group-DB03694ECF5B-FollowerState: change to CANDIDATE, lastRpcElapsedTime:5073134635ns, electionTimeout:5070ms
2022-07-12 23:22:45,396 [5f7d0233-0975-4d49-9cf7-de4a2550fad2@group-DB03694ECF5B-FollowerState] INFO  impl.RoleInfo (RoleInfo.java:shutdownFollowerState(110)) - 5f7d0233-0975-4d49-9cf7-de4a2550fad2: shutdown 5f7d0233-0975-4d49-9cf7-de4a2550fad2@group-DB03694ECF5B-FollowerState
2022-07-12 23:22:45,396 [5f7d0233-0975-4d49-9cf7-de4a2550fad2@group-DB03694ECF5B-FollowerState] INFO  server.RaftServer$Division (RaftServerImpl.java:setRole(299)) - 5f7d0233-0975-4d49-9cf7-de4a2550fad2@group-DB03694ECF5B: changes role from  FOLLOWER to CANDIDATE at term 0 for changeToCandidate
2022-07-12 23:22:45,396 [5f7d0233-0975-4d49-9cf7-de4a2550fad2@group-DB03694ECF5B-FollowerState] INFO  server.RaftServerConfigKeys (ConfUtils.java:logGet(46)) - raft.server.leaderelection.pre-vote = false (custom)
2022-07-12 23:22:45,396 [5f7d0233-0975-4d49-9cf7-de4a2550fad2@group-DB03694ECF5B-FollowerState] INFO  impl.RoleInfo (RoleInfo.java:updateAndGet(139)) - 5f7d0233-0975-4d49-9cf7-de4a2550fad2: start 5f7d0233-0975-4d49-9cf7-de4a2550fad2@group-DB03694ECF5B-LeaderElection42
2022-07-12 23:22:45,450 [5f7d0233-0975-4d49-9cf7-de4a2550fad2@group-DB03694ECF5B-LeaderElection42] INFO  impl.LeaderElection (LeaderElection.java:askForVotes(310)) - 5f7d0233-0975-4d49-9cf7-de4a2550fad2@group-DB03694ECF5B-LeaderElection42 ELECTION round 0: submit vote requests at term 1 for -1: [5f7d0233-0975-4d49-9cf7-de4a2550fad2|rpc:10.1.0.13:33327|priority:1], old=null
2022-07-12 23:22:45,450 [5f7d0233-0975-4d49-9cf7-de4a2550fad2@group-DB03694ECF5B-LeaderElection42] INFO  impl.LeaderElection (LeaderElection.java:askForVotes(312)) - 5f7d0233-0975-4d49-9cf7-de4a2550fad2@group-DB03694ECF5B-LeaderElection42 ELECTION round 0: result PASSED (term=1)
2022-07-12 23:22:45,450 [5f7d0233-0975-4d49-9cf7-de4a2550fad2@group-DB03694ECF5B-LeaderElection42] INFO  impl.RoleInfo (RoleInfo.java:shutdownLeaderElection(130)) - 5f7d0233-0975-4d49-9cf7-de4a2550fad2: shutdown 5f7d0233-0975-4d49-9cf7-de4a2550fad2@group-DB03694ECF5B-LeaderElection42
2022-07-12 23:22:45,450 [5f7d0233-0975-4d49-9cf7-de4a2550fad2@group-DB03694ECF5B-LeaderElection42] INFO  server.RaftServer$Division (RaftServerImpl.java:setRole(299)) - 5f7d0233-0975-4d49-9cf7-de4a2550fad2@group-DB03694ECF5B: changes role from CANDIDATE to LEADER at term 1 for changeToLeader
2022-07-12 23:22:45,450 [5f7d0233-0975-4d49-9cf7-de4a2550fad2@group-DB03694ECF5B-LeaderElection42] INFO  ratis.XceiverServerRatis (XceiverServerRatis.java:handleLeaderChangedNotification(863)) - Leader change notification received for group: group-DB03694ECF5B with new leaderId: 5f7d0233-0975-4d49-9cf7-de4a2550fad2
2022-07-12 23:22:45,450 [5f7d0233-0975-4d49-9cf7-de4a2550fad2@group-DB03694ECF5B-LeaderElection42] INFO  server.RaftServer$Division (ServerState.java:setLeader(287)) - 5f7d0233-0975-4d49-9cf7-de4a2550fad2@group-DB03694ECF5B: change Leader from null to 5f7d0233-0975-4d49-9cf7-de4a2550fad2 at term 1 for becomeLeader, leader elected after 5135ms
2022-07-12 23:22:45,450 [5f7d0233-0975-4d49-9cf7-de4a2550fad2@group-DB03694ECF5B-LeaderElection42] INFO  server.RaftServerConfigKeys (ConfUtils.java:logGet(46)) - raft.server.staging.catchup.gap = 1000 (default)
2022-07-12 23:22:45,451 [5f7d0233-0975-4d49-9cf7-de4a2550fad2@group-DB03694ECF5B-LeaderElection42] INFO  server.RaftServerConfigKeys (ConfUtils.java:logGet(46)) - raft.server.write.element-limit = 1024 (custom)
2022-07-12 23:22:45,451 [5f7d0233-0975-4d49-9cf7-de4a2550fad2@group-DB03694ECF5B-LeaderElection42] INFO  server.RaftServerConfigKeys (ConfUtils.java:logGet(46)) - raft.server.write.byte-limit = 1024 M (=1073741824) (custom)
2022-07-12 23:22:45,451 [5f7d0233-0975-4d49-9cf7-de4a2550fad2@group-DB03694ECF5B-LeaderElection42] INFO  server.RaftServerConfigKeys (ConfUtils.java:logGet(46)) - raft.server.watch.timeout = 180s (custom)
2022-07-12 23:22:45,451 [5f7d0233-0975-4d49-9cf7-de4a2550fad2@group-DB03694ECF5B-LeaderElection42] INFO  server.RaftServerConfigKeys (ConfUtils.java:logGet(46)) - raft.server.watch.timeout.denomination = 1s (default)
2022-07-12 23:22:45,451 [5f7d0233-0975-4d49-9cf7-de4a2550fad2@group-DB03694ECF5B-LeaderElection42] INFO  server.RaftServerConfigKeys (ConfUtils.java:logGet(46)) - raft.server.watch.element-limit = 65536 (default)
2022-07-12 23:22:45,451 [5f7d0233-0975-4d49-9cf7-de4a2550fad2@group-DB03694ECF5B-LeaderElection42] INFO  server.RaftServerConfigKeys (ConfUtils.java:logGet(46)) - raft.server.write.element-limit = 1024 (custom)
2022-07-12 23:22:45,451 [5f7d0233-0975-4d49-9cf7-de4a2550fad2@group-DB03694ECF5B-LeaderElection42] INFO  server.RaftServerConfigKeys (ConfUtils.java:logGet(46)) - raft.server.write.follower.gap.ratio.max = -1.0 (default)
2022-07-12 23:22:45,451 [5f7d0233-0975-4d49-9cf7-de4a2550fad2@group-DB03694ECF5B-LeaderElection42] INFO  impl.RoleInfo (RoleInfo.java:updateAndGet(139)) - 5f7d0233-0975-4d49-9cf7-de4a2550fad2: start 5f7d0233-0975-4d49-9cf7-de4a2550fad2@group-DB03694ECF5B-LeaderStateImpl
2022-07-12 23:22:45,451 [5f7d0233-0975-4d49-9cf7-de4a2550fad2@group-DB03694ECF5B-LeaderElection42] INFO  segmented.SegmentedRaftLogWorker (SegmentedRaftLogWorker.java:startLogSegment(425)) - 5f7d0233-0975-4d49-9cf7-de4a2550fad2@group-DB03694ECF5B-SegmentedRaftLogWorker: Starting segment from index:0
2022-07-12 23:22:45,453 [EventQueue-OpenPipelineForHealthyPipelineSafeModeRule] INFO  safemode.SCMSafeModeManager (HealthyPipelineSafeModeRule.java:process(137)) - SCM in safe mode. Healthy pipelines reported count is 0, required healthy pipeline reported count is 1
2022-07-12 23:22:45,453 [5f7d0233-0975-4d49-9cf7-de4a2550fad2@group-DB03694ECF5B-SegmentedRaftLogWorker] INFO  segmented.SegmentedRaftLogWorker (SegmentedRaftLogWorker.java:execute(629)) - 5f7d0233-0975-4d49-9cf7-de4a2550fad2@group-DB03694ECF5B-SegmentedRaftLogWorker: created new log segment /home/runner/work/ozone/ozone/hadoop-ozone/integration-test/target/test-dir/MiniOzoneClusterImpl-0e22dd8b-fc59-4669-93e2-f1079baade23/datanode-3/data/ratis/01627150-c03c-49bb-8356-db03694ecf5b/current/log_inprogress_0
2022-07-12 23:22:45,471 [5f7d0233-0975-4d49-9cf7-de4a2550fad2@group-DB03694ECF5B-LeaderElection42] INFO  server.RaftServer$Division (ServerState.java:setRaftConf(393)) - 5f7d0233-0975-4d49-9cf7-de4a2550fad2@group-DB03694ECF5B: set configuration 0: [5f7d0233-0975-4d49-9cf7-de4a2550fad2|rpc:10.1.0.13:33327|dataStream:|priority:1], old=null
2022-07-12 23:22:46,242 [Listener at 127.0.0.1/43683] INFO  ozone.MiniOzoneClusterImpl (MiniOzoneClusterImpl.java:lambda$waitForClusterToBeReady$0(216)) - Nodes are ready. Got 5 of 5 DN Heartbeats.
2022-07-12 23:22:46,242 [Listener at 127.0.0.1/43683] INFO  ozone.MiniOzoneClusterImpl (MiniOzoneClusterImpl.java:lambda$waitForClusterToBeReady$0(219)) - Waiting for cluster to exit safe mode
2022-07-12 23:22:46,242 [Listener at 127.0.0.1/43683] INFO  ozone.MiniOzoneClusterImpl (MiniOzoneClusterImpl.java:lambda$waitForClusterToBeReady$0(221)) - SCM became leader
2022-07-12 23:22:46,619 [1641e4ae-10df-4947-b580-c1e8e479fb48@group-4A2A9D8F7040-FollowerState] INFO  impl.FollowerState (FollowerState.java:run(143)) - 1641e4ae-10df-4947-b580-c1e8e479fb48@group-4A2A9D8F7040-FollowerState: change to CANDIDATE, lastRpcElapsedTime:5196089285ns, electionTimeout:5169ms
2022-07-12 23:22:46,619 [1641e4ae-10df-4947-b580-c1e8e479fb48@group-4A2A9D8F7040-FollowerState] INFO  impl.RoleInfo (RoleInfo.java:shutdownFollowerState(110)) - 1641e4ae-10df-4947-b580-c1e8e479fb48: shutdown 1641e4ae-10df-4947-b580-c1e8e479fb48@group-4A2A9D8F7040-FollowerState
2022-07-12 23:22:46,619 [1641e4ae-10df-4947-b580-c1e8e479fb48@group-4A2A9D8F7040-FollowerState] INFO  server.RaftServer$Division (RaftServerImpl.java:setRole(299)) - 1641e4ae-10df-4947-b580-c1e8e479fb48@group-4A2A9D8F7040: changes role from  FOLLOWER to CANDIDATE at term 0 for changeToCandidate
2022-07-12 23:22:46,619 [1641e4ae-10df-4947-b580-c1e8e479fb48@group-4A2A9D8F7040-FollowerState] INFO  server.RaftServerConfigKeys (ConfUtils.java:logGet(46)) - raft.server.leaderelection.pre-vote = false (custom)
2022-07-12 23:22:46,619 [1641e4ae-10df-4947-b580-c1e8e479fb48@group-4A2A9D8F7040-FollowerState] INFO  impl.RoleInfo (RoleInfo.java:updateAndGet(139)) - 1641e4ae-10df-4947-b580-c1e8e479fb48: start 1641e4ae-10df-4947-b580-c1e8e479fb48@group-4A2A9D8F7040-LeaderElection43
2022-07-12 23:22:46,680 [1641e4ae-10df-4947-b580-c1e8e479fb48@group-4A2A9D8F7040-LeaderElection43] INFO  impl.LeaderElection (LeaderElection.java:askForVotes(310)) - 1641e4ae-10df-4947-b580-c1e8e479fb48@group-4A2A9D8F7040-LeaderElection43 ELECTION round 0: submit vote requests at term 1 for -1: [1641e4ae-10df-4947-b580-c1e8e479fb48|rpc:10.1.0.13:34841|priority:1], old=null
2022-07-12 23:22:46,680 [1641e4ae-10df-4947-b580-c1e8e479fb48@group-4A2A9D8F7040-LeaderElection43] INFO  impl.LeaderElection (LeaderElection.java:askForVotes(312)) - 1641e4ae-10df-4947-b580-c1e8e479fb48@group-4A2A9D8F7040-LeaderElection43 ELECTION round 0: result PASSED (term=1)
2022-07-12 23:22:46,680 [1641e4ae-10df-4947-b580-c1e8e479fb48@group-4A2A9D8F7040-LeaderElection43] INFO  impl.RoleInfo (RoleInfo.java:shutdownLeaderElection(130)) - 1641e4ae-10df-4947-b580-c1e8e479fb48: shutdown 1641e4ae-10df-4947-b580-c1e8e479fb48@group-4A2A9D8F7040-LeaderElection43
2022-07-12 23:22:46,680 [1641e4ae-10df-4947-b580-c1e8e479fb48@group-4A2A9D8F7040-LeaderElection43] INFO  server.RaftServer$Division (RaftServerImpl.java:setRole(299)) - 1641e4ae-10df-4947-b580-c1e8e479fb48@group-4A2A9D8F7040: changes role from CANDIDATE to LEADER at term 1 for changeToLeader
2022-07-12 23:22:46,680 [1641e4ae-10df-4947-b580-c1e8e479fb48@group-4A2A9D8F7040-LeaderElection43] INFO  ratis.XceiverServerRatis (XceiverServerRatis.java:handleLeaderChangedNotification(863)) - Leader change notification received for group: group-4A2A9D8F7040 with new leaderId: 1641e4ae-10df-4947-b580-c1e8e479fb48
2022-07-12 23:22:46,680 [1641e4ae-10df-4947-b580-c1e8e479fb48@group-4A2A9D8F7040-LeaderElection43] INFO  server.RaftServer$Division (ServerState.java:setLeader(287)) - 1641e4ae-10df-4947-b580-c1e8e479fb48@group-4A2A9D8F7040: change Leader from null to 1641e4ae-10df-4947-b580-c1e8e479fb48 at term 1 for becomeLeader, leader elected after 5287ms
2022-07-12 23:22:46,680 [1641e4ae-10df-4947-b580-c1e8e479fb48@group-4A2A9D8F7040-LeaderElection43] INFO  server.RaftServerConfigKeys (ConfUtils.java:logGet(46)) - raft.server.staging.catchup.gap = 1000 (default)
2022-07-12 23:22:46,681 [1641e4ae-10df-4947-b580-c1e8e479fb48@group-4A2A9D8F7040-LeaderElection43] INFO  server.RaftServerConfigKeys (ConfUtils.java:logGet(46)) - raft.server.write.element-limit = 1024 (custom)
2022-07-12 23:22:46,681 [1641e4ae-10df-4947-b580-c1e8e479fb48@group-4A2A9D8F7040-LeaderElection43] INFO  server.RaftServerConfigKeys (ConfUtils.java:logGet(46)) - raft.server.write.byte-limit = 1024 M (=1073741824) (custom)
2022-07-12 23:22:46,681 [1641e4ae-10df-4947-b580-c1e8e479fb48@group-4A2A9D8F7040-LeaderElection43] INFO  server.RaftServerConfigKeys (ConfUtils.java:logGet(46)) - raft.server.watch.timeout = 180s (custom)
2022-07-12 23:22:46,681 [1641e4ae-10df-4947-b580-c1e8e479fb48@group-4A2A9D8F7040-LeaderElection43] INFO  server.RaftServerConfigKeys (ConfUtils.java:logGet(46)) - raft.server.watch.timeout.denomination = 1s (default)
2022-07-12 23:22:46,681 [1641e4ae-10df-4947-b580-c1e8e479fb48@group-4A2A9D8F7040-LeaderElection43] INFO  server.RaftServerConfigKeys (ConfUtils.java:logGet(46)) - raft.server.watch.element-limit = 65536 (default)
2022-07-12 23:22:46,681 [1641e4ae-10df-4947-b580-c1e8e479fb48@group-4A2A9D8F7040-LeaderElection43] INFO  server.RaftServerConfigKeys (ConfUtils.java:logGet(46)) - raft.server.write.element-limit = 1024 (custom)
2022-07-12 23:22:46,681 [1641e4ae-10df-4947-b580-c1e8e479fb48@group-4A2A9D8F7040-LeaderElection43] INFO  server.RaftServerConfigKeys (ConfUtils.java:logGet(46)) - raft.server.write.follower.gap.ratio.max = -1.0 (default)
2022-07-12 23:22:46,681 [1641e4ae-10df-4947-b580-c1e8e479fb48@group-4A2A9D8F7040-LeaderElection43] INFO  impl.RoleInfo (RoleInfo.java:updateAndGet(139)) - 1641e4ae-10df-4947-b580-c1e8e479fb48: start 1641e4ae-10df-4947-b580-c1e8e479fb48@group-4A2A9D8F7040-LeaderStateImpl
2022-07-12 23:22:46,681 [1641e4ae-10df-4947-b580-c1e8e479fb48@group-4A2A9D8F7040-LeaderElection43] INFO  segmented.SegmentedRaftLogWorker (SegmentedRaftLogWorker.java:startLogSegment(425)) - 1641e4ae-10df-4947-b580-c1e8e479fb48@group-4A2A9D8F7040-SegmentedRaftLogWorker: Starting segment from index:0
2022-07-12 23:22:46,682 [EventQueue-OpenPipelineForHealthyPipelineSafeModeRule] INFO  safemode.SCMSafeModeManager (HealthyPipelineSafeModeRule.java:process(137)) - SCM in safe mode. Healthy pipelines reported count is 0, required healthy pipeline reported count is 1
2022-07-12 23:22:46,683 [1641e4ae-10df-4947-b580-c1e8e479fb48@group-4A2A9D8F7040-SegmentedRaftLogWorker] INFO  segmented.SegmentedRaftLogWorker (SegmentedRaftLogWorker.java:execute(629)) - 1641e4ae-10df-4947-b580-c1e8e479fb48@group-4A2A9D8F7040-SegmentedRaftLogWorker: created new log segment /home/runner/work/ozone/ozone/hadoop-ozone/integration-test/target/test-dir/MiniOzoneClusterImpl-0e22dd8b-fc59-4669-93e2-f1079baade23/datanode-4/data/ratis/4f448eb7-adf6-4ca7-8660-4a2a9d8f7040/current/log_inprogress_0
2022-07-12 23:22:46,686 [1641e4ae-10df-4947-b580-c1e8e479fb48@group-4A2A9D8F7040-LeaderElection43] INFO  server.RaftServer$Division (ServerState.java:setRaftConf(393)) - 1641e4ae-10df-4947-b580-c1e8e479fb48@group-4A2A9D8F7040: set configuration 0: [1641e4ae-10df-4947-b580-c1e8e479fb48|rpc:10.1.0.13:34841|dataStream:|priority:1], old=null
2022-07-12 23:22:47,243 [Listener at 127.0.0.1/43683] INFO  ozone.MiniOzoneClusterImpl (MiniOzoneClusterImpl.java:lambda$waitForClusterToBeReady$0(216)) - Nodes are ready. Got 5 of 5 DN Heartbeats.
2022-07-12 23:22:47,243 [Listener at 127.0.0.1/43683] INFO  ozone.MiniOzoneClusterImpl (MiniOzoneClusterImpl.java:lambda$waitForClusterToBeReady$0(219)) - Waiting for cluster to exit safe mode
2022-07-12 23:22:47,243 [Listener at 127.0.0.1/43683] INFO  ozone.MiniOzoneClusterImpl (MiniOzoneClusterImpl.java:lambda$waitForClusterToBeReady$0(221)) - SCM became leader
2022-07-12 23:22:47,882 [f86a3de6-fa90-4082-aec2-64cbafe88bfb@group-E7D9884B8C54-FollowerState] INFO  impl.FollowerState (FollowerState.java:run(143)) - f86a3de6-fa90-4082-aec2-64cbafe88bfb@group-E7D9884B8C54-FollowerState: change to CANDIDATE, lastRpcElapsedTime:5035611992ns, electionTimeout:5034ms
2022-07-12 23:22:47,882 [f86a3de6-fa90-4082-aec2-64cbafe88bfb@group-E7D9884B8C54-FollowerState] INFO  impl.RoleInfo (RoleInfo.java:shutdownFollowerState(110)) - f86a3de6-fa90-4082-aec2-64cbafe88bfb: shutdown f86a3de6-fa90-4082-aec2-64cbafe88bfb@group-E7D9884B8C54-FollowerState
2022-07-12 23:22:47,882 [f86a3de6-fa90-4082-aec2-64cbafe88bfb@group-E7D9884B8C54-FollowerState] INFO  server.RaftServer$Division (RaftServerImpl.java:setRole(299)) - f86a3de6-fa90-4082-aec2-64cbafe88bfb@group-E7D9884B8C54: changes role from  FOLLOWER to CANDIDATE at term 1 for changeToCandidate
2022-07-12 23:22:47,882 [f86a3de6-fa90-4082-aec2-64cbafe88bfb@group-E7D9884B8C54-FollowerState] INFO  server.RaftServerConfigKeys (ConfUtils.java:logGet(46)) - raft.server.leaderelection.pre-vote = false (custom)
2022-07-12 23:22:47,882 [f86a3de6-fa90-4082-aec2-64cbafe88bfb@group-E7D9884B8C54-FollowerState] INFO  impl.RoleInfo (RoleInfo.java:updateAndGet(139)) - f86a3de6-fa90-4082-aec2-64cbafe88bfb: start f86a3de6-fa90-4082-aec2-64cbafe88bfb@group-E7D9884B8C54-LeaderElection44
2022-07-12 23:22:47,907 [d8f6f594-8e93-48ac-9153-9e8fd018aa2e@group-E7D9884B8C54-FollowerState] INFO  impl.FollowerState (FollowerState.java:run(143)) - d8f6f594-8e93-48ac-9153-9e8fd018aa2e@group-E7D9884B8C54-FollowerState: change to CANDIDATE, lastRpcElapsedTime:5068688576ns, electionTimeout:5061ms
2022-07-12 23:22:47,907 [d8f6f594-8e93-48ac-9153-9e8fd018aa2e@group-E7D9884B8C54-FollowerState] INFO  impl.RoleInfo (RoleInfo.java:shutdownFollowerState(110)) - d8f6f594-8e93-48ac-9153-9e8fd018aa2e: shutdown d8f6f594-8e93-48ac-9153-9e8fd018aa2e@group-E7D9884B8C54-FollowerState
2022-07-12 23:22:47,907 [d8f6f594-8e93-48ac-9153-9e8fd018aa2e@group-E7D9884B8C54-FollowerState] INFO  server.RaftServer$Division (RaftServerImpl.java:setRole(299)) - d8f6f594-8e93-48ac-9153-9e8fd018aa2e@group-E7D9884B8C54: changes role from  FOLLOWER to CANDIDATE at term 1 for changeToCandidate
2022-07-12 23:22:47,907 [d8f6f594-8e93-48ac-9153-9e8fd018aa2e@group-E7D9884B8C54-FollowerState] INFO  server.RaftServerConfigKeys (ConfUtils.java:logGet(46)) - raft.server.leaderelection.pre-vote = false (custom)
2022-07-12 23:22:47,907 [d8f6f594-8e93-48ac-9153-9e8fd018aa2e@group-E7D9884B8C54-FollowerState] INFO  impl.RoleInfo (RoleInfo.java:updateAndGet(139)) - d8f6f594-8e93-48ac-9153-9e8fd018aa2e: start d8f6f594-8e93-48ac-9153-9e8fd018aa2e@group-E7D9884B8C54-LeaderElection45
2022-07-12 23:22:47,938 [d8f6f594-8e93-48ac-9153-9e8fd018aa2e@group-E7D9884B8C54-LeaderElection45] INFO  impl.LeaderElection (LeaderElection.java:askForVotes(310)) - d8f6f594-8e93-48ac-9153-9e8fd018aa2e@group-E7D9884B8C54-LeaderElection45 ELECTION round 0: submit vote requests at term 2 for -1: [95d2a9a6-1343-48cb-8e55-18ad167fad0e|rpc:10.1.0.13:37471|dataStream:|priority:0, f86a3de6-fa90-4082-aec2-64cbafe88bfb|rpc:10.1.0.13:41481|dataStream:|priority:1, d8f6f594-8e93-48ac-9153-9e8fd018aa2e|rpc:10.1.0.13:43455|dataStream:|priority:0], old=null
2022-07-12 23:22:47,939 [f86a3de6-fa90-4082-aec2-64cbafe88bfb@group-E7D9884B8C54-LeaderElection44] INFO  impl.LeaderElection (LeaderElection.java:askForVotes(310)) - f86a3de6-fa90-4082-aec2-64cbafe88bfb@group-E7D9884B8C54-LeaderElection44 ELECTION round 0: submit vote requests at term 2 for -1: [95d2a9a6-1343-48cb-8e55-18ad167fad0e|rpc:10.1.0.13:37471|priority:0, f86a3de6-fa90-4082-aec2-64cbafe88bfb|rpc:10.1.0.13:41481|priority:1, d8f6f594-8e93-48ac-9153-9e8fd018aa2e|rpc:10.1.0.13:43455|priority:0], old=null
2022-07-12 23:22:47,979 [grpc-default-executor-3] INFO  server.RaftServer$Division (RaftServerImpl.java:requestVote(1152)) - 95d2a9a6-1343-48cb-8e55-18ad167fad0e@group-E7D9884B8C54: receive requestVote(ELECTION, f86a3de6-fa90-4082-aec2-64cbafe88bfb, group-E7D9884B8C54, 2, (t:0, i:0))
2022-07-12 23:22:47,980 [grpc-default-executor-3] INFO  impl.VoteContext (VoteContext.java:log(48)) - 95d2a9a6-1343-48cb-8e55-18ad167fad0e@group-E7D9884B8C54-FOLLOWER: accept ELECTION from f86a3de6-fa90-4082-aec2-64cbafe88bfb: our priority 0 <= candidate's priority 1
2022-07-12 23:22:47,980 [grpc-default-executor-3] INFO  server.RaftServer$Division (RaftServerImpl.java:setRole(299)) - 95d2a9a6-1343-48cb-8e55-18ad167fad0e@group-E7D9884B8C54: changes role from  FOLLOWER to FOLLOWER at term 2 for candidate:f86a3de6-fa90-4082-aec2-64cbafe88bfb
2022-07-12 23:22:47,980 [grpc-default-executor-3] INFO  impl.RoleInfo (RoleInfo.java:shutdownFollowerState(110)) - 95d2a9a6-1343-48cb-8e55-18ad167fad0e: shutdown 95d2a9a6-1343-48cb-8e55-18ad167fad0e@group-E7D9884B8C54-FollowerState
2022-07-12 23:22:47,980 [grpc-default-executor-3] INFO  impl.RoleInfo (RoleInfo.java:updateAndGet(139)) - 95d2a9a6-1343-48cb-8e55-18ad167fad0e: start 95d2a9a6-1343-48cb-8e55-18ad167fad0e@group-E7D9884B8C54-FollowerState
2022-07-12 23:22:47,980 [95d2a9a6-1343-48cb-8e55-18ad167fad0e@group-E7D9884B8C54-FollowerState] INFO  impl.FollowerState (FollowerState.java:run(152)) - 95d2a9a6-1343-48cb-8e55-18ad167fad0e@group-E7D9884B8C54-FollowerState was interrupted
2022-07-12 23:22:47,994 [grpc-default-executor-1] INFO  server.RaftServer$Division (RaftServerImpl.java:requestVote(1152)) - 95d2a9a6-1343-48cb-8e55-18ad167fad0e@group-E7D9884B8C54: receive requestVote(ELECTION, d8f6f594-8e93-48ac-9153-9e8fd018aa2e, group-E7D9884B8C54, 2, (t:0, i:0))
2022-07-12 23:22:48,003 [grpc-default-executor-3] INFO  server.RaftServer$Division (RaftServerImpl.java:requestVote(1184)) - 95d2a9a6-1343-48cb-8e55-18ad167fad0e@group-E7D9884B8C54 replies to ELECTION vote request: f86a3de6-fa90-4082-aec2-64cbafe88bfb<-95d2a9a6-1343-48cb-8e55-18ad167fad0e#0:OK-t2. Peer's state: 95d2a9a6-1343-48cb-8e55-18ad167fad0e@group-E7D9884B8C54:t2, leader=null, voted=f86a3de6-fa90-4082-aec2-64cbafe88bfb, raftlog=95d2a9a6-1343-48cb-8e55-18ad167fad0e@group-E7D9884B8C54-SegmentedRaftLog:OPENED:c-1, conf=-1: [95d2a9a6-1343-48cb-8e55-18ad167fad0e|rpc:10.1.0.13:37471|dataStream:|priority:0, f86a3de6-fa90-4082-aec2-64cbafe88bfb|rpc:10.1.0.13:41481|dataStream:|priority:1, d8f6f594-8e93-48ac-9153-9e8fd018aa2e|rpc:10.1.0.13:43455|dataStream:|priority:0], old=null
2022-07-12 23:22:48,004 [grpc-default-executor-1] INFO  impl.VoteContext (VoteContext.java:log(48)) - 95d2a9a6-1343-48cb-8e55-18ad167fad0e@group-E7D9884B8C54-FOLLOWER: reject ELECTION from d8f6f594-8e93-48ac-9153-9e8fd018aa2e: already has voted for f86a3de6-fa90-4082-aec2-64cbafe88bfb at current term 2
2022-07-12 23:22:48,004 [grpc-default-executor-1] INFO  server.RaftServer$Division (RaftServerImpl.java:requestVote(1184)) - 95d2a9a6-1343-48cb-8e55-18ad167fad0e@group-E7D9884B8C54 replies to ELECTION vote request: d8f6f594-8e93-48ac-9153-9e8fd018aa2e<-95d2a9a6-1343-48cb-8e55-18ad167fad0e#0:FAIL-t2. Peer's state: 95d2a9a6-1343-48cb-8e55-18ad167fad0e@group-E7D9884B8C54:t2, leader=null, voted=f86a3de6-fa90-4082-aec2-64cbafe88bfb, raftlog=95d2a9a6-1343-48cb-8e55-18ad167fad0e@group-E7D9884B8C54-SegmentedRaftLog:OPENED:c-1, conf=-1: [95d2a9a6-1343-48cb-8e55-18ad167fad0e|rpc:10.1.0.13:37471|dataStream:|priority:0, f86a3de6-fa90-4082-aec2-64cbafe88bfb|rpc:10.1.0.13:41481|dataStream:|priority:1, d8f6f594-8e93-48ac-9153-9e8fd018aa2e|rpc:10.1.0.13:43455|dataStream:|priority:0], old=null
2022-07-12 23:22:48,013 [f86a3de6-fa90-4082-aec2-64cbafe88bfb@group-E7D9884B8C54-LeaderElection44] INFO  impl.LeaderElection (LeaderElection.java:logAndReturn(90)) - f86a3de6-fa90-4082-aec2-64cbafe88bfb@group-E7D9884B8C54-LeaderElection44: ELECTION PASSED received 1 response(s) and 0 exception(s):
2022-07-12 23:22:48,013 [f86a3de6-fa90-4082-aec2-64cbafe88bfb@group-E7D9884B8C54-LeaderElection44] INFO  impl.LeaderElection (LeaderElection.java:logAndReturn(94)) -   Response 0: f86a3de6-fa90-4082-aec2-64cbafe88bfb<-95d2a9a6-1343-48cb-8e55-18ad167fad0e#0:OK-t2
2022-07-12 23:22:48,013 [f86a3de6-fa90-4082-aec2-64cbafe88bfb@group-E7D9884B8C54-LeaderElection44] INFO  impl.LeaderElection (LeaderElection.java:askForVotes(312)) - f86a3de6-fa90-4082-aec2-64cbafe88bfb@group-E7D9884B8C54-LeaderElection44 ELECTION round 0: result PASSED
2022-07-12 23:22:48,013 [f86a3de6-fa90-4082-aec2-64cbafe88bfb@group-E7D9884B8C54-LeaderElection44] INFO  impl.RoleInfo (RoleInfo.java:shutdownLeaderElection(130)) - f86a3de6-fa90-4082-aec2-64cbafe88bfb: shutdown f86a3de6-fa90-4082-aec2-64cbafe88bfb@group-E7D9884B8C54-LeaderElection44
2022-07-12 23:22:48,013 [f86a3de6-fa90-4082-aec2-64cbafe88bfb@group-E7D9884B8C54-LeaderElection44] INFO  server.RaftServer$Division (RaftServerImpl.java:setRole(299)) - f86a3de6-fa90-4082-aec2-64cbafe88bfb@group-E7D9884B8C54: changes role from CANDIDATE to LEADER at term 2 for changeToLeader
2022-07-12 23:22:48,013 [f86a3de6-fa90-4082-aec2-64cbafe88bfb@group-E7D9884B8C54-LeaderElection44] INFO  ratis.XceiverServerRatis (XceiverServerRatis.java:handleLeaderChangedNotification(863)) - Leader change notification received for group: group-E7D9884B8C54 with new leaderId: f86a3de6-fa90-4082-aec2-64cbafe88bfb
2022-07-12 23:22:48,013 [f86a3de6-fa90-4082-aec2-64cbafe88bfb@group-E7D9884B8C54-LeaderElection44] INFO  server.RaftServer$Division (ServerState.java:setLeader(287)) - f86a3de6-fa90-4082-aec2-64cbafe88bfb@group-E7D9884B8C54: change Leader from null to f86a3de6-fa90-4082-aec2-64cbafe88bfb at term 2 for becomeLeader, leader elected after 10731ms
2022-07-12 23:22:48,013 [f86a3de6-fa90-4082-aec2-64cbafe88bfb@group-E7D9884B8C54-LeaderElection44] INFO  server.RaftServerConfigKeys (ConfUtils.java:logGet(46)) - raft.server.staging.catchup.gap = 1000 (default)
2022-07-12 23:22:48,014 [f86a3de6-fa90-4082-aec2-64cbafe88bfb@group-E7D9884B8C54-LeaderElection44] INFO  server.RaftServerConfigKeys (ConfUtils.java:logGet(46)) - raft.server.write.element-limit = 1024 (custom)
2022-07-12 23:22:48,014 [f86a3de6-fa90-4082-aec2-64cbafe88bfb@group-E7D9884B8C54-LeaderElection44] INFO  server.RaftServerConfigKeys (ConfUtils.java:logGet(46)) - raft.server.write.byte-limit = 1024 M (=1073741824) (custom)
2022-07-12 23:22:48,014 [f86a3de6-fa90-4082-aec2-64cbafe88bfb@group-E7D9884B8C54-LeaderElection44] INFO  server.RaftServerConfigKeys (ConfUtils.java:logGet(46)) - raft.server.watch.timeout = 180s (custom)
2022-07-12 23:22:48,014 [f86a3de6-fa90-4082-aec2-64cbafe88bfb@group-E7D9884B8C54-LeaderElection44] INFO  server.RaftServerConfigKeys (ConfUtils.java:logGet(46)) - raft.server.watch.timeout.denomination = 1s (default)
2022-07-12 23:22:48,014 [f86a3de6-fa90-4082-aec2-64cbafe88bfb@group-E7D9884B8C54-LeaderElection44] INFO  server.RaftServerConfigKeys (ConfUtils.java:logGet(46)) - raft.server.watch.element-limit = 65536 (default)
2022-07-12 23:22:48,014 [f86a3de6-fa90-4082-aec2-64cbafe88bfb@group-E7D9884B8C54-LeaderElection44] INFO  server.RaftServerConfigKeys (ConfUtils.java:logGet(46)) - raft.server.write.element-limit = 1024 (custom)
2022-07-12 23:22:48,014 [f86a3de6-fa90-4082-aec2-64cbafe88bfb@group-E7D9884B8C54-LeaderElection44] INFO  server.RaftServerConfigKeys (ConfUtils.java:logGet(46)) - raft.server.write.follower.gap.ratio.max = -1.0 (default)
2022-07-12 23:22:48,015 [f86a3de6-fa90-4082-aec2-64cbafe88bfb@group-E7D9884B8C54-LeaderElection44] INFO  server.RaftServerConfigKeys (ConfUtils.java:logGet(46)) - raft.server.log.appender.snapshot.chunk.size.max = 16MB (=16777216) (default)
2022-07-12 23:22:48,015 [f86a3de6-fa90-4082-aec2-64cbafe88bfb@group-E7D9884B8C54-LeaderElection44] INFO  server.RaftServerConfigKeys (ConfUtils.java:logGet(46)) - raft.server.log.appender.buffer.byte-limit = 33554432 (custom)
2022-07-12 23:22:48,015 [f86a3de6-fa90-4082-aec2-64cbafe88bfb@group-E7D9884B8C54-LeaderElection44] INFO  server.RaftServerConfigKeys (ConfUtils.java:logGet(46)) - raft.server.log.appender.buffer.element-limit = 1 (custom)
2022-07-12 23:22:48,015 [f86a3de6-fa90-4082-aec2-64cbafe88bfb@group-E7D9884B8C54-LeaderElection44] INFO  grpc.GrpcConfigKeys (ConfUtils.java:logGet(46)) - raft.grpc.server.leader.outstanding.appends.max = 128 (default)
2022-07-12 23:22:48,015 [f86a3de6-fa90-4082-aec2-64cbafe88bfb@group-E7D9884B8C54-LeaderElection44] INFO  server.RaftServerConfigKeys (ConfUtils.java:logGet(46)) - raft.server.rpc.request.timeout = 60s (custom)
2022-07-12 23:22:48,015 [f86a3de6-fa90-4082-aec2-64cbafe88bfb@group-E7D9884B8C54-LeaderElection44] INFO  server.RaftServerConfigKeys (ConfUtils.java:logGet(46)) - raft.server.log.appender.install.snapshot.enabled = false (custom)
2022-07-12 23:22:48,016 [EventQueue-PipelineReportForPipelineReportHandler] INFO  pipeline.PipelineManagerImpl (PipelineManagerImpl.java:openPipeline(367)) - Pipeline Pipeline[ Id: 4ffe867c-dafd-41b3-855f-e7d9884b8c54, Nodes: 95d2a9a6-1343-48cb-8e55-18ad167fad0e{ip: 10.1.0.13, host: fv-az46-473.aox2mo1hufxu3kclv1weif3kjc.bx.internal.cloudapp.net, ports: [REPLICATION=40787, RATIS=37471, RATIS_ADMIN=37471, RATIS_SERVER=37471, STANDALONE=33003], networkLocation: /default-rack, certSerialId: null, persistedOpState: IN_SERVICE, persistedOpStateExpiryEpochSec: 0}d8f6f594-8e93-48ac-9153-9e8fd018aa2e{ip: 10.1.0.13, host: fv-az46-473.aox2mo1hufxu3kclv1weif3kjc.bx.internal.cloudapp.net, ports: [REPLICATION=37875, RATIS=43455, RATIS_ADMIN=43455, RATIS_SERVER=43455, STANDALONE=37173], networkLocation: /default-rack, certSerialId: null, persistedOpState: IN_SERVICE, persistedOpStateExpiryEpochSec: 0}f86a3de6-fa90-4082-aec2-64cbafe88bfb{ip: 10.1.0.13, host: fv-az46-473.aox2mo1hufxu3kclv1weif3kjc.bx.internal.cloudapp.net, ports: [REPLICATION=37571, RATIS=41481, RATIS_ADMIN=41481, RATIS_SERVER=41481, STANDALONE=46819], networkLocation: /default-rack, certSerialId: null, persistedOpState: IN_SERVICE, persistedOpStateExpiryEpochSec: 0}, ReplicationConfig: RATIS/THREE, State:ALLOCATED, leaderId:f86a3de6-fa90-4082-aec2-64cbafe88bfb, CreationTimestamp2022-07-12T23:22:36.042Z[Etc/UTC]] moved to OPEN state
2022-07-12 23:22:48,016 [EventQueue-OpenPipelineForHealthyPipelineSafeModeRule] INFO  safemode.SCMSafeModeManager (HealthyPipelineSafeModeRule.java:process(137)) - SCM in safe mode. Healthy pipelines reported count is 1, required healthy pipeline reported count is 1
2022-07-12 23:22:48,016 [EventQueue-OpenPipelineForHealthyPipelineSafeModeRule] INFO  safemode.SCMSafeModeManager (SCMSafeModeManager.java:validateSafeModeExitRules(204)) - HealthyPipelineSafeModeRule rule is successfully validated
2022-07-12 23:22:48,016 [EventQueue-OpenPipelineForHealthyPipelineSafeModeRule] INFO  safemode.SCMSafeModeManager (SCMSafeModeManager.java:validateSafeModeExitRules(219)) - ScmSafeModeManager, all rules are successfully validated
2022-07-12 23:22:48,016 [EventQueue-OpenPipelineForHealthyPipelineSafeModeRule] INFO  safemode.SCMSafeModeManager (SCMSafeModeManager.java:exitSafeMode(248)) - SCM exiting safe mode.
2022-07-12 23:22:48,016 [EventQueue-OpenPipelineForHealthyPipelineSafeModeRule] WARN  events.EventQueue (EventQueue.java:fireEvent(216)) - No event handler registered for event TypedEvent{payloadType=SafeModeStatus, name='Safe mode status'}
2022-07-12 23:22:48,017 [EventQueue-OpenPipelineForHealthyPipelineSafeModeRule] INFO  ha.SCMContext (SCMContext.java:updateSafeModeStatus(228)) - Update SafeModeStatus from SafeModeStatus{safeModeStatus=true, preCheckPassed=true} to SafeModeStatus{safeModeStatus=false, preCheckPassed=true}.
2022-07-12 23:22:48,017 [EventQueue-OpenPipelineForHealthyPipelineSafeModeRule] INFO  pipeline.BackgroundPipelineCreator (BackgroundPipelineCreator.java:notifyStatusChanged(254)) - Service BackgroundPipelineCreator transitions to RUNNING.
2022-07-12 23:22:48,017 [EventQueue-OpenPipelineForHealthyPipelineSafeModeRule] INFO  BackgroundPipelineScrubber (BackgroundSCMService.java:notifyStatusChanged(82)) - Service BackgroundPipelineScrubber transitions to RUNNING.
2022-07-12 23:22:48,017 [EventQueue-OpenPipelineForHealthyPipelineSafeModeRule] INFO  ExpiredContainerReplicaOpScrubber (BackgroundSCMService.java:notifyStatusChanged(82)) - Service ExpiredContainerReplicaOpScrubber transitions to RUNNING.
2022-07-12 23:22:48,017 [EventQueue-OpenPipelineForHealthyPipelineSafeModeRule] INFO  replication.ReplicationManager (ReplicationManager.java:notifyStatusChanged(495)) - Service ReplicationManager transitions to RUNNING.
2022-07-12 23:22:48,017 [EventQueue-OpenPipelineForHealthyPipelineSafeModeRule] WARN  balancer.ContainerBalancer (ContainerBalancer.java:shouldRun(894)) - Could not find persisted configuration for ContainerBalancer when checking if ContainerBalancer should run. ContainerBalancer should not run now.
2022-07-12 23:22:48,019 [f86a3de6-fa90-4082-aec2-64cbafe88bfb@group-E7D9884B8C54-LeaderElection44] INFO  server.RaftServerConfigKeys (ConfUtils.java:logGet(46)) - raft.server.log.appender.snapshot.chunk.size.max = 16MB (=16777216) (default)
2022-07-12 23:22:48,019 [f86a3de6-fa90-4082-aec2-64cbafe88bfb@group-E7D9884B8C54-LeaderElection44] INFO  server.RaftServerConfigKeys (ConfUtils.java:logGet(46)) - raft.server.log.appender.buffer.byte-limit = 33554432 (custom)
2022-07-12 23:22:48,021 [f86a3de6-fa90-4082-aec2-64cbafe88bfb@group-E7D9884B8C54-LeaderElection44] INFO  server.RaftServerConfigKeys (ConfUtils.java:logGet(46)) - raft.server.log.appender.buffer.element-limit = 1 (custom)
2022-07-12 23:22:48,021 [f86a3de6-fa90-4082-aec2-64cbafe88bfb@group-E7D9884B8C54-LeaderElection44] INFO  grpc.GrpcConfigKeys (ConfUtils.java:logGet(46)) - raft.grpc.server.leader.outstanding.appends.max = 128 (default)
2022-07-12 23:22:48,021 [f86a3de6-fa90-4082-aec2-64cbafe88bfb@group-E7D9884B8C54-LeaderElection44] INFO  server.RaftServerConfigKeys (ConfUtils.java:logGet(46)) - raft.server.rpc.request.timeout = 60s (custom)
2022-07-12 23:22:48,021 [f86a3de6-fa90-4082-aec2-64cbafe88bfb@group-E7D9884B8C54-LeaderElection44] INFO  server.RaftServerConfigKeys (ConfUtils.java:logGet(46)) - raft.server.log.appender.install.snapshot.enabled = false (custom)
2022-07-12 23:22:48,021 [f86a3de6-fa90-4082-aec2-64cbafe88bfb@group-E7D9884B8C54-LeaderElection44] INFO  impl.RoleInfo (RoleInfo.java:updateAndGet(139)) - f86a3de6-fa90-4082-aec2-64cbafe88bfb: start f86a3de6-fa90-4082-aec2-64cbafe88bfb@group-E7D9884B8C54-LeaderStateImpl
2022-07-12 23:22:48,021 [f86a3de6-fa90-4082-aec2-64cbafe88bfb@group-E7D9884B8C54-LeaderElection44] INFO  segmented.SegmentedRaftLogWorker (SegmentedRaftLogWorker.java:startLogSegment(425)) - f86a3de6-fa90-4082-aec2-64cbafe88bfb@group-E7D9884B8C54-SegmentedRaftLogWorker: Starting segment from index:0
2022-07-12 23:22:48,023 [f86a3de6-fa90-4082-aec2-64cbafe88bfb@group-E7D9884B8C54-SegmentedRaftLogWorker] INFO  segmented.SegmentedRaftLogWorker (SegmentedRaftLogWorker.java:execute(629)) - f86a3de6-fa90-4082-aec2-64cbafe88bfb@group-E7D9884B8C54-SegmentedRaftLogWorker: created new log segment /home/runner/work/ozone/ozone/hadoop-ozone/integration-test/target/test-dir/MiniOzoneClusterImpl-0e22dd8b-fc59-4669-93e2-f1079baade23/datanode-0/data/ratis/4ffe867c-dafd-41b3-855f-e7d9884b8c54/current/log_inprogress_0
2022-07-12 23:22:48,047 [f86a3de6-fa90-4082-aec2-64cbafe88bfb@group-E7D9884B8C54-LeaderElection44] INFO  server.RaftServer$Division (ServerState.java:setRaftConf(393)) - f86a3de6-fa90-4082-aec2-64cbafe88bfb@group-E7D9884B8C54: set configuration 0: [95d2a9a6-1343-48cb-8e55-18ad167fad0e|rpc:10.1.0.13:37471|dataStream:|priority:0, f86a3de6-fa90-4082-aec2-64cbafe88bfb|rpc:10.1.0.13:41481|dataStream:|priority:1, d8f6f594-8e93-48ac-9153-9e8fd018aa2e|rpc:10.1.0.13:43455|dataStream:|priority:0], old=null
2022-07-12 23:22:48,049 [grpc-default-executor-2] INFO  server.RaftServer$Division (RaftServerImpl.java:requestVote(1152)) - d8f6f594-8e93-48ac-9153-9e8fd018aa2e@group-E7D9884B8C54: receive requestVote(ELECTION, f86a3de6-fa90-4082-aec2-64cbafe88bfb, group-E7D9884B8C54, 2, (t:0, i:0))
2022-07-12 23:22:48,049 [grpc-default-executor-2] INFO  impl.VoteContext (VoteContext.java:log(48)) - d8f6f594-8e93-48ac-9153-9e8fd018aa2e@group-E7D9884B8C54-CANDIDATE: reject ELECTION from f86a3de6-fa90-4082-aec2-64cbafe88bfb: already has voted for d8f6f594-8e93-48ac-9153-9e8fd018aa2e at current term 2
2022-07-12 23:22:48,049 [grpc-default-executor-2] INFO  server.RaftServer$Division (RaftServerImpl.java:requestVote(1184)) - d8f6f594-8e93-48ac-9153-9e8fd018aa2e@group-E7D9884B8C54 replies to ELECTION vote request: f86a3de6-fa90-4082-aec2-64cbafe88bfb<-d8f6f594-8e93-48ac-9153-9e8fd018aa2e#0:FAIL-t2. Peer's state: d8f6f594-8e93-48ac-9153-9e8fd018aa2e@group-E7D9884B8C54:t2, leader=null, voted=d8f6f594-8e93-48ac-9153-9e8fd018aa2e, raftlog=d8f6f594-8e93-48ac-9153-9e8fd018aa2e@group-E7D9884B8C54-SegmentedRaftLog:OPENED:c-1, conf=-1: [95d2a9a6-1343-48cb-8e55-18ad167fad0e|rpc:10.1.0.13:37471|dataStream:|priority:0, f86a3de6-fa90-4082-aec2-64cbafe88bfb|rpc:10.1.0.13:41481|dataStream:|priority:1, d8f6f594-8e93-48ac-9153-9e8fd018aa2e|rpc:10.1.0.13:43455|dataStream:|priority:0], old=null
2022-07-12 23:22:48,087 [d8f6f594-8e93-48ac-9153-9e8fd018aa2e-server-thread1] INFO  server.RaftServer$Division (RaftServerImpl.java:setRole(299)) - d8f6f594-8e93-48ac-9153-9e8fd018aa2e@group-E7D9884B8C54: changes role from CANDIDATE to FOLLOWER at term 2 for appendEntries
2022-07-12 23:22:48,088 [d8f6f594-8e93-48ac-9153-9e8fd018aa2e-server-thread1] INFO  impl.RoleInfo (RoleInfo.java:shutdownLeaderElection(130)) - d8f6f594-8e93-48ac-9153-9e8fd018aa2e: shutdown d8f6f594-8e93-48ac-9153-9e8fd018aa2e@group-E7D9884B8C54-LeaderElection45
2022-07-12 23:22:48,088 [d8f6f594-8e93-48ac-9153-9e8fd018aa2e-server-thread1] INFO  impl.RoleInfo (RoleInfo.java:updateAndGet(139)) - d8f6f594-8e93-48ac-9153-9e8fd018aa2e: start d8f6f594-8e93-48ac-9153-9e8fd018aa2e@group-E7D9884B8C54-FollowerState
2022-07-12 23:22:48,089 [d8f6f594-8e93-48ac-9153-9e8fd018aa2e-server-thread1] INFO  ratis.XceiverServerRatis (XceiverServerRatis.java:handleLeaderChangedNotification(863)) - Leader change notification received for group: group-E7D9884B8C54 with new leaderId: f86a3de6-fa90-4082-aec2-64cbafe88bfb
2022-07-12 23:22:48,089 [d8f6f594-8e93-48ac-9153-9e8fd018aa2e-server-thread1] INFO  server.RaftServer$Division (ServerState.java:setLeader(287)) - d8f6f594-8e93-48ac-9153-9e8fd018aa2e@group-E7D9884B8C54: change Leader from null to f86a3de6-fa90-4082-aec2-64cbafe88bfb at term 2 for appendEntries, leader elected after 10366ms
2022-07-12 23:22:48,102 [grpc-default-executor-2] INFO  server.RaftServer$Division (RaftServerImpl.java:requestVote(1152)) - f86a3de6-fa90-4082-aec2-64cbafe88bfb@group-E7D9884B8C54: receive requestVote(ELECTION, d8f6f594-8e93-48ac-9153-9e8fd018aa2e, group-E7D9884B8C54, 2, (t:0, i:0))
2022-07-12 23:22:48,102 [grpc-default-executor-2] INFO  impl.VoteContext (VoteContext.java:log(48)) - f86a3de6-fa90-4082-aec2-64cbafe88bfb@group-E7D9884B8C54-LEADER: reject ELECTION from d8f6f594-8e93-48ac-9153-9e8fd018aa2e: already has voted for f86a3de6-fa90-4082-aec2-64cbafe88bfb at current term 2
2022-07-12 23:22:48,102 [grpc-default-executor-2] INFO  server.RaftServer$Division (RaftServerImpl.java:requestVote(1184)) - f86a3de6-fa90-4082-aec2-64cbafe88bfb@group-E7D9884B8C54 replies to ELECTION vote request: d8f6f594-8e93-48ac-9153-9e8fd018aa2e<-f86a3de6-fa90-4082-aec2-64cbafe88bfb#0:FAIL-t2. Peer's state: f86a3de6-fa90-4082-aec2-64cbafe88bfb@group-E7D9884B8C54:t2, leader=f86a3de6-fa90-4082-aec2-64cbafe88bfb, voted=f86a3de6-fa90-4082-aec2-64cbafe88bfb, raftlog=f86a3de6-fa90-4082-aec2-64cbafe88bfb@group-E7D9884B8C54-SegmentedRaftLog:OPENED:c0, conf=0: [95d2a9a6-1343-48cb-8e55-18ad167fad0e|rpc:10.1.0.13:37471|dataStream:|priority:0, f86a3de6-fa90-4082-aec2-64cbafe88bfb|rpc:10.1.0.13:41481|dataStream:|priority:1, d8f6f594-8e93-48ac-9153-9e8fd018aa2e|rpc:10.1.0.13:43455|dataStream:|priority:0], old=null
2022-07-12 23:22:48,113 [d8f6f594-8e93-48ac-9153-9e8fd018aa2e@group-E7D9884B8C54-LeaderElection45] INFO  impl.LeaderElection (LeaderElection.java:logAndReturn(90)) - d8f6f594-8e93-48ac-9153-9e8fd018aa2e@group-E7D9884B8C54-LeaderElection45: ELECTION REJECTED received 2 response(s) and 0 exception(s):
2022-07-12 23:22:48,113 [d8f6f594-8e93-48ac-9153-9e8fd018aa2e@group-E7D9884B8C54-LeaderElection45] INFO  impl.LeaderElection (LeaderElection.java:logAndReturn(94)) -   Response 0: d8f6f594-8e93-48ac-9153-9e8fd018aa2e<-95d2a9a6-1343-48cb-8e55-18ad167fad0e#0:FAIL-t2
2022-07-12 23:22:48,113 [d8f6f594-8e93-48ac-9153-9e8fd018aa2e@group-E7D9884B8C54-LeaderElection45] INFO  impl.LeaderElection (LeaderElection.java:logAndReturn(94)) -   Response 1: d8f6f594-8e93-48ac-9153-9e8fd018aa2e<-f86a3de6-fa90-4082-aec2-64cbafe88bfb#0:FAIL-t2
2022-07-12 23:22:48,113 [d8f6f594-8e93-48ac-9153-9e8fd018aa2e@group-E7D9884B8C54-LeaderElection45] INFO  impl.LeaderElection (LeaderElection.java:askForVotes(312)) - d8f6f594-8e93-48ac-9153-9e8fd018aa2e@group-E7D9884B8C54-LeaderElection45 ELECTION round 0: result REJECTED
2022-07-12 23:22:48,137 [95d2a9a6-1343-48cb-8e55-18ad167fad0e-server-thread1] INFO  ratis.XceiverServerRatis (XceiverServerRatis.java:handleLeaderChangedNotification(863)) - Leader change notification received for group: group-E7D9884B8C54 with new leaderId: f86a3de6-fa90-4082-aec2-64cbafe88bfb
2022-07-12 23:22:48,137 [95d2a9a6-1343-48cb-8e55-18ad167fad0e-server-thread1] INFO  server.RaftServer$Division (ServerState.java:setLeader(287)) - 95d2a9a6-1343-48cb-8e55-18ad167fad0e@group-E7D9884B8C54: change Leader from null to f86a3de6-fa90-4082-aec2-64cbafe88bfb at term 2 for appendEntries, leader elected after 10623ms
2022-07-12 23:22:48,138 [d8f6f594-8e93-48ac-9153-9e8fd018aa2e-server-thread1] INFO  server.RaftServer$Division (ServerState.java:setRaftConf(393)) - d8f6f594-8e93-48ac-9153-9e8fd018aa2e@group-E7D9884B8C54: set configuration 0: [95d2a9a6-1343-48cb-8e55-18ad167fad0e|rpc:10.1.0.13:37471|dataStream:|priority:0, f86a3de6-fa90-4082-aec2-64cbafe88bfb|rpc:10.1.0.13:41481|dataStream:|priority:1, d8f6f594-8e93-48ac-9153-9e8fd018aa2e|rpc:10.1.0.13:43455|dataStream:|priority:0], old=null
2022-07-12 23:22:48,138 [d8f6f594-8e93-48ac-9153-9e8fd018aa2e-server-thread1] INFO  segmented.SegmentedRaftLogWorker (SegmentedRaftLogWorker.java:startLogSegment(425)) - d8f6f594-8e93-48ac-9153-9e8fd018aa2e@group-E7D9884B8C54-SegmentedRaftLogWorker: Starting segment from index:0
2022-07-12 23:22:48,148 [d8f6f594-8e93-48ac-9153-9e8fd018aa2e@group-E7D9884B8C54-SegmentedRaftLogWorker] INFO  segmented.SegmentedRaftLogWorker (SegmentedRaftLogWorker.java:execute(629)) - d8f6f594-8e93-48ac-9153-9e8fd018aa2e@group-E7D9884B8C54-SegmentedRaftLogWorker: created new log segment /home/runner/work/ozone/ozone/hadoop-ozone/integration-test/target/test-dir/MiniOzoneClusterImpl-0e22dd8b-fc59-4669-93e2-f1079baade23/datanode-2/data/ratis/4ffe867c-dafd-41b3-855f-e7d9884b8c54/current/log_inprogress_0
2022-07-12 23:22:48,196 [95d2a9a6-1343-48cb-8e55-18ad167fad0e-server-thread1] INFO  server.RaftServer$Division (ServerState.java:setRaftConf(393)) - 95d2a9a6-1343-48cb-8e55-18ad167fad0e@group-E7D9884B8C54: set configuration 0: [95d2a9a6-1343-48cb-8e55-18ad167fad0e|rpc:10.1.0.13:37471|dataStream:|priority:0, f86a3de6-fa90-4082-aec2-64cbafe88bfb|rpc:10.1.0.13:41481|dataStream:|priority:1, d8f6f594-8e93-48ac-9153-9e8fd018aa2e|rpc:10.1.0.13:43455|dataStream:|priority:0], old=null
2022-07-12 23:22:48,196 [95d2a9a6-1343-48cb-8e55-18ad167fad0e-server-thread1] INFO  segmented.SegmentedRaftLogWorker (SegmentedRaftLogWorker.java:startLogSegment(425)) - 95d2a9a6-1343-48cb-8e55-18ad167fad0e@group-E7D9884B8C54-SegmentedRaftLogWorker: Starting segment from index:0
2022-07-12 23:22:48,198 [95d2a9a6-1343-48cb-8e55-18ad167fad0e@group-E7D9884B8C54-SegmentedRaftLogWorker] INFO  segmented.SegmentedRaftLogWorker (SegmentedRaftLogWorker.java:execute(629)) - 95d2a9a6-1343-48cb-8e55-18ad167fad0e@group-E7D9884B8C54-SegmentedRaftLogWorker: created new log segment /home/runner/work/ozone/ozone/hadoop-ozone/integration-test/target/test-dir/MiniOzoneClusterImpl-0e22dd8b-fc59-4669-93e2-f1079baade23/datanode-1/data/ratis/4ffe867c-dafd-41b3-855f-e7d9884b8c54/current/log_inprogress_0
2022-07-12 23:22:48,217 [95d2a9a6-1343-48cb-8e55-18ad167fad0e@group-D045DBB7FC30-FollowerState] INFO  impl.FollowerState (FollowerState.java:run(143)) - 95d2a9a6-1343-48cb-8e55-18ad167fad0e@group-D045DBB7FC30-FollowerState: change to CANDIDATE, lastRpcElapsedTime:5127271879ns, electionTimeout:5102ms
2022-07-12 23:22:48,217 [95d2a9a6-1343-48cb-8e55-18ad167fad0e@group-D045DBB7FC30-FollowerState] INFO  impl.RoleInfo (RoleInfo.java:shutdownFollowerState(110)) - 95d2a9a6-1343-48cb-8e55-18ad167fad0e: shutdown 95d2a9a6-1343-48cb-8e55-18ad167fad0e@group-D045DBB7FC30-FollowerState
2022-07-12 23:22:48,217 [95d2a9a6-1343-48cb-8e55-18ad167fad0e@group-D045DBB7FC30-FollowerState] INFO  server.RaftServer$Division (RaftServerImpl.java:setRole(299)) - 95d2a9a6-1343-48cb-8e55-18ad167fad0e@group-D045DBB7FC30: changes role from  FOLLOWER to CANDIDATE at term 1 for changeToCandidate
2022-07-12 23:22:48,217 [95d2a9a6-1343-48cb-8e55-18ad167fad0e@group-D045DBB7FC30-FollowerState] INFO  server.RaftServerConfigKeys (ConfUtils.java:logGet(46)) - raft.server.leaderelection.pre-vote = false (custom)
2022-07-12 23:22:48,218 [95d2a9a6-1343-48cb-8e55-18ad167fad0e@group-D045DBB7FC30-FollowerState] INFO  impl.RoleInfo (RoleInfo.java:updateAndGet(139)) - 95d2a9a6-1343-48cb-8e55-18ad167fad0e: start 95d2a9a6-1343-48cb-8e55-18ad167fad0e@group-D045DBB7FC30-LeaderElection46
2022-07-12 23:22:48,198 [d8f6f594-8e93-48ac-9153-9e8fd018aa2e@group-D045DBB7FC30-FollowerState] INFO  impl.FollowerState (FollowerState.java:run(143)) - d8f6f594-8e93-48ac-9153-9e8fd018aa2e@group-D045DBB7FC30-FollowerState: change to CANDIDATE, lastRpcElapsedTime:5130257105ns, electionTimeout:5021ms
2022-07-12 23:22:48,218 [d8f6f594-8e93-48ac-9153-9e8fd018aa2e@group-D045DBB7FC30-FollowerState] INFO  impl.RoleInfo (RoleInfo.java:shutdownFollowerState(110)) - d8f6f594-8e93-48ac-9153-9e8fd018aa2e: shutdown d8f6f594-8e93-48ac-9153-9e8fd018aa2e@group-D045DBB7FC30-FollowerState
2022-07-12 23:22:48,218 [d8f6f594-8e93-48ac-9153-9e8fd018aa2e@group-D045DBB7FC30-FollowerState] INFO  server.RaftServer$Division (RaftServerImpl.java:setRole(299)) - d8f6f594-8e93-48ac-9153-9e8fd018aa2e@group-D045DBB7FC30: changes role from  FOLLOWER to CANDIDATE at term 1 for changeToCandidate
2022-07-12 23:22:48,243 [Listener at 127.0.0.1/43683] INFO  ozone.MiniOzoneClusterImpl (MiniOzoneClusterImpl.java:lambda$waitForClusterToBeReady$0(216)) - Nodes are ready. Got 5 of 5 DN Heartbeats.
2022-07-12 23:22:48,243 [Listener at 127.0.0.1/43683] INFO  ozone.MiniOzoneClusterImpl (MiniOzoneClusterImpl.java:lambda$waitForClusterToBeReady$0(219)) - Cluster exits safe mode
2022-07-12 23:22:48,243 [Listener at 127.0.0.1/43683] INFO  ozone.MiniOzoneClusterImpl (MiniOzoneClusterImpl.java:lambda$waitForClusterToBeReady$0(221)) - SCM became leader
2022-07-12 23:22:48,255 [95d2a9a6-1343-48cb-8e55-18ad167fad0e@group-D045DBB7FC30-LeaderElection46] INFO  impl.LeaderElection (LeaderElection.java:askForVotes(310)) - 95d2a9a6-1343-48cb-8e55-18ad167fad0e@group-D045DBB7FC30-LeaderElection46 ELECTION round 0: submit vote requests at term 2 for -1: [95d2a9a6-1343-48cb-8e55-18ad167fad0e|rpc:10.1.0.13:37471|dataStream:|priority:1, f86a3de6-fa90-4082-aec2-64cbafe88bfb|rpc:10.1.0.13:41481|dataStream:|priority:0, d8f6f594-8e93-48ac-9153-9e8fd018aa2e|rpc:10.1.0.13:43455|dataStream:|priority:0], old=null
2022-07-12 23:22:48,268 [d8f6f594-8e93-48ac-9153-9e8fd018aa2e@group-D045DBB7FC30-FollowerState] INFO  server.RaftServerConfigKeys (ConfUtils.java:logGet(46)) - raft.server.leaderelection.pre-vote = false (custom)
2022-07-12 23:22:48,268 [d8f6f594-8e93-48ac-9153-9e8fd018aa2e@group-D045DBB7FC30-FollowerState] INFO  impl.RoleInfo (RoleInfo.java:updateAndGet(139)) - d8f6f594-8e93-48ac-9153-9e8fd018aa2e: start d8f6f594-8e93-48ac-9153-9e8fd018aa2e@group-D045DBB7FC30-LeaderElection47
2022-07-12 23:22:48,276 [f86a3de6-fa90-4082-aec2-64cbafe88bfb@group-D045DBB7FC30-FollowerState] INFO  impl.FollowerState (FollowerState.java:run(143)) - f86a3de6-fa90-4082-aec2-64cbafe88bfb@group-D045DBB7FC30-FollowerState: change to CANDIDATE, lastRpcElapsedTime:5182640356ns, electionTimeout:5182ms
2022-07-12 23:22:48,276 [f86a3de6-fa90-4082-aec2-64cbafe88bfb@group-D045DBB7FC30-FollowerState] INFO  impl.RoleInfo (RoleInfo.java:shutdownFollowerState(110)) - f86a3de6-fa90-4082-aec2-64cbafe88bfb: shutdown f86a3de6-fa90-4082-aec2-64cbafe88bfb@group-D045DBB7FC30-FollowerState
2022-07-12 23:22:48,276 [f86a3de6-fa90-4082-aec2-64cbafe88bfb@group-D045DBB7FC30-FollowerState] INFO  server.RaftServer$Division (RaftServerImpl.java:setRole(299)) - f86a3de6-fa90-4082-aec2-64cbafe88bfb@group-D045DBB7FC30: changes role from  FOLLOWER to CANDIDATE at term 1 for changeToCandidate
2022-07-12 23:22:48,276 [f86a3de6-fa90-4082-aec2-64cbafe88bfb@group-D045DBB7FC30-FollowerState] INFO  server.RaftServerConfigKeys (ConfUtils.java:logGet(46)) - raft.server.leaderelection.pre-vote = false (custom)
2022-07-12 23:22:48,276 [f86a3de6-fa90-4082-aec2-64cbafe88bfb@group-D045DBB7FC30-FollowerState] INFO  impl.RoleInfo (RoleInfo.java:updateAndGet(139)) - f86a3de6-fa90-4082-aec2-64cbafe88bfb: start f86a3de6-fa90-4082-aec2-64cbafe88bfb@group-D045DBB7FC30-LeaderElection48
2022-07-12 23:22:48,305 [f86a3de6-fa90-4082-aec2-64cbafe88bfb@group-D045DBB7FC30-LeaderElection48] INFO  impl.LeaderElection (LeaderElection.java:askForVotes(310)) - f86a3de6-fa90-4082-aec2-64cbafe88bfb@group-D045DBB7FC30-LeaderElection48 ELECTION round 0: submit vote requests at term 2 for -1: [95d2a9a6-1343-48cb-8e55-18ad167fad0e|rpc:10.1.0.13:37471|priority:1, f86a3de6-fa90-4082-aec2-64cbafe88bfb|rpc:10.1.0.13:41481|priority:0, d8f6f594-8e93-48ac-9153-9e8fd018aa2e|rpc:10.1.0.13:43455|priority:0], old=null
2022-07-12 23:22:48,308 [grpc-default-executor-3] INFO  server.RaftServer$Division (RaftServerImpl.java:requestVote(1152)) - f86a3de6-fa90-4082-aec2-64cbafe88bfb@group-D045DBB7FC30: receive requestVote(ELECTION, 95d2a9a6-1343-48cb-8e55-18ad167fad0e, group-D045DBB7FC30, 2, (t:0, i:0))
2022-07-12 23:22:48,308 [grpc-default-executor-3] INFO  impl.VoteContext (VoteContext.java:log(48)) - f86a3de6-fa90-4082-aec2-64cbafe88bfb@group-D045DBB7FC30-CANDIDATE: reject ELECTION from 95d2a9a6-1343-48cb-8e55-18ad167fad0e: already has voted for f86a3de6-fa90-4082-aec2-64cbafe88bfb at current term 2
2022-07-12 23:22:48,308 [grpc-default-executor-3] INFO  server.RaftServer$Division (RaftServerImpl.java:requestVote(1184)) - f86a3de6-fa90-4082-aec2-64cbafe88bfb@group-D045DBB7FC30 replies to ELECTION vote request: 95d2a9a6-1343-48cb-8e55-18ad167fad0e<-f86a3de6-fa90-4082-aec2-64cbafe88bfb#0:FAIL-t2. Peer's state: f86a3de6-fa90-4082-aec2-64cbafe88bfb@group-D045DBB7FC30:t2, leader=null, voted=f86a3de6-fa90-4082-aec2-64cbafe88bfb, raftlog=f86a3de6-fa90-4082-aec2-64cbafe88bfb@group-D045DBB7FC30-SegmentedRaftLog:OPENED:c-1, conf=-1: [95d2a9a6-1343-48cb-8e55-18ad167fad0e|rpc:10.1.0.13:37471|priority:1, f86a3de6-fa90-4082-aec2-64cbafe88bfb|rpc:10.1.0.13:41481|priority:0, d8f6f594-8e93-48ac-9153-9e8fd018aa2e|rpc:10.1.0.13:43455|priority:0], old=null
2022-07-12 23:22:48,308 [grpc-default-executor-1] INFO  server.RaftServer$Division (RaftServerImpl.java:requestVote(1152)) - d8f6f594-8e93-48ac-9153-9e8fd018aa2e@group-D045DBB7FC30: receive requestVote(ELECTION, 95d2a9a6-1343-48cb-8e55-18ad167fad0e, group-D045DBB7FC30, 2, (t:0, i:0))
2022-07-12 23:22:48,317 [d8f6f594-8e93-48ac-9153-9e8fd018aa2e@group-D045DBB7FC30-LeaderElection47] INFO  impl.LeaderElection (LeaderElection.java:askForVotes(310)) - d8f6f594-8e93-48ac-9153-9e8fd018aa2e@group-D045DBB7FC30-LeaderElection47 ELECTION round 0: submit vote requests at term 2 for -1: [95d2a9a6-1343-48cb-8e55-18ad167fad0e|rpc:10.1.0.13:37471|dataStream:|priority:1, f86a3de6-fa90-4082-aec2-64cbafe88bfb|rpc:10.1.0.13:41481|dataStream:|priority:0, d8f6f594-8e93-48ac-9153-9e8fd018aa2e|rpc:10.1.0.13:43455|dataStream:|priority:0], old=null
2022-07-12 23:22:48,317 [grpc-default-executor-1] INFO  impl.VoteContext (VoteContext.java:log(48)) - d8f6f594-8e93-48ac-9153-9e8fd018aa2e@group-D045DBB7FC30-CANDIDATE: reject ELECTION from 95d2a9a6-1343-48cb-8e55-18ad167fad0e: already has voted for d8f6f594-8e93-48ac-9153-9e8fd018aa2e at current term 2
2022-07-12 23:22:48,318 [grpc-default-executor-1] INFO  server.RaftServer$Division (RaftServerImpl.java:requestVote(1184)) - d8f6f594-8e93-48ac-9153-9e8fd018aa2e@group-D045DBB7FC30 replies to ELECTION vote request: 95d2a9a6-1343-48cb-8e55-18ad167fad0e<-d8f6f594-8e93-48ac-9153-9e8fd018aa2e#0:FAIL-t2. Peer's state: d8f6f594-8e93-48ac-9153-9e8fd018aa2e@group-D045DBB7FC30:t2, leader=null, voted=d8f6f594-8e93-48ac-9153-9e8fd018aa2e, raftlog=d8f6f594-8e93-48ac-9153-9e8fd018aa2e@group-D045DBB7FC30-SegmentedRaftLog:OPENED:c-1, conf=-1: [95d2a9a6-1343-48cb-8e55-18ad167fad0e|rpc:10.1.0.13:37471|dataStream:|priority:1, f86a3de6-fa90-4082-aec2-64cbafe88bfb|rpc:10.1.0.13:41481|dataStream:|priority:0, d8f6f594-8e93-48ac-9153-9e8fd018aa2e|rpc:10.1.0.13:43455|dataStream:|priority:0], old=null
2022-07-12 23:22:48,333 [grpc-default-executor-2] INFO  server.RaftServer$Division (RaftServerImpl.java:requestVote(1152)) - 95d2a9a6-1343-48cb-8e55-18ad167fad0e@group-D045DBB7FC30: receive requestVote(ELECTION, f86a3de6-fa90-4082-aec2-64cbafe88bfb, group-D045DBB7FC30, 2, (t:0, i:0))
2022-07-12 23:22:48,333 [grpc-default-executor-2] INFO  impl.VoteContext (VoteContext.java:log(48)) - 95d2a9a6-1343-48cb-8e55-18ad167fad0e@group-D045DBB7FC30-CANDIDATE: reject ELECTION from f86a3de6-fa90-4082-aec2-64cbafe88bfb: already has voted for 95d2a9a6-1343-48cb-8e55-18ad167fad0e at current term 2
2022-07-12 23:22:48,333 [grpc-default-executor-2] INFO  server.RaftServer$Division (RaftServerImpl.java:requestVote(1184)) - 95d2a9a6-1343-48cb-8e55-18ad167fad0e@group-D045DBB7FC30 replies to ELECTION vote request: f86a3de6-fa90-4082-aec2-64cbafe88bfb<-95d2a9a6-1343-48cb-8e55-18ad167fad0e#0:FAIL-t2. Peer's state: 95d2a9a6-1343-48cb-8e55-18ad167fad0e@group-D045DBB7FC30:t2, leader=null, voted=95d2a9a6-1343-48cb-8e55-18ad167fad0e, raftlog=95d2a9a6-1343-48cb-8e55-18ad167fad0e@group-D045DBB7FC30-SegmentedRaftLog:OPENED:c-1, conf=-1: [95d2a9a6-1343-48cb-8e55-18ad167fad0e|rpc:10.1.0.13:37471|dataStream:|priority:1, f86a3de6-fa90-4082-aec2-64cbafe88bfb|rpc:10.1.0.13:41481|dataStream:|priority:0, d8f6f594-8e93-48ac-9153-9e8fd018aa2e|rpc:10.1.0.13:43455|dataStream:|priority:0], old=null
2022-07-12 23:22:48,364 [f86a3de6-fa90-4082-aec2-64cbafe88bfb@group-D045DBB7FC30-LeaderElection48] INFO  impl.LeaderElection (LeaderElection.java:logAndReturn(90)) - f86a3de6-fa90-4082-aec2-64cbafe88bfb@group-D045DBB7FC30-LeaderElection48: ELECTION REJECTED received 1 response(s) and 0 exception(s):
2022-07-12 23:22:48,364 [f86a3de6-fa90-4082-aec2-64cbafe88bfb@group-D045DBB7FC30-LeaderElection48] INFO  impl.LeaderElection (LeaderElection.java:logAndReturn(94)) -   Response 0: f86a3de6-fa90-4082-aec2-64cbafe88bfb<-95d2a9a6-1343-48cb-8e55-18ad167fad0e#0:FAIL-t2
2022-07-12 23:22:48,365 [f86a3de6-fa90-4082-aec2-64cbafe88bfb@group-D045DBB7FC30-LeaderElection48] INFO  impl.LeaderElection (LeaderElection.java:askForVotes(312)) - f86a3de6-fa90-4082-aec2-64cbafe88bfb@group-D045DBB7FC30-LeaderElection48 ELECTION round 0: result REJECTED
2022-07-12 23:22:48,365 [f86a3de6-fa90-4082-aec2-64cbafe88bfb@group-D045DBB7FC30-LeaderElection48] INFO  server.RaftServer$Division (RaftServerImpl.java:setRole(299)) - f86a3de6-fa90-4082-aec2-64cbafe88bfb@group-D045DBB7FC30: changes role from CANDIDATE to FOLLOWER at term 2 for REJECTED
2022-07-12 23:22:48,365 [f86a3de6-fa90-4082-aec2-64cbafe88bfb@group-D045DBB7FC30-LeaderElection48] INFO  impl.RoleInfo (RoleInfo.java:shutdownLeaderElection(130)) - f86a3de6-fa90-4082-aec2-64cbafe88bfb: shutdown f86a3de6-fa90-4082-aec2-64cbafe88bfb@group-D045DBB7FC30-LeaderElection48
2022-07-12 23:22:48,365 [f86a3de6-fa90-4082-aec2-64cbafe88bfb@group-D045DBB7FC30-LeaderElection48] INFO  impl.RoleInfo (RoleInfo.java:updateAndGet(139)) - f86a3de6-fa90-4082-aec2-64cbafe88bfb: start f86a3de6-fa90-4082-aec2-64cbafe88bfb@group-D045DBB7FC30-FollowerState
2022-07-12 23:22:48,381 [95d2a9a6-1343-48cb-8e55-18ad167fad0e@group-D045DBB7FC30-LeaderElection46] INFO  impl.LeaderElection (LeaderElection.java:logAndReturn(90)) - 95d2a9a6-1343-48cb-8e55-18ad167fad0e@group-D045DBB7FC30-LeaderElection46: ELECTION REJECTED received 2 response(s) and 0 exception(s):
2022-07-12 23:22:48,381 [95d2a9a6-1343-48cb-8e55-18ad167fad0e@group-D045DBB7FC30-LeaderElection46] INFO  impl.LeaderElection (LeaderElection.java:logAndReturn(94)) -   Response 0: 95d2a9a6-1343-48cb-8e55-18ad167fad0e<-f86a3de6-fa90-4082-aec2-64cbafe88bfb#0:FAIL-t2
2022-07-12 23:22:48,381 [95d2a9a6-1343-48cb-8e55-18ad167fad0e@group-D045DBB7FC30-LeaderElection46] INFO  impl.LeaderElection (LeaderElection.java:logAndReturn(94)) -   Response 1: 95d2a9a6-1343-48cb-8e55-18ad167fad0e<-d8f6f594-8e93-48ac-9153-9e8fd018aa2e#0:FAIL-t2
2022-07-12 23:22:48,397 [95d2a9a6-1343-48cb-8e55-18ad167fad0e@group-D045DBB7FC30-LeaderElection46] INFO  impl.LeaderElection (LeaderElection.java:askForVotes(312)) - 95d2a9a6-1343-48cb-8e55-18ad167fad0e@group-D045DBB7FC30-LeaderElection46 ELECTION round 0: result REJECTED
2022-07-12 23:22:48,398 [grpc-default-executor-2] INFO  server.RaftServer$Division (RaftServerImpl.java:requestVote(1152)) - 95d2a9a6-1343-48cb-8e55-18ad167fad0e@group-D045DBB7FC30: receive requestVote(ELECTION, d8f6f594-8e93-48ac-9153-9e8fd018aa2e, group-D045DBB7FC30, 2, (t:0, i:0))
2022-07-12 23:22:48,398 [grpc-default-executor-3] INFO  server.RaftServer$Division (RaftServerImpl.java:requestVote(1152)) - d8f6f594-8e93-48ac-9153-9e8fd018aa2e@group-D045DBB7FC30: receive requestVote(ELECTION, f86a3de6-fa90-4082-aec2-64cbafe88bfb, group-D045DBB7FC30, 2, (t:0, i:0))
2022-07-12 23:22:48,398 [grpc-default-executor-3] INFO  impl.VoteContext (VoteContext.java:log(48)) - d8f6f594-8e93-48ac-9153-9e8fd018aa2e@group-D045DBB7FC30-CANDIDATE: reject ELECTION from f86a3de6-fa90-4082-aec2-64cbafe88bfb: already has voted for d8f6f594-8e93-48ac-9153-9e8fd018aa2e at current term 2
2022-07-12 23:22:48,398 [grpc-default-executor-3] INFO  server.RaftServer$Division (RaftServerImpl.java:requestVote(1184)) - d8f6f594-8e93-48ac-9153-9e8fd018aa2e@group-D045DBB7FC30 replies to ELECTION vote request: f86a3de6-fa90-4082-aec2-64cbafe88bfb<-d8f6f594-8e93-48ac-9153-9e8fd018aa2e#0:FAIL-t2. Peer's state: d8f6f594-8e93-48ac-9153-9e8fd018aa2e@group-D045DBB7FC30:t2, leader=null, voted=d8f6f594-8e93-48ac-9153-9e8fd018aa2e, raftlog=d8f6f594-8e93-48ac-9153-9e8fd018aa2e@group-D045DBB7FC30-SegmentedRaftLog:OPENED:c-1, conf=-1: [95d2a9a6-1343-48cb-8e55-18ad167fad0e|rpc:10.1.0.13:37471|dataStream:|priority:1, f86a3de6-fa90-4082-aec2-64cbafe88bfb|rpc:10.1.0.13:41481|dataStream:|priority:0, d8f6f594-8e93-48ac-9153-9e8fd018aa2e|rpc:10.1.0.13:43455|dataStream:|priority:0], old=null
2022-07-12 23:22:48,398 [grpc-default-executor-1] INFO  server.RaftServer$Division (RaftServerImpl.java:requestVote(1152)) - f86a3de6-fa90-4082-aec2-64cbafe88bfb@group-D045DBB7FC30: receive requestVote(ELECTION, d8f6f594-8e93-48ac-9153-9e8fd018aa2e, group-D045DBB7FC30, 2, (t:0, i:0))
2022-07-12 23:22:48,398 [grpc-default-executor-1] INFO  impl.VoteContext (VoteContext.java:log(48)) - f86a3de6-fa90-4082-aec2-64cbafe88bfb@group-D045DBB7FC30-FOLLOWER: reject ELECTION from d8f6f594-8e93-48ac-9153-9e8fd018aa2e: already has voted for f86a3de6-fa90-4082-aec2-64cbafe88bfb at current term 2
2022-07-12 23:22:48,398 [grpc-default-executor-1] INFO  server.RaftServer$Division (RaftServerImpl.java:requestVote(1184)) - f86a3de6-fa90-4082-aec2-64cbafe88bfb@group-D045DBB7FC30 replies to ELECTION vote request: d8f6f594-8e93-48ac-9153-9e8fd018aa2e<-f86a3de6-fa90-4082-aec2-64cbafe88bfb#0:FAIL-t2. Peer's state: f86a3de6-fa90-4082-aec2-64cbafe88bfb@group-D045DBB7FC30:t2, leader=null, voted=f86a3de6-fa90-4082-aec2-64cbafe88bfb, raftlog=f86a3de6-fa90-4082-aec2-64cbafe88bfb@group-D045DBB7FC30-SegmentedRaftLog:OPENED:c-1, conf=-1: [95d2a9a6-1343-48cb-8e55-18ad167fad0e|rpc:10.1.0.13:37471|priority:1, f86a3de6-fa90-4082-aec2-64cbafe88bfb|rpc:10.1.0.13:41481|priority:0, d8f6f594-8e93-48ac-9153-9e8fd018aa2e|rpc:10.1.0.13:43455|priority:0], old=null
2022-07-12 23:22:48,398 [95d2a9a6-1343-48cb-8e55-18ad167fad0e@group-D045DBB7FC30-LeaderElection46] INFO  server.RaftServer$Division (RaftServerImpl.java:setRole(299)) - 95d2a9a6-1343-48cb-8e55-18ad167fad0e@group-D045DBB7FC30: changes role from CANDIDATE to FOLLOWER at term 2 for REJECTED
2022-07-12 23:22:48,400 [95d2a9a6-1343-48cb-8e55-18ad167fad0e@group-D045DBB7FC30-LeaderElection46] INFO  impl.RoleInfo (RoleInfo.java:shutdownLeaderElection(130)) - 95d2a9a6-1343-48cb-8e55-18ad167fad0e: shutdown 95d2a9a6-1343-48cb-8e55-18ad167fad0e@group-D045DBB7FC30-LeaderElection46
2022-07-12 23:22:48,400 [95d2a9a6-1343-48cb-8e55-18ad167fad0e@group-D045DBB7FC30-LeaderElection46] INFO  impl.RoleInfo (RoleInfo.java:updateAndGet(139)) - 95d2a9a6-1343-48cb-8e55-18ad167fad0e: start 95d2a9a6-1343-48cb-8e55-18ad167fad0e@group-D045DBB7FC30-FollowerState
2022-07-12 23:22:48,402 [grpc-default-executor-2] INFO  impl.VoteContext (VoteContext.java:log(48)) - 95d2a9a6-1343-48cb-8e55-18ad167fad0e@group-D045DBB7FC30-FOLLOWER: reject ELECTION from d8f6f594-8e93-48ac-9153-9e8fd018aa2e: already has voted for 95d2a9a6-1343-48cb-8e55-18ad167fad0e at current term 2
2022-07-12 23:22:48,402 [grpc-default-executor-2] INFO  server.RaftServer$Division (RaftServerImpl.java:requestVote(1184)) - 95d2a9a6-1343-48cb-8e55-18ad167fad0e@group-D045DBB7FC30 replies to ELECTION vote request: d8f6f594-8e93-48ac-9153-9e8fd018aa2e<-95d2a9a6-1343-48cb-8e55-18ad167fad0e#0:FAIL-t2. Peer's state: 95d2a9a6-1343-48cb-8e55-18ad167fad0e@group-D045DBB7FC30:t2, leader=null, voted=95d2a9a6-1343-48cb-8e55-18ad167fad0e, raftlog=95d2a9a6-1343-48cb-8e55-18ad167fad0e@group-D045DBB7FC30-SegmentedRaftLog:OPENED:c-1, conf=-1: [95d2a9a6-1343-48cb-8e55-18ad167fad0e|rpc:10.1.0.13:37471|dataStream:|priority:1, f86a3de6-fa90-4082-aec2-64cbafe88bfb|rpc:10.1.0.13:41481|dataStream:|priority:0, d8f6f594-8e93-48ac-9153-9e8fd018aa2e|rpc:10.1.0.13:43455|dataStream:|priority:0], old=null
2022-07-12 23:22:48,404 [d8f6f594-8e93-48ac-9153-9e8fd018aa2e@group-D045DBB7FC30-LeaderElection47] INFO  impl.LeaderElection (LeaderElection.java:logAndReturn(90)) - d8f6f594-8e93-48ac-9153-9e8fd018aa2e@group-D045DBB7FC30-LeaderElection47: ELECTION REJECTED received 2 response(s) and 0 exception(s):
2022-07-12 23:22:48,404 [d8f6f594-8e93-48ac-9153-9e8fd018aa2e@group-D045DBB7FC30-LeaderElection47] INFO  impl.LeaderElection (LeaderElection.java:logAndReturn(94)) -   Response 0: d8f6f594-8e93-48ac-9153-9e8fd018aa2e<-95d2a9a6-1343-48cb-8e55-18ad167fad0e#0:FAIL-t2
2022-07-12 23:22:48,404 [d8f6f594-8e93-48ac-9153-9e8fd018aa2e@group-D045DBB7FC30-LeaderElection47] INFO  impl.LeaderElection (LeaderElection.java:logAndReturn(94)) -   Response 1: d8f6f594-8e93-48ac-9153-9e8fd018aa2e<-f86a3de6-fa90-4082-aec2-64cbafe88bfb#0:FAIL-t2
2022-07-12 23:22:48,404 [d8f6f594-8e93-48ac-9153-9e8fd018aa2e@group-D045DBB7FC30-LeaderElection47] INFO  impl.LeaderElection (LeaderElection.java:askForVotes(312)) - d8f6f594-8e93-48ac-9153-9e8fd018aa2e@group-D045DBB7FC30-LeaderElection47 ELECTION round 0: result REJECTED
2022-07-12 23:22:48,404 [d8f6f594-8e93-48ac-9153-9e8fd018aa2e@group-D045DBB7FC30-LeaderElection47] INFO  server.RaftServer$Division (RaftServerImpl.java:setRole(299)) - d8f6f594-8e93-48ac-9153-9e8fd018aa2e@group-D045DBB7FC30: changes role from CANDIDATE to FOLLOWER at term 2 for REJECTED
2022-07-12 23:22:48,404 [d8f6f594-8e93-48ac-9153-9e8fd018aa2e@group-D045DBB7FC30-LeaderElection47] INFO  impl.RoleInfo (RoleInfo.java:shutdownLeaderElection(130)) - d8f6f594-8e93-48ac-9153-9e8fd018aa2e: shutdown d8f6f594-8e93-48ac-9153-9e8fd018aa2e@group-D045DBB7FC30-LeaderElection47
2022-07-12 23:22:48,404 [d8f6f594-8e93-48ac-9153-9e8fd018aa2e@group-D045DBB7FC30-LeaderElection47] INFO  impl.RoleInfo (RoleInfo.java:updateAndGet(139)) - d8f6f594-8e93-48ac-9153-9e8fd018aa2e: start d8f6f594-8e93-48ac-9153-9e8fd018aa2e@group-D045DBB7FC30-FollowerState
2022-07-12 23:22:48,469 [Time-limited test] INFO  rpc.RpcClient (RpcClient.java:createVolume(466)) - Creating Volume: volume55754, with user94301 as owner and space quota set to -1 bytes, counts quota set to -1
2022-07-12 23:22:48,470 [IPC Server handler 2 on default port 43683] INFO  volume.OMVolumeCreateRequest (OMVolumeCreateRequest.java:validateAndUpdateCache(195)) - created volume:volume55754 for user:user94301
2022-07-12 23:22:48,496 [Time-limited test] INFO  rpc.RpcClient (RpcClient.java:createBucket(669)) - Creating Bucket: volume55754/bucket72928, with bucket layout LEGACY, runner as owner, Versioning false, Storage Type set to DISK and Encryption set to false 
2022-07-12 23:22:48,497 [IPC Server handler 10 on default port 43683] INFO  bucket.OMBucketCreateRequest (OMBucketCreateRequest.java:validateAndUpdateCache(260)) - created bucket: bucket72928 of layout LEGACY in volume: volume55754
2022-07-12 23:22:48,527 [IPC Server handler 0 on default port 43067] INFO  ha.SequenceIdGenerator (SequenceIdGenerator.java:getNextId(128)) - Allocate a batch for containerId, change lastId from 0 to 1000.
2022-07-12 23:22:48,527 [IPC Server handler 0 on default port 43067] WARN  ha.SequenceIdGenerator (SequenceIdGenerator.java:allocateBatch(237)) - Failed to allocate a batch for localId, expected lastId is 0, actual lastId is 109611004723200000.
2022-07-12 23:22:48,527 [IPC Server handler 0 on default port 43067] INFO  ha.SequenceIdGenerator (SequenceIdGenerator.java:getNextId(128)) - Allocate a batch for localId, change lastId from 109611004723200000 to 109611004723201000.
23:22:48.543 [IPC Server handler 18 on default port 43683] ERROR OMAudit - user=runner | ip=127.0.0.1 | op=GET_FILE_STATUS {volume=volume55754, bucket=bucket72928, key=dir578/file1, dataSize=0, replicationConfig=null} | ret=FAILURE
org.apache.hadoop.ozone.om.exceptions.OMException: Unable to get file status: volume: volume55754 bucket: bucket72928 key: dir578/file1
	at org.apache.hadoop.ozone.om.KeyManagerImpl.getOzoneFileStatus(KeyManagerImpl.java:1311) ~[ozone-manager-1.3.0-SNAPSHOT.jar:?]
	at org.apache.hadoop.ozone.om.KeyManagerImpl.getFileStatus(KeyManagerImpl.java:1241) ~[ozone-manager-1.3.0-SNAPSHOT.jar:?]
	at org.apache.hadoop.ozone.om.OzoneManager.getFileStatus(OzoneManager.java:3419) ~[ozone-manager-1.3.0-SNAPSHOT.jar:?]
	at org.apache.hadoop.ozone.protocolPB.OzoneManagerRequestHandler.getOzoneFileStatus(OzoneManagerRequestHandler.java:871) ~[ozone-manager-1.3.0-SNAPSHOT.jar:?]
	at org.apache.hadoop.ozone.protocolPB.OzoneManagerRequestHandler.handleReadRequest(OzoneManagerRequestHandler.java:217) ~[ozone-manager-1.3.0-SNAPSHOT.jar:?]
	at org.apache.hadoop.ozone.protocolPB.OzoneManagerProtocolServerSideTranslatorPB.submitRequestDirectlyToOM(OzoneManagerProtocolServerSideTranslatorPB.java:276) ~[ozone-manager-1.3.0-SNAPSHOT.jar:?]
	at org.apache.hadoop.ozone.protocolPB.OzoneManagerProtocolServerSideTranslatorPB.processRequest(OzoneManagerProtocolServerSideTranslatorPB.java:205) ~[ozone-manager-1.3.0-SNAPSHOT.jar:?]
	at org.apache.hadoop.hdds.server.OzoneProtocolMessageDispatcher.processRequest(OzoneProtocolMessageDispatcher.java:87) [hdds-server-framework-1.3.0-SNAPSHOT.jar:?]
	at org.apache.hadoop.ozone.protocolPB.OzoneManagerProtocolServerSideTranslatorPB.submitRequest(OzoneManagerProtocolServerSideTranslatorPB.java:147) [ozone-manager-1.3.0-SNAPSHOT.jar:?]
	at org.apache.hadoop.ozone.protocol.proto.OzoneManagerProtocolProtos$OzoneManagerService$2.callBlockingMethod(OzoneManagerProtocolProtos.java) [ozone-interface-client-1.3.0-SNAPSHOT.jar:?]
	at org.apache.hadoop.ipc.ProtobufRpcEngine$Server.processCall(ProtobufRpcEngine.java:466) [hadoop-common-3.3.1.jar:?]
	at org.apache.hadoop.ipc.ProtobufRpcEngine2$Server$ProtoBufRpcInvoker.call(ProtobufRpcEngine2.java:574) [hadoop-common-3.3.1.jar:?]
	at org.apache.hadoop.ipc.ProtobufRpcEngine2$Server$ProtoBufRpcInvoker.call(ProtobufRpcEngine2.java:552) [hadoop-common-3.3.1.jar:?]
	at org.apache.hadoop.ipc.RPC$Server.call(RPC.java:1093) [hadoop-common-3.3.1.jar:?]
	at org.apache.hadoop.ipc.Server$RpcCall.run(Server.java:1035) [hadoop-common-3.3.1.jar:?]
	at org.apache.hadoop.ipc.Server$RpcCall.run(Server.java:963) [hadoop-common-3.3.1.jar:?]
	at java.security.AccessController.doPrivileged(Native Method) ~[?:1.8.0_332]
	at javax.security.auth.Subject.doAs(Subject.java:422) [?:1.8.0_332]
	at org.apache.hadoop.security.UserGroupInformation.doAs(UserGroupInformation.java:1878) [hadoop-common-3.3.1.jar:?]
	at org.apache.hadoop.ipc.Server$Handler.run(Server.java:2966) [hadoop-common-3.3.1.jar:?]
]]></system-out>
  </testcase>
  <testcase name="testRenameFile" classname="TestRootedOzoneFileSystem" time="0.399">
    <system-out><![CDATA[2022-07-12 23:23:12,224 [Listener at 127.0.0.1/43683] INFO  ozone.MiniOzoneClusterImpl (MiniOzoneClusterImpl.java:shutdown(448)) - Shutting down the Mini Ozone Cluster
2022-07-12 23:23:12,224 [Listener at 127.0.0.1/43683] INFO  ozone.MiniOzoneClusterImpl (MiniOzoneClusterImpl.java:stop(463)) - Stopping the Mini Ozone Cluster
2022-07-12 23:23:12,224 [Listener at 127.0.0.1/43683] INFO  ozone.MiniOzoneClusterImpl (MiniOzoneClusterImpl.java:stopOM(545)) - Stopping the OzoneManager
2022-07-12 23:23:12,224 [Listener at 127.0.0.1/43683] INFO  om.OzoneManager (OzoneManager.java:stop(2020)) - om1[localhost:0]: Stopping Ozone Manager
2022-07-12 23:23:12,224 [Listener at 127.0.0.1/43683] INFO  ipc.Server (Server.java:stop(3414)) - Stopping server on 43683
2022-07-12 23:23:12,237 [Listener at 127.0.0.1/43683] INFO  ratis.OzoneManagerDoubleBuffer (OzoneManagerDoubleBuffer.java:stop(465)) - Stopping OMDoubleBuffer flush thread
2022-07-12 23:23:12,237 [OMDoubleBufferFlushThread] INFO  ratis.OzoneManagerDoubleBuffer (OzoneManagerDoubleBuffer.java:flushTransactions(385)) - OMDoubleBuffer flush thread OMDoubleBufferFlushThread is interrupted and will exit.
2022-07-12 23:23:12,237 [IPC Server Responder] INFO  ipc.Server (Server.java:run(1512)) - Stopping IPC Server Responder
2022-07-12 23:23:12,241 [Listener at 127.0.0.1/43683] INFO  utils.BackgroundService (BackgroundService.java:shutdown(132)) - Shutting down service KeyDeletingService
2022-07-12 23:23:12,241 [Listener at 127.0.0.1/43683] INFO  utils.BackgroundService (BackgroundService.java:shutdown(132)) - Shutting down service DirectoryDeletingService
2022-07-12 23:23:12,242 [Listener at 127.0.0.1/43683] INFO  utils.BackgroundService (BackgroundService.java:shutdown(132)) - Shutting down service OpenKeyCleanupService
2022-07-12 23:23:12,242 [Listener at 127.0.0.1/43683] INFO  handler.ContextHandler (ContextHandler.java:doStop(1153)) - Stopped o.e.j.w.WebAppContext@1a9d9a3e{ozoneManager,/,null,STOPPED}{file:/home/runner/work/ozone/ozone/hadoop-ozone/integration-test/target/test-classes/webapps/ozoneManager}
2022-07-12 23:23:12,243 [Listener at 127.0.0.1/43683] INFO  server.AbstractConnector (AbstractConnector.java:doStop(381)) - Stopped ServerConnector@1add43da{HTTP/1.1, (http/1.1)}{0.0.0.0:0}
2022-07-12 23:23:12,243 [Listener at 127.0.0.1/43683] INFO  server.session (HouseKeeper.java:stopScavenging(149)) - node0 Stopped scavenging
2022-07-12 23:23:12,243 [Listener at 127.0.0.1/43683] INFO  handler.ContextHandler (ContextHandler.java:doStop(1153)) - Stopped o.e.j.s.ServletContextHandler@16ea030e{static,/static,file:///home/runner/work/ozone/ozone/hadoop-ozone/integration-test/target/test-classes/webapps/static,STOPPED}
2022-07-12 23:23:12,243 [Listener at 127.0.0.1/43683] INFO  handler.ContextHandler (ContextHandler.java:doStop(1153)) - Stopped o.e.j.s.ServletContextHandler@3f17e012{logs,/logs,file:///home/runner/work/ozone/ozone/hadoop-ozone/integration-test/target/log,STOPPED}
2022-07-12 23:23:12,244 [IPC Server listener on 0] INFO  ipc.Server (Server.java:run(1376)) - Stopping IPC Server listener on 0
2022-07-12 23:23:12,249 [Trash Emptier] ERROR util.ExitUtils (ExitUtils.java:terminate(133)) - Terminating with exit status -1: Thread[Trash Emptier,5,main] has thrown an uncaught exception
java.lang.UnsupportedOperationException: fs.getUri() not implemented in TrashOzoneFileSystem
	at org.apache.hadoop.ozone.om.TrashOzoneFileSystem.getUri(TrashOzoneFileSystem.java:126)
	at org.apache.hadoop.fs.FileSystem.close(FileSystem.java:2592)
	at org.apache.hadoop.ozone.om.TrashPolicyOzone$Emptier.run(TrashPolicyOzone.java:243)
	at java.lang.Thread.run(Thread.java:750)
2022-07-12 23:23:12,267 [Listener at 127.0.0.1/43683] INFO  ozone.MiniOzoneClusterImpl (MiniOzoneClusterImpl.java:stopDatanodes(522)) - Stopping the HddsDatanodes
2022-07-12 23:23:17,281 [Listener at 127.0.0.1/43683] INFO  ozoneimpl.OzoneContainer (OzoneContainer.java:stop(365)) - Attempting to stop container services.
2022-07-12 23:23:17,282 [ForkJoinPool.commonPool-worker-0] INFO  ozoneimpl.OzoneContainer (OzoneContainer.java:stop(365)) - Attempting to stop container services.
2022-07-12 23:23:17,282 [Listener at 127.0.0.1/43683] INFO  server.RaftServer (RaftServerProxy.java:lambda$close$7(398)) - d8f6f594-8e93-48ac-9153-9e8fd018aa2e: close
2022-07-12 23:23:17,282 [Listener at 127.0.0.1/43683] INFO  server.RaftServer$Division (RaftServerImpl.java:lambda$close$4(434)) - d8f6f594-8e93-48ac-9153-9e8fd018aa2e@group-D045DBB7FC30: shutdown
2022-07-12 23:23:17,283 [Listener at 127.0.0.1/43683] INFO  util.JmxRegister (JmxRegister.java:unregister(73)) - Successfully un-registered JMX Bean with object name Ratis:service=RaftServer,group=group-D045DBB7FC30,id=d8f6f594-8e93-48ac-9153-9e8fd018aa2e
2022-07-12 23:23:17,283 [Listener at 127.0.0.1/43683] INFO  impl.RoleInfo (RoleInfo.java:shutdownFollowerState(110)) - d8f6f594-8e93-48ac-9153-9e8fd018aa2e: shutdown d8f6f594-8e93-48ac-9153-9e8fd018aa2e@group-D045DBB7FC30-FollowerState
2022-07-12 23:23:17,283 [Listener at 127.0.0.1/43683] INFO  impl.StateMachineUpdater (StateMachineUpdater.java:stopAndJoin(153)) - d8f6f594-8e93-48ac-9153-9e8fd018aa2e@group-D045DBB7FC30-StateMachineUpdater: set stopIndex = 0
2022-07-12 23:23:17,283 [d8f6f594-8e93-48ac-9153-9e8fd018aa2e@group-D045DBB7FC30-FollowerState] INFO  impl.FollowerState (FollowerState.java:run(152)) - d8f6f594-8e93-48ac-9153-9e8fd018aa2e@group-D045DBB7FC30-FollowerState was interrupted
2022-07-12 23:23:17,283 [ForkJoinPool.commonPool-worker-0] INFO  server.RaftServer (RaftServerProxy.java:lambda$close$7(398)) - 95d2a9a6-1343-48cb-8e55-18ad167fad0e: close
2022-07-12 23:23:17,294 [ForkJoinPool.commonPool-worker-0] INFO  server.RaftServer$Division (RaftServerImpl.java:lambda$close$4(434)) - 95d2a9a6-1343-48cb-8e55-18ad167fad0e@group-D045DBB7FC30: shutdown
2022-07-12 23:23:17,294 [ForkJoinPool.commonPool-worker-0] INFO  util.JmxRegister (JmxRegister.java:unregister(73)) - Successfully un-registered JMX Bean with object name Ratis:service=RaftServer,group=group-D045DBB7FC30,id=95d2a9a6-1343-48cb-8e55-18ad167fad0e
2022-07-12 23:23:17,294 [ForkJoinPool.commonPool-worker-0] INFO  impl.RoleInfo (RoleInfo.java:shutdownLeaderState(93)) - 95d2a9a6-1343-48cb-8e55-18ad167fad0e: shutdown 95d2a9a6-1343-48cb-8e55-18ad167fad0e@group-D045DBB7FC30-LeaderStateImpl
2022-07-12 23:23:17,294 [ForkJoinPool.commonPool-worker-0] INFO  impl.PendingRequests (PendingRequests.java:sendNotLeaderResponses(282)) - 95d2a9a6-1343-48cb-8e55-18ad167fad0e@group-D045DBB7FC30-PendingRequests: sendNotLeaderResponses
2022-07-12 23:23:17,295 [ForkJoinPool.commonPool-worker-0] INFO  impl.StateMachineUpdater (StateMachineUpdater.java:stopAndJoin(153)) - 95d2a9a6-1343-48cb-8e55-18ad167fad0e@group-D045DBB7FC30-StateMachineUpdater: set stopIndex = 0
2022-07-12 23:23:17,295 [95d2a9a6-1343-48cb-8e55-18ad167fad0e@group-D045DBB7FC30->d8f6f594-8e93-48ac-9153-9e8fd018aa2e-GrpcLogAppender-LogAppenderDaemon] WARN  server.GrpcLogAppender (GrpcLogAppender.java:mayWait(171)) - 95d2a9a6-1343-48cb-8e55-18ad167fad0e@group-D045DBB7FC30->d8f6f594-8e93-48ac-9153-9e8fd018aa2e-GrpcLogAppender: Wait interrupted by java.lang.InterruptedException
2022-07-12 23:23:17,295 [95d2a9a6-1343-48cb-8e55-18ad167fad0e@group-D045DBB7FC30-StateMachineUpdater] INFO  ratis.ContainerStateMachine (ContainerStateMachine.java:takeSnapshot(304)) - group-D045DBB7FC30: Taking a snapshot at:(t:4, i:0) file /home/runner/work/ozone/ozone/hadoop-ozone/integration-test/target/test-dir/MiniOzoneClusterImpl-0e22dd8b-fc59-4669-93e2-f1079baade23/datanode-1/data/ratis/582bac8a-4f73-4262-8996-d045dbb7fc30/sm/snapshot.4_0
2022-07-12 23:23:17,296 [95d2a9a6-1343-48cb-8e55-18ad167fad0e@group-D045DBB7FC30->f86a3de6-fa90-4082-aec2-64cbafe88bfb-GrpcLogAppender-LogAppenderDaemon] WARN  server.GrpcLogAppender (GrpcLogAppender.java:mayWait(171)) - 95d2a9a6-1343-48cb-8e55-18ad167fad0e@group-D045DBB7FC30->f86a3de6-fa90-4082-aec2-64cbafe88bfb-GrpcLogAppender: Wait interrupted by java.lang.InterruptedException
2022-07-12 23:23:17,296 [grpc-default-executor-3] INFO  server.GrpcServerProtocolService (GrpcServerProtocolService.java:onCompleted(140)) - d8f6f594-8e93-48ac-9153-9e8fd018aa2e: Completed APPEND_ENTRIES, lastRequest: 95d2a9a6-1343-48cb-8e55-18ad167fad0e->d8f6f594-8e93-48ac-9153-9e8fd018aa2e#1-t4,previous=(t:0, i:0),leaderCommit=0,initializing? true,entries: size=1, first=(t:4, i:0), CONFIGURATIONENTRY
2022-07-12 23:23:17,284 [d8f6f594-8e93-48ac-9153-9e8fd018aa2e@group-D045DBB7FC30-StateMachineUpdater] INFO  ratis.ContainerStateMachine (ContainerStateMachine.java:takeSnapshot(304)) - group-D045DBB7FC30: Taking a snapshot at:(t:4, i:0) file /home/runner/work/ozone/ozone/hadoop-ozone/integration-test/target/test-dir/MiniOzoneClusterImpl-0e22dd8b-fc59-4669-93e2-f1079baade23/datanode-2/data/ratis/582bac8a-4f73-4262-8996-d045dbb7fc30/sm/snapshot.4_0
2022-07-12 23:23:17,297 [grpc-default-executor-0] INFO  server.GrpcServerProtocolService (GrpcServerProtocolService.java:onCompleted(140)) - f86a3de6-fa90-4082-aec2-64cbafe88bfb: Completed APPEND_ENTRIES, lastRequest: 95d2a9a6-1343-48cb-8e55-18ad167fad0e->f86a3de6-fa90-4082-aec2-64cbafe88bfb#1-t4,previous=(t:0, i:0),leaderCommit=-1,initializing? true,entries: size=1, first=(t:4, i:0), CONFIGURATIONENTRY
2022-07-12 23:23:17,297 [grpc-default-executor-2] INFO  server.GrpcLogAppender (GrpcLogAppender.java:onCompleted(339)) - 95d2a9a6-1343-48cb-8e55-18ad167fad0e@group-D045DBB7FC30->f86a3de6-fa90-4082-aec2-64cbafe88bfb-AppendLogResponseHandler: follower responses appendEntries COMPLETED
2022-07-12 23:23:17,298 [grpc-default-executor-2] INFO  leader.FollowerInfo (FollowerInfoImpl.java:lambda$new$0(48)) - 95d2a9a6-1343-48cb-8e55-18ad167fad0e@group-D045DBB7FC30->f86a3de6-fa90-4082-aec2-64cbafe88bfb: nextIndex: updateUnconditionally 1 -> 0
2022-07-12 23:23:17,321 [grpc-default-executor-0] INFO  server.GrpcLogAppender (GrpcLogAppender.java:onCompleted(339)) - 95d2a9a6-1343-48cb-8e55-18ad167fad0e@group-D045DBB7FC30->d8f6f594-8e93-48ac-9153-9e8fd018aa2e-AppendLogResponseHandler: follower responses appendEntries COMPLETED
2022-07-12 23:23:17,321 [grpc-default-executor-0] INFO  leader.FollowerInfo (FollowerInfoImpl.java:lambda$new$0(48)) - 95d2a9a6-1343-48cb-8e55-18ad167fad0e@group-D045DBB7FC30->d8f6f594-8e93-48ac-9153-9e8fd018aa2e: nextIndex: updateUnconditionally 1 -> 0
2022-07-12 23:23:17,322 [95d2a9a6-1343-48cb-8e55-18ad167fad0e@group-D045DBB7FC30-StateMachineUpdater] INFO  ratis.ContainerStateMachine (ContainerStateMachine.java:takeSnapshot(315)) - group-D045DBB7FC30: Finished taking a snapshot at:(t:4, i:0) file:/home/runner/work/ozone/ozone/hadoop-ozone/integration-test/target/test-dir/MiniOzoneClusterImpl-0e22dd8b-fc59-4669-93e2-f1079baade23/datanode-1/data/ratis/582bac8a-4f73-4262-8996-d045dbb7fc30/sm/snapshot.4_0 took: 27 ms
2022-07-12 23:23:17,323 [95d2a9a6-1343-48cb-8e55-18ad167fad0e@group-D045DBB7FC30-StateMachineUpdater] INFO  impl.StateMachineUpdater (StateMachineUpdater.java:takeSnapshot(287)) - 95d2a9a6-1343-48cb-8e55-18ad167fad0e@group-D045DBB7FC30-StateMachineUpdater: Took a snapshot at index 0
2022-07-12 23:23:17,323 [95d2a9a6-1343-48cb-8e55-18ad167fad0e@group-D045DBB7FC30-StateMachineUpdater] INFO  impl.StateMachineUpdater (StateMachineUpdater.java:lambda$new$0(92)) - 95d2a9a6-1343-48cb-8e55-18ad167fad0e@group-D045DBB7FC30-StateMachineUpdater: snapshotIndex: updateIncreasingly -1 -> 0
2022-07-12 23:23:17,323 [ForkJoinPool.commonPool-worker-0] INFO  server.RaftServer$Division (ServerState.java:close(429)) - 95d2a9a6-1343-48cb-8e55-18ad167fad0e@group-D045DBB7FC30: closes. applyIndex: 0
2022-07-12 23:23:17,323 [d8f6f594-8e93-48ac-9153-9e8fd018aa2e@group-D045DBB7FC30-StateMachineUpdater] INFO  ratis.ContainerStateMachine (ContainerStateMachine.java:takeSnapshot(315)) - group-D045DBB7FC30: Finished taking a snapshot at:(t:4, i:0) file:/home/runner/work/ozone/ozone/hadoop-ozone/integration-test/target/test-dir/MiniOzoneClusterImpl-0e22dd8b-fc59-4669-93e2-f1079baade23/datanode-2/data/ratis/582bac8a-4f73-4262-8996-d045dbb7fc30/sm/snapshot.4_0 took: 39 ms
2022-07-12 23:23:17,323 [d8f6f594-8e93-48ac-9153-9e8fd018aa2e@group-D045DBB7FC30-StateMachineUpdater] INFO  impl.StateMachineUpdater (StateMachineUpdater.java:takeSnapshot(287)) - d8f6f594-8e93-48ac-9153-9e8fd018aa2e@group-D045DBB7FC30-StateMachineUpdater: Took a snapshot at index 0
2022-07-12 23:23:17,323 [d8f6f594-8e93-48ac-9153-9e8fd018aa2e@group-D045DBB7FC30-StateMachineUpdater] INFO  impl.StateMachineUpdater (StateMachineUpdater.java:lambda$new$0(92)) - d8f6f594-8e93-48ac-9153-9e8fd018aa2e@group-D045DBB7FC30-StateMachineUpdater: snapshotIndex: updateIncreasingly -1 -> 0
2022-07-12 23:23:17,323 [Listener at 127.0.0.1/43683] INFO  server.RaftServer$Division (ServerState.java:close(429)) - d8f6f594-8e93-48ac-9153-9e8fd018aa2e@group-D045DBB7FC30: closes. applyIndex: 0
2022-07-12 23:23:17,324 [95d2a9a6-1343-48cb-8e55-18ad167fad0e@group-D045DBB7FC30-SegmentedRaftLogWorker] INFO  segmented.SegmentedRaftLogWorker (SegmentedRaftLogWorker.java:run(336)) - 95d2a9a6-1343-48cb-8e55-18ad167fad0e@group-D045DBB7FC30-SegmentedRaftLogWorker was interrupted, exiting. There are 0 tasks remaining in the queue.
2022-07-12 23:23:17,333 [ForkJoinPool.commonPool-worker-0] INFO  segmented.SegmentedRaftLogWorker (SegmentedRaftLogWorker.java:close(246)) - 95d2a9a6-1343-48cb-8e55-18ad167fad0e@group-D045DBB7FC30-SegmentedRaftLogWorker close()
2022-07-12 23:23:17,334 [ForkJoinPool.commonPool-worker-0] INFO  server.RaftServer$Division (RaftServerImpl.java:lambda$close$4(434)) - 95d2a9a6-1343-48cb-8e55-18ad167fad0e@group-E7D9884B8C54: shutdown
2022-07-12 23:23:17,334 [ForkJoinPool.commonPool-worker-0] INFO  util.JmxRegister (JmxRegister.java:unregister(73)) - Successfully un-registered JMX Bean with object name Ratis:service=RaftServer,group=group-E7D9884B8C54,id=95d2a9a6-1343-48cb-8e55-18ad167fad0e
2022-07-12 23:23:17,335 [ForkJoinPool.commonPool-worker-0] INFO  impl.RoleInfo (RoleInfo.java:shutdownFollowerState(110)) - 95d2a9a6-1343-48cb-8e55-18ad167fad0e: shutdown 95d2a9a6-1343-48cb-8e55-18ad167fad0e@group-E7D9884B8C54-FollowerState
2022-07-12 23:23:17,335 [ForkJoinPool.commonPool-worker-0] INFO  impl.StateMachineUpdater (StateMachineUpdater.java:stopAndJoin(153)) - 95d2a9a6-1343-48cb-8e55-18ad167fad0e@group-E7D9884B8C54-StateMachineUpdater: set stopIndex = 31
2022-07-12 23:23:17,335 [95d2a9a6-1343-48cb-8e55-18ad167fad0e@group-E7D9884B8C54-FollowerState] INFO  impl.FollowerState (FollowerState.java:run(152)) - 95d2a9a6-1343-48cb-8e55-18ad167fad0e@group-E7D9884B8C54-FollowerState was interrupted
2022-07-12 23:23:17,335 [95d2a9a6-1343-48cb-8e55-18ad167fad0e@group-E7D9884B8C54-StateMachineUpdater] INFO  ratis.ContainerStateMachine (ContainerStateMachine.java:takeSnapshot(304)) - group-E7D9884B8C54: Taking a snapshot at:(t:2, i:31) file /home/runner/work/ozone/ozone/hadoop-ozone/integration-test/target/test-dir/MiniOzoneClusterImpl-0e22dd8b-fc59-4669-93e2-f1079baade23/datanode-1/data/ratis/4ffe867c-dafd-41b3-855f-e7d9884b8c54/sm/snapshot.2_31
2022-07-12 23:23:17,337 [95d2a9a6-1343-48cb-8e55-18ad167fad0e@group-E7D9884B8C54-StateMachineUpdater] INFO  ratis.ContainerStateMachine (ContainerStateMachine.java:takeSnapshot(315)) - group-E7D9884B8C54: Finished taking a snapshot at:(t:2, i:31) file:/home/runner/work/ozone/ozone/hadoop-ozone/integration-test/target/test-dir/MiniOzoneClusterImpl-0e22dd8b-fc59-4669-93e2-f1079baade23/datanode-1/data/ratis/4ffe867c-dafd-41b3-855f-e7d9884b8c54/sm/snapshot.2_31 took: 2 ms
2022-07-12 23:23:17,337 [95d2a9a6-1343-48cb-8e55-18ad167fad0e@group-E7D9884B8C54-StateMachineUpdater] INFO  impl.StateMachineUpdater (StateMachineUpdater.java:takeSnapshot(287)) - 95d2a9a6-1343-48cb-8e55-18ad167fad0e@group-E7D9884B8C54-StateMachineUpdater: Took a snapshot at index 31
2022-07-12 23:23:17,338 [95d2a9a6-1343-48cb-8e55-18ad167fad0e@group-E7D9884B8C54-StateMachineUpdater] INFO  impl.StateMachineUpdater (StateMachineUpdater.java:lambda$new$0(92)) - 95d2a9a6-1343-48cb-8e55-18ad167fad0e@group-E7D9884B8C54-StateMachineUpdater: snapshotIndex: updateIncreasingly -1 -> 31
2022-07-12 23:23:17,338 [ForkJoinPool.commonPool-worker-0] INFO  server.RaftServer$Division (ServerState.java:close(429)) - 95d2a9a6-1343-48cb-8e55-18ad167fad0e@group-E7D9884B8C54: closes. applyIndex: 31
2022-07-12 23:23:17,338 [95d2a9a6-1343-48cb-8e55-18ad167fad0e@group-E7D9884B8C54-SegmentedRaftLogWorker] INFO  segmented.SegmentedRaftLogWorker (SegmentedRaftLogWorker.java:run(336)) - 95d2a9a6-1343-48cb-8e55-18ad167fad0e@group-E7D9884B8C54-SegmentedRaftLogWorker was interrupted, exiting. There are 0 tasks remaining in the queue.
2022-07-12 23:23:17,339 [d8f6f594-8e93-48ac-9153-9e8fd018aa2e@group-D045DBB7FC30-SegmentedRaftLogWorker] INFO  segmented.SegmentedRaftLogWorker (SegmentedRaftLogWorker.java:run(336)) - d8f6f594-8e93-48ac-9153-9e8fd018aa2e@group-D045DBB7FC30-SegmentedRaftLogWorker was interrupted, exiting. There are 0 tasks remaining in the queue.
2022-07-12 23:23:17,339 [ForkJoinPool.commonPool-worker-0] INFO  segmented.SegmentedRaftLogWorker (SegmentedRaftLogWorker.java:close(246)) - 95d2a9a6-1343-48cb-8e55-18ad167fad0e@group-E7D9884B8C54-SegmentedRaftLogWorker close()
2022-07-12 23:23:17,340 [Listener at 127.0.0.1/43683] INFO  segmented.SegmentedRaftLogWorker (SegmentedRaftLogWorker.java:close(246)) - d8f6f594-8e93-48ac-9153-9e8fd018aa2e@group-D045DBB7FC30-SegmentedRaftLogWorker close()
2022-07-12 23:23:17,362 [ForkJoinPool.commonPool-worker-0] INFO  server.RaftServer$Division (RaftServerImpl.java:lambda$close$4(434)) - 95d2a9a6-1343-48cb-8e55-18ad167fad0e@group-97BEB3EC2E14: shutdown
2022-07-12 23:23:17,362 [ForkJoinPool.commonPool-worker-0] INFO  util.JmxRegister (JmxRegister.java:unregister(73)) - Successfully un-registered JMX Bean with object name Ratis:service=RaftServer,group=group-97BEB3EC2E14,id=95d2a9a6-1343-48cb-8e55-18ad167fad0e
2022-07-12 23:23:17,362 [ForkJoinPool.commonPool-worker-0] INFO  impl.RoleInfo (RoleInfo.java:shutdownLeaderState(93)) - 95d2a9a6-1343-48cb-8e55-18ad167fad0e: shutdown 95d2a9a6-1343-48cb-8e55-18ad167fad0e@group-97BEB3EC2E14-LeaderStateImpl
2022-07-12 23:23:17,362 [ForkJoinPool.commonPool-worker-0] INFO  impl.PendingRequests (PendingRequests.java:sendNotLeaderResponses(282)) - 95d2a9a6-1343-48cb-8e55-18ad167fad0e@group-97BEB3EC2E14-PendingRequests: sendNotLeaderResponses
2022-07-12 23:23:17,362 [Listener at 127.0.0.1/43683] INFO  server.RaftServer$Division (RaftServerImpl.java:lambda$close$4(434)) - d8f6f594-8e93-48ac-9153-9e8fd018aa2e@group-E7D9884B8C54: shutdown
2022-07-12 23:23:17,362 [Listener at 127.0.0.1/43683] INFO  util.JmxRegister (JmxRegister.java:unregister(73)) - Successfully un-registered JMX Bean with object name Ratis:service=RaftServer,group=group-E7D9884B8C54,id=d8f6f594-8e93-48ac-9153-9e8fd018aa2e
2022-07-12 23:23:17,362 [Listener at 127.0.0.1/43683] INFO  impl.RoleInfo (RoleInfo.java:shutdownFollowerState(110)) - d8f6f594-8e93-48ac-9153-9e8fd018aa2e: shutdown d8f6f594-8e93-48ac-9153-9e8fd018aa2e@group-E7D9884B8C54-FollowerState
2022-07-12 23:23:17,363 [Listener at 127.0.0.1/43683] INFO  impl.StateMachineUpdater (StateMachineUpdater.java:stopAndJoin(153)) - d8f6f594-8e93-48ac-9153-9e8fd018aa2e@group-E7D9884B8C54-StateMachineUpdater: set stopIndex = 31
2022-07-12 23:23:17,363 [d8f6f594-8e93-48ac-9153-9e8fd018aa2e@group-E7D9884B8C54-StateMachineUpdater] INFO  ratis.ContainerStateMachine (ContainerStateMachine.java:takeSnapshot(304)) - group-E7D9884B8C54: Taking a snapshot at:(t:2, i:31) file /home/runner/work/ozone/ozone/hadoop-ozone/integration-test/target/test-dir/MiniOzoneClusterImpl-0e22dd8b-fc59-4669-93e2-f1079baade23/datanode-2/data/ratis/4ffe867c-dafd-41b3-855f-e7d9884b8c54/sm/snapshot.2_31
2022-07-12 23:23:17,363 [d8f6f594-8e93-48ac-9153-9e8fd018aa2e@group-E7D9884B8C54-FollowerState] INFO  impl.FollowerState (FollowerState.java:run(152)) - d8f6f594-8e93-48ac-9153-9e8fd018aa2e@group-E7D9884B8C54-FollowerState was interrupted
2022-07-12 23:23:17,364 [ForkJoinPool.commonPool-worker-0] INFO  impl.StateMachineUpdater (StateMachineUpdater.java:stopAndJoin(153)) - 95d2a9a6-1343-48cb-8e55-18ad167fad0e@group-97BEB3EC2E14-StateMachineUpdater: set stopIndex = 0
2022-07-12 23:23:17,364 [95d2a9a6-1343-48cb-8e55-18ad167fad0e@group-97BEB3EC2E14-StateMachineUpdater] INFO  ratis.ContainerStateMachine (ContainerStateMachine.java:takeSnapshot(304)) - group-97BEB3EC2E14: Taking a snapshot at:(t:1, i:0) file /home/runner/work/ozone/ozone/hadoop-ozone/integration-test/target/test-dir/MiniOzoneClusterImpl-0e22dd8b-fc59-4669-93e2-f1079baade23/datanode-1/data/ratis/d5f82010-8a60-430c-b105-97beb3ec2e14/sm/snapshot.1_0
2022-07-12 23:23:17,364 [d8f6f594-8e93-48ac-9153-9e8fd018aa2e@group-E7D9884B8C54-StateMachineUpdater] INFO  ratis.ContainerStateMachine (ContainerStateMachine.java:takeSnapshot(315)) - group-E7D9884B8C54: Finished taking a snapshot at:(t:2, i:31) file:/home/runner/work/ozone/ozone/hadoop-ozone/integration-test/target/test-dir/MiniOzoneClusterImpl-0e22dd8b-fc59-4669-93e2-f1079baade23/datanode-2/data/ratis/4ffe867c-dafd-41b3-855f-e7d9884b8c54/sm/snapshot.2_31 took: 1 ms
2022-07-12 23:23:17,365 [d8f6f594-8e93-48ac-9153-9e8fd018aa2e@group-E7D9884B8C54-StateMachineUpdater] INFO  impl.StateMachineUpdater (StateMachineUpdater.java:takeSnapshot(287)) - d8f6f594-8e93-48ac-9153-9e8fd018aa2e@group-E7D9884B8C54-StateMachineUpdater: Took a snapshot at index 31
2022-07-12 23:23:17,365 [d8f6f594-8e93-48ac-9153-9e8fd018aa2e@group-E7D9884B8C54-StateMachineUpdater] INFO  impl.StateMachineUpdater (StateMachineUpdater.java:lambda$new$0(92)) - d8f6f594-8e93-48ac-9153-9e8fd018aa2e@group-E7D9884B8C54-StateMachineUpdater: snapshotIndex: updateIncreasingly -1 -> 31
2022-07-12 23:23:17,366 [Listener at 127.0.0.1/43683] INFO  server.RaftServer$Division (ServerState.java:close(429)) - d8f6f594-8e93-48ac-9153-9e8fd018aa2e@group-E7D9884B8C54: closes. applyIndex: 31
2022-07-12 23:23:17,366 [d8f6f594-8e93-48ac-9153-9e8fd018aa2e@group-E7D9884B8C54-SegmentedRaftLogWorker] INFO  segmented.SegmentedRaftLogWorker (SegmentedRaftLogWorker.java:run(336)) - d8f6f594-8e93-48ac-9153-9e8fd018aa2e@group-E7D9884B8C54-SegmentedRaftLogWorker was interrupted, exiting. There are 0 tasks remaining in the queue.
2022-07-12 23:23:17,367 [Listener at 127.0.0.1/43683] INFO  segmented.SegmentedRaftLogWorker (SegmentedRaftLogWorker.java:close(246)) - d8f6f594-8e93-48ac-9153-9e8fd018aa2e@group-E7D9884B8C54-SegmentedRaftLogWorker close()
2022-07-12 23:23:17,368 [Listener at 127.0.0.1/43683] INFO  server.RaftServer$Division (RaftServerImpl.java:lambda$close$4(434)) - d8f6f594-8e93-48ac-9153-9e8fd018aa2e@group-1E8E99188219: shutdown
2022-07-12 23:23:17,369 [Listener at 127.0.0.1/43683] INFO  util.JmxRegister (JmxRegister.java:unregister(73)) - Successfully un-registered JMX Bean with object name Ratis:service=RaftServer,group=group-1E8E99188219,id=d8f6f594-8e93-48ac-9153-9e8fd018aa2e
2022-07-12 23:23:17,369 [Listener at 127.0.0.1/43683] INFO  impl.RoleInfo (RoleInfo.java:shutdownLeaderState(93)) - d8f6f594-8e93-48ac-9153-9e8fd018aa2e: shutdown d8f6f594-8e93-48ac-9153-9e8fd018aa2e@group-1E8E99188219-LeaderStateImpl
2022-07-12 23:23:17,369 [Listener at 127.0.0.1/43683] INFO  impl.PendingRequests (PendingRequests.java:sendNotLeaderResponses(282)) - d8f6f594-8e93-48ac-9153-9e8fd018aa2e@group-1E8E99188219-PendingRequests: sendNotLeaderResponses
2022-07-12 23:23:17,373 [Listener at 127.0.0.1/43683] INFO  impl.StateMachineUpdater (StateMachineUpdater.java:stopAndJoin(153)) - d8f6f594-8e93-48ac-9153-9e8fd018aa2e@group-1E8E99188219-StateMachineUpdater: set stopIndex = 0
2022-07-12 23:23:17,374 [d8f6f594-8e93-48ac-9153-9e8fd018aa2e@group-1E8E99188219-StateMachineUpdater] INFO  ratis.ContainerStateMachine (ContainerStateMachine.java:takeSnapshot(304)) - group-1E8E99188219: Taking a snapshot at:(t:1, i:0) file /home/runner/work/ozone/ozone/hadoop-ozone/integration-test/target/test-dir/MiniOzoneClusterImpl-0e22dd8b-fc59-4669-93e2-f1079baade23/datanode-2/data/ratis/b0b82c2a-9a92-405a-bd7f-1e8e99188219/sm/snapshot.1_0
2022-07-12 23:23:17,375 [d8f6f594-8e93-48ac-9153-9e8fd018aa2e@group-1E8E99188219-StateMachineUpdater] INFO  ratis.ContainerStateMachine (ContainerStateMachine.java:takeSnapshot(315)) - group-1E8E99188219: Finished taking a snapshot at:(t:1, i:0) file:/home/runner/work/ozone/ozone/hadoop-ozone/integration-test/target/test-dir/MiniOzoneClusterImpl-0e22dd8b-fc59-4669-93e2-f1079baade23/datanode-2/data/ratis/b0b82c2a-9a92-405a-bd7f-1e8e99188219/sm/snapshot.1_0 took: 1 ms
2022-07-12 23:23:17,375 [d8f6f594-8e93-48ac-9153-9e8fd018aa2e@group-1E8E99188219-StateMachineUpdater] INFO  impl.StateMachineUpdater (StateMachineUpdater.java:takeSnapshot(287)) - d8f6f594-8e93-48ac-9153-9e8fd018aa2e@group-1E8E99188219-StateMachineUpdater: Took a snapshot at index 0
2022-07-12 23:23:17,375 [d8f6f594-8e93-48ac-9153-9e8fd018aa2e@group-1E8E99188219-StateMachineUpdater] INFO  impl.StateMachineUpdater (StateMachineUpdater.java:lambda$new$0(92)) - d8f6f594-8e93-48ac-9153-9e8fd018aa2e@group-1E8E99188219-StateMachineUpdater: snapshotIndex: updateIncreasingly -1 -> 0
2022-07-12 23:23:17,381 [Listener at 127.0.0.1/43683] INFO  server.RaftServer$Division (ServerState.java:close(429)) - d8f6f594-8e93-48ac-9153-9e8fd018aa2e@group-1E8E99188219: closes. applyIndex: 0
2022-07-12 23:23:17,381 [95d2a9a6-1343-48cb-8e55-18ad167fad0e@group-97BEB3EC2E14-StateMachineUpdater] INFO  ratis.ContainerStateMachine (ContainerStateMachine.java:takeSnapshot(315)) - group-97BEB3EC2E14: Finished taking a snapshot at:(t:1, i:0) file:/home/runner/work/ozone/ozone/hadoop-ozone/integration-test/target/test-dir/MiniOzoneClusterImpl-0e22dd8b-fc59-4669-93e2-f1079baade23/datanode-1/data/ratis/d5f82010-8a60-430c-b105-97beb3ec2e14/sm/snapshot.1_0 took: 17 ms
2022-07-12 23:23:17,381 [95d2a9a6-1343-48cb-8e55-18ad167fad0e@group-97BEB3EC2E14-StateMachineUpdater] INFO  impl.StateMachineUpdater (StateMachineUpdater.java:takeSnapshot(287)) - 95d2a9a6-1343-48cb-8e55-18ad167fad0e@group-97BEB3EC2E14-StateMachineUpdater: Took a snapshot at index 0
2022-07-12 23:23:17,381 [95d2a9a6-1343-48cb-8e55-18ad167fad0e@group-97BEB3EC2E14-StateMachineUpdater] INFO  impl.StateMachineUpdater (StateMachineUpdater.java:lambda$new$0(92)) - 95d2a9a6-1343-48cb-8e55-18ad167fad0e@group-97BEB3EC2E14-StateMachineUpdater: snapshotIndex: updateIncreasingly -1 -> 0
2022-07-12 23:23:17,381 [ForkJoinPool.commonPool-worker-0] INFO  server.RaftServer$Division (ServerState.java:close(429)) - 95d2a9a6-1343-48cb-8e55-18ad167fad0e@group-97BEB3EC2E14: closes. applyIndex: 0
2022-07-12 23:23:17,382 [d8f6f594-8e93-48ac-9153-9e8fd018aa2e@group-1E8E99188219-SegmentedRaftLogWorker] INFO  segmented.SegmentedRaftLogWorker (SegmentedRaftLogWorker.java:run(336)) - d8f6f594-8e93-48ac-9153-9e8fd018aa2e@group-1E8E99188219-SegmentedRaftLogWorker was interrupted, exiting. There are 0 tasks remaining in the queue.
2022-07-12 23:23:17,382 [Listener at 127.0.0.1/43683] INFO  segmented.SegmentedRaftLogWorker (SegmentedRaftLogWorker.java:close(246)) - d8f6f594-8e93-48ac-9153-9e8fd018aa2e@group-1E8E99188219-SegmentedRaftLogWorker close()
2022-07-12 23:23:17,403 [95d2a9a6-1343-48cb-8e55-18ad167fad0e@group-97BEB3EC2E14-SegmentedRaftLogWorker] INFO  segmented.SegmentedRaftLogWorker (SegmentedRaftLogWorker.java:run(336)) - 95d2a9a6-1343-48cb-8e55-18ad167fad0e@group-97BEB3EC2E14-SegmentedRaftLogWorker was interrupted, exiting. There are 0 tasks remaining in the queue.
2022-07-12 23:23:17,406 [Listener at 127.0.0.1/43683] INFO  server.GrpcService (GrpcService.java:closeImpl(269)) - d8f6f594-8e93-48ac-9153-9e8fd018aa2e: shutdown server with port 43455 now
2022-07-12 23:23:17,407 [grpc-default-executor-0] WARN  server.GrpcServerProtocolService (LogUtils.java:warn(122)) - d8f6f594-8e93-48ac-9153-9e8fd018aa2e: installSnapshot onError, lastRequest: f86a3de6-fa90-4082-aec2-64cbafe88bfb->d8f6f594-8e93-48ac-9153-9e8fd018aa2e#796-t2,previous=(t:2, i:30),leaderCommit=29,initializing? true,entries: size=1, first=(t:2, i:31), METADATAENTRY(c:29): org.apache.ratis.thirdparty.io.grpc.StatusRuntimeException: CANCELLED: client cancelled
2022-07-12 23:23:17,409 [ForkJoinPool.commonPool-worker-0] INFO  segmented.SegmentedRaftLogWorker (SegmentedRaftLogWorker.java:close(246)) - 95d2a9a6-1343-48cb-8e55-18ad167fad0e@group-97BEB3EC2E14-SegmentedRaftLogWorker close()
2022-07-12 23:23:17,410 [grpc-default-executor-2] WARN  server.GrpcLogAppender (LogUtils.java:warn(122)) - f86a3de6-fa90-4082-aec2-64cbafe88bfb@group-E7D9884B8C54->d8f6f594-8e93-48ac-9153-9e8fd018aa2e-AppendLogResponseHandler: Failed appendEntries: org.apache.ratis.thirdparty.io.grpc.StatusRuntimeException: CANCELLED: RST_STREAM closed stream. HTTP/2 error code: CANCEL
2022-07-12 23:23:17,411 [grpc-default-executor-2] INFO  leader.FollowerInfo (FollowerInfoImpl.java:lambda$new$0(48)) - f86a3de6-fa90-4082-aec2-64cbafe88bfb@group-E7D9884B8C54->d8f6f594-8e93-48ac-9153-9e8fd018aa2e: nextIndex: updateUnconditionally 32 -> 31
2022-07-12 23:23:17,412 [ForkJoinPool.commonPool-worker-0] INFO  server.GrpcService (GrpcService.java:closeImpl(269)) - 95d2a9a6-1343-48cb-8e55-18ad167fad0e: shutdown server with port 37471 now
2022-07-12 23:23:17,427 [grpc-default-executor-2] WARN  server.GrpcServerProtocolService (LogUtils.java:warn(122)) - 95d2a9a6-1343-48cb-8e55-18ad167fad0e: installSnapshot onError, lastRequest: f86a3de6-fa90-4082-aec2-64cbafe88bfb->95d2a9a6-1343-48cb-8e55-18ad167fad0e#821-t2,previous=(t:2, i:30),leaderCommit=29,initializing? true,entries: size=1, first=(t:2, i:31), METADATAENTRY(c:29): org.apache.ratis.thirdparty.io.grpc.StatusRuntimeException: CANCELLED: client cancelled
2022-07-12 23:23:17,431 [Listener at 127.0.0.1/43683] INFO  server.GrpcService (GrpcService.java:closeImpl(278)) - d8f6f594-8e93-48ac-9153-9e8fd018aa2e: shutdown server with port 43455 successfully
2022-07-12 23:23:17,431 [org.apache.ratis.util.JvmPauseMonitor$$Lambda$613/1690937419@3eaffb39] INFO  util.JvmPauseMonitor (JvmPauseMonitor.java:run(109)) - JvmPauseMonitor-d8f6f594-8e93-48ac-9153-9e8fd018aa2e: Stopped
2022-07-12 23:23:17,432 [grpc-default-executor-0] WARN  server.GrpcLogAppender (LogUtils.java:warn(122)) - f86a3de6-fa90-4082-aec2-64cbafe88bfb@group-E7D9884B8C54->95d2a9a6-1343-48cb-8e55-18ad167fad0e-AppendLogResponseHandler: Failed appendEntries: org.apache.ratis.thirdparty.io.grpc.StatusRuntimeException: CANCELLED: RST_STREAM closed stream. HTTP/2 error code: CANCEL
2022-07-12 23:23:17,432 [grpc-default-executor-0] INFO  leader.FollowerInfo (FollowerInfoImpl.java:lambda$new$0(48)) - f86a3de6-fa90-4082-aec2-64cbafe88bfb@group-E7D9884B8C54->95d2a9a6-1343-48cb-8e55-18ad167fad0e: nextIndex: updateUnconditionally 32 -> 31
2022-07-12 23:23:17,434 [ForkJoinPool.commonPool-worker-0] INFO  server.GrpcService (GrpcService.java:closeImpl(278)) - 95d2a9a6-1343-48cb-8e55-18ad167fad0e: shutdown server with port 37471 successfully
2022-07-12 23:23:17,434 [org.apache.ratis.util.JvmPauseMonitor$$Lambda$613/1690937419@72a61976] INFO  util.JvmPauseMonitor (JvmPauseMonitor.java:run(109)) - JvmPauseMonitor-95d2a9a6-1343-48cb-8e55-18ad167fad0e: Stopped
2022-07-12 23:23:17,438 [grpc-default-executor-0] WARN  server.GrpcLogAppender (LogUtils.java:warn(122)) - f86a3de6-fa90-4082-aec2-64cbafe88bfb@group-E7D9884B8C54->d8f6f594-8e93-48ac-9153-9e8fd018aa2e-AppendLogResponseHandler: Failed appendEntries: org.apache.ratis.thirdparty.io.grpc.StatusRuntimeException: UNAVAILABLE: io exception
2022-07-12 23:23:17,438 [grpc-default-executor-0] INFO  leader.FollowerInfo (FollowerInfoImpl.java:lambda$new$0(48)) - f86a3de6-fa90-4082-aec2-64cbafe88bfb@group-E7D9884B8C54->d8f6f594-8e93-48ac-9153-9e8fd018aa2e: nextIndex: updateUnconditionally 32 -> 31
2022-07-12 23:23:17,453 [grpc-default-executor-2] WARN  server.GrpcLogAppender (LogUtils.java:warn(122)) - f86a3de6-fa90-4082-aec2-64cbafe88bfb@group-E7D9884B8C54->95d2a9a6-1343-48cb-8e55-18ad167fad0e-AppendLogResponseHandler: Failed appendEntries: org.apache.ratis.thirdparty.io.grpc.StatusRuntimeException: UNAVAILABLE: io exception
2022-07-12 23:23:17,453 [grpc-default-executor-2] INFO  leader.FollowerInfo (FollowerInfoImpl.java:lambda$new$0(48)) - f86a3de6-fa90-4082-aec2-64cbafe88bfb@group-E7D9884B8C54->95d2a9a6-1343-48cb-8e55-18ad167fad0e: nextIndex: updateUnconditionally 32 -> 31
2022-07-12 23:23:17,821 [grpc-default-executor-2] WARN  server.GrpcLogAppender (LogUtils.java:warn(122)) - f86a3de6-fa90-4082-aec2-64cbafe88bfb@group-E7D9884B8C54->d8f6f594-8e93-48ac-9153-9e8fd018aa2e-AppendLogResponseHandler: Failed appendEntries: org.apache.ratis.thirdparty.io.grpc.StatusRuntimeException: UNAVAILABLE: io exception
2022-07-12 23:23:17,822 [grpc-default-executor-2] INFO  leader.FollowerInfo (FollowerInfoImpl.java:lambda$new$0(48)) - f86a3de6-fa90-4082-aec2-64cbafe88bfb@group-E7D9884B8C54->d8f6f594-8e93-48ac-9153-9e8fd018aa2e: nextIndex: updateUnconditionally 32 -> 31
2022-07-12 23:23:17,837 [grpc-default-executor-2] WARN  server.GrpcLogAppender (LogUtils.java:warn(122)) - f86a3de6-fa90-4082-aec2-64cbafe88bfb@group-E7D9884B8C54->95d2a9a6-1343-48cb-8e55-18ad167fad0e-AppendLogResponseHandler: Failed appendEntries: org.apache.ratis.thirdparty.io.grpc.StatusRuntimeException: UNAVAILABLE: io exception
2022-07-12 23:23:17,838 [grpc-default-executor-2] INFO  leader.FollowerInfo (FollowerInfoImpl.java:lambda$new$0(48)) - f86a3de6-fa90-4082-aec2-64cbafe88bfb@group-E7D9884B8C54->95d2a9a6-1343-48cb-8e55-18ad167fad0e: nextIndex: updateUnconditionally 32 -> 31
2022-07-12 23:23:19,072 [grpc-default-executor-2] WARN  server.GrpcLogAppender (LogUtils.java:warn(122)) - f86a3de6-fa90-4082-aec2-64cbafe88bfb@group-E7D9884B8C54->d8f6f594-8e93-48ac-9153-9e8fd018aa2e-AppendLogResponseHandler: Failed appendEntries: org.apache.ratis.thirdparty.io.grpc.StatusRuntimeException: UNAVAILABLE: io exception
2022-07-12 23:23:19,073 [grpc-default-executor-2] INFO  leader.FollowerInfo (FollowerInfoImpl.java:lambda$new$0(48)) - f86a3de6-fa90-4082-aec2-64cbafe88bfb@group-E7D9884B8C54->d8f6f594-8e93-48ac-9153-9e8fd018aa2e: nextIndex: updateUnconditionally 32 -> 31
2022-07-12 23:23:19,088 [grpc-default-executor-2] WARN  server.GrpcLogAppender (LogUtils.java:warn(122)) - f86a3de6-fa90-4082-aec2-64cbafe88bfb@group-E7D9884B8C54->95d2a9a6-1343-48cb-8e55-18ad167fad0e-AppendLogResponseHandler: Failed appendEntries: org.apache.ratis.thirdparty.io.grpc.StatusRuntimeException: UNAVAILABLE: io exception
2022-07-12 23:23:19,088 [grpc-default-executor-2] INFO  leader.FollowerInfo (FollowerInfoImpl.java:lambda$new$0(48)) - f86a3de6-fa90-4082-aec2-64cbafe88bfb@group-E7D9884B8C54->95d2a9a6-1343-48cb-8e55-18ad167fad0e: nextIndex: updateUnconditionally 32 -> 31
2022-07-12 23:23:19,510 [ForkJoinPool.commonPool-worker-0] INFO  utils.BackgroundService (BackgroundService.java:shutdown(132)) - Shutting down service BlockDeletingService
2022-07-12 23:23:19,524 [Listener at 127.0.0.1/43683] INFO  utils.BackgroundService (BackgroundService.java:shutdown(132)) - Shutting down service BlockDeletingService
2022-07-12 23:23:20,325 [grpc-default-executor-2] WARN  server.GrpcLogAppender (LogUtils.java:warn(122)) - f86a3de6-fa90-4082-aec2-64cbafe88bfb@group-E7D9884B8C54->d8f6f594-8e93-48ac-9153-9e8fd018aa2e-AppendLogResponseHandler: Failed appendEntries: org.apache.ratis.thirdparty.io.grpc.StatusRuntimeException: UNAVAILABLE: io exception
2022-07-12 23:23:20,326 [grpc-default-executor-2] INFO  leader.FollowerInfo (FollowerInfoImpl.java:lambda$new$0(48)) - f86a3de6-fa90-4082-aec2-64cbafe88bfb@group-E7D9884B8C54->d8f6f594-8e93-48ac-9153-9e8fd018aa2e: nextIndex: updateUnconditionally 32 -> 31
2022-07-12 23:23:20,345 [grpc-default-executor-2] WARN  server.GrpcLogAppender (LogUtils.java:warn(122)) - f86a3de6-fa90-4082-aec2-64cbafe88bfb@group-E7D9884B8C54->95d2a9a6-1343-48cb-8e55-18ad167fad0e-AppendLogResponseHandler: Failed appendEntries: org.apache.ratis.thirdparty.io.grpc.StatusRuntimeException: UNAVAILABLE: io exception
2022-07-12 23:23:20,346 [grpc-default-executor-2] INFO  leader.FollowerInfo (FollowerInfoImpl.java:lambda$new$0(48)) - f86a3de6-fa90-4082-aec2-64cbafe88bfb@group-E7D9884B8C54->95d2a9a6-1343-48cb-8e55-18ad167fad0e: nextIndex: updateUnconditionally 32 -> 31
2022-07-12 23:23:21,576 [grpc-default-executor-2] WARN  server.GrpcLogAppender (LogUtils.java:warn(122)) - f86a3de6-fa90-4082-aec2-64cbafe88bfb@group-E7D9884B8C54->d8f6f594-8e93-48ac-9153-9e8fd018aa2e-AppendLogResponseHandler: Failed appendEntries: org.apache.ratis.thirdparty.io.grpc.StatusRuntimeException: UNAVAILABLE: io exception
2022-07-12 23:23:21,577 [grpc-default-executor-2] INFO  leader.FollowerInfo (FollowerInfoImpl.java:lambda$new$0(48)) - f86a3de6-fa90-4082-aec2-64cbafe88bfb@group-E7D9884B8C54->d8f6f594-8e93-48ac-9153-9e8fd018aa2e: nextIndex: updateUnconditionally 32 -> 31
2022-07-12 23:23:21,596 [grpc-default-executor-2] WARN  server.GrpcLogAppender (LogUtils.java:warn(122)) - f86a3de6-fa90-4082-aec2-64cbafe88bfb@group-E7D9884B8C54->95d2a9a6-1343-48cb-8e55-18ad167fad0e-AppendLogResponseHandler: Failed appendEntries: org.apache.ratis.thirdparty.io.grpc.StatusRuntimeException: UNAVAILABLE: io exception
2022-07-12 23:23:21,596 [grpc-default-executor-2] INFO  leader.FollowerInfo (FollowerInfoImpl.java:lambda$new$0(48)) - f86a3de6-fa90-4082-aec2-64cbafe88bfb@group-E7D9884B8C54->95d2a9a6-1343-48cb-8e55-18ad167fad0e: nextIndex: updateUnconditionally 32 -> 31
2022-07-12 23:23:22,519 [ForkJoinPool.commonPool-worker-0] INFO  statemachine.DatanodeStateMachine (DatanodeStateMachine.java:stopDaemon(580)) - Ozone container server stopped.
2022-07-12 23:23:22,541 [Listener at 127.0.0.1/43683] INFO  statemachine.DatanodeStateMachine (DatanodeStateMachine.java:stopDaemon(580)) - Ozone container server stopped.
2022-07-12 23:23:22,551 [Listener at 127.0.0.1/43683] INFO  handler.ContextHandler (ContextHandler.java:doStop(1153)) - Stopped o.e.j.w.WebAppContext@331c309b{hddsDatanode,/,null,STOPPED}{jar:file:/home/runner/.m2/repository/org/apache/ozone/hdds-container-service/1.3.0-SNAPSHOT/hdds-container-service-1.3.0-SNAPSHOT.jar!/webapps/hddsDatanode}
2022-07-12 23:23:22,562 [ForkJoinPool.commonPool-worker-0] INFO  handler.ContextHandler (ContextHandler.java:doStop(1153)) - Stopped o.e.j.w.WebAppContext@4762c011{hddsDatanode,/,null,STOPPED}{jar:file:/home/runner/.m2/repository/org/apache/ozone/hdds-container-service/1.3.0-SNAPSHOT/hdds-container-service-1.3.0-SNAPSHOT.jar!/webapps/hddsDatanode}
2022-07-12 23:23:22,563 [ForkJoinPool.commonPool-worker-0] INFO  server.AbstractConnector (AbstractConnector.java:doStop(381)) - Stopped ServerConnector@3f59633d{HTTP/1.1, (http/1.1)}{0.0.0.0:0}
2022-07-12 23:23:22,563 [ForkJoinPool.commonPool-worker-0] INFO  server.session (HouseKeeper.java:stopScavenging(149)) - node0 Stopped scavenging
2022-07-12 23:23:22,585 [ForkJoinPool.commonPool-worker-0] INFO  handler.ContextHandler (ContextHandler.java:doStop(1153)) - Stopped o.e.j.s.ServletContextHandler@60df2fb7{static,/static,jar:file:/home/runner/.m2/repository/org/apache/ozone/hdds-container-service/1.3.0-SNAPSHOT/hdds-container-service-1.3.0-SNAPSHOT.jar!/webapps/static,STOPPED}
2022-07-12 23:23:22,592 [Listener at 127.0.0.1/43683] INFO  server.AbstractConnector (AbstractConnector.java:doStop(381)) - Stopped ServerConnector@ced5671{HTTP/1.1, (http/1.1)}{0.0.0.0:0}
2022-07-12 23:23:22,593 [Listener at 127.0.0.1/43683] INFO  server.session (HouseKeeper.java:stopScavenging(149)) - node0 Stopped scavenging
2022-07-12 23:23:22,633 [Listener at 127.0.0.1/43683] INFO  handler.ContextHandler (ContextHandler.java:doStop(1153)) - Stopped o.e.j.s.ServletContextHandler@7dd5fc36{static,/static,jar:file:/home/runner/.m2/repository/org/apache/ozone/hdds-container-service/1.3.0-SNAPSHOT/hdds-container-service-1.3.0-SNAPSHOT.jar!/webapps/static,STOPPED}
2022-07-12 23:23:22,633 [Listener at 127.0.0.1/43683] INFO  handler.ContextHandler (ContextHandler.java:doStop(1153)) - Stopped o.e.j.s.ServletContextHandler@195b847a{logs,/logs,file:///home/runner/work/ozone/ozone/hadoop-ozone/integration-test/target/log,STOPPED}
2022-07-12 23:23:22,641 [ForkJoinPool.commonPool-worker-0] INFO  handler.ContextHandler (ContextHandler.java:doStop(1153)) - Stopped o.e.j.s.ServletContextHandler@1766ab92{logs,/logs,file:///home/runner/work/ozone/ozone/hadoop-ozone/integration-test/target/log,STOPPED}
2022-07-12 23:23:22,833 [grpc-default-executor-2] WARN  server.GrpcLogAppender (LogUtils.java:warn(122)) - f86a3de6-fa90-4082-aec2-64cbafe88bfb@group-E7D9884B8C54->d8f6f594-8e93-48ac-9153-9e8fd018aa2e-AppendLogResponseHandler: Failed appendEntries: org.apache.ratis.thirdparty.io.grpc.StatusRuntimeException: UNAVAILABLE: io exception
2022-07-12 23:23:22,834 [grpc-default-executor-2] INFO  leader.FollowerInfo (FollowerInfoImpl.java:lambda$new$0(48)) - f86a3de6-fa90-4082-aec2-64cbafe88bfb@group-E7D9884B8C54->d8f6f594-8e93-48ac-9153-9e8fd018aa2e: nextIndex: updateUnconditionally 32 -> 31
2022-07-12 23:23:22,848 [grpc-default-executor-2] WARN  server.GrpcLogAppender (LogUtils.java:warn(122)) - f86a3de6-fa90-4082-aec2-64cbafe88bfb@group-E7D9884B8C54->95d2a9a6-1343-48cb-8e55-18ad167fad0e-AppendLogResponseHandler: Failed appendEntries: org.apache.ratis.thirdparty.io.grpc.StatusRuntimeException: UNAVAILABLE: io exception
2022-07-12 23:23:22,848 [grpc-default-executor-2] INFO  leader.FollowerInfo (FollowerInfoImpl.java:lambda$new$0(48)) - f86a3de6-fa90-4082-aec2-64cbafe88bfb@group-E7D9884B8C54->95d2a9a6-1343-48cb-8e55-18ad167fad0e: nextIndex: updateUnconditionally 32 -> 31
2022-07-12 23:23:23,778 [f86a3de6-fa90-4082-aec2-64cbafe88bfb@group-E7D9884B8C54-LeaderStateImpl] WARN  server.RaftServer$Division (LeaderStateImpl.java:checkLeadership(1018)) - f86a3de6-fa90-4082-aec2-64cbafe88bfb@group-E7D9884B8C54-LeaderStateImpl: Lost leadership on term: 2. Election timeout: 5200ms. In charge for: 35765ms. Conf: 0: [95d2a9a6-1343-48cb-8e55-18ad167fad0e|rpc:10.1.0.13:37471|dataStream:|priority:0, f86a3de6-fa90-4082-aec2-64cbafe88bfb|rpc:10.1.0.13:41481|dataStream:|priority:1, d8f6f594-8e93-48ac-9153-9e8fd018aa2e|rpc:10.1.0.13:43455|dataStream:|priority:0], old=null
2022-07-12 23:23:23,779 [f86a3de6-fa90-4082-aec2-64cbafe88bfb@group-E7D9884B8C54-LeaderStateImpl] WARN  server.RaftServer$Division (LeaderStateImpl.java:lambda$checkLeadership$17(1022)) - Follower f86a3de6-fa90-4082-aec2-64cbafe88bfb@group-E7D9884B8C54->95d2a9a6-1343-48cb-8e55-18ad167fad0e(c31,m31,n31, attendVote=true, lastRpcSendTime=930, lastRpcResponseTime=8442)
2022-07-12 23:23:23,779 [f86a3de6-fa90-4082-aec2-64cbafe88bfb@group-E7D9884B8C54-LeaderStateImpl] WARN  server.RaftServer$Division (LeaderStateImpl.java:lambda$checkLeadership$17(1022)) - Follower f86a3de6-fa90-4082-aec2-64cbafe88bfb@group-E7D9884B8C54->d8f6f594-8e93-48ac-9153-9e8fd018aa2e(c31,m31,n31, attendVote=true, lastRpcSendTime=945, lastRpcResponseTime=8458)
2022-07-12 23:23:23,779 [f86a3de6-fa90-4082-aec2-64cbafe88bfb@group-E7D9884B8C54-LeaderStateImpl] INFO  server.RaftServer$Division (RaftServerImpl.java:setRole(299)) - f86a3de6-fa90-4082-aec2-64cbafe88bfb@group-E7D9884B8C54: changes role from    LEADER to FOLLOWER at term 2 for StepDownReason:LOST_MAJORITY_HEARTBEATS
2022-07-12 23:23:23,779 [f86a3de6-fa90-4082-aec2-64cbafe88bfb@group-E7D9884B8C54-LeaderStateImpl] INFO  impl.RoleInfo (RoleInfo.java:shutdownLeaderState(93)) - f86a3de6-fa90-4082-aec2-64cbafe88bfb: shutdown f86a3de6-fa90-4082-aec2-64cbafe88bfb@group-E7D9884B8C54-LeaderStateImpl
2022-07-12 23:23:23,779 [f86a3de6-fa90-4082-aec2-64cbafe88bfb@group-E7D9884B8C54->95d2a9a6-1343-48cb-8e55-18ad167fad0e-GrpcLogAppender-LogAppenderDaemon] WARN  server.GrpcLogAppender (GrpcLogAppender.java:mayWait(171)) - f86a3de6-fa90-4082-aec2-64cbafe88bfb@group-E7D9884B8C54->95d2a9a6-1343-48cb-8e55-18ad167fad0e-GrpcLogAppender: Wait interrupted by java.lang.InterruptedException
2022-07-12 23:23:23,779 [f86a3de6-fa90-4082-aec2-64cbafe88bfb@group-E7D9884B8C54-LeaderStateImpl] INFO  impl.PendingRequests (PendingRequests.java:sendNotLeaderResponses(282)) - f86a3de6-fa90-4082-aec2-64cbafe88bfb@group-E7D9884B8C54-PendingRequests: sendNotLeaderResponses
2022-07-12 23:23:23,781 [f86a3de6-fa90-4082-aec2-64cbafe88bfb@group-E7D9884B8C54->d8f6f594-8e93-48ac-9153-9e8fd018aa2e-GrpcLogAppender-LogAppenderDaemon] WARN  server.GrpcLogAppender (GrpcLogAppender.java:mayWait(171)) - f86a3de6-fa90-4082-aec2-64cbafe88bfb@group-E7D9884B8C54->d8f6f594-8e93-48ac-9153-9e8fd018aa2e-GrpcLogAppender: Wait interrupted by java.lang.InterruptedException
2022-07-12 23:23:23,783 [f86a3de6-fa90-4082-aec2-64cbafe88bfb@group-E7D9884B8C54-LeaderStateImpl] INFO  impl.RoleInfo (RoleInfo.java:updateAndGet(139)) - f86a3de6-fa90-4082-aec2-64cbafe88bfb: start f86a3de6-fa90-4082-aec2-64cbafe88bfb@group-E7D9884B8C54-FollowerState
2022-07-12 23:23:24,333 [f86a3de6-fa90-4082-aec2-64cbafe88bfb@group-D045DBB7FC30-FollowerState] INFO  impl.FollowerState (FollowerState.java:run(143)) - f86a3de6-fa90-4082-aec2-64cbafe88bfb@group-D045DBB7FC30-FollowerState: change to CANDIDATE, lastRpcElapsedTime:7600922887ns, electionTimeout:5060ms
2022-07-12 23:23:24,333 [f86a3de6-fa90-4082-aec2-64cbafe88bfb@group-D045DBB7FC30-FollowerState] INFO  impl.RoleInfo (RoleInfo.java:shutdownFollowerState(110)) - f86a3de6-fa90-4082-aec2-64cbafe88bfb: shutdown f86a3de6-fa90-4082-aec2-64cbafe88bfb@group-D045DBB7FC30-FollowerState
2022-07-12 23:23:24,333 [f86a3de6-fa90-4082-aec2-64cbafe88bfb@group-D045DBB7FC30-FollowerState] INFO  server.RaftServer$Division (RaftServerImpl.java:setRole(299)) - f86a3de6-fa90-4082-aec2-64cbafe88bfb@group-D045DBB7FC30: changes role from  FOLLOWER to CANDIDATE at term 4 for changeToCandidate
2022-07-12 23:23:24,333 [f86a3de6-fa90-4082-aec2-64cbafe88bfb@group-D045DBB7FC30-FollowerState] INFO  server.RaftServerConfigKeys (ConfUtils.java:logGet(46)) - raft.server.leaderelection.pre-vote = false (custom)
2022-07-12 23:23:24,333 [f86a3de6-fa90-4082-aec2-64cbafe88bfb@group-D045DBB7FC30-FollowerState] INFO  impl.RoleInfo (RoleInfo.java:updateAndGet(139)) - f86a3de6-fa90-4082-aec2-64cbafe88bfb: start f86a3de6-fa90-4082-aec2-64cbafe88bfb@group-D045DBB7FC30-LeaderElection52
2022-07-12 23:23:24,379 [f86a3de6-fa90-4082-aec2-64cbafe88bfb@group-D045DBB7FC30-LeaderElection52] INFO  server.RaftServer$Division (ServerState.java:setLeader(287)) - f86a3de6-fa90-4082-aec2-64cbafe88bfb@group-D045DBB7FC30: change Leader from 95d2a9a6-1343-48cb-8e55-18ad167fad0e to null at term 4 for ELECTION
2022-07-12 23:23:24,386 [f86a3de6-fa90-4082-aec2-64cbafe88bfb@group-D045DBB7FC30-LeaderElection52] INFO  impl.LeaderElection (LeaderElection.java:askForVotes(310)) - f86a3de6-fa90-4082-aec2-64cbafe88bfb@group-D045DBB7FC30-LeaderElection52 ELECTION round 0: submit vote requests at term 5 for 0: [95d2a9a6-1343-48cb-8e55-18ad167fad0e|rpc:10.1.0.13:37471|dataStream:|priority:1, f86a3de6-fa90-4082-aec2-64cbafe88bfb|rpc:10.1.0.13:41481|dataStream:|priority:0, d8f6f594-8e93-48ac-9153-9e8fd018aa2e|rpc:10.1.0.13:43455|dataStream:|priority:0], old=null
2022-07-12 23:23:24,415 [f86a3de6-fa90-4082-aec2-64cbafe88bfb@group-D045DBB7FC30-LeaderElection52] INFO  impl.LeaderElection (LogUtils.java:infoOrTrace(137)) - f86a3de6-fa90-4082-aec2-64cbafe88bfb@group-D045DBB7FC30-LeaderElection52 got exception when requesting votes: java.util.concurrent.ExecutionException: org.apache.ratis.thirdparty.io.grpc.StatusRuntimeException: UNAVAILABLE: io exception
2022-07-12 23:23:24,419 [f86a3de6-fa90-4082-aec2-64cbafe88bfb@group-D045DBB7FC30-LeaderElection52] INFO  impl.LeaderElection (LogUtils.java:infoOrTrace(137)) - f86a3de6-fa90-4082-aec2-64cbafe88bfb@group-D045DBB7FC30-LeaderElection52 got exception when requesting votes: java.util.concurrent.ExecutionException: org.apache.ratis.thirdparty.io.grpc.StatusRuntimeException: UNAVAILABLE: io exception
2022-07-12 23:23:24,419 [f86a3de6-fa90-4082-aec2-64cbafe88bfb@group-D045DBB7FC30-LeaderElection52] INFO  impl.LeaderElection (LeaderElection.java:logAndReturn(90)) - f86a3de6-fa90-4082-aec2-64cbafe88bfb@group-D045DBB7FC30-LeaderElection52: ELECTION REJECTED received 0 response(s) and 2 exception(s):
2022-07-12 23:23:24,419 [f86a3de6-fa90-4082-aec2-64cbafe88bfb@group-D045DBB7FC30-LeaderElection52] INFO  impl.LeaderElection (LogUtils.java:infoOrTrace(137)) -   Exception 0: java.util.concurrent.ExecutionException: org.apache.ratis.thirdparty.io.grpc.StatusRuntimeException: UNAVAILABLE: io exception
2022-07-12 23:23:24,419 [f86a3de6-fa90-4082-aec2-64cbafe88bfb@group-D045DBB7FC30-LeaderElection52] INFO  impl.LeaderElection (LogUtils.java:infoOrTrace(137)) -   Exception 1: java.util.concurrent.ExecutionException: org.apache.ratis.thirdparty.io.grpc.StatusRuntimeException: UNAVAILABLE: io exception
2022-07-12 23:23:24,419 [f86a3de6-fa90-4082-aec2-64cbafe88bfb@group-D045DBB7FC30-LeaderElection52] INFO  impl.LeaderElection (LeaderElection.java:askForVotes(312)) - f86a3de6-fa90-4082-aec2-64cbafe88bfb@group-D045DBB7FC30-LeaderElection52 ELECTION round 0: result REJECTED
2022-07-12 23:23:24,419 [f86a3de6-fa90-4082-aec2-64cbafe88bfb@group-D045DBB7FC30-LeaderElection52] INFO  server.RaftServer$Division (RaftServerImpl.java:setRole(299)) - f86a3de6-fa90-4082-aec2-64cbafe88bfb@group-D045DBB7FC30: changes role from CANDIDATE to FOLLOWER at term 5 for REJECTED
2022-07-12 23:23:24,419 [f86a3de6-fa90-4082-aec2-64cbafe88bfb@group-D045DBB7FC30-LeaderElection52] INFO  impl.RoleInfo (RoleInfo.java:shutdownLeaderElection(130)) - f86a3de6-fa90-4082-aec2-64cbafe88bfb: shutdown f86a3de6-fa90-4082-aec2-64cbafe88bfb@group-D045DBB7FC30-LeaderElection52
2022-07-12 23:23:24,419 [f86a3de6-fa90-4082-aec2-64cbafe88bfb@group-D045DBB7FC30-LeaderElection52] INFO  impl.RoleInfo (RoleInfo.java:updateAndGet(139)) - f86a3de6-fa90-4082-aec2-64cbafe88bfb: start f86a3de6-fa90-4082-aec2-64cbafe88bfb@group-D045DBB7FC30-FollowerState
2022-07-12 23:23:27,641 [Listener at 127.0.0.1/43683] INFO  ozoneimpl.OzoneContainer (OzoneContainer.java:stop(365)) - Attempting to stop container services.
2022-07-12 23:23:27,641 [Listener at 127.0.0.1/43683] INFO  server.RaftServer (RaftServerProxy.java:lambda$close$7(398)) - 1641e4ae-10df-4947-b580-c1e8e479fb48: close
2022-07-12 23:23:27,642 [Listener at 127.0.0.1/43683] INFO  server.RaftServer$Division (RaftServerImpl.java:lambda$close$4(434)) - 1641e4ae-10df-4947-b580-c1e8e479fb48@group-4A2A9D8F7040: shutdown
2022-07-12 23:23:27,642 [Listener at 127.0.0.1/43683] INFO  util.JmxRegister (JmxRegister.java:unregister(73)) - Successfully un-registered JMX Bean with object name Ratis:service=RaftServer,group=group-4A2A9D8F7040,id=1641e4ae-10df-4947-b580-c1e8e479fb48
2022-07-12 23:23:27,642 [Listener at 127.0.0.1/43683] INFO  impl.RoleInfo (RoleInfo.java:shutdownLeaderState(93)) - 1641e4ae-10df-4947-b580-c1e8e479fb48: shutdown 1641e4ae-10df-4947-b580-c1e8e479fb48@group-4A2A9D8F7040-LeaderStateImpl
2022-07-12 23:23:27,642 [Listener at 127.0.0.1/43683] INFO  impl.PendingRequests (PendingRequests.java:sendNotLeaderResponses(282)) - 1641e4ae-10df-4947-b580-c1e8e479fb48@group-4A2A9D8F7040-PendingRequests: sendNotLeaderResponses
2022-07-12 23:23:27,643 [ForkJoinPool.commonPool-worker-0] INFO  ozoneimpl.OzoneContainer (OzoneContainer.java:stop(365)) - Attempting to stop container services.
2022-07-12 23:23:27,644 [1641e4ae-10df-4947-b580-c1e8e479fb48@group-4A2A9D8F7040-StateMachineUpdater] INFO  ratis.ContainerStateMachine (ContainerStateMachine.java:takeSnapshot(304)) - group-4A2A9D8F7040: Taking a snapshot at:(t:1, i:0) file /home/runner/work/ozone/ozone/hadoop-ozone/integration-test/target/test-dir/MiniOzoneClusterImpl-0e22dd8b-fc59-4669-93e2-f1079baade23/datanode-4/data/ratis/4f448eb7-adf6-4ca7-8660-4a2a9d8f7040/sm/snapshot.1_0
2022-07-12 23:23:27,644 [Listener at 127.0.0.1/43683] INFO  impl.StateMachineUpdater (StateMachineUpdater.java:stopAndJoin(153)) - 1641e4ae-10df-4947-b580-c1e8e479fb48@group-4A2A9D8F7040-StateMachineUpdater: set stopIndex = 0
2022-07-12 23:23:27,644 [ForkJoinPool.commonPool-worker-0] INFO  server.RaftServer (RaftServerProxy.java:lambda$close$7(398)) - f86a3de6-fa90-4082-aec2-64cbafe88bfb: close
2022-07-12 23:23:27,644 [ForkJoinPool.commonPool-worker-0] INFO  server.RaftServer$Division (RaftServerImpl.java:lambda$close$4(434)) - f86a3de6-fa90-4082-aec2-64cbafe88bfb@group-D045DBB7FC30: shutdown
2022-07-12 23:23:27,645 [ForkJoinPool.commonPool-worker-0] INFO  util.JmxRegister (JmxRegister.java:unregister(73)) - Successfully un-registered JMX Bean with object name Ratis:service=RaftServer,group=group-D045DBB7FC30,id=f86a3de6-fa90-4082-aec2-64cbafe88bfb
2022-07-12 23:23:27,645 [ForkJoinPool.commonPool-worker-0] INFO  impl.RoleInfo (RoleInfo.java:shutdownFollowerState(110)) - f86a3de6-fa90-4082-aec2-64cbafe88bfb: shutdown f86a3de6-fa90-4082-aec2-64cbafe88bfb@group-D045DBB7FC30-FollowerState
2022-07-12 23:23:27,645 [ForkJoinPool.commonPool-worker-0] INFO  impl.StateMachineUpdater (StateMachineUpdater.java:stopAndJoin(153)) - f86a3de6-fa90-4082-aec2-64cbafe88bfb@group-D045DBB7FC30-StateMachineUpdater: set stopIndex = 0
2022-07-12 23:23:27,645 [1641e4ae-10df-4947-b580-c1e8e479fb48@group-4A2A9D8F7040-StateMachineUpdater] INFO  ratis.ContainerStateMachine (ContainerStateMachine.java:takeSnapshot(315)) - group-4A2A9D8F7040: Finished taking a snapshot at:(t:1, i:0) file:/home/runner/work/ozone/ozone/hadoop-ozone/integration-test/target/test-dir/MiniOzoneClusterImpl-0e22dd8b-fc59-4669-93e2-f1079baade23/datanode-4/data/ratis/4f448eb7-adf6-4ca7-8660-4a2a9d8f7040/sm/snapshot.1_0 took: 1 ms
2022-07-12 23:23:27,645 [f86a3de6-fa90-4082-aec2-64cbafe88bfb@group-D045DBB7FC30-StateMachineUpdater] INFO  ratis.ContainerStateMachine (ContainerStateMachine.java:takeSnapshot(304)) - group-D045DBB7FC30: Taking a snapshot at:(t:4, i:0) file /home/runner/work/ozone/ozone/hadoop-ozone/integration-test/target/test-dir/MiniOzoneClusterImpl-0e22dd8b-fc59-4669-93e2-f1079baade23/datanode-0/data/ratis/582bac8a-4f73-4262-8996-d045dbb7fc30/sm/snapshot.4_0
2022-07-12 23:23:27,645 [1641e4ae-10df-4947-b580-c1e8e479fb48@group-4A2A9D8F7040-StateMachineUpdater] INFO  impl.StateMachineUpdater (StateMachineUpdater.java:takeSnapshot(287)) - 1641e4ae-10df-4947-b580-c1e8e479fb48@group-4A2A9D8F7040-StateMachineUpdater: Took a snapshot at index 0
2022-07-12 23:23:27,645 [1641e4ae-10df-4947-b580-c1e8e479fb48@group-4A2A9D8F7040-StateMachineUpdater] INFO  impl.StateMachineUpdater (StateMachineUpdater.java:lambda$new$0(92)) - 1641e4ae-10df-4947-b580-c1e8e479fb48@group-4A2A9D8F7040-StateMachineUpdater: snapshotIndex: updateIncreasingly -1 -> 0
2022-07-12 23:23:27,645 [f86a3de6-fa90-4082-aec2-64cbafe88bfb@group-D045DBB7FC30-FollowerState] INFO  impl.FollowerState (FollowerState.java:run(152)) - f86a3de6-fa90-4082-aec2-64cbafe88bfb@group-D045DBB7FC30-FollowerState was interrupted
2022-07-12 23:23:27,646 [f86a3de6-fa90-4082-aec2-64cbafe88bfb@group-D045DBB7FC30-StateMachineUpdater] INFO  ratis.ContainerStateMachine (ContainerStateMachine.java:takeSnapshot(315)) - group-D045DBB7FC30: Finished taking a snapshot at:(t:4, i:0) file:/home/runner/work/ozone/ozone/hadoop-ozone/integration-test/target/test-dir/MiniOzoneClusterImpl-0e22dd8b-fc59-4669-93e2-f1079baade23/datanode-0/data/ratis/582bac8a-4f73-4262-8996-d045dbb7fc30/sm/snapshot.4_0 took: 1 ms
2022-07-12 23:23:27,646 [Listener at 127.0.0.1/43683] INFO  server.RaftServer$Division (ServerState.java:close(429)) - 1641e4ae-10df-4947-b580-c1e8e479fb48@group-4A2A9D8F7040: closes. applyIndex: 0
2022-07-12 23:23:27,647 [f86a3de6-fa90-4082-aec2-64cbafe88bfb@group-D045DBB7FC30-StateMachineUpdater] INFO  impl.StateMachineUpdater (StateMachineUpdater.java:takeSnapshot(287)) - f86a3de6-fa90-4082-aec2-64cbafe88bfb@group-D045DBB7FC30-StateMachineUpdater: Took a snapshot at index 0
2022-07-12 23:23:27,647 [f86a3de6-fa90-4082-aec2-64cbafe88bfb@group-D045DBB7FC30-StateMachineUpdater] INFO  impl.StateMachineUpdater (StateMachineUpdater.java:lambda$new$0(92)) - f86a3de6-fa90-4082-aec2-64cbafe88bfb@group-D045DBB7FC30-StateMachineUpdater: snapshotIndex: updateIncreasingly -1 -> 0
2022-07-12 23:23:27,647 [ForkJoinPool.commonPool-worker-0] INFO  server.RaftServer$Division (ServerState.java:close(429)) - f86a3de6-fa90-4082-aec2-64cbafe88bfb@group-D045DBB7FC30: closes. applyIndex: 0
2022-07-12 23:23:27,647 [1641e4ae-10df-4947-b580-c1e8e479fb48@group-4A2A9D8F7040-SegmentedRaftLogWorker] INFO  segmented.SegmentedRaftLogWorker (SegmentedRaftLogWorker.java:run(336)) - 1641e4ae-10df-4947-b580-c1e8e479fb48@group-4A2A9D8F7040-SegmentedRaftLogWorker was interrupted, exiting. There are 0 tasks remaining in the queue.
2022-07-12 23:23:27,647 [f86a3de6-fa90-4082-aec2-64cbafe88bfb@group-D045DBB7FC30-SegmentedRaftLogWorker] INFO  segmented.SegmentedRaftLogWorker (SegmentedRaftLogWorker.java:run(336)) - f86a3de6-fa90-4082-aec2-64cbafe88bfb@group-D045DBB7FC30-SegmentedRaftLogWorker was interrupted, exiting. There are 0 tasks remaining in the queue.
2022-07-12 23:23:27,650 [Listener at 127.0.0.1/43683] INFO  segmented.SegmentedRaftLogWorker (SegmentedRaftLogWorker.java:close(246)) - 1641e4ae-10df-4947-b580-c1e8e479fb48@group-4A2A9D8F7040-SegmentedRaftLogWorker close()
2022-07-12 23:23:27,653 [ForkJoinPool.commonPool-worker-0] INFO  segmented.SegmentedRaftLogWorker (SegmentedRaftLogWorker.java:close(246)) - f86a3de6-fa90-4082-aec2-64cbafe88bfb@group-D045DBB7FC30-SegmentedRaftLogWorker close()
2022-07-12 23:23:27,654 [Listener at 127.0.0.1/43683] INFO  server.GrpcService (GrpcService.java:closeImpl(269)) - 1641e4ae-10df-4947-b580-c1e8e479fb48: shutdown server with port 34841 now
2022-07-12 23:23:27,655 [Listener at 127.0.0.1/43683] INFO  server.GrpcService (GrpcService.java:closeImpl(278)) - 1641e4ae-10df-4947-b580-c1e8e479fb48: shutdown server with port 34841 successfully
2022-07-12 23:23:27,655 [org.apache.ratis.util.JvmPauseMonitor$$Lambda$613/1690937419@20465565] INFO  util.JvmPauseMonitor (JvmPauseMonitor.java:run(109)) - JvmPauseMonitor-1641e4ae-10df-4947-b580-c1e8e479fb48: Stopped
2022-07-12 23:23:27,656 [ForkJoinPool.commonPool-worker-0] INFO  server.RaftServer$Division (RaftServerImpl.java:lambda$close$4(434)) - f86a3de6-fa90-4082-aec2-64cbafe88bfb@group-E7D9884B8C54: shutdown
2022-07-12 23:23:27,656 [ForkJoinPool.commonPool-worker-0] INFO  util.JmxRegister (JmxRegister.java:unregister(73)) - Successfully un-registered JMX Bean with object name Ratis:service=RaftServer,group=group-E7D9884B8C54,id=f86a3de6-fa90-4082-aec2-64cbafe88bfb
2022-07-12 23:23:27,656 [ForkJoinPool.commonPool-worker-0] INFO  impl.RoleInfo (RoleInfo.java:shutdownFollowerState(110)) - f86a3de6-fa90-4082-aec2-64cbafe88bfb: shutdown f86a3de6-fa90-4082-aec2-64cbafe88bfb@group-E7D9884B8C54-FollowerState
2022-07-12 23:23:27,656 [ForkJoinPool.commonPool-worker-0] INFO  impl.StateMachineUpdater (StateMachineUpdater.java:stopAndJoin(153)) - f86a3de6-fa90-4082-aec2-64cbafe88bfb@group-E7D9884B8C54-StateMachineUpdater: set stopIndex = 31
2022-07-12 23:23:27,656 [f86a3de6-fa90-4082-aec2-64cbafe88bfb@group-E7D9884B8C54-FollowerState] INFO  impl.FollowerState (FollowerState.java:run(152)) - f86a3de6-fa90-4082-aec2-64cbafe88bfb@group-E7D9884B8C54-FollowerState was interrupted
2022-07-12 23:23:27,657 [f86a3de6-fa90-4082-aec2-64cbafe88bfb@group-E7D9884B8C54-StateMachineUpdater] INFO  ratis.ContainerStateMachine (ContainerStateMachine.java:takeSnapshot(304)) - group-E7D9884B8C54: Taking a snapshot at:(t:2, i:31) file /home/runner/work/ozone/ozone/hadoop-ozone/integration-test/target/test-dir/MiniOzoneClusterImpl-0e22dd8b-fc59-4669-93e2-f1079baade23/datanode-0/data/ratis/4ffe867c-dafd-41b3-855f-e7d9884b8c54/sm/snapshot.2_31
2022-07-12 23:23:27,658 [f86a3de6-fa90-4082-aec2-64cbafe88bfb@group-E7D9884B8C54-StateMachineUpdater] INFO  ratis.ContainerStateMachine (ContainerStateMachine.java:takeSnapshot(315)) - group-E7D9884B8C54: Finished taking a snapshot at:(t:2, i:31) file:/home/runner/work/ozone/ozone/hadoop-ozone/integration-test/target/test-dir/MiniOzoneClusterImpl-0e22dd8b-fc59-4669-93e2-f1079baade23/datanode-0/data/ratis/4ffe867c-dafd-41b3-855f-e7d9884b8c54/sm/snapshot.2_31 took: 2 ms
2022-07-12 23:23:27,658 [f86a3de6-fa90-4082-aec2-64cbafe88bfb@group-E7D9884B8C54-StateMachineUpdater] INFO  impl.StateMachineUpdater (StateMachineUpdater.java:takeSnapshot(287)) - f86a3de6-fa90-4082-aec2-64cbafe88bfb@group-E7D9884B8C54-StateMachineUpdater: Took a snapshot at index 31
2022-07-12 23:23:27,658 [f86a3de6-fa90-4082-aec2-64cbafe88bfb@group-E7D9884B8C54-StateMachineUpdater] INFO  impl.StateMachineUpdater (StateMachineUpdater.java:lambda$new$0(92)) - f86a3de6-fa90-4082-aec2-64cbafe88bfb@group-E7D9884B8C54-StateMachineUpdater: snapshotIndex: updateIncreasingly -1 -> 31
2022-07-12 23:23:27,665 [ForkJoinPool.commonPool-worker-0] INFO  server.RaftServer$Division (ServerState.java:close(429)) - f86a3de6-fa90-4082-aec2-64cbafe88bfb@group-E7D9884B8C54: closes. applyIndex: 31
2022-07-12 23:23:27,682 [f86a3de6-fa90-4082-aec2-64cbafe88bfb@group-E7D9884B8C54-SegmentedRaftLogWorker] INFO  segmented.SegmentedRaftLogWorker (SegmentedRaftLogWorker.java:run(336)) - f86a3de6-fa90-4082-aec2-64cbafe88bfb@group-E7D9884B8C54-SegmentedRaftLogWorker was interrupted, exiting. There are 0 tasks remaining in the queue.
2022-07-12 23:23:27,684 [ForkJoinPool.commonPool-worker-0] INFO  segmented.SegmentedRaftLogWorker (SegmentedRaftLogWorker.java:close(246)) - f86a3de6-fa90-4082-aec2-64cbafe88bfb@group-E7D9884B8C54-SegmentedRaftLogWorker close()
2022-07-12 23:23:27,698 [ForkJoinPool.commonPool-worker-0] INFO  server.RaftServer$Division (RaftServerImpl.java:lambda$close$4(434)) - f86a3de6-fa90-4082-aec2-64cbafe88bfb@group-4550C4ECA59A: shutdown
2022-07-12 23:23:27,698 [ForkJoinPool.commonPool-worker-0] INFO  util.JmxRegister (JmxRegister.java:unregister(73)) - Successfully un-registered JMX Bean with object name Ratis:service=RaftServer,group=group-4550C4ECA59A,id=f86a3de6-fa90-4082-aec2-64cbafe88bfb
2022-07-12 23:23:27,698 [ForkJoinPool.commonPool-worker-0] INFO  impl.RoleInfo (RoleInfo.java:shutdownLeaderState(93)) - f86a3de6-fa90-4082-aec2-64cbafe88bfb: shutdown f86a3de6-fa90-4082-aec2-64cbafe88bfb@group-4550C4ECA59A-LeaderStateImpl
2022-07-12 23:23:27,698 [ForkJoinPool.commonPool-worker-0] INFO  impl.PendingRequests (PendingRequests.java:sendNotLeaderResponses(282)) - f86a3de6-fa90-4082-aec2-64cbafe88bfb@group-4550C4ECA59A-PendingRequests: sendNotLeaderResponses
2022-07-12 23:23:27,699 [ForkJoinPool.commonPool-worker-0] INFO  impl.StateMachineUpdater (StateMachineUpdater.java:stopAndJoin(153)) - f86a3de6-fa90-4082-aec2-64cbafe88bfb@group-4550C4ECA59A-StateMachineUpdater: set stopIndex = 0
2022-07-12 23:23:27,699 [f86a3de6-fa90-4082-aec2-64cbafe88bfb@group-4550C4ECA59A-StateMachineUpdater] INFO  ratis.ContainerStateMachine (ContainerStateMachine.java:takeSnapshot(304)) - group-4550C4ECA59A: Taking a snapshot at:(t:1, i:0) file /home/runner/work/ozone/ozone/hadoop-ozone/integration-test/target/test-dir/MiniOzoneClusterImpl-0e22dd8b-fc59-4669-93e2-f1079baade23/datanode-0/data/ratis/eec205c4-aa9f-4fd8-b2bc-4550c4eca59a/sm/snapshot.1_0
2022-07-12 23:23:27,700 [f86a3de6-fa90-4082-aec2-64cbafe88bfb@group-4550C4ECA59A-StateMachineUpdater] INFO  ratis.ContainerStateMachine (ContainerStateMachine.java:takeSnapshot(315)) - group-4550C4ECA59A: Finished taking a snapshot at:(t:1, i:0) file:/home/runner/work/ozone/ozone/hadoop-ozone/integration-test/target/test-dir/MiniOzoneClusterImpl-0e22dd8b-fc59-4669-93e2-f1079baade23/datanode-0/data/ratis/eec205c4-aa9f-4fd8-b2bc-4550c4eca59a/sm/snapshot.1_0 took: 1 ms
2022-07-12 23:23:27,701 [f86a3de6-fa90-4082-aec2-64cbafe88bfb@group-4550C4ECA59A-StateMachineUpdater] INFO  impl.StateMachineUpdater (StateMachineUpdater.java:takeSnapshot(287)) - f86a3de6-fa90-4082-aec2-64cbafe88bfb@group-4550C4ECA59A-StateMachineUpdater: Took a snapshot at index 0
2022-07-12 23:23:27,701 [f86a3de6-fa90-4082-aec2-64cbafe88bfb@group-4550C4ECA59A-StateMachineUpdater] INFO  impl.StateMachineUpdater (StateMachineUpdater.java:lambda$new$0(92)) - f86a3de6-fa90-4082-aec2-64cbafe88bfb@group-4550C4ECA59A-StateMachineUpdater: snapshotIndex: updateIncreasingly -1 -> 0
2022-07-12 23:23:27,702 [ForkJoinPool.commonPool-worker-0] INFO  server.RaftServer$Division (ServerState.java:close(429)) - f86a3de6-fa90-4082-aec2-64cbafe88bfb@group-4550C4ECA59A: closes. applyIndex: 0
2022-07-12 23:23:27,702 [f86a3de6-fa90-4082-aec2-64cbafe88bfb@group-4550C4ECA59A-SegmentedRaftLogWorker] INFO  segmented.SegmentedRaftLogWorker (SegmentedRaftLogWorker.java:run(336)) - f86a3de6-fa90-4082-aec2-64cbafe88bfb@group-4550C4ECA59A-SegmentedRaftLogWorker was interrupted, exiting. There are 0 tasks remaining in the queue.
2022-07-12 23:23:27,704 [ForkJoinPool.commonPool-worker-0] INFO  segmented.SegmentedRaftLogWorker (SegmentedRaftLogWorker.java:close(246)) - f86a3de6-fa90-4082-aec2-64cbafe88bfb@group-4550C4ECA59A-SegmentedRaftLogWorker close()
2022-07-12 23:23:27,717 [ForkJoinPool.commonPool-worker-0] INFO  server.GrpcService (GrpcService.java:closeImpl(269)) - f86a3de6-fa90-4082-aec2-64cbafe88bfb: shutdown server with port 41481 now
2022-07-12 23:23:27,745 [grpc-default-executor-3] WARN  server.GrpcClientProtocolService (LogUtils.java:warn(122)) - 1-UnorderedRequestStreamObserver1: onError: org.apache.ratis.thirdparty.io.grpc.StatusRuntimeException: CANCELLED: client cancelled
2022-07-12 23:23:27,753 [ForkJoinPool.commonPool-worker-0] INFO  server.GrpcService (GrpcService.java:closeImpl(278)) - f86a3de6-fa90-4082-aec2-64cbafe88bfb: shutdown server with port 41481 successfully
2022-07-12 23:23:27,753 [org.apache.ratis.util.JvmPauseMonitor$$Lambda$613/1690937419@144d33b6] INFO  util.JvmPauseMonitor (JvmPauseMonitor.java:run(109)) - JvmPauseMonitor-f86a3de6-fa90-4082-aec2-64cbafe88bfb: Stopped
2022-07-12 23:23:29,717 [Listener at 127.0.0.1/43683] INFO  utils.BackgroundService (BackgroundService.java:shutdown(132)) - Shutting down service BlockDeletingService
2022-07-12 23:23:29,803 [ForkJoinPool.commonPool-worker-0] INFO  utils.BackgroundService (BackgroundService.java:shutdown(132)) - Shutting down service BlockDeletingService
2022-07-12 23:23:32,741 [Listener at 127.0.0.1/43683] INFO  statemachine.DatanodeStateMachine (DatanodeStateMachine.java:stopDaemon(580)) - Ozone container server stopped.
2022-07-12 23:23:32,749 [Listener at 127.0.0.1/43683] INFO  handler.ContextHandler (ContextHandler.java:doStop(1153)) - Stopped o.e.j.w.WebAppContext@307ee504{hddsDatanode,/,null,STOPPED}{jar:file:/home/runner/.m2/repository/org/apache/ozone/hdds-container-service/1.3.0-SNAPSHOT/hdds-container-service-1.3.0-SNAPSHOT.jar!/webapps/hddsDatanode}
2022-07-12 23:23:32,770 [Listener at 127.0.0.1/43683] INFO  server.AbstractConnector (AbstractConnector.java:doStop(381)) - Stopped ServerConnector@28ded85d{HTTP/1.1, (http/1.1)}{0.0.0.0:0}
2022-07-12 23:23:32,770 [Listener at 127.0.0.1/43683] INFO  server.session (HouseKeeper.java:stopScavenging(149)) - node0 Stopped scavenging
2022-07-12 23:23:32,771 [Listener at 127.0.0.1/43683] INFO  handler.ContextHandler (ContextHandler.java:doStop(1153)) - Stopped o.e.j.s.ServletContextHandler@6f6fc248{static,/static,jar:file:/home/runner/.m2/repository/org/apache/ozone/hdds-container-service/1.3.0-SNAPSHOT/hdds-container-service-1.3.0-SNAPSHOT.jar!/webapps/static,STOPPED}
2022-07-12 23:23:32,771 [Listener at 127.0.0.1/43683] INFO  handler.ContextHandler (ContextHandler.java:doStop(1153)) - Stopped o.e.j.s.ServletContextHandler@236d8e23{logs,/logs,file:///home/runner/work/ozone/ozone/hadoop-ozone/integration-test/target/log,STOPPED}
2022-07-12 23:23:32,838 [ForkJoinPool.commonPool-worker-0] INFO  statemachine.DatanodeStateMachine (DatanodeStateMachine.java:stopDaemon(580)) - Ozone container server stopped.
2022-07-12 23:23:32,913 [ForkJoinPool.commonPool-worker-0] INFO  handler.ContextHandler (ContextHandler.java:doStop(1153)) - Stopped o.e.j.w.WebAppContext@1f59b2ef{hddsDatanode,/,null,STOPPED}{jar:file:/home/runner/.m2/repository/org/apache/ozone/hdds-container-service/1.3.0-SNAPSHOT/hdds-container-service-1.3.0-SNAPSHOT.jar!/webapps/hddsDatanode}
2022-07-12 23:23:32,917 [ForkJoinPool.commonPool-worker-0] INFO  server.AbstractConnector (AbstractConnector.java:doStop(381)) - Stopped ServerConnector@31bc422b{HTTP/1.1, (http/1.1)}{0.0.0.0:0}
2022-07-12 23:23:32,917 [ForkJoinPool.commonPool-worker-0] INFO  server.session (HouseKeeper.java:stopScavenging(149)) - node0 Stopped scavenging
2022-07-12 23:23:32,918 [ForkJoinPool.commonPool-worker-0] INFO  handler.ContextHandler (ContextHandler.java:doStop(1153)) - Stopped o.e.j.s.ServletContextHandler@37dac32{static,/static,jar:file:/home/runner/.m2/repository/org/apache/ozone/hdds-container-service/1.3.0-SNAPSHOT/hdds-container-service-1.3.0-SNAPSHOT.jar!/webapps/static,STOPPED}
2022-07-12 23:23:32,922 [ForkJoinPool.commonPool-worker-0] INFO  handler.ContextHandler (ContextHandler.java:doStop(1153)) - Stopped o.e.j.s.ServletContextHandler@7d4002f7{logs,/logs,file:///home/runner/work/ozone/ozone/hadoop-ozone/integration-test/target/log,STOPPED}
2022-07-12 23:23:37,773 [Listener at 127.0.0.1/43683] INFO  ozoneimpl.OzoneContainer (OzoneContainer.java:stop(365)) - Attempting to stop container services.
2022-07-12 23:23:37,774 [Listener at 127.0.0.1/43683] INFO  server.RaftServer (RaftServerProxy.java:lambda$close$7(398)) - 5f7d0233-0975-4d49-9cf7-de4a2550fad2: close
2022-07-12 23:23:37,774 [Listener at 127.0.0.1/43683] INFO  server.RaftServer$Division (RaftServerImpl.java:lambda$close$4(434)) - 5f7d0233-0975-4d49-9cf7-de4a2550fad2@group-DB03694ECF5B: shutdown
2022-07-12 23:23:37,774 [Listener at 127.0.0.1/43683] INFO  util.JmxRegister (JmxRegister.java:unregister(73)) - Successfully un-registered JMX Bean with object name Ratis:service=RaftServer,group=group-DB03694ECF5B,id=5f7d0233-0975-4d49-9cf7-de4a2550fad2
2022-07-12 23:23:37,774 [Listener at 127.0.0.1/43683] INFO  impl.RoleInfo (RoleInfo.java:shutdownLeaderState(93)) - 5f7d0233-0975-4d49-9cf7-de4a2550fad2: shutdown 5f7d0233-0975-4d49-9cf7-de4a2550fad2@group-DB03694ECF5B-LeaderStateImpl
2022-07-12 23:23:37,774 [Listener at 127.0.0.1/43683] INFO  impl.PendingRequests (PendingRequests.java:sendNotLeaderResponses(282)) - 5f7d0233-0975-4d49-9cf7-de4a2550fad2@group-DB03694ECF5B-PendingRequests: sendNotLeaderResponses
2022-07-12 23:23:37,775 [Listener at 127.0.0.1/43683] INFO  impl.StateMachineUpdater (StateMachineUpdater.java:stopAndJoin(153)) - 5f7d0233-0975-4d49-9cf7-de4a2550fad2@group-DB03694ECF5B-StateMachineUpdater: set stopIndex = 0
2022-07-12 23:23:37,775 [5f7d0233-0975-4d49-9cf7-de4a2550fad2@group-DB03694ECF5B-StateMachineUpdater] INFO  ratis.ContainerStateMachine (ContainerStateMachine.java:takeSnapshot(304)) - group-DB03694ECF5B: Taking a snapshot at:(t:1, i:0) file /home/runner/work/ozone/ozone/hadoop-ozone/integration-test/target/test-dir/MiniOzoneClusterImpl-0e22dd8b-fc59-4669-93e2-f1079baade23/datanode-3/data/ratis/01627150-c03c-49bb-8356-db03694ecf5b/sm/snapshot.1_0
2022-07-12 23:23:37,782 [5f7d0233-0975-4d49-9cf7-de4a2550fad2@group-DB03694ECF5B-StateMachineUpdater] INFO  ratis.ContainerStateMachine (ContainerStateMachine.java:takeSnapshot(315)) - group-DB03694ECF5B: Finished taking a snapshot at:(t:1, i:0) file:/home/runner/work/ozone/ozone/hadoop-ozone/integration-test/target/test-dir/MiniOzoneClusterImpl-0e22dd8b-fc59-4669-93e2-f1079baade23/datanode-3/data/ratis/01627150-c03c-49bb-8356-db03694ecf5b/sm/snapshot.1_0 took: 7 ms
2022-07-12 23:23:37,783 [5f7d0233-0975-4d49-9cf7-de4a2550fad2@group-DB03694ECF5B-StateMachineUpdater] INFO  impl.StateMachineUpdater (StateMachineUpdater.java:takeSnapshot(287)) - 5f7d0233-0975-4d49-9cf7-de4a2550fad2@group-DB03694ECF5B-StateMachineUpdater: Took a snapshot at index 0
2022-07-12 23:23:37,783 [5f7d0233-0975-4d49-9cf7-de4a2550fad2@group-DB03694ECF5B-StateMachineUpdater] INFO  impl.StateMachineUpdater (StateMachineUpdater.java:lambda$new$0(92)) - 5f7d0233-0975-4d49-9cf7-de4a2550fad2@group-DB03694ECF5B-StateMachineUpdater: snapshotIndex: updateIncreasingly -1 -> 0
2022-07-12 23:23:37,783 [Listener at 127.0.0.1/43683] INFO  server.RaftServer$Division (ServerState.java:close(429)) - 5f7d0233-0975-4d49-9cf7-de4a2550fad2@group-DB03694ECF5B: closes. applyIndex: 0
2022-07-12 23:23:37,783 [5f7d0233-0975-4d49-9cf7-de4a2550fad2@group-DB03694ECF5B-SegmentedRaftLogWorker] INFO  segmented.SegmentedRaftLogWorker (SegmentedRaftLogWorker.java:run(336)) - 5f7d0233-0975-4d49-9cf7-de4a2550fad2@group-DB03694ECF5B-SegmentedRaftLogWorker was interrupted, exiting. There are 0 tasks remaining in the queue.
2022-07-12 23:23:37,783 [Listener at 127.0.0.1/43683] INFO  segmented.SegmentedRaftLogWorker (SegmentedRaftLogWorker.java:close(246)) - 5f7d0233-0975-4d49-9cf7-de4a2550fad2@group-DB03694ECF5B-SegmentedRaftLogWorker close()
2022-07-12 23:23:37,785 [Listener at 127.0.0.1/43683] INFO  server.GrpcService (GrpcService.java:closeImpl(269)) - 5f7d0233-0975-4d49-9cf7-de4a2550fad2: shutdown server with port 33327 now
2022-07-12 23:23:37,789 [Listener at 127.0.0.1/43683] INFO  server.GrpcService (GrpcService.java:closeImpl(278)) - 5f7d0233-0975-4d49-9cf7-de4a2550fad2: shutdown server with port 33327 successfully
2022-07-12 23:23:37,793 [org.apache.ratis.util.JvmPauseMonitor$$Lambda$613/1690937419@49e7f1b2] INFO  util.JvmPauseMonitor (JvmPauseMonitor.java:run(109)) - JvmPauseMonitor-5f7d0233-0975-4d49-9cf7-de4a2550fad2: Stopped
2022-07-12 23:23:39,843 [Listener at 127.0.0.1/43683] INFO  utils.BackgroundService (BackgroundService.java:shutdown(132)) - Shutting down service BlockDeletingService
2022-07-12 23:23:42,880 [Listener at 127.0.0.1/43683] INFO  statemachine.DatanodeStateMachine (DatanodeStateMachine.java:stopDaemon(580)) - Ozone container server stopped.
2022-07-12 23:23:42,890 [Listener at 127.0.0.1/43683] INFO  handler.ContextHandler (ContextHandler.java:doStop(1153)) - Stopped o.e.j.w.WebAppContext@7793dcdf{hddsDatanode,/,null,STOPPED}{jar:file:/home/runner/.m2/repository/org/apache/ozone/hdds-container-service/1.3.0-SNAPSHOT/hdds-container-service-1.3.0-SNAPSHOT.jar!/webapps/hddsDatanode}
2022-07-12 23:23:42,909 [Listener at 127.0.0.1/43683] INFO  server.AbstractConnector (AbstractConnector.java:doStop(381)) - Stopped ServerConnector@36f724e5{HTTP/1.1, (http/1.1)}{0.0.0.0:0}
2022-07-12 23:23:42,909 [Listener at 127.0.0.1/43683] INFO  server.session (HouseKeeper.java:stopScavenging(149)) - node0 Stopped scavenging
2022-07-12 23:23:42,909 [Listener at 127.0.0.1/43683] INFO  handler.ContextHandler (ContextHandler.java:doStop(1153)) - Stopped o.e.j.s.ServletContextHandler@154f129f{static,/static,jar:file:/home/runner/.m2/repository/org/apache/ozone/hdds-container-service/1.3.0-SNAPSHOT/hdds-container-service-1.3.0-SNAPSHOT.jar!/webapps/static,STOPPED}
2022-07-12 23:23:42,910 [Listener at 127.0.0.1/43683] INFO  handler.ContextHandler (ContextHandler.java:doStop(1153)) - Stopped o.e.j.s.ServletContextHandler@6474690{logs,/logs,file:///home/runner/work/ozone/ozone/hadoop-ozone/integration-test/target/log,STOPPED}
2022-07-12 23:23:42,921 [Listener at 127.0.0.1/43683] INFO  ozone.MiniOzoneClusterImpl (MiniOzoneClusterImpl.java:stopSCM(537)) - Stopping the StorageContainerManager
2022-07-12 23:23:42,922 [Listener at 127.0.0.1/43683] INFO  server.StorageContainerManager (StorageContainerManager.java:stop(1514)) - Container Balancer is not running.
2022-07-12 23:23:42,922 [Listener at 127.0.0.1/43683] INFO  server.StorageContainerManager (StorageContainerManager.java:stop(1521)) - Stopping Replication Manager Service.
2022-07-12 23:23:42,922 [Listener at 127.0.0.1/43683] INFO  replication.ReplicationManager (ReplicationManager.java:stop(219)) - Stopping Replication Monitor Thread.
2022-07-12 23:23:42,922 [Listener at 127.0.0.1/43683] INFO  server.StorageContainerManager (StorageContainerManager.java:stop(1528)) - Stopping the Datanode Admin Monitor.
2022-07-12 23:23:42,922 [ReplicationMonitor] INFO  replication.ReplicationManager (ReplicationManager.java:run(389)) - Replication Monitor Thread is stopped
2022-07-12 23:23:42,922 [Listener at 127.0.0.1/43683] INFO  server.StorageContainerManager (StorageContainerManager.java:stop(1535)) - Stopping Lease Manager of the command watchers
2022-07-12 23:23:42,925 [Listener at 127.0.0.1/43683] INFO  server.StorageContainerManager (StorageContainerManager.java:stop(1542)) - Stopping datanode service RPC server
2022-07-12 23:23:42,925 [Listener at 127.0.0.1/43683] INFO  server.SCMDatanodeProtocolServer (SCMDatanodeProtocolServer.java:stop(414)) - Stopping the RPC server for DataNodes
2022-07-12 23:23:42,925 [Listener at 127.0.0.1/43683] INFO  ipc.Server (Server.java:stop(3414)) - Stopping server on 43479
2022-07-12 23:23:42,930 [IPC Server listener on 0] INFO  ipc.Server (Server.java:run(1376)) - Stopping IPC Server listener on 0
2022-07-12 23:23:42,930 [IPC Server Responder] INFO  ipc.Server (Server.java:run(1512)) - Stopping IPC Server Responder
2022-07-12 23:23:42,953 [SCM Heartbeat Processing Thread - 0] WARN  node.NodeStateManager (NodeStateManager.java:scheduleNextHealthCheck(870)) - Current Thread is interrupted, shutting down HB processing thread for Node Manager.
2022-07-12 23:23:42,954 [Listener at 127.0.0.1/43683] INFO  server.StorageContainerManager (StorageContainerManager.java:stop(1550)) - Stopping block service RPC server
2022-07-12 23:23:42,954 [Listener at 127.0.0.1/43683] INFO  server.SCMBlockProtocolServer (SCMBlockProtocolServer.java:stop(161)) - Stopping the RPC server for Block Protocol
2022-07-12 23:23:42,954 [Listener at 127.0.0.1/43683] INFO  ipc.Server (Server.java:stop(3414)) - Stopping server on 43067
2022-07-12 23:23:42,970 [Listener at 127.0.0.1/43683] INFO  server.StorageContainerManager (StorageContainerManager.java:stop(1557)) - Stopping the StorageContainerLocationProtocol RPC server
2022-07-12 23:23:42,970 [Listener at 127.0.0.1/43683] INFO  server.SCMClientProtocolServer (SCMClientProtocolServer.java:stop(179)) - Stopping the RPC server for Client Protocol
2022-07-12 23:23:42,970 [Listener at 127.0.0.1/43683] INFO  ipc.Server (Server.java:stop(3414)) - Stopping server on 41661
2022-07-12 23:23:42,971 [IPC Server listener on 0] INFO  ipc.Server (Server.java:run(1376)) - Stopping IPC Server listener on 0
2022-07-12 23:23:42,971 [IPC Server Responder] INFO  ipc.Server (Server.java:run(1512)) - Stopping IPC Server Responder
2022-07-12 23:23:42,974 [Listener at 127.0.0.1/43683] INFO  server.StorageContainerManager (StorageContainerManager.java:stop(1564)) - Stopping Storage Container Manager HTTP server.
2022-07-12 23:23:42,974 [IPC Server Responder] INFO  ipc.Server (Server.java:run(1512)) - Stopping IPC Server Responder
2022-07-12 23:23:42,974 [IPC Server listener on 0] INFO  ipc.Server (Server.java:run(1376)) - Stopping IPC Server listener on 0
2022-07-12 23:23:42,998 [Listener at 127.0.0.1/43683] INFO  handler.ContextHandler (ContextHandler.java:doStop(1153)) - Stopped o.e.j.w.WebAppContext@55010950{scm,/,null,STOPPED}{file:/home/runner/work/ozone/ozone/hadoop-ozone/integration-test/target/test-classes/webapps/scm}
2022-07-12 23:23:43,001 [Listener at 127.0.0.1/43683] INFO  server.AbstractConnector (AbstractConnector.java:doStop(381)) - Stopped ServerConnector@2b316745{HTTP/1.1, (http/1.1)}{0.0.0.0:0}
2022-07-12 23:23:43,001 [Listener at 127.0.0.1/43683] INFO  server.session (HouseKeeper.java:stopScavenging(149)) - node0 Stopped scavenging
2022-07-12 23:23:43,001 [Listener at 127.0.0.1/43683] INFO  handler.ContextHandler (ContextHandler.java:doStop(1153)) - Stopped o.e.j.s.ServletContextHandler@731cfe2d{static,/static,file:///home/runner/work/ozone/ozone/hadoop-ozone/integration-test/target/test-classes/webapps/static,STOPPED}
2022-07-12 23:23:43,001 [Listener at 127.0.0.1/43683] INFO  handler.ContextHandler (ContextHandler.java:doStop(1153)) - Stopped o.e.j.s.ServletContextHandler@35d6eda7{logs,/logs,file:///home/runner/work/ozone/ozone/hadoop-ozone/integration-test/target/log,STOPPED}
2022-07-12 23:23:43,009 [Listener at 127.0.0.1/43683] INFO  server.StorageContainerManager (StorageContainerManager.java:stop(1575)) - Stopping Block Manager Service.
2022-07-12 23:23:43,009 [Listener at 127.0.0.1/43683] INFO  utils.BackgroundService (BackgroundService.java:shutdown(132)) - Shutting down service SCMBlockDeletingService
2022-07-12 23:23:43,009 [Listener at 127.0.0.1/43683] INFO  utils.BackgroundService (BackgroundService.java:shutdown(132)) - Shutting down service SCMBlockDeletingService
2022-07-12 23:23:43,010 [Listener at 127.0.0.1/43683] INFO  server.StorageContainerManager (StorageContainerManager.java:stop(1602)) - Stopping SCM Event Queue.
2022-07-12 23:23:43,030 [Listener at 127.0.0.1/43683] INFO  server.StorageContainerManager (StorageContainerManager.java:stop(1613)) - Stopping SCM HA services.
2022-07-12 23:23:43,031 [Listener at 127.0.0.1/43683] INFO  pipeline.BackgroundPipelineCreator (BackgroundPipelineCreator.java:stop(149)) - Stopping RatisPipelineUtilsThread.
2022-07-12 23:23:43,031 [RatisPipelineUtilsThread - 0] WARN  pipeline.BackgroundPipelineCreator (BackgroundPipelineCreator.java:run(180)) - RatisPipelineUtilsThread is interrupted.
2022-07-12 23:23:43,045 [Listener at 127.0.0.1/43683] INFO  BackgroundPipelineScrubber (BackgroundSCMService.java:stop(126)) - Stopping BackgroundPipelineScrubber Service.
2022-07-12 23:23:43,045 [Listener at 127.0.0.1/43683] INFO  server.StorageContainerManager (StorageContainerManager.java:stop(1623)) - Stopping SCM MetadataStore.
2022-07-12 23:23:43,046 [BackgroundPipelineScrubberThread] WARN  BackgroundPipelineScrubber (BackgroundSCMService.java:run(110)) - BackgroundPipelineScrubber is interrupted, exit
2022-07-12 23:23:43,048 [Listener at 127.0.0.1/43683] INFO  impl.MetricsSystemImpl (MetricsSystemImpl.java:stop(210)) - Stopping HddsDatanode metrics system...
2022-07-12 23:23:43,075 [prometheus] INFO  impl.MetricsSinkAdapter (MetricsSinkAdapter.java:publishMetricsFromQueue(141)) - prometheus thread interrupted.
2022-07-12 23:23:43,077 [Listener at 127.0.0.1/43683] INFO  impl.MetricsSystemImpl (MetricsSystemImpl.java:stop(216)) - HddsDatanode metrics system stopped.
2022-07-12 23:23:43,420 [Listener at 127.0.0.1/43683] WARN  server.ServerUtils (ServerUtils.java:getScmDbDir(148)) - ozone.scm.db.dirs is not configured. We recommend adding this setting. Falling back to ozone.metadata.dirs instead.
2022-07-12 23:23:43,439 [Listener at 127.0.0.1/43683] WARN  server.ServerUtils (ServerUtils.java:getScmDbDir(148)) - ozone.scm.db.dirs is not configured. We recommend adding this setting. Falling back to ozone.metadata.dirs instead.
2022-07-12 23:23:43,439 [Listener at 127.0.0.1/43683] INFO  ha.SCMHANodeDetails (SCMHANodeDetails.java:loadSCMHAConfig(209)) - ServiceID for StorageContainerManager is null
2022-07-12 23:23:43,439 [Listener at 127.0.0.1/43683] INFO  ha.SCMHANodeDetails (SCMHANodeDetails.java:loadSCMHAConfig(214)) - ozone.scm.default.service.id is not defined, falling back to ozone.scm.service.ids to find serviceID for StorageContainerManager if it is HA enabled cluster
2022-07-12 23:23:43,440 [Listener at 127.0.0.1/43683] WARN  utils.HAUtils (HAUtils.java:getMetaDir(342)) - ozone.scm.db.dirs is not configured. We recommend adding this setting. Falling back to ozone.metadata.dirs instead.
2022-07-12 23:23:43,441 [Listener at 127.0.0.1/43683] WARN  db.DBStoreBuilder (DBStoreBuilder.java:applyDBDefinition(145)) - ozone.scm.db.dirs is not configured. We recommend adding this setting. Falling back to ozone.metadata.dirs instead.
2022-07-12 23:23:43,685 [Listener at 127.0.0.1/43683] INFO  net.NodeSchemaLoader (NodeSchemaLoader.java:loadSchemaFromFile(129)) - Loading schema from [jar:file:/home/runner/.m2/repository/org/apache/ozone/hdds-common/1.3.0-SNAPSHOT/hdds-common-1.3.0-SNAPSHOT.jar!/network-topology-default.xml]
2022-07-12 23:23:43,685 [Listener at 127.0.0.1/43683] INFO  net.NodeSchemaLoader (NodeSchemaLoader.java:loadSchema(176)) - Loading network topology layer schema file
2022-07-12 23:23:43,698 [Listener at 127.0.0.1/43683] INFO  upgrade.AbstractLayoutVersionManager (AbstractLayoutVersionManager.java:init(83)) - Initializing Layout version manager with metadata layout = DATANODE_SCHEMA_V3 (version = 4), software layout = DATANODE_SCHEMA_V3 (version = 4)
2022-07-12 23:23:43,897 [Listener at 127.0.0.1/43683] INFO  reflections.Reflections (Reflections.java:scan(232)) - Reflections took 198 ms to scan 7 urls, producing 132 keys and 317 values 
2022-07-12 23:23:43,900 [Listener at 127.0.0.1/43683] INFO  ha.SequenceIdGenerator (SequenceIdGenerator.java:upgradeToSequenceId(349)) - upgrade localId to 109611004723200000
2022-07-12 23:23:43,900 [Listener at 127.0.0.1/43683] INFO  ha.SequenceIdGenerator (SequenceIdGenerator.java:upgradeToSequenceId(359)) - upgrade delTxnId to 0
2022-07-12 23:23:43,900 [Listener at 127.0.0.1/43683] INFO  ha.SequenceIdGenerator (SequenceIdGenerator.java:upgradeToSequenceId(376)) - upgrade containerId to 0
2022-07-12 23:23:43,900 [Listener at 127.0.0.1/43683] INFO  ha.SequenceIdGenerator (SequenceIdGenerator.java:<init>(220)) - Init the HA SequenceIdGenerator.
2022-07-12 23:23:43,937 [Listener at 127.0.0.1/43683] WARN  server.ServerUtils (ServerUtils.java:sanitizeUserArgs(73)) - ozone.scm.stale.node.interval value = 300000 is larger than max = 100000 based on the key value of ozone.scm.heartbeat.thread.interval, reset to the max value 100000.
2022-07-12 23:23:43,938 [Listener at 127.0.0.1/43683] WARN  server.ServerUtils (ServerUtils.java:sanitizeUserArgs(73)) - ozone.scm.stale.node.interval value = 300000 is larger than max = 100000 based on the key value of ozone.scm.heartbeat.thread.interval, reset to the max value 100000.
2022-07-12 23:23:43,957 [Listener at 127.0.0.1/43683] INFO  node.SCMNodeManager (SCMNodeManager.java:<init>(149)) - Entering startup safe mode.
2022-07-12 23:23:43,957 [Listener at 127.0.0.1/43683] INFO  algorithms.ContainerPlacementPolicyFactory (ContainerPlacementPolicyFactory.java:getPolicyInternal(86)) - Create container placement policy of type org.apache.hadoop.hdds.scm.container.placement.algorithms.SCMContainerPlacementRandom
2022-07-12 23:23:43,957 [Listener at 127.0.0.1/43683] INFO  pipeline.PipelineStateManagerImpl (PipelineStateManagerImpl.java:initialize(78)) - No pipeline exists in current db
2022-07-12 23:23:43,958 [Listener at 127.0.0.1/43683] INFO  algorithms.LeaderChoosePolicyFactory (LeaderChoosePolicyFactory.java:getPolicy(57)) - Create leader choose policy of type org.apache.hadoop.hdds.scm.pipeline.leader.choose.algorithms.MinLeaderCountChoosePolicy
2022-07-12 23:23:43,958 [Listener at 127.0.0.1/43683] INFO  algorithms.ContainerPlacementPolicyFactory (ContainerPlacementPolicyFactory.java:getPolicyInternal(86)) - Create container placement policy of type org.apache.hadoop.hdds.scm.container.placement.algorithms.SCMContainerPlacementRackScatter
2022-07-12 23:23:43,958 [Listener at 127.0.0.1/43683] INFO  ha.SCMServiceManager (SCMServiceManager.java:register(42)) - Registering service BackgroundPipelineCreator.
2022-07-12 23:23:43,958 [Listener at 127.0.0.1/43683] INFO  pipeline.BackgroundPipelineCreator (BackgroundPipelineCreator.java:start(124)) - Starting RatisPipelineUtilsThread.
2022-07-12 23:23:43,962 [Listener at 127.0.0.1/43683] INFO  BackgroundPipelineScrubber (BackgroundSCMService.java:start(68)) - Starting BackgroundPipelineScrubber Service.
2022-07-12 23:23:43,981 [Listener at 127.0.0.1/43683] INFO  ha.SCMServiceManager (SCMServiceManager.java:register(42)) - Registering service BackgroundPipelineScrubber.
2022-07-12 23:23:43,981 [Listener at 127.0.0.1/43683] INFO  ExpiredContainerReplicaOpScrubber (BackgroundSCMService.java:start(68)) - Starting ExpiredContainerReplicaOpScrubber Service.
2022-07-12 23:23:44,002 [Listener at 127.0.0.1/43683] INFO  ha.SCMServiceManager (SCMServiceManager.java:register(42)) - Registering service ExpiredContainerReplicaOpScrubber.
2022-07-12 23:23:44,003 [Listener at 127.0.0.1/43683] INFO  algorithms.PipelineChoosePolicyFactory (PipelineChoosePolicyFactory.java:createPipelineChoosePolicyFromClass(73)) - Create pipeline choose policy of type org.apache.hadoop.hdds.scm.pipeline.choose.algorithms.RandomPipelineChoosePolicy
2022-07-12 23:23:44,004 [Listener at 127.0.0.1/43683] INFO  ha.SCMServiceManager (SCMServiceManager.java:register(42)) - Registering service SCMBlockDeletingService.
2022-07-12 23:23:44,004 [Listener at 127.0.0.1/43683] INFO  replication.ReplicationManager (ReplicationManager.java:start(186)) - Starting Replication Monitor Thread.
2022-07-12 23:23:44,012 [Listener at 127.0.0.1/43683] INFO  ha.SCMServiceManager (SCMServiceManager.java:register(42)) - Registering service ReplicationManager.
2022-07-12 23:23:44,012 [Listener at 127.0.0.1/43683] INFO  safemode.ContainerSafeModeRule (ContainerSafeModeRule.java:<init>(89)) - containers with one replica threshold count 0
2022-07-12 23:23:44,013 [Listener at 127.0.0.1/43683] INFO  safemode.HealthyPipelineSafeModeRule (HealthyPipelineSafeModeRule.java:initializeRule(169)) - Total pipeline count is 0, healthy pipeline threshold count is 1
2022-07-12 23:23:44,013 [Listener at 127.0.0.1/43683] INFO  safemode.OneReplicaPipelineSafeModeRule (OneReplicaPipelineSafeModeRule.java:initializeRule(180)) - Total pipeline count is 0, pipeline's with at least one datanode reported threshold count is 0
2022-07-12 23:23:44,017 [Listener at 127.0.0.1/43683] INFO  ipc.CallQueueManager (CallQueueManager.java:<init>(90)) - Using callQueue: class java.util.concurrent.LinkedBlockingQueue, queueCapacity: 2000, scheduler: class org.apache.hadoop.ipc.DefaultRpcScheduler, ipcBackoff: false.
2022-07-12 23:23:44,018 [Socket Reader #1 for port 0] INFO  ipc.Server (Server.java:run(1265)) - Starting Socket Reader #1 for port 0
2022-07-12 23:23:44,018 [Listener at 0.0.0.0/36479] INFO  ipc.CallQueueManager (CallQueueManager.java:<init>(90)) - Using callQueue: class java.util.concurrent.LinkedBlockingQueue, queueCapacity: 2000, scheduler: class org.apache.hadoop.ipc.DefaultRpcScheduler, ipcBackoff: false.
2022-07-12 23:23:44,019 [Socket Reader #1 for port 0] INFO  ipc.Server (Server.java:run(1265)) - Starting Socket Reader #1 for port 0
2022-07-12 23:23:44,019 [Listener at 0.0.0.0/41419] INFO  ipc.CallQueueManager (CallQueueManager.java:<init>(90)) - Using callQueue: class java.util.concurrent.LinkedBlockingQueue, queueCapacity: 2000, scheduler: class org.apache.hadoop.ipc.DefaultRpcScheduler, ipcBackoff: false.
2022-07-12 23:23:44,020 [Socket Reader #1 for port 0] INFO  ipc.Server (Server.java:run(1265)) - Starting Socket Reader #1 for port 0
2022-07-12 23:23:44,025 [ReplicationMonitor] INFO  replication.ReplicationManager (ReplicationManager.java:processAll(235)) - Replication Manager is not ready to run until 3000ms after safemode exit
2022-07-12 23:23:44,149 [Listener at 0.0.0.0/43295] INFO  ha.SCMServiceManager (SCMServiceManager.java:register(42)) - Registering service ContainerBalancer.
2022-07-12 23:23:44,174 [Listener at 0.0.0.0/43295] INFO  server.StorageContainerManager (StorageContainerManager.java:<init>(401)) - 
Container Balancer status:
Key                            Value
Running                        false
Container Balancer Configuration values:
Key                                                Value
Threshold                                          10
Max Datanodes to Involve per Iteration(percent)    20
Max Size to Move per Iteration                     500GB
Max Size Entering Target per Iteration             26GB
Max Size Leaving Source per Iteration              26GB

2022-07-12 23:23:44,174 [Listener at 0.0.0.0/43295] WARN  events.EventQueue (EventQueue.java:fireEvent(216)) - No event handler registered for event TypedEvent{payloadType=SafeModeStatus, name='Safe mode status'}
2022-07-12 23:23:44,174 [Listener at 0.0.0.0/43295] INFO  ha.SCMContext (SCMContext.java:updateSafeModeStatus(228)) - Update SafeModeStatus from SafeModeStatus{safeModeStatus=true, preCheckPassed=false} to SafeModeStatus{safeModeStatus=true, preCheckPassed=false}.
2022-07-12 23:23:44,174 [Listener at 0.0.0.0/43295] INFO  server.StorageContainerManager (StorageContainerManager.java:start(1422)) - StorageContainerLocationProtocol RPC server is listening at /0.0.0.0:43295
2022-07-12 23:23:44,177 [Listener at 0.0.0.0/43295] WARN  impl.MetricsConfig (MetricsConfig.java:loadFirst(136)) - Cannot locate configuration: tried hadoop-metrics2-storagecontainermanager.properties,hadoop-metrics2.properties
2022-07-12 23:23:44,181 [Listener at 0.0.0.0/43295] INFO  impl.MetricsSystemImpl (MetricsSystemImpl.java:startTimer(378)) - Scheduled Metric snapshot period at 10 second(s).
2022-07-12 23:23:44,181 [Listener at 0.0.0.0/43295] INFO  impl.MetricsSystemImpl (MetricsSystemImpl.java:start(191)) - StorageContainerManager metrics system started
2022-07-12 23:23:44,285 [Listener at 0.0.0.0/43295] INFO  impl.MetricsSinkAdapter (MetricsSinkAdapter.java:start(204)) - Sink prometheus started
2022-07-12 23:23:44,285 [Listener at 0.0.0.0/43295] INFO  impl.MetricsSystemImpl (MetricsSystemImpl.java:registerSink(305)) - Registered sink prometheus
2022-07-12 23:23:44,369 [Listener at 0.0.0.0/43295] INFO  server.SCMClientProtocolServer (SCMClientProtocolServer.java:start(170)) - RPC server for Client  is listening at /0.0.0.0:43295
2022-07-12 23:23:44,373 [IPC Server Responder] INFO  ipc.Server (Server.java:run(1507)) - IPC Server Responder: starting
2022-07-12 23:23:44,373 [IPC Server listener on 0] INFO  ipc.Server (Server.java:run(1344)) - IPC Server listener on 0: starting
2022-07-12 23:23:44,375 [Listener at 0.0.0.0/43295] INFO  server.StorageContainerManager (StorageContainerManager.java:start(1437)) - ScmBlockLocationProtocol RPC server is listening at /0.0.0.0:41419
2022-07-12 23:23:44,376 [Listener at 0.0.0.0/43295] INFO  server.SCMBlockProtocolServer (SCMBlockProtocolServer.java:start(152)) - RPC server for Block Protocol is listening at /0.0.0.0:41419
2022-07-12 23:23:44,376 [IPC Server Responder] INFO  ipc.Server (Server.java:run(1507)) - IPC Server Responder: starting
2022-07-12 23:23:44,376 [IPC Server listener on 0] INFO  ipc.Server (Server.java:run(1344)) - IPC Server listener on 0: starting
2022-07-12 23:23:44,410 [Listener at 0.0.0.0/43295] INFO  server.SCMDatanodeProtocolServer (SCMDatanodeProtocolServer.java:start(186)) - ScmDatanodeProtocol RPC server for DataNodes is listening at /0.0.0.0:36479
2022-07-12 23:23:44,410 [IPC Server Responder] INFO  ipc.Server (Server.java:run(1507)) - IPC Server Responder: starting
2022-07-12 23:23:44,411 [IPC Server listener on 0] INFO  ipc.Server (Server.java:run(1344)) - IPC Server listener on 0: starting
2022-07-12 23:23:44,429 [Listener at 0.0.0.0/43295] INFO  http.BaseHttpServer (BaseHttpServer.java:newHttpServer2BuilderForOzone(209)) - Starting Web-server for scm at: http://0.0.0.0:0
2022-07-12 23:23:44,429 [Listener at 0.0.0.0/43295] INFO  http.BaseHttpServer (BaseHttpServer.java:<init>(107)) - Hadoop Security Enabled: false Ozone Security Enabled: false Ozone HTTP Security Enabled: false 
2022-07-12 23:23:44,430 [Listener at 0.0.0.0/43295] INFO  server.AuthenticationFilter (AuthenticationFilter.java:constructSecretProvider(240)) - Unable to initialize FileSignerSecretProvider, falling back to use random secrets.
2022-07-12 23:23:44,445 [Listener at 0.0.0.0/43295] WARN  http.HttpRequestLog (HttpRequestLog.java:getRequestLog(103)) - Jetty request log can only be enabled using Log4j
2022-07-12 23:23:44,445 [org.apache.hadoop.util.JvmPauseMonitor$Monitor@2353aed6] INFO  util.JvmPauseMonitor (JvmPauseMonitor.java:run(188)) - Starting JVM pause monitor
2022-07-12 23:23:44,481 [Listener at 0.0.0.0/43295] INFO  http.HttpServer2 (HttpServer2.java:addGlobalFilter(1029)) - Added global filter 'safety' (class=org.apache.hadoop.hdds.server.http.HttpServer2$QuotingInputFilter)
2022-07-12 23:23:44,491 [Listener at 0.0.0.0/43295] INFO  http.HttpServer2 (HttpServer2.java:addFilter(1005)) - Added filter static_user_filter (class=org.apache.hadoop.http.lib.StaticUserWebFilter$StaticUserFilter) to context scm
2022-07-12 23:23:44,491 [Listener at 0.0.0.0/43295] INFO  http.HttpServer2 (HttpServer2.java:addFilter(1013)) - Added filter static_user_filter (class=org.apache.hadoop.http.lib.StaticUserWebFilter$StaticUserFilter) to context static
2022-07-12 23:23:44,491 [Listener at 0.0.0.0/43295] INFO  http.HttpServer2 (HttpServer2.java:addFilter(1013)) - Added filter static_user_filter (class=org.apache.hadoop.http.lib.StaticUserWebFilter$StaticUserFilter) to context logs
2022-07-12 23:23:44,492 [Listener at 0.0.0.0/43295] INFO  http.HttpServer2 (HttpServer2.java:bindListener(1248)) - Jetty bound to port 33577
2022-07-12 23:23:44,492 [Listener at 0.0.0.0/43295] INFO  server.Server (Server.java:doStart(375)) - jetty-9.4.43.v20210629; built: 2021-06-30T11:07:22.254Z; git: 526006ecfa3af7f1a27ef3a288e2bef7ea9dd7e8; jvm 1.8.0_332-b09
2022-07-12 23:23:44,566 [Listener at 0.0.0.0/43295] INFO  server.session (DefaultSessionIdManager.java:doStart(334)) - DefaultSessionIdManager workerName=node0
2022-07-12 23:23:44,567 [Listener at 0.0.0.0/43295] INFO  server.session (DefaultSessionIdManager.java:doStart(339)) - No SessionScavenger set, using defaults
2022-07-12 23:23:44,567 [Listener at 0.0.0.0/43295] INFO  server.session (HouseKeeper.java:startScavenging(132)) - node0 Scavenging every 600000ms
2022-07-12 23:23:44,567 [Listener at 0.0.0.0/43295] INFO  handler.ContextHandler (ContextHandler.java:doStart(915)) - Started o.e.j.s.ServletContextHandler@270ed861{logs,/logs,file:///home/runner/work/ozone/ozone/hadoop-ozone/integration-test/target/log,AVAILABLE}
2022-07-12 23:23:44,568 [Listener at 0.0.0.0/43295] INFO  handler.ContextHandler (ContextHandler.java:doStart(915)) - Started o.e.j.s.ServletContextHandler@33ac4ea9{static,/static,file:///home/runner/work/ozone/ozone/hadoop-ozone/integration-test/target/test-classes/webapps/static,AVAILABLE}
2022-07-12 23:23:44,570 [Listener at 0.0.0.0/43295] INFO  handler.ContextHandler (ContextHandler.java:doStart(915)) - Started o.e.j.w.WebAppContext@12696f2e{scm,/,file:///home/runner/work/ozone/ozone/hadoop-ozone/integration-test/target/test-classes/webapps/scm/,AVAILABLE}{file:/home/runner/work/ozone/ozone/hadoop-ozone/integration-test/target/test-classes/webapps/scm}
2022-07-12 23:23:44,607 [Listener at 0.0.0.0/43295] INFO  server.AbstractConnector (AbstractConnector.java:doStart(331)) - Started ServerConnector@5c643739{HTTP/1.1, (http/1.1)}{0.0.0.0:33577}
2022-07-12 23:23:44,607 [Listener at 0.0.0.0/43295] INFO  server.Server (Server.java:doStart(415)) - Started @224081ms
2022-07-12 23:23:44,607 [Listener at 0.0.0.0/43295] WARN  impl.MetricsSystemImpl (MetricsSystemImpl.java:register(279)) - Sink prometheus already exists!
2022-07-12 23:23:44,608 [Listener at 0.0.0.0/43295] INFO  http.BaseHttpServer (BaseHttpServer.java:updateConnectorAddress(329)) - HTTP server of scm listening at http://0.0.0.0:33577
2022-07-12 23:23:44,608 [Listener at 0.0.0.0/43295] WARN  server.ServerUtils (ServerUtils.java:getDBPath(225)) - ozone.om.db.dirs is not configured. We recommend adding this setting. Falling back to ozone.metadata.dirs instead.
2022-07-12 23:23:44,617 [Listener at 0.0.0.0/43295] INFO  ha.OMHANodeDetails (OMHANodeDetails.java:loadOMHAConfig(115)) - ozone.om.internal.service.id is not defined, falling back to ozone.om.service.ids to find serviceID for OzoneManager if it is HA enabled cluster
2022-07-12 23:23:44,617 [Listener at 0.0.0.0/43295] INFO  ha.OMHANodeDetails (OMHANodeDetails.java:loadOMHAConfig(226)) - Configuration does not have ozone.om.address set. Falling back to the default OM address /127.0.0.1:0
2022-07-12 23:23:44,617 [Listener at 0.0.0.0/43295] INFO  ha.OMHANodeDetails (OMHANodeDetails.java:getOMNodeDetailsForNonHA(254)) - OM Service ID is not set. Setting it to the default ID: omServiceIdDefault
2022-07-12 23:23:44,617 [Listener at 0.0.0.0/43295] INFO  ha.OMHANodeDetails (OMHANodeDetails.java:getOMNodeDetailsForNonHA(261)) - OM Node ID is not set. Setting it to the default ID: om1
2022-07-12 23:23:44,617 [Listener at 0.0.0.0/43295] WARN  server.ServerUtils (ServerUtils.java:getDBPath(225)) - ozone.om.db.dirs is not configured. We recommend adding this setting. Falling back to ozone.metadata.dirs instead.
2022-07-12 23:23:44,618 [Listener at 0.0.0.0/43295] INFO  upgrade.AbstractLayoutVersionManager (AbstractLayoutVersionManager.java:init(83)) - Initializing Layout version manager with metadata layout = MULTITENANCY_SCHEMA (version = 3), software layout = MULTITENANCY_SCHEMA (version = 3)
2022-07-12 23:23:45,054 [Listener at 0.0.0.0/43295] INFO  reflections.Reflections (Reflections.java:scan(232)) - Reflections took 435 ms to scan 2 urls, producing 153 keys and 430 values [using 2 cores]
2022-07-12 23:23:45,055 [Listener at 0.0.0.0/43295] INFO  upgrade.OMLayoutVersionManager (OMLayoutVersionManager.java:lambda$0(115)) - Skipping Upgrade Action MockOmUpgradeAction since it has been finalized.
2022-07-12 23:23:45,055 [Listener at 0.0.0.0/43295] WARN  server.ServerUtils (ServerUtils.java:getDBPath(225)) - ozone.om.db.dirs is not configured. We recommend adding this setting. Falling back to ozone.metadata.dirs instead.
2022-07-12 23:23:45,055 [Listener at 0.0.0.0/43295] INFO  proxy.SCMBlockLocationFailoverProxyProvider (SCMBlockLocationFailoverProxyProvider.java:<init>(114)) - Created block location fail-over proxy with 1 nodes: [nodeId=scmNodeId,nodeAddress=/0.0.0.0:41419]
2022-07-12 23:23:45,056 [Listener at 0.0.0.0/43295] INFO  proxy.SCMBlockLocationFailoverProxyProvider (SCMBlockLocationFailoverProxyProvider.java:<init>(114)) - Created block location fail-over proxy with 1 nodes: [nodeId=scmNodeId,nodeAddress=/0.0.0.0:41419]
2022-07-12 23:23:45,134 [Listener at 0.0.0.0/43295] WARN  server.ServerUtils (ServerUtils.java:getDBPath(225)) - ozone.om.db.dirs is not configured. We recommend adding this setting. Falling back to ozone.metadata.dirs instead.
2022-07-12 23:23:45,134 [Listener at 0.0.0.0/43295] INFO  codec.OmKeyInfoCodec (OmKeyInfoCodec.java:<init>(49)) - OmKeyInfoCodec ignorePipeline = true
2022-07-12 23:23:45,134 [Listener at 0.0.0.0/43295] INFO  codec.RepeatedOmKeyInfoCodec (RepeatedOmKeyInfoCodec.java:<init>(41)) - RepeatedOmKeyInfoCodec ignorePipeline = true
2022-07-12 23:23:45,665 [Listener at 0.0.0.0/43295] INFO  om.OzoneManager (OzoneManager.java:instantiateServices(692)) - S3 Multi-Tenancy is disabled
2022-07-12 23:23:45,680 [Listener at 0.0.0.0/43295] INFO  om.OzoneManager (OzoneManager.java:addS3GVolumeToDB(4259)) - Created Volume s3v With Owner runner required for S3Gateway operations.
2022-07-12 23:23:45,680 [Listener at 0.0.0.0/43295] WARN  server.ServerUtils (ServerUtils.java:getDefaultRatisDirectory(237)) - Storage directory for Ratis is not configured. It is a good idea to map this to an SSD disk. Falling back to ozone.metadata.dirs
2022-07-12 23:23:45,680 [Listener at 0.0.0.0/43295] WARN  utils.OzoneManagerRatisUtils (OzoneManagerRatisUtils.java:getOMRatisSnapshotDirectory(431)) - ozone.om.ratis.snapshot.dir is not configured. Falling back to ozone.metadata.dirs config
2022-07-12 23:23:45,680 [Listener at 0.0.0.0/43295] WARN  server.ServerUtils (ServerUtils.java:getDefaultRatisDirectory(237)) - Storage directory for Ratis is not configured. It is a good idea to map this to an SSD disk. Falling back to ozone.metadata.dirs
2022-07-12 23:23:45,690 [Listener at 0.0.0.0/43295] INFO  ratis.OzoneManagerRatisServer (OzoneManagerRatisServer.java:<init>(159)) - Instantiating OM Ratis server with groupID: omServiceIdDefault and peers: localhost:9872
2022-07-12 23:23:45,690 [Listener at 0.0.0.0/43295] INFO  ratis.OzoneManagerStateMachine (OzoneManagerStateMachine.java:loadSnapshotInfoFromDB(632)) - LastAppliedIndex is set from TransactionInfo from OM DB as (t:0, i:~)
2022-07-12 23:23:45,693 [Listener at 0.0.0.0/43295] INFO  server.RaftServer (ConfUtils.java:logGet(46)) - raft.rpc.type = GRPC (default)
2022-07-12 23:23:45,693 [Listener at 0.0.0.0/43295] INFO  grpc.GrpcFactory (GrpcFactory.java:checkPooledByteBufAllocatorUseCacheForAllThreads(48)) - PERFORMANCE WARNING: useCacheForAllThreads is true that may cause Netty to create a lot garbage objects and, as a result, trigger GC.
	It is recommended to disable useCacheForAllThreads by setting -Dorg.apache.ratis.thirdparty.io.netty.allocator.useCacheForAllThreads=false in command line.
2022-07-12 23:23:45,694 [Listener at 0.0.0.0/43295] INFO  grpc.GrpcConfigKeys (ConfUtils.java:logGet(46)) - raft.grpc.admin.port = -1 (default)
2022-07-12 23:23:45,694 [Listener at 0.0.0.0/43295] INFO  grpc.GrpcConfigKeys (ConfUtils.java:logGet(46)) - raft.grpc.server.port = 9872 (custom)
2022-07-12 23:23:45,694 [Listener at 0.0.0.0/43295] INFO  grpc.GrpcConfigKeys (ConfUtils.java:logGet(46)) - raft.grpc.client.port = -1 (default)
2022-07-12 23:23:45,694 [Listener at 0.0.0.0/43295] INFO  grpc.GrpcConfigKeys (ConfUtils.java:logGet(46)) - raft.grpc.server.port = 9872 (custom)
2022-07-12 23:23:45,694 [Listener at 0.0.0.0/43295] INFO  grpc.GrpcConfigKeys (ConfUtils.java:logGet(46)) - raft.grpc.server.port = 9872 (custom)
2022-07-12 23:23:45,694 [Listener at 0.0.0.0/43295] INFO  server.GrpcService (ConfUtils.java:logGet(46)) - raft.grpc.message.size.max = 33554432 (custom)
2022-07-12 23:23:45,694 [Listener at 0.0.0.0/43295] INFO  server.RaftServerConfigKeys (ConfUtils.java:logGet(46)) - raft.server.log.appender.buffer.byte-limit = 33554432 (custom)
2022-07-12 23:23:45,694 [Listener at 0.0.0.0/43295] INFO  server.GrpcService (ConfUtils.java:logGet(46)) - raft.grpc.flow.control.window = 1MB (=1048576) (default)
2022-07-12 23:23:45,694 [Listener at 0.0.0.0/43295] INFO  server.RaftServerConfigKeys (ConfUtils.java:logGet(46)) - raft.server.rpc.request.timeout = 3000ms (default)
2022-07-12 23:23:45,694 [Listener at 0.0.0.0/43295] INFO  grpc.GrpcConfigKeys (ConfUtils.java:logGet(46)) - raft.grpc.server.async.request.thread.pool.cached = true (default)
2022-07-12 23:23:45,694 [Listener at 0.0.0.0/43295] INFO  grpc.GrpcConfigKeys (ConfUtils.java:logGet(46)) - raft.grpc.server.async.request.thread.pool.size = 32 (default)
2022-07-12 23:23:45,696 [Listener at 0.0.0.0/43295] INFO  impl.DataStreamServerImpl (ConfUtils.java:logGet(46)) - raft.datastream.type = DISABLED (default)
2022-07-12 23:23:45,696 [Listener at 0.0.0.0/43295] INFO  server.RaftServerConfigKeys (ConfUtils.java:logGet(46)) - raft.server.threadpool.proxy.cached = true (default)
2022-07-12 23:23:45,696 [Listener at 0.0.0.0/43295] INFO  server.RaftServerConfigKeys (ConfUtils.java:logGet(46)) - raft.server.threadpool.proxy.size = 0 (default)
2022-07-12 23:23:45,696 [Listener at 0.0.0.0/43295] INFO  server.RaftServerConfigKeys (ConfUtils.java:logGet(46)) - raft.server.rpc.slowness.timeout = 120s (custom)
2022-07-12 23:23:45,696 [Listener at 0.0.0.0/43295] INFO  server.RaftServerConfigKeys (ConfUtils.java:logGet(46)) - raft.server.leaderelection.leader.step-down.wait-time = 10s (default)
2022-07-12 23:23:45,696 [Listener at 0.0.0.0/43295] INFO  server.RaftServerConfigKeys (ConfUtils.java:logGet(46)) - raft.server.storage.dir = [/home/runner/work/ozone/ozone/hadoop-ozone/integration-test/target/test-dir/MiniOzoneClusterImpl-c1953583-3267-45ac-aa0d-78ee30f3dc89/ozone-meta/ratis] (custom)
2022-07-12 23:23:45,697 [Listener at 0.0.0.0/43295] INFO  server.RaftServer (RaftServerProxy.java:addNew(96)) - om1: addNew group-C5BA1605619E:[om1|rpc:localhost:9872|priority:0] returns group-C5BA1605619E:java.util.concurrent.CompletableFuture@7e0d8de[Not completed]
2022-07-12 23:23:45,697 [Listener at 0.0.0.0/43295] INFO  om.OzoneManager (OzoneManager.java:initializeRatisServer(1961)) - OzoneManager Ratis server initialized at port 9872
2022-07-12 23:23:45,698 [Listener at 0.0.0.0/43295] INFO  om.OzoneManager (OzoneManager.java:getRpcServer(1081)) - Creating RPC Server
2022-07-12 23:23:45,699 [pool-834-thread-1] INFO  server.RaftServer$Division (RaftServerImpl.java:<init>(190)) - om1: new RaftServerImpl for group-C5BA1605619E:[om1|rpc:localhost:9872|priority:0] with OzoneManagerStateMachine:uninitialized
2022-07-12 23:23:45,699 [pool-834-thread-1] INFO  server.RaftServerConfigKeys (ConfUtils.java:logGet(46)) - raft.server.rpc.timeout.min = 1s (custom)
2022-07-12 23:23:45,699 [pool-834-thread-1] INFO  server.RaftServerConfigKeys (ConfUtils.java:logGet(46)) - raft.server.rpc.timeout.max = 1200ms (custom)
2022-07-12 23:23:45,699 [pool-834-thread-1] INFO  server.RaftServerConfigKeys (ConfUtils.java:logGet(46)) - raft.server.rpc.sleep.time = 25ms (default)
2022-07-12 23:23:45,699 [pool-834-thread-1] INFO  server.RaftServerConfigKeys (ConfUtils.java:logGet(46)) - raft.server.rpc.slowness.timeout = 120s (custom)
2022-07-12 23:23:45,699 [pool-834-thread-1] INFO  server.RaftServerConfigKeys (ConfUtils.java:logGet(46)) - raft.server.leaderelection.leader.step-down.wait-time = 10s (default)
2022-07-12 23:23:45,699 [pool-834-thread-1] INFO  server.RaftServerConfigKeys (ConfUtils.java:logGet(46)) - raft.server.sleep.deviation.threshold = 300ms (default)
2022-07-12 23:23:45,699 [pool-834-thread-1] INFO  server.RaftServer$Division (ServerState.java:<init>(107)) - om1@group-C5BA1605619E: ConfigurationManager, init=-1: [om1|rpc:localhost:9872|priority:0], old=null, confs=<EMPTY_MAP>
2022-07-12 23:23:45,699 [pool-834-thread-1] INFO  server.RaftServerConfigKeys (ConfUtils.java:logGet(46)) - raft.server.storage.dir = [/home/runner/work/ozone/ozone/hadoop-ozone/integration-test/target/test-dir/MiniOzoneClusterImpl-c1953583-3267-45ac-aa0d-78ee30f3dc89/ozone-meta/ratis] (custom)
2022-07-12 23:23:45,700 [pool-834-thread-1] INFO  server.RaftServerConfigKeys (ConfUtils.java:logGet(46)) - raft.server.log.corruption.policy = EXCEPTION (default)
2022-07-12 23:23:45,700 [pool-834-thread-1] INFO  server.RaftServerConfigKeys (ConfUtils.java:logGet(46)) - raft.server.storage.free-space.min = 0MB (=0) (default)
2022-07-12 23:23:45,700 [pool-834-thread-1] INFO  storage.RaftStorageDirectory (RaftStorageDirectoryImpl.java:analyzeStorage(135)) - The storage directory /home/runner/work/ozone/ozone/hadoop-ozone/integration-test/target/test-dir/MiniOzoneClusterImpl-c1953583-3267-45ac-aa0d-78ee30f3dc89/ozone-meta/ratis/bf265839-605b-3f16-9796-c5ba1605619e does not exist. Creating ...
2022-07-12 23:23:45,701 [pool-834-thread-1] INFO  storage.RaftStorageDirectory (RaftStorageDirectoryImpl.java:tryLock(230)) - Lock on /home/runner/work/ozone/ozone/hadoop-ozone/integration-test/target/test-dir/MiniOzoneClusterImpl-c1953583-3267-45ac-aa0d-78ee30f3dc89/ozone-meta/ratis/bf265839-605b-3f16-9796-c5ba1605619e/in_use.lock acquired by nodename 30948@fv-az46-473
2022-07-12 23:23:45,703 [pool-834-thread-1] INFO  storage.RaftStorage (RaftStorageImpl.java:format(89)) - Storage directory /home/runner/work/ozone/ozone/hadoop-ozone/integration-test/target/test-dir/MiniOzoneClusterImpl-c1953583-3267-45ac-aa0d-78ee30f3dc89/ozone-meta/ratis/bf265839-605b-3f16-9796-c5ba1605619e has been successfully formatted.
2022-07-12 23:23:45,717 [pool-834-thread-1] INFO  server.RaftServerConfigKeys (ConfUtils.java:logGet(46)) - raft.server.notification.no-leader.timeout = 120s (custom)
2022-07-12 23:23:45,717 [pool-834-thread-1] INFO  server.RaftServerConfigKeys (ConfUtils.java:logGet(46)) - raft.server.log.use.memory = false (default)
2022-07-12 23:23:45,717 [pool-834-thread-1] INFO  server.RaftServerConfigKeys (ConfUtils.java:logGet(46)) - raft.server.log.purge.gap = 1000000 (custom)
2022-07-12 23:23:45,717 [pool-834-thread-1] INFO  server.RaftServerConfigKeys (ConfUtils.java:logGet(46)) - raft.server.log.appender.buffer.byte-limit = 33554432 (custom)
2022-07-12 23:23:45,717 [pool-834-thread-1] INFO  server.RaftServerConfigKeys (ConfUtils.java:logGet(46)) - raft.server.log.statemachine.data.read.timeout = 1000ms (default)
2022-07-12 23:23:45,717 [pool-834-thread-1] INFO  server.RaftServerConfigKeys (ConfUtils.java:logGet(46)) - raft.server.log.segment.size.max = 4194304 (custom)
2022-07-12 23:23:45,718 [pool-834-thread-1] INFO  server.RaftServerConfigKeys (ConfUtils.java:logGet(46)) - raft.server.log.segment.cache.num.max = 2 (custom)
2022-07-12 23:23:45,718 [pool-834-thread-1] INFO  server.RaftServerConfigKeys (ConfUtils.java:logGet(46)) - raft.server.log.segment.cache.size.max = 200MB (=209715200) (default)
2022-07-12 23:23:45,718 [pool-834-thread-1] INFO  segmented.SegmentedRaftLogWorker (SegmentedRaftLogWorker.java:<init>(187)) - new om1@group-C5BA1605619E-SegmentedRaftLogWorker for RaftStorageImpl:Storage Directory /home/runner/work/ozone/ozone/hadoop-ozone/integration-test/target/test-dir/MiniOzoneClusterImpl-c1953583-3267-45ac-aa0d-78ee30f3dc89/ozone-meta/ratis/bf265839-605b-3f16-9796-c5ba1605619e
2022-07-12 23:23:45,718 [pool-834-thread-1] INFO  server.RaftServerConfigKeys (ConfUtils.java:logGet(46)) - raft.server.log.queue.byte-limit = 64MB (=67108864) (default)
2022-07-12 23:23:45,718 [pool-834-thread-1] INFO  server.RaftServerConfigKeys (ConfUtils.java:logGet(46)) - raft.server.log.queue.element-limit = 4096 (default)
2022-07-12 23:23:45,718 [pool-834-thread-1] INFO  server.RaftServerConfigKeys (ConfUtils.java:logGet(46)) - raft.server.log.segment.size.max = 4194304 (custom)
2022-07-12 23:23:45,718 [pool-834-thread-1] INFO  server.RaftServerConfigKeys (ConfUtils.java:logGet(46)) - raft.server.log.preallocated.size = 4194304 (custom)
2022-07-12 23:23:45,718 [pool-834-thread-1] INFO  server.RaftServerConfigKeys (ConfUtils.java:logGet(46)) - raft.server.log.force.sync.num = 128 (default)
2022-07-12 23:23:45,718 [pool-834-thread-1] INFO  server.RaftServerConfigKeys (ConfUtils.java:logGet(46)) - raft.server.log.statemachine.data.sync = true (default)
2022-07-12 23:23:45,718 [pool-834-thread-1] INFO  server.RaftServerConfigKeys (ConfUtils.java:logGet(46)) - raft.server.log.statemachine.data.sync.timeout = 10s (default)
2022-07-12 23:23:45,718 [pool-834-thread-1] INFO  server.RaftServerConfigKeys (ConfUtils.java:logGet(46)) - raft.server.log.statemachine.data.sync.timeout.retry = -1 (default)
2022-07-12 23:23:45,758 [pool-834-thread-1] INFO  server.RaftServerConfigKeys (ConfUtils.java:logGet(46)) - raft.server.log.write.buffer.size = 64KB (=65536) (default)
2022-07-12 23:23:45,758 [pool-834-thread-1] INFO  server.RaftServerConfigKeys (ConfUtils.java:logGet(46)) - raft.server.log.unsafe-flush.enabled = false (default)
2022-07-12 23:23:45,758 [pool-834-thread-1] INFO  server.RaftServerConfigKeys (ConfUtils.java:logGet(46)) - raft.server.log.statemachine.data.caching.enabled = false (default)
2022-07-12 23:23:45,758 [pool-834-thread-1] INFO  segmented.SegmentedRaftLogWorker (SegmentedRaftLogWorker.java:lambda$new$0(135)) - om1@group-C5BA1605619E-SegmentedRaftLogWorker: flushIndex: setUnconditionally 0 -> -1
2022-07-12 23:23:45,758 [pool-834-thread-1] INFO  segmented.SegmentedRaftLogWorker (SegmentedRaftLogWorker.java:lambda$new$0(135)) - om1@group-C5BA1605619E-SegmentedRaftLogWorker: safeCacheEvictIndex: setUnconditionally 0 -> -1
2022-07-12 23:23:45,813 [pool-834-thread-1] INFO  server.RaftServerConfigKeys (ConfUtils.java:logGet(46)) - raft.server.snapshot.auto.trigger.enabled = true (custom)
2022-07-12 23:23:45,813 [pool-834-thread-1] INFO  server.RaftServerConfigKeys (ConfUtils.java:logGet(46)) - raft.server.snapshot.auto.trigger.threshold = 400000 (default)
2022-07-12 23:23:45,813 [pool-834-thread-1] INFO  server.RaftServerConfigKeys (ConfUtils.java:logGet(46)) - raft.server.snapshot.retention.file.num = -1 (default)
2022-07-12 23:23:45,813 [pool-834-thread-1] INFO  server.RaftServerConfigKeys (ConfUtils.java:logGet(46)) - raft.server.log.purge.upto.snapshot.index = true (custom)
2022-07-12 23:23:45,813 [pool-834-thread-1] INFO  server.RaftServerConfigKeys (ConfUtils.java:logGet(46)) - raft.server.retrycache.expirytime = 300s (custom)
2022-07-12 23:23:45,813 [pool-834-thread-1] INFO  server.RaftServerConfigKeys (ConfUtils.java:logGet(46)) - raft.server.retrycache.statistics.expirytime = 100μs (default)
2022-07-12 23:23:45,814 [pool-834-thread-1] INFO  server.RaftServerConfigKeys (ConfUtils.java:logGet(46)) - raft.server.log.appender.install.snapshot.enabled = false (custom)
2022-07-12 23:23:45,814 [pool-834-thread-1] INFO  server.RaftServerConfigKeys (ConfUtils.java:logGet(46)) - raft.server.threadpool.server.cached = true (default)
2022-07-12 23:23:45,814 [pool-834-thread-1] INFO  server.RaftServerConfigKeys (ConfUtils.java:logGet(46)) - raft.server.threadpool.server.size = 0 (default)
2022-07-12 23:23:45,814 [pool-834-thread-1] INFO  server.RaftServerConfigKeys (ConfUtils.java:logGet(46)) - raft.server.threadpool.client.cached = true (default)
2022-07-12 23:23:45,814 [pool-834-thread-1] INFO  server.RaftServerConfigKeys (ConfUtils.java:logGet(46)) - raft.server.threadpool.client.size = 0 (default)
2022-07-12 23:23:47,377 [Listener at 0.0.0.0/43295] INFO  reflections.Reflections (Reflections.java:scan(232)) - Reflections took 1678 ms to scan 19 urls, producing 66 keys and 4109 values [using 2 cores]
2022-07-12 23:23:47,379 [Listener at 0.0.0.0/43295] INFO  ipc.CallQueueManager (CallQueueManager.java:<init>(90)) - Using callQueue: class java.util.concurrent.LinkedBlockingQueue, queueCapacity: 2000, scheduler: class org.apache.hadoop.ipc.DefaultRpcScheduler, ipcBackoff: false.
2022-07-12 23:23:47,381 [Socket Reader #1 for port 0] INFO  ipc.Server (Server.java:run(1265)) - Starting Socket Reader #1 for port 0
2022-07-12 23:23:47,433 [Listener at 127.0.0.1/45473] INFO  impl.MetricsSystemImpl (MetricsSystemImpl.java:init(158)) - OzoneManager metrics system started (again)
2022-07-12 23:23:47,472 [Listener at 127.0.0.1/45473] INFO  om.OzoneManager (OzoneManager.java:start(1465)) - OzoneManager RPC server is listening at localhost/127.0.0.1:45473
2022-07-12 23:23:47,472 [Listener at 127.0.0.1/45473] INFO  ratis.OzoneManagerRatisServer (OzoneManagerRatisServer.java:start(554)) - Starting OzoneManagerRatisServer om1 at port 9872
2022-07-12 23:23:47,477 [om1-impl-thread1] INFO  server.RaftServer$Division (RaftServerImpl.java:start(310)) - om1@group-C5BA1605619E: start as a follower, conf=-1: [om1|rpc:localhost:9872|priority:0], old=null
2022-07-12 23:23:47,477 [om1-impl-thread1] INFO  server.RaftServer$Division (RaftServerImpl.java:setRole(299)) - om1@group-C5BA1605619E: changes role from      null to FOLLOWER at term 0 for startAsFollower
2022-07-12 23:23:47,477 [om1-impl-thread1] INFO  impl.RoleInfo (RoleInfo.java:updateAndGet(139)) - om1: start om1@group-C5BA1605619E-FollowerState
2022-07-12 23:23:47,503 [om1-impl-thread1] INFO  util.JmxRegister (JmxRegister.java:tryRegister(44)) - Successfully registered JMX Bean with object name Ratis:service=RaftServer,group=group-C5BA1605619E,id=om1
2022-07-12 23:23:47,537 [Listener at 127.0.0.1/45473] INFO  server.RaftServer (RaftServerProxy.java:lambda$start$6(382)) - om1: start RPC server
2022-07-12 23:23:47,587 [Listener at 127.0.0.1/45473] INFO  server.GrpcService (GrpcService.java:startImpl(260)) - om1: GrpcService started, listening on 9872
2022-07-12 23:23:47,588 [Listener at 127.0.0.1/45473] INFO  om.OzoneManager (OzoneManager.java:start(1481)) - Version File has different layout version (3) than OM DB (null). That is expected if this OM has never been finalized to a newer layout version.
2022-07-12 23:23:47,588 [org.apache.ratis.util.JvmPauseMonitor$$Lambda$613/1690937419@2297b3e1] INFO  util.JvmPauseMonitor (JvmPauseMonitor.java:run(103)) - JvmPauseMonitor-om1: Started
2022-07-12 23:23:47,619 [Listener at 127.0.0.1/45473] INFO  http.BaseHttpServer (BaseHttpServer.java:newHttpServer2BuilderForOzone(209)) - Starting Web-server for ozoneManager at: http://0.0.0.0:0
2022-07-12 23:23:47,619 [Listener at 127.0.0.1/45473] INFO  http.BaseHttpServer (BaseHttpServer.java:<init>(107)) - Hadoop Security Enabled: false Ozone Security Enabled: false Ozone HTTP Security Enabled: false 
2022-07-12 23:23:47,620 [Listener at 127.0.0.1/45473] INFO  server.AuthenticationFilter (AuthenticationFilter.java:constructSecretProvider(240)) - Unable to initialize FileSignerSecretProvider, falling back to use random secrets.
2022-07-12 23:23:47,620 [Listener at 127.0.0.1/45473] WARN  http.HttpRequestLog (HttpRequestLog.java:getRequestLog(103)) - Jetty request log can only be enabled using Log4j
2022-07-12 23:23:47,621 [Listener at 127.0.0.1/45473] INFO  http.HttpServer2 (HttpServer2.java:addGlobalFilter(1029)) - Added global filter 'safety' (class=org.apache.hadoop.hdds.server.http.HttpServer2$QuotingInputFilter)
2022-07-12 23:23:47,622 [Listener at 127.0.0.1/45473] INFO  http.HttpServer2 (HttpServer2.java:addFilter(1005)) - Added filter static_user_filter (class=org.apache.hadoop.http.lib.StaticUserWebFilter$StaticUserFilter) to context ozoneManager
2022-07-12 23:23:47,622 [Listener at 127.0.0.1/45473] INFO  http.HttpServer2 (HttpServer2.java:addFilter(1013)) - Added filter static_user_filter (class=org.apache.hadoop.http.lib.StaticUserWebFilter$StaticUserFilter) to context static
2022-07-12 23:23:47,622 [Listener at 127.0.0.1/45473] INFO  http.HttpServer2 (HttpServer2.java:addFilter(1013)) - Added filter static_user_filter (class=org.apache.hadoop.http.lib.StaticUserWebFilter$StaticUserFilter) to context logs
2022-07-12 23:23:47,622 [Listener at 127.0.0.1/45473] INFO  http.HttpServer2 (HttpServer2.java:bindListener(1248)) - Jetty bound to port 40719
2022-07-12 23:23:47,623 [Listener at 127.0.0.1/45473] INFO  server.Server (Server.java:doStart(375)) - jetty-9.4.43.v20210629; built: 2021-06-30T11:07:22.254Z; git: 526006ecfa3af7f1a27ef3a288e2bef7ea9dd7e8; jvm 1.8.0_332-b09
2022-07-12 23:23:47,624 [Listener at 127.0.0.1/45473] INFO  server.session (DefaultSessionIdManager.java:doStart(334)) - DefaultSessionIdManager workerName=node0
2022-07-12 23:23:47,625 [Listener at 127.0.0.1/45473] INFO  server.session (DefaultSessionIdManager.java:doStart(339)) - No SessionScavenger set, using defaults
2022-07-12 23:23:47,625 [Listener at 127.0.0.1/45473] INFO  server.session (HouseKeeper.java:startScavenging(132)) - node0 Scavenging every 600000ms
2022-07-12 23:23:47,625 [Listener at 127.0.0.1/45473] INFO  handler.ContextHandler (ContextHandler.java:doStart(915)) - Started o.e.j.s.ServletContextHandler@5cf4cce1{logs,/logs,file:///home/runner/work/ozone/ozone/hadoop-ozone/integration-test/target/log,AVAILABLE}
2022-07-12 23:23:47,626 [Listener at 127.0.0.1/45473] INFO  handler.ContextHandler (ContextHandler.java:doStart(915)) - Started o.e.j.s.ServletContextHandler@6a8e8a2c{static,/static,file:///home/runner/work/ozone/ozone/hadoop-ozone/integration-test/target/test-classes/webapps/static,AVAILABLE}
2022-07-12 23:23:47,628 [Listener at 127.0.0.1/45473] INFO  handler.ContextHandler (ContextHandler.java:doStart(915)) - Started o.e.j.w.WebAppContext@269d8be5{ozoneManager,/,file:///home/runner/work/ozone/ozone/hadoop-ozone/integration-test/target/test-classes/webapps/ozoneManager/,AVAILABLE}{file:/home/runner/work/ozone/ozone/hadoop-ozone/integration-test/target/test-classes/webapps/ozoneManager}
2022-07-12 23:23:47,637 [Listener at 127.0.0.1/45473] INFO  server.AbstractConnector (AbstractConnector.java:doStart(331)) - Started ServerConnector@48a61366{HTTP/1.1, (http/1.1)}{0.0.0.0:40719}
2022-07-12 23:23:47,637 [Listener at 127.0.0.1/45473] INFO  server.Server (Server.java:doStart(415)) - Started @227112ms
2022-07-12 23:23:47,637 [Listener at 127.0.0.1/45473] WARN  impl.MetricsSystemImpl (MetricsSystemImpl.java:register(279)) - Sink prometheus already exists!
2022-07-12 23:23:47,639 [Listener at 127.0.0.1/45473] INFO  http.BaseHttpServer (BaseHttpServer.java:updateConnectorAddress(329)) - HTTP server of ozoneManager listening at http://0.0.0.0:40719
2022-07-12 23:23:47,639 [IPC Server Responder] INFO  ipc.Server (Server.java:run(1507)) - IPC Server Responder: starting
2022-07-12 23:23:47,661 [IPC Server listener on 0] INFO  ipc.Server (Server.java:run(1344)) - IPC Server listener on 0: starting
2022-07-12 23:23:47,705 [Listener at 127.0.0.1/45473] INFO  om.TrashPolicyOzone (TrashPolicyOzone.java:<init>(178)) - Ozone Manager trash configuration: Deletion interval = 0 minutes, Emptier interval = 0 minutes.
2022-07-12 23:23:47,789 [org.apache.hadoop.util.JvmPauseMonitor$Monitor@22da0464] INFO  util.JvmPauseMonitor (JvmPauseMonitor.java:run(188)) - Starting JVM pause monitor
2022-07-12 23:23:47,834 [Listener at 127.0.0.1/45473] WARN  impl.MetricRegistriesImpl (MetricRegistriesImpl.java:addReporterRegistration(111)) - New reporters are added after registries were created. Some metrics will be missing from the reporter. Please add reporter before adding any new registry.
2022-07-12 23:23:47,834 [Listener at 127.0.0.1/45473] WARN  impl.MetricRegistriesImpl (MetricRegistriesImpl.java:addReporterRegistration(111)) - New reporters are added after registries were created. Some metrics will be missing from the reporter. Please add reporter before adding any new registry.
2022-07-12 23:23:47,834 [Listener at 127.0.0.1/45473] INFO  impl.MetricsSystemImpl (MetricsSystemImpl.java:init(158)) - HddsDatanode metrics system started (again)
2022-07-12 23:23:47,868 [Listener at 127.0.0.1/45473] INFO  ozone.HddsDatanodeService (HddsDatanodeService.java:start(236)) - HddsDatanodeService host:fv-az46-473.aox2mo1hufxu3kclv1weif3kjc.bx.internal.cloudapp.net ip:10.1.0.13
2022-07-12 23:23:47,979 [Listener at 127.0.0.1/45473] INFO  upgrade.AbstractLayoutVersionManager (AbstractLayoutVersionManager.java:init(83)) - Initializing Layout version manager with metadata layout = DATANODE_SCHEMA_V3 (version = 4), software layout = DATANODE_SCHEMA_V3 (version = 4)
2022-07-12 23:23:48,182 [Listener at 127.0.0.1/45473] INFO  reflections.Reflections (Reflections.java:scan(232)) - Reflections took 202 ms to scan 7 urls, producing 132 keys and 317 values 
2022-07-12 23:23:48,183 [Listener at 127.0.0.1/45473] INFO  statemachine.DatanodeStateMachine (DatanodeStateMachine.java:getEndPointTaskThreadPoolSize(237)) - Datanode State Machine Task Thread Pool size 2
2022-07-12 23:23:48,189 [Listener at 127.0.0.1/45473] INFO  volume.HddsVolume (HddsVolume.java:<init>(116)) - Creating HddsVolume: /home/runner/work/ozone/ozone/hadoop-ozone/integration-test/target/test-dir/MiniOzoneClusterImpl-c1953583-3267-45ac-aa0d-78ee30f3dc89/datanode-0/data-0/containers/hdds of storage type : DISK capacity : 9223372036854775807
2022-07-12 23:23:48,189 [Listener at 127.0.0.1/45473] INFO  volume.MutableVolumeSet (MutableVolumeSet.java:initializeVolumeSet(174)) - Added Volume : /home/runner/work/ozone/ozone/hadoop-ozone/integration-test/target/test-dir/MiniOzoneClusterImpl-c1953583-3267-45ac-aa0d-78ee30f3dc89/datanode-0/data-0/containers/hdds to VolumeSet
2022-07-12 23:23:48,189 [Listener at 127.0.0.1/45473] INFO  volume.ThrottledAsyncChecker (ThrottledAsyncChecker.java:schedule(141)) - Scheduling a check for /home/runner/work/ozone/ozone/hadoop-ozone/integration-test/target/test-dir/MiniOzoneClusterImpl-c1953583-3267-45ac-aa0d-78ee30f3dc89/datanode-0/data-0/containers/hdds
2022-07-12 23:23:48,190 [Listener at 127.0.0.1/45473] INFO  volume.StorageVolumeChecker (StorageVolumeChecker.java:checkAllVolumes(202)) - Scheduled health check for volume /home/runner/work/ozone/ozone/hadoop-ozone/integration-test/target/test-dir/MiniOzoneClusterImpl-c1953583-3267-45ac-aa0d-78ee30f3dc89/datanode-0/data-0/containers/hdds
2022-07-12 23:23:48,201 [Listener at 127.0.0.1/45473] INFO  volume.MutableVolumeSet (MutableVolumeSet.java:initializeVolumeSet(174)) - Added Volume : /home/runner/work/ozone/ozone/hadoop-ozone/integration-test/target/test-dir/MiniOzoneClusterImpl-c1953583-3267-45ac-aa0d-78ee30f3dc89/datanode-0/data/ratis to VolumeSet
2022-07-12 23:23:48,222 [Listener at 127.0.0.1/45473] INFO  volume.ThrottledAsyncChecker (ThrottledAsyncChecker.java:schedule(141)) - Scheduling a check for /home/runner/work/ozone/ozone/hadoop-ozone/integration-test/target/test-dir/MiniOzoneClusterImpl-c1953583-3267-45ac-aa0d-78ee30f3dc89/datanode-0/data/ratis
2022-07-12 23:23:48,225 [Listener at 127.0.0.1/45473] INFO  volume.StorageVolumeChecker (StorageVolumeChecker.java:checkAllVolumes(202)) - Scheduled health check for volume /home/runner/work/ozone/ozone/hadoop-ozone/integration-test/target/test-dir/MiniOzoneClusterImpl-c1953583-3267-45ac-aa0d-78ee30f3dc89/datanode-0/data/ratis
2022-07-12 23:23:48,237 [Thread-1634] INFO  ozoneimpl.ContainerReader (ContainerReader.java:readVolume(175)) - Finish verifying containers on volume /home/runner/work/ozone/ozone/hadoop-ozone/integration-test/target/test-dir/MiniOzoneClusterImpl-c1953583-3267-45ac-aa0d-78ee30f3dc89/datanode-0/data-0/containers/hdds
2022-07-12 23:23:48,238 [Listener at 127.0.0.1/45473] INFO  ozoneimpl.OzoneContainer (OzoneContainer.java:buildContainerSet(266)) - Build ContainerSet costs 0s
2022-07-12 23:23:48,240 [Listener at 127.0.0.1/45473] INFO  server.RaftServer (ConfUtils.java:logGet(46)) - raft.rpc.type = GRPC (default)
2022-07-12 23:23:48,240 [Listener at 127.0.0.1/45473] INFO  grpc.GrpcFactory (GrpcFactory.java:checkPooledByteBufAllocatorUseCacheForAllThreads(48)) - PERFORMANCE WARNING: useCacheForAllThreads is true that may cause Netty to create a lot garbage objects and, as a result, trigger GC.
	It is recommended to disable useCacheForAllThreads by setting -Dorg.apache.ratis.thirdparty.io.netty.allocator.useCacheForAllThreads=false in command line.
2022-07-12 23:23:48,240 [Listener at 127.0.0.1/45473] INFO  grpc.GrpcConfigKeys (ConfUtils.java:logGet(46)) - raft.grpc.admin.port = 0 (custom)
2022-07-12 23:23:48,240 [Listener at 127.0.0.1/45473] INFO  grpc.GrpcConfigKeys (ConfUtils.java:logGet(46)) - raft.grpc.client.port = 0 (custom)
2022-07-12 23:23:48,240 [Listener at 127.0.0.1/45473] INFO  grpc.GrpcConfigKeys (ConfUtils.java:logGet(46)) - raft.grpc.server.port = 0 (default)
2022-07-12 23:23:48,240 [Listener at 127.0.0.1/45473] INFO  server.GrpcService (ConfUtils.java:logGet(46)) - raft.grpc.message.size.max = 32MB (=33554432) (custom)
2022-07-12 23:23:48,240 [Listener at 127.0.0.1/45473] INFO  server.RaftServerConfigKeys (ConfUtils.java:logGet(46)) - raft.server.log.appender.buffer.byte-limit = 33554432 (custom)
2022-07-12 23:23:48,240 [Listener at 127.0.0.1/45473] INFO  server.GrpcService (ConfUtils.java:logGet(46)) - raft.grpc.flow.control.window = 5MB (=5242880) (custom)
2022-07-12 23:23:48,241 [Listener at 127.0.0.1/45473] INFO  server.RaftServerConfigKeys (ConfUtils.java:logGet(46)) - raft.server.rpc.request.timeout = 60s (custom)
2022-07-12 23:23:48,241 [Listener at 127.0.0.1/45473] INFO  grpc.GrpcConfigKeys (ConfUtils.java:logGet(46)) - raft.grpc.server.async.request.thread.pool.cached = true (default)
2022-07-12 23:23:48,241 [Listener at 127.0.0.1/45473] INFO  grpc.GrpcConfigKeys (ConfUtils.java:logGet(46)) - raft.grpc.server.async.request.thread.pool.size = 32 (default)
2022-07-12 23:23:48,250 [Listener at 127.0.0.1/45473] INFO  impl.DataStreamServerImpl (ConfUtils.java:logGet(46)) - raft.datastream.type = DISABLED (default)
2022-07-12 23:23:48,250 [Listener at 127.0.0.1/45473] INFO  server.RaftServerConfigKeys (ConfUtils.java:logGet(46)) - raft.server.threadpool.proxy.cached = true (default)
2022-07-12 23:23:48,251 [Listener at 127.0.0.1/45473] INFO  server.RaftServerConfigKeys (ConfUtils.java:logGet(46)) - raft.server.threadpool.proxy.size = 0 (default)
2022-07-12 23:23:48,251 [Listener at 127.0.0.1/45473] INFO  server.RaftServerConfigKeys (ConfUtils.java:logGet(46)) - raft.server.rpc.slowness.timeout = 300s (custom)
2022-07-12 23:23:48,251 [Listener at 127.0.0.1/45473] INFO  server.RaftServerConfigKeys (ConfUtils.java:logGet(46)) - raft.server.leaderelection.leader.step-down.wait-time = 10s (default)
2022-07-12 23:23:48,251 [Listener at 127.0.0.1/45473] INFO  server.RaftServerConfigKeys (ConfUtils.java:logGet(46)) - raft.server.storage.dir = [/home/runner/work/ozone/ozone/hadoop-ozone/integration-test/target/test-dir/MiniOzoneClusterImpl-c1953583-3267-45ac-aa0d-78ee30f3dc89/datanode-0/data/ratis] (custom)
2022-07-12 23:23:48,254 [Listener at 127.0.0.1/45473] INFO  server.XceiverServerGrpc (XceiverServerGrpc.java:<init>(132)) - GrpcServer channel type EpollServerSocketChannel
2022-07-12 23:23:48,257 [Listener at 127.0.0.1/45473] INFO  http.BaseHttpServer (BaseHttpServer.java:newHttpServer2BuilderForOzone(209)) - Starting Web-server for hddsDatanode at: http://0.0.0.0:0
2022-07-12 23:23:48,257 [Listener at 127.0.0.1/45473] INFO  http.BaseHttpServer (BaseHttpServer.java:<init>(107)) - Hadoop Security Enabled: false Ozone Security Enabled: false Ozone HTTP Security Enabled: false 
2022-07-12 23:23:48,258 [Listener at 127.0.0.1/45473] INFO  server.AuthenticationFilter (AuthenticationFilter.java:constructSecretProvider(240)) - Unable to initialize FileSignerSecretProvider, falling back to use random secrets.
2022-07-12 23:23:48,259 [Listener at 127.0.0.1/45473] WARN  http.HttpRequestLog (HttpRequestLog.java:getRequestLog(103)) - Jetty request log can only be enabled using Log4j
2022-07-12 23:23:48,260 [Listener at 127.0.0.1/45473] INFO  http.HttpServer2 (HttpServer2.java:addGlobalFilter(1029)) - Added global filter 'safety' (class=org.apache.hadoop.hdds.server.http.HttpServer2$QuotingInputFilter)
2022-07-12 23:23:48,260 [Listener at 127.0.0.1/45473] INFO  http.HttpServer2 (HttpServer2.java:addFilter(1005)) - Added filter static_user_filter (class=org.apache.hadoop.http.lib.StaticUserWebFilter$StaticUserFilter) to context hddsDatanode
2022-07-12 23:23:48,260 [Listener at 127.0.0.1/45473] INFO  http.HttpServer2 (HttpServer2.java:addFilter(1013)) - Added filter static_user_filter (class=org.apache.hadoop.http.lib.StaticUserWebFilter$StaticUserFilter) to context logs
2022-07-12 23:23:48,260 [Listener at 127.0.0.1/45473] INFO  http.HttpServer2 (HttpServer2.java:addFilter(1013)) - Added filter static_user_filter (class=org.apache.hadoop.http.lib.StaticUserWebFilter$StaticUserFilter) to context static
2022-07-12 23:23:48,260 [Listener at 127.0.0.1/45473] INFO  http.HttpServer2 (HttpServer2.java:bindListener(1248)) - Jetty bound to port 42563
2022-07-12 23:23:48,261 [Listener at 127.0.0.1/45473] INFO  server.Server (Server.java:doStart(375)) - jetty-9.4.43.v20210629; built: 2021-06-30T11:07:22.254Z; git: 526006ecfa3af7f1a27ef3a288e2bef7ea9dd7e8; jvm 1.8.0_332-b09
2022-07-12 23:23:48,262 [Listener at 127.0.0.1/45473] INFO  server.session (DefaultSessionIdManager.java:doStart(334)) - DefaultSessionIdManager workerName=node0
2022-07-12 23:23:48,262 [Listener at 127.0.0.1/45473] INFO  server.session (DefaultSessionIdManager.java:doStart(339)) - No SessionScavenger set, using defaults
2022-07-12 23:23:48,262 [Listener at 127.0.0.1/45473] INFO  server.session (HouseKeeper.java:startScavenging(132)) - node0 Scavenging every 660000ms
2022-07-12 23:23:48,263 [Listener at 127.0.0.1/45473] INFO  handler.ContextHandler (ContextHandler.java:doStart(915)) - Started o.e.j.s.ServletContextHandler@4b7bd88a{logs,/logs,file:///home/runner/work/ozone/ozone/hadoop-ozone/integration-test/target/log,AVAILABLE}
2022-07-12 23:23:48,263 [Listener at 127.0.0.1/45473] INFO  handler.ContextHandler (ContextHandler.java:doStart(915)) - Started o.e.j.s.ServletContextHandler@3c50ac62{static,/static,jar:file:/home/runner/.m2/repository/org/apache/ozone/hdds-container-service/1.3.0-SNAPSHOT/hdds-container-service-1.3.0-SNAPSHOT.jar!/webapps/static,AVAILABLE}
2022-07-12 23:23:48,518 [om1@group-C5BA1605619E-FollowerState] INFO  impl.FollowerState (FollowerState.java:run(143)) - om1@group-C5BA1605619E-FollowerState: change to CANDIDATE, lastRpcElapsedTime:1040906273ns, electionTimeout:1013ms
2022-07-12 23:23:48,518 [om1@group-C5BA1605619E-FollowerState] INFO  impl.RoleInfo (RoleInfo.java:shutdownFollowerState(110)) - om1: shutdown om1@group-C5BA1605619E-FollowerState
2022-07-12 23:23:48,518 [om1@group-C5BA1605619E-FollowerState] INFO  server.RaftServer$Division (RaftServerImpl.java:setRole(299)) - om1@group-C5BA1605619E: changes role from  FOLLOWER to CANDIDATE at term 0 for changeToCandidate
2022-07-12 23:23:48,518 [om1@group-C5BA1605619E-FollowerState] INFO  server.RaftServerConfigKeys (ConfUtils.java:logGet(46)) - raft.server.leaderelection.pre-vote = false (custom)
2022-07-12 23:23:48,518 [om1@group-C5BA1605619E-FollowerState] INFO  impl.RoleInfo (RoleInfo.java:updateAndGet(139)) - om1: start om1@group-C5BA1605619E-LeaderElection53
2022-07-12 23:23:48,600 [om1@group-C5BA1605619E-LeaderElection53] INFO  impl.LeaderElection (LeaderElection.java:askForVotes(310)) - om1@group-C5BA1605619E-LeaderElection53 ELECTION round 0: submit vote requests at term 1 for -1: [om1|rpc:localhost:9872|priority:0], old=null
2022-07-12 23:23:48,600 [om1@group-C5BA1605619E-LeaderElection53] INFO  impl.LeaderElection (LeaderElection.java:askForVotes(312)) - om1@group-C5BA1605619E-LeaderElection53 ELECTION round 0: result PASSED (term=1)
2022-07-12 23:23:48,600 [om1@group-C5BA1605619E-LeaderElection53] INFO  impl.RoleInfo (RoleInfo.java:shutdownLeaderElection(130)) - om1: shutdown om1@group-C5BA1605619E-LeaderElection53
2022-07-12 23:23:48,600 [om1@group-C5BA1605619E-LeaderElection53] INFO  server.RaftServer$Division (RaftServerImpl.java:setRole(299)) - om1@group-C5BA1605619E: changes role from CANDIDATE to LEADER at term 1 for changeToLeader
2022-07-12 23:23:48,600 [om1@group-C5BA1605619E-LeaderElection53] INFO  server.RaftServer$Division (ServerState.java:setLeader(287)) - om1@group-C5BA1605619E: change Leader from null to om1 at term 1 for becomeLeader, leader elected after 2883ms
2022-07-12 23:23:48,600 [om1@group-C5BA1605619E-LeaderElection53] INFO  server.RaftServerConfigKeys (ConfUtils.java:logGet(46)) - raft.server.staging.catchup.gap = 1000 (default)
2022-07-12 23:23:48,601 [om1@group-C5BA1605619E-LeaderElection53] INFO  server.RaftServerConfigKeys (ConfUtils.java:logGet(46)) - raft.server.write.element-limit = 4096 (default)
2022-07-12 23:23:48,601 [om1@group-C5BA1605619E-LeaderElection53] INFO  server.RaftServerConfigKeys (ConfUtils.java:logGet(46)) - raft.server.write.byte-limit = 64MB (=67108864) (default)
2022-07-12 23:23:48,601 [om1@group-C5BA1605619E-LeaderElection53] INFO  server.RaftServerConfigKeys (ConfUtils.java:logGet(46)) - raft.server.watch.timeout = 10s (default)
2022-07-12 23:23:48,601 [om1@group-C5BA1605619E-LeaderElection53] INFO  server.RaftServerConfigKeys (ConfUtils.java:logGet(46)) - raft.server.watch.timeout.denomination = 1s (default)
2022-07-12 23:23:48,601 [om1@group-C5BA1605619E-LeaderElection53] INFO  server.RaftServerConfigKeys (ConfUtils.java:logGet(46)) - raft.server.watch.element-limit = 65536 (default)
2022-07-12 23:23:48,601 [om1@group-C5BA1605619E-LeaderElection53] INFO  server.RaftServerConfigKeys (ConfUtils.java:logGet(46)) - raft.server.write.element-limit = 4096 (default)
2022-07-12 23:23:48,601 [om1@group-C5BA1605619E-LeaderElection53] INFO  server.RaftServerConfigKeys (ConfUtils.java:logGet(46)) - raft.server.write.follower.gap.ratio.max = -1.0 (default)
2022-07-12 23:23:48,601 [om1@group-C5BA1605619E-LeaderElection53] INFO  impl.RoleInfo (RoleInfo.java:updateAndGet(139)) - om1: start om1@group-C5BA1605619E-LeaderStateImpl
2022-07-12 23:23:48,601 [om1@group-C5BA1605619E-LeaderElection53] INFO  segmented.SegmentedRaftLogWorker (SegmentedRaftLogWorker.java:startLogSegment(425)) - om1@group-C5BA1605619E-SegmentedRaftLogWorker: Starting segment from index:0
2022-07-12 23:23:48,617 [om1@group-C5BA1605619E-LeaderElection53] INFO  server.RaftServer$Division (ServerState.java:setRaftConf(393)) - om1@group-C5BA1605619E: set configuration 0: [om1|rpc:localhost:9872|admin:|client:|dataStream:|priority:0], old=null
2022-07-12 23:23:48,645 [om1@group-C5BA1605619E-SegmentedRaftLogWorker] INFO  segmented.SegmentedRaftLogWorker (SegmentedRaftLogWorker.java:execute(629)) - om1@group-C5BA1605619E-SegmentedRaftLogWorker: created new log segment /home/runner/work/ozone/ozone/hadoop-ozone/integration-test/target/test-dir/MiniOzoneClusterImpl-c1953583-3267-45ac-aa0d-78ee30f3dc89/ozone-meta/ratis/bf265839-605b-3f16-9796-c5ba1605619e/current/log_inprogress_0
2022-07-12 23:23:48,650 [om1@group-C5BA1605619E-StateMachineUpdater] INFO  ratis.OzoneManagerStateMachine (OzoneManagerStateMachine.java:notifyConfigurationChanged(192)) - Received Configuration change notification from Ratis. New Peer list:
[id: "om1"
address: "localhost:9872"
]
2022-07-12 23:23:48,855 [Listener at 127.0.0.1/45473] INFO  handler.ContextHandler (ContextHandler.java:doStart(915)) - Started o.e.j.w.WebAppContext@77f0ac9f{hddsDatanode,/,file:///tmp/jetty-0_0_0_0-42563-hdds-container-service-1_3_0-SNAPSHOT_jar-_-any-8335958178671738979/webapp/,AVAILABLE}{jar:file:/home/runner/.m2/repository/org/apache/ozone/hdds-container-service/1.3.0-SNAPSHOT/hdds-container-service-1.3.0-SNAPSHOT.jar!/webapps/hddsDatanode}
2022-07-12 23:23:48,857 [Listener at 127.0.0.1/45473] INFO  server.AbstractConnector (AbstractConnector.java:doStart(331)) - Started ServerConnector@2b452bc7{HTTP/1.1, (http/1.1)}{0.0.0.0:42563}
2022-07-12 23:23:48,857 [Listener at 127.0.0.1/45473] INFO  server.Server (Server.java:doStart(415)) - Started @228332ms
2022-07-12 23:23:48,857 [Listener at 127.0.0.1/45473] WARN  impl.MetricsSystemImpl (MetricsSystemImpl.java:register(279)) - Sink prometheus already exists!
2022-07-12 23:23:48,858 [Listener at 127.0.0.1/45473] INFO  http.BaseHttpServer (BaseHttpServer.java:updateConnectorAddress(329)) - HTTP server of hddsDatanode listening at http://0.0.0.0:42563
2022-07-12 23:23:48,858 [Listener at 127.0.0.1/45473] WARN  impl.MetricRegistriesImpl (MetricRegistriesImpl.java:addReporterRegistration(111)) - New reporters are added after registries were created. Some metrics will be missing from the reporter. Please add reporter before adding any new registry.
2022-07-12 23:23:48,859 [Listener at 127.0.0.1/45473] WARN  impl.MetricRegistriesImpl (MetricRegistriesImpl.java:addReporterRegistration(111)) - New reporters are added after registries were created. Some metrics will be missing from the reporter. Please add reporter before adding any new registry.
2022-07-12 23:23:48,859 [Listener at 127.0.0.1/45473] INFO  impl.MetricsSystemImpl (MetricsSystemImpl.java:init(158)) - HddsDatanode metrics system started (again)
2022-07-12 23:23:48,869 [Datanode State Machine Daemon Thread] INFO  statemachine.DatanodeStateMachine (DatanodeStateMachine.java:lambda$startDaemon$0(492)) - Ozone container server started.
2022-07-12 23:23:48,970 [Listener at 127.0.0.1/45473] INFO  ozone.HddsDatanodeService (HddsDatanodeService.java:start(236)) - HddsDatanodeService host:fv-az46-473.aox2mo1hufxu3kclv1weif3kjc.bx.internal.cloudapp.net ip:10.1.0.13
2022-07-12 23:23:48,979 [Datanode State Machine Task Thread - 0] INFO  datanode.InitDatanodeState (InitDatanodeState.java:persistContainerDatanodeDetails(138)) - DatanodeDetails is persisted to /home/runner/work/ozone/ozone/hadoop-ozone/integration-test/target/test-dir/MiniOzoneClusterImpl-c1953583-3267-45ac-aa0d-78ee30f3dc89/datanode-0/meta/datanode.id
2022-07-12 23:23:48,991 [org.apache.hadoop.util.JvmPauseMonitor$Monitor@54fb246d] INFO  util.JvmPauseMonitor (JvmPauseMonitor.java:run(188)) - Starting JVM pause monitor
2022-07-12 23:23:49,024 [Listener at 127.0.0.1/45473] INFO  upgrade.AbstractLayoutVersionManager (AbstractLayoutVersionManager.java:init(83)) - Initializing Layout version manager with metadata layout = DATANODE_SCHEMA_V3 (version = 4), software layout = DATANODE_SCHEMA_V3 (version = 4)
2022-07-12 23:23:49,188 [Listener at 127.0.0.1/45473] INFO  reflections.Reflections (Reflections.java:scan(232)) - Reflections took 162 ms to scan 7 urls, producing 132 keys and 317 values 
2022-07-12 23:23:49,189 [Listener at 127.0.0.1/45473] INFO  statemachine.DatanodeStateMachine (DatanodeStateMachine.java:getEndPointTaskThreadPoolSize(237)) - Datanode State Machine Task Thread Pool size 2
2022-07-12 23:23:49,191 [Listener at 127.0.0.1/45473] INFO  volume.HddsVolume (HddsVolume.java:<init>(116)) - Creating HddsVolume: /home/runner/work/ozone/ozone/hadoop-ozone/integration-test/target/test-dir/MiniOzoneClusterImpl-c1953583-3267-45ac-aa0d-78ee30f3dc89/datanode-1/data-0/containers/hdds of storage type : DISK capacity : 9223372036854775807
2022-07-12 23:23:49,191 [Listener at 127.0.0.1/45473] INFO  volume.MutableVolumeSet (MutableVolumeSet.java:initializeVolumeSet(174)) - Added Volume : /home/runner/work/ozone/ozone/hadoop-ozone/integration-test/target/test-dir/MiniOzoneClusterImpl-c1953583-3267-45ac-aa0d-78ee30f3dc89/datanode-1/data-0/containers/hdds to VolumeSet
2022-07-12 23:23:49,191 [Listener at 127.0.0.1/45473] INFO  volume.ThrottledAsyncChecker (ThrottledAsyncChecker.java:schedule(141)) - Scheduling a check for /home/runner/work/ozone/ozone/hadoop-ozone/integration-test/target/test-dir/MiniOzoneClusterImpl-c1953583-3267-45ac-aa0d-78ee30f3dc89/datanode-1/data-0/containers/hdds
2022-07-12 23:23:49,192 [Listener at 127.0.0.1/45473] INFO  volume.StorageVolumeChecker (StorageVolumeChecker.java:checkAllVolumes(202)) - Scheduled health check for volume /home/runner/work/ozone/ozone/hadoop-ozone/integration-test/target/test-dir/MiniOzoneClusterImpl-c1953583-3267-45ac-aa0d-78ee30f3dc89/datanode-1/data-0/containers/hdds
2022-07-12 23:23:49,202 [Listener at 127.0.0.1/45473] INFO  volume.MutableVolumeSet (MutableVolumeSet.java:initializeVolumeSet(174)) - Added Volume : /home/runner/work/ozone/ozone/hadoop-ozone/integration-test/target/test-dir/MiniOzoneClusterImpl-c1953583-3267-45ac-aa0d-78ee30f3dc89/datanode-1/data/ratis to VolumeSet
2022-07-12 23:23:49,202 [Listener at 127.0.0.1/45473] INFO  volume.ThrottledAsyncChecker (ThrottledAsyncChecker.java:schedule(141)) - Scheduling a check for /home/runner/work/ozone/ozone/hadoop-ozone/integration-test/target/test-dir/MiniOzoneClusterImpl-c1953583-3267-45ac-aa0d-78ee30f3dc89/datanode-1/data/ratis
2022-07-12 23:23:49,203 [Listener at 127.0.0.1/45473] INFO  volume.StorageVolumeChecker (StorageVolumeChecker.java:checkAllVolumes(202)) - Scheduled health check for volume /home/runner/work/ozone/ozone/hadoop-ozone/integration-test/target/test-dir/MiniOzoneClusterImpl-c1953583-3267-45ac-aa0d-78ee30f3dc89/datanode-1/data/ratis
2022-07-12 23:23:49,212 [Thread-1649] INFO  ozoneimpl.ContainerReader (ContainerReader.java:readVolume(175)) - Finish verifying containers on volume /home/runner/work/ozone/ozone/hadoop-ozone/integration-test/target/test-dir/MiniOzoneClusterImpl-c1953583-3267-45ac-aa0d-78ee30f3dc89/datanode-1/data-0/containers/hdds
2022-07-12 23:23:49,212 [Listener at 127.0.0.1/45473] INFO  ozoneimpl.OzoneContainer (OzoneContainer.java:buildContainerSet(266)) - Build ContainerSet costs 0s
2022-07-12 23:23:49,214 [Listener at 127.0.0.1/45473] INFO  server.RaftServer (ConfUtils.java:logGet(46)) - raft.rpc.type = GRPC (default)
2022-07-12 23:23:49,214 [Listener at 127.0.0.1/45473] INFO  grpc.GrpcFactory (GrpcFactory.java:checkPooledByteBufAllocatorUseCacheForAllThreads(48)) - PERFORMANCE WARNING: useCacheForAllThreads is true that may cause Netty to create a lot garbage objects and, as a result, trigger GC.
	It is recommended to disable useCacheForAllThreads by setting -Dorg.apache.ratis.thirdparty.io.netty.allocator.useCacheForAllThreads=false in command line.
2022-07-12 23:23:49,214 [Listener at 127.0.0.1/45473] INFO  grpc.GrpcConfigKeys (ConfUtils.java:logGet(46)) - raft.grpc.admin.port = 0 (custom)
2022-07-12 23:23:49,214 [Listener at 127.0.0.1/45473] INFO  grpc.GrpcConfigKeys (ConfUtils.java:logGet(46)) - raft.grpc.client.port = 0 (custom)
2022-07-12 23:23:49,214 [Listener at 127.0.0.1/45473] INFO  grpc.GrpcConfigKeys (ConfUtils.java:logGet(46)) - raft.grpc.server.port = 0 (default)
2022-07-12 23:23:49,214 [Listener at 127.0.0.1/45473] INFO  server.GrpcService (ConfUtils.java:logGet(46)) - raft.grpc.message.size.max = 32MB (=33554432) (custom)
2022-07-12 23:23:49,215 [Listener at 127.0.0.1/45473] INFO  server.RaftServerConfigKeys (ConfUtils.java:logGet(46)) - raft.server.log.appender.buffer.byte-limit = 33554432 (custom)
2022-07-12 23:23:49,215 [Listener at 127.0.0.1/45473] INFO  server.GrpcService (ConfUtils.java:logGet(46)) - raft.grpc.flow.control.window = 5MB (=5242880) (custom)
2022-07-12 23:23:49,215 [Listener at 127.0.0.1/45473] INFO  server.RaftServerConfigKeys (ConfUtils.java:logGet(46)) - raft.server.rpc.request.timeout = 60s (custom)
2022-07-12 23:23:49,215 [Listener at 127.0.0.1/45473] INFO  grpc.GrpcConfigKeys (ConfUtils.java:logGet(46)) - raft.grpc.server.async.request.thread.pool.cached = true (default)
2022-07-12 23:23:49,215 [Listener at 127.0.0.1/45473] INFO  grpc.GrpcConfigKeys (ConfUtils.java:logGet(46)) - raft.grpc.server.async.request.thread.pool.size = 32 (default)
2022-07-12 23:23:49,216 [Listener at 127.0.0.1/45473] INFO  impl.DataStreamServerImpl (ConfUtils.java:logGet(46)) - raft.datastream.type = DISABLED (default)
2022-07-12 23:23:49,216 [Listener at 127.0.0.1/45473] INFO  server.RaftServerConfigKeys (ConfUtils.java:logGet(46)) - raft.server.threadpool.proxy.cached = true (default)
2022-07-12 23:23:49,216 [Listener at 127.0.0.1/45473] INFO  server.RaftServerConfigKeys (ConfUtils.java:logGet(46)) - raft.server.threadpool.proxy.size = 0 (default)
2022-07-12 23:23:49,216 [Listener at 127.0.0.1/45473] INFO  server.RaftServerConfigKeys (ConfUtils.java:logGet(46)) - raft.server.rpc.slowness.timeout = 300s (custom)
2022-07-12 23:23:49,216 [Listener at 127.0.0.1/45473] INFO  server.RaftServerConfigKeys (ConfUtils.java:logGet(46)) - raft.server.leaderelection.leader.step-down.wait-time = 10s (default)
2022-07-12 23:23:49,216 [Listener at 127.0.0.1/45473] INFO  server.RaftServerConfigKeys (ConfUtils.java:logGet(46)) - raft.server.storage.dir = [/home/runner/work/ozone/ozone/hadoop-ozone/integration-test/target/test-dir/MiniOzoneClusterImpl-c1953583-3267-45ac-aa0d-78ee30f3dc89/datanode-1/data/ratis] (custom)
2022-07-12 23:23:49,254 [Listener at 127.0.0.1/45473] INFO  server.XceiverServerGrpc (XceiverServerGrpc.java:<init>(132)) - GrpcServer channel type EpollServerSocketChannel
2022-07-12 23:23:49,256 [Listener at 127.0.0.1/45473] INFO  http.BaseHttpServer (BaseHttpServer.java:newHttpServer2BuilderForOzone(209)) - Starting Web-server for hddsDatanode at: http://0.0.0.0:0
2022-07-12 23:23:49,256 [Listener at 127.0.0.1/45473] INFO  http.BaseHttpServer (BaseHttpServer.java:<init>(107)) - Hadoop Security Enabled: false Ozone Security Enabled: false Ozone HTTP Security Enabled: false 
2022-07-12 23:23:49,257 [Listener at 127.0.0.1/45473] INFO  server.AuthenticationFilter (AuthenticationFilter.java:constructSecretProvider(240)) - Unable to initialize FileSignerSecretProvider, falling back to use random secrets.
2022-07-12 23:23:49,293 [Listener at 127.0.0.1/45473] WARN  http.HttpRequestLog (HttpRequestLog.java:getRequestLog(103)) - Jetty request log can only be enabled using Log4j
2022-07-12 23:23:49,294 [Listener at 127.0.0.1/45473] INFO  http.HttpServer2 (HttpServer2.java:addGlobalFilter(1029)) - Added global filter 'safety' (class=org.apache.hadoop.hdds.server.http.HttpServer2$QuotingInputFilter)
2022-07-12 23:23:49,294 [Listener at 127.0.0.1/45473] INFO  http.HttpServer2 (HttpServer2.java:addFilter(1005)) - Added filter static_user_filter (class=org.apache.hadoop.http.lib.StaticUserWebFilter$StaticUserFilter) to context hddsDatanode
2022-07-12 23:23:49,294 [Listener at 127.0.0.1/45473] INFO  http.HttpServer2 (HttpServer2.java:addFilter(1013)) - Added filter static_user_filter (class=org.apache.hadoop.http.lib.StaticUserWebFilter$StaticUserFilter) to context logs
2022-07-12 23:23:49,294 [Listener at 127.0.0.1/45473] INFO  http.HttpServer2 (HttpServer2.java:addFilter(1013)) - Added filter static_user_filter (class=org.apache.hadoop.http.lib.StaticUserWebFilter$StaticUserFilter) to context static
2022-07-12 23:23:49,295 [Listener at 127.0.0.1/45473] INFO  http.HttpServer2 (HttpServer2.java:bindListener(1248)) - Jetty bound to port 45495
2022-07-12 23:23:49,295 [Listener at 127.0.0.1/45473] INFO  server.Server (Server.java:doStart(375)) - jetty-9.4.43.v20210629; built: 2021-06-30T11:07:22.254Z; git: 526006ecfa3af7f1a27ef3a288e2bef7ea9dd7e8; jvm 1.8.0_332-b09
2022-07-12 23:23:49,326 [Listener at 127.0.0.1/45473] INFO  server.session (DefaultSessionIdManager.java:doStart(334)) - DefaultSessionIdManager workerName=node0
2022-07-12 23:23:49,326 [Listener at 127.0.0.1/45473] INFO  server.session (DefaultSessionIdManager.java:doStart(339)) - No SessionScavenger set, using defaults
2022-07-12 23:23:49,326 [Listener at 127.0.0.1/45473] INFO  server.session (HouseKeeper.java:startScavenging(132)) - node0 Scavenging every 660000ms
2022-07-12 23:23:49,327 [Listener at 127.0.0.1/45473] INFO  handler.ContextHandler (ContextHandler.java:doStart(915)) - Started o.e.j.s.ServletContextHandler@1ab274a0{logs,/logs,file:///home/runner/work/ozone/ozone/hadoop-ozone/integration-test/target/log,AVAILABLE}
2022-07-12 23:23:49,327 [Listener at 127.0.0.1/45473] INFO  handler.ContextHandler (ContextHandler.java:doStart(915)) - Started o.e.j.s.ServletContextHandler@4338704b{static,/static,jar:file:/home/runner/.m2/repository/org/apache/ozone/hdds-container-service/1.3.0-SNAPSHOT/hdds-container-service-1.3.0-SNAPSHOT.jar!/webapps/static,AVAILABLE}
2022-07-12 23:23:49,834 [Listener at 127.0.0.1/45473] INFO  handler.ContextHandler (ContextHandler.java:doStart(915)) - Started o.e.j.w.WebAppContext@1f7a9ecd{hddsDatanode,/,file:///tmp/jetty-0_0_0_0-45495-hdds-container-service-1_3_0-SNAPSHOT_jar-_-any-5826695081522652735/webapp/,AVAILABLE}{jar:file:/home/runner/.m2/repository/org/apache/ozone/hdds-container-service/1.3.0-SNAPSHOT/hdds-container-service-1.3.0-SNAPSHOT.jar!/webapps/hddsDatanode}
2022-07-12 23:23:49,836 [Listener at 127.0.0.1/45473] INFO  server.AbstractConnector (AbstractConnector.java:doStart(331)) - Started ServerConnector@236f2116{HTTP/1.1, (http/1.1)}{0.0.0.0:45495}
2022-07-12 23:23:49,837 [Listener at 127.0.0.1/45473] INFO  server.Server (Server.java:doStart(415)) - Started @229311ms
2022-07-12 23:23:49,837 [Listener at 127.0.0.1/45473] WARN  impl.MetricsSystemImpl (MetricsSystemImpl.java:register(279)) - Sink prometheus already exists!
2022-07-12 23:23:49,885 [Listener at 127.0.0.1/45473] INFO  http.BaseHttpServer (BaseHttpServer.java:updateConnectorAddress(329)) - HTTP server of hddsDatanode listening at http://0.0.0.0:45495
2022-07-12 23:23:49,889 [Listener at 127.0.0.1/45473] WARN  impl.MetricRegistriesImpl (MetricRegistriesImpl.java:addReporterRegistration(111)) - New reporters are added after registries were created. Some metrics will be missing from the reporter. Please add reporter before adding any new registry.
2022-07-12 23:23:49,889 [Listener at 127.0.0.1/45473] WARN  impl.MetricRegistriesImpl (MetricRegistriesImpl.java:addReporterRegistration(111)) - New reporters are added after registries were created. Some metrics will be missing from the reporter. Please add reporter before adding any new registry.
2022-07-12 23:23:49,889 [Listener at 127.0.0.1/45473] INFO  impl.MetricsSystemImpl (MetricsSystemImpl.java:init(158)) - HddsDatanode metrics system started (again)
2022-07-12 23:23:49,909 [Datanode State Machine Daemon Thread] INFO  statemachine.DatanodeStateMachine (DatanodeStateMachine.java:lambda$startDaemon$0(492)) - Ozone container server started.
2022-07-12 23:23:49,953 [org.apache.hadoop.util.JvmPauseMonitor$Monitor@68f88ec8] INFO  util.JvmPauseMonitor (JvmPauseMonitor.java:run(188)) - Starting JVM pause monitor
2022-07-12 23:23:49,986 [Listener at 127.0.0.1/45473] INFO  ozone.HddsDatanodeService (HddsDatanodeService.java:start(236)) - HddsDatanodeService host:fv-az46-473.aox2mo1hufxu3kclv1weif3kjc.bx.internal.cloudapp.net ip:10.1.0.13
2022-07-12 23:23:50,005 [Datanode State Machine Task Thread - 0] INFO  datanode.InitDatanodeState (InitDatanodeState.java:persistContainerDatanodeDetails(138)) - DatanodeDetails is persisted to /home/runner/work/ozone/ozone/hadoop-ozone/integration-test/target/test-dir/MiniOzoneClusterImpl-c1953583-3267-45ac-aa0d-78ee30f3dc89/datanode-1/meta/datanode.id
2022-07-12 23:23:50,061 [Listener at 127.0.0.1/45473] INFO  upgrade.AbstractLayoutVersionManager (AbstractLayoutVersionManager.java:init(83)) - Initializing Layout version manager with metadata layout = DATANODE_SCHEMA_V3 (version = 4), software layout = DATANODE_SCHEMA_V3 (version = 4)
2022-07-12 23:23:50,233 [Listener at 127.0.0.1/45473] INFO  reflections.Reflections (Reflections.java:scan(232)) - Reflections took 170 ms to scan 7 urls, producing 132 keys and 317 values 
2022-07-12 23:23:50,235 [Listener at 127.0.0.1/45473] INFO  statemachine.DatanodeStateMachine (DatanodeStateMachine.java:getEndPointTaskThreadPoolSize(237)) - Datanode State Machine Task Thread Pool size 2
2022-07-12 23:23:50,236 [Listener at 127.0.0.1/45473] INFO  volume.HddsVolume (HddsVolume.java:<init>(116)) - Creating HddsVolume: /home/runner/work/ozone/ozone/hadoop-ozone/integration-test/target/test-dir/MiniOzoneClusterImpl-c1953583-3267-45ac-aa0d-78ee30f3dc89/datanode-2/data-0/containers/hdds of storage type : DISK capacity : 9223372036854775807
2022-07-12 23:23:50,236 [Listener at 127.0.0.1/45473] INFO  volume.MutableVolumeSet (MutableVolumeSet.java:initializeVolumeSet(174)) - Added Volume : /home/runner/work/ozone/ozone/hadoop-ozone/integration-test/target/test-dir/MiniOzoneClusterImpl-c1953583-3267-45ac-aa0d-78ee30f3dc89/datanode-2/data-0/containers/hdds to VolumeSet
2022-07-12 23:23:50,236 [Listener at 127.0.0.1/45473] INFO  volume.ThrottledAsyncChecker (ThrottledAsyncChecker.java:schedule(141)) - Scheduling a check for /home/runner/work/ozone/ozone/hadoop-ozone/integration-test/target/test-dir/MiniOzoneClusterImpl-c1953583-3267-45ac-aa0d-78ee30f3dc89/datanode-2/data-0/containers/hdds
2022-07-12 23:23:50,237 [Listener at 127.0.0.1/45473] INFO  volume.StorageVolumeChecker (StorageVolumeChecker.java:checkAllVolumes(202)) - Scheduled health check for volume /home/runner/work/ozone/ozone/hadoop-ozone/integration-test/target/test-dir/MiniOzoneClusterImpl-c1953583-3267-45ac-aa0d-78ee30f3dc89/datanode-2/data-0/containers/hdds
2022-07-12 23:23:50,247 [Listener at 127.0.0.1/45473] INFO  volume.MutableVolumeSet (MutableVolumeSet.java:initializeVolumeSet(174)) - Added Volume : /home/runner/work/ozone/ozone/hadoop-ozone/integration-test/target/test-dir/MiniOzoneClusterImpl-c1953583-3267-45ac-aa0d-78ee30f3dc89/datanode-2/data/ratis to VolumeSet
2022-07-12 23:23:50,248 [Listener at 127.0.0.1/45473] INFO  volume.ThrottledAsyncChecker (ThrottledAsyncChecker.java:schedule(141)) - Scheduling a check for /home/runner/work/ozone/ozone/hadoop-ozone/integration-test/target/test-dir/MiniOzoneClusterImpl-c1953583-3267-45ac-aa0d-78ee30f3dc89/datanode-2/data/ratis
2022-07-12 23:23:50,248 [Listener at 127.0.0.1/45473] INFO  volume.StorageVolumeChecker (StorageVolumeChecker.java:checkAllVolumes(202)) - Scheduled health check for volume /home/runner/work/ozone/ozone/hadoop-ozone/integration-test/target/test-dir/MiniOzoneClusterImpl-c1953583-3267-45ac-aa0d-78ee30f3dc89/datanode-2/data/ratis
2022-07-12 23:23:50,258 [Thread-1662] INFO  ozoneimpl.ContainerReader (ContainerReader.java:readVolume(175)) - Finish verifying containers on volume /home/runner/work/ozone/ozone/hadoop-ozone/integration-test/target/test-dir/MiniOzoneClusterImpl-c1953583-3267-45ac-aa0d-78ee30f3dc89/datanode-2/data-0/containers/hdds
2022-07-12 23:23:50,258 [Listener at 127.0.0.1/45473] INFO  ozoneimpl.OzoneContainer (OzoneContainer.java:buildContainerSet(266)) - Build ContainerSet costs 0s
2022-07-12 23:23:50,259 [Listener at 127.0.0.1/45473] INFO  server.RaftServer (ConfUtils.java:logGet(46)) - raft.rpc.type = GRPC (default)
2022-07-12 23:23:50,259 [Listener at 127.0.0.1/45473] INFO  grpc.GrpcFactory (GrpcFactory.java:checkPooledByteBufAllocatorUseCacheForAllThreads(48)) - PERFORMANCE WARNING: useCacheForAllThreads is true that may cause Netty to create a lot garbage objects and, as a result, trigger GC.
	It is recommended to disable useCacheForAllThreads by setting -Dorg.apache.ratis.thirdparty.io.netty.allocator.useCacheForAllThreads=false in command line.
2022-07-12 23:23:50,260 [Listener at 127.0.0.1/45473] INFO  grpc.GrpcConfigKeys (ConfUtils.java:logGet(46)) - raft.grpc.admin.port = 0 (custom)
2022-07-12 23:23:50,260 [Listener at 127.0.0.1/45473] INFO  grpc.GrpcConfigKeys (ConfUtils.java:logGet(46)) - raft.grpc.client.port = 0 (custom)
2022-07-12 23:23:50,260 [Listener at 127.0.0.1/45473] INFO  grpc.GrpcConfigKeys (ConfUtils.java:logGet(46)) - raft.grpc.server.port = 0 (default)
2022-07-12 23:23:50,260 [Listener at 127.0.0.1/45473] INFO  server.GrpcService (ConfUtils.java:logGet(46)) - raft.grpc.message.size.max = 32MB (=33554432) (custom)
2022-07-12 23:23:50,260 [Listener at 127.0.0.1/45473] INFO  server.RaftServerConfigKeys (ConfUtils.java:logGet(46)) - raft.server.log.appender.buffer.byte-limit = 33554432 (custom)
2022-07-12 23:23:50,260 [Listener at 127.0.0.1/45473] INFO  server.GrpcService (ConfUtils.java:logGet(46)) - raft.grpc.flow.control.window = 5MB (=5242880) (custom)
2022-07-12 23:23:50,260 [Listener at 127.0.0.1/45473] INFO  server.RaftServerConfigKeys (ConfUtils.java:logGet(46)) - raft.server.rpc.request.timeout = 60s (custom)
2022-07-12 23:23:50,260 [Listener at 127.0.0.1/45473] INFO  grpc.GrpcConfigKeys (ConfUtils.java:logGet(46)) - raft.grpc.server.async.request.thread.pool.cached = true (default)
2022-07-12 23:23:50,260 [Listener at 127.0.0.1/45473] INFO  grpc.GrpcConfigKeys (ConfUtils.java:logGet(46)) - raft.grpc.server.async.request.thread.pool.size = 32 (default)
2022-07-12 23:23:50,261 [Listener at 127.0.0.1/45473] INFO  impl.DataStreamServerImpl (ConfUtils.java:logGet(46)) - raft.datastream.type = DISABLED (default)
2022-07-12 23:23:50,261 [Listener at 127.0.0.1/45473] INFO  server.RaftServerConfigKeys (ConfUtils.java:logGet(46)) - raft.server.threadpool.proxy.cached = true (default)
2022-07-12 23:23:50,262 [Listener at 127.0.0.1/45473] INFO  server.RaftServerConfigKeys (ConfUtils.java:logGet(46)) - raft.server.threadpool.proxy.size = 0 (default)
2022-07-12 23:23:50,262 [Listener at 127.0.0.1/45473] INFO  server.RaftServerConfigKeys (ConfUtils.java:logGet(46)) - raft.server.rpc.slowness.timeout = 300s (custom)
2022-07-12 23:23:50,262 [Listener at 127.0.0.1/45473] INFO  server.RaftServerConfigKeys (ConfUtils.java:logGet(46)) - raft.server.leaderelection.leader.step-down.wait-time = 10s (default)
2022-07-12 23:23:50,262 [Listener at 127.0.0.1/45473] INFO  server.RaftServerConfigKeys (ConfUtils.java:logGet(46)) - raft.server.storage.dir = [/home/runner/work/ozone/ozone/hadoop-ozone/integration-test/target/test-dir/MiniOzoneClusterImpl-c1953583-3267-45ac-aa0d-78ee30f3dc89/datanode-2/data/ratis] (custom)
2022-07-12 23:23:50,263 [Listener at 127.0.0.1/45473] INFO  server.XceiverServerGrpc (XceiverServerGrpc.java:<init>(132)) - GrpcServer channel type EpollServerSocketChannel
2022-07-12 23:23:50,265 [Listener at 127.0.0.1/45473] INFO  http.BaseHttpServer (BaseHttpServer.java:newHttpServer2BuilderForOzone(209)) - Starting Web-server for hddsDatanode at: http://0.0.0.0:0
2022-07-12 23:23:50,265 [Listener at 127.0.0.1/45473] INFO  http.BaseHttpServer (BaseHttpServer.java:<init>(107)) - Hadoop Security Enabled: false Ozone Security Enabled: false Ozone HTTP Security Enabled: false 
2022-07-12 23:23:50,266 [Listener at 127.0.0.1/45473] INFO  server.AuthenticationFilter (AuthenticationFilter.java:constructSecretProvider(240)) - Unable to initialize FileSignerSecretProvider, falling back to use random secrets.
2022-07-12 23:23:50,267 [Listener at 127.0.0.1/45473] WARN  http.HttpRequestLog (HttpRequestLog.java:getRequestLog(103)) - Jetty request log can only be enabled using Log4j
2022-07-12 23:23:50,268 [Listener at 127.0.0.1/45473] INFO  http.HttpServer2 (HttpServer2.java:addGlobalFilter(1029)) - Added global filter 'safety' (class=org.apache.hadoop.hdds.server.http.HttpServer2$QuotingInputFilter)
2022-07-12 23:23:50,268 [Listener at 127.0.0.1/45473] INFO  http.HttpServer2 (HttpServer2.java:addFilter(1005)) - Added filter static_user_filter (class=org.apache.hadoop.http.lib.StaticUserWebFilter$StaticUserFilter) to context hddsDatanode
2022-07-12 23:23:50,268 [Listener at 127.0.0.1/45473] INFO  http.HttpServer2 (HttpServer2.java:addFilter(1013)) - Added filter static_user_filter (class=org.apache.hadoop.http.lib.StaticUserWebFilter$StaticUserFilter) to context static
2022-07-12 23:23:50,268 [Listener at 127.0.0.1/45473] INFO  http.HttpServer2 (HttpServer2.java:addFilter(1013)) - Added filter static_user_filter (class=org.apache.hadoop.http.lib.StaticUserWebFilter$StaticUserFilter) to context logs
2022-07-12 23:23:50,268 [Listener at 127.0.0.1/45473] INFO  http.HttpServer2 (HttpServer2.java:bindListener(1248)) - Jetty bound to port 39463
2022-07-12 23:23:50,269 [Listener at 127.0.0.1/45473] INFO  server.Server (Server.java:doStart(375)) - jetty-9.4.43.v20210629; built: 2021-06-30T11:07:22.254Z; git: 526006ecfa3af7f1a27ef3a288e2bef7ea9dd7e8; jvm 1.8.0_332-b09
2022-07-12 23:23:50,270 [Listener at 127.0.0.1/45473] INFO  server.session (DefaultSessionIdManager.java:doStart(334)) - DefaultSessionIdManager workerName=node0
2022-07-12 23:23:50,270 [Listener at 127.0.0.1/45473] INFO  server.session (DefaultSessionIdManager.java:doStart(339)) - No SessionScavenger set, using defaults
2022-07-12 23:23:50,270 [Listener at 127.0.0.1/45473] INFO  server.session (HouseKeeper.java:startScavenging(132)) - node0 Scavenging every 660000ms
2022-07-12 23:23:50,271 [Listener at 127.0.0.1/45473] INFO  handler.ContextHandler (ContextHandler.java:doStart(915)) - Started o.e.j.s.ServletContextHandler@4bcff2c1{logs,/logs,file:///home/runner/work/ozone/ozone/hadoop-ozone/integration-test/target/log,AVAILABLE}
2022-07-12 23:23:50,271 [Listener at 127.0.0.1/45473] INFO  handler.ContextHandler (ContextHandler.java:doStart(915)) - Started o.e.j.s.ServletContextHandler@176dd857{static,/static,jar:file:/home/runner/.m2/repository/org/apache/ozone/hdds-container-service/1.3.0-SNAPSHOT/hdds-container-service-1.3.0-SNAPSHOT.jar!/webapps/static,AVAILABLE}
2022-07-12 23:23:50,850 [Listener at 127.0.0.1/45473] INFO  handler.ContextHandler (ContextHandler.java:doStart(915)) - Started o.e.j.w.WebAppContext@7233c467{hddsDatanode,/,file:///tmp/jetty-0_0_0_0-39463-hdds-container-service-1_3_0-SNAPSHOT_jar-_-any-1616561504428587318/webapp/,AVAILABLE}{jar:file:/home/runner/.m2/repository/org/apache/ozone/hdds-container-service/1.3.0-SNAPSHOT/hdds-container-service-1.3.0-SNAPSHOT.jar!/webapps/hddsDatanode}
2022-07-12 23:23:50,905 [Listener at 127.0.0.1/45473] INFO  server.AbstractConnector (AbstractConnector.java:doStart(331)) - Started ServerConnector@2300c37f{HTTP/1.1, (http/1.1)}{0.0.0.0:39463}
2022-07-12 23:23:50,905 [Listener at 127.0.0.1/45473] INFO  server.Server (Server.java:doStart(415)) - Started @230380ms
2022-07-12 23:23:50,905 [Listener at 127.0.0.1/45473] WARN  impl.MetricsSystemImpl (MetricsSystemImpl.java:register(279)) - Sink prometheus already exists!
2022-07-12 23:23:50,907 [Listener at 127.0.0.1/45473] INFO  http.BaseHttpServer (BaseHttpServer.java:updateConnectorAddress(329)) - HTTP server of hddsDatanode listening at http://0.0.0.0:39463
2022-07-12 23:23:50,930 [Listener at 127.0.0.1/45473] WARN  impl.MetricRegistriesImpl (MetricRegistriesImpl.java:addReporterRegistration(111)) - New reporters are added after registries were created. Some metrics will be missing from the reporter. Please add reporter before adding any new registry.
2022-07-12 23:23:50,930 [Listener at 127.0.0.1/45473] WARN  impl.MetricRegistriesImpl (MetricRegistriesImpl.java:addReporterRegistration(111)) - New reporters are added after registries were created. Some metrics will be missing from the reporter. Please add reporter before adding any new registry.
2022-07-12 23:23:50,930 [Listener at 127.0.0.1/45473] INFO  impl.MetricsSystemImpl (MetricsSystemImpl.java:init(158)) - HddsDatanode metrics system started (again)
2022-07-12 23:23:50,970 [Datanode State Machine Daemon Thread] INFO  statemachine.DatanodeStateMachine (DatanodeStateMachine.java:lambda$startDaemon$0(492)) - Ozone container server started.
2022-07-12 23:23:51,013 [org.apache.hadoop.util.JvmPauseMonitor$Monitor@46a5ea84] INFO  util.JvmPauseMonitor (JvmPauseMonitor.java:run(188)) - Starting JVM pause monitor
2022-07-12 23:23:51,030 [Datanode State Machine Task Thread - 0] INFO  datanode.InitDatanodeState (InitDatanodeState.java:persistContainerDatanodeDetails(138)) - DatanodeDetails is persisted to /home/runner/work/ozone/ozone/hadoop-ozone/integration-test/target/test-dir/MiniOzoneClusterImpl-c1953583-3267-45ac-aa0d-78ee30f3dc89/datanode-2/meta/datanode.id
2022-07-12 23:23:51,052 [Listener at 127.0.0.1/45473] INFO  ozone.HddsDatanodeService (HddsDatanodeService.java:start(236)) - HddsDatanodeService host:fv-az46-473.aox2mo1hufxu3kclv1weif3kjc.bx.internal.cloudapp.net ip:10.1.0.13
2022-07-12 23:23:51,151 [Listener at 127.0.0.1/45473] INFO  upgrade.AbstractLayoutVersionManager (AbstractLayoutVersionManager.java:init(83)) - Initializing Layout version manager with metadata layout = DATANODE_SCHEMA_V3 (version = 4), software layout = DATANODE_SCHEMA_V3 (version = 4)
2022-07-12 23:23:51,209 [EndpointStateMachine task thread for /0.0.0.0:36479 - 0 ] INFO  volume.HddsVolume (HddsVolume.java:createDbStore(309)) - SchemaV3 db is created and loaded at /home/runner/work/ozone/ozone/hadoop-ozone/integration-test/target/test-dir/MiniOzoneClusterImpl-c1953583-3267-45ac-aa0d-78ee30f3dc89/datanode-0/data-0/containers/hdds/c1953583-3267-45ac-aa0d-78ee30f3dc89/DS-6c46b288-8eea-4d74-acb5-35a01cf41f61/container.db for volume DS-6c46b288-8eea-4d74-acb5-35a01cf41f61
2022-07-12 23:23:51,257 [EndpointStateMachine task thread for /0.0.0.0:36479 - 0 ] INFO  volume.HddsVolume (HddsVolume.java:closeDbStore(340)) - SchemaV3 db is stopped at /home/runner/work/ozone/ozone/hadoop-ozone/integration-test/target/test-dir/MiniOzoneClusterImpl-c1953583-3267-45ac-aa0d-78ee30f3dc89/datanode-0/data-0/containers/hdds/c1953583-3267-45ac-aa0d-78ee30f3dc89/DS-6c46b288-8eea-4d74-acb5-35a01cf41f61/container.db for volume DS-6c46b288-8eea-4d74-acb5-35a01cf41f61
2022-07-12 23:23:51,257 [EndpointStateMachine task thread for /0.0.0.0:36479 - 0 ] INFO  ozoneimpl.OzoneContainer (OzoneContainer.java:start(344)) - Attempting to start container services.
2022-07-12 23:23:51,258 [EndpointStateMachine task thread for /0.0.0.0:36479 - 0 ] INFO  ozoneimpl.OzoneContainer (OzoneContainer.java:startContainerScrub(279)) - Background container scanner has been disabled.
2022-07-12 23:23:51,301 [EndpointStateMachine task thread for /0.0.0.0:36479 - 0 ] INFO  replication.ReplicationServer (ReplicationServer.java:start(111)) - ReplicationServer is started using port 36057
2022-07-12 23:23:51,301 [EndpointStateMachine task thread for /0.0.0.0:36479 - 0 ] INFO  ratis.XceiverServerRatis (XceiverServerRatis.java:start(481)) - Starting XceiverServerRatis ca090ab3-3872-42a8-bcee-318ad7dbfeb0
2022-07-12 23:23:51,305 [EndpointStateMachine task thread for /0.0.0.0:36479 - 0 ] INFO  server.RaftServer (RaftServerProxy.java:lambda$start$6(382)) - ca090ab3-3872-42a8-bcee-318ad7dbfeb0: start RPC server
2022-07-12 23:23:51,317 [EndpointStateMachine task thread for /0.0.0.0:36479 - 0 ] INFO  server.GrpcService (GrpcService.java:startImpl(260)) - ca090ab3-3872-42a8-bcee-318ad7dbfeb0: GrpcService started, listening on 40055
2022-07-12 23:23:51,318 [EndpointStateMachine task thread for /0.0.0.0:36479 - 0 ] INFO  ratis.XceiverServerRatis (XceiverServerRatis.java:getRealPort(502)) - XceiverServerRatis ca090ab3-3872-42a8-bcee-318ad7dbfeb0 is started using port 40055 for RATIS
2022-07-12 23:23:51,318 [EndpointStateMachine task thread for /0.0.0.0:36479 - 0 ] INFO  ratis.XceiverServerRatis (XceiverServerRatis.java:getRealPort(502)) - XceiverServerRatis ca090ab3-3872-42a8-bcee-318ad7dbfeb0 is started using port 40055 for RATIS_ADMIN
2022-07-12 23:23:51,318 [EndpointStateMachine task thread for /0.0.0.0:36479 - 0 ] INFO  ratis.XceiverServerRatis (XceiverServerRatis.java:getRealPort(502)) - XceiverServerRatis ca090ab3-3872-42a8-bcee-318ad7dbfeb0 is started using port 40055 for RATIS_SERVER
2022-07-12 23:23:51,318 [org.apache.ratis.util.JvmPauseMonitor$$Lambda$613/1690937419@73c81640] INFO  util.JvmPauseMonitor (JvmPauseMonitor.java:run(103)) - JvmPauseMonitor-ca090ab3-3872-42a8-bcee-318ad7dbfeb0: Started
2022-07-12 23:23:51,409 [EndpointStateMachine task thread for /0.0.0.0:36479 - 0 ] INFO  server.XceiverServerGrpc (XceiverServerGrpc.java:start(180)) - XceiverServerGrpc ca090ab3-3872-42a8-bcee-318ad7dbfeb0 is started using port 37857
2022-07-12 23:23:51,428 [Listener at 127.0.0.1/45473] INFO  reflections.Reflections (Reflections.java:scan(232)) - Reflections took 276 ms to scan 7 urls, producing 132 keys and 317 values 
2022-07-12 23:23:51,433 [Listener at 127.0.0.1/45473] INFO  statemachine.DatanodeStateMachine (DatanodeStateMachine.java:getEndPointTaskThreadPoolSize(237)) - Datanode State Machine Task Thread Pool size 2
2022-07-12 23:23:51,470 [Listener at 127.0.0.1/45473] INFO  volume.HddsVolume (HddsVolume.java:<init>(116)) - Creating HddsVolume: /home/runner/work/ozone/ozone/hadoop-ozone/integration-test/target/test-dir/MiniOzoneClusterImpl-c1953583-3267-45ac-aa0d-78ee30f3dc89/datanode-3/data-0/containers/hdds of storage type : DISK capacity : 9223372036854775807
2022-07-12 23:23:51,470 [Listener at 127.0.0.1/45473] INFO  volume.MutableVolumeSet (MutableVolumeSet.java:initializeVolumeSet(174)) - Added Volume : /home/runner/work/ozone/ozone/hadoop-ozone/integration-test/target/test-dir/MiniOzoneClusterImpl-c1953583-3267-45ac-aa0d-78ee30f3dc89/datanode-3/data-0/containers/hdds to VolumeSet
2022-07-12 23:23:51,470 [Listener at 127.0.0.1/45473] INFO  volume.ThrottledAsyncChecker (ThrottledAsyncChecker.java:schedule(141)) - Scheduling a check for /home/runner/work/ozone/ozone/hadoop-ozone/integration-test/target/test-dir/MiniOzoneClusterImpl-c1953583-3267-45ac-aa0d-78ee30f3dc89/datanode-3/data-0/containers/hdds
2022-07-12 23:23:51,513 [Listener at 127.0.0.1/45473] INFO  volume.StorageVolumeChecker (StorageVolumeChecker.java:checkAllVolumes(202)) - Scheduled health check for volume /home/runner/work/ozone/ozone/hadoop-ozone/integration-test/target/test-dir/MiniOzoneClusterImpl-c1953583-3267-45ac-aa0d-78ee30f3dc89/datanode-3/data-0/containers/hdds
2022-07-12 23:23:51,553 [Listener at 127.0.0.1/45473] INFO  volume.MutableVolumeSet (MutableVolumeSet.java:initializeVolumeSet(174)) - Added Volume : /home/runner/work/ozone/ozone/hadoop-ozone/integration-test/target/test-dir/MiniOzoneClusterImpl-c1953583-3267-45ac-aa0d-78ee30f3dc89/datanode-3/data/ratis to VolumeSet
2022-07-12 23:23:51,561 [Listener at 127.0.0.1/45473] INFO  volume.ThrottledAsyncChecker (ThrottledAsyncChecker.java:schedule(141)) - Scheduling a check for /home/runner/work/ozone/ozone/hadoop-ozone/integration-test/target/test-dir/MiniOzoneClusterImpl-c1953583-3267-45ac-aa0d-78ee30f3dc89/datanode-3/data/ratis
2022-07-12 23:23:51,563 [Listener at 127.0.0.1/45473] INFO  volume.StorageVolumeChecker (StorageVolumeChecker.java:checkAllVolumes(202)) - Scheduled health check for volume /home/runner/work/ozone/ozone/hadoop-ozone/integration-test/target/test-dir/MiniOzoneClusterImpl-c1953583-3267-45ac-aa0d-78ee30f3dc89/datanode-3/data/ratis
2022-07-12 23:23:51,641 [Thread-1679] INFO  ozoneimpl.ContainerReader (ContainerReader.java:readVolume(175)) - Finish verifying containers on volume /home/runner/work/ozone/ozone/hadoop-ozone/integration-test/target/test-dir/MiniOzoneClusterImpl-c1953583-3267-45ac-aa0d-78ee30f3dc89/datanode-3/data-0/containers/hdds
2022-07-12 23:23:51,645 [Listener at 127.0.0.1/45473] INFO  ozoneimpl.OzoneContainer (OzoneContainer.java:buildContainerSet(266)) - Build ContainerSet costs 0s
2022-07-12 23:23:51,646 [Listener at 127.0.0.1/45473] INFO  server.RaftServer (ConfUtils.java:logGet(46)) - raft.rpc.type = GRPC (default)
2022-07-12 23:23:51,647 [Listener at 127.0.0.1/45473] INFO  grpc.GrpcFactory (GrpcFactory.java:checkPooledByteBufAllocatorUseCacheForAllThreads(48)) - PERFORMANCE WARNING: useCacheForAllThreads is true that may cause Netty to create a lot garbage objects and, as a result, trigger GC.
	It is recommended to disable useCacheForAllThreads by setting -Dorg.apache.ratis.thirdparty.io.netty.allocator.useCacheForAllThreads=false in command line.
2022-07-12 23:23:51,647 [Listener at 127.0.0.1/45473] INFO  grpc.GrpcConfigKeys (ConfUtils.java:logGet(46)) - raft.grpc.admin.port = 0 (custom)
2022-07-12 23:23:51,647 [Listener at 127.0.0.1/45473] INFO  grpc.GrpcConfigKeys (ConfUtils.java:logGet(46)) - raft.grpc.client.port = 0 (custom)
2022-07-12 23:23:51,647 [Listener at 127.0.0.1/45473] INFO  grpc.GrpcConfigKeys (ConfUtils.java:logGet(46)) - raft.grpc.server.port = 0 (default)
2022-07-12 23:23:51,647 [Listener at 127.0.0.1/45473] INFO  server.GrpcService (ConfUtils.java:logGet(46)) - raft.grpc.message.size.max = 32MB (=33554432) (custom)
2022-07-12 23:23:51,647 [Listener at 127.0.0.1/45473] INFO  server.RaftServerConfigKeys (ConfUtils.java:logGet(46)) - raft.server.log.appender.buffer.byte-limit = 33554432 (custom)
2022-07-12 23:23:51,647 [Listener at 127.0.0.1/45473] INFO  server.GrpcService (ConfUtils.java:logGet(46)) - raft.grpc.flow.control.window = 5MB (=5242880) (custom)
2022-07-12 23:23:51,647 [Listener at 127.0.0.1/45473] INFO  server.RaftServerConfigKeys (ConfUtils.java:logGet(46)) - raft.server.rpc.request.timeout = 60s (custom)
2022-07-12 23:23:51,647 [Listener at 127.0.0.1/45473] INFO  grpc.GrpcConfigKeys (ConfUtils.java:logGet(46)) - raft.grpc.server.async.request.thread.pool.cached = true (default)
2022-07-12 23:23:51,647 [Listener at 127.0.0.1/45473] INFO  grpc.GrpcConfigKeys (ConfUtils.java:logGet(46)) - raft.grpc.server.async.request.thread.pool.size = 32 (default)
2022-07-12 23:23:51,648 [Listener at 127.0.0.1/45473] INFO  impl.DataStreamServerImpl (ConfUtils.java:logGet(46)) - raft.datastream.type = DISABLED (default)
2022-07-12 23:23:51,649 [Listener at 127.0.0.1/45473] INFO  server.RaftServerConfigKeys (ConfUtils.java:logGet(46)) - raft.server.threadpool.proxy.cached = true (default)
2022-07-12 23:23:51,649 [Listener at 127.0.0.1/45473] INFO  server.RaftServerConfigKeys (ConfUtils.java:logGet(46)) - raft.server.threadpool.proxy.size = 0 (default)
2022-07-12 23:23:51,653 [Listener at 127.0.0.1/45473] INFO  server.RaftServerConfigKeys (ConfUtils.java:logGet(46)) - raft.server.rpc.slowness.timeout = 300s (custom)
2022-07-12 23:23:51,653 [Listener at 127.0.0.1/45473] INFO  server.RaftServerConfigKeys (ConfUtils.java:logGet(46)) - raft.server.leaderelection.leader.step-down.wait-time = 10s (default)
2022-07-12 23:23:51,653 [Listener at 127.0.0.1/45473] INFO  server.RaftServerConfigKeys (ConfUtils.java:logGet(46)) - raft.server.storage.dir = [/home/runner/work/ozone/ozone/hadoop-ozone/integration-test/target/test-dir/MiniOzoneClusterImpl-c1953583-3267-45ac-aa0d-78ee30f3dc89/datanode-3/data/ratis] (custom)
2022-07-12 23:23:51,667 [Listener at 127.0.0.1/45473] INFO  server.XceiverServerGrpc (XceiverServerGrpc.java:<init>(132)) - GrpcServer channel type EpollServerSocketChannel
2022-07-12 23:23:51,678 [Listener at 127.0.0.1/45473] INFO  http.BaseHttpServer (BaseHttpServer.java:newHttpServer2BuilderForOzone(209)) - Starting Web-server for hddsDatanode at: http://0.0.0.0:0
2022-07-12 23:23:51,678 [Listener at 127.0.0.1/45473] INFO  http.BaseHttpServer (BaseHttpServer.java:<init>(107)) - Hadoop Security Enabled: false Ozone Security Enabled: false Ozone HTTP Security Enabled: false 
2022-07-12 23:23:51,681 [Listener at 127.0.0.1/45473] INFO  server.AuthenticationFilter (AuthenticationFilter.java:constructSecretProvider(240)) - Unable to initialize FileSignerSecretProvider, falling back to use random secrets.
2022-07-12 23:23:51,681 [Listener at 127.0.0.1/45473] WARN  http.HttpRequestLog (HttpRequestLog.java:getRequestLog(103)) - Jetty request log can only be enabled using Log4j
2022-07-12 23:23:51,682 [Listener at 127.0.0.1/45473] INFO  http.HttpServer2 (HttpServer2.java:addGlobalFilter(1029)) - Added global filter 'safety' (class=org.apache.hadoop.hdds.server.http.HttpServer2$QuotingInputFilter)
2022-07-12 23:23:51,683 [Listener at 127.0.0.1/45473] INFO  http.HttpServer2 (HttpServer2.java:addFilter(1005)) - Added filter static_user_filter (class=org.apache.hadoop.http.lib.StaticUserWebFilter$StaticUserFilter) to context hddsDatanode
2022-07-12 23:23:51,683 [Listener at 127.0.0.1/45473] INFO  http.HttpServer2 (HttpServer2.java:addFilter(1013)) - Added filter static_user_filter (class=org.apache.hadoop.http.lib.StaticUserWebFilter$StaticUserFilter) to context static
2022-07-12 23:23:51,683 [Listener at 127.0.0.1/45473] INFO  http.HttpServer2 (HttpServer2.java:addFilter(1013)) - Added filter static_user_filter (class=org.apache.hadoop.http.lib.StaticUserWebFilter$StaticUserFilter) to context logs
2022-07-12 23:23:51,683 [Listener at 127.0.0.1/45473] INFO  http.HttpServer2 (HttpServer2.java:bindListener(1248)) - Jetty bound to port 33235
2022-07-12 23:23:51,683 [Listener at 127.0.0.1/45473] INFO  server.Server (Server.java:doStart(375)) - jetty-9.4.43.v20210629; built: 2021-06-30T11:07:22.254Z; git: 526006ecfa3af7f1a27ef3a288e2bef7ea9dd7e8; jvm 1.8.0_332-b09
2022-07-12 23:23:51,736 [Listener at 127.0.0.1/45473] INFO  server.session (DefaultSessionIdManager.java:doStart(334)) - DefaultSessionIdManager workerName=node0
2022-07-12 23:23:51,736 [Listener at 127.0.0.1/45473] INFO  server.session (DefaultSessionIdManager.java:doStart(339)) - No SessionScavenger set, using defaults
2022-07-12 23:23:51,736 [Listener at 127.0.0.1/45473] INFO  server.session (HouseKeeper.java:startScavenging(132)) - node0 Scavenging every 660000ms
2022-07-12 23:23:51,753 [Listener at 127.0.0.1/45473] INFO  handler.ContextHandler (ContextHandler.java:doStart(915)) - Started o.e.j.s.ServletContextHandler@748481eb{logs,/logs,file:///home/runner/work/ozone/ozone/hadoop-ozone/integration-test/target/log,AVAILABLE}
2022-07-12 23:23:51,754 [Listener at 127.0.0.1/45473] INFO  handler.ContextHandler (ContextHandler.java:doStart(915)) - Started o.e.j.s.ServletContextHandler@48e0787{static,/static,jar:file:/home/runner/.m2/repository/org/apache/ozone/hdds-container-service/1.3.0-SNAPSHOT/hdds-container-service-1.3.0-SNAPSHOT.jar!/webapps/static,AVAILABLE}
2022-07-12 23:23:52,125 [EndpointStateMachine task thread for /0.0.0.0:36479 - 0 ] INFO  volume.HddsVolume (HddsVolume.java:createDbStore(309)) - SchemaV3 db is created and loaded at /home/runner/work/ozone/ozone/hadoop-ozone/integration-test/target/test-dir/MiniOzoneClusterImpl-c1953583-3267-45ac-aa0d-78ee30f3dc89/datanode-1/data-0/containers/hdds/c1953583-3267-45ac-aa0d-78ee30f3dc89/DS-f2da6e6e-f80a-4ca2-9ab8-0d008521cf6b/container.db for volume DS-f2da6e6e-f80a-4ca2-9ab8-0d008521cf6b
2022-07-12 23:23:52,126 [EndpointStateMachine task thread for /0.0.0.0:36479 - 0 ] INFO  volume.HddsVolume (HddsVolume.java:closeDbStore(340)) - SchemaV3 db is stopped at /home/runner/work/ozone/ozone/hadoop-ozone/integration-test/target/test-dir/MiniOzoneClusterImpl-c1953583-3267-45ac-aa0d-78ee30f3dc89/datanode-1/data-0/containers/hdds/c1953583-3267-45ac-aa0d-78ee30f3dc89/DS-f2da6e6e-f80a-4ca2-9ab8-0d008521cf6b/container.db for volume DS-f2da6e6e-f80a-4ca2-9ab8-0d008521cf6b
2022-07-12 23:23:52,126 [EndpointStateMachine task thread for /0.0.0.0:36479 - 0 ] INFO  ozoneimpl.OzoneContainer (OzoneContainer.java:start(344)) - Attempting to start container services.
2022-07-12 23:23:52,126 [EndpointStateMachine task thread for /0.0.0.0:36479 - 0 ] INFO  ozoneimpl.OzoneContainer (OzoneContainer.java:startContainerScrub(279)) - Background container scanner has been disabled.
2022-07-12 23:23:52,209 [EndpointStateMachine task thread for /0.0.0.0:36479 - 0 ] INFO  replication.ReplicationServer (ReplicationServer.java:start(111)) - ReplicationServer is started using port 34303
2022-07-12 23:23:52,210 [EndpointStateMachine task thread for /0.0.0.0:36479 - 0 ] INFO  ratis.XceiverServerRatis (XceiverServerRatis.java:start(481)) - Starting XceiverServerRatis 5d23e830-42ed-4d2c-9f35-4c2aa5467d76
2022-07-12 23:23:52,237 [EndpointStateMachine task thread for /0.0.0.0:36479 - 0 ] INFO  server.RaftServer (RaftServerProxy.java:lambda$start$6(382)) - 5d23e830-42ed-4d2c-9f35-4c2aa5467d76: start RPC server
2022-07-12 23:23:52,280 [EndpointStateMachine task thread for /0.0.0.0:36479 - 0 ] INFO  server.GrpcService (GrpcService.java:startImpl(260)) - 5d23e830-42ed-4d2c-9f35-4c2aa5467d76: GrpcService started, listening on 35411
2022-07-12 23:23:52,280 [EndpointStateMachine task thread for /0.0.0.0:36479 - 0 ] INFO  ratis.XceiverServerRatis (XceiverServerRatis.java:getRealPort(502)) - XceiverServerRatis 5d23e830-42ed-4d2c-9f35-4c2aa5467d76 is started using port 35411 for RATIS
2022-07-12 23:23:52,280 [EndpointStateMachine task thread for /0.0.0.0:36479 - 0 ] INFO  ratis.XceiverServerRatis (XceiverServerRatis.java:getRealPort(502)) - XceiverServerRatis 5d23e830-42ed-4d2c-9f35-4c2aa5467d76 is started using port 35411 for RATIS_ADMIN
2022-07-12 23:23:52,280 [EndpointStateMachine task thread for /0.0.0.0:36479 - 0 ] INFO  ratis.XceiverServerRatis (XceiverServerRatis.java:getRealPort(502)) - XceiverServerRatis 5d23e830-42ed-4d2c-9f35-4c2aa5467d76 is started using port 35411 for RATIS_SERVER
2022-07-12 23:23:52,280 [org.apache.ratis.util.JvmPauseMonitor$$Lambda$613/1690937419@43901e93] INFO  util.JvmPauseMonitor (JvmPauseMonitor.java:run(103)) - JvmPauseMonitor-5d23e830-42ed-4d2c-9f35-4c2aa5467d76: Started
2022-07-12 23:23:52,362 [EndpointStateMachine task thread for /0.0.0.0:36479 - 0 ] INFO  server.XceiverServerGrpc (XceiverServerGrpc.java:start(180)) - XceiverServerGrpc 5d23e830-42ed-4d2c-9f35-4c2aa5467d76 is started using port 39313
2022-07-12 23:23:52,577 [Listener at 127.0.0.1/45473] INFO  handler.ContextHandler (ContextHandler.java:doStart(915)) - Started o.e.j.w.WebAppContext@1601798f{hddsDatanode,/,file:///tmp/jetty-0_0_0_0-33235-hdds-container-service-1_3_0-SNAPSHOT_jar-_-any-8025345456596812664/webapp/,AVAILABLE}{jar:file:/home/runner/.m2/repository/org/apache/ozone/hdds-container-service/1.3.0-SNAPSHOT/hdds-container-service-1.3.0-SNAPSHOT.jar!/webapps/hddsDatanode}
2022-07-12 23:23:52,589 [Listener at 127.0.0.1/45473] INFO  server.AbstractConnector (AbstractConnector.java:doStart(331)) - Started ServerConnector@6f86933c{HTTP/1.1, (http/1.1)}{0.0.0.0:33235}
2022-07-12 23:23:52,589 [Listener at 127.0.0.1/45473] INFO  server.Server (Server.java:doStart(415)) - Started @232064ms
2022-07-12 23:23:52,589 [Listener at 127.0.0.1/45473] WARN  impl.MetricsSystemImpl (MetricsSystemImpl.java:register(279)) - Sink prometheus already exists!
2022-07-12 23:23:52,590 [Listener at 127.0.0.1/45473] INFO  http.BaseHttpServer (BaseHttpServer.java:updateConnectorAddress(329)) - HTTP server of hddsDatanode listening at http://0.0.0.0:33235
2022-07-12 23:23:52,601 [Listener at 127.0.0.1/45473] WARN  impl.MetricRegistriesImpl (MetricRegistriesImpl.java:addReporterRegistration(111)) - New reporters are added after registries were created. Some metrics will be missing from the reporter. Please add reporter before adding any new registry.
2022-07-12 23:23:52,601 [Listener at 127.0.0.1/45473] WARN  impl.MetricRegistriesImpl (MetricRegistriesImpl.java:addReporterRegistration(111)) - New reporters are added after registries were created. Some metrics will be missing from the reporter. Please add reporter before adding any new registry.
2022-07-12 23:23:52,601 [Listener at 127.0.0.1/45473] INFO  impl.MetricsSystemImpl (MetricsSystemImpl.java:init(158)) - HddsDatanode metrics system started (again)
2022-07-12 23:23:52,621 [Datanode State Machine Daemon Thread] INFO  statemachine.DatanodeStateMachine (DatanodeStateMachine.java:lambda$startDaemon$0(492)) - Ozone container server started.
2022-07-12 23:23:52,694 [Listener at 127.0.0.1/45473] INFO  ozone.HddsDatanodeService (HddsDatanodeService.java:start(236)) - HddsDatanodeService host:fv-az46-473.aox2mo1hufxu3kclv1weif3kjc.bx.internal.cloudapp.net ip:10.1.0.13
2022-07-12 23:23:52,745 [org.apache.hadoop.util.JvmPauseMonitor$Monitor@694ac2bb] INFO  util.JvmPauseMonitor (JvmPauseMonitor.java:run(188)) - Starting JVM pause monitor
2022-07-12 23:23:52,751 [Datanode State Machine Task Thread - 0] INFO  datanode.InitDatanodeState (InitDatanodeState.java:persistContainerDatanodeDetails(138)) - DatanodeDetails is persisted to /home/runner/work/ozone/ozone/hadoop-ozone/integration-test/target/test-dir/MiniOzoneClusterImpl-c1953583-3267-45ac-aa0d-78ee30f3dc89/datanode-3/meta/datanode.id
2022-07-12 23:23:52,752 [Listener at 127.0.0.1/45473] INFO  upgrade.AbstractLayoutVersionManager (AbstractLayoutVersionManager.java:init(83)) - Initializing Layout version manager with metadata layout = DATANODE_SCHEMA_V3 (version = 4), software layout = DATANODE_SCHEMA_V3 (version = 4)
2022-07-12 23:23:52,882 [Listener at 127.0.0.1/45473] INFO  reflections.Reflections (Reflections.java:scan(232)) - Reflections took 129 ms to scan 7 urls, producing 132 keys and 317 values 
2022-07-12 23:23:52,893 [Listener at 127.0.0.1/45473] INFO  statemachine.DatanodeStateMachine (DatanodeStateMachine.java:getEndPointTaskThreadPoolSize(237)) - Datanode State Machine Task Thread Pool size 2
2022-07-12 23:23:52,897 [Listener at 127.0.0.1/45473] INFO  volume.HddsVolume (HddsVolume.java:<init>(116)) - Creating HddsVolume: /home/runner/work/ozone/ozone/hadoop-ozone/integration-test/target/test-dir/MiniOzoneClusterImpl-c1953583-3267-45ac-aa0d-78ee30f3dc89/datanode-4/data-0/containers/hdds of storage type : DISK capacity : 9223372036854775807
2022-07-12 23:23:52,898 [Listener at 127.0.0.1/45473] INFO  volume.MutableVolumeSet (MutableVolumeSet.java:initializeVolumeSet(174)) - Added Volume : /home/runner/work/ozone/ozone/hadoop-ozone/integration-test/target/test-dir/MiniOzoneClusterImpl-c1953583-3267-45ac-aa0d-78ee30f3dc89/datanode-4/data-0/containers/hdds to VolumeSet
2022-07-12 23:23:52,898 [Listener at 127.0.0.1/45473] INFO  volume.ThrottledAsyncChecker (ThrottledAsyncChecker.java:schedule(141)) - Scheduling a check for /home/runner/work/ozone/ozone/hadoop-ozone/integration-test/target/test-dir/MiniOzoneClusterImpl-c1953583-3267-45ac-aa0d-78ee30f3dc89/datanode-4/data-0/containers/hdds
2022-07-12 23:23:52,941 [Listener at 127.0.0.1/45473] INFO  volume.StorageVolumeChecker (StorageVolumeChecker.java:checkAllVolumes(202)) - Scheduled health check for volume /home/runner/work/ozone/ozone/hadoop-ozone/integration-test/target/test-dir/MiniOzoneClusterImpl-c1953583-3267-45ac-aa0d-78ee30f3dc89/datanode-4/data-0/containers/hdds
2022-07-12 23:23:52,946 [IPC Server handler 7 on default port 36479] INFO  net.NetworkTopologyImpl (NetworkTopologyImpl.java:add(112)) - Added a new node: /default-rack/ca090ab3-3872-42a8-bcee-318ad7dbfeb0
2022-07-12 23:23:52,946 [IPC Server handler 7 on default port 36479] INFO  node.SCMNodeManager (SCMNodeManager.java:register(397)) - Registered Data node : ca090ab3-3872-42a8-bcee-318ad7dbfeb0{ip: 10.1.0.13, host: fv-az46-473.aox2mo1hufxu3kclv1weif3kjc.bx.internal.cloudapp.net, ports: [REPLICATION=36057, RATIS=40055, RATIS_ADMIN=40055, RATIS_SERVER=40055, STANDALONE=37857], networkLocation: /default-rack, certSerialId: null, persistedOpState: null, persistedOpStateExpiryEpochSec: 0}
2022-07-12 23:23:52,969 [EventQueue-NodeRegistrationContainerReportForDataNodeSafeModeRule] INFO  safemode.SCMSafeModeManager (DataNodeSafeModeRule.java:process(71)) - SCM in safe mode. 1 DataNodes registered, 3 required.
2022-07-12 23:23:52,974 [EventQueue-NodeRegistrationContainerReportForContainerSafeModeRule] INFO  safemode.SCMSafeModeManager (SCMSafeModeManager.java:validateSafeModeExitRules(204)) - ContainerSafeModeRule rule is successfully validated
2022-07-12 23:23:52,996 [EventQueue-PipelineReportForOneReplicaPipelineSafeModeRule] INFO  safemode.SCMSafeModeManager (SCMSafeModeManager.java:validateSafeModeExitRules(204)) - AtleastOneDatanodeReportedRule rule is successfully validated
2022-07-12 23:23:52,996 [EventQueue-NewNodeForNewNodeHandler] INFO  pipeline.BackgroundPipelineCreator (BackgroundPipelineCreator.java:notifyEventTriggered(276)) - trigger a one-shot run on RatisPipelineUtilsThread.
2022-07-12 23:23:53,005 [RatisPipelineUtilsThread - 0] INFO  pipeline.RatisPipelineProvider (RatisPipelineProvider.java:lambda$create$0(195)) - Sending CreatePipelineCommand for pipeline:PipelineID=b42b5d43-5256-4b0a-8e38-33b48b73bcea to datanode:ca090ab3-3872-42a8-bcee-318ad7dbfeb0
2022-07-12 23:23:53,006 [RatisPipelineUtilsThread - 0] INFO  pipeline.PipelineStateManagerImpl (PipelineStateManagerImpl.java:addPipeline(103)) - Created pipeline Pipeline[ Id: b42b5d43-5256-4b0a-8e38-33b48b73bcea, Nodes: ca090ab3-3872-42a8-bcee-318ad7dbfeb0{ip: 10.1.0.13, host: fv-az46-473.aox2mo1hufxu3kclv1weif3kjc.bx.internal.cloudapp.net, ports: [REPLICATION=36057, RATIS=40055, RATIS_ADMIN=40055, RATIS_SERVER=40055, STANDALONE=37857], networkLocation: /default-rack, certSerialId: null, persistedOpState: IN_SERVICE, persistedOpStateExpiryEpochSec: 0}, ReplicationConfig: RATIS/ONE, State:ALLOCATED, leaderId:, CreationTimestamp2022-07-12T23:23:53.005Z[Etc/UTC]].
2022-07-12 23:23:53,032 [Listener at 127.0.0.1/45473] INFO  volume.MutableVolumeSet (MutableVolumeSet.java:initializeVolumeSet(174)) - Added Volume : /home/runner/work/ozone/ozone/hadoop-ozone/integration-test/target/test-dir/MiniOzoneClusterImpl-c1953583-3267-45ac-aa0d-78ee30f3dc89/datanode-4/data/ratis to VolumeSet
2022-07-12 23:23:53,032 [Listener at 127.0.0.1/45473] INFO  volume.ThrottledAsyncChecker (ThrottledAsyncChecker.java:schedule(141)) - Scheduling a check for /home/runner/work/ozone/ozone/hadoop-ozone/integration-test/target/test-dir/MiniOzoneClusterImpl-c1953583-3267-45ac-aa0d-78ee30f3dc89/datanode-4/data/ratis
2022-07-12 23:23:53,033 [Listener at 127.0.0.1/45473] INFO  volume.StorageVolumeChecker (StorageVolumeChecker.java:checkAllVolumes(202)) - Scheduled health check for volume /home/runner/work/ozone/ozone/hadoop-ozone/integration-test/target/test-dir/MiniOzoneClusterImpl-c1953583-3267-45ac-aa0d-78ee30f3dc89/datanode-4/data/ratis
2022-07-12 23:23:53,049 [Thread-1701] INFO  ozoneimpl.ContainerReader (ContainerReader.java:readVolume(175)) - Finish verifying containers on volume /home/runner/work/ozone/ozone/hadoop-ozone/integration-test/target/test-dir/MiniOzoneClusterImpl-c1953583-3267-45ac-aa0d-78ee30f3dc89/datanode-4/data-0/containers/hdds
2022-07-12 23:23:53,049 [Listener at 127.0.0.1/45473] INFO  ozoneimpl.OzoneContainer (OzoneContainer.java:buildContainerSet(266)) - Build ContainerSet costs 0s
2022-07-12 23:23:53,050 [Listener at 127.0.0.1/45473] INFO  server.RaftServer (ConfUtils.java:logGet(46)) - raft.rpc.type = GRPC (default)
2022-07-12 23:23:53,051 [Listener at 127.0.0.1/45473] INFO  grpc.GrpcFactory (GrpcFactory.java:checkPooledByteBufAllocatorUseCacheForAllThreads(48)) - PERFORMANCE WARNING: useCacheForAllThreads is true that may cause Netty to create a lot garbage objects and, as a result, trigger GC.
	It is recommended to disable useCacheForAllThreads by setting -Dorg.apache.ratis.thirdparty.io.netty.allocator.useCacheForAllThreads=false in command line.
2022-07-12 23:23:53,051 [Listener at 127.0.0.1/45473] INFO  grpc.GrpcConfigKeys (ConfUtils.java:logGet(46)) - raft.grpc.admin.port = 0 (custom)
2022-07-12 23:23:53,051 [Listener at 127.0.0.1/45473] INFO  grpc.GrpcConfigKeys (ConfUtils.java:logGet(46)) - raft.grpc.client.port = 0 (custom)
2022-07-12 23:23:53,051 [Listener at 127.0.0.1/45473] INFO  grpc.GrpcConfigKeys (ConfUtils.java:logGet(46)) - raft.grpc.server.port = 0 (default)
2022-07-12 23:23:53,051 [Listener at 127.0.0.1/45473] INFO  server.GrpcService (ConfUtils.java:logGet(46)) - raft.grpc.message.size.max = 32MB (=33554432) (custom)
2022-07-12 23:23:53,051 [Listener at 127.0.0.1/45473] INFO  server.RaftServerConfigKeys (ConfUtils.java:logGet(46)) - raft.server.log.appender.buffer.byte-limit = 33554432 (custom)
2022-07-12 23:23:53,051 [Listener at 127.0.0.1/45473] INFO  server.GrpcService (ConfUtils.java:logGet(46)) - raft.grpc.flow.control.window = 5MB (=5242880) (custom)
2022-07-12 23:23:53,051 [Listener at 127.0.0.1/45473] INFO  server.RaftServerConfigKeys (ConfUtils.java:logGet(46)) - raft.server.rpc.request.timeout = 60s (custom)
2022-07-12 23:23:53,051 [Listener at 127.0.0.1/45473] INFO  grpc.GrpcConfigKeys (ConfUtils.java:logGet(46)) - raft.grpc.server.async.request.thread.pool.cached = true (default)
2022-07-12 23:23:53,051 [Listener at 127.0.0.1/45473] INFO  grpc.GrpcConfigKeys (ConfUtils.java:logGet(46)) - raft.grpc.server.async.request.thread.pool.size = 32 (default)
2022-07-12 23:23:53,052 [Listener at 127.0.0.1/45473] INFO  impl.DataStreamServerImpl (ConfUtils.java:logGet(46)) - raft.datastream.type = DISABLED (default)
2022-07-12 23:23:53,052 [Listener at 127.0.0.1/45473] INFO  server.RaftServerConfigKeys (ConfUtils.java:logGet(46)) - raft.server.threadpool.proxy.cached = true (default)
2022-07-12 23:23:53,053 [Listener at 127.0.0.1/45473] INFO  server.RaftServerConfigKeys (ConfUtils.java:logGet(46)) - raft.server.threadpool.proxy.size = 0 (default)
2022-07-12 23:23:53,053 [Listener at 127.0.0.1/45473] INFO  server.RaftServerConfigKeys (ConfUtils.java:logGet(46)) - raft.server.rpc.slowness.timeout = 300s (custom)
2022-07-12 23:23:53,053 [Listener at 127.0.0.1/45473] INFO  server.RaftServerConfigKeys (ConfUtils.java:logGet(46)) - raft.server.leaderelection.leader.step-down.wait-time = 10s (default)
2022-07-12 23:23:53,058 [Listener at 127.0.0.1/45473] INFO  server.RaftServerConfigKeys (ConfUtils.java:logGet(46)) - raft.server.storage.dir = [/home/runner/work/ozone/ozone/hadoop-ozone/integration-test/target/test-dir/MiniOzoneClusterImpl-c1953583-3267-45ac-aa0d-78ee30f3dc89/datanode-4/data/ratis] (custom)
2022-07-12 23:23:53,062 [Listener at 127.0.0.1/45473] INFO  server.XceiverServerGrpc (XceiverServerGrpc.java:<init>(132)) - GrpcServer channel type EpollServerSocketChannel
2022-07-12 23:23:53,081 [Listener at 127.0.0.1/45473] INFO  http.BaseHttpServer (BaseHttpServer.java:newHttpServer2BuilderForOzone(209)) - Starting Web-server for hddsDatanode at: http://0.0.0.0:0
2022-07-12 23:23:53,081 [Listener at 127.0.0.1/45473] INFO  http.BaseHttpServer (BaseHttpServer.java:<init>(107)) - Hadoop Security Enabled: false Ozone Security Enabled: false Ozone HTTP Security Enabled: false 
2022-07-12 23:23:53,085 [Listener at 127.0.0.1/45473] INFO  server.AuthenticationFilter (AuthenticationFilter.java:constructSecretProvider(240)) - Unable to initialize FileSignerSecretProvider, falling back to use random secrets.
2022-07-12 23:23:53,107 [EndpointStateMachine task thread for /0.0.0.0:36479 - 0 ] INFO  volume.HddsVolume (HddsVolume.java:createDbStore(309)) - SchemaV3 db is created and loaded at /home/runner/work/ozone/ozone/hadoop-ozone/integration-test/target/test-dir/MiniOzoneClusterImpl-c1953583-3267-45ac-aa0d-78ee30f3dc89/datanode-2/data-0/containers/hdds/c1953583-3267-45ac-aa0d-78ee30f3dc89/DS-240ddb36-46e8-4836-bb09-1c4a3b62e111/container.db for volume DS-240ddb36-46e8-4836-bb09-1c4a3b62e111
2022-07-12 23:23:53,142 [EndpointStateMachine task thread for /0.0.0.0:36479 - 0 ] INFO  volume.HddsVolume (HddsVolume.java:closeDbStore(340)) - SchemaV3 db is stopped at /home/runner/work/ozone/ozone/hadoop-ozone/integration-test/target/test-dir/MiniOzoneClusterImpl-c1953583-3267-45ac-aa0d-78ee30f3dc89/datanode-2/data-0/containers/hdds/c1953583-3267-45ac-aa0d-78ee30f3dc89/DS-240ddb36-46e8-4836-bb09-1c4a3b62e111/container.db for volume DS-240ddb36-46e8-4836-bb09-1c4a3b62e111
2022-07-12 23:23:53,143 [EndpointStateMachine task thread for /0.0.0.0:36479 - 0 ] INFO  ozoneimpl.OzoneContainer (OzoneContainer.java:start(344)) - Attempting to start container services.
2022-07-12 23:23:53,143 [EndpointStateMachine task thread for /0.0.0.0:36479 - 0 ] INFO  ozoneimpl.OzoneContainer (OzoneContainer.java:startContainerScrub(279)) - Background container scanner has been disabled.
2022-07-12 23:23:53,161 [Listener at 127.0.0.1/45473] WARN  http.HttpRequestLog (HttpRequestLog.java:getRequestLog(103)) - Jetty request log can only be enabled using Log4j
2022-07-12 23:23:53,162 [Listener at 127.0.0.1/45473] INFO  http.HttpServer2 (HttpServer2.java:addGlobalFilter(1029)) - Added global filter 'safety' (class=org.apache.hadoop.hdds.server.http.HttpServer2$QuotingInputFilter)
2022-07-12 23:23:53,163 [Listener at 127.0.0.1/45473] INFO  http.HttpServer2 (HttpServer2.java:addFilter(1005)) - Added filter static_user_filter (class=org.apache.hadoop.http.lib.StaticUserWebFilter$StaticUserFilter) to context hddsDatanode
2022-07-12 23:23:53,163 [Listener at 127.0.0.1/45473] INFO  http.HttpServer2 (HttpServer2.java:addFilter(1013)) - Added filter static_user_filter (class=org.apache.hadoop.http.lib.StaticUserWebFilter$StaticUserFilter) to context static
2022-07-12 23:23:53,163 [Listener at 127.0.0.1/45473] INFO  http.HttpServer2 (HttpServer2.java:addFilter(1013)) - Added filter static_user_filter (class=org.apache.hadoop.http.lib.StaticUserWebFilter$StaticUserFilter) to context logs
2022-07-12 23:23:53,163 [Listener at 127.0.0.1/45473] INFO  http.HttpServer2 (HttpServer2.java:bindListener(1248)) - Jetty bound to port 43273
2022-07-12 23:23:53,163 [Listener at 127.0.0.1/45473] INFO  server.Server (Server.java:doStart(375)) - jetty-9.4.43.v20210629; built: 2021-06-30T11:07:22.254Z; git: 526006ecfa3af7f1a27ef3a288e2bef7ea9dd7e8; jvm 1.8.0_332-b09
2022-07-12 23:23:53,191 [Listener at 127.0.0.1/45473] INFO  server.session (DefaultSessionIdManager.java:doStart(334)) - DefaultSessionIdManager workerName=node0
2022-07-12 23:23:53,191 [Listener at 127.0.0.1/45473] INFO  server.session (DefaultSessionIdManager.java:doStart(339)) - No SessionScavenger set, using defaults
2022-07-12 23:23:53,191 [Listener at 127.0.0.1/45473] INFO  server.session (HouseKeeper.java:startScavenging(132)) - node0 Scavenging every 600000ms
2022-07-12 23:23:53,192 [Listener at 127.0.0.1/45473] INFO  handler.ContextHandler (ContextHandler.java:doStart(915)) - Started o.e.j.s.ServletContextHandler@32c8fe50{logs,/logs,file:///home/runner/work/ozone/ozone/hadoop-ozone/integration-test/target/log,AVAILABLE}
2022-07-12 23:23:53,192 [Listener at 127.0.0.1/45473] INFO  handler.ContextHandler (ContextHandler.java:doStart(915)) - Started o.e.j.s.ServletContextHandler@7412a535{static,/static,jar:file:/home/runner/.m2/repository/org/apache/ozone/hdds-container-service/1.3.0-SNAPSHOT/hdds-container-service-1.3.0-SNAPSHOT.jar!/webapps/static,AVAILABLE}
2022-07-12 23:23:53,242 [EndpointStateMachine task thread for /0.0.0.0:36479 - 0 ] INFO  replication.ReplicationServer (ReplicationServer.java:start(111)) - ReplicationServer is started using port 45827
2022-07-12 23:23:53,243 [EndpointStateMachine task thread for /0.0.0.0:36479 - 0 ] INFO  ratis.XceiverServerRatis (XceiverServerRatis.java:start(481)) - Starting XceiverServerRatis 41b6f92d-8f51-4ddc-a2ca-a30ae8e33d76
2022-07-12 23:23:53,243 [EndpointStateMachine task thread for /0.0.0.0:36479 - 0 ] INFO  server.RaftServer (RaftServerProxy.java:lambda$start$6(382)) - 41b6f92d-8f51-4ddc-a2ca-a30ae8e33d76: start RPC server
2022-07-12 23:23:53,247 [EndpointStateMachine task thread for /0.0.0.0:36479 - 0 ] INFO  server.GrpcService (GrpcService.java:startImpl(260)) - 41b6f92d-8f51-4ddc-a2ca-a30ae8e33d76: GrpcService started, listening on 40749
2022-07-12 23:23:53,247 [EndpointStateMachine task thread for /0.0.0.0:36479 - 0 ] INFO  ratis.XceiverServerRatis (XceiverServerRatis.java:getRealPort(502)) - XceiverServerRatis 41b6f92d-8f51-4ddc-a2ca-a30ae8e33d76 is started using port 40749 for RATIS
2022-07-12 23:23:53,247 [EndpointStateMachine task thread for /0.0.0.0:36479 - 0 ] INFO  ratis.XceiverServerRatis (XceiverServerRatis.java:getRealPort(502)) - XceiverServerRatis 41b6f92d-8f51-4ddc-a2ca-a30ae8e33d76 is started using port 40749 for RATIS_ADMIN
2022-07-12 23:23:53,247 [EndpointStateMachine task thread for /0.0.0.0:36479 - 0 ] INFO  ratis.XceiverServerRatis (XceiverServerRatis.java:getRealPort(502)) - XceiverServerRatis 41b6f92d-8f51-4ddc-a2ca-a30ae8e33d76 is started using port 40749 for RATIS_SERVER
2022-07-12 23:23:53,247 [org.apache.ratis.util.JvmPauseMonitor$$Lambda$613/1690937419@5987af32] INFO  util.JvmPauseMonitor (JvmPauseMonitor.java:run(103)) - JvmPauseMonitor-41b6f92d-8f51-4ddc-a2ca-a30ae8e33d76: Started
2022-07-12 23:23:53,318 [EndpointStateMachine task thread for /0.0.0.0:36479 - 0 ] INFO  server.XceiverServerGrpc (XceiverServerGrpc.java:start(180)) - XceiverServerGrpc 41b6f92d-8f51-4ddc-a2ca-a30ae8e33d76 is started using port 42257
2022-07-12 23:23:53,899 [Listener at 127.0.0.1/45473] INFO  handler.ContextHandler (ContextHandler.java:doStart(915)) - Started o.e.j.w.WebAppContext@2911f797{hddsDatanode,/,file:///tmp/jetty-0_0_0_0-43273-hdds-container-service-1_3_0-SNAPSHOT_jar-_-any-7203347269325578962/webapp/,AVAILABLE}{jar:file:/home/runner/.m2/repository/org/apache/ozone/hdds-container-service/1.3.0-SNAPSHOT/hdds-container-service-1.3.0-SNAPSHOT.jar!/webapps/hddsDatanode}
2022-07-12 23:23:53,914 [Listener at 127.0.0.1/45473] INFO  server.AbstractConnector (AbstractConnector.java:doStart(331)) - Started ServerConnector@670075f2{HTTP/1.1, (http/1.1)}{0.0.0.0:43273}
2022-07-12 23:23:53,914 [Listener at 127.0.0.1/45473] INFO  server.Server (Server.java:doStart(415)) - Started @233389ms
2022-07-12 23:23:53,915 [Listener at 127.0.0.1/45473] WARN  impl.MetricsSystemImpl (MetricsSystemImpl.java:register(279)) - Sink prometheus already exists!
2022-07-12 23:23:53,915 [Listener at 127.0.0.1/45473] INFO  http.BaseHttpServer (BaseHttpServer.java:updateConnectorAddress(329)) - HTTP server of hddsDatanode listening at http://0.0.0.0:43273
2022-07-12 23:23:53,916 [Listener at 127.0.0.1/45473] INFO  ozone.MiniOzoneClusterImpl (MiniOzoneClusterImpl.java:lambda$waitForClusterToBeReady$0(216)) - Waiting for nodes to be ready. Got 1 of 5 DN Heartbeats.
2022-07-12 23:23:53,916 [Listener at 127.0.0.1/45473] INFO  ozone.MiniOzoneClusterImpl (MiniOzoneClusterImpl.java:lambda$waitForClusterToBeReady$0(219)) - Waiting for cluster to exit safe mode
2022-07-12 23:23:53,916 [Listener at 127.0.0.1/45473] INFO  ozone.MiniOzoneClusterImpl (MiniOzoneClusterImpl.java:lambda$waitForClusterToBeReady$0(221)) - SCM became leader
2022-07-12 23:23:53,916 [Datanode State Machine Daemon Thread] INFO  statemachine.DatanodeStateMachine (DatanodeStateMachine.java:lambda$startDaemon$0(492)) - Ozone container server started.
2022-07-12 23:23:53,961 [IPC Server handler 7 on default port 36479] INFO  net.NetworkTopologyImpl (NetworkTopologyImpl.java:add(112)) - Added a new node: /default-rack/5d23e830-42ed-4d2c-9f35-4c2aa5467d76
2022-07-12 23:23:53,961 [IPC Server handler 7 on default port 36479] INFO  node.SCMNodeManager (SCMNodeManager.java:register(397)) - Registered Data node : 5d23e830-42ed-4d2c-9f35-4c2aa5467d76{ip: 10.1.0.13, host: fv-az46-473.aox2mo1hufxu3kclv1weif3kjc.bx.internal.cloudapp.net, ports: [REPLICATION=34303, RATIS=35411, RATIS_ADMIN=35411, RATIS_SERVER=35411, STANDALONE=39313], networkLocation: /default-rack, certSerialId: null, persistedOpState: null, persistedOpStateExpiryEpochSec: 0}
2022-07-12 23:23:53,962 [EventQueue-NewNodeForNewNodeHandler] INFO  pipeline.BackgroundPipelineCreator (BackgroundPipelineCreator.java:notifyEventTriggered(276)) - trigger a one-shot run on RatisPipelineUtilsThread.
2022-07-12 23:23:53,964 [EventQueue-NodeRegistrationContainerReportForDataNodeSafeModeRule] INFO  safemode.SCMSafeModeManager (DataNodeSafeModeRule.java:process(71)) - SCM in safe mode. 2 DataNodes registered, 3 required.
2022-07-12 23:23:53,972 [RatisPipelineUtilsThread - 0] INFO  pipeline.RatisPipelineProvider (RatisPipelineProvider.java:lambda$create$0(195)) - Sending CreatePipelineCommand for pipeline:PipelineID=676049ca-ee45-4871-81d3-9ed51468be91 to datanode:5d23e830-42ed-4d2c-9f35-4c2aa5467d76
2022-07-12 23:23:53,972 [RatisPipelineUtilsThread - 0] INFO  pipeline.PipelineStateManagerImpl (PipelineStateManagerImpl.java:addPipeline(103)) - Created pipeline Pipeline[ Id: 676049ca-ee45-4871-81d3-9ed51468be91, Nodes: 5d23e830-42ed-4d2c-9f35-4c2aa5467d76{ip: 10.1.0.13, host: fv-az46-473.aox2mo1hufxu3kclv1weif3kjc.bx.internal.cloudapp.net, ports: [REPLICATION=34303, RATIS=35411, RATIS_ADMIN=35411, RATIS_SERVER=35411, STANDALONE=39313], networkLocation: /default-rack, certSerialId: null, persistedOpState: IN_SERVICE, persistedOpStateExpiryEpochSec: 0}, ReplicationConfig: RATIS/ONE, State:ALLOCATED, leaderId:, CreationTimestamp2022-07-12T23:23:53.972Z[Etc/UTC]].
2022-07-12 23:23:54,029 [org.apache.hadoop.util.JvmPauseMonitor$Monitor@5ae418f0] INFO  util.JvmPauseMonitor (JvmPauseMonitor.java:run(188)) - Starting JVM pause monitor
2022-07-12 23:23:54,030 [Datanode State Machine Task Thread - 0] INFO  datanode.InitDatanodeState (InitDatanodeState.java:persistContainerDatanodeDetails(138)) - DatanodeDetails is persisted to /home/runner/work/ozone/ozone/hadoop-ozone/integration-test/target/test-dir/MiniOzoneClusterImpl-c1953583-3267-45ac-aa0d-78ee30f3dc89/datanode-4/meta/datanode.id
2022-07-12 23:23:54,837 [EndpointStateMachine task thread for /0.0.0.0:36479 - 0 ] INFO  volume.HddsVolume (HddsVolume.java:createDbStore(309)) - SchemaV3 db is created and loaded at /home/runner/work/ozone/ozone/hadoop-ozone/integration-test/target/test-dir/MiniOzoneClusterImpl-c1953583-3267-45ac-aa0d-78ee30f3dc89/datanode-3/data-0/containers/hdds/c1953583-3267-45ac-aa0d-78ee30f3dc89/DS-b4c8c08b-9cf4-4adc-b337-60ff498ea9b8/container.db for volume DS-b4c8c08b-9cf4-4adc-b337-60ff498ea9b8
2022-07-12 23:23:54,838 [EndpointStateMachine task thread for /0.0.0.0:36479 - 0 ] INFO  volume.HddsVolume (HddsVolume.java:closeDbStore(340)) - SchemaV3 db is stopped at /home/runner/work/ozone/ozone/hadoop-ozone/integration-test/target/test-dir/MiniOzoneClusterImpl-c1953583-3267-45ac-aa0d-78ee30f3dc89/datanode-3/data-0/containers/hdds/c1953583-3267-45ac-aa0d-78ee30f3dc89/DS-b4c8c08b-9cf4-4adc-b337-60ff498ea9b8/container.db for volume DS-b4c8c08b-9cf4-4adc-b337-60ff498ea9b8
2022-07-12 23:23:54,839 [EndpointStateMachine task thread for /0.0.0.0:36479 - 0 ] INFO  ozoneimpl.OzoneContainer (OzoneContainer.java:start(344)) - Attempting to start container services.
2022-07-12 23:23:54,840 [EndpointStateMachine task thread for /0.0.0.0:36479 - 0 ] INFO  ozoneimpl.OzoneContainer (OzoneContainer.java:startContainerScrub(279)) - Background container scanner has been disabled.
2022-07-12 23:23:54,873 [EndpointStateMachine task thread for /0.0.0.0:36479 - 0 ] INFO  replication.ReplicationServer (ReplicationServer.java:start(111)) - ReplicationServer is started using port 46769
2022-07-12 23:23:54,874 [EndpointStateMachine task thread for /0.0.0.0:36479 - 0 ] INFO  ratis.XceiverServerRatis (XceiverServerRatis.java:start(481)) - Starting XceiverServerRatis 1be6e1bb-e91e-4b89-9749-dd97bfc73499
2022-07-12 23:23:54,875 [EndpointStateMachine task thread for /0.0.0.0:36479 - 0 ] INFO  server.RaftServer (RaftServerProxy.java:lambda$start$6(382)) - 1be6e1bb-e91e-4b89-9749-dd97bfc73499: start RPC server
2022-07-12 23:23:54,879 [EndpointStateMachine task thread for /0.0.0.0:36479 - 0 ] INFO  server.GrpcService (GrpcService.java:startImpl(260)) - 1be6e1bb-e91e-4b89-9749-dd97bfc73499: GrpcService started, listening on 35789
2022-07-12 23:23:54,879 [EndpointStateMachine task thread for /0.0.0.0:36479 - 0 ] INFO  ratis.XceiverServerRatis (XceiverServerRatis.java:getRealPort(502)) - XceiverServerRatis 1be6e1bb-e91e-4b89-9749-dd97bfc73499 is started using port 35789 for RATIS
2022-07-12 23:23:54,879 [EndpointStateMachine task thread for /0.0.0.0:36479 - 0 ] INFO  ratis.XceiverServerRatis (XceiverServerRatis.java:getRealPort(502)) - XceiverServerRatis 1be6e1bb-e91e-4b89-9749-dd97bfc73499 is started using port 35789 for RATIS_ADMIN
2022-07-12 23:23:54,879 [EndpointStateMachine task thread for /0.0.0.0:36479 - 0 ] INFO  ratis.XceiverServerRatis (XceiverServerRatis.java:getRealPort(502)) - XceiverServerRatis 1be6e1bb-e91e-4b89-9749-dd97bfc73499 is started using port 35789 for RATIS_SERVER
2022-07-12 23:23:54,879 [org.apache.ratis.util.JvmPauseMonitor$$Lambda$613/1690937419@29a16165] INFO  util.JvmPauseMonitor (JvmPauseMonitor.java:run(103)) - JvmPauseMonitor-1be6e1bb-e91e-4b89-9749-dd97bfc73499: Started
2022-07-12 23:23:54,916 [Listener at 127.0.0.1/45473] INFO  ozone.MiniOzoneClusterImpl (MiniOzoneClusterImpl.java:lambda$waitForClusterToBeReady$0(216)) - Waiting for nodes to be ready. Got 2 of 5 DN Heartbeats.
2022-07-12 23:23:54,916 [Listener at 127.0.0.1/45473] INFO  ozone.MiniOzoneClusterImpl (MiniOzoneClusterImpl.java:lambda$waitForClusterToBeReady$0(219)) - Waiting for cluster to exit safe mode
2022-07-12 23:23:54,916 [Listener at 127.0.0.1/45473] INFO  ozone.MiniOzoneClusterImpl (MiniOzoneClusterImpl.java:lambda$waitForClusterToBeReady$0(221)) - SCM became leader
2022-07-12 23:23:54,929 [EndpointStateMachine task thread for /0.0.0.0:36479 - 0 ] INFO  server.XceiverServerGrpc (XceiverServerGrpc.java:start(180)) - XceiverServerGrpc 1be6e1bb-e91e-4b89-9749-dd97bfc73499 is started using port 43833
2022-07-12 23:23:55,022 [IPC Server handler 12 on default port 36479] INFO  net.NetworkTopologyImpl (NetworkTopologyImpl.java:add(112)) - Added a new node: /default-rack/41b6f92d-8f51-4ddc-a2ca-a30ae8e33d76
2022-07-12 23:23:55,022 [IPC Server handler 12 on default port 36479] INFO  node.SCMNodeManager (SCMNodeManager.java:register(397)) - Registered Data node : 41b6f92d-8f51-4ddc-a2ca-a30ae8e33d76{ip: 10.1.0.13, host: fv-az46-473.aox2mo1hufxu3kclv1weif3kjc.bx.internal.cloudapp.net, ports: [REPLICATION=45827, RATIS=40749, RATIS_ADMIN=40749, RATIS_SERVER=40749, STANDALONE=42257], networkLocation: /default-rack, certSerialId: null, persistedOpState: null, persistedOpStateExpiryEpochSec: 0}
2022-07-12 23:23:55,022 [EventQueue-NewNodeForNewNodeHandler] INFO  pipeline.BackgroundPipelineCreator (BackgroundPipelineCreator.java:notifyEventTriggered(276)) - trigger a one-shot run on RatisPipelineUtilsThread.
2022-07-12 23:23:55,026 [RatisPipelineUtilsThread - 0] INFO  pipeline.RatisPipelineProvider (RatisPipelineProvider.java:lambda$create$0(195)) - Sending CreatePipelineCommand for pipeline:PipelineID=7ebfb99d-1947-4ee8-b754-a34e9bf9b347 to datanode:41b6f92d-8f51-4ddc-a2ca-a30ae8e33d76
2022-07-12 23:23:55,026 [RatisPipelineUtilsThread - 0] INFO  pipeline.PipelineStateManagerImpl (PipelineStateManagerImpl.java:addPipeline(103)) - Created pipeline Pipeline[ Id: 7ebfb99d-1947-4ee8-b754-a34e9bf9b347, Nodes: 41b6f92d-8f51-4ddc-a2ca-a30ae8e33d76{ip: 10.1.0.13, host: fv-az46-473.aox2mo1hufxu3kclv1weif3kjc.bx.internal.cloudapp.net, ports: [REPLICATION=45827, RATIS=40749, RATIS_ADMIN=40749, RATIS_SERVER=40749, STANDALONE=42257], networkLocation: /default-rack, certSerialId: null, persistedOpState: IN_SERVICE, persistedOpStateExpiryEpochSec: 0}, ReplicationConfig: RATIS/ONE, State:ALLOCATED, leaderId:, CreationTimestamp2022-07-12T23:23:55.026Z[Etc/UTC]].
2022-07-12 23:23:55,027 [EventQueue-NodeRegistrationContainerReportForDataNodeSafeModeRule] INFO  safemode.SCMSafeModeManager (DataNodeSafeModeRule.java:process(71)) - SCM in safe mode. 3 DataNodes registered, 3 required.
2022-07-12 23:23:55,027 [EventQueue-NodeRegistrationContainerReportForDataNodeSafeModeRule] INFO  safemode.SCMSafeModeManager (SCMSafeModeManager.java:validateSafeModeExitRules(204)) - DataNodeSafeModeRule rule is successfully validated
2022-07-12 23:23:55,027 [EventQueue-NodeRegistrationContainerReportForDataNodeSafeModeRule] INFO  safemode.SCMSafeModeManager (SCMSafeModeManager.java:completePreCheck(233)) - All SCM safe mode pre check rules have passed
2022-07-12 23:23:55,027 [EventQueue-NodeRegistrationContainerReportForDataNodeSafeModeRule] WARN  events.EventQueue (EventQueue.java:fireEvent(216)) - No event handler registered for event TypedEvent{payloadType=SafeModeStatus, name='Safe mode status'}
2022-07-12 23:23:55,027 [EventQueue-NodeRegistrationContainerReportForDataNodeSafeModeRule] INFO  ha.SCMContext (SCMContext.java:updateSafeModeStatus(228)) - Update SafeModeStatus from SafeModeStatus{safeModeStatus=true, preCheckPassed=false} to SafeModeStatus{safeModeStatus=true, preCheckPassed=true}.
2022-07-12 23:23:55,027 [EventQueue-NodeRegistrationContainerReportForDataNodeSafeModeRule] INFO  pipeline.BackgroundPipelineCreator (BackgroundPipelineCreator.java:notifyEventTriggered(276)) - trigger a one-shot run on RatisPipelineUtilsThread.
2022-07-12 23:23:55,028 [RatisPipelineUtilsThread - 0] INFO  pipeline.RatisPipelineProvider (RatisPipelineProvider.java:lambda$create$0(195)) - Sending CreatePipelineCommand for pipeline:PipelineID=b7a02158-d7e4-449b-8ef5-42db1ade585a to datanode:5d23e830-42ed-4d2c-9f35-4c2aa5467d76
2022-07-12 23:23:55,028 [RatisPipelineUtilsThread - 0] INFO  pipeline.RatisPipelineProvider (RatisPipelineProvider.java:lambda$create$0(195)) - Sending CreatePipelineCommand for pipeline:PipelineID=b7a02158-d7e4-449b-8ef5-42db1ade585a to datanode:41b6f92d-8f51-4ddc-a2ca-a30ae8e33d76
2022-07-12 23:23:55,028 [RatisPipelineUtilsThread - 0] INFO  pipeline.RatisPipelineProvider (RatisPipelineProvider.java:lambda$create$0(195)) - Sending CreatePipelineCommand for pipeline:PipelineID=b7a02158-d7e4-449b-8ef5-42db1ade585a to datanode:ca090ab3-3872-42a8-bcee-318ad7dbfeb0
2022-07-12 23:23:55,028 [RatisPipelineUtilsThread - 0] INFO  pipeline.PipelineStateManagerImpl (PipelineStateManagerImpl.java:addPipeline(103)) - Created pipeline Pipeline[ Id: b7a02158-d7e4-449b-8ef5-42db1ade585a, Nodes: 5d23e830-42ed-4d2c-9f35-4c2aa5467d76{ip: 10.1.0.13, host: fv-az46-473.aox2mo1hufxu3kclv1weif3kjc.bx.internal.cloudapp.net, ports: [REPLICATION=34303, RATIS=35411, RATIS_ADMIN=35411, RATIS_SERVER=35411, STANDALONE=39313], networkLocation: /default-rack, certSerialId: null, persistedOpState: IN_SERVICE, persistedOpStateExpiryEpochSec: 0}41b6f92d-8f51-4ddc-a2ca-a30ae8e33d76{ip: 10.1.0.13, host: fv-az46-473.aox2mo1hufxu3kclv1weif3kjc.bx.internal.cloudapp.net, ports: [REPLICATION=45827, RATIS=40749, RATIS_ADMIN=40749, RATIS_SERVER=40749, STANDALONE=42257], networkLocation: /default-rack, certSerialId: null, persistedOpState: IN_SERVICE, persistedOpStateExpiryEpochSec: 0}ca090ab3-3872-42a8-bcee-318ad7dbfeb0{ip: 10.1.0.13, host: fv-az46-473.aox2mo1hufxu3kclv1weif3kjc.bx.internal.cloudapp.net, ports: [REPLICATION=36057, RATIS=40055, RATIS_ADMIN=40055, RATIS_SERVER=40055, STANDALONE=37857], networkLocation: /default-rack, certSerialId: null, persistedOpState: IN_SERVICE, persistedOpStateExpiryEpochSec: 0}, ReplicationConfig: RATIS/THREE, State:ALLOCATED, leaderId:, CreationTimestamp2022-07-12T23:23:55.027Z[Etc/UTC]].
2022-07-12 23:23:55,028 [RatisPipelineUtilsThread - 0] INFO  pipeline.RatisPipelineProvider (RatisPipelineProvider.java:lambda$create$0(195)) - Sending CreatePipelineCommand for pipeline:PipelineID=d542f389-28c8-4c3a-80bc-9db053831feb to datanode:ca090ab3-3872-42a8-bcee-318ad7dbfeb0
2022-07-12 23:23:55,028 [RatisPipelineUtilsThread - 0] INFO  pipeline.RatisPipelineProvider (RatisPipelineProvider.java:lambda$create$0(195)) - Sending CreatePipelineCommand for pipeline:PipelineID=d542f389-28c8-4c3a-80bc-9db053831feb to datanode:5d23e830-42ed-4d2c-9f35-4c2aa5467d76
2022-07-12 23:23:55,028 [RatisPipelineUtilsThread - 0] INFO  pipeline.RatisPipelineProvider (RatisPipelineProvider.java:lambda$create$0(195)) - Sending CreatePipelineCommand for pipeline:PipelineID=d542f389-28c8-4c3a-80bc-9db053831feb to datanode:41b6f92d-8f51-4ddc-a2ca-a30ae8e33d76
2022-07-12 23:23:55,028 [RatisPipelineUtilsThread - 0] INFO  pipeline.PipelineStateManagerImpl (PipelineStateManagerImpl.java:addPipeline(103)) - Created pipeline Pipeline[ Id: d542f389-28c8-4c3a-80bc-9db053831feb, Nodes: ca090ab3-3872-42a8-bcee-318ad7dbfeb0{ip: 10.1.0.13, host: fv-az46-473.aox2mo1hufxu3kclv1weif3kjc.bx.internal.cloudapp.net, ports: [REPLICATION=36057, RATIS=40055, RATIS_ADMIN=40055, RATIS_SERVER=40055, STANDALONE=37857], networkLocation: /default-rack, certSerialId: null, persistedOpState: IN_SERVICE, persistedOpStateExpiryEpochSec: 0}5d23e830-42ed-4d2c-9f35-4c2aa5467d76{ip: 10.1.0.13, host: fv-az46-473.aox2mo1hufxu3kclv1weif3kjc.bx.internal.cloudapp.net, ports: [REPLICATION=34303, RATIS=35411, RATIS_ADMIN=35411, RATIS_SERVER=35411, STANDALONE=39313], networkLocation: /default-rack, certSerialId: null, persistedOpState: IN_SERVICE, persistedOpStateExpiryEpochSec: 0}41b6f92d-8f51-4ddc-a2ca-a30ae8e33d76{ip: 10.1.0.13, host: fv-az46-473.aox2mo1hufxu3kclv1weif3kjc.bx.internal.cloudapp.net, ports: [REPLICATION=45827, RATIS=40749, RATIS_ADMIN=40749, RATIS_SERVER=40749, STANDALONE=42257], networkLocation: /default-rack, certSerialId: null, persistedOpState: IN_SERVICE, persistedOpStateExpiryEpochSec: 0}, ReplicationConfig: RATIS/THREE, State:ALLOCATED, leaderId:, CreationTimestamp2022-07-12T23:23:55.028Z[Etc/UTC]].
2022-07-12 23:23:55,029 [RatisPipelineUtilsThread - 0] INFO  pipeline.PipelineManagerImpl (PipelineManagerImpl.java:recordMetricsForPipeline(796)) - Pipeline: PipelineID=d542f389-28c8-4c3a-80bc-9db053831feb contains same datanodes as previous pipelines: PipelineID=b7a02158-d7e4-449b-8ef5-42db1ade585a nodeIds: ca090ab3-3872-42a8-bcee-318ad7dbfeb0, 5d23e830-42ed-4d2c-9f35-4c2aa5467d76, 41b6f92d-8f51-4ddc-a2ca-a30ae8e33d76
2022-07-12 23:23:55,916 [Listener at 127.0.0.1/45473] INFO  ozone.MiniOzoneClusterImpl (MiniOzoneClusterImpl.java:lambda$waitForClusterToBeReady$0(216)) - Waiting for nodes to be ready. Got 3 of 5 DN Heartbeats.
2022-07-12 23:23:55,917 [Listener at 127.0.0.1/45473] INFO  ozone.MiniOzoneClusterImpl (MiniOzoneClusterImpl.java:lambda$waitForClusterToBeReady$0(219)) - Waiting for cluster to exit safe mode
2022-07-12 23:23:55,917 [Listener at 127.0.0.1/45473] INFO  ozone.MiniOzoneClusterImpl (MiniOzoneClusterImpl.java:lambda$waitForClusterToBeReady$0(221)) - SCM became leader
2022-07-12 23:23:55,943 [Command processor thread] INFO  server.RaftServer (RaftServerProxy.java:addNew(96)) - ca090ab3-3872-42a8-bcee-318ad7dbfeb0: addNew group-33B48B73BCEA:[ca090ab3-3872-42a8-bcee-318ad7dbfeb0|rpc:10.1.0.13:40055|priority:1] returns group-33B48B73BCEA:java.util.concurrent.CompletableFuture@7bf21754[Not completed]
2022-07-12 23:23:55,943 [pool-850-thread-1] INFO  server.RaftServer$Division (RaftServerImpl.java:<init>(190)) - ca090ab3-3872-42a8-bcee-318ad7dbfeb0: new RaftServerImpl for group-33B48B73BCEA:[ca090ab3-3872-42a8-bcee-318ad7dbfeb0|rpc:10.1.0.13:40055|priority:1] with ContainerStateMachine:uninitialized
2022-07-12 23:23:55,944 [pool-850-thread-1] INFO  server.RaftServerConfigKeys (ConfUtils.java:logGet(46)) - raft.server.rpc.timeout.min = 5s (custom)
2022-07-12 23:23:55,944 [pool-850-thread-1] INFO  server.RaftServerConfigKeys (ConfUtils.java:logGet(46)) - raft.server.rpc.timeout.max = 5200ms (custom)
2022-07-12 23:23:55,944 [pool-850-thread-1] INFO  server.RaftServerConfigKeys (ConfUtils.java:logGet(46)) - raft.server.rpc.sleep.time = 25ms (default)
2022-07-12 23:23:55,944 [pool-850-thread-1] INFO  server.RaftServerConfigKeys (ConfUtils.java:logGet(46)) - raft.server.rpc.slowness.timeout = 300s (custom)
2022-07-12 23:23:55,944 [pool-850-thread-1] INFO  server.RaftServerConfigKeys (ConfUtils.java:logGet(46)) - raft.server.leaderelection.leader.step-down.wait-time = 10s (default)
2022-07-12 23:23:55,944 [pool-850-thread-1] INFO  server.RaftServerConfigKeys (ConfUtils.java:logGet(46)) - raft.server.sleep.deviation.threshold = 300ms (default)
2022-07-12 23:23:55,944 [pool-850-thread-1] INFO  server.RaftServer$Division (ServerState.java:<init>(107)) - ca090ab3-3872-42a8-bcee-318ad7dbfeb0@group-33B48B73BCEA: ConfigurationManager, init=-1: [ca090ab3-3872-42a8-bcee-318ad7dbfeb0|rpc:10.1.0.13:40055|priority:1], old=null, confs=<EMPTY_MAP>
2022-07-12 23:23:55,944 [pool-850-thread-1] INFO  server.RaftServerConfigKeys (ConfUtils.java:logGet(46)) - raft.server.storage.dir = [/home/runner/work/ozone/ozone/hadoop-ozone/integration-test/target/test-dir/MiniOzoneClusterImpl-c1953583-3267-45ac-aa0d-78ee30f3dc89/datanode-0/data/ratis] (custom)
2022-07-12 23:23:55,944 [pool-850-thread-1] INFO  server.RaftServerConfigKeys (ConfUtils.java:logGet(46)) - raft.server.log.corruption.policy = EXCEPTION (default)
2022-07-12 23:23:55,944 [pool-850-thread-1] INFO  server.RaftServerConfigKeys (ConfUtils.java:logGet(46)) - raft.server.storage.free-space.min = 0MB (=0) (default)
2022-07-12 23:23:55,944 [pool-850-thread-1] INFO  storage.RaftStorageDirectory (RaftStorageDirectoryImpl.java:analyzeStorage(135)) - The storage directory /home/runner/work/ozone/ozone/hadoop-ozone/integration-test/target/test-dir/MiniOzoneClusterImpl-c1953583-3267-45ac-aa0d-78ee30f3dc89/datanode-0/data/ratis/b42b5d43-5256-4b0a-8e38-33b48b73bcea does not exist. Creating ...
2022-07-12 23:23:55,954 [pool-850-thread-1] INFO  storage.RaftStorageDirectory (RaftStorageDirectoryImpl.java:tryLock(230)) - Lock on /home/runner/work/ozone/ozone/hadoop-ozone/integration-test/target/test-dir/MiniOzoneClusterImpl-c1953583-3267-45ac-aa0d-78ee30f3dc89/datanode-0/data/ratis/b42b5d43-5256-4b0a-8e38-33b48b73bcea/in_use.lock acquired by nodename 30948@fv-az46-473
2022-07-12 23:23:55,965 [pool-850-thread-1] INFO  storage.RaftStorage (RaftStorageImpl.java:format(89)) - Storage directory /home/runner/work/ozone/ozone/hadoop-ozone/integration-test/target/test-dir/MiniOzoneClusterImpl-c1953583-3267-45ac-aa0d-78ee30f3dc89/datanode-0/data/ratis/b42b5d43-5256-4b0a-8e38-33b48b73bcea has been successfully formatted.
2022-07-12 23:23:55,993 [pool-850-thread-1] INFO  ratis.ContainerStateMachine (ContainerStateMachine.java:loadSnapshot(236)) - group-33B48B73BCEA: The snapshot info is null. Setting the last applied indexto:(t:0, i:~)
2022-07-12 23:23:55,997 [pool-850-thread-1] INFO  server.RaftServerConfigKeys (ConfUtils.java:logGet(46)) - raft.server.notification.no-leader.timeout = 300s (custom)
2022-07-12 23:23:55,998 [EventQueue-PipelineReportForPipelineReportHandler] INFO  pipeline.PipelineManagerImpl (PipelineManagerImpl.java:openPipeline(367)) - Pipeline Pipeline[ Id: b42b5d43-5256-4b0a-8e38-33b48b73bcea, Nodes: ca090ab3-3872-42a8-bcee-318ad7dbfeb0{ip: 10.1.0.13, host: fv-az46-473.aox2mo1hufxu3kclv1weif3kjc.bx.internal.cloudapp.net, ports: [REPLICATION=36057, RATIS=40055, RATIS_ADMIN=40055, RATIS_SERVER=40055, STANDALONE=37857], networkLocation: /default-rack, certSerialId: null, persistedOpState: IN_SERVICE, persistedOpStateExpiryEpochSec: 0}, ReplicationConfig: RATIS/ONE, State:ALLOCATED, leaderId:ca090ab3-3872-42a8-bcee-318ad7dbfeb0, CreationTimestamp2022-07-12T23:23:53.005Z[Etc/UTC]] moved to OPEN state
2022-07-12 23:23:56,021 [pool-850-thread-1] INFO  server.RaftServerConfigKeys (ConfUtils.java:logGet(46)) - raft.server.log.use.memory = false (default)
2022-07-12 23:23:56,021 [pool-850-thread-1] INFO  server.RaftServerConfigKeys (ConfUtils.java:logGet(46)) - raft.server.log.purge.gap = 1000000 (custom)
2022-07-12 23:23:56,021 [pool-850-thread-1] INFO  server.RaftServerConfigKeys (ConfUtils.java:logGet(46)) - raft.server.log.appender.buffer.byte-limit = 33554432 (custom)
2022-07-12 23:23:56,021 [pool-850-thread-1] INFO  server.RaftServerConfigKeys (ConfUtils.java:logGet(46)) - raft.server.log.statemachine.data.read.timeout = 1000ms (default)
2022-07-12 23:23:56,021 [pool-850-thread-1] INFO  server.RaftServerConfigKeys (ConfUtils.java:logGet(46)) - raft.server.log.segment.size.max = 1048576 (custom)
2022-07-12 23:23:56,022 [pool-850-thread-1] INFO  server.RaftServerConfigKeys (ConfUtils.java:logGet(46)) - raft.server.log.segment.cache.num.max = 2 (custom)
2022-07-12 23:23:56,022 [pool-850-thread-1] INFO  server.RaftServerConfigKeys (ConfUtils.java:logGet(46)) - raft.server.log.segment.cache.size.max = 200MB (=209715200) (default)
2022-07-12 23:23:56,022 [pool-850-thread-1] INFO  segmented.SegmentedRaftLogWorker (SegmentedRaftLogWorker.java:<init>(187)) - new ca090ab3-3872-42a8-bcee-318ad7dbfeb0@group-33B48B73BCEA-SegmentedRaftLogWorker for RaftStorageImpl:Storage Directory /home/runner/work/ozone/ozone/hadoop-ozone/integration-test/target/test-dir/MiniOzoneClusterImpl-c1953583-3267-45ac-aa0d-78ee30f3dc89/datanode-0/data/ratis/b42b5d43-5256-4b0a-8e38-33b48b73bcea
2022-07-12 23:23:56,022 [pool-850-thread-1] INFO  server.RaftServerConfigKeys (ConfUtils.java:logGet(46)) - raft.server.log.queue.byte-limit = 4294967296 (custom)
2022-07-12 23:23:56,022 [pool-850-thread-1] INFO  server.RaftServerConfigKeys (ConfUtils.java:logGet(46)) - raft.server.log.queue.element-limit = 1024 (custom)
2022-07-12 23:23:56,022 [pool-850-thread-1] INFO  server.RaftServerConfigKeys (ConfUtils.java:logGet(46)) - raft.server.log.segment.size.max = 1048576 (custom)
2022-07-12 23:23:56,022 [pool-850-thread-1] INFO  server.RaftServerConfigKeys (ConfUtils.java:logGet(46)) - raft.server.log.preallocated.size = 16384 (custom)
2022-07-12 23:23:56,022 [pool-850-thread-1] INFO  server.RaftServerConfigKeys (ConfUtils.java:logGet(46)) - raft.server.log.force.sync.num = 128 (default)
2022-07-12 23:23:56,022 [pool-850-thread-1] INFO  server.RaftServerConfigKeys (ConfUtils.java:logGet(46)) - raft.server.log.statemachine.data.sync = true (default)
2022-07-12 23:23:56,022 [pool-850-thread-1] INFO  server.RaftServerConfigKeys (ConfUtils.java:logGet(46)) - raft.server.log.statemachine.data.sync.timeout = 10s (default)
2022-07-12 23:23:56,022 [pool-850-thread-1] INFO  server.RaftServerConfigKeys (ConfUtils.java:logGet(46)) - raft.server.log.statemachine.data.sync.timeout.retry = -1 (default)
2022-07-12 23:23:56,037 [pool-850-thread-1] INFO  server.RaftServerConfigKeys (ConfUtils.java:logGet(46)) - raft.server.log.write.buffer.size = 1048576 (custom)
2022-07-12 23:23:56,038 [pool-850-thread-1] INFO  server.RaftServerConfigKeys (ConfUtils.java:logGet(46)) - raft.server.log.unsafe-flush.enabled = false (default)
2022-07-12 23:23:56,038 [pool-850-thread-1] INFO  server.RaftServerConfigKeys (ConfUtils.java:logGet(46)) - raft.server.log.statemachine.data.caching.enabled = true (custom)
2022-07-12 23:23:56,038 [pool-850-thread-1] INFO  segmented.SegmentedRaftLogWorker (SegmentedRaftLogWorker.java:lambda$new$0(135)) - ca090ab3-3872-42a8-bcee-318ad7dbfeb0@group-33B48B73BCEA-SegmentedRaftLogWorker: flushIndex: setUnconditionally 0 -> -1
2022-07-12 23:23:56,038 [pool-850-thread-1] INFO  segmented.SegmentedRaftLogWorker (SegmentedRaftLogWorker.java:lambda$new$0(135)) - ca090ab3-3872-42a8-bcee-318ad7dbfeb0@group-33B48B73BCEA-SegmentedRaftLogWorker: safeCacheEvictIndex: setUnconditionally 0 -> -1
2022-07-12 23:23:56,064 [EventQueue-OpenPipelineForHealthyPipelineSafeModeRule] INFO  safemode.SCMSafeModeManager (HealthyPipelineSafeModeRule.java:process(137)) - SCM in safe mode. Healthy pipelines reported count is 0, required healthy pipeline reported count is 1
2022-07-12 23:23:56,064 [pool-850-thread-1] INFO  server.RaftServerConfigKeys (ConfUtils.java:logGet(46)) - raft.server.snapshot.auto.trigger.enabled = true (custom)
2022-07-12 23:23:56,064 [pool-850-thread-1] INFO  server.RaftServerConfigKeys (ConfUtils.java:logGet(46)) - raft.server.snapshot.auto.trigger.threshold = 10000 (custom)
2022-07-12 23:23:56,064 [pool-850-thread-1] INFO  server.RaftServerConfigKeys (ConfUtils.java:logGet(46)) - raft.server.snapshot.retention.file.num = 5 (custom)
2022-07-12 23:23:56,064 [pool-850-thread-1] INFO  server.RaftServerConfigKeys (ConfUtils.java:logGet(46)) - raft.server.log.purge.upto.snapshot.index = false (default)
2022-07-12 23:23:56,064 [pool-850-thread-1] INFO  server.RaftServerConfigKeys (ConfUtils.java:logGet(46)) - raft.server.retrycache.expirytime = 600000ms (custom)
2022-07-12 23:23:56,064 [pool-850-thread-1] INFO  server.RaftServerConfigKeys (ConfUtils.java:logGet(46)) - raft.server.retrycache.statistics.expirytime = 100μs (default)
2022-07-12 23:23:56,065 [pool-850-thread-1] INFO  server.RaftServerConfigKeys (ConfUtils.java:logGet(46)) - raft.server.log.appender.install.snapshot.enabled = false (custom)
2022-07-12 23:23:56,065 [pool-850-thread-1] INFO  server.RaftServerConfigKeys (ConfUtils.java:logGet(46)) - raft.server.threadpool.server.cached = true (default)
2022-07-12 23:23:56,065 [pool-850-thread-1] INFO  server.RaftServerConfigKeys (ConfUtils.java:logGet(46)) - raft.server.threadpool.server.size = 0 (default)
2022-07-12 23:23:56,066 [pool-850-thread-1] INFO  server.RaftServerConfigKeys (ConfUtils.java:logGet(46)) - raft.server.threadpool.client.cached = true (default)
2022-07-12 23:23:56,066 [pool-850-thread-1] INFO  server.RaftServerConfigKeys (ConfUtils.java:logGet(46)) - raft.server.threadpool.client.size = 0 (default)
2022-07-12 23:23:56,066 [pool-850-thread-1] INFO  server.RaftServer$Division (RaftServerImpl.java:start(310)) - ca090ab3-3872-42a8-bcee-318ad7dbfeb0@group-33B48B73BCEA: start as a follower, conf=-1: [ca090ab3-3872-42a8-bcee-318ad7dbfeb0|rpc:10.1.0.13:40055|priority:1], old=null
2022-07-12 23:23:56,066 [pool-850-thread-1] INFO  server.RaftServer$Division (RaftServerImpl.java:setRole(299)) - ca090ab3-3872-42a8-bcee-318ad7dbfeb0@group-33B48B73BCEA: changes role from      null to FOLLOWER at term 0 for startAsFollower
2022-07-12 23:23:56,066 [pool-850-thread-1] INFO  impl.RoleInfo (RoleInfo.java:updateAndGet(139)) - ca090ab3-3872-42a8-bcee-318ad7dbfeb0: start ca090ab3-3872-42a8-bcee-318ad7dbfeb0@group-33B48B73BCEA-FollowerState
2022-07-12 23:23:56,066 [pool-850-thread-1] INFO  util.JmxRegister (JmxRegister.java:tryRegister(44)) - Successfully registered JMX Bean with object name Ratis:service=RaftServer,group=group-33B48B73BCEA,id=ca090ab3-3872-42a8-bcee-318ad7dbfeb0
2022-07-12 23:23:56,072 [Command processor thread] INFO  ratis.XceiverServerRatis (XceiverServerRatis.java:addGroup(765)) - Created group PipelineID=b42b5d43-5256-4b0a-8e38-33b48b73bcea
2022-07-12 23:23:56,072 [Command processor thread] INFO  commandhandler.CreatePipelineCommandHandler (CreatePipelineCommandHandler.java:handle(113)) - Created Pipeline RATIS ONE PipelineID=b42b5d43-5256-4b0a-8e38-33b48b73bcea.
2022-07-12 23:23:56,072 [Command processor thread] INFO  server.RaftServer (RaftServerProxy.java:addNew(96)) - ca090ab3-3872-42a8-bcee-318ad7dbfeb0: addNew group-42DB1ADE585A:[5d23e830-42ed-4d2c-9f35-4c2aa5467d76|rpc:10.1.0.13:35411|priority:0, 41b6f92d-8f51-4ddc-a2ca-a30ae8e33d76|rpc:10.1.0.13:40749|priority:1, ca090ab3-3872-42a8-bcee-318ad7dbfeb0|rpc:10.1.0.13:40055|priority:0] returns group-42DB1ADE585A:java.util.concurrent.CompletableFuture@7fcd8cf2[Not completed]
2022-07-12 23:23:56,076 [pool-850-thread-1] INFO  server.RaftServer$Division (RaftServerImpl.java:<init>(190)) - ca090ab3-3872-42a8-bcee-318ad7dbfeb0: new RaftServerImpl for group-42DB1ADE585A:[5d23e830-42ed-4d2c-9f35-4c2aa5467d76|rpc:10.1.0.13:35411|priority:0, 41b6f92d-8f51-4ddc-a2ca-a30ae8e33d76|rpc:10.1.0.13:40749|priority:1, ca090ab3-3872-42a8-bcee-318ad7dbfeb0|rpc:10.1.0.13:40055|priority:0] with ContainerStateMachine:uninitialized
2022-07-12 23:23:56,077 [pool-850-thread-1] INFO  server.RaftServerConfigKeys (ConfUtils.java:logGet(46)) - raft.server.rpc.timeout.min = 5s (custom)
2022-07-12 23:23:56,077 [pool-850-thread-1] INFO  server.RaftServerConfigKeys (ConfUtils.java:logGet(46)) - raft.server.rpc.timeout.max = 5200ms (custom)
2022-07-12 23:23:56,077 [pool-850-thread-1] INFO  server.RaftServerConfigKeys (ConfUtils.java:logGet(46)) - raft.server.rpc.sleep.time = 25ms (default)
2022-07-12 23:23:56,077 [pool-850-thread-1] INFO  server.RaftServerConfigKeys (ConfUtils.java:logGet(46)) - raft.server.rpc.slowness.timeout = 300s (custom)
2022-07-12 23:23:56,077 [pool-850-thread-1] INFO  server.RaftServerConfigKeys (ConfUtils.java:logGet(46)) - raft.server.leaderelection.leader.step-down.wait-time = 10s (default)
2022-07-12 23:23:56,077 [pool-850-thread-1] INFO  server.RaftServerConfigKeys (ConfUtils.java:logGet(46)) - raft.server.sleep.deviation.threshold = 300ms (default)
2022-07-12 23:23:56,077 [pool-850-thread-1] INFO  server.RaftServer$Division (ServerState.java:<init>(107)) - ca090ab3-3872-42a8-bcee-318ad7dbfeb0@group-42DB1ADE585A: ConfigurationManager, init=-1: [5d23e830-42ed-4d2c-9f35-4c2aa5467d76|rpc:10.1.0.13:35411|priority:0, 41b6f92d-8f51-4ddc-a2ca-a30ae8e33d76|rpc:10.1.0.13:40749|priority:1, ca090ab3-3872-42a8-bcee-318ad7dbfeb0|rpc:10.1.0.13:40055|priority:0], old=null, confs=<EMPTY_MAP>
2022-07-12 23:23:56,077 [pool-850-thread-1] INFO  server.RaftServerConfigKeys (ConfUtils.java:logGet(46)) - raft.server.storage.dir = [/home/runner/work/ozone/ozone/hadoop-ozone/integration-test/target/test-dir/MiniOzoneClusterImpl-c1953583-3267-45ac-aa0d-78ee30f3dc89/datanode-0/data/ratis] (custom)
2022-07-12 23:23:56,077 [pool-850-thread-1] INFO  server.RaftServerConfigKeys (ConfUtils.java:logGet(46)) - raft.server.log.corruption.policy = EXCEPTION (default)
2022-07-12 23:23:56,077 [pool-850-thread-1] INFO  server.RaftServerConfigKeys (ConfUtils.java:logGet(46)) - raft.server.storage.free-space.min = 0MB (=0) (default)
2022-07-12 23:23:56,077 [pool-850-thread-1] INFO  storage.RaftStorageDirectory (RaftStorageDirectoryImpl.java:analyzeStorage(135)) - The storage directory /home/runner/work/ozone/ozone/hadoop-ozone/integration-test/target/test-dir/MiniOzoneClusterImpl-c1953583-3267-45ac-aa0d-78ee30f3dc89/datanode-0/data/ratis/b7a02158-d7e4-449b-8ef5-42db1ade585a does not exist. Creating ...
2022-07-12 23:23:56,078 [pool-850-thread-1] INFO  storage.RaftStorageDirectory (RaftStorageDirectoryImpl.java:tryLock(230)) - Lock on /home/runner/work/ozone/ozone/hadoop-ozone/integration-test/target/test-dir/MiniOzoneClusterImpl-c1953583-3267-45ac-aa0d-78ee30f3dc89/datanode-0/data/ratis/b7a02158-d7e4-449b-8ef5-42db1ade585a/in_use.lock acquired by nodename 30948@fv-az46-473
2022-07-12 23:23:56,080 [pool-850-thread-1] INFO  storage.RaftStorage (RaftStorageImpl.java:format(89)) - Storage directory /home/runner/work/ozone/ozone/hadoop-ozone/integration-test/target/test-dir/MiniOzoneClusterImpl-c1953583-3267-45ac-aa0d-78ee30f3dc89/datanode-0/data/ratis/b7a02158-d7e4-449b-8ef5-42db1ade585a has been successfully formatted.
2022-07-12 23:23:56,080 [pool-850-thread-1] INFO  ratis.ContainerStateMachine (ContainerStateMachine.java:loadSnapshot(236)) - group-42DB1ADE585A: The snapshot info is null. Setting the last applied indexto:(t:0, i:~)
2022-07-12 23:23:56,080 [pool-850-thread-1] INFO  server.RaftServerConfigKeys (ConfUtils.java:logGet(46)) - raft.server.notification.no-leader.timeout = 300s (custom)
2022-07-12 23:23:56,081 [pool-850-thread-1] INFO  server.RaftServerConfigKeys (ConfUtils.java:logGet(46)) - raft.server.log.use.memory = false (default)
2022-07-12 23:23:56,081 [pool-850-thread-1] INFO  server.RaftServerConfigKeys (ConfUtils.java:logGet(46)) - raft.server.log.purge.gap = 1000000 (custom)
2022-07-12 23:23:56,081 [pool-850-thread-1] INFO  server.RaftServerConfigKeys (ConfUtils.java:logGet(46)) - raft.server.log.appender.buffer.byte-limit = 33554432 (custom)
2022-07-12 23:23:56,081 [pool-850-thread-1] INFO  server.RaftServerConfigKeys (ConfUtils.java:logGet(46)) - raft.server.log.statemachine.data.read.timeout = 1000ms (default)
2022-07-12 23:23:56,081 [EventQueue-OpenPipelineForHealthyPipelineSafeModeRule] INFO  safemode.SCMSafeModeManager (HealthyPipelineSafeModeRule.java:process(137)) - SCM in safe mode. Healthy pipelines reported count is 0, required healthy pipeline reported count is 1
2022-07-12 23:23:56,081 [pool-850-thread-1] INFO  server.RaftServerConfigKeys (ConfUtils.java:logGet(46)) - raft.server.log.segment.size.max = 1048576 (custom)
2022-07-12 23:23:56,081 [pool-850-thread-1] INFO  server.RaftServerConfigKeys (ConfUtils.java:logGet(46)) - raft.server.log.segment.cache.num.max = 2 (custom)
2022-07-12 23:23:56,082 [pool-850-thread-1] INFO  server.RaftServerConfigKeys (ConfUtils.java:logGet(46)) - raft.server.log.segment.cache.size.max = 200MB (=209715200) (default)
2022-07-12 23:23:56,082 [pool-850-thread-1] INFO  segmented.SegmentedRaftLogWorker (SegmentedRaftLogWorker.java:<init>(187)) - new ca090ab3-3872-42a8-bcee-318ad7dbfeb0@group-42DB1ADE585A-SegmentedRaftLogWorker for RaftStorageImpl:Storage Directory /home/runner/work/ozone/ozone/hadoop-ozone/integration-test/target/test-dir/MiniOzoneClusterImpl-c1953583-3267-45ac-aa0d-78ee30f3dc89/datanode-0/data/ratis/b7a02158-d7e4-449b-8ef5-42db1ade585a
2022-07-12 23:23:56,082 [pool-850-thread-1] INFO  server.RaftServerConfigKeys (ConfUtils.java:logGet(46)) - raft.server.log.queue.byte-limit = 4294967296 (custom)
2022-07-12 23:23:56,082 [pool-850-thread-1] INFO  server.RaftServerConfigKeys (ConfUtils.java:logGet(46)) - raft.server.log.queue.element-limit = 1024 (custom)
2022-07-12 23:23:56,082 [pool-850-thread-1] INFO  server.RaftServerConfigKeys (ConfUtils.java:logGet(46)) - raft.server.log.segment.size.max = 1048576 (custom)
2022-07-12 23:23:56,082 [pool-850-thread-1] INFO  server.RaftServerConfigKeys (ConfUtils.java:logGet(46)) - raft.server.log.preallocated.size = 16384 (custom)
2022-07-12 23:23:56,082 [pool-850-thread-1] INFO  server.RaftServerConfigKeys (ConfUtils.java:logGet(46)) - raft.server.log.force.sync.num = 128 (default)
2022-07-12 23:23:56,082 [pool-850-thread-1] INFO  server.RaftServerConfigKeys (ConfUtils.java:logGet(46)) - raft.server.log.statemachine.data.sync = true (default)
2022-07-12 23:23:56,082 [pool-850-thread-1] INFO  server.RaftServerConfigKeys (ConfUtils.java:logGet(46)) - raft.server.log.statemachine.data.sync.timeout = 10s (default)
2022-07-12 23:23:56,082 [pool-850-thread-1] INFO  server.RaftServerConfigKeys (ConfUtils.java:logGet(46)) - raft.server.log.statemachine.data.sync.timeout.retry = -1 (default)
2022-07-12 23:23:56,083 [pool-850-thread-1] INFO  server.RaftServerConfigKeys (ConfUtils.java:logGet(46)) - raft.server.log.write.buffer.size = 1048576 (custom)
2022-07-12 23:23:56,083 [pool-850-thread-1] INFO  server.RaftServerConfigKeys (ConfUtils.java:logGet(46)) - raft.server.log.unsafe-flush.enabled = false (default)
2022-07-12 23:23:56,083 [pool-850-thread-1] INFO  server.RaftServerConfigKeys (ConfUtils.java:logGet(46)) - raft.server.log.statemachine.data.caching.enabled = true (custom)
2022-07-12 23:23:56,083 [pool-850-thread-1] INFO  segmented.SegmentedRaftLogWorker (SegmentedRaftLogWorker.java:lambda$new$0(135)) - ca090ab3-3872-42a8-bcee-318ad7dbfeb0@group-42DB1ADE585A-SegmentedRaftLogWorker: flushIndex: setUnconditionally 0 -> -1
2022-07-12 23:23:56,083 [pool-850-thread-1] INFO  segmented.SegmentedRaftLogWorker (SegmentedRaftLogWorker.java:lambda$new$0(135)) - ca090ab3-3872-42a8-bcee-318ad7dbfeb0@group-42DB1ADE585A-SegmentedRaftLogWorker: safeCacheEvictIndex: setUnconditionally 0 -> -1
2022-07-12 23:23:56,097 [pool-850-thread-1] INFO  server.RaftServerConfigKeys (ConfUtils.java:logGet(46)) - raft.server.snapshot.auto.trigger.enabled = true (custom)
2022-07-12 23:23:56,097 [pool-850-thread-1] INFO  server.RaftServerConfigKeys (ConfUtils.java:logGet(46)) - raft.server.snapshot.auto.trigger.threshold = 10000 (custom)
2022-07-12 23:23:56,097 [pool-850-thread-1] INFO  server.RaftServerConfigKeys (ConfUtils.java:logGet(46)) - raft.server.snapshot.retention.file.num = 5 (custom)
2022-07-12 23:23:56,097 [pool-850-thread-1] INFO  server.RaftServerConfigKeys (ConfUtils.java:logGet(46)) - raft.server.log.purge.upto.snapshot.index = false (default)
2022-07-12 23:23:56,097 [pool-850-thread-1] INFO  server.RaftServerConfigKeys (ConfUtils.java:logGet(46)) - raft.server.retrycache.expirytime = 600000ms (custom)
2022-07-12 23:23:56,097 [pool-850-thread-1] INFO  server.RaftServerConfigKeys (ConfUtils.java:logGet(46)) - raft.server.retrycache.statistics.expirytime = 100μs (default)
2022-07-12 23:23:56,098 [pool-850-thread-1] INFO  server.RaftServerConfigKeys (ConfUtils.java:logGet(46)) - raft.server.log.appender.install.snapshot.enabled = false (custom)
2022-07-12 23:23:56,099 [pool-850-thread-1] INFO  server.RaftServerConfigKeys (ConfUtils.java:logGet(46)) - raft.server.threadpool.server.cached = true (default)
2022-07-12 23:23:56,099 [pool-850-thread-1] INFO  server.RaftServerConfigKeys (ConfUtils.java:logGet(46)) - raft.server.threadpool.server.size = 0 (default)
2022-07-12 23:23:56,099 [pool-850-thread-1] INFO  server.RaftServerConfigKeys (ConfUtils.java:logGet(46)) - raft.server.threadpool.client.cached = true (default)
2022-07-12 23:23:56,099 [pool-850-thread-1] INFO  server.RaftServerConfigKeys (ConfUtils.java:logGet(46)) - raft.server.threadpool.client.size = 0 (default)
2022-07-12 23:23:56,099 [pool-850-thread-1] INFO  server.RaftServer$Division (RaftServerImpl.java:start(310)) - ca090ab3-3872-42a8-bcee-318ad7dbfeb0@group-42DB1ADE585A: start as a follower, conf=-1: [5d23e830-42ed-4d2c-9f35-4c2aa5467d76|rpc:10.1.0.13:35411|priority:0, 41b6f92d-8f51-4ddc-a2ca-a30ae8e33d76|rpc:10.1.0.13:40749|priority:1, ca090ab3-3872-42a8-bcee-318ad7dbfeb0|rpc:10.1.0.13:40055|priority:0], old=null
2022-07-12 23:23:56,099 [pool-850-thread-1] INFO  server.RaftServer$Division (RaftServerImpl.java:setRole(299)) - ca090ab3-3872-42a8-bcee-318ad7dbfeb0@group-42DB1ADE585A: changes role from      null to FOLLOWER at term 0 for startAsFollower
2022-07-12 23:23:56,099 [pool-850-thread-1] INFO  impl.RoleInfo (RoleInfo.java:updateAndGet(139)) - ca090ab3-3872-42a8-bcee-318ad7dbfeb0: start ca090ab3-3872-42a8-bcee-318ad7dbfeb0@group-42DB1ADE585A-FollowerState
2022-07-12 23:23:56,101 [pool-850-thread-1] INFO  util.JmxRegister (JmxRegister.java:tryRegister(44)) - Successfully registered JMX Bean with object name Ratis:service=RaftServer,group=group-42DB1ADE585A,id=ca090ab3-3872-42a8-bcee-318ad7dbfeb0
2022-07-12 23:23:56,105 [Command processor thread] INFO  ratis.XceiverServerRatis (XceiverServerRatis.java:addGroup(765)) - Created group PipelineID=b7a02158-d7e4-449b-8ef5-42db1ade585a
2022-07-12 23:23:56,187 [grpc-default-executor-0] INFO  server.RaftServer (RaftServerProxy.java:addNew(96)) - 5d23e830-42ed-4d2c-9f35-4c2aa5467d76: addNew group-42DB1ADE585A:[5d23e830-42ed-4d2c-9f35-4c2aa5467d76|rpc:10.1.0.13:35411|dataStream:|priority:0, 41b6f92d-8f51-4ddc-a2ca-a30ae8e33d76|rpc:10.1.0.13:40749|dataStream:|priority:1, ca090ab3-3872-42a8-bcee-318ad7dbfeb0|rpc:10.1.0.13:40055|dataStream:|priority:0] returns group-42DB1ADE585A:java.util.concurrent.CompletableFuture@31ff8604[Not completed]
2022-07-12 23:23:56,250 [pool-873-thread-1] INFO  server.RaftServer$Division (RaftServerImpl.java:<init>(190)) - 5d23e830-42ed-4d2c-9f35-4c2aa5467d76: new RaftServerImpl for group-42DB1ADE585A:[5d23e830-42ed-4d2c-9f35-4c2aa5467d76|rpc:10.1.0.13:35411|dataStream:|priority:0, 41b6f92d-8f51-4ddc-a2ca-a30ae8e33d76|rpc:10.1.0.13:40749|dataStream:|priority:1, ca090ab3-3872-42a8-bcee-318ad7dbfeb0|rpc:10.1.0.13:40055|dataStream:|priority:0] with ContainerStateMachine:uninitialized
2022-07-12 23:23:56,250 [pool-873-thread-1] INFO  server.RaftServerConfigKeys (ConfUtils.java:logGet(46)) - raft.server.rpc.timeout.min = 5s (custom)
2022-07-12 23:23:56,250 [pool-873-thread-1] INFO  server.RaftServerConfigKeys (ConfUtils.java:logGet(46)) - raft.server.rpc.timeout.max = 5200ms (custom)
2022-07-12 23:23:56,250 [pool-873-thread-1] INFO  server.RaftServerConfigKeys (ConfUtils.java:logGet(46)) - raft.server.rpc.sleep.time = 25ms (default)
2022-07-12 23:23:56,250 [pool-873-thread-1] INFO  server.RaftServerConfigKeys (ConfUtils.java:logGet(46)) - raft.server.rpc.slowness.timeout = 300s (custom)
2022-07-12 23:23:56,250 [pool-873-thread-1] INFO  server.RaftServerConfigKeys (ConfUtils.java:logGet(46)) - raft.server.leaderelection.leader.step-down.wait-time = 10s (default)
2022-07-12 23:23:56,250 [pool-873-thread-1] INFO  server.RaftServerConfigKeys (ConfUtils.java:logGet(46)) - raft.server.sleep.deviation.threshold = 300ms (default)
2022-07-12 23:23:56,251 [pool-873-thread-1] INFO  server.RaftServer$Division (ServerState.java:<init>(107)) - 5d23e830-42ed-4d2c-9f35-4c2aa5467d76@group-42DB1ADE585A: ConfigurationManager, init=-1: [5d23e830-42ed-4d2c-9f35-4c2aa5467d76|rpc:10.1.0.13:35411|dataStream:|priority:0, 41b6f92d-8f51-4ddc-a2ca-a30ae8e33d76|rpc:10.1.0.13:40749|dataStream:|priority:1, ca090ab3-3872-42a8-bcee-318ad7dbfeb0|rpc:10.1.0.13:40055|dataStream:|priority:0], old=null, confs=<EMPTY_MAP>
2022-07-12 23:23:56,251 [pool-873-thread-1] INFO  server.RaftServerConfigKeys (ConfUtils.java:logGet(46)) - raft.server.storage.dir = [/home/runner/work/ozone/ozone/hadoop-ozone/integration-test/target/test-dir/MiniOzoneClusterImpl-c1953583-3267-45ac-aa0d-78ee30f3dc89/datanode-1/data/ratis] (custom)
2022-07-12 23:23:56,251 [pool-873-thread-1] INFO  server.RaftServerConfigKeys (ConfUtils.java:logGet(46)) - raft.server.log.corruption.policy = EXCEPTION (default)
2022-07-12 23:23:56,251 [pool-873-thread-1] INFO  server.RaftServerConfigKeys (ConfUtils.java:logGet(46)) - raft.server.storage.free-space.min = 0MB (=0) (default)
2022-07-12 23:23:56,251 [pool-873-thread-1] INFO  storage.RaftStorageDirectory (RaftStorageDirectoryImpl.java:analyzeStorage(135)) - The storage directory /home/runner/work/ozone/ozone/hadoop-ozone/integration-test/target/test-dir/MiniOzoneClusterImpl-c1953583-3267-45ac-aa0d-78ee30f3dc89/datanode-1/data/ratis/b7a02158-d7e4-449b-8ef5-42db1ade585a does not exist. Creating ...
2022-07-12 23:23:56,258 [pool-873-thread-1] INFO  storage.RaftStorageDirectory (RaftStorageDirectoryImpl.java:tryLock(230)) - Lock on /home/runner/work/ozone/ozone/hadoop-ozone/integration-test/target/test-dir/MiniOzoneClusterImpl-c1953583-3267-45ac-aa0d-78ee30f3dc89/datanode-1/data/ratis/b7a02158-d7e4-449b-8ef5-42db1ade585a/in_use.lock acquired by nodename 30948@fv-az46-473
2022-07-12 23:23:56,261 [pool-873-thread-1] INFO  storage.RaftStorage (RaftStorageImpl.java:format(89)) - Storage directory /home/runner/work/ozone/ozone/hadoop-ozone/integration-test/target/test-dir/MiniOzoneClusterImpl-c1953583-3267-45ac-aa0d-78ee30f3dc89/datanode-1/data/ratis/b7a02158-d7e4-449b-8ef5-42db1ade585a has been successfully formatted.
2022-07-12 23:23:56,309 [EndpointStateMachine task thread for /0.0.0.0:36479 - 0 ] INFO  volume.HddsVolume (HddsVolume.java:createDbStore(309)) - SchemaV3 db is created and loaded at /home/runner/work/ozone/ozone/hadoop-ozone/integration-test/target/test-dir/MiniOzoneClusterImpl-c1953583-3267-45ac-aa0d-78ee30f3dc89/datanode-4/data-0/containers/hdds/c1953583-3267-45ac-aa0d-78ee30f3dc89/DS-8e2b33c7-c20a-47e2-aa0e-81b29ddd8109/container.db for volume DS-8e2b33c7-c20a-47e2-aa0e-81b29ddd8109
2022-07-12 23:23:56,309 [EndpointStateMachine task thread for /0.0.0.0:36479 - 0 ] INFO  volume.HddsVolume (HddsVolume.java:closeDbStore(340)) - SchemaV3 db is stopped at /home/runner/work/ozone/ozone/hadoop-ozone/integration-test/target/test-dir/MiniOzoneClusterImpl-c1953583-3267-45ac-aa0d-78ee30f3dc89/datanode-4/data-0/containers/hdds/c1953583-3267-45ac-aa0d-78ee30f3dc89/DS-8e2b33c7-c20a-47e2-aa0e-81b29ddd8109/container.db for volume DS-8e2b33c7-c20a-47e2-aa0e-81b29ddd8109
2022-07-12 23:23:56,309 [EndpointStateMachine task thread for /0.0.0.0:36479 - 0 ] INFO  ozoneimpl.OzoneContainer (OzoneContainer.java:start(344)) - Attempting to start container services.
2022-07-12 23:23:56,309 [EndpointStateMachine task thread for /0.0.0.0:36479 - 0 ] INFO  ozoneimpl.OzoneContainer (OzoneContainer.java:startContainerScrub(279)) - Background container scanner has been disabled.
2022-07-12 23:23:56,311 [pool-873-thread-1] INFO  ratis.ContainerStateMachine (ContainerStateMachine.java:loadSnapshot(236)) - group-42DB1ADE585A: The snapshot info is null. Setting the last applied indexto:(t:0, i:~)
2022-07-12 23:23:56,311 [pool-873-thread-1] INFO  server.RaftServerConfigKeys (ConfUtils.java:logGet(46)) - raft.server.notification.no-leader.timeout = 300s (custom)
2022-07-12 23:23:56,311 [pool-873-thread-1] INFO  server.RaftServerConfigKeys (ConfUtils.java:logGet(46)) - raft.server.log.use.memory = false (default)
2022-07-12 23:23:56,311 [pool-873-thread-1] INFO  server.RaftServerConfigKeys (ConfUtils.java:logGet(46)) - raft.server.log.purge.gap = 1000000 (custom)
2022-07-12 23:23:56,311 [pool-873-thread-1] INFO  server.RaftServerConfigKeys (ConfUtils.java:logGet(46)) - raft.server.log.appender.buffer.byte-limit = 33554432 (custom)
2022-07-12 23:23:56,311 [pool-873-thread-1] INFO  server.RaftServerConfigKeys (ConfUtils.java:logGet(46)) - raft.server.log.statemachine.data.read.timeout = 1000ms (default)
2022-07-12 23:23:56,311 [pool-873-thread-1] INFO  server.RaftServerConfigKeys (ConfUtils.java:logGet(46)) - raft.server.log.segment.size.max = 1048576 (custom)
2022-07-12 23:23:56,312 [pool-873-thread-1] INFO  server.RaftServerConfigKeys (ConfUtils.java:logGet(46)) - raft.server.log.segment.cache.num.max = 2 (custom)
2022-07-12 23:23:56,312 [pool-873-thread-1] INFO  server.RaftServerConfigKeys (ConfUtils.java:logGet(46)) - raft.server.log.segment.cache.size.max = 200MB (=209715200) (default)
2022-07-12 23:23:56,312 [pool-873-thread-1] INFO  segmented.SegmentedRaftLogWorker (SegmentedRaftLogWorker.java:<init>(187)) - new 5d23e830-42ed-4d2c-9f35-4c2aa5467d76@group-42DB1ADE585A-SegmentedRaftLogWorker for RaftStorageImpl:Storage Directory /home/runner/work/ozone/ozone/hadoop-ozone/integration-test/target/test-dir/MiniOzoneClusterImpl-c1953583-3267-45ac-aa0d-78ee30f3dc89/datanode-1/data/ratis/b7a02158-d7e4-449b-8ef5-42db1ade585a
2022-07-12 23:23:56,312 [pool-873-thread-1] INFO  server.RaftServerConfigKeys (ConfUtils.java:logGet(46)) - raft.server.log.queue.byte-limit = 4294967296 (custom)
2022-07-12 23:23:56,312 [pool-873-thread-1] INFO  server.RaftServerConfigKeys (ConfUtils.java:logGet(46)) - raft.server.log.queue.element-limit = 1024 (custom)
2022-07-12 23:23:56,312 [pool-873-thread-1] INFO  server.RaftServerConfigKeys (ConfUtils.java:logGet(46)) - raft.server.log.segment.size.max = 1048576 (custom)
2022-07-12 23:23:56,312 [pool-873-thread-1] INFO  server.RaftServerConfigKeys (ConfUtils.java:logGet(46)) - raft.server.log.preallocated.size = 16384 (custom)
2022-07-12 23:23:56,312 [pool-873-thread-1] INFO  server.RaftServerConfigKeys (ConfUtils.java:logGet(46)) - raft.server.log.force.sync.num = 128 (default)
2022-07-12 23:23:56,312 [pool-873-thread-1] INFO  server.RaftServerConfigKeys (ConfUtils.java:logGet(46)) - raft.server.log.statemachine.data.sync = true (default)
2022-07-12 23:23:56,312 [pool-873-thread-1] INFO  server.RaftServerConfigKeys (ConfUtils.java:logGet(46)) - raft.server.log.statemachine.data.sync.timeout = 10s (default)
2022-07-12 23:23:56,312 [pool-873-thread-1] INFO  server.RaftServerConfigKeys (ConfUtils.java:logGet(46)) - raft.server.log.statemachine.data.sync.timeout.retry = -1 (default)
2022-07-12 23:23:56,317 [pool-873-thread-1] INFO  server.RaftServerConfigKeys (ConfUtils.java:logGet(46)) - raft.server.log.write.buffer.size = 1048576 (custom)
2022-07-12 23:23:56,318 [pool-873-thread-1] INFO  server.RaftServerConfigKeys (ConfUtils.java:logGet(46)) - raft.server.log.unsafe-flush.enabled = false (default)
2022-07-12 23:23:56,318 [pool-873-thread-1] INFO  server.RaftServerConfigKeys (ConfUtils.java:logGet(46)) - raft.server.log.statemachine.data.caching.enabled = true (custom)
2022-07-12 23:23:56,318 [pool-873-thread-1] INFO  segmented.SegmentedRaftLogWorker (SegmentedRaftLogWorker.java:lambda$new$0(135)) - 5d23e830-42ed-4d2c-9f35-4c2aa5467d76@group-42DB1ADE585A-SegmentedRaftLogWorker: flushIndex: setUnconditionally 0 -> -1
2022-07-12 23:23:56,318 [pool-873-thread-1] INFO  segmented.SegmentedRaftLogWorker (SegmentedRaftLogWorker.java:lambda$new$0(135)) - 5d23e830-42ed-4d2c-9f35-4c2aa5467d76@group-42DB1ADE585A-SegmentedRaftLogWorker: safeCacheEvictIndex: setUnconditionally 0 -> -1
2022-07-12 23:23:56,329 [pool-873-thread-1] INFO  server.RaftServerConfigKeys (ConfUtils.java:logGet(46)) - raft.server.snapshot.auto.trigger.enabled = true (custom)
2022-07-12 23:23:56,329 [pool-873-thread-1] INFO  server.RaftServerConfigKeys (ConfUtils.java:logGet(46)) - raft.server.snapshot.auto.trigger.threshold = 10000 (custom)
2022-07-12 23:23:56,329 [pool-873-thread-1] INFO  server.RaftServerConfigKeys (ConfUtils.java:logGet(46)) - raft.server.snapshot.retention.file.num = 5 (custom)
2022-07-12 23:23:56,329 [pool-873-thread-1] INFO  server.RaftServerConfigKeys (ConfUtils.java:logGet(46)) - raft.server.log.purge.upto.snapshot.index = false (default)
2022-07-12 23:23:56,329 [pool-873-thread-1] INFO  server.RaftServerConfigKeys (ConfUtils.java:logGet(46)) - raft.server.retrycache.expirytime = 600000ms (custom)
2022-07-12 23:23:56,329 [pool-873-thread-1] INFO  server.RaftServerConfigKeys (ConfUtils.java:logGet(46)) - raft.server.retrycache.statistics.expirytime = 100μs (default)
2022-07-12 23:23:56,358 [pool-873-thread-1] INFO  server.RaftServerConfigKeys (ConfUtils.java:logGet(46)) - raft.server.log.appender.install.snapshot.enabled = false (custom)
2022-07-12 23:23:56,358 [pool-873-thread-1] INFO  server.RaftServerConfigKeys (ConfUtils.java:logGet(46)) - raft.server.threadpool.server.cached = true (default)
2022-07-12 23:23:56,358 [pool-873-thread-1] INFO  server.RaftServerConfigKeys (ConfUtils.java:logGet(46)) - raft.server.threadpool.server.size = 0 (default)
2022-07-12 23:23:56,358 [pool-873-thread-1] INFO  server.RaftServerConfigKeys (ConfUtils.java:logGet(46)) - raft.server.threadpool.client.cached = true (default)
2022-07-12 23:23:56,358 [pool-873-thread-1] INFO  server.RaftServerConfigKeys (ConfUtils.java:logGet(46)) - raft.server.threadpool.client.size = 0 (default)
2022-07-12 23:23:56,358 [pool-873-thread-1] INFO  server.RaftServer$Division (RaftServerImpl.java:start(310)) - 5d23e830-42ed-4d2c-9f35-4c2aa5467d76@group-42DB1ADE585A: start as a follower, conf=-1: [5d23e830-42ed-4d2c-9f35-4c2aa5467d76|rpc:10.1.0.13:35411|dataStream:|priority:0, 41b6f92d-8f51-4ddc-a2ca-a30ae8e33d76|rpc:10.1.0.13:40749|dataStream:|priority:1, ca090ab3-3872-42a8-bcee-318ad7dbfeb0|rpc:10.1.0.13:40055|dataStream:|priority:0], old=null
2022-07-12 23:23:56,358 [pool-873-thread-1] INFO  server.RaftServer$Division (RaftServerImpl.java:setRole(299)) - 5d23e830-42ed-4d2c-9f35-4c2aa5467d76@group-42DB1ADE585A: changes role from      null to FOLLOWER at term 0 for startAsFollower
2022-07-12 23:23:56,358 [pool-873-thread-1] INFO  impl.RoleInfo (RoleInfo.java:updateAndGet(139)) - 5d23e830-42ed-4d2c-9f35-4c2aa5467d76: start 5d23e830-42ed-4d2c-9f35-4c2aa5467d76@group-42DB1ADE585A-FollowerState
2022-07-12 23:23:56,365 [pool-873-thread-1] INFO  util.JmxRegister (JmxRegister.java:tryRegister(44)) - Successfully registered JMX Bean with object name Ratis:service=RaftServer,group=group-42DB1ADE585A,id=5d23e830-42ed-4d2c-9f35-4c2aa5467d76
2022-07-12 23:23:56,416 [EndpointStateMachine task thread for /0.0.0.0:36479 - 0 ] INFO  replication.ReplicationServer (ReplicationServer.java:start(111)) - ReplicationServer is started using port 36101
2022-07-12 23:23:56,419 [EndpointStateMachine task thread for /0.0.0.0:36479 - 0 ] INFO  ratis.XceiverServerRatis (XceiverServerRatis.java:start(481)) - Starting XceiverServerRatis 3f53d41b-4288-423f-96db-a44acbd7e568
2022-07-12 23:23:56,425 [EndpointStateMachine task thread for /0.0.0.0:36479 - 0 ] INFO  server.RaftServer (RaftServerProxy.java:lambda$start$6(382)) - 3f53d41b-4288-423f-96db-a44acbd7e568: start RPC server
2022-07-12 23:23:56,454 [EndpointStateMachine task thread for /0.0.0.0:36479 - 0 ] INFO  server.GrpcService (GrpcService.java:startImpl(260)) - 3f53d41b-4288-423f-96db-a44acbd7e568: GrpcService started, listening on 36655
2022-07-12 23:23:56,454 [EndpointStateMachine task thread for /0.0.0.0:36479 - 0 ] INFO  ratis.XceiverServerRatis (XceiverServerRatis.java:getRealPort(502)) - XceiverServerRatis 3f53d41b-4288-423f-96db-a44acbd7e568 is started using port 36655 for RATIS
2022-07-12 23:23:56,454 [EndpointStateMachine task thread for /0.0.0.0:36479 - 0 ] INFO  ratis.XceiverServerRatis (XceiverServerRatis.java:getRealPort(502)) - XceiverServerRatis 3f53d41b-4288-423f-96db-a44acbd7e568 is started using port 36655 for RATIS_ADMIN
2022-07-12 23:23:56,454 [EndpointStateMachine task thread for /0.0.0.0:36479 - 0 ] INFO  ratis.XceiverServerRatis (XceiverServerRatis.java:getRealPort(502)) - XceiverServerRatis 3f53d41b-4288-423f-96db-a44acbd7e568 is started using port 36655 for RATIS_SERVER
2022-07-12 23:23:56,455 [org.apache.ratis.util.JvmPauseMonitor$$Lambda$613/1690937419@46f368b] INFO  util.JvmPauseMonitor (JvmPauseMonitor.java:run(103)) - JvmPauseMonitor-3f53d41b-4288-423f-96db-a44acbd7e568: Started
2022-07-12 23:23:56,511 [grpc-default-executor-0] INFO  server.RaftServer (RaftServerProxy.java:addNew(96)) - 41b6f92d-8f51-4ddc-a2ca-a30ae8e33d76: addNew group-42DB1ADE585A:[5d23e830-42ed-4d2c-9f35-4c2aa5467d76|rpc:10.1.0.13:35411|dataStream:|priority:0, 41b6f92d-8f51-4ddc-a2ca-a30ae8e33d76|rpc:10.1.0.13:40749|dataStream:|priority:1, ca090ab3-3872-42a8-bcee-318ad7dbfeb0|rpc:10.1.0.13:40055|dataStream:|priority:0] returns group-42DB1ADE585A:java.util.concurrent.CompletableFuture@56027963[Not completed]
2022-07-12 23:23:56,512 [pool-896-thread-1] INFO  server.RaftServer$Division (RaftServerImpl.java:<init>(190)) - 41b6f92d-8f51-4ddc-a2ca-a30ae8e33d76: new RaftServerImpl for group-42DB1ADE585A:[5d23e830-42ed-4d2c-9f35-4c2aa5467d76|rpc:10.1.0.13:35411|dataStream:|priority:0, 41b6f92d-8f51-4ddc-a2ca-a30ae8e33d76|rpc:10.1.0.13:40749|dataStream:|priority:1, ca090ab3-3872-42a8-bcee-318ad7dbfeb0|rpc:10.1.0.13:40055|dataStream:|priority:0] with ContainerStateMachine:uninitialized
2022-07-12 23:23:56,512 [pool-896-thread-1] INFO  server.RaftServerConfigKeys (ConfUtils.java:logGet(46)) - raft.server.rpc.timeout.min = 5s (custom)
2022-07-12 23:23:56,512 [pool-896-thread-1] INFO  server.RaftServerConfigKeys (ConfUtils.java:logGet(46)) - raft.server.rpc.timeout.max = 5200ms (custom)
2022-07-12 23:23:56,512 [pool-896-thread-1] INFO  server.RaftServerConfigKeys (ConfUtils.java:logGet(46)) - raft.server.rpc.sleep.time = 25ms (default)
2022-07-12 23:23:56,512 [pool-896-thread-1] INFO  server.RaftServerConfigKeys (ConfUtils.java:logGet(46)) - raft.server.rpc.slowness.timeout = 300s (custom)
2022-07-12 23:23:56,512 [pool-896-thread-1] INFO  server.RaftServerConfigKeys (ConfUtils.java:logGet(46)) - raft.server.leaderelection.leader.step-down.wait-time = 10s (default)
2022-07-12 23:23:56,512 [pool-896-thread-1] INFO  server.RaftServerConfigKeys (ConfUtils.java:logGet(46)) - raft.server.sleep.deviation.threshold = 300ms (default)
2022-07-12 23:23:56,512 [pool-896-thread-1] INFO  server.RaftServer$Division (ServerState.java:<init>(107)) - 41b6f92d-8f51-4ddc-a2ca-a30ae8e33d76@group-42DB1ADE585A: ConfigurationManager, init=-1: [5d23e830-42ed-4d2c-9f35-4c2aa5467d76|rpc:10.1.0.13:35411|dataStream:|priority:0, 41b6f92d-8f51-4ddc-a2ca-a30ae8e33d76|rpc:10.1.0.13:40749|dataStream:|priority:1, ca090ab3-3872-42a8-bcee-318ad7dbfeb0|rpc:10.1.0.13:40055|dataStream:|priority:0], old=null, confs=<EMPTY_MAP>
2022-07-12 23:23:56,512 [pool-896-thread-1] INFO  server.RaftServerConfigKeys (ConfUtils.java:logGet(46)) - raft.server.storage.dir = [/home/runner/work/ozone/ozone/hadoop-ozone/integration-test/target/test-dir/MiniOzoneClusterImpl-c1953583-3267-45ac-aa0d-78ee30f3dc89/datanode-2/data/ratis] (custom)
2022-07-12 23:23:56,512 [pool-896-thread-1] INFO  server.RaftServerConfigKeys (ConfUtils.java:logGet(46)) - raft.server.log.corruption.policy = EXCEPTION (default)
2022-07-12 23:23:56,512 [pool-896-thread-1] INFO  server.RaftServerConfigKeys (ConfUtils.java:logGet(46)) - raft.server.storage.free-space.min = 0MB (=0) (default)
2022-07-12 23:23:56,512 [pool-896-thread-1] INFO  storage.RaftStorageDirectory (RaftStorageDirectoryImpl.java:analyzeStorage(135)) - The storage directory /home/runner/work/ozone/ozone/hadoop-ozone/integration-test/target/test-dir/MiniOzoneClusterImpl-c1953583-3267-45ac-aa0d-78ee30f3dc89/datanode-2/data/ratis/b7a02158-d7e4-449b-8ef5-42db1ade585a does not exist. Creating ...
2022-07-12 23:23:56,541 [pool-896-thread-1] INFO  storage.RaftStorageDirectory (RaftStorageDirectoryImpl.java:tryLock(230)) - Lock on /home/runner/work/ozone/ozone/hadoop-ozone/integration-test/target/test-dir/MiniOzoneClusterImpl-c1953583-3267-45ac-aa0d-78ee30f3dc89/datanode-2/data/ratis/b7a02158-d7e4-449b-8ef5-42db1ade585a/in_use.lock acquired by nodename 30948@fv-az46-473
2022-07-12 23:23:56,546 [EndpointStateMachine task thread for /0.0.0.0:36479 - 0 ] INFO  server.XceiverServerGrpc (XceiverServerGrpc.java:start(180)) - XceiverServerGrpc 3f53d41b-4288-423f-96db-a44acbd7e568 is started using port 33115
2022-07-12 23:23:56,581 [pool-896-thread-1] INFO  storage.RaftStorage (RaftStorageImpl.java:format(89)) - Storage directory /home/runner/work/ozone/ozone/hadoop-ozone/integration-test/target/test-dir/MiniOzoneClusterImpl-c1953583-3267-45ac-aa0d-78ee30f3dc89/datanode-2/data/ratis/b7a02158-d7e4-449b-8ef5-42db1ade585a has been successfully formatted.
2022-07-12 23:23:56,581 [pool-896-thread-1] INFO  ratis.ContainerStateMachine (ContainerStateMachine.java:loadSnapshot(236)) - group-42DB1ADE585A: The snapshot info is null. Setting the last applied indexto:(t:0, i:~)
2022-07-12 23:23:56,621 [pool-896-thread-1] INFO  server.RaftServerConfigKeys (ConfUtils.java:logGet(46)) - raft.server.notification.no-leader.timeout = 300s (custom)
2022-07-12 23:23:56,621 [pool-896-thread-1] INFO  server.RaftServerConfigKeys (ConfUtils.java:logGet(46)) - raft.server.log.use.memory = false (default)
2022-07-12 23:23:56,621 [pool-896-thread-1] INFO  server.RaftServerConfigKeys (ConfUtils.java:logGet(46)) - raft.server.log.purge.gap = 1000000 (custom)
2022-07-12 23:23:56,621 [pool-896-thread-1] INFO  server.RaftServerConfigKeys (ConfUtils.java:logGet(46)) - raft.server.log.appender.buffer.byte-limit = 33554432 (custom)
2022-07-12 23:23:56,621 [pool-896-thread-1] INFO  server.RaftServerConfigKeys (ConfUtils.java:logGet(46)) - raft.server.log.statemachine.data.read.timeout = 1000ms (default)
2022-07-12 23:23:56,622 [pool-896-thread-1] INFO  server.RaftServerConfigKeys (ConfUtils.java:logGet(46)) - raft.server.log.segment.size.max = 1048576 (custom)
2022-07-12 23:23:56,622 [pool-896-thread-1] INFO  server.RaftServerConfigKeys (ConfUtils.java:logGet(46)) - raft.server.log.segment.cache.num.max = 2 (custom)
2022-07-12 23:23:56,622 [pool-896-thread-1] INFO  server.RaftServerConfigKeys (ConfUtils.java:logGet(46)) - raft.server.log.segment.cache.size.max = 200MB (=209715200) (default)
2022-07-12 23:23:56,622 [pool-896-thread-1] INFO  segmented.SegmentedRaftLogWorker (SegmentedRaftLogWorker.java:<init>(187)) - new 41b6f92d-8f51-4ddc-a2ca-a30ae8e33d76@group-42DB1ADE585A-SegmentedRaftLogWorker for RaftStorageImpl:Storage Directory /home/runner/work/ozone/ozone/hadoop-ozone/integration-test/target/test-dir/MiniOzoneClusterImpl-c1953583-3267-45ac-aa0d-78ee30f3dc89/datanode-2/data/ratis/b7a02158-d7e4-449b-8ef5-42db1ade585a
2022-07-12 23:23:56,622 [pool-896-thread-1] INFO  server.RaftServerConfigKeys (ConfUtils.java:logGet(46)) - raft.server.log.queue.byte-limit = 4294967296 (custom)
2022-07-12 23:23:56,622 [pool-896-thread-1] INFO  server.RaftServerConfigKeys (ConfUtils.java:logGet(46)) - raft.server.log.queue.element-limit = 1024 (custom)
2022-07-12 23:23:56,622 [pool-896-thread-1] INFO  server.RaftServerConfigKeys (ConfUtils.java:logGet(46)) - raft.server.log.segment.size.max = 1048576 (custom)
2022-07-12 23:23:56,622 [pool-896-thread-1] INFO  server.RaftServerConfigKeys (ConfUtils.java:logGet(46)) - raft.server.log.preallocated.size = 16384 (custom)
2022-07-12 23:23:56,622 [pool-896-thread-1] INFO  server.RaftServerConfigKeys (ConfUtils.java:logGet(46)) - raft.server.log.force.sync.num = 128 (default)
2022-07-12 23:23:56,622 [pool-896-thread-1] INFO  server.RaftServerConfigKeys (ConfUtils.java:logGet(46)) - raft.server.log.statemachine.data.sync = true (default)
2022-07-12 23:23:56,622 [pool-896-thread-1] INFO  server.RaftServerConfigKeys (ConfUtils.java:logGet(46)) - raft.server.log.statemachine.data.sync.timeout = 10s (default)
2022-07-12 23:23:56,622 [pool-896-thread-1] INFO  server.RaftServerConfigKeys (ConfUtils.java:logGet(46)) - raft.server.log.statemachine.data.sync.timeout.retry = -1 (default)
2022-07-12 23:23:56,623 [pool-896-thread-1] INFO  server.RaftServerConfigKeys (ConfUtils.java:logGet(46)) - raft.server.log.write.buffer.size = 1048576 (custom)
2022-07-12 23:23:56,624 [pool-896-thread-1] INFO  server.RaftServerConfigKeys (ConfUtils.java:logGet(46)) - raft.server.log.unsafe-flush.enabled = false (default)
2022-07-12 23:23:56,624 [pool-896-thread-1] INFO  server.RaftServerConfigKeys (ConfUtils.java:logGet(46)) - raft.server.log.statemachine.data.caching.enabled = true (custom)
2022-07-12 23:23:56,624 [pool-896-thread-1] INFO  segmented.SegmentedRaftLogWorker (SegmentedRaftLogWorker.java:lambda$new$0(135)) - 41b6f92d-8f51-4ddc-a2ca-a30ae8e33d76@group-42DB1ADE585A-SegmentedRaftLogWorker: flushIndex: setUnconditionally 0 -> -1
2022-07-12 23:23:56,624 [pool-896-thread-1] INFO  segmented.SegmentedRaftLogWorker (SegmentedRaftLogWorker.java:lambda$new$0(135)) - 41b6f92d-8f51-4ddc-a2ca-a30ae8e33d76@group-42DB1ADE585A-SegmentedRaftLogWorker: safeCacheEvictIndex: setUnconditionally 0 -> -1
2022-07-12 23:23:56,657 [pool-896-thread-1] INFO  server.RaftServerConfigKeys (ConfUtils.java:logGet(46)) - raft.server.snapshot.auto.trigger.enabled = true (custom)
2022-07-12 23:23:56,657 [pool-896-thread-1] INFO  server.RaftServerConfigKeys (ConfUtils.java:logGet(46)) - raft.server.snapshot.auto.trigger.threshold = 10000 (custom)
2022-07-12 23:23:56,657 [pool-896-thread-1] INFO  server.RaftServerConfigKeys (ConfUtils.java:logGet(46)) - raft.server.snapshot.retention.file.num = 5 (custom)
2022-07-12 23:23:56,657 [pool-896-thread-1] INFO  server.RaftServerConfigKeys (ConfUtils.java:logGet(46)) - raft.server.log.purge.upto.snapshot.index = false (default)
2022-07-12 23:23:56,657 [pool-896-thread-1] INFO  server.RaftServerConfigKeys (ConfUtils.java:logGet(46)) - raft.server.retrycache.expirytime = 600000ms (custom)
2022-07-12 23:23:56,657 [pool-896-thread-1] INFO  server.RaftServerConfigKeys (ConfUtils.java:logGet(46)) - raft.server.retrycache.statistics.expirytime = 100μs (default)
2022-07-12 23:23:56,658 [pool-896-thread-1] INFO  server.RaftServerConfigKeys (ConfUtils.java:logGet(46)) - raft.server.log.appender.install.snapshot.enabled = false (custom)
2022-07-12 23:23:56,658 [pool-896-thread-1] INFO  server.RaftServerConfigKeys (ConfUtils.java:logGet(46)) - raft.server.threadpool.server.cached = true (default)
2022-07-12 23:23:56,658 [pool-896-thread-1] INFO  server.RaftServerConfigKeys (ConfUtils.java:logGet(46)) - raft.server.threadpool.server.size = 0 (default)
2022-07-12 23:23:56,658 [pool-896-thread-1] INFO  server.RaftServerConfigKeys (ConfUtils.java:logGet(46)) - raft.server.threadpool.client.cached = true (default)
2022-07-12 23:23:56,659 [pool-896-thread-1] INFO  server.RaftServerConfigKeys (ConfUtils.java:logGet(46)) - raft.server.threadpool.client.size = 0 (default)
2022-07-12 23:23:56,659 [pool-896-thread-1] INFO  server.RaftServer$Division (RaftServerImpl.java:start(310)) - 41b6f92d-8f51-4ddc-a2ca-a30ae8e33d76@group-42DB1ADE585A: start as a follower, conf=-1: [5d23e830-42ed-4d2c-9f35-4c2aa5467d76|rpc:10.1.0.13:35411|dataStream:|priority:0, 41b6f92d-8f51-4ddc-a2ca-a30ae8e33d76|rpc:10.1.0.13:40749|dataStream:|priority:1, ca090ab3-3872-42a8-bcee-318ad7dbfeb0|rpc:10.1.0.13:40055|dataStream:|priority:0], old=null
2022-07-12 23:23:56,659 [pool-896-thread-1] INFO  server.RaftServer$Division (RaftServerImpl.java:setRole(299)) - 41b6f92d-8f51-4ddc-a2ca-a30ae8e33d76@group-42DB1ADE585A: changes role from      null to FOLLOWER at term 0 for startAsFollower
2022-07-12 23:23:56,659 [pool-896-thread-1] INFO  impl.RoleInfo (RoleInfo.java:updateAndGet(139)) - 41b6f92d-8f51-4ddc-a2ca-a30ae8e33d76: start 41b6f92d-8f51-4ddc-a2ca-a30ae8e33d76@group-42DB1ADE585A-FollowerState
2022-07-12 23:23:56,669 [pool-896-thread-1] INFO  util.JmxRegister (JmxRegister.java:tryRegister(44)) - Successfully registered JMX Bean with object name Ratis:service=RaftServer,group=group-42DB1ADE585A,id=41b6f92d-8f51-4ddc-a2ca-a30ae8e33d76
2022-07-12 23:23:56,728 [IPC Server handler 8 on default port 36479] INFO  net.NetworkTopologyImpl (NetworkTopologyImpl.java:add(112)) - Added a new node: /default-rack/1be6e1bb-e91e-4b89-9749-dd97bfc73499
2022-07-12 23:23:56,728 [IPC Server handler 8 on default port 36479] INFO  node.SCMNodeManager (SCMNodeManager.java:register(397)) - Registered Data node : 1be6e1bb-e91e-4b89-9749-dd97bfc73499{ip: 10.1.0.13, host: fv-az46-473.aox2mo1hufxu3kclv1weif3kjc.bx.internal.cloudapp.net, ports: [REPLICATION=46769, RATIS=35789, RATIS_ADMIN=35789, RATIS_SERVER=35789, STANDALONE=43833], networkLocation: /default-rack, certSerialId: null, persistedOpState: null, persistedOpStateExpiryEpochSec: 0}
2022-07-12 23:23:56,728 [EventQueue-NewNodeForNewNodeHandler] INFO  pipeline.BackgroundPipelineCreator (BackgroundPipelineCreator.java:notifyEventTriggered(276)) - trigger a one-shot run on RatisPipelineUtilsThread.
2022-07-12 23:23:56,729 [RatisPipelineUtilsThread - 0] INFO  pipeline.RatisPipelineProvider (RatisPipelineProvider.java:lambda$create$0(195)) - Sending CreatePipelineCommand for pipeline:PipelineID=11d248bf-3190-461b-9832-d2870d712de2 to datanode:1be6e1bb-e91e-4b89-9749-dd97bfc73499
2022-07-12 23:23:56,729 [RatisPipelineUtilsThread - 0] INFO  pipeline.PipelineStateManagerImpl (PipelineStateManagerImpl.java:addPipeline(103)) - Created pipeline Pipeline[ Id: 11d248bf-3190-461b-9832-d2870d712de2, Nodes: 1be6e1bb-e91e-4b89-9749-dd97bfc73499{ip: 10.1.0.13, host: fv-az46-473.aox2mo1hufxu3kclv1weif3kjc.bx.internal.cloudapp.net, ports: [REPLICATION=46769, RATIS=35789, RATIS_ADMIN=35789, RATIS_SERVER=35789, STANDALONE=43833], networkLocation: /default-rack, certSerialId: null, persistedOpState: IN_SERVICE, persistedOpStateExpiryEpochSec: 0}, ReplicationConfig: RATIS/ONE, State:ALLOCATED, leaderId:, CreationTimestamp2022-07-12T23:23:56.729Z[Etc/UTC]].
2022-07-12 23:23:56,792 [Command processor thread] INFO  commandhandler.CreatePipelineCommandHandler (CreatePipelineCommandHandler.java:handle(113)) - Created Pipeline RATIS THREE PipelineID=b7a02158-d7e4-449b-8ef5-42db1ade585a.
2022-07-12 23:23:56,792 [Command processor thread] INFO  server.RaftServer (RaftServerProxy.java:addNew(96)) - ca090ab3-3872-42a8-bcee-318ad7dbfeb0: addNew group-9DB053831FEB:[5d23e830-42ed-4d2c-9f35-4c2aa5467d76|rpc:10.1.0.13:35411|priority:1, 41b6f92d-8f51-4ddc-a2ca-a30ae8e33d76|rpc:10.1.0.13:40749|priority:0, ca090ab3-3872-42a8-bcee-318ad7dbfeb0|rpc:10.1.0.13:40055|priority:0] returns group-9DB053831FEB:java.util.concurrent.CompletableFuture@7968efae[Not completed]
2022-07-12 23:23:56,793 [pool-850-thread-1] INFO  server.RaftServer$Division (RaftServerImpl.java:<init>(190)) - ca090ab3-3872-42a8-bcee-318ad7dbfeb0: new RaftServerImpl for group-9DB053831FEB:[5d23e830-42ed-4d2c-9f35-4c2aa5467d76|rpc:10.1.0.13:35411|priority:1, 41b6f92d-8f51-4ddc-a2ca-a30ae8e33d76|rpc:10.1.0.13:40749|priority:0, ca090ab3-3872-42a8-bcee-318ad7dbfeb0|rpc:10.1.0.13:40055|priority:0] with ContainerStateMachine:uninitialized
2022-07-12 23:23:56,793 [pool-850-thread-1] INFO  server.RaftServerConfigKeys (ConfUtils.java:logGet(46)) - raft.server.rpc.timeout.min = 5s (custom)
2022-07-12 23:23:56,793 [pool-850-thread-1] INFO  server.RaftServerConfigKeys (ConfUtils.java:logGet(46)) - raft.server.rpc.timeout.max = 5200ms (custom)
2022-07-12 23:23:56,793 [pool-850-thread-1] INFO  server.RaftServerConfigKeys (ConfUtils.java:logGet(46)) - raft.server.rpc.sleep.time = 25ms (default)
2022-07-12 23:23:56,793 [pool-850-thread-1] INFO  server.RaftServerConfigKeys (ConfUtils.java:logGet(46)) - raft.server.rpc.slowness.timeout = 300s (custom)
2022-07-12 23:23:56,793 [pool-850-thread-1] INFO  server.RaftServerConfigKeys (ConfUtils.java:logGet(46)) - raft.server.leaderelection.leader.step-down.wait-time = 10s (default)
2022-07-12 23:23:56,793 [pool-850-thread-1] INFO  server.RaftServerConfigKeys (ConfUtils.java:logGet(46)) - raft.server.sleep.deviation.threshold = 300ms (default)
2022-07-12 23:23:56,793 [pool-850-thread-1] INFO  server.RaftServer$Division (ServerState.java:<init>(107)) - ca090ab3-3872-42a8-bcee-318ad7dbfeb0@group-9DB053831FEB: ConfigurationManager, init=-1: [5d23e830-42ed-4d2c-9f35-4c2aa5467d76|rpc:10.1.0.13:35411|priority:1, 41b6f92d-8f51-4ddc-a2ca-a30ae8e33d76|rpc:10.1.0.13:40749|priority:0, ca090ab3-3872-42a8-bcee-318ad7dbfeb0|rpc:10.1.0.13:40055|priority:0], old=null, confs=<EMPTY_MAP>
2022-07-12 23:23:56,793 [pool-850-thread-1] INFO  server.RaftServerConfigKeys (ConfUtils.java:logGet(46)) - raft.server.storage.dir = [/home/runner/work/ozone/ozone/hadoop-ozone/integration-test/target/test-dir/MiniOzoneClusterImpl-c1953583-3267-45ac-aa0d-78ee30f3dc89/datanode-0/data/ratis] (custom)
2022-07-12 23:23:56,793 [pool-850-thread-1] INFO  server.RaftServerConfigKeys (ConfUtils.java:logGet(46)) - raft.server.log.corruption.policy = EXCEPTION (default)
2022-07-12 23:23:56,793 [pool-850-thread-1] INFO  server.RaftServerConfigKeys (ConfUtils.java:logGet(46)) - raft.server.storage.free-space.min = 0MB (=0) (default)
2022-07-12 23:23:56,793 [pool-850-thread-1] INFO  storage.RaftStorageDirectory (RaftStorageDirectoryImpl.java:analyzeStorage(135)) - The storage directory /home/runner/work/ozone/ozone/hadoop-ozone/integration-test/target/test-dir/MiniOzoneClusterImpl-c1953583-3267-45ac-aa0d-78ee30f3dc89/datanode-0/data/ratis/d542f389-28c8-4c3a-80bc-9db053831feb does not exist. Creating ...
2022-07-12 23:23:56,801 [pool-850-thread-1] INFO  storage.RaftStorageDirectory (RaftStorageDirectoryImpl.java:tryLock(230)) - Lock on /home/runner/work/ozone/ozone/hadoop-ozone/integration-test/target/test-dir/MiniOzoneClusterImpl-c1953583-3267-45ac-aa0d-78ee30f3dc89/datanode-0/data/ratis/d542f389-28c8-4c3a-80bc-9db053831feb/in_use.lock acquired by nodename 30948@fv-az46-473
2022-07-12 23:23:56,802 [pool-850-thread-1] INFO  storage.RaftStorage (RaftStorageImpl.java:format(89)) - Storage directory /home/runner/work/ozone/ozone/hadoop-ozone/integration-test/target/test-dir/MiniOzoneClusterImpl-c1953583-3267-45ac-aa0d-78ee30f3dc89/datanode-0/data/ratis/d542f389-28c8-4c3a-80bc-9db053831feb has been successfully formatted.
2022-07-12 23:23:56,802 [pool-850-thread-1] INFO  ratis.ContainerStateMachine (ContainerStateMachine.java:loadSnapshot(236)) - group-9DB053831FEB: The snapshot info is null. Setting the last applied indexto:(t:0, i:~)
2022-07-12 23:23:56,803 [pool-850-thread-1] INFO  server.RaftServerConfigKeys (ConfUtils.java:logGet(46)) - raft.server.notification.no-leader.timeout = 300s (custom)
2022-07-12 23:23:56,803 [pool-850-thread-1] INFO  server.RaftServerConfigKeys (ConfUtils.java:logGet(46)) - raft.server.log.use.memory = false (default)
2022-07-12 23:23:56,803 [pool-850-thread-1] INFO  server.RaftServerConfigKeys (ConfUtils.java:logGet(46)) - raft.server.log.purge.gap = 1000000 (custom)
2022-07-12 23:23:56,803 [pool-850-thread-1] INFO  server.RaftServerConfigKeys (ConfUtils.java:logGet(46)) - raft.server.log.appender.buffer.byte-limit = 33554432 (custom)
2022-07-12 23:23:56,803 [pool-850-thread-1] INFO  server.RaftServerConfigKeys (ConfUtils.java:logGet(46)) - raft.server.log.statemachine.data.read.timeout = 1000ms (default)
2022-07-12 23:23:56,803 [pool-850-thread-1] INFO  server.RaftServerConfigKeys (ConfUtils.java:logGet(46)) - raft.server.log.segment.size.max = 1048576 (custom)
2022-07-12 23:23:56,803 [EventQueue-OpenPipelineForHealthyPipelineSafeModeRule] INFO  safemode.SCMSafeModeManager (HealthyPipelineSafeModeRule.java:process(137)) - SCM in safe mode. Healthy pipelines reported count is 0, required healthy pipeline reported count is 1
2022-07-12 23:23:56,804 [pool-850-thread-1] INFO  server.RaftServerConfigKeys (ConfUtils.java:logGet(46)) - raft.server.log.segment.cache.num.max = 2 (custom)
2022-07-12 23:23:56,804 [pool-850-thread-1] INFO  server.RaftServerConfigKeys (ConfUtils.java:logGet(46)) - raft.server.log.segment.cache.size.max = 200MB (=209715200) (default)
2022-07-12 23:23:56,804 [pool-850-thread-1] INFO  segmented.SegmentedRaftLogWorker (SegmentedRaftLogWorker.java:<init>(187)) - new ca090ab3-3872-42a8-bcee-318ad7dbfeb0@group-9DB053831FEB-SegmentedRaftLogWorker for RaftStorageImpl:Storage Directory /home/runner/work/ozone/ozone/hadoop-ozone/integration-test/target/test-dir/MiniOzoneClusterImpl-c1953583-3267-45ac-aa0d-78ee30f3dc89/datanode-0/data/ratis/d542f389-28c8-4c3a-80bc-9db053831feb
2022-07-12 23:23:56,804 [pool-850-thread-1] INFO  server.RaftServerConfigKeys (ConfUtils.java:logGet(46)) - raft.server.log.queue.byte-limit = 4294967296 (custom)
2022-07-12 23:23:56,804 [pool-850-thread-1] INFO  server.RaftServerConfigKeys (ConfUtils.java:logGet(46)) - raft.server.log.queue.element-limit = 1024 (custom)
2022-07-12 23:23:56,804 [pool-850-thread-1] INFO  server.RaftServerConfigKeys (ConfUtils.java:logGet(46)) - raft.server.log.segment.size.max = 1048576 (custom)
2022-07-12 23:23:56,804 [pool-850-thread-1] INFO  server.RaftServerConfigKeys (ConfUtils.java:logGet(46)) - raft.server.log.preallocated.size = 16384 (custom)
2022-07-12 23:23:56,804 [pool-850-thread-1] INFO  server.RaftServerConfigKeys (ConfUtils.java:logGet(46)) - raft.server.log.force.sync.num = 128 (default)
2022-07-12 23:23:56,804 [pool-850-thread-1] INFO  server.RaftServerConfigKeys (ConfUtils.java:logGet(46)) - raft.server.log.statemachine.data.sync = true (default)
2022-07-12 23:23:56,804 [pool-850-thread-1] INFO  server.RaftServerConfigKeys (ConfUtils.java:logGet(46)) - raft.server.log.statemachine.data.sync.timeout = 10s (default)
2022-07-12 23:23:56,804 [pool-850-thread-1] INFO  server.RaftServerConfigKeys (ConfUtils.java:logGet(46)) - raft.server.log.statemachine.data.sync.timeout.retry = -1 (default)
2022-07-12 23:23:56,805 [pool-850-thread-1] INFO  server.RaftServerConfigKeys (ConfUtils.java:logGet(46)) - raft.server.log.write.buffer.size = 1048576 (custom)
2022-07-12 23:23:56,806 [pool-850-thread-1] INFO  server.RaftServerConfigKeys (ConfUtils.java:logGet(46)) - raft.server.log.unsafe-flush.enabled = false (default)
2022-07-12 23:23:56,806 [pool-850-thread-1] INFO  server.RaftServerConfigKeys (ConfUtils.java:logGet(46)) - raft.server.log.statemachine.data.caching.enabled = true (custom)
2022-07-12 23:23:56,806 [pool-850-thread-1] INFO  segmented.SegmentedRaftLogWorker (SegmentedRaftLogWorker.java:lambda$new$0(135)) - ca090ab3-3872-42a8-bcee-318ad7dbfeb0@group-9DB053831FEB-SegmentedRaftLogWorker: flushIndex: setUnconditionally 0 -> -1
2022-07-12 23:23:56,806 [pool-850-thread-1] INFO  segmented.SegmentedRaftLogWorker (SegmentedRaftLogWorker.java:lambda$new$0(135)) - ca090ab3-3872-42a8-bcee-318ad7dbfeb0@group-9DB053831FEB-SegmentedRaftLogWorker: safeCacheEvictIndex: setUnconditionally 0 -> -1
2022-07-12 23:23:56,809 [pool-850-thread-1] INFO  server.RaftServerConfigKeys (ConfUtils.java:logGet(46)) - raft.server.snapshot.auto.trigger.enabled = true (custom)
2022-07-12 23:23:56,809 [pool-850-thread-1] INFO  server.RaftServerConfigKeys (ConfUtils.java:logGet(46)) - raft.server.snapshot.auto.trigger.threshold = 10000 (custom)
2022-07-12 23:23:56,809 [pool-850-thread-1] INFO  server.RaftServerConfigKeys (ConfUtils.java:logGet(46)) - raft.server.snapshot.retention.file.num = 5 (custom)
2022-07-12 23:23:56,809 [pool-850-thread-1] INFO  server.RaftServerConfigKeys (ConfUtils.java:logGet(46)) - raft.server.log.purge.upto.snapshot.index = false (default)
2022-07-12 23:23:56,809 [pool-850-thread-1] INFO  server.RaftServerConfigKeys (ConfUtils.java:logGet(46)) - raft.server.retrycache.expirytime = 600000ms (custom)
2022-07-12 23:23:56,809 [pool-850-thread-1] INFO  server.RaftServerConfigKeys (ConfUtils.java:logGet(46)) - raft.server.retrycache.statistics.expirytime = 100μs (default)
2022-07-12 23:23:56,818 [pool-850-thread-1] INFO  server.RaftServerConfigKeys (ConfUtils.java:logGet(46)) - raft.server.log.appender.install.snapshot.enabled = false (custom)
2022-07-12 23:23:56,818 [pool-850-thread-1] INFO  server.RaftServerConfigKeys (ConfUtils.java:logGet(46)) - raft.server.threadpool.server.cached = true (default)
2022-07-12 23:23:56,818 [pool-850-thread-1] INFO  server.RaftServerConfigKeys (ConfUtils.java:logGet(46)) - raft.server.threadpool.server.size = 0 (default)
2022-07-12 23:23:56,818 [pool-850-thread-1] INFO  server.RaftServerConfigKeys (ConfUtils.java:logGet(46)) - raft.server.threadpool.client.cached = true (default)
2022-07-12 23:23:56,818 [pool-850-thread-1] INFO  server.RaftServerConfigKeys (ConfUtils.java:logGet(46)) - raft.server.threadpool.client.size = 0 (default)
2022-07-12 23:23:56,818 [pool-850-thread-1] INFO  server.RaftServer$Division (RaftServerImpl.java:start(310)) - ca090ab3-3872-42a8-bcee-318ad7dbfeb0@group-9DB053831FEB: start as a follower, conf=-1: [5d23e830-42ed-4d2c-9f35-4c2aa5467d76|rpc:10.1.0.13:35411|priority:1, 41b6f92d-8f51-4ddc-a2ca-a30ae8e33d76|rpc:10.1.0.13:40749|priority:0, ca090ab3-3872-42a8-bcee-318ad7dbfeb0|rpc:10.1.0.13:40055|priority:0], old=null
2022-07-12 23:23:56,818 [pool-850-thread-1] INFO  server.RaftServer$Division (RaftServerImpl.java:setRole(299)) - ca090ab3-3872-42a8-bcee-318ad7dbfeb0@group-9DB053831FEB: changes role from      null to FOLLOWER at term 0 for startAsFollower
2022-07-12 23:23:56,818 [pool-850-thread-1] INFO  impl.RoleInfo (RoleInfo.java:updateAndGet(139)) - ca090ab3-3872-42a8-bcee-318ad7dbfeb0: start ca090ab3-3872-42a8-bcee-318ad7dbfeb0@group-9DB053831FEB-FollowerState
2022-07-12 23:23:56,878 [pool-850-thread-1] INFO  util.JmxRegister (JmxRegister.java:tryRegister(44)) - Successfully registered JMX Bean with object name Ratis:service=RaftServer,group=group-9DB053831FEB,id=ca090ab3-3872-42a8-bcee-318ad7dbfeb0
2022-07-12 23:23:56,882 [Command processor thread] INFO  ratis.XceiverServerRatis (XceiverServerRatis.java:addGroup(765)) - Created group PipelineID=d542f389-28c8-4c3a-80bc-9db053831feb
2022-07-12 23:23:56,917 [Listener at 127.0.0.1/45473] INFO  ozone.MiniOzoneClusterImpl (MiniOzoneClusterImpl.java:lambda$waitForClusterToBeReady$0(216)) - Waiting for nodes to be ready. Got 4 of 5 DN Heartbeats.
2022-07-12 23:23:56,917 [Listener at 127.0.0.1/45473] INFO  ozone.MiniOzoneClusterImpl (MiniOzoneClusterImpl.java:lambda$waitForClusterToBeReady$0(219)) - Waiting for cluster to exit safe mode
2022-07-12 23:23:56,917 [Listener at 127.0.0.1/45473] INFO  ozone.MiniOzoneClusterImpl (MiniOzoneClusterImpl.java:lambda$waitForClusterToBeReady$0(221)) - SCM became leader
2022-07-12 23:23:56,921 [grpc-default-executor-0] INFO  server.RaftServer (RaftServerProxy.java:addNew(96)) - 5d23e830-42ed-4d2c-9f35-4c2aa5467d76: addNew group-9DB053831FEB:[5d23e830-42ed-4d2c-9f35-4c2aa5467d76|rpc:10.1.0.13:35411|dataStream:|priority:1, 41b6f92d-8f51-4ddc-a2ca-a30ae8e33d76|rpc:10.1.0.13:40749|dataStream:|priority:0, ca090ab3-3872-42a8-bcee-318ad7dbfeb0|rpc:10.1.0.13:40055|dataStream:|priority:0] returns group-9DB053831FEB:java.util.concurrent.CompletableFuture@5ca191d5[Not completed]
2022-07-12 23:23:56,922 [pool-873-thread-1] INFO  server.RaftServer$Division (RaftServerImpl.java:<init>(190)) - 5d23e830-42ed-4d2c-9f35-4c2aa5467d76: new RaftServerImpl for group-9DB053831FEB:[5d23e830-42ed-4d2c-9f35-4c2aa5467d76|rpc:10.1.0.13:35411|dataStream:|priority:1, 41b6f92d-8f51-4ddc-a2ca-a30ae8e33d76|rpc:10.1.0.13:40749|dataStream:|priority:0, ca090ab3-3872-42a8-bcee-318ad7dbfeb0|rpc:10.1.0.13:40055|dataStream:|priority:0] with ContainerStateMachine:uninitialized
2022-07-12 23:23:56,922 [pool-873-thread-1] INFO  server.RaftServerConfigKeys (ConfUtils.java:logGet(46)) - raft.server.rpc.timeout.min = 5s (custom)
2022-07-12 23:23:56,922 [pool-873-thread-1] INFO  server.RaftServerConfigKeys (ConfUtils.java:logGet(46)) - raft.server.rpc.timeout.max = 5200ms (custom)
2022-07-12 23:23:56,922 [pool-873-thread-1] INFO  server.RaftServerConfigKeys (ConfUtils.java:logGet(46)) - raft.server.rpc.sleep.time = 25ms (default)
2022-07-12 23:23:56,922 [pool-873-thread-1] INFO  server.RaftServerConfigKeys (ConfUtils.java:logGet(46)) - raft.server.rpc.slowness.timeout = 300s (custom)
2022-07-12 23:23:56,922 [pool-873-thread-1] INFO  server.RaftServerConfigKeys (ConfUtils.java:logGet(46)) - raft.server.leaderelection.leader.step-down.wait-time = 10s (default)
2022-07-12 23:23:56,922 [pool-873-thread-1] INFO  server.RaftServerConfigKeys (ConfUtils.java:logGet(46)) - raft.server.sleep.deviation.threshold = 300ms (default)
2022-07-12 23:23:56,922 [pool-873-thread-1] INFO  server.RaftServer$Division (ServerState.java:<init>(107)) - 5d23e830-42ed-4d2c-9f35-4c2aa5467d76@group-9DB053831FEB: ConfigurationManager, init=-1: [5d23e830-42ed-4d2c-9f35-4c2aa5467d76|rpc:10.1.0.13:35411|dataStream:|priority:1, 41b6f92d-8f51-4ddc-a2ca-a30ae8e33d76|rpc:10.1.0.13:40749|dataStream:|priority:0, ca090ab3-3872-42a8-bcee-318ad7dbfeb0|rpc:10.1.0.13:40055|dataStream:|priority:0], old=null, confs=<EMPTY_MAP>
2022-07-12 23:23:56,922 [pool-873-thread-1] INFO  server.RaftServerConfigKeys (ConfUtils.java:logGet(46)) - raft.server.storage.dir = [/home/runner/work/ozone/ozone/hadoop-ozone/integration-test/target/test-dir/MiniOzoneClusterImpl-c1953583-3267-45ac-aa0d-78ee30f3dc89/datanode-1/data/ratis] (custom)
2022-07-12 23:23:56,922 [pool-873-thread-1] INFO  server.RaftServerConfigKeys (ConfUtils.java:logGet(46)) - raft.server.log.corruption.policy = EXCEPTION (default)
2022-07-12 23:23:56,922 [pool-873-thread-1] INFO  server.RaftServerConfigKeys (ConfUtils.java:logGet(46)) - raft.server.storage.free-space.min = 0MB (=0) (default)
2022-07-12 23:23:56,922 [pool-873-thread-1] INFO  storage.RaftStorageDirectory (RaftStorageDirectoryImpl.java:analyzeStorage(135)) - The storage directory /home/runner/work/ozone/ozone/hadoop-ozone/integration-test/target/test-dir/MiniOzoneClusterImpl-c1953583-3267-45ac-aa0d-78ee30f3dc89/datanode-1/data/ratis/d542f389-28c8-4c3a-80bc-9db053831feb does not exist. Creating ...
2022-07-12 23:23:56,924 [pool-873-thread-1] INFO  storage.RaftStorageDirectory (RaftStorageDirectoryImpl.java:tryLock(230)) - Lock on /home/runner/work/ozone/ozone/hadoop-ozone/integration-test/target/test-dir/MiniOzoneClusterImpl-c1953583-3267-45ac-aa0d-78ee30f3dc89/datanode-1/data/ratis/d542f389-28c8-4c3a-80bc-9db053831feb/in_use.lock acquired by nodename 30948@fv-az46-473
2022-07-12 23:23:56,925 [pool-873-thread-1] INFO  storage.RaftStorage (RaftStorageImpl.java:format(89)) - Storage directory /home/runner/work/ozone/ozone/hadoop-ozone/integration-test/target/test-dir/MiniOzoneClusterImpl-c1953583-3267-45ac-aa0d-78ee30f3dc89/datanode-1/data/ratis/d542f389-28c8-4c3a-80bc-9db053831feb has been successfully formatted.
2022-07-12 23:23:56,926 [pool-873-thread-1] INFO  ratis.ContainerStateMachine (ContainerStateMachine.java:loadSnapshot(236)) - group-9DB053831FEB: The snapshot info is null. Setting the last applied indexto:(t:0, i:~)
2022-07-12 23:23:56,926 [pool-873-thread-1] INFO  server.RaftServerConfigKeys (ConfUtils.java:logGet(46)) - raft.server.notification.no-leader.timeout = 300s (custom)
2022-07-12 23:23:56,926 [pool-873-thread-1] INFO  server.RaftServerConfigKeys (ConfUtils.java:logGet(46)) - raft.server.log.use.memory = false (default)
2022-07-12 23:23:56,926 [pool-873-thread-1] INFO  server.RaftServerConfigKeys (ConfUtils.java:logGet(46)) - raft.server.log.purge.gap = 1000000 (custom)
2022-07-12 23:23:56,926 [pool-873-thread-1] INFO  server.RaftServerConfigKeys (ConfUtils.java:logGet(46)) - raft.server.log.appender.buffer.byte-limit = 33554432 (custom)
2022-07-12 23:23:56,926 [pool-873-thread-1] INFO  server.RaftServerConfigKeys (ConfUtils.java:logGet(46)) - raft.server.log.statemachine.data.read.timeout = 1000ms (default)
2022-07-12 23:23:56,926 [pool-873-thread-1] INFO  server.RaftServerConfigKeys (ConfUtils.java:logGet(46)) - raft.server.log.segment.size.max = 1048576 (custom)
2022-07-12 23:23:56,926 [pool-873-thread-1] INFO  server.RaftServerConfigKeys (ConfUtils.java:logGet(46)) - raft.server.log.segment.cache.num.max = 2 (custom)
2022-07-12 23:23:56,927 [pool-873-thread-1] INFO  server.RaftServerConfigKeys (ConfUtils.java:logGet(46)) - raft.server.log.segment.cache.size.max = 200MB (=209715200) (default)
2022-07-12 23:23:56,927 [pool-873-thread-1] INFO  segmented.SegmentedRaftLogWorker (SegmentedRaftLogWorker.java:<init>(187)) - new 5d23e830-42ed-4d2c-9f35-4c2aa5467d76@group-9DB053831FEB-SegmentedRaftLogWorker for RaftStorageImpl:Storage Directory /home/runner/work/ozone/ozone/hadoop-ozone/integration-test/target/test-dir/MiniOzoneClusterImpl-c1953583-3267-45ac-aa0d-78ee30f3dc89/datanode-1/data/ratis/d542f389-28c8-4c3a-80bc-9db053831feb
2022-07-12 23:23:56,927 [pool-873-thread-1] INFO  server.RaftServerConfigKeys (ConfUtils.java:logGet(46)) - raft.server.log.queue.byte-limit = 4294967296 (custom)
2022-07-12 23:23:56,927 [pool-873-thread-1] INFO  server.RaftServerConfigKeys (ConfUtils.java:logGet(46)) - raft.server.log.queue.element-limit = 1024 (custom)
2022-07-12 23:23:56,927 [pool-873-thread-1] INFO  server.RaftServerConfigKeys (ConfUtils.java:logGet(46)) - raft.server.log.segment.size.max = 1048576 (custom)
2022-07-12 23:23:56,927 [pool-873-thread-1] INFO  server.RaftServerConfigKeys (ConfUtils.java:logGet(46)) - raft.server.log.preallocated.size = 16384 (custom)
2022-07-12 23:23:56,927 [pool-873-thread-1] INFO  server.RaftServerConfigKeys (ConfUtils.java:logGet(46)) - raft.server.log.force.sync.num = 128 (default)
2022-07-12 23:23:56,927 [pool-873-thread-1] INFO  server.RaftServerConfigKeys (ConfUtils.java:logGet(46)) - raft.server.log.statemachine.data.sync = true (default)
2022-07-12 23:23:56,927 [pool-873-thread-1] INFO  server.RaftServerConfigKeys (ConfUtils.java:logGet(46)) - raft.server.log.statemachine.data.sync.timeout = 10s (default)
2022-07-12 23:23:56,927 [pool-873-thread-1] INFO  server.RaftServerConfigKeys (ConfUtils.java:logGet(46)) - raft.server.log.statemachine.data.sync.timeout.retry = -1 (default)
2022-07-12 23:23:56,928 [pool-873-thread-1] INFO  server.RaftServerConfigKeys (ConfUtils.java:logGet(46)) - raft.server.log.write.buffer.size = 1048576 (custom)
2022-07-12 23:23:56,928 [pool-873-thread-1] INFO  server.RaftServerConfigKeys (ConfUtils.java:logGet(46)) - raft.server.log.unsafe-flush.enabled = false (default)
2022-07-12 23:23:56,928 [pool-873-thread-1] INFO  server.RaftServerConfigKeys (ConfUtils.java:logGet(46)) - raft.server.log.statemachine.data.caching.enabled = true (custom)
2022-07-12 23:23:56,928 [pool-873-thread-1] INFO  segmented.SegmentedRaftLogWorker (SegmentedRaftLogWorker.java:lambda$new$0(135)) - 5d23e830-42ed-4d2c-9f35-4c2aa5467d76@group-9DB053831FEB-SegmentedRaftLogWorker: flushIndex: setUnconditionally 0 -> -1
2022-07-12 23:23:56,928 [pool-873-thread-1] INFO  segmented.SegmentedRaftLogWorker (SegmentedRaftLogWorker.java:lambda$new$0(135)) - 5d23e830-42ed-4d2c-9f35-4c2aa5467d76@group-9DB053831FEB-SegmentedRaftLogWorker: safeCacheEvictIndex: setUnconditionally 0 -> -1
2022-07-12 23:23:56,934 [pool-873-thread-1] INFO  server.RaftServerConfigKeys (ConfUtils.java:logGet(46)) - raft.server.snapshot.auto.trigger.enabled = true (custom)
2022-07-12 23:23:56,934 [pool-873-thread-1] INFO  server.RaftServerConfigKeys (ConfUtils.java:logGet(46)) - raft.server.snapshot.auto.trigger.threshold = 10000 (custom)
2022-07-12 23:23:56,934 [pool-873-thread-1] INFO  server.RaftServerConfigKeys (ConfUtils.java:logGet(46)) - raft.server.snapshot.retention.file.num = 5 (custom)
2022-07-12 23:23:56,934 [pool-873-thread-1] INFO  server.RaftServerConfigKeys (ConfUtils.java:logGet(46)) - raft.server.log.purge.upto.snapshot.index = false (default)
2022-07-12 23:23:56,934 [pool-873-thread-1] INFO  server.RaftServerConfigKeys (ConfUtils.java:logGet(46)) - raft.server.retrycache.expirytime = 600000ms (custom)
2022-07-12 23:23:56,935 [pool-873-thread-1] INFO  server.RaftServerConfigKeys (ConfUtils.java:logGet(46)) - raft.server.retrycache.statistics.expirytime = 100μs (default)
2022-07-12 23:23:56,936 [pool-873-thread-1] INFO  server.RaftServerConfigKeys (ConfUtils.java:logGet(46)) - raft.server.log.appender.install.snapshot.enabled = false (custom)
2022-07-12 23:23:56,936 [pool-873-thread-1] INFO  server.RaftServerConfigKeys (ConfUtils.java:logGet(46)) - raft.server.threadpool.server.cached = true (default)
2022-07-12 23:23:56,936 [pool-873-thread-1] INFO  server.RaftServerConfigKeys (ConfUtils.java:logGet(46)) - raft.server.threadpool.server.size = 0 (default)
2022-07-12 23:23:56,936 [pool-873-thread-1] INFO  server.RaftServerConfigKeys (ConfUtils.java:logGet(46)) - raft.server.threadpool.client.cached = true (default)
2022-07-12 23:23:56,936 [pool-873-thread-1] INFO  server.RaftServerConfigKeys (ConfUtils.java:logGet(46)) - raft.server.threadpool.client.size = 0 (default)
2022-07-12 23:23:56,936 [pool-873-thread-1] INFO  server.RaftServer$Division (RaftServerImpl.java:start(310)) - 5d23e830-42ed-4d2c-9f35-4c2aa5467d76@group-9DB053831FEB: start as a follower, conf=-1: [5d23e830-42ed-4d2c-9f35-4c2aa5467d76|rpc:10.1.0.13:35411|dataStream:|priority:1, 41b6f92d-8f51-4ddc-a2ca-a30ae8e33d76|rpc:10.1.0.13:40749|dataStream:|priority:0, ca090ab3-3872-42a8-bcee-318ad7dbfeb0|rpc:10.1.0.13:40055|dataStream:|priority:0], old=null
2022-07-12 23:23:56,936 [pool-873-thread-1] INFO  server.RaftServer$Division (RaftServerImpl.java:setRole(299)) - 5d23e830-42ed-4d2c-9f35-4c2aa5467d76@group-9DB053831FEB: changes role from      null to FOLLOWER at term 0 for startAsFollower
2022-07-12 23:23:56,936 [pool-873-thread-1] INFO  impl.RoleInfo (RoleInfo.java:updateAndGet(139)) - 5d23e830-42ed-4d2c-9f35-4c2aa5467d76: start 5d23e830-42ed-4d2c-9f35-4c2aa5467d76@group-9DB053831FEB-FollowerState
2022-07-12 23:23:56,949 [pool-873-thread-1] INFO  util.JmxRegister (JmxRegister.java:tryRegister(44)) - Successfully registered JMX Bean with object name Ratis:service=RaftServer,group=group-9DB053831FEB,id=5d23e830-42ed-4d2c-9f35-4c2aa5467d76
2022-07-12 23:23:56,958 [Command processor thread] INFO  server.RaftServer (RaftServerProxy.java:addNew(96)) - 5d23e830-42ed-4d2c-9f35-4c2aa5467d76: addNew group-9ED51468BE91:[5d23e830-42ed-4d2c-9f35-4c2aa5467d76|rpc:10.1.0.13:35411|priority:1] returns group-9ED51468BE91:java.util.concurrent.CompletableFuture@485ce97[Not completed]
2022-07-12 23:23:56,958 [pool-873-thread-1] INFO  server.RaftServer$Division (RaftServerImpl.java:<init>(190)) - 5d23e830-42ed-4d2c-9f35-4c2aa5467d76: new RaftServerImpl for group-9ED51468BE91:[5d23e830-42ed-4d2c-9f35-4c2aa5467d76|rpc:10.1.0.13:35411|priority:1] with ContainerStateMachine:uninitialized
2022-07-12 23:23:56,958 [pool-873-thread-1] INFO  server.RaftServerConfigKeys (ConfUtils.java:logGet(46)) - raft.server.rpc.timeout.min = 5s (custom)
2022-07-12 23:23:56,958 [pool-873-thread-1] INFO  server.RaftServerConfigKeys (ConfUtils.java:logGet(46)) - raft.server.rpc.timeout.max = 5200ms (custom)
2022-07-12 23:23:56,959 [pool-873-thread-1] INFO  server.RaftServerConfigKeys (ConfUtils.java:logGet(46)) - raft.server.rpc.sleep.time = 25ms (default)
2022-07-12 23:23:56,959 [pool-873-thread-1] INFO  server.RaftServerConfigKeys (ConfUtils.java:logGet(46)) - raft.server.rpc.slowness.timeout = 300s (custom)
2022-07-12 23:23:56,959 [pool-873-thread-1] INFO  server.RaftServerConfigKeys (ConfUtils.java:logGet(46)) - raft.server.leaderelection.leader.step-down.wait-time = 10s (default)
2022-07-12 23:23:56,959 [pool-873-thread-1] INFO  server.RaftServerConfigKeys (ConfUtils.java:logGet(46)) - raft.server.sleep.deviation.threshold = 300ms (default)
2022-07-12 23:23:56,959 [pool-873-thread-1] INFO  server.RaftServer$Division (ServerState.java:<init>(107)) - 5d23e830-42ed-4d2c-9f35-4c2aa5467d76@group-9ED51468BE91: ConfigurationManager, init=-1: [5d23e830-42ed-4d2c-9f35-4c2aa5467d76|rpc:10.1.0.13:35411|priority:1], old=null, confs=<EMPTY_MAP>
2022-07-12 23:23:56,959 [pool-873-thread-1] INFO  server.RaftServerConfigKeys (ConfUtils.java:logGet(46)) - raft.server.storage.dir = [/home/runner/work/ozone/ozone/hadoop-ozone/integration-test/target/test-dir/MiniOzoneClusterImpl-c1953583-3267-45ac-aa0d-78ee30f3dc89/datanode-1/data/ratis] (custom)
2022-07-12 23:23:56,959 [pool-873-thread-1] INFO  server.RaftServerConfigKeys (ConfUtils.java:logGet(46)) - raft.server.log.corruption.policy = EXCEPTION (default)
2022-07-12 23:23:56,959 [pool-873-thread-1] INFO  server.RaftServerConfigKeys (ConfUtils.java:logGet(46)) - raft.server.storage.free-space.min = 0MB (=0) (default)
2022-07-12 23:23:56,959 [pool-873-thread-1] INFO  storage.RaftStorageDirectory (RaftStorageDirectoryImpl.java:analyzeStorage(135)) - The storage directory /home/runner/work/ozone/ozone/hadoop-ozone/integration-test/target/test-dir/MiniOzoneClusterImpl-c1953583-3267-45ac-aa0d-78ee30f3dc89/datanode-1/data/ratis/676049ca-ee45-4871-81d3-9ed51468be91 does not exist. Creating ...
2022-07-12 23:23:57,010 [pool-873-thread-1] INFO  storage.RaftStorageDirectory (RaftStorageDirectoryImpl.java:tryLock(230)) - Lock on /home/runner/work/ozone/ozone/hadoop-ozone/integration-test/target/test-dir/MiniOzoneClusterImpl-c1953583-3267-45ac-aa0d-78ee30f3dc89/datanode-1/data/ratis/676049ca-ee45-4871-81d3-9ed51468be91/in_use.lock acquired by nodename 30948@fv-az46-473
2022-07-12 23:23:57,012 [pool-873-thread-1] INFO  storage.RaftStorage (RaftStorageImpl.java:format(89)) - Storage directory /home/runner/work/ozone/ozone/hadoop-ozone/integration-test/target/test-dir/MiniOzoneClusterImpl-c1953583-3267-45ac-aa0d-78ee30f3dc89/datanode-1/data/ratis/676049ca-ee45-4871-81d3-9ed51468be91 has been successfully formatted.
2022-07-12 23:23:57,012 [pool-873-thread-1] INFO  ratis.ContainerStateMachine (ContainerStateMachine.java:loadSnapshot(236)) - group-9ED51468BE91: The snapshot info is null. Setting the last applied indexto:(t:0, i:~)
2022-07-12 23:23:57,012 [pool-873-thread-1] INFO  server.RaftServerConfigKeys (ConfUtils.java:logGet(46)) - raft.server.notification.no-leader.timeout = 300s (custom)
2022-07-12 23:23:57,012 [pool-873-thread-1] INFO  server.RaftServerConfigKeys (ConfUtils.java:logGet(46)) - raft.server.log.use.memory = false (default)
2022-07-12 23:23:57,012 [pool-873-thread-1] INFO  server.RaftServerConfigKeys (ConfUtils.java:logGet(46)) - raft.server.log.purge.gap = 1000000 (custom)
2022-07-12 23:23:57,012 [pool-873-thread-1] INFO  server.RaftServerConfigKeys (ConfUtils.java:logGet(46)) - raft.server.log.appender.buffer.byte-limit = 33554432 (custom)
2022-07-12 23:23:57,013 [pool-873-thread-1] INFO  server.RaftServerConfigKeys (ConfUtils.java:logGet(46)) - raft.server.log.statemachine.data.read.timeout = 1000ms (default)
2022-07-12 23:23:57,013 [pool-873-thread-1] INFO  server.RaftServerConfigKeys (ConfUtils.java:logGet(46)) - raft.server.log.segment.size.max = 1048576 (custom)
2022-07-12 23:23:57,013 [EventQueue-PipelineReportForPipelineReportHandler] INFO  pipeline.PipelineManagerImpl (PipelineManagerImpl.java:openPipeline(367)) - Pipeline Pipeline[ Id: 676049ca-ee45-4871-81d3-9ed51468be91, Nodes: 5d23e830-42ed-4d2c-9f35-4c2aa5467d76{ip: 10.1.0.13, host: fv-az46-473.aox2mo1hufxu3kclv1weif3kjc.bx.internal.cloudapp.net, ports: [REPLICATION=34303, RATIS=35411, RATIS_ADMIN=35411, RATIS_SERVER=35411, STANDALONE=39313], networkLocation: /default-rack, certSerialId: null, persistedOpState: IN_SERVICE, persistedOpStateExpiryEpochSec: 0}, ReplicationConfig: RATIS/ONE, State:ALLOCATED, leaderId:5d23e830-42ed-4d2c-9f35-4c2aa5467d76, CreationTimestamp2022-07-12T23:23:53.972Z[Etc/UTC]] moved to OPEN state
2022-07-12 23:23:57,014 [pool-873-thread-1] INFO  server.RaftServerConfigKeys (ConfUtils.java:logGet(46)) - raft.server.log.segment.cache.num.max = 2 (custom)
2022-07-12 23:23:57,014 [pool-873-thread-1] INFO  server.RaftServerConfigKeys (ConfUtils.java:logGet(46)) - raft.server.log.segment.cache.size.max = 200MB (=209715200) (default)
2022-07-12 23:23:57,014 [pool-873-thread-1] INFO  segmented.SegmentedRaftLogWorker (SegmentedRaftLogWorker.java:<init>(187)) - new 5d23e830-42ed-4d2c-9f35-4c2aa5467d76@group-9ED51468BE91-SegmentedRaftLogWorker for RaftStorageImpl:Storage Directory /home/runner/work/ozone/ozone/hadoop-ozone/integration-test/target/test-dir/MiniOzoneClusterImpl-c1953583-3267-45ac-aa0d-78ee30f3dc89/datanode-1/data/ratis/676049ca-ee45-4871-81d3-9ed51468be91
2022-07-12 23:23:57,014 [pool-873-thread-1] INFO  server.RaftServerConfigKeys (ConfUtils.java:logGet(46)) - raft.server.log.queue.byte-limit = 4294967296 (custom)
2022-07-12 23:23:57,014 [pool-873-thread-1] INFO  server.RaftServerConfigKeys (ConfUtils.java:logGet(46)) - raft.server.log.queue.element-limit = 1024 (custom)
2022-07-12 23:23:57,014 [pool-873-thread-1] INFO  server.RaftServerConfigKeys (ConfUtils.java:logGet(46)) - raft.server.log.segment.size.max = 1048576 (custom)
2022-07-12 23:23:57,014 [pool-873-thread-1] INFO  server.RaftServerConfigKeys (ConfUtils.java:logGet(46)) - raft.server.log.preallocated.size = 16384 (custom)
2022-07-12 23:23:57,014 [pool-873-thread-1] INFO  server.RaftServerConfigKeys (ConfUtils.java:logGet(46)) - raft.server.log.force.sync.num = 128 (default)
2022-07-12 23:23:57,014 [pool-873-thread-1] INFO  server.RaftServerConfigKeys (ConfUtils.java:logGet(46)) - raft.server.log.statemachine.data.sync = true (default)
2022-07-12 23:23:57,014 [pool-873-thread-1] INFO  server.RaftServerConfigKeys (ConfUtils.java:logGet(46)) - raft.server.log.statemachine.data.sync.timeout = 10s (default)
2022-07-12 23:23:57,014 [pool-873-thread-1] INFO  server.RaftServerConfigKeys (ConfUtils.java:logGet(46)) - raft.server.log.statemachine.data.sync.timeout.retry = -1 (default)
2022-07-12 23:23:57,015 [pool-873-thread-1] INFO  server.RaftServerConfigKeys (ConfUtils.java:logGet(46)) - raft.server.log.write.buffer.size = 1048576 (custom)
2022-07-12 23:23:57,015 [pool-873-thread-1] INFO  server.RaftServerConfigKeys (ConfUtils.java:logGet(46)) - raft.server.log.unsafe-flush.enabled = false (default)
2022-07-12 23:23:57,015 [pool-873-thread-1] INFO  server.RaftServerConfigKeys (ConfUtils.java:logGet(46)) - raft.server.log.statemachine.data.caching.enabled = true (custom)
2022-07-12 23:23:57,016 [pool-873-thread-1] INFO  segmented.SegmentedRaftLogWorker (SegmentedRaftLogWorker.java:lambda$new$0(135)) - 5d23e830-42ed-4d2c-9f35-4c2aa5467d76@group-9ED51468BE91-SegmentedRaftLogWorker: flushIndex: setUnconditionally 0 -> -1
2022-07-12 23:23:57,016 [pool-873-thread-1] INFO  segmented.SegmentedRaftLogWorker (SegmentedRaftLogWorker.java:lambda$new$0(135)) - 5d23e830-42ed-4d2c-9f35-4c2aa5467d76@group-9ED51468BE91-SegmentedRaftLogWorker: safeCacheEvictIndex: setUnconditionally 0 -> -1
2022-07-12 23:23:57,016 [EventQueue-OpenPipelineForHealthyPipelineSafeModeRule] INFO  safemode.SCMSafeModeManager (HealthyPipelineSafeModeRule.java:process(137)) - SCM in safe mode. Healthy pipelines reported count is 0, required healthy pipeline reported count is 1
2022-07-12 23:23:57,029 [pool-873-thread-1] INFO  server.RaftServerConfigKeys (ConfUtils.java:logGet(46)) - raft.server.snapshot.auto.trigger.enabled = true (custom)
2022-07-12 23:23:57,029 [pool-873-thread-1] INFO  server.RaftServerConfigKeys (ConfUtils.java:logGet(46)) - raft.server.snapshot.auto.trigger.threshold = 10000 (custom)
2022-07-12 23:23:57,029 [pool-873-thread-1] INFO  server.RaftServerConfigKeys (ConfUtils.java:logGet(46)) - raft.server.snapshot.retention.file.num = 5 (custom)
2022-07-12 23:23:57,029 [pool-873-thread-1] INFO  server.RaftServerConfigKeys (ConfUtils.java:logGet(46)) - raft.server.log.purge.upto.snapshot.index = false (default)
2022-07-12 23:23:57,029 [pool-873-thread-1] INFO  server.RaftServerConfigKeys (ConfUtils.java:logGet(46)) - raft.server.retrycache.expirytime = 600000ms (custom)
2022-07-12 23:23:57,029 [pool-873-thread-1] INFO  server.RaftServerConfigKeys (ConfUtils.java:logGet(46)) - raft.server.retrycache.statistics.expirytime = 100μs (default)
2022-07-12 23:23:57,062 [pool-873-thread-1] INFO  server.RaftServerConfigKeys (ConfUtils.java:logGet(46)) - raft.server.log.appender.install.snapshot.enabled = false (custom)
2022-07-12 23:23:57,062 [pool-873-thread-1] INFO  server.RaftServerConfigKeys (ConfUtils.java:logGet(46)) - raft.server.threadpool.server.cached = true (default)
2022-07-12 23:23:57,062 [pool-873-thread-1] INFO  server.RaftServerConfigKeys (ConfUtils.java:logGet(46)) - raft.server.threadpool.server.size = 0 (default)
2022-07-12 23:23:57,062 [pool-873-thread-1] INFO  server.RaftServerConfigKeys (ConfUtils.java:logGet(46)) - raft.server.threadpool.client.cached = true (default)
2022-07-12 23:23:57,062 [pool-873-thread-1] INFO  server.RaftServerConfigKeys (ConfUtils.java:logGet(46)) - raft.server.threadpool.client.size = 0 (default)
2022-07-12 23:23:57,062 [pool-873-thread-1] INFO  server.RaftServer$Division (RaftServerImpl.java:start(310)) - 5d23e830-42ed-4d2c-9f35-4c2aa5467d76@group-9ED51468BE91: start as a follower, conf=-1: [5d23e830-42ed-4d2c-9f35-4c2aa5467d76|rpc:10.1.0.13:35411|priority:1], old=null
2022-07-12 23:23:57,062 [pool-873-thread-1] INFO  server.RaftServer$Division (RaftServerImpl.java:setRole(299)) - 5d23e830-42ed-4d2c-9f35-4c2aa5467d76@group-9ED51468BE91: changes role from      null to FOLLOWER at term 0 for startAsFollower
2022-07-12 23:23:57,062 [pool-873-thread-1] INFO  impl.RoleInfo (RoleInfo.java:updateAndGet(139)) - 5d23e830-42ed-4d2c-9f35-4c2aa5467d76: start 5d23e830-42ed-4d2c-9f35-4c2aa5467d76@group-9ED51468BE91-FollowerState
2022-07-12 23:23:57,092 [pool-873-thread-1] INFO  util.JmxRegister (JmxRegister.java:tryRegister(44)) - Successfully registered JMX Bean with object name Ratis:service=RaftServer,group=group-9ED51468BE91,id=5d23e830-42ed-4d2c-9f35-4c2aa5467d76
2022-07-12 23:23:57,135 [Command processor thread] INFO  ratis.XceiverServerRatis (XceiverServerRatis.java:addGroup(765)) - Created group PipelineID=676049ca-ee45-4871-81d3-9ed51468be91
2022-07-12 23:23:57,135 [Command processor thread] INFO  commandhandler.CreatePipelineCommandHandler (CreatePipelineCommandHandler.java:handle(113)) - Created Pipeline RATIS ONE PipelineID=676049ca-ee45-4871-81d3-9ed51468be91.
2022-07-12 23:23:57,153 [grpc-default-executor-0] INFO  server.RaftServer (RaftServerProxy.java:addNew(96)) - 41b6f92d-8f51-4ddc-a2ca-a30ae8e33d76: addNew group-9DB053831FEB:[5d23e830-42ed-4d2c-9f35-4c2aa5467d76|rpc:10.1.0.13:35411|dataStream:|priority:1, 41b6f92d-8f51-4ddc-a2ca-a30ae8e33d76|rpc:10.1.0.13:40749|dataStream:|priority:0, ca090ab3-3872-42a8-bcee-318ad7dbfeb0|rpc:10.1.0.13:40055|dataStream:|priority:0] returns group-9DB053831FEB:java.util.concurrent.CompletableFuture@4b6f3375[Not completed]
2022-07-12 23:23:57,154 [pool-896-thread-1] INFO  server.RaftServer$Division (RaftServerImpl.java:<init>(190)) - 41b6f92d-8f51-4ddc-a2ca-a30ae8e33d76: new RaftServerImpl for group-9DB053831FEB:[5d23e830-42ed-4d2c-9f35-4c2aa5467d76|rpc:10.1.0.13:35411|dataStream:|priority:1, 41b6f92d-8f51-4ddc-a2ca-a30ae8e33d76|rpc:10.1.0.13:40749|dataStream:|priority:0, ca090ab3-3872-42a8-bcee-318ad7dbfeb0|rpc:10.1.0.13:40055|dataStream:|priority:0] with ContainerStateMachine:uninitialized
2022-07-12 23:23:57,154 [pool-896-thread-1] INFO  server.RaftServerConfigKeys (ConfUtils.java:logGet(46)) - raft.server.rpc.timeout.min = 5s (custom)
2022-07-12 23:23:57,154 [pool-896-thread-1] INFO  server.RaftServerConfigKeys (ConfUtils.java:logGet(46)) - raft.server.rpc.timeout.max = 5200ms (custom)
2022-07-12 23:23:57,154 [pool-896-thread-1] INFO  server.RaftServerConfigKeys (ConfUtils.java:logGet(46)) - raft.server.rpc.sleep.time = 25ms (default)
2022-07-12 23:23:57,154 [pool-896-thread-1] INFO  server.RaftServerConfigKeys (ConfUtils.java:logGet(46)) - raft.server.rpc.slowness.timeout = 300s (custom)
2022-07-12 23:23:57,154 [pool-896-thread-1] INFO  server.RaftServerConfigKeys (ConfUtils.java:logGet(46)) - raft.server.leaderelection.leader.step-down.wait-time = 10s (default)
2022-07-12 23:23:57,154 [pool-896-thread-1] INFO  server.RaftServerConfigKeys (ConfUtils.java:logGet(46)) - raft.server.sleep.deviation.threshold = 300ms (default)
2022-07-12 23:23:57,154 [pool-896-thread-1] INFO  server.RaftServer$Division (ServerState.java:<init>(107)) - 41b6f92d-8f51-4ddc-a2ca-a30ae8e33d76@group-9DB053831FEB: ConfigurationManager, init=-1: [5d23e830-42ed-4d2c-9f35-4c2aa5467d76|rpc:10.1.0.13:35411|dataStream:|priority:1, 41b6f92d-8f51-4ddc-a2ca-a30ae8e33d76|rpc:10.1.0.13:40749|dataStream:|priority:0, ca090ab3-3872-42a8-bcee-318ad7dbfeb0|rpc:10.1.0.13:40055|dataStream:|priority:0], old=null, confs=<EMPTY_MAP>
2022-07-12 23:23:57,154 [pool-896-thread-1] INFO  server.RaftServerConfigKeys (ConfUtils.java:logGet(46)) - raft.server.storage.dir = [/home/runner/work/ozone/ozone/hadoop-ozone/integration-test/target/test-dir/MiniOzoneClusterImpl-c1953583-3267-45ac-aa0d-78ee30f3dc89/datanode-2/data/ratis] (custom)
2022-07-12 23:23:57,155 [pool-896-thread-1] INFO  server.RaftServerConfigKeys (ConfUtils.java:logGet(46)) - raft.server.log.corruption.policy = EXCEPTION (default)
2022-07-12 23:23:57,155 [pool-896-thread-1] INFO  server.RaftServerConfigKeys (ConfUtils.java:logGet(46)) - raft.server.storage.free-space.min = 0MB (=0) (default)
2022-07-12 23:23:57,155 [pool-896-thread-1] INFO  storage.RaftStorageDirectory (RaftStorageDirectoryImpl.java:analyzeStorage(135)) - The storage directory /home/runner/work/ozone/ozone/hadoop-ozone/integration-test/target/test-dir/MiniOzoneClusterImpl-c1953583-3267-45ac-aa0d-78ee30f3dc89/datanode-2/data/ratis/d542f389-28c8-4c3a-80bc-9db053831feb does not exist. Creating ...
2022-07-12 23:23:57,161 [pool-896-thread-1] INFO  storage.RaftStorageDirectory (RaftStorageDirectoryImpl.java:tryLock(230)) - Lock on /home/runner/work/ozone/ozone/hadoop-ozone/integration-test/target/test-dir/MiniOzoneClusterImpl-c1953583-3267-45ac-aa0d-78ee30f3dc89/datanode-2/data/ratis/d542f389-28c8-4c3a-80bc-9db053831feb/in_use.lock acquired by nodename 30948@fv-az46-473
2022-07-12 23:23:57,163 [pool-896-thread-1] INFO  storage.RaftStorage (RaftStorageImpl.java:format(89)) - Storage directory /home/runner/work/ozone/ozone/hadoop-ozone/integration-test/target/test-dir/MiniOzoneClusterImpl-c1953583-3267-45ac-aa0d-78ee30f3dc89/datanode-2/data/ratis/d542f389-28c8-4c3a-80bc-9db053831feb has been successfully formatted.
2022-07-12 23:23:57,163 [pool-896-thread-1] INFO  ratis.ContainerStateMachine (ContainerStateMachine.java:loadSnapshot(236)) - group-9DB053831FEB: The snapshot info is null. Setting the last applied indexto:(t:0, i:~)
2022-07-12 23:23:57,163 [pool-896-thread-1] INFO  server.RaftServerConfigKeys (ConfUtils.java:logGet(46)) - raft.server.notification.no-leader.timeout = 300s (custom)
2022-07-12 23:23:57,163 [pool-896-thread-1] INFO  server.RaftServerConfigKeys (ConfUtils.java:logGet(46)) - raft.server.log.use.memory = false (default)
2022-07-12 23:23:57,163 [pool-896-thread-1] INFO  server.RaftServerConfigKeys (ConfUtils.java:logGet(46)) - raft.server.log.purge.gap = 1000000 (custom)
2022-07-12 23:23:57,163 [pool-896-thread-1] INFO  server.RaftServerConfigKeys (ConfUtils.java:logGet(46)) - raft.server.log.appender.buffer.byte-limit = 33554432 (custom)
2022-07-12 23:23:57,163 [pool-896-thread-1] INFO  server.RaftServerConfigKeys (ConfUtils.java:logGet(46)) - raft.server.log.statemachine.data.read.timeout = 1000ms (default)
2022-07-12 23:23:57,163 [pool-896-thread-1] INFO  server.RaftServerConfigKeys (ConfUtils.java:logGet(46)) - raft.server.log.segment.size.max = 1048576 (custom)
2022-07-12 23:23:57,164 [pool-896-thread-1] INFO  server.RaftServerConfigKeys (ConfUtils.java:logGet(46)) - raft.server.log.segment.cache.num.max = 2 (custom)
2022-07-12 23:23:57,164 [pool-896-thread-1] INFO  server.RaftServerConfigKeys (ConfUtils.java:logGet(46)) - raft.server.log.segment.cache.size.max = 200MB (=209715200) (default)
2022-07-12 23:23:57,164 [pool-896-thread-1] INFO  segmented.SegmentedRaftLogWorker (SegmentedRaftLogWorker.java:<init>(187)) - new 41b6f92d-8f51-4ddc-a2ca-a30ae8e33d76@group-9DB053831FEB-SegmentedRaftLogWorker for RaftStorageImpl:Storage Directory /home/runner/work/ozone/ozone/hadoop-ozone/integration-test/target/test-dir/MiniOzoneClusterImpl-c1953583-3267-45ac-aa0d-78ee30f3dc89/datanode-2/data/ratis/d542f389-28c8-4c3a-80bc-9db053831feb
2022-07-12 23:23:57,164 [pool-896-thread-1] INFO  server.RaftServerConfigKeys (ConfUtils.java:logGet(46)) - raft.server.log.queue.byte-limit = 4294967296 (custom)
2022-07-12 23:23:57,164 [pool-896-thread-1] INFO  server.RaftServerConfigKeys (ConfUtils.java:logGet(46)) - raft.server.log.queue.element-limit = 1024 (custom)
2022-07-12 23:23:57,164 [pool-896-thread-1] INFO  server.RaftServerConfigKeys (ConfUtils.java:logGet(46)) - raft.server.log.segment.size.max = 1048576 (custom)
2022-07-12 23:23:57,164 [pool-896-thread-1] INFO  server.RaftServerConfigKeys (ConfUtils.java:logGet(46)) - raft.server.log.preallocated.size = 16384 (custom)
2022-07-12 23:23:57,164 [pool-896-thread-1] INFO  server.RaftServerConfigKeys (ConfUtils.java:logGet(46)) - raft.server.log.force.sync.num = 128 (default)
2022-07-12 23:23:57,164 [pool-896-thread-1] INFO  server.RaftServerConfigKeys (ConfUtils.java:logGet(46)) - raft.server.log.statemachine.data.sync = true (default)
2022-07-12 23:23:57,164 [pool-896-thread-1] INFO  server.RaftServerConfigKeys (ConfUtils.java:logGet(46)) - raft.server.log.statemachine.data.sync.timeout = 10s (default)
2022-07-12 23:23:57,164 [pool-896-thread-1] INFO  server.RaftServerConfigKeys (ConfUtils.java:logGet(46)) - raft.server.log.statemachine.data.sync.timeout.retry = -1 (default)
2022-07-12 23:23:57,165 [pool-896-thread-1] INFO  server.RaftServerConfigKeys (ConfUtils.java:logGet(46)) - raft.server.log.write.buffer.size = 1048576 (custom)
2022-07-12 23:23:57,166 [pool-896-thread-1] INFO  server.RaftServerConfigKeys (ConfUtils.java:logGet(46)) - raft.server.log.unsafe-flush.enabled = false (default)
2022-07-12 23:23:57,166 [pool-896-thread-1] INFO  server.RaftServerConfigKeys (ConfUtils.java:logGet(46)) - raft.server.log.statemachine.data.caching.enabled = true (custom)
2022-07-12 23:23:57,166 [pool-896-thread-1] INFO  segmented.SegmentedRaftLogWorker (SegmentedRaftLogWorker.java:lambda$new$0(135)) - 41b6f92d-8f51-4ddc-a2ca-a30ae8e33d76@group-9DB053831FEB-SegmentedRaftLogWorker: flushIndex: setUnconditionally 0 -> -1
2022-07-12 23:23:57,166 [pool-896-thread-1] INFO  segmented.SegmentedRaftLogWorker (SegmentedRaftLogWorker.java:lambda$new$0(135)) - 41b6f92d-8f51-4ddc-a2ca-a30ae8e33d76@group-9DB053831FEB-SegmentedRaftLogWorker: safeCacheEvictIndex: setUnconditionally 0 -> -1
2022-07-12 23:23:57,192 [pool-896-thread-1] INFO  server.RaftServerConfigKeys (ConfUtils.java:logGet(46)) - raft.server.snapshot.auto.trigger.enabled = true (custom)
2022-07-12 23:23:57,192 [pool-896-thread-1] INFO  server.RaftServerConfigKeys (ConfUtils.java:logGet(46)) - raft.server.snapshot.auto.trigger.threshold = 10000 (custom)
2022-07-12 23:23:57,192 [pool-896-thread-1] INFO  server.RaftServerConfigKeys (ConfUtils.java:logGet(46)) - raft.server.snapshot.retention.file.num = 5 (custom)
2022-07-12 23:23:57,192 [pool-896-thread-1] INFO  server.RaftServerConfigKeys (ConfUtils.java:logGet(46)) - raft.server.log.purge.upto.snapshot.index = false (default)
2022-07-12 23:23:57,192 [pool-896-thread-1] INFO  server.RaftServerConfigKeys (ConfUtils.java:logGet(46)) - raft.server.retrycache.expirytime = 600000ms (custom)
2022-07-12 23:23:57,193 [pool-896-thread-1] INFO  server.RaftServerConfigKeys (ConfUtils.java:logGet(46)) - raft.server.retrycache.statistics.expirytime = 100μs (default)
2022-07-12 23:23:57,194 [pool-896-thread-1] INFO  server.RaftServerConfigKeys (ConfUtils.java:logGet(46)) - raft.server.log.appender.install.snapshot.enabled = false (custom)
2022-07-12 23:23:57,194 [pool-896-thread-1] INFO  server.RaftServerConfigKeys (ConfUtils.java:logGet(46)) - raft.server.threadpool.server.cached = true (default)
2022-07-12 23:23:57,194 [pool-896-thread-1] INFO  server.RaftServerConfigKeys (ConfUtils.java:logGet(46)) - raft.server.threadpool.server.size = 0 (default)
2022-07-12 23:23:57,194 [pool-896-thread-1] INFO  server.RaftServerConfigKeys (ConfUtils.java:logGet(46)) - raft.server.threadpool.client.cached = true (default)
2022-07-12 23:23:57,194 [pool-896-thread-1] INFO  server.RaftServerConfigKeys (ConfUtils.java:logGet(46)) - raft.server.threadpool.client.size = 0 (default)
2022-07-12 23:23:57,194 [pool-896-thread-1] INFO  server.RaftServer$Division (RaftServerImpl.java:start(310)) - 41b6f92d-8f51-4ddc-a2ca-a30ae8e33d76@group-9DB053831FEB: start as a follower, conf=-1: [5d23e830-42ed-4d2c-9f35-4c2aa5467d76|rpc:10.1.0.13:35411|dataStream:|priority:1, 41b6f92d-8f51-4ddc-a2ca-a30ae8e33d76|rpc:10.1.0.13:40749|dataStream:|priority:0, ca090ab3-3872-42a8-bcee-318ad7dbfeb0|rpc:10.1.0.13:40055|dataStream:|priority:0], old=null
2022-07-12 23:23:57,194 [pool-896-thread-1] INFO  server.RaftServer$Division (RaftServerImpl.java:setRole(299)) - 41b6f92d-8f51-4ddc-a2ca-a30ae8e33d76@group-9DB053831FEB: changes role from      null to FOLLOWER at term 0 for startAsFollower
2022-07-12 23:23:57,194 [pool-896-thread-1] INFO  impl.RoleInfo (RoleInfo.java:updateAndGet(139)) - 41b6f92d-8f51-4ddc-a2ca-a30ae8e33d76: start 41b6f92d-8f51-4ddc-a2ca-a30ae8e33d76@group-9DB053831FEB-FollowerState
2022-07-12 23:23:57,208 [pool-896-thread-1] INFO  util.JmxRegister (JmxRegister.java:tryRegister(44)) - Successfully registered JMX Bean with object name Ratis:service=RaftServer,group=group-9DB053831FEB,id=41b6f92d-8f51-4ddc-a2ca-a30ae8e33d76
2022-07-12 23:23:57,228 [Command processor thread] INFO  commandhandler.CreatePipelineCommandHandler (CreatePipelineCommandHandler.java:handle(113)) - Created Pipeline RATIS THREE PipelineID=d542f389-28c8-4c3a-80bc-9db053831feb.
2022-07-12 23:23:57,917 [Listener at 127.0.0.1/45473] INFO  ozone.MiniOzoneClusterImpl (MiniOzoneClusterImpl.java:lambda$waitForClusterToBeReady$0(216)) - Waiting for nodes to be ready. Got 4 of 5 DN Heartbeats.
2022-07-12 23:23:57,917 [Listener at 127.0.0.1/45473] INFO  ozone.MiniOzoneClusterImpl (MiniOzoneClusterImpl.java:lambda$waitForClusterToBeReady$0(219)) - Waiting for cluster to exit safe mode
2022-07-12 23:23:57,918 [Listener at 127.0.0.1/45473] INFO  ozone.MiniOzoneClusterImpl (MiniOzoneClusterImpl.java:lambda$waitForClusterToBeReady$0(221)) - SCM became leader
2022-07-12 23:23:58,022 [Command processor thread] INFO  server.RaftServer (RaftServerProxy.java:addNew(96)) - 41b6f92d-8f51-4ddc-a2ca-a30ae8e33d76: addNew group-A34E9BF9B347:[41b6f92d-8f51-4ddc-a2ca-a30ae8e33d76|rpc:10.1.0.13:40749|priority:1] returns group-A34E9BF9B347:java.util.concurrent.CompletableFuture@3aaa710c[Not completed]
2022-07-12 23:23:58,022 [pool-896-thread-1] INFO  server.RaftServer$Division (RaftServerImpl.java:<init>(190)) - 41b6f92d-8f51-4ddc-a2ca-a30ae8e33d76: new RaftServerImpl for group-A34E9BF9B347:[41b6f92d-8f51-4ddc-a2ca-a30ae8e33d76|rpc:10.1.0.13:40749|priority:1] with ContainerStateMachine:uninitialized
2022-07-12 23:23:58,023 [pool-896-thread-1] INFO  server.RaftServerConfigKeys (ConfUtils.java:logGet(46)) - raft.server.rpc.timeout.min = 5s (custom)
2022-07-12 23:23:58,023 [pool-896-thread-1] INFO  server.RaftServerConfigKeys (ConfUtils.java:logGet(46)) - raft.server.rpc.timeout.max = 5200ms (custom)
2022-07-12 23:23:58,023 [pool-896-thread-1] INFO  server.RaftServerConfigKeys (ConfUtils.java:logGet(46)) - raft.server.rpc.sleep.time = 25ms (default)
2022-07-12 23:23:58,023 [pool-896-thread-1] INFO  server.RaftServerConfigKeys (ConfUtils.java:logGet(46)) - raft.server.rpc.slowness.timeout = 300s (custom)
2022-07-12 23:23:58,023 [pool-896-thread-1] INFO  server.RaftServerConfigKeys (ConfUtils.java:logGet(46)) - raft.server.leaderelection.leader.step-down.wait-time = 10s (default)
2022-07-12 23:23:58,023 [pool-896-thread-1] INFO  server.RaftServerConfigKeys (ConfUtils.java:logGet(46)) - raft.server.sleep.deviation.threshold = 300ms (default)
2022-07-12 23:23:58,023 [pool-896-thread-1] INFO  server.RaftServer$Division (ServerState.java:<init>(107)) - 41b6f92d-8f51-4ddc-a2ca-a30ae8e33d76@group-A34E9BF9B347: ConfigurationManager, init=-1: [41b6f92d-8f51-4ddc-a2ca-a30ae8e33d76|rpc:10.1.0.13:40749|priority:1], old=null, confs=<EMPTY_MAP>
2022-07-12 23:23:58,023 [pool-896-thread-1] INFO  server.RaftServerConfigKeys (ConfUtils.java:logGet(46)) - raft.server.storage.dir = [/home/runner/work/ozone/ozone/hadoop-ozone/integration-test/target/test-dir/MiniOzoneClusterImpl-c1953583-3267-45ac-aa0d-78ee30f3dc89/datanode-2/data/ratis] (custom)
2022-07-12 23:23:58,023 [pool-896-thread-1] INFO  server.RaftServerConfigKeys (ConfUtils.java:logGet(46)) - raft.server.log.corruption.policy = EXCEPTION (default)
2022-07-12 23:23:58,023 [pool-896-thread-1] INFO  server.RaftServerConfigKeys (ConfUtils.java:logGet(46)) - raft.server.storage.free-space.min = 0MB (=0) (default)
2022-07-12 23:23:58,023 [pool-896-thread-1] INFO  storage.RaftStorageDirectory (RaftStorageDirectoryImpl.java:analyzeStorage(135)) - The storage directory /home/runner/work/ozone/ozone/hadoop-ozone/integration-test/target/test-dir/MiniOzoneClusterImpl-c1953583-3267-45ac-aa0d-78ee30f3dc89/datanode-2/data/ratis/7ebfb99d-1947-4ee8-b754-a34e9bf9b347 does not exist. Creating ...
2022-07-12 23:23:58,029 [pool-896-thread-1] INFO  storage.RaftStorageDirectory (RaftStorageDirectoryImpl.java:tryLock(230)) - Lock on /home/runner/work/ozone/ozone/hadoop-ozone/integration-test/target/test-dir/MiniOzoneClusterImpl-c1953583-3267-45ac-aa0d-78ee30f3dc89/datanode-2/data/ratis/7ebfb99d-1947-4ee8-b754-a34e9bf9b347/in_use.lock acquired by nodename 30948@fv-az46-473
2022-07-12 23:23:58,031 [pool-896-thread-1] INFO  storage.RaftStorage (RaftStorageImpl.java:format(89)) - Storage directory /home/runner/work/ozone/ozone/hadoop-ozone/integration-test/target/test-dir/MiniOzoneClusterImpl-c1953583-3267-45ac-aa0d-78ee30f3dc89/datanode-2/data/ratis/7ebfb99d-1947-4ee8-b754-a34e9bf9b347 has been successfully formatted.
2022-07-12 23:23:58,031 [pool-896-thread-1] INFO  ratis.ContainerStateMachine (ContainerStateMachine.java:loadSnapshot(236)) - group-A34E9BF9B347: The snapshot info is null. Setting the last applied indexto:(t:0, i:~)
2022-07-12 23:23:58,032 [pool-896-thread-1] INFO  server.RaftServerConfigKeys (ConfUtils.java:logGet(46)) - raft.server.notification.no-leader.timeout = 300s (custom)
2022-07-12 23:23:58,032 [EventQueue-PipelineReportForPipelineReportHandler] INFO  pipeline.PipelineManagerImpl (PipelineManagerImpl.java:openPipeline(367)) - Pipeline Pipeline[ Id: 7ebfb99d-1947-4ee8-b754-a34e9bf9b347, Nodes: 41b6f92d-8f51-4ddc-a2ca-a30ae8e33d76{ip: 10.1.0.13, host: fv-az46-473.aox2mo1hufxu3kclv1weif3kjc.bx.internal.cloudapp.net, ports: [REPLICATION=45827, RATIS=40749, RATIS_ADMIN=40749, RATIS_SERVER=40749, STANDALONE=42257], networkLocation: /default-rack, certSerialId: null, persistedOpState: IN_SERVICE, persistedOpStateExpiryEpochSec: 0}, ReplicationConfig: RATIS/ONE, State:ALLOCATED, leaderId:41b6f92d-8f51-4ddc-a2ca-a30ae8e33d76, CreationTimestamp2022-07-12T23:23:55.026Z[Etc/UTC]] moved to OPEN state
2022-07-12 23:23:58,032 [EventQueue-OpenPipelineForHealthyPipelineSafeModeRule] INFO  safemode.SCMSafeModeManager (HealthyPipelineSafeModeRule.java:process(137)) - SCM in safe mode. Healthy pipelines reported count is 0, required healthy pipeline reported count is 1
2022-07-12 23:23:58,032 [pool-896-thread-1] INFO  server.RaftServerConfigKeys (ConfUtils.java:logGet(46)) - raft.server.log.use.memory = false (default)
2022-07-12 23:23:58,033 [pool-896-thread-1] INFO  server.RaftServerConfigKeys (ConfUtils.java:logGet(46)) - raft.server.log.purge.gap = 1000000 (custom)
2022-07-12 23:23:58,033 [pool-896-thread-1] INFO  server.RaftServerConfigKeys (ConfUtils.java:logGet(46)) - raft.server.log.appender.buffer.byte-limit = 33554432 (custom)
2022-07-12 23:23:58,033 [pool-896-thread-1] INFO  server.RaftServerConfigKeys (ConfUtils.java:logGet(46)) - raft.server.log.statemachine.data.read.timeout = 1000ms (default)
2022-07-12 23:23:58,033 [pool-896-thread-1] INFO  server.RaftServerConfigKeys (ConfUtils.java:logGet(46)) - raft.server.log.segment.size.max = 1048576 (custom)
2022-07-12 23:23:58,033 [pool-896-thread-1] INFO  server.RaftServerConfigKeys (ConfUtils.java:logGet(46)) - raft.server.log.segment.cache.num.max = 2 (custom)
2022-07-12 23:23:58,033 [pool-896-thread-1] INFO  server.RaftServerConfigKeys (ConfUtils.java:logGet(46)) - raft.server.log.segment.cache.size.max = 200MB (=209715200) (default)
2022-07-12 23:23:58,033 [pool-896-thread-1] INFO  segmented.SegmentedRaftLogWorker (SegmentedRaftLogWorker.java:<init>(187)) - new 41b6f92d-8f51-4ddc-a2ca-a30ae8e33d76@group-A34E9BF9B347-SegmentedRaftLogWorker for RaftStorageImpl:Storage Directory /home/runner/work/ozone/ozone/hadoop-ozone/integration-test/target/test-dir/MiniOzoneClusterImpl-c1953583-3267-45ac-aa0d-78ee30f3dc89/datanode-2/data/ratis/7ebfb99d-1947-4ee8-b754-a34e9bf9b347
2022-07-12 23:23:58,033 [pool-896-thread-1] INFO  server.RaftServerConfigKeys (ConfUtils.java:logGet(46)) - raft.server.log.queue.byte-limit = 4294967296 (custom)
2022-07-12 23:23:58,033 [pool-896-thread-1] INFO  server.RaftServerConfigKeys (ConfUtils.java:logGet(46)) - raft.server.log.queue.element-limit = 1024 (custom)
2022-07-12 23:23:58,034 [pool-896-thread-1] INFO  server.RaftServerConfigKeys (ConfUtils.java:logGet(46)) - raft.server.log.segment.size.max = 1048576 (custom)
2022-07-12 23:23:58,034 [pool-896-thread-1] INFO  server.RaftServerConfigKeys (ConfUtils.java:logGet(46)) - raft.server.log.preallocated.size = 16384 (custom)
2022-07-12 23:23:58,034 [pool-896-thread-1] INFO  server.RaftServerConfigKeys (ConfUtils.java:logGet(46)) - raft.server.log.force.sync.num = 128 (default)
2022-07-12 23:23:58,034 [pool-896-thread-1] INFO  server.RaftServerConfigKeys (ConfUtils.java:logGet(46)) - raft.server.log.statemachine.data.sync = true (default)
2022-07-12 23:23:58,034 [pool-896-thread-1] INFO  server.RaftServerConfigKeys (ConfUtils.java:logGet(46)) - raft.server.log.statemachine.data.sync.timeout = 10s (default)
2022-07-12 23:23:58,034 [pool-896-thread-1] INFO  server.RaftServerConfigKeys (ConfUtils.java:logGet(46)) - raft.server.log.statemachine.data.sync.timeout.retry = -1 (default)
2022-07-12 23:23:58,035 [pool-896-thread-1] INFO  server.RaftServerConfigKeys (ConfUtils.java:logGet(46)) - raft.server.log.write.buffer.size = 1048576 (custom)
2022-07-12 23:23:58,035 [pool-896-thread-1] INFO  server.RaftServerConfigKeys (ConfUtils.java:logGet(46)) - raft.server.log.unsafe-flush.enabled = false (default)
2022-07-12 23:23:58,035 [pool-896-thread-1] INFO  server.RaftServerConfigKeys (ConfUtils.java:logGet(46)) - raft.server.log.statemachine.data.caching.enabled = true (custom)
2022-07-12 23:23:58,035 [pool-896-thread-1] INFO  segmented.SegmentedRaftLogWorker (SegmentedRaftLogWorker.java:lambda$new$0(135)) - 41b6f92d-8f51-4ddc-a2ca-a30ae8e33d76@group-A34E9BF9B347-SegmentedRaftLogWorker: flushIndex: setUnconditionally 0 -> -1
2022-07-12 23:23:58,037 [pool-896-thread-1] INFO  segmented.SegmentedRaftLogWorker (SegmentedRaftLogWorker.java:lambda$new$0(135)) - 41b6f92d-8f51-4ddc-a2ca-a30ae8e33d76@group-A34E9BF9B347-SegmentedRaftLogWorker: safeCacheEvictIndex: setUnconditionally 0 -> -1
2022-07-12 23:23:58,038 [IPC Server handler 15 on default port 36479] INFO  net.NetworkTopologyImpl (NetworkTopologyImpl.java:add(112)) - Added a new node: /default-rack/3f53d41b-4288-423f-96db-a44acbd7e568
2022-07-12 23:23:58,038 [IPC Server handler 15 on default port 36479] INFO  node.SCMNodeManager (SCMNodeManager.java:register(397)) - Registered Data node : 3f53d41b-4288-423f-96db-a44acbd7e568{ip: 10.1.0.13, host: fv-az46-473.aox2mo1hufxu3kclv1weif3kjc.bx.internal.cloudapp.net, ports: [REPLICATION=36101, RATIS=36655, RATIS_ADMIN=36655, RATIS_SERVER=36655, STANDALONE=33115], networkLocation: /default-rack, certSerialId: null, persistedOpState: null, persistedOpStateExpiryEpochSec: 0}
2022-07-12 23:23:58,038 [EventQueue-NewNodeForNewNodeHandler] INFO  pipeline.BackgroundPipelineCreator (BackgroundPipelineCreator.java:notifyEventTriggered(276)) - trigger a one-shot run on RatisPipelineUtilsThread.
2022-07-12 23:23:58,039 [RatisPipelineUtilsThread - 0] INFO  pipeline.RatisPipelineProvider (RatisPipelineProvider.java:lambda$create$0(195)) - Sending CreatePipelineCommand for pipeline:PipelineID=6d7a2d0a-0b1f-4021-b4c9-ebdfdabb5fdd to datanode:3f53d41b-4288-423f-96db-a44acbd7e568
2022-07-12 23:23:58,039 [RatisPipelineUtilsThread - 0] INFO  pipeline.PipelineStateManagerImpl (PipelineStateManagerImpl.java:addPipeline(103)) - Created pipeline Pipeline[ Id: 6d7a2d0a-0b1f-4021-b4c9-ebdfdabb5fdd, Nodes: 3f53d41b-4288-423f-96db-a44acbd7e568{ip: 10.1.0.13, host: fv-az46-473.aox2mo1hufxu3kclv1weif3kjc.bx.internal.cloudapp.net, ports: [REPLICATION=36101, RATIS=36655, RATIS_ADMIN=36655, RATIS_SERVER=36655, STANDALONE=33115], networkLocation: /default-rack, certSerialId: null, persistedOpState: IN_SERVICE, persistedOpStateExpiryEpochSec: 0}, ReplicationConfig: RATIS/ONE, State:ALLOCATED, leaderId:, CreationTimestamp2022-07-12T23:23:58.039Z[Etc/UTC]].
2022-07-12 23:23:58,045 [pool-896-thread-1] INFO  server.RaftServerConfigKeys (ConfUtils.java:logGet(46)) - raft.server.snapshot.auto.trigger.enabled = true (custom)
2022-07-12 23:23:58,045 [pool-896-thread-1] INFO  server.RaftServerConfigKeys (ConfUtils.java:logGet(46)) - raft.server.snapshot.auto.trigger.threshold = 10000 (custom)
2022-07-12 23:23:58,045 [pool-896-thread-1] INFO  server.RaftServerConfigKeys (ConfUtils.java:logGet(46)) - raft.server.snapshot.retention.file.num = 5 (custom)
2022-07-12 23:23:58,046 [pool-896-thread-1] INFO  server.RaftServerConfigKeys (ConfUtils.java:logGet(46)) - raft.server.log.purge.upto.snapshot.index = false (default)
2022-07-12 23:23:58,046 [pool-896-thread-1] INFO  server.RaftServerConfigKeys (ConfUtils.java:logGet(46)) - raft.server.retrycache.expirytime = 600000ms (custom)
2022-07-12 23:23:58,046 [pool-896-thread-1] INFO  server.RaftServerConfigKeys (ConfUtils.java:logGet(46)) - raft.server.retrycache.statistics.expirytime = 100μs (default)
2022-07-12 23:23:58,049 [pool-896-thread-1] INFO  server.RaftServerConfigKeys (ConfUtils.java:logGet(46)) - raft.server.log.appender.install.snapshot.enabled = false (custom)
2022-07-12 23:23:58,049 [pool-896-thread-1] INFO  server.RaftServerConfigKeys (ConfUtils.java:logGet(46)) - raft.server.threadpool.server.cached = true (default)
2022-07-12 23:23:58,049 [pool-896-thread-1] INFO  server.RaftServerConfigKeys (ConfUtils.java:logGet(46)) - raft.server.threadpool.server.size = 0 (default)
2022-07-12 23:23:58,049 [pool-896-thread-1] INFO  server.RaftServerConfigKeys (ConfUtils.java:logGet(46)) - raft.server.threadpool.client.cached = true (default)
2022-07-12 23:23:58,049 [pool-896-thread-1] INFO  server.RaftServerConfigKeys (ConfUtils.java:logGet(46)) - raft.server.threadpool.client.size = 0 (default)
2022-07-12 23:23:58,049 [pool-896-thread-1] INFO  server.RaftServer$Division (RaftServerImpl.java:start(310)) - 41b6f92d-8f51-4ddc-a2ca-a30ae8e33d76@group-A34E9BF9B347: start as a follower, conf=-1: [41b6f92d-8f51-4ddc-a2ca-a30ae8e33d76|rpc:10.1.0.13:40749|priority:1], old=null
2022-07-12 23:23:58,049 [pool-896-thread-1] INFO  server.RaftServer$Division (RaftServerImpl.java:setRole(299)) - 41b6f92d-8f51-4ddc-a2ca-a30ae8e33d76@group-A34E9BF9B347: changes role from      null to FOLLOWER at term 0 for startAsFollower
2022-07-12 23:23:58,049 [pool-896-thread-1] INFO  impl.RoleInfo (RoleInfo.java:updateAndGet(139)) - 41b6f92d-8f51-4ddc-a2ca-a30ae8e33d76: start 41b6f92d-8f51-4ddc-a2ca-a30ae8e33d76@group-A34E9BF9B347-FollowerState
2022-07-12 23:23:58,063 [pool-896-thread-1] INFO  util.JmxRegister (JmxRegister.java:tryRegister(44)) - Successfully registered JMX Bean with object name Ratis:service=RaftServer,group=group-A34E9BF9B347,id=41b6f92d-8f51-4ddc-a2ca-a30ae8e33d76
2022-07-12 23:23:58,089 [Command processor thread] INFO  ratis.XceiverServerRatis (XceiverServerRatis.java:addGroup(765)) - Created group PipelineID=7ebfb99d-1947-4ee8-b754-a34e9bf9b347
2022-07-12 23:23:58,089 [Command processor thread] INFO  commandhandler.CreatePipelineCommandHandler (CreatePipelineCommandHandler.java:handle(113)) - Created Pipeline RATIS ONE PipelineID=7ebfb99d-1947-4ee8-b754-a34e9bf9b347.
2022-07-12 23:23:58,921 [Listener at 127.0.0.1/45473] INFO  ozone.MiniOzoneClusterImpl (MiniOzoneClusterImpl.java:lambda$waitForClusterToBeReady$0(216)) - Nodes are ready. Got 5 of 5 DN Heartbeats.
2022-07-12 23:23:58,921 [Listener at 127.0.0.1/45473] INFO  ozone.MiniOzoneClusterImpl (MiniOzoneClusterImpl.java:lambda$waitForClusterToBeReady$0(219)) - Waiting for cluster to exit safe mode
2022-07-12 23:23:58,921 [Listener at 127.0.0.1/45473] INFO  ozone.MiniOzoneClusterImpl (MiniOzoneClusterImpl.java:lambda$waitForClusterToBeReady$0(221)) - SCM became leader
2022-07-12 23:23:59,706 [Command processor thread] INFO  server.RaftServer (RaftServerProxy.java:addNew(96)) - 1be6e1bb-e91e-4b89-9749-dd97bfc73499: addNew group-D2870D712DE2:[1be6e1bb-e91e-4b89-9749-dd97bfc73499|rpc:10.1.0.13:35789|priority:1] returns group-D2870D712DE2:java.util.concurrent.CompletableFuture@652597e8[Not completed]
2022-07-12 23:23:59,720 [pool-923-thread-1] INFO  server.RaftServer$Division (RaftServerImpl.java:<init>(190)) - 1be6e1bb-e91e-4b89-9749-dd97bfc73499: new RaftServerImpl for group-D2870D712DE2:[1be6e1bb-e91e-4b89-9749-dd97bfc73499|rpc:10.1.0.13:35789|priority:1] with ContainerStateMachine:uninitialized
2022-07-12 23:23:59,721 [pool-923-thread-1] INFO  server.RaftServerConfigKeys (ConfUtils.java:logGet(46)) - raft.server.rpc.timeout.min = 5s (custom)
2022-07-12 23:23:59,721 [pool-923-thread-1] INFO  server.RaftServerConfigKeys (ConfUtils.java:logGet(46)) - raft.server.rpc.timeout.max = 5200ms (custom)
2022-07-12 23:23:59,721 [pool-923-thread-1] INFO  server.RaftServerConfigKeys (ConfUtils.java:logGet(46)) - raft.server.rpc.sleep.time = 25ms (default)
2022-07-12 23:23:59,721 [pool-923-thread-1] INFO  server.RaftServerConfigKeys (ConfUtils.java:logGet(46)) - raft.server.rpc.slowness.timeout = 300s (custom)
2022-07-12 23:23:59,721 [pool-923-thread-1] INFO  server.RaftServerConfigKeys (ConfUtils.java:logGet(46)) - raft.server.leaderelection.leader.step-down.wait-time = 10s (default)
2022-07-12 23:23:59,721 [pool-923-thread-1] INFO  server.RaftServerConfigKeys (ConfUtils.java:logGet(46)) - raft.server.sleep.deviation.threshold = 300ms (default)
2022-07-12 23:23:59,721 [pool-923-thread-1] INFO  server.RaftServer$Division (ServerState.java:<init>(107)) - 1be6e1bb-e91e-4b89-9749-dd97bfc73499@group-D2870D712DE2: ConfigurationManager, init=-1: [1be6e1bb-e91e-4b89-9749-dd97bfc73499|rpc:10.1.0.13:35789|priority:1], old=null, confs=<EMPTY_MAP>
2022-07-12 23:23:59,721 [pool-923-thread-1] INFO  server.RaftServerConfigKeys (ConfUtils.java:logGet(46)) - raft.server.storage.dir = [/home/runner/work/ozone/ozone/hadoop-ozone/integration-test/target/test-dir/MiniOzoneClusterImpl-c1953583-3267-45ac-aa0d-78ee30f3dc89/datanode-3/data/ratis] (custom)
2022-07-12 23:23:59,721 [pool-923-thread-1] INFO  server.RaftServerConfigKeys (ConfUtils.java:logGet(46)) - raft.server.log.corruption.policy = EXCEPTION (default)
2022-07-12 23:23:59,721 [pool-923-thread-1] INFO  server.RaftServerConfigKeys (ConfUtils.java:logGet(46)) - raft.server.storage.free-space.min = 0MB (=0) (default)
2022-07-12 23:23:59,721 [pool-923-thread-1] INFO  storage.RaftStorageDirectory (RaftStorageDirectoryImpl.java:analyzeStorage(135)) - The storage directory /home/runner/work/ozone/ozone/hadoop-ozone/integration-test/target/test-dir/MiniOzoneClusterImpl-c1953583-3267-45ac-aa0d-78ee30f3dc89/datanode-3/data/ratis/11d248bf-3190-461b-9832-d2870d712de2 does not exist. Creating ...
2022-07-12 23:23:59,723 [pool-923-thread-1] INFO  storage.RaftStorageDirectory (RaftStorageDirectoryImpl.java:tryLock(230)) - Lock on /home/runner/work/ozone/ozone/hadoop-ozone/integration-test/target/test-dir/MiniOzoneClusterImpl-c1953583-3267-45ac-aa0d-78ee30f3dc89/datanode-3/data/ratis/11d248bf-3190-461b-9832-d2870d712de2/in_use.lock acquired by nodename 30948@fv-az46-473
2022-07-12 23:23:59,724 [pool-923-thread-1] INFO  storage.RaftStorage (RaftStorageImpl.java:format(89)) - Storage directory /home/runner/work/ozone/ozone/hadoop-ozone/integration-test/target/test-dir/MiniOzoneClusterImpl-c1953583-3267-45ac-aa0d-78ee30f3dc89/datanode-3/data/ratis/11d248bf-3190-461b-9832-d2870d712de2 has been successfully formatted.
2022-07-12 23:23:59,752 [pool-923-thread-1] INFO  ratis.ContainerStateMachine (ContainerStateMachine.java:loadSnapshot(236)) - group-D2870D712DE2: The snapshot info is null. Setting the last applied indexto:(t:0, i:~)
2022-07-12 23:23:59,755 [EventQueue-PipelineReportForPipelineReportHandler] INFO  pipeline.PipelineManagerImpl (PipelineManagerImpl.java:openPipeline(367)) - Pipeline Pipeline[ Id: 11d248bf-3190-461b-9832-d2870d712de2, Nodes: 1be6e1bb-e91e-4b89-9749-dd97bfc73499{ip: 10.1.0.13, host: fv-az46-473.aox2mo1hufxu3kclv1weif3kjc.bx.internal.cloudapp.net, ports: [REPLICATION=46769, RATIS=35789, RATIS_ADMIN=35789, RATIS_SERVER=35789, STANDALONE=43833], networkLocation: /default-rack, certSerialId: null, persistedOpState: IN_SERVICE, persistedOpStateExpiryEpochSec: 0}, ReplicationConfig: RATIS/ONE, State:ALLOCATED, leaderId:1be6e1bb-e91e-4b89-9749-dd97bfc73499, CreationTimestamp2022-07-12T23:23:56.729Z[Etc/UTC]] moved to OPEN state
2022-07-12 23:23:59,756 [EventQueue-OpenPipelineForHealthyPipelineSafeModeRule] INFO  safemode.SCMSafeModeManager (HealthyPipelineSafeModeRule.java:process(137)) - SCM in safe mode. Healthy pipelines reported count is 0, required healthy pipeline reported count is 1
2022-07-12 23:23:59,757 [pool-923-thread-1] INFO  server.RaftServerConfigKeys (ConfUtils.java:logGet(46)) - raft.server.notification.no-leader.timeout = 300s (custom)
2022-07-12 23:23:59,757 [pool-923-thread-1] INFO  server.RaftServerConfigKeys (ConfUtils.java:logGet(46)) - raft.server.log.use.memory = false (default)
2022-07-12 23:23:59,757 [pool-923-thread-1] INFO  server.RaftServerConfigKeys (ConfUtils.java:logGet(46)) - raft.server.log.purge.gap = 1000000 (custom)
2022-07-12 23:23:59,758 [pool-923-thread-1] INFO  server.RaftServerConfigKeys (ConfUtils.java:logGet(46)) - raft.server.log.appender.buffer.byte-limit = 33554432 (custom)
2022-07-12 23:23:59,758 [pool-923-thread-1] INFO  server.RaftServerConfigKeys (ConfUtils.java:logGet(46)) - raft.server.log.statemachine.data.read.timeout = 1000ms (default)
2022-07-12 23:23:59,758 [pool-923-thread-1] INFO  server.RaftServerConfigKeys (ConfUtils.java:logGet(46)) - raft.server.log.segment.size.max = 1048576 (custom)
2022-07-12 23:23:59,758 [pool-923-thread-1] INFO  server.RaftServerConfigKeys (ConfUtils.java:logGet(46)) - raft.server.log.segment.cache.num.max = 2 (custom)
2022-07-12 23:23:59,758 [pool-923-thread-1] INFO  server.RaftServerConfigKeys (ConfUtils.java:logGet(46)) - raft.server.log.segment.cache.size.max = 200MB (=209715200) (default)
2022-07-12 23:23:59,758 [pool-923-thread-1] INFO  segmented.SegmentedRaftLogWorker (SegmentedRaftLogWorker.java:<init>(187)) - new 1be6e1bb-e91e-4b89-9749-dd97bfc73499@group-D2870D712DE2-SegmentedRaftLogWorker for RaftStorageImpl:Storage Directory /home/runner/work/ozone/ozone/hadoop-ozone/integration-test/target/test-dir/MiniOzoneClusterImpl-c1953583-3267-45ac-aa0d-78ee30f3dc89/datanode-3/data/ratis/11d248bf-3190-461b-9832-d2870d712de2
2022-07-12 23:23:59,758 [pool-923-thread-1] INFO  server.RaftServerConfigKeys (ConfUtils.java:logGet(46)) - raft.server.log.queue.byte-limit = 4294967296 (custom)
2022-07-12 23:23:59,758 [pool-923-thread-1] INFO  server.RaftServerConfigKeys (ConfUtils.java:logGet(46)) - raft.server.log.queue.element-limit = 1024 (custom)
2022-07-12 23:23:59,758 [pool-923-thread-1] INFO  server.RaftServerConfigKeys (ConfUtils.java:logGet(46)) - raft.server.log.segment.size.max = 1048576 (custom)
2022-07-12 23:23:59,758 [pool-923-thread-1] INFO  server.RaftServerConfigKeys (ConfUtils.java:logGet(46)) - raft.server.log.preallocated.size = 16384 (custom)
2022-07-12 23:23:59,758 [pool-923-thread-1] INFO  server.RaftServerConfigKeys (ConfUtils.java:logGet(46)) - raft.server.log.force.sync.num = 128 (default)
2022-07-12 23:23:59,758 [pool-923-thread-1] INFO  server.RaftServerConfigKeys (ConfUtils.java:logGet(46)) - raft.server.log.statemachine.data.sync = true (default)
2022-07-12 23:23:59,758 [pool-923-thread-1] INFO  server.RaftServerConfigKeys (ConfUtils.java:logGet(46)) - raft.server.log.statemachine.data.sync.timeout = 10s (default)
2022-07-12 23:23:59,759 [pool-923-thread-1] INFO  server.RaftServerConfigKeys (ConfUtils.java:logGet(46)) - raft.server.log.statemachine.data.sync.timeout.retry = -1 (default)
2022-07-12 23:23:59,759 [pool-923-thread-1] INFO  server.RaftServerConfigKeys (ConfUtils.java:logGet(46)) - raft.server.log.write.buffer.size = 1048576 (custom)
2022-07-12 23:23:59,760 [pool-923-thread-1] INFO  server.RaftServerConfigKeys (ConfUtils.java:logGet(46)) - raft.server.log.unsafe-flush.enabled = false (default)
2022-07-12 23:23:59,760 [pool-923-thread-1] INFO  server.RaftServerConfigKeys (ConfUtils.java:logGet(46)) - raft.server.log.statemachine.data.caching.enabled = true (custom)
2022-07-12 23:23:59,760 [pool-923-thread-1] INFO  segmented.SegmentedRaftLogWorker (SegmentedRaftLogWorker.java:lambda$new$0(135)) - 1be6e1bb-e91e-4b89-9749-dd97bfc73499@group-D2870D712DE2-SegmentedRaftLogWorker: flushIndex: setUnconditionally 0 -> -1
2022-07-12 23:23:59,760 [pool-923-thread-1] INFO  segmented.SegmentedRaftLogWorker (SegmentedRaftLogWorker.java:lambda$new$0(135)) - 1be6e1bb-e91e-4b89-9749-dd97bfc73499@group-D2870D712DE2-SegmentedRaftLogWorker: safeCacheEvictIndex: setUnconditionally 0 -> -1
2022-07-12 23:23:59,797 [pool-923-thread-1] INFO  server.RaftServerConfigKeys (ConfUtils.java:logGet(46)) - raft.server.snapshot.auto.trigger.enabled = true (custom)
2022-07-12 23:23:59,797 [pool-923-thread-1] INFO  server.RaftServerConfigKeys (ConfUtils.java:logGet(46)) - raft.server.snapshot.auto.trigger.threshold = 10000 (custom)
2022-07-12 23:23:59,797 [pool-923-thread-1] INFO  server.RaftServerConfigKeys (ConfUtils.java:logGet(46)) - raft.server.snapshot.retention.file.num = 5 (custom)
2022-07-12 23:23:59,797 [pool-923-thread-1] INFO  server.RaftServerConfigKeys (ConfUtils.java:logGet(46)) - raft.server.log.purge.upto.snapshot.index = false (default)
2022-07-12 23:23:59,797 [pool-923-thread-1] INFO  server.RaftServerConfigKeys (ConfUtils.java:logGet(46)) - raft.server.retrycache.expirytime = 600000ms (custom)
2022-07-12 23:23:59,797 [pool-923-thread-1] INFO  server.RaftServerConfigKeys (ConfUtils.java:logGet(46)) - raft.server.retrycache.statistics.expirytime = 100μs (default)
2022-07-12 23:23:59,798 [pool-923-thread-1] INFO  server.RaftServerConfigKeys (ConfUtils.java:logGet(46)) - raft.server.log.appender.install.snapshot.enabled = false (custom)
2022-07-12 23:23:59,798 [pool-923-thread-1] INFO  server.RaftServerConfigKeys (ConfUtils.java:logGet(46)) - raft.server.threadpool.server.cached = true (default)
2022-07-12 23:23:59,798 [pool-923-thread-1] INFO  server.RaftServerConfigKeys (ConfUtils.java:logGet(46)) - raft.server.threadpool.server.size = 0 (default)
2022-07-12 23:23:59,798 [pool-923-thread-1] INFO  server.RaftServerConfigKeys (ConfUtils.java:logGet(46)) - raft.server.threadpool.client.cached = true (default)
2022-07-12 23:23:59,798 [pool-923-thread-1] INFO  server.RaftServerConfigKeys (ConfUtils.java:logGet(46)) - raft.server.threadpool.client.size = 0 (default)
2022-07-12 23:23:59,799 [pool-923-thread-1] INFO  server.RaftServer$Division (RaftServerImpl.java:start(310)) - 1be6e1bb-e91e-4b89-9749-dd97bfc73499@group-D2870D712DE2: start as a follower, conf=-1: [1be6e1bb-e91e-4b89-9749-dd97bfc73499|rpc:10.1.0.13:35789|priority:1], old=null
2022-07-12 23:23:59,799 [pool-923-thread-1] INFO  server.RaftServer$Division (RaftServerImpl.java:setRole(299)) - 1be6e1bb-e91e-4b89-9749-dd97bfc73499@group-D2870D712DE2: changes role from      null to FOLLOWER at term 0 for startAsFollower
2022-07-12 23:23:59,799 [pool-923-thread-1] INFO  impl.RoleInfo (RoleInfo.java:updateAndGet(139)) - 1be6e1bb-e91e-4b89-9749-dd97bfc73499: start 1be6e1bb-e91e-4b89-9749-dd97bfc73499@group-D2870D712DE2-FollowerState
2022-07-12 23:23:59,805 [pool-923-thread-1] INFO  util.JmxRegister (JmxRegister.java:tryRegister(44)) - Successfully registered JMX Bean with object name Ratis:service=RaftServer,group=group-D2870D712DE2,id=1be6e1bb-e91e-4b89-9749-dd97bfc73499
2022-07-12 23:23:59,806 [Command processor thread] INFO  ratis.XceiverServerRatis (XceiverServerRatis.java:addGroup(765)) - Created group PipelineID=11d248bf-3190-461b-9832-d2870d712de2
2022-07-12 23:23:59,806 [Command processor thread] INFO  commandhandler.CreatePipelineCommandHandler (CreatePipelineCommandHandler.java:handle(113)) - Created Pipeline RATIS ONE PipelineID=11d248bf-3190-461b-9832-d2870d712de2.
2022-07-12 23:23:59,922 [Listener at 127.0.0.1/45473] INFO  ozone.MiniOzoneClusterImpl (MiniOzoneClusterImpl.java:lambda$waitForClusterToBeReady$0(216)) - Nodes are ready. Got 5 of 5 DN Heartbeats.
2022-07-12 23:23:59,922 [Listener at 127.0.0.1/45473] INFO  ozone.MiniOzoneClusterImpl (MiniOzoneClusterImpl.java:lambda$waitForClusterToBeReady$0(219)) - Waiting for cluster to exit safe mode
2022-07-12 23:23:59,922 [Listener at 127.0.0.1/45473] INFO  ozone.MiniOzoneClusterImpl (MiniOzoneClusterImpl.java:lambda$waitForClusterToBeReady$0(221)) - SCM became leader
2022-07-12 23:24:00,922 [Listener at 127.0.0.1/45473] INFO  ozone.MiniOzoneClusterImpl (MiniOzoneClusterImpl.java:lambda$waitForClusterToBeReady$0(216)) - Nodes are ready. Got 5 of 5 DN Heartbeats.
2022-07-12 23:24:00,922 [Listener at 127.0.0.1/45473] INFO  ozone.MiniOzoneClusterImpl (MiniOzoneClusterImpl.java:lambda$waitForClusterToBeReady$0(219)) - Waiting for cluster to exit safe mode
2022-07-12 23:24:00,922 [Listener at 127.0.0.1/45473] INFO  ozone.MiniOzoneClusterImpl (MiniOzoneClusterImpl.java:lambda$waitForClusterToBeReady$0(221)) - SCM became leader
2022-07-12 23:24:01,050 [Command processor thread] INFO  server.RaftServer (RaftServerProxy.java:addNew(96)) - 3f53d41b-4288-423f-96db-a44acbd7e568: addNew group-EBDFDABB5FDD:[3f53d41b-4288-423f-96db-a44acbd7e568|rpc:10.1.0.13:36655|priority:1] returns group-EBDFDABB5FDD:java.util.concurrent.CompletableFuture@48b0dadc[Not completed]
2022-07-12 23:24:01,080 [pool-950-thread-1] INFO  server.RaftServer$Division (RaftServerImpl.java:<init>(190)) - 3f53d41b-4288-423f-96db-a44acbd7e568: new RaftServerImpl for group-EBDFDABB5FDD:[3f53d41b-4288-423f-96db-a44acbd7e568|rpc:10.1.0.13:36655|priority:1] with ContainerStateMachine:uninitialized
2022-07-12 23:24:01,080 [pool-950-thread-1] INFO  server.RaftServerConfigKeys (ConfUtils.java:logGet(46)) - raft.server.rpc.timeout.min = 5s (custom)
2022-07-12 23:24:01,080 [pool-950-thread-1] INFO  server.RaftServerConfigKeys (ConfUtils.java:logGet(46)) - raft.server.rpc.timeout.max = 5200ms (custom)
2022-07-12 23:24:01,080 [pool-950-thread-1] INFO  server.RaftServerConfigKeys (ConfUtils.java:logGet(46)) - raft.server.rpc.sleep.time = 25ms (default)
2022-07-12 23:24:01,080 [pool-950-thread-1] INFO  server.RaftServerConfigKeys (ConfUtils.java:logGet(46)) - raft.server.rpc.slowness.timeout = 300s (custom)
2022-07-12 23:24:01,080 [pool-950-thread-1] INFO  server.RaftServerConfigKeys (ConfUtils.java:logGet(46)) - raft.server.leaderelection.leader.step-down.wait-time = 10s (default)
2022-07-12 23:24:01,081 [pool-950-thread-1] INFO  server.RaftServerConfigKeys (ConfUtils.java:logGet(46)) - raft.server.sleep.deviation.threshold = 300ms (default)
2022-07-12 23:24:01,081 [pool-950-thread-1] INFO  server.RaftServer$Division (ServerState.java:<init>(107)) - 3f53d41b-4288-423f-96db-a44acbd7e568@group-EBDFDABB5FDD: ConfigurationManager, init=-1: [3f53d41b-4288-423f-96db-a44acbd7e568|rpc:10.1.0.13:36655|priority:1], old=null, confs=<EMPTY_MAP>
2022-07-12 23:24:01,081 [pool-950-thread-1] INFO  server.RaftServerConfigKeys (ConfUtils.java:logGet(46)) - raft.server.storage.dir = [/home/runner/work/ozone/ozone/hadoop-ozone/integration-test/target/test-dir/MiniOzoneClusterImpl-c1953583-3267-45ac-aa0d-78ee30f3dc89/datanode-4/data/ratis] (custom)
2022-07-12 23:24:01,081 [pool-950-thread-1] INFO  server.RaftServerConfigKeys (ConfUtils.java:logGet(46)) - raft.server.log.corruption.policy = EXCEPTION (default)
2022-07-12 23:24:01,081 [pool-950-thread-1] INFO  server.RaftServerConfigKeys (ConfUtils.java:logGet(46)) - raft.server.storage.free-space.min = 0MB (=0) (default)
2022-07-12 23:24:01,085 [pool-950-thread-1] INFO  storage.RaftStorageDirectory (RaftStorageDirectoryImpl.java:analyzeStorage(135)) - The storage directory /home/runner/work/ozone/ozone/hadoop-ozone/integration-test/target/test-dir/MiniOzoneClusterImpl-c1953583-3267-45ac-aa0d-78ee30f3dc89/datanode-4/data/ratis/6d7a2d0a-0b1f-4021-b4c9-ebdfdabb5fdd does not exist. Creating ...
2022-07-12 23:24:01,086 [pool-950-thread-1] INFO  storage.RaftStorageDirectory (RaftStorageDirectoryImpl.java:tryLock(230)) - Lock on /home/runner/work/ozone/ozone/hadoop-ozone/integration-test/target/test-dir/MiniOzoneClusterImpl-c1953583-3267-45ac-aa0d-78ee30f3dc89/datanode-4/data/ratis/6d7a2d0a-0b1f-4021-b4c9-ebdfdabb5fdd/in_use.lock acquired by nodename 30948@fv-az46-473
2022-07-12 23:24:01,093 [pool-950-thread-1] INFO  storage.RaftStorage (RaftStorageImpl.java:format(89)) - Storage directory /home/runner/work/ozone/ozone/hadoop-ozone/integration-test/target/test-dir/MiniOzoneClusterImpl-c1953583-3267-45ac-aa0d-78ee30f3dc89/datanode-4/data/ratis/6d7a2d0a-0b1f-4021-b4c9-ebdfdabb5fdd has been successfully formatted.
2022-07-12 23:24:01,131 [ca090ab3-3872-42a8-bcee-318ad7dbfeb0@group-42DB1ADE585A-FollowerState] INFO  impl.FollowerState (FollowerState.java:run(143)) - ca090ab3-3872-42a8-bcee-318ad7dbfeb0@group-42DB1ADE585A-FollowerState: change to CANDIDATE, lastRpcElapsedTime:5031753014ns, electionTimeout:5030ms
2022-07-12 23:24:01,131 [ca090ab3-3872-42a8-bcee-318ad7dbfeb0@group-42DB1ADE585A-FollowerState] INFO  impl.RoleInfo (RoleInfo.java:shutdownFollowerState(110)) - ca090ab3-3872-42a8-bcee-318ad7dbfeb0: shutdown ca090ab3-3872-42a8-bcee-318ad7dbfeb0@group-42DB1ADE585A-FollowerState
2022-07-12 23:24:01,131 [ca090ab3-3872-42a8-bcee-318ad7dbfeb0@group-42DB1ADE585A-FollowerState] INFO  server.RaftServer$Division (RaftServerImpl.java:setRole(299)) - ca090ab3-3872-42a8-bcee-318ad7dbfeb0@group-42DB1ADE585A: changes role from  FOLLOWER to CANDIDATE at term 0 for changeToCandidate
2022-07-12 23:24:01,131 [ca090ab3-3872-42a8-bcee-318ad7dbfeb0@group-42DB1ADE585A-FollowerState] INFO  server.RaftServerConfigKeys (ConfUtils.java:logGet(46)) - raft.server.leaderelection.pre-vote = false (custom)
2022-07-12 23:24:01,131 [ca090ab3-3872-42a8-bcee-318ad7dbfeb0@group-42DB1ADE585A-FollowerState] INFO  impl.RoleInfo (RoleInfo.java:updateAndGet(139)) - ca090ab3-3872-42a8-bcee-318ad7dbfeb0: start ca090ab3-3872-42a8-bcee-318ad7dbfeb0@group-42DB1ADE585A-LeaderElection54
2022-07-12 23:24:01,166 [pool-950-thread-1] INFO  ratis.ContainerStateMachine (ContainerStateMachine.java:loadSnapshot(236)) - group-EBDFDABB5FDD: The snapshot info is null. Setting the last applied indexto:(t:0, i:~)
2022-07-12 23:24:01,166 [pool-950-thread-1] INFO  server.RaftServerConfigKeys (ConfUtils.java:logGet(46)) - raft.server.notification.no-leader.timeout = 300s (custom)
2022-07-12 23:24:01,166 [pool-950-thread-1] INFO  server.RaftServerConfigKeys (ConfUtils.java:logGet(46)) - raft.server.log.use.memory = false (default)
2022-07-12 23:24:01,166 [pool-950-thread-1] INFO  server.RaftServerConfigKeys (ConfUtils.java:logGet(46)) - raft.server.log.purge.gap = 1000000 (custom)
2022-07-12 23:24:01,166 [pool-950-thread-1] INFO  server.RaftServerConfigKeys (ConfUtils.java:logGet(46)) - raft.server.log.appender.buffer.byte-limit = 33554432 (custom)
2022-07-12 23:24:01,166 [pool-950-thread-1] INFO  server.RaftServerConfigKeys (ConfUtils.java:logGet(46)) - raft.server.log.statemachine.data.read.timeout = 1000ms (default)
2022-07-12 23:24:01,166 [pool-950-thread-1] INFO  server.RaftServerConfigKeys (ConfUtils.java:logGet(46)) - raft.server.log.segment.size.max = 1048576 (custom)
2022-07-12 23:24:01,167 [pool-950-thread-1] INFO  server.RaftServerConfigKeys (ConfUtils.java:logGet(46)) - raft.server.log.segment.cache.num.max = 2 (custom)
2022-07-12 23:24:01,167 [pool-950-thread-1] INFO  server.RaftServerConfigKeys (ConfUtils.java:logGet(46)) - raft.server.log.segment.cache.size.max = 200MB (=209715200) (default)
2022-07-12 23:24:01,167 [pool-950-thread-1] INFO  segmented.SegmentedRaftLogWorker (SegmentedRaftLogWorker.java:<init>(187)) - new 3f53d41b-4288-423f-96db-a44acbd7e568@group-EBDFDABB5FDD-SegmentedRaftLogWorker for RaftStorageImpl:Storage Directory /home/runner/work/ozone/ozone/hadoop-ozone/integration-test/target/test-dir/MiniOzoneClusterImpl-c1953583-3267-45ac-aa0d-78ee30f3dc89/datanode-4/data/ratis/6d7a2d0a-0b1f-4021-b4c9-ebdfdabb5fdd
2022-07-12 23:24:01,167 [pool-950-thread-1] INFO  server.RaftServerConfigKeys (ConfUtils.java:logGet(46)) - raft.server.log.queue.byte-limit = 4294967296 (custom)
2022-07-12 23:24:01,167 [pool-950-thread-1] INFO  server.RaftServerConfigKeys (ConfUtils.java:logGet(46)) - raft.server.log.queue.element-limit = 1024 (custom)
2022-07-12 23:24:01,167 [pool-950-thread-1] INFO  server.RaftServerConfigKeys (ConfUtils.java:logGet(46)) - raft.server.log.segment.size.max = 1048576 (custom)
2022-07-12 23:24:01,167 [pool-950-thread-1] INFO  server.RaftServerConfigKeys (ConfUtils.java:logGet(46)) - raft.server.log.preallocated.size = 16384 (custom)
2022-07-12 23:24:01,167 [pool-950-thread-1] INFO  server.RaftServerConfigKeys (ConfUtils.java:logGet(46)) - raft.server.log.force.sync.num = 128 (default)
2022-07-12 23:24:01,167 [pool-950-thread-1] INFO  server.RaftServerConfigKeys (ConfUtils.java:logGet(46)) - raft.server.log.statemachine.data.sync = true (default)
2022-07-12 23:24:01,167 [pool-950-thread-1] INFO  server.RaftServerConfigKeys (ConfUtils.java:logGet(46)) - raft.server.log.statemachine.data.sync.timeout = 10s (default)
2022-07-12 23:24:01,167 [pool-950-thread-1] INFO  server.RaftServerConfigKeys (ConfUtils.java:logGet(46)) - raft.server.log.statemachine.data.sync.timeout.retry = -1 (default)
2022-07-12 23:24:01,168 [pool-950-thread-1] INFO  server.RaftServerConfigKeys (ConfUtils.java:logGet(46)) - raft.server.log.write.buffer.size = 1048576 (custom)
2022-07-12 23:24:01,169 [pool-950-thread-1] INFO  server.RaftServerConfigKeys (ConfUtils.java:logGet(46)) - raft.server.log.unsafe-flush.enabled = false (default)
2022-07-12 23:24:01,169 [pool-950-thread-1] INFO  server.RaftServerConfigKeys (ConfUtils.java:logGet(46)) - raft.server.log.statemachine.data.caching.enabled = true (custom)
2022-07-12 23:24:01,169 [pool-950-thread-1] INFO  segmented.SegmentedRaftLogWorker (SegmentedRaftLogWorker.java:lambda$new$0(135)) - 3f53d41b-4288-423f-96db-a44acbd7e568@group-EBDFDABB5FDD-SegmentedRaftLogWorker: flushIndex: setUnconditionally 0 -> -1
2022-07-12 23:24:01,169 [pool-950-thread-1] INFO  segmented.SegmentedRaftLogWorker (SegmentedRaftLogWorker.java:lambda$new$0(135)) - 3f53d41b-4288-423f-96db-a44acbd7e568@group-EBDFDABB5FDD-SegmentedRaftLogWorker: safeCacheEvictIndex: setUnconditionally 0 -> -1
2022-07-12 23:24:01,176 [pool-950-thread-1] INFO  server.RaftServerConfigKeys (ConfUtils.java:logGet(46)) - raft.server.snapshot.auto.trigger.enabled = true (custom)
2022-07-12 23:24:01,176 [pool-950-thread-1] INFO  server.RaftServerConfigKeys (ConfUtils.java:logGet(46)) - raft.server.snapshot.auto.trigger.threshold = 10000 (custom)
2022-07-12 23:24:01,176 [pool-950-thread-1] INFO  server.RaftServerConfigKeys (ConfUtils.java:logGet(46)) - raft.server.snapshot.retention.file.num = 5 (custom)
2022-07-12 23:24:01,176 [pool-950-thread-1] INFO  server.RaftServerConfigKeys (ConfUtils.java:logGet(46)) - raft.server.log.purge.upto.snapshot.index = false (default)
2022-07-12 23:24:01,176 [pool-950-thread-1] INFO  server.RaftServerConfigKeys (ConfUtils.java:logGet(46)) - raft.server.retrycache.expirytime = 600000ms (custom)
2022-07-12 23:24:01,176 [pool-950-thread-1] INFO  server.RaftServerConfigKeys (ConfUtils.java:logGet(46)) - raft.server.retrycache.statistics.expirytime = 100μs (default)
2022-07-12 23:24:01,182 [EventQueue-PipelineReportForPipelineReportHandler] INFO  pipeline.PipelineManagerImpl (PipelineManagerImpl.java:openPipeline(367)) - Pipeline Pipeline[ Id: 6d7a2d0a-0b1f-4021-b4c9-ebdfdabb5fdd, Nodes: 3f53d41b-4288-423f-96db-a44acbd7e568{ip: 10.1.0.13, host: fv-az46-473.aox2mo1hufxu3kclv1weif3kjc.bx.internal.cloudapp.net, ports: [REPLICATION=36101, RATIS=36655, RATIS_ADMIN=36655, RATIS_SERVER=36655, STANDALONE=33115], networkLocation: /default-rack, certSerialId: null, persistedOpState: IN_SERVICE, persistedOpStateExpiryEpochSec: 0}, ReplicationConfig: RATIS/ONE, State:ALLOCATED, leaderId:3f53d41b-4288-423f-96db-a44acbd7e568, CreationTimestamp2022-07-12T23:23:58.039Z[Etc/UTC]] moved to OPEN state
2022-07-12 23:24:01,183 [EventQueue-OpenPipelineForHealthyPipelineSafeModeRule] INFO  safemode.SCMSafeModeManager (HealthyPipelineSafeModeRule.java:process(137)) - SCM in safe mode. Healthy pipelines reported count is 0, required healthy pipeline reported count is 1
2022-07-12 23:24:01,200 [pool-950-thread-1] INFO  server.RaftServerConfigKeys (ConfUtils.java:logGet(46)) - raft.server.log.appender.install.snapshot.enabled = false (custom)
2022-07-12 23:24:01,200 [pool-950-thread-1] INFO  server.RaftServerConfigKeys (ConfUtils.java:logGet(46)) - raft.server.threadpool.server.cached = true (default)
2022-07-12 23:24:01,200 [pool-950-thread-1] INFO  server.RaftServerConfigKeys (ConfUtils.java:logGet(46)) - raft.server.threadpool.server.size = 0 (default)
2022-07-12 23:24:01,200 [pool-950-thread-1] INFO  server.RaftServerConfigKeys (ConfUtils.java:logGet(46)) - raft.server.threadpool.client.cached = true (default)
2022-07-12 23:24:01,200 [pool-950-thread-1] INFO  server.RaftServerConfigKeys (ConfUtils.java:logGet(46)) - raft.server.threadpool.client.size = 0 (default)
2022-07-12 23:24:01,200 [pool-950-thread-1] INFO  server.RaftServer$Division (RaftServerImpl.java:start(310)) - 3f53d41b-4288-423f-96db-a44acbd7e568@group-EBDFDABB5FDD: start as a follower, conf=-1: [3f53d41b-4288-423f-96db-a44acbd7e568|rpc:10.1.0.13:36655|priority:1], old=null
2022-07-12 23:24:01,200 [pool-950-thread-1] INFO  server.RaftServer$Division (RaftServerImpl.java:setRole(299)) - 3f53d41b-4288-423f-96db-a44acbd7e568@group-EBDFDABB5FDD: changes role from      null to FOLLOWER at term 0 for startAsFollower
2022-07-12 23:24:01,200 [pool-950-thread-1] INFO  impl.RoleInfo (RoleInfo.java:updateAndGet(139)) - 3f53d41b-4288-423f-96db-a44acbd7e568: start 3f53d41b-4288-423f-96db-a44acbd7e568@group-EBDFDABB5FDD-FollowerState
2022-07-12 23:24:01,218 [pool-950-thread-1] INFO  util.JmxRegister (JmxRegister.java:tryRegister(44)) - Successfully registered JMX Bean with object name Ratis:service=RaftServer,group=group-EBDFDABB5FDD,id=3f53d41b-4288-423f-96db-a44acbd7e568
2022-07-12 23:24:01,219 [Command processor thread] INFO  ratis.XceiverServerRatis (XceiverServerRatis.java:addGroup(765)) - Created group PipelineID=6d7a2d0a-0b1f-4021-b4c9-ebdfdabb5fdd
2022-07-12 23:24:01,219 [Command processor thread] INFO  commandhandler.CreatePipelineCommandHandler (CreatePipelineCommandHandler.java:handle(113)) - Created Pipeline RATIS ONE PipelineID=6d7a2d0a-0b1f-4021-b4c9-ebdfdabb5fdd.
2022-07-12 23:24:01,220 [ca090ab3-3872-42a8-bcee-318ad7dbfeb0@group-42DB1ADE585A-LeaderElection54] INFO  impl.LeaderElection (LeaderElection.java:askForVotes(310)) - ca090ab3-3872-42a8-bcee-318ad7dbfeb0@group-42DB1ADE585A-LeaderElection54 ELECTION round 0: submit vote requests at term 1 for -1: [5d23e830-42ed-4d2c-9f35-4c2aa5467d76|rpc:10.1.0.13:35411|priority:0, 41b6f92d-8f51-4ddc-a2ca-a30ae8e33d76|rpc:10.1.0.13:40749|priority:1, ca090ab3-3872-42a8-bcee-318ad7dbfeb0|rpc:10.1.0.13:40055|priority:0], old=null
2022-07-12 23:24:01,236 [ca090ab3-3872-42a8-bcee-318ad7dbfeb0@group-33B48B73BCEA-FollowerState] INFO  impl.FollowerState (FollowerState.java:run(143)) - ca090ab3-3872-42a8-bcee-318ad7dbfeb0@group-33B48B73BCEA-FollowerState: change to CANDIDATE, lastRpcElapsedTime:5169969089ns, electionTimeout:5169ms
2022-07-12 23:24:01,236 [ca090ab3-3872-42a8-bcee-318ad7dbfeb0@group-33B48B73BCEA-FollowerState] INFO  impl.RoleInfo (RoleInfo.java:shutdownFollowerState(110)) - ca090ab3-3872-42a8-bcee-318ad7dbfeb0: shutdown ca090ab3-3872-42a8-bcee-318ad7dbfeb0@group-33B48B73BCEA-FollowerState
2022-07-12 23:24:01,236 [ca090ab3-3872-42a8-bcee-318ad7dbfeb0@group-33B48B73BCEA-FollowerState] INFO  server.RaftServer$Division (RaftServerImpl.java:setRole(299)) - ca090ab3-3872-42a8-bcee-318ad7dbfeb0@group-33B48B73BCEA: changes role from  FOLLOWER to CANDIDATE at term 0 for changeToCandidate
2022-07-12 23:24:01,258 [ca090ab3-3872-42a8-bcee-318ad7dbfeb0@group-33B48B73BCEA-FollowerState] INFO  server.RaftServerConfigKeys (ConfUtils.java:logGet(46)) - raft.server.leaderelection.pre-vote = false (custom)
2022-07-12 23:24:01,258 [ca090ab3-3872-42a8-bcee-318ad7dbfeb0@group-33B48B73BCEA-FollowerState] INFO  impl.RoleInfo (RoleInfo.java:updateAndGet(139)) - ca090ab3-3872-42a8-bcee-318ad7dbfeb0: start ca090ab3-3872-42a8-bcee-318ad7dbfeb0@group-33B48B73BCEA-LeaderElection55
2022-07-12 23:24:01,335 [ca090ab3-3872-42a8-bcee-318ad7dbfeb0@group-33B48B73BCEA-LeaderElection55] INFO  impl.LeaderElection (LeaderElection.java:askForVotes(310)) - ca090ab3-3872-42a8-bcee-318ad7dbfeb0@group-33B48B73BCEA-LeaderElection55 ELECTION round 0: submit vote requests at term 1 for -1: [ca090ab3-3872-42a8-bcee-318ad7dbfeb0|rpc:10.1.0.13:40055|priority:1], old=null
2022-07-12 23:24:01,335 [ca090ab3-3872-42a8-bcee-318ad7dbfeb0@group-33B48B73BCEA-LeaderElection55] INFO  impl.LeaderElection (LeaderElection.java:askForVotes(312)) - ca090ab3-3872-42a8-bcee-318ad7dbfeb0@group-33B48B73BCEA-LeaderElection55 ELECTION round 0: result PASSED (term=1)
2022-07-12 23:24:01,335 [ca090ab3-3872-42a8-bcee-318ad7dbfeb0@group-33B48B73BCEA-LeaderElection55] INFO  impl.RoleInfo (RoleInfo.java:shutdownLeaderElection(130)) - ca090ab3-3872-42a8-bcee-318ad7dbfeb0: shutdown ca090ab3-3872-42a8-bcee-318ad7dbfeb0@group-33B48B73BCEA-LeaderElection55
2022-07-12 23:24:01,335 [ca090ab3-3872-42a8-bcee-318ad7dbfeb0@group-33B48B73BCEA-LeaderElection55] INFO  server.RaftServer$Division (RaftServerImpl.java:setRole(299)) - ca090ab3-3872-42a8-bcee-318ad7dbfeb0@group-33B48B73BCEA: changes role from CANDIDATE to LEADER at term 1 for changeToLeader
2022-07-12 23:24:01,349 [ca090ab3-3872-42a8-bcee-318ad7dbfeb0@group-33B48B73BCEA-LeaderElection55] INFO  ratis.XceiverServerRatis (XceiverServerRatis.java:handleLeaderChangedNotification(863)) - Leader change notification received for group: group-33B48B73BCEA with new leaderId: ca090ab3-3872-42a8-bcee-318ad7dbfeb0
2022-07-12 23:24:01,349 [ca090ab3-3872-42a8-bcee-318ad7dbfeb0@group-33B48B73BCEA-LeaderElection55] INFO  server.RaftServer$Division (ServerState.java:setLeader(287)) - ca090ab3-3872-42a8-bcee-318ad7dbfeb0@group-33B48B73BCEA: change Leader from null to ca090ab3-3872-42a8-bcee-318ad7dbfeb0 at term 1 for becomeLeader, leader elected after 5337ms
2022-07-12 23:24:01,349 [ca090ab3-3872-42a8-bcee-318ad7dbfeb0@group-33B48B73BCEA-LeaderElection55] INFO  server.RaftServerConfigKeys (ConfUtils.java:logGet(46)) - raft.server.staging.catchup.gap = 1000 (default)
2022-07-12 23:24:01,349 [ca090ab3-3872-42a8-bcee-318ad7dbfeb0@group-33B48B73BCEA-LeaderElection55] INFO  server.RaftServerConfigKeys (ConfUtils.java:logGet(46)) - raft.server.write.element-limit = 1024 (custom)
2022-07-12 23:24:01,349 [ca090ab3-3872-42a8-bcee-318ad7dbfeb0@group-33B48B73BCEA-LeaderElection55] INFO  server.RaftServerConfigKeys (ConfUtils.java:logGet(46)) - raft.server.write.byte-limit = 1024 M (=1073741824) (custom)
2022-07-12 23:24:01,350 [ca090ab3-3872-42a8-bcee-318ad7dbfeb0@group-33B48B73BCEA-LeaderElection55] INFO  server.RaftServerConfigKeys (ConfUtils.java:logGet(46)) - raft.server.watch.timeout = 180s (custom)
2022-07-12 23:24:01,350 [ca090ab3-3872-42a8-bcee-318ad7dbfeb0@group-33B48B73BCEA-LeaderElection55] INFO  server.RaftServerConfigKeys (ConfUtils.java:logGet(46)) - raft.server.watch.timeout.denomination = 1s (default)
2022-07-12 23:24:01,350 [ca090ab3-3872-42a8-bcee-318ad7dbfeb0@group-33B48B73BCEA-LeaderElection55] INFO  server.RaftServerConfigKeys (ConfUtils.java:logGet(46)) - raft.server.watch.element-limit = 65536 (default)
2022-07-12 23:24:01,350 [ca090ab3-3872-42a8-bcee-318ad7dbfeb0@group-33B48B73BCEA-LeaderElection55] INFO  server.RaftServerConfigKeys (ConfUtils.java:logGet(46)) - raft.server.write.element-limit = 1024 (custom)
2022-07-12 23:24:01,350 [ca090ab3-3872-42a8-bcee-318ad7dbfeb0@group-33B48B73BCEA-LeaderElection55] INFO  server.RaftServerConfigKeys (ConfUtils.java:logGet(46)) - raft.server.write.follower.gap.ratio.max = -1.0 (default)
2022-07-12 23:24:01,350 [ca090ab3-3872-42a8-bcee-318ad7dbfeb0@group-33B48B73BCEA-LeaderElection55] INFO  impl.RoleInfo (RoleInfo.java:updateAndGet(139)) - ca090ab3-3872-42a8-bcee-318ad7dbfeb0: start ca090ab3-3872-42a8-bcee-318ad7dbfeb0@group-33B48B73BCEA-LeaderStateImpl
2022-07-12 23:24:01,350 [ca090ab3-3872-42a8-bcee-318ad7dbfeb0@group-33B48B73BCEA-LeaderElection55] INFO  segmented.SegmentedRaftLogWorker (SegmentedRaftLogWorker.java:startLogSegment(425)) - ca090ab3-3872-42a8-bcee-318ad7dbfeb0@group-33B48B73BCEA-SegmentedRaftLogWorker: Starting segment from index:0
2022-07-12 23:24:01,352 [EventQueue-OpenPipelineForHealthyPipelineSafeModeRule] INFO  safemode.SCMSafeModeManager (HealthyPipelineSafeModeRule.java:process(137)) - SCM in safe mode. Healthy pipelines reported count is 0, required healthy pipeline reported count is 1
2022-07-12 23:24:01,352 [ca090ab3-3872-42a8-bcee-318ad7dbfeb0@group-33B48B73BCEA-SegmentedRaftLogWorker] INFO  segmented.SegmentedRaftLogWorker (SegmentedRaftLogWorker.java:execute(629)) - ca090ab3-3872-42a8-bcee-318ad7dbfeb0@group-33B48B73BCEA-SegmentedRaftLogWorker: created new log segment /home/runner/work/ozone/ozone/hadoop-ozone/integration-test/target/test-dir/MiniOzoneClusterImpl-c1953583-3267-45ac-aa0d-78ee30f3dc89/datanode-0/data/ratis/b42b5d43-5256-4b0a-8e38-33b48b73bcea/current/log_inprogress_0
2022-07-12 23:24:01,378 [ca090ab3-3872-42a8-bcee-318ad7dbfeb0@group-33B48B73BCEA-LeaderElection55] INFO  server.RaftServer$Division (ServerState.java:setRaftConf(393)) - ca090ab3-3872-42a8-bcee-318ad7dbfeb0@group-33B48B73BCEA: set configuration 0: [ca090ab3-3872-42a8-bcee-318ad7dbfeb0|rpc:10.1.0.13:40055|dataStream:|priority:1], old=null
2022-07-12 23:24:01,378 [grpc-default-executor-0] INFO  server.RaftServer$Division (RaftServerImpl.java:requestVote(1152)) - 41b6f92d-8f51-4ddc-a2ca-a30ae8e33d76@group-42DB1ADE585A: receive requestVote(ELECTION, ca090ab3-3872-42a8-bcee-318ad7dbfeb0, group-42DB1ADE585A, 1, (t:0, i:0))
2022-07-12 23:24:01,378 [grpc-default-executor-0] INFO  impl.VoteContext (VoteContext.java:log(48)) - 41b6f92d-8f51-4ddc-a2ca-a30ae8e33d76@group-42DB1ADE585A-FOLLOWER: reject ELECTION from ca090ab3-3872-42a8-bcee-318ad7dbfeb0: our priority 1 > candidate's priority 0
2022-07-12 23:24:01,378 [grpc-default-executor-0] INFO  server.RaftServer$Division (RaftServerImpl.java:setRole(299)) - 41b6f92d-8f51-4ddc-a2ca-a30ae8e33d76@group-42DB1ADE585A: changes role from  FOLLOWER to FOLLOWER at term 1 for candidate:ca090ab3-3872-42a8-bcee-318ad7dbfeb0
2022-07-12 23:24:01,378 [grpc-default-executor-0] INFO  impl.RoleInfo (RoleInfo.java:shutdownFollowerState(110)) - 41b6f92d-8f51-4ddc-a2ca-a30ae8e33d76: shutdown 41b6f92d-8f51-4ddc-a2ca-a30ae8e33d76@group-42DB1ADE585A-FollowerState
2022-07-12 23:24:01,379 [grpc-default-executor-0] INFO  impl.RoleInfo (RoleInfo.java:updateAndGet(139)) - 41b6f92d-8f51-4ddc-a2ca-a30ae8e33d76: start 41b6f92d-8f51-4ddc-a2ca-a30ae8e33d76@group-42DB1ADE585A-FollowerState
2022-07-12 23:24:01,379 [41b6f92d-8f51-4ddc-a2ca-a30ae8e33d76@group-42DB1ADE585A-FollowerState] INFO  impl.FollowerState (FollowerState.java:run(152)) - 41b6f92d-8f51-4ddc-a2ca-a30ae8e33d76@group-42DB1ADE585A-FollowerState was interrupted
2022-07-12 23:24:01,415 [5d23e830-42ed-4d2c-9f35-4c2aa5467d76@group-42DB1ADE585A-FollowerState] INFO  impl.FollowerState (FollowerState.java:run(143)) - 5d23e830-42ed-4d2c-9f35-4c2aa5467d76@group-42DB1ADE585A-FollowerState: change to CANDIDATE, lastRpcElapsedTime:5057011727ns, electionTimeout:5046ms
2022-07-12 23:24:01,415 [5d23e830-42ed-4d2c-9f35-4c2aa5467d76@group-42DB1ADE585A-FollowerState] INFO  impl.RoleInfo (RoleInfo.java:shutdownFollowerState(110)) - 5d23e830-42ed-4d2c-9f35-4c2aa5467d76: shutdown 5d23e830-42ed-4d2c-9f35-4c2aa5467d76@group-42DB1ADE585A-FollowerState
2022-07-12 23:24:01,415 [5d23e830-42ed-4d2c-9f35-4c2aa5467d76@group-42DB1ADE585A-FollowerState] INFO  server.RaftServer$Division (RaftServerImpl.java:setRole(299)) - 5d23e830-42ed-4d2c-9f35-4c2aa5467d76@group-42DB1ADE585A: changes role from  FOLLOWER to CANDIDATE at term 0 for changeToCandidate
2022-07-12 23:24:01,424 [grpc-default-executor-0] INFO  server.RaftServer$Division (RaftServerImpl.java:requestVote(1184)) - 41b6f92d-8f51-4ddc-a2ca-a30ae8e33d76@group-42DB1ADE585A replies to ELECTION vote request: ca090ab3-3872-42a8-bcee-318ad7dbfeb0<-41b6f92d-8f51-4ddc-a2ca-a30ae8e33d76#0:FAIL-t1. Peer's state: 41b6f92d-8f51-4ddc-a2ca-a30ae8e33d76@group-42DB1ADE585A:t1, leader=null, voted=null, raftlog=41b6f92d-8f51-4ddc-a2ca-a30ae8e33d76@group-42DB1ADE585A-SegmentedRaftLog:OPENED:c-1, conf=-1: [5d23e830-42ed-4d2c-9f35-4c2aa5467d76|rpc:10.1.0.13:35411|dataStream:|priority:0, 41b6f92d-8f51-4ddc-a2ca-a30ae8e33d76|rpc:10.1.0.13:40749|dataStream:|priority:1, ca090ab3-3872-42a8-bcee-318ad7dbfeb0|rpc:10.1.0.13:40055|dataStream:|priority:0], old=null
2022-07-12 23:24:01,456 [5d23e830-42ed-4d2c-9f35-4c2aa5467d76@group-42DB1ADE585A-FollowerState] INFO  server.RaftServerConfigKeys (ConfUtils.java:logGet(46)) - raft.server.leaderelection.pre-vote = false (custom)
2022-07-12 23:24:01,456 [5d23e830-42ed-4d2c-9f35-4c2aa5467d76@group-42DB1ADE585A-FollowerState] INFO  impl.RoleInfo (RoleInfo.java:updateAndGet(139)) - 5d23e830-42ed-4d2c-9f35-4c2aa5467d76: start 5d23e830-42ed-4d2c-9f35-4c2aa5467d76@group-42DB1ADE585A-LeaderElection56
2022-07-12 23:24:01,489 [grpc-default-executor-1] INFO  server.RaftServer$Division (RaftServerImpl.java:requestVote(1152)) - 5d23e830-42ed-4d2c-9f35-4c2aa5467d76@group-42DB1ADE585A: receive requestVote(ELECTION, ca090ab3-3872-42a8-bcee-318ad7dbfeb0, group-42DB1ADE585A, 1, (t:0, i:0))
2022-07-12 23:24:01,513 [ca090ab3-3872-42a8-bcee-318ad7dbfeb0@group-42DB1ADE585A-LeaderElection54] INFO  impl.LeaderElection (LeaderElection.java:logAndReturn(90)) - ca090ab3-3872-42a8-bcee-318ad7dbfeb0@group-42DB1ADE585A-LeaderElection54: ELECTION REJECTED received 1 response(s) and 0 exception(s):
2022-07-12 23:24:01,513 [ca090ab3-3872-42a8-bcee-318ad7dbfeb0@group-42DB1ADE585A-LeaderElection54] INFO  impl.LeaderElection (LeaderElection.java:logAndReturn(94)) -   Response 0: ca090ab3-3872-42a8-bcee-318ad7dbfeb0<-41b6f92d-8f51-4ddc-a2ca-a30ae8e33d76#0:FAIL-t1
2022-07-12 23:24:01,514 [ca090ab3-3872-42a8-bcee-318ad7dbfeb0@group-42DB1ADE585A-LeaderElection54] INFO  impl.LeaderElection (LeaderElection.java:askForVotes(312)) - ca090ab3-3872-42a8-bcee-318ad7dbfeb0@group-42DB1ADE585A-LeaderElection54 ELECTION round 0: result REJECTED
2022-07-12 23:24:01,514 [ca090ab3-3872-42a8-bcee-318ad7dbfeb0@group-42DB1ADE585A-LeaderElection54] INFO  server.RaftServer$Division (RaftServerImpl.java:setRole(299)) - ca090ab3-3872-42a8-bcee-318ad7dbfeb0@group-42DB1ADE585A: changes role from CANDIDATE to FOLLOWER at term 1 for REJECTED
2022-07-12 23:24:01,514 [ca090ab3-3872-42a8-bcee-318ad7dbfeb0@group-42DB1ADE585A-LeaderElection54] INFO  impl.RoleInfo (RoleInfo.java:shutdownLeaderElection(130)) - ca090ab3-3872-42a8-bcee-318ad7dbfeb0: shutdown ca090ab3-3872-42a8-bcee-318ad7dbfeb0@group-42DB1ADE585A-LeaderElection54
2022-07-12 23:24:01,514 [ca090ab3-3872-42a8-bcee-318ad7dbfeb0@group-42DB1ADE585A-LeaderElection54] INFO  impl.RoleInfo (RoleInfo.java:updateAndGet(139)) - ca090ab3-3872-42a8-bcee-318ad7dbfeb0: start ca090ab3-3872-42a8-bcee-318ad7dbfeb0@group-42DB1ADE585A-FollowerState
2022-07-12 23:24:01,517 [5d23e830-42ed-4d2c-9f35-4c2aa5467d76@group-42DB1ADE585A-LeaderElection56] INFO  impl.LeaderElection (LeaderElection.java:askForVotes(310)) - 5d23e830-42ed-4d2c-9f35-4c2aa5467d76@group-42DB1ADE585A-LeaderElection56 ELECTION round 0: submit vote requests at term 1 for -1: [5d23e830-42ed-4d2c-9f35-4c2aa5467d76|rpc:10.1.0.13:35411|dataStream:|priority:0, 41b6f92d-8f51-4ddc-a2ca-a30ae8e33d76|rpc:10.1.0.13:40749|dataStream:|priority:1, ca090ab3-3872-42a8-bcee-318ad7dbfeb0|rpc:10.1.0.13:40055|dataStream:|priority:0], old=null
2022-07-12 23:24:01,518 [grpc-default-executor-1] INFO  impl.VoteContext (VoteContext.java:log(48)) - 5d23e830-42ed-4d2c-9f35-4c2aa5467d76@group-42DB1ADE585A-CANDIDATE: reject ELECTION from ca090ab3-3872-42a8-bcee-318ad7dbfeb0: already has voted for 5d23e830-42ed-4d2c-9f35-4c2aa5467d76 at current term 1
2022-07-12 23:24:01,518 [grpc-default-executor-1] INFO  server.RaftServer$Division (RaftServerImpl.java:requestVote(1184)) - 5d23e830-42ed-4d2c-9f35-4c2aa5467d76@group-42DB1ADE585A replies to ELECTION vote request: ca090ab3-3872-42a8-bcee-318ad7dbfeb0<-5d23e830-42ed-4d2c-9f35-4c2aa5467d76#0:FAIL-t1. Peer's state: 5d23e830-42ed-4d2c-9f35-4c2aa5467d76@group-42DB1ADE585A:t1, leader=null, voted=5d23e830-42ed-4d2c-9f35-4c2aa5467d76, raftlog=5d23e830-42ed-4d2c-9f35-4c2aa5467d76@group-42DB1ADE585A-SegmentedRaftLog:OPENED:c-1, conf=-1: [5d23e830-42ed-4d2c-9f35-4c2aa5467d76|rpc:10.1.0.13:35411|dataStream:|priority:0, 41b6f92d-8f51-4ddc-a2ca-a30ae8e33d76|rpc:10.1.0.13:40749|dataStream:|priority:1, ca090ab3-3872-42a8-bcee-318ad7dbfeb0|rpc:10.1.0.13:40055|dataStream:|priority:0], old=null
2022-07-12 23:24:01,685 [grpc-default-executor-1] INFO  server.RaftServer$Division (RaftServerImpl.java:requestVote(1152)) - ca090ab3-3872-42a8-bcee-318ad7dbfeb0@group-42DB1ADE585A: receive requestVote(ELECTION, 5d23e830-42ed-4d2c-9f35-4c2aa5467d76, group-42DB1ADE585A, 1, (t:0, i:0))
2022-07-12 23:24:01,685 [grpc-default-executor-1] INFO  impl.VoteContext (VoteContext.java:log(48)) - ca090ab3-3872-42a8-bcee-318ad7dbfeb0@group-42DB1ADE585A-FOLLOWER: reject ELECTION from 5d23e830-42ed-4d2c-9f35-4c2aa5467d76: already has voted for ca090ab3-3872-42a8-bcee-318ad7dbfeb0 at current term 1
2022-07-12 23:24:01,685 [grpc-default-executor-1] INFO  server.RaftServer$Division (RaftServerImpl.java:requestVote(1184)) - ca090ab3-3872-42a8-bcee-318ad7dbfeb0@group-42DB1ADE585A replies to ELECTION vote request: 5d23e830-42ed-4d2c-9f35-4c2aa5467d76<-ca090ab3-3872-42a8-bcee-318ad7dbfeb0#0:FAIL-t1. Peer's state: ca090ab3-3872-42a8-bcee-318ad7dbfeb0@group-42DB1ADE585A:t1, leader=null, voted=ca090ab3-3872-42a8-bcee-318ad7dbfeb0, raftlog=ca090ab3-3872-42a8-bcee-318ad7dbfeb0@group-42DB1ADE585A-SegmentedRaftLog:OPENED:c-1, conf=-1: [5d23e830-42ed-4d2c-9f35-4c2aa5467d76|rpc:10.1.0.13:35411|priority:0, 41b6f92d-8f51-4ddc-a2ca-a30ae8e33d76|rpc:10.1.0.13:40749|priority:1, ca090ab3-3872-42a8-bcee-318ad7dbfeb0|rpc:10.1.0.13:40055|priority:0], old=null
2022-07-12 23:24:01,719 [grpc-default-executor-1] INFO  server.RaftServer$Division (RaftServerImpl.java:requestVote(1152)) - 41b6f92d-8f51-4ddc-a2ca-a30ae8e33d76@group-42DB1ADE585A: receive requestVote(ELECTION, 5d23e830-42ed-4d2c-9f35-4c2aa5467d76, group-42DB1ADE585A, 1, (t:0, i:0))
2022-07-12 23:24:01,722 [grpc-default-executor-1] INFO  impl.VoteContext (VoteContext.java:log(48)) - 41b6f92d-8f51-4ddc-a2ca-a30ae8e33d76@group-42DB1ADE585A-FOLLOWER: reject ELECTION from 5d23e830-42ed-4d2c-9f35-4c2aa5467d76: our priority 1 > candidate's priority 0
2022-07-12 23:24:01,722 [grpc-default-executor-1] INFO  server.RaftServer$Division (RaftServerImpl.java:setRole(299)) - 41b6f92d-8f51-4ddc-a2ca-a30ae8e33d76@group-42DB1ADE585A: changes role from  FOLLOWER to FOLLOWER at term 1 for candidate:5d23e830-42ed-4d2c-9f35-4c2aa5467d76
2022-07-12 23:24:01,722 [grpc-default-executor-1] INFO  impl.RoleInfo (RoleInfo.java:shutdownFollowerState(110)) - 41b6f92d-8f51-4ddc-a2ca-a30ae8e33d76: shutdown 41b6f92d-8f51-4ddc-a2ca-a30ae8e33d76@group-42DB1ADE585A-FollowerState
2022-07-12 23:24:01,722 [41b6f92d-8f51-4ddc-a2ca-a30ae8e33d76@group-42DB1ADE585A-FollowerState] INFO  impl.FollowerState (FollowerState.java:run(152)) - 41b6f92d-8f51-4ddc-a2ca-a30ae8e33d76@group-42DB1ADE585A-FollowerState was interrupted
2022-07-12 23:24:01,722 [grpc-default-executor-1] INFO  impl.RoleInfo (RoleInfo.java:updateAndGet(139)) - 41b6f92d-8f51-4ddc-a2ca-a30ae8e33d76: start 41b6f92d-8f51-4ddc-a2ca-a30ae8e33d76@group-42DB1ADE585A-FollowerState
2022-07-12 23:24:01,725 [grpc-default-executor-1] INFO  server.RaftServer$Division (RaftServerImpl.java:requestVote(1184)) - 41b6f92d-8f51-4ddc-a2ca-a30ae8e33d76@group-42DB1ADE585A replies to ELECTION vote request: 5d23e830-42ed-4d2c-9f35-4c2aa5467d76<-41b6f92d-8f51-4ddc-a2ca-a30ae8e33d76#0:FAIL-t1. Peer's state: 41b6f92d-8f51-4ddc-a2ca-a30ae8e33d76@group-42DB1ADE585A:t1, leader=null, voted=null, raftlog=41b6f92d-8f51-4ddc-a2ca-a30ae8e33d76@group-42DB1ADE585A-SegmentedRaftLog:OPENED:c-1, conf=-1: [5d23e830-42ed-4d2c-9f35-4c2aa5467d76|rpc:10.1.0.13:35411|dataStream:|priority:0, 41b6f92d-8f51-4ddc-a2ca-a30ae8e33d76|rpc:10.1.0.13:40749|dataStream:|priority:1, ca090ab3-3872-42a8-bcee-318ad7dbfeb0|rpc:10.1.0.13:40055|dataStream:|priority:0], old=null
2022-07-12 23:24:01,746 [5d23e830-42ed-4d2c-9f35-4c2aa5467d76@group-42DB1ADE585A-LeaderElection56] INFO  impl.LeaderElection (LeaderElection.java:logAndReturn(90)) - 5d23e830-42ed-4d2c-9f35-4c2aa5467d76@group-42DB1ADE585A-LeaderElection56: ELECTION REJECTED received 2 response(s) and 0 exception(s):
2022-07-12 23:24:01,746 [5d23e830-42ed-4d2c-9f35-4c2aa5467d76@group-42DB1ADE585A-LeaderElection56] INFO  impl.LeaderElection (LeaderElection.java:logAndReturn(94)) -   Response 0: 5d23e830-42ed-4d2c-9f35-4c2aa5467d76<-41b6f92d-8f51-4ddc-a2ca-a30ae8e33d76#0:FAIL-t1
2022-07-12 23:24:01,746 [5d23e830-42ed-4d2c-9f35-4c2aa5467d76@group-42DB1ADE585A-LeaderElection56] INFO  impl.LeaderElection (LeaderElection.java:logAndReturn(94)) -   Response 1: 5d23e830-42ed-4d2c-9f35-4c2aa5467d76<-ca090ab3-3872-42a8-bcee-318ad7dbfeb0#0:FAIL-t1
2022-07-12 23:24:01,746 [5d23e830-42ed-4d2c-9f35-4c2aa5467d76@group-42DB1ADE585A-LeaderElection56] INFO  impl.LeaderElection (LeaderElection.java:askForVotes(312)) - 5d23e830-42ed-4d2c-9f35-4c2aa5467d76@group-42DB1ADE585A-LeaderElection56 ELECTION round 0: result REJECTED
2022-07-12 23:24:01,746 [5d23e830-42ed-4d2c-9f35-4c2aa5467d76@group-42DB1ADE585A-LeaderElection56] INFO  server.RaftServer$Division (RaftServerImpl.java:setRole(299)) - 5d23e830-42ed-4d2c-9f35-4c2aa5467d76@group-42DB1ADE585A: changes role from CANDIDATE to FOLLOWER at term 1 for REJECTED
2022-07-12 23:24:01,746 [5d23e830-42ed-4d2c-9f35-4c2aa5467d76@group-42DB1ADE585A-LeaderElection56] INFO  impl.RoleInfo (RoleInfo.java:shutdownLeaderElection(130)) - 5d23e830-42ed-4d2c-9f35-4c2aa5467d76: shutdown 5d23e830-42ed-4d2c-9f35-4c2aa5467d76@group-42DB1ADE585A-LeaderElection56
2022-07-12 23:24:01,746 [5d23e830-42ed-4d2c-9f35-4c2aa5467d76@group-42DB1ADE585A-LeaderElection56] INFO  impl.RoleInfo (RoleInfo.java:updateAndGet(139)) - 5d23e830-42ed-4d2c-9f35-4c2aa5467d76: start 5d23e830-42ed-4d2c-9f35-4c2aa5467d76@group-42DB1ADE585A-FollowerState
2022-07-12 23:24:01,923 [Listener at 127.0.0.1/45473] INFO  ozone.MiniOzoneClusterImpl (MiniOzoneClusterImpl.java:lambda$waitForClusterToBeReady$0(216)) - Nodes are ready. Got 5 of 5 DN Heartbeats.
2022-07-12 23:24:01,923 [Listener at 127.0.0.1/45473] INFO  ozone.MiniOzoneClusterImpl (MiniOzoneClusterImpl.java:lambda$waitForClusterToBeReady$0(219)) - Waiting for cluster to exit safe mode
2022-07-12 23:24:01,923 [Listener at 127.0.0.1/45473] INFO  ozone.MiniOzoneClusterImpl (MiniOzoneClusterImpl.java:lambda$waitForClusterToBeReady$0(221)) - SCM became leader
2022-07-12 23:24:02,035 [ca090ab3-3872-42a8-bcee-318ad7dbfeb0@group-9DB053831FEB-FollowerState] INFO  impl.FollowerState (FollowerState.java:run(143)) - ca090ab3-3872-42a8-bcee-318ad7dbfeb0@group-9DB053831FEB-FollowerState: change to CANDIDATE, lastRpcElapsedTime:5217247586ns, electionTimeout:5157ms
2022-07-12 23:24:02,036 [ca090ab3-3872-42a8-bcee-318ad7dbfeb0@group-9DB053831FEB-FollowerState] INFO  impl.RoleInfo (RoleInfo.java:shutdownFollowerState(110)) - ca090ab3-3872-42a8-bcee-318ad7dbfeb0: shutdown ca090ab3-3872-42a8-bcee-318ad7dbfeb0@group-9DB053831FEB-FollowerState
2022-07-12 23:24:02,036 [ca090ab3-3872-42a8-bcee-318ad7dbfeb0@group-9DB053831FEB-FollowerState] INFO  server.RaftServer$Division (RaftServerImpl.java:setRole(299)) - ca090ab3-3872-42a8-bcee-318ad7dbfeb0@group-9DB053831FEB: changes role from  FOLLOWER to CANDIDATE at term 0 for changeToCandidate
2022-07-12 23:24:02,036 [ca090ab3-3872-42a8-bcee-318ad7dbfeb0@group-9DB053831FEB-FollowerState] INFO  server.RaftServerConfigKeys (ConfUtils.java:logGet(46)) - raft.server.leaderelection.pre-vote = false (custom)
2022-07-12 23:24:02,036 [ca090ab3-3872-42a8-bcee-318ad7dbfeb0@group-9DB053831FEB-FollowerState] INFO  impl.RoleInfo (RoleInfo.java:updateAndGet(139)) - ca090ab3-3872-42a8-bcee-318ad7dbfeb0: start ca090ab3-3872-42a8-bcee-318ad7dbfeb0@group-9DB053831FEB-LeaderElection57
2022-07-12 23:24:02,043 [5d23e830-42ed-4d2c-9f35-4c2aa5467d76@group-9DB053831FEB-FollowerState] INFO  impl.FollowerState (FollowerState.java:run(143)) - 5d23e830-42ed-4d2c-9f35-4c2aa5467d76@group-9DB053831FEB-FollowerState: change to CANDIDATE, lastRpcElapsedTime:5106625945ns, electionTimeout:5093ms
2022-07-12 23:24:02,043 [5d23e830-42ed-4d2c-9f35-4c2aa5467d76@group-9DB053831FEB-FollowerState] INFO  impl.RoleInfo (RoleInfo.java:shutdownFollowerState(110)) - 5d23e830-42ed-4d2c-9f35-4c2aa5467d76: shutdown 5d23e830-42ed-4d2c-9f35-4c2aa5467d76@group-9DB053831FEB-FollowerState
2022-07-12 23:24:02,043 [5d23e830-42ed-4d2c-9f35-4c2aa5467d76@group-9DB053831FEB-FollowerState] INFO  server.RaftServer$Division (RaftServerImpl.java:setRole(299)) - 5d23e830-42ed-4d2c-9f35-4c2aa5467d76@group-9DB053831FEB: changes role from  FOLLOWER to CANDIDATE at term 0 for changeToCandidate
2022-07-12 23:24:02,051 [5d23e830-42ed-4d2c-9f35-4c2aa5467d76@group-9DB053831FEB-FollowerState] INFO  server.RaftServerConfigKeys (ConfUtils.java:logGet(46)) - raft.server.leaderelection.pre-vote = false (custom)
2022-07-12 23:24:02,051 [5d23e830-42ed-4d2c-9f35-4c2aa5467d76@group-9DB053831FEB-FollowerState] INFO  impl.RoleInfo (RoleInfo.java:updateAndGet(139)) - 5d23e830-42ed-4d2c-9f35-4c2aa5467d76: start 5d23e830-42ed-4d2c-9f35-4c2aa5467d76@group-9DB053831FEB-LeaderElection58
2022-07-12 23:24:02,135 [ca090ab3-3872-42a8-bcee-318ad7dbfeb0@group-9DB053831FEB-LeaderElection57] INFO  impl.LeaderElection (LeaderElection.java:askForVotes(310)) - ca090ab3-3872-42a8-bcee-318ad7dbfeb0@group-9DB053831FEB-LeaderElection57 ELECTION round 0: submit vote requests at term 1 for -1: [5d23e830-42ed-4d2c-9f35-4c2aa5467d76|rpc:10.1.0.13:35411|priority:1, 41b6f92d-8f51-4ddc-a2ca-a30ae8e33d76|rpc:10.1.0.13:40749|priority:0, ca090ab3-3872-42a8-bcee-318ad7dbfeb0|rpc:10.1.0.13:40055|priority:0], old=null
2022-07-12 23:24:02,135 [5d23e830-42ed-4d2c-9f35-4c2aa5467d76@group-9DB053831FEB-LeaderElection58] INFO  impl.LeaderElection (LeaderElection.java:askForVotes(310)) - 5d23e830-42ed-4d2c-9f35-4c2aa5467d76@group-9DB053831FEB-LeaderElection58 ELECTION round 0: submit vote requests at term 1 for -1: [5d23e830-42ed-4d2c-9f35-4c2aa5467d76|rpc:10.1.0.13:35411|dataStream:|priority:1, 41b6f92d-8f51-4ddc-a2ca-a30ae8e33d76|rpc:10.1.0.13:40749|dataStream:|priority:0, ca090ab3-3872-42a8-bcee-318ad7dbfeb0|rpc:10.1.0.13:40055|dataStream:|priority:0], old=null
2022-07-12 23:24:02,222 [grpc-default-executor-1] INFO  server.RaftServer$Division (RaftServerImpl.java:requestVote(1152)) - 5d23e830-42ed-4d2c-9f35-4c2aa5467d76@group-9DB053831FEB: receive requestVote(ELECTION, ca090ab3-3872-42a8-bcee-318ad7dbfeb0, group-9DB053831FEB, 1, (t:0, i:0))
2022-07-12 23:24:02,222 [grpc-default-executor-1] INFO  impl.VoteContext (VoteContext.java:log(48)) - 5d23e830-42ed-4d2c-9f35-4c2aa5467d76@group-9DB053831FEB-CANDIDATE: reject ELECTION from ca090ab3-3872-42a8-bcee-318ad7dbfeb0: already has voted for 5d23e830-42ed-4d2c-9f35-4c2aa5467d76 at current term 1
2022-07-12 23:24:02,222 [grpc-default-executor-1] INFO  server.RaftServer$Division (RaftServerImpl.java:requestVote(1184)) - 5d23e830-42ed-4d2c-9f35-4c2aa5467d76@group-9DB053831FEB replies to ELECTION vote request: ca090ab3-3872-42a8-bcee-318ad7dbfeb0<-5d23e830-42ed-4d2c-9f35-4c2aa5467d76#0:FAIL-t1. Peer's state: 5d23e830-42ed-4d2c-9f35-4c2aa5467d76@group-9DB053831FEB:t1, leader=null, voted=5d23e830-42ed-4d2c-9f35-4c2aa5467d76, raftlog=5d23e830-42ed-4d2c-9f35-4c2aa5467d76@group-9DB053831FEB-SegmentedRaftLog:OPENED:c-1, conf=-1: [5d23e830-42ed-4d2c-9f35-4c2aa5467d76|rpc:10.1.0.13:35411|dataStream:|priority:1, 41b6f92d-8f51-4ddc-a2ca-a30ae8e33d76|rpc:10.1.0.13:40749|dataStream:|priority:0, ca090ab3-3872-42a8-bcee-318ad7dbfeb0|rpc:10.1.0.13:40055|dataStream:|priority:0], old=null
2022-07-12 23:24:02,223 [grpc-default-executor-0] INFO  server.RaftServer$Division (RaftServerImpl.java:requestVote(1152)) - 41b6f92d-8f51-4ddc-a2ca-a30ae8e33d76@group-9DB053831FEB: receive requestVote(ELECTION, ca090ab3-3872-42a8-bcee-318ad7dbfeb0, group-9DB053831FEB, 1, (t:0, i:0))
2022-07-12 23:24:02,223 [grpc-default-executor-0] INFO  impl.VoteContext (VoteContext.java:log(48)) - 41b6f92d-8f51-4ddc-a2ca-a30ae8e33d76@group-9DB053831FEB-FOLLOWER: accept ELECTION from ca090ab3-3872-42a8-bcee-318ad7dbfeb0: our priority 0 <= candidate's priority 0
2022-07-12 23:24:02,223 [grpc-default-executor-0] INFO  server.RaftServer$Division (RaftServerImpl.java:setRole(299)) - 41b6f92d-8f51-4ddc-a2ca-a30ae8e33d76@group-9DB053831FEB: changes role from  FOLLOWER to FOLLOWER at term 1 for candidate:ca090ab3-3872-42a8-bcee-318ad7dbfeb0
2022-07-12 23:24:02,223 [grpc-default-executor-0] INFO  impl.RoleInfo (RoleInfo.java:shutdownFollowerState(110)) - 41b6f92d-8f51-4ddc-a2ca-a30ae8e33d76: shutdown 41b6f92d-8f51-4ddc-a2ca-a30ae8e33d76@group-9DB053831FEB-FollowerState
2022-07-12 23:24:02,234 [ca090ab3-3872-42a8-bcee-318ad7dbfeb0@group-9DB053831FEB-LeaderElection57] INFO  impl.LeaderElection (LeaderElection.java:logAndReturn(90)) - ca090ab3-3872-42a8-bcee-318ad7dbfeb0@group-9DB053831FEB-LeaderElection57: ELECTION REJECTED received 1 response(s) and 0 exception(s):
2022-07-12 23:24:02,234 [ca090ab3-3872-42a8-bcee-318ad7dbfeb0@group-9DB053831FEB-LeaderElection57] INFO  impl.LeaderElection (LeaderElection.java:logAndReturn(94)) -   Response 0: ca090ab3-3872-42a8-bcee-318ad7dbfeb0<-5d23e830-42ed-4d2c-9f35-4c2aa5467d76#0:FAIL-t1
2022-07-12 23:24:02,234 [ca090ab3-3872-42a8-bcee-318ad7dbfeb0@group-9DB053831FEB-LeaderElection57] INFO  impl.LeaderElection (LeaderElection.java:askForVotes(312)) - ca090ab3-3872-42a8-bcee-318ad7dbfeb0@group-9DB053831FEB-LeaderElection57 ELECTION round 0: result REJECTED
2022-07-12 23:24:02,234 [ca090ab3-3872-42a8-bcee-318ad7dbfeb0@group-9DB053831FEB-LeaderElection57] INFO  server.RaftServer$Division (RaftServerImpl.java:setRole(299)) - ca090ab3-3872-42a8-bcee-318ad7dbfeb0@group-9DB053831FEB: changes role from CANDIDATE to FOLLOWER at term 1 for REJECTED
2022-07-12 23:24:02,234 [ca090ab3-3872-42a8-bcee-318ad7dbfeb0@group-9DB053831FEB-LeaderElection57] INFO  impl.RoleInfo (RoleInfo.java:shutdownLeaderElection(130)) - ca090ab3-3872-42a8-bcee-318ad7dbfeb0: shutdown ca090ab3-3872-42a8-bcee-318ad7dbfeb0@group-9DB053831FEB-LeaderElection57
2022-07-12 23:24:02,234 [ca090ab3-3872-42a8-bcee-318ad7dbfeb0@group-9DB053831FEB-LeaderElection57] INFO  impl.RoleInfo (RoleInfo.java:updateAndGet(139)) - ca090ab3-3872-42a8-bcee-318ad7dbfeb0: start ca090ab3-3872-42a8-bcee-318ad7dbfeb0@group-9DB053831FEB-FollowerState
2022-07-12 23:24:02,236 [grpc-default-executor-0] INFO  impl.RoleInfo (RoleInfo.java:updateAndGet(139)) - 41b6f92d-8f51-4ddc-a2ca-a30ae8e33d76: start 41b6f92d-8f51-4ddc-a2ca-a30ae8e33d76@group-9DB053831FEB-FollowerState
2022-07-12 23:24:02,238 [grpc-default-executor-0] INFO  server.RaftServer$Division (RaftServerImpl.java:requestVote(1184)) - 41b6f92d-8f51-4ddc-a2ca-a30ae8e33d76@group-9DB053831FEB replies to ELECTION vote request: ca090ab3-3872-42a8-bcee-318ad7dbfeb0<-41b6f92d-8f51-4ddc-a2ca-a30ae8e33d76#0:OK-t1. Peer's state: 41b6f92d-8f51-4ddc-a2ca-a30ae8e33d76@group-9DB053831FEB:t1, leader=null, voted=ca090ab3-3872-42a8-bcee-318ad7dbfeb0, raftlog=41b6f92d-8f51-4ddc-a2ca-a30ae8e33d76@group-9DB053831FEB-SegmentedRaftLog:OPENED:c-1, conf=-1: [5d23e830-42ed-4d2c-9f35-4c2aa5467d76|rpc:10.1.0.13:35411|dataStream:|priority:1, 41b6f92d-8f51-4ddc-a2ca-a30ae8e33d76|rpc:10.1.0.13:40749|dataStream:|priority:0, ca090ab3-3872-42a8-bcee-318ad7dbfeb0|rpc:10.1.0.13:40055|dataStream:|priority:0], old=null
2022-07-12 23:24:02,239 [grpc-default-executor-1] INFO  server.RaftServer$Division (RaftServerImpl.java:requestVote(1152)) - 41b6f92d-8f51-4ddc-a2ca-a30ae8e33d76@group-9DB053831FEB: receive requestVote(ELECTION, 5d23e830-42ed-4d2c-9f35-4c2aa5467d76, group-9DB053831FEB, 1, (t:0, i:0))
2022-07-12 23:24:02,239 [grpc-default-executor-2] INFO  server.RaftServer$Division (RaftServerImpl.java:requestVote(1152)) - ca090ab3-3872-42a8-bcee-318ad7dbfeb0@group-9DB053831FEB: receive requestVote(ELECTION, 5d23e830-42ed-4d2c-9f35-4c2aa5467d76, group-9DB053831FEB, 1, (t:0, i:0))
2022-07-12 23:24:02,239 [grpc-default-executor-2] INFO  impl.VoteContext (VoteContext.java:log(48)) - ca090ab3-3872-42a8-bcee-318ad7dbfeb0@group-9DB053831FEB-FOLLOWER: reject ELECTION from 5d23e830-42ed-4d2c-9f35-4c2aa5467d76: already has voted for ca090ab3-3872-42a8-bcee-318ad7dbfeb0 at current term 1
2022-07-12 23:24:02,239 [grpc-default-executor-2] INFO  server.RaftServer$Division (RaftServerImpl.java:requestVote(1184)) - ca090ab3-3872-42a8-bcee-318ad7dbfeb0@group-9DB053831FEB replies to ELECTION vote request: 5d23e830-42ed-4d2c-9f35-4c2aa5467d76<-ca090ab3-3872-42a8-bcee-318ad7dbfeb0#0:FAIL-t1. Peer's state: ca090ab3-3872-42a8-bcee-318ad7dbfeb0@group-9DB053831FEB:t1, leader=null, voted=ca090ab3-3872-42a8-bcee-318ad7dbfeb0, raftlog=ca090ab3-3872-42a8-bcee-318ad7dbfeb0@group-9DB053831FEB-SegmentedRaftLog:OPENED:c-1, conf=-1: [5d23e830-42ed-4d2c-9f35-4c2aa5467d76|rpc:10.1.0.13:35411|priority:1, 41b6f92d-8f51-4ddc-a2ca-a30ae8e33d76|rpc:10.1.0.13:40749|priority:0, ca090ab3-3872-42a8-bcee-318ad7dbfeb0|rpc:10.1.0.13:40055|priority:0], old=null
2022-07-12 23:24:02,243 [grpc-default-executor-1] INFO  impl.VoteContext (VoteContext.java:log(48)) - 41b6f92d-8f51-4ddc-a2ca-a30ae8e33d76@group-9DB053831FEB-FOLLOWER: reject ELECTION from 5d23e830-42ed-4d2c-9f35-4c2aa5467d76: already has voted for ca090ab3-3872-42a8-bcee-318ad7dbfeb0 at current term 1
2022-07-12 23:24:02,243 [grpc-default-executor-1] INFO  server.RaftServer$Division (RaftServerImpl.java:requestVote(1184)) - 41b6f92d-8f51-4ddc-a2ca-a30ae8e33d76@group-9DB053831FEB replies to ELECTION vote request: 5d23e830-42ed-4d2c-9f35-4c2aa5467d76<-41b6f92d-8f51-4ddc-a2ca-a30ae8e33d76#0:FAIL-t1. Peer's state: 41b6f92d-8f51-4ddc-a2ca-a30ae8e33d76@group-9DB053831FEB:t1, leader=null, voted=ca090ab3-3872-42a8-bcee-318ad7dbfeb0, raftlog=41b6f92d-8f51-4ddc-a2ca-a30ae8e33d76@group-9DB053831FEB-SegmentedRaftLog:OPENED:c-1, conf=-1: [5d23e830-42ed-4d2c-9f35-4c2aa5467d76|rpc:10.1.0.13:35411|dataStream:|priority:1, 41b6f92d-8f51-4ddc-a2ca-a30ae8e33d76|rpc:10.1.0.13:40749|dataStream:|priority:0, ca090ab3-3872-42a8-bcee-318ad7dbfeb0|rpc:10.1.0.13:40055|dataStream:|priority:0], old=null
2022-07-12 23:24:02,244 [5d23e830-42ed-4d2c-9f35-4c2aa5467d76@group-9DB053831FEB-LeaderElection58] INFO  impl.LeaderElection (LeaderElection.java:logAndReturn(90)) - 5d23e830-42ed-4d2c-9f35-4c2aa5467d76@group-9DB053831FEB-LeaderElection58: ELECTION REJECTED received 2 response(s) and 0 exception(s):
2022-07-12 23:24:02,244 [5d23e830-42ed-4d2c-9f35-4c2aa5467d76@group-9DB053831FEB-LeaderElection58] INFO  impl.LeaderElection (LeaderElection.java:logAndReturn(94)) -   Response 0: 5d23e830-42ed-4d2c-9f35-4c2aa5467d76<-41b6f92d-8f51-4ddc-a2ca-a30ae8e33d76#0:FAIL-t1
2022-07-12 23:24:02,244 [5d23e830-42ed-4d2c-9f35-4c2aa5467d76@group-9DB053831FEB-LeaderElection58] INFO  impl.LeaderElection (LeaderElection.java:logAndReturn(94)) -   Response 1: 5d23e830-42ed-4d2c-9f35-4c2aa5467d76<-ca090ab3-3872-42a8-bcee-318ad7dbfeb0#0:FAIL-t1
2022-07-12 23:24:02,244 [5d23e830-42ed-4d2c-9f35-4c2aa5467d76@group-9DB053831FEB-LeaderElection58] INFO  impl.LeaderElection (LeaderElection.java:askForVotes(312)) - 5d23e830-42ed-4d2c-9f35-4c2aa5467d76@group-9DB053831FEB-LeaderElection58 ELECTION round 0: result REJECTED
2022-07-12 23:24:02,244 [5d23e830-42ed-4d2c-9f35-4c2aa5467d76@group-9DB053831FEB-LeaderElection58] INFO  server.RaftServer$Division (RaftServerImpl.java:setRole(299)) - 5d23e830-42ed-4d2c-9f35-4c2aa5467d76@group-9DB053831FEB: changes role from CANDIDATE to FOLLOWER at term 1 for REJECTED
2022-07-12 23:24:02,244 [5d23e830-42ed-4d2c-9f35-4c2aa5467d76@group-9DB053831FEB-LeaderElection58] INFO  impl.RoleInfo (RoleInfo.java:shutdownLeaderElection(130)) - 5d23e830-42ed-4d2c-9f35-4c2aa5467d76: shutdown 5d23e830-42ed-4d2c-9f35-4c2aa5467d76@group-9DB053831FEB-LeaderElection58
2022-07-12 23:24:02,244 [5d23e830-42ed-4d2c-9f35-4c2aa5467d76@group-9DB053831FEB-LeaderElection58] INFO  impl.RoleInfo (RoleInfo.java:updateAndGet(139)) - 5d23e830-42ed-4d2c-9f35-4c2aa5467d76: start 5d23e830-42ed-4d2c-9f35-4c2aa5467d76@group-9DB053831FEB-FollowerState
2022-07-12 23:24:02,275 [41b6f92d-8f51-4ddc-a2ca-a30ae8e33d76@group-9DB053831FEB-FollowerState] INFO  impl.FollowerState (FollowerState.java:run(152)) - 41b6f92d-8f51-4ddc-a2ca-a30ae8e33d76@group-9DB053831FEB-FollowerState was interrupted
2022-07-12 23:24:02,281 [5d23e830-42ed-4d2c-9f35-4c2aa5467d76@group-9ED51468BE91-FollowerState] INFO  impl.FollowerState (FollowerState.java:run(143)) - 5d23e830-42ed-4d2c-9f35-4c2aa5467d76@group-9ED51468BE91-FollowerState: change to CANDIDATE, lastRpcElapsedTime:5218579596ns, electionTimeout:5188ms
2022-07-12 23:24:02,281 [5d23e830-42ed-4d2c-9f35-4c2aa5467d76@group-9ED51468BE91-FollowerState] INFO  impl.RoleInfo (RoleInfo.java:shutdownFollowerState(110)) - 5d23e830-42ed-4d2c-9f35-4c2aa5467d76: shutdown 5d23e830-42ed-4d2c-9f35-4c2aa5467d76@group-9ED51468BE91-FollowerState
2022-07-12 23:24:02,281 [5d23e830-42ed-4d2c-9f35-4c2aa5467d76@group-9ED51468BE91-FollowerState] INFO  server.RaftServer$Division (RaftServerImpl.java:setRole(299)) - 5d23e830-42ed-4d2c-9f35-4c2aa5467d76@group-9ED51468BE91: changes role from  FOLLOWER to CANDIDATE at term 0 for changeToCandidate
2022-07-12 23:24:02,281 [5d23e830-42ed-4d2c-9f35-4c2aa5467d76@group-9ED51468BE91-FollowerState] INFO  server.RaftServerConfigKeys (ConfUtils.java:logGet(46)) - raft.server.leaderelection.pre-vote = false (custom)
2022-07-12 23:24:02,281 [5d23e830-42ed-4d2c-9f35-4c2aa5467d76@group-9ED51468BE91-FollowerState] INFO  impl.RoleInfo (RoleInfo.java:updateAndGet(139)) - 5d23e830-42ed-4d2c-9f35-4c2aa5467d76: start 5d23e830-42ed-4d2c-9f35-4c2aa5467d76@group-9ED51468BE91-LeaderElection59
2022-07-12 23:24:02,335 [5d23e830-42ed-4d2c-9f35-4c2aa5467d76@group-9ED51468BE91-LeaderElection59] INFO  impl.LeaderElection (LeaderElection.java:askForVotes(310)) - 5d23e830-42ed-4d2c-9f35-4c2aa5467d76@group-9ED51468BE91-LeaderElection59 ELECTION round 0: submit vote requests at term 1 for -1: [5d23e830-42ed-4d2c-9f35-4c2aa5467d76|rpc:10.1.0.13:35411|priority:1], old=null
2022-07-12 23:24:02,336 [5d23e830-42ed-4d2c-9f35-4c2aa5467d76@group-9ED51468BE91-LeaderElection59] INFO  impl.LeaderElection (LeaderElection.java:askForVotes(312)) - 5d23e830-42ed-4d2c-9f35-4c2aa5467d76@group-9ED51468BE91-LeaderElection59 ELECTION round 0: result PASSED (term=1)
2022-07-12 23:24:02,336 [5d23e830-42ed-4d2c-9f35-4c2aa5467d76@group-9ED51468BE91-LeaderElection59] INFO  impl.RoleInfo (RoleInfo.java:shutdownLeaderElection(130)) - 5d23e830-42ed-4d2c-9f35-4c2aa5467d76: shutdown 5d23e830-42ed-4d2c-9f35-4c2aa5467d76@group-9ED51468BE91-LeaderElection59
2022-07-12 23:24:02,336 [5d23e830-42ed-4d2c-9f35-4c2aa5467d76@group-9ED51468BE91-LeaderElection59] INFO  server.RaftServer$Division (RaftServerImpl.java:setRole(299)) - 5d23e830-42ed-4d2c-9f35-4c2aa5467d76@group-9ED51468BE91: changes role from CANDIDATE to LEADER at term 1 for changeToLeader
2022-07-12 23:24:02,336 [5d23e830-42ed-4d2c-9f35-4c2aa5467d76@group-9ED51468BE91-LeaderElection59] INFO  ratis.XceiverServerRatis (XceiverServerRatis.java:handleLeaderChangedNotification(863)) - Leader change notification received for group: group-9ED51468BE91 with new leaderId: 5d23e830-42ed-4d2c-9f35-4c2aa5467d76
2022-07-12 23:24:02,336 [5d23e830-42ed-4d2c-9f35-4c2aa5467d76@group-9ED51468BE91-LeaderElection59] INFO  server.RaftServer$Division (ServerState.java:setLeader(287)) - 5d23e830-42ed-4d2c-9f35-4c2aa5467d76@group-9ED51468BE91: change Leader from null to 5d23e830-42ed-4d2c-9f35-4c2aa5467d76 at term 1 for becomeLeader, leader elected after 5323ms
2022-07-12 23:24:02,336 [5d23e830-42ed-4d2c-9f35-4c2aa5467d76@group-9ED51468BE91-LeaderElection59] INFO  server.RaftServerConfigKeys (ConfUtils.java:logGet(46)) - raft.server.staging.catchup.gap = 1000 (default)
2022-07-12 23:24:02,337 [5d23e830-42ed-4d2c-9f35-4c2aa5467d76@group-9ED51468BE91-LeaderElection59] INFO  server.RaftServerConfigKeys (ConfUtils.java:logGet(46)) - raft.server.write.element-limit = 1024 (custom)
2022-07-12 23:24:02,337 [5d23e830-42ed-4d2c-9f35-4c2aa5467d76@group-9ED51468BE91-LeaderElection59] INFO  server.RaftServerConfigKeys (ConfUtils.java:logGet(46)) - raft.server.write.byte-limit = 1024 M (=1073741824) (custom)
2022-07-12 23:24:02,337 [5d23e830-42ed-4d2c-9f35-4c2aa5467d76@group-9ED51468BE91-LeaderElection59] INFO  server.RaftServerConfigKeys (ConfUtils.java:logGet(46)) - raft.server.watch.timeout = 180s (custom)
2022-07-12 23:24:02,337 [5d23e830-42ed-4d2c-9f35-4c2aa5467d76@group-9ED51468BE91-LeaderElection59] INFO  server.RaftServerConfigKeys (ConfUtils.java:logGet(46)) - raft.server.watch.timeout.denomination = 1s (default)
2022-07-12 23:24:02,337 [EventQueue-OpenPipelineForHealthyPipelineSafeModeRule] INFO  safemode.SCMSafeModeManager (HealthyPipelineSafeModeRule.java:process(137)) - SCM in safe mode. Healthy pipelines reported count is 0, required healthy pipeline reported count is 1
2022-07-12 23:24:02,337 [5d23e830-42ed-4d2c-9f35-4c2aa5467d76@group-9ED51468BE91-LeaderElection59] INFO  server.RaftServerConfigKeys (ConfUtils.java:logGet(46)) - raft.server.watch.element-limit = 65536 (default)
2022-07-12 23:24:02,338 [5d23e830-42ed-4d2c-9f35-4c2aa5467d76@group-9ED51468BE91-LeaderElection59] INFO  server.RaftServerConfigKeys (ConfUtils.java:logGet(46)) - raft.server.write.element-limit = 1024 (custom)
2022-07-12 23:24:02,338 [5d23e830-42ed-4d2c-9f35-4c2aa5467d76@group-9ED51468BE91-LeaderElection59] INFO  server.RaftServerConfigKeys (ConfUtils.java:logGet(46)) - raft.server.write.follower.gap.ratio.max = -1.0 (default)
2022-07-12 23:24:02,338 [5d23e830-42ed-4d2c-9f35-4c2aa5467d76@group-9ED51468BE91-LeaderElection59] INFO  impl.RoleInfo (RoleInfo.java:updateAndGet(139)) - 5d23e830-42ed-4d2c-9f35-4c2aa5467d76: start 5d23e830-42ed-4d2c-9f35-4c2aa5467d76@group-9ED51468BE91-LeaderStateImpl
2022-07-12 23:24:02,338 [5d23e830-42ed-4d2c-9f35-4c2aa5467d76@group-9ED51468BE91-LeaderElection59] INFO  segmented.SegmentedRaftLogWorker (SegmentedRaftLogWorker.java:startLogSegment(425)) - 5d23e830-42ed-4d2c-9f35-4c2aa5467d76@group-9ED51468BE91-SegmentedRaftLogWorker: Starting segment from index:0
2022-07-12 23:24:02,339 [5d23e830-42ed-4d2c-9f35-4c2aa5467d76@group-9ED51468BE91-SegmentedRaftLogWorker] INFO  segmented.SegmentedRaftLogWorker (SegmentedRaftLogWorker.java:execute(629)) - 5d23e830-42ed-4d2c-9f35-4c2aa5467d76@group-9ED51468BE91-SegmentedRaftLogWorker: created new log segment /home/runner/work/ozone/ozone/hadoop-ozone/integration-test/target/test-dir/MiniOzoneClusterImpl-c1953583-3267-45ac-aa0d-78ee30f3dc89/datanode-1/data/ratis/676049ca-ee45-4871-81d3-9ed51468be91/current/log_inprogress_0
2022-07-12 23:24:02,373 [5d23e830-42ed-4d2c-9f35-4c2aa5467d76@group-9ED51468BE91-LeaderElection59] INFO  server.RaftServer$Division (ServerState.java:setRaftConf(393)) - 5d23e830-42ed-4d2c-9f35-4c2aa5467d76@group-9ED51468BE91: set configuration 0: [5d23e830-42ed-4d2c-9f35-4c2aa5467d76|rpc:10.1.0.13:35411|dataStream:|priority:1], old=null
2022-07-12 23:24:02,923 [Listener at 127.0.0.1/45473] INFO  ozone.MiniOzoneClusterImpl (MiniOzoneClusterImpl.java:lambda$waitForClusterToBeReady$0(216)) - Nodes are ready. Got 5 of 5 DN Heartbeats.
2022-07-12 23:24:02,923 [Listener at 127.0.0.1/45473] INFO  ozone.MiniOzoneClusterImpl (MiniOzoneClusterImpl.java:lambda$waitForClusterToBeReady$0(219)) - Waiting for cluster to exit safe mode
2022-07-12 23:24:02,923 [Listener at 127.0.0.1/45473] INFO  ozone.MiniOzoneClusterImpl (MiniOzoneClusterImpl.java:lambda$waitForClusterToBeReady$0(221)) - SCM became leader
2022-07-12 23:24:03,194 [41b6f92d-8f51-4ddc-a2ca-a30ae8e33d76@group-A34E9BF9B347-FollowerState] INFO  impl.FollowerState (FollowerState.java:run(143)) - 41b6f92d-8f51-4ddc-a2ca-a30ae8e33d76@group-A34E9BF9B347-FollowerState: change to CANDIDATE, lastRpcElapsedTime:5144904762ns, electionTimeout:5130ms
2022-07-12 23:24:03,194 [41b6f92d-8f51-4ddc-a2ca-a30ae8e33d76@group-A34E9BF9B347-FollowerState] INFO  impl.RoleInfo (RoleInfo.java:shutdownFollowerState(110)) - 41b6f92d-8f51-4ddc-a2ca-a30ae8e33d76: shutdown 41b6f92d-8f51-4ddc-a2ca-a30ae8e33d76@group-A34E9BF9B347-FollowerState
2022-07-12 23:24:03,194 [41b6f92d-8f51-4ddc-a2ca-a30ae8e33d76@group-A34E9BF9B347-FollowerState] INFO  server.RaftServer$Division (RaftServerImpl.java:setRole(299)) - 41b6f92d-8f51-4ddc-a2ca-a30ae8e33d76@group-A34E9BF9B347: changes role from  FOLLOWER to CANDIDATE at term 0 for changeToCandidate
2022-07-12 23:24:03,194 [41b6f92d-8f51-4ddc-a2ca-a30ae8e33d76@group-A34E9BF9B347-FollowerState] INFO  server.RaftServerConfigKeys (ConfUtils.java:logGet(46)) - raft.server.leaderelection.pre-vote = false (custom)
2022-07-12 23:24:03,194 [41b6f92d-8f51-4ddc-a2ca-a30ae8e33d76@group-A34E9BF9B347-FollowerState] INFO  impl.RoleInfo (RoleInfo.java:updateAndGet(139)) - 41b6f92d-8f51-4ddc-a2ca-a30ae8e33d76: start 41b6f92d-8f51-4ddc-a2ca-a30ae8e33d76@group-A34E9BF9B347-LeaderElection60
2022-07-12 23:24:03,279 [41b6f92d-8f51-4ddc-a2ca-a30ae8e33d76@group-A34E9BF9B347-LeaderElection60] INFO  impl.LeaderElection (LeaderElection.java:askForVotes(310)) - 41b6f92d-8f51-4ddc-a2ca-a30ae8e33d76@group-A34E9BF9B347-LeaderElection60 ELECTION round 0: submit vote requests at term 1 for -1: [41b6f92d-8f51-4ddc-a2ca-a30ae8e33d76|rpc:10.1.0.13:40749|priority:1], old=null
2022-07-12 23:24:03,279 [41b6f92d-8f51-4ddc-a2ca-a30ae8e33d76@group-A34E9BF9B347-LeaderElection60] INFO  impl.LeaderElection (LeaderElection.java:askForVotes(312)) - 41b6f92d-8f51-4ddc-a2ca-a30ae8e33d76@group-A34E9BF9B347-LeaderElection60 ELECTION round 0: result PASSED (term=1)
2022-07-12 23:24:03,280 [41b6f92d-8f51-4ddc-a2ca-a30ae8e33d76@group-A34E9BF9B347-LeaderElection60] INFO  impl.RoleInfo (RoleInfo.java:shutdownLeaderElection(130)) - 41b6f92d-8f51-4ddc-a2ca-a30ae8e33d76: shutdown 41b6f92d-8f51-4ddc-a2ca-a30ae8e33d76@group-A34E9BF9B347-LeaderElection60
2022-07-12 23:24:03,280 [41b6f92d-8f51-4ddc-a2ca-a30ae8e33d76@group-A34E9BF9B347-LeaderElection60] INFO  server.RaftServer$Division (RaftServerImpl.java:setRole(299)) - 41b6f92d-8f51-4ddc-a2ca-a30ae8e33d76@group-A34E9BF9B347: changes role from CANDIDATE to LEADER at term 1 for changeToLeader
2022-07-12 23:24:03,280 [41b6f92d-8f51-4ddc-a2ca-a30ae8e33d76@group-A34E9BF9B347-LeaderElection60] INFO  ratis.XceiverServerRatis (XceiverServerRatis.java:handleLeaderChangedNotification(863)) - Leader change notification received for group: group-A34E9BF9B347 with new leaderId: 41b6f92d-8f51-4ddc-a2ca-a30ae8e33d76
2022-07-12 23:24:03,280 [41b6f92d-8f51-4ddc-a2ca-a30ae8e33d76@group-A34E9BF9B347-LeaderElection60] INFO  server.RaftServer$Division (ServerState.java:setLeader(287)) - 41b6f92d-8f51-4ddc-a2ca-a30ae8e33d76@group-A34E9BF9B347: change Leader from null to 41b6f92d-8f51-4ddc-a2ca-a30ae8e33d76 at term 1 for becomeLeader, leader elected after 5247ms
2022-07-12 23:24:03,280 [41b6f92d-8f51-4ddc-a2ca-a30ae8e33d76@group-A34E9BF9B347-LeaderElection60] INFO  server.RaftServerConfigKeys (ConfUtils.java:logGet(46)) - raft.server.staging.catchup.gap = 1000 (default)
2022-07-12 23:24:03,280 [41b6f92d-8f51-4ddc-a2ca-a30ae8e33d76@group-A34E9BF9B347-LeaderElection60] INFO  server.RaftServerConfigKeys (ConfUtils.java:logGet(46)) - raft.server.write.element-limit = 1024 (custom)
2022-07-12 23:24:03,280 [41b6f92d-8f51-4ddc-a2ca-a30ae8e33d76@group-A34E9BF9B347-LeaderElection60] INFO  server.RaftServerConfigKeys (ConfUtils.java:logGet(46)) - raft.server.write.byte-limit = 1024 M (=1073741824) (custom)
2022-07-12 23:24:03,280 [41b6f92d-8f51-4ddc-a2ca-a30ae8e33d76@group-A34E9BF9B347-LeaderElection60] INFO  server.RaftServerConfigKeys (ConfUtils.java:logGet(46)) - raft.server.watch.timeout = 180s (custom)
2022-07-12 23:24:03,280 [41b6f92d-8f51-4ddc-a2ca-a30ae8e33d76@group-A34E9BF9B347-LeaderElection60] INFO  server.RaftServerConfigKeys (ConfUtils.java:logGet(46)) - raft.server.watch.timeout.denomination = 1s (default)
2022-07-12 23:24:03,280 [41b6f92d-8f51-4ddc-a2ca-a30ae8e33d76@group-A34E9BF9B347-LeaderElection60] INFO  server.RaftServerConfigKeys (ConfUtils.java:logGet(46)) - raft.server.watch.element-limit = 65536 (default)
2022-07-12 23:24:03,281 [41b6f92d-8f51-4ddc-a2ca-a30ae8e33d76@group-A34E9BF9B347-LeaderElection60] INFO  server.RaftServerConfigKeys (ConfUtils.java:logGet(46)) - raft.server.write.element-limit = 1024 (custom)
2022-07-12 23:24:03,281 [41b6f92d-8f51-4ddc-a2ca-a30ae8e33d76@group-A34E9BF9B347-LeaderElection60] INFO  server.RaftServerConfigKeys (ConfUtils.java:logGet(46)) - raft.server.write.follower.gap.ratio.max = -1.0 (default)
2022-07-12 23:24:03,281 [41b6f92d-8f51-4ddc-a2ca-a30ae8e33d76@group-A34E9BF9B347-LeaderElection60] INFO  impl.RoleInfo (RoleInfo.java:updateAndGet(139)) - 41b6f92d-8f51-4ddc-a2ca-a30ae8e33d76: start 41b6f92d-8f51-4ddc-a2ca-a30ae8e33d76@group-A34E9BF9B347-LeaderStateImpl
2022-07-12 23:24:03,281 [41b6f92d-8f51-4ddc-a2ca-a30ae8e33d76@group-A34E9BF9B347-LeaderElection60] INFO  segmented.SegmentedRaftLogWorker (SegmentedRaftLogWorker.java:startLogSegment(425)) - 41b6f92d-8f51-4ddc-a2ca-a30ae8e33d76@group-A34E9BF9B347-SegmentedRaftLogWorker: Starting segment from index:0
2022-07-12 23:24:03,282 [EventQueue-OpenPipelineForHealthyPipelineSafeModeRule] INFO  safemode.SCMSafeModeManager (HealthyPipelineSafeModeRule.java:process(137)) - SCM in safe mode. Healthy pipelines reported count is 0, required healthy pipeline reported count is 1
2022-07-12 23:24:03,282 [41b6f92d-8f51-4ddc-a2ca-a30ae8e33d76@group-A34E9BF9B347-SegmentedRaftLogWorker] INFO  segmented.SegmentedRaftLogWorker (SegmentedRaftLogWorker.java:execute(629)) - 41b6f92d-8f51-4ddc-a2ca-a30ae8e33d76@group-A34E9BF9B347-SegmentedRaftLogWorker: created new log segment /home/runner/work/ozone/ozone/hadoop-ozone/integration-test/target/test-dir/MiniOzoneClusterImpl-c1953583-3267-45ac-aa0d-78ee30f3dc89/datanode-2/data/ratis/7ebfb99d-1947-4ee8-b754-a34e9bf9b347/current/log_inprogress_0
2022-07-12 23:24:03,297 [41b6f92d-8f51-4ddc-a2ca-a30ae8e33d76@group-A34E9BF9B347-LeaderElection60] INFO  server.RaftServer$Division (ServerState.java:setRaftConf(393)) - 41b6f92d-8f51-4ddc-a2ca-a30ae8e33d76@group-A34E9BF9B347: set configuration 0: [41b6f92d-8f51-4ddc-a2ca-a30ae8e33d76|rpc:10.1.0.13:40749|dataStream:|priority:1], old=null
2022-07-12 23:24:03,924 [Listener at 127.0.0.1/45473] INFO  ozone.MiniOzoneClusterImpl (MiniOzoneClusterImpl.java:lambda$waitForClusterToBeReady$0(216)) - Nodes are ready. Got 5 of 5 DN Heartbeats.
2022-07-12 23:24:03,924 [Listener at 127.0.0.1/45473] INFO  ozone.MiniOzoneClusterImpl (MiniOzoneClusterImpl.java:lambda$waitForClusterToBeReady$0(219)) - Waiting for cluster to exit safe mode
2022-07-12 23:24:03,924 [Listener at 127.0.0.1/45473] INFO  ozone.MiniOzoneClusterImpl (MiniOzoneClusterImpl.java:lambda$waitForClusterToBeReady$0(221)) - SCM became leader
2022-07-12 23:24:04,924 [Listener at 127.0.0.1/45473] INFO  ozone.MiniOzoneClusterImpl (MiniOzoneClusterImpl.java:lambda$waitForClusterToBeReady$0(216)) - Nodes are ready. Got 5 of 5 DN Heartbeats.
2022-07-12 23:24:04,924 [Listener at 127.0.0.1/45473] INFO  ozone.MiniOzoneClusterImpl (MiniOzoneClusterImpl.java:lambda$waitForClusterToBeReady$0(219)) - Waiting for cluster to exit safe mode
2022-07-12 23:24:04,924 [Listener at 127.0.0.1/45473] INFO  ozone.MiniOzoneClusterImpl (MiniOzoneClusterImpl.java:lambda$waitForClusterToBeReady$0(221)) - SCM became leader
2022-07-12 23:24:04,925 [1be6e1bb-e91e-4b89-9749-dd97bfc73499@group-D2870D712DE2-FollowerState] INFO  impl.FollowerState (FollowerState.java:run(143)) - 1be6e1bb-e91e-4b89-9749-dd97bfc73499@group-D2870D712DE2-FollowerState: change to CANDIDATE, lastRpcElapsedTime:5126164991ns, electionTimeout:5118ms
2022-07-12 23:24:04,925 [1be6e1bb-e91e-4b89-9749-dd97bfc73499@group-D2870D712DE2-FollowerState] INFO  impl.RoleInfo (RoleInfo.java:shutdownFollowerState(110)) - 1be6e1bb-e91e-4b89-9749-dd97bfc73499: shutdown 1be6e1bb-e91e-4b89-9749-dd97bfc73499@group-D2870D712DE2-FollowerState
2022-07-12 23:24:04,925 [1be6e1bb-e91e-4b89-9749-dd97bfc73499@group-D2870D712DE2-FollowerState] INFO  server.RaftServer$Division (RaftServerImpl.java:setRole(299)) - 1be6e1bb-e91e-4b89-9749-dd97bfc73499@group-D2870D712DE2: changes role from  FOLLOWER to CANDIDATE at term 0 for changeToCandidate
2022-07-12 23:24:04,925 [1be6e1bb-e91e-4b89-9749-dd97bfc73499@group-D2870D712DE2-FollowerState] INFO  server.RaftServerConfigKeys (ConfUtils.java:logGet(46)) - raft.server.leaderelection.pre-vote = false (custom)
2022-07-12 23:24:04,925 [1be6e1bb-e91e-4b89-9749-dd97bfc73499@group-D2870D712DE2-FollowerState] INFO  impl.RoleInfo (RoleInfo.java:updateAndGet(139)) - 1be6e1bb-e91e-4b89-9749-dd97bfc73499: start 1be6e1bb-e91e-4b89-9749-dd97bfc73499@group-D2870D712DE2-LeaderElection61
2022-07-12 23:24:04,972 [1be6e1bb-e91e-4b89-9749-dd97bfc73499@group-D2870D712DE2-LeaderElection61] INFO  impl.LeaderElection (LeaderElection.java:askForVotes(310)) - 1be6e1bb-e91e-4b89-9749-dd97bfc73499@group-D2870D712DE2-LeaderElection61 ELECTION round 0: submit vote requests at term 1 for -1: [1be6e1bb-e91e-4b89-9749-dd97bfc73499|rpc:10.1.0.13:35789|priority:1], old=null
2022-07-12 23:24:04,973 [1be6e1bb-e91e-4b89-9749-dd97bfc73499@group-D2870D712DE2-LeaderElection61] INFO  impl.LeaderElection (LeaderElection.java:askForVotes(312)) - 1be6e1bb-e91e-4b89-9749-dd97bfc73499@group-D2870D712DE2-LeaderElection61 ELECTION round 0: result PASSED (term=1)
2022-07-12 23:24:04,973 [1be6e1bb-e91e-4b89-9749-dd97bfc73499@group-D2870D712DE2-LeaderElection61] INFO  impl.RoleInfo (RoleInfo.java:shutdownLeaderElection(130)) - 1be6e1bb-e91e-4b89-9749-dd97bfc73499: shutdown 1be6e1bb-e91e-4b89-9749-dd97bfc73499@group-D2870D712DE2-LeaderElection61
2022-07-12 23:24:04,974 [1be6e1bb-e91e-4b89-9749-dd97bfc73499@group-D2870D712DE2-LeaderElection61] INFO  server.RaftServer$Division (RaftServerImpl.java:setRole(299)) - 1be6e1bb-e91e-4b89-9749-dd97bfc73499@group-D2870D712DE2: changes role from CANDIDATE to LEADER at term 1 for changeToLeader
2022-07-12 23:24:04,974 [1be6e1bb-e91e-4b89-9749-dd97bfc73499@group-D2870D712DE2-LeaderElection61] INFO  ratis.XceiverServerRatis (XceiverServerRatis.java:handleLeaderChangedNotification(863)) - Leader change notification received for group: group-D2870D712DE2 with new leaderId: 1be6e1bb-e91e-4b89-9749-dd97bfc73499
2022-07-12 23:24:04,975 [1be6e1bb-e91e-4b89-9749-dd97bfc73499@group-D2870D712DE2-LeaderElection61] INFO  server.RaftServer$Division (ServerState.java:setLeader(287)) - 1be6e1bb-e91e-4b89-9749-dd97bfc73499@group-D2870D712DE2: change Leader from null to 1be6e1bb-e91e-4b89-9749-dd97bfc73499 at term 1 for becomeLeader, leader elected after 5222ms
2022-07-12 23:24:04,975 [1be6e1bb-e91e-4b89-9749-dd97bfc73499@group-D2870D712DE2-LeaderElection61] INFO  server.RaftServerConfigKeys (ConfUtils.java:logGet(46)) - raft.server.staging.catchup.gap = 1000 (default)
2022-07-12 23:24:04,975 [1be6e1bb-e91e-4b89-9749-dd97bfc73499@group-D2870D712DE2-LeaderElection61] INFO  server.RaftServerConfigKeys (ConfUtils.java:logGet(46)) - raft.server.write.element-limit = 1024 (custom)
2022-07-12 23:24:04,975 [1be6e1bb-e91e-4b89-9749-dd97bfc73499@group-D2870D712DE2-LeaderElection61] INFO  server.RaftServerConfigKeys (ConfUtils.java:logGet(46)) - raft.server.write.byte-limit = 1024 M (=1073741824) (custom)
2022-07-12 23:24:04,976 [1be6e1bb-e91e-4b89-9749-dd97bfc73499@group-D2870D712DE2-LeaderElection61] INFO  server.RaftServerConfigKeys (ConfUtils.java:logGet(46)) - raft.server.watch.timeout = 180s (custom)
2022-07-12 23:24:04,976 [1be6e1bb-e91e-4b89-9749-dd97bfc73499@group-D2870D712DE2-LeaderElection61] INFO  server.RaftServerConfigKeys (ConfUtils.java:logGet(46)) - raft.server.watch.timeout.denomination = 1s (default)
2022-07-12 23:24:04,976 [1be6e1bb-e91e-4b89-9749-dd97bfc73499@group-D2870D712DE2-LeaderElection61] INFO  server.RaftServerConfigKeys (ConfUtils.java:logGet(46)) - raft.server.watch.element-limit = 65536 (default)
2022-07-12 23:24:04,976 [1be6e1bb-e91e-4b89-9749-dd97bfc73499@group-D2870D712DE2-LeaderElection61] INFO  server.RaftServerConfigKeys (ConfUtils.java:logGet(46)) - raft.server.write.element-limit = 1024 (custom)
2022-07-12 23:24:04,976 [1be6e1bb-e91e-4b89-9749-dd97bfc73499@group-D2870D712DE2-LeaderElection61] INFO  server.RaftServerConfigKeys (ConfUtils.java:logGet(46)) - raft.server.write.follower.gap.ratio.max = -1.0 (default)
2022-07-12 23:24:04,976 [1be6e1bb-e91e-4b89-9749-dd97bfc73499@group-D2870D712DE2-LeaderElection61] INFO  impl.RoleInfo (RoleInfo.java:updateAndGet(139)) - 1be6e1bb-e91e-4b89-9749-dd97bfc73499: start 1be6e1bb-e91e-4b89-9749-dd97bfc73499@group-D2870D712DE2-LeaderStateImpl
2022-07-12 23:24:04,976 [1be6e1bb-e91e-4b89-9749-dd97bfc73499@group-D2870D712DE2-LeaderElection61] INFO  segmented.SegmentedRaftLogWorker (SegmentedRaftLogWorker.java:startLogSegment(425)) - 1be6e1bb-e91e-4b89-9749-dd97bfc73499@group-D2870D712DE2-SegmentedRaftLogWorker: Starting segment from index:0
2022-07-12 23:24:04,989 [1be6e1bb-e91e-4b89-9749-dd97bfc73499@group-D2870D712DE2-LeaderElection61] INFO  server.RaftServer$Division (ServerState.java:setRaftConf(393)) - 1be6e1bb-e91e-4b89-9749-dd97bfc73499@group-D2870D712DE2: set configuration 0: [1be6e1bb-e91e-4b89-9749-dd97bfc73499|rpc:10.1.0.13:35789|dataStream:|priority:1], old=null
2022-07-12 23:24:05,007 [1be6e1bb-e91e-4b89-9749-dd97bfc73499@group-D2870D712DE2-SegmentedRaftLogWorker] INFO  segmented.SegmentedRaftLogWorker (SegmentedRaftLogWorker.java:execute(629)) - 1be6e1bb-e91e-4b89-9749-dd97bfc73499@group-D2870D712DE2-SegmentedRaftLogWorker: created new log segment /home/runner/work/ozone/ozone/hadoop-ozone/integration-test/target/test-dir/MiniOzoneClusterImpl-c1953583-3267-45ac-aa0d-78ee30f3dc89/datanode-3/data/ratis/11d248bf-3190-461b-9832-d2870d712de2/current/log_inprogress_0
2022-07-12 23:24:05,009 [EventQueue-OpenPipelineForHealthyPipelineSafeModeRule] INFO  safemode.SCMSafeModeManager (HealthyPipelineSafeModeRule.java:process(137)) - SCM in safe mode. Healthy pipelines reported count is 0, required healthy pipeline reported count is 1
2022-07-12 23:24:05,925 [Listener at 127.0.0.1/45473] INFO  ozone.MiniOzoneClusterImpl (MiniOzoneClusterImpl.java:lambda$waitForClusterToBeReady$0(216)) - Nodes are ready. Got 5 of 5 DN Heartbeats.
2022-07-12 23:24:05,925 [Listener at 127.0.0.1/45473] INFO  ozone.MiniOzoneClusterImpl (MiniOzoneClusterImpl.java:lambda$waitForClusterToBeReady$0(219)) - Waiting for cluster to exit safe mode
2022-07-12 23:24:05,925 [Listener at 127.0.0.1/45473] INFO  ozone.MiniOzoneClusterImpl (MiniOzoneClusterImpl.java:lambda$waitForClusterToBeReady$0(221)) - SCM became leader
2022-07-12 23:24:06,384 [3f53d41b-4288-423f-96db-a44acbd7e568@group-EBDFDABB5FDD-FollowerState] INFO  impl.FollowerState (FollowerState.java:run(143)) - 3f53d41b-4288-423f-96db-a44acbd7e568@group-EBDFDABB5FDD-FollowerState: change to CANDIDATE, lastRpcElapsedTime:5183835672ns, electionTimeout:5096ms
2022-07-12 23:24:06,385 [3f53d41b-4288-423f-96db-a44acbd7e568@group-EBDFDABB5FDD-FollowerState] INFO  impl.RoleInfo (RoleInfo.java:shutdownFollowerState(110)) - 3f53d41b-4288-423f-96db-a44acbd7e568: shutdown 3f53d41b-4288-423f-96db-a44acbd7e568@group-EBDFDABB5FDD-FollowerState
2022-07-12 23:24:06,385 [3f53d41b-4288-423f-96db-a44acbd7e568@group-EBDFDABB5FDD-FollowerState] INFO  server.RaftServer$Division (RaftServerImpl.java:setRole(299)) - 3f53d41b-4288-423f-96db-a44acbd7e568@group-EBDFDABB5FDD: changes role from  FOLLOWER to CANDIDATE at term 0 for changeToCandidate
2022-07-12 23:24:06,385 [3f53d41b-4288-423f-96db-a44acbd7e568@group-EBDFDABB5FDD-FollowerState] INFO  server.RaftServerConfigKeys (ConfUtils.java:logGet(46)) - raft.server.leaderelection.pre-vote = false (custom)
2022-07-12 23:24:06,385 [3f53d41b-4288-423f-96db-a44acbd7e568@group-EBDFDABB5FDD-FollowerState] INFO  impl.RoleInfo (RoleInfo.java:updateAndGet(139)) - 3f53d41b-4288-423f-96db-a44acbd7e568: start 3f53d41b-4288-423f-96db-a44acbd7e568@group-EBDFDABB5FDD-LeaderElection62
2022-07-12 23:24:06,449 [3f53d41b-4288-423f-96db-a44acbd7e568@group-EBDFDABB5FDD-LeaderElection62] INFO  impl.LeaderElection (LeaderElection.java:askForVotes(310)) - 3f53d41b-4288-423f-96db-a44acbd7e568@group-EBDFDABB5FDD-LeaderElection62 ELECTION round 0: submit vote requests at term 1 for -1: [3f53d41b-4288-423f-96db-a44acbd7e568|rpc:10.1.0.13:36655|priority:1], old=null
2022-07-12 23:24:06,449 [3f53d41b-4288-423f-96db-a44acbd7e568@group-EBDFDABB5FDD-LeaderElection62] INFO  impl.LeaderElection (LeaderElection.java:askForVotes(312)) - 3f53d41b-4288-423f-96db-a44acbd7e568@group-EBDFDABB5FDD-LeaderElection62 ELECTION round 0: result PASSED (term=1)
2022-07-12 23:24:06,449 [3f53d41b-4288-423f-96db-a44acbd7e568@group-EBDFDABB5FDD-LeaderElection62] INFO  impl.RoleInfo (RoleInfo.java:shutdownLeaderElection(130)) - 3f53d41b-4288-423f-96db-a44acbd7e568: shutdown 3f53d41b-4288-423f-96db-a44acbd7e568@group-EBDFDABB5FDD-LeaderElection62
2022-07-12 23:24:06,450 [3f53d41b-4288-423f-96db-a44acbd7e568@group-EBDFDABB5FDD-LeaderElection62] INFO  server.RaftServer$Division (RaftServerImpl.java:setRole(299)) - 3f53d41b-4288-423f-96db-a44acbd7e568@group-EBDFDABB5FDD: changes role from CANDIDATE to LEADER at term 1 for changeToLeader
2022-07-12 23:24:06,450 [3f53d41b-4288-423f-96db-a44acbd7e568@group-EBDFDABB5FDD-LeaderElection62] INFO  ratis.XceiverServerRatis (XceiverServerRatis.java:handleLeaderChangedNotification(863)) - Leader change notification received for group: group-EBDFDABB5FDD with new leaderId: 3f53d41b-4288-423f-96db-a44acbd7e568
2022-07-12 23:24:06,450 [3f53d41b-4288-423f-96db-a44acbd7e568@group-EBDFDABB5FDD-LeaderElection62] INFO  server.RaftServer$Division (ServerState.java:setLeader(287)) - 3f53d41b-4288-423f-96db-a44acbd7e568@group-EBDFDABB5FDD: change Leader from null to 3f53d41b-4288-423f-96db-a44acbd7e568 at term 1 for becomeLeader, leader elected after 5283ms
2022-07-12 23:24:06,450 [3f53d41b-4288-423f-96db-a44acbd7e568@group-EBDFDABB5FDD-LeaderElection62] INFO  server.RaftServerConfigKeys (ConfUtils.java:logGet(46)) - raft.server.staging.catchup.gap = 1000 (default)
2022-07-12 23:24:06,450 [3f53d41b-4288-423f-96db-a44acbd7e568@group-EBDFDABB5FDD-LeaderElection62] INFO  server.RaftServerConfigKeys (ConfUtils.java:logGet(46)) - raft.server.write.element-limit = 1024 (custom)
2022-07-12 23:24:06,450 [3f53d41b-4288-423f-96db-a44acbd7e568@group-EBDFDABB5FDD-LeaderElection62] INFO  server.RaftServerConfigKeys (ConfUtils.java:logGet(46)) - raft.server.write.byte-limit = 1024 M (=1073741824) (custom)
2022-07-12 23:24:06,450 [3f53d41b-4288-423f-96db-a44acbd7e568@group-EBDFDABB5FDD-LeaderElection62] INFO  server.RaftServerConfigKeys (ConfUtils.java:logGet(46)) - raft.server.watch.timeout = 180s (custom)
2022-07-12 23:24:06,450 [3f53d41b-4288-423f-96db-a44acbd7e568@group-EBDFDABB5FDD-LeaderElection62] INFO  server.RaftServerConfigKeys (ConfUtils.java:logGet(46)) - raft.server.watch.timeout.denomination = 1s (default)
2022-07-12 23:24:06,450 [3f53d41b-4288-423f-96db-a44acbd7e568@group-EBDFDABB5FDD-LeaderElection62] INFO  server.RaftServerConfigKeys (ConfUtils.java:logGet(46)) - raft.server.watch.element-limit = 65536 (default)
2022-07-12 23:24:06,451 [3f53d41b-4288-423f-96db-a44acbd7e568@group-EBDFDABB5FDD-LeaderElection62] INFO  server.RaftServerConfigKeys (ConfUtils.java:logGet(46)) - raft.server.write.element-limit = 1024 (custom)
2022-07-12 23:24:06,451 [3f53d41b-4288-423f-96db-a44acbd7e568@group-EBDFDABB5FDD-LeaderElection62] INFO  server.RaftServerConfigKeys (ConfUtils.java:logGet(46)) - raft.server.write.follower.gap.ratio.max = -1.0 (default)
2022-07-12 23:24:06,451 [3f53d41b-4288-423f-96db-a44acbd7e568@group-EBDFDABB5FDD-LeaderElection62] INFO  impl.RoleInfo (RoleInfo.java:updateAndGet(139)) - 3f53d41b-4288-423f-96db-a44acbd7e568: start 3f53d41b-4288-423f-96db-a44acbd7e568@group-EBDFDABB5FDD-LeaderStateImpl
2022-07-12 23:24:06,451 [3f53d41b-4288-423f-96db-a44acbd7e568@group-EBDFDABB5FDD-LeaderElection62] INFO  segmented.SegmentedRaftLogWorker (SegmentedRaftLogWorker.java:startLogSegment(425)) - 3f53d41b-4288-423f-96db-a44acbd7e568@group-EBDFDABB5FDD-SegmentedRaftLogWorker: Starting segment from index:0
2022-07-12 23:24:06,453 [3f53d41b-4288-423f-96db-a44acbd7e568@group-EBDFDABB5FDD-SegmentedRaftLogWorker] INFO  segmented.SegmentedRaftLogWorker (SegmentedRaftLogWorker.java:execute(629)) - 3f53d41b-4288-423f-96db-a44acbd7e568@group-EBDFDABB5FDD-SegmentedRaftLogWorker: created new log segment /home/runner/work/ozone/ozone/hadoop-ozone/integration-test/target/test-dir/MiniOzoneClusterImpl-c1953583-3267-45ac-aa0d-78ee30f3dc89/datanode-4/data/ratis/6d7a2d0a-0b1f-4021-b4c9-ebdfdabb5fdd/current/log_inprogress_0
2022-07-12 23:24:06,454 [EventQueue-OpenPipelineForHealthyPipelineSafeModeRule] INFO  safemode.SCMSafeModeManager (HealthyPipelineSafeModeRule.java:process(137)) - SCM in safe mode. Healthy pipelines reported count is 0, required healthy pipeline reported count is 1
2022-07-12 23:24:06,490 [3f53d41b-4288-423f-96db-a44acbd7e568@group-EBDFDABB5FDD-LeaderElection62] INFO  server.RaftServer$Division (ServerState.java:setRaftConf(393)) - 3f53d41b-4288-423f-96db-a44acbd7e568@group-EBDFDABB5FDD: set configuration 0: [3f53d41b-4288-423f-96db-a44acbd7e568|rpc:10.1.0.13:36655|dataStream:|priority:1], old=null
2022-07-12 23:24:06,643 [ca090ab3-3872-42a8-bcee-318ad7dbfeb0@group-42DB1ADE585A-FollowerState] INFO  impl.FollowerState (FollowerState.java:run(143)) - ca090ab3-3872-42a8-bcee-318ad7dbfeb0@group-42DB1ADE585A-FollowerState: change to CANDIDATE, lastRpcElapsedTime:5129258306ns, electionTimeout:5090ms
2022-07-12 23:24:06,643 [ca090ab3-3872-42a8-bcee-318ad7dbfeb0@group-42DB1ADE585A-FollowerState] INFO  impl.RoleInfo (RoleInfo.java:shutdownFollowerState(110)) - ca090ab3-3872-42a8-bcee-318ad7dbfeb0: shutdown ca090ab3-3872-42a8-bcee-318ad7dbfeb0@group-42DB1ADE585A-FollowerState
2022-07-12 23:24:06,643 [ca090ab3-3872-42a8-bcee-318ad7dbfeb0@group-42DB1ADE585A-FollowerState] INFO  server.RaftServer$Division (RaftServerImpl.java:setRole(299)) - ca090ab3-3872-42a8-bcee-318ad7dbfeb0@group-42DB1ADE585A: changes role from  FOLLOWER to CANDIDATE at term 1 for changeToCandidate
2022-07-12 23:24:06,643 [ca090ab3-3872-42a8-bcee-318ad7dbfeb0@group-42DB1ADE585A-FollowerState] INFO  server.RaftServerConfigKeys (ConfUtils.java:logGet(46)) - raft.server.leaderelection.pre-vote = false (custom)
2022-07-12 23:24:06,643 [ca090ab3-3872-42a8-bcee-318ad7dbfeb0@group-42DB1ADE585A-FollowerState] INFO  impl.RoleInfo (RoleInfo.java:updateAndGet(139)) - ca090ab3-3872-42a8-bcee-318ad7dbfeb0: start ca090ab3-3872-42a8-bcee-318ad7dbfeb0@group-42DB1ADE585A-LeaderElection63
2022-07-12 23:24:06,681 [ca090ab3-3872-42a8-bcee-318ad7dbfeb0@group-42DB1ADE585A-LeaderElection63] INFO  impl.LeaderElection (LeaderElection.java:askForVotes(310)) - ca090ab3-3872-42a8-bcee-318ad7dbfeb0@group-42DB1ADE585A-LeaderElection63 ELECTION round 0: submit vote requests at term 2 for -1: [5d23e830-42ed-4d2c-9f35-4c2aa5467d76|rpc:10.1.0.13:35411|priority:0, 41b6f92d-8f51-4ddc-a2ca-a30ae8e33d76|rpc:10.1.0.13:40749|priority:1, ca090ab3-3872-42a8-bcee-318ad7dbfeb0|rpc:10.1.0.13:40055|priority:0], old=null
2022-07-12 23:24:06,704 [grpc-default-executor-1] INFO  server.RaftServer$Division (RaftServerImpl.java:requestVote(1152)) - 41b6f92d-8f51-4ddc-a2ca-a30ae8e33d76@group-42DB1ADE585A: receive requestVote(ELECTION, ca090ab3-3872-42a8-bcee-318ad7dbfeb0, group-42DB1ADE585A, 2, (t:0, i:0))
2022-07-12 23:24:06,705 [grpc-default-executor-1] INFO  impl.VoteContext (VoteContext.java:log(48)) - 41b6f92d-8f51-4ddc-a2ca-a30ae8e33d76@group-42DB1ADE585A-FOLLOWER: reject ELECTION from ca090ab3-3872-42a8-bcee-318ad7dbfeb0: our priority 1 > candidate's priority 0
2022-07-12 23:24:06,705 [grpc-default-executor-1] INFO  server.RaftServer$Division (RaftServerImpl.java:setRole(299)) - 41b6f92d-8f51-4ddc-a2ca-a30ae8e33d76@group-42DB1ADE585A: changes role from  FOLLOWER to FOLLOWER at term 2 for candidate:ca090ab3-3872-42a8-bcee-318ad7dbfeb0
2022-07-12 23:24:06,705 [grpc-default-executor-1] INFO  impl.RoleInfo (RoleInfo.java:shutdownFollowerState(110)) - 41b6f92d-8f51-4ddc-a2ca-a30ae8e33d76: shutdown 41b6f92d-8f51-4ddc-a2ca-a30ae8e33d76@group-42DB1ADE585A-FollowerState
2022-07-12 23:24:06,705 [grpc-default-executor-1] INFO  impl.RoleInfo (RoleInfo.java:updateAndGet(139)) - 41b6f92d-8f51-4ddc-a2ca-a30ae8e33d76: start 41b6f92d-8f51-4ddc-a2ca-a30ae8e33d76@group-42DB1ADE585A-FollowerState
2022-07-12 23:24:06,705 [41b6f92d-8f51-4ddc-a2ca-a30ae8e33d76@group-42DB1ADE585A-FollowerState] INFO  impl.FollowerState (FollowerState.java:run(152)) - 41b6f92d-8f51-4ddc-a2ca-a30ae8e33d76@group-42DB1ADE585A-FollowerState was interrupted
2022-07-12 23:24:06,721 [grpc-default-executor-1] INFO  server.RaftServer$Division (RaftServerImpl.java:requestVote(1184)) - 41b6f92d-8f51-4ddc-a2ca-a30ae8e33d76@group-42DB1ADE585A replies to ELECTION vote request: ca090ab3-3872-42a8-bcee-318ad7dbfeb0<-41b6f92d-8f51-4ddc-a2ca-a30ae8e33d76#0:FAIL-t2. Peer's state: 41b6f92d-8f51-4ddc-a2ca-a30ae8e33d76@group-42DB1ADE585A:t2, leader=null, voted=null, raftlog=41b6f92d-8f51-4ddc-a2ca-a30ae8e33d76@group-42DB1ADE585A-SegmentedRaftLog:OPENED:c-1, conf=-1: [5d23e830-42ed-4d2c-9f35-4c2aa5467d76|rpc:10.1.0.13:35411|dataStream:|priority:0, 41b6f92d-8f51-4ddc-a2ca-a30ae8e33d76|rpc:10.1.0.13:40749|dataStream:|priority:1, ca090ab3-3872-42a8-bcee-318ad7dbfeb0|rpc:10.1.0.13:40055|dataStream:|priority:0], old=null
2022-07-12 23:24:06,755 [ca090ab3-3872-42a8-bcee-318ad7dbfeb0@group-42DB1ADE585A-LeaderElection63] INFO  impl.LeaderElection (LeaderElection.java:logAndReturn(90)) - ca090ab3-3872-42a8-bcee-318ad7dbfeb0@group-42DB1ADE585A-LeaderElection63: ELECTION REJECTED received 1 response(s) and 0 exception(s):
2022-07-12 23:24:06,755 [ca090ab3-3872-42a8-bcee-318ad7dbfeb0@group-42DB1ADE585A-LeaderElection63] INFO  impl.LeaderElection (LeaderElection.java:logAndReturn(94)) -   Response 0: ca090ab3-3872-42a8-bcee-318ad7dbfeb0<-41b6f92d-8f51-4ddc-a2ca-a30ae8e33d76#0:FAIL-t2
2022-07-12 23:24:06,755 [ca090ab3-3872-42a8-bcee-318ad7dbfeb0@group-42DB1ADE585A-LeaderElection63] INFO  impl.LeaderElection (LeaderElection.java:askForVotes(312)) - ca090ab3-3872-42a8-bcee-318ad7dbfeb0@group-42DB1ADE585A-LeaderElection63 ELECTION round 0: result REJECTED
2022-07-12 23:24:06,755 [ca090ab3-3872-42a8-bcee-318ad7dbfeb0@group-42DB1ADE585A-LeaderElection63] INFO  server.RaftServer$Division (RaftServerImpl.java:setRole(299)) - ca090ab3-3872-42a8-bcee-318ad7dbfeb0@group-42DB1ADE585A: changes role from CANDIDATE to FOLLOWER at term 2 for REJECTED
2022-07-12 23:24:06,755 [ca090ab3-3872-42a8-bcee-318ad7dbfeb0@group-42DB1ADE585A-LeaderElection63] INFO  impl.RoleInfo (RoleInfo.java:shutdownLeaderElection(130)) - ca090ab3-3872-42a8-bcee-318ad7dbfeb0: shutdown ca090ab3-3872-42a8-bcee-318ad7dbfeb0@group-42DB1ADE585A-LeaderElection63
2022-07-12 23:24:06,755 [ca090ab3-3872-42a8-bcee-318ad7dbfeb0@group-42DB1ADE585A-LeaderElection63] INFO  impl.RoleInfo (RoleInfo.java:updateAndGet(139)) - ca090ab3-3872-42a8-bcee-318ad7dbfeb0: start ca090ab3-3872-42a8-bcee-318ad7dbfeb0@group-42DB1ADE585A-FollowerState
2022-07-12 23:24:06,771 [grpc-default-executor-2] INFO  server.RaftServer$Division (RaftServerImpl.java:requestVote(1152)) - 5d23e830-42ed-4d2c-9f35-4c2aa5467d76@group-42DB1ADE585A: receive requestVote(ELECTION, ca090ab3-3872-42a8-bcee-318ad7dbfeb0, group-42DB1ADE585A, 2, (t:0, i:0))
2022-07-12 23:24:06,771 [grpc-default-executor-2] INFO  impl.VoteContext (VoteContext.java:log(48)) - 5d23e830-42ed-4d2c-9f35-4c2aa5467d76@group-42DB1ADE585A-FOLLOWER: accept ELECTION from ca090ab3-3872-42a8-bcee-318ad7dbfeb0: our priority 0 <= candidate's priority 0
2022-07-12 23:24:06,771 [grpc-default-executor-2] INFO  server.RaftServer$Division (RaftServerImpl.java:setRole(299)) - 5d23e830-42ed-4d2c-9f35-4c2aa5467d76@group-42DB1ADE585A: changes role from  FOLLOWER to FOLLOWER at term 2 for candidate:ca090ab3-3872-42a8-bcee-318ad7dbfeb0
2022-07-12 23:24:06,771 [grpc-default-executor-2] INFO  impl.RoleInfo (RoleInfo.java:shutdownFollowerState(110)) - 5d23e830-42ed-4d2c-9f35-4c2aa5467d76: shutdown 5d23e830-42ed-4d2c-9f35-4c2aa5467d76@group-42DB1ADE585A-FollowerState
2022-07-12 23:24:06,771 [grpc-default-executor-2] INFO  impl.RoleInfo (RoleInfo.java:updateAndGet(139)) - 5d23e830-42ed-4d2c-9f35-4c2aa5467d76: start 5d23e830-42ed-4d2c-9f35-4c2aa5467d76@group-42DB1ADE585A-FollowerState
2022-07-12 23:24:06,771 [5d23e830-42ed-4d2c-9f35-4c2aa5467d76@group-42DB1ADE585A-FollowerState] INFO  impl.FollowerState (FollowerState.java:run(152)) - 5d23e830-42ed-4d2c-9f35-4c2aa5467d76@group-42DB1ADE585A-FollowerState was interrupted
2022-07-12 23:24:06,795 [grpc-default-executor-2] INFO  server.RaftServer$Division (RaftServerImpl.java:requestVote(1184)) - 5d23e830-42ed-4d2c-9f35-4c2aa5467d76@group-42DB1ADE585A replies to ELECTION vote request: ca090ab3-3872-42a8-bcee-318ad7dbfeb0<-5d23e830-42ed-4d2c-9f35-4c2aa5467d76#0:OK-t2. Peer's state: 5d23e830-42ed-4d2c-9f35-4c2aa5467d76@group-42DB1ADE585A:t2, leader=null, voted=ca090ab3-3872-42a8-bcee-318ad7dbfeb0, raftlog=5d23e830-42ed-4d2c-9f35-4c2aa5467d76@group-42DB1ADE585A-SegmentedRaftLog:OPENED:c-1, conf=-1: [5d23e830-42ed-4d2c-9f35-4c2aa5467d76|rpc:10.1.0.13:35411|dataStream:|priority:0, 41b6f92d-8f51-4ddc-a2ca-a30ae8e33d76|rpc:10.1.0.13:40749|dataStream:|priority:1, ca090ab3-3872-42a8-bcee-318ad7dbfeb0|rpc:10.1.0.13:40055|dataStream:|priority:0], old=null
2022-07-12 23:24:06,926 [Listener at 127.0.0.1/45473] INFO  ozone.MiniOzoneClusterImpl (MiniOzoneClusterImpl.java:lambda$waitForClusterToBeReady$0(216)) - Nodes are ready. Got 5 of 5 DN Heartbeats.
2022-07-12 23:24:06,926 [Listener at 127.0.0.1/45473] INFO  ozone.MiniOzoneClusterImpl (MiniOzoneClusterImpl.java:lambda$waitForClusterToBeReady$0(219)) - Waiting for cluster to exit safe mode
2022-07-12 23:24:06,926 [Listener at 127.0.0.1/45473] INFO  ozone.MiniOzoneClusterImpl (MiniOzoneClusterImpl.java:lambda$waitForClusterToBeReady$0(221)) - SCM became leader
2022-07-12 23:24:07,275 [ca090ab3-3872-42a8-bcee-318ad7dbfeb0@group-9DB053831FEB-FollowerState] INFO  impl.FollowerState (FollowerState.java:run(143)) - ca090ab3-3872-42a8-bcee-318ad7dbfeb0@group-9DB053831FEB-FollowerState: change to CANDIDATE, lastRpcElapsedTime:5041159352ns, electionTimeout:5039ms
2022-07-12 23:24:07,275 [ca090ab3-3872-42a8-bcee-318ad7dbfeb0@group-9DB053831FEB-FollowerState] INFO  impl.RoleInfo (RoleInfo.java:shutdownFollowerState(110)) - ca090ab3-3872-42a8-bcee-318ad7dbfeb0: shutdown ca090ab3-3872-42a8-bcee-318ad7dbfeb0@group-9DB053831FEB-FollowerState
2022-07-12 23:24:07,275 [ca090ab3-3872-42a8-bcee-318ad7dbfeb0@group-9DB053831FEB-FollowerState] INFO  server.RaftServer$Division (RaftServerImpl.java:setRole(299)) - ca090ab3-3872-42a8-bcee-318ad7dbfeb0@group-9DB053831FEB: changes role from  FOLLOWER to CANDIDATE at term 1 for changeToCandidate
2022-07-12 23:24:07,275 [ca090ab3-3872-42a8-bcee-318ad7dbfeb0@group-9DB053831FEB-FollowerState] INFO  server.RaftServerConfigKeys (ConfUtils.java:logGet(46)) - raft.server.leaderelection.pre-vote = false (custom)
2022-07-12 23:24:07,275 [ca090ab3-3872-42a8-bcee-318ad7dbfeb0@group-9DB053831FEB-FollowerState] INFO  impl.RoleInfo (RoleInfo.java:updateAndGet(139)) - ca090ab3-3872-42a8-bcee-318ad7dbfeb0: start ca090ab3-3872-42a8-bcee-318ad7dbfeb0@group-9DB053831FEB-LeaderElection64
2022-07-12 23:24:07,316 [ca090ab3-3872-42a8-bcee-318ad7dbfeb0@group-9DB053831FEB-LeaderElection64] INFO  impl.LeaderElection (LeaderElection.java:askForVotes(310)) - ca090ab3-3872-42a8-bcee-318ad7dbfeb0@group-9DB053831FEB-LeaderElection64 ELECTION round 0: submit vote requests at term 2 for -1: [5d23e830-42ed-4d2c-9f35-4c2aa5467d76|rpc:10.1.0.13:35411|priority:1, 41b6f92d-8f51-4ddc-a2ca-a30ae8e33d76|rpc:10.1.0.13:40749|priority:0, ca090ab3-3872-42a8-bcee-318ad7dbfeb0|rpc:10.1.0.13:40055|priority:0], old=null
2022-07-12 23:24:07,335 [grpc-default-executor-2] INFO  server.RaftServer$Division (RaftServerImpl.java:requestVote(1152)) - 5d23e830-42ed-4d2c-9f35-4c2aa5467d76@group-9DB053831FEB: receive requestVote(ELECTION, ca090ab3-3872-42a8-bcee-318ad7dbfeb0, group-9DB053831FEB, 2, (t:0, i:0))
2022-07-12 23:24:07,335 [grpc-default-executor-2] INFO  impl.VoteContext (VoteContext.java:log(48)) - 5d23e830-42ed-4d2c-9f35-4c2aa5467d76@group-9DB053831FEB-FOLLOWER: reject ELECTION from ca090ab3-3872-42a8-bcee-318ad7dbfeb0: our priority 1 > candidate's priority 0
2022-07-12 23:24:07,335 [grpc-default-executor-2] INFO  server.RaftServer$Division (RaftServerImpl.java:setRole(299)) - 5d23e830-42ed-4d2c-9f35-4c2aa5467d76@group-9DB053831FEB: changes role from  FOLLOWER to FOLLOWER at term 2 for candidate:ca090ab3-3872-42a8-bcee-318ad7dbfeb0
2022-07-12 23:24:07,335 [grpc-default-executor-2] INFO  impl.RoleInfo (RoleInfo.java:shutdownFollowerState(110)) - 5d23e830-42ed-4d2c-9f35-4c2aa5467d76: shutdown 5d23e830-42ed-4d2c-9f35-4c2aa5467d76@group-9DB053831FEB-FollowerState
2022-07-12 23:24:07,335 [grpc-default-executor-2] INFO  impl.RoleInfo (RoleInfo.java:updateAndGet(139)) - 5d23e830-42ed-4d2c-9f35-4c2aa5467d76: start 5d23e830-42ed-4d2c-9f35-4c2aa5467d76@group-9DB053831FEB-FollowerState
2022-07-12 23:24:07,336 [5d23e830-42ed-4d2c-9f35-4c2aa5467d76@group-9DB053831FEB-FollowerState] INFO  impl.FollowerState (FollowerState.java:run(152)) - 5d23e830-42ed-4d2c-9f35-4c2aa5467d76@group-9DB053831FEB-FollowerState was interrupted
2022-07-12 23:24:07,343 [grpc-default-executor-2] INFO  server.RaftServer$Division (RaftServerImpl.java:requestVote(1184)) - 5d23e830-42ed-4d2c-9f35-4c2aa5467d76@group-9DB053831FEB replies to ELECTION vote request: ca090ab3-3872-42a8-bcee-318ad7dbfeb0<-5d23e830-42ed-4d2c-9f35-4c2aa5467d76#0:FAIL-t2. Peer's state: 5d23e830-42ed-4d2c-9f35-4c2aa5467d76@group-9DB053831FEB:t2, leader=null, voted=null, raftlog=5d23e830-42ed-4d2c-9f35-4c2aa5467d76@group-9DB053831FEB-SegmentedRaftLog:OPENED:c-1, conf=-1: [5d23e830-42ed-4d2c-9f35-4c2aa5467d76|rpc:10.1.0.13:35411|dataStream:|priority:1, 41b6f92d-8f51-4ddc-a2ca-a30ae8e33d76|rpc:10.1.0.13:40749|dataStream:|priority:0, ca090ab3-3872-42a8-bcee-318ad7dbfeb0|rpc:10.1.0.13:40055|dataStream:|priority:0], old=null
2022-07-12 23:24:07,357 [ca090ab3-3872-42a8-bcee-318ad7dbfeb0@group-9DB053831FEB-LeaderElection64] INFO  impl.LeaderElection (LeaderElection.java:logAndReturn(90)) - ca090ab3-3872-42a8-bcee-318ad7dbfeb0@group-9DB053831FEB-LeaderElection64: ELECTION REJECTED received 1 response(s) and 0 exception(s):
2022-07-12 23:24:07,357 [ca090ab3-3872-42a8-bcee-318ad7dbfeb0@group-9DB053831FEB-LeaderElection64] INFO  impl.LeaderElection (LeaderElection.java:logAndReturn(94)) -   Response 0: ca090ab3-3872-42a8-bcee-318ad7dbfeb0<-5d23e830-42ed-4d2c-9f35-4c2aa5467d76#0:FAIL-t2
2022-07-12 23:24:07,357 [ca090ab3-3872-42a8-bcee-318ad7dbfeb0@group-9DB053831FEB-LeaderElection64] INFO  impl.LeaderElection (LeaderElection.java:askForVotes(312)) - ca090ab3-3872-42a8-bcee-318ad7dbfeb0@group-9DB053831FEB-LeaderElection64 ELECTION round 0: result REJECTED
2022-07-12 23:24:07,357 [ca090ab3-3872-42a8-bcee-318ad7dbfeb0@group-9DB053831FEB-LeaderElection64] INFO  server.RaftServer$Division (RaftServerImpl.java:setRole(299)) - ca090ab3-3872-42a8-bcee-318ad7dbfeb0@group-9DB053831FEB: changes role from CANDIDATE to FOLLOWER at term 2 for REJECTED
2022-07-12 23:24:07,357 [ca090ab3-3872-42a8-bcee-318ad7dbfeb0@group-9DB053831FEB-LeaderElection64] INFO  impl.RoleInfo (RoleInfo.java:shutdownLeaderElection(130)) - ca090ab3-3872-42a8-bcee-318ad7dbfeb0: shutdown ca090ab3-3872-42a8-bcee-318ad7dbfeb0@group-9DB053831FEB-LeaderElection64
2022-07-12 23:24:07,357 [ca090ab3-3872-42a8-bcee-318ad7dbfeb0@group-9DB053831FEB-LeaderElection64] INFO  impl.RoleInfo (RoleInfo.java:updateAndGet(139)) - ca090ab3-3872-42a8-bcee-318ad7dbfeb0: start ca090ab3-3872-42a8-bcee-318ad7dbfeb0@group-9DB053831FEB-FollowerState
2022-07-12 23:24:07,394 [grpc-default-executor-2] INFO  server.RaftServer$Division (RaftServerImpl.java:requestVote(1152)) - 41b6f92d-8f51-4ddc-a2ca-a30ae8e33d76@group-9DB053831FEB: receive requestVote(ELECTION, ca090ab3-3872-42a8-bcee-318ad7dbfeb0, group-9DB053831FEB, 2, (t:0, i:0))
2022-07-12 23:24:07,402 [grpc-default-executor-2] INFO  impl.VoteContext (VoteContext.java:log(48)) - 41b6f92d-8f51-4ddc-a2ca-a30ae8e33d76@group-9DB053831FEB-FOLLOWER: accept ELECTION from ca090ab3-3872-42a8-bcee-318ad7dbfeb0: our priority 0 <= candidate's priority 0
2022-07-12 23:24:07,402 [grpc-default-executor-2] INFO  server.RaftServer$Division (RaftServerImpl.java:setRole(299)) - 41b6f92d-8f51-4ddc-a2ca-a30ae8e33d76@group-9DB053831FEB: changes role from  FOLLOWER to FOLLOWER at term 2 for candidate:ca090ab3-3872-42a8-bcee-318ad7dbfeb0
2022-07-12 23:24:07,402 [grpc-default-executor-2] INFO  impl.RoleInfo (RoleInfo.java:shutdownFollowerState(110)) - 41b6f92d-8f51-4ddc-a2ca-a30ae8e33d76: shutdown 41b6f92d-8f51-4ddc-a2ca-a30ae8e33d76@group-9DB053831FEB-FollowerState
2022-07-12 23:24:07,402 [grpc-default-executor-2] INFO  impl.RoleInfo (RoleInfo.java:updateAndGet(139)) - 41b6f92d-8f51-4ddc-a2ca-a30ae8e33d76: start 41b6f92d-8f51-4ddc-a2ca-a30ae8e33d76@group-9DB053831FEB-FollowerState
2022-07-12 23:24:07,405 [41b6f92d-8f51-4ddc-a2ca-a30ae8e33d76@group-9DB053831FEB-FollowerState] INFO  impl.FollowerState (FollowerState.java:run(152)) - 41b6f92d-8f51-4ddc-a2ca-a30ae8e33d76@group-9DB053831FEB-FollowerState was interrupted
2022-07-12 23:24:07,417 [grpc-default-executor-2] INFO  server.RaftServer$Division (RaftServerImpl.java:requestVote(1184)) - 41b6f92d-8f51-4ddc-a2ca-a30ae8e33d76@group-9DB053831FEB replies to ELECTION vote request: ca090ab3-3872-42a8-bcee-318ad7dbfeb0<-41b6f92d-8f51-4ddc-a2ca-a30ae8e33d76#0:OK-t2. Peer's state: 41b6f92d-8f51-4ddc-a2ca-a30ae8e33d76@group-9DB053831FEB:t2, leader=null, voted=ca090ab3-3872-42a8-bcee-318ad7dbfeb0, raftlog=41b6f92d-8f51-4ddc-a2ca-a30ae8e33d76@group-9DB053831FEB-SegmentedRaftLog:OPENED:c-1, conf=-1: [5d23e830-42ed-4d2c-9f35-4c2aa5467d76|rpc:10.1.0.13:35411|dataStream:|priority:1, 41b6f92d-8f51-4ddc-a2ca-a30ae8e33d76|rpc:10.1.0.13:40749|dataStream:|priority:0, ca090ab3-3872-42a8-bcee-318ad7dbfeb0|rpc:10.1.0.13:40055|dataStream:|priority:0], old=null
2022-07-12 23:24:07,928 [Listener at 127.0.0.1/45473] INFO  ozone.MiniOzoneClusterImpl (MiniOzoneClusterImpl.java:lambda$waitForClusterToBeReady$0(216)) - Nodes are ready. Got 5 of 5 DN Heartbeats.
2022-07-12 23:24:07,928 [Listener at 127.0.0.1/45473] INFO  ozone.MiniOzoneClusterImpl (MiniOzoneClusterImpl.java:lambda$waitForClusterToBeReady$0(219)) - Waiting for cluster to exit safe mode
2022-07-12 23:24:07,928 [Listener at 127.0.0.1/45473] INFO  ozone.MiniOzoneClusterImpl (MiniOzoneClusterImpl.java:lambda$waitForClusterToBeReady$0(221)) - SCM became leader
2022-07-12 23:24:08,928 [Listener at 127.0.0.1/45473] INFO  ozone.MiniOzoneClusterImpl (MiniOzoneClusterImpl.java:lambda$waitForClusterToBeReady$0(216)) - Nodes are ready. Got 5 of 5 DN Heartbeats.
2022-07-12 23:24:08,929 [Listener at 127.0.0.1/45473] INFO  ozone.MiniOzoneClusterImpl (MiniOzoneClusterImpl.java:lambda$waitForClusterToBeReady$0(219)) - Waiting for cluster to exit safe mode
2022-07-12 23:24:08,929 [Listener at 127.0.0.1/45473] INFO  ozone.MiniOzoneClusterImpl (MiniOzoneClusterImpl.java:lambda$waitForClusterToBeReady$0(221)) - SCM became leader
2022-07-12 23:24:09,929 [Listener at 127.0.0.1/45473] INFO  ozone.MiniOzoneClusterImpl (MiniOzoneClusterImpl.java:lambda$waitForClusterToBeReady$0(216)) - Nodes are ready. Got 5 of 5 DN Heartbeats.
2022-07-12 23:24:09,929 [Listener at 127.0.0.1/45473] INFO  ozone.MiniOzoneClusterImpl (MiniOzoneClusterImpl.java:lambda$waitForClusterToBeReady$0(219)) - Waiting for cluster to exit safe mode
2022-07-12 23:24:09,929 [Listener at 127.0.0.1/45473] INFO  ozone.MiniOzoneClusterImpl (MiniOzoneClusterImpl.java:lambda$waitForClusterToBeReady$0(221)) - SCM became leader
2022-07-12 23:24:10,930 [Listener at 127.0.0.1/45473] INFO  ozone.MiniOzoneClusterImpl (MiniOzoneClusterImpl.java:lambda$waitForClusterToBeReady$0(216)) - Nodes are ready. Got 5 of 5 DN Heartbeats.
2022-07-12 23:24:10,930 [Listener at 127.0.0.1/45473] INFO  ozone.MiniOzoneClusterImpl (MiniOzoneClusterImpl.java:lambda$waitForClusterToBeReady$0(219)) - Waiting for cluster to exit safe mode
2022-07-12 23:24:10,930 [Listener at 127.0.0.1/45473] INFO  ozone.MiniOzoneClusterImpl (MiniOzoneClusterImpl.java:lambda$waitForClusterToBeReady$0(221)) - SCM became leader
2022-07-12 23:24:11,755 [41b6f92d-8f51-4ddc-a2ca-a30ae8e33d76@group-42DB1ADE585A-FollowerState] INFO  impl.FollowerState (FollowerState.java:run(143)) - 41b6f92d-8f51-4ddc-a2ca-a30ae8e33d76@group-42DB1ADE585A-FollowerState: change to CANDIDATE, lastRpcElapsedTime:5050315899ns, electionTimeout:5034ms
2022-07-12 23:24:11,755 [41b6f92d-8f51-4ddc-a2ca-a30ae8e33d76@group-42DB1ADE585A-FollowerState] INFO  impl.RoleInfo (RoleInfo.java:shutdownFollowerState(110)) - 41b6f92d-8f51-4ddc-a2ca-a30ae8e33d76: shutdown 41b6f92d-8f51-4ddc-a2ca-a30ae8e33d76@group-42DB1ADE585A-FollowerState
2022-07-12 23:24:11,755 [41b6f92d-8f51-4ddc-a2ca-a30ae8e33d76@group-42DB1ADE585A-FollowerState] INFO  server.RaftServer$Division (RaftServerImpl.java:setRole(299)) - 41b6f92d-8f51-4ddc-a2ca-a30ae8e33d76@group-42DB1ADE585A: changes role from  FOLLOWER to CANDIDATE at term 2 for changeToCandidate
2022-07-12 23:24:11,755 [41b6f92d-8f51-4ddc-a2ca-a30ae8e33d76@group-42DB1ADE585A-FollowerState] INFO  server.RaftServerConfigKeys (ConfUtils.java:logGet(46)) - raft.server.leaderelection.pre-vote = false (custom)
2022-07-12 23:24:11,756 [41b6f92d-8f51-4ddc-a2ca-a30ae8e33d76@group-42DB1ADE585A-FollowerState] INFO  impl.RoleInfo (RoleInfo.java:updateAndGet(139)) - 41b6f92d-8f51-4ddc-a2ca-a30ae8e33d76: start 41b6f92d-8f51-4ddc-a2ca-a30ae8e33d76@group-42DB1ADE585A-LeaderElection65
2022-07-12 23:24:11,773 [41b6f92d-8f51-4ddc-a2ca-a30ae8e33d76@group-42DB1ADE585A-LeaderElection65] INFO  impl.LeaderElection (LeaderElection.java:askForVotes(310)) - 41b6f92d-8f51-4ddc-a2ca-a30ae8e33d76@group-42DB1ADE585A-LeaderElection65 ELECTION round 0: submit vote requests at term 3 for -1: [5d23e830-42ed-4d2c-9f35-4c2aa5467d76|rpc:10.1.0.13:35411|dataStream:|priority:0, 41b6f92d-8f51-4ddc-a2ca-a30ae8e33d76|rpc:10.1.0.13:40749|dataStream:|priority:1, ca090ab3-3872-42a8-bcee-318ad7dbfeb0|rpc:10.1.0.13:40055|dataStream:|priority:0], old=null
2022-07-12 23:24:11,812 [ca090ab3-3872-42a8-bcee-318ad7dbfeb0@group-42DB1ADE585A-FollowerState] INFO  impl.FollowerState (FollowerState.java:run(143)) - ca090ab3-3872-42a8-bcee-318ad7dbfeb0@group-42DB1ADE585A-FollowerState: change to CANDIDATE, lastRpcElapsedTime:5056647053ns, electionTimeout:5034ms
2022-07-12 23:24:11,812 [ca090ab3-3872-42a8-bcee-318ad7dbfeb0@group-42DB1ADE585A-FollowerState] INFO  impl.RoleInfo (RoleInfo.java:shutdownFollowerState(110)) - ca090ab3-3872-42a8-bcee-318ad7dbfeb0: shutdown ca090ab3-3872-42a8-bcee-318ad7dbfeb0@group-42DB1ADE585A-FollowerState
2022-07-12 23:24:11,812 [ca090ab3-3872-42a8-bcee-318ad7dbfeb0@group-42DB1ADE585A-FollowerState] INFO  server.RaftServer$Division (RaftServerImpl.java:setRole(299)) - ca090ab3-3872-42a8-bcee-318ad7dbfeb0@group-42DB1ADE585A: changes role from  FOLLOWER to CANDIDATE at term 2 for changeToCandidate
2022-07-12 23:24:11,812 [ca090ab3-3872-42a8-bcee-318ad7dbfeb0@group-42DB1ADE585A-FollowerState] INFO  server.RaftServerConfigKeys (ConfUtils.java:logGet(46)) - raft.server.leaderelection.pre-vote = false (custom)
2022-07-12 23:24:11,812 [ca090ab3-3872-42a8-bcee-318ad7dbfeb0@group-42DB1ADE585A-FollowerState] INFO  impl.RoleInfo (RoleInfo.java:updateAndGet(139)) - ca090ab3-3872-42a8-bcee-318ad7dbfeb0: start ca090ab3-3872-42a8-bcee-318ad7dbfeb0@group-42DB1ADE585A-LeaderElection66
2022-07-12 23:24:11,848 [grpc-default-executor-2] INFO  server.RaftServer$Division (RaftServerImpl.java:requestVote(1152)) - 5d23e830-42ed-4d2c-9f35-4c2aa5467d76@group-42DB1ADE585A: receive requestVote(ELECTION, 41b6f92d-8f51-4ddc-a2ca-a30ae8e33d76, group-42DB1ADE585A, 3, (t:0, i:0))
2022-07-12 23:24:11,848 [grpc-default-executor-2] INFO  impl.VoteContext (VoteContext.java:log(48)) - 5d23e830-42ed-4d2c-9f35-4c2aa5467d76@group-42DB1ADE585A-FOLLOWER: accept ELECTION from 41b6f92d-8f51-4ddc-a2ca-a30ae8e33d76: our priority 0 <= candidate's priority 1
2022-07-12 23:24:11,848 [grpc-default-executor-2] INFO  server.RaftServer$Division (RaftServerImpl.java:setRole(299)) - 5d23e830-42ed-4d2c-9f35-4c2aa5467d76@group-42DB1ADE585A: changes role from  FOLLOWER to FOLLOWER at term 3 for candidate:41b6f92d-8f51-4ddc-a2ca-a30ae8e33d76
2022-07-12 23:24:11,848 [grpc-default-executor-2] INFO  impl.RoleInfo (RoleInfo.java:shutdownFollowerState(110)) - 5d23e830-42ed-4d2c-9f35-4c2aa5467d76: shutdown 5d23e830-42ed-4d2c-9f35-4c2aa5467d76@group-42DB1ADE585A-FollowerState
2022-07-12 23:24:11,848 [grpc-default-executor-2] INFO  impl.RoleInfo (RoleInfo.java:updateAndGet(139)) - 5d23e830-42ed-4d2c-9f35-4c2aa5467d76: start 5d23e830-42ed-4d2c-9f35-4c2aa5467d76@group-42DB1ADE585A-FollowerState
2022-07-12 23:24:11,848 [5d23e830-42ed-4d2c-9f35-4c2aa5467d76@group-42DB1ADE585A-FollowerState] INFO  impl.FollowerState (FollowerState.java:run(152)) - 5d23e830-42ed-4d2c-9f35-4c2aa5467d76@group-42DB1ADE585A-FollowerState was interrupted
2022-07-12 23:24:11,850 [ca090ab3-3872-42a8-bcee-318ad7dbfeb0@group-42DB1ADE585A-LeaderElection66] INFO  impl.LeaderElection (LeaderElection.java:askForVotes(310)) - ca090ab3-3872-42a8-bcee-318ad7dbfeb0@group-42DB1ADE585A-LeaderElection66 ELECTION round 0: submit vote requests at term 3 for -1: [5d23e830-42ed-4d2c-9f35-4c2aa5467d76|rpc:10.1.0.13:35411|priority:0, 41b6f92d-8f51-4ddc-a2ca-a30ae8e33d76|rpc:10.1.0.13:40749|priority:1, ca090ab3-3872-42a8-bcee-318ad7dbfeb0|rpc:10.1.0.13:40055|priority:0], old=null
2022-07-12 23:24:11,867 [grpc-default-executor-2] INFO  server.RaftServer$Division (RaftServerImpl.java:requestVote(1184)) - 5d23e830-42ed-4d2c-9f35-4c2aa5467d76@group-42DB1ADE585A replies to ELECTION vote request: 41b6f92d-8f51-4ddc-a2ca-a30ae8e33d76<-5d23e830-42ed-4d2c-9f35-4c2aa5467d76#0:OK-t3. Peer's state: 5d23e830-42ed-4d2c-9f35-4c2aa5467d76@group-42DB1ADE585A:t3, leader=null, voted=41b6f92d-8f51-4ddc-a2ca-a30ae8e33d76, raftlog=5d23e830-42ed-4d2c-9f35-4c2aa5467d76@group-42DB1ADE585A-SegmentedRaftLog:OPENED:c-1, conf=-1: [5d23e830-42ed-4d2c-9f35-4c2aa5467d76|rpc:10.1.0.13:35411|dataStream:|priority:0, 41b6f92d-8f51-4ddc-a2ca-a30ae8e33d76|rpc:10.1.0.13:40749|dataStream:|priority:1, ca090ab3-3872-42a8-bcee-318ad7dbfeb0|rpc:10.1.0.13:40055|dataStream:|priority:0], old=null
2022-07-12 23:24:11,896 [41b6f92d-8f51-4ddc-a2ca-a30ae8e33d76@group-42DB1ADE585A-LeaderElection65] INFO  impl.LeaderElection (LeaderElection.java:logAndReturn(90)) - 41b6f92d-8f51-4ddc-a2ca-a30ae8e33d76@group-42DB1ADE585A-LeaderElection65: ELECTION PASSED received 1 response(s) and 0 exception(s):
2022-07-12 23:24:11,897 [41b6f92d-8f51-4ddc-a2ca-a30ae8e33d76@group-42DB1ADE585A-LeaderElection65] INFO  impl.LeaderElection (LeaderElection.java:logAndReturn(94)) -   Response 0: 41b6f92d-8f51-4ddc-a2ca-a30ae8e33d76<-5d23e830-42ed-4d2c-9f35-4c2aa5467d76#0:OK-t3
2022-07-12 23:24:11,897 [41b6f92d-8f51-4ddc-a2ca-a30ae8e33d76@group-42DB1ADE585A-LeaderElection65] INFO  impl.LeaderElection (LeaderElection.java:askForVotes(312)) - 41b6f92d-8f51-4ddc-a2ca-a30ae8e33d76@group-42DB1ADE585A-LeaderElection65 ELECTION round 0: result PASSED
2022-07-12 23:24:11,897 [41b6f92d-8f51-4ddc-a2ca-a30ae8e33d76@group-42DB1ADE585A-LeaderElection65] INFO  impl.RoleInfo (RoleInfo.java:shutdownLeaderElection(130)) - 41b6f92d-8f51-4ddc-a2ca-a30ae8e33d76: shutdown 41b6f92d-8f51-4ddc-a2ca-a30ae8e33d76@group-42DB1ADE585A-LeaderElection65
2022-07-12 23:24:11,897 [41b6f92d-8f51-4ddc-a2ca-a30ae8e33d76@group-42DB1ADE585A-LeaderElection65] INFO  server.RaftServer$Division (RaftServerImpl.java:setRole(299)) - 41b6f92d-8f51-4ddc-a2ca-a30ae8e33d76@group-42DB1ADE585A: changes role from CANDIDATE to LEADER at term 3 for changeToLeader
2022-07-12 23:24:11,897 [41b6f92d-8f51-4ddc-a2ca-a30ae8e33d76@group-42DB1ADE585A-LeaderElection65] INFO  ratis.XceiverServerRatis (XceiverServerRatis.java:handleLeaderChangedNotification(863)) - Leader change notification received for group: group-42DB1ADE585A with new leaderId: 41b6f92d-8f51-4ddc-a2ca-a30ae8e33d76
2022-07-12 23:24:11,897 [41b6f92d-8f51-4ddc-a2ca-a30ae8e33d76@group-42DB1ADE585A-LeaderElection65] INFO  server.RaftServer$Division (ServerState.java:setLeader(287)) - 41b6f92d-8f51-4ddc-a2ca-a30ae8e33d76@group-42DB1ADE585A: change Leader from null to 41b6f92d-8f51-4ddc-a2ca-a30ae8e33d76 at term 3 for becomeLeader, leader elected after 15275ms
2022-07-12 23:24:11,897 [41b6f92d-8f51-4ddc-a2ca-a30ae8e33d76@group-42DB1ADE585A-LeaderElection65] INFO  server.RaftServerConfigKeys (ConfUtils.java:logGet(46)) - raft.server.staging.catchup.gap = 1000 (default)
2022-07-12 23:24:11,897 [41b6f92d-8f51-4ddc-a2ca-a30ae8e33d76@group-42DB1ADE585A-LeaderElection65] INFO  server.RaftServerConfigKeys (ConfUtils.java:logGet(46)) - raft.server.write.element-limit = 1024 (custom)
2022-07-12 23:24:11,897 [41b6f92d-8f51-4ddc-a2ca-a30ae8e33d76@group-42DB1ADE585A-LeaderElection65] INFO  server.RaftServerConfigKeys (ConfUtils.java:logGet(46)) - raft.server.write.byte-limit = 1024 M (=1073741824) (custom)
2022-07-12 23:24:11,898 [41b6f92d-8f51-4ddc-a2ca-a30ae8e33d76@group-42DB1ADE585A-LeaderElection65] INFO  server.RaftServerConfigKeys (ConfUtils.java:logGet(46)) - raft.server.watch.timeout = 180s (custom)
2022-07-12 23:24:11,898 [41b6f92d-8f51-4ddc-a2ca-a30ae8e33d76@group-42DB1ADE585A-LeaderElection65] INFO  server.RaftServerConfigKeys (ConfUtils.java:logGet(46)) - raft.server.watch.timeout.denomination = 1s (default)
2022-07-12 23:24:11,898 [41b6f92d-8f51-4ddc-a2ca-a30ae8e33d76@group-42DB1ADE585A-LeaderElection65] INFO  server.RaftServerConfigKeys (ConfUtils.java:logGet(46)) - raft.server.watch.element-limit = 65536 (default)
2022-07-12 23:24:11,898 [41b6f92d-8f51-4ddc-a2ca-a30ae8e33d76@group-42DB1ADE585A-LeaderElection65] INFO  server.RaftServerConfigKeys (ConfUtils.java:logGet(46)) - raft.server.write.element-limit = 1024 (custom)
2022-07-12 23:24:11,898 [41b6f92d-8f51-4ddc-a2ca-a30ae8e33d76@group-42DB1ADE585A-LeaderElection65] INFO  server.RaftServerConfigKeys (ConfUtils.java:logGet(46)) - raft.server.write.follower.gap.ratio.max = -1.0 (default)
2022-07-12 23:24:11,899 [41b6f92d-8f51-4ddc-a2ca-a30ae8e33d76@group-42DB1ADE585A-LeaderElection65] INFO  server.RaftServerConfigKeys (ConfUtils.java:logGet(46)) - raft.server.log.appender.snapshot.chunk.size.max = 16MB (=16777216) (default)
2022-07-12 23:24:11,899 [41b6f92d-8f51-4ddc-a2ca-a30ae8e33d76@group-42DB1ADE585A-LeaderElection65] INFO  server.RaftServerConfigKeys (ConfUtils.java:logGet(46)) - raft.server.log.appender.buffer.byte-limit = 33554432 (custom)
2022-07-12 23:24:11,899 [41b6f92d-8f51-4ddc-a2ca-a30ae8e33d76@group-42DB1ADE585A-LeaderElection65] INFO  server.RaftServerConfigKeys (ConfUtils.java:logGet(46)) - raft.server.log.appender.buffer.element-limit = 1 (custom)
2022-07-12 23:24:11,899 [41b6f92d-8f51-4ddc-a2ca-a30ae8e33d76@group-42DB1ADE585A-LeaderElection65] INFO  grpc.GrpcConfigKeys (ConfUtils.java:logGet(46)) - raft.grpc.server.leader.outstanding.appends.max = 128 (default)
2022-07-12 23:24:11,899 [41b6f92d-8f51-4ddc-a2ca-a30ae8e33d76@group-42DB1ADE585A-LeaderElection65] INFO  server.RaftServerConfigKeys (ConfUtils.java:logGet(46)) - raft.server.rpc.request.timeout = 60s (custom)
2022-07-12 23:24:11,899 [41b6f92d-8f51-4ddc-a2ca-a30ae8e33d76@group-42DB1ADE585A-LeaderElection65] INFO  server.RaftServerConfigKeys (ConfUtils.java:logGet(46)) - raft.server.log.appender.install.snapshot.enabled = false (custom)
2022-07-12 23:24:11,900 [41b6f92d-8f51-4ddc-a2ca-a30ae8e33d76@group-42DB1ADE585A-LeaderElection65] INFO  server.RaftServerConfigKeys (ConfUtils.java:logGet(46)) - raft.server.log.appender.snapshot.chunk.size.max = 16MB (=16777216) (default)
2022-07-12 23:24:11,900 [41b6f92d-8f51-4ddc-a2ca-a30ae8e33d76@group-42DB1ADE585A-LeaderElection65] INFO  server.RaftServerConfigKeys (ConfUtils.java:logGet(46)) - raft.server.log.appender.buffer.byte-limit = 33554432 (custom)
2022-07-12 23:24:11,900 [41b6f92d-8f51-4ddc-a2ca-a30ae8e33d76@group-42DB1ADE585A-LeaderElection65] INFO  server.RaftServerConfigKeys (ConfUtils.java:logGet(46)) - raft.server.log.appender.buffer.element-limit = 1 (custom)
2022-07-12 23:24:11,900 [41b6f92d-8f51-4ddc-a2ca-a30ae8e33d76@group-42DB1ADE585A-LeaderElection65] INFO  grpc.GrpcConfigKeys (ConfUtils.java:logGet(46)) - raft.grpc.server.leader.outstanding.appends.max = 128 (default)
2022-07-12 23:24:11,900 [41b6f92d-8f51-4ddc-a2ca-a30ae8e33d76@group-42DB1ADE585A-LeaderElection65] INFO  server.RaftServerConfigKeys (ConfUtils.java:logGet(46)) - raft.server.rpc.request.timeout = 60s (custom)
2022-07-12 23:24:11,900 [41b6f92d-8f51-4ddc-a2ca-a30ae8e33d76@group-42DB1ADE585A-LeaderElection65] INFO  server.RaftServerConfigKeys (ConfUtils.java:logGet(46)) - raft.server.log.appender.install.snapshot.enabled = false (custom)
2022-07-12 23:24:11,900 [41b6f92d-8f51-4ddc-a2ca-a30ae8e33d76@group-42DB1ADE585A-LeaderElection65] INFO  impl.RoleInfo (RoleInfo.java:updateAndGet(139)) - 41b6f92d-8f51-4ddc-a2ca-a30ae8e33d76: start 41b6f92d-8f51-4ddc-a2ca-a30ae8e33d76@group-42DB1ADE585A-LeaderStateImpl
2022-07-12 23:24:11,901 [41b6f92d-8f51-4ddc-a2ca-a30ae8e33d76@group-42DB1ADE585A-LeaderElection65] INFO  segmented.SegmentedRaftLogWorker (SegmentedRaftLogWorker.java:startLogSegment(425)) - 41b6f92d-8f51-4ddc-a2ca-a30ae8e33d76@group-42DB1ADE585A-SegmentedRaftLogWorker: Starting segment from index:0
2022-07-12 23:24:11,902 [EventQueue-PipelineReportForPipelineReportHandler] INFO  pipeline.PipelineManagerImpl (PipelineManagerImpl.java:openPipeline(367)) - Pipeline Pipeline[ Id: b7a02158-d7e4-449b-8ef5-42db1ade585a, Nodes: 5d23e830-42ed-4d2c-9f35-4c2aa5467d76{ip: 10.1.0.13, host: fv-az46-473.aox2mo1hufxu3kclv1weif3kjc.bx.internal.cloudapp.net, ports: [REPLICATION=34303, RATIS=35411, RATIS_ADMIN=35411, RATIS_SERVER=35411, STANDALONE=39313], networkLocation: /default-rack, certSerialId: null, persistedOpState: IN_SERVICE, persistedOpStateExpiryEpochSec: 0}41b6f92d-8f51-4ddc-a2ca-a30ae8e33d76{ip: 10.1.0.13, host: fv-az46-473.aox2mo1hufxu3kclv1weif3kjc.bx.internal.cloudapp.net, ports: [REPLICATION=45827, RATIS=40749, RATIS_ADMIN=40749, RATIS_SERVER=40749, STANDALONE=42257], networkLocation: /default-rack, certSerialId: null, persistedOpState: IN_SERVICE, persistedOpStateExpiryEpochSec: 0}ca090ab3-3872-42a8-bcee-318ad7dbfeb0{ip: 10.1.0.13, host: fv-az46-473.aox2mo1hufxu3kclv1weif3kjc.bx.internal.cloudapp.net, ports: [REPLICATION=36057, RATIS=40055, RATIS_ADMIN=40055, RATIS_SERVER=40055, STANDALONE=37857], networkLocation: /default-rack, certSerialId: null, persistedOpState: IN_SERVICE, persistedOpStateExpiryEpochSec: 0}, ReplicationConfig: RATIS/THREE, State:ALLOCATED, leaderId:41b6f92d-8f51-4ddc-a2ca-a30ae8e33d76, CreationTimestamp2022-07-12T23:23:55.027Z[Etc/UTC]] moved to OPEN state
2022-07-12 23:24:11,903 [EventQueue-OpenPipelineForHealthyPipelineSafeModeRule] INFO  safemode.SCMSafeModeManager (HealthyPipelineSafeModeRule.java:process(137)) - SCM in safe mode. Healthy pipelines reported count is 0, required healthy pipeline reported count is 1
2022-07-12 23:24:11,903 [EventQueue-OpenPipelineForHealthyPipelineSafeModeRule] INFO  safemode.SCMSafeModeManager (HealthyPipelineSafeModeRule.java:process(137)) - SCM in safe mode. Healthy pipelines reported count is 1, required healthy pipeline reported count is 1
2022-07-12 23:24:11,903 [EventQueue-OpenPipelineForHealthyPipelineSafeModeRule] INFO  safemode.SCMSafeModeManager (SCMSafeModeManager.java:validateSafeModeExitRules(204)) - HealthyPipelineSafeModeRule rule is successfully validated
2022-07-12 23:24:11,903 [EventQueue-OpenPipelineForHealthyPipelineSafeModeRule] INFO  safemode.SCMSafeModeManager (SCMSafeModeManager.java:validateSafeModeExitRules(219)) - ScmSafeModeManager, all rules are successfully validated
2022-07-12 23:24:11,903 [EventQueue-OpenPipelineForHealthyPipelineSafeModeRule] INFO  safemode.SCMSafeModeManager (SCMSafeModeManager.java:exitSafeMode(248)) - SCM exiting safe mode.
2022-07-12 23:24:11,903 [EventQueue-OpenPipelineForHealthyPipelineSafeModeRule] WARN  events.EventQueue (EventQueue.java:fireEvent(216)) - No event handler registered for event TypedEvent{payloadType=SafeModeStatus, name='Safe mode status'}
2022-07-12 23:24:11,903 [EventQueue-OpenPipelineForHealthyPipelineSafeModeRule] INFO  ha.SCMContext (SCMContext.java:updateSafeModeStatus(228)) - Update SafeModeStatus from SafeModeStatus{safeModeStatus=true, preCheckPassed=true} to SafeModeStatus{safeModeStatus=false, preCheckPassed=true}.
2022-07-12 23:24:11,903 [EventQueue-OpenPipelineForHealthyPipelineSafeModeRule] INFO  pipeline.BackgroundPipelineCreator (BackgroundPipelineCreator.java:notifyStatusChanged(254)) - Service BackgroundPipelineCreator transitions to RUNNING.
2022-07-12 23:24:11,903 [EventQueue-OpenPipelineForHealthyPipelineSafeModeRule] INFO  BackgroundPipelineScrubber (BackgroundSCMService.java:notifyStatusChanged(82)) - Service BackgroundPipelineScrubber transitions to RUNNING.
2022-07-12 23:24:11,903 [EventQueue-OpenPipelineForHealthyPipelineSafeModeRule] INFO  ExpiredContainerReplicaOpScrubber (BackgroundSCMService.java:notifyStatusChanged(82)) - Service ExpiredContainerReplicaOpScrubber transitions to RUNNING.
2022-07-12 23:24:11,903 [EventQueue-OpenPipelineForHealthyPipelineSafeModeRule] INFO  replication.ReplicationManager (ReplicationManager.java:notifyStatusChanged(495)) - Service ReplicationManager transitions to RUNNING.
2022-07-12 23:24:11,903 [EventQueue-OpenPipelineForHealthyPipelineSafeModeRule] WARN  balancer.ContainerBalancer (ContainerBalancer.java:shouldRun(894)) - Could not find persisted configuration for ContainerBalancer when checking if ContainerBalancer should run. ContainerBalancer should not run now.
2022-07-12 23:24:11,931 [Listener at 127.0.0.1/45473] INFO  ozone.MiniOzoneClusterImpl (MiniOzoneClusterImpl.java:lambda$waitForClusterToBeReady$0(216)) - Nodes are ready. Got 5 of 5 DN Heartbeats.
2022-07-12 23:24:11,932 [Listener at 127.0.0.1/45473] INFO  ozone.MiniOzoneClusterImpl (MiniOzoneClusterImpl.java:lambda$waitForClusterToBeReady$0(219)) - Cluster exits safe mode
2022-07-12 23:24:11,932 [Listener at 127.0.0.1/45473] INFO  ozone.MiniOzoneClusterImpl (MiniOzoneClusterImpl.java:lambda$waitForClusterToBeReady$0(221)) - SCM became leader
2022-07-12 23:24:11,933 [41b6f92d-8f51-4ddc-a2ca-a30ae8e33d76@group-42DB1ADE585A-SegmentedRaftLogWorker] INFO  segmented.SegmentedRaftLogWorker (SegmentedRaftLogWorker.java:execute(629)) - 41b6f92d-8f51-4ddc-a2ca-a30ae8e33d76@group-42DB1ADE585A-SegmentedRaftLogWorker: created new log segment /home/runner/work/ozone/ozone/hadoop-ozone/integration-test/target/test-dir/MiniOzoneClusterImpl-c1953583-3267-45ac-aa0d-78ee30f3dc89/datanode-2/data/ratis/b7a02158-d7e4-449b-8ef5-42db1ade585a/current/log_inprogress_0
2022-07-12 23:24:11,958 [grpc-default-executor-2] INFO  server.RaftServer$Division (RaftServerImpl.java:requestVote(1152)) - 41b6f92d-8f51-4ddc-a2ca-a30ae8e33d76@group-42DB1ADE585A: receive requestVote(ELECTION, ca090ab3-3872-42a8-bcee-318ad7dbfeb0, group-42DB1ADE585A, 3, (t:0, i:0))
2022-07-12 23:24:11,958 [grpc-default-executor-0] INFO  server.RaftServer$Division (RaftServerImpl.java:requestVote(1152)) - ca090ab3-3872-42a8-bcee-318ad7dbfeb0@group-42DB1ADE585A: receive requestVote(ELECTION, 41b6f92d-8f51-4ddc-a2ca-a30ae8e33d76, group-42DB1ADE585A, 3, (t:0, i:0))
2022-07-12 23:24:11,958 [grpc-default-executor-0] INFO  impl.VoteContext (VoteContext.java:log(48)) - ca090ab3-3872-42a8-bcee-318ad7dbfeb0@group-42DB1ADE585A-CANDIDATE: reject ELECTION from 41b6f92d-8f51-4ddc-a2ca-a30ae8e33d76: already has voted for ca090ab3-3872-42a8-bcee-318ad7dbfeb0 at current term 3
2022-07-12 23:24:11,958 [grpc-default-executor-0] INFO  server.RaftServer$Division (RaftServerImpl.java:requestVote(1184)) - ca090ab3-3872-42a8-bcee-318ad7dbfeb0@group-42DB1ADE585A replies to ELECTION vote request: 41b6f92d-8f51-4ddc-a2ca-a30ae8e33d76<-ca090ab3-3872-42a8-bcee-318ad7dbfeb0#0:FAIL-t3. Peer's state: ca090ab3-3872-42a8-bcee-318ad7dbfeb0@group-42DB1ADE585A:t3, leader=null, voted=ca090ab3-3872-42a8-bcee-318ad7dbfeb0, raftlog=ca090ab3-3872-42a8-bcee-318ad7dbfeb0@group-42DB1ADE585A-SegmentedRaftLog:OPENED:c-1, conf=-1: [5d23e830-42ed-4d2c-9f35-4c2aa5467d76|rpc:10.1.0.13:35411|priority:0, 41b6f92d-8f51-4ddc-a2ca-a30ae8e33d76|rpc:10.1.0.13:40749|priority:1, ca090ab3-3872-42a8-bcee-318ad7dbfeb0|rpc:10.1.0.13:40055|priority:0], old=null
2022-07-12 23:24:11,958 [grpc-default-executor-1] INFO  server.RaftServer$Division (RaftServerImpl.java:requestVote(1152)) - 5d23e830-42ed-4d2c-9f35-4c2aa5467d76@group-42DB1ADE585A: receive requestVote(ELECTION, ca090ab3-3872-42a8-bcee-318ad7dbfeb0, group-42DB1ADE585A, 3, (t:0, i:0))
2022-07-12 23:24:11,959 [grpc-default-executor-1] INFO  impl.VoteContext (VoteContext.java:log(48)) - 5d23e830-42ed-4d2c-9f35-4c2aa5467d76@group-42DB1ADE585A-FOLLOWER: reject ELECTION from ca090ab3-3872-42a8-bcee-318ad7dbfeb0: already has voted for 41b6f92d-8f51-4ddc-a2ca-a30ae8e33d76 at current term 3
2022-07-12 23:24:11,959 [grpc-default-executor-1] INFO  server.RaftServer$Division (RaftServerImpl.java:requestVote(1184)) - 5d23e830-42ed-4d2c-9f35-4c2aa5467d76@group-42DB1ADE585A replies to ELECTION vote request: ca090ab3-3872-42a8-bcee-318ad7dbfeb0<-5d23e830-42ed-4d2c-9f35-4c2aa5467d76#0:FAIL-t3. Peer's state: 5d23e830-42ed-4d2c-9f35-4c2aa5467d76@group-42DB1ADE585A:t3, leader=null, voted=41b6f92d-8f51-4ddc-a2ca-a30ae8e33d76, raftlog=5d23e830-42ed-4d2c-9f35-4c2aa5467d76@group-42DB1ADE585A-SegmentedRaftLog:OPENED:c-1, conf=-1: [5d23e830-42ed-4d2c-9f35-4c2aa5467d76|rpc:10.1.0.13:35411|dataStream:|priority:0, 41b6f92d-8f51-4ddc-a2ca-a30ae8e33d76|rpc:10.1.0.13:40749|dataStream:|priority:1, ca090ab3-3872-42a8-bcee-318ad7dbfeb0|rpc:10.1.0.13:40055|dataStream:|priority:0], old=null
2022-07-12 23:24:11,965 [41b6f92d-8f51-4ddc-a2ca-a30ae8e33d76@group-42DB1ADE585A-LeaderElection65] INFO  server.RaftServer$Division (ServerState.java:setRaftConf(393)) - 41b6f92d-8f51-4ddc-a2ca-a30ae8e33d76@group-42DB1ADE585A: set configuration 0: [5d23e830-42ed-4d2c-9f35-4c2aa5467d76|rpc:10.1.0.13:35411|dataStream:|priority:0, 41b6f92d-8f51-4ddc-a2ca-a30ae8e33d76|rpc:10.1.0.13:40749|dataStream:|priority:1, ca090ab3-3872-42a8-bcee-318ad7dbfeb0|rpc:10.1.0.13:40055|dataStream:|priority:0], old=null
2022-07-12 23:24:11,977 [grpc-default-executor-2] INFO  impl.VoteContext (VoteContext.java:log(48)) - 41b6f92d-8f51-4ddc-a2ca-a30ae8e33d76@group-42DB1ADE585A-LEADER: reject ELECTION from ca090ab3-3872-42a8-bcee-318ad7dbfeb0: already has voted for 41b6f92d-8f51-4ddc-a2ca-a30ae8e33d76 at current term 3
2022-07-12 23:24:11,977 [grpc-default-executor-2] INFO  server.RaftServer$Division (RaftServerImpl.java:requestVote(1184)) - 41b6f92d-8f51-4ddc-a2ca-a30ae8e33d76@group-42DB1ADE585A replies to ELECTION vote request: ca090ab3-3872-42a8-bcee-318ad7dbfeb0<-41b6f92d-8f51-4ddc-a2ca-a30ae8e33d76#0:FAIL-t3. Peer's state: 41b6f92d-8f51-4ddc-a2ca-a30ae8e33d76@group-42DB1ADE585A:t3, leader=41b6f92d-8f51-4ddc-a2ca-a30ae8e33d76, voted=41b6f92d-8f51-4ddc-a2ca-a30ae8e33d76, raftlog=41b6f92d-8f51-4ddc-a2ca-a30ae8e33d76@group-42DB1ADE585A-SegmentedRaftLog:OPENED:c-1, conf=0: [5d23e830-42ed-4d2c-9f35-4c2aa5467d76|rpc:10.1.0.13:35411|dataStream:|priority:0, 41b6f92d-8f51-4ddc-a2ca-a30ae8e33d76|rpc:10.1.0.13:40749|dataStream:|priority:1, ca090ab3-3872-42a8-bcee-318ad7dbfeb0|rpc:10.1.0.13:40055|dataStream:|priority:0], old=null
2022-07-12 23:24:12,010 [ca090ab3-3872-42a8-bcee-318ad7dbfeb0@group-42DB1ADE585A-LeaderElection66] INFO  impl.LeaderElection (LeaderElection.java:logAndReturn(90)) - ca090ab3-3872-42a8-bcee-318ad7dbfeb0@group-42DB1ADE585A-LeaderElection66: ELECTION REJECTED received 2 response(s) and 0 exception(s):
2022-07-12 23:24:12,010 [ca090ab3-3872-42a8-bcee-318ad7dbfeb0@group-42DB1ADE585A-LeaderElection66] INFO  impl.LeaderElection (LeaderElection.java:logAndReturn(94)) -   Response 0: ca090ab3-3872-42a8-bcee-318ad7dbfeb0<-5d23e830-42ed-4d2c-9f35-4c2aa5467d76#0:FAIL-t3
2022-07-12 23:24:12,010 [ca090ab3-3872-42a8-bcee-318ad7dbfeb0@group-42DB1ADE585A-LeaderElection66] INFO  impl.LeaderElection (LeaderElection.java:logAndReturn(94)) -   Response 1: ca090ab3-3872-42a8-bcee-318ad7dbfeb0<-41b6f92d-8f51-4ddc-a2ca-a30ae8e33d76#0:FAIL-t3
2022-07-12 23:24:12,028 [5d23e830-42ed-4d2c-9f35-4c2aa5467d76-server-thread1] INFO  ratis.XceiverServerRatis (XceiverServerRatis.java:handleLeaderChangedNotification(863)) - Leader change notification received for group: group-42DB1ADE585A with new leaderId: 41b6f92d-8f51-4ddc-a2ca-a30ae8e33d76
2022-07-12 23:24:12,028 [5d23e830-42ed-4d2c-9f35-4c2aa5467d76-server-thread1] INFO  server.RaftServer$Division (ServerState.java:setLeader(287)) - 5d23e830-42ed-4d2c-9f35-4c2aa5467d76@group-42DB1ADE585A: change Leader from null to 41b6f92d-8f51-4ddc-a2ca-a30ae8e33d76 at term 3 for appendEntries, leader elected after 15716ms
2022-07-12 23:24:12,048 [ca090ab3-3872-42a8-bcee-318ad7dbfeb0@group-42DB1ADE585A-LeaderElection66] INFO  impl.LeaderElection (LeaderElection.java:askForVotes(312)) - ca090ab3-3872-42a8-bcee-318ad7dbfeb0@group-42DB1ADE585A-LeaderElection66 ELECTION round 0: result REJECTED
2022-07-12 23:24:12,048 [ca090ab3-3872-42a8-bcee-318ad7dbfeb0@group-42DB1ADE585A-LeaderElection66] INFO  server.RaftServer$Division (RaftServerImpl.java:setRole(299)) - ca090ab3-3872-42a8-bcee-318ad7dbfeb0@group-42DB1ADE585A: changes role from CANDIDATE to FOLLOWER at term 3 for REJECTED
2022-07-12 23:24:12,049 [ca090ab3-3872-42a8-bcee-318ad7dbfeb0@group-42DB1ADE585A-LeaderElection66] INFO  impl.RoleInfo (RoleInfo.java:shutdownLeaderElection(130)) - ca090ab3-3872-42a8-bcee-318ad7dbfeb0: shutdown ca090ab3-3872-42a8-bcee-318ad7dbfeb0@group-42DB1ADE585A-LeaderElection66
2022-07-12 23:24:12,049 [ca090ab3-3872-42a8-bcee-318ad7dbfeb0@group-42DB1ADE585A-LeaderElection66] INFO  impl.RoleInfo (RoleInfo.java:updateAndGet(139)) - ca090ab3-3872-42a8-bcee-318ad7dbfeb0: start ca090ab3-3872-42a8-bcee-318ad7dbfeb0@group-42DB1ADE585A-FollowerState
2022-07-12 23:24:12,049 [ca090ab3-3872-42a8-bcee-318ad7dbfeb0-server-thread1] INFO  ratis.XceiverServerRatis (XceiverServerRatis.java:handleLeaderChangedNotification(863)) - Leader change notification received for group: group-42DB1ADE585A with new leaderId: 41b6f92d-8f51-4ddc-a2ca-a30ae8e33d76
2022-07-12 23:24:12,049 [ca090ab3-3872-42a8-bcee-318ad7dbfeb0-server-thread1] INFO  server.RaftServer$Division (ServerState.java:setLeader(287)) - ca090ab3-3872-42a8-bcee-318ad7dbfeb0@group-42DB1ADE585A: change Leader from null to 41b6f92d-8f51-4ddc-a2ca-a30ae8e33d76 at term 3 for appendEntries, leader elected after 15968ms
2022-07-12 23:24:12,053 [ca090ab3-3872-42a8-bcee-318ad7dbfeb0-server-thread1] INFO  server.RaftServer$Division (ServerState.java:setRaftConf(393)) - ca090ab3-3872-42a8-bcee-318ad7dbfeb0@group-42DB1ADE585A: set configuration 0: [5d23e830-42ed-4d2c-9f35-4c2aa5467d76|rpc:10.1.0.13:35411|dataStream:|priority:0, 41b6f92d-8f51-4ddc-a2ca-a30ae8e33d76|rpc:10.1.0.13:40749|dataStream:|priority:1, ca090ab3-3872-42a8-bcee-318ad7dbfeb0|rpc:10.1.0.13:40055|dataStream:|priority:0], old=null
2022-07-12 23:24:12,053 [ca090ab3-3872-42a8-bcee-318ad7dbfeb0-server-thread1] INFO  segmented.SegmentedRaftLogWorker (SegmentedRaftLogWorker.java:startLogSegment(425)) - ca090ab3-3872-42a8-bcee-318ad7dbfeb0@group-42DB1ADE585A-SegmentedRaftLogWorker: Starting segment from index:0
2022-07-12 23:24:12,091 [ca090ab3-3872-42a8-bcee-318ad7dbfeb0@group-42DB1ADE585A-SegmentedRaftLogWorker] INFO  segmented.SegmentedRaftLogWorker (SegmentedRaftLogWorker.java:execute(629)) - ca090ab3-3872-42a8-bcee-318ad7dbfeb0@group-42DB1ADE585A-SegmentedRaftLogWorker: created new log segment /home/runner/work/ozone/ozone/hadoop-ozone/integration-test/target/test-dir/MiniOzoneClusterImpl-c1953583-3267-45ac-aa0d-78ee30f3dc89/datanode-0/data/ratis/b7a02158-d7e4-449b-8ef5-42db1ade585a/current/log_inprogress_0
2022-07-12 23:24:12,105 [5d23e830-42ed-4d2c-9f35-4c2aa5467d76-server-thread1] INFO  server.RaftServer$Division (ServerState.java:setRaftConf(393)) - 5d23e830-42ed-4d2c-9f35-4c2aa5467d76@group-42DB1ADE585A: set configuration 0: [5d23e830-42ed-4d2c-9f35-4c2aa5467d76|rpc:10.1.0.13:35411|dataStream:|priority:0, 41b6f92d-8f51-4ddc-a2ca-a30ae8e33d76|rpc:10.1.0.13:40749|dataStream:|priority:1, ca090ab3-3872-42a8-bcee-318ad7dbfeb0|rpc:10.1.0.13:40055|dataStream:|priority:0], old=null
2022-07-12 23:24:12,105 [5d23e830-42ed-4d2c-9f35-4c2aa5467d76-server-thread1] INFO  segmented.SegmentedRaftLogWorker (SegmentedRaftLogWorker.java:startLogSegment(425)) - 5d23e830-42ed-4d2c-9f35-4c2aa5467d76@group-42DB1ADE585A-SegmentedRaftLogWorker: Starting segment from index:0
2022-07-12 23:24:12,108 [5d23e830-42ed-4d2c-9f35-4c2aa5467d76@group-42DB1ADE585A-SegmentedRaftLogWorker] INFO  segmented.SegmentedRaftLogWorker (SegmentedRaftLogWorker.java:execute(629)) - 5d23e830-42ed-4d2c-9f35-4c2aa5467d76@group-42DB1ADE585A-SegmentedRaftLogWorker: created new log segment /home/runner/work/ozone/ozone/hadoop-ozone/integration-test/target/test-dir/MiniOzoneClusterImpl-c1953583-3267-45ac-aa0d-78ee30f3dc89/datanode-1/data/ratis/b7a02158-d7e4-449b-8ef5-42db1ade585a/current/log_inprogress_0
2022-07-12 23:24:12,244 [Time-limited test] INFO  rpc.RpcClient (RpcClient.java:createVolume(466)) - Creating Volume: volume44702, with user44184 as owner and space quota set to -1 bytes, counts quota set to -1
2022-07-12 23:24:12,295 [OM StateMachine ApplyTransaction Thread - 0] INFO  volume.OMVolumeCreateRequest (OMVolumeCreateRequest.java:validateAndUpdateCache(195)) - created volume:volume44702 for user:user44184
2022-07-12 23:24:12,304 [Time-limited test] INFO  rpc.RpcClient (RpcClient.java:createBucket(669)) - Creating Bucket: volume44702/bucket58087, with bucket layout LEGACY, runner as owner, Versioning false, Storage Type set to DISK and Encryption set to false 
2022-07-12 23:24:12,311 [OM StateMachine ApplyTransaction Thread - 0] INFO  bucket.OMBucketCreateRequest (OMBucketCreateRequest.java:validateAndUpdateCache(260)) - created bucket: bucket58087 of layout LEGACY in volume: volume44702
2022-07-12 23:24:12,375 [IPC Server handler 5 on default port 41419] INFO  ha.SequenceIdGenerator (SequenceIdGenerator.java:getNextId(128)) - Allocate a batch for containerId, change lastId from 0 to 1000.
2022-07-12 23:24:12,376 [IPC Server handler 5 on default port 41419] WARN  ha.SequenceIdGenerator (SequenceIdGenerator.java:allocateBatch(237)) - Failed to allocate a batch for localId, expected lastId is 0, actual lastId is 109611004723200000.
2022-07-12 23:24:12,376 [IPC Server handler 5 on default port 41419] INFO  ha.SequenceIdGenerator (SequenceIdGenerator.java:getNextId(128)) - Allocate a batch for localId, change lastId from 109611004723200000 to 109611004723201000.
23:24:12.416 [IPC Server handler 11 on default port 45473] ERROR OMAudit - user=runner | ip=127.0.0.1 | op=GET_FILE_STATUS {volume=volume44702, bucket=bucket58087, key=dir504/file1, dataSize=0, replicationConfig=null} | ret=FAILURE
org.apache.hadoop.ozone.om.exceptions.OMException: Unable to get file status: volume: volume44702 bucket: bucket58087 key: dir504/file1
	at org.apache.hadoop.ozone.om.KeyManagerImpl.getOzoneFileStatus(KeyManagerImpl.java:1311) ~[ozone-manager-1.3.0-SNAPSHOT.jar:?]
	at org.apache.hadoop.ozone.om.KeyManagerImpl.getFileStatus(KeyManagerImpl.java:1241) ~[ozone-manager-1.3.0-SNAPSHOT.jar:?]
	at org.apache.hadoop.ozone.om.OzoneManager.getFileStatus(OzoneManager.java:3419) ~[ozone-manager-1.3.0-SNAPSHOT.jar:?]
	at org.apache.hadoop.ozone.protocolPB.OzoneManagerRequestHandler.getOzoneFileStatus(OzoneManagerRequestHandler.java:871) ~[ozone-manager-1.3.0-SNAPSHOT.jar:?]
	at org.apache.hadoop.ozone.protocolPB.OzoneManagerRequestHandler.handleReadRequest(OzoneManagerRequestHandler.java:217) ~[ozone-manager-1.3.0-SNAPSHOT.jar:?]
	at org.apache.hadoop.ozone.protocolPB.OzoneManagerProtocolServerSideTranslatorPB.submitReadRequestToOM(OzoneManagerProtocolServerSideTranslatorPB.java:226) ~[ozone-manager-1.3.0-SNAPSHOT.jar:?]
	at org.apache.hadoop.ozone.protocolPB.OzoneManagerProtocolServerSideTranslatorPB.processRequest(OzoneManagerProtocolServerSideTranslatorPB.java:175) ~[ozone-manager-1.3.0-SNAPSHOT.jar:?]
	at org.apache.hadoop.hdds.server.OzoneProtocolMessageDispatcher.processRequest(OzoneProtocolMessageDispatcher.java:87) [hdds-server-framework-1.3.0-SNAPSHOT.jar:?]
	at org.apache.hadoop.ozone.protocolPB.OzoneManagerProtocolServerSideTranslatorPB.submitRequest(OzoneManagerProtocolServerSideTranslatorPB.java:147) [ozone-manager-1.3.0-SNAPSHOT.jar:?]
	at org.apache.hadoop.ozone.protocol.proto.OzoneManagerProtocolProtos$OzoneManagerService$2.callBlockingMethod(OzoneManagerProtocolProtos.java) [ozone-interface-client-1.3.0-SNAPSHOT.jar:?]
	at org.apache.hadoop.ipc.ProtobufRpcEngine$Server.processCall(ProtobufRpcEngine.java:466) [hadoop-common-3.3.1.jar:?]
	at org.apache.hadoop.ipc.ProtobufRpcEngine2$Server$ProtoBufRpcInvoker.call(ProtobufRpcEngine2.java:574) [hadoop-common-3.3.1.jar:?]
	at org.apache.hadoop.ipc.ProtobufRpcEngine2$Server$ProtoBufRpcInvoker.call(ProtobufRpcEngine2.java:552) [hadoop-common-3.3.1.jar:?]
	at org.apache.hadoop.ipc.RPC$Server.call(RPC.java:1093) [hadoop-common-3.3.1.jar:?]
	at org.apache.hadoop.ipc.Server$RpcCall.run(Server.java:1035) [hadoop-common-3.3.1.jar:?]
	at org.apache.hadoop.ipc.Server$RpcCall.run(Server.java:963) [hadoop-common-3.3.1.jar:?]
	at java.security.AccessController.doPrivileged(Native Method) ~[?:1.8.0_332]
	at javax.security.auth.Subject.doAs(Subject.java:422) [?:1.8.0_332]
	at org.apache.hadoop.security.UserGroupInformation.doAs(UserGroupInformation.java:1878) [hadoop-common-3.3.1.jar:?]
	at org.apache.hadoop.ipc.Server$Handler.run(Server.java:2966) [hadoop-common-3.3.1.jar:?]
2022-07-12 23:24:12,431 [5d23e830-42ed-4d2c-9f35-4c2aa5467d76@group-9DB053831FEB-FollowerState] INFO  impl.FollowerState (FollowerState.java:run(143)) - 5d23e830-42ed-4d2c-9f35-4c2aa5467d76@group-9DB053831FEB-FollowerState: change to CANDIDATE, lastRpcElapsedTime:5095542379ns, electionTimeout:5022ms
2022-07-12 23:24:12,431 [5d23e830-42ed-4d2c-9f35-4c2aa5467d76@group-9DB053831FEB-FollowerState] INFO  impl.RoleInfo (RoleInfo.java:shutdownFollowerState(110)) - 5d23e830-42ed-4d2c-9f35-4c2aa5467d76: shutdown 5d23e830-42ed-4d2c-9f35-4c2aa5467d76@group-9DB053831FEB-FollowerState
2022-07-12 23:24:12,431 [5d23e830-42ed-4d2c-9f35-4c2aa5467d76@group-9DB053831FEB-FollowerState] INFO  server.RaftServer$Division (RaftServerImpl.java:setRole(299)) - 5d23e830-42ed-4d2c-9f35-4c2aa5467d76@group-9DB053831FEB: changes role from  FOLLOWER to CANDIDATE at term 2 for changeToCandidate
2022-07-12 23:24:12,431 [5d23e830-42ed-4d2c-9f35-4c2aa5467d76@group-9DB053831FEB-FollowerState] INFO  server.RaftServerConfigKeys (ConfUtils.java:logGet(46)) - raft.server.leaderelection.pre-vote = false (custom)
2022-07-12 23:24:12,431 [5d23e830-42ed-4d2c-9f35-4c2aa5467d76@group-9DB053831FEB-FollowerState] INFO  impl.RoleInfo (RoleInfo.java:updateAndGet(139)) - 5d23e830-42ed-4d2c-9f35-4c2aa5467d76: start 5d23e830-42ed-4d2c-9f35-4c2aa5467d76@group-9DB053831FEB-LeaderElection67
2022-07-12 23:24:12,486 [5d23e830-42ed-4d2c-9f35-4c2aa5467d76@group-9DB053831FEB-LeaderElection67] INFO  impl.LeaderElection (LeaderElection.java:askForVotes(310)) - 5d23e830-42ed-4d2c-9f35-4c2aa5467d76@group-9DB053831FEB-LeaderElection67 ELECTION round 0: submit vote requests at term 3 for -1: [5d23e830-42ed-4d2c-9f35-4c2aa5467d76|rpc:10.1.0.13:35411|dataStream:|priority:1, 41b6f92d-8f51-4ddc-a2ca-a30ae8e33d76|rpc:10.1.0.13:40749|dataStream:|priority:0, ca090ab3-3872-42a8-bcee-318ad7dbfeb0|rpc:10.1.0.13:40055|dataStream:|priority:0], old=null
]]></system-out>
  </testcase>
  <testcase name="testRenameFile" classname="TestRootedOzoneFileSystem" time="0.423">
    <system-out><![CDATA[2022-07-12 23:24:42,255 [Listener at 127.0.0.1/45473] INFO  ozone.MiniOzoneClusterImpl (MiniOzoneClusterImpl.java:shutdown(448)) - Shutting down the Mini Ozone Cluster
2022-07-12 23:24:42,256 [Listener at 127.0.0.1/45473] INFO  ozone.MiniOzoneClusterImpl (MiniOzoneClusterImpl.java:stop(463)) - Stopping the Mini Ozone Cluster
2022-07-12 23:24:42,256 [Listener at 127.0.0.1/45473] INFO  ozone.MiniOzoneClusterImpl (MiniOzoneClusterImpl.java:stopOM(545)) - Stopping the OzoneManager
2022-07-12 23:24:42,256 [Listener at 127.0.0.1/45473] INFO  om.OzoneManager (OzoneManager.java:stop(2020)) - om1[localhost:0]: Stopping Ozone Manager
2022-07-12 23:24:42,256 [Listener at 127.0.0.1/45473] INFO  ipc.Server (Server.java:stop(3414)) - Stopping server on 45473
2022-07-12 23:24:42,329 [IPC Server listener on 0] INFO  ipc.Server (Server.java:run(1376)) - Stopping IPC Server listener on 0
2022-07-12 23:24:42,378 [IPC Server Responder] INFO  ipc.Server (Server.java:run(1512)) - Stopping IPC Server Responder
2022-07-12 23:24:42,378 [Listener at 127.0.0.1/45473] INFO  server.RaftServer (RaftServerProxy.java:lambda$close$7(398)) - om1: close
2022-07-12 23:24:42,378 [Listener at 127.0.0.1/45473] INFO  server.RaftServer$Division (RaftServerImpl.java:lambda$close$4(434)) - om1@group-C5BA1605619E: shutdown
2022-07-12 23:24:42,379 [Listener at 127.0.0.1/45473] INFO  util.JmxRegister (JmxRegister.java:unregister(73)) - Successfully un-registered JMX Bean with object name Ratis:service=RaftServer,group=group-C5BA1605619E,id=om1
2022-07-12 23:24:42,379 [Listener at 127.0.0.1/45473] INFO  impl.RoleInfo (RoleInfo.java:shutdownLeaderState(93)) - om1: shutdown om1@group-C5BA1605619E-LeaderStateImpl
2022-07-12 23:24:42,379 [Listener at 127.0.0.1/45473] INFO  impl.PendingRequests (PendingRequests.java:sendNotLeaderResponses(282)) - om1@group-C5BA1605619E-PendingRequests: sendNotLeaderResponses
2022-07-12 23:24:42,393 [Listener at 127.0.0.1/45473] INFO  impl.StateMachineUpdater (StateMachineUpdater.java:stopAndJoin(153)) - om1@group-C5BA1605619E-StateMachineUpdater: set stopIndex = 6950
2022-07-12 23:24:42,394 [om1@group-C5BA1605619E-StateMachineUpdater] INFO  ratis.OzoneManagerStateMachine (OzoneManagerStateMachine.java:takeSnapshot(441)) - Current Snapshot Index (t:1, i:6950)
2022-07-12 23:24:42,394 [om1@group-C5BA1605619E-StateMachineUpdater] INFO  impl.StateMachineUpdater (StateMachineUpdater.java:takeSnapshot(287)) - om1@group-C5BA1605619E-StateMachineUpdater: Took a snapshot at index 6950
2022-07-12 23:24:42,394 [om1@group-C5BA1605619E-StateMachineUpdater] INFO  impl.StateMachineUpdater (StateMachineUpdater.java:lambda$new$0(92)) - om1@group-C5BA1605619E-StateMachineUpdater: snapshotIndex: updateIncreasingly -1 -> 6950
2022-07-12 23:24:42,394 [om1@group-C5BA1605619E-StateMachineUpdater] INFO  ratis.OzoneManagerStateMachine (OzoneManagerStateMachine.java:close(495)) - StateMachine has shutdown. Shutdown OzoneManager if not already shutdown.
2022-07-12 23:24:42,394 [om1@group-C5BA1605619E-StateMachineUpdater] INFO  ratis.OzoneManagerDoubleBuffer (OzoneManagerDoubleBuffer.java:stop(465)) - Stopping OMDoubleBuffer flush thread
2022-07-12 23:24:42,394 [OMDoubleBufferFlushThread] INFO  ratis.OzoneManagerDoubleBuffer (OzoneManagerDoubleBuffer.java:flushTransactions(385)) - OMDoubleBuffer flush thread OMDoubleBufferFlushThread is interrupted and will exit.
2022-07-12 23:24:42,399 [Listener at 127.0.0.1/45473] INFO  server.RaftServer$Division (ServerState.java:close(429)) - om1@group-C5BA1605619E: closes. applyIndex: 6950
2022-07-12 23:24:42,399 [om1@group-C5BA1605619E-SegmentedRaftLogWorker] INFO  segmented.SegmentedRaftLogWorker (SegmentedRaftLogWorker.java:run(336)) - om1@group-C5BA1605619E-SegmentedRaftLogWorker was interrupted, exiting. There are 0 tasks remaining in the queue.
2022-07-12 23:24:42,401 [Listener at 127.0.0.1/45473] INFO  segmented.SegmentedRaftLogWorker (SegmentedRaftLogWorker.java:close(246)) - om1@group-C5BA1605619E-SegmentedRaftLogWorker close()
2022-07-12 23:24:42,403 [Listener at 127.0.0.1/45473] INFO  server.GrpcService (GrpcService.java:closeImpl(269)) - om1: shutdown server with port 9872 now
2022-07-12 23:24:42,404 [Listener at 127.0.0.1/45473] INFO  server.GrpcService (GrpcService.java:closeImpl(278)) - om1: shutdown server with port 9872 successfully
2022-07-12 23:24:42,404 [org.apache.ratis.util.JvmPauseMonitor$$Lambda$613/1690937419@2297b3e1] INFO  util.JvmPauseMonitor (JvmPauseMonitor.java:run(109)) - JvmPauseMonitor-om1: Stopped
2022-07-12 23:24:42,409 [Listener at 127.0.0.1/45473] INFO  ratis.OzoneManagerStateMachine (OzoneManagerStateMachine.java:close(495)) - StateMachine has shutdown. Shutdown OzoneManager if not already shutdown.
2022-07-12 23:24:42,409 [Listener at 127.0.0.1/45473] INFO  ratis.OzoneManagerDoubleBuffer (OzoneManagerDoubleBuffer.java:stop(477)) - OMDoubleBuffer flush thread is not running.
2022-07-12 23:24:42,409 [Listener at 127.0.0.1/45473] INFO  utils.BackgroundService (BackgroundService.java:shutdown(132)) - Shutting down service KeyDeletingService
2022-07-12 23:24:42,412 [Listener at 127.0.0.1/45473] INFO  utils.BackgroundService (BackgroundService.java:shutdown(132)) - Shutting down service DirectoryDeletingService
2022-07-12 23:24:42,417 [Listener at 127.0.0.1/45473] INFO  utils.BackgroundService (BackgroundService.java:shutdown(132)) - Shutting down service OpenKeyCleanupService
2022-07-12 23:24:42,418 [Listener at 127.0.0.1/45473] INFO  handler.ContextHandler (ContextHandler.java:doStop(1153)) - Stopped o.e.j.w.WebAppContext@269d8be5{ozoneManager,/,null,STOPPED}{file:/home/runner/work/ozone/ozone/hadoop-ozone/integration-test/target/test-classes/webapps/ozoneManager}
2022-07-12 23:24:42,418 [Listener at 127.0.0.1/45473] INFO  server.AbstractConnector (AbstractConnector.java:doStop(381)) - Stopped ServerConnector@48a61366{HTTP/1.1, (http/1.1)}{0.0.0.0:0}
2022-07-12 23:24:42,418 [Listener at 127.0.0.1/45473] INFO  server.session (HouseKeeper.java:stopScavenging(149)) - node0 Stopped scavenging
2022-07-12 23:24:42,419 [Listener at 127.0.0.1/45473] INFO  handler.ContextHandler (ContextHandler.java:doStop(1153)) - Stopped o.e.j.s.ServletContextHandler@6a8e8a2c{static,/static,file:///home/runner/work/ozone/ozone/hadoop-ozone/integration-test/target/test-classes/webapps/static,STOPPED}
2022-07-12 23:24:42,419 [Listener at 127.0.0.1/45473] INFO  handler.ContextHandler (ContextHandler.java:doStop(1153)) - Stopped o.e.j.s.ServletContextHandler@5cf4cce1{logs,/logs,file:///home/runner/work/ozone/ozone/hadoop-ozone/integration-test/target/log,STOPPED}
2022-07-12 23:24:42,422 [Trash Emptier] ERROR util.ExitUtils (ExitUtils.java:terminate(133)) - Terminating with exit status -1: Thread[Trash Emptier,5,main] has thrown an uncaught exception
java.lang.UnsupportedOperationException: fs.getUri() not implemented in TrashOzoneFileSystem
	at org.apache.hadoop.ozone.om.TrashOzoneFileSystem.getUri(TrashOzoneFileSystem.java:126)
	at org.apache.hadoop.fs.FileSystem.close(FileSystem.java:2592)
	at org.apache.hadoop.ozone.om.TrashPolicyOzone$Emptier.run(TrashPolicyOzone.java:243)
	at java.lang.Thread.run(Thread.java:750)
2022-07-12 23:24:42,468 [Listener at 127.0.0.1/45473] INFO  ozone.MiniOzoneClusterImpl (MiniOzoneClusterImpl.java:stopDatanodes(522)) - Stopping the HddsDatanodes
2022-07-12 23:24:47,469 [Listener at 127.0.0.1/45473] INFO  ozoneimpl.OzoneContainer (OzoneContainer.java:stop(365)) - Attempting to stop container services.
2022-07-12 23:24:47,473 [Listener at 127.0.0.1/45473] INFO  server.RaftServer (RaftServerProxy.java:lambda$close$7(398)) - 41b6f92d-8f51-4ddc-a2ca-a30ae8e33d76: close
2022-07-12 23:24:47,473 [Listener at 127.0.0.1/45473] INFO  server.RaftServer$Division (RaftServerImpl.java:lambda$close$4(434)) - 41b6f92d-8f51-4ddc-a2ca-a30ae8e33d76@group-A34E9BF9B347: shutdown
2022-07-12 23:24:47,473 [Listener at 127.0.0.1/45473] INFO  util.JmxRegister (JmxRegister.java:unregister(73)) - Successfully un-registered JMX Bean with object name Ratis:service=RaftServer,group=group-A34E9BF9B347,id=41b6f92d-8f51-4ddc-a2ca-a30ae8e33d76
2022-07-12 23:24:47,473 [Listener at 127.0.0.1/45473] INFO  impl.RoleInfo (RoleInfo.java:shutdownLeaderState(93)) - 41b6f92d-8f51-4ddc-a2ca-a30ae8e33d76: shutdown 41b6f92d-8f51-4ddc-a2ca-a30ae8e33d76@group-A34E9BF9B347-LeaderStateImpl
2022-07-12 23:24:47,473 [Listener at 127.0.0.1/45473] INFO  impl.PendingRequests (PendingRequests.java:sendNotLeaderResponses(282)) - 41b6f92d-8f51-4ddc-a2ca-a30ae8e33d76@group-A34E9BF9B347-PendingRequests: sendNotLeaderResponses
2022-07-12 23:24:47,474 [Listener at 127.0.0.1/45473] INFO  impl.StateMachineUpdater (StateMachineUpdater.java:stopAndJoin(153)) - 41b6f92d-8f51-4ddc-a2ca-a30ae8e33d76@group-A34E9BF9B347-StateMachineUpdater: set stopIndex = 0
2022-07-12 23:24:47,474 [41b6f92d-8f51-4ddc-a2ca-a30ae8e33d76@group-A34E9BF9B347-StateMachineUpdater] INFO  ratis.ContainerStateMachine (ContainerStateMachine.java:takeSnapshot(304)) - group-A34E9BF9B347: Taking a snapshot at:(t:1, i:0) file /home/runner/work/ozone/ozone/hadoop-ozone/integration-test/target/test-dir/MiniOzoneClusterImpl-c1953583-3267-45ac-aa0d-78ee30f3dc89/datanode-2/data/ratis/7ebfb99d-1947-4ee8-b754-a34e9bf9b347/sm/snapshot.1_0
2022-07-12 23:24:47,479 [41b6f92d-8f51-4ddc-a2ca-a30ae8e33d76@group-A34E9BF9B347-StateMachineUpdater] INFO  ratis.ContainerStateMachine (ContainerStateMachine.java:takeSnapshot(315)) - group-A34E9BF9B347: Finished taking a snapshot at:(t:1, i:0) file:/home/runner/work/ozone/ozone/hadoop-ozone/integration-test/target/test-dir/MiniOzoneClusterImpl-c1953583-3267-45ac-aa0d-78ee30f3dc89/datanode-2/data/ratis/7ebfb99d-1947-4ee8-b754-a34e9bf9b347/sm/snapshot.1_0 took: 5 ms
2022-07-12 23:24:47,479 [41b6f92d-8f51-4ddc-a2ca-a30ae8e33d76@group-A34E9BF9B347-StateMachineUpdater] INFO  impl.StateMachineUpdater (StateMachineUpdater.java:takeSnapshot(287)) - 41b6f92d-8f51-4ddc-a2ca-a30ae8e33d76@group-A34E9BF9B347-StateMachineUpdater: Took a snapshot at index 0
2022-07-12 23:24:47,479 [41b6f92d-8f51-4ddc-a2ca-a30ae8e33d76@group-A34E9BF9B347-StateMachineUpdater] INFO  impl.StateMachineUpdater (StateMachineUpdater.java:lambda$new$0(92)) - 41b6f92d-8f51-4ddc-a2ca-a30ae8e33d76@group-A34E9BF9B347-StateMachineUpdater: snapshotIndex: updateIncreasingly -1 -> 0
2022-07-12 23:24:47,479 [Listener at 127.0.0.1/45473] INFO  server.RaftServer$Division (ServerState.java:close(429)) - 41b6f92d-8f51-4ddc-a2ca-a30ae8e33d76@group-A34E9BF9B347: closes. applyIndex: 0
2022-07-12 23:24:47,480 [41b6f92d-8f51-4ddc-a2ca-a30ae8e33d76@group-A34E9BF9B347-SegmentedRaftLogWorker] INFO  segmented.SegmentedRaftLogWorker (SegmentedRaftLogWorker.java:run(336)) - 41b6f92d-8f51-4ddc-a2ca-a30ae8e33d76@group-A34E9BF9B347-SegmentedRaftLogWorker was interrupted, exiting. There are 0 tasks remaining in the queue.
2022-07-12 23:24:47,493 [ForkJoinPool.commonPool-worker-1] INFO  ozoneimpl.OzoneContainer (OzoneContainer.java:stop(365)) - Attempting to stop container services.
2022-07-12 23:24:47,493 [ForkJoinPool.commonPool-worker-1] INFO  server.RaftServer (RaftServerProxy.java:lambda$close$7(398)) - 5d23e830-42ed-4d2c-9f35-4c2aa5467d76: close
2022-07-12 23:24:47,493 [ForkJoinPool.commonPool-worker-1] INFO  server.RaftServer$Division (RaftServerImpl.java:lambda$close$4(434)) - 5d23e830-42ed-4d2c-9f35-4c2aa5467d76@group-9ED51468BE91: shutdown
2022-07-12 23:24:47,494 [ForkJoinPool.commonPool-worker-1] INFO  util.JmxRegister (JmxRegister.java:unregister(73)) - Successfully un-registered JMX Bean with object name Ratis:service=RaftServer,group=group-9ED51468BE91,id=5d23e830-42ed-4d2c-9f35-4c2aa5467d76
2022-07-12 23:24:47,494 [ForkJoinPool.commonPool-worker-1] INFO  impl.RoleInfo (RoleInfo.java:shutdownLeaderState(93)) - 5d23e830-42ed-4d2c-9f35-4c2aa5467d76: shutdown 5d23e830-42ed-4d2c-9f35-4c2aa5467d76@group-9ED51468BE91-LeaderStateImpl
2022-07-12 23:24:47,494 [ForkJoinPool.commonPool-worker-1] INFO  impl.PendingRequests (PendingRequests.java:sendNotLeaderResponses(282)) - 5d23e830-42ed-4d2c-9f35-4c2aa5467d76@group-9ED51468BE91-PendingRequests: sendNotLeaderResponses
2022-07-12 23:24:47,494 [ForkJoinPool.commonPool-worker-1] INFO  impl.StateMachineUpdater (StateMachineUpdater.java:stopAndJoin(153)) - 5d23e830-42ed-4d2c-9f35-4c2aa5467d76@group-9ED51468BE91-StateMachineUpdater: set stopIndex = 0
2022-07-12 23:24:47,495 [5d23e830-42ed-4d2c-9f35-4c2aa5467d76@group-9ED51468BE91-StateMachineUpdater] INFO  ratis.ContainerStateMachine (ContainerStateMachine.java:takeSnapshot(304)) - group-9ED51468BE91: Taking a snapshot at:(t:1, i:0) file /home/runner/work/ozone/ozone/hadoop-ozone/integration-test/target/test-dir/MiniOzoneClusterImpl-c1953583-3267-45ac-aa0d-78ee30f3dc89/datanode-1/data/ratis/676049ca-ee45-4871-81d3-9ed51468be91/sm/snapshot.1_0
2022-07-12 23:24:47,496 [5d23e830-42ed-4d2c-9f35-4c2aa5467d76@group-9ED51468BE91-StateMachineUpdater] INFO  ratis.ContainerStateMachine (ContainerStateMachine.java:takeSnapshot(315)) - group-9ED51468BE91: Finished taking a snapshot at:(t:1, i:0) file:/home/runner/work/ozone/ozone/hadoop-ozone/integration-test/target/test-dir/MiniOzoneClusterImpl-c1953583-3267-45ac-aa0d-78ee30f3dc89/datanode-1/data/ratis/676049ca-ee45-4871-81d3-9ed51468be91/sm/snapshot.1_0 took: 1 ms
2022-07-12 23:24:47,496 [5d23e830-42ed-4d2c-9f35-4c2aa5467d76@group-9ED51468BE91-StateMachineUpdater] INFO  impl.StateMachineUpdater (StateMachineUpdater.java:takeSnapshot(287)) - 5d23e830-42ed-4d2c-9f35-4c2aa5467d76@group-9ED51468BE91-StateMachineUpdater: Took a snapshot at index 0
2022-07-12 23:24:47,496 [5d23e830-42ed-4d2c-9f35-4c2aa5467d76@group-9ED51468BE91-StateMachineUpdater] INFO  impl.StateMachineUpdater (StateMachineUpdater.java:lambda$new$0(92)) - 5d23e830-42ed-4d2c-9f35-4c2aa5467d76@group-9ED51468BE91-StateMachineUpdater: snapshotIndex: updateIncreasingly -1 -> 0
2022-07-12 23:24:47,496 [ForkJoinPool.commonPool-worker-1] INFO  server.RaftServer$Division (ServerState.java:close(429)) - 5d23e830-42ed-4d2c-9f35-4c2aa5467d76@group-9ED51468BE91: closes. applyIndex: 0
2022-07-12 23:24:47,496 [5d23e830-42ed-4d2c-9f35-4c2aa5467d76@group-9ED51468BE91-SegmentedRaftLogWorker] INFO  segmented.SegmentedRaftLogWorker (SegmentedRaftLogWorker.java:run(336)) - 5d23e830-42ed-4d2c-9f35-4c2aa5467d76@group-9ED51468BE91-SegmentedRaftLogWorker was interrupted, exiting. There are 0 tasks remaining in the queue.
2022-07-12 23:24:47,532 [ForkJoinPool.commonPool-worker-1] INFO  segmented.SegmentedRaftLogWorker (SegmentedRaftLogWorker.java:close(246)) - 5d23e830-42ed-4d2c-9f35-4c2aa5467d76@group-9ED51468BE91-SegmentedRaftLogWorker close()
2022-07-12 23:24:47,532 [Listener at 127.0.0.1/45473] INFO  segmented.SegmentedRaftLogWorker (SegmentedRaftLogWorker.java:close(246)) - 41b6f92d-8f51-4ddc-a2ca-a30ae8e33d76@group-A34E9BF9B347-SegmentedRaftLogWorker close()
2022-07-12 23:24:47,535 [ForkJoinPool.commonPool-worker-1] INFO  server.RaftServer$Division (RaftServerImpl.java:lambda$close$4(434)) - 5d23e830-42ed-4d2c-9f35-4c2aa5467d76@group-42DB1ADE585A: shutdown
2022-07-12 23:24:47,535 [ForkJoinPool.commonPool-worker-1] INFO  util.JmxRegister (JmxRegister.java:unregister(73)) - Successfully un-registered JMX Bean with object name Ratis:service=RaftServer,group=group-42DB1ADE585A,id=5d23e830-42ed-4d2c-9f35-4c2aa5467d76
2022-07-12 23:24:47,535 [ForkJoinPool.commonPool-worker-1] INFO  impl.RoleInfo (RoleInfo.java:shutdownFollowerState(110)) - 5d23e830-42ed-4d2c-9f35-4c2aa5467d76: shutdown 5d23e830-42ed-4d2c-9f35-4c2aa5467d76@group-42DB1ADE585A-FollowerState
2022-07-12 23:24:47,535 [ForkJoinPool.commonPool-worker-1] INFO  impl.StateMachineUpdater (StateMachineUpdater.java:stopAndJoin(153)) - 5d23e830-42ed-4d2c-9f35-4c2aa5467d76@group-42DB1ADE585A-StateMachineUpdater: set stopIndex = 14
2022-07-12 23:24:47,535 [5d23e830-42ed-4d2c-9f35-4c2aa5467d76@group-42DB1ADE585A-FollowerState] INFO  impl.FollowerState (FollowerState.java:run(152)) - 5d23e830-42ed-4d2c-9f35-4c2aa5467d76@group-42DB1ADE585A-FollowerState was interrupted
2022-07-12 23:24:47,535 [5d23e830-42ed-4d2c-9f35-4c2aa5467d76@group-42DB1ADE585A-StateMachineUpdater] INFO  ratis.ContainerStateMachine (ContainerStateMachine.java:takeSnapshot(304)) - group-42DB1ADE585A: Taking a snapshot at:(t:3, i:14) file /home/runner/work/ozone/ozone/hadoop-ozone/integration-test/target/test-dir/MiniOzoneClusterImpl-c1953583-3267-45ac-aa0d-78ee30f3dc89/datanode-1/data/ratis/b7a02158-d7e4-449b-8ef5-42db1ade585a/sm/snapshot.3_14
2022-07-12 23:24:47,536 [Listener at 127.0.0.1/45473] INFO  server.RaftServer$Division (RaftServerImpl.java:lambda$close$4(434)) - 41b6f92d-8f51-4ddc-a2ca-a30ae8e33d76@group-42DB1ADE585A: shutdown
2022-07-12 23:24:47,536 [Listener at 127.0.0.1/45473] INFO  util.JmxRegister (JmxRegister.java:unregister(73)) - Successfully un-registered JMX Bean with object name Ratis:service=RaftServer,group=group-42DB1ADE585A,id=41b6f92d-8f51-4ddc-a2ca-a30ae8e33d76
2022-07-12 23:24:47,548 [Listener at 127.0.0.1/45473] INFO  impl.RoleInfo (RoleInfo.java:shutdownLeaderState(93)) - 41b6f92d-8f51-4ddc-a2ca-a30ae8e33d76: shutdown 41b6f92d-8f51-4ddc-a2ca-a30ae8e33d76@group-42DB1ADE585A-LeaderStateImpl
2022-07-12 23:24:47,549 [Listener at 127.0.0.1/45473] INFO  impl.PendingRequests (PendingRequests.java:sendNotLeaderResponses(282)) - 41b6f92d-8f51-4ddc-a2ca-a30ae8e33d76@group-42DB1ADE585A-PendingRequests: sendNotLeaderResponses
2022-07-12 23:24:47,549 [41b6f92d-8f51-4ddc-a2ca-a30ae8e33d76@group-42DB1ADE585A->ca090ab3-3872-42a8-bcee-318ad7dbfeb0-GrpcLogAppender-LogAppenderDaemon] WARN  server.GrpcLogAppender (GrpcLogAppender.java:mayWait(171)) - 41b6f92d-8f51-4ddc-a2ca-a30ae8e33d76@group-42DB1ADE585A->ca090ab3-3872-42a8-bcee-318ad7dbfeb0-GrpcLogAppender: Wait interrupted by java.lang.InterruptedException
2022-07-12 23:24:47,549 [41b6f92d-8f51-4ddc-a2ca-a30ae8e33d76@group-42DB1ADE585A->5d23e830-42ed-4d2c-9f35-4c2aa5467d76-GrpcLogAppender-LogAppenderDaemon] WARN  server.GrpcLogAppender (GrpcLogAppender.java:mayWait(171)) - 41b6f92d-8f51-4ddc-a2ca-a30ae8e33d76@group-42DB1ADE585A->5d23e830-42ed-4d2c-9f35-4c2aa5467d76-GrpcLogAppender: Wait interrupted by java.lang.InterruptedException
2022-07-12 23:24:47,550 [grpc-default-executor-4] INFO  server.GrpcServerProtocolService (GrpcServerProtocolService.java:onCompleted(140)) - 5d23e830-42ed-4d2c-9f35-4c2aa5467d76: Completed APPEND_ENTRIES, lastRequest: 41b6f92d-8f51-4ddc-a2ca-a30ae8e33d76->5d23e830-42ed-4d2c-9f35-4c2aa5467d76#292-t3,previous=(t:3, i:13),leaderCommit=12,initializing? true,entries: size=1, first=(t:3, i:14), METADATAENTRY(c:12)
2022-07-12 23:24:47,537 [5d23e830-42ed-4d2c-9f35-4c2aa5467d76@group-42DB1ADE585A-StateMachineUpdater] INFO  ratis.ContainerStateMachine (ContainerStateMachine.java:takeSnapshot(315)) - group-42DB1ADE585A: Finished taking a snapshot at:(t:3, i:14) file:/home/runner/work/ozone/ozone/hadoop-ozone/integration-test/target/test-dir/MiniOzoneClusterImpl-c1953583-3267-45ac-aa0d-78ee30f3dc89/datanode-1/data/ratis/b7a02158-d7e4-449b-8ef5-42db1ade585a/sm/snapshot.3_14 took: 1 ms
2022-07-12 23:24:47,551 [5d23e830-42ed-4d2c-9f35-4c2aa5467d76@group-42DB1ADE585A-StateMachineUpdater] INFO  impl.StateMachineUpdater (StateMachineUpdater.java:takeSnapshot(287)) - 5d23e830-42ed-4d2c-9f35-4c2aa5467d76@group-42DB1ADE585A-StateMachineUpdater: Took a snapshot at index 14
2022-07-12 23:24:47,551 [5d23e830-42ed-4d2c-9f35-4c2aa5467d76@group-42DB1ADE585A-StateMachineUpdater] INFO  impl.StateMachineUpdater (StateMachineUpdater.java:lambda$new$0(92)) - 5d23e830-42ed-4d2c-9f35-4c2aa5467d76@group-42DB1ADE585A-StateMachineUpdater: snapshotIndex: updateIncreasingly -1 -> 14
2022-07-12 23:24:47,551 [grpc-default-executor-3] INFO  server.GrpcLogAppender (GrpcLogAppender.java:onCompleted(339)) - 41b6f92d-8f51-4ddc-a2ca-a30ae8e33d76@group-42DB1ADE585A->5d23e830-42ed-4d2c-9f35-4c2aa5467d76-AppendLogResponseHandler: follower responses appendEntries COMPLETED
2022-07-12 23:24:47,551 [grpc-default-executor-3] INFO  leader.FollowerInfo (FollowerInfoImpl.java:lambda$new$0(48)) - 41b6f92d-8f51-4ddc-a2ca-a30ae8e33d76@group-42DB1ADE585A->5d23e830-42ed-4d2c-9f35-4c2aa5467d76: nextIndex: updateUnconditionally 15 -> 14
2022-07-12 23:24:47,549 [grpc-default-executor-6] INFO  server.GrpcServerProtocolService (GrpcServerProtocolService.java:onCompleted(140)) - ca090ab3-3872-42a8-bcee-318ad7dbfeb0: Completed APPEND_ENTRIES, lastRequest: 41b6f92d-8f51-4ddc-a2ca-a30ae8e33d76->ca090ab3-3872-42a8-bcee-318ad7dbfeb0#309-t3,previous=(t:3, i:13),leaderCommit=12,initializing? true,entries: size=1, first=(t:3, i:14), METADATAENTRY(c:12)
2022-07-12 23:24:47,551 [ForkJoinPool.commonPool-worker-1] INFO  server.RaftServer$Division (ServerState.java:close(429)) - 5d23e830-42ed-4d2c-9f35-4c2aa5467d76@group-42DB1ADE585A: closes. applyIndex: 14
2022-07-12 23:24:47,552 [5d23e830-42ed-4d2c-9f35-4c2aa5467d76@group-42DB1ADE585A-SegmentedRaftLogWorker] INFO  segmented.SegmentedRaftLogWorker (SegmentedRaftLogWorker.java:run(336)) - 5d23e830-42ed-4d2c-9f35-4c2aa5467d76@group-42DB1ADE585A-SegmentedRaftLogWorker was interrupted, exiting. There are 0 tasks remaining in the queue.
2022-07-12 23:24:47,552 [grpc-default-executor-3] INFO  server.GrpcLogAppender (GrpcLogAppender.java:onCompleted(339)) - 41b6f92d-8f51-4ddc-a2ca-a30ae8e33d76@group-42DB1ADE585A->ca090ab3-3872-42a8-bcee-318ad7dbfeb0-AppendLogResponseHandler: follower responses appendEntries COMPLETED
2022-07-12 23:24:47,552 [grpc-default-executor-3] INFO  leader.FollowerInfo (FollowerInfoImpl.java:lambda$new$0(48)) - 41b6f92d-8f51-4ddc-a2ca-a30ae8e33d76@group-42DB1ADE585A->ca090ab3-3872-42a8-bcee-318ad7dbfeb0: nextIndex: updateUnconditionally 15 -> 14
2022-07-12 23:24:47,565 [ForkJoinPool.commonPool-worker-1] INFO  segmented.SegmentedRaftLogWorker (SegmentedRaftLogWorker.java:close(246)) - 5d23e830-42ed-4d2c-9f35-4c2aa5467d76@group-42DB1ADE585A-SegmentedRaftLogWorker close()
2022-07-12 23:24:47,578 [ForkJoinPool.commonPool-worker-1] INFO  server.RaftServer$Division (RaftServerImpl.java:lambda$close$4(434)) - 5d23e830-42ed-4d2c-9f35-4c2aa5467d76@group-9DB053831FEB: shutdown
2022-07-12 23:24:47,578 [ForkJoinPool.commonPool-worker-1] INFO  util.JmxRegister (JmxRegister.java:unregister(73)) - Successfully un-registered JMX Bean with object name Ratis:service=RaftServer,group=group-9DB053831FEB,id=5d23e830-42ed-4d2c-9f35-4c2aa5467d76
2022-07-12 23:24:47,578 [ForkJoinPool.commonPool-worker-1] INFO  impl.RoleInfo (RoleInfo.java:shutdownLeaderState(93)) - 5d23e830-42ed-4d2c-9f35-4c2aa5467d76: shutdown 5d23e830-42ed-4d2c-9f35-4c2aa5467d76@group-9DB053831FEB-LeaderStateImpl
2022-07-12 23:24:47,578 [5d23e830-42ed-4d2c-9f35-4c2aa5467d76@group-9DB053831FEB->41b6f92d-8f51-4ddc-a2ca-a30ae8e33d76-GrpcLogAppender-LogAppenderDaemon] WARN  server.GrpcLogAppender (GrpcLogAppender.java:mayWait(171)) - 5d23e830-42ed-4d2c-9f35-4c2aa5467d76@group-9DB053831FEB->41b6f92d-8f51-4ddc-a2ca-a30ae8e33d76-GrpcLogAppender: Wait interrupted by java.lang.InterruptedException
2022-07-12 23:24:47,578 [ForkJoinPool.commonPool-worker-1] INFO  impl.PendingRequests (PendingRequests.java:sendNotLeaderResponses(282)) - 5d23e830-42ed-4d2c-9f35-4c2aa5467d76@group-9DB053831FEB-PendingRequests: sendNotLeaderResponses
2022-07-12 23:24:47,579 [5d23e830-42ed-4d2c-9f35-4c2aa5467d76@group-9DB053831FEB->ca090ab3-3872-42a8-bcee-318ad7dbfeb0-GrpcLogAppender-LogAppenderDaemon] WARN  server.GrpcLogAppender (GrpcLogAppender.java:mayWait(171)) - 5d23e830-42ed-4d2c-9f35-4c2aa5467d76@group-9DB053831FEB->ca090ab3-3872-42a8-bcee-318ad7dbfeb0-GrpcLogAppender: Wait interrupted by java.lang.InterruptedException
2022-07-12 23:24:47,634 [grpc-default-executor-6] INFO  server.GrpcServerProtocolService (GrpcServerProtocolService.java:onCompleted(140)) - 41b6f92d-8f51-4ddc-a2ca-a30ae8e33d76: Completed APPEND_ENTRIES, lastRequest: 5d23e830-42ed-4d2c-9f35-4c2aa5467d76->41b6f92d-8f51-4ddc-a2ca-a30ae8e33d76#828-t3,previous=(t:3, i:34),leaderCommit=33,initializing? true,entries: size=1, first=(t:3, i:35), METADATAENTRY(c:33)
2022-07-12 23:24:47,637 [grpc-default-executor-3] INFO  server.GrpcServerProtocolService (GrpcServerProtocolService.java:onCompleted(140)) - ca090ab3-3872-42a8-bcee-318ad7dbfeb0: Completed APPEND_ENTRIES, lastRequest: 5d23e830-42ed-4d2c-9f35-4c2aa5467d76->ca090ab3-3872-42a8-bcee-318ad7dbfeb0#860-t3,previous=(t:3, i:34),leaderCommit=33,initializing? true,entries: size=1, first=(t:3, i:35), METADATAENTRY(c:33)
2022-07-12 23:24:47,638 [grpc-default-executor-5] INFO  server.GrpcLogAppender (GrpcLogAppender.java:onCompleted(339)) - 5d23e830-42ed-4d2c-9f35-4c2aa5467d76@group-9DB053831FEB->ca090ab3-3872-42a8-bcee-318ad7dbfeb0-AppendLogResponseHandler: follower responses appendEntries COMPLETED
2022-07-12 23:24:47,638 [grpc-default-executor-5] INFO  leader.FollowerInfo (FollowerInfoImpl.java:lambda$new$0(48)) - 5d23e830-42ed-4d2c-9f35-4c2aa5467d76@group-9DB053831FEB->ca090ab3-3872-42a8-bcee-318ad7dbfeb0: nextIndex: updateUnconditionally 36 -> 35
2022-07-12 23:24:47,673 [Listener at 127.0.0.1/45473] INFO  impl.StateMachineUpdater (StateMachineUpdater.java:stopAndJoin(153)) - 41b6f92d-8f51-4ddc-a2ca-a30ae8e33d76@group-42DB1ADE585A-StateMachineUpdater: set stopIndex = 14
2022-07-12 23:24:47,676 [grpc-default-executor-5] INFO  server.GrpcLogAppender (GrpcLogAppender.java:onCompleted(339)) - 5d23e830-42ed-4d2c-9f35-4c2aa5467d76@group-9DB053831FEB->41b6f92d-8f51-4ddc-a2ca-a30ae8e33d76-AppendLogResponseHandler: follower responses appendEntries COMPLETED
2022-07-12 23:24:47,676 [grpc-default-executor-5] INFO  leader.FollowerInfo (FollowerInfoImpl.java:lambda$new$0(48)) - 5d23e830-42ed-4d2c-9f35-4c2aa5467d76@group-9DB053831FEB->41b6f92d-8f51-4ddc-a2ca-a30ae8e33d76: nextIndex: updateUnconditionally 36 -> 35
2022-07-12 23:24:47,733 [41b6f92d-8f51-4ddc-a2ca-a30ae8e33d76@group-42DB1ADE585A-StateMachineUpdater] INFO  ratis.ContainerStateMachine (ContainerStateMachine.java:takeSnapshot(304)) - group-42DB1ADE585A: Taking a snapshot at:(t:3, i:14) file /home/runner/work/ozone/ozone/hadoop-ozone/integration-test/target/test-dir/MiniOzoneClusterImpl-c1953583-3267-45ac-aa0d-78ee30f3dc89/datanode-2/data/ratis/b7a02158-d7e4-449b-8ef5-42db1ade585a/sm/snapshot.3_14
2022-07-12 23:24:47,734 [ForkJoinPool.commonPool-worker-1] INFO  impl.StateMachineUpdater (StateMachineUpdater.java:stopAndJoin(153)) - 5d23e830-42ed-4d2c-9f35-4c2aa5467d76@group-9DB053831FEB-StateMachineUpdater: set stopIndex = 35
2022-07-12 23:24:47,735 [5d23e830-42ed-4d2c-9f35-4c2aa5467d76@group-9DB053831FEB-StateMachineUpdater] INFO  ratis.ContainerStateMachine (ContainerStateMachine.java:takeSnapshot(304)) - group-9DB053831FEB: Taking a snapshot at:(t:3, i:35) file /home/runner/work/ozone/ozone/hadoop-ozone/integration-test/target/test-dir/MiniOzoneClusterImpl-c1953583-3267-45ac-aa0d-78ee30f3dc89/datanode-1/data/ratis/d542f389-28c8-4c3a-80bc-9db053831feb/sm/snapshot.3_35
2022-07-12 23:24:47,735 [5d23e830-42ed-4d2c-9f35-4c2aa5467d76@group-9DB053831FEB-StateMachineUpdater] INFO  ratis.ContainerStateMachine (ContainerStateMachine.java:takeSnapshot(315)) - group-9DB053831FEB: Finished taking a snapshot at:(t:3, i:35) file:/home/runner/work/ozone/ozone/hadoop-ozone/integration-test/target/test-dir/MiniOzoneClusterImpl-c1953583-3267-45ac-aa0d-78ee30f3dc89/datanode-1/data/ratis/d542f389-28c8-4c3a-80bc-9db053831feb/sm/snapshot.3_35 took: 1 ms
2022-07-12 23:24:47,736 [5d23e830-42ed-4d2c-9f35-4c2aa5467d76@group-9DB053831FEB-StateMachineUpdater] INFO  impl.StateMachineUpdater (StateMachineUpdater.java:takeSnapshot(287)) - 5d23e830-42ed-4d2c-9f35-4c2aa5467d76@group-9DB053831FEB-StateMachineUpdater: Took a snapshot at index 35
2022-07-12 23:24:47,736 [5d23e830-42ed-4d2c-9f35-4c2aa5467d76@group-9DB053831FEB-StateMachineUpdater] INFO  impl.StateMachineUpdater (StateMachineUpdater.java:lambda$new$0(92)) - 5d23e830-42ed-4d2c-9f35-4c2aa5467d76@group-9DB053831FEB-StateMachineUpdater: snapshotIndex: updateIncreasingly -1 -> 35
2022-07-12 23:24:47,739 [41b6f92d-8f51-4ddc-a2ca-a30ae8e33d76@group-42DB1ADE585A-StateMachineUpdater] INFO  ratis.ContainerStateMachine (ContainerStateMachine.java:takeSnapshot(315)) - group-42DB1ADE585A: Finished taking a snapshot at:(t:3, i:14) file:/home/runner/work/ozone/ozone/hadoop-ozone/integration-test/target/test-dir/MiniOzoneClusterImpl-c1953583-3267-45ac-aa0d-78ee30f3dc89/datanode-2/data/ratis/b7a02158-d7e4-449b-8ef5-42db1ade585a/sm/snapshot.3_14 took: 6 ms
2022-07-12 23:24:47,739 [41b6f92d-8f51-4ddc-a2ca-a30ae8e33d76@group-42DB1ADE585A-StateMachineUpdater] INFO  impl.StateMachineUpdater (StateMachineUpdater.java:takeSnapshot(287)) - 41b6f92d-8f51-4ddc-a2ca-a30ae8e33d76@group-42DB1ADE585A-StateMachineUpdater: Took a snapshot at index 14
2022-07-12 23:24:47,739 [41b6f92d-8f51-4ddc-a2ca-a30ae8e33d76@group-42DB1ADE585A-StateMachineUpdater] INFO  impl.StateMachineUpdater (StateMachineUpdater.java:lambda$new$0(92)) - 41b6f92d-8f51-4ddc-a2ca-a30ae8e33d76@group-42DB1ADE585A-StateMachineUpdater: snapshotIndex: updateIncreasingly -1 -> 14
2022-07-12 23:24:47,740 [Listener at 127.0.0.1/45473] INFO  server.RaftServer$Division (ServerState.java:close(429)) - 41b6f92d-8f51-4ddc-a2ca-a30ae8e33d76@group-42DB1ADE585A: closes. applyIndex: 14
2022-07-12 23:24:47,740 [41b6f92d-8f51-4ddc-a2ca-a30ae8e33d76@group-42DB1ADE585A-SegmentedRaftLogWorker] INFO  segmented.SegmentedRaftLogWorker (SegmentedRaftLogWorker.java:run(336)) - 41b6f92d-8f51-4ddc-a2ca-a30ae8e33d76@group-42DB1ADE585A-SegmentedRaftLogWorker was interrupted, exiting. There are 0 tasks remaining in the queue.
2022-07-12 23:24:47,740 [ForkJoinPool.commonPool-worker-1] INFO  server.RaftServer$Division (ServerState.java:close(429)) - 5d23e830-42ed-4d2c-9f35-4c2aa5467d76@group-9DB053831FEB: closes. applyIndex: 35
2022-07-12 23:24:47,742 [5d23e830-42ed-4d2c-9f35-4c2aa5467d76@group-9DB053831FEB-SegmentedRaftLogWorker] INFO  segmented.SegmentedRaftLogWorker (SegmentedRaftLogWorker.java:run(336)) - 5d23e830-42ed-4d2c-9f35-4c2aa5467d76@group-9DB053831FEB-SegmentedRaftLogWorker was interrupted, exiting. There are 0 tasks remaining in the queue.
2022-07-12 23:24:47,742 [Listener at 127.0.0.1/45473] INFO  segmented.SegmentedRaftLogWorker (SegmentedRaftLogWorker.java:close(246)) - 41b6f92d-8f51-4ddc-a2ca-a30ae8e33d76@group-42DB1ADE585A-SegmentedRaftLogWorker close()
2022-07-12 23:24:47,744 [Listener at 127.0.0.1/45473] INFO  server.RaftServer$Division (RaftServerImpl.java:lambda$close$4(434)) - 41b6f92d-8f51-4ddc-a2ca-a30ae8e33d76@group-9DB053831FEB: shutdown
2022-07-12 23:24:47,744 [Listener at 127.0.0.1/45473] INFO  util.JmxRegister (JmxRegister.java:unregister(73)) - Successfully un-registered JMX Bean with object name Ratis:service=RaftServer,group=group-9DB053831FEB,id=41b6f92d-8f51-4ddc-a2ca-a30ae8e33d76
2022-07-12 23:24:47,745 [Listener at 127.0.0.1/45473] INFO  impl.RoleInfo (RoleInfo.java:shutdownFollowerState(110)) - 41b6f92d-8f51-4ddc-a2ca-a30ae8e33d76: shutdown 41b6f92d-8f51-4ddc-a2ca-a30ae8e33d76@group-9DB053831FEB-FollowerState
2022-07-12 23:24:47,745 [Listener at 127.0.0.1/45473] INFO  impl.StateMachineUpdater (StateMachineUpdater.java:stopAndJoin(153)) - 41b6f92d-8f51-4ddc-a2ca-a30ae8e33d76@group-9DB053831FEB-StateMachineUpdater: set stopIndex = 35
2022-07-12 23:24:47,745 [41b6f92d-8f51-4ddc-a2ca-a30ae8e33d76@group-9DB053831FEB-StateMachineUpdater] INFO  ratis.ContainerStateMachine (ContainerStateMachine.java:takeSnapshot(304)) - group-9DB053831FEB: Taking a snapshot at:(t:3, i:35) file /home/runner/work/ozone/ozone/hadoop-ozone/integration-test/target/test-dir/MiniOzoneClusterImpl-c1953583-3267-45ac-aa0d-78ee30f3dc89/datanode-2/data/ratis/d542f389-28c8-4c3a-80bc-9db053831feb/sm/snapshot.3_35
2022-07-12 23:24:47,745 [41b6f92d-8f51-4ddc-a2ca-a30ae8e33d76@group-9DB053831FEB-FollowerState] INFO  impl.FollowerState (FollowerState.java:run(152)) - 41b6f92d-8f51-4ddc-a2ca-a30ae8e33d76@group-9DB053831FEB-FollowerState was interrupted
2022-07-12 23:24:47,749 [41b6f92d-8f51-4ddc-a2ca-a30ae8e33d76@group-9DB053831FEB-StateMachineUpdater] INFO  ratis.ContainerStateMachine (ContainerStateMachine.java:takeSnapshot(315)) - group-9DB053831FEB: Finished taking a snapshot at:(t:3, i:35) file:/home/runner/work/ozone/ozone/hadoop-ozone/integration-test/target/test-dir/MiniOzoneClusterImpl-c1953583-3267-45ac-aa0d-78ee30f3dc89/datanode-2/data/ratis/d542f389-28c8-4c3a-80bc-9db053831feb/sm/snapshot.3_35 took: 4 ms
2022-07-12 23:24:47,749 [41b6f92d-8f51-4ddc-a2ca-a30ae8e33d76@group-9DB053831FEB-StateMachineUpdater] INFO  impl.StateMachineUpdater (StateMachineUpdater.java:takeSnapshot(287)) - 41b6f92d-8f51-4ddc-a2ca-a30ae8e33d76@group-9DB053831FEB-StateMachineUpdater: Took a snapshot at index 35
2022-07-12 23:24:47,749 [41b6f92d-8f51-4ddc-a2ca-a30ae8e33d76@group-9DB053831FEB-StateMachineUpdater] INFO  impl.StateMachineUpdater (StateMachineUpdater.java:lambda$new$0(92)) - 41b6f92d-8f51-4ddc-a2ca-a30ae8e33d76@group-9DB053831FEB-StateMachineUpdater: snapshotIndex: updateIncreasingly -1 -> 35
2022-07-12 23:24:47,753 [Listener at 127.0.0.1/45473] INFO  server.RaftServer$Division (ServerState.java:close(429)) - 41b6f92d-8f51-4ddc-a2ca-a30ae8e33d76@group-9DB053831FEB: closes. applyIndex: 35
2022-07-12 23:24:47,753 [41b6f92d-8f51-4ddc-a2ca-a30ae8e33d76@group-9DB053831FEB-SegmentedRaftLogWorker] INFO  segmented.SegmentedRaftLogWorker (SegmentedRaftLogWorker.java:run(336)) - 41b6f92d-8f51-4ddc-a2ca-a30ae8e33d76@group-9DB053831FEB-SegmentedRaftLogWorker was interrupted, exiting. There are 0 tasks remaining in the queue.
2022-07-12 23:24:47,781 [Listener at 127.0.0.1/45473] INFO  segmented.SegmentedRaftLogWorker (SegmentedRaftLogWorker.java:close(246)) - 41b6f92d-8f51-4ddc-a2ca-a30ae8e33d76@group-9DB053831FEB-SegmentedRaftLogWorker close()
2022-07-12 23:24:47,787 [Listener at 127.0.0.1/45473] INFO  server.GrpcService (GrpcService.java:closeImpl(269)) - 41b6f92d-8f51-4ddc-a2ca-a30ae8e33d76: shutdown server with port 40749 now
2022-07-12 23:24:47,787 [ForkJoinPool.commonPool-worker-1] INFO  segmented.SegmentedRaftLogWorker (SegmentedRaftLogWorker.java:close(246)) - 5d23e830-42ed-4d2c-9f35-4c2aa5467d76@group-9DB053831FEB-SegmentedRaftLogWorker close()
2022-07-12 23:24:47,801 [ForkJoinPool.commonPool-worker-1] INFO  server.GrpcService (GrpcService.java:closeImpl(269)) - 5d23e830-42ed-4d2c-9f35-4c2aa5467d76: shutdown server with port 35411 now
2022-07-12 23:24:47,835 [grpc-default-executor-6] WARN  server.GrpcClientProtocolService (LogUtils.java:warn(122)) - 1-UnorderedRequestStreamObserver1: onError: org.apache.ratis.thirdparty.io.grpc.StatusRuntimeException: CANCELLED: client cancelled
2022-07-12 23:24:47,835 [grpc-default-executor-5] WARN  server.GrpcClientProtocolService (LogUtils.java:warn(122)) - 1-UnorderedRequestStreamObserver1: onError: org.apache.ratis.thirdparty.io.grpc.StatusRuntimeException: CANCELLED: client cancelled
2022-07-12 23:24:47,876 [ForkJoinPool.commonPool-worker-1] INFO  server.GrpcService (GrpcService.java:closeImpl(278)) - 5d23e830-42ed-4d2c-9f35-4c2aa5467d76: shutdown server with port 35411 successfully
2022-07-12 23:24:47,877 [org.apache.ratis.util.JvmPauseMonitor$$Lambda$613/1690937419@43901e93] INFO  util.JvmPauseMonitor (JvmPauseMonitor.java:run(109)) - JvmPauseMonitor-5d23e830-42ed-4d2c-9f35-4c2aa5467d76: Stopped
2022-07-12 23:24:47,896 [Listener at 127.0.0.1/45473] INFO  server.GrpcService (GrpcService.java:closeImpl(278)) - 41b6f92d-8f51-4ddc-a2ca-a30ae8e33d76: shutdown server with port 40749 successfully
2022-07-12 23:24:47,929 [org.apache.ratis.util.JvmPauseMonitor$$Lambda$613/1690937419@5987af32] INFO  util.JvmPauseMonitor (JvmPauseMonitor.java:run(109)) - JvmPauseMonitor-41b6f92d-8f51-4ddc-a2ca-a30ae8e33d76: Stopped
2022-07-12 23:24:50,017 [Listener at 127.0.0.1/45473] INFO  utils.BackgroundService (BackgroundService.java:shutdown(132)) - Shutting down service BlockDeletingService
2022-07-12 23:24:50,023 [ForkJoinPool.commonPool-worker-1] INFO  utils.BackgroundService (BackgroundService.java:shutdown(132)) - Shutting down service BlockDeletingService
2022-07-12 23:24:52,818 [ca090ab3-3872-42a8-bcee-318ad7dbfeb0@group-42DB1ADE585A-FollowerState] INFO  impl.FollowerState (FollowerState.java:run(143)) - ca090ab3-3872-42a8-bcee-318ad7dbfeb0@group-42DB1ADE585A-FollowerState: change to CANDIDATE, lastRpcElapsedTime:6690741185ns, electionTimeout:5103ms
2022-07-12 23:24:52,818 [ca090ab3-3872-42a8-bcee-318ad7dbfeb0@group-42DB1ADE585A-FollowerState] INFO  impl.RoleInfo (RoleInfo.java:shutdownFollowerState(110)) - ca090ab3-3872-42a8-bcee-318ad7dbfeb0: shutdown ca090ab3-3872-42a8-bcee-318ad7dbfeb0@group-42DB1ADE585A-FollowerState
2022-07-12 23:24:52,818 [ca090ab3-3872-42a8-bcee-318ad7dbfeb0@group-42DB1ADE585A-FollowerState] INFO  server.RaftServer$Division (RaftServerImpl.java:setRole(299)) - ca090ab3-3872-42a8-bcee-318ad7dbfeb0@group-42DB1ADE585A: changes role from  FOLLOWER to CANDIDATE at term 3 for changeToCandidate
2022-07-12 23:24:52,818 [ca090ab3-3872-42a8-bcee-318ad7dbfeb0@group-42DB1ADE585A-FollowerState] INFO  server.RaftServerConfigKeys (ConfUtils.java:logGet(46)) - raft.server.leaderelection.pre-vote = false (custom)
2022-07-12 23:24:52,818 [ca090ab3-3872-42a8-bcee-318ad7dbfeb0@group-42DB1ADE585A-FollowerState] INFO  impl.RoleInfo (RoleInfo.java:updateAndGet(139)) - ca090ab3-3872-42a8-bcee-318ad7dbfeb0: start ca090ab3-3872-42a8-bcee-318ad7dbfeb0@group-42DB1ADE585A-LeaderElection70
2022-07-12 23:24:52,851 [ca090ab3-3872-42a8-bcee-318ad7dbfeb0@group-42DB1ADE585A-LeaderElection70] INFO  server.RaftServer$Division (ServerState.java:setLeader(287)) - ca090ab3-3872-42a8-bcee-318ad7dbfeb0@group-42DB1ADE585A: change Leader from 41b6f92d-8f51-4ddc-a2ca-a30ae8e33d76 to null at term 3 for ELECTION
2022-07-12 23:24:52,866 [ca090ab3-3872-42a8-bcee-318ad7dbfeb0@group-42DB1ADE585A-LeaderElection70] INFO  impl.LeaderElection (LeaderElection.java:askForVotes(310)) - ca090ab3-3872-42a8-bcee-318ad7dbfeb0@group-42DB1ADE585A-LeaderElection70 ELECTION round 0: submit vote requests at term 4 for 0: [5d23e830-42ed-4d2c-9f35-4c2aa5467d76|rpc:10.1.0.13:35411|dataStream:|priority:0, 41b6f92d-8f51-4ddc-a2ca-a30ae8e33d76|rpc:10.1.0.13:40749|dataStream:|priority:1, ca090ab3-3872-42a8-bcee-318ad7dbfeb0|rpc:10.1.0.13:40055|dataStream:|priority:0], old=null
2022-07-12 23:24:52,961 [ca090ab3-3872-42a8-bcee-318ad7dbfeb0@group-42DB1ADE585A-LeaderElection70] INFO  impl.LeaderElection (LogUtils.java:infoOrTrace(137)) - ca090ab3-3872-42a8-bcee-318ad7dbfeb0@group-42DB1ADE585A-LeaderElection70 got exception when requesting votes: java.util.concurrent.ExecutionException: org.apache.ratis.thirdparty.io.grpc.StatusRuntimeException: UNAVAILABLE: io exception
2022-07-12 23:24:52,991 [ca090ab3-3872-42a8-bcee-318ad7dbfeb0@group-42DB1ADE585A-LeaderElection70] INFO  impl.LeaderElection (LogUtils.java:infoOrTrace(137)) - ca090ab3-3872-42a8-bcee-318ad7dbfeb0@group-42DB1ADE585A-LeaderElection70 got exception when requesting votes: java.util.concurrent.ExecutionException: org.apache.ratis.thirdparty.io.grpc.StatusRuntimeException: UNAVAILABLE: io exception
2022-07-12 23:24:52,991 [ca090ab3-3872-42a8-bcee-318ad7dbfeb0@group-42DB1ADE585A-LeaderElection70] INFO  impl.LeaderElection (LeaderElection.java:logAndReturn(90)) - ca090ab3-3872-42a8-bcee-318ad7dbfeb0@group-42DB1ADE585A-LeaderElection70: ELECTION REJECTED received 0 response(s) and 2 exception(s):
2022-07-12 23:24:52,991 [ca090ab3-3872-42a8-bcee-318ad7dbfeb0@group-42DB1ADE585A-LeaderElection70] INFO  impl.LeaderElection (LogUtils.java:infoOrTrace(137)) -   Exception 0: java.util.concurrent.ExecutionException: org.apache.ratis.thirdparty.io.grpc.StatusRuntimeException: UNAVAILABLE: io exception
2022-07-12 23:24:52,991 [ca090ab3-3872-42a8-bcee-318ad7dbfeb0@group-42DB1ADE585A-LeaderElection70] INFO  impl.LeaderElection (LogUtils.java:infoOrTrace(137)) -   Exception 1: java.util.concurrent.ExecutionException: org.apache.ratis.thirdparty.io.grpc.StatusRuntimeException: UNAVAILABLE: io exception
2022-07-12 23:24:52,991 [ca090ab3-3872-42a8-bcee-318ad7dbfeb0@group-42DB1ADE585A-LeaderElection70] INFO  impl.LeaderElection (LeaderElection.java:askForVotes(312)) - ca090ab3-3872-42a8-bcee-318ad7dbfeb0@group-42DB1ADE585A-LeaderElection70 ELECTION round 0: result REJECTED
2022-07-12 23:24:52,991 [ca090ab3-3872-42a8-bcee-318ad7dbfeb0@group-42DB1ADE585A-LeaderElection70] INFO  server.RaftServer$Division (RaftServerImpl.java:setRole(299)) - ca090ab3-3872-42a8-bcee-318ad7dbfeb0@group-42DB1ADE585A: changes role from CANDIDATE to FOLLOWER at term 4 for REJECTED
2022-07-12 23:24:52,991 [ca090ab3-3872-42a8-bcee-318ad7dbfeb0@group-42DB1ADE585A-LeaderElection70] INFO  impl.RoleInfo (RoleInfo.java:shutdownLeaderElection(130)) - ca090ab3-3872-42a8-bcee-318ad7dbfeb0: shutdown ca090ab3-3872-42a8-bcee-318ad7dbfeb0@group-42DB1ADE585A-LeaderElection70
2022-07-12 23:24:52,991 [ca090ab3-3872-42a8-bcee-318ad7dbfeb0@group-42DB1ADE585A-LeaderElection70] INFO  impl.RoleInfo (RoleInfo.java:updateAndGet(139)) - ca090ab3-3872-42a8-bcee-318ad7dbfeb0: start ca090ab3-3872-42a8-bcee-318ad7dbfeb0@group-42DB1ADE585A-FollowerState
2022-07-12 23:24:53,037 [ForkJoinPool.commonPool-worker-1] INFO  statemachine.DatanodeStateMachine (DatanodeStateMachine.java:stopDaemon(580)) - Ozone container server stopped.
2022-07-12 23:24:53,077 [Listener at 127.0.0.1/45473] INFO  statemachine.DatanodeStateMachine (DatanodeStateMachine.java:stopDaemon(580)) - Ozone container server stopped.
2022-07-12 23:24:53,088 [Listener at 127.0.0.1/45473] INFO  handler.ContextHandler (ContextHandler.java:doStop(1153)) - Stopped o.e.j.w.WebAppContext@7233c467{hddsDatanode,/,null,STOPPED}{jar:file:/home/runner/.m2/repository/org/apache/ozone/hdds-container-service/1.3.0-SNAPSHOT/hdds-container-service-1.3.0-SNAPSHOT.jar!/webapps/hddsDatanode}
2022-07-12 23:24:53,128 [ForkJoinPool.commonPool-worker-1] INFO  handler.ContextHandler (ContextHandler.java:doStop(1153)) - Stopped o.e.j.w.WebAppContext@1f7a9ecd{hddsDatanode,/,null,STOPPED}{jar:file:/home/runner/.m2/repository/org/apache/ozone/hdds-container-service/1.3.0-SNAPSHOT/hdds-container-service-1.3.0-SNAPSHOT.jar!/webapps/hddsDatanode}
2022-07-12 23:24:53,128 [Listener at 127.0.0.1/45473] INFO  server.AbstractConnector (AbstractConnector.java:doStop(381)) - Stopped ServerConnector@2300c37f{HTTP/1.1, (http/1.1)}{0.0.0.0:0}
2022-07-12 23:24:53,129 [Listener at 127.0.0.1/45473] INFO  server.session (HouseKeeper.java:stopScavenging(149)) - node0 Stopped scavenging
2022-07-12 23:24:53,131 [Listener at 127.0.0.1/45473] INFO  handler.ContextHandler (ContextHandler.java:doStop(1153)) - Stopped o.e.j.s.ServletContextHandler@176dd857{static,/static,jar:file:/home/runner/.m2/repository/org/apache/ozone/hdds-container-service/1.3.0-SNAPSHOT/hdds-container-service-1.3.0-SNAPSHOT.jar!/webapps/static,STOPPED}
2022-07-12 23:24:53,131 [Listener at 127.0.0.1/45473] INFO  handler.ContextHandler (ContextHandler.java:doStop(1153)) - Stopped o.e.j.s.ServletContextHandler@4bcff2c1{logs,/logs,file:///home/runner/work/ozone/ozone/hadoop-ozone/integration-test/target/log,STOPPED}
2022-07-12 23:24:53,131 [ForkJoinPool.commonPool-worker-1] INFO  server.AbstractConnector (AbstractConnector.java:doStop(381)) - Stopped ServerConnector@236f2116{HTTP/1.1, (http/1.1)}{0.0.0.0:0}
2022-07-12 23:24:53,131 [ForkJoinPool.commonPool-worker-1] INFO  server.session (HouseKeeper.java:stopScavenging(149)) - node0 Stopped scavenging
2022-07-12 23:24:53,172 [ForkJoinPool.commonPool-worker-1] INFO  handler.ContextHandler (ContextHandler.java:doStop(1153)) - Stopped o.e.j.s.ServletContextHandler@4338704b{static,/static,jar:file:/home/runner/.m2/repository/org/apache/ozone/hdds-container-service/1.3.0-SNAPSHOT/hdds-container-service-1.3.0-SNAPSHOT.jar!/webapps/static,STOPPED}
2022-07-12 23:24:53,172 [ForkJoinPool.commonPool-worker-1] INFO  handler.ContextHandler (ContextHandler.java:doStop(1153)) - Stopped o.e.j.s.ServletContextHandler@1ab274a0{logs,/logs,file:///home/runner/work/ozone/ozone/hadoop-ozone/integration-test/target/log,STOPPED}
2022-07-12 23:24:53,381 [ca090ab3-3872-42a8-bcee-318ad7dbfeb0@group-9DB053831FEB-FollowerState] INFO  impl.FollowerState (FollowerState.java:run(143)) - ca090ab3-3872-42a8-bcee-318ad7dbfeb0@group-9DB053831FEB-FollowerState: change to CANDIDATE, lastRpcElapsedTime:8295434935ns, electionTimeout:5060ms
2022-07-12 23:24:53,381 [ca090ab3-3872-42a8-bcee-318ad7dbfeb0@group-9DB053831FEB-FollowerState] INFO  impl.RoleInfo (RoleInfo.java:shutdownFollowerState(110)) - ca090ab3-3872-42a8-bcee-318ad7dbfeb0: shutdown ca090ab3-3872-42a8-bcee-318ad7dbfeb0@group-9DB053831FEB-FollowerState
2022-07-12 23:24:53,382 [ca090ab3-3872-42a8-bcee-318ad7dbfeb0@group-9DB053831FEB-FollowerState] INFO  server.RaftServer$Division (RaftServerImpl.java:setRole(299)) - ca090ab3-3872-42a8-bcee-318ad7dbfeb0@group-9DB053831FEB: changes role from  FOLLOWER to CANDIDATE at term 3 for changeToCandidate
2022-07-12 23:24:53,382 [ca090ab3-3872-42a8-bcee-318ad7dbfeb0@group-9DB053831FEB-FollowerState] INFO  server.RaftServerConfigKeys (ConfUtils.java:logGet(46)) - raft.server.leaderelection.pre-vote = false (custom)
2022-07-12 23:24:53,382 [ca090ab3-3872-42a8-bcee-318ad7dbfeb0@group-9DB053831FEB-FollowerState] INFO  impl.RoleInfo (RoleInfo.java:updateAndGet(139)) - ca090ab3-3872-42a8-bcee-318ad7dbfeb0: start ca090ab3-3872-42a8-bcee-318ad7dbfeb0@group-9DB053831FEB-LeaderElection71
2022-07-12 23:24:53,421 [ca090ab3-3872-42a8-bcee-318ad7dbfeb0@group-9DB053831FEB-LeaderElection71] INFO  server.RaftServer$Division (ServerState.java:setLeader(287)) - ca090ab3-3872-42a8-bcee-318ad7dbfeb0@group-9DB053831FEB: change Leader from 5d23e830-42ed-4d2c-9f35-4c2aa5467d76 to null at term 3 for ELECTION
2022-07-12 23:24:53,425 [ca090ab3-3872-42a8-bcee-318ad7dbfeb0@group-9DB053831FEB-LeaderElection71] INFO  impl.LeaderElection (LeaderElection.java:askForVotes(310)) - ca090ab3-3872-42a8-bcee-318ad7dbfeb0@group-9DB053831FEB-LeaderElection71 ELECTION round 0: submit vote requests at term 4 for 0: [5d23e830-42ed-4d2c-9f35-4c2aa5467d76|rpc:10.1.0.13:35411|dataStream:|priority:1, 41b6f92d-8f51-4ddc-a2ca-a30ae8e33d76|rpc:10.1.0.13:40749|dataStream:|priority:0, ca090ab3-3872-42a8-bcee-318ad7dbfeb0|rpc:10.1.0.13:40055|dataStream:|priority:0], old=null
2022-07-12 23:24:53,452 [ca090ab3-3872-42a8-bcee-318ad7dbfeb0@group-9DB053831FEB-LeaderElection71] INFO  impl.LeaderElection (LogUtils.java:infoOrTrace(137)) - ca090ab3-3872-42a8-bcee-318ad7dbfeb0@group-9DB053831FEB-LeaderElection71 got exception when requesting votes: java.util.concurrent.ExecutionException: org.apache.ratis.thirdparty.io.grpc.StatusRuntimeException: UNAVAILABLE: io exception
2022-07-12 23:24:53,457 [ca090ab3-3872-42a8-bcee-318ad7dbfeb0@group-9DB053831FEB-LeaderElection71] INFO  impl.LeaderElection (LogUtils.java:infoOrTrace(137)) - ca090ab3-3872-42a8-bcee-318ad7dbfeb0@group-9DB053831FEB-LeaderElection71 got exception when requesting votes: java.util.concurrent.ExecutionException: org.apache.ratis.thirdparty.io.grpc.StatusRuntimeException: UNAVAILABLE: io exception
2022-07-12 23:24:53,457 [ca090ab3-3872-42a8-bcee-318ad7dbfeb0@group-9DB053831FEB-LeaderElection71] INFO  impl.LeaderElection (LeaderElection.java:logAndReturn(90)) - ca090ab3-3872-42a8-bcee-318ad7dbfeb0@group-9DB053831FEB-LeaderElection71: ELECTION REJECTED received 0 response(s) and 2 exception(s):
2022-07-12 23:24:53,458 [ca090ab3-3872-42a8-bcee-318ad7dbfeb0@group-9DB053831FEB-LeaderElection71] INFO  impl.LeaderElection (LogUtils.java:infoOrTrace(137)) -   Exception 0: java.util.concurrent.ExecutionException: org.apache.ratis.thirdparty.io.grpc.StatusRuntimeException: UNAVAILABLE: io exception
2022-07-12 23:24:53,458 [ca090ab3-3872-42a8-bcee-318ad7dbfeb0@group-9DB053831FEB-LeaderElection71] INFO  impl.LeaderElection (LogUtils.java:infoOrTrace(137)) -   Exception 1: java.util.concurrent.ExecutionException: org.apache.ratis.thirdparty.io.grpc.StatusRuntimeException: UNAVAILABLE: io exception
2022-07-12 23:24:53,458 [ca090ab3-3872-42a8-bcee-318ad7dbfeb0@group-9DB053831FEB-LeaderElection71] INFO  impl.LeaderElection (LeaderElection.java:askForVotes(312)) - ca090ab3-3872-42a8-bcee-318ad7dbfeb0@group-9DB053831FEB-LeaderElection71 ELECTION round 0: result REJECTED
2022-07-12 23:24:53,458 [ca090ab3-3872-42a8-bcee-318ad7dbfeb0@group-9DB053831FEB-LeaderElection71] INFO  server.RaftServer$Division (RaftServerImpl.java:setRole(299)) - ca090ab3-3872-42a8-bcee-318ad7dbfeb0@group-9DB053831FEB: changes role from CANDIDATE to FOLLOWER at term 4 for REJECTED
2022-07-12 23:24:53,458 [ca090ab3-3872-42a8-bcee-318ad7dbfeb0@group-9DB053831FEB-LeaderElection71] INFO  impl.RoleInfo (RoleInfo.java:shutdownLeaderElection(130)) - ca090ab3-3872-42a8-bcee-318ad7dbfeb0: shutdown ca090ab3-3872-42a8-bcee-318ad7dbfeb0@group-9DB053831FEB-LeaderElection71
2022-07-12 23:24:53,458 [ca090ab3-3872-42a8-bcee-318ad7dbfeb0@group-9DB053831FEB-LeaderElection71] INFO  impl.RoleInfo (RoleInfo.java:updateAndGet(139)) - ca090ab3-3872-42a8-bcee-318ad7dbfeb0: start ca090ab3-3872-42a8-bcee-318ad7dbfeb0@group-9DB053831FEB-FollowerState
2022-07-12 23:24:58,014 [ca090ab3-3872-42a8-bcee-318ad7dbfeb0@group-42DB1ADE585A-FollowerState] INFO  impl.FollowerState (FollowerState.java:run(143)) - ca090ab3-3872-42a8-bcee-318ad7dbfeb0@group-42DB1ADE585A-FollowerState: change to CANDIDATE, lastRpcElapsedTime:5022747466ns, electionTimeout:5004ms
2022-07-12 23:24:58,014 [ca090ab3-3872-42a8-bcee-318ad7dbfeb0@group-42DB1ADE585A-FollowerState] INFO  impl.RoleInfo (RoleInfo.java:shutdownFollowerState(110)) - ca090ab3-3872-42a8-bcee-318ad7dbfeb0: shutdown ca090ab3-3872-42a8-bcee-318ad7dbfeb0@group-42DB1ADE585A-FollowerState
2022-07-12 23:24:58,014 [ca090ab3-3872-42a8-bcee-318ad7dbfeb0@group-42DB1ADE585A-FollowerState] INFO  server.RaftServer$Division (RaftServerImpl.java:setRole(299)) - ca090ab3-3872-42a8-bcee-318ad7dbfeb0@group-42DB1ADE585A: changes role from  FOLLOWER to CANDIDATE at term 4 for changeToCandidate
2022-07-12 23:24:58,014 [ca090ab3-3872-42a8-bcee-318ad7dbfeb0@group-42DB1ADE585A-FollowerState] INFO  server.RaftServerConfigKeys (ConfUtils.java:logGet(46)) - raft.server.leaderelection.pre-vote = false (custom)
2022-07-12 23:24:58,014 [ca090ab3-3872-42a8-bcee-318ad7dbfeb0@group-42DB1ADE585A-FollowerState] INFO  impl.RoleInfo (RoleInfo.java:updateAndGet(139)) - ca090ab3-3872-42a8-bcee-318ad7dbfeb0: start ca090ab3-3872-42a8-bcee-318ad7dbfeb0@group-42DB1ADE585A-LeaderElection72
2022-07-12 23:24:58,054 [ca090ab3-3872-42a8-bcee-318ad7dbfeb0@group-42DB1ADE585A-LeaderElection72] INFO  impl.LeaderElection (LeaderElection.java:askForVotes(310)) - ca090ab3-3872-42a8-bcee-318ad7dbfeb0@group-42DB1ADE585A-LeaderElection72 ELECTION round 0: submit vote requests at term 5 for 0: [5d23e830-42ed-4d2c-9f35-4c2aa5467d76|rpc:10.1.0.13:35411|dataStream:|priority:0, 41b6f92d-8f51-4ddc-a2ca-a30ae8e33d76|rpc:10.1.0.13:40749|dataStream:|priority:1, ca090ab3-3872-42a8-bcee-318ad7dbfeb0|rpc:10.1.0.13:40055|dataStream:|priority:0], old=null
2022-07-12 23:24:58,072 [ca090ab3-3872-42a8-bcee-318ad7dbfeb0@group-42DB1ADE585A-LeaderElection72] INFO  impl.LeaderElection (LogUtils.java:infoOrTrace(137)) - ca090ab3-3872-42a8-bcee-318ad7dbfeb0@group-42DB1ADE585A-LeaderElection72 got exception when requesting votes: java.util.concurrent.ExecutionException: org.apache.ratis.thirdparty.io.grpc.StatusRuntimeException: UNAVAILABLE: io exception
2022-07-12 23:24:58,083 [ca090ab3-3872-42a8-bcee-318ad7dbfeb0@group-42DB1ADE585A-LeaderElection72] INFO  impl.LeaderElection (LogUtils.java:infoOrTrace(137)) - ca090ab3-3872-42a8-bcee-318ad7dbfeb0@group-42DB1ADE585A-LeaderElection72 got exception when requesting votes: java.util.concurrent.ExecutionException: org.apache.ratis.thirdparty.io.grpc.StatusRuntimeException: UNAVAILABLE: io exception
2022-07-12 23:24:58,083 [ca090ab3-3872-42a8-bcee-318ad7dbfeb0@group-42DB1ADE585A-LeaderElection72] INFO  impl.LeaderElection (LeaderElection.java:logAndReturn(90)) - ca090ab3-3872-42a8-bcee-318ad7dbfeb0@group-42DB1ADE585A-LeaderElection72: ELECTION REJECTED received 0 response(s) and 2 exception(s):
2022-07-12 23:24:58,083 [ca090ab3-3872-42a8-bcee-318ad7dbfeb0@group-42DB1ADE585A-LeaderElection72] INFO  impl.LeaderElection (LogUtils.java:infoOrTrace(137)) -   Exception 0: java.util.concurrent.ExecutionException: org.apache.ratis.thirdparty.io.grpc.StatusRuntimeException: UNAVAILABLE: io exception
2022-07-12 23:24:58,083 [ca090ab3-3872-42a8-bcee-318ad7dbfeb0@group-42DB1ADE585A-LeaderElection72] INFO  impl.LeaderElection (LogUtils.java:infoOrTrace(137)) -   Exception 1: java.util.concurrent.ExecutionException: org.apache.ratis.thirdparty.io.grpc.StatusRuntimeException: UNAVAILABLE: io exception
2022-07-12 23:24:58,083 [ca090ab3-3872-42a8-bcee-318ad7dbfeb0@group-42DB1ADE585A-LeaderElection72] INFO  impl.LeaderElection (LeaderElection.java:askForVotes(312)) - ca090ab3-3872-42a8-bcee-318ad7dbfeb0@group-42DB1ADE585A-LeaderElection72 ELECTION round 0: result REJECTED
2022-07-12 23:24:58,083 [ca090ab3-3872-42a8-bcee-318ad7dbfeb0@group-42DB1ADE585A-LeaderElection72] INFO  server.RaftServer$Division (RaftServerImpl.java:setRole(299)) - ca090ab3-3872-42a8-bcee-318ad7dbfeb0@group-42DB1ADE585A: changes role from CANDIDATE to FOLLOWER at term 5 for REJECTED
2022-07-12 23:24:58,083 [ca090ab3-3872-42a8-bcee-318ad7dbfeb0@group-42DB1ADE585A-LeaderElection72] INFO  impl.RoleInfo (RoleInfo.java:shutdownLeaderElection(130)) - ca090ab3-3872-42a8-bcee-318ad7dbfeb0: shutdown ca090ab3-3872-42a8-bcee-318ad7dbfeb0@group-42DB1ADE585A-LeaderElection72
2022-07-12 23:24:58,083 [ca090ab3-3872-42a8-bcee-318ad7dbfeb0@group-42DB1ADE585A-LeaderElection72] INFO  impl.RoleInfo (RoleInfo.java:updateAndGet(139)) - ca090ab3-3872-42a8-bcee-318ad7dbfeb0: start ca090ab3-3872-42a8-bcee-318ad7dbfeb0@group-42DB1ADE585A-FollowerState
2022-07-12 23:24:58,173 [Listener at 127.0.0.1/45473] INFO  ozoneimpl.OzoneContainer (OzoneContainer.java:stop(365)) - Attempting to stop container services.
2022-07-12 23:24:58,177 [ForkJoinPool.commonPool-worker-1] INFO  ozoneimpl.OzoneContainer (OzoneContainer.java:stop(365)) - Attempting to stop container services.
2022-07-12 23:24:58,177 [Listener at 127.0.0.1/45473] INFO  server.RaftServer (RaftServerProxy.java:lambda$close$7(398)) - 3f53d41b-4288-423f-96db-a44acbd7e568: close
2022-07-12 23:24:58,178 [Listener at 127.0.0.1/45473] INFO  server.RaftServer$Division (RaftServerImpl.java:lambda$close$4(434)) - 3f53d41b-4288-423f-96db-a44acbd7e568@group-EBDFDABB5FDD: shutdown
2022-07-12 23:24:58,178 [Listener at 127.0.0.1/45473] INFO  util.JmxRegister (JmxRegister.java:unregister(73)) - Successfully un-registered JMX Bean with object name Ratis:service=RaftServer,group=group-EBDFDABB5FDD,id=3f53d41b-4288-423f-96db-a44acbd7e568
2022-07-12 23:24:58,178 [Listener at 127.0.0.1/45473] INFO  impl.RoleInfo (RoleInfo.java:shutdownLeaderState(93)) - 3f53d41b-4288-423f-96db-a44acbd7e568: shutdown 3f53d41b-4288-423f-96db-a44acbd7e568@group-EBDFDABB5FDD-LeaderStateImpl
2022-07-12 23:24:58,178 [Listener at 127.0.0.1/45473] INFO  impl.PendingRequests (PendingRequests.java:sendNotLeaderResponses(282)) - 3f53d41b-4288-423f-96db-a44acbd7e568@group-EBDFDABB5FDD-PendingRequests: sendNotLeaderResponses
2022-07-12 23:24:58,185 [Listener at 127.0.0.1/45473] INFO  impl.StateMachineUpdater (StateMachineUpdater.java:stopAndJoin(153)) - 3f53d41b-4288-423f-96db-a44acbd7e568@group-EBDFDABB5FDD-StateMachineUpdater: set stopIndex = 0
2022-07-12 23:24:58,186 [3f53d41b-4288-423f-96db-a44acbd7e568@group-EBDFDABB5FDD-StateMachineUpdater] INFO  ratis.ContainerStateMachine (ContainerStateMachine.java:takeSnapshot(304)) - group-EBDFDABB5FDD: Taking a snapshot at:(t:1, i:0) file /home/runner/work/ozone/ozone/hadoop-ozone/integration-test/target/test-dir/MiniOzoneClusterImpl-c1953583-3267-45ac-aa0d-78ee30f3dc89/datanode-4/data/ratis/6d7a2d0a-0b1f-4021-b4c9-ebdfdabb5fdd/sm/snapshot.1_0
2022-07-12 23:24:58,186 [3f53d41b-4288-423f-96db-a44acbd7e568@group-EBDFDABB5FDD-StateMachineUpdater] INFO  ratis.ContainerStateMachine (ContainerStateMachine.java:takeSnapshot(315)) - group-EBDFDABB5FDD: Finished taking a snapshot at:(t:1, i:0) file:/home/runner/work/ozone/ozone/hadoop-ozone/integration-test/target/test-dir/MiniOzoneClusterImpl-c1953583-3267-45ac-aa0d-78ee30f3dc89/datanode-4/data/ratis/6d7a2d0a-0b1f-4021-b4c9-ebdfdabb5fdd/sm/snapshot.1_0 took: 1 ms
2022-07-12 23:24:58,187 [3f53d41b-4288-423f-96db-a44acbd7e568@group-EBDFDABB5FDD-StateMachineUpdater] INFO  impl.StateMachineUpdater (StateMachineUpdater.java:takeSnapshot(287)) - 3f53d41b-4288-423f-96db-a44acbd7e568@group-EBDFDABB5FDD-StateMachineUpdater: Took a snapshot at index 0
2022-07-12 23:24:58,187 [3f53d41b-4288-423f-96db-a44acbd7e568@group-EBDFDABB5FDD-StateMachineUpdater] INFO  impl.StateMachineUpdater (StateMachineUpdater.java:lambda$new$0(92)) - 3f53d41b-4288-423f-96db-a44acbd7e568@group-EBDFDABB5FDD-StateMachineUpdater: snapshotIndex: updateIncreasingly -1 -> 0
2022-07-12 23:24:58,190 [ForkJoinPool.commonPool-worker-1] INFO  server.RaftServer (RaftServerProxy.java:lambda$close$7(398)) - ca090ab3-3872-42a8-bcee-318ad7dbfeb0: close
2022-07-12 23:24:58,191 [ForkJoinPool.commonPool-worker-1] INFO  server.RaftServer$Division (RaftServerImpl.java:lambda$close$4(434)) - ca090ab3-3872-42a8-bcee-318ad7dbfeb0@group-33B48B73BCEA: shutdown
2022-07-12 23:24:58,191 [ForkJoinPool.commonPool-worker-1] INFO  util.JmxRegister (JmxRegister.java:unregister(73)) - Successfully un-registered JMX Bean with object name Ratis:service=RaftServer,group=group-33B48B73BCEA,id=ca090ab3-3872-42a8-bcee-318ad7dbfeb0
2022-07-12 23:24:58,191 [ForkJoinPool.commonPool-worker-1] INFO  impl.RoleInfo (RoleInfo.java:shutdownLeaderState(93)) - ca090ab3-3872-42a8-bcee-318ad7dbfeb0: shutdown ca090ab3-3872-42a8-bcee-318ad7dbfeb0@group-33B48B73BCEA-LeaderStateImpl
2022-07-12 23:24:58,191 [ForkJoinPool.commonPool-worker-1] INFO  impl.PendingRequests (PendingRequests.java:sendNotLeaderResponses(282)) - ca090ab3-3872-42a8-bcee-318ad7dbfeb0@group-33B48B73BCEA-PendingRequests: sendNotLeaderResponses
2022-07-12 23:24:58,191 [ForkJoinPool.commonPool-worker-1] INFO  impl.StateMachineUpdater (StateMachineUpdater.java:stopAndJoin(153)) - ca090ab3-3872-42a8-bcee-318ad7dbfeb0@group-33B48B73BCEA-StateMachineUpdater: set stopIndex = 0
2022-07-12 23:24:58,192 [ca090ab3-3872-42a8-bcee-318ad7dbfeb0@group-33B48B73BCEA-StateMachineUpdater] INFO  ratis.ContainerStateMachine (ContainerStateMachine.java:takeSnapshot(304)) - group-33B48B73BCEA: Taking a snapshot at:(t:1, i:0) file /home/runner/work/ozone/ozone/hadoop-ozone/integration-test/target/test-dir/MiniOzoneClusterImpl-c1953583-3267-45ac-aa0d-78ee30f3dc89/datanode-0/data/ratis/b42b5d43-5256-4b0a-8e38-33b48b73bcea/sm/snapshot.1_0
2022-07-12 23:24:58,192 [Listener at 127.0.0.1/45473] INFO  server.RaftServer$Division (ServerState.java:close(429)) - 3f53d41b-4288-423f-96db-a44acbd7e568@group-EBDFDABB5FDD: closes. applyIndex: 0
2022-07-12 23:24:58,204 [ca090ab3-3872-42a8-bcee-318ad7dbfeb0@group-33B48B73BCEA-StateMachineUpdater] INFO  ratis.ContainerStateMachine (ContainerStateMachine.java:takeSnapshot(315)) - group-33B48B73BCEA: Finished taking a snapshot at:(t:1, i:0) file:/home/runner/work/ozone/ozone/hadoop-ozone/integration-test/target/test-dir/MiniOzoneClusterImpl-c1953583-3267-45ac-aa0d-78ee30f3dc89/datanode-0/data/ratis/b42b5d43-5256-4b0a-8e38-33b48b73bcea/sm/snapshot.1_0 took: 12 ms
2022-07-12 23:24:58,257 [ca090ab3-3872-42a8-bcee-318ad7dbfeb0@group-33B48B73BCEA-StateMachineUpdater] INFO  impl.StateMachineUpdater (StateMachineUpdater.java:takeSnapshot(287)) - ca090ab3-3872-42a8-bcee-318ad7dbfeb0@group-33B48B73BCEA-StateMachineUpdater: Took a snapshot at index 0
2022-07-12 23:24:58,257 [ca090ab3-3872-42a8-bcee-318ad7dbfeb0@group-33B48B73BCEA-StateMachineUpdater] INFO  impl.StateMachineUpdater (StateMachineUpdater.java:lambda$new$0(92)) - ca090ab3-3872-42a8-bcee-318ad7dbfeb0@group-33B48B73BCEA-StateMachineUpdater: snapshotIndex: updateIncreasingly -1 -> 0
2022-07-12 23:24:58,258 [ForkJoinPool.commonPool-worker-1] INFO  server.RaftServer$Division (ServerState.java:close(429)) - ca090ab3-3872-42a8-bcee-318ad7dbfeb0@group-33B48B73BCEA: closes. applyIndex: 0
2022-07-12 23:24:58,261 [ca090ab3-3872-42a8-bcee-318ad7dbfeb0@group-33B48B73BCEA-SegmentedRaftLogWorker] INFO  segmented.SegmentedRaftLogWorker (SegmentedRaftLogWorker.java:run(336)) - ca090ab3-3872-42a8-bcee-318ad7dbfeb0@group-33B48B73BCEA-SegmentedRaftLogWorker was interrupted, exiting. There are 0 tasks remaining in the queue.
2022-07-12 23:24:58,258 [3f53d41b-4288-423f-96db-a44acbd7e568@group-EBDFDABB5FDD-SegmentedRaftLogWorker] INFO  segmented.SegmentedRaftLogWorker (SegmentedRaftLogWorker.java:run(336)) - 3f53d41b-4288-423f-96db-a44acbd7e568@group-EBDFDABB5FDD-SegmentedRaftLogWorker was interrupted, exiting. There are 0 tasks remaining in the queue.
2022-07-12 23:24:58,297 [Listener at 127.0.0.1/45473] INFO  segmented.SegmentedRaftLogWorker (SegmentedRaftLogWorker.java:close(246)) - 3f53d41b-4288-423f-96db-a44acbd7e568@group-EBDFDABB5FDD-SegmentedRaftLogWorker close()
2022-07-12 23:24:58,297 [ForkJoinPool.commonPool-worker-1] INFO  segmented.SegmentedRaftLogWorker (SegmentedRaftLogWorker.java:close(246)) - ca090ab3-3872-42a8-bcee-318ad7dbfeb0@group-33B48B73BCEA-SegmentedRaftLogWorker close()
2022-07-12 23:24:58,307 [ForkJoinPool.commonPool-worker-1] INFO  server.RaftServer$Division (RaftServerImpl.java:lambda$close$4(434)) - ca090ab3-3872-42a8-bcee-318ad7dbfeb0@group-42DB1ADE585A: shutdown
2022-07-12 23:24:58,307 [ForkJoinPool.commonPool-worker-1] INFO  util.JmxRegister (JmxRegister.java:unregister(73)) - Successfully un-registered JMX Bean with object name Ratis:service=RaftServer,group=group-42DB1ADE585A,id=ca090ab3-3872-42a8-bcee-318ad7dbfeb0
2022-07-12 23:24:58,307 [ForkJoinPool.commonPool-worker-1] INFO  impl.RoleInfo (RoleInfo.java:shutdownFollowerState(110)) - ca090ab3-3872-42a8-bcee-318ad7dbfeb0: shutdown ca090ab3-3872-42a8-bcee-318ad7dbfeb0@group-42DB1ADE585A-FollowerState
2022-07-12 23:24:58,307 [ForkJoinPool.commonPool-worker-1] INFO  impl.StateMachineUpdater (StateMachineUpdater.java:stopAndJoin(153)) - ca090ab3-3872-42a8-bcee-318ad7dbfeb0@group-42DB1ADE585A-StateMachineUpdater: set stopIndex = 14
2022-07-12 23:24:58,309 [Listener at 127.0.0.1/45473] INFO  server.GrpcService (GrpcService.java:closeImpl(269)) - 3f53d41b-4288-423f-96db-a44acbd7e568: shutdown server with port 36655 now
2022-07-12 23:24:58,309 [ca090ab3-3872-42a8-bcee-318ad7dbfeb0@group-42DB1ADE585A-FollowerState] INFO  impl.FollowerState (FollowerState.java:run(152)) - ca090ab3-3872-42a8-bcee-318ad7dbfeb0@group-42DB1ADE585A-FollowerState was interrupted
2022-07-12 23:24:58,312 [Listener at 127.0.0.1/45473] INFO  server.GrpcService (GrpcService.java:closeImpl(278)) - 3f53d41b-4288-423f-96db-a44acbd7e568: shutdown server with port 36655 successfully
2022-07-12 23:24:58,315 [org.apache.ratis.util.JvmPauseMonitor$$Lambda$613/1690937419@46f368b] INFO  util.JvmPauseMonitor (JvmPauseMonitor.java:run(109)) - JvmPauseMonitor-3f53d41b-4288-423f-96db-a44acbd7e568: Stopped
2022-07-12 23:24:58,346 [ca090ab3-3872-42a8-bcee-318ad7dbfeb0@group-42DB1ADE585A-StateMachineUpdater] INFO  ratis.ContainerStateMachine (ContainerStateMachine.java:takeSnapshot(304)) - group-42DB1ADE585A: Taking a snapshot at:(t:3, i:14) file /home/runner/work/ozone/ozone/hadoop-ozone/integration-test/target/test-dir/MiniOzoneClusterImpl-c1953583-3267-45ac-aa0d-78ee30f3dc89/datanode-0/data/ratis/b7a02158-d7e4-449b-8ef5-42db1ade585a/sm/snapshot.3_14
2022-07-12 23:24:58,349 [ca090ab3-3872-42a8-bcee-318ad7dbfeb0@group-42DB1ADE585A-StateMachineUpdater] INFO  ratis.ContainerStateMachine (ContainerStateMachine.java:takeSnapshot(315)) - group-42DB1ADE585A: Finished taking a snapshot at:(t:3, i:14) file:/home/runner/work/ozone/ozone/hadoop-ozone/integration-test/target/test-dir/MiniOzoneClusterImpl-c1953583-3267-45ac-aa0d-78ee30f3dc89/datanode-0/data/ratis/b7a02158-d7e4-449b-8ef5-42db1ade585a/sm/snapshot.3_14 took: 4 ms
2022-07-12 23:24:58,350 [ca090ab3-3872-42a8-bcee-318ad7dbfeb0@group-42DB1ADE585A-StateMachineUpdater] INFO  impl.StateMachineUpdater (StateMachineUpdater.java:takeSnapshot(287)) - ca090ab3-3872-42a8-bcee-318ad7dbfeb0@group-42DB1ADE585A-StateMachineUpdater: Took a snapshot at index 14
2022-07-12 23:24:58,350 [ca090ab3-3872-42a8-bcee-318ad7dbfeb0@group-42DB1ADE585A-StateMachineUpdater] INFO  impl.StateMachineUpdater (StateMachineUpdater.java:lambda$new$0(92)) - ca090ab3-3872-42a8-bcee-318ad7dbfeb0@group-42DB1ADE585A-StateMachineUpdater: snapshotIndex: updateIncreasingly -1 -> 14
2022-07-12 23:24:58,350 [ForkJoinPool.commonPool-worker-1] INFO  server.RaftServer$Division (ServerState.java:close(429)) - ca090ab3-3872-42a8-bcee-318ad7dbfeb0@group-42DB1ADE585A: closes. applyIndex: 14
2022-07-12 23:24:58,350 [ca090ab3-3872-42a8-bcee-318ad7dbfeb0@group-42DB1ADE585A-SegmentedRaftLogWorker] INFO  segmented.SegmentedRaftLogWorker (SegmentedRaftLogWorker.java:run(336)) - ca090ab3-3872-42a8-bcee-318ad7dbfeb0@group-42DB1ADE585A-SegmentedRaftLogWorker was interrupted, exiting. There are 0 tasks remaining in the queue.
2022-07-12 23:24:58,351 [ForkJoinPool.commonPool-worker-1] INFO  segmented.SegmentedRaftLogWorker (SegmentedRaftLogWorker.java:close(246)) - ca090ab3-3872-42a8-bcee-318ad7dbfeb0@group-42DB1ADE585A-SegmentedRaftLogWorker close()
2022-07-12 23:24:58,361 [ForkJoinPool.commonPool-worker-1] INFO  server.RaftServer$Division (RaftServerImpl.java:lambda$close$4(434)) - ca090ab3-3872-42a8-bcee-318ad7dbfeb0@group-9DB053831FEB: shutdown
2022-07-12 23:24:58,361 [ForkJoinPool.commonPool-worker-1] INFO  util.JmxRegister (JmxRegister.java:unregister(73)) - Successfully un-registered JMX Bean with object name Ratis:service=RaftServer,group=group-9DB053831FEB,id=ca090ab3-3872-42a8-bcee-318ad7dbfeb0
2022-07-12 23:24:58,361 [ForkJoinPool.commonPool-worker-1] INFO  impl.RoleInfo (RoleInfo.java:shutdownFollowerState(110)) - ca090ab3-3872-42a8-bcee-318ad7dbfeb0: shutdown ca090ab3-3872-42a8-bcee-318ad7dbfeb0@group-9DB053831FEB-FollowerState
2022-07-12 23:24:58,361 [ForkJoinPool.commonPool-worker-1] INFO  impl.StateMachineUpdater (StateMachineUpdater.java:stopAndJoin(153)) - ca090ab3-3872-42a8-bcee-318ad7dbfeb0@group-9DB053831FEB-StateMachineUpdater: set stopIndex = 35
2022-07-12 23:24:58,361 [ca090ab3-3872-42a8-bcee-318ad7dbfeb0@group-9DB053831FEB-FollowerState] INFO  impl.FollowerState (FollowerState.java:run(152)) - ca090ab3-3872-42a8-bcee-318ad7dbfeb0@group-9DB053831FEB-FollowerState was interrupted
2022-07-12 23:24:58,361 [ca090ab3-3872-42a8-bcee-318ad7dbfeb0@group-9DB053831FEB-StateMachineUpdater] INFO  ratis.ContainerStateMachine (ContainerStateMachine.java:takeSnapshot(304)) - group-9DB053831FEB: Taking a snapshot at:(t:3, i:35) file /home/runner/work/ozone/ozone/hadoop-ozone/integration-test/target/test-dir/MiniOzoneClusterImpl-c1953583-3267-45ac-aa0d-78ee30f3dc89/datanode-0/data/ratis/d542f389-28c8-4c3a-80bc-9db053831feb/sm/snapshot.3_35
2022-07-12 23:24:58,363 [ca090ab3-3872-42a8-bcee-318ad7dbfeb0@group-9DB053831FEB-StateMachineUpdater] INFO  ratis.ContainerStateMachine (ContainerStateMachine.java:takeSnapshot(315)) - group-9DB053831FEB: Finished taking a snapshot at:(t:3, i:35) file:/home/runner/work/ozone/ozone/hadoop-ozone/integration-test/target/test-dir/MiniOzoneClusterImpl-c1953583-3267-45ac-aa0d-78ee30f3dc89/datanode-0/data/ratis/d542f389-28c8-4c3a-80bc-9db053831feb/sm/snapshot.3_35 took: 2 ms
2022-07-12 23:24:58,363 [ca090ab3-3872-42a8-bcee-318ad7dbfeb0@group-9DB053831FEB-StateMachineUpdater] INFO  impl.StateMachineUpdater (StateMachineUpdater.java:takeSnapshot(287)) - ca090ab3-3872-42a8-bcee-318ad7dbfeb0@group-9DB053831FEB-StateMachineUpdater: Took a snapshot at index 35
2022-07-12 23:24:58,363 [ca090ab3-3872-42a8-bcee-318ad7dbfeb0@group-9DB053831FEB-StateMachineUpdater] INFO  impl.StateMachineUpdater (StateMachineUpdater.java:lambda$new$0(92)) - ca090ab3-3872-42a8-bcee-318ad7dbfeb0@group-9DB053831FEB-StateMachineUpdater: snapshotIndex: updateIncreasingly -1 -> 35
2022-07-12 23:24:58,387 [ForkJoinPool.commonPool-worker-1] INFO  server.RaftServer$Division (ServerState.java:close(429)) - ca090ab3-3872-42a8-bcee-318ad7dbfeb0@group-9DB053831FEB: closes. applyIndex: 35
2022-07-12 23:24:58,387 [ca090ab3-3872-42a8-bcee-318ad7dbfeb0@group-9DB053831FEB-SegmentedRaftLogWorker] INFO  segmented.SegmentedRaftLogWorker (SegmentedRaftLogWorker.java:run(336)) - ca090ab3-3872-42a8-bcee-318ad7dbfeb0@group-9DB053831FEB-SegmentedRaftLogWorker was interrupted, exiting. There are 0 tasks remaining in the queue.
2022-07-12 23:24:58,388 [ForkJoinPool.commonPool-worker-1] INFO  segmented.SegmentedRaftLogWorker (SegmentedRaftLogWorker.java:close(246)) - ca090ab3-3872-42a8-bcee-318ad7dbfeb0@group-9DB053831FEB-SegmentedRaftLogWorker close()
2022-07-12 23:24:58,390 [ForkJoinPool.commonPool-worker-1] INFO  server.GrpcService (GrpcService.java:closeImpl(269)) - ca090ab3-3872-42a8-bcee-318ad7dbfeb0: shutdown server with port 40055 now
2022-07-12 23:24:58,430 [ForkJoinPool.commonPool-worker-1] INFO  server.GrpcService (GrpcService.java:closeImpl(278)) - ca090ab3-3872-42a8-bcee-318ad7dbfeb0: shutdown server with port 40055 successfully
2022-07-12 23:24:58,431 [org.apache.ratis.util.JvmPauseMonitor$$Lambda$613/1690937419@73c81640] INFO  util.JvmPauseMonitor (JvmPauseMonitor.java:run(109)) - JvmPauseMonitor-ca090ab3-3872-42a8-bcee-318ad7dbfeb0: Stopped
2022-07-12 23:25:00,385 [Listener at 127.0.0.1/45473] INFO  utils.BackgroundService (BackgroundService.java:shutdown(132)) - Shutting down service BlockDeletingService
2022-07-12 23:25:00,479 [ForkJoinPool.commonPool-worker-1] INFO  utils.BackgroundService (BackgroundService.java:shutdown(132)) - Shutting down service BlockDeletingService
2022-07-12 23:25:03,389 [Listener at 127.0.0.1/45473] INFO  statemachine.DatanodeStateMachine (DatanodeStateMachine.java:stopDaemon(580)) - Ozone container server stopped.
2022-07-12 23:25:03,396 [Listener at 127.0.0.1/45473] INFO  handler.ContextHandler (ContextHandler.java:doStop(1153)) - Stopped o.e.j.w.WebAppContext@2911f797{hddsDatanode,/,null,STOPPED}{jar:file:/home/runner/.m2/repository/org/apache/ozone/hdds-container-service/1.3.0-SNAPSHOT/hdds-container-service-1.3.0-SNAPSHOT.jar!/webapps/hddsDatanode}
2022-07-12 23:25:03,405 [Listener at 127.0.0.1/45473] INFO  server.AbstractConnector (AbstractConnector.java:doStop(381)) - Stopped ServerConnector@670075f2{HTTP/1.1, (http/1.1)}{0.0.0.0:0}
2022-07-12 23:25:03,405 [Listener at 127.0.0.1/45473] INFO  server.session (HouseKeeper.java:stopScavenging(149)) - node0 Stopped scavenging
2022-07-12 23:25:03,406 [Listener at 127.0.0.1/45473] INFO  handler.ContextHandler (ContextHandler.java:doStop(1153)) - Stopped o.e.j.s.ServletContextHandler@7412a535{static,/static,jar:file:/home/runner/.m2/repository/org/apache/ozone/hdds-container-service/1.3.0-SNAPSHOT/hdds-container-service-1.3.0-SNAPSHOT.jar!/webapps/static,STOPPED}
2022-07-12 23:25:03,406 [Listener at 127.0.0.1/45473] INFO  handler.ContextHandler (ContextHandler.java:doStop(1153)) - Stopped o.e.j.s.ServletContextHandler@32c8fe50{logs,/logs,file:///home/runner/work/ozone/ozone/hadoop-ozone/integration-test/target/log,STOPPED}
2022-07-12 23:25:03,490 [ForkJoinPool.commonPool-worker-1] INFO  statemachine.DatanodeStateMachine (DatanodeStateMachine.java:stopDaemon(580)) - Ozone container server stopped.
2022-07-12 23:25:03,535 [ForkJoinPool.commonPool-worker-1] INFO  handler.ContextHandler (ContextHandler.java:doStop(1153)) - Stopped o.e.j.w.WebAppContext@77f0ac9f{hddsDatanode,/,null,STOPPED}{jar:file:/home/runner/.m2/repository/org/apache/ozone/hdds-container-service/1.3.0-SNAPSHOT/hdds-container-service-1.3.0-SNAPSHOT.jar!/webapps/hddsDatanode}
2022-07-12 23:25:03,536 [ForkJoinPool.commonPool-worker-1] INFO  server.AbstractConnector (AbstractConnector.java:doStop(381)) - Stopped ServerConnector@2b452bc7{HTTP/1.1, (http/1.1)}{0.0.0.0:0}
2022-07-12 23:25:03,536 [ForkJoinPool.commonPool-worker-1] INFO  server.session (HouseKeeper.java:stopScavenging(149)) - node0 Stopped scavenging
2022-07-12 23:25:03,536 [ForkJoinPool.commonPool-worker-1] INFO  handler.ContextHandler (ContextHandler.java:doStop(1153)) - Stopped o.e.j.s.ServletContextHandler@3c50ac62{static,/static,jar:file:/home/runner/.m2/repository/org/apache/ozone/hdds-container-service/1.3.0-SNAPSHOT/hdds-container-service-1.3.0-SNAPSHOT.jar!/webapps/static,STOPPED}
2022-07-12 23:25:03,536 [ForkJoinPool.commonPool-worker-1] INFO  handler.ContextHandler (ContextHandler.java:doStop(1153)) - Stopped o.e.j.s.ServletContextHandler@4b7bd88a{logs,/logs,file:///home/runner/work/ozone/ozone/hadoop-ozone/integration-test/target/log,STOPPED}
2022-07-12 23:25:08,421 [Listener at 127.0.0.1/45473] INFO  ozoneimpl.OzoneContainer (OzoneContainer.java:stop(365)) - Attempting to stop container services.
2022-07-12 23:25:08,421 [Listener at 127.0.0.1/45473] INFO  server.RaftServer (RaftServerProxy.java:lambda$close$7(398)) - 1be6e1bb-e91e-4b89-9749-dd97bfc73499: close
2022-07-12 23:25:08,422 [Listener at 127.0.0.1/45473] INFO  server.RaftServer$Division (RaftServerImpl.java:lambda$close$4(434)) - 1be6e1bb-e91e-4b89-9749-dd97bfc73499@group-D2870D712DE2: shutdown
2022-07-12 23:25:08,422 [Listener at 127.0.0.1/45473] INFO  util.JmxRegister (JmxRegister.java:unregister(73)) - Successfully un-registered JMX Bean with object name Ratis:service=RaftServer,group=group-D2870D712DE2,id=1be6e1bb-e91e-4b89-9749-dd97bfc73499
2022-07-12 23:25:08,422 [Listener at 127.0.0.1/45473] INFO  impl.RoleInfo (RoleInfo.java:shutdownLeaderState(93)) - 1be6e1bb-e91e-4b89-9749-dd97bfc73499: shutdown 1be6e1bb-e91e-4b89-9749-dd97bfc73499@group-D2870D712DE2-LeaderStateImpl
2022-07-12 23:25:08,422 [Listener at 127.0.0.1/45473] INFO  impl.PendingRequests (PendingRequests.java:sendNotLeaderResponses(282)) - 1be6e1bb-e91e-4b89-9749-dd97bfc73499@group-D2870D712DE2-PendingRequests: sendNotLeaderResponses
2022-07-12 23:25:08,423 [Listener at 127.0.0.1/45473] INFO  impl.StateMachineUpdater (StateMachineUpdater.java:stopAndJoin(153)) - 1be6e1bb-e91e-4b89-9749-dd97bfc73499@group-D2870D712DE2-StateMachineUpdater: set stopIndex = 0
2022-07-12 23:25:08,423 [1be6e1bb-e91e-4b89-9749-dd97bfc73499@group-D2870D712DE2-StateMachineUpdater] INFO  ratis.ContainerStateMachine (ContainerStateMachine.java:takeSnapshot(304)) - group-D2870D712DE2: Taking a snapshot at:(t:1, i:0) file /home/runner/work/ozone/ozone/hadoop-ozone/integration-test/target/test-dir/MiniOzoneClusterImpl-c1953583-3267-45ac-aa0d-78ee30f3dc89/datanode-3/data/ratis/11d248bf-3190-461b-9832-d2870d712de2/sm/snapshot.1_0
2022-07-12 23:25:08,432 [1be6e1bb-e91e-4b89-9749-dd97bfc73499@group-D2870D712DE2-StateMachineUpdater] INFO  ratis.ContainerStateMachine (ContainerStateMachine.java:takeSnapshot(315)) - group-D2870D712DE2: Finished taking a snapshot at:(t:1, i:0) file:/home/runner/work/ozone/ozone/hadoop-ozone/integration-test/target/test-dir/MiniOzoneClusterImpl-c1953583-3267-45ac-aa0d-78ee30f3dc89/datanode-3/data/ratis/11d248bf-3190-461b-9832-d2870d712de2/sm/snapshot.1_0 took: 8 ms
2022-07-12 23:25:08,432 [1be6e1bb-e91e-4b89-9749-dd97bfc73499@group-D2870D712DE2-StateMachineUpdater] INFO  impl.StateMachineUpdater (StateMachineUpdater.java:takeSnapshot(287)) - 1be6e1bb-e91e-4b89-9749-dd97bfc73499@group-D2870D712DE2-StateMachineUpdater: Took a snapshot at index 0
2022-07-12 23:25:08,432 [1be6e1bb-e91e-4b89-9749-dd97bfc73499@group-D2870D712DE2-StateMachineUpdater] INFO  impl.StateMachineUpdater (StateMachineUpdater.java:lambda$new$0(92)) - 1be6e1bb-e91e-4b89-9749-dd97bfc73499@group-D2870D712DE2-StateMachineUpdater: snapshotIndex: updateIncreasingly -1 -> 0
2022-07-12 23:25:08,435 [Listener at 127.0.0.1/45473] INFO  server.RaftServer$Division (ServerState.java:close(429)) - 1be6e1bb-e91e-4b89-9749-dd97bfc73499@group-D2870D712DE2: closes. applyIndex: 0
2022-07-12 23:25:08,435 [1be6e1bb-e91e-4b89-9749-dd97bfc73499@group-D2870D712DE2-SegmentedRaftLogWorker] INFO  segmented.SegmentedRaftLogWorker (SegmentedRaftLogWorker.java:run(336)) - 1be6e1bb-e91e-4b89-9749-dd97bfc73499@group-D2870D712DE2-SegmentedRaftLogWorker was interrupted, exiting. There are 0 tasks remaining in the queue.
2022-07-12 23:25:08,435 [Listener at 127.0.0.1/45473] INFO  segmented.SegmentedRaftLogWorker (SegmentedRaftLogWorker.java:close(246)) - 1be6e1bb-e91e-4b89-9749-dd97bfc73499@group-D2870D712DE2-SegmentedRaftLogWorker close()
2022-07-12 23:25:08,435 [Listener at 127.0.0.1/45473] INFO  server.GrpcService (GrpcService.java:closeImpl(269)) - 1be6e1bb-e91e-4b89-9749-dd97bfc73499: shutdown server with port 35789 now
2022-07-12 23:25:08,461 [Listener at 127.0.0.1/45473] INFO  server.GrpcService (GrpcService.java:closeImpl(278)) - 1be6e1bb-e91e-4b89-9749-dd97bfc73499: shutdown server with port 35789 successfully
2022-07-12 23:25:08,461 [org.apache.ratis.util.JvmPauseMonitor$$Lambda$613/1690937419@29a16165] INFO  util.JvmPauseMonitor (JvmPauseMonitor.java:run(109)) - JvmPauseMonitor-1be6e1bb-e91e-4b89-9749-dd97bfc73499: Stopped
2022-07-12 23:25:10,527 [Listener at 127.0.0.1/45473] INFO  utils.BackgroundService (BackgroundService.java:shutdown(132)) - Shutting down service BlockDeletingService
2022-07-12 23:25:13,584 [Listener at 127.0.0.1/45473] INFO  statemachine.DatanodeStateMachine (DatanodeStateMachine.java:stopDaemon(580)) - Ozone container server stopped.
2022-07-12 23:25:13,599 [Listener at 127.0.0.1/45473] INFO  handler.ContextHandler (ContextHandler.java:doStop(1153)) - Stopped o.e.j.w.WebAppContext@1601798f{hddsDatanode,/,null,STOPPED}{jar:file:/home/runner/.m2/repository/org/apache/ozone/hdds-container-service/1.3.0-SNAPSHOT/hdds-container-service-1.3.0-SNAPSHOT.jar!/webapps/hddsDatanode}
2022-07-12 23:25:13,609 [Listener at 127.0.0.1/45473] INFO  server.AbstractConnector (AbstractConnector.java:doStop(381)) - Stopped ServerConnector@6f86933c{HTTP/1.1, (http/1.1)}{0.0.0.0:0}
2022-07-12 23:25:13,610 [Listener at 127.0.0.1/45473] INFO  server.session (HouseKeeper.java:stopScavenging(149)) - node0 Stopped scavenging
2022-07-12 23:25:13,610 [Listener at 127.0.0.1/45473] INFO  handler.ContextHandler (ContextHandler.java:doStop(1153)) - Stopped o.e.j.s.ServletContextHandler@48e0787{static,/static,jar:file:/home/runner/.m2/repository/org/apache/ozone/hdds-container-service/1.3.0-SNAPSHOT/hdds-container-service-1.3.0-SNAPSHOT.jar!/webapps/static,STOPPED}
2022-07-12 23:25:13,625 [Listener at 127.0.0.1/45473] INFO  handler.ContextHandler (ContextHandler.java:doStop(1153)) - Stopped o.e.j.s.ServletContextHandler@748481eb{logs,/logs,file:///home/runner/work/ozone/ozone/hadoop-ozone/integration-test/target/log,STOPPED}
2022-07-12 23:25:13,642 [Listener at 127.0.0.1/45473] INFO  ozone.MiniOzoneClusterImpl (MiniOzoneClusterImpl.java:stopSCM(537)) - Stopping the StorageContainerManager
2022-07-12 23:25:13,642 [Listener at 127.0.0.1/45473] INFO  server.StorageContainerManager (StorageContainerManager.java:stop(1514)) - Container Balancer is not running.
2022-07-12 23:25:13,642 [Listener at 127.0.0.1/45473] INFO  server.StorageContainerManager (StorageContainerManager.java:stop(1521)) - Stopping Replication Manager Service.
2022-07-12 23:25:13,643 [Listener at 127.0.0.1/45473] INFO  replication.ReplicationManager (ReplicationManager.java:stop(219)) - Stopping Replication Monitor Thread.
2022-07-12 23:25:13,643 [Listener at 127.0.0.1/45473] INFO  server.StorageContainerManager (StorageContainerManager.java:stop(1528)) - Stopping the Datanode Admin Monitor.
2022-07-12 23:25:13,643 [Listener at 127.0.0.1/45473] INFO  server.StorageContainerManager (StorageContainerManager.java:stop(1535)) - Stopping Lease Manager of the command watchers
2022-07-12 23:25:13,643 [Listener at 127.0.0.1/45473] INFO  server.StorageContainerManager (StorageContainerManager.java:stop(1542)) - Stopping datanode service RPC server
2022-07-12 23:25:13,643 [Listener at 127.0.0.1/45473] INFO  server.SCMDatanodeProtocolServer (SCMDatanodeProtocolServer.java:stop(414)) - Stopping the RPC server for DataNodes
2022-07-12 23:25:13,643 [Listener at 127.0.0.1/45473] INFO  ipc.Server (Server.java:stop(3414)) - Stopping server on 36479
2022-07-12 23:25:13,643 [ReplicationMonitor] INFO  replication.ReplicationManager (ReplicationManager.java:run(389)) - Replication Monitor Thread is stopped
2022-07-12 23:25:13,644 [IPC Server listener on 0] INFO  ipc.Server (Server.java:run(1376)) - Stopping IPC Server listener on 0
2022-07-12 23:25:13,645 [IPC Server Responder] INFO  ipc.Server (Server.java:run(1512)) - Stopping IPC Server Responder
2022-07-12 23:25:13,720 [SCM Heartbeat Processing Thread - 0] WARN  node.NodeStateManager (NodeStateManager.java:scheduleNextHealthCheck(870)) - Current Thread is interrupted, shutting down HB processing thread for Node Manager.
2022-07-12 23:25:13,721 [Listener at 127.0.0.1/45473] INFO  server.StorageContainerManager (StorageContainerManager.java:stop(1550)) - Stopping block service RPC server
2022-07-12 23:25:13,721 [Listener at 127.0.0.1/45473] INFO  server.SCMBlockProtocolServer (SCMBlockProtocolServer.java:stop(161)) - Stopping the RPC server for Block Protocol
2022-07-12 23:25:13,721 [Listener at 127.0.0.1/45473] INFO  ipc.Server (Server.java:stop(3414)) - Stopping server on 41419
2022-07-12 23:25:13,733 [IPC Server Responder] INFO  ipc.Server (Server.java:run(1512)) - Stopping IPC Server Responder
2022-07-12 23:25:13,733 [IPC Server listener on 0] INFO  ipc.Server (Server.java:run(1376)) - Stopping IPC Server listener on 0
2022-07-12 23:25:13,733 [Listener at 127.0.0.1/45473] INFO  server.StorageContainerManager (StorageContainerManager.java:stop(1557)) - Stopping the StorageContainerLocationProtocol RPC server
2022-07-12 23:25:13,786 [Listener at 127.0.0.1/45473] INFO  server.SCMClientProtocolServer (SCMClientProtocolServer.java:stop(179)) - Stopping the RPC server for Client Protocol
2022-07-12 23:25:13,786 [Listener at 127.0.0.1/45473] INFO  ipc.Server (Server.java:stop(3414)) - Stopping server on 43295
2022-07-12 23:25:13,794 [Listener at 127.0.0.1/45473] INFO  server.StorageContainerManager (StorageContainerManager.java:stop(1564)) - Stopping Storage Container Manager HTTP server.
2022-07-12 23:25:13,795 [Listener at 127.0.0.1/45473] INFO  handler.ContextHandler (ContextHandler.java:doStop(1153)) - Stopped o.e.j.w.WebAppContext@12696f2e{scm,/,null,STOPPED}{file:/home/runner/work/ozone/ozone/hadoop-ozone/integration-test/target/test-classes/webapps/scm}
2022-07-12 23:25:13,795 [IPC Server Responder] INFO  ipc.Server (Server.java:run(1512)) - Stopping IPC Server Responder
2022-07-12 23:25:13,795 [IPC Server listener on 0] INFO  ipc.Server (Server.java:run(1376)) - Stopping IPC Server listener on 0
2022-07-12 23:25:13,822 [Listener at 127.0.0.1/45473] INFO  server.AbstractConnector (AbstractConnector.java:doStop(381)) - Stopped ServerConnector@5c643739{HTTP/1.1, (http/1.1)}{0.0.0.0:0}
2022-07-12 23:25:13,822 [Listener at 127.0.0.1/45473] INFO  server.session (HouseKeeper.java:stopScavenging(149)) - node0 Stopped scavenging
2022-07-12 23:25:13,823 [Listener at 127.0.0.1/45473] INFO  handler.ContextHandler (ContextHandler.java:doStop(1153)) - Stopped o.e.j.s.ServletContextHandler@33ac4ea9{static,/static,file:///home/runner/work/ozone/ozone/hadoop-ozone/integration-test/target/test-classes/webapps/static,STOPPED}
2022-07-12 23:25:13,823 [Listener at 127.0.0.1/45473] INFO  handler.ContextHandler (ContextHandler.java:doStop(1153)) - Stopped o.e.j.s.ServletContextHandler@270ed861{logs,/logs,file:///home/runner/work/ozone/ozone/hadoop-ozone/integration-test/target/log,STOPPED}
2022-07-12 23:25:13,833 [Listener at 127.0.0.1/45473] INFO  server.StorageContainerManager (StorageContainerManager.java:stop(1575)) - Stopping Block Manager Service.
2022-07-12 23:25:13,833 [Listener at 127.0.0.1/45473] INFO  utils.BackgroundService (BackgroundService.java:shutdown(132)) - Shutting down service SCMBlockDeletingService
2022-07-12 23:25:13,833 [Listener at 127.0.0.1/45473] INFO  utils.BackgroundService (BackgroundService.java:shutdown(132)) - Shutting down service SCMBlockDeletingService
2022-07-12 23:25:13,833 [Listener at 127.0.0.1/45473] INFO  server.StorageContainerManager (StorageContainerManager.java:stop(1602)) - Stopping SCM Event Queue.
2022-07-12 23:25:13,835 [Listener at 127.0.0.1/45473] INFO  server.StorageContainerManager (StorageContainerManager.java:stop(1613)) - Stopping SCM HA services.
2022-07-12 23:25:13,836 [Listener at 127.0.0.1/45473] INFO  pipeline.BackgroundPipelineCreator (BackgroundPipelineCreator.java:stop(149)) - Stopping RatisPipelineUtilsThread.
2022-07-12 23:25:13,837 [RatisPipelineUtilsThread - 0] WARN  pipeline.BackgroundPipelineCreator (BackgroundPipelineCreator.java:run(180)) - RatisPipelineUtilsThread is interrupted.
2022-07-12 23:25:13,837 [BackgroundPipelineScrubberThread] WARN  BackgroundPipelineScrubber (BackgroundSCMService.java:run(110)) - BackgroundPipelineScrubber is interrupted, exit
2022-07-12 23:25:13,837 [Listener at 127.0.0.1/45473] INFO  BackgroundPipelineScrubber (BackgroundSCMService.java:stop(126)) - Stopping BackgroundPipelineScrubber Service.
2022-07-12 23:25:13,837 [Listener at 127.0.0.1/45473] INFO  server.StorageContainerManager (StorageContainerManager.java:stop(1623)) - Stopping SCM MetadataStore.
2022-07-12 23:25:13,860 [Listener at 127.0.0.1/45473] INFO  impl.MetricsSystemImpl (MetricsSystemImpl.java:stop(210)) - Stopping HddsDatanode metrics system...
2022-07-12 23:25:14,009 [prometheus] INFO  impl.MetricsSinkAdapter (MetricsSinkAdapter.java:publishMetricsFromQueue(141)) - prometheus thread interrupted.
2022-07-12 23:25:14,009 [Listener at 127.0.0.1/45473] INFO  impl.MetricsSystemImpl (MetricsSystemImpl.java:stop(216)) - HddsDatanode metrics system stopped.
2022-07-12 23:25:14,308 [Listener at 127.0.0.1/45473] WARN  server.ServerUtils (ServerUtils.java:getScmDbDir(148)) - ozone.scm.db.dirs is not configured. We recommend adding this setting. Falling back to ozone.metadata.dirs instead.
2022-07-12 23:25:14,324 [Listener at 127.0.0.1/45473] WARN  server.ServerUtils (ServerUtils.java:getScmDbDir(148)) - ozone.scm.db.dirs is not configured. We recommend adding this setting. Falling back to ozone.metadata.dirs instead.
2022-07-12 23:25:14,324 [Listener at 127.0.0.1/45473] INFO  ha.SCMHANodeDetails (SCMHANodeDetails.java:loadSCMHAConfig(209)) - ServiceID for StorageContainerManager is null
2022-07-12 23:25:14,324 [Listener at 127.0.0.1/45473] INFO  ha.SCMHANodeDetails (SCMHANodeDetails.java:loadSCMHAConfig(214)) - ozone.scm.default.service.id is not defined, falling back to ozone.scm.service.ids to find serviceID for StorageContainerManager if it is HA enabled cluster
2022-07-12 23:25:14,325 [Listener at 127.0.0.1/45473] WARN  utils.HAUtils (HAUtils.java:getMetaDir(342)) - ozone.scm.db.dirs is not configured. We recommend adding this setting. Falling back to ozone.metadata.dirs instead.
2022-07-12 23:25:14,325 [Listener at 127.0.0.1/45473] WARN  db.DBStoreBuilder (DBStoreBuilder.java:applyDBDefinition(145)) - ozone.scm.db.dirs is not configured. We recommend adding this setting. Falling back to ozone.metadata.dirs instead.
2022-07-12 23:25:14,702 [Listener at 127.0.0.1/45473] INFO  net.NodeSchemaLoader (NodeSchemaLoader.java:loadSchemaFromFile(129)) - Loading schema from [jar:file:/home/runner/.m2/repository/org/apache/ozone/hdds-common/1.3.0-SNAPSHOT/hdds-common-1.3.0-SNAPSHOT.jar!/network-topology-default.xml]
2022-07-12 23:25:14,702 [Listener at 127.0.0.1/45473] INFO  net.NodeSchemaLoader (NodeSchemaLoader.java:loadSchema(176)) - Loading network topology layer schema file
2022-07-12 23:25:14,749 [Listener at 127.0.0.1/45473] INFO  upgrade.AbstractLayoutVersionManager (AbstractLayoutVersionManager.java:init(83)) - Initializing Layout version manager with metadata layout = DATANODE_SCHEMA_V3 (version = 4), software layout = DATANODE_SCHEMA_V3 (version = 4)
2022-07-12 23:25:14,856 [Listener at 127.0.0.1/45473] INFO  reflections.Reflections (Reflections.java:scan(232)) - Reflections took 106 ms to scan 7 urls, producing 132 keys and 317 values 
2022-07-12 23:25:14,868 [Listener at 127.0.0.1/45473] INFO  ha.SequenceIdGenerator (SequenceIdGenerator.java:upgradeToSequenceId(349)) - upgrade localId to 109611004723200000
2022-07-12 23:25:14,869 [Listener at 127.0.0.1/45473] INFO  ha.SequenceIdGenerator (SequenceIdGenerator.java:upgradeToSequenceId(359)) - upgrade delTxnId to 0
2022-07-12 23:25:14,869 [Listener at 127.0.0.1/45473] INFO  ha.SequenceIdGenerator (SequenceIdGenerator.java:upgradeToSequenceId(376)) - upgrade containerId to 0
2022-07-12 23:25:14,869 [Listener at 127.0.0.1/45473] INFO  ha.SequenceIdGenerator (SequenceIdGenerator.java:<init>(220)) - Init the HA SequenceIdGenerator.
2022-07-12 23:25:14,869 [Listener at 127.0.0.1/45473] WARN  server.ServerUtils (ServerUtils.java:sanitizeUserArgs(73)) - ozone.scm.stale.node.interval value = 300000 is larger than max = 100000 based on the key value of ozone.scm.heartbeat.thread.interval, reset to the max value 100000.
2022-07-12 23:25:14,869 [Listener at 127.0.0.1/45473] WARN  server.ServerUtils (ServerUtils.java:sanitizeUserArgs(73)) - ozone.scm.stale.node.interval value = 300000 is larger than max = 100000 based on the key value of ozone.scm.heartbeat.thread.interval, reset to the max value 100000.
2022-07-12 23:25:14,927 [Listener at 127.0.0.1/45473] INFO  node.SCMNodeManager (SCMNodeManager.java:<init>(149)) - Entering startup safe mode.
2022-07-12 23:25:14,927 [Listener at 127.0.0.1/45473] INFO  algorithms.ContainerPlacementPolicyFactory (ContainerPlacementPolicyFactory.java:getPolicyInternal(86)) - Create container placement policy of type org.apache.hadoop.hdds.scm.container.placement.algorithms.SCMContainerPlacementRandom
2022-07-12 23:25:14,927 [Listener at 127.0.0.1/45473] INFO  pipeline.PipelineStateManagerImpl (PipelineStateManagerImpl.java:initialize(78)) - No pipeline exists in current db
2022-07-12 23:25:14,928 [Listener at 127.0.0.1/45473] INFO  algorithms.LeaderChoosePolicyFactory (LeaderChoosePolicyFactory.java:getPolicy(57)) - Create leader choose policy of type org.apache.hadoop.hdds.scm.pipeline.leader.choose.algorithms.MinLeaderCountChoosePolicy
2022-07-12 23:25:14,928 [Listener at 127.0.0.1/45473] INFO  algorithms.ContainerPlacementPolicyFactory (ContainerPlacementPolicyFactory.java:getPolicyInternal(86)) - Create container placement policy of type org.apache.hadoop.hdds.scm.container.placement.algorithms.SCMContainerPlacementRackScatter
2022-07-12 23:25:14,928 [Listener at 127.0.0.1/45473] INFO  ha.SCMServiceManager (SCMServiceManager.java:register(42)) - Registering service BackgroundPipelineCreator.
2022-07-12 23:25:14,928 [Listener at 127.0.0.1/45473] INFO  pipeline.BackgroundPipelineCreator (BackgroundPipelineCreator.java:start(124)) - Starting RatisPipelineUtilsThread.
2022-07-12 23:25:14,928 [Listener at 127.0.0.1/45473] INFO  BackgroundPipelineScrubber (BackgroundSCMService.java:start(68)) - Starting BackgroundPipelineScrubber Service.
2022-07-12 23:25:14,929 [Listener at 127.0.0.1/45473] INFO  ha.SCMServiceManager (SCMServiceManager.java:register(42)) - Registering service BackgroundPipelineScrubber.
2022-07-12 23:25:14,929 [Listener at 127.0.0.1/45473] INFO  ExpiredContainerReplicaOpScrubber (BackgroundSCMService.java:start(68)) - Starting ExpiredContainerReplicaOpScrubber Service.
2022-07-12 23:25:14,929 [Listener at 127.0.0.1/45473] INFO  ha.SCMServiceManager (SCMServiceManager.java:register(42)) - Registering service ExpiredContainerReplicaOpScrubber.
2022-07-12 23:25:14,930 [Listener at 127.0.0.1/45473] INFO  algorithms.PipelineChoosePolicyFactory (PipelineChoosePolicyFactory.java:createPipelineChoosePolicyFromClass(73)) - Create pipeline choose policy of type org.apache.hadoop.hdds.scm.pipeline.choose.algorithms.RandomPipelineChoosePolicy
2022-07-12 23:25:14,930 [Listener at 127.0.0.1/45473] INFO  ha.SCMServiceManager (SCMServiceManager.java:register(42)) - Registering service SCMBlockDeletingService.
2022-07-12 23:25:14,930 [Listener at 127.0.0.1/45473] INFO  replication.ReplicationManager (ReplicationManager.java:start(186)) - Starting Replication Monitor Thread.
2022-07-12 23:25:14,931 [Listener at 127.0.0.1/45473] INFO  ha.SCMServiceManager (SCMServiceManager.java:register(42)) - Registering service ReplicationManager.
2022-07-12 23:25:14,931 [Listener at 127.0.0.1/45473] INFO  safemode.ContainerSafeModeRule (ContainerSafeModeRule.java:<init>(89)) - containers with one replica threshold count 0
2022-07-12 23:25:14,931 [Listener at 127.0.0.1/45473] INFO  safemode.HealthyPipelineSafeModeRule (HealthyPipelineSafeModeRule.java:initializeRule(169)) - Total pipeline count is 0, healthy pipeline threshold count is 1
2022-07-12 23:25:14,931 [Listener at 127.0.0.1/45473] INFO  safemode.OneReplicaPipelineSafeModeRule (OneReplicaPipelineSafeModeRule.java:initializeRule(180)) - Total pipeline count is 0, pipeline's with at least one datanode reported threshold count is 0
2022-07-12 23:25:14,932 [Listener at 127.0.0.1/45473] INFO  ipc.CallQueueManager (CallQueueManager.java:<init>(90)) - Using callQueue: class java.util.concurrent.LinkedBlockingQueue, queueCapacity: 2000, scheduler: class org.apache.hadoop.ipc.DefaultRpcScheduler, ipcBackoff: false.
2022-07-12 23:25:14,932 [Socket Reader #1 for port 0] INFO  ipc.Server (Server.java:run(1265)) - Starting Socket Reader #1 for port 0
2022-07-12 23:25:14,933 [Listener at 0.0.0.0/39387] INFO  ipc.CallQueueManager (CallQueueManager.java:<init>(90)) - Using callQueue: class java.util.concurrent.LinkedBlockingQueue, queueCapacity: 2000, scheduler: class org.apache.hadoop.ipc.DefaultRpcScheduler, ipcBackoff: false.
2022-07-12 23:25:14,949 [Socket Reader #1 for port 0] INFO  ipc.Server (Server.java:run(1265)) - Starting Socket Reader #1 for port 0
2022-07-12 23:25:14,960 [Listener at 0.0.0.0/36251] INFO  ipc.CallQueueManager (CallQueueManager.java:<init>(90)) - Using callQueue: class java.util.concurrent.LinkedBlockingQueue, queueCapacity: 2000, scheduler: class org.apache.hadoop.ipc.DefaultRpcScheduler, ipcBackoff: false.
2022-07-12 23:25:14,965 [Socket Reader #1 for port 0] INFO  ipc.Server (Server.java:run(1265)) - Starting Socket Reader #1 for port 0
2022-07-12 23:25:14,974 [ReplicationMonitor] INFO  replication.ReplicationManager (ReplicationManager.java:processAll(235)) - Replication Manager is not ready to run until 3000ms after safemode exit
2022-07-12 23:25:15,064 [Listener at 0.0.0.0/34547] INFO  ha.SCMServiceManager (SCMServiceManager.java:register(42)) - Registering service ContainerBalancer.
2022-07-12 23:25:15,065 [Listener at 0.0.0.0/34547] INFO  server.StorageContainerManager (StorageContainerManager.java:<init>(401)) - 
Container Balancer status:
Key                            Value
Running                        false
Container Balancer Configuration values:
Key                                                Value
Threshold                                          10
Max Datanodes to Involve per Iteration(percent)    20
Max Size to Move per Iteration                     500GB
Max Size Entering Target per Iteration             26GB
Max Size Leaving Source per Iteration              26GB

2022-07-12 23:25:15,065 [Listener at 0.0.0.0/34547] WARN  events.EventQueue (EventQueue.java:fireEvent(216)) - No event handler registered for event TypedEvent{payloadType=SafeModeStatus, name='Safe mode status'}
2022-07-12 23:25:15,065 [Listener at 0.0.0.0/34547] INFO  ha.SCMContext (SCMContext.java:updateSafeModeStatus(228)) - Update SafeModeStatus from SafeModeStatus{safeModeStatus=true, preCheckPassed=false} to SafeModeStatus{safeModeStatus=true, preCheckPassed=false}.
2022-07-12 23:25:15,129 [Listener at 0.0.0.0/34547] INFO  server.StorageContainerManager (StorageContainerManager.java:start(1422)) - StorageContainerLocationProtocol RPC server is listening at /0.0.0.0:34547
2022-07-12 23:25:15,130 [Listener at 0.0.0.0/34547] WARN  impl.MetricsConfig (MetricsConfig.java:loadFirst(136)) - Cannot locate configuration: tried hadoop-metrics2-storagecontainermanager.properties,hadoop-metrics2.properties
2022-07-12 23:25:15,133 [Listener at 0.0.0.0/34547] INFO  impl.MetricsSystemImpl (MetricsSystemImpl.java:startTimer(378)) - Scheduled Metric snapshot period at 10 second(s).
2022-07-12 23:25:15,133 [Listener at 0.0.0.0/34547] INFO  impl.MetricsSystemImpl (MetricsSystemImpl.java:start(191)) - StorageContainerManager metrics system started
2022-07-12 23:25:15,164 [Listener at 0.0.0.0/34547] INFO  impl.MetricsSinkAdapter (MetricsSinkAdapter.java:start(204)) - Sink prometheus started
2022-07-12 23:25:15,164 [Listener at 0.0.0.0/34547] INFO  impl.MetricsSystemImpl (MetricsSystemImpl.java:registerSink(305)) - Registered sink prometheus
2022-07-12 23:25:15,326 [Listener at 0.0.0.0/34547] INFO  server.SCMClientProtocolServer (SCMClientProtocolServer.java:start(170)) - RPC server for Client  is listening at /0.0.0.0:34547
2022-07-12 23:25:15,327 [IPC Server Responder] INFO  ipc.Server (Server.java:run(1507)) - IPC Server Responder: starting
2022-07-12 23:25:15,327 [IPC Server listener on 0] INFO  ipc.Server (Server.java:run(1344)) - IPC Server listener on 0: starting
2022-07-12 23:25:15,328 [Listener at 0.0.0.0/34547] INFO  server.StorageContainerManager (StorageContainerManager.java:start(1437)) - ScmBlockLocationProtocol RPC server is listening at /0.0.0.0:36251
2022-07-12 23:25:15,329 [Listener at 0.0.0.0/34547] INFO  server.SCMBlockProtocolServer (SCMBlockProtocolServer.java:start(152)) - RPC server for Block Protocol is listening at /0.0.0.0:36251
2022-07-12 23:25:15,329 [IPC Server Responder] INFO  ipc.Server (Server.java:run(1507)) - IPC Server Responder: starting
2022-07-12 23:25:15,337 [IPC Server listener on 0] INFO  ipc.Server (Server.java:run(1344)) - IPC Server listener on 0: starting
2022-07-12 23:25:15,356 [Listener at 0.0.0.0/34547] INFO  server.SCMDatanodeProtocolServer (SCMDatanodeProtocolServer.java:start(186)) - ScmDatanodeProtocol RPC server for DataNodes is listening at /0.0.0.0:39387
2022-07-12 23:25:15,357 [IPC Server Responder] INFO  ipc.Server (Server.java:run(1507)) - IPC Server Responder: starting
2022-07-12 23:25:15,357 [IPC Server listener on 0] INFO  ipc.Server (Server.java:run(1344)) - IPC Server listener on 0: starting
2022-07-12 23:25:15,368 [Listener at 0.0.0.0/34547] INFO  http.BaseHttpServer (BaseHttpServer.java:newHttpServer2BuilderForOzone(209)) - Starting Web-server for scm at: http://0.0.0.0:0
2022-07-12 23:25:15,368 [Listener at 0.0.0.0/34547] INFO  http.BaseHttpServer (BaseHttpServer.java:<init>(107)) - Hadoop Security Enabled: false Ozone Security Enabled: false Ozone HTTP Security Enabled: false 
2022-07-12 23:25:15,396 [Listener at 0.0.0.0/34547] INFO  server.AuthenticationFilter (AuthenticationFilter.java:constructSecretProvider(240)) - Unable to initialize FileSignerSecretProvider, falling back to use random secrets.
2022-07-12 23:25:15,407 [Listener at 0.0.0.0/34547] WARN  http.HttpRequestLog (HttpRequestLog.java:getRequestLog(103)) - Jetty request log can only be enabled using Log4j
2022-07-12 23:25:15,409 [Listener at 0.0.0.0/34547] INFO  http.HttpServer2 (HttpServer2.java:addGlobalFilter(1029)) - Added global filter 'safety' (class=org.apache.hadoop.hdds.server.http.HttpServer2$QuotingInputFilter)
2022-07-12 23:25:15,409 [Listener at 0.0.0.0/34547] INFO  http.HttpServer2 (HttpServer2.java:addFilter(1005)) - Added filter static_user_filter (class=org.apache.hadoop.http.lib.StaticUserWebFilter$StaticUserFilter) to context scm
2022-07-12 23:25:15,409 [Listener at 0.0.0.0/34547] INFO  http.HttpServer2 (HttpServer2.java:addFilter(1013)) - Added filter static_user_filter (class=org.apache.hadoop.http.lib.StaticUserWebFilter$StaticUserFilter) to context static
2022-07-12 23:25:15,409 [Listener at 0.0.0.0/34547] INFO  http.HttpServer2 (HttpServer2.java:addFilter(1013)) - Added filter static_user_filter (class=org.apache.hadoop.http.lib.StaticUserWebFilter$StaticUserFilter) to context logs
2022-07-12 23:25:15,410 [Listener at 0.0.0.0/34547] INFO  http.HttpServer2 (HttpServer2.java:bindListener(1248)) - Jetty bound to port 33155
2022-07-12 23:25:15,410 [Listener at 0.0.0.0/34547] INFO  server.Server (Server.java:doStart(375)) - jetty-9.4.43.v20210629; built: 2021-06-30T11:07:22.254Z; git: 526006ecfa3af7f1a27ef3a288e2bef7ea9dd7e8; jvm 1.8.0_332-b09
2022-07-12 23:25:15,446 [Listener at 0.0.0.0/34547] INFO  server.session (DefaultSessionIdManager.java:doStart(334)) - DefaultSessionIdManager workerName=node0
2022-07-12 23:25:15,446 [Listener at 0.0.0.0/34547] INFO  server.session (DefaultSessionIdManager.java:doStart(339)) - No SessionScavenger set, using defaults
2022-07-12 23:25:15,447 [Listener at 0.0.0.0/34547] INFO  server.session (HouseKeeper.java:startScavenging(132)) - node0 Scavenging every 660000ms
2022-07-12 23:25:15,447 [Listener at 0.0.0.0/34547] INFO  handler.ContextHandler (ContextHandler.java:doStart(915)) - Started o.e.j.s.ServletContextHandler@2017d60b{logs,/logs,file:///home/runner/work/ozone/ozone/hadoop-ozone/integration-test/target/log,AVAILABLE}
2022-07-12 23:25:15,447 [Listener at 0.0.0.0/34547] INFO  handler.ContextHandler (ContextHandler.java:doStart(915)) - Started o.e.j.s.ServletContextHandler@45a0a2a5{static,/static,file:///home/runner/work/ozone/ozone/hadoop-ozone/integration-test/target/test-classes/webapps/static,AVAILABLE}
2022-07-12 23:25:15,450 [Listener at 0.0.0.0/34547] INFO  handler.ContextHandler (ContextHandler.java:doStart(915)) - Started o.e.j.w.WebAppContext@4098302{scm,/,file:///home/runner/work/ozone/ozone/hadoop-ozone/integration-test/target/test-classes/webapps/scm/,AVAILABLE}{file:/home/runner/work/ozone/ozone/hadoop-ozone/integration-test/target/test-classes/webapps/scm}
2022-07-12 23:25:15,469 [org.apache.hadoop.util.JvmPauseMonitor$Monitor@2eb6ac72] INFO  util.JvmPauseMonitor (JvmPauseMonitor.java:run(188)) - Starting JVM pause monitor
2022-07-12 23:25:15,508 [Listener at 0.0.0.0/34547] INFO  server.AbstractConnector (AbstractConnector.java:doStart(331)) - Started ServerConnector@2cd7dd2a{HTTP/1.1, (http/1.1)}{0.0.0.0:33155}
2022-07-12 23:25:15,508 [Listener at 0.0.0.0/34547] INFO  server.Server (Server.java:doStart(415)) - Started @314982ms
2022-07-12 23:25:15,508 [Listener at 0.0.0.0/34547] WARN  impl.MetricsSystemImpl (MetricsSystemImpl.java:register(279)) - Sink prometheus already exists!
2022-07-12 23:25:15,509 [Listener at 0.0.0.0/34547] INFO  http.BaseHttpServer (BaseHttpServer.java:updateConnectorAddress(329)) - HTTP server of scm listening at http://0.0.0.0:33155
2022-07-12 23:25:15,509 [Listener at 0.0.0.0/34547] WARN  server.ServerUtils (ServerUtils.java:getDBPath(225)) - ozone.om.db.dirs is not configured. We recommend adding this setting. Falling back to ozone.metadata.dirs instead.
2022-07-12 23:25:15,524 [Listener at 0.0.0.0/34547] INFO  ha.OMHANodeDetails (OMHANodeDetails.java:loadOMHAConfig(115)) - ozone.om.internal.service.id is not defined, falling back to ozone.om.service.ids to find serviceID for OzoneManager if it is HA enabled cluster
2022-07-12 23:25:15,524 [Listener at 0.0.0.0/34547] INFO  ha.OMHANodeDetails (OMHANodeDetails.java:loadOMHAConfig(226)) - Configuration does not have ozone.om.address set. Falling back to the default OM address /127.0.0.1:0
2022-07-12 23:25:15,524 [Listener at 0.0.0.0/34547] INFO  ha.OMHANodeDetails (OMHANodeDetails.java:getOMNodeDetailsForNonHA(254)) - OM Service ID is not set. Setting it to the default ID: omServiceIdDefault
2022-07-12 23:25:15,524 [Listener at 0.0.0.0/34547] INFO  ha.OMHANodeDetails (OMHANodeDetails.java:getOMNodeDetailsForNonHA(261)) - OM Node ID is not set. Setting it to the default ID: om1
2022-07-12 23:25:15,524 [Listener at 0.0.0.0/34547] WARN  server.ServerUtils (ServerUtils.java:getDBPath(225)) - ozone.om.db.dirs is not configured. We recommend adding this setting. Falling back to ozone.metadata.dirs instead.
2022-07-12 23:25:15,524 [Listener at 0.0.0.0/34547] INFO  upgrade.AbstractLayoutVersionManager (AbstractLayoutVersionManager.java:init(83)) - Initializing Layout version manager with metadata layout = MULTITENANCY_SCHEMA (version = 3), software layout = MULTITENANCY_SCHEMA (version = 3)
2022-07-12 23:25:15,809 [Listener at 0.0.0.0/34547] INFO  reflections.Reflections (Reflections.java:scan(232)) - Reflections took 284 ms to scan 2 urls, producing 153 keys and 430 values [using 2 cores]
2022-07-12 23:25:15,809 [Listener at 0.0.0.0/34547] INFO  upgrade.OMLayoutVersionManager (OMLayoutVersionManager.java:lambda$0(115)) - Skipping Upgrade Action MockOmUpgradeAction since it has been finalized.
2022-07-12 23:25:15,809 [Listener at 0.0.0.0/34547] WARN  server.ServerUtils (ServerUtils.java:getDBPath(225)) - ozone.om.db.dirs is not configured. We recommend adding this setting. Falling back to ozone.metadata.dirs instead.
2022-07-12 23:25:15,810 [Listener at 0.0.0.0/34547] INFO  proxy.SCMBlockLocationFailoverProxyProvider (SCMBlockLocationFailoverProxyProvider.java:<init>(114)) - Created block location fail-over proxy with 1 nodes: [nodeId=scmNodeId,nodeAddress=/0.0.0.0:36251]
2022-07-12 23:25:15,811 [Listener at 0.0.0.0/34547] INFO  proxy.SCMBlockLocationFailoverProxyProvider (SCMBlockLocationFailoverProxyProvider.java:<init>(114)) - Created block location fail-over proxy with 1 nodes: [nodeId=scmNodeId,nodeAddress=/0.0.0.0:36251]
2022-07-12 23:25:15,847 [Listener at 0.0.0.0/34547] WARN  server.ServerUtils (ServerUtils.java:getDBPath(225)) - ozone.om.db.dirs is not configured. We recommend adding this setting. Falling back to ozone.metadata.dirs instead.
2022-07-12 23:25:15,848 [Listener at 0.0.0.0/34547] INFO  codec.OmKeyInfoCodec (OmKeyInfoCodec.java:<init>(49)) - OmKeyInfoCodec ignorePipeline = true
2022-07-12 23:25:15,848 [Listener at 0.0.0.0/34547] INFO  codec.RepeatedOmKeyInfoCodec (RepeatedOmKeyInfoCodec.java:<init>(41)) - RepeatedOmKeyInfoCodec ignorePipeline = true
2022-07-12 23:25:16,825 [Listener at 0.0.0.0/34547] INFO  om.OzoneManager (OzoneManager.java:instantiateServices(692)) - S3 Multi-Tenancy is disabled
2022-07-12 23:25:17,041 [Listener at 0.0.0.0/34547] INFO  om.OzoneManager (OzoneManager.java:addS3GVolumeToDB(4259)) - Created Volume s3v With Owner runner required for S3Gateway operations.
2022-07-12 23:25:17,053 [Listener at 0.0.0.0/34547] INFO  om.OzoneManager (OzoneManager.java:getRpcServer(1081)) - Creating RPC Server
2022-07-12 23:25:18,424 [Listener at 0.0.0.0/34547] INFO  reflections.Reflections (Reflections.java:scan(232)) - Reflections took 1369 ms to scan 19 urls, producing 66 keys and 4109 values [using 2 cores]
2022-07-12 23:25:18,426 [Listener at 0.0.0.0/34547] INFO  ipc.CallQueueManager (CallQueueManager.java:<init>(90)) - Using callQueue: class java.util.concurrent.LinkedBlockingQueue, queueCapacity: 2000, scheduler: class org.apache.hadoop.ipc.DefaultRpcScheduler, ipcBackoff: false.
2022-07-12 23:25:18,427 [Socket Reader #1 for port 0] INFO  ipc.Server (Server.java:run(1265)) - Starting Socket Reader #1 for port 0
2022-07-12 23:25:18,553 [Listener at 127.0.0.1/46473] INFO  impl.MetricsSystemImpl (MetricsSystemImpl.java:init(158)) - OzoneManager metrics system started (again)
2022-07-12 23:25:18,582 [Listener at 127.0.0.1/46473] INFO  om.OzoneManager (OzoneManager.java:start(1465)) - OzoneManager RPC server is listening at localhost/127.0.0.1:46473
2022-07-12 23:25:18,582 [Listener at 127.0.0.1/46473] INFO  om.OzoneManager (OzoneManager.java:start(1481)) - Version File has different layout version (3) than OM DB (null). That is expected if this OM has never been finalized to a newer layout version.
2022-07-12 23:25:18,595 [Listener at 127.0.0.1/46473] INFO  http.BaseHttpServer (BaseHttpServer.java:newHttpServer2BuilderForOzone(209)) - Starting Web-server for ozoneManager at: http://0.0.0.0:0
2022-07-12 23:25:18,595 [Listener at 127.0.0.1/46473] INFO  http.BaseHttpServer (BaseHttpServer.java:<init>(107)) - Hadoop Security Enabled: false Ozone Security Enabled: false Ozone HTTP Security Enabled: false 
2022-07-12 23:25:18,596 [Listener at 127.0.0.1/46473] INFO  server.AuthenticationFilter (AuthenticationFilter.java:constructSecretProvider(240)) - Unable to initialize FileSignerSecretProvider, falling back to use random secrets.
2022-07-12 23:25:18,649 [Listener at 127.0.0.1/46473] WARN  http.HttpRequestLog (HttpRequestLog.java:getRequestLog(103)) - Jetty request log can only be enabled using Log4j
2022-07-12 23:25:18,694 [Listener at 127.0.0.1/46473] INFO  http.HttpServer2 (HttpServer2.java:addGlobalFilter(1029)) - Added global filter 'safety' (class=org.apache.hadoop.hdds.server.http.HttpServer2$QuotingInputFilter)
2022-07-12 23:25:18,694 [Listener at 127.0.0.1/46473] INFO  http.HttpServer2 (HttpServer2.java:addFilter(1005)) - Added filter static_user_filter (class=org.apache.hadoop.http.lib.StaticUserWebFilter$StaticUserFilter) to context ozoneManager
2022-07-12 23:25:18,695 [Listener at 127.0.0.1/46473] INFO  http.HttpServer2 (HttpServer2.java:addFilter(1013)) - Added filter static_user_filter (class=org.apache.hadoop.http.lib.StaticUserWebFilter$StaticUserFilter) to context logs
2022-07-12 23:25:18,695 [Listener at 127.0.0.1/46473] INFO  http.HttpServer2 (HttpServer2.java:addFilter(1013)) - Added filter static_user_filter (class=org.apache.hadoop.http.lib.StaticUserWebFilter$StaticUserFilter) to context static
2022-07-12 23:25:18,695 [Listener at 127.0.0.1/46473] INFO  http.HttpServer2 (HttpServer2.java:bindListener(1248)) - Jetty bound to port 36711
2022-07-12 23:25:18,695 [Listener at 127.0.0.1/46473] INFO  server.Server (Server.java:doStart(375)) - jetty-9.4.43.v20210629; built: 2021-06-30T11:07:22.254Z; git: 526006ecfa3af7f1a27ef3a288e2bef7ea9dd7e8; jvm 1.8.0_332-b09
2022-07-12 23:25:18,700 [Listener at 127.0.0.1/46473] INFO  server.session (DefaultSessionIdManager.java:doStart(334)) - DefaultSessionIdManager workerName=node0
2022-07-12 23:25:18,700 [Listener at 127.0.0.1/46473] INFO  server.session (DefaultSessionIdManager.java:doStart(339)) - No SessionScavenger set, using defaults
2022-07-12 23:25:18,700 [Listener at 127.0.0.1/46473] INFO  server.session (HouseKeeper.java:startScavenging(132)) - node0 Scavenging every 660000ms
2022-07-12 23:25:18,701 [Listener at 127.0.0.1/46473] INFO  handler.ContextHandler (ContextHandler.java:doStart(915)) - Started o.e.j.s.ServletContextHandler@4c7a61e2{logs,/logs,file:///home/runner/work/ozone/ozone/hadoop-ozone/integration-test/target/log,AVAILABLE}
2022-07-12 23:25:18,701 [Listener at 127.0.0.1/46473] INFO  handler.ContextHandler (ContextHandler.java:doStart(915)) - Started o.e.j.s.ServletContextHandler@47de9821{static,/static,file:///home/runner/work/ozone/ozone/hadoop-ozone/integration-test/target/test-classes/webapps/static,AVAILABLE}
2022-07-12 23:25:18,709 [Listener at 127.0.0.1/46473] INFO  handler.ContextHandler (ContextHandler.java:doStart(915)) - Started o.e.j.w.WebAppContext@46486cce{ozoneManager,/,file:///home/runner/work/ozone/ozone/hadoop-ozone/integration-test/target/test-classes/webapps/ozoneManager/,AVAILABLE}{file:/home/runner/work/ozone/ozone/hadoop-ozone/integration-test/target/test-classes/webapps/ozoneManager}
2022-07-12 23:25:18,741 [Listener at 127.0.0.1/46473] INFO  server.AbstractConnector (AbstractConnector.java:doStart(331)) - Started ServerConnector@297e2a40{HTTP/1.1, (http/1.1)}{0.0.0.0:36711}
2022-07-12 23:25:18,741 [Listener at 127.0.0.1/46473] INFO  server.Server (Server.java:doStart(415)) - Started @318215ms
2022-07-12 23:25:18,741 [Listener at 127.0.0.1/46473] WARN  impl.MetricsSystemImpl (MetricsSystemImpl.java:register(279)) - Sink prometheus already exists!
2022-07-12 23:25:18,742 [Listener at 127.0.0.1/46473] INFO  http.BaseHttpServer (BaseHttpServer.java:updateConnectorAddress(329)) - HTTP server of ozoneManager listening at http://0.0.0.0:36711
2022-07-12 23:25:18,757 [IPC Server Responder] INFO  ipc.Server (Server.java:run(1507)) - IPC Server Responder: starting
2022-07-12 23:25:18,763 [IPC Server listener on 0] INFO  ipc.Server (Server.java:run(1344)) - IPC Server listener on 0: starting
2022-07-12 23:25:18,859 [Listener at 127.0.0.1/46473] INFO  om.TrashPolicyOzone (TrashPolicyOzone.java:<init>(178)) - Ozone Manager trash configuration: Deletion interval = 0 minutes, Emptier interval = 0 minutes.
2022-07-12 23:25:18,929 [org.apache.hadoop.util.JvmPauseMonitor$Monitor@61762b96] INFO  util.JvmPauseMonitor (JvmPauseMonitor.java:run(188)) - Starting JVM pause monitor
2022-07-12 23:25:18,946 [Listener at 127.0.0.1/46473] INFO  impl.MetricsSystemImpl (MetricsSystemImpl.java:init(158)) - HddsDatanode metrics system started (again)
2022-07-12 23:25:19,000 [Listener at 127.0.0.1/46473] INFO  ozone.HddsDatanodeService (HddsDatanodeService.java:start(236)) - HddsDatanodeService host:fv-az46-473.aox2mo1hufxu3kclv1weif3kjc.bx.internal.cloudapp.net ip:10.1.0.13
2022-07-12 23:25:19,090 [Listener at 127.0.0.1/46473] INFO  upgrade.AbstractLayoutVersionManager (AbstractLayoutVersionManager.java:init(83)) - Initializing Layout version manager with metadata layout = DATANODE_SCHEMA_V3 (version = 4), software layout = DATANODE_SCHEMA_V3 (version = 4)
2022-07-12 23:25:19,255 [Listener at 127.0.0.1/46473] INFO  reflections.Reflections (Reflections.java:scan(232)) - Reflections took 164 ms to scan 7 urls, producing 132 keys and 317 values 
2022-07-12 23:25:19,266 [Listener at 127.0.0.1/46473] INFO  statemachine.DatanodeStateMachine (DatanodeStateMachine.java:getEndPointTaskThreadPoolSize(237)) - Datanode State Machine Task Thread Pool size 2
2022-07-12 23:25:19,281 [Listener at 127.0.0.1/46473] INFO  volume.HddsVolume (HddsVolume.java:<init>(116)) - Creating HddsVolume: /home/runner/work/ozone/ozone/hadoop-ozone/integration-test/target/test-dir/MiniOzoneClusterImpl-9bee4ffb-16ee-4d3a-b6f9-e52fae08084a/datanode-0/data-0/containers/hdds of storage type : DISK capacity : 9223372036854775807
2022-07-12 23:25:19,282 [Listener at 127.0.0.1/46473] INFO  volume.MutableVolumeSet (MutableVolumeSet.java:initializeVolumeSet(174)) - Added Volume : /home/runner/work/ozone/ozone/hadoop-ozone/integration-test/target/test-dir/MiniOzoneClusterImpl-9bee4ffb-16ee-4d3a-b6f9-e52fae08084a/datanode-0/data-0/containers/hdds to VolumeSet
2022-07-12 23:25:19,282 [Listener at 127.0.0.1/46473] INFO  volume.ThrottledAsyncChecker (ThrottledAsyncChecker.java:schedule(141)) - Scheduling a check for /home/runner/work/ozone/ozone/hadoop-ozone/integration-test/target/test-dir/MiniOzoneClusterImpl-9bee4ffb-16ee-4d3a-b6f9-e52fae08084a/datanode-0/data-0/containers/hdds
2022-07-12 23:25:19,308 [Listener at 127.0.0.1/46473] INFO  volume.StorageVolumeChecker (StorageVolumeChecker.java:checkAllVolumes(202)) - Scheduled health check for volume /home/runner/work/ozone/ozone/hadoop-ozone/integration-test/target/test-dir/MiniOzoneClusterImpl-9bee4ffb-16ee-4d3a-b6f9-e52fae08084a/datanode-0/data-0/containers/hdds
2022-07-12 23:25:19,320 [Listener at 127.0.0.1/46473] INFO  volume.MutableVolumeSet (MutableVolumeSet.java:initializeVolumeSet(174)) - Added Volume : /home/runner/work/ozone/ozone/hadoop-ozone/integration-test/target/test-dir/MiniOzoneClusterImpl-9bee4ffb-16ee-4d3a-b6f9-e52fae08084a/datanode-0/data/ratis to VolumeSet
2022-07-12 23:25:19,321 [Listener at 127.0.0.1/46473] INFO  volume.ThrottledAsyncChecker (ThrottledAsyncChecker.java:schedule(141)) - Scheduling a check for /home/runner/work/ozone/ozone/hadoop-ozone/integration-test/target/test-dir/MiniOzoneClusterImpl-9bee4ffb-16ee-4d3a-b6f9-e52fae08084a/datanode-0/data/ratis
2022-07-12 23:25:19,341 [Listener at 127.0.0.1/46473] INFO  volume.StorageVolumeChecker (StorageVolumeChecker.java:checkAllVolumes(202)) - Scheduled health check for volume /home/runner/work/ozone/ozone/hadoop-ozone/integration-test/target/test-dir/MiniOzoneClusterImpl-9bee4ffb-16ee-4d3a-b6f9-e52fae08084a/datanode-0/data/ratis
2022-07-12 23:25:19,352 [Thread-2205] INFO  ozoneimpl.ContainerReader (ContainerReader.java:readVolume(175)) - Finish verifying containers on volume /home/runner/work/ozone/ozone/hadoop-ozone/integration-test/target/test-dir/MiniOzoneClusterImpl-9bee4ffb-16ee-4d3a-b6f9-e52fae08084a/datanode-0/data-0/containers/hdds
2022-07-12 23:25:19,352 [Listener at 127.0.0.1/46473] INFO  ozoneimpl.OzoneContainer (OzoneContainer.java:buildContainerSet(266)) - Build ContainerSet costs 0s
2022-07-12 23:25:19,360 [Listener at 127.0.0.1/46473] INFO  server.RaftServer (ConfUtils.java:logGet(46)) - raft.rpc.type = GRPC (default)
2022-07-12 23:25:19,360 [Listener at 127.0.0.1/46473] INFO  grpc.GrpcFactory (GrpcFactory.java:checkPooledByteBufAllocatorUseCacheForAllThreads(48)) - PERFORMANCE WARNING: useCacheForAllThreads is true that may cause Netty to create a lot garbage objects and, as a result, trigger GC.
	It is recommended to disable useCacheForAllThreads by setting -Dorg.apache.ratis.thirdparty.io.netty.allocator.useCacheForAllThreads=false in command line.
2022-07-12 23:25:19,361 [Listener at 127.0.0.1/46473] INFO  grpc.GrpcConfigKeys (ConfUtils.java:logGet(46)) - raft.grpc.admin.port = 0 (custom)
2022-07-12 23:25:19,361 [Listener at 127.0.0.1/46473] INFO  grpc.GrpcConfigKeys (ConfUtils.java:logGet(46)) - raft.grpc.client.port = 0 (custom)
2022-07-12 23:25:19,361 [Listener at 127.0.0.1/46473] INFO  grpc.GrpcConfigKeys (ConfUtils.java:logGet(46)) - raft.grpc.server.port = 0 (default)
2022-07-12 23:25:19,366 [Listener at 127.0.0.1/46473] INFO  server.GrpcService (ConfUtils.java:logGet(46)) - raft.grpc.message.size.max = 32MB (=33554432) (custom)
2022-07-12 23:25:19,366 [Listener at 127.0.0.1/46473] INFO  server.RaftServerConfigKeys (ConfUtils.java:logGet(46)) - raft.server.log.appender.buffer.byte-limit = 33554432 (custom)
2022-07-12 23:25:19,366 [Listener at 127.0.0.1/46473] INFO  server.GrpcService (ConfUtils.java:logGet(46)) - raft.grpc.flow.control.window = 5MB (=5242880) (custom)
2022-07-12 23:25:19,366 [Listener at 127.0.0.1/46473] INFO  server.RaftServerConfigKeys (ConfUtils.java:logGet(46)) - raft.server.rpc.request.timeout = 60s (custom)
2022-07-12 23:25:19,366 [Listener at 127.0.0.1/46473] INFO  grpc.GrpcConfigKeys (ConfUtils.java:logGet(46)) - raft.grpc.server.async.request.thread.pool.cached = true (default)
2022-07-12 23:25:19,366 [Listener at 127.0.0.1/46473] INFO  grpc.GrpcConfigKeys (ConfUtils.java:logGet(46)) - raft.grpc.server.async.request.thread.pool.size = 32 (default)
2022-07-12 23:25:19,367 [Listener at 127.0.0.1/46473] INFO  impl.DataStreamServerImpl (ConfUtils.java:logGet(46)) - raft.datastream.type = DISABLED (default)
2022-07-12 23:25:19,368 [Listener at 127.0.0.1/46473] INFO  server.RaftServerConfigKeys (ConfUtils.java:logGet(46)) - raft.server.threadpool.proxy.cached = true (default)
2022-07-12 23:25:19,368 [Listener at 127.0.0.1/46473] INFO  server.RaftServerConfigKeys (ConfUtils.java:logGet(46)) - raft.server.threadpool.proxy.size = 0 (default)
2022-07-12 23:25:19,368 [Listener at 127.0.0.1/46473] INFO  server.RaftServerConfigKeys (ConfUtils.java:logGet(46)) - raft.server.rpc.slowness.timeout = 300s (custom)
2022-07-12 23:25:19,368 [Listener at 127.0.0.1/46473] INFO  server.RaftServerConfigKeys (ConfUtils.java:logGet(46)) - raft.server.leaderelection.leader.step-down.wait-time = 10s (default)
2022-07-12 23:25:19,368 [Listener at 127.0.0.1/46473] INFO  server.RaftServerConfigKeys (ConfUtils.java:logGet(46)) - raft.server.storage.dir = [/home/runner/work/ozone/ozone/hadoop-ozone/integration-test/target/test-dir/MiniOzoneClusterImpl-9bee4ffb-16ee-4d3a-b6f9-e52fae08084a/datanode-0/data/ratis] (custom)
2022-07-12 23:25:19,371 [Listener at 127.0.0.1/46473] INFO  server.XceiverServerGrpc (XceiverServerGrpc.java:<init>(132)) - GrpcServer channel type EpollServerSocketChannel
2022-07-12 23:25:19,373 [Listener at 127.0.0.1/46473] INFO  http.BaseHttpServer (BaseHttpServer.java:newHttpServer2BuilderForOzone(209)) - Starting Web-server for hddsDatanode at: http://0.0.0.0:0
2022-07-12 23:25:19,373 [Listener at 127.0.0.1/46473] INFO  http.BaseHttpServer (BaseHttpServer.java:<init>(107)) - Hadoop Security Enabled: false Ozone Security Enabled: false Ozone HTTP Security Enabled: false 
2022-07-12 23:25:19,374 [Listener at 127.0.0.1/46473] INFO  server.AuthenticationFilter (AuthenticationFilter.java:constructSecretProvider(240)) - Unable to initialize FileSignerSecretProvider, falling back to use random secrets.
2022-07-12 23:25:19,375 [Listener at 127.0.0.1/46473] WARN  http.HttpRequestLog (HttpRequestLog.java:getRequestLog(103)) - Jetty request log can only be enabled using Log4j
2022-07-12 23:25:19,376 [Listener at 127.0.0.1/46473] INFO  http.HttpServer2 (HttpServer2.java:addGlobalFilter(1029)) - Added global filter 'safety' (class=org.apache.hadoop.hdds.server.http.HttpServer2$QuotingInputFilter)
2022-07-12 23:25:19,376 [Listener at 127.0.0.1/46473] INFO  http.HttpServer2 (HttpServer2.java:addFilter(1005)) - Added filter static_user_filter (class=org.apache.hadoop.http.lib.StaticUserWebFilter$StaticUserFilter) to context hddsDatanode
2022-07-12 23:25:19,376 [Listener at 127.0.0.1/46473] INFO  http.HttpServer2 (HttpServer2.java:addFilter(1013)) - Added filter static_user_filter (class=org.apache.hadoop.http.lib.StaticUserWebFilter$StaticUserFilter) to context static
2022-07-12 23:25:19,376 [Listener at 127.0.0.1/46473] INFO  http.HttpServer2 (HttpServer2.java:addFilter(1013)) - Added filter static_user_filter (class=org.apache.hadoop.http.lib.StaticUserWebFilter$StaticUserFilter) to context logs
2022-07-12 23:25:19,376 [Listener at 127.0.0.1/46473] INFO  http.HttpServer2 (HttpServer2.java:bindListener(1248)) - Jetty bound to port 39123
2022-07-12 23:25:19,377 [Listener at 127.0.0.1/46473] INFO  server.Server (Server.java:doStart(375)) - jetty-9.4.43.v20210629; built: 2021-06-30T11:07:22.254Z; git: 526006ecfa3af7f1a27ef3a288e2bef7ea9dd7e8; jvm 1.8.0_332-b09
2022-07-12 23:25:19,378 [Listener at 127.0.0.1/46473] INFO  server.session (DefaultSessionIdManager.java:doStart(334)) - DefaultSessionIdManager workerName=node0
2022-07-12 23:25:19,378 [Listener at 127.0.0.1/46473] INFO  server.session (DefaultSessionIdManager.java:doStart(339)) - No SessionScavenger set, using defaults
2022-07-12 23:25:19,378 [Listener at 127.0.0.1/46473] INFO  server.session (HouseKeeper.java:startScavenging(132)) - node0 Scavenging every 660000ms
2022-07-12 23:25:19,379 [Listener at 127.0.0.1/46473] INFO  handler.ContextHandler (ContextHandler.java:doStart(915)) - Started o.e.j.s.ServletContextHandler@6c1d22de{logs,/logs,file:///home/runner/work/ozone/ozone/hadoop-ozone/integration-test/target/log,AVAILABLE}
2022-07-12 23:25:19,379 [Listener at 127.0.0.1/46473] INFO  handler.ContextHandler (ContextHandler.java:doStart(915)) - Started o.e.j.s.ServletContextHandler@63e89f48{static,/static,jar:file:/home/runner/.m2/repository/org/apache/ozone/hdds-container-service/1.3.0-SNAPSHOT/hdds-container-service-1.3.0-SNAPSHOT.jar!/webapps/static,AVAILABLE}
2022-07-12 23:25:19,986 [Listener at 127.0.0.1/46473] INFO  handler.ContextHandler (ContextHandler.java:doStart(915)) - Started o.e.j.w.WebAppContext@46ec2b85{hddsDatanode,/,file:///tmp/jetty-0_0_0_0-39123-hdds-container-service-1_3_0-SNAPSHOT_jar-_-any-1321453544486832655/webapp/,AVAILABLE}{jar:file:/home/runner/.m2/repository/org/apache/ozone/hdds-container-service/1.3.0-SNAPSHOT/hdds-container-service-1.3.0-SNAPSHOT.jar!/webapps/hddsDatanode}
2022-07-12 23:25:20,020 [Listener at 127.0.0.1/46473] INFO  server.AbstractConnector (AbstractConnector.java:doStart(331)) - Started ServerConnector@3a3cd09b{HTTP/1.1, (http/1.1)}{0.0.0.0:39123}
2022-07-12 23:25:20,020 [Listener at 127.0.0.1/46473] INFO  server.Server (Server.java:doStart(415)) - Started @319494ms
2022-07-12 23:25:20,020 [Listener at 127.0.0.1/46473] WARN  impl.MetricsSystemImpl (MetricsSystemImpl.java:register(279)) - Sink prometheus already exists!
2022-07-12 23:25:20,025 [Listener at 127.0.0.1/46473] INFO  http.BaseHttpServer (BaseHttpServer.java:updateConnectorAddress(329)) - HTTP server of hddsDatanode listening at http://0.0.0.0:39123
2022-07-12 23:25:20,047 [Listener at 127.0.0.1/46473] INFO  impl.MetricsSystemImpl (MetricsSystemImpl.java:init(158)) - HddsDatanode metrics system started (again)
2022-07-12 23:25:20,053 [Datanode State Machine Daemon Thread] INFO  statemachine.DatanodeStateMachine (DatanodeStateMachine.java:lambda$startDaemon$0(492)) - Ozone container server started.
2022-07-12 23:25:20,101 [Listener at 127.0.0.1/46473] INFO  ozone.HddsDatanodeService (HddsDatanodeService.java:start(236)) - HddsDatanodeService host:fv-az46-473.aox2mo1hufxu3kclv1weif3kjc.bx.internal.cloudapp.net ip:10.1.0.13
2022-07-12 23:25:20,134 [Listener at 127.0.0.1/46473] INFO  upgrade.AbstractLayoutVersionManager (AbstractLayoutVersionManager.java:init(83)) - Initializing Layout version manager with metadata layout = DATANODE_SCHEMA_V3 (version = 4), software layout = DATANODE_SCHEMA_V3 (version = 4)
2022-07-12 23:25:20,141 [org.apache.hadoop.util.JvmPauseMonitor$Monitor@cc1b2cf] INFO  util.JvmPauseMonitor (JvmPauseMonitor.java:run(188)) - Starting JVM pause monitor
2022-07-12 23:25:20,146 [Datanode State Machine Task Thread - 0] INFO  datanode.InitDatanodeState (InitDatanodeState.java:persistContainerDatanodeDetails(138)) - DatanodeDetails is persisted to /home/runner/work/ozone/ozone/hadoop-ozone/integration-test/target/test-dir/MiniOzoneClusterImpl-9bee4ffb-16ee-4d3a-b6f9-e52fae08084a/datanode-0/meta/datanode.id
2022-07-12 23:25:20,251 [Listener at 127.0.0.1/46473] INFO  reflections.Reflections (Reflections.java:scan(232)) - Reflections took 116 ms to scan 7 urls, producing 132 keys and 317 values 
2022-07-12 23:25:20,253 [Listener at 127.0.0.1/46473] INFO  statemachine.DatanodeStateMachine (DatanodeStateMachine.java:getEndPointTaskThreadPoolSize(237)) - Datanode State Machine Task Thread Pool size 2
2022-07-12 23:25:20,293 [Listener at 127.0.0.1/46473] INFO  volume.HddsVolume (HddsVolume.java:<init>(116)) - Creating HddsVolume: /home/runner/work/ozone/ozone/hadoop-ozone/integration-test/target/test-dir/MiniOzoneClusterImpl-9bee4ffb-16ee-4d3a-b6f9-e52fae08084a/datanode-1/data-0/containers/hdds of storage type : DISK capacity : 9223372036854775807
2022-07-12 23:25:20,294 [Listener at 127.0.0.1/46473] INFO  volume.MutableVolumeSet (MutableVolumeSet.java:initializeVolumeSet(174)) - Added Volume : /home/runner/work/ozone/ozone/hadoop-ozone/integration-test/target/test-dir/MiniOzoneClusterImpl-9bee4ffb-16ee-4d3a-b6f9-e52fae08084a/datanode-1/data-0/containers/hdds to VolumeSet
2022-07-12 23:25:20,294 [Listener at 127.0.0.1/46473] INFO  volume.ThrottledAsyncChecker (ThrottledAsyncChecker.java:schedule(141)) - Scheduling a check for /home/runner/work/ozone/ozone/hadoop-ozone/integration-test/target/test-dir/MiniOzoneClusterImpl-9bee4ffb-16ee-4d3a-b6f9-e52fae08084a/datanode-1/data-0/containers/hdds
2022-07-12 23:25:20,363 [Listener at 127.0.0.1/46473] INFO  volume.StorageVolumeChecker (StorageVolumeChecker.java:checkAllVolumes(202)) - Scheduled health check for volume /home/runner/work/ozone/ozone/hadoop-ozone/integration-test/target/test-dir/MiniOzoneClusterImpl-9bee4ffb-16ee-4d3a-b6f9-e52fae08084a/datanode-1/data-0/containers/hdds
2022-07-12 23:25:20,401 [Listener at 127.0.0.1/46473] INFO  volume.MutableVolumeSet (MutableVolumeSet.java:initializeVolumeSet(174)) - Added Volume : /home/runner/work/ozone/ozone/hadoop-ozone/integration-test/target/test-dir/MiniOzoneClusterImpl-9bee4ffb-16ee-4d3a-b6f9-e52fae08084a/datanode-1/data/ratis to VolumeSet
2022-07-12 23:25:20,401 [Listener at 127.0.0.1/46473] INFO  volume.ThrottledAsyncChecker (ThrottledAsyncChecker.java:schedule(141)) - Scheduling a check for /home/runner/work/ozone/ozone/hadoop-ozone/integration-test/target/test-dir/MiniOzoneClusterImpl-9bee4ffb-16ee-4d3a-b6f9-e52fae08084a/datanode-1/data/ratis
2022-07-12 23:25:20,402 [Listener at 127.0.0.1/46473] INFO  volume.StorageVolumeChecker (StorageVolumeChecker.java:checkAllVolumes(202)) - Scheduled health check for volume /home/runner/work/ozone/ozone/hadoop-ozone/integration-test/target/test-dir/MiniOzoneClusterImpl-9bee4ffb-16ee-4d3a-b6f9-e52fae08084a/datanode-1/data/ratis
2022-07-12 23:25:20,453 [Thread-2218] INFO  ozoneimpl.ContainerReader (ContainerReader.java:readVolume(175)) - Finish verifying containers on volume /home/runner/work/ozone/ozone/hadoop-ozone/integration-test/target/test-dir/MiniOzoneClusterImpl-9bee4ffb-16ee-4d3a-b6f9-e52fae08084a/datanode-1/data-0/containers/hdds
2022-07-12 23:25:20,453 [Listener at 127.0.0.1/46473] INFO  ozoneimpl.OzoneContainer (OzoneContainer.java:buildContainerSet(266)) - Build ContainerSet costs 0s
2022-07-12 23:25:20,455 [Listener at 127.0.0.1/46473] INFO  server.RaftServer (ConfUtils.java:logGet(46)) - raft.rpc.type = GRPC (default)
2022-07-12 23:25:20,455 [Listener at 127.0.0.1/46473] INFO  grpc.GrpcFactory (GrpcFactory.java:checkPooledByteBufAllocatorUseCacheForAllThreads(48)) - PERFORMANCE WARNING: useCacheForAllThreads is true that may cause Netty to create a lot garbage objects and, as a result, trigger GC.
	It is recommended to disable useCacheForAllThreads by setting -Dorg.apache.ratis.thirdparty.io.netty.allocator.useCacheForAllThreads=false in command line.
2022-07-12 23:25:20,455 [Listener at 127.0.0.1/46473] INFO  grpc.GrpcConfigKeys (ConfUtils.java:logGet(46)) - raft.grpc.admin.port = 0 (custom)
2022-07-12 23:25:20,455 [Listener at 127.0.0.1/46473] INFO  grpc.GrpcConfigKeys (ConfUtils.java:logGet(46)) - raft.grpc.client.port = 0 (custom)
2022-07-12 23:25:20,455 [Listener at 127.0.0.1/46473] INFO  grpc.GrpcConfigKeys (ConfUtils.java:logGet(46)) - raft.grpc.server.port = 0 (default)
2022-07-12 23:25:20,455 [Listener at 127.0.0.1/46473] INFO  server.GrpcService (ConfUtils.java:logGet(46)) - raft.grpc.message.size.max = 32MB (=33554432) (custom)
2022-07-12 23:25:20,455 [Listener at 127.0.0.1/46473] INFO  server.RaftServerConfigKeys (ConfUtils.java:logGet(46)) - raft.server.log.appender.buffer.byte-limit = 33554432 (custom)
2022-07-12 23:25:20,456 [Listener at 127.0.0.1/46473] INFO  server.GrpcService (ConfUtils.java:logGet(46)) - raft.grpc.flow.control.window = 5MB (=5242880) (custom)
2022-07-12 23:25:20,456 [Listener at 127.0.0.1/46473] INFO  server.RaftServerConfigKeys (ConfUtils.java:logGet(46)) - raft.server.rpc.request.timeout = 60s (custom)
2022-07-12 23:25:20,456 [Listener at 127.0.0.1/46473] INFO  grpc.GrpcConfigKeys (ConfUtils.java:logGet(46)) - raft.grpc.server.async.request.thread.pool.cached = true (default)
2022-07-12 23:25:20,456 [Listener at 127.0.0.1/46473] INFO  grpc.GrpcConfigKeys (ConfUtils.java:logGet(46)) - raft.grpc.server.async.request.thread.pool.size = 32 (default)
2022-07-12 23:25:20,457 [Listener at 127.0.0.1/46473] INFO  impl.DataStreamServerImpl (ConfUtils.java:logGet(46)) - raft.datastream.type = DISABLED (default)
2022-07-12 23:25:20,457 [Listener at 127.0.0.1/46473] INFO  server.RaftServerConfigKeys (ConfUtils.java:logGet(46)) - raft.server.threadpool.proxy.cached = true (default)
2022-07-12 23:25:20,457 [Listener at 127.0.0.1/46473] INFO  server.RaftServerConfigKeys (ConfUtils.java:logGet(46)) - raft.server.threadpool.proxy.size = 0 (default)
2022-07-12 23:25:20,457 [Listener at 127.0.0.1/46473] INFO  server.RaftServerConfigKeys (ConfUtils.java:logGet(46)) - raft.server.rpc.slowness.timeout = 300s (custom)
2022-07-12 23:25:20,457 [Listener at 127.0.0.1/46473] INFO  server.RaftServerConfigKeys (ConfUtils.java:logGet(46)) - raft.server.leaderelection.leader.step-down.wait-time = 10s (default)
2022-07-12 23:25:20,457 [Listener at 127.0.0.1/46473] INFO  server.RaftServerConfigKeys (ConfUtils.java:logGet(46)) - raft.server.storage.dir = [/home/runner/work/ozone/ozone/hadoop-ozone/integration-test/target/test-dir/MiniOzoneClusterImpl-9bee4ffb-16ee-4d3a-b6f9-e52fae08084a/datanode-1/data/ratis] (custom)
2022-07-12 23:25:20,494 [Listener at 127.0.0.1/46473] INFO  server.XceiverServerGrpc (XceiverServerGrpc.java:<init>(132)) - GrpcServer channel type EpollServerSocketChannel
2022-07-12 23:25:20,511 [Listener at 127.0.0.1/46473] INFO  http.BaseHttpServer (BaseHttpServer.java:newHttpServer2BuilderForOzone(209)) - Starting Web-server for hddsDatanode at: http://0.0.0.0:0
2022-07-12 23:25:20,511 [Listener at 127.0.0.1/46473] INFO  http.BaseHttpServer (BaseHttpServer.java:<init>(107)) - Hadoop Security Enabled: false Ozone Security Enabled: false Ozone HTTP Security Enabled: false 
2022-07-12 23:25:20,512 [Listener at 127.0.0.1/46473] INFO  server.AuthenticationFilter (AuthenticationFilter.java:constructSecretProvider(240)) - Unable to initialize FileSignerSecretProvider, falling back to use random secrets.
2022-07-12 23:25:20,557 [Listener at 127.0.0.1/46473] WARN  http.HttpRequestLog (HttpRequestLog.java:getRequestLog(103)) - Jetty request log can only be enabled using Log4j
2022-07-12 23:25:20,558 [Listener at 127.0.0.1/46473] INFO  http.HttpServer2 (HttpServer2.java:addGlobalFilter(1029)) - Added global filter 'safety' (class=org.apache.hadoop.hdds.server.http.HttpServer2$QuotingInputFilter)
2022-07-12 23:25:20,559 [Listener at 127.0.0.1/46473] INFO  http.HttpServer2 (HttpServer2.java:addFilter(1005)) - Added filter static_user_filter (class=org.apache.hadoop.http.lib.StaticUserWebFilter$StaticUserFilter) to context hddsDatanode
2022-07-12 23:25:20,559 [Listener at 127.0.0.1/46473] INFO  http.HttpServer2 (HttpServer2.java:addFilter(1013)) - Added filter static_user_filter (class=org.apache.hadoop.http.lib.StaticUserWebFilter$StaticUserFilter) to context static
2022-07-12 23:25:20,569 [Listener at 127.0.0.1/46473] INFO  http.HttpServer2 (HttpServer2.java:addFilter(1013)) - Added filter static_user_filter (class=org.apache.hadoop.http.lib.StaticUserWebFilter$StaticUserFilter) to context logs
2022-07-12 23:25:20,570 [Listener at 127.0.0.1/46473] INFO  http.HttpServer2 (HttpServer2.java:bindListener(1248)) - Jetty bound to port 32835
2022-07-12 23:25:20,570 [Listener at 127.0.0.1/46473] INFO  server.Server (Server.java:doStart(375)) - jetty-9.4.43.v20210629; built: 2021-06-30T11:07:22.254Z; git: 526006ecfa3af7f1a27ef3a288e2bef7ea9dd7e8; jvm 1.8.0_332-b09
2022-07-12 23:25:20,648 [Listener at 127.0.0.1/46473] INFO  server.session (DefaultSessionIdManager.java:doStart(334)) - DefaultSessionIdManager workerName=node0
2022-07-12 23:25:20,648 [Listener at 127.0.0.1/46473] INFO  server.session (DefaultSessionIdManager.java:doStart(339)) - No SessionScavenger set, using defaults
2022-07-12 23:25:20,649 [Listener at 127.0.0.1/46473] INFO  server.session (HouseKeeper.java:startScavenging(132)) - node0 Scavenging every 660000ms
2022-07-12 23:25:20,670 [Listener at 127.0.0.1/46473] INFO  handler.ContextHandler (ContextHandler.java:doStart(915)) - Started o.e.j.s.ServletContextHandler@50383f03{logs,/logs,file:///home/runner/work/ozone/ozone/hadoop-ozone/integration-test/target/log,AVAILABLE}
2022-07-12 23:25:20,671 [Listener at 127.0.0.1/46473] INFO  handler.ContextHandler (ContextHandler.java:doStart(915)) - Started o.e.j.s.ServletContextHandler@17171d41{static,/static,jar:file:/home/runner/.m2/repository/org/apache/ozone/hdds-container-service/1.3.0-SNAPSHOT/hdds-container-service-1.3.0-SNAPSHOT.jar!/webapps/static,AVAILABLE}
2022-07-12 23:25:21,495 [Listener at 127.0.0.1/46473] INFO  handler.ContextHandler (ContextHandler.java:doStart(915)) - Started o.e.j.w.WebAppContext@39df2da5{hddsDatanode,/,file:///tmp/jetty-0_0_0_0-32835-hdds-container-service-1_3_0-SNAPSHOT_jar-_-any-4512959926226898778/webapp/,AVAILABLE}{jar:file:/home/runner/.m2/repository/org/apache/ozone/hdds-container-service/1.3.0-SNAPSHOT/hdds-container-service-1.3.0-SNAPSHOT.jar!/webapps/hddsDatanode}
2022-07-12 23:25:21,501 [Listener at 127.0.0.1/46473] INFO  server.AbstractConnector (AbstractConnector.java:doStart(331)) - Started ServerConnector@5a9da58e{HTTP/1.1, (http/1.1)}{0.0.0.0:32835}
2022-07-12 23:25:21,501 [Listener at 127.0.0.1/46473] INFO  server.Server (Server.java:doStart(415)) - Started @320976ms
2022-07-12 23:25:21,501 [Listener at 127.0.0.1/46473] WARN  impl.MetricsSystemImpl (MetricsSystemImpl.java:register(279)) - Sink prometheus already exists!
2022-07-12 23:25:21,509 [Listener at 127.0.0.1/46473] INFO  http.BaseHttpServer (BaseHttpServer.java:updateConnectorAddress(329)) - HTTP server of hddsDatanode listening at http://0.0.0.0:32835
2022-07-12 23:25:21,510 [Listener at 127.0.0.1/46473] INFO  impl.MetricsSystemImpl (MetricsSystemImpl.java:init(158)) - HddsDatanode metrics system started (again)
2022-07-12 23:25:21,517 [Datanode State Machine Daemon Thread] INFO  statemachine.DatanodeStateMachine (DatanodeStateMachine.java:lambda$startDaemon$0(492)) - Ozone container server started.
2022-07-12 23:25:21,555 [Listener at 127.0.0.1/46473] INFO  ozone.HddsDatanodeService (HddsDatanodeService.java:start(236)) - HddsDatanodeService host:fv-az46-473.aox2mo1hufxu3kclv1weif3kjc.bx.internal.cloudapp.net ip:10.1.0.13
2022-07-12 23:25:21,653 [org.apache.hadoop.util.JvmPauseMonitor$Monitor@26e8883] INFO  util.JvmPauseMonitor (JvmPauseMonitor.java:run(188)) - Starting JVM pause monitor
2022-07-12 23:25:21,697 [Datanode State Machine Task Thread - 0] INFO  datanode.InitDatanodeState (InitDatanodeState.java:persistContainerDatanodeDetails(138)) - DatanodeDetails is persisted to /home/runner/work/ozone/ozone/hadoop-ozone/integration-test/target/test-dir/MiniOzoneClusterImpl-9bee4ffb-16ee-4d3a-b6f9-e52fae08084a/datanode-1/meta/datanode.id
2022-07-12 23:25:21,745 [Listener at 127.0.0.1/46473] INFO  upgrade.AbstractLayoutVersionManager (AbstractLayoutVersionManager.java:init(83)) - Initializing Layout version manager with metadata layout = DATANODE_SCHEMA_V3 (version = 4), software layout = DATANODE_SCHEMA_V3 (version = 4)
2022-07-12 23:25:21,882 [Listener at 127.0.0.1/46473] INFO  reflections.Reflections (Reflections.java:scan(232)) - Reflections took 135 ms to scan 7 urls, producing 132 keys and 317 values 
2022-07-12 23:25:21,908 [Listener at 127.0.0.1/46473] INFO  statemachine.DatanodeStateMachine (DatanodeStateMachine.java:getEndPointTaskThreadPoolSize(237)) - Datanode State Machine Task Thread Pool size 2
2022-07-12 23:25:21,910 [Listener at 127.0.0.1/46473] INFO  volume.HddsVolume (HddsVolume.java:<init>(116)) - Creating HddsVolume: /home/runner/work/ozone/ozone/hadoop-ozone/integration-test/target/test-dir/MiniOzoneClusterImpl-9bee4ffb-16ee-4d3a-b6f9-e52fae08084a/datanode-2/data-0/containers/hdds of storage type : DISK capacity : 9223372036854775807
2022-07-12 23:25:21,910 [Listener at 127.0.0.1/46473] INFO  volume.MutableVolumeSet (MutableVolumeSet.java:initializeVolumeSet(174)) - Added Volume : /home/runner/work/ozone/ozone/hadoop-ozone/integration-test/target/test-dir/MiniOzoneClusterImpl-9bee4ffb-16ee-4d3a-b6f9-e52fae08084a/datanode-2/data-0/containers/hdds to VolumeSet
2022-07-12 23:25:21,910 [Listener at 127.0.0.1/46473] INFO  volume.ThrottledAsyncChecker (ThrottledAsyncChecker.java:schedule(141)) - Scheduling a check for /home/runner/work/ozone/ozone/hadoop-ozone/integration-test/target/test-dir/MiniOzoneClusterImpl-9bee4ffb-16ee-4d3a-b6f9-e52fae08084a/datanode-2/data-0/containers/hdds
2022-07-12 23:25:21,911 [Listener at 127.0.0.1/46473] INFO  volume.StorageVolumeChecker (StorageVolumeChecker.java:checkAllVolumes(202)) - Scheduled health check for volume /home/runner/work/ozone/ozone/hadoop-ozone/integration-test/target/test-dir/MiniOzoneClusterImpl-9bee4ffb-16ee-4d3a-b6f9-e52fae08084a/datanode-2/data-0/containers/hdds
2022-07-12 23:25:21,973 [Listener at 127.0.0.1/46473] INFO  volume.MutableVolumeSet (MutableVolumeSet.java:initializeVolumeSet(174)) - Added Volume : /home/runner/work/ozone/ozone/hadoop-ozone/integration-test/target/test-dir/MiniOzoneClusterImpl-9bee4ffb-16ee-4d3a-b6f9-e52fae08084a/datanode-2/data/ratis to VolumeSet
2022-07-12 23:25:21,973 [Listener at 127.0.0.1/46473] INFO  volume.ThrottledAsyncChecker (ThrottledAsyncChecker.java:schedule(141)) - Scheduling a check for /home/runner/work/ozone/ozone/hadoop-ozone/integration-test/target/test-dir/MiniOzoneClusterImpl-9bee4ffb-16ee-4d3a-b6f9-e52fae08084a/datanode-2/data/ratis
2022-07-12 23:25:21,974 [Listener at 127.0.0.1/46473] INFO  volume.StorageVolumeChecker (StorageVolumeChecker.java:checkAllVolumes(202)) - Scheduled health check for volume /home/runner/work/ozone/ozone/hadoop-ozone/integration-test/target/test-dir/MiniOzoneClusterImpl-9bee4ffb-16ee-4d3a-b6f9-e52fae08084a/datanode-2/data/ratis
2022-07-12 23:25:21,996 [Thread-2231] INFO  ozoneimpl.ContainerReader (ContainerReader.java:readVolume(175)) - Finish verifying containers on volume /home/runner/work/ozone/ozone/hadoop-ozone/integration-test/target/test-dir/MiniOzoneClusterImpl-9bee4ffb-16ee-4d3a-b6f9-e52fae08084a/datanode-2/data-0/containers/hdds
2022-07-12 23:25:21,996 [Listener at 127.0.0.1/46473] INFO  ozoneimpl.OzoneContainer (OzoneContainer.java:buildContainerSet(266)) - Build ContainerSet costs 0s
2022-07-12 23:25:21,998 [Listener at 127.0.0.1/46473] INFO  server.RaftServer (ConfUtils.java:logGet(46)) - raft.rpc.type = GRPC (default)
2022-07-12 23:25:21,998 [Listener at 127.0.0.1/46473] INFO  grpc.GrpcFactory (GrpcFactory.java:checkPooledByteBufAllocatorUseCacheForAllThreads(48)) - PERFORMANCE WARNING: useCacheForAllThreads is true that may cause Netty to create a lot garbage objects and, as a result, trigger GC.
	It is recommended to disable useCacheForAllThreads by setting -Dorg.apache.ratis.thirdparty.io.netty.allocator.useCacheForAllThreads=false in command line.
2022-07-12 23:25:21,998 [Listener at 127.0.0.1/46473] INFO  grpc.GrpcConfigKeys (ConfUtils.java:logGet(46)) - raft.grpc.admin.port = 0 (custom)
2022-07-12 23:25:21,998 [Listener at 127.0.0.1/46473] INFO  grpc.GrpcConfigKeys (ConfUtils.java:logGet(46)) - raft.grpc.client.port = 0 (custom)
2022-07-12 23:25:21,998 [Listener at 127.0.0.1/46473] INFO  grpc.GrpcConfigKeys (ConfUtils.java:logGet(46)) - raft.grpc.server.port = 0 (default)
2022-07-12 23:25:21,999 [Listener at 127.0.0.1/46473] INFO  server.GrpcService (ConfUtils.java:logGet(46)) - raft.grpc.message.size.max = 32MB (=33554432) (custom)
2022-07-12 23:25:21,999 [Listener at 127.0.0.1/46473] INFO  server.RaftServerConfigKeys (ConfUtils.java:logGet(46)) - raft.server.log.appender.buffer.byte-limit = 33554432 (custom)
2022-07-12 23:25:21,999 [Listener at 127.0.0.1/46473] INFO  server.GrpcService (ConfUtils.java:logGet(46)) - raft.grpc.flow.control.window = 5MB (=5242880) (custom)
2022-07-12 23:25:21,999 [Listener at 127.0.0.1/46473] INFO  server.RaftServerConfigKeys (ConfUtils.java:logGet(46)) - raft.server.rpc.request.timeout = 60s (custom)
2022-07-12 23:25:21,999 [Listener at 127.0.0.1/46473] INFO  grpc.GrpcConfigKeys (ConfUtils.java:logGet(46)) - raft.grpc.server.async.request.thread.pool.cached = true (default)
2022-07-12 23:25:21,999 [Listener at 127.0.0.1/46473] INFO  grpc.GrpcConfigKeys (ConfUtils.java:logGet(46)) - raft.grpc.server.async.request.thread.pool.size = 32 (default)
2022-07-12 23:25:22,000 [Listener at 127.0.0.1/46473] INFO  impl.DataStreamServerImpl (ConfUtils.java:logGet(46)) - raft.datastream.type = DISABLED (default)
2022-07-12 23:25:22,000 [Listener at 127.0.0.1/46473] INFO  server.RaftServerConfigKeys (ConfUtils.java:logGet(46)) - raft.server.threadpool.proxy.cached = true (default)
2022-07-12 23:25:22,000 [Listener at 127.0.0.1/46473] INFO  server.RaftServerConfigKeys (ConfUtils.java:logGet(46)) - raft.server.threadpool.proxy.size = 0 (default)
2022-07-12 23:25:22,000 [Listener at 127.0.0.1/46473] INFO  server.RaftServerConfigKeys (ConfUtils.java:logGet(46)) - raft.server.rpc.slowness.timeout = 300s (custom)
2022-07-12 23:25:22,001 [Listener at 127.0.0.1/46473] INFO  server.RaftServerConfigKeys (ConfUtils.java:logGet(46)) - raft.server.leaderelection.leader.step-down.wait-time = 10s (default)
2022-07-12 23:25:22,001 [Listener at 127.0.0.1/46473] INFO  server.RaftServerConfigKeys (ConfUtils.java:logGet(46)) - raft.server.storage.dir = [/home/runner/work/ozone/ozone/hadoop-ozone/integration-test/target/test-dir/MiniOzoneClusterImpl-9bee4ffb-16ee-4d3a-b6f9-e52fae08084a/datanode-2/data/ratis] (custom)
2022-07-12 23:25:22,034 [Listener at 127.0.0.1/46473] INFO  server.XceiverServerGrpc (XceiverServerGrpc.java:<init>(132)) - GrpcServer channel type EpollServerSocketChannel
2022-07-12 23:25:22,041 [Listener at 127.0.0.1/46473] INFO  http.BaseHttpServer (BaseHttpServer.java:newHttpServer2BuilderForOzone(209)) - Starting Web-server for hddsDatanode at: http://0.0.0.0:0
2022-07-12 23:25:22,042 [Listener at 127.0.0.1/46473] INFO  http.BaseHttpServer (BaseHttpServer.java:<init>(107)) - Hadoop Security Enabled: false Ozone Security Enabled: false Ozone HTTP Security Enabled: false 
2022-07-12 23:25:22,043 [Listener at 127.0.0.1/46473] INFO  server.AuthenticationFilter (AuthenticationFilter.java:constructSecretProvider(240)) - Unable to initialize FileSignerSecretProvider, falling back to use random secrets.
2022-07-12 23:25:22,053 [Listener at 127.0.0.1/46473] WARN  http.HttpRequestLog (HttpRequestLog.java:getRequestLog(103)) - Jetty request log can only be enabled using Log4j
2022-07-12 23:25:22,054 [Listener at 127.0.0.1/46473] INFO  http.HttpServer2 (HttpServer2.java:addGlobalFilter(1029)) - Added global filter 'safety' (class=org.apache.hadoop.hdds.server.http.HttpServer2$QuotingInputFilter)
2022-07-12 23:25:22,054 [Listener at 127.0.0.1/46473] INFO  http.HttpServer2 (HttpServer2.java:addFilter(1005)) - Added filter static_user_filter (class=org.apache.hadoop.http.lib.StaticUserWebFilter$StaticUserFilter) to context hddsDatanode
2022-07-12 23:25:22,055 [Listener at 127.0.0.1/46473] INFO  http.HttpServer2 (HttpServer2.java:addFilter(1013)) - Added filter static_user_filter (class=org.apache.hadoop.http.lib.StaticUserWebFilter$StaticUserFilter) to context static
2022-07-12 23:25:22,055 [Listener at 127.0.0.1/46473] INFO  http.HttpServer2 (HttpServer2.java:addFilter(1013)) - Added filter static_user_filter (class=org.apache.hadoop.http.lib.StaticUserWebFilter$StaticUserFilter) to context logs
2022-07-12 23:25:22,055 [Listener at 127.0.0.1/46473] INFO  http.HttpServer2 (HttpServer2.java:bindListener(1248)) - Jetty bound to port 36421
2022-07-12 23:25:22,055 [Listener at 127.0.0.1/46473] INFO  server.Server (Server.java:doStart(375)) - jetty-9.4.43.v20210629; built: 2021-06-30T11:07:22.254Z; git: 526006ecfa3af7f1a27ef3a288e2bef7ea9dd7e8; jvm 1.8.0_332-b09
2022-07-12 23:25:22,057 [Listener at 127.0.0.1/46473] INFO  server.session (DefaultSessionIdManager.java:doStart(334)) - DefaultSessionIdManager workerName=node0
2022-07-12 23:25:22,057 [Listener at 127.0.0.1/46473] INFO  server.session (DefaultSessionIdManager.java:doStart(339)) - No SessionScavenger set, using defaults
2022-07-12 23:25:22,057 [Listener at 127.0.0.1/46473] INFO  server.session (HouseKeeper.java:startScavenging(132)) - node0 Scavenging every 600000ms
2022-07-12 23:25:22,070 [Listener at 127.0.0.1/46473] INFO  handler.ContextHandler (ContextHandler.java:doStart(915)) - Started o.e.j.s.ServletContextHandler@25c7c589{logs,/logs,file:///home/runner/work/ozone/ozone/hadoop-ozone/integration-test/target/log,AVAILABLE}
2022-07-12 23:25:22,070 [Listener at 127.0.0.1/46473] INFO  handler.ContextHandler (ContextHandler.java:doStart(915)) - Started o.e.j.s.ServletContextHandler@5869142a{static,/static,jar:file:/home/runner/.m2/repository/org/apache/ozone/hdds-container-service/1.3.0-SNAPSHOT/hdds-container-service-1.3.0-SNAPSHOT.jar!/webapps/static,AVAILABLE}
2022-07-12 23:25:22,289 [EndpointStateMachine task thread for /0.0.0.0:39387 - 0 ] INFO  volume.HddsVolume (HddsVolume.java:createDbStore(309)) - SchemaV3 db is created and loaded at /home/runner/work/ozone/ozone/hadoop-ozone/integration-test/target/test-dir/MiniOzoneClusterImpl-9bee4ffb-16ee-4d3a-b6f9-e52fae08084a/datanode-0/data-0/containers/hdds/9bee4ffb-16ee-4d3a-b6f9-e52fae08084a/DS-424d79e7-b2cd-4f22-8887-2323e16fbbca/container.db for volume DS-424d79e7-b2cd-4f22-8887-2323e16fbbca
2022-07-12 23:25:22,313 [EndpointStateMachine task thread for /0.0.0.0:39387 - 0 ] INFO  volume.HddsVolume (HddsVolume.java:closeDbStore(340)) - SchemaV3 db is stopped at /home/runner/work/ozone/ozone/hadoop-ozone/integration-test/target/test-dir/MiniOzoneClusterImpl-9bee4ffb-16ee-4d3a-b6f9-e52fae08084a/datanode-0/data-0/containers/hdds/9bee4ffb-16ee-4d3a-b6f9-e52fae08084a/DS-424d79e7-b2cd-4f22-8887-2323e16fbbca/container.db for volume DS-424d79e7-b2cd-4f22-8887-2323e16fbbca
2022-07-12 23:25:22,313 [EndpointStateMachine task thread for /0.0.0.0:39387 - 0 ] INFO  ozoneimpl.OzoneContainer (OzoneContainer.java:start(344)) - Attempting to start container services.
2022-07-12 23:25:22,314 [EndpointStateMachine task thread for /0.0.0.0:39387 - 0 ] INFO  ozoneimpl.OzoneContainer (OzoneContainer.java:startContainerScrub(279)) - Background container scanner has been disabled.
2022-07-12 23:25:22,383 [EndpointStateMachine task thread for /0.0.0.0:39387 - 0 ] INFO  replication.ReplicationServer (ReplicationServer.java:start(111)) - ReplicationServer is started using port 42861
2022-07-12 23:25:22,391 [EndpointStateMachine task thread for /0.0.0.0:39387 - 0 ] INFO  ratis.XceiverServerRatis (XceiverServerRatis.java:start(481)) - Starting XceiverServerRatis d62677b6-aca1-45f9-8cbf-ef07d3f04380
2022-07-12 23:25:22,397 [EndpointStateMachine task thread for /0.0.0.0:39387 - 0 ] INFO  server.RaftServer (RaftServerProxy.java:lambda$start$6(382)) - d62677b6-aca1-45f9-8cbf-ef07d3f04380: start RPC server
2022-07-12 23:25:22,405 [EndpointStateMachine task thread for /0.0.0.0:39387 - 0 ] INFO  server.GrpcService (GrpcService.java:startImpl(260)) - d62677b6-aca1-45f9-8cbf-ef07d3f04380: GrpcService started, listening on 43415
2022-07-12 23:25:22,409 [EndpointStateMachine task thread for /0.0.0.0:39387 - 0 ] INFO  ratis.XceiverServerRatis (XceiverServerRatis.java:getRealPort(502)) - XceiverServerRatis d62677b6-aca1-45f9-8cbf-ef07d3f04380 is started using port 43415 for RATIS
2022-07-12 23:25:22,409 [EndpointStateMachine task thread for /0.0.0.0:39387 - 0 ] INFO  ratis.XceiverServerRatis (XceiverServerRatis.java:getRealPort(502)) - XceiverServerRatis d62677b6-aca1-45f9-8cbf-ef07d3f04380 is started using port 43415 for RATIS_ADMIN
2022-07-12 23:25:22,409 [EndpointStateMachine task thread for /0.0.0.0:39387 - 0 ] INFO  ratis.XceiverServerRatis (XceiverServerRatis.java:getRealPort(502)) - XceiverServerRatis d62677b6-aca1-45f9-8cbf-ef07d3f04380 is started using port 43415 for RATIS_SERVER
2022-07-12 23:25:22,409 [org.apache.ratis.util.JvmPauseMonitor$$Lambda$613/1690937419@7d28dd4a] INFO  util.JvmPauseMonitor (JvmPauseMonitor.java:run(103)) - JvmPauseMonitor-d62677b6-aca1-45f9-8cbf-ef07d3f04380: Started
2022-07-12 23:25:22,482 [EndpointStateMachine task thread for /0.0.0.0:39387 - 0 ] INFO  server.XceiverServerGrpc (XceiverServerGrpc.java:start(180)) - XceiverServerGrpc d62677b6-aca1-45f9-8cbf-ef07d3f04380 is started using port 37553
2022-07-12 23:25:22,731 [Listener at 127.0.0.1/46473] INFO  handler.ContextHandler (ContextHandler.java:doStart(915)) - Started o.e.j.w.WebAppContext@1a2b65ad{hddsDatanode,/,file:///tmp/jetty-0_0_0_0-36421-hdds-container-service-1_3_0-SNAPSHOT_jar-_-any-3364298718755540253/webapp/,AVAILABLE}{jar:file:/home/runner/.m2/repository/org/apache/ozone/hdds-container-service/1.3.0-SNAPSHOT/hdds-container-service-1.3.0-SNAPSHOT.jar!/webapps/hddsDatanode}
2022-07-12 23:25:22,764 [Listener at 127.0.0.1/46473] INFO  server.AbstractConnector (AbstractConnector.java:doStart(331)) - Started ServerConnector@57b2e510{HTTP/1.1, (http/1.1)}{0.0.0.0:36421}
2022-07-12 23:25:22,764 [Listener at 127.0.0.1/46473] INFO  server.Server (Server.java:doStart(415)) - Started @322239ms
2022-07-12 23:25:22,764 [Listener at 127.0.0.1/46473] WARN  impl.MetricsSystemImpl (MetricsSystemImpl.java:register(279)) - Sink prometheus already exists!
2022-07-12 23:25:22,765 [Listener at 127.0.0.1/46473] INFO  http.BaseHttpServer (BaseHttpServer.java:updateConnectorAddress(329)) - HTTP server of hddsDatanode listening at http://0.0.0.0:36421
2022-07-12 23:25:22,797 [Listener at 127.0.0.1/46473] INFO  impl.MetricsSystemImpl (MetricsSystemImpl.java:init(158)) - HddsDatanode metrics system started (again)
2022-07-12 23:25:22,805 [Datanode State Machine Daemon Thread] INFO  statemachine.DatanodeStateMachine (DatanodeStateMachine.java:lambda$startDaemon$0(492)) - Ozone container server started.
2022-07-12 23:25:22,848 [Listener at 127.0.0.1/46473] INFO  ozone.HddsDatanodeService (HddsDatanodeService.java:start(236)) - HddsDatanodeService host:fv-az46-473.aox2mo1hufxu3kclv1weif3kjc.bx.internal.cloudapp.net ip:10.1.0.13
2022-07-12 23:25:22,865 [org.apache.hadoop.util.JvmPauseMonitor$Monitor@202d8a9b] INFO  util.JvmPauseMonitor (JvmPauseMonitor.java:run(188)) - Starting JVM pause monitor
2022-07-12 23:25:22,879 [Datanode State Machine Task Thread - 0] INFO  datanode.InitDatanodeState (InitDatanodeState.java:persistContainerDatanodeDetails(138)) - DatanodeDetails is persisted to /home/runner/work/ozone/ozone/hadoop-ozone/integration-test/target/test-dir/MiniOzoneClusterImpl-9bee4ffb-16ee-4d3a-b6f9-e52fae08084a/datanode-2/meta/datanode.id
2022-07-12 23:25:23,008 [Listener at 127.0.0.1/46473] INFO  upgrade.AbstractLayoutVersionManager (AbstractLayoutVersionManager.java:init(83)) - Initializing Layout version manager with metadata layout = DATANODE_SCHEMA_V3 (version = 4), software layout = DATANODE_SCHEMA_V3 (version = 4)
2022-07-12 23:25:23,131 [Listener at 127.0.0.1/46473] INFO  reflections.Reflections (Reflections.java:scan(232)) - Reflections took 122 ms to scan 7 urls, producing 132 keys and 317 values 
2022-07-12 23:25:23,132 [Listener at 127.0.0.1/46473] INFO  statemachine.DatanodeStateMachine (DatanodeStateMachine.java:getEndPointTaskThreadPoolSize(237)) - Datanode State Machine Task Thread Pool size 2
2022-07-12 23:25:23,166 [Listener at 127.0.0.1/46473] INFO  volume.HddsVolume (HddsVolume.java:<init>(116)) - Creating HddsVolume: /home/runner/work/ozone/ozone/hadoop-ozone/integration-test/target/test-dir/MiniOzoneClusterImpl-9bee4ffb-16ee-4d3a-b6f9-e52fae08084a/datanode-3/data-0/containers/hdds of storage type : DISK capacity : 9223372036854775807
2022-07-12 23:25:23,166 [Listener at 127.0.0.1/46473] INFO  volume.MutableVolumeSet (MutableVolumeSet.java:initializeVolumeSet(174)) - Added Volume : /home/runner/work/ozone/ozone/hadoop-ozone/integration-test/target/test-dir/MiniOzoneClusterImpl-9bee4ffb-16ee-4d3a-b6f9-e52fae08084a/datanode-3/data-0/containers/hdds to VolumeSet
2022-07-12 23:25:23,166 [Listener at 127.0.0.1/46473] INFO  volume.ThrottledAsyncChecker (ThrottledAsyncChecker.java:schedule(141)) - Scheduling a check for /home/runner/work/ozone/ozone/hadoop-ozone/integration-test/target/test-dir/MiniOzoneClusterImpl-9bee4ffb-16ee-4d3a-b6f9-e52fae08084a/datanode-3/data-0/containers/hdds
2022-07-12 23:25:23,167 [Listener at 127.0.0.1/46473] INFO  volume.StorageVolumeChecker (StorageVolumeChecker.java:checkAllVolumes(202)) - Scheduled health check for volume /home/runner/work/ozone/ozone/hadoop-ozone/integration-test/target/test-dir/MiniOzoneClusterImpl-9bee4ffb-16ee-4d3a-b6f9-e52fae08084a/datanode-3/data-0/containers/hdds
2022-07-12 23:25:23,202 [Listener at 127.0.0.1/46473] INFO  volume.MutableVolumeSet (MutableVolumeSet.java:initializeVolumeSet(174)) - Added Volume : /home/runner/work/ozone/ozone/hadoop-ozone/integration-test/target/test-dir/MiniOzoneClusterImpl-9bee4ffb-16ee-4d3a-b6f9-e52fae08084a/datanode-3/data/ratis to VolumeSet
2022-07-12 23:25:23,202 [Listener at 127.0.0.1/46473] INFO  volume.ThrottledAsyncChecker (ThrottledAsyncChecker.java:schedule(141)) - Scheduling a check for /home/runner/work/ozone/ozone/hadoop-ozone/integration-test/target/test-dir/MiniOzoneClusterImpl-9bee4ffb-16ee-4d3a-b6f9-e52fae08084a/datanode-3/data/ratis
2022-07-12 23:25:23,202 [Listener at 127.0.0.1/46473] INFO  volume.StorageVolumeChecker (StorageVolumeChecker.java:checkAllVolumes(202)) - Scheduled health check for volume /home/runner/work/ozone/ozone/hadoop-ozone/integration-test/target/test-dir/MiniOzoneClusterImpl-9bee4ffb-16ee-4d3a-b6f9-e52fae08084a/datanode-3/data/ratis
2022-07-12 23:25:23,276 [Thread-2248] INFO  ozoneimpl.ContainerReader (ContainerReader.java:readVolume(175)) - Finish verifying containers on volume /home/runner/work/ozone/ozone/hadoop-ozone/integration-test/target/test-dir/MiniOzoneClusterImpl-9bee4ffb-16ee-4d3a-b6f9-e52fae08084a/datanode-3/data-0/containers/hdds
2022-07-12 23:25:23,285 [Listener at 127.0.0.1/46473] INFO  ozoneimpl.OzoneContainer (OzoneContainer.java:buildContainerSet(266)) - Build ContainerSet costs 0s
2022-07-12 23:25:23,287 [Listener at 127.0.0.1/46473] INFO  server.RaftServer (ConfUtils.java:logGet(46)) - raft.rpc.type = GRPC (default)
2022-07-12 23:25:23,287 [Listener at 127.0.0.1/46473] INFO  grpc.GrpcFactory (GrpcFactory.java:checkPooledByteBufAllocatorUseCacheForAllThreads(48)) - PERFORMANCE WARNING: useCacheForAllThreads is true that may cause Netty to create a lot garbage objects and, as a result, trigger GC.
	It is recommended to disable useCacheForAllThreads by setting -Dorg.apache.ratis.thirdparty.io.netty.allocator.useCacheForAllThreads=false in command line.
2022-07-12 23:25:23,287 [Listener at 127.0.0.1/46473] INFO  grpc.GrpcConfigKeys (ConfUtils.java:logGet(46)) - raft.grpc.admin.port = 0 (custom)
2022-07-12 23:25:23,287 [Listener at 127.0.0.1/46473] INFO  grpc.GrpcConfigKeys (ConfUtils.java:logGet(46)) - raft.grpc.client.port = 0 (custom)
2022-07-12 23:25:23,287 [Listener at 127.0.0.1/46473] INFO  grpc.GrpcConfigKeys (ConfUtils.java:logGet(46)) - raft.grpc.server.port = 0 (default)
2022-07-12 23:25:23,287 [Listener at 127.0.0.1/46473] INFO  server.GrpcService (ConfUtils.java:logGet(46)) - raft.grpc.message.size.max = 32MB (=33554432) (custom)
2022-07-12 23:25:23,287 [Listener at 127.0.0.1/46473] INFO  server.RaftServerConfigKeys (ConfUtils.java:logGet(46)) - raft.server.log.appender.buffer.byte-limit = 33554432 (custom)
2022-07-12 23:25:23,287 [Listener at 127.0.0.1/46473] INFO  server.GrpcService (ConfUtils.java:logGet(46)) - raft.grpc.flow.control.window = 5MB (=5242880) (custom)
2022-07-12 23:25:23,287 [Listener at 127.0.0.1/46473] INFO  server.RaftServerConfigKeys (ConfUtils.java:logGet(46)) - raft.server.rpc.request.timeout = 60s (custom)
2022-07-12 23:25:23,287 [Listener at 127.0.0.1/46473] INFO  grpc.GrpcConfigKeys (ConfUtils.java:logGet(46)) - raft.grpc.server.async.request.thread.pool.cached = true (default)
2022-07-12 23:25:23,288 [Listener at 127.0.0.1/46473] INFO  grpc.GrpcConfigKeys (ConfUtils.java:logGet(46)) - raft.grpc.server.async.request.thread.pool.size = 32 (default)
2022-07-12 23:25:23,294 [Listener at 127.0.0.1/46473] INFO  impl.DataStreamServerImpl (ConfUtils.java:logGet(46)) - raft.datastream.type = DISABLED (default)
2022-07-12 23:25:23,294 [Listener at 127.0.0.1/46473] INFO  server.RaftServerConfigKeys (ConfUtils.java:logGet(46)) - raft.server.threadpool.proxy.cached = true (default)
2022-07-12 23:25:23,294 [Listener at 127.0.0.1/46473] INFO  server.RaftServerConfigKeys (ConfUtils.java:logGet(46)) - raft.server.threadpool.proxy.size = 0 (default)
2022-07-12 23:25:23,294 [Listener at 127.0.0.1/46473] INFO  server.RaftServerConfigKeys (ConfUtils.java:logGet(46)) - raft.server.rpc.slowness.timeout = 300s (custom)
2022-07-12 23:25:23,294 [Listener at 127.0.0.1/46473] INFO  server.RaftServerConfigKeys (ConfUtils.java:logGet(46)) - raft.server.leaderelection.leader.step-down.wait-time = 10s (default)
2022-07-12 23:25:23,294 [Listener at 127.0.0.1/46473] INFO  server.RaftServerConfigKeys (ConfUtils.java:logGet(46)) - raft.server.storage.dir = [/home/runner/work/ozone/ozone/hadoop-ozone/integration-test/target/test-dir/MiniOzoneClusterImpl-9bee4ffb-16ee-4d3a-b6f9-e52fae08084a/datanode-3/data/ratis] (custom)
2022-07-12 23:25:23,336 [Listener at 127.0.0.1/46473] INFO  server.XceiverServerGrpc (XceiverServerGrpc.java:<init>(132)) - GrpcServer channel type EpollServerSocketChannel
2022-07-12 23:25:23,342 [Listener at 127.0.0.1/46473] INFO  http.BaseHttpServer (BaseHttpServer.java:newHttpServer2BuilderForOzone(209)) - Starting Web-server for hddsDatanode at: http://0.0.0.0:0
2022-07-12 23:25:23,342 [Listener at 127.0.0.1/46473] INFO  http.BaseHttpServer (BaseHttpServer.java:<init>(107)) - Hadoop Security Enabled: false Ozone Security Enabled: false Ozone HTTP Security Enabled: false 
2022-07-12 23:25:23,343 [Listener at 127.0.0.1/46473] INFO  server.AuthenticationFilter (AuthenticationFilter.java:constructSecretProvider(240)) - Unable to initialize FileSignerSecretProvider, falling back to use random secrets.
2022-07-12 23:25:23,373 [Listener at 127.0.0.1/46473] WARN  http.HttpRequestLog (HttpRequestLog.java:getRequestLog(103)) - Jetty request log can only be enabled using Log4j
2022-07-12 23:25:23,375 [Listener at 127.0.0.1/46473] INFO  http.HttpServer2 (HttpServer2.java:addGlobalFilter(1029)) - Added global filter 'safety' (class=org.apache.hadoop.hdds.server.http.HttpServer2$QuotingInputFilter)
2022-07-12 23:25:23,376 [Listener at 127.0.0.1/46473] INFO  http.HttpServer2 (HttpServer2.java:addFilter(1005)) - Added filter static_user_filter (class=org.apache.hadoop.http.lib.StaticUserWebFilter$StaticUserFilter) to context hddsDatanode
2022-07-12 23:25:23,376 [Listener at 127.0.0.1/46473] INFO  http.HttpServer2 (HttpServer2.java:addFilter(1013)) - Added filter static_user_filter (class=org.apache.hadoop.http.lib.StaticUserWebFilter$StaticUserFilter) to context static
2022-07-12 23:25:23,376 [Listener at 127.0.0.1/46473] INFO  http.HttpServer2 (HttpServer2.java:addFilter(1013)) - Added filter static_user_filter (class=org.apache.hadoop.http.lib.StaticUserWebFilter$StaticUserFilter) to context logs
2022-07-12 23:25:23,376 [Listener at 127.0.0.1/46473] INFO  http.HttpServer2 (HttpServer2.java:bindListener(1248)) - Jetty bound to port 39463
2022-07-12 23:25:23,377 [Listener at 127.0.0.1/46473] INFO  server.Server (Server.java:doStart(375)) - jetty-9.4.43.v20210629; built: 2021-06-30T11:07:22.254Z; git: 526006ecfa3af7f1a27ef3a288e2bef7ea9dd7e8; jvm 1.8.0_332-b09
2022-07-12 23:25:23,453 [Listener at 127.0.0.1/46473] INFO  server.session (DefaultSessionIdManager.java:doStart(334)) - DefaultSessionIdManager workerName=node0
2022-07-12 23:25:23,453 [Listener at 127.0.0.1/46473] INFO  server.session (DefaultSessionIdManager.java:doStart(339)) - No SessionScavenger set, using defaults
2022-07-12 23:25:23,453 [Listener at 127.0.0.1/46473] INFO  server.session (HouseKeeper.java:startScavenging(132)) - node0 Scavenging every 600000ms
2022-07-12 23:25:23,454 [Listener at 127.0.0.1/46473] INFO  handler.ContextHandler (ContextHandler.java:doStart(915)) - Started o.e.j.s.ServletContextHandler@1b710f5a{logs,/logs,file:///home/runner/work/ozone/ozone/hadoop-ozone/integration-test/target/log,AVAILABLE}
2022-07-12 23:25:23,454 [Listener at 127.0.0.1/46473] INFO  handler.ContextHandler (ContextHandler.java:doStart(915)) - Started o.e.j.s.ServletContextHandler@781b729e{static,/static,jar:file:/home/runner/.m2/repository/org/apache/ozone/hdds-container-service/1.3.0-SNAPSHOT/hdds-container-service-1.3.0-SNAPSHOT.jar!/webapps/static,AVAILABLE}
2022-07-12 23:25:23,917 [EndpointStateMachine task thread for /0.0.0.0:39387 - 0 ] INFO  volume.HddsVolume (HddsVolume.java:createDbStore(309)) - SchemaV3 db is created and loaded at /home/runner/work/ozone/ozone/hadoop-ozone/integration-test/target/test-dir/MiniOzoneClusterImpl-9bee4ffb-16ee-4d3a-b6f9-e52fae08084a/datanode-1/data-0/containers/hdds/9bee4ffb-16ee-4d3a-b6f9-e52fae08084a/DS-74e1b20d-3f4c-49ea-adc1-57f4e577ebfe/container.db for volume DS-74e1b20d-3f4c-49ea-adc1-57f4e577ebfe
2022-07-12 23:25:23,953 [EndpointStateMachine task thread for /0.0.0.0:39387 - 0 ] INFO  volume.HddsVolume (HddsVolume.java:closeDbStore(340)) - SchemaV3 db is stopped at /home/runner/work/ozone/ozone/hadoop-ozone/integration-test/target/test-dir/MiniOzoneClusterImpl-9bee4ffb-16ee-4d3a-b6f9-e52fae08084a/datanode-1/data-0/containers/hdds/9bee4ffb-16ee-4d3a-b6f9-e52fae08084a/DS-74e1b20d-3f4c-49ea-adc1-57f4e577ebfe/container.db for volume DS-74e1b20d-3f4c-49ea-adc1-57f4e577ebfe
2022-07-12 23:25:23,953 [EndpointStateMachine task thread for /0.0.0.0:39387 - 0 ] INFO  ozoneimpl.OzoneContainer (OzoneContainer.java:start(344)) - Attempting to start container services.
2022-07-12 23:25:23,953 [EndpointStateMachine task thread for /0.0.0.0:39387 - 0 ] INFO  ozoneimpl.OzoneContainer (OzoneContainer.java:startContainerScrub(279)) - Background container scanner has been disabled.
2022-07-12 23:25:24,006 [EndpointStateMachine task thread for /0.0.0.0:39387 - 0 ] INFO  replication.ReplicationServer (ReplicationServer.java:start(111)) - ReplicationServer is started using port 46497
2022-07-12 23:25:24,007 [EndpointStateMachine task thread for /0.0.0.0:39387 - 0 ] INFO  ratis.XceiverServerRatis (XceiverServerRatis.java:start(481)) - Starting XceiverServerRatis a135f15d-6580-477c-8a71-f9528412742f
2022-07-12 23:25:24,007 [EndpointStateMachine task thread for /0.0.0.0:39387 - 0 ] INFO  server.RaftServer (RaftServerProxy.java:lambda$start$6(382)) - a135f15d-6580-477c-8a71-f9528412742f: start RPC server
2022-07-12 23:25:24,023 [EndpointStateMachine task thread for /0.0.0.0:39387 - 0 ] INFO  server.GrpcService (GrpcService.java:startImpl(260)) - a135f15d-6580-477c-8a71-f9528412742f: GrpcService started, listening on 34569
2022-07-12 23:25:24,025 [EndpointStateMachine task thread for /0.0.0.0:39387 - 0 ] INFO  ratis.XceiverServerRatis (XceiverServerRatis.java:getRealPort(502)) - XceiverServerRatis a135f15d-6580-477c-8a71-f9528412742f is started using port 34569 for RATIS
2022-07-12 23:25:24,025 [EndpointStateMachine task thread for /0.0.0.0:39387 - 0 ] INFO  ratis.XceiverServerRatis (XceiverServerRatis.java:getRealPort(502)) - XceiverServerRatis a135f15d-6580-477c-8a71-f9528412742f is started using port 34569 for RATIS_ADMIN
2022-07-12 23:25:24,025 [EndpointStateMachine task thread for /0.0.0.0:39387 - 0 ] INFO  ratis.XceiverServerRatis (XceiverServerRatis.java:getRealPort(502)) - XceiverServerRatis a135f15d-6580-477c-8a71-f9528412742f is started using port 34569 for RATIS_SERVER
2022-07-12 23:25:24,025 [org.apache.ratis.util.JvmPauseMonitor$$Lambda$613/1690937419@6abe79ed] INFO  util.JvmPauseMonitor (JvmPauseMonitor.java:run(103)) - JvmPauseMonitor-a135f15d-6580-477c-8a71-f9528412742f: Started
2022-07-12 23:25:24,066 [EndpointStateMachine task thread for /0.0.0.0:39387 - 0 ] INFO  server.XceiverServerGrpc (XceiverServerGrpc.java:start(180)) - XceiverServerGrpc a135f15d-6580-477c-8a71-f9528412742f is started using port 40935
2022-07-12 23:25:24,161 [IPC Server handler 1 on default port 39387] INFO  net.NetworkTopologyImpl (NetworkTopologyImpl.java:add(112)) - Added a new node: /default-rack/d62677b6-aca1-45f9-8cbf-ef07d3f04380
2022-07-12 23:25:24,162 [IPC Server handler 1 on default port 39387] INFO  node.SCMNodeManager (SCMNodeManager.java:register(397)) - Registered Data node : d62677b6-aca1-45f9-8cbf-ef07d3f04380{ip: 10.1.0.13, host: fv-az46-473.aox2mo1hufxu3kclv1weif3kjc.bx.internal.cloudapp.net, ports: [REPLICATION=42861, RATIS=43415, RATIS_ADMIN=43415, RATIS_SERVER=43415, STANDALONE=37553], networkLocation: /default-rack, certSerialId: null, persistedOpState: null, persistedOpStateExpiryEpochSec: 0}
2022-07-12 23:25:24,182 [EventQueue-NodeRegistrationContainerReportForDataNodeSafeModeRule] INFO  safemode.SCMSafeModeManager (DataNodeSafeModeRule.java:process(71)) - SCM in safe mode. 1 DataNodes registered, 3 required.
2022-07-12 23:25:24,185 [EventQueue-NodeRegistrationContainerReportForContainerSafeModeRule] INFO  safemode.SCMSafeModeManager (SCMSafeModeManager.java:validateSafeModeExitRules(204)) - ContainerSafeModeRule rule is successfully validated
2022-07-12 23:25:24,226 [EventQueue-NewNodeForNewNodeHandler] INFO  pipeline.BackgroundPipelineCreator (BackgroundPipelineCreator.java:notifyEventTriggered(276)) - trigger a one-shot run on RatisPipelineUtilsThread.
2022-07-12 23:25:24,229 [RatisPipelineUtilsThread - 0] INFO  pipeline.RatisPipelineProvider (RatisPipelineProvider.java:lambda$create$0(195)) - Sending CreatePipelineCommand for pipeline:PipelineID=482c5ff8-2e37-4cda-8d13-adaa8812a9a1 to datanode:d62677b6-aca1-45f9-8cbf-ef07d3f04380
2022-07-12 23:25:24,229 [EventQueue-PipelineReportForOneReplicaPipelineSafeModeRule] INFO  safemode.SCMSafeModeManager (SCMSafeModeManager.java:validateSafeModeExitRules(204)) - AtleastOneDatanodeReportedRule rule is successfully validated
2022-07-12 23:25:24,230 [RatisPipelineUtilsThread - 0] INFO  pipeline.PipelineStateManagerImpl (PipelineStateManagerImpl.java:addPipeline(103)) - Created pipeline Pipeline[ Id: 482c5ff8-2e37-4cda-8d13-adaa8812a9a1, Nodes: d62677b6-aca1-45f9-8cbf-ef07d3f04380{ip: 10.1.0.13, host: fv-az46-473.aox2mo1hufxu3kclv1weif3kjc.bx.internal.cloudapp.net, ports: [REPLICATION=42861, RATIS=43415, RATIS_ADMIN=43415, RATIS_SERVER=43415, STANDALONE=37553], networkLocation: /default-rack, certSerialId: null, persistedOpState: IN_SERVICE, persistedOpStateExpiryEpochSec: 0}, ReplicationConfig: RATIS/ONE, State:ALLOCATED, leaderId:, CreationTimestamp2022-07-12T23:25:24.229Z[Etc/UTC]].
2022-07-12 23:25:24,517 [Listener at 127.0.0.1/46473] INFO  handler.ContextHandler (ContextHandler.java:doStart(915)) - Started o.e.j.w.WebAppContext@36e23858{hddsDatanode,/,file:///tmp/jetty-0_0_0_0-39463-hdds-container-service-1_3_0-SNAPSHOT_jar-_-any-4991522160646101967/webapp/,AVAILABLE}{jar:file:/home/runner/.m2/repository/org/apache/ozone/hdds-container-service/1.3.0-SNAPSHOT/hdds-container-service-1.3.0-SNAPSHOT.jar!/webapps/hddsDatanode}
2022-07-12 23:25:24,552 [Listener at 127.0.0.1/46473] INFO  server.AbstractConnector (AbstractConnector.java:doStart(331)) - Started ServerConnector@5d33a769{HTTP/1.1, (http/1.1)}{0.0.0.0:39463}
2022-07-12 23:25:24,552 [Listener at 127.0.0.1/46473] INFO  server.Server (Server.java:doStart(415)) - Started @324027ms
2022-07-12 23:25:24,552 [Listener at 127.0.0.1/46473] WARN  impl.MetricsSystemImpl (MetricsSystemImpl.java:register(279)) - Sink prometheus already exists!
2022-07-12 23:25:24,553 [Listener at 127.0.0.1/46473] INFO  http.BaseHttpServer (BaseHttpServer.java:updateConnectorAddress(329)) - HTTP server of hddsDatanode listening at http://0.0.0.0:39463
2022-07-12 23:25:24,553 [Listener at 127.0.0.1/46473] INFO  impl.MetricsSystemImpl (MetricsSystemImpl.java:init(158)) - HddsDatanode metrics system started (again)
2022-07-12 23:25:24,561 [Datanode State Machine Daemon Thread] INFO  statemachine.DatanodeStateMachine (DatanodeStateMachine.java:lambda$startDaemon$0(492)) - Ozone container server started.
2022-07-12 23:25:24,617 [Listener at 127.0.0.1/46473] INFO  ozone.HddsDatanodeService (HddsDatanodeService.java:start(236)) - HddsDatanodeService host:fv-az46-473.aox2mo1hufxu3kclv1weif3kjc.bx.internal.cloudapp.net ip:10.1.0.13
2022-07-12 23:25:24,629 [Datanode State Machine Task Thread - 0] INFO  datanode.InitDatanodeState (InitDatanodeState.java:persistContainerDatanodeDetails(138)) - DatanodeDetails is persisted to /home/runner/work/ozone/ozone/hadoop-ozone/integration-test/target/test-dir/MiniOzoneClusterImpl-9bee4ffb-16ee-4d3a-b6f9-e52fae08084a/datanode-3/meta/datanode.id
2022-07-12 23:25:24,657 [org.apache.hadoop.util.JvmPauseMonitor$Monitor@46fd81fe] INFO  util.JvmPauseMonitor (JvmPauseMonitor.java:run(188)) - Starting JVM pause monitor
2022-07-12 23:25:24,701 [Listener at 127.0.0.1/46473] INFO  upgrade.AbstractLayoutVersionManager (AbstractLayoutVersionManager.java:init(83)) - Initializing Layout version manager with metadata layout = DATANODE_SCHEMA_V3 (version = 4), software layout = DATANODE_SCHEMA_V3 (version = 4)
2022-07-12 23:25:24,832 [Listener at 127.0.0.1/46473] INFO  reflections.Reflections (Reflections.java:scan(232)) - Reflections took 129 ms to scan 7 urls, producing 132 keys and 317 values 
2022-07-12 23:25:24,833 [Listener at 127.0.0.1/46473] INFO  statemachine.DatanodeStateMachine (DatanodeStateMachine.java:getEndPointTaskThreadPoolSize(237)) - Datanode State Machine Task Thread Pool size 2
2022-07-12 23:25:24,837 [Listener at 127.0.0.1/46473] INFO  volume.HddsVolume (HddsVolume.java:<init>(116)) - Creating HddsVolume: /home/runner/work/ozone/ozone/hadoop-ozone/integration-test/target/test-dir/MiniOzoneClusterImpl-9bee4ffb-16ee-4d3a-b6f9-e52fae08084a/datanode-4/data-0/containers/hdds of storage type : DISK capacity : 9223372036854775807
2022-07-12 23:25:24,837 [Listener at 127.0.0.1/46473] INFO  volume.MutableVolumeSet (MutableVolumeSet.java:initializeVolumeSet(174)) - Added Volume : /home/runner/work/ozone/ozone/hadoop-ozone/integration-test/target/test-dir/MiniOzoneClusterImpl-9bee4ffb-16ee-4d3a-b6f9-e52fae08084a/datanode-4/data-0/containers/hdds to VolumeSet
2022-07-12 23:25:24,837 [Listener at 127.0.0.1/46473] INFO  volume.ThrottledAsyncChecker (ThrottledAsyncChecker.java:schedule(141)) - Scheduling a check for /home/runner/work/ozone/ozone/hadoop-ozone/integration-test/target/test-dir/MiniOzoneClusterImpl-9bee4ffb-16ee-4d3a-b6f9-e52fae08084a/datanode-4/data-0/containers/hdds
2022-07-12 23:25:24,838 [Listener at 127.0.0.1/46473] INFO  volume.StorageVolumeChecker (StorageVolumeChecker.java:checkAllVolumes(202)) - Scheduled health check for volume /home/runner/work/ozone/ozone/hadoop-ozone/integration-test/target/test-dir/MiniOzoneClusterImpl-9bee4ffb-16ee-4d3a-b6f9-e52fae08084a/datanode-4/data-0/containers/hdds
2022-07-12 23:25:24,864 [Listener at 127.0.0.1/46473] INFO  volume.MutableVolumeSet (MutableVolumeSet.java:initializeVolumeSet(174)) - Added Volume : /home/runner/work/ozone/ozone/hadoop-ozone/integration-test/target/test-dir/MiniOzoneClusterImpl-9bee4ffb-16ee-4d3a-b6f9-e52fae08084a/datanode-4/data/ratis to VolumeSet
2022-07-12 23:25:24,864 [Listener at 127.0.0.1/46473] INFO  volume.ThrottledAsyncChecker (ThrottledAsyncChecker.java:schedule(141)) - Scheduling a check for /home/runner/work/ozone/ozone/hadoop-ozone/integration-test/target/test-dir/MiniOzoneClusterImpl-9bee4ffb-16ee-4d3a-b6f9-e52fae08084a/datanode-4/data/ratis
2022-07-12 23:25:24,888 [Listener at 127.0.0.1/46473] INFO  volume.StorageVolumeChecker (StorageVolumeChecker.java:checkAllVolumes(202)) - Scheduled health check for volume /home/runner/work/ozone/ozone/hadoop-ozone/integration-test/target/test-dir/MiniOzoneClusterImpl-9bee4ffb-16ee-4d3a-b6f9-e52fae08084a/datanode-4/data/ratis
2022-07-12 23:25:24,949 [Thread-2270] INFO  ozoneimpl.ContainerReader (ContainerReader.java:readVolume(175)) - Finish verifying containers on volume /home/runner/work/ozone/ozone/hadoop-ozone/integration-test/target/test-dir/MiniOzoneClusterImpl-9bee4ffb-16ee-4d3a-b6f9-e52fae08084a/datanode-4/data-0/containers/hdds
2022-07-12 23:25:24,949 [Listener at 127.0.0.1/46473] INFO  ozoneimpl.OzoneContainer (OzoneContainer.java:buildContainerSet(266)) - Build ContainerSet costs 0s
2022-07-12 23:25:24,959 [Listener at 127.0.0.1/46473] INFO  server.RaftServer (ConfUtils.java:logGet(46)) - raft.rpc.type = GRPC (default)
2022-07-12 23:25:24,959 [Listener at 127.0.0.1/46473] INFO  grpc.GrpcFactory (GrpcFactory.java:checkPooledByteBufAllocatorUseCacheForAllThreads(48)) - PERFORMANCE WARNING: useCacheForAllThreads is true that may cause Netty to create a lot garbage objects and, as a result, trigger GC.
	It is recommended to disable useCacheForAllThreads by setting -Dorg.apache.ratis.thirdparty.io.netty.allocator.useCacheForAllThreads=false in command line.
2022-07-12 23:25:24,959 [Listener at 127.0.0.1/46473] INFO  grpc.GrpcConfigKeys (ConfUtils.java:logGet(46)) - raft.grpc.admin.port = 0 (custom)
2022-07-12 23:25:24,959 [Listener at 127.0.0.1/46473] INFO  grpc.GrpcConfigKeys (ConfUtils.java:logGet(46)) - raft.grpc.client.port = 0 (custom)
2022-07-12 23:25:24,973 [Listener at 127.0.0.1/46473] INFO  grpc.GrpcConfigKeys (ConfUtils.java:logGet(46)) - raft.grpc.server.port = 0 (default)
2022-07-12 23:25:24,973 [Listener at 127.0.0.1/46473] INFO  server.GrpcService (ConfUtils.java:logGet(46)) - raft.grpc.message.size.max = 32MB (=33554432) (custom)
2022-07-12 23:25:24,973 [Listener at 127.0.0.1/46473] INFO  server.RaftServerConfigKeys (ConfUtils.java:logGet(46)) - raft.server.log.appender.buffer.byte-limit = 33554432 (custom)
2022-07-12 23:25:24,974 [Listener at 127.0.0.1/46473] INFO  server.GrpcService (ConfUtils.java:logGet(46)) - raft.grpc.flow.control.window = 5MB (=5242880) (custom)
2022-07-12 23:25:24,974 [Listener at 127.0.0.1/46473] INFO  server.RaftServerConfigKeys (ConfUtils.java:logGet(46)) - raft.server.rpc.request.timeout = 60s (custom)
2022-07-12 23:25:24,974 [Listener at 127.0.0.1/46473] INFO  grpc.GrpcConfigKeys (ConfUtils.java:logGet(46)) - raft.grpc.server.async.request.thread.pool.cached = true (default)
2022-07-12 23:25:24,974 [Listener at 127.0.0.1/46473] INFO  grpc.GrpcConfigKeys (ConfUtils.java:logGet(46)) - raft.grpc.server.async.request.thread.pool.size = 32 (default)
2022-07-12 23:25:24,975 [Listener at 127.0.0.1/46473] INFO  impl.DataStreamServerImpl (ConfUtils.java:logGet(46)) - raft.datastream.type = DISABLED (default)
2022-07-12 23:25:24,975 [Listener at 127.0.0.1/46473] INFO  server.RaftServerConfigKeys (ConfUtils.java:logGet(46)) - raft.server.threadpool.proxy.cached = true (default)
2022-07-12 23:25:24,975 [Listener at 127.0.0.1/46473] INFO  server.RaftServerConfigKeys (ConfUtils.java:logGet(46)) - raft.server.threadpool.proxy.size = 0 (default)
2022-07-12 23:25:24,981 [Listener at 127.0.0.1/46473] INFO  server.RaftServerConfigKeys (ConfUtils.java:logGet(46)) - raft.server.rpc.slowness.timeout = 300s (custom)
2022-07-12 23:25:24,981 [Listener at 127.0.0.1/46473] INFO  server.RaftServerConfigKeys (ConfUtils.java:logGet(46)) - raft.server.leaderelection.leader.step-down.wait-time = 10s (default)
2022-07-12 23:25:24,982 [Listener at 127.0.0.1/46473] INFO  server.RaftServerConfigKeys (ConfUtils.java:logGet(46)) - raft.server.storage.dir = [/home/runner/work/ozone/ozone/hadoop-ozone/integration-test/target/test-dir/MiniOzoneClusterImpl-9bee4ffb-16ee-4d3a-b6f9-e52fae08084a/datanode-4/data/ratis] (custom)
2022-07-12 23:25:24,992 [EndpointStateMachine task thread for /0.0.0.0:39387 - 0 ] INFO  volume.HddsVolume (HddsVolume.java:createDbStore(309)) - SchemaV3 db is created and loaded at /home/runner/work/ozone/ozone/hadoop-ozone/integration-test/target/test-dir/MiniOzoneClusterImpl-9bee4ffb-16ee-4d3a-b6f9-e52fae08084a/datanode-2/data-0/containers/hdds/9bee4ffb-16ee-4d3a-b6f9-e52fae08084a/DS-8846cfd1-3796-4a5b-9f4a-7c55658a83d0/container.db for volume DS-8846cfd1-3796-4a5b-9f4a-7c55658a83d0
2022-07-12 23:25:25,022 [Listener at 127.0.0.1/46473] INFO  server.XceiverServerGrpc (XceiverServerGrpc.java:<init>(132)) - GrpcServer channel type EpollServerSocketChannel
2022-07-12 23:25:25,027 [EndpointStateMachine task thread for /0.0.0.0:39387 - 0 ] INFO  volume.HddsVolume (HddsVolume.java:closeDbStore(340)) - SchemaV3 db is stopped at /home/runner/work/ozone/ozone/hadoop-ozone/integration-test/target/test-dir/MiniOzoneClusterImpl-9bee4ffb-16ee-4d3a-b6f9-e52fae08084a/datanode-2/data-0/containers/hdds/9bee4ffb-16ee-4d3a-b6f9-e52fae08084a/DS-8846cfd1-3796-4a5b-9f4a-7c55658a83d0/container.db for volume DS-8846cfd1-3796-4a5b-9f4a-7c55658a83d0
2022-07-12 23:25:25,027 [EndpointStateMachine task thread for /0.0.0.0:39387 - 0 ] INFO  ozoneimpl.OzoneContainer (OzoneContainer.java:start(344)) - Attempting to start container services.
2022-07-12 23:25:25,027 [EndpointStateMachine task thread for /0.0.0.0:39387 - 0 ] INFO  ozoneimpl.OzoneContainer (OzoneContainer.java:startContainerScrub(279)) - Background container scanner has been disabled.
2022-07-12 23:25:25,035 [EndpointStateMachine task thread for /0.0.0.0:39387 - 0 ] INFO  replication.ReplicationServer (ReplicationServer.java:start(111)) - ReplicationServer is started using port 45097
2022-07-12 23:25:25,036 [EndpointStateMachine task thread for /0.0.0.0:39387 - 0 ] INFO  ratis.XceiverServerRatis (XceiverServerRatis.java:start(481)) - Starting XceiverServerRatis 11563331-6701-4d30-8001-992896c542e0
2022-07-12 23:25:25,061 [Listener at 127.0.0.1/46473] INFO  http.BaseHttpServer (BaseHttpServer.java:newHttpServer2BuilderForOzone(209)) - Starting Web-server for hddsDatanode at: http://0.0.0.0:0
2022-07-12 23:25:25,068 [Listener at 127.0.0.1/46473] INFO  http.BaseHttpServer (BaseHttpServer.java:<init>(107)) - Hadoop Security Enabled: false Ozone Security Enabled: false Ozone HTTP Security Enabled: false 
2022-07-12 23:25:25,069 [Listener at 127.0.0.1/46473] INFO  server.AuthenticationFilter (AuthenticationFilter.java:constructSecretProvider(240)) - Unable to initialize FileSignerSecretProvider, falling back to use random secrets.
2022-07-12 23:25:25,111 [EndpointStateMachine task thread for /0.0.0.0:39387 - 0 ] INFO  server.RaftServer (RaftServerProxy.java:lambda$start$6(382)) - 11563331-6701-4d30-8001-992896c542e0: start RPC server
2022-07-12 23:25:25,122 [EndpointStateMachine task thread for /0.0.0.0:39387 - 0 ] INFO  server.GrpcService (GrpcService.java:startImpl(260)) - 11563331-6701-4d30-8001-992896c542e0: GrpcService started, listening on 45985
2022-07-12 23:25:25,122 [EndpointStateMachine task thread for /0.0.0.0:39387 - 0 ] INFO  ratis.XceiverServerRatis (XceiverServerRatis.java:getRealPort(502)) - XceiverServerRatis 11563331-6701-4d30-8001-992896c542e0 is started using port 45985 for RATIS
2022-07-12 23:25:25,122 [EndpointStateMachine task thread for /0.0.0.0:39387 - 0 ] INFO  ratis.XceiverServerRatis (XceiverServerRatis.java:getRealPort(502)) - XceiverServerRatis 11563331-6701-4d30-8001-992896c542e0 is started using port 45985 for RATIS_ADMIN
2022-07-12 23:25:25,122 [EndpointStateMachine task thread for /0.0.0.0:39387 - 0 ] INFO  ratis.XceiverServerRatis (XceiverServerRatis.java:getRealPort(502)) - XceiverServerRatis 11563331-6701-4d30-8001-992896c542e0 is started using port 45985 for RATIS_SERVER
2022-07-12 23:25:25,122 [org.apache.ratis.util.JvmPauseMonitor$$Lambda$613/1690937419@3fed566a] INFO  util.JvmPauseMonitor (JvmPauseMonitor.java:run(103)) - JvmPauseMonitor-11563331-6701-4d30-8001-992896c542e0: Started
2022-07-12 23:25:25,165 [Listener at 127.0.0.1/46473] WARN  http.HttpRequestLog (HttpRequestLog.java:getRequestLog(103)) - Jetty request log can only be enabled using Log4j
2022-07-12 23:25:25,166 [Listener at 127.0.0.1/46473] INFO  http.HttpServer2 (HttpServer2.java:addGlobalFilter(1029)) - Added global filter 'safety' (class=org.apache.hadoop.hdds.server.http.HttpServer2$QuotingInputFilter)
2022-07-12 23:25:25,167 [Listener at 127.0.0.1/46473] INFO  http.HttpServer2 (HttpServer2.java:addFilter(1005)) - Added filter static_user_filter (class=org.apache.hadoop.http.lib.StaticUserWebFilter$StaticUserFilter) to context hddsDatanode
2022-07-12 23:25:25,167 [Listener at 127.0.0.1/46473] INFO  http.HttpServer2 (HttpServer2.java:addFilter(1013)) - Added filter static_user_filter (class=org.apache.hadoop.http.lib.StaticUserWebFilter$StaticUserFilter) to context static
2022-07-12 23:25:25,167 [Listener at 127.0.0.1/46473] INFO  http.HttpServer2 (HttpServer2.java:addFilter(1013)) - Added filter static_user_filter (class=org.apache.hadoop.http.lib.StaticUserWebFilter$StaticUserFilter) to context logs
2022-07-12 23:25:25,181 [Listener at 127.0.0.1/46473] INFO  http.HttpServer2 (HttpServer2.java:bindListener(1248)) - Jetty bound to port 39389
2022-07-12 23:25:25,181 [Listener at 127.0.0.1/46473] INFO  server.Server (Server.java:doStart(375)) - jetty-9.4.43.v20210629; built: 2021-06-30T11:07:22.254Z; git: 526006ecfa3af7f1a27ef3a288e2bef7ea9dd7e8; jvm 1.8.0_332-b09
2022-07-12 23:25:25,223 [Listener at 127.0.0.1/46473] INFO  server.session (DefaultSessionIdManager.java:doStart(334)) - DefaultSessionIdManager workerName=node0
2022-07-12 23:25:25,223 [Listener at 127.0.0.1/46473] INFO  server.session (DefaultSessionIdManager.java:doStart(339)) - No SessionScavenger set, using defaults
2022-07-12 23:25:25,223 [Listener at 127.0.0.1/46473] INFO  server.session (HouseKeeper.java:startScavenging(132)) - node0 Scavenging every 600000ms
2022-07-12 23:25:25,233 [Listener at 127.0.0.1/46473] INFO  handler.ContextHandler (ContextHandler.java:doStart(915)) - Started o.e.j.s.ServletContextHandler@5b0466b9{logs,/logs,file:///home/runner/work/ozone/ozone/hadoop-ozone/integration-test/target/log,AVAILABLE}
2022-07-12 23:25:25,233 [Listener at 127.0.0.1/46473] INFO  handler.ContextHandler (ContextHandler.java:doStart(915)) - Started o.e.j.s.ServletContextHandler@4397328b{static,/static,jar:file:/home/runner/.m2/repository/org/apache/ozone/hdds-container-service/1.3.0-SNAPSHOT/hdds-container-service-1.3.0-SNAPSHOT.jar!/webapps/static,AVAILABLE}
2022-07-12 23:25:25,262 [EndpointStateMachine task thread for /0.0.0.0:39387 - 0 ] INFO  server.XceiverServerGrpc (XceiverServerGrpc.java:start(180)) - XceiverServerGrpc 11563331-6701-4d30-8001-992896c542e0 is started using port 42687
2022-07-12 23:25:25,655 [IPC Server handler 0 on default port 39387] INFO  net.NetworkTopologyImpl (NetworkTopologyImpl.java:add(112)) - Added a new node: /default-rack/a135f15d-6580-477c-8a71-f9528412742f
2022-07-12 23:25:25,655 [IPC Server handler 0 on default port 39387] INFO  node.SCMNodeManager (SCMNodeManager.java:register(397)) - Registered Data node : a135f15d-6580-477c-8a71-f9528412742f{ip: 10.1.0.13, host: fv-az46-473.aox2mo1hufxu3kclv1weif3kjc.bx.internal.cloudapp.net, ports: [REPLICATION=46497, RATIS=34569, RATIS_ADMIN=34569, RATIS_SERVER=34569, STANDALONE=40935], networkLocation: /default-rack, certSerialId: null, persistedOpState: null, persistedOpStateExpiryEpochSec: 0}
2022-07-12 23:25:25,655 [EventQueue-NewNodeForNewNodeHandler] INFO  pipeline.BackgroundPipelineCreator (BackgroundPipelineCreator.java:notifyEventTriggered(276)) - trigger a one-shot run on RatisPipelineUtilsThread.
2022-07-12 23:25:25,655 [EventQueue-NodeRegistrationContainerReportForDataNodeSafeModeRule] INFO  safemode.SCMSafeModeManager (DataNodeSafeModeRule.java:process(71)) - SCM in safe mode. 2 DataNodes registered, 3 required.
2022-07-12 23:25:25,681 [RatisPipelineUtilsThread - 0] INFO  pipeline.RatisPipelineProvider (RatisPipelineProvider.java:lambda$create$0(195)) - Sending CreatePipelineCommand for pipeline:PipelineID=582ac2da-8ebe-461a-80bf-69f1dbbbebd9 to datanode:a135f15d-6580-477c-8a71-f9528412742f
2022-07-12 23:25:25,682 [RatisPipelineUtilsThread - 0] INFO  pipeline.PipelineStateManagerImpl (PipelineStateManagerImpl.java:addPipeline(103)) - Created pipeline Pipeline[ Id: 582ac2da-8ebe-461a-80bf-69f1dbbbebd9, Nodes: a135f15d-6580-477c-8a71-f9528412742f{ip: 10.1.0.13, host: fv-az46-473.aox2mo1hufxu3kclv1weif3kjc.bx.internal.cloudapp.net, ports: [REPLICATION=46497, RATIS=34569, RATIS_ADMIN=34569, RATIS_SERVER=34569, STANDALONE=40935], networkLocation: /default-rack, certSerialId: null, persistedOpState: IN_SERVICE, persistedOpStateExpiryEpochSec: 0}, ReplicationConfig: RATIS/ONE, State:ALLOCATED, leaderId:, CreationTimestamp2022-07-12T23:25:25.681Z[Etc/UTC]].
2022-07-12 23:25:25,960 [Listener at 127.0.0.1/46473] INFO  handler.ContextHandler (ContextHandler.java:doStart(915)) - Started o.e.j.w.WebAppContext@3836e47{hddsDatanode,/,file:///tmp/jetty-0_0_0_0-39389-hdds-container-service-1_3_0-SNAPSHOT_jar-_-any-7279855919108312811/webapp/,AVAILABLE}{jar:file:/home/runner/.m2/repository/org/apache/ozone/hdds-container-service/1.3.0-SNAPSHOT/hdds-container-service-1.3.0-SNAPSHOT.jar!/webapps/hddsDatanode}
2022-07-12 23:25:25,986 [Listener at 127.0.0.1/46473] INFO  server.AbstractConnector (AbstractConnector.java:doStart(331)) - Started ServerConnector@b83e7bc{HTTP/1.1, (http/1.1)}{0.0.0.0:39389}
2022-07-12 23:25:25,986 [Listener at 127.0.0.1/46473] INFO  server.Server (Server.java:doStart(415)) - Started @325460ms
2022-07-12 23:25:25,986 [Listener at 127.0.0.1/46473] WARN  impl.MetricsSystemImpl (MetricsSystemImpl.java:register(279)) - Sink prometheus already exists!
2022-07-12 23:25:25,986 [Listener at 127.0.0.1/46473] INFO  http.BaseHttpServer (BaseHttpServer.java:updateConnectorAddress(329)) - HTTP server of hddsDatanode listening at http://0.0.0.0:39389
2022-07-12 23:25:25,996 [Listener at 127.0.0.1/46473] INFO  ozone.MiniOzoneClusterImpl (MiniOzoneClusterImpl.java:lambda$waitForClusterToBeReady$0(216)) - Waiting for nodes to be ready. Got 2 of 5 DN Heartbeats.
2022-07-12 23:25:25,996 [Listener at 127.0.0.1/46473] INFO  ozone.MiniOzoneClusterImpl (MiniOzoneClusterImpl.java:lambda$waitForClusterToBeReady$0(219)) - Waiting for cluster to exit safe mode
2022-07-12 23:25:25,996 [Listener at 127.0.0.1/46473] INFO  ozone.MiniOzoneClusterImpl (MiniOzoneClusterImpl.java:lambda$waitForClusterToBeReady$0(221)) - SCM became leader
2022-07-12 23:25:25,998 [Datanode State Machine Daemon Thread] INFO  statemachine.DatanodeStateMachine (DatanodeStateMachine.java:lambda$startDaemon$0(492)) - Ozone container server started.
2022-07-12 23:25:26,205 [org.apache.hadoop.util.JvmPauseMonitor$Monitor@4e8a0ef3] INFO  util.JvmPauseMonitor (JvmPauseMonitor.java:run(188)) - Starting JVM pause monitor
2022-07-12 23:25:26,230 [Datanode State Machine Task Thread - 0] INFO  datanode.InitDatanodeState (InitDatanodeState.java:persistContainerDatanodeDetails(138)) - DatanodeDetails is persisted to /home/runner/work/ozone/ozone/hadoop-ozone/integration-test/target/test-dir/MiniOzoneClusterImpl-9bee4ffb-16ee-4d3a-b6f9-e52fae08084a/datanode-4/meta/datanode.id
2022-07-12 23:25:26,816 [EndpointStateMachine task thread for /0.0.0.0:39387 - 0 ] INFO  volume.HddsVolume (HddsVolume.java:createDbStore(309)) - SchemaV3 db is created and loaded at /home/runner/work/ozone/ozone/hadoop-ozone/integration-test/target/test-dir/MiniOzoneClusterImpl-9bee4ffb-16ee-4d3a-b6f9-e52fae08084a/datanode-3/data-0/containers/hdds/9bee4ffb-16ee-4d3a-b6f9-e52fae08084a/DS-5989d76b-17be-4551-b2d0-2bdd280d5fbd/container.db for volume DS-5989d76b-17be-4551-b2d0-2bdd280d5fbd
2022-07-12 23:25:26,817 [EndpointStateMachine task thread for /0.0.0.0:39387 - 0 ] INFO  volume.HddsVolume (HddsVolume.java:closeDbStore(340)) - SchemaV3 db is stopped at /home/runner/work/ozone/ozone/hadoop-ozone/integration-test/target/test-dir/MiniOzoneClusterImpl-9bee4ffb-16ee-4d3a-b6f9-e52fae08084a/datanode-3/data-0/containers/hdds/9bee4ffb-16ee-4d3a-b6f9-e52fae08084a/DS-5989d76b-17be-4551-b2d0-2bdd280d5fbd/container.db for volume DS-5989d76b-17be-4551-b2d0-2bdd280d5fbd
2022-07-12 23:25:26,817 [EndpointStateMachine task thread for /0.0.0.0:39387 - 0 ] INFO  ozoneimpl.OzoneContainer (OzoneContainer.java:start(344)) - Attempting to start container services.
2022-07-12 23:25:26,817 [EndpointStateMachine task thread for /0.0.0.0:39387 - 0 ] INFO  ozoneimpl.OzoneContainer (OzoneContainer.java:startContainerScrub(279)) - Background container scanner has been disabled.
2022-07-12 23:25:26,832 [EndpointStateMachine task thread for /0.0.0.0:39387 - 0 ] INFO  replication.ReplicationServer (ReplicationServer.java:start(111)) - ReplicationServer is started using port 40291
2022-07-12 23:25:26,833 [EndpointStateMachine task thread for /0.0.0.0:39387 - 0 ] INFO  ratis.XceiverServerRatis (XceiverServerRatis.java:start(481)) - Starting XceiverServerRatis b6995a44-4e23-4c6f-99f5-2545e88719ae
2022-07-12 23:25:26,837 [EndpointStateMachine task thread for /0.0.0.0:39387 - 0 ] INFO  server.RaftServer (RaftServerProxy.java:lambda$start$6(382)) - b6995a44-4e23-4c6f-99f5-2545e88719ae: start RPC server
2022-07-12 23:25:26,881 [EndpointStateMachine task thread for /0.0.0.0:39387 - 0 ] INFO  server.GrpcService (GrpcService.java:startImpl(260)) - b6995a44-4e23-4c6f-99f5-2545e88719ae: GrpcService started, listening on 39997
2022-07-12 23:25:26,885 [EndpointStateMachine task thread for /0.0.0.0:39387 - 0 ] INFO  ratis.XceiverServerRatis (XceiverServerRatis.java:getRealPort(502)) - XceiverServerRatis b6995a44-4e23-4c6f-99f5-2545e88719ae is started using port 39997 for RATIS
2022-07-12 23:25:26,885 [EndpointStateMachine task thread for /0.0.0.0:39387 - 0 ] INFO  ratis.XceiverServerRatis (XceiverServerRatis.java:getRealPort(502)) - XceiverServerRatis b6995a44-4e23-4c6f-99f5-2545e88719ae is started using port 39997 for RATIS_ADMIN
2022-07-12 23:25:26,885 [EndpointStateMachine task thread for /0.0.0.0:39387 - 0 ] INFO  ratis.XceiverServerRatis (XceiverServerRatis.java:getRealPort(502)) - XceiverServerRatis b6995a44-4e23-4c6f-99f5-2545e88719ae is started using port 39997 for RATIS_SERVER
2022-07-12 23:25:26,885 [org.apache.ratis.util.JvmPauseMonitor$$Lambda$613/1690937419@78288323] INFO  util.JvmPauseMonitor (JvmPauseMonitor.java:run(103)) - JvmPauseMonitor-b6995a44-4e23-4c6f-99f5-2545e88719ae: Started
2022-07-12 23:25:26,914 [IPC Server handler 2 on default port 39387] INFO  net.NetworkTopologyImpl (NetworkTopologyImpl.java:add(112)) - Added a new node: /default-rack/11563331-6701-4d30-8001-992896c542e0
2022-07-12 23:25:26,914 [IPC Server handler 2 on default port 39387] INFO  node.SCMNodeManager (SCMNodeManager.java:register(397)) - Registered Data node : 11563331-6701-4d30-8001-992896c542e0{ip: 10.1.0.13, host: fv-az46-473.aox2mo1hufxu3kclv1weif3kjc.bx.internal.cloudapp.net, ports: [REPLICATION=45097, RATIS=45985, RATIS_ADMIN=45985, RATIS_SERVER=45985, STANDALONE=42687], networkLocation: /default-rack, certSerialId: null, persistedOpState: null, persistedOpStateExpiryEpochSec: 0}
2022-07-12 23:25:26,915 [EventQueue-NewNodeForNewNodeHandler] INFO  pipeline.BackgroundPipelineCreator (BackgroundPipelineCreator.java:notifyEventTriggered(276)) - trigger a one-shot run on RatisPipelineUtilsThread.
2022-07-12 23:25:26,925 [EventQueue-NodeRegistrationContainerReportForDataNodeSafeModeRule] INFO  safemode.SCMSafeModeManager (DataNodeSafeModeRule.java:process(71)) - SCM in safe mode. 3 DataNodes registered, 3 required.
2022-07-12 23:25:26,925 [EventQueue-NodeRegistrationContainerReportForDataNodeSafeModeRule] INFO  safemode.SCMSafeModeManager (SCMSafeModeManager.java:validateSafeModeExitRules(204)) - DataNodeSafeModeRule rule is successfully validated
2022-07-12 23:25:26,925 [EventQueue-NodeRegistrationContainerReportForDataNodeSafeModeRule] INFO  safemode.SCMSafeModeManager (SCMSafeModeManager.java:completePreCheck(233)) - All SCM safe mode pre check rules have passed
2022-07-12 23:25:26,925 [EventQueue-NodeRegistrationContainerReportForDataNodeSafeModeRule] WARN  events.EventQueue (EventQueue.java:fireEvent(216)) - No event handler registered for event TypedEvent{payloadType=SafeModeStatus, name='Safe mode status'}
2022-07-12 23:25:26,925 [EventQueue-NodeRegistrationContainerReportForDataNodeSafeModeRule] INFO  ha.SCMContext (SCMContext.java:updateSafeModeStatus(228)) - Update SafeModeStatus from SafeModeStatus{safeModeStatus=true, preCheckPassed=false} to SafeModeStatus{safeModeStatus=true, preCheckPassed=true}.
2022-07-12 23:25:26,925 [EventQueue-NodeRegistrationContainerReportForDataNodeSafeModeRule] INFO  pipeline.BackgroundPipelineCreator (BackgroundPipelineCreator.java:notifyEventTriggered(276)) - trigger a one-shot run on RatisPipelineUtilsThread.
2022-07-12 23:25:26,925 [RatisPipelineUtilsThread - 0] INFO  pipeline.RatisPipelineProvider (RatisPipelineProvider.java:lambda$create$0(195)) - Sending CreatePipelineCommand for pipeline:PipelineID=80d6b2e7-963a-429c-be81-b2be8ee88ab6 to datanode:11563331-6701-4d30-8001-992896c542e0
2022-07-12 23:25:26,926 [RatisPipelineUtilsThread - 0] INFO  pipeline.PipelineStateManagerImpl (PipelineStateManagerImpl.java:addPipeline(103)) - Created pipeline Pipeline[ Id: 80d6b2e7-963a-429c-be81-b2be8ee88ab6, Nodes: 11563331-6701-4d30-8001-992896c542e0{ip: 10.1.0.13, host: fv-az46-473.aox2mo1hufxu3kclv1weif3kjc.bx.internal.cloudapp.net, ports: [REPLICATION=45097, RATIS=45985, RATIS_ADMIN=45985, RATIS_SERVER=45985, STANDALONE=42687], networkLocation: /default-rack, certSerialId: null, persistedOpState: IN_SERVICE, persistedOpStateExpiryEpochSec: 0}, ReplicationConfig: RATIS/ONE, State:ALLOCATED, leaderId:, CreationTimestamp2022-07-12T23:25:26.925Z[Etc/UTC]].
2022-07-12 23:25:26,926 [RatisPipelineUtilsThread - 0] INFO  pipeline.RatisPipelineProvider (RatisPipelineProvider.java:lambda$create$0(195)) - Sending CreatePipelineCommand for pipeline:PipelineID=ac09b22b-635e-4643-9d96-e60a59360e00 to datanode:11563331-6701-4d30-8001-992896c542e0
2022-07-12 23:25:26,926 [RatisPipelineUtilsThread - 0] INFO  pipeline.RatisPipelineProvider (RatisPipelineProvider.java:lambda$create$0(195)) - Sending CreatePipelineCommand for pipeline:PipelineID=ac09b22b-635e-4643-9d96-e60a59360e00 to datanode:a135f15d-6580-477c-8a71-f9528412742f
2022-07-12 23:25:26,926 [RatisPipelineUtilsThread - 0] INFO  pipeline.RatisPipelineProvider (RatisPipelineProvider.java:lambda$create$0(195)) - Sending CreatePipelineCommand for pipeline:PipelineID=ac09b22b-635e-4643-9d96-e60a59360e00 to datanode:d62677b6-aca1-45f9-8cbf-ef07d3f04380
2022-07-12 23:25:26,926 [RatisPipelineUtilsThread - 0] INFO  pipeline.PipelineStateManagerImpl (PipelineStateManagerImpl.java:addPipeline(103)) - Created pipeline Pipeline[ Id: ac09b22b-635e-4643-9d96-e60a59360e00, Nodes: 11563331-6701-4d30-8001-992896c542e0{ip: 10.1.0.13, host: fv-az46-473.aox2mo1hufxu3kclv1weif3kjc.bx.internal.cloudapp.net, ports: [REPLICATION=45097, RATIS=45985, RATIS_ADMIN=45985, RATIS_SERVER=45985, STANDALONE=42687], networkLocation: /default-rack, certSerialId: null, persistedOpState: IN_SERVICE, persistedOpStateExpiryEpochSec: 0}a135f15d-6580-477c-8a71-f9528412742f{ip: 10.1.0.13, host: fv-az46-473.aox2mo1hufxu3kclv1weif3kjc.bx.internal.cloudapp.net, ports: [REPLICATION=46497, RATIS=34569, RATIS_ADMIN=34569, RATIS_SERVER=34569, STANDALONE=40935], networkLocation: /default-rack, certSerialId: null, persistedOpState: IN_SERVICE, persistedOpStateExpiryEpochSec: 0}d62677b6-aca1-45f9-8cbf-ef07d3f04380{ip: 10.1.0.13, host: fv-az46-473.aox2mo1hufxu3kclv1weif3kjc.bx.internal.cloudapp.net, ports: [REPLICATION=42861, RATIS=43415, RATIS_ADMIN=43415, RATIS_SERVER=43415, STANDALONE=37553], networkLocation: /default-rack, certSerialId: null, persistedOpState: IN_SERVICE, persistedOpStateExpiryEpochSec: 0}, ReplicationConfig: RATIS/THREE, State:ALLOCATED, leaderId:, CreationTimestamp2022-07-12T23:25:26.926Z[Etc/UTC]].
2022-07-12 23:25:26,927 [RatisPipelineUtilsThread - 0] INFO  pipeline.RatisPipelineProvider (RatisPipelineProvider.java:lambda$create$0(195)) - Sending CreatePipelineCommand for pipeline:PipelineID=ea277f44-538e-4cf3-b742-1457d70a6616 to datanode:11563331-6701-4d30-8001-992896c542e0
2022-07-12 23:25:26,927 [RatisPipelineUtilsThread - 0] INFO  pipeline.RatisPipelineProvider (RatisPipelineProvider.java:lambda$create$0(195)) - Sending CreatePipelineCommand for pipeline:PipelineID=ea277f44-538e-4cf3-b742-1457d70a6616 to datanode:d62677b6-aca1-45f9-8cbf-ef07d3f04380
2022-07-12 23:25:26,927 [RatisPipelineUtilsThread - 0] INFO  pipeline.RatisPipelineProvider (RatisPipelineProvider.java:lambda$create$0(195)) - Sending CreatePipelineCommand for pipeline:PipelineID=ea277f44-538e-4cf3-b742-1457d70a6616 to datanode:a135f15d-6580-477c-8a71-f9528412742f
2022-07-12 23:25:26,927 [RatisPipelineUtilsThread - 0] INFO  pipeline.PipelineStateManagerImpl (PipelineStateManagerImpl.java:addPipeline(103)) - Created pipeline Pipeline[ Id: ea277f44-538e-4cf3-b742-1457d70a6616, Nodes: 11563331-6701-4d30-8001-992896c542e0{ip: 10.1.0.13, host: fv-az46-473.aox2mo1hufxu3kclv1weif3kjc.bx.internal.cloudapp.net, ports: [REPLICATION=45097, RATIS=45985, RATIS_ADMIN=45985, RATIS_SERVER=45985, STANDALONE=42687], networkLocation: /default-rack, certSerialId: null, persistedOpState: IN_SERVICE, persistedOpStateExpiryEpochSec: 0}d62677b6-aca1-45f9-8cbf-ef07d3f04380{ip: 10.1.0.13, host: fv-az46-473.aox2mo1hufxu3kclv1weif3kjc.bx.internal.cloudapp.net, ports: [REPLICATION=42861, RATIS=43415, RATIS_ADMIN=43415, RATIS_SERVER=43415, STANDALONE=37553], networkLocation: /default-rack, certSerialId: null, persistedOpState: IN_SERVICE, persistedOpStateExpiryEpochSec: 0}a135f15d-6580-477c-8a71-f9528412742f{ip: 10.1.0.13, host: fv-az46-473.aox2mo1hufxu3kclv1weif3kjc.bx.internal.cloudapp.net, ports: [REPLICATION=46497, RATIS=34569, RATIS_ADMIN=34569, RATIS_SERVER=34569, STANDALONE=40935], networkLocation: /default-rack, certSerialId: null, persistedOpState: IN_SERVICE, persistedOpStateExpiryEpochSec: 0}, ReplicationConfig: RATIS/THREE, State:ALLOCATED, leaderId:, CreationTimestamp2022-07-12T23:25:26.927Z[Etc/UTC]].
2022-07-12 23:25:26,927 [RatisPipelineUtilsThread - 0] INFO  pipeline.PipelineManagerImpl (PipelineManagerImpl.java:recordMetricsForPipeline(796)) - Pipeline: PipelineID=ea277f44-538e-4cf3-b742-1457d70a6616 contains same datanodes as previous pipelines: PipelineID=ac09b22b-635e-4643-9d96-e60a59360e00 nodeIds: 11563331-6701-4d30-8001-992896c542e0, d62677b6-aca1-45f9-8cbf-ef07d3f04380, a135f15d-6580-477c-8a71-f9528412742f
2022-07-12 23:25:26,966 [EndpointStateMachine task thread for /0.0.0.0:39387 - 0 ] INFO  server.XceiverServerGrpc (XceiverServerGrpc.java:start(180)) - XceiverServerGrpc b6995a44-4e23-4c6f-99f5-2545e88719ae is started using port 43741
2022-07-12 23:25:26,996 [Listener at 127.0.0.1/46473] INFO  ozone.MiniOzoneClusterImpl (MiniOzoneClusterImpl.java:lambda$waitForClusterToBeReady$0(216)) - Waiting for nodes to be ready. Got 3 of 5 DN Heartbeats.
2022-07-12 23:25:26,997 [Listener at 127.0.0.1/46473] INFO  ozone.MiniOzoneClusterImpl (MiniOzoneClusterImpl.java:lambda$waitForClusterToBeReady$0(219)) - Waiting for cluster to exit safe mode
2022-07-12 23:25:26,997 [Listener at 127.0.0.1/46473] INFO  ozone.MiniOzoneClusterImpl (MiniOzoneClusterImpl.java:lambda$waitForClusterToBeReady$0(221)) - SCM became leader
2022-07-12 23:25:27,149 [Command processor thread] INFO  server.RaftServer (RaftServerProxy.java:addNew(96)) - d62677b6-aca1-45f9-8cbf-ef07d3f04380: addNew group-ADAA8812A9A1:[d62677b6-aca1-45f9-8cbf-ef07d3f04380|rpc:10.1.0.13:43415|priority:1] returns group-ADAA8812A9A1:java.util.concurrent.CompletableFuture@19aed7c3[Not completed]
2022-07-12 23:25:27,160 [pool-1135-thread-1] INFO  server.RaftServer$Division (RaftServerImpl.java:<init>(190)) - d62677b6-aca1-45f9-8cbf-ef07d3f04380: new RaftServerImpl for group-ADAA8812A9A1:[d62677b6-aca1-45f9-8cbf-ef07d3f04380|rpc:10.1.0.13:43415|priority:1] with ContainerStateMachine:uninitialized
2022-07-12 23:25:27,160 [pool-1135-thread-1] INFO  server.RaftServerConfigKeys (ConfUtils.java:logGet(46)) - raft.server.rpc.timeout.min = 5s (custom)
2022-07-12 23:25:27,160 [pool-1135-thread-1] INFO  server.RaftServerConfigKeys (ConfUtils.java:logGet(46)) - raft.server.rpc.timeout.max = 5200ms (custom)
2022-07-12 23:25:27,161 [pool-1135-thread-1] INFO  server.RaftServerConfigKeys (ConfUtils.java:logGet(46)) - raft.server.rpc.sleep.time = 25ms (default)
2022-07-12 23:25:27,161 [pool-1135-thread-1] INFO  server.RaftServerConfigKeys (ConfUtils.java:logGet(46)) - raft.server.rpc.slowness.timeout = 300s (custom)
2022-07-12 23:25:27,161 [pool-1135-thread-1] INFO  server.RaftServerConfigKeys (ConfUtils.java:logGet(46)) - raft.server.leaderelection.leader.step-down.wait-time = 10s (default)
2022-07-12 23:25:27,161 [pool-1135-thread-1] INFO  server.RaftServerConfigKeys (ConfUtils.java:logGet(46)) - raft.server.sleep.deviation.threshold = 300ms (default)
2022-07-12 23:25:27,161 [pool-1135-thread-1] INFO  server.RaftServer$Division (ServerState.java:<init>(107)) - d62677b6-aca1-45f9-8cbf-ef07d3f04380@group-ADAA8812A9A1: ConfigurationManager, init=-1: [d62677b6-aca1-45f9-8cbf-ef07d3f04380|rpc:10.1.0.13:43415|priority:1], old=null, confs=<EMPTY_MAP>
2022-07-12 23:25:27,161 [pool-1135-thread-1] INFO  server.RaftServerConfigKeys (ConfUtils.java:logGet(46)) - raft.server.storage.dir = [/home/runner/work/ozone/ozone/hadoop-ozone/integration-test/target/test-dir/MiniOzoneClusterImpl-9bee4ffb-16ee-4d3a-b6f9-e52fae08084a/datanode-0/data/ratis] (custom)
2022-07-12 23:25:27,161 [pool-1135-thread-1] INFO  server.RaftServerConfigKeys (ConfUtils.java:logGet(46)) - raft.server.log.corruption.policy = EXCEPTION (default)
2022-07-12 23:25:27,161 [pool-1135-thread-1] INFO  server.RaftServerConfigKeys (ConfUtils.java:logGet(46)) - raft.server.storage.free-space.min = 0MB (=0) (default)
2022-07-12 23:25:27,161 [pool-1135-thread-1] INFO  storage.RaftStorageDirectory (RaftStorageDirectoryImpl.java:analyzeStorage(135)) - The storage directory /home/runner/work/ozone/ozone/hadoop-ozone/integration-test/target/test-dir/MiniOzoneClusterImpl-9bee4ffb-16ee-4d3a-b6f9-e52fae08084a/datanode-0/data/ratis/482c5ff8-2e37-4cda-8d13-adaa8812a9a1 does not exist. Creating ...
2022-07-12 23:25:27,229 [pool-1135-thread-1] INFO  storage.RaftStorageDirectory (RaftStorageDirectoryImpl.java:tryLock(230)) - Lock on /home/runner/work/ozone/ozone/hadoop-ozone/integration-test/target/test-dir/MiniOzoneClusterImpl-9bee4ffb-16ee-4d3a-b6f9-e52fae08084a/datanode-0/data/ratis/482c5ff8-2e37-4cda-8d13-adaa8812a9a1/in_use.lock acquired by nodename 30948@fv-az46-473
2022-07-12 23:25:27,233 [pool-1135-thread-1] INFO  storage.RaftStorage (RaftStorageImpl.java:format(89)) - Storage directory /home/runner/work/ozone/ozone/hadoop-ozone/integration-test/target/test-dir/MiniOzoneClusterImpl-9bee4ffb-16ee-4d3a-b6f9-e52fae08084a/datanode-0/data/ratis/482c5ff8-2e37-4cda-8d13-adaa8812a9a1 has been successfully formatted.
2022-07-12 23:25:27,241 [pool-1135-thread-1] INFO  ratis.ContainerStateMachine (ContainerStateMachine.java:loadSnapshot(236)) - group-ADAA8812A9A1: The snapshot info is null. Setting the last applied indexto:(t:0, i:~)
2022-07-12 23:25:27,241 [pool-1135-thread-1] INFO  server.RaftServerConfigKeys (ConfUtils.java:logGet(46)) - raft.server.notification.no-leader.timeout = 300s (custom)
2022-07-12 23:25:27,241 [pool-1135-thread-1] INFO  server.RaftServerConfigKeys (ConfUtils.java:logGet(46)) - raft.server.log.use.memory = false (default)
2022-07-12 23:25:27,241 [pool-1135-thread-1] INFO  server.RaftServerConfigKeys (ConfUtils.java:logGet(46)) - raft.server.log.purge.gap = 1000000 (custom)
2022-07-12 23:25:27,241 [pool-1135-thread-1] INFO  server.RaftServerConfigKeys (ConfUtils.java:logGet(46)) - raft.server.log.appender.buffer.byte-limit = 33554432 (custom)
2022-07-12 23:25:27,241 [pool-1135-thread-1] INFO  server.RaftServerConfigKeys (ConfUtils.java:logGet(46)) - raft.server.log.statemachine.data.read.timeout = 1000ms (default)
2022-07-12 23:25:27,242 [EventQueue-PipelineReportForPipelineReportHandler] INFO  pipeline.PipelineManagerImpl (PipelineManagerImpl.java:openPipeline(367)) - Pipeline Pipeline[ Id: 482c5ff8-2e37-4cda-8d13-adaa8812a9a1, Nodes: d62677b6-aca1-45f9-8cbf-ef07d3f04380{ip: 10.1.0.13, host: fv-az46-473.aox2mo1hufxu3kclv1weif3kjc.bx.internal.cloudapp.net, ports: [REPLICATION=42861, RATIS=43415, RATIS_ADMIN=43415, RATIS_SERVER=43415, STANDALONE=37553], networkLocation: /default-rack, certSerialId: null, persistedOpState: IN_SERVICE, persistedOpStateExpiryEpochSec: 0}, ReplicationConfig: RATIS/ONE, State:ALLOCATED, leaderId:d62677b6-aca1-45f9-8cbf-ef07d3f04380, CreationTimestamp2022-07-12T23:25:24.229Z[Etc/UTC]] moved to OPEN state
2022-07-12 23:25:27,273 [pool-1135-thread-1] INFO  server.RaftServerConfigKeys (ConfUtils.java:logGet(46)) - raft.server.log.segment.size.max = 1048576 (custom)
2022-07-12 23:25:27,273 [pool-1135-thread-1] INFO  server.RaftServerConfigKeys (ConfUtils.java:logGet(46)) - raft.server.log.segment.cache.num.max = 2 (custom)
2022-07-12 23:25:27,274 [pool-1135-thread-1] INFO  server.RaftServerConfigKeys (ConfUtils.java:logGet(46)) - raft.server.log.segment.cache.size.max = 200MB (=209715200) (default)
2022-07-12 23:25:27,274 [pool-1135-thread-1] INFO  segmented.SegmentedRaftLogWorker (SegmentedRaftLogWorker.java:<init>(187)) - new d62677b6-aca1-45f9-8cbf-ef07d3f04380@group-ADAA8812A9A1-SegmentedRaftLogWorker for RaftStorageImpl:Storage Directory /home/runner/work/ozone/ozone/hadoop-ozone/integration-test/target/test-dir/MiniOzoneClusterImpl-9bee4ffb-16ee-4d3a-b6f9-e52fae08084a/datanode-0/data/ratis/482c5ff8-2e37-4cda-8d13-adaa8812a9a1
2022-07-12 23:25:27,274 [pool-1135-thread-1] INFO  server.RaftServerConfigKeys (ConfUtils.java:logGet(46)) - raft.server.log.queue.byte-limit = 4294967296 (custom)
2022-07-12 23:25:27,274 [pool-1135-thread-1] INFO  server.RaftServerConfigKeys (ConfUtils.java:logGet(46)) - raft.server.log.queue.element-limit = 1024 (custom)
2022-07-12 23:25:27,274 [pool-1135-thread-1] INFO  server.RaftServerConfigKeys (ConfUtils.java:logGet(46)) - raft.server.log.segment.size.max = 1048576 (custom)
2022-07-12 23:25:27,274 [pool-1135-thread-1] INFO  server.RaftServerConfigKeys (ConfUtils.java:logGet(46)) - raft.server.log.preallocated.size = 16384 (custom)
2022-07-12 23:25:27,274 [pool-1135-thread-1] INFO  server.RaftServerConfigKeys (ConfUtils.java:logGet(46)) - raft.server.log.force.sync.num = 128 (default)
2022-07-12 23:25:27,274 [pool-1135-thread-1] INFO  server.RaftServerConfigKeys (ConfUtils.java:logGet(46)) - raft.server.log.statemachine.data.sync = true (default)
2022-07-12 23:25:27,274 [pool-1135-thread-1] INFO  server.RaftServerConfigKeys (ConfUtils.java:logGet(46)) - raft.server.log.statemachine.data.sync.timeout = 10s (default)
2022-07-12 23:25:27,274 [pool-1135-thread-1] INFO  server.RaftServerConfigKeys (ConfUtils.java:logGet(46)) - raft.server.log.statemachine.data.sync.timeout.retry = -1 (default)
2022-07-12 23:25:27,275 [pool-1135-thread-1] INFO  server.RaftServerConfigKeys (ConfUtils.java:logGet(46)) - raft.server.log.write.buffer.size = 1048576 (custom)
2022-07-12 23:25:27,276 [pool-1135-thread-1] INFO  server.RaftServerConfigKeys (ConfUtils.java:logGet(46)) - raft.server.log.unsafe-flush.enabled = false (default)
2022-07-12 23:25:27,276 [pool-1135-thread-1] INFO  server.RaftServerConfigKeys (ConfUtils.java:logGet(46)) - raft.server.log.statemachine.data.caching.enabled = true (custom)
2022-07-12 23:25:27,276 [pool-1135-thread-1] INFO  segmented.SegmentedRaftLogWorker (SegmentedRaftLogWorker.java:lambda$new$0(135)) - d62677b6-aca1-45f9-8cbf-ef07d3f04380@group-ADAA8812A9A1-SegmentedRaftLogWorker: flushIndex: setUnconditionally 0 -> -1
2022-07-12 23:25:27,276 [pool-1135-thread-1] INFO  segmented.SegmentedRaftLogWorker (SegmentedRaftLogWorker.java:lambda$new$0(135)) - d62677b6-aca1-45f9-8cbf-ef07d3f04380@group-ADAA8812A9A1-SegmentedRaftLogWorker: safeCacheEvictIndex: setUnconditionally 0 -> -1
2022-07-12 23:25:27,306 [EventQueue-OpenPipelineForHealthyPipelineSafeModeRule] INFO  safemode.SCMSafeModeManager (HealthyPipelineSafeModeRule.java:process(137)) - SCM in safe mode. Healthy pipelines reported count is 0, required healthy pipeline reported count is 1
2022-07-12 23:25:27,327 [pool-1135-thread-1] INFO  server.RaftServerConfigKeys (ConfUtils.java:logGet(46)) - raft.server.snapshot.auto.trigger.enabled = true (custom)
2022-07-12 23:25:27,328 [pool-1135-thread-1] INFO  server.RaftServerConfigKeys (ConfUtils.java:logGet(46)) - raft.server.snapshot.auto.trigger.threshold = 10000 (custom)
2022-07-12 23:25:27,328 [pool-1135-thread-1] INFO  server.RaftServerConfigKeys (ConfUtils.java:logGet(46)) - raft.server.snapshot.retention.file.num = 5 (custom)
2022-07-12 23:25:27,328 [pool-1135-thread-1] INFO  server.RaftServerConfigKeys (ConfUtils.java:logGet(46)) - raft.server.log.purge.upto.snapshot.index = false (default)
2022-07-12 23:25:27,328 [pool-1135-thread-1] INFO  server.RaftServerConfigKeys (ConfUtils.java:logGet(46)) - raft.server.retrycache.expirytime = 600000ms (custom)
2022-07-12 23:25:27,328 [pool-1135-thread-1] INFO  server.RaftServerConfigKeys (ConfUtils.java:logGet(46)) - raft.server.retrycache.statistics.expirytime = 100μs (default)
2022-07-12 23:25:27,329 [pool-1135-thread-1] INFO  server.RaftServerConfigKeys (ConfUtils.java:logGet(46)) - raft.server.log.appender.install.snapshot.enabled = false (custom)
2022-07-12 23:25:27,329 [pool-1135-thread-1] INFO  server.RaftServerConfigKeys (ConfUtils.java:logGet(46)) - raft.server.threadpool.server.cached = true (default)
2022-07-12 23:25:27,329 [pool-1135-thread-1] INFO  server.RaftServerConfigKeys (ConfUtils.java:logGet(46)) - raft.server.threadpool.server.size = 0 (default)
2022-07-12 23:25:27,329 [pool-1135-thread-1] INFO  server.RaftServerConfigKeys (ConfUtils.java:logGet(46)) - raft.server.threadpool.client.cached = true (default)
2022-07-12 23:25:27,329 [pool-1135-thread-1] INFO  server.RaftServerConfigKeys (ConfUtils.java:logGet(46)) - raft.server.threadpool.client.size = 0 (default)
2022-07-12 23:25:27,330 [pool-1135-thread-1] INFO  server.RaftServer$Division (RaftServerImpl.java:start(310)) - d62677b6-aca1-45f9-8cbf-ef07d3f04380@group-ADAA8812A9A1: start as a follower, conf=-1: [d62677b6-aca1-45f9-8cbf-ef07d3f04380|rpc:10.1.0.13:43415|priority:1], old=null
2022-07-12 23:25:27,330 [pool-1135-thread-1] INFO  server.RaftServer$Division (RaftServerImpl.java:setRole(299)) - d62677b6-aca1-45f9-8cbf-ef07d3f04380@group-ADAA8812A9A1: changes role from      null to FOLLOWER at term 0 for startAsFollower
2022-07-12 23:25:27,330 [pool-1135-thread-1] INFO  impl.RoleInfo (RoleInfo.java:updateAndGet(139)) - d62677b6-aca1-45f9-8cbf-ef07d3f04380: start d62677b6-aca1-45f9-8cbf-ef07d3f04380@group-ADAA8812A9A1-FollowerState
2022-07-12 23:25:27,357 [pool-1135-thread-1] INFO  util.JmxRegister (JmxRegister.java:tryRegister(44)) - Successfully registered JMX Bean with object name Ratis:service=RaftServer,group=group-ADAA8812A9A1,id=d62677b6-aca1-45f9-8cbf-ef07d3f04380
2022-07-12 23:25:27,358 [Command processor thread] INFO  ratis.XceiverServerRatis (XceiverServerRatis.java:addGroup(765)) - Created group PipelineID=482c5ff8-2e37-4cda-8d13-adaa8812a9a1
2022-07-12 23:25:27,358 [Command processor thread] INFO  commandhandler.CreatePipelineCommandHandler (CreatePipelineCommandHandler.java:handle(113)) - Created Pipeline RATIS ONE PipelineID=482c5ff8-2e37-4cda-8d13-adaa8812a9a1.
2022-07-12 23:25:27,358 [Command processor thread] INFO  server.RaftServer (RaftServerProxy.java:addNew(96)) - d62677b6-aca1-45f9-8cbf-ef07d3f04380: addNew group-E60A59360E00:[a135f15d-6580-477c-8a71-f9528412742f|rpc:10.1.0.13:34569|priority:0, 11563331-6701-4d30-8001-992896c542e0|rpc:10.1.0.13:45985|priority:0, d62677b6-aca1-45f9-8cbf-ef07d3f04380|rpc:10.1.0.13:43415|priority:1] returns group-E60A59360E00:java.util.concurrent.CompletableFuture@1d91402e[Not completed]
2022-07-12 23:25:27,359 [pool-1135-thread-1] INFO  server.RaftServer$Division (RaftServerImpl.java:<init>(190)) - d62677b6-aca1-45f9-8cbf-ef07d3f04380: new RaftServerImpl for group-E60A59360E00:[a135f15d-6580-477c-8a71-f9528412742f|rpc:10.1.0.13:34569|priority:0, 11563331-6701-4d30-8001-992896c542e0|rpc:10.1.0.13:45985|priority:0, d62677b6-aca1-45f9-8cbf-ef07d3f04380|rpc:10.1.0.13:43415|priority:1] with ContainerStateMachine:uninitialized
2022-07-12 23:25:27,359 [pool-1135-thread-1] INFO  server.RaftServerConfigKeys (ConfUtils.java:logGet(46)) - raft.server.rpc.timeout.min = 5s (custom)
2022-07-12 23:25:27,359 [pool-1135-thread-1] INFO  server.RaftServerConfigKeys (ConfUtils.java:logGet(46)) - raft.server.rpc.timeout.max = 5200ms (custom)
2022-07-12 23:25:27,359 [pool-1135-thread-1] INFO  server.RaftServerConfigKeys (ConfUtils.java:logGet(46)) - raft.server.rpc.sleep.time = 25ms (default)
2022-07-12 23:25:27,359 [pool-1135-thread-1] INFO  server.RaftServerConfigKeys (ConfUtils.java:logGet(46)) - raft.server.rpc.slowness.timeout = 300s (custom)
2022-07-12 23:25:27,359 [pool-1135-thread-1] INFO  server.RaftServerConfigKeys (ConfUtils.java:logGet(46)) - raft.server.leaderelection.leader.step-down.wait-time = 10s (default)
2022-07-12 23:25:27,359 [pool-1135-thread-1] INFO  server.RaftServerConfigKeys (ConfUtils.java:logGet(46)) - raft.server.sleep.deviation.threshold = 300ms (default)
2022-07-12 23:25:27,360 [pool-1135-thread-1] INFO  server.RaftServer$Division (ServerState.java:<init>(107)) - d62677b6-aca1-45f9-8cbf-ef07d3f04380@group-E60A59360E00: ConfigurationManager, init=-1: [a135f15d-6580-477c-8a71-f9528412742f|rpc:10.1.0.13:34569|priority:0, 11563331-6701-4d30-8001-992896c542e0|rpc:10.1.0.13:45985|priority:0, d62677b6-aca1-45f9-8cbf-ef07d3f04380|rpc:10.1.0.13:43415|priority:1], old=null, confs=<EMPTY_MAP>
2022-07-12 23:25:27,360 [pool-1135-thread-1] INFO  server.RaftServerConfigKeys (ConfUtils.java:logGet(46)) - raft.server.storage.dir = [/home/runner/work/ozone/ozone/hadoop-ozone/integration-test/target/test-dir/MiniOzoneClusterImpl-9bee4ffb-16ee-4d3a-b6f9-e52fae08084a/datanode-0/data/ratis] (custom)
2022-07-12 23:25:27,360 [pool-1135-thread-1] INFO  server.RaftServerConfigKeys (ConfUtils.java:logGet(46)) - raft.server.log.corruption.policy = EXCEPTION (default)
2022-07-12 23:25:27,360 [pool-1135-thread-1] INFO  server.RaftServerConfigKeys (ConfUtils.java:logGet(46)) - raft.server.storage.free-space.min = 0MB (=0) (default)
2022-07-12 23:25:27,360 [pool-1135-thread-1] INFO  storage.RaftStorageDirectory (RaftStorageDirectoryImpl.java:analyzeStorage(135)) - The storage directory /home/runner/work/ozone/ozone/hadoop-ozone/integration-test/target/test-dir/MiniOzoneClusterImpl-9bee4ffb-16ee-4d3a-b6f9-e52fae08084a/datanode-0/data/ratis/ac09b22b-635e-4643-9d96-e60a59360e00 does not exist. Creating ...
2022-07-12 23:25:27,362 [pool-1135-thread-1] INFO  storage.RaftStorageDirectory (RaftStorageDirectoryImpl.java:tryLock(230)) - Lock on /home/runner/work/ozone/ozone/hadoop-ozone/integration-test/target/test-dir/MiniOzoneClusterImpl-9bee4ffb-16ee-4d3a-b6f9-e52fae08084a/datanode-0/data/ratis/ac09b22b-635e-4643-9d96-e60a59360e00/in_use.lock acquired by nodename 30948@fv-az46-473
2022-07-12 23:25:27,364 [pool-1135-thread-1] INFO  storage.RaftStorage (RaftStorageImpl.java:format(89)) - Storage directory /home/runner/work/ozone/ozone/hadoop-ozone/integration-test/target/test-dir/MiniOzoneClusterImpl-9bee4ffb-16ee-4d3a-b6f9-e52fae08084a/datanode-0/data/ratis/ac09b22b-635e-4643-9d96-e60a59360e00 has been successfully formatted.
2022-07-12 23:25:27,364 [pool-1135-thread-1] INFO  ratis.ContainerStateMachine (ContainerStateMachine.java:loadSnapshot(236)) - group-E60A59360E00: The snapshot info is null. Setting the last applied indexto:(t:0, i:~)
2022-07-12 23:25:27,364 [pool-1135-thread-1] INFO  server.RaftServerConfigKeys (ConfUtils.java:logGet(46)) - raft.server.notification.no-leader.timeout = 300s (custom)
2022-07-12 23:25:27,364 [pool-1135-thread-1] INFO  server.RaftServerConfigKeys (ConfUtils.java:logGet(46)) - raft.server.log.use.memory = false (default)
2022-07-12 23:25:27,364 [pool-1135-thread-1] INFO  server.RaftServerConfigKeys (ConfUtils.java:logGet(46)) - raft.server.log.purge.gap = 1000000 (custom)
2022-07-12 23:25:27,364 [pool-1135-thread-1] INFO  server.RaftServerConfigKeys (ConfUtils.java:logGet(46)) - raft.server.log.appender.buffer.byte-limit = 33554432 (custom)
2022-07-12 23:25:27,364 [pool-1135-thread-1] INFO  server.RaftServerConfigKeys (ConfUtils.java:logGet(46)) - raft.server.log.statemachine.data.read.timeout = 1000ms (default)
2022-07-12 23:25:27,364 [pool-1135-thread-1] INFO  server.RaftServerConfigKeys (ConfUtils.java:logGet(46)) - raft.server.log.segment.size.max = 1048576 (custom)
2022-07-12 23:25:27,365 [pool-1135-thread-1] INFO  server.RaftServerConfigKeys (ConfUtils.java:logGet(46)) - raft.server.log.segment.cache.num.max = 2 (custom)
2022-07-12 23:25:27,365 [pool-1135-thread-1] INFO  server.RaftServerConfigKeys (ConfUtils.java:logGet(46)) - raft.server.log.segment.cache.size.max = 200MB (=209715200) (default)
2022-07-12 23:25:27,365 [EventQueue-OpenPipelineForHealthyPipelineSafeModeRule] INFO  safemode.SCMSafeModeManager (HealthyPipelineSafeModeRule.java:process(137)) - SCM in safe mode. Healthy pipelines reported count is 0, required healthy pipeline reported count is 1
2022-07-12 23:25:27,365 [pool-1135-thread-1] INFO  segmented.SegmentedRaftLogWorker (SegmentedRaftLogWorker.java:<init>(187)) - new d62677b6-aca1-45f9-8cbf-ef07d3f04380@group-E60A59360E00-SegmentedRaftLogWorker for RaftStorageImpl:Storage Directory /home/runner/work/ozone/ozone/hadoop-ozone/integration-test/target/test-dir/MiniOzoneClusterImpl-9bee4ffb-16ee-4d3a-b6f9-e52fae08084a/datanode-0/data/ratis/ac09b22b-635e-4643-9d96-e60a59360e00
2022-07-12 23:25:27,365 [pool-1135-thread-1] INFO  server.RaftServerConfigKeys (ConfUtils.java:logGet(46)) - raft.server.log.queue.byte-limit = 4294967296 (custom)
2022-07-12 23:25:27,365 [pool-1135-thread-1] INFO  server.RaftServerConfigKeys (ConfUtils.java:logGet(46)) - raft.server.log.queue.element-limit = 1024 (custom)
2022-07-12 23:25:27,365 [pool-1135-thread-1] INFO  server.RaftServerConfigKeys (ConfUtils.java:logGet(46)) - raft.server.log.segment.size.max = 1048576 (custom)
2022-07-12 23:25:27,365 [pool-1135-thread-1] INFO  server.RaftServerConfigKeys (ConfUtils.java:logGet(46)) - raft.server.log.preallocated.size = 16384 (custom)
2022-07-12 23:25:27,365 [pool-1135-thread-1] INFO  server.RaftServerConfigKeys (ConfUtils.java:logGet(46)) - raft.server.log.force.sync.num = 128 (default)
2022-07-12 23:25:27,365 [pool-1135-thread-1] INFO  server.RaftServerConfigKeys (ConfUtils.java:logGet(46)) - raft.server.log.statemachine.data.sync = true (default)
2022-07-12 23:25:27,365 [pool-1135-thread-1] INFO  server.RaftServerConfigKeys (ConfUtils.java:logGet(46)) - raft.server.log.statemachine.data.sync.timeout = 10s (default)
2022-07-12 23:25:27,365 [pool-1135-thread-1] INFO  server.RaftServerConfigKeys (ConfUtils.java:logGet(46)) - raft.server.log.statemachine.data.sync.timeout.retry = -1 (default)
2022-07-12 23:25:27,366 [pool-1135-thread-1] INFO  server.RaftServerConfigKeys (ConfUtils.java:logGet(46)) - raft.server.log.write.buffer.size = 1048576 (custom)
2022-07-12 23:25:27,367 [pool-1135-thread-1] INFO  server.RaftServerConfigKeys (ConfUtils.java:logGet(46)) - raft.server.log.unsafe-flush.enabled = false (default)
2022-07-12 23:25:27,367 [pool-1135-thread-1] INFO  server.RaftServerConfigKeys (ConfUtils.java:logGet(46)) - raft.server.log.statemachine.data.caching.enabled = true (custom)
2022-07-12 23:25:27,367 [pool-1135-thread-1] INFO  segmented.SegmentedRaftLogWorker (SegmentedRaftLogWorker.java:lambda$new$0(135)) - d62677b6-aca1-45f9-8cbf-ef07d3f04380@group-E60A59360E00-SegmentedRaftLogWorker: flushIndex: setUnconditionally 0 -> -1
2022-07-12 23:25:27,367 [pool-1135-thread-1] INFO  segmented.SegmentedRaftLogWorker (SegmentedRaftLogWorker.java:lambda$new$0(135)) - d62677b6-aca1-45f9-8cbf-ef07d3f04380@group-E60A59360E00-SegmentedRaftLogWorker: safeCacheEvictIndex: setUnconditionally 0 -> -1
2022-07-12 23:25:27,367 [pool-1135-thread-1] INFO  server.RaftServerConfigKeys (ConfUtils.java:logGet(46)) - raft.server.snapshot.auto.trigger.enabled = true (custom)
2022-07-12 23:25:27,367 [pool-1135-thread-1] INFO  server.RaftServerConfigKeys (ConfUtils.java:logGet(46)) - raft.server.snapshot.auto.trigger.threshold = 10000 (custom)
2022-07-12 23:25:27,367 [pool-1135-thread-1] INFO  server.RaftServerConfigKeys (ConfUtils.java:logGet(46)) - raft.server.snapshot.retention.file.num = 5 (custom)
2022-07-12 23:25:27,368 [pool-1135-thread-1] INFO  server.RaftServerConfigKeys (ConfUtils.java:logGet(46)) - raft.server.log.purge.upto.snapshot.index = false (default)
2022-07-12 23:25:27,368 [pool-1135-thread-1] INFO  server.RaftServerConfigKeys (ConfUtils.java:logGet(46)) - raft.server.retrycache.expirytime = 600000ms (custom)
2022-07-12 23:25:27,368 [pool-1135-thread-1] INFO  server.RaftServerConfigKeys (ConfUtils.java:logGet(46)) - raft.server.retrycache.statistics.expirytime = 100μs (default)
2022-07-12 23:25:27,369 [pool-1135-thread-1] INFO  server.RaftServerConfigKeys (ConfUtils.java:logGet(46)) - raft.server.log.appender.install.snapshot.enabled = false (custom)
2022-07-12 23:25:27,369 [pool-1135-thread-1] INFO  server.RaftServerConfigKeys (ConfUtils.java:logGet(46)) - raft.server.threadpool.server.cached = true (default)
2022-07-12 23:25:27,369 [pool-1135-thread-1] INFO  server.RaftServerConfigKeys (ConfUtils.java:logGet(46)) - raft.server.threadpool.server.size = 0 (default)
2022-07-12 23:25:27,369 [pool-1135-thread-1] INFO  server.RaftServerConfigKeys (ConfUtils.java:logGet(46)) - raft.server.threadpool.client.cached = true (default)
2022-07-12 23:25:27,369 [pool-1135-thread-1] INFO  server.RaftServerConfigKeys (ConfUtils.java:logGet(46)) - raft.server.threadpool.client.size = 0 (default)
2022-07-12 23:25:27,369 [pool-1135-thread-1] INFO  server.RaftServer$Division (RaftServerImpl.java:start(310)) - d62677b6-aca1-45f9-8cbf-ef07d3f04380@group-E60A59360E00: start as a follower, conf=-1: [a135f15d-6580-477c-8a71-f9528412742f|rpc:10.1.0.13:34569|priority:0, 11563331-6701-4d30-8001-992896c542e0|rpc:10.1.0.13:45985|priority:0, d62677b6-aca1-45f9-8cbf-ef07d3f04380|rpc:10.1.0.13:43415|priority:1], old=null
2022-07-12 23:25:27,369 [pool-1135-thread-1] INFO  server.RaftServer$Division (RaftServerImpl.java:setRole(299)) - d62677b6-aca1-45f9-8cbf-ef07d3f04380@group-E60A59360E00: changes role from      null to FOLLOWER at term 0 for startAsFollower
2022-07-12 23:25:27,369 [pool-1135-thread-1] INFO  impl.RoleInfo (RoleInfo.java:updateAndGet(139)) - d62677b6-aca1-45f9-8cbf-ef07d3f04380: start d62677b6-aca1-45f9-8cbf-ef07d3f04380@group-E60A59360E00-FollowerState
2022-07-12 23:25:27,389 [pool-1135-thread-1] INFO  util.JmxRegister (JmxRegister.java:tryRegister(44)) - Successfully registered JMX Bean with object name Ratis:service=RaftServer,group=group-E60A59360E00,id=d62677b6-aca1-45f9-8cbf-ef07d3f04380
2022-07-12 23:25:27,397 [Command processor thread] INFO  ratis.XceiverServerRatis (XceiverServerRatis.java:addGroup(765)) - Created group PipelineID=ac09b22b-635e-4643-9d96-e60a59360e00
2022-07-12 23:25:27,457 [grpc-default-executor-0] INFO  server.RaftServer (RaftServerProxy.java:addNew(96)) - 11563331-6701-4d30-8001-992896c542e0: addNew group-E60A59360E00:[a135f15d-6580-477c-8a71-f9528412742f|rpc:10.1.0.13:34569|dataStream:|priority:0, 11563331-6701-4d30-8001-992896c542e0|rpc:10.1.0.13:45985|dataStream:|priority:0, d62677b6-aca1-45f9-8cbf-ef07d3f04380|rpc:10.1.0.13:43415|dataStream:|priority:1] returns group-E60A59360E00:java.util.concurrent.CompletableFuture@17243b05[Not completed]
2022-07-12 23:25:27,458 [pool-1181-thread-1] INFO  server.RaftServer$Division (RaftServerImpl.java:<init>(190)) - 11563331-6701-4d30-8001-992896c542e0: new RaftServerImpl for group-E60A59360E00:[a135f15d-6580-477c-8a71-f9528412742f|rpc:10.1.0.13:34569|dataStream:|priority:0, 11563331-6701-4d30-8001-992896c542e0|rpc:10.1.0.13:45985|dataStream:|priority:0, d62677b6-aca1-45f9-8cbf-ef07d3f04380|rpc:10.1.0.13:43415|dataStream:|priority:1] with ContainerStateMachine:uninitialized
2022-07-12 23:25:27,458 [pool-1181-thread-1] INFO  server.RaftServerConfigKeys (ConfUtils.java:logGet(46)) - raft.server.rpc.timeout.min = 5s (custom)
2022-07-12 23:25:27,458 [pool-1181-thread-1] INFO  server.RaftServerConfigKeys (ConfUtils.java:logGet(46)) - raft.server.rpc.timeout.max = 5200ms (custom)
2022-07-12 23:25:27,458 [pool-1181-thread-1] INFO  server.RaftServerConfigKeys (ConfUtils.java:logGet(46)) - raft.server.rpc.sleep.time = 25ms (default)
2022-07-12 23:25:27,458 [pool-1181-thread-1] INFO  server.RaftServerConfigKeys (ConfUtils.java:logGet(46)) - raft.server.rpc.slowness.timeout = 300s (custom)
2022-07-12 23:25:27,458 [pool-1181-thread-1] INFO  server.RaftServerConfigKeys (ConfUtils.java:logGet(46)) - raft.server.leaderelection.leader.step-down.wait-time = 10s (default)
2022-07-12 23:25:27,458 [pool-1181-thread-1] INFO  server.RaftServerConfigKeys (ConfUtils.java:logGet(46)) - raft.server.sleep.deviation.threshold = 300ms (default)
2022-07-12 23:25:27,458 [pool-1181-thread-1] INFO  server.RaftServer$Division (ServerState.java:<init>(107)) - 11563331-6701-4d30-8001-992896c542e0@group-E60A59360E00: ConfigurationManager, init=-1: [a135f15d-6580-477c-8a71-f9528412742f|rpc:10.1.0.13:34569|dataStream:|priority:0, 11563331-6701-4d30-8001-992896c542e0|rpc:10.1.0.13:45985|dataStream:|priority:0, d62677b6-aca1-45f9-8cbf-ef07d3f04380|rpc:10.1.0.13:43415|dataStream:|priority:1], old=null, confs=<EMPTY_MAP>
2022-07-12 23:25:27,458 [pool-1181-thread-1] INFO  server.RaftServerConfigKeys (ConfUtils.java:logGet(46)) - raft.server.storage.dir = [/home/runner/work/ozone/ozone/hadoop-ozone/integration-test/target/test-dir/MiniOzoneClusterImpl-9bee4ffb-16ee-4d3a-b6f9-e52fae08084a/datanode-2/data/ratis] (custom)
2022-07-12 23:25:27,458 [pool-1181-thread-1] INFO  server.RaftServerConfigKeys (ConfUtils.java:logGet(46)) - raft.server.log.corruption.policy = EXCEPTION (default)
2022-07-12 23:25:27,458 [pool-1181-thread-1] INFO  server.RaftServerConfigKeys (ConfUtils.java:logGet(46)) - raft.server.storage.free-space.min = 0MB (=0) (default)
2022-07-12 23:25:27,458 [pool-1181-thread-1] INFO  storage.RaftStorageDirectory (RaftStorageDirectoryImpl.java:analyzeStorage(135)) - The storage directory /home/runner/work/ozone/ozone/hadoop-ozone/integration-test/target/test-dir/MiniOzoneClusterImpl-9bee4ffb-16ee-4d3a-b6f9-e52fae08084a/datanode-2/data/ratis/ac09b22b-635e-4643-9d96-e60a59360e00 does not exist. Creating ...
2022-07-12 23:25:27,461 [pool-1181-thread-1] INFO  storage.RaftStorageDirectory (RaftStorageDirectoryImpl.java:tryLock(230)) - Lock on /home/runner/work/ozone/ozone/hadoop-ozone/integration-test/target/test-dir/MiniOzoneClusterImpl-9bee4ffb-16ee-4d3a-b6f9-e52fae08084a/datanode-2/data/ratis/ac09b22b-635e-4643-9d96-e60a59360e00/in_use.lock acquired by nodename 30948@fv-az46-473
2022-07-12 23:25:27,467 [pool-1181-thread-1] INFO  storage.RaftStorage (RaftStorageImpl.java:format(89)) - Storage directory /home/runner/work/ozone/ozone/hadoop-ozone/integration-test/target/test-dir/MiniOzoneClusterImpl-9bee4ffb-16ee-4d3a-b6f9-e52fae08084a/datanode-2/data/ratis/ac09b22b-635e-4643-9d96-e60a59360e00 has been successfully formatted.
2022-07-12 23:25:27,468 [pool-1181-thread-1] INFO  ratis.ContainerStateMachine (ContainerStateMachine.java:loadSnapshot(236)) - group-E60A59360E00: The snapshot info is null. Setting the last applied indexto:(t:0, i:~)
2022-07-12 23:25:27,509 [pool-1181-thread-1] INFO  server.RaftServerConfigKeys (ConfUtils.java:logGet(46)) - raft.server.notification.no-leader.timeout = 300s (custom)
2022-07-12 23:25:27,509 [pool-1181-thread-1] INFO  server.RaftServerConfigKeys (ConfUtils.java:logGet(46)) - raft.server.log.use.memory = false (default)
2022-07-12 23:25:27,509 [pool-1181-thread-1] INFO  server.RaftServerConfigKeys (ConfUtils.java:logGet(46)) - raft.server.log.purge.gap = 1000000 (custom)
2022-07-12 23:25:27,509 [pool-1181-thread-1] INFO  server.RaftServerConfigKeys (ConfUtils.java:logGet(46)) - raft.server.log.appender.buffer.byte-limit = 33554432 (custom)
2022-07-12 23:25:27,509 [pool-1181-thread-1] INFO  server.RaftServerConfigKeys (ConfUtils.java:logGet(46)) - raft.server.log.statemachine.data.read.timeout = 1000ms (default)
2022-07-12 23:25:27,509 [pool-1181-thread-1] INFO  server.RaftServerConfigKeys (ConfUtils.java:logGet(46)) - raft.server.log.segment.size.max = 1048576 (custom)
2022-07-12 23:25:27,510 [pool-1181-thread-1] INFO  server.RaftServerConfigKeys (ConfUtils.java:logGet(46)) - raft.server.log.segment.cache.num.max = 2 (custom)
2022-07-12 23:25:27,510 [pool-1181-thread-1] INFO  server.RaftServerConfigKeys (ConfUtils.java:logGet(46)) - raft.server.log.segment.cache.size.max = 200MB (=209715200) (default)
2022-07-12 23:25:27,510 [pool-1181-thread-1] INFO  segmented.SegmentedRaftLogWorker (SegmentedRaftLogWorker.java:<init>(187)) - new 11563331-6701-4d30-8001-992896c542e0@group-E60A59360E00-SegmentedRaftLogWorker for RaftStorageImpl:Storage Directory /home/runner/work/ozone/ozone/hadoop-ozone/integration-test/target/test-dir/MiniOzoneClusterImpl-9bee4ffb-16ee-4d3a-b6f9-e52fae08084a/datanode-2/data/ratis/ac09b22b-635e-4643-9d96-e60a59360e00
2022-07-12 23:25:27,510 [pool-1181-thread-1] INFO  server.RaftServerConfigKeys (ConfUtils.java:logGet(46)) - raft.server.log.queue.byte-limit = 4294967296 (custom)
2022-07-12 23:25:27,510 [pool-1181-thread-1] INFO  server.RaftServerConfigKeys (ConfUtils.java:logGet(46)) - raft.server.log.queue.element-limit = 1024 (custom)
2022-07-12 23:25:27,510 [pool-1181-thread-1] INFO  server.RaftServerConfigKeys (ConfUtils.java:logGet(46)) - raft.server.log.segment.size.max = 1048576 (custom)
2022-07-12 23:25:27,510 [pool-1181-thread-1] INFO  server.RaftServerConfigKeys (ConfUtils.java:logGet(46)) - raft.server.log.preallocated.size = 16384 (custom)
2022-07-12 23:25:27,510 [pool-1181-thread-1] INFO  server.RaftServerConfigKeys (ConfUtils.java:logGet(46)) - raft.server.log.force.sync.num = 128 (default)
2022-07-12 23:25:27,510 [pool-1181-thread-1] INFO  server.RaftServerConfigKeys (ConfUtils.java:logGet(46)) - raft.server.log.statemachine.data.sync = true (default)
2022-07-12 23:25:27,510 [pool-1181-thread-1] INFO  server.RaftServerConfigKeys (ConfUtils.java:logGet(46)) - raft.server.log.statemachine.data.sync.timeout = 10s (default)
2022-07-12 23:25:27,510 [pool-1181-thread-1] INFO  server.RaftServerConfigKeys (ConfUtils.java:logGet(46)) - raft.server.log.statemachine.data.sync.timeout.retry = -1 (default)
2022-07-12 23:25:27,511 [pool-1181-thread-1] INFO  server.RaftServerConfigKeys (ConfUtils.java:logGet(46)) - raft.server.log.write.buffer.size = 1048576 (custom)
2022-07-12 23:25:27,512 [pool-1181-thread-1] INFO  server.RaftServerConfigKeys (ConfUtils.java:logGet(46)) - raft.server.log.unsafe-flush.enabled = false (default)
2022-07-12 23:25:27,512 [pool-1181-thread-1] INFO  server.RaftServerConfigKeys (ConfUtils.java:logGet(46)) - raft.server.log.statemachine.data.caching.enabled = true (custom)
2022-07-12 23:25:27,512 [pool-1181-thread-1] INFO  segmented.SegmentedRaftLogWorker (SegmentedRaftLogWorker.java:lambda$new$0(135)) - 11563331-6701-4d30-8001-992896c542e0@group-E60A59360E00-SegmentedRaftLogWorker: flushIndex: setUnconditionally 0 -> -1
2022-07-12 23:25:27,512 [pool-1181-thread-1] INFO  segmented.SegmentedRaftLogWorker (SegmentedRaftLogWorker.java:lambda$new$0(135)) - 11563331-6701-4d30-8001-992896c542e0@group-E60A59360E00-SegmentedRaftLogWorker: safeCacheEvictIndex: setUnconditionally 0 -> -1
2022-07-12 23:25:27,541 [pool-1181-thread-1] INFO  server.RaftServerConfigKeys (ConfUtils.java:logGet(46)) - raft.server.snapshot.auto.trigger.enabled = true (custom)
2022-07-12 23:25:27,541 [pool-1181-thread-1] INFO  server.RaftServerConfigKeys (ConfUtils.java:logGet(46)) - raft.server.snapshot.auto.trigger.threshold = 10000 (custom)
2022-07-12 23:25:27,541 [pool-1181-thread-1] INFO  server.RaftServerConfigKeys (ConfUtils.java:logGet(46)) - raft.server.snapshot.retention.file.num = 5 (custom)
2022-07-12 23:25:27,541 [pool-1181-thread-1] INFO  server.RaftServerConfigKeys (ConfUtils.java:logGet(46)) - raft.server.log.purge.upto.snapshot.index = false (default)
2022-07-12 23:25:27,541 [pool-1181-thread-1] INFO  server.RaftServerConfigKeys (ConfUtils.java:logGet(46)) - raft.server.retrycache.expirytime = 600000ms (custom)
2022-07-12 23:25:27,541 [pool-1181-thread-1] INFO  server.RaftServerConfigKeys (ConfUtils.java:logGet(46)) - raft.server.retrycache.statistics.expirytime = 100μs (default)
2022-07-12 23:25:27,543 [pool-1181-thread-1] INFO  server.RaftServerConfigKeys (ConfUtils.java:logGet(46)) - raft.server.log.appender.install.snapshot.enabled = false (custom)
2022-07-12 23:25:27,543 [pool-1181-thread-1] INFO  server.RaftServerConfigKeys (ConfUtils.java:logGet(46)) - raft.server.threadpool.server.cached = true (default)
2022-07-12 23:25:27,543 [pool-1181-thread-1] INFO  server.RaftServerConfigKeys (ConfUtils.java:logGet(46)) - raft.server.threadpool.server.size = 0 (default)
2022-07-12 23:25:27,543 [pool-1181-thread-1] INFO  server.RaftServerConfigKeys (ConfUtils.java:logGet(46)) - raft.server.threadpool.client.cached = true (default)
2022-07-12 23:25:27,543 [pool-1181-thread-1] INFO  server.RaftServerConfigKeys (ConfUtils.java:logGet(46)) - raft.server.threadpool.client.size = 0 (default)
2022-07-12 23:25:27,543 [pool-1181-thread-1] INFO  server.RaftServer$Division (RaftServerImpl.java:start(310)) - 11563331-6701-4d30-8001-992896c542e0@group-E60A59360E00: start as a follower, conf=-1: [a135f15d-6580-477c-8a71-f9528412742f|rpc:10.1.0.13:34569|dataStream:|priority:0, 11563331-6701-4d30-8001-992896c542e0|rpc:10.1.0.13:45985|dataStream:|priority:0, d62677b6-aca1-45f9-8cbf-ef07d3f04380|rpc:10.1.0.13:43415|dataStream:|priority:1], old=null
2022-07-12 23:25:27,543 [pool-1181-thread-1] INFO  server.RaftServer$Division (RaftServerImpl.java:setRole(299)) - 11563331-6701-4d30-8001-992896c542e0@group-E60A59360E00: changes role from      null to FOLLOWER at term 0 for startAsFollower
2022-07-12 23:25:27,543 [pool-1181-thread-1] INFO  impl.RoleInfo (RoleInfo.java:updateAndGet(139)) - 11563331-6701-4d30-8001-992896c542e0: start 11563331-6701-4d30-8001-992896c542e0@group-E60A59360E00-FollowerState
2022-07-12 23:25:27,569 [pool-1181-thread-1] INFO  util.JmxRegister (JmxRegister.java:tryRegister(44)) - Successfully registered JMX Bean with object name Ratis:service=RaftServer,group=group-E60A59360E00,id=11563331-6701-4d30-8001-992896c542e0
2022-07-12 23:25:27,664 [grpc-default-executor-0] INFO  server.RaftServer (RaftServerProxy.java:addNew(96)) - a135f15d-6580-477c-8a71-f9528412742f: addNew group-E60A59360E00:[a135f15d-6580-477c-8a71-f9528412742f|rpc:10.1.0.13:34569|dataStream:|priority:0, 11563331-6701-4d30-8001-992896c542e0|rpc:10.1.0.13:45985|dataStream:|priority:0, d62677b6-aca1-45f9-8cbf-ef07d3f04380|rpc:10.1.0.13:43415|dataStream:|priority:1] returns group-E60A59360E00:java.util.concurrent.CompletableFuture@3c3199ab[Not completed]
2022-07-12 23:25:27,665 [pool-1158-thread-1] INFO  server.RaftServer$Division (RaftServerImpl.java:<init>(190)) - a135f15d-6580-477c-8a71-f9528412742f: new RaftServerImpl for group-E60A59360E00:[a135f15d-6580-477c-8a71-f9528412742f|rpc:10.1.0.13:34569|dataStream:|priority:0, 11563331-6701-4d30-8001-992896c542e0|rpc:10.1.0.13:45985|dataStream:|priority:0, d62677b6-aca1-45f9-8cbf-ef07d3f04380|rpc:10.1.0.13:43415|dataStream:|priority:1] with ContainerStateMachine:uninitialized
2022-07-12 23:25:27,665 [pool-1158-thread-1] INFO  server.RaftServerConfigKeys (ConfUtils.java:logGet(46)) - raft.server.rpc.timeout.min = 5s (custom)
2022-07-12 23:25:27,665 [pool-1158-thread-1] INFO  server.RaftServerConfigKeys (ConfUtils.java:logGet(46)) - raft.server.rpc.timeout.max = 5200ms (custom)
2022-07-12 23:25:27,665 [pool-1158-thread-1] INFO  server.RaftServerConfigKeys (ConfUtils.java:logGet(46)) - raft.server.rpc.sleep.time = 25ms (default)
2022-07-12 23:25:27,665 [pool-1158-thread-1] INFO  server.RaftServerConfigKeys (ConfUtils.java:logGet(46)) - raft.server.rpc.slowness.timeout = 300s (custom)
2022-07-12 23:25:27,665 [pool-1158-thread-1] INFO  server.RaftServerConfigKeys (ConfUtils.java:logGet(46)) - raft.server.leaderelection.leader.step-down.wait-time = 10s (default)
2022-07-12 23:25:27,665 [pool-1158-thread-1] INFO  server.RaftServerConfigKeys (ConfUtils.java:logGet(46)) - raft.server.sleep.deviation.threshold = 300ms (default)
2022-07-12 23:25:27,665 [pool-1158-thread-1] INFO  server.RaftServer$Division (ServerState.java:<init>(107)) - a135f15d-6580-477c-8a71-f9528412742f@group-E60A59360E00: ConfigurationManager, init=-1: [a135f15d-6580-477c-8a71-f9528412742f|rpc:10.1.0.13:34569|dataStream:|priority:0, 11563331-6701-4d30-8001-992896c542e0|rpc:10.1.0.13:45985|dataStream:|priority:0, d62677b6-aca1-45f9-8cbf-ef07d3f04380|rpc:10.1.0.13:43415|dataStream:|priority:1], old=null, confs=<EMPTY_MAP>
2022-07-12 23:25:27,665 [pool-1158-thread-1] INFO  server.RaftServerConfigKeys (ConfUtils.java:logGet(46)) - raft.server.storage.dir = [/home/runner/work/ozone/ozone/hadoop-ozone/integration-test/target/test-dir/MiniOzoneClusterImpl-9bee4ffb-16ee-4d3a-b6f9-e52fae08084a/datanode-1/data/ratis] (custom)
2022-07-12 23:25:27,665 [pool-1158-thread-1] INFO  server.RaftServerConfigKeys (ConfUtils.java:logGet(46)) - raft.server.log.corruption.policy = EXCEPTION (default)
2022-07-12 23:25:27,665 [pool-1158-thread-1] INFO  server.RaftServerConfigKeys (ConfUtils.java:logGet(46)) - raft.server.storage.free-space.min = 0MB (=0) (default)
2022-07-12 23:25:27,666 [pool-1158-thread-1] INFO  storage.RaftStorageDirectory (RaftStorageDirectoryImpl.java:analyzeStorage(135)) - The storage directory /home/runner/work/ozone/ozone/hadoop-ozone/integration-test/target/test-dir/MiniOzoneClusterImpl-9bee4ffb-16ee-4d3a-b6f9-e52fae08084a/datanode-1/data/ratis/ac09b22b-635e-4643-9d96-e60a59360e00 does not exist. Creating ...
2022-07-12 23:25:27,667 [pool-1158-thread-1] INFO  storage.RaftStorageDirectory (RaftStorageDirectoryImpl.java:tryLock(230)) - Lock on /home/runner/work/ozone/ozone/hadoop-ozone/integration-test/target/test-dir/MiniOzoneClusterImpl-9bee4ffb-16ee-4d3a-b6f9-e52fae08084a/datanode-1/data/ratis/ac09b22b-635e-4643-9d96-e60a59360e00/in_use.lock acquired by nodename 30948@fv-az46-473
2022-07-12 23:25:27,668 [pool-1158-thread-1] INFO  storage.RaftStorage (RaftStorageImpl.java:format(89)) - Storage directory /home/runner/work/ozone/ozone/hadoop-ozone/integration-test/target/test-dir/MiniOzoneClusterImpl-9bee4ffb-16ee-4d3a-b6f9-e52fae08084a/datanode-1/data/ratis/ac09b22b-635e-4643-9d96-e60a59360e00 has been successfully formatted.
2022-07-12 23:25:27,712 [pool-1158-thread-1] INFO  ratis.ContainerStateMachine (ContainerStateMachine.java:loadSnapshot(236)) - group-E60A59360E00: The snapshot info is null. Setting the last applied indexto:(t:0, i:~)
2022-07-12 23:25:27,713 [pool-1158-thread-1] INFO  server.RaftServerConfigKeys (ConfUtils.java:logGet(46)) - raft.server.notification.no-leader.timeout = 300s (custom)
2022-07-12 23:25:27,713 [pool-1158-thread-1] INFO  server.RaftServerConfigKeys (ConfUtils.java:logGet(46)) - raft.server.log.use.memory = false (default)
2022-07-12 23:25:27,713 [pool-1158-thread-1] INFO  server.RaftServerConfigKeys (ConfUtils.java:logGet(46)) - raft.server.log.purge.gap = 1000000 (custom)
2022-07-12 23:25:27,713 [pool-1158-thread-1] INFO  server.RaftServerConfigKeys (ConfUtils.java:logGet(46)) - raft.server.log.appender.buffer.byte-limit = 33554432 (custom)
2022-07-12 23:25:27,714 [pool-1158-thread-1] INFO  server.RaftServerConfigKeys (ConfUtils.java:logGet(46)) - raft.server.log.statemachine.data.read.timeout = 1000ms (default)
2022-07-12 23:25:27,714 [pool-1158-thread-1] INFO  server.RaftServerConfigKeys (ConfUtils.java:logGet(46)) - raft.server.log.segment.size.max = 1048576 (custom)
2022-07-12 23:25:27,714 [pool-1158-thread-1] INFO  server.RaftServerConfigKeys (ConfUtils.java:logGet(46)) - raft.server.log.segment.cache.num.max = 2 (custom)
2022-07-12 23:25:27,714 [pool-1158-thread-1] INFO  server.RaftServerConfigKeys (ConfUtils.java:logGet(46)) - raft.server.log.segment.cache.size.max = 200MB (=209715200) (default)
2022-07-12 23:25:27,714 [pool-1158-thread-1] INFO  segmented.SegmentedRaftLogWorker (SegmentedRaftLogWorker.java:<init>(187)) - new a135f15d-6580-477c-8a71-f9528412742f@group-E60A59360E00-SegmentedRaftLogWorker for RaftStorageImpl:Storage Directory /home/runner/work/ozone/ozone/hadoop-ozone/integration-test/target/test-dir/MiniOzoneClusterImpl-9bee4ffb-16ee-4d3a-b6f9-e52fae08084a/datanode-1/data/ratis/ac09b22b-635e-4643-9d96-e60a59360e00
2022-07-12 23:25:27,714 [pool-1158-thread-1] INFO  server.RaftServerConfigKeys (ConfUtils.java:logGet(46)) - raft.server.log.queue.byte-limit = 4294967296 (custom)
2022-07-12 23:25:27,714 [pool-1158-thread-1] INFO  server.RaftServerConfigKeys (ConfUtils.java:logGet(46)) - raft.server.log.queue.element-limit = 1024 (custom)
2022-07-12 23:25:27,714 [pool-1158-thread-1] INFO  server.RaftServerConfigKeys (ConfUtils.java:logGet(46)) - raft.server.log.segment.size.max = 1048576 (custom)
2022-07-12 23:25:27,714 [pool-1158-thread-1] INFO  server.RaftServerConfigKeys (ConfUtils.java:logGet(46)) - raft.server.log.preallocated.size = 16384 (custom)
2022-07-12 23:25:27,714 [pool-1158-thread-1] INFO  server.RaftServerConfigKeys (ConfUtils.java:logGet(46)) - raft.server.log.force.sync.num = 128 (default)
2022-07-12 23:25:27,715 [pool-1158-thread-1] INFO  server.RaftServerConfigKeys (ConfUtils.java:logGet(46)) - raft.server.log.statemachine.data.sync = true (default)
2022-07-12 23:25:27,715 [pool-1158-thread-1] INFO  server.RaftServerConfigKeys (ConfUtils.java:logGet(46)) - raft.server.log.statemachine.data.sync.timeout = 10s (default)
2022-07-12 23:25:27,715 [pool-1158-thread-1] INFO  server.RaftServerConfigKeys (ConfUtils.java:logGet(46)) - raft.server.log.statemachine.data.sync.timeout.retry = -1 (default)
2022-07-12 23:25:27,716 [pool-1158-thread-1] INFO  server.RaftServerConfigKeys (ConfUtils.java:logGet(46)) - raft.server.log.write.buffer.size = 1048576 (custom)
2022-07-12 23:25:27,716 [pool-1158-thread-1] INFO  server.RaftServerConfigKeys (ConfUtils.java:logGet(46)) - raft.server.log.unsafe-flush.enabled = false (default)
2022-07-12 23:25:27,716 [pool-1158-thread-1] INFO  server.RaftServerConfigKeys (ConfUtils.java:logGet(46)) - raft.server.log.statemachine.data.caching.enabled = true (custom)
2022-07-12 23:25:27,716 [pool-1158-thread-1] INFO  segmented.SegmentedRaftLogWorker (SegmentedRaftLogWorker.java:lambda$new$0(135)) - a135f15d-6580-477c-8a71-f9528412742f@group-E60A59360E00-SegmentedRaftLogWorker: flushIndex: setUnconditionally 0 -> -1
2022-07-12 23:25:27,716 [pool-1158-thread-1] INFO  segmented.SegmentedRaftLogWorker (SegmentedRaftLogWorker.java:lambda$new$0(135)) - a135f15d-6580-477c-8a71-f9528412742f@group-E60A59360E00-SegmentedRaftLogWorker: safeCacheEvictIndex: setUnconditionally 0 -> -1
2022-07-12 23:25:27,725 [pool-1158-thread-1] INFO  server.RaftServerConfigKeys (ConfUtils.java:logGet(46)) - raft.server.snapshot.auto.trigger.enabled = true (custom)
2022-07-12 23:25:27,725 [pool-1158-thread-1] INFO  server.RaftServerConfigKeys (ConfUtils.java:logGet(46)) - raft.server.snapshot.auto.trigger.threshold = 10000 (custom)
2022-07-12 23:25:27,725 [pool-1158-thread-1] INFO  server.RaftServerConfigKeys (ConfUtils.java:logGet(46)) - raft.server.snapshot.retention.file.num = 5 (custom)
2022-07-12 23:25:27,725 [pool-1158-thread-1] INFO  server.RaftServerConfigKeys (ConfUtils.java:logGet(46)) - raft.server.log.purge.upto.snapshot.index = false (default)
2022-07-12 23:25:27,725 [pool-1158-thread-1] INFO  server.RaftServerConfigKeys (ConfUtils.java:logGet(46)) - raft.server.retrycache.expirytime = 600000ms (custom)
2022-07-12 23:25:27,725 [pool-1158-thread-1] INFO  server.RaftServerConfigKeys (ConfUtils.java:logGet(46)) - raft.server.retrycache.statistics.expirytime = 100μs (default)
2022-07-12 23:25:27,726 [pool-1158-thread-1] INFO  server.RaftServerConfigKeys (ConfUtils.java:logGet(46)) - raft.server.log.appender.install.snapshot.enabled = false (custom)
2022-07-12 23:25:27,727 [pool-1158-thread-1] INFO  server.RaftServerConfigKeys (ConfUtils.java:logGet(46)) - raft.server.threadpool.server.cached = true (default)
2022-07-12 23:25:27,727 [pool-1158-thread-1] INFO  server.RaftServerConfigKeys (ConfUtils.java:logGet(46)) - raft.server.threadpool.server.size = 0 (default)
2022-07-12 23:25:27,727 [pool-1158-thread-1] INFO  server.RaftServerConfigKeys (ConfUtils.java:logGet(46)) - raft.server.threadpool.client.cached = true (default)
2022-07-12 23:25:27,727 [pool-1158-thread-1] INFO  server.RaftServerConfigKeys (ConfUtils.java:logGet(46)) - raft.server.threadpool.client.size = 0 (default)
2022-07-12 23:25:27,727 [pool-1158-thread-1] INFO  server.RaftServer$Division (RaftServerImpl.java:start(310)) - a135f15d-6580-477c-8a71-f9528412742f@group-E60A59360E00: start as a follower, conf=-1: [a135f15d-6580-477c-8a71-f9528412742f|rpc:10.1.0.13:34569|dataStream:|priority:0, 11563331-6701-4d30-8001-992896c542e0|rpc:10.1.0.13:45985|dataStream:|priority:0, d62677b6-aca1-45f9-8cbf-ef07d3f04380|rpc:10.1.0.13:43415|dataStream:|priority:1], old=null
2022-07-12 23:25:27,727 [pool-1158-thread-1] INFO  server.RaftServer$Division (RaftServerImpl.java:setRole(299)) - a135f15d-6580-477c-8a71-f9528412742f@group-E60A59360E00: changes role from      null to FOLLOWER at term 0 for startAsFollower
2022-07-12 23:25:27,727 [pool-1158-thread-1] INFO  impl.RoleInfo (RoleInfo.java:updateAndGet(139)) - a135f15d-6580-477c-8a71-f9528412742f: start a135f15d-6580-477c-8a71-f9528412742f@group-E60A59360E00-FollowerState
2022-07-12 23:25:27,727 [pool-1158-thread-1] INFO  util.JmxRegister (JmxRegister.java:tryRegister(44)) - Successfully registered JMX Bean with object name Ratis:service=RaftServer,group=group-E60A59360E00,id=a135f15d-6580-477c-8a71-f9528412742f
2022-07-12 23:25:27,758 [Command processor thread] INFO  commandhandler.CreatePipelineCommandHandler (CreatePipelineCommandHandler.java:handle(113)) - Created Pipeline RATIS THREE PipelineID=ac09b22b-635e-4643-9d96-e60a59360e00.
2022-07-12 23:25:27,758 [Command processor thread] INFO  server.RaftServer (RaftServerProxy.java:addNew(96)) - d62677b6-aca1-45f9-8cbf-ef07d3f04380: addNew group-1457D70A6616:[a135f15d-6580-477c-8a71-f9528412742f|rpc:10.1.0.13:34569|priority:0, 11563331-6701-4d30-8001-992896c542e0|rpc:10.1.0.13:45985|priority:1, d62677b6-aca1-45f9-8cbf-ef07d3f04380|rpc:10.1.0.13:43415|priority:0] returns group-1457D70A6616:java.util.concurrent.CompletableFuture@30698f6f[Not completed]
2022-07-12 23:25:27,759 [pool-1135-thread-1] INFO  server.RaftServer$Division (RaftServerImpl.java:<init>(190)) - d62677b6-aca1-45f9-8cbf-ef07d3f04380: new RaftServerImpl for group-1457D70A6616:[a135f15d-6580-477c-8a71-f9528412742f|rpc:10.1.0.13:34569|priority:0, 11563331-6701-4d30-8001-992896c542e0|rpc:10.1.0.13:45985|priority:1, d62677b6-aca1-45f9-8cbf-ef07d3f04380|rpc:10.1.0.13:43415|priority:0] with ContainerStateMachine:uninitialized
2022-07-12 23:25:27,759 [pool-1135-thread-1] INFO  server.RaftServerConfigKeys (ConfUtils.java:logGet(46)) - raft.server.rpc.timeout.min = 5s (custom)
2022-07-12 23:25:27,759 [pool-1135-thread-1] INFO  server.RaftServerConfigKeys (ConfUtils.java:logGet(46)) - raft.server.rpc.timeout.max = 5200ms (custom)
2022-07-12 23:25:27,759 [pool-1135-thread-1] INFO  server.RaftServerConfigKeys (ConfUtils.java:logGet(46)) - raft.server.rpc.sleep.time = 25ms (default)
2022-07-12 23:25:27,759 [pool-1135-thread-1] INFO  server.RaftServerConfigKeys (ConfUtils.java:logGet(46)) - raft.server.rpc.slowness.timeout = 300s (custom)
2022-07-12 23:25:27,759 [pool-1135-thread-1] INFO  server.RaftServerConfigKeys (ConfUtils.java:logGet(46)) - raft.server.leaderelection.leader.step-down.wait-time = 10s (default)
2022-07-12 23:25:27,759 [pool-1135-thread-1] INFO  server.RaftServerConfigKeys (ConfUtils.java:logGet(46)) - raft.server.sleep.deviation.threshold = 300ms (default)
2022-07-12 23:25:27,759 [pool-1135-thread-1] INFO  server.RaftServer$Division (ServerState.java:<init>(107)) - d62677b6-aca1-45f9-8cbf-ef07d3f04380@group-1457D70A6616: ConfigurationManager, init=-1: [a135f15d-6580-477c-8a71-f9528412742f|rpc:10.1.0.13:34569|priority:0, 11563331-6701-4d30-8001-992896c542e0|rpc:10.1.0.13:45985|priority:1, d62677b6-aca1-45f9-8cbf-ef07d3f04380|rpc:10.1.0.13:43415|priority:0], old=null, confs=<EMPTY_MAP>
2022-07-12 23:25:27,759 [pool-1135-thread-1] INFO  server.RaftServerConfigKeys (ConfUtils.java:logGet(46)) - raft.server.storage.dir = [/home/runner/work/ozone/ozone/hadoop-ozone/integration-test/target/test-dir/MiniOzoneClusterImpl-9bee4ffb-16ee-4d3a-b6f9-e52fae08084a/datanode-0/data/ratis] (custom)
2022-07-12 23:25:27,759 [pool-1135-thread-1] INFO  server.RaftServerConfigKeys (ConfUtils.java:logGet(46)) - raft.server.log.corruption.policy = EXCEPTION (default)
2022-07-12 23:25:27,759 [pool-1135-thread-1] INFO  server.RaftServerConfigKeys (ConfUtils.java:logGet(46)) - raft.server.storage.free-space.min = 0MB (=0) (default)
2022-07-12 23:25:27,760 [pool-1135-thread-1] INFO  storage.RaftStorageDirectory (RaftStorageDirectoryImpl.java:analyzeStorage(135)) - The storage directory /home/runner/work/ozone/ozone/hadoop-ozone/integration-test/target/test-dir/MiniOzoneClusterImpl-9bee4ffb-16ee-4d3a-b6f9-e52fae08084a/datanode-0/data/ratis/ea277f44-538e-4cf3-b742-1457d70a6616 does not exist. Creating ...
2022-07-12 23:25:27,771 [pool-1135-thread-1] INFO  storage.RaftStorageDirectory (RaftStorageDirectoryImpl.java:tryLock(230)) - Lock on /home/runner/work/ozone/ozone/hadoop-ozone/integration-test/target/test-dir/MiniOzoneClusterImpl-9bee4ffb-16ee-4d3a-b6f9-e52fae08084a/datanode-0/data/ratis/ea277f44-538e-4cf3-b742-1457d70a6616/in_use.lock acquired by nodename 30948@fv-az46-473
2022-07-12 23:25:27,782 [pool-1135-thread-1] INFO  storage.RaftStorage (RaftStorageImpl.java:format(89)) - Storage directory /home/runner/work/ozone/ozone/hadoop-ozone/integration-test/target/test-dir/MiniOzoneClusterImpl-9bee4ffb-16ee-4d3a-b6f9-e52fae08084a/datanode-0/data/ratis/ea277f44-538e-4cf3-b742-1457d70a6616 has been successfully formatted.
2022-07-12 23:25:27,783 [pool-1135-thread-1] INFO  ratis.ContainerStateMachine (ContainerStateMachine.java:loadSnapshot(236)) - group-1457D70A6616: The snapshot info is null. Setting the last applied indexto:(t:0, i:~)
2022-07-12 23:25:27,783 [pool-1135-thread-1] INFO  server.RaftServerConfigKeys (ConfUtils.java:logGet(46)) - raft.server.notification.no-leader.timeout = 300s (custom)
2022-07-12 23:25:27,783 [pool-1135-thread-1] INFO  server.RaftServerConfigKeys (ConfUtils.java:logGet(46)) - raft.server.log.use.memory = false (default)
2022-07-12 23:25:27,783 [pool-1135-thread-1] INFO  server.RaftServerConfigKeys (ConfUtils.java:logGet(46)) - raft.server.log.purge.gap = 1000000 (custom)
2022-07-12 23:25:27,783 [pool-1135-thread-1] INFO  server.RaftServerConfigKeys (ConfUtils.java:logGet(46)) - raft.server.log.appender.buffer.byte-limit = 33554432 (custom)
2022-07-12 23:25:27,783 [pool-1135-thread-1] INFO  server.RaftServerConfigKeys (ConfUtils.java:logGet(46)) - raft.server.log.statemachine.data.read.timeout = 1000ms (default)
2022-07-12 23:25:27,783 [EventQueue-OpenPipelineForHealthyPipelineSafeModeRule] INFO  safemode.SCMSafeModeManager (HealthyPipelineSafeModeRule.java:process(137)) - SCM in safe mode. Healthy pipelines reported count is 0, required healthy pipeline reported count is 1
2022-07-12 23:25:27,783 [pool-1135-thread-1] INFO  server.RaftServerConfigKeys (ConfUtils.java:logGet(46)) - raft.server.log.segment.size.max = 1048576 (custom)
2022-07-12 23:25:27,784 [pool-1135-thread-1] INFO  server.RaftServerConfigKeys (ConfUtils.java:logGet(46)) - raft.server.log.segment.cache.num.max = 2 (custom)
2022-07-12 23:25:27,784 [pool-1135-thread-1] INFO  server.RaftServerConfigKeys (ConfUtils.java:logGet(46)) - raft.server.log.segment.cache.size.max = 200MB (=209715200) (default)
2022-07-12 23:25:27,784 [pool-1135-thread-1] INFO  segmented.SegmentedRaftLogWorker (SegmentedRaftLogWorker.java:<init>(187)) - new d62677b6-aca1-45f9-8cbf-ef07d3f04380@group-1457D70A6616-SegmentedRaftLogWorker for RaftStorageImpl:Storage Directory /home/runner/work/ozone/ozone/hadoop-ozone/integration-test/target/test-dir/MiniOzoneClusterImpl-9bee4ffb-16ee-4d3a-b6f9-e52fae08084a/datanode-0/data/ratis/ea277f44-538e-4cf3-b742-1457d70a6616
2022-07-12 23:25:27,784 [pool-1135-thread-1] INFO  server.RaftServerConfigKeys (ConfUtils.java:logGet(46)) - raft.server.log.queue.byte-limit = 4294967296 (custom)
2022-07-12 23:25:27,784 [pool-1135-thread-1] INFO  server.RaftServerConfigKeys (ConfUtils.java:logGet(46)) - raft.server.log.queue.element-limit = 1024 (custom)
2022-07-12 23:25:27,784 [pool-1135-thread-1] INFO  server.RaftServerConfigKeys (ConfUtils.java:logGet(46)) - raft.server.log.segment.size.max = 1048576 (custom)
2022-07-12 23:25:27,784 [pool-1135-thread-1] INFO  server.RaftServerConfigKeys (ConfUtils.java:logGet(46)) - raft.server.log.preallocated.size = 16384 (custom)
2022-07-12 23:25:27,784 [pool-1135-thread-1] INFO  server.RaftServerConfigKeys (ConfUtils.java:logGet(46)) - raft.server.log.force.sync.num = 128 (default)
2022-07-12 23:25:27,784 [pool-1135-thread-1] INFO  server.RaftServerConfigKeys (ConfUtils.java:logGet(46)) - raft.server.log.statemachine.data.sync = true (default)
2022-07-12 23:25:27,784 [pool-1135-thread-1] INFO  server.RaftServerConfigKeys (ConfUtils.java:logGet(46)) - raft.server.log.statemachine.data.sync.timeout = 10s (default)
2022-07-12 23:25:27,784 [pool-1135-thread-1] INFO  server.RaftServerConfigKeys (ConfUtils.java:logGet(46)) - raft.server.log.statemachine.data.sync.timeout.retry = -1 (default)
2022-07-12 23:25:27,785 [pool-1135-thread-1] INFO  server.RaftServerConfigKeys (ConfUtils.java:logGet(46)) - raft.server.log.write.buffer.size = 1048576 (custom)
2022-07-12 23:25:27,786 [pool-1135-thread-1] INFO  server.RaftServerConfigKeys (ConfUtils.java:logGet(46)) - raft.server.log.unsafe-flush.enabled = false (default)
2022-07-12 23:25:27,786 [pool-1135-thread-1] INFO  server.RaftServerConfigKeys (ConfUtils.java:logGet(46)) - raft.server.log.statemachine.data.caching.enabled = true (custom)
2022-07-12 23:25:27,786 [pool-1135-thread-1] INFO  segmented.SegmentedRaftLogWorker (SegmentedRaftLogWorker.java:lambda$new$0(135)) - d62677b6-aca1-45f9-8cbf-ef07d3f04380@group-1457D70A6616-SegmentedRaftLogWorker: flushIndex: setUnconditionally 0 -> -1
2022-07-12 23:25:27,786 [pool-1135-thread-1] INFO  segmented.SegmentedRaftLogWorker (SegmentedRaftLogWorker.java:lambda$new$0(135)) - d62677b6-aca1-45f9-8cbf-ef07d3f04380@group-1457D70A6616-SegmentedRaftLogWorker: safeCacheEvictIndex: setUnconditionally 0 -> -1
2022-07-12 23:25:27,803 [pool-1135-thread-1] INFO  server.RaftServerConfigKeys (ConfUtils.java:logGet(46)) - raft.server.snapshot.auto.trigger.enabled = true (custom)
2022-07-12 23:25:27,803 [pool-1135-thread-1] INFO  server.RaftServerConfigKeys (ConfUtils.java:logGet(46)) - raft.server.snapshot.auto.trigger.threshold = 10000 (custom)
2022-07-12 23:25:27,803 [pool-1135-thread-1] INFO  server.RaftServerConfigKeys (ConfUtils.java:logGet(46)) - raft.server.snapshot.retention.file.num = 5 (custom)
2022-07-12 23:25:27,803 [pool-1135-thread-1] INFO  server.RaftServerConfigKeys (ConfUtils.java:logGet(46)) - raft.server.log.purge.upto.snapshot.index = false (default)
2022-07-12 23:25:27,805 [pool-1135-thread-1] INFO  server.RaftServerConfigKeys (ConfUtils.java:logGet(46)) - raft.server.retrycache.expirytime = 600000ms (custom)
2022-07-12 23:25:27,805 [pool-1135-thread-1] INFO  server.RaftServerConfigKeys (ConfUtils.java:logGet(46)) - raft.server.retrycache.statistics.expirytime = 100μs (default)
2022-07-12 23:25:27,819 [pool-1135-thread-1] INFO  server.RaftServerConfigKeys (ConfUtils.java:logGet(46)) - raft.server.log.appender.install.snapshot.enabled = false (custom)
2022-07-12 23:25:27,819 [pool-1135-thread-1] INFO  server.RaftServerConfigKeys (ConfUtils.java:logGet(46)) - raft.server.threadpool.server.cached = true (default)
2022-07-12 23:25:27,819 [pool-1135-thread-1] INFO  server.RaftServerConfigKeys (ConfUtils.java:logGet(46)) - raft.server.threadpool.server.size = 0 (default)
2022-07-12 23:25:27,819 [pool-1135-thread-1] INFO  server.RaftServerConfigKeys (ConfUtils.java:logGet(46)) - raft.server.threadpool.client.cached = true (default)
2022-07-12 23:25:27,819 [pool-1135-thread-1] INFO  server.RaftServerConfigKeys (ConfUtils.java:logGet(46)) - raft.server.threadpool.client.size = 0 (default)
2022-07-12 23:25:27,819 [pool-1135-thread-1] INFO  server.RaftServer$Division (RaftServerImpl.java:start(310)) - d62677b6-aca1-45f9-8cbf-ef07d3f04380@group-1457D70A6616: start as a follower, conf=-1: [a135f15d-6580-477c-8a71-f9528412742f|rpc:10.1.0.13:34569|priority:0, 11563331-6701-4d30-8001-992896c542e0|rpc:10.1.0.13:45985|priority:1, d62677b6-aca1-45f9-8cbf-ef07d3f04380|rpc:10.1.0.13:43415|priority:0], old=null
2022-07-12 23:25:27,819 [pool-1135-thread-1] INFO  server.RaftServer$Division (RaftServerImpl.java:setRole(299)) - d62677b6-aca1-45f9-8cbf-ef07d3f04380@group-1457D70A6616: changes role from      null to FOLLOWER at term 0 for startAsFollower
2022-07-12 23:25:27,819 [pool-1135-thread-1] INFO  impl.RoleInfo (RoleInfo.java:updateAndGet(139)) - d62677b6-aca1-45f9-8cbf-ef07d3f04380: start d62677b6-aca1-45f9-8cbf-ef07d3f04380@group-1457D70A6616-FollowerState
2022-07-12 23:25:27,833 [pool-1135-thread-1] INFO  util.JmxRegister (JmxRegister.java:tryRegister(44)) - Successfully registered JMX Bean with object name Ratis:service=RaftServer,group=group-1457D70A6616,id=d62677b6-aca1-45f9-8cbf-ef07d3f04380
2022-07-12 23:25:27,840 [Command processor thread] INFO  ratis.XceiverServerRatis (XceiverServerRatis.java:addGroup(765)) - Created group PipelineID=ea277f44-538e-4cf3-b742-1457d70a6616
2022-07-12 23:25:27,865 [Command processor thread] INFO  server.RaftServer (RaftServerProxy.java:addNew(96)) - 11563331-6701-4d30-8001-992896c542e0: addNew group-B2BE8EE88AB6:[11563331-6701-4d30-8001-992896c542e0|rpc:10.1.0.13:45985|priority:1] returns group-B2BE8EE88AB6:java.util.concurrent.CompletableFuture@5cb4aec4[Not completed]
2022-07-12 23:25:27,868 [pool-1181-thread-1] INFO  server.RaftServer$Division (RaftServerImpl.java:<init>(190)) - 11563331-6701-4d30-8001-992896c542e0: new RaftServerImpl for group-B2BE8EE88AB6:[11563331-6701-4d30-8001-992896c542e0|rpc:10.1.0.13:45985|priority:1] with ContainerStateMachine:uninitialized
2022-07-12 23:25:27,868 [pool-1181-thread-1] INFO  server.RaftServerConfigKeys (ConfUtils.java:logGet(46)) - raft.server.rpc.timeout.min = 5s (custom)
2022-07-12 23:25:27,868 [pool-1181-thread-1] INFO  server.RaftServerConfigKeys (ConfUtils.java:logGet(46)) - raft.server.rpc.timeout.max = 5200ms (custom)
2022-07-12 23:25:27,868 [pool-1181-thread-1] INFO  server.RaftServerConfigKeys (ConfUtils.java:logGet(46)) - raft.server.rpc.sleep.time = 25ms (default)
2022-07-12 23:25:27,868 [pool-1181-thread-1] INFO  server.RaftServerConfigKeys (ConfUtils.java:logGet(46)) - raft.server.rpc.slowness.timeout = 300s (custom)
2022-07-12 23:25:27,868 [pool-1181-thread-1] INFO  server.RaftServerConfigKeys (ConfUtils.java:logGet(46)) - raft.server.leaderelection.leader.step-down.wait-time = 10s (default)
2022-07-12 23:25:27,868 [pool-1181-thread-1] INFO  server.RaftServerConfigKeys (ConfUtils.java:logGet(46)) - raft.server.sleep.deviation.threshold = 300ms (default)
2022-07-12 23:25:27,868 [pool-1181-thread-1] INFO  server.RaftServer$Division (ServerState.java:<init>(107)) - 11563331-6701-4d30-8001-992896c542e0@group-B2BE8EE88AB6: ConfigurationManager, init=-1: [11563331-6701-4d30-8001-992896c542e0|rpc:10.1.0.13:45985|priority:1], old=null, confs=<EMPTY_MAP>
2022-07-12 23:25:27,868 [pool-1181-thread-1] INFO  server.RaftServerConfigKeys (ConfUtils.java:logGet(46)) - raft.server.storage.dir = [/home/runner/work/ozone/ozone/hadoop-ozone/integration-test/target/test-dir/MiniOzoneClusterImpl-9bee4ffb-16ee-4d3a-b6f9-e52fae08084a/datanode-2/data/ratis] (custom)
2022-07-12 23:25:27,868 [pool-1181-thread-1] INFO  server.RaftServerConfigKeys (ConfUtils.java:logGet(46)) - raft.server.log.corruption.policy = EXCEPTION (default)
2022-07-12 23:25:27,868 [pool-1181-thread-1] INFO  server.RaftServerConfigKeys (ConfUtils.java:logGet(46)) - raft.server.storage.free-space.min = 0MB (=0) (default)
2022-07-12 23:25:27,868 [pool-1181-thread-1] INFO  storage.RaftStorageDirectory (RaftStorageDirectoryImpl.java:analyzeStorage(135)) - The storage directory /home/runner/work/ozone/ozone/hadoop-ozone/integration-test/target/test-dir/MiniOzoneClusterImpl-9bee4ffb-16ee-4d3a-b6f9-e52fae08084a/datanode-2/data/ratis/80d6b2e7-963a-429c-be81-b2be8ee88ab6 does not exist. Creating ...
2022-07-12 23:25:27,874 [pool-1181-thread-1] INFO  storage.RaftStorageDirectory (RaftStorageDirectoryImpl.java:tryLock(230)) - Lock on /home/runner/work/ozone/ozone/hadoop-ozone/integration-test/target/test-dir/MiniOzoneClusterImpl-9bee4ffb-16ee-4d3a-b6f9-e52fae08084a/datanode-2/data/ratis/80d6b2e7-963a-429c-be81-b2be8ee88ab6/in_use.lock acquired by nodename 30948@fv-az46-473
2022-07-12 23:25:27,878 [pool-1181-thread-1] INFO  storage.RaftStorage (RaftStorageImpl.java:format(89)) - Storage directory /home/runner/work/ozone/ozone/hadoop-ozone/integration-test/target/test-dir/MiniOzoneClusterImpl-9bee4ffb-16ee-4d3a-b6f9-e52fae08084a/datanode-2/data/ratis/80d6b2e7-963a-429c-be81-b2be8ee88ab6 has been successfully formatted.
2022-07-12 23:25:27,878 [pool-1181-thread-1] INFO  ratis.ContainerStateMachine (ContainerStateMachine.java:loadSnapshot(236)) - group-B2BE8EE88AB6: The snapshot info is null. Setting the last applied indexto:(t:0, i:~)
2022-07-12 23:25:27,878 [pool-1181-thread-1] INFO  server.RaftServerConfigKeys (ConfUtils.java:logGet(46)) - raft.server.notification.no-leader.timeout = 300s (custom)
2022-07-12 23:25:27,878 [pool-1181-thread-1] INFO  server.RaftServerConfigKeys (ConfUtils.java:logGet(46)) - raft.server.log.use.memory = false (default)
2022-07-12 23:25:27,878 [pool-1181-thread-1] INFO  server.RaftServerConfigKeys (ConfUtils.java:logGet(46)) - raft.server.log.purge.gap = 1000000 (custom)
2022-07-12 23:25:27,878 [pool-1181-thread-1] INFO  server.RaftServerConfigKeys (ConfUtils.java:logGet(46)) - raft.server.log.appender.buffer.byte-limit = 33554432 (custom)
2022-07-12 23:25:27,878 [pool-1181-thread-1] INFO  server.RaftServerConfigKeys (ConfUtils.java:logGet(46)) - raft.server.log.statemachine.data.read.timeout = 1000ms (default)
2022-07-12 23:25:27,879 [pool-1181-thread-1] INFO  server.RaftServerConfigKeys (ConfUtils.java:logGet(46)) - raft.server.log.segment.size.max = 1048576 (custom)
2022-07-12 23:25:27,879 [pool-1181-thread-1] INFO  server.RaftServerConfigKeys (ConfUtils.java:logGet(46)) - raft.server.log.segment.cache.num.max = 2 (custom)
2022-07-12 23:25:27,879 [pool-1181-thread-1] INFO  server.RaftServerConfigKeys (ConfUtils.java:logGet(46)) - raft.server.log.segment.cache.size.max = 200MB (=209715200) (default)
2022-07-12 23:25:27,879 [pool-1181-thread-1] INFO  segmented.SegmentedRaftLogWorker (SegmentedRaftLogWorker.java:<init>(187)) - new 11563331-6701-4d30-8001-992896c542e0@group-B2BE8EE88AB6-SegmentedRaftLogWorker for RaftStorageImpl:Storage Directory /home/runner/work/ozone/ozone/hadoop-ozone/integration-test/target/test-dir/MiniOzoneClusterImpl-9bee4ffb-16ee-4d3a-b6f9-e52fae08084a/datanode-2/data/ratis/80d6b2e7-963a-429c-be81-b2be8ee88ab6
2022-07-12 23:25:27,879 [pool-1181-thread-1] INFO  server.RaftServerConfigKeys (ConfUtils.java:logGet(46)) - raft.server.log.queue.byte-limit = 4294967296 (custom)
2022-07-12 23:25:27,879 [pool-1181-thread-1] INFO  server.RaftServerConfigKeys (ConfUtils.java:logGet(46)) - raft.server.log.queue.element-limit = 1024 (custom)
2022-07-12 23:25:27,879 [pool-1181-thread-1] INFO  server.RaftServerConfigKeys (ConfUtils.java:logGet(46)) - raft.server.log.segment.size.max = 1048576 (custom)
2022-07-12 23:25:27,879 [pool-1181-thread-1] INFO  server.RaftServerConfigKeys (ConfUtils.java:logGet(46)) - raft.server.log.preallocated.size = 16384 (custom)
2022-07-12 23:25:27,879 [pool-1181-thread-1] INFO  server.RaftServerConfigKeys (ConfUtils.java:logGet(46)) - raft.server.log.force.sync.num = 128 (default)
2022-07-12 23:25:27,879 [pool-1181-thread-1] INFO  server.RaftServerConfigKeys (ConfUtils.java:logGet(46)) - raft.server.log.statemachine.data.sync = true (default)
2022-07-12 23:25:27,879 [pool-1181-thread-1] INFO  server.RaftServerConfigKeys (ConfUtils.java:logGet(46)) - raft.server.log.statemachine.data.sync.timeout = 10s (default)
2022-07-12 23:25:27,879 [pool-1181-thread-1] INFO  server.RaftServerConfigKeys (ConfUtils.java:logGet(46)) - raft.server.log.statemachine.data.sync.timeout.retry = -1 (default)
2022-07-12 23:25:27,880 [pool-1181-thread-1] INFO  server.RaftServerConfigKeys (ConfUtils.java:logGet(46)) - raft.server.log.write.buffer.size = 1048576 (custom)
2022-07-12 23:25:27,893 [pool-1181-thread-1] INFO  server.RaftServerConfigKeys (ConfUtils.java:logGet(46)) - raft.server.log.unsafe-flush.enabled = false (default)
2022-07-12 23:25:27,893 [pool-1181-thread-1] INFO  server.RaftServerConfigKeys (ConfUtils.java:logGet(46)) - raft.server.log.statemachine.data.caching.enabled = true (custom)
2022-07-12 23:25:27,893 [pool-1181-thread-1] INFO  segmented.SegmentedRaftLogWorker (SegmentedRaftLogWorker.java:lambda$new$0(135)) - 11563331-6701-4d30-8001-992896c542e0@group-B2BE8EE88AB6-SegmentedRaftLogWorker: flushIndex: setUnconditionally 0 -> -1
2022-07-12 23:25:27,893 [pool-1181-thread-1] INFO  segmented.SegmentedRaftLogWorker (SegmentedRaftLogWorker.java:lambda$new$0(135)) - 11563331-6701-4d30-8001-992896c542e0@group-B2BE8EE88AB6-SegmentedRaftLogWorker: safeCacheEvictIndex: setUnconditionally 0 -> -1
2022-07-12 23:25:27,894 [pool-1181-thread-1] INFO  server.RaftServerConfigKeys (ConfUtils.java:logGet(46)) - raft.server.snapshot.auto.trigger.enabled = true (custom)
2022-07-12 23:25:27,894 [pool-1181-thread-1] INFO  server.RaftServerConfigKeys (ConfUtils.java:logGet(46)) - raft.server.snapshot.auto.trigger.threshold = 10000 (custom)
2022-07-12 23:25:27,894 [pool-1181-thread-1] INFO  server.RaftServerConfigKeys (ConfUtils.java:logGet(46)) - raft.server.snapshot.retention.file.num = 5 (custom)
2022-07-12 23:25:27,894 [pool-1181-thread-1] INFO  server.RaftServerConfigKeys (ConfUtils.java:logGet(46)) - raft.server.log.purge.upto.snapshot.index = false (default)
2022-07-12 23:25:27,894 [pool-1181-thread-1] INFO  server.RaftServerConfigKeys (ConfUtils.java:logGet(46)) - raft.server.retrycache.expirytime = 600000ms (custom)
2022-07-12 23:25:27,894 [pool-1181-thread-1] INFO  server.RaftServerConfigKeys (ConfUtils.java:logGet(46)) - raft.server.retrycache.statistics.expirytime = 100μs (default)
2022-07-12 23:25:27,896 [pool-1181-thread-1] INFO  server.RaftServerConfigKeys (ConfUtils.java:logGet(46)) - raft.server.log.appender.install.snapshot.enabled = false (custom)
2022-07-12 23:25:27,896 [pool-1181-thread-1] INFO  server.RaftServerConfigKeys (ConfUtils.java:logGet(46)) - raft.server.threadpool.server.cached = true (default)
2022-07-12 23:25:27,896 [pool-1181-thread-1] INFO  server.RaftServerConfigKeys (ConfUtils.java:logGet(46)) - raft.server.threadpool.server.size = 0 (default)
2022-07-12 23:25:27,896 [pool-1181-thread-1] INFO  server.RaftServerConfigKeys (ConfUtils.java:logGet(46)) - raft.server.threadpool.client.cached = true (default)
2022-07-12 23:25:27,896 [pool-1181-thread-1] INFO  server.RaftServerConfigKeys (ConfUtils.java:logGet(46)) - raft.server.threadpool.client.size = 0 (default)
2022-07-12 23:25:27,896 [pool-1181-thread-1] INFO  server.RaftServer$Division (RaftServerImpl.java:start(310)) - 11563331-6701-4d30-8001-992896c542e0@group-B2BE8EE88AB6: start as a follower, conf=-1: [11563331-6701-4d30-8001-992896c542e0|rpc:10.1.0.13:45985|priority:1], old=null
2022-07-12 23:25:27,896 [pool-1181-thread-1] INFO  server.RaftServer$Division (RaftServerImpl.java:setRole(299)) - 11563331-6701-4d30-8001-992896c542e0@group-B2BE8EE88AB6: changes role from      null to FOLLOWER at term 0 for startAsFollower
2022-07-12 23:25:27,896 [pool-1181-thread-1] INFO  impl.RoleInfo (RoleInfo.java:updateAndGet(139)) - 11563331-6701-4d30-8001-992896c542e0: start 11563331-6701-4d30-8001-992896c542e0@group-B2BE8EE88AB6-FollowerState
2022-07-12 23:25:27,917 [pool-1181-thread-1] INFO  util.JmxRegister (JmxRegister.java:tryRegister(44)) - Successfully registered JMX Bean with object name Ratis:service=RaftServer,group=group-B2BE8EE88AB6,id=11563331-6701-4d30-8001-992896c542e0
2022-07-12 23:25:27,957 [Command processor thread] INFO  ratis.XceiverServerRatis (XceiverServerRatis.java:addGroup(765)) - Created group PipelineID=80d6b2e7-963a-429c-be81-b2be8ee88ab6
2022-07-12 23:25:27,957 [Command processor thread] INFO  commandhandler.CreatePipelineCommandHandler (CreatePipelineCommandHandler.java:handle(113)) - Created Pipeline RATIS ONE PipelineID=80d6b2e7-963a-429c-be81-b2be8ee88ab6.
2022-07-12 23:25:27,957 [Command processor thread] INFO  server.RaftServer (RaftServerProxy.java:addNew(96)) - 11563331-6701-4d30-8001-992896c542e0: addNew group-1457D70A6616:[a135f15d-6580-477c-8a71-f9528412742f|rpc:10.1.0.13:34569|priority:0, 11563331-6701-4d30-8001-992896c542e0|rpc:10.1.0.13:45985|priority:1, d62677b6-aca1-45f9-8cbf-ef07d3f04380|rpc:10.1.0.13:43415|priority:0] returns group-1457D70A6616:java.util.concurrent.CompletableFuture@52735b22[Not completed]
2022-07-12 23:25:27,961 [EventQueue-PipelineReportForPipelineReportHandler] INFO  pipeline.PipelineManagerImpl (PipelineManagerImpl.java:openPipeline(367)) - Pipeline Pipeline[ Id: 80d6b2e7-963a-429c-be81-b2be8ee88ab6, Nodes: 11563331-6701-4d30-8001-992896c542e0{ip: 10.1.0.13, host: fv-az46-473.aox2mo1hufxu3kclv1weif3kjc.bx.internal.cloudapp.net, ports: [REPLICATION=45097, RATIS=45985, RATIS_ADMIN=45985, RATIS_SERVER=45985, STANDALONE=42687], networkLocation: /default-rack, certSerialId: null, persistedOpState: IN_SERVICE, persistedOpStateExpiryEpochSec: 0}, ReplicationConfig: RATIS/ONE, State:ALLOCATED, leaderId:11563331-6701-4d30-8001-992896c542e0, CreationTimestamp2022-07-12T23:25:26.925Z[Etc/UTC]] moved to OPEN state
2022-07-12 23:25:27,962 [EventQueue-OpenPipelineForHealthyPipelineSafeModeRule] INFO  safemode.SCMSafeModeManager (HealthyPipelineSafeModeRule.java:process(137)) - SCM in safe mode. Healthy pipelines reported count is 0, required healthy pipeline reported count is 1
2022-07-12 23:25:27,997 [Listener at 127.0.0.1/46473] INFO  ozone.MiniOzoneClusterImpl (MiniOzoneClusterImpl.java:lambda$waitForClusterToBeReady$0(216)) - Waiting for nodes to be ready. Got 3 of 5 DN Heartbeats.
2022-07-12 23:25:27,997 [Listener at 127.0.0.1/46473] INFO  ozone.MiniOzoneClusterImpl (MiniOzoneClusterImpl.java:lambda$waitForClusterToBeReady$0(219)) - Waiting for cluster to exit safe mode
2022-07-12 23:25:27,997 [Listener at 127.0.0.1/46473] INFO  ozone.MiniOzoneClusterImpl (MiniOzoneClusterImpl.java:lambda$waitForClusterToBeReady$0(221)) - SCM became leader
2022-07-12 23:25:28,025 [pool-1181-thread-1] INFO  server.RaftServer$Division (RaftServerImpl.java:<init>(190)) - 11563331-6701-4d30-8001-992896c542e0: new RaftServerImpl for group-1457D70A6616:[a135f15d-6580-477c-8a71-f9528412742f|rpc:10.1.0.13:34569|priority:0, 11563331-6701-4d30-8001-992896c542e0|rpc:10.1.0.13:45985|priority:1, d62677b6-aca1-45f9-8cbf-ef07d3f04380|rpc:10.1.0.13:43415|priority:0] with ContainerStateMachine:uninitialized
2022-07-12 23:25:28,025 [pool-1181-thread-1] INFO  server.RaftServerConfigKeys (ConfUtils.java:logGet(46)) - raft.server.rpc.timeout.min = 5s (custom)
2022-07-12 23:25:28,025 [pool-1181-thread-1] INFO  server.RaftServerConfigKeys (ConfUtils.java:logGet(46)) - raft.server.rpc.timeout.max = 5200ms (custom)
2022-07-12 23:25:28,026 [pool-1181-thread-1] INFO  server.RaftServerConfigKeys (ConfUtils.java:logGet(46)) - raft.server.rpc.sleep.time = 25ms (default)
2022-07-12 23:25:28,026 [pool-1181-thread-1] INFO  server.RaftServerConfigKeys (ConfUtils.java:logGet(46)) - raft.server.rpc.slowness.timeout = 300s (custom)
2022-07-12 23:25:28,026 [pool-1181-thread-1] INFO  server.RaftServerConfigKeys (ConfUtils.java:logGet(46)) - raft.server.leaderelection.leader.step-down.wait-time = 10s (default)
2022-07-12 23:25:28,026 [pool-1181-thread-1] INFO  server.RaftServerConfigKeys (ConfUtils.java:logGet(46)) - raft.server.sleep.deviation.threshold = 300ms (default)
2022-07-12 23:25:28,026 [pool-1181-thread-1] INFO  server.RaftServer$Division (ServerState.java:<init>(107)) - 11563331-6701-4d30-8001-992896c542e0@group-1457D70A6616: ConfigurationManager, init=-1: [a135f15d-6580-477c-8a71-f9528412742f|rpc:10.1.0.13:34569|priority:0, 11563331-6701-4d30-8001-992896c542e0|rpc:10.1.0.13:45985|priority:1, d62677b6-aca1-45f9-8cbf-ef07d3f04380|rpc:10.1.0.13:43415|priority:0], old=null, confs=<EMPTY_MAP>
2022-07-12 23:25:28,026 [pool-1181-thread-1] INFO  server.RaftServerConfigKeys (ConfUtils.java:logGet(46)) - raft.server.storage.dir = [/home/runner/work/ozone/ozone/hadoop-ozone/integration-test/target/test-dir/MiniOzoneClusterImpl-9bee4ffb-16ee-4d3a-b6f9-e52fae08084a/datanode-2/data/ratis] (custom)
2022-07-12 23:25:28,026 [pool-1181-thread-1] INFO  server.RaftServerConfigKeys (ConfUtils.java:logGet(46)) - raft.server.log.corruption.policy = EXCEPTION (default)
2022-07-12 23:25:28,026 [pool-1181-thread-1] INFO  server.RaftServerConfigKeys (ConfUtils.java:logGet(46)) - raft.server.storage.free-space.min = 0MB (=0) (default)
2022-07-12 23:25:28,026 [pool-1181-thread-1] INFO  storage.RaftStorageDirectory (RaftStorageDirectoryImpl.java:analyzeStorage(135)) - The storage directory /home/runner/work/ozone/ozone/hadoop-ozone/integration-test/target/test-dir/MiniOzoneClusterImpl-9bee4ffb-16ee-4d3a-b6f9-e52fae08084a/datanode-2/data/ratis/ea277f44-538e-4cf3-b742-1457d70a6616 does not exist. Creating ...
2022-07-12 23:25:28,036 [pool-1181-thread-1] INFO  storage.RaftStorageDirectory (RaftStorageDirectoryImpl.java:tryLock(230)) - Lock on /home/runner/work/ozone/ozone/hadoop-ozone/integration-test/target/test-dir/MiniOzoneClusterImpl-9bee4ffb-16ee-4d3a-b6f9-e52fae08084a/datanode-2/data/ratis/ea277f44-538e-4cf3-b742-1457d70a6616/in_use.lock acquired by nodename 30948@fv-az46-473
2022-07-12 23:25:28,037 [pool-1181-thread-1] INFO  storage.RaftStorage (RaftStorageImpl.java:format(89)) - Storage directory /home/runner/work/ozone/ozone/hadoop-ozone/integration-test/target/test-dir/MiniOzoneClusterImpl-9bee4ffb-16ee-4d3a-b6f9-e52fae08084a/datanode-2/data/ratis/ea277f44-538e-4cf3-b742-1457d70a6616 has been successfully formatted.
2022-07-12 23:25:28,058 [pool-1181-thread-1] INFO  ratis.ContainerStateMachine (ContainerStateMachine.java:loadSnapshot(236)) - group-1457D70A6616: The snapshot info is null. Setting the last applied indexto:(t:0, i:~)
2022-07-12 23:25:28,058 [pool-1181-thread-1] INFO  server.RaftServerConfigKeys (ConfUtils.java:logGet(46)) - raft.server.notification.no-leader.timeout = 300s (custom)
2022-07-12 23:25:28,058 [pool-1181-thread-1] INFO  server.RaftServerConfigKeys (ConfUtils.java:logGet(46)) - raft.server.log.use.memory = false (default)
2022-07-12 23:25:28,058 [pool-1181-thread-1] INFO  server.RaftServerConfigKeys (ConfUtils.java:logGet(46)) - raft.server.log.purge.gap = 1000000 (custom)
2022-07-12 23:25:28,058 [pool-1181-thread-1] INFO  server.RaftServerConfigKeys (ConfUtils.java:logGet(46)) - raft.server.log.appender.buffer.byte-limit = 33554432 (custom)
2022-07-12 23:25:28,058 [pool-1181-thread-1] INFO  server.RaftServerConfigKeys (ConfUtils.java:logGet(46)) - raft.server.log.statemachine.data.read.timeout = 1000ms (default)
2022-07-12 23:25:28,058 [pool-1181-thread-1] INFO  server.RaftServerConfigKeys (ConfUtils.java:logGet(46)) - raft.server.log.segment.size.max = 1048576 (custom)
2022-07-12 23:25:28,059 [pool-1181-thread-1] INFO  server.RaftServerConfigKeys (ConfUtils.java:logGet(46)) - raft.server.log.segment.cache.num.max = 2 (custom)
2022-07-12 23:25:28,059 [pool-1181-thread-1] INFO  server.RaftServerConfigKeys (ConfUtils.java:logGet(46)) - raft.server.log.segment.cache.size.max = 200MB (=209715200) (default)
2022-07-12 23:25:28,059 [pool-1181-thread-1] INFO  segmented.SegmentedRaftLogWorker (SegmentedRaftLogWorker.java:<init>(187)) - new 11563331-6701-4d30-8001-992896c542e0@group-1457D70A6616-SegmentedRaftLogWorker for RaftStorageImpl:Storage Directory /home/runner/work/ozone/ozone/hadoop-ozone/integration-test/target/test-dir/MiniOzoneClusterImpl-9bee4ffb-16ee-4d3a-b6f9-e52fae08084a/datanode-2/data/ratis/ea277f44-538e-4cf3-b742-1457d70a6616
2022-07-12 23:25:28,059 [pool-1181-thread-1] INFO  server.RaftServerConfigKeys (ConfUtils.java:logGet(46)) - raft.server.log.queue.byte-limit = 4294967296 (custom)
2022-07-12 23:25:28,059 [pool-1181-thread-1] INFO  server.RaftServerConfigKeys (ConfUtils.java:logGet(46)) - raft.server.log.queue.element-limit = 1024 (custom)
2022-07-12 23:25:28,059 [pool-1181-thread-1] INFO  server.RaftServerConfigKeys (ConfUtils.java:logGet(46)) - raft.server.log.segment.size.max = 1048576 (custom)
2022-07-12 23:25:28,059 [pool-1181-thread-1] INFO  server.RaftServerConfigKeys (ConfUtils.java:logGet(46)) - raft.server.log.preallocated.size = 16384 (custom)
2022-07-12 23:25:28,059 [pool-1181-thread-1] INFO  server.RaftServerConfigKeys (ConfUtils.java:logGet(46)) - raft.server.log.force.sync.num = 128 (default)
2022-07-12 23:25:28,059 [pool-1181-thread-1] INFO  server.RaftServerConfigKeys (ConfUtils.java:logGet(46)) - raft.server.log.statemachine.data.sync = true (default)
2022-07-12 23:25:28,059 [pool-1181-thread-1] INFO  server.RaftServerConfigKeys (ConfUtils.java:logGet(46)) - raft.server.log.statemachine.data.sync.timeout = 10s (default)
2022-07-12 23:25:28,059 [pool-1181-thread-1] INFO  server.RaftServerConfigKeys (ConfUtils.java:logGet(46)) - raft.server.log.statemachine.data.sync.timeout.retry = -1 (default)
2022-07-12 23:25:28,060 [pool-1181-thread-1] INFO  server.RaftServerConfigKeys (ConfUtils.java:logGet(46)) - raft.server.log.write.buffer.size = 1048576 (custom)
2022-07-12 23:25:28,061 [pool-1181-thread-1] INFO  server.RaftServerConfigKeys (ConfUtils.java:logGet(46)) - raft.server.log.unsafe-flush.enabled = false (default)
2022-07-12 23:25:28,061 [pool-1181-thread-1] INFO  server.RaftServerConfigKeys (ConfUtils.java:logGet(46)) - raft.server.log.statemachine.data.caching.enabled = true (custom)
2022-07-12 23:25:28,062 [EventQueue-OpenPipelineForHealthyPipelineSafeModeRule] INFO  safemode.SCMSafeModeManager (HealthyPipelineSafeModeRule.java:process(137)) - SCM in safe mode. Healthy pipelines reported count is 0, required healthy pipeline reported count is 1
2022-07-12 23:25:28,062 [pool-1181-thread-1] INFO  segmented.SegmentedRaftLogWorker (SegmentedRaftLogWorker.java:lambda$new$0(135)) - 11563331-6701-4d30-8001-992896c542e0@group-1457D70A6616-SegmentedRaftLogWorker: flushIndex: setUnconditionally 0 -> -1
2022-07-12 23:25:28,062 [pool-1181-thread-1] INFO  segmented.SegmentedRaftLogWorker (SegmentedRaftLogWorker.java:lambda$new$0(135)) - 11563331-6701-4d30-8001-992896c542e0@group-1457D70A6616-SegmentedRaftLogWorker: safeCacheEvictIndex: setUnconditionally 0 -> -1
2022-07-12 23:25:28,105 [pool-1181-thread-1] INFO  server.RaftServerConfigKeys (ConfUtils.java:logGet(46)) - raft.server.snapshot.auto.trigger.enabled = true (custom)
2022-07-12 23:25:28,105 [pool-1181-thread-1] INFO  server.RaftServerConfigKeys (ConfUtils.java:logGet(46)) - raft.server.snapshot.auto.trigger.threshold = 10000 (custom)
2022-07-12 23:25:28,105 [pool-1181-thread-1] INFO  server.RaftServerConfigKeys (ConfUtils.java:logGet(46)) - raft.server.snapshot.retention.file.num = 5 (custom)
2022-07-12 23:25:28,105 [pool-1181-thread-1] INFO  server.RaftServerConfigKeys (ConfUtils.java:logGet(46)) - raft.server.log.purge.upto.snapshot.index = false (default)
2022-07-12 23:25:28,105 [pool-1181-thread-1] INFO  server.RaftServerConfigKeys (ConfUtils.java:logGet(46)) - raft.server.retrycache.expirytime = 600000ms (custom)
2022-07-12 23:25:28,105 [pool-1181-thread-1] INFO  server.RaftServerConfigKeys (ConfUtils.java:logGet(46)) - raft.server.retrycache.statistics.expirytime = 100μs (default)
2022-07-12 23:25:28,146 [pool-1181-thread-1] INFO  server.RaftServerConfigKeys (ConfUtils.java:logGet(46)) - raft.server.log.appender.install.snapshot.enabled = false (custom)
2022-07-12 23:25:28,146 [pool-1181-thread-1] INFO  server.RaftServerConfigKeys (ConfUtils.java:logGet(46)) - raft.server.threadpool.server.cached = true (default)
2022-07-12 23:25:28,146 [pool-1181-thread-1] INFO  server.RaftServerConfigKeys (ConfUtils.java:logGet(46)) - raft.server.threadpool.server.size = 0 (default)
2022-07-12 23:25:28,147 [pool-1181-thread-1] INFO  server.RaftServerConfigKeys (ConfUtils.java:logGet(46)) - raft.server.threadpool.client.cached = true (default)
2022-07-12 23:25:28,147 [pool-1181-thread-1] INFO  server.RaftServerConfigKeys (ConfUtils.java:logGet(46)) - raft.server.threadpool.client.size = 0 (default)
2022-07-12 23:25:28,205 [pool-1181-thread-1] INFO  server.RaftServer$Division (RaftServerImpl.java:start(310)) - 11563331-6701-4d30-8001-992896c542e0@group-1457D70A6616: start as a follower, conf=-1: [a135f15d-6580-477c-8a71-f9528412742f|rpc:10.1.0.13:34569|priority:0, 11563331-6701-4d30-8001-992896c542e0|rpc:10.1.0.13:45985|priority:1, d62677b6-aca1-45f9-8cbf-ef07d3f04380|rpc:10.1.0.13:43415|priority:0], old=null
2022-07-12 23:25:28,205 [pool-1181-thread-1] INFO  server.RaftServer$Division (RaftServerImpl.java:setRole(299)) - 11563331-6701-4d30-8001-992896c542e0@group-1457D70A6616: changes role from      null to FOLLOWER at term 0 for startAsFollower
2022-07-12 23:25:28,205 [pool-1181-thread-1] INFO  impl.RoleInfo (RoleInfo.java:updateAndGet(139)) - 11563331-6701-4d30-8001-992896c542e0: start 11563331-6701-4d30-8001-992896c542e0@group-1457D70A6616-FollowerState
2022-07-12 23:25:28,249 [pool-1181-thread-1] INFO  util.JmxRegister (JmxRegister.java:tryRegister(44)) - Successfully registered JMX Bean with object name Ratis:service=RaftServer,group=group-1457D70A6616,id=11563331-6701-4d30-8001-992896c542e0
2022-07-12 23:25:28,255 [Command processor thread] INFO  ratis.XceiverServerRatis (XceiverServerRatis.java:addGroup(765)) - Created group PipelineID=ea277f44-538e-4cf3-b742-1457d70a6616
2022-07-12 23:25:28,338 [grpc-default-executor-0] INFO  server.RaftServer (RaftServerProxy.java:addNew(96)) - a135f15d-6580-477c-8a71-f9528412742f: addNew group-1457D70A6616:[a135f15d-6580-477c-8a71-f9528412742f|rpc:10.1.0.13:34569|dataStream:|priority:0, 11563331-6701-4d30-8001-992896c542e0|rpc:10.1.0.13:45985|dataStream:|priority:1, d62677b6-aca1-45f9-8cbf-ef07d3f04380|rpc:10.1.0.13:43415|dataStream:|priority:0] returns group-1457D70A6616:java.util.concurrent.CompletableFuture@eb08a30[Not completed]
2022-07-12 23:25:28,339 [pool-1158-thread-1] INFO  server.RaftServer$Division (RaftServerImpl.java:<init>(190)) - a135f15d-6580-477c-8a71-f9528412742f: new RaftServerImpl for group-1457D70A6616:[a135f15d-6580-477c-8a71-f9528412742f|rpc:10.1.0.13:34569|dataStream:|priority:0, 11563331-6701-4d30-8001-992896c542e0|rpc:10.1.0.13:45985|dataStream:|priority:1, d62677b6-aca1-45f9-8cbf-ef07d3f04380|rpc:10.1.0.13:43415|dataStream:|priority:0] with ContainerStateMachine:uninitialized
2022-07-12 23:25:28,339 [pool-1158-thread-1] INFO  server.RaftServerConfigKeys (ConfUtils.java:logGet(46)) - raft.server.rpc.timeout.min = 5s (custom)
2022-07-12 23:25:28,339 [pool-1158-thread-1] INFO  server.RaftServerConfigKeys (ConfUtils.java:logGet(46)) - raft.server.rpc.timeout.max = 5200ms (custom)
2022-07-12 23:25:28,339 [pool-1158-thread-1] INFO  server.RaftServerConfigKeys (ConfUtils.java:logGet(46)) - raft.server.rpc.sleep.time = 25ms (default)
2022-07-12 23:25:28,339 [pool-1158-thread-1] INFO  server.RaftServerConfigKeys (ConfUtils.java:logGet(46)) - raft.server.rpc.slowness.timeout = 300s (custom)
2022-07-12 23:25:28,339 [pool-1158-thread-1] INFO  server.RaftServerConfigKeys (ConfUtils.java:logGet(46)) - raft.server.leaderelection.leader.step-down.wait-time = 10s (default)
2022-07-12 23:25:28,339 [pool-1158-thread-1] INFO  server.RaftServerConfigKeys (ConfUtils.java:logGet(46)) - raft.server.sleep.deviation.threshold = 300ms (default)
2022-07-12 23:25:28,339 [pool-1158-thread-1] INFO  server.RaftServer$Division (ServerState.java:<init>(107)) - a135f15d-6580-477c-8a71-f9528412742f@group-1457D70A6616: ConfigurationManager, init=-1: [a135f15d-6580-477c-8a71-f9528412742f|rpc:10.1.0.13:34569|dataStream:|priority:0, 11563331-6701-4d30-8001-992896c542e0|rpc:10.1.0.13:45985|dataStream:|priority:1, d62677b6-aca1-45f9-8cbf-ef07d3f04380|rpc:10.1.0.13:43415|dataStream:|priority:0], old=null, confs=<EMPTY_MAP>
2022-07-12 23:25:28,339 [pool-1158-thread-1] INFO  server.RaftServerConfigKeys (ConfUtils.java:logGet(46)) - raft.server.storage.dir = [/home/runner/work/ozone/ozone/hadoop-ozone/integration-test/target/test-dir/MiniOzoneClusterImpl-9bee4ffb-16ee-4d3a-b6f9-e52fae08084a/datanode-1/data/ratis] (custom)
2022-07-12 23:25:28,339 [pool-1158-thread-1] INFO  server.RaftServerConfigKeys (ConfUtils.java:logGet(46)) - raft.server.log.corruption.policy = EXCEPTION (default)
2022-07-12 23:25:28,339 [pool-1158-thread-1] INFO  server.RaftServerConfigKeys (ConfUtils.java:logGet(46)) - raft.server.storage.free-space.min = 0MB (=0) (default)
2022-07-12 23:25:28,340 [pool-1158-thread-1] INFO  storage.RaftStorageDirectory (RaftStorageDirectoryImpl.java:analyzeStorage(135)) - The storage directory /home/runner/work/ozone/ozone/hadoop-ozone/integration-test/target/test-dir/MiniOzoneClusterImpl-9bee4ffb-16ee-4d3a-b6f9-e52fae08084a/datanode-1/data/ratis/ea277f44-538e-4cf3-b742-1457d70a6616 does not exist. Creating ...
2022-07-12 23:25:28,341 [pool-1158-thread-1] INFO  storage.RaftStorageDirectory (RaftStorageDirectoryImpl.java:tryLock(230)) - Lock on /home/runner/work/ozone/ozone/hadoop-ozone/integration-test/target/test-dir/MiniOzoneClusterImpl-9bee4ffb-16ee-4d3a-b6f9-e52fae08084a/datanode-1/data/ratis/ea277f44-538e-4cf3-b742-1457d70a6616/in_use.lock acquired by nodename 30948@fv-az46-473
2022-07-12 23:25:28,342 [pool-1158-thread-1] INFO  storage.RaftStorage (RaftStorageImpl.java:format(89)) - Storage directory /home/runner/work/ozone/ozone/hadoop-ozone/integration-test/target/test-dir/MiniOzoneClusterImpl-9bee4ffb-16ee-4d3a-b6f9-e52fae08084a/datanode-1/data/ratis/ea277f44-538e-4cf3-b742-1457d70a6616 has been successfully formatted.
2022-07-12 23:25:28,342 [pool-1158-thread-1] INFO  ratis.ContainerStateMachine (ContainerStateMachine.java:loadSnapshot(236)) - group-1457D70A6616: The snapshot info is null. Setting the last applied indexto:(t:0, i:~)
2022-07-12 23:25:28,342 [pool-1158-thread-1] INFO  server.RaftServerConfigKeys (ConfUtils.java:logGet(46)) - raft.server.notification.no-leader.timeout = 300s (custom)
2022-07-12 23:25:28,342 [pool-1158-thread-1] INFO  server.RaftServerConfigKeys (ConfUtils.java:logGet(46)) - raft.server.log.use.memory = false (default)
2022-07-12 23:25:28,342 [pool-1158-thread-1] INFO  server.RaftServerConfigKeys (ConfUtils.java:logGet(46)) - raft.server.log.purge.gap = 1000000 (custom)
2022-07-12 23:25:28,342 [pool-1158-thread-1] INFO  server.RaftServerConfigKeys (ConfUtils.java:logGet(46)) - raft.server.log.appender.buffer.byte-limit = 33554432 (custom)
2022-07-12 23:25:28,343 [pool-1158-thread-1] INFO  server.RaftServerConfigKeys (ConfUtils.java:logGet(46)) - raft.server.log.statemachine.data.read.timeout = 1000ms (default)
2022-07-12 23:25:28,343 [pool-1158-thread-1] INFO  server.RaftServerConfigKeys (ConfUtils.java:logGet(46)) - raft.server.log.segment.size.max = 1048576 (custom)
2022-07-12 23:25:28,343 [pool-1158-thread-1] INFO  server.RaftServerConfigKeys (ConfUtils.java:logGet(46)) - raft.server.log.segment.cache.num.max = 2 (custom)
2022-07-12 23:25:28,343 [pool-1158-thread-1] INFO  server.RaftServerConfigKeys (ConfUtils.java:logGet(46)) - raft.server.log.segment.cache.size.max = 200MB (=209715200) (default)
2022-07-12 23:25:28,343 [pool-1158-thread-1] INFO  segmented.SegmentedRaftLogWorker (SegmentedRaftLogWorker.java:<init>(187)) - new a135f15d-6580-477c-8a71-f9528412742f@group-1457D70A6616-SegmentedRaftLogWorker for RaftStorageImpl:Storage Directory /home/runner/work/ozone/ozone/hadoop-ozone/integration-test/target/test-dir/MiniOzoneClusterImpl-9bee4ffb-16ee-4d3a-b6f9-e52fae08084a/datanode-1/data/ratis/ea277f44-538e-4cf3-b742-1457d70a6616
2022-07-12 23:25:28,343 [pool-1158-thread-1] INFO  server.RaftServerConfigKeys (ConfUtils.java:logGet(46)) - raft.server.log.queue.byte-limit = 4294967296 (custom)
2022-07-12 23:25:28,343 [pool-1158-thread-1] INFO  server.RaftServerConfigKeys (ConfUtils.java:logGet(46)) - raft.server.log.queue.element-limit = 1024 (custom)
2022-07-12 23:25:28,343 [pool-1158-thread-1] INFO  server.RaftServerConfigKeys (ConfUtils.java:logGet(46)) - raft.server.log.segment.size.max = 1048576 (custom)
2022-07-12 23:25:28,343 [pool-1158-thread-1] INFO  server.RaftServerConfigKeys (ConfUtils.java:logGet(46)) - raft.server.log.preallocated.size = 16384 (custom)
2022-07-12 23:25:28,344 [pool-1158-thread-1] INFO  server.RaftServerConfigKeys (ConfUtils.java:logGet(46)) - raft.server.log.force.sync.num = 128 (default)
2022-07-12 23:25:28,344 [pool-1158-thread-1] INFO  server.RaftServerConfigKeys (ConfUtils.java:logGet(46)) - raft.server.log.statemachine.data.sync = true (default)
2022-07-12 23:25:28,344 [pool-1158-thread-1] INFO  server.RaftServerConfigKeys (ConfUtils.java:logGet(46)) - raft.server.log.statemachine.data.sync.timeout = 10s (default)
2022-07-12 23:25:28,344 [pool-1158-thread-1] INFO  server.RaftServerConfigKeys (ConfUtils.java:logGet(46)) - raft.server.log.statemachine.data.sync.timeout.retry = -1 (default)
2022-07-12 23:25:28,345 [pool-1158-thread-1] INFO  server.RaftServerConfigKeys (ConfUtils.java:logGet(46)) - raft.server.log.write.buffer.size = 1048576 (custom)
2022-07-12 23:25:28,348 [pool-1158-thread-1] INFO  server.RaftServerConfigKeys (ConfUtils.java:logGet(46)) - raft.server.log.unsafe-flush.enabled = false (default)
2022-07-12 23:25:28,348 [pool-1158-thread-1] INFO  server.RaftServerConfigKeys (ConfUtils.java:logGet(46)) - raft.server.log.statemachine.data.caching.enabled = true (custom)
2022-07-12 23:25:28,348 [pool-1158-thread-1] INFO  segmented.SegmentedRaftLogWorker (SegmentedRaftLogWorker.java:lambda$new$0(135)) - a135f15d-6580-477c-8a71-f9528412742f@group-1457D70A6616-SegmentedRaftLogWorker: flushIndex: setUnconditionally 0 -> -1
2022-07-12 23:25:28,348 [pool-1158-thread-1] INFO  segmented.SegmentedRaftLogWorker (SegmentedRaftLogWorker.java:lambda$new$0(135)) - a135f15d-6580-477c-8a71-f9528412742f@group-1457D70A6616-SegmentedRaftLogWorker: safeCacheEvictIndex: setUnconditionally 0 -> -1
2022-07-12 23:25:28,348 [pool-1158-thread-1] INFO  server.RaftServerConfigKeys (ConfUtils.java:logGet(46)) - raft.server.snapshot.auto.trigger.enabled = true (custom)
2022-07-12 23:25:28,348 [pool-1158-thread-1] INFO  server.RaftServerConfigKeys (ConfUtils.java:logGet(46)) - raft.server.snapshot.auto.trigger.threshold = 10000 (custom)
2022-07-12 23:25:28,348 [pool-1158-thread-1] INFO  server.RaftServerConfigKeys (ConfUtils.java:logGet(46)) - raft.server.snapshot.retention.file.num = 5 (custom)
2022-07-12 23:25:28,348 [pool-1158-thread-1] INFO  server.RaftServerConfigKeys (ConfUtils.java:logGet(46)) - raft.server.log.purge.upto.snapshot.index = false (default)
2022-07-12 23:25:28,348 [pool-1158-thread-1] INFO  server.RaftServerConfigKeys (ConfUtils.java:logGet(46)) - raft.server.retrycache.expirytime = 600000ms (custom)
2022-07-12 23:25:28,348 [pool-1158-thread-1] INFO  server.RaftServerConfigKeys (ConfUtils.java:logGet(46)) - raft.server.retrycache.statistics.expirytime = 100μs (default)
2022-07-12 23:25:28,350 [pool-1158-thread-1] INFO  server.RaftServerConfigKeys (ConfUtils.java:logGet(46)) - raft.server.log.appender.install.snapshot.enabled = false (custom)
2022-07-12 23:25:28,350 [pool-1158-thread-1] INFO  server.RaftServerConfigKeys (ConfUtils.java:logGet(46)) - raft.server.threadpool.server.cached = true (default)
2022-07-12 23:25:28,350 [pool-1158-thread-1] INFO  server.RaftServerConfigKeys (ConfUtils.java:logGet(46)) - raft.server.threadpool.server.size = 0 (default)
2022-07-12 23:25:28,350 [pool-1158-thread-1] INFO  server.RaftServerConfigKeys (ConfUtils.java:logGet(46)) - raft.server.threadpool.client.cached = true (default)
2022-07-12 23:25:28,350 [pool-1158-thread-1] INFO  server.RaftServerConfigKeys (ConfUtils.java:logGet(46)) - raft.server.threadpool.client.size = 0 (default)
2022-07-12 23:25:28,351 [pool-1158-thread-1] INFO  server.RaftServer$Division (RaftServerImpl.java:start(310)) - a135f15d-6580-477c-8a71-f9528412742f@group-1457D70A6616: start as a follower, conf=-1: [a135f15d-6580-477c-8a71-f9528412742f|rpc:10.1.0.13:34569|dataStream:|priority:0, 11563331-6701-4d30-8001-992896c542e0|rpc:10.1.0.13:45985|dataStream:|priority:1, d62677b6-aca1-45f9-8cbf-ef07d3f04380|rpc:10.1.0.13:43415|dataStream:|priority:0], old=null
2022-07-12 23:25:28,351 [pool-1158-thread-1] INFO  server.RaftServer$Division (RaftServerImpl.java:setRole(299)) - a135f15d-6580-477c-8a71-f9528412742f@group-1457D70A6616: changes role from      null to FOLLOWER at term 0 for startAsFollower
2022-07-12 23:25:28,351 [pool-1158-thread-1] INFO  impl.RoleInfo (RoleInfo.java:updateAndGet(139)) - a135f15d-6580-477c-8a71-f9528412742f: start a135f15d-6580-477c-8a71-f9528412742f@group-1457D70A6616-FollowerState
2022-07-12 23:25:28,351 [pool-1158-thread-1] INFO  util.JmxRegister (JmxRegister.java:tryRegister(44)) - Successfully registered JMX Bean with object name Ratis:service=RaftServer,group=group-1457D70A6616,id=a135f15d-6580-477c-8a71-f9528412742f
2022-07-12 23:25:28,465 [Command processor thread] INFO  commandhandler.CreatePipelineCommandHandler (CreatePipelineCommandHandler.java:handle(113)) - Created Pipeline RATIS THREE PipelineID=ea277f44-538e-4cf3-b742-1457d70a6616.
2022-07-12 23:25:28,469 [EndpointStateMachine task thread for /0.0.0.0:39387 - 0 ] INFO  volume.HddsVolume (HddsVolume.java:createDbStore(309)) - SchemaV3 db is created and loaded at /home/runner/work/ozone/ozone/hadoop-ozone/integration-test/target/test-dir/MiniOzoneClusterImpl-9bee4ffb-16ee-4d3a-b6f9-e52fae08084a/datanode-4/data-0/containers/hdds/9bee4ffb-16ee-4d3a-b6f9-e52fae08084a/DS-f224dbdf-0405-4ef4-897a-0bddec407d20/container.db for volume DS-f224dbdf-0405-4ef4-897a-0bddec407d20
2022-07-12 23:25:28,470 [EndpointStateMachine task thread for /0.0.0.0:39387 - 0 ] INFO  volume.HddsVolume (HddsVolume.java:closeDbStore(340)) - SchemaV3 db is stopped at /home/runner/work/ozone/ozone/hadoop-ozone/integration-test/target/test-dir/MiniOzoneClusterImpl-9bee4ffb-16ee-4d3a-b6f9-e52fae08084a/datanode-4/data-0/containers/hdds/9bee4ffb-16ee-4d3a-b6f9-e52fae08084a/DS-f224dbdf-0405-4ef4-897a-0bddec407d20/container.db for volume DS-f224dbdf-0405-4ef4-897a-0bddec407d20
2022-07-12 23:25:28,470 [EndpointStateMachine task thread for /0.0.0.0:39387 - 0 ] INFO  ozoneimpl.OzoneContainer (OzoneContainer.java:start(344)) - Attempting to start container services.
2022-07-12 23:25:28,470 [EndpointStateMachine task thread for /0.0.0.0:39387 - 0 ] INFO  ozoneimpl.OzoneContainer (OzoneContainer.java:startContainerScrub(279)) - Background container scanner has been disabled.
2022-07-12 23:25:28,506 [EndpointStateMachine task thread for /0.0.0.0:39387 - 0 ] INFO  replication.ReplicationServer (ReplicationServer.java:start(111)) - ReplicationServer is started using port 45863
2022-07-12 23:25:28,509 [EndpointStateMachine task thread for /0.0.0.0:39387 - 0 ] INFO  ratis.XceiverServerRatis (XceiverServerRatis.java:start(481)) - Starting XceiverServerRatis 8960f961-c44a-41ec-8336-420a965cc97a
2022-07-12 23:25:28,517 [EndpointStateMachine task thread for /0.0.0.0:39387 - 0 ] INFO  server.RaftServer (RaftServerProxy.java:lambda$start$6(382)) - 8960f961-c44a-41ec-8336-420a965cc97a: start RPC server
2022-07-12 23:25:28,583 [EndpointStateMachine task thread for /0.0.0.0:39387 - 0 ] INFO  server.GrpcService (GrpcService.java:startImpl(260)) - 8960f961-c44a-41ec-8336-420a965cc97a: GrpcService started, listening on 36833
2022-07-12 23:25:28,587 [EndpointStateMachine task thread for /0.0.0.0:39387 - 0 ] INFO  ratis.XceiverServerRatis (XceiverServerRatis.java:getRealPort(502)) - XceiverServerRatis 8960f961-c44a-41ec-8336-420a965cc97a is started using port 36833 for RATIS
2022-07-12 23:25:28,587 [EndpointStateMachine task thread for /0.0.0.0:39387 - 0 ] INFO  ratis.XceiverServerRatis (XceiverServerRatis.java:getRealPort(502)) - XceiverServerRatis 8960f961-c44a-41ec-8336-420a965cc97a is started using port 36833 for RATIS_ADMIN
2022-07-12 23:25:28,587 [EndpointStateMachine task thread for /0.0.0.0:39387 - 0 ] INFO  ratis.XceiverServerRatis (XceiverServerRatis.java:getRealPort(502)) - XceiverServerRatis 8960f961-c44a-41ec-8336-420a965cc97a is started using port 36833 for RATIS_SERVER
2022-07-12 23:25:28,587 [org.apache.ratis.util.JvmPauseMonitor$$Lambda$613/1690937419@2536c82] INFO  util.JvmPauseMonitor (JvmPauseMonitor.java:run(103)) - JvmPauseMonitor-8960f961-c44a-41ec-8336-420a965cc97a: Started
2022-07-12 23:25:28,629 [IPC Server handler 1 on default port 39387] INFO  net.NetworkTopologyImpl (NetworkTopologyImpl.java:add(112)) - Added a new node: /default-rack/b6995a44-4e23-4c6f-99f5-2545e88719ae
2022-07-12 23:25:28,629 [IPC Server handler 1 on default port 39387] INFO  node.SCMNodeManager (SCMNodeManager.java:register(397)) - Registered Data node : b6995a44-4e23-4c6f-99f5-2545e88719ae{ip: 10.1.0.13, host: fv-az46-473.aox2mo1hufxu3kclv1weif3kjc.bx.internal.cloudapp.net, ports: [REPLICATION=40291, RATIS=39997, RATIS_ADMIN=39997, RATIS_SERVER=39997, STANDALONE=43741], networkLocation: /default-rack, certSerialId: null, persistedOpState: null, persistedOpStateExpiryEpochSec: 0}
2022-07-12 23:25:28,629 [EventQueue-NewNodeForNewNodeHandler] INFO  pipeline.BackgroundPipelineCreator (BackgroundPipelineCreator.java:notifyEventTriggered(276)) - trigger a one-shot run on RatisPipelineUtilsThread.
2022-07-12 23:25:28,630 [RatisPipelineUtilsThread - 0] INFO  pipeline.RatisPipelineProvider (RatisPipelineProvider.java:lambda$create$0(195)) - Sending CreatePipelineCommand for pipeline:PipelineID=19bba36b-f4f6-42ac-aab9-d3e28053f856 to datanode:b6995a44-4e23-4c6f-99f5-2545e88719ae
2022-07-12 23:25:28,659 [Command processor thread] INFO  server.RaftServer (RaftServerProxy.java:addNew(96)) - a135f15d-6580-477c-8a71-f9528412742f: addNew group-69F1DBBBEBD9:[a135f15d-6580-477c-8a71-f9528412742f|rpc:10.1.0.13:34569|priority:1] returns group-69F1DBBBEBD9:java.util.concurrent.CompletableFuture@6a5ae14f[Not completed]
2022-07-12 23:25:28,659 [pool-1158-thread-1] INFO  server.RaftServer$Division (RaftServerImpl.java:<init>(190)) - a135f15d-6580-477c-8a71-f9528412742f: new RaftServerImpl for group-69F1DBBBEBD9:[a135f15d-6580-477c-8a71-f9528412742f|rpc:10.1.0.13:34569|priority:1] with ContainerStateMachine:uninitialized
2022-07-12 23:25:28,659 [pool-1158-thread-1] INFO  server.RaftServerConfigKeys (ConfUtils.java:logGet(46)) - raft.server.rpc.timeout.min = 5s (custom)
2022-07-12 23:25:28,660 [pool-1158-thread-1] INFO  server.RaftServerConfigKeys (ConfUtils.java:logGet(46)) - raft.server.rpc.timeout.max = 5200ms (custom)
2022-07-12 23:25:28,660 [pool-1158-thread-1] INFO  server.RaftServerConfigKeys (ConfUtils.java:logGet(46)) - raft.server.rpc.sleep.time = 25ms (default)
2022-07-12 23:25:28,660 [pool-1158-thread-1] INFO  server.RaftServerConfigKeys (ConfUtils.java:logGet(46)) - raft.server.rpc.slowness.timeout = 300s (custom)
2022-07-12 23:25:28,660 [pool-1158-thread-1] INFO  server.RaftServerConfigKeys (ConfUtils.java:logGet(46)) - raft.server.leaderelection.leader.step-down.wait-time = 10s (default)
2022-07-12 23:25:28,660 [pool-1158-thread-1] INFO  server.RaftServerConfigKeys (ConfUtils.java:logGet(46)) - raft.server.sleep.deviation.threshold = 300ms (default)
2022-07-12 23:25:28,660 [pool-1158-thread-1] INFO  server.RaftServer$Division (ServerState.java:<init>(107)) - a135f15d-6580-477c-8a71-f9528412742f@group-69F1DBBBEBD9: ConfigurationManager, init=-1: [a135f15d-6580-477c-8a71-f9528412742f|rpc:10.1.0.13:34569|priority:1], old=null, confs=<EMPTY_MAP>
2022-07-12 23:25:28,660 [pool-1158-thread-1] INFO  server.RaftServerConfigKeys (ConfUtils.java:logGet(46)) - raft.server.storage.dir = [/home/runner/work/ozone/ozone/hadoop-ozone/integration-test/target/test-dir/MiniOzoneClusterImpl-9bee4ffb-16ee-4d3a-b6f9-e52fae08084a/datanode-1/data/ratis] (custom)
2022-07-12 23:25:28,660 [pool-1158-thread-1] INFO  server.RaftServerConfigKeys (ConfUtils.java:logGet(46)) - raft.server.log.corruption.policy = EXCEPTION (default)
2022-07-12 23:25:28,660 [pool-1158-thread-1] INFO  server.RaftServerConfigKeys (ConfUtils.java:logGet(46)) - raft.server.storage.free-space.min = 0MB (=0) (default)
2022-07-12 23:25:28,660 [pool-1158-thread-1] INFO  storage.RaftStorageDirectory (RaftStorageDirectoryImpl.java:analyzeStorage(135)) - The storage directory /home/runner/work/ozone/ozone/hadoop-ozone/integration-test/target/test-dir/MiniOzoneClusterImpl-9bee4ffb-16ee-4d3a-b6f9-e52fae08084a/datanode-1/data/ratis/582ac2da-8ebe-461a-80bf-69f1dbbbebd9 does not exist. Creating ...
2022-07-12 23:25:28,662 [pool-1158-thread-1] INFO  storage.RaftStorageDirectory (RaftStorageDirectoryImpl.java:tryLock(230)) - Lock on /home/runner/work/ozone/ozone/hadoop-ozone/integration-test/target/test-dir/MiniOzoneClusterImpl-9bee4ffb-16ee-4d3a-b6f9-e52fae08084a/datanode-1/data/ratis/582ac2da-8ebe-461a-80bf-69f1dbbbebd9/in_use.lock acquired by nodename 30948@fv-az46-473
2022-07-12 23:25:28,674 [EndpointStateMachine task thread for /0.0.0.0:39387 - 0 ] INFO  server.XceiverServerGrpc (XceiverServerGrpc.java:start(180)) - XceiverServerGrpc 8960f961-c44a-41ec-8336-420a965cc97a is started using port 38085
2022-07-12 23:25:28,680 [RatisPipelineUtilsThread - 0] INFO  pipeline.PipelineStateManagerImpl (PipelineStateManagerImpl.java:addPipeline(103)) - Created pipeline Pipeline[ Id: 19bba36b-f4f6-42ac-aab9-d3e28053f856, Nodes: b6995a44-4e23-4c6f-99f5-2545e88719ae{ip: 10.1.0.13, host: fv-az46-473.aox2mo1hufxu3kclv1weif3kjc.bx.internal.cloudapp.net, ports: [REPLICATION=40291, RATIS=39997, RATIS_ADMIN=39997, RATIS_SERVER=39997, STANDALONE=43741], networkLocation: /default-rack, certSerialId: null, persistedOpState: IN_SERVICE, persistedOpStateExpiryEpochSec: 0}, ReplicationConfig: RATIS/ONE, State:ALLOCATED, leaderId:, CreationTimestamp2022-07-12T23:25:28.630Z[Etc/UTC]].
2022-07-12 23:25:28,685 [pool-1158-thread-1] INFO  storage.RaftStorage (RaftStorageImpl.java:format(89)) - Storage directory /home/runner/work/ozone/ozone/hadoop-ozone/integration-test/target/test-dir/MiniOzoneClusterImpl-9bee4ffb-16ee-4d3a-b6f9-e52fae08084a/datanode-1/data/ratis/582ac2da-8ebe-461a-80bf-69f1dbbbebd9 has been successfully formatted.
2022-07-12 23:25:28,685 [pool-1158-thread-1] INFO  ratis.ContainerStateMachine (ContainerStateMachine.java:loadSnapshot(236)) - group-69F1DBBBEBD9: The snapshot info is null. Setting the last applied indexto:(t:0, i:~)
2022-07-12 23:25:28,685 [pool-1158-thread-1] INFO  server.RaftServerConfigKeys (ConfUtils.java:logGet(46)) - raft.server.notification.no-leader.timeout = 300s (custom)
2022-07-12 23:25:28,685 [pool-1158-thread-1] INFO  server.RaftServerConfigKeys (ConfUtils.java:logGet(46)) - raft.server.log.use.memory = false (default)
2022-07-12 23:25:28,685 [pool-1158-thread-1] INFO  server.RaftServerConfigKeys (ConfUtils.java:logGet(46)) - raft.server.log.purge.gap = 1000000 (custom)
2022-07-12 23:25:28,685 [pool-1158-thread-1] INFO  server.RaftServerConfigKeys (ConfUtils.java:logGet(46)) - raft.server.log.appender.buffer.byte-limit = 33554432 (custom)
2022-07-12 23:25:28,685 [pool-1158-thread-1] INFO  server.RaftServerConfigKeys (ConfUtils.java:logGet(46)) - raft.server.log.statemachine.data.read.timeout = 1000ms (default)
2022-07-12 23:25:28,686 [pool-1158-thread-1] INFO  server.RaftServerConfigKeys (ConfUtils.java:logGet(46)) - raft.server.log.segment.size.max = 1048576 (custom)
2022-07-12 23:25:28,686 [pool-1158-thread-1] INFO  server.RaftServerConfigKeys (ConfUtils.java:logGet(46)) - raft.server.log.segment.cache.num.max = 2 (custom)
2022-07-12 23:25:28,686 [pool-1158-thread-1] INFO  server.RaftServerConfigKeys (ConfUtils.java:logGet(46)) - raft.server.log.segment.cache.size.max = 200MB (=209715200) (default)
2022-07-12 23:25:28,686 [pool-1158-thread-1] INFO  segmented.SegmentedRaftLogWorker (SegmentedRaftLogWorker.java:<init>(187)) - new a135f15d-6580-477c-8a71-f9528412742f@group-69F1DBBBEBD9-SegmentedRaftLogWorker for RaftStorageImpl:Storage Directory /home/runner/work/ozone/ozone/hadoop-ozone/integration-test/target/test-dir/MiniOzoneClusterImpl-9bee4ffb-16ee-4d3a-b6f9-e52fae08084a/datanode-1/data/ratis/582ac2da-8ebe-461a-80bf-69f1dbbbebd9
2022-07-12 23:25:28,686 [pool-1158-thread-1] INFO  server.RaftServerConfigKeys (ConfUtils.java:logGet(46)) - raft.server.log.queue.byte-limit = 4294967296 (custom)
2022-07-12 23:25:28,686 [pool-1158-thread-1] INFO  server.RaftServerConfigKeys (ConfUtils.java:logGet(46)) - raft.server.log.queue.element-limit = 1024 (custom)
2022-07-12 23:25:28,686 [pool-1158-thread-1] INFO  server.RaftServerConfigKeys (ConfUtils.java:logGet(46)) - raft.server.log.segment.size.max = 1048576 (custom)
2022-07-12 23:25:28,686 [pool-1158-thread-1] INFO  server.RaftServerConfigKeys (ConfUtils.java:logGet(46)) - raft.server.log.preallocated.size = 16384 (custom)
2022-07-12 23:25:28,686 [pool-1158-thread-1] INFO  server.RaftServerConfigKeys (ConfUtils.java:logGet(46)) - raft.server.log.force.sync.num = 128 (default)
2022-07-12 23:25:28,686 [pool-1158-thread-1] INFO  server.RaftServerConfigKeys (ConfUtils.java:logGet(46)) - raft.server.log.statemachine.data.sync = true (default)
2022-07-12 23:25:28,686 [pool-1158-thread-1] INFO  server.RaftServerConfigKeys (ConfUtils.java:logGet(46)) - raft.server.log.statemachine.data.sync.timeout = 10s (default)
2022-07-12 23:25:28,687 [pool-1158-thread-1] INFO  server.RaftServerConfigKeys (ConfUtils.java:logGet(46)) - raft.server.log.statemachine.data.sync.timeout.retry = -1 (default)
2022-07-12 23:25:28,688 [pool-1158-thread-1] INFO  server.RaftServerConfigKeys (ConfUtils.java:logGet(46)) - raft.server.log.write.buffer.size = 1048576 (custom)
2022-07-12 23:25:28,688 [pool-1158-thread-1] INFO  server.RaftServerConfigKeys (ConfUtils.java:logGet(46)) - raft.server.log.unsafe-flush.enabled = false (default)
2022-07-12 23:25:28,688 [pool-1158-thread-1] INFO  server.RaftServerConfigKeys (ConfUtils.java:logGet(46)) - raft.server.log.statemachine.data.caching.enabled = true (custom)
2022-07-12 23:25:28,688 [pool-1158-thread-1] INFO  segmented.SegmentedRaftLogWorker (SegmentedRaftLogWorker.java:lambda$new$0(135)) - a135f15d-6580-477c-8a71-f9528412742f@group-69F1DBBBEBD9-SegmentedRaftLogWorker: flushIndex: setUnconditionally 0 -> -1
2022-07-12 23:25:28,688 [pool-1158-thread-1] INFO  segmented.SegmentedRaftLogWorker (SegmentedRaftLogWorker.java:lambda$new$0(135)) - a135f15d-6580-477c-8a71-f9528412742f@group-69F1DBBBEBD9-SegmentedRaftLogWorker: safeCacheEvictIndex: setUnconditionally 0 -> -1
2022-07-12 23:25:28,689 [EventQueue-PipelineReportForPipelineReportHandler] INFO  pipeline.PipelineManagerImpl (PipelineManagerImpl.java:openPipeline(367)) - Pipeline Pipeline[ Id: 582ac2da-8ebe-461a-80bf-69f1dbbbebd9, Nodes: a135f15d-6580-477c-8a71-f9528412742f{ip: 10.1.0.13, host: fv-az46-473.aox2mo1hufxu3kclv1weif3kjc.bx.internal.cloudapp.net, ports: [REPLICATION=46497, RATIS=34569, RATIS_ADMIN=34569, RATIS_SERVER=34569, STANDALONE=40935], networkLocation: /default-rack, certSerialId: null, persistedOpState: IN_SERVICE, persistedOpStateExpiryEpochSec: 0}, ReplicationConfig: RATIS/ONE, State:ALLOCATED, leaderId:a135f15d-6580-477c-8a71-f9528412742f, CreationTimestamp2022-07-12T23:25:25.681Z[Etc/UTC]] moved to OPEN state
2022-07-12 23:25:28,690 [EventQueue-OpenPipelineForHealthyPipelineSafeModeRule] INFO  safemode.SCMSafeModeManager (HealthyPipelineSafeModeRule.java:process(137)) - SCM in safe mode. Healthy pipelines reported count is 0, required healthy pipeline reported count is 1
2022-07-12 23:25:28,761 [pool-1158-thread-1] INFO  server.RaftServerConfigKeys (ConfUtils.java:logGet(46)) - raft.server.snapshot.auto.trigger.enabled = true (custom)
2022-07-12 23:25:28,761 [pool-1158-thread-1] INFO  server.RaftServerConfigKeys (ConfUtils.java:logGet(46)) - raft.server.snapshot.auto.trigger.threshold = 10000 (custom)
2022-07-12 23:25:28,761 [pool-1158-thread-1] INFO  server.RaftServerConfigKeys (ConfUtils.java:logGet(46)) - raft.server.snapshot.retention.file.num = 5 (custom)
2022-07-12 23:25:28,761 [pool-1158-thread-1] INFO  server.RaftServerConfigKeys (ConfUtils.java:logGet(46)) - raft.server.log.purge.upto.snapshot.index = false (default)
2022-07-12 23:25:28,761 [pool-1158-thread-1] INFO  server.RaftServerConfigKeys (ConfUtils.java:logGet(46)) - raft.server.retrycache.expirytime = 600000ms (custom)
2022-07-12 23:25:28,761 [pool-1158-thread-1] INFO  server.RaftServerConfigKeys (ConfUtils.java:logGet(46)) - raft.server.retrycache.statistics.expirytime = 100μs (default)
2022-07-12 23:25:28,809 [pool-1158-thread-1] INFO  server.RaftServerConfigKeys (ConfUtils.java:logGet(46)) - raft.server.log.appender.install.snapshot.enabled = false (custom)
2022-07-12 23:25:28,809 [pool-1158-thread-1] INFO  server.RaftServerConfigKeys (ConfUtils.java:logGet(46)) - raft.server.threadpool.server.cached = true (default)
2022-07-12 23:25:28,809 [pool-1158-thread-1] INFO  server.RaftServerConfigKeys (ConfUtils.java:logGet(46)) - raft.server.threadpool.server.size = 0 (default)
2022-07-12 23:25:28,809 [pool-1158-thread-1] INFO  server.RaftServerConfigKeys (ConfUtils.java:logGet(46)) - raft.server.threadpool.client.cached = true (default)
2022-07-12 23:25:28,809 [pool-1158-thread-1] INFO  server.RaftServerConfigKeys (ConfUtils.java:logGet(46)) - raft.server.threadpool.client.size = 0 (default)
2022-07-12 23:25:28,809 [pool-1158-thread-1] INFO  server.RaftServer$Division (RaftServerImpl.java:start(310)) - a135f15d-6580-477c-8a71-f9528412742f@group-69F1DBBBEBD9: start as a follower, conf=-1: [a135f15d-6580-477c-8a71-f9528412742f|rpc:10.1.0.13:34569|priority:1], old=null
2022-07-12 23:25:28,809 [pool-1158-thread-1] INFO  server.RaftServer$Division (RaftServerImpl.java:setRole(299)) - a135f15d-6580-477c-8a71-f9528412742f@group-69F1DBBBEBD9: changes role from      null to FOLLOWER at term 0 for startAsFollower
2022-07-12 23:25:28,809 [pool-1158-thread-1] INFO  impl.RoleInfo (RoleInfo.java:updateAndGet(139)) - a135f15d-6580-477c-8a71-f9528412742f: start a135f15d-6580-477c-8a71-f9528412742f@group-69F1DBBBEBD9-FollowerState
2022-07-12 23:25:28,817 [pool-1158-thread-1] INFO  util.JmxRegister (JmxRegister.java:tryRegister(44)) - Successfully registered JMX Bean with object name Ratis:service=RaftServer,group=group-69F1DBBBEBD9,id=a135f15d-6580-477c-8a71-f9528412742f
2022-07-12 23:25:28,818 [Command processor thread] INFO  ratis.XceiverServerRatis (XceiverServerRatis.java:addGroup(765)) - Created group PipelineID=582ac2da-8ebe-461a-80bf-69f1dbbbebd9
2022-07-12 23:25:28,818 [Command processor thread] INFO  commandhandler.CreatePipelineCommandHandler (CreatePipelineCommandHandler.java:handle(113)) - Created Pipeline RATIS ONE PipelineID=582ac2da-8ebe-461a-80bf-69f1dbbbebd9.
2022-07-12 23:25:28,843 [Command processor thread] INFO  commandhandler.CreatePipelineCommandHandler (CreatePipelineCommandHandler.java:handle(113)) - Created Pipeline RATIS THREE PipelineID=ea277f44-538e-4cf3-b742-1457d70a6616.
2022-07-12 23:25:29,001 [Listener at 127.0.0.1/46473] INFO  ozone.MiniOzoneClusterImpl (MiniOzoneClusterImpl.java:lambda$waitForClusterToBeReady$0(216)) - Waiting for nodes to be ready. Got 4 of 5 DN Heartbeats.
2022-07-12 23:25:29,001 [Listener at 127.0.0.1/46473] INFO  ozone.MiniOzoneClusterImpl (MiniOzoneClusterImpl.java:lambda$waitForClusterToBeReady$0(219)) - Waiting for cluster to exit safe mode
2022-07-12 23:25:29,001 [Listener at 127.0.0.1/46473] INFO  ozone.MiniOzoneClusterImpl (MiniOzoneClusterImpl.java:lambda$waitForClusterToBeReady$0(221)) - SCM became leader
2022-07-12 23:25:30,001 [Listener at 127.0.0.1/46473] INFO  ozone.MiniOzoneClusterImpl (MiniOzoneClusterImpl.java:lambda$waitForClusterToBeReady$0(216)) - Waiting for nodes to be ready. Got 4 of 5 DN Heartbeats.
2022-07-12 23:25:30,002 [Listener at 127.0.0.1/46473] INFO  ozone.MiniOzoneClusterImpl (MiniOzoneClusterImpl.java:lambda$waitForClusterToBeReady$0(219)) - Waiting for cluster to exit safe mode
2022-07-12 23:25:30,002 [Listener at 127.0.0.1/46473] INFO  ozone.MiniOzoneClusterImpl (MiniOzoneClusterImpl.java:lambda$waitForClusterToBeReady$0(221)) - SCM became leader
2022-07-12 23:25:30,208 [IPC Server handler 14 on default port 39387] INFO  net.NetworkTopologyImpl (NetworkTopologyImpl.java:add(112)) - Added a new node: /default-rack/8960f961-c44a-41ec-8336-420a965cc97a
2022-07-12 23:25:30,208 [IPC Server handler 14 on default port 39387] INFO  node.SCMNodeManager (SCMNodeManager.java:register(397)) - Registered Data node : 8960f961-c44a-41ec-8336-420a965cc97a{ip: 10.1.0.13, host: fv-az46-473.aox2mo1hufxu3kclv1weif3kjc.bx.internal.cloudapp.net, ports: [REPLICATION=45863, RATIS=36833, RATIS_ADMIN=36833, RATIS_SERVER=36833, STANDALONE=38085], networkLocation: /default-rack, certSerialId: null, persistedOpState: null, persistedOpStateExpiryEpochSec: 0}
2022-07-12 23:25:30,209 [EventQueue-NewNodeForNewNodeHandler] INFO  pipeline.BackgroundPipelineCreator (BackgroundPipelineCreator.java:notifyEventTriggered(276)) - trigger a one-shot run on RatisPipelineUtilsThread.
2022-07-12 23:25:30,209 [RatisPipelineUtilsThread - 0] INFO  pipeline.RatisPipelineProvider (RatisPipelineProvider.java:lambda$create$0(195)) - Sending CreatePipelineCommand for pipeline:PipelineID=16d9962e-6179-46f8-8547-4a82939bf426 to datanode:8960f961-c44a-41ec-8336-420a965cc97a
2022-07-12 23:25:30,210 [RatisPipelineUtilsThread - 0] INFO  pipeline.PipelineStateManagerImpl (PipelineStateManagerImpl.java:addPipeline(103)) - Created pipeline Pipeline[ Id: 16d9962e-6179-46f8-8547-4a82939bf426, Nodes: 8960f961-c44a-41ec-8336-420a965cc97a{ip: 10.1.0.13, host: fv-az46-473.aox2mo1hufxu3kclv1weif3kjc.bx.internal.cloudapp.net, ports: [REPLICATION=45863, RATIS=36833, RATIS_ADMIN=36833, RATIS_SERVER=36833, STANDALONE=38085], networkLocation: /default-rack, certSerialId: null, persistedOpState: IN_SERVICE, persistedOpStateExpiryEpochSec: 0}, ReplicationConfig: RATIS/ONE, State:ALLOCATED, leaderId:, CreationTimestamp2022-07-12T23:25:30.209Z[Etc/UTC]].
2022-07-12 23:25:31,002 [Listener at 127.0.0.1/46473] INFO  ozone.MiniOzoneClusterImpl (MiniOzoneClusterImpl.java:lambda$waitForClusterToBeReady$0(216)) - Nodes are ready. Got 5 of 5 DN Heartbeats.
2022-07-12 23:25:31,002 [Listener at 127.0.0.1/46473] INFO  ozone.MiniOzoneClusterImpl (MiniOzoneClusterImpl.java:lambda$waitForClusterToBeReady$0(219)) - Waiting for cluster to exit safe mode
2022-07-12 23:25:31,002 [Listener at 127.0.0.1/46473] INFO  ozone.MiniOzoneClusterImpl (MiniOzoneClusterImpl.java:lambda$waitForClusterToBeReady$0(221)) - SCM became leader
2022-07-12 23:25:31,630 [Command processor thread] INFO  server.RaftServer (RaftServerProxy.java:addNew(96)) - b6995a44-4e23-4c6f-99f5-2545e88719ae: addNew group-D3E28053F856:[b6995a44-4e23-4c6f-99f5-2545e88719ae|rpc:10.1.0.13:39997|priority:1] returns group-D3E28053F856:java.util.concurrent.CompletableFuture@13e8f569[Not completed]
2022-07-12 23:25:31,631 [pool-1209-thread-1] INFO  server.RaftServer$Division (RaftServerImpl.java:<init>(190)) - b6995a44-4e23-4c6f-99f5-2545e88719ae: new RaftServerImpl for group-D3E28053F856:[b6995a44-4e23-4c6f-99f5-2545e88719ae|rpc:10.1.0.13:39997|priority:1] with ContainerStateMachine:uninitialized
2022-07-12 23:25:31,631 [pool-1209-thread-1] INFO  server.RaftServerConfigKeys (ConfUtils.java:logGet(46)) - raft.server.rpc.timeout.min = 5s (custom)
2022-07-12 23:25:31,632 [pool-1209-thread-1] INFO  server.RaftServerConfigKeys (ConfUtils.java:logGet(46)) - raft.server.rpc.timeout.max = 5200ms (custom)
2022-07-12 23:25:31,632 [pool-1209-thread-1] INFO  server.RaftServerConfigKeys (ConfUtils.java:logGet(46)) - raft.server.rpc.sleep.time = 25ms (default)
2022-07-12 23:25:31,632 [pool-1209-thread-1] INFO  server.RaftServerConfigKeys (ConfUtils.java:logGet(46)) - raft.server.rpc.slowness.timeout = 300s (custom)
2022-07-12 23:25:31,632 [pool-1209-thread-1] INFO  server.RaftServerConfigKeys (ConfUtils.java:logGet(46)) - raft.server.leaderelection.leader.step-down.wait-time = 10s (default)
2022-07-12 23:25:31,632 [pool-1209-thread-1] INFO  server.RaftServerConfigKeys (ConfUtils.java:logGet(46)) - raft.server.sleep.deviation.threshold = 300ms (default)
2022-07-12 23:25:31,632 [pool-1209-thread-1] INFO  server.RaftServer$Division (ServerState.java:<init>(107)) - b6995a44-4e23-4c6f-99f5-2545e88719ae@group-D3E28053F856: ConfigurationManager, init=-1: [b6995a44-4e23-4c6f-99f5-2545e88719ae|rpc:10.1.0.13:39997|priority:1], old=null, confs=<EMPTY_MAP>
2022-07-12 23:25:31,632 [pool-1209-thread-1] INFO  server.RaftServerConfigKeys (ConfUtils.java:logGet(46)) - raft.server.storage.dir = [/home/runner/work/ozone/ozone/hadoop-ozone/integration-test/target/test-dir/MiniOzoneClusterImpl-9bee4ffb-16ee-4d3a-b6f9-e52fae08084a/datanode-3/data/ratis] (custom)
2022-07-12 23:25:31,632 [pool-1209-thread-1] INFO  server.RaftServerConfigKeys (ConfUtils.java:logGet(46)) - raft.server.log.corruption.policy = EXCEPTION (default)
2022-07-12 23:25:31,632 [pool-1209-thread-1] INFO  server.RaftServerConfigKeys (ConfUtils.java:logGet(46)) - raft.server.storage.free-space.min = 0MB (=0) (default)
2022-07-12 23:25:31,632 [pool-1209-thread-1] INFO  storage.RaftStorageDirectory (RaftStorageDirectoryImpl.java:analyzeStorage(135)) - The storage directory /home/runner/work/ozone/ozone/hadoop-ozone/integration-test/target/test-dir/MiniOzoneClusterImpl-9bee4ffb-16ee-4d3a-b6f9-e52fae08084a/datanode-3/data/ratis/19bba36b-f4f6-42ac-aab9-d3e28053f856 does not exist. Creating ...
2022-07-12 23:25:31,634 [pool-1209-thread-1] INFO  storage.RaftStorageDirectory (RaftStorageDirectoryImpl.java:tryLock(230)) - Lock on /home/runner/work/ozone/ozone/hadoop-ozone/integration-test/target/test-dir/MiniOzoneClusterImpl-9bee4ffb-16ee-4d3a-b6f9-e52fae08084a/datanode-3/data/ratis/19bba36b-f4f6-42ac-aab9-d3e28053f856/in_use.lock acquired by nodename 30948@fv-az46-473
2022-07-12 23:25:31,652 [pool-1209-thread-1] INFO  storage.RaftStorage (RaftStorageImpl.java:format(89)) - Storage directory /home/runner/work/ozone/ozone/hadoop-ozone/integration-test/target/test-dir/MiniOzoneClusterImpl-9bee4ffb-16ee-4d3a-b6f9-e52fae08084a/datanode-3/data/ratis/19bba36b-f4f6-42ac-aab9-d3e28053f856 has been successfully formatted.
2022-07-12 23:25:31,686 [pool-1209-thread-1] INFO  ratis.ContainerStateMachine (ContainerStateMachine.java:loadSnapshot(236)) - group-D3E28053F856: The snapshot info is null. Setting the last applied indexto:(t:0, i:~)
2022-07-12 23:25:31,686 [pool-1209-thread-1] INFO  server.RaftServerConfigKeys (ConfUtils.java:logGet(46)) - raft.server.notification.no-leader.timeout = 300s (custom)
2022-07-12 23:25:31,686 [pool-1209-thread-1] INFO  server.RaftServerConfigKeys (ConfUtils.java:logGet(46)) - raft.server.log.use.memory = false (default)
2022-07-12 23:25:31,686 [pool-1209-thread-1] INFO  server.RaftServerConfigKeys (ConfUtils.java:logGet(46)) - raft.server.log.purge.gap = 1000000 (custom)
2022-07-12 23:25:31,686 [pool-1209-thread-1] INFO  server.RaftServerConfigKeys (ConfUtils.java:logGet(46)) - raft.server.log.appender.buffer.byte-limit = 33554432 (custom)
2022-07-12 23:25:31,686 [pool-1209-thread-1] INFO  server.RaftServerConfigKeys (ConfUtils.java:logGet(46)) - raft.server.log.statemachine.data.read.timeout = 1000ms (default)
2022-07-12 23:25:31,687 [pool-1209-thread-1] INFO  server.RaftServerConfigKeys (ConfUtils.java:logGet(46)) - raft.server.log.segment.size.max = 1048576 (custom)
2022-07-12 23:25:31,687 [pool-1209-thread-1] INFO  server.RaftServerConfigKeys (ConfUtils.java:logGet(46)) - raft.server.log.segment.cache.num.max = 2 (custom)
2022-07-12 23:25:31,687 [pool-1209-thread-1] INFO  server.RaftServerConfigKeys (ConfUtils.java:logGet(46)) - raft.server.log.segment.cache.size.max = 200MB (=209715200) (default)
2022-07-12 23:25:31,687 [pool-1209-thread-1] INFO  segmented.SegmentedRaftLogWorker (SegmentedRaftLogWorker.java:<init>(187)) - new b6995a44-4e23-4c6f-99f5-2545e88719ae@group-D3E28053F856-SegmentedRaftLogWorker for RaftStorageImpl:Storage Directory /home/runner/work/ozone/ozone/hadoop-ozone/integration-test/target/test-dir/MiniOzoneClusterImpl-9bee4ffb-16ee-4d3a-b6f9-e52fae08084a/datanode-3/data/ratis/19bba36b-f4f6-42ac-aab9-d3e28053f856
2022-07-12 23:25:31,687 [pool-1209-thread-1] INFO  server.RaftServerConfigKeys (ConfUtils.java:logGet(46)) - raft.server.log.queue.byte-limit = 4294967296 (custom)
2022-07-12 23:25:31,687 [pool-1209-thread-1] INFO  server.RaftServerConfigKeys (ConfUtils.java:logGet(46)) - raft.server.log.queue.element-limit = 1024 (custom)
2022-07-12 23:25:31,687 [pool-1209-thread-1] INFO  server.RaftServerConfigKeys (ConfUtils.java:logGet(46)) - raft.server.log.segment.size.max = 1048576 (custom)
2022-07-12 23:25:31,687 [pool-1209-thread-1] INFO  server.RaftServerConfigKeys (ConfUtils.java:logGet(46)) - raft.server.log.preallocated.size = 16384 (custom)
2022-07-12 23:25:31,687 [pool-1209-thread-1] INFO  server.RaftServerConfigKeys (ConfUtils.java:logGet(46)) - raft.server.log.force.sync.num = 128 (default)
2022-07-12 23:25:31,687 [pool-1209-thread-1] INFO  server.RaftServerConfigKeys (ConfUtils.java:logGet(46)) - raft.server.log.statemachine.data.sync = true (default)
2022-07-12 23:25:31,687 [pool-1209-thread-1] INFO  server.RaftServerConfigKeys (ConfUtils.java:logGet(46)) - raft.server.log.statemachine.data.sync.timeout = 10s (default)
2022-07-12 23:25:31,687 [pool-1209-thread-1] INFO  server.RaftServerConfigKeys (ConfUtils.java:logGet(46)) - raft.server.log.statemachine.data.sync.timeout.retry = -1 (default)
2022-07-12 23:25:31,689 [pool-1209-thread-1] INFO  server.RaftServerConfigKeys (ConfUtils.java:logGet(46)) - raft.server.log.write.buffer.size = 1048576 (custom)
2022-07-12 23:25:31,692 [EventQueue-PipelineReportForPipelineReportHandler] INFO  pipeline.PipelineManagerImpl (PipelineManagerImpl.java:openPipeline(367)) - Pipeline Pipeline[ Id: 19bba36b-f4f6-42ac-aab9-d3e28053f856, Nodes: b6995a44-4e23-4c6f-99f5-2545e88719ae{ip: 10.1.0.13, host: fv-az46-473.aox2mo1hufxu3kclv1weif3kjc.bx.internal.cloudapp.net, ports: [REPLICATION=40291, RATIS=39997, RATIS_ADMIN=39997, RATIS_SERVER=39997, STANDALONE=43741], networkLocation: /default-rack, certSerialId: null, persistedOpState: IN_SERVICE, persistedOpStateExpiryEpochSec: 0}, ReplicationConfig: RATIS/ONE, State:ALLOCATED, leaderId:b6995a44-4e23-4c6f-99f5-2545e88719ae, CreationTimestamp2022-07-12T23:25:28.630Z[Etc/UTC]] moved to OPEN state
2022-07-12 23:25:31,692 [EventQueue-OpenPipelineForHealthyPipelineSafeModeRule] INFO  safemode.SCMSafeModeManager (HealthyPipelineSafeModeRule.java:process(137)) - SCM in safe mode. Healthy pipelines reported count is 0, required healthy pipeline reported count is 1
2022-07-12 23:25:31,695 [pool-1209-thread-1] INFO  server.RaftServerConfigKeys (ConfUtils.java:logGet(46)) - raft.server.log.unsafe-flush.enabled = false (default)
2022-07-12 23:25:31,695 [pool-1209-thread-1] INFO  server.RaftServerConfigKeys (ConfUtils.java:logGet(46)) - raft.server.log.statemachine.data.caching.enabled = true (custom)
2022-07-12 23:25:31,695 [pool-1209-thread-1] INFO  segmented.SegmentedRaftLogWorker (SegmentedRaftLogWorker.java:lambda$new$0(135)) - b6995a44-4e23-4c6f-99f5-2545e88719ae@group-D3E28053F856-SegmentedRaftLogWorker: flushIndex: setUnconditionally 0 -> -1
2022-07-12 23:25:31,695 [pool-1209-thread-1] INFO  segmented.SegmentedRaftLogWorker (SegmentedRaftLogWorker.java:lambda$new$0(135)) - b6995a44-4e23-4c6f-99f5-2545e88719ae@group-D3E28053F856-SegmentedRaftLogWorker: safeCacheEvictIndex: setUnconditionally 0 -> -1
2022-07-12 23:25:31,708 [pool-1209-thread-1] INFO  server.RaftServerConfigKeys (ConfUtils.java:logGet(46)) - raft.server.snapshot.auto.trigger.enabled = true (custom)
2022-07-12 23:25:31,708 [pool-1209-thread-1] INFO  server.RaftServerConfigKeys (ConfUtils.java:logGet(46)) - raft.server.snapshot.auto.trigger.threshold = 10000 (custom)
2022-07-12 23:25:31,708 [pool-1209-thread-1] INFO  server.RaftServerConfigKeys (ConfUtils.java:logGet(46)) - raft.server.snapshot.retention.file.num = 5 (custom)
2022-07-12 23:25:31,708 [pool-1209-thread-1] INFO  server.RaftServerConfigKeys (ConfUtils.java:logGet(46)) - raft.server.log.purge.upto.snapshot.index = false (default)
2022-07-12 23:25:31,708 [pool-1209-thread-1] INFO  server.RaftServerConfigKeys (ConfUtils.java:logGet(46)) - raft.server.retrycache.expirytime = 600000ms (custom)
2022-07-12 23:25:31,709 [pool-1209-thread-1] INFO  server.RaftServerConfigKeys (ConfUtils.java:logGet(46)) - raft.server.retrycache.statistics.expirytime = 100μs (default)
2022-07-12 23:25:31,710 [pool-1209-thread-1] INFO  server.RaftServerConfigKeys (ConfUtils.java:logGet(46)) - raft.server.log.appender.install.snapshot.enabled = false (custom)
2022-07-12 23:25:31,710 [pool-1209-thread-1] INFO  server.RaftServerConfigKeys (ConfUtils.java:logGet(46)) - raft.server.threadpool.server.cached = true (default)
2022-07-12 23:25:31,710 [pool-1209-thread-1] INFO  server.RaftServerConfigKeys (ConfUtils.java:logGet(46)) - raft.server.threadpool.server.size = 0 (default)
2022-07-12 23:25:31,710 [pool-1209-thread-1] INFO  server.RaftServerConfigKeys (ConfUtils.java:logGet(46)) - raft.server.threadpool.client.cached = true (default)
2022-07-12 23:25:31,710 [pool-1209-thread-1] INFO  server.RaftServerConfigKeys (ConfUtils.java:logGet(46)) - raft.server.threadpool.client.size = 0 (default)
2022-07-12 23:25:31,710 [pool-1209-thread-1] INFO  server.RaftServer$Division (RaftServerImpl.java:start(310)) - b6995a44-4e23-4c6f-99f5-2545e88719ae@group-D3E28053F856: start as a follower, conf=-1: [b6995a44-4e23-4c6f-99f5-2545e88719ae|rpc:10.1.0.13:39997|priority:1], old=null
2022-07-12 23:25:31,710 [pool-1209-thread-1] INFO  server.RaftServer$Division (RaftServerImpl.java:setRole(299)) - b6995a44-4e23-4c6f-99f5-2545e88719ae@group-D3E28053F856: changes role from      null to FOLLOWER at term 0 for startAsFollower
2022-07-12 23:25:31,710 [pool-1209-thread-1] INFO  impl.RoleInfo (RoleInfo.java:updateAndGet(139)) - b6995a44-4e23-4c6f-99f5-2545e88719ae: start b6995a44-4e23-4c6f-99f5-2545e88719ae@group-D3E28053F856-FollowerState
2022-07-12 23:25:31,730 [pool-1209-thread-1] INFO  util.JmxRegister (JmxRegister.java:tryRegister(44)) - Successfully registered JMX Bean with object name Ratis:service=RaftServer,group=group-D3E28053F856,id=b6995a44-4e23-4c6f-99f5-2545e88719ae
2022-07-12 23:25:31,733 [Command processor thread] INFO  ratis.XceiverServerRatis (XceiverServerRatis.java:addGroup(765)) - Created group PipelineID=19bba36b-f4f6-42ac-aab9-d3e28053f856
2022-07-12 23:25:31,733 [Command processor thread] INFO  commandhandler.CreatePipelineCommandHandler (CreatePipelineCommandHandler.java:handle(113)) - Created Pipeline RATIS ONE PipelineID=19bba36b-f4f6-42ac-aab9-d3e28053f856.
2022-07-12 23:25:32,002 [Listener at 127.0.0.1/46473] INFO  ozone.MiniOzoneClusterImpl (MiniOzoneClusterImpl.java:lambda$waitForClusterToBeReady$0(216)) - Nodes are ready. Got 5 of 5 DN Heartbeats.
2022-07-12 23:25:32,003 [Listener at 127.0.0.1/46473] INFO  ozone.MiniOzoneClusterImpl (MiniOzoneClusterImpl.java:lambda$waitForClusterToBeReady$0(219)) - Waiting for cluster to exit safe mode
2022-07-12 23:25:32,003 [Listener at 127.0.0.1/46473] INFO  ozone.MiniOzoneClusterImpl (MiniOzoneClusterImpl.java:lambda$waitForClusterToBeReady$0(221)) - SCM became leader
2022-07-12 23:25:32,441 [d62677b6-aca1-45f9-8cbf-ef07d3f04380@group-E60A59360E00-FollowerState] INFO  impl.FollowerState (FollowerState.java:run(143)) - d62677b6-aca1-45f9-8cbf-ef07d3f04380@group-E60A59360E00-FollowerState: change to CANDIDATE, lastRpcElapsedTime:5071229568ns, electionTimeout:5051ms
2022-07-12 23:25:32,441 [d62677b6-aca1-45f9-8cbf-ef07d3f04380@group-E60A59360E00-FollowerState] INFO  impl.RoleInfo (RoleInfo.java:shutdownFollowerState(110)) - d62677b6-aca1-45f9-8cbf-ef07d3f04380: shutdown d62677b6-aca1-45f9-8cbf-ef07d3f04380@group-E60A59360E00-FollowerState
2022-07-12 23:25:32,441 [d62677b6-aca1-45f9-8cbf-ef07d3f04380@group-E60A59360E00-FollowerState] INFO  server.RaftServer$Division (RaftServerImpl.java:setRole(299)) - d62677b6-aca1-45f9-8cbf-ef07d3f04380@group-E60A59360E00: changes role from  FOLLOWER to CANDIDATE at term 0 for changeToCandidate
2022-07-12 23:25:32,441 [d62677b6-aca1-45f9-8cbf-ef07d3f04380@group-E60A59360E00-FollowerState] INFO  server.RaftServerConfigKeys (ConfUtils.java:logGet(46)) - raft.server.leaderelection.pre-vote = false (custom)
2022-07-12 23:25:32,441 [d62677b6-aca1-45f9-8cbf-ef07d3f04380@group-E60A59360E00-FollowerState] INFO  impl.RoleInfo (RoleInfo.java:updateAndGet(139)) - d62677b6-aca1-45f9-8cbf-ef07d3f04380: start d62677b6-aca1-45f9-8cbf-ef07d3f04380@group-E60A59360E00-LeaderElection73
2022-07-12 23:25:32,447 [d62677b6-aca1-45f9-8cbf-ef07d3f04380@group-ADAA8812A9A1-FollowerState] INFO  impl.FollowerState (FollowerState.java:run(143)) - d62677b6-aca1-45f9-8cbf-ef07d3f04380@group-ADAA8812A9A1-FollowerState: change to CANDIDATE, lastRpcElapsedTime:5117559557ns, electionTimeout:5089ms
2022-07-12 23:25:32,447 [d62677b6-aca1-45f9-8cbf-ef07d3f04380@group-ADAA8812A9A1-FollowerState] INFO  impl.RoleInfo (RoleInfo.java:shutdownFollowerState(110)) - d62677b6-aca1-45f9-8cbf-ef07d3f04380: shutdown d62677b6-aca1-45f9-8cbf-ef07d3f04380@group-ADAA8812A9A1-FollowerState
2022-07-12 23:25:32,447 [d62677b6-aca1-45f9-8cbf-ef07d3f04380@group-ADAA8812A9A1-FollowerState] INFO  server.RaftServer$Division (RaftServerImpl.java:setRole(299)) - d62677b6-aca1-45f9-8cbf-ef07d3f04380@group-ADAA8812A9A1: changes role from  FOLLOWER to CANDIDATE at term 0 for changeToCandidate
2022-07-12 23:25:32,448 [d62677b6-aca1-45f9-8cbf-ef07d3f04380@group-ADAA8812A9A1-FollowerState] INFO  server.RaftServerConfigKeys (ConfUtils.java:logGet(46)) - raft.server.leaderelection.pre-vote = false (custom)
2022-07-12 23:25:32,448 [d62677b6-aca1-45f9-8cbf-ef07d3f04380@group-ADAA8812A9A1-FollowerState] INFO  impl.RoleInfo (RoleInfo.java:updateAndGet(139)) - d62677b6-aca1-45f9-8cbf-ef07d3f04380: start d62677b6-aca1-45f9-8cbf-ef07d3f04380@group-ADAA8812A9A1-LeaderElection74
2022-07-12 23:25:32,448 [d62677b6-aca1-45f9-8cbf-ef07d3f04380@group-E60A59360E00-LeaderElection73] INFO  impl.LeaderElection (LeaderElection.java:askForVotes(310)) - d62677b6-aca1-45f9-8cbf-ef07d3f04380@group-E60A59360E00-LeaderElection73 ELECTION round 0: submit vote requests at term 1 for -1: [a135f15d-6580-477c-8a71-f9528412742f|rpc:10.1.0.13:34569|priority:0, 11563331-6701-4d30-8001-992896c542e0|rpc:10.1.0.13:45985|priority:0, d62677b6-aca1-45f9-8cbf-ef07d3f04380|rpc:10.1.0.13:43415|priority:1], old=null
2022-07-12 23:25:32,525 [d62677b6-aca1-45f9-8cbf-ef07d3f04380@group-ADAA8812A9A1-LeaderElection74] INFO  impl.LeaderElection (LeaderElection.java:askForVotes(310)) - d62677b6-aca1-45f9-8cbf-ef07d3f04380@group-ADAA8812A9A1-LeaderElection74 ELECTION round 0: submit vote requests at term 1 for -1: [d62677b6-aca1-45f9-8cbf-ef07d3f04380|rpc:10.1.0.13:43415|priority:1], old=null
2022-07-12 23:25:32,525 [d62677b6-aca1-45f9-8cbf-ef07d3f04380@group-ADAA8812A9A1-LeaderElection74] INFO  impl.LeaderElection (LeaderElection.java:askForVotes(312)) - d62677b6-aca1-45f9-8cbf-ef07d3f04380@group-ADAA8812A9A1-LeaderElection74 ELECTION round 0: result PASSED (term=1)
2022-07-12 23:25:32,525 [d62677b6-aca1-45f9-8cbf-ef07d3f04380@group-ADAA8812A9A1-LeaderElection74] INFO  impl.RoleInfo (RoleInfo.java:shutdownLeaderElection(130)) - d62677b6-aca1-45f9-8cbf-ef07d3f04380: shutdown d62677b6-aca1-45f9-8cbf-ef07d3f04380@group-ADAA8812A9A1-LeaderElection74
2022-07-12 23:25:32,525 [d62677b6-aca1-45f9-8cbf-ef07d3f04380@group-ADAA8812A9A1-LeaderElection74] INFO  server.RaftServer$Division (RaftServerImpl.java:setRole(299)) - d62677b6-aca1-45f9-8cbf-ef07d3f04380@group-ADAA8812A9A1: changes role from CANDIDATE to LEADER at term 1 for changeToLeader
2022-07-12 23:25:32,525 [d62677b6-aca1-45f9-8cbf-ef07d3f04380@group-ADAA8812A9A1-LeaderElection74] INFO  ratis.XceiverServerRatis (XceiverServerRatis.java:handleLeaderChangedNotification(863)) - Leader change notification received for group: group-ADAA8812A9A1 with new leaderId: d62677b6-aca1-45f9-8cbf-ef07d3f04380
2022-07-12 23:25:32,526 [d62677b6-aca1-45f9-8cbf-ef07d3f04380@group-ADAA8812A9A1-LeaderElection74] INFO  server.RaftServer$Division (ServerState.java:setLeader(287)) - d62677b6-aca1-45f9-8cbf-ef07d3f04380@group-ADAA8812A9A1: change Leader from null to d62677b6-aca1-45f9-8cbf-ef07d3f04380 at term 1 for becomeLeader, leader elected after 5284ms
2022-07-12 23:25:32,526 [d62677b6-aca1-45f9-8cbf-ef07d3f04380@group-ADAA8812A9A1-LeaderElection74] INFO  server.RaftServerConfigKeys (ConfUtils.java:logGet(46)) - raft.server.staging.catchup.gap = 1000 (default)
2022-07-12 23:25:32,526 [d62677b6-aca1-45f9-8cbf-ef07d3f04380@group-ADAA8812A9A1-LeaderElection74] INFO  server.RaftServerConfigKeys (ConfUtils.java:logGet(46)) - raft.server.write.element-limit = 1024 (custom)
2022-07-12 23:25:32,526 [d62677b6-aca1-45f9-8cbf-ef07d3f04380@group-ADAA8812A9A1-LeaderElection74] INFO  server.RaftServerConfigKeys (ConfUtils.java:logGet(46)) - raft.server.write.byte-limit = 1024 M (=1073741824) (custom)
2022-07-12 23:25:32,526 [d62677b6-aca1-45f9-8cbf-ef07d3f04380@group-ADAA8812A9A1-LeaderElection74] INFO  server.RaftServerConfigKeys (ConfUtils.java:logGet(46)) - raft.server.watch.timeout = 180s (custom)
2022-07-12 23:25:32,526 [d62677b6-aca1-45f9-8cbf-ef07d3f04380@group-ADAA8812A9A1-LeaderElection74] INFO  server.RaftServerConfigKeys (ConfUtils.java:logGet(46)) - raft.server.watch.timeout.denomination = 1s (default)
2022-07-12 23:25:32,526 [d62677b6-aca1-45f9-8cbf-ef07d3f04380@group-ADAA8812A9A1-LeaderElection74] INFO  server.RaftServerConfigKeys (ConfUtils.java:logGet(46)) - raft.server.watch.element-limit = 65536 (default)
2022-07-12 23:25:32,526 [d62677b6-aca1-45f9-8cbf-ef07d3f04380@group-ADAA8812A9A1-LeaderElection74] INFO  server.RaftServerConfigKeys (ConfUtils.java:logGet(46)) - raft.server.write.element-limit = 1024 (custom)
2022-07-12 23:25:32,526 [d62677b6-aca1-45f9-8cbf-ef07d3f04380@group-ADAA8812A9A1-LeaderElection74] INFO  server.RaftServerConfigKeys (ConfUtils.java:logGet(46)) - raft.server.write.follower.gap.ratio.max = -1.0 (default)
2022-07-12 23:25:32,527 [d62677b6-aca1-45f9-8cbf-ef07d3f04380@group-ADAA8812A9A1-LeaderElection74] INFO  impl.RoleInfo (RoleInfo.java:updateAndGet(139)) - d62677b6-aca1-45f9-8cbf-ef07d3f04380: start d62677b6-aca1-45f9-8cbf-ef07d3f04380@group-ADAA8812A9A1-LeaderStateImpl
2022-07-12 23:25:32,527 [d62677b6-aca1-45f9-8cbf-ef07d3f04380@group-ADAA8812A9A1-LeaderElection74] INFO  segmented.SegmentedRaftLogWorker (SegmentedRaftLogWorker.java:startLogSegment(425)) - d62677b6-aca1-45f9-8cbf-ef07d3f04380@group-ADAA8812A9A1-SegmentedRaftLogWorker: Starting segment from index:0
2022-07-12 23:25:32,529 [EventQueue-OpenPipelineForHealthyPipelineSafeModeRule] INFO  safemode.SCMSafeModeManager (HealthyPipelineSafeModeRule.java:process(137)) - SCM in safe mode. Healthy pipelines reported count is 0, required healthy pipeline reported count is 1
2022-07-12 23:25:32,541 [d62677b6-aca1-45f9-8cbf-ef07d3f04380@group-ADAA8812A9A1-LeaderElection74] INFO  server.RaftServer$Division (ServerState.java:setRaftConf(393)) - d62677b6-aca1-45f9-8cbf-ef07d3f04380@group-ADAA8812A9A1: set configuration 0: [d62677b6-aca1-45f9-8cbf-ef07d3f04380|rpc:10.1.0.13:43415|dataStream:|priority:1], old=null
2022-07-12 23:25:32,569 [d62677b6-aca1-45f9-8cbf-ef07d3f04380@group-ADAA8812A9A1-SegmentedRaftLogWorker] INFO  segmented.SegmentedRaftLogWorker (SegmentedRaftLogWorker.java:execute(629)) - d62677b6-aca1-45f9-8cbf-ef07d3f04380@group-ADAA8812A9A1-SegmentedRaftLogWorker: created new log segment /home/runner/work/ozone/ozone/hadoop-ozone/integration-test/target/test-dir/MiniOzoneClusterImpl-9bee4ffb-16ee-4d3a-b6f9-e52fae08084a/datanode-0/data/ratis/482c5ff8-2e37-4cda-8d13-adaa8812a9a1/current/log_inprogress_0
2022-07-12 23:25:32,646 [grpc-default-executor-0] INFO  server.RaftServer$Division (RaftServerImpl.java:requestVote(1152)) - a135f15d-6580-477c-8a71-f9528412742f@group-E60A59360E00: receive requestVote(ELECTION, d62677b6-aca1-45f9-8cbf-ef07d3f04380, group-E60A59360E00, 1, (t:0, i:0))
2022-07-12 23:25:32,646 [grpc-default-executor-0] INFO  impl.VoteContext (VoteContext.java:log(48)) - a135f15d-6580-477c-8a71-f9528412742f@group-E60A59360E00-FOLLOWER: accept ELECTION from d62677b6-aca1-45f9-8cbf-ef07d3f04380: our priority 0 <= candidate's priority 1
2022-07-12 23:25:32,646 [grpc-default-executor-0] INFO  server.RaftServer$Division (RaftServerImpl.java:setRole(299)) - a135f15d-6580-477c-8a71-f9528412742f@group-E60A59360E00: changes role from  FOLLOWER to FOLLOWER at term 1 for candidate:d62677b6-aca1-45f9-8cbf-ef07d3f04380
2022-07-12 23:25:32,646 [grpc-default-executor-0] INFO  impl.RoleInfo (RoleInfo.java:shutdownFollowerState(110)) - a135f15d-6580-477c-8a71-f9528412742f: shutdown a135f15d-6580-477c-8a71-f9528412742f@group-E60A59360E00-FollowerState
2022-07-12 23:25:32,647 [grpc-default-executor-0] INFO  impl.RoleInfo (RoleInfo.java:updateAndGet(139)) - a135f15d-6580-477c-8a71-f9528412742f: start a135f15d-6580-477c-8a71-f9528412742f@group-E60A59360E00-FollowerState
2022-07-12 23:25:32,647 [a135f15d-6580-477c-8a71-f9528412742f@group-E60A59360E00-FollowerState] INFO  impl.FollowerState (FollowerState.java:run(152)) - a135f15d-6580-477c-8a71-f9528412742f@group-E60A59360E00-FollowerState was interrupted
2022-07-12 23:25:32,658 [grpc-default-executor-0] INFO  server.RaftServer$Division (RaftServerImpl.java:requestVote(1184)) - a135f15d-6580-477c-8a71-f9528412742f@group-E60A59360E00 replies to ELECTION vote request: d62677b6-aca1-45f9-8cbf-ef07d3f04380<-a135f15d-6580-477c-8a71-f9528412742f#0:OK-t1. Peer's state: a135f15d-6580-477c-8a71-f9528412742f@group-E60A59360E00:t1, leader=null, voted=d62677b6-aca1-45f9-8cbf-ef07d3f04380, raftlog=a135f15d-6580-477c-8a71-f9528412742f@group-E60A59360E00-SegmentedRaftLog:OPENED:c-1, conf=-1: [a135f15d-6580-477c-8a71-f9528412742f|rpc:10.1.0.13:34569|dataStream:|priority:0, 11563331-6701-4d30-8001-992896c542e0|rpc:10.1.0.13:45985|dataStream:|priority:0, d62677b6-aca1-45f9-8cbf-ef07d3f04380|rpc:10.1.0.13:43415|dataStream:|priority:1], old=null
2022-07-12 23:25:32,689 [d62677b6-aca1-45f9-8cbf-ef07d3f04380@group-E60A59360E00-LeaderElection73] INFO  impl.LeaderElection (LeaderElection.java:logAndReturn(90)) - d62677b6-aca1-45f9-8cbf-ef07d3f04380@group-E60A59360E00-LeaderElection73: ELECTION PASSED received 1 response(s) and 0 exception(s):
2022-07-12 23:25:32,689 [d62677b6-aca1-45f9-8cbf-ef07d3f04380@group-E60A59360E00-LeaderElection73] INFO  impl.LeaderElection (LeaderElection.java:logAndReturn(94)) -   Response 0: d62677b6-aca1-45f9-8cbf-ef07d3f04380<-a135f15d-6580-477c-8a71-f9528412742f#0:OK-t1
2022-07-12 23:25:32,689 [d62677b6-aca1-45f9-8cbf-ef07d3f04380@group-E60A59360E00-LeaderElection73] INFO  impl.LeaderElection (LeaderElection.java:askForVotes(312)) - d62677b6-aca1-45f9-8cbf-ef07d3f04380@group-E60A59360E00-LeaderElection73 ELECTION round 0: result PASSED
2022-07-12 23:25:32,689 [d62677b6-aca1-45f9-8cbf-ef07d3f04380@group-E60A59360E00-LeaderElection73] INFO  impl.RoleInfo (RoleInfo.java:shutdownLeaderElection(130)) - d62677b6-aca1-45f9-8cbf-ef07d3f04380: shutdown d62677b6-aca1-45f9-8cbf-ef07d3f04380@group-E60A59360E00-LeaderElection73
2022-07-12 23:25:32,689 [d62677b6-aca1-45f9-8cbf-ef07d3f04380@group-E60A59360E00-LeaderElection73] INFO  server.RaftServer$Division (RaftServerImpl.java:setRole(299)) - d62677b6-aca1-45f9-8cbf-ef07d3f04380@group-E60A59360E00: changes role from CANDIDATE to LEADER at term 1 for changeToLeader
2022-07-12 23:25:32,689 [d62677b6-aca1-45f9-8cbf-ef07d3f04380@group-E60A59360E00-LeaderElection73] INFO  ratis.XceiverServerRatis (XceiverServerRatis.java:handleLeaderChangedNotification(863)) - Leader change notification received for group: group-E60A59360E00 with new leaderId: d62677b6-aca1-45f9-8cbf-ef07d3f04380
2022-07-12 23:25:32,690 [d62677b6-aca1-45f9-8cbf-ef07d3f04380@group-E60A59360E00-LeaderElection73] INFO  server.RaftServer$Division (ServerState.java:setLeader(287)) - d62677b6-aca1-45f9-8cbf-ef07d3f04380@group-E60A59360E00: change Leader from null to d62677b6-aca1-45f9-8cbf-ef07d3f04380 at term 1 for becomeLeader, leader elected after 5325ms
2022-07-12 23:25:32,690 [d62677b6-aca1-45f9-8cbf-ef07d3f04380@group-E60A59360E00-LeaderElection73] INFO  server.RaftServerConfigKeys (ConfUtils.java:logGet(46)) - raft.server.staging.catchup.gap = 1000 (default)
2022-07-12 23:25:32,690 [d62677b6-aca1-45f9-8cbf-ef07d3f04380@group-E60A59360E00-LeaderElection73] INFO  server.RaftServerConfigKeys (ConfUtils.java:logGet(46)) - raft.server.write.element-limit = 1024 (custom)
2022-07-12 23:25:32,690 [d62677b6-aca1-45f9-8cbf-ef07d3f04380@group-E60A59360E00-LeaderElection73] INFO  server.RaftServerConfigKeys (ConfUtils.java:logGet(46)) - raft.server.write.byte-limit = 1024 M (=1073741824) (custom)
2022-07-12 23:25:32,690 [d62677b6-aca1-45f9-8cbf-ef07d3f04380@group-E60A59360E00-LeaderElection73] INFO  server.RaftServerConfigKeys (ConfUtils.java:logGet(46)) - raft.server.watch.timeout = 180s (custom)
2022-07-12 23:25:32,690 [d62677b6-aca1-45f9-8cbf-ef07d3f04380@group-E60A59360E00-LeaderElection73] INFO  server.RaftServerConfigKeys (ConfUtils.java:logGet(46)) - raft.server.watch.timeout.denomination = 1s (default)
2022-07-12 23:25:32,690 [d62677b6-aca1-45f9-8cbf-ef07d3f04380@group-E60A59360E00-LeaderElection73] INFO  server.RaftServerConfigKeys (ConfUtils.java:logGet(46)) - raft.server.watch.element-limit = 65536 (default)
2022-07-12 23:25:32,690 [d62677b6-aca1-45f9-8cbf-ef07d3f04380@group-E60A59360E00-LeaderElection73] INFO  server.RaftServerConfigKeys (ConfUtils.java:logGet(46)) - raft.server.write.element-limit = 1024 (custom)
2022-07-12 23:25:32,690 [d62677b6-aca1-45f9-8cbf-ef07d3f04380@group-E60A59360E00-LeaderElection73] INFO  server.RaftServerConfigKeys (ConfUtils.java:logGet(46)) - raft.server.write.follower.gap.ratio.max = -1.0 (default)
2022-07-12 23:25:32,691 [d62677b6-aca1-45f9-8cbf-ef07d3f04380@group-E60A59360E00-LeaderElection73] INFO  server.RaftServerConfigKeys (ConfUtils.java:logGet(46)) - raft.server.log.appender.snapshot.chunk.size.max = 16MB (=16777216) (default)
2022-07-12 23:25:32,692 [d62677b6-aca1-45f9-8cbf-ef07d3f04380@group-E60A59360E00-LeaderElection73] INFO  server.RaftServerConfigKeys (ConfUtils.java:logGet(46)) - raft.server.log.appender.buffer.byte-limit = 33554432 (custom)
2022-07-12 23:25:32,692 [d62677b6-aca1-45f9-8cbf-ef07d3f04380@group-E60A59360E00-LeaderElection73] INFO  server.RaftServerConfigKeys (ConfUtils.java:logGet(46)) - raft.server.log.appender.buffer.element-limit = 1 (custom)
2022-07-12 23:25:32,692 [d62677b6-aca1-45f9-8cbf-ef07d3f04380@group-E60A59360E00-LeaderElection73] INFO  grpc.GrpcConfigKeys (ConfUtils.java:logGet(46)) - raft.grpc.server.leader.outstanding.appends.max = 128 (default)
2022-07-12 23:25:32,692 [d62677b6-aca1-45f9-8cbf-ef07d3f04380@group-E60A59360E00-LeaderElection73] INFO  server.RaftServerConfigKeys (ConfUtils.java:logGet(46)) - raft.server.rpc.request.timeout = 60s (custom)
2022-07-12 23:25:32,692 [d62677b6-aca1-45f9-8cbf-ef07d3f04380@group-E60A59360E00-LeaderElection73] INFO  server.RaftServerConfigKeys (ConfUtils.java:logGet(46)) - raft.server.log.appender.install.snapshot.enabled = false (custom)
2022-07-12 23:25:32,694 [EventQueue-PipelineReportForPipelineReportHandler] INFO  pipeline.PipelineManagerImpl (PipelineManagerImpl.java:openPipeline(367)) - Pipeline Pipeline[ Id: ac09b22b-635e-4643-9d96-e60a59360e00, Nodes: 11563331-6701-4d30-8001-992896c542e0{ip: 10.1.0.13, host: fv-az46-473.aox2mo1hufxu3kclv1weif3kjc.bx.internal.cloudapp.net, ports: [REPLICATION=45097, RATIS=45985, RATIS_ADMIN=45985, RATIS_SERVER=45985, STANDALONE=42687], networkLocation: /default-rack, certSerialId: null, persistedOpState: IN_SERVICE, persistedOpStateExpiryEpochSec: 0}a135f15d-6580-477c-8a71-f9528412742f{ip: 10.1.0.13, host: fv-az46-473.aox2mo1hufxu3kclv1weif3kjc.bx.internal.cloudapp.net, ports: [REPLICATION=46497, RATIS=34569, RATIS_ADMIN=34569, RATIS_SERVER=34569, STANDALONE=40935], networkLocation: /default-rack, certSerialId: null, persistedOpState: IN_SERVICE, persistedOpStateExpiryEpochSec: 0}d62677b6-aca1-45f9-8cbf-ef07d3f04380{ip: 10.1.0.13, host: fv-az46-473.aox2mo1hufxu3kclv1weif3kjc.bx.internal.cloudapp.net, ports: [REPLICATION=42861, RATIS=43415, RATIS_ADMIN=43415, RATIS_SERVER=43415, STANDALONE=37553], networkLocation: /default-rack, certSerialId: null, persistedOpState: IN_SERVICE, persistedOpStateExpiryEpochSec: 0}, ReplicationConfig: RATIS/THREE, State:ALLOCATED, leaderId:d62677b6-aca1-45f9-8cbf-ef07d3f04380, CreationTimestamp2022-07-12T23:25:26.926Z[Etc/UTC]] moved to OPEN state
2022-07-12 23:25:32,694 [EventQueue-OpenPipelineForHealthyPipelineSafeModeRule] INFO  safemode.SCMSafeModeManager (HealthyPipelineSafeModeRule.java:process(137)) - SCM in safe mode. Healthy pipelines reported count is 0, required healthy pipeline reported count is 1
2022-07-12 23:25:32,694 [EventQueue-OpenPipelineForHealthyPipelineSafeModeRule] INFO  safemode.SCMSafeModeManager (HealthyPipelineSafeModeRule.java:process(137)) - SCM in safe mode. Healthy pipelines reported count is 1, required healthy pipeline reported count is 1
2022-07-12 23:25:32,694 [EventQueue-OpenPipelineForHealthyPipelineSafeModeRule] INFO  safemode.SCMSafeModeManager (SCMSafeModeManager.java:validateSafeModeExitRules(204)) - HealthyPipelineSafeModeRule rule is successfully validated
2022-07-12 23:25:32,694 [EventQueue-OpenPipelineForHealthyPipelineSafeModeRule] INFO  safemode.SCMSafeModeManager (SCMSafeModeManager.java:validateSafeModeExitRules(219)) - ScmSafeModeManager, all rules are successfully validated
2022-07-12 23:25:32,694 [EventQueue-OpenPipelineForHealthyPipelineSafeModeRule] INFO  safemode.SCMSafeModeManager (SCMSafeModeManager.java:exitSafeMode(248)) - SCM exiting safe mode.
2022-07-12 23:25:32,694 [EventQueue-OpenPipelineForHealthyPipelineSafeModeRule] WARN  events.EventQueue (EventQueue.java:fireEvent(216)) - No event handler registered for event TypedEvent{payloadType=SafeModeStatus, name='Safe mode status'}
2022-07-12 23:25:32,694 [EventQueue-OpenPipelineForHealthyPipelineSafeModeRule] INFO  ha.SCMContext (SCMContext.java:updateSafeModeStatus(228)) - Update SafeModeStatus from SafeModeStatus{safeModeStatus=true, preCheckPassed=true} to SafeModeStatus{safeModeStatus=false, preCheckPassed=true}.
2022-07-12 23:25:32,695 [EventQueue-OpenPipelineForHealthyPipelineSafeModeRule] INFO  pipeline.BackgroundPipelineCreator (BackgroundPipelineCreator.java:notifyStatusChanged(254)) - Service BackgroundPipelineCreator transitions to RUNNING.
2022-07-12 23:25:32,695 [EventQueue-OpenPipelineForHealthyPipelineSafeModeRule] INFO  BackgroundPipelineScrubber (BackgroundSCMService.java:notifyStatusChanged(82)) - Service BackgroundPipelineScrubber transitions to RUNNING.
2022-07-12 23:25:32,695 [EventQueue-OpenPipelineForHealthyPipelineSafeModeRule] INFO  ExpiredContainerReplicaOpScrubber (BackgroundSCMService.java:notifyStatusChanged(82)) - Service ExpiredContainerReplicaOpScrubber transitions to RUNNING.
2022-07-12 23:25:32,695 [EventQueue-OpenPipelineForHealthyPipelineSafeModeRule] INFO  replication.ReplicationManager (ReplicationManager.java:notifyStatusChanged(495)) - Service ReplicationManager transitions to RUNNING.
2022-07-12 23:25:32,695 [EventQueue-OpenPipelineForHealthyPipelineSafeModeRule] WARN  balancer.ContainerBalancer (ContainerBalancer.java:shouldRun(894)) - Could not find persisted configuration for ContainerBalancer when checking if ContainerBalancer should run. ContainerBalancer should not run now.
2022-07-12 23:25:32,702 [d62677b6-aca1-45f9-8cbf-ef07d3f04380@group-E60A59360E00-LeaderElection73] INFO  server.RaftServerConfigKeys (ConfUtils.java:logGet(46)) - raft.server.log.appender.snapshot.chunk.size.max = 16MB (=16777216) (default)
2022-07-12 23:25:32,702 [d62677b6-aca1-45f9-8cbf-ef07d3f04380@group-E60A59360E00-LeaderElection73] INFO  server.RaftServerConfigKeys (ConfUtils.java:logGet(46)) - raft.server.log.appender.buffer.byte-limit = 33554432 (custom)
2022-07-12 23:25:32,702 [d62677b6-aca1-45f9-8cbf-ef07d3f04380@group-E60A59360E00-LeaderElection73] INFO  server.RaftServerConfigKeys (ConfUtils.java:logGet(46)) - raft.server.log.appender.buffer.element-limit = 1 (custom)
2022-07-12 23:25:32,702 [d62677b6-aca1-45f9-8cbf-ef07d3f04380@group-E60A59360E00-LeaderElection73] INFO  grpc.GrpcConfigKeys (ConfUtils.java:logGet(46)) - raft.grpc.server.leader.outstanding.appends.max = 128 (default)
2022-07-12 23:25:32,702 [d62677b6-aca1-45f9-8cbf-ef07d3f04380@group-E60A59360E00-LeaderElection73] INFO  server.RaftServerConfigKeys (ConfUtils.java:logGet(46)) - raft.server.rpc.request.timeout = 60s (custom)
2022-07-12 23:25:32,702 [d62677b6-aca1-45f9-8cbf-ef07d3f04380@group-E60A59360E00-LeaderElection73] INFO  server.RaftServerConfigKeys (ConfUtils.java:logGet(46)) - raft.server.log.appender.install.snapshot.enabled = false (custom)
2022-07-12 23:25:32,702 [d62677b6-aca1-45f9-8cbf-ef07d3f04380@group-E60A59360E00-LeaderElection73] INFO  impl.RoleInfo (RoleInfo.java:updateAndGet(139)) - d62677b6-aca1-45f9-8cbf-ef07d3f04380: start d62677b6-aca1-45f9-8cbf-ef07d3f04380@group-E60A59360E00-LeaderStateImpl
2022-07-12 23:25:32,703 [d62677b6-aca1-45f9-8cbf-ef07d3f04380@group-E60A59360E00-LeaderElection73] INFO  segmented.SegmentedRaftLogWorker (SegmentedRaftLogWorker.java:startLogSegment(425)) - d62677b6-aca1-45f9-8cbf-ef07d3f04380@group-E60A59360E00-SegmentedRaftLogWorker: Starting segment from index:0
2022-07-12 23:25:32,704 [d62677b6-aca1-45f9-8cbf-ef07d3f04380@group-E60A59360E00-SegmentedRaftLogWorker] INFO  segmented.SegmentedRaftLogWorker (SegmentedRaftLogWorker.java:execute(629)) - d62677b6-aca1-45f9-8cbf-ef07d3f04380@group-E60A59360E00-SegmentedRaftLogWorker: created new log segment /home/runner/work/ozone/ozone/hadoop-ozone/integration-test/target/test-dir/MiniOzoneClusterImpl-9bee4ffb-16ee-4d3a-b6f9-e52fae08084a/datanode-0/data/ratis/ac09b22b-635e-4643-9d96-e60a59360e00/current/log_inprogress_0
2022-07-12 23:25:32,749 [d62677b6-aca1-45f9-8cbf-ef07d3f04380@group-E60A59360E00-LeaderElection73] INFO  server.RaftServer$Division (ServerState.java:setRaftConf(393)) - d62677b6-aca1-45f9-8cbf-ef07d3f04380@group-E60A59360E00: set configuration 0: [a135f15d-6580-477c-8a71-f9528412742f|rpc:10.1.0.13:34569|dataStream:|priority:0, 11563331-6701-4d30-8001-992896c542e0|rpc:10.1.0.13:45985|dataStream:|priority:0, d62677b6-aca1-45f9-8cbf-ef07d3f04380|rpc:10.1.0.13:43415|dataStream:|priority:1], old=null
2022-07-12 23:25:32,756 [11563331-6701-4d30-8001-992896c542e0@group-E60A59360E00-FollowerState] INFO  impl.FollowerState (FollowerState.java:run(143)) - 11563331-6701-4d30-8001-992896c542e0@group-E60A59360E00-FollowerState: change to CANDIDATE, lastRpcElapsedTime:5213326759ns, electionTimeout:5186ms
2022-07-12 23:25:32,756 [11563331-6701-4d30-8001-992896c542e0@group-E60A59360E00-FollowerState] INFO  impl.RoleInfo (RoleInfo.java:shutdownFollowerState(110)) - 11563331-6701-4d30-8001-992896c542e0: shutdown 11563331-6701-4d30-8001-992896c542e0@group-E60A59360E00-FollowerState
2022-07-12 23:25:32,756 [11563331-6701-4d30-8001-992896c542e0@group-E60A59360E00-FollowerState] INFO  server.RaftServer$Division (RaftServerImpl.java:setRole(299)) - 11563331-6701-4d30-8001-992896c542e0@group-E60A59360E00: changes role from  FOLLOWER to CANDIDATE at term 0 for changeToCandidate
2022-07-12 23:25:32,757 [11563331-6701-4d30-8001-992896c542e0@group-E60A59360E00-FollowerState] INFO  server.RaftServerConfigKeys (ConfUtils.java:logGet(46)) - raft.server.leaderelection.pre-vote = false (custom)
2022-07-12 23:25:32,757 [11563331-6701-4d30-8001-992896c542e0@group-E60A59360E00-FollowerState] INFO  impl.RoleInfo (RoleInfo.java:updateAndGet(139)) - 11563331-6701-4d30-8001-992896c542e0: start 11563331-6701-4d30-8001-992896c542e0@group-E60A59360E00-LeaderElection75
2022-07-12 23:25:32,782 [grpc-default-executor-1] INFO  server.RaftServer$Division (RaftServerImpl.java:requestVote(1152)) - 11563331-6701-4d30-8001-992896c542e0@group-E60A59360E00: receive requestVote(ELECTION, d62677b6-aca1-45f9-8cbf-ef07d3f04380, group-E60A59360E00, 1, (t:0, i:0))
2022-07-12 23:25:32,782 [grpc-default-executor-1] INFO  impl.VoteContext (VoteContext.java:log(48)) - 11563331-6701-4d30-8001-992896c542e0@group-E60A59360E00-CANDIDATE: accept ELECTION from d62677b6-aca1-45f9-8cbf-ef07d3f04380: our priority 0 <= candidate's priority 1
2022-07-12 23:25:32,782 [grpc-default-executor-1] INFO  server.RaftServer$Division (RaftServerImpl.java:setRole(299)) - 11563331-6701-4d30-8001-992896c542e0@group-E60A59360E00: changes role from CANDIDATE to FOLLOWER at term 1 for candidate:d62677b6-aca1-45f9-8cbf-ef07d3f04380
2022-07-12 23:25:32,782 [grpc-default-executor-1] INFO  impl.RoleInfo (RoleInfo.java:shutdownLeaderElection(130)) - 11563331-6701-4d30-8001-992896c542e0: shutdown 11563331-6701-4d30-8001-992896c542e0@group-E60A59360E00-LeaderElection75
2022-07-12 23:25:32,782 [grpc-default-executor-1] INFO  impl.RoleInfo (RoleInfo.java:updateAndGet(139)) - 11563331-6701-4d30-8001-992896c542e0: start 11563331-6701-4d30-8001-992896c542e0@group-E60A59360E00-FollowerState
2022-07-12 23:25:32,785 [grpc-default-executor-1] INFO  server.RaftServer$Division (RaftServerImpl.java:requestVote(1184)) - 11563331-6701-4d30-8001-992896c542e0@group-E60A59360E00 replies to ELECTION vote request: d62677b6-aca1-45f9-8cbf-ef07d3f04380<-11563331-6701-4d30-8001-992896c542e0#0:OK-t1. Peer's state: 11563331-6701-4d30-8001-992896c542e0@group-E60A59360E00:t1, leader=null, voted=d62677b6-aca1-45f9-8cbf-ef07d3f04380, raftlog=11563331-6701-4d30-8001-992896c542e0@group-E60A59360E00-SegmentedRaftLog:OPENED:c-1, conf=-1: [a135f15d-6580-477c-8a71-f9528412742f|rpc:10.1.0.13:34569|dataStream:|priority:0, 11563331-6701-4d30-8001-992896c542e0|rpc:10.1.0.13:45985|dataStream:|priority:0, d62677b6-aca1-45f9-8cbf-ef07d3f04380|rpc:10.1.0.13:43415|dataStream:|priority:1], old=null
2022-07-12 23:25:32,850 [d62677b6-aca1-45f9-8cbf-ef07d3f04380@group-1457D70A6616-FollowerState] INFO  impl.FollowerState (FollowerState.java:run(143)) - d62677b6-aca1-45f9-8cbf-ef07d3f04380@group-1457D70A6616-FollowerState: change to CANDIDATE, lastRpcElapsedTime:5030932627ns, electionTimeout:5016ms
2022-07-12 23:25:32,850 [d62677b6-aca1-45f9-8cbf-ef07d3f04380@group-1457D70A6616-FollowerState] INFO  impl.RoleInfo (RoleInfo.java:shutdownFollowerState(110)) - d62677b6-aca1-45f9-8cbf-ef07d3f04380: shutdown d62677b6-aca1-45f9-8cbf-ef07d3f04380@group-1457D70A6616-FollowerState
2022-07-12 23:25:32,850 [d62677b6-aca1-45f9-8cbf-ef07d3f04380@group-1457D70A6616-FollowerState] INFO  server.RaftServer$Division (RaftServerImpl.java:setRole(299)) - d62677b6-aca1-45f9-8cbf-ef07d3f04380@group-1457D70A6616: changes role from  FOLLOWER to CANDIDATE at term 0 for changeToCandidate
2022-07-12 23:25:32,850 [d62677b6-aca1-45f9-8cbf-ef07d3f04380@group-1457D70A6616-FollowerState] INFO  server.RaftServerConfigKeys (ConfUtils.java:logGet(46)) - raft.server.leaderelection.pre-vote = false (custom)
2022-07-12 23:25:32,850 [d62677b6-aca1-45f9-8cbf-ef07d3f04380@group-1457D70A6616-FollowerState] INFO  impl.RoleInfo (RoleInfo.java:updateAndGet(139)) - d62677b6-aca1-45f9-8cbf-ef07d3f04380: start d62677b6-aca1-45f9-8cbf-ef07d3f04380@group-1457D70A6616-LeaderElection76
2022-07-12 23:25:32,922 [11563331-6701-4d30-8001-992896c542e0-server-thread1] INFO  ratis.XceiverServerRatis (XceiverServerRatis.java:handleLeaderChangedNotification(863)) - Leader change notification received for group: group-E60A59360E00 with new leaderId: d62677b6-aca1-45f9-8cbf-ef07d3f04380
2022-07-12 23:25:32,922 [11563331-6701-4d30-8001-992896c542e0-server-thread1] INFO  server.RaftServer$Division (ServerState.java:setLeader(287)) - 11563331-6701-4d30-8001-992896c542e0@group-E60A59360E00: change Leader from null to d62677b6-aca1-45f9-8cbf-ef07d3f04380 at term 1 for appendEntries, leader elected after 5454ms
2022-07-12 23:25:32,925 [a135f15d-6580-477c-8a71-f9528412742f-server-thread1] INFO  ratis.XceiverServerRatis (XceiverServerRatis.java:handleLeaderChangedNotification(863)) - Leader change notification received for group: group-E60A59360E00 with new leaderId: d62677b6-aca1-45f9-8cbf-ef07d3f04380
2022-07-12 23:25:32,925 [a135f15d-6580-477c-8a71-f9528412742f-server-thread1] INFO  server.RaftServer$Division (ServerState.java:setLeader(287)) - a135f15d-6580-477c-8a71-f9528412742f@group-E60A59360E00: change Leader from null to d62677b6-aca1-45f9-8cbf-ef07d3f04380 at term 1 for appendEntries, leader elected after 5212ms
2022-07-12 23:25:32,927 [d62677b6-aca1-45f9-8cbf-ef07d3f04380@group-1457D70A6616-LeaderElection76] INFO  impl.LeaderElection (LeaderElection.java:askForVotes(310)) - d62677b6-aca1-45f9-8cbf-ef07d3f04380@group-1457D70A6616-LeaderElection76 ELECTION round 0: submit vote requests at term 1 for -1: [a135f15d-6580-477c-8a71-f9528412742f|rpc:10.1.0.13:34569|priority:0, 11563331-6701-4d30-8001-992896c542e0|rpc:10.1.0.13:45985|priority:1, d62677b6-aca1-45f9-8cbf-ef07d3f04380|rpc:10.1.0.13:43415|priority:0], old=null
2022-07-12 23:25:32,950 [11563331-6701-4d30-8001-992896c542e0-server-thread1] INFO  server.RaftServer$Division (ServerState.java:setRaftConf(393)) - 11563331-6701-4d30-8001-992896c542e0@group-E60A59360E00: set configuration 0: [a135f15d-6580-477c-8a71-f9528412742f|rpc:10.1.0.13:34569|dataStream:|priority:0, 11563331-6701-4d30-8001-992896c542e0|rpc:10.1.0.13:45985|dataStream:|priority:0, d62677b6-aca1-45f9-8cbf-ef07d3f04380|rpc:10.1.0.13:43415|dataStream:|priority:1], old=null
2022-07-12 23:25:32,950 [11563331-6701-4d30-8001-992896c542e0-server-thread1] INFO  segmented.SegmentedRaftLogWorker (SegmentedRaftLogWorker.java:startLogSegment(425)) - 11563331-6701-4d30-8001-992896c542e0@group-E60A59360E00-SegmentedRaftLogWorker: Starting segment from index:0
2022-07-12 23:25:32,953 [11563331-6701-4d30-8001-992896c542e0@group-E60A59360E00-SegmentedRaftLogWorker] INFO  segmented.SegmentedRaftLogWorker (SegmentedRaftLogWorker.java:execute(629)) - 11563331-6701-4d30-8001-992896c542e0@group-E60A59360E00-SegmentedRaftLogWorker: created new log segment /home/runner/work/ozone/ozone/hadoop-ozone/integration-test/target/test-dir/MiniOzoneClusterImpl-9bee4ffb-16ee-4d3a-b6f9-e52fae08084a/datanode-2/data/ratis/ac09b22b-635e-4643-9d96-e60a59360e00/current/log_inprogress_0
2022-07-12 23:25:33,003 [Listener at 127.0.0.1/46473] INFO  ozone.MiniOzoneClusterImpl (MiniOzoneClusterImpl.java:lambda$waitForClusterToBeReady$0(216)) - Nodes are ready. Got 5 of 5 DN Heartbeats.
2022-07-12 23:25:33,003 [Listener at 127.0.0.1/46473] INFO  ozone.MiniOzoneClusterImpl (MiniOzoneClusterImpl.java:lambda$waitForClusterToBeReady$0(219)) - Cluster exits safe mode
2022-07-12 23:25:33,003 [Listener at 127.0.0.1/46473] INFO  ozone.MiniOzoneClusterImpl (MiniOzoneClusterImpl.java:lambda$waitForClusterToBeReady$0(221)) - SCM became leader
2022-07-12 23:25:33,073 [grpc-default-executor-2] INFO  server.RaftServer$Division (RaftServerImpl.java:requestVote(1152)) - 11563331-6701-4d30-8001-992896c542e0@group-1457D70A6616: receive requestVote(ELECTION, d62677b6-aca1-45f9-8cbf-ef07d3f04380, group-1457D70A6616, 1, (t:0, i:0))
2022-07-12 23:25:33,073 [grpc-default-executor-2] INFO  impl.VoteContext (VoteContext.java:log(48)) - 11563331-6701-4d30-8001-992896c542e0@group-1457D70A6616-FOLLOWER: reject ELECTION from d62677b6-aca1-45f9-8cbf-ef07d3f04380: our priority 1 > candidate's priority 0
2022-07-12 23:25:33,073 [grpc-default-executor-2] INFO  server.RaftServer$Division (RaftServerImpl.java:setRole(299)) - 11563331-6701-4d30-8001-992896c542e0@group-1457D70A6616: changes role from  FOLLOWER to FOLLOWER at term 1 for candidate:d62677b6-aca1-45f9-8cbf-ef07d3f04380
2022-07-12 23:25:33,073 [grpc-default-executor-2] INFO  impl.RoleInfo (RoleInfo.java:shutdownFollowerState(110)) - 11563331-6701-4d30-8001-992896c542e0: shutdown 11563331-6701-4d30-8001-992896c542e0@group-1457D70A6616-FollowerState
2022-07-12 23:25:33,074 [grpc-default-executor-2] INFO  impl.RoleInfo (RoleInfo.java:updateAndGet(139)) - 11563331-6701-4d30-8001-992896c542e0: start 11563331-6701-4d30-8001-992896c542e0@group-1457D70A6616-FollowerState
2022-07-12 23:25:33,074 [a135f15d-6580-477c-8a71-f9528412742f-server-thread1] INFO  server.RaftServer$Division (ServerState.java:setRaftConf(393)) - a135f15d-6580-477c-8a71-f9528412742f@group-E60A59360E00: set configuration 0: [a135f15d-6580-477c-8a71-f9528412742f|rpc:10.1.0.13:34569|dataStream:|priority:0, 11563331-6701-4d30-8001-992896c542e0|rpc:10.1.0.13:45985|dataStream:|priority:0, d62677b6-aca1-45f9-8cbf-ef07d3f04380|rpc:10.1.0.13:43415|dataStream:|priority:1], old=null
2022-07-12 23:25:33,074 [a135f15d-6580-477c-8a71-f9528412742f-server-thread1] INFO  segmented.SegmentedRaftLogWorker (SegmentedRaftLogWorker.java:startLogSegment(425)) - a135f15d-6580-477c-8a71-f9528412742f@group-E60A59360E00-SegmentedRaftLogWorker: Starting segment from index:0
2022-07-12 23:25:33,075 [11563331-6701-4d30-8001-992896c542e0@group-1457D70A6616-FollowerState] INFO  impl.FollowerState (FollowerState.java:run(152)) - 11563331-6701-4d30-8001-992896c542e0@group-1457D70A6616-FollowerState was interrupted
2022-07-12 23:25:33,075 [grpc-default-executor-1] INFO  server.RaftServer$Division (RaftServerImpl.java:requestVote(1152)) - a135f15d-6580-477c-8a71-f9528412742f@group-1457D70A6616: receive requestVote(ELECTION, d62677b6-aca1-45f9-8cbf-ef07d3f04380, group-1457D70A6616, 1, (t:0, i:0))
2022-07-12 23:25:33,075 [grpc-default-executor-1] INFO  impl.VoteContext (VoteContext.java:log(48)) - a135f15d-6580-477c-8a71-f9528412742f@group-1457D70A6616-FOLLOWER: accept ELECTION from d62677b6-aca1-45f9-8cbf-ef07d3f04380: our priority 0 <= candidate's priority 0
2022-07-12 23:25:33,075 [grpc-default-executor-1] INFO  server.RaftServer$Division (RaftServerImpl.java:setRole(299)) - a135f15d-6580-477c-8a71-f9528412742f@group-1457D70A6616: changes role from  FOLLOWER to FOLLOWER at term 1 for candidate:d62677b6-aca1-45f9-8cbf-ef07d3f04380
2022-07-12 23:25:33,075 [grpc-default-executor-1] INFO  impl.RoleInfo (RoleInfo.java:shutdownFollowerState(110)) - a135f15d-6580-477c-8a71-f9528412742f: shutdown a135f15d-6580-477c-8a71-f9528412742f@group-1457D70A6616-FollowerState
2022-07-12 23:25:33,083 [grpc-default-executor-1] INFO  impl.RoleInfo (RoleInfo.java:updateAndGet(139)) - a135f15d-6580-477c-8a71-f9528412742f: start a135f15d-6580-477c-8a71-f9528412742f@group-1457D70A6616-FollowerState
2022-07-12 23:25:33,083 [a135f15d-6580-477c-8a71-f9528412742f@group-1457D70A6616-FollowerState] INFO  impl.FollowerState (FollowerState.java:run(152)) - a135f15d-6580-477c-8a71-f9528412742f@group-1457D70A6616-FollowerState was interrupted
2022-07-12 23:25:33,085 [a135f15d-6580-477c-8a71-f9528412742f@group-E60A59360E00-SegmentedRaftLogWorker] INFO  segmented.SegmentedRaftLogWorker (SegmentedRaftLogWorker.java:execute(629)) - a135f15d-6580-477c-8a71-f9528412742f@group-E60A59360E00-SegmentedRaftLogWorker: created new log segment /home/runner/work/ozone/ozone/hadoop-ozone/integration-test/target/test-dir/MiniOzoneClusterImpl-9bee4ffb-16ee-4d3a-b6f9-e52fae08084a/datanode-1/data/ratis/ac09b22b-635e-4643-9d96-e60a59360e00/current/log_inprogress_0
2022-07-12 23:25:33,085 [grpc-default-executor-1] INFO  server.RaftServer$Division (RaftServerImpl.java:requestVote(1184)) - a135f15d-6580-477c-8a71-f9528412742f@group-1457D70A6616 replies to ELECTION vote request: d62677b6-aca1-45f9-8cbf-ef07d3f04380<-a135f15d-6580-477c-8a71-f9528412742f#0:OK-t1. Peer's state: a135f15d-6580-477c-8a71-f9528412742f@group-1457D70A6616:t1, leader=null, voted=d62677b6-aca1-45f9-8cbf-ef07d3f04380, raftlog=a135f15d-6580-477c-8a71-f9528412742f@group-1457D70A6616-SegmentedRaftLog:OPENED:c-1, conf=-1: [a135f15d-6580-477c-8a71-f9528412742f|rpc:10.1.0.13:34569|dataStream:|priority:0, 11563331-6701-4d30-8001-992896c542e0|rpc:10.1.0.13:45985|dataStream:|priority:1, d62677b6-aca1-45f9-8cbf-ef07d3f04380|rpc:10.1.0.13:43415|dataStream:|priority:0], old=null
2022-07-12 23:25:33,090 [11563331-6701-4d30-8001-992896c542e0@group-B2BE8EE88AB6-FollowerState] INFO  impl.FollowerState (FollowerState.java:run(143)) - 11563331-6701-4d30-8001-992896c542e0@group-B2BE8EE88AB6-FollowerState: change to CANDIDATE, lastRpcElapsedTime:5193891994ns, electionTimeout:5149ms
2022-07-12 23:25:33,090 [11563331-6701-4d30-8001-992896c542e0@group-B2BE8EE88AB6-FollowerState] INFO  impl.RoleInfo (RoleInfo.java:shutdownFollowerState(110)) - 11563331-6701-4d30-8001-992896c542e0: shutdown 11563331-6701-4d30-8001-992896c542e0@group-B2BE8EE88AB6-FollowerState
2022-07-12 23:25:33,090 [11563331-6701-4d30-8001-992896c542e0@group-B2BE8EE88AB6-FollowerState] INFO  server.RaftServer$Division (RaftServerImpl.java:setRole(299)) - 11563331-6701-4d30-8001-992896c542e0@group-B2BE8EE88AB6: changes role from  FOLLOWER to CANDIDATE at term 0 for changeToCandidate
2022-07-12 23:25:33,090 [11563331-6701-4d30-8001-992896c542e0@group-B2BE8EE88AB6-FollowerState] INFO  server.RaftServerConfigKeys (ConfUtils.java:logGet(46)) - raft.server.leaderelection.pre-vote = false (custom)
2022-07-12 23:25:33,090 [11563331-6701-4d30-8001-992896c542e0@group-B2BE8EE88AB6-FollowerState] INFO  impl.RoleInfo (RoleInfo.java:updateAndGet(139)) - 11563331-6701-4d30-8001-992896c542e0: start 11563331-6701-4d30-8001-992896c542e0@group-B2BE8EE88AB6-LeaderElection77
2022-07-12 23:25:33,090 [grpc-default-executor-2] INFO  server.RaftServer$Division (RaftServerImpl.java:requestVote(1184)) - 11563331-6701-4d30-8001-992896c542e0@group-1457D70A6616 replies to ELECTION vote request: d62677b6-aca1-45f9-8cbf-ef07d3f04380<-11563331-6701-4d30-8001-992896c542e0#0:FAIL-t1. Peer's state: 11563331-6701-4d30-8001-992896c542e0@group-1457D70A6616:t1, leader=null, voted=null, raftlog=11563331-6701-4d30-8001-992896c542e0@group-1457D70A6616-SegmentedRaftLog:OPENED:c-1, conf=-1: [a135f15d-6580-477c-8a71-f9528412742f|rpc:10.1.0.13:34569|priority:0, 11563331-6701-4d30-8001-992896c542e0|rpc:10.1.0.13:45985|priority:1, d62677b6-aca1-45f9-8cbf-ef07d3f04380|rpc:10.1.0.13:43415|priority:0], old=null
2022-07-12 23:25:33,135 [d62677b6-aca1-45f9-8cbf-ef07d3f04380@group-1457D70A6616-LeaderElection76] INFO  impl.LeaderElection (LeaderElection.java:logAndReturn(90)) - d62677b6-aca1-45f9-8cbf-ef07d3f04380@group-1457D70A6616-LeaderElection76: ELECTION REJECTED received 2 response(s) and 0 exception(s):
2022-07-12 23:25:33,135 [d62677b6-aca1-45f9-8cbf-ef07d3f04380@group-1457D70A6616-LeaderElection76] INFO  impl.LeaderElection (LeaderElection.java:logAndReturn(94)) -   Response 0: d62677b6-aca1-45f9-8cbf-ef07d3f04380<-a135f15d-6580-477c-8a71-f9528412742f#0:OK-t1
2022-07-12 23:25:33,135 [d62677b6-aca1-45f9-8cbf-ef07d3f04380@group-1457D70A6616-LeaderElection76] INFO  impl.LeaderElection (LeaderElection.java:logAndReturn(94)) -   Response 1: d62677b6-aca1-45f9-8cbf-ef07d3f04380<-11563331-6701-4d30-8001-992896c542e0#0:FAIL-t1
2022-07-12 23:25:33,137 [d62677b6-aca1-45f9-8cbf-ef07d3f04380@group-1457D70A6616-LeaderElection76] INFO  impl.LeaderElection (LeaderElection.java:askForVotes(312)) - d62677b6-aca1-45f9-8cbf-ef07d3f04380@group-1457D70A6616-LeaderElection76 ELECTION round 0: result REJECTED
2022-07-12 23:25:33,137 [d62677b6-aca1-45f9-8cbf-ef07d3f04380@group-1457D70A6616-LeaderElection76] INFO  server.RaftServer$Division (RaftServerImpl.java:setRole(299)) - d62677b6-aca1-45f9-8cbf-ef07d3f04380@group-1457D70A6616: changes role from CANDIDATE to FOLLOWER at term 1 for REJECTED
2022-07-12 23:25:33,137 [d62677b6-aca1-45f9-8cbf-ef07d3f04380@group-1457D70A6616-LeaderElection76] INFO  impl.RoleInfo (RoleInfo.java:shutdownLeaderElection(130)) - d62677b6-aca1-45f9-8cbf-ef07d3f04380: shutdown d62677b6-aca1-45f9-8cbf-ef07d3f04380@group-1457D70A6616-LeaderElection76
2022-07-12 23:25:33,137 [d62677b6-aca1-45f9-8cbf-ef07d3f04380@group-1457D70A6616-LeaderElection76] INFO  impl.RoleInfo (RoleInfo.java:updateAndGet(139)) - d62677b6-aca1-45f9-8cbf-ef07d3f04380: start d62677b6-aca1-45f9-8cbf-ef07d3f04380@group-1457D70A6616-FollowerState
2022-07-12 23:25:33,152 [11563331-6701-4d30-8001-992896c542e0@group-B2BE8EE88AB6-LeaderElection77] INFO  impl.LeaderElection (LeaderElection.java:askForVotes(310)) - 11563331-6701-4d30-8001-992896c542e0@group-B2BE8EE88AB6-LeaderElection77 ELECTION round 0: submit vote requests at term 1 for -1: [11563331-6701-4d30-8001-992896c542e0|rpc:10.1.0.13:45985|priority:1], old=null
2022-07-12 23:25:33,152 [11563331-6701-4d30-8001-992896c542e0@group-B2BE8EE88AB6-LeaderElection77] INFO  impl.LeaderElection (LeaderElection.java:askForVotes(312)) - 11563331-6701-4d30-8001-992896c542e0@group-B2BE8EE88AB6-LeaderElection77 ELECTION round 0: result PASSED (term=1)
2022-07-12 23:25:33,152 [11563331-6701-4d30-8001-992896c542e0@group-B2BE8EE88AB6-LeaderElection77] INFO  impl.RoleInfo (RoleInfo.java:shutdownLeaderElection(130)) - 11563331-6701-4d30-8001-992896c542e0: shutdown 11563331-6701-4d30-8001-992896c542e0@group-B2BE8EE88AB6-LeaderElection77
2022-07-12 23:25:33,152 [11563331-6701-4d30-8001-992896c542e0@group-B2BE8EE88AB6-LeaderElection77] INFO  server.RaftServer$Division (RaftServerImpl.java:setRole(299)) - 11563331-6701-4d30-8001-992896c542e0@group-B2BE8EE88AB6: changes role from CANDIDATE to LEADER at term 1 for changeToLeader
2022-07-12 23:25:33,152 [11563331-6701-4d30-8001-992896c542e0@group-B2BE8EE88AB6-LeaderElection77] INFO  ratis.XceiverServerRatis (XceiverServerRatis.java:handleLeaderChangedNotification(863)) - Leader change notification received for group: group-B2BE8EE88AB6 with new leaderId: 11563331-6701-4d30-8001-992896c542e0
2022-07-12 23:25:33,152 [11563331-6701-4d30-8001-992896c542e0@group-B2BE8EE88AB6-LeaderElection77] INFO  server.RaftServer$Division (ServerState.java:setLeader(287)) - 11563331-6701-4d30-8001-992896c542e0@group-B2BE8EE88AB6: change Leader from null to 11563331-6701-4d30-8001-992896c542e0 at term 1 for becomeLeader, leader elected after 5273ms
2022-07-12 23:25:33,152 [11563331-6701-4d30-8001-992896c542e0@group-B2BE8EE88AB6-LeaderElection77] INFO  server.RaftServerConfigKeys (ConfUtils.java:logGet(46)) - raft.server.staging.catchup.gap = 1000 (default)
2022-07-12 23:25:33,152 [11563331-6701-4d30-8001-992896c542e0@group-B2BE8EE88AB6-LeaderElection77] INFO  server.RaftServerConfigKeys (ConfUtils.java:logGet(46)) - raft.server.write.element-limit = 1024 (custom)
2022-07-12 23:25:33,152 [11563331-6701-4d30-8001-992896c542e0@group-B2BE8EE88AB6-LeaderElection77] INFO  server.RaftServerConfigKeys (ConfUtils.java:logGet(46)) - raft.server.write.byte-limit = 1024 M (=1073741824) (custom)
2022-07-12 23:25:33,153 [11563331-6701-4d30-8001-992896c542e0@group-B2BE8EE88AB6-LeaderElection77] INFO  server.RaftServerConfigKeys (ConfUtils.java:logGet(46)) - raft.server.watch.timeout = 180s (custom)
2022-07-12 23:25:33,153 [11563331-6701-4d30-8001-992896c542e0@group-B2BE8EE88AB6-LeaderElection77] INFO  server.RaftServerConfigKeys (ConfUtils.java:logGet(46)) - raft.server.watch.timeout.denomination = 1s (default)
2022-07-12 23:25:33,157 [11563331-6701-4d30-8001-992896c542e0@group-B2BE8EE88AB6-LeaderElection77] INFO  server.RaftServerConfigKeys (ConfUtils.java:logGet(46)) - raft.server.watch.element-limit = 65536 (default)
2022-07-12 23:25:33,157 [11563331-6701-4d30-8001-992896c542e0@group-B2BE8EE88AB6-LeaderElection77] INFO  server.RaftServerConfigKeys (ConfUtils.java:logGet(46)) - raft.server.write.element-limit = 1024 (custom)
2022-07-12 23:25:33,157 [11563331-6701-4d30-8001-992896c542e0@group-B2BE8EE88AB6-LeaderElection77] INFO  server.RaftServerConfigKeys (ConfUtils.java:logGet(46)) - raft.server.write.follower.gap.ratio.max = -1.0 (default)
2022-07-12 23:25:33,157 [11563331-6701-4d30-8001-992896c542e0@group-B2BE8EE88AB6-LeaderElection77] INFO  impl.RoleInfo (RoleInfo.java:updateAndGet(139)) - 11563331-6701-4d30-8001-992896c542e0: start 11563331-6701-4d30-8001-992896c542e0@group-B2BE8EE88AB6-LeaderStateImpl
2022-07-12 23:25:33,158 [11563331-6701-4d30-8001-992896c542e0@group-B2BE8EE88AB6-LeaderElection77] INFO  segmented.SegmentedRaftLogWorker (SegmentedRaftLogWorker.java:startLogSegment(425)) - 11563331-6701-4d30-8001-992896c542e0@group-B2BE8EE88AB6-SegmentedRaftLogWorker: Starting segment from index:0
2022-07-12 23:25:33,159 [11563331-6701-4d30-8001-992896c542e0@group-B2BE8EE88AB6-SegmentedRaftLogWorker] INFO  segmented.SegmentedRaftLogWorker (SegmentedRaftLogWorker.java:execute(629)) - 11563331-6701-4d30-8001-992896c542e0@group-B2BE8EE88AB6-SegmentedRaftLogWorker: created new log segment /home/runner/work/ozone/ozone/hadoop-ozone/integration-test/target/test-dir/MiniOzoneClusterImpl-9bee4ffb-16ee-4d3a-b6f9-e52fae08084a/datanode-2/data/ratis/80d6b2e7-963a-429c-be81-b2be8ee88ab6/current/log_inprogress_0
2022-07-12 23:25:33,169 [11563331-6701-4d30-8001-992896c542e0@group-B2BE8EE88AB6-LeaderElection77] INFO  server.RaftServer$Division (ServerState.java:setRaftConf(393)) - 11563331-6701-4d30-8001-992896c542e0@group-B2BE8EE88AB6: set configuration 0: [11563331-6701-4d30-8001-992896c542e0|rpc:10.1.0.13:45985|dataStream:|priority:1], old=null
2022-07-12 23:25:33,234 [Command processor thread] INFO  server.RaftServer (RaftServerProxy.java:addNew(96)) - 8960f961-c44a-41ec-8336-420a965cc97a: addNew group-4A82939BF426:[8960f961-c44a-41ec-8336-420a965cc97a|rpc:10.1.0.13:36833|priority:1] returns group-4A82939BF426:java.util.concurrent.CompletableFuture@63dc01e4[Not completed]
2022-07-12 23:25:33,313 [pool-1236-thread-1] INFO  server.RaftServer$Division (RaftServerImpl.java:<init>(190)) - 8960f961-c44a-41ec-8336-420a965cc97a: new RaftServerImpl for group-4A82939BF426:[8960f961-c44a-41ec-8336-420a965cc97a|rpc:10.1.0.13:36833|priority:1] with ContainerStateMachine:uninitialized
2022-07-12 23:25:33,314 [pool-1236-thread-1] INFO  server.RaftServerConfigKeys (ConfUtils.java:logGet(46)) - raft.server.rpc.timeout.min = 5s (custom)
2022-07-12 23:25:33,314 [pool-1236-thread-1] INFO  server.RaftServerConfigKeys (ConfUtils.java:logGet(46)) - raft.server.rpc.timeout.max = 5200ms (custom)
2022-07-12 23:25:33,314 [pool-1236-thread-1] INFO  server.RaftServerConfigKeys (ConfUtils.java:logGet(46)) - raft.server.rpc.sleep.time = 25ms (default)
2022-07-12 23:25:33,314 [pool-1236-thread-1] INFO  server.RaftServerConfigKeys (ConfUtils.java:logGet(46)) - raft.server.rpc.slowness.timeout = 300s (custom)
2022-07-12 23:25:33,314 [pool-1236-thread-1] INFO  server.RaftServerConfigKeys (ConfUtils.java:logGet(46)) - raft.server.leaderelection.leader.step-down.wait-time = 10s (default)
2022-07-12 23:25:33,314 [pool-1236-thread-1] INFO  server.RaftServerConfigKeys (ConfUtils.java:logGet(46)) - raft.server.sleep.deviation.threshold = 300ms (default)
2022-07-12 23:25:33,314 [pool-1236-thread-1] INFO  server.RaftServer$Division (ServerState.java:<init>(107)) - 8960f961-c44a-41ec-8336-420a965cc97a@group-4A82939BF426: ConfigurationManager, init=-1: [8960f961-c44a-41ec-8336-420a965cc97a|rpc:10.1.0.13:36833|priority:1], old=null, confs=<EMPTY_MAP>
2022-07-12 23:25:33,314 [pool-1236-thread-1] INFO  server.RaftServerConfigKeys (ConfUtils.java:logGet(46)) - raft.server.storage.dir = [/home/runner/work/ozone/ozone/hadoop-ozone/integration-test/target/test-dir/MiniOzoneClusterImpl-9bee4ffb-16ee-4d3a-b6f9-e52fae08084a/datanode-4/data/ratis] (custom)
2022-07-12 23:25:33,314 [pool-1236-thread-1] INFO  server.RaftServerConfigKeys (ConfUtils.java:logGet(46)) - raft.server.log.corruption.policy = EXCEPTION (default)
2022-07-12 23:25:33,314 [pool-1236-thread-1] INFO  server.RaftServerConfigKeys (ConfUtils.java:logGet(46)) - raft.server.storage.free-space.min = 0MB (=0) (default)
2022-07-12 23:25:33,314 [pool-1236-thread-1] INFO  storage.RaftStorageDirectory (RaftStorageDirectoryImpl.java:analyzeStorage(135)) - The storage directory /home/runner/work/ozone/ozone/hadoop-ozone/integration-test/target/test-dir/MiniOzoneClusterImpl-9bee4ffb-16ee-4d3a-b6f9-e52fae08084a/datanode-4/data/ratis/16d9962e-6179-46f8-8547-4a82939bf426 does not exist. Creating ...
2022-07-12 23:25:33,323 [pool-1236-thread-1] INFO  storage.RaftStorageDirectory (RaftStorageDirectoryImpl.java:tryLock(230)) - Lock on /home/runner/work/ozone/ozone/hadoop-ozone/integration-test/target/test-dir/MiniOzoneClusterImpl-9bee4ffb-16ee-4d3a-b6f9-e52fae08084a/datanode-4/data/ratis/16d9962e-6179-46f8-8547-4a82939bf426/in_use.lock acquired by nodename 30948@fv-az46-473
2022-07-12 23:25:33,327 [pool-1236-thread-1] INFO  storage.RaftStorage (RaftStorageImpl.java:format(89)) - Storage directory /home/runner/work/ozone/ozone/hadoop-ozone/integration-test/target/test-dir/MiniOzoneClusterImpl-9bee4ffb-16ee-4d3a-b6f9-e52fae08084a/datanode-4/data/ratis/16d9962e-6179-46f8-8547-4a82939bf426 has been successfully formatted.
2022-07-12 23:25:33,353 [pool-1236-thread-1] INFO  ratis.ContainerStateMachine (ContainerStateMachine.java:loadSnapshot(236)) - group-4A82939BF426: The snapshot info is null. Setting the last applied indexto:(t:0, i:~)
2022-07-12 23:25:33,354 [pool-1236-thread-1] INFO  server.RaftServerConfigKeys (ConfUtils.java:logGet(46)) - raft.server.notification.no-leader.timeout = 300s (custom)
2022-07-12 23:25:33,354 [pool-1236-thread-1] INFO  server.RaftServerConfigKeys (ConfUtils.java:logGet(46)) - raft.server.log.use.memory = false (default)
2022-07-12 23:25:33,354 [pool-1236-thread-1] INFO  server.RaftServerConfigKeys (ConfUtils.java:logGet(46)) - raft.server.log.purge.gap = 1000000 (custom)
2022-07-12 23:25:33,354 [pool-1236-thread-1] INFO  server.RaftServerConfigKeys (ConfUtils.java:logGet(46)) - raft.server.log.appender.buffer.byte-limit = 33554432 (custom)
2022-07-12 23:25:33,354 [pool-1236-thread-1] INFO  server.RaftServerConfigKeys (ConfUtils.java:logGet(46)) - raft.server.log.statemachine.data.read.timeout = 1000ms (default)
2022-07-12 23:25:33,354 [pool-1236-thread-1] INFO  server.RaftServerConfigKeys (ConfUtils.java:logGet(46)) - raft.server.log.segment.size.max = 1048576 (custom)
2022-07-12 23:25:33,355 [pool-1236-thread-1] INFO  server.RaftServerConfigKeys (ConfUtils.java:logGet(46)) - raft.server.log.segment.cache.num.max = 2 (custom)
2022-07-12 23:25:33,355 [pool-1236-thread-1] INFO  server.RaftServerConfigKeys (ConfUtils.java:logGet(46)) - raft.server.log.segment.cache.size.max = 200MB (=209715200) (default)
2022-07-12 23:25:33,355 [pool-1236-thread-1] INFO  segmented.SegmentedRaftLogWorker (SegmentedRaftLogWorker.java:<init>(187)) - new 8960f961-c44a-41ec-8336-420a965cc97a@group-4A82939BF426-SegmentedRaftLogWorker for RaftStorageImpl:Storage Directory /home/runner/work/ozone/ozone/hadoop-ozone/integration-test/target/test-dir/MiniOzoneClusterImpl-9bee4ffb-16ee-4d3a-b6f9-e52fae08084a/datanode-4/data/ratis/16d9962e-6179-46f8-8547-4a82939bf426
2022-07-12 23:25:33,355 [pool-1236-thread-1] INFO  server.RaftServerConfigKeys (ConfUtils.java:logGet(46)) - raft.server.log.queue.byte-limit = 4294967296 (custom)
2022-07-12 23:25:33,355 [pool-1236-thread-1] INFO  server.RaftServerConfigKeys (ConfUtils.java:logGet(46)) - raft.server.log.queue.element-limit = 1024 (custom)
2022-07-12 23:25:33,355 [pool-1236-thread-1] INFO  server.RaftServerConfigKeys (ConfUtils.java:logGet(46)) - raft.server.log.segment.size.max = 1048576 (custom)
2022-07-12 23:25:33,355 [pool-1236-thread-1] INFO  server.RaftServerConfigKeys (ConfUtils.java:logGet(46)) - raft.server.log.preallocated.size = 16384 (custom)
2022-07-12 23:25:33,355 [pool-1236-thread-1] INFO  server.RaftServerConfigKeys (ConfUtils.java:logGet(46)) - raft.server.log.force.sync.num = 128 (default)
2022-07-12 23:25:33,355 [pool-1236-thread-1] INFO  server.RaftServerConfigKeys (ConfUtils.java:logGet(46)) - raft.server.log.statemachine.data.sync = true (default)
2022-07-12 23:25:33,355 [pool-1236-thread-1] INFO  server.RaftServerConfigKeys (ConfUtils.java:logGet(46)) - raft.server.log.statemachine.data.sync.timeout = 10s (default)
2022-07-12 23:25:33,355 [pool-1236-thread-1] INFO  server.RaftServerConfigKeys (ConfUtils.java:logGet(46)) - raft.server.log.statemachine.data.sync.timeout.retry = -1 (default)
2022-07-12 23:25:33,356 [pool-1236-thread-1] INFO  server.RaftServerConfigKeys (ConfUtils.java:logGet(46)) - raft.server.log.write.buffer.size = 1048576 (custom)
2022-07-12 23:25:33,357 [pool-1236-thread-1] INFO  server.RaftServerConfigKeys (ConfUtils.java:logGet(46)) - raft.server.log.unsafe-flush.enabled = false (default)
2022-07-12 23:25:33,357 [pool-1236-thread-1] INFO  server.RaftServerConfigKeys (ConfUtils.java:logGet(46)) - raft.server.log.statemachine.data.caching.enabled = true (custom)
2022-07-12 23:25:33,360 [EventQueue-PipelineReportForPipelineReportHandler] INFO  pipeline.PipelineManagerImpl (PipelineManagerImpl.java:openPipeline(367)) - Pipeline Pipeline[ Id: 16d9962e-6179-46f8-8547-4a82939bf426, Nodes: 8960f961-c44a-41ec-8336-420a965cc97a{ip: 10.1.0.13, host: fv-az46-473.aox2mo1hufxu3kclv1weif3kjc.bx.internal.cloudapp.net, ports: [REPLICATION=45863, RATIS=36833, RATIS_ADMIN=36833, RATIS_SERVER=36833, STANDALONE=38085], networkLocation: /default-rack, certSerialId: null, persistedOpState: IN_SERVICE, persistedOpStateExpiryEpochSec: 0}, ReplicationConfig: RATIS/ONE, State:ALLOCATED, leaderId:8960f961-c44a-41ec-8336-420a965cc97a, CreationTimestamp2022-07-12T23:25:30.209Z[Etc/UTC]] moved to OPEN state
2022-07-12 23:25:33,360 [pool-1236-thread-1] INFO  segmented.SegmentedRaftLogWorker (SegmentedRaftLogWorker.java:lambda$new$0(135)) - 8960f961-c44a-41ec-8336-420a965cc97a@group-4A82939BF426-SegmentedRaftLogWorker: flushIndex: setUnconditionally 0 -> -1
2022-07-12 23:25:33,360 [pool-1236-thread-1] INFO  segmented.SegmentedRaftLogWorker (SegmentedRaftLogWorker.java:lambda$new$0(135)) - 8960f961-c44a-41ec-8336-420a965cc97a@group-4A82939BF426-SegmentedRaftLogWorker: safeCacheEvictIndex: setUnconditionally 0 -> -1
2022-07-12 23:25:33,360 [pool-1236-thread-1] INFO  server.RaftServerConfigKeys (ConfUtils.java:logGet(46)) - raft.server.snapshot.auto.trigger.enabled = true (custom)
2022-07-12 23:25:33,361 [pool-1236-thread-1] INFO  server.RaftServerConfigKeys (ConfUtils.java:logGet(46)) - raft.server.snapshot.auto.trigger.threshold = 10000 (custom)
2022-07-12 23:25:33,361 [pool-1236-thread-1] INFO  server.RaftServerConfigKeys (ConfUtils.java:logGet(46)) - raft.server.snapshot.retention.file.num = 5 (custom)
2022-07-12 23:25:33,361 [pool-1236-thread-1] INFO  server.RaftServerConfigKeys (ConfUtils.java:logGet(46)) - raft.server.log.purge.upto.snapshot.index = false (default)
2022-07-12 23:25:33,361 [pool-1236-thread-1] INFO  server.RaftServerConfigKeys (ConfUtils.java:logGet(46)) - raft.server.retrycache.expirytime = 600000ms (custom)
2022-07-12 23:25:33,361 [pool-1236-thread-1] INFO  server.RaftServerConfigKeys (ConfUtils.java:logGet(46)) - raft.server.retrycache.statistics.expirytime = 100μs (default)
2022-07-12 23:25:33,362 [pool-1236-thread-1] INFO  server.RaftServerConfigKeys (ConfUtils.java:logGet(46)) - raft.server.log.appender.install.snapshot.enabled = false (custom)
2022-07-12 23:25:33,362 [pool-1236-thread-1] INFO  server.RaftServerConfigKeys (ConfUtils.java:logGet(46)) - raft.server.threadpool.server.cached = true (default)
2022-07-12 23:25:33,362 [pool-1236-thread-1] INFO  server.RaftServerConfigKeys (ConfUtils.java:logGet(46)) - raft.server.threadpool.server.size = 0 (default)
2022-07-12 23:25:33,362 [pool-1236-thread-1] INFO  server.RaftServerConfigKeys (ConfUtils.java:logGet(46)) - raft.server.threadpool.client.cached = true (default)
2022-07-12 23:25:33,362 [pool-1236-thread-1] INFO  server.RaftServerConfigKeys (ConfUtils.java:logGet(46)) - raft.server.threadpool.client.size = 0 (default)
2022-07-12 23:25:33,362 [pool-1236-thread-1] INFO  server.RaftServer$Division (RaftServerImpl.java:start(310)) - 8960f961-c44a-41ec-8336-420a965cc97a@group-4A82939BF426: start as a follower, conf=-1: [8960f961-c44a-41ec-8336-420a965cc97a|rpc:10.1.0.13:36833|priority:1], old=null
2022-07-12 23:25:33,362 [pool-1236-thread-1] INFO  server.RaftServer$Division (RaftServerImpl.java:setRole(299)) - 8960f961-c44a-41ec-8336-420a965cc97a@group-4A82939BF426: changes role from      null to FOLLOWER at term 0 for startAsFollower
2022-07-12 23:25:33,362 [pool-1236-thread-1] INFO  impl.RoleInfo (RoleInfo.java:updateAndGet(139)) - 8960f961-c44a-41ec-8336-420a965cc97a: start 8960f961-c44a-41ec-8336-420a965cc97a@group-4A82939BF426-FollowerState
2022-07-12 23:25:33,367 [pool-1236-thread-1] INFO  util.JmxRegister (JmxRegister.java:tryRegister(44)) - Successfully registered JMX Bean with object name Ratis:service=RaftServer,group=group-4A82939BF426,id=8960f961-c44a-41ec-8336-420a965cc97a
2022-07-12 23:25:33,370 [Command processor thread] INFO  ratis.XceiverServerRatis (XceiverServerRatis.java:addGroup(765)) - Created group PipelineID=16d9962e-6179-46f8-8547-4a82939bf426
2022-07-12 23:25:33,370 [Command processor thread] INFO  commandhandler.CreatePipelineCommandHandler (CreatePipelineCommandHandler.java:handle(113)) - Created Pipeline RATIS ONE PipelineID=16d9962e-6179-46f8-8547-4a82939bf426.
2022-07-12 23:25:33,380 [Time-limited test] INFO  rpc.RpcClient (RpcClient.java:createVolume(466)) - Creating Volume: volume40144, with user05680 as owner and space quota set to -1 bytes, counts quota set to -1
2022-07-12 23:25:33,382 [IPC Server handler 11 on default port 46473] INFO  volume.OMVolumeCreateRequest (OMVolumeCreateRequest.java:validateAndUpdateCache(195)) - created volume:volume40144 for user:user05680
2022-07-12 23:25:33,425 [Time-limited test] INFO  rpc.RpcClient (RpcClient.java:createBucket(669)) - Creating Bucket: volume40144/bucket79836, with bucket layout LEGACY, runner as owner, Versioning false, Storage Type set to DISK and Encryption set to false 
2022-07-12 23:25:33,427 [IPC Server handler 9 on default port 46473] INFO  bucket.OMBucketCreateRequest (OMBucketCreateRequest.java:validateAndUpdateCache(260)) - created bucket: bucket79836 of layout LEGACY in volume: volume40144
2022-07-12 23:25:33,513 [IPC Server handler 0 on default port 36251] INFO  ha.SequenceIdGenerator (SequenceIdGenerator.java:getNextId(128)) - Allocate a batch for containerId, change lastId from 0 to 1000.
2022-07-12 23:25:33,514 [IPC Server handler 0 on default port 36251] WARN  ha.SequenceIdGenerator (SequenceIdGenerator.java:allocateBatch(237)) - Failed to allocate a batch for localId, expected lastId is 0, actual lastId is 109611004723200000.
2022-07-12 23:25:33,514 [IPC Server handler 0 on default port 36251] INFO  ha.SequenceIdGenerator (SequenceIdGenerator.java:getNextId(128)) - Allocate a batch for localId, change lastId from 109611004723200000 to 109611004723201000.
23:25:33.569 [IPC Server handler 18 on default port 46473] ERROR OMAudit - user=runner | ip=127.0.0.1 | op=GET_FILE_STATUS {volume=volume40144, bucket=bucket79836, key=dir419/file1, dataSize=0, replicationConfig=null} | ret=FAILURE
org.apache.hadoop.ozone.om.exceptions.OMException: Unable to get file status: volume: volume40144 bucket: bucket79836 key: dir419/file1
	at org.apache.hadoop.ozone.om.KeyManagerImpl.getOzoneFileStatus(KeyManagerImpl.java:1311) ~[ozone-manager-1.3.0-SNAPSHOT.jar:?]
	at org.apache.hadoop.ozone.om.KeyManagerImpl.getFileStatus(KeyManagerImpl.java:1241) ~[ozone-manager-1.3.0-SNAPSHOT.jar:?]
	at org.apache.hadoop.ozone.om.OzoneManager.getFileStatus(OzoneManager.java:3419) ~[ozone-manager-1.3.0-SNAPSHOT.jar:?]
	at org.apache.hadoop.ozone.protocolPB.OzoneManagerRequestHandler.getOzoneFileStatus(OzoneManagerRequestHandler.java:871) ~[ozone-manager-1.3.0-SNAPSHOT.jar:?]
	at org.apache.hadoop.ozone.protocolPB.OzoneManagerRequestHandler.handleReadRequest(OzoneManagerRequestHandler.java:217) ~[ozone-manager-1.3.0-SNAPSHOT.jar:?]
	at org.apache.hadoop.ozone.protocolPB.OzoneManagerProtocolServerSideTranslatorPB.submitRequestDirectlyToOM(OzoneManagerProtocolServerSideTranslatorPB.java:276) ~[ozone-manager-1.3.0-SNAPSHOT.jar:?]
	at org.apache.hadoop.ozone.protocolPB.OzoneManagerProtocolServerSideTranslatorPB.processRequest(OzoneManagerProtocolServerSideTranslatorPB.java:205) ~[ozone-manager-1.3.0-SNAPSHOT.jar:?]
	at org.apache.hadoop.hdds.server.OzoneProtocolMessageDispatcher.processRequest(OzoneProtocolMessageDispatcher.java:87) [hdds-server-framework-1.3.0-SNAPSHOT.jar:?]
	at org.apache.hadoop.ozone.protocolPB.OzoneManagerProtocolServerSideTranslatorPB.submitRequest(OzoneManagerProtocolServerSideTranslatorPB.java:147) [ozone-manager-1.3.0-SNAPSHOT.jar:?]
	at org.apache.hadoop.ozone.protocol.proto.OzoneManagerProtocolProtos$OzoneManagerService$2.callBlockingMethod(OzoneManagerProtocolProtos.java) [ozone-interface-client-1.3.0-SNAPSHOT.jar:?]
	at org.apache.hadoop.ipc.ProtobufRpcEngine$Server.processCall(ProtobufRpcEngine.java:466) [hadoop-common-3.3.1.jar:?]
	at org.apache.hadoop.ipc.ProtobufRpcEngine2$Server$ProtoBufRpcInvoker.call(ProtobufRpcEngine2.java:574) [hadoop-common-3.3.1.jar:?]
	at org.apache.hadoop.ipc.ProtobufRpcEngine2$Server$ProtoBufRpcInvoker.call(ProtobufRpcEngine2.java:552) [hadoop-common-3.3.1.jar:?]
	at org.apache.hadoop.ipc.RPC$Server.call(RPC.java:1093) [hadoop-common-3.3.1.jar:?]
	at org.apache.hadoop.ipc.Server$RpcCall.run(Server.java:1035) [hadoop-common-3.3.1.jar:?]
	at org.apache.hadoop.ipc.Server$RpcCall.run(Server.java:963) [hadoop-common-3.3.1.jar:?]
	at java.security.AccessController.doPrivileged(Native Method) ~[?:1.8.0_332]
	at javax.security.auth.Subject.doAs(Subject.java:422) [?:1.8.0_332]
	at org.apache.hadoop.security.UserGroupInformation.doAs(UserGroupInformation.java:1878) [hadoop-common-3.3.1.jar:?]
	at org.apache.hadoop.ipc.Server$Handler.run(Server.java:2966) [hadoop-common-3.3.1.jar:?]
]]></system-out>
  </testcase>
  <testcase name="testListStatusRootAndVolumeRecursive" classname="TestRootedOzoneFileSystem" time="1.207">
    <system-out><![CDATA[2022-07-12 23:20:23,368 [Time-limited test] INFO  rpc.RpcClient (RpcClient.java:createVolume(466)) - Creating Volume: volume44057, with user83719 as owner and space quota set to -1 bytes, counts quota set to -1
2022-07-12 23:20:23,378 [OM StateMachine ApplyTransaction Thread - 0] INFO  volume.OMVolumeCreateRequest (OMVolumeCreateRequest.java:validateAndUpdateCache(195)) - created volume:volume44057 for user:user83719
2022-07-12 23:20:23,383 [Time-limited test] INFO  rpc.RpcClient (RpcClient.java:createBucket(669)) - Creating Bucket: volume44057/bucket73970, with bucket layout LEGACY, runner as owner, Versioning false, Storage Type set to DISK and Encryption set to false 
2022-07-12 23:20:23,386 [OM StateMachine ApplyTransaction Thread - 0] INFO  bucket.OMBucketCreateRequest (OMBucketCreateRequest.java:validateAndUpdateCache(260)) - created bucket: bucket73970 of layout LEGACY in volume: volume44057
2022-07-12 23:20:23,404 [Time-limited test] INFO  rpc.RpcClient (RpcClient.java:createVolume(466)) - Creating Volume: volume-02849, with runner as owner and space quota set to -1 bytes, counts quota set to -1
2022-07-12 23:20:23,407 [OM StateMachine ApplyTransaction Thread - 0] INFO  volume.OMVolumeCreateRequest (OMVolumeCreateRequest.java:validateAndUpdateCache(195)) - created volume:volume-02849 for user:runner
2022-07-12 23:20:23,410 [Time-limited test] INFO  rpc.RpcClient (RpcClient.java:createBucket(669)) - Creating Bucket: volume-02849/bucket-50064, with bucket layout LEGACY, runner as owner, Versioning false, Storage Type set to DISK and Encryption set to false 
2022-07-12 23:20:23,413 [OM StateMachine ApplyTransaction Thread - 0] INFO  bucket.OMBucketCreateRequest (OMBucketCreateRequest.java:validateAndUpdateCache(260)) - created bucket: bucket-50064 of layout LEGACY in volume: volume-02849
2022-07-12 23:20:23,471 [Time-limited test] INFO  impl.MetricsSystemImpl (MetricsSystemImpl.java:init(158)) - XceiverClientMetrics metrics system started (again)
2022-07-12 23:20:23,880 [Time-limited test] INFO  rpc.RpcClient (RpcClient.java:createVolume(466)) - Creating Volume: volume-68334, with runner as owner and space quota set to -1 bytes, counts quota set to -1
2022-07-12 23:20:23,884 [OM StateMachine ApplyTransaction Thread - 0] INFO  volume.OMVolumeCreateRequest (OMVolumeCreateRequest.java:validateAndUpdateCache(195)) - created volume:volume-68334 for user:runner
2022-07-12 23:20:23,886 [Time-limited test] INFO  rpc.RpcClient (RpcClient.java:createBucket(669)) - Creating Bucket: volume-68334/bucket-81122, with bucket layout LEGACY, runner as owner, Versioning false, Storage Type set to DISK and Encryption set to false 
2022-07-12 23:20:23,889 [OM StateMachine ApplyTransaction Thread - 0] INFO  bucket.OMBucketCreateRequest (OMBucketCreateRequest.java:validateAndUpdateCache(260)) - created bucket: bucket-81122 of layout LEGACY in volume: volume-68334
]]></system-out>
  </testcase>
  <testcase name="testListStatusRootAndVolumeRecursive" classname="TestRootedOzoneFileSystem" time="0.903">
    <system-out><![CDATA[2022-07-12 23:21:35,434 [Time-limited test] INFO  rpc.RpcClient (RpcClient.java:createVolume(466)) - Creating Volume: volume01281, with user31283 as owner and space quota set to -1 bytes, counts quota set to -1
2022-07-12 23:21:35,436 [OM StateMachine ApplyTransaction Thread - 0] INFO  volume.OMVolumeCreateRequest (OMVolumeCreateRequest.java:validateAndUpdateCache(195)) - created volume:volume01281 for user:user31283
2022-07-12 23:21:35,437 [Time-limited test] INFO  rpc.RpcClient (RpcClient.java:createBucket(669)) - Creating Bucket: volume01281/bucket80771, with bucket layout LEGACY, runner as owner, Versioning false, Storage Type set to DISK and Encryption set to false 
2022-07-12 23:21:35,438 [OM StateMachine ApplyTransaction Thread - 0] INFO  bucket.OMBucketCreateRequest (OMBucketCreateRequest.java:validateAndUpdateCache(260)) - created bucket: bucket80771 of layout LEGACY in volume: volume01281
23:21:35.441 [IPC Server handler 15 on default port 33951] ERROR OMAudit - user=runner | ip=127.0.0.1 | op=READ_BUCKET {volume=volume-86517, bucket=bucket-39582} | ret=FAILURE
org.apache.hadoop.ozone.om.exceptions.OMException: Volume not found when getting bucket info
	at org.apache.hadoop.ozone.om.BucketManagerImpl.getBucketInfo(BucketManagerImpl.java:127) ~[ozone-manager-1.3.0-SNAPSHOT.jar:?]
	at org.apache.hadoop.ozone.om.OzoneManager.getBucketInfo(OzoneManager.java:2778) ~[ozone-manager-1.3.0-SNAPSHOT.jar:?]
	at org.apache.hadoop.ozone.protocolPB.OzoneManagerRequestHandler.infoBucket(OzoneManagerRequestHandler.java:464) ~[ozone-manager-1.3.0-SNAPSHOT.jar:?]
	at org.apache.hadoop.ozone.protocolPB.OzoneManagerRequestHandler.handleReadRequest(OzoneManagerRequestHandler.java:172) ~[ozone-manager-1.3.0-SNAPSHOT.jar:?]
	at org.apache.hadoop.ozone.protocolPB.OzoneManagerProtocolServerSideTranslatorPB.submitReadRequestToOM(OzoneManagerProtocolServerSideTranslatorPB.java:226) ~[ozone-manager-1.3.0-SNAPSHOT.jar:?]
	at org.apache.hadoop.ozone.protocolPB.OzoneManagerProtocolServerSideTranslatorPB.processRequest(OzoneManagerProtocolServerSideTranslatorPB.java:175) ~[ozone-manager-1.3.0-SNAPSHOT.jar:?]
	at org.apache.hadoop.hdds.server.OzoneProtocolMessageDispatcher.processRequest(OzoneProtocolMessageDispatcher.java:87) [hdds-server-framework-1.3.0-SNAPSHOT.jar:?]
	at org.apache.hadoop.ozone.protocolPB.OzoneManagerProtocolServerSideTranslatorPB.submitRequest(OzoneManagerProtocolServerSideTranslatorPB.java:147) [ozone-manager-1.3.0-SNAPSHOT.jar:?]
	at org.apache.hadoop.ozone.protocol.proto.OzoneManagerProtocolProtos$OzoneManagerService$2.callBlockingMethod(OzoneManagerProtocolProtos.java) [ozone-interface-client-1.3.0-SNAPSHOT.jar:?]
	at org.apache.hadoop.ipc.ProtobufRpcEngine$Server.processCall(ProtobufRpcEngine.java:466) [hadoop-common-3.3.1.jar:?]
	at org.apache.hadoop.ipc.ProtobufRpcEngine2$Server$ProtoBufRpcInvoker.call(ProtobufRpcEngine2.java:574) [hadoop-common-3.3.1.jar:?]
	at org.apache.hadoop.ipc.ProtobufRpcEngine2$Server$ProtoBufRpcInvoker.call(ProtobufRpcEngine2.java:552) [hadoop-common-3.3.1.jar:?]
	at org.apache.hadoop.ipc.RPC$Server.call(RPC.java:1093) [hadoop-common-3.3.1.jar:?]
	at org.apache.hadoop.ipc.Server$RpcCall.run(Server.java:1035) [hadoop-common-3.3.1.jar:?]
	at org.apache.hadoop.ipc.Server$RpcCall.run(Server.java:963) [hadoop-common-3.3.1.jar:?]
	at java.security.AccessController.doPrivileged(Native Method) ~[?:1.8.0_332]
	at javax.security.auth.Subject.doAs(Subject.java:422) [?:1.8.0_332]
	at org.apache.hadoop.security.UserGroupInformation.doAs(UserGroupInformation.java:1878) [hadoop-common-3.3.1.jar:?]
	at org.apache.hadoop.ipc.Server$Handler.run(Server.java:2966) [hadoop-common-3.3.1.jar:?]
2022-07-12 23:21:35,441 [Time-limited test] INFO  rpc.RpcClient (RpcClient.java:createVolume(466)) - Creating Volume: volume-86517, with runner as owner and space quota set to -1 bytes, counts quota set to -1
2022-07-12 23:21:35,443 [OM StateMachine ApplyTransaction Thread - 0] INFO  volume.OMVolumeCreateRequest (OMVolumeCreateRequest.java:validateAndUpdateCache(195)) - created volume:volume-86517 for user:runner
2022-07-12 23:21:35,444 [Time-limited test] INFO  rpc.RpcClient (RpcClient.java:createBucket(669)) - Creating Bucket: volume-86517/bucket-39582, with bucket layout LEGACY, runner as owner, Versioning false, Storage Type set to DISK and Encryption set to false 
2022-07-12 23:21:35,445 [OM StateMachine ApplyTransaction Thread - 0] INFO  bucket.OMBucketCreateRequest (OMBucketCreateRequest.java:validateAndUpdateCache(260)) - created bucket: bucket-39582 of layout LEGACY in volume: volume-86517
23:21:35.855 [IPC Server handler 2 on default port 33951] ERROR OMAudit - user=runner | ip=127.0.0.1 | op=READ_BUCKET {volume=volume-18476, bucket=bucket-60266} | ret=FAILURE
org.apache.hadoop.ozone.om.exceptions.OMException: Volume not found when getting bucket info
	at org.apache.hadoop.ozone.om.BucketManagerImpl.getBucketInfo(BucketManagerImpl.java:127) ~[ozone-manager-1.3.0-SNAPSHOT.jar:?]
	at org.apache.hadoop.ozone.om.OzoneManager.getBucketInfo(OzoneManager.java:2778) ~[ozone-manager-1.3.0-SNAPSHOT.jar:?]
	at org.apache.hadoop.ozone.protocolPB.OzoneManagerRequestHandler.infoBucket(OzoneManagerRequestHandler.java:464) ~[ozone-manager-1.3.0-SNAPSHOT.jar:?]
	at org.apache.hadoop.ozone.protocolPB.OzoneManagerRequestHandler.handleReadRequest(OzoneManagerRequestHandler.java:172) ~[ozone-manager-1.3.0-SNAPSHOT.jar:?]
	at org.apache.hadoop.ozone.protocolPB.OzoneManagerProtocolServerSideTranslatorPB.submitReadRequestToOM(OzoneManagerProtocolServerSideTranslatorPB.java:226) ~[ozone-manager-1.3.0-SNAPSHOT.jar:?]
	at org.apache.hadoop.ozone.protocolPB.OzoneManagerProtocolServerSideTranslatorPB.processRequest(OzoneManagerProtocolServerSideTranslatorPB.java:175) ~[ozone-manager-1.3.0-SNAPSHOT.jar:?]
	at org.apache.hadoop.hdds.server.OzoneProtocolMessageDispatcher.processRequest(OzoneProtocolMessageDispatcher.java:87) [hdds-server-framework-1.3.0-SNAPSHOT.jar:?]
	at org.apache.hadoop.ozone.protocolPB.OzoneManagerProtocolServerSideTranslatorPB.submitRequest(OzoneManagerProtocolServerSideTranslatorPB.java:147) [ozone-manager-1.3.0-SNAPSHOT.jar:?]
	at org.apache.hadoop.ozone.protocol.proto.OzoneManagerProtocolProtos$OzoneManagerService$2.callBlockingMethod(OzoneManagerProtocolProtos.java) [ozone-interface-client-1.3.0-SNAPSHOT.jar:?]
	at org.apache.hadoop.ipc.ProtobufRpcEngine$Server.processCall(ProtobufRpcEngine.java:466) [hadoop-common-3.3.1.jar:?]
	at org.apache.hadoop.ipc.ProtobufRpcEngine2$Server$ProtoBufRpcInvoker.call(ProtobufRpcEngine2.java:574) [hadoop-common-3.3.1.jar:?]
	at org.apache.hadoop.ipc.ProtobufRpcEngine2$Server$ProtoBufRpcInvoker.call(ProtobufRpcEngine2.java:552) [hadoop-common-3.3.1.jar:?]
	at org.apache.hadoop.ipc.RPC$Server.call(RPC.java:1093) [hadoop-common-3.3.1.jar:?]
	at org.apache.hadoop.ipc.Server$RpcCall.run(Server.java:1035) [hadoop-common-3.3.1.jar:?]
	at org.apache.hadoop.ipc.Server$RpcCall.run(Server.java:963) [hadoop-common-3.3.1.jar:?]
	at java.security.AccessController.doPrivileged(Native Method) ~[?:1.8.0_332]
	at javax.security.auth.Subject.doAs(Subject.java:422) [?:1.8.0_332]
	at org.apache.hadoop.security.UserGroupInformation.doAs(UserGroupInformation.java:1878) [hadoop-common-3.3.1.jar:?]
	at org.apache.hadoop.ipc.Server$Handler.run(Server.java:2966) [hadoop-common-3.3.1.jar:?]
2022-07-12 23:21:35,856 [Time-limited test] INFO  rpc.RpcClient (RpcClient.java:createVolume(466)) - Creating Volume: volume-18476, with runner as owner and space quota set to -1 bytes, counts quota set to -1
2022-07-12 23:21:35,857 [OM StateMachine ApplyTransaction Thread - 0] INFO  volume.OMVolumeCreateRequest (OMVolumeCreateRequest.java:validateAndUpdateCache(195)) - created volume:volume-18476 for user:runner
2022-07-12 23:21:35,859 [Time-limited test] INFO  rpc.RpcClient (RpcClient.java:createBucket(669)) - Creating Bucket: volume-18476/bucket-60266, with bucket layout LEGACY, runner as owner, Versioning false, Storage Type set to DISK and Encryption set to false 
2022-07-12 23:21:35,861 [OM StateMachine ApplyTransaction Thread - 0] INFO  bucket.OMBucketCreateRequest (OMBucketCreateRequest.java:validateAndUpdateCache(260)) - created bucket: bucket-60266 of layout LEGACY in volume: volume-18476
]]></system-out>
  </testcase>
  <testcase name="testListStatusRootAndVolumeRecursive" classname="TestRootedOzoneFileSystem" time="1.042">
    <system-out><![CDATA[2022-07-12 23:22:48,674 [Time-limited test] INFO  rpc.RpcClient (RpcClient.java:createVolume(466)) - Creating Volume: volume79869, with user16342 as owner and space quota set to -1 bytes, counts quota set to -1
2022-07-12 23:22:48,675 [IPC Server handler 1 on default port 43683] INFO  volume.OMVolumeCreateRequest (OMVolumeCreateRequest.java:validateAndUpdateCache(195)) - created volume:volume79869 for user:user16342
2022-07-12 23:22:48,676 [Time-limited test] INFO  rpc.RpcClient (RpcClient.java:createBucket(669)) - Creating Bucket: volume79869/bucket19945, with bucket layout LEGACY, runner as owner, Versioning false, Storage Type set to DISK and Encryption set to false 
2022-07-12 23:22:48,676 [IPC Server handler 5 on default port 43683] INFO  bucket.OMBucketCreateRequest (OMBucketCreateRequest.java:validateAndUpdateCache(260)) - created bucket: bucket19945 of layout LEGACY in volume: volume79869
23:22:48.697 [IPC Server handler 10 on default port 43683] ERROR OMAudit - user=runner | ip=127.0.0.1 | op=READ_BUCKET {volume=volume-83410, bucket=bucket-31212} | ret=FAILURE
org.apache.hadoop.ozone.om.exceptions.OMException: Volume not found when getting bucket info
	at org.apache.hadoop.ozone.om.BucketManagerImpl.getBucketInfo(BucketManagerImpl.java:127) ~[ozone-manager-1.3.0-SNAPSHOT.jar:?]
	at org.apache.hadoop.ozone.om.OzoneManager.getBucketInfo(OzoneManager.java:2778) ~[ozone-manager-1.3.0-SNAPSHOT.jar:?]
	at org.apache.hadoop.ozone.protocolPB.OzoneManagerRequestHandler.infoBucket(OzoneManagerRequestHandler.java:464) ~[ozone-manager-1.3.0-SNAPSHOT.jar:?]
	at org.apache.hadoop.ozone.protocolPB.OzoneManagerRequestHandler.handleReadRequest(OzoneManagerRequestHandler.java:172) ~[ozone-manager-1.3.0-SNAPSHOT.jar:?]
	at org.apache.hadoop.ozone.protocolPB.OzoneManagerProtocolServerSideTranslatorPB.submitRequestDirectlyToOM(OzoneManagerProtocolServerSideTranslatorPB.java:276) ~[ozone-manager-1.3.0-SNAPSHOT.jar:?]
	at org.apache.hadoop.ozone.protocolPB.OzoneManagerProtocolServerSideTranslatorPB.processRequest(OzoneManagerProtocolServerSideTranslatorPB.java:205) ~[ozone-manager-1.3.0-SNAPSHOT.jar:?]
	at org.apache.hadoop.hdds.server.OzoneProtocolMessageDispatcher.processRequest(OzoneProtocolMessageDispatcher.java:87) [hdds-server-framework-1.3.0-SNAPSHOT.jar:?]
	at org.apache.hadoop.ozone.protocolPB.OzoneManagerProtocolServerSideTranslatorPB.submitRequest(OzoneManagerProtocolServerSideTranslatorPB.java:147) [ozone-manager-1.3.0-SNAPSHOT.jar:?]
	at org.apache.hadoop.ozone.protocol.proto.OzoneManagerProtocolProtos$OzoneManagerService$2.callBlockingMethod(OzoneManagerProtocolProtos.java) [ozone-interface-client-1.3.0-SNAPSHOT.jar:?]
	at org.apache.hadoop.ipc.ProtobufRpcEngine$Server.processCall(ProtobufRpcEngine.java:466) [hadoop-common-3.3.1.jar:?]
	at org.apache.hadoop.ipc.ProtobufRpcEngine2$Server$ProtoBufRpcInvoker.call(ProtobufRpcEngine2.java:574) [hadoop-common-3.3.1.jar:?]
	at org.apache.hadoop.ipc.ProtobufRpcEngine2$Server$ProtoBufRpcInvoker.call(ProtobufRpcEngine2.java:552) [hadoop-common-3.3.1.jar:?]
	at org.apache.hadoop.ipc.RPC$Server.call(RPC.java:1093) [hadoop-common-3.3.1.jar:?]
	at org.apache.hadoop.ipc.Server$RpcCall.run(Server.java:1035) [hadoop-common-3.3.1.jar:?]
	at org.apache.hadoop.ipc.Server$RpcCall.run(Server.java:963) [hadoop-common-3.3.1.jar:?]
	at java.security.AccessController.doPrivileged(Native Method) ~[?:1.8.0_332]
	at javax.security.auth.Subject.doAs(Subject.java:422) [?:1.8.0_332]
	at org.apache.hadoop.security.UserGroupInformation.doAs(UserGroupInformation.java:1878) [hadoop-common-3.3.1.jar:?]
	at org.apache.hadoop.ipc.Server$Handler.run(Server.java:2966) [hadoop-common-3.3.1.jar:?]
2022-07-12 23:22:48,698 [Time-limited test] INFO  rpc.RpcClient (RpcClient.java:createVolume(466)) - Creating Volume: volume-83410, with runner as owner and space quota set to -1 bytes, counts quota set to -1
2022-07-12 23:22:48,699 [IPC Server handler 8 on default port 43683] INFO  volume.OMVolumeCreateRequest (OMVolumeCreateRequest.java:validateAndUpdateCache(195)) - created volume:volume-83410 for user:runner
2022-07-12 23:22:48,699 [Time-limited test] INFO  rpc.RpcClient (RpcClient.java:createBucket(669)) - Creating Bucket: volume-83410/bucket-31212, with bucket layout LEGACY, runner as owner, Versioning false, Storage Type set to DISK and Encryption set to false 
2022-07-12 23:22:48,700 [IPC Server handler 6 on default port 43683] INFO  bucket.OMBucketCreateRequest (OMBucketCreateRequest.java:validateAndUpdateCache(260)) - created bucket: bucket-31212 of layout LEGACY in volume: volume-83410
23:22:49.201 [IPC Server handler 0 on default port 43683] ERROR OMAudit - user=runner | ip=127.0.0.1 | op=READ_BUCKET {volume=volume-83685, bucket=bucket-34344} | ret=FAILURE
org.apache.hadoop.ozone.om.exceptions.OMException: Volume not found when getting bucket info
	at org.apache.hadoop.ozone.om.BucketManagerImpl.getBucketInfo(BucketManagerImpl.java:127) ~[ozone-manager-1.3.0-SNAPSHOT.jar:?]
	at org.apache.hadoop.ozone.om.OzoneManager.getBucketInfo(OzoneManager.java:2778) ~[ozone-manager-1.3.0-SNAPSHOT.jar:?]
	at org.apache.hadoop.ozone.protocolPB.OzoneManagerRequestHandler.infoBucket(OzoneManagerRequestHandler.java:464) ~[ozone-manager-1.3.0-SNAPSHOT.jar:?]
	at org.apache.hadoop.ozone.protocolPB.OzoneManagerRequestHandler.handleReadRequest(OzoneManagerRequestHandler.java:172) ~[ozone-manager-1.3.0-SNAPSHOT.jar:?]
	at org.apache.hadoop.ozone.protocolPB.OzoneManagerProtocolServerSideTranslatorPB.submitRequestDirectlyToOM(OzoneManagerProtocolServerSideTranslatorPB.java:276) ~[ozone-manager-1.3.0-SNAPSHOT.jar:?]
	at org.apache.hadoop.ozone.protocolPB.OzoneManagerProtocolServerSideTranslatorPB.processRequest(OzoneManagerProtocolServerSideTranslatorPB.java:205) ~[ozone-manager-1.3.0-SNAPSHOT.jar:?]
	at org.apache.hadoop.hdds.server.OzoneProtocolMessageDispatcher.processRequest(OzoneProtocolMessageDispatcher.java:87) [hdds-server-framework-1.3.0-SNAPSHOT.jar:?]
	at org.apache.hadoop.ozone.protocolPB.OzoneManagerProtocolServerSideTranslatorPB.submitRequest(OzoneManagerProtocolServerSideTranslatorPB.java:147) [ozone-manager-1.3.0-SNAPSHOT.jar:?]
	at org.apache.hadoop.ozone.protocol.proto.OzoneManagerProtocolProtos$OzoneManagerService$2.callBlockingMethod(OzoneManagerProtocolProtos.java) [ozone-interface-client-1.3.0-SNAPSHOT.jar:?]
	at org.apache.hadoop.ipc.ProtobufRpcEngine$Server.processCall(ProtobufRpcEngine.java:466) [hadoop-common-3.3.1.jar:?]
	at org.apache.hadoop.ipc.ProtobufRpcEngine2$Server$ProtoBufRpcInvoker.call(ProtobufRpcEngine2.java:574) [hadoop-common-3.3.1.jar:?]
	at org.apache.hadoop.ipc.ProtobufRpcEngine2$Server$ProtoBufRpcInvoker.call(ProtobufRpcEngine2.java:552) [hadoop-common-3.3.1.jar:?]
	at org.apache.hadoop.ipc.RPC$Server.call(RPC.java:1093) [hadoop-common-3.3.1.jar:?]
	at org.apache.hadoop.ipc.Server$RpcCall.run(Server.java:1035) [hadoop-common-3.3.1.jar:?]
	at org.apache.hadoop.ipc.Server$RpcCall.run(Server.java:963) [hadoop-common-3.3.1.jar:?]
	at java.security.AccessController.doPrivileged(Native Method) ~[?:1.8.0_332]
	at javax.security.auth.Subject.doAs(Subject.java:422) [?:1.8.0_332]
	at org.apache.hadoop.security.UserGroupInformation.doAs(UserGroupInformation.java:1878) [hadoop-common-3.3.1.jar:?]
	at org.apache.hadoop.ipc.Server$Handler.run(Server.java:2966) [hadoop-common-3.3.1.jar:?]
2022-07-12 23:22:49,202 [Time-limited test] INFO  rpc.RpcClient (RpcClient.java:createVolume(466)) - Creating Volume: volume-83685, with runner as owner and space quota set to -1 bytes, counts quota set to -1
2022-07-12 23:22:49,202 [IPC Server handler 1 on default port 43683] INFO  volume.OMVolumeCreateRequest (OMVolumeCreateRequest.java:validateAndUpdateCache(195)) - created volume:volume-83685 for user:runner
2022-07-12 23:22:49,204 [Time-limited test] INFO  rpc.RpcClient (RpcClient.java:createBucket(669)) - Creating Bucket: volume-83685/bucket-34344, with bucket layout LEGACY, runner as owner, Versioning false, Storage Type set to DISK and Encryption set to false 
2022-07-12 23:22:49,204 [IPC Server handler 5 on default port 43683] INFO  bucket.OMBucketCreateRequest (OMBucketCreateRequest.java:validateAndUpdateCache(260)) - created bucket: bucket-34344 of layout LEGACY in volume: volume-83685
]]></system-out>
  </testcase>
  <testcase name="testListStatusRootAndVolumeRecursive" classname="TestRootedOzoneFileSystem" time="1.494">
    <system-out><![CDATA[2022-07-12 23:24:12,505 [41b6f92d-8f51-4ddc-a2ca-a30ae8e33d76@group-9DB053831FEB-FollowerState] INFO  impl.FollowerState (FollowerState.java:run(143)) - 41b6f92d-8f51-4ddc-a2ca-a30ae8e33d76@group-9DB053831FEB-FollowerState: change to CANDIDATE, lastRpcElapsedTime:5088103315ns, electionTimeout:5072ms
2022-07-12 23:24:12,505 [41b6f92d-8f51-4ddc-a2ca-a30ae8e33d76@group-9DB053831FEB-FollowerState] INFO  impl.RoleInfo (RoleInfo.java:shutdownFollowerState(110)) - 41b6f92d-8f51-4ddc-a2ca-a30ae8e33d76: shutdown 41b6f92d-8f51-4ddc-a2ca-a30ae8e33d76@group-9DB053831FEB-FollowerState
2022-07-12 23:24:12,505 [41b6f92d-8f51-4ddc-a2ca-a30ae8e33d76@group-9DB053831FEB-FollowerState] INFO  server.RaftServer$Division (RaftServerImpl.java:setRole(299)) - 41b6f92d-8f51-4ddc-a2ca-a30ae8e33d76@group-9DB053831FEB: changes role from  FOLLOWER to CANDIDATE at term 2 for changeToCandidate
2022-07-12 23:24:12,505 [41b6f92d-8f51-4ddc-a2ca-a30ae8e33d76@group-9DB053831FEB-FollowerState] INFO  server.RaftServerConfigKeys (ConfUtils.java:logGet(46)) - raft.server.leaderelection.pre-vote = false (custom)
2022-07-12 23:24:12,505 [41b6f92d-8f51-4ddc-a2ca-a30ae8e33d76@group-9DB053831FEB-FollowerState] INFO  impl.RoleInfo (RoleInfo.java:updateAndGet(139)) - 41b6f92d-8f51-4ddc-a2ca-a30ae8e33d76: start 41b6f92d-8f51-4ddc-a2ca-a30ae8e33d76@group-9DB053831FEB-LeaderElection68
2022-07-12 23:24:12,506 [ca090ab3-3872-42a8-bcee-318ad7dbfeb0@group-9DB053831FEB-FollowerState] INFO  impl.FollowerState (FollowerState.java:run(143)) - ca090ab3-3872-42a8-bcee-318ad7dbfeb0@group-9DB053831FEB-FollowerState: change to CANDIDATE, lastRpcElapsedTime:5149244135ns, electionTimeout:5069ms
2022-07-12 23:24:12,506 [ca090ab3-3872-42a8-bcee-318ad7dbfeb0@group-9DB053831FEB-FollowerState] INFO  impl.RoleInfo (RoleInfo.java:shutdownFollowerState(110)) - ca090ab3-3872-42a8-bcee-318ad7dbfeb0: shutdown ca090ab3-3872-42a8-bcee-318ad7dbfeb0@group-9DB053831FEB-FollowerState
2022-07-12 23:24:12,506 [ca090ab3-3872-42a8-bcee-318ad7dbfeb0@group-9DB053831FEB-FollowerState] INFO  server.RaftServer$Division (RaftServerImpl.java:setRole(299)) - ca090ab3-3872-42a8-bcee-318ad7dbfeb0@group-9DB053831FEB: changes role from  FOLLOWER to CANDIDATE at term 2 for changeToCandidate
2022-07-12 23:24:12,549 [ca090ab3-3872-42a8-bcee-318ad7dbfeb0@group-9DB053831FEB-FollowerState] INFO  server.RaftServerConfigKeys (ConfUtils.java:logGet(46)) - raft.server.leaderelection.pre-vote = false (custom)
2022-07-12 23:24:12,549 [ca090ab3-3872-42a8-bcee-318ad7dbfeb0@group-9DB053831FEB-FollowerState] INFO  impl.RoleInfo (RoleInfo.java:updateAndGet(139)) - ca090ab3-3872-42a8-bcee-318ad7dbfeb0: start ca090ab3-3872-42a8-bcee-318ad7dbfeb0@group-9DB053831FEB-LeaderElection69
2022-07-12 23:24:12,551 [41b6f92d-8f51-4ddc-a2ca-a30ae8e33d76@group-9DB053831FEB-LeaderElection68] INFO  impl.LeaderElection (LeaderElection.java:askForVotes(310)) - 41b6f92d-8f51-4ddc-a2ca-a30ae8e33d76@group-9DB053831FEB-LeaderElection68 ELECTION round 0: submit vote requests at term 3 for -1: [5d23e830-42ed-4d2c-9f35-4c2aa5467d76|rpc:10.1.0.13:35411|dataStream:|priority:1, 41b6f92d-8f51-4ddc-a2ca-a30ae8e33d76|rpc:10.1.0.13:40749|dataStream:|priority:0, ca090ab3-3872-42a8-bcee-318ad7dbfeb0|rpc:10.1.0.13:40055|dataStream:|priority:0], old=null
2022-07-12 23:24:12,561 [grpc-default-executor-0] INFO  server.RaftServer$Division (RaftServerImpl.java:requestVote(1152)) - 41b6f92d-8f51-4ddc-a2ca-a30ae8e33d76@group-9DB053831FEB: receive requestVote(ELECTION, 5d23e830-42ed-4d2c-9f35-4c2aa5467d76, group-9DB053831FEB, 3, (t:0, i:0))
2022-07-12 23:24:12,561 [grpc-default-executor-0] INFO  impl.VoteContext (VoteContext.java:log(48)) - 41b6f92d-8f51-4ddc-a2ca-a30ae8e33d76@group-9DB053831FEB-CANDIDATE: reject ELECTION from 5d23e830-42ed-4d2c-9f35-4c2aa5467d76: already has voted for 41b6f92d-8f51-4ddc-a2ca-a30ae8e33d76 at current term 3
2022-07-12 23:24:12,561 [grpc-default-executor-0] INFO  server.RaftServer$Division (RaftServerImpl.java:requestVote(1184)) - 41b6f92d-8f51-4ddc-a2ca-a30ae8e33d76@group-9DB053831FEB replies to ELECTION vote request: 5d23e830-42ed-4d2c-9f35-4c2aa5467d76<-41b6f92d-8f51-4ddc-a2ca-a30ae8e33d76#0:FAIL-t3. Peer's state: 41b6f92d-8f51-4ddc-a2ca-a30ae8e33d76@group-9DB053831FEB:t3, leader=null, voted=41b6f92d-8f51-4ddc-a2ca-a30ae8e33d76, raftlog=41b6f92d-8f51-4ddc-a2ca-a30ae8e33d76@group-9DB053831FEB-SegmentedRaftLog:OPENED:c-1, conf=-1: [5d23e830-42ed-4d2c-9f35-4c2aa5467d76|rpc:10.1.0.13:35411|dataStream:|priority:1, 41b6f92d-8f51-4ddc-a2ca-a30ae8e33d76|rpc:10.1.0.13:40749|dataStream:|priority:0, ca090ab3-3872-42a8-bcee-318ad7dbfeb0|rpc:10.1.0.13:40055|dataStream:|priority:0], old=null
2022-07-12 23:24:12,561 [grpc-default-executor-2] INFO  server.RaftServer$Division (RaftServerImpl.java:requestVote(1152)) - ca090ab3-3872-42a8-bcee-318ad7dbfeb0@group-9DB053831FEB: receive requestVote(ELECTION, 5d23e830-42ed-4d2c-9f35-4c2aa5467d76, group-9DB053831FEB, 3, (t:0, i:0))
2022-07-12 23:24:12,562 [grpc-default-executor-2] INFO  impl.VoteContext (VoteContext.java:log(48)) - ca090ab3-3872-42a8-bcee-318ad7dbfeb0@group-9DB053831FEB-CANDIDATE: accept ELECTION from 5d23e830-42ed-4d2c-9f35-4c2aa5467d76: our priority 0 <= candidate's priority 1
2022-07-12 23:24:12,562 [grpc-default-executor-2] INFO  server.RaftServer$Division (RaftServerImpl.java:setRole(299)) - ca090ab3-3872-42a8-bcee-318ad7dbfeb0@group-9DB053831FEB: changes role from CANDIDATE to FOLLOWER at term 3 for candidate:5d23e830-42ed-4d2c-9f35-4c2aa5467d76
2022-07-12 23:24:12,562 [grpc-default-executor-2] INFO  impl.RoleInfo (RoleInfo.java:shutdownLeaderElection(130)) - ca090ab3-3872-42a8-bcee-318ad7dbfeb0: shutdown ca090ab3-3872-42a8-bcee-318ad7dbfeb0@group-9DB053831FEB-LeaderElection69
2022-07-12 23:24:12,562 [grpc-default-executor-2] INFO  impl.RoleInfo (RoleInfo.java:updateAndGet(139)) - ca090ab3-3872-42a8-bcee-318ad7dbfeb0: start ca090ab3-3872-42a8-bcee-318ad7dbfeb0@group-9DB053831FEB-FollowerState
2022-07-12 23:24:12,570 [grpc-default-executor-2] INFO  server.RaftServer$Division (RaftServerImpl.java:requestVote(1184)) - ca090ab3-3872-42a8-bcee-318ad7dbfeb0@group-9DB053831FEB replies to ELECTION vote request: 5d23e830-42ed-4d2c-9f35-4c2aa5467d76<-ca090ab3-3872-42a8-bcee-318ad7dbfeb0#0:OK-t3. Peer's state: ca090ab3-3872-42a8-bcee-318ad7dbfeb0@group-9DB053831FEB:t3, leader=null, voted=5d23e830-42ed-4d2c-9f35-4c2aa5467d76, raftlog=ca090ab3-3872-42a8-bcee-318ad7dbfeb0@group-9DB053831FEB-SegmentedRaftLog:OPENED:c-1, conf=-1: [5d23e830-42ed-4d2c-9f35-4c2aa5467d76|rpc:10.1.0.13:35411|priority:1, 41b6f92d-8f51-4ddc-a2ca-a30ae8e33d76|rpc:10.1.0.13:40749|priority:0, ca090ab3-3872-42a8-bcee-318ad7dbfeb0|rpc:10.1.0.13:40055|priority:0], old=null
2022-07-12 23:24:12,593 [ca090ab3-3872-42a8-bcee-318ad7dbfeb0@group-9DB053831FEB-LeaderElection69] INFO  impl.LeaderElection (LeaderElection.java:run(231)) - ca090ab3-3872-42a8-bcee-318ad7dbfeb0@group-9DB053831FEB-LeaderElection69: skip running since this is already CLOSING
2022-07-12 23:24:12,650 [grpc-default-executor-2] INFO  server.RaftServer$Division (RaftServerImpl.java:requestVote(1152)) - 5d23e830-42ed-4d2c-9f35-4c2aa5467d76@group-9DB053831FEB: receive requestVote(ELECTION, 41b6f92d-8f51-4ddc-a2ca-a30ae8e33d76, group-9DB053831FEB, 3, (t:0, i:0))
2022-07-12 23:24:12,650 [grpc-default-executor-2] INFO  impl.VoteContext (VoteContext.java:log(48)) - 5d23e830-42ed-4d2c-9f35-4c2aa5467d76@group-9DB053831FEB-CANDIDATE: reject ELECTION from 41b6f92d-8f51-4ddc-a2ca-a30ae8e33d76: already has voted for 5d23e830-42ed-4d2c-9f35-4c2aa5467d76 at current term 3
2022-07-12 23:24:12,650 [grpc-default-executor-2] INFO  server.RaftServer$Division (RaftServerImpl.java:requestVote(1184)) - 5d23e830-42ed-4d2c-9f35-4c2aa5467d76@group-9DB053831FEB replies to ELECTION vote request: 41b6f92d-8f51-4ddc-a2ca-a30ae8e33d76<-5d23e830-42ed-4d2c-9f35-4c2aa5467d76#0:FAIL-t3. Peer's state: 5d23e830-42ed-4d2c-9f35-4c2aa5467d76@group-9DB053831FEB:t3, leader=null, voted=5d23e830-42ed-4d2c-9f35-4c2aa5467d76, raftlog=5d23e830-42ed-4d2c-9f35-4c2aa5467d76@group-9DB053831FEB-SegmentedRaftLog:OPENED:c-1, conf=-1: [5d23e830-42ed-4d2c-9f35-4c2aa5467d76|rpc:10.1.0.13:35411|dataStream:|priority:1, 41b6f92d-8f51-4ddc-a2ca-a30ae8e33d76|rpc:10.1.0.13:40749|dataStream:|priority:0, ca090ab3-3872-42a8-bcee-318ad7dbfeb0|rpc:10.1.0.13:40055|dataStream:|priority:0], old=null
2022-07-12 23:24:12,672 [5d23e830-42ed-4d2c-9f35-4c2aa5467d76@group-9DB053831FEB-LeaderElection67] INFO  impl.LeaderElection (LeaderElection.java:logAndReturn(90)) - 5d23e830-42ed-4d2c-9f35-4c2aa5467d76@group-9DB053831FEB-LeaderElection67: ELECTION PASSED received 2 response(s) and 0 exception(s):
2022-07-12 23:24:12,678 [5d23e830-42ed-4d2c-9f35-4c2aa5467d76@group-9DB053831FEB-LeaderElection67] INFO  impl.LeaderElection (LeaderElection.java:logAndReturn(94)) -   Response 0: 5d23e830-42ed-4d2c-9f35-4c2aa5467d76<-41b6f92d-8f51-4ddc-a2ca-a30ae8e33d76#0:FAIL-t3
2022-07-12 23:24:12,678 [5d23e830-42ed-4d2c-9f35-4c2aa5467d76@group-9DB053831FEB-LeaderElection67] INFO  impl.LeaderElection (LeaderElection.java:logAndReturn(94)) -   Response 1: 5d23e830-42ed-4d2c-9f35-4c2aa5467d76<-ca090ab3-3872-42a8-bcee-318ad7dbfeb0#0:OK-t3
2022-07-12 23:24:12,678 [5d23e830-42ed-4d2c-9f35-4c2aa5467d76@group-9DB053831FEB-LeaderElection67] INFO  impl.LeaderElection (LeaderElection.java:askForVotes(312)) - 5d23e830-42ed-4d2c-9f35-4c2aa5467d76@group-9DB053831FEB-LeaderElection67 ELECTION round 0: result PASSED
2022-07-12 23:24:12,678 [5d23e830-42ed-4d2c-9f35-4c2aa5467d76@group-9DB053831FEB-LeaderElection67] INFO  impl.RoleInfo (RoleInfo.java:shutdownLeaderElection(130)) - 5d23e830-42ed-4d2c-9f35-4c2aa5467d76: shutdown 5d23e830-42ed-4d2c-9f35-4c2aa5467d76@group-9DB053831FEB-LeaderElection67
2022-07-12 23:24:12,678 [5d23e830-42ed-4d2c-9f35-4c2aa5467d76@group-9DB053831FEB-LeaderElection67] INFO  server.RaftServer$Division (RaftServerImpl.java:setRole(299)) - 5d23e830-42ed-4d2c-9f35-4c2aa5467d76@group-9DB053831FEB: changes role from CANDIDATE to LEADER at term 3 for changeToLeader
2022-07-12 23:24:12,678 [5d23e830-42ed-4d2c-9f35-4c2aa5467d76@group-9DB053831FEB-LeaderElection67] INFO  ratis.XceiverServerRatis (XceiverServerRatis.java:handleLeaderChangedNotification(863)) - Leader change notification received for group: group-9DB053831FEB with new leaderId: 5d23e830-42ed-4d2c-9f35-4c2aa5467d76
2022-07-12 23:24:12,678 [5d23e830-42ed-4d2c-9f35-4c2aa5467d76@group-9DB053831FEB-LeaderElection67] INFO  server.RaftServer$Division (ServerState.java:setLeader(287)) - 5d23e830-42ed-4d2c-9f35-4c2aa5467d76@group-9DB053831FEB: change Leader from null to 5d23e830-42ed-4d2c-9f35-4c2aa5467d76 at term 3 for becomeLeader, leader elected after 15752ms
2022-07-12 23:24:12,678 [5d23e830-42ed-4d2c-9f35-4c2aa5467d76@group-9DB053831FEB-LeaderElection67] INFO  server.RaftServerConfigKeys (ConfUtils.java:logGet(46)) - raft.server.staging.catchup.gap = 1000 (default)
2022-07-12 23:24:12,678 [5d23e830-42ed-4d2c-9f35-4c2aa5467d76@group-9DB053831FEB-LeaderElection67] INFO  server.RaftServerConfigKeys (ConfUtils.java:logGet(46)) - raft.server.write.element-limit = 1024 (custom)
2022-07-12 23:24:12,678 [5d23e830-42ed-4d2c-9f35-4c2aa5467d76@group-9DB053831FEB-LeaderElection67] INFO  server.RaftServerConfigKeys (ConfUtils.java:logGet(46)) - raft.server.write.byte-limit = 1024 M (=1073741824) (custom)
2022-07-12 23:24:12,679 [5d23e830-42ed-4d2c-9f35-4c2aa5467d76@group-9DB053831FEB-LeaderElection67] INFO  server.RaftServerConfigKeys (ConfUtils.java:logGet(46)) - raft.server.watch.timeout = 180s (custom)
2022-07-12 23:24:12,679 [5d23e830-42ed-4d2c-9f35-4c2aa5467d76@group-9DB053831FEB-LeaderElection67] INFO  server.RaftServerConfigKeys (ConfUtils.java:logGet(46)) - raft.server.watch.timeout.denomination = 1s (default)
2022-07-12 23:24:12,679 [5d23e830-42ed-4d2c-9f35-4c2aa5467d76@group-9DB053831FEB-LeaderElection67] INFO  server.RaftServerConfigKeys (ConfUtils.java:logGet(46)) - raft.server.watch.element-limit = 65536 (default)
2022-07-12 23:24:12,679 [5d23e830-42ed-4d2c-9f35-4c2aa5467d76@group-9DB053831FEB-LeaderElection67] INFO  server.RaftServerConfigKeys (ConfUtils.java:logGet(46)) - raft.server.write.element-limit = 1024 (custom)
2022-07-12 23:24:12,679 [5d23e830-42ed-4d2c-9f35-4c2aa5467d76@group-9DB053831FEB-LeaderElection67] INFO  server.RaftServerConfigKeys (ConfUtils.java:logGet(46)) - raft.server.write.follower.gap.ratio.max = -1.0 (default)
2022-07-12 23:24:12,680 [5d23e830-42ed-4d2c-9f35-4c2aa5467d76@group-9DB053831FEB-LeaderElection67] INFO  server.RaftServerConfigKeys (ConfUtils.java:logGet(46)) - raft.server.log.appender.snapshot.chunk.size.max = 16MB (=16777216) (default)
2022-07-12 23:24:12,680 [5d23e830-42ed-4d2c-9f35-4c2aa5467d76@group-9DB053831FEB-LeaderElection67] INFO  server.RaftServerConfigKeys (ConfUtils.java:logGet(46)) - raft.server.log.appender.buffer.byte-limit = 33554432 (custom)
2022-07-12 23:24:12,680 [5d23e830-42ed-4d2c-9f35-4c2aa5467d76@group-9DB053831FEB-LeaderElection67] INFO  server.RaftServerConfigKeys (ConfUtils.java:logGet(46)) - raft.server.log.appender.buffer.element-limit = 1 (custom)
2022-07-12 23:24:12,680 [5d23e830-42ed-4d2c-9f35-4c2aa5467d76@group-9DB053831FEB-LeaderElection67] INFO  grpc.GrpcConfigKeys (ConfUtils.java:logGet(46)) - raft.grpc.server.leader.outstanding.appends.max = 128 (default)
2022-07-12 23:24:12,680 [5d23e830-42ed-4d2c-9f35-4c2aa5467d76@group-9DB053831FEB-LeaderElection67] INFO  server.RaftServerConfigKeys (ConfUtils.java:logGet(46)) - raft.server.rpc.request.timeout = 60s (custom)
2022-07-12 23:24:12,680 [5d23e830-42ed-4d2c-9f35-4c2aa5467d76@group-9DB053831FEB-LeaderElection67] INFO  server.RaftServerConfigKeys (ConfUtils.java:logGet(46)) - raft.server.log.appender.install.snapshot.enabled = false (custom)
2022-07-12 23:24:12,682 [EventQueue-PipelineReportForPipelineReportHandler] INFO  pipeline.PipelineManagerImpl (PipelineManagerImpl.java:openPipeline(367)) - Pipeline Pipeline[ Id: d542f389-28c8-4c3a-80bc-9db053831feb, Nodes: ca090ab3-3872-42a8-bcee-318ad7dbfeb0{ip: 10.1.0.13, host: fv-az46-473.aox2mo1hufxu3kclv1weif3kjc.bx.internal.cloudapp.net, ports: [REPLICATION=36057, RATIS=40055, RATIS_ADMIN=40055, RATIS_SERVER=40055, STANDALONE=37857], networkLocation: /default-rack, certSerialId: null, persistedOpState: IN_SERVICE, persistedOpStateExpiryEpochSec: 0}5d23e830-42ed-4d2c-9f35-4c2aa5467d76{ip: 10.1.0.13, host: fv-az46-473.aox2mo1hufxu3kclv1weif3kjc.bx.internal.cloudapp.net, ports: [REPLICATION=34303, RATIS=35411, RATIS_ADMIN=35411, RATIS_SERVER=35411, STANDALONE=39313], networkLocation: /default-rack, certSerialId: null, persistedOpState: IN_SERVICE, persistedOpStateExpiryEpochSec: 0}41b6f92d-8f51-4ddc-a2ca-a30ae8e33d76{ip: 10.1.0.13, host: fv-az46-473.aox2mo1hufxu3kclv1weif3kjc.bx.internal.cloudapp.net, ports: [REPLICATION=45827, RATIS=40749, RATIS_ADMIN=40749, RATIS_SERVER=40749, STANDALONE=42257], networkLocation: /default-rack, certSerialId: null, persistedOpState: IN_SERVICE, persistedOpStateExpiryEpochSec: 0}, ReplicationConfig: RATIS/THREE, State:ALLOCATED, leaderId:5d23e830-42ed-4d2c-9f35-4c2aa5467d76, CreationTimestamp2022-07-12T23:23:55.028Z[Etc/UTC]] moved to OPEN state
2022-07-12 23:24:12,671 [Time-limited test] INFO  rpc.RpcClient (RpcClient.java:createVolume(466)) - Creating Volume: volume05894, with user30114 as owner and space quota set to -1 bytes, counts quota set to -1
2022-07-12 23:24:12,729 [41b6f92d-8f51-4ddc-a2ca-a30ae8e33d76@group-9DB053831FEB-LeaderElection68] INFO  impl.LeaderElection (LeaderElection.java:logAndReturn(90)) - 41b6f92d-8f51-4ddc-a2ca-a30ae8e33d76@group-9DB053831FEB-LeaderElection68: ELECTION REJECTED received 1 response(s) and 0 exception(s):
2022-07-12 23:24:12,729 [41b6f92d-8f51-4ddc-a2ca-a30ae8e33d76@group-9DB053831FEB-LeaderElection68] INFO  impl.LeaderElection (LeaderElection.java:logAndReturn(94)) -   Response 0: 41b6f92d-8f51-4ddc-a2ca-a30ae8e33d76<-5d23e830-42ed-4d2c-9f35-4c2aa5467d76#0:FAIL-t3
2022-07-12 23:24:12,729 [41b6f92d-8f51-4ddc-a2ca-a30ae8e33d76@group-9DB053831FEB-LeaderElection68] INFO  impl.LeaderElection (LeaderElection.java:askForVotes(312)) - 41b6f92d-8f51-4ddc-a2ca-a30ae8e33d76@group-9DB053831FEB-LeaderElection68 ELECTION round 0: result REJECTED
2022-07-12 23:24:12,730 [41b6f92d-8f51-4ddc-a2ca-a30ae8e33d76@group-9DB053831FEB-LeaderElection68] INFO  server.RaftServer$Division (RaftServerImpl.java:setRole(299)) - 41b6f92d-8f51-4ddc-a2ca-a30ae8e33d76@group-9DB053831FEB: changes role from CANDIDATE to FOLLOWER at term 3 for REJECTED
2022-07-12 23:24:12,730 [41b6f92d-8f51-4ddc-a2ca-a30ae8e33d76@group-9DB053831FEB-LeaderElection68] INFO  impl.RoleInfo (RoleInfo.java:shutdownLeaderElection(130)) - 41b6f92d-8f51-4ddc-a2ca-a30ae8e33d76: shutdown 41b6f92d-8f51-4ddc-a2ca-a30ae8e33d76@group-9DB053831FEB-LeaderElection68
2022-07-12 23:24:12,730 [41b6f92d-8f51-4ddc-a2ca-a30ae8e33d76@group-9DB053831FEB-LeaderElection68] INFO  impl.RoleInfo (RoleInfo.java:updateAndGet(139)) - 41b6f92d-8f51-4ddc-a2ca-a30ae8e33d76: start 41b6f92d-8f51-4ddc-a2ca-a30ae8e33d76@group-9DB053831FEB-FollowerState
2022-07-12 23:24:12,725 [5d23e830-42ed-4d2c-9f35-4c2aa5467d76@group-9DB053831FEB-LeaderElection67] INFO  server.RaftServerConfigKeys (ConfUtils.java:logGet(46)) - raft.server.log.appender.snapshot.chunk.size.max = 16MB (=16777216) (default)
2022-07-12 23:24:12,697 [grpc-default-executor-2] INFO  server.RaftServer$Division (RaftServerImpl.java:requestVote(1152)) - ca090ab3-3872-42a8-bcee-318ad7dbfeb0@group-9DB053831FEB: receive requestVote(ELECTION, 41b6f92d-8f51-4ddc-a2ca-a30ae8e33d76, group-9DB053831FEB, 3, (t:0, i:0))
2022-07-12 23:24:12,733 [grpc-default-executor-2] INFO  impl.VoteContext (VoteContext.java:log(48)) - ca090ab3-3872-42a8-bcee-318ad7dbfeb0@group-9DB053831FEB-FOLLOWER: reject ELECTION from 41b6f92d-8f51-4ddc-a2ca-a30ae8e33d76: already has voted for 5d23e830-42ed-4d2c-9f35-4c2aa5467d76 at current term 3
2022-07-12 23:24:12,733 [grpc-default-executor-2] INFO  server.RaftServer$Division (RaftServerImpl.java:requestVote(1184)) - ca090ab3-3872-42a8-bcee-318ad7dbfeb0@group-9DB053831FEB replies to ELECTION vote request: 41b6f92d-8f51-4ddc-a2ca-a30ae8e33d76<-ca090ab3-3872-42a8-bcee-318ad7dbfeb0#0:FAIL-t3. Peer's state: ca090ab3-3872-42a8-bcee-318ad7dbfeb0@group-9DB053831FEB:t3, leader=null, voted=5d23e830-42ed-4d2c-9f35-4c2aa5467d76, raftlog=ca090ab3-3872-42a8-bcee-318ad7dbfeb0@group-9DB053831FEB-SegmentedRaftLog:OPENED:c-1, conf=-1: [5d23e830-42ed-4d2c-9f35-4c2aa5467d76|rpc:10.1.0.13:35411|priority:1, 41b6f92d-8f51-4ddc-a2ca-a30ae8e33d76|rpc:10.1.0.13:40749|priority:0, ca090ab3-3872-42a8-bcee-318ad7dbfeb0|rpc:10.1.0.13:40055|priority:0], old=null
2022-07-12 23:24:12,733 [OM StateMachine ApplyTransaction Thread - 0] INFO  volume.OMVolumeCreateRequest (OMVolumeCreateRequest.java:validateAndUpdateCache(195)) - created volume:volume05894 for user:user30114
2022-07-12 23:24:12,734 [5d23e830-42ed-4d2c-9f35-4c2aa5467d76@group-9DB053831FEB-LeaderElection67] INFO  server.RaftServerConfigKeys (ConfUtils.java:logGet(46)) - raft.server.log.appender.buffer.byte-limit = 33554432 (custom)
2022-07-12 23:24:12,734 [5d23e830-42ed-4d2c-9f35-4c2aa5467d76@group-9DB053831FEB-LeaderElection67] INFO  server.RaftServerConfigKeys (ConfUtils.java:logGet(46)) - raft.server.log.appender.buffer.element-limit = 1 (custom)
2022-07-12 23:24:12,734 [Time-limited test] INFO  rpc.RpcClient (RpcClient.java:createBucket(669)) - Creating Bucket: volume05894/bucket77847, with bucket layout LEGACY, runner as owner, Versioning false, Storage Type set to DISK and Encryption set to false 
2022-07-12 23:24:12,735 [OM StateMachine ApplyTransaction Thread - 0] INFO  bucket.OMBucketCreateRequest (OMBucketCreateRequest.java:validateAndUpdateCache(260)) - created bucket: bucket77847 of layout LEGACY in volume: volume05894
2022-07-12 23:24:12,753 [5d23e830-42ed-4d2c-9f35-4c2aa5467d76@group-9DB053831FEB-LeaderElection67] INFO  grpc.GrpcConfigKeys (ConfUtils.java:logGet(46)) - raft.grpc.server.leader.outstanding.appends.max = 128 (default)
2022-07-12 23:24:12,753 [5d23e830-42ed-4d2c-9f35-4c2aa5467d76@group-9DB053831FEB-LeaderElection67] INFO  server.RaftServerConfigKeys (ConfUtils.java:logGet(46)) - raft.server.rpc.request.timeout = 60s (custom)
2022-07-12 23:24:12,753 [5d23e830-42ed-4d2c-9f35-4c2aa5467d76@group-9DB053831FEB-LeaderElection67] INFO  server.RaftServerConfigKeys (ConfUtils.java:logGet(46)) - raft.server.log.appender.install.snapshot.enabled = false (custom)
2022-07-12 23:24:12,753 [5d23e830-42ed-4d2c-9f35-4c2aa5467d76@group-9DB053831FEB-LeaderElection67] INFO  impl.RoleInfo (RoleInfo.java:updateAndGet(139)) - 5d23e830-42ed-4d2c-9f35-4c2aa5467d76: start 5d23e830-42ed-4d2c-9f35-4c2aa5467d76@group-9DB053831FEB-LeaderStateImpl
2022-07-12 23:24:12,753 [5d23e830-42ed-4d2c-9f35-4c2aa5467d76@group-9DB053831FEB-LeaderElection67] INFO  segmented.SegmentedRaftLogWorker (SegmentedRaftLogWorker.java:startLogSegment(425)) - 5d23e830-42ed-4d2c-9f35-4c2aa5467d76@group-9DB053831FEB-SegmentedRaftLogWorker: Starting segment from index:0
23:24:12.755 [IPC Server handler 7 on default port 45473] ERROR OMAudit - user=runner | ip=127.0.0.1 | op=READ_BUCKET {volume=volume-31473, bucket=bucket-60892} | ret=FAILURE
org.apache.hadoop.ozone.om.exceptions.OMException: Volume not found when getting bucket info
	at org.apache.hadoop.ozone.om.BucketManagerImpl.getBucketInfo(BucketManagerImpl.java:127) ~[ozone-manager-1.3.0-SNAPSHOT.jar:?]
	at org.apache.hadoop.ozone.om.OzoneManager.getBucketInfo(OzoneManager.java:2778) ~[ozone-manager-1.3.0-SNAPSHOT.jar:?]
	at org.apache.hadoop.ozone.protocolPB.OzoneManagerRequestHandler.infoBucket(OzoneManagerRequestHandler.java:464) ~[ozone-manager-1.3.0-SNAPSHOT.jar:?]
	at org.apache.hadoop.ozone.protocolPB.OzoneManagerRequestHandler.handleReadRequest(OzoneManagerRequestHandler.java:172) ~[ozone-manager-1.3.0-SNAPSHOT.jar:?]
	at org.apache.hadoop.ozone.protocolPB.OzoneManagerProtocolServerSideTranslatorPB.submitReadRequestToOM(OzoneManagerProtocolServerSideTranslatorPB.java:226) ~[ozone-manager-1.3.0-SNAPSHOT.jar:?]
	at org.apache.hadoop.ozone.protocolPB.OzoneManagerProtocolServerSideTranslatorPB.processRequest(OzoneManagerProtocolServerSideTranslatorPB.java:175) ~[ozone-manager-1.3.0-SNAPSHOT.jar:?]
	at org.apache.hadoop.hdds.server.OzoneProtocolMessageDispatcher.processRequest(OzoneProtocolMessageDispatcher.java:87) [hdds-server-framework-1.3.0-SNAPSHOT.jar:?]
	at org.apache.hadoop.ozone.protocolPB.OzoneManagerProtocolServerSideTranslatorPB.submitRequest(OzoneManagerProtocolServerSideTranslatorPB.java:147) [ozone-manager-1.3.0-SNAPSHOT.jar:?]
	at org.apache.hadoop.ozone.protocol.proto.OzoneManagerProtocolProtos$OzoneManagerService$2.callBlockingMethod(OzoneManagerProtocolProtos.java) [ozone-interface-client-1.3.0-SNAPSHOT.jar:?]
	at org.apache.hadoop.ipc.ProtobufRpcEngine$Server.processCall(ProtobufRpcEngine.java:466) [hadoop-common-3.3.1.jar:?]
	at org.apache.hadoop.ipc.ProtobufRpcEngine2$Server$ProtoBufRpcInvoker.call(ProtobufRpcEngine2.java:574) [hadoop-common-3.3.1.jar:?]
	at org.apache.hadoop.ipc.ProtobufRpcEngine2$Server$ProtoBufRpcInvoker.call(ProtobufRpcEngine2.java:552) [hadoop-common-3.3.1.jar:?]
	at org.apache.hadoop.ipc.RPC$Server.call(RPC.java:1093) [hadoop-common-3.3.1.jar:?]
	at org.apache.hadoop.ipc.Server$RpcCall.run(Server.java:1035) [hadoop-common-3.3.1.jar:?]
	at org.apache.hadoop.ipc.Server$RpcCall.run(Server.java:963) [hadoop-common-3.3.1.jar:?]
	at java.security.AccessController.doPrivileged(Native Method) ~[?:1.8.0_332]
	at javax.security.auth.Subject.doAs(Subject.java:422) [?:1.8.0_332]
	at org.apache.hadoop.security.UserGroupInformation.doAs(UserGroupInformation.java:1878) [hadoop-common-3.3.1.jar:?]
	at org.apache.hadoop.ipc.Server$Handler.run(Server.java:2966) [hadoop-common-3.3.1.jar:?]
2022-07-12 23:24:12,756 [Time-limited test] INFO  rpc.RpcClient (RpcClient.java:createVolume(466)) - Creating Volume: volume-31473, with runner as owner and space quota set to -1 bytes, counts quota set to -1
2022-07-12 23:24:12,756 [5d23e830-42ed-4d2c-9f35-4c2aa5467d76@group-9DB053831FEB-SegmentedRaftLogWorker] INFO  segmented.SegmentedRaftLogWorker (SegmentedRaftLogWorker.java:execute(629)) - 5d23e830-42ed-4d2c-9f35-4c2aa5467d76@group-9DB053831FEB-SegmentedRaftLogWorker: created new log segment /home/runner/work/ozone/ozone/hadoop-ozone/integration-test/target/test-dir/MiniOzoneClusterImpl-c1953583-3267-45ac-aa0d-78ee30f3dc89/datanode-1/data/ratis/d542f389-28c8-4c3a-80bc-9db053831feb/current/log_inprogress_0
2022-07-12 23:24:12,757 [OM StateMachine ApplyTransaction Thread - 0] INFO  volume.OMVolumeCreateRequest (OMVolumeCreateRequest.java:validateAndUpdateCache(195)) - created volume:volume-31473 for user:runner
2022-07-12 23:24:12,758 [Time-limited test] INFO  rpc.RpcClient (RpcClient.java:createBucket(669)) - Creating Bucket: volume-31473/bucket-60892, with bucket layout LEGACY, runner as owner, Versioning false, Storage Type set to DISK and Encryption set to false 
2022-07-12 23:24:12,758 [5d23e830-42ed-4d2c-9f35-4c2aa5467d76@group-9DB053831FEB-LeaderElection67] INFO  server.RaftServer$Division (ServerState.java:setRaftConf(393)) - 5d23e830-42ed-4d2c-9f35-4c2aa5467d76@group-9DB053831FEB: set configuration 0: [5d23e830-42ed-4d2c-9f35-4c2aa5467d76|rpc:10.1.0.13:35411|dataStream:|priority:1, 41b6f92d-8f51-4ddc-a2ca-a30ae8e33d76|rpc:10.1.0.13:40749|dataStream:|priority:0, ca090ab3-3872-42a8-bcee-318ad7dbfeb0|rpc:10.1.0.13:40055|dataStream:|priority:0], old=null
2022-07-12 23:24:12,759 [OM StateMachine ApplyTransaction Thread - 0] INFO  bucket.OMBucketCreateRequest (OMBucketCreateRequest.java:validateAndUpdateCache(260)) - created bucket: bucket-60892 of layout LEGACY in volume: volume-31473
2022-07-12 23:24:12,839 [41b6f92d-8f51-4ddc-a2ca-a30ae8e33d76-server-thread1] INFO  ratis.XceiverServerRatis (XceiverServerRatis.java:handleLeaderChangedNotification(863)) - Leader change notification received for group: group-9DB053831FEB with new leaderId: 5d23e830-42ed-4d2c-9f35-4c2aa5467d76
2022-07-12 23:24:12,839 [41b6f92d-8f51-4ddc-a2ca-a30ae8e33d76-server-thread1] INFO  server.RaftServer$Division (ServerState.java:setLeader(287)) - 41b6f92d-8f51-4ddc-a2ca-a30ae8e33d76@group-9DB053831FEB: change Leader from null to 5d23e830-42ed-4d2c-9f35-4c2aa5467d76 at term 3 for appendEntries, leader elected after 15676ms
2022-07-12 23:24:12,857 [ca090ab3-3872-42a8-bcee-318ad7dbfeb0-server-thread1] INFO  ratis.XceiverServerRatis (XceiverServerRatis.java:handleLeaderChangedNotification(863)) - Leader change notification received for group: group-9DB053831FEB with new leaderId: 5d23e830-42ed-4d2c-9f35-4c2aa5467d76
2022-07-12 23:24:12,857 [ca090ab3-3872-42a8-bcee-318ad7dbfeb0-server-thread1] INFO  server.RaftServer$Division (ServerState.java:setLeader(287)) - ca090ab3-3872-42a8-bcee-318ad7dbfeb0@group-9DB053831FEB: change Leader from null to 5d23e830-42ed-4d2c-9f35-4c2aa5467d76 at term 3 for appendEntries, leader elected after 16054ms
2022-07-12 23:24:12,875 [41b6f92d-8f51-4ddc-a2ca-a30ae8e33d76-server-thread1] INFO  server.RaftServer$Division (ServerState.java:setRaftConf(393)) - 41b6f92d-8f51-4ddc-a2ca-a30ae8e33d76@group-9DB053831FEB: set configuration 0: [5d23e830-42ed-4d2c-9f35-4c2aa5467d76|rpc:10.1.0.13:35411|dataStream:|priority:1, 41b6f92d-8f51-4ddc-a2ca-a30ae8e33d76|rpc:10.1.0.13:40749|dataStream:|priority:0, ca090ab3-3872-42a8-bcee-318ad7dbfeb0|rpc:10.1.0.13:40055|dataStream:|priority:0], old=null
2022-07-12 23:24:12,876 [41b6f92d-8f51-4ddc-a2ca-a30ae8e33d76-server-thread1] INFO  segmented.SegmentedRaftLogWorker (SegmentedRaftLogWorker.java:startLogSegment(425)) - 41b6f92d-8f51-4ddc-a2ca-a30ae8e33d76@group-9DB053831FEB-SegmentedRaftLogWorker: Starting segment from index:0
2022-07-12 23:24:12,881 [41b6f92d-8f51-4ddc-a2ca-a30ae8e33d76@group-9DB053831FEB-SegmentedRaftLogWorker] INFO  segmented.SegmentedRaftLogWorker (SegmentedRaftLogWorker.java:execute(629)) - 41b6f92d-8f51-4ddc-a2ca-a30ae8e33d76@group-9DB053831FEB-SegmentedRaftLogWorker: created new log segment /home/runner/work/ozone/ozone/hadoop-ozone/integration-test/target/test-dir/MiniOzoneClusterImpl-c1953583-3267-45ac-aa0d-78ee30f3dc89/datanode-2/data/ratis/d542f389-28c8-4c3a-80bc-9db053831feb/current/log_inprogress_0
2022-07-12 23:24:12,901 [ca090ab3-3872-42a8-bcee-318ad7dbfeb0-server-thread2] INFO  server.RaftServer$Division (ServerState.java:setRaftConf(393)) - ca090ab3-3872-42a8-bcee-318ad7dbfeb0@group-9DB053831FEB: set configuration 0: [5d23e830-42ed-4d2c-9f35-4c2aa5467d76|rpc:10.1.0.13:35411|dataStream:|priority:1, 41b6f92d-8f51-4ddc-a2ca-a30ae8e33d76|rpc:10.1.0.13:40749|dataStream:|priority:0, ca090ab3-3872-42a8-bcee-318ad7dbfeb0|rpc:10.1.0.13:40055|dataStream:|priority:0], old=null
2022-07-12 23:24:12,902 [ca090ab3-3872-42a8-bcee-318ad7dbfeb0-server-thread2] INFO  segmented.SegmentedRaftLogWorker (SegmentedRaftLogWorker.java:startLogSegment(425)) - ca090ab3-3872-42a8-bcee-318ad7dbfeb0@group-9DB053831FEB-SegmentedRaftLogWorker: Starting segment from index:0
2022-07-12 23:24:12,926 [ca090ab3-3872-42a8-bcee-318ad7dbfeb0@group-9DB053831FEB-SegmentedRaftLogWorker] INFO  segmented.SegmentedRaftLogWorker (SegmentedRaftLogWorker.java:execute(629)) - ca090ab3-3872-42a8-bcee-318ad7dbfeb0@group-9DB053831FEB-SegmentedRaftLogWorker: created new log segment /home/runner/work/ozone/ozone/hadoop-ozone/integration-test/target/test-dir/MiniOzoneClusterImpl-c1953583-3267-45ac-aa0d-78ee30f3dc89/datanode-0/data/ratis/d542f389-28c8-4c3a-80bc-9db053831feb/current/log_inprogress_0
23:24:13.362 [IPC Server handler 0 on default port 45473] ERROR OMAudit - user=runner | ip=127.0.0.1 | op=READ_BUCKET {volume=volume-13668, bucket=bucket-98440} | ret=FAILURE
org.apache.hadoop.ozone.om.exceptions.OMException: Volume not found when getting bucket info
	at org.apache.hadoop.ozone.om.BucketManagerImpl.getBucketInfo(BucketManagerImpl.java:127) ~[ozone-manager-1.3.0-SNAPSHOT.jar:?]
	at org.apache.hadoop.ozone.om.OzoneManager.getBucketInfo(OzoneManager.java:2778) ~[ozone-manager-1.3.0-SNAPSHOT.jar:?]
	at org.apache.hadoop.ozone.protocolPB.OzoneManagerRequestHandler.infoBucket(OzoneManagerRequestHandler.java:464) ~[ozone-manager-1.3.0-SNAPSHOT.jar:?]
	at org.apache.hadoop.ozone.protocolPB.OzoneManagerRequestHandler.handleReadRequest(OzoneManagerRequestHandler.java:172) ~[ozone-manager-1.3.0-SNAPSHOT.jar:?]
	at org.apache.hadoop.ozone.protocolPB.OzoneManagerProtocolServerSideTranslatorPB.submitReadRequestToOM(OzoneManagerProtocolServerSideTranslatorPB.java:226) ~[ozone-manager-1.3.0-SNAPSHOT.jar:?]
	at org.apache.hadoop.ozone.protocolPB.OzoneManagerProtocolServerSideTranslatorPB.processRequest(OzoneManagerProtocolServerSideTranslatorPB.java:175) ~[ozone-manager-1.3.0-SNAPSHOT.jar:?]
	at org.apache.hadoop.hdds.server.OzoneProtocolMessageDispatcher.processRequest(OzoneProtocolMessageDispatcher.java:87) [hdds-server-framework-1.3.0-SNAPSHOT.jar:?]
	at org.apache.hadoop.ozone.protocolPB.OzoneManagerProtocolServerSideTranslatorPB.submitRequest(OzoneManagerProtocolServerSideTranslatorPB.java:147) [ozone-manager-1.3.0-SNAPSHOT.jar:?]
	at org.apache.hadoop.ozone.protocol.proto.OzoneManagerProtocolProtos$OzoneManagerService$2.callBlockingMethod(OzoneManagerProtocolProtos.java) [ozone-interface-client-1.3.0-SNAPSHOT.jar:?]
	at org.apache.hadoop.ipc.ProtobufRpcEngine$Server.processCall(ProtobufRpcEngine.java:466) [hadoop-common-3.3.1.jar:?]
	at org.apache.hadoop.ipc.ProtobufRpcEngine2$Server$ProtoBufRpcInvoker.call(ProtobufRpcEngine2.java:574) [hadoop-common-3.3.1.jar:?]
	at org.apache.hadoop.ipc.ProtobufRpcEngine2$Server$ProtoBufRpcInvoker.call(ProtobufRpcEngine2.java:552) [hadoop-common-3.3.1.jar:?]
	at org.apache.hadoop.ipc.RPC$Server.call(RPC.java:1093) [hadoop-common-3.3.1.jar:?]
	at org.apache.hadoop.ipc.Server$RpcCall.run(Server.java:1035) [hadoop-common-3.3.1.jar:?]
	at org.apache.hadoop.ipc.Server$RpcCall.run(Server.java:963) [hadoop-common-3.3.1.jar:?]
	at java.security.AccessController.doPrivileged(Native Method) ~[?:1.8.0_332]
	at javax.security.auth.Subject.doAs(Subject.java:422) [?:1.8.0_332]
	at org.apache.hadoop.security.UserGroupInformation.doAs(UserGroupInformation.java:1878) [hadoop-common-3.3.1.jar:?]
	at org.apache.hadoop.ipc.Server$Handler.run(Server.java:2966) [hadoop-common-3.3.1.jar:?]
2022-07-12 23:24:13,365 [Time-limited test] INFO  rpc.RpcClient (RpcClient.java:createVolume(466)) - Creating Volume: volume-13668, with runner as owner and space quota set to -1 bytes, counts quota set to -1
2022-07-12 23:24:13,391 [OM StateMachine ApplyTransaction Thread - 0] INFO  volume.OMVolumeCreateRequest (OMVolumeCreateRequest.java:validateAndUpdateCache(195)) - created volume:volume-13668 for user:runner
2022-07-12 23:24:13,392 [Time-limited test] INFO  rpc.RpcClient (RpcClient.java:createBucket(669)) - Creating Bucket: volume-13668/bucket-98440, with bucket layout LEGACY, runner as owner, Versioning false, Storage Type set to DISK and Encryption set to false 
2022-07-12 23:24:13,394 [OM StateMachine ApplyTransaction Thread - 0] INFO  bucket.OMBucketCreateRequest (OMBucketCreateRequest.java:validateAndUpdateCache(260)) - created bucket: bucket-98440 of layout LEGACY in volume: volume-13668
]]></system-out>
  </testcase>
  <testcase name="testListStatusRootAndVolumeRecursive" classname="TestRootedOzoneFileSystem" time="1.75">
    <system-out><![CDATA[2022-07-12 23:25:33,818 [Time-limited test] INFO  rpc.RpcClient (RpcClient.java:createVolume(466)) - Creating Volume: volume42127, with user93749 as owner and space quota set to -1 bytes, counts quota set to -1
2022-07-12 23:25:33,820 [IPC Server handler 14 on default port 46473] INFO  volume.OMVolumeCreateRequest (OMVolumeCreateRequest.java:validateAndUpdateCache(195)) - created volume:volume42127 for user:user93749
2022-07-12 23:25:33,823 [Time-limited test] INFO  rpc.RpcClient (RpcClient.java:createBucket(669)) - Creating Bucket: volume42127/bucket88806, with bucket layout LEGACY, runner as owner, Versioning false, Storage Type set to DISK and Encryption set to false 
2022-07-12 23:25:33,823 [IPC Server handler 12 on default port 46473] INFO  bucket.OMBucketCreateRequest (OMBucketCreateRequest.java:validateAndUpdateCache(260)) - created bucket: bucket88806 of layout LEGACY in volume: volume42127
23:25:33.837 [IPC Server handler 9 on default port 46473] ERROR OMAudit - user=runner | ip=127.0.0.1 | op=READ_BUCKET {volume=volume-35052, bucket=bucket-70941} | ret=FAILURE
org.apache.hadoop.ozone.om.exceptions.OMException: Volume not found when getting bucket info
	at org.apache.hadoop.ozone.om.BucketManagerImpl.getBucketInfo(BucketManagerImpl.java:127) ~[ozone-manager-1.3.0-SNAPSHOT.jar:?]
	at org.apache.hadoop.ozone.om.OzoneManager.getBucketInfo(OzoneManager.java:2778) ~[ozone-manager-1.3.0-SNAPSHOT.jar:?]
	at org.apache.hadoop.ozone.protocolPB.OzoneManagerRequestHandler.infoBucket(OzoneManagerRequestHandler.java:464) ~[ozone-manager-1.3.0-SNAPSHOT.jar:?]
	at org.apache.hadoop.ozone.protocolPB.OzoneManagerRequestHandler.handleReadRequest(OzoneManagerRequestHandler.java:172) ~[ozone-manager-1.3.0-SNAPSHOT.jar:?]
	at org.apache.hadoop.ozone.protocolPB.OzoneManagerProtocolServerSideTranslatorPB.submitRequestDirectlyToOM(OzoneManagerProtocolServerSideTranslatorPB.java:276) ~[ozone-manager-1.3.0-SNAPSHOT.jar:?]
	at org.apache.hadoop.ozone.protocolPB.OzoneManagerProtocolServerSideTranslatorPB.processRequest(OzoneManagerProtocolServerSideTranslatorPB.java:205) ~[ozone-manager-1.3.0-SNAPSHOT.jar:?]
	at org.apache.hadoop.hdds.server.OzoneProtocolMessageDispatcher.processRequest(OzoneProtocolMessageDispatcher.java:87) [hdds-server-framework-1.3.0-SNAPSHOT.jar:?]
	at org.apache.hadoop.ozone.protocolPB.OzoneManagerProtocolServerSideTranslatorPB.submitRequest(OzoneManagerProtocolServerSideTranslatorPB.java:147) [ozone-manager-1.3.0-SNAPSHOT.jar:?]
	at org.apache.hadoop.ozone.protocol.proto.OzoneManagerProtocolProtos$OzoneManagerService$2.callBlockingMethod(OzoneManagerProtocolProtos.java) [ozone-interface-client-1.3.0-SNAPSHOT.jar:?]
	at org.apache.hadoop.ipc.ProtobufRpcEngine$Server.processCall(ProtobufRpcEngine.java:466) [hadoop-common-3.3.1.jar:?]
	at org.apache.hadoop.ipc.ProtobufRpcEngine2$Server$ProtoBufRpcInvoker.call(ProtobufRpcEngine2.java:574) [hadoop-common-3.3.1.jar:?]
	at org.apache.hadoop.ipc.ProtobufRpcEngine2$Server$ProtoBufRpcInvoker.call(ProtobufRpcEngine2.java:552) [hadoop-common-3.3.1.jar:?]
	at org.apache.hadoop.ipc.RPC$Server.call(RPC.java:1093) [hadoop-common-3.3.1.jar:?]
	at org.apache.hadoop.ipc.Server$RpcCall.run(Server.java:1035) [hadoop-common-3.3.1.jar:?]
	at org.apache.hadoop.ipc.Server$RpcCall.run(Server.java:963) [hadoop-common-3.3.1.jar:?]
	at java.security.AccessController.doPrivileged(Native Method) ~[?:1.8.0_332]
	at javax.security.auth.Subject.doAs(Subject.java:422) [?:1.8.0_332]
	at org.apache.hadoop.security.UserGroupInformation.doAs(UserGroupInformation.java:1878) [hadoop-common-3.3.1.jar:?]
	at org.apache.hadoop.ipc.Server$Handler.run(Server.java:2966) [hadoop-common-3.3.1.jar:?]
2022-07-12 23:25:33,837 [Time-limited test] INFO  rpc.RpcClient (RpcClient.java:createVolume(466)) - Creating Volume: volume-35052, with runner as owner and space quota set to -1 bytes, counts quota set to -1
2022-07-12 23:25:33,845 [IPC Server handler 8 on default port 46473] INFO  volume.OMVolumeCreateRequest (OMVolumeCreateRequest.java:validateAndUpdateCache(195)) - created volume:volume-35052 for user:runner
2022-07-12 23:25:33,857 [Time-limited test] INFO  rpc.RpcClient (RpcClient.java:createBucket(669)) - Creating Bucket: volume-35052/bucket-70941, with bucket layout LEGACY, runner as owner, Versioning false, Storage Type set to DISK and Encryption set to false 
2022-07-12 23:25:33,859 [IPC Server handler 6 on default port 46473] INFO  bucket.OMBucketCreateRequest (OMBucketCreateRequest.java:validateAndUpdateCache(260)) - created bucket: bucket-70941 of layout LEGACY in volume: volume-35052
2022-07-12 23:25:33,861 [a135f15d-6580-477c-8a71-f9528412742f@group-69F1DBBBEBD9-FollowerState] INFO  impl.FollowerState (FollowerState.java:run(143)) - a135f15d-6580-477c-8a71-f9528412742f@group-69F1DBBBEBD9-FollowerState: change to CANDIDATE, lastRpcElapsedTime:5051334492ns, electionTimeout:5003ms
2022-07-12 23:25:33,861 [a135f15d-6580-477c-8a71-f9528412742f@group-69F1DBBBEBD9-FollowerState] INFO  impl.RoleInfo (RoleInfo.java:shutdownFollowerState(110)) - a135f15d-6580-477c-8a71-f9528412742f: shutdown a135f15d-6580-477c-8a71-f9528412742f@group-69F1DBBBEBD9-FollowerState
2022-07-12 23:25:33,861 [a135f15d-6580-477c-8a71-f9528412742f@group-69F1DBBBEBD9-FollowerState] INFO  server.RaftServer$Division (RaftServerImpl.java:setRole(299)) - a135f15d-6580-477c-8a71-f9528412742f@group-69F1DBBBEBD9: changes role from  FOLLOWER to CANDIDATE at term 0 for changeToCandidate
2022-07-12 23:25:33,861 [a135f15d-6580-477c-8a71-f9528412742f@group-69F1DBBBEBD9-FollowerState] INFO  server.RaftServerConfigKeys (ConfUtils.java:logGet(46)) - raft.server.leaderelection.pre-vote = false (custom)
2022-07-12 23:25:33,861 [a135f15d-6580-477c-8a71-f9528412742f@group-69F1DBBBEBD9-FollowerState] INFO  impl.RoleInfo (RoleInfo.java:updateAndGet(139)) - a135f15d-6580-477c-8a71-f9528412742f: start a135f15d-6580-477c-8a71-f9528412742f@group-69F1DBBBEBD9-LeaderElection78
2022-07-12 23:25:34,039 [a135f15d-6580-477c-8a71-f9528412742f@group-69F1DBBBEBD9-LeaderElection78] INFO  impl.LeaderElection (LeaderElection.java:askForVotes(310)) - a135f15d-6580-477c-8a71-f9528412742f@group-69F1DBBBEBD9-LeaderElection78 ELECTION round 0: submit vote requests at term 1 for -1: [a135f15d-6580-477c-8a71-f9528412742f|rpc:10.1.0.13:34569|priority:1], old=null
2022-07-12 23:25:34,039 [a135f15d-6580-477c-8a71-f9528412742f@group-69F1DBBBEBD9-LeaderElection78] INFO  impl.LeaderElection (LeaderElection.java:askForVotes(312)) - a135f15d-6580-477c-8a71-f9528412742f@group-69F1DBBBEBD9-LeaderElection78 ELECTION round 0: result PASSED (term=1)
2022-07-12 23:25:34,039 [a135f15d-6580-477c-8a71-f9528412742f@group-69F1DBBBEBD9-LeaderElection78] INFO  impl.RoleInfo (RoleInfo.java:shutdownLeaderElection(130)) - a135f15d-6580-477c-8a71-f9528412742f: shutdown a135f15d-6580-477c-8a71-f9528412742f@group-69F1DBBBEBD9-LeaderElection78
2022-07-12 23:25:34,062 [a135f15d-6580-477c-8a71-f9528412742f@group-69F1DBBBEBD9-LeaderElection78] INFO  server.RaftServer$Division (RaftServerImpl.java:setRole(299)) - a135f15d-6580-477c-8a71-f9528412742f@group-69F1DBBBEBD9: changes role from CANDIDATE to LEADER at term 1 for changeToLeader
2022-07-12 23:25:34,062 [a135f15d-6580-477c-8a71-f9528412742f@group-69F1DBBBEBD9-LeaderElection78] INFO  ratis.XceiverServerRatis (XceiverServerRatis.java:handleLeaderChangedNotification(863)) - Leader change notification received for group: group-69F1DBBBEBD9 with new leaderId: a135f15d-6580-477c-8a71-f9528412742f
2022-07-12 23:25:34,063 [a135f15d-6580-477c-8a71-f9528412742f@group-69F1DBBBEBD9-LeaderElection78] INFO  server.RaftServer$Division (ServerState.java:setLeader(287)) - a135f15d-6580-477c-8a71-f9528412742f@group-69F1DBBBEBD9: change Leader from null to a135f15d-6580-477c-8a71-f9528412742f at term 1 for becomeLeader, leader elected after 5377ms
2022-07-12 23:25:34,063 [a135f15d-6580-477c-8a71-f9528412742f@group-69F1DBBBEBD9-LeaderElection78] INFO  server.RaftServerConfigKeys (ConfUtils.java:logGet(46)) - raft.server.staging.catchup.gap = 1000 (default)
2022-07-12 23:25:34,063 [a135f15d-6580-477c-8a71-f9528412742f@group-69F1DBBBEBD9-LeaderElection78] INFO  server.RaftServerConfigKeys (ConfUtils.java:logGet(46)) - raft.server.write.element-limit = 1024 (custom)
2022-07-12 23:25:34,063 [a135f15d-6580-477c-8a71-f9528412742f@group-69F1DBBBEBD9-LeaderElection78] INFO  server.RaftServerConfigKeys (ConfUtils.java:logGet(46)) - raft.server.write.byte-limit = 1024 M (=1073741824) (custom)
2022-07-12 23:25:34,063 [a135f15d-6580-477c-8a71-f9528412742f@group-69F1DBBBEBD9-LeaderElection78] INFO  server.RaftServerConfigKeys (ConfUtils.java:logGet(46)) - raft.server.watch.timeout = 180s (custom)
2022-07-12 23:25:34,063 [a135f15d-6580-477c-8a71-f9528412742f@group-69F1DBBBEBD9-LeaderElection78] INFO  server.RaftServerConfigKeys (ConfUtils.java:logGet(46)) - raft.server.watch.timeout.denomination = 1s (default)
2022-07-12 23:25:34,063 [a135f15d-6580-477c-8a71-f9528412742f@group-69F1DBBBEBD9-LeaderElection78] INFO  server.RaftServerConfigKeys (ConfUtils.java:logGet(46)) - raft.server.watch.element-limit = 65536 (default)
2022-07-12 23:25:34,063 [a135f15d-6580-477c-8a71-f9528412742f@group-69F1DBBBEBD9-LeaderElection78] INFO  server.RaftServerConfigKeys (ConfUtils.java:logGet(46)) - raft.server.write.element-limit = 1024 (custom)
2022-07-12 23:25:34,063 [a135f15d-6580-477c-8a71-f9528412742f@group-69F1DBBBEBD9-LeaderElection78] INFO  server.RaftServerConfigKeys (ConfUtils.java:logGet(46)) - raft.server.write.follower.gap.ratio.max = -1.0 (default)
2022-07-12 23:25:34,064 [a135f15d-6580-477c-8a71-f9528412742f@group-69F1DBBBEBD9-LeaderElection78] INFO  impl.RoleInfo (RoleInfo.java:updateAndGet(139)) - a135f15d-6580-477c-8a71-f9528412742f: start a135f15d-6580-477c-8a71-f9528412742f@group-69F1DBBBEBD9-LeaderStateImpl
2022-07-12 23:25:34,064 [a135f15d-6580-477c-8a71-f9528412742f@group-69F1DBBBEBD9-LeaderElection78] INFO  segmented.SegmentedRaftLogWorker (SegmentedRaftLogWorker.java:startLogSegment(425)) - a135f15d-6580-477c-8a71-f9528412742f@group-69F1DBBBEBD9-SegmentedRaftLogWorker: Starting segment from index:0
2022-07-12 23:25:34,081 [a135f15d-6580-477c-8a71-f9528412742f@group-69F1DBBBEBD9-LeaderElection78] INFO  server.RaftServer$Division (ServerState.java:setRaftConf(393)) - a135f15d-6580-477c-8a71-f9528412742f@group-69F1DBBBEBD9: set configuration 0: [a135f15d-6580-477c-8a71-f9528412742f|rpc:10.1.0.13:34569|dataStream:|priority:1], old=null
2022-07-12 23:25:34,136 [a135f15d-6580-477c-8a71-f9528412742f@group-69F1DBBBEBD9-SegmentedRaftLogWorker] INFO  segmented.SegmentedRaftLogWorker (SegmentedRaftLogWorker.java:execute(629)) - a135f15d-6580-477c-8a71-f9528412742f@group-69F1DBBBEBD9-SegmentedRaftLogWorker: created new log segment /home/runner/work/ozone/ozone/hadoop-ozone/integration-test/target/test-dir/MiniOzoneClusterImpl-9bee4ffb-16ee-4d3a-b6f9-e52fae08084a/datanode-1/data/ratis/582ac2da-8ebe-461a-80bf-69f1dbbbebd9/current/log_inprogress_0
23:25:34.687 [IPC Server handler 12 on default port 46473] ERROR OMAudit - user=runner | ip=127.0.0.1 | op=READ_BUCKET {volume=volume-85029, bucket=bucket-57425} | ret=FAILURE
org.apache.hadoop.ozone.om.exceptions.OMException: Volume not found when getting bucket info
	at org.apache.hadoop.ozone.om.BucketManagerImpl.getBucketInfo(BucketManagerImpl.java:127) ~[ozone-manager-1.3.0-SNAPSHOT.jar:?]
	at org.apache.hadoop.ozone.om.OzoneManager.getBucketInfo(OzoneManager.java:2778) ~[ozone-manager-1.3.0-SNAPSHOT.jar:?]
	at org.apache.hadoop.ozone.protocolPB.OzoneManagerRequestHandler.infoBucket(OzoneManagerRequestHandler.java:464) ~[ozone-manager-1.3.0-SNAPSHOT.jar:?]
	at org.apache.hadoop.ozone.protocolPB.OzoneManagerRequestHandler.handleReadRequest(OzoneManagerRequestHandler.java:172) ~[ozone-manager-1.3.0-SNAPSHOT.jar:?]
	at org.apache.hadoop.ozone.protocolPB.OzoneManagerProtocolServerSideTranslatorPB.submitRequestDirectlyToOM(OzoneManagerProtocolServerSideTranslatorPB.java:276) ~[ozone-manager-1.3.0-SNAPSHOT.jar:?]
	at org.apache.hadoop.ozone.protocolPB.OzoneManagerProtocolServerSideTranslatorPB.processRequest(OzoneManagerProtocolServerSideTranslatorPB.java:205) ~[ozone-manager-1.3.0-SNAPSHOT.jar:?]
	at org.apache.hadoop.hdds.server.OzoneProtocolMessageDispatcher.processRequest(OzoneProtocolMessageDispatcher.java:87) [hdds-server-framework-1.3.0-SNAPSHOT.jar:?]
	at org.apache.hadoop.ozone.protocolPB.OzoneManagerProtocolServerSideTranslatorPB.submitRequest(OzoneManagerProtocolServerSideTranslatorPB.java:147) [ozone-manager-1.3.0-SNAPSHOT.jar:?]
	at org.apache.hadoop.ozone.protocol.proto.OzoneManagerProtocolProtos$OzoneManagerService$2.callBlockingMethod(OzoneManagerProtocolProtos.java) [ozone-interface-client-1.3.0-SNAPSHOT.jar:?]
	at org.apache.hadoop.ipc.ProtobufRpcEngine$Server.processCall(ProtobufRpcEngine.java:466) [hadoop-common-3.3.1.jar:?]
	at org.apache.hadoop.ipc.ProtobufRpcEngine2$Server$ProtoBufRpcInvoker.call(ProtobufRpcEngine2.java:574) [hadoop-common-3.3.1.jar:?]
	at org.apache.hadoop.ipc.ProtobufRpcEngine2$Server$ProtoBufRpcInvoker.call(ProtobufRpcEngine2.java:552) [hadoop-common-3.3.1.jar:?]
	at org.apache.hadoop.ipc.RPC$Server.call(RPC.java:1093) [hadoop-common-3.3.1.jar:?]
	at org.apache.hadoop.ipc.Server$RpcCall.run(Server.java:1035) [hadoop-common-3.3.1.jar:?]
	at org.apache.hadoop.ipc.Server$RpcCall.run(Server.java:963) [hadoop-common-3.3.1.jar:?]
	at java.security.AccessController.doPrivileged(Native Method) ~[?:1.8.0_332]
	at javax.security.auth.Subject.doAs(Subject.java:422) [?:1.8.0_332]
	at org.apache.hadoop.security.UserGroupInformation.doAs(UserGroupInformation.java:1878) [hadoop-common-3.3.1.jar:?]
	at org.apache.hadoop.ipc.Server$Handler.run(Server.java:2966) [hadoop-common-3.3.1.jar:?]
2022-07-12 23:25:34,687 [Time-limited test] INFO  rpc.RpcClient (RpcClient.java:createVolume(466)) - Creating Volume: volume-85029, with runner as owner and space quota set to -1 bytes, counts quota set to -1
2022-07-12 23:25:34,688 [IPC Server handler 11 on default port 46473] INFO  volume.OMVolumeCreateRequest (OMVolumeCreateRequest.java:validateAndUpdateCache(195)) - created volume:volume-85029 for user:runner
2022-07-12 23:25:34,688 [Time-limited test] INFO  rpc.RpcClient (RpcClient.java:createBucket(669)) - Creating Bucket: volume-85029/bucket-57425, with bucket layout LEGACY, runner as owner, Versioning false, Storage Type set to DISK and Encryption set to false 
2022-07-12 23:25:34,689 [IPC Server handler 9 on default port 46473] INFO  bucket.OMBucketCreateRequest (OMBucketCreateRequest.java:validateAndUpdateCache(260)) - created bucket: bucket-57425 of layout LEGACY in volume: volume-85029
]]></system-out>
  </testcase>
  <testcase name="testTempMount" classname="TestRootedOzoneFileSystem" time="0.194">
    <system-out><![CDATA[2022-07-12 23:20:24,585 [Time-limited test] INFO  rpc.RpcClient (RpcClient.java:createVolume(466)) - Creating Volume: volume24845, with user58194 as owner and space quota set to -1 bytes, counts quota set to -1
2022-07-12 23:20:24,588 [OM StateMachine ApplyTransaction Thread - 0] INFO  volume.OMVolumeCreateRequest (OMVolumeCreateRequest.java:validateAndUpdateCache(195)) - created volume:volume24845 for user:user58194
2022-07-12 23:20:24,591 [Time-limited test] INFO  rpc.RpcClient (RpcClient.java:createBucket(669)) - Creating Bucket: volume24845/bucket96531, with bucket layout LEGACY, runner as owner, Versioning false, Storage Type set to DISK and Encryption set to false 
2022-07-12 23:20:24,594 [OM StateMachine ApplyTransaction Thread - 0] INFO  bucket.OMBucketCreateRequest (OMBucketCreateRequest.java:validateAndUpdateCache(260)) - created bucket: bucket96531 of layout LEGACY in volume: volume24845
2022-07-12 23:20:24,596 [Time-limited test] INFO  rpc.RpcClient (RpcClient.java:createVolume(466)) - Creating Volume: tmp, with runner as owner and space quota set to 9223372036854775807 bytes, counts quota set to 1000
2022-07-12 23:20:24,599 [OM StateMachine ApplyTransaction Thread - 0] INFO  volume.OMVolumeCreateRequest (OMVolumeCreateRequest.java:validateAndUpdateCache(195)) - created volume:tmp for user:runner
2022-07-12 23:20:24,605 [Time-limited test] INFO  rpc.RpcClient (RpcClient.java:createBucket(669)) - Creating Bucket: tmp/4bad0b8dd3074cd43f641c2ac22a3571, with bucket layout LEGACY, runner as owner, Versioning false, Storage Type set to DISK and Encryption set to false 
2022-07-12 23:20:24,607 [OM StateMachine ApplyTransaction Thread - 0] INFO  bucket.OMBucketCreateRequest (OMBucketCreateRequest.java:validateAndUpdateCache(260)) - created bucket: 4bad0b8dd3074cd43f641c2ac22a3571 of layout LEGACY in volume: tmp
]]></system-out>
  </testcase>
  <testcase name="testTempMount" classname="TestRootedOzoneFileSystem" time="0.326">
    <system-out><![CDATA[2022-07-12 23:21:36,393 [Time-limited test] INFO  rpc.RpcClient (RpcClient.java:createVolume(466)) - Creating Volume: volume99101, with user27186 as owner and space quota set to -1 bytes, counts quota set to -1
2022-07-12 23:21:36,396 [OM StateMachine ApplyTransaction Thread - 0] INFO  volume.OMVolumeCreateRequest (OMVolumeCreateRequest.java:validateAndUpdateCache(195)) - created volume:volume99101 for user:user27186
2022-07-12 23:21:36,397 [Time-limited test] INFO  rpc.RpcClient (RpcClient.java:createBucket(669)) - Creating Bucket: volume99101/bucket75741, with bucket layout LEGACY, runner as owner, Versioning false, Storage Type set to DISK and Encryption set to false 
2022-07-12 23:21:36,398 [OM StateMachine ApplyTransaction Thread - 0] INFO  bucket.OMBucketCreateRequest (OMBucketCreateRequest.java:validateAndUpdateCache(260)) - created bucket: bucket75741 of layout LEGACY in volume: volume99101
2022-07-12 23:21:36,400 [Time-limited test] INFO  rpc.RpcClient (RpcClient.java:createVolume(466)) - Creating Volume: tmp, with runner as owner and space quota set to 9223372036854775807 bytes, counts quota set to 1000
2022-07-12 23:21:36,401 [OM StateMachine ApplyTransaction Thread - 0] INFO  volume.OMVolumeCreateRequest (OMVolumeCreateRequest.java:validateAndUpdateCache(195)) - created volume:tmp for user:runner
23:21:36.402 [IPC Server handler 0 on default port 33951] ERROR OMAudit - user=runner | ip=127.0.0.1 | op=READ_BUCKET {volume=tmp, bucket=4bad0b8dd3074cd43f641c2ac22a3571} | ret=FAILURE
org.apache.hadoop.ozone.om.exceptions.OMException: Bucket not found
	at org.apache.hadoop.ozone.om.BucketManagerImpl.getBucketInfo(BucketManagerImpl.java:131) ~[ozone-manager-1.3.0-SNAPSHOT.jar:?]
	at org.apache.hadoop.ozone.om.OzoneManager.getBucketInfo(OzoneManager.java:2778) ~[ozone-manager-1.3.0-SNAPSHOT.jar:?]
	at org.apache.hadoop.ozone.protocolPB.OzoneManagerRequestHandler.infoBucket(OzoneManagerRequestHandler.java:464) ~[ozone-manager-1.3.0-SNAPSHOT.jar:?]
	at org.apache.hadoop.ozone.protocolPB.OzoneManagerRequestHandler.handleReadRequest(OzoneManagerRequestHandler.java:172) ~[ozone-manager-1.3.0-SNAPSHOT.jar:?]
	at org.apache.hadoop.ozone.protocolPB.OzoneManagerProtocolServerSideTranslatorPB.submitReadRequestToOM(OzoneManagerProtocolServerSideTranslatorPB.java:226) ~[ozone-manager-1.3.0-SNAPSHOT.jar:?]
	at org.apache.hadoop.ozone.protocolPB.OzoneManagerProtocolServerSideTranslatorPB.processRequest(OzoneManagerProtocolServerSideTranslatorPB.java:175) ~[ozone-manager-1.3.0-SNAPSHOT.jar:?]
	at org.apache.hadoop.hdds.server.OzoneProtocolMessageDispatcher.processRequest(OzoneProtocolMessageDispatcher.java:87) [hdds-server-framework-1.3.0-SNAPSHOT.jar:?]
	at org.apache.hadoop.ozone.protocolPB.OzoneManagerProtocolServerSideTranslatorPB.submitRequest(OzoneManagerProtocolServerSideTranslatorPB.java:147) [ozone-manager-1.3.0-SNAPSHOT.jar:?]
	at org.apache.hadoop.ozone.protocol.proto.OzoneManagerProtocolProtos$OzoneManagerService$2.callBlockingMethod(OzoneManagerProtocolProtos.java) [ozone-interface-client-1.3.0-SNAPSHOT.jar:?]
	at org.apache.hadoop.ipc.ProtobufRpcEngine$Server.processCall(ProtobufRpcEngine.java:466) [hadoop-common-3.3.1.jar:?]
	at org.apache.hadoop.ipc.ProtobufRpcEngine2$Server$ProtoBufRpcInvoker.call(ProtobufRpcEngine2.java:574) [hadoop-common-3.3.1.jar:?]
	at org.apache.hadoop.ipc.ProtobufRpcEngine2$Server$ProtoBufRpcInvoker.call(ProtobufRpcEngine2.java:552) [hadoop-common-3.3.1.jar:?]
	at org.apache.hadoop.ipc.RPC$Server.call(RPC.java:1093) [hadoop-common-3.3.1.jar:?]
	at org.apache.hadoop.ipc.Server$RpcCall.run(Server.java:1035) [hadoop-common-3.3.1.jar:?]
	at org.apache.hadoop.ipc.Server$RpcCall.run(Server.java:963) [hadoop-common-3.3.1.jar:?]
	at java.security.AccessController.doPrivileged(Native Method) ~[?:1.8.0_332]
	at javax.security.auth.Subject.doAs(Subject.java:422) [?:1.8.0_332]
	at org.apache.hadoop.security.UserGroupInformation.doAs(UserGroupInformation.java:1878) [hadoop-common-3.3.1.jar:?]
	at org.apache.hadoop.ipc.Server$Handler.run(Server.java:2966) [hadoop-common-3.3.1.jar:?]
23:21:36.403 [IPC Server handler 8 on default port 33951] ERROR OMAudit - user=runner | ip=127.0.0.1 | op=READ_BUCKET {volume=tmp, bucket=4bad0b8dd3074cd43f641c2ac22a3571} | ret=FAILURE
org.apache.hadoop.ozone.om.exceptions.OMException: Bucket not found
	at org.apache.hadoop.ozone.om.BucketManagerImpl.getBucketInfo(BucketManagerImpl.java:131) ~[ozone-manager-1.3.0-SNAPSHOT.jar:?]
	at org.apache.hadoop.ozone.om.OzoneManager.getBucketInfo(OzoneManager.java:2778) ~[ozone-manager-1.3.0-SNAPSHOT.jar:?]
	at org.apache.hadoop.ozone.protocolPB.OzoneManagerRequestHandler.infoBucket(OzoneManagerRequestHandler.java:464) ~[ozone-manager-1.3.0-SNAPSHOT.jar:?]
	at org.apache.hadoop.ozone.protocolPB.OzoneManagerRequestHandler.handleReadRequest(OzoneManagerRequestHandler.java:172) ~[ozone-manager-1.3.0-SNAPSHOT.jar:?]
	at org.apache.hadoop.ozone.protocolPB.OzoneManagerProtocolServerSideTranslatorPB.submitReadRequestToOM(OzoneManagerProtocolServerSideTranslatorPB.java:226) ~[ozone-manager-1.3.0-SNAPSHOT.jar:?]
	at org.apache.hadoop.ozone.protocolPB.OzoneManagerProtocolServerSideTranslatorPB.processRequest(OzoneManagerProtocolServerSideTranslatorPB.java:175) ~[ozone-manager-1.3.0-SNAPSHOT.jar:?]
	at org.apache.hadoop.hdds.server.OzoneProtocolMessageDispatcher.processRequest(OzoneProtocolMessageDispatcher.java:87) [hdds-server-framework-1.3.0-SNAPSHOT.jar:?]
	at org.apache.hadoop.ozone.protocolPB.OzoneManagerProtocolServerSideTranslatorPB.submitRequest(OzoneManagerProtocolServerSideTranslatorPB.java:147) [ozone-manager-1.3.0-SNAPSHOT.jar:?]
	at org.apache.hadoop.ozone.protocol.proto.OzoneManagerProtocolProtos$OzoneManagerService$2.callBlockingMethod(OzoneManagerProtocolProtos.java) [ozone-interface-client-1.3.0-SNAPSHOT.jar:?]
	at org.apache.hadoop.ipc.ProtobufRpcEngine$Server.processCall(ProtobufRpcEngine.java:466) [hadoop-common-3.3.1.jar:?]
	at org.apache.hadoop.ipc.ProtobufRpcEngine2$Server$ProtoBufRpcInvoker.call(ProtobufRpcEngine2.java:574) [hadoop-common-3.3.1.jar:?]
	at org.apache.hadoop.ipc.ProtobufRpcEngine2$Server$ProtoBufRpcInvoker.call(ProtobufRpcEngine2.java:552) [hadoop-common-3.3.1.jar:?]
	at org.apache.hadoop.ipc.RPC$Server.call(RPC.java:1093) [hadoop-common-3.3.1.jar:?]
	at org.apache.hadoop.ipc.Server$RpcCall.run(Server.java:1035) [hadoop-common-3.3.1.jar:?]
	at org.apache.hadoop.ipc.Server$RpcCall.run(Server.java:963) [hadoop-common-3.3.1.jar:?]
	at java.security.AccessController.doPrivileged(Native Method) ~[?:1.8.0_332]
	at javax.security.auth.Subject.doAs(Subject.java:422) [?:1.8.0_332]
	at org.apache.hadoop.security.UserGroupInformation.doAs(UserGroupInformation.java:1878) [hadoop-common-3.3.1.jar:?]
	at org.apache.hadoop.ipc.Server$Handler.run(Server.java:2966) [hadoop-common-3.3.1.jar:?]
2022-07-12 23:21:36,404 [Time-limited test] INFO  rpc.RpcClient (RpcClient.java:createBucket(669)) - Creating Bucket: tmp/4bad0b8dd3074cd43f641c2ac22a3571, with bucket layout LEGACY, runner as owner, Versioning false, Storage Type set to DISK and Encryption set to false 
2022-07-12 23:21:36,405 [OM StateMachine ApplyTransaction Thread - 0] INFO  bucket.OMBucketCreateRequest (OMBucketCreateRequest.java:validateAndUpdateCache(260)) - created bucket: 4bad0b8dd3074cd43f641c2ac22a3571 of layout LEGACY in volume: tmp
]]></system-out>
  </testcase>
  <testcase name="testTempMount" classname="TestRootedOzoneFileSystem" time="2.88">
    <system-out><![CDATA[2022-07-12 23:22:49,771 [Time-limited test] INFO  rpc.RpcClient (RpcClient.java:createVolume(466)) - Creating Volume: volume64034, with user20474 as owner and space quota set to -1 bytes, counts quota set to -1
2022-07-12 23:22:49,775 [IPC Server handler 13 on default port 43683] INFO  volume.OMVolumeCreateRequest (OMVolumeCreateRequest.java:validateAndUpdateCache(195)) - created volume:volume64034 for user:user20474
2022-07-12 23:22:49,776 [Time-limited test] INFO  rpc.RpcClient (RpcClient.java:createBucket(669)) - Creating Bucket: volume64034/bucket85076, with bucket layout LEGACY, runner as owner, Versioning false, Storage Type set to DISK and Encryption set to false 
2022-07-12 23:22:49,776 [IPC Server handler 12 on default port 43683] INFO  bucket.OMBucketCreateRequest (OMBucketCreateRequest.java:validateAndUpdateCache(260)) - created bucket: bucket85076 of layout LEGACY in volume: volume64034
2022-07-12 23:22:49,777 [Time-limited test] INFO  rpc.RpcClient (RpcClient.java:createVolume(466)) - Creating Volume: tmp, with runner as owner and space quota set to 9223372036854775807 bytes, counts quota set to 1000
2022-07-12 23:22:49,778 [IPC Server handler 15 on default port 43683] INFO  volume.OMVolumeCreateRequest (OMVolumeCreateRequest.java:validateAndUpdateCache(195)) - created volume:tmp for user:runner
23:22:49.779 [IPC Server handler 9 on default port 43683] ERROR OMAudit - user=runner | ip=127.0.0.1 | op=READ_BUCKET {volume=tmp, bucket=4bad0b8dd3074cd43f641c2ac22a3571} | ret=FAILURE
org.apache.hadoop.ozone.om.exceptions.OMException: Bucket not found
	at org.apache.hadoop.ozone.om.BucketManagerImpl.getBucketInfo(BucketManagerImpl.java:131) ~[ozone-manager-1.3.0-SNAPSHOT.jar:?]
	at org.apache.hadoop.ozone.om.OzoneManager.getBucketInfo(OzoneManager.java:2778) ~[ozone-manager-1.3.0-SNAPSHOT.jar:?]
	at org.apache.hadoop.ozone.protocolPB.OzoneManagerRequestHandler.infoBucket(OzoneManagerRequestHandler.java:464) ~[ozone-manager-1.3.0-SNAPSHOT.jar:?]
	at org.apache.hadoop.ozone.protocolPB.OzoneManagerRequestHandler.handleReadRequest(OzoneManagerRequestHandler.java:172) ~[ozone-manager-1.3.0-SNAPSHOT.jar:?]
	at org.apache.hadoop.ozone.protocolPB.OzoneManagerProtocolServerSideTranslatorPB.submitRequestDirectlyToOM(OzoneManagerProtocolServerSideTranslatorPB.java:276) ~[ozone-manager-1.3.0-SNAPSHOT.jar:?]
	at org.apache.hadoop.ozone.protocolPB.OzoneManagerProtocolServerSideTranslatorPB.processRequest(OzoneManagerProtocolServerSideTranslatorPB.java:205) ~[ozone-manager-1.3.0-SNAPSHOT.jar:?]
	at org.apache.hadoop.hdds.server.OzoneProtocolMessageDispatcher.processRequest(OzoneProtocolMessageDispatcher.java:87) [hdds-server-framework-1.3.0-SNAPSHOT.jar:?]
	at org.apache.hadoop.ozone.protocolPB.OzoneManagerProtocolServerSideTranslatorPB.submitRequest(OzoneManagerProtocolServerSideTranslatorPB.java:147) [ozone-manager-1.3.0-SNAPSHOT.jar:?]
	at org.apache.hadoop.ozone.protocol.proto.OzoneManagerProtocolProtos$OzoneManagerService$2.callBlockingMethod(OzoneManagerProtocolProtos.java) [ozone-interface-client-1.3.0-SNAPSHOT.jar:?]
	at org.apache.hadoop.ipc.ProtobufRpcEngine$Server.processCall(ProtobufRpcEngine.java:466) [hadoop-common-3.3.1.jar:?]
	at org.apache.hadoop.ipc.ProtobufRpcEngine2$Server$ProtoBufRpcInvoker.call(ProtobufRpcEngine2.java:574) [hadoop-common-3.3.1.jar:?]
	at org.apache.hadoop.ipc.ProtobufRpcEngine2$Server$ProtoBufRpcInvoker.call(ProtobufRpcEngine2.java:552) [hadoop-common-3.3.1.jar:?]
	at org.apache.hadoop.ipc.RPC$Server.call(RPC.java:1093) [hadoop-common-3.3.1.jar:?]
	at org.apache.hadoop.ipc.Server$RpcCall.run(Server.java:1035) [hadoop-common-3.3.1.jar:?]
	at org.apache.hadoop.ipc.Server$RpcCall.run(Server.java:963) [hadoop-common-3.3.1.jar:?]
	at java.security.AccessController.doPrivileged(Native Method) ~[?:1.8.0_332]
	at javax.security.auth.Subject.doAs(Subject.java:422) [?:1.8.0_332]
	at org.apache.hadoop.security.UserGroupInformation.doAs(UserGroupInformation.java:1878) [hadoop-common-3.3.1.jar:?]
	at org.apache.hadoop.ipc.Server$Handler.run(Server.java:2966) [hadoop-common-3.3.1.jar:?]
23:22:49.779 [IPC Server handler 18 on default port 43683] ERROR OMAudit - user=runner | ip=127.0.0.1 | op=READ_BUCKET {volume=tmp, bucket=4bad0b8dd3074cd43f641c2ac22a3571} | ret=FAILURE
org.apache.hadoop.ozone.om.exceptions.OMException: Bucket not found
	at org.apache.hadoop.ozone.om.BucketManagerImpl.getBucketInfo(BucketManagerImpl.java:131) ~[ozone-manager-1.3.0-SNAPSHOT.jar:?]
	at org.apache.hadoop.ozone.om.OzoneManager.getBucketInfo(OzoneManager.java:2778) ~[ozone-manager-1.3.0-SNAPSHOT.jar:?]
	at org.apache.hadoop.ozone.protocolPB.OzoneManagerRequestHandler.infoBucket(OzoneManagerRequestHandler.java:464) ~[ozone-manager-1.3.0-SNAPSHOT.jar:?]
	at org.apache.hadoop.ozone.protocolPB.OzoneManagerRequestHandler.handleReadRequest(OzoneManagerRequestHandler.java:172) ~[ozone-manager-1.3.0-SNAPSHOT.jar:?]
	at org.apache.hadoop.ozone.protocolPB.OzoneManagerProtocolServerSideTranslatorPB.submitRequestDirectlyToOM(OzoneManagerProtocolServerSideTranslatorPB.java:276) ~[ozone-manager-1.3.0-SNAPSHOT.jar:?]
	at org.apache.hadoop.ozone.protocolPB.OzoneManagerProtocolServerSideTranslatorPB.processRequest(OzoneManagerProtocolServerSideTranslatorPB.java:205) ~[ozone-manager-1.3.0-SNAPSHOT.jar:?]
	at org.apache.hadoop.hdds.server.OzoneProtocolMessageDispatcher.processRequest(OzoneProtocolMessageDispatcher.java:87) [hdds-server-framework-1.3.0-SNAPSHOT.jar:?]
	at org.apache.hadoop.ozone.protocolPB.OzoneManagerProtocolServerSideTranslatorPB.submitRequest(OzoneManagerProtocolServerSideTranslatorPB.java:147) [ozone-manager-1.3.0-SNAPSHOT.jar:?]
	at org.apache.hadoop.ozone.protocol.proto.OzoneManagerProtocolProtos$OzoneManagerService$2.callBlockingMethod(OzoneManagerProtocolProtos.java) [ozone-interface-client-1.3.0-SNAPSHOT.jar:?]
	at org.apache.hadoop.ipc.ProtobufRpcEngine$Server.processCall(ProtobufRpcEngine.java:466) [hadoop-common-3.3.1.jar:?]
	at org.apache.hadoop.ipc.ProtobufRpcEngine2$Server$ProtoBufRpcInvoker.call(ProtobufRpcEngine2.java:574) [hadoop-common-3.3.1.jar:?]
	at org.apache.hadoop.ipc.ProtobufRpcEngine2$Server$ProtoBufRpcInvoker.call(ProtobufRpcEngine2.java:552) [hadoop-common-3.3.1.jar:?]
	at org.apache.hadoop.ipc.RPC$Server.call(RPC.java:1093) [hadoop-common-3.3.1.jar:?]
	at org.apache.hadoop.ipc.Server$RpcCall.run(Server.java:1035) [hadoop-common-3.3.1.jar:?]
	at org.apache.hadoop.ipc.Server$RpcCall.run(Server.java:963) [hadoop-common-3.3.1.jar:?]
	at java.security.AccessController.doPrivileged(Native Method) ~[?:1.8.0_332]
	at javax.security.auth.Subject.doAs(Subject.java:422) [?:1.8.0_332]
	at org.apache.hadoop.security.UserGroupInformation.doAs(UserGroupInformation.java:1878) [hadoop-common-3.3.1.jar:?]
	at org.apache.hadoop.ipc.Server$Handler.run(Server.java:2966) [hadoop-common-3.3.1.jar:?]
2022-07-12 23:22:49,780 [Time-limited test] INFO  rpc.RpcClient (RpcClient.java:createBucket(669)) - Creating Bucket: tmp/4bad0b8dd3074cd43f641c2ac22a3571, with bucket layout LEGACY, runner as owner, Versioning false, Storage Type set to DISK and Encryption set to false 
2022-07-12 23:22:49,780 [IPC Server handler 17 on default port 43683] INFO  bucket.OMBucketCreateRequest (OMBucketCreateRequest.java:validateAndUpdateCache(260)) - created bucket: 4bad0b8dd3074cd43f641c2ac22a3571 of layout LEGACY in volume: tmp
]]></system-out>
  </testcase>
  <testcase name="testTempMount" classname="TestRootedOzoneFileSystem" time="0.474">
    <system-out><![CDATA[2022-07-12 23:24:14,073 [Time-limited test] INFO  rpc.RpcClient (RpcClient.java:createVolume(466)) - Creating Volume: volume92196, with user53252 as owner and space quota set to -1 bytes, counts quota set to -1
2022-07-12 23:24:14,078 [OM StateMachine ApplyTransaction Thread - 0] INFO  volume.OMVolumeCreateRequest (OMVolumeCreateRequest.java:validateAndUpdateCache(195)) - created volume:volume92196 for user:user53252
2022-07-12 23:24:14,079 [Time-limited test] INFO  rpc.RpcClient (RpcClient.java:createBucket(669)) - Creating Bucket: volume92196/bucket25258, with bucket layout LEGACY, runner as owner, Versioning false, Storage Type set to DISK and Encryption set to false 
2022-07-12 23:24:14,080 [OM StateMachine ApplyTransaction Thread - 0] INFO  bucket.OMBucketCreateRequest (OMBucketCreateRequest.java:validateAndUpdateCache(260)) - created bucket: bucket25258 of layout LEGACY in volume: volume92196
2022-07-12 23:24:14,081 [Time-limited test] INFO  rpc.RpcClient (RpcClient.java:createVolume(466)) - Creating Volume: tmp, with runner as owner and space quota set to 9223372036854775807 bytes, counts quota set to 1000
2022-07-12 23:24:14,083 [OM StateMachine ApplyTransaction Thread - 0] INFO  volume.OMVolumeCreateRequest (OMVolumeCreateRequest.java:validateAndUpdateCache(195)) - created volume:tmp for user:runner
23:24:14.084 [IPC Server handler 10 on default port 45473] ERROR OMAudit - user=runner | ip=127.0.0.1 | op=READ_BUCKET {volume=tmp, bucket=4bad0b8dd3074cd43f641c2ac22a3571} | ret=FAILURE
org.apache.hadoop.ozone.om.exceptions.OMException: Bucket not found
	at org.apache.hadoop.ozone.om.BucketManagerImpl.getBucketInfo(BucketManagerImpl.java:131) ~[ozone-manager-1.3.0-SNAPSHOT.jar:?]
	at org.apache.hadoop.ozone.om.OzoneManager.getBucketInfo(OzoneManager.java:2778) ~[ozone-manager-1.3.0-SNAPSHOT.jar:?]
	at org.apache.hadoop.ozone.protocolPB.OzoneManagerRequestHandler.infoBucket(OzoneManagerRequestHandler.java:464) ~[ozone-manager-1.3.0-SNAPSHOT.jar:?]
	at org.apache.hadoop.ozone.protocolPB.OzoneManagerRequestHandler.handleReadRequest(OzoneManagerRequestHandler.java:172) ~[ozone-manager-1.3.0-SNAPSHOT.jar:?]
	at org.apache.hadoop.ozone.protocolPB.OzoneManagerProtocolServerSideTranslatorPB.submitReadRequestToOM(OzoneManagerProtocolServerSideTranslatorPB.java:226) ~[ozone-manager-1.3.0-SNAPSHOT.jar:?]
	at org.apache.hadoop.ozone.protocolPB.OzoneManagerProtocolServerSideTranslatorPB.processRequest(OzoneManagerProtocolServerSideTranslatorPB.java:175) ~[ozone-manager-1.3.0-SNAPSHOT.jar:?]
	at org.apache.hadoop.hdds.server.OzoneProtocolMessageDispatcher.processRequest(OzoneProtocolMessageDispatcher.java:87) [hdds-server-framework-1.3.0-SNAPSHOT.jar:?]
	at org.apache.hadoop.ozone.protocolPB.OzoneManagerProtocolServerSideTranslatorPB.submitRequest(OzoneManagerProtocolServerSideTranslatorPB.java:147) [ozone-manager-1.3.0-SNAPSHOT.jar:?]
	at org.apache.hadoop.ozone.protocol.proto.OzoneManagerProtocolProtos$OzoneManagerService$2.callBlockingMethod(OzoneManagerProtocolProtos.java) [ozone-interface-client-1.3.0-SNAPSHOT.jar:?]
	at org.apache.hadoop.ipc.ProtobufRpcEngine$Server.processCall(ProtobufRpcEngine.java:466) [hadoop-common-3.3.1.jar:?]
	at org.apache.hadoop.ipc.ProtobufRpcEngine2$Server$ProtoBufRpcInvoker.call(ProtobufRpcEngine2.java:574) [hadoop-common-3.3.1.jar:?]
	at org.apache.hadoop.ipc.ProtobufRpcEngine2$Server$ProtoBufRpcInvoker.call(ProtobufRpcEngine2.java:552) [hadoop-common-3.3.1.jar:?]
	at org.apache.hadoop.ipc.RPC$Server.call(RPC.java:1093) [hadoop-common-3.3.1.jar:?]
	at org.apache.hadoop.ipc.Server$RpcCall.run(Server.java:1035) [hadoop-common-3.3.1.jar:?]
	at org.apache.hadoop.ipc.Server$RpcCall.run(Server.java:963) [hadoop-common-3.3.1.jar:?]
	at java.security.AccessController.doPrivileged(Native Method) ~[?:1.8.0_332]
	at javax.security.auth.Subject.doAs(Subject.java:422) [?:1.8.0_332]
	at org.apache.hadoop.security.UserGroupInformation.doAs(UserGroupInformation.java:1878) [hadoop-common-3.3.1.jar:?]
	at org.apache.hadoop.ipc.Server$Handler.run(Server.java:2966) [hadoop-common-3.3.1.jar:?]
23:24:14.084 [IPC Server handler 9 on default port 45473] ERROR OMAudit - user=runner | ip=127.0.0.1 | op=READ_BUCKET {volume=tmp, bucket=4bad0b8dd3074cd43f641c2ac22a3571} | ret=FAILURE
org.apache.hadoop.ozone.om.exceptions.OMException: Bucket not found
	at org.apache.hadoop.ozone.om.BucketManagerImpl.getBucketInfo(BucketManagerImpl.java:131) ~[ozone-manager-1.3.0-SNAPSHOT.jar:?]
	at org.apache.hadoop.ozone.om.OzoneManager.getBucketInfo(OzoneManager.java:2778) ~[ozone-manager-1.3.0-SNAPSHOT.jar:?]
	at org.apache.hadoop.ozone.protocolPB.OzoneManagerRequestHandler.infoBucket(OzoneManagerRequestHandler.java:464) ~[ozone-manager-1.3.0-SNAPSHOT.jar:?]
	at org.apache.hadoop.ozone.protocolPB.OzoneManagerRequestHandler.handleReadRequest(OzoneManagerRequestHandler.java:172) ~[ozone-manager-1.3.0-SNAPSHOT.jar:?]
	at org.apache.hadoop.ozone.protocolPB.OzoneManagerProtocolServerSideTranslatorPB.submitReadRequestToOM(OzoneManagerProtocolServerSideTranslatorPB.java:226) ~[ozone-manager-1.3.0-SNAPSHOT.jar:?]
	at org.apache.hadoop.ozone.protocolPB.OzoneManagerProtocolServerSideTranslatorPB.processRequest(OzoneManagerProtocolServerSideTranslatorPB.java:175) ~[ozone-manager-1.3.0-SNAPSHOT.jar:?]
	at org.apache.hadoop.hdds.server.OzoneProtocolMessageDispatcher.processRequest(OzoneProtocolMessageDispatcher.java:87) [hdds-server-framework-1.3.0-SNAPSHOT.jar:?]
	at org.apache.hadoop.ozone.protocolPB.OzoneManagerProtocolServerSideTranslatorPB.submitRequest(OzoneManagerProtocolServerSideTranslatorPB.java:147) [ozone-manager-1.3.0-SNAPSHOT.jar:?]
	at org.apache.hadoop.ozone.protocol.proto.OzoneManagerProtocolProtos$OzoneManagerService$2.callBlockingMethod(OzoneManagerProtocolProtos.java) [ozone-interface-client-1.3.0-SNAPSHOT.jar:?]
	at org.apache.hadoop.ipc.ProtobufRpcEngine$Server.processCall(ProtobufRpcEngine.java:466) [hadoop-common-3.3.1.jar:?]
	at org.apache.hadoop.ipc.ProtobufRpcEngine2$Server$ProtoBufRpcInvoker.call(ProtobufRpcEngine2.java:574) [hadoop-common-3.3.1.jar:?]
	at org.apache.hadoop.ipc.ProtobufRpcEngine2$Server$ProtoBufRpcInvoker.call(ProtobufRpcEngine2.java:552) [hadoop-common-3.3.1.jar:?]
	at org.apache.hadoop.ipc.RPC$Server.call(RPC.java:1093) [hadoop-common-3.3.1.jar:?]
	at org.apache.hadoop.ipc.Server$RpcCall.run(Server.java:1035) [hadoop-common-3.3.1.jar:?]
	at org.apache.hadoop.ipc.Server$RpcCall.run(Server.java:963) [hadoop-common-3.3.1.jar:?]
	at java.security.AccessController.doPrivileged(Native Method) ~[?:1.8.0_332]
	at javax.security.auth.Subject.doAs(Subject.java:422) [?:1.8.0_332]
	at org.apache.hadoop.security.UserGroupInformation.doAs(UserGroupInformation.java:1878) [hadoop-common-3.3.1.jar:?]
	at org.apache.hadoop.ipc.Server$Handler.run(Server.java:2966) [hadoop-common-3.3.1.jar:?]
2022-07-12 23:24:14,085 [Time-limited test] INFO  rpc.RpcClient (RpcClient.java:createBucket(669)) - Creating Bucket: tmp/4bad0b8dd3074cd43f641c2ac22a3571, with bucket layout LEGACY, runner as owner, Versioning false, Storage Type set to DISK and Encryption set to false 
2022-07-12 23:24:14,092 [OM StateMachine ApplyTransaction Thread - 0] INFO  bucket.OMBucketCreateRequest (OMBucketCreateRequest.java:validateAndUpdateCache(260)) - created bucket: 4bad0b8dd3074cd43f641c2ac22a3571 of layout LEGACY in volume: tmp
]]></system-out>
  </testcase>
  <testcase name="testTempMount" classname="TestRootedOzoneFileSystem" time="0.316">
    <system-out><![CDATA[2022-07-12 23:25:35,444 [Time-limited test] INFO  rpc.RpcClient (RpcClient.java:createVolume(466)) - Creating Volume: volume87322, with user27164 as owner and space quota set to -1 bytes, counts quota set to -1
2022-07-12 23:25:35,445 [IPC Server handler 15 on default port 46473] INFO  volume.OMVolumeCreateRequest (OMVolumeCreateRequest.java:validateAndUpdateCache(195)) - created volume:volume87322 for user:user27164
2022-07-12 23:25:35,457 [Time-limited test] INFO  rpc.RpcClient (RpcClient.java:createBucket(669)) - Creating Bucket: volume87322/bucket97638, with bucket layout LEGACY, runner as owner, Versioning false, Storage Type set to DISK and Encryption set to false 
2022-07-12 23:25:35,465 [IPC Server handler 17 on default port 46473] INFO  bucket.OMBucketCreateRequest (OMBucketCreateRequest.java:validateAndUpdateCache(260)) - created bucket: bucket97638 of layout LEGACY in volume: volume87322
2022-07-12 23:25:35,466 [Time-limited test] INFO  rpc.RpcClient (RpcClient.java:createVolume(466)) - Creating Volume: tmp, with runner as owner and space quota set to 9223372036854775807 bytes, counts quota set to 1000
2022-07-12 23:25:35,466 [IPC Server handler 0 on default port 46473] INFO  volume.OMVolumeCreateRequest (OMVolumeCreateRequest.java:validateAndUpdateCache(195)) - created volume:tmp for user:runner
23:25:35.467 [IPC Server handler 13 on default port 46473] ERROR OMAudit - user=runner | ip=127.0.0.1 | op=READ_BUCKET {volume=tmp, bucket=4bad0b8dd3074cd43f641c2ac22a3571} | ret=FAILURE
org.apache.hadoop.ozone.om.exceptions.OMException: Bucket not found
	at org.apache.hadoop.ozone.om.BucketManagerImpl.getBucketInfo(BucketManagerImpl.java:131) ~[ozone-manager-1.3.0-SNAPSHOT.jar:?]
	at org.apache.hadoop.ozone.om.OzoneManager.getBucketInfo(OzoneManager.java:2778) ~[ozone-manager-1.3.0-SNAPSHOT.jar:?]
	at org.apache.hadoop.ozone.protocolPB.OzoneManagerRequestHandler.infoBucket(OzoneManagerRequestHandler.java:464) ~[ozone-manager-1.3.0-SNAPSHOT.jar:?]
	at org.apache.hadoop.ozone.protocolPB.OzoneManagerRequestHandler.handleReadRequest(OzoneManagerRequestHandler.java:172) ~[ozone-manager-1.3.0-SNAPSHOT.jar:?]
	at org.apache.hadoop.ozone.protocolPB.OzoneManagerProtocolServerSideTranslatorPB.submitRequestDirectlyToOM(OzoneManagerProtocolServerSideTranslatorPB.java:276) ~[ozone-manager-1.3.0-SNAPSHOT.jar:?]
	at org.apache.hadoop.ozone.protocolPB.OzoneManagerProtocolServerSideTranslatorPB.processRequest(OzoneManagerProtocolServerSideTranslatorPB.java:205) ~[ozone-manager-1.3.0-SNAPSHOT.jar:?]
	at org.apache.hadoop.hdds.server.OzoneProtocolMessageDispatcher.processRequest(OzoneProtocolMessageDispatcher.java:87) [hdds-server-framework-1.3.0-SNAPSHOT.jar:?]
	at org.apache.hadoop.ozone.protocolPB.OzoneManagerProtocolServerSideTranslatorPB.submitRequest(OzoneManagerProtocolServerSideTranslatorPB.java:147) [ozone-manager-1.3.0-SNAPSHOT.jar:?]
	at org.apache.hadoop.ozone.protocol.proto.OzoneManagerProtocolProtos$OzoneManagerService$2.callBlockingMethod(OzoneManagerProtocolProtos.java) [ozone-interface-client-1.3.0-SNAPSHOT.jar:?]
	at org.apache.hadoop.ipc.ProtobufRpcEngine$Server.processCall(ProtobufRpcEngine.java:466) [hadoop-common-3.3.1.jar:?]
	at org.apache.hadoop.ipc.ProtobufRpcEngine2$Server$ProtoBufRpcInvoker.call(ProtobufRpcEngine2.java:574) [hadoop-common-3.3.1.jar:?]
	at org.apache.hadoop.ipc.ProtobufRpcEngine2$Server$ProtoBufRpcInvoker.call(ProtobufRpcEngine2.java:552) [hadoop-common-3.3.1.jar:?]
	at org.apache.hadoop.ipc.RPC$Server.call(RPC.java:1093) [hadoop-common-3.3.1.jar:?]
	at org.apache.hadoop.ipc.Server$RpcCall.run(Server.java:1035) [hadoop-common-3.3.1.jar:?]
	at org.apache.hadoop.ipc.Server$RpcCall.run(Server.java:963) [hadoop-common-3.3.1.jar:?]
	at java.security.AccessController.doPrivileged(Native Method) ~[?:1.8.0_332]
	at javax.security.auth.Subject.doAs(Subject.java:422) [?:1.8.0_332]
	at org.apache.hadoop.security.UserGroupInformation.doAs(UserGroupInformation.java:1878) [hadoop-common-3.3.1.jar:?]
	at org.apache.hadoop.ipc.Server$Handler.run(Server.java:2966) [hadoop-common-3.3.1.jar:?]
23:25:35.468 [IPC Server handler 12 on default port 46473] ERROR OMAudit - user=runner | ip=127.0.0.1 | op=READ_BUCKET {volume=tmp, bucket=4bad0b8dd3074cd43f641c2ac22a3571} | ret=FAILURE
org.apache.hadoop.ozone.om.exceptions.OMException: Bucket not found
	at org.apache.hadoop.ozone.om.BucketManagerImpl.getBucketInfo(BucketManagerImpl.java:131) ~[ozone-manager-1.3.0-SNAPSHOT.jar:?]
	at org.apache.hadoop.ozone.om.OzoneManager.getBucketInfo(OzoneManager.java:2778) ~[ozone-manager-1.3.0-SNAPSHOT.jar:?]
	at org.apache.hadoop.ozone.protocolPB.OzoneManagerRequestHandler.infoBucket(OzoneManagerRequestHandler.java:464) ~[ozone-manager-1.3.0-SNAPSHOT.jar:?]
	at org.apache.hadoop.ozone.protocolPB.OzoneManagerRequestHandler.handleReadRequest(OzoneManagerRequestHandler.java:172) ~[ozone-manager-1.3.0-SNAPSHOT.jar:?]
	at org.apache.hadoop.ozone.protocolPB.OzoneManagerProtocolServerSideTranslatorPB.submitRequestDirectlyToOM(OzoneManagerProtocolServerSideTranslatorPB.java:276) ~[ozone-manager-1.3.0-SNAPSHOT.jar:?]
	at org.apache.hadoop.ozone.protocolPB.OzoneManagerProtocolServerSideTranslatorPB.processRequest(OzoneManagerProtocolServerSideTranslatorPB.java:205) ~[ozone-manager-1.3.0-SNAPSHOT.jar:?]
	at org.apache.hadoop.hdds.server.OzoneProtocolMessageDispatcher.processRequest(OzoneProtocolMessageDispatcher.java:87) [hdds-server-framework-1.3.0-SNAPSHOT.jar:?]
	at org.apache.hadoop.ozone.protocolPB.OzoneManagerProtocolServerSideTranslatorPB.submitRequest(OzoneManagerProtocolServerSideTranslatorPB.java:147) [ozone-manager-1.3.0-SNAPSHOT.jar:?]
	at org.apache.hadoop.ozone.protocol.proto.OzoneManagerProtocolProtos$OzoneManagerService$2.callBlockingMethod(OzoneManagerProtocolProtos.java) [ozone-interface-client-1.3.0-SNAPSHOT.jar:?]
	at org.apache.hadoop.ipc.ProtobufRpcEngine$Server.processCall(ProtobufRpcEngine.java:466) [hadoop-common-3.3.1.jar:?]
	at org.apache.hadoop.ipc.ProtobufRpcEngine2$Server$ProtoBufRpcInvoker.call(ProtobufRpcEngine2.java:574) [hadoop-common-3.3.1.jar:?]
	at org.apache.hadoop.ipc.ProtobufRpcEngine2$Server$ProtoBufRpcInvoker.call(ProtobufRpcEngine2.java:552) [hadoop-common-3.3.1.jar:?]
	at org.apache.hadoop.ipc.RPC$Server.call(RPC.java:1093) [hadoop-common-3.3.1.jar:?]
	at org.apache.hadoop.ipc.Server$RpcCall.run(Server.java:1035) [hadoop-common-3.3.1.jar:?]
	at org.apache.hadoop.ipc.Server$RpcCall.run(Server.java:963) [hadoop-common-3.3.1.jar:?]
	at java.security.AccessController.doPrivileged(Native Method) ~[?:1.8.0_332]
	at javax.security.auth.Subject.doAs(Subject.java:422) [?:1.8.0_332]
	at org.apache.hadoop.security.UserGroupInformation.doAs(UserGroupInformation.java:1878) [hadoop-common-3.3.1.jar:?]
	at org.apache.hadoop.ipc.Server$Handler.run(Server.java:2966) [hadoop-common-3.3.1.jar:?]
2022-07-12 23:25:35,469 [Time-limited test] INFO  rpc.RpcClient (RpcClient.java:createBucket(669)) - Creating Bucket: tmp/4bad0b8dd3074cd43f641c2ac22a3571, with bucket layout LEGACY, runner as owner, Versioning false, Storage Type set to DISK and Encryption set to false 
2022-07-12 23:25:35,469 [IPC Server handler 10 on default port 46473] INFO  bucket.OMBucketCreateRequest (OMBucketCreateRequest.java:validateAndUpdateCache(260)) - created bucket: 4bad0b8dd3074cd43f641c2ac22a3571 of layout LEGACY in volume: tmp
]]></system-out>
  </testcase>
  <testcase name="testListStatusRootAndVolumeNonRecursive" classname="TestRootedOzoneFileSystem" time="0.332">
    <system-out><![CDATA[2022-07-12 23:20:24,771 [Time-limited test] INFO  rpc.RpcClient (RpcClient.java:createVolume(466)) - Creating Volume: volume65595, with user83624 as owner and space quota set to -1 bytes, counts quota set to -1
2022-07-12 23:20:24,774 [OM StateMachine ApplyTransaction Thread - 0] INFO  volume.OMVolumeCreateRequest (OMVolumeCreateRequest.java:validateAndUpdateCache(195)) - created volume:volume65595 for user:user83624
2022-07-12 23:20:24,778 [Time-limited test] INFO  rpc.RpcClient (RpcClient.java:createBucket(669)) - Creating Bucket: volume65595/bucket47919, with bucket layout LEGACY, runner as owner, Versioning false, Storage Type set to DISK and Encryption set to false 
2022-07-12 23:20:24,783 [OM StateMachine ApplyTransaction Thread - 0] INFO  bucket.OMBucketCreateRequest (OMBucketCreateRequest.java:validateAndUpdateCache(260)) - created bucket: bucket47919 of layout LEGACY in volume: volume65595
2022-07-12 23:20:24,788 [Time-limited test] INFO  rpc.RpcClient (RpcClient.java:createVolume(466)) - Creating Volume: volume-92730, with runner as owner and space quota set to -1 bytes, counts quota set to -1
2022-07-12 23:20:24,790 [OM StateMachine ApplyTransaction Thread - 0] INFO  volume.OMVolumeCreateRequest (OMVolumeCreateRequest.java:validateAndUpdateCache(195)) - created volume:volume-92730 for user:runner
2022-07-12 23:20:24,792 [Time-limited test] INFO  rpc.RpcClient (RpcClient.java:createBucket(669)) - Creating Bucket: volume-92730/bucket-33750, with bucket layout LEGACY, runner as owner, Versioning false, Storage Type set to DISK and Encryption set to false 
2022-07-12 23:20:24,796 [OM StateMachine ApplyTransaction Thread - 0] INFO  bucket.OMBucketCreateRequest (OMBucketCreateRequest.java:validateAndUpdateCache(260)) - created bucket: bucket-33750 of layout LEGACY in volume: volume-92730
2022-07-12 23:20:24,877 [Time-limited test] INFO  rpc.RpcClient (RpcClient.java:createVolume(466)) - Creating Volume: volume-93230, with runner as owner and space quota set to -1 bytes, counts quota set to -1
2022-07-12 23:20:24,879 [OM StateMachine ApplyTransaction Thread - 0] INFO  volume.OMVolumeCreateRequest (OMVolumeCreateRequest.java:validateAndUpdateCache(195)) - created volume:volume-93230 for user:runner
2022-07-12 23:20:24,881 [Time-limited test] INFO  rpc.RpcClient (RpcClient.java:createBucket(669)) - Creating Bucket: volume-93230/bucket-17092, with bucket layout LEGACY, runner as owner, Versioning false, Storage Type set to DISK and Encryption set to false 
2022-07-12 23:20:24,884 [OM StateMachine ApplyTransaction Thread - 0] INFO  bucket.OMBucketCreateRequest (OMBucketCreateRequest.java:validateAndUpdateCache(260)) - created bucket: bucket-17092 of layout LEGACY in volume: volume-93230
]]></system-out>
  </testcase>
  <testcase name="testListStatusRootAndVolumeNonRecursive" classname="TestRootedOzoneFileSystem" time="0.604">
    <system-out><![CDATA[2022-07-12 23:21:36,739 [Time-limited test] INFO  rpc.RpcClient (RpcClient.java:createVolume(466)) - Creating Volume: volume86458, with user71889 as owner and space quota set to -1 bytes, counts quota set to -1
2022-07-12 23:21:36,741 [OM StateMachine ApplyTransaction Thread - 0] INFO  volume.OMVolumeCreateRequest (OMVolumeCreateRequest.java:validateAndUpdateCache(195)) - created volume:volume86458 for user:user71889
2022-07-12 23:21:36,742 [Time-limited test] INFO  rpc.RpcClient (RpcClient.java:createBucket(669)) - Creating Bucket: volume86458/bucket18100, with bucket layout LEGACY, runner as owner, Versioning false, Storage Type set to DISK and Encryption set to false 
2022-07-12 23:21:36,743 [OM StateMachine ApplyTransaction Thread - 0] INFO  bucket.OMBucketCreateRequest (OMBucketCreateRequest.java:validateAndUpdateCache(260)) - created bucket: bucket18100 of layout LEGACY in volume: volume86458
23:21:36.745 [IPC Server handler 15 on default port 33951] ERROR OMAudit - user=runner | ip=127.0.0.1 | op=READ_BUCKET {volume=volume-69016, bucket=bucket-82907} | ret=FAILURE
org.apache.hadoop.ozone.om.exceptions.OMException: Volume not found when getting bucket info
	at org.apache.hadoop.ozone.om.BucketManagerImpl.getBucketInfo(BucketManagerImpl.java:127) ~[ozone-manager-1.3.0-SNAPSHOT.jar:?]
	at org.apache.hadoop.ozone.om.OzoneManager.getBucketInfo(OzoneManager.java:2778) ~[ozone-manager-1.3.0-SNAPSHOT.jar:?]
	at org.apache.hadoop.ozone.protocolPB.OzoneManagerRequestHandler.infoBucket(OzoneManagerRequestHandler.java:464) ~[ozone-manager-1.3.0-SNAPSHOT.jar:?]
	at org.apache.hadoop.ozone.protocolPB.OzoneManagerRequestHandler.handleReadRequest(OzoneManagerRequestHandler.java:172) ~[ozone-manager-1.3.0-SNAPSHOT.jar:?]
	at org.apache.hadoop.ozone.protocolPB.OzoneManagerProtocolServerSideTranslatorPB.submitReadRequestToOM(OzoneManagerProtocolServerSideTranslatorPB.java:226) ~[ozone-manager-1.3.0-SNAPSHOT.jar:?]
	at org.apache.hadoop.ozone.protocolPB.OzoneManagerProtocolServerSideTranslatorPB.processRequest(OzoneManagerProtocolServerSideTranslatorPB.java:175) ~[ozone-manager-1.3.0-SNAPSHOT.jar:?]
	at org.apache.hadoop.hdds.server.OzoneProtocolMessageDispatcher.processRequest(OzoneProtocolMessageDispatcher.java:87) [hdds-server-framework-1.3.0-SNAPSHOT.jar:?]
	at org.apache.hadoop.ozone.protocolPB.OzoneManagerProtocolServerSideTranslatorPB.submitRequest(OzoneManagerProtocolServerSideTranslatorPB.java:147) [ozone-manager-1.3.0-SNAPSHOT.jar:?]
	at org.apache.hadoop.ozone.protocol.proto.OzoneManagerProtocolProtos$OzoneManagerService$2.callBlockingMethod(OzoneManagerProtocolProtos.java) [ozone-interface-client-1.3.0-SNAPSHOT.jar:?]
	at org.apache.hadoop.ipc.ProtobufRpcEngine$Server.processCall(ProtobufRpcEngine.java:466) [hadoop-common-3.3.1.jar:?]
	at org.apache.hadoop.ipc.ProtobufRpcEngine2$Server$ProtoBufRpcInvoker.call(ProtobufRpcEngine2.java:574) [hadoop-common-3.3.1.jar:?]
	at org.apache.hadoop.ipc.ProtobufRpcEngine2$Server$ProtoBufRpcInvoker.call(ProtobufRpcEngine2.java:552) [hadoop-common-3.3.1.jar:?]
	at org.apache.hadoop.ipc.RPC$Server.call(RPC.java:1093) [hadoop-common-3.3.1.jar:?]
	at org.apache.hadoop.ipc.Server$RpcCall.run(Server.java:1035) [hadoop-common-3.3.1.jar:?]
	at org.apache.hadoop.ipc.Server$RpcCall.run(Server.java:963) [hadoop-common-3.3.1.jar:?]
	at java.security.AccessController.doPrivileged(Native Method) ~[?:1.8.0_332]
	at javax.security.auth.Subject.doAs(Subject.java:422) [?:1.8.0_332]
	at org.apache.hadoop.security.UserGroupInformation.doAs(UserGroupInformation.java:1878) [hadoop-common-3.3.1.jar:?]
	at org.apache.hadoop.ipc.Server$Handler.run(Server.java:2966) [hadoop-common-3.3.1.jar:?]
2022-07-12 23:21:36,746 [Time-limited test] INFO  rpc.RpcClient (RpcClient.java:createVolume(466)) - Creating Volume: volume-69016, with runner as owner and space quota set to -1 bytes, counts quota set to -1
2022-07-12 23:21:36,747 [OM StateMachine ApplyTransaction Thread - 0] INFO  volume.OMVolumeCreateRequest (OMVolumeCreateRequest.java:validateAndUpdateCache(195)) - created volume:volume-69016 for user:runner
2022-07-12 23:21:36,748 [Time-limited test] INFO  rpc.RpcClient (RpcClient.java:createBucket(669)) - Creating Bucket: volume-69016/bucket-82907, with bucket layout LEGACY, runner as owner, Versioning false, Storage Type set to DISK and Encryption set to false 
2022-07-12 23:21:36,749 [OM StateMachine ApplyTransaction Thread - 0] INFO  bucket.OMBucketCreateRequest (OMBucketCreateRequest.java:validateAndUpdateCache(260)) - created bucket: bucket-82907 of layout LEGACY in volume: volume-69016
23:21:36.983 [IPC Server handler 2 on default port 33951] ERROR OMAudit - user=runner | ip=127.0.0.1 | op=READ_BUCKET {volume=volume-20490, bucket=bucket-85777} | ret=FAILURE
org.apache.hadoop.ozone.om.exceptions.OMException: Volume not found when getting bucket info
	at org.apache.hadoop.ozone.om.BucketManagerImpl.getBucketInfo(BucketManagerImpl.java:127) ~[ozone-manager-1.3.0-SNAPSHOT.jar:?]
	at org.apache.hadoop.ozone.om.OzoneManager.getBucketInfo(OzoneManager.java:2778) ~[ozone-manager-1.3.0-SNAPSHOT.jar:?]
	at org.apache.hadoop.ozone.protocolPB.OzoneManagerRequestHandler.infoBucket(OzoneManagerRequestHandler.java:464) ~[ozone-manager-1.3.0-SNAPSHOT.jar:?]
	at org.apache.hadoop.ozone.protocolPB.OzoneManagerRequestHandler.handleReadRequest(OzoneManagerRequestHandler.java:172) ~[ozone-manager-1.3.0-SNAPSHOT.jar:?]
	at org.apache.hadoop.ozone.protocolPB.OzoneManagerProtocolServerSideTranslatorPB.submitReadRequestToOM(OzoneManagerProtocolServerSideTranslatorPB.java:226) ~[ozone-manager-1.3.0-SNAPSHOT.jar:?]
	at org.apache.hadoop.ozone.protocolPB.OzoneManagerProtocolServerSideTranslatorPB.processRequest(OzoneManagerProtocolServerSideTranslatorPB.java:175) ~[ozone-manager-1.3.0-SNAPSHOT.jar:?]
	at org.apache.hadoop.hdds.server.OzoneProtocolMessageDispatcher.processRequest(OzoneProtocolMessageDispatcher.java:87) [hdds-server-framework-1.3.0-SNAPSHOT.jar:?]
	at org.apache.hadoop.ozone.protocolPB.OzoneManagerProtocolServerSideTranslatorPB.submitRequest(OzoneManagerProtocolServerSideTranslatorPB.java:147) [ozone-manager-1.3.0-SNAPSHOT.jar:?]
	at org.apache.hadoop.ozone.protocol.proto.OzoneManagerProtocolProtos$OzoneManagerService$2.callBlockingMethod(OzoneManagerProtocolProtos.java) [ozone-interface-client-1.3.0-SNAPSHOT.jar:?]
	at org.apache.hadoop.ipc.ProtobufRpcEngine$Server.processCall(ProtobufRpcEngine.java:466) [hadoop-common-3.3.1.jar:?]
	at org.apache.hadoop.ipc.ProtobufRpcEngine2$Server$ProtoBufRpcInvoker.call(ProtobufRpcEngine2.java:574) [hadoop-common-3.3.1.jar:?]
	at org.apache.hadoop.ipc.ProtobufRpcEngine2$Server$ProtoBufRpcInvoker.call(ProtobufRpcEngine2.java:552) [hadoop-common-3.3.1.jar:?]
	at org.apache.hadoop.ipc.RPC$Server.call(RPC.java:1093) [hadoop-common-3.3.1.jar:?]
	at org.apache.hadoop.ipc.Server$RpcCall.run(Server.java:1035) [hadoop-common-3.3.1.jar:?]
	at org.apache.hadoop.ipc.Server$RpcCall.run(Server.java:963) [hadoop-common-3.3.1.jar:?]
	at java.security.AccessController.doPrivileged(Native Method) ~[?:1.8.0_332]
	at javax.security.auth.Subject.doAs(Subject.java:422) [?:1.8.0_332]
	at org.apache.hadoop.security.UserGroupInformation.doAs(UserGroupInformation.java:1878) [hadoop-common-3.3.1.jar:?]
	at org.apache.hadoop.ipc.Server$Handler.run(Server.java:2966) [hadoop-common-3.3.1.jar:?]
2022-07-12 23:21:36,983 [Time-limited test] INFO  rpc.RpcClient (RpcClient.java:createVolume(466)) - Creating Volume: volume-20490, with runner as owner and space quota set to -1 bytes, counts quota set to -1
2022-07-12 23:21:36,985 [OM StateMachine ApplyTransaction Thread - 0] INFO  volume.OMVolumeCreateRequest (OMVolumeCreateRequest.java:validateAndUpdateCache(195)) - created volume:volume-20490 for user:runner
2022-07-12 23:21:36,986 [Time-limited test] INFO  rpc.RpcClient (RpcClient.java:createBucket(669)) - Creating Bucket: volume-20490/bucket-85777, with bucket layout LEGACY, runner as owner, Versioning false, Storage Type set to DISK and Encryption set to false 
2022-07-12 23:21:36,987 [OM StateMachine ApplyTransaction Thread - 0] INFO  bucket.OMBucketCreateRequest (OMBucketCreateRequest.java:validateAndUpdateCache(260)) - created bucket: bucket-85777 of layout LEGACY in volume: volume-20490
]]></system-out>
  </testcase>
  <testcase name="testListStatusRootAndVolumeNonRecursive" classname="TestRootedOzoneFileSystem" time="0.626">
    <system-out><![CDATA[2022-07-12 23:22:52,664 [Time-limited test] INFO  rpc.RpcClient (RpcClient.java:createVolume(466)) - Creating Volume: volume03846, with user61684 as owner and space quota set to -1 bytes, counts quota set to -1
2022-07-12 23:22:52,666 [IPC Server handler 1 on default port 43683] INFO  volume.OMVolumeCreateRequest (OMVolumeCreateRequest.java:validateAndUpdateCache(195)) - created volume:volume03846 for user:user61684
2022-07-12 23:22:52,668 [Time-limited test] INFO  rpc.RpcClient (RpcClient.java:createBucket(669)) - Creating Bucket: volume03846/bucket72057, with bucket layout LEGACY, runner as owner, Versioning false, Storage Type set to DISK and Encryption set to false 
2022-07-12 23:22:52,669 [IPC Server handler 5 on default port 43683] INFO  bucket.OMBucketCreateRequest (OMBucketCreateRequest.java:validateAndUpdateCache(260)) - created bucket: bucket72057 of layout LEGACY in volume: volume03846
23:22:52.677 [IPC Server handler 10 on default port 43683] ERROR OMAudit - user=runner | ip=127.0.0.1 | op=READ_BUCKET {volume=volume-34437, bucket=bucket-63092} | ret=FAILURE
org.apache.hadoop.ozone.om.exceptions.OMException: Volume not found when getting bucket info
	at org.apache.hadoop.ozone.om.BucketManagerImpl.getBucketInfo(BucketManagerImpl.java:127) ~[ozone-manager-1.3.0-SNAPSHOT.jar:?]
	at org.apache.hadoop.ozone.om.OzoneManager.getBucketInfo(OzoneManager.java:2778) ~[ozone-manager-1.3.0-SNAPSHOT.jar:?]
	at org.apache.hadoop.ozone.protocolPB.OzoneManagerRequestHandler.infoBucket(OzoneManagerRequestHandler.java:464) ~[ozone-manager-1.3.0-SNAPSHOT.jar:?]
	at org.apache.hadoop.ozone.protocolPB.OzoneManagerRequestHandler.handleReadRequest(OzoneManagerRequestHandler.java:172) ~[ozone-manager-1.3.0-SNAPSHOT.jar:?]
	at org.apache.hadoop.ozone.protocolPB.OzoneManagerProtocolServerSideTranslatorPB.submitRequestDirectlyToOM(OzoneManagerProtocolServerSideTranslatorPB.java:276) ~[ozone-manager-1.3.0-SNAPSHOT.jar:?]
	at org.apache.hadoop.ozone.protocolPB.OzoneManagerProtocolServerSideTranslatorPB.processRequest(OzoneManagerProtocolServerSideTranslatorPB.java:205) ~[ozone-manager-1.3.0-SNAPSHOT.jar:?]
	at org.apache.hadoop.hdds.server.OzoneProtocolMessageDispatcher.processRequest(OzoneProtocolMessageDispatcher.java:87) [hdds-server-framework-1.3.0-SNAPSHOT.jar:?]
	at org.apache.hadoop.ozone.protocolPB.OzoneManagerProtocolServerSideTranslatorPB.submitRequest(OzoneManagerProtocolServerSideTranslatorPB.java:147) [ozone-manager-1.3.0-SNAPSHOT.jar:?]
	at org.apache.hadoop.ozone.protocol.proto.OzoneManagerProtocolProtos$OzoneManagerService$2.callBlockingMethod(OzoneManagerProtocolProtos.java) [ozone-interface-client-1.3.0-SNAPSHOT.jar:?]
	at org.apache.hadoop.ipc.ProtobufRpcEngine$Server.processCall(ProtobufRpcEngine.java:466) [hadoop-common-3.3.1.jar:?]
	at org.apache.hadoop.ipc.ProtobufRpcEngine2$Server$ProtoBufRpcInvoker.call(ProtobufRpcEngine2.java:574) [hadoop-common-3.3.1.jar:?]
	at org.apache.hadoop.ipc.ProtobufRpcEngine2$Server$ProtoBufRpcInvoker.call(ProtobufRpcEngine2.java:552) [hadoop-common-3.3.1.jar:?]
	at org.apache.hadoop.ipc.RPC$Server.call(RPC.java:1093) [hadoop-common-3.3.1.jar:?]
	at org.apache.hadoop.ipc.Server$RpcCall.run(Server.java:1035) [hadoop-common-3.3.1.jar:?]
	at org.apache.hadoop.ipc.Server$RpcCall.run(Server.java:963) [hadoop-common-3.3.1.jar:?]
	at java.security.AccessController.doPrivileged(Native Method) ~[?:1.8.0_332]
	at javax.security.auth.Subject.doAs(Subject.java:422) [?:1.8.0_332]
	at org.apache.hadoop.security.UserGroupInformation.doAs(UserGroupInformation.java:1878) [hadoop-common-3.3.1.jar:?]
	at org.apache.hadoop.ipc.Server$Handler.run(Server.java:2966) [hadoop-common-3.3.1.jar:?]
2022-07-12 23:22:52,678 [Time-limited test] INFO  rpc.RpcClient (RpcClient.java:createVolume(466)) - Creating Volume: volume-34437, with runner as owner and space quota set to -1 bytes, counts quota set to -1
2022-07-12 23:22:52,678 [IPC Server handler 8 on default port 43683] INFO  volume.OMVolumeCreateRequest (OMVolumeCreateRequest.java:validateAndUpdateCache(195)) - created volume:volume-34437 for user:runner
2022-07-12 23:22:52,679 [Time-limited test] INFO  rpc.RpcClient (RpcClient.java:createBucket(669)) - Creating Bucket: volume-34437/bucket-63092, with bucket layout LEGACY, runner as owner, Versioning false, Storage Type set to DISK and Encryption set to false 
2022-07-12 23:22:52,679 [IPC Server handler 6 on default port 43683] INFO  bucket.OMBucketCreateRequest (OMBucketCreateRequest.java:validateAndUpdateCache(260)) - created bucket: bucket-63092 of layout LEGACY in volume: volume-34437
23:22:52.888 [IPC Server handler 0 on default port 43683] ERROR OMAudit - user=runner | ip=127.0.0.1 | op=READ_BUCKET {volume=volume-92153, bucket=bucket-48721} | ret=FAILURE
org.apache.hadoop.ozone.om.exceptions.OMException: Volume not found when getting bucket info
	at org.apache.hadoop.ozone.om.BucketManagerImpl.getBucketInfo(BucketManagerImpl.java:127) ~[ozone-manager-1.3.0-SNAPSHOT.jar:?]
	at org.apache.hadoop.ozone.om.OzoneManager.getBucketInfo(OzoneManager.java:2778) ~[ozone-manager-1.3.0-SNAPSHOT.jar:?]
	at org.apache.hadoop.ozone.protocolPB.OzoneManagerRequestHandler.infoBucket(OzoneManagerRequestHandler.java:464) ~[ozone-manager-1.3.0-SNAPSHOT.jar:?]
	at org.apache.hadoop.ozone.protocolPB.OzoneManagerRequestHandler.handleReadRequest(OzoneManagerRequestHandler.java:172) ~[ozone-manager-1.3.0-SNAPSHOT.jar:?]
	at org.apache.hadoop.ozone.protocolPB.OzoneManagerProtocolServerSideTranslatorPB.submitRequestDirectlyToOM(OzoneManagerProtocolServerSideTranslatorPB.java:276) ~[ozone-manager-1.3.0-SNAPSHOT.jar:?]
	at org.apache.hadoop.ozone.protocolPB.OzoneManagerProtocolServerSideTranslatorPB.processRequest(OzoneManagerProtocolServerSideTranslatorPB.java:205) ~[ozone-manager-1.3.0-SNAPSHOT.jar:?]
	at org.apache.hadoop.hdds.server.OzoneProtocolMessageDispatcher.processRequest(OzoneProtocolMessageDispatcher.java:87) [hdds-server-framework-1.3.0-SNAPSHOT.jar:?]
	at org.apache.hadoop.ozone.protocolPB.OzoneManagerProtocolServerSideTranslatorPB.submitRequest(OzoneManagerProtocolServerSideTranslatorPB.java:147) [ozone-manager-1.3.0-SNAPSHOT.jar:?]
	at org.apache.hadoop.ozone.protocol.proto.OzoneManagerProtocolProtos$OzoneManagerService$2.callBlockingMethod(OzoneManagerProtocolProtos.java) [ozone-interface-client-1.3.0-SNAPSHOT.jar:?]
	at org.apache.hadoop.ipc.ProtobufRpcEngine$Server.processCall(ProtobufRpcEngine.java:466) [hadoop-common-3.3.1.jar:?]
	at org.apache.hadoop.ipc.ProtobufRpcEngine2$Server$ProtoBufRpcInvoker.call(ProtobufRpcEngine2.java:574) [hadoop-common-3.3.1.jar:?]
	at org.apache.hadoop.ipc.ProtobufRpcEngine2$Server$ProtoBufRpcInvoker.call(ProtobufRpcEngine2.java:552) [hadoop-common-3.3.1.jar:?]
	at org.apache.hadoop.ipc.RPC$Server.call(RPC.java:1093) [hadoop-common-3.3.1.jar:?]
	at org.apache.hadoop.ipc.Server$RpcCall.run(Server.java:1035) [hadoop-common-3.3.1.jar:?]
	at org.apache.hadoop.ipc.Server$RpcCall.run(Server.java:963) [hadoop-common-3.3.1.jar:?]
	at java.security.AccessController.doPrivileged(Native Method) ~[?:1.8.0_332]
	at javax.security.auth.Subject.doAs(Subject.java:422) [?:1.8.0_332]
	at org.apache.hadoop.security.UserGroupInformation.doAs(UserGroupInformation.java:1878) [hadoop-common-3.3.1.jar:?]
	at org.apache.hadoop.ipc.Server$Handler.run(Server.java:2966) [hadoop-common-3.3.1.jar:?]
2022-07-12 23:22:52,909 [Time-limited test] INFO  rpc.RpcClient (RpcClient.java:createVolume(466)) - Creating Volume: volume-92153, with runner as owner and space quota set to -1 bytes, counts quota set to -1
2022-07-12 23:22:52,910 [IPC Server handler 1 on default port 43683] INFO  volume.OMVolumeCreateRequest (OMVolumeCreateRequest.java:validateAndUpdateCache(195)) - created volume:volume-92153 for user:runner
2022-07-12 23:22:52,911 [Time-limited test] INFO  rpc.RpcClient (RpcClient.java:createBucket(669)) - Creating Bucket: volume-92153/bucket-48721, with bucket layout LEGACY, runner as owner, Versioning false, Storage Type set to DISK and Encryption set to false 
2022-07-12 23:22:52,911 [IPC Server handler 5 on default port 43683] INFO  bucket.OMBucketCreateRequest (OMBucketCreateRequest.java:validateAndUpdateCache(260)) - created bucket: bucket-48721 of layout LEGACY in volume: volume-92153
]]></system-out>
  </testcase>
  <testcase name="testListStatusRootAndVolumeNonRecursive" classname="TestRootedOzoneFileSystem" time="1.175">
    <system-out><![CDATA[2022-07-12 23:24:14,574 [Time-limited test] INFO  rpc.RpcClient (RpcClient.java:createVolume(466)) - Creating Volume: volume48357, with user67612 as owner and space quota set to -1 bytes, counts quota set to -1
2022-07-12 23:24:14,576 [OM StateMachine ApplyTransaction Thread - 0] INFO  volume.OMVolumeCreateRequest (OMVolumeCreateRequest.java:validateAndUpdateCache(195)) - created volume:volume48357 for user:user67612
2022-07-12 23:24:14,577 [Time-limited test] INFO  rpc.RpcClient (RpcClient.java:createBucket(669)) - Creating Bucket: volume48357/bucket11105, with bucket layout LEGACY, runner as owner, Versioning false, Storage Type set to DISK and Encryption set to false 
2022-07-12 23:24:14,578 [OM StateMachine ApplyTransaction Thread - 0] INFO  bucket.OMBucketCreateRequest (OMBucketCreateRequest.java:validateAndUpdateCache(260)) - created bucket: bucket11105 of layout LEGACY in volume: volume48357
23:24:14.580 [IPC Server handler 19 on default port 45473] ERROR OMAudit - user=runner | ip=127.0.0.1 | op=READ_BUCKET {volume=volume-91501, bucket=bucket-07990} | ret=FAILURE
org.apache.hadoop.ozone.om.exceptions.OMException: Volume not found when getting bucket info
	at org.apache.hadoop.ozone.om.BucketManagerImpl.getBucketInfo(BucketManagerImpl.java:127) ~[ozone-manager-1.3.0-SNAPSHOT.jar:?]
	at org.apache.hadoop.ozone.om.OzoneManager.getBucketInfo(OzoneManager.java:2778) ~[ozone-manager-1.3.0-SNAPSHOT.jar:?]
	at org.apache.hadoop.ozone.protocolPB.OzoneManagerRequestHandler.infoBucket(OzoneManagerRequestHandler.java:464) ~[ozone-manager-1.3.0-SNAPSHOT.jar:?]
	at org.apache.hadoop.ozone.protocolPB.OzoneManagerRequestHandler.handleReadRequest(OzoneManagerRequestHandler.java:172) ~[ozone-manager-1.3.0-SNAPSHOT.jar:?]
	at org.apache.hadoop.ozone.protocolPB.OzoneManagerProtocolServerSideTranslatorPB.submitReadRequestToOM(OzoneManagerProtocolServerSideTranslatorPB.java:226) ~[ozone-manager-1.3.0-SNAPSHOT.jar:?]
	at org.apache.hadoop.ozone.protocolPB.OzoneManagerProtocolServerSideTranslatorPB.processRequest(OzoneManagerProtocolServerSideTranslatorPB.java:175) ~[ozone-manager-1.3.0-SNAPSHOT.jar:?]
	at org.apache.hadoop.hdds.server.OzoneProtocolMessageDispatcher.processRequest(OzoneProtocolMessageDispatcher.java:87) [hdds-server-framework-1.3.0-SNAPSHOT.jar:?]
	at org.apache.hadoop.ozone.protocolPB.OzoneManagerProtocolServerSideTranslatorPB.submitRequest(OzoneManagerProtocolServerSideTranslatorPB.java:147) [ozone-manager-1.3.0-SNAPSHOT.jar:?]
	at org.apache.hadoop.ozone.protocol.proto.OzoneManagerProtocolProtos$OzoneManagerService$2.callBlockingMethod(OzoneManagerProtocolProtos.java) [ozone-interface-client-1.3.0-SNAPSHOT.jar:?]
	at org.apache.hadoop.ipc.ProtobufRpcEngine$Server.processCall(ProtobufRpcEngine.java:466) [hadoop-common-3.3.1.jar:?]
	at org.apache.hadoop.ipc.ProtobufRpcEngine2$Server$ProtoBufRpcInvoker.call(ProtobufRpcEngine2.java:574) [hadoop-common-3.3.1.jar:?]
	at org.apache.hadoop.ipc.ProtobufRpcEngine2$Server$ProtoBufRpcInvoker.call(ProtobufRpcEngine2.java:552) [hadoop-common-3.3.1.jar:?]
	at org.apache.hadoop.ipc.RPC$Server.call(RPC.java:1093) [hadoop-common-3.3.1.jar:?]
	at org.apache.hadoop.ipc.Server$RpcCall.run(Server.java:1035) [hadoop-common-3.3.1.jar:?]
	at org.apache.hadoop.ipc.Server$RpcCall.run(Server.java:963) [hadoop-common-3.3.1.jar:?]
	at java.security.AccessController.doPrivileged(Native Method) ~[?:1.8.0_332]
	at javax.security.auth.Subject.doAs(Subject.java:422) [?:1.8.0_332]
	at org.apache.hadoop.security.UserGroupInformation.doAs(UserGroupInformation.java:1878) [hadoop-common-3.3.1.jar:?]
	at org.apache.hadoop.ipc.Server$Handler.run(Server.java:2966) [hadoop-common-3.3.1.jar:?]
2022-07-12 23:24:14,580 [Time-limited test] INFO  rpc.RpcClient (RpcClient.java:createVolume(466)) - Creating Volume: volume-91501, with runner as owner and space quota set to -1 bytes, counts quota set to -1
2022-07-12 23:24:14,581 [OM StateMachine ApplyTransaction Thread - 0] INFO  volume.OMVolumeCreateRequest (OMVolumeCreateRequest.java:validateAndUpdateCache(195)) - created volume:volume-91501 for user:runner
2022-07-12 23:24:14,582 [Time-limited test] INFO  rpc.RpcClient (RpcClient.java:createBucket(669)) - Creating Bucket: volume-91501/bucket-07990, with bucket layout LEGACY, runner as owner, Versioning false, Storage Type set to DISK and Encryption set to false 
2022-07-12 23:24:14,583 [OM StateMachine ApplyTransaction Thread - 0] INFO  bucket.OMBucketCreateRequest (OMBucketCreateRequest.java:validateAndUpdateCache(260)) - created bucket: bucket-07990 of layout LEGACY in volume: volume-91501
23:24:15.192 [IPC Server handler 3 on default port 45473] ERROR OMAudit - user=runner | ip=127.0.0.1 | op=READ_BUCKET {volume=volume-91712, bucket=bucket-25156} | ret=FAILURE
org.apache.hadoop.ozone.om.exceptions.OMException: Volume not found when getting bucket info
	at org.apache.hadoop.ozone.om.BucketManagerImpl.getBucketInfo(BucketManagerImpl.java:127) ~[ozone-manager-1.3.0-SNAPSHOT.jar:?]
	at org.apache.hadoop.ozone.om.OzoneManager.getBucketInfo(OzoneManager.java:2778) ~[ozone-manager-1.3.0-SNAPSHOT.jar:?]
	at org.apache.hadoop.ozone.protocolPB.OzoneManagerRequestHandler.infoBucket(OzoneManagerRequestHandler.java:464) ~[ozone-manager-1.3.0-SNAPSHOT.jar:?]
	at org.apache.hadoop.ozone.protocolPB.OzoneManagerRequestHandler.handleReadRequest(OzoneManagerRequestHandler.java:172) ~[ozone-manager-1.3.0-SNAPSHOT.jar:?]
	at org.apache.hadoop.ozone.protocolPB.OzoneManagerProtocolServerSideTranslatorPB.submitReadRequestToOM(OzoneManagerProtocolServerSideTranslatorPB.java:226) ~[ozone-manager-1.3.0-SNAPSHOT.jar:?]
	at org.apache.hadoop.ozone.protocolPB.OzoneManagerProtocolServerSideTranslatorPB.processRequest(OzoneManagerProtocolServerSideTranslatorPB.java:175) ~[ozone-manager-1.3.0-SNAPSHOT.jar:?]
	at org.apache.hadoop.hdds.server.OzoneProtocolMessageDispatcher.processRequest(OzoneProtocolMessageDispatcher.java:87) [hdds-server-framework-1.3.0-SNAPSHOT.jar:?]
	at org.apache.hadoop.ozone.protocolPB.OzoneManagerProtocolServerSideTranslatorPB.submitRequest(OzoneManagerProtocolServerSideTranslatorPB.java:147) [ozone-manager-1.3.0-SNAPSHOT.jar:?]
	at org.apache.hadoop.ozone.protocol.proto.OzoneManagerProtocolProtos$OzoneManagerService$2.callBlockingMethod(OzoneManagerProtocolProtos.java) [ozone-interface-client-1.3.0-SNAPSHOT.jar:?]
	at org.apache.hadoop.ipc.ProtobufRpcEngine$Server.processCall(ProtobufRpcEngine.java:466) [hadoop-common-3.3.1.jar:?]
	at org.apache.hadoop.ipc.ProtobufRpcEngine2$Server$ProtoBufRpcInvoker.call(ProtobufRpcEngine2.java:574) [hadoop-common-3.3.1.jar:?]
	at org.apache.hadoop.ipc.ProtobufRpcEngine2$Server$ProtoBufRpcInvoker.call(ProtobufRpcEngine2.java:552) [hadoop-common-3.3.1.jar:?]
	at org.apache.hadoop.ipc.RPC$Server.call(RPC.java:1093) [hadoop-common-3.3.1.jar:?]
	at org.apache.hadoop.ipc.Server$RpcCall.run(Server.java:1035) [hadoop-common-3.3.1.jar:?]
	at org.apache.hadoop.ipc.Server$RpcCall.run(Server.java:963) [hadoop-common-3.3.1.jar:?]
	at java.security.AccessController.doPrivileged(Native Method) ~[?:1.8.0_332]
	at javax.security.auth.Subject.doAs(Subject.java:422) [?:1.8.0_332]
	at org.apache.hadoop.security.UserGroupInformation.doAs(UserGroupInformation.java:1878) [hadoop-common-3.3.1.jar:?]
	at org.apache.hadoop.ipc.Server$Handler.run(Server.java:2966) [hadoop-common-3.3.1.jar:?]
2022-07-12 23:24:15,205 [Time-limited test] INFO  rpc.RpcClient (RpcClient.java:createVolume(466)) - Creating Volume: volume-91712, with runner as owner and space quota set to -1 bytes, counts quota set to -1
2022-07-12 23:24:15,206 [OM StateMachine ApplyTransaction Thread - 0] INFO  volume.OMVolumeCreateRequest (OMVolumeCreateRequest.java:validateAndUpdateCache(195)) - created volume:volume-91712 for user:runner
2022-07-12 23:24:15,207 [Time-limited test] INFO  rpc.RpcClient (RpcClient.java:createBucket(669)) - Creating Bucket: volume-91712/bucket-25156, with bucket layout LEGACY, runner as owner, Versioning false, Storage Type set to DISK and Encryption set to false 
2022-07-12 23:24:15,208 [OM StateMachine ApplyTransaction Thread - 0] INFO  bucket.OMBucketCreateRequest (OMBucketCreateRequest.java:validateAndUpdateCache(260)) - created bucket: bucket-25156 of layout LEGACY in volume: volume-91712
]]></system-out>
  </testcase>
  <testcase name="testListStatusRootAndVolumeNonRecursive" classname="TestRootedOzoneFileSystem" time="0.988">
    <system-out><![CDATA[2022-07-12 23:25:35,878 [Time-limited test] INFO  rpc.RpcClient (RpcClient.java:createVolume(466)) - Creating Volume: volume76504, with user35833 as owner and space quota set to -1 bytes, counts quota set to -1
2022-07-12 23:25:35,883 [IPC Server handler 8 on default port 46473] INFO  volume.OMVolumeCreateRequest (OMVolumeCreateRequest.java:validateAndUpdateCache(195)) - created volume:volume76504 for user:user35833
2022-07-12 23:25:35,893 [Time-limited test] INFO  rpc.RpcClient (RpcClient.java:createBucket(669)) - Creating Bucket: volume76504/bucket72507, with bucket layout LEGACY, runner as owner, Versioning false, Storage Type set to DISK and Encryption set to false 
2022-07-12 23:25:35,895 [IPC Server handler 6 on default port 46473] INFO  bucket.OMBucketCreateRequest (OMBucketCreateRequest.java:validateAndUpdateCache(260)) - created bucket: bucket72507 of layout LEGACY in volume: volume76504
23:25:35.909 [IPC Server handler 2 on default port 46473] ERROR OMAudit - user=runner | ip=127.0.0.1 | op=READ_BUCKET {volume=volume-54581, bucket=bucket-44270} | ret=FAILURE
org.apache.hadoop.ozone.om.exceptions.OMException: Volume not found when getting bucket info
	at org.apache.hadoop.ozone.om.BucketManagerImpl.getBucketInfo(BucketManagerImpl.java:127) ~[ozone-manager-1.3.0-SNAPSHOT.jar:?]
	at org.apache.hadoop.ozone.om.OzoneManager.getBucketInfo(OzoneManager.java:2778) ~[ozone-manager-1.3.0-SNAPSHOT.jar:?]
	at org.apache.hadoop.ozone.protocolPB.OzoneManagerRequestHandler.infoBucket(OzoneManagerRequestHandler.java:464) ~[ozone-manager-1.3.0-SNAPSHOT.jar:?]
	at org.apache.hadoop.ozone.protocolPB.OzoneManagerRequestHandler.handleReadRequest(OzoneManagerRequestHandler.java:172) ~[ozone-manager-1.3.0-SNAPSHOT.jar:?]
	at org.apache.hadoop.ozone.protocolPB.OzoneManagerProtocolServerSideTranslatorPB.submitRequestDirectlyToOM(OzoneManagerProtocolServerSideTranslatorPB.java:276) ~[ozone-manager-1.3.0-SNAPSHOT.jar:?]
	at org.apache.hadoop.ozone.protocolPB.OzoneManagerProtocolServerSideTranslatorPB.processRequest(OzoneManagerProtocolServerSideTranslatorPB.java:205) ~[ozone-manager-1.3.0-SNAPSHOT.jar:?]
	at org.apache.hadoop.hdds.server.OzoneProtocolMessageDispatcher.processRequest(OzoneProtocolMessageDispatcher.java:87) [hdds-server-framework-1.3.0-SNAPSHOT.jar:?]
	at org.apache.hadoop.ozone.protocolPB.OzoneManagerProtocolServerSideTranslatorPB.submitRequest(OzoneManagerProtocolServerSideTranslatorPB.java:147) [ozone-manager-1.3.0-SNAPSHOT.jar:?]
	at org.apache.hadoop.ozone.protocol.proto.OzoneManagerProtocolProtos$OzoneManagerService$2.callBlockingMethod(OzoneManagerProtocolProtos.java) [ozone-interface-client-1.3.0-SNAPSHOT.jar:?]
	at org.apache.hadoop.ipc.ProtobufRpcEngine$Server.processCall(ProtobufRpcEngine.java:466) [hadoop-common-3.3.1.jar:?]
	at org.apache.hadoop.ipc.ProtobufRpcEngine2$Server$ProtoBufRpcInvoker.call(ProtobufRpcEngine2.java:574) [hadoop-common-3.3.1.jar:?]
	at org.apache.hadoop.ipc.ProtobufRpcEngine2$Server$ProtoBufRpcInvoker.call(ProtobufRpcEngine2.java:552) [hadoop-common-3.3.1.jar:?]
	at org.apache.hadoop.ipc.RPC$Server.call(RPC.java:1093) [hadoop-common-3.3.1.jar:?]
	at org.apache.hadoop.ipc.Server$RpcCall.run(Server.java:1035) [hadoop-common-3.3.1.jar:?]
	at org.apache.hadoop.ipc.Server$RpcCall.run(Server.java:963) [hadoop-common-3.3.1.jar:?]
	at java.security.AccessController.doPrivileged(Native Method) ~[?:1.8.0_332]
	at javax.security.auth.Subject.doAs(Subject.java:422) [?:1.8.0_332]
	at org.apache.hadoop.security.UserGroupInformation.doAs(UserGroupInformation.java:1878) [hadoop-common-3.3.1.jar:?]
	at org.apache.hadoop.ipc.Server$Handler.run(Server.java:2966) [hadoop-common-3.3.1.jar:?]
2022-07-12 23:25:35,909 [Time-limited test] INFO  rpc.RpcClient (RpcClient.java:createVolume(466)) - Creating Volume: volume-54581, with runner as owner and space quota set to -1 bytes, counts quota set to -1
2022-07-12 23:25:35,911 [IPC Server handler 1 on default port 46473] INFO  volume.OMVolumeCreateRequest (OMVolumeCreateRequest.java:validateAndUpdateCache(195)) - created volume:volume-54581 for user:runner
2022-07-12 23:25:35,915 [Time-limited test] INFO  rpc.RpcClient (RpcClient.java:createBucket(669)) - Creating Bucket: volume-54581/bucket-44270, with bucket layout LEGACY, runner as owner, Versioning false, Storage Type set to DISK and Encryption set to false 
2022-07-12 23:25:35,916 [IPC Server handler 19 on default port 46473] INFO  bucket.OMBucketCreateRequest (OMBucketCreateRequest.java:validateAndUpdateCache(260)) - created bucket: bucket-44270 of layout LEGACY in volume: volume-54581
23:25:36.267 [IPC Server handler 9 on default port 46473] ERROR OMAudit - user=runner | ip=127.0.0.1 | op=READ_BUCKET {volume=volume-01833, bucket=bucket-06820} | ret=FAILURE
org.apache.hadoop.ozone.om.exceptions.OMException: Volume not found when getting bucket info
	at org.apache.hadoop.ozone.om.BucketManagerImpl.getBucketInfo(BucketManagerImpl.java:127) ~[ozone-manager-1.3.0-SNAPSHOT.jar:?]
	at org.apache.hadoop.ozone.om.OzoneManager.getBucketInfo(OzoneManager.java:2778) ~[ozone-manager-1.3.0-SNAPSHOT.jar:?]
	at org.apache.hadoop.ozone.protocolPB.OzoneManagerRequestHandler.infoBucket(OzoneManagerRequestHandler.java:464) ~[ozone-manager-1.3.0-SNAPSHOT.jar:?]
	at org.apache.hadoop.ozone.protocolPB.OzoneManagerRequestHandler.handleReadRequest(OzoneManagerRequestHandler.java:172) ~[ozone-manager-1.3.0-SNAPSHOT.jar:?]
	at org.apache.hadoop.ozone.protocolPB.OzoneManagerProtocolServerSideTranslatorPB.submitRequestDirectlyToOM(OzoneManagerProtocolServerSideTranslatorPB.java:276) ~[ozone-manager-1.3.0-SNAPSHOT.jar:?]
	at org.apache.hadoop.ozone.protocolPB.OzoneManagerProtocolServerSideTranslatorPB.processRequest(OzoneManagerProtocolServerSideTranslatorPB.java:205) ~[ozone-manager-1.3.0-SNAPSHOT.jar:?]
	at org.apache.hadoop.hdds.server.OzoneProtocolMessageDispatcher.processRequest(OzoneProtocolMessageDispatcher.java:87) [hdds-server-framework-1.3.0-SNAPSHOT.jar:?]
	at org.apache.hadoop.ozone.protocolPB.OzoneManagerProtocolServerSideTranslatorPB.submitRequest(OzoneManagerProtocolServerSideTranslatorPB.java:147) [ozone-manager-1.3.0-SNAPSHOT.jar:?]
	at org.apache.hadoop.ozone.protocol.proto.OzoneManagerProtocolProtos$OzoneManagerService$2.callBlockingMethod(OzoneManagerProtocolProtos.java) [ozone-interface-client-1.3.0-SNAPSHOT.jar:?]
	at org.apache.hadoop.ipc.ProtobufRpcEngine$Server.processCall(ProtobufRpcEngine.java:466) [hadoop-common-3.3.1.jar:?]
	at org.apache.hadoop.ipc.ProtobufRpcEngine2$Server$ProtoBufRpcInvoker.call(ProtobufRpcEngine2.java:574) [hadoop-common-3.3.1.jar:?]
	at org.apache.hadoop.ipc.ProtobufRpcEngine2$Server$ProtoBufRpcInvoker.call(ProtobufRpcEngine2.java:552) [hadoop-common-3.3.1.jar:?]
	at org.apache.hadoop.ipc.RPC$Server.call(RPC.java:1093) [hadoop-common-3.3.1.jar:?]
	at org.apache.hadoop.ipc.Server$RpcCall.run(Server.java:1035) [hadoop-common-3.3.1.jar:?]
	at org.apache.hadoop.ipc.Server$RpcCall.run(Server.java:963) [hadoop-common-3.3.1.jar:?]
	at java.security.AccessController.doPrivileged(Native Method) ~[?:1.8.0_332]
	at javax.security.auth.Subject.doAs(Subject.java:422) [?:1.8.0_332]
	at org.apache.hadoop.security.UserGroupInformation.doAs(UserGroupInformation.java:1878) [hadoop-common-3.3.1.jar:?]
	at org.apache.hadoop.ipc.Server$Handler.run(Server.java:2966) [hadoop-common-3.3.1.jar:?]
2022-07-12 23:25:36,268 [Time-limited test] INFO  rpc.RpcClient (RpcClient.java:createVolume(466)) - Creating Volume: volume-01833, with runner as owner and space quota set to -1 bytes, counts quota set to -1
2022-07-12 23:25:36,269 [IPC Server handler 8 on default port 46473] INFO  volume.OMVolumeCreateRequest (OMVolumeCreateRequest.java:validateAndUpdateCache(195)) - created volume:volume-01833 for user:runner
2022-07-12 23:25:36,270 [Time-limited test] INFO  rpc.RpcClient (RpcClient.java:createBucket(669)) - Creating Bucket: volume-01833/bucket-06820, with bucket layout LEGACY, runner as owner, Versioning false, Storage Type set to DISK and Encryption set to false 
2022-07-12 23:25:36,270 [IPC Server handler 6 on default port 46473] INFO  bucket.OMBucketCreateRequest (OMBucketCreateRequest.java:validateAndUpdateCache(260)) - created bucket: bucket-06820 of layout LEGACY in volume: volume-01833
]]></system-out>
  </testcase>
  <testcase name="testDeleteVolumeAndBucket" classname="TestRootedOzoneFileSystem" time="0.111">
    <system-out><![CDATA[2022-07-12 23:20:25,104 [Time-limited test] INFO  rpc.RpcClient (RpcClient.java:createVolume(466)) - Creating Volume: volume55435, with user34220 as owner and space quota set to -1 bytes, counts quota set to -1
2022-07-12 23:20:25,109 [OM StateMachine ApplyTransaction Thread - 0] INFO  volume.OMVolumeCreateRequest (OMVolumeCreateRequest.java:validateAndUpdateCache(195)) - created volume:volume55435 for user:user34220
2022-07-12 23:20:25,113 [Time-limited test] INFO  rpc.RpcClient (RpcClient.java:createBucket(669)) - Creating Bucket: volume55435/bucket26502, with bucket layout LEGACY, runner as owner, Versioning false, Storage Type set to DISK and Encryption set to false 
2022-07-12 23:20:25,116 [OM StateMachine ApplyTransaction Thread - 0] INFO  bucket.OMBucketCreateRequest (OMBucketCreateRequest.java:validateAndUpdateCache(260)) - created bucket: bucket26502 of layout LEGACY in volume: volume55435
2022-07-12 23:20:25,122 [Time-limited test] INFO  rpc.RpcClient (RpcClient.java:createVolume(466)) - Creating Volume: volume-87216, with runner as owner and space quota set to -1 bytes, counts quota set to -1
2022-07-12 23:20:25,126 [OM StateMachine ApplyTransaction Thread - 0] INFO  volume.OMVolumeCreateRequest (OMVolumeCreateRequest.java:validateAndUpdateCache(195)) - created volume:volume-87216 for user:runner
2022-07-12 23:20:25,128 [Time-limited test] INFO  rpc.RpcClient (RpcClient.java:createBucket(669)) - Creating Bucket: volume-87216/bucket2, with bucket layout LEGACY, runner as owner, Versioning false, Storage Type set to DISK and Encryption set to false 
2022-07-12 23:20:25,131 [OM StateMachine ApplyTransaction Thread - 0] INFO  bucket.OMBucketCreateRequest (OMBucketCreateRequest.java:validateAndUpdateCache(260)) - created bucket: bucket2 of layout LEGACY in volume: volume-87216
23:20:25.139 [OM StateMachine ApplyTransaction Thread - 0] ERROR OMAudit - user=runner | ip=127.0.0.1 | op=DELETE_VOLUME {volume=volume-87216} | ret=FAILURE
org.apache.hadoop.ozone.om.exceptions.OMException: null
	at org.apache.hadoop.ozone.om.request.volume.OMVolumeDeleteRequest.validateAndUpdateCache(OMVolumeDeleteRequest.java:122) ~[ozone-manager-1.3.0-SNAPSHOT.jar:?]
	at org.apache.hadoop.ozone.protocolPB.OzoneManagerRequestHandler.handleWriteRequest(OzoneManagerRequestHandler.java:293) ~[ozone-manager-1.3.0-SNAPSHOT.jar:?]
	at org.apache.hadoop.ozone.om.ratis.OzoneManagerStateMachine.runCommand(OzoneManagerStateMachine.java:529) ~[ozone-manager-1.3.0-SNAPSHOT.jar:?]
	at org.apache.hadoop.ozone.om.ratis.OzoneManagerStateMachine.lambda$1(OzoneManagerStateMachine.java:324) ~[ozone-manager-1.3.0-SNAPSHOT.jar:?]
	at java.util.concurrent.CompletableFuture$AsyncSupply.run(CompletableFuture.java:1604) [?:1.8.0_332]
	at java.util.concurrent.ThreadPoolExecutor.runWorker(ThreadPoolExecutor.java:1149) [?:1.8.0_332]
	at java.util.concurrent.ThreadPoolExecutor$Worker.run(ThreadPoolExecutor.java:624) [?:1.8.0_332]
	at java.lang.Thread.run(Thread.java:750) [?:1.8.0_332]
2022-07-12 23:20:25,140 [OM StateMachine ApplyTransaction Thread - 0] ERROR volume.OMVolumeDeleteRequest (OMVolumeDeleteRequest.java:validateAndUpdateCache(170)) - Volume deletion failed for user:runner volume:volume-87216
VOLUME_NOT_EMPTY org.apache.hadoop.ozone.om.exceptions.OMException
	at org.apache.hadoop.ozone.om.request.volume.OMVolumeDeleteRequest.validateAndUpdateCache(OMVolumeDeleteRequest.java:122)
	at org.apache.hadoop.ozone.protocolPB.OzoneManagerRequestHandler.handleWriteRequest(OzoneManagerRequestHandler.java:293)
	at org.apache.hadoop.ozone.om.ratis.OzoneManagerStateMachine.runCommand(OzoneManagerStateMachine.java:529)
	at org.apache.hadoop.ozone.om.ratis.OzoneManagerStateMachine.lambda$1(OzoneManagerStateMachine.java:324)
	at java.util.concurrent.CompletableFuture$AsyncSupply.run(CompletableFuture.java:1604)
	at java.util.concurrent.ThreadPoolExecutor.runWorker(ThreadPoolExecutor.java:1149)
	at java.util.concurrent.ThreadPoolExecutor$Worker.run(ThreadPoolExecutor.java:624)
	at java.lang.Thread.run(Thread.java:750)
]]></system-out>
  </testcase>
  <testcase name="testDeleteVolumeAndBucket" classname="TestRootedOzoneFileSystem" time="0.125">
    <system-out><![CDATA[2022-07-12 23:21:37,315 [Time-limited test] INFO  rpc.RpcClient (RpcClient.java:createVolume(466)) - Creating Volume: volume97246, with user77490 as owner and space quota set to -1 bytes, counts quota set to -1
2022-07-12 23:21:37,319 [OM StateMachine ApplyTransaction Thread - 0] INFO  volume.OMVolumeCreateRequest (OMVolumeCreateRequest.java:validateAndUpdateCache(195)) - created volume:volume97246 for user:user77490
2022-07-12 23:21:37,322 [Time-limited test] INFO  rpc.RpcClient (RpcClient.java:createBucket(669)) - Creating Bucket: volume97246/bucket69683, with bucket layout LEGACY, runner as owner, Versioning false, Storage Type set to DISK and Encryption set to false 
2022-07-12 23:21:37,323 [OM StateMachine ApplyTransaction Thread - 0] INFO  bucket.OMBucketCreateRequest (OMBucketCreateRequest.java:validateAndUpdateCache(260)) - created bucket: bucket69683 of layout LEGACY in volume: volume97246
23:21:37.324 [IPC Server handler 0 on default port 33951] ERROR OMAudit - user=runner | ip=127.0.0.1 | op=READ_BUCKET {volume=volume-39708, bucket=bucket2} | ret=FAILURE
org.apache.hadoop.ozone.om.exceptions.OMException: Volume not found when getting bucket info
	at org.apache.hadoop.ozone.om.BucketManagerImpl.getBucketInfo(BucketManagerImpl.java:127) ~[ozone-manager-1.3.0-SNAPSHOT.jar:?]
	at org.apache.hadoop.ozone.om.OzoneManager.getBucketInfo(OzoneManager.java:2778) ~[ozone-manager-1.3.0-SNAPSHOT.jar:?]
	at org.apache.hadoop.ozone.protocolPB.OzoneManagerRequestHandler.infoBucket(OzoneManagerRequestHandler.java:464) ~[ozone-manager-1.3.0-SNAPSHOT.jar:?]
	at org.apache.hadoop.ozone.protocolPB.OzoneManagerRequestHandler.handleReadRequest(OzoneManagerRequestHandler.java:172) ~[ozone-manager-1.3.0-SNAPSHOT.jar:?]
	at org.apache.hadoop.ozone.protocolPB.OzoneManagerProtocolServerSideTranslatorPB.submitReadRequestToOM(OzoneManagerProtocolServerSideTranslatorPB.java:226) ~[ozone-manager-1.3.0-SNAPSHOT.jar:?]
	at org.apache.hadoop.ozone.protocolPB.OzoneManagerProtocolServerSideTranslatorPB.processRequest(OzoneManagerProtocolServerSideTranslatorPB.java:175) ~[ozone-manager-1.3.0-SNAPSHOT.jar:?]
	at org.apache.hadoop.hdds.server.OzoneProtocolMessageDispatcher.processRequest(OzoneProtocolMessageDispatcher.java:87) [hdds-server-framework-1.3.0-SNAPSHOT.jar:?]
	at org.apache.hadoop.ozone.protocolPB.OzoneManagerProtocolServerSideTranslatorPB.submitRequest(OzoneManagerProtocolServerSideTranslatorPB.java:147) [ozone-manager-1.3.0-SNAPSHOT.jar:?]
	at org.apache.hadoop.ozone.protocol.proto.OzoneManagerProtocolProtos$OzoneManagerService$2.callBlockingMethod(OzoneManagerProtocolProtos.java) [ozone-interface-client-1.3.0-SNAPSHOT.jar:?]
	at org.apache.hadoop.ipc.ProtobufRpcEngine$Server.processCall(ProtobufRpcEngine.java:466) [hadoop-common-3.3.1.jar:?]
	at org.apache.hadoop.ipc.ProtobufRpcEngine2$Server$ProtoBufRpcInvoker.call(ProtobufRpcEngine2.java:574) [hadoop-common-3.3.1.jar:?]
	at org.apache.hadoop.ipc.ProtobufRpcEngine2$Server$ProtoBufRpcInvoker.call(ProtobufRpcEngine2.java:552) [hadoop-common-3.3.1.jar:?]
	at org.apache.hadoop.ipc.RPC$Server.call(RPC.java:1093) [hadoop-common-3.3.1.jar:?]
	at org.apache.hadoop.ipc.Server$RpcCall.run(Server.java:1035) [hadoop-common-3.3.1.jar:?]
	at org.apache.hadoop.ipc.Server$RpcCall.run(Server.java:963) [hadoop-common-3.3.1.jar:?]
	at java.security.AccessController.doPrivileged(Native Method) ~[?:1.8.0_332]
	at javax.security.auth.Subject.doAs(Subject.java:422) [?:1.8.0_332]
	at org.apache.hadoop.security.UserGroupInformation.doAs(UserGroupInformation.java:1878) [hadoop-common-3.3.1.jar:?]
	at org.apache.hadoop.ipc.Server$Handler.run(Server.java:2966) [hadoop-common-3.3.1.jar:?]
2022-07-12 23:21:37,325 [Time-limited test] INFO  rpc.RpcClient (RpcClient.java:createVolume(466)) - Creating Volume: volume-39708, with runner as owner and space quota set to -1 bytes, counts quota set to -1
2022-07-12 23:21:37,326 [OM StateMachine ApplyTransaction Thread - 0] INFO  volume.OMVolumeCreateRequest (OMVolumeCreateRequest.java:validateAndUpdateCache(195)) - created volume:volume-39708 for user:runner
2022-07-12 23:21:37,329 [Time-limited test] INFO  rpc.RpcClient (RpcClient.java:createBucket(669)) - Creating Bucket: volume-39708/bucket2, with bucket layout LEGACY, runner as owner, Versioning false, Storage Type set to DISK and Encryption set to false 
2022-07-12 23:21:37,330 [OM StateMachine ApplyTransaction Thread - 0] INFO  bucket.OMBucketCreateRequest (OMBucketCreateRequest.java:validateAndUpdateCache(260)) - created bucket: bucket2 of layout LEGACY in volume: volume-39708
23:21:37.334 [OM StateMachine ApplyTransaction Thread - 0] ERROR OMAudit - user=runner | ip=127.0.0.1 | op=DELETE_VOLUME {volume=volume-39708} | ret=FAILURE
org.apache.hadoop.ozone.om.exceptions.OMException: null
	at org.apache.hadoop.ozone.om.request.volume.OMVolumeDeleteRequest.validateAndUpdateCache(OMVolumeDeleteRequest.java:122) ~[ozone-manager-1.3.0-SNAPSHOT.jar:?]
	at org.apache.hadoop.ozone.protocolPB.OzoneManagerRequestHandler.handleWriteRequest(OzoneManagerRequestHandler.java:293) ~[ozone-manager-1.3.0-SNAPSHOT.jar:?]
	at org.apache.hadoop.ozone.om.ratis.OzoneManagerStateMachine.runCommand(OzoneManagerStateMachine.java:529) ~[ozone-manager-1.3.0-SNAPSHOT.jar:?]
	at org.apache.hadoop.ozone.om.ratis.OzoneManagerStateMachine.lambda$1(OzoneManagerStateMachine.java:324) ~[ozone-manager-1.3.0-SNAPSHOT.jar:?]
	at java.util.concurrent.CompletableFuture$AsyncSupply.run(CompletableFuture.java:1604) [?:1.8.0_332]
	at java.util.concurrent.ThreadPoolExecutor.runWorker(ThreadPoolExecutor.java:1149) [?:1.8.0_332]
	at java.util.concurrent.ThreadPoolExecutor$Worker.run(ThreadPoolExecutor.java:624) [?:1.8.0_332]
	at java.lang.Thread.run(Thread.java:750) [?:1.8.0_332]
2022-07-12 23:21:37,334 [OM StateMachine ApplyTransaction Thread - 0] ERROR volume.OMVolumeDeleteRequest (OMVolumeDeleteRequest.java:validateAndUpdateCache(170)) - Volume deletion failed for user:runner volume:volume-39708
VOLUME_NOT_EMPTY org.apache.hadoop.ozone.om.exceptions.OMException
	at org.apache.hadoop.ozone.om.request.volume.OMVolumeDeleteRequest.validateAndUpdateCache(OMVolumeDeleteRequest.java:122)
	at org.apache.hadoop.ozone.protocolPB.OzoneManagerRequestHandler.handleWriteRequest(OzoneManagerRequestHandler.java:293)
	at org.apache.hadoop.ozone.om.ratis.OzoneManagerStateMachine.runCommand(OzoneManagerStateMachine.java:529)
	at org.apache.hadoop.ozone.om.ratis.OzoneManagerStateMachine.lambda$1(OzoneManagerStateMachine.java:324)
	at java.util.concurrent.CompletableFuture$AsyncSupply.run(CompletableFuture.java:1604)
	at java.util.concurrent.ThreadPoolExecutor.runWorker(ThreadPoolExecutor.java:1149)
	at java.util.concurrent.ThreadPoolExecutor$Worker.run(ThreadPoolExecutor.java:624)
	at java.lang.Thread.run(Thread.java:750)
23:21:37.348 [IPC Server handler 2 on default port 33951] ERROR OMAudit - user=runner | ip=127.0.0.1 | op=READ_VOLUME {volume=volume-39708} | ret=FAILURE
org.apache.hadoop.ozone.om.exceptions.OMException: Volume volume-39708 is not found
	at org.apache.hadoop.ozone.om.VolumeManagerImpl.getVolumeInfo(VolumeManagerImpl.java:74) ~[ozone-manager-1.3.0-SNAPSHOT.jar:?]
	at org.apache.hadoop.ozone.om.OzoneManager.getVolumeInfo(OzoneManager.java:2602) ~[ozone-manager-1.3.0-SNAPSHOT.jar:?]
	at org.apache.hadoop.ozone.protocolPB.OzoneManagerRequestHandler.infoVolume(OzoneManagerRequestHandler.java:390) ~[ozone-manager-1.3.0-SNAPSHOT.jar:?]
	at org.apache.hadoop.ozone.protocolPB.OzoneManagerRequestHandler.handleReadRequest(OzoneManagerRequestHandler.java:162) ~[ozone-manager-1.3.0-SNAPSHOT.jar:?]
	at org.apache.hadoop.ozone.protocolPB.OzoneManagerProtocolServerSideTranslatorPB.submitReadRequestToOM(OzoneManagerProtocolServerSideTranslatorPB.java:226) ~[ozone-manager-1.3.0-SNAPSHOT.jar:?]
	at org.apache.hadoop.ozone.protocolPB.OzoneManagerProtocolServerSideTranslatorPB.processRequest(OzoneManagerProtocolServerSideTranslatorPB.java:175) ~[ozone-manager-1.3.0-SNAPSHOT.jar:?]
	at org.apache.hadoop.hdds.server.OzoneProtocolMessageDispatcher.processRequest(OzoneProtocolMessageDispatcher.java:87) [hdds-server-framework-1.3.0-SNAPSHOT.jar:?]
	at org.apache.hadoop.ozone.protocolPB.OzoneManagerProtocolServerSideTranslatorPB.submitRequest(OzoneManagerProtocolServerSideTranslatorPB.java:147) [ozone-manager-1.3.0-SNAPSHOT.jar:?]
	at org.apache.hadoop.ozone.protocol.proto.OzoneManagerProtocolProtos$OzoneManagerService$2.callBlockingMethod(OzoneManagerProtocolProtos.java) [ozone-interface-client-1.3.0-SNAPSHOT.jar:?]
	at org.apache.hadoop.ipc.ProtobufRpcEngine$Server.processCall(ProtobufRpcEngine.java:466) [hadoop-common-3.3.1.jar:?]
	at org.apache.hadoop.ipc.ProtobufRpcEngine2$Server$ProtoBufRpcInvoker.call(ProtobufRpcEngine2.java:574) [hadoop-common-3.3.1.jar:?]
	at org.apache.hadoop.ipc.ProtobufRpcEngine2$Server$ProtoBufRpcInvoker.call(ProtobufRpcEngine2.java:552) [hadoop-common-3.3.1.jar:?]
	at org.apache.hadoop.ipc.RPC$Server.call(RPC.java:1093) [hadoop-common-3.3.1.jar:?]
	at org.apache.hadoop.ipc.Server$RpcCall.run(Server.java:1035) [hadoop-common-3.3.1.jar:?]
	at org.apache.hadoop.ipc.Server$RpcCall.run(Server.java:963) [hadoop-common-3.3.1.jar:?]
	at java.security.AccessController.doPrivileged(Native Method) ~[?:1.8.0_332]
	at javax.security.auth.Subject.doAs(Subject.java:422) [?:1.8.0_332]
	at org.apache.hadoop.security.UserGroupInformation.doAs(UserGroupInformation.java:1878) [hadoop-common-3.3.1.jar:?]
	at org.apache.hadoop.ipc.Server$Handler.run(Server.java:2966) [hadoop-common-3.3.1.jar:?]
]]></system-out>
  </testcase>
  <testcase name="testDeleteVolumeAndBucket" classname="TestRootedOzoneFileSystem" time="0.126">
    <system-out><![CDATA[2022-07-12 23:22:53,255 [Time-limited test] INFO  rpc.RpcClient (RpcClient.java:createVolume(466)) - Creating Volume: volume27191, with user51168 as owner and space quota set to -1 bytes, counts quota set to -1
2022-07-12 23:22:53,256 [IPC Server handler 13 on default port 43683] INFO  volume.OMVolumeCreateRequest (OMVolumeCreateRequest.java:validateAndUpdateCache(195)) - created volume:volume27191 for user:user51168
2022-07-12 23:22:53,257 [Time-limited test] INFO  rpc.RpcClient (RpcClient.java:createBucket(669)) - Creating Bucket: volume27191/bucket63966, with bucket layout LEGACY, runner as owner, Versioning false, Storage Type set to DISK and Encryption set to false 
2022-07-12 23:22:53,257 [IPC Server handler 11 on default port 43683] INFO  bucket.OMBucketCreateRequest (OMBucketCreateRequest.java:validateAndUpdateCache(260)) - created bucket: bucket63966 of layout LEGACY in volume: volume27191
23:22:53.259 [IPC Server handler 9 on default port 43683] ERROR OMAudit - user=runner | ip=127.0.0.1 | op=READ_BUCKET {volume=volume-76171, bucket=bucket2} | ret=FAILURE
org.apache.hadoop.ozone.om.exceptions.OMException: Volume not found when getting bucket info
	at org.apache.hadoop.ozone.om.BucketManagerImpl.getBucketInfo(BucketManagerImpl.java:127) ~[ozone-manager-1.3.0-SNAPSHOT.jar:?]
	at org.apache.hadoop.ozone.om.OzoneManager.getBucketInfo(OzoneManager.java:2778) ~[ozone-manager-1.3.0-SNAPSHOT.jar:?]
	at org.apache.hadoop.ozone.protocolPB.OzoneManagerRequestHandler.infoBucket(OzoneManagerRequestHandler.java:464) ~[ozone-manager-1.3.0-SNAPSHOT.jar:?]
	at org.apache.hadoop.ozone.protocolPB.OzoneManagerRequestHandler.handleReadRequest(OzoneManagerRequestHandler.java:172) ~[ozone-manager-1.3.0-SNAPSHOT.jar:?]
	at org.apache.hadoop.ozone.protocolPB.OzoneManagerProtocolServerSideTranslatorPB.submitRequestDirectlyToOM(OzoneManagerProtocolServerSideTranslatorPB.java:276) ~[ozone-manager-1.3.0-SNAPSHOT.jar:?]
	at org.apache.hadoop.ozone.protocolPB.OzoneManagerProtocolServerSideTranslatorPB.processRequest(OzoneManagerProtocolServerSideTranslatorPB.java:205) ~[ozone-manager-1.3.0-SNAPSHOT.jar:?]
	at org.apache.hadoop.hdds.server.OzoneProtocolMessageDispatcher.processRequest(OzoneProtocolMessageDispatcher.java:87) [hdds-server-framework-1.3.0-SNAPSHOT.jar:?]
	at org.apache.hadoop.ozone.protocolPB.OzoneManagerProtocolServerSideTranslatorPB.submitRequest(OzoneManagerProtocolServerSideTranslatorPB.java:147) [ozone-manager-1.3.0-SNAPSHOT.jar:?]
	at org.apache.hadoop.ozone.protocol.proto.OzoneManagerProtocolProtos$OzoneManagerService$2.callBlockingMethod(OzoneManagerProtocolProtos.java) [ozone-interface-client-1.3.0-SNAPSHOT.jar:?]
	at org.apache.hadoop.ipc.ProtobufRpcEngine$Server.processCall(ProtobufRpcEngine.java:466) [hadoop-common-3.3.1.jar:?]
	at org.apache.hadoop.ipc.ProtobufRpcEngine2$Server$ProtoBufRpcInvoker.call(ProtobufRpcEngine2.java:574) [hadoop-common-3.3.1.jar:?]
	at org.apache.hadoop.ipc.ProtobufRpcEngine2$Server$ProtoBufRpcInvoker.call(ProtobufRpcEngine2.java:552) [hadoop-common-3.3.1.jar:?]
	at org.apache.hadoop.ipc.RPC$Server.call(RPC.java:1093) [hadoop-common-3.3.1.jar:?]
	at org.apache.hadoop.ipc.Server$RpcCall.run(Server.java:1035) [hadoop-common-3.3.1.jar:?]
	at org.apache.hadoop.ipc.Server$RpcCall.run(Server.java:963) [hadoop-common-3.3.1.jar:?]
	at java.security.AccessController.doPrivileged(Native Method) ~[?:1.8.0_332]
	at javax.security.auth.Subject.doAs(Subject.java:422) [?:1.8.0_332]
	at org.apache.hadoop.security.UserGroupInformation.doAs(UserGroupInformation.java:1878) [hadoop-common-3.3.1.jar:?]
	at org.apache.hadoop.ipc.Server$Handler.run(Server.java:2966) [hadoop-common-3.3.1.jar:?]
2022-07-12 23:22:53,259 [Time-limited test] INFO  rpc.RpcClient (RpcClient.java:createVolume(466)) - Creating Volume: volume-76171, with runner as owner and space quota set to -1 bytes, counts quota set to -1
2022-07-12 23:22:53,259 [IPC Server handler 18 on default port 43683] INFO  volume.OMVolumeCreateRequest (OMVolumeCreateRequest.java:validateAndUpdateCache(195)) - created volume:volume-76171 for user:runner
2022-07-12 23:22:53,260 [Time-limited test] INFO  rpc.RpcClient (RpcClient.java:createBucket(669)) - Creating Bucket: volume-76171/bucket2, with bucket layout LEGACY, runner as owner, Versioning false, Storage Type set to DISK and Encryption set to false 
2022-07-12 23:22:53,260 [IPC Server handler 17 on default port 43683] INFO  bucket.OMBucketCreateRequest (OMBucketCreateRequest.java:validateAndUpdateCache(260)) - created bucket: bucket2 of layout LEGACY in volume: volume-76171
23:22:53.262 [IPC Server handler 2 on default port 43683] ERROR OMAudit - user=runner | ip=127.0.0.1 | op=DELETE_VOLUME {volume=volume-76171} | ret=FAILURE
org.apache.hadoop.ozone.om.exceptions.OMException: null
	at org.apache.hadoop.ozone.om.request.volume.OMVolumeDeleteRequest.validateAndUpdateCache(OMVolumeDeleteRequest.java:122) ~[ozone-manager-1.3.0-SNAPSHOT.jar:?]
	at org.apache.hadoop.ozone.protocolPB.OzoneManagerRequestHandler.handleWriteRequest(OzoneManagerRequestHandler.java:293) ~[ozone-manager-1.3.0-SNAPSHOT.jar:?]
	at org.apache.hadoop.ozone.protocolPB.OzoneManagerProtocolServerSideTranslatorPB.submitRequestDirectlyToOM(OzoneManagerProtocolServerSideTranslatorPB.java:282) ~[ozone-manager-1.3.0-SNAPSHOT.jar:?]
	at org.apache.hadoop.ozone.protocolPB.OzoneManagerProtocolServerSideTranslatorPB.processRequest(OzoneManagerProtocolServerSideTranslatorPB.java:205) ~[ozone-manager-1.3.0-SNAPSHOT.jar:?]
	at org.apache.hadoop.hdds.server.OzoneProtocolMessageDispatcher.processRequest(OzoneProtocolMessageDispatcher.java:87) [hdds-server-framework-1.3.0-SNAPSHOT.jar:?]
	at org.apache.hadoop.ozone.protocolPB.OzoneManagerProtocolServerSideTranslatorPB.submitRequest(OzoneManagerProtocolServerSideTranslatorPB.java:147) [ozone-manager-1.3.0-SNAPSHOT.jar:?]
	at org.apache.hadoop.ozone.protocol.proto.OzoneManagerProtocolProtos$OzoneManagerService$2.callBlockingMethod(OzoneManagerProtocolProtos.java) [ozone-interface-client-1.3.0-SNAPSHOT.jar:?]
	at org.apache.hadoop.ipc.ProtobufRpcEngine$Server.processCall(ProtobufRpcEngine.java:466) [hadoop-common-3.3.1.jar:?]
	at org.apache.hadoop.ipc.ProtobufRpcEngine2$Server$ProtoBufRpcInvoker.call(ProtobufRpcEngine2.java:574) [hadoop-common-3.3.1.jar:?]
	at org.apache.hadoop.ipc.ProtobufRpcEngine2$Server$ProtoBufRpcInvoker.call(ProtobufRpcEngine2.java:552) [hadoop-common-3.3.1.jar:?]
	at org.apache.hadoop.ipc.RPC$Server.call(RPC.java:1093) [hadoop-common-3.3.1.jar:?]
	at org.apache.hadoop.ipc.Server$RpcCall.run(Server.java:1035) [hadoop-common-3.3.1.jar:?]
	at org.apache.hadoop.ipc.Server$RpcCall.run(Server.java:963) [hadoop-common-3.3.1.jar:?]
	at java.security.AccessController.doPrivileged(Native Method) ~[?:1.8.0_332]
	at javax.security.auth.Subject.doAs(Subject.java:422) [?:1.8.0_332]
	at org.apache.hadoop.security.UserGroupInformation.doAs(UserGroupInformation.java:1878) [hadoop-common-3.3.1.jar:?]
	at org.apache.hadoop.ipc.Server$Handler.run(Server.java:2966) [hadoop-common-3.3.1.jar:?]
2022-07-12 23:22:53,262 [IPC Server handler 2 on default port 43683] ERROR volume.OMVolumeDeleteRequest (OMVolumeDeleteRequest.java:validateAndUpdateCache(170)) - Volume deletion failed for user:runner volume:volume-76171
VOLUME_NOT_EMPTY org.apache.hadoop.ozone.om.exceptions.OMException
	at org.apache.hadoop.ozone.om.request.volume.OMVolumeDeleteRequest.validateAndUpdateCache(OMVolumeDeleteRequest.java:122)
	at org.apache.hadoop.ozone.protocolPB.OzoneManagerRequestHandler.handleWriteRequest(OzoneManagerRequestHandler.java:293)
	at org.apache.hadoop.ozone.protocolPB.OzoneManagerProtocolServerSideTranslatorPB.submitRequestDirectlyToOM(OzoneManagerProtocolServerSideTranslatorPB.java:282)
	at org.apache.hadoop.ozone.protocolPB.OzoneManagerProtocolServerSideTranslatorPB.processRequest(OzoneManagerProtocolServerSideTranslatorPB.java:205)
	at org.apache.hadoop.hdds.server.OzoneProtocolMessageDispatcher.processRequest(OzoneProtocolMessageDispatcher.java:87)
	at org.apache.hadoop.ozone.protocolPB.OzoneManagerProtocolServerSideTranslatorPB.submitRequest(OzoneManagerProtocolServerSideTranslatorPB.java:147)
	at org.apache.hadoop.ozone.protocol.proto.OzoneManagerProtocolProtos$OzoneManagerService$2.callBlockingMethod(OzoneManagerProtocolProtos.java)
	at org.apache.hadoop.ipc.ProtobufRpcEngine$Server.processCall(ProtobufRpcEngine.java:466)
	at org.apache.hadoop.ipc.ProtobufRpcEngine2$Server$ProtoBufRpcInvoker.call(ProtobufRpcEngine2.java:574)
	at org.apache.hadoop.ipc.ProtobufRpcEngine2$Server$ProtoBufRpcInvoker.call(ProtobufRpcEngine2.java:552)
	at org.apache.hadoop.ipc.RPC$Server.call(RPC.java:1093)
	at org.apache.hadoop.ipc.Server$RpcCall.run(Server.java:1035)
	at org.apache.hadoop.ipc.Server$RpcCall.run(Server.java:963)
	at java.security.AccessController.doPrivileged(Native Method)
	at javax.security.auth.Subject.doAs(Subject.java:422)
	at org.apache.hadoop.security.UserGroupInformation.doAs(UserGroupInformation.java:1878)
	at org.apache.hadoop.ipc.Server$Handler.run(Server.java:2966)
23:22:53.270 [IPC Server handler 0 on default port 43683] ERROR OMAudit - user=runner | ip=127.0.0.1 | op=READ_VOLUME {volume=volume-76171} | ret=FAILURE
org.apache.hadoop.ozone.om.exceptions.OMException: Volume volume-76171 is not found
	at org.apache.hadoop.ozone.om.VolumeManagerImpl.getVolumeInfo(VolumeManagerImpl.java:74) ~[ozone-manager-1.3.0-SNAPSHOT.jar:?]
	at org.apache.hadoop.ozone.om.OzoneManager.getVolumeInfo(OzoneManager.java:2602) ~[ozone-manager-1.3.0-SNAPSHOT.jar:?]
	at org.apache.hadoop.ozone.protocolPB.OzoneManagerRequestHandler.infoVolume(OzoneManagerRequestHandler.java:390) ~[ozone-manager-1.3.0-SNAPSHOT.jar:?]
	at org.apache.hadoop.ozone.protocolPB.OzoneManagerRequestHandler.handleReadRequest(OzoneManagerRequestHandler.java:162) ~[ozone-manager-1.3.0-SNAPSHOT.jar:?]
	at org.apache.hadoop.ozone.protocolPB.OzoneManagerProtocolServerSideTranslatorPB.submitRequestDirectlyToOM(OzoneManagerProtocolServerSideTranslatorPB.java:276) ~[ozone-manager-1.3.0-SNAPSHOT.jar:?]
	at org.apache.hadoop.ozone.protocolPB.OzoneManagerProtocolServerSideTranslatorPB.processRequest(OzoneManagerProtocolServerSideTranslatorPB.java:205) ~[ozone-manager-1.3.0-SNAPSHOT.jar:?]
	at org.apache.hadoop.hdds.server.OzoneProtocolMessageDispatcher.processRequest(OzoneProtocolMessageDispatcher.java:87) [hdds-server-framework-1.3.0-SNAPSHOT.jar:?]
	at org.apache.hadoop.ozone.protocolPB.OzoneManagerProtocolServerSideTranslatorPB.submitRequest(OzoneManagerProtocolServerSideTranslatorPB.java:147) [ozone-manager-1.3.0-SNAPSHOT.jar:?]
	at org.apache.hadoop.ozone.protocol.proto.OzoneManagerProtocolProtos$OzoneManagerService$2.callBlockingMethod(OzoneManagerProtocolProtos.java) [ozone-interface-client-1.3.0-SNAPSHOT.jar:?]
	at org.apache.hadoop.ipc.ProtobufRpcEngine$Server.processCall(ProtobufRpcEngine.java:466) [hadoop-common-3.3.1.jar:?]
	at org.apache.hadoop.ipc.ProtobufRpcEngine2$Server$ProtoBufRpcInvoker.call(ProtobufRpcEngine2.java:574) [hadoop-common-3.3.1.jar:?]
	at org.apache.hadoop.ipc.ProtobufRpcEngine2$Server$ProtoBufRpcInvoker.call(ProtobufRpcEngine2.java:552) [hadoop-common-3.3.1.jar:?]
	at org.apache.hadoop.ipc.RPC$Server.call(RPC.java:1093) [hadoop-common-3.3.1.jar:?]
	at org.apache.hadoop.ipc.Server$RpcCall.run(Server.java:1035) [hadoop-common-3.3.1.jar:?]
	at org.apache.hadoop.ipc.Server$RpcCall.run(Server.java:963) [hadoop-common-3.3.1.jar:?]
	at java.security.AccessController.doPrivileged(Native Method) ~[?:1.8.0_332]
	at javax.security.auth.Subject.doAs(Subject.java:422) [?:1.8.0_332]
	at org.apache.hadoop.security.UserGroupInformation.doAs(UserGroupInformation.java:1878) [hadoop-common-3.3.1.jar:?]
	at org.apache.hadoop.ipc.Server$Handler.run(Server.java:2966) [hadoop-common-3.3.1.jar:?]
]]></system-out>
  </testcase>
  <testcase name="testDeleteVolumeAndBucket" classname="TestRootedOzoneFileSystem" time="0.182">
    <system-out><![CDATA[2022-07-12 23:24:15,773 [Time-limited test] INFO  rpc.RpcClient (RpcClient.java:createVolume(466)) - Creating Volume: volume24558, with user68033 as owner and space quota set to -1 bytes, counts quota set to -1
2022-07-12 23:24:15,778 [OM StateMachine ApplyTransaction Thread - 0] INFO  volume.OMVolumeCreateRequest (OMVolumeCreateRequest.java:validateAndUpdateCache(195)) - created volume:volume24558 for user:user68033
2022-07-12 23:24:15,778 [Time-limited test] INFO  rpc.RpcClient (RpcClient.java:createBucket(669)) - Creating Bucket: volume24558/bucket83713, with bucket layout LEGACY, runner as owner, Versioning false, Storage Type set to DISK and Encryption set to false 
2022-07-12 23:24:15,779 [OM StateMachine ApplyTransaction Thread - 0] INFO  bucket.OMBucketCreateRequest (OMBucketCreateRequest.java:validateAndUpdateCache(260)) - created bucket: bucket83713 of layout LEGACY in volume: volume24558
23:24:15.782 [IPC Server handler 10 on default port 45473] ERROR OMAudit - user=runner | ip=127.0.0.1 | op=READ_BUCKET {volume=volume-95638, bucket=bucket2} | ret=FAILURE
org.apache.hadoop.ozone.om.exceptions.OMException: Volume not found when getting bucket info
	at org.apache.hadoop.ozone.om.BucketManagerImpl.getBucketInfo(BucketManagerImpl.java:127) ~[ozone-manager-1.3.0-SNAPSHOT.jar:?]
	at org.apache.hadoop.ozone.om.OzoneManager.getBucketInfo(OzoneManager.java:2778) ~[ozone-manager-1.3.0-SNAPSHOT.jar:?]
	at org.apache.hadoop.ozone.protocolPB.OzoneManagerRequestHandler.infoBucket(OzoneManagerRequestHandler.java:464) ~[ozone-manager-1.3.0-SNAPSHOT.jar:?]
	at org.apache.hadoop.ozone.protocolPB.OzoneManagerRequestHandler.handleReadRequest(OzoneManagerRequestHandler.java:172) ~[ozone-manager-1.3.0-SNAPSHOT.jar:?]
	at org.apache.hadoop.ozone.protocolPB.OzoneManagerProtocolServerSideTranslatorPB.submitReadRequestToOM(OzoneManagerProtocolServerSideTranslatorPB.java:226) ~[ozone-manager-1.3.0-SNAPSHOT.jar:?]
	at org.apache.hadoop.ozone.protocolPB.OzoneManagerProtocolServerSideTranslatorPB.processRequest(OzoneManagerProtocolServerSideTranslatorPB.java:175) ~[ozone-manager-1.3.0-SNAPSHOT.jar:?]
	at org.apache.hadoop.hdds.server.OzoneProtocolMessageDispatcher.processRequest(OzoneProtocolMessageDispatcher.java:87) [hdds-server-framework-1.3.0-SNAPSHOT.jar:?]
	at org.apache.hadoop.ozone.protocolPB.OzoneManagerProtocolServerSideTranslatorPB.submitRequest(OzoneManagerProtocolServerSideTranslatorPB.java:147) [ozone-manager-1.3.0-SNAPSHOT.jar:?]
	at org.apache.hadoop.ozone.protocol.proto.OzoneManagerProtocolProtos$OzoneManagerService$2.callBlockingMethod(OzoneManagerProtocolProtos.java) [ozone-interface-client-1.3.0-SNAPSHOT.jar:?]
	at org.apache.hadoop.ipc.ProtobufRpcEngine$Server.processCall(ProtobufRpcEngine.java:466) [hadoop-common-3.3.1.jar:?]
	at org.apache.hadoop.ipc.ProtobufRpcEngine2$Server$ProtoBufRpcInvoker.call(ProtobufRpcEngine2.java:574) [hadoop-common-3.3.1.jar:?]
	at org.apache.hadoop.ipc.ProtobufRpcEngine2$Server$ProtoBufRpcInvoker.call(ProtobufRpcEngine2.java:552) [hadoop-common-3.3.1.jar:?]
	at org.apache.hadoop.ipc.RPC$Server.call(RPC.java:1093) [hadoop-common-3.3.1.jar:?]
	at org.apache.hadoop.ipc.Server$RpcCall.run(Server.java:1035) [hadoop-common-3.3.1.jar:?]
	at org.apache.hadoop.ipc.Server$RpcCall.run(Server.java:963) [hadoop-common-3.3.1.jar:?]
	at java.security.AccessController.doPrivileged(Native Method) ~[?:1.8.0_332]
	at javax.security.auth.Subject.doAs(Subject.java:422) [?:1.8.0_332]
	at org.apache.hadoop.security.UserGroupInformation.doAs(UserGroupInformation.java:1878) [hadoop-common-3.3.1.jar:?]
	at org.apache.hadoop.ipc.Server$Handler.run(Server.java:2966) [hadoop-common-3.3.1.jar:?]
2022-07-12 23:24:15,783 [Time-limited test] INFO  rpc.RpcClient (RpcClient.java:createVolume(466)) - Creating Volume: volume-95638, with runner as owner and space quota set to -1 bytes, counts quota set to -1
2022-07-12 23:24:15,784 [OM StateMachine ApplyTransaction Thread - 0] INFO  volume.OMVolumeCreateRequest (OMVolumeCreateRequest.java:validateAndUpdateCache(195)) - created volume:volume-95638 for user:runner
2022-07-12 23:24:15,787 [Time-limited test] INFO  rpc.RpcClient (RpcClient.java:createBucket(669)) - Creating Bucket: volume-95638/bucket2, with bucket layout LEGACY, runner as owner, Versioning false, Storage Type set to DISK and Encryption set to false 
2022-07-12 23:24:15,788 [OM StateMachine ApplyTransaction Thread - 0] INFO  bucket.OMBucketCreateRequest (OMBucketCreateRequest.java:validateAndUpdateCache(260)) - created bucket: bucket2 of layout LEGACY in volume: volume-95638
23:24:15.796 [OM StateMachine ApplyTransaction Thread - 0] ERROR OMAudit - user=runner | ip=127.0.0.1 | op=DELETE_VOLUME {volume=volume-95638} | ret=FAILURE
org.apache.hadoop.ozone.om.exceptions.OMException: null
	at org.apache.hadoop.ozone.om.request.volume.OMVolumeDeleteRequest.validateAndUpdateCache(OMVolumeDeleteRequest.java:122) ~[ozone-manager-1.3.0-SNAPSHOT.jar:?]
	at org.apache.hadoop.ozone.protocolPB.OzoneManagerRequestHandler.handleWriteRequest(OzoneManagerRequestHandler.java:293) ~[ozone-manager-1.3.0-SNAPSHOT.jar:?]
	at org.apache.hadoop.ozone.om.ratis.OzoneManagerStateMachine.runCommand(OzoneManagerStateMachine.java:529) ~[ozone-manager-1.3.0-SNAPSHOT.jar:?]
	at org.apache.hadoop.ozone.om.ratis.OzoneManagerStateMachine.lambda$1(OzoneManagerStateMachine.java:324) ~[ozone-manager-1.3.0-SNAPSHOT.jar:?]
	at java.util.concurrent.CompletableFuture$AsyncSupply.run(CompletableFuture.java:1604) [?:1.8.0_332]
	at java.util.concurrent.ThreadPoolExecutor.runWorker(ThreadPoolExecutor.java:1149) [?:1.8.0_332]
	at java.util.concurrent.ThreadPoolExecutor$Worker.run(ThreadPoolExecutor.java:624) [?:1.8.0_332]
	at java.lang.Thread.run(Thread.java:750) [?:1.8.0_332]
2022-07-12 23:24:15,797 [OM StateMachine ApplyTransaction Thread - 0] ERROR volume.OMVolumeDeleteRequest (OMVolumeDeleteRequest.java:validateAndUpdateCache(170)) - Volume deletion failed for user:runner volume:volume-95638
VOLUME_NOT_EMPTY org.apache.hadoop.ozone.om.exceptions.OMException
	at org.apache.hadoop.ozone.om.request.volume.OMVolumeDeleteRequest.validateAndUpdateCache(OMVolumeDeleteRequest.java:122)
	at org.apache.hadoop.ozone.protocolPB.OzoneManagerRequestHandler.handleWriteRequest(OzoneManagerRequestHandler.java:293)
	at org.apache.hadoop.ozone.om.ratis.OzoneManagerStateMachine.runCommand(OzoneManagerStateMachine.java:529)
	at org.apache.hadoop.ozone.om.ratis.OzoneManagerStateMachine.lambda$1(OzoneManagerStateMachine.java:324)
	at java.util.concurrent.CompletableFuture$AsyncSupply.run(CompletableFuture.java:1604)
	at java.util.concurrent.ThreadPoolExecutor.runWorker(ThreadPoolExecutor.java:1149)
	at java.util.concurrent.ThreadPoolExecutor$Worker.run(ThreadPoolExecutor.java:624)
	at java.lang.Thread.run(Thread.java:750)
23:24:15.807 [IPC Server handler 3 on default port 45473] ERROR OMAudit - user=runner | ip=127.0.0.1 | op=READ_VOLUME {volume=volume-95638} | ret=FAILURE
org.apache.hadoop.ozone.om.exceptions.OMException: Volume volume-95638 is not found
	at org.apache.hadoop.ozone.om.VolumeManagerImpl.getVolumeInfo(VolumeManagerImpl.java:74) ~[ozone-manager-1.3.0-SNAPSHOT.jar:?]
	at org.apache.hadoop.ozone.om.OzoneManager.getVolumeInfo(OzoneManager.java:2602) ~[ozone-manager-1.3.0-SNAPSHOT.jar:?]
	at org.apache.hadoop.ozone.protocolPB.OzoneManagerRequestHandler.infoVolume(OzoneManagerRequestHandler.java:390) ~[ozone-manager-1.3.0-SNAPSHOT.jar:?]
	at org.apache.hadoop.ozone.protocolPB.OzoneManagerRequestHandler.handleReadRequest(OzoneManagerRequestHandler.java:162) ~[ozone-manager-1.3.0-SNAPSHOT.jar:?]
	at org.apache.hadoop.ozone.protocolPB.OzoneManagerProtocolServerSideTranslatorPB.submitReadRequestToOM(OzoneManagerProtocolServerSideTranslatorPB.java:226) ~[ozone-manager-1.3.0-SNAPSHOT.jar:?]
	at org.apache.hadoop.ozone.protocolPB.OzoneManagerProtocolServerSideTranslatorPB.processRequest(OzoneManagerProtocolServerSideTranslatorPB.java:175) ~[ozone-manager-1.3.0-SNAPSHOT.jar:?]
	at org.apache.hadoop.hdds.server.OzoneProtocolMessageDispatcher.processRequest(OzoneProtocolMessageDispatcher.java:87) [hdds-server-framework-1.3.0-SNAPSHOT.jar:?]
	at org.apache.hadoop.ozone.protocolPB.OzoneManagerProtocolServerSideTranslatorPB.submitRequest(OzoneManagerProtocolServerSideTranslatorPB.java:147) [ozone-manager-1.3.0-SNAPSHOT.jar:?]
	at org.apache.hadoop.ozone.protocol.proto.OzoneManagerProtocolProtos$OzoneManagerService$2.callBlockingMethod(OzoneManagerProtocolProtos.java) [ozone-interface-client-1.3.0-SNAPSHOT.jar:?]
	at org.apache.hadoop.ipc.ProtobufRpcEngine$Server.processCall(ProtobufRpcEngine.java:466) [hadoop-common-3.3.1.jar:?]
	at org.apache.hadoop.ipc.ProtobufRpcEngine2$Server$ProtoBufRpcInvoker.call(ProtobufRpcEngine2.java:574) [hadoop-common-3.3.1.jar:?]
	at org.apache.hadoop.ipc.ProtobufRpcEngine2$Server$ProtoBufRpcInvoker.call(ProtobufRpcEngine2.java:552) [hadoop-common-3.3.1.jar:?]
	at org.apache.hadoop.ipc.RPC$Server.call(RPC.java:1093) [hadoop-common-3.3.1.jar:?]
	at org.apache.hadoop.ipc.Server$RpcCall.run(Server.java:1035) [hadoop-common-3.3.1.jar:?]
	at org.apache.hadoop.ipc.Server$RpcCall.run(Server.java:963) [hadoop-common-3.3.1.jar:?]
	at java.security.AccessController.doPrivileged(Native Method) ~[?:1.8.0_332]
	at javax.security.auth.Subject.doAs(Subject.java:422) [?:1.8.0_332]
	at org.apache.hadoop.security.UserGroupInformation.doAs(UserGroupInformation.java:1878) [hadoop-common-3.3.1.jar:?]
	at org.apache.hadoop.ipc.Server$Handler.run(Server.java:2966) [hadoop-common-3.3.1.jar:?]
]]></system-out>
  </testcase>
  <testcase name="testDeleteVolumeAndBucket" classname="TestRootedOzoneFileSystem" time="0.213">
    <system-out><![CDATA[2022-07-12 23:25:36,721 [Time-limited test] INFO  rpc.RpcClient (RpcClient.java:createVolume(466)) - Creating Volume: volume19697, with user11741 as owner and space quota set to -1 bytes, counts quota set to -1
2022-07-12 23:25:36,722 [IPC Server handler 18 on default port 46473] INFO  volume.OMVolumeCreateRequest (OMVolumeCreateRequest.java:validateAndUpdateCache(195)) - created volume:volume19697 for user:user11741
2022-07-12 23:25:36,750 [Time-limited test] INFO  rpc.RpcClient (RpcClient.java:createBucket(669)) - Creating Bucket: volume19697/bucket82895, with bucket layout LEGACY, runner as owner, Versioning false, Storage Type set to DISK and Encryption set to false 
2022-07-12 23:25:36,750 [IPC Server handler 16 on default port 46473] INFO  bucket.OMBucketCreateRequest (OMBucketCreateRequest.java:validateAndUpdateCache(260)) - created bucket: bucket82895 of layout LEGACY in volume: volume19697
23:25:36.754 [IPC Server handler 13 on default port 46473] ERROR OMAudit - user=runner | ip=127.0.0.1 | op=READ_BUCKET {volume=volume-91632, bucket=bucket2} | ret=FAILURE
org.apache.hadoop.ozone.om.exceptions.OMException: Volume not found when getting bucket info
	at org.apache.hadoop.ozone.om.BucketManagerImpl.getBucketInfo(BucketManagerImpl.java:127) ~[ozone-manager-1.3.0-SNAPSHOT.jar:?]
	at org.apache.hadoop.ozone.om.OzoneManager.getBucketInfo(OzoneManager.java:2778) ~[ozone-manager-1.3.0-SNAPSHOT.jar:?]
	at org.apache.hadoop.ozone.protocolPB.OzoneManagerRequestHandler.infoBucket(OzoneManagerRequestHandler.java:464) ~[ozone-manager-1.3.0-SNAPSHOT.jar:?]
	at org.apache.hadoop.ozone.protocolPB.OzoneManagerRequestHandler.handleReadRequest(OzoneManagerRequestHandler.java:172) ~[ozone-manager-1.3.0-SNAPSHOT.jar:?]
	at org.apache.hadoop.ozone.protocolPB.OzoneManagerProtocolServerSideTranslatorPB.submitRequestDirectlyToOM(OzoneManagerProtocolServerSideTranslatorPB.java:276) ~[ozone-manager-1.3.0-SNAPSHOT.jar:?]
	at org.apache.hadoop.ozone.protocolPB.OzoneManagerProtocolServerSideTranslatorPB.processRequest(OzoneManagerProtocolServerSideTranslatorPB.java:205) ~[ozone-manager-1.3.0-SNAPSHOT.jar:?]
	at org.apache.hadoop.hdds.server.OzoneProtocolMessageDispatcher.processRequest(OzoneProtocolMessageDispatcher.java:87) [hdds-server-framework-1.3.0-SNAPSHOT.jar:?]
	at org.apache.hadoop.ozone.protocolPB.OzoneManagerProtocolServerSideTranslatorPB.submitRequest(OzoneManagerProtocolServerSideTranslatorPB.java:147) [ozone-manager-1.3.0-SNAPSHOT.jar:?]
	at org.apache.hadoop.ozone.protocol.proto.OzoneManagerProtocolProtos$OzoneManagerService$2.callBlockingMethod(OzoneManagerProtocolProtos.java) [ozone-interface-client-1.3.0-SNAPSHOT.jar:?]
	at org.apache.hadoop.ipc.ProtobufRpcEngine$Server.processCall(ProtobufRpcEngine.java:466) [hadoop-common-3.3.1.jar:?]
	at org.apache.hadoop.ipc.ProtobufRpcEngine2$Server$ProtoBufRpcInvoker.call(ProtobufRpcEngine2.java:574) [hadoop-common-3.3.1.jar:?]
	at org.apache.hadoop.ipc.ProtobufRpcEngine2$Server$ProtoBufRpcInvoker.call(ProtobufRpcEngine2.java:552) [hadoop-common-3.3.1.jar:?]
	at org.apache.hadoop.ipc.RPC$Server.call(RPC.java:1093) [hadoop-common-3.3.1.jar:?]
	at org.apache.hadoop.ipc.Server$RpcCall.run(Server.java:1035) [hadoop-common-3.3.1.jar:?]
	at org.apache.hadoop.ipc.Server$RpcCall.run(Server.java:963) [hadoop-common-3.3.1.jar:?]
	at java.security.AccessController.doPrivileged(Native Method) ~[?:1.8.0_332]
	at javax.security.auth.Subject.doAs(Subject.java:422) [?:1.8.0_332]
	at org.apache.hadoop.security.UserGroupInformation.doAs(UserGroupInformation.java:1878) [hadoop-common-3.3.1.jar:?]
	at org.apache.hadoop.ipc.Server$Handler.run(Server.java:2966) [hadoop-common-3.3.1.jar:?]
2022-07-12 23:25:36,754 [Time-limited test] INFO  rpc.RpcClient (RpcClient.java:createVolume(466)) - Creating Volume: volume-91632, with runner as owner and space quota set to -1 bytes, counts quota set to -1
2022-07-12 23:25:36,755 [IPC Server handler 12 on default port 46473] INFO  volume.OMVolumeCreateRequest (OMVolumeCreateRequest.java:validateAndUpdateCache(195)) - created volume:volume-91632 for user:runner
2022-07-12 23:25:36,757 [Time-limited test] INFO  rpc.RpcClient (RpcClient.java:createBucket(669)) - Creating Bucket: volume-91632/bucket2, with bucket layout LEGACY, runner as owner, Versioning false, Storage Type set to DISK and Encryption set to false 
2022-07-12 23:25:36,758 [IPC Server handler 10 on default port 46473] INFO  bucket.OMBucketCreateRequest (OMBucketCreateRequest.java:validateAndUpdateCache(260)) - created bucket: bucket2 of layout LEGACY in volume: volume-91632
23:25:36.759 [IPC Server handler 5 on default port 46473] ERROR OMAudit - user=runner | ip=127.0.0.1 | op=DELETE_VOLUME {volume=volume-91632} | ret=FAILURE
org.apache.hadoop.ozone.om.exceptions.OMException: null
	at org.apache.hadoop.ozone.om.request.volume.OMVolumeDeleteRequest.validateAndUpdateCache(OMVolumeDeleteRequest.java:122) ~[ozone-manager-1.3.0-SNAPSHOT.jar:?]
	at org.apache.hadoop.ozone.protocolPB.OzoneManagerRequestHandler.handleWriteRequest(OzoneManagerRequestHandler.java:293) ~[ozone-manager-1.3.0-SNAPSHOT.jar:?]
	at org.apache.hadoop.ozone.protocolPB.OzoneManagerProtocolServerSideTranslatorPB.submitRequestDirectlyToOM(OzoneManagerProtocolServerSideTranslatorPB.java:282) ~[ozone-manager-1.3.0-SNAPSHOT.jar:?]
	at org.apache.hadoop.ozone.protocolPB.OzoneManagerProtocolServerSideTranslatorPB.processRequest(OzoneManagerProtocolServerSideTranslatorPB.java:205) ~[ozone-manager-1.3.0-SNAPSHOT.jar:?]
	at org.apache.hadoop.hdds.server.OzoneProtocolMessageDispatcher.processRequest(OzoneProtocolMessageDispatcher.java:87) [hdds-server-framework-1.3.0-SNAPSHOT.jar:?]
	at org.apache.hadoop.ozone.protocolPB.OzoneManagerProtocolServerSideTranslatorPB.submitRequest(OzoneManagerProtocolServerSideTranslatorPB.java:147) [ozone-manager-1.3.0-SNAPSHOT.jar:?]
	at org.apache.hadoop.ozone.protocol.proto.OzoneManagerProtocolProtos$OzoneManagerService$2.callBlockingMethod(OzoneManagerProtocolProtos.java) [ozone-interface-client-1.3.0-SNAPSHOT.jar:?]
	at org.apache.hadoop.ipc.ProtobufRpcEngine$Server.processCall(ProtobufRpcEngine.java:466) [hadoop-common-3.3.1.jar:?]
	at org.apache.hadoop.ipc.ProtobufRpcEngine2$Server$ProtoBufRpcInvoker.call(ProtobufRpcEngine2.java:574) [hadoop-common-3.3.1.jar:?]
	at org.apache.hadoop.ipc.ProtobufRpcEngine2$Server$ProtoBufRpcInvoker.call(ProtobufRpcEngine2.java:552) [hadoop-common-3.3.1.jar:?]
	at org.apache.hadoop.ipc.RPC$Server.call(RPC.java:1093) [hadoop-common-3.3.1.jar:?]
	at org.apache.hadoop.ipc.Server$RpcCall.run(Server.java:1035) [hadoop-common-3.3.1.jar:?]
	at org.apache.hadoop.ipc.Server$RpcCall.run(Server.java:963) [hadoop-common-3.3.1.jar:?]
	at java.security.AccessController.doPrivileged(Native Method) ~[?:1.8.0_332]
	at javax.security.auth.Subject.doAs(Subject.java:422) [?:1.8.0_332]
	at org.apache.hadoop.security.UserGroupInformation.doAs(UserGroupInformation.java:1878) [hadoop-common-3.3.1.jar:?]
	at org.apache.hadoop.ipc.Server$Handler.run(Server.java:2966) [hadoop-common-3.3.1.jar:?]
2022-07-12 23:25:36,760 [IPC Server handler 5 on default port 46473] ERROR volume.OMVolumeDeleteRequest (OMVolumeDeleteRequest.java:validateAndUpdateCache(170)) - Volume deletion failed for user:runner volume:volume-91632
VOLUME_NOT_EMPTY org.apache.hadoop.ozone.om.exceptions.OMException
	at org.apache.hadoop.ozone.om.request.volume.OMVolumeDeleteRequest.validateAndUpdateCache(OMVolumeDeleteRequest.java:122)
	at org.apache.hadoop.ozone.protocolPB.OzoneManagerRequestHandler.handleWriteRequest(OzoneManagerRequestHandler.java:293)
	at org.apache.hadoop.ozone.protocolPB.OzoneManagerProtocolServerSideTranslatorPB.submitRequestDirectlyToOM(OzoneManagerProtocolServerSideTranslatorPB.java:282)
	at org.apache.hadoop.ozone.protocolPB.OzoneManagerProtocolServerSideTranslatorPB.processRequest(OzoneManagerProtocolServerSideTranslatorPB.java:205)
	at org.apache.hadoop.hdds.server.OzoneProtocolMessageDispatcher.processRequest(OzoneProtocolMessageDispatcher.java:87)
	at org.apache.hadoop.ozone.protocolPB.OzoneManagerProtocolServerSideTranslatorPB.submitRequest(OzoneManagerProtocolServerSideTranslatorPB.java:147)
	at org.apache.hadoop.ozone.protocol.proto.OzoneManagerProtocolProtos$OzoneManagerService$2.callBlockingMethod(OzoneManagerProtocolProtos.java)
	at org.apache.hadoop.ipc.ProtobufRpcEngine$Server.processCall(ProtobufRpcEngine.java:466)
	at org.apache.hadoop.ipc.ProtobufRpcEngine2$Server$ProtoBufRpcInvoker.call(ProtobufRpcEngine2.java:574)
	at org.apache.hadoop.ipc.ProtobufRpcEngine2$Server$ProtoBufRpcInvoker.call(ProtobufRpcEngine2.java:552)
	at org.apache.hadoop.ipc.RPC$Server.call(RPC.java:1093)
	at org.apache.hadoop.ipc.Server$RpcCall.run(Server.java:1035)
	at org.apache.hadoop.ipc.Server$RpcCall.run(Server.java:963)
	at java.security.AccessController.doPrivileged(Native Method)
	at javax.security.auth.Subject.doAs(Subject.java:422)
	at org.apache.hadoop.security.UserGroupInformation.doAs(UserGroupInformation.java:1878)
	at org.apache.hadoop.ipc.Server$Handler.run(Server.java:2966)
2022-07-12 23:25:36,772 [b6995a44-4e23-4c6f-99f5-2545e88719ae@group-D3E28053F856-FollowerState] INFO  impl.FollowerState (FollowerState.java:run(143)) - b6995a44-4e23-4c6f-99f5-2545e88719ae@group-D3E28053F856-FollowerState: change to CANDIDATE, lastRpcElapsedTime:5062087466ns, electionTimeout:5039ms
2022-07-12 23:25:36,773 [b6995a44-4e23-4c6f-99f5-2545e88719ae@group-D3E28053F856-FollowerState] INFO  impl.RoleInfo (RoleInfo.java:shutdownFollowerState(110)) - b6995a44-4e23-4c6f-99f5-2545e88719ae: shutdown b6995a44-4e23-4c6f-99f5-2545e88719ae@group-D3E28053F856-FollowerState
2022-07-12 23:25:36,773 [b6995a44-4e23-4c6f-99f5-2545e88719ae@group-D3E28053F856-FollowerState] INFO  server.RaftServer$Division (RaftServerImpl.java:setRole(299)) - b6995a44-4e23-4c6f-99f5-2545e88719ae@group-D3E28053F856: changes role from  FOLLOWER to CANDIDATE at term 0 for changeToCandidate
2022-07-12 23:25:36,773 [b6995a44-4e23-4c6f-99f5-2545e88719ae@group-D3E28053F856-FollowerState] INFO  server.RaftServerConfigKeys (ConfUtils.java:logGet(46)) - raft.server.leaderelection.pre-vote = false (custom)
2022-07-12 23:25:36,773 [b6995a44-4e23-4c6f-99f5-2545e88719ae@group-D3E28053F856-FollowerState] INFO  impl.RoleInfo (RoleInfo.java:updateAndGet(139)) - b6995a44-4e23-4c6f-99f5-2545e88719ae: start b6995a44-4e23-4c6f-99f5-2545e88719ae@group-D3E28053F856-LeaderElection79
23:25:36.789 [IPC Server handler 9 on default port 46473] ERROR OMAudit - user=runner | ip=127.0.0.1 | op=READ_VOLUME {volume=volume-91632} | ret=FAILURE
org.apache.hadoop.ozone.om.exceptions.OMException: Volume volume-91632 is not found
	at org.apache.hadoop.ozone.om.VolumeManagerImpl.getVolumeInfo(VolumeManagerImpl.java:74) ~[ozone-manager-1.3.0-SNAPSHOT.jar:?]
	at org.apache.hadoop.ozone.om.OzoneManager.getVolumeInfo(OzoneManager.java:2602) ~[ozone-manager-1.3.0-SNAPSHOT.jar:?]
	at org.apache.hadoop.ozone.protocolPB.OzoneManagerRequestHandler.infoVolume(OzoneManagerRequestHandler.java:390) ~[ozone-manager-1.3.0-SNAPSHOT.jar:?]
	at org.apache.hadoop.ozone.protocolPB.OzoneManagerRequestHandler.handleReadRequest(OzoneManagerRequestHandler.java:162) ~[ozone-manager-1.3.0-SNAPSHOT.jar:?]
	at org.apache.hadoop.ozone.protocolPB.OzoneManagerProtocolServerSideTranslatorPB.submitRequestDirectlyToOM(OzoneManagerProtocolServerSideTranslatorPB.java:276) ~[ozone-manager-1.3.0-SNAPSHOT.jar:?]
	at org.apache.hadoop.ozone.protocolPB.OzoneManagerProtocolServerSideTranslatorPB.processRequest(OzoneManagerProtocolServerSideTranslatorPB.java:205) ~[ozone-manager-1.3.0-SNAPSHOT.jar:?]
	at org.apache.hadoop.hdds.server.OzoneProtocolMessageDispatcher.processRequest(OzoneProtocolMessageDispatcher.java:87) [hdds-server-framework-1.3.0-SNAPSHOT.jar:?]
	at org.apache.hadoop.ozone.protocolPB.OzoneManagerProtocolServerSideTranslatorPB.submitRequest(OzoneManagerProtocolServerSideTranslatorPB.java:147) [ozone-manager-1.3.0-SNAPSHOT.jar:?]
	at org.apache.hadoop.ozone.protocol.proto.OzoneManagerProtocolProtos$OzoneManagerService$2.callBlockingMethod(OzoneManagerProtocolProtos.java) [ozone-interface-client-1.3.0-SNAPSHOT.jar:?]
	at org.apache.hadoop.ipc.ProtobufRpcEngine$Server.processCall(ProtobufRpcEngine.java:466) [hadoop-common-3.3.1.jar:?]
	at org.apache.hadoop.ipc.ProtobufRpcEngine2$Server$ProtoBufRpcInvoker.call(ProtobufRpcEngine2.java:574) [hadoop-common-3.3.1.jar:?]
	at org.apache.hadoop.ipc.ProtobufRpcEngine2$Server$ProtoBufRpcInvoker.call(ProtobufRpcEngine2.java:552) [hadoop-common-3.3.1.jar:?]
	at org.apache.hadoop.ipc.RPC$Server.call(RPC.java:1093) [hadoop-common-3.3.1.jar:?]
	at org.apache.hadoop.ipc.Server$RpcCall.run(Server.java:1035) [hadoop-common-3.3.1.jar:?]
	at org.apache.hadoop.ipc.Server$RpcCall.run(Server.java:963) [hadoop-common-3.3.1.jar:?]
	at java.security.AccessController.doPrivileged(Native Method) ~[?:1.8.0_332]
	at javax.security.auth.Subject.doAs(Subject.java:422) [?:1.8.0_332]
	at org.apache.hadoop.security.UserGroupInformation.doAs(UserGroupInformation.java:1878) [hadoop-common-3.3.1.jar:?]
	at org.apache.hadoop.ipc.Server$Handler.run(Server.java:2966) [hadoop-common-3.3.1.jar:?]
2022-07-12 23:25:36,849 [b6995a44-4e23-4c6f-99f5-2545e88719ae@group-D3E28053F856-LeaderElection79] INFO  impl.LeaderElection (LeaderElection.java:askForVotes(310)) - b6995a44-4e23-4c6f-99f5-2545e88719ae@group-D3E28053F856-LeaderElection79 ELECTION round 0: submit vote requests at term 1 for -1: [b6995a44-4e23-4c6f-99f5-2545e88719ae|rpc:10.1.0.13:39997|priority:1], old=null
2022-07-12 23:25:36,849 [b6995a44-4e23-4c6f-99f5-2545e88719ae@group-D3E28053F856-LeaderElection79] INFO  impl.LeaderElection (LeaderElection.java:askForVotes(312)) - b6995a44-4e23-4c6f-99f5-2545e88719ae@group-D3E28053F856-LeaderElection79 ELECTION round 0: result PASSED (term=1)
2022-07-12 23:25:36,849 [b6995a44-4e23-4c6f-99f5-2545e88719ae@group-D3E28053F856-LeaderElection79] INFO  impl.RoleInfo (RoleInfo.java:shutdownLeaderElection(130)) - b6995a44-4e23-4c6f-99f5-2545e88719ae: shutdown b6995a44-4e23-4c6f-99f5-2545e88719ae@group-D3E28053F856-LeaderElection79
2022-07-12 23:25:36,849 [b6995a44-4e23-4c6f-99f5-2545e88719ae@group-D3E28053F856-LeaderElection79] INFO  server.RaftServer$Division (RaftServerImpl.java:setRole(299)) - b6995a44-4e23-4c6f-99f5-2545e88719ae@group-D3E28053F856: changes role from CANDIDATE to LEADER at term 1 for changeToLeader
2022-07-12 23:25:36,849 [b6995a44-4e23-4c6f-99f5-2545e88719ae@group-D3E28053F856-LeaderElection79] INFO  ratis.XceiverServerRatis (XceiverServerRatis.java:handleLeaderChangedNotification(863)) - Leader change notification received for group: group-D3E28053F856 with new leaderId: b6995a44-4e23-4c6f-99f5-2545e88719ae
2022-07-12 23:25:36,849 [b6995a44-4e23-4c6f-99f5-2545e88719ae@group-D3E28053F856-LeaderElection79] INFO  server.RaftServer$Division (ServerState.java:setLeader(287)) - b6995a44-4e23-4c6f-99f5-2545e88719ae@group-D3E28053F856: change Leader from null to b6995a44-4e23-4c6f-99f5-2545e88719ae at term 1 for becomeLeader, leader elected after 5163ms
2022-07-12 23:25:36,850 [b6995a44-4e23-4c6f-99f5-2545e88719ae@group-D3E28053F856-LeaderElection79] INFO  server.RaftServerConfigKeys (ConfUtils.java:logGet(46)) - raft.server.staging.catchup.gap = 1000 (default)
2022-07-12 23:25:36,850 [b6995a44-4e23-4c6f-99f5-2545e88719ae@group-D3E28053F856-LeaderElection79] INFO  server.RaftServerConfigKeys (ConfUtils.java:logGet(46)) - raft.server.write.element-limit = 1024 (custom)
2022-07-12 23:25:36,850 [b6995a44-4e23-4c6f-99f5-2545e88719ae@group-D3E28053F856-LeaderElection79] INFO  server.RaftServerConfigKeys (ConfUtils.java:logGet(46)) - raft.server.write.byte-limit = 1024 M (=1073741824) (custom)
2022-07-12 23:25:36,850 [b6995a44-4e23-4c6f-99f5-2545e88719ae@group-D3E28053F856-LeaderElection79] INFO  server.RaftServerConfigKeys (ConfUtils.java:logGet(46)) - raft.server.watch.timeout = 180s (custom)
2022-07-12 23:25:36,850 [b6995a44-4e23-4c6f-99f5-2545e88719ae@group-D3E28053F856-LeaderElection79] INFO  server.RaftServerConfigKeys (ConfUtils.java:logGet(46)) - raft.server.watch.timeout.denomination = 1s (default)
2022-07-12 23:25:36,850 [b6995a44-4e23-4c6f-99f5-2545e88719ae@group-D3E28053F856-LeaderElection79] INFO  server.RaftServerConfigKeys (ConfUtils.java:logGet(46)) - raft.server.watch.element-limit = 65536 (default)
2022-07-12 23:25:36,850 [b6995a44-4e23-4c6f-99f5-2545e88719ae@group-D3E28053F856-LeaderElection79] INFO  server.RaftServerConfigKeys (ConfUtils.java:logGet(46)) - raft.server.write.element-limit = 1024 (custom)
2022-07-12 23:25:36,850 [b6995a44-4e23-4c6f-99f5-2545e88719ae@group-D3E28053F856-LeaderElection79] INFO  server.RaftServerConfigKeys (ConfUtils.java:logGet(46)) - raft.server.write.follower.gap.ratio.max = -1.0 (default)
2022-07-12 23:25:36,850 [b6995a44-4e23-4c6f-99f5-2545e88719ae@group-D3E28053F856-LeaderElection79] INFO  impl.RoleInfo (RoleInfo.java:updateAndGet(139)) - b6995a44-4e23-4c6f-99f5-2545e88719ae: start b6995a44-4e23-4c6f-99f5-2545e88719ae@group-D3E28053F856-LeaderStateImpl
2022-07-12 23:25:36,851 [b6995a44-4e23-4c6f-99f5-2545e88719ae@group-D3E28053F856-LeaderElection79] INFO  segmented.SegmentedRaftLogWorker (SegmentedRaftLogWorker.java:startLogSegment(425)) - b6995a44-4e23-4c6f-99f5-2545e88719ae@group-D3E28053F856-SegmentedRaftLogWorker: Starting segment from index:0
2022-07-12 23:25:36,853 [b6995a44-4e23-4c6f-99f5-2545e88719ae@group-D3E28053F856-SegmentedRaftLogWorker] INFO  segmented.SegmentedRaftLogWorker (SegmentedRaftLogWorker.java:execute(629)) - b6995a44-4e23-4c6f-99f5-2545e88719ae@group-D3E28053F856-SegmentedRaftLogWorker: created new log segment /home/runner/work/ozone/ozone/hadoop-ozone/integration-test/target/test-dir/MiniOzoneClusterImpl-9bee4ffb-16ee-4d3a-b6f9-e52fae08084a/datanode-3/data/ratis/19bba36b-f4f6-42ac-aab9-d3e28053f856/current/log_inprogress_0
2022-07-12 23:25:36,862 [b6995a44-4e23-4c6f-99f5-2545e88719ae@group-D3E28053F856-LeaderElection79] INFO  server.RaftServer$Division (ServerState.java:setRaftConf(393)) - b6995a44-4e23-4c6f-99f5-2545e88719ae@group-D3E28053F856: set configuration 0: [b6995a44-4e23-4c6f-99f5-2545e88719ae|rpc:10.1.0.13:39997|dataStream:|priority:1], old=null
]]></system-out>
  </testcase>
  <testcase name="testRenameDirToItsOwnSubDir" classname="TestRootedOzoneFileSystem" time="0.09">
    <system-out><![CDATA[2022-07-12 23:20:25,215 [Time-limited test] INFO  rpc.RpcClient (RpcClient.java:createVolume(466)) - Creating Volume: volume53624, with user94757 as owner and space quota set to -1 bytes, counts quota set to -1
2022-07-12 23:20:25,218 [OM StateMachine ApplyTransaction Thread - 0] INFO  volume.OMVolumeCreateRequest (OMVolumeCreateRequest.java:validateAndUpdateCache(195)) - created volume:volume53624 for user:user94757
2022-07-12 23:20:25,221 [Time-limited test] INFO  rpc.RpcClient (RpcClient.java:createBucket(669)) - Creating Bucket: volume53624/bucket48962, with bucket layout LEGACY, runner as owner, Versioning false, Storage Type set to DISK and Encryption set to false 
2022-07-12 23:20:25,224 [OM StateMachine ApplyTransaction Thread - 0] INFO  bucket.OMBucketCreateRequest (OMBucketCreateRequest.java:validateAndUpdateCache(260)) - created bucket: bucket48962 of layout LEGACY in volume: volume53624
2022-07-12 23:20:25,235 [Time-limited test] INFO  ozone.TestRootedOzoneFileSystem (TestRootedOzoneFileSystem.java:testRenameDirToItsOwnSubDir(1565)) - Created dir1 /volume53624/bucket48962/root/dir1/sub_dir1
2022-07-12 23:20:25,236 [Time-limited test] INFO  ozone.TestRootedOzoneFileSystem (TestRootedOzoneFileSystem.java:testRenameDirToItsOwnSubDir(1568)) - Rename op-> source:/volume53624/bucket48962/root to destin:/volume53624/bucket48962/root/dir1/sub_dir1
]]></system-out>
  </testcase>
  <testcase name="testRenameDirToItsOwnSubDir" classname="TestRootedOzoneFileSystem" time="0.091">
    <system-out><![CDATA[2022-07-12 23:21:37,422 [Time-limited test] INFO  rpc.RpcClient (RpcClient.java:createVolume(466)) - Creating Volume: volume73511, with user29647 as owner and space quota set to -1 bytes, counts quota set to -1
2022-07-12 23:21:37,423 [OM StateMachine ApplyTransaction Thread - 0] INFO  volume.OMVolumeCreateRequest (OMVolumeCreateRequest.java:validateAndUpdateCache(195)) - created volume:volume73511 for user:user29647
2022-07-12 23:21:37,425 [Time-limited test] INFO  rpc.RpcClient (RpcClient.java:createBucket(669)) - Creating Bucket: volume73511/bucket71477, with bucket layout LEGACY, runner as owner, Versioning false, Storage Type set to DISK and Encryption set to false 
2022-07-12 23:21:37,430 [OM StateMachine ApplyTransaction Thread - 0] INFO  bucket.OMBucketCreateRequest (OMBucketCreateRequest.java:validateAndUpdateCache(260)) - created bucket: bucket71477 of layout LEGACY in volume: volume73511
2022-07-12 23:21:37,433 [Time-limited test] INFO  ozone.TestRootedOzoneFileSystem (TestRootedOzoneFileSystem.java:testRenameDirToItsOwnSubDir(1565)) - Created dir1 /volume73511/bucket71477/root/dir1/sub_dir1
2022-07-12 23:21:37,433 [Time-limited test] INFO  ozone.TestRootedOzoneFileSystem (TestRootedOzoneFileSystem.java:testRenameDirToItsOwnSubDir(1568)) - Rename op-> source:/volume73511/bucket71477/root to destin:/volume73511/bucket71477/root/dir1/sub_dir1
]]></system-out>
  </testcase>
  <testcase name="testRenameDirToItsOwnSubDir" classname="TestRootedOzoneFileSystem" time="0.184">
    <system-out><![CDATA[2022-07-12 23:22:53,446 [Time-limited test] INFO  rpc.RpcClient (RpcClient.java:createVolume(466)) - Creating Volume: volume49463, with user56746 as owner and space quota set to -1 bytes, counts quota set to -1
2022-07-12 23:22:53,447 [IPC Server handler 19 on default port 43683] INFO  volume.OMVolumeCreateRequest (OMVolumeCreateRequest.java:validateAndUpdateCache(195)) - created volume:volume49463 for user:user56746
2022-07-12 23:22:53,448 [Time-limited test] INFO  rpc.RpcClient (RpcClient.java:createBucket(669)) - Creating Bucket: volume49463/bucket25053, with bucket layout LEGACY, runner as owner, Versioning false, Storage Type set to DISK and Encryption set to false 
2022-07-12 23:22:53,448 [IPC Server handler 0 on default port 43683] INFO  bucket.OMBucketCreateRequest (OMBucketCreateRequest.java:validateAndUpdateCache(260)) - created bucket: bucket25053 of layout LEGACY in volume: volume49463
2022-07-12 23:22:53,450 [Time-limited test] INFO  ozone.TestRootedOzoneFileSystem (TestRootedOzoneFileSystem.java:testRenameDirToItsOwnSubDir(1565)) - Created dir1 /volume49463/bucket25053/root/dir1/sub_dir1
2022-07-12 23:22:53,450 [Time-limited test] INFO  ozone.TestRootedOzoneFileSystem (TestRootedOzoneFileSystem.java:testRenameDirToItsOwnSubDir(1568)) - Rename op-> source:/volume49463/bucket25053/root to destin:/volume49463/bucket25053/root/dir1/sub_dir1
]]></system-out>
  </testcase>
  <testcase name="testRenameDirToItsOwnSubDir" classname="TestRootedOzoneFileSystem" time="0.127">
    <system-out><![CDATA[2022-07-12 23:24:15,892 [Time-limited test] INFO  rpc.RpcClient (RpcClient.java:createVolume(466)) - Creating Volume: volume09606, with user58640 as owner and space quota set to -1 bytes, counts quota set to -1
2022-07-12 23:24:15,901 [OM StateMachine ApplyTransaction Thread - 0] INFO  volume.OMVolumeCreateRequest (OMVolumeCreateRequest.java:validateAndUpdateCache(195)) - created volume:volume09606 for user:user58640
2022-07-12 23:24:15,902 [Time-limited test] INFO  rpc.RpcClient (RpcClient.java:createBucket(669)) - Creating Bucket: volume09606/bucket27479, with bucket layout LEGACY, runner as owner, Versioning false, Storage Type set to DISK and Encryption set to false 
2022-07-12 23:24:15,906 [OM StateMachine ApplyTransaction Thread - 0] INFO  bucket.OMBucketCreateRequest (OMBucketCreateRequest.java:validateAndUpdateCache(260)) - created bucket: bucket27479 of layout LEGACY in volume: volume09606
2022-07-12 23:24:15,908 [Time-limited test] INFO  ozone.TestRootedOzoneFileSystem (TestRootedOzoneFileSystem.java:testRenameDirToItsOwnSubDir(1565)) - Created dir1 /volume09606/bucket27479/root/dir1/sub_dir1
2022-07-12 23:24:15,908 [Time-limited test] INFO  ozone.TestRootedOzoneFileSystem (TestRootedOzoneFileSystem.java:testRenameDirToItsOwnSubDir(1568)) - Rename op-> source:/volume09606/bucket27479/root to destin:/volume09606/bucket27479/root/dir1/sub_dir1
]]></system-out>
  </testcase>
  <testcase name="testRenameDirToItsOwnSubDir" classname="TestRootedOzoneFileSystem" time="0.064">
    <system-out><![CDATA[2022-07-12 23:25:36,919 [Time-limited test] INFO  rpc.RpcClient (RpcClient.java:createVolume(466)) - Creating Volume: volume63655, with user18345 as owner and space quota set to -1 bytes, counts quota set to -1
2022-07-12 23:25:36,921 [IPC Server handler 11 on default port 46473] INFO  volume.OMVolumeCreateRequest (OMVolumeCreateRequest.java:validateAndUpdateCache(195)) - created volume:volume63655 for user:user18345
2022-07-12 23:25:36,931 [Time-limited test] INFO  rpc.RpcClient (RpcClient.java:createBucket(669)) - Creating Bucket: volume63655/bucket88383, with bucket layout LEGACY, runner as owner, Versioning false, Storage Type set to DISK and Encryption set to false 
2022-07-12 23:25:36,933 [IPC Server handler 9 on default port 46473] INFO  bucket.OMBucketCreateRequest (OMBucketCreateRequest.java:validateAndUpdateCache(260)) - created bucket: bucket88383 of layout LEGACY in volume: volume63655
2022-07-12 23:25:36,935 [Time-limited test] INFO  ozone.TestRootedOzoneFileSystem (TestRootedOzoneFileSystem.java:testRenameDirToItsOwnSubDir(1565)) - Created dir1 /volume63655/bucket88383/root/dir1/sub_dir1
2022-07-12 23:25:36,935 [Time-limited test] INFO  ozone.TestRootedOzoneFileSystem (TestRootedOzoneFileSystem.java:testRenameDirToItsOwnSubDir(1568)) - Rename op-> source:/volume63655/bucket88383/root to destin:/volume63655/bucket88383/root/dir1/sub_dir1
]]></system-out>
  </testcase>
  <testcase name="testOzoneFsServiceLoader" classname="TestRootedOzoneFileSystem" time="0.076">
    <system-out><![CDATA[2022-07-12 23:20:25,308 [Time-limited test] INFO  rpc.RpcClient (RpcClient.java:createVolume(466)) - Creating Volume: volume34414, with user38442 as owner and space quota set to -1 bytes, counts quota set to -1
2022-07-12 23:20:25,312 [OM StateMachine ApplyTransaction Thread - 0] INFO  volume.OMVolumeCreateRequest (OMVolumeCreateRequest.java:validateAndUpdateCache(195)) - created volume:volume34414 for user:user38442
2022-07-12 23:20:25,316 [Time-limited test] INFO  rpc.RpcClient (RpcClient.java:createBucket(669)) - Creating Bucket: volume34414/bucket86040, with bucket layout LEGACY, runner as owner, Versioning false, Storage Type set to DISK and Encryption set to false 
2022-07-12 23:20:25,319 [OM StateMachine ApplyTransaction Thread - 0] INFO  bucket.OMBucketCreateRequest (OMBucketCreateRequest.java:validateAndUpdateCache(260)) - created bucket: bucket86040 of layout LEGACY in volume: volume34414
]]></system-out>
  </testcase>
  <testcase name="testOzoneFsServiceLoader" classname="TestRootedOzoneFileSystem" time="0.106">
    <system-out><![CDATA[2022-07-12 23:21:37,512 [Time-limited test] INFO  rpc.RpcClient (RpcClient.java:createVolume(466)) - Creating Volume: volume01398, with user02247 as owner and space quota set to -1 bytes, counts quota set to -1
2022-07-12 23:21:37,514 [OM StateMachine ApplyTransaction Thread - 0] INFO  volume.OMVolumeCreateRequest (OMVolumeCreateRequest.java:validateAndUpdateCache(195)) - created volume:volume01398 for user:user02247
2022-07-12 23:21:37,515 [Time-limited test] INFO  rpc.RpcClient (RpcClient.java:createBucket(669)) - Creating Bucket: volume01398/bucket64200, with bucket layout LEGACY, runner as owner, Versioning false, Storage Type set to DISK and Encryption set to false 
2022-07-12 23:21:37,517 [OM StateMachine ApplyTransaction Thread - 0] INFO  bucket.OMBucketCreateRequest (OMBucketCreateRequest.java:validateAndUpdateCache(260)) - created bucket: bucket64200 of layout LEGACY in volume: volume01398
]]></system-out>
  </testcase>
  <testcase name="testOzoneFsServiceLoader" classname="TestRootedOzoneFileSystem" time="0.229">
    <system-out><![CDATA[2022-07-12 23:22:53,479 [d8f6f594-8e93-48ac-9153-9e8fd018aa2e@group-D045DBB7FC30-FollowerState] INFO  impl.FollowerState (FollowerState.java:run(143)) - d8f6f594-8e93-48ac-9153-9e8fd018aa2e@group-D045DBB7FC30-FollowerState: change to CANDIDATE, lastRpcElapsedTime:5074870385ns, electionTimeout:5038ms
2022-07-12 23:22:53,479 [d8f6f594-8e93-48ac-9153-9e8fd018aa2e@group-D045DBB7FC30-FollowerState] INFO  impl.RoleInfo (RoleInfo.java:shutdownFollowerState(110)) - d8f6f594-8e93-48ac-9153-9e8fd018aa2e: shutdown d8f6f594-8e93-48ac-9153-9e8fd018aa2e@group-D045DBB7FC30-FollowerState
2022-07-12 23:22:53,479 [d8f6f594-8e93-48ac-9153-9e8fd018aa2e@group-D045DBB7FC30-FollowerState] INFO  server.RaftServer$Division (RaftServerImpl.java:setRole(299)) - d8f6f594-8e93-48ac-9153-9e8fd018aa2e@group-D045DBB7FC30: changes role from  FOLLOWER to CANDIDATE at term 2 for changeToCandidate
2022-07-12 23:22:53,485 [d8f6f594-8e93-48ac-9153-9e8fd018aa2e@group-D045DBB7FC30-FollowerState] INFO  server.RaftServerConfigKeys (ConfUtils.java:logGet(46)) - raft.server.leaderelection.pre-vote = false (custom)
2022-07-12 23:22:53,485 [d8f6f594-8e93-48ac-9153-9e8fd018aa2e@group-D045DBB7FC30-FollowerState] INFO  impl.RoleInfo (RoleInfo.java:updateAndGet(139)) - d8f6f594-8e93-48ac-9153-9e8fd018aa2e: start d8f6f594-8e93-48ac-9153-9e8fd018aa2e@group-D045DBB7FC30-LeaderElection49
2022-07-12 23:22:53,514 [d8f6f594-8e93-48ac-9153-9e8fd018aa2e@group-D045DBB7FC30-LeaderElection49] INFO  impl.LeaderElection (LeaderElection.java:askForVotes(310)) - d8f6f594-8e93-48ac-9153-9e8fd018aa2e@group-D045DBB7FC30-LeaderElection49 ELECTION round 0: submit vote requests at term 3 for -1: [95d2a9a6-1343-48cb-8e55-18ad167fad0e|rpc:10.1.0.13:37471|dataStream:|priority:1, f86a3de6-fa90-4082-aec2-64cbafe88bfb|rpc:10.1.0.13:41481|dataStream:|priority:0, d8f6f594-8e93-48ac-9153-9e8fd018aa2e|rpc:10.1.0.13:43455|dataStream:|priority:0], old=null
2022-07-12 23:22:53,557 [grpc-default-executor-3] INFO  server.RaftServer$Division (RaftServerImpl.java:requestVote(1152)) - 95d2a9a6-1343-48cb-8e55-18ad167fad0e@group-D045DBB7FC30: receive requestVote(ELECTION, d8f6f594-8e93-48ac-9153-9e8fd018aa2e, group-D045DBB7FC30, 3, (t:0, i:0))
2022-07-12 23:22:53,557 [grpc-default-executor-3] INFO  impl.VoteContext (VoteContext.java:log(48)) - 95d2a9a6-1343-48cb-8e55-18ad167fad0e@group-D045DBB7FC30-FOLLOWER: reject ELECTION from d8f6f594-8e93-48ac-9153-9e8fd018aa2e: our priority 1 > candidate's priority 0
2022-07-12 23:22:53,557 [grpc-default-executor-3] INFO  server.RaftServer$Division (RaftServerImpl.java:setRole(299)) - 95d2a9a6-1343-48cb-8e55-18ad167fad0e@group-D045DBB7FC30: changes role from  FOLLOWER to FOLLOWER at term 3 for candidate:d8f6f594-8e93-48ac-9153-9e8fd018aa2e
2022-07-12 23:22:53,557 [grpc-default-executor-3] INFO  impl.RoleInfo (RoleInfo.java:shutdownFollowerState(110)) - 95d2a9a6-1343-48cb-8e55-18ad167fad0e: shutdown 95d2a9a6-1343-48cb-8e55-18ad167fad0e@group-D045DBB7FC30-FollowerState
2022-07-12 23:22:53,557 [grpc-default-executor-3] INFO  impl.RoleInfo (RoleInfo.java:updateAndGet(139)) - 95d2a9a6-1343-48cb-8e55-18ad167fad0e: start 95d2a9a6-1343-48cb-8e55-18ad167fad0e@group-D045DBB7FC30-FollowerState
2022-07-12 23:22:53,568 [grpc-default-executor-3] INFO  server.RaftServer$Division (RaftServerImpl.java:requestVote(1184)) - 95d2a9a6-1343-48cb-8e55-18ad167fad0e@group-D045DBB7FC30 replies to ELECTION vote request: d8f6f594-8e93-48ac-9153-9e8fd018aa2e<-95d2a9a6-1343-48cb-8e55-18ad167fad0e#0:FAIL-t3. Peer's state: 95d2a9a6-1343-48cb-8e55-18ad167fad0e@group-D045DBB7FC30:t3, leader=null, voted=null, raftlog=95d2a9a6-1343-48cb-8e55-18ad167fad0e@group-D045DBB7FC30-SegmentedRaftLog:OPENED:c-1, conf=-1: [95d2a9a6-1343-48cb-8e55-18ad167fad0e|rpc:10.1.0.13:37471|dataStream:|priority:1, f86a3de6-fa90-4082-aec2-64cbafe88bfb|rpc:10.1.0.13:41481|dataStream:|priority:0, d8f6f594-8e93-48ac-9153-9e8fd018aa2e|rpc:10.1.0.13:43455|dataStream:|priority:0], old=null
2022-07-12 23:22:53,569 [d8f6f594-8e93-48ac-9153-9e8fd018aa2e@group-D045DBB7FC30-LeaderElection49] INFO  impl.LeaderElection (LeaderElection.java:logAndReturn(90)) - d8f6f594-8e93-48ac-9153-9e8fd018aa2e@group-D045DBB7FC30-LeaderElection49: ELECTION REJECTED received 1 response(s) and 0 exception(s):
2022-07-12 23:22:53,569 [d8f6f594-8e93-48ac-9153-9e8fd018aa2e@group-D045DBB7FC30-LeaderElection49] INFO  impl.LeaderElection (LeaderElection.java:logAndReturn(94)) -   Response 0: d8f6f594-8e93-48ac-9153-9e8fd018aa2e<-95d2a9a6-1343-48cb-8e55-18ad167fad0e#0:FAIL-t3
2022-07-12 23:22:53,569 [d8f6f594-8e93-48ac-9153-9e8fd018aa2e@group-D045DBB7FC30-LeaderElection49] INFO  impl.LeaderElection (LeaderElection.java:askForVotes(312)) - d8f6f594-8e93-48ac-9153-9e8fd018aa2e@group-D045DBB7FC30-LeaderElection49 ELECTION round 0: result REJECTED
2022-07-12 23:22:53,569 [d8f6f594-8e93-48ac-9153-9e8fd018aa2e@group-D045DBB7FC30-LeaderElection49] INFO  server.RaftServer$Division (RaftServerImpl.java:setRole(299)) - d8f6f594-8e93-48ac-9153-9e8fd018aa2e@group-D045DBB7FC30: changes role from CANDIDATE to FOLLOWER at term 3 for REJECTED
2022-07-12 23:22:53,569 [d8f6f594-8e93-48ac-9153-9e8fd018aa2e@group-D045DBB7FC30-LeaderElection49] INFO  impl.RoleInfo (RoleInfo.java:shutdownLeaderElection(130)) - d8f6f594-8e93-48ac-9153-9e8fd018aa2e: shutdown d8f6f594-8e93-48ac-9153-9e8fd018aa2e@group-D045DBB7FC30-LeaderElection49
2022-07-12 23:22:53,569 [d8f6f594-8e93-48ac-9153-9e8fd018aa2e@group-D045DBB7FC30-LeaderElection49] INFO  impl.RoleInfo (RoleInfo.java:updateAndGet(139)) - d8f6f594-8e93-48ac-9153-9e8fd018aa2e: start d8f6f594-8e93-48ac-9153-9e8fd018aa2e@group-D045DBB7FC30-FollowerState
2022-07-12 23:22:53,597 [95d2a9a6-1343-48cb-8e55-18ad167fad0e@group-D045DBB7FC30-FollowerState] INFO  impl.FollowerState (FollowerState.java:run(152)) - 95d2a9a6-1343-48cb-8e55-18ad167fad0e@group-D045DBB7FC30-FollowerState was interrupted
2022-07-12 23:22:53,598 [grpc-default-executor-3] INFO  server.RaftServer$Division (RaftServerImpl.java:requestVote(1152)) - f86a3de6-fa90-4082-aec2-64cbafe88bfb@group-D045DBB7FC30: receive requestVote(ELECTION, d8f6f594-8e93-48ac-9153-9e8fd018aa2e, group-D045DBB7FC30, 3, (t:0, i:0))
2022-07-12 23:22:53,599 [Time-limited test] INFO  rpc.RpcClient (RpcClient.java:createVolume(466)) - Creating Volume: volume18665, with user07000 as owner and space quota set to -1 bytes, counts quota set to -1
2022-07-12 23:22:53,599 [grpc-default-executor-3] INFO  impl.VoteContext (VoteContext.java:log(48)) - f86a3de6-fa90-4082-aec2-64cbafe88bfb@group-D045DBB7FC30-FOLLOWER: accept ELECTION from d8f6f594-8e93-48ac-9153-9e8fd018aa2e: our priority 0 <= candidate's priority 0
2022-07-12 23:22:53,599 [grpc-default-executor-3] INFO  server.RaftServer$Division (RaftServerImpl.java:setRole(299)) - f86a3de6-fa90-4082-aec2-64cbafe88bfb@group-D045DBB7FC30: changes role from  FOLLOWER to FOLLOWER at term 3 for candidate:d8f6f594-8e93-48ac-9153-9e8fd018aa2e
2022-07-12 23:22:53,599 [grpc-default-executor-3] INFO  impl.RoleInfo (RoleInfo.java:shutdownFollowerState(110)) - f86a3de6-fa90-4082-aec2-64cbafe88bfb: shutdown f86a3de6-fa90-4082-aec2-64cbafe88bfb@group-D045DBB7FC30-FollowerState
2022-07-12 23:22:53,599 [grpc-default-executor-3] INFO  impl.RoleInfo (RoleInfo.java:updateAndGet(139)) - f86a3de6-fa90-4082-aec2-64cbafe88bfb: start f86a3de6-fa90-4082-aec2-64cbafe88bfb@group-D045DBB7FC30-FollowerState
2022-07-12 23:22:53,599 [f86a3de6-fa90-4082-aec2-64cbafe88bfb@group-D045DBB7FC30-FollowerState] INFO  impl.FollowerState (FollowerState.java:run(152)) - f86a3de6-fa90-4082-aec2-64cbafe88bfb@group-D045DBB7FC30-FollowerState was interrupted
2022-07-12 23:22:53,599 [IPC Server handler 15 on default port 43683] INFO  volume.OMVolumeCreateRequest (OMVolumeCreateRequest.java:validateAndUpdateCache(195)) - created volume:volume18665 for user:user07000
2022-07-12 23:22:53,613 [Time-limited test] INFO  rpc.RpcClient (RpcClient.java:createBucket(669)) - Creating Bucket: volume18665/bucket85132, with bucket layout LEGACY, runner as owner, Versioning false, Storage Type set to DISK and Encryption set to false 
2022-07-12 23:22:53,614 [IPC Server handler 9 on default port 43683] INFO  bucket.OMBucketCreateRequest (OMBucketCreateRequest.java:validateAndUpdateCache(260)) - created bucket: bucket85132 of layout LEGACY in volume: volume18665
2022-07-12 23:22:53,653 [grpc-default-executor-3] INFO  server.RaftServer$Division (RaftServerImpl.java:requestVote(1184)) - f86a3de6-fa90-4082-aec2-64cbafe88bfb@group-D045DBB7FC30 replies to ELECTION vote request: d8f6f594-8e93-48ac-9153-9e8fd018aa2e<-f86a3de6-fa90-4082-aec2-64cbafe88bfb#0:OK-t3. Peer's state: f86a3de6-fa90-4082-aec2-64cbafe88bfb@group-D045DBB7FC30:t3, leader=null, voted=d8f6f594-8e93-48ac-9153-9e8fd018aa2e, raftlog=f86a3de6-fa90-4082-aec2-64cbafe88bfb@group-D045DBB7FC30-SegmentedRaftLog:OPENED:c-1, conf=-1: [95d2a9a6-1343-48cb-8e55-18ad167fad0e|rpc:10.1.0.13:37471|priority:1, f86a3de6-fa90-4082-aec2-64cbafe88bfb|rpc:10.1.0.13:41481|priority:0, d8f6f594-8e93-48ac-9153-9e8fd018aa2e|rpc:10.1.0.13:43455|priority:0], old=null
]]></system-out>
  </testcase>
  <testcase name="testOzoneFsServiceLoader" classname="TestRootedOzoneFileSystem" time="0.177">
    <system-out><![CDATA[2022-07-12 23:24:16,001 [Time-limited test] INFO  rpc.RpcClient (RpcClient.java:createVolume(466)) - Creating Volume: volume38975, with user55215 as owner and space quota set to -1 bytes, counts quota set to -1
2022-07-12 23:24:16,012 [OM StateMachine ApplyTransaction Thread - 0] INFO  volume.OMVolumeCreateRequest (OMVolumeCreateRequest.java:validateAndUpdateCache(195)) - created volume:volume38975 for user:user55215
2022-07-12 23:24:16,025 [Time-limited test] INFO  rpc.RpcClient (RpcClient.java:createBucket(669)) - Creating Bucket: volume38975/bucket51294, with bucket layout LEGACY, runner as owner, Versioning false, Storage Type set to DISK and Encryption set to false 
2022-07-12 23:24:16,030 [OM StateMachine ApplyTransaction Thread - 0] INFO  bucket.OMBucketCreateRequest (OMBucketCreateRequest.java:validateAndUpdateCache(260)) - created bucket: bucket51294 of layout LEGACY in volume: volume38975
]]></system-out>
  </testcase>
  <testcase name="testOzoneFsServiceLoader" classname="TestRootedOzoneFileSystem" time="0.28">
    <system-out><![CDATA[2022-07-12 23:25:37,064 [Time-limited test] INFO  rpc.RpcClient (RpcClient.java:createVolume(466)) - Creating Volume: volume76771, with user44693 as owner and space quota set to -1 bytes, counts quota set to -1
2022-07-12 23:25:37,065 [IPC Server handler 0 on default port 46473] INFO  volume.OMVolumeCreateRequest (OMVolumeCreateRequest.java:validateAndUpdateCache(195)) - created volume:volume76771 for user:user44693
2022-07-12 23:25:37,085 [Time-limited test] INFO  rpc.RpcClient (RpcClient.java:createBucket(669)) - Creating Bucket: volume76771/bucket36325, with bucket layout LEGACY, runner as owner, Versioning false, Storage Type set to DISK and Encryption set to false 
2022-07-12 23:25:37,086 [IPC Server handler 13 on default port 46473] INFO  bucket.OMBucketCreateRequest (OMBucketCreateRequest.java:validateAndUpdateCache(260)) - created bucket: bucket36325 of layout LEGACY in volume: volume76771
]]></system-out>
  </testcase>
  <testcase name="testBucketDefaultsShouldNotBeInheritedToFileForNonEC" classname="TestRootedOzoneFileSystem" time="0.177">
    <system-out><![CDATA[2022-07-12 23:20:25,383 [Time-limited test] INFO  rpc.RpcClient (RpcClient.java:createVolume(466)) - Creating Volume: volume12089, with user11186 as owner and space quota set to -1 bytes, counts quota set to -1
2022-07-12 23:20:25,389 [OM StateMachine ApplyTransaction Thread - 0] INFO  volume.OMVolumeCreateRequest (OMVolumeCreateRequest.java:validateAndUpdateCache(195)) - created volume:volume12089 for user:user11186
2022-07-12 23:20:25,397 [Time-limited test] INFO  rpc.RpcClient (RpcClient.java:createBucket(669)) - Creating Bucket: volume12089/bucket38366, with bucket layout LEGACY, runner as owner, Versioning false, Storage Type set to DISK and Encryption set to false 
2022-07-12 23:20:25,400 [OM StateMachine ApplyTransaction Thread - 0] INFO  bucket.OMBucketCreateRequest (OMBucketCreateRequest.java:validateAndUpdateCache(260)) - created bucket: bucket38366 of layout LEGACY in volume: volume12089
2022-07-12 23:20:25,421 [Time-limited test] INFO  rpc.RpcClient (RpcClient.java:createVolume(466)) - Creating Volume: 83246d7d-9042-4394-a108-f80d9aa973ec, with user28533 as owner and space quota set to -1 bytes, counts quota set to -1
2022-07-12 23:20:25,424 [OM StateMachine ApplyTransaction Thread - 0] INFO  volume.OMVolumeCreateRequest (OMVolumeCreateRequest.java:validateAndUpdateCache(195)) - created volume:83246d7d-9042-4394-a108-f80d9aa973ec for user:user28533
2022-07-12 23:20:25,430 [Time-limited test] INFO  rpc.RpcClient (RpcClient.java:createBucket(669)) - Creating Bucket: 83246d7d-9042-4394-a108-f80d9aa973ec/69a3f40a-3e4c-4040-923a-d7c5663f1387, with bucket layout LEGACY, runner as owner, Versioning false, Storage Type set to DISK and Encryption set to false 
2022-07-12 23:20:25,440 [OM StateMachine ApplyTransaction Thread - 0] INFO  bucket.OMBucketCreateRequest (OMBucketCreateRequest.java:validateAndUpdateCache(260)) - created bucket: 69a3f40a-3e4c-4040-923a-d7c5663f1387 of layout LEGACY in volume: 83246d7d-9042-4394-a108-f80d9aa973ec
]]></system-out>
  </testcase>
  <testcase name="testBucketDefaultsShouldNotBeInheritedToFileForNonEC" classname="TestRootedOzoneFileSystem" time="0.319">
    <system-out><![CDATA[2022-07-12 23:21:37,614 [Time-limited test] INFO  rpc.RpcClient (RpcClient.java:createVolume(466)) - Creating Volume: volume29936, with user82781 as owner and space quota set to -1 bytes, counts quota set to -1
2022-07-12 23:21:37,615 [OM StateMachine ApplyTransaction Thread - 0] INFO  volume.OMVolumeCreateRequest (OMVolumeCreateRequest.java:validateAndUpdateCache(195)) - created volume:volume29936 for user:user82781
2022-07-12 23:21:37,617 [Time-limited test] INFO  rpc.RpcClient (RpcClient.java:createBucket(669)) - Creating Bucket: volume29936/bucket89247, with bucket layout LEGACY, runner as owner, Versioning false, Storage Type set to DISK and Encryption set to false 
2022-07-12 23:21:37,618 [OM StateMachine ApplyTransaction Thread - 0] INFO  bucket.OMBucketCreateRequest (OMBucketCreateRequest.java:validateAndUpdateCache(260)) - created bucket: bucket89247 of layout LEGACY in volume: volume29936
2022-07-12 23:21:37,694 [Time-limited test] INFO  rpc.RpcClient (RpcClient.java:createVolume(466)) - Creating Volume: fff3dafc-5239-4fa9-b023-19aecf410aa4, with user83314 as owner and space quota set to -1 bytes, counts quota set to -1
2022-07-12 23:21:37,696 [OM StateMachine ApplyTransaction Thread - 0] INFO  volume.OMVolumeCreateRequest (OMVolumeCreateRequest.java:validateAndUpdateCache(195)) - created volume:fff3dafc-5239-4fa9-b023-19aecf410aa4 for user:user83314
2022-07-12 23:21:37,697 [Time-limited test] INFO  rpc.RpcClient (RpcClient.java:createBucket(669)) - Creating Bucket: fff3dafc-5239-4fa9-b023-19aecf410aa4/69a7d821-a126-49bb-b3b1-758e64c58431, with bucket layout LEGACY, runner as owner, Versioning false, Storage Type set to DISK and Encryption set to false 
2022-07-12 23:21:37,699 [OM StateMachine ApplyTransaction Thread - 0] INFO  bucket.OMBucketCreateRequest (OMBucketCreateRequest.java:validateAndUpdateCache(260)) - created bucket: 69a7d821-a126-49bb-b3b1-758e64c58431 of layout LEGACY in volume: fff3dafc-5239-4fa9-b023-19aecf410aa4
]]></system-out>
  </testcase>
  <testcase name="testBucketDefaultsShouldNotBeInheritedToFileForNonEC" classname="TestRootedOzoneFileSystem" time="0.347">
    <system-out><![CDATA[2022-07-12 23:22:53,820 [Time-limited test] INFO  rpc.RpcClient (RpcClient.java:createVolume(466)) - Creating Volume: volume44812, with user94790 as owner and space quota set to -1 bytes, counts quota set to -1
2022-07-12 23:22:53,821 [IPC Server handler 16 on default port 43683] INFO  volume.OMVolumeCreateRequest (OMVolumeCreateRequest.java:validateAndUpdateCache(195)) - created volume:volume44812 for user:user94790
2022-07-12 23:22:53,823 [Time-limited test] INFO  rpc.RpcClient (RpcClient.java:createBucket(669)) - Creating Bucket: volume44812/bucket21467, with bucket layout LEGACY, runner as owner, Versioning false, Storage Type set to DISK and Encryption set to false 
2022-07-12 23:22:53,824 [IPC Server handler 18 on default port 43683] INFO  bucket.OMBucketCreateRequest (OMBucketCreateRequest.java:validateAndUpdateCache(260)) - created bucket: bucket21467 of layout LEGACY in volume: volume44812
2022-07-12 23:22:53,874 [Time-limited test] INFO  rpc.RpcClient (RpcClient.java:createVolume(466)) - Creating Volume: 8359986e-d4d6-4280-a60d-20a83ad694e5, with user41440 as owner and space quota set to -1 bytes, counts quota set to -1
2022-07-12 23:22:53,875 [IPC Server handler 0 on default port 43683] INFO  volume.OMVolumeCreateRequest (OMVolumeCreateRequest.java:validateAndUpdateCache(195)) - created volume:8359986e-d4d6-4280-a60d-20a83ad694e5 for user:user41440
2022-07-12 23:22:53,877 [Time-limited test] INFO  rpc.RpcClient (RpcClient.java:createBucket(669)) - Creating Bucket: 8359986e-d4d6-4280-a60d-20a83ad694e5/8e003e89-85ac-4cc3-a180-81e3241aa4bd, with bucket layout LEGACY, runner as owner, Versioning false, Storage Type set to DISK and Encryption set to false 
2022-07-12 23:22:53,878 [IPC Server handler 4 on default port 43683] INFO  bucket.OMBucketCreateRequest (OMBucketCreateRequest.java:validateAndUpdateCache(260)) - created bucket: 8e003e89-85ac-4cc3-a180-81e3241aa4bd of layout LEGACY in volume: 8359986e-d4d6-4280-a60d-20a83ad694e5
]]></system-out>
  </testcase>
  <testcase name="testBucketDefaultsShouldNotBeInheritedToFileForNonEC" classname="TestRootedOzoneFileSystem" time="0.441">
    <system-out><![CDATA[2022-07-12 23:24:16,202 [Time-limited test] INFO  rpc.RpcClient (RpcClient.java:createVolume(466)) - Creating Volume: volume21630, with user19599 as owner and space quota set to -1 bytes, counts quota set to -1
2022-07-12 23:24:16,216 [OM StateMachine ApplyTransaction Thread - 0] INFO  volume.OMVolumeCreateRequest (OMVolumeCreateRequest.java:validateAndUpdateCache(195)) - created volume:volume21630 for user:user19599
2022-07-12 23:24:16,217 [Time-limited test] INFO  rpc.RpcClient (RpcClient.java:createBucket(669)) - Creating Bucket: volume21630/bucket13001, with bucket layout LEGACY, runner as owner, Versioning false, Storage Type set to DISK and Encryption set to false 
2022-07-12 23:24:16,225 [OM StateMachine ApplyTransaction Thread - 0] INFO  bucket.OMBucketCreateRequest (OMBucketCreateRequest.java:validateAndUpdateCache(260)) - created bucket: bucket13001 of layout LEGACY in volume: volume21630
2022-07-12 23:24:16,333 [Time-limited test] INFO  rpc.RpcClient (RpcClient.java:createVolume(466)) - Creating Volume: 263ecfca-7a7a-47d2-8d67-37d1f6598817, with user32555 as owner and space quota set to -1 bytes, counts quota set to -1
2022-07-12 23:24:16,335 [OM StateMachine ApplyTransaction Thread - 0] INFO  volume.OMVolumeCreateRequest (OMVolumeCreateRequest.java:validateAndUpdateCache(195)) - created volume:263ecfca-7a7a-47d2-8d67-37d1f6598817 for user:user32555
2022-07-12 23:24:16,337 [Time-limited test] INFO  rpc.RpcClient (RpcClient.java:createBucket(669)) - Creating Bucket: 263ecfca-7a7a-47d2-8d67-37d1f6598817/fe04985b-9c93-463e-9b8b-d671eb9098f9, with bucket layout LEGACY, runner as owner, Versioning false, Storage Type set to DISK and Encryption set to false 
2022-07-12 23:24:16,341 [OM StateMachine ApplyTransaction Thread - 0] INFO  bucket.OMBucketCreateRequest (OMBucketCreateRequest.java:validateAndUpdateCache(260)) - created bucket: fe04985b-9c93-463e-9b8b-d671eb9098f9 of layout LEGACY in volume: 263ecfca-7a7a-47d2-8d67-37d1f6598817
]]></system-out>
  </testcase>
  <testcase name="testBucketDefaultsShouldNotBeInheritedToFileForNonEC" classname="TestRootedOzoneFileSystem" time="0.438">
    <system-out><![CDATA[2022-07-12 23:25:37,249 [Time-limited test] INFO  rpc.RpcClient (RpcClient.java:createVolume(466)) - Creating Volume: volume71524, with user54776 as owner and space quota set to -1 bytes, counts quota set to -1
2022-07-12 23:25:37,250 [IPC Server handler 14 on default port 46473] INFO  volume.OMVolumeCreateRequest (OMVolumeCreateRequest.java:validateAndUpdateCache(195)) - created volume:volume71524 for user:user54776
2022-07-12 23:25:37,250 [Time-limited test] INFO  rpc.RpcClient (RpcClient.java:createBucket(669)) - Creating Bucket: volume71524/bucket95968, with bucket layout LEGACY, runner as owner, Versioning false, Storage Type set to DISK and Encryption set to false 
2022-07-12 23:25:37,251 [IPC Server handler 12 on default port 46473] INFO  bucket.OMBucketCreateRequest (OMBucketCreateRequest.java:validateAndUpdateCache(260)) - created bucket: bucket95968 of layout LEGACY in volume: volume71524
2022-07-12 23:25:37,370 [Time-limited test] INFO  rpc.RpcClient (RpcClient.java:createVolume(466)) - Creating Volume: 481ac634-c470-40b3-83da-b9b4849b29d2, with user59808 as owner and space quota set to -1 bytes, counts quota set to -1
2022-07-12 23:25:37,371 [IPC Server handler 9 on default port 46473] INFO  volume.OMVolumeCreateRequest (OMVolumeCreateRequest.java:validateAndUpdateCache(195)) - created volume:481ac634-c470-40b3-83da-b9b4849b29d2 for user:user59808
2022-07-12 23:25:37,378 [Time-limited test] INFO  rpc.RpcClient (RpcClient.java:createBucket(669)) - Creating Bucket: 481ac634-c470-40b3-83da-b9b4849b29d2/08e00e26-5eca-4d7d-a712-614f0a7d538e, with bucket layout LEGACY, runner as owner, Versioning false, Storage Type set to DISK and Encryption set to false 
2022-07-12 23:25:37,378 [IPC Server handler 7 on default port 46473] INFO  bucket.OMBucketCreateRequest (OMBucketCreateRequest.java:validateAndUpdateCache(260)) - created bucket: 08e00e26-5eca-4d7d-a712-614f0a7d538e of layout LEGACY in volume: 481ac634-c470-40b3-83da-b9b4849b29d2
]]></system-out>
  </testcase>
  <testcase name="testTrash" classname="TestRootedOzoneFileSystem" time="0">
    <skipped/>
  </testcase>
  <testcase name="testTrash" classname="TestRootedOzoneFileSystem" time="0">
    <skipped/>
  </testcase>
  <testcase name="testTrash" classname="TestRootedOzoneFileSystem" time="0">
    <skipped/>
  </testcase>
  <testcase name="testTrash" classname="TestRootedOzoneFileSystem" time="0">
    <skipped/>
  </testcase>
  <testcase name="testTrash" classname="TestRootedOzoneFileSystem" time="0">
    <skipped/>
  </testcase>
  <testcase name="testRenameDestinationParentDoesntExist" classname="TestRootedOzoneFileSystem" time="0.091">
    <system-out><![CDATA[2022-07-12 23:20:25,558 [Time-limited test] INFO  rpc.RpcClient (RpcClient.java:createVolume(466)) - Creating Volume: volume78266, with user91604 as owner and space quota set to -1 bytes, counts quota set to -1
2022-07-12 23:20:25,561 [OM StateMachine ApplyTransaction Thread - 0] INFO  volume.OMVolumeCreateRequest (OMVolumeCreateRequest.java:validateAndUpdateCache(195)) - created volume:volume78266 for user:user91604
2022-07-12 23:20:25,568 [Time-limited test] INFO  rpc.RpcClient (RpcClient.java:createBucket(669)) - Creating Bucket: volume78266/bucket26267, with bucket layout LEGACY, runner as owner, Versioning false, Storage Type set to DISK and Encryption set to false 
2022-07-12 23:20:25,571 [OM StateMachine ApplyTransaction Thread - 0] INFO  bucket.OMBucketCreateRequest (OMBucketCreateRequest.java:validateAndUpdateCache(260)) - created bucket: bucket26267 of layout LEGACY in volume: volume78266
23:20:25.581 [IPC Server handler 18 on default port 35283] ERROR OMAudit - user=runner | ip=127.0.0.1 | op=GET_FILE_STATUS {volume=volume78266, bucket=bucket26267, key=root_dir/b/c, dataSize=0, replicationConfig=null} | ret=FAILURE
org.apache.hadoop.ozone.om.exceptions.OMException: Unable to get file status: volume: volume78266 bucket: bucket26267 key: root_dir/b/c
	at org.apache.hadoop.ozone.om.KeyManagerImpl.getOzoneFileStatus(KeyManagerImpl.java:1311) ~[ozone-manager-1.3.0-SNAPSHOT.jar:?]
	at org.apache.hadoop.ozone.om.KeyManagerImpl.getFileStatus(KeyManagerImpl.java:1241) ~[ozone-manager-1.3.0-SNAPSHOT.jar:?]
	at org.apache.hadoop.ozone.om.OzoneManager.getFileStatus(OzoneManager.java:3419) ~[ozone-manager-1.3.0-SNAPSHOT.jar:?]
	at org.apache.hadoop.ozone.protocolPB.OzoneManagerRequestHandler.getOzoneFileStatus(OzoneManagerRequestHandler.java:871) ~[ozone-manager-1.3.0-SNAPSHOT.jar:?]
	at org.apache.hadoop.ozone.protocolPB.OzoneManagerRequestHandler.handleReadRequest(OzoneManagerRequestHandler.java:217) ~[ozone-manager-1.3.0-SNAPSHOT.jar:?]
	at org.apache.hadoop.ozone.protocolPB.OzoneManagerProtocolServerSideTranslatorPB.submitReadRequestToOM(OzoneManagerProtocolServerSideTranslatorPB.java:226) ~[ozone-manager-1.3.0-SNAPSHOT.jar:?]
	at org.apache.hadoop.ozone.protocolPB.OzoneManagerProtocolServerSideTranslatorPB.processRequest(OzoneManagerProtocolServerSideTranslatorPB.java:175) ~[ozone-manager-1.3.0-SNAPSHOT.jar:?]
	at org.apache.hadoop.hdds.server.OzoneProtocolMessageDispatcher.processRequest(OzoneProtocolMessageDispatcher.java:87) [hdds-server-framework-1.3.0-SNAPSHOT.jar:?]
	at org.apache.hadoop.ozone.protocolPB.OzoneManagerProtocolServerSideTranslatorPB.submitRequest(OzoneManagerProtocolServerSideTranslatorPB.java:147) [ozone-manager-1.3.0-SNAPSHOT.jar:?]
	at org.apache.hadoop.ozone.protocol.proto.OzoneManagerProtocolProtos$OzoneManagerService$2.callBlockingMethod(OzoneManagerProtocolProtos.java) [ozone-interface-client-1.3.0-SNAPSHOT.jar:?]
	at org.apache.hadoop.ipc.ProtobufRpcEngine$Server.processCall(ProtobufRpcEngine.java:466) [hadoop-common-3.3.1.jar:?]
	at org.apache.hadoop.ipc.ProtobufRpcEngine2$Server$ProtoBufRpcInvoker.call(ProtobufRpcEngine2.java:574) [hadoop-common-3.3.1.jar:?]
	at org.apache.hadoop.ipc.ProtobufRpcEngine2$Server$ProtoBufRpcInvoker.call(ProtobufRpcEngine2.java:552) [hadoop-common-3.3.1.jar:?]
	at org.apache.hadoop.ipc.RPC$Server.call(RPC.java:1093) [hadoop-common-3.3.1.jar:?]
	at org.apache.hadoop.ipc.Server$RpcCall.run(Server.java:1035) [hadoop-common-3.3.1.jar:?]
	at org.apache.hadoop.ipc.Server$RpcCall.run(Server.java:963) [hadoop-common-3.3.1.jar:?]
	at java.security.AccessController.doPrivileged(Native Method) ~[?:1.8.0_332]
	at javax.security.auth.Subject.doAs(Subject.java:422) [?:1.8.0_332]
	at org.apache.hadoop.security.UserGroupInformation.doAs(UserGroupInformation.java:1878) [hadoop-common-3.3.1.jar:?]
	at org.apache.hadoop.ipc.Server$Handler.run(Server.java:2966) [hadoop-common-3.3.1.jar:?]
23:20:25.585 [IPC Server handler 0 on default port 35283] ERROR OMAudit - user=runner | ip=127.0.0.1 | op=GET_FILE_STATUS {volume=volume78266, bucket=bucket26267, key=root_dir/b, dataSize=0, replicationConfig=null} | ret=FAILURE
org.apache.hadoop.ozone.om.exceptions.OMException: Unable to get file status: volume: volume78266 bucket: bucket26267 key: root_dir/b
	at org.apache.hadoop.ozone.om.KeyManagerImpl.getOzoneFileStatus(KeyManagerImpl.java:1311) ~[ozone-manager-1.3.0-SNAPSHOT.jar:?]
	at org.apache.hadoop.ozone.om.KeyManagerImpl.getFileStatus(KeyManagerImpl.java:1241) ~[ozone-manager-1.3.0-SNAPSHOT.jar:?]
	at org.apache.hadoop.ozone.om.OzoneManager.getFileStatus(OzoneManager.java:3419) ~[ozone-manager-1.3.0-SNAPSHOT.jar:?]
	at org.apache.hadoop.ozone.protocolPB.OzoneManagerRequestHandler.getOzoneFileStatus(OzoneManagerRequestHandler.java:871) ~[ozone-manager-1.3.0-SNAPSHOT.jar:?]
	at org.apache.hadoop.ozone.protocolPB.OzoneManagerRequestHandler.handleReadRequest(OzoneManagerRequestHandler.java:217) ~[ozone-manager-1.3.0-SNAPSHOT.jar:?]
	at org.apache.hadoop.ozone.protocolPB.OzoneManagerProtocolServerSideTranslatorPB.submitReadRequestToOM(OzoneManagerProtocolServerSideTranslatorPB.java:226) ~[ozone-manager-1.3.0-SNAPSHOT.jar:?]
	at org.apache.hadoop.ozone.protocolPB.OzoneManagerProtocolServerSideTranslatorPB.processRequest(OzoneManagerProtocolServerSideTranslatorPB.java:175) ~[ozone-manager-1.3.0-SNAPSHOT.jar:?]
	at org.apache.hadoop.hdds.server.OzoneProtocolMessageDispatcher.processRequest(OzoneProtocolMessageDispatcher.java:87) [hdds-server-framework-1.3.0-SNAPSHOT.jar:?]
	at org.apache.hadoop.ozone.protocolPB.OzoneManagerProtocolServerSideTranslatorPB.submitRequest(OzoneManagerProtocolServerSideTranslatorPB.java:147) [ozone-manager-1.3.0-SNAPSHOT.jar:?]
	at org.apache.hadoop.ozone.protocol.proto.OzoneManagerProtocolProtos$OzoneManagerService$2.callBlockingMethod(OzoneManagerProtocolProtos.java) [ozone-interface-client-1.3.0-SNAPSHOT.jar:?]
	at org.apache.hadoop.ipc.ProtobufRpcEngine$Server.processCall(ProtobufRpcEngine.java:466) [hadoop-common-3.3.1.jar:?]
	at org.apache.hadoop.ipc.ProtobufRpcEngine2$Server$ProtoBufRpcInvoker.call(ProtobufRpcEngine2.java:574) [hadoop-common-3.3.1.jar:?]
	at org.apache.hadoop.ipc.ProtobufRpcEngine2$Server$ProtoBufRpcInvoker.call(ProtobufRpcEngine2.java:552) [hadoop-common-3.3.1.jar:?]
	at org.apache.hadoop.ipc.RPC$Server.call(RPC.java:1093) [hadoop-common-3.3.1.jar:?]
	at org.apache.hadoop.ipc.Server$RpcCall.run(Server.java:1035) [hadoop-common-3.3.1.jar:?]
	at org.apache.hadoop.ipc.Server$RpcCall.run(Server.java:963) [hadoop-common-3.3.1.jar:?]
	at java.security.AccessController.doPrivileged(Native Method) ~[?:1.8.0_332]
	at javax.security.auth.Subject.doAs(Subject.java:422) [?:1.8.0_332]
	at org.apache.hadoop.security.UserGroupInformation.doAs(UserGroupInformation.java:1878) [hadoop-common-3.3.1.jar:?]
	at org.apache.hadoop.ipc.Server$Handler.run(Server.java:2966) [hadoop-common-3.3.1.jar:?]
23:20:25.603 [IPC Server handler 11 on default port 35283] ERROR OMAudit - user=runner | ip=127.0.0.1 | op=GET_FILE_STATUS {volume=volume78266, bucket=bucket26267, key=root_dir/file1/c, dataSize=0, replicationConfig=null} | ret=FAILURE
org.apache.hadoop.ozone.om.exceptions.OMException: Unable to get file status: volume: volume78266 bucket: bucket26267 key: root_dir/file1/c
	at org.apache.hadoop.ozone.om.KeyManagerImpl.getOzoneFileStatus(KeyManagerImpl.java:1311) ~[ozone-manager-1.3.0-SNAPSHOT.jar:?]
	at org.apache.hadoop.ozone.om.KeyManagerImpl.getFileStatus(KeyManagerImpl.java:1241) ~[ozone-manager-1.3.0-SNAPSHOT.jar:?]
	at org.apache.hadoop.ozone.om.OzoneManager.getFileStatus(OzoneManager.java:3419) ~[ozone-manager-1.3.0-SNAPSHOT.jar:?]
	at org.apache.hadoop.ozone.protocolPB.OzoneManagerRequestHandler.getOzoneFileStatus(OzoneManagerRequestHandler.java:871) ~[ozone-manager-1.3.0-SNAPSHOT.jar:?]
	at org.apache.hadoop.ozone.protocolPB.OzoneManagerRequestHandler.handleReadRequest(OzoneManagerRequestHandler.java:217) ~[ozone-manager-1.3.0-SNAPSHOT.jar:?]
	at org.apache.hadoop.ozone.protocolPB.OzoneManagerProtocolServerSideTranslatorPB.submitReadRequestToOM(OzoneManagerProtocolServerSideTranslatorPB.java:226) ~[ozone-manager-1.3.0-SNAPSHOT.jar:?]
	at org.apache.hadoop.ozone.protocolPB.OzoneManagerProtocolServerSideTranslatorPB.processRequest(OzoneManagerProtocolServerSideTranslatorPB.java:175) ~[ozone-manager-1.3.0-SNAPSHOT.jar:?]
	at org.apache.hadoop.hdds.server.OzoneProtocolMessageDispatcher.processRequest(OzoneProtocolMessageDispatcher.java:87) [hdds-server-framework-1.3.0-SNAPSHOT.jar:?]
	at org.apache.hadoop.ozone.protocolPB.OzoneManagerProtocolServerSideTranslatorPB.submitRequest(OzoneManagerProtocolServerSideTranslatorPB.java:147) [ozone-manager-1.3.0-SNAPSHOT.jar:?]
	at org.apache.hadoop.ozone.protocol.proto.OzoneManagerProtocolProtos$OzoneManagerService$2.callBlockingMethod(OzoneManagerProtocolProtos.java) [ozone-interface-client-1.3.0-SNAPSHOT.jar:?]
	at org.apache.hadoop.ipc.ProtobufRpcEngine$Server.processCall(ProtobufRpcEngine.java:466) [hadoop-common-3.3.1.jar:?]
	at org.apache.hadoop.ipc.ProtobufRpcEngine2$Server$ProtoBufRpcInvoker.call(ProtobufRpcEngine2.java:574) [hadoop-common-3.3.1.jar:?]
	at org.apache.hadoop.ipc.ProtobufRpcEngine2$Server$ProtoBufRpcInvoker.call(ProtobufRpcEngine2.java:552) [hadoop-common-3.3.1.jar:?]
	at org.apache.hadoop.ipc.RPC$Server.call(RPC.java:1093) [hadoop-common-3.3.1.jar:?]
	at org.apache.hadoop.ipc.Server$RpcCall.run(Server.java:1035) [hadoop-common-3.3.1.jar:?]
	at org.apache.hadoop.ipc.Server$RpcCall.run(Server.java:963) [hadoop-common-3.3.1.jar:?]
	at java.security.AccessController.doPrivileged(Native Method) ~[?:1.8.0_332]
	at javax.security.auth.Subject.doAs(Subject.java:422) [?:1.8.0_332]
	at org.apache.hadoop.security.UserGroupInformation.doAs(UserGroupInformation.java:1878) [hadoop-common-3.3.1.jar:?]
	at org.apache.hadoop.ipc.Server$Handler.run(Server.java:2966) [hadoop-common-3.3.1.jar:?]
]]></system-out>
  </testcase>
  <testcase name="testRenameDestinationParentDoesntExist" classname="TestRootedOzoneFileSystem" time="0.106">
    <system-out><![CDATA[2022-07-12 23:21:37,945 [Time-limited test] INFO  rpc.RpcClient (RpcClient.java:createVolume(466)) - Creating Volume: volume04974, with user62208 as owner and space quota set to -1 bytes, counts quota set to -1
2022-07-12 23:21:37,947 [OM StateMachine ApplyTransaction Thread - 0] INFO  volume.OMVolumeCreateRequest (OMVolumeCreateRequest.java:validateAndUpdateCache(195)) - created volume:volume04974 for user:user62208
2022-07-12 23:21:37,948 [Time-limited test] INFO  rpc.RpcClient (RpcClient.java:createBucket(669)) - Creating Bucket: volume04974/bucket54365, with bucket layout LEGACY, runner as owner, Versioning false, Storage Type set to DISK and Encryption set to false 
2022-07-12 23:21:37,950 [OM StateMachine ApplyTransaction Thread - 0] INFO  bucket.OMBucketCreateRequest (OMBucketCreateRequest.java:validateAndUpdateCache(260)) - created bucket: bucket54365 of layout LEGACY in volume: volume04974
23:21:37.955 [IPC Server handler 0 on default port 33951] ERROR OMAudit - user=runner | ip=127.0.0.1 | op=GET_FILE_STATUS {volume=volume04974, bucket=bucket54365, key=root_dir/b/c, dataSize=0, replicationConfig=null} | ret=FAILURE
org.apache.hadoop.ozone.om.exceptions.OMException: Unable to get file status: volume: volume04974 bucket: bucket54365 key: root_dir/b/c
	at org.apache.hadoop.ozone.om.KeyManagerImpl.getOzoneFileStatus(KeyManagerImpl.java:1311) ~[ozone-manager-1.3.0-SNAPSHOT.jar:?]
	at org.apache.hadoop.ozone.om.KeyManagerImpl.getFileStatus(KeyManagerImpl.java:1241) ~[ozone-manager-1.3.0-SNAPSHOT.jar:?]
	at org.apache.hadoop.ozone.om.OzoneManager.getFileStatus(OzoneManager.java:3419) ~[ozone-manager-1.3.0-SNAPSHOT.jar:?]
	at org.apache.hadoop.ozone.protocolPB.OzoneManagerRequestHandler.getOzoneFileStatus(OzoneManagerRequestHandler.java:871) ~[ozone-manager-1.3.0-SNAPSHOT.jar:?]
	at org.apache.hadoop.ozone.protocolPB.OzoneManagerRequestHandler.handleReadRequest(OzoneManagerRequestHandler.java:217) ~[ozone-manager-1.3.0-SNAPSHOT.jar:?]
	at org.apache.hadoop.ozone.protocolPB.OzoneManagerProtocolServerSideTranslatorPB.submitReadRequestToOM(OzoneManagerProtocolServerSideTranslatorPB.java:226) ~[ozone-manager-1.3.0-SNAPSHOT.jar:?]
	at org.apache.hadoop.ozone.protocolPB.OzoneManagerProtocolServerSideTranslatorPB.processRequest(OzoneManagerProtocolServerSideTranslatorPB.java:175) ~[ozone-manager-1.3.0-SNAPSHOT.jar:?]
	at org.apache.hadoop.hdds.server.OzoneProtocolMessageDispatcher.processRequest(OzoneProtocolMessageDispatcher.java:87) [hdds-server-framework-1.3.0-SNAPSHOT.jar:?]
	at org.apache.hadoop.ozone.protocolPB.OzoneManagerProtocolServerSideTranslatorPB.submitRequest(OzoneManagerProtocolServerSideTranslatorPB.java:147) [ozone-manager-1.3.0-SNAPSHOT.jar:?]
	at org.apache.hadoop.ozone.protocol.proto.OzoneManagerProtocolProtos$OzoneManagerService$2.callBlockingMethod(OzoneManagerProtocolProtos.java) [ozone-interface-client-1.3.0-SNAPSHOT.jar:?]
	at org.apache.hadoop.ipc.ProtobufRpcEngine$Server.processCall(ProtobufRpcEngine.java:466) [hadoop-common-3.3.1.jar:?]
	at org.apache.hadoop.ipc.ProtobufRpcEngine2$Server$ProtoBufRpcInvoker.call(ProtobufRpcEngine2.java:574) [hadoop-common-3.3.1.jar:?]
	at org.apache.hadoop.ipc.ProtobufRpcEngine2$Server$ProtoBufRpcInvoker.call(ProtobufRpcEngine2.java:552) [hadoop-common-3.3.1.jar:?]
	at org.apache.hadoop.ipc.RPC$Server.call(RPC.java:1093) [hadoop-common-3.3.1.jar:?]
	at org.apache.hadoop.ipc.Server$RpcCall.run(Server.java:1035) [hadoop-common-3.3.1.jar:?]
	at org.apache.hadoop.ipc.Server$RpcCall.run(Server.java:963) [hadoop-common-3.3.1.jar:?]
	at java.security.AccessController.doPrivileged(Native Method) ~[?:1.8.0_332]
	at javax.security.auth.Subject.doAs(Subject.java:422) [?:1.8.0_332]
	at org.apache.hadoop.security.UserGroupInformation.doAs(UserGroupInformation.java:1878) [hadoop-common-3.3.1.jar:?]
	at org.apache.hadoop.ipc.Server$Handler.run(Server.java:2966) [hadoop-common-3.3.1.jar:?]
23:21:37.956 [IPC Server handler 5 on default port 33951] ERROR OMAudit - user=runner | ip=127.0.0.1 | op=GET_FILE_STATUS {volume=volume04974, bucket=bucket54365, key=root_dir/b, dataSize=0, replicationConfig=null} | ret=FAILURE
org.apache.hadoop.ozone.om.exceptions.OMException: Unable to get file status: volume: volume04974 bucket: bucket54365 key: root_dir/b
	at org.apache.hadoop.ozone.om.KeyManagerImpl.getOzoneFileStatus(KeyManagerImpl.java:1311) ~[ozone-manager-1.3.0-SNAPSHOT.jar:?]
	at org.apache.hadoop.ozone.om.KeyManagerImpl.getFileStatus(KeyManagerImpl.java:1241) ~[ozone-manager-1.3.0-SNAPSHOT.jar:?]
	at org.apache.hadoop.ozone.om.OzoneManager.getFileStatus(OzoneManager.java:3419) ~[ozone-manager-1.3.0-SNAPSHOT.jar:?]
	at org.apache.hadoop.ozone.protocolPB.OzoneManagerRequestHandler.getOzoneFileStatus(OzoneManagerRequestHandler.java:871) ~[ozone-manager-1.3.0-SNAPSHOT.jar:?]
	at org.apache.hadoop.ozone.protocolPB.OzoneManagerRequestHandler.handleReadRequest(OzoneManagerRequestHandler.java:217) ~[ozone-manager-1.3.0-SNAPSHOT.jar:?]
	at org.apache.hadoop.ozone.protocolPB.OzoneManagerProtocolServerSideTranslatorPB.submitReadRequestToOM(OzoneManagerProtocolServerSideTranslatorPB.java:226) ~[ozone-manager-1.3.0-SNAPSHOT.jar:?]
	at org.apache.hadoop.ozone.protocolPB.OzoneManagerProtocolServerSideTranslatorPB.processRequest(OzoneManagerProtocolServerSideTranslatorPB.java:175) ~[ozone-manager-1.3.0-SNAPSHOT.jar:?]
	at org.apache.hadoop.hdds.server.OzoneProtocolMessageDispatcher.processRequest(OzoneProtocolMessageDispatcher.java:87) [hdds-server-framework-1.3.0-SNAPSHOT.jar:?]
	at org.apache.hadoop.ozone.protocolPB.OzoneManagerProtocolServerSideTranslatorPB.submitRequest(OzoneManagerProtocolServerSideTranslatorPB.java:147) [ozone-manager-1.3.0-SNAPSHOT.jar:?]
	at org.apache.hadoop.ozone.protocol.proto.OzoneManagerProtocolProtos$OzoneManagerService$2.callBlockingMethod(OzoneManagerProtocolProtos.java) [ozone-interface-client-1.3.0-SNAPSHOT.jar:?]
	at org.apache.hadoop.ipc.ProtobufRpcEngine$Server.processCall(ProtobufRpcEngine.java:466) [hadoop-common-3.3.1.jar:?]
	at org.apache.hadoop.ipc.ProtobufRpcEngine2$Server$ProtoBufRpcInvoker.call(ProtobufRpcEngine2.java:574) [hadoop-common-3.3.1.jar:?]
	at org.apache.hadoop.ipc.ProtobufRpcEngine2$Server$ProtoBufRpcInvoker.call(ProtobufRpcEngine2.java:552) [hadoop-common-3.3.1.jar:?]
	at org.apache.hadoop.ipc.RPC$Server.call(RPC.java:1093) [hadoop-common-3.3.1.jar:?]
	at org.apache.hadoop.ipc.Server$RpcCall.run(Server.java:1035) [hadoop-common-3.3.1.jar:?]
	at org.apache.hadoop.ipc.Server$RpcCall.run(Server.java:963) [hadoop-common-3.3.1.jar:?]
	at java.security.AccessController.doPrivileged(Native Method) ~[?:1.8.0_332]
	at javax.security.auth.Subject.doAs(Subject.java:422) [?:1.8.0_332]
	at org.apache.hadoop.security.UserGroupInformation.doAs(UserGroupInformation.java:1878) [hadoop-common-3.3.1.jar:?]
	at org.apache.hadoop.ipc.Server$Handler.run(Server.java:2966) [hadoop-common-3.3.1.jar:?]
23:21:37.966 [IPC Server handler 15 on default port 33951] ERROR OMAudit - user=runner | ip=127.0.0.1 | op=GET_FILE_STATUS {volume=volume04974, bucket=bucket54365, key=root_dir/file1/c, dataSize=0, replicationConfig=null} | ret=FAILURE
org.apache.hadoop.ozone.om.exceptions.OMException: Unable to get file status: volume: volume04974 bucket: bucket54365 key: root_dir/file1/c
	at org.apache.hadoop.ozone.om.KeyManagerImpl.getOzoneFileStatus(KeyManagerImpl.java:1311) ~[ozone-manager-1.3.0-SNAPSHOT.jar:?]
	at org.apache.hadoop.ozone.om.KeyManagerImpl.getFileStatus(KeyManagerImpl.java:1241) ~[ozone-manager-1.3.0-SNAPSHOT.jar:?]
	at org.apache.hadoop.ozone.om.OzoneManager.getFileStatus(OzoneManager.java:3419) ~[ozone-manager-1.3.0-SNAPSHOT.jar:?]
	at org.apache.hadoop.ozone.protocolPB.OzoneManagerRequestHandler.getOzoneFileStatus(OzoneManagerRequestHandler.java:871) ~[ozone-manager-1.3.0-SNAPSHOT.jar:?]
	at org.apache.hadoop.ozone.protocolPB.OzoneManagerRequestHandler.handleReadRequest(OzoneManagerRequestHandler.java:217) ~[ozone-manager-1.3.0-SNAPSHOT.jar:?]
	at org.apache.hadoop.ozone.protocolPB.OzoneManagerProtocolServerSideTranslatorPB.submitReadRequestToOM(OzoneManagerProtocolServerSideTranslatorPB.java:226) ~[ozone-manager-1.3.0-SNAPSHOT.jar:?]
	at org.apache.hadoop.ozone.protocolPB.OzoneManagerProtocolServerSideTranslatorPB.processRequest(OzoneManagerProtocolServerSideTranslatorPB.java:175) ~[ozone-manager-1.3.0-SNAPSHOT.jar:?]
	at org.apache.hadoop.hdds.server.OzoneProtocolMessageDispatcher.processRequest(OzoneProtocolMessageDispatcher.java:87) [hdds-server-framework-1.3.0-SNAPSHOT.jar:?]
	at org.apache.hadoop.ozone.protocolPB.OzoneManagerProtocolServerSideTranslatorPB.submitRequest(OzoneManagerProtocolServerSideTranslatorPB.java:147) [ozone-manager-1.3.0-SNAPSHOT.jar:?]
	at org.apache.hadoop.ozone.protocol.proto.OzoneManagerProtocolProtos$OzoneManagerService$2.callBlockingMethod(OzoneManagerProtocolProtos.java) [ozone-interface-client-1.3.0-SNAPSHOT.jar:?]
	at org.apache.hadoop.ipc.ProtobufRpcEngine$Server.processCall(ProtobufRpcEngine.java:466) [hadoop-common-3.3.1.jar:?]
	at org.apache.hadoop.ipc.ProtobufRpcEngine2$Server$ProtoBufRpcInvoker.call(ProtobufRpcEngine2.java:574) [hadoop-common-3.3.1.jar:?]
	at org.apache.hadoop.ipc.ProtobufRpcEngine2$Server$ProtoBufRpcInvoker.call(ProtobufRpcEngine2.java:552) [hadoop-common-3.3.1.jar:?]
	at org.apache.hadoop.ipc.RPC$Server.call(RPC.java:1093) [hadoop-common-3.3.1.jar:?]
	at org.apache.hadoop.ipc.Server$RpcCall.run(Server.java:1035) [hadoop-common-3.3.1.jar:?]
	at org.apache.hadoop.ipc.Server$RpcCall.run(Server.java:963) [hadoop-common-3.3.1.jar:?]
	at java.security.AccessController.doPrivileged(Native Method) ~[?:1.8.0_332]
	at javax.security.auth.Subject.doAs(Subject.java:422) [?:1.8.0_332]
	at org.apache.hadoop.security.UserGroupInformation.doAs(UserGroupInformation.java:1878) [hadoop-common-3.3.1.jar:?]
	at org.apache.hadoop.ipc.Server$Handler.run(Server.java:2966) [hadoop-common-3.3.1.jar:?]
]]></system-out>
  </testcase>
  <testcase name="testRenameDestinationParentDoesntExist" classname="TestRootedOzoneFileSystem" time="0.059">
    <system-out><![CDATA[2022-07-12 23:22:54,070 [Time-limited test] INFO  rpc.RpcClient (RpcClient.java:createVolume(466)) - Creating Volume: volume90901, with user38276 as owner and space quota set to -1 bytes, counts quota set to -1
2022-07-12 23:22:54,075 [IPC Server handler 10 on default port 43683] INFO  volume.OMVolumeCreateRequest (OMVolumeCreateRequest.java:validateAndUpdateCache(195)) - created volume:volume90901 for user:user38276
2022-07-12 23:22:54,076 [Time-limited test] INFO  rpc.RpcClient (RpcClient.java:createBucket(669)) - Creating Bucket: volume90901/bucket14465, with bucket layout LEGACY, runner as owner, Versioning false, Storage Type set to DISK and Encryption set to false 
2022-07-12 23:22:54,077 [IPC Server handler 7 on default port 43683] INFO  bucket.OMBucketCreateRequest (OMBucketCreateRequest.java:validateAndUpdateCache(260)) - created bucket: bucket14465 of layout LEGACY in volume: volume90901
23:22:54.080 [IPC Server handler 9 on default port 43683] ERROR OMAudit - user=runner | ip=127.0.0.1 | op=GET_FILE_STATUS {volume=volume90901, bucket=bucket14465, key=root_dir/b/c, dataSize=0, replicationConfig=null} | ret=FAILURE
org.apache.hadoop.ozone.om.exceptions.OMException: Unable to get file status: volume: volume90901 bucket: bucket14465 key: root_dir/b/c
	at org.apache.hadoop.ozone.om.KeyManagerImpl.getOzoneFileStatus(KeyManagerImpl.java:1311) ~[ozone-manager-1.3.0-SNAPSHOT.jar:?]
	at org.apache.hadoop.ozone.om.KeyManagerImpl.getFileStatus(KeyManagerImpl.java:1241) ~[ozone-manager-1.3.0-SNAPSHOT.jar:?]
	at org.apache.hadoop.ozone.om.OzoneManager.getFileStatus(OzoneManager.java:3419) ~[ozone-manager-1.3.0-SNAPSHOT.jar:?]
	at org.apache.hadoop.ozone.protocolPB.OzoneManagerRequestHandler.getOzoneFileStatus(OzoneManagerRequestHandler.java:871) ~[ozone-manager-1.3.0-SNAPSHOT.jar:?]
	at org.apache.hadoop.ozone.protocolPB.OzoneManagerRequestHandler.handleReadRequest(OzoneManagerRequestHandler.java:217) ~[ozone-manager-1.3.0-SNAPSHOT.jar:?]
	at org.apache.hadoop.ozone.protocolPB.OzoneManagerProtocolServerSideTranslatorPB.submitRequestDirectlyToOM(OzoneManagerProtocolServerSideTranslatorPB.java:276) ~[ozone-manager-1.3.0-SNAPSHOT.jar:?]
	at org.apache.hadoop.ozone.protocolPB.OzoneManagerProtocolServerSideTranslatorPB.processRequest(OzoneManagerProtocolServerSideTranslatorPB.java:205) ~[ozone-manager-1.3.0-SNAPSHOT.jar:?]
	at org.apache.hadoop.hdds.server.OzoneProtocolMessageDispatcher.processRequest(OzoneProtocolMessageDispatcher.java:87) [hdds-server-framework-1.3.0-SNAPSHOT.jar:?]
	at org.apache.hadoop.ozone.protocolPB.OzoneManagerProtocolServerSideTranslatorPB.submitRequest(OzoneManagerProtocolServerSideTranslatorPB.java:147) [ozone-manager-1.3.0-SNAPSHOT.jar:?]
	at org.apache.hadoop.ozone.protocol.proto.OzoneManagerProtocolProtos$OzoneManagerService$2.callBlockingMethod(OzoneManagerProtocolProtos.java) [ozone-interface-client-1.3.0-SNAPSHOT.jar:?]
	at org.apache.hadoop.ipc.ProtobufRpcEngine$Server.processCall(ProtobufRpcEngine.java:466) [hadoop-common-3.3.1.jar:?]
	at org.apache.hadoop.ipc.ProtobufRpcEngine2$Server$ProtoBufRpcInvoker.call(ProtobufRpcEngine2.java:574) [hadoop-common-3.3.1.jar:?]
	at org.apache.hadoop.ipc.ProtobufRpcEngine2$Server$ProtoBufRpcInvoker.call(ProtobufRpcEngine2.java:552) [hadoop-common-3.3.1.jar:?]
	at org.apache.hadoop.ipc.RPC$Server.call(RPC.java:1093) [hadoop-common-3.3.1.jar:?]
	at org.apache.hadoop.ipc.Server$RpcCall.run(Server.java:1035) [hadoop-common-3.3.1.jar:?]
	at org.apache.hadoop.ipc.Server$RpcCall.run(Server.java:963) [hadoop-common-3.3.1.jar:?]
	at java.security.AccessController.doPrivileged(Native Method) ~[?:1.8.0_332]
	at javax.security.auth.Subject.doAs(Subject.java:422) [?:1.8.0_332]
	at org.apache.hadoop.security.UserGroupInformation.doAs(UserGroupInformation.java:1878) [hadoop-common-3.3.1.jar:?]
	at org.apache.hadoop.ipc.Server$Handler.run(Server.java:2966) [hadoop-common-3.3.1.jar:?]
23:22:54.081 [IPC Server handler 19 on default port 43683] ERROR OMAudit - user=runner | ip=127.0.0.1 | op=GET_FILE_STATUS {volume=volume90901, bucket=bucket14465, key=root_dir/b, dataSize=0, replicationConfig=null} | ret=FAILURE
org.apache.hadoop.ozone.om.exceptions.OMException: Unable to get file status: volume: volume90901 bucket: bucket14465 key: root_dir/b
	at org.apache.hadoop.ozone.om.KeyManagerImpl.getOzoneFileStatus(KeyManagerImpl.java:1311) ~[ozone-manager-1.3.0-SNAPSHOT.jar:?]
	at org.apache.hadoop.ozone.om.KeyManagerImpl.getFileStatus(KeyManagerImpl.java:1241) ~[ozone-manager-1.3.0-SNAPSHOT.jar:?]
	at org.apache.hadoop.ozone.om.OzoneManager.getFileStatus(OzoneManager.java:3419) ~[ozone-manager-1.3.0-SNAPSHOT.jar:?]
	at org.apache.hadoop.ozone.protocolPB.OzoneManagerRequestHandler.getOzoneFileStatus(OzoneManagerRequestHandler.java:871) ~[ozone-manager-1.3.0-SNAPSHOT.jar:?]
	at org.apache.hadoop.ozone.protocolPB.OzoneManagerRequestHandler.handleReadRequest(OzoneManagerRequestHandler.java:217) ~[ozone-manager-1.3.0-SNAPSHOT.jar:?]
	at org.apache.hadoop.ozone.protocolPB.OzoneManagerProtocolServerSideTranslatorPB.submitRequestDirectlyToOM(OzoneManagerProtocolServerSideTranslatorPB.java:276) ~[ozone-manager-1.3.0-SNAPSHOT.jar:?]
	at org.apache.hadoop.ozone.protocolPB.OzoneManagerProtocolServerSideTranslatorPB.processRequest(OzoneManagerProtocolServerSideTranslatorPB.java:205) ~[ozone-manager-1.3.0-SNAPSHOT.jar:?]
	at org.apache.hadoop.hdds.server.OzoneProtocolMessageDispatcher.processRequest(OzoneProtocolMessageDispatcher.java:87) [hdds-server-framework-1.3.0-SNAPSHOT.jar:?]
	at org.apache.hadoop.ozone.protocolPB.OzoneManagerProtocolServerSideTranslatorPB.submitRequest(OzoneManagerProtocolServerSideTranslatorPB.java:147) [ozone-manager-1.3.0-SNAPSHOT.jar:?]
	at org.apache.hadoop.ozone.protocol.proto.OzoneManagerProtocolProtos$OzoneManagerService$2.callBlockingMethod(OzoneManagerProtocolProtos.java) [ozone-interface-client-1.3.0-SNAPSHOT.jar:?]
	at org.apache.hadoop.ipc.ProtobufRpcEngine$Server.processCall(ProtobufRpcEngine.java:466) [hadoop-common-3.3.1.jar:?]
	at org.apache.hadoop.ipc.ProtobufRpcEngine2$Server$ProtoBufRpcInvoker.call(ProtobufRpcEngine2.java:574) [hadoop-common-3.3.1.jar:?]
	at org.apache.hadoop.ipc.ProtobufRpcEngine2$Server$ProtoBufRpcInvoker.call(ProtobufRpcEngine2.java:552) [hadoop-common-3.3.1.jar:?]
	at org.apache.hadoop.ipc.RPC$Server.call(RPC.java:1093) [hadoop-common-3.3.1.jar:?]
	at org.apache.hadoop.ipc.Server$RpcCall.run(Server.java:1035) [hadoop-common-3.3.1.jar:?]
	at org.apache.hadoop.ipc.Server$RpcCall.run(Server.java:963) [hadoop-common-3.3.1.jar:?]
	at java.security.AccessController.doPrivileged(Native Method) ~[?:1.8.0_332]
	at javax.security.auth.Subject.doAs(Subject.java:422) [?:1.8.0_332]
	at org.apache.hadoop.security.UserGroupInformation.doAs(UserGroupInformation.java:1878) [hadoop-common-3.3.1.jar:?]
	at org.apache.hadoop.ipc.Server$Handler.run(Server.java:2966) [hadoop-common-3.3.1.jar:?]
23:22:54.094 [IPC Server handler 10 on default port 43683] ERROR OMAudit - user=runner | ip=127.0.0.1 | op=GET_FILE_STATUS {volume=volume90901, bucket=bucket14465, key=root_dir/file1/c, dataSize=0, replicationConfig=null} | ret=FAILURE
org.apache.hadoop.ozone.om.exceptions.OMException: Unable to get file status: volume: volume90901 bucket: bucket14465 key: root_dir/file1/c
	at org.apache.hadoop.ozone.om.KeyManagerImpl.getOzoneFileStatus(KeyManagerImpl.java:1311) ~[ozone-manager-1.3.0-SNAPSHOT.jar:?]
	at org.apache.hadoop.ozone.om.KeyManagerImpl.getFileStatus(KeyManagerImpl.java:1241) ~[ozone-manager-1.3.0-SNAPSHOT.jar:?]
	at org.apache.hadoop.ozone.om.OzoneManager.getFileStatus(OzoneManager.java:3419) ~[ozone-manager-1.3.0-SNAPSHOT.jar:?]
	at org.apache.hadoop.ozone.protocolPB.OzoneManagerRequestHandler.getOzoneFileStatus(OzoneManagerRequestHandler.java:871) ~[ozone-manager-1.3.0-SNAPSHOT.jar:?]
	at org.apache.hadoop.ozone.protocolPB.OzoneManagerRequestHandler.handleReadRequest(OzoneManagerRequestHandler.java:217) ~[ozone-manager-1.3.0-SNAPSHOT.jar:?]
	at org.apache.hadoop.ozone.protocolPB.OzoneManagerProtocolServerSideTranslatorPB.submitRequestDirectlyToOM(OzoneManagerProtocolServerSideTranslatorPB.java:276) ~[ozone-manager-1.3.0-SNAPSHOT.jar:?]
	at org.apache.hadoop.ozone.protocolPB.OzoneManagerProtocolServerSideTranslatorPB.processRequest(OzoneManagerProtocolServerSideTranslatorPB.java:205) ~[ozone-manager-1.3.0-SNAPSHOT.jar:?]
	at org.apache.hadoop.hdds.server.OzoneProtocolMessageDispatcher.processRequest(OzoneProtocolMessageDispatcher.java:87) [hdds-server-framework-1.3.0-SNAPSHOT.jar:?]
	at org.apache.hadoop.ozone.protocolPB.OzoneManagerProtocolServerSideTranslatorPB.submitRequest(OzoneManagerProtocolServerSideTranslatorPB.java:147) [ozone-manager-1.3.0-SNAPSHOT.jar:?]
	at org.apache.hadoop.ozone.protocol.proto.OzoneManagerProtocolProtos$OzoneManagerService$2.callBlockingMethod(OzoneManagerProtocolProtos.java) [ozone-interface-client-1.3.0-SNAPSHOT.jar:?]
	at org.apache.hadoop.ipc.ProtobufRpcEngine$Server.processCall(ProtobufRpcEngine.java:466) [hadoop-common-3.3.1.jar:?]
	at org.apache.hadoop.ipc.ProtobufRpcEngine2$Server$ProtoBufRpcInvoker.call(ProtobufRpcEngine2.java:574) [hadoop-common-3.3.1.jar:?]
	at org.apache.hadoop.ipc.ProtobufRpcEngine2$Server$ProtoBufRpcInvoker.call(ProtobufRpcEngine2.java:552) [hadoop-common-3.3.1.jar:?]
	at org.apache.hadoop.ipc.RPC$Server.call(RPC.java:1093) [hadoop-common-3.3.1.jar:?]
	at org.apache.hadoop.ipc.Server$RpcCall.run(Server.java:1035) [hadoop-common-3.3.1.jar:?]
	at org.apache.hadoop.ipc.Server$RpcCall.run(Server.java:963) [hadoop-common-3.3.1.jar:?]
	at java.security.AccessController.doPrivileged(Native Method) ~[?:1.8.0_332]
	at javax.security.auth.Subject.doAs(Subject.java:422) [?:1.8.0_332]
	at org.apache.hadoop.security.UserGroupInformation.doAs(UserGroupInformation.java:1878) [hadoop-common-3.3.1.jar:?]
	at org.apache.hadoop.ipc.Server$Handler.run(Server.java:2966) [hadoop-common-3.3.1.jar:?]
]]></system-out>
  </testcase>
  <testcase name="testRenameDestinationParentDoesntExist" classname="TestRootedOzoneFileSystem" time="0.194">
    <system-out><![CDATA[2022-07-12 23:24:16,703 [Time-limited test] INFO  rpc.RpcClient (RpcClient.java:createVolume(466)) - Creating Volume: volume00728, with user59552 as owner and space quota set to -1 bytes, counts quota set to -1
2022-07-12 23:24:16,722 [OM StateMachine ApplyTransaction Thread - 0] INFO  volume.OMVolumeCreateRequest (OMVolumeCreateRequest.java:validateAndUpdateCache(195)) - created volume:volume00728 for user:user59552
2022-07-12 23:24:16,723 [Time-limited test] INFO  rpc.RpcClient (RpcClient.java:createBucket(669)) - Creating Bucket: volume00728/bucket51944, with bucket layout LEGACY, runner as owner, Versioning false, Storage Type set to DISK and Encryption set to false 
2022-07-12 23:24:16,725 [OM StateMachine ApplyTransaction Thread - 0] INFO  bucket.OMBucketCreateRequest (OMBucketCreateRequest.java:validateAndUpdateCache(260)) - created bucket: bucket51944 of layout LEGACY in volume: volume00728
23:24:16.737 [IPC Server handler 10 on default port 45473] ERROR OMAudit - user=runner | ip=127.0.0.1 | op=GET_FILE_STATUS {volume=volume00728, bucket=bucket51944, key=root_dir/b/c, dataSize=0, replicationConfig=null} | ret=FAILURE
org.apache.hadoop.ozone.om.exceptions.OMException: Unable to get file status: volume: volume00728 bucket: bucket51944 key: root_dir/b/c
	at org.apache.hadoop.ozone.om.KeyManagerImpl.getOzoneFileStatus(KeyManagerImpl.java:1311) ~[ozone-manager-1.3.0-SNAPSHOT.jar:?]
	at org.apache.hadoop.ozone.om.KeyManagerImpl.getFileStatus(KeyManagerImpl.java:1241) ~[ozone-manager-1.3.0-SNAPSHOT.jar:?]
	at org.apache.hadoop.ozone.om.OzoneManager.getFileStatus(OzoneManager.java:3419) ~[ozone-manager-1.3.0-SNAPSHOT.jar:?]
	at org.apache.hadoop.ozone.protocolPB.OzoneManagerRequestHandler.getOzoneFileStatus(OzoneManagerRequestHandler.java:871) ~[ozone-manager-1.3.0-SNAPSHOT.jar:?]
	at org.apache.hadoop.ozone.protocolPB.OzoneManagerRequestHandler.handleReadRequest(OzoneManagerRequestHandler.java:217) ~[ozone-manager-1.3.0-SNAPSHOT.jar:?]
	at org.apache.hadoop.ozone.protocolPB.OzoneManagerProtocolServerSideTranslatorPB.submitReadRequestToOM(OzoneManagerProtocolServerSideTranslatorPB.java:226) ~[ozone-manager-1.3.0-SNAPSHOT.jar:?]
	at org.apache.hadoop.ozone.protocolPB.OzoneManagerProtocolServerSideTranslatorPB.processRequest(OzoneManagerProtocolServerSideTranslatorPB.java:175) ~[ozone-manager-1.3.0-SNAPSHOT.jar:?]
	at org.apache.hadoop.hdds.server.OzoneProtocolMessageDispatcher.processRequest(OzoneProtocolMessageDispatcher.java:87) [hdds-server-framework-1.3.0-SNAPSHOT.jar:?]
	at org.apache.hadoop.ozone.protocolPB.OzoneManagerProtocolServerSideTranslatorPB.submitRequest(OzoneManagerProtocolServerSideTranslatorPB.java:147) [ozone-manager-1.3.0-SNAPSHOT.jar:?]
	at org.apache.hadoop.ozone.protocol.proto.OzoneManagerProtocolProtos$OzoneManagerService$2.callBlockingMethod(OzoneManagerProtocolProtos.java) [ozone-interface-client-1.3.0-SNAPSHOT.jar:?]
	at org.apache.hadoop.ipc.ProtobufRpcEngine$Server.processCall(ProtobufRpcEngine.java:466) [hadoop-common-3.3.1.jar:?]
	at org.apache.hadoop.ipc.ProtobufRpcEngine2$Server$ProtoBufRpcInvoker.call(ProtobufRpcEngine2.java:574) [hadoop-common-3.3.1.jar:?]
	at org.apache.hadoop.ipc.ProtobufRpcEngine2$Server$ProtoBufRpcInvoker.call(ProtobufRpcEngine2.java:552) [hadoop-common-3.3.1.jar:?]
	at org.apache.hadoop.ipc.RPC$Server.call(RPC.java:1093) [hadoop-common-3.3.1.jar:?]
	at org.apache.hadoop.ipc.Server$RpcCall.run(Server.java:1035) [hadoop-common-3.3.1.jar:?]
	at org.apache.hadoop.ipc.Server$RpcCall.run(Server.java:963) [hadoop-common-3.3.1.jar:?]
	at java.security.AccessController.doPrivileged(Native Method) ~[?:1.8.0_332]
	at javax.security.auth.Subject.doAs(Subject.java:422) [?:1.8.0_332]
	at org.apache.hadoop.security.UserGroupInformation.doAs(UserGroupInformation.java:1878) [hadoop-common-3.3.1.jar:?]
	at org.apache.hadoop.ipc.Server$Handler.run(Server.java:2966) [hadoop-common-3.3.1.jar:?]
23:24:16.738 [IPC Server handler 0 on default port 45473] ERROR OMAudit - user=runner | ip=127.0.0.1 | op=GET_FILE_STATUS {volume=volume00728, bucket=bucket51944, key=root_dir/b, dataSize=0, replicationConfig=null} | ret=FAILURE
org.apache.hadoop.ozone.om.exceptions.OMException: Unable to get file status: volume: volume00728 bucket: bucket51944 key: root_dir/b
	at org.apache.hadoop.ozone.om.KeyManagerImpl.getOzoneFileStatus(KeyManagerImpl.java:1311) ~[ozone-manager-1.3.0-SNAPSHOT.jar:?]
	at org.apache.hadoop.ozone.om.KeyManagerImpl.getFileStatus(KeyManagerImpl.java:1241) ~[ozone-manager-1.3.0-SNAPSHOT.jar:?]
	at org.apache.hadoop.ozone.om.OzoneManager.getFileStatus(OzoneManager.java:3419) ~[ozone-manager-1.3.0-SNAPSHOT.jar:?]
	at org.apache.hadoop.ozone.protocolPB.OzoneManagerRequestHandler.getOzoneFileStatus(OzoneManagerRequestHandler.java:871) ~[ozone-manager-1.3.0-SNAPSHOT.jar:?]
	at org.apache.hadoop.ozone.protocolPB.OzoneManagerRequestHandler.handleReadRequest(OzoneManagerRequestHandler.java:217) ~[ozone-manager-1.3.0-SNAPSHOT.jar:?]
	at org.apache.hadoop.ozone.protocolPB.OzoneManagerProtocolServerSideTranslatorPB.submitReadRequestToOM(OzoneManagerProtocolServerSideTranslatorPB.java:226) ~[ozone-manager-1.3.0-SNAPSHOT.jar:?]
	at org.apache.hadoop.ozone.protocolPB.OzoneManagerProtocolServerSideTranslatorPB.processRequest(OzoneManagerProtocolServerSideTranslatorPB.java:175) ~[ozone-manager-1.3.0-SNAPSHOT.jar:?]
	at org.apache.hadoop.hdds.server.OzoneProtocolMessageDispatcher.processRequest(OzoneProtocolMessageDispatcher.java:87) [hdds-server-framework-1.3.0-SNAPSHOT.jar:?]
	at org.apache.hadoop.ozone.protocolPB.OzoneManagerProtocolServerSideTranslatorPB.submitRequest(OzoneManagerProtocolServerSideTranslatorPB.java:147) [ozone-manager-1.3.0-SNAPSHOT.jar:?]
	at org.apache.hadoop.ozone.protocol.proto.OzoneManagerProtocolProtos$OzoneManagerService$2.callBlockingMethod(OzoneManagerProtocolProtos.java) [ozone-interface-client-1.3.0-SNAPSHOT.jar:?]
	at org.apache.hadoop.ipc.ProtobufRpcEngine$Server.processCall(ProtobufRpcEngine.java:466) [hadoop-common-3.3.1.jar:?]
	at org.apache.hadoop.ipc.ProtobufRpcEngine2$Server$ProtoBufRpcInvoker.call(ProtobufRpcEngine2.java:574) [hadoop-common-3.3.1.jar:?]
	at org.apache.hadoop.ipc.ProtobufRpcEngine2$Server$ProtoBufRpcInvoker.call(ProtobufRpcEngine2.java:552) [hadoop-common-3.3.1.jar:?]
	at org.apache.hadoop.ipc.RPC$Server.call(RPC.java:1093) [hadoop-common-3.3.1.jar:?]
	at org.apache.hadoop.ipc.Server$RpcCall.run(Server.java:1035) [hadoop-common-3.3.1.jar:?]
	at org.apache.hadoop.ipc.Server$RpcCall.run(Server.java:963) [hadoop-common-3.3.1.jar:?]
	at java.security.AccessController.doPrivileged(Native Method) ~[?:1.8.0_332]
	at javax.security.auth.Subject.doAs(Subject.java:422) [?:1.8.0_332]
	at org.apache.hadoop.security.UserGroupInformation.doAs(UserGroupInformation.java:1878) [hadoop-common-3.3.1.jar:?]
	at org.apache.hadoop.ipc.Server$Handler.run(Server.java:2966) [hadoop-common-3.3.1.jar:?]
23:24:16.745 [IPC Server handler 19 on default port 45473] ERROR OMAudit - user=runner | ip=127.0.0.1 | op=GET_FILE_STATUS {volume=volume00728, bucket=bucket51944, key=root_dir/file1/c, dataSize=0, replicationConfig=null} | ret=FAILURE
org.apache.hadoop.ozone.om.exceptions.OMException: Unable to get file status: volume: volume00728 bucket: bucket51944 key: root_dir/file1/c
	at org.apache.hadoop.ozone.om.KeyManagerImpl.getOzoneFileStatus(KeyManagerImpl.java:1311) ~[ozone-manager-1.3.0-SNAPSHOT.jar:?]
	at org.apache.hadoop.ozone.om.KeyManagerImpl.getFileStatus(KeyManagerImpl.java:1241) ~[ozone-manager-1.3.0-SNAPSHOT.jar:?]
	at org.apache.hadoop.ozone.om.OzoneManager.getFileStatus(OzoneManager.java:3419) ~[ozone-manager-1.3.0-SNAPSHOT.jar:?]
	at org.apache.hadoop.ozone.protocolPB.OzoneManagerRequestHandler.getOzoneFileStatus(OzoneManagerRequestHandler.java:871) ~[ozone-manager-1.3.0-SNAPSHOT.jar:?]
	at org.apache.hadoop.ozone.protocolPB.OzoneManagerRequestHandler.handleReadRequest(OzoneManagerRequestHandler.java:217) ~[ozone-manager-1.3.0-SNAPSHOT.jar:?]
	at org.apache.hadoop.ozone.protocolPB.OzoneManagerProtocolServerSideTranslatorPB.submitReadRequestToOM(OzoneManagerProtocolServerSideTranslatorPB.java:226) ~[ozone-manager-1.3.0-SNAPSHOT.jar:?]
	at org.apache.hadoop.ozone.protocolPB.OzoneManagerProtocolServerSideTranslatorPB.processRequest(OzoneManagerProtocolServerSideTranslatorPB.java:175) ~[ozone-manager-1.3.0-SNAPSHOT.jar:?]
	at org.apache.hadoop.hdds.server.OzoneProtocolMessageDispatcher.processRequest(OzoneProtocolMessageDispatcher.java:87) [hdds-server-framework-1.3.0-SNAPSHOT.jar:?]
	at org.apache.hadoop.ozone.protocolPB.OzoneManagerProtocolServerSideTranslatorPB.submitRequest(OzoneManagerProtocolServerSideTranslatorPB.java:147) [ozone-manager-1.3.0-SNAPSHOT.jar:?]
	at org.apache.hadoop.ozone.protocol.proto.OzoneManagerProtocolProtos$OzoneManagerService$2.callBlockingMethod(OzoneManagerProtocolProtos.java) [ozone-interface-client-1.3.0-SNAPSHOT.jar:?]
	at org.apache.hadoop.ipc.ProtobufRpcEngine$Server.processCall(ProtobufRpcEngine.java:466) [hadoop-common-3.3.1.jar:?]
	at org.apache.hadoop.ipc.ProtobufRpcEngine2$Server$ProtoBufRpcInvoker.call(ProtobufRpcEngine2.java:574) [hadoop-common-3.3.1.jar:?]
	at org.apache.hadoop.ipc.ProtobufRpcEngine2$Server$ProtoBufRpcInvoker.call(ProtobufRpcEngine2.java:552) [hadoop-common-3.3.1.jar:?]
	at org.apache.hadoop.ipc.RPC$Server.call(RPC.java:1093) [hadoop-common-3.3.1.jar:?]
	at org.apache.hadoop.ipc.Server$RpcCall.run(Server.java:1035) [hadoop-common-3.3.1.jar:?]
	at org.apache.hadoop.ipc.Server$RpcCall.run(Server.java:963) [hadoop-common-3.3.1.jar:?]
	at java.security.AccessController.doPrivileged(Native Method) ~[?:1.8.0_332]
	at javax.security.auth.Subject.doAs(Subject.java:422) [?:1.8.0_332]
	at org.apache.hadoop.security.UserGroupInformation.doAs(UserGroupInformation.java:1878) [hadoop-common-3.3.1.jar:?]
	at org.apache.hadoop.ipc.Server$Handler.run(Server.java:2966) [hadoop-common-3.3.1.jar:?]
]]></system-out>
  </testcase>
  <testcase name="testRenameDestinationParentDoesntExist" classname="TestRootedOzoneFileSystem" time="0.117">
    <system-out><![CDATA[2022-07-12 23:25:37,728 [Time-limited test] INFO  rpc.RpcClient (RpcClient.java:createVolume(466)) - Creating Volume: volume52474, with user44806 as owner and space quota set to -1 bytes, counts quota set to -1
2022-07-12 23:25:37,733 [IPC Server handler 2 on default port 46473] INFO  volume.OMVolumeCreateRequest (OMVolumeCreateRequest.java:validateAndUpdateCache(195)) - created volume:volume52474 for user:user44806
2022-07-12 23:25:37,735 [Time-limited test] INFO  rpc.RpcClient (RpcClient.java:createBucket(669)) - Creating Bucket: volume52474/bucket03288, with bucket layout LEGACY, runner as owner, Versioning false, Storage Type set to DISK and Encryption set to false 
2022-07-12 23:25:37,736 [IPC Server handler 3 on default port 46473] INFO  bucket.OMBucketCreateRequest (OMBucketCreateRequest.java:validateAndUpdateCache(260)) - created bucket: bucket03288 of layout LEGACY in volume: volume52474
23:25:37.765 [IPC Server handler 13 on default port 46473] ERROR OMAudit - user=runner | ip=127.0.0.1 | op=GET_FILE_STATUS {volume=volume52474, bucket=bucket03288, key=root_dir/b/c, dataSize=0, replicationConfig=null} | ret=FAILURE
org.apache.hadoop.ozone.om.exceptions.OMException: Unable to get file status: volume: volume52474 bucket: bucket03288 key: root_dir/b/c
	at org.apache.hadoop.ozone.om.KeyManagerImpl.getOzoneFileStatus(KeyManagerImpl.java:1311) ~[ozone-manager-1.3.0-SNAPSHOT.jar:?]
	at org.apache.hadoop.ozone.om.KeyManagerImpl.getFileStatus(KeyManagerImpl.java:1241) ~[ozone-manager-1.3.0-SNAPSHOT.jar:?]
	at org.apache.hadoop.ozone.om.OzoneManager.getFileStatus(OzoneManager.java:3419) ~[ozone-manager-1.3.0-SNAPSHOT.jar:?]
	at org.apache.hadoop.ozone.protocolPB.OzoneManagerRequestHandler.getOzoneFileStatus(OzoneManagerRequestHandler.java:871) ~[ozone-manager-1.3.0-SNAPSHOT.jar:?]
	at org.apache.hadoop.ozone.protocolPB.OzoneManagerRequestHandler.handleReadRequest(OzoneManagerRequestHandler.java:217) ~[ozone-manager-1.3.0-SNAPSHOT.jar:?]
	at org.apache.hadoop.ozone.protocolPB.OzoneManagerProtocolServerSideTranslatorPB.submitRequestDirectlyToOM(OzoneManagerProtocolServerSideTranslatorPB.java:276) ~[ozone-manager-1.3.0-SNAPSHOT.jar:?]
	at org.apache.hadoop.ozone.protocolPB.OzoneManagerProtocolServerSideTranslatorPB.processRequest(OzoneManagerProtocolServerSideTranslatorPB.java:205) ~[ozone-manager-1.3.0-SNAPSHOT.jar:?]
	at org.apache.hadoop.hdds.server.OzoneProtocolMessageDispatcher.processRequest(OzoneProtocolMessageDispatcher.java:87) [hdds-server-framework-1.3.0-SNAPSHOT.jar:?]
	at org.apache.hadoop.ozone.protocolPB.OzoneManagerProtocolServerSideTranslatorPB.submitRequest(OzoneManagerProtocolServerSideTranslatorPB.java:147) [ozone-manager-1.3.0-SNAPSHOT.jar:?]
	at org.apache.hadoop.ozone.protocol.proto.OzoneManagerProtocolProtos$OzoneManagerService$2.callBlockingMethod(OzoneManagerProtocolProtos.java) [ozone-interface-client-1.3.0-SNAPSHOT.jar:?]
	at org.apache.hadoop.ipc.ProtobufRpcEngine$Server.processCall(ProtobufRpcEngine.java:466) [hadoop-common-3.3.1.jar:?]
	at org.apache.hadoop.ipc.ProtobufRpcEngine2$Server$ProtoBufRpcInvoker.call(ProtobufRpcEngine2.java:574) [hadoop-common-3.3.1.jar:?]
	at org.apache.hadoop.ipc.ProtobufRpcEngine2$Server$ProtoBufRpcInvoker.call(ProtobufRpcEngine2.java:552) [hadoop-common-3.3.1.jar:?]
	at org.apache.hadoop.ipc.RPC$Server.call(RPC.java:1093) [hadoop-common-3.3.1.jar:?]
	at org.apache.hadoop.ipc.Server$RpcCall.run(Server.java:1035) [hadoop-common-3.3.1.jar:?]
	at org.apache.hadoop.ipc.Server$RpcCall.run(Server.java:963) [hadoop-common-3.3.1.jar:?]
	at java.security.AccessController.doPrivileged(Native Method) ~[?:1.8.0_332]
	at javax.security.auth.Subject.doAs(Subject.java:422) [?:1.8.0_332]
	at org.apache.hadoop.security.UserGroupInformation.doAs(UserGroupInformation.java:1878) [hadoop-common-3.3.1.jar:?]
	at org.apache.hadoop.ipc.Server$Handler.run(Server.java:2966) [hadoop-common-3.3.1.jar:?]
23:25:37.769 [IPC Server handler 11 on default port 46473] ERROR OMAudit - user=runner | ip=127.0.0.1 | op=GET_FILE_STATUS {volume=volume52474, bucket=bucket03288, key=root_dir/b, dataSize=0, replicationConfig=null} | ret=FAILURE
org.apache.hadoop.ozone.om.exceptions.OMException: Unable to get file status: volume: volume52474 bucket: bucket03288 key: root_dir/b
	at org.apache.hadoop.ozone.om.KeyManagerImpl.getOzoneFileStatus(KeyManagerImpl.java:1311) ~[ozone-manager-1.3.0-SNAPSHOT.jar:?]
	at org.apache.hadoop.ozone.om.KeyManagerImpl.getFileStatus(KeyManagerImpl.java:1241) ~[ozone-manager-1.3.0-SNAPSHOT.jar:?]
	at org.apache.hadoop.ozone.om.OzoneManager.getFileStatus(OzoneManager.java:3419) ~[ozone-manager-1.3.0-SNAPSHOT.jar:?]
	at org.apache.hadoop.ozone.protocolPB.OzoneManagerRequestHandler.getOzoneFileStatus(OzoneManagerRequestHandler.java:871) ~[ozone-manager-1.3.0-SNAPSHOT.jar:?]
	at org.apache.hadoop.ozone.protocolPB.OzoneManagerRequestHandler.handleReadRequest(OzoneManagerRequestHandler.java:217) ~[ozone-manager-1.3.0-SNAPSHOT.jar:?]
	at org.apache.hadoop.ozone.protocolPB.OzoneManagerProtocolServerSideTranslatorPB.submitRequestDirectlyToOM(OzoneManagerProtocolServerSideTranslatorPB.java:276) ~[ozone-manager-1.3.0-SNAPSHOT.jar:?]
	at org.apache.hadoop.ozone.protocolPB.OzoneManagerProtocolServerSideTranslatorPB.processRequest(OzoneManagerProtocolServerSideTranslatorPB.java:205) ~[ozone-manager-1.3.0-SNAPSHOT.jar:?]
	at org.apache.hadoop.hdds.server.OzoneProtocolMessageDispatcher.processRequest(OzoneProtocolMessageDispatcher.java:87) [hdds-server-framework-1.3.0-SNAPSHOT.jar:?]
	at org.apache.hadoop.ozone.protocolPB.OzoneManagerProtocolServerSideTranslatorPB.submitRequest(OzoneManagerProtocolServerSideTranslatorPB.java:147) [ozone-manager-1.3.0-SNAPSHOT.jar:?]
	at org.apache.hadoop.ozone.protocol.proto.OzoneManagerProtocolProtos$OzoneManagerService$2.callBlockingMethod(OzoneManagerProtocolProtos.java) [ozone-interface-client-1.3.0-SNAPSHOT.jar:?]
	at org.apache.hadoop.ipc.ProtobufRpcEngine$Server.processCall(ProtobufRpcEngine.java:466) [hadoop-common-3.3.1.jar:?]
	at org.apache.hadoop.ipc.ProtobufRpcEngine2$Server$ProtoBufRpcInvoker.call(ProtobufRpcEngine2.java:574) [hadoop-common-3.3.1.jar:?]
	at org.apache.hadoop.ipc.ProtobufRpcEngine2$Server$ProtoBufRpcInvoker.call(ProtobufRpcEngine2.java:552) [hadoop-common-3.3.1.jar:?]
	at org.apache.hadoop.ipc.RPC$Server.call(RPC.java:1093) [hadoop-common-3.3.1.jar:?]
	at org.apache.hadoop.ipc.Server$RpcCall.run(Server.java:1035) [hadoop-common-3.3.1.jar:?]
	at org.apache.hadoop.ipc.Server$RpcCall.run(Server.java:963) [hadoop-common-3.3.1.jar:?]
	at java.security.AccessController.doPrivileged(Native Method) ~[?:1.8.0_332]
	at javax.security.auth.Subject.doAs(Subject.java:422) [?:1.8.0_332]
	at org.apache.hadoop.security.UserGroupInformation.doAs(UserGroupInformation.java:1878) [hadoop-common-3.3.1.jar:?]
	at org.apache.hadoop.ipc.Server$Handler.run(Server.java:2966) [hadoop-common-3.3.1.jar:?]
23:25:37.776 [IPC Server handler 2 on default port 46473] ERROR OMAudit - user=runner | ip=127.0.0.1 | op=GET_FILE_STATUS {volume=volume52474, bucket=bucket03288, key=root_dir/file1/c, dataSize=0, replicationConfig=null} | ret=FAILURE
org.apache.hadoop.ozone.om.exceptions.OMException: Unable to get file status: volume: volume52474 bucket: bucket03288 key: root_dir/file1/c
	at org.apache.hadoop.ozone.om.KeyManagerImpl.getOzoneFileStatus(KeyManagerImpl.java:1311) ~[ozone-manager-1.3.0-SNAPSHOT.jar:?]
	at org.apache.hadoop.ozone.om.KeyManagerImpl.getFileStatus(KeyManagerImpl.java:1241) ~[ozone-manager-1.3.0-SNAPSHOT.jar:?]
	at org.apache.hadoop.ozone.om.OzoneManager.getFileStatus(OzoneManager.java:3419) ~[ozone-manager-1.3.0-SNAPSHOT.jar:?]
	at org.apache.hadoop.ozone.protocolPB.OzoneManagerRequestHandler.getOzoneFileStatus(OzoneManagerRequestHandler.java:871) ~[ozone-manager-1.3.0-SNAPSHOT.jar:?]
	at org.apache.hadoop.ozone.protocolPB.OzoneManagerRequestHandler.handleReadRequest(OzoneManagerRequestHandler.java:217) ~[ozone-manager-1.3.0-SNAPSHOT.jar:?]
	at org.apache.hadoop.ozone.protocolPB.OzoneManagerProtocolServerSideTranslatorPB.submitRequestDirectlyToOM(OzoneManagerProtocolServerSideTranslatorPB.java:276) ~[ozone-manager-1.3.0-SNAPSHOT.jar:?]
	at org.apache.hadoop.ozone.protocolPB.OzoneManagerProtocolServerSideTranslatorPB.processRequest(OzoneManagerProtocolServerSideTranslatorPB.java:205) ~[ozone-manager-1.3.0-SNAPSHOT.jar:?]
	at org.apache.hadoop.hdds.server.OzoneProtocolMessageDispatcher.processRequest(OzoneProtocolMessageDispatcher.java:87) [hdds-server-framework-1.3.0-SNAPSHOT.jar:?]
	at org.apache.hadoop.ozone.protocolPB.OzoneManagerProtocolServerSideTranslatorPB.submitRequest(OzoneManagerProtocolServerSideTranslatorPB.java:147) [ozone-manager-1.3.0-SNAPSHOT.jar:?]
	at org.apache.hadoop.ozone.protocol.proto.OzoneManagerProtocolProtos$OzoneManagerService$2.callBlockingMethod(OzoneManagerProtocolProtos.java) [ozone-interface-client-1.3.0-SNAPSHOT.jar:?]
	at org.apache.hadoop.ipc.ProtobufRpcEngine$Server.processCall(ProtobufRpcEngine.java:466) [hadoop-common-3.3.1.jar:?]
	at org.apache.hadoop.ipc.ProtobufRpcEngine2$Server$ProtoBufRpcInvoker.call(ProtobufRpcEngine2.java:574) [hadoop-common-3.3.1.jar:?]
	at org.apache.hadoop.ipc.ProtobufRpcEngine2$Server$ProtoBufRpcInvoker.call(ProtobufRpcEngine2.java:552) [hadoop-common-3.3.1.jar:?]
	at org.apache.hadoop.ipc.RPC$Server.call(RPC.java:1093) [hadoop-common-3.3.1.jar:?]
	at org.apache.hadoop.ipc.Server$RpcCall.run(Server.java:1035) [hadoop-common-3.3.1.jar:?]
	at org.apache.hadoop.ipc.Server$RpcCall.run(Server.java:963) [hadoop-common-3.3.1.jar:?]
	at java.security.AccessController.doPrivileged(Native Method) ~[?:1.8.0_332]
	at javax.security.auth.Subject.doAs(Subject.java:422) [?:1.8.0_332]
	at org.apache.hadoop.security.UserGroupInformation.doAs(UserGroupInformation.java:1878) [hadoop-common-3.3.1.jar:?]
	at org.apache.hadoop.ipc.Server$Handler.run(Server.java:2966) [hadoop-common-3.3.1.jar:?]
]]></system-out>
  </testcase>
  <testcase name="testGetFileStatusRoot" classname="TestRootedOzoneFileSystem" time="0.061">
    <system-out><![CDATA[2022-07-12 23:20:25,662 [Time-limited test] INFO  rpc.RpcClient (RpcClient.java:createVolume(466)) - Creating Volume: volume92967, with user26121 as owner and space quota set to -1 bytes, counts quota set to -1
2022-07-12 23:20:25,667 [OM StateMachine ApplyTransaction Thread - 0] INFO  volume.OMVolumeCreateRequest (OMVolumeCreateRequest.java:validateAndUpdateCache(195)) - created volume:volume92967 for user:user26121
2022-07-12 23:20:25,670 [Time-limited test] INFO  rpc.RpcClient (RpcClient.java:createBucket(669)) - Creating Bucket: volume92967/bucket01664, with bucket layout LEGACY, runner as owner, Versioning false, Storage Type set to DISK and Encryption set to false 
2022-07-12 23:20:25,672 [OM StateMachine ApplyTransaction Thread - 0] INFO  bucket.OMBucketCreateRequest (OMBucketCreateRequest.java:validateAndUpdateCache(260)) - created bucket: bucket01664 of layout LEGACY in volume: volume92967
]]></system-out>
  </testcase>
  <testcase name="testGetFileStatusRoot" classname="TestRootedOzoneFileSystem" time="0.112">
    <system-out><![CDATA[2022-07-12 23:21:38,073 [Time-limited test] INFO  rpc.RpcClient (RpcClient.java:createVolume(466)) - Creating Volume: volume56189, with user04624 as owner and space quota set to -1 bytes, counts quota set to -1
2022-07-12 23:21:38,075 [OM StateMachine ApplyTransaction Thread - 0] INFO  volume.OMVolumeCreateRequest (OMVolumeCreateRequest.java:validateAndUpdateCache(195)) - created volume:volume56189 for user:user04624
2022-07-12 23:21:38,079 [Time-limited test] INFO  rpc.RpcClient (RpcClient.java:createBucket(669)) - Creating Bucket: volume56189/bucket73119, with bucket layout LEGACY, runner as owner, Versioning false, Storage Type set to DISK and Encryption set to false 
2022-07-12 23:21:38,081 [OM StateMachine ApplyTransaction Thread - 0] INFO  bucket.OMBucketCreateRequest (OMBucketCreateRequest.java:validateAndUpdateCache(260)) - created bucket: bucket73119 of layout LEGACY in volume: volume56189
]]></system-out>
  </testcase>
  <testcase name="testGetFileStatusRoot" classname="TestRootedOzoneFileSystem" time="0.154">
    <system-out><![CDATA[2022-07-12 23:22:54,242 [Time-limited test] INFO  rpc.RpcClient (RpcClient.java:createVolume(466)) - Creating Volume: volume70598, with user57296 as owner and space quota set to -1 bytes, counts quota set to -1
2022-07-12 23:22:54,243 [IPC Server handler 7 on default port 43683] INFO  volume.OMVolumeCreateRequest (OMVolumeCreateRequest.java:validateAndUpdateCache(195)) - created volume:volume70598 for user:user57296
2022-07-12 23:22:54,248 [Time-limited test] INFO  rpc.RpcClient (RpcClient.java:createBucket(669)) - Creating Bucket: volume70598/bucket89721, with bucket layout LEGACY, runner as owner, Versioning false, Storage Type set to DISK and Encryption set to false 
2022-07-12 23:22:54,248 [IPC Server handler 14 on default port 43683] INFO  bucket.OMBucketCreateRequest (OMBucketCreateRequest.java:validateAndUpdateCache(260)) - created bucket: bucket89721 of layout LEGACY in volume: volume70598
]]></system-out>
  </testcase>
  <testcase name="testGetFileStatusRoot" classname="TestRootedOzoneFileSystem" time="0.127">
    <system-out><![CDATA[2022-07-12 23:24:16,861 [Time-limited test] INFO  rpc.RpcClient (RpcClient.java:createVolume(466)) - Creating Volume: volume09956, with user55538 as owner and space quota set to -1 bytes, counts quota set to -1
2022-07-12 23:24:16,863 [OM StateMachine ApplyTransaction Thread - 0] INFO  volume.OMVolumeCreateRequest (OMVolumeCreateRequest.java:validateAndUpdateCache(195)) - created volume:volume09956 for user:user55538
2022-07-12 23:24:16,863 [Time-limited test] INFO  rpc.RpcClient (RpcClient.java:createBucket(669)) - Creating Bucket: volume09956/bucket87043, with bucket layout LEGACY, runner as owner, Versioning false, Storage Type set to DISK and Encryption set to false 
2022-07-12 23:24:16,866 [OM StateMachine ApplyTransaction Thread - 0] INFO  bucket.OMBucketCreateRequest (OMBucketCreateRequest.java:validateAndUpdateCache(260)) - created bucket: bucket87043 of layout LEGACY in volume: volume09956
]]></system-out>
  </testcase>
  <testcase name="testGetFileStatusRoot" classname="TestRootedOzoneFileSystem" time="0.168">
    <system-out><![CDATA[2022-07-12 23:25:37,889 [Time-limited test] INFO  rpc.RpcClient (RpcClient.java:createVolume(466)) - Creating Volume: volume81751, with user23350 as owner and space quota set to -1 bytes, counts quota set to -1
2022-07-12 23:25:37,893 [IPC Server handler 3 on default port 46473] INFO  volume.OMVolumeCreateRequest (OMVolumeCreateRequest.java:validateAndUpdateCache(195)) - created volume:volume81751 for user:user23350
2022-07-12 23:25:37,897 [Time-limited test] INFO  rpc.RpcClient (RpcClient.java:createBucket(669)) - Creating Bucket: volume81751/bucket66961, with bucket layout LEGACY, runner as owner, Versioning false, Storage Type set to DISK and Encryption set to false 
2022-07-12 23:25:37,898 [IPC Server handler 15 on default port 46473] INFO  bucket.OMBucketCreateRequest (OMBucketCreateRequest.java:validateAndUpdateCache(260)) - created bucket: bucket66961 of layout LEGACY in volume: volume81751
]]></system-out>
  </testcase>
  <testcase name="testCreateWithInvalidPaths" classname="TestRootedOzoneFileSystem" time="0.06">
    <system-out><![CDATA[2022-07-12 23:20:25,716 [Time-limited test] INFO  rpc.RpcClient (RpcClient.java:createVolume(466)) - Creating Volume: volume80924, with user26886 as owner and space quota set to -1 bytes, counts quota set to -1
2022-07-12 23:20:25,720 [OM StateMachine ApplyTransaction Thread - 0] INFO  volume.OMVolumeCreateRequest (OMVolumeCreateRequest.java:validateAndUpdateCache(195)) - created volume:volume80924 for user:user26886
2022-07-12 23:20:25,724 [Time-limited test] INFO  rpc.RpcClient (RpcClient.java:createBucket(669)) - Creating Bucket: volume80924/bucket14072, with bucket layout LEGACY, runner as owner, Versioning false, Storage Type set to DISK and Encryption set to false 
2022-07-12 23:20:25,727 [OM StateMachine ApplyTransaction Thread - 0] INFO  bucket.OMBucketCreateRequest (OMBucketCreateRequest.java:validateAndUpdateCache(260)) - created bucket: bucket14072 of layout LEGACY in volume: volume80924
]]></system-out>
  </testcase>
  <testcase name="testCreateWithInvalidPaths" classname="TestRootedOzoneFileSystem" time="0.109">
    <system-out><![CDATA[2022-07-12 23:21:38,185 [Time-limited test] INFO  rpc.RpcClient (RpcClient.java:createVolume(466)) - Creating Volume: volume24812, with user21878 as owner and space quota set to -1 bytes, counts quota set to -1
2022-07-12 23:21:38,188 [OM StateMachine ApplyTransaction Thread - 0] INFO  volume.OMVolumeCreateRequest (OMVolumeCreateRequest.java:validateAndUpdateCache(195)) - created volume:volume24812 for user:user21878
2022-07-12 23:21:38,190 [Time-limited test] INFO  rpc.RpcClient (RpcClient.java:createBucket(669)) - Creating Bucket: volume24812/bucket45667, with bucket layout LEGACY, runner as owner, Versioning false, Storage Type set to DISK and Encryption set to false 
2022-07-12 23:21:38,191 [OM StateMachine ApplyTransaction Thread - 0] INFO  bucket.OMBucketCreateRequest (OMBucketCreateRequest.java:validateAndUpdateCache(260)) - created bucket: bucket45667 of layout LEGACY in volume: volume24812
]]></system-out>
  </testcase>
  <testcase name="testCreateWithInvalidPaths" classname="TestRootedOzoneFileSystem" time="0.189">
    <system-out><![CDATA[2022-07-12 23:22:54,441 [Time-limited test] INFO  rpc.RpcClient (RpcClient.java:createVolume(466)) - Creating Volume: volume13730, with user24617 as owner and space quota set to -1 bytes, counts quota set to -1
2022-07-12 23:22:54,442 [IPC Server handler 6 on default port 43683] INFO  volume.OMVolumeCreateRequest (OMVolumeCreateRequest.java:validateAndUpdateCache(195)) - created volume:volume13730 for user:user24617
2022-07-12 23:22:54,443 [Time-limited test] INFO  rpc.RpcClient (RpcClient.java:createBucket(669)) - Creating Bucket: volume13730/bucket11141, with bucket layout LEGACY, runner as owner, Versioning false, Storage Type set to DISK and Encryption set to false 
2022-07-12 23:22:54,443 [IPC Server handler 13 on default port 43683] INFO  bucket.OMBucketCreateRequest (OMBucketCreateRequest.java:validateAndUpdateCache(260)) - created bucket: bucket11141 of layout LEGACY in volume: volume13730
]]></system-out>
  </testcase>
  <testcase name="testCreateWithInvalidPaths" classname="TestRootedOzoneFileSystem" time="0.175">
    <system-out><![CDATA[2022-07-12 23:24:17,039 [Time-limited test] INFO  rpc.RpcClient (RpcClient.java:createVolume(466)) - Creating Volume: volume14914, with user63144 as owner and space quota set to -1 bytes, counts quota set to -1
2022-07-12 23:24:17,041 [OM StateMachine ApplyTransaction Thread - 0] INFO  volume.OMVolumeCreateRequest (OMVolumeCreateRequest.java:validateAndUpdateCache(195)) - created volume:volume14914 for user:user63144
2022-07-12 23:24:17,042 [Time-limited test] INFO  rpc.RpcClient (RpcClient.java:createBucket(669)) - Creating Bucket: volume14914/bucket53649, with bucket layout LEGACY, runner as owner, Versioning false, Storage Type set to DISK and Encryption set to false 
2022-07-12 23:24:17,046 [OM StateMachine ApplyTransaction Thread - 0] INFO  bucket.OMBucketCreateRequest (OMBucketCreateRequest.java:validateAndUpdateCache(260)) - created bucket: bucket53649 of layout LEGACY in volume: volume14914
]]></system-out>
  </testcase>
  <testcase name="testCreateWithInvalidPaths" classname="TestRootedOzoneFileSystem" time="0.173">
    <system-out><![CDATA[2022-07-12 23:25:38,103 [Time-limited test] INFO  rpc.RpcClient (RpcClient.java:createVolume(466)) - Creating Volume: volume17483, with user61628 as owner and space quota set to -1 bytes, counts quota set to -1
2022-07-12 23:25:38,105 [IPC Server handler 19 on default port 46473] INFO  volume.OMVolumeCreateRequest (OMVolumeCreateRequest.java:validateAndUpdateCache(195)) - created volume:volume17483 for user:user61628
2022-07-12 23:25:38,113 [Time-limited test] INFO  rpc.RpcClient (RpcClient.java:createBucket(669)) - Creating Bucket: volume17483/bucket55955, with bucket layout LEGACY, runner as owner, Versioning false, Storage Type set to DISK and Encryption set to false 
2022-07-12 23:25:38,114 [IPC Server handler 18 on default port 46473] INFO  bucket.OMBucketCreateRequest (OMBucketCreateRequest.java:validateAndUpdateCache(260)) - created bucket: bucket55955 of layout LEGACY in volume: volume17483
]]></system-out>
  </testcase>
  <testcase name="testDeleteEmptyVolume" classname="TestRootedOzoneFileSystem" time="0.066">
    <system-out><![CDATA[2022-07-12 23:20:25,778 [Time-limited test] INFO  rpc.RpcClient (RpcClient.java:createVolume(466)) - Creating Volume: volume13141, with user18966 as owner and space quota set to -1 bytes, counts quota set to -1
2022-07-12 23:20:25,784 [OM StateMachine ApplyTransaction Thread - 0] INFO  volume.OMVolumeCreateRequest (OMVolumeCreateRequest.java:validateAndUpdateCache(195)) - created volume:volume13141 for user:user18966
2022-07-12 23:20:25,787 [Time-limited test] INFO  rpc.RpcClient (RpcClient.java:createBucket(669)) - Creating Bucket: volume13141/bucket10529, with bucket layout LEGACY, runner as owner, Versioning false, Storage Type set to DISK and Encryption set to false 
2022-07-12 23:20:25,789 [OM StateMachine ApplyTransaction Thread - 0] INFO  bucket.OMBucketCreateRequest (OMBucketCreateRequest.java:validateAndUpdateCache(260)) - created bucket: bucket10529 of layout LEGACY in volume: volume13141
2022-07-12 23:20:25,792 [Time-limited test] INFO  rpc.RpcClient (RpcClient.java:createVolume(466)) - Creating Volume: volume-20998, with runner as owner and space quota set to -1 bytes, counts quota set to -1
2022-07-12 23:20:25,794 [OM StateMachine ApplyTransaction Thread - 0] INFO  volume.OMVolumeCreateRequest (OMVolumeCreateRequest.java:validateAndUpdateCache(195)) - created volume:volume-20998 for user:runner
]]></system-out>
  </testcase>
  <testcase name="testDeleteEmptyVolume" classname="TestRootedOzoneFileSystem" time="0.092">
    <system-out><![CDATA[2022-07-12 23:21:38,267 [Time-limited test] INFO  rpc.RpcClient (RpcClient.java:createVolume(466)) - Creating Volume: volume20881, with user14345 as owner and space quota set to -1 bytes, counts quota set to -1
2022-07-12 23:21:38,269 [OM StateMachine ApplyTransaction Thread - 0] INFO  volume.OMVolumeCreateRequest (OMVolumeCreateRequest.java:validateAndUpdateCache(195)) - created volume:volume20881 for user:user14345
2022-07-12 23:21:38,270 [Time-limited test] INFO  rpc.RpcClient (RpcClient.java:createBucket(669)) - Creating Bucket: volume20881/bucket75574, with bucket layout LEGACY, runner as owner, Versioning false, Storage Type set to DISK and Encryption set to false 
2022-07-12 23:21:38,272 [OM StateMachine ApplyTransaction Thread - 0] INFO  bucket.OMBucketCreateRequest (OMBucketCreateRequest.java:validateAndUpdateCache(260)) - created bucket: bucket75574 of layout LEGACY in volume: volume20881
2022-07-12 23:21:38,274 [Time-limited test] INFO  rpc.RpcClient (RpcClient.java:createVolume(466)) - Creating Volume: volume-34738, with runner as owner and space quota set to -1 bytes, counts quota set to -1
2022-07-12 23:21:38,276 [OM StateMachine ApplyTransaction Thread - 0] INFO  volume.OMVolumeCreateRequest (OMVolumeCreateRequest.java:validateAndUpdateCache(195)) - created volume:volume-34738 for user:runner
23:21:38.282 [IPC Server handler 19 on default port 33951] ERROR OMAudit - user=runner | ip=127.0.0.1 | op=READ_VOLUME {volume=volume-34738} | ret=FAILURE
org.apache.hadoop.ozone.om.exceptions.OMException: Volume volume-34738 is not found
	at org.apache.hadoop.ozone.om.VolumeManagerImpl.getVolumeInfo(VolumeManagerImpl.java:74) ~[ozone-manager-1.3.0-SNAPSHOT.jar:?]
	at org.apache.hadoop.ozone.om.OzoneManager.getVolumeInfo(OzoneManager.java:2602) ~[ozone-manager-1.3.0-SNAPSHOT.jar:?]
	at org.apache.hadoop.ozone.protocolPB.OzoneManagerRequestHandler.infoVolume(OzoneManagerRequestHandler.java:390) ~[ozone-manager-1.3.0-SNAPSHOT.jar:?]
	at org.apache.hadoop.ozone.protocolPB.OzoneManagerRequestHandler.handleReadRequest(OzoneManagerRequestHandler.java:162) ~[ozone-manager-1.3.0-SNAPSHOT.jar:?]
	at org.apache.hadoop.ozone.protocolPB.OzoneManagerProtocolServerSideTranslatorPB.submitReadRequestToOM(OzoneManagerProtocolServerSideTranslatorPB.java:226) ~[ozone-manager-1.3.0-SNAPSHOT.jar:?]
	at org.apache.hadoop.ozone.protocolPB.OzoneManagerProtocolServerSideTranslatorPB.processRequest(OzoneManagerProtocolServerSideTranslatorPB.java:175) ~[ozone-manager-1.3.0-SNAPSHOT.jar:?]
	at org.apache.hadoop.hdds.server.OzoneProtocolMessageDispatcher.processRequest(OzoneProtocolMessageDispatcher.java:87) [hdds-server-framework-1.3.0-SNAPSHOT.jar:?]
	at org.apache.hadoop.ozone.protocolPB.OzoneManagerProtocolServerSideTranslatorPB.submitRequest(OzoneManagerProtocolServerSideTranslatorPB.java:147) [ozone-manager-1.3.0-SNAPSHOT.jar:?]
	at org.apache.hadoop.ozone.protocol.proto.OzoneManagerProtocolProtos$OzoneManagerService$2.callBlockingMethod(OzoneManagerProtocolProtos.java) [ozone-interface-client-1.3.0-SNAPSHOT.jar:?]
	at org.apache.hadoop.ipc.ProtobufRpcEngine$Server.processCall(ProtobufRpcEngine.java:466) [hadoop-common-3.3.1.jar:?]
	at org.apache.hadoop.ipc.ProtobufRpcEngine2$Server$ProtoBufRpcInvoker.call(ProtobufRpcEngine2.java:574) [hadoop-common-3.3.1.jar:?]
	at org.apache.hadoop.ipc.ProtobufRpcEngine2$Server$ProtoBufRpcInvoker.call(ProtobufRpcEngine2.java:552) [hadoop-common-3.3.1.jar:?]
	at org.apache.hadoop.ipc.RPC$Server.call(RPC.java:1093) [hadoop-common-3.3.1.jar:?]
	at org.apache.hadoop.ipc.Server$RpcCall.run(Server.java:1035) [hadoop-common-3.3.1.jar:?]
	at org.apache.hadoop.ipc.Server$RpcCall.run(Server.java:963) [hadoop-common-3.3.1.jar:?]
	at java.security.AccessController.doPrivileged(Native Method) ~[?:1.8.0_332]
	at javax.security.auth.Subject.doAs(Subject.java:422) [?:1.8.0_332]
	at org.apache.hadoop.security.UserGroupInformation.doAs(UserGroupInformation.java:1878) [hadoop-common-3.3.1.jar:?]
	at org.apache.hadoop.ipc.Server$Handler.run(Server.java:2966) [hadoop-common-3.3.1.jar:?]
]]></system-out>
  </testcase>
  <testcase name="testDeleteEmptyVolume" classname="TestRootedOzoneFileSystem" time="0.174">
    <system-out><![CDATA[2022-07-12 23:22:54,599 [Time-limited test] INFO  rpc.RpcClient (RpcClient.java:createVolume(466)) - Creating Volume: volume53551, with user02685 as owner and space quota set to -1 bytes, counts quota set to -1
2022-07-12 23:22:54,600 [IPC Server handler 14 on default port 43683] INFO  volume.OMVolumeCreateRequest (OMVolumeCreateRequest.java:validateAndUpdateCache(195)) - created volume:volume53551 for user:user02685
2022-07-12 23:22:54,600 [Time-limited test] INFO  rpc.RpcClient (RpcClient.java:createBucket(669)) - Creating Bucket: volume53551/bucket31598, with bucket layout LEGACY, runner as owner, Versioning false, Storage Type set to DISK and Encryption set to false 
2022-07-12 23:22:54,601 [IPC Server handler 12 on default port 43683] INFO  bucket.OMBucketCreateRequest (OMBucketCreateRequest.java:validateAndUpdateCache(260)) - created bucket: bucket31598 of layout LEGACY in volume: volume53551
2022-07-12 23:22:54,602 [Time-limited test] INFO  rpc.RpcClient (RpcClient.java:createVolume(466)) - Creating Volume: volume-11885, with runner as owner and space quota set to -1 bytes, counts quota set to -1
2022-07-12 23:22:54,603 [IPC Server handler 16 on default port 43683] INFO  volume.OMVolumeCreateRequest (OMVolumeCreateRequest.java:validateAndUpdateCache(195)) - created volume:volume-11885 for user:runner
23:22:54.604 [IPC Server handler 17 on default port 43683] ERROR OMAudit - user=runner | ip=127.0.0.1 | op=READ_VOLUME {volume=volume-11885} | ret=FAILURE
org.apache.hadoop.ozone.om.exceptions.OMException: Volume volume-11885 is not found
	at org.apache.hadoop.ozone.om.VolumeManagerImpl.getVolumeInfo(VolumeManagerImpl.java:74) ~[ozone-manager-1.3.0-SNAPSHOT.jar:?]
	at org.apache.hadoop.ozone.om.OzoneManager.getVolumeInfo(OzoneManager.java:2602) ~[ozone-manager-1.3.0-SNAPSHOT.jar:?]
	at org.apache.hadoop.ozone.protocolPB.OzoneManagerRequestHandler.infoVolume(OzoneManagerRequestHandler.java:390) ~[ozone-manager-1.3.0-SNAPSHOT.jar:?]
	at org.apache.hadoop.ozone.protocolPB.OzoneManagerRequestHandler.handleReadRequest(OzoneManagerRequestHandler.java:162) ~[ozone-manager-1.3.0-SNAPSHOT.jar:?]
	at org.apache.hadoop.ozone.protocolPB.OzoneManagerProtocolServerSideTranslatorPB.submitRequestDirectlyToOM(OzoneManagerProtocolServerSideTranslatorPB.java:276) ~[ozone-manager-1.3.0-SNAPSHOT.jar:?]
	at org.apache.hadoop.ozone.protocolPB.OzoneManagerProtocolServerSideTranslatorPB.processRequest(OzoneManagerProtocolServerSideTranslatorPB.java:205) ~[ozone-manager-1.3.0-SNAPSHOT.jar:?]
	at org.apache.hadoop.hdds.server.OzoneProtocolMessageDispatcher.processRequest(OzoneProtocolMessageDispatcher.java:87) [hdds-server-framework-1.3.0-SNAPSHOT.jar:?]
	at org.apache.hadoop.ozone.protocolPB.OzoneManagerProtocolServerSideTranslatorPB.submitRequest(OzoneManagerProtocolServerSideTranslatorPB.java:147) [ozone-manager-1.3.0-SNAPSHOT.jar:?]
	at org.apache.hadoop.ozone.protocol.proto.OzoneManagerProtocolProtos$OzoneManagerService$2.callBlockingMethod(OzoneManagerProtocolProtos.java) [ozone-interface-client-1.3.0-SNAPSHOT.jar:?]
	at org.apache.hadoop.ipc.ProtobufRpcEngine$Server.processCall(ProtobufRpcEngine.java:466) [hadoop-common-3.3.1.jar:?]
	at org.apache.hadoop.ipc.ProtobufRpcEngine2$Server$ProtoBufRpcInvoker.call(ProtobufRpcEngine2.java:574) [hadoop-common-3.3.1.jar:?]
	at org.apache.hadoop.ipc.ProtobufRpcEngine2$Server$ProtoBufRpcInvoker.call(ProtobufRpcEngine2.java:552) [hadoop-common-3.3.1.jar:?]
	at org.apache.hadoop.ipc.RPC$Server.call(RPC.java:1093) [hadoop-common-3.3.1.jar:?]
	at org.apache.hadoop.ipc.Server$RpcCall.run(Server.java:1035) [hadoop-common-3.3.1.jar:?]
	at org.apache.hadoop.ipc.Server$RpcCall.run(Server.java:963) [hadoop-common-3.3.1.jar:?]
	at java.security.AccessController.doPrivileged(Native Method) ~[?:1.8.0_332]
	at javax.security.auth.Subject.doAs(Subject.java:422) [?:1.8.0_332]
	at org.apache.hadoop.security.UserGroupInformation.doAs(UserGroupInformation.java:1878) [hadoop-common-3.3.1.jar:?]
	at org.apache.hadoop.ipc.Server$Handler.run(Server.java:2966) [hadoop-common-3.3.1.jar:?]
]]></system-out>
  </testcase>
  <testcase name="testDeleteEmptyVolume" classname="TestRootedOzoneFileSystem" time="0.126">
    <system-out><![CDATA[2022-07-12 23:24:17,161 [Time-limited test] INFO  rpc.RpcClient (RpcClient.java:createVolume(466)) - Creating Volume: volume44457, with user33550 as owner and space quota set to -1 bytes, counts quota set to -1
2022-07-12 23:24:17,165 [OM StateMachine ApplyTransaction Thread - 0] INFO  volume.OMVolumeCreateRequest (OMVolumeCreateRequest.java:validateAndUpdateCache(195)) - created volume:volume44457 for user:user33550
2022-07-12 23:24:17,165 [Time-limited test] INFO  rpc.RpcClient (RpcClient.java:createBucket(669)) - Creating Bucket: volume44457/bucket06525, with bucket layout LEGACY, runner as owner, Versioning false, Storage Type set to DISK and Encryption set to false 
2022-07-12 23:24:17,167 [OM StateMachine ApplyTransaction Thread - 0] INFO  bucket.OMBucketCreateRequest (OMBucketCreateRequest.java:validateAndUpdateCache(260)) - created bucket: bucket06525 of layout LEGACY in volume: volume44457
2022-07-12 23:24:17,168 [Time-limited test] INFO  rpc.RpcClient (RpcClient.java:createVolume(466)) - Creating Volume: volume-12532, with runner as owner and space quota set to -1 bytes, counts quota set to -1
2022-07-12 23:24:17,169 [OM StateMachine ApplyTransaction Thread - 0] INFO  volume.OMVolumeCreateRequest (OMVolumeCreateRequest.java:validateAndUpdateCache(195)) - created volume:volume-12532 for user:runner
23:24:17.172 [IPC Server handler 1 on default port 45473] ERROR OMAudit - user=runner | ip=127.0.0.1 | op=READ_VOLUME {volume=volume-12532} | ret=FAILURE
org.apache.hadoop.ozone.om.exceptions.OMException: Volume volume-12532 is not found
	at org.apache.hadoop.ozone.om.VolumeManagerImpl.getVolumeInfo(VolumeManagerImpl.java:74) ~[ozone-manager-1.3.0-SNAPSHOT.jar:?]
	at org.apache.hadoop.ozone.om.OzoneManager.getVolumeInfo(OzoneManager.java:2602) ~[ozone-manager-1.3.0-SNAPSHOT.jar:?]
	at org.apache.hadoop.ozone.protocolPB.OzoneManagerRequestHandler.infoVolume(OzoneManagerRequestHandler.java:390) ~[ozone-manager-1.3.0-SNAPSHOT.jar:?]
	at org.apache.hadoop.ozone.protocolPB.OzoneManagerRequestHandler.handleReadRequest(OzoneManagerRequestHandler.java:162) ~[ozone-manager-1.3.0-SNAPSHOT.jar:?]
	at org.apache.hadoop.ozone.protocolPB.OzoneManagerProtocolServerSideTranslatorPB.submitReadRequestToOM(OzoneManagerProtocolServerSideTranslatorPB.java:226) ~[ozone-manager-1.3.0-SNAPSHOT.jar:?]
	at org.apache.hadoop.ozone.protocolPB.OzoneManagerProtocolServerSideTranslatorPB.processRequest(OzoneManagerProtocolServerSideTranslatorPB.java:175) ~[ozone-manager-1.3.0-SNAPSHOT.jar:?]
	at org.apache.hadoop.hdds.server.OzoneProtocolMessageDispatcher.processRequest(OzoneProtocolMessageDispatcher.java:87) [hdds-server-framework-1.3.0-SNAPSHOT.jar:?]
	at org.apache.hadoop.ozone.protocolPB.OzoneManagerProtocolServerSideTranslatorPB.submitRequest(OzoneManagerProtocolServerSideTranslatorPB.java:147) [ozone-manager-1.3.0-SNAPSHOT.jar:?]
	at org.apache.hadoop.ozone.protocol.proto.OzoneManagerProtocolProtos$OzoneManagerService$2.callBlockingMethod(OzoneManagerProtocolProtos.java) [ozone-interface-client-1.3.0-SNAPSHOT.jar:?]
	at org.apache.hadoop.ipc.ProtobufRpcEngine$Server.processCall(ProtobufRpcEngine.java:466) [hadoop-common-3.3.1.jar:?]
	at org.apache.hadoop.ipc.ProtobufRpcEngine2$Server$ProtoBufRpcInvoker.call(ProtobufRpcEngine2.java:574) [hadoop-common-3.3.1.jar:?]
	at org.apache.hadoop.ipc.ProtobufRpcEngine2$Server$ProtoBufRpcInvoker.call(ProtobufRpcEngine2.java:552) [hadoop-common-3.3.1.jar:?]
	at org.apache.hadoop.ipc.RPC$Server.call(RPC.java:1093) [hadoop-common-3.3.1.jar:?]
	at org.apache.hadoop.ipc.Server$RpcCall.run(Server.java:1035) [hadoop-common-3.3.1.jar:?]
	at org.apache.hadoop.ipc.Server$RpcCall.run(Server.java:963) [hadoop-common-3.3.1.jar:?]
	at java.security.AccessController.doPrivileged(Native Method) ~[?:1.8.0_332]
	at javax.security.auth.Subject.doAs(Subject.java:422) [?:1.8.0_332]
	at org.apache.hadoop.security.UserGroupInformation.doAs(UserGroupInformation.java:1878) [hadoop-common-3.3.1.jar:?]
	at org.apache.hadoop.ipc.Server$Handler.run(Server.java:2966) [hadoop-common-3.3.1.jar:?]
]]></system-out>
  </testcase>
  <testcase name="testDeleteEmptyVolume" classname="TestRootedOzoneFileSystem" time="0.269">
    <system-out><![CDATA[2022-07-12 23:25:38,178 [a135f15d-6580-477c-8a71-f9528412742f@group-1457D70A6616-FollowerState] INFO  impl.FollowerState (FollowerState.java:run(143)) - a135f15d-6580-477c-8a71-f9528412742f@group-1457D70A6616-FollowerState: change to CANDIDATE, lastRpcElapsedTime:5092694714ns, electionTimeout:5090ms
2022-07-12 23:25:38,178 [a135f15d-6580-477c-8a71-f9528412742f@group-1457D70A6616-FollowerState] INFO  impl.RoleInfo (RoleInfo.java:shutdownFollowerState(110)) - a135f15d-6580-477c-8a71-f9528412742f: shutdown a135f15d-6580-477c-8a71-f9528412742f@group-1457D70A6616-FollowerState
2022-07-12 23:25:38,178 [a135f15d-6580-477c-8a71-f9528412742f@group-1457D70A6616-FollowerState] INFO  server.RaftServer$Division (RaftServerImpl.java:setRole(299)) - a135f15d-6580-477c-8a71-f9528412742f@group-1457D70A6616: changes role from  FOLLOWER to CANDIDATE at term 1 for changeToCandidate
2022-07-12 23:25:38,178 [a135f15d-6580-477c-8a71-f9528412742f@group-1457D70A6616-FollowerState] INFO  server.RaftServerConfigKeys (ConfUtils.java:logGet(46)) - raft.server.leaderelection.pre-vote = false (custom)
2022-07-12 23:25:38,179 [a135f15d-6580-477c-8a71-f9528412742f@group-1457D70A6616-FollowerState] INFO  impl.RoleInfo (RoleInfo.java:updateAndGet(139)) - a135f15d-6580-477c-8a71-f9528412742f: start a135f15d-6580-477c-8a71-f9528412742f@group-1457D70A6616-LeaderElection80
2022-07-12 23:25:38,231 [a135f15d-6580-477c-8a71-f9528412742f@group-1457D70A6616-LeaderElection80] INFO  impl.LeaderElection (LeaderElection.java:askForVotes(310)) - a135f15d-6580-477c-8a71-f9528412742f@group-1457D70A6616-LeaderElection80 ELECTION round 0: submit vote requests at term 2 for -1: [a135f15d-6580-477c-8a71-f9528412742f|rpc:10.1.0.13:34569|dataStream:|priority:0, 11563331-6701-4d30-8001-992896c542e0|rpc:10.1.0.13:45985|dataStream:|priority:1, d62677b6-aca1-45f9-8cbf-ef07d3f04380|rpc:10.1.0.13:43415|dataStream:|priority:0], old=null
2022-07-12 23:25:38,296 [11563331-6701-4d30-8001-992896c542e0@group-1457D70A6616-FollowerState] INFO  impl.FollowerState (FollowerState.java:run(143)) - 11563331-6701-4d30-8001-992896c542e0@group-1457D70A6616-FollowerState: change to CANDIDATE, lastRpcElapsedTime:5222550804ns, electionTimeout:5164ms
2022-07-12 23:25:38,296 [11563331-6701-4d30-8001-992896c542e0@group-1457D70A6616-FollowerState] INFO  impl.RoleInfo (RoleInfo.java:shutdownFollowerState(110)) - 11563331-6701-4d30-8001-992896c542e0: shutdown 11563331-6701-4d30-8001-992896c542e0@group-1457D70A6616-FollowerState
2022-07-12 23:25:38,296 [11563331-6701-4d30-8001-992896c542e0@group-1457D70A6616-FollowerState] INFO  server.RaftServer$Division (RaftServerImpl.java:setRole(299)) - 11563331-6701-4d30-8001-992896c542e0@group-1457D70A6616: changes role from  FOLLOWER to CANDIDATE at term 1 for changeToCandidate
2022-07-12 23:25:38,342 [d62677b6-aca1-45f9-8cbf-ef07d3f04380@group-1457D70A6616-FollowerState] INFO  impl.FollowerState (FollowerState.java:run(143)) - d62677b6-aca1-45f9-8cbf-ef07d3f04380@group-1457D70A6616-FollowerState: change to CANDIDATE, lastRpcElapsedTime:5205158357ns, electionTimeout:5192ms
2022-07-12 23:25:38,342 [d62677b6-aca1-45f9-8cbf-ef07d3f04380@group-1457D70A6616-FollowerState] INFO  impl.RoleInfo (RoleInfo.java:shutdownFollowerState(110)) - d62677b6-aca1-45f9-8cbf-ef07d3f04380: shutdown d62677b6-aca1-45f9-8cbf-ef07d3f04380@group-1457D70A6616-FollowerState
2022-07-12 23:25:38,342 [d62677b6-aca1-45f9-8cbf-ef07d3f04380@group-1457D70A6616-FollowerState] INFO  server.RaftServer$Division (RaftServerImpl.java:setRole(299)) - d62677b6-aca1-45f9-8cbf-ef07d3f04380@group-1457D70A6616: changes role from  FOLLOWER to CANDIDATE at term 1 for changeToCandidate
2022-07-12 23:25:38,342 [d62677b6-aca1-45f9-8cbf-ef07d3f04380@group-1457D70A6616-FollowerState] INFO  server.RaftServerConfigKeys (ConfUtils.java:logGet(46)) - raft.server.leaderelection.pre-vote = false (custom)
2022-07-12 23:25:38,342 [d62677b6-aca1-45f9-8cbf-ef07d3f04380@group-1457D70A6616-FollowerState] INFO  impl.RoleInfo (RoleInfo.java:updateAndGet(139)) - d62677b6-aca1-45f9-8cbf-ef07d3f04380: start d62677b6-aca1-45f9-8cbf-ef07d3f04380@group-1457D70A6616-LeaderElection82
2022-07-12 23:25:38,355 [11563331-6701-4d30-8001-992896c542e0@group-1457D70A6616-FollowerState] INFO  server.RaftServerConfigKeys (ConfUtils.java:logGet(46)) - raft.server.leaderelection.pre-vote = false (custom)
2022-07-12 23:25:38,355 [11563331-6701-4d30-8001-992896c542e0@group-1457D70A6616-FollowerState] INFO  impl.RoleInfo (RoleInfo.java:updateAndGet(139)) - 11563331-6701-4d30-8001-992896c542e0: start 11563331-6701-4d30-8001-992896c542e0@group-1457D70A6616-LeaderElection81
2022-07-12 23:25:38,372 [Time-limited test] INFO  rpc.RpcClient (RpcClient.java:createVolume(466)) - Creating Volume: volume25680, with user74857 as owner and space quota set to -1 bytes, counts quota set to -1
2022-07-12 23:25:38,373 [IPC Server handler 15 on default port 46473] INFO  volume.OMVolumeCreateRequest (OMVolumeCreateRequest.java:validateAndUpdateCache(195)) - created volume:volume25680 for user:user74857
2022-07-12 23:25:38,374 [Time-limited test] INFO  rpc.RpcClient (RpcClient.java:createBucket(669)) - Creating Bucket: volume25680/bucket33591, with bucket layout LEGACY, runner as owner, Versioning false, Storage Type set to DISK and Encryption set to false 
2022-07-12 23:25:38,375 [IPC Server handler 17 on default port 46473] INFO  bucket.OMBucketCreateRequest (OMBucketCreateRequest.java:validateAndUpdateCache(260)) - created bucket: bucket33591 of layout LEGACY in volume: volume25680
2022-07-12 23:25:38,383 [Time-limited test] INFO  rpc.RpcClient (RpcClient.java:createVolume(466)) - Creating Volume: volume-02443, with runner as owner and space quota set to -1 bytes, counts quota set to -1
2022-07-12 23:25:38,384 [IPC Server handler 14 on default port 46473] INFO  volume.OMVolumeCreateRequest (OMVolumeCreateRequest.java:validateAndUpdateCache(195)) - created volume:volume-02443 for user:runner
23:25:38.385 [IPC Server handler 10 on default port 46473] ERROR OMAudit - user=runner | ip=127.0.0.1 | op=READ_VOLUME {volume=volume-02443} | ret=FAILURE
org.apache.hadoop.ozone.om.exceptions.OMException: Volume volume-02443 is not found
	at org.apache.hadoop.ozone.om.VolumeManagerImpl.getVolumeInfo(VolumeManagerImpl.java:74) ~[ozone-manager-1.3.0-SNAPSHOT.jar:?]
	at org.apache.hadoop.ozone.om.OzoneManager.getVolumeInfo(OzoneManager.java:2602) ~[ozone-manager-1.3.0-SNAPSHOT.jar:?]
	at org.apache.hadoop.ozone.protocolPB.OzoneManagerRequestHandler.infoVolume(OzoneManagerRequestHandler.java:390) ~[ozone-manager-1.3.0-SNAPSHOT.jar:?]
	at org.apache.hadoop.ozone.protocolPB.OzoneManagerRequestHandler.handleReadRequest(OzoneManagerRequestHandler.java:162) ~[ozone-manager-1.3.0-SNAPSHOT.jar:?]
	at org.apache.hadoop.ozone.protocolPB.OzoneManagerProtocolServerSideTranslatorPB.submitRequestDirectlyToOM(OzoneManagerProtocolServerSideTranslatorPB.java:276) ~[ozone-manager-1.3.0-SNAPSHOT.jar:?]
	at org.apache.hadoop.ozone.protocolPB.OzoneManagerProtocolServerSideTranslatorPB.processRequest(OzoneManagerProtocolServerSideTranslatorPB.java:205) ~[ozone-manager-1.3.0-SNAPSHOT.jar:?]
	at org.apache.hadoop.hdds.server.OzoneProtocolMessageDispatcher.processRequest(OzoneProtocolMessageDispatcher.java:87) [hdds-server-framework-1.3.0-SNAPSHOT.jar:?]
	at org.apache.hadoop.ozone.protocolPB.OzoneManagerProtocolServerSideTranslatorPB.submitRequest(OzoneManagerProtocolServerSideTranslatorPB.java:147) [ozone-manager-1.3.0-SNAPSHOT.jar:?]
	at org.apache.hadoop.ozone.protocol.proto.OzoneManagerProtocolProtos$OzoneManagerService$2.callBlockingMethod(OzoneManagerProtocolProtos.java) [ozone-interface-client-1.3.0-SNAPSHOT.jar:?]
	at org.apache.hadoop.ipc.ProtobufRpcEngine$Server.processCall(ProtobufRpcEngine.java:466) [hadoop-common-3.3.1.jar:?]
	at org.apache.hadoop.ipc.ProtobufRpcEngine2$Server$ProtoBufRpcInvoker.call(ProtobufRpcEngine2.java:574) [hadoop-common-3.3.1.jar:?]
	at org.apache.hadoop.ipc.ProtobufRpcEngine2$Server$ProtoBufRpcInvoker.call(ProtobufRpcEngine2.java:552) [hadoop-common-3.3.1.jar:?]
	at org.apache.hadoop.ipc.RPC$Server.call(RPC.java:1093) [hadoop-common-3.3.1.jar:?]
	at org.apache.hadoop.ipc.Server$RpcCall.run(Server.java:1035) [hadoop-common-3.3.1.jar:?]
	at org.apache.hadoop.ipc.Server$RpcCall.run(Server.java:963) [hadoop-common-3.3.1.jar:?]
	at java.security.AccessController.doPrivileged(Native Method) ~[?:1.8.0_332]
	at javax.security.auth.Subject.doAs(Subject.java:422) [?:1.8.0_332]
	at org.apache.hadoop.security.UserGroupInformation.doAs(UserGroupInformation.java:1878) [hadoop-common-3.3.1.jar:?]
	at org.apache.hadoop.ipc.Server$Handler.run(Server.java:2966) [hadoop-common-3.3.1.jar:?]
]]></system-out>
  </testcase>
  <testcase name="testListStatusRootAndVolumeContinuation" classname="TestRootedOzoneFileSystem" time="0">
    <skipped type="org.junit.AssumptionViolatedException"><![CDATA[org.junit.AssumptionViolatedException: FS Path is enabled. Skipping this test as it is not tuned for FS Path yet
	at org.junit.Assume.assumeTrue(Assume.java:68)
	at org.apache.hadoop.fs.ozone.TestRootedOzoneFileSystem.testListStatusRootAndVolumeContinuation(TestRootedOzoneFileSystem.java:912)
	at sun.reflect.NativeMethodAccessorImpl.invoke0(Native Method)
	at sun.reflect.NativeMethodAccessorImpl.invoke(NativeMethodAccessorImpl.java:62)
	at sun.reflect.DelegatingMethodAccessorImpl.invoke(DelegatingMethodAccessorImpl.java:43)
	at java.lang.reflect.Method.invoke(Method.java:498)
	at org.junit.runners.model.FrameworkMethod$1.runReflectiveCall(FrameworkMethod.java:59)
	at org.junit.internal.runners.model.ReflectiveCallable.run(ReflectiveCallable.java:12)
	at org.junit.runners.model.FrameworkMethod.invokeExplosively(FrameworkMethod.java:56)
	at org.junit.internal.runners.statements.InvokeMethod.evaluate(InvokeMethod.java:17)
	at org.junit.internal.runners.statements.RunBefores.evaluate(RunBefores.java:26)
	at org.junit.internal.runners.statements.RunAfters.evaluate(RunAfters.java:27)
	at org.junit.internal.runners.statements.FailOnTimeout$CallableStatement.call(FailOnTimeout.java:288)
	at org.junit.internal.runners.statements.FailOnTimeout$CallableStatement.call(FailOnTimeout.java:282)
	at java.util.concurrent.FutureTask.run(FutureTask.java:266)
	at java.lang.Thread.run(Thread.java:750)
]]></skipped>
    <system-out><![CDATA[2022-07-12 23:20:25,849 [Time-limited test] INFO  rpc.RpcClient (RpcClient.java:createVolume(466)) - Creating Volume: volume90607, with user30179 as owner and space quota set to -1 bytes, counts quota set to -1
2022-07-12 23:20:25,853 [OM StateMachine ApplyTransaction Thread - 0] INFO  volume.OMVolumeCreateRequest (OMVolumeCreateRequest.java:validateAndUpdateCache(195)) - created volume:volume90607 for user:user30179
2022-07-12 23:20:25,855 [Time-limited test] INFO  rpc.RpcClient (RpcClient.java:createBucket(669)) - Creating Bucket: volume90607/bucket58480, with bucket layout LEGACY, runner as owner, Versioning false, Storage Type set to DISK and Encryption set to false 
2022-07-12 23:20:25,857 [OM StateMachine ApplyTransaction Thread - 0] INFO  bucket.OMBucketCreateRequest (OMBucketCreateRequest.java:validateAndUpdateCache(260)) - created bucket: bucket58480 of layout LEGACY in volume: volume90607
]]></system-out>
  </testcase>
  <testcase name="testListStatusRootAndVolumeContinuation" classname="TestRootedOzoneFileSystem" time="0">
    <skipped type="org.junit.AssumptionViolatedException"><![CDATA[org.junit.AssumptionViolatedException: FS Path is enabled. Skipping this test as it is not tuned for FS Path yet
	at org.junit.Assume.assumeTrue(Assume.java:68)
	at org.apache.hadoop.fs.ozone.TestRootedOzoneFileSystem.testListStatusRootAndVolumeContinuation(TestRootedOzoneFileSystem.java:912)
	at sun.reflect.NativeMethodAccessorImpl.invoke0(Native Method)
	at sun.reflect.NativeMethodAccessorImpl.invoke(NativeMethodAccessorImpl.java:62)
	at sun.reflect.DelegatingMethodAccessorImpl.invoke(DelegatingMethodAccessorImpl.java:43)
	at java.lang.reflect.Method.invoke(Method.java:498)
	at org.junit.runners.model.FrameworkMethod$1.runReflectiveCall(FrameworkMethod.java:59)
	at org.junit.internal.runners.model.ReflectiveCallable.run(ReflectiveCallable.java:12)
	at org.junit.runners.model.FrameworkMethod.invokeExplosively(FrameworkMethod.java:56)
	at org.junit.internal.runners.statements.InvokeMethod.evaluate(InvokeMethod.java:17)
	at org.junit.internal.runners.statements.RunBefores.evaluate(RunBefores.java:26)
	at org.junit.internal.runners.statements.RunAfters.evaluate(RunAfters.java:27)
	at org.junit.internal.runners.statements.FailOnTimeout$CallableStatement.call(FailOnTimeout.java:288)
	at org.junit.internal.runners.statements.FailOnTimeout$CallableStatement.call(FailOnTimeout.java:282)
	at java.util.concurrent.FutureTask.run(FutureTask.java:266)
	at java.lang.Thread.run(Thread.java:750)
]]></skipped>
    <system-out><![CDATA[2022-07-12 23:21:38,346 [Time-limited test] INFO  rpc.RpcClient (RpcClient.java:createVolume(466)) - Creating Volume: volume44208, with user59462 as owner and space quota set to -1 bytes, counts quota set to -1
2022-07-12 23:21:38,348 [OM StateMachine ApplyTransaction Thread - 0] INFO  volume.OMVolumeCreateRequest (OMVolumeCreateRequest.java:validateAndUpdateCache(195)) - created volume:volume44208 for user:user59462
2022-07-12 23:21:38,349 [Time-limited test] INFO  rpc.RpcClient (RpcClient.java:createBucket(669)) - Creating Bucket: volume44208/bucket43409, with bucket layout LEGACY, runner as owner, Versioning false, Storage Type set to DISK and Encryption set to false 
2022-07-12 23:21:38,351 [OM StateMachine ApplyTransaction Thread - 0] INFO  bucket.OMBucketCreateRequest (OMBucketCreateRequest.java:validateAndUpdateCache(260)) - created bucket: bucket43409 of layout LEGACY in volume: volume44208
]]></system-out>
  </testcase>
  <testcase name="testListStatusRootAndVolumeContinuation" classname="TestRootedOzoneFileSystem" time="0">
    <skipped type="org.junit.AssumptionViolatedException"><![CDATA[org.junit.AssumptionViolatedException: FS Path is enabled. Skipping this test as it is not tuned for FS Path yet
	at org.junit.Assume.assumeTrue(Assume.java:68)
	at org.apache.hadoop.fs.ozone.TestRootedOzoneFileSystem.testListStatusRootAndVolumeContinuation(TestRootedOzoneFileSystem.java:912)
	at sun.reflect.NativeMethodAccessorImpl.invoke0(Native Method)
	at sun.reflect.NativeMethodAccessorImpl.invoke(NativeMethodAccessorImpl.java:62)
	at sun.reflect.DelegatingMethodAccessorImpl.invoke(DelegatingMethodAccessorImpl.java:43)
	at java.lang.reflect.Method.invoke(Method.java:498)
	at org.junit.runners.model.FrameworkMethod$1.runReflectiveCall(FrameworkMethod.java:59)
	at org.junit.internal.runners.model.ReflectiveCallable.run(ReflectiveCallable.java:12)
	at org.junit.runners.model.FrameworkMethod.invokeExplosively(FrameworkMethod.java:56)
	at org.junit.internal.runners.statements.InvokeMethod.evaluate(InvokeMethod.java:17)
	at org.junit.internal.runners.statements.RunBefores.evaluate(RunBefores.java:26)
	at org.junit.internal.runners.statements.RunAfters.evaluate(RunAfters.java:27)
	at org.junit.internal.runners.statements.FailOnTimeout$CallableStatement.call(FailOnTimeout.java:288)
	at org.junit.internal.runners.statements.FailOnTimeout$CallableStatement.call(FailOnTimeout.java:282)
	at java.util.concurrent.FutureTask.run(FutureTask.java:266)
	at java.lang.Thread.run(Thread.java:750)
]]></skipped>
    <system-out><![CDATA[2022-07-12 23:22:54,723 [Time-limited test] INFO  rpc.RpcClient (RpcClient.java:createVolume(466)) - Creating Volume: volume65530, with user50534 as owner and space quota set to -1 bytes, counts quota set to -1
2022-07-12 23:22:54,723 [IPC Server handler 18 on default port 43683] INFO  volume.OMVolumeCreateRequest (OMVolumeCreateRequest.java:validateAndUpdateCache(195)) - created volume:volume65530 for user:user50534
2022-07-12 23:22:54,729 [Time-limited test] INFO  rpc.RpcClient (RpcClient.java:createBucket(669)) - Creating Bucket: volume65530/bucket02548, with bucket layout LEGACY, runner as owner, Versioning false, Storage Type set to DISK and Encryption set to false 
2022-07-12 23:22:54,730 [IPC Server handler 17 on default port 43683] INFO  bucket.OMBucketCreateRequest (OMBucketCreateRequest.java:validateAndUpdateCache(260)) - created bucket: bucket02548 of layout LEGACY in volume: volume65530
]]></system-out>
  </testcase>
  <testcase name="testListStatusRootAndVolumeContinuation" classname="TestRootedOzoneFileSystem" time="1.664">
    <system-out><![CDATA[2022-07-12 23:24:17,280 [Time-limited test] INFO  rpc.RpcClient (RpcClient.java:createVolume(466)) - Creating Volume: volume44791, with user21355 as owner and space quota set to -1 bytes, counts quota set to -1
2022-07-12 23:24:17,283 [OM StateMachine ApplyTransaction Thread - 0] INFO  volume.OMVolumeCreateRequest (OMVolumeCreateRequest.java:validateAndUpdateCache(195)) - created volume:volume44791 for user:user21355
2022-07-12 23:24:17,289 [Time-limited test] INFO  rpc.RpcClient (RpcClient.java:createBucket(669)) - Creating Bucket: volume44791/bucket03199, with bucket layout LEGACY, runner as owner, Versioning false, Storage Type set to DISK and Encryption set to false 
2022-07-12 23:24:17,295 [OM StateMachine ApplyTransaction Thread - 0] INFO  bucket.OMBucketCreateRequest (OMBucketCreateRequest.java:validateAndUpdateCache(260)) - created bucket: bucket03199 of layout LEGACY in volume: volume44791
23:24:17.305 [IPC Server handler 5 on default port 45473] ERROR OMAudit - user=runner | ip=127.0.0.1 | op=READ_BUCKET {volume=volume-83769, bucket=bucket-02602} | ret=FAILURE
org.apache.hadoop.ozone.om.exceptions.OMException: Volume not found when getting bucket info
	at org.apache.hadoop.ozone.om.BucketManagerImpl.getBucketInfo(BucketManagerImpl.java:127) ~[ozone-manager-1.3.0-SNAPSHOT.jar:?]
	at org.apache.hadoop.ozone.om.OzoneManager.getBucketInfo(OzoneManager.java:2778) ~[ozone-manager-1.3.0-SNAPSHOT.jar:?]
	at org.apache.hadoop.ozone.protocolPB.OzoneManagerRequestHandler.infoBucket(OzoneManagerRequestHandler.java:464) ~[ozone-manager-1.3.0-SNAPSHOT.jar:?]
	at org.apache.hadoop.ozone.protocolPB.OzoneManagerRequestHandler.handleReadRequest(OzoneManagerRequestHandler.java:172) ~[ozone-manager-1.3.0-SNAPSHOT.jar:?]
	at org.apache.hadoop.ozone.protocolPB.OzoneManagerProtocolServerSideTranslatorPB.submitReadRequestToOM(OzoneManagerProtocolServerSideTranslatorPB.java:226) ~[ozone-manager-1.3.0-SNAPSHOT.jar:?]
	at org.apache.hadoop.ozone.protocolPB.OzoneManagerProtocolServerSideTranslatorPB.processRequest(OzoneManagerProtocolServerSideTranslatorPB.java:175) ~[ozone-manager-1.3.0-SNAPSHOT.jar:?]
	at org.apache.hadoop.hdds.server.OzoneProtocolMessageDispatcher.processRequest(OzoneProtocolMessageDispatcher.java:87) [hdds-server-framework-1.3.0-SNAPSHOT.jar:?]
	at org.apache.hadoop.ozone.protocolPB.OzoneManagerProtocolServerSideTranslatorPB.submitRequest(OzoneManagerProtocolServerSideTranslatorPB.java:147) [ozone-manager-1.3.0-SNAPSHOT.jar:?]
	at org.apache.hadoop.ozone.protocol.proto.OzoneManagerProtocolProtos$OzoneManagerService$2.callBlockingMethod(OzoneManagerProtocolProtos.java) [ozone-interface-client-1.3.0-SNAPSHOT.jar:?]
	at org.apache.hadoop.ipc.ProtobufRpcEngine$Server.processCall(ProtobufRpcEngine.java:466) [hadoop-common-3.3.1.jar:?]
	at org.apache.hadoop.ipc.ProtobufRpcEngine2$Server$ProtoBufRpcInvoker.call(ProtobufRpcEngine2.java:574) [hadoop-common-3.3.1.jar:?]
	at org.apache.hadoop.ipc.ProtobufRpcEngine2$Server$ProtoBufRpcInvoker.call(ProtobufRpcEngine2.java:552) [hadoop-common-3.3.1.jar:?]
	at org.apache.hadoop.ipc.RPC$Server.call(RPC.java:1093) [hadoop-common-3.3.1.jar:?]
	at org.apache.hadoop.ipc.Server$RpcCall.run(Server.java:1035) [hadoop-common-3.3.1.jar:?]
	at org.apache.hadoop.ipc.Server$RpcCall.run(Server.java:963) [hadoop-common-3.3.1.jar:?]
	at java.security.AccessController.doPrivileged(Native Method) ~[?:1.8.0_332]
	at javax.security.auth.Subject.doAs(Subject.java:422) [?:1.8.0_332]
	at org.apache.hadoop.security.UserGroupInformation.doAs(UserGroupInformation.java:1878) [hadoop-common-3.3.1.jar:?]
	at org.apache.hadoop.ipc.Server$Handler.run(Server.java:2966) [hadoop-common-3.3.1.jar:?]
2022-07-12 23:24:17,306 [Time-limited test] INFO  rpc.RpcClient (RpcClient.java:createVolume(466)) - Creating Volume: volume-83769, with runner as owner and space quota set to -1 bytes, counts quota set to -1
2022-07-12 23:24:17,307 [OM StateMachine ApplyTransaction Thread - 0] INFO  volume.OMVolumeCreateRequest (OMVolumeCreateRequest.java:validateAndUpdateCache(195)) - created volume:volume-83769 for user:runner
2022-07-12 23:24:17,308 [Time-limited test] INFO  rpc.RpcClient (RpcClient.java:createBucket(669)) - Creating Bucket: volume-83769/bucket-02602, with bucket layout LEGACY, runner as owner, Versioning false, Storage Type set to DISK and Encryption set to false 
2022-07-12 23:24:17,309 [OM StateMachine ApplyTransaction Thread - 0] INFO  bucket.OMBucketCreateRequest (OMBucketCreateRequest.java:validateAndUpdateCache(260)) - created bucket: bucket-02602 of layout LEGACY in volume: volume-83769
23:24:17.522 [IPC Server handler 10 on default port 45473] ERROR OMAudit - user=runner | ip=127.0.0.1 | op=READ_BUCKET {volume=volume-68538, bucket=bucket-29828} | ret=FAILURE
org.apache.hadoop.ozone.om.exceptions.OMException: Volume not found when getting bucket info
	at org.apache.hadoop.ozone.om.BucketManagerImpl.getBucketInfo(BucketManagerImpl.java:127) ~[ozone-manager-1.3.0-SNAPSHOT.jar:?]
	at org.apache.hadoop.ozone.om.OzoneManager.getBucketInfo(OzoneManager.java:2778) ~[ozone-manager-1.3.0-SNAPSHOT.jar:?]
	at org.apache.hadoop.ozone.protocolPB.OzoneManagerRequestHandler.infoBucket(OzoneManagerRequestHandler.java:464) ~[ozone-manager-1.3.0-SNAPSHOT.jar:?]
	at org.apache.hadoop.ozone.protocolPB.OzoneManagerRequestHandler.handleReadRequest(OzoneManagerRequestHandler.java:172) ~[ozone-manager-1.3.0-SNAPSHOT.jar:?]
	at org.apache.hadoop.ozone.protocolPB.OzoneManagerProtocolServerSideTranslatorPB.submitReadRequestToOM(OzoneManagerProtocolServerSideTranslatorPB.java:226) ~[ozone-manager-1.3.0-SNAPSHOT.jar:?]
	at org.apache.hadoop.ozone.protocolPB.OzoneManagerProtocolServerSideTranslatorPB.processRequest(OzoneManagerProtocolServerSideTranslatorPB.java:175) ~[ozone-manager-1.3.0-SNAPSHOT.jar:?]
	at org.apache.hadoop.hdds.server.OzoneProtocolMessageDispatcher.processRequest(OzoneProtocolMessageDispatcher.java:87) [hdds-server-framework-1.3.0-SNAPSHOT.jar:?]
	at org.apache.hadoop.ozone.protocolPB.OzoneManagerProtocolServerSideTranslatorPB.submitRequest(OzoneManagerProtocolServerSideTranslatorPB.java:147) [ozone-manager-1.3.0-SNAPSHOT.jar:?]
	at org.apache.hadoop.ozone.protocol.proto.OzoneManagerProtocolProtos$OzoneManagerService$2.callBlockingMethod(OzoneManagerProtocolProtos.java) [ozone-interface-client-1.3.0-SNAPSHOT.jar:?]
	at org.apache.hadoop.ipc.ProtobufRpcEngine$Server.processCall(ProtobufRpcEngine.java:466) [hadoop-common-3.3.1.jar:?]
	at org.apache.hadoop.ipc.ProtobufRpcEngine2$Server$ProtoBufRpcInvoker.call(ProtobufRpcEngine2.java:574) [hadoop-common-3.3.1.jar:?]
	at org.apache.hadoop.ipc.ProtobufRpcEngine2$Server$ProtoBufRpcInvoker.call(ProtobufRpcEngine2.java:552) [hadoop-common-3.3.1.jar:?]
	at org.apache.hadoop.ipc.RPC$Server.call(RPC.java:1093) [hadoop-common-3.3.1.jar:?]
	at org.apache.hadoop.ipc.Server$RpcCall.run(Server.java:1035) [hadoop-common-3.3.1.jar:?]
	at org.apache.hadoop.ipc.Server$RpcCall.run(Server.java:963) [hadoop-common-3.3.1.jar:?]
	at java.security.AccessController.doPrivileged(Native Method) ~[?:1.8.0_332]
	at javax.security.auth.Subject.doAs(Subject.java:422) [?:1.8.0_332]
	at org.apache.hadoop.security.UserGroupInformation.doAs(UserGroupInformation.java:1878) [hadoop-common-3.3.1.jar:?]
	at org.apache.hadoop.ipc.Server$Handler.run(Server.java:2966) [hadoop-common-3.3.1.jar:?]
2022-07-12 23:24:17,523 [Time-limited test] INFO  rpc.RpcClient (RpcClient.java:createVolume(466)) - Creating Volume: volume-68538, with runner as owner and space quota set to -1 bytes, counts quota set to -1
2022-07-12 23:24:17,525 [OM StateMachine ApplyTransaction Thread - 0] INFO  volume.OMVolumeCreateRequest (OMVolumeCreateRequest.java:validateAndUpdateCache(195)) - created volume:volume-68538 for user:runner
2022-07-12 23:24:17,526 [Time-limited test] INFO  rpc.RpcClient (RpcClient.java:createBucket(669)) - Creating Bucket: volume-68538/bucket-29828, with bucket layout LEGACY, runner as owner, Versioning false, Storage Type set to DISK and Encryption set to false 
2022-07-12 23:24:17,527 [OM StateMachine ApplyTransaction Thread - 0] INFO  bucket.OMBucketCreateRequest (OMBucketCreateRequest.java:validateAndUpdateCache(260)) - created bucket: bucket-29828 of layout LEGACY in volume: volume-68538
23:24:17.812 [IPC Server handler 16 on default port 45473] ERROR OMAudit - user=runner | ip=127.0.0.1 | op=READ_BUCKET {volume=volume-96051, bucket=bucket-59072} | ret=FAILURE
org.apache.hadoop.ozone.om.exceptions.OMException: Volume not found when getting bucket info
	at org.apache.hadoop.ozone.om.BucketManagerImpl.getBucketInfo(BucketManagerImpl.java:127) ~[ozone-manager-1.3.0-SNAPSHOT.jar:?]
	at org.apache.hadoop.ozone.om.OzoneManager.getBucketInfo(OzoneManager.java:2778) ~[ozone-manager-1.3.0-SNAPSHOT.jar:?]
	at org.apache.hadoop.ozone.protocolPB.OzoneManagerRequestHandler.infoBucket(OzoneManagerRequestHandler.java:464) ~[ozone-manager-1.3.0-SNAPSHOT.jar:?]
	at org.apache.hadoop.ozone.protocolPB.OzoneManagerRequestHandler.handleReadRequest(OzoneManagerRequestHandler.java:172) ~[ozone-manager-1.3.0-SNAPSHOT.jar:?]
	at org.apache.hadoop.ozone.protocolPB.OzoneManagerProtocolServerSideTranslatorPB.submitReadRequestToOM(OzoneManagerProtocolServerSideTranslatorPB.java:226) ~[ozone-manager-1.3.0-SNAPSHOT.jar:?]
	at org.apache.hadoop.ozone.protocolPB.OzoneManagerProtocolServerSideTranslatorPB.processRequest(OzoneManagerProtocolServerSideTranslatorPB.java:175) ~[ozone-manager-1.3.0-SNAPSHOT.jar:?]
	at org.apache.hadoop.hdds.server.OzoneProtocolMessageDispatcher.processRequest(OzoneProtocolMessageDispatcher.java:87) [hdds-server-framework-1.3.0-SNAPSHOT.jar:?]
	at org.apache.hadoop.ozone.protocolPB.OzoneManagerProtocolServerSideTranslatorPB.submitRequest(OzoneManagerProtocolServerSideTranslatorPB.java:147) [ozone-manager-1.3.0-SNAPSHOT.jar:?]
	at org.apache.hadoop.ozone.protocol.proto.OzoneManagerProtocolProtos$OzoneManagerService$2.callBlockingMethod(OzoneManagerProtocolProtos.java) [ozone-interface-client-1.3.0-SNAPSHOT.jar:?]
	at org.apache.hadoop.ipc.ProtobufRpcEngine$Server.processCall(ProtobufRpcEngine.java:466) [hadoop-common-3.3.1.jar:?]
	at org.apache.hadoop.ipc.ProtobufRpcEngine2$Server$ProtoBufRpcInvoker.call(ProtobufRpcEngine2.java:574) [hadoop-common-3.3.1.jar:?]
	at org.apache.hadoop.ipc.ProtobufRpcEngine2$Server$ProtoBufRpcInvoker.call(ProtobufRpcEngine2.java:552) [hadoop-common-3.3.1.jar:?]
	at org.apache.hadoop.ipc.RPC$Server.call(RPC.java:1093) [hadoop-common-3.3.1.jar:?]
	at org.apache.hadoop.ipc.Server$RpcCall.run(Server.java:1035) [hadoop-common-3.3.1.jar:?]
	at org.apache.hadoop.ipc.Server$RpcCall.run(Server.java:963) [hadoop-common-3.3.1.jar:?]
	at java.security.AccessController.doPrivileged(Native Method) ~[?:1.8.0_332]
	at javax.security.auth.Subject.doAs(Subject.java:422) [?:1.8.0_332]
	at org.apache.hadoop.security.UserGroupInformation.doAs(UserGroupInformation.java:1878) [hadoop-common-3.3.1.jar:?]
	at org.apache.hadoop.ipc.Server$Handler.run(Server.java:2966) [hadoop-common-3.3.1.jar:?]
2022-07-12 23:24:17,813 [Time-limited test] INFO  rpc.RpcClient (RpcClient.java:createVolume(466)) - Creating Volume: volume-96051, with runner as owner and space quota set to -1 bytes, counts quota set to -1
2022-07-12 23:24:17,814 [OM StateMachine ApplyTransaction Thread - 0] INFO  volume.OMVolumeCreateRequest (OMVolumeCreateRequest.java:validateAndUpdateCache(195)) - created volume:volume-96051 for user:runner
2022-07-12 23:24:17,815 [Time-limited test] INFO  rpc.RpcClient (RpcClient.java:createBucket(669)) - Creating Bucket: volume-96051/bucket-59072, with bucket layout LEGACY, runner as owner, Versioning false, Storage Type set to DISK and Encryption set to false 
2022-07-12 23:24:17,816 [OM StateMachine ApplyTransaction Thread - 0] INFO  bucket.OMBucketCreateRequest (OMBucketCreateRequest.java:validateAndUpdateCache(260)) - created bucket: bucket-59072 of layout LEGACY in volume: volume-96051
23:24:18.081 [IPC Server handler 7 on default port 45473] ERROR OMAudit - user=runner | ip=127.0.0.1 | op=READ_BUCKET {volume=volume-50693, bucket=bucket-88044} | ret=FAILURE
org.apache.hadoop.ozone.om.exceptions.OMException: Volume not found when getting bucket info
	at org.apache.hadoop.ozone.om.BucketManagerImpl.getBucketInfo(BucketManagerImpl.java:127) ~[ozone-manager-1.3.0-SNAPSHOT.jar:?]
	at org.apache.hadoop.ozone.om.OzoneManager.getBucketInfo(OzoneManager.java:2778) ~[ozone-manager-1.3.0-SNAPSHOT.jar:?]
	at org.apache.hadoop.ozone.protocolPB.OzoneManagerRequestHandler.infoBucket(OzoneManagerRequestHandler.java:464) ~[ozone-manager-1.3.0-SNAPSHOT.jar:?]
	at org.apache.hadoop.ozone.protocolPB.OzoneManagerRequestHandler.handleReadRequest(OzoneManagerRequestHandler.java:172) ~[ozone-manager-1.3.0-SNAPSHOT.jar:?]
	at org.apache.hadoop.ozone.protocolPB.OzoneManagerProtocolServerSideTranslatorPB.submitReadRequestToOM(OzoneManagerProtocolServerSideTranslatorPB.java:226) ~[ozone-manager-1.3.0-SNAPSHOT.jar:?]
	at org.apache.hadoop.ozone.protocolPB.OzoneManagerProtocolServerSideTranslatorPB.processRequest(OzoneManagerProtocolServerSideTranslatorPB.java:175) ~[ozone-manager-1.3.0-SNAPSHOT.jar:?]
	at org.apache.hadoop.hdds.server.OzoneProtocolMessageDispatcher.processRequest(OzoneProtocolMessageDispatcher.java:87) [hdds-server-framework-1.3.0-SNAPSHOT.jar:?]
	at org.apache.hadoop.ozone.protocolPB.OzoneManagerProtocolServerSideTranslatorPB.submitRequest(OzoneManagerProtocolServerSideTranslatorPB.java:147) [ozone-manager-1.3.0-SNAPSHOT.jar:?]
	at org.apache.hadoop.ozone.protocol.proto.OzoneManagerProtocolProtos$OzoneManagerService$2.callBlockingMethod(OzoneManagerProtocolProtos.java) [ozone-interface-client-1.3.0-SNAPSHOT.jar:?]
	at org.apache.hadoop.ipc.ProtobufRpcEngine$Server.processCall(ProtobufRpcEngine.java:466) [hadoop-common-3.3.1.jar:?]
	at org.apache.hadoop.ipc.ProtobufRpcEngine2$Server$ProtoBufRpcInvoker.call(ProtobufRpcEngine2.java:574) [hadoop-common-3.3.1.jar:?]
	at org.apache.hadoop.ipc.ProtobufRpcEngine2$Server$ProtoBufRpcInvoker.call(ProtobufRpcEngine2.java:552) [hadoop-common-3.3.1.jar:?]
	at org.apache.hadoop.ipc.RPC$Server.call(RPC.java:1093) [hadoop-common-3.3.1.jar:?]
	at org.apache.hadoop.ipc.Server$RpcCall.run(Server.java:1035) [hadoop-common-3.3.1.jar:?]
	at org.apache.hadoop.ipc.Server$RpcCall.run(Server.java:963) [hadoop-common-3.3.1.jar:?]
	at java.security.AccessController.doPrivileged(Native Method) ~[?:1.8.0_332]
	at javax.security.auth.Subject.doAs(Subject.java:422) [?:1.8.0_332]
	at org.apache.hadoop.security.UserGroupInformation.doAs(UserGroupInformation.java:1878) [hadoop-common-3.3.1.jar:?]
	at org.apache.hadoop.ipc.Server$Handler.run(Server.java:2966) [hadoop-common-3.3.1.jar:?]
2022-07-12 23:24:18,081 [Time-limited test] INFO  rpc.RpcClient (RpcClient.java:createVolume(466)) - Creating Volume: volume-50693, with runner as owner and space quota set to -1 bytes, counts quota set to -1
2022-07-12 23:24:18,083 [OM StateMachine ApplyTransaction Thread - 0] INFO  volume.OMVolumeCreateRequest (OMVolumeCreateRequest.java:validateAndUpdateCache(195)) - created volume:volume-50693 for user:runner
2022-07-12 23:24:18,085 [Time-limited test] INFO  rpc.RpcClient (RpcClient.java:createBucket(669)) - Creating Bucket: volume-50693/bucket-88044, with bucket layout LEGACY, runner as owner, Versioning false, Storage Type set to DISK and Encryption set to false 
2022-07-12 23:24:18,086 [OM StateMachine ApplyTransaction Thread - 0] INFO  bucket.OMBucketCreateRequest (OMBucketCreateRequest.java:validateAndUpdateCache(260)) - created bucket: bucket-88044 of layout LEGACY in volume: volume-50693
23:24:18.457 [IPC Server handler 0 on default port 45473] ERROR OMAudit - user=runner | ip=127.0.0.1 | op=READ_BUCKET {volume=volume-73483, bucket=bucket-31804} | ret=FAILURE
org.apache.hadoop.ozone.om.exceptions.OMException: Volume not found when getting bucket info
	at org.apache.hadoop.ozone.om.BucketManagerImpl.getBucketInfo(BucketManagerImpl.java:127) ~[ozone-manager-1.3.0-SNAPSHOT.jar:?]
	at org.apache.hadoop.ozone.om.OzoneManager.getBucketInfo(OzoneManager.java:2778) ~[ozone-manager-1.3.0-SNAPSHOT.jar:?]
	at org.apache.hadoop.ozone.protocolPB.OzoneManagerRequestHandler.infoBucket(OzoneManagerRequestHandler.java:464) ~[ozone-manager-1.3.0-SNAPSHOT.jar:?]
	at org.apache.hadoop.ozone.protocolPB.OzoneManagerRequestHandler.handleReadRequest(OzoneManagerRequestHandler.java:172) ~[ozone-manager-1.3.0-SNAPSHOT.jar:?]
	at org.apache.hadoop.ozone.protocolPB.OzoneManagerProtocolServerSideTranslatorPB.submitReadRequestToOM(OzoneManagerProtocolServerSideTranslatorPB.java:226) ~[ozone-manager-1.3.0-SNAPSHOT.jar:?]
	at org.apache.hadoop.ozone.protocolPB.OzoneManagerProtocolServerSideTranslatorPB.processRequest(OzoneManagerProtocolServerSideTranslatorPB.java:175) ~[ozone-manager-1.3.0-SNAPSHOT.jar:?]
	at org.apache.hadoop.hdds.server.OzoneProtocolMessageDispatcher.processRequest(OzoneProtocolMessageDispatcher.java:87) [hdds-server-framework-1.3.0-SNAPSHOT.jar:?]
	at org.apache.hadoop.ozone.protocolPB.OzoneManagerProtocolServerSideTranslatorPB.submitRequest(OzoneManagerProtocolServerSideTranslatorPB.java:147) [ozone-manager-1.3.0-SNAPSHOT.jar:?]
	at org.apache.hadoop.ozone.protocol.proto.OzoneManagerProtocolProtos$OzoneManagerService$2.callBlockingMethod(OzoneManagerProtocolProtos.java) [ozone-interface-client-1.3.0-SNAPSHOT.jar:?]
	at org.apache.hadoop.ipc.ProtobufRpcEngine$Server.processCall(ProtobufRpcEngine.java:466) [hadoop-common-3.3.1.jar:?]
	at org.apache.hadoop.ipc.ProtobufRpcEngine2$Server$ProtoBufRpcInvoker.call(ProtobufRpcEngine2.java:574) [hadoop-common-3.3.1.jar:?]
	at org.apache.hadoop.ipc.ProtobufRpcEngine2$Server$ProtoBufRpcInvoker.call(ProtobufRpcEngine2.java:552) [hadoop-common-3.3.1.jar:?]
	at org.apache.hadoop.ipc.RPC$Server.call(RPC.java:1093) [hadoop-common-3.3.1.jar:?]
	at org.apache.hadoop.ipc.Server$RpcCall.run(Server.java:1035) [hadoop-common-3.3.1.jar:?]
	at org.apache.hadoop.ipc.Server$RpcCall.run(Server.java:963) [hadoop-common-3.3.1.jar:?]
	at java.security.AccessController.doPrivileged(Native Method) ~[?:1.8.0_332]
	at javax.security.auth.Subject.doAs(Subject.java:422) [?:1.8.0_332]
	at org.apache.hadoop.security.UserGroupInformation.doAs(UserGroupInformation.java:1878) [hadoop-common-3.3.1.jar:?]
	at org.apache.hadoop.ipc.Server$Handler.run(Server.java:2966) [hadoop-common-3.3.1.jar:?]
2022-07-12 23:24:18,457 [Time-limited test] INFO  rpc.RpcClient (RpcClient.java:createVolume(466)) - Creating Volume: volume-73483, with runner as owner and space quota set to -1 bytes, counts quota set to -1
2022-07-12 23:24:18,460 [OM StateMachine ApplyTransaction Thread - 0] INFO  volume.OMVolumeCreateRequest (OMVolumeCreateRequest.java:validateAndUpdateCache(195)) - created volume:volume-73483 for user:runner
2022-07-12 23:24:18,461 [Time-limited test] INFO  rpc.RpcClient (RpcClient.java:createBucket(669)) - Creating Bucket: volume-73483/bucket-31804, with bucket layout LEGACY, runner as owner, Versioning false, Storage Type set to DISK and Encryption set to false 
2022-07-12 23:24:18,464 [OM StateMachine ApplyTransaction Thread - 0] INFO  bucket.OMBucketCreateRequest (OMBucketCreateRequest.java:validateAndUpdateCache(260)) - created bucket: bucket-31804 of layout LEGACY in volume: volume-73483
]]></system-out>
  </testcase>
  <testcase name="testListStatusRootAndVolumeContinuation" classname="TestRootedOzoneFileSystem" time="4.135">
    <system-out><![CDATA[2022-07-12 23:25:38,420 [11563331-6701-4d30-8001-992896c542e0@group-1457D70A6616-LeaderElection81] INFO  impl.LeaderElection (LeaderElection.java:askForVotes(310)) - 11563331-6701-4d30-8001-992896c542e0@group-1457D70A6616-LeaderElection81 ELECTION round 0: submit vote requests at term 2 for -1: [a135f15d-6580-477c-8a71-f9528412742f|rpc:10.1.0.13:34569|priority:0, 11563331-6701-4d30-8001-992896c542e0|rpc:10.1.0.13:45985|priority:1, d62677b6-aca1-45f9-8cbf-ef07d3f04380|rpc:10.1.0.13:43415|priority:0], old=null
2022-07-12 23:25:38,428 [8960f961-c44a-41ec-8336-420a965cc97a@group-4A82939BF426-FollowerState] INFO  impl.FollowerState (FollowerState.java:run(143)) - 8960f961-c44a-41ec-8336-420a965cc97a@group-4A82939BF426-FollowerState: change to CANDIDATE, lastRpcElapsedTime:5065117682ns, electionTimeout:5049ms
2022-07-12 23:25:38,428 [8960f961-c44a-41ec-8336-420a965cc97a@group-4A82939BF426-FollowerState] INFO  impl.RoleInfo (RoleInfo.java:shutdownFollowerState(110)) - 8960f961-c44a-41ec-8336-420a965cc97a: shutdown 8960f961-c44a-41ec-8336-420a965cc97a@group-4A82939BF426-FollowerState
2022-07-12 23:25:38,428 [8960f961-c44a-41ec-8336-420a965cc97a@group-4A82939BF426-FollowerState] INFO  server.RaftServer$Division (RaftServerImpl.java:setRole(299)) - 8960f961-c44a-41ec-8336-420a965cc97a@group-4A82939BF426: changes role from  FOLLOWER to CANDIDATE at term 0 for changeToCandidate
2022-07-12 23:25:38,453 [8960f961-c44a-41ec-8336-420a965cc97a@group-4A82939BF426-FollowerState] INFO  server.RaftServerConfigKeys (ConfUtils.java:logGet(46)) - raft.server.leaderelection.pre-vote = false (custom)
2022-07-12 23:25:38,453 [8960f961-c44a-41ec-8336-420a965cc97a@group-4A82939BF426-FollowerState] INFO  impl.RoleInfo (RoleInfo.java:updateAndGet(139)) - 8960f961-c44a-41ec-8336-420a965cc97a: start 8960f961-c44a-41ec-8336-420a965cc97a@group-4A82939BF426-LeaderElection83
2022-07-12 23:25:38,457 [d62677b6-aca1-45f9-8cbf-ef07d3f04380@group-1457D70A6616-LeaderElection82] INFO  impl.LeaderElection (LeaderElection.java:askForVotes(310)) - d62677b6-aca1-45f9-8cbf-ef07d3f04380@group-1457D70A6616-LeaderElection82 ELECTION round 0: submit vote requests at term 2 for -1: [a135f15d-6580-477c-8a71-f9528412742f|rpc:10.1.0.13:34569|priority:0, 11563331-6701-4d30-8001-992896c542e0|rpc:10.1.0.13:45985|priority:1, d62677b6-aca1-45f9-8cbf-ef07d3f04380|rpc:10.1.0.13:43415|priority:0], old=null
2022-07-12 23:25:38,605 [8960f961-c44a-41ec-8336-420a965cc97a@group-4A82939BF426-LeaderElection83] INFO  impl.LeaderElection (LeaderElection.java:askForVotes(310)) - 8960f961-c44a-41ec-8336-420a965cc97a@group-4A82939BF426-LeaderElection83 ELECTION round 0: submit vote requests at term 1 for -1: [8960f961-c44a-41ec-8336-420a965cc97a|rpc:10.1.0.13:36833|priority:1], old=null
2022-07-12 23:25:38,605 [8960f961-c44a-41ec-8336-420a965cc97a@group-4A82939BF426-LeaderElection83] INFO  impl.LeaderElection (LeaderElection.java:askForVotes(312)) - 8960f961-c44a-41ec-8336-420a965cc97a@group-4A82939BF426-LeaderElection83 ELECTION round 0: result PASSED (term=1)
2022-07-12 23:25:38,605 [8960f961-c44a-41ec-8336-420a965cc97a@group-4A82939BF426-LeaderElection83] INFO  impl.RoleInfo (RoleInfo.java:shutdownLeaderElection(130)) - 8960f961-c44a-41ec-8336-420a965cc97a: shutdown 8960f961-c44a-41ec-8336-420a965cc97a@group-4A82939BF426-LeaderElection83
2022-07-12 23:25:38,605 [8960f961-c44a-41ec-8336-420a965cc97a@group-4A82939BF426-LeaderElection83] INFO  server.RaftServer$Division (RaftServerImpl.java:setRole(299)) - 8960f961-c44a-41ec-8336-420a965cc97a@group-4A82939BF426: changes role from CANDIDATE to LEADER at term 1 for changeToLeader
2022-07-12 23:25:38,605 [8960f961-c44a-41ec-8336-420a965cc97a@group-4A82939BF426-LeaderElection83] INFO  ratis.XceiverServerRatis (XceiverServerRatis.java:handleLeaderChangedNotification(863)) - Leader change notification received for group: group-4A82939BF426 with new leaderId: 8960f961-c44a-41ec-8336-420a965cc97a
2022-07-12 23:25:38,605 [8960f961-c44a-41ec-8336-420a965cc97a@group-4A82939BF426-LeaderElection83] INFO  server.RaftServer$Division (ServerState.java:setLeader(287)) - 8960f961-c44a-41ec-8336-420a965cc97a@group-4A82939BF426: change Leader from null to 8960f961-c44a-41ec-8336-420a965cc97a at term 1 for becomeLeader, leader elected after 5251ms
2022-07-12 23:25:38,605 [8960f961-c44a-41ec-8336-420a965cc97a@group-4A82939BF426-LeaderElection83] INFO  server.RaftServerConfigKeys (ConfUtils.java:logGet(46)) - raft.server.staging.catchup.gap = 1000 (default)
2022-07-12 23:25:38,606 [8960f961-c44a-41ec-8336-420a965cc97a@group-4A82939BF426-LeaderElection83] INFO  server.RaftServerConfigKeys (ConfUtils.java:logGet(46)) - raft.server.write.element-limit = 1024 (custom)
2022-07-12 23:25:38,606 [8960f961-c44a-41ec-8336-420a965cc97a@group-4A82939BF426-LeaderElection83] INFO  server.RaftServerConfigKeys (ConfUtils.java:logGet(46)) - raft.server.write.byte-limit = 1024 M (=1073741824) (custom)
2022-07-12 23:25:38,606 [8960f961-c44a-41ec-8336-420a965cc97a@group-4A82939BF426-LeaderElection83] INFO  server.RaftServerConfigKeys (ConfUtils.java:logGet(46)) - raft.server.watch.timeout = 180s (custom)
2022-07-12 23:25:38,621 [8960f961-c44a-41ec-8336-420a965cc97a@group-4A82939BF426-LeaderElection83] INFO  server.RaftServerConfigKeys (ConfUtils.java:logGet(46)) - raft.server.watch.timeout.denomination = 1s (default)
2022-07-12 23:25:38,621 [8960f961-c44a-41ec-8336-420a965cc97a@group-4A82939BF426-LeaderElection83] INFO  server.RaftServerConfigKeys (ConfUtils.java:logGet(46)) - raft.server.watch.element-limit = 65536 (default)
2022-07-12 23:25:38,621 [8960f961-c44a-41ec-8336-420a965cc97a@group-4A82939BF426-LeaderElection83] INFO  server.RaftServerConfigKeys (ConfUtils.java:logGet(46)) - raft.server.write.element-limit = 1024 (custom)
2022-07-12 23:25:38,621 [8960f961-c44a-41ec-8336-420a965cc97a@group-4A82939BF426-LeaderElection83] INFO  server.RaftServerConfigKeys (ConfUtils.java:logGet(46)) - raft.server.write.follower.gap.ratio.max = -1.0 (default)
2022-07-12 23:25:38,621 [8960f961-c44a-41ec-8336-420a965cc97a@group-4A82939BF426-LeaderElection83] INFO  impl.RoleInfo (RoleInfo.java:updateAndGet(139)) - 8960f961-c44a-41ec-8336-420a965cc97a: start 8960f961-c44a-41ec-8336-420a965cc97a@group-4A82939BF426-LeaderStateImpl
2022-07-12 23:25:38,622 [8960f961-c44a-41ec-8336-420a965cc97a@group-4A82939BF426-LeaderElection83] INFO  segmented.SegmentedRaftLogWorker (SegmentedRaftLogWorker.java:startLogSegment(425)) - 8960f961-c44a-41ec-8336-420a965cc97a@group-4A82939BF426-SegmentedRaftLogWorker: Starting segment from index:0
2022-07-12 23:25:38,616 [grpc-default-executor-2] INFO  server.RaftServer$Division (RaftServerImpl.java:requestVote(1152)) - 11563331-6701-4d30-8001-992896c542e0@group-1457D70A6616: receive requestVote(ELECTION, a135f15d-6580-477c-8a71-f9528412742f, group-1457D70A6616, 2, (t:0, i:0))
2022-07-12 23:25:38,622 [grpc-default-executor-2] INFO  impl.VoteContext (VoteContext.java:log(48)) - 11563331-6701-4d30-8001-992896c542e0@group-1457D70A6616-CANDIDATE: reject ELECTION from a135f15d-6580-477c-8a71-f9528412742f: already has voted for 11563331-6701-4d30-8001-992896c542e0 at current term 2
2022-07-12 23:25:38,622 [grpc-default-executor-2] INFO  server.RaftServer$Division (RaftServerImpl.java:requestVote(1184)) - 11563331-6701-4d30-8001-992896c542e0@group-1457D70A6616 replies to ELECTION vote request: a135f15d-6580-477c-8a71-f9528412742f<-11563331-6701-4d30-8001-992896c542e0#0:FAIL-t2. Peer's state: 11563331-6701-4d30-8001-992896c542e0@group-1457D70A6616:t2, leader=null, voted=11563331-6701-4d30-8001-992896c542e0, raftlog=11563331-6701-4d30-8001-992896c542e0@group-1457D70A6616-SegmentedRaftLog:OPENED:c-1, conf=-1: [a135f15d-6580-477c-8a71-f9528412742f|rpc:10.1.0.13:34569|priority:0, 11563331-6701-4d30-8001-992896c542e0|rpc:10.1.0.13:45985|priority:1, d62677b6-aca1-45f9-8cbf-ef07d3f04380|rpc:10.1.0.13:43415|priority:0], old=null
2022-07-12 23:25:38,623 [8960f961-c44a-41ec-8336-420a965cc97a@group-4A82939BF426-SegmentedRaftLogWorker] INFO  segmented.SegmentedRaftLogWorker (SegmentedRaftLogWorker.java:execute(629)) - 8960f961-c44a-41ec-8336-420a965cc97a@group-4A82939BF426-SegmentedRaftLogWorker: created new log segment /home/runner/work/ozone/ozone/hadoop-ozone/integration-test/target/test-dir/MiniOzoneClusterImpl-9bee4ffb-16ee-4d3a-b6f9-e52fae08084a/datanode-4/data/ratis/16d9962e-6179-46f8-8547-4a82939bf426/current/log_inprogress_0
2022-07-12 23:25:38,650 [grpc-default-executor-3] INFO  server.RaftServer$Division (RaftServerImpl.java:requestVote(1152)) - a135f15d-6580-477c-8a71-f9528412742f@group-1457D70A6616: receive requestVote(ELECTION, d62677b6-aca1-45f9-8cbf-ef07d3f04380, group-1457D70A6616, 2, (t:0, i:0))
2022-07-12 23:25:38,650 [grpc-default-executor-3] INFO  impl.VoteContext (VoteContext.java:log(48)) - a135f15d-6580-477c-8a71-f9528412742f@group-1457D70A6616-CANDIDATE: reject ELECTION from d62677b6-aca1-45f9-8cbf-ef07d3f04380: already has voted for a135f15d-6580-477c-8a71-f9528412742f at current term 2
2022-07-12 23:25:38,650 [grpc-default-executor-3] INFO  server.RaftServer$Division (RaftServerImpl.java:requestVote(1184)) - a135f15d-6580-477c-8a71-f9528412742f@group-1457D70A6616 replies to ELECTION vote request: d62677b6-aca1-45f9-8cbf-ef07d3f04380<-a135f15d-6580-477c-8a71-f9528412742f#0:FAIL-t2. Peer's state: a135f15d-6580-477c-8a71-f9528412742f@group-1457D70A6616:t2, leader=null, voted=a135f15d-6580-477c-8a71-f9528412742f, raftlog=a135f15d-6580-477c-8a71-f9528412742f@group-1457D70A6616-SegmentedRaftLog:OPENED:c-1, conf=-1: [a135f15d-6580-477c-8a71-f9528412742f|rpc:10.1.0.13:34569|dataStream:|priority:0, 11563331-6701-4d30-8001-992896c542e0|rpc:10.1.0.13:45985|dataStream:|priority:1, d62677b6-aca1-45f9-8cbf-ef07d3f04380|rpc:10.1.0.13:43415|dataStream:|priority:0], old=null
2022-07-12 23:25:38,650 [8960f961-c44a-41ec-8336-420a965cc97a@group-4A82939BF426-LeaderElection83] INFO  server.RaftServer$Division (ServerState.java:setRaftConf(393)) - 8960f961-c44a-41ec-8336-420a965cc97a@group-4A82939BF426: set configuration 0: [8960f961-c44a-41ec-8336-420a965cc97a|rpc:10.1.0.13:36833|dataStream:|priority:1], old=null
2022-07-12 23:25:38,652 [a135f15d-6580-477c-8a71-f9528412742f@group-1457D70A6616-LeaderElection80] INFO  impl.LeaderElection (LeaderElection.java:logAndReturn(90)) - a135f15d-6580-477c-8a71-f9528412742f@group-1457D70A6616-LeaderElection80: ELECTION REJECTED received 1 response(s) and 0 exception(s):
2022-07-12 23:25:38,652 [a135f15d-6580-477c-8a71-f9528412742f@group-1457D70A6616-LeaderElection80] INFO  impl.LeaderElection (LeaderElection.java:logAndReturn(94)) -   Response 0: a135f15d-6580-477c-8a71-f9528412742f<-11563331-6701-4d30-8001-992896c542e0#0:FAIL-t2
2022-07-12 23:25:38,652 [a135f15d-6580-477c-8a71-f9528412742f@group-1457D70A6616-LeaderElection80] INFO  impl.LeaderElection (LeaderElection.java:askForVotes(312)) - a135f15d-6580-477c-8a71-f9528412742f@group-1457D70A6616-LeaderElection80 ELECTION round 0: result REJECTED
2022-07-12 23:25:38,652 [a135f15d-6580-477c-8a71-f9528412742f@group-1457D70A6616-LeaderElection80] INFO  server.RaftServer$Division (RaftServerImpl.java:setRole(299)) - a135f15d-6580-477c-8a71-f9528412742f@group-1457D70A6616: changes role from CANDIDATE to FOLLOWER at term 2 for REJECTED
2022-07-12 23:25:38,652 [a135f15d-6580-477c-8a71-f9528412742f@group-1457D70A6616-LeaderElection80] INFO  impl.RoleInfo (RoleInfo.java:shutdownLeaderElection(130)) - a135f15d-6580-477c-8a71-f9528412742f: shutdown a135f15d-6580-477c-8a71-f9528412742f@group-1457D70A6616-LeaderElection80
2022-07-12 23:25:38,652 [a135f15d-6580-477c-8a71-f9528412742f@group-1457D70A6616-LeaderElection80] INFO  impl.RoleInfo (RoleInfo.java:updateAndGet(139)) - a135f15d-6580-477c-8a71-f9528412742f: start a135f15d-6580-477c-8a71-f9528412742f@group-1457D70A6616-FollowerState
2022-07-12 23:25:38,688 [Time-limited test] INFO  rpc.RpcClient (RpcClient.java:createVolume(466)) - Creating Volume: volume68306, with user72423 as owner and space quota set to -1 bytes, counts quota set to -1
2022-07-12 23:25:38,691 [grpc-default-executor-1] INFO  server.RaftServer$Division (RaftServerImpl.java:requestVote(1152)) - d62677b6-aca1-45f9-8cbf-ef07d3f04380@group-1457D70A6616: receive requestVote(ELECTION, a135f15d-6580-477c-8a71-f9528412742f, group-1457D70A6616, 2, (t:0, i:0))
2022-07-12 23:25:38,691 [grpc-default-executor-1] INFO  impl.VoteContext (VoteContext.java:log(48)) - d62677b6-aca1-45f9-8cbf-ef07d3f04380@group-1457D70A6616-CANDIDATE: reject ELECTION from a135f15d-6580-477c-8a71-f9528412742f: already has voted for d62677b6-aca1-45f9-8cbf-ef07d3f04380 at current term 2
2022-07-12 23:25:38,691 [grpc-default-executor-1] INFO  server.RaftServer$Division (RaftServerImpl.java:requestVote(1184)) - d62677b6-aca1-45f9-8cbf-ef07d3f04380@group-1457D70A6616 replies to ELECTION vote request: a135f15d-6580-477c-8a71-f9528412742f<-d62677b6-aca1-45f9-8cbf-ef07d3f04380#0:FAIL-t2. Peer's state: d62677b6-aca1-45f9-8cbf-ef07d3f04380@group-1457D70A6616:t2, leader=null, voted=d62677b6-aca1-45f9-8cbf-ef07d3f04380, raftlog=d62677b6-aca1-45f9-8cbf-ef07d3f04380@group-1457D70A6616-SegmentedRaftLog:OPENED:c-1, conf=-1: [a135f15d-6580-477c-8a71-f9528412742f|rpc:10.1.0.13:34569|priority:0, 11563331-6701-4d30-8001-992896c542e0|rpc:10.1.0.13:45985|priority:1, d62677b6-aca1-45f9-8cbf-ef07d3f04380|rpc:10.1.0.13:43415|priority:0], old=null
2022-07-12 23:25:38,691 [grpc-default-executor-1] INFO  server.RaftServer$Division (RaftServerImpl.java:requestVote(1152)) - 11563331-6701-4d30-8001-992896c542e0@group-1457D70A6616: receive requestVote(ELECTION, d62677b6-aca1-45f9-8cbf-ef07d3f04380, group-1457D70A6616, 2, (t:0, i:0))
2022-07-12 23:25:38,691 [grpc-default-executor-1] INFO  impl.VoteContext (VoteContext.java:log(48)) - 11563331-6701-4d30-8001-992896c542e0@group-1457D70A6616-CANDIDATE: reject ELECTION from d62677b6-aca1-45f9-8cbf-ef07d3f04380: already has voted for 11563331-6701-4d30-8001-992896c542e0 at current term 2
2022-07-12 23:25:38,691 [grpc-default-executor-1] INFO  server.RaftServer$Division (RaftServerImpl.java:requestVote(1184)) - 11563331-6701-4d30-8001-992896c542e0@group-1457D70A6616 replies to ELECTION vote request: d62677b6-aca1-45f9-8cbf-ef07d3f04380<-11563331-6701-4d30-8001-992896c542e0#0:FAIL-t2. Peer's state: 11563331-6701-4d30-8001-992896c542e0@group-1457D70A6616:t2, leader=null, voted=11563331-6701-4d30-8001-992896c542e0, raftlog=11563331-6701-4d30-8001-992896c542e0@group-1457D70A6616-SegmentedRaftLog:OPENED:c-1, conf=-1: [a135f15d-6580-477c-8a71-f9528412742f|rpc:10.1.0.13:34569|priority:0, 11563331-6701-4d30-8001-992896c542e0|rpc:10.1.0.13:45985|priority:1, d62677b6-aca1-45f9-8cbf-ef07d3f04380|rpc:10.1.0.13:43415|priority:0], old=null
2022-07-12 23:25:38,692 [grpc-default-executor-2] INFO  server.RaftServer$Division (RaftServerImpl.java:requestVote(1152)) - a135f15d-6580-477c-8a71-f9528412742f@group-1457D70A6616: receive requestVote(ELECTION, 11563331-6701-4d30-8001-992896c542e0, group-1457D70A6616, 2, (t:0, i:0))
2022-07-12 23:25:38,692 [grpc-default-executor-2] INFO  impl.VoteContext (VoteContext.java:log(48)) - a135f15d-6580-477c-8a71-f9528412742f@group-1457D70A6616-FOLLOWER: reject ELECTION from 11563331-6701-4d30-8001-992896c542e0: already has voted for a135f15d-6580-477c-8a71-f9528412742f at current term 2
2022-07-12 23:25:38,692 [grpc-default-executor-2] INFO  server.RaftServer$Division (RaftServerImpl.java:requestVote(1184)) - a135f15d-6580-477c-8a71-f9528412742f@group-1457D70A6616 replies to ELECTION vote request: 11563331-6701-4d30-8001-992896c542e0<-a135f15d-6580-477c-8a71-f9528412742f#0:FAIL-t2. Peer's state: a135f15d-6580-477c-8a71-f9528412742f@group-1457D70A6616:t2, leader=null, voted=a135f15d-6580-477c-8a71-f9528412742f, raftlog=a135f15d-6580-477c-8a71-f9528412742f@group-1457D70A6616-SegmentedRaftLog:OPENED:c-1, conf=-1: [a135f15d-6580-477c-8a71-f9528412742f|rpc:10.1.0.13:34569|dataStream:|priority:0, 11563331-6701-4d30-8001-992896c542e0|rpc:10.1.0.13:45985|dataStream:|priority:1, d62677b6-aca1-45f9-8cbf-ef07d3f04380|rpc:10.1.0.13:43415|dataStream:|priority:0], old=null
2022-07-12 23:25:38,695 [d62677b6-aca1-45f9-8cbf-ef07d3f04380@group-1457D70A6616-LeaderElection82] INFO  impl.LeaderElection (LeaderElection.java:logAndReturn(90)) - d62677b6-aca1-45f9-8cbf-ef07d3f04380@group-1457D70A6616-LeaderElection82: ELECTION REJECTED received 2 response(s) and 0 exception(s):
2022-07-12 23:25:38,695 [d62677b6-aca1-45f9-8cbf-ef07d3f04380@group-1457D70A6616-LeaderElection82] INFO  impl.LeaderElection (LeaderElection.java:logAndReturn(94)) -   Response 0: d62677b6-aca1-45f9-8cbf-ef07d3f04380<-a135f15d-6580-477c-8a71-f9528412742f#0:FAIL-t2
2022-07-12 23:25:38,695 [d62677b6-aca1-45f9-8cbf-ef07d3f04380@group-1457D70A6616-LeaderElection82] INFO  impl.LeaderElection (LeaderElection.java:logAndReturn(94)) -   Response 1: d62677b6-aca1-45f9-8cbf-ef07d3f04380<-11563331-6701-4d30-8001-992896c542e0#0:FAIL-t2
2022-07-12 23:25:38,695 [d62677b6-aca1-45f9-8cbf-ef07d3f04380@group-1457D70A6616-LeaderElection82] INFO  impl.LeaderElection (LeaderElection.java:askForVotes(312)) - d62677b6-aca1-45f9-8cbf-ef07d3f04380@group-1457D70A6616-LeaderElection82 ELECTION round 0: result REJECTED
2022-07-12 23:25:38,695 [d62677b6-aca1-45f9-8cbf-ef07d3f04380@group-1457D70A6616-LeaderElection82] INFO  server.RaftServer$Division (RaftServerImpl.java:setRole(299)) - d62677b6-aca1-45f9-8cbf-ef07d3f04380@group-1457D70A6616: changes role from CANDIDATE to FOLLOWER at term 2 for REJECTED
2022-07-12 23:25:38,695 [d62677b6-aca1-45f9-8cbf-ef07d3f04380@group-1457D70A6616-LeaderElection82] INFO  impl.RoleInfo (RoleInfo.java:shutdownLeaderElection(130)) - d62677b6-aca1-45f9-8cbf-ef07d3f04380: shutdown d62677b6-aca1-45f9-8cbf-ef07d3f04380@group-1457D70A6616-LeaderElection82
2022-07-12 23:25:38,695 [d62677b6-aca1-45f9-8cbf-ef07d3f04380@group-1457D70A6616-LeaderElection82] INFO  impl.RoleInfo (RoleInfo.java:updateAndGet(139)) - d62677b6-aca1-45f9-8cbf-ef07d3f04380: start d62677b6-aca1-45f9-8cbf-ef07d3f04380@group-1457D70A6616-FollowerState
2022-07-12 23:25:38,735 [IPC Server handler 12 on default port 46473] INFO  volume.OMVolumeCreateRequest (OMVolumeCreateRequest.java:validateAndUpdateCache(195)) - created volume:volume68306 for user:user72423
2022-07-12 23:25:38,737 [Time-limited test] INFO  rpc.RpcClient (RpcClient.java:createBucket(669)) - Creating Bucket: volume68306/bucket82400, with bucket layout LEGACY, runner as owner, Versioning false, Storage Type set to DISK and Encryption set to false 
2022-07-12 23:25:38,738 [IPC Server handler 10 on default port 46473] INFO  bucket.OMBucketCreateRequest (OMBucketCreateRequest.java:validateAndUpdateCache(260)) - created bucket: bucket82400 of layout LEGACY in volume: volume68306
23:25:38.742 [IPC Server handler 7 on default port 46473] ERROR OMAudit - user=runner | ip=127.0.0.1 | op=READ_BUCKET {volume=volume-72282, bucket=bucket-55404} | ret=FAILURE
org.apache.hadoop.ozone.om.exceptions.OMException: Volume not found when getting bucket info
	at org.apache.hadoop.ozone.om.BucketManagerImpl.getBucketInfo(BucketManagerImpl.java:127) ~[ozone-manager-1.3.0-SNAPSHOT.jar:?]
	at org.apache.hadoop.ozone.om.OzoneManager.getBucketInfo(OzoneManager.java:2778) ~[ozone-manager-1.3.0-SNAPSHOT.jar:?]
	at org.apache.hadoop.ozone.protocolPB.OzoneManagerRequestHandler.infoBucket(OzoneManagerRequestHandler.java:464) ~[ozone-manager-1.3.0-SNAPSHOT.jar:?]
	at org.apache.hadoop.ozone.protocolPB.OzoneManagerRequestHandler.handleReadRequest(OzoneManagerRequestHandler.java:172) ~[ozone-manager-1.3.0-SNAPSHOT.jar:?]
	at org.apache.hadoop.ozone.protocolPB.OzoneManagerProtocolServerSideTranslatorPB.submitRequestDirectlyToOM(OzoneManagerProtocolServerSideTranslatorPB.java:276) ~[ozone-manager-1.3.0-SNAPSHOT.jar:?]
	at org.apache.hadoop.ozone.protocolPB.OzoneManagerProtocolServerSideTranslatorPB.processRequest(OzoneManagerProtocolServerSideTranslatorPB.java:205) ~[ozone-manager-1.3.0-SNAPSHOT.jar:?]
	at org.apache.hadoop.hdds.server.OzoneProtocolMessageDispatcher.processRequest(OzoneProtocolMessageDispatcher.java:87) [hdds-server-framework-1.3.0-SNAPSHOT.jar:?]
	at org.apache.hadoop.ozone.protocolPB.OzoneManagerProtocolServerSideTranslatorPB.submitRequest(OzoneManagerProtocolServerSideTranslatorPB.java:147) [ozone-manager-1.3.0-SNAPSHOT.jar:?]
	at org.apache.hadoop.ozone.protocol.proto.OzoneManagerProtocolProtos$OzoneManagerService$2.callBlockingMethod(OzoneManagerProtocolProtos.java) [ozone-interface-client-1.3.0-SNAPSHOT.jar:?]
	at org.apache.hadoop.ipc.ProtobufRpcEngine$Server.processCall(ProtobufRpcEngine.java:466) [hadoop-common-3.3.1.jar:?]
	at org.apache.hadoop.ipc.ProtobufRpcEngine2$Server$ProtoBufRpcInvoker.call(ProtobufRpcEngine2.java:574) [hadoop-common-3.3.1.jar:?]
	at org.apache.hadoop.ipc.ProtobufRpcEngine2$Server$ProtoBufRpcInvoker.call(ProtobufRpcEngine2.java:552) [hadoop-common-3.3.1.jar:?]
	at org.apache.hadoop.ipc.RPC$Server.call(RPC.java:1093) [hadoop-common-3.3.1.jar:?]
	at org.apache.hadoop.ipc.Server$RpcCall.run(Server.java:1035) [hadoop-common-3.3.1.jar:?]
	at org.apache.hadoop.ipc.Server$RpcCall.run(Server.java:963) [hadoop-common-3.3.1.jar:?]
	at java.security.AccessController.doPrivileged(Native Method) ~[?:1.8.0_332]
	at javax.security.auth.Subject.doAs(Subject.java:422) [?:1.8.0_332]
	at org.apache.hadoop.security.UserGroupInformation.doAs(UserGroupInformation.java:1878) [hadoop-common-3.3.1.jar:?]
	at org.apache.hadoop.ipc.Server$Handler.run(Server.java:2966) [hadoop-common-3.3.1.jar:?]
2022-07-12 23:25:38,742 [Time-limited test] INFO  rpc.RpcClient (RpcClient.java:createVolume(466)) - Creating Volume: volume-72282, with runner as owner and space quota set to -1 bytes, counts quota set to -1
2022-07-12 23:25:38,743 [IPC Server handler 6 on default port 46473] INFO  volume.OMVolumeCreateRequest (OMVolumeCreateRequest.java:validateAndUpdateCache(195)) - created volume:volume-72282 for user:runner
2022-07-12 23:25:38,752 [Time-limited test] INFO  rpc.RpcClient (RpcClient.java:createBucket(669)) - Creating Bucket: volume-72282/bucket-55404, with bucket layout LEGACY, runner as owner, Versioning false, Storage Type set to DISK and Encryption set to false 
2022-07-12 23:25:38,753 [IPC Server handler 4 on default port 46473] INFO  bucket.OMBucketCreateRequest (OMBucketCreateRequest.java:validateAndUpdateCache(260)) - created bucket: bucket-55404 of layout LEGACY in volume: volume-72282
2022-07-12 23:25:38,816 [grpc-default-executor-2] INFO  server.RaftServer$Division (RaftServerImpl.java:requestVote(1152)) - d62677b6-aca1-45f9-8cbf-ef07d3f04380@group-1457D70A6616: receive requestVote(ELECTION, 11563331-6701-4d30-8001-992896c542e0, group-1457D70A6616, 2, (t:0, i:0))
2022-07-12 23:25:38,816 [grpc-default-executor-2] INFO  impl.VoteContext (VoteContext.java:log(48)) - d62677b6-aca1-45f9-8cbf-ef07d3f04380@group-1457D70A6616-FOLLOWER: reject ELECTION from 11563331-6701-4d30-8001-992896c542e0: already has voted for d62677b6-aca1-45f9-8cbf-ef07d3f04380 at current term 2
2022-07-12 23:25:38,816 [grpc-default-executor-2] INFO  server.RaftServer$Division (RaftServerImpl.java:requestVote(1184)) - d62677b6-aca1-45f9-8cbf-ef07d3f04380@group-1457D70A6616 replies to ELECTION vote request: 11563331-6701-4d30-8001-992896c542e0<-d62677b6-aca1-45f9-8cbf-ef07d3f04380#0:FAIL-t2. Peer's state: d62677b6-aca1-45f9-8cbf-ef07d3f04380@group-1457D70A6616:t2, leader=null, voted=d62677b6-aca1-45f9-8cbf-ef07d3f04380, raftlog=d62677b6-aca1-45f9-8cbf-ef07d3f04380@group-1457D70A6616-SegmentedRaftLog:OPENED:c-1, conf=-1: [a135f15d-6580-477c-8a71-f9528412742f|rpc:10.1.0.13:34569|priority:0, 11563331-6701-4d30-8001-992896c542e0|rpc:10.1.0.13:45985|priority:1, d62677b6-aca1-45f9-8cbf-ef07d3f04380|rpc:10.1.0.13:43415|priority:0], old=null
2022-07-12 23:25:38,880 [11563331-6701-4d30-8001-992896c542e0@group-1457D70A6616-LeaderElection81] INFO  impl.LeaderElection (LeaderElection.java:logAndReturn(90)) - 11563331-6701-4d30-8001-992896c542e0@group-1457D70A6616-LeaderElection81: ELECTION REJECTED received 2 response(s) and 0 exception(s):
2022-07-12 23:25:38,880 [11563331-6701-4d30-8001-992896c542e0@group-1457D70A6616-LeaderElection81] INFO  impl.LeaderElection (LeaderElection.java:logAndReturn(94)) -   Response 0: 11563331-6701-4d30-8001-992896c542e0<-a135f15d-6580-477c-8a71-f9528412742f#0:FAIL-t2
2022-07-12 23:25:38,880 [11563331-6701-4d30-8001-992896c542e0@group-1457D70A6616-LeaderElection81] INFO  impl.LeaderElection (LeaderElection.java:logAndReturn(94)) -   Response 1: 11563331-6701-4d30-8001-992896c542e0<-d62677b6-aca1-45f9-8cbf-ef07d3f04380#0:FAIL-t2
2022-07-12 23:25:38,880 [11563331-6701-4d30-8001-992896c542e0@group-1457D70A6616-LeaderElection81] INFO  impl.LeaderElection (LeaderElection.java:askForVotes(312)) - 11563331-6701-4d30-8001-992896c542e0@group-1457D70A6616-LeaderElection81 ELECTION round 0: result REJECTED
2022-07-12 23:25:38,880 [11563331-6701-4d30-8001-992896c542e0@group-1457D70A6616-LeaderElection81] INFO  server.RaftServer$Division (RaftServerImpl.java:setRole(299)) - 11563331-6701-4d30-8001-992896c542e0@group-1457D70A6616: changes role from CANDIDATE to FOLLOWER at term 2 for REJECTED
2022-07-12 23:25:38,880 [11563331-6701-4d30-8001-992896c542e0@group-1457D70A6616-LeaderElection81] INFO  impl.RoleInfo (RoleInfo.java:shutdownLeaderElection(130)) - 11563331-6701-4d30-8001-992896c542e0: shutdown 11563331-6701-4d30-8001-992896c542e0@group-1457D70A6616-LeaderElection81
2022-07-12 23:25:38,881 [11563331-6701-4d30-8001-992896c542e0@group-1457D70A6616-LeaderElection81] INFO  impl.RoleInfo (RoleInfo.java:updateAndGet(139)) - 11563331-6701-4d30-8001-992896c542e0: start 11563331-6701-4d30-8001-992896c542e0@group-1457D70A6616-FollowerState
23:25:39.015 [IPC Server handler 13 on default port 46473] ERROR OMAudit - user=runner | ip=127.0.0.1 | op=READ_BUCKET {volume=volume-95275, bucket=bucket-76103} | ret=FAILURE
org.apache.hadoop.ozone.om.exceptions.OMException: Volume not found when getting bucket info
	at org.apache.hadoop.ozone.om.BucketManagerImpl.getBucketInfo(BucketManagerImpl.java:127) ~[ozone-manager-1.3.0-SNAPSHOT.jar:?]
	at org.apache.hadoop.ozone.om.OzoneManager.getBucketInfo(OzoneManager.java:2778) ~[ozone-manager-1.3.0-SNAPSHOT.jar:?]
	at org.apache.hadoop.ozone.protocolPB.OzoneManagerRequestHandler.infoBucket(OzoneManagerRequestHandler.java:464) ~[ozone-manager-1.3.0-SNAPSHOT.jar:?]
	at org.apache.hadoop.ozone.protocolPB.OzoneManagerRequestHandler.handleReadRequest(OzoneManagerRequestHandler.java:172) ~[ozone-manager-1.3.0-SNAPSHOT.jar:?]
	at org.apache.hadoop.ozone.protocolPB.OzoneManagerProtocolServerSideTranslatorPB.submitRequestDirectlyToOM(OzoneManagerProtocolServerSideTranslatorPB.java:276) ~[ozone-manager-1.3.0-SNAPSHOT.jar:?]
	at org.apache.hadoop.ozone.protocolPB.OzoneManagerProtocolServerSideTranslatorPB.processRequest(OzoneManagerProtocolServerSideTranslatorPB.java:205) ~[ozone-manager-1.3.0-SNAPSHOT.jar:?]
	at org.apache.hadoop.hdds.server.OzoneProtocolMessageDispatcher.processRequest(OzoneProtocolMessageDispatcher.java:87) [hdds-server-framework-1.3.0-SNAPSHOT.jar:?]
	at org.apache.hadoop.ozone.protocolPB.OzoneManagerProtocolServerSideTranslatorPB.submitRequest(OzoneManagerProtocolServerSideTranslatorPB.java:147) [ozone-manager-1.3.0-SNAPSHOT.jar:?]
	at org.apache.hadoop.ozone.protocol.proto.OzoneManagerProtocolProtos$OzoneManagerService$2.callBlockingMethod(OzoneManagerProtocolProtos.java) [ozone-interface-client-1.3.0-SNAPSHOT.jar:?]
	at org.apache.hadoop.ipc.ProtobufRpcEngine$Server.processCall(ProtobufRpcEngine.java:466) [hadoop-common-3.3.1.jar:?]
	at org.apache.hadoop.ipc.ProtobufRpcEngine2$Server$ProtoBufRpcInvoker.call(ProtobufRpcEngine2.java:574) [hadoop-common-3.3.1.jar:?]
	at org.apache.hadoop.ipc.ProtobufRpcEngine2$Server$ProtoBufRpcInvoker.call(ProtobufRpcEngine2.java:552) [hadoop-common-3.3.1.jar:?]
	at org.apache.hadoop.ipc.RPC$Server.call(RPC.java:1093) [hadoop-common-3.3.1.jar:?]
	at org.apache.hadoop.ipc.Server$RpcCall.run(Server.java:1035) [hadoop-common-3.3.1.jar:?]
	at org.apache.hadoop.ipc.Server$RpcCall.run(Server.java:963) [hadoop-common-3.3.1.jar:?]
	at java.security.AccessController.doPrivileged(Native Method) ~[?:1.8.0_332]
	at javax.security.auth.Subject.doAs(Subject.java:422) [?:1.8.0_332]
	at org.apache.hadoop.security.UserGroupInformation.doAs(UserGroupInformation.java:1878) [hadoop-common-3.3.1.jar:?]
	at org.apache.hadoop.ipc.Server$Handler.run(Server.java:2966) [hadoop-common-3.3.1.jar:?]
2022-07-12 23:25:39,016 [Time-limited test] INFO  rpc.RpcClient (RpcClient.java:createVolume(466)) - Creating Volume: volume-95275, with runner as owner and space quota set to -1 bytes, counts quota set to -1
2022-07-12 23:25:39,016 [IPC Server handler 12 on default port 46473] INFO  volume.OMVolumeCreateRequest (OMVolumeCreateRequest.java:validateAndUpdateCache(195)) - created volume:volume-95275 for user:runner
2022-07-12 23:25:39,017 [Time-limited test] INFO  rpc.RpcClient (RpcClient.java:createBucket(669)) - Creating Bucket: volume-95275/bucket-76103, with bucket layout LEGACY, runner as owner, Versioning false, Storage Type set to DISK and Encryption set to false 
2022-07-12 23:25:39,021 [IPC Server handler 10 on default port 46473] INFO  bucket.OMBucketCreateRequest (OMBucketCreateRequest.java:validateAndUpdateCache(260)) - created bucket: bucket-76103 of layout LEGACY in volume: volume-95275
23:25:39.190 [IPC Server handler 15 on default port 46473] ERROR OMAudit - user=runner | ip=127.0.0.1 | op=READ_BUCKET {volume=volume-83945, bucket=bucket-61612} | ret=FAILURE
org.apache.hadoop.ozone.om.exceptions.OMException: Volume not found when getting bucket info
	at org.apache.hadoop.ozone.om.BucketManagerImpl.getBucketInfo(BucketManagerImpl.java:127) ~[ozone-manager-1.3.0-SNAPSHOT.jar:?]
	at org.apache.hadoop.ozone.om.OzoneManager.getBucketInfo(OzoneManager.java:2778) ~[ozone-manager-1.3.0-SNAPSHOT.jar:?]
	at org.apache.hadoop.ozone.protocolPB.OzoneManagerRequestHandler.infoBucket(OzoneManagerRequestHandler.java:464) ~[ozone-manager-1.3.0-SNAPSHOT.jar:?]
	at org.apache.hadoop.ozone.protocolPB.OzoneManagerRequestHandler.handleReadRequest(OzoneManagerRequestHandler.java:172) ~[ozone-manager-1.3.0-SNAPSHOT.jar:?]
	at org.apache.hadoop.ozone.protocolPB.OzoneManagerProtocolServerSideTranslatorPB.submitRequestDirectlyToOM(OzoneManagerProtocolServerSideTranslatorPB.java:276) ~[ozone-manager-1.3.0-SNAPSHOT.jar:?]
	at org.apache.hadoop.ozone.protocolPB.OzoneManagerProtocolServerSideTranslatorPB.processRequest(OzoneManagerProtocolServerSideTranslatorPB.java:205) ~[ozone-manager-1.3.0-SNAPSHOT.jar:?]
	at org.apache.hadoop.hdds.server.OzoneProtocolMessageDispatcher.processRequest(OzoneProtocolMessageDispatcher.java:87) [hdds-server-framework-1.3.0-SNAPSHOT.jar:?]
	at org.apache.hadoop.ozone.protocolPB.OzoneManagerProtocolServerSideTranslatorPB.submitRequest(OzoneManagerProtocolServerSideTranslatorPB.java:147) [ozone-manager-1.3.0-SNAPSHOT.jar:?]
	at org.apache.hadoop.ozone.protocol.proto.OzoneManagerProtocolProtos$OzoneManagerService$2.callBlockingMethod(OzoneManagerProtocolProtos.java) [ozone-interface-client-1.3.0-SNAPSHOT.jar:?]
	at org.apache.hadoop.ipc.ProtobufRpcEngine$Server.processCall(ProtobufRpcEngine.java:466) [hadoop-common-3.3.1.jar:?]
	at org.apache.hadoop.ipc.ProtobufRpcEngine2$Server$ProtoBufRpcInvoker.call(ProtobufRpcEngine2.java:574) [hadoop-common-3.3.1.jar:?]
	at org.apache.hadoop.ipc.ProtobufRpcEngine2$Server$ProtoBufRpcInvoker.call(ProtobufRpcEngine2.java:552) [hadoop-common-3.3.1.jar:?]
	at org.apache.hadoop.ipc.RPC$Server.call(RPC.java:1093) [hadoop-common-3.3.1.jar:?]
	at org.apache.hadoop.ipc.Server$RpcCall.run(Server.java:1035) [hadoop-common-3.3.1.jar:?]
	at org.apache.hadoop.ipc.Server$RpcCall.run(Server.java:963) [hadoop-common-3.3.1.jar:?]
	at java.security.AccessController.doPrivileged(Native Method) ~[?:1.8.0_332]
	at javax.security.auth.Subject.doAs(Subject.java:422) [?:1.8.0_332]
	at org.apache.hadoop.security.UserGroupInformation.doAs(UserGroupInformation.java:1878) [hadoop-common-3.3.1.jar:?]
	at org.apache.hadoop.ipc.Server$Handler.run(Server.java:2966) [hadoop-common-3.3.1.jar:?]
2022-07-12 23:25:39,191 [Time-limited test] INFO  rpc.RpcClient (RpcClient.java:createVolume(466)) - Creating Volume: volume-83945, with runner as owner and space quota set to -1 bytes, counts quota set to -1
2022-07-12 23:25:39,191 [IPC Server handler 18 on default port 46473] INFO  volume.OMVolumeCreateRequest (OMVolumeCreateRequest.java:validateAndUpdateCache(195)) - created volume:volume-83945 for user:runner
2022-07-12 23:25:39,192 [Time-limited test] INFO  rpc.RpcClient (RpcClient.java:createBucket(669)) - Creating Bucket: volume-83945/bucket-61612, with bucket layout LEGACY, runner as owner, Versioning false, Storage Type set to DISK and Encryption set to false 
2022-07-12 23:25:39,193 [IPC Server handler 16 on default port 46473] INFO  bucket.OMBucketCreateRequest (OMBucketCreateRequest.java:validateAndUpdateCache(260)) - created bucket: bucket-61612 of layout LEGACY in volume: volume-83945
23:25:39.504 [IPC Server handler 5 on default port 46473] ERROR OMAudit - user=runner | ip=127.0.0.1 | op=READ_BUCKET {volume=volume-21238, bucket=bucket-08266} | ret=FAILURE
org.apache.hadoop.ozone.om.exceptions.OMException: Volume not found when getting bucket info
	at org.apache.hadoop.ozone.om.BucketManagerImpl.getBucketInfo(BucketManagerImpl.java:127) ~[ozone-manager-1.3.0-SNAPSHOT.jar:?]
	at org.apache.hadoop.ozone.om.OzoneManager.getBucketInfo(OzoneManager.java:2778) ~[ozone-manager-1.3.0-SNAPSHOT.jar:?]
	at org.apache.hadoop.ozone.protocolPB.OzoneManagerRequestHandler.infoBucket(OzoneManagerRequestHandler.java:464) ~[ozone-manager-1.3.0-SNAPSHOT.jar:?]
	at org.apache.hadoop.ozone.protocolPB.OzoneManagerRequestHandler.handleReadRequest(OzoneManagerRequestHandler.java:172) ~[ozone-manager-1.3.0-SNAPSHOT.jar:?]
	at org.apache.hadoop.ozone.protocolPB.OzoneManagerProtocolServerSideTranslatorPB.submitRequestDirectlyToOM(OzoneManagerProtocolServerSideTranslatorPB.java:276) ~[ozone-manager-1.3.0-SNAPSHOT.jar:?]
	at org.apache.hadoop.ozone.protocolPB.OzoneManagerProtocolServerSideTranslatorPB.processRequest(OzoneManagerProtocolServerSideTranslatorPB.java:205) ~[ozone-manager-1.3.0-SNAPSHOT.jar:?]
	at org.apache.hadoop.hdds.server.OzoneProtocolMessageDispatcher.processRequest(OzoneProtocolMessageDispatcher.java:87) [hdds-server-framework-1.3.0-SNAPSHOT.jar:?]
	at org.apache.hadoop.ozone.protocolPB.OzoneManagerProtocolServerSideTranslatorPB.submitRequest(OzoneManagerProtocolServerSideTranslatorPB.java:147) [ozone-manager-1.3.0-SNAPSHOT.jar:?]
	at org.apache.hadoop.ozone.protocol.proto.OzoneManagerProtocolProtos$OzoneManagerService$2.callBlockingMethod(OzoneManagerProtocolProtos.java) [ozone-interface-client-1.3.0-SNAPSHOT.jar:?]
	at org.apache.hadoop.ipc.ProtobufRpcEngine$Server.processCall(ProtobufRpcEngine.java:466) [hadoop-common-3.3.1.jar:?]
	at org.apache.hadoop.ipc.ProtobufRpcEngine2$Server$ProtoBufRpcInvoker.call(ProtobufRpcEngine2.java:574) [hadoop-common-3.3.1.jar:?]
	at org.apache.hadoop.ipc.ProtobufRpcEngine2$Server$ProtoBufRpcInvoker.call(ProtobufRpcEngine2.java:552) [hadoop-common-3.3.1.jar:?]
	at org.apache.hadoop.ipc.RPC$Server.call(RPC.java:1093) [hadoop-common-3.3.1.jar:?]
	at org.apache.hadoop.ipc.Server$RpcCall.run(Server.java:1035) [hadoop-common-3.3.1.jar:?]
	at org.apache.hadoop.ipc.Server$RpcCall.run(Server.java:963) [hadoop-common-3.3.1.jar:?]
	at java.security.AccessController.doPrivileged(Native Method) ~[?:1.8.0_332]
	at javax.security.auth.Subject.doAs(Subject.java:422) [?:1.8.0_332]
	at org.apache.hadoop.security.UserGroupInformation.doAs(UserGroupInformation.java:1878) [hadoop-common-3.3.1.jar:?]
	at org.apache.hadoop.ipc.Server$Handler.run(Server.java:2966) [hadoop-common-3.3.1.jar:?]
2022-07-12 23:25:39,504 [Time-limited test] INFO  rpc.RpcClient (RpcClient.java:createVolume(466)) - Creating Volume: volume-21238, with runner as owner and space quota set to -1 bytes, counts quota set to -1
2022-07-12 23:25:39,509 [IPC Server handler 4 on default port 46473] INFO  volume.OMVolumeCreateRequest (OMVolumeCreateRequest.java:validateAndUpdateCache(195)) - created volume:volume-21238 for user:runner
2022-07-12 23:25:39,517 [Time-limited test] INFO  rpc.RpcClient (RpcClient.java:createBucket(669)) - Creating Bucket: volume-21238/bucket-08266, with bucket layout LEGACY, runner as owner, Versioning false, Storage Type set to DISK and Encryption set to false 
2022-07-12 23:25:39,518 [IPC Server handler 1 on default port 46473] INFO  bucket.OMBucketCreateRequest (OMBucketCreateRequest.java:validateAndUpdateCache(260)) - created bucket: bucket-08266 of layout LEGACY in volume: volume-21238
23:25:42.220 [IPC Server handler 5 on default port 46473] ERROR OMAudit - user=runner | ip=127.0.0.1 | op=READ_BUCKET {volume=volume-15387, bucket=bucket-66137} | ret=FAILURE
org.apache.hadoop.ozone.om.exceptions.OMException: Volume not found when getting bucket info
	at org.apache.hadoop.ozone.om.BucketManagerImpl.getBucketInfo(BucketManagerImpl.java:127) ~[ozone-manager-1.3.0-SNAPSHOT.jar:?]
	at org.apache.hadoop.ozone.om.OzoneManager.getBucketInfo(OzoneManager.java:2778) ~[ozone-manager-1.3.0-SNAPSHOT.jar:?]
	at org.apache.hadoop.ozone.protocolPB.OzoneManagerRequestHandler.infoBucket(OzoneManagerRequestHandler.java:464) ~[ozone-manager-1.3.0-SNAPSHOT.jar:?]
	at org.apache.hadoop.ozone.protocolPB.OzoneManagerRequestHandler.handleReadRequest(OzoneManagerRequestHandler.java:172) ~[ozone-manager-1.3.0-SNAPSHOT.jar:?]
	at org.apache.hadoop.ozone.protocolPB.OzoneManagerProtocolServerSideTranslatorPB.submitRequestDirectlyToOM(OzoneManagerProtocolServerSideTranslatorPB.java:276) ~[ozone-manager-1.3.0-SNAPSHOT.jar:?]
	at org.apache.hadoop.ozone.protocolPB.OzoneManagerProtocolServerSideTranslatorPB.processRequest(OzoneManagerProtocolServerSideTranslatorPB.java:205) ~[ozone-manager-1.3.0-SNAPSHOT.jar:?]
	at org.apache.hadoop.hdds.server.OzoneProtocolMessageDispatcher.processRequest(OzoneProtocolMessageDispatcher.java:87) [hdds-server-framework-1.3.0-SNAPSHOT.jar:?]
	at org.apache.hadoop.ozone.protocolPB.OzoneManagerProtocolServerSideTranslatorPB.submitRequest(OzoneManagerProtocolServerSideTranslatorPB.java:147) [ozone-manager-1.3.0-SNAPSHOT.jar:?]
	at org.apache.hadoop.ozone.protocol.proto.OzoneManagerProtocolProtos$OzoneManagerService$2.callBlockingMethod(OzoneManagerProtocolProtos.java) [ozone-interface-client-1.3.0-SNAPSHOT.jar:?]
	at org.apache.hadoop.ipc.ProtobufRpcEngine$Server.processCall(ProtobufRpcEngine.java:466) [hadoop-common-3.3.1.jar:?]
	at org.apache.hadoop.ipc.ProtobufRpcEngine2$Server$ProtoBufRpcInvoker.call(ProtobufRpcEngine2.java:574) [hadoop-common-3.3.1.jar:?]
	at org.apache.hadoop.ipc.ProtobufRpcEngine2$Server$ProtoBufRpcInvoker.call(ProtobufRpcEngine2.java:552) [hadoop-common-3.3.1.jar:?]
	at org.apache.hadoop.ipc.RPC$Server.call(RPC.java:1093) [hadoop-common-3.3.1.jar:?]
	at org.apache.hadoop.ipc.Server$RpcCall.run(Server.java:1035) [hadoop-common-3.3.1.jar:?]
	at org.apache.hadoop.ipc.Server$RpcCall.run(Server.java:963) [hadoop-common-3.3.1.jar:?]
	at java.security.AccessController.doPrivileged(Native Method) ~[?:1.8.0_332]
	at javax.security.auth.Subject.doAs(Subject.java:422) [?:1.8.0_332]
	at org.apache.hadoop.security.UserGroupInformation.doAs(UserGroupInformation.java:1878) [hadoop-common-3.3.1.jar:?]
	at org.apache.hadoop.ipc.Server$Handler.run(Server.java:2966) [hadoop-common-3.3.1.jar:?]
2022-07-12 23:25:42,221 [Time-limited test] INFO  rpc.RpcClient (RpcClient.java:createVolume(466)) - Creating Volume: volume-15387, with runner as owner and space quota set to -1 bytes, counts quota set to -1
2022-07-12 23:25:42,225 [IPC Server handler 4 on default port 46473] INFO  volume.OMVolumeCreateRequest (OMVolumeCreateRequest.java:validateAndUpdateCache(195)) - created volume:volume-15387 for user:runner
2022-07-12 23:25:42,227 [Time-limited test] INFO  rpc.RpcClient (RpcClient.java:createBucket(669)) - Creating Bucket: volume-15387/bucket-66137, with bucket layout LEGACY, runner as owner, Versioning false, Storage Type set to DISK and Encryption set to false 
2022-07-12 23:25:42,227 [IPC Server handler 3 on default port 46473] INFO  bucket.OMBucketCreateRequest (OMBucketCreateRequest.java:validateAndUpdateCache(260)) - created bucket: bucket-66137 of layout LEGACY in volume: volume-15387
]]></system-out>
  </testcase>
  <testcase name="testDeleteVolumeBucketAndKey" classname="TestRootedOzoneFileSystem" time="0.141">
    <system-out><![CDATA[2022-07-12 23:20:25,915 [Time-limited test] INFO  rpc.RpcClient (RpcClient.java:createVolume(466)) - Creating Volume: volume22892, with user84149 as owner and space quota set to -1 bytes, counts quota set to -1
2022-07-12 23:20:25,919 [OM StateMachine ApplyTransaction Thread - 0] INFO  volume.OMVolumeCreateRequest (OMVolumeCreateRequest.java:validateAndUpdateCache(195)) - created volume:volume22892 for user:user84149
2022-07-12 23:20:25,923 [Time-limited test] INFO  rpc.RpcClient (RpcClient.java:createBucket(669)) - Creating Bucket: volume22892/bucket09821, with bucket layout LEGACY, runner as owner, Versioning false, Storage Type set to DISK and Encryption set to false 
2022-07-12 23:20:25,926 [OM StateMachine ApplyTransaction Thread - 0] INFO  bucket.OMBucketCreateRequest (OMBucketCreateRequest.java:validateAndUpdateCache(260)) - created bucket: bucket09821 of layout LEGACY in volume: volume22892
2022-07-12 23:20:25,930 [Time-limited test] INFO  rpc.RpcClient (RpcClient.java:createVolume(466)) - Creating Volume: volume-93293, with runner as owner and space quota set to -1 bytes, counts quota set to -1
2022-07-12 23:20:25,932 [OM StateMachine ApplyTransaction Thread - 0] INFO  volume.OMVolumeCreateRequest (OMVolumeCreateRequest.java:validateAndUpdateCache(195)) - created volume:volume-93293 for user:runner
2022-07-12 23:20:25,933 [Time-limited test] INFO  rpc.RpcClient (RpcClient.java:createBucket(669)) - Creating Bucket: volume-93293/bucket3, with bucket layout LEGACY, runner as owner, Versioning false, Storage Type set to DISK and Encryption set to false 
2022-07-12 23:20:25,936 [OM StateMachine ApplyTransaction Thread - 0] INFO  bucket.OMBucketCreateRequest (OMBucketCreateRequest.java:validateAndUpdateCache(260)) - created bucket: bucket3 of layout LEGACY in volume: volume-93293
23:20:25.943 [OM StateMachine ApplyTransaction Thread - 0] ERROR OMAudit - user=runner | ip=127.0.0.1 | op=DELETE_VOLUME {volume=volume-93293} | ret=FAILURE
org.apache.hadoop.ozone.om.exceptions.OMException: null
	at org.apache.hadoop.ozone.om.request.volume.OMVolumeDeleteRequest.validateAndUpdateCache(OMVolumeDeleteRequest.java:122) ~[ozone-manager-1.3.0-SNAPSHOT.jar:?]
	at org.apache.hadoop.ozone.protocolPB.OzoneManagerRequestHandler.handleWriteRequest(OzoneManagerRequestHandler.java:293) ~[ozone-manager-1.3.0-SNAPSHOT.jar:?]
	at org.apache.hadoop.ozone.om.ratis.OzoneManagerStateMachine.runCommand(OzoneManagerStateMachine.java:529) ~[ozone-manager-1.3.0-SNAPSHOT.jar:?]
	at org.apache.hadoop.ozone.om.ratis.OzoneManagerStateMachine.lambda$1(OzoneManagerStateMachine.java:324) ~[ozone-manager-1.3.0-SNAPSHOT.jar:?]
	at java.util.concurrent.CompletableFuture$AsyncSupply.run(CompletableFuture.java:1604) [?:1.8.0_332]
	at java.util.concurrent.ThreadPoolExecutor.runWorker(ThreadPoolExecutor.java:1149) [?:1.8.0_332]
	at java.util.concurrent.ThreadPoolExecutor$Worker.run(ThreadPoolExecutor.java:624) [?:1.8.0_332]
	at java.lang.Thread.run(Thread.java:750) [?:1.8.0_332]
2022-07-12 23:20:25,943 [OM StateMachine ApplyTransaction Thread - 0] ERROR volume.OMVolumeDeleteRequest (OMVolumeDeleteRequest.java:validateAndUpdateCache(170)) - Volume deletion failed for user:runner volume:volume-93293
VOLUME_NOT_EMPTY org.apache.hadoop.ozone.om.exceptions.OMException
	at org.apache.hadoop.ozone.om.request.volume.OMVolumeDeleteRequest.validateAndUpdateCache(OMVolumeDeleteRequest.java:122)
	at org.apache.hadoop.ozone.protocolPB.OzoneManagerRequestHandler.handleWriteRequest(OzoneManagerRequestHandler.java:293)
	at org.apache.hadoop.ozone.om.ratis.OzoneManagerStateMachine.runCommand(OzoneManagerStateMachine.java:529)
	at org.apache.hadoop.ozone.om.ratis.OzoneManagerStateMachine.lambda$1(OzoneManagerStateMachine.java:324)
	at java.util.concurrent.CompletableFuture$AsyncSupply.run(CompletableFuture.java:1604)
	at java.util.concurrent.ThreadPoolExecutor.runWorker(ThreadPoolExecutor.java:1149)
	at java.util.concurrent.ThreadPoolExecutor$Worker.run(ThreadPoolExecutor.java:624)
	at java.lang.Thread.run(Thread.java:750)
2022-07-12 23:20:25,988 [Time-limited test] INFO  rpc.RpcClient (RpcClient.java:createVolume(466)) - Creating Volume: volume-93293, with runner as owner and space quota set to -1 bytes, counts quota set to -1
2022-07-12 23:20:25,990 [OM StateMachine ApplyTransaction Thread - 0] INFO  volume.OMVolumeCreateRequest (OMVolumeCreateRequest.java:validateAndUpdateCache(195)) - created volume:volume-93293 for user:runner
2022-07-12 23:20:25,991 [Time-limited test] INFO  rpc.RpcClient (RpcClient.java:createBucket(669)) - Creating Bucket: volume-93293/bucket3, with bucket layout LEGACY, runner as owner, Versioning false, Storage Type set to DISK and Encryption set to false 
2022-07-12 23:20:25,993 [OM StateMachine ApplyTransaction Thread - 0] INFO  bucket.OMBucketCreateRequest (OMBucketCreateRequest.java:validateAndUpdateCache(260)) - created bucket: bucket3 of layout LEGACY in volume: volume-93293
]]></system-out>
  </testcase>
  <testcase name="testDeleteVolumeBucketAndKey" classname="TestRootedOzoneFileSystem" time="0.148">
    <system-out><![CDATA[2022-07-12 23:21:38,447 [Time-limited test] INFO  rpc.RpcClient (RpcClient.java:createVolume(466)) - Creating Volume: volume19245, with user10734 as owner and space quota set to -1 bytes, counts quota set to -1
2022-07-12 23:21:38,449 [OM StateMachine ApplyTransaction Thread - 0] INFO  volume.OMVolumeCreateRequest (OMVolumeCreateRequest.java:validateAndUpdateCache(195)) - created volume:volume19245 for user:user10734
2022-07-12 23:21:38,451 [Time-limited test] INFO  rpc.RpcClient (RpcClient.java:createBucket(669)) - Creating Bucket: volume19245/bucket82193, with bucket layout LEGACY, runner as owner, Versioning false, Storage Type set to DISK and Encryption set to false 
2022-07-12 23:21:38,452 [OM StateMachine ApplyTransaction Thread - 0] INFO  bucket.OMBucketCreateRequest (OMBucketCreateRequest.java:validateAndUpdateCache(260)) - created bucket: bucket82193 of layout LEGACY in volume: volume19245
23:21:38.454 [IPC Server handler 18 on default port 33951] ERROR OMAudit - user=runner | ip=127.0.0.1 | op=READ_BUCKET {volume=volume-54533, bucket=bucket3} | ret=FAILURE
org.apache.hadoop.ozone.om.exceptions.OMException: Volume not found when getting bucket info
	at org.apache.hadoop.ozone.om.BucketManagerImpl.getBucketInfo(BucketManagerImpl.java:127) ~[ozone-manager-1.3.0-SNAPSHOT.jar:?]
	at org.apache.hadoop.ozone.om.OzoneManager.getBucketInfo(OzoneManager.java:2778) ~[ozone-manager-1.3.0-SNAPSHOT.jar:?]
	at org.apache.hadoop.ozone.protocolPB.OzoneManagerRequestHandler.infoBucket(OzoneManagerRequestHandler.java:464) ~[ozone-manager-1.3.0-SNAPSHOT.jar:?]
	at org.apache.hadoop.ozone.protocolPB.OzoneManagerRequestHandler.handleReadRequest(OzoneManagerRequestHandler.java:172) ~[ozone-manager-1.3.0-SNAPSHOT.jar:?]
	at org.apache.hadoop.ozone.protocolPB.OzoneManagerProtocolServerSideTranslatorPB.submitReadRequestToOM(OzoneManagerProtocolServerSideTranslatorPB.java:226) ~[ozone-manager-1.3.0-SNAPSHOT.jar:?]
	at org.apache.hadoop.ozone.protocolPB.OzoneManagerProtocolServerSideTranslatorPB.processRequest(OzoneManagerProtocolServerSideTranslatorPB.java:175) ~[ozone-manager-1.3.0-SNAPSHOT.jar:?]
	at org.apache.hadoop.hdds.server.OzoneProtocolMessageDispatcher.processRequest(OzoneProtocolMessageDispatcher.java:87) [hdds-server-framework-1.3.0-SNAPSHOT.jar:?]
	at org.apache.hadoop.ozone.protocolPB.OzoneManagerProtocolServerSideTranslatorPB.submitRequest(OzoneManagerProtocolServerSideTranslatorPB.java:147) [ozone-manager-1.3.0-SNAPSHOT.jar:?]
	at org.apache.hadoop.ozone.protocol.proto.OzoneManagerProtocolProtos$OzoneManagerService$2.callBlockingMethod(OzoneManagerProtocolProtos.java) [ozone-interface-client-1.3.0-SNAPSHOT.jar:?]
	at org.apache.hadoop.ipc.ProtobufRpcEngine$Server.processCall(ProtobufRpcEngine.java:466) [hadoop-common-3.3.1.jar:?]
	at org.apache.hadoop.ipc.ProtobufRpcEngine2$Server$ProtoBufRpcInvoker.call(ProtobufRpcEngine2.java:574) [hadoop-common-3.3.1.jar:?]
	at org.apache.hadoop.ipc.ProtobufRpcEngine2$Server$ProtoBufRpcInvoker.call(ProtobufRpcEngine2.java:552) [hadoop-common-3.3.1.jar:?]
	at org.apache.hadoop.ipc.RPC$Server.call(RPC.java:1093) [hadoop-common-3.3.1.jar:?]
	at org.apache.hadoop.ipc.Server$RpcCall.run(Server.java:1035) [hadoop-common-3.3.1.jar:?]
	at org.apache.hadoop.ipc.Server$RpcCall.run(Server.java:963) [hadoop-common-3.3.1.jar:?]
	at java.security.AccessController.doPrivileged(Native Method) ~[?:1.8.0_332]
	at javax.security.auth.Subject.doAs(Subject.java:422) [?:1.8.0_332]
	at org.apache.hadoop.security.UserGroupInformation.doAs(UserGroupInformation.java:1878) [hadoop-common-3.3.1.jar:?]
	at org.apache.hadoop.ipc.Server$Handler.run(Server.java:2966) [hadoop-common-3.3.1.jar:?]
2022-07-12 23:21:38,455 [Time-limited test] INFO  rpc.RpcClient (RpcClient.java:createVolume(466)) - Creating Volume: volume-54533, with runner as owner and space quota set to -1 bytes, counts quota set to -1
2022-07-12 23:21:38,456 [OM StateMachine ApplyTransaction Thread - 0] INFO  volume.OMVolumeCreateRequest (OMVolumeCreateRequest.java:validateAndUpdateCache(195)) - created volume:volume-54533 for user:runner
2022-07-12 23:21:38,458 [Time-limited test] INFO  rpc.RpcClient (RpcClient.java:createBucket(669)) - Creating Bucket: volume-54533/bucket3, with bucket layout LEGACY, runner as owner, Versioning false, Storage Type set to DISK and Encryption set to false 
2022-07-12 23:21:38,459 [OM StateMachine ApplyTransaction Thread - 0] INFO  bucket.OMBucketCreateRequest (OMBucketCreateRequest.java:validateAndUpdateCache(260)) - created bucket: bucket3 of layout LEGACY in volume: volume-54533
23:21:38.465 [OM StateMachine ApplyTransaction Thread - 0] ERROR OMAudit - user=runner | ip=127.0.0.1 | op=DELETE_VOLUME {volume=volume-54533} | ret=FAILURE
org.apache.hadoop.ozone.om.exceptions.OMException: null
	at org.apache.hadoop.ozone.om.request.volume.OMVolumeDeleteRequest.validateAndUpdateCache(OMVolumeDeleteRequest.java:122) ~[ozone-manager-1.3.0-SNAPSHOT.jar:?]
	at org.apache.hadoop.ozone.protocolPB.OzoneManagerRequestHandler.handleWriteRequest(OzoneManagerRequestHandler.java:293) ~[ozone-manager-1.3.0-SNAPSHOT.jar:?]
	at org.apache.hadoop.ozone.om.ratis.OzoneManagerStateMachine.runCommand(OzoneManagerStateMachine.java:529) ~[ozone-manager-1.3.0-SNAPSHOT.jar:?]
	at org.apache.hadoop.ozone.om.ratis.OzoneManagerStateMachine.lambda$1(OzoneManagerStateMachine.java:324) ~[ozone-manager-1.3.0-SNAPSHOT.jar:?]
	at java.util.concurrent.CompletableFuture$AsyncSupply.run(CompletableFuture.java:1604) [?:1.8.0_332]
	at java.util.concurrent.ThreadPoolExecutor.runWorker(ThreadPoolExecutor.java:1149) [?:1.8.0_332]
	at java.util.concurrent.ThreadPoolExecutor$Worker.run(ThreadPoolExecutor.java:624) [?:1.8.0_332]
	at java.lang.Thread.run(Thread.java:750) [?:1.8.0_332]
2022-07-12 23:21:38,465 [OM StateMachine ApplyTransaction Thread - 0] ERROR volume.OMVolumeDeleteRequest (OMVolumeDeleteRequest.java:validateAndUpdateCache(170)) - Volume deletion failed for user:runner volume:volume-54533
VOLUME_NOT_EMPTY org.apache.hadoop.ozone.om.exceptions.OMException
	at org.apache.hadoop.ozone.om.request.volume.OMVolumeDeleteRequest.validateAndUpdateCache(OMVolumeDeleteRequest.java:122)
	at org.apache.hadoop.ozone.protocolPB.OzoneManagerRequestHandler.handleWriteRequest(OzoneManagerRequestHandler.java:293)
	at org.apache.hadoop.ozone.om.ratis.OzoneManagerStateMachine.runCommand(OzoneManagerStateMachine.java:529)
	at org.apache.hadoop.ozone.om.ratis.OzoneManagerStateMachine.lambda$1(OzoneManagerStateMachine.java:324)
	at java.util.concurrent.CompletableFuture$AsyncSupply.run(CompletableFuture.java:1604)
	at java.util.concurrent.ThreadPoolExecutor.runWorker(ThreadPoolExecutor.java:1149)
	at java.util.concurrent.ThreadPoolExecutor$Worker.run(ThreadPoolExecutor.java:624)
	at java.lang.Thread.run(Thread.java:750)
23:21:38.487 [IPC Server handler 10 on default port 33951] ERROR OMAudit - user=runner | ip=127.0.0.1 | op=READ_VOLUME {volume=volume-54533} | ret=FAILURE
org.apache.hadoop.ozone.om.exceptions.OMException: Volume volume-54533 is not found
	at org.apache.hadoop.ozone.om.VolumeManagerImpl.getVolumeInfo(VolumeManagerImpl.java:74) ~[ozone-manager-1.3.0-SNAPSHOT.jar:?]
	at org.apache.hadoop.ozone.om.OzoneManager.getVolumeInfo(OzoneManager.java:2602) ~[ozone-manager-1.3.0-SNAPSHOT.jar:?]
	at org.apache.hadoop.ozone.protocolPB.OzoneManagerRequestHandler.infoVolume(OzoneManagerRequestHandler.java:390) ~[ozone-manager-1.3.0-SNAPSHOT.jar:?]
	at org.apache.hadoop.ozone.protocolPB.OzoneManagerRequestHandler.handleReadRequest(OzoneManagerRequestHandler.java:162) ~[ozone-manager-1.3.0-SNAPSHOT.jar:?]
	at org.apache.hadoop.ozone.protocolPB.OzoneManagerProtocolServerSideTranslatorPB.submitReadRequestToOM(OzoneManagerProtocolServerSideTranslatorPB.java:226) ~[ozone-manager-1.3.0-SNAPSHOT.jar:?]
	at org.apache.hadoop.ozone.protocolPB.OzoneManagerProtocolServerSideTranslatorPB.processRequest(OzoneManagerProtocolServerSideTranslatorPB.java:175) ~[ozone-manager-1.3.0-SNAPSHOT.jar:?]
	at org.apache.hadoop.hdds.server.OzoneProtocolMessageDispatcher.processRequest(OzoneProtocolMessageDispatcher.java:87) [hdds-server-framework-1.3.0-SNAPSHOT.jar:?]
	at org.apache.hadoop.ozone.protocolPB.OzoneManagerProtocolServerSideTranslatorPB.submitRequest(OzoneManagerProtocolServerSideTranslatorPB.java:147) [ozone-manager-1.3.0-SNAPSHOT.jar:?]
	at org.apache.hadoop.ozone.protocol.proto.OzoneManagerProtocolProtos$OzoneManagerService$2.callBlockingMethod(OzoneManagerProtocolProtos.java) [ozone-interface-client-1.3.0-SNAPSHOT.jar:?]
	at org.apache.hadoop.ipc.ProtobufRpcEngine$Server.processCall(ProtobufRpcEngine.java:466) [hadoop-common-3.3.1.jar:?]
	at org.apache.hadoop.ipc.ProtobufRpcEngine2$Server$ProtoBufRpcInvoker.call(ProtobufRpcEngine2.java:574) [hadoop-common-3.3.1.jar:?]
	at org.apache.hadoop.ipc.ProtobufRpcEngine2$Server$ProtoBufRpcInvoker.call(ProtobufRpcEngine2.java:552) [hadoop-common-3.3.1.jar:?]
	at org.apache.hadoop.ipc.RPC$Server.call(RPC.java:1093) [hadoop-common-3.3.1.jar:?]
	at org.apache.hadoop.ipc.Server$RpcCall.run(Server.java:1035) [hadoop-common-3.3.1.jar:?]
	at org.apache.hadoop.ipc.Server$RpcCall.run(Server.java:963) [hadoop-common-3.3.1.jar:?]
	at java.security.AccessController.doPrivileged(Native Method) ~[?:1.8.0_332]
	at javax.security.auth.Subject.doAs(Subject.java:422) [?:1.8.0_332]
	at org.apache.hadoop.security.UserGroupInformation.doAs(UserGroupInformation.java:1878) [hadoop-common-3.3.1.jar:?]
	at org.apache.hadoop.ipc.Server$Handler.run(Server.java:2966) [hadoop-common-3.3.1.jar:?]
23:21:38.488 [IPC Server handler 9 on default port 33951] ERROR OMAudit - user=runner | ip=127.0.0.1 | op=READ_BUCKET {volume=volume-54533, bucket=bucket3} | ret=FAILURE
org.apache.hadoop.ozone.om.exceptions.OMException: Volume not found when getting bucket info
	at org.apache.hadoop.ozone.om.BucketManagerImpl.getBucketInfo(BucketManagerImpl.java:127) ~[ozone-manager-1.3.0-SNAPSHOT.jar:?]
	at org.apache.hadoop.ozone.om.OzoneManager.getBucketInfo(OzoneManager.java:2778) ~[ozone-manager-1.3.0-SNAPSHOT.jar:?]
	at org.apache.hadoop.ozone.protocolPB.OzoneManagerRequestHandler.infoBucket(OzoneManagerRequestHandler.java:464) ~[ozone-manager-1.3.0-SNAPSHOT.jar:?]
	at org.apache.hadoop.ozone.protocolPB.OzoneManagerRequestHandler.handleReadRequest(OzoneManagerRequestHandler.java:172) ~[ozone-manager-1.3.0-SNAPSHOT.jar:?]
	at org.apache.hadoop.ozone.protocolPB.OzoneManagerProtocolServerSideTranslatorPB.submitReadRequestToOM(OzoneManagerProtocolServerSideTranslatorPB.java:226) ~[ozone-manager-1.3.0-SNAPSHOT.jar:?]
	at org.apache.hadoop.ozone.protocolPB.OzoneManagerProtocolServerSideTranslatorPB.processRequest(OzoneManagerProtocolServerSideTranslatorPB.java:175) ~[ozone-manager-1.3.0-SNAPSHOT.jar:?]
	at org.apache.hadoop.hdds.server.OzoneProtocolMessageDispatcher.processRequest(OzoneProtocolMessageDispatcher.java:87) [hdds-server-framework-1.3.0-SNAPSHOT.jar:?]
	at org.apache.hadoop.ozone.protocolPB.OzoneManagerProtocolServerSideTranslatorPB.submitRequest(OzoneManagerProtocolServerSideTranslatorPB.java:147) [ozone-manager-1.3.0-SNAPSHOT.jar:?]
	at org.apache.hadoop.ozone.protocol.proto.OzoneManagerProtocolProtos$OzoneManagerService$2.callBlockingMethod(OzoneManagerProtocolProtos.java) [ozone-interface-client-1.3.0-SNAPSHOT.jar:?]
	at org.apache.hadoop.ipc.ProtobufRpcEngine$Server.processCall(ProtobufRpcEngine.java:466) [hadoop-common-3.3.1.jar:?]
	at org.apache.hadoop.ipc.ProtobufRpcEngine2$Server$ProtoBufRpcInvoker.call(ProtobufRpcEngine2.java:574) [hadoop-common-3.3.1.jar:?]
	at org.apache.hadoop.ipc.ProtobufRpcEngine2$Server$ProtoBufRpcInvoker.call(ProtobufRpcEngine2.java:552) [hadoop-common-3.3.1.jar:?]
	at org.apache.hadoop.ipc.RPC$Server.call(RPC.java:1093) [hadoop-common-3.3.1.jar:?]
	at org.apache.hadoop.ipc.Server$RpcCall.run(Server.java:1035) [hadoop-common-3.3.1.jar:?]
	at org.apache.hadoop.ipc.Server$RpcCall.run(Server.java:963) [hadoop-common-3.3.1.jar:?]
	at java.security.AccessController.doPrivileged(Native Method) ~[?:1.8.0_332]
	at javax.security.auth.Subject.doAs(Subject.java:422) [?:1.8.0_332]
	at org.apache.hadoop.security.UserGroupInformation.doAs(UserGroupInformation.java:1878) [hadoop-common-3.3.1.jar:?]
	at org.apache.hadoop.ipc.Server$Handler.run(Server.java:2966) [hadoop-common-3.3.1.jar:?]
2022-07-12 23:21:38,489 [Time-limited test] INFO  rpc.RpcClient (RpcClient.java:createVolume(466)) - Creating Volume: volume-54533, with runner as owner and space quota set to -1 bytes, counts quota set to -1
2022-07-12 23:21:38,491 [OM StateMachine ApplyTransaction Thread - 0] INFO  volume.OMVolumeCreateRequest (OMVolumeCreateRequest.java:validateAndUpdateCache(195)) - created volume:volume-54533 for user:runner
2022-07-12 23:21:38,491 [Time-limited test] INFO  rpc.RpcClient (RpcClient.java:createBucket(669)) - Creating Bucket: volume-54533/bucket3, with bucket layout LEGACY, runner as owner, Versioning false, Storage Type set to DISK and Encryption set to false 
2022-07-12 23:21:38,493 [OM StateMachine ApplyTransaction Thread - 0] INFO  bucket.OMBucketCreateRequest (OMBucketCreateRequest.java:validateAndUpdateCache(260)) - created bucket: bucket3 of layout LEGACY in volume: volume-54533
23:21:38.506 [IPC Server handler 7 on default port 33951] ERROR OMAudit - user=runner | ip=127.0.0.1 | op=READ_VOLUME {volume=volume-54533} | ret=FAILURE
org.apache.hadoop.ozone.om.exceptions.OMException: Volume volume-54533 is not found
	at org.apache.hadoop.ozone.om.VolumeManagerImpl.getVolumeInfo(VolumeManagerImpl.java:74) ~[ozone-manager-1.3.0-SNAPSHOT.jar:?]
	at org.apache.hadoop.ozone.om.OzoneManager.getVolumeInfo(OzoneManager.java:2602) ~[ozone-manager-1.3.0-SNAPSHOT.jar:?]
	at org.apache.hadoop.ozone.protocolPB.OzoneManagerRequestHandler.infoVolume(OzoneManagerRequestHandler.java:390) ~[ozone-manager-1.3.0-SNAPSHOT.jar:?]
	at org.apache.hadoop.ozone.protocolPB.OzoneManagerRequestHandler.handleReadRequest(OzoneManagerRequestHandler.java:162) ~[ozone-manager-1.3.0-SNAPSHOT.jar:?]
	at org.apache.hadoop.ozone.protocolPB.OzoneManagerProtocolServerSideTranslatorPB.submitReadRequestToOM(OzoneManagerProtocolServerSideTranslatorPB.java:226) ~[ozone-manager-1.3.0-SNAPSHOT.jar:?]
	at org.apache.hadoop.ozone.protocolPB.OzoneManagerProtocolServerSideTranslatorPB.processRequest(OzoneManagerProtocolServerSideTranslatorPB.java:175) ~[ozone-manager-1.3.0-SNAPSHOT.jar:?]
	at org.apache.hadoop.hdds.server.OzoneProtocolMessageDispatcher.processRequest(OzoneProtocolMessageDispatcher.java:87) [hdds-server-framework-1.3.0-SNAPSHOT.jar:?]
	at org.apache.hadoop.ozone.protocolPB.OzoneManagerProtocolServerSideTranslatorPB.submitRequest(OzoneManagerProtocolServerSideTranslatorPB.java:147) [ozone-manager-1.3.0-SNAPSHOT.jar:?]
	at org.apache.hadoop.ozone.protocol.proto.OzoneManagerProtocolProtos$OzoneManagerService$2.callBlockingMethod(OzoneManagerProtocolProtos.java) [ozone-interface-client-1.3.0-SNAPSHOT.jar:?]
	at org.apache.hadoop.ipc.ProtobufRpcEngine$Server.processCall(ProtobufRpcEngine.java:466) [hadoop-common-3.3.1.jar:?]
	at org.apache.hadoop.ipc.ProtobufRpcEngine2$Server$ProtoBufRpcInvoker.call(ProtobufRpcEngine2.java:574) [hadoop-common-3.3.1.jar:?]
	at org.apache.hadoop.ipc.ProtobufRpcEngine2$Server$ProtoBufRpcInvoker.call(ProtobufRpcEngine2.java:552) [hadoop-common-3.3.1.jar:?]
	at org.apache.hadoop.ipc.RPC$Server.call(RPC.java:1093) [hadoop-common-3.3.1.jar:?]
	at org.apache.hadoop.ipc.Server$RpcCall.run(Server.java:1035) [hadoop-common-3.3.1.jar:?]
	at org.apache.hadoop.ipc.Server$RpcCall.run(Server.java:963) [hadoop-common-3.3.1.jar:?]
	at java.security.AccessController.doPrivileged(Native Method) ~[?:1.8.0_332]
	at javax.security.auth.Subject.doAs(Subject.java:422) [?:1.8.0_332]
	at org.apache.hadoop.security.UserGroupInformation.doAs(UserGroupInformation.java:1878) [hadoop-common-3.3.1.jar:?]
	at org.apache.hadoop.ipc.Server$Handler.run(Server.java:2966) [hadoop-common-3.3.1.jar:?]
]]></system-out>
  </testcase>
  <testcase name="testDeleteVolumeBucketAndKey" classname="TestRootedOzoneFileSystem" time="0.201">
    <system-out><![CDATA[2022-07-12 23:22:54,868 [Time-limited test] INFO  rpc.RpcClient (RpcClient.java:createVolume(466)) - Creating Volume: volume41360, with user30503 as owner and space quota set to -1 bytes, counts quota set to -1
2022-07-12 23:22:54,869 [IPC Server handler 19 on default port 43683] INFO  volume.OMVolumeCreateRequest (OMVolumeCreateRequest.java:validateAndUpdateCache(195)) - created volume:volume41360 for user:user30503
2022-07-12 23:22:54,870 [Time-limited test] INFO  rpc.RpcClient (RpcClient.java:createBucket(669)) - Creating Bucket: volume41360/bucket19507, with bucket layout LEGACY, runner as owner, Versioning false, Storage Type set to DISK and Encryption set to false 
2022-07-12 23:22:54,870 [IPC Server handler 0 on default port 43683] INFO  bucket.OMBucketCreateRequest (OMBucketCreateRequest.java:validateAndUpdateCache(260)) - created bucket: bucket19507 of layout LEGACY in volume: volume41360
23:22:54.872 [IPC Server handler 5 on default port 43683] ERROR OMAudit - user=runner | ip=127.0.0.1 | op=READ_BUCKET {volume=volume-40061, bucket=bucket3} | ret=FAILURE
org.apache.hadoop.ozone.om.exceptions.OMException: Volume not found when getting bucket info
	at org.apache.hadoop.ozone.om.BucketManagerImpl.getBucketInfo(BucketManagerImpl.java:127) ~[ozone-manager-1.3.0-SNAPSHOT.jar:?]
	at org.apache.hadoop.ozone.om.OzoneManager.getBucketInfo(OzoneManager.java:2778) ~[ozone-manager-1.3.0-SNAPSHOT.jar:?]
	at org.apache.hadoop.ozone.protocolPB.OzoneManagerRequestHandler.infoBucket(OzoneManagerRequestHandler.java:464) ~[ozone-manager-1.3.0-SNAPSHOT.jar:?]
	at org.apache.hadoop.ozone.protocolPB.OzoneManagerRequestHandler.handleReadRequest(OzoneManagerRequestHandler.java:172) ~[ozone-manager-1.3.0-SNAPSHOT.jar:?]
	at org.apache.hadoop.ozone.protocolPB.OzoneManagerProtocolServerSideTranslatorPB.submitRequestDirectlyToOM(OzoneManagerProtocolServerSideTranslatorPB.java:276) ~[ozone-manager-1.3.0-SNAPSHOT.jar:?]
	at org.apache.hadoop.ozone.protocolPB.OzoneManagerProtocolServerSideTranslatorPB.processRequest(OzoneManagerProtocolServerSideTranslatorPB.java:205) ~[ozone-manager-1.3.0-SNAPSHOT.jar:?]
	at org.apache.hadoop.hdds.server.OzoneProtocolMessageDispatcher.processRequest(OzoneProtocolMessageDispatcher.java:87) [hdds-server-framework-1.3.0-SNAPSHOT.jar:?]
	at org.apache.hadoop.ozone.protocolPB.OzoneManagerProtocolServerSideTranslatorPB.submitRequest(OzoneManagerProtocolServerSideTranslatorPB.java:147) [ozone-manager-1.3.0-SNAPSHOT.jar:?]
	at org.apache.hadoop.ozone.protocol.proto.OzoneManagerProtocolProtos$OzoneManagerService$2.callBlockingMethod(OzoneManagerProtocolProtos.java) [ozone-interface-client-1.3.0-SNAPSHOT.jar:?]
	at org.apache.hadoop.ipc.ProtobufRpcEngine$Server.processCall(ProtobufRpcEngine.java:466) [hadoop-common-3.3.1.jar:?]
	at org.apache.hadoop.ipc.ProtobufRpcEngine2$Server$ProtoBufRpcInvoker.call(ProtobufRpcEngine2.java:574) [hadoop-common-3.3.1.jar:?]
	at org.apache.hadoop.ipc.ProtobufRpcEngine2$Server$ProtoBufRpcInvoker.call(ProtobufRpcEngine2.java:552) [hadoop-common-3.3.1.jar:?]
	at org.apache.hadoop.ipc.RPC$Server.call(RPC.java:1093) [hadoop-common-3.3.1.jar:?]
	at org.apache.hadoop.ipc.Server$RpcCall.run(Server.java:1035) [hadoop-common-3.3.1.jar:?]
	at org.apache.hadoop.ipc.Server$RpcCall.run(Server.java:963) [hadoop-common-3.3.1.jar:?]
	at java.security.AccessController.doPrivileged(Native Method) ~[?:1.8.0_332]
	at javax.security.auth.Subject.doAs(Subject.java:422) [?:1.8.0_332]
	at org.apache.hadoop.security.UserGroupInformation.doAs(UserGroupInformation.java:1878) [hadoop-common-3.3.1.jar:?]
	at org.apache.hadoop.ipc.Server$Handler.run(Server.java:2966) [hadoop-common-3.3.1.jar:?]
2022-07-12 23:22:54,872 [Time-limited test] INFO  rpc.RpcClient (RpcClient.java:createVolume(466)) - Creating Volume: volume-40061, with runner as owner and space quota set to -1 bytes, counts quota set to -1
2022-07-12 23:22:54,873 [IPC Server handler 2 on default port 43683] INFO  volume.OMVolumeCreateRequest (OMVolumeCreateRequest.java:validateAndUpdateCache(195)) - created volume:volume-40061 for user:runner
2022-07-12 23:22:54,873 [Time-limited test] INFO  rpc.RpcClient (RpcClient.java:createBucket(669)) - Creating Bucket: volume-40061/bucket3, with bucket layout LEGACY, runner as owner, Versioning false, Storage Type set to DISK and Encryption set to false 
2022-07-12 23:22:54,874 [IPC Server handler 10 on default port 43683] INFO  bucket.OMBucketCreateRequest (OMBucketCreateRequest.java:validateAndUpdateCache(260)) - created bucket: bucket3 of layout LEGACY in volume: volume-40061
23:22:54.877 [IPC Server handler 14 on default port 43683] ERROR OMAudit - user=runner | ip=127.0.0.1 | op=DELETE_VOLUME {volume=volume-40061} | ret=FAILURE
org.apache.hadoop.ozone.om.exceptions.OMException: null
	at org.apache.hadoop.ozone.om.request.volume.OMVolumeDeleteRequest.validateAndUpdateCache(OMVolumeDeleteRequest.java:122) ~[ozone-manager-1.3.0-SNAPSHOT.jar:?]
	at org.apache.hadoop.ozone.protocolPB.OzoneManagerRequestHandler.handleWriteRequest(OzoneManagerRequestHandler.java:293) ~[ozone-manager-1.3.0-SNAPSHOT.jar:?]
	at org.apache.hadoop.ozone.protocolPB.OzoneManagerProtocolServerSideTranslatorPB.submitRequestDirectlyToOM(OzoneManagerProtocolServerSideTranslatorPB.java:282) ~[ozone-manager-1.3.0-SNAPSHOT.jar:?]
	at org.apache.hadoop.ozone.protocolPB.OzoneManagerProtocolServerSideTranslatorPB.processRequest(OzoneManagerProtocolServerSideTranslatorPB.java:205) ~[ozone-manager-1.3.0-SNAPSHOT.jar:?]
	at org.apache.hadoop.hdds.server.OzoneProtocolMessageDispatcher.processRequest(OzoneProtocolMessageDispatcher.java:87) [hdds-server-framework-1.3.0-SNAPSHOT.jar:?]
	at org.apache.hadoop.ozone.protocolPB.OzoneManagerProtocolServerSideTranslatorPB.submitRequest(OzoneManagerProtocolServerSideTranslatorPB.java:147) [ozone-manager-1.3.0-SNAPSHOT.jar:?]
	at org.apache.hadoop.ozone.protocol.proto.OzoneManagerProtocolProtos$OzoneManagerService$2.callBlockingMethod(OzoneManagerProtocolProtos.java) [ozone-interface-client-1.3.0-SNAPSHOT.jar:?]
	at org.apache.hadoop.ipc.ProtobufRpcEngine$Server.processCall(ProtobufRpcEngine.java:466) [hadoop-common-3.3.1.jar:?]
	at org.apache.hadoop.ipc.ProtobufRpcEngine2$Server$ProtoBufRpcInvoker.call(ProtobufRpcEngine2.java:574) [hadoop-common-3.3.1.jar:?]
	at org.apache.hadoop.ipc.ProtobufRpcEngine2$Server$ProtoBufRpcInvoker.call(ProtobufRpcEngine2.java:552) [hadoop-common-3.3.1.jar:?]
	at org.apache.hadoop.ipc.RPC$Server.call(RPC.java:1093) [hadoop-common-3.3.1.jar:?]
	at org.apache.hadoop.ipc.Server$RpcCall.run(Server.java:1035) [hadoop-common-3.3.1.jar:?]
	at org.apache.hadoop.ipc.Server$RpcCall.run(Server.java:963) [hadoop-common-3.3.1.jar:?]
	at java.security.AccessController.doPrivileged(Native Method) ~[?:1.8.0_332]
	at javax.security.auth.Subject.doAs(Subject.java:422) [?:1.8.0_332]
	at org.apache.hadoop.security.UserGroupInformation.doAs(UserGroupInformation.java:1878) [hadoop-common-3.3.1.jar:?]
	at org.apache.hadoop.ipc.Server$Handler.run(Server.java:2966) [hadoop-common-3.3.1.jar:?]
2022-07-12 23:22:54,877 [IPC Server handler 14 on default port 43683] ERROR volume.OMVolumeDeleteRequest (OMVolumeDeleteRequest.java:validateAndUpdateCache(170)) - Volume deletion failed for user:runner volume:volume-40061
VOLUME_NOT_EMPTY org.apache.hadoop.ozone.om.exceptions.OMException
	at org.apache.hadoop.ozone.om.request.volume.OMVolumeDeleteRequest.validateAndUpdateCache(OMVolumeDeleteRequest.java:122)
	at org.apache.hadoop.ozone.protocolPB.OzoneManagerRequestHandler.handleWriteRequest(OzoneManagerRequestHandler.java:293)
	at org.apache.hadoop.ozone.protocolPB.OzoneManagerProtocolServerSideTranslatorPB.submitRequestDirectlyToOM(OzoneManagerProtocolServerSideTranslatorPB.java:282)
	at org.apache.hadoop.ozone.protocolPB.OzoneManagerProtocolServerSideTranslatorPB.processRequest(OzoneManagerProtocolServerSideTranslatorPB.java:205)
	at org.apache.hadoop.hdds.server.OzoneProtocolMessageDispatcher.processRequest(OzoneProtocolMessageDispatcher.java:87)
	at org.apache.hadoop.ozone.protocolPB.OzoneManagerProtocolServerSideTranslatorPB.submitRequest(OzoneManagerProtocolServerSideTranslatorPB.java:147)
	at org.apache.hadoop.ozone.protocol.proto.OzoneManagerProtocolProtos$OzoneManagerService$2.callBlockingMethod(OzoneManagerProtocolProtos.java)
	at org.apache.hadoop.ipc.ProtobufRpcEngine$Server.processCall(ProtobufRpcEngine.java:466)
	at org.apache.hadoop.ipc.ProtobufRpcEngine2$Server$ProtoBufRpcInvoker.call(ProtobufRpcEngine2.java:574)
	at org.apache.hadoop.ipc.ProtobufRpcEngine2$Server$ProtoBufRpcInvoker.call(ProtobufRpcEngine2.java:552)
	at org.apache.hadoop.ipc.RPC$Server.call(RPC.java:1093)
	at org.apache.hadoop.ipc.Server$RpcCall.run(Server.java:1035)
	at org.apache.hadoop.ipc.Server$RpcCall.run(Server.java:963)
	at java.security.AccessController.doPrivileged(Native Method)
	at javax.security.auth.Subject.doAs(Subject.java:422)
	at org.apache.hadoop.security.UserGroupInformation.doAs(UserGroupInformation.java:1878)
	at org.apache.hadoop.ipc.Server$Handler.run(Server.java:2966)
23:22:54.934 [IPC Server handler 14 on default port 43683] ERROR OMAudit - user=runner | ip=127.0.0.1 | op=READ_VOLUME {volume=volume-40061} | ret=FAILURE
org.apache.hadoop.ozone.om.exceptions.OMException: Volume volume-40061 is not found
	at org.apache.hadoop.ozone.om.VolumeManagerImpl.getVolumeInfo(VolumeManagerImpl.java:74) ~[ozone-manager-1.3.0-SNAPSHOT.jar:?]
	at org.apache.hadoop.ozone.om.OzoneManager.getVolumeInfo(OzoneManager.java:2602) ~[ozone-manager-1.3.0-SNAPSHOT.jar:?]
	at org.apache.hadoop.ozone.protocolPB.OzoneManagerRequestHandler.infoVolume(OzoneManagerRequestHandler.java:390) ~[ozone-manager-1.3.0-SNAPSHOT.jar:?]
	at org.apache.hadoop.ozone.protocolPB.OzoneManagerRequestHandler.handleReadRequest(OzoneManagerRequestHandler.java:162) ~[ozone-manager-1.3.0-SNAPSHOT.jar:?]
	at org.apache.hadoop.ozone.protocolPB.OzoneManagerProtocolServerSideTranslatorPB.submitRequestDirectlyToOM(OzoneManagerProtocolServerSideTranslatorPB.java:276) ~[ozone-manager-1.3.0-SNAPSHOT.jar:?]
	at org.apache.hadoop.ozone.protocolPB.OzoneManagerProtocolServerSideTranslatorPB.processRequest(OzoneManagerProtocolServerSideTranslatorPB.java:205) ~[ozone-manager-1.3.0-SNAPSHOT.jar:?]
	at org.apache.hadoop.hdds.server.OzoneProtocolMessageDispatcher.processRequest(OzoneProtocolMessageDispatcher.java:87) [hdds-server-framework-1.3.0-SNAPSHOT.jar:?]
	at org.apache.hadoop.ozone.protocolPB.OzoneManagerProtocolServerSideTranslatorPB.submitRequest(OzoneManagerProtocolServerSideTranslatorPB.java:147) [ozone-manager-1.3.0-SNAPSHOT.jar:?]
	at org.apache.hadoop.ozone.protocol.proto.OzoneManagerProtocolProtos$OzoneManagerService$2.callBlockingMethod(OzoneManagerProtocolProtos.java) [ozone-interface-client-1.3.0-SNAPSHOT.jar:?]
	at org.apache.hadoop.ipc.ProtobufRpcEngine$Server.processCall(ProtobufRpcEngine.java:466) [hadoop-common-3.3.1.jar:?]
	at org.apache.hadoop.ipc.ProtobufRpcEngine2$Server$ProtoBufRpcInvoker.call(ProtobufRpcEngine2.java:574) [hadoop-common-3.3.1.jar:?]
	at org.apache.hadoop.ipc.ProtobufRpcEngine2$Server$ProtoBufRpcInvoker.call(ProtobufRpcEngine2.java:552) [hadoop-common-3.3.1.jar:?]
	at org.apache.hadoop.ipc.RPC$Server.call(RPC.java:1093) [hadoop-common-3.3.1.jar:?]
	at org.apache.hadoop.ipc.Server$RpcCall.run(Server.java:1035) [hadoop-common-3.3.1.jar:?]
	at org.apache.hadoop.ipc.Server$RpcCall.run(Server.java:963) [hadoop-common-3.3.1.jar:?]
	at java.security.AccessController.doPrivileged(Native Method) ~[?:1.8.0_332]
	at javax.security.auth.Subject.doAs(Subject.java:422) [?:1.8.0_332]
	at org.apache.hadoop.security.UserGroupInformation.doAs(UserGroupInformation.java:1878) [hadoop-common-3.3.1.jar:?]
	at org.apache.hadoop.ipc.Server$Handler.run(Server.java:2966) [hadoop-common-3.3.1.jar:?]
23:22:54.935 [IPC Server handler 13 on default port 43683] ERROR OMAudit - user=runner | ip=127.0.0.1 | op=READ_BUCKET {volume=volume-40061, bucket=bucket3} | ret=FAILURE
org.apache.hadoop.ozone.om.exceptions.OMException: Volume not found when getting bucket info
	at org.apache.hadoop.ozone.om.BucketManagerImpl.getBucketInfo(BucketManagerImpl.java:127) ~[ozone-manager-1.3.0-SNAPSHOT.jar:?]
	at org.apache.hadoop.ozone.om.OzoneManager.getBucketInfo(OzoneManager.java:2778) ~[ozone-manager-1.3.0-SNAPSHOT.jar:?]
	at org.apache.hadoop.ozone.protocolPB.OzoneManagerRequestHandler.infoBucket(OzoneManagerRequestHandler.java:464) ~[ozone-manager-1.3.0-SNAPSHOT.jar:?]
	at org.apache.hadoop.ozone.protocolPB.OzoneManagerRequestHandler.handleReadRequest(OzoneManagerRequestHandler.java:172) ~[ozone-manager-1.3.0-SNAPSHOT.jar:?]
	at org.apache.hadoop.ozone.protocolPB.OzoneManagerProtocolServerSideTranslatorPB.submitRequestDirectlyToOM(OzoneManagerProtocolServerSideTranslatorPB.java:276) ~[ozone-manager-1.3.0-SNAPSHOT.jar:?]
	at org.apache.hadoop.ozone.protocolPB.OzoneManagerProtocolServerSideTranslatorPB.processRequest(OzoneManagerProtocolServerSideTranslatorPB.java:205) ~[ozone-manager-1.3.0-SNAPSHOT.jar:?]
	at org.apache.hadoop.hdds.server.OzoneProtocolMessageDispatcher.processRequest(OzoneProtocolMessageDispatcher.java:87) [hdds-server-framework-1.3.0-SNAPSHOT.jar:?]
	at org.apache.hadoop.ozone.protocolPB.OzoneManagerProtocolServerSideTranslatorPB.submitRequest(OzoneManagerProtocolServerSideTranslatorPB.java:147) [ozone-manager-1.3.0-SNAPSHOT.jar:?]
	at org.apache.hadoop.ozone.protocol.proto.OzoneManagerProtocolProtos$OzoneManagerService$2.callBlockingMethod(OzoneManagerProtocolProtos.java) [ozone-interface-client-1.3.0-SNAPSHOT.jar:?]
	at org.apache.hadoop.ipc.ProtobufRpcEngine$Server.processCall(ProtobufRpcEngine.java:466) [hadoop-common-3.3.1.jar:?]
	at org.apache.hadoop.ipc.ProtobufRpcEngine2$Server$ProtoBufRpcInvoker.call(ProtobufRpcEngine2.java:574) [hadoop-common-3.3.1.jar:?]
	at org.apache.hadoop.ipc.ProtobufRpcEngine2$Server$ProtoBufRpcInvoker.call(ProtobufRpcEngine2.java:552) [hadoop-common-3.3.1.jar:?]
	at org.apache.hadoop.ipc.RPC$Server.call(RPC.java:1093) [hadoop-common-3.3.1.jar:?]
	at org.apache.hadoop.ipc.Server$RpcCall.run(Server.java:1035) [hadoop-common-3.3.1.jar:?]
	at org.apache.hadoop.ipc.Server$RpcCall.run(Server.java:963) [hadoop-common-3.3.1.jar:?]
	at java.security.AccessController.doPrivileged(Native Method) ~[?:1.8.0_332]
	at javax.security.auth.Subject.doAs(Subject.java:422) [?:1.8.0_332]
	at org.apache.hadoop.security.UserGroupInformation.doAs(UserGroupInformation.java:1878) [hadoop-common-3.3.1.jar:?]
	at org.apache.hadoop.ipc.Server$Handler.run(Server.java:2966) [hadoop-common-3.3.1.jar:?]
2022-07-12 23:22:54,935 [Time-limited test] INFO  rpc.RpcClient (RpcClient.java:createVolume(466)) - Creating Volume: volume-40061, with runner as owner and space quota set to -1 bytes, counts quota set to -1
2022-07-12 23:22:54,936 [IPC Server handler 12 on default port 43683] INFO  volume.OMVolumeCreateRequest (OMVolumeCreateRequest.java:validateAndUpdateCache(195)) - created volume:volume-40061 for user:runner
2022-07-12 23:22:54,938 [Time-limited test] INFO  rpc.RpcClient (RpcClient.java:createBucket(669)) - Creating Bucket: volume-40061/bucket3, with bucket layout LEGACY, runner as owner, Versioning false, Storage Type set to DISK and Encryption set to false 
2022-07-12 23:22:54,939 [IPC Server handler 15 on default port 43683] INFO  bucket.OMBucketCreateRequest (OMBucketCreateRequest.java:validateAndUpdateCache(260)) - created bucket: bucket3 of layout LEGACY in volume: volume-40061
23:22:54.946 [IPC Server handler 16 on default port 43683] ERROR OMAudit - user=runner | ip=127.0.0.1 | op=READ_VOLUME {volume=volume-40061} | ret=FAILURE
org.apache.hadoop.ozone.om.exceptions.OMException: Volume volume-40061 is not found
	at org.apache.hadoop.ozone.om.VolumeManagerImpl.getVolumeInfo(VolumeManagerImpl.java:74) ~[ozone-manager-1.3.0-SNAPSHOT.jar:?]
	at org.apache.hadoop.ozone.om.OzoneManager.getVolumeInfo(OzoneManager.java:2602) ~[ozone-manager-1.3.0-SNAPSHOT.jar:?]
	at org.apache.hadoop.ozone.protocolPB.OzoneManagerRequestHandler.infoVolume(OzoneManagerRequestHandler.java:390) ~[ozone-manager-1.3.0-SNAPSHOT.jar:?]
	at org.apache.hadoop.ozone.protocolPB.OzoneManagerRequestHandler.handleReadRequest(OzoneManagerRequestHandler.java:162) ~[ozone-manager-1.3.0-SNAPSHOT.jar:?]
	at org.apache.hadoop.ozone.protocolPB.OzoneManagerProtocolServerSideTranslatorPB.submitRequestDirectlyToOM(OzoneManagerProtocolServerSideTranslatorPB.java:276) ~[ozone-manager-1.3.0-SNAPSHOT.jar:?]
	at org.apache.hadoop.ozone.protocolPB.OzoneManagerProtocolServerSideTranslatorPB.processRequest(OzoneManagerProtocolServerSideTranslatorPB.java:205) ~[ozone-manager-1.3.0-SNAPSHOT.jar:?]
	at org.apache.hadoop.hdds.server.OzoneProtocolMessageDispatcher.processRequest(OzoneProtocolMessageDispatcher.java:87) [hdds-server-framework-1.3.0-SNAPSHOT.jar:?]
	at org.apache.hadoop.ozone.protocolPB.OzoneManagerProtocolServerSideTranslatorPB.submitRequest(OzoneManagerProtocolServerSideTranslatorPB.java:147) [ozone-manager-1.3.0-SNAPSHOT.jar:?]
	at org.apache.hadoop.ozone.protocol.proto.OzoneManagerProtocolProtos$OzoneManagerService$2.callBlockingMethod(OzoneManagerProtocolProtos.java) [ozone-interface-client-1.3.0-SNAPSHOT.jar:?]
	at org.apache.hadoop.ipc.ProtobufRpcEngine$Server.processCall(ProtobufRpcEngine.java:466) [hadoop-common-3.3.1.jar:?]
	at org.apache.hadoop.ipc.ProtobufRpcEngine2$Server$ProtoBufRpcInvoker.call(ProtobufRpcEngine2.java:574) [hadoop-common-3.3.1.jar:?]
	at org.apache.hadoop.ipc.ProtobufRpcEngine2$Server$ProtoBufRpcInvoker.call(ProtobufRpcEngine2.java:552) [hadoop-common-3.3.1.jar:?]
	at org.apache.hadoop.ipc.RPC$Server.call(RPC.java:1093) [hadoop-common-3.3.1.jar:?]
	at org.apache.hadoop.ipc.Server$RpcCall.run(Server.java:1035) [hadoop-common-3.3.1.jar:?]
	at org.apache.hadoop.ipc.Server$RpcCall.run(Server.java:963) [hadoop-common-3.3.1.jar:?]
	at java.security.AccessController.doPrivileged(Native Method) ~[?:1.8.0_332]
	at javax.security.auth.Subject.doAs(Subject.java:422) [?:1.8.0_332]
	at org.apache.hadoop.security.UserGroupInformation.doAs(UserGroupInformation.java:1878) [hadoop-common-3.3.1.jar:?]
	at org.apache.hadoop.ipc.Server$Handler.run(Server.java:2966) [hadoop-common-3.3.1.jar:?]
]]></system-out>
  </testcase>
  <testcase name="testDeleteVolumeBucketAndKey" classname="TestRootedOzoneFileSystem" time="0.218">
    <system-out><![CDATA[2022-07-12 23:24:18,950 [Time-limited test] INFO  rpc.RpcClient (RpcClient.java:createVolume(466)) - Creating Volume: volume29966, with user22540 as owner and space quota set to -1 bytes, counts quota set to -1
2022-07-12 23:24:18,973 [OM StateMachine ApplyTransaction Thread - 0] INFO  volume.OMVolumeCreateRequest (OMVolumeCreateRequest.java:validateAndUpdateCache(195)) - created volume:volume29966 for user:user22540
2022-07-12 23:24:18,975 [Time-limited test] INFO  rpc.RpcClient (RpcClient.java:createBucket(669)) - Creating Bucket: volume29966/bucket66935, with bucket layout LEGACY, runner as owner, Versioning false, Storage Type set to DISK and Encryption set to false 
2022-07-12 23:24:18,976 [OM StateMachine ApplyTransaction Thread - 0] INFO  bucket.OMBucketCreateRequest (OMBucketCreateRequest.java:validateAndUpdateCache(260)) - created bucket: bucket66935 of layout LEGACY in volume: volume29966
23:24:18.979 [IPC Server handler 14 on default port 45473] ERROR OMAudit - user=runner | ip=127.0.0.1 | op=READ_BUCKET {volume=volume-75940, bucket=bucket3} | ret=FAILURE
org.apache.hadoop.ozone.om.exceptions.OMException: Volume not found when getting bucket info
	at org.apache.hadoop.ozone.om.BucketManagerImpl.getBucketInfo(BucketManagerImpl.java:127) ~[ozone-manager-1.3.0-SNAPSHOT.jar:?]
	at org.apache.hadoop.ozone.om.OzoneManager.getBucketInfo(OzoneManager.java:2778) ~[ozone-manager-1.3.0-SNAPSHOT.jar:?]
	at org.apache.hadoop.ozone.protocolPB.OzoneManagerRequestHandler.infoBucket(OzoneManagerRequestHandler.java:464) ~[ozone-manager-1.3.0-SNAPSHOT.jar:?]
	at org.apache.hadoop.ozone.protocolPB.OzoneManagerRequestHandler.handleReadRequest(OzoneManagerRequestHandler.java:172) ~[ozone-manager-1.3.0-SNAPSHOT.jar:?]
	at org.apache.hadoop.ozone.protocolPB.OzoneManagerProtocolServerSideTranslatorPB.submitReadRequestToOM(OzoneManagerProtocolServerSideTranslatorPB.java:226) ~[ozone-manager-1.3.0-SNAPSHOT.jar:?]
	at org.apache.hadoop.ozone.protocolPB.OzoneManagerProtocolServerSideTranslatorPB.processRequest(OzoneManagerProtocolServerSideTranslatorPB.java:175) ~[ozone-manager-1.3.0-SNAPSHOT.jar:?]
	at org.apache.hadoop.hdds.server.OzoneProtocolMessageDispatcher.processRequest(OzoneProtocolMessageDispatcher.java:87) [hdds-server-framework-1.3.0-SNAPSHOT.jar:?]
	at org.apache.hadoop.ozone.protocolPB.OzoneManagerProtocolServerSideTranslatorPB.submitRequest(OzoneManagerProtocolServerSideTranslatorPB.java:147) [ozone-manager-1.3.0-SNAPSHOT.jar:?]
	at org.apache.hadoop.ozone.protocol.proto.OzoneManagerProtocolProtos$OzoneManagerService$2.callBlockingMethod(OzoneManagerProtocolProtos.java) [ozone-interface-client-1.3.0-SNAPSHOT.jar:?]
	at org.apache.hadoop.ipc.ProtobufRpcEngine$Server.processCall(ProtobufRpcEngine.java:466) [hadoop-common-3.3.1.jar:?]
	at org.apache.hadoop.ipc.ProtobufRpcEngine2$Server$ProtoBufRpcInvoker.call(ProtobufRpcEngine2.java:574) [hadoop-common-3.3.1.jar:?]
	at org.apache.hadoop.ipc.ProtobufRpcEngine2$Server$ProtoBufRpcInvoker.call(ProtobufRpcEngine2.java:552) [hadoop-common-3.3.1.jar:?]
	at org.apache.hadoop.ipc.RPC$Server.call(RPC.java:1093) [hadoop-common-3.3.1.jar:?]
	at org.apache.hadoop.ipc.Server$RpcCall.run(Server.java:1035) [hadoop-common-3.3.1.jar:?]
	at org.apache.hadoop.ipc.Server$RpcCall.run(Server.java:963) [hadoop-common-3.3.1.jar:?]
	at java.security.AccessController.doPrivileged(Native Method) ~[?:1.8.0_332]
	at javax.security.auth.Subject.doAs(Subject.java:422) [?:1.8.0_332]
	at org.apache.hadoop.security.UserGroupInformation.doAs(UserGroupInformation.java:1878) [hadoop-common-3.3.1.jar:?]
	at org.apache.hadoop.ipc.Server$Handler.run(Server.java:2966) [hadoop-common-3.3.1.jar:?]
2022-07-12 23:24:18,979 [Time-limited test] INFO  rpc.RpcClient (RpcClient.java:createVolume(466)) - Creating Volume: volume-75940, with runner as owner and space quota set to -1 bytes, counts quota set to -1
2022-07-12 23:24:18,986 [OM StateMachine ApplyTransaction Thread - 0] INFO  volume.OMVolumeCreateRequest (OMVolumeCreateRequest.java:validateAndUpdateCache(195)) - created volume:volume-75940 for user:runner
2022-07-12 23:24:18,987 [Time-limited test] INFO  rpc.RpcClient (RpcClient.java:createBucket(669)) - Creating Bucket: volume-75940/bucket3, with bucket layout LEGACY, runner as owner, Versioning false, Storage Type set to DISK and Encryption set to false 
2022-07-12 23:24:18,988 [OM StateMachine ApplyTransaction Thread - 0] INFO  bucket.OMBucketCreateRequest (OMBucketCreateRequest.java:validateAndUpdateCache(260)) - created bucket: bucket3 of layout LEGACY in volume: volume-75940
23:24:18.994 [OM StateMachine ApplyTransaction Thread - 0] ERROR OMAudit - user=runner | ip=127.0.0.1 | op=DELETE_VOLUME {volume=volume-75940} | ret=FAILURE
org.apache.hadoop.ozone.om.exceptions.OMException: null
	at org.apache.hadoop.ozone.om.request.volume.OMVolumeDeleteRequest.validateAndUpdateCache(OMVolumeDeleteRequest.java:122) ~[ozone-manager-1.3.0-SNAPSHOT.jar:?]
	at org.apache.hadoop.ozone.protocolPB.OzoneManagerRequestHandler.handleWriteRequest(OzoneManagerRequestHandler.java:293) ~[ozone-manager-1.3.0-SNAPSHOT.jar:?]
	at org.apache.hadoop.ozone.om.ratis.OzoneManagerStateMachine.runCommand(OzoneManagerStateMachine.java:529) ~[ozone-manager-1.3.0-SNAPSHOT.jar:?]
	at org.apache.hadoop.ozone.om.ratis.OzoneManagerStateMachine.lambda$1(OzoneManagerStateMachine.java:324) ~[ozone-manager-1.3.0-SNAPSHOT.jar:?]
	at java.util.concurrent.CompletableFuture$AsyncSupply.run(CompletableFuture.java:1604) [?:1.8.0_332]
	at java.util.concurrent.ThreadPoolExecutor.runWorker(ThreadPoolExecutor.java:1149) [?:1.8.0_332]
	at java.util.concurrent.ThreadPoolExecutor$Worker.run(ThreadPoolExecutor.java:624) [?:1.8.0_332]
	at java.lang.Thread.run(Thread.java:750) [?:1.8.0_332]
2022-07-12 23:24:18,994 [OM StateMachine ApplyTransaction Thread - 0] ERROR volume.OMVolumeDeleteRequest (OMVolumeDeleteRequest.java:validateAndUpdateCache(170)) - Volume deletion failed for user:runner volume:volume-75940
VOLUME_NOT_EMPTY org.apache.hadoop.ozone.om.exceptions.OMException
	at org.apache.hadoop.ozone.om.request.volume.OMVolumeDeleteRequest.validateAndUpdateCache(OMVolumeDeleteRequest.java:122)
	at org.apache.hadoop.ozone.protocolPB.OzoneManagerRequestHandler.handleWriteRequest(OzoneManagerRequestHandler.java:293)
	at org.apache.hadoop.ozone.om.ratis.OzoneManagerStateMachine.runCommand(OzoneManagerStateMachine.java:529)
	at org.apache.hadoop.ozone.om.ratis.OzoneManagerStateMachine.lambda$1(OzoneManagerStateMachine.java:324)
	at java.util.concurrent.CompletableFuture$AsyncSupply.run(CompletableFuture.java:1604)
	at java.util.concurrent.ThreadPoolExecutor.runWorker(ThreadPoolExecutor.java:1149)
	at java.util.concurrent.ThreadPoolExecutor$Worker.run(ThreadPoolExecutor.java:624)
	at java.lang.Thread.run(Thread.java:750)
23:24:19.030 [IPC Server handler 2 on default port 45473] ERROR OMAudit - user=runner | ip=127.0.0.1 | op=READ_VOLUME {volume=volume-75940} | ret=FAILURE
org.apache.hadoop.ozone.om.exceptions.OMException: Volume volume-75940 is not found
	at org.apache.hadoop.ozone.om.VolumeManagerImpl.getVolumeInfo(VolumeManagerImpl.java:74) ~[ozone-manager-1.3.0-SNAPSHOT.jar:?]
	at org.apache.hadoop.ozone.om.OzoneManager.getVolumeInfo(OzoneManager.java:2602) ~[ozone-manager-1.3.0-SNAPSHOT.jar:?]
	at org.apache.hadoop.ozone.protocolPB.OzoneManagerRequestHandler.infoVolume(OzoneManagerRequestHandler.java:390) ~[ozone-manager-1.3.0-SNAPSHOT.jar:?]
	at org.apache.hadoop.ozone.protocolPB.OzoneManagerRequestHandler.handleReadRequest(OzoneManagerRequestHandler.java:162) ~[ozone-manager-1.3.0-SNAPSHOT.jar:?]
	at org.apache.hadoop.ozone.protocolPB.OzoneManagerProtocolServerSideTranslatorPB.submitReadRequestToOM(OzoneManagerProtocolServerSideTranslatorPB.java:226) ~[ozone-manager-1.3.0-SNAPSHOT.jar:?]
	at org.apache.hadoop.ozone.protocolPB.OzoneManagerProtocolServerSideTranslatorPB.processRequest(OzoneManagerProtocolServerSideTranslatorPB.java:175) ~[ozone-manager-1.3.0-SNAPSHOT.jar:?]
	at org.apache.hadoop.hdds.server.OzoneProtocolMessageDispatcher.processRequest(OzoneProtocolMessageDispatcher.java:87) [hdds-server-framework-1.3.0-SNAPSHOT.jar:?]
	at org.apache.hadoop.ozone.protocolPB.OzoneManagerProtocolServerSideTranslatorPB.submitRequest(OzoneManagerProtocolServerSideTranslatorPB.java:147) [ozone-manager-1.3.0-SNAPSHOT.jar:?]
	at org.apache.hadoop.ozone.protocol.proto.OzoneManagerProtocolProtos$OzoneManagerService$2.callBlockingMethod(OzoneManagerProtocolProtos.java) [ozone-interface-client-1.3.0-SNAPSHOT.jar:?]
	at org.apache.hadoop.ipc.ProtobufRpcEngine$Server.processCall(ProtobufRpcEngine.java:466) [hadoop-common-3.3.1.jar:?]
	at org.apache.hadoop.ipc.ProtobufRpcEngine2$Server$ProtoBufRpcInvoker.call(ProtobufRpcEngine2.java:574) [hadoop-common-3.3.1.jar:?]
	at org.apache.hadoop.ipc.ProtobufRpcEngine2$Server$ProtoBufRpcInvoker.call(ProtobufRpcEngine2.java:552) [hadoop-common-3.3.1.jar:?]
	at org.apache.hadoop.ipc.RPC$Server.call(RPC.java:1093) [hadoop-common-3.3.1.jar:?]
	at org.apache.hadoop.ipc.Server$RpcCall.run(Server.java:1035) [hadoop-common-3.3.1.jar:?]
	at org.apache.hadoop.ipc.Server$RpcCall.run(Server.java:963) [hadoop-common-3.3.1.jar:?]
	at java.security.AccessController.doPrivileged(Native Method) ~[?:1.8.0_332]
	at javax.security.auth.Subject.doAs(Subject.java:422) [?:1.8.0_332]
	at org.apache.hadoop.security.UserGroupInformation.doAs(UserGroupInformation.java:1878) [hadoop-common-3.3.1.jar:?]
	at org.apache.hadoop.ipc.Server$Handler.run(Server.java:2966) [hadoop-common-3.3.1.jar:?]
23:24:19.030 [IPC Server handler 5 on default port 45473] ERROR OMAudit - user=runner | ip=127.0.0.1 | op=READ_BUCKET {volume=volume-75940, bucket=bucket3} | ret=FAILURE
org.apache.hadoop.ozone.om.exceptions.OMException: Volume not found when getting bucket info
	at org.apache.hadoop.ozone.om.BucketManagerImpl.getBucketInfo(BucketManagerImpl.java:127) ~[ozone-manager-1.3.0-SNAPSHOT.jar:?]
	at org.apache.hadoop.ozone.om.OzoneManager.getBucketInfo(OzoneManager.java:2778) ~[ozone-manager-1.3.0-SNAPSHOT.jar:?]
	at org.apache.hadoop.ozone.protocolPB.OzoneManagerRequestHandler.infoBucket(OzoneManagerRequestHandler.java:464) ~[ozone-manager-1.3.0-SNAPSHOT.jar:?]
	at org.apache.hadoop.ozone.protocolPB.OzoneManagerRequestHandler.handleReadRequest(OzoneManagerRequestHandler.java:172) ~[ozone-manager-1.3.0-SNAPSHOT.jar:?]
	at org.apache.hadoop.ozone.protocolPB.OzoneManagerProtocolServerSideTranslatorPB.submitReadRequestToOM(OzoneManagerProtocolServerSideTranslatorPB.java:226) ~[ozone-manager-1.3.0-SNAPSHOT.jar:?]
	at org.apache.hadoop.ozone.protocolPB.OzoneManagerProtocolServerSideTranslatorPB.processRequest(OzoneManagerProtocolServerSideTranslatorPB.java:175) ~[ozone-manager-1.3.0-SNAPSHOT.jar:?]
	at org.apache.hadoop.hdds.server.OzoneProtocolMessageDispatcher.processRequest(OzoneProtocolMessageDispatcher.java:87) [hdds-server-framework-1.3.0-SNAPSHOT.jar:?]
	at org.apache.hadoop.ozone.protocolPB.OzoneManagerProtocolServerSideTranslatorPB.submitRequest(OzoneManagerProtocolServerSideTranslatorPB.java:147) [ozone-manager-1.3.0-SNAPSHOT.jar:?]
	at org.apache.hadoop.ozone.protocol.proto.OzoneManagerProtocolProtos$OzoneManagerService$2.callBlockingMethod(OzoneManagerProtocolProtos.java) [ozone-interface-client-1.3.0-SNAPSHOT.jar:?]
	at org.apache.hadoop.ipc.ProtobufRpcEngine$Server.processCall(ProtobufRpcEngine.java:466) [hadoop-common-3.3.1.jar:?]
	at org.apache.hadoop.ipc.ProtobufRpcEngine2$Server$ProtoBufRpcInvoker.call(ProtobufRpcEngine2.java:574) [hadoop-common-3.3.1.jar:?]
	at org.apache.hadoop.ipc.ProtobufRpcEngine2$Server$ProtoBufRpcInvoker.call(ProtobufRpcEngine2.java:552) [hadoop-common-3.3.1.jar:?]
	at org.apache.hadoop.ipc.RPC$Server.call(RPC.java:1093) [hadoop-common-3.3.1.jar:?]
	at org.apache.hadoop.ipc.Server$RpcCall.run(Server.java:1035) [hadoop-common-3.3.1.jar:?]
	at org.apache.hadoop.ipc.Server$RpcCall.run(Server.java:963) [hadoop-common-3.3.1.jar:?]
	at java.security.AccessController.doPrivileged(Native Method) ~[?:1.8.0_332]
	at javax.security.auth.Subject.doAs(Subject.java:422) [?:1.8.0_332]
	at org.apache.hadoop.security.UserGroupInformation.doAs(UserGroupInformation.java:1878) [hadoop-common-3.3.1.jar:?]
	at org.apache.hadoop.ipc.Server$Handler.run(Server.java:2966) [hadoop-common-3.3.1.jar:?]
2022-07-12 23:24:19,031 [Time-limited test] INFO  rpc.RpcClient (RpcClient.java:createVolume(466)) - Creating Volume: volume-75940, with runner as owner and space quota set to -1 bytes, counts quota set to -1
2022-07-12 23:24:19,032 [OM StateMachine ApplyTransaction Thread - 0] INFO  volume.OMVolumeCreateRequest (OMVolumeCreateRequest.java:validateAndUpdateCache(195)) - created volume:volume-75940 for user:runner
2022-07-12 23:24:19,034 [Time-limited test] INFO  rpc.RpcClient (RpcClient.java:createBucket(669)) - Creating Bucket: volume-75940/bucket3, with bucket layout LEGACY, runner as owner, Versioning false, Storage Type set to DISK and Encryption set to false 
2022-07-12 23:24:19,035 [OM StateMachine ApplyTransaction Thread - 0] INFO  bucket.OMBucketCreateRequest (OMBucketCreateRequest.java:validateAndUpdateCache(260)) - created bucket: bucket3 of layout LEGACY in volume: volume-75940
23:24:19.051 [IPC Server handler 19 on default port 45473] ERROR OMAudit - user=runner | ip=127.0.0.1 | op=READ_VOLUME {volume=volume-75940} | ret=FAILURE
org.apache.hadoop.ozone.om.exceptions.OMException: Volume volume-75940 is not found
	at org.apache.hadoop.ozone.om.VolumeManagerImpl.getVolumeInfo(VolumeManagerImpl.java:74) ~[ozone-manager-1.3.0-SNAPSHOT.jar:?]
	at org.apache.hadoop.ozone.om.OzoneManager.getVolumeInfo(OzoneManager.java:2602) ~[ozone-manager-1.3.0-SNAPSHOT.jar:?]
	at org.apache.hadoop.ozone.protocolPB.OzoneManagerRequestHandler.infoVolume(OzoneManagerRequestHandler.java:390) ~[ozone-manager-1.3.0-SNAPSHOT.jar:?]
	at org.apache.hadoop.ozone.protocolPB.OzoneManagerRequestHandler.handleReadRequest(OzoneManagerRequestHandler.java:162) ~[ozone-manager-1.3.0-SNAPSHOT.jar:?]
	at org.apache.hadoop.ozone.protocolPB.OzoneManagerProtocolServerSideTranslatorPB.submitReadRequestToOM(OzoneManagerProtocolServerSideTranslatorPB.java:226) ~[ozone-manager-1.3.0-SNAPSHOT.jar:?]
	at org.apache.hadoop.ozone.protocolPB.OzoneManagerProtocolServerSideTranslatorPB.processRequest(OzoneManagerProtocolServerSideTranslatorPB.java:175) ~[ozone-manager-1.3.0-SNAPSHOT.jar:?]
	at org.apache.hadoop.hdds.server.OzoneProtocolMessageDispatcher.processRequest(OzoneProtocolMessageDispatcher.java:87) [hdds-server-framework-1.3.0-SNAPSHOT.jar:?]
	at org.apache.hadoop.ozone.protocolPB.OzoneManagerProtocolServerSideTranslatorPB.submitRequest(OzoneManagerProtocolServerSideTranslatorPB.java:147) [ozone-manager-1.3.0-SNAPSHOT.jar:?]
	at org.apache.hadoop.ozone.protocol.proto.OzoneManagerProtocolProtos$OzoneManagerService$2.callBlockingMethod(OzoneManagerProtocolProtos.java) [ozone-interface-client-1.3.0-SNAPSHOT.jar:?]
	at org.apache.hadoop.ipc.ProtobufRpcEngine$Server.processCall(ProtobufRpcEngine.java:466) [hadoop-common-3.3.1.jar:?]
	at org.apache.hadoop.ipc.ProtobufRpcEngine2$Server$ProtoBufRpcInvoker.call(ProtobufRpcEngine2.java:574) [hadoop-common-3.3.1.jar:?]
	at org.apache.hadoop.ipc.ProtobufRpcEngine2$Server$ProtoBufRpcInvoker.call(ProtobufRpcEngine2.java:552) [hadoop-common-3.3.1.jar:?]
	at org.apache.hadoop.ipc.RPC$Server.call(RPC.java:1093) [hadoop-common-3.3.1.jar:?]
	at org.apache.hadoop.ipc.Server$RpcCall.run(Server.java:1035) [hadoop-common-3.3.1.jar:?]
	at org.apache.hadoop.ipc.Server$RpcCall.run(Server.java:963) [hadoop-common-3.3.1.jar:?]
	at java.security.AccessController.doPrivileged(Native Method) ~[?:1.8.0_332]
	at javax.security.auth.Subject.doAs(Subject.java:422) [?:1.8.0_332]
	at org.apache.hadoop.security.UserGroupInformation.doAs(UserGroupInformation.java:1878) [hadoop-common-3.3.1.jar:?]
	at org.apache.hadoop.ipc.Server$Handler.run(Server.java:2966) [hadoop-common-3.3.1.jar:?]
]]></system-out>
  </testcase>
  <testcase name="testDeleteVolumeBucketAndKey" classname="TestRootedOzoneFileSystem" time="0.214">
    <system-out><![CDATA[2022-07-12 23:25:42,633 [Time-limited test] INFO  rpc.RpcClient (RpcClient.java:createVolume(466)) - Creating Volume: volume21316, with user70410 as owner and space quota set to -1 bytes, counts quota set to -1
2022-07-12 23:25:42,634 [IPC Server handler 14 on default port 46473] INFO  volume.OMVolumeCreateRequest (OMVolumeCreateRequest.java:validateAndUpdateCache(195)) - created volume:volume21316 for user:user70410
2022-07-12 23:25:42,638 [Time-limited test] INFO  rpc.RpcClient (RpcClient.java:createBucket(669)) - Creating Bucket: volume21316/bucket87095, with bucket layout LEGACY, runner as owner, Versioning false, Storage Type set to DISK and Encryption set to false 
2022-07-12 23:25:42,639 [IPC Server handler 12 on default port 46473] INFO  bucket.OMBucketCreateRequest (OMBucketCreateRequest.java:validateAndUpdateCache(260)) - created bucket: bucket87095 of layout LEGACY in volume: volume21316
23:25:42.640 [IPC Server handler 9 on default port 46473] ERROR OMAudit - user=runner | ip=127.0.0.1 | op=READ_BUCKET {volume=volume-39271, bucket=bucket3} | ret=FAILURE
org.apache.hadoop.ozone.om.exceptions.OMException: Volume not found when getting bucket info
	at org.apache.hadoop.ozone.om.BucketManagerImpl.getBucketInfo(BucketManagerImpl.java:127) ~[ozone-manager-1.3.0-SNAPSHOT.jar:?]
	at org.apache.hadoop.ozone.om.OzoneManager.getBucketInfo(OzoneManager.java:2778) ~[ozone-manager-1.3.0-SNAPSHOT.jar:?]
	at org.apache.hadoop.ozone.protocolPB.OzoneManagerRequestHandler.infoBucket(OzoneManagerRequestHandler.java:464) ~[ozone-manager-1.3.0-SNAPSHOT.jar:?]
	at org.apache.hadoop.ozone.protocolPB.OzoneManagerRequestHandler.handleReadRequest(OzoneManagerRequestHandler.java:172) ~[ozone-manager-1.3.0-SNAPSHOT.jar:?]
	at org.apache.hadoop.ozone.protocolPB.OzoneManagerProtocolServerSideTranslatorPB.submitRequestDirectlyToOM(OzoneManagerProtocolServerSideTranslatorPB.java:276) ~[ozone-manager-1.3.0-SNAPSHOT.jar:?]
	at org.apache.hadoop.ozone.protocolPB.OzoneManagerProtocolServerSideTranslatorPB.processRequest(OzoneManagerProtocolServerSideTranslatorPB.java:205) ~[ozone-manager-1.3.0-SNAPSHOT.jar:?]
	at org.apache.hadoop.hdds.server.OzoneProtocolMessageDispatcher.processRequest(OzoneProtocolMessageDispatcher.java:87) [hdds-server-framework-1.3.0-SNAPSHOT.jar:?]
	at org.apache.hadoop.ozone.protocolPB.OzoneManagerProtocolServerSideTranslatorPB.submitRequest(OzoneManagerProtocolServerSideTranslatorPB.java:147) [ozone-manager-1.3.0-SNAPSHOT.jar:?]
	at org.apache.hadoop.ozone.protocol.proto.OzoneManagerProtocolProtos$OzoneManagerService$2.callBlockingMethod(OzoneManagerProtocolProtos.java) [ozone-interface-client-1.3.0-SNAPSHOT.jar:?]
	at org.apache.hadoop.ipc.ProtobufRpcEngine$Server.processCall(ProtobufRpcEngine.java:466) [hadoop-common-3.3.1.jar:?]
	at org.apache.hadoop.ipc.ProtobufRpcEngine2$Server$ProtoBufRpcInvoker.call(ProtobufRpcEngine2.java:574) [hadoop-common-3.3.1.jar:?]
	at org.apache.hadoop.ipc.ProtobufRpcEngine2$Server$ProtoBufRpcInvoker.call(ProtobufRpcEngine2.java:552) [hadoop-common-3.3.1.jar:?]
	at org.apache.hadoop.ipc.RPC$Server.call(RPC.java:1093) [hadoop-common-3.3.1.jar:?]
	at org.apache.hadoop.ipc.Server$RpcCall.run(Server.java:1035) [hadoop-common-3.3.1.jar:?]
	at org.apache.hadoop.ipc.Server$RpcCall.run(Server.java:963) [hadoop-common-3.3.1.jar:?]
	at java.security.AccessController.doPrivileged(Native Method) ~[?:1.8.0_332]
	at javax.security.auth.Subject.doAs(Subject.java:422) [?:1.8.0_332]
	at org.apache.hadoop.security.UserGroupInformation.doAs(UserGroupInformation.java:1878) [hadoop-common-3.3.1.jar:?]
	at org.apache.hadoop.ipc.Server$Handler.run(Server.java:2966) [hadoop-common-3.3.1.jar:?]
2022-07-12 23:25:42,641 [Time-limited test] INFO  rpc.RpcClient (RpcClient.java:createVolume(466)) - Creating Volume: volume-39271, with runner as owner and space quota set to -1 bytes, counts quota set to -1
2022-07-12 23:25:42,641 [IPC Server handler 8 on default port 46473] INFO  volume.OMVolumeCreateRequest (OMVolumeCreateRequest.java:validateAndUpdateCache(195)) - created volume:volume-39271 for user:runner
2022-07-12 23:25:42,642 [Time-limited test] INFO  rpc.RpcClient (RpcClient.java:createBucket(669)) - Creating Bucket: volume-39271/bucket3, with bucket layout LEGACY, runner as owner, Versioning false, Storage Type set to DISK and Encryption set to false 
2022-07-12 23:25:42,642 [IPC Server handler 7 on default port 46473] INFO  bucket.OMBucketCreateRequest (OMBucketCreateRequest.java:validateAndUpdateCache(260)) - created bucket: bucket3 of layout LEGACY in volume: volume-39271
23:25:42.653 [IPC Server handler 3 on default port 46473] ERROR OMAudit - user=runner | ip=127.0.0.1 | op=DELETE_VOLUME {volume=volume-39271} | ret=FAILURE
org.apache.hadoop.ozone.om.exceptions.OMException: null
	at org.apache.hadoop.ozone.om.request.volume.OMVolumeDeleteRequest.validateAndUpdateCache(OMVolumeDeleteRequest.java:122) ~[ozone-manager-1.3.0-SNAPSHOT.jar:?]
	at org.apache.hadoop.ozone.protocolPB.OzoneManagerRequestHandler.handleWriteRequest(OzoneManagerRequestHandler.java:293) ~[ozone-manager-1.3.0-SNAPSHOT.jar:?]
	at org.apache.hadoop.ozone.protocolPB.OzoneManagerProtocolServerSideTranslatorPB.submitRequestDirectlyToOM(OzoneManagerProtocolServerSideTranslatorPB.java:282) ~[ozone-manager-1.3.0-SNAPSHOT.jar:?]
	at org.apache.hadoop.ozone.protocolPB.OzoneManagerProtocolServerSideTranslatorPB.processRequest(OzoneManagerProtocolServerSideTranslatorPB.java:205) ~[ozone-manager-1.3.0-SNAPSHOT.jar:?]
	at org.apache.hadoop.hdds.server.OzoneProtocolMessageDispatcher.processRequest(OzoneProtocolMessageDispatcher.java:87) [hdds-server-framework-1.3.0-SNAPSHOT.jar:?]
	at org.apache.hadoop.ozone.protocolPB.OzoneManagerProtocolServerSideTranslatorPB.submitRequest(OzoneManagerProtocolServerSideTranslatorPB.java:147) [ozone-manager-1.3.0-SNAPSHOT.jar:?]
	at org.apache.hadoop.ozone.protocol.proto.OzoneManagerProtocolProtos$OzoneManagerService$2.callBlockingMethod(OzoneManagerProtocolProtos.java) [ozone-interface-client-1.3.0-SNAPSHOT.jar:?]
	at org.apache.hadoop.ipc.ProtobufRpcEngine$Server.processCall(ProtobufRpcEngine.java:466) [hadoop-common-3.3.1.jar:?]
	at org.apache.hadoop.ipc.ProtobufRpcEngine2$Server$ProtoBufRpcInvoker.call(ProtobufRpcEngine2.java:574) [hadoop-common-3.3.1.jar:?]
	at org.apache.hadoop.ipc.ProtobufRpcEngine2$Server$ProtoBufRpcInvoker.call(ProtobufRpcEngine2.java:552) [hadoop-common-3.3.1.jar:?]
	at org.apache.hadoop.ipc.RPC$Server.call(RPC.java:1093) [hadoop-common-3.3.1.jar:?]
	at org.apache.hadoop.ipc.Server$RpcCall.run(Server.java:1035) [hadoop-common-3.3.1.jar:?]
	at org.apache.hadoop.ipc.Server$RpcCall.run(Server.java:963) [hadoop-common-3.3.1.jar:?]
	at java.security.AccessController.doPrivileged(Native Method) ~[?:1.8.0_332]
	at javax.security.auth.Subject.doAs(Subject.java:422) [?:1.8.0_332]
	at org.apache.hadoop.security.UserGroupInformation.doAs(UserGroupInformation.java:1878) [hadoop-common-3.3.1.jar:?]
	at org.apache.hadoop.ipc.Server$Handler.run(Server.java:2966) [hadoop-common-3.3.1.jar:?]
2022-07-12 23:25:42,653 [IPC Server handler 3 on default port 46473] ERROR volume.OMVolumeDeleteRequest (OMVolumeDeleteRequest.java:validateAndUpdateCache(170)) - Volume deletion failed for user:runner volume:volume-39271
VOLUME_NOT_EMPTY org.apache.hadoop.ozone.om.exceptions.OMException
	at org.apache.hadoop.ozone.om.request.volume.OMVolumeDeleteRequest.validateAndUpdateCache(OMVolumeDeleteRequest.java:122)
	at org.apache.hadoop.ozone.protocolPB.OzoneManagerRequestHandler.handleWriteRequest(OzoneManagerRequestHandler.java:293)
	at org.apache.hadoop.ozone.protocolPB.OzoneManagerProtocolServerSideTranslatorPB.submitRequestDirectlyToOM(OzoneManagerProtocolServerSideTranslatorPB.java:282)
	at org.apache.hadoop.ozone.protocolPB.OzoneManagerProtocolServerSideTranslatorPB.processRequest(OzoneManagerProtocolServerSideTranslatorPB.java:205)
	at org.apache.hadoop.hdds.server.OzoneProtocolMessageDispatcher.processRequest(OzoneProtocolMessageDispatcher.java:87)
	at org.apache.hadoop.ozone.protocolPB.OzoneManagerProtocolServerSideTranslatorPB.submitRequest(OzoneManagerProtocolServerSideTranslatorPB.java:147)
	at org.apache.hadoop.ozone.protocol.proto.OzoneManagerProtocolProtos$OzoneManagerService$2.callBlockingMethod(OzoneManagerProtocolProtos.java)
	at org.apache.hadoop.ipc.ProtobufRpcEngine$Server.processCall(ProtobufRpcEngine.java:466)
	at org.apache.hadoop.ipc.ProtobufRpcEngine2$Server$ProtoBufRpcInvoker.call(ProtobufRpcEngine2.java:574)
	at org.apache.hadoop.ipc.ProtobufRpcEngine2$Server$ProtoBufRpcInvoker.call(ProtobufRpcEngine2.java:552)
	at org.apache.hadoop.ipc.RPC$Server.call(RPC.java:1093)
	at org.apache.hadoop.ipc.Server$RpcCall.run(Server.java:1035)
	at org.apache.hadoop.ipc.Server$RpcCall.run(Server.java:963)
	at java.security.AccessController.doPrivileged(Native Method)
	at javax.security.auth.Subject.doAs(Subject.java:422)
	at org.apache.hadoop.security.UserGroupInformation.doAs(UserGroupInformation.java:1878)
	at org.apache.hadoop.ipc.Server$Handler.run(Server.java:2966)
23:25:42.692 [IPC Server handler 3 on default port 46473] ERROR OMAudit - user=runner | ip=127.0.0.1 | op=READ_VOLUME {volume=volume-39271} | ret=FAILURE
org.apache.hadoop.ozone.om.exceptions.OMException: Volume volume-39271 is not found
	at org.apache.hadoop.ozone.om.VolumeManagerImpl.getVolumeInfo(VolumeManagerImpl.java:74) ~[ozone-manager-1.3.0-SNAPSHOT.jar:?]
	at org.apache.hadoop.ozone.om.OzoneManager.getVolumeInfo(OzoneManager.java:2602) ~[ozone-manager-1.3.0-SNAPSHOT.jar:?]
	at org.apache.hadoop.ozone.protocolPB.OzoneManagerRequestHandler.infoVolume(OzoneManagerRequestHandler.java:390) ~[ozone-manager-1.3.0-SNAPSHOT.jar:?]
	at org.apache.hadoop.ozone.protocolPB.OzoneManagerRequestHandler.handleReadRequest(OzoneManagerRequestHandler.java:162) ~[ozone-manager-1.3.0-SNAPSHOT.jar:?]
	at org.apache.hadoop.ozone.protocolPB.OzoneManagerProtocolServerSideTranslatorPB.submitRequestDirectlyToOM(OzoneManagerProtocolServerSideTranslatorPB.java:276) ~[ozone-manager-1.3.0-SNAPSHOT.jar:?]
	at org.apache.hadoop.ozone.protocolPB.OzoneManagerProtocolServerSideTranslatorPB.processRequest(OzoneManagerProtocolServerSideTranslatorPB.java:205) ~[ozone-manager-1.3.0-SNAPSHOT.jar:?]
	at org.apache.hadoop.hdds.server.OzoneProtocolMessageDispatcher.processRequest(OzoneProtocolMessageDispatcher.java:87) [hdds-server-framework-1.3.0-SNAPSHOT.jar:?]
	at org.apache.hadoop.ozone.protocolPB.OzoneManagerProtocolServerSideTranslatorPB.submitRequest(OzoneManagerProtocolServerSideTranslatorPB.java:147) [ozone-manager-1.3.0-SNAPSHOT.jar:?]
	at org.apache.hadoop.ozone.protocol.proto.OzoneManagerProtocolProtos$OzoneManagerService$2.callBlockingMethod(OzoneManagerProtocolProtos.java) [ozone-interface-client-1.3.0-SNAPSHOT.jar:?]
	at org.apache.hadoop.ipc.ProtobufRpcEngine$Server.processCall(ProtobufRpcEngine.java:466) [hadoop-common-3.3.1.jar:?]
	at org.apache.hadoop.ipc.ProtobufRpcEngine2$Server$ProtoBufRpcInvoker.call(ProtobufRpcEngine2.java:574) [hadoop-common-3.3.1.jar:?]
	at org.apache.hadoop.ipc.ProtobufRpcEngine2$Server$ProtoBufRpcInvoker.call(ProtobufRpcEngine2.java:552) [hadoop-common-3.3.1.jar:?]
	at org.apache.hadoop.ipc.RPC$Server.call(RPC.java:1093) [hadoop-common-3.3.1.jar:?]
	at org.apache.hadoop.ipc.Server$RpcCall.run(Server.java:1035) [hadoop-common-3.3.1.jar:?]
	at org.apache.hadoop.ipc.Server$RpcCall.run(Server.java:963) [hadoop-common-3.3.1.jar:?]
	at java.security.AccessController.doPrivileged(Native Method) ~[?:1.8.0_332]
	at javax.security.auth.Subject.doAs(Subject.java:422) [?:1.8.0_332]
	at org.apache.hadoop.security.UserGroupInformation.doAs(UserGroupInformation.java:1878) [hadoop-common-3.3.1.jar:?]
	at org.apache.hadoop.ipc.Server$Handler.run(Server.java:2966) [hadoop-common-3.3.1.jar:?]
23:25:42.695 [IPC Server handler 17 on default port 46473] ERROR OMAudit - user=runner | ip=127.0.0.1 | op=READ_BUCKET {volume=volume-39271, bucket=bucket3} | ret=FAILURE
org.apache.hadoop.ozone.om.exceptions.OMException: Volume not found when getting bucket info
	at org.apache.hadoop.ozone.om.BucketManagerImpl.getBucketInfo(BucketManagerImpl.java:127) ~[ozone-manager-1.3.0-SNAPSHOT.jar:?]
	at org.apache.hadoop.ozone.om.OzoneManager.getBucketInfo(OzoneManager.java:2778) ~[ozone-manager-1.3.0-SNAPSHOT.jar:?]
	at org.apache.hadoop.ozone.protocolPB.OzoneManagerRequestHandler.infoBucket(OzoneManagerRequestHandler.java:464) ~[ozone-manager-1.3.0-SNAPSHOT.jar:?]
	at org.apache.hadoop.ozone.protocolPB.OzoneManagerRequestHandler.handleReadRequest(OzoneManagerRequestHandler.java:172) ~[ozone-manager-1.3.0-SNAPSHOT.jar:?]
	at org.apache.hadoop.ozone.protocolPB.OzoneManagerProtocolServerSideTranslatorPB.submitRequestDirectlyToOM(OzoneManagerProtocolServerSideTranslatorPB.java:276) ~[ozone-manager-1.3.0-SNAPSHOT.jar:?]
	at org.apache.hadoop.ozone.protocolPB.OzoneManagerProtocolServerSideTranslatorPB.processRequest(OzoneManagerProtocolServerSideTranslatorPB.java:205) ~[ozone-manager-1.3.0-SNAPSHOT.jar:?]
	at org.apache.hadoop.hdds.server.OzoneProtocolMessageDispatcher.processRequest(OzoneProtocolMessageDispatcher.java:87) [hdds-server-framework-1.3.0-SNAPSHOT.jar:?]
	at org.apache.hadoop.ozone.protocolPB.OzoneManagerProtocolServerSideTranslatorPB.submitRequest(OzoneManagerProtocolServerSideTranslatorPB.java:147) [ozone-manager-1.3.0-SNAPSHOT.jar:?]
	at org.apache.hadoop.ozone.protocol.proto.OzoneManagerProtocolProtos$OzoneManagerService$2.callBlockingMethod(OzoneManagerProtocolProtos.java) [ozone-interface-client-1.3.0-SNAPSHOT.jar:?]
	at org.apache.hadoop.ipc.ProtobufRpcEngine$Server.processCall(ProtobufRpcEngine.java:466) [hadoop-common-3.3.1.jar:?]
	at org.apache.hadoop.ipc.ProtobufRpcEngine2$Server$ProtoBufRpcInvoker.call(ProtobufRpcEngine2.java:574) [hadoop-common-3.3.1.jar:?]
	at org.apache.hadoop.ipc.ProtobufRpcEngine2$Server$ProtoBufRpcInvoker.call(ProtobufRpcEngine2.java:552) [hadoop-common-3.3.1.jar:?]
	at org.apache.hadoop.ipc.RPC$Server.call(RPC.java:1093) [hadoop-common-3.3.1.jar:?]
	at org.apache.hadoop.ipc.Server$RpcCall.run(Server.java:1035) [hadoop-common-3.3.1.jar:?]
	at org.apache.hadoop.ipc.Server$RpcCall.run(Server.java:963) [hadoop-common-3.3.1.jar:?]
	at java.security.AccessController.doPrivileged(Native Method) ~[?:1.8.0_332]
	at javax.security.auth.Subject.doAs(Subject.java:422) [?:1.8.0_332]
	at org.apache.hadoop.security.UserGroupInformation.doAs(UserGroupInformation.java:1878) [hadoop-common-3.3.1.jar:?]
	at org.apache.hadoop.ipc.Server$Handler.run(Server.java:2966) [hadoop-common-3.3.1.jar:?]
2022-07-12 23:25:42,703 [Time-limited test] INFO  rpc.RpcClient (RpcClient.java:createVolume(466)) - Creating Volume: volume-39271, with runner as owner and space quota set to -1 bytes, counts quota set to -1
2022-07-12 23:25:42,703 [IPC Server handler 2 on default port 46473] INFO  volume.OMVolumeCreateRequest (OMVolumeCreateRequest.java:validateAndUpdateCache(195)) - created volume:volume-39271 for user:runner
2022-07-12 23:25:42,713 [Time-limited test] INFO  rpc.RpcClient (RpcClient.java:createBucket(669)) - Creating Bucket: volume-39271/bucket3, with bucket layout LEGACY, runner as owner, Versioning false, Storage Type set to DISK and Encryption set to false 
2022-07-12 23:25:42,713 [IPC Server handler 15 on default port 46473] INFO  bucket.OMBucketCreateRequest (OMBucketCreateRequest.java:validateAndUpdateCache(260)) - created bucket: bucket3 of layout LEGACY in volume: volume-39271
23:25:42.739 [IPC Server handler 18 on default port 46473] ERROR OMAudit - user=runner | ip=127.0.0.1 | op=READ_VOLUME {volume=volume-39271} | ret=FAILURE
org.apache.hadoop.ozone.om.exceptions.OMException: Volume volume-39271 is not found
	at org.apache.hadoop.ozone.om.VolumeManagerImpl.getVolumeInfo(VolumeManagerImpl.java:74) ~[ozone-manager-1.3.0-SNAPSHOT.jar:?]
	at org.apache.hadoop.ozone.om.OzoneManager.getVolumeInfo(OzoneManager.java:2602) ~[ozone-manager-1.3.0-SNAPSHOT.jar:?]
	at org.apache.hadoop.ozone.protocolPB.OzoneManagerRequestHandler.infoVolume(OzoneManagerRequestHandler.java:390) ~[ozone-manager-1.3.0-SNAPSHOT.jar:?]
	at org.apache.hadoop.ozone.protocolPB.OzoneManagerRequestHandler.handleReadRequest(OzoneManagerRequestHandler.java:162) ~[ozone-manager-1.3.0-SNAPSHOT.jar:?]
	at org.apache.hadoop.ozone.protocolPB.OzoneManagerProtocolServerSideTranslatorPB.submitRequestDirectlyToOM(OzoneManagerProtocolServerSideTranslatorPB.java:276) ~[ozone-manager-1.3.0-SNAPSHOT.jar:?]
	at org.apache.hadoop.ozone.protocolPB.OzoneManagerProtocolServerSideTranslatorPB.processRequest(OzoneManagerProtocolServerSideTranslatorPB.java:205) ~[ozone-manager-1.3.0-SNAPSHOT.jar:?]
	at org.apache.hadoop.hdds.server.OzoneProtocolMessageDispatcher.processRequest(OzoneProtocolMessageDispatcher.java:87) [hdds-server-framework-1.3.0-SNAPSHOT.jar:?]
	at org.apache.hadoop.ozone.protocolPB.OzoneManagerProtocolServerSideTranslatorPB.submitRequest(OzoneManagerProtocolServerSideTranslatorPB.java:147) [ozone-manager-1.3.0-SNAPSHOT.jar:?]
	at org.apache.hadoop.ozone.protocol.proto.OzoneManagerProtocolProtos$OzoneManagerService$2.callBlockingMethod(OzoneManagerProtocolProtos.java) [ozone-interface-client-1.3.0-SNAPSHOT.jar:?]
	at org.apache.hadoop.ipc.ProtobufRpcEngine$Server.processCall(ProtobufRpcEngine.java:466) [hadoop-common-3.3.1.jar:?]
	at org.apache.hadoop.ipc.ProtobufRpcEngine2$Server$ProtoBufRpcInvoker.call(ProtobufRpcEngine2.java:574) [hadoop-common-3.3.1.jar:?]
	at org.apache.hadoop.ipc.ProtobufRpcEngine2$Server$ProtoBufRpcInvoker.call(ProtobufRpcEngine2.java:552) [hadoop-common-3.3.1.jar:?]
	at org.apache.hadoop.ipc.RPC$Server.call(RPC.java:1093) [hadoop-common-3.3.1.jar:?]
	at org.apache.hadoop.ipc.Server$RpcCall.run(Server.java:1035) [hadoop-common-3.3.1.jar:?]
	at org.apache.hadoop.ipc.Server$RpcCall.run(Server.java:963) [hadoop-common-3.3.1.jar:?]
	at java.security.AccessController.doPrivileged(Native Method) ~[?:1.8.0_332]
	at javax.security.auth.Subject.doAs(Subject.java:422) [?:1.8.0_332]
	at org.apache.hadoop.security.UserGroupInformation.doAs(UserGroupInformation.java:1878) [hadoop-common-3.3.1.jar:?]
	at org.apache.hadoop.ipc.Server$Handler.run(Server.java:2966) [hadoop-common-3.3.1.jar:?]
]]></system-out>
  </testcase>
  <testcase name="testRenameToParentDir" classname="TestRootedOzoneFileSystem" time="0.118">
    <system-out><![CDATA[2022-07-12 23:20:26,056 [Time-limited test] INFO  rpc.RpcClient (RpcClient.java:createVolume(466)) - Creating Volume: volume91887, with user69668 as owner and space quota set to -1 bytes, counts quota set to -1
2022-07-12 23:20:26,061 [OM StateMachine ApplyTransaction Thread - 0] INFO  volume.OMVolumeCreateRequest (OMVolumeCreateRequest.java:validateAndUpdateCache(195)) - created volume:volume91887 for user:user69668
2022-07-12 23:20:26,063 [Time-limited test] INFO  rpc.RpcClient (RpcClient.java:createBucket(669)) - Creating Bucket: volume91887/bucket30295, with bucket layout LEGACY, runner as owner, Versioning false, Storage Type set to DISK and Encryption set to false 
2022-07-12 23:20:26,065 [OM StateMachine ApplyTransaction Thread - 0] INFO  bucket.OMBucketCreateRequest (OMBucketCreateRequest.java:validateAndUpdateCache(260)) - created bucket: bucket30295 of layout LEGACY in volume: volume91887
23:20:26.089 [IPC Server handler 8 on default port 35283] ERROR OMAudit - user=runner | ip=127.0.0.1 | op=LIST_STATUS {volume=volume91887, bucket=bucket30295, key=root_dir/dir2, dataSize=0, replicationConfig=null} | ret=FAILURE
org.apache.hadoop.ozone.om.exceptions.OMException: Unable to get file status: volume: volume91887 bucket: bucket30295 key: root_dir/dir2
	at org.apache.hadoop.ozone.om.KeyManagerImpl.getOzoneFileStatus(KeyManagerImpl.java:1311) ~[ozone-manager-1.3.0-SNAPSHOT.jar:?]
	at org.apache.hadoop.ozone.om.KeyManagerImpl.getFileStatus(KeyManagerImpl.java:1241) ~[ozone-manager-1.3.0-SNAPSHOT.jar:?]
	at org.apache.hadoop.ozone.om.KeyManagerImpl.listStatus(KeyManagerImpl.java:1565) ~[ozone-manager-1.3.0-SNAPSHOT.jar:?]
	at org.apache.hadoop.ozone.om.OzoneManager.listStatus(OzoneManager.java:3497) ~[ozone-manager-1.3.0-SNAPSHOT.jar:?]
	at org.apache.hadoop.ozone.protocolPB.OzoneManagerRequestHandler.listStatus(OzoneManagerRequestHandler.java:1028) ~[ozone-manager-1.3.0-SNAPSHOT.jar:?]
	at org.apache.hadoop.ozone.protocolPB.OzoneManagerRequestHandler.handleReadRequest(OzoneManagerRequestHandler.java:228) ~[ozone-manager-1.3.0-SNAPSHOT.jar:?]
	at org.apache.hadoop.ozone.protocolPB.OzoneManagerProtocolServerSideTranslatorPB.submitReadRequestToOM(OzoneManagerProtocolServerSideTranslatorPB.java:226) ~[ozone-manager-1.3.0-SNAPSHOT.jar:?]
	at org.apache.hadoop.ozone.protocolPB.OzoneManagerProtocolServerSideTranslatorPB.processRequest(OzoneManagerProtocolServerSideTranslatorPB.java:175) ~[ozone-manager-1.3.0-SNAPSHOT.jar:?]
	at org.apache.hadoop.hdds.server.OzoneProtocolMessageDispatcher.processRequest(OzoneProtocolMessageDispatcher.java:87) [hdds-server-framework-1.3.0-SNAPSHOT.jar:?]
	at org.apache.hadoop.ozone.protocolPB.OzoneManagerProtocolServerSideTranslatorPB.submitRequest(OzoneManagerProtocolServerSideTranslatorPB.java:147) [ozone-manager-1.3.0-SNAPSHOT.jar:?]
	at org.apache.hadoop.ozone.protocol.proto.OzoneManagerProtocolProtos$OzoneManagerService$2.callBlockingMethod(OzoneManagerProtocolProtos.java) [ozone-interface-client-1.3.0-SNAPSHOT.jar:?]
	at org.apache.hadoop.ipc.ProtobufRpcEngine$Server.processCall(ProtobufRpcEngine.java:466) [hadoop-common-3.3.1.jar:?]
	at org.apache.hadoop.ipc.ProtobufRpcEngine2$Server$ProtoBufRpcInvoker.call(ProtobufRpcEngine2.java:574) [hadoop-common-3.3.1.jar:?]
	at org.apache.hadoop.ipc.ProtobufRpcEngine2$Server$ProtoBufRpcInvoker.call(ProtobufRpcEngine2.java:552) [hadoop-common-3.3.1.jar:?]
	at org.apache.hadoop.ipc.RPC$Server.call(RPC.java:1093) [hadoop-common-3.3.1.jar:?]
	at org.apache.hadoop.ipc.Server$RpcCall.run(Server.java:1035) [hadoop-common-3.3.1.jar:?]
	at org.apache.hadoop.ipc.Server$RpcCall.run(Server.java:963) [hadoop-common-3.3.1.jar:?]
	at java.security.AccessController.doPrivileged(Native Method) ~[?:1.8.0_332]
	at javax.security.auth.Subject.doAs(Subject.java:422) [?:1.8.0_332]
	at org.apache.hadoop.security.UserGroupInformation.doAs(UserGroupInformation.java:1878) [hadoop-common-3.3.1.jar:?]
	at org.apache.hadoop.ipc.Server$Handler.run(Server.java:2966) [hadoop-common-3.3.1.jar:?]
23:20:26.108 [IPC Server handler 11 on default port 35283] ERROR OMAudit - user=runner | ip=127.0.0.1 | op=LIST_STATUS {volume=volume91887, bucket=bucket30295, key=root_dir/file2, dataSize=0, replicationConfig=null} | ret=FAILURE
org.apache.hadoop.ozone.om.exceptions.OMException: Unable to get file status: volume: volume91887 bucket: bucket30295 key: root_dir/file2
	at org.apache.hadoop.ozone.om.KeyManagerImpl.getOzoneFileStatus(KeyManagerImpl.java:1311) ~[ozone-manager-1.3.0-SNAPSHOT.jar:?]
	at org.apache.hadoop.ozone.om.KeyManagerImpl.getFileStatus(KeyManagerImpl.java:1241) ~[ozone-manager-1.3.0-SNAPSHOT.jar:?]
	at org.apache.hadoop.ozone.om.KeyManagerImpl.listStatus(KeyManagerImpl.java:1565) ~[ozone-manager-1.3.0-SNAPSHOT.jar:?]
	at org.apache.hadoop.ozone.om.OzoneManager.listStatus(OzoneManager.java:3497) ~[ozone-manager-1.3.0-SNAPSHOT.jar:?]
	at org.apache.hadoop.ozone.protocolPB.OzoneManagerRequestHandler.listStatus(OzoneManagerRequestHandler.java:1028) ~[ozone-manager-1.3.0-SNAPSHOT.jar:?]
	at org.apache.hadoop.ozone.protocolPB.OzoneManagerRequestHandler.handleReadRequest(OzoneManagerRequestHandler.java:228) ~[ozone-manager-1.3.0-SNAPSHOT.jar:?]
	at org.apache.hadoop.ozone.protocolPB.OzoneManagerProtocolServerSideTranslatorPB.submitReadRequestToOM(OzoneManagerProtocolServerSideTranslatorPB.java:226) ~[ozone-manager-1.3.0-SNAPSHOT.jar:?]
	at org.apache.hadoop.ozone.protocolPB.OzoneManagerProtocolServerSideTranslatorPB.processRequest(OzoneManagerProtocolServerSideTranslatorPB.java:175) ~[ozone-manager-1.3.0-SNAPSHOT.jar:?]
	at org.apache.hadoop.hdds.server.OzoneProtocolMessageDispatcher.processRequest(OzoneProtocolMessageDispatcher.java:87) [hdds-server-framework-1.3.0-SNAPSHOT.jar:?]
	at org.apache.hadoop.ozone.protocolPB.OzoneManagerProtocolServerSideTranslatorPB.submitRequest(OzoneManagerProtocolServerSideTranslatorPB.java:147) [ozone-manager-1.3.0-SNAPSHOT.jar:?]
	at org.apache.hadoop.ozone.protocol.proto.OzoneManagerProtocolProtos$OzoneManagerService$2.callBlockingMethod(OzoneManagerProtocolProtos.java) [ozone-interface-client-1.3.0-SNAPSHOT.jar:?]
	at org.apache.hadoop.ipc.ProtobufRpcEngine$Server.processCall(ProtobufRpcEngine.java:466) [hadoop-common-3.3.1.jar:?]
	at org.apache.hadoop.ipc.ProtobufRpcEngine2$Server$ProtoBufRpcInvoker.call(ProtobufRpcEngine2.java:574) [hadoop-common-3.3.1.jar:?]
	at org.apache.hadoop.ipc.ProtobufRpcEngine2$Server$ProtoBufRpcInvoker.call(ProtobufRpcEngine2.java:552) [hadoop-common-3.3.1.jar:?]
	at org.apache.hadoop.ipc.RPC$Server.call(RPC.java:1093) [hadoop-common-3.3.1.jar:?]
	at org.apache.hadoop.ipc.Server$RpcCall.run(Server.java:1035) [hadoop-common-3.3.1.jar:?]
	at org.apache.hadoop.ipc.Server$RpcCall.run(Server.java:963) [hadoop-common-3.3.1.jar:?]
	at java.security.AccessController.doPrivileged(Native Method) ~[?:1.8.0_332]
	at javax.security.auth.Subject.doAs(Subject.java:422) [?:1.8.0_332]
	at org.apache.hadoop.security.UserGroupInformation.doAs(UserGroupInformation.java:1878) [hadoop-common-3.3.1.jar:?]
	at org.apache.hadoop.ipc.Server$Handler.run(Server.java:2966) [hadoop-common-3.3.1.jar:?]
23:20:26.121 [IPC Server handler 0 on default port 35283] ERROR OMAudit - user=runner | ip=127.0.0.1 | op=GET_FILE_STATUS {volume=volume91887, bucket=bucket30295, key=root_dir/dir1/file2, dataSize=0, replicationConfig=null} | ret=FAILURE
org.apache.hadoop.ozone.om.exceptions.OMException: Unable to get file status: volume: volume91887 bucket: bucket30295 key: root_dir/dir1/file2
	at org.apache.hadoop.ozone.om.KeyManagerImpl.getOzoneFileStatus(KeyManagerImpl.java:1311) ~[ozone-manager-1.3.0-SNAPSHOT.jar:?]
	at org.apache.hadoop.ozone.om.KeyManagerImpl.getFileStatus(KeyManagerImpl.java:1241) ~[ozone-manager-1.3.0-SNAPSHOT.jar:?]
	at org.apache.hadoop.ozone.om.OzoneManager.getFileStatus(OzoneManager.java:3419) ~[ozone-manager-1.3.0-SNAPSHOT.jar:?]
	at org.apache.hadoop.ozone.protocolPB.OzoneManagerRequestHandler.getOzoneFileStatus(OzoneManagerRequestHandler.java:871) ~[ozone-manager-1.3.0-SNAPSHOT.jar:?]
	at org.apache.hadoop.ozone.protocolPB.OzoneManagerRequestHandler.handleReadRequest(OzoneManagerRequestHandler.java:217) ~[ozone-manager-1.3.0-SNAPSHOT.jar:?]
	at org.apache.hadoop.ozone.protocolPB.OzoneManagerProtocolServerSideTranslatorPB.submitReadRequestToOM(OzoneManagerProtocolServerSideTranslatorPB.java:226) ~[ozone-manager-1.3.0-SNAPSHOT.jar:?]
	at org.apache.hadoop.ozone.protocolPB.OzoneManagerProtocolServerSideTranslatorPB.processRequest(OzoneManagerProtocolServerSideTranslatorPB.java:175) ~[ozone-manager-1.3.0-SNAPSHOT.jar:?]
	at org.apache.hadoop.hdds.server.OzoneProtocolMessageDispatcher.processRequest(OzoneProtocolMessageDispatcher.java:87) [hdds-server-framework-1.3.0-SNAPSHOT.jar:?]
	at org.apache.hadoop.ozone.protocolPB.OzoneManagerProtocolServerSideTranslatorPB.submitRequest(OzoneManagerProtocolServerSideTranslatorPB.java:147) [ozone-manager-1.3.0-SNAPSHOT.jar:?]
	at org.apache.hadoop.ozone.protocol.proto.OzoneManagerProtocolProtos$OzoneManagerService$2.callBlockingMethod(OzoneManagerProtocolProtos.java) [ozone-interface-client-1.3.0-SNAPSHOT.jar:?]
	at org.apache.hadoop.ipc.ProtobufRpcEngine$Server.processCall(ProtobufRpcEngine.java:466) [hadoop-common-3.3.1.jar:?]
	at org.apache.hadoop.ipc.ProtobufRpcEngine2$Server$ProtoBufRpcInvoker.call(ProtobufRpcEngine2.java:574) [hadoop-common-3.3.1.jar:?]
	at org.apache.hadoop.ipc.ProtobufRpcEngine2$Server$ProtoBufRpcInvoker.call(ProtobufRpcEngine2.java:552) [hadoop-common-3.3.1.jar:?]
	at org.apache.hadoop.ipc.RPC$Server.call(RPC.java:1093) [hadoop-common-3.3.1.jar:?]
	at org.apache.hadoop.ipc.Server$RpcCall.run(Server.java:1035) [hadoop-common-3.3.1.jar:?]
	at org.apache.hadoop.ipc.Server$RpcCall.run(Server.java:963) [hadoop-common-3.3.1.jar:?]
	at java.security.AccessController.doPrivileged(Native Method) ~[?:1.8.0_332]
	at javax.security.auth.Subject.doAs(Subject.java:422) [?:1.8.0_332]
	at org.apache.hadoop.security.UserGroupInformation.doAs(UserGroupInformation.java:1878) [hadoop-common-3.3.1.jar:?]
	at org.apache.hadoop.ipc.Server$Handler.run(Server.java:2966) [hadoop-common-3.3.1.jar:?]
2022-07-12 23:20:26,122 [Time-limited test] WARN  ozone.BasicRootedOzoneFileSystem (BasicRootedOzoneFileSystem.java:delete(572)) - delete: Path does not exist: /volume91887/bucket30295/root_dir/dir1/file2
23:20:26.123 [IPC Server handler 2 on default port 35283] ERROR OMAudit - user=runner | ip=127.0.0.1 | op=GET_FILE_STATUS {volume=volume91887, bucket=bucket30295, key=root_dir/dir1/dir2, dataSize=0, replicationConfig=null} | ret=FAILURE
org.apache.hadoop.ozone.om.exceptions.OMException: Unable to get file status: volume: volume91887 bucket: bucket30295 key: root_dir/dir1/dir2
	at org.apache.hadoop.ozone.om.KeyManagerImpl.getOzoneFileStatus(KeyManagerImpl.java:1311) ~[ozone-manager-1.3.0-SNAPSHOT.jar:?]
	at org.apache.hadoop.ozone.om.KeyManagerImpl.getFileStatus(KeyManagerImpl.java:1241) ~[ozone-manager-1.3.0-SNAPSHOT.jar:?]
	at org.apache.hadoop.ozone.om.OzoneManager.getFileStatus(OzoneManager.java:3419) ~[ozone-manager-1.3.0-SNAPSHOT.jar:?]
	at org.apache.hadoop.ozone.protocolPB.OzoneManagerRequestHandler.getOzoneFileStatus(OzoneManagerRequestHandler.java:871) ~[ozone-manager-1.3.0-SNAPSHOT.jar:?]
	at org.apache.hadoop.ozone.protocolPB.OzoneManagerRequestHandler.handleReadRequest(OzoneManagerRequestHandler.java:217) ~[ozone-manager-1.3.0-SNAPSHOT.jar:?]
	at org.apache.hadoop.ozone.protocolPB.OzoneManagerProtocolServerSideTranslatorPB.submitReadRequestToOM(OzoneManagerProtocolServerSideTranslatorPB.java:226) ~[ozone-manager-1.3.0-SNAPSHOT.jar:?]
	at org.apache.hadoop.ozone.protocolPB.OzoneManagerProtocolServerSideTranslatorPB.processRequest(OzoneManagerProtocolServerSideTranslatorPB.java:175) ~[ozone-manager-1.3.0-SNAPSHOT.jar:?]
	at org.apache.hadoop.hdds.server.OzoneProtocolMessageDispatcher.processRequest(OzoneProtocolMessageDispatcher.java:87) [hdds-server-framework-1.3.0-SNAPSHOT.jar:?]
	at org.apache.hadoop.ozone.protocolPB.OzoneManagerProtocolServerSideTranslatorPB.submitRequest(OzoneManagerProtocolServerSideTranslatorPB.java:147) [ozone-manager-1.3.0-SNAPSHOT.jar:?]
	at org.apache.hadoop.ozone.protocol.proto.OzoneManagerProtocolProtos$OzoneManagerService$2.callBlockingMethod(OzoneManagerProtocolProtos.java) [ozone-interface-client-1.3.0-SNAPSHOT.jar:?]
	at org.apache.hadoop.ipc.ProtobufRpcEngine$Server.processCall(ProtobufRpcEngine.java:466) [hadoop-common-3.3.1.jar:?]
	at org.apache.hadoop.ipc.ProtobufRpcEngine2$Server$ProtoBufRpcInvoker.call(ProtobufRpcEngine2.java:574) [hadoop-common-3.3.1.jar:?]
	at org.apache.hadoop.ipc.ProtobufRpcEngine2$Server$ProtoBufRpcInvoker.call(ProtobufRpcEngine2.java:552) [hadoop-common-3.3.1.jar:?]
	at org.apache.hadoop.ipc.RPC$Server.call(RPC.java:1093) [hadoop-common-3.3.1.jar:?]
	at org.apache.hadoop.ipc.Server$RpcCall.run(Server.java:1035) [hadoop-common-3.3.1.jar:?]
	at org.apache.hadoop.ipc.Server$RpcCall.run(Server.java:963) [hadoop-common-3.3.1.jar:?]
	at java.security.AccessController.doPrivileged(Native Method) ~[?:1.8.0_332]
	at javax.security.auth.Subject.doAs(Subject.java:422) [?:1.8.0_332]
	at org.apache.hadoop.security.UserGroupInformation.doAs(UserGroupInformation.java:1878) [hadoop-common-3.3.1.jar:?]
	at org.apache.hadoop.ipc.Server$Handler.run(Server.java:2966) [hadoop-common-3.3.1.jar:?]
2022-07-12 23:20:26,124 [Time-limited test] WARN  ozone.BasicRootedOzoneFileSystem (BasicRootedOzoneFileSystem.java:delete(572)) - delete: Path does not exist: /volume91887/bucket30295/root_dir/dir1/dir2
]]></system-out>
  </testcase>
  <testcase name="testRenameToParentDir" classname="TestRootedOzoneFileSystem" time="0.111">
    <system-out><![CDATA[2022-07-12 23:21:38,572 [Time-limited test] INFO  rpc.RpcClient (RpcClient.java:createVolume(466)) - Creating Volume: volume81869, with user16824 as owner and space quota set to -1 bytes, counts quota set to -1
2022-07-12 23:21:38,579 [OM StateMachine ApplyTransaction Thread - 0] INFO  volume.OMVolumeCreateRequest (OMVolumeCreateRequest.java:validateAndUpdateCache(195)) - created volume:volume81869 for user:user16824
2022-07-12 23:21:38,580 [Time-limited test] INFO  rpc.RpcClient (RpcClient.java:createBucket(669)) - Creating Bucket: volume81869/bucket88427, with bucket layout LEGACY, runner as owner, Versioning false, Storage Type set to DISK and Encryption set to false 
2022-07-12 23:21:38,581 [OM StateMachine ApplyTransaction Thread - 0] INFO  bucket.OMBucketCreateRequest (OMBucketCreateRequest.java:validateAndUpdateCache(260)) - created bucket: bucket88427 of layout LEGACY in volume: volume81869
23:21:38.594 [IPC Server handler 13 on default port 33951] ERROR OMAudit - user=runner | ip=127.0.0.1 | op=LIST_STATUS {volume=volume81869, bucket=bucket88427, key=root_dir/dir2, dataSize=0, replicationConfig=null} | ret=FAILURE
org.apache.hadoop.ozone.om.exceptions.OMException: Unable to get file status: volume: volume81869 bucket: bucket88427 key: root_dir/dir2
	at org.apache.hadoop.ozone.om.KeyManagerImpl.getOzoneFileStatus(KeyManagerImpl.java:1311) ~[ozone-manager-1.3.0-SNAPSHOT.jar:?]
	at org.apache.hadoop.ozone.om.KeyManagerImpl.getFileStatus(KeyManagerImpl.java:1241) ~[ozone-manager-1.3.0-SNAPSHOT.jar:?]
	at org.apache.hadoop.ozone.om.KeyManagerImpl.listStatus(KeyManagerImpl.java:1565) ~[ozone-manager-1.3.0-SNAPSHOT.jar:?]
	at org.apache.hadoop.ozone.om.OzoneManager.listStatus(OzoneManager.java:3497) ~[ozone-manager-1.3.0-SNAPSHOT.jar:?]
	at org.apache.hadoop.ozone.protocolPB.OzoneManagerRequestHandler.listStatus(OzoneManagerRequestHandler.java:1028) ~[ozone-manager-1.3.0-SNAPSHOT.jar:?]
	at org.apache.hadoop.ozone.protocolPB.OzoneManagerRequestHandler.handleReadRequest(OzoneManagerRequestHandler.java:228) ~[ozone-manager-1.3.0-SNAPSHOT.jar:?]
	at org.apache.hadoop.ozone.protocolPB.OzoneManagerProtocolServerSideTranslatorPB.submitReadRequestToOM(OzoneManagerProtocolServerSideTranslatorPB.java:226) ~[ozone-manager-1.3.0-SNAPSHOT.jar:?]
	at org.apache.hadoop.ozone.protocolPB.OzoneManagerProtocolServerSideTranslatorPB.processRequest(OzoneManagerProtocolServerSideTranslatorPB.java:175) ~[ozone-manager-1.3.0-SNAPSHOT.jar:?]
	at org.apache.hadoop.hdds.server.OzoneProtocolMessageDispatcher.processRequest(OzoneProtocolMessageDispatcher.java:87) [hdds-server-framework-1.3.0-SNAPSHOT.jar:?]
	at org.apache.hadoop.ozone.protocolPB.OzoneManagerProtocolServerSideTranslatorPB.submitRequest(OzoneManagerProtocolServerSideTranslatorPB.java:147) [ozone-manager-1.3.0-SNAPSHOT.jar:?]
	at org.apache.hadoop.ozone.protocol.proto.OzoneManagerProtocolProtos$OzoneManagerService$2.callBlockingMethod(OzoneManagerProtocolProtos.java) [ozone-interface-client-1.3.0-SNAPSHOT.jar:?]
	at org.apache.hadoop.ipc.ProtobufRpcEngine$Server.processCall(ProtobufRpcEngine.java:466) [hadoop-common-3.3.1.jar:?]
	at org.apache.hadoop.ipc.ProtobufRpcEngine2$Server$ProtoBufRpcInvoker.call(ProtobufRpcEngine2.java:574) [hadoop-common-3.3.1.jar:?]
	at org.apache.hadoop.ipc.ProtobufRpcEngine2$Server$ProtoBufRpcInvoker.call(ProtobufRpcEngine2.java:552) [hadoop-common-3.3.1.jar:?]
	at org.apache.hadoop.ipc.RPC$Server.call(RPC.java:1093) [hadoop-common-3.3.1.jar:?]
	at org.apache.hadoop.ipc.Server$RpcCall.run(Server.java:1035) [hadoop-common-3.3.1.jar:?]
	at org.apache.hadoop.ipc.Server$RpcCall.run(Server.java:963) [hadoop-common-3.3.1.jar:?]
	at java.security.AccessController.doPrivileged(Native Method) ~[?:1.8.0_332]
	at javax.security.auth.Subject.doAs(Subject.java:422) [?:1.8.0_332]
	at org.apache.hadoop.security.UserGroupInformation.doAs(UserGroupInformation.java:1878) [hadoop-common-3.3.1.jar:?]
	at org.apache.hadoop.ipc.Server$Handler.run(Server.java:2966) [hadoop-common-3.3.1.jar:?]
23:21:38.603 [IPC Server handler 15 on default port 33951] ERROR OMAudit - user=runner | ip=127.0.0.1 | op=LIST_STATUS {volume=volume81869, bucket=bucket88427, key=root_dir/file2, dataSize=0, replicationConfig=null} | ret=FAILURE
org.apache.hadoop.ozone.om.exceptions.OMException: Unable to get file status: volume: volume81869 bucket: bucket88427 key: root_dir/file2
	at org.apache.hadoop.ozone.om.KeyManagerImpl.getOzoneFileStatus(KeyManagerImpl.java:1311) ~[ozone-manager-1.3.0-SNAPSHOT.jar:?]
	at org.apache.hadoop.ozone.om.KeyManagerImpl.getFileStatus(KeyManagerImpl.java:1241) ~[ozone-manager-1.3.0-SNAPSHOT.jar:?]
	at org.apache.hadoop.ozone.om.KeyManagerImpl.listStatus(KeyManagerImpl.java:1565) ~[ozone-manager-1.3.0-SNAPSHOT.jar:?]
	at org.apache.hadoop.ozone.om.OzoneManager.listStatus(OzoneManager.java:3497) ~[ozone-manager-1.3.0-SNAPSHOT.jar:?]
	at org.apache.hadoop.ozone.protocolPB.OzoneManagerRequestHandler.listStatus(OzoneManagerRequestHandler.java:1028) ~[ozone-manager-1.3.0-SNAPSHOT.jar:?]
	at org.apache.hadoop.ozone.protocolPB.OzoneManagerRequestHandler.handleReadRequest(OzoneManagerRequestHandler.java:228) ~[ozone-manager-1.3.0-SNAPSHOT.jar:?]
	at org.apache.hadoop.ozone.protocolPB.OzoneManagerProtocolServerSideTranslatorPB.submitReadRequestToOM(OzoneManagerProtocolServerSideTranslatorPB.java:226) ~[ozone-manager-1.3.0-SNAPSHOT.jar:?]
	at org.apache.hadoop.ozone.protocolPB.OzoneManagerProtocolServerSideTranslatorPB.processRequest(OzoneManagerProtocolServerSideTranslatorPB.java:175) ~[ozone-manager-1.3.0-SNAPSHOT.jar:?]
	at org.apache.hadoop.hdds.server.OzoneProtocolMessageDispatcher.processRequest(OzoneProtocolMessageDispatcher.java:87) [hdds-server-framework-1.3.0-SNAPSHOT.jar:?]
	at org.apache.hadoop.ozone.protocolPB.OzoneManagerProtocolServerSideTranslatorPB.submitRequest(OzoneManagerProtocolServerSideTranslatorPB.java:147) [ozone-manager-1.3.0-SNAPSHOT.jar:?]
	at org.apache.hadoop.ozone.protocol.proto.OzoneManagerProtocolProtos$OzoneManagerService$2.callBlockingMethod(OzoneManagerProtocolProtos.java) [ozone-interface-client-1.3.0-SNAPSHOT.jar:?]
	at org.apache.hadoop.ipc.ProtobufRpcEngine$Server.processCall(ProtobufRpcEngine.java:466) [hadoop-common-3.3.1.jar:?]
	at org.apache.hadoop.ipc.ProtobufRpcEngine2$Server$ProtoBufRpcInvoker.call(ProtobufRpcEngine2.java:574) [hadoop-common-3.3.1.jar:?]
	at org.apache.hadoop.ipc.ProtobufRpcEngine2$Server$ProtoBufRpcInvoker.call(ProtobufRpcEngine2.java:552) [hadoop-common-3.3.1.jar:?]
	at org.apache.hadoop.ipc.RPC$Server.call(RPC.java:1093) [hadoop-common-3.3.1.jar:?]
	at org.apache.hadoop.ipc.Server$RpcCall.run(Server.java:1035) [hadoop-common-3.3.1.jar:?]
	at org.apache.hadoop.ipc.Server$RpcCall.run(Server.java:963) [hadoop-common-3.3.1.jar:?]
	at java.security.AccessController.doPrivileged(Native Method) ~[?:1.8.0_332]
	at javax.security.auth.Subject.doAs(Subject.java:422) [?:1.8.0_332]
	at org.apache.hadoop.security.UserGroupInformation.doAs(UserGroupInformation.java:1878) [hadoop-common-3.3.1.jar:?]
	at org.apache.hadoop.ipc.Server$Handler.run(Server.java:2966) [hadoop-common-3.3.1.jar:?]
23:21:38.610 [IPC Server handler 5 on default port 33951] ERROR OMAudit - user=runner | ip=127.0.0.1 | op=GET_FILE_STATUS {volume=volume81869, bucket=bucket88427, key=root_dir/dir1/file2, dataSize=0, replicationConfig=null} | ret=FAILURE
org.apache.hadoop.ozone.om.exceptions.OMException: Unable to get file status: volume: volume81869 bucket: bucket88427 key: root_dir/dir1/file2
	at org.apache.hadoop.ozone.om.KeyManagerImpl.getOzoneFileStatus(KeyManagerImpl.java:1311) ~[ozone-manager-1.3.0-SNAPSHOT.jar:?]
	at org.apache.hadoop.ozone.om.KeyManagerImpl.getFileStatus(KeyManagerImpl.java:1241) ~[ozone-manager-1.3.0-SNAPSHOT.jar:?]
	at org.apache.hadoop.ozone.om.OzoneManager.getFileStatus(OzoneManager.java:3419) ~[ozone-manager-1.3.0-SNAPSHOT.jar:?]
	at org.apache.hadoop.ozone.protocolPB.OzoneManagerRequestHandler.getOzoneFileStatus(OzoneManagerRequestHandler.java:871) ~[ozone-manager-1.3.0-SNAPSHOT.jar:?]
	at org.apache.hadoop.ozone.protocolPB.OzoneManagerRequestHandler.handleReadRequest(OzoneManagerRequestHandler.java:217) ~[ozone-manager-1.3.0-SNAPSHOT.jar:?]
	at org.apache.hadoop.ozone.protocolPB.OzoneManagerProtocolServerSideTranslatorPB.submitReadRequestToOM(OzoneManagerProtocolServerSideTranslatorPB.java:226) ~[ozone-manager-1.3.0-SNAPSHOT.jar:?]
	at org.apache.hadoop.ozone.protocolPB.OzoneManagerProtocolServerSideTranslatorPB.processRequest(OzoneManagerProtocolServerSideTranslatorPB.java:175) ~[ozone-manager-1.3.0-SNAPSHOT.jar:?]
	at org.apache.hadoop.hdds.server.OzoneProtocolMessageDispatcher.processRequest(OzoneProtocolMessageDispatcher.java:87) [hdds-server-framework-1.3.0-SNAPSHOT.jar:?]
	at org.apache.hadoop.ozone.protocolPB.OzoneManagerProtocolServerSideTranslatorPB.submitRequest(OzoneManagerProtocolServerSideTranslatorPB.java:147) [ozone-manager-1.3.0-SNAPSHOT.jar:?]
	at org.apache.hadoop.ozone.protocol.proto.OzoneManagerProtocolProtos$OzoneManagerService$2.callBlockingMethod(OzoneManagerProtocolProtos.java) [ozone-interface-client-1.3.0-SNAPSHOT.jar:?]
	at org.apache.hadoop.ipc.ProtobufRpcEngine$Server.processCall(ProtobufRpcEngine.java:466) [hadoop-common-3.3.1.jar:?]
	at org.apache.hadoop.ipc.ProtobufRpcEngine2$Server$ProtoBufRpcInvoker.call(ProtobufRpcEngine2.java:574) [hadoop-common-3.3.1.jar:?]
	at org.apache.hadoop.ipc.ProtobufRpcEngine2$Server$ProtoBufRpcInvoker.call(ProtobufRpcEngine2.java:552) [hadoop-common-3.3.1.jar:?]
	at org.apache.hadoop.ipc.RPC$Server.call(RPC.java:1093) [hadoop-common-3.3.1.jar:?]
	at org.apache.hadoop.ipc.Server$RpcCall.run(Server.java:1035) [hadoop-common-3.3.1.jar:?]
	at org.apache.hadoop.ipc.Server$RpcCall.run(Server.java:963) [hadoop-common-3.3.1.jar:?]
	at java.security.AccessController.doPrivileged(Native Method) ~[?:1.8.0_332]
	at javax.security.auth.Subject.doAs(Subject.java:422) [?:1.8.0_332]
	at org.apache.hadoop.security.UserGroupInformation.doAs(UserGroupInformation.java:1878) [hadoop-common-3.3.1.jar:?]
	at org.apache.hadoop.ipc.Server$Handler.run(Server.java:2966) [hadoop-common-3.3.1.jar:?]
2022-07-12 23:21:38,611 [Time-limited test] WARN  ozone.BasicRootedOzoneFileSystem (BasicRootedOzoneFileSystem.java:delete(572)) - delete: Path does not exist: /volume81869/bucket88427/root_dir/dir1/file2
23:21:38.612 [IPC Server handler 2 on default port 33951] ERROR OMAudit - user=runner | ip=127.0.0.1 | op=GET_FILE_STATUS {volume=volume81869, bucket=bucket88427, key=root_dir/dir1/dir2, dataSize=0, replicationConfig=null} | ret=FAILURE
org.apache.hadoop.ozone.om.exceptions.OMException: Unable to get file status: volume: volume81869 bucket: bucket88427 key: root_dir/dir1/dir2
	at org.apache.hadoop.ozone.om.KeyManagerImpl.getOzoneFileStatus(KeyManagerImpl.java:1311) ~[ozone-manager-1.3.0-SNAPSHOT.jar:?]
	at org.apache.hadoop.ozone.om.KeyManagerImpl.getFileStatus(KeyManagerImpl.java:1241) ~[ozone-manager-1.3.0-SNAPSHOT.jar:?]
	at org.apache.hadoop.ozone.om.OzoneManager.getFileStatus(OzoneManager.java:3419) ~[ozone-manager-1.3.0-SNAPSHOT.jar:?]
	at org.apache.hadoop.ozone.protocolPB.OzoneManagerRequestHandler.getOzoneFileStatus(OzoneManagerRequestHandler.java:871) ~[ozone-manager-1.3.0-SNAPSHOT.jar:?]
	at org.apache.hadoop.ozone.protocolPB.OzoneManagerRequestHandler.handleReadRequest(OzoneManagerRequestHandler.java:217) ~[ozone-manager-1.3.0-SNAPSHOT.jar:?]
	at org.apache.hadoop.ozone.protocolPB.OzoneManagerProtocolServerSideTranslatorPB.submitReadRequestToOM(OzoneManagerProtocolServerSideTranslatorPB.java:226) ~[ozone-manager-1.3.0-SNAPSHOT.jar:?]
	at org.apache.hadoop.ozone.protocolPB.OzoneManagerProtocolServerSideTranslatorPB.processRequest(OzoneManagerProtocolServerSideTranslatorPB.java:175) ~[ozone-manager-1.3.0-SNAPSHOT.jar:?]
	at org.apache.hadoop.hdds.server.OzoneProtocolMessageDispatcher.processRequest(OzoneProtocolMessageDispatcher.java:87) [hdds-server-framework-1.3.0-SNAPSHOT.jar:?]
	at org.apache.hadoop.ozone.protocolPB.OzoneManagerProtocolServerSideTranslatorPB.submitRequest(OzoneManagerProtocolServerSideTranslatorPB.java:147) [ozone-manager-1.3.0-SNAPSHOT.jar:?]
	at org.apache.hadoop.ozone.protocol.proto.OzoneManagerProtocolProtos$OzoneManagerService$2.callBlockingMethod(OzoneManagerProtocolProtos.java) [ozone-interface-client-1.3.0-SNAPSHOT.jar:?]
	at org.apache.hadoop.ipc.ProtobufRpcEngine$Server.processCall(ProtobufRpcEngine.java:466) [hadoop-common-3.3.1.jar:?]
	at org.apache.hadoop.ipc.ProtobufRpcEngine2$Server$ProtoBufRpcInvoker.call(ProtobufRpcEngine2.java:574) [hadoop-common-3.3.1.jar:?]
	at org.apache.hadoop.ipc.ProtobufRpcEngine2$Server$ProtoBufRpcInvoker.call(ProtobufRpcEngine2.java:552) [hadoop-common-3.3.1.jar:?]
	at org.apache.hadoop.ipc.RPC$Server.call(RPC.java:1093) [hadoop-common-3.3.1.jar:?]
	at org.apache.hadoop.ipc.Server$RpcCall.run(Server.java:1035) [hadoop-common-3.3.1.jar:?]
	at org.apache.hadoop.ipc.Server$RpcCall.run(Server.java:963) [hadoop-common-3.3.1.jar:?]
	at java.security.AccessController.doPrivileged(Native Method) ~[?:1.8.0_332]
	at javax.security.auth.Subject.doAs(Subject.java:422) [?:1.8.0_332]
	at org.apache.hadoop.security.UserGroupInformation.doAs(UserGroupInformation.java:1878) [hadoop-common-3.3.1.jar:?]
	at org.apache.hadoop.ipc.Server$Handler.run(Server.java:2966) [hadoop-common-3.3.1.jar:?]
2022-07-12 23:21:38,612 [Time-limited test] WARN  ozone.BasicRootedOzoneFileSystem (BasicRootedOzoneFileSystem.java:delete(572)) - delete: Path does not exist: /volume81869/bucket88427/root_dir/dir1/dir2
]]></system-out>
  </testcase>
  <testcase name="testRenameToParentDir" classname="TestRootedOzoneFileSystem" time="0.179">
    <system-out><![CDATA[2022-07-12 23:22:55,069 [Time-limited test] INFO  rpc.RpcClient (RpcClient.java:createVolume(466)) - Creating Volume: volume33997, with user56738 as owner and space quota set to -1 bytes, counts quota set to -1
2022-07-12 23:22:55,071 [IPC Server handler 11 on default port 43683] INFO  volume.OMVolumeCreateRequest (OMVolumeCreateRequest.java:validateAndUpdateCache(195)) - created volume:volume33997 for user:user56738
2022-07-12 23:22:55,072 [Time-limited test] INFO  rpc.RpcClient (RpcClient.java:createBucket(669)) - Creating Bucket: volume33997/bucket60624, with bucket layout LEGACY, runner as owner, Versioning false, Storage Type set to DISK and Encryption set to false 
2022-07-12 23:22:55,072 [IPC Server handler 16 on default port 43683] INFO  bucket.OMBucketCreateRequest (OMBucketCreateRequest.java:validateAndUpdateCache(260)) - created bucket: bucket60624 of layout LEGACY in volume: volume33997
23:22:55.082 [IPC Server handler 7 on default port 43683] ERROR OMAudit - user=runner | ip=127.0.0.1 | op=LIST_STATUS {volume=volume33997, bucket=bucket60624, key=root_dir/dir2, dataSize=0, replicationConfig=null} | ret=FAILURE
org.apache.hadoop.ozone.om.exceptions.OMException: Unable to get file status: volume: volume33997 bucket: bucket60624 key: root_dir/dir2
	at org.apache.hadoop.ozone.om.KeyManagerImpl.getOzoneFileStatus(KeyManagerImpl.java:1311) ~[ozone-manager-1.3.0-SNAPSHOT.jar:?]
	at org.apache.hadoop.ozone.om.KeyManagerImpl.getFileStatus(KeyManagerImpl.java:1241) ~[ozone-manager-1.3.0-SNAPSHOT.jar:?]
	at org.apache.hadoop.ozone.om.KeyManagerImpl.listStatus(KeyManagerImpl.java:1565) ~[ozone-manager-1.3.0-SNAPSHOT.jar:?]
	at org.apache.hadoop.ozone.om.OzoneManager.listStatus(OzoneManager.java:3497) ~[ozone-manager-1.3.0-SNAPSHOT.jar:?]
	at org.apache.hadoop.ozone.protocolPB.OzoneManagerRequestHandler.listStatus(OzoneManagerRequestHandler.java:1028) ~[ozone-manager-1.3.0-SNAPSHOT.jar:?]
	at org.apache.hadoop.ozone.protocolPB.OzoneManagerRequestHandler.handleReadRequest(OzoneManagerRequestHandler.java:228) ~[ozone-manager-1.3.0-SNAPSHOT.jar:?]
	at org.apache.hadoop.ozone.protocolPB.OzoneManagerProtocolServerSideTranslatorPB.submitRequestDirectlyToOM(OzoneManagerProtocolServerSideTranslatorPB.java:276) ~[ozone-manager-1.3.0-SNAPSHOT.jar:?]
	at org.apache.hadoop.ozone.protocolPB.OzoneManagerProtocolServerSideTranslatorPB.processRequest(OzoneManagerProtocolServerSideTranslatorPB.java:205) ~[ozone-manager-1.3.0-SNAPSHOT.jar:?]
	at org.apache.hadoop.hdds.server.OzoneProtocolMessageDispatcher.processRequest(OzoneProtocolMessageDispatcher.java:87) [hdds-server-framework-1.3.0-SNAPSHOT.jar:?]
	at org.apache.hadoop.ozone.protocolPB.OzoneManagerProtocolServerSideTranslatorPB.submitRequest(OzoneManagerProtocolServerSideTranslatorPB.java:147) [ozone-manager-1.3.0-SNAPSHOT.jar:?]
	at org.apache.hadoop.ozone.protocol.proto.OzoneManagerProtocolProtos$OzoneManagerService$2.callBlockingMethod(OzoneManagerProtocolProtos.java) [ozone-interface-client-1.3.0-SNAPSHOT.jar:?]
	at org.apache.hadoop.ipc.ProtobufRpcEngine$Server.processCall(ProtobufRpcEngine.java:466) [hadoop-common-3.3.1.jar:?]
	at org.apache.hadoop.ipc.ProtobufRpcEngine2$Server$ProtoBufRpcInvoker.call(ProtobufRpcEngine2.java:574) [hadoop-common-3.3.1.jar:?]
	at org.apache.hadoop.ipc.ProtobufRpcEngine2$Server$ProtoBufRpcInvoker.call(ProtobufRpcEngine2.java:552) [hadoop-common-3.3.1.jar:?]
	at org.apache.hadoop.ipc.RPC$Server.call(RPC.java:1093) [hadoop-common-3.3.1.jar:?]
	at org.apache.hadoop.ipc.Server$RpcCall.run(Server.java:1035) [hadoop-common-3.3.1.jar:?]
	at org.apache.hadoop.ipc.Server$RpcCall.run(Server.java:963) [hadoop-common-3.3.1.jar:?]
	at java.security.AccessController.doPrivileged(Native Method) ~[?:1.8.0_332]
	at javax.security.auth.Subject.doAs(Subject.java:422) [?:1.8.0_332]
	at org.apache.hadoop.security.UserGroupInformation.doAs(UserGroupInformation.java:1878) [hadoop-common-3.3.1.jar:?]
	at org.apache.hadoop.ipc.Server$Handler.run(Server.java:2966) [hadoop-common-3.3.1.jar:?]
23:22:55.095 [IPC Server handler 10 on default port 43683] ERROR OMAudit - user=runner | ip=127.0.0.1 | op=LIST_STATUS {volume=volume33997, bucket=bucket60624, key=root_dir/file2, dataSize=0, replicationConfig=null} | ret=FAILURE
org.apache.hadoop.ozone.om.exceptions.OMException: Unable to get file status: volume: volume33997 bucket: bucket60624 key: root_dir/file2
	at org.apache.hadoop.ozone.om.KeyManagerImpl.getOzoneFileStatus(KeyManagerImpl.java:1311) ~[ozone-manager-1.3.0-SNAPSHOT.jar:?]
	at org.apache.hadoop.ozone.om.KeyManagerImpl.getFileStatus(KeyManagerImpl.java:1241) ~[ozone-manager-1.3.0-SNAPSHOT.jar:?]
	at org.apache.hadoop.ozone.om.KeyManagerImpl.listStatus(KeyManagerImpl.java:1565) ~[ozone-manager-1.3.0-SNAPSHOT.jar:?]
	at org.apache.hadoop.ozone.om.OzoneManager.listStatus(OzoneManager.java:3497) ~[ozone-manager-1.3.0-SNAPSHOT.jar:?]
	at org.apache.hadoop.ozone.protocolPB.OzoneManagerRequestHandler.listStatus(OzoneManagerRequestHandler.java:1028) ~[ozone-manager-1.3.0-SNAPSHOT.jar:?]
	at org.apache.hadoop.ozone.protocolPB.OzoneManagerRequestHandler.handleReadRequest(OzoneManagerRequestHandler.java:228) ~[ozone-manager-1.3.0-SNAPSHOT.jar:?]
	at org.apache.hadoop.ozone.protocolPB.OzoneManagerProtocolServerSideTranslatorPB.submitRequestDirectlyToOM(OzoneManagerProtocolServerSideTranslatorPB.java:276) ~[ozone-manager-1.3.0-SNAPSHOT.jar:?]
	at org.apache.hadoop.ozone.protocolPB.OzoneManagerProtocolServerSideTranslatorPB.processRequest(OzoneManagerProtocolServerSideTranslatorPB.java:205) ~[ozone-manager-1.3.0-SNAPSHOT.jar:?]
	at org.apache.hadoop.hdds.server.OzoneProtocolMessageDispatcher.processRequest(OzoneProtocolMessageDispatcher.java:87) [hdds-server-framework-1.3.0-SNAPSHOT.jar:?]
	at org.apache.hadoop.ozone.protocolPB.OzoneManagerProtocolServerSideTranslatorPB.submitRequest(OzoneManagerProtocolServerSideTranslatorPB.java:147) [ozone-manager-1.3.0-SNAPSHOT.jar:?]
	at org.apache.hadoop.ozone.protocol.proto.OzoneManagerProtocolProtos$OzoneManagerService$2.callBlockingMethod(OzoneManagerProtocolProtos.java) [ozone-interface-client-1.3.0-SNAPSHOT.jar:?]
	at org.apache.hadoop.ipc.ProtobufRpcEngine$Server.processCall(ProtobufRpcEngine.java:466) [hadoop-common-3.3.1.jar:?]
	at org.apache.hadoop.ipc.ProtobufRpcEngine2$Server$ProtoBufRpcInvoker.call(ProtobufRpcEngine2.java:574) [hadoop-common-3.3.1.jar:?]
	at org.apache.hadoop.ipc.ProtobufRpcEngine2$Server$ProtoBufRpcInvoker.call(ProtobufRpcEngine2.java:552) [hadoop-common-3.3.1.jar:?]
	at org.apache.hadoop.ipc.RPC$Server.call(RPC.java:1093) [hadoop-common-3.3.1.jar:?]
	at org.apache.hadoop.ipc.Server$RpcCall.run(Server.java:1035) [hadoop-common-3.3.1.jar:?]
	at org.apache.hadoop.ipc.Server$RpcCall.run(Server.java:963) [hadoop-common-3.3.1.jar:?]
	at java.security.AccessController.doPrivileged(Native Method) ~[?:1.8.0_332]
	at javax.security.auth.Subject.doAs(Subject.java:422) [?:1.8.0_332]
	at org.apache.hadoop.security.UserGroupInformation.doAs(UserGroupInformation.java:1878) [hadoop-common-3.3.1.jar:?]
	at org.apache.hadoop.ipc.Server$Handler.run(Server.java:2966) [hadoop-common-3.3.1.jar:?]
23:22:55.111 [IPC Server handler 19 on default port 43683] ERROR OMAudit - user=runner | ip=127.0.0.1 | op=GET_FILE_STATUS {volume=volume33997, bucket=bucket60624, key=root_dir/dir1/file2, dataSize=0, replicationConfig=null} | ret=FAILURE
org.apache.hadoop.ozone.om.exceptions.OMException: Unable to get file status: volume: volume33997 bucket: bucket60624 key: root_dir/dir1/file2
	at org.apache.hadoop.ozone.om.KeyManagerImpl.getOzoneFileStatus(KeyManagerImpl.java:1311) ~[ozone-manager-1.3.0-SNAPSHOT.jar:?]
	at org.apache.hadoop.ozone.om.KeyManagerImpl.getFileStatus(KeyManagerImpl.java:1241) ~[ozone-manager-1.3.0-SNAPSHOT.jar:?]
	at org.apache.hadoop.ozone.om.OzoneManager.getFileStatus(OzoneManager.java:3419) ~[ozone-manager-1.3.0-SNAPSHOT.jar:?]
	at org.apache.hadoop.ozone.protocolPB.OzoneManagerRequestHandler.getOzoneFileStatus(OzoneManagerRequestHandler.java:871) ~[ozone-manager-1.3.0-SNAPSHOT.jar:?]
	at org.apache.hadoop.ozone.protocolPB.OzoneManagerRequestHandler.handleReadRequest(OzoneManagerRequestHandler.java:217) ~[ozone-manager-1.3.0-SNAPSHOT.jar:?]
	at org.apache.hadoop.ozone.protocolPB.OzoneManagerProtocolServerSideTranslatorPB.submitRequestDirectlyToOM(OzoneManagerProtocolServerSideTranslatorPB.java:276) ~[ozone-manager-1.3.0-SNAPSHOT.jar:?]
	at org.apache.hadoop.ozone.protocolPB.OzoneManagerProtocolServerSideTranslatorPB.processRequest(OzoneManagerProtocolServerSideTranslatorPB.java:205) ~[ozone-manager-1.3.0-SNAPSHOT.jar:?]
	at org.apache.hadoop.hdds.server.OzoneProtocolMessageDispatcher.processRequest(OzoneProtocolMessageDispatcher.java:87) [hdds-server-framework-1.3.0-SNAPSHOT.jar:?]
	at org.apache.hadoop.ozone.protocolPB.OzoneManagerProtocolServerSideTranslatorPB.submitRequest(OzoneManagerProtocolServerSideTranslatorPB.java:147) [ozone-manager-1.3.0-SNAPSHOT.jar:?]
	at org.apache.hadoop.ozone.protocol.proto.OzoneManagerProtocolProtos$OzoneManagerService$2.callBlockingMethod(OzoneManagerProtocolProtos.java) [ozone-interface-client-1.3.0-SNAPSHOT.jar:?]
	at org.apache.hadoop.ipc.ProtobufRpcEngine$Server.processCall(ProtobufRpcEngine.java:466) [hadoop-common-3.3.1.jar:?]
	at org.apache.hadoop.ipc.ProtobufRpcEngine2$Server$ProtoBufRpcInvoker.call(ProtobufRpcEngine2.java:574) [hadoop-common-3.3.1.jar:?]
	at org.apache.hadoop.ipc.ProtobufRpcEngine2$Server$ProtoBufRpcInvoker.call(ProtobufRpcEngine2.java:552) [hadoop-common-3.3.1.jar:?]
	at org.apache.hadoop.ipc.RPC$Server.call(RPC.java:1093) [hadoop-common-3.3.1.jar:?]
	at org.apache.hadoop.ipc.Server$RpcCall.run(Server.java:1035) [hadoop-common-3.3.1.jar:?]
	at org.apache.hadoop.ipc.Server$RpcCall.run(Server.java:963) [hadoop-common-3.3.1.jar:?]
	at java.security.AccessController.doPrivileged(Native Method) ~[?:1.8.0_332]
	at javax.security.auth.Subject.doAs(Subject.java:422) [?:1.8.0_332]
	at org.apache.hadoop.security.UserGroupInformation.doAs(UserGroupInformation.java:1878) [hadoop-common-3.3.1.jar:?]
	at org.apache.hadoop.ipc.Server$Handler.run(Server.java:2966) [hadoop-common-3.3.1.jar:?]
2022-07-12 23:22:55,111 [Time-limited test] WARN  ozone.BasicRootedOzoneFileSystem (BasicRootedOzoneFileSystem.java:delete(572)) - delete: Path does not exist: /volume33997/bucket60624/root_dir/dir1/file2
23:22:55.112 [IPC Server handler 0 on default port 43683] ERROR OMAudit - user=runner | ip=127.0.0.1 | op=GET_FILE_STATUS {volume=volume33997, bucket=bucket60624, key=root_dir/dir1/dir2, dataSize=0, replicationConfig=null} | ret=FAILURE
org.apache.hadoop.ozone.om.exceptions.OMException: Unable to get file status: volume: volume33997 bucket: bucket60624 key: root_dir/dir1/dir2
	at org.apache.hadoop.ozone.om.KeyManagerImpl.getOzoneFileStatus(KeyManagerImpl.java:1311) ~[ozone-manager-1.3.0-SNAPSHOT.jar:?]
	at org.apache.hadoop.ozone.om.KeyManagerImpl.getFileStatus(KeyManagerImpl.java:1241) ~[ozone-manager-1.3.0-SNAPSHOT.jar:?]
	at org.apache.hadoop.ozone.om.OzoneManager.getFileStatus(OzoneManager.java:3419) ~[ozone-manager-1.3.0-SNAPSHOT.jar:?]
	at org.apache.hadoop.ozone.protocolPB.OzoneManagerRequestHandler.getOzoneFileStatus(OzoneManagerRequestHandler.java:871) ~[ozone-manager-1.3.0-SNAPSHOT.jar:?]
	at org.apache.hadoop.ozone.protocolPB.OzoneManagerRequestHandler.handleReadRequest(OzoneManagerRequestHandler.java:217) ~[ozone-manager-1.3.0-SNAPSHOT.jar:?]
	at org.apache.hadoop.ozone.protocolPB.OzoneManagerProtocolServerSideTranslatorPB.submitRequestDirectlyToOM(OzoneManagerProtocolServerSideTranslatorPB.java:276) ~[ozone-manager-1.3.0-SNAPSHOT.jar:?]
	at org.apache.hadoop.ozone.protocolPB.OzoneManagerProtocolServerSideTranslatorPB.processRequest(OzoneManagerProtocolServerSideTranslatorPB.java:205) ~[ozone-manager-1.3.0-SNAPSHOT.jar:?]
	at org.apache.hadoop.hdds.server.OzoneProtocolMessageDispatcher.processRequest(OzoneProtocolMessageDispatcher.java:87) [hdds-server-framework-1.3.0-SNAPSHOT.jar:?]
	at org.apache.hadoop.ozone.protocolPB.OzoneManagerProtocolServerSideTranslatorPB.submitRequest(OzoneManagerProtocolServerSideTranslatorPB.java:147) [ozone-manager-1.3.0-SNAPSHOT.jar:?]
	at org.apache.hadoop.ozone.protocol.proto.OzoneManagerProtocolProtos$OzoneManagerService$2.callBlockingMethod(OzoneManagerProtocolProtos.java) [ozone-interface-client-1.3.0-SNAPSHOT.jar:?]
	at org.apache.hadoop.ipc.ProtobufRpcEngine$Server.processCall(ProtobufRpcEngine.java:466) [hadoop-common-3.3.1.jar:?]
	at org.apache.hadoop.ipc.ProtobufRpcEngine2$Server$ProtoBufRpcInvoker.call(ProtobufRpcEngine2.java:574) [hadoop-common-3.3.1.jar:?]
	at org.apache.hadoop.ipc.ProtobufRpcEngine2$Server$ProtoBufRpcInvoker.call(ProtobufRpcEngine2.java:552) [hadoop-common-3.3.1.jar:?]
	at org.apache.hadoop.ipc.RPC$Server.call(RPC.java:1093) [hadoop-common-3.3.1.jar:?]
	at org.apache.hadoop.ipc.Server$RpcCall.run(Server.java:1035) [hadoop-common-3.3.1.jar:?]
	at org.apache.hadoop.ipc.Server$RpcCall.run(Server.java:963) [hadoop-common-3.3.1.jar:?]
	at java.security.AccessController.doPrivileged(Native Method) ~[?:1.8.0_332]
	at javax.security.auth.Subject.doAs(Subject.java:422) [?:1.8.0_332]
	at org.apache.hadoop.security.UserGroupInformation.doAs(UserGroupInformation.java:1878) [hadoop-common-3.3.1.jar:?]
	at org.apache.hadoop.ipc.Server$Handler.run(Server.java:2966) [hadoop-common-3.3.1.jar:?]
2022-07-12 23:22:55,112 [Time-limited test] WARN  ozone.BasicRootedOzoneFileSystem (BasicRootedOzoneFileSystem.java:delete(572)) - delete: Path does not exist: /volume33997/bucket60624/root_dir/dir1/dir2
]]></system-out>
  </testcase>
  <testcase name="testRenameToParentDir" classname="TestRootedOzoneFileSystem" time="0.187">
    <system-out><![CDATA[2022-07-12 23:24:19,187 [Time-limited test] INFO  rpc.RpcClient (RpcClient.java:createVolume(466)) - Creating Volume: volume12124, with user02790 as owner and space quota set to -1 bytes, counts quota set to -1
2022-07-12 23:24:19,192 [OM StateMachine ApplyTransaction Thread - 0] INFO  volume.OMVolumeCreateRequest (OMVolumeCreateRequest.java:validateAndUpdateCache(195)) - created volume:volume12124 for user:user02790
2022-07-12 23:24:19,205 [Time-limited test] INFO  rpc.RpcClient (RpcClient.java:createBucket(669)) - Creating Bucket: volume12124/bucket67040, with bucket layout LEGACY, runner as owner, Versioning false, Storage Type set to DISK and Encryption set to false 
2022-07-12 23:24:19,206 [OM StateMachine ApplyTransaction Thread - 0] INFO  bucket.OMBucketCreateRequest (OMBucketCreateRequest.java:validateAndUpdateCache(260)) - created bucket: bucket67040 of layout LEGACY in volume: volume12124
23:24:19.224 [IPC Server handler 1 on default port 45473] ERROR OMAudit - user=runner | ip=127.0.0.1 | op=LIST_STATUS {volume=volume12124, bucket=bucket67040, key=root_dir/dir2, dataSize=0, replicationConfig=null} | ret=FAILURE
org.apache.hadoop.ozone.om.exceptions.OMException: Unable to get file status: volume: volume12124 bucket: bucket67040 key: root_dir/dir2
	at org.apache.hadoop.ozone.om.KeyManagerImpl.getOzoneFileStatus(KeyManagerImpl.java:1311) ~[ozone-manager-1.3.0-SNAPSHOT.jar:?]
	at org.apache.hadoop.ozone.om.KeyManagerImpl.getFileStatus(KeyManagerImpl.java:1241) ~[ozone-manager-1.3.0-SNAPSHOT.jar:?]
	at org.apache.hadoop.ozone.om.KeyManagerImpl.listStatus(KeyManagerImpl.java:1565) ~[ozone-manager-1.3.0-SNAPSHOT.jar:?]
	at org.apache.hadoop.ozone.om.OzoneManager.listStatus(OzoneManager.java:3497) ~[ozone-manager-1.3.0-SNAPSHOT.jar:?]
	at org.apache.hadoop.ozone.protocolPB.OzoneManagerRequestHandler.listStatus(OzoneManagerRequestHandler.java:1028) ~[ozone-manager-1.3.0-SNAPSHOT.jar:?]
	at org.apache.hadoop.ozone.protocolPB.OzoneManagerRequestHandler.handleReadRequest(OzoneManagerRequestHandler.java:228) ~[ozone-manager-1.3.0-SNAPSHOT.jar:?]
	at org.apache.hadoop.ozone.protocolPB.OzoneManagerProtocolServerSideTranslatorPB.submitReadRequestToOM(OzoneManagerProtocolServerSideTranslatorPB.java:226) ~[ozone-manager-1.3.0-SNAPSHOT.jar:?]
	at org.apache.hadoop.ozone.protocolPB.OzoneManagerProtocolServerSideTranslatorPB.processRequest(OzoneManagerProtocolServerSideTranslatorPB.java:175) ~[ozone-manager-1.3.0-SNAPSHOT.jar:?]
	at org.apache.hadoop.hdds.server.OzoneProtocolMessageDispatcher.processRequest(OzoneProtocolMessageDispatcher.java:87) [hdds-server-framework-1.3.0-SNAPSHOT.jar:?]
	at org.apache.hadoop.ozone.protocolPB.OzoneManagerProtocolServerSideTranslatorPB.submitRequest(OzoneManagerProtocolServerSideTranslatorPB.java:147) [ozone-manager-1.3.0-SNAPSHOT.jar:?]
	at org.apache.hadoop.ozone.protocol.proto.OzoneManagerProtocolProtos$OzoneManagerService$2.callBlockingMethod(OzoneManagerProtocolProtos.java) [ozone-interface-client-1.3.0-SNAPSHOT.jar:?]
	at org.apache.hadoop.ipc.ProtobufRpcEngine$Server.processCall(ProtobufRpcEngine.java:466) [hadoop-common-3.3.1.jar:?]
	at org.apache.hadoop.ipc.ProtobufRpcEngine2$Server$ProtoBufRpcInvoker.call(ProtobufRpcEngine2.java:574) [hadoop-common-3.3.1.jar:?]
	at org.apache.hadoop.ipc.ProtobufRpcEngine2$Server$ProtoBufRpcInvoker.call(ProtobufRpcEngine2.java:552) [hadoop-common-3.3.1.jar:?]
	at org.apache.hadoop.ipc.RPC$Server.call(RPC.java:1093) [hadoop-common-3.3.1.jar:?]
	at org.apache.hadoop.ipc.Server$RpcCall.run(Server.java:1035) [hadoop-common-3.3.1.jar:?]
	at org.apache.hadoop.ipc.Server$RpcCall.run(Server.java:963) [hadoop-common-3.3.1.jar:?]
	at java.security.AccessController.doPrivileged(Native Method) ~[?:1.8.0_332]
	at javax.security.auth.Subject.doAs(Subject.java:422) [?:1.8.0_332]
	at org.apache.hadoop.security.UserGroupInformation.doAs(UserGroupInformation.java:1878) [hadoop-common-3.3.1.jar:?]
	at org.apache.hadoop.ipc.Server$Handler.run(Server.java:2966) [hadoop-common-3.3.1.jar:?]
23:24:19.232 [IPC Server handler 9 on default port 45473] ERROR OMAudit - user=runner | ip=127.0.0.1 | op=LIST_STATUS {volume=volume12124, bucket=bucket67040, key=root_dir/file2, dataSize=0, replicationConfig=null} | ret=FAILURE
org.apache.hadoop.ozone.om.exceptions.OMException: Unable to get file status: volume: volume12124 bucket: bucket67040 key: root_dir/file2
	at org.apache.hadoop.ozone.om.KeyManagerImpl.getOzoneFileStatus(KeyManagerImpl.java:1311) ~[ozone-manager-1.3.0-SNAPSHOT.jar:?]
	at org.apache.hadoop.ozone.om.KeyManagerImpl.getFileStatus(KeyManagerImpl.java:1241) ~[ozone-manager-1.3.0-SNAPSHOT.jar:?]
	at org.apache.hadoop.ozone.om.KeyManagerImpl.listStatus(KeyManagerImpl.java:1565) ~[ozone-manager-1.3.0-SNAPSHOT.jar:?]
	at org.apache.hadoop.ozone.om.OzoneManager.listStatus(OzoneManager.java:3497) ~[ozone-manager-1.3.0-SNAPSHOT.jar:?]
	at org.apache.hadoop.ozone.protocolPB.OzoneManagerRequestHandler.listStatus(OzoneManagerRequestHandler.java:1028) ~[ozone-manager-1.3.0-SNAPSHOT.jar:?]
	at org.apache.hadoop.ozone.protocolPB.OzoneManagerRequestHandler.handleReadRequest(OzoneManagerRequestHandler.java:228) ~[ozone-manager-1.3.0-SNAPSHOT.jar:?]
	at org.apache.hadoop.ozone.protocolPB.OzoneManagerProtocolServerSideTranslatorPB.submitReadRequestToOM(OzoneManagerProtocolServerSideTranslatorPB.java:226) ~[ozone-manager-1.3.0-SNAPSHOT.jar:?]
	at org.apache.hadoop.ozone.protocolPB.OzoneManagerProtocolServerSideTranslatorPB.processRequest(OzoneManagerProtocolServerSideTranslatorPB.java:175) ~[ozone-manager-1.3.0-SNAPSHOT.jar:?]
	at org.apache.hadoop.hdds.server.OzoneProtocolMessageDispatcher.processRequest(OzoneProtocolMessageDispatcher.java:87) [hdds-server-framework-1.3.0-SNAPSHOT.jar:?]
	at org.apache.hadoop.ozone.protocolPB.OzoneManagerProtocolServerSideTranslatorPB.submitRequest(OzoneManagerProtocolServerSideTranslatorPB.java:147) [ozone-manager-1.3.0-SNAPSHOT.jar:?]
	at org.apache.hadoop.ozone.protocol.proto.OzoneManagerProtocolProtos$OzoneManagerService$2.callBlockingMethod(OzoneManagerProtocolProtos.java) [ozone-interface-client-1.3.0-SNAPSHOT.jar:?]
	at org.apache.hadoop.ipc.ProtobufRpcEngine$Server.processCall(ProtobufRpcEngine.java:466) [hadoop-common-3.3.1.jar:?]
	at org.apache.hadoop.ipc.ProtobufRpcEngine2$Server$ProtoBufRpcInvoker.call(ProtobufRpcEngine2.java:574) [hadoop-common-3.3.1.jar:?]
	at org.apache.hadoop.ipc.ProtobufRpcEngine2$Server$ProtoBufRpcInvoker.call(ProtobufRpcEngine2.java:552) [hadoop-common-3.3.1.jar:?]
	at org.apache.hadoop.ipc.RPC$Server.call(RPC.java:1093) [hadoop-common-3.3.1.jar:?]
	at org.apache.hadoop.ipc.Server$RpcCall.run(Server.java:1035) [hadoop-common-3.3.1.jar:?]
	at org.apache.hadoop.ipc.Server$RpcCall.run(Server.java:963) [hadoop-common-3.3.1.jar:?]
	at java.security.AccessController.doPrivileged(Native Method) ~[?:1.8.0_332]
	at javax.security.auth.Subject.doAs(Subject.java:422) [?:1.8.0_332]
	at org.apache.hadoop.security.UserGroupInformation.doAs(UserGroupInformation.java:1878) [hadoop-common-3.3.1.jar:?]
	at org.apache.hadoop.ipc.Server$Handler.run(Server.java:2966) [hadoop-common-3.3.1.jar:?]
23:24:19.237 [IPC Server handler 17 on default port 45473] ERROR OMAudit - user=runner | ip=127.0.0.1 | op=GET_FILE_STATUS {volume=volume12124, bucket=bucket67040, key=root_dir/dir1/file2, dataSize=0, replicationConfig=null} | ret=FAILURE
org.apache.hadoop.ozone.om.exceptions.OMException: Unable to get file status: volume: volume12124 bucket: bucket67040 key: root_dir/dir1/file2
	at org.apache.hadoop.ozone.om.KeyManagerImpl.getOzoneFileStatus(KeyManagerImpl.java:1311) ~[ozone-manager-1.3.0-SNAPSHOT.jar:?]
	at org.apache.hadoop.ozone.om.KeyManagerImpl.getFileStatus(KeyManagerImpl.java:1241) ~[ozone-manager-1.3.0-SNAPSHOT.jar:?]
	at org.apache.hadoop.ozone.om.OzoneManager.getFileStatus(OzoneManager.java:3419) ~[ozone-manager-1.3.0-SNAPSHOT.jar:?]
	at org.apache.hadoop.ozone.protocolPB.OzoneManagerRequestHandler.getOzoneFileStatus(OzoneManagerRequestHandler.java:871) ~[ozone-manager-1.3.0-SNAPSHOT.jar:?]
	at org.apache.hadoop.ozone.protocolPB.OzoneManagerRequestHandler.handleReadRequest(OzoneManagerRequestHandler.java:217) ~[ozone-manager-1.3.0-SNAPSHOT.jar:?]
	at org.apache.hadoop.ozone.protocolPB.OzoneManagerProtocolServerSideTranslatorPB.submitReadRequestToOM(OzoneManagerProtocolServerSideTranslatorPB.java:226) ~[ozone-manager-1.3.0-SNAPSHOT.jar:?]
	at org.apache.hadoop.ozone.protocolPB.OzoneManagerProtocolServerSideTranslatorPB.processRequest(OzoneManagerProtocolServerSideTranslatorPB.java:175) ~[ozone-manager-1.3.0-SNAPSHOT.jar:?]
	at org.apache.hadoop.hdds.server.OzoneProtocolMessageDispatcher.processRequest(OzoneProtocolMessageDispatcher.java:87) [hdds-server-framework-1.3.0-SNAPSHOT.jar:?]
	at org.apache.hadoop.ozone.protocolPB.OzoneManagerProtocolServerSideTranslatorPB.submitRequest(OzoneManagerProtocolServerSideTranslatorPB.java:147) [ozone-manager-1.3.0-SNAPSHOT.jar:?]
	at org.apache.hadoop.ozone.protocol.proto.OzoneManagerProtocolProtos$OzoneManagerService$2.callBlockingMethod(OzoneManagerProtocolProtos.java) [ozone-interface-client-1.3.0-SNAPSHOT.jar:?]
	at org.apache.hadoop.ipc.ProtobufRpcEngine$Server.processCall(ProtobufRpcEngine.java:466) [hadoop-common-3.3.1.jar:?]
	at org.apache.hadoop.ipc.ProtobufRpcEngine2$Server$ProtoBufRpcInvoker.call(ProtobufRpcEngine2.java:574) [hadoop-common-3.3.1.jar:?]
	at org.apache.hadoop.ipc.ProtobufRpcEngine2$Server$ProtoBufRpcInvoker.call(ProtobufRpcEngine2.java:552) [hadoop-common-3.3.1.jar:?]
	at org.apache.hadoop.ipc.RPC$Server.call(RPC.java:1093) [hadoop-common-3.3.1.jar:?]
	at org.apache.hadoop.ipc.Server$RpcCall.run(Server.java:1035) [hadoop-common-3.3.1.jar:?]
	at org.apache.hadoop.ipc.Server$RpcCall.run(Server.java:963) [hadoop-common-3.3.1.jar:?]
	at java.security.AccessController.doPrivileged(Native Method) ~[?:1.8.0_332]
	at javax.security.auth.Subject.doAs(Subject.java:422) [?:1.8.0_332]
	at org.apache.hadoop.security.UserGroupInformation.doAs(UserGroupInformation.java:1878) [hadoop-common-3.3.1.jar:?]
	at org.apache.hadoop.ipc.Server$Handler.run(Server.java:2966) [hadoop-common-3.3.1.jar:?]
2022-07-12 23:24:19,237 [Time-limited test] WARN  ozone.BasicRootedOzoneFileSystem (BasicRootedOzoneFileSystem.java:delete(572)) - delete: Path does not exist: /volume12124/bucket67040/root_dir/dir1/file2
23:24:19.238 [IPC Server handler 15 on default port 45473] ERROR OMAudit - user=runner | ip=127.0.0.1 | op=GET_FILE_STATUS {volume=volume12124, bucket=bucket67040, key=root_dir/dir1/dir2, dataSize=0, replicationConfig=null} | ret=FAILURE
org.apache.hadoop.ozone.om.exceptions.OMException: Unable to get file status: volume: volume12124 bucket: bucket67040 key: root_dir/dir1/dir2
	at org.apache.hadoop.ozone.om.KeyManagerImpl.getOzoneFileStatus(KeyManagerImpl.java:1311) ~[ozone-manager-1.3.0-SNAPSHOT.jar:?]
	at org.apache.hadoop.ozone.om.KeyManagerImpl.getFileStatus(KeyManagerImpl.java:1241) ~[ozone-manager-1.3.0-SNAPSHOT.jar:?]
	at org.apache.hadoop.ozone.om.OzoneManager.getFileStatus(OzoneManager.java:3419) ~[ozone-manager-1.3.0-SNAPSHOT.jar:?]
	at org.apache.hadoop.ozone.protocolPB.OzoneManagerRequestHandler.getOzoneFileStatus(OzoneManagerRequestHandler.java:871) ~[ozone-manager-1.3.0-SNAPSHOT.jar:?]
	at org.apache.hadoop.ozone.protocolPB.OzoneManagerRequestHandler.handleReadRequest(OzoneManagerRequestHandler.java:217) ~[ozone-manager-1.3.0-SNAPSHOT.jar:?]
	at org.apache.hadoop.ozone.protocolPB.OzoneManagerProtocolServerSideTranslatorPB.submitReadRequestToOM(OzoneManagerProtocolServerSideTranslatorPB.java:226) ~[ozone-manager-1.3.0-SNAPSHOT.jar:?]
	at org.apache.hadoop.ozone.protocolPB.OzoneManagerProtocolServerSideTranslatorPB.processRequest(OzoneManagerProtocolServerSideTranslatorPB.java:175) ~[ozone-manager-1.3.0-SNAPSHOT.jar:?]
	at org.apache.hadoop.hdds.server.OzoneProtocolMessageDispatcher.processRequest(OzoneProtocolMessageDispatcher.java:87) [hdds-server-framework-1.3.0-SNAPSHOT.jar:?]
	at org.apache.hadoop.ozone.protocolPB.OzoneManagerProtocolServerSideTranslatorPB.submitRequest(OzoneManagerProtocolServerSideTranslatorPB.java:147) [ozone-manager-1.3.0-SNAPSHOT.jar:?]
	at org.apache.hadoop.ozone.protocol.proto.OzoneManagerProtocolProtos$OzoneManagerService$2.callBlockingMethod(OzoneManagerProtocolProtos.java) [ozone-interface-client-1.3.0-SNAPSHOT.jar:?]
	at org.apache.hadoop.ipc.ProtobufRpcEngine$Server.processCall(ProtobufRpcEngine.java:466) [hadoop-common-3.3.1.jar:?]
	at org.apache.hadoop.ipc.ProtobufRpcEngine2$Server$ProtoBufRpcInvoker.call(ProtobufRpcEngine2.java:574) [hadoop-common-3.3.1.jar:?]
	at org.apache.hadoop.ipc.ProtobufRpcEngine2$Server$ProtoBufRpcInvoker.call(ProtobufRpcEngine2.java:552) [hadoop-common-3.3.1.jar:?]
	at org.apache.hadoop.ipc.RPC$Server.call(RPC.java:1093) [hadoop-common-3.3.1.jar:?]
	at org.apache.hadoop.ipc.Server$RpcCall.run(Server.java:1035) [hadoop-common-3.3.1.jar:?]
	at org.apache.hadoop.ipc.Server$RpcCall.run(Server.java:963) [hadoop-common-3.3.1.jar:?]
	at java.security.AccessController.doPrivileged(Native Method) ~[?:1.8.0_332]
	at javax.security.auth.Subject.doAs(Subject.java:422) [?:1.8.0_332]
	at org.apache.hadoop.security.UserGroupInformation.doAs(UserGroupInformation.java:1878) [hadoop-common-3.3.1.jar:?]
	at org.apache.hadoop.ipc.Server$Handler.run(Server.java:2966) [hadoop-common-3.3.1.jar:?]
2022-07-12 23:24:19,238 [Time-limited test] WARN  ozone.BasicRootedOzoneFileSystem (BasicRootedOzoneFileSystem.java:delete(572)) - delete: Path does not exist: /volume12124/bucket67040/root_dir/dir1/dir2
]]></system-out>
  </testcase>
  <testcase name="testRenameToParentDir" classname="TestRootedOzoneFileSystem" time="0.227">
    <system-out><![CDATA[2022-07-12 23:25:42,856 [Time-limited test] INFO  rpc.RpcClient (RpcClient.java:createVolume(466)) - Creating Volume: volume26180, with user99486 as owner and space quota set to -1 bytes, counts quota set to -1
2022-07-12 23:25:42,857 [IPC Server handler 19 on default port 46473] INFO  volume.OMVolumeCreateRequest (OMVolumeCreateRequest.java:validateAndUpdateCache(195)) - created volume:volume26180 for user:user99486
2022-07-12 23:25:42,863 [Time-limited test] INFO  rpc.RpcClient (RpcClient.java:createBucket(669)) - Creating Bucket: volume26180/bucket93173, with bucket layout LEGACY, runner as owner, Versioning false, Storage Type set to DISK and Encryption set to false 
2022-07-12 23:25:42,867 [IPC Server handler 18 on default port 46473] INFO  bucket.OMBucketCreateRequest (OMBucketCreateRequest.java:validateAndUpdateCache(260)) - created bucket: bucket93173 of layout LEGACY in volume: volume26180
23:25:42.878 [IPC Server handler 4 on default port 46473] ERROR OMAudit - user=runner | ip=127.0.0.1 | op=LIST_STATUS {volume=volume26180, bucket=bucket93173, key=root_dir/dir2, dataSize=0, replicationConfig=null} | ret=FAILURE
org.apache.hadoop.ozone.om.exceptions.OMException: Unable to get file status: volume: volume26180 bucket: bucket93173 key: root_dir/dir2
	at org.apache.hadoop.ozone.om.KeyManagerImpl.getOzoneFileStatus(KeyManagerImpl.java:1311) ~[ozone-manager-1.3.0-SNAPSHOT.jar:?]
	at org.apache.hadoop.ozone.om.KeyManagerImpl.getFileStatus(KeyManagerImpl.java:1241) ~[ozone-manager-1.3.0-SNAPSHOT.jar:?]
	at org.apache.hadoop.ozone.om.KeyManagerImpl.listStatus(KeyManagerImpl.java:1565) ~[ozone-manager-1.3.0-SNAPSHOT.jar:?]
	at org.apache.hadoop.ozone.om.OzoneManager.listStatus(OzoneManager.java:3497) ~[ozone-manager-1.3.0-SNAPSHOT.jar:?]
	at org.apache.hadoop.ozone.protocolPB.OzoneManagerRequestHandler.listStatus(OzoneManagerRequestHandler.java:1028) ~[ozone-manager-1.3.0-SNAPSHOT.jar:?]
	at org.apache.hadoop.ozone.protocolPB.OzoneManagerRequestHandler.handleReadRequest(OzoneManagerRequestHandler.java:228) ~[ozone-manager-1.3.0-SNAPSHOT.jar:?]
	at org.apache.hadoop.ozone.protocolPB.OzoneManagerProtocolServerSideTranslatorPB.submitRequestDirectlyToOM(OzoneManagerProtocolServerSideTranslatorPB.java:276) ~[ozone-manager-1.3.0-SNAPSHOT.jar:?]
	at org.apache.hadoop.ozone.protocolPB.OzoneManagerProtocolServerSideTranslatorPB.processRequest(OzoneManagerProtocolServerSideTranslatorPB.java:205) ~[ozone-manager-1.3.0-SNAPSHOT.jar:?]
	at org.apache.hadoop.hdds.server.OzoneProtocolMessageDispatcher.processRequest(OzoneProtocolMessageDispatcher.java:87) [hdds-server-framework-1.3.0-SNAPSHOT.jar:?]
	at org.apache.hadoop.ozone.protocolPB.OzoneManagerProtocolServerSideTranslatorPB.submitRequest(OzoneManagerProtocolServerSideTranslatorPB.java:147) [ozone-manager-1.3.0-SNAPSHOT.jar:?]
	at org.apache.hadoop.ozone.protocol.proto.OzoneManagerProtocolProtos$OzoneManagerService$2.callBlockingMethod(OzoneManagerProtocolProtos.java) [ozone-interface-client-1.3.0-SNAPSHOT.jar:?]
	at org.apache.hadoop.ipc.ProtobufRpcEngine$Server.processCall(ProtobufRpcEngine.java:466) [hadoop-common-3.3.1.jar:?]
	at org.apache.hadoop.ipc.ProtobufRpcEngine2$Server$ProtoBufRpcInvoker.call(ProtobufRpcEngine2.java:574) [hadoop-common-3.3.1.jar:?]
	at org.apache.hadoop.ipc.ProtobufRpcEngine2$Server$ProtoBufRpcInvoker.call(ProtobufRpcEngine2.java:552) [hadoop-common-3.3.1.jar:?]
	at org.apache.hadoop.ipc.RPC$Server.call(RPC.java:1093) [hadoop-common-3.3.1.jar:?]
	at org.apache.hadoop.ipc.Server$RpcCall.run(Server.java:1035) [hadoop-common-3.3.1.jar:?]
	at org.apache.hadoop.ipc.Server$RpcCall.run(Server.java:963) [hadoop-common-3.3.1.jar:?]
	at java.security.AccessController.doPrivileged(Native Method) ~[?:1.8.0_332]
	at javax.security.auth.Subject.doAs(Subject.java:422) [?:1.8.0_332]
	at org.apache.hadoop.security.UserGroupInformation.doAs(UserGroupInformation.java:1878) [hadoop-common-3.3.1.jar:?]
	at org.apache.hadoop.ipc.Server$Handler.run(Server.java:2966) [hadoop-common-3.3.1.jar:?]
23:25:42.890 [IPC Server handler 7 on default port 46473] ERROR OMAudit - user=runner | ip=127.0.0.1 | op=LIST_STATUS {volume=volume26180, bucket=bucket93173, key=root_dir/file2, dataSize=0, replicationConfig=null} | ret=FAILURE
org.apache.hadoop.ozone.om.exceptions.OMException: Unable to get file status: volume: volume26180 bucket: bucket93173 key: root_dir/file2
	at org.apache.hadoop.ozone.om.KeyManagerImpl.getOzoneFileStatus(KeyManagerImpl.java:1311) ~[ozone-manager-1.3.0-SNAPSHOT.jar:?]
	at org.apache.hadoop.ozone.om.KeyManagerImpl.getFileStatus(KeyManagerImpl.java:1241) ~[ozone-manager-1.3.0-SNAPSHOT.jar:?]
	at org.apache.hadoop.ozone.om.KeyManagerImpl.listStatus(KeyManagerImpl.java:1565) ~[ozone-manager-1.3.0-SNAPSHOT.jar:?]
	at org.apache.hadoop.ozone.om.OzoneManager.listStatus(OzoneManager.java:3497) ~[ozone-manager-1.3.0-SNAPSHOT.jar:?]
	at org.apache.hadoop.ozone.protocolPB.OzoneManagerRequestHandler.listStatus(OzoneManagerRequestHandler.java:1028) ~[ozone-manager-1.3.0-SNAPSHOT.jar:?]
	at org.apache.hadoop.ozone.protocolPB.OzoneManagerRequestHandler.handleReadRequest(OzoneManagerRequestHandler.java:228) ~[ozone-manager-1.3.0-SNAPSHOT.jar:?]
	at org.apache.hadoop.ozone.protocolPB.OzoneManagerProtocolServerSideTranslatorPB.submitRequestDirectlyToOM(OzoneManagerProtocolServerSideTranslatorPB.java:276) ~[ozone-manager-1.3.0-SNAPSHOT.jar:?]
	at org.apache.hadoop.ozone.protocolPB.OzoneManagerProtocolServerSideTranslatorPB.processRequest(OzoneManagerProtocolServerSideTranslatorPB.java:205) ~[ozone-manager-1.3.0-SNAPSHOT.jar:?]
	at org.apache.hadoop.hdds.server.OzoneProtocolMessageDispatcher.processRequest(OzoneProtocolMessageDispatcher.java:87) [hdds-server-framework-1.3.0-SNAPSHOT.jar:?]
	at org.apache.hadoop.ozone.protocolPB.OzoneManagerProtocolServerSideTranslatorPB.submitRequest(OzoneManagerProtocolServerSideTranslatorPB.java:147) [ozone-manager-1.3.0-SNAPSHOT.jar:?]
	at org.apache.hadoop.ozone.protocol.proto.OzoneManagerProtocolProtos$OzoneManagerService$2.callBlockingMethod(OzoneManagerProtocolProtos.java) [ozone-interface-client-1.3.0-SNAPSHOT.jar:?]
	at org.apache.hadoop.ipc.ProtobufRpcEngine$Server.processCall(ProtobufRpcEngine.java:466) [hadoop-common-3.3.1.jar:?]
	at org.apache.hadoop.ipc.ProtobufRpcEngine2$Server$ProtoBufRpcInvoker.call(ProtobufRpcEngine2.java:574) [hadoop-common-3.3.1.jar:?]
	at org.apache.hadoop.ipc.ProtobufRpcEngine2$Server$ProtoBufRpcInvoker.call(ProtobufRpcEngine2.java:552) [hadoop-common-3.3.1.jar:?]
	at org.apache.hadoop.ipc.RPC$Server.call(RPC.java:1093) [hadoop-common-3.3.1.jar:?]
	at org.apache.hadoop.ipc.Server$RpcCall.run(Server.java:1035) [hadoop-common-3.3.1.jar:?]
	at org.apache.hadoop.ipc.Server$RpcCall.run(Server.java:963) [hadoop-common-3.3.1.jar:?]
	at java.security.AccessController.doPrivileged(Native Method) ~[?:1.8.0_332]
	at javax.security.auth.Subject.doAs(Subject.java:422) [?:1.8.0_332]
	at org.apache.hadoop.security.UserGroupInformation.doAs(UserGroupInformation.java:1878) [hadoop-common-3.3.1.jar:?]
	at org.apache.hadoop.ipc.Server$Handler.run(Server.java:2966) [hadoop-common-3.3.1.jar:?]
23:25:42.922 [IPC Server handler 14 on default port 46473] ERROR OMAudit - user=runner | ip=127.0.0.1 | op=GET_FILE_STATUS {volume=volume26180, bucket=bucket93173, key=root_dir/dir1/file2, dataSize=0, replicationConfig=null} | ret=FAILURE
org.apache.hadoop.ozone.om.exceptions.OMException: Unable to get file status: volume: volume26180 bucket: bucket93173 key: root_dir/dir1/file2
	at org.apache.hadoop.ozone.om.KeyManagerImpl.getOzoneFileStatus(KeyManagerImpl.java:1311) ~[ozone-manager-1.3.0-SNAPSHOT.jar:?]
	at org.apache.hadoop.ozone.om.KeyManagerImpl.getFileStatus(KeyManagerImpl.java:1241) ~[ozone-manager-1.3.0-SNAPSHOT.jar:?]
	at org.apache.hadoop.ozone.om.OzoneManager.getFileStatus(OzoneManager.java:3419) ~[ozone-manager-1.3.0-SNAPSHOT.jar:?]
	at org.apache.hadoop.ozone.protocolPB.OzoneManagerRequestHandler.getOzoneFileStatus(OzoneManagerRequestHandler.java:871) ~[ozone-manager-1.3.0-SNAPSHOT.jar:?]
	at org.apache.hadoop.ozone.protocolPB.OzoneManagerRequestHandler.handleReadRequest(OzoneManagerRequestHandler.java:217) ~[ozone-manager-1.3.0-SNAPSHOT.jar:?]
	at org.apache.hadoop.ozone.protocolPB.OzoneManagerProtocolServerSideTranslatorPB.submitRequestDirectlyToOM(OzoneManagerProtocolServerSideTranslatorPB.java:276) ~[ozone-manager-1.3.0-SNAPSHOT.jar:?]
	at org.apache.hadoop.ozone.protocolPB.OzoneManagerProtocolServerSideTranslatorPB.processRequest(OzoneManagerProtocolServerSideTranslatorPB.java:205) ~[ozone-manager-1.3.0-SNAPSHOT.jar:?]
	at org.apache.hadoop.hdds.server.OzoneProtocolMessageDispatcher.processRequest(OzoneProtocolMessageDispatcher.java:87) [hdds-server-framework-1.3.0-SNAPSHOT.jar:?]
	at org.apache.hadoop.ozone.protocolPB.OzoneManagerProtocolServerSideTranslatorPB.submitRequest(OzoneManagerProtocolServerSideTranslatorPB.java:147) [ozone-manager-1.3.0-SNAPSHOT.jar:?]
	at org.apache.hadoop.ozone.protocol.proto.OzoneManagerProtocolProtos$OzoneManagerService$2.callBlockingMethod(OzoneManagerProtocolProtos.java) [ozone-interface-client-1.3.0-SNAPSHOT.jar:?]
	at org.apache.hadoop.ipc.ProtobufRpcEngine$Server.processCall(ProtobufRpcEngine.java:466) [hadoop-common-3.3.1.jar:?]
	at org.apache.hadoop.ipc.ProtobufRpcEngine2$Server$ProtoBufRpcInvoker.call(ProtobufRpcEngine2.java:574) [hadoop-common-3.3.1.jar:?]
	at org.apache.hadoop.ipc.ProtobufRpcEngine2$Server$ProtoBufRpcInvoker.call(ProtobufRpcEngine2.java:552) [hadoop-common-3.3.1.jar:?]
	at org.apache.hadoop.ipc.RPC$Server.call(RPC.java:1093) [hadoop-common-3.3.1.jar:?]
	at org.apache.hadoop.ipc.Server$RpcCall.run(Server.java:1035) [hadoop-common-3.3.1.jar:?]
	at org.apache.hadoop.ipc.Server$RpcCall.run(Server.java:963) [hadoop-common-3.3.1.jar:?]
	at java.security.AccessController.doPrivileged(Native Method) ~[?:1.8.0_332]
	at javax.security.auth.Subject.doAs(Subject.java:422) [?:1.8.0_332]
	at org.apache.hadoop.security.UserGroupInformation.doAs(UserGroupInformation.java:1878) [hadoop-common-3.3.1.jar:?]
	at org.apache.hadoop.ipc.Server$Handler.run(Server.java:2966) [hadoop-common-3.3.1.jar:?]
2022-07-12 23:25:42,923 [Time-limited test] WARN  ozone.BasicRootedOzoneFileSystem (BasicRootedOzoneFileSystem.java:delete(572)) - delete: Path does not exist: /volume26180/bucket93173/root_dir/dir1/file2
23:25:42.923 [IPC Server handler 12 on default port 46473] ERROR OMAudit - user=runner | ip=127.0.0.1 | op=GET_FILE_STATUS {volume=volume26180, bucket=bucket93173, key=root_dir/dir1/dir2, dataSize=0, replicationConfig=null} | ret=FAILURE
org.apache.hadoop.ozone.om.exceptions.OMException: Unable to get file status: volume: volume26180 bucket: bucket93173 key: root_dir/dir1/dir2
	at org.apache.hadoop.ozone.om.KeyManagerImpl.getOzoneFileStatus(KeyManagerImpl.java:1311) ~[ozone-manager-1.3.0-SNAPSHOT.jar:?]
	at org.apache.hadoop.ozone.om.KeyManagerImpl.getFileStatus(KeyManagerImpl.java:1241) ~[ozone-manager-1.3.0-SNAPSHOT.jar:?]
	at org.apache.hadoop.ozone.om.OzoneManager.getFileStatus(OzoneManager.java:3419) ~[ozone-manager-1.3.0-SNAPSHOT.jar:?]
	at org.apache.hadoop.ozone.protocolPB.OzoneManagerRequestHandler.getOzoneFileStatus(OzoneManagerRequestHandler.java:871) ~[ozone-manager-1.3.0-SNAPSHOT.jar:?]
	at org.apache.hadoop.ozone.protocolPB.OzoneManagerRequestHandler.handleReadRequest(OzoneManagerRequestHandler.java:217) ~[ozone-manager-1.3.0-SNAPSHOT.jar:?]
	at org.apache.hadoop.ozone.protocolPB.OzoneManagerProtocolServerSideTranslatorPB.submitRequestDirectlyToOM(OzoneManagerProtocolServerSideTranslatorPB.java:276) ~[ozone-manager-1.3.0-SNAPSHOT.jar:?]
	at org.apache.hadoop.ozone.protocolPB.OzoneManagerProtocolServerSideTranslatorPB.processRequest(OzoneManagerProtocolServerSideTranslatorPB.java:205) ~[ozone-manager-1.3.0-SNAPSHOT.jar:?]
	at org.apache.hadoop.hdds.server.OzoneProtocolMessageDispatcher.processRequest(OzoneProtocolMessageDispatcher.java:87) [hdds-server-framework-1.3.0-SNAPSHOT.jar:?]
	at org.apache.hadoop.ozone.protocolPB.OzoneManagerProtocolServerSideTranslatorPB.submitRequest(OzoneManagerProtocolServerSideTranslatorPB.java:147) [ozone-manager-1.3.0-SNAPSHOT.jar:?]
	at org.apache.hadoop.ozone.protocol.proto.OzoneManagerProtocolProtos$OzoneManagerService$2.callBlockingMethod(OzoneManagerProtocolProtos.java) [ozone-interface-client-1.3.0-SNAPSHOT.jar:?]
	at org.apache.hadoop.ipc.ProtobufRpcEngine$Server.processCall(ProtobufRpcEngine.java:466) [hadoop-common-3.3.1.jar:?]
	at org.apache.hadoop.ipc.ProtobufRpcEngine2$Server$ProtoBufRpcInvoker.call(ProtobufRpcEngine2.java:574) [hadoop-common-3.3.1.jar:?]
	at org.apache.hadoop.ipc.ProtobufRpcEngine2$Server$ProtoBufRpcInvoker.call(ProtobufRpcEngine2.java:552) [hadoop-common-3.3.1.jar:?]
	at org.apache.hadoop.ipc.RPC$Server.call(RPC.java:1093) [hadoop-common-3.3.1.jar:?]
	at org.apache.hadoop.ipc.Server$RpcCall.run(Server.java:1035) [hadoop-common-3.3.1.jar:?]
	at org.apache.hadoop.ipc.Server$RpcCall.run(Server.java:963) [hadoop-common-3.3.1.jar:?]
	at java.security.AccessController.doPrivileged(Native Method) ~[?:1.8.0_332]
	at javax.security.auth.Subject.doAs(Subject.java:422) [?:1.8.0_332]
	at org.apache.hadoop.security.UserGroupInformation.doAs(UserGroupInformation.java:1878) [hadoop-common-3.3.1.jar:?]
	at org.apache.hadoop.ipc.Server$Handler.run(Server.java:2966) [hadoop-common-3.3.1.jar:?]
2022-07-12 23:25:42,924 [Time-limited test] WARN  ozone.BasicRootedOzoneFileSystem (BasicRootedOzoneFileSystem.java:delete(572)) - delete: Path does not exist: /volume26180/bucket93173/root_dir/dir1/dir2
]]></system-out>
  </testcase>
  <testcase name="testMkdirNonExistentVolumeBucket" classname="TestRootedOzoneFileSystem" time="0.121">
    <system-out><![CDATA[2022-07-12 23:20:26,186 [Time-limited test] INFO  rpc.RpcClient (RpcClient.java:createVolume(466)) - Creating Volume: volume51653, with user29268 as owner and space quota set to -1 bytes, counts quota set to -1
2022-07-12 23:20:26,188 [OM StateMachine ApplyTransaction Thread - 0] INFO  volume.OMVolumeCreateRequest (OMVolumeCreateRequest.java:validateAndUpdateCache(195)) - created volume:volume51653 for user:user29268
2022-07-12 23:20:26,191 [Time-limited test] INFO  rpc.RpcClient (RpcClient.java:createBucket(669)) - Creating Bucket: volume51653/bucket28844, with bucket layout LEGACY, runner as owner, Versioning false, Storage Type set to DISK and Encryption set to false 
2022-07-12 23:20:26,194 [OM StateMachine ApplyTransaction Thread - 0] INFO  bucket.OMBucketCreateRequest (OMBucketCreateRequest.java:validateAndUpdateCache(260)) - created bucket: bucket28844 of layout LEGACY in volume: volume51653
2022-07-12 23:20:26,197 [Time-limited test] INFO  rpc.RpcClient (RpcClient.java:createVolume(466)) - Creating Volume: volume-06000, with runner as owner and space quota set to -1 bytes, counts quota set to -1
2022-07-12 23:20:26,199 [OM StateMachine ApplyTransaction Thread - 0] INFO  volume.OMVolumeCreateRequest (OMVolumeCreateRequest.java:validateAndUpdateCache(195)) - created volume:volume-06000 for user:runner
2022-07-12 23:20:26,200 [f5ec0973-3ea4-44f3-b934-b5b86c2ad769@group-B7888055A6AD-FollowerState] INFO  impl.FollowerState (FollowerState.java:run(143)) - f5ec0973-3ea4-44f3-b934-b5b86c2ad769@group-B7888055A6AD-FollowerState: change to CANDIDATE, lastRpcElapsedTime:5075276847ns, electionTimeout:5061ms
2022-07-12 23:20:26,200 [f5ec0973-3ea4-44f3-b934-b5b86c2ad769@group-B7888055A6AD-FollowerState] INFO  impl.RoleInfo (RoleInfo.java:shutdownFollowerState(110)) - f5ec0973-3ea4-44f3-b934-b5b86c2ad769: shutdown f5ec0973-3ea4-44f3-b934-b5b86c2ad769@group-B7888055A6AD-FollowerState
2022-07-12 23:20:26,200 [f5ec0973-3ea4-44f3-b934-b5b86c2ad769@group-B7888055A6AD-FollowerState] INFO  server.RaftServer$Division (RaftServerImpl.java:setRole(299)) - f5ec0973-3ea4-44f3-b934-b5b86c2ad769@group-B7888055A6AD: changes role from  FOLLOWER to CANDIDATE at term 1 for changeToCandidate
2022-07-12 23:20:26,200 [f5ec0973-3ea4-44f3-b934-b5b86c2ad769@group-B7888055A6AD-FollowerState] INFO  server.RaftServerConfigKeys (ConfUtils.java:logGet(46)) - raft.server.leaderelection.pre-vote = false (custom)
2022-07-12 23:20:26,200 [f5ec0973-3ea4-44f3-b934-b5b86c2ad769@group-B7888055A6AD-FollowerState] INFO  impl.RoleInfo (RoleInfo.java:updateAndGet(139)) - f5ec0973-3ea4-44f3-b934-b5b86c2ad769: start f5ec0973-3ea4-44f3-b934-b5b86c2ad769@group-B7888055A6AD-LeaderElection9
2022-07-12 23:20:26,206 [Time-limited test] INFO  rpc.RpcClient (RpcClient.java:createBucket(669)) - Creating Bucket: volume-06000/bucket-77022, with bucket layout LEGACY, runner as owner, Versioning false, Storage Type set to DISK and Encryption set to false 
2022-07-12 23:20:26,209 [OM StateMachine ApplyTransaction Thread - 0] INFO  bucket.OMBucketCreateRequest (OMBucketCreateRequest.java:validateAndUpdateCache(260)) - created bucket: bucket-77022 of layout LEGACY in volume: volume-06000
2022-07-12 23:20:26,209 [f5ec0973-3ea4-44f3-b934-b5b86c2ad769@group-B7888055A6AD-LeaderElection9] INFO  impl.LeaderElection (LeaderElection.java:askForVotes(310)) - f5ec0973-3ea4-44f3-b934-b5b86c2ad769@group-B7888055A6AD-LeaderElection9 ELECTION round 0: submit vote requests at term 2 for -1: [77a98ace-e102-46e5-a474-eb7ed4f4a4ca|rpc:10.1.0.13:44773|priority:1, f5ec0973-3ea4-44f3-b934-b5b86c2ad769|rpc:10.1.0.13:36411|priority:0, 30c4d38c-7dc2-4c52-bffc-86b7b0a91f0d|rpc:10.1.0.13:39527|priority:0], old=null
2022-07-12 23:20:26,221 [77a98ace-e102-46e5-a474-eb7ed4f4a4ca@group-B7888055A6AD-FollowerState] INFO  impl.FollowerState (FollowerState.java:run(143)) - 77a98ace-e102-46e5-a474-eb7ed4f4a4ca@group-B7888055A6AD-FollowerState: change to CANDIDATE, lastRpcElapsedTime:5104318405ns, electionTimeout:5092ms
2022-07-12 23:20:26,225 [77a98ace-e102-46e5-a474-eb7ed4f4a4ca@group-B7888055A6AD-FollowerState] INFO  impl.RoleInfo (RoleInfo.java:shutdownFollowerState(110)) - 77a98ace-e102-46e5-a474-eb7ed4f4a4ca: shutdown 77a98ace-e102-46e5-a474-eb7ed4f4a4ca@group-B7888055A6AD-FollowerState
2022-07-12 23:20:26,225 [77a98ace-e102-46e5-a474-eb7ed4f4a4ca@group-B7888055A6AD-FollowerState] INFO  server.RaftServer$Division (RaftServerImpl.java:setRole(299)) - 77a98ace-e102-46e5-a474-eb7ed4f4a4ca@group-B7888055A6AD: changes role from  FOLLOWER to CANDIDATE at term 1 for changeToCandidate
2022-07-12 23:20:26,225 [77a98ace-e102-46e5-a474-eb7ed4f4a4ca@group-B7888055A6AD-FollowerState] INFO  server.RaftServerConfigKeys (ConfUtils.java:logGet(46)) - raft.server.leaderelection.pre-vote = false (custom)
2022-07-12 23:20:26,225 [77a98ace-e102-46e5-a474-eb7ed4f4a4ca@group-B7888055A6AD-FollowerState] INFO  impl.RoleInfo (RoleInfo.java:updateAndGet(139)) - 77a98ace-e102-46e5-a474-eb7ed4f4a4ca: start 77a98ace-e102-46e5-a474-eb7ed4f4a4ca@group-B7888055A6AD-LeaderElection10
2022-07-12 23:20:26,232 [grpc-default-executor-2] INFO  server.RaftServer$Division (RaftServerImpl.java:requestVote(1152)) - 77a98ace-e102-46e5-a474-eb7ed4f4a4ca@group-B7888055A6AD: receive requestVote(ELECTION, f5ec0973-3ea4-44f3-b934-b5b86c2ad769, group-B7888055A6AD, 2, (t:0, i:0))
2022-07-12 23:20:26,233 [grpc-default-executor-1] INFO  server.RaftServer$Division (RaftServerImpl.java:requestVote(1152)) - 30c4d38c-7dc2-4c52-bffc-86b7b0a91f0d@group-B7888055A6AD: receive requestVote(ELECTION, f5ec0973-3ea4-44f3-b934-b5b86c2ad769, group-B7888055A6AD, 2, (t:0, i:0))
2022-07-12 23:20:26,233 [grpc-default-executor-1] INFO  impl.VoteContext (VoteContext.java:log(48)) - 30c4d38c-7dc2-4c52-bffc-86b7b0a91f0d@group-B7888055A6AD-FOLLOWER: accept ELECTION from f5ec0973-3ea4-44f3-b934-b5b86c2ad769: our priority 0 <= candidate's priority 0
2022-07-12 23:20:26,233 [grpc-default-executor-1] INFO  server.RaftServer$Division (RaftServerImpl.java:setRole(299)) - 30c4d38c-7dc2-4c52-bffc-86b7b0a91f0d@group-B7888055A6AD: changes role from  FOLLOWER to FOLLOWER at term 2 for candidate:f5ec0973-3ea4-44f3-b934-b5b86c2ad769
2022-07-12 23:20:26,233 [grpc-default-executor-1] INFO  impl.RoleInfo (RoleInfo.java:shutdownFollowerState(110)) - 30c4d38c-7dc2-4c52-bffc-86b7b0a91f0d: shutdown 30c4d38c-7dc2-4c52-bffc-86b7b0a91f0d@group-B7888055A6AD-FollowerState
2022-07-12 23:20:26,233 [grpc-default-executor-1] INFO  impl.RoleInfo (RoleInfo.java:updateAndGet(139)) - 30c4d38c-7dc2-4c52-bffc-86b7b0a91f0d: start 30c4d38c-7dc2-4c52-bffc-86b7b0a91f0d@group-B7888055A6AD-FollowerState
2022-07-12 23:20:26,233 [30c4d38c-7dc2-4c52-bffc-86b7b0a91f0d@group-B7888055A6AD-FollowerState] INFO  impl.FollowerState (FollowerState.java:run(152)) - 30c4d38c-7dc2-4c52-bffc-86b7b0a91f0d@group-B7888055A6AD-FollowerState was interrupted
2022-07-12 23:20:26,233 [grpc-default-executor-2] INFO  impl.VoteContext (VoteContext.java:log(48)) - 77a98ace-e102-46e5-a474-eb7ed4f4a4ca@group-B7888055A6AD-CANDIDATE: reject ELECTION from f5ec0973-3ea4-44f3-b934-b5b86c2ad769: our priority 1 > candidate's priority 0
2022-07-12 23:20:26,233 [grpc-default-executor-2] INFO  server.RaftServer$Division (RaftServerImpl.java:setRole(299)) - 77a98ace-e102-46e5-a474-eb7ed4f4a4ca@group-B7888055A6AD: changes role from CANDIDATE to FOLLOWER at term 2 for candidate:f5ec0973-3ea4-44f3-b934-b5b86c2ad769
2022-07-12 23:20:26,233 [grpc-default-executor-2] INFO  impl.RoleInfo (RoleInfo.java:shutdownLeaderElection(130)) - 77a98ace-e102-46e5-a474-eb7ed4f4a4ca: shutdown 77a98ace-e102-46e5-a474-eb7ed4f4a4ca@group-B7888055A6AD-LeaderElection10
2022-07-12 23:20:26,238 [grpc-default-executor-2] INFO  impl.RoleInfo (RoleInfo.java:updateAndGet(139)) - 77a98ace-e102-46e5-a474-eb7ed4f4a4ca: start 77a98ace-e102-46e5-a474-eb7ed4f4a4ca@group-B7888055A6AD-FollowerState
2022-07-12 23:20:26,238 [grpc-default-executor-1] INFO  server.RaftServer$Division (RaftServerImpl.java:requestVote(1184)) - 30c4d38c-7dc2-4c52-bffc-86b7b0a91f0d@group-B7888055A6AD replies to ELECTION vote request: f5ec0973-3ea4-44f3-b934-b5b86c2ad769<-30c4d38c-7dc2-4c52-bffc-86b7b0a91f0d#0:OK-t2. Peer's state: 30c4d38c-7dc2-4c52-bffc-86b7b0a91f0d@group-B7888055A6AD:t2, leader=null, voted=f5ec0973-3ea4-44f3-b934-b5b86c2ad769, raftlog=30c4d38c-7dc2-4c52-bffc-86b7b0a91f0d@group-B7888055A6AD-SegmentedRaftLog:OPENED:c-1, conf=-1: [77a98ace-e102-46e5-a474-eb7ed4f4a4ca|rpc:10.1.0.13:44773|dataStream:|priority:1, f5ec0973-3ea4-44f3-b934-b5b86c2ad769|rpc:10.1.0.13:36411|dataStream:|priority:0, 30c4d38c-7dc2-4c52-bffc-86b7b0a91f0d|rpc:10.1.0.13:39527|dataStream:|priority:0], old=null
2022-07-12 23:20:26,240 [grpc-default-executor-2] INFO  server.RaftServer$Division (RaftServerImpl.java:requestVote(1184)) - 77a98ace-e102-46e5-a474-eb7ed4f4a4ca@group-B7888055A6AD replies to ELECTION vote request: f5ec0973-3ea4-44f3-b934-b5b86c2ad769<-77a98ace-e102-46e5-a474-eb7ed4f4a4ca#0:FAIL-t2. Peer's state: 77a98ace-e102-46e5-a474-eb7ed4f4a4ca@group-B7888055A6AD:t2, leader=null, voted=null, raftlog=77a98ace-e102-46e5-a474-eb7ed4f4a4ca@group-B7888055A6AD-SegmentedRaftLog:OPENED:c-1, conf=-1: [77a98ace-e102-46e5-a474-eb7ed4f4a4ca|rpc:10.1.0.13:44773|priority:1, f5ec0973-3ea4-44f3-b934-b5b86c2ad769|rpc:10.1.0.13:36411|priority:0, 30c4d38c-7dc2-4c52-bffc-86b7b0a91f0d|rpc:10.1.0.13:39527|priority:0], old=null
2022-07-12 23:20:26,241 [f5ec0973-3ea4-44f3-b934-b5b86c2ad769@group-B7888055A6AD-LeaderElection9] INFO  impl.LeaderElection (LeaderElection.java:logAndReturn(90)) - f5ec0973-3ea4-44f3-b934-b5b86c2ad769@group-B7888055A6AD-LeaderElection9: ELECTION REJECTED received 2 response(s) and 0 exception(s):
2022-07-12 23:20:26,242 [f5ec0973-3ea4-44f3-b934-b5b86c2ad769@group-B7888055A6AD-LeaderElection9] INFO  impl.LeaderElection (LeaderElection.java:logAndReturn(94)) -   Response 0: f5ec0973-3ea4-44f3-b934-b5b86c2ad769<-77a98ace-e102-46e5-a474-eb7ed4f4a4ca#0:FAIL-t2
2022-07-12 23:20:26,242 [f5ec0973-3ea4-44f3-b934-b5b86c2ad769@group-B7888055A6AD-LeaderElection9] INFO  impl.LeaderElection (LeaderElection.java:logAndReturn(94)) -   Response 1: f5ec0973-3ea4-44f3-b934-b5b86c2ad769<-30c4d38c-7dc2-4c52-bffc-86b7b0a91f0d#0:OK-t2
2022-07-12 23:20:26,242 [f5ec0973-3ea4-44f3-b934-b5b86c2ad769@group-B7888055A6AD-LeaderElection9] INFO  impl.LeaderElection (LeaderElection.java:askForVotes(312)) - f5ec0973-3ea4-44f3-b934-b5b86c2ad769@group-B7888055A6AD-LeaderElection9 ELECTION round 0: result REJECTED
2022-07-12 23:20:26,242 [f5ec0973-3ea4-44f3-b934-b5b86c2ad769@group-B7888055A6AD-LeaderElection9] INFO  server.RaftServer$Division (RaftServerImpl.java:setRole(299)) - f5ec0973-3ea4-44f3-b934-b5b86c2ad769@group-B7888055A6AD: changes role from CANDIDATE to FOLLOWER at term 2 for REJECTED
2022-07-12 23:20:26,242 [f5ec0973-3ea4-44f3-b934-b5b86c2ad769@group-B7888055A6AD-LeaderElection9] INFO  impl.RoleInfo (RoleInfo.java:shutdownLeaderElection(130)) - f5ec0973-3ea4-44f3-b934-b5b86c2ad769: shutdown f5ec0973-3ea4-44f3-b934-b5b86c2ad769@group-B7888055A6AD-LeaderElection9
2022-07-12 23:20:26,242 [f5ec0973-3ea4-44f3-b934-b5b86c2ad769@group-B7888055A6AD-LeaderElection9] INFO  impl.RoleInfo (RoleInfo.java:updateAndGet(139)) - f5ec0973-3ea4-44f3-b934-b5b86c2ad769: start f5ec0973-3ea4-44f3-b934-b5b86c2ad769@group-B7888055A6AD-FollowerState
]]></system-out>
  </testcase>
  <testcase name="testMkdirNonExistentVolumeBucket" classname="TestRootedOzoneFileSystem" time="0.113">
    <system-out><![CDATA[2022-07-12 23:21:38,706 [Time-limited test] INFO  rpc.RpcClient (RpcClient.java:createVolume(466)) - Creating Volume: volume18784, with user33011 as owner and space quota set to -1 bytes, counts quota set to -1
2022-07-12 23:21:38,712 [OM StateMachine ApplyTransaction Thread - 0] INFO  volume.OMVolumeCreateRequest (OMVolumeCreateRequest.java:validateAndUpdateCache(195)) - created volume:volume18784 for user:user33011
2022-07-12 23:21:38,713 [Time-limited test] INFO  rpc.RpcClient (RpcClient.java:createBucket(669)) - Creating Bucket: volume18784/bucket60664, with bucket layout LEGACY, runner as owner, Versioning false, Storage Type set to DISK and Encryption set to false 
2022-07-12 23:21:38,718 [OM StateMachine ApplyTransaction Thread - 0] INFO  bucket.OMBucketCreateRequest (OMBucketCreateRequest.java:validateAndUpdateCache(260)) - created bucket: bucket60664 of layout LEGACY in volume: volume18784
23:21:38.720 [IPC Server handler 7 on default port 33951] ERROR OMAudit - user=runner | ip=127.0.0.1 | op=READ_BUCKET {volume=volume-27369, bucket=bucket-36989} | ret=FAILURE
org.apache.hadoop.ozone.om.exceptions.OMException: Volume not found when getting bucket info
	at org.apache.hadoop.ozone.om.BucketManagerImpl.getBucketInfo(BucketManagerImpl.java:127) ~[ozone-manager-1.3.0-SNAPSHOT.jar:?]
	at org.apache.hadoop.ozone.om.OzoneManager.getBucketInfo(OzoneManager.java:2778) ~[ozone-manager-1.3.0-SNAPSHOT.jar:?]
	at org.apache.hadoop.ozone.protocolPB.OzoneManagerRequestHandler.infoBucket(OzoneManagerRequestHandler.java:464) ~[ozone-manager-1.3.0-SNAPSHOT.jar:?]
	at org.apache.hadoop.ozone.protocolPB.OzoneManagerRequestHandler.handleReadRequest(OzoneManagerRequestHandler.java:172) ~[ozone-manager-1.3.0-SNAPSHOT.jar:?]
	at org.apache.hadoop.ozone.protocolPB.OzoneManagerProtocolServerSideTranslatorPB.submitReadRequestToOM(OzoneManagerProtocolServerSideTranslatorPB.java:226) ~[ozone-manager-1.3.0-SNAPSHOT.jar:?]
	at org.apache.hadoop.ozone.protocolPB.OzoneManagerProtocolServerSideTranslatorPB.processRequest(OzoneManagerProtocolServerSideTranslatorPB.java:175) ~[ozone-manager-1.3.0-SNAPSHOT.jar:?]
	at org.apache.hadoop.hdds.server.OzoneProtocolMessageDispatcher.processRequest(OzoneProtocolMessageDispatcher.java:87) [hdds-server-framework-1.3.0-SNAPSHOT.jar:?]
	at org.apache.hadoop.ozone.protocolPB.OzoneManagerProtocolServerSideTranslatorPB.submitRequest(OzoneManagerProtocolServerSideTranslatorPB.java:147) [ozone-manager-1.3.0-SNAPSHOT.jar:?]
	at org.apache.hadoop.ozone.protocol.proto.OzoneManagerProtocolProtos$OzoneManagerService$2.callBlockingMethod(OzoneManagerProtocolProtos.java) [ozone-interface-client-1.3.0-SNAPSHOT.jar:?]
	at org.apache.hadoop.ipc.ProtobufRpcEngine$Server.processCall(ProtobufRpcEngine.java:466) [hadoop-common-3.3.1.jar:?]
	at org.apache.hadoop.ipc.ProtobufRpcEngine2$Server$ProtoBufRpcInvoker.call(ProtobufRpcEngine2.java:574) [hadoop-common-3.3.1.jar:?]
	at org.apache.hadoop.ipc.ProtobufRpcEngine2$Server$ProtoBufRpcInvoker.call(ProtobufRpcEngine2.java:552) [hadoop-common-3.3.1.jar:?]
	at org.apache.hadoop.ipc.RPC$Server.call(RPC.java:1093) [hadoop-common-3.3.1.jar:?]
	at org.apache.hadoop.ipc.Server$RpcCall.run(Server.java:1035) [hadoop-common-3.3.1.jar:?]
	at org.apache.hadoop.ipc.Server$RpcCall.run(Server.java:963) [hadoop-common-3.3.1.jar:?]
	at java.security.AccessController.doPrivileged(Native Method) ~[?:1.8.0_332]
	at javax.security.auth.Subject.doAs(Subject.java:422) [?:1.8.0_332]
	at org.apache.hadoop.security.UserGroupInformation.doAs(UserGroupInformation.java:1878) [hadoop-common-3.3.1.jar:?]
	at org.apache.hadoop.ipc.Server$Handler.run(Server.java:2966) [hadoop-common-3.3.1.jar:?]
2022-07-12 23:21:38,720 [Time-limited test] INFO  rpc.RpcClient (RpcClient.java:createVolume(466)) - Creating Volume: volume-27369, with runner as owner and space quota set to -1 bytes, counts quota set to -1
2022-07-12 23:21:38,722 [OM StateMachine ApplyTransaction Thread - 0] INFO  volume.OMVolumeCreateRequest (OMVolumeCreateRequest.java:validateAndUpdateCache(195)) - created volume:volume-27369 for user:runner
2022-07-12 23:21:38,723 [Time-limited test] INFO  rpc.RpcClient (RpcClient.java:createBucket(669)) - Creating Bucket: volume-27369/bucket-36989, with bucket layout LEGACY, runner as owner, Versioning false, Storage Type set to DISK and Encryption set to false 
2022-07-12 23:21:38,724 [OM StateMachine ApplyTransaction Thread - 0] INFO  bucket.OMBucketCreateRequest (OMBucketCreateRequest.java:validateAndUpdateCache(260)) - created bucket: bucket-36989 of layout LEGACY in volume: volume-27369
]]></system-out>
  </testcase>
  <testcase name="testMkdirNonExistentVolumeBucket" classname="TestRootedOzoneFileSystem" time="0.124">
    <system-out><![CDATA[2022-07-12 23:22:55,233 [Time-limited test] INFO  rpc.RpcClient (RpcClient.java:createVolume(466)) - Creating Volume: volume69610, with user01940 as owner and space quota set to -1 bytes, counts quota set to -1
2022-07-12 23:22:55,234 [IPC Server handler 14 on default port 43683] INFO  volume.OMVolumeCreateRequest (OMVolumeCreateRequest.java:validateAndUpdateCache(195)) - created volume:volume69610 for user:user01940
2022-07-12 23:22:55,237 [Time-limited test] INFO  rpc.RpcClient (RpcClient.java:createBucket(669)) - Creating Bucket: volume69610/bucket12547, with bucket layout LEGACY, runner as owner, Versioning false, Storage Type set to DISK and Encryption set to false 
2022-07-12 23:22:55,238 [IPC Server handler 12 on default port 43683] INFO  bucket.OMBucketCreateRequest (OMBucketCreateRequest.java:validateAndUpdateCache(260)) - created bucket: bucket12547 of layout LEGACY in volume: volume69610
23:22:55.239 [IPC Server handler 16 on default port 43683] ERROR OMAudit - user=runner | ip=127.0.0.1 | op=READ_BUCKET {volume=volume-03918, bucket=bucket-34843} | ret=FAILURE
org.apache.hadoop.ozone.om.exceptions.OMException: Volume not found when getting bucket info
	at org.apache.hadoop.ozone.om.BucketManagerImpl.getBucketInfo(BucketManagerImpl.java:127) ~[ozone-manager-1.3.0-SNAPSHOT.jar:?]
	at org.apache.hadoop.ozone.om.OzoneManager.getBucketInfo(OzoneManager.java:2778) ~[ozone-manager-1.3.0-SNAPSHOT.jar:?]
	at org.apache.hadoop.ozone.protocolPB.OzoneManagerRequestHandler.infoBucket(OzoneManagerRequestHandler.java:464) ~[ozone-manager-1.3.0-SNAPSHOT.jar:?]
	at org.apache.hadoop.ozone.protocolPB.OzoneManagerRequestHandler.handleReadRequest(OzoneManagerRequestHandler.java:172) ~[ozone-manager-1.3.0-SNAPSHOT.jar:?]
	at org.apache.hadoop.ozone.protocolPB.OzoneManagerProtocolServerSideTranslatorPB.submitRequestDirectlyToOM(OzoneManagerProtocolServerSideTranslatorPB.java:276) ~[ozone-manager-1.3.0-SNAPSHOT.jar:?]
	at org.apache.hadoop.ozone.protocolPB.OzoneManagerProtocolServerSideTranslatorPB.processRequest(OzoneManagerProtocolServerSideTranslatorPB.java:205) ~[ozone-manager-1.3.0-SNAPSHOT.jar:?]
	at org.apache.hadoop.hdds.server.OzoneProtocolMessageDispatcher.processRequest(OzoneProtocolMessageDispatcher.java:87) [hdds-server-framework-1.3.0-SNAPSHOT.jar:?]
	at org.apache.hadoop.ozone.protocolPB.OzoneManagerProtocolServerSideTranslatorPB.submitRequest(OzoneManagerProtocolServerSideTranslatorPB.java:147) [ozone-manager-1.3.0-SNAPSHOT.jar:?]
	at org.apache.hadoop.ozone.protocol.proto.OzoneManagerProtocolProtos$OzoneManagerService$2.callBlockingMethod(OzoneManagerProtocolProtos.java) [ozone-interface-client-1.3.0-SNAPSHOT.jar:?]
	at org.apache.hadoop.ipc.ProtobufRpcEngine$Server.processCall(ProtobufRpcEngine.java:466) [hadoop-common-3.3.1.jar:?]
	at org.apache.hadoop.ipc.ProtobufRpcEngine2$Server$ProtoBufRpcInvoker.call(ProtobufRpcEngine2.java:574) [hadoop-common-3.3.1.jar:?]
	at org.apache.hadoop.ipc.ProtobufRpcEngine2$Server$ProtoBufRpcInvoker.call(ProtobufRpcEngine2.java:552) [hadoop-common-3.3.1.jar:?]
	at org.apache.hadoop.ipc.RPC$Server.call(RPC.java:1093) [hadoop-common-3.3.1.jar:?]
	at org.apache.hadoop.ipc.Server$RpcCall.run(Server.java:1035) [hadoop-common-3.3.1.jar:?]
	at org.apache.hadoop.ipc.Server$RpcCall.run(Server.java:963) [hadoop-common-3.3.1.jar:?]
	at java.security.AccessController.doPrivileged(Native Method) ~[?:1.8.0_332]
	at javax.security.auth.Subject.doAs(Subject.java:422) [?:1.8.0_332]
	at org.apache.hadoop.security.UserGroupInformation.doAs(UserGroupInformation.java:1878) [hadoop-common-3.3.1.jar:?]
	at org.apache.hadoop.ipc.Server$Handler.run(Server.java:2966) [hadoop-common-3.3.1.jar:?]
2022-07-12 23:22:55,241 [Time-limited test] INFO  rpc.RpcClient (RpcClient.java:createVolume(466)) - Creating Volume: volume-03918, with runner as owner and space quota set to -1 bytes, counts quota set to -1
2022-07-12 23:22:55,241 [IPC Server handler 9 on default port 43683] INFO  volume.OMVolumeCreateRequest (OMVolumeCreateRequest.java:validateAndUpdateCache(195)) - created volume:volume-03918 for user:runner
2022-07-12 23:22:55,245 [Time-limited test] INFO  rpc.RpcClient (RpcClient.java:createBucket(669)) - Creating Bucket: volume-03918/bucket-34843, with bucket layout LEGACY, runner as owner, Versioning false, Storage Type set to DISK and Encryption set to false 
2022-07-12 23:22:55,245 [IPC Server handler 19 on default port 43683] INFO  bucket.OMBucketCreateRequest (OMBucketCreateRequest.java:validateAndUpdateCache(260)) - created bucket: bucket-34843 of layout LEGACY in volume: volume-03918
]]></system-out>
  </testcase>
  <testcase name="testMkdirNonExistentVolumeBucket" classname="TestRootedOzoneFileSystem" time="0.135">
    <system-out><![CDATA[2022-07-12 23:24:19,341 [Time-limited test] INFO  rpc.RpcClient (RpcClient.java:createVolume(466)) - Creating Volume: volume25215, with user28568 as owner and space quota set to -1 bytes, counts quota set to -1
2022-07-12 23:24:19,343 [OM StateMachine ApplyTransaction Thread - 0] INFO  volume.OMVolumeCreateRequest (OMVolumeCreateRequest.java:validateAndUpdateCache(195)) - created volume:volume25215 for user:user28568
2022-07-12 23:24:19,344 [Time-limited test] INFO  rpc.RpcClient (RpcClient.java:createBucket(669)) - Creating Bucket: volume25215/bucket24812, with bucket layout LEGACY, runner as owner, Versioning false, Storage Type set to DISK and Encryption set to false 
2022-07-12 23:24:19,346 [OM StateMachine ApplyTransaction Thread - 0] INFO  bucket.OMBucketCreateRequest (OMBucketCreateRequest.java:validateAndUpdateCache(260)) - created bucket: bucket24812 of layout LEGACY in volume: volume25215
23:24:19.347 [IPC Server handler 19 on default port 45473] ERROR OMAudit - user=runner | ip=127.0.0.1 | op=READ_BUCKET {volume=volume-54970, bucket=bucket-69673} | ret=FAILURE
org.apache.hadoop.ozone.om.exceptions.OMException: Volume not found when getting bucket info
	at org.apache.hadoop.ozone.om.BucketManagerImpl.getBucketInfo(BucketManagerImpl.java:127) ~[ozone-manager-1.3.0-SNAPSHOT.jar:?]
	at org.apache.hadoop.ozone.om.OzoneManager.getBucketInfo(OzoneManager.java:2778) ~[ozone-manager-1.3.0-SNAPSHOT.jar:?]
	at org.apache.hadoop.ozone.protocolPB.OzoneManagerRequestHandler.infoBucket(OzoneManagerRequestHandler.java:464) ~[ozone-manager-1.3.0-SNAPSHOT.jar:?]
	at org.apache.hadoop.ozone.protocolPB.OzoneManagerRequestHandler.handleReadRequest(OzoneManagerRequestHandler.java:172) ~[ozone-manager-1.3.0-SNAPSHOT.jar:?]
	at org.apache.hadoop.ozone.protocolPB.OzoneManagerProtocolServerSideTranslatorPB.submitReadRequestToOM(OzoneManagerProtocolServerSideTranslatorPB.java:226) ~[ozone-manager-1.3.0-SNAPSHOT.jar:?]
	at org.apache.hadoop.ozone.protocolPB.OzoneManagerProtocolServerSideTranslatorPB.processRequest(OzoneManagerProtocolServerSideTranslatorPB.java:175) ~[ozone-manager-1.3.0-SNAPSHOT.jar:?]
	at org.apache.hadoop.hdds.server.OzoneProtocolMessageDispatcher.processRequest(OzoneProtocolMessageDispatcher.java:87) [hdds-server-framework-1.3.0-SNAPSHOT.jar:?]
	at org.apache.hadoop.ozone.protocolPB.OzoneManagerProtocolServerSideTranslatorPB.submitRequest(OzoneManagerProtocolServerSideTranslatorPB.java:147) [ozone-manager-1.3.0-SNAPSHOT.jar:?]
	at org.apache.hadoop.ozone.protocol.proto.OzoneManagerProtocolProtos$OzoneManagerService$2.callBlockingMethod(OzoneManagerProtocolProtos.java) [ozone-interface-client-1.3.0-SNAPSHOT.jar:?]
	at org.apache.hadoop.ipc.ProtobufRpcEngine$Server.processCall(ProtobufRpcEngine.java:466) [hadoop-common-3.3.1.jar:?]
	at org.apache.hadoop.ipc.ProtobufRpcEngine2$Server$ProtoBufRpcInvoker.call(ProtobufRpcEngine2.java:574) [hadoop-common-3.3.1.jar:?]
	at org.apache.hadoop.ipc.ProtobufRpcEngine2$Server$ProtoBufRpcInvoker.call(ProtobufRpcEngine2.java:552) [hadoop-common-3.3.1.jar:?]
	at org.apache.hadoop.ipc.RPC$Server.call(RPC.java:1093) [hadoop-common-3.3.1.jar:?]
	at org.apache.hadoop.ipc.Server$RpcCall.run(Server.java:1035) [hadoop-common-3.3.1.jar:?]
	at org.apache.hadoop.ipc.Server$RpcCall.run(Server.java:963) [hadoop-common-3.3.1.jar:?]
	at java.security.AccessController.doPrivileged(Native Method) ~[?:1.8.0_332]
	at javax.security.auth.Subject.doAs(Subject.java:422) [?:1.8.0_332]
	at org.apache.hadoop.security.UserGroupInformation.doAs(UserGroupInformation.java:1878) [hadoop-common-3.3.1.jar:?]
	at org.apache.hadoop.ipc.Server$Handler.run(Server.java:2966) [hadoop-common-3.3.1.jar:?]
2022-07-12 23:24:19,348 [Time-limited test] INFO  rpc.RpcClient (RpcClient.java:createVolume(466)) - Creating Volume: volume-54970, with runner as owner and space quota set to -1 bytes, counts quota set to -1
2022-07-12 23:24:19,349 [OM StateMachine ApplyTransaction Thread - 0] INFO  volume.OMVolumeCreateRequest (OMVolumeCreateRequest.java:validateAndUpdateCache(195)) - created volume:volume-54970 for user:runner
2022-07-12 23:24:19,350 [Time-limited test] INFO  rpc.RpcClient (RpcClient.java:createBucket(669)) - Creating Bucket: volume-54970/bucket-69673, with bucket layout LEGACY, runner as owner, Versioning false, Storage Type set to DISK and Encryption set to false 
2022-07-12 23:24:19,361 [OM StateMachine ApplyTransaction Thread - 0] INFO  bucket.OMBucketCreateRequest (OMBucketCreateRequest.java:validateAndUpdateCache(260)) - created bucket: bucket-69673 of layout LEGACY in volume: volume-54970
]]></system-out>
  </testcase>
  <testcase name="testMkdirNonExistentVolumeBucket" classname="TestRootedOzoneFileSystem" time="0.171">
    <system-out><![CDATA[2022-07-12 23:25:43,083 [Time-limited test] INFO  rpc.RpcClient (RpcClient.java:createVolume(466)) - Creating Volume: volume21375, with user53649 as owner and space quota set to -1 bytes, counts quota set to -1
2022-07-12 23:25:43,084 [IPC Server handler 3 on default port 46473] INFO  volume.OMVolumeCreateRequest (OMVolumeCreateRequest.java:validateAndUpdateCache(195)) - created volume:volume21375 for user:user53649
2022-07-12 23:25:43,094 [Time-limited test] INFO  rpc.RpcClient (RpcClient.java:createBucket(669)) - Creating Bucket: volume21375/bucket19116, with bucket layout LEGACY, runner as owner, Versioning false, Storage Type set to DISK and Encryption set to false 
2022-07-12 23:25:43,100 [IPC Server handler 2 on default port 46473] INFO  bucket.OMBucketCreateRequest (OMBucketCreateRequest.java:validateAndUpdateCache(260)) - created bucket: bucket19116 of layout LEGACY in volume: volume21375
23:25:43.113 [IPC Server handler 18 on default port 46473] ERROR OMAudit - user=runner | ip=127.0.0.1 | op=READ_BUCKET {volume=volume-03926, bucket=bucket-80118} | ret=FAILURE
org.apache.hadoop.ozone.om.exceptions.OMException: Volume not found when getting bucket info
	at org.apache.hadoop.ozone.om.BucketManagerImpl.getBucketInfo(BucketManagerImpl.java:127) ~[ozone-manager-1.3.0-SNAPSHOT.jar:?]
	at org.apache.hadoop.ozone.om.OzoneManager.getBucketInfo(OzoneManager.java:2778) ~[ozone-manager-1.3.0-SNAPSHOT.jar:?]
	at org.apache.hadoop.ozone.protocolPB.OzoneManagerRequestHandler.infoBucket(OzoneManagerRequestHandler.java:464) ~[ozone-manager-1.3.0-SNAPSHOT.jar:?]
	at org.apache.hadoop.ozone.protocolPB.OzoneManagerRequestHandler.handleReadRequest(OzoneManagerRequestHandler.java:172) ~[ozone-manager-1.3.0-SNAPSHOT.jar:?]
	at org.apache.hadoop.ozone.protocolPB.OzoneManagerProtocolServerSideTranslatorPB.submitRequestDirectlyToOM(OzoneManagerProtocolServerSideTranslatorPB.java:276) ~[ozone-manager-1.3.0-SNAPSHOT.jar:?]
	at org.apache.hadoop.ozone.protocolPB.OzoneManagerProtocolServerSideTranslatorPB.processRequest(OzoneManagerProtocolServerSideTranslatorPB.java:205) ~[ozone-manager-1.3.0-SNAPSHOT.jar:?]
	at org.apache.hadoop.hdds.server.OzoneProtocolMessageDispatcher.processRequest(OzoneProtocolMessageDispatcher.java:87) [hdds-server-framework-1.3.0-SNAPSHOT.jar:?]
	at org.apache.hadoop.ozone.protocolPB.OzoneManagerProtocolServerSideTranslatorPB.submitRequest(OzoneManagerProtocolServerSideTranslatorPB.java:147) [ozone-manager-1.3.0-SNAPSHOT.jar:?]
	at org.apache.hadoop.ozone.protocol.proto.OzoneManagerProtocolProtos$OzoneManagerService$2.callBlockingMethod(OzoneManagerProtocolProtos.java) [ozone-interface-client-1.3.0-SNAPSHOT.jar:?]
	at org.apache.hadoop.ipc.ProtobufRpcEngine$Server.processCall(ProtobufRpcEngine.java:466) [hadoop-common-3.3.1.jar:?]
	at org.apache.hadoop.ipc.ProtobufRpcEngine2$Server$ProtoBufRpcInvoker.call(ProtobufRpcEngine2.java:574) [hadoop-common-3.3.1.jar:?]
	at org.apache.hadoop.ipc.ProtobufRpcEngine2$Server$ProtoBufRpcInvoker.call(ProtobufRpcEngine2.java:552) [hadoop-common-3.3.1.jar:?]
	at org.apache.hadoop.ipc.RPC$Server.call(RPC.java:1093) [hadoop-common-3.3.1.jar:?]
	at org.apache.hadoop.ipc.Server$RpcCall.run(Server.java:1035) [hadoop-common-3.3.1.jar:?]
	at org.apache.hadoop.ipc.Server$RpcCall.run(Server.java:963) [hadoop-common-3.3.1.jar:?]
	at java.security.AccessController.doPrivileged(Native Method) ~[?:1.8.0_332]
	at javax.security.auth.Subject.doAs(Subject.java:422) [?:1.8.0_332]
	at org.apache.hadoop.security.UserGroupInformation.doAs(UserGroupInformation.java:1878) [hadoop-common-3.3.1.jar:?]
	at org.apache.hadoop.ipc.Server$Handler.run(Server.java:2966) [hadoop-common-3.3.1.jar:?]
2022-07-12 23:25:43,113 [Time-limited test] INFO  rpc.RpcClient (RpcClient.java:createVolume(466)) - Creating Volume: volume-03926, with runner as owner and space quota set to -1 bytes, counts quota set to -1
2022-07-12 23:25:43,114 [IPC Server handler 16 on default port 46473] INFO  volume.OMVolumeCreateRequest (OMVolumeCreateRequest.java:validateAndUpdateCache(195)) - created volume:volume-03926 for user:runner
2022-07-12 23:25:43,116 [Time-limited test] INFO  rpc.RpcClient (RpcClient.java:createBucket(669)) - Creating Bucket: volume-03926/bucket-80118, with bucket layout LEGACY, runner as owner, Versioning false, Storage Type set to DISK and Encryption set to false 
2022-07-12 23:25:43,116 [IPC Server handler 14 on default port 46473] INFO  bucket.OMBucketCreateRequest (OMBucketCreateRequest.java:validateAndUpdateCache(260)) - created bucket: bucket-80118 of layout LEGACY in volume: volume-03926
]]></system-out>
  </testcase>
  <testcase name="testFailToDeleteRoot" classname="TestRootedOzoneFileSystem" time="0.052">
    <system-out><![CDATA[2022-07-12 23:20:26,296 [Time-limited test] INFO  rpc.RpcClient (RpcClient.java:createVolume(466)) - Creating Volume: volume67990, with user89146 as owner and space quota set to -1 bytes, counts quota set to -1
2022-07-12 23:20:26,300 [OM StateMachine ApplyTransaction Thread - 0] INFO  volume.OMVolumeCreateRequest (OMVolumeCreateRequest.java:validateAndUpdateCache(195)) - created volume:volume67990 for user:user89146
2022-07-12 23:20:26,302 [Time-limited test] INFO  rpc.RpcClient (RpcClient.java:createBucket(669)) - Creating Bucket: volume67990/bucket72510, with bucket layout LEGACY, runner as owner, Versioning false, Storage Type set to DISK and Encryption set to false 
2022-07-12 23:20:26,305 [OM StateMachine ApplyTransaction Thread - 0] INFO  bucket.OMBucketCreateRequest (OMBucketCreateRequest.java:validateAndUpdateCache(260)) - created bucket: bucket72510 of layout LEGACY in volume: volume67990
2022-07-12 23:20:26,308 [Time-limited test] WARN  ozone.BasicRootedOzoneFileSystem (BasicRootedOzoneFileSystem.java:delete(591)) - delete: OFS does not support rm root. To wipe the cluster, please re-init OM instead.
2022-07-12 23:20:26,310 [Time-limited test] WARN  ozone.BasicRootedOzoneFileSystem (BasicRootedOzoneFileSystem.java:delete(591)) - delete: OFS does not support rm root. To wipe the cluster, please re-init OM instead.
]]></system-out>
  </testcase>
  <testcase name="testFailToDeleteRoot" classname="TestRootedOzoneFileSystem" time="0.075">
    <system-out><![CDATA[2022-07-12 23:21:38,799 [Time-limited test] INFO  rpc.RpcClient (RpcClient.java:createVolume(466)) - Creating Volume: volume27343, with user94837 as owner and space quota set to -1 bytes, counts quota set to -1
2022-07-12 23:21:38,801 [OM StateMachine ApplyTransaction Thread - 0] INFO  volume.OMVolumeCreateRequest (OMVolumeCreateRequest.java:validateAndUpdateCache(195)) - created volume:volume27343 for user:user94837
2022-07-12 23:21:38,805 [Time-limited test] INFO  rpc.RpcClient (RpcClient.java:createBucket(669)) - Creating Bucket: volume27343/bucket25639, with bucket layout LEGACY, runner as owner, Versioning false, Storage Type set to DISK and Encryption set to false 
2022-07-12 23:21:38,807 [OM StateMachine ApplyTransaction Thread - 0] INFO  bucket.OMBucketCreateRequest (OMBucketCreateRequest.java:validateAndUpdateCache(260)) - created bucket: bucket25639 of layout LEGACY in volume: volume27343
2022-07-12 23:21:38,808 [Time-limited test] WARN  ozone.BasicRootedOzoneFileSystem (BasicRootedOzoneFileSystem.java:delete(591)) - delete: OFS does not support rm root. To wipe the cluster, please re-init OM instead.
2022-07-12 23:21:38,808 [Time-limited test] WARN  ozone.BasicRootedOzoneFileSystem (BasicRootedOzoneFileSystem.java:delete(591)) - delete: OFS does not support rm root. To wipe the cluster, please re-init OM instead.
]]></system-out>
  </testcase>
  <testcase name="testFailToDeleteRoot" classname="TestRootedOzoneFileSystem" time="0.182">
    <system-out><![CDATA[2022-07-12 23:22:55,421 [Time-limited test] INFO  rpc.RpcClient (RpcClient.java:createVolume(466)) - Creating Volume: volume75512, with user27302 as owner and space quota set to -1 bytes, counts quota set to -1
2022-07-12 23:22:55,422 [IPC Server handler 1 on default port 43683] INFO  volume.OMVolumeCreateRequest (OMVolumeCreateRequest.java:validateAndUpdateCache(195)) - created volume:volume75512 for user:user27302
2022-07-12 23:22:55,423 [Time-limited test] INFO  rpc.RpcClient (RpcClient.java:createBucket(669)) - Creating Bucket: volume75512/bucket93712, with bucket layout LEGACY, runner as owner, Versioning false, Storage Type set to DISK and Encryption set to false 
2022-07-12 23:22:55,424 [IPC Server handler 5 on default port 43683] INFO  bucket.OMBucketCreateRequest (OMBucketCreateRequest.java:validateAndUpdateCache(260)) - created bucket: bucket93712 of layout LEGACY in volume: volume75512
2022-07-12 23:22:55,425 [Time-limited test] WARN  ozone.BasicRootedOzoneFileSystem (BasicRootedOzoneFileSystem.java:delete(591)) - delete: OFS does not support rm root. To wipe the cluster, please re-init OM instead.
2022-07-12 23:22:55,425 [Time-limited test] WARN  ozone.BasicRootedOzoneFileSystem (BasicRootedOzoneFileSystem.java:delete(591)) - delete: OFS does not support rm root. To wipe the cluster, please re-init OM instead.
]]></system-out>
  </testcase>
  <testcase name="testFailToDeleteRoot" classname="TestRootedOzoneFileSystem" time="0.198">
    <system-out><![CDATA[2022-07-12 23:24:19,549 [Time-limited test] INFO  rpc.RpcClient (RpcClient.java:createVolume(466)) - Creating Volume: volume32924, with user75532 as owner and space quota set to -1 bytes, counts quota set to -1
2022-07-12 23:24:19,565 [OM StateMachine ApplyTransaction Thread - 0] INFO  volume.OMVolumeCreateRequest (OMVolumeCreateRequest.java:validateAndUpdateCache(195)) - created volume:volume32924 for user:user75532
2022-07-12 23:24:19,569 [Time-limited test] INFO  rpc.RpcClient (RpcClient.java:createBucket(669)) - Creating Bucket: volume32924/bucket56464, with bucket layout LEGACY, runner as owner, Versioning false, Storage Type set to DISK and Encryption set to false 
2022-07-12 23:24:19,570 [OM StateMachine ApplyTransaction Thread - 0] INFO  bucket.OMBucketCreateRequest (OMBucketCreateRequest.java:validateAndUpdateCache(260)) - created bucket: bucket56464 of layout LEGACY in volume: volume32924
2022-07-12 23:24:19,572 [Time-limited test] WARN  ozone.BasicRootedOzoneFileSystem (BasicRootedOzoneFileSystem.java:delete(591)) - delete: OFS does not support rm root. To wipe the cluster, please re-init OM instead.
2022-07-12 23:24:19,572 [Time-limited test] WARN  ozone.BasicRootedOzoneFileSystem (BasicRootedOzoneFileSystem.java:delete(591)) - delete: OFS does not support rm root. To wipe the cluster, please re-init OM instead.
]]></system-out>
  </testcase>
  <testcase name="testFailToDeleteRoot" classname="TestRootedOzoneFileSystem" time="0.086">
    <system-out><![CDATA[2022-07-12 23:25:43,215 [Time-limited test] INFO  rpc.RpcClient (RpcClient.java:createVolume(466)) - Creating Volume: volume89244, with user80863 as owner and space quota set to -1 bytes, counts quota set to -1
2022-07-12 23:25:43,216 [IPC Server handler 11 on default port 46473] INFO  volume.OMVolumeCreateRequest (OMVolumeCreateRequest.java:validateAndUpdateCache(195)) - created volume:volume89244 for user:user80863
2022-07-12 23:25:43,221 [Time-limited test] INFO  rpc.RpcClient (RpcClient.java:createBucket(669)) - Creating Bucket: volume89244/bucket49130, with bucket layout LEGACY, runner as owner, Versioning false, Storage Type set to DISK and Encryption set to false 
2022-07-12 23:25:43,222 [IPC Server handler 9 on default port 46473] INFO  bucket.OMBucketCreateRequest (OMBucketCreateRequest.java:validateAndUpdateCache(260)) - created bucket: bucket49130 of layout LEGACY in volume: volume89244
2022-07-12 23:25:43,222 [Time-limited test] WARN  ozone.BasicRootedOzoneFileSystem (BasicRootedOzoneFileSystem.java:delete(591)) - delete: OFS does not support rm root. To wipe the cluster, please re-init OM instead.
2022-07-12 23:25:43,222 [Time-limited test] WARN  ozone.BasicRootedOzoneFileSystem (BasicRootedOzoneFileSystem.java:delete(591)) - delete: OFS does not support rm root. To wipe the cluster, please re-init OM instead.
]]></system-out>
  </testcase>
  <testcase name="testListStatusOnSubDirs" classname="TestRootedOzoneFileSystem" time="0.106">
    <system-out><![CDATA[2022-07-12 23:20:26,350 [Time-limited test] INFO  rpc.RpcClient (RpcClient.java:createVolume(466)) - Creating Volume: volume22886, with user87581 as owner and space quota set to -1 bytes, counts quota set to -1
2022-07-12 23:20:26,353 [OM StateMachine ApplyTransaction Thread - 0] INFO  volume.OMVolumeCreateRequest (OMVolumeCreateRequest.java:validateAndUpdateCache(195)) - created volume:volume22886 for user:user87581
2022-07-12 23:20:26,356 [Time-limited test] INFO  rpc.RpcClient (RpcClient.java:createBucket(669)) - Creating Bucket: volume22886/bucket83168, with bucket layout LEGACY, runner as owner, Versioning false, Storage Type set to DISK and Encryption set to false 
2022-07-12 23:20:26,359 [OM StateMachine ApplyTransaction Thread - 0] INFO  bucket.OMBucketCreateRequest (OMBucketCreateRequest.java:validateAndUpdateCache(260)) - created bucket: bucket83168 of layout LEGACY in volume: volume22886
]]></system-out>
  </testcase>
  <testcase name="testListStatusOnSubDirs" classname="TestRootedOzoneFileSystem" time="0.152">
    <system-out><![CDATA[2022-07-12 23:21:38,916 [Time-limited test] INFO  rpc.RpcClient (RpcClient.java:createVolume(466)) - Creating Volume: volume20942, with user74639 as owner and space quota set to -1 bytes, counts quota set to -1
2022-07-12 23:21:38,924 [OM StateMachine ApplyTransaction Thread - 0] INFO  volume.OMVolumeCreateRequest (OMVolumeCreateRequest.java:validateAndUpdateCache(195)) - created volume:volume20942 for user:user74639
2022-07-12 23:21:38,928 [Time-limited test] INFO  rpc.RpcClient (RpcClient.java:createBucket(669)) - Creating Bucket: volume20942/bucket93846, with bucket layout LEGACY, runner as owner, Versioning false, Storage Type set to DISK and Encryption set to false 
2022-07-12 23:21:38,930 [OM StateMachine ApplyTransaction Thread - 0] INFO  bucket.OMBucketCreateRequest (OMBucketCreateRequest.java:validateAndUpdateCache(260)) - created bucket: bucket93846 of layout LEGACY in volume: volume20942
]]></system-out>
  </testcase>
  <testcase name="testListStatusOnSubDirs" classname="TestRootedOzoneFileSystem" time="0.08">
    <system-out><![CDATA[2022-07-12 23:22:55,494 [Time-limited test] INFO  rpc.RpcClient (RpcClient.java:createVolume(466)) - Creating Volume: volume75843, with user78520 as owner and space quota set to -1 bytes, counts quota set to -1
2022-07-12 23:22:55,495 [IPC Server handler 4 on default port 43683] INFO  volume.OMVolumeCreateRequest (OMVolumeCreateRequest.java:validateAndUpdateCache(195)) - created volume:volume75843 for user:user78520
2022-07-12 23:22:55,496 [Time-limited test] INFO  rpc.RpcClient (RpcClient.java:createBucket(669)) - Creating Bucket: volume75843/bucket70582, with bucket layout LEGACY, runner as owner, Versioning false, Storage Type set to DISK and Encryption set to false 
2022-07-12 23:22:55,496 [IPC Server handler 2 on default port 43683] INFO  bucket.OMBucketCreateRequest (OMBucketCreateRequest.java:validateAndUpdateCache(260)) - created bucket: bucket70582 of layout LEGACY in volume: volume75843
]]></system-out>
  </testcase>
  <testcase name="testListStatusOnSubDirs" classname="TestRootedOzoneFileSystem" time="0.157">
    <system-out><![CDATA[2022-07-12 23:24:19,681 [Time-limited test] INFO  rpc.RpcClient (RpcClient.java:createVolume(466)) - Creating Volume: volume29370, with user37616 as owner and space quota set to -1 bytes, counts quota set to -1
2022-07-12 23:24:19,685 [OM StateMachine ApplyTransaction Thread - 0] INFO  volume.OMVolumeCreateRequest (OMVolumeCreateRequest.java:validateAndUpdateCache(195)) - created volume:volume29370 for user:user37616
2022-07-12 23:24:19,698 [Time-limited test] INFO  rpc.RpcClient (RpcClient.java:createBucket(669)) - Creating Bucket: volume29370/bucket54577, with bucket layout LEGACY, runner as owner, Versioning false, Storage Type set to DISK and Encryption set to false 
2022-07-12 23:24:19,699 [OM StateMachine ApplyTransaction Thread - 0] INFO  bucket.OMBucketCreateRequest (OMBucketCreateRequest.java:validateAndUpdateCache(260)) - created bucket: bucket54577 of layout LEGACY in volume: volume29370
]]></system-out>
  </testcase>
  <testcase name="testListStatusOnSubDirs" classname="TestRootedOzoneFileSystem" time="0.106">
    <system-out><![CDATA[2022-07-12 23:25:43,283 [Time-limited test] INFO  rpc.RpcClient (RpcClient.java:createVolume(466)) - Creating Volume: volume93218, with user54818 as owner and space quota set to -1 bytes, counts quota set to -1
2022-07-12 23:25:43,284 [IPC Server handler 10 on default port 46473] INFO  volume.OMVolumeCreateRequest (OMVolumeCreateRequest.java:validateAndUpdateCache(195)) - created volume:volume93218 for user:user54818
2022-07-12 23:25:43,290 [Time-limited test] INFO  rpc.RpcClient (RpcClient.java:createBucket(669)) - Creating Bucket: volume93218/bucket48886, with bucket layout LEGACY, runner as owner, Versioning false, Storage Type set to DISK and Encryption set to false 
2022-07-12 23:25:43,290 [IPC Server handler 8 on default port 46473] INFO  bucket.OMBucketCreateRequest (OMBucketCreateRequest.java:validateAndUpdateCache(260)) - created bucket: bucket48886 of layout LEGACY in volume: volume93218
]]></system-out>
  </testcase>
  <testcase name="testListStatus" classname="TestRootedOzoneFileSystem" time="0.116">
    <system-out><![CDATA[2022-07-12 23:20:26,453 [Time-limited test] INFO  rpc.RpcClient (RpcClient.java:createVolume(466)) - Creating Volume: volume79241, with user30816 as owner and space quota set to -1 bytes, counts quota set to -1
2022-07-12 23:20:26,461 [OM StateMachine ApplyTransaction Thread - 0] INFO  volume.OMVolumeCreateRequest (OMVolumeCreateRequest.java:validateAndUpdateCache(195)) - created volume:volume79241 for user:user30816
2022-07-12 23:20:26,463 [Time-limited test] INFO  rpc.RpcClient (RpcClient.java:createBucket(669)) - Creating Bucket: volume79241/bucket02898, with bucket layout LEGACY, runner as owner, Versioning false, Storage Type set to DISK and Encryption set to false 
2022-07-12 23:20:26,467 [OM StateMachine ApplyTransaction Thread - 0] INFO  bucket.OMBucketCreateRequest (OMBucketCreateRequest.java:validateAndUpdateCache(260)) - created bucket: bucket02898 of layout LEGACY in volume: volume79241
]]></system-out>
  </testcase>
  <testcase name="testListStatus" classname="TestRootedOzoneFileSystem" time="0.153">
    <system-out><![CDATA[2022-07-12 23:21:39,061 [Time-limited test] INFO  rpc.RpcClient (RpcClient.java:createVolume(466)) - Creating Volume: volume32773, with user72022 as owner and space quota set to -1 bytes, counts quota set to -1
2022-07-12 23:21:39,065 [OM StateMachine ApplyTransaction Thread - 0] INFO  volume.OMVolumeCreateRequest (OMVolumeCreateRequest.java:validateAndUpdateCache(195)) - created volume:volume32773 for user:user72022
2022-07-12 23:21:39,067 [Time-limited test] INFO  rpc.RpcClient (RpcClient.java:createBucket(669)) - Creating Bucket: volume32773/bucket67761, with bucket layout LEGACY, runner as owner, Versioning false, Storage Type set to DISK and Encryption set to false 
2022-07-12 23:21:39,068 [OM StateMachine ApplyTransaction Thread - 0] INFO  bucket.OMBucketCreateRequest (OMBucketCreateRequest.java:validateAndUpdateCache(260)) - created bucket: bucket67761 of layout LEGACY in volume: volume32773
]]></system-out>
  </testcase>
  <testcase name="testListStatus" classname="TestRootedOzoneFileSystem" time="0.132">
    <system-out><![CDATA[2022-07-12 23:22:55,590 [Time-limited test] INFO  rpc.RpcClient (RpcClient.java:createVolume(466)) - Creating Volume: volume74719, with user11638 as owner and space quota set to -1 bytes, counts quota set to -1
2022-07-12 23:22:55,590 [IPC Server handler 19 on default port 43683] INFO  volume.OMVolumeCreateRequest (OMVolumeCreateRequest.java:validateAndUpdateCache(195)) - created volume:volume74719 for user:user11638
2022-07-12 23:22:55,598 [Time-limited test] INFO  rpc.RpcClient (RpcClient.java:createBucket(669)) - Creating Bucket: volume74719/bucket07592, with bucket layout LEGACY, runner as owner, Versioning false, Storage Type set to DISK and Encryption set to false 
2022-07-12 23:22:55,602 [IPC Server handler 0 on default port 43683] INFO  bucket.OMBucketCreateRequest (OMBucketCreateRequest.java:validateAndUpdateCache(260)) - created bucket: bucket07592 of layout LEGACY in volume: volume74719
]]></system-out>
  </testcase>
  <testcase name="testListStatus" classname="TestRootedOzoneFileSystem" time="0.237">
    <system-out><![CDATA[2022-07-12 23:24:19,876 [Time-limited test] INFO  rpc.RpcClient (RpcClient.java:createVolume(466)) - Creating Volume: volume80073, with user25604 as owner and space quota set to -1 bytes, counts quota set to -1
2022-07-12 23:24:19,878 [OM StateMachine ApplyTransaction Thread - 0] INFO  volume.OMVolumeCreateRequest (OMVolumeCreateRequest.java:validateAndUpdateCache(195)) - created volume:volume80073 for user:user25604
2022-07-12 23:24:19,879 [Time-limited test] INFO  rpc.RpcClient (RpcClient.java:createBucket(669)) - Creating Bucket: volume80073/bucket57623, with bucket layout LEGACY, runner as owner, Versioning false, Storage Type set to DISK and Encryption set to false 
2022-07-12 23:24:19,890 [OM StateMachine ApplyTransaction Thread - 0] INFO  bucket.OMBucketCreateRequest (OMBucketCreateRequest.java:validateAndUpdateCache(260)) - created bucket: bucket57623 of layout LEGACY in volume: volume80073
]]></system-out>
  </testcase>
  <testcase name="testListStatus" classname="TestRootedOzoneFileSystem" time="0.328">
    <system-out><![CDATA[2022-07-12 23:25:43,550 [Time-limited test] INFO  rpc.RpcClient (RpcClient.java:createVolume(466)) - Creating Volume: volume79910, with user40169 as owner and space quota set to -1 bytes, counts quota set to -1
2022-07-12 23:25:43,553 [IPC Server handler 14 on default port 46473] INFO  volume.OMVolumeCreateRequest (OMVolumeCreateRequest.java:validateAndUpdateCache(195)) - created volume:volume79910 for user:user40169
2022-07-12 23:25:43,566 [Time-limited test] INFO  rpc.RpcClient (RpcClient.java:createBucket(669)) - Creating Bucket: volume79910/bucket28431, with bucket layout LEGACY, runner as owner, Versioning false, Storage Type set to DISK and Encryption set to false 
2022-07-12 23:25:43,566 [IPC Server handler 12 on default port 46473] INFO  bucket.OMBucketCreateRequest (OMBucketCreateRequest.java:validateAndUpdateCache(260)) - created bucket: bucket28431 of layout LEGACY in volume: volume79910
]]></system-out>
  </testcase>
  <testcase name="testGetTrashRoots" classname="TestRootedOzoneFileSystem" time="0.69">
    <system-out><![CDATA[2022-07-12 23:20:26,568 [Time-limited test] INFO  rpc.RpcClient (RpcClient.java:createVolume(466)) - Creating Volume: volume75096, with user62118 as owner and space quota set to -1 bytes, counts quota set to -1
2022-07-12 23:20:26,572 [OM StateMachine ApplyTransaction Thread - 0] INFO  volume.OMVolumeCreateRequest (OMVolumeCreateRequest.java:validateAndUpdateCache(195)) - created volume:volume75096 for user:user62118
2022-07-12 23:20:26,576 [Time-limited test] INFO  rpc.RpcClient (RpcClient.java:createBucket(669)) - Creating Bucket: volume75096/bucket74501, with bucket layout LEGACY, runner as owner, Versioning false, Storage Type set to DISK and Encryption set to false 
2022-07-12 23:20:26,580 [OM StateMachine ApplyTransaction Thread - 0] INFO  bucket.OMBucketCreateRequest (OMBucketCreateRequest.java:validateAndUpdateCache(260)) - created bucket: bucket74501 of layout LEGACY in volume: volume75096
23:20:26.600 [IPC Server handler 3 on default port 35283] ERROR OMAudit - user=runner | ip=127.0.0.1 | op=GET_FILE_STATUS {volume=83246d7d-9042-4394-a108-f80d9aa973ec, bucket=69a3f40a-3e4c-4040-923a-d7c5663f1387, key=.Trash/runner, dataSize=0, replicationConfig=null} | ret=FAILURE
org.apache.hadoop.ozone.om.exceptions.OMException: Unable to get file status: volume: 83246d7d-9042-4394-a108-f80d9aa973ec bucket: 69a3f40a-3e4c-4040-923a-d7c5663f1387 key: .Trash/runner
	at org.apache.hadoop.ozone.om.KeyManagerImpl.getOzoneFileStatus(KeyManagerImpl.java:1311) ~[ozone-manager-1.3.0-SNAPSHOT.jar:?]
	at org.apache.hadoop.ozone.om.KeyManagerImpl.getFileStatus(KeyManagerImpl.java:1241) ~[ozone-manager-1.3.0-SNAPSHOT.jar:?]
	at org.apache.hadoop.ozone.om.OzoneManager.getFileStatus(OzoneManager.java:3419) ~[ozone-manager-1.3.0-SNAPSHOT.jar:?]
	at org.apache.hadoop.ozone.protocolPB.OzoneManagerRequestHandler.getOzoneFileStatus(OzoneManagerRequestHandler.java:871) ~[ozone-manager-1.3.0-SNAPSHOT.jar:?]
	at org.apache.hadoop.ozone.protocolPB.OzoneManagerRequestHandler.handleReadRequest(OzoneManagerRequestHandler.java:217) ~[ozone-manager-1.3.0-SNAPSHOT.jar:?]
	at org.apache.hadoop.ozone.protocolPB.OzoneManagerProtocolServerSideTranslatorPB.submitReadRequestToOM(OzoneManagerProtocolServerSideTranslatorPB.java:226) ~[ozone-manager-1.3.0-SNAPSHOT.jar:?]
	at org.apache.hadoop.ozone.protocolPB.OzoneManagerProtocolServerSideTranslatorPB.processRequest(OzoneManagerProtocolServerSideTranslatorPB.java:175) ~[ozone-manager-1.3.0-SNAPSHOT.jar:?]
	at org.apache.hadoop.hdds.server.OzoneProtocolMessageDispatcher.processRequest(OzoneProtocolMessageDispatcher.java:87) [hdds-server-framework-1.3.0-SNAPSHOT.jar:?]
	at org.apache.hadoop.ozone.protocolPB.OzoneManagerProtocolServerSideTranslatorPB.submitRequest(OzoneManagerProtocolServerSideTranslatorPB.java:147) [ozone-manager-1.3.0-SNAPSHOT.jar:?]
	at org.apache.hadoop.ozone.protocol.proto.OzoneManagerProtocolProtos$OzoneManagerService$2.callBlockingMethod(OzoneManagerProtocolProtos.java) [ozone-interface-client-1.3.0-SNAPSHOT.jar:?]
	at org.apache.hadoop.ipc.ProtobufRpcEngine$Server.processCall(ProtobufRpcEngine.java:466) [hadoop-common-3.3.1.jar:?]
	at org.apache.hadoop.ipc.ProtobufRpcEngine2$Server$ProtoBufRpcInvoker.call(ProtobufRpcEngine2.java:574) [hadoop-common-3.3.1.jar:?]
	at org.apache.hadoop.ipc.ProtobufRpcEngine2$Server$ProtoBufRpcInvoker.call(ProtobufRpcEngine2.java:552) [hadoop-common-3.3.1.jar:?]
	at org.apache.hadoop.ipc.RPC$Server.call(RPC.java:1093) [hadoop-common-3.3.1.jar:?]
	at org.apache.hadoop.ipc.Server$RpcCall.run(Server.java:1035) [hadoop-common-3.3.1.jar:?]
	at org.apache.hadoop.ipc.Server$RpcCall.run(Server.java:963) [hadoop-common-3.3.1.jar:?]
	at java.security.AccessController.doPrivileged(Native Method) ~[?:1.8.0_332]
	at javax.security.auth.Subject.doAs(Subject.java:422) [?:1.8.0_332]
	at org.apache.hadoop.security.UserGroupInformation.doAs(UserGroupInformation.java:1878) [hadoop-common-3.3.1.jar:?]
	at org.apache.hadoop.ipc.Server$Handler.run(Server.java:2966) [hadoop-common-3.3.1.jar:?]
23:20:26.605 [IPC Server handler 11 on default port 35283] ERROR OMAudit - user=runner | ip=127.0.0.1 | op=GET_FILE_STATUS {volume=volume75096, bucket=bucket74501, key=.Trash/runner, dataSize=0, replicationConfig=null} | ret=FAILURE
org.apache.hadoop.ozone.om.exceptions.OMException: Unable to get file status: volume: volume75096 bucket: bucket74501 key: .Trash/runner
	at org.apache.hadoop.ozone.om.KeyManagerImpl.getOzoneFileStatus(KeyManagerImpl.java:1311) ~[ozone-manager-1.3.0-SNAPSHOT.jar:?]
	at org.apache.hadoop.ozone.om.KeyManagerImpl.getFileStatus(KeyManagerImpl.java:1241) ~[ozone-manager-1.3.0-SNAPSHOT.jar:?]
	at org.apache.hadoop.ozone.om.OzoneManager.getFileStatus(OzoneManager.java:3419) ~[ozone-manager-1.3.0-SNAPSHOT.jar:?]
	at org.apache.hadoop.ozone.protocolPB.OzoneManagerRequestHandler.getOzoneFileStatus(OzoneManagerRequestHandler.java:871) ~[ozone-manager-1.3.0-SNAPSHOT.jar:?]
	at org.apache.hadoop.ozone.protocolPB.OzoneManagerRequestHandler.handleReadRequest(OzoneManagerRequestHandler.java:217) ~[ozone-manager-1.3.0-SNAPSHOT.jar:?]
	at org.apache.hadoop.ozone.protocolPB.OzoneManagerProtocolServerSideTranslatorPB.submitReadRequestToOM(OzoneManagerProtocolServerSideTranslatorPB.java:226) ~[ozone-manager-1.3.0-SNAPSHOT.jar:?]
	at org.apache.hadoop.ozone.protocolPB.OzoneManagerProtocolServerSideTranslatorPB.processRequest(OzoneManagerProtocolServerSideTranslatorPB.java:175) ~[ozone-manager-1.3.0-SNAPSHOT.jar:?]
	at org.apache.hadoop.hdds.server.OzoneProtocolMessageDispatcher.processRequest(OzoneProtocolMessageDispatcher.java:87) [hdds-server-framework-1.3.0-SNAPSHOT.jar:?]
	at org.apache.hadoop.ozone.protocolPB.OzoneManagerProtocolServerSideTranslatorPB.submitRequest(OzoneManagerProtocolServerSideTranslatorPB.java:147) [ozone-manager-1.3.0-SNAPSHOT.jar:?]
	at org.apache.hadoop.ozone.protocol.proto.OzoneManagerProtocolProtos$OzoneManagerService$2.callBlockingMethod(OzoneManagerProtocolProtos.java) [ozone-interface-client-1.3.0-SNAPSHOT.jar:?]
	at org.apache.hadoop.ipc.ProtobufRpcEngine$Server.processCall(ProtobufRpcEngine.java:466) [hadoop-common-3.3.1.jar:?]
	at org.apache.hadoop.ipc.ProtobufRpcEngine2$Server$ProtoBufRpcInvoker.call(ProtobufRpcEngine2.java:574) [hadoop-common-3.3.1.jar:?]
	at org.apache.hadoop.ipc.ProtobufRpcEngine2$Server$ProtoBufRpcInvoker.call(ProtobufRpcEngine2.java:552) [hadoop-common-3.3.1.jar:?]
	at org.apache.hadoop.ipc.RPC$Server.call(RPC.java:1093) [hadoop-common-3.3.1.jar:?]
	at org.apache.hadoop.ipc.Server$RpcCall.run(Server.java:1035) [hadoop-common-3.3.1.jar:?]
	at org.apache.hadoop.ipc.Server$RpcCall.run(Server.java:963) [hadoop-common-3.3.1.jar:?]
	at java.security.AccessController.doPrivileged(Native Method) ~[?:1.8.0_332]
	at javax.security.auth.Subject.doAs(Subject.java:422) [?:1.8.0_332]
	at org.apache.hadoop.security.UserGroupInformation.doAs(UserGroupInformation.java:1878) [hadoop-common-3.3.1.jar:?]
	at org.apache.hadoop.ipc.Server$Handler.run(Server.java:2966) [hadoop-common-3.3.1.jar:?]
23:20:26.610 [IPC Server handler 13 on default port 35283] ERROR OMAudit - user=runner | ip=127.0.0.1 | op=GET_FILE_STATUS {volume=83246d7d-9042-4394-a108-f80d9aa973ec, bucket=69a3f40a-3e4c-4040-923a-d7c5663f1387, key=.Trash, dataSize=0, replicationConfig=null} | ret=FAILURE
org.apache.hadoop.ozone.om.exceptions.OMException: Unable to get file status: volume: 83246d7d-9042-4394-a108-f80d9aa973ec bucket: 69a3f40a-3e4c-4040-923a-d7c5663f1387 key: .Trash
	at org.apache.hadoop.ozone.om.KeyManagerImpl.getOzoneFileStatus(KeyManagerImpl.java:1311) ~[ozone-manager-1.3.0-SNAPSHOT.jar:?]
	at org.apache.hadoop.ozone.om.KeyManagerImpl.getFileStatus(KeyManagerImpl.java:1241) ~[ozone-manager-1.3.0-SNAPSHOT.jar:?]
	at org.apache.hadoop.ozone.om.OzoneManager.getFileStatus(OzoneManager.java:3419) ~[ozone-manager-1.3.0-SNAPSHOT.jar:?]
	at org.apache.hadoop.ozone.protocolPB.OzoneManagerRequestHandler.getOzoneFileStatus(OzoneManagerRequestHandler.java:871) ~[ozone-manager-1.3.0-SNAPSHOT.jar:?]
	at org.apache.hadoop.ozone.protocolPB.OzoneManagerRequestHandler.handleReadRequest(OzoneManagerRequestHandler.java:217) ~[ozone-manager-1.3.0-SNAPSHOT.jar:?]
	at org.apache.hadoop.ozone.protocolPB.OzoneManagerProtocolServerSideTranslatorPB.submitReadRequestToOM(OzoneManagerProtocolServerSideTranslatorPB.java:226) ~[ozone-manager-1.3.0-SNAPSHOT.jar:?]
	at org.apache.hadoop.ozone.protocolPB.OzoneManagerProtocolServerSideTranslatorPB.processRequest(OzoneManagerProtocolServerSideTranslatorPB.java:175) ~[ozone-manager-1.3.0-SNAPSHOT.jar:?]
	at org.apache.hadoop.hdds.server.OzoneProtocolMessageDispatcher.processRequest(OzoneProtocolMessageDispatcher.java:87) [hdds-server-framework-1.3.0-SNAPSHOT.jar:?]
	at org.apache.hadoop.ozone.protocolPB.OzoneManagerProtocolServerSideTranslatorPB.submitRequest(OzoneManagerProtocolServerSideTranslatorPB.java:147) [ozone-manager-1.3.0-SNAPSHOT.jar:?]
	at org.apache.hadoop.ozone.protocol.proto.OzoneManagerProtocolProtos$OzoneManagerService$2.callBlockingMethod(OzoneManagerProtocolProtos.java) [ozone-interface-client-1.3.0-SNAPSHOT.jar:?]
	at org.apache.hadoop.ipc.ProtobufRpcEngine$Server.processCall(ProtobufRpcEngine.java:466) [hadoop-common-3.3.1.jar:?]
	at org.apache.hadoop.ipc.ProtobufRpcEngine2$Server$ProtoBufRpcInvoker.call(ProtobufRpcEngine2.java:574) [hadoop-common-3.3.1.jar:?]
	at org.apache.hadoop.ipc.ProtobufRpcEngine2$Server$ProtoBufRpcInvoker.call(ProtobufRpcEngine2.java:552) [hadoop-common-3.3.1.jar:?]
	at org.apache.hadoop.ipc.RPC$Server.call(RPC.java:1093) [hadoop-common-3.3.1.jar:?]
	at org.apache.hadoop.ipc.Server$RpcCall.run(Server.java:1035) [hadoop-common-3.3.1.jar:?]
	at org.apache.hadoop.ipc.Server$RpcCall.run(Server.java:963) [hadoop-common-3.3.1.jar:?]
	at java.security.AccessController.doPrivileged(Native Method) ~[?:1.8.0_332]
	at javax.security.auth.Subject.doAs(Subject.java:422) [?:1.8.0_332]
	at org.apache.hadoop.security.UserGroupInformation.doAs(UserGroupInformation.java:1878) [hadoop-common-3.3.1.jar:?]
	at org.apache.hadoop.ipc.Server$Handler.run(Server.java:2966) [hadoop-common-3.3.1.jar:?]
23:20:26.614 [IPC Server handler 16 on default port 35283] ERROR OMAudit - user=runner | ip=127.0.0.1 | op=GET_FILE_STATUS {volume=volume75096, bucket=bucket74501, key=.Trash, dataSize=0, replicationConfig=null} | ret=FAILURE
org.apache.hadoop.ozone.om.exceptions.OMException: Unable to get file status: volume: volume75096 bucket: bucket74501 key: .Trash
	at org.apache.hadoop.ozone.om.KeyManagerImpl.getOzoneFileStatus(KeyManagerImpl.java:1311) ~[ozone-manager-1.3.0-SNAPSHOT.jar:?]
	at org.apache.hadoop.ozone.om.KeyManagerImpl.getFileStatus(KeyManagerImpl.java:1241) ~[ozone-manager-1.3.0-SNAPSHOT.jar:?]
	at org.apache.hadoop.ozone.om.OzoneManager.getFileStatus(OzoneManager.java:3419) ~[ozone-manager-1.3.0-SNAPSHOT.jar:?]
	at org.apache.hadoop.ozone.protocolPB.OzoneManagerRequestHandler.getOzoneFileStatus(OzoneManagerRequestHandler.java:871) ~[ozone-manager-1.3.0-SNAPSHOT.jar:?]
	at org.apache.hadoop.ozone.protocolPB.OzoneManagerRequestHandler.handleReadRequest(OzoneManagerRequestHandler.java:217) ~[ozone-manager-1.3.0-SNAPSHOT.jar:?]
	at org.apache.hadoop.ozone.protocolPB.OzoneManagerProtocolServerSideTranslatorPB.submitReadRequestToOM(OzoneManagerProtocolServerSideTranslatorPB.java:226) ~[ozone-manager-1.3.0-SNAPSHOT.jar:?]
	at org.apache.hadoop.ozone.protocolPB.OzoneManagerProtocolServerSideTranslatorPB.processRequest(OzoneManagerProtocolServerSideTranslatorPB.java:175) ~[ozone-manager-1.3.0-SNAPSHOT.jar:?]
	at org.apache.hadoop.hdds.server.OzoneProtocolMessageDispatcher.processRequest(OzoneProtocolMessageDispatcher.java:87) [hdds-server-framework-1.3.0-SNAPSHOT.jar:?]
	at org.apache.hadoop.ozone.protocolPB.OzoneManagerProtocolServerSideTranslatorPB.submitRequest(OzoneManagerProtocolServerSideTranslatorPB.java:147) [ozone-manager-1.3.0-SNAPSHOT.jar:?]
	at org.apache.hadoop.ozone.protocol.proto.OzoneManagerProtocolProtos$OzoneManagerService$2.callBlockingMethod(OzoneManagerProtocolProtos.java) [ozone-interface-client-1.3.0-SNAPSHOT.jar:?]
	at org.apache.hadoop.ipc.ProtobufRpcEngine$Server.processCall(ProtobufRpcEngine.java:466) [hadoop-common-3.3.1.jar:?]
	at org.apache.hadoop.ipc.ProtobufRpcEngine2$Server$ProtoBufRpcInvoker.call(ProtobufRpcEngine2.java:574) [hadoop-common-3.3.1.jar:?]
	at org.apache.hadoop.ipc.ProtobufRpcEngine2$Server$ProtoBufRpcInvoker.call(ProtobufRpcEngine2.java:552) [hadoop-common-3.3.1.jar:?]
	at org.apache.hadoop.ipc.RPC$Server.call(RPC.java:1093) [hadoop-common-3.3.1.jar:?]
	at org.apache.hadoop.ipc.Server$RpcCall.run(Server.java:1035) [hadoop-common-3.3.1.jar:?]
	at org.apache.hadoop.ipc.Server$RpcCall.run(Server.java:963) [hadoop-common-3.3.1.jar:?]
	at java.security.AccessController.doPrivileged(Native Method) ~[?:1.8.0_332]
	at javax.security.auth.Subject.doAs(Subject.java:422) [?:1.8.0_332]
	at org.apache.hadoop.security.UserGroupInformation.doAs(UserGroupInformation.java:1878) [hadoop-common-3.3.1.jar:?]
	at org.apache.hadoop.ipc.Server$Handler.run(Server.java:2966) [hadoop-common-3.3.1.jar:?]
23:20:26.622 [IPC Server handler 7 on default port 35283] ERROR OMAudit - user=runner | ip=127.0.0.1 | op=GET_FILE_STATUS {volume=83246d7d-9042-4394-a108-f80d9aa973ec, bucket=69a3f40a-3e4c-4040-923a-d7c5663f1387, key=.Trash/runner, dataSize=0, replicationConfig=null} | ret=FAILURE
org.apache.hadoop.ozone.om.exceptions.OMException: Unable to get file status: volume: 83246d7d-9042-4394-a108-f80d9aa973ec bucket: 69a3f40a-3e4c-4040-923a-d7c5663f1387 key: .Trash/runner
	at org.apache.hadoop.ozone.om.KeyManagerImpl.getOzoneFileStatus(KeyManagerImpl.java:1311) ~[ozone-manager-1.3.0-SNAPSHOT.jar:?]
	at org.apache.hadoop.ozone.om.KeyManagerImpl.getFileStatus(KeyManagerImpl.java:1241) ~[ozone-manager-1.3.0-SNAPSHOT.jar:?]
	at org.apache.hadoop.ozone.om.OzoneManager.getFileStatus(OzoneManager.java:3419) ~[ozone-manager-1.3.0-SNAPSHOT.jar:?]
	at org.apache.hadoop.ozone.protocolPB.OzoneManagerRequestHandler.getOzoneFileStatus(OzoneManagerRequestHandler.java:871) ~[ozone-manager-1.3.0-SNAPSHOT.jar:?]
	at org.apache.hadoop.ozone.protocolPB.OzoneManagerRequestHandler.handleReadRequest(OzoneManagerRequestHandler.java:217) ~[ozone-manager-1.3.0-SNAPSHOT.jar:?]
	at org.apache.hadoop.ozone.protocolPB.OzoneManagerProtocolServerSideTranslatorPB.submitReadRequestToOM(OzoneManagerProtocolServerSideTranslatorPB.java:226) ~[ozone-manager-1.3.0-SNAPSHOT.jar:?]
	at org.apache.hadoop.ozone.protocolPB.OzoneManagerProtocolServerSideTranslatorPB.processRequest(OzoneManagerProtocolServerSideTranslatorPB.java:175) ~[ozone-manager-1.3.0-SNAPSHOT.jar:?]
	at org.apache.hadoop.hdds.server.OzoneProtocolMessageDispatcher.processRequest(OzoneProtocolMessageDispatcher.java:87) [hdds-server-framework-1.3.0-SNAPSHOT.jar:?]
	at org.apache.hadoop.ozone.protocolPB.OzoneManagerProtocolServerSideTranslatorPB.submitRequest(OzoneManagerProtocolServerSideTranslatorPB.java:147) [ozone-manager-1.3.0-SNAPSHOT.jar:?]
	at org.apache.hadoop.ozone.protocol.proto.OzoneManagerProtocolProtos$OzoneManagerService$2.callBlockingMethod(OzoneManagerProtocolProtos.java) [ozone-interface-client-1.3.0-SNAPSHOT.jar:?]
	at org.apache.hadoop.ipc.ProtobufRpcEngine$Server.processCall(ProtobufRpcEngine.java:466) [hadoop-common-3.3.1.jar:?]
	at org.apache.hadoop.ipc.ProtobufRpcEngine2$Server$ProtoBufRpcInvoker.call(ProtobufRpcEngine2.java:574) [hadoop-common-3.3.1.jar:?]
	at org.apache.hadoop.ipc.ProtobufRpcEngine2$Server$ProtoBufRpcInvoker.call(ProtobufRpcEngine2.java:552) [hadoop-common-3.3.1.jar:?]
	at org.apache.hadoop.ipc.RPC$Server.call(RPC.java:1093) [hadoop-common-3.3.1.jar:?]
	at org.apache.hadoop.ipc.Server$RpcCall.run(Server.java:1035) [hadoop-common-3.3.1.jar:?]
	at org.apache.hadoop.ipc.Server$RpcCall.run(Server.java:963) [hadoop-common-3.3.1.jar:?]
	at java.security.AccessController.doPrivileged(Native Method) ~[?:1.8.0_332]
	at javax.security.auth.Subject.doAs(Subject.java:422) [?:1.8.0_332]
	at org.apache.hadoop.security.UserGroupInformation.doAs(UserGroupInformation.java:1878) [hadoop-common-3.3.1.jar:?]
	at org.apache.hadoop.ipc.Server$Handler.run(Server.java:2966) [hadoop-common-3.3.1.jar:?]
23:20:26.635 [IPC Server handler 2 on default port 35283] ERROR OMAudit - user=runner | ip=127.0.0.1 | op=GET_FILE_STATUS {volume=83246d7d-9042-4394-a108-f80d9aa973ec, bucket=69a3f40a-3e4c-4040-923a-d7c5663f1387, key=.Trash, dataSize=0, replicationConfig=null} | ret=FAILURE
org.apache.hadoop.ozone.om.exceptions.OMException: Unable to get file status: volume: 83246d7d-9042-4394-a108-f80d9aa973ec bucket: 69a3f40a-3e4c-4040-923a-d7c5663f1387 key: .Trash
	at org.apache.hadoop.ozone.om.KeyManagerImpl.getOzoneFileStatus(KeyManagerImpl.java:1311) ~[ozone-manager-1.3.0-SNAPSHOT.jar:?]
	at org.apache.hadoop.ozone.om.KeyManagerImpl.getFileStatus(KeyManagerImpl.java:1241) ~[ozone-manager-1.3.0-SNAPSHOT.jar:?]
	at org.apache.hadoop.ozone.om.OzoneManager.getFileStatus(OzoneManager.java:3419) ~[ozone-manager-1.3.0-SNAPSHOT.jar:?]
	at org.apache.hadoop.ozone.protocolPB.OzoneManagerRequestHandler.getOzoneFileStatus(OzoneManagerRequestHandler.java:871) ~[ozone-manager-1.3.0-SNAPSHOT.jar:?]
	at org.apache.hadoop.ozone.protocolPB.OzoneManagerRequestHandler.handleReadRequest(OzoneManagerRequestHandler.java:217) ~[ozone-manager-1.3.0-SNAPSHOT.jar:?]
	at org.apache.hadoop.ozone.protocolPB.OzoneManagerProtocolServerSideTranslatorPB.submitReadRequestToOM(OzoneManagerProtocolServerSideTranslatorPB.java:226) ~[ozone-manager-1.3.0-SNAPSHOT.jar:?]
	at org.apache.hadoop.ozone.protocolPB.OzoneManagerProtocolServerSideTranslatorPB.processRequest(OzoneManagerProtocolServerSideTranslatorPB.java:175) ~[ozone-manager-1.3.0-SNAPSHOT.jar:?]
	at org.apache.hadoop.hdds.server.OzoneProtocolMessageDispatcher.processRequest(OzoneProtocolMessageDispatcher.java:87) [hdds-server-framework-1.3.0-SNAPSHOT.jar:?]
	at org.apache.hadoop.ozone.protocolPB.OzoneManagerProtocolServerSideTranslatorPB.submitRequest(OzoneManagerProtocolServerSideTranslatorPB.java:147) [ozone-manager-1.3.0-SNAPSHOT.jar:?]
	at org.apache.hadoop.ozone.protocol.proto.OzoneManagerProtocolProtos$OzoneManagerService$2.callBlockingMethod(OzoneManagerProtocolProtos.java) [ozone-interface-client-1.3.0-SNAPSHOT.jar:?]
	at org.apache.hadoop.ipc.ProtobufRpcEngine$Server.processCall(ProtobufRpcEngine.java:466) [hadoop-common-3.3.1.jar:?]
	at org.apache.hadoop.ipc.ProtobufRpcEngine2$Server$ProtoBufRpcInvoker.call(ProtobufRpcEngine2.java:574) [hadoop-common-3.3.1.jar:?]
	at org.apache.hadoop.ipc.ProtobufRpcEngine2$Server$ProtoBufRpcInvoker.call(ProtobufRpcEngine2.java:552) [hadoop-common-3.3.1.jar:?]
	at org.apache.hadoop.ipc.RPC$Server.call(RPC.java:1093) [hadoop-common-3.3.1.jar:?]
	at org.apache.hadoop.ipc.Server$RpcCall.run(Server.java:1035) [hadoop-common-3.3.1.jar:?]
	at org.apache.hadoop.ipc.Server$RpcCall.run(Server.java:963) [hadoop-common-3.3.1.jar:?]
	at java.security.AccessController.doPrivileged(Native Method) ~[?:1.8.0_332]
	at javax.security.auth.Subject.doAs(Subject.java:422) [?:1.8.0_332]
	at org.apache.hadoop.security.UserGroupInformation.doAs(UserGroupInformation.java:1878) [hadoop-common-3.3.1.jar:?]
	at org.apache.hadoop.ipc.Server$Handler.run(Server.java:2966) [hadoop-common-3.3.1.jar:?]
23:20:26.651 [IPC Server handler 16 on default port 35283] ERROR OMAudit - user=runner | ip=127.0.0.1 | op=GET_FILE_STATUS {volume=83246d7d-9042-4394-a108-f80d9aa973ec, bucket=69a3f40a-3e4c-4040-923a-d7c5663f1387, key=.Trash/runner, dataSize=0, replicationConfig=null} | ret=FAILURE
org.apache.hadoop.ozone.om.exceptions.OMException: Unable to get file status: volume: 83246d7d-9042-4394-a108-f80d9aa973ec bucket: 69a3f40a-3e4c-4040-923a-d7c5663f1387 key: .Trash/runner
	at org.apache.hadoop.ozone.om.KeyManagerImpl.getOzoneFileStatus(KeyManagerImpl.java:1311) ~[ozone-manager-1.3.0-SNAPSHOT.jar:?]
	at org.apache.hadoop.ozone.om.KeyManagerImpl.getFileStatus(KeyManagerImpl.java:1241) ~[ozone-manager-1.3.0-SNAPSHOT.jar:?]
	at org.apache.hadoop.ozone.om.OzoneManager.getFileStatus(OzoneManager.java:3419) ~[ozone-manager-1.3.0-SNAPSHOT.jar:?]
	at org.apache.hadoop.ozone.protocolPB.OzoneManagerRequestHandler.getOzoneFileStatus(OzoneManagerRequestHandler.java:871) ~[ozone-manager-1.3.0-SNAPSHOT.jar:?]
	at org.apache.hadoop.ozone.protocolPB.OzoneManagerRequestHandler.handleReadRequest(OzoneManagerRequestHandler.java:217) ~[ozone-manager-1.3.0-SNAPSHOT.jar:?]
	at org.apache.hadoop.ozone.protocolPB.OzoneManagerProtocolServerSideTranslatorPB.submitReadRequestToOM(OzoneManagerProtocolServerSideTranslatorPB.java:226) ~[ozone-manager-1.3.0-SNAPSHOT.jar:?]
	at org.apache.hadoop.ozone.protocolPB.OzoneManagerProtocolServerSideTranslatorPB.processRequest(OzoneManagerProtocolServerSideTranslatorPB.java:175) ~[ozone-manager-1.3.0-SNAPSHOT.jar:?]
	at org.apache.hadoop.hdds.server.OzoneProtocolMessageDispatcher.processRequest(OzoneProtocolMessageDispatcher.java:87) [hdds-server-framework-1.3.0-SNAPSHOT.jar:?]
	at org.apache.hadoop.ozone.protocolPB.OzoneManagerProtocolServerSideTranslatorPB.submitRequest(OzoneManagerProtocolServerSideTranslatorPB.java:147) [ozone-manager-1.3.0-SNAPSHOT.jar:?]
	at org.apache.hadoop.ozone.protocol.proto.OzoneManagerProtocolProtos$OzoneManagerService$2.callBlockingMethod(OzoneManagerProtocolProtos.java) [ozone-interface-client-1.3.0-SNAPSHOT.jar:?]
	at org.apache.hadoop.ipc.ProtobufRpcEngine$Server.processCall(ProtobufRpcEngine.java:466) [hadoop-common-3.3.1.jar:?]
	at org.apache.hadoop.ipc.ProtobufRpcEngine2$Server$ProtoBufRpcInvoker.call(ProtobufRpcEngine2.java:574) [hadoop-common-3.3.1.jar:?]
	at org.apache.hadoop.ipc.ProtobufRpcEngine2$Server$ProtoBufRpcInvoker.call(ProtobufRpcEngine2.java:552) [hadoop-common-3.3.1.jar:?]
	at org.apache.hadoop.ipc.RPC$Server.call(RPC.java:1093) [hadoop-common-3.3.1.jar:?]
	at org.apache.hadoop.ipc.Server$RpcCall.run(Server.java:1035) [hadoop-common-3.3.1.jar:?]
	at org.apache.hadoop.ipc.Server$RpcCall.run(Server.java:963) [hadoop-common-3.3.1.jar:?]
	at java.security.AccessController.doPrivileged(Native Method) ~[?:1.8.0_332]
	at javax.security.auth.Subject.doAs(Subject.java:422) [?:1.8.0_332]
	at org.apache.hadoop.security.UserGroupInformation.doAs(UserGroupInformation.java:1878) [hadoop-common-3.3.1.jar:?]
	at org.apache.hadoop.ipc.Server$Handler.run(Server.java:2966) [hadoop-common-3.3.1.jar:?]
23:20:26.663 [IPC Server handler 13 on default port 35283] ERROR OMAudit - user=runner | ip=127.0.0.1 | op=GET_FILE_STATUS {volume=83246d7d-9042-4394-a108-f80d9aa973ec, bucket=69a3f40a-3e4c-4040-923a-d7c5663f1387, key=.Trash, dataSize=0, replicationConfig=null} | ret=FAILURE
org.apache.hadoop.ozone.om.exceptions.OMException: Unable to get file status: volume: 83246d7d-9042-4394-a108-f80d9aa973ec bucket: 69a3f40a-3e4c-4040-923a-d7c5663f1387 key: .Trash
	at org.apache.hadoop.ozone.om.KeyManagerImpl.getOzoneFileStatus(KeyManagerImpl.java:1311) ~[ozone-manager-1.3.0-SNAPSHOT.jar:?]
	at org.apache.hadoop.ozone.om.KeyManagerImpl.getFileStatus(KeyManagerImpl.java:1241) ~[ozone-manager-1.3.0-SNAPSHOT.jar:?]
	at org.apache.hadoop.ozone.om.OzoneManager.getFileStatus(OzoneManager.java:3419) ~[ozone-manager-1.3.0-SNAPSHOT.jar:?]
	at org.apache.hadoop.ozone.protocolPB.OzoneManagerRequestHandler.getOzoneFileStatus(OzoneManagerRequestHandler.java:871) ~[ozone-manager-1.3.0-SNAPSHOT.jar:?]
	at org.apache.hadoop.ozone.protocolPB.OzoneManagerRequestHandler.handleReadRequest(OzoneManagerRequestHandler.java:217) ~[ozone-manager-1.3.0-SNAPSHOT.jar:?]
	at org.apache.hadoop.ozone.protocolPB.OzoneManagerProtocolServerSideTranslatorPB.submitReadRequestToOM(OzoneManagerProtocolServerSideTranslatorPB.java:226) ~[ozone-manager-1.3.0-SNAPSHOT.jar:?]
	at org.apache.hadoop.ozone.protocolPB.OzoneManagerProtocolServerSideTranslatorPB.processRequest(OzoneManagerProtocolServerSideTranslatorPB.java:175) ~[ozone-manager-1.3.0-SNAPSHOT.jar:?]
	at org.apache.hadoop.hdds.server.OzoneProtocolMessageDispatcher.processRequest(OzoneProtocolMessageDispatcher.java:87) [hdds-server-framework-1.3.0-SNAPSHOT.jar:?]
	at org.apache.hadoop.ozone.protocolPB.OzoneManagerProtocolServerSideTranslatorPB.submitRequest(OzoneManagerProtocolServerSideTranslatorPB.java:147) [ozone-manager-1.3.0-SNAPSHOT.jar:?]
	at org.apache.hadoop.ozone.protocol.proto.OzoneManagerProtocolProtos$OzoneManagerService$2.callBlockingMethod(OzoneManagerProtocolProtos.java) [ozone-interface-client-1.3.0-SNAPSHOT.jar:?]
	at org.apache.hadoop.ipc.ProtobufRpcEngine$Server.processCall(ProtobufRpcEngine.java:466) [hadoop-common-3.3.1.jar:?]
	at org.apache.hadoop.ipc.ProtobufRpcEngine2$Server$ProtoBufRpcInvoker.call(ProtobufRpcEngine2.java:574) [hadoop-common-3.3.1.jar:?]
	at org.apache.hadoop.ipc.ProtobufRpcEngine2$Server$ProtoBufRpcInvoker.call(ProtobufRpcEngine2.java:552) [hadoop-common-3.3.1.jar:?]
	at org.apache.hadoop.ipc.RPC$Server.call(RPC.java:1093) [hadoop-common-3.3.1.jar:?]
	at org.apache.hadoop.ipc.Server$RpcCall.run(Server.java:1035) [hadoop-common-3.3.1.jar:?]
	at org.apache.hadoop.ipc.Server$RpcCall.run(Server.java:963) [hadoop-common-3.3.1.jar:?]
	at java.security.AccessController.doPrivileged(Native Method) ~[?:1.8.0_332]
	at javax.security.auth.Subject.doAs(Subject.java:422) [?:1.8.0_332]
	at org.apache.hadoop.security.UserGroupInformation.doAs(UserGroupInformation.java:1878) [hadoop-common-3.3.1.jar:?]
	at org.apache.hadoop.ipc.Server$Handler.run(Server.java:2966) [hadoop-common-3.3.1.jar:?]
2022-07-12 23:20:26,675 [Time-limited test] INFO  rpc.RpcClient (RpcClient.java:createBucket(669)) - Creating Bucket: volume75096/trashroottest2, with bucket layout LEGACY, runner as owner, Versioning false, Storage Type set to DISK and Encryption set to false 
2022-07-12 23:20:26,677 [OM StateMachine ApplyTransaction Thread - 0] INFO  bucket.OMBucketCreateRequest (OMBucketCreateRequest.java:validateAndUpdateCache(260)) - created bucket: trashroottest2 of layout LEGACY in volume: volume75096
23:20:26.726 [IPC Server handler 14 on default port 35283] ERROR OMAudit - user=runner | ip=127.0.0.1 | op=GET_FILE_STATUS {volume=83246d7d-9042-4394-a108-f80d9aa973ec, bucket=69a3f40a-3e4c-4040-923a-d7c5663f1387, key=.Trash/runner, dataSize=0, replicationConfig=null} | ret=FAILURE
org.apache.hadoop.ozone.om.exceptions.OMException: Unable to get file status: volume: 83246d7d-9042-4394-a108-f80d9aa973ec bucket: 69a3f40a-3e4c-4040-923a-d7c5663f1387 key: .Trash/runner
	at org.apache.hadoop.ozone.om.KeyManagerImpl.getOzoneFileStatus(KeyManagerImpl.java:1311) ~[ozone-manager-1.3.0-SNAPSHOT.jar:?]
	at org.apache.hadoop.ozone.om.KeyManagerImpl.getFileStatus(KeyManagerImpl.java:1241) ~[ozone-manager-1.3.0-SNAPSHOT.jar:?]
	at org.apache.hadoop.ozone.om.OzoneManager.getFileStatus(OzoneManager.java:3419) ~[ozone-manager-1.3.0-SNAPSHOT.jar:?]
	at org.apache.hadoop.ozone.protocolPB.OzoneManagerRequestHandler.getOzoneFileStatus(OzoneManagerRequestHandler.java:871) ~[ozone-manager-1.3.0-SNAPSHOT.jar:?]
	at org.apache.hadoop.ozone.protocolPB.OzoneManagerRequestHandler.handleReadRequest(OzoneManagerRequestHandler.java:217) ~[ozone-manager-1.3.0-SNAPSHOT.jar:?]
	at org.apache.hadoop.ozone.protocolPB.OzoneManagerProtocolServerSideTranslatorPB.submitReadRequestToOM(OzoneManagerProtocolServerSideTranslatorPB.java:226) ~[ozone-manager-1.3.0-SNAPSHOT.jar:?]
	at org.apache.hadoop.ozone.protocolPB.OzoneManagerProtocolServerSideTranslatorPB.processRequest(OzoneManagerProtocolServerSideTranslatorPB.java:175) ~[ozone-manager-1.3.0-SNAPSHOT.jar:?]
	at org.apache.hadoop.hdds.server.OzoneProtocolMessageDispatcher.processRequest(OzoneProtocolMessageDispatcher.java:87) [hdds-server-framework-1.3.0-SNAPSHOT.jar:?]
	at org.apache.hadoop.ozone.protocolPB.OzoneManagerProtocolServerSideTranslatorPB.submitRequest(OzoneManagerProtocolServerSideTranslatorPB.java:147) [ozone-manager-1.3.0-SNAPSHOT.jar:?]
	at org.apache.hadoop.ozone.protocol.proto.OzoneManagerProtocolProtos$OzoneManagerService$2.callBlockingMethod(OzoneManagerProtocolProtos.java) [ozone-interface-client-1.3.0-SNAPSHOT.jar:?]
	at org.apache.hadoop.ipc.ProtobufRpcEngine$Server.processCall(ProtobufRpcEngine.java:466) [hadoop-common-3.3.1.jar:?]
	at org.apache.hadoop.ipc.ProtobufRpcEngine2$Server$ProtoBufRpcInvoker.call(ProtobufRpcEngine2.java:574) [hadoop-common-3.3.1.jar:?]
	at org.apache.hadoop.ipc.ProtobufRpcEngine2$Server$ProtoBufRpcInvoker.call(ProtobufRpcEngine2.java:552) [hadoop-common-3.3.1.jar:?]
	at org.apache.hadoop.ipc.RPC$Server.call(RPC.java:1093) [hadoop-common-3.3.1.jar:?]
	at org.apache.hadoop.ipc.Server$RpcCall.run(Server.java:1035) [hadoop-common-3.3.1.jar:?]
	at org.apache.hadoop.ipc.Server$RpcCall.run(Server.java:963) [hadoop-common-3.3.1.jar:?]
	at java.security.AccessController.doPrivileged(Native Method) ~[?:1.8.0_332]
	at javax.security.auth.Subject.doAs(Subject.java:422) [?:1.8.0_332]
	at org.apache.hadoop.security.UserGroupInformation.doAs(UserGroupInformation.java:1878) [hadoop-common-3.3.1.jar:?]
	at org.apache.hadoop.ipc.Server$Handler.run(Server.java:2966) [hadoop-common-3.3.1.jar:?]
23:20:26.747 [IPC Server handler 13 on default port 35283] ERROR OMAudit - user=runner | ip=127.0.0.1 | op=GET_FILE_STATUS {volume=83246d7d-9042-4394-a108-f80d9aa973ec, bucket=69a3f40a-3e4c-4040-923a-d7c5663f1387, key=.Trash, dataSize=0, replicationConfig=null} | ret=FAILURE
org.apache.hadoop.ozone.om.exceptions.OMException: Unable to get file status: volume: 83246d7d-9042-4394-a108-f80d9aa973ec bucket: 69a3f40a-3e4c-4040-923a-d7c5663f1387 key: .Trash
	at org.apache.hadoop.ozone.om.KeyManagerImpl.getOzoneFileStatus(KeyManagerImpl.java:1311) ~[ozone-manager-1.3.0-SNAPSHOT.jar:?]
	at org.apache.hadoop.ozone.om.KeyManagerImpl.getFileStatus(KeyManagerImpl.java:1241) ~[ozone-manager-1.3.0-SNAPSHOT.jar:?]
	at org.apache.hadoop.ozone.om.OzoneManager.getFileStatus(OzoneManager.java:3419) ~[ozone-manager-1.3.0-SNAPSHOT.jar:?]
	at org.apache.hadoop.ozone.protocolPB.OzoneManagerRequestHandler.getOzoneFileStatus(OzoneManagerRequestHandler.java:871) ~[ozone-manager-1.3.0-SNAPSHOT.jar:?]
	at org.apache.hadoop.ozone.protocolPB.OzoneManagerRequestHandler.handleReadRequest(OzoneManagerRequestHandler.java:217) ~[ozone-manager-1.3.0-SNAPSHOT.jar:?]
	at org.apache.hadoop.ozone.protocolPB.OzoneManagerProtocolServerSideTranslatorPB.submitReadRequestToOM(OzoneManagerProtocolServerSideTranslatorPB.java:226) ~[ozone-manager-1.3.0-SNAPSHOT.jar:?]
	at org.apache.hadoop.ozone.protocolPB.OzoneManagerProtocolServerSideTranslatorPB.processRequest(OzoneManagerProtocolServerSideTranslatorPB.java:175) ~[ozone-manager-1.3.0-SNAPSHOT.jar:?]
	at org.apache.hadoop.hdds.server.OzoneProtocolMessageDispatcher.processRequest(OzoneProtocolMessageDispatcher.java:87) [hdds-server-framework-1.3.0-SNAPSHOT.jar:?]
	at org.apache.hadoop.ozone.protocolPB.OzoneManagerProtocolServerSideTranslatorPB.submitRequest(OzoneManagerProtocolServerSideTranslatorPB.java:147) [ozone-manager-1.3.0-SNAPSHOT.jar:?]
	at org.apache.hadoop.ozone.protocol.proto.OzoneManagerProtocolProtos$OzoneManagerService$2.callBlockingMethod(OzoneManagerProtocolProtos.java) [ozone-interface-client-1.3.0-SNAPSHOT.jar:?]
	at org.apache.hadoop.ipc.ProtobufRpcEngine$Server.processCall(ProtobufRpcEngine.java:466) [hadoop-common-3.3.1.jar:?]
	at org.apache.hadoop.ipc.ProtobufRpcEngine2$Server$ProtoBufRpcInvoker.call(ProtobufRpcEngine2.java:574) [hadoop-common-3.3.1.jar:?]
	at org.apache.hadoop.ipc.ProtobufRpcEngine2$Server$ProtoBufRpcInvoker.call(ProtobufRpcEngine2.java:552) [hadoop-common-3.3.1.jar:?]
	at org.apache.hadoop.ipc.RPC$Server.call(RPC.java:1093) [hadoop-common-3.3.1.jar:?]
	at org.apache.hadoop.ipc.Server$RpcCall.run(Server.java:1035) [hadoop-common-3.3.1.jar:?]
	at org.apache.hadoop.ipc.Server$RpcCall.run(Server.java:963) [hadoop-common-3.3.1.jar:?]
	at java.security.AccessController.doPrivileged(Native Method) ~[?:1.8.0_332]
	at javax.security.auth.Subject.doAs(Subject.java:422) [?:1.8.0_332]
	at org.apache.hadoop.security.UserGroupInformation.doAs(UserGroupInformation.java:1878) [hadoop-common-3.3.1.jar:?]
	at org.apache.hadoop.ipc.Server$Handler.run(Server.java:2966) [hadoop-common-3.3.1.jar:?]
23:20:26.786 [IPC Server handler 5 on default port 35283] ERROR OMAudit - user=runner | ip=127.0.0.1 | op=GET_FILE_STATUS {volume=83246d7d-9042-4394-a108-f80d9aa973ec, bucket=69a3f40a-3e4c-4040-923a-d7c5663f1387, key=.Trash/runner, dataSize=0, replicationConfig=null} | ret=FAILURE
org.apache.hadoop.ozone.om.exceptions.OMException: Unable to get file status: volume: 83246d7d-9042-4394-a108-f80d9aa973ec bucket: 69a3f40a-3e4c-4040-923a-d7c5663f1387 key: .Trash/runner
	at org.apache.hadoop.ozone.om.KeyManagerImpl.getOzoneFileStatus(KeyManagerImpl.java:1311) ~[ozone-manager-1.3.0-SNAPSHOT.jar:?]
	at org.apache.hadoop.ozone.om.KeyManagerImpl.getFileStatus(KeyManagerImpl.java:1241) ~[ozone-manager-1.3.0-SNAPSHOT.jar:?]
	at org.apache.hadoop.ozone.om.OzoneManager.getFileStatus(OzoneManager.java:3419) ~[ozone-manager-1.3.0-SNAPSHOT.jar:?]
	at org.apache.hadoop.ozone.protocolPB.OzoneManagerRequestHandler.getOzoneFileStatus(OzoneManagerRequestHandler.java:871) ~[ozone-manager-1.3.0-SNAPSHOT.jar:?]
	at org.apache.hadoop.ozone.protocolPB.OzoneManagerRequestHandler.handleReadRequest(OzoneManagerRequestHandler.java:217) ~[ozone-manager-1.3.0-SNAPSHOT.jar:?]
	at org.apache.hadoop.ozone.protocolPB.OzoneManagerProtocolServerSideTranslatorPB.submitReadRequestToOM(OzoneManagerProtocolServerSideTranslatorPB.java:226) ~[ozone-manager-1.3.0-SNAPSHOT.jar:?]
	at org.apache.hadoop.ozone.protocolPB.OzoneManagerProtocolServerSideTranslatorPB.processRequest(OzoneManagerProtocolServerSideTranslatorPB.java:175) ~[ozone-manager-1.3.0-SNAPSHOT.jar:?]
	at org.apache.hadoop.hdds.server.OzoneProtocolMessageDispatcher.processRequest(OzoneProtocolMessageDispatcher.java:87) [hdds-server-framework-1.3.0-SNAPSHOT.jar:?]
	at org.apache.hadoop.ozone.protocolPB.OzoneManagerProtocolServerSideTranslatorPB.submitRequest(OzoneManagerProtocolServerSideTranslatorPB.java:147) [ozone-manager-1.3.0-SNAPSHOT.jar:?]
	at org.apache.hadoop.ozone.protocol.proto.OzoneManagerProtocolProtos$OzoneManagerService$2.callBlockingMethod(OzoneManagerProtocolProtos.java) [ozone-interface-client-1.3.0-SNAPSHOT.jar:?]
	at org.apache.hadoop.ipc.ProtobufRpcEngine$Server.processCall(ProtobufRpcEngine.java:466) [hadoop-common-3.3.1.jar:?]
	at org.apache.hadoop.ipc.ProtobufRpcEngine2$Server$ProtoBufRpcInvoker.call(ProtobufRpcEngine2.java:574) [hadoop-common-3.3.1.jar:?]
	at org.apache.hadoop.ipc.ProtobufRpcEngine2$Server$ProtoBufRpcInvoker.call(ProtobufRpcEngine2.java:552) [hadoop-common-3.3.1.jar:?]
	at org.apache.hadoop.ipc.RPC$Server.call(RPC.java:1093) [hadoop-common-3.3.1.jar:?]
	at org.apache.hadoop.ipc.Server$RpcCall.run(Server.java:1035) [hadoop-common-3.3.1.jar:?]
	at org.apache.hadoop.ipc.Server$RpcCall.run(Server.java:963) [hadoop-common-3.3.1.jar:?]
	at java.security.AccessController.doPrivileged(Native Method) ~[?:1.8.0_332]
	at javax.security.auth.Subject.doAs(Subject.java:422) [?:1.8.0_332]
	at org.apache.hadoop.security.UserGroupInformation.doAs(UserGroupInformation.java:1878) [hadoop-common-3.3.1.jar:?]
	at org.apache.hadoop.ipc.Server$Handler.run(Server.java:2966) [hadoop-common-3.3.1.jar:?]
23:20:26.806 [IPC Server handler 12 on default port 35283] ERROR OMAudit - user=runner | ip=127.0.0.1 | op=GET_FILE_STATUS {volume=83246d7d-9042-4394-a108-f80d9aa973ec, bucket=69a3f40a-3e4c-4040-923a-d7c5663f1387, key=.Trash, dataSize=0, replicationConfig=null} | ret=FAILURE
org.apache.hadoop.ozone.om.exceptions.OMException: Unable to get file status: volume: 83246d7d-9042-4394-a108-f80d9aa973ec bucket: 69a3f40a-3e4c-4040-923a-d7c5663f1387 key: .Trash
	at org.apache.hadoop.ozone.om.KeyManagerImpl.getOzoneFileStatus(KeyManagerImpl.java:1311) ~[ozone-manager-1.3.0-SNAPSHOT.jar:?]
	at org.apache.hadoop.ozone.om.KeyManagerImpl.getFileStatus(KeyManagerImpl.java:1241) ~[ozone-manager-1.3.0-SNAPSHOT.jar:?]
	at org.apache.hadoop.ozone.om.OzoneManager.getFileStatus(OzoneManager.java:3419) ~[ozone-manager-1.3.0-SNAPSHOT.jar:?]
	at org.apache.hadoop.ozone.protocolPB.OzoneManagerRequestHandler.getOzoneFileStatus(OzoneManagerRequestHandler.java:871) ~[ozone-manager-1.3.0-SNAPSHOT.jar:?]
	at org.apache.hadoop.ozone.protocolPB.OzoneManagerRequestHandler.handleReadRequest(OzoneManagerRequestHandler.java:217) ~[ozone-manager-1.3.0-SNAPSHOT.jar:?]
	at org.apache.hadoop.ozone.protocolPB.OzoneManagerProtocolServerSideTranslatorPB.submitReadRequestToOM(OzoneManagerProtocolServerSideTranslatorPB.java:226) ~[ozone-manager-1.3.0-SNAPSHOT.jar:?]
	at org.apache.hadoop.ozone.protocolPB.OzoneManagerProtocolServerSideTranslatorPB.processRequest(OzoneManagerProtocolServerSideTranslatorPB.java:175) ~[ozone-manager-1.3.0-SNAPSHOT.jar:?]
	at org.apache.hadoop.hdds.server.OzoneProtocolMessageDispatcher.processRequest(OzoneProtocolMessageDispatcher.java:87) [hdds-server-framework-1.3.0-SNAPSHOT.jar:?]
	at org.apache.hadoop.ozone.protocolPB.OzoneManagerProtocolServerSideTranslatorPB.submitRequest(OzoneManagerProtocolServerSideTranslatorPB.java:147) [ozone-manager-1.3.0-SNAPSHOT.jar:?]
	at org.apache.hadoop.ozone.protocol.proto.OzoneManagerProtocolProtos$OzoneManagerService$2.callBlockingMethod(OzoneManagerProtocolProtos.java) [ozone-interface-client-1.3.0-SNAPSHOT.jar:?]
	at org.apache.hadoop.ipc.ProtobufRpcEngine$Server.processCall(ProtobufRpcEngine.java:466) [hadoop-common-3.3.1.jar:?]
	at org.apache.hadoop.ipc.ProtobufRpcEngine2$Server$ProtoBufRpcInvoker.call(ProtobufRpcEngine2.java:574) [hadoop-common-3.3.1.jar:?]
	at org.apache.hadoop.ipc.ProtobufRpcEngine2$Server$ProtoBufRpcInvoker.call(ProtobufRpcEngine2.java:552) [hadoop-common-3.3.1.jar:?]
	at org.apache.hadoop.ipc.RPC$Server.call(RPC.java:1093) [hadoop-common-3.3.1.jar:?]
	at org.apache.hadoop.ipc.Server$RpcCall.run(Server.java:1035) [hadoop-common-3.3.1.jar:?]
	at org.apache.hadoop.ipc.Server$RpcCall.run(Server.java:963) [hadoop-common-3.3.1.jar:?]
	at java.security.AccessController.doPrivileged(Native Method) ~[?:1.8.0_332]
	at javax.security.auth.Subject.doAs(Subject.java:422) [?:1.8.0_332]
	at org.apache.hadoop.security.UserGroupInformation.doAs(UserGroupInformation.java:1878) [hadoop-common-3.3.1.jar:?]
	at org.apache.hadoop.ipc.Server$Handler.run(Server.java:2966) [hadoop-common-3.3.1.jar:?]
2022-07-12 23:20:26,861 [Time-limited test] INFO  rpc.RpcClient (RpcClient.java:createVolume(466)) - Creating Volume: volume43830, with user62179 as owner and space quota set to -1 bytes, counts quota set to -1
2022-07-12 23:20:26,865 [OM StateMachine ApplyTransaction Thread - 0] INFO  volume.OMVolumeCreateRequest (OMVolumeCreateRequest.java:validateAndUpdateCache(195)) - created volume:volume43830 for user:user62179
2022-07-12 23:20:26,869 [Time-limited test] INFO  rpc.RpcClient (RpcClient.java:createBucket(669)) - Creating Bucket: volume43830/bucket91377, with bucket layout LEGACY, runner as owner, Versioning false, Storage Type set to DISK and Encryption set to false 
2022-07-12 23:20:26,871 [OM StateMachine ApplyTransaction Thread - 0] INFO  bucket.OMBucketCreateRequest (OMBucketCreateRequest.java:validateAndUpdateCache(260)) - created bucket: bucket91377 of layout LEGACY in volume: volume43830
23:20:26.883 [IPC Server handler 18 on default port 35283] ERROR OMAudit - user=runner | ip=127.0.0.1 | op=GET_FILE_STATUS {volume=83246d7d-9042-4394-a108-f80d9aa973ec, bucket=69a3f40a-3e4c-4040-923a-d7c5663f1387, key=.Trash/runner, dataSize=0, replicationConfig=null} | ret=FAILURE
org.apache.hadoop.ozone.om.exceptions.OMException: Unable to get file status: volume: 83246d7d-9042-4394-a108-f80d9aa973ec bucket: 69a3f40a-3e4c-4040-923a-d7c5663f1387 key: .Trash/runner
	at org.apache.hadoop.ozone.om.KeyManagerImpl.getOzoneFileStatus(KeyManagerImpl.java:1311) ~[ozone-manager-1.3.0-SNAPSHOT.jar:?]
	at org.apache.hadoop.ozone.om.KeyManagerImpl.getFileStatus(KeyManagerImpl.java:1241) ~[ozone-manager-1.3.0-SNAPSHOT.jar:?]
	at org.apache.hadoop.ozone.om.OzoneManager.getFileStatus(OzoneManager.java:3419) ~[ozone-manager-1.3.0-SNAPSHOT.jar:?]
	at org.apache.hadoop.ozone.protocolPB.OzoneManagerRequestHandler.getOzoneFileStatus(OzoneManagerRequestHandler.java:871) ~[ozone-manager-1.3.0-SNAPSHOT.jar:?]
	at org.apache.hadoop.ozone.protocolPB.OzoneManagerRequestHandler.handleReadRequest(OzoneManagerRequestHandler.java:217) ~[ozone-manager-1.3.0-SNAPSHOT.jar:?]
	at org.apache.hadoop.ozone.protocolPB.OzoneManagerProtocolServerSideTranslatorPB.submitReadRequestToOM(OzoneManagerProtocolServerSideTranslatorPB.java:226) ~[ozone-manager-1.3.0-SNAPSHOT.jar:?]
	at org.apache.hadoop.ozone.protocolPB.OzoneManagerProtocolServerSideTranslatorPB.processRequest(OzoneManagerProtocolServerSideTranslatorPB.java:175) ~[ozone-manager-1.3.0-SNAPSHOT.jar:?]
	at org.apache.hadoop.hdds.server.OzoneProtocolMessageDispatcher.processRequest(OzoneProtocolMessageDispatcher.java:87) [hdds-server-framework-1.3.0-SNAPSHOT.jar:?]
	at org.apache.hadoop.ozone.protocolPB.OzoneManagerProtocolServerSideTranslatorPB.submitRequest(OzoneManagerProtocolServerSideTranslatorPB.java:147) [ozone-manager-1.3.0-SNAPSHOT.jar:?]
	at org.apache.hadoop.ozone.protocol.proto.OzoneManagerProtocolProtos$OzoneManagerService$2.callBlockingMethod(OzoneManagerProtocolProtos.java) [ozone-interface-client-1.3.0-SNAPSHOT.jar:?]
	at org.apache.hadoop.ipc.ProtobufRpcEngine$Server.processCall(ProtobufRpcEngine.java:466) [hadoop-common-3.3.1.jar:?]
	at org.apache.hadoop.ipc.ProtobufRpcEngine2$Server$ProtoBufRpcInvoker.call(ProtobufRpcEngine2.java:574) [hadoop-common-3.3.1.jar:?]
	at org.apache.hadoop.ipc.ProtobufRpcEngine2$Server$ProtoBufRpcInvoker.call(ProtobufRpcEngine2.java:552) [hadoop-common-3.3.1.jar:?]
	at org.apache.hadoop.ipc.RPC$Server.call(RPC.java:1093) [hadoop-common-3.3.1.jar:?]
	at org.apache.hadoop.ipc.Server$RpcCall.run(Server.java:1035) [hadoop-common-3.3.1.jar:?]
	at org.apache.hadoop.ipc.Server$RpcCall.run(Server.java:963) [hadoop-common-3.3.1.jar:?]
	at java.security.AccessController.doPrivileged(Native Method) ~[?:1.8.0_332]
	at javax.security.auth.Subject.doAs(Subject.java:422) [?:1.8.0_332]
	at org.apache.hadoop.security.UserGroupInformation.doAs(UserGroupInformation.java:1878) [hadoop-common-3.3.1.jar:?]
	at org.apache.hadoop.ipc.Server$Handler.run(Server.java:2966) [hadoop-common-3.3.1.jar:?]
23:20:26.907 [IPC Server handler 7 on default port 35283] ERROR OMAudit - user=runner | ip=127.0.0.1 | op=GET_FILE_STATUS {volume=83246d7d-9042-4394-a108-f80d9aa973ec, bucket=69a3f40a-3e4c-4040-923a-d7c5663f1387, key=.Trash, dataSize=0, replicationConfig=null} | ret=FAILURE
org.apache.hadoop.ozone.om.exceptions.OMException: Unable to get file status: volume: 83246d7d-9042-4394-a108-f80d9aa973ec bucket: 69a3f40a-3e4c-4040-923a-d7c5663f1387 key: .Trash
	at org.apache.hadoop.ozone.om.KeyManagerImpl.getOzoneFileStatus(KeyManagerImpl.java:1311) ~[ozone-manager-1.3.0-SNAPSHOT.jar:?]
	at org.apache.hadoop.ozone.om.KeyManagerImpl.getFileStatus(KeyManagerImpl.java:1241) ~[ozone-manager-1.3.0-SNAPSHOT.jar:?]
	at org.apache.hadoop.ozone.om.OzoneManager.getFileStatus(OzoneManager.java:3419) ~[ozone-manager-1.3.0-SNAPSHOT.jar:?]
	at org.apache.hadoop.ozone.protocolPB.OzoneManagerRequestHandler.getOzoneFileStatus(OzoneManagerRequestHandler.java:871) ~[ozone-manager-1.3.0-SNAPSHOT.jar:?]
	at org.apache.hadoop.ozone.protocolPB.OzoneManagerRequestHandler.handleReadRequest(OzoneManagerRequestHandler.java:217) ~[ozone-manager-1.3.0-SNAPSHOT.jar:?]
	at org.apache.hadoop.ozone.protocolPB.OzoneManagerProtocolServerSideTranslatorPB.submitReadRequestToOM(OzoneManagerProtocolServerSideTranslatorPB.java:226) ~[ozone-manager-1.3.0-SNAPSHOT.jar:?]
	at org.apache.hadoop.ozone.protocolPB.OzoneManagerProtocolServerSideTranslatorPB.processRequest(OzoneManagerProtocolServerSideTranslatorPB.java:175) ~[ozone-manager-1.3.0-SNAPSHOT.jar:?]
	at org.apache.hadoop.hdds.server.OzoneProtocolMessageDispatcher.processRequest(OzoneProtocolMessageDispatcher.java:87) [hdds-server-framework-1.3.0-SNAPSHOT.jar:?]
	at org.apache.hadoop.ozone.protocolPB.OzoneManagerProtocolServerSideTranslatorPB.submitRequest(OzoneManagerProtocolServerSideTranslatorPB.java:147) [ozone-manager-1.3.0-SNAPSHOT.jar:?]
	at org.apache.hadoop.ozone.protocol.proto.OzoneManagerProtocolProtos$OzoneManagerService$2.callBlockingMethod(OzoneManagerProtocolProtos.java) [ozone-interface-client-1.3.0-SNAPSHOT.jar:?]
	at org.apache.hadoop.ipc.ProtobufRpcEngine$Server.processCall(ProtobufRpcEngine.java:466) [hadoop-common-3.3.1.jar:?]
	at org.apache.hadoop.ipc.ProtobufRpcEngine2$Server$ProtoBufRpcInvoker.call(ProtobufRpcEngine2.java:574) [hadoop-common-3.3.1.jar:?]
	at org.apache.hadoop.ipc.ProtobufRpcEngine2$Server$ProtoBufRpcInvoker.call(ProtobufRpcEngine2.java:552) [hadoop-common-3.3.1.jar:?]
	at org.apache.hadoop.ipc.RPC$Server.call(RPC.java:1093) [hadoop-common-3.3.1.jar:?]
	at org.apache.hadoop.ipc.Server$RpcCall.run(Server.java:1035) [hadoop-common-3.3.1.jar:?]
	at org.apache.hadoop.ipc.Server$RpcCall.run(Server.java:963) [hadoop-common-3.3.1.jar:?]
	at java.security.AccessController.doPrivileged(Native Method) ~[?:1.8.0_332]
	at javax.security.auth.Subject.doAs(Subject.java:422) [?:1.8.0_332]
	at org.apache.hadoop.security.UserGroupInformation.doAs(UserGroupInformation.java:1878) [hadoop-common-3.3.1.jar:?]
	at org.apache.hadoop.ipc.Server$Handler.run(Server.java:2966) [hadoop-common-3.3.1.jar:?]
23:20:26.936 [IPC Server handler 0 on default port 35283] ERROR OMAudit - user=runner | ip=127.0.0.1 | op=GET_FILE_STATUS {volume=83246d7d-9042-4394-a108-f80d9aa973ec, bucket=69a3f40a-3e4c-4040-923a-d7c5663f1387, key=.Trash/runner, dataSize=0, replicationConfig=null} | ret=FAILURE
org.apache.hadoop.ozone.om.exceptions.OMException: Unable to get file status: volume: 83246d7d-9042-4394-a108-f80d9aa973ec bucket: 69a3f40a-3e4c-4040-923a-d7c5663f1387 key: .Trash/runner
	at org.apache.hadoop.ozone.om.KeyManagerImpl.getOzoneFileStatus(KeyManagerImpl.java:1311) ~[ozone-manager-1.3.0-SNAPSHOT.jar:?]
	at org.apache.hadoop.ozone.om.KeyManagerImpl.getFileStatus(KeyManagerImpl.java:1241) ~[ozone-manager-1.3.0-SNAPSHOT.jar:?]
	at org.apache.hadoop.ozone.om.OzoneManager.getFileStatus(OzoneManager.java:3419) ~[ozone-manager-1.3.0-SNAPSHOT.jar:?]
	at org.apache.hadoop.ozone.protocolPB.OzoneManagerRequestHandler.getOzoneFileStatus(OzoneManagerRequestHandler.java:871) ~[ozone-manager-1.3.0-SNAPSHOT.jar:?]
	at org.apache.hadoop.ozone.protocolPB.OzoneManagerRequestHandler.handleReadRequest(OzoneManagerRequestHandler.java:217) ~[ozone-manager-1.3.0-SNAPSHOT.jar:?]
	at org.apache.hadoop.ozone.protocolPB.OzoneManagerProtocolServerSideTranslatorPB.submitReadRequestToOM(OzoneManagerProtocolServerSideTranslatorPB.java:226) ~[ozone-manager-1.3.0-SNAPSHOT.jar:?]
	at org.apache.hadoop.ozone.protocolPB.OzoneManagerProtocolServerSideTranslatorPB.processRequest(OzoneManagerProtocolServerSideTranslatorPB.java:175) ~[ozone-manager-1.3.0-SNAPSHOT.jar:?]
	at org.apache.hadoop.hdds.server.OzoneProtocolMessageDispatcher.processRequest(OzoneProtocolMessageDispatcher.java:87) [hdds-server-framework-1.3.0-SNAPSHOT.jar:?]
	at org.apache.hadoop.ozone.protocolPB.OzoneManagerProtocolServerSideTranslatorPB.submitRequest(OzoneManagerProtocolServerSideTranslatorPB.java:147) [ozone-manager-1.3.0-SNAPSHOT.jar:?]
	at org.apache.hadoop.ozone.protocol.proto.OzoneManagerProtocolProtos$OzoneManagerService$2.callBlockingMethod(OzoneManagerProtocolProtos.java) [ozone-interface-client-1.3.0-SNAPSHOT.jar:?]
	at org.apache.hadoop.ipc.ProtobufRpcEngine$Server.processCall(ProtobufRpcEngine.java:466) [hadoop-common-3.3.1.jar:?]
	at org.apache.hadoop.ipc.ProtobufRpcEngine2$Server$ProtoBufRpcInvoker.call(ProtobufRpcEngine2.java:574) [hadoop-common-3.3.1.jar:?]
	at org.apache.hadoop.ipc.ProtobufRpcEngine2$Server$ProtoBufRpcInvoker.call(ProtobufRpcEngine2.java:552) [hadoop-common-3.3.1.jar:?]
	at org.apache.hadoop.ipc.RPC$Server.call(RPC.java:1093) [hadoop-common-3.3.1.jar:?]
	at org.apache.hadoop.ipc.Server$RpcCall.run(Server.java:1035) [hadoop-common-3.3.1.jar:?]
	at org.apache.hadoop.ipc.Server$RpcCall.run(Server.java:963) [hadoop-common-3.3.1.jar:?]
	at java.security.AccessController.doPrivileged(Native Method) ~[?:1.8.0_332]
	at javax.security.auth.Subject.doAs(Subject.java:422) [?:1.8.0_332]
	at org.apache.hadoop.security.UserGroupInformation.doAs(UserGroupInformation.java:1878) [hadoop-common-3.3.1.jar:?]
	at org.apache.hadoop.ipc.Server$Handler.run(Server.java:2966) [hadoop-common-3.3.1.jar:?]
23:20:26.960 [IPC Server handler 9 on default port 35283] ERROR OMAudit - user=runner | ip=127.0.0.1 | op=GET_FILE_STATUS {volume=83246d7d-9042-4394-a108-f80d9aa973ec, bucket=69a3f40a-3e4c-4040-923a-d7c5663f1387, key=.Trash, dataSize=0, replicationConfig=null} | ret=FAILURE
org.apache.hadoop.ozone.om.exceptions.OMException: Unable to get file status: volume: 83246d7d-9042-4394-a108-f80d9aa973ec bucket: 69a3f40a-3e4c-4040-923a-d7c5663f1387 key: .Trash
	at org.apache.hadoop.ozone.om.KeyManagerImpl.getOzoneFileStatus(KeyManagerImpl.java:1311) ~[ozone-manager-1.3.0-SNAPSHOT.jar:?]
	at org.apache.hadoop.ozone.om.KeyManagerImpl.getFileStatus(KeyManagerImpl.java:1241) ~[ozone-manager-1.3.0-SNAPSHOT.jar:?]
	at org.apache.hadoop.ozone.om.OzoneManager.getFileStatus(OzoneManager.java:3419) ~[ozone-manager-1.3.0-SNAPSHOT.jar:?]
	at org.apache.hadoop.ozone.protocolPB.OzoneManagerRequestHandler.getOzoneFileStatus(OzoneManagerRequestHandler.java:871) ~[ozone-manager-1.3.0-SNAPSHOT.jar:?]
	at org.apache.hadoop.ozone.protocolPB.OzoneManagerRequestHandler.handleReadRequest(OzoneManagerRequestHandler.java:217) ~[ozone-manager-1.3.0-SNAPSHOT.jar:?]
	at org.apache.hadoop.ozone.protocolPB.OzoneManagerProtocolServerSideTranslatorPB.submitReadRequestToOM(OzoneManagerProtocolServerSideTranslatorPB.java:226) ~[ozone-manager-1.3.0-SNAPSHOT.jar:?]
	at org.apache.hadoop.ozone.protocolPB.OzoneManagerProtocolServerSideTranslatorPB.processRequest(OzoneManagerProtocolServerSideTranslatorPB.java:175) ~[ozone-manager-1.3.0-SNAPSHOT.jar:?]
	at org.apache.hadoop.hdds.server.OzoneProtocolMessageDispatcher.processRequest(OzoneProtocolMessageDispatcher.java:87) [hdds-server-framework-1.3.0-SNAPSHOT.jar:?]
	at org.apache.hadoop.ozone.protocolPB.OzoneManagerProtocolServerSideTranslatorPB.submitRequest(OzoneManagerProtocolServerSideTranslatorPB.java:147) [ozone-manager-1.3.0-SNAPSHOT.jar:?]
	at org.apache.hadoop.ozone.protocol.proto.OzoneManagerProtocolProtos$OzoneManagerService$2.callBlockingMethod(OzoneManagerProtocolProtos.java) [ozone-interface-client-1.3.0-SNAPSHOT.jar:?]
	at org.apache.hadoop.ipc.ProtobufRpcEngine$Server.processCall(ProtobufRpcEngine.java:466) [hadoop-common-3.3.1.jar:?]
	at org.apache.hadoop.ipc.ProtobufRpcEngine2$Server$ProtoBufRpcInvoker.call(ProtobufRpcEngine2.java:574) [hadoop-common-3.3.1.jar:?]
	at org.apache.hadoop.ipc.ProtobufRpcEngine2$Server$ProtoBufRpcInvoker.call(ProtobufRpcEngine2.java:552) [hadoop-common-3.3.1.jar:?]
	at org.apache.hadoop.ipc.RPC$Server.call(RPC.java:1093) [hadoop-common-3.3.1.jar:?]
	at org.apache.hadoop.ipc.Server$RpcCall.run(Server.java:1035) [hadoop-common-3.3.1.jar:?]
	at org.apache.hadoop.ipc.Server$RpcCall.run(Server.java:963) [hadoop-common-3.3.1.jar:?]
	at java.security.AccessController.doPrivileged(Native Method) ~[?:1.8.0_332]
	at javax.security.auth.Subject.doAs(Subject.java:422) [?:1.8.0_332]
	at org.apache.hadoop.security.UserGroupInformation.doAs(UserGroupInformation.java:1878) [hadoop-common-3.3.1.jar:?]
	at org.apache.hadoop.ipc.Server$Handler.run(Server.java:2966) [hadoop-common-3.3.1.jar:?]
23:20:27.023 [IPC Server handler 13 on default port 35283] ERROR OMAudit - user=runner | ip=127.0.0.1 | op=GET_FILE_STATUS {volume=83246d7d-9042-4394-a108-f80d9aa973ec, bucket=69a3f40a-3e4c-4040-923a-d7c5663f1387, key=.Trash/runner, dataSize=0, replicationConfig=null} | ret=FAILURE
org.apache.hadoop.ozone.om.exceptions.OMException: Unable to get file status: volume: 83246d7d-9042-4394-a108-f80d9aa973ec bucket: 69a3f40a-3e4c-4040-923a-d7c5663f1387 key: .Trash/runner
	at org.apache.hadoop.ozone.om.KeyManagerImpl.getOzoneFileStatus(KeyManagerImpl.java:1311) ~[ozone-manager-1.3.0-SNAPSHOT.jar:?]
	at org.apache.hadoop.ozone.om.KeyManagerImpl.getFileStatus(KeyManagerImpl.java:1241) ~[ozone-manager-1.3.0-SNAPSHOT.jar:?]
	at org.apache.hadoop.ozone.om.OzoneManager.getFileStatus(OzoneManager.java:3419) ~[ozone-manager-1.3.0-SNAPSHOT.jar:?]
	at org.apache.hadoop.ozone.protocolPB.OzoneManagerRequestHandler.getOzoneFileStatus(OzoneManagerRequestHandler.java:871) ~[ozone-manager-1.3.0-SNAPSHOT.jar:?]
	at org.apache.hadoop.ozone.protocolPB.OzoneManagerRequestHandler.handleReadRequest(OzoneManagerRequestHandler.java:217) ~[ozone-manager-1.3.0-SNAPSHOT.jar:?]
	at org.apache.hadoop.ozone.protocolPB.OzoneManagerProtocolServerSideTranslatorPB.submitReadRequestToOM(OzoneManagerProtocolServerSideTranslatorPB.java:226) ~[ozone-manager-1.3.0-SNAPSHOT.jar:?]
	at org.apache.hadoop.ozone.protocolPB.OzoneManagerProtocolServerSideTranslatorPB.processRequest(OzoneManagerProtocolServerSideTranslatorPB.java:175) ~[ozone-manager-1.3.0-SNAPSHOT.jar:?]
	at org.apache.hadoop.hdds.server.OzoneProtocolMessageDispatcher.processRequest(OzoneProtocolMessageDispatcher.java:87) [hdds-server-framework-1.3.0-SNAPSHOT.jar:?]
	at org.apache.hadoop.ozone.protocolPB.OzoneManagerProtocolServerSideTranslatorPB.submitRequest(OzoneManagerProtocolServerSideTranslatorPB.java:147) [ozone-manager-1.3.0-SNAPSHOT.jar:?]
	at org.apache.hadoop.ozone.protocol.proto.OzoneManagerProtocolProtos$OzoneManagerService$2.callBlockingMethod(OzoneManagerProtocolProtos.java) [ozone-interface-client-1.3.0-SNAPSHOT.jar:?]
	at org.apache.hadoop.ipc.ProtobufRpcEngine$Server.processCall(ProtobufRpcEngine.java:466) [hadoop-common-3.3.1.jar:?]
	at org.apache.hadoop.ipc.ProtobufRpcEngine2$Server$ProtoBufRpcInvoker.call(ProtobufRpcEngine2.java:574) [hadoop-common-3.3.1.jar:?]
	at org.apache.hadoop.ipc.ProtobufRpcEngine2$Server$ProtoBufRpcInvoker.call(ProtobufRpcEngine2.java:552) [hadoop-common-3.3.1.jar:?]
	at org.apache.hadoop.ipc.RPC$Server.call(RPC.java:1093) [hadoop-common-3.3.1.jar:?]
	at org.apache.hadoop.ipc.Server$RpcCall.run(Server.java:1035) [hadoop-common-3.3.1.jar:?]
	at org.apache.hadoop.ipc.Server$RpcCall.run(Server.java:963) [hadoop-common-3.3.1.jar:?]
	at java.security.AccessController.doPrivileged(Native Method) ~[?:1.8.0_332]
	at javax.security.auth.Subject.doAs(Subject.java:422) [?:1.8.0_332]
	at org.apache.hadoop.security.UserGroupInformation.doAs(UserGroupInformation.java:1878) [hadoop-common-3.3.1.jar:?]
	at org.apache.hadoop.ipc.Server$Handler.run(Server.java:2966) [hadoop-common-3.3.1.jar:?]
23:20:27.027 [IPC Server handler 16 on default port 35283] ERROR OMAudit - user=runner | ip=127.0.0.1 | op=GET_FILE_STATUS {volume=volume43830, bucket=bucket91377, key=.Trash/runner, dataSize=0, replicationConfig=null} | ret=FAILURE
org.apache.hadoop.ozone.om.exceptions.OMException: Unable to get file status: volume: volume43830 bucket: bucket91377 key: .Trash/runner
	at org.apache.hadoop.ozone.om.KeyManagerImpl.getOzoneFileStatus(KeyManagerImpl.java:1311) ~[ozone-manager-1.3.0-SNAPSHOT.jar:?]
	at org.apache.hadoop.ozone.om.KeyManagerImpl.getFileStatus(KeyManagerImpl.java:1241) ~[ozone-manager-1.3.0-SNAPSHOT.jar:?]
	at org.apache.hadoop.ozone.om.OzoneManager.getFileStatus(OzoneManager.java:3419) ~[ozone-manager-1.3.0-SNAPSHOT.jar:?]
	at org.apache.hadoop.ozone.protocolPB.OzoneManagerRequestHandler.getOzoneFileStatus(OzoneManagerRequestHandler.java:871) ~[ozone-manager-1.3.0-SNAPSHOT.jar:?]
	at org.apache.hadoop.ozone.protocolPB.OzoneManagerRequestHandler.handleReadRequest(OzoneManagerRequestHandler.java:217) ~[ozone-manager-1.3.0-SNAPSHOT.jar:?]
	at org.apache.hadoop.ozone.protocolPB.OzoneManagerProtocolServerSideTranslatorPB.submitReadRequestToOM(OzoneManagerProtocolServerSideTranslatorPB.java:226) ~[ozone-manager-1.3.0-SNAPSHOT.jar:?]
	at org.apache.hadoop.ozone.protocolPB.OzoneManagerProtocolServerSideTranslatorPB.processRequest(OzoneManagerProtocolServerSideTranslatorPB.java:175) ~[ozone-manager-1.3.0-SNAPSHOT.jar:?]
	at org.apache.hadoop.hdds.server.OzoneProtocolMessageDispatcher.processRequest(OzoneProtocolMessageDispatcher.java:87) [hdds-server-framework-1.3.0-SNAPSHOT.jar:?]
	at org.apache.hadoop.ozone.protocolPB.OzoneManagerProtocolServerSideTranslatorPB.submitRequest(OzoneManagerProtocolServerSideTranslatorPB.java:147) [ozone-manager-1.3.0-SNAPSHOT.jar:?]
	at org.apache.hadoop.ozone.protocol.proto.OzoneManagerProtocolProtos$OzoneManagerService$2.callBlockingMethod(OzoneManagerProtocolProtos.java) [ozone-interface-client-1.3.0-SNAPSHOT.jar:?]
	at org.apache.hadoop.ipc.ProtobufRpcEngine$Server.processCall(ProtobufRpcEngine.java:466) [hadoop-common-3.3.1.jar:?]
	at org.apache.hadoop.ipc.ProtobufRpcEngine2$Server$ProtoBufRpcInvoker.call(ProtobufRpcEngine2.java:574) [hadoop-common-3.3.1.jar:?]
	at org.apache.hadoop.ipc.ProtobufRpcEngine2$Server$ProtoBufRpcInvoker.call(ProtobufRpcEngine2.java:552) [hadoop-common-3.3.1.jar:?]
	at org.apache.hadoop.ipc.RPC$Server.call(RPC.java:1093) [hadoop-common-3.3.1.jar:?]
	at org.apache.hadoop.ipc.Server$RpcCall.run(Server.java:1035) [hadoop-common-3.3.1.jar:?]
	at org.apache.hadoop.ipc.Server$RpcCall.run(Server.java:963) [hadoop-common-3.3.1.jar:?]
	at java.security.AccessController.doPrivileged(Native Method) ~[?:1.8.0_332]
	at javax.security.auth.Subject.doAs(Subject.java:422) [?:1.8.0_332]
	at org.apache.hadoop.security.UserGroupInformation.doAs(UserGroupInformation.java:1878) [hadoop-common-3.3.1.jar:?]
	at org.apache.hadoop.ipc.Server$Handler.run(Server.java:2966) [hadoop-common-3.3.1.jar:?]
23:20:27.045 [IPC Server handler 16 on default port 35283] ERROR OMAudit - user=runner | ip=127.0.0.1 | op=GET_FILE_STATUS {volume=83246d7d-9042-4394-a108-f80d9aa973ec, bucket=69a3f40a-3e4c-4040-923a-d7c5663f1387, key=.Trash, dataSize=0, replicationConfig=null} | ret=FAILURE
org.apache.hadoop.ozone.om.exceptions.OMException: Unable to get file status: volume: 83246d7d-9042-4394-a108-f80d9aa973ec bucket: 69a3f40a-3e4c-4040-923a-d7c5663f1387 key: .Trash
	at org.apache.hadoop.ozone.om.KeyManagerImpl.getOzoneFileStatus(KeyManagerImpl.java:1311) ~[ozone-manager-1.3.0-SNAPSHOT.jar:?]
	at org.apache.hadoop.ozone.om.KeyManagerImpl.getFileStatus(KeyManagerImpl.java:1241) ~[ozone-manager-1.3.0-SNAPSHOT.jar:?]
	at org.apache.hadoop.ozone.om.OzoneManager.getFileStatus(OzoneManager.java:3419) ~[ozone-manager-1.3.0-SNAPSHOT.jar:?]
	at org.apache.hadoop.ozone.protocolPB.OzoneManagerRequestHandler.getOzoneFileStatus(OzoneManagerRequestHandler.java:871) ~[ozone-manager-1.3.0-SNAPSHOT.jar:?]
	at org.apache.hadoop.ozone.protocolPB.OzoneManagerRequestHandler.handleReadRequest(OzoneManagerRequestHandler.java:217) ~[ozone-manager-1.3.0-SNAPSHOT.jar:?]
	at org.apache.hadoop.ozone.protocolPB.OzoneManagerProtocolServerSideTranslatorPB.submitReadRequestToOM(OzoneManagerProtocolServerSideTranslatorPB.java:226) ~[ozone-manager-1.3.0-SNAPSHOT.jar:?]
	at org.apache.hadoop.ozone.protocolPB.OzoneManagerProtocolServerSideTranslatorPB.processRequest(OzoneManagerProtocolServerSideTranslatorPB.java:175) ~[ozone-manager-1.3.0-SNAPSHOT.jar:?]
	at org.apache.hadoop.hdds.server.OzoneProtocolMessageDispatcher.processRequest(OzoneProtocolMessageDispatcher.java:87) [hdds-server-framework-1.3.0-SNAPSHOT.jar:?]
	at org.apache.hadoop.ozone.protocolPB.OzoneManagerProtocolServerSideTranslatorPB.submitRequest(OzoneManagerProtocolServerSideTranslatorPB.java:147) [ozone-manager-1.3.0-SNAPSHOT.jar:?]
	at org.apache.hadoop.ozone.protocol.proto.OzoneManagerProtocolProtos$OzoneManagerService$2.callBlockingMethod(OzoneManagerProtocolProtos.java) [ozone-interface-client-1.3.0-SNAPSHOT.jar:?]
	at org.apache.hadoop.ipc.ProtobufRpcEngine$Server.processCall(ProtobufRpcEngine.java:466) [hadoop-common-3.3.1.jar:?]
	at org.apache.hadoop.ipc.ProtobufRpcEngine2$Server$ProtoBufRpcInvoker.call(ProtobufRpcEngine2.java:574) [hadoop-common-3.3.1.jar:?]
	at org.apache.hadoop.ipc.ProtobufRpcEngine2$Server$ProtoBufRpcInvoker.call(ProtobufRpcEngine2.java:552) [hadoop-common-3.3.1.jar:?]
	at org.apache.hadoop.ipc.RPC$Server.call(RPC.java:1093) [hadoop-common-3.3.1.jar:?]
	at org.apache.hadoop.ipc.Server$RpcCall.run(Server.java:1035) [hadoop-common-3.3.1.jar:?]
	at org.apache.hadoop.ipc.Server$RpcCall.run(Server.java:963) [hadoop-common-3.3.1.jar:?]
	at java.security.AccessController.doPrivileged(Native Method) ~[?:1.8.0_332]
	at javax.security.auth.Subject.doAs(Subject.java:422) [?:1.8.0_332]
	at org.apache.hadoop.security.UserGroupInformation.doAs(UserGroupInformation.java:1878) [hadoop-common-3.3.1.jar:?]
	at org.apache.hadoop.ipc.Server$Handler.run(Server.java:2966) [hadoop-common-3.3.1.jar:?]
23:20:27.050 [IPC Server handler 4 on default port 35283] ERROR OMAudit - user=runner | ip=127.0.0.1 | op=GET_FILE_STATUS {volume=volume43830, bucket=bucket91377, key=.Trash, dataSize=0, replicationConfig=null} | ret=FAILURE
org.apache.hadoop.ozone.om.exceptions.OMException: Unable to get file status: volume: volume43830 bucket: bucket91377 key: .Trash
	at org.apache.hadoop.ozone.om.KeyManagerImpl.getOzoneFileStatus(KeyManagerImpl.java:1311) ~[ozone-manager-1.3.0-SNAPSHOT.jar:?]
	at org.apache.hadoop.ozone.om.KeyManagerImpl.getFileStatus(KeyManagerImpl.java:1241) ~[ozone-manager-1.3.0-SNAPSHOT.jar:?]
	at org.apache.hadoop.ozone.om.OzoneManager.getFileStatus(OzoneManager.java:3419) ~[ozone-manager-1.3.0-SNAPSHOT.jar:?]
	at org.apache.hadoop.ozone.protocolPB.OzoneManagerRequestHandler.getOzoneFileStatus(OzoneManagerRequestHandler.java:871) ~[ozone-manager-1.3.0-SNAPSHOT.jar:?]
	at org.apache.hadoop.ozone.protocolPB.OzoneManagerRequestHandler.handleReadRequest(OzoneManagerRequestHandler.java:217) ~[ozone-manager-1.3.0-SNAPSHOT.jar:?]
	at org.apache.hadoop.ozone.protocolPB.OzoneManagerProtocolServerSideTranslatorPB.submitReadRequestToOM(OzoneManagerProtocolServerSideTranslatorPB.java:226) ~[ozone-manager-1.3.0-SNAPSHOT.jar:?]
	at org.apache.hadoop.ozone.protocolPB.OzoneManagerProtocolServerSideTranslatorPB.processRequest(OzoneManagerProtocolServerSideTranslatorPB.java:175) ~[ozone-manager-1.3.0-SNAPSHOT.jar:?]
	at org.apache.hadoop.hdds.server.OzoneProtocolMessageDispatcher.processRequest(OzoneProtocolMessageDispatcher.java:87) [hdds-server-framework-1.3.0-SNAPSHOT.jar:?]
	at org.apache.hadoop.ozone.protocolPB.OzoneManagerProtocolServerSideTranslatorPB.submitRequest(OzoneManagerProtocolServerSideTranslatorPB.java:147) [ozone-manager-1.3.0-SNAPSHOT.jar:?]
	at org.apache.hadoop.ozone.protocol.proto.OzoneManagerProtocolProtos$OzoneManagerService$2.callBlockingMethod(OzoneManagerProtocolProtos.java) [ozone-interface-client-1.3.0-SNAPSHOT.jar:?]
	at org.apache.hadoop.ipc.ProtobufRpcEngine$Server.processCall(ProtobufRpcEngine.java:466) [hadoop-common-3.3.1.jar:?]
	at org.apache.hadoop.ipc.ProtobufRpcEngine2$Server$ProtoBufRpcInvoker.call(ProtobufRpcEngine2.java:574) [hadoop-common-3.3.1.jar:?]
	at org.apache.hadoop.ipc.ProtobufRpcEngine2$Server$ProtoBufRpcInvoker.call(ProtobufRpcEngine2.java:552) [hadoop-common-3.3.1.jar:?]
	at org.apache.hadoop.ipc.RPC$Server.call(RPC.java:1093) [hadoop-common-3.3.1.jar:?]
	at org.apache.hadoop.ipc.Server$RpcCall.run(Server.java:1035) [hadoop-common-3.3.1.jar:?]
	at org.apache.hadoop.ipc.Server$RpcCall.run(Server.java:963) [hadoop-common-3.3.1.jar:?]
	at java.security.AccessController.doPrivileged(Native Method) ~[?:1.8.0_332]
	at javax.security.auth.Subject.doAs(Subject.java:422) [?:1.8.0_332]
	at org.apache.hadoop.security.UserGroupInformation.doAs(UserGroupInformation.java:1878) [hadoop-common-3.3.1.jar:?]
	at org.apache.hadoop.ipc.Server$Handler.run(Server.java:2966) [hadoop-common-3.3.1.jar:?]
23:20:27.086 [IPC Server handler 18 on default port 35283] ERROR OMAudit - user=runner | ip=127.0.0.1 | op=GET_FILE_STATUS {volume=83246d7d-9042-4394-a108-f80d9aa973ec, bucket=69a3f40a-3e4c-4040-923a-d7c5663f1387, key=.Trash/runner, dataSize=0, replicationConfig=null} | ret=FAILURE
org.apache.hadoop.ozone.om.exceptions.OMException: Unable to get file status: volume: 83246d7d-9042-4394-a108-f80d9aa973ec bucket: 69a3f40a-3e4c-4040-923a-d7c5663f1387 key: .Trash/runner
	at org.apache.hadoop.ozone.om.KeyManagerImpl.getOzoneFileStatus(KeyManagerImpl.java:1311) ~[ozone-manager-1.3.0-SNAPSHOT.jar:?]
	at org.apache.hadoop.ozone.om.KeyManagerImpl.getFileStatus(KeyManagerImpl.java:1241) ~[ozone-manager-1.3.0-SNAPSHOT.jar:?]
	at org.apache.hadoop.ozone.om.OzoneManager.getFileStatus(OzoneManager.java:3419) ~[ozone-manager-1.3.0-SNAPSHOT.jar:?]
	at org.apache.hadoop.ozone.protocolPB.OzoneManagerRequestHandler.getOzoneFileStatus(OzoneManagerRequestHandler.java:871) ~[ozone-manager-1.3.0-SNAPSHOT.jar:?]
	at org.apache.hadoop.ozone.protocolPB.OzoneManagerRequestHandler.handleReadRequest(OzoneManagerRequestHandler.java:217) ~[ozone-manager-1.3.0-SNAPSHOT.jar:?]
	at org.apache.hadoop.ozone.protocolPB.OzoneManagerProtocolServerSideTranslatorPB.submitReadRequestToOM(OzoneManagerProtocolServerSideTranslatorPB.java:226) ~[ozone-manager-1.3.0-SNAPSHOT.jar:?]
	at org.apache.hadoop.ozone.protocolPB.OzoneManagerProtocolServerSideTranslatorPB.processRequest(OzoneManagerProtocolServerSideTranslatorPB.java:175) ~[ozone-manager-1.3.0-SNAPSHOT.jar:?]
	at org.apache.hadoop.hdds.server.OzoneProtocolMessageDispatcher.processRequest(OzoneProtocolMessageDispatcher.java:87) [hdds-server-framework-1.3.0-SNAPSHOT.jar:?]
	at org.apache.hadoop.ozone.protocolPB.OzoneManagerProtocolServerSideTranslatorPB.submitRequest(OzoneManagerProtocolServerSideTranslatorPB.java:147) [ozone-manager-1.3.0-SNAPSHOT.jar:?]
	at org.apache.hadoop.ozone.protocol.proto.OzoneManagerProtocolProtos$OzoneManagerService$2.callBlockingMethod(OzoneManagerProtocolProtos.java) [ozone-interface-client-1.3.0-SNAPSHOT.jar:?]
	at org.apache.hadoop.ipc.ProtobufRpcEngine$Server.processCall(ProtobufRpcEngine.java:466) [hadoop-common-3.3.1.jar:?]
	at org.apache.hadoop.ipc.ProtobufRpcEngine2$Server$ProtoBufRpcInvoker.call(ProtobufRpcEngine2.java:574) [hadoop-common-3.3.1.jar:?]
	at org.apache.hadoop.ipc.ProtobufRpcEngine2$Server$ProtoBufRpcInvoker.call(ProtobufRpcEngine2.java:552) [hadoop-common-3.3.1.jar:?]
	at org.apache.hadoop.ipc.RPC$Server.call(RPC.java:1093) [hadoop-common-3.3.1.jar:?]
	at org.apache.hadoop.ipc.Server$RpcCall.run(Server.java:1035) [hadoop-common-3.3.1.jar:?]
	at org.apache.hadoop.ipc.Server$RpcCall.run(Server.java:963) [hadoop-common-3.3.1.jar:?]
	at java.security.AccessController.doPrivileged(Native Method) ~[?:1.8.0_332]
	at javax.security.auth.Subject.doAs(Subject.java:422) [?:1.8.0_332]
	at org.apache.hadoop.security.UserGroupInformation.doAs(UserGroupInformation.java:1878) [hadoop-common-3.3.1.jar:?]
	at org.apache.hadoop.ipc.Server$Handler.run(Server.java:2966) [hadoop-common-3.3.1.jar:?]
23:20:27.089 [IPC Server handler 3 on default port 35283] ERROR OMAudit - user=runner | ip=127.0.0.1 | op=GET_FILE_STATUS {volume=volume43830, bucket=bucket91377, key=.Trash/runner, dataSize=0, replicationConfig=null} | ret=FAILURE
org.apache.hadoop.ozone.om.exceptions.OMException: Unable to get file status: volume: volume43830 bucket: bucket91377 key: .Trash/runner
	at org.apache.hadoop.ozone.om.KeyManagerImpl.getOzoneFileStatus(KeyManagerImpl.java:1311) ~[ozone-manager-1.3.0-SNAPSHOT.jar:?]
	at org.apache.hadoop.ozone.om.KeyManagerImpl.getFileStatus(KeyManagerImpl.java:1241) ~[ozone-manager-1.3.0-SNAPSHOT.jar:?]
	at org.apache.hadoop.ozone.om.OzoneManager.getFileStatus(OzoneManager.java:3419) ~[ozone-manager-1.3.0-SNAPSHOT.jar:?]
	at org.apache.hadoop.ozone.protocolPB.OzoneManagerRequestHandler.getOzoneFileStatus(OzoneManagerRequestHandler.java:871) ~[ozone-manager-1.3.0-SNAPSHOT.jar:?]
	at org.apache.hadoop.ozone.protocolPB.OzoneManagerRequestHandler.handleReadRequest(OzoneManagerRequestHandler.java:217) ~[ozone-manager-1.3.0-SNAPSHOT.jar:?]
	at org.apache.hadoop.ozone.protocolPB.OzoneManagerProtocolServerSideTranslatorPB.submitReadRequestToOM(OzoneManagerProtocolServerSideTranslatorPB.java:226) ~[ozone-manager-1.3.0-SNAPSHOT.jar:?]
	at org.apache.hadoop.ozone.protocolPB.OzoneManagerProtocolServerSideTranslatorPB.processRequest(OzoneManagerProtocolServerSideTranslatorPB.java:175) ~[ozone-manager-1.3.0-SNAPSHOT.jar:?]
	at org.apache.hadoop.hdds.server.OzoneProtocolMessageDispatcher.processRequest(OzoneProtocolMessageDispatcher.java:87) [hdds-server-framework-1.3.0-SNAPSHOT.jar:?]
	at org.apache.hadoop.ozone.protocolPB.OzoneManagerProtocolServerSideTranslatorPB.submitRequest(OzoneManagerProtocolServerSideTranslatorPB.java:147) [ozone-manager-1.3.0-SNAPSHOT.jar:?]
	at org.apache.hadoop.ozone.protocol.proto.OzoneManagerProtocolProtos$OzoneManagerService$2.callBlockingMethod(OzoneManagerProtocolProtos.java) [ozone-interface-client-1.3.0-SNAPSHOT.jar:?]
	at org.apache.hadoop.ipc.ProtobufRpcEngine$Server.processCall(ProtobufRpcEngine.java:466) [hadoop-common-3.3.1.jar:?]
	at org.apache.hadoop.ipc.ProtobufRpcEngine2$Server$ProtoBufRpcInvoker.call(ProtobufRpcEngine2.java:574) [hadoop-common-3.3.1.jar:?]
	at org.apache.hadoop.ipc.ProtobufRpcEngine2$Server$ProtoBufRpcInvoker.call(ProtobufRpcEngine2.java:552) [hadoop-common-3.3.1.jar:?]
	at org.apache.hadoop.ipc.RPC$Server.call(RPC.java:1093) [hadoop-common-3.3.1.jar:?]
	at org.apache.hadoop.ipc.Server$RpcCall.run(Server.java:1035) [hadoop-common-3.3.1.jar:?]
	at org.apache.hadoop.ipc.Server$RpcCall.run(Server.java:963) [hadoop-common-3.3.1.jar:?]
	at java.security.AccessController.doPrivileged(Native Method) ~[?:1.8.0_332]
	at javax.security.auth.Subject.doAs(Subject.java:422) [?:1.8.0_332]
	at org.apache.hadoop.security.UserGroupInformation.doAs(UserGroupInformation.java:1878) [hadoop-common-3.3.1.jar:?]
	at org.apache.hadoop.ipc.Server$Handler.run(Server.java:2966) [hadoop-common-3.3.1.jar:?]
23:20:27.097 [IPC Server handler 6 on default port 35283] ERROR OMAudit - user=runner | ip=127.0.0.1 | op=GET_FILE_STATUS {volume=volume75096, bucket=trashroottest2, key=.Trash/runner, dataSize=0, replicationConfig=null} | ret=FAILURE
org.apache.hadoop.ozone.om.exceptions.OMException: Unable to get file status: volume: volume75096 bucket: trashroottest2 key: .Trash/runner
	at org.apache.hadoop.ozone.om.KeyManagerImpl.getOzoneFileStatus(KeyManagerImpl.java:1311) ~[ozone-manager-1.3.0-SNAPSHOT.jar:?]
	at org.apache.hadoop.ozone.om.KeyManagerImpl.getFileStatus(KeyManagerImpl.java:1241) ~[ozone-manager-1.3.0-SNAPSHOT.jar:?]
	at org.apache.hadoop.ozone.om.OzoneManager.getFileStatus(OzoneManager.java:3419) ~[ozone-manager-1.3.0-SNAPSHOT.jar:?]
	at org.apache.hadoop.ozone.protocolPB.OzoneManagerRequestHandler.getOzoneFileStatus(OzoneManagerRequestHandler.java:871) ~[ozone-manager-1.3.0-SNAPSHOT.jar:?]
	at org.apache.hadoop.ozone.protocolPB.OzoneManagerRequestHandler.handleReadRequest(OzoneManagerRequestHandler.java:217) ~[ozone-manager-1.3.0-SNAPSHOT.jar:?]
	at org.apache.hadoop.ozone.protocolPB.OzoneManagerProtocolServerSideTranslatorPB.submitReadRequestToOM(OzoneManagerProtocolServerSideTranslatorPB.java:226) ~[ozone-manager-1.3.0-SNAPSHOT.jar:?]
	at org.apache.hadoop.ozone.protocolPB.OzoneManagerProtocolServerSideTranslatorPB.processRequest(OzoneManagerProtocolServerSideTranslatorPB.java:175) ~[ozone-manager-1.3.0-SNAPSHOT.jar:?]
	at org.apache.hadoop.hdds.server.OzoneProtocolMessageDispatcher.processRequest(OzoneProtocolMessageDispatcher.java:87) [hdds-server-framework-1.3.0-SNAPSHOT.jar:?]
	at org.apache.hadoop.ozone.protocolPB.OzoneManagerProtocolServerSideTranslatorPB.submitRequest(OzoneManagerProtocolServerSideTranslatorPB.java:147) [ozone-manager-1.3.0-SNAPSHOT.jar:?]
	at org.apache.hadoop.ozone.protocol.proto.OzoneManagerProtocolProtos$OzoneManagerService$2.callBlockingMethod(OzoneManagerProtocolProtos.java) [ozone-interface-client-1.3.0-SNAPSHOT.jar:?]
	at org.apache.hadoop.ipc.ProtobufRpcEngine$Server.processCall(ProtobufRpcEngine.java:466) [hadoop-common-3.3.1.jar:?]
	at org.apache.hadoop.ipc.ProtobufRpcEngine2$Server$ProtoBufRpcInvoker.call(ProtobufRpcEngine2.java:574) [hadoop-common-3.3.1.jar:?]
	at org.apache.hadoop.ipc.ProtobufRpcEngine2$Server$ProtoBufRpcInvoker.call(ProtobufRpcEngine2.java:552) [hadoop-common-3.3.1.jar:?]
	at org.apache.hadoop.ipc.RPC$Server.call(RPC.java:1093) [hadoop-common-3.3.1.jar:?]
	at org.apache.hadoop.ipc.Server$RpcCall.run(Server.java:1035) [hadoop-common-3.3.1.jar:?]
	at org.apache.hadoop.ipc.Server$RpcCall.run(Server.java:963) [hadoop-common-3.3.1.jar:?]
	at java.security.AccessController.doPrivileged(Native Method) ~[?:1.8.0_332]
	at javax.security.auth.Subject.doAs(Subject.java:422) [?:1.8.0_332]
	at org.apache.hadoop.security.UserGroupInformation.doAs(UserGroupInformation.java:1878) [hadoop-common-3.3.1.jar:?]
	at org.apache.hadoop.ipc.Server$Handler.run(Server.java:2966) [hadoop-common-3.3.1.jar:?]
23:20:27.101 [IPC Server handler 16 on default port 35283] ERROR OMAudit - user=runner | ip=127.0.0.1 | op=GET_FILE_STATUS {volume=83246d7d-9042-4394-a108-f80d9aa973ec, bucket=69a3f40a-3e4c-4040-923a-d7c5663f1387, key=.Trash, dataSize=0, replicationConfig=null} | ret=FAILURE
org.apache.hadoop.ozone.om.exceptions.OMException: Unable to get file status: volume: 83246d7d-9042-4394-a108-f80d9aa973ec bucket: 69a3f40a-3e4c-4040-923a-d7c5663f1387 key: .Trash
	at org.apache.hadoop.ozone.om.KeyManagerImpl.getOzoneFileStatus(KeyManagerImpl.java:1311) ~[ozone-manager-1.3.0-SNAPSHOT.jar:?]
	at org.apache.hadoop.ozone.om.KeyManagerImpl.getFileStatus(KeyManagerImpl.java:1241) ~[ozone-manager-1.3.0-SNAPSHOT.jar:?]
	at org.apache.hadoop.ozone.om.OzoneManager.getFileStatus(OzoneManager.java:3419) ~[ozone-manager-1.3.0-SNAPSHOT.jar:?]
	at org.apache.hadoop.ozone.protocolPB.OzoneManagerRequestHandler.getOzoneFileStatus(OzoneManagerRequestHandler.java:871) ~[ozone-manager-1.3.0-SNAPSHOT.jar:?]
	at org.apache.hadoop.ozone.protocolPB.OzoneManagerRequestHandler.handleReadRequest(OzoneManagerRequestHandler.java:217) ~[ozone-manager-1.3.0-SNAPSHOT.jar:?]
	at org.apache.hadoop.ozone.protocolPB.OzoneManagerProtocolServerSideTranslatorPB.submitReadRequestToOM(OzoneManagerProtocolServerSideTranslatorPB.java:226) ~[ozone-manager-1.3.0-SNAPSHOT.jar:?]
	at org.apache.hadoop.ozone.protocolPB.OzoneManagerProtocolServerSideTranslatorPB.processRequest(OzoneManagerProtocolServerSideTranslatorPB.java:175) ~[ozone-manager-1.3.0-SNAPSHOT.jar:?]
	at org.apache.hadoop.hdds.server.OzoneProtocolMessageDispatcher.processRequest(OzoneProtocolMessageDispatcher.java:87) [hdds-server-framework-1.3.0-SNAPSHOT.jar:?]
	at org.apache.hadoop.ozone.protocolPB.OzoneManagerProtocolServerSideTranslatorPB.submitRequest(OzoneManagerProtocolServerSideTranslatorPB.java:147) [ozone-manager-1.3.0-SNAPSHOT.jar:?]
	at org.apache.hadoop.ozone.protocol.proto.OzoneManagerProtocolProtos$OzoneManagerService$2.callBlockingMethod(OzoneManagerProtocolProtos.java) [ozone-interface-client-1.3.0-SNAPSHOT.jar:?]
	at org.apache.hadoop.ipc.ProtobufRpcEngine$Server.processCall(ProtobufRpcEngine.java:466) [hadoop-common-3.3.1.jar:?]
	at org.apache.hadoop.ipc.ProtobufRpcEngine2$Server$ProtoBufRpcInvoker.call(ProtobufRpcEngine2.java:574) [hadoop-common-3.3.1.jar:?]
	at org.apache.hadoop.ipc.ProtobufRpcEngine2$Server$ProtoBufRpcInvoker.call(ProtobufRpcEngine2.java:552) [hadoop-common-3.3.1.jar:?]
	at org.apache.hadoop.ipc.RPC$Server.call(RPC.java:1093) [hadoop-common-3.3.1.jar:?]
	at org.apache.hadoop.ipc.Server$RpcCall.run(Server.java:1035) [hadoop-common-3.3.1.jar:?]
	at org.apache.hadoop.ipc.Server$RpcCall.run(Server.java:963) [hadoop-common-3.3.1.jar:?]
	at java.security.AccessController.doPrivileged(Native Method) ~[?:1.8.0_332]
	at javax.security.auth.Subject.doAs(Subject.java:422) [?:1.8.0_332]
	at org.apache.hadoop.security.UserGroupInformation.doAs(UserGroupInformation.java:1878) [hadoop-common-3.3.1.jar:?]
	at org.apache.hadoop.ipc.Server$Handler.run(Server.java:2966) [hadoop-common-3.3.1.jar:?]
23:20:27.105 [IPC Server handler 4 on default port 35283] ERROR OMAudit - user=runner | ip=127.0.0.1 | op=GET_FILE_STATUS {volume=volume43830, bucket=bucket91377, key=.Trash, dataSize=0, replicationConfig=null} | ret=FAILURE
org.apache.hadoop.ozone.om.exceptions.OMException: Unable to get file status: volume: volume43830 bucket: bucket91377 key: .Trash
	at org.apache.hadoop.ozone.om.KeyManagerImpl.getOzoneFileStatus(KeyManagerImpl.java:1311) ~[ozone-manager-1.3.0-SNAPSHOT.jar:?]
	at org.apache.hadoop.ozone.om.KeyManagerImpl.getFileStatus(KeyManagerImpl.java:1241) ~[ozone-manager-1.3.0-SNAPSHOT.jar:?]
	at org.apache.hadoop.ozone.om.OzoneManager.getFileStatus(OzoneManager.java:3419) ~[ozone-manager-1.3.0-SNAPSHOT.jar:?]
	at org.apache.hadoop.ozone.protocolPB.OzoneManagerRequestHandler.getOzoneFileStatus(OzoneManagerRequestHandler.java:871) ~[ozone-manager-1.3.0-SNAPSHOT.jar:?]
	at org.apache.hadoop.ozone.protocolPB.OzoneManagerRequestHandler.handleReadRequest(OzoneManagerRequestHandler.java:217) ~[ozone-manager-1.3.0-SNAPSHOT.jar:?]
	at org.apache.hadoop.ozone.protocolPB.OzoneManagerProtocolServerSideTranslatorPB.submitReadRequestToOM(OzoneManagerProtocolServerSideTranslatorPB.java:226) ~[ozone-manager-1.3.0-SNAPSHOT.jar:?]
	at org.apache.hadoop.ozone.protocolPB.OzoneManagerProtocolServerSideTranslatorPB.processRequest(OzoneManagerProtocolServerSideTranslatorPB.java:175) ~[ozone-manager-1.3.0-SNAPSHOT.jar:?]
	at org.apache.hadoop.hdds.server.OzoneProtocolMessageDispatcher.processRequest(OzoneProtocolMessageDispatcher.java:87) [hdds-server-framework-1.3.0-SNAPSHOT.jar:?]
	at org.apache.hadoop.ozone.protocolPB.OzoneManagerProtocolServerSideTranslatorPB.submitRequest(OzoneManagerProtocolServerSideTranslatorPB.java:147) [ozone-manager-1.3.0-SNAPSHOT.jar:?]
	at org.apache.hadoop.ozone.protocol.proto.OzoneManagerProtocolProtos$OzoneManagerService$2.callBlockingMethod(OzoneManagerProtocolProtos.java) [ozone-interface-client-1.3.0-SNAPSHOT.jar:?]
	at org.apache.hadoop.ipc.ProtobufRpcEngine$Server.processCall(ProtobufRpcEngine.java:466) [hadoop-common-3.3.1.jar:?]
	at org.apache.hadoop.ipc.ProtobufRpcEngine2$Server$ProtoBufRpcInvoker.call(ProtobufRpcEngine2.java:574) [hadoop-common-3.3.1.jar:?]
	at org.apache.hadoop.ipc.ProtobufRpcEngine2$Server$ProtoBufRpcInvoker.call(ProtobufRpcEngine2.java:552) [hadoop-common-3.3.1.jar:?]
	at org.apache.hadoop.ipc.RPC$Server.call(RPC.java:1093) [hadoop-common-3.3.1.jar:?]
	at org.apache.hadoop.ipc.Server$RpcCall.run(Server.java:1035) [hadoop-common-3.3.1.jar:?]
	at org.apache.hadoop.ipc.Server$RpcCall.run(Server.java:963) [hadoop-common-3.3.1.jar:?]
	at java.security.AccessController.doPrivileged(Native Method) ~[?:1.8.0_332]
	at javax.security.auth.Subject.doAs(Subject.java:422) [?:1.8.0_332]
	at org.apache.hadoop.security.UserGroupInformation.doAs(UserGroupInformation.java:1878) [hadoop-common-3.3.1.jar:?]
	at org.apache.hadoop.ipc.Server$Handler.run(Server.java:2966) [hadoop-common-3.3.1.jar:?]
23:20:27.118 [IPC Server handler 19 on default port 35283] ERROR OMAudit - user=runner | ip=127.0.0.1 | op=GET_FILE_STATUS {volume=volume75096, bucket=trashroottest2, key=.Trash, dataSize=0, replicationConfig=null} | ret=FAILURE
org.apache.hadoop.ozone.om.exceptions.OMException: Unable to get file status: volume: volume75096 bucket: trashroottest2 key: .Trash
	at org.apache.hadoop.ozone.om.KeyManagerImpl.getOzoneFileStatus(KeyManagerImpl.java:1311) ~[ozone-manager-1.3.0-SNAPSHOT.jar:?]
	at org.apache.hadoop.ozone.om.KeyManagerImpl.getFileStatus(KeyManagerImpl.java:1241) ~[ozone-manager-1.3.0-SNAPSHOT.jar:?]
	at org.apache.hadoop.ozone.om.OzoneManager.getFileStatus(OzoneManager.java:3419) ~[ozone-manager-1.3.0-SNAPSHOT.jar:?]
	at org.apache.hadoop.ozone.protocolPB.OzoneManagerRequestHandler.getOzoneFileStatus(OzoneManagerRequestHandler.java:871) ~[ozone-manager-1.3.0-SNAPSHOT.jar:?]
	at org.apache.hadoop.ozone.protocolPB.OzoneManagerRequestHandler.handleReadRequest(OzoneManagerRequestHandler.java:217) ~[ozone-manager-1.3.0-SNAPSHOT.jar:?]
	at org.apache.hadoop.ozone.protocolPB.OzoneManagerProtocolServerSideTranslatorPB.submitReadRequestToOM(OzoneManagerProtocolServerSideTranslatorPB.java:226) ~[ozone-manager-1.3.0-SNAPSHOT.jar:?]
	at org.apache.hadoop.ozone.protocolPB.OzoneManagerProtocolServerSideTranslatorPB.processRequest(OzoneManagerProtocolServerSideTranslatorPB.java:175) ~[ozone-manager-1.3.0-SNAPSHOT.jar:?]
	at org.apache.hadoop.hdds.server.OzoneProtocolMessageDispatcher.processRequest(OzoneProtocolMessageDispatcher.java:87) [hdds-server-framework-1.3.0-SNAPSHOT.jar:?]
	at org.apache.hadoop.ozone.protocolPB.OzoneManagerProtocolServerSideTranslatorPB.submitRequest(OzoneManagerProtocolServerSideTranslatorPB.java:147) [ozone-manager-1.3.0-SNAPSHOT.jar:?]
	at org.apache.hadoop.ozone.protocol.proto.OzoneManagerProtocolProtos$OzoneManagerService$2.callBlockingMethod(OzoneManagerProtocolProtos.java) [ozone-interface-client-1.3.0-SNAPSHOT.jar:?]
	at org.apache.hadoop.ipc.ProtobufRpcEngine$Server.processCall(ProtobufRpcEngine.java:466) [hadoop-common-3.3.1.jar:?]
	at org.apache.hadoop.ipc.ProtobufRpcEngine2$Server$ProtoBufRpcInvoker.call(ProtobufRpcEngine2.java:574) [hadoop-common-3.3.1.jar:?]
	at org.apache.hadoop.ipc.ProtobufRpcEngine2$Server$ProtoBufRpcInvoker.call(ProtobufRpcEngine2.java:552) [hadoop-common-3.3.1.jar:?]
	at org.apache.hadoop.ipc.RPC$Server.call(RPC.java:1093) [hadoop-common-3.3.1.jar:?]
	at org.apache.hadoop.ipc.Server$RpcCall.run(Server.java:1035) [hadoop-common-3.3.1.jar:?]
	at org.apache.hadoop.ipc.Server$RpcCall.run(Server.java:963) [hadoop-common-3.3.1.jar:?]
	at java.security.AccessController.doPrivileged(Native Method) ~[?:1.8.0_332]
	at javax.security.auth.Subject.doAs(Subject.java:422) [?:1.8.0_332]
	at org.apache.hadoop.security.UserGroupInformation.doAs(UserGroupInformation.java:1878) [hadoop-common-3.3.1.jar:?]
	at org.apache.hadoop.ipc.Server$Handler.run(Server.java:2966) [hadoop-common-3.3.1.jar:?]
23:20:27.137 [IPC Server handler 13 on default port 35283] ERROR OMAudit - user=runner | ip=127.0.0.1 | op=GET_FILE_STATUS {volume=83246d7d-9042-4394-a108-f80d9aa973ec, bucket=69a3f40a-3e4c-4040-923a-d7c5663f1387, key=.Trash/runner, dataSize=0, replicationConfig=null} | ret=FAILURE
org.apache.hadoop.ozone.om.exceptions.OMException: Unable to get file status: volume: 83246d7d-9042-4394-a108-f80d9aa973ec bucket: 69a3f40a-3e4c-4040-923a-d7c5663f1387 key: .Trash/runner
	at org.apache.hadoop.ozone.om.KeyManagerImpl.getOzoneFileStatus(KeyManagerImpl.java:1311) ~[ozone-manager-1.3.0-SNAPSHOT.jar:?]
	at org.apache.hadoop.ozone.om.KeyManagerImpl.getFileStatus(KeyManagerImpl.java:1241) ~[ozone-manager-1.3.0-SNAPSHOT.jar:?]
	at org.apache.hadoop.ozone.om.OzoneManager.getFileStatus(OzoneManager.java:3419) ~[ozone-manager-1.3.0-SNAPSHOT.jar:?]
	at org.apache.hadoop.ozone.protocolPB.OzoneManagerRequestHandler.getOzoneFileStatus(OzoneManagerRequestHandler.java:871) ~[ozone-manager-1.3.0-SNAPSHOT.jar:?]
	at org.apache.hadoop.ozone.protocolPB.OzoneManagerRequestHandler.handleReadRequest(OzoneManagerRequestHandler.java:217) ~[ozone-manager-1.3.0-SNAPSHOT.jar:?]
	at org.apache.hadoop.ozone.protocolPB.OzoneManagerProtocolServerSideTranslatorPB.submitReadRequestToOM(OzoneManagerProtocolServerSideTranslatorPB.java:226) ~[ozone-manager-1.3.0-SNAPSHOT.jar:?]
	at org.apache.hadoop.ozone.protocolPB.OzoneManagerProtocolServerSideTranslatorPB.processRequest(OzoneManagerProtocolServerSideTranslatorPB.java:175) ~[ozone-manager-1.3.0-SNAPSHOT.jar:?]
	at org.apache.hadoop.hdds.server.OzoneProtocolMessageDispatcher.processRequest(OzoneProtocolMessageDispatcher.java:87) [hdds-server-framework-1.3.0-SNAPSHOT.jar:?]
	at org.apache.hadoop.ozone.protocolPB.OzoneManagerProtocolServerSideTranslatorPB.submitRequest(OzoneManagerProtocolServerSideTranslatorPB.java:147) [ozone-manager-1.3.0-SNAPSHOT.jar:?]
	at org.apache.hadoop.ozone.protocol.proto.OzoneManagerProtocolProtos$OzoneManagerService$2.callBlockingMethod(OzoneManagerProtocolProtos.java) [ozone-interface-client-1.3.0-SNAPSHOT.jar:?]
	at org.apache.hadoop.ipc.ProtobufRpcEngine$Server.processCall(ProtobufRpcEngine.java:466) [hadoop-common-3.3.1.jar:?]
	at org.apache.hadoop.ipc.ProtobufRpcEngine2$Server$ProtoBufRpcInvoker.call(ProtobufRpcEngine2.java:574) [hadoop-common-3.3.1.jar:?]
	at org.apache.hadoop.ipc.ProtobufRpcEngine2$Server$ProtoBufRpcInvoker.call(ProtobufRpcEngine2.java:552) [hadoop-common-3.3.1.jar:?]
	at org.apache.hadoop.ipc.RPC$Server.call(RPC.java:1093) [hadoop-common-3.3.1.jar:?]
	at org.apache.hadoop.ipc.Server$RpcCall.run(Server.java:1035) [hadoop-common-3.3.1.jar:?]
	at org.apache.hadoop.ipc.Server$RpcCall.run(Server.java:963) [hadoop-common-3.3.1.jar:?]
	at java.security.AccessController.doPrivileged(Native Method) ~[?:1.8.0_332]
	at javax.security.auth.Subject.doAs(Subject.java:422) [?:1.8.0_332]
	at org.apache.hadoop.security.UserGroupInformation.doAs(UserGroupInformation.java:1878) [hadoop-common-3.3.1.jar:?]
	at org.apache.hadoop.ipc.Server$Handler.run(Server.java:2966) [hadoop-common-3.3.1.jar:?]
23:20:27.140 [IPC Server handler 16 on default port 35283] ERROR OMAudit - user=runner | ip=127.0.0.1 | op=GET_FILE_STATUS {volume=volume43830, bucket=bucket91377, key=.Trash/runner, dataSize=0, replicationConfig=null} | ret=FAILURE
org.apache.hadoop.ozone.om.exceptions.OMException: Unable to get file status: volume: volume43830 bucket: bucket91377 key: .Trash/runner
	at org.apache.hadoop.ozone.om.KeyManagerImpl.getOzoneFileStatus(KeyManagerImpl.java:1311) ~[ozone-manager-1.3.0-SNAPSHOT.jar:?]
	at org.apache.hadoop.ozone.om.KeyManagerImpl.getFileStatus(KeyManagerImpl.java:1241) ~[ozone-manager-1.3.0-SNAPSHOT.jar:?]
	at org.apache.hadoop.ozone.om.OzoneManager.getFileStatus(OzoneManager.java:3419) ~[ozone-manager-1.3.0-SNAPSHOT.jar:?]
	at org.apache.hadoop.ozone.protocolPB.OzoneManagerRequestHandler.getOzoneFileStatus(OzoneManagerRequestHandler.java:871) ~[ozone-manager-1.3.0-SNAPSHOT.jar:?]
	at org.apache.hadoop.ozone.protocolPB.OzoneManagerRequestHandler.handleReadRequest(OzoneManagerRequestHandler.java:217) ~[ozone-manager-1.3.0-SNAPSHOT.jar:?]
	at org.apache.hadoop.ozone.protocolPB.OzoneManagerProtocolServerSideTranslatorPB.submitReadRequestToOM(OzoneManagerProtocolServerSideTranslatorPB.java:226) ~[ozone-manager-1.3.0-SNAPSHOT.jar:?]
	at org.apache.hadoop.ozone.protocolPB.OzoneManagerProtocolServerSideTranslatorPB.processRequest(OzoneManagerProtocolServerSideTranslatorPB.java:175) ~[ozone-manager-1.3.0-SNAPSHOT.jar:?]
	at org.apache.hadoop.hdds.server.OzoneProtocolMessageDispatcher.processRequest(OzoneProtocolMessageDispatcher.java:87) [hdds-server-framework-1.3.0-SNAPSHOT.jar:?]
	at org.apache.hadoop.ozone.protocolPB.OzoneManagerProtocolServerSideTranslatorPB.submitRequest(OzoneManagerProtocolServerSideTranslatorPB.java:147) [ozone-manager-1.3.0-SNAPSHOT.jar:?]
	at org.apache.hadoop.ozone.protocol.proto.OzoneManagerProtocolProtos$OzoneManagerService$2.callBlockingMethod(OzoneManagerProtocolProtos.java) [ozone-interface-client-1.3.0-SNAPSHOT.jar:?]
	at org.apache.hadoop.ipc.ProtobufRpcEngine$Server.processCall(ProtobufRpcEngine.java:466) [hadoop-common-3.3.1.jar:?]
	at org.apache.hadoop.ipc.ProtobufRpcEngine2$Server$ProtoBufRpcInvoker.call(ProtobufRpcEngine2.java:574) [hadoop-common-3.3.1.jar:?]
	at org.apache.hadoop.ipc.ProtobufRpcEngine2$Server$ProtoBufRpcInvoker.call(ProtobufRpcEngine2.java:552) [hadoop-common-3.3.1.jar:?]
	at org.apache.hadoop.ipc.RPC$Server.call(RPC.java:1093) [hadoop-common-3.3.1.jar:?]
	at org.apache.hadoop.ipc.Server$RpcCall.run(Server.java:1035) [hadoop-common-3.3.1.jar:?]
	at org.apache.hadoop.ipc.Server$RpcCall.run(Server.java:963) [hadoop-common-3.3.1.jar:?]
	at java.security.AccessController.doPrivileged(Native Method) ~[?:1.8.0_332]
	at javax.security.auth.Subject.doAs(Subject.java:422) [?:1.8.0_332]
	at org.apache.hadoop.security.UserGroupInformation.doAs(UserGroupInformation.java:1878) [hadoop-common-3.3.1.jar:?]
	at org.apache.hadoop.ipc.Server$Handler.run(Server.java:2966) [hadoop-common-3.3.1.jar:?]
23:20:27.149 [IPC Server handler 9 on default port 35283] ERROR OMAudit - user=runner | ip=127.0.0.1 | op=GET_FILE_STATUS {volume=volume75096, bucket=trashroottest2, key=.Trash/runner, dataSize=0, replicationConfig=null} | ret=FAILURE
org.apache.hadoop.ozone.om.exceptions.OMException: Unable to get file status: volume: volume75096 bucket: trashroottest2 key: .Trash/runner
	at org.apache.hadoop.ozone.om.KeyManagerImpl.getOzoneFileStatus(KeyManagerImpl.java:1311) ~[ozone-manager-1.3.0-SNAPSHOT.jar:?]
	at org.apache.hadoop.ozone.om.KeyManagerImpl.getFileStatus(KeyManagerImpl.java:1241) ~[ozone-manager-1.3.0-SNAPSHOT.jar:?]
	at org.apache.hadoop.ozone.om.OzoneManager.getFileStatus(OzoneManager.java:3419) ~[ozone-manager-1.3.0-SNAPSHOT.jar:?]
	at org.apache.hadoop.ozone.protocolPB.OzoneManagerRequestHandler.getOzoneFileStatus(OzoneManagerRequestHandler.java:871) ~[ozone-manager-1.3.0-SNAPSHOT.jar:?]
	at org.apache.hadoop.ozone.protocolPB.OzoneManagerRequestHandler.handleReadRequest(OzoneManagerRequestHandler.java:217) ~[ozone-manager-1.3.0-SNAPSHOT.jar:?]
	at org.apache.hadoop.ozone.protocolPB.OzoneManagerProtocolServerSideTranslatorPB.submitReadRequestToOM(OzoneManagerProtocolServerSideTranslatorPB.java:226) ~[ozone-manager-1.3.0-SNAPSHOT.jar:?]
	at org.apache.hadoop.ozone.protocolPB.OzoneManagerProtocolServerSideTranslatorPB.processRequest(OzoneManagerProtocolServerSideTranslatorPB.java:175) ~[ozone-manager-1.3.0-SNAPSHOT.jar:?]
	at org.apache.hadoop.hdds.server.OzoneProtocolMessageDispatcher.processRequest(OzoneProtocolMessageDispatcher.java:87) [hdds-server-framework-1.3.0-SNAPSHOT.jar:?]
	at org.apache.hadoop.ozone.protocolPB.OzoneManagerProtocolServerSideTranslatorPB.submitRequest(OzoneManagerProtocolServerSideTranslatorPB.java:147) [ozone-manager-1.3.0-SNAPSHOT.jar:?]
	at org.apache.hadoop.ozone.protocol.proto.OzoneManagerProtocolProtos$OzoneManagerService$2.callBlockingMethod(OzoneManagerProtocolProtos.java) [ozone-interface-client-1.3.0-SNAPSHOT.jar:?]
	at org.apache.hadoop.ipc.ProtobufRpcEngine$Server.processCall(ProtobufRpcEngine.java:466) [hadoop-common-3.3.1.jar:?]
	at org.apache.hadoop.ipc.ProtobufRpcEngine2$Server$ProtoBufRpcInvoker.call(ProtobufRpcEngine2.java:574) [hadoop-common-3.3.1.jar:?]
	at org.apache.hadoop.ipc.ProtobufRpcEngine2$Server$ProtoBufRpcInvoker.call(ProtobufRpcEngine2.java:552) [hadoop-common-3.3.1.jar:?]
	at org.apache.hadoop.ipc.RPC$Server.call(RPC.java:1093) [hadoop-common-3.3.1.jar:?]
	at org.apache.hadoop.ipc.Server$RpcCall.run(Server.java:1035) [hadoop-common-3.3.1.jar:?]
	at org.apache.hadoop.ipc.Server$RpcCall.run(Server.java:963) [hadoop-common-3.3.1.jar:?]
	at java.security.AccessController.doPrivileged(Native Method) ~[?:1.8.0_332]
	at javax.security.auth.Subject.doAs(Subject.java:422) [?:1.8.0_332]
	at org.apache.hadoop.security.UserGroupInformation.doAs(UserGroupInformation.java:1878) [hadoop-common-3.3.1.jar:?]
	at org.apache.hadoop.ipc.Server$Handler.run(Server.java:2966) [hadoop-common-3.3.1.jar:?]
23:20:27.154 [IPC Server handler 14 on default port 35283] ERROR OMAudit - user=runner | ip=127.0.0.1 | op=GET_FILE_STATUS {volume=83246d7d-9042-4394-a108-f80d9aa973ec, bucket=69a3f40a-3e4c-4040-923a-d7c5663f1387, key=.Trash, dataSize=0, replicationConfig=null} | ret=FAILURE
org.apache.hadoop.ozone.om.exceptions.OMException: Unable to get file status: volume: 83246d7d-9042-4394-a108-f80d9aa973ec bucket: 69a3f40a-3e4c-4040-923a-d7c5663f1387 key: .Trash
	at org.apache.hadoop.ozone.om.KeyManagerImpl.getOzoneFileStatus(KeyManagerImpl.java:1311) ~[ozone-manager-1.3.0-SNAPSHOT.jar:?]
	at org.apache.hadoop.ozone.om.KeyManagerImpl.getFileStatus(KeyManagerImpl.java:1241) ~[ozone-manager-1.3.0-SNAPSHOT.jar:?]
	at org.apache.hadoop.ozone.om.OzoneManager.getFileStatus(OzoneManager.java:3419) ~[ozone-manager-1.3.0-SNAPSHOT.jar:?]
	at org.apache.hadoop.ozone.protocolPB.OzoneManagerRequestHandler.getOzoneFileStatus(OzoneManagerRequestHandler.java:871) ~[ozone-manager-1.3.0-SNAPSHOT.jar:?]
	at org.apache.hadoop.ozone.protocolPB.OzoneManagerRequestHandler.handleReadRequest(OzoneManagerRequestHandler.java:217) ~[ozone-manager-1.3.0-SNAPSHOT.jar:?]
	at org.apache.hadoop.ozone.protocolPB.OzoneManagerProtocolServerSideTranslatorPB.submitReadRequestToOM(OzoneManagerProtocolServerSideTranslatorPB.java:226) ~[ozone-manager-1.3.0-SNAPSHOT.jar:?]
	at org.apache.hadoop.ozone.protocolPB.OzoneManagerProtocolServerSideTranslatorPB.processRequest(OzoneManagerProtocolServerSideTranslatorPB.java:175) ~[ozone-manager-1.3.0-SNAPSHOT.jar:?]
	at org.apache.hadoop.hdds.server.OzoneProtocolMessageDispatcher.processRequest(OzoneProtocolMessageDispatcher.java:87) [hdds-server-framework-1.3.0-SNAPSHOT.jar:?]
	at org.apache.hadoop.ozone.protocolPB.OzoneManagerProtocolServerSideTranslatorPB.submitRequest(OzoneManagerProtocolServerSideTranslatorPB.java:147) [ozone-manager-1.3.0-SNAPSHOT.jar:?]
	at org.apache.hadoop.ozone.protocol.proto.OzoneManagerProtocolProtos$OzoneManagerService$2.callBlockingMethod(OzoneManagerProtocolProtos.java) [ozone-interface-client-1.3.0-SNAPSHOT.jar:?]
	at org.apache.hadoop.ipc.ProtobufRpcEngine$Server.processCall(ProtobufRpcEngine.java:466) [hadoop-common-3.3.1.jar:?]
	at org.apache.hadoop.ipc.ProtobufRpcEngine2$Server$ProtoBufRpcInvoker.call(ProtobufRpcEngine2.java:574) [hadoop-common-3.3.1.jar:?]
	at org.apache.hadoop.ipc.ProtobufRpcEngine2$Server$ProtoBufRpcInvoker.call(ProtobufRpcEngine2.java:552) [hadoop-common-3.3.1.jar:?]
	at org.apache.hadoop.ipc.RPC$Server.call(RPC.java:1093) [hadoop-common-3.3.1.jar:?]
	at org.apache.hadoop.ipc.Server$RpcCall.run(Server.java:1035) [hadoop-common-3.3.1.jar:?]
	at org.apache.hadoop.ipc.Server$RpcCall.run(Server.java:963) [hadoop-common-3.3.1.jar:?]
	at java.security.AccessController.doPrivileged(Native Method) ~[?:1.8.0_332]
	at javax.security.auth.Subject.doAs(Subject.java:422) [?:1.8.0_332]
	at org.apache.hadoop.security.UserGroupInformation.doAs(UserGroupInformation.java:1878) [hadoop-common-3.3.1.jar:?]
	at org.apache.hadoop.ipc.Server$Handler.run(Server.java:2966) [hadoop-common-3.3.1.jar:?]
23:20:27.160 [IPC Server handler 0 on default port 35283] ERROR OMAudit - user=runner | ip=127.0.0.1 | op=GET_FILE_STATUS {volume=volume43830, bucket=bucket91377, key=.Trash, dataSize=0, replicationConfig=null} | ret=FAILURE
org.apache.hadoop.ozone.om.exceptions.OMException: Unable to get file status: volume: volume43830 bucket: bucket91377 key: .Trash
	at org.apache.hadoop.ozone.om.KeyManagerImpl.getOzoneFileStatus(KeyManagerImpl.java:1311) ~[ozone-manager-1.3.0-SNAPSHOT.jar:?]
	at org.apache.hadoop.ozone.om.KeyManagerImpl.getFileStatus(KeyManagerImpl.java:1241) ~[ozone-manager-1.3.0-SNAPSHOT.jar:?]
	at org.apache.hadoop.ozone.om.OzoneManager.getFileStatus(OzoneManager.java:3419) ~[ozone-manager-1.3.0-SNAPSHOT.jar:?]
	at org.apache.hadoop.ozone.protocolPB.OzoneManagerRequestHandler.getOzoneFileStatus(OzoneManagerRequestHandler.java:871) ~[ozone-manager-1.3.0-SNAPSHOT.jar:?]
	at org.apache.hadoop.ozone.protocolPB.OzoneManagerRequestHandler.handleReadRequest(OzoneManagerRequestHandler.java:217) ~[ozone-manager-1.3.0-SNAPSHOT.jar:?]
	at org.apache.hadoop.ozone.protocolPB.OzoneManagerProtocolServerSideTranslatorPB.submitReadRequestToOM(OzoneManagerProtocolServerSideTranslatorPB.java:226) ~[ozone-manager-1.3.0-SNAPSHOT.jar:?]
	at org.apache.hadoop.ozone.protocolPB.OzoneManagerProtocolServerSideTranslatorPB.processRequest(OzoneManagerProtocolServerSideTranslatorPB.java:175) ~[ozone-manager-1.3.0-SNAPSHOT.jar:?]
	at org.apache.hadoop.hdds.server.OzoneProtocolMessageDispatcher.processRequest(OzoneProtocolMessageDispatcher.java:87) [hdds-server-framework-1.3.0-SNAPSHOT.jar:?]
	at org.apache.hadoop.ozone.protocolPB.OzoneManagerProtocolServerSideTranslatorPB.submitRequest(OzoneManagerProtocolServerSideTranslatorPB.java:147) [ozone-manager-1.3.0-SNAPSHOT.jar:?]
	at org.apache.hadoop.ozone.protocol.proto.OzoneManagerProtocolProtos$OzoneManagerService$2.callBlockingMethod(OzoneManagerProtocolProtos.java) [ozone-interface-client-1.3.0-SNAPSHOT.jar:?]
	at org.apache.hadoop.ipc.ProtobufRpcEngine$Server.processCall(ProtobufRpcEngine.java:466) [hadoop-common-3.3.1.jar:?]
	at org.apache.hadoop.ipc.ProtobufRpcEngine2$Server$ProtoBufRpcInvoker.call(ProtobufRpcEngine2.java:574) [hadoop-common-3.3.1.jar:?]
	at org.apache.hadoop.ipc.ProtobufRpcEngine2$Server$ProtoBufRpcInvoker.call(ProtobufRpcEngine2.java:552) [hadoop-common-3.3.1.jar:?]
	at org.apache.hadoop.ipc.RPC$Server.call(RPC.java:1093) [hadoop-common-3.3.1.jar:?]
	at org.apache.hadoop.ipc.Server$RpcCall.run(Server.java:1035) [hadoop-common-3.3.1.jar:?]
	at org.apache.hadoop.ipc.Server$RpcCall.run(Server.java:963) [hadoop-common-3.3.1.jar:?]
	at java.security.AccessController.doPrivileged(Native Method) ~[?:1.8.0_332]
	at javax.security.auth.Subject.doAs(Subject.java:422) [?:1.8.0_332]
	at org.apache.hadoop.security.UserGroupInformation.doAs(UserGroupInformation.java:1878) [hadoop-common-3.3.1.jar:?]
	at org.apache.hadoop.ipc.Server$Handler.run(Server.java:2966) [hadoop-common-3.3.1.jar:?]
23:20:27.168 [IPC Server handler 8 on default port 35283] ERROR OMAudit - user=runner | ip=127.0.0.1 | op=GET_FILE_STATUS {volume=volume75096, bucket=trashroottest2, key=.Trash, dataSize=0, replicationConfig=null} | ret=FAILURE
org.apache.hadoop.ozone.om.exceptions.OMException: Unable to get file status: volume: volume75096 bucket: trashroottest2 key: .Trash
	at org.apache.hadoop.ozone.om.KeyManagerImpl.getOzoneFileStatus(KeyManagerImpl.java:1311) ~[ozone-manager-1.3.0-SNAPSHOT.jar:?]
	at org.apache.hadoop.ozone.om.KeyManagerImpl.getFileStatus(KeyManagerImpl.java:1241) ~[ozone-manager-1.3.0-SNAPSHOT.jar:?]
	at org.apache.hadoop.ozone.om.OzoneManager.getFileStatus(OzoneManager.java:3419) ~[ozone-manager-1.3.0-SNAPSHOT.jar:?]
	at org.apache.hadoop.ozone.protocolPB.OzoneManagerRequestHandler.getOzoneFileStatus(OzoneManagerRequestHandler.java:871) ~[ozone-manager-1.3.0-SNAPSHOT.jar:?]
	at org.apache.hadoop.ozone.protocolPB.OzoneManagerRequestHandler.handleReadRequest(OzoneManagerRequestHandler.java:217) ~[ozone-manager-1.3.0-SNAPSHOT.jar:?]
	at org.apache.hadoop.ozone.protocolPB.OzoneManagerProtocolServerSideTranslatorPB.submitReadRequestToOM(OzoneManagerProtocolServerSideTranslatorPB.java:226) ~[ozone-manager-1.3.0-SNAPSHOT.jar:?]
	at org.apache.hadoop.ozone.protocolPB.OzoneManagerProtocolServerSideTranslatorPB.processRequest(OzoneManagerProtocolServerSideTranslatorPB.java:175) ~[ozone-manager-1.3.0-SNAPSHOT.jar:?]
	at org.apache.hadoop.hdds.server.OzoneProtocolMessageDispatcher.processRequest(OzoneProtocolMessageDispatcher.java:87) [hdds-server-framework-1.3.0-SNAPSHOT.jar:?]
	at org.apache.hadoop.ozone.protocolPB.OzoneManagerProtocolServerSideTranslatorPB.submitRequest(OzoneManagerProtocolServerSideTranslatorPB.java:147) [ozone-manager-1.3.0-SNAPSHOT.jar:?]
	at org.apache.hadoop.ozone.protocol.proto.OzoneManagerProtocolProtos$OzoneManagerService$2.callBlockingMethod(OzoneManagerProtocolProtos.java) [ozone-interface-client-1.3.0-SNAPSHOT.jar:?]
	at org.apache.hadoop.ipc.ProtobufRpcEngine$Server.processCall(ProtobufRpcEngine.java:466) [hadoop-common-3.3.1.jar:?]
	at org.apache.hadoop.ipc.ProtobufRpcEngine2$Server$ProtoBufRpcInvoker.call(ProtobufRpcEngine2.java:574) [hadoop-common-3.3.1.jar:?]
	at org.apache.hadoop.ipc.ProtobufRpcEngine2$Server$ProtoBufRpcInvoker.call(ProtobufRpcEngine2.java:552) [hadoop-common-3.3.1.jar:?]
	at org.apache.hadoop.ipc.RPC$Server.call(RPC.java:1093) [hadoop-common-3.3.1.jar:?]
	at org.apache.hadoop.ipc.Server$RpcCall.run(Server.java:1035) [hadoop-common-3.3.1.jar:?]
	at org.apache.hadoop.ipc.Server$RpcCall.run(Server.java:963) [hadoop-common-3.3.1.jar:?]
	at java.security.AccessController.doPrivileged(Native Method) ~[?:1.8.0_332]
	at javax.security.auth.Subject.doAs(Subject.java:422) [?:1.8.0_332]
	at org.apache.hadoop.security.UserGroupInformation.doAs(UserGroupInformation.java:1878) [hadoop-common-3.3.1.jar:?]
	at org.apache.hadoop.ipc.Server$Handler.run(Server.java:2966) [hadoop-common-3.3.1.jar:?]
23:20:27.196 [IPC Server handler 10 on default port 35283] ERROR OMAudit - user=runner | ip=127.0.0.1 | op=GET_FILE_STATUS {volume=83246d7d-9042-4394-a108-f80d9aa973ec, bucket=69a3f40a-3e4c-4040-923a-d7c5663f1387, key=.Trash/runner, dataSize=0, replicationConfig=null} | ret=FAILURE
org.apache.hadoop.ozone.om.exceptions.OMException: Unable to get file status: volume: 83246d7d-9042-4394-a108-f80d9aa973ec bucket: 69a3f40a-3e4c-4040-923a-d7c5663f1387 key: .Trash/runner
	at org.apache.hadoop.ozone.om.KeyManagerImpl.getOzoneFileStatus(KeyManagerImpl.java:1311) ~[ozone-manager-1.3.0-SNAPSHOT.jar:?]
	at org.apache.hadoop.ozone.om.KeyManagerImpl.getFileStatus(KeyManagerImpl.java:1241) ~[ozone-manager-1.3.0-SNAPSHOT.jar:?]
	at org.apache.hadoop.ozone.om.OzoneManager.getFileStatus(OzoneManager.java:3419) ~[ozone-manager-1.3.0-SNAPSHOT.jar:?]
	at org.apache.hadoop.ozone.protocolPB.OzoneManagerRequestHandler.getOzoneFileStatus(OzoneManagerRequestHandler.java:871) ~[ozone-manager-1.3.0-SNAPSHOT.jar:?]
	at org.apache.hadoop.ozone.protocolPB.OzoneManagerRequestHandler.handleReadRequest(OzoneManagerRequestHandler.java:217) ~[ozone-manager-1.3.0-SNAPSHOT.jar:?]
	at org.apache.hadoop.ozone.protocolPB.OzoneManagerProtocolServerSideTranslatorPB.submitReadRequestToOM(OzoneManagerProtocolServerSideTranslatorPB.java:226) ~[ozone-manager-1.3.0-SNAPSHOT.jar:?]
	at org.apache.hadoop.ozone.protocolPB.OzoneManagerProtocolServerSideTranslatorPB.processRequest(OzoneManagerProtocolServerSideTranslatorPB.java:175) ~[ozone-manager-1.3.0-SNAPSHOT.jar:?]
	at org.apache.hadoop.hdds.server.OzoneProtocolMessageDispatcher.processRequest(OzoneProtocolMessageDispatcher.java:87) [hdds-server-framework-1.3.0-SNAPSHOT.jar:?]
	at org.apache.hadoop.ozone.protocolPB.OzoneManagerProtocolServerSideTranslatorPB.submitRequest(OzoneManagerProtocolServerSideTranslatorPB.java:147) [ozone-manager-1.3.0-SNAPSHOT.jar:?]
	at org.apache.hadoop.ozone.protocol.proto.OzoneManagerProtocolProtos$OzoneManagerService$2.callBlockingMethod(OzoneManagerProtocolProtos.java) [ozone-interface-client-1.3.0-SNAPSHOT.jar:?]
	at org.apache.hadoop.ipc.ProtobufRpcEngine$Server.processCall(ProtobufRpcEngine.java:466) [hadoop-common-3.3.1.jar:?]
	at org.apache.hadoop.ipc.ProtobufRpcEngine2$Server$ProtoBufRpcInvoker.call(ProtobufRpcEngine2.java:574) [hadoop-common-3.3.1.jar:?]
	at org.apache.hadoop.ipc.ProtobufRpcEngine2$Server$ProtoBufRpcInvoker.call(ProtobufRpcEngine2.java:552) [hadoop-common-3.3.1.jar:?]
	at org.apache.hadoop.ipc.RPC$Server.call(RPC.java:1093) [hadoop-common-3.3.1.jar:?]
	at org.apache.hadoop.ipc.Server$RpcCall.run(Server.java:1035) [hadoop-common-3.3.1.jar:?]
	at org.apache.hadoop.ipc.Server$RpcCall.run(Server.java:963) [hadoop-common-3.3.1.jar:?]
	at java.security.AccessController.doPrivileged(Native Method) ~[?:1.8.0_332]
	at javax.security.auth.Subject.doAs(Subject.java:422) [?:1.8.0_332]
	at org.apache.hadoop.security.UserGroupInformation.doAs(UserGroupInformation.java:1878) [hadoop-common-3.3.1.jar:?]
	at org.apache.hadoop.ipc.Server$Handler.run(Server.java:2966) [hadoop-common-3.3.1.jar:?]
23:20:27.200 [IPC Server handler 19 on default port 35283] ERROR OMAudit - user=runner | ip=127.0.0.1 | op=GET_FILE_STATUS {volume=volume75096, bucket=bucket74501, key=.Trash/runner, dataSize=0, replicationConfig=null} | ret=FAILURE
org.apache.hadoop.ozone.om.exceptions.OMException: Unable to get file status: volume: volume75096 bucket: bucket74501 key: .Trash/runner
	at org.apache.hadoop.ozone.om.KeyManagerImpl.getOzoneFileStatus(KeyManagerImpl.java:1311) ~[ozone-manager-1.3.0-SNAPSHOT.jar:?]
	at org.apache.hadoop.ozone.om.KeyManagerImpl.getFileStatus(KeyManagerImpl.java:1241) ~[ozone-manager-1.3.0-SNAPSHOT.jar:?]
	at org.apache.hadoop.ozone.om.OzoneManager.getFileStatus(OzoneManager.java:3419) ~[ozone-manager-1.3.0-SNAPSHOT.jar:?]
	at org.apache.hadoop.ozone.protocolPB.OzoneManagerRequestHandler.getOzoneFileStatus(OzoneManagerRequestHandler.java:871) ~[ozone-manager-1.3.0-SNAPSHOT.jar:?]
	at org.apache.hadoop.ozone.protocolPB.OzoneManagerRequestHandler.handleReadRequest(OzoneManagerRequestHandler.java:217) ~[ozone-manager-1.3.0-SNAPSHOT.jar:?]
	at org.apache.hadoop.ozone.protocolPB.OzoneManagerProtocolServerSideTranslatorPB.submitReadRequestToOM(OzoneManagerProtocolServerSideTranslatorPB.java:226) ~[ozone-manager-1.3.0-SNAPSHOT.jar:?]
	at org.apache.hadoop.ozone.protocolPB.OzoneManagerProtocolServerSideTranslatorPB.processRequest(OzoneManagerProtocolServerSideTranslatorPB.java:175) ~[ozone-manager-1.3.0-SNAPSHOT.jar:?]
	at org.apache.hadoop.hdds.server.OzoneProtocolMessageDispatcher.processRequest(OzoneProtocolMessageDispatcher.java:87) [hdds-server-framework-1.3.0-SNAPSHOT.jar:?]
	at org.apache.hadoop.ozone.protocolPB.OzoneManagerProtocolServerSideTranslatorPB.submitRequest(OzoneManagerProtocolServerSideTranslatorPB.java:147) [ozone-manager-1.3.0-SNAPSHOT.jar:?]
	at org.apache.hadoop.ozone.protocol.proto.OzoneManagerProtocolProtos$OzoneManagerService$2.callBlockingMethod(OzoneManagerProtocolProtos.java) [ozone-interface-client-1.3.0-SNAPSHOT.jar:?]
	at org.apache.hadoop.ipc.ProtobufRpcEngine$Server.processCall(ProtobufRpcEngine.java:466) [hadoop-common-3.3.1.jar:?]
	at org.apache.hadoop.ipc.ProtobufRpcEngine2$Server$ProtoBufRpcInvoker.call(ProtobufRpcEngine2.java:574) [hadoop-common-3.3.1.jar:?]
	at org.apache.hadoop.ipc.ProtobufRpcEngine2$Server$ProtoBufRpcInvoker.call(ProtobufRpcEngine2.java:552) [hadoop-common-3.3.1.jar:?]
	at org.apache.hadoop.ipc.RPC$Server.call(RPC.java:1093) [hadoop-common-3.3.1.jar:?]
	at org.apache.hadoop.ipc.Server$RpcCall.run(Server.java:1035) [hadoop-common-3.3.1.jar:?]
	at org.apache.hadoop.ipc.Server$RpcCall.run(Server.java:963) [hadoop-common-3.3.1.jar:?]
	at java.security.AccessController.doPrivileged(Native Method) ~[?:1.8.0_332]
	at javax.security.auth.Subject.doAs(Subject.java:422) [?:1.8.0_332]
	at org.apache.hadoop.security.UserGroupInformation.doAs(UserGroupInformation.java:1878) [hadoop-common-3.3.1.jar:?]
	at org.apache.hadoop.ipc.Server$Handler.run(Server.java:2966) [hadoop-common-3.3.1.jar:?]
23:20:27.204 [IPC Server handler 2 on default port 35283] ERROR OMAudit - user=runner | ip=127.0.0.1 | op=GET_FILE_STATUS {volume=83246d7d-9042-4394-a108-f80d9aa973ec, bucket=69a3f40a-3e4c-4040-923a-d7c5663f1387, key=.Trash, dataSize=0, replicationConfig=null} | ret=FAILURE
org.apache.hadoop.ozone.om.exceptions.OMException: Unable to get file status: volume: 83246d7d-9042-4394-a108-f80d9aa973ec bucket: 69a3f40a-3e4c-4040-923a-d7c5663f1387 key: .Trash
	at org.apache.hadoop.ozone.om.KeyManagerImpl.getOzoneFileStatus(KeyManagerImpl.java:1311) ~[ozone-manager-1.3.0-SNAPSHOT.jar:?]
	at org.apache.hadoop.ozone.om.KeyManagerImpl.getFileStatus(KeyManagerImpl.java:1241) ~[ozone-manager-1.3.0-SNAPSHOT.jar:?]
	at org.apache.hadoop.ozone.om.OzoneManager.getFileStatus(OzoneManager.java:3419) ~[ozone-manager-1.3.0-SNAPSHOT.jar:?]
	at org.apache.hadoop.ozone.protocolPB.OzoneManagerRequestHandler.getOzoneFileStatus(OzoneManagerRequestHandler.java:871) ~[ozone-manager-1.3.0-SNAPSHOT.jar:?]
	at org.apache.hadoop.ozone.protocolPB.OzoneManagerRequestHandler.handleReadRequest(OzoneManagerRequestHandler.java:217) ~[ozone-manager-1.3.0-SNAPSHOT.jar:?]
	at org.apache.hadoop.ozone.protocolPB.OzoneManagerProtocolServerSideTranslatorPB.submitReadRequestToOM(OzoneManagerProtocolServerSideTranslatorPB.java:226) ~[ozone-manager-1.3.0-SNAPSHOT.jar:?]
	at org.apache.hadoop.ozone.protocolPB.OzoneManagerProtocolServerSideTranslatorPB.processRequest(OzoneManagerProtocolServerSideTranslatorPB.java:175) ~[ozone-manager-1.3.0-SNAPSHOT.jar:?]
	at org.apache.hadoop.hdds.server.OzoneProtocolMessageDispatcher.processRequest(OzoneProtocolMessageDispatcher.java:87) [hdds-server-framework-1.3.0-SNAPSHOT.jar:?]
	at org.apache.hadoop.ozone.protocolPB.OzoneManagerProtocolServerSideTranslatorPB.submitRequest(OzoneManagerProtocolServerSideTranslatorPB.java:147) [ozone-manager-1.3.0-SNAPSHOT.jar:?]
	at org.apache.hadoop.ozone.protocol.proto.OzoneManagerProtocolProtos$OzoneManagerService$2.callBlockingMethod(OzoneManagerProtocolProtos.java) [ozone-interface-client-1.3.0-SNAPSHOT.jar:?]
	at org.apache.hadoop.ipc.ProtobufRpcEngine$Server.processCall(ProtobufRpcEngine.java:466) [hadoop-common-3.3.1.jar:?]
	at org.apache.hadoop.ipc.ProtobufRpcEngine2$Server$ProtoBufRpcInvoker.call(ProtobufRpcEngine2.java:574) [hadoop-common-3.3.1.jar:?]
	at org.apache.hadoop.ipc.ProtobufRpcEngine2$Server$ProtoBufRpcInvoker.call(ProtobufRpcEngine2.java:552) [hadoop-common-3.3.1.jar:?]
	at org.apache.hadoop.ipc.RPC$Server.call(RPC.java:1093) [hadoop-common-3.3.1.jar:?]
	at org.apache.hadoop.ipc.Server$RpcCall.run(Server.java:1035) [hadoop-common-3.3.1.jar:?]
	at org.apache.hadoop.ipc.Server$RpcCall.run(Server.java:963) [hadoop-common-3.3.1.jar:?]
	at java.security.AccessController.doPrivileged(Native Method) ~[?:1.8.0_332]
	at javax.security.auth.Subject.doAs(Subject.java:422) [?:1.8.0_332]
	at org.apache.hadoop.security.UserGroupInformation.doAs(UserGroupInformation.java:1878) [hadoop-common-3.3.1.jar:?]
	at org.apache.hadoop.ipc.Server$Handler.run(Server.java:2966) [hadoop-common-3.3.1.jar:?]
]]></system-out>
  </testcase>
  <testcase name="testGetTrashRoots" classname="TestRootedOzoneFileSystem" time="0.892">
    <system-out><![CDATA[2022-07-12 23:21:39,249 [Time-limited test] INFO  rpc.RpcClient (RpcClient.java:createVolume(466)) - Creating Volume: volume38960, with user30275 as owner and space quota set to -1 bytes, counts quota set to -1
2022-07-12 23:21:39,251 [OM StateMachine ApplyTransaction Thread - 0] INFO  volume.OMVolumeCreateRequest (OMVolumeCreateRequest.java:validateAndUpdateCache(195)) - created volume:volume38960 for user:user30275
2022-07-12 23:21:39,252 [Time-limited test] INFO  rpc.RpcClient (RpcClient.java:createBucket(669)) - Creating Bucket: volume38960/bucket12344, with bucket layout LEGACY, runner as owner, Versioning false, Storage Type set to DISK and Encryption set to false 
2022-07-12 23:21:39,255 [OM StateMachine ApplyTransaction Thread - 0] INFO  bucket.OMBucketCreateRequest (OMBucketCreateRequest.java:validateAndUpdateCache(260)) - created bucket: bucket12344 of layout LEGACY in volume: volume38960
23:21:39.261 [IPC Server handler 1 on default port 33951] ERROR OMAudit - user=runner | ip=127.0.0.1 | op=GET_FILE_STATUS {volume=volume38960, bucket=bucket12344, key=.Trash/runner, dataSize=0, replicationConfig=null} | ret=FAILURE
org.apache.hadoop.ozone.om.exceptions.OMException: Unable to get file status: volume: volume38960 bucket: bucket12344 key: .Trash/runner
	at org.apache.hadoop.ozone.om.KeyManagerImpl.getOzoneFileStatus(KeyManagerImpl.java:1311) ~[ozone-manager-1.3.0-SNAPSHOT.jar:?]
	at org.apache.hadoop.ozone.om.KeyManagerImpl.getFileStatus(KeyManagerImpl.java:1241) ~[ozone-manager-1.3.0-SNAPSHOT.jar:?]
	at org.apache.hadoop.ozone.om.OzoneManager.getFileStatus(OzoneManager.java:3419) ~[ozone-manager-1.3.0-SNAPSHOT.jar:?]
	at org.apache.hadoop.ozone.protocolPB.OzoneManagerRequestHandler.getOzoneFileStatus(OzoneManagerRequestHandler.java:871) ~[ozone-manager-1.3.0-SNAPSHOT.jar:?]
	at org.apache.hadoop.ozone.protocolPB.OzoneManagerRequestHandler.handleReadRequest(OzoneManagerRequestHandler.java:217) ~[ozone-manager-1.3.0-SNAPSHOT.jar:?]
	at org.apache.hadoop.ozone.protocolPB.OzoneManagerProtocolServerSideTranslatorPB.submitReadRequestToOM(OzoneManagerProtocolServerSideTranslatorPB.java:226) ~[ozone-manager-1.3.0-SNAPSHOT.jar:?]
	at org.apache.hadoop.ozone.protocolPB.OzoneManagerProtocolServerSideTranslatorPB.processRequest(OzoneManagerProtocolServerSideTranslatorPB.java:175) ~[ozone-manager-1.3.0-SNAPSHOT.jar:?]
	at org.apache.hadoop.hdds.server.OzoneProtocolMessageDispatcher.processRequest(OzoneProtocolMessageDispatcher.java:87) [hdds-server-framework-1.3.0-SNAPSHOT.jar:?]
	at org.apache.hadoop.ozone.protocolPB.OzoneManagerProtocolServerSideTranslatorPB.submitRequest(OzoneManagerProtocolServerSideTranslatorPB.java:147) [ozone-manager-1.3.0-SNAPSHOT.jar:?]
	at org.apache.hadoop.ozone.protocol.proto.OzoneManagerProtocolProtos$OzoneManagerService$2.callBlockingMethod(OzoneManagerProtocolProtos.java) [ozone-interface-client-1.3.0-SNAPSHOT.jar:?]
	at org.apache.hadoop.ipc.ProtobufRpcEngine$Server.processCall(ProtobufRpcEngine.java:466) [hadoop-common-3.3.1.jar:?]
	at org.apache.hadoop.ipc.ProtobufRpcEngine2$Server$ProtoBufRpcInvoker.call(ProtobufRpcEngine2.java:574) [hadoop-common-3.3.1.jar:?]
	at org.apache.hadoop.ipc.ProtobufRpcEngine2$Server$ProtoBufRpcInvoker.call(ProtobufRpcEngine2.java:552) [hadoop-common-3.3.1.jar:?]
	at org.apache.hadoop.ipc.RPC$Server.call(RPC.java:1093) [hadoop-common-3.3.1.jar:?]
	at org.apache.hadoop.ipc.Server$RpcCall.run(Server.java:1035) [hadoop-common-3.3.1.jar:?]
	at org.apache.hadoop.ipc.Server$RpcCall.run(Server.java:963) [hadoop-common-3.3.1.jar:?]
	at java.security.AccessController.doPrivileged(Native Method) ~[?:1.8.0_332]
	at javax.security.auth.Subject.doAs(Subject.java:422) [?:1.8.0_332]
	at org.apache.hadoop.security.UserGroupInformation.doAs(UserGroupInformation.java:1878) [hadoop-common-3.3.1.jar:?]
	at org.apache.hadoop.ipc.Server$Handler.run(Server.java:2966) [hadoop-common-3.3.1.jar:?]
23:21:39.265 [IPC Server handler 13 on default port 33951] ERROR OMAudit - user=runner | ip=127.0.0.1 | op=GET_FILE_STATUS {volume=fff3dafc-5239-4fa9-b023-19aecf410aa4, bucket=69a7d821-a126-49bb-b3b1-758e64c58431, key=.Trash, dataSize=0, replicationConfig=null} | ret=FAILURE
org.apache.hadoop.ozone.om.exceptions.OMException: Unable to get file status: volume: fff3dafc-5239-4fa9-b023-19aecf410aa4 bucket: 69a7d821-a126-49bb-b3b1-758e64c58431 key: .Trash
	at org.apache.hadoop.ozone.om.KeyManagerImpl.getOzoneFileStatus(KeyManagerImpl.java:1311) ~[ozone-manager-1.3.0-SNAPSHOT.jar:?]
	at org.apache.hadoop.ozone.om.KeyManagerImpl.getFileStatus(KeyManagerImpl.java:1241) ~[ozone-manager-1.3.0-SNAPSHOT.jar:?]
	at org.apache.hadoop.ozone.om.OzoneManager.getFileStatus(OzoneManager.java:3419) ~[ozone-manager-1.3.0-SNAPSHOT.jar:?]
	at org.apache.hadoop.ozone.protocolPB.OzoneManagerRequestHandler.getOzoneFileStatus(OzoneManagerRequestHandler.java:871) ~[ozone-manager-1.3.0-SNAPSHOT.jar:?]
	at org.apache.hadoop.ozone.protocolPB.OzoneManagerRequestHandler.handleReadRequest(OzoneManagerRequestHandler.java:217) ~[ozone-manager-1.3.0-SNAPSHOT.jar:?]
	at org.apache.hadoop.ozone.protocolPB.OzoneManagerProtocolServerSideTranslatorPB.submitReadRequestToOM(OzoneManagerProtocolServerSideTranslatorPB.java:226) ~[ozone-manager-1.3.0-SNAPSHOT.jar:?]
	at org.apache.hadoop.ozone.protocolPB.OzoneManagerProtocolServerSideTranslatorPB.processRequest(OzoneManagerProtocolServerSideTranslatorPB.java:175) ~[ozone-manager-1.3.0-SNAPSHOT.jar:?]
	at org.apache.hadoop.hdds.server.OzoneProtocolMessageDispatcher.processRequest(OzoneProtocolMessageDispatcher.java:87) [hdds-server-framework-1.3.0-SNAPSHOT.jar:?]
	at org.apache.hadoop.ozone.protocolPB.OzoneManagerProtocolServerSideTranslatorPB.submitRequest(OzoneManagerProtocolServerSideTranslatorPB.java:147) [ozone-manager-1.3.0-SNAPSHOT.jar:?]
	at org.apache.hadoop.ozone.protocol.proto.OzoneManagerProtocolProtos$OzoneManagerService$2.callBlockingMethod(OzoneManagerProtocolProtos.java) [ozone-interface-client-1.3.0-SNAPSHOT.jar:?]
	at org.apache.hadoop.ipc.ProtobufRpcEngine$Server.processCall(ProtobufRpcEngine.java:466) [hadoop-common-3.3.1.jar:?]
	at org.apache.hadoop.ipc.ProtobufRpcEngine2$Server$ProtoBufRpcInvoker.call(ProtobufRpcEngine2.java:574) [hadoop-common-3.3.1.jar:?]
	at org.apache.hadoop.ipc.ProtobufRpcEngine2$Server$ProtoBufRpcInvoker.call(ProtobufRpcEngine2.java:552) [hadoop-common-3.3.1.jar:?]
	at org.apache.hadoop.ipc.RPC$Server.call(RPC.java:1093) [hadoop-common-3.3.1.jar:?]
	at org.apache.hadoop.ipc.Server$RpcCall.run(Server.java:1035) [hadoop-common-3.3.1.jar:?]
	at org.apache.hadoop.ipc.Server$RpcCall.run(Server.java:963) [hadoop-common-3.3.1.jar:?]
	at java.security.AccessController.doPrivileged(Native Method) ~[?:1.8.0_332]
	at javax.security.auth.Subject.doAs(Subject.java:422) [?:1.8.0_332]
	at org.apache.hadoop.security.UserGroupInformation.doAs(UserGroupInformation.java:1878) [hadoop-common-3.3.1.jar:?]
	at org.apache.hadoop.ipc.Server$Handler.run(Server.java:2966) [hadoop-common-3.3.1.jar:?]
23:21:39.267 [IPC Server handler 6 on default port 33951] ERROR OMAudit - user=runner | ip=127.0.0.1 | op=GET_FILE_STATUS {volume=volume38960, bucket=bucket12344, key=.Trash, dataSize=0, replicationConfig=null} | ret=FAILURE
org.apache.hadoop.ozone.om.exceptions.OMException: Unable to get file status: volume: volume38960 bucket: bucket12344 key: .Trash
	at org.apache.hadoop.ozone.om.KeyManagerImpl.getOzoneFileStatus(KeyManagerImpl.java:1311) ~[ozone-manager-1.3.0-SNAPSHOT.jar:?]
	at org.apache.hadoop.ozone.om.KeyManagerImpl.getFileStatus(KeyManagerImpl.java:1241) ~[ozone-manager-1.3.0-SNAPSHOT.jar:?]
	at org.apache.hadoop.ozone.om.OzoneManager.getFileStatus(OzoneManager.java:3419) ~[ozone-manager-1.3.0-SNAPSHOT.jar:?]
	at org.apache.hadoop.ozone.protocolPB.OzoneManagerRequestHandler.getOzoneFileStatus(OzoneManagerRequestHandler.java:871) ~[ozone-manager-1.3.0-SNAPSHOT.jar:?]
	at org.apache.hadoop.ozone.protocolPB.OzoneManagerRequestHandler.handleReadRequest(OzoneManagerRequestHandler.java:217) ~[ozone-manager-1.3.0-SNAPSHOT.jar:?]
	at org.apache.hadoop.ozone.protocolPB.OzoneManagerProtocolServerSideTranslatorPB.submitReadRequestToOM(OzoneManagerProtocolServerSideTranslatorPB.java:226) ~[ozone-manager-1.3.0-SNAPSHOT.jar:?]
	at org.apache.hadoop.ozone.protocolPB.OzoneManagerProtocolServerSideTranslatorPB.processRequest(OzoneManagerProtocolServerSideTranslatorPB.java:175) ~[ozone-manager-1.3.0-SNAPSHOT.jar:?]
	at org.apache.hadoop.hdds.server.OzoneProtocolMessageDispatcher.processRequest(OzoneProtocolMessageDispatcher.java:87) [hdds-server-framework-1.3.0-SNAPSHOT.jar:?]
	at org.apache.hadoop.ozone.protocolPB.OzoneManagerProtocolServerSideTranslatorPB.submitRequest(OzoneManagerProtocolServerSideTranslatorPB.java:147) [ozone-manager-1.3.0-SNAPSHOT.jar:?]
	at org.apache.hadoop.ozone.protocol.proto.OzoneManagerProtocolProtos$OzoneManagerService$2.callBlockingMethod(OzoneManagerProtocolProtos.java) [ozone-interface-client-1.3.0-SNAPSHOT.jar:?]
	at org.apache.hadoop.ipc.ProtobufRpcEngine$Server.processCall(ProtobufRpcEngine.java:466) [hadoop-common-3.3.1.jar:?]
	at org.apache.hadoop.ipc.ProtobufRpcEngine2$Server$ProtoBufRpcInvoker.call(ProtobufRpcEngine2.java:574) [hadoop-common-3.3.1.jar:?]
	at org.apache.hadoop.ipc.ProtobufRpcEngine2$Server$ProtoBufRpcInvoker.call(ProtobufRpcEngine2.java:552) [hadoop-common-3.3.1.jar:?]
	at org.apache.hadoop.ipc.RPC$Server.call(RPC.java:1093) [hadoop-common-3.3.1.jar:?]
	at org.apache.hadoop.ipc.Server$RpcCall.run(Server.java:1035) [hadoop-common-3.3.1.jar:?]
	at org.apache.hadoop.ipc.Server$RpcCall.run(Server.java:963) [hadoop-common-3.3.1.jar:?]
	at java.security.AccessController.doPrivileged(Native Method) ~[?:1.8.0_332]
	at javax.security.auth.Subject.doAs(Subject.java:422) [?:1.8.0_332]
	at org.apache.hadoop.security.UserGroupInformation.doAs(UserGroupInformation.java:1878) [hadoop-common-3.3.1.jar:?]
	at org.apache.hadoop.ipc.Server$Handler.run(Server.java:2966) [hadoop-common-3.3.1.jar:?]
23:21:39.279 [IPC Server handler 12 on default port 33951] ERROR OMAudit - user=runner | ip=127.0.0.1 | op=GET_FILE_STATUS {volume=fff3dafc-5239-4fa9-b023-19aecf410aa4, bucket=69a7d821-a126-49bb-b3b1-758e64c58431, key=.Trash, dataSize=0, replicationConfig=null} | ret=FAILURE
org.apache.hadoop.ozone.om.exceptions.OMException: Unable to get file status: volume: fff3dafc-5239-4fa9-b023-19aecf410aa4 bucket: 69a7d821-a126-49bb-b3b1-758e64c58431 key: .Trash
	at org.apache.hadoop.ozone.om.KeyManagerImpl.getOzoneFileStatus(KeyManagerImpl.java:1311) ~[ozone-manager-1.3.0-SNAPSHOT.jar:?]
	at org.apache.hadoop.ozone.om.KeyManagerImpl.getFileStatus(KeyManagerImpl.java:1241) ~[ozone-manager-1.3.0-SNAPSHOT.jar:?]
	at org.apache.hadoop.ozone.om.OzoneManager.getFileStatus(OzoneManager.java:3419) ~[ozone-manager-1.3.0-SNAPSHOT.jar:?]
	at org.apache.hadoop.ozone.protocolPB.OzoneManagerRequestHandler.getOzoneFileStatus(OzoneManagerRequestHandler.java:871) ~[ozone-manager-1.3.0-SNAPSHOT.jar:?]
	at org.apache.hadoop.ozone.protocolPB.OzoneManagerRequestHandler.handleReadRequest(OzoneManagerRequestHandler.java:217) ~[ozone-manager-1.3.0-SNAPSHOT.jar:?]
	at org.apache.hadoop.ozone.protocolPB.OzoneManagerProtocolServerSideTranslatorPB.submitReadRequestToOM(OzoneManagerProtocolServerSideTranslatorPB.java:226) ~[ozone-manager-1.3.0-SNAPSHOT.jar:?]
	at org.apache.hadoop.ozone.protocolPB.OzoneManagerProtocolServerSideTranslatorPB.processRequest(OzoneManagerProtocolServerSideTranslatorPB.java:175) ~[ozone-manager-1.3.0-SNAPSHOT.jar:?]
	at org.apache.hadoop.hdds.server.OzoneProtocolMessageDispatcher.processRequest(OzoneProtocolMessageDispatcher.java:87) [hdds-server-framework-1.3.0-SNAPSHOT.jar:?]
	at org.apache.hadoop.ozone.protocolPB.OzoneManagerProtocolServerSideTranslatorPB.submitRequest(OzoneManagerProtocolServerSideTranslatorPB.java:147) [ozone-manager-1.3.0-SNAPSHOT.jar:?]
	at org.apache.hadoop.ozone.protocol.proto.OzoneManagerProtocolProtos$OzoneManagerService$2.callBlockingMethod(OzoneManagerProtocolProtos.java) [ozone-interface-client-1.3.0-SNAPSHOT.jar:?]
	at org.apache.hadoop.ipc.ProtobufRpcEngine$Server.processCall(ProtobufRpcEngine.java:466) [hadoop-common-3.3.1.jar:?]
	at org.apache.hadoop.ipc.ProtobufRpcEngine2$Server$ProtoBufRpcInvoker.call(ProtobufRpcEngine2.java:574) [hadoop-common-3.3.1.jar:?]
	at org.apache.hadoop.ipc.ProtobufRpcEngine2$Server$ProtoBufRpcInvoker.call(ProtobufRpcEngine2.java:552) [hadoop-common-3.3.1.jar:?]
	at org.apache.hadoop.ipc.RPC$Server.call(RPC.java:1093) [hadoop-common-3.3.1.jar:?]
	at org.apache.hadoop.ipc.Server$RpcCall.run(Server.java:1035) [hadoop-common-3.3.1.jar:?]
	at org.apache.hadoop.ipc.Server$RpcCall.run(Server.java:963) [hadoop-common-3.3.1.jar:?]
	at java.security.AccessController.doPrivileged(Native Method) ~[?:1.8.0_332]
	at javax.security.auth.Subject.doAs(Subject.java:422) [?:1.8.0_332]
	at org.apache.hadoop.security.UserGroupInformation.doAs(UserGroupInformation.java:1878) [hadoop-common-3.3.1.jar:?]
	at org.apache.hadoop.ipc.Server$Handler.run(Server.java:2966) [hadoop-common-3.3.1.jar:?]
23:21:39.296 [IPC Server handler 2 on default port 33951] ERROR OMAudit - user=runner | ip=127.0.0.1 | op=GET_FILE_STATUS {volume=fff3dafc-5239-4fa9-b023-19aecf410aa4, bucket=69a7d821-a126-49bb-b3b1-758e64c58431, key=.Trash, dataSize=0, replicationConfig=null} | ret=FAILURE
org.apache.hadoop.ozone.om.exceptions.OMException: Unable to get file status: volume: fff3dafc-5239-4fa9-b023-19aecf410aa4 bucket: 69a7d821-a126-49bb-b3b1-758e64c58431 key: .Trash
	at org.apache.hadoop.ozone.om.KeyManagerImpl.getOzoneFileStatus(KeyManagerImpl.java:1311) ~[ozone-manager-1.3.0-SNAPSHOT.jar:?]
	at org.apache.hadoop.ozone.om.KeyManagerImpl.getFileStatus(KeyManagerImpl.java:1241) ~[ozone-manager-1.3.0-SNAPSHOT.jar:?]
	at org.apache.hadoop.ozone.om.OzoneManager.getFileStatus(OzoneManager.java:3419) ~[ozone-manager-1.3.0-SNAPSHOT.jar:?]
	at org.apache.hadoop.ozone.protocolPB.OzoneManagerRequestHandler.getOzoneFileStatus(OzoneManagerRequestHandler.java:871) ~[ozone-manager-1.3.0-SNAPSHOT.jar:?]
	at org.apache.hadoop.ozone.protocolPB.OzoneManagerRequestHandler.handleReadRequest(OzoneManagerRequestHandler.java:217) ~[ozone-manager-1.3.0-SNAPSHOT.jar:?]
	at org.apache.hadoop.ozone.protocolPB.OzoneManagerProtocolServerSideTranslatorPB.submitReadRequestToOM(OzoneManagerProtocolServerSideTranslatorPB.java:226) ~[ozone-manager-1.3.0-SNAPSHOT.jar:?]
	at org.apache.hadoop.ozone.protocolPB.OzoneManagerProtocolServerSideTranslatorPB.processRequest(OzoneManagerProtocolServerSideTranslatorPB.java:175) ~[ozone-manager-1.3.0-SNAPSHOT.jar:?]
	at org.apache.hadoop.hdds.server.OzoneProtocolMessageDispatcher.processRequest(OzoneProtocolMessageDispatcher.java:87) [hdds-server-framework-1.3.0-SNAPSHOT.jar:?]
	at org.apache.hadoop.ozone.protocolPB.OzoneManagerProtocolServerSideTranslatorPB.submitRequest(OzoneManagerProtocolServerSideTranslatorPB.java:147) [ozone-manager-1.3.0-SNAPSHOT.jar:?]
	at org.apache.hadoop.ozone.protocol.proto.OzoneManagerProtocolProtos$OzoneManagerService$2.callBlockingMethod(OzoneManagerProtocolProtos.java) [ozone-interface-client-1.3.0-SNAPSHOT.jar:?]
	at org.apache.hadoop.ipc.ProtobufRpcEngine$Server.processCall(ProtobufRpcEngine.java:466) [hadoop-common-3.3.1.jar:?]
	at org.apache.hadoop.ipc.ProtobufRpcEngine2$Server$ProtoBufRpcInvoker.call(ProtobufRpcEngine2.java:574) [hadoop-common-3.3.1.jar:?]
	at org.apache.hadoop.ipc.ProtobufRpcEngine2$Server$ProtoBufRpcInvoker.call(ProtobufRpcEngine2.java:552) [hadoop-common-3.3.1.jar:?]
	at org.apache.hadoop.ipc.RPC$Server.call(RPC.java:1093) [hadoop-common-3.3.1.jar:?]
	at org.apache.hadoop.ipc.Server$RpcCall.run(Server.java:1035) [hadoop-common-3.3.1.jar:?]
	at org.apache.hadoop.ipc.Server$RpcCall.run(Server.java:963) [hadoop-common-3.3.1.jar:?]
	at java.security.AccessController.doPrivileged(Native Method) ~[?:1.8.0_332]
	at javax.security.auth.Subject.doAs(Subject.java:422) [?:1.8.0_332]
	at org.apache.hadoop.security.UserGroupInformation.doAs(UserGroupInformation.java:1878) [hadoop-common-3.3.1.jar:?]
	at org.apache.hadoop.ipc.Server$Handler.run(Server.java:2966) [hadoop-common-3.3.1.jar:?]
2022-07-12 23:21:39,310 [Time-limited test] INFO  rpc.RpcClient (RpcClient.java:createBucket(669)) - Creating Bucket: volume38960/trashroottest2, with bucket layout LEGACY, runner as owner, Versioning false, Storage Type set to DISK and Encryption set to false 
2022-07-12 23:21:39,312 [OM StateMachine ApplyTransaction Thread - 0] INFO  bucket.OMBucketCreateRequest (OMBucketCreateRequest.java:validateAndUpdateCache(260)) - created bucket: trashroottest2 of layout LEGACY in volume: volume38960
23:21:39.524 [IPC Server handler 0 on default port 33951] ERROR OMAudit - user=runner | ip=127.0.0.1 | op=GET_FILE_STATUS {volume=fff3dafc-5239-4fa9-b023-19aecf410aa4, bucket=69a7d821-a126-49bb-b3b1-758e64c58431, key=.Trash, dataSize=0, replicationConfig=null} | ret=FAILURE
org.apache.hadoop.ozone.om.exceptions.OMException: Unable to get file status: volume: fff3dafc-5239-4fa9-b023-19aecf410aa4 bucket: 69a7d821-a126-49bb-b3b1-758e64c58431 key: .Trash
	at org.apache.hadoop.ozone.om.KeyManagerImpl.getOzoneFileStatus(KeyManagerImpl.java:1311) ~[ozone-manager-1.3.0-SNAPSHOT.jar:?]
	at org.apache.hadoop.ozone.om.KeyManagerImpl.getFileStatus(KeyManagerImpl.java:1241) ~[ozone-manager-1.3.0-SNAPSHOT.jar:?]
	at org.apache.hadoop.ozone.om.OzoneManager.getFileStatus(OzoneManager.java:3419) ~[ozone-manager-1.3.0-SNAPSHOT.jar:?]
	at org.apache.hadoop.ozone.protocolPB.OzoneManagerRequestHandler.getOzoneFileStatus(OzoneManagerRequestHandler.java:871) ~[ozone-manager-1.3.0-SNAPSHOT.jar:?]
	at org.apache.hadoop.ozone.protocolPB.OzoneManagerRequestHandler.handleReadRequest(OzoneManagerRequestHandler.java:217) ~[ozone-manager-1.3.0-SNAPSHOT.jar:?]
	at org.apache.hadoop.ozone.protocolPB.OzoneManagerProtocolServerSideTranslatorPB.submitReadRequestToOM(OzoneManagerProtocolServerSideTranslatorPB.java:226) ~[ozone-manager-1.3.0-SNAPSHOT.jar:?]
	at org.apache.hadoop.ozone.protocolPB.OzoneManagerProtocolServerSideTranslatorPB.processRequest(OzoneManagerProtocolServerSideTranslatorPB.java:175) ~[ozone-manager-1.3.0-SNAPSHOT.jar:?]
	at org.apache.hadoop.hdds.server.OzoneProtocolMessageDispatcher.processRequest(OzoneProtocolMessageDispatcher.java:87) [hdds-server-framework-1.3.0-SNAPSHOT.jar:?]
	at org.apache.hadoop.ozone.protocolPB.OzoneManagerProtocolServerSideTranslatorPB.submitRequest(OzoneManagerProtocolServerSideTranslatorPB.java:147) [ozone-manager-1.3.0-SNAPSHOT.jar:?]
	at org.apache.hadoop.ozone.protocol.proto.OzoneManagerProtocolProtos$OzoneManagerService$2.callBlockingMethod(OzoneManagerProtocolProtos.java) [ozone-interface-client-1.3.0-SNAPSHOT.jar:?]
	at org.apache.hadoop.ipc.ProtobufRpcEngine$Server.processCall(ProtobufRpcEngine.java:466) [hadoop-common-3.3.1.jar:?]
	at org.apache.hadoop.ipc.ProtobufRpcEngine2$Server$ProtoBufRpcInvoker.call(ProtobufRpcEngine2.java:574) [hadoop-common-3.3.1.jar:?]
	at org.apache.hadoop.ipc.ProtobufRpcEngine2$Server$ProtoBufRpcInvoker.call(ProtobufRpcEngine2.java:552) [hadoop-common-3.3.1.jar:?]
	at org.apache.hadoop.ipc.RPC$Server.call(RPC.java:1093) [hadoop-common-3.3.1.jar:?]
	at org.apache.hadoop.ipc.Server$RpcCall.run(Server.java:1035) [hadoop-common-3.3.1.jar:?]
	at org.apache.hadoop.ipc.Server$RpcCall.run(Server.java:963) [hadoop-common-3.3.1.jar:?]
	at java.security.AccessController.doPrivileged(Native Method) ~[?:1.8.0_332]
	at javax.security.auth.Subject.doAs(Subject.java:422) [?:1.8.0_332]
	at org.apache.hadoop.security.UserGroupInformation.doAs(UserGroupInformation.java:1878) [hadoop-common-3.3.1.jar:?]
	at org.apache.hadoop.ipc.Server$Handler.run(Server.java:2966) [hadoop-common-3.3.1.jar:?]
23:21:39.550 [IPC Server handler 17 on default port 33951] ERROR OMAudit - user=runner | ip=127.0.0.1 | op=GET_FILE_STATUS {volume=fff3dafc-5239-4fa9-b023-19aecf410aa4, bucket=69a7d821-a126-49bb-b3b1-758e64c58431, key=.Trash, dataSize=0, replicationConfig=null} | ret=FAILURE
org.apache.hadoop.ozone.om.exceptions.OMException: Unable to get file status: volume: fff3dafc-5239-4fa9-b023-19aecf410aa4 bucket: 69a7d821-a126-49bb-b3b1-758e64c58431 key: .Trash
	at org.apache.hadoop.ozone.om.KeyManagerImpl.getOzoneFileStatus(KeyManagerImpl.java:1311) ~[ozone-manager-1.3.0-SNAPSHOT.jar:?]
	at org.apache.hadoop.ozone.om.KeyManagerImpl.getFileStatus(KeyManagerImpl.java:1241) ~[ozone-manager-1.3.0-SNAPSHOT.jar:?]
	at org.apache.hadoop.ozone.om.OzoneManager.getFileStatus(OzoneManager.java:3419) ~[ozone-manager-1.3.0-SNAPSHOT.jar:?]
	at org.apache.hadoop.ozone.protocolPB.OzoneManagerRequestHandler.getOzoneFileStatus(OzoneManagerRequestHandler.java:871) ~[ozone-manager-1.3.0-SNAPSHOT.jar:?]
	at org.apache.hadoop.ozone.protocolPB.OzoneManagerRequestHandler.handleReadRequest(OzoneManagerRequestHandler.java:217) ~[ozone-manager-1.3.0-SNAPSHOT.jar:?]
	at org.apache.hadoop.ozone.protocolPB.OzoneManagerProtocolServerSideTranslatorPB.submitReadRequestToOM(OzoneManagerProtocolServerSideTranslatorPB.java:226) ~[ozone-manager-1.3.0-SNAPSHOT.jar:?]
	at org.apache.hadoop.ozone.protocolPB.OzoneManagerProtocolServerSideTranslatorPB.processRequest(OzoneManagerProtocolServerSideTranslatorPB.java:175) ~[ozone-manager-1.3.0-SNAPSHOT.jar:?]
	at org.apache.hadoop.hdds.server.OzoneProtocolMessageDispatcher.processRequest(OzoneProtocolMessageDispatcher.java:87) [hdds-server-framework-1.3.0-SNAPSHOT.jar:?]
	at org.apache.hadoop.ozone.protocolPB.OzoneManagerProtocolServerSideTranslatorPB.submitRequest(OzoneManagerProtocolServerSideTranslatorPB.java:147) [ozone-manager-1.3.0-SNAPSHOT.jar:?]
	at org.apache.hadoop.ozone.protocol.proto.OzoneManagerProtocolProtos$OzoneManagerService$2.callBlockingMethod(OzoneManagerProtocolProtos.java) [ozone-interface-client-1.3.0-SNAPSHOT.jar:?]
	at org.apache.hadoop.ipc.ProtobufRpcEngine$Server.processCall(ProtobufRpcEngine.java:466) [hadoop-common-3.3.1.jar:?]
	at org.apache.hadoop.ipc.ProtobufRpcEngine2$Server$ProtoBufRpcInvoker.call(ProtobufRpcEngine2.java:574) [hadoop-common-3.3.1.jar:?]
	at org.apache.hadoop.ipc.ProtobufRpcEngine2$Server$ProtoBufRpcInvoker.call(ProtobufRpcEngine2.java:552) [hadoop-common-3.3.1.jar:?]
	at org.apache.hadoop.ipc.RPC$Server.call(RPC.java:1093) [hadoop-common-3.3.1.jar:?]
	at org.apache.hadoop.ipc.Server$RpcCall.run(Server.java:1035) [hadoop-common-3.3.1.jar:?]
	at org.apache.hadoop.ipc.Server$RpcCall.run(Server.java:963) [hadoop-common-3.3.1.jar:?]
	at java.security.AccessController.doPrivileged(Native Method) ~[?:1.8.0_332]
	at javax.security.auth.Subject.doAs(Subject.java:422) [?:1.8.0_332]
	at org.apache.hadoop.security.UserGroupInformation.doAs(UserGroupInformation.java:1878) [hadoop-common-3.3.1.jar:?]
	at org.apache.hadoop.ipc.Server$Handler.run(Server.java:2966) [hadoop-common-3.3.1.jar:?]
2022-07-12 23:21:39,600 [70125d14-2432-4845-91b4-d6c12e89dffb@group-8E99C119045E-FollowerState] INFO  impl.FollowerState (FollowerState.java:run(143)) - 70125d14-2432-4845-91b4-d6c12e89dffb@group-8E99C119045E-FollowerState: change to CANDIDATE, lastRpcElapsedTime:5027233101ns, electionTimeout:5023ms
2022-07-12 23:21:39,600 [70125d14-2432-4845-91b4-d6c12e89dffb@group-8E99C119045E-FollowerState] INFO  impl.RoleInfo (RoleInfo.java:shutdownFollowerState(110)) - 70125d14-2432-4845-91b4-d6c12e89dffb: shutdown 70125d14-2432-4845-91b4-d6c12e89dffb@group-8E99C119045E-FollowerState
2022-07-12 23:21:39,600 [70125d14-2432-4845-91b4-d6c12e89dffb@group-8E99C119045E-FollowerState] INFO  server.RaftServer$Division (RaftServerImpl.java:setRole(299)) - 70125d14-2432-4845-91b4-d6c12e89dffb@group-8E99C119045E: changes role from  FOLLOWER to CANDIDATE at term 2 for changeToCandidate
2022-07-12 23:21:39,613 [70125d14-2432-4845-91b4-d6c12e89dffb@group-8E99C119045E-FollowerState] INFO  server.RaftServerConfigKeys (ConfUtils.java:logGet(46)) - raft.server.leaderelection.pre-vote = false (custom)
2022-07-12 23:21:39,613 [70125d14-2432-4845-91b4-d6c12e89dffb@group-8E99C119045E-FollowerState] INFO  impl.RoleInfo (RoleInfo.java:updateAndGet(139)) - 70125d14-2432-4845-91b4-d6c12e89dffb: start 70125d14-2432-4845-91b4-d6c12e89dffb@group-8E99C119045E-LeaderElection31
2022-07-12 23:21:39,638 [70125d14-2432-4845-91b4-d6c12e89dffb@group-8E99C119045E-LeaderElection31] INFO  impl.LeaderElection (LeaderElection.java:askForVotes(310)) - 70125d14-2432-4845-91b4-d6c12e89dffb@group-8E99C119045E-LeaderElection31 ELECTION round 0: submit vote requests at term 3 for -1: [41187bab-18a7-4c36-af27-173f83643b8d|rpc:10.1.0.13:46095|dataStream:|priority:0, b5be010a-4f88-45a2-86a4-37bd0d52b4ef|rpc:10.1.0.13:38059|dataStream:|priority:0, 70125d14-2432-4845-91b4-d6c12e89dffb|rpc:10.1.0.13:46501|dataStream:|priority:1], old=null
2022-07-12 23:21:39,674 [grpc-default-executor-2] INFO  server.RaftServer$Division (RaftServerImpl.java:requestVote(1152)) - 41187bab-18a7-4c36-af27-173f83643b8d@group-8E99C119045E: receive requestVote(ELECTION, 70125d14-2432-4845-91b4-d6c12e89dffb, group-8E99C119045E, 3, (t:0, i:0))
2022-07-12 23:21:39,674 [grpc-default-executor-2] INFO  impl.VoteContext (VoteContext.java:log(48)) - 41187bab-18a7-4c36-af27-173f83643b8d@group-8E99C119045E-FOLLOWER: accept ELECTION from 70125d14-2432-4845-91b4-d6c12e89dffb: our priority 0 <= candidate's priority 1
2022-07-12 23:21:39,674 [grpc-default-executor-2] INFO  server.RaftServer$Division (RaftServerImpl.java:setRole(299)) - 41187bab-18a7-4c36-af27-173f83643b8d@group-8E99C119045E: changes role from  FOLLOWER to FOLLOWER at term 3 for candidate:70125d14-2432-4845-91b4-d6c12e89dffb
2022-07-12 23:21:39,674 [grpc-default-executor-2] INFO  impl.RoleInfo (RoleInfo.java:shutdownFollowerState(110)) - 41187bab-18a7-4c36-af27-173f83643b8d: shutdown 41187bab-18a7-4c36-af27-173f83643b8d@group-8E99C119045E-FollowerState
2022-07-12 23:21:39,674 [grpc-default-executor-2] INFO  impl.RoleInfo (RoleInfo.java:updateAndGet(139)) - 41187bab-18a7-4c36-af27-173f83643b8d: start 41187bab-18a7-4c36-af27-173f83643b8d@group-8E99C119045E-FollowerState
2022-07-12 23:21:39,674 [41187bab-18a7-4c36-af27-173f83643b8d@group-8E99C119045E-FollowerState] INFO  impl.FollowerState (FollowerState.java:run(152)) - 41187bab-18a7-4c36-af27-173f83643b8d@group-8E99C119045E-FollowerState was interrupted
2022-07-12 23:21:39,676 [grpc-default-executor-2] INFO  server.RaftServer$Division (RaftServerImpl.java:requestVote(1184)) - 41187bab-18a7-4c36-af27-173f83643b8d@group-8E99C119045E replies to ELECTION vote request: 70125d14-2432-4845-91b4-d6c12e89dffb<-41187bab-18a7-4c36-af27-173f83643b8d#0:OK-t3. Peer's state: 41187bab-18a7-4c36-af27-173f83643b8d@group-8E99C119045E:t3, leader=null, voted=70125d14-2432-4845-91b4-d6c12e89dffb, raftlog=41187bab-18a7-4c36-af27-173f83643b8d@group-8E99C119045E-SegmentedRaftLog:OPENED:c-1, conf=-1: [41187bab-18a7-4c36-af27-173f83643b8d|rpc:10.1.0.13:46095|dataStream:|priority:0, b5be010a-4f88-45a2-86a4-37bd0d52b4ef|rpc:10.1.0.13:38059|dataStream:|priority:0, 70125d14-2432-4845-91b4-d6c12e89dffb|rpc:10.1.0.13:46501|dataStream:|priority:1], old=null
2022-07-12 23:21:39,678 [70125d14-2432-4845-91b4-d6c12e89dffb@group-8E99C119045E-LeaderElection31] INFO  impl.LeaderElection (LeaderElection.java:logAndReturn(90)) - 70125d14-2432-4845-91b4-d6c12e89dffb@group-8E99C119045E-LeaderElection31: ELECTION PASSED received 1 response(s) and 0 exception(s):
2022-07-12 23:21:39,678 [70125d14-2432-4845-91b4-d6c12e89dffb@group-8E99C119045E-LeaderElection31] INFO  impl.LeaderElection (LeaderElection.java:logAndReturn(94)) -   Response 0: 70125d14-2432-4845-91b4-d6c12e89dffb<-41187bab-18a7-4c36-af27-173f83643b8d#0:OK-t3
2022-07-12 23:21:39,678 [70125d14-2432-4845-91b4-d6c12e89dffb@group-8E99C119045E-LeaderElection31] INFO  impl.LeaderElection (LeaderElection.java:askForVotes(312)) - 70125d14-2432-4845-91b4-d6c12e89dffb@group-8E99C119045E-LeaderElection31 ELECTION round 0: result PASSED
2022-07-12 23:21:39,678 [70125d14-2432-4845-91b4-d6c12e89dffb@group-8E99C119045E-LeaderElection31] INFO  impl.RoleInfo (RoleInfo.java:shutdownLeaderElection(130)) - 70125d14-2432-4845-91b4-d6c12e89dffb: shutdown 70125d14-2432-4845-91b4-d6c12e89dffb@group-8E99C119045E-LeaderElection31
2022-07-12 23:21:39,678 [70125d14-2432-4845-91b4-d6c12e89dffb@group-8E99C119045E-LeaderElection31] INFO  server.RaftServer$Division (RaftServerImpl.java:setRole(299)) - 70125d14-2432-4845-91b4-d6c12e89dffb@group-8E99C119045E: changes role from CANDIDATE to LEADER at term 3 for changeToLeader
2022-07-12 23:21:39,678 [70125d14-2432-4845-91b4-d6c12e89dffb@group-8E99C119045E-LeaderElection31] INFO  ratis.XceiverServerRatis (XceiverServerRatis.java:handleLeaderChangedNotification(863)) - Leader change notification received for group: group-8E99C119045E with new leaderId: 70125d14-2432-4845-91b4-d6c12e89dffb
2022-07-12 23:21:39,678 [70125d14-2432-4845-91b4-d6c12e89dffb@group-8E99C119045E-LeaderElection31] INFO  server.RaftServer$Division (ServerState.java:setLeader(287)) - 70125d14-2432-4845-91b4-d6c12e89dffb@group-8E99C119045E: change Leader from null to 70125d14-2432-4845-91b4-d6c12e89dffb at term 3 for becomeLeader, leader elected after 15406ms
2022-07-12 23:21:39,678 [70125d14-2432-4845-91b4-d6c12e89dffb@group-8E99C119045E-LeaderElection31] INFO  server.RaftServerConfigKeys (ConfUtils.java:logGet(46)) - raft.server.staging.catchup.gap = 1000 (default)
2022-07-12 23:21:39,679 [70125d14-2432-4845-91b4-d6c12e89dffb@group-8E99C119045E-LeaderElection31] INFO  server.RaftServerConfigKeys (ConfUtils.java:logGet(46)) - raft.server.write.element-limit = 1024 (custom)
2022-07-12 23:21:39,679 [70125d14-2432-4845-91b4-d6c12e89dffb@group-8E99C119045E-LeaderElection31] INFO  server.RaftServerConfigKeys (ConfUtils.java:logGet(46)) - raft.server.write.byte-limit = 1024 M (=1073741824) (custom)
2022-07-12 23:21:39,679 [70125d14-2432-4845-91b4-d6c12e89dffb@group-8E99C119045E-LeaderElection31] INFO  server.RaftServerConfigKeys (ConfUtils.java:logGet(46)) - raft.server.watch.timeout = 180s (custom)
2022-07-12 23:21:39,679 [70125d14-2432-4845-91b4-d6c12e89dffb@group-8E99C119045E-LeaderElection31] INFO  server.RaftServerConfigKeys (ConfUtils.java:logGet(46)) - raft.server.watch.timeout.denomination = 1s (default)
2022-07-12 23:21:39,679 [70125d14-2432-4845-91b4-d6c12e89dffb@group-8E99C119045E-LeaderElection31] INFO  server.RaftServerConfigKeys (ConfUtils.java:logGet(46)) - raft.server.watch.element-limit = 65536 (default)
2022-07-12 23:21:39,679 [70125d14-2432-4845-91b4-d6c12e89dffb@group-8E99C119045E-LeaderElection31] INFO  server.RaftServerConfigKeys (ConfUtils.java:logGet(46)) - raft.server.write.element-limit = 1024 (custom)
2022-07-12 23:21:39,679 [70125d14-2432-4845-91b4-d6c12e89dffb@group-8E99C119045E-LeaderElection31] INFO  server.RaftServerConfigKeys (ConfUtils.java:logGet(46)) - raft.server.write.follower.gap.ratio.max = -1.0 (default)
2022-07-12 23:21:39,680 [70125d14-2432-4845-91b4-d6c12e89dffb@group-8E99C119045E-LeaderElection31] INFO  server.RaftServerConfigKeys (ConfUtils.java:logGet(46)) - raft.server.log.appender.snapshot.chunk.size.max = 16MB (=16777216) (default)
2022-07-12 23:21:39,680 [70125d14-2432-4845-91b4-d6c12e89dffb@group-8E99C119045E-LeaderElection31] INFO  server.RaftServerConfigKeys (ConfUtils.java:logGet(46)) - raft.server.log.appender.buffer.byte-limit = 33554432 (custom)
2022-07-12 23:21:39,680 [70125d14-2432-4845-91b4-d6c12e89dffb@group-8E99C119045E-LeaderElection31] INFO  server.RaftServerConfigKeys (ConfUtils.java:logGet(46)) - raft.server.log.appender.buffer.element-limit = 1 (custom)
2022-07-12 23:21:39,680 [70125d14-2432-4845-91b4-d6c12e89dffb@group-8E99C119045E-LeaderElection31] INFO  grpc.GrpcConfigKeys (ConfUtils.java:logGet(46)) - raft.grpc.server.leader.outstanding.appends.max = 128 (default)
2022-07-12 23:21:39,680 [70125d14-2432-4845-91b4-d6c12e89dffb@group-8E99C119045E-LeaderElection31] INFO  server.RaftServerConfigKeys (ConfUtils.java:logGet(46)) - raft.server.rpc.request.timeout = 60s (custom)
2022-07-12 23:21:39,680 [70125d14-2432-4845-91b4-d6c12e89dffb@group-8E99C119045E-LeaderElection31] INFO  server.RaftServerConfigKeys (ConfUtils.java:logGet(46)) - raft.server.log.appender.install.snapshot.enabled = false (custom)
2022-07-12 23:21:39,681 [70125d14-2432-4845-91b4-d6c12e89dffb@group-8E99C119045E-LeaderElection31] INFO  server.RaftServerConfigKeys (ConfUtils.java:logGet(46)) - raft.server.log.appender.snapshot.chunk.size.max = 16MB (=16777216) (default)
2022-07-12 23:21:39,681 [70125d14-2432-4845-91b4-d6c12e89dffb@group-8E99C119045E-LeaderElection31] INFO  server.RaftServerConfigKeys (ConfUtils.java:logGet(46)) - raft.server.log.appender.buffer.byte-limit = 33554432 (custom)
2022-07-12 23:21:39,686 [70125d14-2432-4845-91b4-d6c12e89dffb@group-8E99C119045E-LeaderElection31] INFO  server.RaftServerConfigKeys (ConfUtils.java:logGet(46)) - raft.server.log.appender.buffer.element-limit = 1 (custom)
2022-07-12 23:21:39,686 [70125d14-2432-4845-91b4-d6c12e89dffb@group-8E99C119045E-LeaderElection31] INFO  grpc.GrpcConfigKeys (ConfUtils.java:logGet(46)) - raft.grpc.server.leader.outstanding.appends.max = 128 (default)
2022-07-12 23:21:39,686 [70125d14-2432-4845-91b4-d6c12e89dffb@group-8E99C119045E-LeaderElection31] INFO  server.RaftServerConfigKeys (ConfUtils.java:logGet(46)) - raft.server.rpc.request.timeout = 60s (custom)
2022-07-12 23:21:39,687 [70125d14-2432-4845-91b4-d6c12e89dffb@group-8E99C119045E-LeaderElection31] INFO  server.RaftServerConfigKeys (ConfUtils.java:logGet(46)) - raft.server.log.appender.install.snapshot.enabled = false (custom)
2022-07-12 23:21:39,687 [70125d14-2432-4845-91b4-d6c12e89dffb@group-8E99C119045E-LeaderElection31] INFO  impl.RoleInfo (RoleInfo.java:updateAndGet(139)) - 70125d14-2432-4845-91b4-d6c12e89dffb: start 70125d14-2432-4845-91b4-d6c12e89dffb@group-8E99C119045E-LeaderStateImpl
2022-07-12 23:21:39,687 [70125d14-2432-4845-91b4-d6c12e89dffb@group-8E99C119045E-LeaderElection31] INFO  segmented.SegmentedRaftLogWorker (SegmentedRaftLogWorker.java:startLogSegment(425)) - 70125d14-2432-4845-91b4-d6c12e89dffb@group-8E99C119045E-SegmentedRaftLogWorker: Starting segment from index:0
2022-07-12 23:21:39,688 [EventQueue-PipelineReportForPipelineReportHandler] INFO  pipeline.PipelineManagerImpl (PipelineManagerImpl.java:openPipeline(367)) - Pipeline Pipeline[ Id: 382b2473-1962-4a79-9e31-8e99c119045e, Nodes: 70125d14-2432-4845-91b4-d6c12e89dffb{ip: 10.1.0.13, host: fv-az46-473.aox2mo1hufxu3kclv1weif3kjc.bx.internal.cloudapp.net, ports: [REPLICATION=41855, RATIS=46501, RATIS_ADMIN=46501, RATIS_SERVER=46501, STANDALONE=41037], networkLocation: /default-rack, certSerialId: null, persistedOpState: IN_SERVICE, persistedOpStateExpiryEpochSec: 0}b5be010a-4f88-45a2-86a4-37bd0d52b4ef{ip: 10.1.0.13, host: fv-az46-473.aox2mo1hufxu3kclv1weif3kjc.bx.internal.cloudapp.net, ports: [REPLICATION=44903, RATIS=38059, RATIS_ADMIN=38059, RATIS_SERVER=38059, STANDALONE=40541], networkLocation: /default-rack, certSerialId: null, persistedOpState: IN_SERVICE, persistedOpStateExpiryEpochSec: 0}41187bab-18a7-4c36-af27-173f83643b8d{ip: 10.1.0.13, host: fv-az46-473.aox2mo1hufxu3kclv1weif3kjc.bx.internal.cloudapp.net, ports: [REPLICATION=38467, RATIS=46095, RATIS_ADMIN=46095, RATIS_SERVER=46095, STANDALONE=44505], networkLocation: /default-rack, certSerialId: null, persistedOpState: IN_SERVICE, persistedOpStateExpiryEpochSec: 0}, ReplicationConfig: RATIS/THREE, State:ALLOCATED, leaderId:70125d14-2432-4845-91b4-d6c12e89dffb, CreationTimestamp2022-07-12T23:21:22.372Z[Etc/UTC]] moved to OPEN state
2022-07-12 23:21:39,689 [70125d14-2432-4845-91b4-d6c12e89dffb@group-8E99C119045E-SegmentedRaftLogWorker] INFO  segmented.SegmentedRaftLogWorker (SegmentedRaftLogWorker.java:execute(629)) - 70125d14-2432-4845-91b4-d6c12e89dffb@group-8E99C119045E-SegmentedRaftLogWorker: created new log segment /home/runner/work/ozone/ozone/hadoop-ozone/integration-test/target/test-dir/MiniOzoneClusterImpl-3123aa8d-fa91-45ac-9e39-716c5a908d99/datanode-1/data/ratis/382b2473-1962-4a79-9e31-8e99c119045e/current/log_inprogress_0
2022-07-12 23:21:39,710 [70125d14-2432-4845-91b4-d6c12e89dffb@group-8E99C119045E-LeaderElection31] INFO  server.RaftServer$Division (ServerState.java:setRaftConf(393)) - 70125d14-2432-4845-91b4-d6c12e89dffb@group-8E99C119045E: set configuration 0: [41187bab-18a7-4c36-af27-173f83643b8d|rpc:10.1.0.13:46095|dataStream:|priority:0, b5be010a-4f88-45a2-86a4-37bd0d52b4ef|rpc:10.1.0.13:38059|dataStream:|priority:0, 70125d14-2432-4845-91b4-d6c12e89dffb|rpc:10.1.0.13:46501|dataStream:|priority:1], old=null
2022-07-12 23:21:39,714 [Time-limited test] INFO  rpc.RpcClient (RpcClient.java:createVolume(466)) - Creating Volume: volume93964, with user53965 as owner and space quota set to -1 bytes, counts quota set to -1
2022-07-12 23:21:39,715 [b5be010a-4f88-45a2-86a4-37bd0d52b4ef@group-8E99C119045E-FollowerState] INFO  impl.FollowerState (FollowerState.java:run(143)) - b5be010a-4f88-45a2-86a4-37bd0d52b4ef@group-8E99C119045E-FollowerState: change to CANDIDATE, lastRpcElapsedTime:5131369211ns, electionTimeout:5116ms
2022-07-12 23:21:39,715 [b5be010a-4f88-45a2-86a4-37bd0d52b4ef@group-8E99C119045E-FollowerState] INFO  impl.RoleInfo (RoleInfo.java:shutdownFollowerState(110)) - b5be010a-4f88-45a2-86a4-37bd0d52b4ef: shutdown b5be010a-4f88-45a2-86a4-37bd0d52b4ef@group-8E99C119045E-FollowerState
2022-07-12 23:21:39,715 [b5be010a-4f88-45a2-86a4-37bd0d52b4ef@group-8E99C119045E-FollowerState] INFO  server.RaftServer$Division (RaftServerImpl.java:setRole(299)) - b5be010a-4f88-45a2-86a4-37bd0d52b4ef@group-8E99C119045E: changes role from  FOLLOWER to CANDIDATE at term 2 for changeToCandidate
2022-07-12 23:21:39,715 [b5be010a-4f88-45a2-86a4-37bd0d52b4ef@group-8E99C119045E-FollowerState] INFO  server.RaftServerConfigKeys (ConfUtils.java:logGet(46)) - raft.server.leaderelection.pre-vote = false (custom)
2022-07-12 23:21:39,715 [b5be010a-4f88-45a2-86a4-37bd0d52b4ef@group-8E99C119045E-FollowerState] INFO  impl.RoleInfo (RoleInfo.java:updateAndGet(139)) - b5be010a-4f88-45a2-86a4-37bd0d52b4ef: start b5be010a-4f88-45a2-86a4-37bd0d52b4ef@group-8E99C119045E-LeaderElection32
2022-07-12 23:21:39,721 [OM StateMachine ApplyTransaction Thread - 0] INFO  volume.OMVolumeCreateRequest (OMVolumeCreateRequest.java:validateAndUpdateCache(195)) - created volume:volume93964 for user:user53965
2022-07-12 23:21:39,730 [b5be010a-4f88-45a2-86a4-37bd0d52b4ef@group-8E99C119045E-LeaderElection32] INFO  impl.LeaderElection (LeaderElection.java:askForVotes(310)) - b5be010a-4f88-45a2-86a4-37bd0d52b4ef@group-8E99C119045E-LeaderElection32 ELECTION round 0: submit vote requests at term 3 for -1: [41187bab-18a7-4c36-af27-173f83643b8d|rpc:10.1.0.13:46095|priority:0, b5be010a-4f88-45a2-86a4-37bd0d52b4ef|rpc:10.1.0.13:38059|priority:0, 70125d14-2432-4845-91b4-d6c12e89dffb|rpc:10.1.0.13:46501|priority:1], old=null
2022-07-12 23:21:39,734 [Time-limited test] INFO  rpc.RpcClient (RpcClient.java:createBucket(669)) - Creating Bucket: volume93964/bucket64607, with bucket layout LEGACY, runner as owner, Versioning false, Storage Type set to DISK and Encryption set to false 
2022-07-12 23:21:39,736 [OM StateMachine ApplyTransaction Thread - 0] INFO  bucket.OMBucketCreateRequest (OMBucketCreateRequest.java:validateAndUpdateCache(260)) - created bucket: bucket64607 of layout LEGACY in volume: volume93964
2022-07-12 23:21:39,758 [grpc-default-executor-2] INFO  server.RaftServer$Division (RaftServerImpl.java:requestVote(1152)) - b5be010a-4f88-45a2-86a4-37bd0d52b4ef@group-8E99C119045E: receive requestVote(ELECTION, 70125d14-2432-4845-91b4-d6c12e89dffb, group-8E99C119045E, 3, (t:0, i:0))
2022-07-12 23:21:39,758 [grpc-default-executor-2] INFO  impl.VoteContext (VoteContext.java:log(48)) - b5be010a-4f88-45a2-86a4-37bd0d52b4ef@group-8E99C119045E-CANDIDATE: reject ELECTION from 70125d14-2432-4845-91b4-d6c12e89dffb: already has voted for b5be010a-4f88-45a2-86a4-37bd0d52b4ef at current term 3
2022-07-12 23:21:39,758 [grpc-default-executor-2] INFO  server.RaftServer$Division (RaftServerImpl.java:requestVote(1184)) - b5be010a-4f88-45a2-86a4-37bd0d52b4ef@group-8E99C119045E replies to ELECTION vote request: 70125d14-2432-4845-91b4-d6c12e89dffb<-b5be010a-4f88-45a2-86a4-37bd0d52b4ef#0:FAIL-t3. Peer's state: b5be010a-4f88-45a2-86a4-37bd0d52b4ef@group-8E99C119045E:t3, leader=null, voted=b5be010a-4f88-45a2-86a4-37bd0d52b4ef, raftlog=b5be010a-4f88-45a2-86a4-37bd0d52b4ef@group-8E99C119045E-SegmentedRaftLog:OPENED:c-1, conf=-1: [41187bab-18a7-4c36-af27-173f83643b8d|rpc:10.1.0.13:46095|priority:0, b5be010a-4f88-45a2-86a4-37bd0d52b4ef|rpc:10.1.0.13:38059|priority:0, 70125d14-2432-4845-91b4-d6c12e89dffb|rpc:10.1.0.13:46501|priority:1], old=null
2022-07-12 23:21:39,766 [41187bab-18a7-4c36-af27-173f83643b8d-server-thread1] INFO  ratis.XceiverServerRatis (XceiverServerRatis.java:handleLeaderChangedNotification(863)) - Leader change notification received for group: group-8E99C119045E with new leaderId: 70125d14-2432-4845-91b4-d6c12e89dffb
2022-07-12 23:21:39,766 [41187bab-18a7-4c36-af27-173f83643b8d-server-thread1] INFO  server.RaftServer$Division (ServerState.java:setLeader(287)) - 41187bab-18a7-4c36-af27-173f83643b8d@group-8E99C119045E: change Leader from null to 70125d14-2432-4845-91b4-d6c12e89dffb at term 3 for appendEntries, leader elected after 15404ms
2022-07-12 23:21:39,779 [grpc-default-executor-2] INFO  server.RaftServer$Division (RaftServerImpl.java:requestVote(1152)) - 70125d14-2432-4845-91b4-d6c12e89dffb@group-8E99C119045E: receive requestVote(ELECTION, b5be010a-4f88-45a2-86a4-37bd0d52b4ef, group-8E99C119045E, 3, (t:0, i:0))
2022-07-12 23:21:39,779 [grpc-default-executor-2] INFO  impl.VoteContext (VoteContext.java:log(48)) - 70125d14-2432-4845-91b4-d6c12e89dffb@group-8E99C119045E-LEADER: reject ELECTION from b5be010a-4f88-45a2-86a4-37bd0d52b4ef: already has voted for 70125d14-2432-4845-91b4-d6c12e89dffb at current term 3
2022-07-12 23:21:39,779 [grpc-default-executor-2] INFO  server.RaftServer$Division (RaftServerImpl.java:requestVote(1184)) - 70125d14-2432-4845-91b4-d6c12e89dffb@group-8E99C119045E replies to ELECTION vote request: b5be010a-4f88-45a2-86a4-37bd0d52b4ef<-70125d14-2432-4845-91b4-d6c12e89dffb#0:FAIL-t3. Peer's state: 70125d14-2432-4845-91b4-d6c12e89dffb@group-8E99C119045E:t3, leader=70125d14-2432-4845-91b4-d6c12e89dffb, voted=70125d14-2432-4845-91b4-d6c12e89dffb, raftlog=70125d14-2432-4845-91b4-d6c12e89dffb@group-8E99C119045E-SegmentedRaftLog:OPENED:c0, conf=0: [41187bab-18a7-4c36-af27-173f83643b8d|rpc:10.1.0.13:46095|dataStream:|priority:0, b5be010a-4f88-45a2-86a4-37bd0d52b4ef|rpc:10.1.0.13:38059|dataStream:|priority:0, 70125d14-2432-4845-91b4-d6c12e89dffb|rpc:10.1.0.13:46501|dataStream:|priority:1], old=null
2022-07-12 23:21:39,784 [grpc-default-executor-1] INFO  server.RaftServer$Division (RaftServerImpl.java:requestVote(1152)) - 41187bab-18a7-4c36-af27-173f83643b8d@group-8E99C119045E: receive requestVote(ELECTION, b5be010a-4f88-45a2-86a4-37bd0d52b4ef, group-8E99C119045E, 3, (t:0, i:0))
2022-07-12 23:21:39,784 [grpc-default-executor-1] INFO  impl.VoteContext (VoteContext.java:log(48)) - 41187bab-18a7-4c36-af27-173f83643b8d@group-8E99C119045E-FOLLOWER: reject ELECTION from b5be010a-4f88-45a2-86a4-37bd0d52b4ef: already has voted for 70125d14-2432-4845-91b4-d6c12e89dffb at current term 3
2022-07-12 23:21:39,784 [grpc-default-executor-1] INFO  server.RaftServer$Division (RaftServerImpl.java:requestVote(1184)) - 41187bab-18a7-4c36-af27-173f83643b8d@group-8E99C119045E replies to ELECTION vote request: b5be010a-4f88-45a2-86a4-37bd0d52b4ef<-41187bab-18a7-4c36-af27-173f83643b8d#0:FAIL-t3. Peer's state: 41187bab-18a7-4c36-af27-173f83643b8d@group-8E99C119045E:t3, leader=70125d14-2432-4845-91b4-d6c12e89dffb, voted=70125d14-2432-4845-91b4-d6c12e89dffb, raftlog=41187bab-18a7-4c36-af27-173f83643b8d@group-8E99C119045E-SegmentedRaftLog:OPENED:c-1, conf=-1: [41187bab-18a7-4c36-af27-173f83643b8d|rpc:10.1.0.13:46095|dataStream:|priority:0, b5be010a-4f88-45a2-86a4-37bd0d52b4ef|rpc:10.1.0.13:38059|dataStream:|priority:0, 70125d14-2432-4845-91b4-d6c12e89dffb|rpc:10.1.0.13:46501|dataStream:|priority:1], old=null
23:21:39.801 [IPC Server handler 1 on default port 33951] ERROR OMAudit - user=runner | ip=127.0.0.1 | op=GET_FILE_STATUS {volume=fff3dafc-5239-4fa9-b023-19aecf410aa4, bucket=69a7d821-a126-49bb-b3b1-758e64c58431, key=.Trash, dataSize=0, replicationConfig=null} | ret=FAILURE
org.apache.hadoop.ozone.om.exceptions.OMException: Unable to get file status: volume: fff3dafc-5239-4fa9-b023-19aecf410aa4 bucket: 69a7d821-a126-49bb-b3b1-758e64c58431 key: .Trash
	at org.apache.hadoop.ozone.om.KeyManagerImpl.getOzoneFileStatus(KeyManagerImpl.java:1311) ~[ozone-manager-1.3.0-SNAPSHOT.jar:?]
	at org.apache.hadoop.ozone.om.KeyManagerImpl.getFileStatus(KeyManagerImpl.java:1241) ~[ozone-manager-1.3.0-SNAPSHOT.jar:?]
	at org.apache.hadoop.ozone.om.OzoneManager.getFileStatus(OzoneManager.java:3419) ~[ozone-manager-1.3.0-SNAPSHOT.jar:?]
	at org.apache.hadoop.ozone.protocolPB.OzoneManagerRequestHandler.getOzoneFileStatus(OzoneManagerRequestHandler.java:871) ~[ozone-manager-1.3.0-SNAPSHOT.jar:?]
	at org.apache.hadoop.ozone.protocolPB.OzoneManagerRequestHandler.handleReadRequest(OzoneManagerRequestHandler.java:217) ~[ozone-manager-1.3.0-SNAPSHOT.jar:?]
	at org.apache.hadoop.ozone.protocolPB.OzoneManagerProtocolServerSideTranslatorPB.submitReadRequestToOM(OzoneManagerProtocolServerSideTranslatorPB.java:226) ~[ozone-manager-1.3.0-SNAPSHOT.jar:?]
	at org.apache.hadoop.ozone.protocolPB.OzoneManagerProtocolServerSideTranslatorPB.processRequest(OzoneManagerProtocolServerSideTranslatorPB.java:175) ~[ozone-manager-1.3.0-SNAPSHOT.jar:?]
	at org.apache.hadoop.hdds.server.OzoneProtocolMessageDispatcher.processRequest(OzoneProtocolMessageDispatcher.java:87) [hdds-server-framework-1.3.0-SNAPSHOT.jar:?]
	at org.apache.hadoop.ozone.protocolPB.OzoneManagerProtocolServerSideTranslatorPB.submitRequest(OzoneManagerProtocolServerSideTranslatorPB.java:147) [ozone-manager-1.3.0-SNAPSHOT.jar:?]
	at org.apache.hadoop.ozone.protocol.proto.OzoneManagerProtocolProtos$OzoneManagerService$2.callBlockingMethod(OzoneManagerProtocolProtos.java) [ozone-interface-client-1.3.0-SNAPSHOT.jar:?]
	at org.apache.hadoop.ipc.ProtobufRpcEngine$Server.processCall(ProtobufRpcEngine.java:466) [hadoop-common-3.3.1.jar:?]
	at org.apache.hadoop.ipc.ProtobufRpcEngine2$Server$ProtoBufRpcInvoker.call(ProtobufRpcEngine2.java:574) [hadoop-common-3.3.1.jar:?]
	at org.apache.hadoop.ipc.ProtobufRpcEngine2$Server$ProtoBufRpcInvoker.call(ProtobufRpcEngine2.java:552) [hadoop-common-3.3.1.jar:?]
	at org.apache.hadoop.ipc.RPC$Server.call(RPC.java:1093) [hadoop-common-3.3.1.jar:?]
	at org.apache.hadoop.ipc.Server$RpcCall.run(Server.java:1035) [hadoop-common-3.3.1.jar:?]
	at org.apache.hadoop.ipc.Server$RpcCall.run(Server.java:963) [hadoop-common-3.3.1.jar:?]
	at java.security.AccessController.doPrivileged(Native Method) ~[?:1.8.0_332]
	at javax.security.auth.Subject.doAs(Subject.java:422) [?:1.8.0_332]
	at org.apache.hadoop.security.UserGroupInformation.doAs(UserGroupInformation.java:1878) [hadoop-common-3.3.1.jar:?]
	at org.apache.hadoop.ipc.Server$Handler.run(Server.java:2966) [hadoop-common-3.3.1.jar:?]
2022-07-12 23:21:39,813 [b5be010a-4f88-45a2-86a4-37bd0d52b4ef@group-8E99C119045E-LeaderElection32] INFO  impl.LeaderElection (LeaderElection.java:logAndReturn(90)) - b5be010a-4f88-45a2-86a4-37bd0d52b4ef@group-8E99C119045E-LeaderElection32: ELECTION REJECTED received 1 response(s) and 0 exception(s):
2022-07-12 23:21:39,813 [b5be010a-4f88-45a2-86a4-37bd0d52b4ef@group-8E99C119045E-LeaderElection32] INFO  impl.LeaderElection (LeaderElection.java:logAndReturn(94)) -   Response 0: b5be010a-4f88-45a2-86a4-37bd0d52b4ef<-70125d14-2432-4845-91b4-d6c12e89dffb#0:FAIL-t3
2022-07-12 23:21:39,813 [b5be010a-4f88-45a2-86a4-37bd0d52b4ef@group-8E99C119045E-LeaderElection32] INFO  impl.LeaderElection (LeaderElection.java:askForVotes(312)) - b5be010a-4f88-45a2-86a4-37bd0d52b4ef@group-8E99C119045E-LeaderElection32 ELECTION round 0: result REJECTED
2022-07-12 23:21:39,813 [b5be010a-4f88-45a2-86a4-37bd0d52b4ef@group-8E99C119045E-LeaderElection32] INFO  server.RaftServer$Division (RaftServerImpl.java:setRole(299)) - b5be010a-4f88-45a2-86a4-37bd0d52b4ef@group-8E99C119045E: changes role from CANDIDATE to FOLLOWER at term 3 for REJECTED
2022-07-12 23:21:39,813 [b5be010a-4f88-45a2-86a4-37bd0d52b4ef@group-8E99C119045E-LeaderElection32] INFO  impl.RoleInfo (RoleInfo.java:shutdownLeaderElection(130)) - b5be010a-4f88-45a2-86a4-37bd0d52b4ef: shutdown b5be010a-4f88-45a2-86a4-37bd0d52b4ef@group-8E99C119045E-LeaderElection32
2022-07-12 23:21:39,813 [b5be010a-4f88-45a2-86a4-37bd0d52b4ef@group-8E99C119045E-LeaderElection32] INFO  impl.RoleInfo (RoleInfo.java:updateAndGet(139)) - b5be010a-4f88-45a2-86a4-37bd0d52b4ef: start b5be010a-4f88-45a2-86a4-37bd0d52b4ef@group-8E99C119045E-FollowerState
2022-07-12 23:21:39,820 [b5be010a-4f88-45a2-86a4-37bd0d52b4ef-server-thread1] INFO  ratis.XceiverServerRatis (XceiverServerRatis.java:handleLeaderChangedNotification(863)) - Leader change notification received for group: group-8E99C119045E with new leaderId: 70125d14-2432-4845-91b4-d6c12e89dffb
2022-07-12 23:21:39,820 [b5be010a-4f88-45a2-86a4-37bd0d52b4ef-server-thread1] INFO  server.RaftServer$Division (ServerState.java:setLeader(287)) - b5be010a-4f88-45a2-86a4-37bd0d52b4ef@group-8E99C119045E: change Leader from null to 70125d14-2432-4845-91b4-d6c12e89dffb at term 3 for appendEntries, leader elected after 15631ms
2022-07-12 23:21:39,820 [41187bab-18a7-4c36-af27-173f83643b8d-server-thread1] INFO  server.RaftServer$Division (ServerState.java:setRaftConf(393)) - 41187bab-18a7-4c36-af27-173f83643b8d@group-8E99C119045E: set configuration 0: [41187bab-18a7-4c36-af27-173f83643b8d|rpc:10.1.0.13:46095|dataStream:|priority:0, b5be010a-4f88-45a2-86a4-37bd0d52b4ef|rpc:10.1.0.13:38059|dataStream:|priority:0, 70125d14-2432-4845-91b4-d6c12e89dffb|rpc:10.1.0.13:46501|dataStream:|priority:1], old=null
2022-07-12 23:21:39,820 [41187bab-18a7-4c36-af27-173f83643b8d-server-thread1] INFO  segmented.SegmentedRaftLogWorker (SegmentedRaftLogWorker.java:startLogSegment(425)) - 41187bab-18a7-4c36-af27-173f83643b8d@group-8E99C119045E-SegmentedRaftLogWorker: Starting segment from index:0
2022-07-12 23:21:39,830 [b5be010a-4f88-45a2-86a4-37bd0d52b4ef-server-thread1] INFO  server.RaftServer$Division (ServerState.java:setRaftConf(393)) - b5be010a-4f88-45a2-86a4-37bd0d52b4ef@group-8E99C119045E: set configuration 0: [41187bab-18a7-4c36-af27-173f83643b8d|rpc:10.1.0.13:46095|dataStream:|priority:0, b5be010a-4f88-45a2-86a4-37bd0d52b4ef|rpc:10.1.0.13:38059|dataStream:|priority:0, 70125d14-2432-4845-91b4-d6c12e89dffb|rpc:10.1.0.13:46501|dataStream:|priority:1], old=null
2022-07-12 23:21:39,830 [b5be010a-4f88-45a2-86a4-37bd0d52b4ef-server-thread1] INFO  segmented.SegmentedRaftLogWorker (SegmentedRaftLogWorker.java:startLogSegment(425)) - b5be010a-4f88-45a2-86a4-37bd0d52b4ef@group-8E99C119045E-SegmentedRaftLogWorker: Starting segment from index:0
2022-07-12 23:21:39,831 [41187bab-18a7-4c36-af27-173f83643b8d@group-8E99C119045E-SegmentedRaftLogWorker] INFO  segmented.SegmentedRaftLogWorker (SegmentedRaftLogWorker.java:execute(629)) - 41187bab-18a7-4c36-af27-173f83643b8d@group-8E99C119045E-SegmentedRaftLogWorker: created new log segment /home/runner/work/ozone/ozone/hadoop-ozone/integration-test/target/test-dir/MiniOzoneClusterImpl-3123aa8d-fa91-45ac-9e39-716c5a908d99/datanode-2/data/ratis/382b2473-1962-4a79-9e31-8e99c119045e/current/log_inprogress_0
2022-07-12 23:21:39,832 [b5be010a-4f88-45a2-86a4-37bd0d52b4ef@group-8E99C119045E-SegmentedRaftLogWorker] INFO  segmented.SegmentedRaftLogWorker (SegmentedRaftLogWorker.java:execute(629)) - b5be010a-4f88-45a2-86a4-37bd0d52b4ef@group-8E99C119045E-SegmentedRaftLogWorker: created new log segment /home/runner/work/ozone/ozone/hadoop-ozone/integration-test/target/test-dir/MiniOzoneClusterImpl-3123aa8d-fa91-45ac-9e39-716c5a908d99/datanode-0/data/ratis/382b2473-1962-4a79-9e31-8e99c119045e/current/log_inprogress_0
23:21:39.842 [IPC Server handler 19 on default port 33951] ERROR OMAudit - user=runner | ip=127.0.0.1 | op=GET_FILE_STATUS {volume=fff3dafc-5239-4fa9-b023-19aecf410aa4, bucket=69a7d821-a126-49bb-b3b1-758e64c58431, key=.Trash, dataSize=0, replicationConfig=null} | ret=FAILURE
org.apache.hadoop.ozone.om.exceptions.OMException: Unable to get file status: volume: fff3dafc-5239-4fa9-b023-19aecf410aa4 bucket: 69a7d821-a126-49bb-b3b1-758e64c58431 key: .Trash
	at org.apache.hadoop.ozone.om.KeyManagerImpl.getOzoneFileStatus(KeyManagerImpl.java:1311) ~[ozone-manager-1.3.0-SNAPSHOT.jar:?]
	at org.apache.hadoop.ozone.om.KeyManagerImpl.getFileStatus(KeyManagerImpl.java:1241) ~[ozone-manager-1.3.0-SNAPSHOT.jar:?]
	at org.apache.hadoop.ozone.om.OzoneManager.getFileStatus(OzoneManager.java:3419) ~[ozone-manager-1.3.0-SNAPSHOT.jar:?]
	at org.apache.hadoop.ozone.protocolPB.OzoneManagerRequestHandler.getOzoneFileStatus(OzoneManagerRequestHandler.java:871) ~[ozone-manager-1.3.0-SNAPSHOT.jar:?]
	at org.apache.hadoop.ozone.protocolPB.OzoneManagerRequestHandler.handleReadRequest(OzoneManagerRequestHandler.java:217) ~[ozone-manager-1.3.0-SNAPSHOT.jar:?]
	at org.apache.hadoop.ozone.protocolPB.OzoneManagerProtocolServerSideTranslatorPB.submitReadRequestToOM(OzoneManagerProtocolServerSideTranslatorPB.java:226) ~[ozone-manager-1.3.0-SNAPSHOT.jar:?]
	at org.apache.hadoop.ozone.protocolPB.OzoneManagerProtocolServerSideTranslatorPB.processRequest(OzoneManagerProtocolServerSideTranslatorPB.java:175) ~[ozone-manager-1.3.0-SNAPSHOT.jar:?]
	at org.apache.hadoop.hdds.server.OzoneProtocolMessageDispatcher.processRequest(OzoneProtocolMessageDispatcher.java:87) [hdds-server-framework-1.3.0-SNAPSHOT.jar:?]
	at org.apache.hadoop.ozone.protocolPB.OzoneManagerProtocolServerSideTranslatorPB.submitRequest(OzoneManagerProtocolServerSideTranslatorPB.java:147) [ozone-manager-1.3.0-SNAPSHOT.jar:?]
	at org.apache.hadoop.ozone.protocol.proto.OzoneManagerProtocolProtos$OzoneManagerService$2.callBlockingMethod(OzoneManagerProtocolProtos.java) [ozone-interface-client-1.3.0-SNAPSHOT.jar:?]
	at org.apache.hadoop.ipc.ProtobufRpcEngine$Server.processCall(ProtobufRpcEngine.java:466) [hadoop-common-3.3.1.jar:?]
	at org.apache.hadoop.ipc.ProtobufRpcEngine2$Server$ProtoBufRpcInvoker.call(ProtobufRpcEngine2.java:574) [hadoop-common-3.3.1.jar:?]
	at org.apache.hadoop.ipc.ProtobufRpcEngine2$Server$ProtoBufRpcInvoker.call(ProtobufRpcEngine2.java:552) [hadoop-common-3.3.1.jar:?]
	at org.apache.hadoop.ipc.RPC$Server.call(RPC.java:1093) [hadoop-common-3.3.1.jar:?]
	at org.apache.hadoop.ipc.Server$RpcCall.run(Server.java:1035) [hadoop-common-3.3.1.jar:?]
	at org.apache.hadoop.ipc.Server$RpcCall.run(Server.java:963) [hadoop-common-3.3.1.jar:?]
	at java.security.AccessController.doPrivileged(Native Method) ~[?:1.8.0_332]
	at javax.security.auth.Subject.doAs(Subject.java:422) [?:1.8.0_332]
	at org.apache.hadoop.security.UserGroupInformation.doAs(UserGroupInformation.java:1878) [hadoop-common-3.3.1.jar:?]
	at org.apache.hadoop.ipc.Server$Handler.run(Server.java:2966) [hadoop-common-3.3.1.jar:?]
23:21:39.899 [IPC Server handler 5 on default port 33951] ERROR OMAudit - user=runner | ip=127.0.0.1 | op=GET_FILE_STATUS {volume=volume93964, bucket=bucket64607, key=.Trash/runner, dataSize=0, replicationConfig=null} | ret=FAILURE
org.apache.hadoop.ozone.om.exceptions.OMException: Unable to get file status: volume: volume93964 bucket: bucket64607 key: .Trash/runner
	at org.apache.hadoop.ozone.om.KeyManagerImpl.getOzoneFileStatus(KeyManagerImpl.java:1311) ~[ozone-manager-1.3.0-SNAPSHOT.jar:?]
	at org.apache.hadoop.ozone.om.KeyManagerImpl.getFileStatus(KeyManagerImpl.java:1241) ~[ozone-manager-1.3.0-SNAPSHOT.jar:?]
	at org.apache.hadoop.ozone.om.OzoneManager.getFileStatus(OzoneManager.java:3419) ~[ozone-manager-1.3.0-SNAPSHOT.jar:?]
	at org.apache.hadoop.ozone.protocolPB.OzoneManagerRequestHandler.getOzoneFileStatus(OzoneManagerRequestHandler.java:871) ~[ozone-manager-1.3.0-SNAPSHOT.jar:?]
	at org.apache.hadoop.ozone.protocolPB.OzoneManagerRequestHandler.handleReadRequest(OzoneManagerRequestHandler.java:217) ~[ozone-manager-1.3.0-SNAPSHOT.jar:?]
	at org.apache.hadoop.ozone.protocolPB.OzoneManagerProtocolServerSideTranslatorPB.submitReadRequestToOM(OzoneManagerProtocolServerSideTranslatorPB.java:226) ~[ozone-manager-1.3.0-SNAPSHOT.jar:?]
	at org.apache.hadoop.ozone.protocolPB.OzoneManagerProtocolServerSideTranslatorPB.processRequest(OzoneManagerProtocolServerSideTranslatorPB.java:175) ~[ozone-manager-1.3.0-SNAPSHOT.jar:?]
	at org.apache.hadoop.hdds.server.OzoneProtocolMessageDispatcher.processRequest(OzoneProtocolMessageDispatcher.java:87) [hdds-server-framework-1.3.0-SNAPSHOT.jar:?]
	at org.apache.hadoop.ozone.protocolPB.OzoneManagerProtocolServerSideTranslatorPB.submitRequest(OzoneManagerProtocolServerSideTranslatorPB.java:147) [ozone-manager-1.3.0-SNAPSHOT.jar:?]
	at org.apache.hadoop.ozone.protocol.proto.OzoneManagerProtocolProtos$OzoneManagerService$2.callBlockingMethod(OzoneManagerProtocolProtos.java) [ozone-interface-client-1.3.0-SNAPSHOT.jar:?]
	at org.apache.hadoop.ipc.ProtobufRpcEngine$Server.processCall(ProtobufRpcEngine.java:466) [hadoop-common-3.3.1.jar:?]
	at org.apache.hadoop.ipc.ProtobufRpcEngine2$Server$ProtoBufRpcInvoker.call(ProtobufRpcEngine2.java:574) [hadoop-common-3.3.1.jar:?]
	at org.apache.hadoop.ipc.ProtobufRpcEngine2$Server$ProtoBufRpcInvoker.call(ProtobufRpcEngine2.java:552) [hadoop-common-3.3.1.jar:?]
	at org.apache.hadoop.ipc.RPC$Server.call(RPC.java:1093) [hadoop-common-3.3.1.jar:?]
	at org.apache.hadoop.ipc.Server$RpcCall.run(Server.java:1035) [hadoop-common-3.3.1.jar:?]
	at org.apache.hadoop.ipc.Server$RpcCall.run(Server.java:963) [hadoop-common-3.3.1.jar:?]
	at java.security.AccessController.doPrivileged(Native Method) ~[?:1.8.0_332]
	at javax.security.auth.Subject.doAs(Subject.java:422) [?:1.8.0_332]
	at org.apache.hadoop.security.UserGroupInformation.doAs(UserGroupInformation.java:1878) [hadoop-common-3.3.1.jar:?]
	at org.apache.hadoop.ipc.Server$Handler.run(Server.java:2966) [hadoop-common-3.3.1.jar:?]
23:21:39.902 [IPC Server handler 16 on default port 33951] ERROR OMAudit - user=runner | ip=127.0.0.1 | op=GET_FILE_STATUS {volume=fff3dafc-5239-4fa9-b023-19aecf410aa4, bucket=69a7d821-a126-49bb-b3b1-758e64c58431, key=.Trash, dataSize=0, replicationConfig=null} | ret=FAILURE
org.apache.hadoop.ozone.om.exceptions.OMException: Unable to get file status: volume: fff3dafc-5239-4fa9-b023-19aecf410aa4 bucket: 69a7d821-a126-49bb-b3b1-758e64c58431 key: .Trash
	at org.apache.hadoop.ozone.om.KeyManagerImpl.getOzoneFileStatus(KeyManagerImpl.java:1311) ~[ozone-manager-1.3.0-SNAPSHOT.jar:?]
	at org.apache.hadoop.ozone.om.KeyManagerImpl.getFileStatus(KeyManagerImpl.java:1241) ~[ozone-manager-1.3.0-SNAPSHOT.jar:?]
	at org.apache.hadoop.ozone.om.OzoneManager.getFileStatus(OzoneManager.java:3419) ~[ozone-manager-1.3.0-SNAPSHOT.jar:?]
	at org.apache.hadoop.ozone.protocolPB.OzoneManagerRequestHandler.getOzoneFileStatus(OzoneManagerRequestHandler.java:871) ~[ozone-manager-1.3.0-SNAPSHOT.jar:?]
	at org.apache.hadoop.ozone.protocolPB.OzoneManagerRequestHandler.handleReadRequest(OzoneManagerRequestHandler.java:217) ~[ozone-manager-1.3.0-SNAPSHOT.jar:?]
	at org.apache.hadoop.ozone.protocolPB.OzoneManagerProtocolServerSideTranslatorPB.submitReadRequestToOM(OzoneManagerProtocolServerSideTranslatorPB.java:226) ~[ozone-manager-1.3.0-SNAPSHOT.jar:?]
	at org.apache.hadoop.ozone.protocolPB.OzoneManagerProtocolServerSideTranslatorPB.processRequest(OzoneManagerProtocolServerSideTranslatorPB.java:175) ~[ozone-manager-1.3.0-SNAPSHOT.jar:?]
	at org.apache.hadoop.hdds.server.OzoneProtocolMessageDispatcher.processRequest(OzoneProtocolMessageDispatcher.java:87) [hdds-server-framework-1.3.0-SNAPSHOT.jar:?]
	at org.apache.hadoop.ozone.protocolPB.OzoneManagerProtocolServerSideTranslatorPB.submitRequest(OzoneManagerProtocolServerSideTranslatorPB.java:147) [ozone-manager-1.3.0-SNAPSHOT.jar:?]
	at org.apache.hadoop.ozone.protocol.proto.OzoneManagerProtocolProtos$OzoneManagerService$2.callBlockingMethod(OzoneManagerProtocolProtos.java) [ozone-interface-client-1.3.0-SNAPSHOT.jar:?]
	at org.apache.hadoop.ipc.ProtobufRpcEngine$Server.processCall(ProtobufRpcEngine.java:466) [hadoop-common-3.3.1.jar:?]
	at org.apache.hadoop.ipc.ProtobufRpcEngine2$Server$ProtoBufRpcInvoker.call(ProtobufRpcEngine2.java:574) [hadoop-common-3.3.1.jar:?]
	at org.apache.hadoop.ipc.ProtobufRpcEngine2$Server$ProtoBufRpcInvoker.call(ProtobufRpcEngine2.java:552) [hadoop-common-3.3.1.jar:?]
	at org.apache.hadoop.ipc.RPC$Server.call(RPC.java:1093) [hadoop-common-3.3.1.jar:?]
	at org.apache.hadoop.ipc.Server$RpcCall.run(Server.java:1035) [hadoop-common-3.3.1.jar:?]
	at org.apache.hadoop.ipc.Server$RpcCall.run(Server.java:963) [hadoop-common-3.3.1.jar:?]
	at java.security.AccessController.doPrivileged(Native Method) ~[?:1.8.0_332]
	at javax.security.auth.Subject.doAs(Subject.java:422) [?:1.8.0_332]
	at org.apache.hadoop.security.UserGroupInformation.doAs(UserGroupInformation.java:1878) [hadoop-common-3.3.1.jar:?]
	at org.apache.hadoop.ipc.Server$Handler.run(Server.java:2966) [hadoop-common-3.3.1.jar:?]
23:21:39.912 [IPC Server handler 15 on default port 33951] ERROR OMAudit - user=runner | ip=127.0.0.1 | op=GET_FILE_STATUS {volume=volume93964, bucket=bucket64607, key=.Trash, dataSize=0, replicationConfig=null} | ret=FAILURE
org.apache.hadoop.ozone.om.exceptions.OMException: Unable to get file status: volume: volume93964 bucket: bucket64607 key: .Trash
	at org.apache.hadoop.ozone.om.KeyManagerImpl.getOzoneFileStatus(KeyManagerImpl.java:1311) ~[ozone-manager-1.3.0-SNAPSHOT.jar:?]
	at org.apache.hadoop.ozone.om.KeyManagerImpl.getFileStatus(KeyManagerImpl.java:1241) ~[ozone-manager-1.3.0-SNAPSHOT.jar:?]
	at org.apache.hadoop.ozone.om.OzoneManager.getFileStatus(OzoneManager.java:3419) ~[ozone-manager-1.3.0-SNAPSHOT.jar:?]
	at org.apache.hadoop.ozone.protocolPB.OzoneManagerRequestHandler.getOzoneFileStatus(OzoneManagerRequestHandler.java:871) ~[ozone-manager-1.3.0-SNAPSHOT.jar:?]
	at org.apache.hadoop.ozone.protocolPB.OzoneManagerRequestHandler.handleReadRequest(OzoneManagerRequestHandler.java:217) ~[ozone-manager-1.3.0-SNAPSHOT.jar:?]
	at org.apache.hadoop.ozone.protocolPB.OzoneManagerProtocolServerSideTranslatorPB.submitReadRequestToOM(OzoneManagerProtocolServerSideTranslatorPB.java:226) ~[ozone-manager-1.3.0-SNAPSHOT.jar:?]
	at org.apache.hadoop.ozone.protocolPB.OzoneManagerProtocolServerSideTranslatorPB.processRequest(OzoneManagerProtocolServerSideTranslatorPB.java:175) ~[ozone-manager-1.3.0-SNAPSHOT.jar:?]
	at org.apache.hadoop.hdds.server.OzoneProtocolMessageDispatcher.processRequest(OzoneProtocolMessageDispatcher.java:87) [hdds-server-framework-1.3.0-SNAPSHOT.jar:?]
	at org.apache.hadoop.ozone.protocolPB.OzoneManagerProtocolServerSideTranslatorPB.submitRequest(OzoneManagerProtocolServerSideTranslatorPB.java:147) [ozone-manager-1.3.0-SNAPSHOT.jar:?]
	at org.apache.hadoop.ozone.protocol.proto.OzoneManagerProtocolProtos$OzoneManagerService$2.callBlockingMethod(OzoneManagerProtocolProtos.java) [ozone-interface-client-1.3.0-SNAPSHOT.jar:?]
	at org.apache.hadoop.ipc.ProtobufRpcEngine$Server.processCall(ProtobufRpcEngine.java:466) [hadoop-common-3.3.1.jar:?]
	at org.apache.hadoop.ipc.ProtobufRpcEngine2$Server$ProtoBufRpcInvoker.call(ProtobufRpcEngine2.java:574) [hadoop-common-3.3.1.jar:?]
	at org.apache.hadoop.ipc.ProtobufRpcEngine2$Server$ProtoBufRpcInvoker.call(ProtobufRpcEngine2.java:552) [hadoop-common-3.3.1.jar:?]
	at org.apache.hadoop.ipc.RPC$Server.call(RPC.java:1093) [hadoop-common-3.3.1.jar:?]
	at org.apache.hadoop.ipc.Server$RpcCall.run(Server.java:1035) [hadoop-common-3.3.1.jar:?]
	at org.apache.hadoop.ipc.Server$RpcCall.run(Server.java:963) [hadoop-common-3.3.1.jar:?]
	at java.security.AccessController.doPrivileged(Native Method) ~[?:1.8.0_332]
	at javax.security.auth.Subject.doAs(Subject.java:422) [?:1.8.0_332]
	at org.apache.hadoop.security.UserGroupInformation.doAs(UserGroupInformation.java:1878) [hadoop-common-3.3.1.jar:?]
	at org.apache.hadoop.ipc.Server$Handler.run(Server.java:2966) [hadoop-common-3.3.1.jar:?]
23:21:39.928 [IPC Server handler 10 on default port 33951] ERROR OMAudit - user=runner | ip=127.0.0.1 | op=GET_FILE_STATUS {volume=volume38960, bucket=trashroottest2, key=.Trash/runner, dataSize=0, replicationConfig=null} | ret=FAILURE
org.apache.hadoop.ozone.om.exceptions.OMException: Unable to get file status: volume: volume38960 bucket: trashroottest2 key: .Trash/runner
	at org.apache.hadoop.ozone.om.KeyManagerImpl.getOzoneFileStatus(KeyManagerImpl.java:1311) ~[ozone-manager-1.3.0-SNAPSHOT.jar:?]
	at org.apache.hadoop.ozone.om.KeyManagerImpl.getFileStatus(KeyManagerImpl.java:1241) ~[ozone-manager-1.3.0-SNAPSHOT.jar:?]
	at org.apache.hadoop.ozone.om.OzoneManager.getFileStatus(OzoneManager.java:3419) ~[ozone-manager-1.3.0-SNAPSHOT.jar:?]
	at org.apache.hadoop.ozone.protocolPB.OzoneManagerRequestHandler.getOzoneFileStatus(OzoneManagerRequestHandler.java:871) ~[ozone-manager-1.3.0-SNAPSHOT.jar:?]
	at org.apache.hadoop.ozone.protocolPB.OzoneManagerRequestHandler.handleReadRequest(OzoneManagerRequestHandler.java:217) ~[ozone-manager-1.3.0-SNAPSHOT.jar:?]
	at org.apache.hadoop.ozone.protocolPB.OzoneManagerProtocolServerSideTranslatorPB.submitReadRequestToOM(OzoneManagerProtocolServerSideTranslatorPB.java:226) ~[ozone-manager-1.3.0-SNAPSHOT.jar:?]
	at org.apache.hadoop.ozone.protocolPB.OzoneManagerProtocolServerSideTranslatorPB.processRequest(OzoneManagerProtocolServerSideTranslatorPB.java:175) ~[ozone-manager-1.3.0-SNAPSHOT.jar:?]
	at org.apache.hadoop.hdds.server.OzoneProtocolMessageDispatcher.processRequest(OzoneProtocolMessageDispatcher.java:87) [hdds-server-framework-1.3.0-SNAPSHOT.jar:?]
	at org.apache.hadoop.ozone.protocolPB.OzoneManagerProtocolServerSideTranslatorPB.submitRequest(OzoneManagerProtocolServerSideTranslatorPB.java:147) [ozone-manager-1.3.0-SNAPSHOT.jar:?]
	at org.apache.hadoop.ozone.protocol.proto.OzoneManagerProtocolProtos$OzoneManagerService$2.callBlockingMethod(OzoneManagerProtocolProtos.java) [ozone-interface-client-1.3.0-SNAPSHOT.jar:?]
	at org.apache.hadoop.ipc.ProtobufRpcEngine$Server.processCall(ProtobufRpcEngine.java:466) [hadoop-common-3.3.1.jar:?]
	at org.apache.hadoop.ipc.ProtobufRpcEngine2$Server$ProtoBufRpcInvoker.call(ProtobufRpcEngine2.java:574) [hadoop-common-3.3.1.jar:?]
	at org.apache.hadoop.ipc.ProtobufRpcEngine2$Server$ProtoBufRpcInvoker.call(ProtobufRpcEngine2.java:552) [hadoop-common-3.3.1.jar:?]
	at org.apache.hadoop.ipc.RPC$Server.call(RPC.java:1093) [hadoop-common-3.3.1.jar:?]
	at org.apache.hadoop.ipc.Server$RpcCall.run(Server.java:1035) [hadoop-common-3.3.1.jar:?]
	at org.apache.hadoop.ipc.Server$RpcCall.run(Server.java:963) [hadoop-common-3.3.1.jar:?]
	at java.security.AccessController.doPrivileged(Native Method) ~[?:1.8.0_332]
	at javax.security.auth.Subject.doAs(Subject.java:422) [?:1.8.0_332]
	at org.apache.hadoop.security.UserGroupInformation.doAs(UserGroupInformation.java:1878) [hadoop-common-3.3.1.jar:?]
	at org.apache.hadoop.ipc.Server$Handler.run(Server.java:2966) [hadoop-common-3.3.1.jar:?]
23:21:39.931 [IPC Server handler 4 on default port 33951] ERROR OMAudit - user=runner | ip=127.0.0.1 | op=GET_FILE_STATUS {volume=volume93964, bucket=bucket64607, key=.Trash/runner, dataSize=0, replicationConfig=null} | ret=FAILURE
org.apache.hadoop.ozone.om.exceptions.OMException: Unable to get file status: volume: volume93964 bucket: bucket64607 key: .Trash/runner
	at org.apache.hadoop.ozone.om.KeyManagerImpl.getOzoneFileStatus(KeyManagerImpl.java:1311) ~[ozone-manager-1.3.0-SNAPSHOT.jar:?]
	at org.apache.hadoop.ozone.om.KeyManagerImpl.getFileStatus(KeyManagerImpl.java:1241) ~[ozone-manager-1.3.0-SNAPSHOT.jar:?]
	at org.apache.hadoop.ozone.om.OzoneManager.getFileStatus(OzoneManager.java:3419) ~[ozone-manager-1.3.0-SNAPSHOT.jar:?]
	at org.apache.hadoop.ozone.protocolPB.OzoneManagerRequestHandler.getOzoneFileStatus(OzoneManagerRequestHandler.java:871) ~[ozone-manager-1.3.0-SNAPSHOT.jar:?]
	at org.apache.hadoop.ozone.protocolPB.OzoneManagerRequestHandler.handleReadRequest(OzoneManagerRequestHandler.java:217) ~[ozone-manager-1.3.0-SNAPSHOT.jar:?]
	at org.apache.hadoop.ozone.protocolPB.OzoneManagerProtocolServerSideTranslatorPB.submitReadRequestToOM(OzoneManagerProtocolServerSideTranslatorPB.java:226) ~[ozone-manager-1.3.0-SNAPSHOT.jar:?]
	at org.apache.hadoop.ozone.protocolPB.OzoneManagerProtocolServerSideTranslatorPB.processRequest(OzoneManagerProtocolServerSideTranslatorPB.java:175) ~[ozone-manager-1.3.0-SNAPSHOT.jar:?]
	at org.apache.hadoop.hdds.server.OzoneProtocolMessageDispatcher.processRequest(OzoneProtocolMessageDispatcher.java:87) [hdds-server-framework-1.3.0-SNAPSHOT.jar:?]
	at org.apache.hadoop.ozone.protocolPB.OzoneManagerProtocolServerSideTranslatorPB.submitRequest(OzoneManagerProtocolServerSideTranslatorPB.java:147) [ozone-manager-1.3.0-SNAPSHOT.jar:?]
	at org.apache.hadoop.ozone.protocol.proto.OzoneManagerProtocolProtos$OzoneManagerService$2.callBlockingMethod(OzoneManagerProtocolProtos.java) [ozone-interface-client-1.3.0-SNAPSHOT.jar:?]
	at org.apache.hadoop.ipc.ProtobufRpcEngine$Server.processCall(ProtobufRpcEngine.java:466) [hadoop-common-3.3.1.jar:?]
	at org.apache.hadoop.ipc.ProtobufRpcEngine2$Server$ProtoBufRpcInvoker.call(ProtobufRpcEngine2.java:574) [hadoop-common-3.3.1.jar:?]
	at org.apache.hadoop.ipc.ProtobufRpcEngine2$Server$ProtoBufRpcInvoker.call(ProtobufRpcEngine2.java:552) [hadoop-common-3.3.1.jar:?]
	at org.apache.hadoop.ipc.RPC$Server.call(RPC.java:1093) [hadoop-common-3.3.1.jar:?]
	at org.apache.hadoop.ipc.Server$RpcCall.run(Server.java:1035) [hadoop-common-3.3.1.jar:?]
	at org.apache.hadoop.ipc.Server$RpcCall.run(Server.java:963) [hadoop-common-3.3.1.jar:?]
	at java.security.AccessController.doPrivileged(Native Method) ~[?:1.8.0_332]
	at javax.security.auth.Subject.doAs(Subject.java:422) [?:1.8.0_332]
	at org.apache.hadoop.security.UserGroupInformation.doAs(UserGroupInformation.java:1878) [hadoop-common-3.3.1.jar:?]
	at org.apache.hadoop.ipc.Server$Handler.run(Server.java:2966) [hadoop-common-3.3.1.jar:?]
23:21:39.935 [IPC Server handler 1 on default port 33951] ERROR OMAudit - user=runner | ip=127.0.0.1 | op=GET_FILE_STATUS {volume=fff3dafc-5239-4fa9-b023-19aecf410aa4, bucket=69a7d821-a126-49bb-b3b1-758e64c58431, key=.Trash, dataSize=0, replicationConfig=null} | ret=FAILURE
org.apache.hadoop.ozone.om.exceptions.OMException: Unable to get file status: volume: fff3dafc-5239-4fa9-b023-19aecf410aa4 bucket: 69a7d821-a126-49bb-b3b1-758e64c58431 key: .Trash
	at org.apache.hadoop.ozone.om.KeyManagerImpl.getOzoneFileStatus(KeyManagerImpl.java:1311) ~[ozone-manager-1.3.0-SNAPSHOT.jar:?]
	at org.apache.hadoop.ozone.om.KeyManagerImpl.getFileStatus(KeyManagerImpl.java:1241) ~[ozone-manager-1.3.0-SNAPSHOT.jar:?]
	at org.apache.hadoop.ozone.om.OzoneManager.getFileStatus(OzoneManager.java:3419) ~[ozone-manager-1.3.0-SNAPSHOT.jar:?]
	at org.apache.hadoop.ozone.protocolPB.OzoneManagerRequestHandler.getOzoneFileStatus(OzoneManagerRequestHandler.java:871) ~[ozone-manager-1.3.0-SNAPSHOT.jar:?]
	at org.apache.hadoop.ozone.protocolPB.OzoneManagerRequestHandler.handleReadRequest(OzoneManagerRequestHandler.java:217) ~[ozone-manager-1.3.0-SNAPSHOT.jar:?]
	at org.apache.hadoop.ozone.protocolPB.OzoneManagerProtocolServerSideTranslatorPB.submitReadRequestToOM(OzoneManagerProtocolServerSideTranslatorPB.java:226) ~[ozone-manager-1.3.0-SNAPSHOT.jar:?]
	at org.apache.hadoop.ozone.protocolPB.OzoneManagerProtocolServerSideTranslatorPB.processRequest(OzoneManagerProtocolServerSideTranslatorPB.java:175) ~[ozone-manager-1.3.0-SNAPSHOT.jar:?]
	at org.apache.hadoop.hdds.server.OzoneProtocolMessageDispatcher.processRequest(OzoneProtocolMessageDispatcher.java:87) [hdds-server-framework-1.3.0-SNAPSHOT.jar:?]
	at org.apache.hadoop.ozone.protocolPB.OzoneManagerProtocolServerSideTranslatorPB.submitRequest(OzoneManagerProtocolServerSideTranslatorPB.java:147) [ozone-manager-1.3.0-SNAPSHOT.jar:?]
	at org.apache.hadoop.ozone.protocol.proto.OzoneManagerProtocolProtos$OzoneManagerService$2.callBlockingMethod(OzoneManagerProtocolProtos.java) [ozone-interface-client-1.3.0-SNAPSHOT.jar:?]
	at org.apache.hadoop.ipc.ProtobufRpcEngine$Server.processCall(ProtobufRpcEngine.java:466) [hadoop-common-3.3.1.jar:?]
	at org.apache.hadoop.ipc.ProtobufRpcEngine2$Server$ProtoBufRpcInvoker.call(ProtobufRpcEngine2.java:574) [hadoop-common-3.3.1.jar:?]
	at org.apache.hadoop.ipc.ProtobufRpcEngine2$Server$ProtoBufRpcInvoker.call(ProtobufRpcEngine2.java:552) [hadoop-common-3.3.1.jar:?]
	at org.apache.hadoop.ipc.RPC$Server.call(RPC.java:1093) [hadoop-common-3.3.1.jar:?]
	at org.apache.hadoop.ipc.Server$RpcCall.run(Server.java:1035) [hadoop-common-3.3.1.jar:?]
	at org.apache.hadoop.ipc.Server$RpcCall.run(Server.java:963) [hadoop-common-3.3.1.jar:?]
	at java.security.AccessController.doPrivileged(Native Method) ~[?:1.8.0_332]
	at javax.security.auth.Subject.doAs(Subject.java:422) [?:1.8.0_332]
	at org.apache.hadoop.security.UserGroupInformation.doAs(UserGroupInformation.java:1878) [hadoop-common-3.3.1.jar:?]
	at org.apache.hadoop.ipc.Server$Handler.run(Server.java:2966) [hadoop-common-3.3.1.jar:?]
23:21:39.940 [IPC Server handler 4 on default port 33951] ERROR OMAudit - user=runner | ip=127.0.0.1 | op=GET_FILE_STATUS {volume=volume38960, bucket=trashroottest2, key=.Trash, dataSize=0, replicationConfig=null} | ret=FAILURE
org.apache.hadoop.ozone.om.exceptions.OMException: Unable to get file status: volume: volume38960 bucket: trashroottest2 key: .Trash
	at org.apache.hadoop.ozone.om.KeyManagerImpl.getOzoneFileStatus(KeyManagerImpl.java:1311) ~[ozone-manager-1.3.0-SNAPSHOT.jar:?]
	at org.apache.hadoop.ozone.om.KeyManagerImpl.getFileStatus(KeyManagerImpl.java:1241) ~[ozone-manager-1.3.0-SNAPSHOT.jar:?]
	at org.apache.hadoop.ozone.om.OzoneManager.getFileStatus(OzoneManager.java:3419) ~[ozone-manager-1.3.0-SNAPSHOT.jar:?]
	at org.apache.hadoop.ozone.protocolPB.OzoneManagerRequestHandler.getOzoneFileStatus(OzoneManagerRequestHandler.java:871) ~[ozone-manager-1.3.0-SNAPSHOT.jar:?]
	at org.apache.hadoop.ozone.protocolPB.OzoneManagerRequestHandler.handleReadRequest(OzoneManagerRequestHandler.java:217) ~[ozone-manager-1.3.0-SNAPSHOT.jar:?]
	at org.apache.hadoop.ozone.protocolPB.OzoneManagerProtocolServerSideTranslatorPB.submitReadRequestToOM(OzoneManagerProtocolServerSideTranslatorPB.java:226) ~[ozone-manager-1.3.0-SNAPSHOT.jar:?]
	at org.apache.hadoop.ozone.protocolPB.OzoneManagerProtocolServerSideTranslatorPB.processRequest(OzoneManagerProtocolServerSideTranslatorPB.java:175) ~[ozone-manager-1.3.0-SNAPSHOT.jar:?]
	at org.apache.hadoop.hdds.server.OzoneProtocolMessageDispatcher.processRequest(OzoneProtocolMessageDispatcher.java:87) [hdds-server-framework-1.3.0-SNAPSHOT.jar:?]
	at org.apache.hadoop.ozone.protocolPB.OzoneManagerProtocolServerSideTranslatorPB.submitRequest(OzoneManagerProtocolServerSideTranslatorPB.java:147) [ozone-manager-1.3.0-SNAPSHOT.jar:?]
	at org.apache.hadoop.ozone.protocol.proto.OzoneManagerProtocolProtos$OzoneManagerService$2.callBlockingMethod(OzoneManagerProtocolProtos.java) [ozone-interface-client-1.3.0-SNAPSHOT.jar:?]
	at org.apache.hadoop.ipc.ProtobufRpcEngine$Server.processCall(ProtobufRpcEngine.java:466) [hadoop-common-3.3.1.jar:?]
	at org.apache.hadoop.ipc.ProtobufRpcEngine2$Server$ProtoBufRpcInvoker.call(ProtobufRpcEngine2.java:574) [hadoop-common-3.3.1.jar:?]
	at org.apache.hadoop.ipc.ProtobufRpcEngine2$Server$ProtoBufRpcInvoker.call(ProtobufRpcEngine2.java:552) [hadoop-common-3.3.1.jar:?]
	at org.apache.hadoop.ipc.RPC$Server.call(RPC.java:1093) [hadoop-common-3.3.1.jar:?]
	at org.apache.hadoop.ipc.Server$RpcCall.run(Server.java:1035) [hadoop-common-3.3.1.jar:?]
	at org.apache.hadoop.ipc.Server$RpcCall.run(Server.java:963) [hadoop-common-3.3.1.jar:?]
	at java.security.AccessController.doPrivileged(Native Method) ~[?:1.8.0_332]
	at javax.security.auth.Subject.doAs(Subject.java:422) [?:1.8.0_332]
	at org.apache.hadoop.security.UserGroupInformation.doAs(UserGroupInformation.java:1878) [hadoop-common-3.3.1.jar:?]
	at org.apache.hadoop.ipc.Server$Handler.run(Server.java:2966) [hadoop-common-3.3.1.jar:?]
23:21:39.942 [IPC Server handler 5 on default port 33951] ERROR OMAudit - user=runner | ip=127.0.0.1 | op=GET_FILE_STATUS {volume=volume93964, bucket=bucket64607, key=.Trash, dataSize=0, replicationConfig=null} | ret=FAILURE
org.apache.hadoop.ozone.om.exceptions.OMException: Unable to get file status: volume: volume93964 bucket: bucket64607 key: .Trash
	at org.apache.hadoop.ozone.om.KeyManagerImpl.getOzoneFileStatus(KeyManagerImpl.java:1311) ~[ozone-manager-1.3.0-SNAPSHOT.jar:?]
	at org.apache.hadoop.ozone.om.KeyManagerImpl.getFileStatus(KeyManagerImpl.java:1241) ~[ozone-manager-1.3.0-SNAPSHOT.jar:?]
	at org.apache.hadoop.ozone.om.OzoneManager.getFileStatus(OzoneManager.java:3419) ~[ozone-manager-1.3.0-SNAPSHOT.jar:?]
	at org.apache.hadoop.ozone.protocolPB.OzoneManagerRequestHandler.getOzoneFileStatus(OzoneManagerRequestHandler.java:871) ~[ozone-manager-1.3.0-SNAPSHOT.jar:?]
	at org.apache.hadoop.ozone.protocolPB.OzoneManagerRequestHandler.handleReadRequest(OzoneManagerRequestHandler.java:217) ~[ozone-manager-1.3.0-SNAPSHOT.jar:?]
	at org.apache.hadoop.ozone.protocolPB.OzoneManagerProtocolServerSideTranslatorPB.submitReadRequestToOM(OzoneManagerProtocolServerSideTranslatorPB.java:226) ~[ozone-manager-1.3.0-SNAPSHOT.jar:?]
	at org.apache.hadoop.ozone.protocolPB.OzoneManagerProtocolServerSideTranslatorPB.processRequest(OzoneManagerProtocolServerSideTranslatorPB.java:175) ~[ozone-manager-1.3.0-SNAPSHOT.jar:?]
	at org.apache.hadoop.hdds.server.OzoneProtocolMessageDispatcher.processRequest(OzoneProtocolMessageDispatcher.java:87) [hdds-server-framework-1.3.0-SNAPSHOT.jar:?]
	at org.apache.hadoop.ozone.protocolPB.OzoneManagerProtocolServerSideTranslatorPB.submitRequest(OzoneManagerProtocolServerSideTranslatorPB.java:147) [ozone-manager-1.3.0-SNAPSHOT.jar:?]
	at org.apache.hadoop.ozone.protocol.proto.OzoneManagerProtocolProtos$OzoneManagerService$2.callBlockingMethod(OzoneManagerProtocolProtos.java) [ozone-interface-client-1.3.0-SNAPSHOT.jar:?]
	at org.apache.hadoop.ipc.ProtobufRpcEngine$Server.processCall(ProtobufRpcEngine.java:466) [hadoop-common-3.3.1.jar:?]
	at org.apache.hadoop.ipc.ProtobufRpcEngine2$Server$ProtoBufRpcInvoker.call(ProtobufRpcEngine2.java:574) [hadoop-common-3.3.1.jar:?]
	at org.apache.hadoop.ipc.ProtobufRpcEngine2$Server$ProtoBufRpcInvoker.call(ProtobufRpcEngine2.java:552) [hadoop-common-3.3.1.jar:?]
	at org.apache.hadoop.ipc.RPC$Server.call(RPC.java:1093) [hadoop-common-3.3.1.jar:?]
	at org.apache.hadoop.ipc.Server$RpcCall.run(Server.java:1035) [hadoop-common-3.3.1.jar:?]
	at org.apache.hadoop.ipc.Server$RpcCall.run(Server.java:963) [hadoop-common-3.3.1.jar:?]
	at java.security.AccessController.doPrivileged(Native Method) ~[?:1.8.0_332]
	at javax.security.auth.Subject.doAs(Subject.java:422) [?:1.8.0_332]
	at org.apache.hadoop.security.UserGroupInformation.doAs(UserGroupInformation.java:1878) [hadoop-common-3.3.1.jar:?]
	at org.apache.hadoop.ipc.Server$Handler.run(Server.java:2966) [hadoop-common-3.3.1.jar:?]
23:21:39.957 [IPC Server handler 3 on default port 33951] ERROR OMAudit - user=runner | ip=127.0.0.1 | op=GET_FILE_STATUS {volume=volume38960, bucket=trashroottest2, key=.Trash/runner, dataSize=0, replicationConfig=null} | ret=FAILURE
org.apache.hadoop.ozone.om.exceptions.OMException: Unable to get file status: volume: volume38960 bucket: trashroottest2 key: .Trash/runner
	at org.apache.hadoop.ozone.om.KeyManagerImpl.getOzoneFileStatus(KeyManagerImpl.java:1311) ~[ozone-manager-1.3.0-SNAPSHOT.jar:?]
	at org.apache.hadoop.ozone.om.KeyManagerImpl.getFileStatus(KeyManagerImpl.java:1241) ~[ozone-manager-1.3.0-SNAPSHOT.jar:?]
	at org.apache.hadoop.ozone.om.OzoneManager.getFileStatus(OzoneManager.java:3419) ~[ozone-manager-1.3.0-SNAPSHOT.jar:?]
	at org.apache.hadoop.ozone.protocolPB.OzoneManagerRequestHandler.getOzoneFileStatus(OzoneManagerRequestHandler.java:871) ~[ozone-manager-1.3.0-SNAPSHOT.jar:?]
	at org.apache.hadoop.ozone.protocolPB.OzoneManagerRequestHandler.handleReadRequest(OzoneManagerRequestHandler.java:217) ~[ozone-manager-1.3.0-SNAPSHOT.jar:?]
	at org.apache.hadoop.ozone.protocolPB.OzoneManagerProtocolServerSideTranslatorPB.submitReadRequestToOM(OzoneManagerProtocolServerSideTranslatorPB.java:226) ~[ozone-manager-1.3.0-SNAPSHOT.jar:?]
	at org.apache.hadoop.ozone.protocolPB.OzoneManagerProtocolServerSideTranslatorPB.processRequest(OzoneManagerProtocolServerSideTranslatorPB.java:175) ~[ozone-manager-1.3.0-SNAPSHOT.jar:?]
	at org.apache.hadoop.hdds.server.OzoneProtocolMessageDispatcher.processRequest(OzoneProtocolMessageDispatcher.java:87) [hdds-server-framework-1.3.0-SNAPSHOT.jar:?]
	at org.apache.hadoop.ozone.protocolPB.OzoneManagerProtocolServerSideTranslatorPB.submitRequest(OzoneManagerProtocolServerSideTranslatorPB.java:147) [ozone-manager-1.3.0-SNAPSHOT.jar:?]
	at org.apache.hadoop.ozone.protocol.proto.OzoneManagerProtocolProtos$OzoneManagerService$2.callBlockingMethod(OzoneManagerProtocolProtos.java) [ozone-interface-client-1.3.0-SNAPSHOT.jar:?]
	at org.apache.hadoop.ipc.ProtobufRpcEngine$Server.processCall(ProtobufRpcEngine.java:466) [hadoop-common-3.3.1.jar:?]
	at org.apache.hadoop.ipc.ProtobufRpcEngine2$Server$ProtoBufRpcInvoker.call(ProtobufRpcEngine2.java:574) [hadoop-common-3.3.1.jar:?]
	at org.apache.hadoop.ipc.ProtobufRpcEngine2$Server$ProtoBufRpcInvoker.call(ProtobufRpcEngine2.java:552) [hadoop-common-3.3.1.jar:?]
	at org.apache.hadoop.ipc.RPC$Server.call(RPC.java:1093) [hadoop-common-3.3.1.jar:?]
	at org.apache.hadoop.ipc.Server$RpcCall.run(Server.java:1035) [hadoop-common-3.3.1.jar:?]
	at org.apache.hadoop.ipc.Server$RpcCall.run(Server.java:963) [hadoop-common-3.3.1.jar:?]
	at java.security.AccessController.doPrivileged(Native Method) ~[?:1.8.0_332]
	at javax.security.auth.Subject.doAs(Subject.java:422) [?:1.8.0_332]
	at org.apache.hadoop.security.UserGroupInformation.doAs(UserGroupInformation.java:1878) [hadoop-common-3.3.1.jar:?]
	at org.apache.hadoop.ipc.Server$Handler.run(Server.java:2966) [hadoop-common-3.3.1.jar:?]
23:21:39.959 [IPC Server handler 15 on default port 33951] ERROR OMAudit - user=runner | ip=127.0.0.1 | op=GET_FILE_STATUS {volume=volume93964, bucket=bucket64607, key=.Trash/runner, dataSize=0, replicationConfig=null} | ret=FAILURE
org.apache.hadoop.ozone.om.exceptions.OMException: Unable to get file status: volume: volume93964 bucket: bucket64607 key: .Trash/runner
	at org.apache.hadoop.ozone.om.KeyManagerImpl.getOzoneFileStatus(KeyManagerImpl.java:1311) ~[ozone-manager-1.3.0-SNAPSHOT.jar:?]
	at org.apache.hadoop.ozone.om.KeyManagerImpl.getFileStatus(KeyManagerImpl.java:1241) ~[ozone-manager-1.3.0-SNAPSHOT.jar:?]
	at org.apache.hadoop.ozone.om.OzoneManager.getFileStatus(OzoneManager.java:3419) ~[ozone-manager-1.3.0-SNAPSHOT.jar:?]
	at org.apache.hadoop.ozone.protocolPB.OzoneManagerRequestHandler.getOzoneFileStatus(OzoneManagerRequestHandler.java:871) ~[ozone-manager-1.3.0-SNAPSHOT.jar:?]
	at org.apache.hadoop.ozone.protocolPB.OzoneManagerRequestHandler.handleReadRequest(OzoneManagerRequestHandler.java:217) ~[ozone-manager-1.3.0-SNAPSHOT.jar:?]
	at org.apache.hadoop.ozone.protocolPB.OzoneManagerProtocolServerSideTranslatorPB.submitReadRequestToOM(OzoneManagerProtocolServerSideTranslatorPB.java:226) ~[ozone-manager-1.3.0-SNAPSHOT.jar:?]
	at org.apache.hadoop.ozone.protocolPB.OzoneManagerProtocolServerSideTranslatorPB.processRequest(OzoneManagerProtocolServerSideTranslatorPB.java:175) ~[ozone-manager-1.3.0-SNAPSHOT.jar:?]
	at org.apache.hadoop.hdds.server.OzoneProtocolMessageDispatcher.processRequest(OzoneProtocolMessageDispatcher.java:87) [hdds-server-framework-1.3.0-SNAPSHOT.jar:?]
	at org.apache.hadoop.ozone.protocolPB.OzoneManagerProtocolServerSideTranslatorPB.submitRequest(OzoneManagerProtocolServerSideTranslatorPB.java:147) [ozone-manager-1.3.0-SNAPSHOT.jar:?]
	at org.apache.hadoop.ozone.protocol.proto.OzoneManagerProtocolProtos$OzoneManagerService$2.callBlockingMethod(OzoneManagerProtocolProtos.java) [ozone-interface-client-1.3.0-SNAPSHOT.jar:?]
	at org.apache.hadoop.ipc.ProtobufRpcEngine$Server.processCall(ProtobufRpcEngine.java:466) [hadoop-common-3.3.1.jar:?]
	at org.apache.hadoop.ipc.ProtobufRpcEngine2$Server$ProtoBufRpcInvoker.call(ProtobufRpcEngine2.java:574) [hadoop-common-3.3.1.jar:?]
	at org.apache.hadoop.ipc.ProtobufRpcEngine2$Server$ProtoBufRpcInvoker.call(ProtobufRpcEngine2.java:552) [hadoop-common-3.3.1.jar:?]
	at org.apache.hadoop.ipc.RPC$Server.call(RPC.java:1093) [hadoop-common-3.3.1.jar:?]
	at org.apache.hadoop.ipc.Server$RpcCall.run(Server.java:1035) [hadoop-common-3.3.1.jar:?]
	at org.apache.hadoop.ipc.Server$RpcCall.run(Server.java:963) [hadoop-common-3.3.1.jar:?]
	at java.security.AccessController.doPrivileged(Native Method) ~[?:1.8.0_332]
	at javax.security.auth.Subject.doAs(Subject.java:422) [?:1.8.0_332]
	at org.apache.hadoop.security.UserGroupInformation.doAs(UserGroupInformation.java:1878) [hadoop-common-3.3.1.jar:?]
	at org.apache.hadoop.ipc.Server$Handler.run(Server.java:2966) [hadoop-common-3.3.1.jar:?]
23:21:39.962 [IPC Server handler 6 on default port 33951] ERROR OMAudit - user=runner | ip=127.0.0.1 | op=GET_FILE_STATUS {volume=fff3dafc-5239-4fa9-b023-19aecf410aa4, bucket=69a7d821-a126-49bb-b3b1-758e64c58431, key=.Trash, dataSize=0, replicationConfig=null} | ret=FAILURE
org.apache.hadoop.ozone.om.exceptions.OMException: Unable to get file status: volume: fff3dafc-5239-4fa9-b023-19aecf410aa4 bucket: 69a7d821-a126-49bb-b3b1-758e64c58431 key: .Trash
	at org.apache.hadoop.ozone.om.KeyManagerImpl.getOzoneFileStatus(KeyManagerImpl.java:1311) ~[ozone-manager-1.3.0-SNAPSHOT.jar:?]
	at org.apache.hadoop.ozone.om.KeyManagerImpl.getFileStatus(KeyManagerImpl.java:1241) ~[ozone-manager-1.3.0-SNAPSHOT.jar:?]
	at org.apache.hadoop.ozone.om.OzoneManager.getFileStatus(OzoneManager.java:3419) ~[ozone-manager-1.3.0-SNAPSHOT.jar:?]
	at org.apache.hadoop.ozone.protocolPB.OzoneManagerRequestHandler.getOzoneFileStatus(OzoneManagerRequestHandler.java:871) ~[ozone-manager-1.3.0-SNAPSHOT.jar:?]
	at org.apache.hadoop.ozone.protocolPB.OzoneManagerRequestHandler.handleReadRequest(OzoneManagerRequestHandler.java:217) ~[ozone-manager-1.3.0-SNAPSHOT.jar:?]
	at org.apache.hadoop.ozone.protocolPB.OzoneManagerProtocolServerSideTranslatorPB.submitReadRequestToOM(OzoneManagerProtocolServerSideTranslatorPB.java:226) ~[ozone-manager-1.3.0-SNAPSHOT.jar:?]
	at org.apache.hadoop.ozone.protocolPB.OzoneManagerProtocolServerSideTranslatorPB.processRequest(OzoneManagerProtocolServerSideTranslatorPB.java:175) ~[ozone-manager-1.3.0-SNAPSHOT.jar:?]
	at org.apache.hadoop.hdds.server.OzoneProtocolMessageDispatcher.processRequest(OzoneProtocolMessageDispatcher.java:87) [hdds-server-framework-1.3.0-SNAPSHOT.jar:?]
	at org.apache.hadoop.ozone.protocolPB.OzoneManagerProtocolServerSideTranslatorPB.submitRequest(OzoneManagerProtocolServerSideTranslatorPB.java:147) [ozone-manager-1.3.0-SNAPSHOT.jar:?]
	at org.apache.hadoop.ozone.protocol.proto.OzoneManagerProtocolProtos$OzoneManagerService$2.callBlockingMethod(OzoneManagerProtocolProtos.java) [ozone-interface-client-1.3.0-SNAPSHOT.jar:?]
	at org.apache.hadoop.ipc.ProtobufRpcEngine$Server.processCall(ProtobufRpcEngine.java:466) [hadoop-common-3.3.1.jar:?]
	at org.apache.hadoop.ipc.ProtobufRpcEngine2$Server$ProtoBufRpcInvoker.call(ProtobufRpcEngine2.java:574) [hadoop-common-3.3.1.jar:?]
	at org.apache.hadoop.ipc.ProtobufRpcEngine2$Server$ProtoBufRpcInvoker.call(ProtobufRpcEngine2.java:552) [hadoop-common-3.3.1.jar:?]
	at org.apache.hadoop.ipc.RPC$Server.call(RPC.java:1093) [hadoop-common-3.3.1.jar:?]
	at org.apache.hadoop.ipc.Server$RpcCall.run(Server.java:1035) [hadoop-common-3.3.1.jar:?]
	at org.apache.hadoop.ipc.Server$RpcCall.run(Server.java:963) [hadoop-common-3.3.1.jar:?]
	at java.security.AccessController.doPrivileged(Native Method) ~[?:1.8.0_332]
	at javax.security.auth.Subject.doAs(Subject.java:422) [?:1.8.0_332]
	at org.apache.hadoop.security.UserGroupInformation.doAs(UserGroupInformation.java:1878) [hadoop-common-3.3.1.jar:?]
	at org.apache.hadoop.ipc.Server$Handler.run(Server.java:2966) [hadoop-common-3.3.1.jar:?]
23:21:39.972 [IPC Server handler 17 on default port 33951] ERROR OMAudit - user=runner | ip=127.0.0.1 | op=GET_FILE_STATUS {volume=volume38960, bucket=trashroottest2, key=.Trash, dataSize=0, replicationConfig=null} | ret=FAILURE
org.apache.hadoop.ozone.om.exceptions.OMException: Unable to get file status: volume: volume38960 bucket: trashroottest2 key: .Trash
	at org.apache.hadoop.ozone.om.KeyManagerImpl.getOzoneFileStatus(KeyManagerImpl.java:1311) ~[ozone-manager-1.3.0-SNAPSHOT.jar:?]
	at org.apache.hadoop.ozone.om.KeyManagerImpl.getFileStatus(KeyManagerImpl.java:1241) ~[ozone-manager-1.3.0-SNAPSHOT.jar:?]
	at org.apache.hadoop.ozone.om.OzoneManager.getFileStatus(OzoneManager.java:3419) ~[ozone-manager-1.3.0-SNAPSHOT.jar:?]
	at org.apache.hadoop.ozone.protocolPB.OzoneManagerRequestHandler.getOzoneFileStatus(OzoneManagerRequestHandler.java:871) ~[ozone-manager-1.3.0-SNAPSHOT.jar:?]
	at org.apache.hadoop.ozone.protocolPB.OzoneManagerRequestHandler.handleReadRequest(OzoneManagerRequestHandler.java:217) ~[ozone-manager-1.3.0-SNAPSHOT.jar:?]
	at org.apache.hadoop.ozone.protocolPB.OzoneManagerProtocolServerSideTranslatorPB.submitReadRequestToOM(OzoneManagerProtocolServerSideTranslatorPB.java:226) ~[ozone-manager-1.3.0-SNAPSHOT.jar:?]
	at org.apache.hadoop.ozone.protocolPB.OzoneManagerProtocolServerSideTranslatorPB.processRequest(OzoneManagerProtocolServerSideTranslatorPB.java:175) ~[ozone-manager-1.3.0-SNAPSHOT.jar:?]
	at org.apache.hadoop.hdds.server.OzoneProtocolMessageDispatcher.processRequest(OzoneProtocolMessageDispatcher.java:87) [hdds-server-framework-1.3.0-SNAPSHOT.jar:?]
	at org.apache.hadoop.ozone.protocolPB.OzoneManagerProtocolServerSideTranslatorPB.submitRequest(OzoneManagerProtocolServerSideTranslatorPB.java:147) [ozone-manager-1.3.0-SNAPSHOT.jar:?]
	at org.apache.hadoop.ozone.protocol.proto.OzoneManagerProtocolProtos$OzoneManagerService$2.callBlockingMethod(OzoneManagerProtocolProtos.java) [ozone-interface-client-1.3.0-SNAPSHOT.jar:?]
	at org.apache.hadoop.ipc.ProtobufRpcEngine$Server.processCall(ProtobufRpcEngine.java:466) [hadoop-common-3.3.1.jar:?]
	at org.apache.hadoop.ipc.ProtobufRpcEngine2$Server$ProtoBufRpcInvoker.call(ProtobufRpcEngine2.java:574) [hadoop-common-3.3.1.jar:?]
	at org.apache.hadoop.ipc.ProtobufRpcEngine2$Server$ProtoBufRpcInvoker.call(ProtobufRpcEngine2.java:552) [hadoop-common-3.3.1.jar:?]
	at org.apache.hadoop.ipc.RPC$Server.call(RPC.java:1093) [hadoop-common-3.3.1.jar:?]
	at org.apache.hadoop.ipc.Server$RpcCall.run(Server.java:1035) [hadoop-common-3.3.1.jar:?]
	at org.apache.hadoop.ipc.Server$RpcCall.run(Server.java:963) [hadoop-common-3.3.1.jar:?]
	at java.security.AccessController.doPrivileged(Native Method) ~[?:1.8.0_332]
	at javax.security.auth.Subject.doAs(Subject.java:422) [?:1.8.0_332]
	at org.apache.hadoop.security.UserGroupInformation.doAs(UserGroupInformation.java:1878) [hadoop-common-3.3.1.jar:?]
	at org.apache.hadoop.ipc.Server$Handler.run(Server.java:2966) [hadoop-common-3.3.1.jar:?]
23:21:39.974 [IPC Server handler 13 on default port 33951] ERROR OMAudit - user=runner | ip=127.0.0.1 | op=GET_FILE_STATUS {volume=volume93964, bucket=bucket64607, key=.Trash, dataSize=0, replicationConfig=null} | ret=FAILURE
org.apache.hadoop.ozone.om.exceptions.OMException: Unable to get file status: volume: volume93964 bucket: bucket64607 key: .Trash
	at org.apache.hadoop.ozone.om.KeyManagerImpl.getOzoneFileStatus(KeyManagerImpl.java:1311) ~[ozone-manager-1.3.0-SNAPSHOT.jar:?]
	at org.apache.hadoop.ozone.om.KeyManagerImpl.getFileStatus(KeyManagerImpl.java:1241) ~[ozone-manager-1.3.0-SNAPSHOT.jar:?]
	at org.apache.hadoop.ozone.om.OzoneManager.getFileStatus(OzoneManager.java:3419) ~[ozone-manager-1.3.0-SNAPSHOT.jar:?]
	at org.apache.hadoop.ozone.protocolPB.OzoneManagerRequestHandler.getOzoneFileStatus(OzoneManagerRequestHandler.java:871) ~[ozone-manager-1.3.0-SNAPSHOT.jar:?]
	at org.apache.hadoop.ozone.protocolPB.OzoneManagerRequestHandler.handleReadRequest(OzoneManagerRequestHandler.java:217) ~[ozone-manager-1.3.0-SNAPSHOT.jar:?]
	at org.apache.hadoop.ozone.protocolPB.OzoneManagerProtocolServerSideTranslatorPB.submitReadRequestToOM(OzoneManagerProtocolServerSideTranslatorPB.java:226) ~[ozone-manager-1.3.0-SNAPSHOT.jar:?]
	at org.apache.hadoop.ozone.protocolPB.OzoneManagerProtocolServerSideTranslatorPB.processRequest(OzoneManagerProtocolServerSideTranslatorPB.java:175) ~[ozone-manager-1.3.0-SNAPSHOT.jar:?]
	at org.apache.hadoop.hdds.server.OzoneProtocolMessageDispatcher.processRequest(OzoneProtocolMessageDispatcher.java:87) [hdds-server-framework-1.3.0-SNAPSHOT.jar:?]
	at org.apache.hadoop.ozone.protocolPB.OzoneManagerProtocolServerSideTranslatorPB.submitRequest(OzoneManagerProtocolServerSideTranslatorPB.java:147) [ozone-manager-1.3.0-SNAPSHOT.jar:?]
	at org.apache.hadoop.ozone.protocol.proto.OzoneManagerProtocolProtos$OzoneManagerService$2.callBlockingMethod(OzoneManagerProtocolProtos.java) [ozone-interface-client-1.3.0-SNAPSHOT.jar:?]
	at org.apache.hadoop.ipc.ProtobufRpcEngine$Server.processCall(ProtobufRpcEngine.java:466) [hadoop-common-3.3.1.jar:?]
	at org.apache.hadoop.ipc.ProtobufRpcEngine2$Server$ProtoBufRpcInvoker.call(ProtobufRpcEngine2.java:574) [hadoop-common-3.3.1.jar:?]
	at org.apache.hadoop.ipc.ProtobufRpcEngine2$Server$ProtoBufRpcInvoker.call(ProtobufRpcEngine2.java:552) [hadoop-common-3.3.1.jar:?]
	at org.apache.hadoop.ipc.RPC$Server.call(RPC.java:1093) [hadoop-common-3.3.1.jar:?]
	at org.apache.hadoop.ipc.Server$RpcCall.run(Server.java:1035) [hadoop-common-3.3.1.jar:?]
	at org.apache.hadoop.ipc.Server$RpcCall.run(Server.java:963) [hadoop-common-3.3.1.jar:?]
	at java.security.AccessController.doPrivileged(Native Method) ~[?:1.8.0_332]
	at javax.security.auth.Subject.doAs(Subject.java:422) [?:1.8.0_332]
	at org.apache.hadoop.security.UserGroupInformation.doAs(UserGroupInformation.java:1878) [hadoop-common-3.3.1.jar:?]
	at org.apache.hadoop.ipc.Server$Handler.run(Server.java:2966) [hadoop-common-3.3.1.jar:?]
23:21:39.988 [IPC Server handler 11 on default port 33951] ERROR OMAudit - user=runner | ip=127.0.0.1 | op=GET_FILE_STATUS {volume=volume38960, bucket=bucket12344, key=.Trash/runner, dataSize=0, replicationConfig=null} | ret=FAILURE
org.apache.hadoop.ozone.om.exceptions.OMException: Unable to get file status: volume: volume38960 bucket: bucket12344 key: .Trash/runner
	at org.apache.hadoop.ozone.om.KeyManagerImpl.getOzoneFileStatus(KeyManagerImpl.java:1311) ~[ozone-manager-1.3.0-SNAPSHOT.jar:?]
	at org.apache.hadoop.ozone.om.KeyManagerImpl.getFileStatus(KeyManagerImpl.java:1241) ~[ozone-manager-1.3.0-SNAPSHOT.jar:?]
	at org.apache.hadoop.ozone.om.OzoneManager.getFileStatus(OzoneManager.java:3419) ~[ozone-manager-1.3.0-SNAPSHOT.jar:?]
	at org.apache.hadoop.ozone.protocolPB.OzoneManagerRequestHandler.getOzoneFileStatus(OzoneManagerRequestHandler.java:871) ~[ozone-manager-1.3.0-SNAPSHOT.jar:?]
	at org.apache.hadoop.ozone.protocolPB.OzoneManagerRequestHandler.handleReadRequest(OzoneManagerRequestHandler.java:217) ~[ozone-manager-1.3.0-SNAPSHOT.jar:?]
	at org.apache.hadoop.ozone.protocolPB.OzoneManagerProtocolServerSideTranslatorPB.submitReadRequestToOM(OzoneManagerProtocolServerSideTranslatorPB.java:226) ~[ozone-manager-1.3.0-SNAPSHOT.jar:?]
	at org.apache.hadoop.ozone.protocolPB.OzoneManagerProtocolServerSideTranslatorPB.processRequest(OzoneManagerProtocolServerSideTranslatorPB.java:175) ~[ozone-manager-1.3.0-SNAPSHOT.jar:?]
	at org.apache.hadoop.hdds.server.OzoneProtocolMessageDispatcher.processRequest(OzoneProtocolMessageDispatcher.java:87) [hdds-server-framework-1.3.0-SNAPSHOT.jar:?]
	at org.apache.hadoop.ozone.protocolPB.OzoneManagerProtocolServerSideTranslatorPB.submitRequest(OzoneManagerProtocolServerSideTranslatorPB.java:147) [ozone-manager-1.3.0-SNAPSHOT.jar:?]
	at org.apache.hadoop.ozone.protocol.proto.OzoneManagerProtocolProtos$OzoneManagerService$2.callBlockingMethod(OzoneManagerProtocolProtos.java) [ozone-interface-client-1.3.0-SNAPSHOT.jar:?]
	at org.apache.hadoop.ipc.ProtobufRpcEngine$Server.processCall(ProtobufRpcEngine.java:466) [hadoop-common-3.3.1.jar:?]
	at org.apache.hadoop.ipc.ProtobufRpcEngine2$Server$ProtoBufRpcInvoker.call(ProtobufRpcEngine2.java:574) [hadoop-common-3.3.1.jar:?]
	at org.apache.hadoop.ipc.ProtobufRpcEngine2$Server$ProtoBufRpcInvoker.call(ProtobufRpcEngine2.java:552) [hadoop-common-3.3.1.jar:?]
	at org.apache.hadoop.ipc.RPC$Server.call(RPC.java:1093) [hadoop-common-3.3.1.jar:?]
	at org.apache.hadoop.ipc.Server$RpcCall.run(Server.java:1035) [hadoop-common-3.3.1.jar:?]
	at org.apache.hadoop.ipc.Server$RpcCall.run(Server.java:963) [hadoop-common-3.3.1.jar:?]
	at java.security.AccessController.doPrivileged(Native Method) ~[?:1.8.0_332]
	at javax.security.auth.Subject.doAs(Subject.java:422) [?:1.8.0_332]
	at org.apache.hadoop.security.UserGroupInformation.doAs(UserGroupInformation.java:1878) [hadoop-common-3.3.1.jar:?]
	at org.apache.hadoop.ipc.Server$Handler.run(Server.java:2966) [hadoop-common-3.3.1.jar:?]
23:21:39.992 [IPC Server handler 0 on default port 33951] ERROR OMAudit - user=runner | ip=127.0.0.1 | op=GET_FILE_STATUS {volume=fff3dafc-5239-4fa9-b023-19aecf410aa4, bucket=69a7d821-a126-49bb-b3b1-758e64c58431, key=.Trash, dataSize=0, replicationConfig=null} | ret=FAILURE
org.apache.hadoop.ozone.om.exceptions.OMException: Unable to get file status: volume: fff3dafc-5239-4fa9-b023-19aecf410aa4 bucket: 69a7d821-a126-49bb-b3b1-758e64c58431 key: .Trash
	at org.apache.hadoop.ozone.om.KeyManagerImpl.getOzoneFileStatus(KeyManagerImpl.java:1311) ~[ozone-manager-1.3.0-SNAPSHOT.jar:?]
	at org.apache.hadoop.ozone.om.KeyManagerImpl.getFileStatus(KeyManagerImpl.java:1241) ~[ozone-manager-1.3.0-SNAPSHOT.jar:?]
	at org.apache.hadoop.ozone.om.OzoneManager.getFileStatus(OzoneManager.java:3419) ~[ozone-manager-1.3.0-SNAPSHOT.jar:?]
	at org.apache.hadoop.ozone.protocolPB.OzoneManagerRequestHandler.getOzoneFileStatus(OzoneManagerRequestHandler.java:871) ~[ozone-manager-1.3.0-SNAPSHOT.jar:?]
	at org.apache.hadoop.ozone.protocolPB.OzoneManagerRequestHandler.handleReadRequest(OzoneManagerRequestHandler.java:217) ~[ozone-manager-1.3.0-SNAPSHOT.jar:?]
	at org.apache.hadoop.ozone.protocolPB.OzoneManagerProtocolServerSideTranslatorPB.submitReadRequestToOM(OzoneManagerProtocolServerSideTranslatorPB.java:226) ~[ozone-manager-1.3.0-SNAPSHOT.jar:?]
	at org.apache.hadoop.ozone.protocolPB.OzoneManagerProtocolServerSideTranslatorPB.processRequest(OzoneManagerProtocolServerSideTranslatorPB.java:175) ~[ozone-manager-1.3.0-SNAPSHOT.jar:?]
	at org.apache.hadoop.hdds.server.OzoneProtocolMessageDispatcher.processRequest(OzoneProtocolMessageDispatcher.java:87) [hdds-server-framework-1.3.0-SNAPSHOT.jar:?]
	at org.apache.hadoop.ozone.protocolPB.OzoneManagerProtocolServerSideTranslatorPB.submitRequest(OzoneManagerProtocolServerSideTranslatorPB.java:147) [ozone-manager-1.3.0-SNAPSHOT.jar:?]
	at org.apache.hadoop.ozone.protocol.proto.OzoneManagerProtocolProtos$OzoneManagerService$2.callBlockingMethod(OzoneManagerProtocolProtos.java) [ozone-interface-client-1.3.0-SNAPSHOT.jar:?]
	at org.apache.hadoop.ipc.ProtobufRpcEngine$Server.processCall(ProtobufRpcEngine.java:466) [hadoop-common-3.3.1.jar:?]
	at org.apache.hadoop.ipc.ProtobufRpcEngine2$Server$ProtoBufRpcInvoker.call(ProtobufRpcEngine2.java:574) [hadoop-common-3.3.1.jar:?]
	at org.apache.hadoop.ipc.ProtobufRpcEngine2$Server$ProtoBufRpcInvoker.call(ProtobufRpcEngine2.java:552) [hadoop-common-3.3.1.jar:?]
	at org.apache.hadoop.ipc.RPC$Server.call(RPC.java:1093) [hadoop-common-3.3.1.jar:?]
	at org.apache.hadoop.ipc.Server$RpcCall.run(Server.java:1035) [hadoop-common-3.3.1.jar:?]
	at org.apache.hadoop.ipc.Server$RpcCall.run(Server.java:963) [hadoop-common-3.3.1.jar:?]
	at java.security.AccessController.doPrivileged(Native Method) ~[?:1.8.0_332]
	at javax.security.auth.Subject.doAs(Subject.java:422) [?:1.8.0_332]
	at org.apache.hadoop.security.UserGroupInformation.doAs(UserGroupInformation.java:1878) [hadoop-common-3.3.1.jar:?]
	at org.apache.hadoop.ipc.Server$Handler.run(Server.java:2966) [hadoop-common-3.3.1.jar:?]
]]></system-out>
  </testcase>
  <testcase name="testGetTrashRoots" classname="TestRootedOzoneFileSystem" time="0.797">
    <system-out><![CDATA[2022-07-12 23:22:55,771 [Time-limited test] INFO  rpc.RpcClient (RpcClient.java:createVolume(466)) - Creating Volume: volume73596, with user18728 as owner and space quota set to -1 bytes, counts quota set to -1
2022-07-12 23:22:55,777 [IPC Server handler 12 on default port 43683] INFO  volume.OMVolumeCreateRequest (OMVolumeCreateRequest.java:validateAndUpdateCache(195)) - created volume:volume73596 for user:user18728
2022-07-12 23:22:55,778 [Time-limited test] INFO  rpc.RpcClient (RpcClient.java:createBucket(669)) - Creating Bucket: volume73596/bucket20796, with bucket layout LEGACY, runner as owner, Versioning false, Storage Type set to DISK and Encryption set to false 
2022-07-12 23:22:55,779 [IPC Server handler 15 on default port 43683] INFO  bucket.OMBucketCreateRequest (OMBucketCreateRequest.java:validateAndUpdateCache(260)) - created bucket: bucket20796 of layout LEGACY in volume: volume73596
23:22:55.783 [IPC Server handler 1 on default port 43683] ERROR OMAudit - user=runner | ip=127.0.0.1 | op=GET_FILE_STATUS {volume=volume73596, bucket=bucket20796, key=.Trash/runner, dataSize=0, replicationConfig=null} | ret=FAILURE
org.apache.hadoop.ozone.om.exceptions.OMException: Unable to get file status: volume: volume73596 bucket: bucket20796 key: .Trash/runner
	at org.apache.hadoop.ozone.om.KeyManagerImpl.getOzoneFileStatus(KeyManagerImpl.java:1311) ~[ozone-manager-1.3.0-SNAPSHOT.jar:?]
	at org.apache.hadoop.ozone.om.KeyManagerImpl.getFileStatus(KeyManagerImpl.java:1241) ~[ozone-manager-1.3.0-SNAPSHOT.jar:?]
	at org.apache.hadoop.ozone.om.OzoneManager.getFileStatus(OzoneManager.java:3419) ~[ozone-manager-1.3.0-SNAPSHOT.jar:?]
	at org.apache.hadoop.ozone.protocolPB.OzoneManagerRequestHandler.getOzoneFileStatus(OzoneManagerRequestHandler.java:871) ~[ozone-manager-1.3.0-SNAPSHOT.jar:?]
	at org.apache.hadoop.ozone.protocolPB.OzoneManagerRequestHandler.handleReadRequest(OzoneManagerRequestHandler.java:217) ~[ozone-manager-1.3.0-SNAPSHOT.jar:?]
	at org.apache.hadoop.ozone.protocolPB.OzoneManagerProtocolServerSideTranslatorPB.submitRequestDirectlyToOM(OzoneManagerProtocolServerSideTranslatorPB.java:276) ~[ozone-manager-1.3.0-SNAPSHOT.jar:?]
	at org.apache.hadoop.ozone.protocolPB.OzoneManagerProtocolServerSideTranslatorPB.processRequest(OzoneManagerProtocolServerSideTranslatorPB.java:205) ~[ozone-manager-1.3.0-SNAPSHOT.jar:?]
	at org.apache.hadoop.hdds.server.OzoneProtocolMessageDispatcher.processRequest(OzoneProtocolMessageDispatcher.java:87) [hdds-server-framework-1.3.0-SNAPSHOT.jar:?]
	at org.apache.hadoop.ozone.protocolPB.OzoneManagerProtocolServerSideTranslatorPB.submitRequest(OzoneManagerProtocolServerSideTranslatorPB.java:147) [ozone-manager-1.3.0-SNAPSHOT.jar:?]
	at org.apache.hadoop.ozone.protocol.proto.OzoneManagerProtocolProtos$OzoneManagerService$2.callBlockingMethod(OzoneManagerProtocolProtos.java) [ozone-interface-client-1.3.0-SNAPSHOT.jar:?]
	at org.apache.hadoop.ipc.ProtobufRpcEngine$Server.processCall(ProtobufRpcEngine.java:466) [hadoop-common-3.3.1.jar:?]
	at org.apache.hadoop.ipc.ProtobufRpcEngine2$Server$ProtoBufRpcInvoker.call(ProtobufRpcEngine2.java:574) [hadoop-common-3.3.1.jar:?]
	at org.apache.hadoop.ipc.ProtobufRpcEngine2$Server$ProtoBufRpcInvoker.call(ProtobufRpcEngine2.java:552) [hadoop-common-3.3.1.jar:?]
	at org.apache.hadoop.ipc.RPC$Server.call(RPC.java:1093) [hadoop-common-3.3.1.jar:?]
	at org.apache.hadoop.ipc.Server$RpcCall.run(Server.java:1035) [hadoop-common-3.3.1.jar:?]
	at org.apache.hadoop.ipc.Server$RpcCall.run(Server.java:963) [hadoop-common-3.3.1.jar:?]
	at java.security.AccessController.doPrivileged(Native Method) ~[?:1.8.0_332]
	at javax.security.auth.Subject.doAs(Subject.java:422) [?:1.8.0_332]
	at org.apache.hadoop.security.UserGroupInformation.doAs(UserGroupInformation.java:1878) [hadoop-common-3.3.1.jar:?]
	at org.apache.hadoop.ipc.Server$Handler.run(Server.java:2966) [hadoop-common-3.3.1.jar:?]
23:22:55.786 [IPC Server handler 7 on default port 43683] ERROR OMAudit - user=runner | ip=127.0.0.1 | op=GET_FILE_STATUS {volume=8359986e-d4d6-4280-a60d-20a83ad694e5, bucket=8e003e89-85ac-4cc3-a180-81e3241aa4bd, key=.Trash, dataSize=0, replicationConfig=null} | ret=FAILURE
org.apache.hadoop.ozone.om.exceptions.OMException: Unable to get file status: volume: 8359986e-d4d6-4280-a60d-20a83ad694e5 bucket: 8e003e89-85ac-4cc3-a180-81e3241aa4bd key: .Trash
	at org.apache.hadoop.ozone.om.KeyManagerImpl.getOzoneFileStatus(KeyManagerImpl.java:1311) ~[ozone-manager-1.3.0-SNAPSHOT.jar:?]
	at org.apache.hadoop.ozone.om.KeyManagerImpl.getFileStatus(KeyManagerImpl.java:1241) ~[ozone-manager-1.3.0-SNAPSHOT.jar:?]
	at org.apache.hadoop.ozone.om.OzoneManager.getFileStatus(OzoneManager.java:3419) ~[ozone-manager-1.3.0-SNAPSHOT.jar:?]
	at org.apache.hadoop.ozone.protocolPB.OzoneManagerRequestHandler.getOzoneFileStatus(OzoneManagerRequestHandler.java:871) ~[ozone-manager-1.3.0-SNAPSHOT.jar:?]
	at org.apache.hadoop.ozone.protocolPB.OzoneManagerRequestHandler.handleReadRequest(OzoneManagerRequestHandler.java:217) ~[ozone-manager-1.3.0-SNAPSHOT.jar:?]
	at org.apache.hadoop.ozone.protocolPB.OzoneManagerProtocolServerSideTranslatorPB.submitRequestDirectlyToOM(OzoneManagerProtocolServerSideTranslatorPB.java:276) ~[ozone-manager-1.3.0-SNAPSHOT.jar:?]
	at org.apache.hadoop.ozone.protocolPB.OzoneManagerProtocolServerSideTranslatorPB.processRequest(OzoneManagerProtocolServerSideTranslatorPB.java:205) ~[ozone-manager-1.3.0-SNAPSHOT.jar:?]
	at org.apache.hadoop.hdds.server.OzoneProtocolMessageDispatcher.processRequest(OzoneProtocolMessageDispatcher.java:87) [hdds-server-framework-1.3.0-SNAPSHOT.jar:?]
	at org.apache.hadoop.ozone.protocolPB.OzoneManagerProtocolServerSideTranslatorPB.submitRequest(OzoneManagerProtocolServerSideTranslatorPB.java:147) [ozone-manager-1.3.0-SNAPSHOT.jar:?]
	at org.apache.hadoop.ozone.protocol.proto.OzoneManagerProtocolProtos$OzoneManagerService$2.callBlockingMethod(OzoneManagerProtocolProtos.java) [ozone-interface-client-1.3.0-SNAPSHOT.jar:?]
	at org.apache.hadoop.ipc.ProtobufRpcEngine$Server.processCall(ProtobufRpcEngine.java:466) [hadoop-common-3.3.1.jar:?]
	at org.apache.hadoop.ipc.ProtobufRpcEngine2$Server$ProtoBufRpcInvoker.call(ProtobufRpcEngine2.java:574) [hadoop-common-3.3.1.jar:?]
	at org.apache.hadoop.ipc.ProtobufRpcEngine2$Server$ProtoBufRpcInvoker.call(ProtobufRpcEngine2.java:552) [hadoop-common-3.3.1.jar:?]
	at org.apache.hadoop.ipc.RPC$Server.call(RPC.java:1093) [hadoop-common-3.3.1.jar:?]
	at org.apache.hadoop.ipc.Server$RpcCall.run(Server.java:1035) [hadoop-common-3.3.1.jar:?]
	at org.apache.hadoop.ipc.Server$RpcCall.run(Server.java:963) [hadoop-common-3.3.1.jar:?]
	at java.security.AccessController.doPrivileged(Native Method) ~[?:1.8.0_332]
	at javax.security.auth.Subject.doAs(Subject.java:422) [?:1.8.0_332]
	at org.apache.hadoop.security.UserGroupInformation.doAs(UserGroupInformation.java:1878) [hadoop-common-3.3.1.jar:?]
	at org.apache.hadoop.ipc.Server$Handler.run(Server.java:2966) [hadoop-common-3.3.1.jar:?]
23:22:55.789 [IPC Server handler 11 on default port 43683] ERROR OMAudit - user=runner | ip=127.0.0.1 | op=GET_FILE_STATUS {volume=volume73596, bucket=bucket20796, key=.Trash, dataSize=0, replicationConfig=null} | ret=FAILURE
org.apache.hadoop.ozone.om.exceptions.OMException: Unable to get file status: volume: volume73596 bucket: bucket20796 key: .Trash
	at org.apache.hadoop.ozone.om.KeyManagerImpl.getOzoneFileStatus(KeyManagerImpl.java:1311) ~[ozone-manager-1.3.0-SNAPSHOT.jar:?]
	at org.apache.hadoop.ozone.om.KeyManagerImpl.getFileStatus(KeyManagerImpl.java:1241) ~[ozone-manager-1.3.0-SNAPSHOT.jar:?]
	at org.apache.hadoop.ozone.om.OzoneManager.getFileStatus(OzoneManager.java:3419) ~[ozone-manager-1.3.0-SNAPSHOT.jar:?]
	at org.apache.hadoop.ozone.protocolPB.OzoneManagerRequestHandler.getOzoneFileStatus(OzoneManagerRequestHandler.java:871) ~[ozone-manager-1.3.0-SNAPSHOT.jar:?]
	at org.apache.hadoop.ozone.protocolPB.OzoneManagerRequestHandler.handleReadRequest(OzoneManagerRequestHandler.java:217) ~[ozone-manager-1.3.0-SNAPSHOT.jar:?]
	at org.apache.hadoop.ozone.protocolPB.OzoneManagerProtocolServerSideTranslatorPB.submitRequestDirectlyToOM(OzoneManagerProtocolServerSideTranslatorPB.java:276) ~[ozone-manager-1.3.0-SNAPSHOT.jar:?]
	at org.apache.hadoop.ozone.protocolPB.OzoneManagerProtocolServerSideTranslatorPB.processRequest(OzoneManagerProtocolServerSideTranslatorPB.java:205) ~[ozone-manager-1.3.0-SNAPSHOT.jar:?]
	at org.apache.hadoop.hdds.server.OzoneProtocolMessageDispatcher.processRequest(OzoneProtocolMessageDispatcher.java:87) [hdds-server-framework-1.3.0-SNAPSHOT.jar:?]
	at org.apache.hadoop.ozone.protocolPB.OzoneManagerProtocolServerSideTranslatorPB.submitRequest(OzoneManagerProtocolServerSideTranslatorPB.java:147) [ozone-manager-1.3.0-SNAPSHOT.jar:?]
	at org.apache.hadoop.ozone.protocol.proto.OzoneManagerProtocolProtos$OzoneManagerService$2.callBlockingMethod(OzoneManagerProtocolProtos.java) [ozone-interface-client-1.3.0-SNAPSHOT.jar:?]
	at org.apache.hadoop.ipc.ProtobufRpcEngine$Server.processCall(ProtobufRpcEngine.java:466) [hadoop-common-3.3.1.jar:?]
	at org.apache.hadoop.ipc.ProtobufRpcEngine2$Server$ProtoBufRpcInvoker.call(ProtobufRpcEngine2.java:574) [hadoop-common-3.3.1.jar:?]
	at org.apache.hadoop.ipc.ProtobufRpcEngine2$Server$ProtoBufRpcInvoker.call(ProtobufRpcEngine2.java:552) [hadoop-common-3.3.1.jar:?]
	at org.apache.hadoop.ipc.RPC$Server.call(RPC.java:1093) [hadoop-common-3.3.1.jar:?]
	at org.apache.hadoop.ipc.Server$RpcCall.run(Server.java:1035) [hadoop-common-3.3.1.jar:?]
	at org.apache.hadoop.ipc.Server$RpcCall.run(Server.java:963) [hadoop-common-3.3.1.jar:?]
	at java.security.AccessController.doPrivileged(Native Method) ~[?:1.8.0_332]
	at javax.security.auth.Subject.doAs(Subject.java:422) [?:1.8.0_332]
	at org.apache.hadoop.security.UserGroupInformation.doAs(UserGroupInformation.java:1878) [hadoop-common-3.3.1.jar:?]
	at org.apache.hadoop.ipc.Server$Handler.run(Server.java:2966) [hadoop-common-3.3.1.jar:?]
23:22:55.804 [IPC Server handler 12 on default port 43683] ERROR OMAudit - user=runner | ip=127.0.0.1 | op=GET_FILE_STATUS {volume=8359986e-d4d6-4280-a60d-20a83ad694e5, bucket=8e003e89-85ac-4cc3-a180-81e3241aa4bd, key=.Trash, dataSize=0, replicationConfig=null} | ret=FAILURE
org.apache.hadoop.ozone.om.exceptions.OMException: Unable to get file status: volume: 8359986e-d4d6-4280-a60d-20a83ad694e5 bucket: 8e003e89-85ac-4cc3-a180-81e3241aa4bd key: .Trash
	at org.apache.hadoop.ozone.om.KeyManagerImpl.getOzoneFileStatus(KeyManagerImpl.java:1311) ~[ozone-manager-1.3.0-SNAPSHOT.jar:?]
	at org.apache.hadoop.ozone.om.KeyManagerImpl.getFileStatus(KeyManagerImpl.java:1241) ~[ozone-manager-1.3.0-SNAPSHOT.jar:?]
	at org.apache.hadoop.ozone.om.OzoneManager.getFileStatus(OzoneManager.java:3419) ~[ozone-manager-1.3.0-SNAPSHOT.jar:?]
	at org.apache.hadoop.ozone.protocolPB.OzoneManagerRequestHandler.getOzoneFileStatus(OzoneManagerRequestHandler.java:871) ~[ozone-manager-1.3.0-SNAPSHOT.jar:?]
	at org.apache.hadoop.ozone.protocolPB.OzoneManagerRequestHandler.handleReadRequest(OzoneManagerRequestHandler.java:217) ~[ozone-manager-1.3.0-SNAPSHOT.jar:?]
	at org.apache.hadoop.ozone.protocolPB.OzoneManagerProtocolServerSideTranslatorPB.submitRequestDirectlyToOM(OzoneManagerProtocolServerSideTranslatorPB.java:276) ~[ozone-manager-1.3.0-SNAPSHOT.jar:?]
	at org.apache.hadoop.ozone.protocolPB.OzoneManagerProtocolServerSideTranslatorPB.processRequest(OzoneManagerProtocolServerSideTranslatorPB.java:205) ~[ozone-manager-1.3.0-SNAPSHOT.jar:?]
	at org.apache.hadoop.hdds.server.OzoneProtocolMessageDispatcher.processRequest(OzoneProtocolMessageDispatcher.java:87) [hdds-server-framework-1.3.0-SNAPSHOT.jar:?]
	at org.apache.hadoop.ozone.protocolPB.OzoneManagerProtocolServerSideTranslatorPB.submitRequest(OzoneManagerProtocolServerSideTranslatorPB.java:147) [ozone-manager-1.3.0-SNAPSHOT.jar:?]
	at org.apache.hadoop.ozone.protocol.proto.OzoneManagerProtocolProtos$OzoneManagerService$2.callBlockingMethod(OzoneManagerProtocolProtos.java) [ozone-interface-client-1.3.0-SNAPSHOT.jar:?]
	at org.apache.hadoop.ipc.ProtobufRpcEngine$Server.processCall(ProtobufRpcEngine.java:466) [hadoop-common-3.3.1.jar:?]
	at org.apache.hadoop.ipc.ProtobufRpcEngine2$Server$ProtoBufRpcInvoker.call(ProtobufRpcEngine2.java:574) [hadoop-common-3.3.1.jar:?]
	at org.apache.hadoop.ipc.ProtobufRpcEngine2$Server$ProtoBufRpcInvoker.call(ProtobufRpcEngine2.java:552) [hadoop-common-3.3.1.jar:?]
	at org.apache.hadoop.ipc.RPC$Server.call(RPC.java:1093) [hadoop-common-3.3.1.jar:?]
	at org.apache.hadoop.ipc.Server$RpcCall.run(Server.java:1035) [hadoop-common-3.3.1.jar:?]
	at org.apache.hadoop.ipc.Server$RpcCall.run(Server.java:963) [hadoop-common-3.3.1.jar:?]
	at java.security.AccessController.doPrivileged(Native Method) ~[?:1.8.0_332]
	at javax.security.auth.Subject.doAs(Subject.java:422) [?:1.8.0_332]
	at org.apache.hadoop.security.UserGroupInformation.doAs(UserGroupInformation.java:1878) [hadoop-common-3.3.1.jar:?]
	at org.apache.hadoop.ipc.Server$Handler.run(Server.java:2966) [hadoop-common-3.3.1.jar:?]
23:22:55.814 [IPC Server handler 0 on default port 43683] ERROR OMAudit - user=runner | ip=127.0.0.1 | op=GET_FILE_STATUS {volume=8359986e-d4d6-4280-a60d-20a83ad694e5, bucket=8e003e89-85ac-4cc3-a180-81e3241aa4bd, key=.Trash, dataSize=0, replicationConfig=null} | ret=FAILURE
org.apache.hadoop.ozone.om.exceptions.OMException: Unable to get file status: volume: 8359986e-d4d6-4280-a60d-20a83ad694e5 bucket: 8e003e89-85ac-4cc3-a180-81e3241aa4bd key: .Trash
	at org.apache.hadoop.ozone.om.KeyManagerImpl.getOzoneFileStatus(KeyManagerImpl.java:1311) ~[ozone-manager-1.3.0-SNAPSHOT.jar:?]
	at org.apache.hadoop.ozone.om.KeyManagerImpl.getFileStatus(KeyManagerImpl.java:1241) ~[ozone-manager-1.3.0-SNAPSHOT.jar:?]
	at org.apache.hadoop.ozone.om.OzoneManager.getFileStatus(OzoneManager.java:3419) ~[ozone-manager-1.3.0-SNAPSHOT.jar:?]
	at org.apache.hadoop.ozone.protocolPB.OzoneManagerRequestHandler.getOzoneFileStatus(OzoneManagerRequestHandler.java:871) ~[ozone-manager-1.3.0-SNAPSHOT.jar:?]
	at org.apache.hadoop.ozone.protocolPB.OzoneManagerRequestHandler.handleReadRequest(OzoneManagerRequestHandler.java:217) ~[ozone-manager-1.3.0-SNAPSHOT.jar:?]
	at org.apache.hadoop.ozone.protocolPB.OzoneManagerProtocolServerSideTranslatorPB.submitRequestDirectlyToOM(OzoneManagerProtocolServerSideTranslatorPB.java:276) ~[ozone-manager-1.3.0-SNAPSHOT.jar:?]
	at org.apache.hadoop.ozone.protocolPB.OzoneManagerProtocolServerSideTranslatorPB.processRequest(OzoneManagerProtocolServerSideTranslatorPB.java:205) ~[ozone-manager-1.3.0-SNAPSHOT.jar:?]
	at org.apache.hadoop.hdds.server.OzoneProtocolMessageDispatcher.processRequest(OzoneProtocolMessageDispatcher.java:87) [hdds-server-framework-1.3.0-SNAPSHOT.jar:?]
	at org.apache.hadoop.ozone.protocolPB.OzoneManagerProtocolServerSideTranslatorPB.submitRequest(OzoneManagerProtocolServerSideTranslatorPB.java:147) [ozone-manager-1.3.0-SNAPSHOT.jar:?]
	at org.apache.hadoop.ozone.protocol.proto.OzoneManagerProtocolProtos$OzoneManagerService$2.callBlockingMethod(OzoneManagerProtocolProtos.java) [ozone-interface-client-1.3.0-SNAPSHOT.jar:?]
	at org.apache.hadoop.ipc.ProtobufRpcEngine$Server.processCall(ProtobufRpcEngine.java:466) [hadoop-common-3.3.1.jar:?]
	at org.apache.hadoop.ipc.ProtobufRpcEngine2$Server$ProtoBufRpcInvoker.call(ProtobufRpcEngine2.java:574) [hadoop-common-3.3.1.jar:?]
	at org.apache.hadoop.ipc.ProtobufRpcEngine2$Server$ProtoBufRpcInvoker.call(ProtobufRpcEngine2.java:552) [hadoop-common-3.3.1.jar:?]
	at org.apache.hadoop.ipc.RPC$Server.call(RPC.java:1093) [hadoop-common-3.3.1.jar:?]
	at org.apache.hadoop.ipc.Server$RpcCall.run(Server.java:1035) [hadoop-common-3.3.1.jar:?]
	at org.apache.hadoop.ipc.Server$RpcCall.run(Server.java:963) [hadoop-common-3.3.1.jar:?]
	at java.security.AccessController.doPrivileged(Native Method) ~[?:1.8.0_332]
	at javax.security.auth.Subject.doAs(Subject.java:422) [?:1.8.0_332]
	at org.apache.hadoop.security.UserGroupInformation.doAs(UserGroupInformation.java:1878) [hadoop-common-3.3.1.jar:?]
	at org.apache.hadoop.ipc.Server$Handler.run(Server.java:2966) [hadoop-common-3.3.1.jar:?]
2022-07-12 23:22:55,822 [Time-limited test] INFO  rpc.RpcClient (RpcClient.java:createBucket(669)) - Creating Bucket: volume73596/trashroottest2, with bucket layout LEGACY, runner as owner, Versioning false, Storage Type set to DISK and Encryption set to false 
2022-07-12 23:22:55,825 [IPC Server handler 15 on default port 43683] INFO  bucket.OMBucketCreateRequest (OMBucketCreateRequest.java:validateAndUpdateCache(260)) - created bucket: trashroottest2 of layout LEGACY in volume: volume73596
23:22:56.066 [IPC Server handler 9 on default port 43683] ERROR OMAudit - user=runner | ip=127.0.0.1 | op=GET_FILE_STATUS {volume=8359986e-d4d6-4280-a60d-20a83ad694e5, bucket=8e003e89-85ac-4cc3-a180-81e3241aa4bd, key=.Trash, dataSize=0, replicationConfig=null} | ret=FAILURE
org.apache.hadoop.ozone.om.exceptions.OMException: Unable to get file status: volume: 8359986e-d4d6-4280-a60d-20a83ad694e5 bucket: 8e003e89-85ac-4cc3-a180-81e3241aa4bd key: .Trash
	at org.apache.hadoop.ozone.om.KeyManagerImpl.getOzoneFileStatus(KeyManagerImpl.java:1311) ~[ozone-manager-1.3.0-SNAPSHOT.jar:?]
	at org.apache.hadoop.ozone.om.KeyManagerImpl.getFileStatus(KeyManagerImpl.java:1241) ~[ozone-manager-1.3.0-SNAPSHOT.jar:?]
	at org.apache.hadoop.ozone.om.OzoneManager.getFileStatus(OzoneManager.java:3419) ~[ozone-manager-1.3.0-SNAPSHOT.jar:?]
	at org.apache.hadoop.ozone.protocolPB.OzoneManagerRequestHandler.getOzoneFileStatus(OzoneManagerRequestHandler.java:871) ~[ozone-manager-1.3.0-SNAPSHOT.jar:?]
	at org.apache.hadoop.ozone.protocolPB.OzoneManagerRequestHandler.handleReadRequest(OzoneManagerRequestHandler.java:217) ~[ozone-manager-1.3.0-SNAPSHOT.jar:?]
	at org.apache.hadoop.ozone.protocolPB.OzoneManagerProtocolServerSideTranslatorPB.submitRequestDirectlyToOM(OzoneManagerProtocolServerSideTranslatorPB.java:276) ~[ozone-manager-1.3.0-SNAPSHOT.jar:?]
	at org.apache.hadoop.ozone.protocolPB.OzoneManagerProtocolServerSideTranslatorPB.processRequest(OzoneManagerProtocolServerSideTranslatorPB.java:205) ~[ozone-manager-1.3.0-SNAPSHOT.jar:?]
	at org.apache.hadoop.hdds.server.OzoneProtocolMessageDispatcher.processRequest(OzoneProtocolMessageDispatcher.java:87) [hdds-server-framework-1.3.0-SNAPSHOT.jar:?]
	at org.apache.hadoop.ozone.protocolPB.OzoneManagerProtocolServerSideTranslatorPB.submitRequest(OzoneManagerProtocolServerSideTranslatorPB.java:147) [ozone-manager-1.3.0-SNAPSHOT.jar:?]
	at org.apache.hadoop.ozone.protocol.proto.OzoneManagerProtocolProtos$OzoneManagerService$2.callBlockingMethod(OzoneManagerProtocolProtos.java) [ozone-interface-client-1.3.0-SNAPSHOT.jar:?]
	at org.apache.hadoop.ipc.ProtobufRpcEngine$Server.processCall(ProtobufRpcEngine.java:466) [hadoop-common-3.3.1.jar:?]
	at org.apache.hadoop.ipc.ProtobufRpcEngine2$Server$ProtoBufRpcInvoker.call(ProtobufRpcEngine2.java:574) [hadoop-common-3.3.1.jar:?]
	at org.apache.hadoop.ipc.ProtobufRpcEngine2$Server$ProtoBufRpcInvoker.call(ProtobufRpcEngine2.java:552) [hadoop-common-3.3.1.jar:?]
	at org.apache.hadoop.ipc.RPC$Server.call(RPC.java:1093) [hadoop-common-3.3.1.jar:?]
	at org.apache.hadoop.ipc.Server$RpcCall.run(Server.java:1035) [hadoop-common-3.3.1.jar:?]
	at org.apache.hadoop.ipc.Server$RpcCall.run(Server.java:963) [hadoop-common-3.3.1.jar:?]
	at java.security.AccessController.doPrivileged(Native Method) ~[?:1.8.0_332]
	at javax.security.auth.Subject.doAs(Subject.java:422) [?:1.8.0_332]
	at org.apache.hadoop.security.UserGroupInformation.doAs(UserGroupInformation.java:1878) [hadoop-common-3.3.1.jar:?]
	at org.apache.hadoop.ipc.Server$Handler.run(Server.java:2966) [hadoop-common-3.3.1.jar:?]
23:22:56.096 [IPC Server handler 2 on default port 43683] ERROR OMAudit - user=runner | ip=127.0.0.1 | op=GET_FILE_STATUS {volume=8359986e-d4d6-4280-a60d-20a83ad694e5, bucket=8e003e89-85ac-4cc3-a180-81e3241aa4bd, key=.Trash, dataSize=0, replicationConfig=null} | ret=FAILURE
org.apache.hadoop.ozone.om.exceptions.OMException: Unable to get file status: volume: 8359986e-d4d6-4280-a60d-20a83ad694e5 bucket: 8e003e89-85ac-4cc3-a180-81e3241aa4bd key: .Trash
	at org.apache.hadoop.ozone.om.KeyManagerImpl.getOzoneFileStatus(KeyManagerImpl.java:1311) ~[ozone-manager-1.3.0-SNAPSHOT.jar:?]
	at org.apache.hadoop.ozone.om.KeyManagerImpl.getFileStatus(KeyManagerImpl.java:1241) ~[ozone-manager-1.3.0-SNAPSHOT.jar:?]
	at org.apache.hadoop.ozone.om.OzoneManager.getFileStatus(OzoneManager.java:3419) ~[ozone-manager-1.3.0-SNAPSHOT.jar:?]
	at org.apache.hadoop.ozone.protocolPB.OzoneManagerRequestHandler.getOzoneFileStatus(OzoneManagerRequestHandler.java:871) ~[ozone-manager-1.3.0-SNAPSHOT.jar:?]
	at org.apache.hadoop.ozone.protocolPB.OzoneManagerRequestHandler.handleReadRequest(OzoneManagerRequestHandler.java:217) ~[ozone-manager-1.3.0-SNAPSHOT.jar:?]
	at org.apache.hadoop.ozone.protocolPB.OzoneManagerProtocolServerSideTranslatorPB.submitRequestDirectlyToOM(OzoneManagerProtocolServerSideTranslatorPB.java:276) ~[ozone-manager-1.3.0-SNAPSHOT.jar:?]
	at org.apache.hadoop.ozone.protocolPB.OzoneManagerProtocolServerSideTranslatorPB.processRequest(OzoneManagerProtocolServerSideTranslatorPB.java:205) ~[ozone-manager-1.3.0-SNAPSHOT.jar:?]
	at org.apache.hadoop.hdds.server.OzoneProtocolMessageDispatcher.processRequest(OzoneProtocolMessageDispatcher.java:87) [hdds-server-framework-1.3.0-SNAPSHOT.jar:?]
	at org.apache.hadoop.ozone.protocolPB.OzoneManagerProtocolServerSideTranslatorPB.submitRequest(OzoneManagerProtocolServerSideTranslatorPB.java:147) [ozone-manager-1.3.0-SNAPSHOT.jar:?]
	at org.apache.hadoop.ozone.protocol.proto.OzoneManagerProtocolProtos$OzoneManagerService$2.callBlockingMethod(OzoneManagerProtocolProtos.java) [ozone-interface-client-1.3.0-SNAPSHOT.jar:?]
	at org.apache.hadoop.ipc.ProtobufRpcEngine$Server.processCall(ProtobufRpcEngine.java:466) [hadoop-common-3.3.1.jar:?]
	at org.apache.hadoop.ipc.ProtobufRpcEngine2$Server$ProtoBufRpcInvoker.call(ProtobufRpcEngine2.java:574) [hadoop-common-3.3.1.jar:?]
	at org.apache.hadoop.ipc.ProtobufRpcEngine2$Server$ProtoBufRpcInvoker.call(ProtobufRpcEngine2.java:552) [hadoop-common-3.3.1.jar:?]
	at org.apache.hadoop.ipc.RPC$Server.call(RPC.java:1093) [hadoop-common-3.3.1.jar:?]
	at org.apache.hadoop.ipc.Server$RpcCall.run(Server.java:1035) [hadoop-common-3.3.1.jar:?]
	at org.apache.hadoop.ipc.Server$RpcCall.run(Server.java:963) [hadoop-common-3.3.1.jar:?]
	at java.security.AccessController.doPrivileged(Native Method) ~[?:1.8.0_332]
	at javax.security.auth.Subject.doAs(Subject.java:422) [?:1.8.0_332]
	at org.apache.hadoop.security.UserGroupInformation.doAs(UserGroupInformation.java:1878) [hadoop-common-3.3.1.jar:?]
	at org.apache.hadoop.ipc.Server$Handler.run(Server.java:2966) [hadoop-common-3.3.1.jar:?]
2022-07-12 23:22:56,218 [Time-limited test] INFO  rpc.RpcClient (RpcClient.java:createVolume(466)) - Creating Volume: volume13683, with user57181 as owner and space quota set to -1 bytes, counts quota set to -1
2022-07-12 23:22:56,220 [IPC Server handler 3 on default port 43683] INFO  volume.OMVolumeCreateRequest (OMVolumeCreateRequest.java:validateAndUpdateCache(195)) - created volume:volume13683 for user:user57181
2022-07-12 23:22:56,237 [Time-limited test] INFO  rpc.RpcClient (RpcClient.java:createBucket(669)) - Creating Bucket: volume13683/bucket37428, with bucket layout LEGACY, runner as owner, Versioning false, Storage Type set to DISK and Encryption set to false 
2022-07-12 23:22:56,244 [IPC Server handler 8 on default port 43683] INFO  bucket.OMBucketCreateRequest (OMBucketCreateRequest.java:validateAndUpdateCache(260)) - created bucket: bucket37428 of layout LEGACY in volume: volume13683
23:22:56.256 [IPC Server handler 1 on default port 43683] ERROR OMAudit - user=runner | ip=127.0.0.1 | op=GET_FILE_STATUS {volume=8359986e-d4d6-4280-a60d-20a83ad694e5, bucket=8e003e89-85ac-4cc3-a180-81e3241aa4bd, key=.Trash, dataSize=0, replicationConfig=null} | ret=FAILURE
org.apache.hadoop.ozone.om.exceptions.OMException: Unable to get file status: volume: 8359986e-d4d6-4280-a60d-20a83ad694e5 bucket: 8e003e89-85ac-4cc3-a180-81e3241aa4bd key: .Trash
	at org.apache.hadoop.ozone.om.KeyManagerImpl.getOzoneFileStatus(KeyManagerImpl.java:1311) ~[ozone-manager-1.3.0-SNAPSHOT.jar:?]
	at org.apache.hadoop.ozone.om.KeyManagerImpl.getFileStatus(KeyManagerImpl.java:1241) ~[ozone-manager-1.3.0-SNAPSHOT.jar:?]
	at org.apache.hadoop.ozone.om.OzoneManager.getFileStatus(OzoneManager.java:3419) ~[ozone-manager-1.3.0-SNAPSHOT.jar:?]
	at org.apache.hadoop.ozone.protocolPB.OzoneManagerRequestHandler.getOzoneFileStatus(OzoneManagerRequestHandler.java:871) ~[ozone-manager-1.3.0-SNAPSHOT.jar:?]
	at org.apache.hadoop.ozone.protocolPB.OzoneManagerRequestHandler.handleReadRequest(OzoneManagerRequestHandler.java:217) ~[ozone-manager-1.3.0-SNAPSHOT.jar:?]
	at org.apache.hadoop.ozone.protocolPB.OzoneManagerProtocolServerSideTranslatorPB.submitRequestDirectlyToOM(OzoneManagerProtocolServerSideTranslatorPB.java:276) ~[ozone-manager-1.3.0-SNAPSHOT.jar:?]
	at org.apache.hadoop.ozone.protocolPB.OzoneManagerProtocolServerSideTranslatorPB.processRequest(OzoneManagerProtocolServerSideTranslatorPB.java:205) ~[ozone-manager-1.3.0-SNAPSHOT.jar:?]
	at org.apache.hadoop.hdds.server.OzoneProtocolMessageDispatcher.processRequest(OzoneProtocolMessageDispatcher.java:87) [hdds-server-framework-1.3.0-SNAPSHOT.jar:?]
	at org.apache.hadoop.ozone.protocolPB.OzoneManagerProtocolServerSideTranslatorPB.submitRequest(OzoneManagerProtocolServerSideTranslatorPB.java:147) [ozone-manager-1.3.0-SNAPSHOT.jar:?]
	at org.apache.hadoop.ozone.protocol.proto.OzoneManagerProtocolProtos$OzoneManagerService$2.callBlockingMethod(OzoneManagerProtocolProtos.java) [ozone-interface-client-1.3.0-SNAPSHOT.jar:?]
	at org.apache.hadoop.ipc.ProtobufRpcEngine$Server.processCall(ProtobufRpcEngine.java:466) [hadoop-common-3.3.1.jar:?]
	at org.apache.hadoop.ipc.ProtobufRpcEngine2$Server$ProtoBufRpcInvoker.call(ProtobufRpcEngine2.java:574) [hadoop-common-3.3.1.jar:?]
	at org.apache.hadoop.ipc.ProtobufRpcEngine2$Server$ProtoBufRpcInvoker.call(ProtobufRpcEngine2.java:552) [hadoop-common-3.3.1.jar:?]
	at org.apache.hadoop.ipc.RPC$Server.call(RPC.java:1093) [hadoop-common-3.3.1.jar:?]
	at org.apache.hadoop.ipc.Server$RpcCall.run(Server.java:1035) [hadoop-common-3.3.1.jar:?]
	at org.apache.hadoop.ipc.Server$RpcCall.run(Server.java:963) [hadoop-common-3.3.1.jar:?]
	at java.security.AccessController.doPrivileged(Native Method) ~[?:1.8.0_332]
	at javax.security.auth.Subject.doAs(Subject.java:422) [?:1.8.0_332]
	at org.apache.hadoop.security.UserGroupInformation.doAs(UserGroupInformation.java:1878) [hadoop-common-3.3.1.jar:?]
	at org.apache.hadoop.ipc.Server$Handler.run(Server.java:2966) [hadoop-common-3.3.1.jar:?]
23:22:56.303 [IPC Server handler 17 on default port 43683] ERROR OMAudit - user=runner | ip=127.0.0.1 | op=GET_FILE_STATUS {volume=8359986e-d4d6-4280-a60d-20a83ad694e5, bucket=8e003e89-85ac-4cc3-a180-81e3241aa4bd, key=.Trash, dataSize=0, replicationConfig=null} | ret=FAILURE
org.apache.hadoop.ozone.om.exceptions.OMException: Unable to get file status: volume: 8359986e-d4d6-4280-a60d-20a83ad694e5 bucket: 8e003e89-85ac-4cc3-a180-81e3241aa4bd key: .Trash
	at org.apache.hadoop.ozone.om.KeyManagerImpl.getOzoneFileStatus(KeyManagerImpl.java:1311) ~[ozone-manager-1.3.0-SNAPSHOT.jar:?]
	at org.apache.hadoop.ozone.om.KeyManagerImpl.getFileStatus(KeyManagerImpl.java:1241) ~[ozone-manager-1.3.0-SNAPSHOT.jar:?]
	at org.apache.hadoop.ozone.om.OzoneManager.getFileStatus(OzoneManager.java:3419) ~[ozone-manager-1.3.0-SNAPSHOT.jar:?]
	at org.apache.hadoop.ozone.protocolPB.OzoneManagerRequestHandler.getOzoneFileStatus(OzoneManagerRequestHandler.java:871) ~[ozone-manager-1.3.0-SNAPSHOT.jar:?]
	at org.apache.hadoop.ozone.protocolPB.OzoneManagerRequestHandler.handleReadRequest(OzoneManagerRequestHandler.java:217) ~[ozone-manager-1.3.0-SNAPSHOT.jar:?]
	at org.apache.hadoop.ozone.protocolPB.OzoneManagerProtocolServerSideTranslatorPB.submitRequestDirectlyToOM(OzoneManagerProtocolServerSideTranslatorPB.java:276) ~[ozone-manager-1.3.0-SNAPSHOT.jar:?]
	at org.apache.hadoop.ozone.protocolPB.OzoneManagerProtocolServerSideTranslatorPB.processRequest(OzoneManagerProtocolServerSideTranslatorPB.java:205) ~[ozone-manager-1.3.0-SNAPSHOT.jar:?]
	at org.apache.hadoop.hdds.server.OzoneProtocolMessageDispatcher.processRequest(OzoneProtocolMessageDispatcher.java:87) [hdds-server-framework-1.3.0-SNAPSHOT.jar:?]
	at org.apache.hadoop.ozone.protocolPB.OzoneManagerProtocolServerSideTranslatorPB.submitRequest(OzoneManagerProtocolServerSideTranslatorPB.java:147) [ozone-manager-1.3.0-SNAPSHOT.jar:?]
	at org.apache.hadoop.ozone.protocol.proto.OzoneManagerProtocolProtos$OzoneManagerService$2.callBlockingMethod(OzoneManagerProtocolProtos.java) [ozone-interface-client-1.3.0-SNAPSHOT.jar:?]
	at org.apache.hadoop.ipc.ProtobufRpcEngine$Server.processCall(ProtobufRpcEngine.java:466) [hadoop-common-3.3.1.jar:?]
	at org.apache.hadoop.ipc.ProtobufRpcEngine2$Server$ProtoBufRpcInvoker.call(ProtobufRpcEngine2.java:574) [hadoop-common-3.3.1.jar:?]
	at org.apache.hadoop.ipc.ProtobufRpcEngine2$Server$ProtoBufRpcInvoker.call(ProtobufRpcEngine2.java:552) [hadoop-common-3.3.1.jar:?]
	at org.apache.hadoop.ipc.RPC$Server.call(RPC.java:1093) [hadoop-common-3.3.1.jar:?]
	at org.apache.hadoop.ipc.Server$RpcCall.run(Server.java:1035) [hadoop-common-3.3.1.jar:?]
	at org.apache.hadoop.ipc.Server$RpcCall.run(Server.java:963) [hadoop-common-3.3.1.jar:?]
	at java.security.AccessController.doPrivileged(Native Method) ~[?:1.8.0_332]
	at javax.security.auth.Subject.doAs(Subject.java:422) [?:1.8.0_332]
	at org.apache.hadoop.security.UserGroupInformation.doAs(UserGroupInformation.java:1878) [hadoop-common-3.3.1.jar:?]
	at org.apache.hadoop.ipc.Server$Handler.run(Server.java:2966) [hadoop-common-3.3.1.jar:?]
23:22:56.327 [IPC Server handler 2 on default port 43683] ERROR OMAudit - user=runner | ip=127.0.0.1 | op=GET_FILE_STATUS {volume=volume13683, bucket=bucket37428, key=.Trash/runner, dataSize=0, replicationConfig=null} | ret=FAILURE
org.apache.hadoop.ozone.om.exceptions.OMException: Unable to get file status: volume: volume13683 bucket: bucket37428 key: .Trash/runner
	at org.apache.hadoop.ozone.om.KeyManagerImpl.getOzoneFileStatus(KeyManagerImpl.java:1311) ~[ozone-manager-1.3.0-SNAPSHOT.jar:?]
	at org.apache.hadoop.ozone.om.KeyManagerImpl.getFileStatus(KeyManagerImpl.java:1241) ~[ozone-manager-1.3.0-SNAPSHOT.jar:?]
	at org.apache.hadoop.ozone.om.OzoneManager.getFileStatus(OzoneManager.java:3419) ~[ozone-manager-1.3.0-SNAPSHOT.jar:?]
	at org.apache.hadoop.ozone.protocolPB.OzoneManagerRequestHandler.getOzoneFileStatus(OzoneManagerRequestHandler.java:871) ~[ozone-manager-1.3.0-SNAPSHOT.jar:?]
	at org.apache.hadoop.ozone.protocolPB.OzoneManagerRequestHandler.handleReadRequest(OzoneManagerRequestHandler.java:217) ~[ozone-manager-1.3.0-SNAPSHOT.jar:?]
	at org.apache.hadoop.ozone.protocolPB.OzoneManagerProtocolServerSideTranslatorPB.submitRequestDirectlyToOM(OzoneManagerProtocolServerSideTranslatorPB.java:276) ~[ozone-manager-1.3.0-SNAPSHOT.jar:?]
	at org.apache.hadoop.ozone.protocolPB.OzoneManagerProtocolServerSideTranslatorPB.processRequest(OzoneManagerProtocolServerSideTranslatorPB.java:205) ~[ozone-manager-1.3.0-SNAPSHOT.jar:?]
	at org.apache.hadoop.hdds.server.OzoneProtocolMessageDispatcher.processRequest(OzoneProtocolMessageDispatcher.java:87) [hdds-server-framework-1.3.0-SNAPSHOT.jar:?]
	at org.apache.hadoop.ozone.protocolPB.OzoneManagerProtocolServerSideTranslatorPB.submitRequest(OzoneManagerProtocolServerSideTranslatorPB.java:147) [ozone-manager-1.3.0-SNAPSHOT.jar:?]
	at org.apache.hadoop.ozone.protocol.proto.OzoneManagerProtocolProtos$OzoneManagerService$2.callBlockingMethod(OzoneManagerProtocolProtos.java) [ozone-interface-client-1.3.0-SNAPSHOT.jar:?]
	at org.apache.hadoop.ipc.ProtobufRpcEngine$Server.processCall(ProtobufRpcEngine.java:466) [hadoop-common-3.3.1.jar:?]
	at org.apache.hadoop.ipc.ProtobufRpcEngine2$Server$ProtoBufRpcInvoker.call(ProtobufRpcEngine2.java:574) [hadoop-common-3.3.1.jar:?]
	at org.apache.hadoop.ipc.ProtobufRpcEngine2$Server$ProtoBufRpcInvoker.call(ProtobufRpcEngine2.java:552) [hadoop-common-3.3.1.jar:?]
	at org.apache.hadoop.ipc.RPC$Server.call(RPC.java:1093) [hadoop-common-3.3.1.jar:?]
	at org.apache.hadoop.ipc.Server$RpcCall.run(Server.java:1035) [hadoop-common-3.3.1.jar:?]
	at org.apache.hadoop.ipc.Server$RpcCall.run(Server.java:963) [hadoop-common-3.3.1.jar:?]
	at java.security.AccessController.doPrivileged(Native Method) ~[?:1.8.0_332]
	at javax.security.auth.Subject.doAs(Subject.java:422) [?:1.8.0_332]
	at org.apache.hadoop.security.UserGroupInformation.doAs(UserGroupInformation.java:1878) [hadoop-common-3.3.1.jar:?]
	at org.apache.hadoop.ipc.Server$Handler.run(Server.java:2966) [hadoop-common-3.3.1.jar:?]
23:22:56.333 [IPC Server handler 3 on default port 43683] ERROR OMAudit - user=runner | ip=127.0.0.1 | op=GET_FILE_STATUS {volume=8359986e-d4d6-4280-a60d-20a83ad694e5, bucket=8e003e89-85ac-4cc3-a180-81e3241aa4bd, key=.Trash, dataSize=0, replicationConfig=null} | ret=FAILURE
org.apache.hadoop.ozone.om.exceptions.OMException: Unable to get file status: volume: 8359986e-d4d6-4280-a60d-20a83ad694e5 bucket: 8e003e89-85ac-4cc3-a180-81e3241aa4bd key: .Trash
	at org.apache.hadoop.ozone.om.KeyManagerImpl.getOzoneFileStatus(KeyManagerImpl.java:1311) ~[ozone-manager-1.3.0-SNAPSHOT.jar:?]
	at org.apache.hadoop.ozone.om.KeyManagerImpl.getFileStatus(KeyManagerImpl.java:1241) ~[ozone-manager-1.3.0-SNAPSHOT.jar:?]
	at org.apache.hadoop.ozone.om.OzoneManager.getFileStatus(OzoneManager.java:3419) ~[ozone-manager-1.3.0-SNAPSHOT.jar:?]
	at org.apache.hadoop.ozone.protocolPB.OzoneManagerRequestHandler.getOzoneFileStatus(OzoneManagerRequestHandler.java:871) ~[ozone-manager-1.3.0-SNAPSHOT.jar:?]
	at org.apache.hadoop.ozone.protocolPB.OzoneManagerRequestHandler.handleReadRequest(OzoneManagerRequestHandler.java:217) ~[ozone-manager-1.3.0-SNAPSHOT.jar:?]
	at org.apache.hadoop.ozone.protocolPB.OzoneManagerProtocolServerSideTranslatorPB.submitRequestDirectlyToOM(OzoneManagerProtocolServerSideTranslatorPB.java:276) ~[ozone-manager-1.3.0-SNAPSHOT.jar:?]
	at org.apache.hadoop.ozone.protocolPB.OzoneManagerProtocolServerSideTranslatorPB.processRequest(OzoneManagerProtocolServerSideTranslatorPB.java:205) ~[ozone-manager-1.3.0-SNAPSHOT.jar:?]
	at org.apache.hadoop.hdds.server.OzoneProtocolMessageDispatcher.processRequest(OzoneProtocolMessageDispatcher.java:87) [hdds-server-framework-1.3.0-SNAPSHOT.jar:?]
	at org.apache.hadoop.ozone.protocolPB.OzoneManagerProtocolServerSideTranslatorPB.submitRequest(OzoneManagerProtocolServerSideTranslatorPB.java:147) [ozone-manager-1.3.0-SNAPSHOT.jar:?]
	at org.apache.hadoop.ozone.protocol.proto.OzoneManagerProtocolProtos$OzoneManagerService$2.callBlockingMethod(OzoneManagerProtocolProtos.java) [ozone-interface-client-1.3.0-SNAPSHOT.jar:?]
	at org.apache.hadoop.ipc.ProtobufRpcEngine$Server.processCall(ProtobufRpcEngine.java:466) [hadoop-common-3.3.1.jar:?]
	at org.apache.hadoop.ipc.ProtobufRpcEngine2$Server$ProtoBufRpcInvoker.call(ProtobufRpcEngine2.java:574) [hadoop-common-3.3.1.jar:?]
	at org.apache.hadoop.ipc.ProtobufRpcEngine2$Server$ProtoBufRpcInvoker.call(ProtobufRpcEngine2.java:552) [hadoop-common-3.3.1.jar:?]
	at org.apache.hadoop.ipc.RPC$Server.call(RPC.java:1093) [hadoop-common-3.3.1.jar:?]
	at org.apache.hadoop.ipc.Server$RpcCall.run(Server.java:1035) [hadoop-common-3.3.1.jar:?]
	at org.apache.hadoop.ipc.Server$RpcCall.run(Server.java:963) [hadoop-common-3.3.1.jar:?]
	at java.security.AccessController.doPrivileged(Native Method) ~[?:1.8.0_332]
	at javax.security.auth.Subject.doAs(Subject.java:422) [?:1.8.0_332]
	at org.apache.hadoop.security.UserGroupInformation.doAs(UserGroupInformation.java:1878) [hadoop-common-3.3.1.jar:?]
	at org.apache.hadoop.ipc.Server$Handler.run(Server.java:2966) [hadoop-common-3.3.1.jar:?]
23:22:56.335 [IPC Server handler 14 on default port 43683] ERROR OMAudit - user=runner | ip=127.0.0.1 | op=GET_FILE_STATUS {volume=volume13683, bucket=bucket37428, key=.Trash, dataSize=0, replicationConfig=null} | ret=FAILURE
org.apache.hadoop.ozone.om.exceptions.OMException: Unable to get file status: volume: volume13683 bucket: bucket37428 key: .Trash
	at org.apache.hadoop.ozone.om.KeyManagerImpl.getOzoneFileStatus(KeyManagerImpl.java:1311) ~[ozone-manager-1.3.0-SNAPSHOT.jar:?]
	at org.apache.hadoop.ozone.om.KeyManagerImpl.getFileStatus(KeyManagerImpl.java:1241) ~[ozone-manager-1.3.0-SNAPSHOT.jar:?]
	at org.apache.hadoop.ozone.om.OzoneManager.getFileStatus(OzoneManager.java:3419) ~[ozone-manager-1.3.0-SNAPSHOT.jar:?]
	at org.apache.hadoop.ozone.protocolPB.OzoneManagerRequestHandler.getOzoneFileStatus(OzoneManagerRequestHandler.java:871) ~[ozone-manager-1.3.0-SNAPSHOT.jar:?]
	at org.apache.hadoop.ozone.protocolPB.OzoneManagerRequestHandler.handleReadRequest(OzoneManagerRequestHandler.java:217) ~[ozone-manager-1.3.0-SNAPSHOT.jar:?]
	at org.apache.hadoop.ozone.protocolPB.OzoneManagerProtocolServerSideTranslatorPB.submitRequestDirectlyToOM(OzoneManagerProtocolServerSideTranslatorPB.java:276) ~[ozone-manager-1.3.0-SNAPSHOT.jar:?]
	at org.apache.hadoop.ozone.protocolPB.OzoneManagerProtocolServerSideTranslatorPB.processRequest(OzoneManagerProtocolServerSideTranslatorPB.java:205) ~[ozone-manager-1.3.0-SNAPSHOT.jar:?]
	at org.apache.hadoop.hdds.server.OzoneProtocolMessageDispatcher.processRequest(OzoneProtocolMessageDispatcher.java:87) [hdds-server-framework-1.3.0-SNAPSHOT.jar:?]
	at org.apache.hadoop.ozone.protocolPB.OzoneManagerProtocolServerSideTranslatorPB.submitRequest(OzoneManagerProtocolServerSideTranslatorPB.java:147) [ozone-manager-1.3.0-SNAPSHOT.jar:?]
	at org.apache.hadoop.ozone.protocol.proto.OzoneManagerProtocolProtos$OzoneManagerService$2.callBlockingMethod(OzoneManagerProtocolProtos.java) [ozone-interface-client-1.3.0-SNAPSHOT.jar:?]
	at org.apache.hadoop.ipc.ProtobufRpcEngine$Server.processCall(ProtobufRpcEngine.java:466) [hadoop-common-3.3.1.jar:?]
	at org.apache.hadoop.ipc.ProtobufRpcEngine2$Server$ProtoBufRpcInvoker.call(ProtobufRpcEngine2.java:574) [hadoop-common-3.3.1.jar:?]
	at org.apache.hadoop.ipc.ProtobufRpcEngine2$Server$ProtoBufRpcInvoker.call(ProtobufRpcEngine2.java:552) [hadoop-common-3.3.1.jar:?]
	at org.apache.hadoop.ipc.RPC$Server.call(RPC.java:1093) [hadoop-common-3.3.1.jar:?]
	at org.apache.hadoop.ipc.Server$RpcCall.run(Server.java:1035) [hadoop-common-3.3.1.jar:?]
	at org.apache.hadoop.ipc.Server$RpcCall.run(Server.java:963) [hadoop-common-3.3.1.jar:?]
	at java.security.AccessController.doPrivileged(Native Method) ~[?:1.8.0_332]
	at javax.security.auth.Subject.doAs(Subject.java:422) [?:1.8.0_332]
	at org.apache.hadoop.security.UserGroupInformation.doAs(UserGroupInformation.java:1878) [hadoop-common-3.3.1.jar:?]
	at org.apache.hadoop.ipc.Server$Handler.run(Server.java:2966) [hadoop-common-3.3.1.jar:?]
23:22:56.350 [IPC Server handler 2 on default port 43683] ERROR OMAudit - user=runner | ip=127.0.0.1 | op=GET_FILE_STATUS {volume=volume13683, bucket=bucket37428, key=.Trash/runner, dataSize=0, replicationConfig=null} | ret=FAILURE
org.apache.hadoop.ozone.om.exceptions.OMException: Unable to get file status: volume: volume13683 bucket: bucket37428 key: .Trash/runner
	at org.apache.hadoop.ozone.om.KeyManagerImpl.getOzoneFileStatus(KeyManagerImpl.java:1311) ~[ozone-manager-1.3.0-SNAPSHOT.jar:?]
	at org.apache.hadoop.ozone.om.KeyManagerImpl.getFileStatus(KeyManagerImpl.java:1241) ~[ozone-manager-1.3.0-SNAPSHOT.jar:?]
	at org.apache.hadoop.ozone.om.OzoneManager.getFileStatus(OzoneManager.java:3419) ~[ozone-manager-1.3.0-SNAPSHOT.jar:?]
	at org.apache.hadoop.ozone.protocolPB.OzoneManagerRequestHandler.getOzoneFileStatus(OzoneManagerRequestHandler.java:871) ~[ozone-manager-1.3.0-SNAPSHOT.jar:?]
	at org.apache.hadoop.ozone.protocolPB.OzoneManagerRequestHandler.handleReadRequest(OzoneManagerRequestHandler.java:217) ~[ozone-manager-1.3.0-SNAPSHOT.jar:?]
	at org.apache.hadoop.ozone.protocolPB.OzoneManagerProtocolServerSideTranslatorPB.submitRequestDirectlyToOM(OzoneManagerProtocolServerSideTranslatorPB.java:276) ~[ozone-manager-1.3.0-SNAPSHOT.jar:?]
	at org.apache.hadoop.ozone.protocolPB.OzoneManagerProtocolServerSideTranslatorPB.processRequest(OzoneManagerProtocolServerSideTranslatorPB.java:205) ~[ozone-manager-1.3.0-SNAPSHOT.jar:?]
	at org.apache.hadoop.hdds.server.OzoneProtocolMessageDispatcher.processRequest(OzoneProtocolMessageDispatcher.java:87) [hdds-server-framework-1.3.0-SNAPSHOT.jar:?]
	at org.apache.hadoop.ozone.protocolPB.OzoneManagerProtocolServerSideTranslatorPB.submitRequest(OzoneManagerProtocolServerSideTranslatorPB.java:147) [ozone-manager-1.3.0-SNAPSHOT.jar:?]
	at org.apache.hadoop.ozone.protocol.proto.OzoneManagerProtocolProtos$OzoneManagerService$2.callBlockingMethod(OzoneManagerProtocolProtos.java) [ozone-interface-client-1.3.0-SNAPSHOT.jar:?]
	at org.apache.hadoop.ipc.ProtobufRpcEngine$Server.processCall(ProtobufRpcEngine.java:466) [hadoop-common-3.3.1.jar:?]
	at org.apache.hadoop.ipc.ProtobufRpcEngine2$Server$ProtoBufRpcInvoker.call(ProtobufRpcEngine2.java:574) [hadoop-common-3.3.1.jar:?]
	at org.apache.hadoop.ipc.ProtobufRpcEngine2$Server$ProtoBufRpcInvoker.call(ProtobufRpcEngine2.java:552) [hadoop-common-3.3.1.jar:?]
	at org.apache.hadoop.ipc.RPC$Server.call(RPC.java:1093) [hadoop-common-3.3.1.jar:?]
	at org.apache.hadoop.ipc.Server$RpcCall.run(Server.java:1035) [hadoop-common-3.3.1.jar:?]
	at org.apache.hadoop.ipc.Server$RpcCall.run(Server.java:963) [hadoop-common-3.3.1.jar:?]
	at java.security.AccessController.doPrivileged(Native Method) ~[?:1.8.0_332]
	at javax.security.auth.Subject.doAs(Subject.java:422) [?:1.8.0_332]
	at org.apache.hadoop.security.UserGroupInformation.doAs(UserGroupInformation.java:1878) [hadoop-common-3.3.1.jar:?]
	at org.apache.hadoop.ipc.Server$Handler.run(Server.java:2966) [hadoop-common-3.3.1.jar:?]
23:22:56.365 [IPC Server handler 15 on default port 43683] ERROR OMAudit - user=runner | ip=127.0.0.1 | op=GET_FILE_STATUS {volume=volume73596, bucket=trashroottest2, key=.Trash/runner, dataSize=0, replicationConfig=null} | ret=FAILURE
org.apache.hadoop.ozone.om.exceptions.OMException: Unable to get file status: volume: volume73596 bucket: trashroottest2 key: .Trash/runner
	at org.apache.hadoop.ozone.om.KeyManagerImpl.getOzoneFileStatus(KeyManagerImpl.java:1311) ~[ozone-manager-1.3.0-SNAPSHOT.jar:?]
	at org.apache.hadoop.ozone.om.KeyManagerImpl.getFileStatus(KeyManagerImpl.java:1241) ~[ozone-manager-1.3.0-SNAPSHOT.jar:?]
	at org.apache.hadoop.ozone.om.OzoneManager.getFileStatus(OzoneManager.java:3419) ~[ozone-manager-1.3.0-SNAPSHOT.jar:?]
	at org.apache.hadoop.ozone.protocolPB.OzoneManagerRequestHandler.getOzoneFileStatus(OzoneManagerRequestHandler.java:871) ~[ozone-manager-1.3.0-SNAPSHOT.jar:?]
	at org.apache.hadoop.ozone.protocolPB.OzoneManagerRequestHandler.handleReadRequest(OzoneManagerRequestHandler.java:217) ~[ozone-manager-1.3.0-SNAPSHOT.jar:?]
	at org.apache.hadoop.ozone.protocolPB.OzoneManagerProtocolServerSideTranslatorPB.submitRequestDirectlyToOM(OzoneManagerProtocolServerSideTranslatorPB.java:276) ~[ozone-manager-1.3.0-SNAPSHOT.jar:?]
	at org.apache.hadoop.ozone.protocolPB.OzoneManagerProtocolServerSideTranslatorPB.processRequest(OzoneManagerProtocolServerSideTranslatorPB.java:205) ~[ozone-manager-1.3.0-SNAPSHOT.jar:?]
	at org.apache.hadoop.hdds.server.OzoneProtocolMessageDispatcher.processRequest(OzoneProtocolMessageDispatcher.java:87) [hdds-server-framework-1.3.0-SNAPSHOT.jar:?]
	at org.apache.hadoop.ozone.protocolPB.OzoneManagerProtocolServerSideTranslatorPB.submitRequest(OzoneManagerProtocolServerSideTranslatorPB.java:147) [ozone-manager-1.3.0-SNAPSHOT.jar:?]
	at org.apache.hadoop.ozone.protocol.proto.OzoneManagerProtocolProtos$OzoneManagerService$2.callBlockingMethod(OzoneManagerProtocolProtos.java) [ozone-interface-client-1.3.0-SNAPSHOT.jar:?]
	at org.apache.hadoop.ipc.ProtobufRpcEngine$Server.processCall(ProtobufRpcEngine.java:466) [hadoop-common-3.3.1.jar:?]
	at org.apache.hadoop.ipc.ProtobufRpcEngine2$Server$ProtoBufRpcInvoker.call(ProtobufRpcEngine2.java:574) [hadoop-common-3.3.1.jar:?]
	at org.apache.hadoop.ipc.ProtobufRpcEngine2$Server$ProtoBufRpcInvoker.call(ProtobufRpcEngine2.java:552) [hadoop-common-3.3.1.jar:?]
	at org.apache.hadoop.ipc.RPC$Server.call(RPC.java:1093) [hadoop-common-3.3.1.jar:?]
	at org.apache.hadoop.ipc.Server$RpcCall.run(Server.java:1035) [hadoop-common-3.3.1.jar:?]
	at org.apache.hadoop.ipc.Server$RpcCall.run(Server.java:963) [hadoop-common-3.3.1.jar:?]
	at java.security.AccessController.doPrivileged(Native Method) ~[?:1.8.0_332]
	at javax.security.auth.Subject.doAs(Subject.java:422) [?:1.8.0_332]
	at org.apache.hadoop.security.UserGroupInformation.doAs(UserGroupInformation.java:1878) [hadoop-common-3.3.1.jar:?]
	at org.apache.hadoop.ipc.Server$Handler.run(Server.java:2966) [hadoop-common-3.3.1.jar:?]
23:22:56.367 [IPC Server handler 1 on default port 43683] ERROR OMAudit - user=runner | ip=127.0.0.1 | op=GET_FILE_STATUS {volume=8359986e-d4d6-4280-a60d-20a83ad694e5, bucket=8e003e89-85ac-4cc3-a180-81e3241aa4bd, key=.Trash, dataSize=0, replicationConfig=null} | ret=FAILURE
org.apache.hadoop.ozone.om.exceptions.OMException: Unable to get file status: volume: 8359986e-d4d6-4280-a60d-20a83ad694e5 bucket: 8e003e89-85ac-4cc3-a180-81e3241aa4bd key: .Trash
	at org.apache.hadoop.ozone.om.KeyManagerImpl.getOzoneFileStatus(KeyManagerImpl.java:1311) ~[ozone-manager-1.3.0-SNAPSHOT.jar:?]
	at org.apache.hadoop.ozone.om.KeyManagerImpl.getFileStatus(KeyManagerImpl.java:1241) ~[ozone-manager-1.3.0-SNAPSHOT.jar:?]
	at org.apache.hadoop.ozone.om.OzoneManager.getFileStatus(OzoneManager.java:3419) ~[ozone-manager-1.3.0-SNAPSHOT.jar:?]
	at org.apache.hadoop.ozone.protocolPB.OzoneManagerRequestHandler.getOzoneFileStatus(OzoneManagerRequestHandler.java:871) ~[ozone-manager-1.3.0-SNAPSHOT.jar:?]
	at org.apache.hadoop.ozone.protocolPB.OzoneManagerRequestHandler.handleReadRequest(OzoneManagerRequestHandler.java:217) ~[ozone-manager-1.3.0-SNAPSHOT.jar:?]
	at org.apache.hadoop.ozone.protocolPB.OzoneManagerProtocolServerSideTranslatorPB.submitRequestDirectlyToOM(OzoneManagerProtocolServerSideTranslatorPB.java:276) ~[ozone-manager-1.3.0-SNAPSHOT.jar:?]
	at org.apache.hadoop.ozone.protocolPB.OzoneManagerProtocolServerSideTranslatorPB.processRequest(OzoneManagerProtocolServerSideTranslatorPB.java:205) ~[ozone-manager-1.3.0-SNAPSHOT.jar:?]
	at org.apache.hadoop.hdds.server.OzoneProtocolMessageDispatcher.processRequest(OzoneProtocolMessageDispatcher.java:87) [hdds-server-framework-1.3.0-SNAPSHOT.jar:?]
	at org.apache.hadoop.ozone.protocolPB.OzoneManagerProtocolServerSideTranslatorPB.submitRequest(OzoneManagerProtocolServerSideTranslatorPB.java:147) [ozone-manager-1.3.0-SNAPSHOT.jar:?]
	at org.apache.hadoop.ozone.protocol.proto.OzoneManagerProtocolProtos$OzoneManagerService$2.callBlockingMethod(OzoneManagerProtocolProtos.java) [ozone-interface-client-1.3.0-SNAPSHOT.jar:?]
	at org.apache.hadoop.ipc.ProtobufRpcEngine$Server.processCall(ProtobufRpcEngine.java:466) [hadoop-common-3.3.1.jar:?]
	at org.apache.hadoop.ipc.ProtobufRpcEngine2$Server$ProtoBufRpcInvoker.call(ProtobufRpcEngine2.java:574) [hadoop-common-3.3.1.jar:?]
	at org.apache.hadoop.ipc.ProtobufRpcEngine2$Server$ProtoBufRpcInvoker.call(ProtobufRpcEngine2.java:552) [hadoop-common-3.3.1.jar:?]
	at org.apache.hadoop.ipc.RPC$Server.call(RPC.java:1093) [hadoop-common-3.3.1.jar:?]
	at org.apache.hadoop.ipc.Server$RpcCall.run(Server.java:1035) [hadoop-common-3.3.1.jar:?]
	at org.apache.hadoop.ipc.Server$RpcCall.run(Server.java:963) [hadoop-common-3.3.1.jar:?]
	at java.security.AccessController.doPrivileged(Native Method) ~[?:1.8.0_332]
	at javax.security.auth.Subject.doAs(Subject.java:422) [?:1.8.0_332]
	at org.apache.hadoop.security.UserGroupInformation.doAs(UserGroupInformation.java:1878) [hadoop-common-3.3.1.jar:?]
	at org.apache.hadoop.ipc.Server$Handler.run(Server.java:2966) [hadoop-common-3.3.1.jar:?]
23:22:56.369 [IPC Server handler 10 on default port 43683] ERROR OMAudit - user=runner | ip=127.0.0.1 | op=GET_FILE_STATUS {volume=volume13683, bucket=bucket37428, key=.Trash, dataSize=0, replicationConfig=null} | ret=FAILURE
org.apache.hadoop.ozone.om.exceptions.OMException: Unable to get file status: volume: volume13683 bucket: bucket37428 key: .Trash
	at org.apache.hadoop.ozone.om.KeyManagerImpl.getOzoneFileStatus(KeyManagerImpl.java:1311) ~[ozone-manager-1.3.0-SNAPSHOT.jar:?]
	at org.apache.hadoop.ozone.om.KeyManagerImpl.getFileStatus(KeyManagerImpl.java:1241) ~[ozone-manager-1.3.0-SNAPSHOT.jar:?]
	at org.apache.hadoop.ozone.om.OzoneManager.getFileStatus(OzoneManager.java:3419) ~[ozone-manager-1.3.0-SNAPSHOT.jar:?]
	at org.apache.hadoop.ozone.protocolPB.OzoneManagerRequestHandler.getOzoneFileStatus(OzoneManagerRequestHandler.java:871) ~[ozone-manager-1.3.0-SNAPSHOT.jar:?]
	at org.apache.hadoop.ozone.protocolPB.OzoneManagerRequestHandler.handleReadRequest(OzoneManagerRequestHandler.java:217) ~[ozone-manager-1.3.0-SNAPSHOT.jar:?]
	at org.apache.hadoop.ozone.protocolPB.OzoneManagerProtocolServerSideTranslatorPB.submitRequestDirectlyToOM(OzoneManagerProtocolServerSideTranslatorPB.java:276) ~[ozone-manager-1.3.0-SNAPSHOT.jar:?]
	at org.apache.hadoop.ozone.protocolPB.OzoneManagerProtocolServerSideTranslatorPB.processRequest(OzoneManagerProtocolServerSideTranslatorPB.java:205) ~[ozone-manager-1.3.0-SNAPSHOT.jar:?]
	at org.apache.hadoop.hdds.server.OzoneProtocolMessageDispatcher.processRequest(OzoneProtocolMessageDispatcher.java:87) [hdds-server-framework-1.3.0-SNAPSHOT.jar:?]
	at org.apache.hadoop.ozone.protocolPB.OzoneManagerProtocolServerSideTranslatorPB.submitRequest(OzoneManagerProtocolServerSideTranslatorPB.java:147) [ozone-manager-1.3.0-SNAPSHOT.jar:?]
	at org.apache.hadoop.ozone.protocol.proto.OzoneManagerProtocolProtos$OzoneManagerService$2.callBlockingMethod(OzoneManagerProtocolProtos.java) [ozone-interface-client-1.3.0-SNAPSHOT.jar:?]
	at org.apache.hadoop.ipc.ProtobufRpcEngine$Server.processCall(ProtobufRpcEngine.java:466) [hadoop-common-3.3.1.jar:?]
	at org.apache.hadoop.ipc.ProtobufRpcEngine2$Server$ProtoBufRpcInvoker.call(ProtobufRpcEngine2.java:574) [hadoop-common-3.3.1.jar:?]
	at org.apache.hadoop.ipc.ProtobufRpcEngine2$Server$ProtoBufRpcInvoker.call(ProtobufRpcEngine2.java:552) [hadoop-common-3.3.1.jar:?]
	at org.apache.hadoop.ipc.RPC$Server.call(RPC.java:1093) [hadoop-common-3.3.1.jar:?]
	at org.apache.hadoop.ipc.Server$RpcCall.run(Server.java:1035) [hadoop-common-3.3.1.jar:?]
	at org.apache.hadoop.ipc.Server$RpcCall.run(Server.java:963) [hadoop-common-3.3.1.jar:?]
	at java.security.AccessController.doPrivileged(Native Method) ~[?:1.8.0_332]
	at javax.security.auth.Subject.doAs(Subject.java:422) [?:1.8.0_332]
	at org.apache.hadoop.security.UserGroupInformation.doAs(UserGroupInformation.java:1878) [hadoop-common-3.3.1.jar:?]
	at org.apache.hadoop.ipc.Server$Handler.run(Server.java:2966) [hadoop-common-3.3.1.jar:?]
23:22:56.374 [IPC Server handler 19 on default port 43683] ERROR OMAudit - user=runner | ip=127.0.0.1 | op=GET_FILE_STATUS {volume=volume73596, bucket=trashroottest2, key=.Trash, dataSize=0, replicationConfig=null} | ret=FAILURE
org.apache.hadoop.ozone.om.exceptions.OMException: Unable to get file status: volume: volume73596 bucket: trashroottest2 key: .Trash
	at org.apache.hadoop.ozone.om.KeyManagerImpl.getOzoneFileStatus(KeyManagerImpl.java:1311) ~[ozone-manager-1.3.0-SNAPSHOT.jar:?]
	at org.apache.hadoop.ozone.om.KeyManagerImpl.getFileStatus(KeyManagerImpl.java:1241) ~[ozone-manager-1.3.0-SNAPSHOT.jar:?]
	at org.apache.hadoop.ozone.om.OzoneManager.getFileStatus(OzoneManager.java:3419) ~[ozone-manager-1.3.0-SNAPSHOT.jar:?]
	at org.apache.hadoop.ozone.protocolPB.OzoneManagerRequestHandler.getOzoneFileStatus(OzoneManagerRequestHandler.java:871) ~[ozone-manager-1.3.0-SNAPSHOT.jar:?]
	at org.apache.hadoop.ozone.protocolPB.OzoneManagerRequestHandler.handleReadRequest(OzoneManagerRequestHandler.java:217) ~[ozone-manager-1.3.0-SNAPSHOT.jar:?]
	at org.apache.hadoop.ozone.protocolPB.OzoneManagerProtocolServerSideTranslatorPB.submitRequestDirectlyToOM(OzoneManagerProtocolServerSideTranslatorPB.java:276) ~[ozone-manager-1.3.0-SNAPSHOT.jar:?]
	at org.apache.hadoop.ozone.protocolPB.OzoneManagerProtocolServerSideTranslatorPB.processRequest(OzoneManagerProtocolServerSideTranslatorPB.java:205) ~[ozone-manager-1.3.0-SNAPSHOT.jar:?]
	at org.apache.hadoop.hdds.server.OzoneProtocolMessageDispatcher.processRequest(OzoneProtocolMessageDispatcher.java:87) [hdds-server-framework-1.3.0-SNAPSHOT.jar:?]
	at org.apache.hadoop.ozone.protocolPB.OzoneManagerProtocolServerSideTranslatorPB.submitRequest(OzoneManagerProtocolServerSideTranslatorPB.java:147) [ozone-manager-1.3.0-SNAPSHOT.jar:?]
	at org.apache.hadoop.ozone.protocol.proto.OzoneManagerProtocolProtos$OzoneManagerService$2.callBlockingMethod(OzoneManagerProtocolProtos.java) [ozone-interface-client-1.3.0-SNAPSHOT.jar:?]
	at org.apache.hadoop.ipc.ProtobufRpcEngine$Server.processCall(ProtobufRpcEngine.java:466) [hadoop-common-3.3.1.jar:?]
	at org.apache.hadoop.ipc.ProtobufRpcEngine2$Server$ProtoBufRpcInvoker.call(ProtobufRpcEngine2.java:574) [hadoop-common-3.3.1.jar:?]
	at org.apache.hadoop.ipc.ProtobufRpcEngine2$Server$ProtoBufRpcInvoker.call(ProtobufRpcEngine2.java:552) [hadoop-common-3.3.1.jar:?]
	at org.apache.hadoop.ipc.RPC$Server.call(RPC.java:1093) [hadoop-common-3.3.1.jar:?]
	at org.apache.hadoop.ipc.Server$RpcCall.run(Server.java:1035) [hadoop-common-3.3.1.jar:?]
	at org.apache.hadoop.ipc.Server$RpcCall.run(Server.java:963) [hadoop-common-3.3.1.jar:?]
	at java.security.AccessController.doPrivileged(Native Method) ~[?:1.8.0_332]
	at javax.security.auth.Subject.doAs(Subject.java:422) [?:1.8.0_332]
	at org.apache.hadoop.security.UserGroupInformation.doAs(UserGroupInformation.java:1878) [hadoop-common-3.3.1.jar:?]
	at org.apache.hadoop.ipc.Server$Handler.run(Server.java:2966) [hadoop-common-3.3.1.jar:?]
23:22:56.384 [IPC Server handler 9 on default port 43683] ERROR OMAudit - user=runner | ip=127.0.0.1 | op=GET_FILE_STATUS {volume=volume13683, bucket=bucket37428, key=.Trash/runner, dataSize=0, replicationConfig=null} | ret=FAILURE
org.apache.hadoop.ozone.om.exceptions.OMException: Unable to get file status: volume: volume13683 bucket: bucket37428 key: .Trash/runner
	at org.apache.hadoop.ozone.om.KeyManagerImpl.getOzoneFileStatus(KeyManagerImpl.java:1311) ~[ozone-manager-1.3.0-SNAPSHOT.jar:?]
	at org.apache.hadoop.ozone.om.KeyManagerImpl.getFileStatus(KeyManagerImpl.java:1241) ~[ozone-manager-1.3.0-SNAPSHOT.jar:?]
	at org.apache.hadoop.ozone.om.OzoneManager.getFileStatus(OzoneManager.java:3419) ~[ozone-manager-1.3.0-SNAPSHOT.jar:?]
	at org.apache.hadoop.ozone.protocolPB.OzoneManagerRequestHandler.getOzoneFileStatus(OzoneManagerRequestHandler.java:871) ~[ozone-manager-1.3.0-SNAPSHOT.jar:?]
	at org.apache.hadoop.ozone.protocolPB.OzoneManagerRequestHandler.handleReadRequest(OzoneManagerRequestHandler.java:217) ~[ozone-manager-1.3.0-SNAPSHOT.jar:?]
	at org.apache.hadoop.ozone.protocolPB.OzoneManagerProtocolServerSideTranslatorPB.submitRequestDirectlyToOM(OzoneManagerProtocolServerSideTranslatorPB.java:276) ~[ozone-manager-1.3.0-SNAPSHOT.jar:?]
	at org.apache.hadoop.ozone.protocolPB.OzoneManagerProtocolServerSideTranslatorPB.processRequest(OzoneManagerProtocolServerSideTranslatorPB.java:205) ~[ozone-manager-1.3.0-SNAPSHOT.jar:?]
	at org.apache.hadoop.hdds.server.OzoneProtocolMessageDispatcher.processRequest(OzoneProtocolMessageDispatcher.java:87) [hdds-server-framework-1.3.0-SNAPSHOT.jar:?]
	at org.apache.hadoop.ozone.protocolPB.OzoneManagerProtocolServerSideTranslatorPB.submitRequest(OzoneManagerProtocolServerSideTranslatorPB.java:147) [ozone-manager-1.3.0-SNAPSHOT.jar:?]
	at org.apache.hadoop.ozone.protocol.proto.OzoneManagerProtocolProtos$OzoneManagerService$2.callBlockingMethod(OzoneManagerProtocolProtos.java) [ozone-interface-client-1.3.0-SNAPSHOT.jar:?]
	at org.apache.hadoop.ipc.ProtobufRpcEngine$Server.processCall(ProtobufRpcEngine.java:466) [hadoop-common-3.3.1.jar:?]
	at org.apache.hadoop.ipc.ProtobufRpcEngine2$Server$ProtoBufRpcInvoker.call(ProtobufRpcEngine2.java:574) [hadoop-common-3.3.1.jar:?]
	at org.apache.hadoop.ipc.ProtobufRpcEngine2$Server$ProtoBufRpcInvoker.call(ProtobufRpcEngine2.java:552) [hadoop-common-3.3.1.jar:?]
	at org.apache.hadoop.ipc.RPC$Server.call(RPC.java:1093) [hadoop-common-3.3.1.jar:?]
	at org.apache.hadoop.ipc.Server$RpcCall.run(Server.java:1035) [hadoop-common-3.3.1.jar:?]
	at org.apache.hadoop.ipc.Server$RpcCall.run(Server.java:963) [hadoop-common-3.3.1.jar:?]
	at java.security.AccessController.doPrivileged(Native Method) ~[?:1.8.0_332]
	at javax.security.auth.Subject.doAs(Subject.java:422) [?:1.8.0_332]
	at org.apache.hadoop.security.UserGroupInformation.doAs(UserGroupInformation.java:1878) [hadoop-common-3.3.1.jar:?]
	at org.apache.hadoop.ipc.Server$Handler.run(Server.java:2966) [hadoop-common-3.3.1.jar:?]
23:22:56.387 [IPC Server handler 10 on default port 43683] ERROR OMAudit - user=runner | ip=127.0.0.1 | op=GET_FILE_STATUS {volume=volume73596, bucket=trashroottest2, key=.Trash/runner, dataSize=0, replicationConfig=null} | ret=FAILURE
org.apache.hadoop.ozone.om.exceptions.OMException: Unable to get file status: volume: volume73596 bucket: trashroottest2 key: .Trash/runner
	at org.apache.hadoop.ozone.om.KeyManagerImpl.getOzoneFileStatus(KeyManagerImpl.java:1311) ~[ozone-manager-1.3.0-SNAPSHOT.jar:?]
	at org.apache.hadoop.ozone.om.KeyManagerImpl.getFileStatus(KeyManagerImpl.java:1241) ~[ozone-manager-1.3.0-SNAPSHOT.jar:?]
	at org.apache.hadoop.ozone.om.OzoneManager.getFileStatus(OzoneManager.java:3419) ~[ozone-manager-1.3.0-SNAPSHOT.jar:?]
	at org.apache.hadoop.ozone.protocolPB.OzoneManagerRequestHandler.getOzoneFileStatus(OzoneManagerRequestHandler.java:871) ~[ozone-manager-1.3.0-SNAPSHOT.jar:?]
	at org.apache.hadoop.ozone.protocolPB.OzoneManagerRequestHandler.handleReadRequest(OzoneManagerRequestHandler.java:217) ~[ozone-manager-1.3.0-SNAPSHOT.jar:?]
	at org.apache.hadoop.ozone.protocolPB.OzoneManagerProtocolServerSideTranslatorPB.submitRequestDirectlyToOM(OzoneManagerProtocolServerSideTranslatorPB.java:276) ~[ozone-manager-1.3.0-SNAPSHOT.jar:?]
	at org.apache.hadoop.ozone.protocolPB.OzoneManagerProtocolServerSideTranslatorPB.processRequest(OzoneManagerProtocolServerSideTranslatorPB.java:205) ~[ozone-manager-1.3.0-SNAPSHOT.jar:?]
	at org.apache.hadoop.hdds.server.OzoneProtocolMessageDispatcher.processRequest(OzoneProtocolMessageDispatcher.java:87) [hdds-server-framework-1.3.0-SNAPSHOT.jar:?]
	at org.apache.hadoop.ozone.protocolPB.OzoneManagerProtocolServerSideTranslatorPB.submitRequest(OzoneManagerProtocolServerSideTranslatorPB.java:147) [ozone-manager-1.3.0-SNAPSHOT.jar:?]
	at org.apache.hadoop.ozone.protocol.proto.OzoneManagerProtocolProtos$OzoneManagerService$2.callBlockingMethod(OzoneManagerProtocolProtos.java) [ozone-interface-client-1.3.0-SNAPSHOT.jar:?]
	at org.apache.hadoop.ipc.ProtobufRpcEngine$Server.processCall(ProtobufRpcEngine.java:466) [hadoop-common-3.3.1.jar:?]
	at org.apache.hadoop.ipc.ProtobufRpcEngine2$Server$ProtoBufRpcInvoker.call(ProtobufRpcEngine2.java:574) [hadoop-common-3.3.1.jar:?]
	at org.apache.hadoop.ipc.ProtobufRpcEngine2$Server$ProtoBufRpcInvoker.call(ProtobufRpcEngine2.java:552) [hadoop-common-3.3.1.jar:?]
	at org.apache.hadoop.ipc.RPC$Server.call(RPC.java:1093) [hadoop-common-3.3.1.jar:?]
	at org.apache.hadoop.ipc.Server$RpcCall.run(Server.java:1035) [hadoop-common-3.3.1.jar:?]
	at org.apache.hadoop.ipc.Server$RpcCall.run(Server.java:963) [hadoop-common-3.3.1.jar:?]
	at java.security.AccessController.doPrivileged(Native Method) ~[?:1.8.0_332]
	at javax.security.auth.Subject.doAs(Subject.java:422) [?:1.8.0_332]
	at org.apache.hadoop.security.UserGroupInformation.doAs(UserGroupInformation.java:1878) [hadoop-common-3.3.1.jar:?]
	at org.apache.hadoop.ipc.Server$Handler.run(Server.java:2966) [hadoop-common-3.3.1.jar:?]
23:22:56.390 [IPC Server handler 11 on default port 43683] ERROR OMAudit - user=runner | ip=127.0.0.1 | op=GET_FILE_STATUS {volume=8359986e-d4d6-4280-a60d-20a83ad694e5, bucket=8e003e89-85ac-4cc3-a180-81e3241aa4bd, key=.Trash, dataSize=0, replicationConfig=null} | ret=FAILURE
org.apache.hadoop.ozone.om.exceptions.OMException: Unable to get file status: volume: 8359986e-d4d6-4280-a60d-20a83ad694e5 bucket: 8e003e89-85ac-4cc3-a180-81e3241aa4bd key: .Trash
	at org.apache.hadoop.ozone.om.KeyManagerImpl.getOzoneFileStatus(KeyManagerImpl.java:1311) ~[ozone-manager-1.3.0-SNAPSHOT.jar:?]
	at org.apache.hadoop.ozone.om.KeyManagerImpl.getFileStatus(KeyManagerImpl.java:1241) ~[ozone-manager-1.3.0-SNAPSHOT.jar:?]
	at org.apache.hadoop.ozone.om.OzoneManager.getFileStatus(OzoneManager.java:3419) ~[ozone-manager-1.3.0-SNAPSHOT.jar:?]
	at org.apache.hadoop.ozone.protocolPB.OzoneManagerRequestHandler.getOzoneFileStatus(OzoneManagerRequestHandler.java:871) ~[ozone-manager-1.3.0-SNAPSHOT.jar:?]
	at org.apache.hadoop.ozone.protocolPB.OzoneManagerRequestHandler.handleReadRequest(OzoneManagerRequestHandler.java:217) ~[ozone-manager-1.3.0-SNAPSHOT.jar:?]
	at org.apache.hadoop.ozone.protocolPB.OzoneManagerProtocolServerSideTranslatorPB.submitRequestDirectlyToOM(OzoneManagerProtocolServerSideTranslatorPB.java:276) ~[ozone-manager-1.3.0-SNAPSHOT.jar:?]
	at org.apache.hadoop.ozone.protocolPB.OzoneManagerProtocolServerSideTranslatorPB.processRequest(OzoneManagerProtocolServerSideTranslatorPB.java:205) ~[ozone-manager-1.3.0-SNAPSHOT.jar:?]
	at org.apache.hadoop.hdds.server.OzoneProtocolMessageDispatcher.processRequest(OzoneProtocolMessageDispatcher.java:87) [hdds-server-framework-1.3.0-SNAPSHOT.jar:?]
	at org.apache.hadoop.ozone.protocolPB.OzoneManagerProtocolServerSideTranslatorPB.submitRequest(OzoneManagerProtocolServerSideTranslatorPB.java:147) [ozone-manager-1.3.0-SNAPSHOT.jar:?]
	at org.apache.hadoop.ozone.protocol.proto.OzoneManagerProtocolProtos$OzoneManagerService$2.callBlockingMethod(OzoneManagerProtocolProtos.java) [ozone-interface-client-1.3.0-SNAPSHOT.jar:?]
	at org.apache.hadoop.ipc.ProtobufRpcEngine$Server.processCall(ProtobufRpcEngine.java:466) [hadoop-common-3.3.1.jar:?]
	at org.apache.hadoop.ipc.ProtobufRpcEngine2$Server$ProtoBufRpcInvoker.call(ProtobufRpcEngine2.java:574) [hadoop-common-3.3.1.jar:?]
	at org.apache.hadoop.ipc.ProtobufRpcEngine2$Server$ProtoBufRpcInvoker.call(ProtobufRpcEngine2.java:552) [hadoop-common-3.3.1.jar:?]
	at org.apache.hadoop.ipc.RPC$Server.call(RPC.java:1093) [hadoop-common-3.3.1.jar:?]
	at org.apache.hadoop.ipc.Server$RpcCall.run(Server.java:1035) [hadoop-common-3.3.1.jar:?]
	at org.apache.hadoop.ipc.Server$RpcCall.run(Server.java:963) [hadoop-common-3.3.1.jar:?]
	at java.security.AccessController.doPrivileged(Native Method) ~[?:1.8.0_332]
	at javax.security.auth.Subject.doAs(Subject.java:422) [?:1.8.0_332]
	at org.apache.hadoop.security.UserGroupInformation.doAs(UserGroupInformation.java:1878) [hadoop-common-3.3.1.jar:?]
	at org.apache.hadoop.ipc.Server$Handler.run(Server.java:2966) [hadoop-common-3.3.1.jar:?]
23:22:56.392 [IPC Server handler 19 on default port 43683] ERROR OMAudit - user=runner | ip=127.0.0.1 | op=GET_FILE_STATUS {volume=volume13683, bucket=bucket37428, key=.Trash, dataSize=0, replicationConfig=null} | ret=FAILURE
org.apache.hadoop.ozone.om.exceptions.OMException: Unable to get file status: volume: volume13683 bucket: bucket37428 key: .Trash
	at org.apache.hadoop.ozone.om.KeyManagerImpl.getOzoneFileStatus(KeyManagerImpl.java:1311) ~[ozone-manager-1.3.0-SNAPSHOT.jar:?]
	at org.apache.hadoop.ozone.om.KeyManagerImpl.getFileStatus(KeyManagerImpl.java:1241) ~[ozone-manager-1.3.0-SNAPSHOT.jar:?]
	at org.apache.hadoop.ozone.om.OzoneManager.getFileStatus(OzoneManager.java:3419) ~[ozone-manager-1.3.0-SNAPSHOT.jar:?]
	at org.apache.hadoop.ozone.protocolPB.OzoneManagerRequestHandler.getOzoneFileStatus(OzoneManagerRequestHandler.java:871) ~[ozone-manager-1.3.0-SNAPSHOT.jar:?]
	at org.apache.hadoop.ozone.protocolPB.OzoneManagerRequestHandler.handleReadRequest(OzoneManagerRequestHandler.java:217) ~[ozone-manager-1.3.0-SNAPSHOT.jar:?]
	at org.apache.hadoop.ozone.protocolPB.OzoneManagerProtocolServerSideTranslatorPB.submitRequestDirectlyToOM(OzoneManagerProtocolServerSideTranslatorPB.java:276) ~[ozone-manager-1.3.0-SNAPSHOT.jar:?]
	at org.apache.hadoop.ozone.protocolPB.OzoneManagerProtocolServerSideTranslatorPB.processRequest(OzoneManagerProtocolServerSideTranslatorPB.java:205) ~[ozone-manager-1.3.0-SNAPSHOT.jar:?]
	at org.apache.hadoop.hdds.server.OzoneProtocolMessageDispatcher.processRequest(OzoneProtocolMessageDispatcher.java:87) [hdds-server-framework-1.3.0-SNAPSHOT.jar:?]
	at org.apache.hadoop.ozone.protocolPB.OzoneManagerProtocolServerSideTranslatorPB.submitRequest(OzoneManagerProtocolServerSideTranslatorPB.java:147) [ozone-manager-1.3.0-SNAPSHOT.jar:?]
	at org.apache.hadoop.ozone.protocol.proto.OzoneManagerProtocolProtos$OzoneManagerService$2.callBlockingMethod(OzoneManagerProtocolProtos.java) [ozone-interface-client-1.3.0-SNAPSHOT.jar:?]
	at org.apache.hadoop.ipc.ProtobufRpcEngine$Server.processCall(ProtobufRpcEngine.java:466) [hadoop-common-3.3.1.jar:?]
	at org.apache.hadoop.ipc.ProtobufRpcEngine2$Server$ProtoBufRpcInvoker.call(ProtobufRpcEngine2.java:574) [hadoop-common-3.3.1.jar:?]
	at org.apache.hadoop.ipc.ProtobufRpcEngine2$Server$ProtoBufRpcInvoker.call(ProtobufRpcEngine2.java:552) [hadoop-common-3.3.1.jar:?]
	at org.apache.hadoop.ipc.RPC$Server.call(RPC.java:1093) [hadoop-common-3.3.1.jar:?]
	at org.apache.hadoop.ipc.Server$RpcCall.run(Server.java:1035) [hadoop-common-3.3.1.jar:?]
	at org.apache.hadoop.ipc.Server$RpcCall.run(Server.java:963) [hadoop-common-3.3.1.jar:?]
	at java.security.AccessController.doPrivileged(Native Method) ~[?:1.8.0_332]
	at javax.security.auth.Subject.doAs(Subject.java:422) [?:1.8.0_332]
	at org.apache.hadoop.security.UserGroupInformation.doAs(UserGroupInformation.java:1878) [hadoop-common-3.3.1.jar:?]
	at org.apache.hadoop.ipc.Server$Handler.run(Server.java:2966) [hadoop-common-3.3.1.jar:?]
23:22:56.395 [IPC Server handler 7 on default port 43683] ERROR OMAudit - user=runner | ip=127.0.0.1 | op=GET_FILE_STATUS {volume=volume73596, bucket=trashroottest2, key=.Trash, dataSize=0, replicationConfig=null} | ret=FAILURE
org.apache.hadoop.ozone.om.exceptions.OMException: Unable to get file status: volume: volume73596 bucket: trashroottest2 key: .Trash
	at org.apache.hadoop.ozone.om.KeyManagerImpl.getOzoneFileStatus(KeyManagerImpl.java:1311) ~[ozone-manager-1.3.0-SNAPSHOT.jar:?]
	at org.apache.hadoop.ozone.om.KeyManagerImpl.getFileStatus(KeyManagerImpl.java:1241) ~[ozone-manager-1.3.0-SNAPSHOT.jar:?]
	at org.apache.hadoop.ozone.om.OzoneManager.getFileStatus(OzoneManager.java:3419) ~[ozone-manager-1.3.0-SNAPSHOT.jar:?]
	at org.apache.hadoop.ozone.protocolPB.OzoneManagerRequestHandler.getOzoneFileStatus(OzoneManagerRequestHandler.java:871) ~[ozone-manager-1.3.0-SNAPSHOT.jar:?]
	at org.apache.hadoop.ozone.protocolPB.OzoneManagerRequestHandler.handleReadRequest(OzoneManagerRequestHandler.java:217) ~[ozone-manager-1.3.0-SNAPSHOT.jar:?]
	at org.apache.hadoop.ozone.protocolPB.OzoneManagerProtocolServerSideTranslatorPB.submitRequestDirectlyToOM(OzoneManagerProtocolServerSideTranslatorPB.java:276) ~[ozone-manager-1.3.0-SNAPSHOT.jar:?]
	at org.apache.hadoop.ozone.protocolPB.OzoneManagerProtocolServerSideTranslatorPB.processRequest(OzoneManagerProtocolServerSideTranslatorPB.java:205) ~[ozone-manager-1.3.0-SNAPSHOT.jar:?]
	at org.apache.hadoop.hdds.server.OzoneProtocolMessageDispatcher.processRequest(OzoneProtocolMessageDispatcher.java:87) [hdds-server-framework-1.3.0-SNAPSHOT.jar:?]
	at org.apache.hadoop.ozone.protocolPB.OzoneManagerProtocolServerSideTranslatorPB.submitRequest(OzoneManagerProtocolServerSideTranslatorPB.java:147) [ozone-manager-1.3.0-SNAPSHOT.jar:?]
	at org.apache.hadoop.ozone.protocol.proto.OzoneManagerProtocolProtos$OzoneManagerService$2.callBlockingMethod(OzoneManagerProtocolProtos.java) [ozone-interface-client-1.3.0-SNAPSHOT.jar:?]
	at org.apache.hadoop.ipc.ProtobufRpcEngine$Server.processCall(ProtobufRpcEngine.java:466) [hadoop-common-3.3.1.jar:?]
	at org.apache.hadoop.ipc.ProtobufRpcEngine2$Server$ProtoBufRpcInvoker.call(ProtobufRpcEngine2.java:574) [hadoop-common-3.3.1.jar:?]
	at org.apache.hadoop.ipc.ProtobufRpcEngine2$Server$ProtoBufRpcInvoker.call(ProtobufRpcEngine2.java:552) [hadoop-common-3.3.1.jar:?]
	at org.apache.hadoop.ipc.RPC$Server.call(RPC.java:1093) [hadoop-common-3.3.1.jar:?]
	at org.apache.hadoop.ipc.Server$RpcCall.run(Server.java:1035) [hadoop-common-3.3.1.jar:?]
	at org.apache.hadoop.ipc.Server$RpcCall.run(Server.java:963) [hadoop-common-3.3.1.jar:?]
	at java.security.AccessController.doPrivileged(Native Method) ~[?:1.8.0_332]
	at javax.security.auth.Subject.doAs(Subject.java:422) [?:1.8.0_332]
	at org.apache.hadoop.security.UserGroupInformation.doAs(UserGroupInformation.java:1878) [hadoop-common-3.3.1.jar:?]
	at org.apache.hadoop.ipc.Server$Handler.run(Server.java:2966) [hadoop-common-3.3.1.jar:?]
23:22:56.403 [IPC Server handler 6 on default port 43683] ERROR OMAudit - user=runner | ip=127.0.0.1 | op=GET_FILE_STATUS {volume=volume73596, bucket=bucket20796, key=.Trash/runner, dataSize=0, replicationConfig=null} | ret=FAILURE
org.apache.hadoop.ozone.om.exceptions.OMException: Unable to get file status: volume: volume73596 bucket: bucket20796 key: .Trash/runner
	at org.apache.hadoop.ozone.om.KeyManagerImpl.getOzoneFileStatus(KeyManagerImpl.java:1311) ~[ozone-manager-1.3.0-SNAPSHOT.jar:?]
	at org.apache.hadoop.ozone.om.KeyManagerImpl.getFileStatus(KeyManagerImpl.java:1241) ~[ozone-manager-1.3.0-SNAPSHOT.jar:?]
	at org.apache.hadoop.ozone.om.OzoneManager.getFileStatus(OzoneManager.java:3419) ~[ozone-manager-1.3.0-SNAPSHOT.jar:?]
	at org.apache.hadoop.ozone.protocolPB.OzoneManagerRequestHandler.getOzoneFileStatus(OzoneManagerRequestHandler.java:871) ~[ozone-manager-1.3.0-SNAPSHOT.jar:?]
	at org.apache.hadoop.ozone.protocolPB.OzoneManagerRequestHandler.handleReadRequest(OzoneManagerRequestHandler.java:217) ~[ozone-manager-1.3.0-SNAPSHOT.jar:?]
	at org.apache.hadoop.ozone.protocolPB.OzoneManagerProtocolServerSideTranslatorPB.submitRequestDirectlyToOM(OzoneManagerProtocolServerSideTranslatorPB.java:276) ~[ozone-manager-1.3.0-SNAPSHOT.jar:?]
	at org.apache.hadoop.ozone.protocolPB.OzoneManagerProtocolServerSideTranslatorPB.processRequest(OzoneManagerProtocolServerSideTranslatorPB.java:205) ~[ozone-manager-1.3.0-SNAPSHOT.jar:?]
	at org.apache.hadoop.hdds.server.OzoneProtocolMessageDispatcher.processRequest(OzoneProtocolMessageDispatcher.java:87) [hdds-server-framework-1.3.0-SNAPSHOT.jar:?]
	at org.apache.hadoop.ozone.protocolPB.OzoneManagerProtocolServerSideTranslatorPB.submitRequest(OzoneManagerProtocolServerSideTranslatorPB.java:147) [ozone-manager-1.3.0-SNAPSHOT.jar:?]
	at org.apache.hadoop.ozone.protocol.proto.OzoneManagerProtocolProtos$OzoneManagerService$2.callBlockingMethod(OzoneManagerProtocolProtos.java) [ozone-interface-client-1.3.0-SNAPSHOT.jar:?]
	at org.apache.hadoop.ipc.ProtobufRpcEngine$Server.processCall(ProtobufRpcEngine.java:466) [hadoop-common-3.3.1.jar:?]
	at org.apache.hadoop.ipc.ProtobufRpcEngine2$Server$ProtoBufRpcInvoker.call(ProtobufRpcEngine2.java:574) [hadoop-common-3.3.1.jar:?]
	at org.apache.hadoop.ipc.ProtobufRpcEngine2$Server$ProtoBufRpcInvoker.call(ProtobufRpcEngine2.java:552) [hadoop-common-3.3.1.jar:?]
	at org.apache.hadoop.ipc.RPC$Server.call(RPC.java:1093) [hadoop-common-3.3.1.jar:?]
	at org.apache.hadoop.ipc.Server$RpcCall.run(Server.java:1035) [hadoop-common-3.3.1.jar:?]
	at org.apache.hadoop.ipc.Server$RpcCall.run(Server.java:963) [hadoop-common-3.3.1.jar:?]
	at java.security.AccessController.doPrivileged(Native Method) ~[?:1.8.0_332]
	at javax.security.auth.Subject.doAs(Subject.java:422) [?:1.8.0_332]
	at org.apache.hadoop.security.UserGroupInformation.doAs(UserGroupInformation.java:1878) [hadoop-common-3.3.1.jar:?]
	at org.apache.hadoop.ipc.Server$Handler.run(Server.java:2966) [hadoop-common-3.3.1.jar:?]
23:22:56.406 [IPC Server handler 9 on default port 43683] ERROR OMAudit - user=runner | ip=127.0.0.1 | op=GET_FILE_STATUS {volume=8359986e-d4d6-4280-a60d-20a83ad694e5, bucket=8e003e89-85ac-4cc3-a180-81e3241aa4bd, key=.Trash, dataSize=0, replicationConfig=null} | ret=FAILURE
org.apache.hadoop.ozone.om.exceptions.OMException: Unable to get file status: volume: 8359986e-d4d6-4280-a60d-20a83ad694e5 bucket: 8e003e89-85ac-4cc3-a180-81e3241aa4bd key: .Trash
	at org.apache.hadoop.ozone.om.KeyManagerImpl.getOzoneFileStatus(KeyManagerImpl.java:1311) ~[ozone-manager-1.3.0-SNAPSHOT.jar:?]
	at org.apache.hadoop.ozone.om.KeyManagerImpl.getFileStatus(KeyManagerImpl.java:1241) ~[ozone-manager-1.3.0-SNAPSHOT.jar:?]
	at org.apache.hadoop.ozone.om.OzoneManager.getFileStatus(OzoneManager.java:3419) ~[ozone-manager-1.3.0-SNAPSHOT.jar:?]
	at org.apache.hadoop.ozone.protocolPB.OzoneManagerRequestHandler.getOzoneFileStatus(OzoneManagerRequestHandler.java:871) ~[ozone-manager-1.3.0-SNAPSHOT.jar:?]
	at org.apache.hadoop.ozone.protocolPB.OzoneManagerRequestHandler.handleReadRequest(OzoneManagerRequestHandler.java:217) ~[ozone-manager-1.3.0-SNAPSHOT.jar:?]
	at org.apache.hadoop.ozone.protocolPB.OzoneManagerProtocolServerSideTranslatorPB.submitRequestDirectlyToOM(OzoneManagerProtocolServerSideTranslatorPB.java:276) ~[ozone-manager-1.3.0-SNAPSHOT.jar:?]
	at org.apache.hadoop.ozone.protocolPB.OzoneManagerProtocolServerSideTranslatorPB.processRequest(OzoneManagerProtocolServerSideTranslatorPB.java:205) ~[ozone-manager-1.3.0-SNAPSHOT.jar:?]
	at org.apache.hadoop.hdds.server.OzoneProtocolMessageDispatcher.processRequest(OzoneProtocolMessageDispatcher.java:87) [hdds-server-framework-1.3.0-SNAPSHOT.jar:?]
	at org.apache.hadoop.ozone.protocolPB.OzoneManagerProtocolServerSideTranslatorPB.submitRequest(OzoneManagerProtocolServerSideTranslatorPB.java:147) [ozone-manager-1.3.0-SNAPSHOT.jar:?]
	at org.apache.hadoop.ozone.protocol.proto.OzoneManagerProtocolProtos$OzoneManagerService$2.callBlockingMethod(OzoneManagerProtocolProtos.java) [ozone-interface-client-1.3.0-SNAPSHOT.jar:?]
	at org.apache.hadoop.ipc.ProtobufRpcEngine$Server.processCall(ProtobufRpcEngine.java:466) [hadoop-common-3.3.1.jar:?]
	at org.apache.hadoop.ipc.ProtobufRpcEngine2$Server$ProtoBufRpcInvoker.call(ProtobufRpcEngine2.java:574) [hadoop-common-3.3.1.jar:?]
	at org.apache.hadoop.ipc.ProtobufRpcEngine2$Server$ProtoBufRpcInvoker.call(ProtobufRpcEngine2.java:552) [hadoop-common-3.3.1.jar:?]
	at org.apache.hadoop.ipc.RPC$Server.call(RPC.java:1093) [hadoop-common-3.3.1.jar:?]
	at org.apache.hadoop.ipc.Server$RpcCall.run(Server.java:1035) [hadoop-common-3.3.1.jar:?]
	at org.apache.hadoop.ipc.Server$RpcCall.run(Server.java:963) [hadoop-common-3.3.1.jar:?]
	at java.security.AccessController.doPrivileged(Native Method) ~[?:1.8.0_332]
	at javax.security.auth.Subject.doAs(Subject.java:422) [?:1.8.0_332]
	at org.apache.hadoop.security.UserGroupInformation.doAs(UserGroupInformation.java:1878) [hadoop-common-3.3.1.jar:?]
	at org.apache.hadoop.ipc.Server$Handler.run(Server.java:2966) [hadoop-common-3.3.1.jar:?]
]]></system-out>
  </testcase>
  <testcase name="testGetTrashRoots" classname="TestRootedOzoneFileSystem" time="1">
    <system-out><![CDATA[2022-07-12 23:24:20,037 [Time-limited test] INFO  rpc.RpcClient (RpcClient.java:createVolume(466)) - Creating Volume: volume77069, with user67098 as owner and space quota set to -1 bytes, counts quota set to -1
2022-07-12 23:24:20,039 [OM StateMachine ApplyTransaction Thread - 0] INFO  volume.OMVolumeCreateRequest (OMVolumeCreateRequest.java:validateAndUpdateCache(195)) - created volume:volume77069 for user:user67098
2022-07-12 23:24:20,040 [Time-limited test] INFO  rpc.RpcClient (RpcClient.java:createBucket(669)) - Creating Bucket: volume77069/bucket07464, with bucket layout LEGACY, runner as owner, Versioning false, Storage Type set to DISK and Encryption set to false 
2022-07-12 23:24:20,045 [OM StateMachine ApplyTransaction Thread - 0] INFO  bucket.OMBucketCreateRequest (OMBucketCreateRequest.java:validateAndUpdateCache(260)) - created bucket: bucket07464 of layout LEGACY in volume: volume77069
23:24:20.065 [IPC Server handler 13 on default port 45473] ERROR OMAudit - user=runner | ip=127.0.0.1 | op=GET_FILE_STATUS {volume=volume77069, bucket=bucket07464, key=.Trash/runner, dataSize=0, replicationConfig=null} | ret=FAILURE
org.apache.hadoop.ozone.om.exceptions.OMException: Unable to get file status: volume: volume77069 bucket: bucket07464 key: .Trash/runner
	at org.apache.hadoop.ozone.om.KeyManagerImpl.getOzoneFileStatus(KeyManagerImpl.java:1311) ~[ozone-manager-1.3.0-SNAPSHOT.jar:?]
	at org.apache.hadoop.ozone.om.KeyManagerImpl.getFileStatus(KeyManagerImpl.java:1241) ~[ozone-manager-1.3.0-SNAPSHOT.jar:?]
	at org.apache.hadoop.ozone.om.OzoneManager.getFileStatus(OzoneManager.java:3419) ~[ozone-manager-1.3.0-SNAPSHOT.jar:?]
	at org.apache.hadoop.ozone.protocolPB.OzoneManagerRequestHandler.getOzoneFileStatus(OzoneManagerRequestHandler.java:871) ~[ozone-manager-1.3.0-SNAPSHOT.jar:?]
	at org.apache.hadoop.ozone.protocolPB.OzoneManagerRequestHandler.handleReadRequest(OzoneManagerRequestHandler.java:217) ~[ozone-manager-1.3.0-SNAPSHOT.jar:?]
	at org.apache.hadoop.ozone.protocolPB.OzoneManagerProtocolServerSideTranslatorPB.submitReadRequestToOM(OzoneManagerProtocolServerSideTranslatorPB.java:226) ~[ozone-manager-1.3.0-SNAPSHOT.jar:?]
	at org.apache.hadoop.ozone.protocolPB.OzoneManagerProtocolServerSideTranslatorPB.processRequest(OzoneManagerProtocolServerSideTranslatorPB.java:175) ~[ozone-manager-1.3.0-SNAPSHOT.jar:?]
	at org.apache.hadoop.hdds.server.OzoneProtocolMessageDispatcher.processRequest(OzoneProtocolMessageDispatcher.java:87) [hdds-server-framework-1.3.0-SNAPSHOT.jar:?]
	at org.apache.hadoop.ozone.protocolPB.OzoneManagerProtocolServerSideTranslatorPB.submitRequest(OzoneManagerProtocolServerSideTranslatorPB.java:147) [ozone-manager-1.3.0-SNAPSHOT.jar:?]
	at org.apache.hadoop.ozone.protocol.proto.OzoneManagerProtocolProtos$OzoneManagerService$2.callBlockingMethod(OzoneManagerProtocolProtos.java) [ozone-interface-client-1.3.0-SNAPSHOT.jar:?]
	at org.apache.hadoop.ipc.ProtobufRpcEngine$Server.processCall(ProtobufRpcEngine.java:466) [hadoop-common-3.3.1.jar:?]
	at org.apache.hadoop.ipc.ProtobufRpcEngine2$Server$ProtoBufRpcInvoker.call(ProtobufRpcEngine2.java:574) [hadoop-common-3.3.1.jar:?]
	at org.apache.hadoop.ipc.ProtobufRpcEngine2$Server$ProtoBufRpcInvoker.call(ProtobufRpcEngine2.java:552) [hadoop-common-3.3.1.jar:?]
	at org.apache.hadoop.ipc.RPC$Server.call(RPC.java:1093) [hadoop-common-3.3.1.jar:?]
	at org.apache.hadoop.ipc.Server$RpcCall.run(Server.java:1035) [hadoop-common-3.3.1.jar:?]
	at org.apache.hadoop.ipc.Server$RpcCall.run(Server.java:963) [hadoop-common-3.3.1.jar:?]
	at java.security.AccessController.doPrivileged(Native Method) ~[?:1.8.0_332]
	at javax.security.auth.Subject.doAs(Subject.java:422) [?:1.8.0_332]
	at org.apache.hadoop.security.UserGroupInformation.doAs(UserGroupInformation.java:1878) [hadoop-common-3.3.1.jar:?]
	at org.apache.hadoop.ipc.Server$Handler.run(Server.java:2966) [hadoop-common-3.3.1.jar:?]
23:24:20.067 [IPC Server handler 1 on default port 45473] ERROR OMAudit - user=runner | ip=127.0.0.1 | op=GET_FILE_STATUS {volume=263ecfca-7a7a-47d2-8d67-37d1f6598817, bucket=fe04985b-9c93-463e-9b8b-d671eb9098f9, key=.Trash, dataSize=0, replicationConfig=null} | ret=FAILURE
org.apache.hadoop.ozone.om.exceptions.OMException: Unable to get file status: volume: 263ecfca-7a7a-47d2-8d67-37d1f6598817 bucket: fe04985b-9c93-463e-9b8b-d671eb9098f9 key: .Trash
	at org.apache.hadoop.ozone.om.KeyManagerImpl.getOzoneFileStatus(KeyManagerImpl.java:1311) ~[ozone-manager-1.3.0-SNAPSHOT.jar:?]
	at org.apache.hadoop.ozone.om.KeyManagerImpl.getFileStatus(KeyManagerImpl.java:1241) ~[ozone-manager-1.3.0-SNAPSHOT.jar:?]
	at org.apache.hadoop.ozone.om.OzoneManager.getFileStatus(OzoneManager.java:3419) ~[ozone-manager-1.3.0-SNAPSHOT.jar:?]
	at org.apache.hadoop.ozone.protocolPB.OzoneManagerRequestHandler.getOzoneFileStatus(OzoneManagerRequestHandler.java:871) ~[ozone-manager-1.3.0-SNAPSHOT.jar:?]
	at org.apache.hadoop.ozone.protocolPB.OzoneManagerRequestHandler.handleReadRequest(OzoneManagerRequestHandler.java:217) ~[ozone-manager-1.3.0-SNAPSHOT.jar:?]
	at org.apache.hadoop.ozone.protocolPB.OzoneManagerProtocolServerSideTranslatorPB.submitReadRequestToOM(OzoneManagerProtocolServerSideTranslatorPB.java:226) ~[ozone-manager-1.3.0-SNAPSHOT.jar:?]
	at org.apache.hadoop.ozone.protocolPB.OzoneManagerProtocolServerSideTranslatorPB.processRequest(OzoneManagerProtocolServerSideTranslatorPB.java:175) ~[ozone-manager-1.3.0-SNAPSHOT.jar:?]
	at org.apache.hadoop.hdds.server.OzoneProtocolMessageDispatcher.processRequest(OzoneProtocolMessageDispatcher.java:87) [hdds-server-framework-1.3.0-SNAPSHOT.jar:?]
	at org.apache.hadoop.ozone.protocolPB.OzoneManagerProtocolServerSideTranslatorPB.submitRequest(OzoneManagerProtocolServerSideTranslatorPB.java:147) [ozone-manager-1.3.0-SNAPSHOT.jar:?]
	at org.apache.hadoop.ozone.protocol.proto.OzoneManagerProtocolProtos$OzoneManagerService$2.callBlockingMethod(OzoneManagerProtocolProtos.java) [ozone-interface-client-1.3.0-SNAPSHOT.jar:?]
	at org.apache.hadoop.ipc.ProtobufRpcEngine$Server.processCall(ProtobufRpcEngine.java:466) [hadoop-common-3.3.1.jar:?]
	at org.apache.hadoop.ipc.ProtobufRpcEngine2$Server$ProtoBufRpcInvoker.call(ProtobufRpcEngine2.java:574) [hadoop-common-3.3.1.jar:?]
	at org.apache.hadoop.ipc.ProtobufRpcEngine2$Server$ProtoBufRpcInvoker.call(ProtobufRpcEngine2.java:552) [hadoop-common-3.3.1.jar:?]
	at org.apache.hadoop.ipc.RPC$Server.call(RPC.java:1093) [hadoop-common-3.3.1.jar:?]
	at org.apache.hadoop.ipc.Server$RpcCall.run(Server.java:1035) [hadoop-common-3.3.1.jar:?]
	at org.apache.hadoop.ipc.Server$RpcCall.run(Server.java:963) [hadoop-common-3.3.1.jar:?]
	at java.security.AccessController.doPrivileged(Native Method) ~[?:1.8.0_332]
	at javax.security.auth.Subject.doAs(Subject.java:422) [?:1.8.0_332]
	at org.apache.hadoop.security.UserGroupInformation.doAs(UserGroupInformation.java:1878) [hadoop-common-3.3.1.jar:?]
	at org.apache.hadoop.ipc.Server$Handler.run(Server.java:2966) [hadoop-common-3.3.1.jar:?]
23:24:20.085 [IPC Server handler 7 on default port 45473] ERROR OMAudit - user=runner | ip=127.0.0.1 | op=GET_FILE_STATUS {volume=volume77069, bucket=bucket07464, key=.Trash, dataSize=0, replicationConfig=null} | ret=FAILURE
org.apache.hadoop.ozone.om.exceptions.OMException: Unable to get file status: volume: volume77069 bucket: bucket07464 key: .Trash
	at org.apache.hadoop.ozone.om.KeyManagerImpl.getOzoneFileStatus(KeyManagerImpl.java:1311) ~[ozone-manager-1.3.0-SNAPSHOT.jar:?]
	at org.apache.hadoop.ozone.om.KeyManagerImpl.getFileStatus(KeyManagerImpl.java:1241) ~[ozone-manager-1.3.0-SNAPSHOT.jar:?]
	at org.apache.hadoop.ozone.om.OzoneManager.getFileStatus(OzoneManager.java:3419) ~[ozone-manager-1.3.0-SNAPSHOT.jar:?]
	at org.apache.hadoop.ozone.protocolPB.OzoneManagerRequestHandler.getOzoneFileStatus(OzoneManagerRequestHandler.java:871) ~[ozone-manager-1.3.0-SNAPSHOT.jar:?]
	at org.apache.hadoop.ozone.protocolPB.OzoneManagerRequestHandler.handleReadRequest(OzoneManagerRequestHandler.java:217) ~[ozone-manager-1.3.0-SNAPSHOT.jar:?]
	at org.apache.hadoop.ozone.protocolPB.OzoneManagerProtocolServerSideTranslatorPB.submitReadRequestToOM(OzoneManagerProtocolServerSideTranslatorPB.java:226) ~[ozone-manager-1.3.0-SNAPSHOT.jar:?]
	at org.apache.hadoop.ozone.protocolPB.OzoneManagerProtocolServerSideTranslatorPB.processRequest(OzoneManagerProtocolServerSideTranslatorPB.java:175) ~[ozone-manager-1.3.0-SNAPSHOT.jar:?]
	at org.apache.hadoop.hdds.server.OzoneProtocolMessageDispatcher.processRequest(OzoneProtocolMessageDispatcher.java:87) [hdds-server-framework-1.3.0-SNAPSHOT.jar:?]
	at org.apache.hadoop.ozone.protocolPB.OzoneManagerProtocolServerSideTranslatorPB.submitRequest(OzoneManagerProtocolServerSideTranslatorPB.java:147) [ozone-manager-1.3.0-SNAPSHOT.jar:?]
	at org.apache.hadoop.ozone.protocol.proto.OzoneManagerProtocolProtos$OzoneManagerService$2.callBlockingMethod(OzoneManagerProtocolProtos.java) [ozone-interface-client-1.3.0-SNAPSHOT.jar:?]
	at org.apache.hadoop.ipc.ProtobufRpcEngine$Server.processCall(ProtobufRpcEngine.java:466) [hadoop-common-3.3.1.jar:?]
	at org.apache.hadoop.ipc.ProtobufRpcEngine2$Server$ProtoBufRpcInvoker.call(ProtobufRpcEngine2.java:574) [hadoop-common-3.3.1.jar:?]
	at org.apache.hadoop.ipc.ProtobufRpcEngine2$Server$ProtoBufRpcInvoker.call(ProtobufRpcEngine2.java:552) [hadoop-common-3.3.1.jar:?]
	at org.apache.hadoop.ipc.RPC$Server.call(RPC.java:1093) [hadoop-common-3.3.1.jar:?]
	at org.apache.hadoop.ipc.Server$RpcCall.run(Server.java:1035) [hadoop-common-3.3.1.jar:?]
	at org.apache.hadoop.ipc.Server$RpcCall.run(Server.java:963) [hadoop-common-3.3.1.jar:?]
	at java.security.AccessController.doPrivileged(Native Method) ~[?:1.8.0_332]
	at javax.security.auth.Subject.doAs(Subject.java:422) [?:1.8.0_332]
	at org.apache.hadoop.security.UserGroupInformation.doAs(UserGroupInformation.java:1878) [hadoop-common-3.3.1.jar:?]
	at org.apache.hadoop.ipc.Server$Handler.run(Server.java:2966) [hadoop-common-3.3.1.jar:?]
23:24:20.092 [IPC Server handler 6 on default port 45473] ERROR OMAudit - user=runner | ip=127.0.0.1 | op=GET_FILE_STATUS {volume=263ecfca-7a7a-47d2-8d67-37d1f6598817, bucket=fe04985b-9c93-463e-9b8b-d671eb9098f9, key=.Trash, dataSize=0, replicationConfig=null} | ret=FAILURE
org.apache.hadoop.ozone.om.exceptions.OMException: Unable to get file status: volume: 263ecfca-7a7a-47d2-8d67-37d1f6598817 bucket: fe04985b-9c93-463e-9b8b-d671eb9098f9 key: .Trash
	at org.apache.hadoop.ozone.om.KeyManagerImpl.getOzoneFileStatus(KeyManagerImpl.java:1311) ~[ozone-manager-1.3.0-SNAPSHOT.jar:?]
	at org.apache.hadoop.ozone.om.KeyManagerImpl.getFileStatus(KeyManagerImpl.java:1241) ~[ozone-manager-1.3.0-SNAPSHOT.jar:?]
	at org.apache.hadoop.ozone.om.OzoneManager.getFileStatus(OzoneManager.java:3419) ~[ozone-manager-1.3.0-SNAPSHOT.jar:?]
	at org.apache.hadoop.ozone.protocolPB.OzoneManagerRequestHandler.getOzoneFileStatus(OzoneManagerRequestHandler.java:871) ~[ozone-manager-1.3.0-SNAPSHOT.jar:?]
	at org.apache.hadoop.ozone.protocolPB.OzoneManagerRequestHandler.handleReadRequest(OzoneManagerRequestHandler.java:217) ~[ozone-manager-1.3.0-SNAPSHOT.jar:?]
	at org.apache.hadoop.ozone.protocolPB.OzoneManagerProtocolServerSideTranslatorPB.submitReadRequestToOM(OzoneManagerProtocolServerSideTranslatorPB.java:226) ~[ozone-manager-1.3.0-SNAPSHOT.jar:?]
	at org.apache.hadoop.ozone.protocolPB.OzoneManagerProtocolServerSideTranslatorPB.processRequest(OzoneManagerProtocolServerSideTranslatorPB.java:175) ~[ozone-manager-1.3.0-SNAPSHOT.jar:?]
	at org.apache.hadoop.hdds.server.OzoneProtocolMessageDispatcher.processRequest(OzoneProtocolMessageDispatcher.java:87) [hdds-server-framework-1.3.0-SNAPSHOT.jar:?]
	at org.apache.hadoop.ozone.protocolPB.OzoneManagerProtocolServerSideTranslatorPB.submitRequest(OzoneManagerProtocolServerSideTranslatorPB.java:147) [ozone-manager-1.3.0-SNAPSHOT.jar:?]
	at org.apache.hadoop.ozone.protocol.proto.OzoneManagerProtocolProtos$OzoneManagerService$2.callBlockingMethod(OzoneManagerProtocolProtos.java) [ozone-interface-client-1.3.0-SNAPSHOT.jar:?]
	at org.apache.hadoop.ipc.ProtobufRpcEngine$Server.processCall(ProtobufRpcEngine.java:466) [hadoop-common-3.3.1.jar:?]
	at org.apache.hadoop.ipc.ProtobufRpcEngine2$Server$ProtoBufRpcInvoker.call(ProtobufRpcEngine2.java:574) [hadoop-common-3.3.1.jar:?]
	at org.apache.hadoop.ipc.ProtobufRpcEngine2$Server$ProtoBufRpcInvoker.call(ProtobufRpcEngine2.java:552) [hadoop-common-3.3.1.jar:?]
	at org.apache.hadoop.ipc.RPC$Server.call(RPC.java:1093) [hadoop-common-3.3.1.jar:?]
	at org.apache.hadoop.ipc.Server$RpcCall.run(Server.java:1035) [hadoop-common-3.3.1.jar:?]
	at org.apache.hadoop.ipc.Server$RpcCall.run(Server.java:963) [hadoop-common-3.3.1.jar:?]
	at java.security.AccessController.doPrivileged(Native Method) ~[?:1.8.0_332]
	at javax.security.auth.Subject.doAs(Subject.java:422) [?:1.8.0_332]
	at org.apache.hadoop.security.UserGroupInformation.doAs(UserGroupInformation.java:1878) [hadoop-common-3.3.1.jar:?]
	at org.apache.hadoop.ipc.Server$Handler.run(Server.java:2966) [hadoop-common-3.3.1.jar:?]
23:24:20.115 [IPC Server handler 15 on default port 45473] ERROR OMAudit - user=runner | ip=127.0.0.1 | op=GET_FILE_STATUS {volume=263ecfca-7a7a-47d2-8d67-37d1f6598817, bucket=fe04985b-9c93-463e-9b8b-d671eb9098f9, key=.Trash, dataSize=0, replicationConfig=null} | ret=FAILURE
org.apache.hadoop.ozone.om.exceptions.OMException: Unable to get file status: volume: 263ecfca-7a7a-47d2-8d67-37d1f6598817 bucket: fe04985b-9c93-463e-9b8b-d671eb9098f9 key: .Trash
	at org.apache.hadoop.ozone.om.KeyManagerImpl.getOzoneFileStatus(KeyManagerImpl.java:1311) ~[ozone-manager-1.3.0-SNAPSHOT.jar:?]
	at org.apache.hadoop.ozone.om.KeyManagerImpl.getFileStatus(KeyManagerImpl.java:1241) ~[ozone-manager-1.3.0-SNAPSHOT.jar:?]
	at org.apache.hadoop.ozone.om.OzoneManager.getFileStatus(OzoneManager.java:3419) ~[ozone-manager-1.3.0-SNAPSHOT.jar:?]
	at org.apache.hadoop.ozone.protocolPB.OzoneManagerRequestHandler.getOzoneFileStatus(OzoneManagerRequestHandler.java:871) ~[ozone-manager-1.3.0-SNAPSHOT.jar:?]
	at org.apache.hadoop.ozone.protocolPB.OzoneManagerRequestHandler.handleReadRequest(OzoneManagerRequestHandler.java:217) ~[ozone-manager-1.3.0-SNAPSHOT.jar:?]
	at org.apache.hadoop.ozone.protocolPB.OzoneManagerProtocolServerSideTranslatorPB.submitReadRequestToOM(OzoneManagerProtocolServerSideTranslatorPB.java:226) ~[ozone-manager-1.3.0-SNAPSHOT.jar:?]
	at org.apache.hadoop.ozone.protocolPB.OzoneManagerProtocolServerSideTranslatorPB.processRequest(OzoneManagerProtocolServerSideTranslatorPB.java:175) ~[ozone-manager-1.3.0-SNAPSHOT.jar:?]
	at org.apache.hadoop.hdds.server.OzoneProtocolMessageDispatcher.processRequest(OzoneProtocolMessageDispatcher.java:87) [hdds-server-framework-1.3.0-SNAPSHOT.jar:?]
	at org.apache.hadoop.ozone.protocolPB.OzoneManagerProtocolServerSideTranslatorPB.submitRequest(OzoneManagerProtocolServerSideTranslatorPB.java:147) [ozone-manager-1.3.0-SNAPSHOT.jar:?]
	at org.apache.hadoop.ozone.protocol.proto.OzoneManagerProtocolProtos$OzoneManagerService$2.callBlockingMethod(OzoneManagerProtocolProtos.java) [ozone-interface-client-1.3.0-SNAPSHOT.jar:?]
	at org.apache.hadoop.ipc.ProtobufRpcEngine$Server.processCall(ProtobufRpcEngine.java:466) [hadoop-common-3.3.1.jar:?]
	at org.apache.hadoop.ipc.ProtobufRpcEngine2$Server$ProtoBufRpcInvoker.call(ProtobufRpcEngine2.java:574) [hadoop-common-3.3.1.jar:?]
	at org.apache.hadoop.ipc.ProtobufRpcEngine2$Server$ProtoBufRpcInvoker.call(ProtobufRpcEngine2.java:552) [hadoop-common-3.3.1.jar:?]
	at org.apache.hadoop.ipc.RPC$Server.call(RPC.java:1093) [hadoop-common-3.3.1.jar:?]
	at org.apache.hadoop.ipc.Server$RpcCall.run(Server.java:1035) [hadoop-common-3.3.1.jar:?]
	at org.apache.hadoop.ipc.Server$RpcCall.run(Server.java:963) [hadoop-common-3.3.1.jar:?]
	at java.security.AccessController.doPrivileged(Native Method) ~[?:1.8.0_332]
	at javax.security.auth.Subject.doAs(Subject.java:422) [?:1.8.0_332]
	at org.apache.hadoop.security.UserGroupInformation.doAs(UserGroupInformation.java:1878) [hadoop-common-3.3.1.jar:?]
	at org.apache.hadoop.ipc.Server$Handler.run(Server.java:2966) [hadoop-common-3.3.1.jar:?]
2022-07-12 23:24:20,119 [Time-limited test] INFO  rpc.RpcClient (RpcClient.java:createBucket(669)) - Creating Bucket: volume77069/trashroottest2, with bucket layout LEGACY, runner as owner, Versioning false, Storage Type set to DISK and Encryption set to false 
2022-07-12 23:24:20,120 [OM StateMachine ApplyTransaction Thread - 0] INFO  bucket.OMBucketCreateRequest (OMBucketCreateRequest.java:validateAndUpdateCache(260)) - created bucket: trashroottest2 of layout LEGACY in volume: volume77069
23:24:20.375 [IPC Server handler 8 on default port 45473] ERROR OMAudit - user=runner | ip=127.0.0.1 | op=GET_FILE_STATUS {volume=263ecfca-7a7a-47d2-8d67-37d1f6598817, bucket=fe04985b-9c93-463e-9b8b-d671eb9098f9, key=.Trash, dataSize=0, replicationConfig=null} | ret=FAILURE
org.apache.hadoop.ozone.om.exceptions.OMException: Unable to get file status: volume: 263ecfca-7a7a-47d2-8d67-37d1f6598817 bucket: fe04985b-9c93-463e-9b8b-d671eb9098f9 key: .Trash
	at org.apache.hadoop.ozone.om.KeyManagerImpl.getOzoneFileStatus(KeyManagerImpl.java:1311) ~[ozone-manager-1.3.0-SNAPSHOT.jar:?]
	at org.apache.hadoop.ozone.om.KeyManagerImpl.getFileStatus(KeyManagerImpl.java:1241) ~[ozone-manager-1.3.0-SNAPSHOT.jar:?]
	at org.apache.hadoop.ozone.om.OzoneManager.getFileStatus(OzoneManager.java:3419) ~[ozone-manager-1.3.0-SNAPSHOT.jar:?]
	at org.apache.hadoop.ozone.protocolPB.OzoneManagerRequestHandler.getOzoneFileStatus(OzoneManagerRequestHandler.java:871) ~[ozone-manager-1.3.0-SNAPSHOT.jar:?]
	at org.apache.hadoop.ozone.protocolPB.OzoneManagerRequestHandler.handleReadRequest(OzoneManagerRequestHandler.java:217) ~[ozone-manager-1.3.0-SNAPSHOT.jar:?]
	at org.apache.hadoop.ozone.protocolPB.OzoneManagerProtocolServerSideTranslatorPB.submitReadRequestToOM(OzoneManagerProtocolServerSideTranslatorPB.java:226) ~[ozone-manager-1.3.0-SNAPSHOT.jar:?]
	at org.apache.hadoop.ozone.protocolPB.OzoneManagerProtocolServerSideTranslatorPB.processRequest(OzoneManagerProtocolServerSideTranslatorPB.java:175) ~[ozone-manager-1.3.0-SNAPSHOT.jar:?]
	at org.apache.hadoop.hdds.server.OzoneProtocolMessageDispatcher.processRequest(OzoneProtocolMessageDispatcher.java:87) [hdds-server-framework-1.3.0-SNAPSHOT.jar:?]
	at org.apache.hadoop.ozone.protocolPB.OzoneManagerProtocolServerSideTranslatorPB.submitRequest(OzoneManagerProtocolServerSideTranslatorPB.java:147) [ozone-manager-1.3.0-SNAPSHOT.jar:?]
	at org.apache.hadoop.ozone.protocol.proto.OzoneManagerProtocolProtos$OzoneManagerService$2.callBlockingMethod(OzoneManagerProtocolProtos.java) [ozone-interface-client-1.3.0-SNAPSHOT.jar:?]
	at org.apache.hadoop.ipc.ProtobufRpcEngine$Server.processCall(ProtobufRpcEngine.java:466) [hadoop-common-3.3.1.jar:?]
	at org.apache.hadoop.ipc.ProtobufRpcEngine2$Server$ProtoBufRpcInvoker.call(ProtobufRpcEngine2.java:574) [hadoop-common-3.3.1.jar:?]
	at org.apache.hadoop.ipc.ProtobufRpcEngine2$Server$ProtoBufRpcInvoker.call(ProtobufRpcEngine2.java:552) [hadoop-common-3.3.1.jar:?]
	at org.apache.hadoop.ipc.RPC$Server.call(RPC.java:1093) [hadoop-common-3.3.1.jar:?]
	at org.apache.hadoop.ipc.Server$RpcCall.run(Server.java:1035) [hadoop-common-3.3.1.jar:?]
	at org.apache.hadoop.ipc.Server$RpcCall.run(Server.java:963) [hadoop-common-3.3.1.jar:?]
	at java.security.AccessController.doPrivileged(Native Method) ~[?:1.8.0_332]
	at javax.security.auth.Subject.doAs(Subject.java:422) [?:1.8.0_332]
	at org.apache.hadoop.security.UserGroupInformation.doAs(UserGroupInformation.java:1878) [hadoop-common-3.3.1.jar:?]
	at org.apache.hadoop.ipc.Server$Handler.run(Server.java:2966) [hadoop-common-3.3.1.jar:?]
23:24:20.431 [IPC Server handler 11 on default port 45473] ERROR OMAudit - user=runner | ip=127.0.0.1 | op=GET_FILE_STATUS {volume=263ecfca-7a7a-47d2-8d67-37d1f6598817, bucket=fe04985b-9c93-463e-9b8b-d671eb9098f9, key=.Trash, dataSize=0, replicationConfig=null} | ret=FAILURE
org.apache.hadoop.ozone.om.exceptions.OMException: Unable to get file status: volume: 263ecfca-7a7a-47d2-8d67-37d1f6598817 bucket: fe04985b-9c93-463e-9b8b-d671eb9098f9 key: .Trash
	at org.apache.hadoop.ozone.om.KeyManagerImpl.getOzoneFileStatus(KeyManagerImpl.java:1311) ~[ozone-manager-1.3.0-SNAPSHOT.jar:?]
	at org.apache.hadoop.ozone.om.KeyManagerImpl.getFileStatus(KeyManagerImpl.java:1241) ~[ozone-manager-1.3.0-SNAPSHOT.jar:?]
	at org.apache.hadoop.ozone.om.OzoneManager.getFileStatus(OzoneManager.java:3419) ~[ozone-manager-1.3.0-SNAPSHOT.jar:?]
	at org.apache.hadoop.ozone.protocolPB.OzoneManagerRequestHandler.getOzoneFileStatus(OzoneManagerRequestHandler.java:871) ~[ozone-manager-1.3.0-SNAPSHOT.jar:?]
	at org.apache.hadoop.ozone.protocolPB.OzoneManagerRequestHandler.handleReadRequest(OzoneManagerRequestHandler.java:217) ~[ozone-manager-1.3.0-SNAPSHOT.jar:?]
	at org.apache.hadoop.ozone.protocolPB.OzoneManagerProtocolServerSideTranslatorPB.submitReadRequestToOM(OzoneManagerProtocolServerSideTranslatorPB.java:226) ~[ozone-manager-1.3.0-SNAPSHOT.jar:?]
	at org.apache.hadoop.ozone.protocolPB.OzoneManagerProtocolServerSideTranslatorPB.processRequest(OzoneManagerProtocolServerSideTranslatorPB.java:175) ~[ozone-manager-1.3.0-SNAPSHOT.jar:?]
	at org.apache.hadoop.hdds.server.OzoneProtocolMessageDispatcher.processRequest(OzoneProtocolMessageDispatcher.java:87) [hdds-server-framework-1.3.0-SNAPSHOT.jar:?]
	at org.apache.hadoop.ozone.protocolPB.OzoneManagerProtocolServerSideTranslatorPB.submitRequest(OzoneManagerProtocolServerSideTranslatorPB.java:147) [ozone-manager-1.3.0-SNAPSHOT.jar:?]
	at org.apache.hadoop.ozone.protocol.proto.OzoneManagerProtocolProtos$OzoneManagerService$2.callBlockingMethod(OzoneManagerProtocolProtos.java) [ozone-interface-client-1.3.0-SNAPSHOT.jar:?]
	at org.apache.hadoop.ipc.ProtobufRpcEngine$Server.processCall(ProtobufRpcEngine.java:466) [hadoop-common-3.3.1.jar:?]
	at org.apache.hadoop.ipc.ProtobufRpcEngine2$Server$ProtoBufRpcInvoker.call(ProtobufRpcEngine2.java:574) [hadoop-common-3.3.1.jar:?]
	at org.apache.hadoop.ipc.ProtobufRpcEngine2$Server$ProtoBufRpcInvoker.call(ProtobufRpcEngine2.java:552) [hadoop-common-3.3.1.jar:?]
	at org.apache.hadoop.ipc.RPC$Server.call(RPC.java:1093) [hadoop-common-3.3.1.jar:?]
	at org.apache.hadoop.ipc.Server$RpcCall.run(Server.java:1035) [hadoop-common-3.3.1.jar:?]
	at org.apache.hadoop.ipc.Server$RpcCall.run(Server.java:963) [hadoop-common-3.3.1.jar:?]
	at java.security.AccessController.doPrivileged(Native Method) ~[?:1.8.0_332]
	at javax.security.auth.Subject.doAs(Subject.java:422) [?:1.8.0_332]
	at org.apache.hadoop.security.UserGroupInformation.doAs(UserGroupInformation.java:1878) [hadoop-common-3.3.1.jar:?]
	at org.apache.hadoop.ipc.Server$Handler.run(Server.java:2966) [hadoop-common-3.3.1.jar:?]
2022-07-12 23:24:20,566 [Time-limited test] INFO  rpc.RpcClient (RpcClient.java:createVolume(466)) - Creating Volume: volume56998, with user46851 as owner and space quota set to -1 bytes, counts quota set to -1
2022-07-12 23:24:20,572 [OM StateMachine ApplyTransaction Thread - 0] INFO  volume.OMVolumeCreateRequest (OMVolumeCreateRequest.java:validateAndUpdateCache(195)) - created volume:volume56998 for user:user46851
2022-07-12 23:24:20,576 [Time-limited test] INFO  rpc.RpcClient (RpcClient.java:createBucket(669)) - Creating Bucket: volume56998/bucket94106, with bucket layout LEGACY, runner as owner, Versioning false, Storage Type set to DISK and Encryption set to false 
2022-07-12 23:24:20,582 [OM StateMachine ApplyTransaction Thread - 0] INFO  bucket.OMBucketCreateRequest (OMBucketCreateRequest.java:validateAndUpdateCache(260)) - created bucket: bucket94106 of layout LEGACY in volume: volume56998
23:24:20.601 [IPC Server handler 13 on default port 45473] ERROR OMAudit - user=runner | ip=127.0.0.1 | op=GET_FILE_STATUS {volume=263ecfca-7a7a-47d2-8d67-37d1f6598817, bucket=fe04985b-9c93-463e-9b8b-d671eb9098f9, key=.Trash, dataSize=0, replicationConfig=null} | ret=FAILURE
org.apache.hadoop.ozone.om.exceptions.OMException: Unable to get file status: volume: 263ecfca-7a7a-47d2-8d67-37d1f6598817 bucket: fe04985b-9c93-463e-9b8b-d671eb9098f9 key: .Trash
	at org.apache.hadoop.ozone.om.KeyManagerImpl.getOzoneFileStatus(KeyManagerImpl.java:1311) ~[ozone-manager-1.3.0-SNAPSHOT.jar:?]
	at org.apache.hadoop.ozone.om.KeyManagerImpl.getFileStatus(KeyManagerImpl.java:1241) ~[ozone-manager-1.3.0-SNAPSHOT.jar:?]
	at org.apache.hadoop.ozone.om.OzoneManager.getFileStatus(OzoneManager.java:3419) ~[ozone-manager-1.3.0-SNAPSHOT.jar:?]
	at org.apache.hadoop.ozone.protocolPB.OzoneManagerRequestHandler.getOzoneFileStatus(OzoneManagerRequestHandler.java:871) ~[ozone-manager-1.3.0-SNAPSHOT.jar:?]
	at org.apache.hadoop.ozone.protocolPB.OzoneManagerRequestHandler.handleReadRequest(OzoneManagerRequestHandler.java:217) ~[ozone-manager-1.3.0-SNAPSHOT.jar:?]
	at org.apache.hadoop.ozone.protocolPB.OzoneManagerProtocolServerSideTranslatorPB.submitReadRequestToOM(OzoneManagerProtocolServerSideTranslatorPB.java:226) ~[ozone-manager-1.3.0-SNAPSHOT.jar:?]
	at org.apache.hadoop.ozone.protocolPB.OzoneManagerProtocolServerSideTranslatorPB.processRequest(OzoneManagerProtocolServerSideTranslatorPB.java:175) ~[ozone-manager-1.3.0-SNAPSHOT.jar:?]
	at org.apache.hadoop.hdds.server.OzoneProtocolMessageDispatcher.processRequest(OzoneProtocolMessageDispatcher.java:87) [hdds-server-framework-1.3.0-SNAPSHOT.jar:?]
	at org.apache.hadoop.ozone.protocolPB.OzoneManagerProtocolServerSideTranslatorPB.submitRequest(OzoneManagerProtocolServerSideTranslatorPB.java:147) [ozone-manager-1.3.0-SNAPSHOT.jar:?]
	at org.apache.hadoop.ozone.protocol.proto.OzoneManagerProtocolProtos$OzoneManagerService$2.callBlockingMethod(OzoneManagerProtocolProtos.java) [ozone-interface-client-1.3.0-SNAPSHOT.jar:?]
	at org.apache.hadoop.ipc.ProtobufRpcEngine$Server.processCall(ProtobufRpcEngine.java:466) [hadoop-common-3.3.1.jar:?]
	at org.apache.hadoop.ipc.ProtobufRpcEngine2$Server$ProtoBufRpcInvoker.call(ProtobufRpcEngine2.java:574) [hadoop-common-3.3.1.jar:?]
	at org.apache.hadoop.ipc.ProtobufRpcEngine2$Server$ProtoBufRpcInvoker.call(ProtobufRpcEngine2.java:552) [hadoop-common-3.3.1.jar:?]
	at org.apache.hadoop.ipc.RPC$Server.call(RPC.java:1093) [hadoop-common-3.3.1.jar:?]
	at org.apache.hadoop.ipc.Server$RpcCall.run(Server.java:1035) [hadoop-common-3.3.1.jar:?]
	at org.apache.hadoop.ipc.Server$RpcCall.run(Server.java:963) [hadoop-common-3.3.1.jar:?]
	at java.security.AccessController.doPrivileged(Native Method) ~[?:1.8.0_332]
	at javax.security.auth.Subject.doAs(Subject.java:422) [?:1.8.0_332]
	at org.apache.hadoop.security.UserGroupInformation.doAs(UserGroupInformation.java:1878) [hadoop-common-3.3.1.jar:?]
	at org.apache.hadoop.ipc.Server$Handler.run(Server.java:2966) [hadoop-common-3.3.1.jar:?]
23:24:20.691 [IPC Server handler 16 on default port 45473] ERROR OMAudit - user=runner | ip=127.0.0.1 | op=GET_FILE_STATUS {volume=263ecfca-7a7a-47d2-8d67-37d1f6598817, bucket=fe04985b-9c93-463e-9b8b-d671eb9098f9, key=.Trash, dataSize=0, replicationConfig=null} | ret=FAILURE
org.apache.hadoop.ozone.om.exceptions.OMException: Unable to get file status: volume: 263ecfca-7a7a-47d2-8d67-37d1f6598817 bucket: fe04985b-9c93-463e-9b8b-d671eb9098f9 key: .Trash
	at org.apache.hadoop.ozone.om.KeyManagerImpl.getOzoneFileStatus(KeyManagerImpl.java:1311) ~[ozone-manager-1.3.0-SNAPSHOT.jar:?]
	at org.apache.hadoop.ozone.om.KeyManagerImpl.getFileStatus(KeyManagerImpl.java:1241) ~[ozone-manager-1.3.0-SNAPSHOT.jar:?]
	at org.apache.hadoop.ozone.om.OzoneManager.getFileStatus(OzoneManager.java:3419) ~[ozone-manager-1.3.0-SNAPSHOT.jar:?]
	at org.apache.hadoop.ozone.protocolPB.OzoneManagerRequestHandler.getOzoneFileStatus(OzoneManagerRequestHandler.java:871) ~[ozone-manager-1.3.0-SNAPSHOT.jar:?]
	at org.apache.hadoop.ozone.protocolPB.OzoneManagerRequestHandler.handleReadRequest(OzoneManagerRequestHandler.java:217) ~[ozone-manager-1.3.0-SNAPSHOT.jar:?]
	at org.apache.hadoop.ozone.protocolPB.OzoneManagerProtocolServerSideTranslatorPB.submitReadRequestToOM(OzoneManagerProtocolServerSideTranslatorPB.java:226) ~[ozone-manager-1.3.0-SNAPSHOT.jar:?]
	at org.apache.hadoop.ozone.protocolPB.OzoneManagerProtocolServerSideTranslatorPB.processRequest(OzoneManagerProtocolServerSideTranslatorPB.java:175) ~[ozone-manager-1.3.0-SNAPSHOT.jar:?]
	at org.apache.hadoop.hdds.server.OzoneProtocolMessageDispatcher.processRequest(OzoneProtocolMessageDispatcher.java:87) [hdds-server-framework-1.3.0-SNAPSHOT.jar:?]
	at org.apache.hadoop.ozone.protocolPB.OzoneManagerProtocolServerSideTranslatorPB.submitRequest(OzoneManagerProtocolServerSideTranslatorPB.java:147) [ozone-manager-1.3.0-SNAPSHOT.jar:?]
	at org.apache.hadoop.ozone.protocol.proto.OzoneManagerProtocolProtos$OzoneManagerService$2.callBlockingMethod(OzoneManagerProtocolProtos.java) [ozone-interface-client-1.3.0-SNAPSHOT.jar:?]
	at org.apache.hadoop.ipc.ProtobufRpcEngine$Server.processCall(ProtobufRpcEngine.java:466) [hadoop-common-3.3.1.jar:?]
	at org.apache.hadoop.ipc.ProtobufRpcEngine2$Server$ProtoBufRpcInvoker.call(ProtobufRpcEngine2.java:574) [hadoop-common-3.3.1.jar:?]
	at org.apache.hadoop.ipc.ProtobufRpcEngine2$Server$ProtoBufRpcInvoker.call(ProtobufRpcEngine2.java:552) [hadoop-common-3.3.1.jar:?]
	at org.apache.hadoop.ipc.RPC$Server.call(RPC.java:1093) [hadoop-common-3.3.1.jar:?]
	at org.apache.hadoop.ipc.Server$RpcCall.run(Server.java:1035) [hadoop-common-3.3.1.jar:?]
	at org.apache.hadoop.ipc.Server$RpcCall.run(Server.java:963) [hadoop-common-3.3.1.jar:?]
	at java.security.AccessController.doPrivileged(Native Method) ~[?:1.8.0_332]
	at javax.security.auth.Subject.doAs(Subject.java:422) [?:1.8.0_332]
	at org.apache.hadoop.security.UserGroupInformation.doAs(UserGroupInformation.java:1878) [hadoop-common-3.3.1.jar:?]
	at org.apache.hadoop.ipc.Server$Handler.run(Server.java:2966) [hadoop-common-3.3.1.jar:?]
23:24:20.714 [IPC Server handler 11 on default port 45473] ERROR OMAudit - user=runner | ip=127.0.0.1 | op=GET_FILE_STATUS {volume=volume56998, bucket=bucket94106, key=.Trash/runner, dataSize=0, replicationConfig=null} | ret=FAILURE
org.apache.hadoop.ozone.om.exceptions.OMException: Unable to get file status: volume: volume56998 bucket: bucket94106 key: .Trash/runner
	at org.apache.hadoop.ozone.om.KeyManagerImpl.getOzoneFileStatus(KeyManagerImpl.java:1311) ~[ozone-manager-1.3.0-SNAPSHOT.jar:?]
	at org.apache.hadoop.ozone.om.KeyManagerImpl.getFileStatus(KeyManagerImpl.java:1241) ~[ozone-manager-1.3.0-SNAPSHOT.jar:?]
	at org.apache.hadoop.ozone.om.OzoneManager.getFileStatus(OzoneManager.java:3419) ~[ozone-manager-1.3.0-SNAPSHOT.jar:?]
	at org.apache.hadoop.ozone.protocolPB.OzoneManagerRequestHandler.getOzoneFileStatus(OzoneManagerRequestHandler.java:871) ~[ozone-manager-1.3.0-SNAPSHOT.jar:?]
	at org.apache.hadoop.ozone.protocolPB.OzoneManagerRequestHandler.handleReadRequest(OzoneManagerRequestHandler.java:217) ~[ozone-manager-1.3.0-SNAPSHOT.jar:?]
	at org.apache.hadoop.ozone.protocolPB.OzoneManagerProtocolServerSideTranslatorPB.submitReadRequestToOM(OzoneManagerProtocolServerSideTranslatorPB.java:226) ~[ozone-manager-1.3.0-SNAPSHOT.jar:?]
	at org.apache.hadoop.ozone.protocolPB.OzoneManagerProtocolServerSideTranslatorPB.processRequest(OzoneManagerProtocolServerSideTranslatorPB.java:175) ~[ozone-manager-1.3.0-SNAPSHOT.jar:?]
	at org.apache.hadoop.hdds.server.OzoneProtocolMessageDispatcher.processRequest(OzoneProtocolMessageDispatcher.java:87) [hdds-server-framework-1.3.0-SNAPSHOT.jar:?]
	at org.apache.hadoop.ozone.protocolPB.OzoneManagerProtocolServerSideTranslatorPB.submitRequest(OzoneManagerProtocolServerSideTranslatorPB.java:147) [ozone-manager-1.3.0-SNAPSHOT.jar:?]
	at org.apache.hadoop.ozone.protocol.proto.OzoneManagerProtocolProtos$OzoneManagerService$2.callBlockingMethod(OzoneManagerProtocolProtos.java) [ozone-interface-client-1.3.0-SNAPSHOT.jar:?]
	at org.apache.hadoop.ipc.ProtobufRpcEngine$Server.processCall(ProtobufRpcEngine.java:466) [hadoop-common-3.3.1.jar:?]
	at org.apache.hadoop.ipc.ProtobufRpcEngine2$Server$ProtoBufRpcInvoker.call(ProtobufRpcEngine2.java:574) [hadoop-common-3.3.1.jar:?]
	at org.apache.hadoop.ipc.ProtobufRpcEngine2$Server$ProtoBufRpcInvoker.call(ProtobufRpcEngine2.java:552) [hadoop-common-3.3.1.jar:?]
	at org.apache.hadoop.ipc.RPC$Server.call(RPC.java:1093) [hadoop-common-3.3.1.jar:?]
	at org.apache.hadoop.ipc.Server$RpcCall.run(Server.java:1035) [hadoop-common-3.3.1.jar:?]
	at org.apache.hadoop.ipc.Server$RpcCall.run(Server.java:963) [hadoop-common-3.3.1.jar:?]
	at java.security.AccessController.doPrivileged(Native Method) ~[?:1.8.0_332]
	at javax.security.auth.Subject.doAs(Subject.java:422) [?:1.8.0_332]
	at org.apache.hadoop.security.UserGroupInformation.doAs(UserGroupInformation.java:1878) [hadoop-common-3.3.1.jar:?]
	at org.apache.hadoop.ipc.Server$Handler.run(Server.java:2966) [hadoop-common-3.3.1.jar:?]
23:24:20.762 [IPC Server handler 10 on default port 45473] ERROR OMAudit - user=runner | ip=127.0.0.1 | op=GET_FILE_STATUS {volume=263ecfca-7a7a-47d2-8d67-37d1f6598817, bucket=fe04985b-9c93-463e-9b8b-d671eb9098f9, key=.Trash, dataSize=0, replicationConfig=null} | ret=FAILURE
org.apache.hadoop.ozone.om.exceptions.OMException: Unable to get file status: volume: 263ecfca-7a7a-47d2-8d67-37d1f6598817 bucket: fe04985b-9c93-463e-9b8b-d671eb9098f9 key: .Trash
	at org.apache.hadoop.ozone.om.KeyManagerImpl.getOzoneFileStatus(KeyManagerImpl.java:1311) ~[ozone-manager-1.3.0-SNAPSHOT.jar:?]
	at org.apache.hadoop.ozone.om.KeyManagerImpl.getFileStatus(KeyManagerImpl.java:1241) ~[ozone-manager-1.3.0-SNAPSHOT.jar:?]
	at org.apache.hadoop.ozone.om.OzoneManager.getFileStatus(OzoneManager.java:3419) ~[ozone-manager-1.3.0-SNAPSHOT.jar:?]
	at org.apache.hadoop.ozone.protocolPB.OzoneManagerRequestHandler.getOzoneFileStatus(OzoneManagerRequestHandler.java:871) ~[ozone-manager-1.3.0-SNAPSHOT.jar:?]
	at org.apache.hadoop.ozone.protocolPB.OzoneManagerRequestHandler.handleReadRequest(OzoneManagerRequestHandler.java:217) ~[ozone-manager-1.3.0-SNAPSHOT.jar:?]
	at org.apache.hadoop.ozone.protocolPB.OzoneManagerProtocolServerSideTranslatorPB.submitReadRequestToOM(OzoneManagerProtocolServerSideTranslatorPB.java:226) ~[ozone-manager-1.3.0-SNAPSHOT.jar:?]
	at org.apache.hadoop.ozone.protocolPB.OzoneManagerProtocolServerSideTranslatorPB.processRequest(OzoneManagerProtocolServerSideTranslatorPB.java:175) ~[ozone-manager-1.3.0-SNAPSHOT.jar:?]
	at org.apache.hadoop.hdds.server.OzoneProtocolMessageDispatcher.processRequest(OzoneProtocolMessageDispatcher.java:87) [hdds-server-framework-1.3.0-SNAPSHOT.jar:?]
	at org.apache.hadoop.ozone.protocolPB.OzoneManagerProtocolServerSideTranslatorPB.submitRequest(OzoneManagerProtocolServerSideTranslatorPB.java:147) [ozone-manager-1.3.0-SNAPSHOT.jar:?]
	at org.apache.hadoop.ozone.protocol.proto.OzoneManagerProtocolProtos$OzoneManagerService$2.callBlockingMethod(OzoneManagerProtocolProtos.java) [ozone-interface-client-1.3.0-SNAPSHOT.jar:?]
	at org.apache.hadoop.ipc.ProtobufRpcEngine$Server.processCall(ProtobufRpcEngine.java:466) [hadoop-common-3.3.1.jar:?]
	at org.apache.hadoop.ipc.ProtobufRpcEngine2$Server$ProtoBufRpcInvoker.call(ProtobufRpcEngine2.java:574) [hadoop-common-3.3.1.jar:?]
	at org.apache.hadoop.ipc.ProtobufRpcEngine2$Server$ProtoBufRpcInvoker.call(ProtobufRpcEngine2.java:552) [hadoop-common-3.3.1.jar:?]
	at org.apache.hadoop.ipc.RPC$Server.call(RPC.java:1093) [hadoop-common-3.3.1.jar:?]
	at org.apache.hadoop.ipc.Server$RpcCall.run(Server.java:1035) [hadoop-common-3.3.1.jar:?]
	at org.apache.hadoop.ipc.Server$RpcCall.run(Server.java:963) [hadoop-common-3.3.1.jar:?]
	at java.security.AccessController.doPrivileged(Native Method) ~[?:1.8.0_332]
	at javax.security.auth.Subject.doAs(Subject.java:422) [?:1.8.0_332]
	at org.apache.hadoop.security.UserGroupInformation.doAs(UserGroupInformation.java:1878) [hadoop-common-3.3.1.jar:?]
	at org.apache.hadoop.ipc.Server$Handler.run(Server.java:2966) [hadoop-common-3.3.1.jar:?]
23:24:20.771 [IPC Server handler 2 on default port 45473] ERROR OMAudit - user=runner | ip=127.0.0.1 | op=GET_FILE_STATUS {volume=volume56998, bucket=bucket94106, key=.Trash, dataSize=0, replicationConfig=null} | ret=FAILURE
org.apache.hadoop.ozone.om.exceptions.OMException: Unable to get file status: volume: volume56998 bucket: bucket94106 key: .Trash
	at org.apache.hadoop.ozone.om.KeyManagerImpl.getOzoneFileStatus(KeyManagerImpl.java:1311) ~[ozone-manager-1.3.0-SNAPSHOT.jar:?]
	at org.apache.hadoop.ozone.om.KeyManagerImpl.getFileStatus(KeyManagerImpl.java:1241) ~[ozone-manager-1.3.0-SNAPSHOT.jar:?]
	at org.apache.hadoop.ozone.om.OzoneManager.getFileStatus(OzoneManager.java:3419) ~[ozone-manager-1.3.0-SNAPSHOT.jar:?]
	at org.apache.hadoop.ozone.protocolPB.OzoneManagerRequestHandler.getOzoneFileStatus(OzoneManagerRequestHandler.java:871) ~[ozone-manager-1.3.0-SNAPSHOT.jar:?]
	at org.apache.hadoop.ozone.protocolPB.OzoneManagerRequestHandler.handleReadRequest(OzoneManagerRequestHandler.java:217) ~[ozone-manager-1.3.0-SNAPSHOT.jar:?]
	at org.apache.hadoop.ozone.protocolPB.OzoneManagerProtocolServerSideTranslatorPB.submitReadRequestToOM(OzoneManagerProtocolServerSideTranslatorPB.java:226) ~[ozone-manager-1.3.0-SNAPSHOT.jar:?]
	at org.apache.hadoop.ozone.protocolPB.OzoneManagerProtocolServerSideTranslatorPB.processRequest(OzoneManagerProtocolServerSideTranslatorPB.java:175) ~[ozone-manager-1.3.0-SNAPSHOT.jar:?]
	at org.apache.hadoop.hdds.server.OzoneProtocolMessageDispatcher.processRequest(OzoneProtocolMessageDispatcher.java:87) [hdds-server-framework-1.3.0-SNAPSHOT.jar:?]
	at org.apache.hadoop.ozone.protocolPB.OzoneManagerProtocolServerSideTranslatorPB.submitRequest(OzoneManagerProtocolServerSideTranslatorPB.java:147) [ozone-manager-1.3.0-SNAPSHOT.jar:?]
	at org.apache.hadoop.ozone.protocol.proto.OzoneManagerProtocolProtos$OzoneManagerService$2.callBlockingMethod(OzoneManagerProtocolProtos.java) [ozone-interface-client-1.3.0-SNAPSHOT.jar:?]
	at org.apache.hadoop.ipc.ProtobufRpcEngine$Server.processCall(ProtobufRpcEngine.java:466) [hadoop-common-3.3.1.jar:?]
	at org.apache.hadoop.ipc.ProtobufRpcEngine2$Server$ProtoBufRpcInvoker.call(ProtobufRpcEngine2.java:574) [hadoop-common-3.3.1.jar:?]
	at org.apache.hadoop.ipc.ProtobufRpcEngine2$Server$ProtoBufRpcInvoker.call(ProtobufRpcEngine2.java:552) [hadoop-common-3.3.1.jar:?]
	at org.apache.hadoop.ipc.RPC$Server.call(RPC.java:1093) [hadoop-common-3.3.1.jar:?]
	at org.apache.hadoop.ipc.Server$RpcCall.run(Server.java:1035) [hadoop-common-3.3.1.jar:?]
	at org.apache.hadoop.ipc.Server$RpcCall.run(Server.java:963) [hadoop-common-3.3.1.jar:?]
	at java.security.AccessController.doPrivileged(Native Method) ~[?:1.8.0_332]
	at javax.security.auth.Subject.doAs(Subject.java:422) [?:1.8.0_332]
	at org.apache.hadoop.security.UserGroupInformation.doAs(UserGroupInformation.java:1878) [hadoop-common-3.3.1.jar:?]
	at org.apache.hadoop.ipc.Server$Handler.run(Server.java:2966) [hadoop-common-3.3.1.jar:?]
23:24:20.791 [IPC Server handler 11 on default port 45473] ERROR OMAudit - user=runner | ip=127.0.0.1 | op=GET_FILE_STATUS {volume=volume56998, bucket=bucket94106, key=.Trash/runner, dataSize=0, replicationConfig=null} | ret=FAILURE
org.apache.hadoop.ozone.om.exceptions.OMException: Unable to get file status: volume: volume56998 bucket: bucket94106 key: .Trash/runner
	at org.apache.hadoop.ozone.om.KeyManagerImpl.getOzoneFileStatus(KeyManagerImpl.java:1311) ~[ozone-manager-1.3.0-SNAPSHOT.jar:?]
	at org.apache.hadoop.ozone.om.KeyManagerImpl.getFileStatus(KeyManagerImpl.java:1241) ~[ozone-manager-1.3.0-SNAPSHOT.jar:?]
	at org.apache.hadoop.ozone.om.OzoneManager.getFileStatus(OzoneManager.java:3419) ~[ozone-manager-1.3.0-SNAPSHOT.jar:?]
	at org.apache.hadoop.ozone.protocolPB.OzoneManagerRequestHandler.getOzoneFileStatus(OzoneManagerRequestHandler.java:871) ~[ozone-manager-1.3.0-SNAPSHOT.jar:?]
	at org.apache.hadoop.ozone.protocolPB.OzoneManagerRequestHandler.handleReadRequest(OzoneManagerRequestHandler.java:217) ~[ozone-manager-1.3.0-SNAPSHOT.jar:?]
	at org.apache.hadoop.ozone.protocolPB.OzoneManagerProtocolServerSideTranslatorPB.submitReadRequestToOM(OzoneManagerProtocolServerSideTranslatorPB.java:226) ~[ozone-manager-1.3.0-SNAPSHOT.jar:?]
	at org.apache.hadoop.ozone.protocolPB.OzoneManagerProtocolServerSideTranslatorPB.processRequest(OzoneManagerProtocolServerSideTranslatorPB.java:175) ~[ozone-manager-1.3.0-SNAPSHOT.jar:?]
	at org.apache.hadoop.hdds.server.OzoneProtocolMessageDispatcher.processRequest(OzoneProtocolMessageDispatcher.java:87) [hdds-server-framework-1.3.0-SNAPSHOT.jar:?]
	at org.apache.hadoop.ozone.protocolPB.OzoneManagerProtocolServerSideTranslatorPB.submitRequest(OzoneManagerProtocolServerSideTranslatorPB.java:147) [ozone-manager-1.3.0-SNAPSHOT.jar:?]
	at org.apache.hadoop.ozone.protocol.proto.OzoneManagerProtocolProtos$OzoneManagerService$2.callBlockingMethod(OzoneManagerProtocolProtos.java) [ozone-interface-client-1.3.0-SNAPSHOT.jar:?]
	at org.apache.hadoop.ipc.ProtobufRpcEngine$Server.processCall(ProtobufRpcEngine.java:466) [hadoop-common-3.3.1.jar:?]
	at org.apache.hadoop.ipc.ProtobufRpcEngine2$Server$ProtoBufRpcInvoker.call(ProtobufRpcEngine2.java:574) [hadoop-common-3.3.1.jar:?]
	at org.apache.hadoop.ipc.ProtobufRpcEngine2$Server$ProtoBufRpcInvoker.call(ProtobufRpcEngine2.java:552) [hadoop-common-3.3.1.jar:?]
	at org.apache.hadoop.ipc.RPC$Server.call(RPC.java:1093) [hadoop-common-3.3.1.jar:?]
	at org.apache.hadoop.ipc.Server$RpcCall.run(Server.java:1035) [hadoop-common-3.3.1.jar:?]
	at org.apache.hadoop.ipc.Server$RpcCall.run(Server.java:963) [hadoop-common-3.3.1.jar:?]
	at java.security.AccessController.doPrivileged(Native Method) ~[?:1.8.0_332]
	at javax.security.auth.Subject.doAs(Subject.java:422) [?:1.8.0_332]
	at org.apache.hadoop.security.UserGroupInformation.doAs(UserGroupInformation.java:1878) [hadoop-common-3.3.1.jar:?]
	at org.apache.hadoop.ipc.Server$Handler.run(Server.java:2966) [hadoop-common-3.3.1.jar:?]
23:24:20.795 [IPC Server handler 4 on default port 45473] ERROR OMAudit - user=runner | ip=127.0.0.1 | op=GET_FILE_STATUS {volume=volume77069, bucket=trashroottest2, key=.Trash/runner, dataSize=0, replicationConfig=null} | ret=FAILURE
org.apache.hadoop.ozone.om.exceptions.OMException: Unable to get file status: volume: volume77069 bucket: trashroottest2 key: .Trash/runner
	at org.apache.hadoop.ozone.om.KeyManagerImpl.getOzoneFileStatus(KeyManagerImpl.java:1311) ~[ozone-manager-1.3.0-SNAPSHOT.jar:?]
	at org.apache.hadoop.ozone.om.KeyManagerImpl.getFileStatus(KeyManagerImpl.java:1241) ~[ozone-manager-1.3.0-SNAPSHOT.jar:?]
	at org.apache.hadoop.ozone.om.OzoneManager.getFileStatus(OzoneManager.java:3419) ~[ozone-manager-1.3.0-SNAPSHOT.jar:?]
	at org.apache.hadoop.ozone.protocolPB.OzoneManagerRequestHandler.getOzoneFileStatus(OzoneManagerRequestHandler.java:871) ~[ozone-manager-1.3.0-SNAPSHOT.jar:?]
	at org.apache.hadoop.ozone.protocolPB.OzoneManagerRequestHandler.handleReadRequest(OzoneManagerRequestHandler.java:217) ~[ozone-manager-1.3.0-SNAPSHOT.jar:?]
	at org.apache.hadoop.ozone.protocolPB.OzoneManagerProtocolServerSideTranslatorPB.submitReadRequestToOM(OzoneManagerProtocolServerSideTranslatorPB.java:226) ~[ozone-manager-1.3.0-SNAPSHOT.jar:?]
	at org.apache.hadoop.ozone.protocolPB.OzoneManagerProtocolServerSideTranslatorPB.processRequest(OzoneManagerProtocolServerSideTranslatorPB.java:175) ~[ozone-manager-1.3.0-SNAPSHOT.jar:?]
	at org.apache.hadoop.hdds.server.OzoneProtocolMessageDispatcher.processRequest(OzoneProtocolMessageDispatcher.java:87) [hdds-server-framework-1.3.0-SNAPSHOT.jar:?]
	at org.apache.hadoop.ozone.protocolPB.OzoneManagerProtocolServerSideTranslatorPB.submitRequest(OzoneManagerProtocolServerSideTranslatorPB.java:147) [ozone-manager-1.3.0-SNAPSHOT.jar:?]
	at org.apache.hadoop.ozone.protocol.proto.OzoneManagerProtocolProtos$OzoneManagerService$2.callBlockingMethod(OzoneManagerProtocolProtos.java) [ozone-interface-client-1.3.0-SNAPSHOT.jar:?]
	at org.apache.hadoop.ipc.ProtobufRpcEngine$Server.processCall(ProtobufRpcEngine.java:466) [hadoop-common-3.3.1.jar:?]
	at org.apache.hadoop.ipc.ProtobufRpcEngine2$Server$ProtoBufRpcInvoker.call(ProtobufRpcEngine2.java:574) [hadoop-common-3.3.1.jar:?]
	at org.apache.hadoop.ipc.ProtobufRpcEngine2$Server$ProtoBufRpcInvoker.call(ProtobufRpcEngine2.java:552) [hadoop-common-3.3.1.jar:?]
	at org.apache.hadoop.ipc.RPC$Server.call(RPC.java:1093) [hadoop-common-3.3.1.jar:?]
	at org.apache.hadoop.ipc.Server$RpcCall.run(Server.java:1035) [hadoop-common-3.3.1.jar:?]
	at org.apache.hadoop.ipc.Server$RpcCall.run(Server.java:963) [hadoop-common-3.3.1.jar:?]
	at java.security.AccessController.doPrivileged(Native Method) ~[?:1.8.0_332]
	at javax.security.auth.Subject.doAs(Subject.java:422) [?:1.8.0_332]
	at org.apache.hadoop.security.UserGroupInformation.doAs(UserGroupInformation.java:1878) [hadoop-common-3.3.1.jar:?]
	at org.apache.hadoop.ipc.Server$Handler.run(Server.java:2966) [hadoop-common-3.3.1.jar:?]
23:24:20.801 [IPC Server handler 13 on default port 45473] ERROR OMAudit - user=runner | ip=127.0.0.1 | op=GET_FILE_STATUS {volume=263ecfca-7a7a-47d2-8d67-37d1f6598817, bucket=fe04985b-9c93-463e-9b8b-d671eb9098f9, key=.Trash, dataSize=0, replicationConfig=null} | ret=FAILURE
org.apache.hadoop.ozone.om.exceptions.OMException: Unable to get file status: volume: 263ecfca-7a7a-47d2-8d67-37d1f6598817 bucket: fe04985b-9c93-463e-9b8b-d671eb9098f9 key: .Trash
	at org.apache.hadoop.ozone.om.KeyManagerImpl.getOzoneFileStatus(KeyManagerImpl.java:1311) ~[ozone-manager-1.3.0-SNAPSHOT.jar:?]
	at org.apache.hadoop.ozone.om.KeyManagerImpl.getFileStatus(KeyManagerImpl.java:1241) ~[ozone-manager-1.3.0-SNAPSHOT.jar:?]
	at org.apache.hadoop.ozone.om.OzoneManager.getFileStatus(OzoneManager.java:3419) ~[ozone-manager-1.3.0-SNAPSHOT.jar:?]
	at org.apache.hadoop.ozone.protocolPB.OzoneManagerRequestHandler.getOzoneFileStatus(OzoneManagerRequestHandler.java:871) ~[ozone-manager-1.3.0-SNAPSHOT.jar:?]
	at org.apache.hadoop.ozone.protocolPB.OzoneManagerRequestHandler.handleReadRequest(OzoneManagerRequestHandler.java:217) ~[ozone-manager-1.3.0-SNAPSHOT.jar:?]
	at org.apache.hadoop.ozone.protocolPB.OzoneManagerProtocolServerSideTranslatorPB.submitReadRequestToOM(OzoneManagerProtocolServerSideTranslatorPB.java:226) ~[ozone-manager-1.3.0-SNAPSHOT.jar:?]
	at org.apache.hadoop.ozone.protocolPB.OzoneManagerProtocolServerSideTranslatorPB.processRequest(OzoneManagerProtocolServerSideTranslatorPB.java:175) ~[ozone-manager-1.3.0-SNAPSHOT.jar:?]
	at org.apache.hadoop.hdds.server.OzoneProtocolMessageDispatcher.processRequest(OzoneProtocolMessageDispatcher.java:87) [hdds-server-framework-1.3.0-SNAPSHOT.jar:?]
	at org.apache.hadoop.ozone.protocolPB.OzoneManagerProtocolServerSideTranslatorPB.submitRequest(OzoneManagerProtocolServerSideTranslatorPB.java:147) [ozone-manager-1.3.0-SNAPSHOT.jar:?]
	at org.apache.hadoop.ozone.protocol.proto.OzoneManagerProtocolProtos$OzoneManagerService$2.callBlockingMethod(OzoneManagerProtocolProtos.java) [ozone-interface-client-1.3.0-SNAPSHOT.jar:?]
	at org.apache.hadoop.ipc.ProtobufRpcEngine$Server.processCall(ProtobufRpcEngine.java:466) [hadoop-common-3.3.1.jar:?]
	at org.apache.hadoop.ipc.ProtobufRpcEngine2$Server$ProtoBufRpcInvoker.call(ProtobufRpcEngine2.java:574) [hadoop-common-3.3.1.jar:?]
	at org.apache.hadoop.ipc.ProtobufRpcEngine2$Server$ProtoBufRpcInvoker.call(ProtobufRpcEngine2.java:552) [hadoop-common-3.3.1.jar:?]
	at org.apache.hadoop.ipc.RPC$Server.call(RPC.java:1093) [hadoop-common-3.3.1.jar:?]
	at org.apache.hadoop.ipc.Server$RpcCall.run(Server.java:1035) [hadoop-common-3.3.1.jar:?]
	at org.apache.hadoop.ipc.Server$RpcCall.run(Server.java:963) [hadoop-common-3.3.1.jar:?]
	at java.security.AccessController.doPrivileged(Native Method) ~[?:1.8.0_332]
	at javax.security.auth.Subject.doAs(Subject.java:422) [?:1.8.0_332]
	at org.apache.hadoop.security.UserGroupInformation.doAs(UserGroupInformation.java:1878) [hadoop-common-3.3.1.jar:?]
	at org.apache.hadoop.ipc.Server$Handler.run(Server.java:2966) [hadoop-common-3.3.1.jar:?]
23:24:20.806 [IPC Server handler 9 on default port 45473] ERROR OMAudit - user=runner | ip=127.0.0.1 | op=GET_FILE_STATUS {volume=volume56998, bucket=bucket94106, key=.Trash, dataSize=0, replicationConfig=null} | ret=FAILURE
org.apache.hadoop.ozone.om.exceptions.OMException: Unable to get file status: volume: volume56998 bucket: bucket94106 key: .Trash
	at org.apache.hadoop.ozone.om.KeyManagerImpl.getOzoneFileStatus(KeyManagerImpl.java:1311) ~[ozone-manager-1.3.0-SNAPSHOT.jar:?]
	at org.apache.hadoop.ozone.om.KeyManagerImpl.getFileStatus(KeyManagerImpl.java:1241) ~[ozone-manager-1.3.0-SNAPSHOT.jar:?]
	at org.apache.hadoop.ozone.om.OzoneManager.getFileStatus(OzoneManager.java:3419) ~[ozone-manager-1.3.0-SNAPSHOT.jar:?]
	at org.apache.hadoop.ozone.protocolPB.OzoneManagerRequestHandler.getOzoneFileStatus(OzoneManagerRequestHandler.java:871) ~[ozone-manager-1.3.0-SNAPSHOT.jar:?]
	at org.apache.hadoop.ozone.protocolPB.OzoneManagerRequestHandler.handleReadRequest(OzoneManagerRequestHandler.java:217) ~[ozone-manager-1.3.0-SNAPSHOT.jar:?]
	at org.apache.hadoop.ozone.protocolPB.OzoneManagerProtocolServerSideTranslatorPB.submitReadRequestToOM(OzoneManagerProtocolServerSideTranslatorPB.java:226) ~[ozone-manager-1.3.0-SNAPSHOT.jar:?]
	at org.apache.hadoop.ozone.protocolPB.OzoneManagerProtocolServerSideTranslatorPB.processRequest(OzoneManagerProtocolServerSideTranslatorPB.java:175) ~[ozone-manager-1.3.0-SNAPSHOT.jar:?]
	at org.apache.hadoop.hdds.server.OzoneProtocolMessageDispatcher.processRequest(OzoneProtocolMessageDispatcher.java:87) [hdds-server-framework-1.3.0-SNAPSHOT.jar:?]
	at org.apache.hadoop.ozone.protocolPB.OzoneManagerProtocolServerSideTranslatorPB.submitRequest(OzoneManagerProtocolServerSideTranslatorPB.java:147) [ozone-manager-1.3.0-SNAPSHOT.jar:?]
	at org.apache.hadoop.ozone.protocol.proto.OzoneManagerProtocolProtos$OzoneManagerService$2.callBlockingMethod(OzoneManagerProtocolProtos.java) [ozone-interface-client-1.3.0-SNAPSHOT.jar:?]
	at org.apache.hadoop.ipc.ProtobufRpcEngine$Server.processCall(ProtobufRpcEngine.java:466) [hadoop-common-3.3.1.jar:?]
	at org.apache.hadoop.ipc.ProtobufRpcEngine2$Server$ProtoBufRpcInvoker.call(ProtobufRpcEngine2.java:574) [hadoop-common-3.3.1.jar:?]
	at org.apache.hadoop.ipc.ProtobufRpcEngine2$Server$ProtoBufRpcInvoker.call(ProtobufRpcEngine2.java:552) [hadoop-common-3.3.1.jar:?]
	at org.apache.hadoop.ipc.RPC$Server.call(RPC.java:1093) [hadoop-common-3.3.1.jar:?]
	at org.apache.hadoop.ipc.Server$RpcCall.run(Server.java:1035) [hadoop-common-3.3.1.jar:?]
	at org.apache.hadoop.ipc.Server$RpcCall.run(Server.java:963) [hadoop-common-3.3.1.jar:?]
	at java.security.AccessController.doPrivileged(Native Method) ~[?:1.8.0_332]
	at javax.security.auth.Subject.doAs(Subject.java:422) [?:1.8.0_332]
	at org.apache.hadoop.security.UserGroupInformation.doAs(UserGroupInformation.java:1878) [hadoop-common-3.3.1.jar:?]
	at org.apache.hadoop.ipc.Server$Handler.run(Server.java:2966) [hadoop-common-3.3.1.jar:?]
23:24:20.830 [IPC Server handler 17 on default port 45473] ERROR OMAudit - user=runner | ip=127.0.0.1 | op=GET_FILE_STATUS {volume=volume77069, bucket=trashroottest2, key=.Trash, dataSize=0, replicationConfig=null} | ret=FAILURE
org.apache.hadoop.ozone.om.exceptions.OMException: Unable to get file status: volume: volume77069 bucket: trashroottest2 key: .Trash
	at org.apache.hadoop.ozone.om.KeyManagerImpl.getOzoneFileStatus(KeyManagerImpl.java:1311) ~[ozone-manager-1.3.0-SNAPSHOT.jar:?]
	at org.apache.hadoop.ozone.om.KeyManagerImpl.getFileStatus(KeyManagerImpl.java:1241) ~[ozone-manager-1.3.0-SNAPSHOT.jar:?]
	at org.apache.hadoop.ozone.om.OzoneManager.getFileStatus(OzoneManager.java:3419) ~[ozone-manager-1.3.0-SNAPSHOT.jar:?]
	at org.apache.hadoop.ozone.protocolPB.OzoneManagerRequestHandler.getOzoneFileStatus(OzoneManagerRequestHandler.java:871) ~[ozone-manager-1.3.0-SNAPSHOT.jar:?]
	at org.apache.hadoop.ozone.protocolPB.OzoneManagerRequestHandler.handleReadRequest(OzoneManagerRequestHandler.java:217) ~[ozone-manager-1.3.0-SNAPSHOT.jar:?]
	at org.apache.hadoop.ozone.protocolPB.OzoneManagerProtocolServerSideTranslatorPB.submitReadRequestToOM(OzoneManagerProtocolServerSideTranslatorPB.java:226) ~[ozone-manager-1.3.0-SNAPSHOT.jar:?]
	at org.apache.hadoop.ozone.protocolPB.OzoneManagerProtocolServerSideTranslatorPB.processRequest(OzoneManagerProtocolServerSideTranslatorPB.java:175) ~[ozone-manager-1.3.0-SNAPSHOT.jar:?]
	at org.apache.hadoop.hdds.server.OzoneProtocolMessageDispatcher.processRequest(OzoneProtocolMessageDispatcher.java:87) [hdds-server-framework-1.3.0-SNAPSHOT.jar:?]
	at org.apache.hadoop.ozone.protocolPB.OzoneManagerProtocolServerSideTranslatorPB.submitRequest(OzoneManagerProtocolServerSideTranslatorPB.java:147) [ozone-manager-1.3.0-SNAPSHOT.jar:?]
	at org.apache.hadoop.ozone.protocol.proto.OzoneManagerProtocolProtos$OzoneManagerService$2.callBlockingMethod(OzoneManagerProtocolProtos.java) [ozone-interface-client-1.3.0-SNAPSHOT.jar:?]
	at org.apache.hadoop.ipc.ProtobufRpcEngine$Server.processCall(ProtobufRpcEngine.java:466) [hadoop-common-3.3.1.jar:?]
	at org.apache.hadoop.ipc.ProtobufRpcEngine2$Server$ProtoBufRpcInvoker.call(ProtobufRpcEngine2.java:574) [hadoop-common-3.3.1.jar:?]
	at org.apache.hadoop.ipc.ProtobufRpcEngine2$Server$ProtoBufRpcInvoker.call(ProtobufRpcEngine2.java:552) [hadoop-common-3.3.1.jar:?]
	at org.apache.hadoop.ipc.RPC$Server.call(RPC.java:1093) [hadoop-common-3.3.1.jar:?]
	at org.apache.hadoop.ipc.Server$RpcCall.run(Server.java:1035) [hadoop-common-3.3.1.jar:?]
	at org.apache.hadoop.ipc.Server$RpcCall.run(Server.java:963) [hadoop-common-3.3.1.jar:?]
	at java.security.AccessController.doPrivileged(Native Method) ~[?:1.8.0_332]
	at javax.security.auth.Subject.doAs(Subject.java:422) [?:1.8.0_332]
	at org.apache.hadoop.security.UserGroupInformation.doAs(UserGroupInformation.java:1878) [hadoop-common-3.3.1.jar:?]
	at org.apache.hadoop.ipc.Server$Handler.run(Server.java:2966) [hadoop-common-3.3.1.jar:?]
23:24:20.854 [IPC Server handler 8 on default port 45473] ERROR OMAudit - user=runner | ip=127.0.0.1 | op=GET_FILE_STATUS {volume=volume56998, bucket=bucket94106, key=.Trash/runner, dataSize=0, replicationConfig=null} | ret=FAILURE
org.apache.hadoop.ozone.om.exceptions.OMException: Unable to get file status: volume: volume56998 bucket: bucket94106 key: .Trash/runner
	at org.apache.hadoop.ozone.om.KeyManagerImpl.getOzoneFileStatus(KeyManagerImpl.java:1311) ~[ozone-manager-1.3.0-SNAPSHOT.jar:?]
	at org.apache.hadoop.ozone.om.KeyManagerImpl.getFileStatus(KeyManagerImpl.java:1241) ~[ozone-manager-1.3.0-SNAPSHOT.jar:?]
	at org.apache.hadoop.ozone.om.OzoneManager.getFileStatus(OzoneManager.java:3419) ~[ozone-manager-1.3.0-SNAPSHOT.jar:?]
	at org.apache.hadoop.ozone.protocolPB.OzoneManagerRequestHandler.getOzoneFileStatus(OzoneManagerRequestHandler.java:871) ~[ozone-manager-1.3.0-SNAPSHOT.jar:?]
	at org.apache.hadoop.ozone.protocolPB.OzoneManagerRequestHandler.handleReadRequest(OzoneManagerRequestHandler.java:217) ~[ozone-manager-1.3.0-SNAPSHOT.jar:?]
	at org.apache.hadoop.ozone.protocolPB.OzoneManagerProtocolServerSideTranslatorPB.submitReadRequestToOM(OzoneManagerProtocolServerSideTranslatorPB.java:226) ~[ozone-manager-1.3.0-SNAPSHOT.jar:?]
	at org.apache.hadoop.ozone.protocolPB.OzoneManagerProtocolServerSideTranslatorPB.processRequest(OzoneManagerProtocolServerSideTranslatorPB.java:175) ~[ozone-manager-1.3.0-SNAPSHOT.jar:?]
	at org.apache.hadoop.hdds.server.OzoneProtocolMessageDispatcher.processRequest(OzoneProtocolMessageDispatcher.java:87) [hdds-server-framework-1.3.0-SNAPSHOT.jar:?]
	at org.apache.hadoop.ozone.protocolPB.OzoneManagerProtocolServerSideTranslatorPB.submitRequest(OzoneManagerProtocolServerSideTranslatorPB.java:147) [ozone-manager-1.3.0-SNAPSHOT.jar:?]
	at org.apache.hadoop.ozone.protocol.proto.OzoneManagerProtocolProtos$OzoneManagerService$2.callBlockingMethod(OzoneManagerProtocolProtos.java) [ozone-interface-client-1.3.0-SNAPSHOT.jar:?]
	at org.apache.hadoop.ipc.ProtobufRpcEngine$Server.processCall(ProtobufRpcEngine.java:466) [hadoop-common-3.3.1.jar:?]
	at org.apache.hadoop.ipc.ProtobufRpcEngine2$Server$ProtoBufRpcInvoker.call(ProtobufRpcEngine2.java:574) [hadoop-common-3.3.1.jar:?]
	at org.apache.hadoop.ipc.ProtobufRpcEngine2$Server$ProtoBufRpcInvoker.call(ProtobufRpcEngine2.java:552) [hadoop-common-3.3.1.jar:?]
	at org.apache.hadoop.ipc.RPC$Server.call(RPC.java:1093) [hadoop-common-3.3.1.jar:?]
	at org.apache.hadoop.ipc.Server$RpcCall.run(Server.java:1035) [hadoop-common-3.3.1.jar:?]
	at org.apache.hadoop.ipc.Server$RpcCall.run(Server.java:963) [hadoop-common-3.3.1.jar:?]
	at java.security.AccessController.doPrivileged(Native Method) ~[?:1.8.0_332]
	at javax.security.auth.Subject.doAs(Subject.java:422) [?:1.8.0_332]
	at org.apache.hadoop.security.UserGroupInformation.doAs(UserGroupInformation.java:1878) [hadoop-common-3.3.1.jar:?]
	at org.apache.hadoop.ipc.Server$Handler.run(Server.java:2966) [hadoop-common-3.3.1.jar:?]
23:24:20.882 [IPC Server handler 9 on default port 45473] ERROR OMAudit - user=runner | ip=127.0.0.1 | op=GET_FILE_STATUS {volume=volume77069, bucket=trashroottest2, key=.Trash/runner, dataSize=0, replicationConfig=null} | ret=FAILURE
org.apache.hadoop.ozone.om.exceptions.OMException: Unable to get file status: volume: volume77069 bucket: trashroottest2 key: .Trash/runner
	at org.apache.hadoop.ozone.om.KeyManagerImpl.getOzoneFileStatus(KeyManagerImpl.java:1311) ~[ozone-manager-1.3.0-SNAPSHOT.jar:?]
	at org.apache.hadoop.ozone.om.KeyManagerImpl.getFileStatus(KeyManagerImpl.java:1241) ~[ozone-manager-1.3.0-SNAPSHOT.jar:?]
	at org.apache.hadoop.ozone.om.OzoneManager.getFileStatus(OzoneManager.java:3419) ~[ozone-manager-1.3.0-SNAPSHOT.jar:?]
	at org.apache.hadoop.ozone.protocolPB.OzoneManagerRequestHandler.getOzoneFileStatus(OzoneManagerRequestHandler.java:871) ~[ozone-manager-1.3.0-SNAPSHOT.jar:?]
	at org.apache.hadoop.ozone.protocolPB.OzoneManagerRequestHandler.handleReadRequest(OzoneManagerRequestHandler.java:217) ~[ozone-manager-1.3.0-SNAPSHOT.jar:?]
	at org.apache.hadoop.ozone.protocolPB.OzoneManagerProtocolServerSideTranslatorPB.submitReadRequestToOM(OzoneManagerProtocolServerSideTranslatorPB.java:226) ~[ozone-manager-1.3.0-SNAPSHOT.jar:?]
	at org.apache.hadoop.ozone.protocolPB.OzoneManagerProtocolServerSideTranslatorPB.processRequest(OzoneManagerProtocolServerSideTranslatorPB.java:175) ~[ozone-manager-1.3.0-SNAPSHOT.jar:?]
	at org.apache.hadoop.hdds.server.OzoneProtocolMessageDispatcher.processRequest(OzoneProtocolMessageDispatcher.java:87) [hdds-server-framework-1.3.0-SNAPSHOT.jar:?]
	at org.apache.hadoop.ozone.protocolPB.OzoneManagerProtocolServerSideTranslatorPB.submitRequest(OzoneManagerProtocolServerSideTranslatorPB.java:147) [ozone-manager-1.3.0-SNAPSHOT.jar:?]
	at org.apache.hadoop.ozone.protocol.proto.OzoneManagerProtocolProtos$OzoneManagerService$2.callBlockingMethod(OzoneManagerProtocolProtos.java) [ozone-interface-client-1.3.0-SNAPSHOT.jar:?]
	at org.apache.hadoop.ipc.ProtobufRpcEngine$Server.processCall(ProtobufRpcEngine.java:466) [hadoop-common-3.3.1.jar:?]
	at org.apache.hadoop.ipc.ProtobufRpcEngine2$Server$ProtoBufRpcInvoker.call(ProtobufRpcEngine2.java:574) [hadoop-common-3.3.1.jar:?]
	at org.apache.hadoop.ipc.ProtobufRpcEngine2$Server$ProtoBufRpcInvoker.call(ProtobufRpcEngine2.java:552) [hadoop-common-3.3.1.jar:?]
	at org.apache.hadoop.ipc.RPC$Server.call(RPC.java:1093) [hadoop-common-3.3.1.jar:?]
	at org.apache.hadoop.ipc.Server$RpcCall.run(Server.java:1035) [hadoop-common-3.3.1.jar:?]
	at org.apache.hadoop.ipc.Server$RpcCall.run(Server.java:963) [hadoop-common-3.3.1.jar:?]
	at java.security.AccessController.doPrivileged(Native Method) ~[?:1.8.0_332]
	at javax.security.auth.Subject.doAs(Subject.java:422) [?:1.8.0_332]
	at org.apache.hadoop.security.UserGroupInformation.doAs(UserGroupInformation.java:1878) [hadoop-common-3.3.1.jar:?]
	at org.apache.hadoop.ipc.Server$Handler.run(Server.java:2966) [hadoop-common-3.3.1.jar:?]
23:24:20.888 [IPC Server handler 7 on default port 45473] ERROR OMAudit - user=runner | ip=127.0.0.1 | op=GET_FILE_STATUS {volume=263ecfca-7a7a-47d2-8d67-37d1f6598817, bucket=fe04985b-9c93-463e-9b8b-d671eb9098f9, key=.Trash, dataSize=0, replicationConfig=null} | ret=FAILURE
org.apache.hadoop.ozone.om.exceptions.OMException: Unable to get file status: volume: 263ecfca-7a7a-47d2-8d67-37d1f6598817 bucket: fe04985b-9c93-463e-9b8b-d671eb9098f9 key: .Trash
	at org.apache.hadoop.ozone.om.KeyManagerImpl.getOzoneFileStatus(KeyManagerImpl.java:1311) ~[ozone-manager-1.3.0-SNAPSHOT.jar:?]
	at org.apache.hadoop.ozone.om.KeyManagerImpl.getFileStatus(KeyManagerImpl.java:1241) ~[ozone-manager-1.3.0-SNAPSHOT.jar:?]
	at org.apache.hadoop.ozone.om.OzoneManager.getFileStatus(OzoneManager.java:3419) ~[ozone-manager-1.3.0-SNAPSHOT.jar:?]
	at org.apache.hadoop.ozone.protocolPB.OzoneManagerRequestHandler.getOzoneFileStatus(OzoneManagerRequestHandler.java:871) ~[ozone-manager-1.3.0-SNAPSHOT.jar:?]
	at org.apache.hadoop.ozone.protocolPB.OzoneManagerRequestHandler.handleReadRequest(OzoneManagerRequestHandler.java:217) ~[ozone-manager-1.3.0-SNAPSHOT.jar:?]
	at org.apache.hadoop.ozone.protocolPB.OzoneManagerProtocolServerSideTranslatorPB.submitReadRequestToOM(OzoneManagerProtocolServerSideTranslatorPB.java:226) ~[ozone-manager-1.3.0-SNAPSHOT.jar:?]
	at org.apache.hadoop.ozone.protocolPB.OzoneManagerProtocolServerSideTranslatorPB.processRequest(OzoneManagerProtocolServerSideTranslatorPB.java:175) ~[ozone-manager-1.3.0-SNAPSHOT.jar:?]
	at org.apache.hadoop.hdds.server.OzoneProtocolMessageDispatcher.processRequest(OzoneProtocolMessageDispatcher.java:87) [hdds-server-framework-1.3.0-SNAPSHOT.jar:?]
	at org.apache.hadoop.ozone.protocolPB.OzoneManagerProtocolServerSideTranslatorPB.submitRequest(OzoneManagerProtocolServerSideTranslatorPB.java:147) [ozone-manager-1.3.0-SNAPSHOT.jar:?]
	at org.apache.hadoop.ozone.protocol.proto.OzoneManagerProtocolProtos$OzoneManagerService$2.callBlockingMethod(OzoneManagerProtocolProtos.java) [ozone-interface-client-1.3.0-SNAPSHOT.jar:?]
	at org.apache.hadoop.ipc.ProtobufRpcEngine$Server.processCall(ProtobufRpcEngine.java:466) [hadoop-common-3.3.1.jar:?]
	at org.apache.hadoop.ipc.ProtobufRpcEngine2$Server$ProtoBufRpcInvoker.call(ProtobufRpcEngine2.java:574) [hadoop-common-3.3.1.jar:?]
	at org.apache.hadoop.ipc.ProtobufRpcEngine2$Server$ProtoBufRpcInvoker.call(ProtobufRpcEngine2.java:552) [hadoop-common-3.3.1.jar:?]
	at org.apache.hadoop.ipc.RPC$Server.call(RPC.java:1093) [hadoop-common-3.3.1.jar:?]
	at org.apache.hadoop.ipc.Server$RpcCall.run(Server.java:1035) [hadoop-common-3.3.1.jar:?]
	at org.apache.hadoop.ipc.Server$RpcCall.run(Server.java:963) [hadoop-common-3.3.1.jar:?]
	at java.security.AccessController.doPrivileged(Native Method) ~[?:1.8.0_332]
	at javax.security.auth.Subject.doAs(Subject.java:422) [?:1.8.0_332]
	at org.apache.hadoop.security.UserGroupInformation.doAs(UserGroupInformation.java:1878) [hadoop-common-3.3.1.jar:?]
	at org.apache.hadoop.ipc.Server$Handler.run(Server.java:2966) [hadoop-common-3.3.1.jar:?]
23:24:20.893 [IPC Server handler 17 on default port 45473] ERROR OMAudit - user=runner | ip=127.0.0.1 | op=GET_FILE_STATUS {volume=volume56998, bucket=bucket94106, key=.Trash, dataSize=0, replicationConfig=null} | ret=FAILURE
org.apache.hadoop.ozone.om.exceptions.OMException: Unable to get file status: volume: volume56998 bucket: bucket94106 key: .Trash
	at org.apache.hadoop.ozone.om.KeyManagerImpl.getOzoneFileStatus(KeyManagerImpl.java:1311) ~[ozone-manager-1.3.0-SNAPSHOT.jar:?]
	at org.apache.hadoop.ozone.om.KeyManagerImpl.getFileStatus(KeyManagerImpl.java:1241) ~[ozone-manager-1.3.0-SNAPSHOT.jar:?]
	at org.apache.hadoop.ozone.om.OzoneManager.getFileStatus(OzoneManager.java:3419) ~[ozone-manager-1.3.0-SNAPSHOT.jar:?]
	at org.apache.hadoop.ozone.protocolPB.OzoneManagerRequestHandler.getOzoneFileStatus(OzoneManagerRequestHandler.java:871) ~[ozone-manager-1.3.0-SNAPSHOT.jar:?]
	at org.apache.hadoop.ozone.protocolPB.OzoneManagerRequestHandler.handleReadRequest(OzoneManagerRequestHandler.java:217) ~[ozone-manager-1.3.0-SNAPSHOT.jar:?]
	at org.apache.hadoop.ozone.protocolPB.OzoneManagerProtocolServerSideTranslatorPB.submitReadRequestToOM(OzoneManagerProtocolServerSideTranslatorPB.java:226) ~[ozone-manager-1.3.0-SNAPSHOT.jar:?]
	at org.apache.hadoop.ozone.protocolPB.OzoneManagerProtocolServerSideTranslatorPB.processRequest(OzoneManagerProtocolServerSideTranslatorPB.java:175) ~[ozone-manager-1.3.0-SNAPSHOT.jar:?]
	at org.apache.hadoop.hdds.server.OzoneProtocolMessageDispatcher.processRequest(OzoneProtocolMessageDispatcher.java:87) [hdds-server-framework-1.3.0-SNAPSHOT.jar:?]
	at org.apache.hadoop.ozone.protocolPB.OzoneManagerProtocolServerSideTranslatorPB.submitRequest(OzoneManagerProtocolServerSideTranslatorPB.java:147) [ozone-manager-1.3.0-SNAPSHOT.jar:?]
	at org.apache.hadoop.ozone.protocol.proto.OzoneManagerProtocolProtos$OzoneManagerService$2.callBlockingMethod(OzoneManagerProtocolProtos.java) [ozone-interface-client-1.3.0-SNAPSHOT.jar:?]
	at org.apache.hadoop.ipc.ProtobufRpcEngine$Server.processCall(ProtobufRpcEngine.java:466) [hadoop-common-3.3.1.jar:?]
	at org.apache.hadoop.ipc.ProtobufRpcEngine2$Server$ProtoBufRpcInvoker.call(ProtobufRpcEngine2.java:574) [hadoop-common-3.3.1.jar:?]
	at org.apache.hadoop.ipc.ProtobufRpcEngine2$Server$ProtoBufRpcInvoker.call(ProtobufRpcEngine2.java:552) [hadoop-common-3.3.1.jar:?]
	at org.apache.hadoop.ipc.RPC$Server.call(RPC.java:1093) [hadoop-common-3.3.1.jar:?]
	at org.apache.hadoop.ipc.Server$RpcCall.run(Server.java:1035) [hadoop-common-3.3.1.jar:?]
	at org.apache.hadoop.ipc.Server$RpcCall.run(Server.java:963) [hadoop-common-3.3.1.jar:?]
	at java.security.AccessController.doPrivileged(Native Method) ~[?:1.8.0_332]
	at javax.security.auth.Subject.doAs(Subject.java:422) [?:1.8.0_332]
	at org.apache.hadoop.security.UserGroupInformation.doAs(UserGroupInformation.java:1878) [hadoop-common-3.3.1.jar:?]
	at org.apache.hadoop.ipc.Server$Handler.run(Server.java:2966) [hadoop-common-3.3.1.jar:?]
23:24:20.902 [IPC Server handler 1 on default port 45473] ERROR OMAudit - user=runner | ip=127.0.0.1 | op=GET_FILE_STATUS {volume=volume77069, bucket=trashroottest2, key=.Trash, dataSize=0, replicationConfig=null} | ret=FAILURE
org.apache.hadoop.ozone.om.exceptions.OMException: Unable to get file status: volume: volume77069 bucket: trashroottest2 key: .Trash
	at org.apache.hadoop.ozone.om.KeyManagerImpl.getOzoneFileStatus(KeyManagerImpl.java:1311) ~[ozone-manager-1.3.0-SNAPSHOT.jar:?]
	at org.apache.hadoop.ozone.om.KeyManagerImpl.getFileStatus(KeyManagerImpl.java:1241) ~[ozone-manager-1.3.0-SNAPSHOT.jar:?]
	at org.apache.hadoop.ozone.om.OzoneManager.getFileStatus(OzoneManager.java:3419) ~[ozone-manager-1.3.0-SNAPSHOT.jar:?]
	at org.apache.hadoop.ozone.protocolPB.OzoneManagerRequestHandler.getOzoneFileStatus(OzoneManagerRequestHandler.java:871) ~[ozone-manager-1.3.0-SNAPSHOT.jar:?]
	at org.apache.hadoop.ozone.protocolPB.OzoneManagerRequestHandler.handleReadRequest(OzoneManagerRequestHandler.java:217) ~[ozone-manager-1.3.0-SNAPSHOT.jar:?]
	at org.apache.hadoop.ozone.protocolPB.OzoneManagerProtocolServerSideTranslatorPB.submitReadRequestToOM(OzoneManagerProtocolServerSideTranslatorPB.java:226) ~[ozone-manager-1.3.0-SNAPSHOT.jar:?]
	at org.apache.hadoop.ozone.protocolPB.OzoneManagerProtocolServerSideTranslatorPB.processRequest(OzoneManagerProtocolServerSideTranslatorPB.java:175) ~[ozone-manager-1.3.0-SNAPSHOT.jar:?]
	at org.apache.hadoop.hdds.server.OzoneProtocolMessageDispatcher.processRequest(OzoneProtocolMessageDispatcher.java:87) [hdds-server-framework-1.3.0-SNAPSHOT.jar:?]
	at org.apache.hadoop.ozone.protocolPB.OzoneManagerProtocolServerSideTranslatorPB.submitRequest(OzoneManagerProtocolServerSideTranslatorPB.java:147) [ozone-manager-1.3.0-SNAPSHOT.jar:?]
	at org.apache.hadoop.ozone.protocol.proto.OzoneManagerProtocolProtos$OzoneManagerService$2.callBlockingMethod(OzoneManagerProtocolProtos.java) [ozone-interface-client-1.3.0-SNAPSHOT.jar:?]
	at org.apache.hadoop.ipc.ProtobufRpcEngine$Server.processCall(ProtobufRpcEngine.java:466) [hadoop-common-3.3.1.jar:?]
	at org.apache.hadoop.ipc.ProtobufRpcEngine2$Server$ProtoBufRpcInvoker.call(ProtobufRpcEngine2.java:574) [hadoop-common-3.3.1.jar:?]
	at org.apache.hadoop.ipc.ProtobufRpcEngine2$Server$ProtoBufRpcInvoker.call(ProtobufRpcEngine2.java:552) [hadoop-common-3.3.1.jar:?]
	at org.apache.hadoop.ipc.RPC$Server.call(RPC.java:1093) [hadoop-common-3.3.1.jar:?]
	at org.apache.hadoop.ipc.Server$RpcCall.run(Server.java:1035) [hadoop-common-3.3.1.jar:?]
	at org.apache.hadoop.ipc.Server$RpcCall.run(Server.java:963) [hadoop-common-3.3.1.jar:?]
	at java.security.AccessController.doPrivileged(Native Method) ~[?:1.8.0_332]
	at javax.security.auth.Subject.doAs(Subject.java:422) [?:1.8.0_332]
	at org.apache.hadoop.security.UserGroupInformation.doAs(UserGroupInformation.java:1878) [hadoop-common-3.3.1.jar:?]
	at org.apache.hadoop.ipc.Server$Handler.run(Server.java:2966) [hadoop-common-3.3.1.jar:?]
23:24:20.931 [IPC Server handler 3 on default port 45473] ERROR OMAudit - user=runner | ip=127.0.0.1 | op=GET_FILE_STATUS {volume=volume77069, bucket=bucket07464, key=.Trash/runner, dataSize=0, replicationConfig=null} | ret=FAILURE
org.apache.hadoop.ozone.om.exceptions.OMException: Unable to get file status: volume: volume77069 bucket: bucket07464 key: .Trash/runner
	at org.apache.hadoop.ozone.om.KeyManagerImpl.getOzoneFileStatus(KeyManagerImpl.java:1311) ~[ozone-manager-1.3.0-SNAPSHOT.jar:?]
	at org.apache.hadoop.ozone.om.KeyManagerImpl.getFileStatus(KeyManagerImpl.java:1241) ~[ozone-manager-1.3.0-SNAPSHOT.jar:?]
	at org.apache.hadoop.ozone.om.OzoneManager.getFileStatus(OzoneManager.java:3419) ~[ozone-manager-1.3.0-SNAPSHOT.jar:?]
	at org.apache.hadoop.ozone.protocolPB.OzoneManagerRequestHandler.getOzoneFileStatus(OzoneManagerRequestHandler.java:871) ~[ozone-manager-1.3.0-SNAPSHOT.jar:?]
	at org.apache.hadoop.ozone.protocolPB.OzoneManagerRequestHandler.handleReadRequest(OzoneManagerRequestHandler.java:217) ~[ozone-manager-1.3.0-SNAPSHOT.jar:?]
	at org.apache.hadoop.ozone.protocolPB.OzoneManagerProtocolServerSideTranslatorPB.submitReadRequestToOM(OzoneManagerProtocolServerSideTranslatorPB.java:226) ~[ozone-manager-1.3.0-SNAPSHOT.jar:?]
	at org.apache.hadoop.ozone.protocolPB.OzoneManagerProtocolServerSideTranslatorPB.processRequest(OzoneManagerProtocolServerSideTranslatorPB.java:175) ~[ozone-manager-1.3.0-SNAPSHOT.jar:?]
	at org.apache.hadoop.hdds.server.OzoneProtocolMessageDispatcher.processRequest(OzoneProtocolMessageDispatcher.java:87) [hdds-server-framework-1.3.0-SNAPSHOT.jar:?]
	at org.apache.hadoop.ozone.protocolPB.OzoneManagerProtocolServerSideTranslatorPB.submitRequest(OzoneManagerProtocolServerSideTranslatorPB.java:147) [ozone-manager-1.3.0-SNAPSHOT.jar:?]
	at org.apache.hadoop.ozone.protocol.proto.OzoneManagerProtocolProtos$OzoneManagerService$2.callBlockingMethod(OzoneManagerProtocolProtos.java) [ozone-interface-client-1.3.0-SNAPSHOT.jar:?]
	at org.apache.hadoop.ipc.ProtobufRpcEngine$Server.processCall(ProtobufRpcEngine.java:466) [hadoop-common-3.3.1.jar:?]
	at org.apache.hadoop.ipc.ProtobufRpcEngine2$Server$ProtoBufRpcInvoker.call(ProtobufRpcEngine2.java:574) [hadoop-common-3.3.1.jar:?]
	at org.apache.hadoop.ipc.ProtobufRpcEngine2$Server$ProtoBufRpcInvoker.call(ProtobufRpcEngine2.java:552) [hadoop-common-3.3.1.jar:?]
	at org.apache.hadoop.ipc.RPC$Server.call(RPC.java:1093) [hadoop-common-3.3.1.jar:?]
	at org.apache.hadoop.ipc.Server$RpcCall.run(Server.java:1035) [hadoop-common-3.3.1.jar:?]
	at org.apache.hadoop.ipc.Server$RpcCall.run(Server.java:963) [hadoop-common-3.3.1.jar:?]
	at java.security.AccessController.doPrivileged(Native Method) ~[?:1.8.0_332]
	at javax.security.auth.Subject.doAs(Subject.java:422) [?:1.8.0_332]
	at org.apache.hadoop.security.UserGroupInformation.doAs(UserGroupInformation.java:1878) [hadoop-common-3.3.1.jar:?]
	at org.apache.hadoop.ipc.Server$Handler.run(Server.java:2966) [hadoop-common-3.3.1.jar:?]
23:24:20.937 [IPC Server handler 8 on default port 45473] ERROR OMAudit - user=runner | ip=127.0.0.1 | op=GET_FILE_STATUS {volume=263ecfca-7a7a-47d2-8d67-37d1f6598817, bucket=fe04985b-9c93-463e-9b8b-d671eb9098f9, key=.Trash, dataSize=0, replicationConfig=null} | ret=FAILURE
org.apache.hadoop.ozone.om.exceptions.OMException: Unable to get file status: volume: 263ecfca-7a7a-47d2-8d67-37d1f6598817 bucket: fe04985b-9c93-463e-9b8b-d671eb9098f9 key: .Trash
	at org.apache.hadoop.ozone.om.KeyManagerImpl.getOzoneFileStatus(KeyManagerImpl.java:1311) ~[ozone-manager-1.3.0-SNAPSHOT.jar:?]
	at org.apache.hadoop.ozone.om.KeyManagerImpl.getFileStatus(KeyManagerImpl.java:1241) ~[ozone-manager-1.3.0-SNAPSHOT.jar:?]
	at org.apache.hadoop.ozone.om.OzoneManager.getFileStatus(OzoneManager.java:3419) ~[ozone-manager-1.3.0-SNAPSHOT.jar:?]
	at org.apache.hadoop.ozone.protocolPB.OzoneManagerRequestHandler.getOzoneFileStatus(OzoneManagerRequestHandler.java:871) ~[ozone-manager-1.3.0-SNAPSHOT.jar:?]
	at org.apache.hadoop.ozone.protocolPB.OzoneManagerRequestHandler.handleReadRequest(OzoneManagerRequestHandler.java:217) ~[ozone-manager-1.3.0-SNAPSHOT.jar:?]
	at org.apache.hadoop.ozone.protocolPB.OzoneManagerProtocolServerSideTranslatorPB.submitReadRequestToOM(OzoneManagerProtocolServerSideTranslatorPB.java:226) ~[ozone-manager-1.3.0-SNAPSHOT.jar:?]
	at org.apache.hadoop.ozone.protocolPB.OzoneManagerProtocolServerSideTranslatorPB.processRequest(OzoneManagerProtocolServerSideTranslatorPB.java:175) ~[ozone-manager-1.3.0-SNAPSHOT.jar:?]
	at org.apache.hadoop.hdds.server.OzoneProtocolMessageDispatcher.processRequest(OzoneProtocolMessageDispatcher.java:87) [hdds-server-framework-1.3.0-SNAPSHOT.jar:?]
	at org.apache.hadoop.ozone.protocolPB.OzoneManagerProtocolServerSideTranslatorPB.submitRequest(OzoneManagerProtocolServerSideTranslatorPB.java:147) [ozone-manager-1.3.0-SNAPSHOT.jar:?]
	at org.apache.hadoop.ozone.protocol.proto.OzoneManagerProtocolProtos$OzoneManagerService$2.callBlockingMethod(OzoneManagerProtocolProtos.java) [ozone-interface-client-1.3.0-SNAPSHOT.jar:?]
	at org.apache.hadoop.ipc.ProtobufRpcEngine$Server.processCall(ProtobufRpcEngine.java:466) [hadoop-common-3.3.1.jar:?]
	at org.apache.hadoop.ipc.ProtobufRpcEngine2$Server$ProtoBufRpcInvoker.call(ProtobufRpcEngine2.java:574) [hadoop-common-3.3.1.jar:?]
	at org.apache.hadoop.ipc.ProtobufRpcEngine2$Server$ProtoBufRpcInvoker.call(ProtobufRpcEngine2.java:552) [hadoop-common-3.3.1.jar:?]
	at org.apache.hadoop.ipc.RPC$Server.call(RPC.java:1093) [hadoop-common-3.3.1.jar:?]
	at org.apache.hadoop.ipc.Server$RpcCall.run(Server.java:1035) [hadoop-common-3.3.1.jar:?]
	at org.apache.hadoop.ipc.Server$RpcCall.run(Server.java:963) [hadoop-common-3.3.1.jar:?]
	at java.security.AccessController.doPrivileged(Native Method) ~[?:1.8.0_332]
	at javax.security.auth.Subject.doAs(Subject.java:422) [?:1.8.0_332]
	at org.apache.hadoop.security.UserGroupInformation.doAs(UserGroupInformation.java:1878) [hadoop-common-3.3.1.jar:?]
	at org.apache.hadoop.ipc.Server$Handler.run(Server.java:2966) [hadoop-common-3.3.1.jar:?]
]]></system-out>
  </testcase>
  <testcase name="testGetTrashRoots" classname="TestRootedOzoneFileSystem" time="1.201">
    <system-out><![CDATA[2022-07-12 23:25:43,782 [a135f15d-6580-477c-8a71-f9528412742f@group-1457D70A6616-FollowerState] INFO  impl.FollowerState (FollowerState.java:run(143)) - a135f15d-6580-477c-8a71-f9528412742f@group-1457D70A6616-FollowerState: change to CANDIDATE, lastRpcElapsedTime:5129459290ns, electionTimeout:5062ms
2022-07-12 23:25:43,782 [a135f15d-6580-477c-8a71-f9528412742f@group-1457D70A6616-FollowerState] INFO  impl.RoleInfo (RoleInfo.java:shutdownFollowerState(110)) - a135f15d-6580-477c-8a71-f9528412742f: shutdown a135f15d-6580-477c-8a71-f9528412742f@group-1457D70A6616-FollowerState
2022-07-12 23:25:43,782 [a135f15d-6580-477c-8a71-f9528412742f@group-1457D70A6616-FollowerState] INFO  server.RaftServer$Division (RaftServerImpl.java:setRole(299)) - a135f15d-6580-477c-8a71-f9528412742f@group-1457D70A6616: changes role from  FOLLOWER to CANDIDATE at term 2 for changeToCandidate
2022-07-12 23:25:43,782 [a135f15d-6580-477c-8a71-f9528412742f@group-1457D70A6616-FollowerState] INFO  server.RaftServerConfigKeys (ConfUtils.java:logGet(46)) - raft.server.leaderelection.pre-vote = false (custom)
2022-07-12 23:25:43,782 [a135f15d-6580-477c-8a71-f9528412742f@group-1457D70A6616-FollowerState] INFO  impl.RoleInfo (RoleInfo.java:updateAndGet(139)) - a135f15d-6580-477c-8a71-f9528412742f: start a135f15d-6580-477c-8a71-f9528412742f@group-1457D70A6616-LeaderElection84
2022-07-12 23:25:43,791 [d62677b6-aca1-45f9-8cbf-ef07d3f04380@group-1457D70A6616-FollowerState] INFO  impl.FollowerState (FollowerState.java:run(143)) - d62677b6-aca1-45f9-8cbf-ef07d3f04380@group-1457D70A6616-FollowerState: change to CANDIDATE, lastRpcElapsedTime:5095150802ns, electionTimeout:5074ms
2022-07-12 23:25:43,800 [d62677b6-aca1-45f9-8cbf-ef07d3f04380@group-1457D70A6616-FollowerState] INFO  impl.RoleInfo (RoleInfo.java:shutdownFollowerState(110)) - d62677b6-aca1-45f9-8cbf-ef07d3f04380: shutdown d62677b6-aca1-45f9-8cbf-ef07d3f04380@group-1457D70A6616-FollowerState
2022-07-12 23:25:43,800 [d62677b6-aca1-45f9-8cbf-ef07d3f04380@group-1457D70A6616-FollowerState] INFO  server.RaftServer$Division (RaftServerImpl.java:setRole(299)) - d62677b6-aca1-45f9-8cbf-ef07d3f04380@group-1457D70A6616: changes role from  FOLLOWER to CANDIDATE at term 2 for changeToCandidate
2022-07-12 23:25:43,800 [d62677b6-aca1-45f9-8cbf-ef07d3f04380@group-1457D70A6616-FollowerState] INFO  server.RaftServerConfigKeys (ConfUtils.java:logGet(46)) - raft.server.leaderelection.pre-vote = false (custom)
2022-07-12 23:25:43,800 [d62677b6-aca1-45f9-8cbf-ef07d3f04380@group-1457D70A6616-FollowerState] INFO  impl.RoleInfo (RoleInfo.java:updateAndGet(139)) - d62677b6-aca1-45f9-8cbf-ef07d3f04380: start d62677b6-aca1-45f9-8cbf-ef07d3f04380@group-1457D70A6616-LeaderElection85
2022-07-12 23:25:43,846 [a135f15d-6580-477c-8a71-f9528412742f@group-1457D70A6616-LeaderElection84] INFO  impl.LeaderElection (LeaderElection.java:askForVotes(310)) - a135f15d-6580-477c-8a71-f9528412742f@group-1457D70A6616-LeaderElection84 ELECTION round 0: submit vote requests at term 3 for -1: [a135f15d-6580-477c-8a71-f9528412742f|rpc:10.1.0.13:34569|dataStream:|priority:0, 11563331-6701-4d30-8001-992896c542e0|rpc:10.1.0.13:45985|dataStream:|priority:1, d62677b6-aca1-45f9-8cbf-ef07d3f04380|rpc:10.1.0.13:43415|dataStream:|priority:0], old=null
2022-07-12 23:25:43,879 [d62677b6-aca1-45f9-8cbf-ef07d3f04380@group-1457D70A6616-LeaderElection85] INFO  impl.LeaderElection (LeaderElection.java:askForVotes(310)) - d62677b6-aca1-45f9-8cbf-ef07d3f04380@group-1457D70A6616-LeaderElection85 ELECTION round 0: submit vote requests at term 3 for -1: [a135f15d-6580-477c-8a71-f9528412742f|rpc:10.1.0.13:34569|priority:0, 11563331-6701-4d30-8001-992896c542e0|rpc:10.1.0.13:45985|priority:1, d62677b6-aca1-45f9-8cbf-ef07d3f04380|rpc:10.1.0.13:43415|priority:0], old=null
2022-07-12 23:25:43,918 [grpc-default-executor-2] INFO  server.RaftServer$Division (RaftServerImpl.java:requestVote(1152)) - d62677b6-aca1-45f9-8cbf-ef07d3f04380@group-1457D70A6616: receive requestVote(ELECTION, a135f15d-6580-477c-8a71-f9528412742f, group-1457D70A6616, 3, (t:0, i:0))
2022-07-12 23:25:43,918 [grpc-default-executor-2] INFO  impl.VoteContext (VoteContext.java:log(48)) - d62677b6-aca1-45f9-8cbf-ef07d3f04380@group-1457D70A6616-CANDIDATE: reject ELECTION from a135f15d-6580-477c-8a71-f9528412742f: already has voted for d62677b6-aca1-45f9-8cbf-ef07d3f04380 at current term 3
2022-07-12 23:25:43,918 [grpc-default-executor-2] INFO  server.RaftServer$Division (RaftServerImpl.java:requestVote(1184)) - d62677b6-aca1-45f9-8cbf-ef07d3f04380@group-1457D70A6616 replies to ELECTION vote request: a135f15d-6580-477c-8a71-f9528412742f<-d62677b6-aca1-45f9-8cbf-ef07d3f04380#0:FAIL-t3. Peer's state: d62677b6-aca1-45f9-8cbf-ef07d3f04380@group-1457D70A6616:t3, leader=null, voted=d62677b6-aca1-45f9-8cbf-ef07d3f04380, raftlog=d62677b6-aca1-45f9-8cbf-ef07d3f04380@group-1457D70A6616-SegmentedRaftLog:OPENED:c-1, conf=-1: [a135f15d-6580-477c-8a71-f9528412742f|rpc:10.1.0.13:34569|priority:0, 11563331-6701-4d30-8001-992896c542e0|rpc:10.1.0.13:45985|priority:1, d62677b6-aca1-45f9-8cbf-ef07d3f04380|rpc:10.1.0.13:43415|priority:0], old=null
2022-07-12 23:25:43,918 [grpc-default-executor-3] INFO  server.RaftServer$Division (RaftServerImpl.java:requestVote(1152)) - 11563331-6701-4d30-8001-992896c542e0@group-1457D70A6616: receive requestVote(ELECTION, a135f15d-6580-477c-8a71-f9528412742f, group-1457D70A6616, 3, (t:0, i:0))
2022-07-12 23:25:43,920 [Time-limited test] INFO  rpc.RpcClient (RpcClient.java:createVolume(466)) - Creating Volume: volume63165, with user23293 as owner and space quota set to -1 bytes, counts quota set to -1
2022-07-12 23:25:43,960 [IPC Server handler 2 on default port 46473] INFO  volume.OMVolumeCreateRequest (OMVolumeCreateRequest.java:validateAndUpdateCache(195)) - created volume:volume63165 for user:user23293
2022-07-12 23:25:43,959 [grpc-default-executor-3] INFO  impl.VoteContext (VoteContext.java:log(48)) - 11563331-6701-4d30-8001-992896c542e0@group-1457D70A6616-FOLLOWER: reject ELECTION from a135f15d-6580-477c-8a71-f9528412742f: our priority 1 > candidate's priority 0
2022-07-12 23:25:43,961 [grpc-default-executor-3] INFO  server.RaftServer$Division (RaftServerImpl.java:setRole(299)) - 11563331-6701-4d30-8001-992896c542e0@group-1457D70A6616: changes role from  FOLLOWER to FOLLOWER at term 3 for candidate:a135f15d-6580-477c-8a71-f9528412742f
2022-07-12 23:25:43,961 [grpc-default-executor-3] INFO  impl.RoleInfo (RoleInfo.java:shutdownFollowerState(110)) - 11563331-6701-4d30-8001-992896c542e0: shutdown 11563331-6701-4d30-8001-992896c542e0@group-1457D70A6616-FollowerState
2022-07-12 23:25:43,961 [grpc-default-executor-3] INFO  impl.RoleInfo (RoleInfo.java:updateAndGet(139)) - 11563331-6701-4d30-8001-992896c542e0: start 11563331-6701-4d30-8001-992896c542e0@group-1457D70A6616-FollowerState
2022-07-12 23:25:43,961 [11563331-6701-4d30-8001-992896c542e0@group-1457D70A6616-FollowerState] INFO  impl.FollowerState (FollowerState.java:run(152)) - 11563331-6701-4d30-8001-992896c542e0@group-1457D70A6616-FollowerState was interrupted
2022-07-12 23:25:43,965 [Time-limited test] INFO  rpc.RpcClient (RpcClient.java:createBucket(669)) - Creating Bucket: volume63165/bucket47582, with bucket layout LEGACY, runner as owner, Versioning false, Storage Type set to DISK and Encryption set to false 
2022-07-12 23:25:43,965 [IPC Server handler 15 on default port 46473] INFO  bucket.OMBucketCreateRequest (OMBucketCreateRequest.java:validateAndUpdateCache(260)) - created bucket: bucket47582 of layout LEGACY in volume: volume63165
2022-07-12 23:25:43,969 [grpc-default-executor-3] INFO  server.RaftServer$Division (RaftServerImpl.java:requestVote(1184)) - 11563331-6701-4d30-8001-992896c542e0@group-1457D70A6616 replies to ELECTION vote request: a135f15d-6580-477c-8a71-f9528412742f<-11563331-6701-4d30-8001-992896c542e0#0:FAIL-t3. Peer's state: 11563331-6701-4d30-8001-992896c542e0@group-1457D70A6616:t3, leader=null, voted=null, raftlog=11563331-6701-4d30-8001-992896c542e0@group-1457D70A6616-SegmentedRaftLog:OPENED:c-1, conf=-1: [a135f15d-6580-477c-8a71-f9528412742f|rpc:10.1.0.13:34569|priority:0, 11563331-6701-4d30-8001-992896c542e0|rpc:10.1.0.13:45985|priority:1, d62677b6-aca1-45f9-8cbf-ef07d3f04380|rpc:10.1.0.13:43415|priority:0], old=null
23:25:43.975 [IPC Server handler 11 on default port 46473] ERROR OMAudit - user=runner | ip=127.0.0.1 | op=GET_FILE_STATUS {volume=volume63165, bucket=bucket47582, key=.Trash/runner, dataSize=0, replicationConfig=null} | ret=FAILURE
org.apache.hadoop.ozone.om.exceptions.OMException: Unable to get file status: volume: volume63165 bucket: bucket47582 key: .Trash/runner
	at org.apache.hadoop.ozone.om.KeyManagerImpl.getOzoneFileStatus(KeyManagerImpl.java:1311) ~[ozone-manager-1.3.0-SNAPSHOT.jar:?]
	at org.apache.hadoop.ozone.om.KeyManagerImpl.getFileStatus(KeyManagerImpl.java:1241) ~[ozone-manager-1.3.0-SNAPSHOT.jar:?]
	at org.apache.hadoop.ozone.om.OzoneManager.getFileStatus(OzoneManager.java:3419) ~[ozone-manager-1.3.0-SNAPSHOT.jar:?]
	at org.apache.hadoop.ozone.protocolPB.OzoneManagerRequestHandler.getOzoneFileStatus(OzoneManagerRequestHandler.java:871) ~[ozone-manager-1.3.0-SNAPSHOT.jar:?]
	at org.apache.hadoop.ozone.protocolPB.OzoneManagerRequestHandler.handleReadRequest(OzoneManagerRequestHandler.java:217) ~[ozone-manager-1.3.0-SNAPSHOT.jar:?]
	at org.apache.hadoop.ozone.protocolPB.OzoneManagerProtocolServerSideTranslatorPB.submitRequestDirectlyToOM(OzoneManagerProtocolServerSideTranslatorPB.java:276) ~[ozone-manager-1.3.0-SNAPSHOT.jar:?]
	at org.apache.hadoop.ozone.protocolPB.OzoneManagerProtocolServerSideTranslatorPB.processRequest(OzoneManagerProtocolServerSideTranslatorPB.java:205) ~[ozone-manager-1.3.0-SNAPSHOT.jar:?]
	at org.apache.hadoop.hdds.server.OzoneProtocolMessageDispatcher.processRequest(OzoneProtocolMessageDispatcher.java:87) [hdds-server-framework-1.3.0-SNAPSHOT.jar:?]
	at org.apache.hadoop.ozone.protocolPB.OzoneManagerProtocolServerSideTranslatorPB.submitRequest(OzoneManagerProtocolServerSideTranslatorPB.java:147) [ozone-manager-1.3.0-SNAPSHOT.jar:?]
	at org.apache.hadoop.ozone.protocol.proto.OzoneManagerProtocolProtos$OzoneManagerService$2.callBlockingMethod(OzoneManagerProtocolProtos.java) [ozone-interface-client-1.3.0-SNAPSHOT.jar:?]
	at org.apache.hadoop.ipc.ProtobufRpcEngine$Server.processCall(ProtobufRpcEngine.java:466) [hadoop-common-3.3.1.jar:?]
	at org.apache.hadoop.ipc.ProtobufRpcEngine2$Server$ProtoBufRpcInvoker.call(ProtobufRpcEngine2.java:574) [hadoop-common-3.3.1.jar:?]
	at org.apache.hadoop.ipc.ProtobufRpcEngine2$Server$ProtoBufRpcInvoker.call(ProtobufRpcEngine2.java:552) [hadoop-common-3.3.1.jar:?]
	at org.apache.hadoop.ipc.RPC$Server.call(RPC.java:1093) [hadoop-common-3.3.1.jar:?]
	at org.apache.hadoop.ipc.Server$RpcCall.run(Server.java:1035) [hadoop-common-3.3.1.jar:?]
	at org.apache.hadoop.ipc.Server$RpcCall.run(Server.java:963) [hadoop-common-3.3.1.jar:?]
	at java.security.AccessController.doPrivileged(Native Method) ~[?:1.8.0_332]
	at javax.security.auth.Subject.doAs(Subject.java:422) [?:1.8.0_332]
	at org.apache.hadoop.security.UserGroupInformation.doAs(UserGroupInformation.java:1878) [hadoop-common-3.3.1.jar:?]
	at org.apache.hadoop.ipc.Server$Handler.run(Server.java:2966) [hadoop-common-3.3.1.jar:?]
23:25:43.981 [IPC Server handler 4 on default port 46473] ERROR OMAudit - user=runner | ip=127.0.0.1 | op=GET_FILE_STATUS {volume=481ac634-c470-40b3-83da-b9b4849b29d2, bucket=08e00e26-5eca-4d7d-a712-614f0a7d538e, key=.Trash, dataSize=0, replicationConfig=null} | ret=FAILURE
org.apache.hadoop.ozone.om.exceptions.OMException: Unable to get file status: volume: 481ac634-c470-40b3-83da-b9b4849b29d2 bucket: 08e00e26-5eca-4d7d-a712-614f0a7d538e key: .Trash
	at org.apache.hadoop.ozone.om.KeyManagerImpl.getOzoneFileStatus(KeyManagerImpl.java:1311) ~[ozone-manager-1.3.0-SNAPSHOT.jar:?]
	at org.apache.hadoop.ozone.om.KeyManagerImpl.getFileStatus(KeyManagerImpl.java:1241) ~[ozone-manager-1.3.0-SNAPSHOT.jar:?]
	at org.apache.hadoop.ozone.om.OzoneManager.getFileStatus(OzoneManager.java:3419) ~[ozone-manager-1.3.0-SNAPSHOT.jar:?]
	at org.apache.hadoop.ozone.protocolPB.OzoneManagerRequestHandler.getOzoneFileStatus(OzoneManagerRequestHandler.java:871) ~[ozone-manager-1.3.0-SNAPSHOT.jar:?]
	at org.apache.hadoop.ozone.protocolPB.OzoneManagerRequestHandler.handleReadRequest(OzoneManagerRequestHandler.java:217) ~[ozone-manager-1.3.0-SNAPSHOT.jar:?]
	at org.apache.hadoop.ozone.protocolPB.OzoneManagerProtocolServerSideTranslatorPB.submitRequestDirectlyToOM(OzoneManagerProtocolServerSideTranslatorPB.java:276) ~[ozone-manager-1.3.0-SNAPSHOT.jar:?]
	at org.apache.hadoop.ozone.protocolPB.OzoneManagerProtocolServerSideTranslatorPB.processRequest(OzoneManagerProtocolServerSideTranslatorPB.java:205) ~[ozone-manager-1.3.0-SNAPSHOT.jar:?]
	at org.apache.hadoop.hdds.server.OzoneProtocolMessageDispatcher.processRequest(OzoneProtocolMessageDispatcher.java:87) [hdds-server-framework-1.3.0-SNAPSHOT.jar:?]
	at org.apache.hadoop.ozone.protocolPB.OzoneManagerProtocolServerSideTranslatorPB.submitRequest(OzoneManagerProtocolServerSideTranslatorPB.java:147) [ozone-manager-1.3.0-SNAPSHOT.jar:?]
	at org.apache.hadoop.ozone.protocol.proto.OzoneManagerProtocolProtos$OzoneManagerService$2.callBlockingMethod(OzoneManagerProtocolProtos.java) [ozone-interface-client-1.3.0-SNAPSHOT.jar:?]
	at org.apache.hadoop.ipc.ProtobufRpcEngine$Server.processCall(ProtobufRpcEngine.java:466) [hadoop-common-3.3.1.jar:?]
	at org.apache.hadoop.ipc.ProtobufRpcEngine2$Server$ProtoBufRpcInvoker.call(ProtobufRpcEngine2.java:574) [hadoop-common-3.3.1.jar:?]
	at org.apache.hadoop.ipc.ProtobufRpcEngine2$Server$ProtoBufRpcInvoker.call(ProtobufRpcEngine2.java:552) [hadoop-common-3.3.1.jar:?]
	at org.apache.hadoop.ipc.RPC$Server.call(RPC.java:1093) [hadoop-common-3.3.1.jar:?]
	at org.apache.hadoop.ipc.Server$RpcCall.run(Server.java:1035) [hadoop-common-3.3.1.jar:?]
	at org.apache.hadoop.ipc.Server$RpcCall.run(Server.java:963) [hadoop-common-3.3.1.jar:?]
	at java.security.AccessController.doPrivileged(Native Method) ~[?:1.8.0_332]
	at javax.security.auth.Subject.doAs(Subject.java:422) [?:1.8.0_332]
	at org.apache.hadoop.security.UserGroupInformation.doAs(UserGroupInformation.java:1878) [hadoop-common-3.3.1.jar:?]
	at org.apache.hadoop.ipc.Server$Handler.run(Server.java:2966) [hadoop-common-3.3.1.jar:?]
23:25:43.983 [IPC Server handler 19 on default port 46473] ERROR OMAudit - user=runner | ip=127.0.0.1 | op=GET_FILE_STATUS {volume=volume63165, bucket=bucket47582, key=.Trash, dataSize=0, replicationConfig=null} | ret=FAILURE
org.apache.hadoop.ozone.om.exceptions.OMException: Unable to get file status: volume: volume63165 bucket: bucket47582 key: .Trash
	at org.apache.hadoop.ozone.om.KeyManagerImpl.getOzoneFileStatus(KeyManagerImpl.java:1311) ~[ozone-manager-1.3.0-SNAPSHOT.jar:?]
	at org.apache.hadoop.ozone.om.KeyManagerImpl.getFileStatus(KeyManagerImpl.java:1241) ~[ozone-manager-1.3.0-SNAPSHOT.jar:?]
	at org.apache.hadoop.ozone.om.OzoneManager.getFileStatus(OzoneManager.java:3419) ~[ozone-manager-1.3.0-SNAPSHOT.jar:?]
	at org.apache.hadoop.ozone.protocolPB.OzoneManagerRequestHandler.getOzoneFileStatus(OzoneManagerRequestHandler.java:871) ~[ozone-manager-1.3.0-SNAPSHOT.jar:?]
	at org.apache.hadoop.ozone.protocolPB.OzoneManagerRequestHandler.handleReadRequest(OzoneManagerRequestHandler.java:217) ~[ozone-manager-1.3.0-SNAPSHOT.jar:?]
	at org.apache.hadoop.ozone.protocolPB.OzoneManagerProtocolServerSideTranslatorPB.submitRequestDirectlyToOM(OzoneManagerProtocolServerSideTranslatorPB.java:276) ~[ozone-manager-1.3.0-SNAPSHOT.jar:?]
	at org.apache.hadoop.ozone.protocolPB.OzoneManagerProtocolServerSideTranslatorPB.processRequest(OzoneManagerProtocolServerSideTranslatorPB.java:205) ~[ozone-manager-1.3.0-SNAPSHOT.jar:?]
	at org.apache.hadoop.hdds.server.OzoneProtocolMessageDispatcher.processRequest(OzoneProtocolMessageDispatcher.java:87) [hdds-server-framework-1.3.0-SNAPSHOT.jar:?]
	at org.apache.hadoop.ozone.protocolPB.OzoneManagerProtocolServerSideTranslatorPB.submitRequest(OzoneManagerProtocolServerSideTranslatorPB.java:147) [ozone-manager-1.3.0-SNAPSHOT.jar:?]
	at org.apache.hadoop.ozone.protocol.proto.OzoneManagerProtocolProtos$OzoneManagerService$2.callBlockingMethod(OzoneManagerProtocolProtos.java) [ozone-interface-client-1.3.0-SNAPSHOT.jar:?]
	at org.apache.hadoop.ipc.ProtobufRpcEngine$Server.processCall(ProtobufRpcEngine.java:466) [hadoop-common-3.3.1.jar:?]
	at org.apache.hadoop.ipc.ProtobufRpcEngine2$Server$ProtoBufRpcInvoker.call(ProtobufRpcEngine2.java:574) [hadoop-common-3.3.1.jar:?]
	at org.apache.hadoop.ipc.ProtobufRpcEngine2$Server$ProtoBufRpcInvoker.call(ProtobufRpcEngine2.java:552) [hadoop-common-3.3.1.jar:?]
	at org.apache.hadoop.ipc.RPC$Server.call(RPC.java:1093) [hadoop-common-3.3.1.jar:?]
	at org.apache.hadoop.ipc.Server$RpcCall.run(Server.java:1035) [hadoop-common-3.3.1.jar:?]
	at org.apache.hadoop.ipc.Server$RpcCall.run(Server.java:963) [hadoop-common-3.3.1.jar:?]
	at java.security.AccessController.doPrivileged(Native Method) ~[?:1.8.0_332]
	at javax.security.auth.Subject.doAs(Subject.java:422) [?:1.8.0_332]
	at org.apache.hadoop.security.UserGroupInformation.doAs(UserGroupInformation.java:1878) [hadoop-common-3.3.1.jar:?]
	at org.apache.hadoop.ipc.Server$Handler.run(Server.java:2966) [hadoop-common-3.3.1.jar:?]
23:25:43.993 [IPC Server handler 2 on default port 46473] ERROR OMAudit - user=runner | ip=127.0.0.1 | op=GET_FILE_STATUS {volume=481ac634-c470-40b3-83da-b9b4849b29d2, bucket=08e00e26-5eca-4d7d-a712-614f0a7d538e, key=.Trash, dataSize=0, replicationConfig=null} | ret=FAILURE
org.apache.hadoop.ozone.om.exceptions.OMException: Unable to get file status: volume: 481ac634-c470-40b3-83da-b9b4849b29d2 bucket: 08e00e26-5eca-4d7d-a712-614f0a7d538e key: .Trash
	at org.apache.hadoop.ozone.om.KeyManagerImpl.getOzoneFileStatus(KeyManagerImpl.java:1311) ~[ozone-manager-1.3.0-SNAPSHOT.jar:?]
	at org.apache.hadoop.ozone.om.KeyManagerImpl.getFileStatus(KeyManagerImpl.java:1241) ~[ozone-manager-1.3.0-SNAPSHOT.jar:?]
	at org.apache.hadoop.ozone.om.OzoneManager.getFileStatus(OzoneManager.java:3419) ~[ozone-manager-1.3.0-SNAPSHOT.jar:?]
	at org.apache.hadoop.ozone.protocolPB.OzoneManagerRequestHandler.getOzoneFileStatus(OzoneManagerRequestHandler.java:871) ~[ozone-manager-1.3.0-SNAPSHOT.jar:?]
	at org.apache.hadoop.ozone.protocolPB.OzoneManagerRequestHandler.handleReadRequest(OzoneManagerRequestHandler.java:217) ~[ozone-manager-1.3.0-SNAPSHOT.jar:?]
	at org.apache.hadoop.ozone.protocolPB.OzoneManagerProtocolServerSideTranslatorPB.submitRequestDirectlyToOM(OzoneManagerProtocolServerSideTranslatorPB.java:276) ~[ozone-manager-1.3.0-SNAPSHOT.jar:?]
	at org.apache.hadoop.ozone.protocolPB.OzoneManagerProtocolServerSideTranslatorPB.processRequest(OzoneManagerProtocolServerSideTranslatorPB.java:205) ~[ozone-manager-1.3.0-SNAPSHOT.jar:?]
	at org.apache.hadoop.hdds.server.OzoneProtocolMessageDispatcher.processRequest(OzoneProtocolMessageDispatcher.java:87) [hdds-server-framework-1.3.0-SNAPSHOT.jar:?]
	at org.apache.hadoop.ozone.protocolPB.OzoneManagerProtocolServerSideTranslatorPB.submitRequest(OzoneManagerProtocolServerSideTranslatorPB.java:147) [ozone-manager-1.3.0-SNAPSHOT.jar:?]
	at org.apache.hadoop.ozone.protocol.proto.OzoneManagerProtocolProtos$OzoneManagerService$2.callBlockingMethod(OzoneManagerProtocolProtos.java) [ozone-interface-client-1.3.0-SNAPSHOT.jar:?]
	at org.apache.hadoop.ipc.ProtobufRpcEngine$Server.processCall(ProtobufRpcEngine.java:466) [hadoop-common-3.3.1.jar:?]
	at org.apache.hadoop.ipc.ProtobufRpcEngine2$Server$ProtoBufRpcInvoker.call(ProtobufRpcEngine2.java:574) [hadoop-common-3.3.1.jar:?]
	at org.apache.hadoop.ipc.ProtobufRpcEngine2$Server$ProtoBufRpcInvoker.call(ProtobufRpcEngine2.java:552) [hadoop-common-3.3.1.jar:?]
	at org.apache.hadoop.ipc.RPC$Server.call(RPC.java:1093) [hadoop-common-3.3.1.jar:?]
	at org.apache.hadoop.ipc.Server$RpcCall.run(Server.java:1035) [hadoop-common-3.3.1.jar:?]
	at org.apache.hadoop.ipc.Server$RpcCall.run(Server.java:963) [hadoop-common-3.3.1.jar:?]
	at java.security.AccessController.doPrivileged(Native Method) ~[?:1.8.0_332]
	at javax.security.auth.Subject.doAs(Subject.java:422) [?:1.8.0_332]
	at org.apache.hadoop.security.UserGroupInformation.doAs(UserGroupInformation.java:1878) [hadoop-common-3.3.1.jar:?]
	at org.apache.hadoop.ipc.Server$Handler.run(Server.java:2966) [hadoop-common-3.3.1.jar:?]
2022-07-12 23:25:44,011 [a135f15d-6580-477c-8a71-f9528412742f@group-1457D70A6616-LeaderElection84] INFO  impl.LeaderElection (LeaderElection.java:logAndReturn(90)) - a135f15d-6580-477c-8a71-f9528412742f@group-1457D70A6616-LeaderElection84: ELECTION REJECTED received 2 response(s) and 0 exception(s):
2022-07-12 23:25:44,011 [a135f15d-6580-477c-8a71-f9528412742f@group-1457D70A6616-LeaderElection84] INFO  impl.LeaderElection (LeaderElection.java:logAndReturn(94)) -   Response 0: a135f15d-6580-477c-8a71-f9528412742f<-d62677b6-aca1-45f9-8cbf-ef07d3f04380#0:FAIL-t3
2022-07-12 23:25:44,011 [a135f15d-6580-477c-8a71-f9528412742f@group-1457D70A6616-LeaderElection84] INFO  impl.LeaderElection (LeaderElection.java:logAndReturn(94)) -   Response 1: a135f15d-6580-477c-8a71-f9528412742f<-11563331-6701-4d30-8001-992896c542e0#0:FAIL-t3
2022-07-12 23:25:44,011 [a135f15d-6580-477c-8a71-f9528412742f@group-1457D70A6616-LeaderElection84] INFO  impl.LeaderElection (LeaderElection.java:askForVotes(312)) - a135f15d-6580-477c-8a71-f9528412742f@group-1457D70A6616-LeaderElection84 ELECTION round 0: result REJECTED
2022-07-12 23:25:44,012 [a135f15d-6580-477c-8a71-f9528412742f@group-1457D70A6616-LeaderElection84] INFO  server.RaftServer$Division (RaftServerImpl.java:setRole(299)) - a135f15d-6580-477c-8a71-f9528412742f@group-1457D70A6616: changes role from CANDIDATE to FOLLOWER at term 3 for REJECTED
2022-07-12 23:25:44,012 [a135f15d-6580-477c-8a71-f9528412742f@group-1457D70A6616-LeaderElection84] INFO  impl.RoleInfo (RoleInfo.java:shutdownLeaderElection(130)) - a135f15d-6580-477c-8a71-f9528412742f: shutdown a135f15d-6580-477c-8a71-f9528412742f@group-1457D70A6616-LeaderElection84
2022-07-12 23:25:44,012 [a135f15d-6580-477c-8a71-f9528412742f@group-1457D70A6616-LeaderElection84] INFO  impl.RoleInfo (RoleInfo.java:updateAndGet(139)) - a135f15d-6580-477c-8a71-f9528412742f: start a135f15d-6580-477c-8a71-f9528412742f@group-1457D70A6616-FollowerState
2022-07-12 23:25:44,012 [grpc-default-executor-2] INFO  server.RaftServer$Division (RaftServerImpl.java:requestVote(1152)) - 11563331-6701-4d30-8001-992896c542e0@group-1457D70A6616: receive requestVote(ELECTION, d62677b6-aca1-45f9-8cbf-ef07d3f04380, group-1457D70A6616, 3, (t:0, i:0))
2022-07-12 23:25:44,012 [grpc-default-executor-2] INFO  impl.VoteContext (VoteContext.java:log(48)) - 11563331-6701-4d30-8001-992896c542e0@group-1457D70A6616-FOLLOWER: reject ELECTION from d62677b6-aca1-45f9-8cbf-ef07d3f04380: our priority 1 > candidate's priority 0
2022-07-12 23:25:44,012 [grpc-default-executor-2] INFO  server.RaftServer$Division (RaftServerImpl.java:setRole(299)) - 11563331-6701-4d30-8001-992896c542e0@group-1457D70A6616: changes role from  FOLLOWER to FOLLOWER at term 3 for candidate:d62677b6-aca1-45f9-8cbf-ef07d3f04380
2022-07-12 23:25:44,012 [grpc-default-executor-2] INFO  impl.RoleInfo (RoleInfo.java:shutdownFollowerState(110)) - 11563331-6701-4d30-8001-992896c542e0: shutdown 11563331-6701-4d30-8001-992896c542e0@group-1457D70A6616-FollowerState
2022-07-12 23:25:44,045 [grpc-default-executor-3] INFO  server.RaftServer$Division (RaftServerImpl.java:requestVote(1152)) - a135f15d-6580-477c-8a71-f9528412742f@group-1457D70A6616: receive requestVote(ELECTION, d62677b6-aca1-45f9-8cbf-ef07d3f04380, group-1457D70A6616, 3, (t:0, i:0))
2022-07-12 23:25:44,045 [grpc-default-executor-3] INFO  impl.VoteContext (VoteContext.java:log(48)) - a135f15d-6580-477c-8a71-f9528412742f@group-1457D70A6616-FOLLOWER: reject ELECTION from d62677b6-aca1-45f9-8cbf-ef07d3f04380: already has voted for a135f15d-6580-477c-8a71-f9528412742f at current term 3
2022-07-12 23:25:44,045 [grpc-default-executor-3] INFO  server.RaftServer$Division (RaftServerImpl.java:requestVote(1184)) - a135f15d-6580-477c-8a71-f9528412742f@group-1457D70A6616 replies to ELECTION vote request: d62677b6-aca1-45f9-8cbf-ef07d3f04380<-a135f15d-6580-477c-8a71-f9528412742f#0:FAIL-t3. Peer's state: a135f15d-6580-477c-8a71-f9528412742f@group-1457D70A6616:t3, leader=null, voted=a135f15d-6580-477c-8a71-f9528412742f, raftlog=a135f15d-6580-477c-8a71-f9528412742f@group-1457D70A6616-SegmentedRaftLog:OPENED:c-1, conf=-1: [a135f15d-6580-477c-8a71-f9528412742f|rpc:10.1.0.13:34569|dataStream:|priority:0, 11563331-6701-4d30-8001-992896c542e0|rpc:10.1.0.13:45985|dataStream:|priority:1, d62677b6-aca1-45f9-8cbf-ef07d3f04380|rpc:10.1.0.13:43415|dataStream:|priority:0], old=null
2022-07-12 23:25:44,046 [grpc-default-executor-2] INFO  impl.RoleInfo (RoleInfo.java:updateAndGet(139)) - 11563331-6701-4d30-8001-992896c542e0: start 11563331-6701-4d30-8001-992896c542e0@group-1457D70A6616-FollowerState
2022-07-12 23:25:44,048 [11563331-6701-4d30-8001-992896c542e0@group-1457D70A6616-FollowerState] INFO  impl.FollowerState (FollowerState.java:shouldRun(117)) - 11563331-6701-4d30-8001-992896c542e0@group-1457D70A6616-FollowerState: Stopping now (isRunning? false, role = FOLLOWER)
23:25:44.065 [IPC Server handler 12 on default port 46473] ERROR OMAudit - user=runner | ip=127.0.0.1 | op=GET_FILE_STATUS {volume=481ac634-c470-40b3-83da-b9b4849b29d2, bucket=08e00e26-5eca-4d7d-a712-614f0a7d538e, key=.Trash, dataSize=0, replicationConfig=null} | ret=FAILURE
org.apache.hadoop.ozone.om.exceptions.OMException: Unable to get file status: volume: 481ac634-c470-40b3-83da-b9b4849b29d2 bucket: 08e00e26-5eca-4d7d-a712-614f0a7d538e key: .Trash
	at org.apache.hadoop.ozone.om.KeyManagerImpl.getOzoneFileStatus(KeyManagerImpl.java:1311) ~[ozone-manager-1.3.0-SNAPSHOT.jar:?]
	at org.apache.hadoop.ozone.om.KeyManagerImpl.getFileStatus(KeyManagerImpl.java:1241) ~[ozone-manager-1.3.0-SNAPSHOT.jar:?]
	at org.apache.hadoop.ozone.om.OzoneManager.getFileStatus(OzoneManager.java:3419) ~[ozone-manager-1.3.0-SNAPSHOT.jar:?]
	at org.apache.hadoop.ozone.protocolPB.OzoneManagerRequestHandler.getOzoneFileStatus(OzoneManagerRequestHandler.java:871) ~[ozone-manager-1.3.0-SNAPSHOT.jar:?]
	at org.apache.hadoop.ozone.protocolPB.OzoneManagerRequestHandler.handleReadRequest(OzoneManagerRequestHandler.java:217) ~[ozone-manager-1.3.0-SNAPSHOT.jar:?]
	at org.apache.hadoop.ozone.protocolPB.OzoneManagerProtocolServerSideTranslatorPB.submitRequestDirectlyToOM(OzoneManagerProtocolServerSideTranslatorPB.java:276) ~[ozone-manager-1.3.0-SNAPSHOT.jar:?]
	at org.apache.hadoop.ozone.protocolPB.OzoneManagerProtocolServerSideTranslatorPB.processRequest(OzoneManagerProtocolServerSideTranslatorPB.java:205) ~[ozone-manager-1.3.0-SNAPSHOT.jar:?]
	at org.apache.hadoop.hdds.server.OzoneProtocolMessageDispatcher.processRequest(OzoneProtocolMessageDispatcher.java:87) [hdds-server-framework-1.3.0-SNAPSHOT.jar:?]
	at org.apache.hadoop.ozone.protocolPB.OzoneManagerProtocolServerSideTranslatorPB.submitRequest(OzoneManagerProtocolServerSideTranslatorPB.java:147) [ozone-manager-1.3.0-SNAPSHOT.jar:?]
	at org.apache.hadoop.ozone.protocol.proto.OzoneManagerProtocolProtos$OzoneManagerService$2.callBlockingMethod(OzoneManagerProtocolProtos.java) [ozone-interface-client-1.3.0-SNAPSHOT.jar:?]
	at org.apache.hadoop.ipc.ProtobufRpcEngine$Server.processCall(ProtobufRpcEngine.java:466) [hadoop-common-3.3.1.jar:?]
	at org.apache.hadoop.ipc.ProtobufRpcEngine2$Server$ProtoBufRpcInvoker.call(ProtobufRpcEngine2.java:574) [hadoop-common-3.3.1.jar:?]
	at org.apache.hadoop.ipc.ProtobufRpcEngine2$Server$ProtoBufRpcInvoker.call(ProtobufRpcEngine2.java:552) [hadoop-common-3.3.1.jar:?]
	at org.apache.hadoop.ipc.RPC$Server.call(RPC.java:1093) [hadoop-common-3.3.1.jar:?]
	at org.apache.hadoop.ipc.Server$RpcCall.run(Server.java:1035) [hadoop-common-3.3.1.jar:?]
	at org.apache.hadoop.ipc.Server$RpcCall.run(Server.java:963) [hadoop-common-3.3.1.jar:?]
	at java.security.AccessController.doPrivileged(Native Method) ~[?:1.8.0_332]
	at javax.security.auth.Subject.doAs(Subject.java:422) [?:1.8.0_332]
	at org.apache.hadoop.security.UserGroupInformation.doAs(UserGroupInformation.java:1878) [hadoop-common-3.3.1.jar:?]
	at org.apache.hadoop.ipc.Server$Handler.run(Server.java:2966) [hadoop-common-3.3.1.jar:?]
2022-07-12 23:25:44,073 [grpc-default-executor-2] INFO  server.RaftServer$Division (RaftServerImpl.java:requestVote(1184)) - 11563331-6701-4d30-8001-992896c542e0@group-1457D70A6616 replies to ELECTION vote request: d62677b6-aca1-45f9-8cbf-ef07d3f04380<-11563331-6701-4d30-8001-992896c542e0#0:FAIL-t3. Peer's state: 11563331-6701-4d30-8001-992896c542e0@group-1457D70A6616:t3, leader=null, voted=null, raftlog=11563331-6701-4d30-8001-992896c542e0@group-1457D70A6616-SegmentedRaftLog:OPENED:c-1, conf=-1: [a135f15d-6580-477c-8a71-f9528412742f|rpc:10.1.0.13:34569|priority:0, 11563331-6701-4d30-8001-992896c542e0|rpc:10.1.0.13:45985|priority:1, d62677b6-aca1-45f9-8cbf-ef07d3f04380|rpc:10.1.0.13:43415|priority:0], old=null
2022-07-12 23:25:44,125 [d62677b6-aca1-45f9-8cbf-ef07d3f04380@group-1457D70A6616-LeaderElection85] INFO  impl.LeaderElection (LeaderElection.java:logAndReturn(90)) - d62677b6-aca1-45f9-8cbf-ef07d3f04380@group-1457D70A6616-LeaderElection85: ELECTION REJECTED received 2 response(s) and 0 exception(s):
2022-07-12 23:25:44,125 [d62677b6-aca1-45f9-8cbf-ef07d3f04380@group-1457D70A6616-LeaderElection85] INFO  impl.LeaderElection (LeaderElection.java:logAndReturn(94)) -   Response 0: d62677b6-aca1-45f9-8cbf-ef07d3f04380<-a135f15d-6580-477c-8a71-f9528412742f#0:FAIL-t3
2022-07-12 23:25:44,125 [d62677b6-aca1-45f9-8cbf-ef07d3f04380@group-1457D70A6616-LeaderElection85] INFO  impl.LeaderElection (LeaderElection.java:logAndReturn(94)) -   Response 1: d62677b6-aca1-45f9-8cbf-ef07d3f04380<-11563331-6701-4d30-8001-992896c542e0#0:FAIL-t3
2022-07-12 23:25:44,125 [d62677b6-aca1-45f9-8cbf-ef07d3f04380@group-1457D70A6616-LeaderElection85] INFO  impl.LeaderElection (LeaderElection.java:askForVotes(312)) - d62677b6-aca1-45f9-8cbf-ef07d3f04380@group-1457D70A6616-LeaderElection85 ELECTION round 0: result REJECTED
2022-07-12 23:25:44,125 [d62677b6-aca1-45f9-8cbf-ef07d3f04380@group-1457D70A6616-LeaderElection85] INFO  server.RaftServer$Division (RaftServerImpl.java:setRole(299)) - d62677b6-aca1-45f9-8cbf-ef07d3f04380@group-1457D70A6616: changes role from CANDIDATE to FOLLOWER at term 3 for REJECTED
2022-07-12 23:25:44,125 [d62677b6-aca1-45f9-8cbf-ef07d3f04380@group-1457D70A6616-LeaderElection85] INFO  impl.RoleInfo (RoleInfo.java:shutdownLeaderElection(130)) - d62677b6-aca1-45f9-8cbf-ef07d3f04380: shutdown d62677b6-aca1-45f9-8cbf-ef07d3f04380@group-1457D70A6616-LeaderElection85
2022-07-12 23:25:44,125 [d62677b6-aca1-45f9-8cbf-ef07d3f04380@group-1457D70A6616-LeaderElection85] INFO  impl.RoleInfo (RoleInfo.java:updateAndGet(139)) - d62677b6-aca1-45f9-8cbf-ef07d3f04380: start d62677b6-aca1-45f9-8cbf-ef07d3f04380@group-1457D70A6616-FollowerState
2022-07-12 23:25:44,129 [Time-limited test] INFO  rpc.RpcClient (RpcClient.java:createBucket(669)) - Creating Bucket: volume63165/trashroottest2, with bucket layout LEGACY, runner as owner, Versioning false, Storage Type set to DISK and Encryption set to false 
2022-07-12 23:25:44,154 [IPC Server handler 15 on default port 46473] INFO  bucket.OMBucketCreateRequest (OMBucketCreateRequest.java:validateAndUpdateCache(260)) - created bucket: trashroottest2 of layout LEGACY in volume: volume63165
23:25:44.372 [IPC Server handler 16 on default port 46473] ERROR OMAudit - user=runner | ip=127.0.0.1 | op=GET_FILE_STATUS {volume=481ac634-c470-40b3-83da-b9b4849b29d2, bucket=08e00e26-5eca-4d7d-a712-614f0a7d538e, key=.Trash, dataSize=0, replicationConfig=null} | ret=FAILURE
org.apache.hadoop.ozone.om.exceptions.OMException: Unable to get file status: volume: 481ac634-c470-40b3-83da-b9b4849b29d2 bucket: 08e00e26-5eca-4d7d-a712-614f0a7d538e key: .Trash
	at org.apache.hadoop.ozone.om.KeyManagerImpl.getOzoneFileStatus(KeyManagerImpl.java:1311) ~[ozone-manager-1.3.0-SNAPSHOT.jar:?]
	at org.apache.hadoop.ozone.om.KeyManagerImpl.getFileStatus(KeyManagerImpl.java:1241) ~[ozone-manager-1.3.0-SNAPSHOT.jar:?]
	at org.apache.hadoop.ozone.om.OzoneManager.getFileStatus(OzoneManager.java:3419) ~[ozone-manager-1.3.0-SNAPSHOT.jar:?]
	at org.apache.hadoop.ozone.protocolPB.OzoneManagerRequestHandler.getOzoneFileStatus(OzoneManagerRequestHandler.java:871) ~[ozone-manager-1.3.0-SNAPSHOT.jar:?]
	at org.apache.hadoop.ozone.protocolPB.OzoneManagerRequestHandler.handleReadRequest(OzoneManagerRequestHandler.java:217) ~[ozone-manager-1.3.0-SNAPSHOT.jar:?]
	at org.apache.hadoop.ozone.protocolPB.OzoneManagerProtocolServerSideTranslatorPB.submitRequestDirectlyToOM(OzoneManagerProtocolServerSideTranslatorPB.java:276) ~[ozone-manager-1.3.0-SNAPSHOT.jar:?]
	at org.apache.hadoop.ozone.protocolPB.OzoneManagerProtocolServerSideTranslatorPB.processRequest(OzoneManagerProtocolServerSideTranslatorPB.java:205) ~[ozone-manager-1.3.0-SNAPSHOT.jar:?]
	at org.apache.hadoop.hdds.server.OzoneProtocolMessageDispatcher.processRequest(OzoneProtocolMessageDispatcher.java:87) [hdds-server-framework-1.3.0-SNAPSHOT.jar:?]
	at org.apache.hadoop.ozone.protocolPB.OzoneManagerProtocolServerSideTranslatorPB.submitRequest(OzoneManagerProtocolServerSideTranslatorPB.java:147) [ozone-manager-1.3.0-SNAPSHOT.jar:?]
	at org.apache.hadoop.ozone.protocol.proto.OzoneManagerProtocolProtos$OzoneManagerService$2.callBlockingMethod(OzoneManagerProtocolProtos.java) [ozone-interface-client-1.3.0-SNAPSHOT.jar:?]
	at org.apache.hadoop.ipc.ProtobufRpcEngine$Server.processCall(ProtobufRpcEngine.java:466) [hadoop-common-3.3.1.jar:?]
	at org.apache.hadoop.ipc.ProtobufRpcEngine2$Server$ProtoBufRpcInvoker.call(ProtobufRpcEngine2.java:574) [hadoop-common-3.3.1.jar:?]
	at org.apache.hadoop.ipc.ProtobufRpcEngine2$Server$ProtoBufRpcInvoker.call(ProtobufRpcEngine2.java:552) [hadoop-common-3.3.1.jar:?]
	at org.apache.hadoop.ipc.RPC$Server.call(RPC.java:1093) [hadoop-common-3.3.1.jar:?]
	at org.apache.hadoop.ipc.Server$RpcCall.run(Server.java:1035) [hadoop-common-3.3.1.jar:?]
	at org.apache.hadoop.ipc.Server$RpcCall.run(Server.java:963) [hadoop-common-3.3.1.jar:?]
	at java.security.AccessController.doPrivileged(Native Method) ~[?:1.8.0_332]
	at javax.security.auth.Subject.doAs(Subject.java:422) [?:1.8.0_332]
	at org.apache.hadoop.security.UserGroupInformation.doAs(UserGroupInformation.java:1878) [hadoop-common-3.3.1.jar:?]
	at org.apache.hadoop.ipc.Server$Handler.run(Server.java:2966) [hadoop-common-3.3.1.jar:?]
23:25:44.437 [IPC Server handler 8 on default port 46473] ERROR OMAudit - user=runner | ip=127.0.0.1 | op=GET_FILE_STATUS {volume=481ac634-c470-40b3-83da-b9b4849b29d2, bucket=08e00e26-5eca-4d7d-a712-614f0a7d538e, key=.Trash, dataSize=0, replicationConfig=null} | ret=FAILURE
org.apache.hadoop.ozone.om.exceptions.OMException: Unable to get file status: volume: 481ac634-c470-40b3-83da-b9b4849b29d2 bucket: 08e00e26-5eca-4d7d-a712-614f0a7d538e key: .Trash
	at org.apache.hadoop.ozone.om.KeyManagerImpl.getOzoneFileStatus(KeyManagerImpl.java:1311) ~[ozone-manager-1.3.0-SNAPSHOT.jar:?]
	at org.apache.hadoop.ozone.om.KeyManagerImpl.getFileStatus(KeyManagerImpl.java:1241) ~[ozone-manager-1.3.0-SNAPSHOT.jar:?]
	at org.apache.hadoop.ozone.om.OzoneManager.getFileStatus(OzoneManager.java:3419) ~[ozone-manager-1.3.0-SNAPSHOT.jar:?]
	at org.apache.hadoop.ozone.protocolPB.OzoneManagerRequestHandler.getOzoneFileStatus(OzoneManagerRequestHandler.java:871) ~[ozone-manager-1.3.0-SNAPSHOT.jar:?]
	at org.apache.hadoop.ozone.protocolPB.OzoneManagerRequestHandler.handleReadRequest(OzoneManagerRequestHandler.java:217) ~[ozone-manager-1.3.0-SNAPSHOT.jar:?]
	at org.apache.hadoop.ozone.protocolPB.OzoneManagerProtocolServerSideTranslatorPB.submitRequestDirectlyToOM(OzoneManagerProtocolServerSideTranslatorPB.java:276) ~[ozone-manager-1.3.0-SNAPSHOT.jar:?]
	at org.apache.hadoop.ozone.protocolPB.OzoneManagerProtocolServerSideTranslatorPB.processRequest(OzoneManagerProtocolServerSideTranslatorPB.java:205) ~[ozone-manager-1.3.0-SNAPSHOT.jar:?]
	at org.apache.hadoop.hdds.server.OzoneProtocolMessageDispatcher.processRequest(OzoneProtocolMessageDispatcher.java:87) [hdds-server-framework-1.3.0-SNAPSHOT.jar:?]
	at org.apache.hadoop.ozone.protocolPB.OzoneManagerProtocolServerSideTranslatorPB.submitRequest(OzoneManagerProtocolServerSideTranslatorPB.java:147) [ozone-manager-1.3.0-SNAPSHOT.jar:?]
	at org.apache.hadoop.ozone.protocol.proto.OzoneManagerProtocolProtos$OzoneManagerService$2.callBlockingMethod(OzoneManagerProtocolProtos.java) [ozone-interface-client-1.3.0-SNAPSHOT.jar:?]
	at org.apache.hadoop.ipc.ProtobufRpcEngine$Server.processCall(ProtobufRpcEngine.java:466) [hadoop-common-3.3.1.jar:?]
	at org.apache.hadoop.ipc.ProtobufRpcEngine2$Server$ProtoBufRpcInvoker.call(ProtobufRpcEngine2.java:574) [hadoop-common-3.3.1.jar:?]
	at org.apache.hadoop.ipc.ProtobufRpcEngine2$Server$ProtoBufRpcInvoker.call(ProtobufRpcEngine2.java:552) [hadoop-common-3.3.1.jar:?]
	at org.apache.hadoop.ipc.RPC$Server.call(RPC.java:1093) [hadoop-common-3.3.1.jar:?]
	at org.apache.hadoop.ipc.Server$RpcCall.run(Server.java:1035) [hadoop-common-3.3.1.jar:?]
	at org.apache.hadoop.ipc.Server$RpcCall.run(Server.java:963) [hadoop-common-3.3.1.jar:?]
	at java.security.AccessController.doPrivileged(Native Method) ~[?:1.8.0_332]
	at javax.security.auth.Subject.doAs(Subject.java:422) [?:1.8.0_332]
	at org.apache.hadoop.security.UserGroupInformation.doAs(UserGroupInformation.java:1878) [hadoop-common-3.3.1.jar:?]
	at org.apache.hadoop.ipc.Server$Handler.run(Server.java:2966) [hadoop-common-3.3.1.jar:?]
2022-07-12 23:25:44,529 [Time-limited test] INFO  rpc.RpcClient (RpcClient.java:createVolume(466)) - Creating Volume: volume08399, with user95858 as owner and space quota set to -1 bytes, counts quota set to -1
2022-07-12 23:25:44,530 [IPC Server handler 6 on default port 46473] INFO  volume.OMVolumeCreateRequest (OMVolumeCreateRequest.java:validateAndUpdateCache(195)) - created volume:volume08399 for user:user95858
2022-07-12 23:25:44,537 [Time-limited test] INFO  rpc.RpcClient (RpcClient.java:createBucket(669)) - Creating Bucket: volume08399/bucket42212, with bucket layout LEGACY, runner as owner, Versioning false, Storage Type set to DISK and Encryption set to false 
2022-07-12 23:25:44,538 [IPC Server handler 5 on default port 46473] INFO  bucket.OMBucketCreateRequest (OMBucketCreateRequest.java:validateAndUpdateCache(260)) - created bucket: bucket42212 of layout LEGACY in volume: volume08399
23:25:44.556 [IPC Server handler 11 on default port 46473] ERROR OMAudit - user=runner | ip=127.0.0.1 | op=GET_FILE_STATUS {volume=481ac634-c470-40b3-83da-b9b4849b29d2, bucket=08e00e26-5eca-4d7d-a712-614f0a7d538e, key=.Trash, dataSize=0, replicationConfig=null} | ret=FAILURE
org.apache.hadoop.ozone.om.exceptions.OMException: Unable to get file status: volume: 481ac634-c470-40b3-83da-b9b4849b29d2 bucket: 08e00e26-5eca-4d7d-a712-614f0a7d538e key: .Trash
	at org.apache.hadoop.ozone.om.KeyManagerImpl.getOzoneFileStatus(KeyManagerImpl.java:1311) ~[ozone-manager-1.3.0-SNAPSHOT.jar:?]
	at org.apache.hadoop.ozone.om.KeyManagerImpl.getFileStatus(KeyManagerImpl.java:1241) ~[ozone-manager-1.3.0-SNAPSHOT.jar:?]
	at org.apache.hadoop.ozone.om.OzoneManager.getFileStatus(OzoneManager.java:3419) ~[ozone-manager-1.3.0-SNAPSHOT.jar:?]
	at org.apache.hadoop.ozone.protocolPB.OzoneManagerRequestHandler.getOzoneFileStatus(OzoneManagerRequestHandler.java:871) ~[ozone-manager-1.3.0-SNAPSHOT.jar:?]
	at org.apache.hadoop.ozone.protocolPB.OzoneManagerRequestHandler.handleReadRequest(OzoneManagerRequestHandler.java:217) ~[ozone-manager-1.3.0-SNAPSHOT.jar:?]
	at org.apache.hadoop.ozone.protocolPB.OzoneManagerProtocolServerSideTranslatorPB.submitRequestDirectlyToOM(OzoneManagerProtocolServerSideTranslatorPB.java:276) ~[ozone-manager-1.3.0-SNAPSHOT.jar:?]
	at org.apache.hadoop.ozone.protocolPB.OzoneManagerProtocolServerSideTranslatorPB.processRequest(OzoneManagerProtocolServerSideTranslatorPB.java:205) ~[ozone-manager-1.3.0-SNAPSHOT.jar:?]
	at org.apache.hadoop.hdds.server.OzoneProtocolMessageDispatcher.processRequest(OzoneProtocolMessageDispatcher.java:87) [hdds-server-framework-1.3.0-SNAPSHOT.jar:?]
	at org.apache.hadoop.ozone.protocolPB.OzoneManagerProtocolServerSideTranslatorPB.submitRequest(OzoneManagerProtocolServerSideTranslatorPB.java:147) [ozone-manager-1.3.0-SNAPSHOT.jar:?]
	at org.apache.hadoop.ozone.protocol.proto.OzoneManagerProtocolProtos$OzoneManagerService$2.callBlockingMethod(OzoneManagerProtocolProtos.java) [ozone-interface-client-1.3.0-SNAPSHOT.jar:?]
	at org.apache.hadoop.ipc.ProtobufRpcEngine$Server.processCall(ProtobufRpcEngine.java:466) [hadoop-common-3.3.1.jar:?]
	at org.apache.hadoop.ipc.ProtobufRpcEngine2$Server$ProtoBufRpcInvoker.call(ProtobufRpcEngine2.java:574) [hadoop-common-3.3.1.jar:?]
	at org.apache.hadoop.ipc.ProtobufRpcEngine2$Server$ProtoBufRpcInvoker.call(ProtobufRpcEngine2.java:552) [hadoop-common-3.3.1.jar:?]
	at org.apache.hadoop.ipc.RPC$Server.call(RPC.java:1093) [hadoop-common-3.3.1.jar:?]
	at org.apache.hadoop.ipc.Server$RpcCall.run(Server.java:1035) [hadoop-common-3.3.1.jar:?]
	at org.apache.hadoop.ipc.Server$RpcCall.run(Server.java:963) [hadoop-common-3.3.1.jar:?]
	at java.security.AccessController.doPrivileged(Native Method) ~[?:1.8.0_332]
	at javax.security.auth.Subject.doAs(Subject.java:422) [?:1.8.0_332]
	at org.apache.hadoop.security.UserGroupInformation.doAs(UserGroupInformation.java:1878) [hadoop-common-3.3.1.jar:?]
	at org.apache.hadoop.ipc.Server$Handler.run(Server.java:2966) [hadoop-common-3.3.1.jar:?]
23:25:44.639 [IPC Server handler 13 on default port 46473] ERROR OMAudit - user=runner | ip=127.0.0.1 | op=GET_FILE_STATUS {volume=481ac634-c470-40b3-83da-b9b4849b29d2, bucket=08e00e26-5eca-4d7d-a712-614f0a7d538e, key=.Trash, dataSize=0, replicationConfig=null} | ret=FAILURE
org.apache.hadoop.ozone.om.exceptions.OMException: Unable to get file status: volume: 481ac634-c470-40b3-83da-b9b4849b29d2 bucket: 08e00e26-5eca-4d7d-a712-614f0a7d538e key: .Trash
	at org.apache.hadoop.ozone.om.KeyManagerImpl.getOzoneFileStatus(KeyManagerImpl.java:1311) ~[ozone-manager-1.3.0-SNAPSHOT.jar:?]
	at org.apache.hadoop.ozone.om.KeyManagerImpl.getFileStatus(KeyManagerImpl.java:1241) ~[ozone-manager-1.3.0-SNAPSHOT.jar:?]
	at org.apache.hadoop.ozone.om.OzoneManager.getFileStatus(OzoneManager.java:3419) ~[ozone-manager-1.3.0-SNAPSHOT.jar:?]
	at org.apache.hadoop.ozone.protocolPB.OzoneManagerRequestHandler.getOzoneFileStatus(OzoneManagerRequestHandler.java:871) ~[ozone-manager-1.3.0-SNAPSHOT.jar:?]
	at org.apache.hadoop.ozone.protocolPB.OzoneManagerRequestHandler.handleReadRequest(OzoneManagerRequestHandler.java:217) ~[ozone-manager-1.3.0-SNAPSHOT.jar:?]
	at org.apache.hadoop.ozone.protocolPB.OzoneManagerProtocolServerSideTranslatorPB.submitRequestDirectlyToOM(OzoneManagerProtocolServerSideTranslatorPB.java:276) ~[ozone-manager-1.3.0-SNAPSHOT.jar:?]
	at org.apache.hadoop.ozone.protocolPB.OzoneManagerProtocolServerSideTranslatorPB.processRequest(OzoneManagerProtocolServerSideTranslatorPB.java:205) ~[ozone-manager-1.3.0-SNAPSHOT.jar:?]
	at org.apache.hadoop.hdds.server.OzoneProtocolMessageDispatcher.processRequest(OzoneProtocolMessageDispatcher.java:87) [hdds-server-framework-1.3.0-SNAPSHOT.jar:?]
	at org.apache.hadoop.ozone.protocolPB.OzoneManagerProtocolServerSideTranslatorPB.submitRequest(OzoneManagerProtocolServerSideTranslatorPB.java:147) [ozone-manager-1.3.0-SNAPSHOT.jar:?]
	at org.apache.hadoop.ozone.protocol.proto.OzoneManagerProtocolProtos$OzoneManagerService$2.callBlockingMethod(OzoneManagerProtocolProtos.java) [ozone-interface-client-1.3.0-SNAPSHOT.jar:?]
	at org.apache.hadoop.ipc.ProtobufRpcEngine$Server.processCall(ProtobufRpcEngine.java:466) [hadoop-common-3.3.1.jar:?]
	at org.apache.hadoop.ipc.ProtobufRpcEngine2$Server$ProtoBufRpcInvoker.call(ProtobufRpcEngine2.java:574) [hadoop-common-3.3.1.jar:?]
	at org.apache.hadoop.ipc.ProtobufRpcEngine2$Server$ProtoBufRpcInvoker.call(ProtobufRpcEngine2.java:552) [hadoop-common-3.3.1.jar:?]
	at org.apache.hadoop.ipc.RPC$Server.call(RPC.java:1093) [hadoop-common-3.3.1.jar:?]
	at org.apache.hadoop.ipc.Server$RpcCall.run(Server.java:1035) [hadoop-common-3.3.1.jar:?]
	at org.apache.hadoop.ipc.Server$RpcCall.run(Server.java:963) [hadoop-common-3.3.1.jar:?]
	at java.security.AccessController.doPrivileged(Native Method) ~[?:1.8.0_332]
	at javax.security.auth.Subject.doAs(Subject.java:422) [?:1.8.0_332]
	at org.apache.hadoop.security.UserGroupInformation.doAs(UserGroupInformation.java:1878) [hadoop-common-3.3.1.jar:?]
	at org.apache.hadoop.ipc.Server$Handler.run(Server.java:2966) [hadoop-common-3.3.1.jar:?]
23:25:44.680 [IPC Server handler 13 on default port 46473] ERROR OMAudit - user=runner | ip=127.0.0.1 | op=GET_FILE_STATUS {volume=volume08399, bucket=bucket42212, key=.Trash/runner, dataSize=0, replicationConfig=null} | ret=FAILURE
org.apache.hadoop.ozone.om.exceptions.OMException: Unable to get file status: volume: volume08399 bucket: bucket42212 key: .Trash/runner
	at org.apache.hadoop.ozone.om.KeyManagerImpl.getOzoneFileStatus(KeyManagerImpl.java:1311) ~[ozone-manager-1.3.0-SNAPSHOT.jar:?]
	at org.apache.hadoop.ozone.om.KeyManagerImpl.getFileStatus(KeyManagerImpl.java:1241) ~[ozone-manager-1.3.0-SNAPSHOT.jar:?]
	at org.apache.hadoop.ozone.om.OzoneManager.getFileStatus(OzoneManager.java:3419) ~[ozone-manager-1.3.0-SNAPSHOT.jar:?]
	at org.apache.hadoop.ozone.protocolPB.OzoneManagerRequestHandler.getOzoneFileStatus(OzoneManagerRequestHandler.java:871) ~[ozone-manager-1.3.0-SNAPSHOT.jar:?]
	at org.apache.hadoop.ozone.protocolPB.OzoneManagerRequestHandler.handleReadRequest(OzoneManagerRequestHandler.java:217) ~[ozone-manager-1.3.0-SNAPSHOT.jar:?]
	at org.apache.hadoop.ozone.protocolPB.OzoneManagerProtocolServerSideTranslatorPB.submitRequestDirectlyToOM(OzoneManagerProtocolServerSideTranslatorPB.java:276) ~[ozone-manager-1.3.0-SNAPSHOT.jar:?]
	at org.apache.hadoop.ozone.protocolPB.OzoneManagerProtocolServerSideTranslatorPB.processRequest(OzoneManagerProtocolServerSideTranslatorPB.java:205) ~[ozone-manager-1.3.0-SNAPSHOT.jar:?]
	at org.apache.hadoop.hdds.server.OzoneProtocolMessageDispatcher.processRequest(OzoneProtocolMessageDispatcher.java:87) [hdds-server-framework-1.3.0-SNAPSHOT.jar:?]
	at org.apache.hadoop.ozone.protocolPB.OzoneManagerProtocolServerSideTranslatorPB.submitRequest(OzoneManagerProtocolServerSideTranslatorPB.java:147) [ozone-manager-1.3.0-SNAPSHOT.jar:?]
	at org.apache.hadoop.ozone.protocol.proto.OzoneManagerProtocolProtos$OzoneManagerService$2.callBlockingMethod(OzoneManagerProtocolProtos.java) [ozone-interface-client-1.3.0-SNAPSHOT.jar:?]
	at org.apache.hadoop.ipc.ProtobufRpcEngine$Server.processCall(ProtobufRpcEngine.java:466) [hadoop-common-3.3.1.jar:?]
	at org.apache.hadoop.ipc.ProtobufRpcEngine2$Server$ProtoBufRpcInvoker.call(ProtobufRpcEngine2.java:574) [hadoop-common-3.3.1.jar:?]
	at org.apache.hadoop.ipc.ProtobufRpcEngine2$Server$ProtoBufRpcInvoker.call(ProtobufRpcEngine2.java:552) [hadoop-common-3.3.1.jar:?]
	at org.apache.hadoop.ipc.RPC$Server.call(RPC.java:1093) [hadoop-common-3.3.1.jar:?]
	at org.apache.hadoop.ipc.Server$RpcCall.run(Server.java:1035) [hadoop-common-3.3.1.jar:?]
	at org.apache.hadoop.ipc.Server$RpcCall.run(Server.java:963) [hadoop-common-3.3.1.jar:?]
	at java.security.AccessController.doPrivileged(Native Method) ~[?:1.8.0_332]
	at javax.security.auth.Subject.doAs(Subject.java:422) [?:1.8.0_332]
	at org.apache.hadoop.security.UserGroupInformation.doAs(UserGroupInformation.java:1878) [hadoop-common-3.3.1.jar:?]
	at org.apache.hadoop.ipc.Server$Handler.run(Server.java:2966) [hadoop-common-3.3.1.jar:?]
23:25:44.684 [IPC Server handler 6 on default port 46473] ERROR OMAudit - user=runner | ip=127.0.0.1 | op=GET_FILE_STATUS {volume=481ac634-c470-40b3-83da-b9b4849b29d2, bucket=08e00e26-5eca-4d7d-a712-614f0a7d538e, key=.Trash, dataSize=0, replicationConfig=null} | ret=FAILURE
org.apache.hadoop.ozone.om.exceptions.OMException: Unable to get file status: volume: 481ac634-c470-40b3-83da-b9b4849b29d2 bucket: 08e00e26-5eca-4d7d-a712-614f0a7d538e key: .Trash
	at org.apache.hadoop.ozone.om.KeyManagerImpl.getOzoneFileStatus(KeyManagerImpl.java:1311) ~[ozone-manager-1.3.0-SNAPSHOT.jar:?]
	at org.apache.hadoop.ozone.om.KeyManagerImpl.getFileStatus(KeyManagerImpl.java:1241) ~[ozone-manager-1.3.0-SNAPSHOT.jar:?]
	at org.apache.hadoop.ozone.om.OzoneManager.getFileStatus(OzoneManager.java:3419) ~[ozone-manager-1.3.0-SNAPSHOT.jar:?]
	at org.apache.hadoop.ozone.protocolPB.OzoneManagerRequestHandler.getOzoneFileStatus(OzoneManagerRequestHandler.java:871) ~[ozone-manager-1.3.0-SNAPSHOT.jar:?]
	at org.apache.hadoop.ozone.protocolPB.OzoneManagerRequestHandler.handleReadRequest(OzoneManagerRequestHandler.java:217) ~[ozone-manager-1.3.0-SNAPSHOT.jar:?]
	at org.apache.hadoop.ozone.protocolPB.OzoneManagerProtocolServerSideTranslatorPB.submitRequestDirectlyToOM(OzoneManagerProtocolServerSideTranslatorPB.java:276) ~[ozone-manager-1.3.0-SNAPSHOT.jar:?]
	at org.apache.hadoop.ozone.protocolPB.OzoneManagerProtocolServerSideTranslatorPB.processRequest(OzoneManagerProtocolServerSideTranslatorPB.java:205) ~[ozone-manager-1.3.0-SNAPSHOT.jar:?]
	at org.apache.hadoop.hdds.server.OzoneProtocolMessageDispatcher.processRequest(OzoneProtocolMessageDispatcher.java:87) [hdds-server-framework-1.3.0-SNAPSHOT.jar:?]
	at org.apache.hadoop.ozone.protocolPB.OzoneManagerProtocolServerSideTranslatorPB.submitRequest(OzoneManagerProtocolServerSideTranslatorPB.java:147) [ozone-manager-1.3.0-SNAPSHOT.jar:?]
	at org.apache.hadoop.ozone.protocol.proto.OzoneManagerProtocolProtos$OzoneManagerService$2.callBlockingMethod(OzoneManagerProtocolProtos.java) [ozone-interface-client-1.3.0-SNAPSHOT.jar:?]
	at org.apache.hadoop.ipc.ProtobufRpcEngine$Server.processCall(ProtobufRpcEngine.java:466) [hadoop-common-3.3.1.jar:?]
	at org.apache.hadoop.ipc.ProtobufRpcEngine2$Server$ProtoBufRpcInvoker.call(ProtobufRpcEngine2.java:574) [hadoop-common-3.3.1.jar:?]
	at org.apache.hadoop.ipc.ProtobufRpcEngine2$Server$ProtoBufRpcInvoker.call(ProtobufRpcEngine2.java:552) [hadoop-common-3.3.1.jar:?]
	at org.apache.hadoop.ipc.RPC$Server.call(RPC.java:1093) [hadoop-common-3.3.1.jar:?]
	at org.apache.hadoop.ipc.Server$RpcCall.run(Server.java:1035) [hadoop-common-3.3.1.jar:?]
	at org.apache.hadoop.ipc.Server$RpcCall.run(Server.java:963) [hadoop-common-3.3.1.jar:?]
	at java.security.AccessController.doPrivileged(Native Method) ~[?:1.8.0_332]
	at javax.security.auth.Subject.doAs(Subject.java:422) [?:1.8.0_332]
	at org.apache.hadoop.security.UserGroupInformation.doAs(UserGroupInformation.java:1878) [hadoop-common-3.3.1.jar:?]
	at org.apache.hadoop.ipc.Server$Handler.run(Server.java:2966) [hadoop-common-3.3.1.jar:?]
23:25:44.685 [IPC Server handler 3 on default port 46473] ERROR OMAudit - user=runner | ip=127.0.0.1 | op=GET_FILE_STATUS {volume=volume08399, bucket=bucket42212, key=.Trash, dataSize=0, replicationConfig=null} | ret=FAILURE
org.apache.hadoop.ozone.om.exceptions.OMException: Unable to get file status: volume: volume08399 bucket: bucket42212 key: .Trash
	at org.apache.hadoop.ozone.om.KeyManagerImpl.getOzoneFileStatus(KeyManagerImpl.java:1311) ~[ozone-manager-1.3.0-SNAPSHOT.jar:?]
	at org.apache.hadoop.ozone.om.KeyManagerImpl.getFileStatus(KeyManagerImpl.java:1241) ~[ozone-manager-1.3.0-SNAPSHOT.jar:?]
	at org.apache.hadoop.ozone.om.OzoneManager.getFileStatus(OzoneManager.java:3419) ~[ozone-manager-1.3.0-SNAPSHOT.jar:?]
	at org.apache.hadoop.ozone.protocolPB.OzoneManagerRequestHandler.getOzoneFileStatus(OzoneManagerRequestHandler.java:871) ~[ozone-manager-1.3.0-SNAPSHOT.jar:?]
	at org.apache.hadoop.ozone.protocolPB.OzoneManagerRequestHandler.handleReadRequest(OzoneManagerRequestHandler.java:217) ~[ozone-manager-1.3.0-SNAPSHOT.jar:?]
	at org.apache.hadoop.ozone.protocolPB.OzoneManagerProtocolServerSideTranslatorPB.submitRequestDirectlyToOM(OzoneManagerProtocolServerSideTranslatorPB.java:276) ~[ozone-manager-1.3.0-SNAPSHOT.jar:?]
	at org.apache.hadoop.ozone.protocolPB.OzoneManagerProtocolServerSideTranslatorPB.processRequest(OzoneManagerProtocolServerSideTranslatorPB.java:205) ~[ozone-manager-1.3.0-SNAPSHOT.jar:?]
	at org.apache.hadoop.hdds.server.OzoneProtocolMessageDispatcher.processRequest(OzoneProtocolMessageDispatcher.java:87) [hdds-server-framework-1.3.0-SNAPSHOT.jar:?]
	at org.apache.hadoop.ozone.protocolPB.OzoneManagerProtocolServerSideTranslatorPB.submitRequest(OzoneManagerProtocolServerSideTranslatorPB.java:147) [ozone-manager-1.3.0-SNAPSHOT.jar:?]
	at org.apache.hadoop.ozone.protocol.proto.OzoneManagerProtocolProtos$OzoneManagerService$2.callBlockingMethod(OzoneManagerProtocolProtos.java) [ozone-interface-client-1.3.0-SNAPSHOT.jar:?]
	at org.apache.hadoop.ipc.ProtobufRpcEngine$Server.processCall(ProtobufRpcEngine.java:466) [hadoop-common-3.3.1.jar:?]
	at org.apache.hadoop.ipc.ProtobufRpcEngine2$Server$ProtoBufRpcInvoker.call(ProtobufRpcEngine2.java:574) [hadoop-common-3.3.1.jar:?]
	at org.apache.hadoop.ipc.ProtobufRpcEngine2$Server$ProtoBufRpcInvoker.call(ProtobufRpcEngine2.java:552) [hadoop-common-3.3.1.jar:?]
	at org.apache.hadoop.ipc.RPC$Server.call(RPC.java:1093) [hadoop-common-3.3.1.jar:?]
	at org.apache.hadoop.ipc.Server$RpcCall.run(Server.java:1035) [hadoop-common-3.3.1.jar:?]
	at org.apache.hadoop.ipc.Server$RpcCall.run(Server.java:963) [hadoop-common-3.3.1.jar:?]
	at java.security.AccessController.doPrivileged(Native Method) ~[?:1.8.0_332]
	at javax.security.auth.Subject.doAs(Subject.java:422) [?:1.8.0_332]
	at org.apache.hadoop.security.UserGroupInformation.doAs(UserGroupInformation.java:1878) [hadoop-common-3.3.1.jar:?]
	at org.apache.hadoop.ipc.Server$Handler.run(Server.java:2966) [hadoop-common-3.3.1.jar:?]
23:25:44.761 [IPC Server handler 3 on default port 46473] ERROR OMAudit - user=runner | ip=127.0.0.1 | op=GET_FILE_STATUS {volume=volume63165, bucket=trashroottest2, key=.Trash/runner, dataSize=0, replicationConfig=null} | ret=FAILURE
org.apache.hadoop.ozone.om.exceptions.OMException: Unable to get file status: volume: volume63165 bucket: trashroottest2 key: .Trash/runner
	at org.apache.hadoop.ozone.om.KeyManagerImpl.getOzoneFileStatus(KeyManagerImpl.java:1311) ~[ozone-manager-1.3.0-SNAPSHOT.jar:?]
	at org.apache.hadoop.ozone.om.KeyManagerImpl.getFileStatus(KeyManagerImpl.java:1241) ~[ozone-manager-1.3.0-SNAPSHOT.jar:?]
	at org.apache.hadoop.ozone.om.OzoneManager.getFileStatus(OzoneManager.java:3419) ~[ozone-manager-1.3.0-SNAPSHOT.jar:?]
	at org.apache.hadoop.ozone.protocolPB.OzoneManagerRequestHandler.getOzoneFileStatus(OzoneManagerRequestHandler.java:871) ~[ozone-manager-1.3.0-SNAPSHOT.jar:?]
	at org.apache.hadoop.ozone.protocolPB.OzoneManagerRequestHandler.handleReadRequest(OzoneManagerRequestHandler.java:217) ~[ozone-manager-1.3.0-SNAPSHOT.jar:?]
	at org.apache.hadoop.ozone.protocolPB.OzoneManagerProtocolServerSideTranslatorPB.submitRequestDirectlyToOM(OzoneManagerProtocolServerSideTranslatorPB.java:276) ~[ozone-manager-1.3.0-SNAPSHOT.jar:?]
	at org.apache.hadoop.ozone.protocolPB.OzoneManagerProtocolServerSideTranslatorPB.processRequest(OzoneManagerProtocolServerSideTranslatorPB.java:205) ~[ozone-manager-1.3.0-SNAPSHOT.jar:?]
	at org.apache.hadoop.hdds.server.OzoneProtocolMessageDispatcher.processRequest(OzoneProtocolMessageDispatcher.java:87) [hdds-server-framework-1.3.0-SNAPSHOT.jar:?]
	at org.apache.hadoop.ozone.protocolPB.OzoneManagerProtocolServerSideTranslatorPB.submitRequest(OzoneManagerProtocolServerSideTranslatorPB.java:147) [ozone-manager-1.3.0-SNAPSHOT.jar:?]
	at org.apache.hadoop.ozone.protocol.proto.OzoneManagerProtocolProtos$OzoneManagerService$2.callBlockingMethod(OzoneManagerProtocolProtos.java) [ozone-interface-client-1.3.0-SNAPSHOT.jar:?]
	at org.apache.hadoop.ipc.ProtobufRpcEngine$Server.processCall(ProtobufRpcEngine.java:466) [hadoop-common-3.3.1.jar:?]
	at org.apache.hadoop.ipc.ProtobufRpcEngine2$Server$ProtoBufRpcInvoker.call(ProtobufRpcEngine2.java:574) [hadoop-common-3.3.1.jar:?]
	at org.apache.hadoop.ipc.ProtobufRpcEngine2$Server$ProtoBufRpcInvoker.call(ProtobufRpcEngine2.java:552) [hadoop-common-3.3.1.jar:?]
	at org.apache.hadoop.ipc.RPC$Server.call(RPC.java:1093) [hadoop-common-3.3.1.jar:?]
	at org.apache.hadoop.ipc.Server$RpcCall.run(Server.java:1035) [hadoop-common-3.3.1.jar:?]
	at org.apache.hadoop.ipc.Server$RpcCall.run(Server.java:963) [hadoop-common-3.3.1.jar:?]
	at java.security.AccessController.doPrivileged(Native Method) ~[?:1.8.0_332]
	at javax.security.auth.Subject.doAs(Subject.java:422) [?:1.8.0_332]
	at org.apache.hadoop.security.UserGroupInformation.doAs(UserGroupInformation.java:1878) [hadoop-common-3.3.1.jar:?]
	at org.apache.hadoop.ipc.Server$Handler.run(Server.java:2966) [hadoop-common-3.3.1.jar:?]
23:25:44.766 [IPC Server handler 18 on default port 46473] ERROR OMAudit - user=runner | ip=127.0.0.1 | op=GET_FILE_STATUS {volume=volume08399, bucket=bucket42212, key=.Trash/runner, dataSize=0, replicationConfig=null} | ret=FAILURE
org.apache.hadoop.ozone.om.exceptions.OMException: Unable to get file status: volume: volume08399 bucket: bucket42212 key: .Trash/runner
	at org.apache.hadoop.ozone.om.KeyManagerImpl.getOzoneFileStatus(KeyManagerImpl.java:1311) ~[ozone-manager-1.3.0-SNAPSHOT.jar:?]
	at org.apache.hadoop.ozone.om.KeyManagerImpl.getFileStatus(KeyManagerImpl.java:1241) ~[ozone-manager-1.3.0-SNAPSHOT.jar:?]
	at org.apache.hadoop.ozone.om.OzoneManager.getFileStatus(OzoneManager.java:3419) ~[ozone-manager-1.3.0-SNAPSHOT.jar:?]
	at org.apache.hadoop.ozone.protocolPB.OzoneManagerRequestHandler.getOzoneFileStatus(OzoneManagerRequestHandler.java:871) ~[ozone-manager-1.3.0-SNAPSHOT.jar:?]
	at org.apache.hadoop.ozone.protocolPB.OzoneManagerRequestHandler.handleReadRequest(OzoneManagerRequestHandler.java:217) ~[ozone-manager-1.3.0-SNAPSHOT.jar:?]
	at org.apache.hadoop.ozone.protocolPB.OzoneManagerProtocolServerSideTranslatorPB.submitRequestDirectlyToOM(OzoneManagerProtocolServerSideTranslatorPB.java:276) ~[ozone-manager-1.3.0-SNAPSHOT.jar:?]
	at org.apache.hadoop.ozone.protocolPB.OzoneManagerProtocolServerSideTranslatorPB.processRequest(OzoneManagerProtocolServerSideTranslatorPB.java:205) ~[ozone-manager-1.3.0-SNAPSHOT.jar:?]
	at org.apache.hadoop.hdds.server.OzoneProtocolMessageDispatcher.processRequest(OzoneProtocolMessageDispatcher.java:87) [hdds-server-framework-1.3.0-SNAPSHOT.jar:?]
	at org.apache.hadoop.ozone.protocolPB.OzoneManagerProtocolServerSideTranslatorPB.submitRequest(OzoneManagerProtocolServerSideTranslatorPB.java:147) [ozone-manager-1.3.0-SNAPSHOT.jar:?]
	at org.apache.hadoop.ozone.protocol.proto.OzoneManagerProtocolProtos$OzoneManagerService$2.callBlockingMethod(OzoneManagerProtocolProtos.java) [ozone-interface-client-1.3.0-SNAPSHOT.jar:?]
	at org.apache.hadoop.ipc.ProtobufRpcEngine$Server.processCall(ProtobufRpcEngine.java:466) [hadoop-common-3.3.1.jar:?]
	at org.apache.hadoop.ipc.ProtobufRpcEngine2$Server$ProtoBufRpcInvoker.call(ProtobufRpcEngine2.java:574) [hadoop-common-3.3.1.jar:?]
	at org.apache.hadoop.ipc.ProtobufRpcEngine2$Server$ProtoBufRpcInvoker.call(ProtobufRpcEngine2.java:552) [hadoop-common-3.3.1.jar:?]
	at org.apache.hadoop.ipc.RPC$Server.call(RPC.java:1093) [hadoop-common-3.3.1.jar:?]
	at org.apache.hadoop.ipc.Server$RpcCall.run(Server.java:1035) [hadoop-common-3.3.1.jar:?]
	at org.apache.hadoop.ipc.Server$RpcCall.run(Server.java:963) [hadoop-common-3.3.1.jar:?]
	at java.security.AccessController.doPrivileged(Native Method) ~[?:1.8.0_332]
	at javax.security.auth.Subject.doAs(Subject.java:422) [?:1.8.0_332]
	at org.apache.hadoop.security.UserGroupInformation.doAs(UserGroupInformation.java:1878) [hadoop-common-3.3.1.jar:?]
	at org.apache.hadoop.ipc.Server$Handler.run(Server.java:2966) [hadoop-common-3.3.1.jar:?]
23:25:44.768 [IPC Server handler 11 on default port 46473] ERROR OMAudit - user=runner | ip=127.0.0.1 | op=GET_FILE_STATUS {volume=481ac634-c470-40b3-83da-b9b4849b29d2, bucket=08e00e26-5eca-4d7d-a712-614f0a7d538e, key=.Trash, dataSize=0, replicationConfig=null} | ret=FAILURE
org.apache.hadoop.ozone.om.exceptions.OMException: Unable to get file status: volume: 481ac634-c470-40b3-83da-b9b4849b29d2 bucket: 08e00e26-5eca-4d7d-a712-614f0a7d538e key: .Trash
	at org.apache.hadoop.ozone.om.KeyManagerImpl.getOzoneFileStatus(KeyManagerImpl.java:1311) ~[ozone-manager-1.3.0-SNAPSHOT.jar:?]
	at org.apache.hadoop.ozone.om.KeyManagerImpl.getFileStatus(KeyManagerImpl.java:1241) ~[ozone-manager-1.3.0-SNAPSHOT.jar:?]
	at org.apache.hadoop.ozone.om.OzoneManager.getFileStatus(OzoneManager.java:3419) ~[ozone-manager-1.3.0-SNAPSHOT.jar:?]
	at org.apache.hadoop.ozone.protocolPB.OzoneManagerRequestHandler.getOzoneFileStatus(OzoneManagerRequestHandler.java:871) ~[ozone-manager-1.3.0-SNAPSHOT.jar:?]
	at org.apache.hadoop.ozone.protocolPB.OzoneManagerRequestHandler.handleReadRequest(OzoneManagerRequestHandler.java:217) ~[ozone-manager-1.3.0-SNAPSHOT.jar:?]
	at org.apache.hadoop.ozone.protocolPB.OzoneManagerProtocolServerSideTranslatorPB.submitRequestDirectlyToOM(OzoneManagerProtocolServerSideTranslatorPB.java:276) ~[ozone-manager-1.3.0-SNAPSHOT.jar:?]
	at org.apache.hadoop.ozone.protocolPB.OzoneManagerProtocolServerSideTranslatorPB.processRequest(OzoneManagerProtocolServerSideTranslatorPB.java:205) ~[ozone-manager-1.3.0-SNAPSHOT.jar:?]
	at org.apache.hadoop.hdds.server.OzoneProtocolMessageDispatcher.processRequest(OzoneProtocolMessageDispatcher.java:87) [hdds-server-framework-1.3.0-SNAPSHOT.jar:?]
	at org.apache.hadoop.ozone.protocolPB.OzoneManagerProtocolServerSideTranslatorPB.submitRequest(OzoneManagerProtocolServerSideTranslatorPB.java:147) [ozone-manager-1.3.0-SNAPSHOT.jar:?]
	at org.apache.hadoop.ozone.protocol.proto.OzoneManagerProtocolProtos$OzoneManagerService$2.callBlockingMethod(OzoneManagerProtocolProtos.java) [ozone-interface-client-1.3.0-SNAPSHOT.jar:?]
	at org.apache.hadoop.ipc.ProtobufRpcEngine$Server.processCall(ProtobufRpcEngine.java:466) [hadoop-common-3.3.1.jar:?]
	at org.apache.hadoop.ipc.ProtobufRpcEngine2$Server$ProtoBufRpcInvoker.call(ProtobufRpcEngine2.java:574) [hadoop-common-3.3.1.jar:?]
	at org.apache.hadoop.ipc.ProtobufRpcEngine2$Server$ProtoBufRpcInvoker.call(ProtobufRpcEngine2.java:552) [hadoop-common-3.3.1.jar:?]
	at org.apache.hadoop.ipc.RPC$Server.call(RPC.java:1093) [hadoop-common-3.3.1.jar:?]
	at org.apache.hadoop.ipc.Server$RpcCall.run(Server.java:1035) [hadoop-common-3.3.1.jar:?]
	at org.apache.hadoop.ipc.Server$RpcCall.run(Server.java:963) [hadoop-common-3.3.1.jar:?]
	at java.security.AccessController.doPrivileged(Native Method) ~[?:1.8.0_332]
	at javax.security.auth.Subject.doAs(Subject.java:422) [?:1.8.0_332]
	at org.apache.hadoop.security.UserGroupInformation.doAs(UserGroupInformation.java:1878) [hadoop-common-3.3.1.jar:?]
	at org.apache.hadoop.ipc.Server$Handler.run(Server.java:2966) [hadoop-common-3.3.1.jar:?]
23:25:44.770 [IPC Server handler 7 on default port 46473] ERROR OMAudit - user=runner | ip=127.0.0.1 | op=GET_FILE_STATUS {volume=volume08399, bucket=bucket42212, key=.Trash, dataSize=0, replicationConfig=null} | ret=FAILURE
org.apache.hadoop.ozone.om.exceptions.OMException: Unable to get file status: volume: volume08399 bucket: bucket42212 key: .Trash
	at org.apache.hadoop.ozone.om.KeyManagerImpl.getOzoneFileStatus(KeyManagerImpl.java:1311) ~[ozone-manager-1.3.0-SNAPSHOT.jar:?]
	at org.apache.hadoop.ozone.om.KeyManagerImpl.getFileStatus(KeyManagerImpl.java:1241) ~[ozone-manager-1.3.0-SNAPSHOT.jar:?]
	at org.apache.hadoop.ozone.om.OzoneManager.getFileStatus(OzoneManager.java:3419) ~[ozone-manager-1.3.0-SNAPSHOT.jar:?]
	at org.apache.hadoop.ozone.protocolPB.OzoneManagerRequestHandler.getOzoneFileStatus(OzoneManagerRequestHandler.java:871) ~[ozone-manager-1.3.0-SNAPSHOT.jar:?]
	at org.apache.hadoop.ozone.protocolPB.OzoneManagerRequestHandler.handleReadRequest(OzoneManagerRequestHandler.java:217) ~[ozone-manager-1.3.0-SNAPSHOT.jar:?]
	at org.apache.hadoop.ozone.protocolPB.OzoneManagerProtocolServerSideTranslatorPB.submitRequestDirectlyToOM(OzoneManagerProtocolServerSideTranslatorPB.java:276) ~[ozone-manager-1.3.0-SNAPSHOT.jar:?]
	at org.apache.hadoop.ozone.protocolPB.OzoneManagerProtocolServerSideTranslatorPB.processRequest(OzoneManagerProtocolServerSideTranslatorPB.java:205) ~[ozone-manager-1.3.0-SNAPSHOT.jar:?]
	at org.apache.hadoop.hdds.server.OzoneProtocolMessageDispatcher.processRequest(OzoneProtocolMessageDispatcher.java:87) [hdds-server-framework-1.3.0-SNAPSHOT.jar:?]
	at org.apache.hadoop.ozone.protocolPB.OzoneManagerProtocolServerSideTranslatorPB.submitRequest(OzoneManagerProtocolServerSideTranslatorPB.java:147) [ozone-manager-1.3.0-SNAPSHOT.jar:?]
	at org.apache.hadoop.ozone.protocol.proto.OzoneManagerProtocolProtos$OzoneManagerService$2.callBlockingMethod(OzoneManagerProtocolProtos.java) [ozone-interface-client-1.3.0-SNAPSHOT.jar:?]
	at org.apache.hadoop.ipc.ProtobufRpcEngine$Server.processCall(ProtobufRpcEngine.java:466) [hadoop-common-3.3.1.jar:?]
	at org.apache.hadoop.ipc.ProtobufRpcEngine2$Server$ProtoBufRpcInvoker.call(ProtobufRpcEngine2.java:574) [hadoop-common-3.3.1.jar:?]
	at org.apache.hadoop.ipc.ProtobufRpcEngine2$Server$ProtoBufRpcInvoker.call(ProtobufRpcEngine2.java:552) [hadoop-common-3.3.1.jar:?]
	at org.apache.hadoop.ipc.RPC$Server.call(RPC.java:1093) [hadoop-common-3.3.1.jar:?]
	at org.apache.hadoop.ipc.Server$RpcCall.run(Server.java:1035) [hadoop-common-3.3.1.jar:?]
	at org.apache.hadoop.ipc.Server$RpcCall.run(Server.java:963) [hadoop-common-3.3.1.jar:?]
	at java.security.AccessController.doPrivileged(Native Method) ~[?:1.8.0_332]
	at javax.security.auth.Subject.doAs(Subject.java:422) [?:1.8.0_332]
	at org.apache.hadoop.security.UserGroupInformation.doAs(UserGroupInformation.java:1878) [hadoop-common-3.3.1.jar:?]
	at org.apache.hadoop.ipc.Server$Handler.run(Server.java:2966) [hadoop-common-3.3.1.jar:?]
23:25:44.773 [IPC Server handler 14 on default port 46473] ERROR OMAudit - user=runner | ip=127.0.0.1 | op=GET_FILE_STATUS {volume=volume63165, bucket=trashroottest2, key=.Trash, dataSize=0, replicationConfig=null} | ret=FAILURE
org.apache.hadoop.ozone.om.exceptions.OMException: Unable to get file status: volume: volume63165 bucket: trashroottest2 key: .Trash
	at org.apache.hadoop.ozone.om.KeyManagerImpl.getOzoneFileStatus(KeyManagerImpl.java:1311) ~[ozone-manager-1.3.0-SNAPSHOT.jar:?]
	at org.apache.hadoop.ozone.om.KeyManagerImpl.getFileStatus(KeyManagerImpl.java:1241) ~[ozone-manager-1.3.0-SNAPSHOT.jar:?]
	at org.apache.hadoop.ozone.om.OzoneManager.getFileStatus(OzoneManager.java:3419) ~[ozone-manager-1.3.0-SNAPSHOT.jar:?]
	at org.apache.hadoop.ozone.protocolPB.OzoneManagerRequestHandler.getOzoneFileStatus(OzoneManagerRequestHandler.java:871) ~[ozone-manager-1.3.0-SNAPSHOT.jar:?]
	at org.apache.hadoop.ozone.protocolPB.OzoneManagerRequestHandler.handleReadRequest(OzoneManagerRequestHandler.java:217) ~[ozone-manager-1.3.0-SNAPSHOT.jar:?]
	at org.apache.hadoop.ozone.protocolPB.OzoneManagerProtocolServerSideTranslatorPB.submitRequestDirectlyToOM(OzoneManagerProtocolServerSideTranslatorPB.java:276) ~[ozone-manager-1.3.0-SNAPSHOT.jar:?]
	at org.apache.hadoop.ozone.protocolPB.OzoneManagerProtocolServerSideTranslatorPB.processRequest(OzoneManagerProtocolServerSideTranslatorPB.java:205) ~[ozone-manager-1.3.0-SNAPSHOT.jar:?]
	at org.apache.hadoop.hdds.server.OzoneProtocolMessageDispatcher.processRequest(OzoneProtocolMessageDispatcher.java:87) [hdds-server-framework-1.3.0-SNAPSHOT.jar:?]
	at org.apache.hadoop.ozone.protocolPB.OzoneManagerProtocolServerSideTranslatorPB.submitRequest(OzoneManagerProtocolServerSideTranslatorPB.java:147) [ozone-manager-1.3.0-SNAPSHOT.jar:?]
	at org.apache.hadoop.ozone.protocol.proto.OzoneManagerProtocolProtos$OzoneManagerService$2.callBlockingMethod(OzoneManagerProtocolProtos.java) [ozone-interface-client-1.3.0-SNAPSHOT.jar:?]
	at org.apache.hadoop.ipc.ProtobufRpcEngine$Server.processCall(ProtobufRpcEngine.java:466) [hadoop-common-3.3.1.jar:?]
	at org.apache.hadoop.ipc.ProtobufRpcEngine2$Server$ProtoBufRpcInvoker.call(ProtobufRpcEngine2.java:574) [hadoop-common-3.3.1.jar:?]
	at org.apache.hadoop.ipc.ProtobufRpcEngine2$Server$ProtoBufRpcInvoker.call(ProtobufRpcEngine2.java:552) [hadoop-common-3.3.1.jar:?]
	at org.apache.hadoop.ipc.RPC$Server.call(RPC.java:1093) [hadoop-common-3.3.1.jar:?]
	at org.apache.hadoop.ipc.Server$RpcCall.run(Server.java:1035) [hadoop-common-3.3.1.jar:?]
	at org.apache.hadoop.ipc.Server$RpcCall.run(Server.java:963) [hadoop-common-3.3.1.jar:?]
	at java.security.AccessController.doPrivileged(Native Method) ~[?:1.8.0_332]
	at javax.security.auth.Subject.doAs(Subject.java:422) [?:1.8.0_332]
	at org.apache.hadoop.security.UserGroupInformation.doAs(UserGroupInformation.java:1878) [hadoop-common-3.3.1.jar:?]
	at org.apache.hadoop.ipc.Server$Handler.run(Server.java:2966) [hadoop-common-3.3.1.jar:?]
23:25:44.780 [IPC Server handler 10 on default port 46473] ERROR OMAudit - user=runner | ip=127.0.0.1 | op=GET_FILE_STATUS {volume=volume63165, bucket=trashroottest2, key=.Trash/runner, dataSize=0, replicationConfig=null} | ret=FAILURE
org.apache.hadoop.ozone.om.exceptions.OMException: Unable to get file status: volume: volume63165 bucket: trashroottest2 key: .Trash/runner
	at org.apache.hadoop.ozone.om.KeyManagerImpl.getOzoneFileStatus(KeyManagerImpl.java:1311) ~[ozone-manager-1.3.0-SNAPSHOT.jar:?]
	at org.apache.hadoop.ozone.om.KeyManagerImpl.getFileStatus(KeyManagerImpl.java:1241) ~[ozone-manager-1.3.0-SNAPSHOT.jar:?]
	at org.apache.hadoop.ozone.om.OzoneManager.getFileStatus(OzoneManager.java:3419) ~[ozone-manager-1.3.0-SNAPSHOT.jar:?]
	at org.apache.hadoop.ozone.protocolPB.OzoneManagerRequestHandler.getOzoneFileStatus(OzoneManagerRequestHandler.java:871) ~[ozone-manager-1.3.0-SNAPSHOT.jar:?]
	at org.apache.hadoop.ozone.protocolPB.OzoneManagerRequestHandler.handleReadRequest(OzoneManagerRequestHandler.java:217) ~[ozone-manager-1.3.0-SNAPSHOT.jar:?]
	at org.apache.hadoop.ozone.protocolPB.OzoneManagerProtocolServerSideTranslatorPB.submitRequestDirectlyToOM(OzoneManagerProtocolServerSideTranslatorPB.java:276) ~[ozone-manager-1.3.0-SNAPSHOT.jar:?]
	at org.apache.hadoop.ozone.protocolPB.OzoneManagerProtocolServerSideTranslatorPB.processRequest(OzoneManagerProtocolServerSideTranslatorPB.java:205) ~[ozone-manager-1.3.0-SNAPSHOT.jar:?]
	at org.apache.hadoop.hdds.server.OzoneProtocolMessageDispatcher.processRequest(OzoneProtocolMessageDispatcher.java:87) [hdds-server-framework-1.3.0-SNAPSHOT.jar:?]
	at org.apache.hadoop.ozone.protocolPB.OzoneManagerProtocolServerSideTranslatorPB.submitRequest(OzoneManagerProtocolServerSideTranslatorPB.java:147) [ozone-manager-1.3.0-SNAPSHOT.jar:?]
	at org.apache.hadoop.ozone.protocol.proto.OzoneManagerProtocolProtos$OzoneManagerService$2.callBlockingMethod(OzoneManagerProtocolProtos.java) [ozone-interface-client-1.3.0-SNAPSHOT.jar:?]
	at org.apache.hadoop.ipc.ProtobufRpcEngine$Server.processCall(ProtobufRpcEngine.java:466) [hadoop-common-3.3.1.jar:?]
	at org.apache.hadoop.ipc.ProtobufRpcEngine2$Server$ProtoBufRpcInvoker.call(ProtobufRpcEngine2.java:574) [hadoop-common-3.3.1.jar:?]
	at org.apache.hadoop.ipc.ProtobufRpcEngine2$Server$ProtoBufRpcInvoker.call(ProtobufRpcEngine2.java:552) [hadoop-common-3.3.1.jar:?]
	at org.apache.hadoop.ipc.RPC$Server.call(RPC.java:1093) [hadoop-common-3.3.1.jar:?]
	at org.apache.hadoop.ipc.Server$RpcCall.run(Server.java:1035) [hadoop-common-3.3.1.jar:?]
	at org.apache.hadoop.ipc.Server$RpcCall.run(Server.java:963) [hadoop-common-3.3.1.jar:?]
	at java.security.AccessController.doPrivileged(Native Method) ~[?:1.8.0_332]
	at javax.security.auth.Subject.doAs(Subject.java:422) [?:1.8.0_332]
	at org.apache.hadoop.security.UserGroupInformation.doAs(UserGroupInformation.java:1878) [hadoop-common-3.3.1.jar:?]
	at org.apache.hadoop.ipc.Server$Handler.run(Server.java:2966) [hadoop-common-3.3.1.jar:?]
23:25:44.782 [IPC Server handler 5 on default port 46473] ERROR OMAudit - user=runner | ip=127.0.0.1 | op=GET_FILE_STATUS {volume=volume08399, bucket=bucket42212, key=.Trash/runner, dataSize=0, replicationConfig=null} | ret=FAILURE
org.apache.hadoop.ozone.om.exceptions.OMException: Unable to get file status: volume: volume08399 bucket: bucket42212 key: .Trash/runner
	at org.apache.hadoop.ozone.om.KeyManagerImpl.getOzoneFileStatus(KeyManagerImpl.java:1311) ~[ozone-manager-1.3.0-SNAPSHOT.jar:?]
	at org.apache.hadoop.ozone.om.KeyManagerImpl.getFileStatus(KeyManagerImpl.java:1241) ~[ozone-manager-1.3.0-SNAPSHOT.jar:?]
	at org.apache.hadoop.ozone.om.OzoneManager.getFileStatus(OzoneManager.java:3419) ~[ozone-manager-1.3.0-SNAPSHOT.jar:?]
	at org.apache.hadoop.ozone.protocolPB.OzoneManagerRequestHandler.getOzoneFileStatus(OzoneManagerRequestHandler.java:871) ~[ozone-manager-1.3.0-SNAPSHOT.jar:?]
	at org.apache.hadoop.ozone.protocolPB.OzoneManagerRequestHandler.handleReadRequest(OzoneManagerRequestHandler.java:217) ~[ozone-manager-1.3.0-SNAPSHOT.jar:?]
	at org.apache.hadoop.ozone.protocolPB.OzoneManagerProtocolServerSideTranslatorPB.submitRequestDirectlyToOM(OzoneManagerProtocolServerSideTranslatorPB.java:276) ~[ozone-manager-1.3.0-SNAPSHOT.jar:?]
	at org.apache.hadoop.ozone.protocolPB.OzoneManagerProtocolServerSideTranslatorPB.processRequest(OzoneManagerProtocolServerSideTranslatorPB.java:205) ~[ozone-manager-1.3.0-SNAPSHOT.jar:?]
	at org.apache.hadoop.hdds.server.OzoneProtocolMessageDispatcher.processRequest(OzoneProtocolMessageDispatcher.java:87) [hdds-server-framework-1.3.0-SNAPSHOT.jar:?]
	at org.apache.hadoop.ozone.protocolPB.OzoneManagerProtocolServerSideTranslatorPB.submitRequest(OzoneManagerProtocolServerSideTranslatorPB.java:147) [ozone-manager-1.3.0-SNAPSHOT.jar:?]
	at org.apache.hadoop.ozone.protocol.proto.OzoneManagerProtocolProtos$OzoneManagerService$2.callBlockingMethod(OzoneManagerProtocolProtos.java) [ozone-interface-client-1.3.0-SNAPSHOT.jar:?]
	at org.apache.hadoop.ipc.ProtobufRpcEngine$Server.processCall(ProtobufRpcEngine.java:466) [hadoop-common-3.3.1.jar:?]
	at org.apache.hadoop.ipc.ProtobufRpcEngine2$Server$ProtoBufRpcInvoker.call(ProtobufRpcEngine2.java:574) [hadoop-common-3.3.1.jar:?]
	at org.apache.hadoop.ipc.ProtobufRpcEngine2$Server$ProtoBufRpcInvoker.call(ProtobufRpcEngine2.java:552) [hadoop-common-3.3.1.jar:?]
	at org.apache.hadoop.ipc.RPC$Server.call(RPC.java:1093) [hadoop-common-3.3.1.jar:?]
	at org.apache.hadoop.ipc.Server$RpcCall.run(Server.java:1035) [hadoop-common-3.3.1.jar:?]
	at org.apache.hadoop.ipc.Server$RpcCall.run(Server.java:963) [hadoop-common-3.3.1.jar:?]
	at java.security.AccessController.doPrivileged(Native Method) ~[?:1.8.0_332]
	at javax.security.auth.Subject.doAs(Subject.java:422) [?:1.8.0_332]
	at org.apache.hadoop.security.UserGroupInformation.doAs(UserGroupInformation.java:1878) [hadoop-common-3.3.1.jar:?]
	at org.apache.hadoop.ipc.Server$Handler.run(Server.java:2966) [hadoop-common-3.3.1.jar:?]
23:25:44.784 [IPC Server handler 19 on default port 46473] ERROR OMAudit - user=runner | ip=127.0.0.1 | op=GET_FILE_STATUS {volume=481ac634-c470-40b3-83da-b9b4849b29d2, bucket=08e00e26-5eca-4d7d-a712-614f0a7d538e, key=.Trash, dataSize=0, replicationConfig=null} | ret=FAILURE
org.apache.hadoop.ozone.om.exceptions.OMException: Unable to get file status: volume: 481ac634-c470-40b3-83da-b9b4849b29d2 bucket: 08e00e26-5eca-4d7d-a712-614f0a7d538e key: .Trash
	at org.apache.hadoop.ozone.om.KeyManagerImpl.getOzoneFileStatus(KeyManagerImpl.java:1311) ~[ozone-manager-1.3.0-SNAPSHOT.jar:?]
	at org.apache.hadoop.ozone.om.KeyManagerImpl.getFileStatus(KeyManagerImpl.java:1241) ~[ozone-manager-1.3.0-SNAPSHOT.jar:?]
	at org.apache.hadoop.ozone.om.OzoneManager.getFileStatus(OzoneManager.java:3419) ~[ozone-manager-1.3.0-SNAPSHOT.jar:?]
	at org.apache.hadoop.ozone.protocolPB.OzoneManagerRequestHandler.getOzoneFileStatus(OzoneManagerRequestHandler.java:871) ~[ozone-manager-1.3.0-SNAPSHOT.jar:?]
	at org.apache.hadoop.ozone.protocolPB.OzoneManagerRequestHandler.handleReadRequest(OzoneManagerRequestHandler.java:217) ~[ozone-manager-1.3.0-SNAPSHOT.jar:?]
	at org.apache.hadoop.ozone.protocolPB.OzoneManagerProtocolServerSideTranslatorPB.submitRequestDirectlyToOM(OzoneManagerProtocolServerSideTranslatorPB.java:276) ~[ozone-manager-1.3.0-SNAPSHOT.jar:?]
	at org.apache.hadoop.ozone.protocolPB.OzoneManagerProtocolServerSideTranslatorPB.processRequest(OzoneManagerProtocolServerSideTranslatorPB.java:205) ~[ozone-manager-1.3.0-SNAPSHOT.jar:?]
	at org.apache.hadoop.hdds.server.OzoneProtocolMessageDispatcher.processRequest(OzoneProtocolMessageDispatcher.java:87) [hdds-server-framework-1.3.0-SNAPSHOT.jar:?]
	at org.apache.hadoop.ozone.protocolPB.OzoneManagerProtocolServerSideTranslatorPB.submitRequest(OzoneManagerProtocolServerSideTranslatorPB.java:147) [ozone-manager-1.3.0-SNAPSHOT.jar:?]
	at org.apache.hadoop.ozone.protocol.proto.OzoneManagerProtocolProtos$OzoneManagerService$2.callBlockingMethod(OzoneManagerProtocolProtos.java) [ozone-interface-client-1.3.0-SNAPSHOT.jar:?]
	at org.apache.hadoop.ipc.ProtobufRpcEngine$Server.processCall(ProtobufRpcEngine.java:466) [hadoop-common-3.3.1.jar:?]
	at org.apache.hadoop.ipc.ProtobufRpcEngine2$Server$ProtoBufRpcInvoker.call(ProtobufRpcEngine2.java:574) [hadoop-common-3.3.1.jar:?]
	at org.apache.hadoop.ipc.ProtobufRpcEngine2$Server$ProtoBufRpcInvoker.call(ProtobufRpcEngine2.java:552) [hadoop-common-3.3.1.jar:?]
	at org.apache.hadoop.ipc.RPC$Server.call(RPC.java:1093) [hadoop-common-3.3.1.jar:?]
	at org.apache.hadoop.ipc.Server$RpcCall.run(Server.java:1035) [hadoop-common-3.3.1.jar:?]
	at org.apache.hadoop.ipc.Server$RpcCall.run(Server.java:963) [hadoop-common-3.3.1.jar:?]
	at java.security.AccessController.doPrivileged(Native Method) ~[?:1.8.0_332]
	at javax.security.auth.Subject.doAs(Subject.java:422) [?:1.8.0_332]
	at org.apache.hadoop.security.UserGroupInformation.doAs(UserGroupInformation.java:1878) [hadoop-common-3.3.1.jar:?]
	at org.apache.hadoop.ipc.Server$Handler.run(Server.java:2966) [hadoop-common-3.3.1.jar:?]
23:25:44.785 [IPC Server handler 14 on default port 46473] ERROR OMAudit - user=runner | ip=127.0.0.1 | op=GET_FILE_STATUS {volume=volume08399, bucket=bucket42212, key=.Trash, dataSize=0, replicationConfig=null} | ret=FAILURE
org.apache.hadoop.ozone.om.exceptions.OMException: Unable to get file status: volume: volume08399 bucket: bucket42212 key: .Trash
	at org.apache.hadoop.ozone.om.KeyManagerImpl.getOzoneFileStatus(KeyManagerImpl.java:1311) ~[ozone-manager-1.3.0-SNAPSHOT.jar:?]
	at org.apache.hadoop.ozone.om.KeyManagerImpl.getFileStatus(KeyManagerImpl.java:1241) ~[ozone-manager-1.3.0-SNAPSHOT.jar:?]
	at org.apache.hadoop.ozone.om.OzoneManager.getFileStatus(OzoneManager.java:3419) ~[ozone-manager-1.3.0-SNAPSHOT.jar:?]
	at org.apache.hadoop.ozone.protocolPB.OzoneManagerRequestHandler.getOzoneFileStatus(OzoneManagerRequestHandler.java:871) ~[ozone-manager-1.3.0-SNAPSHOT.jar:?]
	at org.apache.hadoop.ozone.protocolPB.OzoneManagerRequestHandler.handleReadRequest(OzoneManagerRequestHandler.java:217) ~[ozone-manager-1.3.0-SNAPSHOT.jar:?]
	at org.apache.hadoop.ozone.protocolPB.OzoneManagerProtocolServerSideTranslatorPB.submitRequestDirectlyToOM(OzoneManagerProtocolServerSideTranslatorPB.java:276) ~[ozone-manager-1.3.0-SNAPSHOT.jar:?]
	at org.apache.hadoop.ozone.protocolPB.OzoneManagerProtocolServerSideTranslatorPB.processRequest(OzoneManagerProtocolServerSideTranslatorPB.java:205) ~[ozone-manager-1.3.0-SNAPSHOT.jar:?]
	at org.apache.hadoop.hdds.server.OzoneProtocolMessageDispatcher.processRequest(OzoneProtocolMessageDispatcher.java:87) [hdds-server-framework-1.3.0-SNAPSHOT.jar:?]
	at org.apache.hadoop.ozone.protocolPB.OzoneManagerProtocolServerSideTranslatorPB.submitRequest(OzoneManagerProtocolServerSideTranslatorPB.java:147) [ozone-manager-1.3.0-SNAPSHOT.jar:?]
	at org.apache.hadoop.ozone.protocol.proto.OzoneManagerProtocolProtos$OzoneManagerService$2.callBlockingMethod(OzoneManagerProtocolProtos.java) [ozone-interface-client-1.3.0-SNAPSHOT.jar:?]
	at org.apache.hadoop.ipc.ProtobufRpcEngine$Server.processCall(ProtobufRpcEngine.java:466) [hadoop-common-3.3.1.jar:?]
	at org.apache.hadoop.ipc.ProtobufRpcEngine2$Server$ProtoBufRpcInvoker.call(ProtobufRpcEngine2.java:574) [hadoop-common-3.3.1.jar:?]
	at org.apache.hadoop.ipc.ProtobufRpcEngine2$Server$ProtoBufRpcInvoker.call(ProtobufRpcEngine2.java:552) [hadoop-common-3.3.1.jar:?]
	at org.apache.hadoop.ipc.RPC$Server.call(RPC.java:1093) [hadoop-common-3.3.1.jar:?]
	at org.apache.hadoop.ipc.Server$RpcCall.run(Server.java:1035) [hadoop-common-3.3.1.jar:?]
	at org.apache.hadoop.ipc.Server$RpcCall.run(Server.java:963) [hadoop-common-3.3.1.jar:?]
	at java.security.AccessController.doPrivileged(Native Method) ~[?:1.8.0_332]
	at javax.security.auth.Subject.doAs(Subject.java:422) [?:1.8.0_332]
	at org.apache.hadoop.security.UserGroupInformation.doAs(UserGroupInformation.java:1878) [hadoop-common-3.3.1.jar:?]
	at org.apache.hadoop.ipc.Server$Handler.run(Server.java:2966) [hadoop-common-3.3.1.jar:?]
23:25:44.800 [IPC Server handler 4 on default port 46473] ERROR OMAudit - user=runner | ip=127.0.0.1 | op=GET_FILE_STATUS {volume=volume63165, bucket=trashroottest2, key=.Trash, dataSize=0, replicationConfig=null} | ret=FAILURE
org.apache.hadoop.ozone.om.exceptions.OMException: Unable to get file status: volume: volume63165 bucket: trashroottest2 key: .Trash
	at org.apache.hadoop.ozone.om.KeyManagerImpl.getOzoneFileStatus(KeyManagerImpl.java:1311) ~[ozone-manager-1.3.0-SNAPSHOT.jar:?]
	at org.apache.hadoop.ozone.om.KeyManagerImpl.getFileStatus(KeyManagerImpl.java:1241) ~[ozone-manager-1.3.0-SNAPSHOT.jar:?]
	at org.apache.hadoop.ozone.om.OzoneManager.getFileStatus(OzoneManager.java:3419) ~[ozone-manager-1.3.0-SNAPSHOT.jar:?]
	at org.apache.hadoop.ozone.protocolPB.OzoneManagerRequestHandler.getOzoneFileStatus(OzoneManagerRequestHandler.java:871) ~[ozone-manager-1.3.0-SNAPSHOT.jar:?]
	at org.apache.hadoop.ozone.protocolPB.OzoneManagerRequestHandler.handleReadRequest(OzoneManagerRequestHandler.java:217) ~[ozone-manager-1.3.0-SNAPSHOT.jar:?]
	at org.apache.hadoop.ozone.protocolPB.OzoneManagerProtocolServerSideTranslatorPB.submitRequestDirectlyToOM(OzoneManagerProtocolServerSideTranslatorPB.java:276) ~[ozone-manager-1.3.0-SNAPSHOT.jar:?]
	at org.apache.hadoop.ozone.protocolPB.OzoneManagerProtocolServerSideTranslatorPB.processRequest(OzoneManagerProtocolServerSideTranslatorPB.java:205) ~[ozone-manager-1.3.0-SNAPSHOT.jar:?]
	at org.apache.hadoop.hdds.server.OzoneProtocolMessageDispatcher.processRequest(OzoneProtocolMessageDispatcher.java:87) [hdds-server-framework-1.3.0-SNAPSHOT.jar:?]
	at org.apache.hadoop.ozone.protocolPB.OzoneManagerProtocolServerSideTranslatorPB.submitRequest(OzoneManagerProtocolServerSideTranslatorPB.java:147) [ozone-manager-1.3.0-SNAPSHOT.jar:?]
	at org.apache.hadoop.ozone.protocol.proto.OzoneManagerProtocolProtos$OzoneManagerService$2.callBlockingMethod(OzoneManagerProtocolProtos.java) [ozone-interface-client-1.3.0-SNAPSHOT.jar:?]
	at org.apache.hadoop.ipc.ProtobufRpcEngine$Server.processCall(ProtobufRpcEngine.java:466) [hadoop-common-3.3.1.jar:?]
	at org.apache.hadoop.ipc.ProtobufRpcEngine2$Server$ProtoBufRpcInvoker.call(ProtobufRpcEngine2.java:574) [hadoop-common-3.3.1.jar:?]
	at org.apache.hadoop.ipc.ProtobufRpcEngine2$Server$ProtoBufRpcInvoker.call(ProtobufRpcEngine2.java:552) [hadoop-common-3.3.1.jar:?]
	at org.apache.hadoop.ipc.RPC$Server.call(RPC.java:1093) [hadoop-common-3.3.1.jar:?]
	at org.apache.hadoop.ipc.Server$RpcCall.run(Server.java:1035) [hadoop-common-3.3.1.jar:?]
	at org.apache.hadoop.ipc.Server$RpcCall.run(Server.java:963) [hadoop-common-3.3.1.jar:?]
	at java.security.AccessController.doPrivileged(Native Method) ~[?:1.8.0_332]
	at javax.security.auth.Subject.doAs(Subject.java:422) [?:1.8.0_332]
	at org.apache.hadoop.security.UserGroupInformation.doAs(UserGroupInformation.java:1878) [hadoop-common-3.3.1.jar:?]
	at org.apache.hadoop.ipc.Server$Handler.run(Server.java:2966) [hadoop-common-3.3.1.jar:?]
23:25:44.833 [IPC Server handler 1 on default port 46473] ERROR OMAudit - user=runner | ip=127.0.0.1 | op=GET_FILE_STATUS {volume=volume63165, bucket=bucket47582, key=.Trash/runner, dataSize=0, replicationConfig=null} | ret=FAILURE
org.apache.hadoop.ozone.om.exceptions.OMException: Unable to get file status: volume: volume63165 bucket: bucket47582 key: .Trash/runner
	at org.apache.hadoop.ozone.om.KeyManagerImpl.getOzoneFileStatus(KeyManagerImpl.java:1311) ~[ozone-manager-1.3.0-SNAPSHOT.jar:?]
	at org.apache.hadoop.ozone.om.KeyManagerImpl.getFileStatus(KeyManagerImpl.java:1241) ~[ozone-manager-1.3.0-SNAPSHOT.jar:?]
	at org.apache.hadoop.ozone.om.OzoneManager.getFileStatus(OzoneManager.java:3419) ~[ozone-manager-1.3.0-SNAPSHOT.jar:?]
	at org.apache.hadoop.ozone.protocolPB.OzoneManagerRequestHandler.getOzoneFileStatus(OzoneManagerRequestHandler.java:871) ~[ozone-manager-1.3.0-SNAPSHOT.jar:?]
	at org.apache.hadoop.ozone.protocolPB.OzoneManagerRequestHandler.handleReadRequest(OzoneManagerRequestHandler.java:217) ~[ozone-manager-1.3.0-SNAPSHOT.jar:?]
	at org.apache.hadoop.ozone.protocolPB.OzoneManagerProtocolServerSideTranslatorPB.submitRequestDirectlyToOM(OzoneManagerProtocolServerSideTranslatorPB.java:276) ~[ozone-manager-1.3.0-SNAPSHOT.jar:?]
	at org.apache.hadoop.ozone.protocolPB.OzoneManagerProtocolServerSideTranslatorPB.processRequest(OzoneManagerProtocolServerSideTranslatorPB.java:205) ~[ozone-manager-1.3.0-SNAPSHOT.jar:?]
	at org.apache.hadoop.hdds.server.OzoneProtocolMessageDispatcher.processRequest(OzoneProtocolMessageDispatcher.java:87) [hdds-server-framework-1.3.0-SNAPSHOT.jar:?]
	at org.apache.hadoop.ozone.protocolPB.OzoneManagerProtocolServerSideTranslatorPB.submitRequest(OzoneManagerProtocolServerSideTranslatorPB.java:147) [ozone-manager-1.3.0-SNAPSHOT.jar:?]
	at org.apache.hadoop.ozone.protocol.proto.OzoneManagerProtocolProtos$OzoneManagerService$2.callBlockingMethod(OzoneManagerProtocolProtos.java) [ozone-interface-client-1.3.0-SNAPSHOT.jar:?]
	at org.apache.hadoop.ipc.ProtobufRpcEngine$Server.processCall(ProtobufRpcEngine.java:466) [hadoop-common-3.3.1.jar:?]
	at org.apache.hadoop.ipc.ProtobufRpcEngine2$Server$ProtoBufRpcInvoker.call(ProtobufRpcEngine2.java:574) [hadoop-common-3.3.1.jar:?]
	at org.apache.hadoop.ipc.ProtobufRpcEngine2$Server$ProtoBufRpcInvoker.call(ProtobufRpcEngine2.java:552) [hadoop-common-3.3.1.jar:?]
	at org.apache.hadoop.ipc.RPC$Server.call(RPC.java:1093) [hadoop-common-3.3.1.jar:?]
	at org.apache.hadoop.ipc.Server$RpcCall.run(Server.java:1035) [hadoop-common-3.3.1.jar:?]
	at org.apache.hadoop.ipc.Server$RpcCall.run(Server.java:963) [hadoop-common-3.3.1.jar:?]
	at java.security.AccessController.doPrivileged(Native Method) ~[?:1.8.0_332]
	at javax.security.auth.Subject.doAs(Subject.java:422) [?:1.8.0_332]
	at org.apache.hadoop.security.UserGroupInformation.doAs(UserGroupInformation.java:1878) [hadoop-common-3.3.1.jar:?]
	at org.apache.hadoop.ipc.Server$Handler.run(Server.java:2966) [hadoop-common-3.3.1.jar:?]
23:25:44.836 [IPC Server handler 16 on default port 46473] ERROR OMAudit - user=runner | ip=127.0.0.1 | op=GET_FILE_STATUS {volume=481ac634-c470-40b3-83da-b9b4849b29d2, bucket=08e00e26-5eca-4d7d-a712-614f0a7d538e, key=.Trash, dataSize=0, replicationConfig=null} | ret=FAILURE
org.apache.hadoop.ozone.om.exceptions.OMException: Unable to get file status: volume: 481ac634-c470-40b3-83da-b9b4849b29d2 bucket: 08e00e26-5eca-4d7d-a712-614f0a7d538e key: .Trash
	at org.apache.hadoop.ozone.om.KeyManagerImpl.getOzoneFileStatus(KeyManagerImpl.java:1311) ~[ozone-manager-1.3.0-SNAPSHOT.jar:?]
	at org.apache.hadoop.ozone.om.KeyManagerImpl.getFileStatus(KeyManagerImpl.java:1241) ~[ozone-manager-1.3.0-SNAPSHOT.jar:?]
	at org.apache.hadoop.ozone.om.OzoneManager.getFileStatus(OzoneManager.java:3419) ~[ozone-manager-1.3.0-SNAPSHOT.jar:?]
	at org.apache.hadoop.ozone.protocolPB.OzoneManagerRequestHandler.getOzoneFileStatus(OzoneManagerRequestHandler.java:871) ~[ozone-manager-1.3.0-SNAPSHOT.jar:?]
	at org.apache.hadoop.ozone.protocolPB.OzoneManagerRequestHandler.handleReadRequest(OzoneManagerRequestHandler.java:217) ~[ozone-manager-1.3.0-SNAPSHOT.jar:?]
	at org.apache.hadoop.ozone.protocolPB.OzoneManagerProtocolServerSideTranslatorPB.submitRequestDirectlyToOM(OzoneManagerProtocolServerSideTranslatorPB.java:276) ~[ozone-manager-1.3.0-SNAPSHOT.jar:?]
	at org.apache.hadoop.ozone.protocolPB.OzoneManagerProtocolServerSideTranslatorPB.processRequest(OzoneManagerProtocolServerSideTranslatorPB.java:205) ~[ozone-manager-1.3.0-SNAPSHOT.jar:?]
	at org.apache.hadoop.hdds.server.OzoneProtocolMessageDispatcher.processRequest(OzoneProtocolMessageDispatcher.java:87) [hdds-server-framework-1.3.0-SNAPSHOT.jar:?]
	at org.apache.hadoop.ozone.protocolPB.OzoneManagerProtocolServerSideTranslatorPB.submitRequest(OzoneManagerProtocolServerSideTranslatorPB.java:147) [ozone-manager-1.3.0-SNAPSHOT.jar:?]
	at org.apache.hadoop.ozone.protocol.proto.OzoneManagerProtocolProtos$OzoneManagerService$2.callBlockingMethod(OzoneManagerProtocolProtos.java) [ozone-interface-client-1.3.0-SNAPSHOT.jar:?]
	at org.apache.hadoop.ipc.ProtobufRpcEngine$Server.processCall(ProtobufRpcEngine.java:466) [hadoop-common-3.3.1.jar:?]
	at org.apache.hadoop.ipc.ProtobufRpcEngine2$Server$ProtoBufRpcInvoker.call(ProtobufRpcEngine2.java:574) [hadoop-common-3.3.1.jar:?]
	at org.apache.hadoop.ipc.ProtobufRpcEngine2$Server$ProtoBufRpcInvoker.call(ProtobufRpcEngine2.java:552) [hadoop-common-3.3.1.jar:?]
	at org.apache.hadoop.ipc.RPC$Server.call(RPC.java:1093) [hadoop-common-3.3.1.jar:?]
	at org.apache.hadoop.ipc.Server$RpcCall.run(Server.java:1035) [hadoop-common-3.3.1.jar:?]
	at org.apache.hadoop.ipc.Server$RpcCall.run(Server.java:963) [hadoop-common-3.3.1.jar:?]
	at java.security.AccessController.doPrivileged(Native Method) ~[?:1.8.0_332]
	at javax.security.auth.Subject.doAs(Subject.java:422) [?:1.8.0_332]
	at org.apache.hadoop.security.UserGroupInformation.doAs(UserGroupInformation.java:1878) [hadoop-common-3.3.1.jar:?]
	at org.apache.hadoop.ipc.Server$Handler.run(Server.java:2966) [hadoop-common-3.3.1.jar:?]
]]></system-out>
  </testcase>
  <testcase name="testCreateDoesNotAddParentDirKeys" classname="TestRootedOzoneFileSystem" time="0.107">
    <system-out><![CDATA[2022-07-12 23:20:27,260 [Time-limited test] INFO  rpc.RpcClient (RpcClient.java:createVolume(466)) - Creating Volume: volume66707, with user50065 as owner and space quota set to -1 bytes, counts quota set to -1
2022-07-12 23:20:27,263 [OM StateMachine ApplyTransaction Thread - 0] INFO  volume.OMVolumeCreateRequest (OMVolumeCreateRequest.java:validateAndUpdateCache(195)) - created volume:volume66707 for user:user50065
2022-07-12 23:20:27,265 [Time-limited test] INFO  rpc.RpcClient (RpcClient.java:createBucket(669)) - Creating Bucket: volume66707/bucket27703, with bucket layout LEGACY, runner as owner, Versioning false, Storage Type set to DISK and Encryption set to false 
2022-07-12 23:20:27,267 [OM StateMachine ApplyTransaction Thread - 0] INFO  bucket.OMBucketCreateRequest (OMBucketCreateRequest.java:validateAndUpdateCache(260)) - created bucket: bucket27703 of layout LEGACY in volume: volume66707
23:20:27.316 [IPC Server handler 19 on default port 35283] ERROR OMAudit - user=runner | ip=127.0.0.1 | op=READ_KEY {volume=volume66707, bucket=bucket27703, key=testCreateDoesNotAddParentDirKeys/parent/, dataSize=0, replicationConfig=null} | ret=FAILURE
org.apache.hadoop.ozone.om.exceptions.OMException: Key:testCreateDoesNotAddParentDirKeys/parent not found
	at org.apache.hadoop.ozone.om.KeyManagerImpl.lookupKey(KeyManagerImpl.java:399) ~[ozone-manager-1.3.0-SNAPSHOT.jar:?]
	at org.apache.hadoop.ozone.om.OzoneManager.lookupKey(OzoneManager.java:2817) ~[ozone-manager-1.3.0-SNAPSHOT.jar:?]
	at org.apache.hadoop.ozone.protocolPB.OzoneManagerRequestHandler.lookupKey(OzoneManagerRequestHandler.java:484) ~[ozone-manager-1.3.0-SNAPSHOT.jar:?]
	at org.apache.hadoop.ozone.protocolPB.OzoneManagerRequestHandler.handleReadRequest(OzoneManagerRequestHandler.java:182) ~[ozone-manager-1.3.0-SNAPSHOT.jar:?]
	at org.apache.hadoop.ozone.protocolPB.OzoneManagerProtocolServerSideTranslatorPB.submitReadRequestToOM(OzoneManagerProtocolServerSideTranslatorPB.java:226) ~[ozone-manager-1.3.0-SNAPSHOT.jar:?]
	at org.apache.hadoop.ozone.protocolPB.OzoneManagerProtocolServerSideTranslatorPB.processRequest(OzoneManagerProtocolServerSideTranslatorPB.java:175) ~[ozone-manager-1.3.0-SNAPSHOT.jar:?]
	at org.apache.hadoop.hdds.server.OzoneProtocolMessageDispatcher.processRequest(OzoneProtocolMessageDispatcher.java:87) [hdds-server-framework-1.3.0-SNAPSHOT.jar:?]
	at org.apache.hadoop.ozone.protocolPB.OzoneManagerProtocolServerSideTranslatorPB.submitRequest(OzoneManagerProtocolServerSideTranslatorPB.java:147) [ozone-manager-1.3.0-SNAPSHOT.jar:?]
	at org.apache.hadoop.ozone.protocol.proto.OzoneManagerProtocolProtos$OzoneManagerService$2.callBlockingMethod(OzoneManagerProtocolProtos.java) [ozone-interface-client-1.3.0-SNAPSHOT.jar:?]
	at org.apache.hadoop.ipc.ProtobufRpcEngine$Server.processCall(ProtobufRpcEngine.java:466) [hadoop-common-3.3.1.jar:?]
	at org.apache.hadoop.ipc.ProtobufRpcEngine2$Server$ProtoBufRpcInvoker.call(ProtobufRpcEngine2.java:574) [hadoop-common-3.3.1.jar:?]
	at org.apache.hadoop.ipc.ProtobufRpcEngine2$Server$ProtoBufRpcInvoker.call(ProtobufRpcEngine2.java:552) [hadoop-common-3.3.1.jar:?]
	at org.apache.hadoop.ipc.RPC$Server.call(RPC.java:1093) [hadoop-common-3.3.1.jar:?]
	at org.apache.hadoop.ipc.Server$RpcCall.run(Server.java:1035) [hadoop-common-3.3.1.jar:?]
	at org.apache.hadoop.ipc.Server$RpcCall.run(Server.java:963) [hadoop-common-3.3.1.jar:?]
	at java.security.AccessController.doPrivileged(Native Method) ~[?:1.8.0_332]
	at javax.security.auth.Subject.doAs(Subject.java:422) [?:1.8.0_332]
	at org.apache.hadoop.security.UserGroupInformation.doAs(UserGroupInformation.java:1878) [hadoop-common-3.3.1.jar:?]
	at org.apache.hadoop.ipc.Server$Handler.run(Server.java:2966) [hadoop-common-3.3.1.jar:?]
]]></system-out>
  </testcase>
  <testcase name="testCreateDoesNotAddParentDirKeys" classname="TestRootedOzoneFileSystem" time="0.156">
    <system-out><![CDATA[2022-07-12 23:21:40,105 [Time-limited test] INFO  rpc.RpcClient (RpcClient.java:createVolume(466)) - Creating Volume: volume38866, with user37446 as owner and space quota set to -1 bytes, counts quota set to -1
2022-07-12 23:21:40,107 [OM StateMachine ApplyTransaction Thread - 0] INFO  volume.OMVolumeCreateRequest (OMVolumeCreateRequest.java:validateAndUpdateCache(195)) - created volume:volume38866 for user:user37446
2022-07-12 23:21:40,108 [Time-limited test] INFO  rpc.RpcClient (RpcClient.java:createBucket(669)) - Creating Bucket: volume38866/bucket20288, with bucket layout LEGACY, runner as owner, Versioning false, Storage Type set to DISK and Encryption set to false 
2022-07-12 23:21:40,114 [OM StateMachine ApplyTransaction Thread - 0] INFO  bucket.OMBucketCreateRequest (OMBucketCreateRequest.java:validateAndUpdateCache(260)) - created bucket: bucket20288 of layout LEGACY in volume: volume38866
23:21:40.146 [IPC Server handler 10 on default port 33951] ERROR OMAudit - user=runner | ip=127.0.0.1 | op=READ_KEY {volume=volume38866, bucket=bucket20288, key=testCreateDoesNotAddParentDirKeys/parent/, dataSize=0, replicationConfig=null} | ret=FAILURE
org.apache.hadoop.ozone.om.exceptions.OMException: Key:testCreateDoesNotAddParentDirKeys/parent not found
	at org.apache.hadoop.ozone.om.KeyManagerImpl.lookupKey(KeyManagerImpl.java:399) ~[ozone-manager-1.3.0-SNAPSHOT.jar:?]
	at org.apache.hadoop.ozone.om.OzoneManager.lookupKey(OzoneManager.java:2817) ~[ozone-manager-1.3.0-SNAPSHOT.jar:?]
	at org.apache.hadoop.ozone.protocolPB.OzoneManagerRequestHandler.lookupKey(OzoneManagerRequestHandler.java:484) ~[ozone-manager-1.3.0-SNAPSHOT.jar:?]
	at org.apache.hadoop.ozone.protocolPB.OzoneManagerRequestHandler.handleReadRequest(OzoneManagerRequestHandler.java:182) ~[ozone-manager-1.3.0-SNAPSHOT.jar:?]
	at org.apache.hadoop.ozone.protocolPB.OzoneManagerProtocolServerSideTranslatorPB.submitReadRequestToOM(OzoneManagerProtocolServerSideTranslatorPB.java:226) ~[ozone-manager-1.3.0-SNAPSHOT.jar:?]
	at org.apache.hadoop.ozone.protocolPB.OzoneManagerProtocolServerSideTranslatorPB.processRequest(OzoneManagerProtocolServerSideTranslatorPB.java:175) ~[ozone-manager-1.3.0-SNAPSHOT.jar:?]
	at org.apache.hadoop.hdds.server.OzoneProtocolMessageDispatcher.processRequest(OzoneProtocolMessageDispatcher.java:87) [hdds-server-framework-1.3.0-SNAPSHOT.jar:?]
	at org.apache.hadoop.ozone.protocolPB.OzoneManagerProtocolServerSideTranslatorPB.submitRequest(OzoneManagerProtocolServerSideTranslatorPB.java:147) [ozone-manager-1.3.0-SNAPSHOT.jar:?]
	at org.apache.hadoop.ozone.protocol.proto.OzoneManagerProtocolProtos$OzoneManagerService$2.callBlockingMethod(OzoneManagerProtocolProtos.java) [ozone-interface-client-1.3.0-SNAPSHOT.jar:?]
	at org.apache.hadoop.ipc.ProtobufRpcEngine$Server.processCall(ProtobufRpcEngine.java:466) [hadoop-common-3.3.1.jar:?]
	at org.apache.hadoop.ipc.ProtobufRpcEngine2$Server$ProtoBufRpcInvoker.call(ProtobufRpcEngine2.java:574) [hadoop-common-3.3.1.jar:?]
	at org.apache.hadoop.ipc.ProtobufRpcEngine2$Server$ProtoBufRpcInvoker.call(ProtobufRpcEngine2.java:552) [hadoop-common-3.3.1.jar:?]
	at org.apache.hadoop.ipc.RPC$Server.call(RPC.java:1093) [hadoop-common-3.3.1.jar:?]
	at org.apache.hadoop.ipc.Server$RpcCall.run(Server.java:1035) [hadoop-common-3.3.1.jar:?]
	at org.apache.hadoop.ipc.Server$RpcCall.run(Server.java:963) [hadoop-common-3.3.1.jar:?]
	at java.security.AccessController.doPrivileged(Native Method) ~[?:1.8.0_332]
	at javax.security.auth.Subject.doAs(Subject.java:422) [?:1.8.0_332]
	at org.apache.hadoop.security.UserGroupInformation.doAs(UserGroupInformation.java:1878) [hadoop-common-3.3.1.jar:?]
	at org.apache.hadoop.ipc.Server$Handler.run(Server.java:2966) [hadoop-common-3.3.1.jar:?]
]]></system-out>
  </testcase>
  <testcase name="testCreateDoesNotAddParentDirKeys" classname="TestRootedOzoneFileSystem" time="0.151">
    <system-out><![CDATA[2022-07-12 23:22:56,543 [Time-limited test] INFO  rpc.RpcClient (RpcClient.java:createVolume(466)) - Creating Volume: volume51074, with user30617 as owner and space quota set to -1 bytes, counts quota set to -1
2022-07-12 23:22:56,544 [IPC Server handler 9 on default port 43683] INFO  volume.OMVolumeCreateRequest (OMVolumeCreateRequest.java:validateAndUpdateCache(195)) - created volume:volume51074 for user:user30617
2022-07-12 23:22:56,545 [Time-limited test] INFO  rpc.RpcClient (RpcClient.java:createBucket(669)) - Creating Bucket: volume51074/bucket55457, with bucket layout LEGACY, runner as owner, Versioning false, Storage Type set to DISK and Encryption set to false 
2022-07-12 23:22:56,545 [IPC Server handler 19 on default port 43683] INFO  bucket.OMBucketCreateRequest (OMBucketCreateRequest.java:validateAndUpdateCache(260)) - created bucket: bucket55457 of layout LEGACY in volume: volume51074
23:22:56.585 [IPC Server handler 14 on default port 43683] ERROR OMAudit - user=runner | ip=127.0.0.1 | op=READ_KEY {volume=volume51074, bucket=bucket55457, key=testCreateDoesNotAddParentDirKeys/parent/, dataSize=0, replicationConfig=null} | ret=FAILURE
org.apache.hadoop.ozone.om.exceptions.OMException: Key:testCreateDoesNotAddParentDirKeys/parent not found
	at org.apache.hadoop.ozone.om.KeyManagerImpl.lookupKey(KeyManagerImpl.java:399) ~[ozone-manager-1.3.0-SNAPSHOT.jar:?]
	at org.apache.hadoop.ozone.om.OzoneManager.lookupKey(OzoneManager.java:2817) ~[ozone-manager-1.3.0-SNAPSHOT.jar:?]
	at org.apache.hadoop.ozone.protocolPB.OzoneManagerRequestHandler.lookupKey(OzoneManagerRequestHandler.java:484) ~[ozone-manager-1.3.0-SNAPSHOT.jar:?]
	at org.apache.hadoop.ozone.protocolPB.OzoneManagerRequestHandler.handleReadRequest(OzoneManagerRequestHandler.java:182) ~[ozone-manager-1.3.0-SNAPSHOT.jar:?]
	at org.apache.hadoop.ozone.protocolPB.OzoneManagerProtocolServerSideTranslatorPB.submitRequestDirectlyToOM(OzoneManagerProtocolServerSideTranslatorPB.java:276) ~[ozone-manager-1.3.0-SNAPSHOT.jar:?]
	at org.apache.hadoop.ozone.protocolPB.OzoneManagerProtocolServerSideTranslatorPB.processRequest(OzoneManagerProtocolServerSideTranslatorPB.java:205) ~[ozone-manager-1.3.0-SNAPSHOT.jar:?]
	at org.apache.hadoop.hdds.server.OzoneProtocolMessageDispatcher.processRequest(OzoneProtocolMessageDispatcher.java:87) [hdds-server-framework-1.3.0-SNAPSHOT.jar:?]
	at org.apache.hadoop.ozone.protocolPB.OzoneManagerProtocolServerSideTranslatorPB.submitRequest(OzoneManagerProtocolServerSideTranslatorPB.java:147) [ozone-manager-1.3.0-SNAPSHOT.jar:?]
	at org.apache.hadoop.ozone.protocol.proto.OzoneManagerProtocolProtos$OzoneManagerService$2.callBlockingMethod(OzoneManagerProtocolProtos.java) [ozone-interface-client-1.3.0-SNAPSHOT.jar:?]
	at org.apache.hadoop.ipc.ProtobufRpcEngine$Server.processCall(ProtobufRpcEngine.java:466) [hadoop-common-3.3.1.jar:?]
	at org.apache.hadoop.ipc.ProtobufRpcEngine2$Server$ProtoBufRpcInvoker.call(ProtobufRpcEngine2.java:574) [hadoop-common-3.3.1.jar:?]
	at org.apache.hadoop.ipc.ProtobufRpcEngine2$Server$ProtoBufRpcInvoker.call(ProtobufRpcEngine2.java:552) [hadoop-common-3.3.1.jar:?]
	at org.apache.hadoop.ipc.RPC$Server.call(RPC.java:1093) [hadoop-common-3.3.1.jar:?]
	at org.apache.hadoop.ipc.Server$RpcCall.run(Server.java:1035) [hadoop-common-3.3.1.jar:?]
	at org.apache.hadoop.ipc.Server$RpcCall.run(Server.java:963) [hadoop-common-3.3.1.jar:?]
	at java.security.AccessController.doPrivileged(Native Method) ~[?:1.8.0_332]
	at javax.security.auth.Subject.doAs(Subject.java:422) [?:1.8.0_332]
	at org.apache.hadoop.security.UserGroupInformation.doAs(UserGroupInformation.java:1878) [hadoop-common-3.3.1.jar:?]
	at org.apache.hadoop.ipc.Server$Handler.run(Server.java:2966) [hadoop-common-3.3.1.jar:?]
]]></system-out>
  </testcase>
  <testcase name="testCreateDoesNotAddParentDirKeys" classname="TestRootedOzoneFileSystem" time="0.221">
    <system-out><![CDATA[2022-07-12 23:24:21,066 [Time-limited test] INFO  rpc.RpcClient (RpcClient.java:createVolume(466)) - Creating Volume: volume52206, with user64961 as owner and space quota set to -1 bytes, counts quota set to -1
2022-07-12 23:24:21,073 [OM StateMachine ApplyTransaction Thread - 0] INFO  volume.OMVolumeCreateRequest (OMVolumeCreateRequest.java:validateAndUpdateCache(195)) - created volume:volume52206 for user:user64961
2022-07-12 23:24:21,074 [Time-limited test] INFO  rpc.RpcClient (RpcClient.java:createBucket(669)) - Creating Bucket: volume52206/bucket23524, with bucket layout LEGACY, runner as owner, Versioning false, Storage Type set to DISK and Encryption set to false 
2022-07-12 23:24:21,075 [OM StateMachine ApplyTransaction Thread - 0] INFO  bucket.OMBucketCreateRequest (OMBucketCreateRequest.java:validateAndUpdateCache(260)) - created bucket: bucket23524 of layout LEGACY in volume: volume52206
]]></system-out>
  </testcase>
  <testcase name="testCreateDoesNotAddParentDirKeys" classname="TestRootedOzoneFileSystem" time="0.285">
    <system-out><![CDATA[2022-07-12 23:25:45,058 [Time-limited test] INFO  rpc.RpcClient (RpcClient.java:createVolume(466)) - Creating Volume: volume28565, with user44687 as owner and space quota set to -1 bytes, counts quota set to -1
2022-07-12 23:25:45,061 [IPC Server handler 16 on default port 46473] INFO  volume.OMVolumeCreateRequest (OMVolumeCreateRequest.java:validateAndUpdateCache(195)) - created volume:volume28565 for user:user44687
2022-07-12 23:25:45,066 [Time-limited test] INFO  rpc.RpcClient (RpcClient.java:createBucket(669)) - Creating Bucket: volume28565/bucket44716, with bucket layout LEGACY, runner as owner, Versioning false, Storage Type set to DISK and Encryption set to false 
2022-07-12 23:25:45,069 [IPC Server handler 14 on default port 46473] INFO  bucket.OMBucketCreateRequest (OMBucketCreateRequest.java:validateAndUpdateCache(260)) - created bucket: bucket44716 of layout LEGACY in volume: volume28565
]]></system-out>
  </testcase>
  <testcase name="testMkdirNonExistentVolume" classname="TestRootedOzoneFileSystem" time="0.057">
    <system-out><![CDATA[2022-07-12 23:20:27,371 [Time-limited test] INFO  rpc.RpcClient (RpcClient.java:createVolume(466)) - Creating Volume: volume01668, with user95510 as owner and space quota set to -1 bytes, counts quota set to -1
2022-07-12 23:20:27,375 [OM StateMachine ApplyTransaction Thread - 0] INFO  volume.OMVolumeCreateRequest (OMVolumeCreateRequest.java:validateAndUpdateCache(195)) - created volume:volume01668 for user:user95510
2022-07-12 23:20:27,377 [Time-limited test] INFO  rpc.RpcClient (RpcClient.java:createBucket(669)) - Creating Bucket: volume01668/bucket07211, with bucket layout LEGACY, runner as owner, Versioning false, Storage Type set to DISK and Encryption set to false 
2022-07-12 23:20:27,379 [OM StateMachine ApplyTransaction Thread - 0] INFO  bucket.OMBucketCreateRequest (OMBucketCreateRequest.java:validateAndUpdateCache(260)) - created bucket: bucket07211 of layout LEGACY in volume: volume01668
2022-07-12 23:20:27,381 [Time-limited test] INFO  rpc.RpcClient (RpcClient.java:createVolume(466)) - Creating Volume: volume-49484, with runner as owner and space quota set to -1 bytes, counts quota set to -1
2022-07-12 23:20:27,383 [OM StateMachine ApplyTransaction Thread - 0] INFO  volume.OMVolumeCreateRequest (OMVolumeCreateRequest.java:validateAndUpdateCache(195)) - created volume:volume-49484 for user:runner
]]></system-out>
  </testcase>
  <testcase name="testMkdirNonExistentVolume" classname="TestRootedOzoneFileSystem" time="0.121">
    <system-out><![CDATA[2022-07-12 23:21:40,264 [Time-limited test] INFO  rpc.RpcClient (RpcClient.java:createVolume(466)) - Creating Volume: volume64524, with user41299 as owner and space quota set to -1 bytes, counts quota set to -1
2022-07-12 23:21:40,268 [OM StateMachine ApplyTransaction Thread - 0] INFO  volume.OMVolumeCreateRequest (OMVolumeCreateRequest.java:validateAndUpdateCache(195)) - created volume:volume64524 for user:user41299
2022-07-12 23:21:40,270 [Time-limited test] INFO  rpc.RpcClient (RpcClient.java:createBucket(669)) - Creating Bucket: volume64524/bucket51265, with bucket layout LEGACY, runner as owner, Versioning false, Storage Type set to DISK and Encryption set to false 
2022-07-12 23:21:40,272 [OM StateMachine ApplyTransaction Thread - 0] INFO  bucket.OMBucketCreateRequest (OMBucketCreateRequest.java:validateAndUpdateCache(260)) - created bucket: bucket51265 of layout LEGACY in volume: volume64524
2022-07-12 23:21:40,274 [Time-limited test] INFO  rpc.RpcClient (RpcClient.java:createVolume(466)) - Creating Volume: volume-79580, with runner as owner and space quota set to -1 bytes, counts quota set to -1
2022-07-12 23:21:40,277 [OM StateMachine ApplyTransaction Thread - 0] INFO  volume.OMVolumeCreateRequest (OMVolumeCreateRequest.java:validateAndUpdateCache(195)) - created volume:volume-79580 for user:runner
]]></system-out>
  </testcase>
  <testcase name="testMkdirNonExistentVolume" classname="TestRootedOzoneFileSystem" time="0.209">
    <system-out><![CDATA[2022-07-12 23:22:56,774 [Time-limited test] INFO  rpc.RpcClient (RpcClient.java:createVolume(466)) - Creating Volume: volume91165, with user22962 as owner and space quota set to -1 bytes, counts quota set to -1
2022-07-12 23:22:56,775 [IPC Server handler 2 on default port 43683] INFO  volume.OMVolumeCreateRequest (OMVolumeCreateRequest.java:validateAndUpdateCache(195)) - created volume:volume91165 for user:user22962
2022-07-12 23:22:56,786 [Time-limited test] INFO  rpc.RpcClient (RpcClient.java:createBucket(669)) - Creating Bucket: volume91165/bucket59600, with bucket layout LEGACY, runner as owner, Versioning false, Storage Type set to DISK and Encryption set to false 
2022-07-12 23:22:56,786 [IPC Server handler 10 on default port 43683] INFO  bucket.OMBucketCreateRequest (OMBucketCreateRequest.java:validateAndUpdateCache(260)) - created bucket: bucket59600 of layout LEGACY in volume: volume91165
2022-07-12 23:22:56,788 [Time-limited test] INFO  rpc.RpcClient (RpcClient.java:createVolume(466)) - Creating Volume: volume-54200, with runner as owner and space quota set to -1 bytes, counts quota set to -1
2022-07-12 23:22:56,789 [IPC Server handler 6 on default port 43683] INFO  volume.OMVolumeCreateRequest (OMVolumeCreateRequest.java:validateAndUpdateCache(195)) - created volume:volume-54200 for user:runner
]]></system-out>
  </testcase>
  <testcase name="testMkdirNonExistentVolume" classname="TestRootedOzoneFileSystem" time="0.142">
    <system-out><![CDATA[2022-07-12 23:24:21,313 [Time-limited test] INFO  rpc.RpcClient (RpcClient.java:createVolume(466)) - Creating Volume: volume78412, with user05629 as owner and space quota set to -1 bytes, counts quota set to -1
2022-07-12 23:24:21,325 [OM StateMachine ApplyTransaction Thread - 0] INFO  volume.OMVolumeCreateRequest (OMVolumeCreateRequest.java:validateAndUpdateCache(195)) - created volume:volume78412 for user:user05629
2022-07-12 23:24:21,326 [Time-limited test] INFO  rpc.RpcClient (RpcClient.java:createBucket(669)) - Creating Bucket: volume78412/bucket95602, with bucket layout LEGACY, runner as owner, Versioning false, Storage Type set to DISK and Encryption set to false 
2022-07-12 23:24:21,327 [OM StateMachine ApplyTransaction Thread - 0] INFO  bucket.OMBucketCreateRequest (OMBucketCreateRequest.java:validateAndUpdateCache(260)) - created bucket: bucket95602 of layout LEGACY in volume: volume78412
2022-07-12 23:24:21,328 [Time-limited test] INFO  rpc.RpcClient (RpcClient.java:createVolume(466)) - Creating Volume: volume-28271, with runner as owner and space quota set to -1 bytes, counts quota set to -1
2022-07-12 23:24:21,329 [OM StateMachine ApplyTransaction Thread - 0] INFO  volume.OMVolumeCreateRequest (OMVolumeCreateRequest.java:validateAndUpdateCache(195)) - created volume:volume-28271 for user:runner
]]></system-out>
  </testcase>
  <testcase name="testMkdirNonExistentVolume" classname="TestRootedOzoneFileSystem" time="0.201">
    <system-out><![CDATA[2022-07-12 23:25:45,322 [Time-limited test] INFO  rpc.RpcClient (RpcClient.java:createVolume(466)) - Creating Volume: volume54164, with user90028 as owner and space quota set to -1 bytes, counts quota set to -1
2022-07-12 23:25:45,323 [IPC Server handler 8 on default port 46473] INFO  volume.OMVolumeCreateRequest (OMVolumeCreateRequest.java:validateAndUpdateCache(195)) - created volume:volume54164 for user:user90028
2022-07-12 23:25:45,338 [Time-limited test] INFO  rpc.RpcClient (RpcClient.java:createBucket(669)) - Creating Bucket: volume54164/bucket36592, with bucket layout LEGACY, runner as owner, Versioning false, Storage Type set to DISK and Encryption set to false 
2022-07-12 23:25:45,338 [IPC Server handler 7 on default port 46473] INFO  bucket.OMBucketCreateRequest (OMBucketCreateRequest.java:validateAndUpdateCache(260)) - created bucket: bucket36592 of layout LEGACY in volume: volume54164
2022-07-12 23:25:45,344 [Time-limited test] INFO  rpc.RpcClient (RpcClient.java:createVolume(466)) - Creating Volume: volume-20358, with runner as owner and space quota set to -1 bytes, counts quota set to -1
2022-07-12 23:25:45,345 [IPC Server handler 1 on default port 46473] INFO  volume.OMVolumeCreateRequest (OMVolumeCreateRequest.java:validateAndUpdateCache(195)) - created volume:volume-20358 for user:runner
]]></system-out>
  </testcase>
  <testcase name="testDeleteCreatesFakeParentDir" classname="TestRootedOzoneFileSystem" time="0">
    <skipped type="org.junit.AssumptionViolatedException"><![CDATA[org.junit.AssumptionViolatedException: FS Path is enabled. Skipping this test as it is not tuned for FS Path yet
	at org.junit.Assume.assumeTrue(Assume.java:68)
	at org.apache.hadoop.fs.ozone.TestRootedOzoneFileSystem.testDeleteCreatesFakeParentDir(TestRootedOzoneFileSystem.java:318)
	at sun.reflect.NativeMethodAccessorImpl.invoke0(Native Method)
	at sun.reflect.NativeMethodAccessorImpl.invoke(NativeMethodAccessorImpl.java:62)
	at sun.reflect.DelegatingMethodAccessorImpl.invoke(DelegatingMethodAccessorImpl.java:43)
	at java.lang.reflect.Method.invoke(Method.java:498)
	at org.junit.runners.model.FrameworkMethod$1.runReflectiveCall(FrameworkMethod.java:59)
	at org.junit.internal.runners.model.ReflectiveCallable.run(ReflectiveCallable.java:12)
	at org.junit.runners.model.FrameworkMethod.invokeExplosively(FrameworkMethod.java:56)
	at org.junit.internal.runners.statements.InvokeMethod.evaluate(InvokeMethod.java:17)
	at org.junit.internal.runners.statements.RunBefores.evaluate(RunBefores.java:26)
	at org.junit.internal.runners.statements.RunAfters.evaluate(RunAfters.java:27)
	at org.junit.internal.runners.statements.FailOnTimeout$CallableStatement.call(FailOnTimeout.java:288)
	at org.junit.internal.runners.statements.FailOnTimeout$CallableStatement.call(FailOnTimeout.java:282)
	at java.util.concurrent.FutureTask.run(FutureTask.java:266)
	at java.lang.Thread.run(Thread.java:750)
]]></skipped>
    <system-out><![CDATA[2022-07-12 23:20:27,433 [Time-limited test] INFO  rpc.RpcClient (RpcClient.java:createVolume(466)) - Creating Volume: volume89936, with user42086 as owner and space quota set to -1 bytes, counts quota set to -1
2022-07-12 23:20:27,436 [OM StateMachine ApplyTransaction Thread - 0] INFO  volume.OMVolumeCreateRequest (OMVolumeCreateRequest.java:validateAndUpdateCache(195)) - created volume:volume89936 for user:user42086
2022-07-12 23:20:27,438 [Time-limited test] INFO  rpc.RpcClient (RpcClient.java:createBucket(669)) - Creating Bucket: volume89936/bucket41683, with bucket layout LEGACY, runner as owner, Versioning false, Storage Type set to DISK and Encryption set to false 
2022-07-12 23:20:27,440 [OM StateMachine ApplyTransaction Thread - 0] INFO  bucket.OMBucketCreateRequest (OMBucketCreateRequest.java:validateAndUpdateCache(260)) - created bucket: bucket41683 of layout LEGACY in volume: volume89936
]]></system-out>
  </testcase>
  <testcase name="testDeleteCreatesFakeParentDir" classname="TestRootedOzoneFileSystem" time="0">
    <skipped type="org.junit.AssumptionViolatedException"><![CDATA[org.junit.AssumptionViolatedException: FS Path is enabled. Skipping this test as it is not tuned for FS Path yet
	at org.junit.Assume.assumeTrue(Assume.java:68)
	at org.apache.hadoop.fs.ozone.TestRootedOzoneFileSystem.testDeleteCreatesFakeParentDir(TestRootedOzoneFileSystem.java:318)
	at sun.reflect.NativeMethodAccessorImpl.invoke0(Native Method)
	at sun.reflect.NativeMethodAccessorImpl.invoke(NativeMethodAccessorImpl.java:62)
	at sun.reflect.DelegatingMethodAccessorImpl.invoke(DelegatingMethodAccessorImpl.java:43)
	at java.lang.reflect.Method.invoke(Method.java:498)
	at org.junit.runners.model.FrameworkMethod$1.runReflectiveCall(FrameworkMethod.java:59)
	at org.junit.internal.runners.model.ReflectiveCallable.run(ReflectiveCallable.java:12)
	at org.junit.runners.model.FrameworkMethod.invokeExplosively(FrameworkMethod.java:56)
	at org.junit.internal.runners.statements.InvokeMethod.evaluate(InvokeMethod.java:17)
	at org.junit.internal.runners.statements.RunBefores.evaluate(RunBefores.java:26)
	at org.junit.internal.runners.statements.RunAfters.evaluate(RunAfters.java:27)
	at org.junit.internal.runners.statements.FailOnTimeout$CallableStatement.call(FailOnTimeout.java:288)
	at org.junit.internal.runners.statements.FailOnTimeout$CallableStatement.call(FailOnTimeout.java:282)
	at java.util.concurrent.FutureTask.run(FutureTask.java:266)
	at java.lang.Thread.run(Thread.java:750)
]]></skipped>
    <system-out><![CDATA[2022-07-12 23:21:40,362 [Time-limited test] INFO  rpc.RpcClient (RpcClient.java:createVolume(466)) - Creating Volume: volume64361, with user77329 as owner and space quota set to -1 bytes, counts quota set to -1
2022-07-12 23:21:40,364 [OM StateMachine ApplyTransaction Thread - 0] INFO  volume.OMVolumeCreateRequest (OMVolumeCreateRequest.java:validateAndUpdateCache(195)) - created volume:volume64361 for user:user77329
2022-07-12 23:21:40,365 [Time-limited test] INFO  rpc.RpcClient (RpcClient.java:createBucket(669)) - Creating Bucket: volume64361/bucket54696, with bucket layout LEGACY, runner as owner, Versioning false, Storage Type set to DISK and Encryption set to false 
2022-07-12 23:21:40,367 [OM StateMachine ApplyTransaction Thread - 0] INFO  bucket.OMBucketCreateRequest (OMBucketCreateRequest.java:validateAndUpdateCache(260)) - created bucket: bucket54696 of layout LEGACY in volume: volume64361
]]></system-out>
  </testcase>
  <testcase name="testDeleteCreatesFakeParentDir" classname="TestRootedOzoneFileSystem" time="0">
    <skipped type="org.junit.AssumptionViolatedException"><![CDATA[org.junit.AssumptionViolatedException: FS Path is enabled. Skipping this test as it is not tuned for FS Path yet
	at org.junit.Assume.assumeTrue(Assume.java:68)
	at org.apache.hadoop.fs.ozone.TestRootedOzoneFileSystem.testDeleteCreatesFakeParentDir(TestRootedOzoneFileSystem.java:318)
	at sun.reflect.NativeMethodAccessorImpl.invoke0(Native Method)
	at sun.reflect.NativeMethodAccessorImpl.invoke(NativeMethodAccessorImpl.java:62)
	at sun.reflect.DelegatingMethodAccessorImpl.invoke(DelegatingMethodAccessorImpl.java:43)
	at java.lang.reflect.Method.invoke(Method.java:498)
	at org.junit.runners.model.FrameworkMethod$1.runReflectiveCall(FrameworkMethod.java:59)
	at org.junit.internal.runners.model.ReflectiveCallable.run(ReflectiveCallable.java:12)
	at org.junit.runners.model.FrameworkMethod.invokeExplosively(FrameworkMethod.java:56)
	at org.junit.internal.runners.statements.InvokeMethod.evaluate(InvokeMethod.java:17)
	at org.junit.internal.runners.statements.RunBefores.evaluate(RunBefores.java:26)
	at org.junit.internal.runners.statements.RunAfters.evaluate(RunAfters.java:27)
	at org.junit.internal.runners.statements.FailOnTimeout$CallableStatement.call(FailOnTimeout.java:288)
	at org.junit.internal.runners.statements.FailOnTimeout$CallableStatement.call(FailOnTimeout.java:282)
	at java.util.concurrent.FutureTask.run(FutureTask.java:266)
	at java.lang.Thread.run(Thread.java:750)
]]></skipped>
    <system-out><![CDATA[2022-07-12 23:22:56,879 [Time-limited test] INFO  rpc.RpcClient (RpcClient.java:createVolume(466)) - Creating Volume: volume78760, with user81191 as owner and space quota set to -1 bytes, counts quota set to -1
2022-07-12 23:22:56,880 [IPC Server handler 6 on default port 43683] INFO  volume.OMVolumeCreateRequest (OMVolumeCreateRequest.java:validateAndUpdateCache(195)) - created volume:volume78760 for user:user81191
2022-07-12 23:22:56,881 [Time-limited test] INFO  rpc.RpcClient (RpcClient.java:createBucket(669)) - Creating Bucket: volume78760/bucket54285, with bucket layout LEGACY, runner as owner, Versioning false, Storage Type set to DISK and Encryption set to false 
2022-07-12 23:22:56,882 [IPC Server handler 13 on default port 43683] INFO  bucket.OMBucketCreateRequest (OMBucketCreateRequest.java:validateAndUpdateCache(260)) - created bucket: bucket54285 of layout LEGACY in volume: volume78760
]]></system-out>
  </testcase>
  <testcase name="testDeleteCreatesFakeParentDir" classname="TestRootedOzoneFileSystem" time="0.247">
    <system-out><![CDATA[2022-07-12 23:24:21,445 [Time-limited test] INFO  rpc.RpcClient (RpcClient.java:createVolume(466)) - Creating Volume: volume21101, with user31560 as owner and space quota set to -1 bytes, counts quota set to -1
2022-07-12 23:24:21,453 [OM StateMachine ApplyTransaction Thread - 0] INFO  volume.OMVolumeCreateRequest (OMVolumeCreateRequest.java:validateAndUpdateCache(195)) - created volume:volume21101 for user:user31560
2022-07-12 23:24:21,454 [Time-limited test] INFO  rpc.RpcClient (RpcClient.java:createBucket(669)) - Creating Bucket: volume21101/bucket24596, with bucket layout LEGACY, runner as owner, Versioning false, Storage Type set to DISK and Encryption set to false 
2022-07-12 23:24:21,455 [OM StateMachine ApplyTransaction Thread - 0] INFO  bucket.OMBucketCreateRequest (OMBucketCreateRequest.java:validateAndUpdateCache(260)) - created bucket: bucket24596 of layout LEGACY in volume: volume21101
]]></system-out>
  </testcase>
  <testcase name="testDeleteCreatesFakeParentDir" classname="TestRootedOzoneFileSystem" time="0.245">
    <system-out><![CDATA[2022-07-12 23:25:45,520 [Time-limited test] INFO  rpc.RpcClient (RpcClient.java:createVolume(466)) - Creating Volume: volume20322, with user62940 as owner and space quota set to -1 bytes, counts quota set to -1
2022-07-12 23:25:45,521 [IPC Server handler 1 on default port 46473] INFO  volume.OMVolumeCreateRequest (OMVolumeCreateRequest.java:validateAndUpdateCache(195)) - created volume:volume20322 for user:user62940
2022-07-12 23:25:45,522 [Time-limited test] INFO  rpc.RpcClient (RpcClient.java:createBucket(669)) - Creating Bucket: volume20322/bucket45149, with bucket layout LEGACY, runner as owner, Versioning false, Storage Type set to DISK and Encryption set to false 
2022-07-12 23:25:45,522 [IPC Server handler 17 on default port 46473] INFO  bucket.OMBucketCreateRequest (OMBucketCreateRequest.java:validateAndUpdateCache(260)) - created bucket: bucket45149 of layout LEGACY in volume: volume20322
]]></system-out>
  </testcase>
  <testcase name="testNonExplicitlyCreatedPathExistsAfterItsLeafsWereRemoved" classname="TestRootedOzoneFileSystem" time="0.107">
    <system-out><![CDATA[2022-07-12 23:20:27,487 [Time-limited test] INFO  rpc.RpcClient (RpcClient.java:createVolume(466)) - Creating Volume: volume38802, with user29379 as owner and space quota set to -1 bytes, counts quota set to -1
2022-07-12 23:20:27,490 [OM StateMachine ApplyTransaction Thread - 0] INFO  volume.OMVolumeCreateRequest (OMVolumeCreateRequest.java:validateAndUpdateCache(195)) - created volume:volume38802 for user:user29379
2022-07-12 23:20:27,497 [Time-limited test] INFO  rpc.RpcClient (RpcClient.java:createBucket(669)) - Creating Bucket: volume38802/bucket60962, with bucket layout LEGACY, runner as owner, Versioning false, Storage Type set to DISK and Encryption set to false 
2022-07-12 23:20:27,499 [OM StateMachine ApplyTransaction Thread - 0] INFO  bucket.OMBucketCreateRequest (OMBucketCreateRequest.java:validateAndUpdateCache(260)) - created bucket: bucket60962 of layout LEGACY in volume: volume38802
23:20:27.515 [IPC Server handler 8 on default port 35283] ERROR OMAudit - user=runner | ip=127.0.0.1 | op=GET_FILE_STATUS {volume=volume38802, bucket=bucket60962, key=target/leaf, dataSize=0, replicationConfig=null} | ret=FAILURE
org.apache.hadoop.ozone.om.exceptions.OMException: Unable to get file status: volume: volume38802 bucket: bucket60962 key: target/leaf
	at org.apache.hadoop.ozone.om.KeyManagerImpl.getOzoneFileStatus(KeyManagerImpl.java:1311) ~[ozone-manager-1.3.0-SNAPSHOT.jar:?]
	at org.apache.hadoop.ozone.om.KeyManagerImpl.getFileStatus(KeyManagerImpl.java:1241) ~[ozone-manager-1.3.0-SNAPSHOT.jar:?]
	at org.apache.hadoop.ozone.om.OzoneManager.getFileStatus(OzoneManager.java:3419) ~[ozone-manager-1.3.0-SNAPSHOT.jar:?]
	at org.apache.hadoop.ozone.protocolPB.OzoneManagerRequestHandler.getOzoneFileStatus(OzoneManagerRequestHandler.java:871) ~[ozone-manager-1.3.0-SNAPSHOT.jar:?]
	at org.apache.hadoop.ozone.protocolPB.OzoneManagerRequestHandler.handleReadRequest(OzoneManagerRequestHandler.java:217) ~[ozone-manager-1.3.0-SNAPSHOT.jar:?]
	at org.apache.hadoop.ozone.protocolPB.OzoneManagerProtocolServerSideTranslatorPB.submitReadRequestToOM(OzoneManagerProtocolServerSideTranslatorPB.java:226) ~[ozone-manager-1.3.0-SNAPSHOT.jar:?]
	at org.apache.hadoop.ozone.protocolPB.OzoneManagerProtocolServerSideTranslatorPB.processRequest(OzoneManagerProtocolServerSideTranslatorPB.java:175) ~[ozone-manager-1.3.0-SNAPSHOT.jar:?]
	at org.apache.hadoop.hdds.server.OzoneProtocolMessageDispatcher.processRequest(OzoneProtocolMessageDispatcher.java:87) [hdds-server-framework-1.3.0-SNAPSHOT.jar:?]
	at org.apache.hadoop.ozone.protocolPB.OzoneManagerProtocolServerSideTranslatorPB.submitRequest(OzoneManagerProtocolServerSideTranslatorPB.java:147) [ozone-manager-1.3.0-SNAPSHOT.jar:?]
	at org.apache.hadoop.ozone.protocol.proto.OzoneManagerProtocolProtos$OzoneManagerService$2.callBlockingMethod(OzoneManagerProtocolProtos.java) [ozone-interface-client-1.3.0-SNAPSHOT.jar:?]
	at org.apache.hadoop.ipc.ProtobufRpcEngine$Server.processCall(ProtobufRpcEngine.java:466) [hadoop-common-3.3.1.jar:?]
	at org.apache.hadoop.ipc.ProtobufRpcEngine2$Server$ProtoBufRpcInvoker.call(ProtobufRpcEngine2.java:574) [hadoop-common-3.3.1.jar:?]
	at org.apache.hadoop.ipc.ProtobufRpcEngine2$Server$ProtoBufRpcInvoker.call(ProtobufRpcEngine2.java:552) [hadoop-common-3.3.1.jar:?]
	at org.apache.hadoop.ipc.RPC$Server.call(RPC.java:1093) [hadoop-common-3.3.1.jar:?]
	at org.apache.hadoop.ipc.Server$RpcCall.run(Server.java:1035) [hadoop-common-3.3.1.jar:?]
	at org.apache.hadoop.ipc.Server$RpcCall.run(Server.java:963) [hadoop-common-3.3.1.jar:?]
	at java.security.AccessController.doPrivileged(Native Method) ~[?:1.8.0_332]
	at javax.security.auth.Subject.doAs(Subject.java:422) [?:1.8.0_332]
	at org.apache.hadoop.security.UserGroupInformation.doAs(UserGroupInformation.java:1878) [hadoop-common-3.3.1.jar:?]
	at org.apache.hadoop.ipc.Server$Handler.run(Server.java:2966) [hadoop-common-3.3.1.jar:?]
]]></system-out>
  </testcase>
  <testcase name="testNonExplicitlyCreatedPathExistsAfterItsLeafsWereRemoved" classname="TestRootedOzoneFileSystem" time="0.129">
    <system-out><![CDATA[2022-07-12 23:21:40,482 [Time-limited test] INFO  rpc.RpcClient (RpcClient.java:createVolume(466)) - Creating Volume: volume22971, with user61226 as owner and space quota set to -1 bytes, counts quota set to -1
2022-07-12 23:21:40,484 [OM StateMachine ApplyTransaction Thread - 0] INFO  volume.OMVolumeCreateRequest (OMVolumeCreateRequest.java:validateAndUpdateCache(195)) - created volume:volume22971 for user:user61226
2022-07-12 23:21:40,489 [Time-limited test] INFO  rpc.RpcClient (RpcClient.java:createBucket(669)) - Creating Bucket: volume22971/bucket82019, with bucket layout LEGACY, runner as owner, Versioning false, Storage Type set to DISK and Encryption set to false 
2022-07-12 23:21:40,491 [OM StateMachine ApplyTransaction Thread - 0] INFO  bucket.OMBucketCreateRequest (OMBucketCreateRequest.java:validateAndUpdateCache(260)) - created bucket: bucket82019 of layout LEGACY in volume: volume22971
23:21:40.502 [IPC Server handler 17 on default port 33951] ERROR OMAudit - user=runner | ip=127.0.0.1 | op=GET_FILE_STATUS {volume=volume22971, bucket=bucket82019, key=target/leaf, dataSize=0, replicationConfig=null} | ret=FAILURE
org.apache.hadoop.ozone.om.exceptions.OMException: Unable to get file status: volume: volume22971 bucket: bucket82019 key: target/leaf
	at org.apache.hadoop.ozone.om.KeyManagerImpl.getOzoneFileStatus(KeyManagerImpl.java:1311) ~[ozone-manager-1.3.0-SNAPSHOT.jar:?]
	at org.apache.hadoop.ozone.om.KeyManagerImpl.getFileStatus(KeyManagerImpl.java:1241) ~[ozone-manager-1.3.0-SNAPSHOT.jar:?]
	at org.apache.hadoop.ozone.om.OzoneManager.getFileStatus(OzoneManager.java:3419) ~[ozone-manager-1.3.0-SNAPSHOT.jar:?]
	at org.apache.hadoop.ozone.protocolPB.OzoneManagerRequestHandler.getOzoneFileStatus(OzoneManagerRequestHandler.java:871) ~[ozone-manager-1.3.0-SNAPSHOT.jar:?]
	at org.apache.hadoop.ozone.protocolPB.OzoneManagerRequestHandler.handleReadRequest(OzoneManagerRequestHandler.java:217) ~[ozone-manager-1.3.0-SNAPSHOT.jar:?]
	at org.apache.hadoop.ozone.protocolPB.OzoneManagerProtocolServerSideTranslatorPB.submitReadRequestToOM(OzoneManagerProtocolServerSideTranslatorPB.java:226) ~[ozone-manager-1.3.0-SNAPSHOT.jar:?]
	at org.apache.hadoop.ozone.protocolPB.OzoneManagerProtocolServerSideTranslatorPB.processRequest(OzoneManagerProtocolServerSideTranslatorPB.java:175) ~[ozone-manager-1.3.0-SNAPSHOT.jar:?]
	at org.apache.hadoop.hdds.server.OzoneProtocolMessageDispatcher.processRequest(OzoneProtocolMessageDispatcher.java:87) [hdds-server-framework-1.3.0-SNAPSHOT.jar:?]
	at org.apache.hadoop.ozone.protocolPB.OzoneManagerProtocolServerSideTranslatorPB.submitRequest(OzoneManagerProtocolServerSideTranslatorPB.java:147) [ozone-manager-1.3.0-SNAPSHOT.jar:?]
	at org.apache.hadoop.ozone.protocol.proto.OzoneManagerProtocolProtos$OzoneManagerService$2.callBlockingMethod(OzoneManagerProtocolProtos.java) [ozone-interface-client-1.3.0-SNAPSHOT.jar:?]
	at org.apache.hadoop.ipc.ProtobufRpcEngine$Server.processCall(ProtobufRpcEngine.java:466) [hadoop-common-3.3.1.jar:?]
	at org.apache.hadoop.ipc.ProtobufRpcEngine2$Server$ProtoBufRpcInvoker.call(ProtobufRpcEngine2.java:574) [hadoop-common-3.3.1.jar:?]
	at org.apache.hadoop.ipc.ProtobufRpcEngine2$Server$ProtoBufRpcInvoker.call(ProtobufRpcEngine2.java:552) [hadoop-common-3.3.1.jar:?]
	at org.apache.hadoop.ipc.RPC$Server.call(RPC.java:1093) [hadoop-common-3.3.1.jar:?]
	at org.apache.hadoop.ipc.Server$RpcCall.run(Server.java:1035) [hadoop-common-3.3.1.jar:?]
	at org.apache.hadoop.ipc.Server$RpcCall.run(Server.java:963) [hadoop-common-3.3.1.jar:?]
	at java.security.AccessController.doPrivileged(Native Method) ~[?:1.8.0_332]
	at javax.security.auth.Subject.doAs(Subject.java:422) [?:1.8.0_332]
	at org.apache.hadoop.security.UserGroupInformation.doAs(UserGroupInformation.java:1878) [hadoop-common-3.3.1.jar:?]
	at org.apache.hadoop.ipc.Server$Handler.run(Server.java:2966) [hadoop-common-3.3.1.jar:?]
]]></system-out>
  </testcase>
  <testcase name="testNonExplicitlyCreatedPathExistsAfterItsLeafsWereRemoved" classname="TestRootedOzoneFileSystem" time="0.25">
    <system-out><![CDATA[2022-07-12 23:22:57,082 [Time-limited test] INFO  rpc.RpcClient (RpcClient.java:createVolume(466)) - Creating Volume: volume32884, with user48683 as owner and space quota set to -1 bytes, counts quota set to -1
2022-07-12 23:22:57,088 [IPC Server handler 14 on default port 43683] INFO  volume.OMVolumeCreateRequest (OMVolumeCreateRequest.java:validateAndUpdateCache(195)) - created volume:volume32884 for user:user48683
2022-07-12 23:22:57,098 [Time-limited test] INFO  rpc.RpcClient (RpcClient.java:createBucket(669)) - Creating Bucket: volume32884/bucket54085, with bucket layout LEGACY, runner as owner, Versioning false, Storage Type set to DISK and Encryption set to false 
2022-07-12 23:22:57,099 [IPC Server handler 12 on default port 43683] INFO  bucket.OMBucketCreateRequest (OMBucketCreateRequest.java:validateAndUpdateCache(260)) - created bucket: bucket54085 of layout LEGACY in volume: volume32884
23:22:57.112 [IPC Server handler 2 on default port 43683] ERROR OMAudit - user=runner | ip=127.0.0.1 | op=GET_FILE_STATUS {volume=volume32884, bucket=bucket54085, key=target/leaf, dataSize=0, replicationConfig=null} | ret=FAILURE
org.apache.hadoop.ozone.om.exceptions.OMException: Unable to get file status: volume: volume32884 bucket: bucket54085 key: target/leaf
	at org.apache.hadoop.ozone.om.KeyManagerImpl.getOzoneFileStatus(KeyManagerImpl.java:1311) ~[ozone-manager-1.3.0-SNAPSHOT.jar:?]
	at org.apache.hadoop.ozone.om.KeyManagerImpl.getFileStatus(KeyManagerImpl.java:1241) ~[ozone-manager-1.3.0-SNAPSHOT.jar:?]
	at org.apache.hadoop.ozone.om.OzoneManager.getFileStatus(OzoneManager.java:3419) ~[ozone-manager-1.3.0-SNAPSHOT.jar:?]
	at org.apache.hadoop.ozone.protocolPB.OzoneManagerRequestHandler.getOzoneFileStatus(OzoneManagerRequestHandler.java:871) ~[ozone-manager-1.3.0-SNAPSHOT.jar:?]
	at org.apache.hadoop.ozone.protocolPB.OzoneManagerRequestHandler.handleReadRequest(OzoneManagerRequestHandler.java:217) ~[ozone-manager-1.3.0-SNAPSHOT.jar:?]
	at org.apache.hadoop.ozone.protocolPB.OzoneManagerProtocolServerSideTranslatorPB.submitRequestDirectlyToOM(OzoneManagerProtocolServerSideTranslatorPB.java:276) ~[ozone-manager-1.3.0-SNAPSHOT.jar:?]
	at org.apache.hadoop.ozone.protocolPB.OzoneManagerProtocolServerSideTranslatorPB.processRequest(OzoneManagerProtocolServerSideTranslatorPB.java:205) ~[ozone-manager-1.3.0-SNAPSHOT.jar:?]
	at org.apache.hadoop.hdds.server.OzoneProtocolMessageDispatcher.processRequest(OzoneProtocolMessageDispatcher.java:87) [hdds-server-framework-1.3.0-SNAPSHOT.jar:?]
	at org.apache.hadoop.ozone.protocolPB.OzoneManagerProtocolServerSideTranslatorPB.submitRequest(OzoneManagerProtocolServerSideTranslatorPB.java:147) [ozone-manager-1.3.0-SNAPSHOT.jar:?]
	at org.apache.hadoop.ozone.protocol.proto.OzoneManagerProtocolProtos$OzoneManagerService$2.callBlockingMethod(OzoneManagerProtocolProtos.java) [ozone-interface-client-1.3.0-SNAPSHOT.jar:?]
	at org.apache.hadoop.ipc.ProtobufRpcEngine$Server.processCall(ProtobufRpcEngine.java:466) [hadoop-common-3.3.1.jar:?]
	at org.apache.hadoop.ipc.ProtobufRpcEngine2$Server$ProtoBufRpcInvoker.call(ProtobufRpcEngine2.java:574) [hadoop-common-3.3.1.jar:?]
	at org.apache.hadoop.ipc.ProtobufRpcEngine2$Server$ProtoBufRpcInvoker.call(ProtobufRpcEngine2.java:552) [hadoop-common-3.3.1.jar:?]
	at org.apache.hadoop.ipc.RPC$Server.call(RPC.java:1093) [hadoop-common-3.3.1.jar:?]
	at org.apache.hadoop.ipc.Server$RpcCall.run(Server.java:1035) [hadoop-common-3.3.1.jar:?]
	at org.apache.hadoop.ipc.Server$RpcCall.run(Server.java:963) [hadoop-common-3.3.1.jar:?]
	at java.security.AccessController.doPrivileged(Native Method) ~[?:1.8.0_332]
	at javax.security.auth.Subject.doAs(Subject.java:422) [?:1.8.0_332]
	at org.apache.hadoop.security.UserGroupInformation.doAs(UserGroupInformation.java:1878) [hadoop-common-3.3.1.jar:?]
	at org.apache.hadoop.ipc.Server$Handler.run(Server.java:2966) [hadoop-common-3.3.1.jar:?]
]]></system-out>
  </testcase>
  <testcase name="testNonExplicitlyCreatedPathExistsAfterItsLeafsWereRemoved" classname="TestRootedOzoneFileSystem" time="0.176">
    <system-out><![CDATA[2022-07-12 23:24:21,707 [Time-limited test] INFO  rpc.RpcClient (RpcClient.java:createVolume(466)) - Creating Volume: volume84189, with user67272 as owner and space quota set to -1 bytes, counts quota set to -1
2022-07-12 23:24:21,719 [OM StateMachine ApplyTransaction Thread - 0] INFO  volume.OMVolumeCreateRequest (OMVolumeCreateRequest.java:validateAndUpdateCache(195)) - created volume:volume84189 for user:user67272
2022-07-12 23:24:21,720 [Time-limited test] INFO  rpc.RpcClient (RpcClient.java:createBucket(669)) - Creating Bucket: volume84189/bucket07260, with bucket layout LEGACY, runner as owner, Versioning false, Storage Type set to DISK and Encryption set to false 
2022-07-12 23:24:21,722 [OM StateMachine ApplyTransaction Thread - 0] INFO  bucket.OMBucketCreateRequest (OMBucketCreateRequest.java:validateAndUpdateCache(260)) - created bucket: bucket07260 of layout LEGACY in volume: volume84189
23:24:21.744 [IPC Server handler 7 on default port 45473] ERROR OMAudit - user=runner | ip=127.0.0.1 | op=GET_FILE_STATUS {volume=volume84189, bucket=bucket07260, key=target/leaf, dataSize=0, replicationConfig=null} | ret=FAILURE
org.apache.hadoop.ozone.om.exceptions.OMException: Unable to get file status: volume: volume84189 bucket: bucket07260 key: target/leaf
	at org.apache.hadoop.ozone.om.KeyManagerImpl.getOzoneFileStatus(KeyManagerImpl.java:1311) ~[ozone-manager-1.3.0-SNAPSHOT.jar:?]
	at org.apache.hadoop.ozone.om.KeyManagerImpl.getFileStatus(KeyManagerImpl.java:1241) ~[ozone-manager-1.3.0-SNAPSHOT.jar:?]
	at org.apache.hadoop.ozone.om.OzoneManager.getFileStatus(OzoneManager.java:3419) ~[ozone-manager-1.3.0-SNAPSHOT.jar:?]
	at org.apache.hadoop.ozone.protocolPB.OzoneManagerRequestHandler.getOzoneFileStatus(OzoneManagerRequestHandler.java:871) ~[ozone-manager-1.3.0-SNAPSHOT.jar:?]
	at org.apache.hadoop.ozone.protocolPB.OzoneManagerRequestHandler.handleReadRequest(OzoneManagerRequestHandler.java:217) ~[ozone-manager-1.3.0-SNAPSHOT.jar:?]
	at org.apache.hadoop.ozone.protocolPB.OzoneManagerProtocolServerSideTranslatorPB.submitReadRequestToOM(OzoneManagerProtocolServerSideTranslatorPB.java:226) ~[ozone-manager-1.3.0-SNAPSHOT.jar:?]
	at org.apache.hadoop.ozone.protocolPB.OzoneManagerProtocolServerSideTranslatorPB.processRequest(OzoneManagerProtocolServerSideTranslatorPB.java:175) ~[ozone-manager-1.3.0-SNAPSHOT.jar:?]
	at org.apache.hadoop.hdds.server.OzoneProtocolMessageDispatcher.processRequest(OzoneProtocolMessageDispatcher.java:87) [hdds-server-framework-1.3.0-SNAPSHOT.jar:?]
	at org.apache.hadoop.ozone.protocolPB.OzoneManagerProtocolServerSideTranslatorPB.submitRequest(OzoneManagerProtocolServerSideTranslatorPB.java:147) [ozone-manager-1.3.0-SNAPSHOT.jar:?]
	at org.apache.hadoop.ozone.protocol.proto.OzoneManagerProtocolProtos$OzoneManagerService$2.callBlockingMethod(OzoneManagerProtocolProtos.java) [ozone-interface-client-1.3.0-SNAPSHOT.jar:?]
	at org.apache.hadoop.ipc.ProtobufRpcEngine$Server.processCall(ProtobufRpcEngine.java:466) [hadoop-common-3.3.1.jar:?]
	at org.apache.hadoop.ipc.ProtobufRpcEngine2$Server$ProtoBufRpcInvoker.call(ProtobufRpcEngine2.java:574) [hadoop-common-3.3.1.jar:?]
	at org.apache.hadoop.ipc.ProtobufRpcEngine2$Server$ProtoBufRpcInvoker.call(ProtobufRpcEngine2.java:552) [hadoop-common-3.3.1.jar:?]
	at org.apache.hadoop.ipc.RPC$Server.call(RPC.java:1093) [hadoop-common-3.3.1.jar:?]
	at org.apache.hadoop.ipc.Server$RpcCall.run(Server.java:1035) [hadoop-common-3.3.1.jar:?]
	at org.apache.hadoop.ipc.Server$RpcCall.run(Server.java:963) [hadoop-common-3.3.1.jar:?]
	at java.security.AccessController.doPrivileged(Native Method) ~[?:1.8.0_332]
	at javax.security.auth.Subject.doAs(Subject.java:422) [?:1.8.0_332]
	at org.apache.hadoop.security.UserGroupInformation.doAs(UserGroupInformation.java:1878) [hadoop-common-3.3.1.jar:?]
	at org.apache.hadoop.ipc.Server$Handler.run(Server.java:2966) [hadoop-common-3.3.1.jar:?]
]]></system-out>
  </testcase>
  <testcase name="testNonExplicitlyCreatedPathExistsAfterItsLeafsWereRemoved" classname="TestRootedOzoneFileSystem" time="0.239">
    <system-out><![CDATA[2022-07-12 23:25:45,771 [Time-limited test] INFO  rpc.RpcClient (RpcClient.java:createVolume(466)) - Creating Volume: volume28710, with user74043 as owner and space quota set to -1 bytes, counts quota set to -1
2022-07-12 23:25:45,773 [IPC Server handler 13 on default port 46473] INFO  volume.OMVolumeCreateRequest (OMVolumeCreateRequest.java:validateAndUpdateCache(195)) - created volume:volume28710 for user:user74043
2022-07-12 23:25:45,777 [Time-limited test] INFO  rpc.RpcClient (RpcClient.java:createBucket(669)) - Creating Bucket: volume28710/bucket30394, with bucket layout LEGACY, runner as owner, Versioning false, Storage Type set to DISK and Encryption set to false 
2022-07-12 23:25:45,780 [IPC Server handler 11 on default port 46473] INFO  bucket.OMBucketCreateRequest (OMBucketCreateRequest.java:validateAndUpdateCache(260)) - created bucket: bucket30394 of layout LEGACY in volume: volume28710
23:25:45.809 [IPC Server handler 19 on default port 46473] ERROR OMAudit - user=runner | ip=127.0.0.1 | op=GET_FILE_STATUS {volume=volume28710, bucket=bucket30394, key=target/leaf, dataSize=0, replicationConfig=null} | ret=FAILURE
org.apache.hadoop.ozone.om.exceptions.OMException: Unable to get file status: volume: volume28710 bucket: bucket30394 key: target/leaf
	at org.apache.hadoop.ozone.om.KeyManagerImpl.getOzoneFileStatus(KeyManagerImpl.java:1311) ~[ozone-manager-1.3.0-SNAPSHOT.jar:?]
	at org.apache.hadoop.ozone.om.KeyManagerImpl.getFileStatus(KeyManagerImpl.java:1241) ~[ozone-manager-1.3.0-SNAPSHOT.jar:?]
	at org.apache.hadoop.ozone.om.OzoneManager.getFileStatus(OzoneManager.java:3419) ~[ozone-manager-1.3.0-SNAPSHOT.jar:?]
	at org.apache.hadoop.ozone.protocolPB.OzoneManagerRequestHandler.getOzoneFileStatus(OzoneManagerRequestHandler.java:871) ~[ozone-manager-1.3.0-SNAPSHOT.jar:?]
	at org.apache.hadoop.ozone.protocolPB.OzoneManagerRequestHandler.handleReadRequest(OzoneManagerRequestHandler.java:217) ~[ozone-manager-1.3.0-SNAPSHOT.jar:?]
	at org.apache.hadoop.ozone.protocolPB.OzoneManagerProtocolServerSideTranslatorPB.submitRequestDirectlyToOM(OzoneManagerProtocolServerSideTranslatorPB.java:276) ~[ozone-manager-1.3.0-SNAPSHOT.jar:?]
	at org.apache.hadoop.ozone.protocolPB.OzoneManagerProtocolServerSideTranslatorPB.processRequest(OzoneManagerProtocolServerSideTranslatorPB.java:205) ~[ozone-manager-1.3.0-SNAPSHOT.jar:?]
	at org.apache.hadoop.hdds.server.OzoneProtocolMessageDispatcher.processRequest(OzoneProtocolMessageDispatcher.java:87) [hdds-server-framework-1.3.0-SNAPSHOT.jar:?]
	at org.apache.hadoop.ozone.protocolPB.OzoneManagerProtocolServerSideTranslatorPB.submitRequest(OzoneManagerProtocolServerSideTranslatorPB.java:147) [ozone-manager-1.3.0-SNAPSHOT.jar:?]
	at org.apache.hadoop.ozone.protocol.proto.OzoneManagerProtocolProtos$OzoneManagerService$2.callBlockingMethod(OzoneManagerProtocolProtos.java) [ozone-interface-client-1.3.0-SNAPSHOT.jar:?]
	at org.apache.hadoop.ipc.ProtobufRpcEngine$Server.processCall(ProtobufRpcEngine.java:466) [hadoop-common-3.3.1.jar:?]
	at org.apache.hadoop.ipc.ProtobufRpcEngine2$Server$ProtoBufRpcInvoker.call(ProtobufRpcEngine2.java:574) [hadoop-common-3.3.1.jar:?]
	at org.apache.hadoop.ipc.ProtobufRpcEngine2$Server$ProtoBufRpcInvoker.call(ProtobufRpcEngine2.java:552) [hadoop-common-3.3.1.jar:?]
	at org.apache.hadoop.ipc.RPC$Server.call(RPC.java:1093) [hadoop-common-3.3.1.jar:?]
	at org.apache.hadoop.ipc.Server$RpcCall.run(Server.java:1035) [hadoop-common-3.3.1.jar:?]
	at org.apache.hadoop.ipc.Server$RpcCall.run(Server.java:963) [hadoop-common-3.3.1.jar:?]
	at java.security.AccessController.doPrivileged(Native Method) ~[?:1.8.0_332]
	at javax.security.auth.Subject.doAs(Subject.java:422) [?:1.8.0_332]
	at org.apache.hadoop.security.UserGroupInformation.doAs(UserGroupInformation.java:1878) [hadoop-common-3.3.1.jar:?]
	at org.apache.hadoop.ipc.Server$Handler.run(Server.java:2966) [hadoop-common-3.3.1.jar:?]
]]></system-out>
  </testcase>
  <testcase name="testFileDelete" classname="TestRootedOzoneFileSystem" time="0.23">
    <system-out><![CDATA[2022-07-12 23:20:27,586 [Time-limited test] INFO  rpc.RpcClient (RpcClient.java:createVolume(466)) - Creating Volume: volume03377, with user52030 as owner and space quota set to -1 bytes, counts quota set to -1
2022-07-12 23:20:27,588 [OM StateMachine ApplyTransaction Thread - 0] INFO  volume.OMVolumeCreateRequest (OMVolumeCreateRequest.java:validateAndUpdateCache(195)) - created volume:volume03377 for user:user52030
2022-07-12 23:20:27,593 [Time-limited test] INFO  rpc.RpcClient (RpcClient.java:createBucket(669)) - Creating Bucket: volume03377/bucket77067, with bucket layout LEGACY, runner as owner, Versioning false, Storage Type set to DISK and Encryption set to false 
2022-07-12 23:20:27,595 [OM StateMachine ApplyTransaction Thread - 0] INFO  bucket.OMBucketCreateRequest (OMBucketCreateRequest.java:validateAndUpdateCache(260)) - created bucket: bucket77067 of layout LEGACY in volume: volume03377
23:20:27.751 [IPC Server handler 1 on default port 35283] ERROR OMAudit - user=runner | ip=127.0.0.1 | op=GET_FILE_STATUS {volume=volume03377, bucket=bucket77067, key=testBatchDelete, dataSize=0, replicationConfig=null} | ret=FAILURE
org.apache.hadoop.ozone.om.exceptions.OMException: Unable to get file status: volume: volume03377 bucket: bucket77067 key: testBatchDelete
	at org.apache.hadoop.ozone.om.KeyManagerImpl.getOzoneFileStatus(KeyManagerImpl.java:1311) ~[ozone-manager-1.3.0-SNAPSHOT.jar:?]
	at org.apache.hadoop.ozone.om.KeyManagerImpl.getFileStatus(KeyManagerImpl.java:1241) ~[ozone-manager-1.3.0-SNAPSHOT.jar:?]
	at org.apache.hadoop.ozone.om.OzoneManager.getFileStatus(OzoneManager.java:3419) ~[ozone-manager-1.3.0-SNAPSHOT.jar:?]
	at org.apache.hadoop.ozone.protocolPB.OzoneManagerRequestHandler.getOzoneFileStatus(OzoneManagerRequestHandler.java:871) ~[ozone-manager-1.3.0-SNAPSHOT.jar:?]
	at org.apache.hadoop.ozone.protocolPB.OzoneManagerRequestHandler.handleReadRequest(OzoneManagerRequestHandler.java:217) ~[ozone-manager-1.3.0-SNAPSHOT.jar:?]
	at org.apache.hadoop.ozone.protocolPB.OzoneManagerProtocolServerSideTranslatorPB.submitReadRequestToOM(OzoneManagerProtocolServerSideTranslatorPB.java:226) ~[ozone-manager-1.3.0-SNAPSHOT.jar:?]
	at org.apache.hadoop.ozone.protocolPB.OzoneManagerProtocolServerSideTranslatorPB.processRequest(OzoneManagerProtocolServerSideTranslatorPB.java:175) ~[ozone-manager-1.3.0-SNAPSHOT.jar:?]
	at org.apache.hadoop.hdds.server.OzoneProtocolMessageDispatcher.processRequest(OzoneProtocolMessageDispatcher.java:87) [hdds-server-framework-1.3.0-SNAPSHOT.jar:?]
	at org.apache.hadoop.ozone.protocolPB.OzoneManagerProtocolServerSideTranslatorPB.submitRequest(OzoneManagerProtocolServerSideTranslatorPB.java:147) [ozone-manager-1.3.0-SNAPSHOT.jar:?]
	at org.apache.hadoop.ozone.protocol.proto.OzoneManagerProtocolProtos$OzoneManagerService$2.callBlockingMethod(OzoneManagerProtocolProtos.java) [ozone-interface-client-1.3.0-SNAPSHOT.jar:?]
	at org.apache.hadoop.ipc.ProtobufRpcEngine$Server.processCall(ProtobufRpcEngine.java:466) [hadoop-common-3.3.1.jar:?]
	at org.apache.hadoop.ipc.ProtobufRpcEngine2$Server$ProtoBufRpcInvoker.call(ProtobufRpcEngine2.java:574) [hadoop-common-3.3.1.jar:?]
	at org.apache.hadoop.ipc.ProtobufRpcEngine2$Server$ProtoBufRpcInvoker.call(ProtobufRpcEngine2.java:552) [hadoop-common-3.3.1.jar:?]
	at org.apache.hadoop.ipc.RPC$Server.call(RPC.java:1093) [hadoop-common-3.3.1.jar:?]
	at org.apache.hadoop.ipc.Server$RpcCall.run(Server.java:1035) [hadoop-common-3.3.1.jar:?]
	at org.apache.hadoop.ipc.Server$RpcCall.run(Server.java:963) [hadoop-common-3.3.1.jar:?]
	at java.security.AccessController.doPrivileged(Native Method) ~[?:1.8.0_332]
	at javax.security.auth.Subject.doAs(Subject.java:422) [?:1.8.0_332]
	at org.apache.hadoop.security.UserGroupInformation.doAs(UserGroupInformation.java:1878) [hadoop-common-3.3.1.jar:?]
	at org.apache.hadoop.ipc.Server$Handler.run(Server.java:2966) [hadoop-common-3.3.1.jar:?]
23:20:27.752 [IPC Server handler 3 on default port 35283] ERROR OMAudit - user=runner | ip=127.0.0.1 | op=GET_FILE_STATUS {volume=volume03377, bucket=bucket77067, key=testBatchDelete/parent/child0, dataSize=0, replicationConfig=null} | ret=FAILURE
org.apache.hadoop.ozone.om.exceptions.OMException: Unable to get file status: volume: volume03377 bucket: bucket77067 key: testBatchDelete/parent/child0
	at org.apache.hadoop.ozone.om.KeyManagerImpl.getOzoneFileStatus(KeyManagerImpl.java:1311) ~[ozone-manager-1.3.0-SNAPSHOT.jar:?]
	at org.apache.hadoop.ozone.om.KeyManagerImpl.getFileStatus(KeyManagerImpl.java:1241) ~[ozone-manager-1.3.0-SNAPSHOT.jar:?]
	at org.apache.hadoop.ozone.om.OzoneManager.getFileStatus(OzoneManager.java:3419) ~[ozone-manager-1.3.0-SNAPSHOT.jar:?]
	at org.apache.hadoop.ozone.protocolPB.OzoneManagerRequestHandler.getOzoneFileStatus(OzoneManagerRequestHandler.java:871) ~[ozone-manager-1.3.0-SNAPSHOT.jar:?]
	at org.apache.hadoop.ozone.protocolPB.OzoneManagerRequestHandler.handleReadRequest(OzoneManagerRequestHandler.java:217) ~[ozone-manager-1.3.0-SNAPSHOT.jar:?]
	at org.apache.hadoop.ozone.protocolPB.OzoneManagerProtocolServerSideTranslatorPB.submitReadRequestToOM(OzoneManagerProtocolServerSideTranslatorPB.java:226) ~[ozone-manager-1.3.0-SNAPSHOT.jar:?]
	at org.apache.hadoop.ozone.protocolPB.OzoneManagerProtocolServerSideTranslatorPB.processRequest(OzoneManagerProtocolServerSideTranslatorPB.java:175) ~[ozone-manager-1.3.0-SNAPSHOT.jar:?]
	at org.apache.hadoop.hdds.server.OzoneProtocolMessageDispatcher.processRequest(OzoneProtocolMessageDispatcher.java:87) [hdds-server-framework-1.3.0-SNAPSHOT.jar:?]
	at org.apache.hadoop.ozone.protocolPB.OzoneManagerProtocolServerSideTranslatorPB.submitRequest(OzoneManagerProtocolServerSideTranslatorPB.java:147) [ozone-manager-1.3.0-SNAPSHOT.jar:?]
	at org.apache.hadoop.ozone.protocol.proto.OzoneManagerProtocolProtos$OzoneManagerService$2.callBlockingMethod(OzoneManagerProtocolProtos.java) [ozone-interface-client-1.3.0-SNAPSHOT.jar:?]
	at org.apache.hadoop.ipc.ProtobufRpcEngine$Server.processCall(ProtobufRpcEngine.java:466) [hadoop-common-3.3.1.jar:?]
	at org.apache.hadoop.ipc.ProtobufRpcEngine2$Server$ProtoBufRpcInvoker.call(ProtobufRpcEngine2.java:574) [hadoop-common-3.3.1.jar:?]
	at org.apache.hadoop.ipc.ProtobufRpcEngine2$Server$ProtoBufRpcInvoker.call(ProtobufRpcEngine2.java:552) [hadoop-common-3.3.1.jar:?]
	at org.apache.hadoop.ipc.RPC$Server.call(RPC.java:1093) [hadoop-common-3.3.1.jar:?]
	at org.apache.hadoop.ipc.Server$RpcCall.run(Server.java:1035) [hadoop-common-3.3.1.jar:?]
	at org.apache.hadoop.ipc.Server$RpcCall.run(Server.java:963) [hadoop-common-3.3.1.jar:?]
	at java.security.AccessController.doPrivileged(Native Method) ~[?:1.8.0_332]
	at javax.security.auth.Subject.doAs(Subject.java:422) [?:1.8.0_332]
	at org.apache.hadoop.security.UserGroupInformation.doAs(UserGroupInformation.java:1878) [hadoop-common-3.3.1.jar:?]
	at org.apache.hadoop.ipc.Server$Handler.run(Server.java:2966) [hadoop-common-3.3.1.jar:?]
23:20:27.754 [IPC Server handler 5 on default port 35283] ERROR OMAudit - user=runner | ip=127.0.0.1 | op=GET_FILE_STATUS {volume=volume03377, bucket=bucket77067, key=testBatchDelete/parent/childFolder/child0, dataSize=0, replicationConfig=null} | ret=FAILURE
org.apache.hadoop.ozone.om.exceptions.OMException: Unable to get file status: volume: volume03377 bucket: bucket77067 key: testBatchDelete/parent/childFolder/child0
	at org.apache.hadoop.ozone.om.KeyManagerImpl.getOzoneFileStatus(KeyManagerImpl.java:1311) ~[ozone-manager-1.3.0-SNAPSHOT.jar:?]
	at org.apache.hadoop.ozone.om.KeyManagerImpl.getFileStatus(KeyManagerImpl.java:1241) ~[ozone-manager-1.3.0-SNAPSHOT.jar:?]
	at org.apache.hadoop.ozone.om.OzoneManager.getFileStatus(OzoneManager.java:3419) ~[ozone-manager-1.3.0-SNAPSHOT.jar:?]
	at org.apache.hadoop.ozone.protocolPB.OzoneManagerRequestHandler.getOzoneFileStatus(OzoneManagerRequestHandler.java:871) ~[ozone-manager-1.3.0-SNAPSHOT.jar:?]
	at org.apache.hadoop.ozone.protocolPB.OzoneManagerRequestHandler.handleReadRequest(OzoneManagerRequestHandler.java:217) ~[ozone-manager-1.3.0-SNAPSHOT.jar:?]
	at org.apache.hadoop.ozone.protocolPB.OzoneManagerProtocolServerSideTranslatorPB.submitReadRequestToOM(OzoneManagerProtocolServerSideTranslatorPB.java:226) ~[ozone-manager-1.3.0-SNAPSHOT.jar:?]
	at org.apache.hadoop.ozone.protocolPB.OzoneManagerProtocolServerSideTranslatorPB.processRequest(OzoneManagerProtocolServerSideTranslatorPB.java:175) ~[ozone-manager-1.3.0-SNAPSHOT.jar:?]
	at org.apache.hadoop.hdds.server.OzoneProtocolMessageDispatcher.processRequest(OzoneProtocolMessageDispatcher.java:87) [hdds-server-framework-1.3.0-SNAPSHOT.jar:?]
	at org.apache.hadoop.ozone.protocolPB.OzoneManagerProtocolServerSideTranslatorPB.submitRequest(OzoneManagerProtocolServerSideTranslatorPB.java:147) [ozone-manager-1.3.0-SNAPSHOT.jar:?]
	at org.apache.hadoop.ozone.protocol.proto.OzoneManagerProtocolProtos$OzoneManagerService$2.callBlockingMethod(OzoneManagerProtocolProtos.java) [ozone-interface-client-1.3.0-SNAPSHOT.jar:?]
	at org.apache.hadoop.ipc.ProtobufRpcEngine$Server.processCall(ProtobufRpcEngine.java:466) [hadoop-common-3.3.1.jar:?]
	at org.apache.hadoop.ipc.ProtobufRpcEngine2$Server$ProtoBufRpcInvoker.call(ProtobufRpcEngine2.java:574) [hadoop-common-3.3.1.jar:?]
	at org.apache.hadoop.ipc.ProtobufRpcEngine2$Server$ProtoBufRpcInvoker.call(ProtobufRpcEngine2.java:552) [hadoop-common-3.3.1.jar:?]
	at org.apache.hadoop.ipc.RPC$Server.call(RPC.java:1093) [hadoop-common-3.3.1.jar:?]
	at org.apache.hadoop.ipc.Server$RpcCall.run(Server.java:1035) [hadoop-common-3.3.1.jar:?]
	at org.apache.hadoop.ipc.Server$RpcCall.run(Server.java:963) [hadoop-common-3.3.1.jar:?]
	at java.security.AccessController.doPrivileged(Native Method) ~[?:1.8.0_332]
	at javax.security.auth.Subject.doAs(Subject.java:422) [?:1.8.0_332]
	at org.apache.hadoop.security.UserGroupInformation.doAs(UserGroupInformation.java:1878) [hadoop-common-3.3.1.jar:?]
	at org.apache.hadoop.ipc.Server$Handler.run(Server.java:2966) [hadoop-common-3.3.1.jar:?]
23:20:27.755 [IPC Server handler 7 on default port 35283] ERROR OMAudit - user=runner | ip=127.0.0.1 | op=GET_FILE_STATUS {volume=volume03377, bucket=bucket77067, key=testBatchDelete/parent/child1, dataSize=0, replicationConfig=null} | ret=FAILURE
org.apache.hadoop.ozone.om.exceptions.OMException: Unable to get file status: volume: volume03377 bucket: bucket77067 key: testBatchDelete/parent/child1
	at org.apache.hadoop.ozone.om.KeyManagerImpl.getOzoneFileStatus(KeyManagerImpl.java:1311) ~[ozone-manager-1.3.0-SNAPSHOT.jar:?]
	at org.apache.hadoop.ozone.om.KeyManagerImpl.getFileStatus(KeyManagerImpl.java:1241) ~[ozone-manager-1.3.0-SNAPSHOT.jar:?]
	at org.apache.hadoop.ozone.om.OzoneManager.getFileStatus(OzoneManager.java:3419) ~[ozone-manager-1.3.0-SNAPSHOT.jar:?]
	at org.apache.hadoop.ozone.protocolPB.OzoneManagerRequestHandler.getOzoneFileStatus(OzoneManagerRequestHandler.java:871) ~[ozone-manager-1.3.0-SNAPSHOT.jar:?]
	at org.apache.hadoop.ozone.protocolPB.OzoneManagerRequestHandler.handleReadRequest(OzoneManagerRequestHandler.java:217) ~[ozone-manager-1.3.0-SNAPSHOT.jar:?]
	at org.apache.hadoop.ozone.protocolPB.OzoneManagerProtocolServerSideTranslatorPB.submitReadRequestToOM(OzoneManagerProtocolServerSideTranslatorPB.java:226) ~[ozone-manager-1.3.0-SNAPSHOT.jar:?]
	at org.apache.hadoop.ozone.protocolPB.OzoneManagerProtocolServerSideTranslatorPB.processRequest(OzoneManagerProtocolServerSideTranslatorPB.java:175) ~[ozone-manager-1.3.0-SNAPSHOT.jar:?]
	at org.apache.hadoop.hdds.server.OzoneProtocolMessageDispatcher.processRequest(OzoneProtocolMessageDispatcher.java:87) [hdds-server-framework-1.3.0-SNAPSHOT.jar:?]
	at org.apache.hadoop.ozone.protocolPB.OzoneManagerProtocolServerSideTranslatorPB.submitRequest(OzoneManagerProtocolServerSideTranslatorPB.java:147) [ozone-manager-1.3.0-SNAPSHOT.jar:?]
	at org.apache.hadoop.ozone.protocol.proto.OzoneManagerProtocolProtos$OzoneManagerService$2.callBlockingMethod(OzoneManagerProtocolProtos.java) [ozone-interface-client-1.3.0-SNAPSHOT.jar:?]
	at org.apache.hadoop.ipc.ProtobufRpcEngine$Server.processCall(ProtobufRpcEngine.java:466) [hadoop-common-3.3.1.jar:?]
	at org.apache.hadoop.ipc.ProtobufRpcEngine2$Server$ProtoBufRpcInvoker.call(ProtobufRpcEngine2.java:574) [hadoop-common-3.3.1.jar:?]
	at org.apache.hadoop.ipc.ProtobufRpcEngine2$Server$ProtoBufRpcInvoker.call(ProtobufRpcEngine2.java:552) [hadoop-common-3.3.1.jar:?]
	at org.apache.hadoop.ipc.RPC$Server.call(RPC.java:1093) [hadoop-common-3.3.1.jar:?]
	at org.apache.hadoop.ipc.Server$RpcCall.run(Server.java:1035) [hadoop-common-3.3.1.jar:?]
	at org.apache.hadoop.ipc.Server$RpcCall.run(Server.java:963) [hadoop-common-3.3.1.jar:?]
	at java.security.AccessController.doPrivileged(Native Method) ~[?:1.8.0_332]
	at javax.security.auth.Subject.doAs(Subject.java:422) [?:1.8.0_332]
	at org.apache.hadoop.security.UserGroupInformation.doAs(UserGroupInformation.java:1878) [hadoop-common-3.3.1.jar:?]
	at org.apache.hadoop.ipc.Server$Handler.run(Server.java:2966) [hadoop-common-3.3.1.jar:?]
23:20:27.757 [IPC Server handler 9 on default port 35283] ERROR OMAudit - user=runner | ip=127.0.0.1 | op=GET_FILE_STATUS {volume=volume03377, bucket=bucket77067, key=testBatchDelete/parent/childFolder/child1, dataSize=0, replicationConfig=null} | ret=FAILURE
org.apache.hadoop.ozone.om.exceptions.OMException: Unable to get file status: volume: volume03377 bucket: bucket77067 key: testBatchDelete/parent/childFolder/child1
	at org.apache.hadoop.ozone.om.KeyManagerImpl.getOzoneFileStatus(KeyManagerImpl.java:1311) ~[ozone-manager-1.3.0-SNAPSHOT.jar:?]
	at org.apache.hadoop.ozone.om.KeyManagerImpl.getFileStatus(KeyManagerImpl.java:1241) ~[ozone-manager-1.3.0-SNAPSHOT.jar:?]
	at org.apache.hadoop.ozone.om.OzoneManager.getFileStatus(OzoneManager.java:3419) ~[ozone-manager-1.3.0-SNAPSHOT.jar:?]
	at org.apache.hadoop.ozone.protocolPB.OzoneManagerRequestHandler.getOzoneFileStatus(OzoneManagerRequestHandler.java:871) ~[ozone-manager-1.3.0-SNAPSHOT.jar:?]
	at org.apache.hadoop.ozone.protocolPB.OzoneManagerRequestHandler.handleReadRequest(OzoneManagerRequestHandler.java:217) ~[ozone-manager-1.3.0-SNAPSHOT.jar:?]
	at org.apache.hadoop.ozone.protocolPB.OzoneManagerProtocolServerSideTranslatorPB.submitReadRequestToOM(OzoneManagerProtocolServerSideTranslatorPB.java:226) ~[ozone-manager-1.3.0-SNAPSHOT.jar:?]
	at org.apache.hadoop.ozone.protocolPB.OzoneManagerProtocolServerSideTranslatorPB.processRequest(OzoneManagerProtocolServerSideTranslatorPB.java:175) ~[ozone-manager-1.3.0-SNAPSHOT.jar:?]
	at org.apache.hadoop.hdds.server.OzoneProtocolMessageDispatcher.processRequest(OzoneProtocolMessageDispatcher.java:87) [hdds-server-framework-1.3.0-SNAPSHOT.jar:?]
	at org.apache.hadoop.ozone.protocolPB.OzoneManagerProtocolServerSideTranslatorPB.submitRequest(OzoneManagerProtocolServerSideTranslatorPB.java:147) [ozone-manager-1.3.0-SNAPSHOT.jar:?]
	at org.apache.hadoop.ozone.protocol.proto.OzoneManagerProtocolProtos$OzoneManagerService$2.callBlockingMethod(OzoneManagerProtocolProtos.java) [ozone-interface-client-1.3.0-SNAPSHOT.jar:?]
	at org.apache.hadoop.ipc.ProtobufRpcEngine$Server.processCall(ProtobufRpcEngine.java:466) [hadoop-common-3.3.1.jar:?]
	at org.apache.hadoop.ipc.ProtobufRpcEngine2$Server$ProtoBufRpcInvoker.call(ProtobufRpcEngine2.java:574) [hadoop-common-3.3.1.jar:?]
	at org.apache.hadoop.ipc.ProtobufRpcEngine2$Server$ProtoBufRpcInvoker.call(ProtobufRpcEngine2.java:552) [hadoop-common-3.3.1.jar:?]
	at org.apache.hadoop.ipc.RPC$Server.call(RPC.java:1093) [hadoop-common-3.3.1.jar:?]
	at org.apache.hadoop.ipc.Server$RpcCall.run(Server.java:1035) [hadoop-common-3.3.1.jar:?]
	at org.apache.hadoop.ipc.Server$RpcCall.run(Server.java:963) [hadoop-common-3.3.1.jar:?]
	at java.security.AccessController.doPrivileged(Native Method) ~[?:1.8.0_332]
	at javax.security.auth.Subject.doAs(Subject.java:422) [?:1.8.0_332]
	at org.apache.hadoop.security.UserGroupInformation.doAs(UserGroupInformation.java:1878) [hadoop-common-3.3.1.jar:?]
	at org.apache.hadoop.ipc.Server$Handler.run(Server.java:2966) [hadoop-common-3.3.1.jar:?]
23:20:27.759 [IPC Server handler 10 on default port 35283] ERROR OMAudit - user=runner | ip=127.0.0.1 | op=GET_FILE_STATUS {volume=volume03377, bucket=bucket77067, key=testBatchDelete/parent/child2, dataSize=0, replicationConfig=null} | ret=FAILURE
org.apache.hadoop.ozone.om.exceptions.OMException: Unable to get file status: volume: volume03377 bucket: bucket77067 key: testBatchDelete/parent/child2
	at org.apache.hadoop.ozone.om.KeyManagerImpl.getOzoneFileStatus(KeyManagerImpl.java:1311) ~[ozone-manager-1.3.0-SNAPSHOT.jar:?]
	at org.apache.hadoop.ozone.om.KeyManagerImpl.getFileStatus(KeyManagerImpl.java:1241) ~[ozone-manager-1.3.0-SNAPSHOT.jar:?]
	at org.apache.hadoop.ozone.om.OzoneManager.getFileStatus(OzoneManager.java:3419) ~[ozone-manager-1.3.0-SNAPSHOT.jar:?]
	at org.apache.hadoop.ozone.protocolPB.OzoneManagerRequestHandler.getOzoneFileStatus(OzoneManagerRequestHandler.java:871) ~[ozone-manager-1.3.0-SNAPSHOT.jar:?]
	at org.apache.hadoop.ozone.protocolPB.OzoneManagerRequestHandler.handleReadRequest(OzoneManagerRequestHandler.java:217) ~[ozone-manager-1.3.0-SNAPSHOT.jar:?]
	at org.apache.hadoop.ozone.protocolPB.OzoneManagerProtocolServerSideTranslatorPB.submitReadRequestToOM(OzoneManagerProtocolServerSideTranslatorPB.java:226) ~[ozone-manager-1.3.0-SNAPSHOT.jar:?]
	at org.apache.hadoop.ozone.protocolPB.OzoneManagerProtocolServerSideTranslatorPB.processRequest(OzoneManagerProtocolServerSideTranslatorPB.java:175) ~[ozone-manager-1.3.0-SNAPSHOT.jar:?]
	at org.apache.hadoop.hdds.server.OzoneProtocolMessageDispatcher.processRequest(OzoneProtocolMessageDispatcher.java:87) [hdds-server-framework-1.3.0-SNAPSHOT.jar:?]
	at org.apache.hadoop.ozone.protocolPB.OzoneManagerProtocolServerSideTranslatorPB.submitRequest(OzoneManagerProtocolServerSideTranslatorPB.java:147) [ozone-manager-1.3.0-SNAPSHOT.jar:?]
	at org.apache.hadoop.ozone.protocol.proto.OzoneManagerProtocolProtos$OzoneManagerService$2.callBlockingMethod(OzoneManagerProtocolProtos.java) [ozone-interface-client-1.3.0-SNAPSHOT.jar:?]
	at org.apache.hadoop.ipc.ProtobufRpcEngine$Server.processCall(ProtobufRpcEngine.java:466) [hadoop-common-3.3.1.jar:?]
	at org.apache.hadoop.ipc.ProtobufRpcEngine2$Server$ProtoBufRpcInvoker.call(ProtobufRpcEngine2.java:574) [hadoop-common-3.3.1.jar:?]
	at org.apache.hadoop.ipc.ProtobufRpcEngine2$Server$ProtoBufRpcInvoker.call(ProtobufRpcEngine2.java:552) [hadoop-common-3.3.1.jar:?]
	at org.apache.hadoop.ipc.RPC$Server.call(RPC.java:1093) [hadoop-common-3.3.1.jar:?]
	at org.apache.hadoop.ipc.Server$RpcCall.run(Server.java:1035) [hadoop-common-3.3.1.jar:?]
	at org.apache.hadoop.ipc.Server$RpcCall.run(Server.java:963) [hadoop-common-3.3.1.jar:?]
	at java.security.AccessController.doPrivileged(Native Method) ~[?:1.8.0_332]
	at javax.security.auth.Subject.doAs(Subject.java:422) [?:1.8.0_332]
	at org.apache.hadoop.security.UserGroupInformation.doAs(UserGroupInformation.java:1878) [hadoop-common-3.3.1.jar:?]
	at org.apache.hadoop.ipc.Server$Handler.run(Server.java:2966) [hadoop-common-3.3.1.jar:?]
23:20:27.760 [IPC Server handler 6 on default port 35283] ERROR OMAudit - user=runner | ip=127.0.0.1 | op=GET_FILE_STATUS {volume=volume03377, bucket=bucket77067, key=testBatchDelete/parent/childFolder/child2, dataSize=0, replicationConfig=null} | ret=FAILURE
org.apache.hadoop.ozone.om.exceptions.OMException: Unable to get file status: volume: volume03377 bucket: bucket77067 key: testBatchDelete/parent/childFolder/child2
	at org.apache.hadoop.ozone.om.KeyManagerImpl.getOzoneFileStatus(KeyManagerImpl.java:1311) ~[ozone-manager-1.3.0-SNAPSHOT.jar:?]
	at org.apache.hadoop.ozone.om.KeyManagerImpl.getFileStatus(KeyManagerImpl.java:1241) ~[ozone-manager-1.3.0-SNAPSHOT.jar:?]
	at org.apache.hadoop.ozone.om.OzoneManager.getFileStatus(OzoneManager.java:3419) ~[ozone-manager-1.3.0-SNAPSHOT.jar:?]
	at org.apache.hadoop.ozone.protocolPB.OzoneManagerRequestHandler.getOzoneFileStatus(OzoneManagerRequestHandler.java:871) ~[ozone-manager-1.3.0-SNAPSHOT.jar:?]
	at org.apache.hadoop.ozone.protocolPB.OzoneManagerRequestHandler.handleReadRequest(OzoneManagerRequestHandler.java:217) ~[ozone-manager-1.3.0-SNAPSHOT.jar:?]
	at org.apache.hadoop.ozone.protocolPB.OzoneManagerProtocolServerSideTranslatorPB.submitReadRequestToOM(OzoneManagerProtocolServerSideTranslatorPB.java:226) ~[ozone-manager-1.3.0-SNAPSHOT.jar:?]
	at org.apache.hadoop.ozone.protocolPB.OzoneManagerProtocolServerSideTranslatorPB.processRequest(OzoneManagerProtocolServerSideTranslatorPB.java:175) ~[ozone-manager-1.3.0-SNAPSHOT.jar:?]
	at org.apache.hadoop.hdds.server.OzoneProtocolMessageDispatcher.processRequest(OzoneProtocolMessageDispatcher.java:87) [hdds-server-framework-1.3.0-SNAPSHOT.jar:?]
	at org.apache.hadoop.ozone.protocolPB.OzoneManagerProtocolServerSideTranslatorPB.submitRequest(OzoneManagerProtocolServerSideTranslatorPB.java:147) [ozone-manager-1.3.0-SNAPSHOT.jar:?]
	at org.apache.hadoop.ozone.protocol.proto.OzoneManagerProtocolProtos$OzoneManagerService$2.callBlockingMethod(OzoneManagerProtocolProtos.java) [ozone-interface-client-1.3.0-SNAPSHOT.jar:?]
	at org.apache.hadoop.ipc.ProtobufRpcEngine$Server.processCall(ProtobufRpcEngine.java:466) [hadoop-common-3.3.1.jar:?]
	at org.apache.hadoop.ipc.ProtobufRpcEngine2$Server$ProtoBufRpcInvoker.call(ProtobufRpcEngine2.java:574) [hadoop-common-3.3.1.jar:?]
	at org.apache.hadoop.ipc.ProtobufRpcEngine2$Server$ProtoBufRpcInvoker.call(ProtobufRpcEngine2.java:552) [hadoop-common-3.3.1.jar:?]
	at org.apache.hadoop.ipc.RPC$Server.call(RPC.java:1093) [hadoop-common-3.3.1.jar:?]
	at org.apache.hadoop.ipc.Server$RpcCall.run(Server.java:1035) [hadoop-common-3.3.1.jar:?]
	at org.apache.hadoop.ipc.Server$RpcCall.run(Server.java:963) [hadoop-common-3.3.1.jar:?]
	at java.security.AccessController.doPrivileged(Native Method) ~[?:1.8.0_332]
	at javax.security.auth.Subject.doAs(Subject.java:422) [?:1.8.0_332]
	at org.apache.hadoop.security.UserGroupInformation.doAs(UserGroupInformation.java:1878) [hadoop-common-3.3.1.jar:?]
	at org.apache.hadoop.ipc.Server$Handler.run(Server.java:2966) [hadoop-common-3.3.1.jar:?]
23:20:27.762 [IPC Server handler 14 on default port 35283] ERROR OMAudit - user=runner | ip=127.0.0.1 | op=GET_FILE_STATUS {volume=volume03377, bucket=bucket77067, key=testBatchDelete/parent/child3, dataSize=0, replicationConfig=null} | ret=FAILURE
org.apache.hadoop.ozone.om.exceptions.OMException: Unable to get file status: volume: volume03377 bucket: bucket77067 key: testBatchDelete/parent/child3
	at org.apache.hadoop.ozone.om.KeyManagerImpl.getOzoneFileStatus(KeyManagerImpl.java:1311) ~[ozone-manager-1.3.0-SNAPSHOT.jar:?]
	at org.apache.hadoop.ozone.om.KeyManagerImpl.getFileStatus(KeyManagerImpl.java:1241) ~[ozone-manager-1.3.0-SNAPSHOT.jar:?]
	at org.apache.hadoop.ozone.om.OzoneManager.getFileStatus(OzoneManager.java:3419) ~[ozone-manager-1.3.0-SNAPSHOT.jar:?]
	at org.apache.hadoop.ozone.protocolPB.OzoneManagerRequestHandler.getOzoneFileStatus(OzoneManagerRequestHandler.java:871) ~[ozone-manager-1.3.0-SNAPSHOT.jar:?]
	at org.apache.hadoop.ozone.protocolPB.OzoneManagerRequestHandler.handleReadRequest(OzoneManagerRequestHandler.java:217) ~[ozone-manager-1.3.0-SNAPSHOT.jar:?]
	at org.apache.hadoop.ozone.protocolPB.OzoneManagerProtocolServerSideTranslatorPB.submitReadRequestToOM(OzoneManagerProtocolServerSideTranslatorPB.java:226) ~[ozone-manager-1.3.0-SNAPSHOT.jar:?]
	at org.apache.hadoop.ozone.protocolPB.OzoneManagerProtocolServerSideTranslatorPB.processRequest(OzoneManagerProtocolServerSideTranslatorPB.java:175) ~[ozone-manager-1.3.0-SNAPSHOT.jar:?]
	at org.apache.hadoop.hdds.server.OzoneProtocolMessageDispatcher.processRequest(OzoneProtocolMessageDispatcher.java:87) [hdds-server-framework-1.3.0-SNAPSHOT.jar:?]
	at org.apache.hadoop.ozone.protocolPB.OzoneManagerProtocolServerSideTranslatorPB.submitRequest(OzoneManagerProtocolServerSideTranslatorPB.java:147) [ozone-manager-1.3.0-SNAPSHOT.jar:?]
	at org.apache.hadoop.ozone.protocol.proto.OzoneManagerProtocolProtos$OzoneManagerService$2.callBlockingMethod(OzoneManagerProtocolProtos.java) [ozone-interface-client-1.3.0-SNAPSHOT.jar:?]
	at org.apache.hadoop.ipc.ProtobufRpcEngine$Server.processCall(ProtobufRpcEngine.java:466) [hadoop-common-3.3.1.jar:?]
	at org.apache.hadoop.ipc.ProtobufRpcEngine2$Server$ProtoBufRpcInvoker.call(ProtobufRpcEngine2.java:574) [hadoop-common-3.3.1.jar:?]
	at org.apache.hadoop.ipc.ProtobufRpcEngine2$Server$ProtoBufRpcInvoker.call(ProtobufRpcEngine2.java:552) [hadoop-common-3.3.1.jar:?]
	at org.apache.hadoop.ipc.RPC$Server.call(RPC.java:1093) [hadoop-common-3.3.1.jar:?]
	at org.apache.hadoop.ipc.Server$RpcCall.run(Server.java:1035) [hadoop-common-3.3.1.jar:?]
	at org.apache.hadoop.ipc.Server$RpcCall.run(Server.java:963) [hadoop-common-3.3.1.jar:?]
	at java.security.AccessController.doPrivileged(Native Method) ~[?:1.8.0_332]
	at javax.security.auth.Subject.doAs(Subject.java:422) [?:1.8.0_332]
	at org.apache.hadoop.security.UserGroupInformation.doAs(UserGroupInformation.java:1878) [hadoop-common-3.3.1.jar:?]
	at org.apache.hadoop.ipc.Server$Handler.run(Server.java:2966) [hadoop-common-3.3.1.jar:?]
23:20:27.763 [IPC Server handler 17 on default port 35283] ERROR OMAudit - user=runner | ip=127.0.0.1 | op=GET_FILE_STATUS {volume=volume03377, bucket=bucket77067, key=testBatchDelete/parent/childFolder/child3, dataSize=0, replicationConfig=null} | ret=FAILURE
org.apache.hadoop.ozone.om.exceptions.OMException: Unable to get file status: volume: volume03377 bucket: bucket77067 key: testBatchDelete/parent/childFolder/child3
	at org.apache.hadoop.ozone.om.KeyManagerImpl.getOzoneFileStatus(KeyManagerImpl.java:1311) ~[ozone-manager-1.3.0-SNAPSHOT.jar:?]
	at org.apache.hadoop.ozone.om.KeyManagerImpl.getFileStatus(KeyManagerImpl.java:1241) ~[ozone-manager-1.3.0-SNAPSHOT.jar:?]
	at org.apache.hadoop.ozone.om.OzoneManager.getFileStatus(OzoneManager.java:3419) ~[ozone-manager-1.3.0-SNAPSHOT.jar:?]
	at org.apache.hadoop.ozone.protocolPB.OzoneManagerRequestHandler.getOzoneFileStatus(OzoneManagerRequestHandler.java:871) ~[ozone-manager-1.3.0-SNAPSHOT.jar:?]
	at org.apache.hadoop.ozone.protocolPB.OzoneManagerRequestHandler.handleReadRequest(OzoneManagerRequestHandler.java:217) ~[ozone-manager-1.3.0-SNAPSHOT.jar:?]
	at org.apache.hadoop.ozone.protocolPB.OzoneManagerProtocolServerSideTranslatorPB.submitReadRequestToOM(OzoneManagerProtocolServerSideTranslatorPB.java:226) ~[ozone-manager-1.3.0-SNAPSHOT.jar:?]
	at org.apache.hadoop.ozone.protocolPB.OzoneManagerProtocolServerSideTranslatorPB.processRequest(OzoneManagerProtocolServerSideTranslatorPB.java:175) ~[ozone-manager-1.3.0-SNAPSHOT.jar:?]
	at org.apache.hadoop.hdds.server.OzoneProtocolMessageDispatcher.processRequest(OzoneProtocolMessageDispatcher.java:87) [hdds-server-framework-1.3.0-SNAPSHOT.jar:?]
	at org.apache.hadoop.ozone.protocolPB.OzoneManagerProtocolServerSideTranslatorPB.submitRequest(OzoneManagerProtocolServerSideTranslatorPB.java:147) [ozone-manager-1.3.0-SNAPSHOT.jar:?]
	at org.apache.hadoop.ozone.protocol.proto.OzoneManagerProtocolProtos$OzoneManagerService$2.callBlockingMethod(OzoneManagerProtocolProtos.java) [ozone-interface-client-1.3.0-SNAPSHOT.jar:?]
	at org.apache.hadoop.ipc.ProtobufRpcEngine$Server.processCall(ProtobufRpcEngine.java:466) [hadoop-common-3.3.1.jar:?]
	at org.apache.hadoop.ipc.ProtobufRpcEngine2$Server$ProtoBufRpcInvoker.call(ProtobufRpcEngine2.java:574) [hadoop-common-3.3.1.jar:?]
	at org.apache.hadoop.ipc.ProtobufRpcEngine2$Server$ProtoBufRpcInvoker.call(ProtobufRpcEngine2.java:552) [hadoop-common-3.3.1.jar:?]
	at org.apache.hadoop.ipc.RPC$Server.call(RPC.java:1093) [hadoop-common-3.3.1.jar:?]
	at org.apache.hadoop.ipc.Server$RpcCall.run(Server.java:1035) [hadoop-common-3.3.1.jar:?]
	at org.apache.hadoop.ipc.Server$RpcCall.run(Server.java:963) [hadoop-common-3.3.1.jar:?]
	at java.security.AccessController.doPrivileged(Native Method) ~[?:1.8.0_332]
	at javax.security.auth.Subject.doAs(Subject.java:422) [?:1.8.0_332]
	at org.apache.hadoop.security.UserGroupInformation.doAs(UserGroupInformation.java:1878) [hadoop-common-3.3.1.jar:?]
	at org.apache.hadoop.ipc.Server$Handler.run(Server.java:2966) [hadoop-common-3.3.1.jar:?]
23:20:27.765 [IPC Server handler 16 on default port 35283] ERROR OMAudit - user=runner | ip=127.0.0.1 | op=GET_FILE_STATUS {volume=volume03377, bucket=bucket77067, key=testBatchDelete/parent/child4, dataSize=0, replicationConfig=null} | ret=FAILURE
org.apache.hadoop.ozone.om.exceptions.OMException: Unable to get file status: volume: volume03377 bucket: bucket77067 key: testBatchDelete/parent/child4
	at org.apache.hadoop.ozone.om.KeyManagerImpl.getOzoneFileStatus(KeyManagerImpl.java:1311) ~[ozone-manager-1.3.0-SNAPSHOT.jar:?]
	at org.apache.hadoop.ozone.om.KeyManagerImpl.getFileStatus(KeyManagerImpl.java:1241) ~[ozone-manager-1.3.0-SNAPSHOT.jar:?]
	at org.apache.hadoop.ozone.om.OzoneManager.getFileStatus(OzoneManager.java:3419) ~[ozone-manager-1.3.0-SNAPSHOT.jar:?]
	at org.apache.hadoop.ozone.protocolPB.OzoneManagerRequestHandler.getOzoneFileStatus(OzoneManagerRequestHandler.java:871) ~[ozone-manager-1.3.0-SNAPSHOT.jar:?]
	at org.apache.hadoop.ozone.protocolPB.OzoneManagerRequestHandler.handleReadRequest(OzoneManagerRequestHandler.java:217) ~[ozone-manager-1.3.0-SNAPSHOT.jar:?]
	at org.apache.hadoop.ozone.protocolPB.OzoneManagerProtocolServerSideTranslatorPB.submitReadRequestToOM(OzoneManagerProtocolServerSideTranslatorPB.java:226) ~[ozone-manager-1.3.0-SNAPSHOT.jar:?]
	at org.apache.hadoop.ozone.protocolPB.OzoneManagerProtocolServerSideTranslatorPB.processRequest(OzoneManagerProtocolServerSideTranslatorPB.java:175) ~[ozone-manager-1.3.0-SNAPSHOT.jar:?]
	at org.apache.hadoop.hdds.server.OzoneProtocolMessageDispatcher.processRequest(OzoneProtocolMessageDispatcher.java:87) [hdds-server-framework-1.3.0-SNAPSHOT.jar:?]
	at org.apache.hadoop.ozone.protocolPB.OzoneManagerProtocolServerSideTranslatorPB.submitRequest(OzoneManagerProtocolServerSideTranslatorPB.java:147) [ozone-manager-1.3.0-SNAPSHOT.jar:?]
	at org.apache.hadoop.ozone.protocol.proto.OzoneManagerProtocolProtos$OzoneManagerService$2.callBlockingMethod(OzoneManagerProtocolProtos.java) [ozone-interface-client-1.3.0-SNAPSHOT.jar:?]
	at org.apache.hadoop.ipc.ProtobufRpcEngine$Server.processCall(ProtobufRpcEngine.java:466) [hadoop-common-3.3.1.jar:?]
	at org.apache.hadoop.ipc.ProtobufRpcEngine2$Server$ProtoBufRpcInvoker.call(ProtobufRpcEngine2.java:574) [hadoop-common-3.3.1.jar:?]
	at org.apache.hadoop.ipc.ProtobufRpcEngine2$Server$ProtoBufRpcInvoker.call(ProtobufRpcEngine2.java:552) [hadoop-common-3.3.1.jar:?]
	at org.apache.hadoop.ipc.RPC$Server.call(RPC.java:1093) [hadoop-common-3.3.1.jar:?]
	at org.apache.hadoop.ipc.Server$RpcCall.run(Server.java:1035) [hadoop-common-3.3.1.jar:?]
	at org.apache.hadoop.ipc.Server$RpcCall.run(Server.java:963) [hadoop-common-3.3.1.jar:?]
	at java.security.AccessController.doPrivileged(Native Method) ~[?:1.8.0_332]
	at javax.security.auth.Subject.doAs(Subject.java:422) [?:1.8.0_332]
	at org.apache.hadoop.security.UserGroupInformation.doAs(UserGroupInformation.java:1878) [hadoop-common-3.3.1.jar:?]
	at org.apache.hadoop.ipc.Server$Handler.run(Server.java:2966) [hadoop-common-3.3.1.jar:?]
23:20:27.766 [IPC Server handler 1 on default port 35283] ERROR OMAudit - user=runner | ip=127.0.0.1 | op=GET_FILE_STATUS {volume=volume03377, bucket=bucket77067, key=testBatchDelete/parent/childFolder/child4, dataSize=0, replicationConfig=null} | ret=FAILURE
org.apache.hadoop.ozone.om.exceptions.OMException: Unable to get file status: volume: volume03377 bucket: bucket77067 key: testBatchDelete/parent/childFolder/child4
	at org.apache.hadoop.ozone.om.KeyManagerImpl.getOzoneFileStatus(KeyManagerImpl.java:1311) ~[ozone-manager-1.3.0-SNAPSHOT.jar:?]
	at org.apache.hadoop.ozone.om.KeyManagerImpl.getFileStatus(KeyManagerImpl.java:1241) ~[ozone-manager-1.3.0-SNAPSHOT.jar:?]
	at org.apache.hadoop.ozone.om.OzoneManager.getFileStatus(OzoneManager.java:3419) ~[ozone-manager-1.3.0-SNAPSHOT.jar:?]
	at org.apache.hadoop.ozone.protocolPB.OzoneManagerRequestHandler.getOzoneFileStatus(OzoneManagerRequestHandler.java:871) ~[ozone-manager-1.3.0-SNAPSHOT.jar:?]
	at org.apache.hadoop.ozone.protocolPB.OzoneManagerRequestHandler.handleReadRequest(OzoneManagerRequestHandler.java:217) ~[ozone-manager-1.3.0-SNAPSHOT.jar:?]
	at org.apache.hadoop.ozone.protocolPB.OzoneManagerProtocolServerSideTranslatorPB.submitReadRequestToOM(OzoneManagerProtocolServerSideTranslatorPB.java:226) ~[ozone-manager-1.3.0-SNAPSHOT.jar:?]
	at org.apache.hadoop.ozone.protocolPB.OzoneManagerProtocolServerSideTranslatorPB.processRequest(OzoneManagerProtocolServerSideTranslatorPB.java:175) ~[ozone-manager-1.3.0-SNAPSHOT.jar:?]
	at org.apache.hadoop.hdds.server.OzoneProtocolMessageDispatcher.processRequest(OzoneProtocolMessageDispatcher.java:87) [hdds-server-framework-1.3.0-SNAPSHOT.jar:?]
	at org.apache.hadoop.ozone.protocolPB.OzoneManagerProtocolServerSideTranslatorPB.submitRequest(OzoneManagerProtocolServerSideTranslatorPB.java:147) [ozone-manager-1.3.0-SNAPSHOT.jar:?]
	at org.apache.hadoop.ozone.protocol.proto.OzoneManagerProtocolProtos$OzoneManagerService$2.callBlockingMethod(OzoneManagerProtocolProtos.java) [ozone-interface-client-1.3.0-SNAPSHOT.jar:?]
	at org.apache.hadoop.ipc.ProtobufRpcEngine$Server.processCall(ProtobufRpcEngine.java:466) [hadoop-common-3.3.1.jar:?]
	at org.apache.hadoop.ipc.ProtobufRpcEngine2$Server$ProtoBufRpcInvoker.call(ProtobufRpcEngine2.java:574) [hadoop-common-3.3.1.jar:?]
	at org.apache.hadoop.ipc.ProtobufRpcEngine2$Server$ProtoBufRpcInvoker.call(ProtobufRpcEngine2.java:552) [hadoop-common-3.3.1.jar:?]
	at org.apache.hadoop.ipc.RPC$Server.call(RPC.java:1093) [hadoop-common-3.3.1.jar:?]
	at org.apache.hadoop.ipc.Server$RpcCall.run(Server.java:1035) [hadoop-common-3.3.1.jar:?]
	at org.apache.hadoop.ipc.Server$RpcCall.run(Server.java:963) [hadoop-common-3.3.1.jar:?]
	at java.security.AccessController.doPrivileged(Native Method) ~[?:1.8.0_332]
	at javax.security.auth.Subject.doAs(Subject.java:422) [?:1.8.0_332]
	at org.apache.hadoop.security.UserGroupInformation.doAs(UserGroupInformation.java:1878) [hadoop-common-3.3.1.jar:?]
	at org.apache.hadoop.ipc.Server$Handler.run(Server.java:2966) [hadoop-common-3.3.1.jar:?]
23:20:27.768 [IPC Server handler 3 on default port 35283] ERROR OMAudit - user=runner | ip=127.0.0.1 | op=GET_FILE_STATUS {volume=volume03377, bucket=bucket77067, key=testBatchDelete/parent/child5, dataSize=0, replicationConfig=null} | ret=FAILURE
org.apache.hadoop.ozone.om.exceptions.OMException: Unable to get file status: volume: volume03377 bucket: bucket77067 key: testBatchDelete/parent/child5
	at org.apache.hadoop.ozone.om.KeyManagerImpl.getOzoneFileStatus(KeyManagerImpl.java:1311) ~[ozone-manager-1.3.0-SNAPSHOT.jar:?]
	at org.apache.hadoop.ozone.om.KeyManagerImpl.getFileStatus(KeyManagerImpl.java:1241) ~[ozone-manager-1.3.0-SNAPSHOT.jar:?]
	at org.apache.hadoop.ozone.om.OzoneManager.getFileStatus(OzoneManager.java:3419) ~[ozone-manager-1.3.0-SNAPSHOT.jar:?]
	at org.apache.hadoop.ozone.protocolPB.OzoneManagerRequestHandler.getOzoneFileStatus(OzoneManagerRequestHandler.java:871) ~[ozone-manager-1.3.0-SNAPSHOT.jar:?]
	at org.apache.hadoop.ozone.protocolPB.OzoneManagerRequestHandler.handleReadRequest(OzoneManagerRequestHandler.java:217) ~[ozone-manager-1.3.0-SNAPSHOT.jar:?]
	at org.apache.hadoop.ozone.protocolPB.OzoneManagerProtocolServerSideTranslatorPB.submitReadRequestToOM(OzoneManagerProtocolServerSideTranslatorPB.java:226) ~[ozone-manager-1.3.0-SNAPSHOT.jar:?]
	at org.apache.hadoop.ozone.protocolPB.OzoneManagerProtocolServerSideTranslatorPB.processRequest(OzoneManagerProtocolServerSideTranslatorPB.java:175) ~[ozone-manager-1.3.0-SNAPSHOT.jar:?]
	at org.apache.hadoop.hdds.server.OzoneProtocolMessageDispatcher.processRequest(OzoneProtocolMessageDispatcher.java:87) [hdds-server-framework-1.3.0-SNAPSHOT.jar:?]
	at org.apache.hadoop.ozone.protocolPB.OzoneManagerProtocolServerSideTranslatorPB.submitRequest(OzoneManagerProtocolServerSideTranslatorPB.java:147) [ozone-manager-1.3.0-SNAPSHOT.jar:?]
	at org.apache.hadoop.ozone.protocol.proto.OzoneManagerProtocolProtos$OzoneManagerService$2.callBlockingMethod(OzoneManagerProtocolProtos.java) [ozone-interface-client-1.3.0-SNAPSHOT.jar:?]
	at org.apache.hadoop.ipc.ProtobufRpcEngine$Server.processCall(ProtobufRpcEngine.java:466) [hadoop-common-3.3.1.jar:?]
	at org.apache.hadoop.ipc.ProtobufRpcEngine2$Server$ProtoBufRpcInvoker.call(ProtobufRpcEngine2.java:574) [hadoop-common-3.3.1.jar:?]
	at org.apache.hadoop.ipc.ProtobufRpcEngine2$Server$ProtoBufRpcInvoker.call(ProtobufRpcEngine2.java:552) [hadoop-common-3.3.1.jar:?]
	at org.apache.hadoop.ipc.RPC$Server.call(RPC.java:1093) [hadoop-common-3.3.1.jar:?]
	at org.apache.hadoop.ipc.Server$RpcCall.run(Server.java:1035) [hadoop-common-3.3.1.jar:?]
	at org.apache.hadoop.ipc.Server$RpcCall.run(Server.java:963) [hadoop-common-3.3.1.jar:?]
	at java.security.AccessController.doPrivileged(Native Method) ~[?:1.8.0_332]
	at javax.security.auth.Subject.doAs(Subject.java:422) [?:1.8.0_332]
	at org.apache.hadoop.security.UserGroupInformation.doAs(UserGroupInformation.java:1878) [hadoop-common-3.3.1.jar:?]
	at org.apache.hadoop.ipc.Server$Handler.run(Server.java:2966) [hadoop-common-3.3.1.jar:?]
23:20:27.769 [IPC Server handler 5 on default port 35283] ERROR OMAudit - user=runner | ip=127.0.0.1 | op=GET_FILE_STATUS {volume=volume03377, bucket=bucket77067, key=testBatchDelete/parent/childFolder/child5, dataSize=0, replicationConfig=null} | ret=FAILURE
org.apache.hadoop.ozone.om.exceptions.OMException: Unable to get file status: volume: volume03377 bucket: bucket77067 key: testBatchDelete/parent/childFolder/child5
	at org.apache.hadoop.ozone.om.KeyManagerImpl.getOzoneFileStatus(KeyManagerImpl.java:1311) ~[ozone-manager-1.3.0-SNAPSHOT.jar:?]
	at org.apache.hadoop.ozone.om.KeyManagerImpl.getFileStatus(KeyManagerImpl.java:1241) ~[ozone-manager-1.3.0-SNAPSHOT.jar:?]
	at org.apache.hadoop.ozone.om.OzoneManager.getFileStatus(OzoneManager.java:3419) ~[ozone-manager-1.3.0-SNAPSHOT.jar:?]
	at org.apache.hadoop.ozone.protocolPB.OzoneManagerRequestHandler.getOzoneFileStatus(OzoneManagerRequestHandler.java:871) ~[ozone-manager-1.3.0-SNAPSHOT.jar:?]
	at org.apache.hadoop.ozone.protocolPB.OzoneManagerRequestHandler.handleReadRequest(OzoneManagerRequestHandler.java:217) ~[ozone-manager-1.3.0-SNAPSHOT.jar:?]
	at org.apache.hadoop.ozone.protocolPB.OzoneManagerProtocolServerSideTranslatorPB.submitReadRequestToOM(OzoneManagerProtocolServerSideTranslatorPB.java:226) ~[ozone-manager-1.3.0-SNAPSHOT.jar:?]
	at org.apache.hadoop.ozone.protocolPB.OzoneManagerProtocolServerSideTranslatorPB.processRequest(OzoneManagerProtocolServerSideTranslatorPB.java:175) ~[ozone-manager-1.3.0-SNAPSHOT.jar:?]
	at org.apache.hadoop.hdds.server.OzoneProtocolMessageDispatcher.processRequest(OzoneProtocolMessageDispatcher.java:87) [hdds-server-framework-1.3.0-SNAPSHOT.jar:?]
	at org.apache.hadoop.ozone.protocolPB.OzoneManagerProtocolServerSideTranslatorPB.submitRequest(OzoneManagerProtocolServerSideTranslatorPB.java:147) [ozone-manager-1.3.0-SNAPSHOT.jar:?]
	at org.apache.hadoop.ozone.protocol.proto.OzoneManagerProtocolProtos$OzoneManagerService$2.callBlockingMethod(OzoneManagerProtocolProtos.java) [ozone-interface-client-1.3.0-SNAPSHOT.jar:?]
	at org.apache.hadoop.ipc.ProtobufRpcEngine$Server.processCall(ProtobufRpcEngine.java:466) [hadoop-common-3.3.1.jar:?]
	at org.apache.hadoop.ipc.ProtobufRpcEngine2$Server$ProtoBufRpcInvoker.call(ProtobufRpcEngine2.java:574) [hadoop-common-3.3.1.jar:?]
	at org.apache.hadoop.ipc.ProtobufRpcEngine2$Server$ProtoBufRpcInvoker.call(ProtobufRpcEngine2.java:552) [hadoop-common-3.3.1.jar:?]
	at org.apache.hadoop.ipc.RPC$Server.call(RPC.java:1093) [hadoop-common-3.3.1.jar:?]
	at org.apache.hadoop.ipc.Server$RpcCall.run(Server.java:1035) [hadoop-common-3.3.1.jar:?]
	at org.apache.hadoop.ipc.Server$RpcCall.run(Server.java:963) [hadoop-common-3.3.1.jar:?]
	at java.security.AccessController.doPrivileged(Native Method) ~[?:1.8.0_332]
	at javax.security.auth.Subject.doAs(Subject.java:422) [?:1.8.0_332]
	at org.apache.hadoop.security.UserGroupInformation.doAs(UserGroupInformation.java:1878) [hadoop-common-3.3.1.jar:?]
	at org.apache.hadoop.ipc.Server$Handler.run(Server.java:2966) [hadoop-common-3.3.1.jar:?]
23:20:27.771 [IPC Server handler 7 on default port 35283] ERROR OMAudit - user=runner | ip=127.0.0.1 | op=GET_FILE_STATUS {volume=volume03377, bucket=bucket77067, key=testBatchDelete/parent/child6, dataSize=0, replicationConfig=null} | ret=FAILURE
org.apache.hadoop.ozone.om.exceptions.OMException: Unable to get file status: volume: volume03377 bucket: bucket77067 key: testBatchDelete/parent/child6
	at org.apache.hadoop.ozone.om.KeyManagerImpl.getOzoneFileStatus(KeyManagerImpl.java:1311) ~[ozone-manager-1.3.0-SNAPSHOT.jar:?]
	at org.apache.hadoop.ozone.om.KeyManagerImpl.getFileStatus(KeyManagerImpl.java:1241) ~[ozone-manager-1.3.0-SNAPSHOT.jar:?]
	at org.apache.hadoop.ozone.om.OzoneManager.getFileStatus(OzoneManager.java:3419) ~[ozone-manager-1.3.0-SNAPSHOT.jar:?]
	at org.apache.hadoop.ozone.protocolPB.OzoneManagerRequestHandler.getOzoneFileStatus(OzoneManagerRequestHandler.java:871) ~[ozone-manager-1.3.0-SNAPSHOT.jar:?]
	at org.apache.hadoop.ozone.protocolPB.OzoneManagerRequestHandler.handleReadRequest(OzoneManagerRequestHandler.java:217) ~[ozone-manager-1.3.0-SNAPSHOT.jar:?]
	at org.apache.hadoop.ozone.protocolPB.OzoneManagerProtocolServerSideTranslatorPB.submitReadRequestToOM(OzoneManagerProtocolServerSideTranslatorPB.java:226) ~[ozone-manager-1.3.0-SNAPSHOT.jar:?]
	at org.apache.hadoop.ozone.protocolPB.OzoneManagerProtocolServerSideTranslatorPB.processRequest(OzoneManagerProtocolServerSideTranslatorPB.java:175) ~[ozone-manager-1.3.0-SNAPSHOT.jar:?]
	at org.apache.hadoop.hdds.server.OzoneProtocolMessageDispatcher.processRequest(OzoneProtocolMessageDispatcher.java:87) [hdds-server-framework-1.3.0-SNAPSHOT.jar:?]
	at org.apache.hadoop.ozone.protocolPB.OzoneManagerProtocolServerSideTranslatorPB.submitRequest(OzoneManagerProtocolServerSideTranslatorPB.java:147) [ozone-manager-1.3.0-SNAPSHOT.jar:?]
	at org.apache.hadoop.ozone.protocol.proto.OzoneManagerProtocolProtos$OzoneManagerService$2.callBlockingMethod(OzoneManagerProtocolProtos.java) [ozone-interface-client-1.3.0-SNAPSHOT.jar:?]
	at org.apache.hadoop.ipc.ProtobufRpcEngine$Server.processCall(ProtobufRpcEngine.java:466) [hadoop-common-3.3.1.jar:?]
	at org.apache.hadoop.ipc.ProtobufRpcEngine2$Server$ProtoBufRpcInvoker.call(ProtobufRpcEngine2.java:574) [hadoop-common-3.3.1.jar:?]
	at org.apache.hadoop.ipc.ProtobufRpcEngine2$Server$ProtoBufRpcInvoker.call(ProtobufRpcEngine2.java:552) [hadoop-common-3.3.1.jar:?]
	at org.apache.hadoop.ipc.RPC$Server.call(RPC.java:1093) [hadoop-common-3.3.1.jar:?]
	at org.apache.hadoop.ipc.Server$RpcCall.run(Server.java:1035) [hadoop-common-3.3.1.jar:?]
	at org.apache.hadoop.ipc.Server$RpcCall.run(Server.java:963) [hadoop-common-3.3.1.jar:?]
	at java.security.AccessController.doPrivileged(Native Method) ~[?:1.8.0_332]
	at javax.security.auth.Subject.doAs(Subject.java:422) [?:1.8.0_332]
	at org.apache.hadoop.security.UserGroupInformation.doAs(UserGroupInformation.java:1878) [hadoop-common-3.3.1.jar:?]
	at org.apache.hadoop.ipc.Server$Handler.run(Server.java:2966) [hadoop-common-3.3.1.jar:?]
23:20:27.772 [IPC Server handler 9 on default port 35283] ERROR OMAudit - user=runner | ip=127.0.0.1 | op=GET_FILE_STATUS {volume=volume03377, bucket=bucket77067, key=testBatchDelete/parent/childFolder/child6, dataSize=0, replicationConfig=null} | ret=FAILURE
org.apache.hadoop.ozone.om.exceptions.OMException: Unable to get file status: volume: volume03377 bucket: bucket77067 key: testBatchDelete/parent/childFolder/child6
	at org.apache.hadoop.ozone.om.KeyManagerImpl.getOzoneFileStatus(KeyManagerImpl.java:1311) ~[ozone-manager-1.3.0-SNAPSHOT.jar:?]
	at org.apache.hadoop.ozone.om.KeyManagerImpl.getFileStatus(KeyManagerImpl.java:1241) ~[ozone-manager-1.3.0-SNAPSHOT.jar:?]
	at org.apache.hadoop.ozone.om.OzoneManager.getFileStatus(OzoneManager.java:3419) ~[ozone-manager-1.3.0-SNAPSHOT.jar:?]
	at org.apache.hadoop.ozone.protocolPB.OzoneManagerRequestHandler.getOzoneFileStatus(OzoneManagerRequestHandler.java:871) ~[ozone-manager-1.3.0-SNAPSHOT.jar:?]
	at org.apache.hadoop.ozone.protocolPB.OzoneManagerRequestHandler.handleReadRequest(OzoneManagerRequestHandler.java:217) ~[ozone-manager-1.3.0-SNAPSHOT.jar:?]
	at org.apache.hadoop.ozone.protocolPB.OzoneManagerProtocolServerSideTranslatorPB.submitReadRequestToOM(OzoneManagerProtocolServerSideTranslatorPB.java:226) ~[ozone-manager-1.3.0-SNAPSHOT.jar:?]
	at org.apache.hadoop.ozone.protocolPB.OzoneManagerProtocolServerSideTranslatorPB.processRequest(OzoneManagerProtocolServerSideTranslatorPB.java:175) ~[ozone-manager-1.3.0-SNAPSHOT.jar:?]
	at org.apache.hadoop.hdds.server.OzoneProtocolMessageDispatcher.processRequest(OzoneProtocolMessageDispatcher.java:87) [hdds-server-framework-1.3.0-SNAPSHOT.jar:?]
	at org.apache.hadoop.ozone.protocolPB.OzoneManagerProtocolServerSideTranslatorPB.submitRequest(OzoneManagerProtocolServerSideTranslatorPB.java:147) [ozone-manager-1.3.0-SNAPSHOT.jar:?]
	at org.apache.hadoop.ozone.protocol.proto.OzoneManagerProtocolProtos$OzoneManagerService$2.callBlockingMethod(OzoneManagerProtocolProtos.java) [ozone-interface-client-1.3.0-SNAPSHOT.jar:?]
	at org.apache.hadoop.ipc.ProtobufRpcEngine$Server.processCall(ProtobufRpcEngine.java:466) [hadoop-common-3.3.1.jar:?]
	at org.apache.hadoop.ipc.ProtobufRpcEngine2$Server$ProtoBufRpcInvoker.call(ProtobufRpcEngine2.java:574) [hadoop-common-3.3.1.jar:?]
	at org.apache.hadoop.ipc.ProtobufRpcEngine2$Server$ProtoBufRpcInvoker.call(ProtobufRpcEngine2.java:552) [hadoop-common-3.3.1.jar:?]
	at org.apache.hadoop.ipc.RPC$Server.call(RPC.java:1093) [hadoop-common-3.3.1.jar:?]
	at org.apache.hadoop.ipc.Server$RpcCall.run(Server.java:1035) [hadoop-common-3.3.1.jar:?]
	at org.apache.hadoop.ipc.Server$RpcCall.run(Server.java:963) [hadoop-common-3.3.1.jar:?]
	at java.security.AccessController.doPrivileged(Native Method) ~[?:1.8.0_332]
	at javax.security.auth.Subject.doAs(Subject.java:422) [?:1.8.0_332]
	at org.apache.hadoop.security.UserGroupInformation.doAs(UserGroupInformation.java:1878) [hadoop-common-3.3.1.jar:?]
	at org.apache.hadoop.ipc.Server$Handler.run(Server.java:2966) [hadoop-common-3.3.1.jar:?]
23:20:27.776 [IPC Server handler 10 on default port 35283] ERROR OMAudit - user=runner | ip=127.0.0.1 | op=GET_FILE_STATUS {volume=volume03377, bucket=bucket77067, key=testBatchDelete/parent/child7, dataSize=0, replicationConfig=null} | ret=FAILURE
org.apache.hadoop.ozone.om.exceptions.OMException: Unable to get file status: volume: volume03377 bucket: bucket77067 key: testBatchDelete/parent/child7
	at org.apache.hadoop.ozone.om.KeyManagerImpl.getOzoneFileStatus(KeyManagerImpl.java:1311) ~[ozone-manager-1.3.0-SNAPSHOT.jar:?]
	at org.apache.hadoop.ozone.om.KeyManagerImpl.getFileStatus(KeyManagerImpl.java:1241) ~[ozone-manager-1.3.0-SNAPSHOT.jar:?]
	at org.apache.hadoop.ozone.om.OzoneManager.getFileStatus(OzoneManager.java:3419) ~[ozone-manager-1.3.0-SNAPSHOT.jar:?]
	at org.apache.hadoop.ozone.protocolPB.OzoneManagerRequestHandler.getOzoneFileStatus(OzoneManagerRequestHandler.java:871) ~[ozone-manager-1.3.0-SNAPSHOT.jar:?]
	at org.apache.hadoop.ozone.protocolPB.OzoneManagerRequestHandler.handleReadRequest(OzoneManagerRequestHandler.java:217) ~[ozone-manager-1.3.0-SNAPSHOT.jar:?]
	at org.apache.hadoop.ozone.protocolPB.OzoneManagerProtocolServerSideTranslatorPB.submitReadRequestToOM(OzoneManagerProtocolServerSideTranslatorPB.java:226) ~[ozone-manager-1.3.0-SNAPSHOT.jar:?]
	at org.apache.hadoop.ozone.protocolPB.OzoneManagerProtocolServerSideTranslatorPB.processRequest(OzoneManagerProtocolServerSideTranslatorPB.java:175) ~[ozone-manager-1.3.0-SNAPSHOT.jar:?]
	at org.apache.hadoop.hdds.server.OzoneProtocolMessageDispatcher.processRequest(OzoneProtocolMessageDispatcher.java:87) [hdds-server-framework-1.3.0-SNAPSHOT.jar:?]
	at org.apache.hadoop.ozone.protocolPB.OzoneManagerProtocolServerSideTranslatorPB.submitRequest(OzoneManagerProtocolServerSideTranslatorPB.java:147) [ozone-manager-1.3.0-SNAPSHOT.jar:?]
	at org.apache.hadoop.ozone.protocol.proto.OzoneManagerProtocolProtos$OzoneManagerService$2.callBlockingMethod(OzoneManagerProtocolProtos.java) [ozone-interface-client-1.3.0-SNAPSHOT.jar:?]
	at org.apache.hadoop.ipc.ProtobufRpcEngine$Server.processCall(ProtobufRpcEngine.java:466) [hadoop-common-3.3.1.jar:?]
	at org.apache.hadoop.ipc.ProtobufRpcEngine2$Server$ProtoBufRpcInvoker.call(ProtobufRpcEngine2.java:574) [hadoop-common-3.3.1.jar:?]
	at org.apache.hadoop.ipc.ProtobufRpcEngine2$Server$ProtoBufRpcInvoker.call(ProtobufRpcEngine2.java:552) [hadoop-common-3.3.1.jar:?]
	at org.apache.hadoop.ipc.RPC$Server.call(RPC.java:1093) [hadoop-common-3.3.1.jar:?]
	at org.apache.hadoop.ipc.Server$RpcCall.run(Server.java:1035) [hadoop-common-3.3.1.jar:?]
	at org.apache.hadoop.ipc.Server$RpcCall.run(Server.java:963) [hadoop-common-3.3.1.jar:?]
	at java.security.AccessController.doPrivileged(Native Method) ~[?:1.8.0_332]
	at javax.security.auth.Subject.doAs(Subject.java:422) [?:1.8.0_332]
	at org.apache.hadoop.security.UserGroupInformation.doAs(UserGroupInformation.java:1878) [hadoop-common-3.3.1.jar:?]
	at org.apache.hadoop.ipc.Server$Handler.run(Server.java:2966) [hadoop-common-3.3.1.jar:?]
23:20:27.779 [IPC Server handler 6 on default port 35283] ERROR OMAudit - user=runner | ip=127.0.0.1 | op=GET_FILE_STATUS {volume=volume03377, bucket=bucket77067, key=testBatchDelete/parent/childFolder/child7, dataSize=0, replicationConfig=null} | ret=FAILURE
org.apache.hadoop.ozone.om.exceptions.OMException: Unable to get file status: volume: volume03377 bucket: bucket77067 key: testBatchDelete/parent/childFolder/child7
	at org.apache.hadoop.ozone.om.KeyManagerImpl.getOzoneFileStatus(KeyManagerImpl.java:1311) ~[ozone-manager-1.3.0-SNAPSHOT.jar:?]
	at org.apache.hadoop.ozone.om.KeyManagerImpl.getFileStatus(KeyManagerImpl.java:1241) ~[ozone-manager-1.3.0-SNAPSHOT.jar:?]
	at org.apache.hadoop.ozone.om.OzoneManager.getFileStatus(OzoneManager.java:3419) ~[ozone-manager-1.3.0-SNAPSHOT.jar:?]
	at org.apache.hadoop.ozone.protocolPB.OzoneManagerRequestHandler.getOzoneFileStatus(OzoneManagerRequestHandler.java:871) ~[ozone-manager-1.3.0-SNAPSHOT.jar:?]
	at org.apache.hadoop.ozone.protocolPB.OzoneManagerRequestHandler.handleReadRequest(OzoneManagerRequestHandler.java:217) ~[ozone-manager-1.3.0-SNAPSHOT.jar:?]
	at org.apache.hadoop.ozone.protocolPB.OzoneManagerProtocolServerSideTranslatorPB.submitReadRequestToOM(OzoneManagerProtocolServerSideTranslatorPB.java:226) ~[ozone-manager-1.3.0-SNAPSHOT.jar:?]
	at org.apache.hadoop.ozone.protocolPB.OzoneManagerProtocolServerSideTranslatorPB.processRequest(OzoneManagerProtocolServerSideTranslatorPB.java:175) ~[ozone-manager-1.3.0-SNAPSHOT.jar:?]
	at org.apache.hadoop.hdds.server.OzoneProtocolMessageDispatcher.processRequest(OzoneProtocolMessageDispatcher.java:87) [hdds-server-framework-1.3.0-SNAPSHOT.jar:?]
	at org.apache.hadoop.ozone.protocolPB.OzoneManagerProtocolServerSideTranslatorPB.submitRequest(OzoneManagerProtocolServerSideTranslatorPB.java:147) [ozone-manager-1.3.0-SNAPSHOT.jar:?]
	at org.apache.hadoop.ozone.protocol.proto.OzoneManagerProtocolProtos$OzoneManagerService$2.callBlockingMethod(OzoneManagerProtocolProtos.java) [ozone-interface-client-1.3.0-SNAPSHOT.jar:?]
	at org.apache.hadoop.ipc.ProtobufRpcEngine$Server.processCall(ProtobufRpcEngine.java:466) [hadoop-common-3.3.1.jar:?]
	at org.apache.hadoop.ipc.ProtobufRpcEngine2$Server$ProtoBufRpcInvoker.call(ProtobufRpcEngine2.java:574) [hadoop-common-3.3.1.jar:?]
	at org.apache.hadoop.ipc.ProtobufRpcEngine2$Server$ProtoBufRpcInvoker.call(ProtobufRpcEngine2.java:552) [hadoop-common-3.3.1.jar:?]
	at org.apache.hadoop.ipc.RPC$Server.call(RPC.java:1093) [hadoop-common-3.3.1.jar:?]
	at org.apache.hadoop.ipc.Server$RpcCall.run(Server.java:1035) [hadoop-common-3.3.1.jar:?]
	at org.apache.hadoop.ipc.Server$RpcCall.run(Server.java:963) [hadoop-common-3.3.1.jar:?]
	at java.security.AccessController.doPrivileged(Native Method) ~[?:1.8.0_332]
	at javax.security.auth.Subject.doAs(Subject.java:422) [?:1.8.0_332]
	at org.apache.hadoop.security.UserGroupInformation.doAs(UserGroupInformation.java:1878) [hadoop-common-3.3.1.jar:?]
	at org.apache.hadoop.ipc.Server$Handler.run(Server.java:2966) [hadoop-common-3.3.1.jar:?]
23:20:27.781 [IPC Server handler 14 on default port 35283] ERROR OMAudit - user=runner | ip=127.0.0.1 | op=GET_FILE_STATUS {volume=volume03377, bucket=bucket77067, key=testBatchDelete/parent, dataSize=0, replicationConfig=null} | ret=FAILURE
org.apache.hadoop.ozone.om.exceptions.OMException: Unable to get file status: volume: volume03377 bucket: bucket77067 key: testBatchDelete/parent
	at org.apache.hadoop.ozone.om.KeyManagerImpl.getOzoneFileStatus(KeyManagerImpl.java:1311) ~[ozone-manager-1.3.0-SNAPSHOT.jar:?]
	at org.apache.hadoop.ozone.om.KeyManagerImpl.getFileStatus(KeyManagerImpl.java:1241) ~[ozone-manager-1.3.0-SNAPSHOT.jar:?]
	at org.apache.hadoop.ozone.om.OzoneManager.getFileStatus(OzoneManager.java:3419) ~[ozone-manager-1.3.0-SNAPSHOT.jar:?]
	at org.apache.hadoop.ozone.protocolPB.OzoneManagerRequestHandler.getOzoneFileStatus(OzoneManagerRequestHandler.java:871) ~[ozone-manager-1.3.0-SNAPSHOT.jar:?]
	at org.apache.hadoop.ozone.protocolPB.OzoneManagerRequestHandler.handleReadRequest(OzoneManagerRequestHandler.java:217) ~[ozone-manager-1.3.0-SNAPSHOT.jar:?]
	at org.apache.hadoop.ozone.protocolPB.OzoneManagerProtocolServerSideTranslatorPB.submitReadRequestToOM(OzoneManagerProtocolServerSideTranslatorPB.java:226) ~[ozone-manager-1.3.0-SNAPSHOT.jar:?]
	at org.apache.hadoop.ozone.protocolPB.OzoneManagerProtocolServerSideTranslatorPB.processRequest(OzoneManagerProtocolServerSideTranslatorPB.java:175) ~[ozone-manager-1.3.0-SNAPSHOT.jar:?]
	at org.apache.hadoop.hdds.server.OzoneProtocolMessageDispatcher.processRequest(OzoneProtocolMessageDispatcher.java:87) [hdds-server-framework-1.3.0-SNAPSHOT.jar:?]
	at org.apache.hadoop.ozone.protocolPB.OzoneManagerProtocolServerSideTranslatorPB.submitRequest(OzoneManagerProtocolServerSideTranslatorPB.java:147) [ozone-manager-1.3.0-SNAPSHOT.jar:?]
	at org.apache.hadoop.ozone.protocol.proto.OzoneManagerProtocolProtos$OzoneManagerService$2.callBlockingMethod(OzoneManagerProtocolProtos.java) [ozone-interface-client-1.3.0-SNAPSHOT.jar:?]
	at org.apache.hadoop.ipc.ProtobufRpcEngine$Server.processCall(ProtobufRpcEngine.java:466) [hadoop-common-3.3.1.jar:?]
	at org.apache.hadoop.ipc.ProtobufRpcEngine2$Server$ProtoBufRpcInvoker.call(ProtobufRpcEngine2.java:574) [hadoop-common-3.3.1.jar:?]
	at org.apache.hadoop.ipc.ProtobufRpcEngine2$Server$ProtoBufRpcInvoker.call(ProtobufRpcEngine2.java:552) [hadoop-common-3.3.1.jar:?]
	at org.apache.hadoop.ipc.RPC$Server.call(RPC.java:1093) [hadoop-common-3.3.1.jar:?]
	at org.apache.hadoop.ipc.Server$RpcCall.run(Server.java:1035) [hadoop-common-3.3.1.jar:?]
	at org.apache.hadoop.ipc.Server$RpcCall.run(Server.java:963) [hadoop-common-3.3.1.jar:?]
	at java.security.AccessController.doPrivileged(Native Method) ~[?:1.8.0_332]
	at javax.security.auth.Subject.doAs(Subject.java:422) [?:1.8.0_332]
	at org.apache.hadoop.security.UserGroupInformation.doAs(UserGroupInformation.java:1878) [hadoop-common-3.3.1.jar:?]
	at org.apache.hadoop.ipc.Server$Handler.run(Server.java:2966) [hadoop-common-3.3.1.jar:?]
2022-07-12 23:20:27,781 [Time-limited test] WARN  ozone.BasicRootedOzoneFileSystem (BasicRootedOzoneFileSystem.java:delete(572)) - delete: Path does not exist: /volume03377/bucket77067/testBatchDelete/parent
]]></system-out>
  </testcase>
  <testcase name="testFileDelete" classname="TestRootedOzoneFileSystem" time="0.223">
    <system-out><![CDATA[2022-07-12 23:21:40,608 [Time-limited test] INFO  rpc.RpcClient (RpcClient.java:createVolume(466)) - Creating Volume: volume86585, with user25979 as owner and space quota set to -1 bytes, counts quota set to -1
2022-07-12 23:21:40,611 [OM StateMachine ApplyTransaction Thread - 0] INFO  volume.OMVolumeCreateRequest (OMVolumeCreateRequest.java:validateAndUpdateCache(195)) - created volume:volume86585 for user:user25979
2022-07-12 23:21:40,612 [Time-limited test] INFO  rpc.RpcClient (RpcClient.java:createBucket(669)) - Creating Bucket: volume86585/bucket84952, with bucket layout LEGACY, runner as owner, Versioning false, Storage Type set to DISK and Encryption set to false 
2022-07-12 23:21:40,613 [OM StateMachine ApplyTransaction Thread - 0] INFO  bucket.OMBucketCreateRequest (OMBucketCreateRequest.java:validateAndUpdateCache(260)) - created bucket: bucket84952 of layout LEGACY in volume: volume86585
23:21:40.726 [IPC Server handler 7 on default port 33951] ERROR OMAudit - user=runner | ip=127.0.0.1 | op=GET_FILE_STATUS {volume=volume86585, bucket=bucket84952, key=testBatchDelete, dataSize=0, replicationConfig=null} | ret=FAILURE
org.apache.hadoop.ozone.om.exceptions.OMException: Unable to get file status: volume: volume86585 bucket: bucket84952 key: testBatchDelete
	at org.apache.hadoop.ozone.om.KeyManagerImpl.getOzoneFileStatus(KeyManagerImpl.java:1311) ~[ozone-manager-1.3.0-SNAPSHOT.jar:?]
	at org.apache.hadoop.ozone.om.KeyManagerImpl.getFileStatus(KeyManagerImpl.java:1241) ~[ozone-manager-1.3.0-SNAPSHOT.jar:?]
	at org.apache.hadoop.ozone.om.OzoneManager.getFileStatus(OzoneManager.java:3419) ~[ozone-manager-1.3.0-SNAPSHOT.jar:?]
	at org.apache.hadoop.ozone.protocolPB.OzoneManagerRequestHandler.getOzoneFileStatus(OzoneManagerRequestHandler.java:871) ~[ozone-manager-1.3.0-SNAPSHOT.jar:?]
	at org.apache.hadoop.ozone.protocolPB.OzoneManagerRequestHandler.handleReadRequest(OzoneManagerRequestHandler.java:217) ~[ozone-manager-1.3.0-SNAPSHOT.jar:?]
	at org.apache.hadoop.ozone.protocolPB.OzoneManagerProtocolServerSideTranslatorPB.submitReadRequestToOM(OzoneManagerProtocolServerSideTranslatorPB.java:226) ~[ozone-manager-1.3.0-SNAPSHOT.jar:?]
	at org.apache.hadoop.ozone.protocolPB.OzoneManagerProtocolServerSideTranslatorPB.processRequest(OzoneManagerProtocolServerSideTranslatorPB.java:175) ~[ozone-manager-1.3.0-SNAPSHOT.jar:?]
	at org.apache.hadoop.hdds.server.OzoneProtocolMessageDispatcher.processRequest(OzoneProtocolMessageDispatcher.java:87) [hdds-server-framework-1.3.0-SNAPSHOT.jar:?]
	at org.apache.hadoop.ozone.protocolPB.OzoneManagerProtocolServerSideTranslatorPB.submitRequest(OzoneManagerProtocolServerSideTranslatorPB.java:147) [ozone-manager-1.3.0-SNAPSHOT.jar:?]
	at org.apache.hadoop.ozone.protocol.proto.OzoneManagerProtocolProtos$OzoneManagerService$2.callBlockingMethod(OzoneManagerProtocolProtos.java) [ozone-interface-client-1.3.0-SNAPSHOT.jar:?]
	at org.apache.hadoop.ipc.ProtobufRpcEngine$Server.processCall(ProtobufRpcEngine.java:466) [hadoop-common-3.3.1.jar:?]
	at org.apache.hadoop.ipc.ProtobufRpcEngine2$Server$ProtoBufRpcInvoker.call(ProtobufRpcEngine2.java:574) [hadoop-common-3.3.1.jar:?]
	at org.apache.hadoop.ipc.ProtobufRpcEngine2$Server$ProtoBufRpcInvoker.call(ProtobufRpcEngine2.java:552) [hadoop-common-3.3.1.jar:?]
	at org.apache.hadoop.ipc.RPC$Server.call(RPC.java:1093) [hadoop-common-3.3.1.jar:?]
	at org.apache.hadoop.ipc.Server$RpcCall.run(Server.java:1035) [hadoop-common-3.3.1.jar:?]
	at org.apache.hadoop.ipc.Server$RpcCall.run(Server.java:963) [hadoop-common-3.3.1.jar:?]
	at java.security.AccessController.doPrivileged(Native Method) ~[?:1.8.0_332]
	at javax.security.auth.Subject.doAs(Subject.java:422) [?:1.8.0_332]
	at org.apache.hadoop.security.UserGroupInformation.doAs(UserGroupInformation.java:1878) [hadoop-common-3.3.1.jar:?]
	at org.apache.hadoop.ipc.Server$Handler.run(Server.java:2966) [hadoop-common-3.3.1.jar:?]
23:21:40.727 [IPC Server handler 8 on default port 33951] ERROR OMAudit - user=runner | ip=127.0.0.1 | op=GET_FILE_STATUS {volume=volume86585, bucket=bucket84952, key=testBatchDelete/parent/child0, dataSize=0, replicationConfig=null} | ret=FAILURE
org.apache.hadoop.ozone.om.exceptions.OMException: Unable to get file status: volume: volume86585 bucket: bucket84952 key: testBatchDelete/parent/child0
	at org.apache.hadoop.ozone.om.KeyManagerImpl.getOzoneFileStatus(KeyManagerImpl.java:1311) ~[ozone-manager-1.3.0-SNAPSHOT.jar:?]
	at org.apache.hadoop.ozone.om.KeyManagerImpl.getFileStatus(KeyManagerImpl.java:1241) ~[ozone-manager-1.3.0-SNAPSHOT.jar:?]
	at org.apache.hadoop.ozone.om.OzoneManager.getFileStatus(OzoneManager.java:3419) ~[ozone-manager-1.3.0-SNAPSHOT.jar:?]
	at org.apache.hadoop.ozone.protocolPB.OzoneManagerRequestHandler.getOzoneFileStatus(OzoneManagerRequestHandler.java:871) ~[ozone-manager-1.3.0-SNAPSHOT.jar:?]
	at org.apache.hadoop.ozone.protocolPB.OzoneManagerRequestHandler.handleReadRequest(OzoneManagerRequestHandler.java:217) ~[ozone-manager-1.3.0-SNAPSHOT.jar:?]
	at org.apache.hadoop.ozone.protocolPB.OzoneManagerProtocolServerSideTranslatorPB.submitReadRequestToOM(OzoneManagerProtocolServerSideTranslatorPB.java:226) ~[ozone-manager-1.3.0-SNAPSHOT.jar:?]
	at org.apache.hadoop.ozone.protocolPB.OzoneManagerProtocolServerSideTranslatorPB.processRequest(OzoneManagerProtocolServerSideTranslatorPB.java:175) ~[ozone-manager-1.3.0-SNAPSHOT.jar:?]
	at org.apache.hadoop.hdds.server.OzoneProtocolMessageDispatcher.processRequest(OzoneProtocolMessageDispatcher.java:87) [hdds-server-framework-1.3.0-SNAPSHOT.jar:?]
	at org.apache.hadoop.ozone.protocolPB.OzoneManagerProtocolServerSideTranslatorPB.submitRequest(OzoneManagerProtocolServerSideTranslatorPB.java:147) [ozone-manager-1.3.0-SNAPSHOT.jar:?]
	at org.apache.hadoop.ozone.protocol.proto.OzoneManagerProtocolProtos$OzoneManagerService$2.callBlockingMethod(OzoneManagerProtocolProtos.java) [ozone-interface-client-1.3.0-SNAPSHOT.jar:?]
	at org.apache.hadoop.ipc.ProtobufRpcEngine$Server.processCall(ProtobufRpcEngine.java:466) [hadoop-common-3.3.1.jar:?]
	at org.apache.hadoop.ipc.ProtobufRpcEngine2$Server$ProtoBufRpcInvoker.call(ProtobufRpcEngine2.java:574) [hadoop-common-3.3.1.jar:?]
	at org.apache.hadoop.ipc.ProtobufRpcEngine2$Server$ProtoBufRpcInvoker.call(ProtobufRpcEngine2.java:552) [hadoop-common-3.3.1.jar:?]
	at org.apache.hadoop.ipc.RPC$Server.call(RPC.java:1093) [hadoop-common-3.3.1.jar:?]
	at org.apache.hadoop.ipc.Server$RpcCall.run(Server.java:1035) [hadoop-common-3.3.1.jar:?]
	at org.apache.hadoop.ipc.Server$RpcCall.run(Server.java:963) [hadoop-common-3.3.1.jar:?]
	at java.security.AccessController.doPrivileged(Native Method) ~[?:1.8.0_332]
	at javax.security.auth.Subject.doAs(Subject.java:422) [?:1.8.0_332]
	at org.apache.hadoop.security.UserGroupInformation.doAs(UserGroupInformation.java:1878) [hadoop-common-3.3.1.jar:?]
	at org.apache.hadoop.ipc.Server$Handler.run(Server.java:2966) [hadoop-common-3.3.1.jar:?]
23:21:40.729 [IPC Server handler 19 on default port 33951] ERROR OMAudit - user=runner | ip=127.0.0.1 | op=GET_FILE_STATUS {volume=volume86585, bucket=bucket84952, key=testBatchDelete/parent/childFolder/child0, dataSize=0, replicationConfig=null} | ret=FAILURE
org.apache.hadoop.ozone.om.exceptions.OMException: Unable to get file status: volume: volume86585 bucket: bucket84952 key: testBatchDelete/parent/childFolder/child0
	at org.apache.hadoop.ozone.om.KeyManagerImpl.getOzoneFileStatus(KeyManagerImpl.java:1311) ~[ozone-manager-1.3.0-SNAPSHOT.jar:?]
	at org.apache.hadoop.ozone.om.KeyManagerImpl.getFileStatus(KeyManagerImpl.java:1241) ~[ozone-manager-1.3.0-SNAPSHOT.jar:?]
	at org.apache.hadoop.ozone.om.OzoneManager.getFileStatus(OzoneManager.java:3419) ~[ozone-manager-1.3.0-SNAPSHOT.jar:?]
	at org.apache.hadoop.ozone.protocolPB.OzoneManagerRequestHandler.getOzoneFileStatus(OzoneManagerRequestHandler.java:871) ~[ozone-manager-1.3.0-SNAPSHOT.jar:?]
	at org.apache.hadoop.ozone.protocolPB.OzoneManagerRequestHandler.handleReadRequest(OzoneManagerRequestHandler.java:217) ~[ozone-manager-1.3.0-SNAPSHOT.jar:?]
	at org.apache.hadoop.ozone.protocolPB.OzoneManagerProtocolServerSideTranslatorPB.submitReadRequestToOM(OzoneManagerProtocolServerSideTranslatorPB.java:226) ~[ozone-manager-1.3.0-SNAPSHOT.jar:?]
	at org.apache.hadoop.ozone.protocolPB.OzoneManagerProtocolServerSideTranslatorPB.processRequest(OzoneManagerProtocolServerSideTranslatorPB.java:175) ~[ozone-manager-1.3.0-SNAPSHOT.jar:?]
	at org.apache.hadoop.hdds.server.OzoneProtocolMessageDispatcher.processRequest(OzoneProtocolMessageDispatcher.java:87) [hdds-server-framework-1.3.0-SNAPSHOT.jar:?]
	at org.apache.hadoop.ozone.protocolPB.OzoneManagerProtocolServerSideTranslatorPB.submitRequest(OzoneManagerProtocolServerSideTranslatorPB.java:147) [ozone-manager-1.3.0-SNAPSHOT.jar:?]
	at org.apache.hadoop.ozone.protocol.proto.OzoneManagerProtocolProtos$OzoneManagerService$2.callBlockingMethod(OzoneManagerProtocolProtos.java) [ozone-interface-client-1.3.0-SNAPSHOT.jar:?]
	at org.apache.hadoop.ipc.ProtobufRpcEngine$Server.processCall(ProtobufRpcEngine.java:466) [hadoop-common-3.3.1.jar:?]
	at org.apache.hadoop.ipc.ProtobufRpcEngine2$Server$ProtoBufRpcInvoker.call(ProtobufRpcEngine2.java:574) [hadoop-common-3.3.1.jar:?]
	at org.apache.hadoop.ipc.ProtobufRpcEngine2$Server$ProtoBufRpcInvoker.call(ProtobufRpcEngine2.java:552) [hadoop-common-3.3.1.jar:?]
	at org.apache.hadoop.ipc.RPC$Server.call(RPC.java:1093) [hadoop-common-3.3.1.jar:?]
	at org.apache.hadoop.ipc.Server$RpcCall.run(Server.java:1035) [hadoop-common-3.3.1.jar:?]
	at org.apache.hadoop.ipc.Server$RpcCall.run(Server.java:963) [hadoop-common-3.3.1.jar:?]
	at java.security.AccessController.doPrivileged(Native Method) ~[?:1.8.0_332]
	at javax.security.auth.Subject.doAs(Subject.java:422) [?:1.8.0_332]
	at org.apache.hadoop.security.UserGroupInformation.doAs(UserGroupInformation.java:1878) [hadoop-common-3.3.1.jar:?]
	at org.apache.hadoop.ipc.Server$Handler.run(Server.java:2966) [hadoop-common-3.3.1.jar:?]
23:21:40.730 [IPC Server handler 1 on default port 33951] ERROR OMAudit - user=runner | ip=127.0.0.1 | op=GET_FILE_STATUS {volume=volume86585, bucket=bucket84952, key=testBatchDelete/parent/child1, dataSize=0, replicationConfig=null} | ret=FAILURE
org.apache.hadoop.ozone.om.exceptions.OMException: Unable to get file status: volume: volume86585 bucket: bucket84952 key: testBatchDelete/parent/child1
	at org.apache.hadoop.ozone.om.KeyManagerImpl.getOzoneFileStatus(KeyManagerImpl.java:1311) ~[ozone-manager-1.3.0-SNAPSHOT.jar:?]
	at org.apache.hadoop.ozone.om.KeyManagerImpl.getFileStatus(KeyManagerImpl.java:1241) ~[ozone-manager-1.3.0-SNAPSHOT.jar:?]
	at org.apache.hadoop.ozone.om.OzoneManager.getFileStatus(OzoneManager.java:3419) ~[ozone-manager-1.3.0-SNAPSHOT.jar:?]
	at org.apache.hadoop.ozone.protocolPB.OzoneManagerRequestHandler.getOzoneFileStatus(OzoneManagerRequestHandler.java:871) ~[ozone-manager-1.3.0-SNAPSHOT.jar:?]
	at org.apache.hadoop.ozone.protocolPB.OzoneManagerRequestHandler.handleReadRequest(OzoneManagerRequestHandler.java:217) ~[ozone-manager-1.3.0-SNAPSHOT.jar:?]
	at org.apache.hadoop.ozone.protocolPB.OzoneManagerProtocolServerSideTranslatorPB.submitReadRequestToOM(OzoneManagerProtocolServerSideTranslatorPB.java:226) ~[ozone-manager-1.3.0-SNAPSHOT.jar:?]
	at org.apache.hadoop.ozone.protocolPB.OzoneManagerProtocolServerSideTranslatorPB.processRequest(OzoneManagerProtocolServerSideTranslatorPB.java:175) ~[ozone-manager-1.3.0-SNAPSHOT.jar:?]
	at org.apache.hadoop.hdds.server.OzoneProtocolMessageDispatcher.processRequest(OzoneProtocolMessageDispatcher.java:87) [hdds-server-framework-1.3.0-SNAPSHOT.jar:?]
	at org.apache.hadoop.ozone.protocolPB.OzoneManagerProtocolServerSideTranslatorPB.submitRequest(OzoneManagerProtocolServerSideTranslatorPB.java:147) [ozone-manager-1.3.0-SNAPSHOT.jar:?]
	at org.apache.hadoop.ozone.protocol.proto.OzoneManagerProtocolProtos$OzoneManagerService$2.callBlockingMethod(OzoneManagerProtocolProtos.java) [ozone-interface-client-1.3.0-SNAPSHOT.jar:?]
	at org.apache.hadoop.ipc.ProtobufRpcEngine$Server.processCall(ProtobufRpcEngine.java:466) [hadoop-common-3.3.1.jar:?]
	at org.apache.hadoop.ipc.ProtobufRpcEngine2$Server$ProtoBufRpcInvoker.call(ProtobufRpcEngine2.java:574) [hadoop-common-3.3.1.jar:?]
	at org.apache.hadoop.ipc.ProtobufRpcEngine2$Server$ProtoBufRpcInvoker.call(ProtobufRpcEngine2.java:552) [hadoop-common-3.3.1.jar:?]
	at org.apache.hadoop.ipc.RPC$Server.call(RPC.java:1093) [hadoop-common-3.3.1.jar:?]
	at org.apache.hadoop.ipc.Server$RpcCall.run(Server.java:1035) [hadoop-common-3.3.1.jar:?]
	at org.apache.hadoop.ipc.Server$RpcCall.run(Server.java:963) [hadoop-common-3.3.1.jar:?]
	at java.security.AccessController.doPrivileged(Native Method) ~[?:1.8.0_332]
	at javax.security.auth.Subject.doAs(Subject.java:422) [?:1.8.0_332]
	at org.apache.hadoop.security.UserGroupInformation.doAs(UserGroupInformation.java:1878) [hadoop-common-3.3.1.jar:?]
	at org.apache.hadoop.ipc.Server$Handler.run(Server.java:2966) [hadoop-common-3.3.1.jar:?]
23:21:40.731 [IPC Server handler 18 on default port 33951] ERROR OMAudit - user=runner | ip=127.0.0.1 | op=GET_FILE_STATUS {volume=volume86585, bucket=bucket84952, key=testBatchDelete/parent/childFolder/child1, dataSize=0, replicationConfig=null} | ret=FAILURE
org.apache.hadoop.ozone.om.exceptions.OMException: Unable to get file status: volume: volume86585 bucket: bucket84952 key: testBatchDelete/parent/childFolder/child1
	at org.apache.hadoop.ozone.om.KeyManagerImpl.getOzoneFileStatus(KeyManagerImpl.java:1311) ~[ozone-manager-1.3.0-SNAPSHOT.jar:?]
	at org.apache.hadoop.ozone.om.KeyManagerImpl.getFileStatus(KeyManagerImpl.java:1241) ~[ozone-manager-1.3.0-SNAPSHOT.jar:?]
	at org.apache.hadoop.ozone.om.OzoneManager.getFileStatus(OzoneManager.java:3419) ~[ozone-manager-1.3.0-SNAPSHOT.jar:?]
	at org.apache.hadoop.ozone.protocolPB.OzoneManagerRequestHandler.getOzoneFileStatus(OzoneManagerRequestHandler.java:871) ~[ozone-manager-1.3.0-SNAPSHOT.jar:?]
	at org.apache.hadoop.ozone.protocolPB.OzoneManagerRequestHandler.handleReadRequest(OzoneManagerRequestHandler.java:217) ~[ozone-manager-1.3.0-SNAPSHOT.jar:?]
	at org.apache.hadoop.ozone.protocolPB.OzoneManagerProtocolServerSideTranslatorPB.submitReadRequestToOM(OzoneManagerProtocolServerSideTranslatorPB.java:226) ~[ozone-manager-1.3.0-SNAPSHOT.jar:?]
	at org.apache.hadoop.ozone.protocolPB.OzoneManagerProtocolServerSideTranslatorPB.processRequest(OzoneManagerProtocolServerSideTranslatorPB.java:175) ~[ozone-manager-1.3.0-SNAPSHOT.jar:?]
	at org.apache.hadoop.hdds.server.OzoneProtocolMessageDispatcher.processRequest(OzoneProtocolMessageDispatcher.java:87) [hdds-server-framework-1.3.0-SNAPSHOT.jar:?]
	at org.apache.hadoop.ozone.protocolPB.OzoneManagerProtocolServerSideTranslatorPB.submitRequest(OzoneManagerProtocolServerSideTranslatorPB.java:147) [ozone-manager-1.3.0-SNAPSHOT.jar:?]
	at org.apache.hadoop.ozone.protocol.proto.OzoneManagerProtocolProtos$OzoneManagerService$2.callBlockingMethod(OzoneManagerProtocolProtos.java) [ozone-interface-client-1.3.0-SNAPSHOT.jar:?]
	at org.apache.hadoop.ipc.ProtobufRpcEngine$Server.processCall(ProtobufRpcEngine.java:466) [hadoop-common-3.3.1.jar:?]
	at org.apache.hadoop.ipc.ProtobufRpcEngine2$Server$ProtoBufRpcInvoker.call(ProtobufRpcEngine2.java:574) [hadoop-common-3.3.1.jar:?]
	at org.apache.hadoop.ipc.ProtobufRpcEngine2$Server$ProtoBufRpcInvoker.call(ProtobufRpcEngine2.java:552) [hadoop-common-3.3.1.jar:?]
	at org.apache.hadoop.ipc.RPC$Server.call(RPC.java:1093) [hadoop-common-3.3.1.jar:?]
	at org.apache.hadoop.ipc.Server$RpcCall.run(Server.java:1035) [hadoop-common-3.3.1.jar:?]
	at org.apache.hadoop.ipc.Server$RpcCall.run(Server.java:963) [hadoop-common-3.3.1.jar:?]
	at java.security.AccessController.doPrivileged(Native Method) ~[?:1.8.0_332]
	at javax.security.auth.Subject.doAs(Subject.java:422) [?:1.8.0_332]
	at org.apache.hadoop.security.UserGroupInformation.doAs(UserGroupInformation.java:1878) [hadoop-common-3.3.1.jar:?]
	at org.apache.hadoop.ipc.Server$Handler.run(Server.java:2966) [hadoop-common-3.3.1.jar:?]
23:21:40.732 [IPC Server handler 16 on default port 33951] ERROR OMAudit - user=runner | ip=127.0.0.1 | op=GET_FILE_STATUS {volume=volume86585, bucket=bucket84952, key=testBatchDelete/parent/child2, dataSize=0, replicationConfig=null} | ret=FAILURE
org.apache.hadoop.ozone.om.exceptions.OMException: Unable to get file status: volume: volume86585 bucket: bucket84952 key: testBatchDelete/parent/child2
	at org.apache.hadoop.ozone.om.KeyManagerImpl.getOzoneFileStatus(KeyManagerImpl.java:1311) ~[ozone-manager-1.3.0-SNAPSHOT.jar:?]
	at org.apache.hadoop.ozone.om.KeyManagerImpl.getFileStatus(KeyManagerImpl.java:1241) ~[ozone-manager-1.3.0-SNAPSHOT.jar:?]
	at org.apache.hadoop.ozone.om.OzoneManager.getFileStatus(OzoneManager.java:3419) ~[ozone-manager-1.3.0-SNAPSHOT.jar:?]
	at org.apache.hadoop.ozone.protocolPB.OzoneManagerRequestHandler.getOzoneFileStatus(OzoneManagerRequestHandler.java:871) ~[ozone-manager-1.3.0-SNAPSHOT.jar:?]
	at org.apache.hadoop.ozone.protocolPB.OzoneManagerRequestHandler.handleReadRequest(OzoneManagerRequestHandler.java:217) ~[ozone-manager-1.3.0-SNAPSHOT.jar:?]
	at org.apache.hadoop.ozone.protocolPB.OzoneManagerProtocolServerSideTranslatorPB.submitReadRequestToOM(OzoneManagerProtocolServerSideTranslatorPB.java:226) ~[ozone-manager-1.3.0-SNAPSHOT.jar:?]
	at org.apache.hadoop.ozone.protocolPB.OzoneManagerProtocolServerSideTranslatorPB.processRequest(OzoneManagerProtocolServerSideTranslatorPB.java:175) ~[ozone-manager-1.3.0-SNAPSHOT.jar:?]
	at org.apache.hadoop.hdds.server.OzoneProtocolMessageDispatcher.processRequest(OzoneProtocolMessageDispatcher.java:87) [hdds-server-framework-1.3.0-SNAPSHOT.jar:?]
	at org.apache.hadoop.ozone.protocolPB.OzoneManagerProtocolServerSideTranslatorPB.submitRequest(OzoneManagerProtocolServerSideTranslatorPB.java:147) [ozone-manager-1.3.0-SNAPSHOT.jar:?]
	at org.apache.hadoop.ozone.protocol.proto.OzoneManagerProtocolProtos$OzoneManagerService$2.callBlockingMethod(OzoneManagerProtocolProtos.java) [ozone-interface-client-1.3.0-SNAPSHOT.jar:?]
	at org.apache.hadoop.ipc.ProtobufRpcEngine$Server.processCall(ProtobufRpcEngine.java:466) [hadoop-common-3.3.1.jar:?]
	at org.apache.hadoop.ipc.ProtobufRpcEngine2$Server$ProtoBufRpcInvoker.call(ProtobufRpcEngine2.java:574) [hadoop-common-3.3.1.jar:?]
	at org.apache.hadoop.ipc.ProtobufRpcEngine2$Server$ProtoBufRpcInvoker.call(ProtobufRpcEngine2.java:552) [hadoop-common-3.3.1.jar:?]
	at org.apache.hadoop.ipc.RPC$Server.call(RPC.java:1093) [hadoop-common-3.3.1.jar:?]
	at org.apache.hadoop.ipc.Server$RpcCall.run(Server.java:1035) [hadoop-common-3.3.1.jar:?]
	at org.apache.hadoop.ipc.Server$RpcCall.run(Server.java:963) [hadoop-common-3.3.1.jar:?]
	at java.security.AccessController.doPrivileged(Native Method) ~[?:1.8.0_332]
	at javax.security.auth.Subject.doAs(Subject.java:422) [?:1.8.0_332]
	at org.apache.hadoop.security.UserGroupInformation.doAs(UserGroupInformation.java:1878) [hadoop-common-3.3.1.jar:?]
	at org.apache.hadoop.ipc.Server$Handler.run(Server.java:2966) [hadoop-common-3.3.1.jar:?]
23:21:40.733 [IPC Server handler 14 on default port 33951] ERROR OMAudit - user=runner | ip=127.0.0.1 | op=GET_FILE_STATUS {volume=volume86585, bucket=bucket84952, key=testBatchDelete/parent/childFolder/child2, dataSize=0, replicationConfig=null} | ret=FAILURE
org.apache.hadoop.ozone.om.exceptions.OMException: Unable to get file status: volume: volume86585 bucket: bucket84952 key: testBatchDelete/parent/childFolder/child2
	at org.apache.hadoop.ozone.om.KeyManagerImpl.getOzoneFileStatus(KeyManagerImpl.java:1311) ~[ozone-manager-1.3.0-SNAPSHOT.jar:?]
	at org.apache.hadoop.ozone.om.KeyManagerImpl.getFileStatus(KeyManagerImpl.java:1241) ~[ozone-manager-1.3.0-SNAPSHOT.jar:?]
	at org.apache.hadoop.ozone.om.OzoneManager.getFileStatus(OzoneManager.java:3419) ~[ozone-manager-1.3.0-SNAPSHOT.jar:?]
	at org.apache.hadoop.ozone.protocolPB.OzoneManagerRequestHandler.getOzoneFileStatus(OzoneManagerRequestHandler.java:871) ~[ozone-manager-1.3.0-SNAPSHOT.jar:?]
	at org.apache.hadoop.ozone.protocolPB.OzoneManagerRequestHandler.handleReadRequest(OzoneManagerRequestHandler.java:217) ~[ozone-manager-1.3.0-SNAPSHOT.jar:?]
	at org.apache.hadoop.ozone.protocolPB.OzoneManagerProtocolServerSideTranslatorPB.submitReadRequestToOM(OzoneManagerProtocolServerSideTranslatorPB.java:226) ~[ozone-manager-1.3.0-SNAPSHOT.jar:?]
	at org.apache.hadoop.ozone.protocolPB.OzoneManagerProtocolServerSideTranslatorPB.processRequest(OzoneManagerProtocolServerSideTranslatorPB.java:175) ~[ozone-manager-1.3.0-SNAPSHOT.jar:?]
	at org.apache.hadoop.hdds.server.OzoneProtocolMessageDispatcher.processRequest(OzoneProtocolMessageDispatcher.java:87) [hdds-server-framework-1.3.0-SNAPSHOT.jar:?]
	at org.apache.hadoop.ozone.protocolPB.OzoneManagerProtocolServerSideTranslatorPB.submitRequest(OzoneManagerProtocolServerSideTranslatorPB.java:147) [ozone-manager-1.3.0-SNAPSHOT.jar:?]
	at org.apache.hadoop.ozone.protocol.proto.OzoneManagerProtocolProtos$OzoneManagerService$2.callBlockingMethod(OzoneManagerProtocolProtos.java) [ozone-interface-client-1.3.0-SNAPSHOT.jar:?]
	at org.apache.hadoop.ipc.ProtobufRpcEngine$Server.processCall(ProtobufRpcEngine.java:466) [hadoop-common-3.3.1.jar:?]
	at org.apache.hadoop.ipc.ProtobufRpcEngine2$Server$ProtoBufRpcInvoker.call(ProtobufRpcEngine2.java:574) [hadoop-common-3.3.1.jar:?]
	at org.apache.hadoop.ipc.ProtobufRpcEngine2$Server$ProtoBufRpcInvoker.call(ProtobufRpcEngine2.java:552) [hadoop-common-3.3.1.jar:?]
	at org.apache.hadoop.ipc.RPC$Server.call(RPC.java:1093) [hadoop-common-3.3.1.jar:?]
	at org.apache.hadoop.ipc.Server$RpcCall.run(Server.java:1035) [hadoop-common-3.3.1.jar:?]
	at org.apache.hadoop.ipc.Server$RpcCall.run(Server.java:963) [hadoop-common-3.3.1.jar:?]
	at java.security.AccessController.doPrivileged(Native Method) ~[?:1.8.0_332]
	at javax.security.auth.Subject.doAs(Subject.java:422) [?:1.8.0_332]
	at org.apache.hadoop.security.UserGroupInformation.doAs(UserGroupInformation.java:1878) [hadoop-common-3.3.1.jar:?]
	at org.apache.hadoop.ipc.Server$Handler.run(Server.java:2966) [hadoop-common-3.3.1.jar:?]
23:21:40.734 [IPC Server handler 11 on default port 33951] ERROR OMAudit - user=runner | ip=127.0.0.1 | op=GET_FILE_STATUS {volume=volume86585, bucket=bucket84952, key=testBatchDelete/parent/child3, dataSize=0, replicationConfig=null} | ret=FAILURE
org.apache.hadoop.ozone.om.exceptions.OMException: Unable to get file status: volume: volume86585 bucket: bucket84952 key: testBatchDelete/parent/child3
	at org.apache.hadoop.ozone.om.KeyManagerImpl.getOzoneFileStatus(KeyManagerImpl.java:1311) ~[ozone-manager-1.3.0-SNAPSHOT.jar:?]
	at org.apache.hadoop.ozone.om.KeyManagerImpl.getFileStatus(KeyManagerImpl.java:1241) ~[ozone-manager-1.3.0-SNAPSHOT.jar:?]
	at org.apache.hadoop.ozone.om.OzoneManager.getFileStatus(OzoneManager.java:3419) ~[ozone-manager-1.3.0-SNAPSHOT.jar:?]
	at org.apache.hadoop.ozone.protocolPB.OzoneManagerRequestHandler.getOzoneFileStatus(OzoneManagerRequestHandler.java:871) ~[ozone-manager-1.3.0-SNAPSHOT.jar:?]
	at org.apache.hadoop.ozone.protocolPB.OzoneManagerRequestHandler.handleReadRequest(OzoneManagerRequestHandler.java:217) ~[ozone-manager-1.3.0-SNAPSHOT.jar:?]
	at org.apache.hadoop.ozone.protocolPB.OzoneManagerProtocolServerSideTranslatorPB.submitReadRequestToOM(OzoneManagerProtocolServerSideTranslatorPB.java:226) ~[ozone-manager-1.3.0-SNAPSHOT.jar:?]
	at org.apache.hadoop.ozone.protocolPB.OzoneManagerProtocolServerSideTranslatorPB.processRequest(OzoneManagerProtocolServerSideTranslatorPB.java:175) ~[ozone-manager-1.3.0-SNAPSHOT.jar:?]
	at org.apache.hadoop.hdds.server.OzoneProtocolMessageDispatcher.processRequest(OzoneProtocolMessageDispatcher.java:87) [hdds-server-framework-1.3.0-SNAPSHOT.jar:?]
	at org.apache.hadoop.ozone.protocolPB.OzoneManagerProtocolServerSideTranslatorPB.submitRequest(OzoneManagerProtocolServerSideTranslatorPB.java:147) [ozone-manager-1.3.0-SNAPSHOT.jar:?]
	at org.apache.hadoop.ozone.protocol.proto.OzoneManagerProtocolProtos$OzoneManagerService$2.callBlockingMethod(OzoneManagerProtocolProtos.java) [ozone-interface-client-1.3.0-SNAPSHOT.jar:?]
	at org.apache.hadoop.ipc.ProtobufRpcEngine$Server.processCall(ProtobufRpcEngine.java:466) [hadoop-common-3.3.1.jar:?]
	at org.apache.hadoop.ipc.ProtobufRpcEngine2$Server$ProtoBufRpcInvoker.call(ProtobufRpcEngine2.java:574) [hadoop-common-3.3.1.jar:?]
	at org.apache.hadoop.ipc.ProtobufRpcEngine2$Server$ProtoBufRpcInvoker.call(ProtobufRpcEngine2.java:552) [hadoop-common-3.3.1.jar:?]
	at org.apache.hadoop.ipc.RPC$Server.call(RPC.java:1093) [hadoop-common-3.3.1.jar:?]
	at org.apache.hadoop.ipc.Server$RpcCall.run(Server.java:1035) [hadoop-common-3.3.1.jar:?]
	at org.apache.hadoop.ipc.Server$RpcCall.run(Server.java:963) [hadoop-common-3.3.1.jar:?]
	at java.security.AccessController.doPrivileged(Native Method) ~[?:1.8.0_332]
	at javax.security.auth.Subject.doAs(Subject.java:422) [?:1.8.0_332]
	at org.apache.hadoop.security.UserGroupInformation.doAs(UserGroupInformation.java:1878) [hadoop-common-3.3.1.jar:?]
	at org.apache.hadoop.ipc.Server$Handler.run(Server.java:2966) [hadoop-common-3.3.1.jar:?]
23:21:40.735 [IPC Server handler 9 on default port 33951] ERROR OMAudit - user=runner | ip=127.0.0.1 | op=GET_FILE_STATUS {volume=volume86585, bucket=bucket84952, key=testBatchDelete/parent/childFolder/child3, dataSize=0, replicationConfig=null} | ret=FAILURE
org.apache.hadoop.ozone.om.exceptions.OMException: Unable to get file status: volume: volume86585 bucket: bucket84952 key: testBatchDelete/parent/childFolder/child3
	at org.apache.hadoop.ozone.om.KeyManagerImpl.getOzoneFileStatus(KeyManagerImpl.java:1311) ~[ozone-manager-1.3.0-SNAPSHOT.jar:?]
	at org.apache.hadoop.ozone.om.KeyManagerImpl.getFileStatus(KeyManagerImpl.java:1241) ~[ozone-manager-1.3.0-SNAPSHOT.jar:?]
	at org.apache.hadoop.ozone.om.OzoneManager.getFileStatus(OzoneManager.java:3419) ~[ozone-manager-1.3.0-SNAPSHOT.jar:?]
	at org.apache.hadoop.ozone.protocolPB.OzoneManagerRequestHandler.getOzoneFileStatus(OzoneManagerRequestHandler.java:871) ~[ozone-manager-1.3.0-SNAPSHOT.jar:?]
	at org.apache.hadoop.ozone.protocolPB.OzoneManagerRequestHandler.handleReadRequest(OzoneManagerRequestHandler.java:217) ~[ozone-manager-1.3.0-SNAPSHOT.jar:?]
	at org.apache.hadoop.ozone.protocolPB.OzoneManagerProtocolServerSideTranslatorPB.submitReadRequestToOM(OzoneManagerProtocolServerSideTranslatorPB.java:226) ~[ozone-manager-1.3.0-SNAPSHOT.jar:?]
	at org.apache.hadoop.ozone.protocolPB.OzoneManagerProtocolServerSideTranslatorPB.processRequest(OzoneManagerProtocolServerSideTranslatorPB.java:175) ~[ozone-manager-1.3.0-SNAPSHOT.jar:?]
	at org.apache.hadoop.hdds.server.OzoneProtocolMessageDispatcher.processRequest(OzoneProtocolMessageDispatcher.java:87) [hdds-server-framework-1.3.0-SNAPSHOT.jar:?]
	at org.apache.hadoop.ozone.protocolPB.OzoneManagerProtocolServerSideTranslatorPB.submitRequest(OzoneManagerProtocolServerSideTranslatorPB.java:147) [ozone-manager-1.3.0-SNAPSHOT.jar:?]
	at org.apache.hadoop.ozone.protocol.proto.OzoneManagerProtocolProtos$OzoneManagerService$2.callBlockingMethod(OzoneManagerProtocolProtos.java) [ozone-interface-client-1.3.0-SNAPSHOT.jar:?]
	at org.apache.hadoop.ipc.ProtobufRpcEngine$Server.processCall(ProtobufRpcEngine.java:466) [hadoop-common-3.3.1.jar:?]
	at org.apache.hadoop.ipc.ProtobufRpcEngine2$Server$ProtoBufRpcInvoker.call(ProtobufRpcEngine2.java:574) [hadoop-common-3.3.1.jar:?]
	at org.apache.hadoop.ipc.ProtobufRpcEngine2$Server$ProtoBufRpcInvoker.call(ProtobufRpcEngine2.java:552) [hadoop-common-3.3.1.jar:?]
	at org.apache.hadoop.ipc.RPC$Server.call(RPC.java:1093) [hadoop-common-3.3.1.jar:?]
	at org.apache.hadoop.ipc.Server$RpcCall.run(Server.java:1035) [hadoop-common-3.3.1.jar:?]
	at org.apache.hadoop.ipc.Server$RpcCall.run(Server.java:963) [hadoop-common-3.3.1.jar:?]
	at java.security.AccessController.doPrivileged(Native Method) ~[?:1.8.0_332]
	at javax.security.auth.Subject.doAs(Subject.java:422) [?:1.8.0_332]
	at org.apache.hadoop.security.UserGroupInformation.doAs(UserGroupInformation.java:1878) [hadoop-common-3.3.1.jar:?]
	at org.apache.hadoop.ipc.Server$Handler.run(Server.java:2966) [hadoop-common-3.3.1.jar:?]
23:21:40.736 [IPC Server handler 6 on default port 33951] ERROR OMAudit - user=runner | ip=127.0.0.1 | op=GET_FILE_STATUS {volume=volume86585, bucket=bucket84952, key=testBatchDelete/parent/child4, dataSize=0, replicationConfig=null} | ret=FAILURE
org.apache.hadoop.ozone.om.exceptions.OMException: Unable to get file status: volume: volume86585 bucket: bucket84952 key: testBatchDelete/parent/child4
	at org.apache.hadoop.ozone.om.KeyManagerImpl.getOzoneFileStatus(KeyManagerImpl.java:1311) ~[ozone-manager-1.3.0-SNAPSHOT.jar:?]
	at org.apache.hadoop.ozone.om.KeyManagerImpl.getFileStatus(KeyManagerImpl.java:1241) ~[ozone-manager-1.3.0-SNAPSHOT.jar:?]
	at org.apache.hadoop.ozone.om.OzoneManager.getFileStatus(OzoneManager.java:3419) ~[ozone-manager-1.3.0-SNAPSHOT.jar:?]
	at org.apache.hadoop.ozone.protocolPB.OzoneManagerRequestHandler.getOzoneFileStatus(OzoneManagerRequestHandler.java:871) ~[ozone-manager-1.3.0-SNAPSHOT.jar:?]
	at org.apache.hadoop.ozone.protocolPB.OzoneManagerRequestHandler.handleReadRequest(OzoneManagerRequestHandler.java:217) ~[ozone-manager-1.3.0-SNAPSHOT.jar:?]
	at org.apache.hadoop.ozone.protocolPB.OzoneManagerProtocolServerSideTranslatorPB.submitReadRequestToOM(OzoneManagerProtocolServerSideTranslatorPB.java:226) ~[ozone-manager-1.3.0-SNAPSHOT.jar:?]
	at org.apache.hadoop.ozone.protocolPB.OzoneManagerProtocolServerSideTranslatorPB.processRequest(OzoneManagerProtocolServerSideTranslatorPB.java:175) ~[ozone-manager-1.3.0-SNAPSHOT.jar:?]
	at org.apache.hadoop.hdds.server.OzoneProtocolMessageDispatcher.processRequest(OzoneProtocolMessageDispatcher.java:87) [hdds-server-framework-1.3.0-SNAPSHOT.jar:?]
	at org.apache.hadoop.ozone.protocolPB.OzoneManagerProtocolServerSideTranslatorPB.submitRequest(OzoneManagerProtocolServerSideTranslatorPB.java:147) [ozone-manager-1.3.0-SNAPSHOT.jar:?]
	at org.apache.hadoop.ozone.protocol.proto.OzoneManagerProtocolProtos$OzoneManagerService$2.callBlockingMethod(OzoneManagerProtocolProtos.java) [ozone-interface-client-1.3.0-SNAPSHOT.jar:?]
	at org.apache.hadoop.ipc.ProtobufRpcEngine$Server.processCall(ProtobufRpcEngine.java:466) [hadoop-common-3.3.1.jar:?]
	at org.apache.hadoop.ipc.ProtobufRpcEngine2$Server$ProtoBufRpcInvoker.call(ProtobufRpcEngine2.java:574) [hadoop-common-3.3.1.jar:?]
	at org.apache.hadoop.ipc.ProtobufRpcEngine2$Server$ProtoBufRpcInvoker.call(ProtobufRpcEngine2.java:552) [hadoop-common-3.3.1.jar:?]
	at org.apache.hadoop.ipc.RPC$Server.call(RPC.java:1093) [hadoop-common-3.3.1.jar:?]
	at org.apache.hadoop.ipc.Server$RpcCall.run(Server.java:1035) [hadoop-common-3.3.1.jar:?]
	at org.apache.hadoop.ipc.Server$RpcCall.run(Server.java:963) [hadoop-common-3.3.1.jar:?]
	at java.security.AccessController.doPrivileged(Native Method) ~[?:1.8.0_332]
	at javax.security.auth.Subject.doAs(Subject.java:422) [?:1.8.0_332]
	at org.apache.hadoop.security.UserGroupInformation.doAs(UserGroupInformation.java:1878) [hadoop-common-3.3.1.jar:?]
	at org.apache.hadoop.ipc.Server$Handler.run(Server.java:2966) [hadoop-common-3.3.1.jar:?]
23:21:40.737 [IPC Server handler 7 on default port 33951] ERROR OMAudit - user=runner | ip=127.0.0.1 | op=GET_FILE_STATUS {volume=volume86585, bucket=bucket84952, key=testBatchDelete/parent/childFolder/child4, dataSize=0, replicationConfig=null} | ret=FAILURE
org.apache.hadoop.ozone.om.exceptions.OMException: Unable to get file status: volume: volume86585 bucket: bucket84952 key: testBatchDelete/parent/childFolder/child4
	at org.apache.hadoop.ozone.om.KeyManagerImpl.getOzoneFileStatus(KeyManagerImpl.java:1311) ~[ozone-manager-1.3.0-SNAPSHOT.jar:?]
	at org.apache.hadoop.ozone.om.KeyManagerImpl.getFileStatus(KeyManagerImpl.java:1241) ~[ozone-manager-1.3.0-SNAPSHOT.jar:?]
	at org.apache.hadoop.ozone.om.OzoneManager.getFileStatus(OzoneManager.java:3419) ~[ozone-manager-1.3.0-SNAPSHOT.jar:?]
	at org.apache.hadoop.ozone.protocolPB.OzoneManagerRequestHandler.getOzoneFileStatus(OzoneManagerRequestHandler.java:871) ~[ozone-manager-1.3.0-SNAPSHOT.jar:?]
	at org.apache.hadoop.ozone.protocolPB.OzoneManagerRequestHandler.handleReadRequest(OzoneManagerRequestHandler.java:217) ~[ozone-manager-1.3.0-SNAPSHOT.jar:?]
	at org.apache.hadoop.ozone.protocolPB.OzoneManagerProtocolServerSideTranslatorPB.submitReadRequestToOM(OzoneManagerProtocolServerSideTranslatorPB.java:226) ~[ozone-manager-1.3.0-SNAPSHOT.jar:?]
	at org.apache.hadoop.ozone.protocolPB.OzoneManagerProtocolServerSideTranslatorPB.processRequest(OzoneManagerProtocolServerSideTranslatorPB.java:175) ~[ozone-manager-1.3.0-SNAPSHOT.jar:?]
	at org.apache.hadoop.hdds.server.OzoneProtocolMessageDispatcher.processRequest(OzoneProtocolMessageDispatcher.java:87) [hdds-server-framework-1.3.0-SNAPSHOT.jar:?]
	at org.apache.hadoop.ozone.protocolPB.OzoneManagerProtocolServerSideTranslatorPB.submitRequest(OzoneManagerProtocolServerSideTranslatorPB.java:147) [ozone-manager-1.3.0-SNAPSHOT.jar:?]
	at org.apache.hadoop.ozone.protocol.proto.OzoneManagerProtocolProtos$OzoneManagerService$2.callBlockingMethod(OzoneManagerProtocolProtos.java) [ozone-interface-client-1.3.0-SNAPSHOT.jar:?]
	at org.apache.hadoop.ipc.ProtobufRpcEngine$Server.processCall(ProtobufRpcEngine.java:466) [hadoop-common-3.3.1.jar:?]
	at org.apache.hadoop.ipc.ProtobufRpcEngine2$Server$ProtoBufRpcInvoker.call(ProtobufRpcEngine2.java:574) [hadoop-common-3.3.1.jar:?]
	at org.apache.hadoop.ipc.ProtobufRpcEngine2$Server$ProtoBufRpcInvoker.call(ProtobufRpcEngine2.java:552) [hadoop-common-3.3.1.jar:?]
	at org.apache.hadoop.ipc.RPC$Server.call(RPC.java:1093) [hadoop-common-3.3.1.jar:?]
	at org.apache.hadoop.ipc.Server$RpcCall.run(Server.java:1035) [hadoop-common-3.3.1.jar:?]
	at org.apache.hadoop.ipc.Server$RpcCall.run(Server.java:963) [hadoop-common-3.3.1.jar:?]
	at java.security.AccessController.doPrivileged(Native Method) ~[?:1.8.0_332]
	at javax.security.auth.Subject.doAs(Subject.java:422) [?:1.8.0_332]
	at org.apache.hadoop.security.UserGroupInformation.doAs(UserGroupInformation.java:1878) [hadoop-common-3.3.1.jar:?]
	at org.apache.hadoop.ipc.Server$Handler.run(Server.java:2966) [hadoop-common-3.3.1.jar:?]
23:21:40.738 [IPC Server handler 8 on default port 33951] ERROR OMAudit - user=runner | ip=127.0.0.1 | op=GET_FILE_STATUS {volume=volume86585, bucket=bucket84952, key=testBatchDelete/parent/child5, dataSize=0, replicationConfig=null} | ret=FAILURE
org.apache.hadoop.ozone.om.exceptions.OMException: Unable to get file status: volume: volume86585 bucket: bucket84952 key: testBatchDelete/parent/child5
	at org.apache.hadoop.ozone.om.KeyManagerImpl.getOzoneFileStatus(KeyManagerImpl.java:1311) ~[ozone-manager-1.3.0-SNAPSHOT.jar:?]
	at org.apache.hadoop.ozone.om.KeyManagerImpl.getFileStatus(KeyManagerImpl.java:1241) ~[ozone-manager-1.3.0-SNAPSHOT.jar:?]
	at org.apache.hadoop.ozone.om.OzoneManager.getFileStatus(OzoneManager.java:3419) ~[ozone-manager-1.3.0-SNAPSHOT.jar:?]
	at org.apache.hadoop.ozone.protocolPB.OzoneManagerRequestHandler.getOzoneFileStatus(OzoneManagerRequestHandler.java:871) ~[ozone-manager-1.3.0-SNAPSHOT.jar:?]
	at org.apache.hadoop.ozone.protocolPB.OzoneManagerRequestHandler.handleReadRequest(OzoneManagerRequestHandler.java:217) ~[ozone-manager-1.3.0-SNAPSHOT.jar:?]
	at org.apache.hadoop.ozone.protocolPB.OzoneManagerProtocolServerSideTranslatorPB.submitReadRequestToOM(OzoneManagerProtocolServerSideTranslatorPB.java:226) ~[ozone-manager-1.3.0-SNAPSHOT.jar:?]
	at org.apache.hadoop.ozone.protocolPB.OzoneManagerProtocolServerSideTranslatorPB.processRequest(OzoneManagerProtocolServerSideTranslatorPB.java:175) ~[ozone-manager-1.3.0-SNAPSHOT.jar:?]
	at org.apache.hadoop.hdds.server.OzoneProtocolMessageDispatcher.processRequest(OzoneProtocolMessageDispatcher.java:87) [hdds-server-framework-1.3.0-SNAPSHOT.jar:?]
	at org.apache.hadoop.ozone.protocolPB.OzoneManagerProtocolServerSideTranslatorPB.submitRequest(OzoneManagerProtocolServerSideTranslatorPB.java:147) [ozone-manager-1.3.0-SNAPSHOT.jar:?]
	at org.apache.hadoop.ozone.protocol.proto.OzoneManagerProtocolProtos$OzoneManagerService$2.callBlockingMethod(OzoneManagerProtocolProtos.java) [ozone-interface-client-1.3.0-SNAPSHOT.jar:?]
	at org.apache.hadoop.ipc.ProtobufRpcEngine$Server.processCall(ProtobufRpcEngine.java:466) [hadoop-common-3.3.1.jar:?]
	at org.apache.hadoop.ipc.ProtobufRpcEngine2$Server$ProtoBufRpcInvoker.call(ProtobufRpcEngine2.java:574) [hadoop-common-3.3.1.jar:?]
	at org.apache.hadoop.ipc.ProtobufRpcEngine2$Server$ProtoBufRpcInvoker.call(ProtobufRpcEngine2.java:552) [hadoop-common-3.3.1.jar:?]
	at org.apache.hadoop.ipc.RPC$Server.call(RPC.java:1093) [hadoop-common-3.3.1.jar:?]
	at org.apache.hadoop.ipc.Server$RpcCall.run(Server.java:1035) [hadoop-common-3.3.1.jar:?]
	at org.apache.hadoop.ipc.Server$RpcCall.run(Server.java:963) [hadoop-common-3.3.1.jar:?]
	at java.security.AccessController.doPrivileged(Native Method) ~[?:1.8.0_332]
	at javax.security.auth.Subject.doAs(Subject.java:422) [?:1.8.0_332]
	at org.apache.hadoop.security.UserGroupInformation.doAs(UserGroupInformation.java:1878) [hadoop-common-3.3.1.jar:?]
	at org.apache.hadoop.ipc.Server$Handler.run(Server.java:2966) [hadoop-common-3.3.1.jar:?]
23:21:40.739 [IPC Server handler 19 on default port 33951] ERROR OMAudit - user=runner | ip=127.0.0.1 | op=GET_FILE_STATUS {volume=volume86585, bucket=bucket84952, key=testBatchDelete/parent/childFolder/child5, dataSize=0, replicationConfig=null} | ret=FAILURE
org.apache.hadoop.ozone.om.exceptions.OMException: Unable to get file status: volume: volume86585 bucket: bucket84952 key: testBatchDelete/parent/childFolder/child5
	at org.apache.hadoop.ozone.om.KeyManagerImpl.getOzoneFileStatus(KeyManagerImpl.java:1311) ~[ozone-manager-1.3.0-SNAPSHOT.jar:?]
	at org.apache.hadoop.ozone.om.KeyManagerImpl.getFileStatus(KeyManagerImpl.java:1241) ~[ozone-manager-1.3.0-SNAPSHOT.jar:?]
	at org.apache.hadoop.ozone.om.OzoneManager.getFileStatus(OzoneManager.java:3419) ~[ozone-manager-1.3.0-SNAPSHOT.jar:?]
	at org.apache.hadoop.ozone.protocolPB.OzoneManagerRequestHandler.getOzoneFileStatus(OzoneManagerRequestHandler.java:871) ~[ozone-manager-1.3.0-SNAPSHOT.jar:?]
	at org.apache.hadoop.ozone.protocolPB.OzoneManagerRequestHandler.handleReadRequest(OzoneManagerRequestHandler.java:217) ~[ozone-manager-1.3.0-SNAPSHOT.jar:?]
	at org.apache.hadoop.ozone.protocolPB.OzoneManagerProtocolServerSideTranslatorPB.submitReadRequestToOM(OzoneManagerProtocolServerSideTranslatorPB.java:226) ~[ozone-manager-1.3.0-SNAPSHOT.jar:?]
	at org.apache.hadoop.ozone.protocolPB.OzoneManagerProtocolServerSideTranslatorPB.processRequest(OzoneManagerProtocolServerSideTranslatorPB.java:175) ~[ozone-manager-1.3.0-SNAPSHOT.jar:?]
	at org.apache.hadoop.hdds.server.OzoneProtocolMessageDispatcher.processRequest(OzoneProtocolMessageDispatcher.java:87) [hdds-server-framework-1.3.0-SNAPSHOT.jar:?]
	at org.apache.hadoop.ozone.protocolPB.OzoneManagerProtocolServerSideTranslatorPB.submitRequest(OzoneManagerProtocolServerSideTranslatorPB.java:147) [ozone-manager-1.3.0-SNAPSHOT.jar:?]
	at org.apache.hadoop.ozone.protocol.proto.OzoneManagerProtocolProtos$OzoneManagerService$2.callBlockingMethod(OzoneManagerProtocolProtos.java) [ozone-interface-client-1.3.0-SNAPSHOT.jar:?]
	at org.apache.hadoop.ipc.ProtobufRpcEngine$Server.processCall(ProtobufRpcEngine.java:466) [hadoop-common-3.3.1.jar:?]
	at org.apache.hadoop.ipc.ProtobufRpcEngine2$Server$ProtoBufRpcInvoker.call(ProtobufRpcEngine2.java:574) [hadoop-common-3.3.1.jar:?]
	at org.apache.hadoop.ipc.ProtobufRpcEngine2$Server$ProtoBufRpcInvoker.call(ProtobufRpcEngine2.java:552) [hadoop-common-3.3.1.jar:?]
	at org.apache.hadoop.ipc.RPC$Server.call(RPC.java:1093) [hadoop-common-3.3.1.jar:?]
	at org.apache.hadoop.ipc.Server$RpcCall.run(Server.java:1035) [hadoop-common-3.3.1.jar:?]
	at org.apache.hadoop.ipc.Server$RpcCall.run(Server.java:963) [hadoop-common-3.3.1.jar:?]
	at java.security.AccessController.doPrivileged(Native Method) ~[?:1.8.0_332]
	at javax.security.auth.Subject.doAs(Subject.java:422) [?:1.8.0_332]
	at org.apache.hadoop.security.UserGroupInformation.doAs(UserGroupInformation.java:1878) [hadoop-common-3.3.1.jar:?]
	at org.apache.hadoop.ipc.Server$Handler.run(Server.java:2966) [hadoop-common-3.3.1.jar:?]
23:21:40.740 [IPC Server handler 1 on default port 33951] ERROR OMAudit - user=runner | ip=127.0.0.1 | op=GET_FILE_STATUS {volume=volume86585, bucket=bucket84952, key=testBatchDelete/parent/child6, dataSize=0, replicationConfig=null} | ret=FAILURE
org.apache.hadoop.ozone.om.exceptions.OMException: Unable to get file status: volume: volume86585 bucket: bucket84952 key: testBatchDelete/parent/child6
	at org.apache.hadoop.ozone.om.KeyManagerImpl.getOzoneFileStatus(KeyManagerImpl.java:1311) ~[ozone-manager-1.3.0-SNAPSHOT.jar:?]
	at org.apache.hadoop.ozone.om.KeyManagerImpl.getFileStatus(KeyManagerImpl.java:1241) ~[ozone-manager-1.3.0-SNAPSHOT.jar:?]
	at org.apache.hadoop.ozone.om.OzoneManager.getFileStatus(OzoneManager.java:3419) ~[ozone-manager-1.3.0-SNAPSHOT.jar:?]
	at org.apache.hadoop.ozone.protocolPB.OzoneManagerRequestHandler.getOzoneFileStatus(OzoneManagerRequestHandler.java:871) ~[ozone-manager-1.3.0-SNAPSHOT.jar:?]
	at org.apache.hadoop.ozone.protocolPB.OzoneManagerRequestHandler.handleReadRequest(OzoneManagerRequestHandler.java:217) ~[ozone-manager-1.3.0-SNAPSHOT.jar:?]
	at org.apache.hadoop.ozone.protocolPB.OzoneManagerProtocolServerSideTranslatorPB.submitReadRequestToOM(OzoneManagerProtocolServerSideTranslatorPB.java:226) ~[ozone-manager-1.3.0-SNAPSHOT.jar:?]
	at org.apache.hadoop.ozone.protocolPB.OzoneManagerProtocolServerSideTranslatorPB.processRequest(OzoneManagerProtocolServerSideTranslatorPB.java:175) ~[ozone-manager-1.3.0-SNAPSHOT.jar:?]
	at org.apache.hadoop.hdds.server.OzoneProtocolMessageDispatcher.processRequest(OzoneProtocolMessageDispatcher.java:87) [hdds-server-framework-1.3.0-SNAPSHOT.jar:?]
	at org.apache.hadoop.ozone.protocolPB.OzoneManagerProtocolServerSideTranslatorPB.submitRequest(OzoneManagerProtocolServerSideTranslatorPB.java:147) [ozone-manager-1.3.0-SNAPSHOT.jar:?]
	at org.apache.hadoop.ozone.protocol.proto.OzoneManagerProtocolProtos$OzoneManagerService$2.callBlockingMethod(OzoneManagerProtocolProtos.java) [ozone-interface-client-1.3.0-SNAPSHOT.jar:?]
	at org.apache.hadoop.ipc.ProtobufRpcEngine$Server.processCall(ProtobufRpcEngine.java:466) [hadoop-common-3.3.1.jar:?]
	at org.apache.hadoop.ipc.ProtobufRpcEngine2$Server$ProtoBufRpcInvoker.call(ProtobufRpcEngine2.java:574) [hadoop-common-3.3.1.jar:?]
	at org.apache.hadoop.ipc.ProtobufRpcEngine2$Server$ProtoBufRpcInvoker.call(ProtobufRpcEngine2.java:552) [hadoop-common-3.3.1.jar:?]
	at org.apache.hadoop.ipc.RPC$Server.call(RPC.java:1093) [hadoop-common-3.3.1.jar:?]
	at org.apache.hadoop.ipc.Server$RpcCall.run(Server.java:1035) [hadoop-common-3.3.1.jar:?]
	at org.apache.hadoop.ipc.Server$RpcCall.run(Server.java:963) [hadoop-common-3.3.1.jar:?]
	at java.security.AccessController.doPrivileged(Native Method) ~[?:1.8.0_332]
	at javax.security.auth.Subject.doAs(Subject.java:422) [?:1.8.0_332]
	at org.apache.hadoop.security.UserGroupInformation.doAs(UserGroupInformation.java:1878) [hadoop-common-3.3.1.jar:?]
	at org.apache.hadoop.ipc.Server$Handler.run(Server.java:2966) [hadoop-common-3.3.1.jar:?]
23:21:40.742 [IPC Server handler 18 on default port 33951] ERROR OMAudit - user=runner | ip=127.0.0.1 | op=GET_FILE_STATUS {volume=volume86585, bucket=bucket84952, key=testBatchDelete/parent/childFolder/child6, dataSize=0, replicationConfig=null} | ret=FAILURE
org.apache.hadoop.ozone.om.exceptions.OMException: Unable to get file status: volume: volume86585 bucket: bucket84952 key: testBatchDelete/parent/childFolder/child6
	at org.apache.hadoop.ozone.om.KeyManagerImpl.getOzoneFileStatus(KeyManagerImpl.java:1311) ~[ozone-manager-1.3.0-SNAPSHOT.jar:?]
	at org.apache.hadoop.ozone.om.KeyManagerImpl.getFileStatus(KeyManagerImpl.java:1241) ~[ozone-manager-1.3.0-SNAPSHOT.jar:?]
	at org.apache.hadoop.ozone.om.OzoneManager.getFileStatus(OzoneManager.java:3419) ~[ozone-manager-1.3.0-SNAPSHOT.jar:?]
	at org.apache.hadoop.ozone.protocolPB.OzoneManagerRequestHandler.getOzoneFileStatus(OzoneManagerRequestHandler.java:871) ~[ozone-manager-1.3.0-SNAPSHOT.jar:?]
	at org.apache.hadoop.ozone.protocolPB.OzoneManagerRequestHandler.handleReadRequest(OzoneManagerRequestHandler.java:217) ~[ozone-manager-1.3.0-SNAPSHOT.jar:?]
	at org.apache.hadoop.ozone.protocolPB.OzoneManagerProtocolServerSideTranslatorPB.submitReadRequestToOM(OzoneManagerProtocolServerSideTranslatorPB.java:226) ~[ozone-manager-1.3.0-SNAPSHOT.jar:?]
	at org.apache.hadoop.ozone.protocolPB.OzoneManagerProtocolServerSideTranslatorPB.processRequest(OzoneManagerProtocolServerSideTranslatorPB.java:175) ~[ozone-manager-1.3.0-SNAPSHOT.jar:?]
	at org.apache.hadoop.hdds.server.OzoneProtocolMessageDispatcher.processRequest(OzoneProtocolMessageDispatcher.java:87) [hdds-server-framework-1.3.0-SNAPSHOT.jar:?]
	at org.apache.hadoop.ozone.protocolPB.OzoneManagerProtocolServerSideTranslatorPB.submitRequest(OzoneManagerProtocolServerSideTranslatorPB.java:147) [ozone-manager-1.3.0-SNAPSHOT.jar:?]
	at org.apache.hadoop.ozone.protocol.proto.OzoneManagerProtocolProtos$OzoneManagerService$2.callBlockingMethod(OzoneManagerProtocolProtos.java) [ozone-interface-client-1.3.0-SNAPSHOT.jar:?]
	at org.apache.hadoop.ipc.ProtobufRpcEngine$Server.processCall(ProtobufRpcEngine.java:466) [hadoop-common-3.3.1.jar:?]
	at org.apache.hadoop.ipc.ProtobufRpcEngine2$Server$ProtoBufRpcInvoker.call(ProtobufRpcEngine2.java:574) [hadoop-common-3.3.1.jar:?]
	at org.apache.hadoop.ipc.ProtobufRpcEngine2$Server$ProtoBufRpcInvoker.call(ProtobufRpcEngine2.java:552) [hadoop-common-3.3.1.jar:?]
	at org.apache.hadoop.ipc.RPC$Server.call(RPC.java:1093) [hadoop-common-3.3.1.jar:?]
	at org.apache.hadoop.ipc.Server$RpcCall.run(Server.java:1035) [hadoop-common-3.3.1.jar:?]
	at org.apache.hadoop.ipc.Server$RpcCall.run(Server.java:963) [hadoop-common-3.3.1.jar:?]
	at java.security.AccessController.doPrivileged(Native Method) ~[?:1.8.0_332]
	at javax.security.auth.Subject.doAs(Subject.java:422) [?:1.8.0_332]
	at org.apache.hadoop.security.UserGroupInformation.doAs(UserGroupInformation.java:1878) [hadoop-common-3.3.1.jar:?]
	at org.apache.hadoop.ipc.Server$Handler.run(Server.java:2966) [hadoop-common-3.3.1.jar:?]
23:21:40.743 [IPC Server handler 16 on default port 33951] ERROR OMAudit - user=runner | ip=127.0.0.1 | op=GET_FILE_STATUS {volume=volume86585, bucket=bucket84952, key=testBatchDelete/parent/child7, dataSize=0, replicationConfig=null} | ret=FAILURE
org.apache.hadoop.ozone.om.exceptions.OMException: Unable to get file status: volume: volume86585 bucket: bucket84952 key: testBatchDelete/parent/child7
	at org.apache.hadoop.ozone.om.KeyManagerImpl.getOzoneFileStatus(KeyManagerImpl.java:1311) ~[ozone-manager-1.3.0-SNAPSHOT.jar:?]
	at org.apache.hadoop.ozone.om.KeyManagerImpl.getFileStatus(KeyManagerImpl.java:1241) ~[ozone-manager-1.3.0-SNAPSHOT.jar:?]
	at org.apache.hadoop.ozone.om.OzoneManager.getFileStatus(OzoneManager.java:3419) ~[ozone-manager-1.3.0-SNAPSHOT.jar:?]
	at org.apache.hadoop.ozone.protocolPB.OzoneManagerRequestHandler.getOzoneFileStatus(OzoneManagerRequestHandler.java:871) ~[ozone-manager-1.3.0-SNAPSHOT.jar:?]
	at org.apache.hadoop.ozone.protocolPB.OzoneManagerRequestHandler.handleReadRequest(OzoneManagerRequestHandler.java:217) ~[ozone-manager-1.3.0-SNAPSHOT.jar:?]
	at org.apache.hadoop.ozone.protocolPB.OzoneManagerProtocolServerSideTranslatorPB.submitReadRequestToOM(OzoneManagerProtocolServerSideTranslatorPB.java:226) ~[ozone-manager-1.3.0-SNAPSHOT.jar:?]
	at org.apache.hadoop.ozone.protocolPB.OzoneManagerProtocolServerSideTranslatorPB.processRequest(OzoneManagerProtocolServerSideTranslatorPB.java:175) ~[ozone-manager-1.3.0-SNAPSHOT.jar:?]
	at org.apache.hadoop.hdds.server.OzoneProtocolMessageDispatcher.processRequest(OzoneProtocolMessageDispatcher.java:87) [hdds-server-framework-1.3.0-SNAPSHOT.jar:?]
	at org.apache.hadoop.ozone.protocolPB.OzoneManagerProtocolServerSideTranslatorPB.submitRequest(OzoneManagerProtocolServerSideTranslatorPB.java:147) [ozone-manager-1.3.0-SNAPSHOT.jar:?]
	at org.apache.hadoop.ozone.protocol.proto.OzoneManagerProtocolProtos$OzoneManagerService$2.callBlockingMethod(OzoneManagerProtocolProtos.java) [ozone-interface-client-1.3.0-SNAPSHOT.jar:?]
	at org.apache.hadoop.ipc.ProtobufRpcEngine$Server.processCall(ProtobufRpcEngine.java:466) [hadoop-common-3.3.1.jar:?]
	at org.apache.hadoop.ipc.ProtobufRpcEngine2$Server$ProtoBufRpcInvoker.call(ProtobufRpcEngine2.java:574) [hadoop-common-3.3.1.jar:?]
	at org.apache.hadoop.ipc.ProtobufRpcEngine2$Server$ProtoBufRpcInvoker.call(ProtobufRpcEngine2.java:552) [hadoop-common-3.3.1.jar:?]
	at org.apache.hadoop.ipc.RPC$Server.call(RPC.java:1093) [hadoop-common-3.3.1.jar:?]
	at org.apache.hadoop.ipc.Server$RpcCall.run(Server.java:1035) [hadoop-common-3.3.1.jar:?]
	at org.apache.hadoop.ipc.Server$RpcCall.run(Server.java:963) [hadoop-common-3.3.1.jar:?]
	at java.security.AccessController.doPrivileged(Native Method) ~[?:1.8.0_332]
	at javax.security.auth.Subject.doAs(Subject.java:422) [?:1.8.0_332]
	at org.apache.hadoop.security.UserGroupInformation.doAs(UserGroupInformation.java:1878) [hadoop-common-3.3.1.jar:?]
	at org.apache.hadoop.ipc.Server$Handler.run(Server.java:2966) [hadoop-common-3.3.1.jar:?]
23:21:40.745 [IPC Server handler 14 on default port 33951] ERROR OMAudit - user=runner | ip=127.0.0.1 | op=GET_FILE_STATUS {volume=volume86585, bucket=bucket84952, key=testBatchDelete/parent/childFolder/child7, dataSize=0, replicationConfig=null} | ret=FAILURE
org.apache.hadoop.ozone.om.exceptions.OMException: Unable to get file status: volume: volume86585 bucket: bucket84952 key: testBatchDelete/parent/childFolder/child7
	at org.apache.hadoop.ozone.om.KeyManagerImpl.getOzoneFileStatus(KeyManagerImpl.java:1311) ~[ozone-manager-1.3.0-SNAPSHOT.jar:?]
	at org.apache.hadoop.ozone.om.KeyManagerImpl.getFileStatus(KeyManagerImpl.java:1241) ~[ozone-manager-1.3.0-SNAPSHOT.jar:?]
	at org.apache.hadoop.ozone.om.OzoneManager.getFileStatus(OzoneManager.java:3419) ~[ozone-manager-1.3.0-SNAPSHOT.jar:?]
	at org.apache.hadoop.ozone.protocolPB.OzoneManagerRequestHandler.getOzoneFileStatus(OzoneManagerRequestHandler.java:871) ~[ozone-manager-1.3.0-SNAPSHOT.jar:?]
	at org.apache.hadoop.ozone.protocolPB.OzoneManagerRequestHandler.handleReadRequest(OzoneManagerRequestHandler.java:217) ~[ozone-manager-1.3.0-SNAPSHOT.jar:?]
	at org.apache.hadoop.ozone.protocolPB.OzoneManagerProtocolServerSideTranslatorPB.submitReadRequestToOM(OzoneManagerProtocolServerSideTranslatorPB.java:226) ~[ozone-manager-1.3.0-SNAPSHOT.jar:?]
	at org.apache.hadoop.ozone.protocolPB.OzoneManagerProtocolServerSideTranslatorPB.processRequest(OzoneManagerProtocolServerSideTranslatorPB.java:175) ~[ozone-manager-1.3.0-SNAPSHOT.jar:?]
	at org.apache.hadoop.hdds.server.OzoneProtocolMessageDispatcher.processRequest(OzoneProtocolMessageDispatcher.java:87) [hdds-server-framework-1.3.0-SNAPSHOT.jar:?]
	at org.apache.hadoop.ozone.protocolPB.OzoneManagerProtocolServerSideTranslatorPB.submitRequest(OzoneManagerProtocolServerSideTranslatorPB.java:147) [ozone-manager-1.3.0-SNAPSHOT.jar:?]
	at org.apache.hadoop.ozone.protocol.proto.OzoneManagerProtocolProtos$OzoneManagerService$2.callBlockingMethod(OzoneManagerProtocolProtos.java) [ozone-interface-client-1.3.0-SNAPSHOT.jar:?]
	at org.apache.hadoop.ipc.ProtobufRpcEngine$Server.processCall(ProtobufRpcEngine.java:466) [hadoop-common-3.3.1.jar:?]
	at org.apache.hadoop.ipc.ProtobufRpcEngine2$Server$ProtoBufRpcInvoker.call(ProtobufRpcEngine2.java:574) [hadoop-common-3.3.1.jar:?]
	at org.apache.hadoop.ipc.ProtobufRpcEngine2$Server$ProtoBufRpcInvoker.call(ProtobufRpcEngine2.java:552) [hadoop-common-3.3.1.jar:?]
	at org.apache.hadoop.ipc.RPC$Server.call(RPC.java:1093) [hadoop-common-3.3.1.jar:?]
	at org.apache.hadoop.ipc.Server$RpcCall.run(Server.java:1035) [hadoop-common-3.3.1.jar:?]
	at org.apache.hadoop.ipc.Server$RpcCall.run(Server.java:963) [hadoop-common-3.3.1.jar:?]
	at java.security.AccessController.doPrivileged(Native Method) ~[?:1.8.0_332]
	at javax.security.auth.Subject.doAs(Subject.java:422) [?:1.8.0_332]
	at org.apache.hadoop.security.UserGroupInformation.doAs(UserGroupInformation.java:1878) [hadoop-common-3.3.1.jar:?]
	at org.apache.hadoop.ipc.Server$Handler.run(Server.java:2966) [hadoop-common-3.3.1.jar:?]
23:21:40.746 [IPC Server handler 11 on default port 33951] ERROR OMAudit - user=runner | ip=127.0.0.1 | op=GET_FILE_STATUS {volume=volume86585, bucket=bucket84952, key=testBatchDelete/parent, dataSize=0, replicationConfig=null} | ret=FAILURE
org.apache.hadoop.ozone.om.exceptions.OMException: Unable to get file status: volume: volume86585 bucket: bucket84952 key: testBatchDelete/parent
	at org.apache.hadoop.ozone.om.KeyManagerImpl.getOzoneFileStatus(KeyManagerImpl.java:1311) ~[ozone-manager-1.3.0-SNAPSHOT.jar:?]
	at org.apache.hadoop.ozone.om.KeyManagerImpl.getFileStatus(KeyManagerImpl.java:1241) ~[ozone-manager-1.3.0-SNAPSHOT.jar:?]
	at org.apache.hadoop.ozone.om.OzoneManager.getFileStatus(OzoneManager.java:3419) ~[ozone-manager-1.3.0-SNAPSHOT.jar:?]
	at org.apache.hadoop.ozone.protocolPB.OzoneManagerRequestHandler.getOzoneFileStatus(OzoneManagerRequestHandler.java:871) ~[ozone-manager-1.3.0-SNAPSHOT.jar:?]
	at org.apache.hadoop.ozone.protocolPB.OzoneManagerRequestHandler.handleReadRequest(OzoneManagerRequestHandler.java:217) ~[ozone-manager-1.3.0-SNAPSHOT.jar:?]
	at org.apache.hadoop.ozone.protocolPB.OzoneManagerProtocolServerSideTranslatorPB.submitReadRequestToOM(OzoneManagerProtocolServerSideTranslatorPB.java:226) ~[ozone-manager-1.3.0-SNAPSHOT.jar:?]
	at org.apache.hadoop.ozone.protocolPB.OzoneManagerProtocolServerSideTranslatorPB.processRequest(OzoneManagerProtocolServerSideTranslatorPB.java:175) ~[ozone-manager-1.3.0-SNAPSHOT.jar:?]
	at org.apache.hadoop.hdds.server.OzoneProtocolMessageDispatcher.processRequest(OzoneProtocolMessageDispatcher.java:87) [hdds-server-framework-1.3.0-SNAPSHOT.jar:?]
	at org.apache.hadoop.ozone.protocolPB.OzoneManagerProtocolServerSideTranslatorPB.submitRequest(OzoneManagerProtocolServerSideTranslatorPB.java:147) [ozone-manager-1.3.0-SNAPSHOT.jar:?]
	at org.apache.hadoop.ozone.protocol.proto.OzoneManagerProtocolProtos$OzoneManagerService$2.callBlockingMethod(OzoneManagerProtocolProtos.java) [ozone-interface-client-1.3.0-SNAPSHOT.jar:?]
	at org.apache.hadoop.ipc.ProtobufRpcEngine$Server.processCall(ProtobufRpcEngine.java:466) [hadoop-common-3.3.1.jar:?]
	at org.apache.hadoop.ipc.ProtobufRpcEngine2$Server$ProtoBufRpcInvoker.call(ProtobufRpcEngine2.java:574) [hadoop-common-3.3.1.jar:?]
	at org.apache.hadoop.ipc.ProtobufRpcEngine2$Server$ProtoBufRpcInvoker.call(ProtobufRpcEngine2.java:552) [hadoop-common-3.3.1.jar:?]
	at org.apache.hadoop.ipc.RPC$Server.call(RPC.java:1093) [hadoop-common-3.3.1.jar:?]
	at org.apache.hadoop.ipc.Server$RpcCall.run(Server.java:1035) [hadoop-common-3.3.1.jar:?]
	at org.apache.hadoop.ipc.Server$RpcCall.run(Server.java:963) [hadoop-common-3.3.1.jar:?]
	at java.security.AccessController.doPrivileged(Native Method) ~[?:1.8.0_332]
	at javax.security.auth.Subject.doAs(Subject.java:422) [?:1.8.0_332]
	at org.apache.hadoop.security.UserGroupInformation.doAs(UserGroupInformation.java:1878) [hadoop-common-3.3.1.jar:?]
	at org.apache.hadoop.ipc.Server$Handler.run(Server.java:2966) [hadoop-common-3.3.1.jar:?]
2022-07-12 23:21:40,746 [Time-limited test] WARN  ozone.BasicRootedOzoneFileSystem (BasicRootedOzoneFileSystem.java:delete(572)) - delete: Path does not exist: /volume86585/bucket84952/testBatchDelete/parent
]]></system-out>
  </testcase>
  <testcase name="testFileDelete" classname="TestRootedOzoneFileSystem" time="0.231">
    <system-out><![CDATA[2022-07-12 23:22:57,264 [Time-limited test] INFO  rpc.RpcClient (RpcClient.java:createVolume(466)) - Creating Volume: volume33100, with user07506 as owner and space quota set to -1 bytes, counts quota set to -1
2022-07-12 23:22:57,265 [IPC Server handler 1 on default port 43683] INFO  volume.OMVolumeCreateRequest (OMVolumeCreateRequest.java:validateAndUpdateCache(195)) - created volume:volume33100 for user:user07506
2022-07-12 23:22:57,281 [Time-limited test] INFO  rpc.RpcClient (RpcClient.java:createBucket(669)) - Creating Bucket: volume33100/bucket16411, with bucket layout LEGACY, runner as owner, Versioning false, Storage Type set to DISK and Encryption set to false 
2022-07-12 23:22:57,285 [IPC Server handler 5 on default port 43683] INFO  bucket.OMBucketCreateRequest (OMBucketCreateRequest.java:validateAndUpdateCache(260)) - created bucket: bucket16411 of layout LEGACY in volume: volume33100
23:22:57.354 [IPC Server handler 16 on default port 43683] ERROR OMAudit - user=runner | ip=127.0.0.1 | op=GET_FILE_STATUS {volume=volume33100, bucket=bucket16411, key=testBatchDelete, dataSize=0, replicationConfig=null} | ret=FAILURE
org.apache.hadoop.ozone.om.exceptions.OMException: Unable to get file status: volume: volume33100 bucket: bucket16411 key: testBatchDelete
	at org.apache.hadoop.ozone.om.KeyManagerImpl.getOzoneFileStatus(KeyManagerImpl.java:1311) ~[ozone-manager-1.3.0-SNAPSHOT.jar:?]
	at org.apache.hadoop.ozone.om.KeyManagerImpl.getFileStatus(KeyManagerImpl.java:1241) ~[ozone-manager-1.3.0-SNAPSHOT.jar:?]
	at org.apache.hadoop.ozone.om.OzoneManager.getFileStatus(OzoneManager.java:3419) ~[ozone-manager-1.3.0-SNAPSHOT.jar:?]
	at org.apache.hadoop.ozone.protocolPB.OzoneManagerRequestHandler.getOzoneFileStatus(OzoneManagerRequestHandler.java:871) ~[ozone-manager-1.3.0-SNAPSHOT.jar:?]
	at org.apache.hadoop.ozone.protocolPB.OzoneManagerRequestHandler.handleReadRequest(OzoneManagerRequestHandler.java:217) ~[ozone-manager-1.3.0-SNAPSHOT.jar:?]
	at org.apache.hadoop.ozone.protocolPB.OzoneManagerProtocolServerSideTranslatorPB.submitRequestDirectlyToOM(OzoneManagerProtocolServerSideTranslatorPB.java:276) ~[ozone-manager-1.3.0-SNAPSHOT.jar:?]
	at org.apache.hadoop.ozone.protocolPB.OzoneManagerProtocolServerSideTranslatorPB.processRequest(OzoneManagerProtocolServerSideTranslatorPB.java:205) ~[ozone-manager-1.3.0-SNAPSHOT.jar:?]
	at org.apache.hadoop.hdds.server.OzoneProtocolMessageDispatcher.processRequest(OzoneProtocolMessageDispatcher.java:87) [hdds-server-framework-1.3.0-SNAPSHOT.jar:?]
	at org.apache.hadoop.ozone.protocolPB.OzoneManagerProtocolServerSideTranslatorPB.submitRequest(OzoneManagerProtocolServerSideTranslatorPB.java:147) [ozone-manager-1.3.0-SNAPSHOT.jar:?]
	at org.apache.hadoop.ozone.protocol.proto.OzoneManagerProtocolProtos$OzoneManagerService$2.callBlockingMethod(OzoneManagerProtocolProtos.java) [ozone-interface-client-1.3.0-SNAPSHOT.jar:?]
	at org.apache.hadoop.ipc.ProtobufRpcEngine$Server.processCall(ProtobufRpcEngine.java:466) [hadoop-common-3.3.1.jar:?]
	at org.apache.hadoop.ipc.ProtobufRpcEngine2$Server$ProtoBufRpcInvoker.call(ProtobufRpcEngine2.java:574) [hadoop-common-3.3.1.jar:?]
	at org.apache.hadoop.ipc.ProtobufRpcEngine2$Server$ProtoBufRpcInvoker.call(ProtobufRpcEngine2.java:552) [hadoop-common-3.3.1.jar:?]
	at org.apache.hadoop.ipc.RPC$Server.call(RPC.java:1093) [hadoop-common-3.3.1.jar:?]
	at org.apache.hadoop.ipc.Server$RpcCall.run(Server.java:1035) [hadoop-common-3.3.1.jar:?]
	at org.apache.hadoop.ipc.Server$RpcCall.run(Server.java:963) [hadoop-common-3.3.1.jar:?]
	at java.security.AccessController.doPrivileged(Native Method) ~[?:1.8.0_332]
	at javax.security.auth.Subject.doAs(Subject.java:422) [?:1.8.0_332]
	at org.apache.hadoop.security.UserGroupInformation.doAs(UserGroupInformation.java:1878) [hadoop-common-3.3.1.jar:?]
	at org.apache.hadoop.ipc.Server$Handler.run(Server.java:2966) [hadoop-common-3.3.1.jar:?]
23:22:57.355 [IPC Server handler 18 on default port 43683] ERROR OMAudit - user=runner | ip=127.0.0.1 | op=GET_FILE_STATUS {volume=volume33100, bucket=bucket16411, key=testBatchDelete/parent/child0, dataSize=0, replicationConfig=null} | ret=FAILURE
org.apache.hadoop.ozone.om.exceptions.OMException: Unable to get file status: volume: volume33100 bucket: bucket16411 key: testBatchDelete/parent/child0
	at org.apache.hadoop.ozone.om.KeyManagerImpl.getOzoneFileStatus(KeyManagerImpl.java:1311) ~[ozone-manager-1.3.0-SNAPSHOT.jar:?]
	at org.apache.hadoop.ozone.om.KeyManagerImpl.getFileStatus(KeyManagerImpl.java:1241) ~[ozone-manager-1.3.0-SNAPSHOT.jar:?]
	at org.apache.hadoop.ozone.om.OzoneManager.getFileStatus(OzoneManager.java:3419) ~[ozone-manager-1.3.0-SNAPSHOT.jar:?]
	at org.apache.hadoop.ozone.protocolPB.OzoneManagerRequestHandler.getOzoneFileStatus(OzoneManagerRequestHandler.java:871) ~[ozone-manager-1.3.0-SNAPSHOT.jar:?]
	at org.apache.hadoop.ozone.protocolPB.OzoneManagerRequestHandler.handleReadRequest(OzoneManagerRequestHandler.java:217) ~[ozone-manager-1.3.0-SNAPSHOT.jar:?]
	at org.apache.hadoop.ozone.protocolPB.OzoneManagerProtocolServerSideTranslatorPB.submitRequestDirectlyToOM(OzoneManagerProtocolServerSideTranslatorPB.java:276) ~[ozone-manager-1.3.0-SNAPSHOT.jar:?]
	at org.apache.hadoop.ozone.protocolPB.OzoneManagerProtocolServerSideTranslatorPB.processRequest(OzoneManagerProtocolServerSideTranslatorPB.java:205) ~[ozone-manager-1.3.0-SNAPSHOT.jar:?]
	at org.apache.hadoop.hdds.server.OzoneProtocolMessageDispatcher.processRequest(OzoneProtocolMessageDispatcher.java:87) [hdds-server-framework-1.3.0-SNAPSHOT.jar:?]
	at org.apache.hadoop.ozone.protocolPB.OzoneManagerProtocolServerSideTranslatorPB.submitRequest(OzoneManagerProtocolServerSideTranslatorPB.java:147) [ozone-manager-1.3.0-SNAPSHOT.jar:?]
	at org.apache.hadoop.ozone.protocol.proto.OzoneManagerProtocolProtos$OzoneManagerService$2.callBlockingMethod(OzoneManagerProtocolProtos.java) [ozone-interface-client-1.3.0-SNAPSHOT.jar:?]
	at org.apache.hadoop.ipc.ProtobufRpcEngine$Server.processCall(ProtobufRpcEngine.java:466) [hadoop-common-3.3.1.jar:?]
	at org.apache.hadoop.ipc.ProtobufRpcEngine2$Server$ProtoBufRpcInvoker.call(ProtobufRpcEngine2.java:574) [hadoop-common-3.3.1.jar:?]
	at org.apache.hadoop.ipc.ProtobufRpcEngine2$Server$ProtoBufRpcInvoker.call(ProtobufRpcEngine2.java:552) [hadoop-common-3.3.1.jar:?]
	at org.apache.hadoop.ipc.RPC$Server.call(RPC.java:1093) [hadoop-common-3.3.1.jar:?]
	at org.apache.hadoop.ipc.Server$RpcCall.run(Server.java:1035) [hadoop-common-3.3.1.jar:?]
	at org.apache.hadoop.ipc.Server$RpcCall.run(Server.java:963) [hadoop-common-3.3.1.jar:?]
	at java.security.AccessController.doPrivileged(Native Method) ~[?:1.8.0_332]
	at javax.security.auth.Subject.doAs(Subject.java:422) [?:1.8.0_332]
	at org.apache.hadoop.security.UserGroupInformation.doAs(UserGroupInformation.java:1878) [hadoop-common-3.3.1.jar:?]
	at org.apache.hadoop.ipc.Server$Handler.run(Server.java:2966) [hadoop-common-3.3.1.jar:?]
23:22:57.356 [IPC Server handler 17 on default port 43683] ERROR OMAudit - user=runner | ip=127.0.0.1 | op=GET_FILE_STATUS {volume=volume33100, bucket=bucket16411, key=testBatchDelete/parent/childFolder/child0, dataSize=0, replicationConfig=null} | ret=FAILURE
org.apache.hadoop.ozone.om.exceptions.OMException: Unable to get file status: volume: volume33100 bucket: bucket16411 key: testBatchDelete/parent/childFolder/child0
	at org.apache.hadoop.ozone.om.KeyManagerImpl.getOzoneFileStatus(KeyManagerImpl.java:1311) ~[ozone-manager-1.3.0-SNAPSHOT.jar:?]
	at org.apache.hadoop.ozone.om.KeyManagerImpl.getFileStatus(KeyManagerImpl.java:1241) ~[ozone-manager-1.3.0-SNAPSHOT.jar:?]
	at org.apache.hadoop.ozone.om.OzoneManager.getFileStatus(OzoneManager.java:3419) ~[ozone-manager-1.3.0-SNAPSHOT.jar:?]
	at org.apache.hadoop.ozone.protocolPB.OzoneManagerRequestHandler.getOzoneFileStatus(OzoneManagerRequestHandler.java:871) ~[ozone-manager-1.3.0-SNAPSHOT.jar:?]
	at org.apache.hadoop.ozone.protocolPB.OzoneManagerRequestHandler.handleReadRequest(OzoneManagerRequestHandler.java:217) ~[ozone-manager-1.3.0-SNAPSHOT.jar:?]
	at org.apache.hadoop.ozone.protocolPB.OzoneManagerProtocolServerSideTranslatorPB.submitRequestDirectlyToOM(OzoneManagerProtocolServerSideTranslatorPB.java:276) ~[ozone-manager-1.3.0-SNAPSHOT.jar:?]
	at org.apache.hadoop.ozone.protocolPB.OzoneManagerProtocolServerSideTranslatorPB.processRequest(OzoneManagerProtocolServerSideTranslatorPB.java:205) ~[ozone-manager-1.3.0-SNAPSHOT.jar:?]
	at org.apache.hadoop.hdds.server.OzoneProtocolMessageDispatcher.processRequest(OzoneProtocolMessageDispatcher.java:87) [hdds-server-framework-1.3.0-SNAPSHOT.jar:?]
	at org.apache.hadoop.ozone.protocolPB.OzoneManagerProtocolServerSideTranslatorPB.submitRequest(OzoneManagerProtocolServerSideTranslatorPB.java:147) [ozone-manager-1.3.0-SNAPSHOT.jar:?]
	at org.apache.hadoop.ozone.protocol.proto.OzoneManagerProtocolProtos$OzoneManagerService$2.callBlockingMethod(OzoneManagerProtocolProtos.java) [ozone-interface-client-1.3.0-SNAPSHOT.jar:?]
	at org.apache.hadoop.ipc.ProtobufRpcEngine$Server.processCall(ProtobufRpcEngine.java:466) [hadoop-common-3.3.1.jar:?]
	at org.apache.hadoop.ipc.ProtobufRpcEngine2$Server$ProtoBufRpcInvoker.call(ProtobufRpcEngine2.java:574) [hadoop-common-3.3.1.jar:?]
	at org.apache.hadoop.ipc.ProtobufRpcEngine2$Server$ProtoBufRpcInvoker.call(ProtobufRpcEngine2.java:552) [hadoop-common-3.3.1.jar:?]
	at org.apache.hadoop.ipc.RPC$Server.call(RPC.java:1093) [hadoop-common-3.3.1.jar:?]
	at org.apache.hadoop.ipc.Server$RpcCall.run(Server.java:1035) [hadoop-common-3.3.1.jar:?]
	at org.apache.hadoop.ipc.Server$RpcCall.run(Server.java:963) [hadoop-common-3.3.1.jar:?]
	at java.security.AccessController.doPrivileged(Native Method) ~[?:1.8.0_332]
	at javax.security.auth.Subject.doAs(Subject.java:422) [?:1.8.0_332]
	at org.apache.hadoop.security.UserGroupInformation.doAs(UserGroupInformation.java:1878) [hadoop-common-3.3.1.jar:?]
	at org.apache.hadoop.ipc.Server$Handler.run(Server.java:2966) [hadoop-common-3.3.1.jar:?]
23:22:57.363 [IPC Server handler 1 on default port 43683] ERROR OMAudit - user=runner | ip=127.0.0.1 | op=GET_FILE_STATUS {volume=volume33100, bucket=bucket16411, key=testBatchDelete/parent/child1, dataSize=0, replicationConfig=null} | ret=FAILURE
org.apache.hadoop.ozone.om.exceptions.OMException: Unable to get file status: volume: volume33100 bucket: bucket16411 key: testBatchDelete/parent/child1
	at org.apache.hadoop.ozone.om.KeyManagerImpl.getOzoneFileStatus(KeyManagerImpl.java:1311) ~[ozone-manager-1.3.0-SNAPSHOT.jar:?]
	at org.apache.hadoop.ozone.om.KeyManagerImpl.getFileStatus(KeyManagerImpl.java:1241) ~[ozone-manager-1.3.0-SNAPSHOT.jar:?]
	at org.apache.hadoop.ozone.om.OzoneManager.getFileStatus(OzoneManager.java:3419) ~[ozone-manager-1.3.0-SNAPSHOT.jar:?]
	at org.apache.hadoop.ozone.protocolPB.OzoneManagerRequestHandler.getOzoneFileStatus(OzoneManagerRequestHandler.java:871) ~[ozone-manager-1.3.0-SNAPSHOT.jar:?]
	at org.apache.hadoop.ozone.protocolPB.OzoneManagerRequestHandler.handleReadRequest(OzoneManagerRequestHandler.java:217) ~[ozone-manager-1.3.0-SNAPSHOT.jar:?]
	at org.apache.hadoop.ozone.protocolPB.OzoneManagerProtocolServerSideTranslatorPB.submitRequestDirectlyToOM(OzoneManagerProtocolServerSideTranslatorPB.java:276) ~[ozone-manager-1.3.0-SNAPSHOT.jar:?]
	at org.apache.hadoop.ozone.protocolPB.OzoneManagerProtocolServerSideTranslatorPB.processRequest(OzoneManagerProtocolServerSideTranslatorPB.java:205) ~[ozone-manager-1.3.0-SNAPSHOT.jar:?]
	at org.apache.hadoop.hdds.server.OzoneProtocolMessageDispatcher.processRequest(OzoneProtocolMessageDispatcher.java:87) [hdds-server-framework-1.3.0-SNAPSHOT.jar:?]
	at org.apache.hadoop.ozone.protocolPB.OzoneManagerProtocolServerSideTranslatorPB.submitRequest(OzoneManagerProtocolServerSideTranslatorPB.java:147) [ozone-manager-1.3.0-SNAPSHOT.jar:?]
	at org.apache.hadoop.ozone.protocol.proto.OzoneManagerProtocolProtos$OzoneManagerService$2.callBlockingMethod(OzoneManagerProtocolProtos.java) [ozone-interface-client-1.3.0-SNAPSHOT.jar:?]
	at org.apache.hadoop.ipc.ProtobufRpcEngine$Server.processCall(ProtobufRpcEngine.java:466) [hadoop-common-3.3.1.jar:?]
	at org.apache.hadoop.ipc.ProtobufRpcEngine2$Server$ProtoBufRpcInvoker.call(ProtobufRpcEngine2.java:574) [hadoop-common-3.3.1.jar:?]
	at org.apache.hadoop.ipc.ProtobufRpcEngine2$Server$ProtoBufRpcInvoker.call(ProtobufRpcEngine2.java:552) [hadoop-common-3.3.1.jar:?]
	at org.apache.hadoop.ipc.RPC$Server.call(RPC.java:1093) [hadoop-common-3.3.1.jar:?]
	at org.apache.hadoop.ipc.Server$RpcCall.run(Server.java:1035) [hadoop-common-3.3.1.jar:?]
	at org.apache.hadoop.ipc.Server$RpcCall.run(Server.java:963) [hadoop-common-3.3.1.jar:?]
	at java.security.AccessController.doPrivileged(Native Method) ~[?:1.8.0_332]
	at javax.security.auth.Subject.doAs(Subject.java:422) [?:1.8.0_332]
	at org.apache.hadoop.security.UserGroupInformation.doAs(UserGroupInformation.java:1878) [hadoop-common-3.3.1.jar:?]
	at org.apache.hadoop.ipc.Server$Handler.run(Server.java:2966) [hadoop-common-3.3.1.jar:?]
23:22:57.364 [IPC Server handler 5 on default port 43683] ERROR OMAudit - user=runner | ip=127.0.0.1 | op=GET_FILE_STATUS {volume=volume33100, bucket=bucket16411, key=testBatchDelete/parent/childFolder/child1, dataSize=0, replicationConfig=null} | ret=FAILURE
org.apache.hadoop.ozone.om.exceptions.OMException: Unable to get file status: volume: volume33100 bucket: bucket16411 key: testBatchDelete/parent/childFolder/child1
	at org.apache.hadoop.ozone.om.KeyManagerImpl.getOzoneFileStatus(KeyManagerImpl.java:1311) ~[ozone-manager-1.3.0-SNAPSHOT.jar:?]
	at org.apache.hadoop.ozone.om.KeyManagerImpl.getFileStatus(KeyManagerImpl.java:1241) ~[ozone-manager-1.3.0-SNAPSHOT.jar:?]
	at org.apache.hadoop.ozone.om.OzoneManager.getFileStatus(OzoneManager.java:3419) ~[ozone-manager-1.3.0-SNAPSHOT.jar:?]
	at org.apache.hadoop.ozone.protocolPB.OzoneManagerRequestHandler.getOzoneFileStatus(OzoneManagerRequestHandler.java:871) ~[ozone-manager-1.3.0-SNAPSHOT.jar:?]
	at org.apache.hadoop.ozone.protocolPB.OzoneManagerRequestHandler.handleReadRequest(OzoneManagerRequestHandler.java:217) ~[ozone-manager-1.3.0-SNAPSHOT.jar:?]
	at org.apache.hadoop.ozone.protocolPB.OzoneManagerProtocolServerSideTranslatorPB.submitRequestDirectlyToOM(OzoneManagerProtocolServerSideTranslatorPB.java:276) ~[ozone-manager-1.3.0-SNAPSHOT.jar:?]
	at org.apache.hadoop.ozone.protocolPB.OzoneManagerProtocolServerSideTranslatorPB.processRequest(OzoneManagerProtocolServerSideTranslatorPB.java:205) ~[ozone-manager-1.3.0-SNAPSHOT.jar:?]
	at org.apache.hadoop.hdds.server.OzoneProtocolMessageDispatcher.processRequest(OzoneProtocolMessageDispatcher.java:87) [hdds-server-framework-1.3.0-SNAPSHOT.jar:?]
	at org.apache.hadoop.ozone.protocolPB.OzoneManagerProtocolServerSideTranslatorPB.submitRequest(OzoneManagerProtocolServerSideTranslatorPB.java:147) [ozone-manager-1.3.0-SNAPSHOT.jar:?]
	at org.apache.hadoop.ozone.protocol.proto.OzoneManagerProtocolProtos$OzoneManagerService$2.callBlockingMethod(OzoneManagerProtocolProtos.java) [ozone-interface-client-1.3.0-SNAPSHOT.jar:?]
	at org.apache.hadoop.ipc.ProtobufRpcEngine$Server.processCall(ProtobufRpcEngine.java:466) [hadoop-common-3.3.1.jar:?]
	at org.apache.hadoop.ipc.ProtobufRpcEngine2$Server$ProtoBufRpcInvoker.call(ProtobufRpcEngine2.java:574) [hadoop-common-3.3.1.jar:?]
	at org.apache.hadoop.ipc.ProtobufRpcEngine2$Server$ProtoBufRpcInvoker.call(ProtobufRpcEngine2.java:552) [hadoop-common-3.3.1.jar:?]
	at org.apache.hadoop.ipc.RPC$Server.call(RPC.java:1093) [hadoop-common-3.3.1.jar:?]
	at org.apache.hadoop.ipc.Server$RpcCall.run(Server.java:1035) [hadoop-common-3.3.1.jar:?]
	at org.apache.hadoop.ipc.Server$RpcCall.run(Server.java:963) [hadoop-common-3.3.1.jar:?]
	at java.security.AccessController.doPrivileged(Native Method) ~[?:1.8.0_332]
	at javax.security.auth.Subject.doAs(Subject.java:422) [?:1.8.0_332]
	at org.apache.hadoop.security.UserGroupInformation.doAs(UserGroupInformation.java:1878) [hadoop-common-3.3.1.jar:?]
	at org.apache.hadoop.ipc.Server$Handler.run(Server.java:2966) [hadoop-common-3.3.1.jar:?]
23:22:57.364 [IPC Server handler 3 on default port 43683] ERROR OMAudit - user=runner | ip=127.0.0.1 | op=GET_FILE_STATUS {volume=volume33100, bucket=bucket16411, key=testBatchDelete/parent/child2, dataSize=0, replicationConfig=null} | ret=FAILURE
org.apache.hadoop.ozone.om.exceptions.OMException: Unable to get file status: volume: volume33100 bucket: bucket16411 key: testBatchDelete/parent/child2
	at org.apache.hadoop.ozone.om.KeyManagerImpl.getOzoneFileStatus(KeyManagerImpl.java:1311) ~[ozone-manager-1.3.0-SNAPSHOT.jar:?]
	at org.apache.hadoop.ozone.om.KeyManagerImpl.getFileStatus(KeyManagerImpl.java:1241) ~[ozone-manager-1.3.0-SNAPSHOT.jar:?]
	at org.apache.hadoop.ozone.om.OzoneManager.getFileStatus(OzoneManager.java:3419) ~[ozone-manager-1.3.0-SNAPSHOT.jar:?]
	at org.apache.hadoop.ozone.protocolPB.OzoneManagerRequestHandler.getOzoneFileStatus(OzoneManagerRequestHandler.java:871) ~[ozone-manager-1.3.0-SNAPSHOT.jar:?]
	at org.apache.hadoop.ozone.protocolPB.OzoneManagerRequestHandler.handleReadRequest(OzoneManagerRequestHandler.java:217) ~[ozone-manager-1.3.0-SNAPSHOT.jar:?]
	at org.apache.hadoop.ozone.protocolPB.OzoneManagerProtocolServerSideTranslatorPB.submitRequestDirectlyToOM(OzoneManagerProtocolServerSideTranslatorPB.java:276) ~[ozone-manager-1.3.0-SNAPSHOT.jar:?]
	at org.apache.hadoop.ozone.protocolPB.OzoneManagerProtocolServerSideTranslatorPB.processRequest(OzoneManagerProtocolServerSideTranslatorPB.java:205) ~[ozone-manager-1.3.0-SNAPSHOT.jar:?]
	at org.apache.hadoop.hdds.server.OzoneProtocolMessageDispatcher.processRequest(OzoneProtocolMessageDispatcher.java:87) [hdds-server-framework-1.3.0-SNAPSHOT.jar:?]
	at org.apache.hadoop.ozone.protocolPB.OzoneManagerProtocolServerSideTranslatorPB.submitRequest(OzoneManagerProtocolServerSideTranslatorPB.java:147) [ozone-manager-1.3.0-SNAPSHOT.jar:?]
	at org.apache.hadoop.ozone.protocol.proto.OzoneManagerProtocolProtos$OzoneManagerService$2.callBlockingMethod(OzoneManagerProtocolProtos.java) [ozone-interface-client-1.3.0-SNAPSHOT.jar:?]
	at org.apache.hadoop.ipc.ProtobufRpcEngine$Server.processCall(ProtobufRpcEngine.java:466) [hadoop-common-3.3.1.jar:?]
	at org.apache.hadoop.ipc.ProtobufRpcEngine2$Server$ProtoBufRpcInvoker.call(ProtobufRpcEngine2.java:574) [hadoop-common-3.3.1.jar:?]
	at org.apache.hadoop.ipc.ProtobufRpcEngine2$Server$ProtoBufRpcInvoker.call(ProtobufRpcEngine2.java:552) [hadoop-common-3.3.1.jar:?]
	at org.apache.hadoop.ipc.RPC$Server.call(RPC.java:1093) [hadoop-common-3.3.1.jar:?]
	at org.apache.hadoop.ipc.Server$RpcCall.run(Server.java:1035) [hadoop-common-3.3.1.jar:?]
	at org.apache.hadoop.ipc.Server$RpcCall.run(Server.java:963) [hadoop-common-3.3.1.jar:?]
	at java.security.AccessController.doPrivileged(Native Method) ~[?:1.8.0_332]
	at javax.security.auth.Subject.doAs(Subject.java:422) [?:1.8.0_332]
	at org.apache.hadoop.security.UserGroupInformation.doAs(UserGroupInformation.java:1878) [hadoop-common-3.3.1.jar:?]
	at org.apache.hadoop.ipc.Server$Handler.run(Server.java:2966) [hadoop-common-3.3.1.jar:?]
23:22:57.365 [IPC Server handler 8 on default port 43683] ERROR OMAudit - user=runner | ip=127.0.0.1 | op=GET_FILE_STATUS {volume=volume33100, bucket=bucket16411, key=testBatchDelete/parent/childFolder/child2, dataSize=0, replicationConfig=null} | ret=FAILURE
org.apache.hadoop.ozone.om.exceptions.OMException: Unable to get file status: volume: volume33100 bucket: bucket16411 key: testBatchDelete/parent/childFolder/child2
	at org.apache.hadoop.ozone.om.KeyManagerImpl.getOzoneFileStatus(KeyManagerImpl.java:1311) ~[ozone-manager-1.3.0-SNAPSHOT.jar:?]
	at org.apache.hadoop.ozone.om.KeyManagerImpl.getFileStatus(KeyManagerImpl.java:1241) ~[ozone-manager-1.3.0-SNAPSHOT.jar:?]
	at org.apache.hadoop.ozone.om.OzoneManager.getFileStatus(OzoneManager.java:3419) ~[ozone-manager-1.3.0-SNAPSHOT.jar:?]
	at org.apache.hadoop.ozone.protocolPB.OzoneManagerRequestHandler.getOzoneFileStatus(OzoneManagerRequestHandler.java:871) ~[ozone-manager-1.3.0-SNAPSHOT.jar:?]
	at org.apache.hadoop.ozone.protocolPB.OzoneManagerRequestHandler.handleReadRequest(OzoneManagerRequestHandler.java:217) ~[ozone-manager-1.3.0-SNAPSHOT.jar:?]
	at org.apache.hadoop.ozone.protocolPB.OzoneManagerProtocolServerSideTranslatorPB.submitRequestDirectlyToOM(OzoneManagerProtocolServerSideTranslatorPB.java:276) ~[ozone-manager-1.3.0-SNAPSHOT.jar:?]
	at org.apache.hadoop.ozone.protocolPB.OzoneManagerProtocolServerSideTranslatorPB.processRequest(OzoneManagerProtocolServerSideTranslatorPB.java:205) ~[ozone-manager-1.3.0-SNAPSHOT.jar:?]
	at org.apache.hadoop.hdds.server.OzoneProtocolMessageDispatcher.processRequest(OzoneProtocolMessageDispatcher.java:87) [hdds-server-framework-1.3.0-SNAPSHOT.jar:?]
	at org.apache.hadoop.ozone.protocolPB.OzoneManagerProtocolServerSideTranslatorPB.submitRequest(OzoneManagerProtocolServerSideTranslatorPB.java:147) [ozone-manager-1.3.0-SNAPSHOT.jar:?]
	at org.apache.hadoop.ozone.protocol.proto.OzoneManagerProtocolProtos$OzoneManagerService$2.callBlockingMethod(OzoneManagerProtocolProtos.java) [ozone-interface-client-1.3.0-SNAPSHOT.jar:?]
	at org.apache.hadoop.ipc.ProtobufRpcEngine$Server.processCall(ProtobufRpcEngine.java:466) [hadoop-common-3.3.1.jar:?]
	at org.apache.hadoop.ipc.ProtobufRpcEngine2$Server$ProtoBufRpcInvoker.call(ProtobufRpcEngine2.java:574) [hadoop-common-3.3.1.jar:?]
	at org.apache.hadoop.ipc.ProtobufRpcEngine2$Server$ProtoBufRpcInvoker.call(ProtobufRpcEngine2.java:552) [hadoop-common-3.3.1.jar:?]
	at org.apache.hadoop.ipc.RPC$Server.call(RPC.java:1093) [hadoop-common-3.3.1.jar:?]
	at org.apache.hadoop.ipc.Server$RpcCall.run(Server.java:1035) [hadoop-common-3.3.1.jar:?]
	at org.apache.hadoop.ipc.Server$RpcCall.run(Server.java:963) [hadoop-common-3.3.1.jar:?]
	at java.security.AccessController.doPrivileged(Native Method) ~[?:1.8.0_332]
	at javax.security.auth.Subject.doAs(Subject.java:422) [?:1.8.0_332]
	at org.apache.hadoop.security.UserGroupInformation.doAs(UserGroupInformation.java:1878) [hadoop-common-3.3.1.jar:?]
	at org.apache.hadoop.ipc.Server$Handler.run(Server.java:2966) [hadoop-common-3.3.1.jar:?]
23:22:57.367 [IPC Server handler 6 on default port 43683] ERROR OMAudit - user=runner | ip=127.0.0.1 | op=GET_FILE_STATUS {volume=volume33100, bucket=bucket16411, key=testBatchDelete/parent/child3, dataSize=0, replicationConfig=null} | ret=FAILURE
org.apache.hadoop.ozone.om.exceptions.OMException: Unable to get file status: volume: volume33100 bucket: bucket16411 key: testBatchDelete/parent/child3
	at org.apache.hadoop.ozone.om.KeyManagerImpl.getOzoneFileStatus(KeyManagerImpl.java:1311) ~[ozone-manager-1.3.0-SNAPSHOT.jar:?]
	at org.apache.hadoop.ozone.om.KeyManagerImpl.getFileStatus(KeyManagerImpl.java:1241) ~[ozone-manager-1.3.0-SNAPSHOT.jar:?]
	at org.apache.hadoop.ozone.om.OzoneManager.getFileStatus(OzoneManager.java:3419) ~[ozone-manager-1.3.0-SNAPSHOT.jar:?]
	at org.apache.hadoop.ozone.protocolPB.OzoneManagerRequestHandler.getOzoneFileStatus(OzoneManagerRequestHandler.java:871) ~[ozone-manager-1.3.0-SNAPSHOT.jar:?]
	at org.apache.hadoop.ozone.protocolPB.OzoneManagerRequestHandler.handleReadRequest(OzoneManagerRequestHandler.java:217) ~[ozone-manager-1.3.0-SNAPSHOT.jar:?]
	at org.apache.hadoop.ozone.protocolPB.OzoneManagerProtocolServerSideTranslatorPB.submitRequestDirectlyToOM(OzoneManagerProtocolServerSideTranslatorPB.java:276) ~[ozone-manager-1.3.0-SNAPSHOT.jar:?]
	at org.apache.hadoop.ozone.protocolPB.OzoneManagerProtocolServerSideTranslatorPB.processRequest(OzoneManagerProtocolServerSideTranslatorPB.java:205) ~[ozone-manager-1.3.0-SNAPSHOT.jar:?]
	at org.apache.hadoop.hdds.server.OzoneProtocolMessageDispatcher.processRequest(OzoneProtocolMessageDispatcher.java:87) [hdds-server-framework-1.3.0-SNAPSHOT.jar:?]
	at org.apache.hadoop.ozone.protocolPB.OzoneManagerProtocolServerSideTranslatorPB.submitRequest(OzoneManagerProtocolServerSideTranslatorPB.java:147) [ozone-manager-1.3.0-SNAPSHOT.jar:?]
	at org.apache.hadoop.ozone.protocol.proto.OzoneManagerProtocolProtos$OzoneManagerService$2.callBlockingMethod(OzoneManagerProtocolProtos.java) [ozone-interface-client-1.3.0-SNAPSHOT.jar:?]
	at org.apache.hadoop.ipc.ProtobufRpcEngine$Server.processCall(ProtobufRpcEngine.java:466) [hadoop-common-3.3.1.jar:?]
	at org.apache.hadoop.ipc.ProtobufRpcEngine2$Server$ProtoBufRpcInvoker.call(ProtobufRpcEngine2.java:574) [hadoop-common-3.3.1.jar:?]
	at org.apache.hadoop.ipc.ProtobufRpcEngine2$Server$ProtoBufRpcInvoker.call(ProtobufRpcEngine2.java:552) [hadoop-common-3.3.1.jar:?]
	at org.apache.hadoop.ipc.RPC$Server.call(RPC.java:1093) [hadoop-common-3.3.1.jar:?]
	at org.apache.hadoop.ipc.Server$RpcCall.run(Server.java:1035) [hadoop-common-3.3.1.jar:?]
	at org.apache.hadoop.ipc.Server$RpcCall.run(Server.java:963) [hadoop-common-3.3.1.jar:?]
	at java.security.AccessController.doPrivileged(Native Method) ~[?:1.8.0_332]
	at javax.security.auth.Subject.doAs(Subject.java:422) [?:1.8.0_332]
	at org.apache.hadoop.security.UserGroupInformation.doAs(UserGroupInformation.java:1878) [hadoop-common-3.3.1.jar:?]
	at org.apache.hadoop.ipc.Server$Handler.run(Server.java:2966) [hadoop-common-3.3.1.jar:?]
23:22:57.368 [IPC Server handler 13 on default port 43683] ERROR OMAudit - user=runner | ip=127.0.0.1 | op=GET_FILE_STATUS {volume=volume33100, bucket=bucket16411, key=testBatchDelete/parent/childFolder/child3, dataSize=0, replicationConfig=null} | ret=FAILURE
org.apache.hadoop.ozone.om.exceptions.OMException: Unable to get file status: volume: volume33100 bucket: bucket16411 key: testBatchDelete/parent/childFolder/child3
	at org.apache.hadoop.ozone.om.KeyManagerImpl.getOzoneFileStatus(KeyManagerImpl.java:1311) ~[ozone-manager-1.3.0-SNAPSHOT.jar:?]
	at org.apache.hadoop.ozone.om.KeyManagerImpl.getFileStatus(KeyManagerImpl.java:1241) ~[ozone-manager-1.3.0-SNAPSHOT.jar:?]
	at org.apache.hadoop.ozone.om.OzoneManager.getFileStatus(OzoneManager.java:3419) ~[ozone-manager-1.3.0-SNAPSHOT.jar:?]
	at org.apache.hadoop.ozone.protocolPB.OzoneManagerRequestHandler.getOzoneFileStatus(OzoneManagerRequestHandler.java:871) ~[ozone-manager-1.3.0-SNAPSHOT.jar:?]
	at org.apache.hadoop.ozone.protocolPB.OzoneManagerRequestHandler.handleReadRequest(OzoneManagerRequestHandler.java:217) ~[ozone-manager-1.3.0-SNAPSHOT.jar:?]
	at org.apache.hadoop.ozone.protocolPB.OzoneManagerProtocolServerSideTranslatorPB.submitRequestDirectlyToOM(OzoneManagerProtocolServerSideTranslatorPB.java:276) ~[ozone-manager-1.3.0-SNAPSHOT.jar:?]
	at org.apache.hadoop.ozone.protocolPB.OzoneManagerProtocolServerSideTranslatorPB.processRequest(OzoneManagerProtocolServerSideTranslatorPB.java:205) ~[ozone-manager-1.3.0-SNAPSHOT.jar:?]
	at org.apache.hadoop.hdds.server.OzoneProtocolMessageDispatcher.processRequest(OzoneProtocolMessageDispatcher.java:87) [hdds-server-framework-1.3.0-SNAPSHOT.jar:?]
	at org.apache.hadoop.ozone.protocolPB.OzoneManagerProtocolServerSideTranslatorPB.submitRequest(OzoneManagerProtocolServerSideTranslatorPB.java:147) [ozone-manager-1.3.0-SNAPSHOT.jar:?]
	at org.apache.hadoop.ozone.protocol.proto.OzoneManagerProtocolProtos$OzoneManagerService$2.callBlockingMethod(OzoneManagerProtocolProtos.java) [ozone-interface-client-1.3.0-SNAPSHOT.jar:?]
	at org.apache.hadoop.ipc.ProtobufRpcEngine$Server.processCall(ProtobufRpcEngine.java:466) [hadoop-common-3.3.1.jar:?]
	at org.apache.hadoop.ipc.ProtobufRpcEngine2$Server$ProtoBufRpcInvoker.call(ProtobufRpcEngine2.java:574) [hadoop-common-3.3.1.jar:?]
	at org.apache.hadoop.ipc.ProtobufRpcEngine2$Server$ProtoBufRpcInvoker.call(ProtobufRpcEngine2.java:552) [hadoop-common-3.3.1.jar:?]
	at org.apache.hadoop.ipc.RPC$Server.call(RPC.java:1093) [hadoop-common-3.3.1.jar:?]
	at org.apache.hadoop.ipc.Server$RpcCall.run(Server.java:1035) [hadoop-common-3.3.1.jar:?]
	at org.apache.hadoop.ipc.Server$RpcCall.run(Server.java:963) [hadoop-common-3.3.1.jar:?]
	at java.security.AccessController.doPrivileged(Native Method) ~[?:1.8.0_332]
	at javax.security.auth.Subject.doAs(Subject.java:422) [?:1.8.0_332]
	at org.apache.hadoop.security.UserGroupInformation.doAs(UserGroupInformation.java:1878) [hadoop-common-3.3.1.jar:?]
	at org.apache.hadoop.ipc.Server$Handler.run(Server.java:2966) [hadoop-common-3.3.1.jar:?]
23:22:57.372 [IPC Server handler 11 on default port 43683] ERROR OMAudit - user=runner | ip=127.0.0.1 | op=GET_FILE_STATUS {volume=volume33100, bucket=bucket16411, key=testBatchDelete/parent/child4, dataSize=0, replicationConfig=null} | ret=FAILURE
org.apache.hadoop.ozone.om.exceptions.OMException: Unable to get file status: volume: volume33100 bucket: bucket16411 key: testBatchDelete/parent/child4
	at org.apache.hadoop.ozone.om.KeyManagerImpl.getOzoneFileStatus(KeyManagerImpl.java:1311) ~[ozone-manager-1.3.0-SNAPSHOT.jar:?]
	at org.apache.hadoop.ozone.om.KeyManagerImpl.getFileStatus(KeyManagerImpl.java:1241) ~[ozone-manager-1.3.0-SNAPSHOT.jar:?]
	at org.apache.hadoop.ozone.om.OzoneManager.getFileStatus(OzoneManager.java:3419) ~[ozone-manager-1.3.0-SNAPSHOT.jar:?]
	at org.apache.hadoop.ozone.protocolPB.OzoneManagerRequestHandler.getOzoneFileStatus(OzoneManagerRequestHandler.java:871) ~[ozone-manager-1.3.0-SNAPSHOT.jar:?]
	at org.apache.hadoop.ozone.protocolPB.OzoneManagerRequestHandler.handleReadRequest(OzoneManagerRequestHandler.java:217) ~[ozone-manager-1.3.0-SNAPSHOT.jar:?]
	at org.apache.hadoop.ozone.protocolPB.OzoneManagerProtocolServerSideTranslatorPB.submitRequestDirectlyToOM(OzoneManagerProtocolServerSideTranslatorPB.java:276) ~[ozone-manager-1.3.0-SNAPSHOT.jar:?]
	at org.apache.hadoop.ozone.protocolPB.OzoneManagerProtocolServerSideTranslatorPB.processRequest(OzoneManagerProtocolServerSideTranslatorPB.java:205) ~[ozone-manager-1.3.0-SNAPSHOT.jar:?]
	at org.apache.hadoop.hdds.server.OzoneProtocolMessageDispatcher.processRequest(OzoneProtocolMessageDispatcher.java:87) [hdds-server-framework-1.3.0-SNAPSHOT.jar:?]
	at org.apache.hadoop.ozone.protocolPB.OzoneManagerProtocolServerSideTranslatorPB.submitRequest(OzoneManagerProtocolServerSideTranslatorPB.java:147) [ozone-manager-1.3.0-SNAPSHOT.jar:?]
	at org.apache.hadoop.ozone.protocol.proto.OzoneManagerProtocolProtos$OzoneManagerService$2.callBlockingMethod(OzoneManagerProtocolProtos.java) [ozone-interface-client-1.3.0-SNAPSHOT.jar:?]
	at org.apache.hadoop.ipc.ProtobufRpcEngine$Server.processCall(ProtobufRpcEngine.java:466) [hadoop-common-3.3.1.jar:?]
	at org.apache.hadoop.ipc.ProtobufRpcEngine2$Server$ProtoBufRpcInvoker.call(ProtobufRpcEngine2.java:574) [hadoop-common-3.3.1.jar:?]
	at org.apache.hadoop.ipc.ProtobufRpcEngine2$Server$ProtoBufRpcInvoker.call(ProtobufRpcEngine2.java:552) [hadoop-common-3.3.1.jar:?]
	at org.apache.hadoop.ipc.RPC$Server.call(RPC.java:1093) [hadoop-common-3.3.1.jar:?]
	at org.apache.hadoop.ipc.Server$RpcCall.run(Server.java:1035) [hadoop-common-3.3.1.jar:?]
	at org.apache.hadoop.ipc.Server$RpcCall.run(Server.java:963) [hadoop-common-3.3.1.jar:?]
	at java.security.AccessController.doPrivileged(Native Method) ~[?:1.8.0_332]
	at javax.security.auth.Subject.doAs(Subject.java:422) [?:1.8.0_332]
	at org.apache.hadoop.security.UserGroupInformation.doAs(UserGroupInformation.java:1878) [hadoop-common-3.3.1.jar:?]
	at org.apache.hadoop.ipc.Server$Handler.run(Server.java:2966) [hadoop-common-3.3.1.jar:?]
23:22:57.373 [IPC Server handler 16 on default port 43683] ERROR OMAudit - user=runner | ip=127.0.0.1 | op=GET_FILE_STATUS {volume=volume33100, bucket=bucket16411, key=testBatchDelete/parent/childFolder/child4, dataSize=0, replicationConfig=null} | ret=FAILURE
org.apache.hadoop.ozone.om.exceptions.OMException: Unable to get file status: volume: volume33100 bucket: bucket16411 key: testBatchDelete/parent/childFolder/child4
	at org.apache.hadoop.ozone.om.KeyManagerImpl.getOzoneFileStatus(KeyManagerImpl.java:1311) ~[ozone-manager-1.3.0-SNAPSHOT.jar:?]
	at org.apache.hadoop.ozone.om.KeyManagerImpl.getFileStatus(KeyManagerImpl.java:1241) ~[ozone-manager-1.3.0-SNAPSHOT.jar:?]
	at org.apache.hadoop.ozone.om.OzoneManager.getFileStatus(OzoneManager.java:3419) ~[ozone-manager-1.3.0-SNAPSHOT.jar:?]
	at org.apache.hadoop.ozone.protocolPB.OzoneManagerRequestHandler.getOzoneFileStatus(OzoneManagerRequestHandler.java:871) ~[ozone-manager-1.3.0-SNAPSHOT.jar:?]
	at org.apache.hadoop.ozone.protocolPB.OzoneManagerRequestHandler.handleReadRequest(OzoneManagerRequestHandler.java:217) ~[ozone-manager-1.3.0-SNAPSHOT.jar:?]
	at org.apache.hadoop.ozone.protocolPB.OzoneManagerProtocolServerSideTranslatorPB.submitRequestDirectlyToOM(OzoneManagerProtocolServerSideTranslatorPB.java:276) ~[ozone-manager-1.3.0-SNAPSHOT.jar:?]
	at org.apache.hadoop.ozone.protocolPB.OzoneManagerProtocolServerSideTranslatorPB.processRequest(OzoneManagerProtocolServerSideTranslatorPB.java:205) ~[ozone-manager-1.3.0-SNAPSHOT.jar:?]
	at org.apache.hadoop.hdds.server.OzoneProtocolMessageDispatcher.processRequest(OzoneProtocolMessageDispatcher.java:87) [hdds-server-framework-1.3.0-SNAPSHOT.jar:?]
	at org.apache.hadoop.ozone.protocolPB.OzoneManagerProtocolServerSideTranslatorPB.submitRequest(OzoneManagerProtocolServerSideTranslatorPB.java:147) [ozone-manager-1.3.0-SNAPSHOT.jar:?]
	at org.apache.hadoop.ozone.protocol.proto.OzoneManagerProtocolProtos$OzoneManagerService$2.callBlockingMethod(OzoneManagerProtocolProtos.java) [ozone-interface-client-1.3.0-SNAPSHOT.jar:?]
	at org.apache.hadoop.ipc.ProtobufRpcEngine$Server.processCall(ProtobufRpcEngine.java:466) [hadoop-common-3.3.1.jar:?]
	at org.apache.hadoop.ipc.ProtobufRpcEngine2$Server$ProtoBufRpcInvoker.call(ProtobufRpcEngine2.java:574) [hadoop-common-3.3.1.jar:?]
	at org.apache.hadoop.ipc.ProtobufRpcEngine2$Server$ProtoBufRpcInvoker.call(ProtobufRpcEngine2.java:552) [hadoop-common-3.3.1.jar:?]
	at org.apache.hadoop.ipc.RPC$Server.call(RPC.java:1093) [hadoop-common-3.3.1.jar:?]
	at org.apache.hadoop.ipc.Server$RpcCall.run(Server.java:1035) [hadoop-common-3.3.1.jar:?]
	at org.apache.hadoop.ipc.Server$RpcCall.run(Server.java:963) [hadoop-common-3.3.1.jar:?]
	at java.security.AccessController.doPrivileged(Native Method) ~[?:1.8.0_332]
	at javax.security.auth.Subject.doAs(Subject.java:422) [?:1.8.0_332]
	at org.apache.hadoop.security.UserGroupInformation.doAs(UserGroupInformation.java:1878) [hadoop-common-3.3.1.jar:?]
	at org.apache.hadoop.ipc.Server$Handler.run(Server.java:2966) [hadoop-common-3.3.1.jar:?]
23:22:57.374 [IPC Server handler 18 on default port 43683] ERROR OMAudit - user=runner | ip=127.0.0.1 | op=GET_FILE_STATUS {volume=volume33100, bucket=bucket16411, key=testBatchDelete/parent/child5, dataSize=0, replicationConfig=null} | ret=FAILURE
org.apache.hadoop.ozone.om.exceptions.OMException: Unable to get file status: volume: volume33100 bucket: bucket16411 key: testBatchDelete/parent/child5
	at org.apache.hadoop.ozone.om.KeyManagerImpl.getOzoneFileStatus(KeyManagerImpl.java:1311) ~[ozone-manager-1.3.0-SNAPSHOT.jar:?]
	at org.apache.hadoop.ozone.om.KeyManagerImpl.getFileStatus(KeyManagerImpl.java:1241) ~[ozone-manager-1.3.0-SNAPSHOT.jar:?]
	at org.apache.hadoop.ozone.om.OzoneManager.getFileStatus(OzoneManager.java:3419) ~[ozone-manager-1.3.0-SNAPSHOT.jar:?]
	at org.apache.hadoop.ozone.protocolPB.OzoneManagerRequestHandler.getOzoneFileStatus(OzoneManagerRequestHandler.java:871) ~[ozone-manager-1.3.0-SNAPSHOT.jar:?]
	at org.apache.hadoop.ozone.protocolPB.OzoneManagerRequestHandler.handleReadRequest(OzoneManagerRequestHandler.java:217) ~[ozone-manager-1.3.0-SNAPSHOT.jar:?]
	at org.apache.hadoop.ozone.protocolPB.OzoneManagerProtocolServerSideTranslatorPB.submitRequestDirectlyToOM(OzoneManagerProtocolServerSideTranslatorPB.java:276) ~[ozone-manager-1.3.0-SNAPSHOT.jar:?]
	at org.apache.hadoop.ozone.protocolPB.OzoneManagerProtocolServerSideTranslatorPB.processRequest(OzoneManagerProtocolServerSideTranslatorPB.java:205) ~[ozone-manager-1.3.0-SNAPSHOT.jar:?]
	at org.apache.hadoop.hdds.server.OzoneProtocolMessageDispatcher.processRequest(OzoneProtocolMessageDispatcher.java:87) [hdds-server-framework-1.3.0-SNAPSHOT.jar:?]
	at org.apache.hadoop.ozone.protocolPB.OzoneManagerProtocolServerSideTranslatorPB.submitRequest(OzoneManagerProtocolServerSideTranslatorPB.java:147) [ozone-manager-1.3.0-SNAPSHOT.jar:?]
	at org.apache.hadoop.ozone.protocol.proto.OzoneManagerProtocolProtos$OzoneManagerService$2.callBlockingMethod(OzoneManagerProtocolProtos.java) [ozone-interface-client-1.3.0-SNAPSHOT.jar:?]
	at org.apache.hadoop.ipc.ProtobufRpcEngine$Server.processCall(ProtobufRpcEngine.java:466) [hadoop-common-3.3.1.jar:?]
	at org.apache.hadoop.ipc.ProtobufRpcEngine2$Server$ProtoBufRpcInvoker.call(ProtobufRpcEngine2.java:574) [hadoop-common-3.3.1.jar:?]
	at org.apache.hadoop.ipc.ProtobufRpcEngine2$Server$ProtoBufRpcInvoker.call(ProtobufRpcEngine2.java:552) [hadoop-common-3.3.1.jar:?]
	at org.apache.hadoop.ipc.RPC$Server.call(RPC.java:1093) [hadoop-common-3.3.1.jar:?]
	at org.apache.hadoop.ipc.Server$RpcCall.run(Server.java:1035) [hadoop-common-3.3.1.jar:?]
	at org.apache.hadoop.ipc.Server$RpcCall.run(Server.java:963) [hadoop-common-3.3.1.jar:?]
	at java.security.AccessController.doPrivileged(Native Method) ~[?:1.8.0_332]
	at javax.security.auth.Subject.doAs(Subject.java:422) [?:1.8.0_332]
	at org.apache.hadoop.security.UserGroupInformation.doAs(UserGroupInformation.java:1878) [hadoop-common-3.3.1.jar:?]
	at org.apache.hadoop.ipc.Server$Handler.run(Server.java:2966) [hadoop-common-3.3.1.jar:?]
23:22:57.375 [IPC Server handler 17 on default port 43683] ERROR OMAudit - user=runner | ip=127.0.0.1 | op=GET_FILE_STATUS {volume=volume33100, bucket=bucket16411, key=testBatchDelete/parent/childFolder/child5, dataSize=0, replicationConfig=null} | ret=FAILURE
org.apache.hadoop.ozone.om.exceptions.OMException: Unable to get file status: volume: volume33100 bucket: bucket16411 key: testBatchDelete/parent/childFolder/child5
	at org.apache.hadoop.ozone.om.KeyManagerImpl.getOzoneFileStatus(KeyManagerImpl.java:1311) ~[ozone-manager-1.3.0-SNAPSHOT.jar:?]
	at org.apache.hadoop.ozone.om.KeyManagerImpl.getFileStatus(KeyManagerImpl.java:1241) ~[ozone-manager-1.3.0-SNAPSHOT.jar:?]
	at org.apache.hadoop.ozone.om.OzoneManager.getFileStatus(OzoneManager.java:3419) ~[ozone-manager-1.3.0-SNAPSHOT.jar:?]
	at org.apache.hadoop.ozone.protocolPB.OzoneManagerRequestHandler.getOzoneFileStatus(OzoneManagerRequestHandler.java:871) ~[ozone-manager-1.3.0-SNAPSHOT.jar:?]
	at org.apache.hadoop.ozone.protocolPB.OzoneManagerRequestHandler.handleReadRequest(OzoneManagerRequestHandler.java:217) ~[ozone-manager-1.3.0-SNAPSHOT.jar:?]
	at org.apache.hadoop.ozone.protocolPB.OzoneManagerProtocolServerSideTranslatorPB.submitRequestDirectlyToOM(OzoneManagerProtocolServerSideTranslatorPB.java:276) ~[ozone-manager-1.3.0-SNAPSHOT.jar:?]
	at org.apache.hadoop.ozone.protocolPB.OzoneManagerProtocolServerSideTranslatorPB.processRequest(OzoneManagerProtocolServerSideTranslatorPB.java:205) ~[ozone-manager-1.3.0-SNAPSHOT.jar:?]
	at org.apache.hadoop.hdds.server.OzoneProtocolMessageDispatcher.processRequest(OzoneProtocolMessageDispatcher.java:87) [hdds-server-framework-1.3.0-SNAPSHOT.jar:?]
	at org.apache.hadoop.ozone.protocolPB.OzoneManagerProtocolServerSideTranslatorPB.submitRequest(OzoneManagerProtocolServerSideTranslatorPB.java:147) [ozone-manager-1.3.0-SNAPSHOT.jar:?]
	at org.apache.hadoop.ozone.protocol.proto.OzoneManagerProtocolProtos$OzoneManagerService$2.callBlockingMethod(OzoneManagerProtocolProtos.java) [ozone-interface-client-1.3.0-SNAPSHOT.jar:?]
	at org.apache.hadoop.ipc.ProtobufRpcEngine$Server.processCall(ProtobufRpcEngine.java:466) [hadoop-common-3.3.1.jar:?]
	at org.apache.hadoop.ipc.ProtobufRpcEngine2$Server$ProtoBufRpcInvoker.call(ProtobufRpcEngine2.java:574) [hadoop-common-3.3.1.jar:?]
	at org.apache.hadoop.ipc.ProtobufRpcEngine2$Server$ProtoBufRpcInvoker.call(ProtobufRpcEngine2.java:552) [hadoop-common-3.3.1.jar:?]
	at org.apache.hadoop.ipc.RPC$Server.call(RPC.java:1093) [hadoop-common-3.3.1.jar:?]
	at org.apache.hadoop.ipc.Server$RpcCall.run(Server.java:1035) [hadoop-common-3.3.1.jar:?]
	at org.apache.hadoop.ipc.Server$RpcCall.run(Server.java:963) [hadoop-common-3.3.1.jar:?]
	at java.security.AccessController.doPrivileged(Native Method) ~[?:1.8.0_332]
	at javax.security.auth.Subject.doAs(Subject.java:422) [?:1.8.0_332]
	at org.apache.hadoop.security.UserGroupInformation.doAs(UserGroupInformation.java:1878) [hadoop-common-3.3.1.jar:?]
	at org.apache.hadoop.ipc.Server$Handler.run(Server.java:2966) [hadoop-common-3.3.1.jar:?]
23:22:57.376 [IPC Server handler 1 on default port 43683] ERROR OMAudit - user=runner | ip=127.0.0.1 | op=GET_FILE_STATUS {volume=volume33100, bucket=bucket16411, key=testBatchDelete/parent/child6, dataSize=0, replicationConfig=null} | ret=FAILURE
org.apache.hadoop.ozone.om.exceptions.OMException: Unable to get file status: volume: volume33100 bucket: bucket16411 key: testBatchDelete/parent/child6
	at org.apache.hadoop.ozone.om.KeyManagerImpl.getOzoneFileStatus(KeyManagerImpl.java:1311) ~[ozone-manager-1.3.0-SNAPSHOT.jar:?]
	at org.apache.hadoop.ozone.om.KeyManagerImpl.getFileStatus(KeyManagerImpl.java:1241) ~[ozone-manager-1.3.0-SNAPSHOT.jar:?]
	at org.apache.hadoop.ozone.om.OzoneManager.getFileStatus(OzoneManager.java:3419) ~[ozone-manager-1.3.0-SNAPSHOT.jar:?]
	at org.apache.hadoop.ozone.protocolPB.OzoneManagerRequestHandler.getOzoneFileStatus(OzoneManagerRequestHandler.java:871) ~[ozone-manager-1.3.0-SNAPSHOT.jar:?]
	at org.apache.hadoop.ozone.protocolPB.OzoneManagerRequestHandler.handleReadRequest(OzoneManagerRequestHandler.java:217) ~[ozone-manager-1.3.0-SNAPSHOT.jar:?]
	at org.apache.hadoop.ozone.protocolPB.OzoneManagerProtocolServerSideTranslatorPB.submitRequestDirectlyToOM(OzoneManagerProtocolServerSideTranslatorPB.java:276) ~[ozone-manager-1.3.0-SNAPSHOT.jar:?]
	at org.apache.hadoop.ozone.protocolPB.OzoneManagerProtocolServerSideTranslatorPB.processRequest(OzoneManagerProtocolServerSideTranslatorPB.java:205) ~[ozone-manager-1.3.0-SNAPSHOT.jar:?]
	at org.apache.hadoop.hdds.server.OzoneProtocolMessageDispatcher.processRequest(OzoneProtocolMessageDispatcher.java:87) [hdds-server-framework-1.3.0-SNAPSHOT.jar:?]
	at org.apache.hadoop.ozone.protocolPB.OzoneManagerProtocolServerSideTranslatorPB.submitRequest(OzoneManagerProtocolServerSideTranslatorPB.java:147) [ozone-manager-1.3.0-SNAPSHOT.jar:?]
	at org.apache.hadoop.ozone.protocol.proto.OzoneManagerProtocolProtos$OzoneManagerService$2.callBlockingMethod(OzoneManagerProtocolProtos.java) [ozone-interface-client-1.3.0-SNAPSHOT.jar:?]
	at org.apache.hadoop.ipc.ProtobufRpcEngine$Server.processCall(ProtobufRpcEngine.java:466) [hadoop-common-3.3.1.jar:?]
	at org.apache.hadoop.ipc.ProtobufRpcEngine2$Server$ProtoBufRpcInvoker.call(ProtobufRpcEngine2.java:574) [hadoop-common-3.3.1.jar:?]
	at org.apache.hadoop.ipc.ProtobufRpcEngine2$Server$ProtoBufRpcInvoker.call(ProtobufRpcEngine2.java:552) [hadoop-common-3.3.1.jar:?]
	at org.apache.hadoop.ipc.RPC$Server.call(RPC.java:1093) [hadoop-common-3.3.1.jar:?]
	at org.apache.hadoop.ipc.Server$RpcCall.run(Server.java:1035) [hadoop-common-3.3.1.jar:?]
	at org.apache.hadoop.ipc.Server$RpcCall.run(Server.java:963) [hadoop-common-3.3.1.jar:?]
	at java.security.AccessController.doPrivileged(Native Method) ~[?:1.8.0_332]
	at javax.security.auth.Subject.doAs(Subject.java:422) [?:1.8.0_332]
	at org.apache.hadoop.security.UserGroupInformation.doAs(UserGroupInformation.java:1878) [hadoop-common-3.3.1.jar:?]
	at org.apache.hadoop.ipc.Server$Handler.run(Server.java:2966) [hadoop-common-3.3.1.jar:?]
23:22:57.377 [IPC Server handler 5 on default port 43683] ERROR OMAudit - user=runner | ip=127.0.0.1 | op=GET_FILE_STATUS {volume=volume33100, bucket=bucket16411, key=testBatchDelete/parent/childFolder/child6, dataSize=0, replicationConfig=null} | ret=FAILURE
org.apache.hadoop.ozone.om.exceptions.OMException: Unable to get file status: volume: volume33100 bucket: bucket16411 key: testBatchDelete/parent/childFolder/child6
	at org.apache.hadoop.ozone.om.KeyManagerImpl.getOzoneFileStatus(KeyManagerImpl.java:1311) ~[ozone-manager-1.3.0-SNAPSHOT.jar:?]
	at org.apache.hadoop.ozone.om.KeyManagerImpl.getFileStatus(KeyManagerImpl.java:1241) ~[ozone-manager-1.3.0-SNAPSHOT.jar:?]
	at org.apache.hadoop.ozone.om.OzoneManager.getFileStatus(OzoneManager.java:3419) ~[ozone-manager-1.3.0-SNAPSHOT.jar:?]
	at org.apache.hadoop.ozone.protocolPB.OzoneManagerRequestHandler.getOzoneFileStatus(OzoneManagerRequestHandler.java:871) ~[ozone-manager-1.3.0-SNAPSHOT.jar:?]
	at org.apache.hadoop.ozone.protocolPB.OzoneManagerRequestHandler.handleReadRequest(OzoneManagerRequestHandler.java:217) ~[ozone-manager-1.3.0-SNAPSHOT.jar:?]
	at org.apache.hadoop.ozone.protocolPB.OzoneManagerProtocolServerSideTranslatorPB.submitRequestDirectlyToOM(OzoneManagerProtocolServerSideTranslatorPB.java:276) ~[ozone-manager-1.3.0-SNAPSHOT.jar:?]
	at org.apache.hadoop.ozone.protocolPB.OzoneManagerProtocolServerSideTranslatorPB.processRequest(OzoneManagerProtocolServerSideTranslatorPB.java:205) ~[ozone-manager-1.3.0-SNAPSHOT.jar:?]
	at org.apache.hadoop.hdds.server.OzoneProtocolMessageDispatcher.processRequest(OzoneProtocolMessageDispatcher.java:87) [hdds-server-framework-1.3.0-SNAPSHOT.jar:?]
	at org.apache.hadoop.ozone.protocolPB.OzoneManagerProtocolServerSideTranslatorPB.submitRequest(OzoneManagerProtocolServerSideTranslatorPB.java:147) [ozone-manager-1.3.0-SNAPSHOT.jar:?]
	at org.apache.hadoop.ozone.protocol.proto.OzoneManagerProtocolProtos$OzoneManagerService$2.callBlockingMethod(OzoneManagerProtocolProtos.java) [ozone-interface-client-1.3.0-SNAPSHOT.jar:?]
	at org.apache.hadoop.ipc.ProtobufRpcEngine$Server.processCall(ProtobufRpcEngine.java:466) [hadoop-common-3.3.1.jar:?]
	at org.apache.hadoop.ipc.ProtobufRpcEngine2$Server$ProtoBufRpcInvoker.call(ProtobufRpcEngine2.java:574) [hadoop-common-3.3.1.jar:?]
	at org.apache.hadoop.ipc.ProtobufRpcEngine2$Server$ProtoBufRpcInvoker.call(ProtobufRpcEngine2.java:552) [hadoop-common-3.3.1.jar:?]
	at org.apache.hadoop.ipc.RPC$Server.call(RPC.java:1093) [hadoop-common-3.3.1.jar:?]
	at org.apache.hadoop.ipc.Server$RpcCall.run(Server.java:1035) [hadoop-common-3.3.1.jar:?]
	at org.apache.hadoop.ipc.Server$RpcCall.run(Server.java:963) [hadoop-common-3.3.1.jar:?]
	at java.security.AccessController.doPrivileged(Native Method) ~[?:1.8.0_332]
	at javax.security.auth.Subject.doAs(Subject.java:422) [?:1.8.0_332]
	at org.apache.hadoop.security.UserGroupInformation.doAs(UserGroupInformation.java:1878) [hadoop-common-3.3.1.jar:?]
	at org.apache.hadoop.ipc.Server$Handler.run(Server.java:2966) [hadoop-common-3.3.1.jar:?]
23:22:57.377 [IPC Server handler 3 on default port 43683] ERROR OMAudit - user=runner | ip=127.0.0.1 | op=GET_FILE_STATUS {volume=volume33100, bucket=bucket16411, key=testBatchDelete/parent/child7, dataSize=0, replicationConfig=null} | ret=FAILURE
org.apache.hadoop.ozone.om.exceptions.OMException: Unable to get file status: volume: volume33100 bucket: bucket16411 key: testBatchDelete/parent/child7
	at org.apache.hadoop.ozone.om.KeyManagerImpl.getOzoneFileStatus(KeyManagerImpl.java:1311) ~[ozone-manager-1.3.0-SNAPSHOT.jar:?]
	at org.apache.hadoop.ozone.om.KeyManagerImpl.getFileStatus(KeyManagerImpl.java:1241) ~[ozone-manager-1.3.0-SNAPSHOT.jar:?]
	at org.apache.hadoop.ozone.om.OzoneManager.getFileStatus(OzoneManager.java:3419) ~[ozone-manager-1.3.0-SNAPSHOT.jar:?]
	at org.apache.hadoop.ozone.protocolPB.OzoneManagerRequestHandler.getOzoneFileStatus(OzoneManagerRequestHandler.java:871) ~[ozone-manager-1.3.0-SNAPSHOT.jar:?]
	at org.apache.hadoop.ozone.protocolPB.OzoneManagerRequestHandler.handleReadRequest(OzoneManagerRequestHandler.java:217) ~[ozone-manager-1.3.0-SNAPSHOT.jar:?]
	at org.apache.hadoop.ozone.protocolPB.OzoneManagerProtocolServerSideTranslatorPB.submitRequestDirectlyToOM(OzoneManagerProtocolServerSideTranslatorPB.java:276) ~[ozone-manager-1.3.0-SNAPSHOT.jar:?]
	at org.apache.hadoop.ozone.protocolPB.OzoneManagerProtocolServerSideTranslatorPB.processRequest(OzoneManagerProtocolServerSideTranslatorPB.java:205) ~[ozone-manager-1.3.0-SNAPSHOT.jar:?]
	at org.apache.hadoop.hdds.server.OzoneProtocolMessageDispatcher.processRequest(OzoneProtocolMessageDispatcher.java:87) [hdds-server-framework-1.3.0-SNAPSHOT.jar:?]
	at org.apache.hadoop.ozone.protocolPB.OzoneManagerProtocolServerSideTranslatorPB.submitRequest(OzoneManagerProtocolServerSideTranslatorPB.java:147) [ozone-manager-1.3.0-SNAPSHOT.jar:?]
	at org.apache.hadoop.ozone.protocol.proto.OzoneManagerProtocolProtos$OzoneManagerService$2.callBlockingMethod(OzoneManagerProtocolProtos.java) [ozone-interface-client-1.3.0-SNAPSHOT.jar:?]
	at org.apache.hadoop.ipc.ProtobufRpcEngine$Server.processCall(ProtobufRpcEngine.java:466) [hadoop-common-3.3.1.jar:?]
	at org.apache.hadoop.ipc.ProtobufRpcEngine2$Server$ProtoBufRpcInvoker.call(ProtobufRpcEngine2.java:574) [hadoop-common-3.3.1.jar:?]
	at org.apache.hadoop.ipc.ProtobufRpcEngine2$Server$ProtoBufRpcInvoker.call(ProtobufRpcEngine2.java:552) [hadoop-common-3.3.1.jar:?]
	at org.apache.hadoop.ipc.RPC$Server.call(RPC.java:1093) [hadoop-common-3.3.1.jar:?]
	at org.apache.hadoop.ipc.Server$RpcCall.run(Server.java:1035) [hadoop-common-3.3.1.jar:?]
	at org.apache.hadoop.ipc.Server$RpcCall.run(Server.java:963) [hadoop-common-3.3.1.jar:?]
	at java.security.AccessController.doPrivileged(Native Method) ~[?:1.8.0_332]
	at javax.security.auth.Subject.doAs(Subject.java:422) [?:1.8.0_332]
	at org.apache.hadoop.security.UserGroupInformation.doAs(UserGroupInformation.java:1878) [hadoop-common-3.3.1.jar:?]
	at org.apache.hadoop.ipc.Server$Handler.run(Server.java:2966) [hadoop-common-3.3.1.jar:?]
23:22:57.379 [IPC Server handler 8 on default port 43683] ERROR OMAudit - user=runner | ip=127.0.0.1 | op=GET_FILE_STATUS {volume=volume33100, bucket=bucket16411, key=testBatchDelete/parent/childFolder/child7, dataSize=0, replicationConfig=null} | ret=FAILURE
org.apache.hadoop.ozone.om.exceptions.OMException: Unable to get file status: volume: volume33100 bucket: bucket16411 key: testBatchDelete/parent/childFolder/child7
	at org.apache.hadoop.ozone.om.KeyManagerImpl.getOzoneFileStatus(KeyManagerImpl.java:1311) ~[ozone-manager-1.3.0-SNAPSHOT.jar:?]
	at org.apache.hadoop.ozone.om.KeyManagerImpl.getFileStatus(KeyManagerImpl.java:1241) ~[ozone-manager-1.3.0-SNAPSHOT.jar:?]
	at org.apache.hadoop.ozone.om.OzoneManager.getFileStatus(OzoneManager.java:3419) ~[ozone-manager-1.3.0-SNAPSHOT.jar:?]
	at org.apache.hadoop.ozone.protocolPB.OzoneManagerRequestHandler.getOzoneFileStatus(OzoneManagerRequestHandler.java:871) ~[ozone-manager-1.3.0-SNAPSHOT.jar:?]
	at org.apache.hadoop.ozone.protocolPB.OzoneManagerRequestHandler.handleReadRequest(OzoneManagerRequestHandler.java:217) ~[ozone-manager-1.3.0-SNAPSHOT.jar:?]
	at org.apache.hadoop.ozone.protocolPB.OzoneManagerProtocolServerSideTranslatorPB.submitRequestDirectlyToOM(OzoneManagerProtocolServerSideTranslatorPB.java:276) ~[ozone-manager-1.3.0-SNAPSHOT.jar:?]
	at org.apache.hadoop.ozone.protocolPB.OzoneManagerProtocolServerSideTranslatorPB.processRequest(OzoneManagerProtocolServerSideTranslatorPB.java:205) ~[ozone-manager-1.3.0-SNAPSHOT.jar:?]
	at org.apache.hadoop.hdds.server.OzoneProtocolMessageDispatcher.processRequest(OzoneProtocolMessageDispatcher.java:87) [hdds-server-framework-1.3.0-SNAPSHOT.jar:?]
	at org.apache.hadoop.ozone.protocolPB.OzoneManagerProtocolServerSideTranslatorPB.submitRequest(OzoneManagerProtocolServerSideTranslatorPB.java:147) [ozone-manager-1.3.0-SNAPSHOT.jar:?]
	at org.apache.hadoop.ozone.protocol.proto.OzoneManagerProtocolProtos$OzoneManagerService$2.callBlockingMethod(OzoneManagerProtocolProtos.java) [ozone-interface-client-1.3.0-SNAPSHOT.jar:?]
	at org.apache.hadoop.ipc.ProtobufRpcEngine$Server.processCall(ProtobufRpcEngine.java:466) [hadoop-common-3.3.1.jar:?]
	at org.apache.hadoop.ipc.ProtobufRpcEngine2$Server$ProtoBufRpcInvoker.call(ProtobufRpcEngine2.java:574) [hadoop-common-3.3.1.jar:?]
	at org.apache.hadoop.ipc.ProtobufRpcEngine2$Server$ProtoBufRpcInvoker.call(ProtobufRpcEngine2.java:552) [hadoop-common-3.3.1.jar:?]
	at org.apache.hadoop.ipc.RPC$Server.call(RPC.java:1093) [hadoop-common-3.3.1.jar:?]
	at org.apache.hadoop.ipc.Server$RpcCall.run(Server.java:1035) [hadoop-common-3.3.1.jar:?]
	at org.apache.hadoop.ipc.Server$RpcCall.run(Server.java:963) [hadoop-common-3.3.1.jar:?]
	at java.security.AccessController.doPrivileged(Native Method) ~[?:1.8.0_332]
	at javax.security.auth.Subject.doAs(Subject.java:422) [?:1.8.0_332]
	at org.apache.hadoop.security.UserGroupInformation.doAs(UserGroupInformation.java:1878) [hadoop-common-3.3.1.jar:?]
	at org.apache.hadoop.ipc.Server$Handler.run(Server.java:2966) [hadoop-common-3.3.1.jar:?]
23:22:57.380 [IPC Server handler 6 on default port 43683] ERROR OMAudit - user=runner | ip=127.0.0.1 | op=GET_FILE_STATUS {volume=volume33100, bucket=bucket16411, key=testBatchDelete/parent, dataSize=0, replicationConfig=null} | ret=FAILURE
org.apache.hadoop.ozone.om.exceptions.OMException: Unable to get file status: volume: volume33100 bucket: bucket16411 key: testBatchDelete/parent
	at org.apache.hadoop.ozone.om.KeyManagerImpl.getOzoneFileStatus(KeyManagerImpl.java:1311) ~[ozone-manager-1.3.0-SNAPSHOT.jar:?]
	at org.apache.hadoop.ozone.om.KeyManagerImpl.getFileStatus(KeyManagerImpl.java:1241) ~[ozone-manager-1.3.0-SNAPSHOT.jar:?]
	at org.apache.hadoop.ozone.om.OzoneManager.getFileStatus(OzoneManager.java:3419) ~[ozone-manager-1.3.0-SNAPSHOT.jar:?]
	at org.apache.hadoop.ozone.protocolPB.OzoneManagerRequestHandler.getOzoneFileStatus(OzoneManagerRequestHandler.java:871) ~[ozone-manager-1.3.0-SNAPSHOT.jar:?]
	at org.apache.hadoop.ozone.protocolPB.OzoneManagerRequestHandler.handleReadRequest(OzoneManagerRequestHandler.java:217) ~[ozone-manager-1.3.0-SNAPSHOT.jar:?]
	at org.apache.hadoop.ozone.protocolPB.OzoneManagerProtocolServerSideTranslatorPB.submitRequestDirectlyToOM(OzoneManagerProtocolServerSideTranslatorPB.java:276) ~[ozone-manager-1.3.0-SNAPSHOT.jar:?]
	at org.apache.hadoop.ozone.protocolPB.OzoneManagerProtocolServerSideTranslatorPB.processRequest(OzoneManagerProtocolServerSideTranslatorPB.java:205) ~[ozone-manager-1.3.0-SNAPSHOT.jar:?]
	at org.apache.hadoop.hdds.server.OzoneProtocolMessageDispatcher.processRequest(OzoneProtocolMessageDispatcher.java:87) [hdds-server-framework-1.3.0-SNAPSHOT.jar:?]
	at org.apache.hadoop.ozone.protocolPB.OzoneManagerProtocolServerSideTranslatorPB.submitRequest(OzoneManagerProtocolServerSideTranslatorPB.java:147) [ozone-manager-1.3.0-SNAPSHOT.jar:?]
	at org.apache.hadoop.ozone.protocol.proto.OzoneManagerProtocolProtos$OzoneManagerService$2.callBlockingMethod(OzoneManagerProtocolProtos.java) [ozone-interface-client-1.3.0-SNAPSHOT.jar:?]
	at org.apache.hadoop.ipc.ProtobufRpcEngine$Server.processCall(ProtobufRpcEngine.java:466) [hadoop-common-3.3.1.jar:?]
	at org.apache.hadoop.ipc.ProtobufRpcEngine2$Server$ProtoBufRpcInvoker.call(ProtobufRpcEngine2.java:574) [hadoop-common-3.3.1.jar:?]
	at org.apache.hadoop.ipc.ProtobufRpcEngine2$Server$ProtoBufRpcInvoker.call(ProtobufRpcEngine2.java:552) [hadoop-common-3.3.1.jar:?]
	at org.apache.hadoop.ipc.RPC$Server.call(RPC.java:1093) [hadoop-common-3.3.1.jar:?]
	at org.apache.hadoop.ipc.Server$RpcCall.run(Server.java:1035) [hadoop-common-3.3.1.jar:?]
	at org.apache.hadoop.ipc.Server$RpcCall.run(Server.java:963) [hadoop-common-3.3.1.jar:?]
	at java.security.AccessController.doPrivileged(Native Method) ~[?:1.8.0_332]
	at javax.security.auth.Subject.doAs(Subject.java:422) [?:1.8.0_332]
	at org.apache.hadoop.security.UserGroupInformation.doAs(UserGroupInformation.java:1878) [hadoop-common-3.3.1.jar:?]
	at org.apache.hadoop.ipc.Server$Handler.run(Server.java:2966) [hadoop-common-3.3.1.jar:?]
2022-07-12 23:22:57,381 [Time-limited test] WARN  ozone.BasicRootedOzoneFileSystem (BasicRootedOzoneFileSystem.java:delete(572)) - delete: Path does not exist: /volume33100/bucket16411/testBatchDelete/parent
]]></system-out>
  </testcase>
  <testcase name="testFileDelete" classname="TestRootedOzoneFileSystem" time="0.349">
    <system-out><![CDATA[2022-07-12 23:24:21,899 [Time-limited test] INFO  rpc.RpcClient (RpcClient.java:createVolume(466)) - Creating Volume: volume61855, with user92407 as owner and space quota set to -1 bytes, counts quota set to -1
2022-07-12 23:24:21,905 [OM StateMachine ApplyTransaction Thread - 0] INFO  volume.OMVolumeCreateRequest (OMVolumeCreateRequest.java:validateAndUpdateCache(195)) - created volume:volume61855 for user:user92407
2022-07-12 23:24:21,906 [Time-limited test] INFO  rpc.RpcClient (RpcClient.java:createBucket(669)) - Creating Bucket: volume61855/bucket38714, with bucket layout LEGACY, runner as owner, Versioning false, Storage Type set to DISK and Encryption set to false 
2022-07-12 23:24:21,907 [OM StateMachine ApplyTransaction Thread - 0] INFO  bucket.OMBucketCreateRequest (OMBucketCreateRequest.java:validateAndUpdateCache(260)) - created bucket: bucket38714 of layout LEGACY in volume: volume61855
23:24:22.058 [IPC Server handler 11 on default port 45473] ERROR OMAudit - user=runner | ip=127.0.0.1 | op=GET_FILE_STATUS {volume=volume61855, bucket=bucket38714, key=testBatchDelete, dataSize=0, replicationConfig=null} | ret=FAILURE
org.apache.hadoop.ozone.om.exceptions.OMException: Unable to get file status: volume: volume61855 bucket: bucket38714 key: testBatchDelete
	at org.apache.hadoop.ozone.om.KeyManagerImpl.getOzoneFileStatus(KeyManagerImpl.java:1311) ~[ozone-manager-1.3.0-SNAPSHOT.jar:?]
	at org.apache.hadoop.ozone.om.KeyManagerImpl.getFileStatus(KeyManagerImpl.java:1241) ~[ozone-manager-1.3.0-SNAPSHOT.jar:?]
	at org.apache.hadoop.ozone.om.OzoneManager.getFileStatus(OzoneManager.java:3419) ~[ozone-manager-1.3.0-SNAPSHOT.jar:?]
	at org.apache.hadoop.ozone.protocolPB.OzoneManagerRequestHandler.getOzoneFileStatus(OzoneManagerRequestHandler.java:871) ~[ozone-manager-1.3.0-SNAPSHOT.jar:?]
	at org.apache.hadoop.ozone.protocolPB.OzoneManagerRequestHandler.handleReadRequest(OzoneManagerRequestHandler.java:217) ~[ozone-manager-1.3.0-SNAPSHOT.jar:?]
	at org.apache.hadoop.ozone.protocolPB.OzoneManagerProtocolServerSideTranslatorPB.submitReadRequestToOM(OzoneManagerProtocolServerSideTranslatorPB.java:226) ~[ozone-manager-1.3.0-SNAPSHOT.jar:?]
	at org.apache.hadoop.ozone.protocolPB.OzoneManagerProtocolServerSideTranslatorPB.processRequest(OzoneManagerProtocolServerSideTranslatorPB.java:175) ~[ozone-manager-1.3.0-SNAPSHOT.jar:?]
	at org.apache.hadoop.hdds.server.OzoneProtocolMessageDispatcher.processRequest(OzoneProtocolMessageDispatcher.java:87) [hdds-server-framework-1.3.0-SNAPSHOT.jar:?]
	at org.apache.hadoop.ozone.protocolPB.OzoneManagerProtocolServerSideTranslatorPB.submitRequest(OzoneManagerProtocolServerSideTranslatorPB.java:147) [ozone-manager-1.3.0-SNAPSHOT.jar:?]
	at org.apache.hadoop.ozone.protocol.proto.OzoneManagerProtocolProtos$OzoneManagerService$2.callBlockingMethod(OzoneManagerProtocolProtos.java) [ozone-interface-client-1.3.0-SNAPSHOT.jar:?]
	at org.apache.hadoop.ipc.ProtobufRpcEngine$Server.processCall(ProtobufRpcEngine.java:466) [hadoop-common-3.3.1.jar:?]
	at org.apache.hadoop.ipc.ProtobufRpcEngine2$Server$ProtoBufRpcInvoker.call(ProtobufRpcEngine2.java:574) [hadoop-common-3.3.1.jar:?]
	at org.apache.hadoop.ipc.ProtobufRpcEngine2$Server$ProtoBufRpcInvoker.call(ProtobufRpcEngine2.java:552) [hadoop-common-3.3.1.jar:?]
	at org.apache.hadoop.ipc.RPC$Server.call(RPC.java:1093) [hadoop-common-3.3.1.jar:?]
	at org.apache.hadoop.ipc.Server$RpcCall.run(Server.java:1035) [hadoop-common-3.3.1.jar:?]
	at org.apache.hadoop.ipc.Server$RpcCall.run(Server.java:963) [hadoop-common-3.3.1.jar:?]
	at java.security.AccessController.doPrivileged(Native Method) ~[?:1.8.0_332]
	at javax.security.auth.Subject.doAs(Subject.java:422) [?:1.8.0_332]
	at org.apache.hadoop.security.UserGroupInformation.doAs(UserGroupInformation.java:1878) [hadoop-common-3.3.1.jar:?]
	at org.apache.hadoop.ipc.Server$Handler.run(Server.java:2966) [hadoop-common-3.3.1.jar:?]
23:24:22.059 [IPC Server handler 9 on default port 45473] ERROR OMAudit - user=runner | ip=127.0.0.1 | op=GET_FILE_STATUS {volume=volume61855, bucket=bucket38714, key=testBatchDelete/parent/child0, dataSize=0, replicationConfig=null} | ret=FAILURE
org.apache.hadoop.ozone.om.exceptions.OMException: Unable to get file status: volume: volume61855 bucket: bucket38714 key: testBatchDelete/parent/child0
	at org.apache.hadoop.ozone.om.KeyManagerImpl.getOzoneFileStatus(KeyManagerImpl.java:1311) ~[ozone-manager-1.3.0-SNAPSHOT.jar:?]
	at org.apache.hadoop.ozone.om.KeyManagerImpl.getFileStatus(KeyManagerImpl.java:1241) ~[ozone-manager-1.3.0-SNAPSHOT.jar:?]
	at org.apache.hadoop.ozone.om.OzoneManager.getFileStatus(OzoneManager.java:3419) ~[ozone-manager-1.3.0-SNAPSHOT.jar:?]
	at org.apache.hadoop.ozone.protocolPB.OzoneManagerRequestHandler.getOzoneFileStatus(OzoneManagerRequestHandler.java:871) ~[ozone-manager-1.3.0-SNAPSHOT.jar:?]
	at org.apache.hadoop.ozone.protocolPB.OzoneManagerRequestHandler.handleReadRequest(OzoneManagerRequestHandler.java:217) ~[ozone-manager-1.3.0-SNAPSHOT.jar:?]
	at org.apache.hadoop.ozone.protocolPB.OzoneManagerProtocolServerSideTranslatorPB.submitReadRequestToOM(OzoneManagerProtocolServerSideTranslatorPB.java:226) ~[ozone-manager-1.3.0-SNAPSHOT.jar:?]
	at org.apache.hadoop.ozone.protocolPB.OzoneManagerProtocolServerSideTranslatorPB.processRequest(OzoneManagerProtocolServerSideTranslatorPB.java:175) ~[ozone-manager-1.3.0-SNAPSHOT.jar:?]
	at org.apache.hadoop.hdds.server.OzoneProtocolMessageDispatcher.processRequest(OzoneProtocolMessageDispatcher.java:87) [hdds-server-framework-1.3.0-SNAPSHOT.jar:?]
	at org.apache.hadoop.ozone.protocolPB.OzoneManagerProtocolServerSideTranslatorPB.submitRequest(OzoneManagerProtocolServerSideTranslatorPB.java:147) [ozone-manager-1.3.0-SNAPSHOT.jar:?]
	at org.apache.hadoop.ozone.protocol.proto.OzoneManagerProtocolProtos$OzoneManagerService$2.callBlockingMethod(OzoneManagerProtocolProtos.java) [ozone-interface-client-1.3.0-SNAPSHOT.jar:?]
	at org.apache.hadoop.ipc.ProtobufRpcEngine$Server.processCall(ProtobufRpcEngine.java:466) [hadoop-common-3.3.1.jar:?]
	at org.apache.hadoop.ipc.ProtobufRpcEngine2$Server$ProtoBufRpcInvoker.call(ProtobufRpcEngine2.java:574) [hadoop-common-3.3.1.jar:?]
	at org.apache.hadoop.ipc.ProtobufRpcEngine2$Server$ProtoBufRpcInvoker.call(ProtobufRpcEngine2.java:552) [hadoop-common-3.3.1.jar:?]
	at org.apache.hadoop.ipc.RPC$Server.call(RPC.java:1093) [hadoop-common-3.3.1.jar:?]
	at org.apache.hadoop.ipc.Server$RpcCall.run(Server.java:1035) [hadoop-common-3.3.1.jar:?]
	at org.apache.hadoop.ipc.Server$RpcCall.run(Server.java:963) [hadoop-common-3.3.1.jar:?]
	at java.security.AccessController.doPrivileged(Native Method) ~[?:1.8.0_332]
	at javax.security.auth.Subject.doAs(Subject.java:422) [?:1.8.0_332]
	at org.apache.hadoop.security.UserGroupInformation.doAs(UserGroupInformation.java:1878) [hadoop-common-3.3.1.jar:?]
	at org.apache.hadoop.ipc.Server$Handler.run(Server.java:2966) [hadoop-common-3.3.1.jar:?]
23:24:22.073 [IPC Server handler 1 on default port 45473] ERROR OMAudit - user=runner | ip=127.0.0.1 | op=GET_FILE_STATUS {volume=volume61855, bucket=bucket38714, key=testBatchDelete/parent/childFolder/child0, dataSize=0, replicationConfig=null} | ret=FAILURE
org.apache.hadoop.ozone.om.exceptions.OMException: Unable to get file status: volume: volume61855 bucket: bucket38714 key: testBatchDelete/parent/childFolder/child0
	at org.apache.hadoop.ozone.om.KeyManagerImpl.getOzoneFileStatus(KeyManagerImpl.java:1311) ~[ozone-manager-1.3.0-SNAPSHOT.jar:?]
	at org.apache.hadoop.ozone.om.KeyManagerImpl.getFileStatus(KeyManagerImpl.java:1241) ~[ozone-manager-1.3.0-SNAPSHOT.jar:?]
	at org.apache.hadoop.ozone.om.OzoneManager.getFileStatus(OzoneManager.java:3419) ~[ozone-manager-1.3.0-SNAPSHOT.jar:?]
	at org.apache.hadoop.ozone.protocolPB.OzoneManagerRequestHandler.getOzoneFileStatus(OzoneManagerRequestHandler.java:871) ~[ozone-manager-1.3.0-SNAPSHOT.jar:?]
	at org.apache.hadoop.ozone.protocolPB.OzoneManagerRequestHandler.handleReadRequest(OzoneManagerRequestHandler.java:217) ~[ozone-manager-1.3.0-SNAPSHOT.jar:?]
	at org.apache.hadoop.ozone.protocolPB.OzoneManagerProtocolServerSideTranslatorPB.submitReadRequestToOM(OzoneManagerProtocolServerSideTranslatorPB.java:226) ~[ozone-manager-1.3.0-SNAPSHOT.jar:?]
	at org.apache.hadoop.ozone.protocolPB.OzoneManagerProtocolServerSideTranslatorPB.processRequest(OzoneManagerProtocolServerSideTranslatorPB.java:175) ~[ozone-manager-1.3.0-SNAPSHOT.jar:?]
	at org.apache.hadoop.hdds.server.OzoneProtocolMessageDispatcher.processRequest(OzoneProtocolMessageDispatcher.java:87) [hdds-server-framework-1.3.0-SNAPSHOT.jar:?]
	at org.apache.hadoop.ozone.protocolPB.OzoneManagerProtocolServerSideTranslatorPB.submitRequest(OzoneManagerProtocolServerSideTranslatorPB.java:147) [ozone-manager-1.3.0-SNAPSHOT.jar:?]
	at org.apache.hadoop.ozone.protocol.proto.OzoneManagerProtocolProtos$OzoneManagerService$2.callBlockingMethod(OzoneManagerProtocolProtos.java) [ozone-interface-client-1.3.0-SNAPSHOT.jar:?]
	at org.apache.hadoop.ipc.ProtobufRpcEngine$Server.processCall(ProtobufRpcEngine.java:466) [hadoop-common-3.3.1.jar:?]
	at org.apache.hadoop.ipc.ProtobufRpcEngine2$Server$ProtoBufRpcInvoker.call(ProtobufRpcEngine2.java:574) [hadoop-common-3.3.1.jar:?]
	at org.apache.hadoop.ipc.ProtobufRpcEngine2$Server$ProtoBufRpcInvoker.call(ProtobufRpcEngine2.java:552) [hadoop-common-3.3.1.jar:?]
	at org.apache.hadoop.ipc.RPC$Server.call(RPC.java:1093) [hadoop-common-3.3.1.jar:?]
	at org.apache.hadoop.ipc.Server$RpcCall.run(Server.java:1035) [hadoop-common-3.3.1.jar:?]
	at org.apache.hadoop.ipc.Server$RpcCall.run(Server.java:963) [hadoop-common-3.3.1.jar:?]
	at java.security.AccessController.doPrivileged(Native Method) ~[?:1.8.0_332]
	at javax.security.auth.Subject.doAs(Subject.java:422) [?:1.8.0_332]
	at org.apache.hadoop.security.UserGroupInformation.doAs(UserGroupInformation.java:1878) [hadoop-common-3.3.1.jar:?]
	at org.apache.hadoop.ipc.Server$Handler.run(Server.java:2966) [hadoop-common-3.3.1.jar:?]
23:24:22.074 [IPC Server handler 2 on default port 45473] ERROR OMAudit - user=runner | ip=127.0.0.1 | op=GET_FILE_STATUS {volume=volume61855, bucket=bucket38714, key=testBatchDelete/parent/child1, dataSize=0, replicationConfig=null} | ret=FAILURE
org.apache.hadoop.ozone.om.exceptions.OMException: Unable to get file status: volume: volume61855 bucket: bucket38714 key: testBatchDelete/parent/child1
	at org.apache.hadoop.ozone.om.KeyManagerImpl.getOzoneFileStatus(KeyManagerImpl.java:1311) ~[ozone-manager-1.3.0-SNAPSHOT.jar:?]
	at org.apache.hadoop.ozone.om.KeyManagerImpl.getFileStatus(KeyManagerImpl.java:1241) ~[ozone-manager-1.3.0-SNAPSHOT.jar:?]
	at org.apache.hadoop.ozone.om.OzoneManager.getFileStatus(OzoneManager.java:3419) ~[ozone-manager-1.3.0-SNAPSHOT.jar:?]
	at org.apache.hadoop.ozone.protocolPB.OzoneManagerRequestHandler.getOzoneFileStatus(OzoneManagerRequestHandler.java:871) ~[ozone-manager-1.3.0-SNAPSHOT.jar:?]
	at org.apache.hadoop.ozone.protocolPB.OzoneManagerRequestHandler.handleReadRequest(OzoneManagerRequestHandler.java:217) ~[ozone-manager-1.3.0-SNAPSHOT.jar:?]
	at org.apache.hadoop.ozone.protocolPB.OzoneManagerProtocolServerSideTranslatorPB.submitReadRequestToOM(OzoneManagerProtocolServerSideTranslatorPB.java:226) ~[ozone-manager-1.3.0-SNAPSHOT.jar:?]
	at org.apache.hadoop.ozone.protocolPB.OzoneManagerProtocolServerSideTranslatorPB.processRequest(OzoneManagerProtocolServerSideTranslatorPB.java:175) ~[ozone-manager-1.3.0-SNAPSHOT.jar:?]
	at org.apache.hadoop.hdds.server.OzoneProtocolMessageDispatcher.processRequest(OzoneProtocolMessageDispatcher.java:87) [hdds-server-framework-1.3.0-SNAPSHOT.jar:?]
	at org.apache.hadoop.ozone.protocolPB.OzoneManagerProtocolServerSideTranslatorPB.submitRequest(OzoneManagerProtocolServerSideTranslatorPB.java:147) [ozone-manager-1.3.0-SNAPSHOT.jar:?]
	at org.apache.hadoop.ozone.protocol.proto.OzoneManagerProtocolProtos$OzoneManagerService$2.callBlockingMethod(OzoneManagerProtocolProtos.java) [ozone-interface-client-1.3.0-SNAPSHOT.jar:?]
	at org.apache.hadoop.ipc.ProtobufRpcEngine$Server.processCall(ProtobufRpcEngine.java:466) [hadoop-common-3.3.1.jar:?]
	at org.apache.hadoop.ipc.ProtobufRpcEngine2$Server$ProtoBufRpcInvoker.call(ProtobufRpcEngine2.java:574) [hadoop-common-3.3.1.jar:?]
	at org.apache.hadoop.ipc.ProtobufRpcEngine2$Server$ProtoBufRpcInvoker.call(ProtobufRpcEngine2.java:552) [hadoop-common-3.3.1.jar:?]
	at org.apache.hadoop.ipc.RPC$Server.call(RPC.java:1093) [hadoop-common-3.3.1.jar:?]
	at org.apache.hadoop.ipc.Server$RpcCall.run(Server.java:1035) [hadoop-common-3.3.1.jar:?]
	at org.apache.hadoop.ipc.Server$RpcCall.run(Server.java:963) [hadoop-common-3.3.1.jar:?]
	at java.security.AccessController.doPrivileged(Native Method) ~[?:1.8.0_332]
	at javax.security.auth.Subject.doAs(Subject.java:422) [?:1.8.0_332]
	at org.apache.hadoop.security.UserGroupInformation.doAs(UserGroupInformation.java:1878) [hadoop-common-3.3.1.jar:?]
	at org.apache.hadoop.ipc.Server$Handler.run(Server.java:2966) [hadoop-common-3.3.1.jar:?]
23:24:22.075 [IPC Server handler 6 on default port 45473] ERROR OMAudit - user=runner | ip=127.0.0.1 | op=GET_FILE_STATUS {volume=volume61855, bucket=bucket38714, key=testBatchDelete/parent/childFolder/child1, dataSize=0, replicationConfig=null} | ret=FAILURE
org.apache.hadoop.ozone.om.exceptions.OMException: Unable to get file status: volume: volume61855 bucket: bucket38714 key: testBatchDelete/parent/childFolder/child1
	at org.apache.hadoop.ozone.om.KeyManagerImpl.getOzoneFileStatus(KeyManagerImpl.java:1311) ~[ozone-manager-1.3.0-SNAPSHOT.jar:?]
	at org.apache.hadoop.ozone.om.KeyManagerImpl.getFileStatus(KeyManagerImpl.java:1241) ~[ozone-manager-1.3.0-SNAPSHOT.jar:?]
	at org.apache.hadoop.ozone.om.OzoneManager.getFileStatus(OzoneManager.java:3419) ~[ozone-manager-1.3.0-SNAPSHOT.jar:?]
	at org.apache.hadoop.ozone.protocolPB.OzoneManagerRequestHandler.getOzoneFileStatus(OzoneManagerRequestHandler.java:871) ~[ozone-manager-1.3.0-SNAPSHOT.jar:?]
	at org.apache.hadoop.ozone.protocolPB.OzoneManagerRequestHandler.handleReadRequest(OzoneManagerRequestHandler.java:217) ~[ozone-manager-1.3.0-SNAPSHOT.jar:?]
	at org.apache.hadoop.ozone.protocolPB.OzoneManagerProtocolServerSideTranslatorPB.submitReadRequestToOM(OzoneManagerProtocolServerSideTranslatorPB.java:226) ~[ozone-manager-1.3.0-SNAPSHOT.jar:?]
	at org.apache.hadoop.ozone.protocolPB.OzoneManagerProtocolServerSideTranslatorPB.processRequest(OzoneManagerProtocolServerSideTranslatorPB.java:175) ~[ozone-manager-1.3.0-SNAPSHOT.jar:?]
	at org.apache.hadoop.hdds.server.OzoneProtocolMessageDispatcher.processRequest(OzoneProtocolMessageDispatcher.java:87) [hdds-server-framework-1.3.0-SNAPSHOT.jar:?]
	at org.apache.hadoop.ozone.protocolPB.OzoneManagerProtocolServerSideTranslatorPB.submitRequest(OzoneManagerProtocolServerSideTranslatorPB.java:147) [ozone-manager-1.3.0-SNAPSHOT.jar:?]
	at org.apache.hadoop.ozone.protocol.proto.OzoneManagerProtocolProtos$OzoneManagerService$2.callBlockingMethod(OzoneManagerProtocolProtos.java) [ozone-interface-client-1.3.0-SNAPSHOT.jar:?]
	at org.apache.hadoop.ipc.ProtobufRpcEngine$Server.processCall(ProtobufRpcEngine.java:466) [hadoop-common-3.3.1.jar:?]
	at org.apache.hadoop.ipc.ProtobufRpcEngine2$Server$ProtoBufRpcInvoker.call(ProtobufRpcEngine2.java:574) [hadoop-common-3.3.1.jar:?]
	at org.apache.hadoop.ipc.ProtobufRpcEngine2$Server$ProtoBufRpcInvoker.call(ProtobufRpcEngine2.java:552) [hadoop-common-3.3.1.jar:?]
	at org.apache.hadoop.ipc.RPC$Server.call(RPC.java:1093) [hadoop-common-3.3.1.jar:?]
	at org.apache.hadoop.ipc.Server$RpcCall.run(Server.java:1035) [hadoop-common-3.3.1.jar:?]
	at org.apache.hadoop.ipc.Server$RpcCall.run(Server.java:963) [hadoop-common-3.3.1.jar:?]
	at java.security.AccessController.doPrivileged(Native Method) ~[?:1.8.0_332]
	at javax.security.auth.Subject.doAs(Subject.java:422) [?:1.8.0_332]
	at org.apache.hadoop.security.UserGroupInformation.doAs(UserGroupInformation.java:1878) [hadoop-common-3.3.1.jar:?]
	at org.apache.hadoop.ipc.Server$Handler.run(Server.java:2966) [hadoop-common-3.3.1.jar:?]
23:24:22.076 [IPC Server handler 4 on default port 45473] ERROR OMAudit - user=runner | ip=127.0.0.1 | op=GET_FILE_STATUS {volume=volume61855, bucket=bucket38714, key=testBatchDelete/parent/child2, dataSize=0, replicationConfig=null} | ret=FAILURE
org.apache.hadoop.ozone.om.exceptions.OMException: Unable to get file status: volume: volume61855 bucket: bucket38714 key: testBatchDelete/parent/child2
	at org.apache.hadoop.ozone.om.KeyManagerImpl.getOzoneFileStatus(KeyManagerImpl.java:1311) ~[ozone-manager-1.3.0-SNAPSHOT.jar:?]
	at org.apache.hadoop.ozone.om.KeyManagerImpl.getFileStatus(KeyManagerImpl.java:1241) ~[ozone-manager-1.3.0-SNAPSHOT.jar:?]
	at org.apache.hadoop.ozone.om.OzoneManager.getFileStatus(OzoneManager.java:3419) ~[ozone-manager-1.3.0-SNAPSHOT.jar:?]
	at org.apache.hadoop.ozone.protocolPB.OzoneManagerRequestHandler.getOzoneFileStatus(OzoneManagerRequestHandler.java:871) ~[ozone-manager-1.3.0-SNAPSHOT.jar:?]
	at org.apache.hadoop.ozone.protocolPB.OzoneManagerRequestHandler.handleReadRequest(OzoneManagerRequestHandler.java:217) ~[ozone-manager-1.3.0-SNAPSHOT.jar:?]
	at org.apache.hadoop.ozone.protocolPB.OzoneManagerProtocolServerSideTranslatorPB.submitReadRequestToOM(OzoneManagerProtocolServerSideTranslatorPB.java:226) ~[ozone-manager-1.3.0-SNAPSHOT.jar:?]
	at org.apache.hadoop.ozone.protocolPB.OzoneManagerProtocolServerSideTranslatorPB.processRequest(OzoneManagerProtocolServerSideTranslatorPB.java:175) ~[ozone-manager-1.3.0-SNAPSHOT.jar:?]
	at org.apache.hadoop.hdds.server.OzoneProtocolMessageDispatcher.processRequest(OzoneProtocolMessageDispatcher.java:87) [hdds-server-framework-1.3.0-SNAPSHOT.jar:?]
	at org.apache.hadoop.ozone.protocolPB.OzoneManagerProtocolServerSideTranslatorPB.submitRequest(OzoneManagerProtocolServerSideTranslatorPB.java:147) [ozone-manager-1.3.0-SNAPSHOT.jar:?]
	at org.apache.hadoop.ozone.protocol.proto.OzoneManagerProtocolProtos$OzoneManagerService$2.callBlockingMethod(OzoneManagerProtocolProtos.java) [ozone-interface-client-1.3.0-SNAPSHOT.jar:?]
	at org.apache.hadoop.ipc.ProtobufRpcEngine$Server.processCall(ProtobufRpcEngine.java:466) [hadoop-common-3.3.1.jar:?]
	at org.apache.hadoop.ipc.ProtobufRpcEngine2$Server$ProtoBufRpcInvoker.call(ProtobufRpcEngine2.java:574) [hadoop-common-3.3.1.jar:?]
	at org.apache.hadoop.ipc.ProtobufRpcEngine2$Server$ProtoBufRpcInvoker.call(ProtobufRpcEngine2.java:552) [hadoop-common-3.3.1.jar:?]
	at org.apache.hadoop.ipc.RPC$Server.call(RPC.java:1093) [hadoop-common-3.3.1.jar:?]
	at org.apache.hadoop.ipc.Server$RpcCall.run(Server.java:1035) [hadoop-common-3.3.1.jar:?]
	at org.apache.hadoop.ipc.Server$RpcCall.run(Server.java:963) [hadoop-common-3.3.1.jar:?]
	at java.security.AccessController.doPrivileged(Native Method) ~[?:1.8.0_332]
	at javax.security.auth.Subject.doAs(Subject.java:422) [?:1.8.0_332]
	at org.apache.hadoop.security.UserGroupInformation.doAs(UserGroupInformation.java:1878) [hadoop-common-3.3.1.jar:?]
	at org.apache.hadoop.ipc.Server$Handler.run(Server.java:2966) [hadoop-common-3.3.1.jar:?]
23:24:22.076 [IPC Server handler 8 on default port 45473] ERROR OMAudit - user=runner | ip=127.0.0.1 | op=GET_FILE_STATUS {volume=volume61855, bucket=bucket38714, key=testBatchDelete/parent/childFolder/child2, dataSize=0, replicationConfig=null} | ret=FAILURE
org.apache.hadoop.ozone.om.exceptions.OMException: Unable to get file status: volume: volume61855 bucket: bucket38714 key: testBatchDelete/parent/childFolder/child2
	at org.apache.hadoop.ozone.om.KeyManagerImpl.getOzoneFileStatus(KeyManagerImpl.java:1311) ~[ozone-manager-1.3.0-SNAPSHOT.jar:?]
	at org.apache.hadoop.ozone.om.KeyManagerImpl.getFileStatus(KeyManagerImpl.java:1241) ~[ozone-manager-1.3.0-SNAPSHOT.jar:?]
	at org.apache.hadoop.ozone.om.OzoneManager.getFileStatus(OzoneManager.java:3419) ~[ozone-manager-1.3.0-SNAPSHOT.jar:?]
	at org.apache.hadoop.ozone.protocolPB.OzoneManagerRequestHandler.getOzoneFileStatus(OzoneManagerRequestHandler.java:871) ~[ozone-manager-1.3.0-SNAPSHOT.jar:?]
	at org.apache.hadoop.ozone.protocolPB.OzoneManagerRequestHandler.handleReadRequest(OzoneManagerRequestHandler.java:217) ~[ozone-manager-1.3.0-SNAPSHOT.jar:?]
	at org.apache.hadoop.ozone.protocolPB.OzoneManagerProtocolServerSideTranslatorPB.submitReadRequestToOM(OzoneManagerProtocolServerSideTranslatorPB.java:226) ~[ozone-manager-1.3.0-SNAPSHOT.jar:?]
	at org.apache.hadoop.ozone.protocolPB.OzoneManagerProtocolServerSideTranslatorPB.processRequest(OzoneManagerProtocolServerSideTranslatorPB.java:175) ~[ozone-manager-1.3.0-SNAPSHOT.jar:?]
	at org.apache.hadoop.hdds.server.OzoneProtocolMessageDispatcher.processRequest(OzoneProtocolMessageDispatcher.java:87) [hdds-server-framework-1.3.0-SNAPSHOT.jar:?]
	at org.apache.hadoop.ozone.protocolPB.OzoneManagerProtocolServerSideTranslatorPB.submitRequest(OzoneManagerProtocolServerSideTranslatorPB.java:147) [ozone-manager-1.3.0-SNAPSHOT.jar:?]
	at org.apache.hadoop.ozone.protocol.proto.OzoneManagerProtocolProtos$OzoneManagerService$2.callBlockingMethod(OzoneManagerProtocolProtos.java) [ozone-interface-client-1.3.0-SNAPSHOT.jar:?]
	at org.apache.hadoop.ipc.ProtobufRpcEngine$Server.processCall(ProtobufRpcEngine.java:466) [hadoop-common-3.3.1.jar:?]
	at org.apache.hadoop.ipc.ProtobufRpcEngine2$Server$ProtoBufRpcInvoker.call(ProtobufRpcEngine2.java:574) [hadoop-common-3.3.1.jar:?]
	at org.apache.hadoop.ipc.ProtobufRpcEngine2$Server$ProtoBufRpcInvoker.call(ProtobufRpcEngine2.java:552) [hadoop-common-3.3.1.jar:?]
	at org.apache.hadoop.ipc.RPC$Server.call(RPC.java:1093) [hadoop-common-3.3.1.jar:?]
	at org.apache.hadoop.ipc.Server$RpcCall.run(Server.java:1035) [hadoop-common-3.3.1.jar:?]
	at org.apache.hadoop.ipc.Server$RpcCall.run(Server.java:963) [hadoop-common-3.3.1.jar:?]
	at java.security.AccessController.doPrivileged(Native Method) ~[?:1.8.0_332]
	at javax.security.auth.Subject.doAs(Subject.java:422) [?:1.8.0_332]
	at org.apache.hadoop.security.UserGroupInformation.doAs(UserGroupInformation.java:1878) [hadoop-common-3.3.1.jar:?]
	at org.apache.hadoop.ipc.Server$Handler.run(Server.java:2966) [hadoop-common-3.3.1.jar:?]
23:24:22.077 [IPC Server handler 17 on default port 45473] ERROR OMAudit - user=runner | ip=127.0.0.1 | op=GET_FILE_STATUS {volume=volume61855, bucket=bucket38714, key=testBatchDelete/parent/child3, dataSize=0, replicationConfig=null} | ret=FAILURE
org.apache.hadoop.ozone.om.exceptions.OMException: Unable to get file status: volume: volume61855 bucket: bucket38714 key: testBatchDelete/parent/child3
	at org.apache.hadoop.ozone.om.KeyManagerImpl.getOzoneFileStatus(KeyManagerImpl.java:1311) ~[ozone-manager-1.3.0-SNAPSHOT.jar:?]
	at org.apache.hadoop.ozone.om.KeyManagerImpl.getFileStatus(KeyManagerImpl.java:1241) ~[ozone-manager-1.3.0-SNAPSHOT.jar:?]
	at org.apache.hadoop.ozone.om.OzoneManager.getFileStatus(OzoneManager.java:3419) ~[ozone-manager-1.3.0-SNAPSHOT.jar:?]
	at org.apache.hadoop.ozone.protocolPB.OzoneManagerRequestHandler.getOzoneFileStatus(OzoneManagerRequestHandler.java:871) ~[ozone-manager-1.3.0-SNAPSHOT.jar:?]
	at org.apache.hadoop.ozone.protocolPB.OzoneManagerRequestHandler.handleReadRequest(OzoneManagerRequestHandler.java:217) ~[ozone-manager-1.3.0-SNAPSHOT.jar:?]
	at org.apache.hadoop.ozone.protocolPB.OzoneManagerProtocolServerSideTranslatorPB.submitReadRequestToOM(OzoneManagerProtocolServerSideTranslatorPB.java:226) ~[ozone-manager-1.3.0-SNAPSHOT.jar:?]
	at org.apache.hadoop.ozone.protocolPB.OzoneManagerProtocolServerSideTranslatorPB.processRequest(OzoneManagerProtocolServerSideTranslatorPB.java:175) ~[ozone-manager-1.3.0-SNAPSHOT.jar:?]
	at org.apache.hadoop.hdds.server.OzoneProtocolMessageDispatcher.processRequest(OzoneProtocolMessageDispatcher.java:87) [hdds-server-framework-1.3.0-SNAPSHOT.jar:?]
	at org.apache.hadoop.ozone.protocolPB.OzoneManagerProtocolServerSideTranslatorPB.submitRequest(OzoneManagerProtocolServerSideTranslatorPB.java:147) [ozone-manager-1.3.0-SNAPSHOT.jar:?]
	at org.apache.hadoop.ozone.protocol.proto.OzoneManagerProtocolProtos$OzoneManagerService$2.callBlockingMethod(OzoneManagerProtocolProtos.java) [ozone-interface-client-1.3.0-SNAPSHOT.jar:?]
	at org.apache.hadoop.ipc.ProtobufRpcEngine$Server.processCall(ProtobufRpcEngine.java:466) [hadoop-common-3.3.1.jar:?]
	at org.apache.hadoop.ipc.ProtobufRpcEngine2$Server$ProtoBufRpcInvoker.call(ProtobufRpcEngine2.java:574) [hadoop-common-3.3.1.jar:?]
	at org.apache.hadoop.ipc.ProtobufRpcEngine2$Server$ProtoBufRpcInvoker.call(ProtobufRpcEngine2.java:552) [hadoop-common-3.3.1.jar:?]
	at org.apache.hadoop.ipc.RPC$Server.call(RPC.java:1093) [hadoop-common-3.3.1.jar:?]
	at org.apache.hadoop.ipc.Server$RpcCall.run(Server.java:1035) [hadoop-common-3.3.1.jar:?]
	at org.apache.hadoop.ipc.Server$RpcCall.run(Server.java:963) [hadoop-common-3.3.1.jar:?]
	at java.security.AccessController.doPrivileged(Native Method) ~[?:1.8.0_332]
	at javax.security.auth.Subject.doAs(Subject.java:422) [?:1.8.0_332]
	at org.apache.hadoop.security.UserGroupInformation.doAs(UserGroupInformation.java:1878) [hadoop-common-3.3.1.jar:?]
	at org.apache.hadoop.ipc.Server$Handler.run(Server.java:2966) [hadoop-common-3.3.1.jar:?]
23:24:22.078 [IPC Server handler 15 on default port 45473] ERROR OMAudit - user=runner | ip=127.0.0.1 | op=GET_FILE_STATUS {volume=volume61855, bucket=bucket38714, key=testBatchDelete/parent/childFolder/child3, dataSize=0, replicationConfig=null} | ret=FAILURE
org.apache.hadoop.ozone.om.exceptions.OMException: Unable to get file status: volume: volume61855 bucket: bucket38714 key: testBatchDelete/parent/childFolder/child3
	at org.apache.hadoop.ozone.om.KeyManagerImpl.getOzoneFileStatus(KeyManagerImpl.java:1311) ~[ozone-manager-1.3.0-SNAPSHOT.jar:?]
	at org.apache.hadoop.ozone.om.KeyManagerImpl.getFileStatus(KeyManagerImpl.java:1241) ~[ozone-manager-1.3.0-SNAPSHOT.jar:?]
	at org.apache.hadoop.ozone.om.OzoneManager.getFileStatus(OzoneManager.java:3419) ~[ozone-manager-1.3.0-SNAPSHOT.jar:?]
	at org.apache.hadoop.ozone.protocolPB.OzoneManagerRequestHandler.getOzoneFileStatus(OzoneManagerRequestHandler.java:871) ~[ozone-manager-1.3.0-SNAPSHOT.jar:?]
	at org.apache.hadoop.ozone.protocolPB.OzoneManagerRequestHandler.handleReadRequest(OzoneManagerRequestHandler.java:217) ~[ozone-manager-1.3.0-SNAPSHOT.jar:?]
	at org.apache.hadoop.ozone.protocolPB.OzoneManagerProtocolServerSideTranslatorPB.submitReadRequestToOM(OzoneManagerProtocolServerSideTranslatorPB.java:226) ~[ozone-manager-1.3.0-SNAPSHOT.jar:?]
	at org.apache.hadoop.ozone.protocolPB.OzoneManagerProtocolServerSideTranslatorPB.processRequest(OzoneManagerProtocolServerSideTranslatorPB.java:175) ~[ozone-manager-1.3.0-SNAPSHOT.jar:?]
	at org.apache.hadoop.hdds.server.OzoneProtocolMessageDispatcher.processRequest(OzoneProtocolMessageDispatcher.java:87) [hdds-server-framework-1.3.0-SNAPSHOT.jar:?]
	at org.apache.hadoop.ozone.protocolPB.OzoneManagerProtocolServerSideTranslatorPB.submitRequest(OzoneManagerProtocolServerSideTranslatorPB.java:147) [ozone-manager-1.3.0-SNAPSHOT.jar:?]
	at org.apache.hadoop.ozone.protocol.proto.OzoneManagerProtocolProtos$OzoneManagerService$2.callBlockingMethod(OzoneManagerProtocolProtos.java) [ozone-interface-client-1.3.0-SNAPSHOT.jar:?]
	at org.apache.hadoop.ipc.ProtobufRpcEngine$Server.processCall(ProtobufRpcEngine.java:466) [hadoop-common-3.3.1.jar:?]
	at org.apache.hadoop.ipc.ProtobufRpcEngine2$Server$ProtoBufRpcInvoker.call(ProtobufRpcEngine2.java:574) [hadoop-common-3.3.1.jar:?]
	at org.apache.hadoop.ipc.ProtobufRpcEngine2$Server$ProtoBufRpcInvoker.call(ProtobufRpcEngine2.java:552) [hadoop-common-3.3.1.jar:?]
	at org.apache.hadoop.ipc.RPC$Server.call(RPC.java:1093) [hadoop-common-3.3.1.jar:?]
	at org.apache.hadoop.ipc.Server$RpcCall.run(Server.java:1035) [hadoop-common-3.3.1.jar:?]
	at org.apache.hadoop.ipc.Server$RpcCall.run(Server.java:963) [hadoop-common-3.3.1.jar:?]
	at java.security.AccessController.doPrivileged(Native Method) ~[?:1.8.0_332]
	at javax.security.auth.Subject.doAs(Subject.java:422) [?:1.8.0_332]
	at org.apache.hadoop.security.UserGroupInformation.doAs(UserGroupInformation.java:1878) [hadoop-common-3.3.1.jar:?]
	at org.apache.hadoop.ipc.Server$Handler.run(Server.java:2966) [hadoop-common-3.3.1.jar:?]
23:24:22.079 [IPC Server handler 12 on default port 45473] ERROR OMAudit - user=runner | ip=127.0.0.1 | op=GET_FILE_STATUS {volume=volume61855, bucket=bucket38714, key=testBatchDelete/parent/child4, dataSize=0, replicationConfig=null} | ret=FAILURE
org.apache.hadoop.ozone.om.exceptions.OMException: Unable to get file status: volume: volume61855 bucket: bucket38714 key: testBatchDelete/parent/child4
	at org.apache.hadoop.ozone.om.KeyManagerImpl.getOzoneFileStatus(KeyManagerImpl.java:1311) ~[ozone-manager-1.3.0-SNAPSHOT.jar:?]
	at org.apache.hadoop.ozone.om.KeyManagerImpl.getFileStatus(KeyManagerImpl.java:1241) ~[ozone-manager-1.3.0-SNAPSHOT.jar:?]
	at org.apache.hadoop.ozone.om.OzoneManager.getFileStatus(OzoneManager.java:3419) ~[ozone-manager-1.3.0-SNAPSHOT.jar:?]
	at org.apache.hadoop.ozone.protocolPB.OzoneManagerRequestHandler.getOzoneFileStatus(OzoneManagerRequestHandler.java:871) ~[ozone-manager-1.3.0-SNAPSHOT.jar:?]
	at org.apache.hadoop.ozone.protocolPB.OzoneManagerRequestHandler.handleReadRequest(OzoneManagerRequestHandler.java:217) ~[ozone-manager-1.3.0-SNAPSHOT.jar:?]
	at org.apache.hadoop.ozone.protocolPB.OzoneManagerProtocolServerSideTranslatorPB.submitReadRequestToOM(OzoneManagerProtocolServerSideTranslatorPB.java:226) ~[ozone-manager-1.3.0-SNAPSHOT.jar:?]
	at org.apache.hadoop.ozone.protocolPB.OzoneManagerProtocolServerSideTranslatorPB.processRequest(OzoneManagerProtocolServerSideTranslatorPB.java:175) ~[ozone-manager-1.3.0-SNAPSHOT.jar:?]
	at org.apache.hadoop.hdds.server.OzoneProtocolMessageDispatcher.processRequest(OzoneProtocolMessageDispatcher.java:87) [hdds-server-framework-1.3.0-SNAPSHOT.jar:?]
	at org.apache.hadoop.ozone.protocolPB.OzoneManagerProtocolServerSideTranslatorPB.submitRequest(OzoneManagerProtocolServerSideTranslatorPB.java:147) [ozone-manager-1.3.0-SNAPSHOT.jar:?]
	at org.apache.hadoop.ozone.protocol.proto.OzoneManagerProtocolProtos$OzoneManagerService$2.callBlockingMethod(OzoneManagerProtocolProtos.java) [ozone-interface-client-1.3.0-SNAPSHOT.jar:?]
	at org.apache.hadoop.ipc.ProtobufRpcEngine$Server.processCall(ProtobufRpcEngine.java:466) [hadoop-common-3.3.1.jar:?]
	at org.apache.hadoop.ipc.ProtobufRpcEngine2$Server$ProtoBufRpcInvoker.call(ProtobufRpcEngine2.java:574) [hadoop-common-3.3.1.jar:?]
	at org.apache.hadoop.ipc.ProtobufRpcEngine2$Server$ProtoBufRpcInvoker.call(ProtobufRpcEngine2.java:552) [hadoop-common-3.3.1.jar:?]
	at org.apache.hadoop.ipc.RPC$Server.call(RPC.java:1093) [hadoop-common-3.3.1.jar:?]
	at org.apache.hadoop.ipc.Server$RpcCall.run(Server.java:1035) [hadoop-common-3.3.1.jar:?]
	at org.apache.hadoop.ipc.Server$RpcCall.run(Server.java:963) [hadoop-common-3.3.1.jar:?]
	at java.security.AccessController.doPrivileged(Native Method) ~[?:1.8.0_332]
	at javax.security.auth.Subject.doAs(Subject.java:422) [?:1.8.0_332]
	at org.apache.hadoop.security.UserGroupInformation.doAs(UserGroupInformation.java:1878) [hadoop-common-3.3.1.jar:?]
	at org.apache.hadoop.ipc.Server$Handler.run(Server.java:2966) [hadoop-common-3.3.1.jar:?]
23:24:22.080 [IPC Server handler 11 on default port 45473] ERROR OMAudit - user=runner | ip=127.0.0.1 | op=GET_FILE_STATUS {volume=volume61855, bucket=bucket38714, key=testBatchDelete/parent/childFolder/child4, dataSize=0, replicationConfig=null} | ret=FAILURE
org.apache.hadoop.ozone.om.exceptions.OMException: Unable to get file status: volume: volume61855 bucket: bucket38714 key: testBatchDelete/parent/childFolder/child4
	at org.apache.hadoop.ozone.om.KeyManagerImpl.getOzoneFileStatus(KeyManagerImpl.java:1311) ~[ozone-manager-1.3.0-SNAPSHOT.jar:?]
	at org.apache.hadoop.ozone.om.KeyManagerImpl.getFileStatus(KeyManagerImpl.java:1241) ~[ozone-manager-1.3.0-SNAPSHOT.jar:?]
	at org.apache.hadoop.ozone.om.OzoneManager.getFileStatus(OzoneManager.java:3419) ~[ozone-manager-1.3.0-SNAPSHOT.jar:?]
	at org.apache.hadoop.ozone.protocolPB.OzoneManagerRequestHandler.getOzoneFileStatus(OzoneManagerRequestHandler.java:871) ~[ozone-manager-1.3.0-SNAPSHOT.jar:?]
	at org.apache.hadoop.ozone.protocolPB.OzoneManagerRequestHandler.handleReadRequest(OzoneManagerRequestHandler.java:217) ~[ozone-manager-1.3.0-SNAPSHOT.jar:?]
	at org.apache.hadoop.ozone.protocolPB.OzoneManagerProtocolServerSideTranslatorPB.submitReadRequestToOM(OzoneManagerProtocolServerSideTranslatorPB.java:226) ~[ozone-manager-1.3.0-SNAPSHOT.jar:?]
	at org.apache.hadoop.ozone.protocolPB.OzoneManagerProtocolServerSideTranslatorPB.processRequest(OzoneManagerProtocolServerSideTranslatorPB.java:175) ~[ozone-manager-1.3.0-SNAPSHOT.jar:?]
	at org.apache.hadoop.hdds.server.OzoneProtocolMessageDispatcher.processRequest(OzoneProtocolMessageDispatcher.java:87) [hdds-server-framework-1.3.0-SNAPSHOT.jar:?]
	at org.apache.hadoop.ozone.protocolPB.OzoneManagerProtocolServerSideTranslatorPB.submitRequest(OzoneManagerProtocolServerSideTranslatorPB.java:147) [ozone-manager-1.3.0-SNAPSHOT.jar:?]
	at org.apache.hadoop.ozone.protocol.proto.OzoneManagerProtocolProtos$OzoneManagerService$2.callBlockingMethod(OzoneManagerProtocolProtos.java) [ozone-interface-client-1.3.0-SNAPSHOT.jar:?]
	at org.apache.hadoop.ipc.ProtobufRpcEngine$Server.processCall(ProtobufRpcEngine.java:466) [hadoop-common-3.3.1.jar:?]
	at org.apache.hadoop.ipc.ProtobufRpcEngine2$Server$ProtoBufRpcInvoker.call(ProtobufRpcEngine2.java:574) [hadoop-common-3.3.1.jar:?]
	at org.apache.hadoop.ipc.ProtobufRpcEngine2$Server$ProtoBufRpcInvoker.call(ProtobufRpcEngine2.java:552) [hadoop-common-3.3.1.jar:?]
	at org.apache.hadoop.ipc.RPC$Server.call(RPC.java:1093) [hadoop-common-3.3.1.jar:?]
	at org.apache.hadoop.ipc.Server$RpcCall.run(Server.java:1035) [hadoop-common-3.3.1.jar:?]
	at org.apache.hadoop.ipc.Server$RpcCall.run(Server.java:963) [hadoop-common-3.3.1.jar:?]
	at java.security.AccessController.doPrivileged(Native Method) ~[?:1.8.0_332]
	at javax.security.auth.Subject.doAs(Subject.java:422) [?:1.8.0_332]
	at org.apache.hadoop.security.UserGroupInformation.doAs(UserGroupInformation.java:1878) [hadoop-common-3.3.1.jar:?]
	at org.apache.hadoop.ipc.Server$Handler.run(Server.java:2966) [hadoop-common-3.3.1.jar:?]
23:24:22.080 [IPC Server handler 9 on default port 45473] ERROR OMAudit - user=runner | ip=127.0.0.1 | op=GET_FILE_STATUS {volume=volume61855, bucket=bucket38714, key=testBatchDelete/parent/child5, dataSize=0, replicationConfig=null} | ret=FAILURE
org.apache.hadoop.ozone.om.exceptions.OMException: Unable to get file status: volume: volume61855 bucket: bucket38714 key: testBatchDelete/parent/child5
	at org.apache.hadoop.ozone.om.KeyManagerImpl.getOzoneFileStatus(KeyManagerImpl.java:1311) ~[ozone-manager-1.3.0-SNAPSHOT.jar:?]
	at org.apache.hadoop.ozone.om.KeyManagerImpl.getFileStatus(KeyManagerImpl.java:1241) ~[ozone-manager-1.3.0-SNAPSHOT.jar:?]
	at org.apache.hadoop.ozone.om.OzoneManager.getFileStatus(OzoneManager.java:3419) ~[ozone-manager-1.3.0-SNAPSHOT.jar:?]
	at org.apache.hadoop.ozone.protocolPB.OzoneManagerRequestHandler.getOzoneFileStatus(OzoneManagerRequestHandler.java:871) ~[ozone-manager-1.3.0-SNAPSHOT.jar:?]
	at org.apache.hadoop.ozone.protocolPB.OzoneManagerRequestHandler.handleReadRequest(OzoneManagerRequestHandler.java:217) ~[ozone-manager-1.3.0-SNAPSHOT.jar:?]
	at org.apache.hadoop.ozone.protocolPB.OzoneManagerProtocolServerSideTranslatorPB.submitReadRequestToOM(OzoneManagerProtocolServerSideTranslatorPB.java:226) ~[ozone-manager-1.3.0-SNAPSHOT.jar:?]
	at org.apache.hadoop.ozone.protocolPB.OzoneManagerProtocolServerSideTranslatorPB.processRequest(OzoneManagerProtocolServerSideTranslatorPB.java:175) ~[ozone-manager-1.3.0-SNAPSHOT.jar:?]
	at org.apache.hadoop.hdds.server.OzoneProtocolMessageDispatcher.processRequest(OzoneProtocolMessageDispatcher.java:87) [hdds-server-framework-1.3.0-SNAPSHOT.jar:?]
	at org.apache.hadoop.ozone.protocolPB.OzoneManagerProtocolServerSideTranslatorPB.submitRequest(OzoneManagerProtocolServerSideTranslatorPB.java:147) [ozone-manager-1.3.0-SNAPSHOT.jar:?]
	at org.apache.hadoop.ozone.protocol.proto.OzoneManagerProtocolProtos$OzoneManagerService$2.callBlockingMethod(OzoneManagerProtocolProtos.java) [ozone-interface-client-1.3.0-SNAPSHOT.jar:?]
	at org.apache.hadoop.ipc.ProtobufRpcEngine$Server.processCall(ProtobufRpcEngine.java:466) [hadoop-common-3.3.1.jar:?]
	at org.apache.hadoop.ipc.ProtobufRpcEngine2$Server$ProtoBufRpcInvoker.call(ProtobufRpcEngine2.java:574) [hadoop-common-3.3.1.jar:?]
	at org.apache.hadoop.ipc.ProtobufRpcEngine2$Server$ProtoBufRpcInvoker.call(ProtobufRpcEngine2.java:552) [hadoop-common-3.3.1.jar:?]
	at org.apache.hadoop.ipc.RPC$Server.call(RPC.java:1093) [hadoop-common-3.3.1.jar:?]
	at org.apache.hadoop.ipc.Server$RpcCall.run(Server.java:1035) [hadoop-common-3.3.1.jar:?]
	at org.apache.hadoop.ipc.Server$RpcCall.run(Server.java:963) [hadoop-common-3.3.1.jar:?]
	at java.security.AccessController.doPrivileged(Native Method) ~[?:1.8.0_332]
	at javax.security.auth.Subject.doAs(Subject.java:422) [?:1.8.0_332]
	at org.apache.hadoop.security.UserGroupInformation.doAs(UserGroupInformation.java:1878) [hadoop-common-3.3.1.jar:?]
	at org.apache.hadoop.ipc.Server$Handler.run(Server.java:2966) [hadoop-common-3.3.1.jar:?]
23:24:22.081 [IPC Server handler 1 on default port 45473] ERROR OMAudit - user=runner | ip=127.0.0.1 | op=GET_FILE_STATUS {volume=volume61855, bucket=bucket38714, key=testBatchDelete/parent/childFolder/child5, dataSize=0, replicationConfig=null} | ret=FAILURE
org.apache.hadoop.ozone.om.exceptions.OMException: Unable to get file status: volume: volume61855 bucket: bucket38714 key: testBatchDelete/parent/childFolder/child5
	at org.apache.hadoop.ozone.om.KeyManagerImpl.getOzoneFileStatus(KeyManagerImpl.java:1311) ~[ozone-manager-1.3.0-SNAPSHOT.jar:?]
	at org.apache.hadoop.ozone.om.KeyManagerImpl.getFileStatus(KeyManagerImpl.java:1241) ~[ozone-manager-1.3.0-SNAPSHOT.jar:?]
	at org.apache.hadoop.ozone.om.OzoneManager.getFileStatus(OzoneManager.java:3419) ~[ozone-manager-1.3.0-SNAPSHOT.jar:?]
	at org.apache.hadoop.ozone.protocolPB.OzoneManagerRequestHandler.getOzoneFileStatus(OzoneManagerRequestHandler.java:871) ~[ozone-manager-1.3.0-SNAPSHOT.jar:?]
	at org.apache.hadoop.ozone.protocolPB.OzoneManagerRequestHandler.handleReadRequest(OzoneManagerRequestHandler.java:217) ~[ozone-manager-1.3.0-SNAPSHOT.jar:?]
	at org.apache.hadoop.ozone.protocolPB.OzoneManagerProtocolServerSideTranslatorPB.submitReadRequestToOM(OzoneManagerProtocolServerSideTranslatorPB.java:226) ~[ozone-manager-1.3.0-SNAPSHOT.jar:?]
	at org.apache.hadoop.ozone.protocolPB.OzoneManagerProtocolServerSideTranslatorPB.processRequest(OzoneManagerProtocolServerSideTranslatorPB.java:175) ~[ozone-manager-1.3.0-SNAPSHOT.jar:?]
	at org.apache.hadoop.hdds.server.OzoneProtocolMessageDispatcher.processRequest(OzoneProtocolMessageDispatcher.java:87) [hdds-server-framework-1.3.0-SNAPSHOT.jar:?]
	at org.apache.hadoop.ozone.protocolPB.OzoneManagerProtocolServerSideTranslatorPB.submitRequest(OzoneManagerProtocolServerSideTranslatorPB.java:147) [ozone-manager-1.3.0-SNAPSHOT.jar:?]
	at org.apache.hadoop.ozone.protocol.proto.OzoneManagerProtocolProtos$OzoneManagerService$2.callBlockingMethod(OzoneManagerProtocolProtos.java) [ozone-interface-client-1.3.0-SNAPSHOT.jar:?]
	at org.apache.hadoop.ipc.ProtobufRpcEngine$Server.processCall(ProtobufRpcEngine.java:466) [hadoop-common-3.3.1.jar:?]
	at org.apache.hadoop.ipc.ProtobufRpcEngine2$Server$ProtoBufRpcInvoker.call(ProtobufRpcEngine2.java:574) [hadoop-common-3.3.1.jar:?]
	at org.apache.hadoop.ipc.ProtobufRpcEngine2$Server$ProtoBufRpcInvoker.call(ProtobufRpcEngine2.java:552) [hadoop-common-3.3.1.jar:?]
	at org.apache.hadoop.ipc.RPC$Server.call(RPC.java:1093) [hadoop-common-3.3.1.jar:?]
	at org.apache.hadoop.ipc.Server$RpcCall.run(Server.java:1035) [hadoop-common-3.3.1.jar:?]
	at org.apache.hadoop.ipc.Server$RpcCall.run(Server.java:963) [hadoop-common-3.3.1.jar:?]
	at java.security.AccessController.doPrivileged(Native Method) ~[?:1.8.0_332]
	at javax.security.auth.Subject.doAs(Subject.java:422) [?:1.8.0_332]
	at org.apache.hadoop.security.UserGroupInformation.doAs(UserGroupInformation.java:1878) [hadoop-common-3.3.1.jar:?]
	at org.apache.hadoop.ipc.Server$Handler.run(Server.java:2966) [hadoop-common-3.3.1.jar:?]
23:24:22.082 [IPC Server handler 2 on default port 45473] ERROR OMAudit - user=runner | ip=127.0.0.1 | op=GET_FILE_STATUS {volume=volume61855, bucket=bucket38714, key=testBatchDelete/parent/child6, dataSize=0, replicationConfig=null} | ret=FAILURE
org.apache.hadoop.ozone.om.exceptions.OMException: Unable to get file status: volume: volume61855 bucket: bucket38714 key: testBatchDelete/parent/child6
	at org.apache.hadoop.ozone.om.KeyManagerImpl.getOzoneFileStatus(KeyManagerImpl.java:1311) ~[ozone-manager-1.3.0-SNAPSHOT.jar:?]
	at org.apache.hadoop.ozone.om.KeyManagerImpl.getFileStatus(KeyManagerImpl.java:1241) ~[ozone-manager-1.3.0-SNAPSHOT.jar:?]
	at org.apache.hadoop.ozone.om.OzoneManager.getFileStatus(OzoneManager.java:3419) ~[ozone-manager-1.3.0-SNAPSHOT.jar:?]
	at org.apache.hadoop.ozone.protocolPB.OzoneManagerRequestHandler.getOzoneFileStatus(OzoneManagerRequestHandler.java:871) ~[ozone-manager-1.3.0-SNAPSHOT.jar:?]
	at org.apache.hadoop.ozone.protocolPB.OzoneManagerRequestHandler.handleReadRequest(OzoneManagerRequestHandler.java:217) ~[ozone-manager-1.3.0-SNAPSHOT.jar:?]
	at org.apache.hadoop.ozone.protocolPB.OzoneManagerProtocolServerSideTranslatorPB.submitReadRequestToOM(OzoneManagerProtocolServerSideTranslatorPB.java:226) ~[ozone-manager-1.3.0-SNAPSHOT.jar:?]
	at org.apache.hadoop.ozone.protocolPB.OzoneManagerProtocolServerSideTranslatorPB.processRequest(OzoneManagerProtocolServerSideTranslatorPB.java:175) ~[ozone-manager-1.3.0-SNAPSHOT.jar:?]
	at org.apache.hadoop.hdds.server.OzoneProtocolMessageDispatcher.processRequest(OzoneProtocolMessageDispatcher.java:87) [hdds-server-framework-1.3.0-SNAPSHOT.jar:?]
	at org.apache.hadoop.ozone.protocolPB.OzoneManagerProtocolServerSideTranslatorPB.submitRequest(OzoneManagerProtocolServerSideTranslatorPB.java:147) [ozone-manager-1.3.0-SNAPSHOT.jar:?]
	at org.apache.hadoop.ozone.protocol.proto.OzoneManagerProtocolProtos$OzoneManagerService$2.callBlockingMethod(OzoneManagerProtocolProtos.java) [ozone-interface-client-1.3.0-SNAPSHOT.jar:?]
	at org.apache.hadoop.ipc.ProtobufRpcEngine$Server.processCall(ProtobufRpcEngine.java:466) [hadoop-common-3.3.1.jar:?]
	at org.apache.hadoop.ipc.ProtobufRpcEngine2$Server$ProtoBufRpcInvoker.call(ProtobufRpcEngine2.java:574) [hadoop-common-3.3.1.jar:?]
	at org.apache.hadoop.ipc.ProtobufRpcEngine2$Server$ProtoBufRpcInvoker.call(ProtobufRpcEngine2.java:552) [hadoop-common-3.3.1.jar:?]
	at org.apache.hadoop.ipc.RPC$Server.call(RPC.java:1093) [hadoop-common-3.3.1.jar:?]
	at org.apache.hadoop.ipc.Server$RpcCall.run(Server.java:1035) [hadoop-common-3.3.1.jar:?]
	at org.apache.hadoop.ipc.Server$RpcCall.run(Server.java:963) [hadoop-common-3.3.1.jar:?]
	at java.security.AccessController.doPrivileged(Native Method) ~[?:1.8.0_332]
	at javax.security.auth.Subject.doAs(Subject.java:422) [?:1.8.0_332]
	at org.apache.hadoop.security.UserGroupInformation.doAs(UserGroupInformation.java:1878) [hadoop-common-3.3.1.jar:?]
	at org.apache.hadoop.ipc.Server$Handler.run(Server.java:2966) [hadoop-common-3.3.1.jar:?]
23:24:22.083 [IPC Server handler 6 on default port 45473] ERROR OMAudit - user=runner | ip=127.0.0.1 | op=GET_FILE_STATUS {volume=volume61855, bucket=bucket38714, key=testBatchDelete/parent/childFolder/child6, dataSize=0, replicationConfig=null} | ret=FAILURE
org.apache.hadoop.ozone.om.exceptions.OMException: Unable to get file status: volume: volume61855 bucket: bucket38714 key: testBatchDelete/parent/childFolder/child6
	at org.apache.hadoop.ozone.om.KeyManagerImpl.getOzoneFileStatus(KeyManagerImpl.java:1311) ~[ozone-manager-1.3.0-SNAPSHOT.jar:?]
	at org.apache.hadoop.ozone.om.KeyManagerImpl.getFileStatus(KeyManagerImpl.java:1241) ~[ozone-manager-1.3.0-SNAPSHOT.jar:?]
	at org.apache.hadoop.ozone.om.OzoneManager.getFileStatus(OzoneManager.java:3419) ~[ozone-manager-1.3.0-SNAPSHOT.jar:?]
	at org.apache.hadoop.ozone.protocolPB.OzoneManagerRequestHandler.getOzoneFileStatus(OzoneManagerRequestHandler.java:871) ~[ozone-manager-1.3.0-SNAPSHOT.jar:?]
	at org.apache.hadoop.ozone.protocolPB.OzoneManagerRequestHandler.handleReadRequest(OzoneManagerRequestHandler.java:217) ~[ozone-manager-1.3.0-SNAPSHOT.jar:?]
	at org.apache.hadoop.ozone.protocolPB.OzoneManagerProtocolServerSideTranslatorPB.submitReadRequestToOM(OzoneManagerProtocolServerSideTranslatorPB.java:226) ~[ozone-manager-1.3.0-SNAPSHOT.jar:?]
	at org.apache.hadoop.ozone.protocolPB.OzoneManagerProtocolServerSideTranslatorPB.processRequest(OzoneManagerProtocolServerSideTranslatorPB.java:175) ~[ozone-manager-1.3.0-SNAPSHOT.jar:?]
	at org.apache.hadoop.hdds.server.OzoneProtocolMessageDispatcher.processRequest(OzoneProtocolMessageDispatcher.java:87) [hdds-server-framework-1.3.0-SNAPSHOT.jar:?]
	at org.apache.hadoop.ozone.protocolPB.OzoneManagerProtocolServerSideTranslatorPB.submitRequest(OzoneManagerProtocolServerSideTranslatorPB.java:147) [ozone-manager-1.3.0-SNAPSHOT.jar:?]
	at org.apache.hadoop.ozone.protocol.proto.OzoneManagerProtocolProtos$OzoneManagerService$2.callBlockingMethod(OzoneManagerProtocolProtos.java) [ozone-interface-client-1.3.0-SNAPSHOT.jar:?]
	at org.apache.hadoop.ipc.ProtobufRpcEngine$Server.processCall(ProtobufRpcEngine.java:466) [hadoop-common-3.3.1.jar:?]
	at org.apache.hadoop.ipc.ProtobufRpcEngine2$Server$ProtoBufRpcInvoker.call(ProtobufRpcEngine2.java:574) [hadoop-common-3.3.1.jar:?]
	at org.apache.hadoop.ipc.ProtobufRpcEngine2$Server$ProtoBufRpcInvoker.call(ProtobufRpcEngine2.java:552) [hadoop-common-3.3.1.jar:?]
	at org.apache.hadoop.ipc.RPC$Server.call(RPC.java:1093) [hadoop-common-3.3.1.jar:?]
	at org.apache.hadoop.ipc.Server$RpcCall.run(Server.java:1035) [hadoop-common-3.3.1.jar:?]
	at org.apache.hadoop.ipc.Server$RpcCall.run(Server.java:963) [hadoop-common-3.3.1.jar:?]
	at java.security.AccessController.doPrivileged(Native Method) ~[?:1.8.0_332]
	at javax.security.auth.Subject.doAs(Subject.java:422) [?:1.8.0_332]
	at org.apache.hadoop.security.UserGroupInformation.doAs(UserGroupInformation.java:1878) [hadoop-common-3.3.1.jar:?]
	at org.apache.hadoop.ipc.Server$Handler.run(Server.java:2966) [hadoop-common-3.3.1.jar:?]
23:24:22.083 [IPC Server handler 4 on default port 45473] ERROR OMAudit - user=runner | ip=127.0.0.1 | op=GET_FILE_STATUS {volume=volume61855, bucket=bucket38714, key=testBatchDelete/parent/child7, dataSize=0, replicationConfig=null} | ret=FAILURE
org.apache.hadoop.ozone.om.exceptions.OMException: Unable to get file status: volume: volume61855 bucket: bucket38714 key: testBatchDelete/parent/child7
	at org.apache.hadoop.ozone.om.KeyManagerImpl.getOzoneFileStatus(KeyManagerImpl.java:1311) ~[ozone-manager-1.3.0-SNAPSHOT.jar:?]
	at org.apache.hadoop.ozone.om.KeyManagerImpl.getFileStatus(KeyManagerImpl.java:1241) ~[ozone-manager-1.3.0-SNAPSHOT.jar:?]
	at org.apache.hadoop.ozone.om.OzoneManager.getFileStatus(OzoneManager.java:3419) ~[ozone-manager-1.3.0-SNAPSHOT.jar:?]
	at org.apache.hadoop.ozone.protocolPB.OzoneManagerRequestHandler.getOzoneFileStatus(OzoneManagerRequestHandler.java:871) ~[ozone-manager-1.3.0-SNAPSHOT.jar:?]
	at org.apache.hadoop.ozone.protocolPB.OzoneManagerRequestHandler.handleReadRequest(OzoneManagerRequestHandler.java:217) ~[ozone-manager-1.3.0-SNAPSHOT.jar:?]
	at org.apache.hadoop.ozone.protocolPB.OzoneManagerProtocolServerSideTranslatorPB.submitReadRequestToOM(OzoneManagerProtocolServerSideTranslatorPB.java:226) ~[ozone-manager-1.3.0-SNAPSHOT.jar:?]
	at org.apache.hadoop.ozone.protocolPB.OzoneManagerProtocolServerSideTranslatorPB.processRequest(OzoneManagerProtocolServerSideTranslatorPB.java:175) ~[ozone-manager-1.3.0-SNAPSHOT.jar:?]
	at org.apache.hadoop.hdds.server.OzoneProtocolMessageDispatcher.processRequest(OzoneProtocolMessageDispatcher.java:87) [hdds-server-framework-1.3.0-SNAPSHOT.jar:?]
	at org.apache.hadoop.ozone.protocolPB.OzoneManagerProtocolServerSideTranslatorPB.submitRequest(OzoneManagerProtocolServerSideTranslatorPB.java:147) [ozone-manager-1.3.0-SNAPSHOT.jar:?]
	at org.apache.hadoop.ozone.protocol.proto.OzoneManagerProtocolProtos$OzoneManagerService$2.callBlockingMethod(OzoneManagerProtocolProtos.java) [ozone-interface-client-1.3.0-SNAPSHOT.jar:?]
	at org.apache.hadoop.ipc.ProtobufRpcEngine$Server.processCall(ProtobufRpcEngine.java:466) [hadoop-common-3.3.1.jar:?]
	at org.apache.hadoop.ipc.ProtobufRpcEngine2$Server$ProtoBufRpcInvoker.call(ProtobufRpcEngine2.java:574) [hadoop-common-3.3.1.jar:?]
	at org.apache.hadoop.ipc.ProtobufRpcEngine2$Server$ProtoBufRpcInvoker.call(ProtobufRpcEngine2.java:552) [hadoop-common-3.3.1.jar:?]
	at org.apache.hadoop.ipc.RPC$Server.call(RPC.java:1093) [hadoop-common-3.3.1.jar:?]
	at org.apache.hadoop.ipc.Server$RpcCall.run(Server.java:1035) [hadoop-common-3.3.1.jar:?]
	at org.apache.hadoop.ipc.Server$RpcCall.run(Server.java:963) [hadoop-common-3.3.1.jar:?]
	at java.security.AccessController.doPrivileged(Native Method) ~[?:1.8.0_332]
	at javax.security.auth.Subject.doAs(Subject.java:422) [?:1.8.0_332]
	at org.apache.hadoop.security.UserGroupInformation.doAs(UserGroupInformation.java:1878) [hadoop-common-3.3.1.jar:?]
	at org.apache.hadoop.ipc.Server$Handler.run(Server.java:2966) [hadoop-common-3.3.1.jar:?]
23:24:22.089 [IPC Server handler 8 on default port 45473] ERROR OMAudit - user=runner | ip=127.0.0.1 | op=GET_FILE_STATUS {volume=volume61855, bucket=bucket38714, key=testBatchDelete/parent/childFolder/child7, dataSize=0, replicationConfig=null} | ret=FAILURE
org.apache.hadoop.ozone.om.exceptions.OMException: Unable to get file status: volume: volume61855 bucket: bucket38714 key: testBatchDelete/parent/childFolder/child7
	at org.apache.hadoop.ozone.om.KeyManagerImpl.getOzoneFileStatus(KeyManagerImpl.java:1311) ~[ozone-manager-1.3.0-SNAPSHOT.jar:?]
	at org.apache.hadoop.ozone.om.KeyManagerImpl.getFileStatus(KeyManagerImpl.java:1241) ~[ozone-manager-1.3.0-SNAPSHOT.jar:?]
	at org.apache.hadoop.ozone.om.OzoneManager.getFileStatus(OzoneManager.java:3419) ~[ozone-manager-1.3.0-SNAPSHOT.jar:?]
	at org.apache.hadoop.ozone.protocolPB.OzoneManagerRequestHandler.getOzoneFileStatus(OzoneManagerRequestHandler.java:871) ~[ozone-manager-1.3.0-SNAPSHOT.jar:?]
	at org.apache.hadoop.ozone.protocolPB.OzoneManagerRequestHandler.handleReadRequest(OzoneManagerRequestHandler.java:217) ~[ozone-manager-1.3.0-SNAPSHOT.jar:?]
	at org.apache.hadoop.ozone.protocolPB.OzoneManagerProtocolServerSideTranslatorPB.submitReadRequestToOM(OzoneManagerProtocolServerSideTranslatorPB.java:226) ~[ozone-manager-1.3.0-SNAPSHOT.jar:?]
	at org.apache.hadoop.ozone.protocolPB.OzoneManagerProtocolServerSideTranslatorPB.processRequest(OzoneManagerProtocolServerSideTranslatorPB.java:175) ~[ozone-manager-1.3.0-SNAPSHOT.jar:?]
	at org.apache.hadoop.hdds.server.OzoneProtocolMessageDispatcher.processRequest(OzoneProtocolMessageDispatcher.java:87) [hdds-server-framework-1.3.0-SNAPSHOT.jar:?]
	at org.apache.hadoop.ozone.protocolPB.OzoneManagerProtocolServerSideTranslatorPB.submitRequest(OzoneManagerProtocolServerSideTranslatorPB.java:147) [ozone-manager-1.3.0-SNAPSHOT.jar:?]
	at org.apache.hadoop.ozone.protocol.proto.OzoneManagerProtocolProtos$OzoneManagerService$2.callBlockingMethod(OzoneManagerProtocolProtos.java) [ozone-interface-client-1.3.0-SNAPSHOT.jar:?]
	at org.apache.hadoop.ipc.ProtobufRpcEngine$Server.processCall(ProtobufRpcEngine.java:466) [hadoop-common-3.3.1.jar:?]
	at org.apache.hadoop.ipc.ProtobufRpcEngine2$Server$ProtoBufRpcInvoker.call(ProtobufRpcEngine2.java:574) [hadoop-common-3.3.1.jar:?]
	at org.apache.hadoop.ipc.ProtobufRpcEngine2$Server$ProtoBufRpcInvoker.call(ProtobufRpcEngine2.java:552) [hadoop-common-3.3.1.jar:?]
	at org.apache.hadoop.ipc.RPC$Server.call(RPC.java:1093) [hadoop-common-3.3.1.jar:?]
	at org.apache.hadoop.ipc.Server$RpcCall.run(Server.java:1035) [hadoop-common-3.3.1.jar:?]
	at org.apache.hadoop.ipc.Server$RpcCall.run(Server.java:963) [hadoop-common-3.3.1.jar:?]
	at java.security.AccessController.doPrivileged(Native Method) ~[?:1.8.0_332]
	at javax.security.auth.Subject.doAs(Subject.java:422) [?:1.8.0_332]
	at org.apache.hadoop.security.UserGroupInformation.doAs(UserGroupInformation.java:1878) [hadoop-common-3.3.1.jar:?]
	at org.apache.hadoop.ipc.Server$Handler.run(Server.java:2966) [hadoop-common-3.3.1.jar:?]
23:24:22.090 [IPC Server handler 17 on default port 45473] ERROR OMAudit - user=runner | ip=127.0.0.1 | op=GET_FILE_STATUS {volume=volume61855, bucket=bucket38714, key=testBatchDelete/parent, dataSize=0, replicationConfig=null} | ret=FAILURE
org.apache.hadoop.ozone.om.exceptions.OMException: Unable to get file status: volume: volume61855 bucket: bucket38714 key: testBatchDelete/parent
	at org.apache.hadoop.ozone.om.KeyManagerImpl.getOzoneFileStatus(KeyManagerImpl.java:1311) ~[ozone-manager-1.3.0-SNAPSHOT.jar:?]
	at org.apache.hadoop.ozone.om.KeyManagerImpl.getFileStatus(KeyManagerImpl.java:1241) ~[ozone-manager-1.3.0-SNAPSHOT.jar:?]
	at org.apache.hadoop.ozone.om.OzoneManager.getFileStatus(OzoneManager.java:3419) ~[ozone-manager-1.3.0-SNAPSHOT.jar:?]
	at org.apache.hadoop.ozone.protocolPB.OzoneManagerRequestHandler.getOzoneFileStatus(OzoneManagerRequestHandler.java:871) ~[ozone-manager-1.3.0-SNAPSHOT.jar:?]
	at org.apache.hadoop.ozone.protocolPB.OzoneManagerRequestHandler.handleReadRequest(OzoneManagerRequestHandler.java:217) ~[ozone-manager-1.3.0-SNAPSHOT.jar:?]
	at org.apache.hadoop.ozone.protocolPB.OzoneManagerProtocolServerSideTranslatorPB.submitReadRequestToOM(OzoneManagerProtocolServerSideTranslatorPB.java:226) ~[ozone-manager-1.3.0-SNAPSHOT.jar:?]
	at org.apache.hadoop.ozone.protocolPB.OzoneManagerProtocolServerSideTranslatorPB.processRequest(OzoneManagerProtocolServerSideTranslatorPB.java:175) ~[ozone-manager-1.3.0-SNAPSHOT.jar:?]
	at org.apache.hadoop.hdds.server.OzoneProtocolMessageDispatcher.processRequest(OzoneProtocolMessageDispatcher.java:87) [hdds-server-framework-1.3.0-SNAPSHOT.jar:?]
	at org.apache.hadoop.ozone.protocolPB.OzoneManagerProtocolServerSideTranslatorPB.submitRequest(OzoneManagerProtocolServerSideTranslatorPB.java:147) [ozone-manager-1.3.0-SNAPSHOT.jar:?]
	at org.apache.hadoop.ozone.protocol.proto.OzoneManagerProtocolProtos$OzoneManagerService$2.callBlockingMethod(OzoneManagerProtocolProtos.java) [ozone-interface-client-1.3.0-SNAPSHOT.jar:?]
	at org.apache.hadoop.ipc.ProtobufRpcEngine$Server.processCall(ProtobufRpcEngine.java:466) [hadoop-common-3.3.1.jar:?]
	at org.apache.hadoop.ipc.ProtobufRpcEngine2$Server$ProtoBufRpcInvoker.call(ProtobufRpcEngine2.java:574) [hadoop-common-3.3.1.jar:?]
	at org.apache.hadoop.ipc.ProtobufRpcEngine2$Server$ProtoBufRpcInvoker.call(ProtobufRpcEngine2.java:552) [hadoop-common-3.3.1.jar:?]
	at org.apache.hadoop.ipc.RPC$Server.call(RPC.java:1093) [hadoop-common-3.3.1.jar:?]
	at org.apache.hadoop.ipc.Server$RpcCall.run(Server.java:1035) [hadoop-common-3.3.1.jar:?]
	at org.apache.hadoop.ipc.Server$RpcCall.run(Server.java:963) [hadoop-common-3.3.1.jar:?]
	at java.security.AccessController.doPrivileged(Native Method) ~[?:1.8.0_332]
	at javax.security.auth.Subject.doAs(Subject.java:422) [?:1.8.0_332]
	at org.apache.hadoop.security.UserGroupInformation.doAs(UserGroupInformation.java:1878) [hadoop-common-3.3.1.jar:?]
	at org.apache.hadoop.ipc.Server$Handler.run(Server.java:2966) [hadoop-common-3.3.1.jar:?]
2022-07-12 23:24:22,090 [Time-limited test] WARN  ozone.BasicRootedOzoneFileSystem (BasicRootedOzoneFileSystem.java:delete(572)) - delete: Path does not exist: /volume61855/bucket38714/testBatchDelete/parent
]]></system-out>
  </testcase>
  <testcase name="testFileDelete" classname="TestRootedOzoneFileSystem" time="0.286">
    <system-out><![CDATA[2022-07-12 23:25:45,933 [Time-limited test] INFO  rpc.RpcClient (RpcClient.java:createVolume(466)) - Creating Volume: volume35182, with user16815 as owner and space quota set to -1 bytes, counts quota set to -1
2022-07-12 23:25:45,934 [IPC Server handler 3 on default port 46473] INFO  volume.OMVolumeCreateRequest (OMVolumeCreateRequest.java:validateAndUpdateCache(195)) - created volume:volume35182 for user:user16815
2022-07-12 23:25:45,937 [Time-limited test] INFO  rpc.RpcClient (RpcClient.java:createBucket(669)) - Creating Bucket: volume35182/bucket60381, with bucket layout LEGACY, runner as owner, Versioning false, Storage Type set to DISK and Encryption set to false 
2022-07-12 23:25:45,941 [IPC Server handler 2 on default port 46473] INFO  bucket.OMBucketCreateRequest (OMBucketCreateRequest.java:validateAndUpdateCache(260)) - created bucket: bucket60381 of layout LEGACY in volume: volume35182
23:25:46.067 [IPC Server handler 8 on default port 46473] ERROR OMAudit - user=runner | ip=127.0.0.1 | op=GET_FILE_STATUS {volume=volume35182, bucket=bucket60381, key=testBatchDelete, dataSize=0, replicationConfig=null} | ret=FAILURE
org.apache.hadoop.ozone.om.exceptions.OMException: Unable to get file status: volume: volume35182 bucket: bucket60381 key: testBatchDelete
	at org.apache.hadoop.ozone.om.KeyManagerImpl.getOzoneFileStatus(KeyManagerImpl.java:1311) ~[ozone-manager-1.3.0-SNAPSHOT.jar:?]
	at org.apache.hadoop.ozone.om.KeyManagerImpl.getFileStatus(KeyManagerImpl.java:1241) ~[ozone-manager-1.3.0-SNAPSHOT.jar:?]
	at org.apache.hadoop.ozone.om.OzoneManager.getFileStatus(OzoneManager.java:3419) ~[ozone-manager-1.3.0-SNAPSHOT.jar:?]
	at org.apache.hadoop.ozone.protocolPB.OzoneManagerRequestHandler.getOzoneFileStatus(OzoneManagerRequestHandler.java:871) ~[ozone-manager-1.3.0-SNAPSHOT.jar:?]
	at org.apache.hadoop.ozone.protocolPB.OzoneManagerRequestHandler.handleReadRequest(OzoneManagerRequestHandler.java:217) ~[ozone-manager-1.3.0-SNAPSHOT.jar:?]
	at org.apache.hadoop.ozone.protocolPB.OzoneManagerProtocolServerSideTranslatorPB.submitRequestDirectlyToOM(OzoneManagerProtocolServerSideTranslatorPB.java:276) ~[ozone-manager-1.3.0-SNAPSHOT.jar:?]
	at org.apache.hadoop.ozone.protocolPB.OzoneManagerProtocolServerSideTranslatorPB.processRequest(OzoneManagerProtocolServerSideTranslatorPB.java:205) ~[ozone-manager-1.3.0-SNAPSHOT.jar:?]
	at org.apache.hadoop.hdds.server.OzoneProtocolMessageDispatcher.processRequest(OzoneProtocolMessageDispatcher.java:87) [hdds-server-framework-1.3.0-SNAPSHOT.jar:?]
	at org.apache.hadoop.ozone.protocolPB.OzoneManagerProtocolServerSideTranslatorPB.submitRequest(OzoneManagerProtocolServerSideTranslatorPB.java:147) [ozone-manager-1.3.0-SNAPSHOT.jar:?]
	at org.apache.hadoop.ozone.protocol.proto.OzoneManagerProtocolProtos$OzoneManagerService$2.callBlockingMethod(OzoneManagerProtocolProtos.java) [ozone-interface-client-1.3.0-SNAPSHOT.jar:?]
	at org.apache.hadoop.ipc.ProtobufRpcEngine$Server.processCall(ProtobufRpcEngine.java:466) [hadoop-common-3.3.1.jar:?]
	at org.apache.hadoop.ipc.ProtobufRpcEngine2$Server$ProtoBufRpcInvoker.call(ProtobufRpcEngine2.java:574) [hadoop-common-3.3.1.jar:?]
	at org.apache.hadoop.ipc.ProtobufRpcEngine2$Server$ProtoBufRpcInvoker.call(ProtobufRpcEngine2.java:552) [hadoop-common-3.3.1.jar:?]
	at org.apache.hadoop.ipc.RPC$Server.call(RPC.java:1093) [hadoop-common-3.3.1.jar:?]
	at org.apache.hadoop.ipc.Server$RpcCall.run(Server.java:1035) [hadoop-common-3.3.1.jar:?]
	at org.apache.hadoop.ipc.Server$RpcCall.run(Server.java:963) [hadoop-common-3.3.1.jar:?]
	at java.security.AccessController.doPrivileged(Native Method) ~[?:1.8.0_332]
	at javax.security.auth.Subject.doAs(Subject.java:422) [?:1.8.0_332]
	at org.apache.hadoop.security.UserGroupInformation.doAs(UserGroupInformation.java:1878) [hadoop-common-3.3.1.jar:?]
	at org.apache.hadoop.ipc.Server$Handler.run(Server.java:2966) [hadoop-common-3.3.1.jar:?]
23:25:46.071 [IPC Server handler 7 on default port 46473] ERROR OMAudit - user=runner | ip=127.0.0.1 | op=GET_FILE_STATUS {volume=volume35182, bucket=bucket60381, key=testBatchDelete/parent/child0, dataSize=0, replicationConfig=null} | ret=FAILURE
org.apache.hadoop.ozone.om.exceptions.OMException: Unable to get file status: volume: volume35182 bucket: bucket60381 key: testBatchDelete/parent/child0
	at org.apache.hadoop.ozone.om.KeyManagerImpl.getOzoneFileStatus(KeyManagerImpl.java:1311) ~[ozone-manager-1.3.0-SNAPSHOT.jar:?]
	at org.apache.hadoop.ozone.om.KeyManagerImpl.getFileStatus(KeyManagerImpl.java:1241) ~[ozone-manager-1.3.0-SNAPSHOT.jar:?]
	at org.apache.hadoop.ozone.om.OzoneManager.getFileStatus(OzoneManager.java:3419) ~[ozone-manager-1.3.0-SNAPSHOT.jar:?]
	at org.apache.hadoop.ozone.protocolPB.OzoneManagerRequestHandler.getOzoneFileStatus(OzoneManagerRequestHandler.java:871) ~[ozone-manager-1.3.0-SNAPSHOT.jar:?]
	at org.apache.hadoop.ozone.protocolPB.OzoneManagerRequestHandler.handleReadRequest(OzoneManagerRequestHandler.java:217) ~[ozone-manager-1.3.0-SNAPSHOT.jar:?]
	at org.apache.hadoop.ozone.protocolPB.OzoneManagerProtocolServerSideTranslatorPB.submitRequestDirectlyToOM(OzoneManagerProtocolServerSideTranslatorPB.java:276) ~[ozone-manager-1.3.0-SNAPSHOT.jar:?]
	at org.apache.hadoop.ozone.protocolPB.OzoneManagerProtocolServerSideTranslatorPB.processRequest(OzoneManagerProtocolServerSideTranslatorPB.java:205) ~[ozone-manager-1.3.0-SNAPSHOT.jar:?]
	at org.apache.hadoop.hdds.server.OzoneProtocolMessageDispatcher.processRequest(OzoneProtocolMessageDispatcher.java:87) [hdds-server-framework-1.3.0-SNAPSHOT.jar:?]
	at org.apache.hadoop.ozone.protocolPB.OzoneManagerProtocolServerSideTranslatorPB.submitRequest(OzoneManagerProtocolServerSideTranslatorPB.java:147) [ozone-manager-1.3.0-SNAPSHOT.jar:?]
	at org.apache.hadoop.ozone.protocol.proto.OzoneManagerProtocolProtos$OzoneManagerService$2.callBlockingMethod(OzoneManagerProtocolProtos.java) [ozone-interface-client-1.3.0-SNAPSHOT.jar:?]
	at org.apache.hadoop.ipc.ProtobufRpcEngine$Server.processCall(ProtobufRpcEngine.java:466) [hadoop-common-3.3.1.jar:?]
	at org.apache.hadoop.ipc.ProtobufRpcEngine2$Server$ProtoBufRpcInvoker.call(ProtobufRpcEngine2.java:574) [hadoop-common-3.3.1.jar:?]
	at org.apache.hadoop.ipc.ProtobufRpcEngine2$Server$ProtoBufRpcInvoker.call(ProtobufRpcEngine2.java:552) [hadoop-common-3.3.1.jar:?]
	at org.apache.hadoop.ipc.RPC$Server.call(RPC.java:1093) [hadoop-common-3.3.1.jar:?]
	at org.apache.hadoop.ipc.Server$RpcCall.run(Server.java:1035) [hadoop-common-3.3.1.jar:?]
	at org.apache.hadoop.ipc.Server$RpcCall.run(Server.java:963) [hadoop-common-3.3.1.jar:?]
	at java.security.AccessController.doPrivileged(Native Method) ~[?:1.8.0_332]
	at javax.security.auth.Subject.doAs(Subject.java:422) [?:1.8.0_332]
	at org.apache.hadoop.security.UserGroupInformation.doAs(UserGroupInformation.java:1878) [hadoop-common-3.3.1.jar:?]
	at org.apache.hadoop.ipc.Server$Handler.run(Server.java:2966) [hadoop-common-3.3.1.jar:?]
23:25:46.072 [IPC Server handler 4 on default port 46473] ERROR OMAudit - user=runner | ip=127.0.0.1 | op=GET_FILE_STATUS {volume=volume35182, bucket=bucket60381, key=testBatchDelete/parent/childFolder/child0, dataSize=0, replicationConfig=null} | ret=FAILURE
org.apache.hadoop.ozone.om.exceptions.OMException: Unable to get file status: volume: volume35182 bucket: bucket60381 key: testBatchDelete/parent/childFolder/child0
	at org.apache.hadoop.ozone.om.KeyManagerImpl.getOzoneFileStatus(KeyManagerImpl.java:1311) ~[ozone-manager-1.3.0-SNAPSHOT.jar:?]
	at org.apache.hadoop.ozone.om.KeyManagerImpl.getFileStatus(KeyManagerImpl.java:1241) ~[ozone-manager-1.3.0-SNAPSHOT.jar:?]
	at org.apache.hadoop.ozone.om.OzoneManager.getFileStatus(OzoneManager.java:3419) ~[ozone-manager-1.3.0-SNAPSHOT.jar:?]
	at org.apache.hadoop.ozone.protocolPB.OzoneManagerRequestHandler.getOzoneFileStatus(OzoneManagerRequestHandler.java:871) ~[ozone-manager-1.3.0-SNAPSHOT.jar:?]
	at org.apache.hadoop.ozone.protocolPB.OzoneManagerRequestHandler.handleReadRequest(OzoneManagerRequestHandler.java:217) ~[ozone-manager-1.3.0-SNAPSHOT.jar:?]
	at org.apache.hadoop.ozone.protocolPB.OzoneManagerProtocolServerSideTranslatorPB.submitRequestDirectlyToOM(OzoneManagerProtocolServerSideTranslatorPB.java:276) ~[ozone-manager-1.3.0-SNAPSHOT.jar:?]
	at org.apache.hadoop.ozone.protocolPB.OzoneManagerProtocolServerSideTranslatorPB.processRequest(OzoneManagerProtocolServerSideTranslatorPB.java:205) ~[ozone-manager-1.3.0-SNAPSHOT.jar:?]
	at org.apache.hadoop.hdds.server.OzoneProtocolMessageDispatcher.processRequest(OzoneProtocolMessageDispatcher.java:87) [hdds-server-framework-1.3.0-SNAPSHOT.jar:?]
	at org.apache.hadoop.ozone.protocolPB.OzoneManagerProtocolServerSideTranslatorPB.submitRequest(OzoneManagerProtocolServerSideTranslatorPB.java:147) [ozone-manager-1.3.0-SNAPSHOT.jar:?]
	at org.apache.hadoop.ozone.protocol.proto.OzoneManagerProtocolProtos$OzoneManagerService$2.callBlockingMethod(OzoneManagerProtocolProtos.java) [ozone-interface-client-1.3.0-SNAPSHOT.jar:?]
	at org.apache.hadoop.ipc.ProtobufRpcEngine$Server.processCall(ProtobufRpcEngine.java:466) [hadoop-common-3.3.1.jar:?]
	at org.apache.hadoop.ipc.ProtobufRpcEngine2$Server$ProtoBufRpcInvoker.call(ProtobufRpcEngine2.java:574) [hadoop-common-3.3.1.jar:?]
	at org.apache.hadoop.ipc.ProtobufRpcEngine2$Server$ProtoBufRpcInvoker.call(ProtobufRpcEngine2.java:552) [hadoop-common-3.3.1.jar:?]
	at org.apache.hadoop.ipc.RPC$Server.call(RPC.java:1093) [hadoop-common-3.3.1.jar:?]
	at org.apache.hadoop.ipc.Server$RpcCall.run(Server.java:1035) [hadoop-common-3.3.1.jar:?]
	at org.apache.hadoop.ipc.Server$RpcCall.run(Server.java:963) [hadoop-common-3.3.1.jar:?]
	at java.security.AccessController.doPrivileged(Native Method) ~[?:1.8.0_332]
	at javax.security.auth.Subject.doAs(Subject.java:422) [?:1.8.0_332]
	at org.apache.hadoop.security.UserGroupInformation.doAs(UserGroupInformation.java:1878) [hadoop-common-3.3.1.jar:?]
	at org.apache.hadoop.ipc.Server$Handler.run(Server.java:2966) [hadoop-common-3.3.1.jar:?]
23:25:46.076 [IPC Server handler 3 on default port 46473] ERROR OMAudit - user=runner | ip=127.0.0.1 | op=GET_FILE_STATUS {volume=volume35182, bucket=bucket60381, key=testBatchDelete/parent/child1, dataSize=0, replicationConfig=null} | ret=FAILURE
org.apache.hadoop.ozone.om.exceptions.OMException: Unable to get file status: volume: volume35182 bucket: bucket60381 key: testBatchDelete/parent/child1
	at org.apache.hadoop.ozone.om.KeyManagerImpl.getOzoneFileStatus(KeyManagerImpl.java:1311) ~[ozone-manager-1.3.0-SNAPSHOT.jar:?]
	at org.apache.hadoop.ozone.om.KeyManagerImpl.getFileStatus(KeyManagerImpl.java:1241) ~[ozone-manager-1.3.0-SNAPSHOT.jar:?]
	at org.apache.hadoop.ozone.om.OzoneManager.getFileStatus(OzoneManager.java:3419) ~[ozone-manager-1.3.0-SNAPSHOT.jar:?]
	at org.apache.hadoop.ozone.protocolPB.OzoneManagerRequestHandler.getOzoneFileStatus(OzoneManagerRequestHandler.java:871) ~[ozone-manager-1.3.0-SNAPSHOT.jar:?]
	at org.apache.hadoop.ozone.protocolPB.OzoneManagerRequestHandler.handleReadRequest(OzoneManagerRequestHandler.java:217) ~[ozone-manager-1.3.0-SNAPSHOT.jar:?]
	at org.apache.hadoop.ozone.protocolPB.OzoneManagerProtocolServerSideTranslatorPB.submitRequestDirectlyToOM(OzoneManagerProtocolServerSideTranslatorPB.java:276) ~[ozone-manager-1.3.0-SNAPSHOT.jar:?]
	at org.apache.hadoop.ozone.protocolPB.OzoneManagerProtocolServerSideTranslatorPB.processRequest(OzoneManagerProtocolServerSideTranslatorPB.java:205) ~[ozone-manager-1.3.0-SNAPSHOT.jar:?]
	at org.apache.hadoop.hdds.server.OzoneProtocolMessageDispatcher.processRequest(OzoneProtocolMessageDispatcher.java:87) [hdds-server-framework-1.3.0-SNAPSHOT.jar:?]
	at org.apache.hadoop.ozone.protocolPB.OzoneManagerProtocolServerSideTranslatorPB.submitRequest(OzoneManagerProtocolServerSideTranslatorPB.java:147) [ozone-manager-1.3.0-SNAPSHOT.jar:?]
	at org.apache.hadoop.ozone.protocol.proto.OzoneManagerProtocolProtos$OzoneManagerService$2.callBlockingMethod(OzoneManagerProtocolProtos.java) [ozone-interface-client-1.3.0-SNAPSHOT.jar:?]
	at org.apache.hadoop.ipc.ProtobufRpcEngine$Server.processCall(ProtobufRpcEngine.java:466) [hadoop-common-3.3.1.jar:?]
	at org.apache.hadoop.ipc.ProtobufRpcEngine2$Server$ProtoBufRpcInvoker.call(ProtobufRpcEngine2.java:574) [hadoop-common-3.3.1.jar:?]
	at org.apache.hadoop.ipc.ProtobufRpcEngine2$Server$ProtoBufRpcInvoker.call(ProtobufRpcEngine2.java:552) [hadoop-common-3.3.1.jar:?]
	at org.apache.hadoop.ipc.RPC$Server.call(RPC.java:1093) [hadoop-common-3.3.1.jar:?]
	at org.apache.hadoop.ipc.Server$RpcCall.run(Server.java:1035) [hadoop-common-3.3.1.jar:?]
	at org.apache.hadoop.ipc.Server$RpcCall.run(Server.java:963) [hadoop-common-3.3.1.jar:?]
	at java.security.AccessController.doPrivileged(Native Method) ~[?:1.8.0_332]
	at javax.security.auth.Subject.doAs(Subject.java:422) [?:1.8.0_332]
	at org.apache.hadoop.security.UserGroupInformation.doAs(UserGroupInformation.java:1878) [hadoop-common-3.3.1.jar:?]
	at org.apache.hadoop.ipc.Server$Handler.run(Server.java:2966) [hadoop-common-3.3.1.jar:?]
23:25:46.083 [IPC Server handler 2 on default port 46473] ERROR OMAudit - user=runner | ip=127.0.0.1 | op=GET_FILE_STATUS {volume=volume35182, bucket=bucket60381, key=testBatchDelete/parent/childFolder/child1, dataSize=0, replicationConfig=null} | ret=FAILURE
org.apache.hadoop.ozone.om.exceptions.OMException: Unable to get file status: volume: volume35182 bucket: bucket60381 key: testBatchDelete/parent/childFolder/child1
	at org.apache.hadoop.ozone.om.KeyManagerImpl.getOzoneFileStatus(KeyManagerImpl.java:1311) ~[ozone-manager-1.3.0-SNAPSHOT.jar:?]
	at org.apache.hadoop.ozone.om.KeyManagerImpl.getFileStatus(KeyManagerImpl.java:1241) ~[ozone-manager-1.3.0-SNAPSHOT.jar:?]
	at org.apache.hadoop.ozone.om.OzoneManager.getFileStatus(OzoneManager.java:3419) ~[ozone-manager-1.3.0-SNAPSHOT.jar:?]
	at org.apache.hadoop.ozone.protocolPB.OzoneManagerRequestHandler.getOzoneFileStatus(OzoneManagerRequestHandler.java:871) ~[ozone-manager-1.3.0-SNAPSHOT.jar:?]
	at org.apache.hadoop.ozone.protocolPB.OzoneManagerRequestHandler.handleReadRequest(OzoneManagerRequestHandler.java:217) ~[ozone-manager-1.3.0-SNAPSHOT.jar:?]
	at org.apache.hadoop.ozone.protocolPB.OzoneManagerProtocolServerSideTranslatorPB.submitRequestDirectlyToOM(OzoneManagerProtocolServerSideTranslatorPB.java:276) ~[ozone-manager-1.3.0-SNAPSHOT.jar:?]
	at org.apache.hadoop.ozone.protocolPB.OzoneManagerProtocolServerSideTranslatorPB.processRequest(OzoneManagerProtocolServerSideTranslatorPB.java:205) ~[ozone-manager-1.3.0-SNAPSHOT.jar:?]
	at org.apache.hadoop.hdds.server.OzoneProtocolMessageDispatcher.processRequest(OzoneProtocolMessageDispatcher.java:87) [hdds-server-framework-1.3.0-SNAPSHOT.jar:?]
	at org.apache.hadoop.ozone.protocolPB.OzoneManagerProtocolServerSideTranslatorPB.submitRequest(OzoneManagerProtocolServerSideTranslatorPB.java:147) [ozone-manager-1.3.0-SNAPSHOT.jar:?]
	at org.apache.hadoop.ozone.protocol.proto.OzoneManagerProtocolProtos$OzoneManagerService$2.callBlockingMethod(OzoneManagerProtocolProtos.java) [ozone-interface-client-1.3.0-SNAPSHOT.jar:?]
	at org.apache.hadoop.ipc.ProtobufRpcEngine$Server.processCall(ProtobufRpcEngine.java:466) [hadoop-common-3.3.1.jar:?]
	at org.apache.hadoop.ipc.ProtobufRpcEngine2$Server$ProtoBufRpcInvoker.call(ProtobufRpcEngine2.java:574) [hadoop-common-3.3.1.jar:?]
	at org.apache.hadoop.ipc.ProtobufRpcEngine2$Server$ProtoBufRpcInvoker.call(ProtobufRpcEngine2.java:552) [hadoop-common-3.3.1.jar:?]
	at org.apache.hadoop.ipc.RPC$Server.call(RPC.java:1093) [hadoop-common-3.3.1.jar:?]
	at org.apache.hadoop.ipc.Server$RpcCall.run(Server.java:1035) [hadoop-common-3.3.1.jar:?]
	at org.apache.hadoop.ipc.Server$RpcCall.run(Server.java:963) [hadoop-common-3.3.1.jar:?]
	at java.security.AccessController.doPrivileged(Native Method) ~[?:1.8.0_332]
	at javax.security.auth.Subject.doAs(Subject.java:422) [?:1.8.0_332]
	at org.apache.hadoop.security.UserGroupInformation.doAs(UserGroupInformation.java:1878) [hadoop-common-3.3.1.jar:?]
	at org.apache.hadoop.ipc.Server$Handler.run(Server.java:2966) [hadoop-common-3.3.1.jar:?]
23:25:46.087 [IPC Server handler 15 on default port 46473] ERROR OMAudit - user=runner | ip=127.0.0.1 | op=GET_FILE_STATUS {volume=volume35182, bucket=bucket60381, key=testBatchDelete/parent/child2, dataSize=0, replicationConfig=null} | ret=FAILURE
org.apache.hadoop.ozone.om.exceptions.OMException: Unable to get file status: volume: volume35182 bucket: bucket60381 key: testBatchDelete/parent/child2
	at org.apache.hadoop.ozone.om.KeyManagerImpl.getOzoneFileStatus(KeyManagerImpl.java:1311) ~[ozone-manager-1.3.0-SNAPSHOT.jar:?]
	at org.apache.hadoop.ozone.om.KeyManagerImpl.getFileStatus(KeyManagerImpl.java:1241) ~[ozone-manager-1.3.0-SNAPSHOT.jar:?]
	at org.apache.hadoop.ozone.om.OzoneManager.getFileStatus(OzoneManager.java:3419) ~[ozone-manager-1.3.0-SNAPSHOT.jar:?]
	at org.apache.hadoop.ozone.protocolPB.OzoneManagerRequestHandler.getOzoneFileStatus(OzoneManagerRequestHandler.java:871) ~[ozone-manager-1.3.0-SNAPSHOT.jar:?]
	at org.apache.hadoop.ozone.protocolPB.OzoneManagerRequestHandler.handleReadRequest(OzoneManagerRequestHandler.java:217) ~[ozone-manager-1.3.0-SNAPSHOT.jar:?]
	at org.apache.hadoop.ozone.protocolPB.OzoneManagerProtocolServerSideTranslatorPB.submitRequestDirectlyToOM(OzoneManagerProtocolServerSideTranslatorPB.java:276) ~[ozone-manager-1.3.0-SNAPSHOT.jar:?]
	at org.apache.hadoop.ozone.protocolPB.OzoneManagerProtocolServerSideTranslatorPB.processRequest(OzoneManagerProtocolServerSideTranslatorPB.java:205) ~[ozone-manager-1.3.0-SNAPSHOT.jar:?]
	at org.apache.hadoop.hdds.server.OzoneProtocolMessageDispatcher.processRequest(OzoneProtocolMessageDispatcher.java:87) [hdds-server-framework-1.3.0-SNAPSHOT.jar:?]
	at org.apache.hadoop.ozone.protocolPB.OzoneManagerProtocolServerSideTranslatorPB.submitRequest(OzoneManagerProtocolServerSideTranslatorPB.java:147) [ozone-manager-1.3.0-SNAPSHOT.jar:?]
	at org.apache.hadoop.ozone.protocol.proto.OzoneManagerProtocolProtos$OzoneManagerService$2.callBlockingMethod(OzoneManagerProtocolProtos.java) [ozone-interface-client-1.3.0-SNAPSHOT.jar:?]
	at org.apache.hadoop.ipc.ProtobufRpcEngine$Server.processCall(ProtobufRpcEngine.java:466) [hadoop-common-3.3.1.jar:?]
	at org.apache.hadoop.ipc.ProtobufRpcEngine2$Server$ProtoBufRpcInvoker.call(ProtobufRpcEngine2.java:574) [hadoop-common-3.3.1.jar:?]
	at org.apache.hadoop.ipc.ProtobufRpcEngine2$Server$ProtoBufRpcInvoker.call(ProtobufRpcEngine2.java:552) [hadoop-common-3.3.1.jar:?]
	at org.apache.hadoop.ipc.RPC$Server.call(RPC.java:1093) [hadoop-common-3.3.1.jar:?]
	at org.apache.hadoop.ipc.Server$RpcCall.run(Server.java:1035) [hadoop-common-3.3.1.jar:?]
	at org.apache.hadoop.ipc.Server$RpcCall.run(Server.java:963) [hadoop-common-3.3.1.jar:?]
	at java.security.AccessController.doPrivileged(Native Method) ~[?:1.8.0_332]
	at javax.security.auth.Subject.doAs(Subject.java:422) [?:1.8.0_332]
	at org.apache.hadoop.security.UserGroupInformation.doAs(UserGroupInformation.java:1878) [hadoop-common-3.3.1.jar:?]
	at org.apache.hadoop.ipc.Server$Handler.run(Server.java:2966) [hadoop-common-3.3.1.jar:?]
23:25:46.091 [IPC Server handler 16 on default port 46473] ERROR OMAudit - user=runner | ip=127.0.0.1 | op=GET_FILE_STATUS {volume=volume35182, bucket=bucket60381, key=testBatchDelete/parent/childFolder/child2, dataSize=0, replicationConfig=null} | ret=FAILURE
org.apache.hadoop.ozone.om.exceptions.OMException: Unable to get file status: volume: volume35182 bucket: bucket60381 key: testBatchDelete/parent/childFolder/child2
	at org.apache.hadoop.ozone.om.KeyManagerImpl.getOzoneFileStatus(KeyManagerImpl.java:1311) ~[ozone-manager-1.3.0-SNAPSHOT.jar:?]
	at org.apache.hadoop.ozone.om.KeyManagerImpl.getFileStatus(KeyManagerImpl.java:1241) ~[ozone-manager-1.3.0-SNAPSHOT.jar:?]
	at org.apache.hadoop.ozone.om.OzoneManager.getFileStatus(OzoneManager.java:3419) ~[ozone-manager-1.3.0-SNAPSHOT.jar:?]
	at org.apache.hadoop.ozone.protocolPB.OzoneManagerRequestHandler.getOzoneFileStatus(OzoneManagerRequestHandler.java:871) ~[ozone-manager-1.3.0-SNAPSHOT.jar:?]
	at org.apache.hadoop.ozone.protocolPB.OzoneManagerRequestHandler.handleReadRequest(OzoneManagerRequestHandler.java:217) ~[ozone-manager-1.3.0-SNAPSHOT.jar:?]
	at org.apache.hadoop.ozone.protocolPB.OzoneManagerProtocolServerSideTranslatorPB.submitRequestDirectlyToOM(OzoneManagerProtocolServerSideTranslatorPB.java:276) ~[ozone-manager-1.3.0-SNAPSHOT.jar:?]
	at org.apache.hadoop.ozone.protocolPB.OzoneManagerProtocolServerSideTranslatorPB.processRequest(OzoneManagerProtocolServerSideTranslatorPB.java:205) ~[ozone-manager-1.3.0-SNAPSHOT.jar:?]
	at org.apache.hadoop.hdds.server.OzoneProtocolMessageDispatcher.processRequest(OzoneProtocolMessageDispatcher.java:87) [hdds-server-framework-1.3.0-SNAPSHOT.jar:?]
	at org.apache.hadoop.ozone.protocolPB.OzoneManagerProtocolServerSideTranslatorPB.submitRequest(OzoneManagerProtocolServerSideTranslatorPB.java:147) [ozone-manager-1.3.0-SNAPSHOT.jar:?]
	at org.apache.hadoop.ozone.protocol.proto.OzoneManagerProtocolProtos$OzoneManagerService$2.callBlockingMethod(OzoneManagerProtocolProtos.java) [ozone-interface-client-1.3.0-SNAPSHOT.jar:?]
	at org.apache.hadoop.ipc.ProtobufRpcEngine$Server.processCall(ProtobufRpcEngine.java:466) [hadoop-common-3.3.1.jar:?]
	at org.apache.hadoop.ipc.ProtobufRpcEngine2$Server$ProtoBufRpcInvoker.call(ProtobufRpcEngine2.java:574) [hadoop-common-3.3.1.jar:?]
	at org.apache.hadoop.ipc.ProtobufRpcEngine2$Server$ProtoBufRpcInvoker.call(ProtobufRpcEngine2.java:552) [hadoop-common-3.3.1.jar:?]
	at org.apache.hadoop.ipc.RPC$Server.call(RPC.java:1093) [hadoop-common-3.3.1.jar:?]
	at org.apache.hadoop.ipc.Server$RpcCall.run(Server.java:1035) [hadoop-common-3.3.1.jar:?]
	at org.apache.hadoop.ipc.Server$RpcCall.run(Server.java:963) [hadoop-common-3.3.1.jar:?]
	at java.security.AccessController.doPrivileged(Native Method) ~[?:1.8.0_332]
	at javax.security.auth.Subject.doAs(Subject.java:422) [?:1.8.0_332]
	at org.apache.hadoop.security.UserGroupInformation.doAs(UserGroupInformation.java:1878) [hadoop-common-3.3.1.jar:?]
	at org.apache.hadoop.ipc.Server$Handler.run(Server.java:2966) [hadoop-common-3.3.1.jar:?]
23:25:46.093 [IPC Server handler 14 on default port 46473] ERROR OMAudit - user=runner | ip=127.0.0.1 | op=GET_FILE_STATUS {volume=volume35182, bucket=bucket60381, key=testBatchDelete/parent/child3, dataSize=0, replicationConfig=null} | ret=FAILURE
org.apache.hadoop.ozone.om.exceptions.OMException: Unable to get file status: volume: volume35182 bucket: bucket60381 key: testBatchDelete/parent/child3
	at org.apache.hadoop.ozone.om.KeyManagerImpl.getOzoneFileStatus(KeyManagerImpl.java:1311) ~[ozone-manager-1.3.0-SNAPSHOT.jar:?]
	at org.apache.hadoop.ozone.om.KeyManagerImpl.getFileStatus(KeyManagerImpl.java:1241) ~[ozone-manager-1.3.0-SNAPSHOT.jar:?]
	at org.apache.hadoop.ozone.om.OzoneManager.getFileStatus(OzoneManager.java:3419) ~[ozone-manager-1.3.0-SNAPSHOT.jar:?]
	at org.apache.hadoop.ozone.protocolPB.OzoneManagerRequestHandler.getOzoneFileStatus(OzoneManagerRequestHandler.java:871) ~[ozone-manager-1.3.0-SNAPSHOT.jar:?]
	at org.apache.hadoop.ozone.protocolPB.OzoneManagerRequestHandler.handleReadRequest(OzoneManagerRequestHandler.java:217) ~[ozone-manager-1.3.0-SNAPSHOT.jar:?]
	at org.apache.hadoop.ozone.protocolPB.OzoneManagerProtocolServerSideTranslatorPB.submitRequestDirectlyToOM(OzoneManagerProtocolServerSideTranslatorPB.java:276) ~[ozone-manager-1.3.0-SNAPSHOT.jar:?]
	at org.apache.hadoop.ozone.protocolPB.OzoneManagerProtocolServerSideTranslatorPB.processRequest(OzoneManagerProtocolServerSideTranslatorPB.java:205) ~[ozone-manager-1.3.0-SNAPSHOT.jar:?]
	at org.apache.hadoop.hdds.server.OzoneProtocolMessageDispatcher.processRequest(OzoneProtocolMessageDispatcher.java:87) [hdds-server-framework-1.3.0-SNAPSHOT.jar:?]
	at org.apache.hadoop.ozone.protocolPB.OzoneManagerProtocolServerSideTranslatorPB.submitRequest(OzoneManagerProtocolServerSideTranslatorPB.java:147) [ozone-manager-1.3.0-SNAPSHOT.jar:?]
	at org.apache.hadoop.ozone.protocol.proto.OzoneManagerProtocolProtos$OzoneManagerService$2.callBlockingMethod(OzoneManagerProtocolProtos.java) [ozone-interface-client-1.3.0-SNAPSHOT.jar:?]
	at org.apache.hadoop.ipc.ProtobufRpcEngine$Server.processCall(ProtobufRpcEngine.java:466) [hadoop-common-3.3.1.jar:?]
	at org.apache.hadoop.ipc.ProtobufRpcEngine2$Server$ProtoBufRpcInvoker.call(ProtobufRpcEngine2.java:574) [hadoop-common-3.3.1.jar:?]
	at org.apache.hadoop.ipc.ProtobufRpcEngine2$Server$ProtoBufRpcInvoker.call(ProtobufRpcEngine2.java:552) [hadoop-common-3.3.1.jar:?]
	at org.apache.hadoop.ipc.RPC$Server.call(RPC.java:1093) [hadoop-common-3.3.1.jar:?]
	at org.apache.hadoop.ipc.Server$RpcCall.run(Server.java:1035) [hadoop-common-3.3.1.jar:?]
	at org.apache.hadoop.ipc.Server$RpcCall.run(Server.java:963) [hadoop-common-3.3.1.jar:?]
	at java.security.AccessController.doPrivileged(Native Method) ~[?:1.8.0_332]
	at javax.security.auth.Subject.doAs(Subject.java:422) [?:1.8.0_332]
	at org.apache.hadoop.security.UserGroupInformation.doAs(UserGroupInformation.java:1878) [hadoop-common-3.3.1.jar:?]
	at org.apache.hadoop.ipc.Server$Handler.run(Server.java:2966) [hadoop-common-3.3.1.jar:?]
23:25:46.095 [IPC Server handler 12 on default port 46473] ERROR OMAudit - user=runner | ip=127.0.0.1 | op=GET_FILE_STATUS {volume=volume35182, bucket=bucket60381, key=testBatchDelete/parent/childFolder/child3, dataSize=0, replicationConfig=null} | ret=FAILURE
org.apache.hadoop.ozone.om.exceptions.OMException: Unable to get file status: volume: volume35182 bucket: bucket60381 key: testBatchDelete/parent/childFolder/child3
	at org.apache.hadoop.ozone.om.KeyManagerImpl.getOzoneFileStatus(KeyManagerImpl.java:1311) ~[ozone-manager-1.3.0-SNAPSHOT.jar:?]
	at org.apache.hadoop.ozone.om.KeyManagerImpl.getFileStatus(KeyManagerImpl.java:1241) ~[ozone-manager-1.3.0-SNAPSHOT.jar:?]
	at org.apache.hadoop.ozone.om.OzoneManager.getFileStatus(OzoneManager.java:3419) ~[ozone-manager-1.3.0-SNAPSHOT.jar:?]
	at org.apache.hadoop.ozone.protocolPB.OzoneManagerRequestHandler.getOzoneFileStatus(OzoneManagerRequestHandler.java:871) ~[ozone-manager-1.3.0-SNAPSHOT.jar:?]
	at org.apache.hadoop.ozone.protocolPB.OzoneManagerRequestHandler.handleReadRequest(OzoneManagerRequestHandler.java:217) ~[ozone-manager-1.3.0-SNAPSHOT.jar:?]
	at org.apache.hadoop.ozone.protocolPB.OzoneManagerProtocolServerSideTranslatorPB.submitRequestDirectlyToOM(OzoneManagerProtocolServerSideTranslatorPB.java:276) ~[ozone-manager-1.3.0-SNAPSHOT.jar:?]
	at org.apache.hadoop.ozone.protocolPB.OzoneManagerProtocolServerSideTranslatorPB.processRequest(OzoneManagerProtocolServerSideTranslatorPB.java:205) ~[ozone-manager-1.3.0-SNAPSHOT.jar:?]
	at org.apache.hadoop.hdds.server.OzoneProtocolMessageDispatcher.processRequest(OzoneProtocolMessageDispatcher.java:87) [hdds-server-framework-1.3.0-SNAPSHOT.jar:?]
	at org.apache.hadoop.ozone.protocolPB.OzoneManagerProtocolServerSideTranslatorPB.submitRequest(OzoneManagerProtocolServerSideTranslatorPB.java:147) [ozone-manager-1.3.0-SNAPSHOT.jar:?]
	at org.apache.hadoop.ozone.protocol.proto.OzoneManagerProtocolProtos$OzoneManagerService$2.callBlockingMethod(OzoneManagerProtocolProtos.java) [ozone-interface-client-1.3.0-SNAPSHOT.jar:?]
	at org.apache.hadoop.ipc.ProtobufRpcEngine$Server.processCall(ProtobufRpcEngine.java:466) [hadoop-common-3.3.1.jar:?]
	at org.apache.hadoop.ipc.ProtobufRpcEngine2$Server$ProtoBufRpcInvoker.call(ProtobufRpcEngine2.java:574) [hadoop-common-3.3.1.jar:?]
	at org.apache.hadoop.ipc.ProtobufRpcEngine2$Server$ProtoBufRpcInvoker.call(ProtobufRpcEngine2.java:552) [hadoop-common-3.3.1.jar:?]
	at org.apache.hadoop.ipc.RPC$Server.call(RPC.java:1093) [hadoop-common-3.3.1.jar:?]
	at org.apache.hadoop.ipc.Server$RpcCall.run(Server.java:1035) [hadoop-common-3.3.1.jar:?]
	at org.apache.hadoop.ipc.Server$RpcCall.run(Server.java:963) [hadoop-common-3.3.1.jar:?]
	at java.security.AccessController.doPrivileged(Native Method) ~[?:1.8.0_332]
	at javax.security.auth.Subject.doAs(Subject.java:422) [?:1.8.0_332]
	at org.apache.hadoop.security.UserGroupInformation.doAs(UserGroupInformation.java:1878) [hadoop-common-3.3.1.jar:?]
	at org.apache.hadoop.ipc.Server$Handler.run(Server.java:2966) [hadoop-common-3.3.1.jar:?]
23:25:46.096 [IPC Server handler 10 on default port 46473] ERROR OMAudit - user=runner | ip=127.0.0.1 | op=GET_FILE_STATUS {volume=volume35182, bucket=bucket60381, key=testBatchDelete/parent/child4, dataSize=0, replicationConfig=null} | ret=FAILURE
org.apache.hadoop.ozone.om.exceptions.OMException: Unable to get file status: volume: volume35182 bucket: bucket60381 key: testBatchDelete/parent/child4
	at org.apache.hadoop.ozone.om.KeyManagerImpl.getOzoneFileStatus(KeyManagerImpl.java:1311) ~[ozone-manager-1.3.0-SNAPSHOT.jar:?]
	at org.apache.hadoop.ozone.om.KeyManagerImpl.getFileStatus(KeyManagerImpl.java:1241) ~[ozone-manager-1.3.0-SNAPSHOT.jar:?]
	at org.apache.hadoop.ozone.om.OzoneManager.getFileStatus(OzoneManager.java:3419) ~[ozone-manager-1.3.0-SNAPSHOT.jar:?]
	at org.apache.hadoop.ozone.protocolPB.OzoneManagerRequestHandler.getOzoneFileStatus(OzoneManagerRequestHandler.java:871) ~[ozone-manager-1.3.0-SNAPSHOT.jar:?]
	at org.apache.hadoop.ozone.protocolPB.OzoneManagerRequestHandler.handleReadRequest(OzoneManagerRequestHandler.java:217) ~[ozone-manager-1.3.0-SNAPSHOT.jar:?]
	at org.apache.hadoop.ozone.protocolPB.OzoneManagerProtocolServerSideTranslatorPB.submitRequestDirectlyToOM(OzoneManagerProtocolServerSideTranslatorPB.java:276) ~[ozone-manager-1.3.0-SNAPSHOT.jar:?]
	at org.apache.hadoop.ozone.protocolPB.OzoneManagerProtocolServerSideTranslatorPB.processRequest(OzoneManagerProtocolServerSideTranslatorPB.java:205) ~[ozone-manager-1.3.0-SNAPSHOT.jar:?]
	at org.apache.hadoop.hdds.server.OzoneProtocolMessageDispatcher.processRequest(OzoneProtocolMessageDispatcher.java:87) [hdds-server-framework-1.3.0-SNAPSHOT.jar:?]
	at org.apache.hadoop.ozone.protocolPB.OzoneManagerProtocolServerSideTranslatorPB.submitRequest(OzoneManagerProtocolServerSideTranslatorPB.java:147) [ozone-manager-1.3.0-SNAPSHOT.jar:?]
	at org.apache.hadoop.ozone.protocol.proto.OzoneManagerProtocolProtos$OzoneManagerService$2.callBlockingMethod(OzoneManagerProtocolProtos.java) [ozone-interface-client-1.3.0-SNAPSHOT.jar:?]
	at org.apache.hadoop.ipc.ProtobufRpcEngine$Server.processCall(ProtobufRpcEngine.java:466) [hadoop-common-3.3.1.jar:?]
	at org.apache.hadoop.ipc.ProtobufRpcEngine2$Server$ProtoBufRpcInvoker.call(ProtobufRpcEngine2.java:574) [hadoop-common-3.3.1.jar:?]
	at org.apache.hadoop.ipc.ProtobufRpcEngine2$Server$ProtoBufRpcInvoker.call(ProtobufRpcEngine2.java:552) [hadoop-common-3.3.1.jar:?]
	at org.apache.hadoop.ipc.RPC$Server.call(RPC.java:1093) [hadoop-common-3.3.1.jar:?]
	at org.apache.hadoop.ipc.Server$RpcCall.run(Server.java:1035) [hadoop-common-3.3.1.jar:?]
	at org.apache.hadoop.ipc.Server$RpcCall.run(Server.java:963) [hadoop-common-3.3.1.jar:?]
	at java.security.AccessController.doPrivileged(Native Method) ~[?:1.8.0_332]
	at javax.security.auth.Subject.doAs(Subject.java:422) [?:1.8.0_332]
	at org.apache.hadoop.security.UserGroupInformation.doAs(UserGroupInformation.java:1878) [hadoop-common-3.3.1.jar:?]
	at org.apache.hadoop.ipc.Server$Handler.run(Server.java:2966) [hadoop-common-3.3.1.jar:?]
23:25:46.097 [IPC Server handler 8 on default port 46473] ERROR OMAudit - user=runner | ip=127.0.0.1 | op=GET_FILE_STATUS {volume=volume35182, bucket=bucket60381, key=testBatchDelete/parent/childFolder/child4, dataSize=0, replicationConfig=null} | ret=FAILURE
org.apache.hadoop.ozone.om.exceptions.OMException: Unable to get file status: volume: volume35182 bucket: bucket60381 key: testBatchDelete/parent/childFolder/child4
	at org.apache.hadoop.ozone.om.KeyManagerImpl.getOzoneFileStatus(KeyManagerImpl.java:1311) ~[ozone-manager-1.3.0-SNAPSHOT.jar:?]
	at org.apache.hadoop.ozone.om.KeyManagerImpl.getFileStatus(KeyManagerImpl.java:1241) ~[ozone-manager-1.3.0-SNAPSHOT.jar:?]
	at org.apache.hadoop.ozone.om.OzoneManager.getFileStatus(OzoneManager.java:3419) ~[ozone-manager-1.3.0-SNAPSHOT.jar:?]
	at org.apache.hadoop.ozone.protocolPB.OzoneManagerRequestHandler.getOzoneFileStatus(OzoneManagerRequestHandler.java:871) ~[ozone-manager-1.3.0-SNAPSHOT.jar:?]
	at org.apache.hadoop.ozone.protocolPB.OzoneManagerRequestHandler.handleReadRequest(OzoneManagerRequestHandler.java:217) ~[ozone-manager-1.3.0-SNAPSHOT.jar:?]
	at org.apache.hadoop.ozone.protocolPB.OzoneManagerProtocolServerSideTranslatorPB.submitRequestDirectlyToOM(OzoneManagerProtocolServerSideTranslatorPB.java:276) ~[ozone-manager-1.3.0-SNAPSHOT.jar:?]
	at org.apache.hadoop.ozone.protocolPB.OzoneManagerProtocolServerSideTranslatorPB.processRequest(OzoneManagerProtocolServerSideTranslatorPB.java:205) ~[ozone-manager-1.3.0-SNAPSHOT.jar:?]
	at org.apache.hadoop.hdds.server.OzoneProtocolMessageDispatcher.processRequest(OzoneProtocolMessageDispatcher.java:87) [hdds-server-framework-1.3.0-SNAPSHOT.jar:?]
	at org.apache.hadoop.ozone.protocolPB.OzoneManagerProtocolServerSideTranslatorPB.submitRequest(OzoneManagerProtocolServerSideTranslatorPB.java:147) [ozone-manager-1.3.0-SNAPSHOT.jar:?]
	at org.apache.hadoop.ozone.protocol.proto.OzoneManagerProtocolProtos$OzoneManagerService$2.callBlockingMethod(OzoneManagerProtocolProtos.java) [ozone-interface-client-1.3.0-SNAPSHOT.jar:?]
	at org.apache.hadoop.ipc.ProtobufRpcEngine$Server.processCall(ProtobufRpcEngine.java:466) [hadoop-common-3.3.1.jar:?]
	at org.apache.hadoop.ipc.ProtobufRpcEngine2$Server$ProtoBufRpcInvoker.call(ProtobufRpcEngine2.java:574) [hadoop-common-3.3.1.jar:?]
	at org.apache.hadoop.ipc.ProtobufRpcEngine2$Server$ProtoBufRpcInvoker.call(ProtobufRpcEngine2.java:552) [hadoop-common-3.3.1.jar:?]
	at org.apache.hadoop.ipc.RPC$Server.call(RPC.java:1093) [hadoop-common-3.3.1.jar:?]
	at org.apache.hadoop.ipc.Server$RpcCall.run(Server.java:1035) [hadoop-common-3.3.1.jar:?]
	at org.apache.hadoop.ipc.Server$RpcCall.run(Server.java:963) [hadoop-common-3.3.1.jar:?]
	at java.security.AccessController.doPrivileged(Native Method) ~[?:1.8.0_332]
	at javax.security.auth.Subject.doAs(Subject.java:422) [?:1.8.0_332]
	at org.apache.hadoop.security.UserGroupInformation.doAs(UserGroupInformation.java:1878) [hadoop-common-3.3.1.jar:?]
	at org.apache.hadoop.ipc.Server$Handler.run(Server.java:2966) [hadoop-common-3.3.1.jar:?]
23:25:46.098 [IPC Server handler 7 on default port 46473] ERROR OMAudit - user=runner | ip=127.0.0.1 | op=GET_FILE_STATUS {volume=volume35182, bucket=bucket60381, key=testBatchDelete/parent/child5, dataSize=0, replicationConfig=null} | ret=FAILURE
org.apache.hadoop.ozone.om.exceptions.OMException: Unable to get file status: volume: volume35182 bucket: bucket60381 key: testBatchDelete/parent/child5
	at org.apache.hadoop.ozone.om.KeyManagerImpl.getOzoneFileStatus(KeyManagerImpl.java:1311) ~[ozone-manager-1.3.0-SNAPSHOT.jar:?]
	at org.apache.hadoop.ozone.om.KeyManagerImpl.getFileStatus(KeyManagerImpl.java:1241) ~[ozone-manager-1.3.0-SNAPSHOT.jar:?]
	at org.apache.hadoop.ozone.om.OzoneManager.getFileStatus(OzoneManager.java:3419) ~[ozone-manager-1.3.0-SNAPSHOT.jar:?]
	at org.apache.hadoop.ozone.protocolPB.OzoneManagerRequestHandler.getOzoneFileStatus(OzoneManagerRequestHandler.java:871) ~[ozone-manager-1.3.0-SNAPSHOT.jar:?]
	at org.apache.hadoop.ozone.protocolPB.OzoneManagerRequestHandler.handleReadRequest(OzoneManagerRequestHandler.java:217) ~[ozone-manager-1.3.0-SNAPSHOT.jar:?]
	at org.apache.hadoop.ozone.protocolPB.OzoneManagerProtocolServerSideTranslatorPB.submitRequestDirectlyToOM(OzoneManagerProtocolServerSideTranslatorPB.java:276) ~[ozone-manager-1.3.0-SNAPSHOT.jar:?]
	at org.apache.hadoop.ozone.protocolPB.OzoneManagerProtocolServerSideTranslatorPB.processRequest(OzoneManagerProtocolServerSideTranslatorPB.java:205) ~[ozone-manager-1.3.0-SNAPSHOT.jar:?]
	at org.apache.hadoop.hdds.server.OzoneProtocolMessageDispatcher.processRequest(OzoneProtocolMessageDispatcher.java:87) [hdds-server-framework-1.3.0-SNAPSHOT.jar:?]
	at org.apache.hadoop.ozone.protocolPB.OzoneManagerProtocolServerSideTranslatorPB.submitRequest(OzoneManagerProtocolServerSideTranslatorPB.java:147) [ozone-manager-1.3.0-SNAPSHOT.jar:?]
	at org.apache.hadoop.ozone.protocol.proto.OzoneManagerProtocolProtos$OzoneManagerService$2.callBlockingMethod(OzoneManagerProtocolProtos.java) [ozone-interface-client-1.3.0-SNAPSHOT.jar:?]
	at org.apache.hadoop.ipc.ProtobufRpcEngine$Server.processCall(ProtobufRpcEngine.java:466) [hadoop-common-3.3.1.jar:?]
	at org.apache.hadoop.ipc.ProtobufRpcEngine2$Server$ProtoBufRpcInvoker.call(ProtobufRpcEngine2.java:574) [hadoop-common-3.3.1.jar:?]
	at org.apache.hadoop.ipc.ProtobufRpcEngine2$Server$ProtoBufRpcInvoker.call(ProtobufRpcEngine2.java:552) [hadoop-common-3.3.1.jar:?]
	at org.apache.hadoop.ipc.RPC$Server.call(RPC.java:1093) [hadoop-common-3.3.1.jar:?]
	at org.apache.hadoop.ipc.Server$RpcCall.run(Server.java:1035) [hadoop-common-3.3.1.jar:?]
	at org.apache.hadoop.ipc.Server$RpcCall.run(Server.java:963) [hadoop-common-3.3.1.jar:?]
	at java.security.AccessController.doPrivileged(Native Method) ~[?:1.8.0_332]
	at javax.security.auth.Subject.doAs(Subject.java:422) [?:1.8.0_332]
	at org.apache.hadoop.security.UserGroupInformation.doAs(UserGroupInformation.java:1878) [hadoop-common-3.3.1.jar:?]
	at org.apache.hadoop.ipc.Server$Handler.run(Server.java:2966) [hadoop-common-3.3.1.jar:?]
23:25:46.099 [IPC Server handler 4 on default port 46473] ERROR OMAudit - user=runner | ip=127.0.0.1 | op=GET_FILE_STATUS {volume=volume35182, bucket=bucket60381, key=testBatchDelete/parent/childFolder/child5, dataSize=0, replicationConfig=null} | ret=FAILURE
org.apache.hadoop.ozone.om.exceptions.OMException: Unable to get file status: volume: volume35182 bucket: bucket60381 key: testBatchDelete/parent/childFolder/child5
	at org.apache.hadoop.ozone.om.KeyManagerImpl.getOzoneFileStatus(KeyManagerImpl.java:1311) ~[ozone-manager-1.3.0-SNAPSHOT.jar:?]
	at org.apache.hadoop.ozone.om.KeyManagerImpl.getFileStatus(KeyManagerImpl.java:1241) ~[ozone-manager-1.3.0-SNAPSHOT.jar:?]
	at org.apache.hadoop.ozone.om.OzoneManager.getFileStatus(OzoneManager.java:3419) ~[ozone-manager-1.3.0-SNAPSHOT.jar:?]
	at org.apache.hadoop.ozone.protocolPB.OzoneManagerRequestHandler.getOzoneFileStatus(OzoneManagerRequestHandler.java:871) ~[ozone-manager-1.3.0-SNAPSHOT.jar:?]
	at org.apache.hadoop.ozone.protocolPB.OzoneManagerRequestHandler.handleReadRequest(OzoneManagerRequestHandler.java:217) ~[ozone-manager-1.3.0-SNAPSHOT.jar:?]
	at org.apache.hadoop.ozone.protocolPB.OzoneManagerProtocolServerSideTranslatorPB.submitRequestDirectlyToOM(OzoneManagerProtocolServerSideTranslatorPB.java:276) ~[ozone-manager-1.3.0-SNAPSHOT.jar:?]
	at org.apache.hadoop.ozone.protocolPB.OzoneManagerProtocolServerSideTranslatorPB.processRequest(OzoneManagerProtocolServerSideTranslatorPB.java:205) ~[ozone-manager-1.3.0-SNAPSHOT.jar:?]
	at org.apache.hadoop.hdds.server.OzoneProtocolMessageDispatcher.processRequest(OzoneProtocolMessageDispatcher.java:87) [hdds-server-framework-1.3.0-SNAPSHOT.jar:?]
	at org.apache.hadoop.ozone.protocolPB.OzoneManagerProtocolServerSideTranslatorPB.submitRequest(OzoneManagerProtocolServerSideTranslatorPB.java:147) [ozone-manager-1.3.0-SNAPSHOT.jar:?]
	at org.apache.hadoop.ozone.protocol.proto.OzoneManagerProtocolProtos$OzoneManagerService$2.callBlockingMethod(OzoneManagerProtocolProtos.java) [ozone-interface-client-1.3.0-SNAPSHOT.jar:?]
	at org.apache.hadoop.ipc.ProtobufRpcEngine$Server.processCall(ProtobufRpcEngine.java:466) [hadoop-common-3.3.1.jar:?]
	at org.apache.hadoop.ipc.ProtobufRpcEngine2$Server$ProtoBufRpcInvoker.call(ProtobufRpcEngine2.java:574) [hadoop-common-3.3.1.jar:?]
	at org.apache.hadoop.ipc.ProtobufRpcEngine2$Server$ProtoBufRpcInvoker.call(ProtobufRpcEngine2.java:552) [hadoop-common-3.3.1.jar:?]
	at org.apache.hadoop.ipc.RPC$Server.call(RPC.java:1093) [hadoop-common-3.3.1.jar:?]
	at org.apache.hadoop.ipc.Server$RpcCall.run(Server.java:1035) [hadoop-common-3.3.1.jar:?]
	at org.apache.hadoop.ipc.Server$RpcCall.run(Server.java:963) [hadoop-common-3.3.1.jar:?]
	at java.security.AccessController.doPrivileged(Native Method) ~[?:1.8.0_332]
	at javax.security.auth.Subject.doAs(Subject.java:422) [?:1.8.0_332]
	at org.apache.hadoop.security.UserGroupInformation.doAs(UserGroupInformation.java:1878) [hadoop-common-3.3.1.jar:?]
	at org.apache.hadoop.ipc.Server$Handler.run(Server.java:2966) [hadoop-common-3.3.1.jar:?]
23:25:46.099 [IPC Server handler 3 on default port 46473] ERROR OMAudit - user=runner | ip=127.0.0.1 | op=GET_FILE_STATUS {volume=volume35182, bucket=bucket60381, key=testBatchDelete/parent/child6, dataSize=0, replicationConfig=null} | ret=FAILURE
org.apache.hadoop.ozone.om.exceptions.OMException: Unable to get file status: volume: volume35182 bucket: bucket60381 key: testBatchDelete/parent/child6
	at org.apache.hadoop.ozone.om.KeyManagerImpl.getOzoneFileStatus(KeyManagerImpl.java:1311) ~[ozone-manager-1.3.0-SNAPSHOT.jar:?]
	at org.apache.hadoop.ozone.om.KeyManagerImpl.getFileStatus(KeyManagerImpl.java:1241) ~[ozone-manager-1.3.0-SNAPSHOT.jar:?]
	at org.apache.hadoop.ozone.om.OzoneManager.getFileStatus(OzoneManager.java:3419) ~[ozone-manager-1.3.0-SNAPSHOT.jar:?]
	at org.apache.hadoop.ozone.protocolPB.OzoneManagerRequestHandler.getOzoneFileStatus(OzoneManagerRequestHandler.java:871) ~[ozone-manager-1.3.0-SNAPSHOT.jar:?]
	at org.apache.hadoop.ozone.protocolPB.OzoneManagerRequestHandler.handleReadRequest(OzoneManagerRequestHandler.java:217) ~[ozone-manager-1.3.0-SNAPSHOT.jar:?]
	at org.apache.hadoop.ozone.protocolPB.OzoneManagerProtocolServerSideTranslatorPB.submitRequestDirectlyToOM(OzoneManagerProtocolServerSideTranslatorPB.java:276) ~[ozone-manager-1.3.0-SNAPSHOT.jar:?]
	at org.apache.hadoop.ozone.protocolPB.OzoneManagerProtocolServerSideTranslatorPB.processRequest(OzoneManagerProtocolServerSideTranslatorPB.java:205) ~[ozone-manager-1.3.0-SNAPSHOT.jar:?]
	at org.apache.hadoop.hdds.server.OzoneProtocolMessageDispatcher.processRequest(OzoneProtocolMessageDispatcher.java:87) [hdds-server-framework-1.3.0-SNAPSHOT.jar:?]
	at org.apache.hadoop.ozone.protocolPB.OzoneManagerProtocolServerSideTranslatorPB.submitRequest(OzoneManagerProtocolServerSideTranslatorPB.java:147) [ozone-manager-1.3.0-SNAPSHOT.jar:?]
	at org.apache.hadoop.ozone.protocol.proto.OzoneManagerProtocolProtos$OzoneManagerService$2.callBlockingMethod(OzoneManagerProtocolProtos.java) [ozone-interface-client-1.3.0-SNAPSHOT.jar:?]
	at org.apache.hadoop.ipc.ProtobufRpcEngine$Server.processCall(ProtobufRpcEngine.java:466) [hadoop-common-3.3.1.jar:?]
	at org.apache.hadoop.ipc.ProtobufRpcEngine2$Server$ProtoBufRpcInvoker.call(ProtobufRpcEngine2.java:574) [hadoop-common-3.3.1.jar:?]
	at org.apache.hadoop.ipc.ProtobufRpcEngine2$Server$ProtoBufRpcInvoker.call(ProtobufRpcEngine2.java:552) [hadoop-common-3.3.1.jar:?]
	at org.apache.hadoop.ipc.RPC$Server.call(RPC.java:1093) [hadoop-common-3.3.1.jar:?]
	at org.apache.hadoop.ipc.Server$RpcCall.run(Server.java:1035) [hadoop-common-3.3.1.jar:?]
	at org.apache.hadoop.ipc.Server$RpcCall.run(Server.java:963) [hadoop-common-3.3.1.jar:?]
	at java.security.AccessController.doPrivileged(Native Method) ~[?:1.8.0_332]
	at javax.security.auth.Subject.doAs(Subject.java:422) [?:1.8.0_332]
	at org.apache.hadoop.security.UserGroupInformation.doAs(UserGroupInformation.java:1878) [hadoop-common-3.3.1.jar:?]
	at org.apache.hadoop.ipc.Server$Handler.run(Server.java:2966) [hadoop-common-3.3.1.jar:?]
23:25:46.100 [IPC Server handler 2 on default port 46473] ERROR OMAudit - user=runner | ip=127.0.0.1 | op=GET_FILE_STATUS {volume=volume35182, bucket=bucket60381, key=testBatchDelete/parent/childFolder/child6, dataSize=0, replicationConfig=null} | ret=FAILURE
org.apache.hadoop.ozone.om.exceptions.OMException: Unable to get file status: volume: volume35182 bucket: bucket60381 key: testBatchDelete/parent/childFolder/child6
	at org.apache.hadoop.ozone.om.KeyManagerImpl.getOzoneFileStatus(KeyManagerImpl.java:1311) ~[ozone-manager-1.3.0-SNAPSHOT.jar:?]
	at org.apache.hadoop.ozone.om.KeyManagerImpl.getFileStatus(KeyManagerImpl.java:1241) ~[ozone-manager-1.3.0-SNAPSHOT.jar:?]
	at org.apache.hadoop.ozone.om.OzoneManager.getFileStatus(OzoneManager.java:3419) ~[ozone-manager-1.3.0-SNAPSHOT.jar:?]
	at org.apache.hadoop.ozone.protocolPB.OzoneManagerRequestHandler.getOzoneFileStatus(OzoneManagerRequestHandler.java:871) ~[ozone-manager-1.3.0-SNAPSHOT.jar:?]
	at org.apache.hadoop.ozone.protocolPB.OzoneManagerRequestHandler.handleReadRequest(OzoneManagerRequestHandler.java:217) ~[ozone-manager-1.3.0-SNAPSHOT.jar:?]
	at org.apache.hadoop.ozone.protocolPB.OzoneManagerProtocolServerSideTranslatorPB.submitRequestDirectlyToOM(OzoneManagerProtocolServerSideTranslatorPB.java:276) ~[ozone-manager-1.3.0-SNAPSHOT.jar:?]
	at org.apache.hadoop.ozone.protocolPB.OzoneManagerProtocolServerSideTranslatorPB.processRequest(OzoneManagerProtocolServerSideTranslatorPB.java:205) ~[ozone-manager-1.3.0-SNAPSHOT.jar:?]
	at org.apache.hadoop.hdds.server.OzoneProtocolMessageDispatcher.processRequest(OzoneProtocolMessageDispatcher.java:87) [hdds-server-framework-1.3.0-SNAPSHOT.jar:?]
	at org.apache.hadoop.ozone.protocolPB.OzoneManagerProtocolServerSideTranslatorPB.submitRequest(OzoneManagerProtocolServerSideTranslatorPB.java:147) [ozone-manager-1.3.0-SNAPSHOT.jar:?]
	at org.apache.hadoop.ozone.protocol.proto.OzoneManagerProtocolProtos$OzoneManagerService$2.callBlockingMethod(OzoneManagerProtocolProtos.java) [ozone-interface-client-1.3.0-SNAPSHOT.jar:?]
	at org.apache.hadoop.ipc.ProtobufRpcEngine$Server.processCall(ProtobufRpcEngine.java:466) [hadoop-common-3.3.1.jar:?]
	at org.apache.hadoop.ipc.ProtobufRpcEngine2$Server$ProtoBufRpcInvoker.call(ProtobufRpcEngine2.java:574) [hadoop-common-3.3.1.jar:?]
	at org.apache.hadoop.ipc.ProtobufRpcEngine2$Server$ProtoBufRpcInvoker.call(ProtobufRpcEngine2.java:552) [hadoop-common-3.3.1.jar:?]
	at org.apache.hadoop.ipc.RPC$Server.call(RPC.java:1093) [hadoop-common-3.3.1.jar:?]
	at org.apache.hadoop.ipc.Server$RpcCall.run(Server.java:1035) [hadoop-common-3.3.1.jar:?]
	at org.apache.hadoop.ipc.Server$RpcCall.run(Server.java:963) [hadoop-common-3.3.1.jar:?]
	at java.security.AccessController.doPrivileged(Native Method) ~[?:1.8.0_332]
	at javax.security.auth.Subject.doAs(Subject.java:422) [?:1.8.0_332]
	at org.apache.hadoop.security.UserGroupInformation.doAs(UserGroupInformation.java:1878) [hadoop-common-3.3.1.jar:?]
	at org.apache.hadoop.ipc.Server$Handler.run(Server.java:2966) [hadoop-common-3.3.1.jar:?]
23:25:46.101 [IPC Server handler 15 on default port 46473] ERROR OMAudit - user=runner | ip=127.0.0.1 | op=GET_FILE_STATUS {volume=volume35182, bucket=bucket60381, key=testBatchDelete/parent/child7, dataSize=0, replicationConfig=null} | ret=FAILURE
org.apache.hadoop.ozone.om.exceptions.OMException: Unable to get file status: volume: volume35182 bucket: bucket60381 key: testBatchDelete/parent/child7
	at org.apache.hadoop.ozone.om.KeyManagerImpl.getOzoneFileStatus(KeyManagerImpl.java:1311) ~[ozone-manager-1.3.0-SNAPSHOT.jar:?]
	at org.apache.hadoop.ozone.om.KeyManagerImpl.getFileStatus(KeyManagerImpl.java:1241) ~[ozone-manager-1.3.0-SNAPSHOT.jar:?]
	at org.apache.hadoop.ozone.om.OzoneManager.getFileStatus(OzoneManager.java:3419) ~[ozone-manager-1.3.0-SNAPSHOT.jar:?]
	at org.apache.hadoop.ozone.protocolPB.OzoneManagerRequestHandler.getOzoneFileStatus(OzoneManagerRequestHandler.java:871) ~[ozone-manager-1.3.0-SNAPSHOT.jar:?]
	at org.apache.hadoop.ozone.protocolPB.OzoneManagerRequestHandler.handleReadRequest(OzoneManagerRequestHandler.java:217) ~[ozone-manager-1.3.0-SNAPSHOT.jar:?]
	at org.apache.hadoop.ozone.protocolPB.OzoneManagerProtocolServerSideTranslatorPB.submitRequestDirectlyToOM(OzoneManagerProtocolServerSideTranslatorPB.java:276) ~[ozone-manager-1.3.0-SNAPSHOT.jar:?]
	at org.apache.hadoop.ozone.protocolPB.OzoneManagerProtocolServerSideTranslatorPB.processRequest(OzoneManagerProtocolServerSideTranslatorPB.java:205) ~[ozone-manager-1.3.0-SNAPSHOT.jar:?]
	at org.apache.hadoop.hdds.server.OzoneProtocolMessageDispatcher.processRequest(OzoneProtocolMessageDispatcher.java:87) [hdds-server-framework-1.3.0-SNAPSHOT.jar:?]
	at org.apache.hadoop.ozone.protocolPB.OzoneManagerProtocolServerSideTranslatorPB.submitRequest(OzoneManagerProtocolServerSideTranslatorPB.java:147) [ozone-manager-1.3.0-SNAPSHOT.jar:?]
	at org.apache.hadoop.ozone.protocol.proto.OzoneManagerProtocolProtos$OzoneManagerService$2.callBlockingMethod(OzoneManagerProtocolProtos.java) [ozone-interface-client-1.3.0-SNAPSHOT.jar:?]
	at org.apache.hadoop.ipc.ProtobufRpcEngine$Server.processCall(ProtobufRpcEngine.java:466) [hadoop-common-3.3.1.jar:?]
	at org.apache.hadoop.ipc.ProtobufRpcEngine2$Server$ProtoBufRpcInvoker.call(ProtobufRpcEngine2.java:574) [hadoop-common-3.3.1.jar:?]
	at org.apache.hadoop.ipc.ProtobufRpcEngine2$Server$ProtoBufRpcInvoker.call(ProtobufRpcEngine2.java:552) [hadoop-common-3.3.1.jar:?]
	at org.apache.hadoop.ipc.RPC$Server.call(RPC.java:1093) [hadoop-common-3.3.1.jar:?]
	at org.apache.hadoop.ipc.Server$RpcCall.run(Server.java:1035) [hadoop-common-3.3.1.jar:?]
	at org.apache.hadoop.ipc.Server$RpcCall.run(Server.java:963) [hadoop-common-3.3.1.jar:?]
	at java.security.AccessController.doPrivileged(Native Method) ~[?:1.8.0_332]
	at javax.security.auth.Subject.doAs(Subject.java:422) [?:1.8.0_332]
	at org.apache.hadoop.security.UserGroupInformation.doAs(UserGroupInformation.java:1878) [hadoop-common-3.3.1.jar:?]
	at org.apache.hadoop.ipc.Server$Handler.run(Server.java:2966) [hadoop-common-3.3.1.jar:?]
23:25:46.103 [IPC Server handler 16 on default port 46473] ERROR OMAudit - user=runner | ip=127.0.0.1 | op=GET_FILE_STATUS {volume=volume35182, bucket=bucket60381, key=testBatchDelete/parent/childFolder/child7, dataSize=0, replicationConfig=null} | ret=FAILURE
org.apache.hadoop.ozone.om.exceptions.OMException: Unable to get file status: volume: volume35182 bucket: bucket60381 key: testBatchDelete/parent/childFolder/child7
	at org.apache.hadoop.ozone.om.KeyManagerImpl.getOzoneFileStatus(KeyManagerImpl.java:1311) ~[ozone-manager-1.3.0-SNAPSHOT.jar:?]
	at org.apache.hadoop.ozone.om.KeyManagerImpl.getFileStatus(KeyManagerImpl.java:1241) ~[ozone-manager-1.3.0-SNAPSHOT.jar:?]
	at org.apache.hadoop.ozone.om.OzoneManager.getFileStatus(OzoneManager.java:3419) ~[ozone-manager-1.3.0-SNAPSHOT.jar:?]
	at org.apache.hadoop.ozone.protocolPB.OzoneManagerRequestHandler.getOzoneFileStatus(OzoneManagerRequestHandler.java:871) ~[ozone-manager-1.3.0-SNAPSHOT.jar:?]
	at org.apache.hadoop.ozone.protocolPB.OzoneManagerRequestHandler.handleReadRequest(OzoneManagerRequestHandler.java:217) ~[ozone-manager-1.3.0-SNAPSHOT.jar:?]
	at org.apache.hadoop.ozone.protocolPB.OzoneManagerProtocolServerSideTranslatorPB.submitRequestDirectlyToOM(OzoneManagerProtocolServerSideTranslatorPB.java:276) ~[ozone-manager-1.3.0-SNAPSHOT.jar:?]
	at org.apache.hadoop.ozone.protocolPB.OzoneManagerProtocolServerSideTranslatorPB.processRequest(OzoneManagerProtocolServerSideTranslatorPB.java:205) ~[ozone-manager-1.3.0-SNAPSHOT.jar:?]
	at org.apache.hadoop.hdds.server.OzoneProtocolMessageDispatcher.processRequest(OzoneProtocolMessageDispatcher.java:87) [hdds-server-framework-1.3.0-SNAPSHOT.jar:?]
	at org.apache.hadoop.ozone.protocolPB.OzoneManagerProtocolServerSideTranslatorPB.submitRequest(OzoneManagerProtocolServerSideTranslatorPB.java:147) [ozone-manager-1.3.0-SNAPSHOT.jar:?]
	at org.apache.hadoop.ozone.protocol.proto.OzoneManagerProtocolProtos$OzoneManagerService$2.callBlockingMethod(OzoneManagerProtocolProtos.java) [ozone-interface-client-1.3.0-SNAPSHOT.jar:?]
	at org.apache.hadoop.ipc.ProtobufRpcEngine$Server.processCall(ProtobufRpcEngine.java:466) [hadoop-common-3.3.1.jar:?]
	at org.apache.hadoop.ipc.ProtobufRpcEngine2$Server$ProtoBufRpcInvoker.call(ProtobufRpcEngine2.java:574) [hadoop-common-3.3.1.jar:?]
	at org.apache.hadoop.ipc.ProtobufRpcEngine2$Server$ProtoBufRpcInvoker.call(ProtobufRpcEngine2.java:552) [hadoop-common-3.3.1.jar:?]
	at org.apache.hadoop.ipc.RPC$Server.call(RPC.java:1093) [hadoop-common-3.3.1.jar:?]
	at org.apache.hadoop.ipc.Server$RpcCall.run(Server.java:1035) [hadoop-common-3.3.1.jar:?]
	at org.apache.hadoop.ipc.Server$RpcCall.run(Server.java:963) [hadoop-common-3.3.1.jar:?]
	at java.security.AccessController.doPrivileged(Native Method) ~[?:1.8.0_332]
	at javax.security.auth.Subject.doAs(Subject.java:422) [?:1.8.0_332]
	at org.apache.hadoop.security.UserGroupInformation.doAs(UserGroupInformation.java:1878) [hadoop-common-3.3.1.jar:?]
	at org.apache.hadoop.ipc.Server$Handler.run(Server.java:2966) [hadoop-common-3.3.1.jar:?]
23:25:46.104 [IPC Server handler 14 on default port 46473] ERROR OMAudit - user=runner | ip=127.0.0.1 | op=GET_FILE_STATUS {volume=volume35182, bucket=bucket60381, key=testBatchDelete/parent, dataSize=0, replicationConfig=null} | ret=FAILURE
org.apache.hadoop.ozone.om.exceptions.OMException: Unable to get file status: volume: volume35182 bucket: bucket60381 key: testBatchDelete/parent
	at org.apache.hadoop.ozone.om.KeyManagerImpl.getOzoneFileStatus(KeyManagerImpl.java:1311) ~[ozone-manager-1.3.0-SNAPSHOT.jar:?]
	at org.apache.hadoop.ozone.om.KeyManagerImpl.getFileStatus(KeyManagerImpl.java:1241) ~[ozone-manager-1.3.0-SNAPSHOT.jar:?]
	at org.apache.hadoop.ozone.om.OzoneManager.getFileStatus(OzoneManager.java:3419) ~[ozone-manager-1.3.0-SNAPSHOT.jar:?]
	at org.apache.hadoop.ozone.protocolPB.OzoneManagerRequestHandler.getOzoneFileStatus(OzoneManagerRequestHandler.java:871) ~[ozone-manager-1.3.0-SNAPSHOT.jar:?]
	at org.apache.hadoop.ozone.protocolPB.OzoneManagerRequestHandler.handleReadRequest(OzoneManagerRequestHandler.java:217) ~[ozone-manager-1.3.0-SNAPSHOT.jar:?]
	at org.apache.hadoop.ozone.protocolPB.OzoneManagerProtocolServerSideTranslatorPB.submitRequestDirectlyToOM(OzoneManagerProtocolServerSideTranslatorPB.java:276) ~[ozone-manager-1.3.0-SNAPSHOT.jar:?]
	at org.apache.hadoop.ozone.protocolPB.OzoneManagerProtocolServerSideTranslatorPB.processRequest(OzoneManagerProtocolServerSideTranslatorPB.java:205) ~[ozone-manager-1.3.0-SNAPSHOT.jar:?]
	at org.apache.hadoop.hdds.server.OzoneProtocolMessageDispatcher.processRequest(OzoneProtocolMessageDispatcher.java:87) [hdds-server-framework-1.3.0-SNAPSHOT.jar:?]
	at org.apache.hadoop.ozone.protocolPB.OzoneManagerProtocolServerSideTranslatorPB.submitRequest(OzoneManagerProtocolServerSideTranslatorPB.java:147) [ozone-manager-1.3.0-SNAPSHOT.jar:?]
	at org.apache.hadoop.ozone.protocol.proto.OzoneManagerProtocolProtos$OzoneManagerService$2.callBlockingMethod(OzoneManagerProtocolProtos.java) [ozone-interface-client-1.3.0-SNAPSHOT.jar:?]
	at org.apache.hadoop.ipc.ProtobufRpcEngine$Server.processCall(ProtobufRpcEngine.java:466) [hadoop-common-3.3.1.jar:?]
	at org.apache.hadoop.ipc.ProtobufRpcEngine2$Server$ProtoBufRpcInvoker.call(ProtobufRpcEngine2.java:574) [hadoop-common-3.3.1.jar:?]
	at org.apache.hadoop.ipc.ProtobufRpcEngine2$Server$ProtoBufRpcInvoker.call(ProtobufRpcEngine2.java:552) [hadoop-common-3.3.1.jar:?]
	at org.apache.hadoop.ipc.RPC$Server.call(RPC.java:1093) [hadoop-common-3.3.1.jar:?]
	at org.apache.hadoop.ipc.Server$RpcCall.run(Server.java:1035) [hadoop-common-3.3.1.jar:?]
	at org.apache.hadoop.ipc.Server$RpcCall.run(Server.java:963) [hadoop-common-3.3.1.jar:?]
	at java.security.AccessController.doPrivileged(Native Method) ~[?:1.8.0_332]
	at javax.security.auth.Subject.doAs(Subject.java:422) [?:1.8.0_332]
	at org.apache.hadoop.security.UserGroupInformation.doAs(UserGroupInformation.java:1878) [hadoop-common-3.3.1.jar:?]
	at org.apache.hadoop.ipc.Server$Handler.run(Server.java:2966) [hadoop-common-3.3.1.jar:?]
2022-07-12 23:25:46,104 [Time-limited test] WARN  ozone.BasicRootedOzoneFileSystem (BasicRootedOzoneFileSystem.java:delete(572)) - delete: Path does not exist: /volume35182/bucket60381/testBatchDelete/parent
]]></system-out>
  </testcase>
  <testcase name="testRenameToTrashEnabled" classname="TestRootedOzoneFileSystem" time="0.151">
    <system-out><![CDATA[2022-07-12 23:20:27,823 [Time-limited test] INFO  rpc.RpcClient (RpcClient.java:createVolume(466)) - Creating Volume: volume22716, with user51646 as owner and space quota set to -1 bytes, counts quota set to -1
2022-07-12 23:20:27,825 [OM StateMachine ApplyTransaction Thread - 0] INFO  volume.OMVolumeCreateRequest (OMVolumeCreateRequest.java:validateAndUpdateCache(195)) - created volume:volume22716 for user:user51646
2022-07-12 23:20:27,827 [Time-limited test] INFO  rpc.RpcClient (RpcClient.java:createBucket(669)) - Creating Bucket: volume22716/bucket04468, with bucket layout LEGACY, runner as owner, Versioning false, Storage Type set to DISK and Encryption set to false 
2022-07-12 23:20:27,829 [OM StateMachine ApplyTransaction Thread - 0] INFO  bucket.OMBucketCreateRequest (OMBucketCreateRequest.java:validateAndUpdateCache(260)) - created bucket: bucket04468 of layout LEGACY in volume: volume22716
23:20:27.901 [IPC Server handler 7 on default port 35283] ERROR OMAudit - user=runner | ip=127.0.0.1 | op=GET_FILE_STATUS {volume=volume22716, bucket=bucket04468, key=.Trash/runner/Current/volume22716/bucket04468/testKey2, dataSize=0, replicationConfig=null} | ret=FAILURE
org.apache.hadoop.ozone.om.exceptions.OMException: Unable to get file status: volume: volume22716 bucket: bucket04468 key: .Trash/runner/Current/volume22716/bucket04468/testKey2
	at org.apache.hadoop.ozone.om.KeyManagerImpl.getOzoneFileStatus(KeyManagerImpl.java:1311) ~[ozone-manager-1.3.0-SNAPSHOT.jar:?]
	at org.apache.hadoop.ozone.om.KeyManagerImpl.getFileStatus(KeyManagerImpl.java:1241) ~[ozone-manager-1.3.0-SNAPSHOT.jar:?]
	at org.apache.hadoop.ozone.om.OzoneManager.getFileStatus(OzoneManager.java:3419) ~[ozone-manager-1.3.0-SNAPSHOT.jar:?]
	at org.apache.hadoop.ozone.protocolPB.OzoneManagerRequestHandler.getOzoneFileStatus(OzoneManagerRequestHandler.java:871) ~[ozone-manager-1.3.0-SNAPSHOT.jar:?]
	at org.apache.hadoop.ozone.protocolPB.OzoneManagerRequestHandler.handleReadRequest(OzoneManagerRequestHandler.java:217) ~[ozone-manager-1.3.0-SNAPSHOT.jar:?]
	at org.apache.hadoop.ozone.protocolPB.OzoneManagerProtocolServerSideTranslatorPB.submitReadRequestToOM(OzoneManagerProtocolServerSideTranslatorPB.java:226) ~[ozone-manager-1.3.0-SNAPSHOT.jar:?]
	at org.apache.hadoop.ozone.protocolPB.OzoneManagerProtocolServerSideTranslatorPB.processRequest(OzoneManagerProtocolServerSideTranslatorPB.java:175) ~[ozone-manager-1.3.0-SNAPSHOT.jar:?]
	at org.apache.hadoop.hdds.server.OzoneProtocolMessageDispatcher.processRequest(OzoneProtocolMessageDispatcher.java:87) [hdds-server-framework-1.3.0-SNAPSHOT.jar:?]
	at org.apache.hadoop.ozone.protocolPB.OzoneManagerProtocolServerSideTranslatorPB.submitRequest(OzoneManagerProtocolServerSideTranslatorPB.java:147) [ozone-manager-1.3.0-SNAPSHOT.jar:?]
	at org.apache.hadoop.ozone.protocol.proto.OzoneManagerProtocolProtos$OzoneManagerService$2.callBlockingMethod(OzoneManagerProtocolProtos.java) [ozone-interface-client-1.3.0-SNAPSHOT.jar:?]
	at org.apache.hadoop.ipc.ProtobufRpcEngine$Server.processCall(ProtobufRpcEngine.java:466) [hadoop-common-3.3.1.jar:?]
	at org.apache.hadoop.ipc.ProtobufRpcEngine2$Server$ProtoBufRpcInvoker.call(ProtobufRpcEngine2.java:574) [hadoop-common-3.3.1.jar:?]
	at org.apache.hadoop.ipc.ProtobufRpcEngine2$Server$ProtoBufRpcInvoker.call(ProtobufRpcEngine2.java:552) [hadoop-common-3.3.1.jar:?]
	at org.apache.hadoop.ipc.RPC$Server.call(RPC.java:1093) [hadoop-common-3.3.1.jar:?]
	at org.apache.hadoop.ipc.Server$RpcCall.run(Server.java:1035) [hadoop-common-3.3.1.jar:?]
	at org.apache.hadoop.ipc.Server$RpcCall.run(Server.java:963) [hadoop-common-3.3.1.jar:?]
	at java.security.AccessController.doPrivileged(Native Method) ~[?:1.8.0_332]
	at javax.security.auth.Subject.doAs(Subject.java:422) [?:1.8.0_332]
	at org.apache.hadoop.security.UserGroupInformation.doAs(UserGroupInformation.java:1878) [hadoop-common-3.3.1.jar:?]
	at org.apache.hadoop.ipc.Server$Handler.run(Server.java:2966) [hadoop-common-3.3.1.jar:?]
23:20:27.906 [IPC Server handler 15 on default port 35283] ERROR OMAudit - user=runner | ip=127.0.0.1 | op=GET_FILE_STATUS {volume=volume22716, bucket=bucket04468, key=.Trash/runner/Current/volume22716/bucket04468/testKey2, dataSize=0, replicationConfig=null} | ret=FAILURE
org.apache.hadoop.ozone.om.exceptions.OMException: Unable to get file status: volume: volume22716 bucket: bucket04468 key: .Trash/runner/Current/volume22716/bucket04468/testKey2
	at org.apache.hadoop.ozone.om.KeyManagerImpl.getOzoneFileStatus(KeyManagerImpl.java:1311) ~[ozone-manager-1.3.0-SNAPSHOT.jar:?]
	at org.apache.hadoop.ozone.om.KeyManagerImpl.getFileStatus(KeyManagerImpl.java:1241) ~[ozone-manager-1.3.0-SNAPSHOT.jar:?]
	at org.apache.hadoop.ozone.om.OzoneManager.getFileStatus(OzoneManager.java:3419) ~[ozone-manager-1.3.0-SNAPSHOT.jar:?]
	at org.apache.hadoop.ozone.protocolPB.OzoneManagerRequestHandler.getOzoneFileStatus(OzoneManagerRequestHandler.java:871) ~[ozone-manager-1.3.0-SNAPSHOT.jar:?]
	at org.apache.hadoop.ozone.protocolPB.OzoneManagerRequestHandler.handleReadRequest(OzoneManagerRequestHandler.java:217) ~[ozone-manager-1.3.0-SNAPSHOT.jar:?]
	at org.apache.hadoop.ozone.protocolPB.OzoneManagerProtocolServerSideTranslatorPB.submitReadRequestToOM(OzoneManagerProtocolServerSideTranslatorPB.java:226) ~[ozone-manager-1.3.0-SNAPSHOT.jar:?]
	at org.apache.hadoop.ozone.protocolPB.OzoneManagerProtocolServerSideTranslatorPB.processRequest(OzoneManagerProtocolServerSideTranslatorPB.java:175) ~[ozone-manager-1.3.0-SNAPSHOT.jar:?]
	at org.apache.hadoop.hdds.server.OzoneProtocolMessageDispatcher.processRequest(OzoneProtocolMessageDispatcher.java:87) [hdds-server-framework-1.3.0-SNAPSHOT.jar:?]
	at org.apache.hadoop.ozone.protocolPB.OzoneManagerProtocolServerSideTranslatorPB.submitRequest(OzoneManagerProtocolServerSideTranslatorPB.java:147) [ozone-manager-1.3.0-SNAPSHOT.jar:?]
	at org.apache.hadoop.ozone.protocol.proto.OzoneManagerProtocolProtos$OzoneManagerService$2.callBlockingMethod(OzoneManagerProtocolProtos.java) [ozone-interface-client-1.3.0-SNAPSHOT.jar:?]
	at org.apache.hadoop.ipc.ProtobufRpcEngine$Server.processCall(ProtobufRpcEngine.java:466) [hadoop-common-3.3.1.jar:?]
	at org.apache.hadoop.ipc.ProtobufRpcEngine2$Server$ProtoBufRpcInvoker.call(ProtobufRpcEngine2.java:574) [hadoop-common-3.3.1.jar:?]
	at org.apache.hadoop.ipc.ProtobufRpcEngine2$Server$ProtoBufRpcInvoker.call(ProtobufRpcEngine2.java:552) [hadoop-common-3.3.1.jar:?]
	at org.apache.hadoop.ipc.RPC$Server.call(RPC.java:1093) [hadoop-common-3.3.1.jar:?]
	at org.apache.hadoop.ipc.Server$RpcCall.run(Server.java:1035) [hadoop-common-3.3.1.jar:?]
	at org.apache.hadoop.ipc.Server$RpcCall.run(Server.java:963) [hadoop-common-3.3.1.jar:?]
	at java.security.AccessController.doPrivileged(Native Method) ~[?:1.8.0_332]
	at javax.security.auth.Subject.doAs(Subject.java:422) [?:1.8.0_332]
	at org.apache.hadoop.security.UserGroupInformation.doAs(UserGroupInformation.java:1878) [hadoop-common-3.3.1.jar:?]
	at org.apache.hadoop.ipc.Server$Handler.run(Server.java:2966) [hadoop-common-3.3.1.jar:?]
2022-07-12 23:20:27,917 [Time-limited test] INFO  fs.TrashPolicyDefault (TrashPolicyDefault.java:moveToTrash(188)) - Moved: '/volume22716/bucket04468/testKey2' to trash at: ofs:/volume22716/bucket04468/.Trash/runner/Current/volume22716/bucket04468/testKey2
]]></system-out>
  </testcase>
  <testcase name="testRenameToTrashEnabled" classname="TestRootedOzoneFileSystem" time="0.229">
    <system-out><![CDATA[2022-07-12 23:21:40,782 [Time-limited test] INFO  rpc.RpcClient (RpcClient.java:createVolume(466)) - Creating Volume: volume10323, with user45563 as owner and space quota set to -1 bytes, counts quota set to -1
2022-07-12 23:21:40,785 [OM StateMachine ApplyTransaction Thread - 0] INFO  volume.OMVolumeCreateRequest (OMVolumeCreateRequest.java:validateAndUpdateCache(195)) - created volume:volume10323 for user:user45563
2022-07-12 23:21:40,788 [Time-limited test] INFO  rpc.RpcClient (RpcClient.java:createBucket(669)) - Creating Bucket: volume10323/bucket35183, with bucket layout LEGACY, runner as owner, Versioning false, Storage Type set to DISK and Encryption set to false 
2022-07-12 23:21:40,789 [OM StateMachine ApplyTransaction Thread - 0] INFO  bucket.OMBucketCreateRequest (OMBucketCreateRequest.java:validateAndUpdateCache(260)) - created bucket: bucket35183 of layout LEGACY in volume: volume10323
23:21:40.949 [IPC Server handler 1 on default port 33951] ERROR OMAudit - user=runner | ip=127.0.0.1 | op=GET_FILE_STATUS {volume=volume10323, bucket=bucket35183, key=.Trash/runner/Current/volume10323/bucket35183/testKey2, dataSize=0, replicationConfig=null} | ret=FAILURE
org.apache.hadoop.ozone.om.exceptions.OMException: Unable to get file status: volume: volume10323 bucket: bucket35183 key: .Trash/runner/Current/volume10323/bucket35183/testKey2
	at org.apache.hadoop.ozone.om.KeyManagerImpl.getOzoneFileStatus(KeyManagerImpl.java:1311) ~[ozone-manager-1.3.0-SNAPSHOT.jar:?]
	at org.apache.hadoop.ozone.om.KeyManagerImpl.getFileStatus(KeyManagerImpl.java:1241) ~[ozone-manager-1.3.0-SNAPSHOT.jar:?]
	at org.apache.hadoop.ozone.om.OzoneManager.getFileStatus(OzoneManager.java:3419) ~[ozone-manager-1.3.0-SNAPSHOT.jar:?]
	at org.apache.hadoop.ozone.protocolPB.OzoneManagerRequestHandler.getOzoneFileStatus(OzoneManagerRequestHandler.java:871) ~[ozone-manager-1.3.0-SNAPSHOT.jar:?]
	at org.apache.hadoop.ozone.protocolPB.OzoneManagerRequestHandler.handleReadRequest(OzoneManagerRequestHandler.java:217) ~[ozone-manager-1.3.0-SNAPSHOT.jar:?]
	at org.apache.hadoop.ozone.protocolPB.OzoneManagerProtocolServerSideTranslatorPB.submitReadRequestToOM(OzoneManagerProtocolServerSideTranslatorPB.java:226) ~[ozone-manager-1.3.0-SNAPSHOT.jar:?]
	at org.apache.hadoop.ozone.protocolPB.OzoneManagerProtocolServerSideTranslatorPB.processRequest(OzoneManagerProtocolServerSideTranslatorPB.java:175) ~[ozone-manager-1.3.0-SNAPSHOT.jar:?]
	at org.apache.hadoop.hdds.server.OzoneProtocolMessageDispatcher.processRequest(OzoneProtocolMessageDispatcher.java:87) [hdds-server-framework-1.3.0-SNAPSHOT.jar:?]
	at org.apache.hadoop.ozone.protocolPB.OzoneManagerProtocolServerSideTranslatorPB.submitRequest(OzoneManagerProtocolServerSideTranslatorPB.java:147) [ozone-manager-1.3.0-SNAPSHOT.jar:?]
	at org.apache.hadoop.ozone.protocol.proto.OzoneManagerProtocolProtos$OzoneManagerService$2.callBlockingMethod(OzoneManagerProtocolProtos.java) [ozone-interface-client-1.3.0-SNAPSHOT.jar:?]
	at org.apache.hadoop.ipc.ProtobufRpcEngine$Server.processCall(ProtobufRpcEngine.java:466) [hadoop-common-3.3.1.jar:?]
	at org.apache.hadoop.ipc.ProtobufRpcEngine2$Server$ProtoBufRpcInvoker.call(ProtobufRpcEngine2.java:574) [hadoop-common-3.3.1.jar:?]
	at org.apache.hadoop.ipc.ProtobufRpcEngine2$Server$ProtoBufRpcInvoker.call(ProtobufRpcEngine2.java:552) [hadoop-common-3.3.1.jar:?]
	at org.apache.hadoop.ipc.RPC$Server.call(RPC.java:1093) [hadoop-common-3.3.1.jar:?]
	at org.apache.hadoop.ipc.Server$RpcCall.run(Server.java:1035) [hadoop-common-3.3.1.jar:?]
	at org.apache.hadoop.ipc.Server$RpcCall.run(Server.java:963) [hadoop-common-3.3.1.jar:?]
	at java.security.AccessController.doPrivileged(Native Method) ~[?:1.8.0_332]
	at javax.security.auth.Subject.doAs(Subject.java:422) [?:1.8.0_332]
	at org.apache.hadoop.security.UserGroupInformation.doAs(UserGroupInformation.java:1878) [hadoop-common-3.3.1.jar:?]
	at org.apache.hadoop.ipc.Server$Handler.run(Server.java:2966) [hadoop-common-3.3.1.jar:?]
23:21:40.952 [IPC Server handler 15 on default port 33951] ERROR OMAudit - user=runner | ip=127.0.0.1 | op=GET_FILE_STATUS {volume=volume10323, bucket=bucket35183, key=.Trash/runner/Current/volume10323/bucket35183/testKey2, dataSize=0, replicationConfig=null} | ret=FAILURE
org.apache.hadoop.ozone.om.exceptions.OMException: Unable to get file status: volume: volume10323 bucket: bucket35183 key: .Trash/runner/Current/volume10323/bucket35183/testKey2
	at org.apache.hadoop.ozone.om.KeyManagerImpl.getOzoneFileStatus(KeyManagerImpl.java:1311) ~[ozone-manager-1.3.0-SNAPSHOT.jar:?]
	at org.apache.hadoop.ozone.om.KeyManagerImpl.getFileStatus(KeyManagerImpl.java:1241) ~[ozone-manager-1.3.0-SNAPSHOT.jar:?]
	at org.apache.hadoop.ozone.om.OzoneManager.getFileStatus(OzoneManager.java:3419) ~[ozone-manager-1.3.0-SNAPSHOT.jar:?]
	at org.apache.hadoop.ozone.protocolPB.OzoneManagerRequestHandler.getOzoneFileStatus(OzoneManagerRequestHandler.java:871) ~[ozone-manager-1.3.0-SNAPSHOT.jar:?]
	at org.apache.hadoop.ozone.protocolPB.OzoneManagerRequestHandler.handleReadRequest(OzoneManagerRequestHandler.java:217) ~[ozone-manager-1.3.0-SNAPSHOT.jar:?]
	at org.apache.hadoop.ozone.protocolPB.OzoneManagerProtocolServerSideTranslatorPB.submitReadRequestToOM(OzoneManagerProtocolServerSideTranslatorPB.java:226) ~[ozone-manager-1.3.0-SNAPSHOT.jar:?]
	at org.apache.hadoop.ozone.protocolPB.OzoneManagerProtocolServerSideTranslatorPB.processRequest(OzoneManagerProtocolServerSideTranslatorPB.java:175) ~[ozone-manager-1.3.0-SNAPSHOT.jar:?]
	at org.apache.hadoop.hdds.server.OzoneProtocolMessageDispatcher.processRequest(OzoneProtocolMessageDispatcher.java:87) [hdds-server-framework-1.3.0-SNAPSHOT.jar:?]
	at org.apache.hadoop.ozone.protocolPB.OzoneManagerProtocolServerSideTranslatorPB.submitRequest(OzoneManagerProtocolServerSideTranslatorPB.java:147) [ozone-manager-1.3.0-SNAPSHOT.jar:?]
	at org.apache.hadoop.ozone.protocol.proto.OzoneManagerProtocolProtos$OzoneManagerService$2.callBlockingMethod(OzoneManagerProtocolProtos.java) [ozone-interface-client-1.3.0-SNAPSHOT.jar:?]
	at org.apache.hadoop.ipc.ProtobufRpcEngine$Server.processCall(ProtobufRpcEngine.java:466) [hadoop-common-3.3.1.jar:?]
	at org.apache.hadoop.ipc.ProtobufRpcEngine2$Server$ProtoBufRpcInvoker.call(ProtobufRpcEngine2.java:574) [hadoop-common-3.3.1.jar:?]
	at org.apache.hadoop.ipc.ProtobufRpcEngine2$Server$ProtoBufRpcInvoker.call(ProtobufRpcEngine2.java:552) [hadoop-common-3.3.1.jar:?]
	at org.apache.hadoop.ipc.RPC$Server.call(RPC.java:1093) [hadoop-common-3.3.1.jar:?]
	at org.apache.hadoop.ipc.Server$RpcCall.run(Server.java:1035) [hadoop-common-3.3.1.jar:?]
	at org.apache.hadoop.ipc.Server$RpcCall.run(Server.java:963) [hadoop-common-3.3.1.jar:?]
	at java.security.AccessController.doPrivileged(Native Method) ~[?:1.8.0_332]
	at javax.security.auth.Subject.doAs(Subject.java:422) [?:1.8.0_332]
	at org.apache.hadoop.security.UserGroupInformation.doAs(UserGroupInformation.java:1878) [hadoop-common-3.3.1.jar:?]
	at org.apache.hadoop.ipc.Server$Handler.run(Server.java:2966) [hadoop-common-3.3.1.jar:?]
2022-07-12 23:21:40,965 [Time-limited test] INFO  fs.TrashPolicyDefault (TrashPolicyDefault.java:moveToTrash(188)) - Moved: '/volume10323/bucket35183/testKey2' to trash at: ofs:/volume10323/bucket35183/.Trash/runner/Current/volume10323/bucket35183/testKey2
]]></system-out>
  </testcase>
  <testcase name="testRenameToTrashEnabled" classname="TestRootedOzoneFileSystem" time="0.453">
    <system-out><![CDATA[2022-07-12 23:22:57,517 [Time-limited test] INFO  rpc.RpcClient (RpcClient.java:createVolume(466)) - Creating Volume: volume82997, with user13888 as owner and space quota set to -1 bytes, counts quota set to -1
2022-07-12 23:22:57,518 [IPC Server handler 8 on default port 43683] INFO  volume.OMVolumeCreateRequest (OMVolumeCreateRequest.java:validateAndUpdateCache(195)) - created volume:volume82997 for user:user13888
2022-07-12 23:22:57,521 [Time-limited test] INFO  rpc.RpcClient (RpcClient.java:createBucket(669)) - Creating Bucket: volume82997/bucket51058, with bucket layout LEGACY, runner as owner, Versioning false, Storage Type set to DISK and Encryption set to false 
2022-07-12 23:22:57,522 [IPC Server handler 6 on default port 43683] INFO  bucket.OMBucketCreateRequest (OMBucketCreateRequest.java:validateAndUpdateCache(260)) - created bucket: bucket51058 of layout LEGACY in volume: volume82997
23:22:57.796 [IPC Server handler 1 on default port 43683] ERROR OMAudit - user=runner | ip=127.0.0.1 | op=GET_FILE_STATUS {volume=volume82997, bucket=bucket51058, key=.Trash/runner/Current/volume82997/bucket51058/testKey2, dataSize=0, replicationConfig=null} | ret=FAILURE
org.apache.hadoop.ozone.om.exceptions.OMException: Unable to get file status: volume: volume82997 bucket: bucket51058 key: .Trash/runner/Current/volume82997/bucket51058/testKey2
	at org.apache.hadoop.ozone.om.KeyManagerImpl.getOzoneFileStatus(KeyManagerImpl.java:1311) ~[ozone-manager-1.3.0-SNAPSHOT.jar:?]
	at org.apache.hadoop.ozone.om.KeyManagerImpl.getFileStatus(KeyManagerImpl.java:1241) ~[ozone-manager-1.3.0-SNAPSHOT.jar:?]
	at org.apache.hadoop.ozone.om.OzoneManager.getFileStatus(OzoneManager.java:3419) ~[ozone-manager-1.3.0-SNAPSHOT.jar:?]
	at org.apache.hadoop.ozone.protocolPB.OzoneManagerRequestHandler.getOzoneFileStatus(OzoneManagerRequestHandler.java:871) ~[ozone-manager-1.3.0-SNAPSHOT.jar:?]
	at org.apache.hadoop.ozone.protocolPB.OzoneManagerRequestHandler.handleReadRequest(OzoneManagerRequestHandler.java:217) ~[ozone-manager-1.3.0-SNAPSHOT.jar:?]
	at org.apache.hadoop.ozone.protocolPB.OzoneManagerProtocolServerSideTranslatorPB.submitRequestDirectlyToOM(OzoneManagerProtocolServerSideTranslatorPB.java:276) ~[ozone-manager-1.3.0-SNAPSHOT.jar:?]
	at org.apache.hadoop.ozone.protocolPB.OzoneManagerProtocolServerSideTranslatorPB.processRequest(OzoneManagerProtocolServerSideTranslatorPB.java:205) ~[ozone-manager-1.3.0-SNAPSHOT.jar:?]
	at org.apache.hadoop.hdds.server.OzoneProtocolMessageDispatcher.processRequest(OzoneProtocolMessageDispatcher.java:87) [hdds-server-framework-1.3.0-SNAPSHOT.jar:?]
	at org.apache.hadoop.ozone.protocolPB.OzoneManagerProtocolServerSideTranslatorPB.submitRequest(OzoneManagerProtocolServerSideTranslatorPB.java:147) [ozone-manager-1.3.0-SNAPSHOT.jar:?]
	at org.apache.hadoop.ozone.protocol.proto.OzoneManagerProtocolProtos$OzoneManagerService$2.callBlockingMethod(OzoneManagerProtocolProtos.java) [ozone-interface-client-1.3.0-SNAPSHOT.jar:?]
	at org.apache.hadoop.ipc.ProtobufRpcEngine$Server.processCall(ProtobufRpcEngine.java:466) [hadoop-common-3.3.1.jar:?]
	at org.apache.hadoop.ipc.ProtobufRpcEngine2$Server$ProtoBufRpcInvoker.call(ProtobufRpcEngine2.java:574) [hadoop-common-3.3.1.jar:?]
	at org.apache.hadoop.ipc.ProtobufRpcEngine2$Server$ProtoBufRpcInvoker.call(ProtobufRpcEngine2.java:552) [hadoop-common-3.3.1.jar:?]
	at org.apache.hadoop.ipc.RPC$Server.call(RPC.java:1093) [hadoop-common-3.3.1.jar:?]
	at org.apache.hadoop.ipc.Server$RpcCall.run(Server.java:1035) [hadoop-common-3.3.1.jar:?]
	at org.apache.hadoop.ipc.Server$RpcCall.run(Server.java:963) [hadoop-common-3.3.1.jar:?]
	at java.security.AccessController.doPrivileged(Native Method) ~[?:1.8.0_332]
	at javax.security.auth.Subject.doAs(Subject.java:422) [?:1.8.0_332]
	at org.apache.hadoop.security.UserGroupInformation.doAs(UserGroupInformation.java:1878) [hadoop-common-3.3.1.jar:?]
	at org.apache.hadoop.ipc.Server$Handler.run(Server.java:2966) [hadoop-common-3.3.1.jar:?]
23:22:57.799 [IPC Server handler 10 on default port 43683] ERROR OMAudit - user=runner | ip=127.0.0.1 | op=GET_FILE_STATUS {volume=volume82997, bucket=bucket51058, key=.Trash/runner/Current/volume82997/bucket51058/testKey2, dataSize=0, replicationConfig=null} | ret=FAILURE
org.apache.hadoop.ozone.om.exceptions.OMException: Unable to get file status: volume: volume82997 bucket: bucket51058 key: .Trash/runner/Current/volume82997/bucket51058/testKey2
	at org.apache.hadoop.ozone.om.KeyManagerImpl.getOzoneFileStatus(KeyManagerImpl.java:1311) ~[ozone-manager-1.3.0-SNAPSHOT.jar:?]
	at org.apache.hadoop.ozone.om.KeyManagerImpl.getFileStatus(KeyManagerImpl.java:1241) ~[ozone-manager-1.3.0-SNAPSHOT.jar:?]
	at org.apache.hadoop.ozone.om.OzoneManager.getFileStatus(OzoneManager.java:3419) ~[ozone-manager-1.3.0-SNAPSHOT.jar:?]
	at org.apache.hadoop.ozone.protocolPB.OzoneManagerRequestHandler.getOzoneFileStatus(OzoneManagerRequestHandler.java:871) ~[ozone-manager-1.3.0-SNAPSHOT.jar:?]
	at org.apache.hadoop.ozone.protocolPB.OzoneManagerRequestHandler.handleReadRequest(OzoneManagerRequestHandler.java:217) ~[ozone-manager-1.3.0-SNAPSHOT.jar:?]
	at org.apache.hadoop.ozone.protocolPB.OzoneManagerProtocolServerSideTranslatorPB.submitRequestDirectlyToOM(OzoneManagerProtocolServerSideTranslatorPB.java:276) ~[ozone-manager-1.3.0-SNAPSHOT.jar:?]
	at org.apache.hadoop.ozone.protocolPB.OzoneManagerProtocolServerSideTranslatorPB.processRequest(OzoneManagerProtocolServerSideTranslatorPB.java:205) ~[ozone-manager-1.3.0-SNAPSHOT.jar:?]
	at org.apache.hadoop.hdds.server.OzoneProtocolMessageDispatcher.processRequest(OzoneProtocolMessageDispatcher.java:87) [hdds-server-framework-1.3.0-SNAPSHOT.jar:?]
	at org.apache.hadoop.ozone.protocolPB.OzoneManagerProtocolServerSideTranslatorPB.submitRequest(OzoneManagerProtocolServerSideTranslatorPB.java:147) [ozone-manager-1.3.0-SNAPSHOT.jar:?]
	at org.apache.hadoop.ozone.protocol.proto.OzoneManagerProtocolProtos$OzoneManagerService$2.callBlockingMethod(OzoneManagerProtocolProtos.java) [ozone-interface-client-1.3.0-SNAPSHOT.jar:?]
	at org.apache.hadoop.ipc.ProtobufRpcEngine$Server.processCall(ProtobufRpcEngine.java:466) [hadoop-common-3.3.1.jar:?]
	at org.apache.hadoop.ipc.ProtobufRpcEngine2$Server$ProtoBufRpcInvoker.call(ProtobufRpcEngine2.java:574) [hadoop-common-3.3.1.jar:?]
	at org.apache.hadoop.ipc.ProtobufRpcEngine2$Server$ProtoBufRpcInvoker.call(ProtobufRpcEngine2.java:552) [hadoop-common-3.3.1.jar:?]
	at org.apache.hadoop.ipc.RPC$Server.call(RPC.java:1093) [hadoop-common-3.3.1.jar:?]
	at org.apache.hadoop.ipc.Server$RpcCall.run(Server.java:1035) [hadoop-common-3.3.1.jar:?]
	at org.apache.hadoop.ipc.Server$RpcCall.run(Server.java:963) [hadoop-common-3.3.1.jar:?]
	at java.security.AccessController.doPrivileged(Native Method) ~[?:1.8.0_332]
	at javax.security.auth.Subject.doAs(Subject.java:422) [?:1.8.0_332]
	at org.apache.hadoop.security.UserGroupInformation.doAs(UserGroupInformation.java:1878) [hadoop-common-3.3.1.jar:?]
	at org.apache.hadoop.ipc.Server$Handler.run(Server.java:2966) [hadoop-common-3.3.1.jar:?]
2022-07-12 23:22:57,806 [Time-limited test] INFO  fs.TrashPolicyDefault (TrashPolicyDefault.java:moveToTrash(188)) - Moved: '/volume82997/bucket51058/testKey2' to trash at: ofs:/volume82997/bucket51058/.Trash/runner/Current/volume82997/bucket51058/testKey2
]]></system-out>
  </testcase>
  <testcase name="testRenameToTrashEnabled" classname="TestRootedOzoneFileSystem" time="0.337">
    <system-out><![CDATA[2022-07-12 23:24:22,246 [Time-limited test] INFO  rpc.RpcClient (RpcClient.java:createVolume(466)) - Creating Volume: volume82527, with user58535 as owner and space quota set to -1 bytes, counts quota set to -1
2022-07-12 23:24:22,247 [OM StateMachine ApplyTransaction Thread - 0] INFO  volume.OMVolumeCreateRequest (OMVolumeCreateRequest.java:validateAndUpdateCache(195)) - created volume:volume82527 for user:user58535
2022-07-12 23:24:22,251 [Time-limited test] INFO  rpc.RpcClient (RpcClient.java:createBucket(669)) - Creating Bucket: volume82527/bucket22498, with bucket layout LEGACY, runner as owner, Versioning false, Storage Type set to DISK and Encryption set to false 
2022-07-12 23:24:22,280 [OM StateMachine ApplyTransaction Thread - 0] INFO  bucket.OMBucketCreateRequest (OMBucketCreateRequest.java:validateAndUpdateCache(260)) - created bucket: bucket22498 of layout LEGACY in volume: volume82527
23:24:22.412 [IPC Server handler 2 on default port 45473] ERROR OMAudit - user=runner | ip=127.0.0.1 | op=GET_FILE_STATUS {volume=volume82527, bucket=bucket22498, key=.Trash/runner/Current/volume82527/bucket22498/testKey2, dataSize=0, replicationConfig=null} | ret=FAILURE
org.apache.hadoop.ozone.om.exceptions.OMException: Unable to get file status: volume: volume82527 bucket: bucket22498 key: .Trash/runner/Current/volume82527/bucket22498/testKey2
	at org.apache.hadoop.ozone.om.KeyManagerImpl.getOzoneFileStatus(KeyManagerImpl.java:1311) ~[ozone-manager-1.3.0-SNAPSHOT.jar:?]
	at org.apache.hadoop.ozone.om.KeyManagerImpl.getFileStatus(KeyManagerImpl.java:1241) ~[ozone-manager-1.3.0-SNAPSHOT.jar:?]
	at org.apache.hadoop.ozone.om.OzoneManager.getFileStatus(OzoneManager.java:3419) ~[ozone-manager-1.3.0-SNAPSHOT.jar:?]
	at org.apache.hadoop.ozone.protocolPB.OzoneManagerRequestHandler.getOzoneFileStatus(OzoneManagerRequestHandler.java:871) ~[ozone-manager-1.3.0-SNAPSHOT.jar:?]
	at org.apache.hadoop.ozone.protocolPB.OzoneManagerRequestHandler.handleReadRequest(OzoneManagerRequestHandler.java:217) ~[ozone-manager-1.3.0-SNAPSHOT.jar:?]
	at org.apache.hadoop.ozone.protocolPB.OzoneManagerProtocolServerSideTranslatorPB.submitReadRequestToOM(OzoneManagerProtocolServerSideTranslatorPB.java:226) ~[ozone-manager-1.3.0-SNAPSHOT.jar:?]
	at org.apache.hadoop.ozone.protocolPB.OzoneManagerProtocolServerSideTranslatorPB.processRequest(OzoneManagerProtocolServerSideTranslatorPB.java:175) ~[ozone-manager-1.3.0-SNAPSHOT.jar:?]
	at org.apache.hadoop.hdds.server.OzoneProtocolMessageDispatcher.processRequest(OzoneProtocolMessageDispatcher.java:87) [hdds-server-framework-1.3.0-SNAPSHOT.jar:?]
	at org.apache.hadoop.ozone.protocolPB.OzoneManagerProtocolServerSideTranslatorPB.submitRequest(OzoneManagerProtocolServerSideTranslatorPB.java:147) [ozone-manager-1.3.0-SNAPSHOT.jar:?]
	at org.apache.hadoop.ozone.protocol.proto.OzoneManagerProtocolProtos$OzoneManagerService$2.callBlockingMethod(OzoneManagerProtocolProtos.java) [ozone-interface-client-1.3.0-SNAPSHOT.jar:?]
	at org.apache.hadoop.ipc.ProtobufRpcEngine$Server.processCall(ProtobufRpcEngine.java:466) [hadoop-common-3.3.1.jar:?]
	at org.apache.hadoop.ipc.ProtobufRpcEngine2$Server$ProtoBufRpcInvoker.call(ProtobufRpcEngine2.java:574) [hadoop-common-3.3.1.jar:?]
	at org.apache.hadoop.ipc.ProtobufRpcEngine2$Server$ProtoBufRpcInvoker.call(ProtobufRpcEngine2.java:552) [hadoop-common-3.3.1.jar:?]
	at org.apache.hadoop.ipc.RPC$Server.call(RPC.java:1093) [hadoop-common-3.3.1.jar:?]
	at org.apache.hadoop.ipc.Server$RpcCall.run(Server.java:1035) [hadoop-common-3.3.1.jar:?]
	at org.apache.hadoop.ipc.Server$RpcCall.run(Server.java:963) [hadoop-common-3.3.1.jar:?]
	at java.security.AccessController.doPrivileged(Native Method) ~[?:1.8.0_332]
	at javax.security.auth.Subject.doAs(Subject.java:422) [?:1.8.0_332]
	at org.apache.hadoop.security.UserGroupInformation.doAs(UserGroupInformation.java:1878) [hadoop-common-3.3.1.jar:?]
	at org.apache.hadoop.ipc.Server$Handler.run(Server.java:2966) [hadoop-common-3.3.1.jar:?]
23:24:22.421 [IPC Server handler 19 on default port 45473] ERROR OMAudit - user=runner | ip=127.0.0.1 | op=GET_FILE_STATUS {volume=volume82527, bucket=bucket22498, key=.Trash/runner/Current/volume82527/bucket22498/testKey2, dataSize=0, replicationConfig=null} | ret=FAILURE
org.apache.hadoop.ozone.om.exceptions.OMException: Unable to get file status: volume: volume82527 bucket: bucket22498 key: .Trash/runner/Current/volume82527/bucket22498/testKey2
	at org.apache.hadoop.ozone.om.KeyManagerImpl.getOzoneFileStatus(KeyManagerImpl.java:1311) ~[ozone-manager-1.3.0-SNAPSHOT.jar:?]
	at org.apache.hadoop.ozone.om.KeyManagerImpl.getFileStatus(KeyManagerImpl.java:1241) ~[ozone-manager-1.3.0-SNAPSHOT.jar:?]
	at org.apache.hadoop.ozone.om.OzoneManager.getFileStatus(OzoneManager.java:3419) ~[ozone-manager-1.3.0-SNAPSHOT.jar:?]
	at org.apache.hadoop.ozone.protocolPB.OzoneManagerRequestHandler.getOzoneFileStatus(OzoneManagerRequestHandler.java:871) ~[ozone-manager-1.3.0-SNAPSHOT.jar:?]
	at org.apache.hadoop.ozone.protocolPB.OzoneManagerRequestHandler.handleReadRequest(OzoneManagerRequestHandler.java:217) ~[ozone-manager-1.3.0-SNAPSHOT.jar:?]
	at org.apache.hadoop.ozone.protocolPB.OzoneManagerProtocolServerSideTranslatorPB.submitReadRequestToOM(OzoneManagerProtocolServerSideTranslatorPB.java:226) ~[ozone-manager-1.3.0-SNAPSHOT.jar:?]
	at org.apache.hadoop.ozone.protocolPB.OzoneManagerProtocolServerSideTranslatorPB.processRequest(OzoneManagerProtocolServerSideTranslatorPB.java:175) ~[ozone-manager-1.3.0-SNAPSHOT.jar:?]
	at org.apache.hadoop.hdds.server.OzoneProtocolMessageDispatcher.processRequest(OzoneProtocolMessageDispatcher.java:87) [hdds-server-framework-1.3.0-SNAPSHOT.jar:?]
	at org.apache.hadoop.ozone.protocolPB.OzoneManagerProtocolServerSideTranslatorPB.submitRequest(OzoneManagerProtocolServerSideTranslatorPB.java:147) [ozone-manager-1.3.0-SNAPSHOT.jar:?]
	at org.apache.hadoop.ozone.protocol.proto.OzoneManagerProtocolProtos$OzoneManagerService$2.callBlockingMethod(OzoneManagerProtocolProtos.java) [ozone-interface-client-1.3.0-SNAPSHOT.jar:?]
	at org.apache.hadoop.ipc.ProtobufRpcEngine$Server.processCall(ProtobufRpcEngine.java:466) [hadoop-common-3.3.1.jar:?]
	at org.apache.hadoop.ipc.ProtobufRpcEngine2$Server$ProtoBufRpcInvoker.call(ProtobufRpcEngine2.java:574) [hadoop-common-3.3.1.jar:?]
	at org.apache.hadoop.ipc.ProtobufRpcEngine2$Server$ProtoBufRpcInvoker.call(ProtobufRpcEngine2.java:552) [hadoop-common-3.3.1.jar:?]
	at org.apache.hadoop.ipc.RPC$Server.call(RPC.java:1093) [hadoop-common-3.3.1.jar:?]
	at org.apache.hadoop.ipc.Server$RpcCall.run(Server.java:1035) [hadoop-common-3.3.1.jar:?]
	at org.apache.hadoop.ipc.Server$RpcCall.run(Server.java:963) [hadoop-common-3.3.1.jar:?]
	at java.security.AccessController.doPrivileged(Native Method) ~[?:1.8.0_332]
	at javax.security.auth.Subject.doAs(Subject.java:422) [?:1.8.0_332]
	at org.apache.hadoop.security.UserGroupInformation.doAs(UserGroupInformation.java:1878) [hadoop-common-3.3.1.jar:?]
	at org.apache.hadoop.ipc.Server$Handler.run(Server.java:2966) [hadoop-common-3.3.1.jar:?]
2022-07-12 23:24:22,441 [Time-limited test] INFO  fs.TrashPolicyDefault (TrashPolicyDefault.java:moveToTrash(188)) - Moved: '/volume82527/bucket22498/testKey2' to trash at: ofs:/volume82527/bucket22498/.Trash/runner/Current/volume82527/bucket22498/testKey2
]]></system-out>
  </testcase>
  <testcase name="testRenameToTrashEnabled" classname="TestRootedOzoneFileSystem" time="0.414">
    <failure type="java.lang.AssertionError"><![CDATA[java.lang.AssertionError
	at org.junit.Assert.fail(Assert.java:87)
	at org.junit.Assert.assertTrue(Assert.java:42)
	at org.junit.Assert.assertTrue(Assert.java:53)
	at org.apache.hadoop.fs.ozone.TestRootedOzoneFileSystem.testRenameToTrashEnabled(TestRootedOzoneFileSystem.java:1286)
	at sun.reflect.NativeMethodAccessorImpl.invoke0(Native Method)
	at sun.reflect.NativeMethodAccessorImpl.invoke(NativeMethodAccessorImpl.java:62)
	at sun.reflect.DelegatingMethodAccessorImpl.invoke(DelegatingMethodAccessorImpl.java:43)
	at java.lang.reflect.Method.invoke(Method.java:498)
	at org.junit.runners.model.FrameworkMethod$1.runReflectiveCall(FrameworkMethod.java:59)
	at org.junit.internal.runners.model.ReflectiveCallable.run(ReflectiveCallable.java:12)
	at org.junit.runners.model.FrameworkMethod.invokeExplosively(FrameworkMethod.java:56)
	at org.junit.internal.runners.statements.InvokeMethod.evaluate(InvokeMethod.java:17)
	at org.junit.internal.runners.statements.RunBefores.evaluate(RunBefores.java:26)
	at org.junit.internal.runners.statements.RunAfters.evaluate(RunAfters.java:27)
	at org.junit.internal.runners.statements.FailOnTimeout$CallableStatement.call(FailOnTimeout.java:288)
	at org.junit.internal.runners.statements.FailOnTimeout$CallableStatement.call(FailOnTimeout.java:282)
	at java.util.concurrent.FutureTask.run(FutureTask.java:266)
	at java.lang.Thread.run(Thread.java:750)
]]></failure>
    <system-out><![CDATA[2022-07-12 23:25:46,227 [Time-limited test] INFO  rpc.RpcClient (RpcClient.java:createVolume(466)) - Creating Volume: volume52527, with user82108 as owner and space quota set to -1 bytes, counts quota set to -1
2022-07-12 23:25:46,233 [IPC Server handler 16 on default port 46473] INFO  volume.OMVolumeCreateRequest (OMVolumeCreateRequest.java:validateAndUpdateCache(195)) - created volume:volume52527 for user:user82108
2022-07-12 23:25:46,238 [Time-limited test] INFO  rpc.RpcClient (RpcClient.java:createBucket(669)) - Creating Bucket: volume52527/bucket35538, with bucket layout LEGACY, runner as owner, Versioning false, Storage Type set to DISK and Encryption set to false 
2022-07-12 23:25:46,238 [IPC Server handler 14 on default port 46473] INFO  bucket.OMBucketCreateRequest (OMBucketCreateRequest.java:validateAndUpdateCache(260)) - created bucket: bucket35538 of layout LEGACY in volume: volume52527
23:25:46.484 [IPC Server handler 3 on default port 46473] ERROR OMAudit - user=runner | ip=127.0.0.1 | op=GET_FILE_STATUS {volume=volume52527, bucket=bucket35538, key=.Trash/runner/Current/volume52527/bucket35538/testKey2, dataSize=0, replicationConfig=null} | ret=FAILURE
org.apache.hadoop.ozone.om.exceptions.OMException: Unable to get file status: volume: volume52527 bucket: bucket35538 key: .Trash/runner/Current/volume52527/bucket35538/testKey2
	at org.apache.hadoop.ozone.om.KeyManagerImpl.getOzoneFileStatus(KeyManagerImpl.java:1311) ~[ozone-manager-1.3.0-SNAPSHOT.jar:?]
	at org.apache.hadoop.ozone.om.KeyManagerImpl.getFileStatus(KeyManagerImpl.java:1241) ~[ozone-manager-1.3.0-SNAPSHOT.jar:?]
	at org.apache.hadoop.ozone.om.OzoneManager.getFileStatus(OzoneManager.java:3419) ~[ozone-manager-1.3.0-SNAPSHOT.jar:?]
	at org.apache.hadoop.ozone.protocolPB.OzoneManagerRequestHandler.getOzoneFileStatus(OzoneManagerRequestHandler.java:871) ~[ozone-manager-1.3.0-SNAPSHOT.jar:?]
	at org.apache.hadoop.ozone.protocolPB.OzoneManagerRequestHandler.handleReadRequest(OzoneManagerRequestHandler.java:217) ~[ozone-manager-1.3.0-SNAPSHOT.jar:?]
	at org.apache.hadoop.ozone.protocolPB.OzoneManagerProtocolServerSideTranslatorPB.submitRequestDirectlyToOM(OzoneManagerProtocolServerSideTranslatorPB.java:276) ~[ozone-manager-1.3.0-SNAPSHOT.jar:?]
	at org.apache.hadoop.ozone.protocolPB.OzoneManagerProtocolServerSideTranslatorPB.processRequest(OzoneManagerProtocolServerSideTranslatorPB.java:205) ~[ozone-manager-1.3.0-SNAPSHOT.jar:?]
	at org.apache.hadoop.hdds.server.OzoneProtocolMessageDispatcher.processRequest(OzoneProtocolMessageDispatcher.java:87) [hdds-server-framework-1.3.0-SNAPSHOT.jar:?]
	at org.apache.hadoop.ozone.protocolPB.OzoneManagerProtocolServerSideTranslatorPB.submitRequest(OzoneManagerProtocolServerSideTranslatorPB.java:147) [ozone-manager-1.3.0-SNAPSHOT.jar:?]
	at org.apache.hadoop.ozone.protocol.proto.OzoneManagerProtocolProtos$OzoneManagerService$2.callBlockingMethod(OzoneManagerProtocolProtos.java) [ozone-interface-client-1.3.0-SNAPSHOT.jar:?]
	at org.apache.hadoop.ipc.ProtobufRpcEngine$Server.processCall(ProtobufRpcEngine.java:466) [hadoop-common-3.3.1.jar:?]
	at org.apache.hadoop.ipc.ProtobufRpcEngine2$Server$ProtoBufRpcInvoker.call(ProtobufRpcEngine2.java:574) [hadoop-common-3.3.1.jar:?]
	at org.apache.hadoop.ipc.ProtobufRpcEngine2$Server$ProtoBufRpcInvoker.call(ProtobufRpcEngine2.java:552) [hadoop-common-3.3.1.jar:?]
	at org.apache.hadoop.ipc.RPC$Server.call(RPC.java:1093) [hadoop-common-3.3.1.jar:?]
	at org.apache.hadoop.ipc.Server$RpcCall.run(Server.java:1035) [hadoop-common-3.3.1.jar:?]
	at org.apache.hadoop.ipc.Server$RpcCall.run(Server.java:963) [hadoop-common-3.3.1.jar:?]
	at java.security.AccessController.doPrivileged(Native Method) ~[?:1.8.0_332]
	at javax.security.auth.Subject.doAs(Subject.java:422) [?:1.8.0_332]
	at org.apache.hadoop.security.UserGroupInformation.doAs(UserGroupInformation.java:1878) [hadoop-common-3.3.1.jar:?]
	at org.apache.hadoop.ipc.Server$Handler.run(Server.java:2966) [hadoop-common-3.3.1.jar:?]
23:25:46.487 [IPC Server handler 18 on default port 46473] ERROR OMAudit - user=runner | ip=127.0.0.1 | op=GET_FILE_STATUS {volume=volume52527, bucket=bucket35538, key=.Trash/runner/Current/volume52527/bucket35538/testKey2, dataSize=0, replicationConfig=null} | ret=FAILURE
org.apache.hadoop.ozone.om.exceptions.OMException: Unable to get file status: volume: volume52527 bucket: bucket35538 key: .Trash/runner/Current/volume52527/bucket35538/testKey2
	at org.apache.hadoop.ozone.om.KeyManagerImpl.getOzoneFileStatus(KeyManagerImpl.java:1311) ~[ozone-manager-1.3.0-SNAPSHOT.jar:?]
	at org.apache.hadoop.ozone.om.KeyManagerImpl.getFileStatus(KeyManagerImpl.java:1241) ~[ozone-manager-1.3.0-SNAPSHOT.jar:?]
	at org.apache.hadoop.ozone.om.OzoneManager.getFileStatus(OzoneManager.java:3419) ~[ozone-manager-1.3.0-SNAPSHOT.jar:?]
	at org.apache.hadoop.ozone.protocolPB.OzoneManagerRequestHandler.getOzoneFileStatus(OzoneManagerRequestHandler.java:871) ~[ozone-manager-1.3.0-SNAPSHOT.jar:?]
	at org.apache.hadoop.ozone.protocolPB.OzoneManagerRequestHandler.handleReadRequest(OzoneManagerRequestHandler.java:217) ~[ozone-manager-1.3.0-SNAPSHOT.jar:?]
	at org.apache.hadoop.ozone.protocolPB.OzoneManagerProtocolServerSideTranslatorPB.submitRequestDirectlyToOM(OzoneManagerProtocolServerSideTranslatorPB.java:276) ~[ozone-manager-1.3.0-SNAPSHOT.jar:?]
	at org.apache.hadoop.ozone.protocolPB.OzoneManagerProtocolServerSideTranslatorPB.processRequest(OzoneManagerProtocolServerSideTranslatorPB.java:205) ~[ozone-manager-1.3.0-SNAPSHOT.jar:?]
	at org.apache.hadoop.hdds.server.OzoneProtocolMessageDispatcher.processRequest(OzoneProtocolMessageDispatcher.java:87) [hdds-server-framework-1.3.0-SNAPSHOT.jar:?]
	at org.apache.hadoop.ozone.protocolPB.OzoneManagerProtocolServerSideTranslatorPB.submitRequest(OzoneManagerProtocolServerSideTranslatorPB.java:147) [ozone-manager-1.3.0-SNAPSHOT.jar:?]
	at org.apache.hadoop.ozone.protocol.proto.OzoneManagerProtocolProtos$OzoneManagerService$2.callBlockingMethod(OzoneManagerProtocolProtos.java) [ozone-interface-client-1.3.0-SNAPSHOT.jar:?]
	at org.apache.hadoop.ipc.ProtobufRpcEngine$Server.processCall(ProtobufRpcEngine.java:466) [hadoop-common-3.3.1.jar:?]
	at org.apache.hadoop.ipc.ProtobufRpcEngine2$Server$ProtoBufRpcInvoker.call(ProtobufRpcEngine2.java:574) [hadoop-common-3.3.1.jar:?]
	at org.apache.hadoop.ipc.ProtobufRpcEngine2$Server$ProtoBufRpcInvoker.call(ProtobufRpcEngine2.java:552) [hadoop-common-3.3.1.jar:?]
	at org.apache.hadoop.ipc.RPC$Server.call(RPC.java:1093) [hadoop-common-3.3.1.jar:?]
	at org.apache.hadoop.ipc.Server$RpcCall.run(Server.java:1035) [hadoop-common-3.3.1.jar:?]
	at org.apache.hadoop.ipc.Server$RpcCall.run(Server.java:963) [hadoop-common-3.3.1.jar:?]
	at java.security.AccessController.doPrivileged(Native Method) ~[?:1.8.0_332]
	at javax.security.auth.Subject.doAs(Subject.java:422) [?:1.8.0_332]
	at org.apache.hadoop.security.UserGroupInformation.doAs(UserGroupInformation.java:1878) [hadoop-common-3.3.1.jar:?]
	at org.apache.hadoop.ipc.Server$Handler.run(Server.java:2966) [hadoop-common-3.3.1.jar:?]
2022-07-12 23:25:46,506 [Time-limited test] INFO  fs.TrashPolicyDefault (TrashPolicyDefault.java:moveToTrash(188)) - Moved: '/volume52527/bucket35538/testKey2' to trash at: ofs:/volume52527/bucket35538/.Trash/runner/Current/volume52527/bucket35538/testKey2
23:25:46.506 [IPC Server handler 5 on default port 46473] ERROR OMAudit - user=runner | ip=127.0.0.1 | op=GET_FILE_STATUS {volume=volume52527, bucket=bucket35538, key=.Trash/runner/Current, dataSize=0, replicationConfig=null} | ret=FAILURE
org.apache.hadoop.ozone.om.exceptions.OMException: Unable to get file status: volume: volume52527 bucket: bucket35538 key: .Trash/runner/Current
	at org.apache.hadoop.ozone.om.KeyManagerImpl.getOzoneFileStatus(KeyManagerImpl.java:1311) ~[ozone-manager-1.3.0-SNAPSHOT.jar:?]
	at org.apache.hadoop.ozone.om.KeyManagerImpl.getFileStatus(KeyManagerImpl.java:1241) ~[ozone-manager-1.3.0-SNAPSHOT.jar:?]
	at org.apache.hadoop.ozone.om.OzoneManager.getFileStatus(OzoneManager.java:3419) ~[ozone-manager-1.3.0-SNAPSHOT.jar:?]
	at org.apache.hadoop.ozone.protocolPB.OzoneManagerRequestHandler.getOzoneFileStatus(OzoneManagerRequestHandler.java:871) ~[ozone-manager-1.3.0-SNAPSHOT.jar:?]
	at org.apache.hadoop.ozone.protocolPB.OzoneManagerRequestHandler.handleReadRequest(OzoneManagerRequestHandler.java:217) ~[ozone-manager-1.3.0-SNAPSHOT.jar:?]
	at org.apache.hadoop.ozone.protocolPB.OzoneManagerProtocolServerSideTranslatorPB.submitRequestDirectlyToOM(OzoneManagerProtocolServerSideTranslatorPB.java:276) ~[ozone-manager-1.3.0-SNAPSHOT.jar:?]
	at org.apache.hadoop.ozone.protocolPB.OzoneManagerProtocolServerSideTranslatorPB.processRequest(OzoneManagerProtocolServerSideTranslatorPB.java:205) ~[ozone-manager-1.3.0-SNAPSHOT.jar:?]
	at org.apache.hadoop.hdds.server.OzoneProtocolMessageDispatcher.processRequest(OzoneProtocolMessageDispatcher.java:87) [hdds-server-framework-1.3.0-SNAPSHOT.jar:?]
	at org.apache.hadoop.ozone.protocolPB.OzoneManagerProtocolServerSideTranslatorPB.submitRequest(OzoneManagerProtocolServerSideTranslatorPB.java:147) [ozone-manager-1.3.0-SNAPSHOT.jar:?]
	at org.apache.hadoop.ozone.protocol.proto.OzoneManagerProtocolProtos$OzoneManagerService$2.callBlockingMethod(OzoneManagerProtocolProtos.java) [ozone-interface-client-1.3.0-SNAPSHOT.jar:?]
	at org.apache.hadoop.ipc.ProtobufRpcEngine$Server.processCall(ProtobufRpcEngine.java:466) [hadoop-common-3.3.1.jar:?]
	at org.apache.hadoop.ipc.ProtobufRpcEngine2$Server$ProtoBufRpcInvoker.call(ProtobufRpcEngine2.java:574) [hadoop-common-3.3.1.jar:?]
	at org.apache.hadoop.ipc.ProtobufRpcEngine2$Server$ProtoBufRpcInvoker.call(ProtobufRpcEngine2.java:552) [hadoop-common-3.3.1.jar:?]
	at org.apache.hadoop.ipc.RPC$Server.call(RPC.java:1093) [hadoop-common-3.3.1.jar:?]
	at org.apache.hadoop.ipc.Server$RpcCall.run(Server.java:1035) [hadoop-common-3.3.1.jar:?]
	at org.apache.hadoop.ipc.Server$RpcCall.run(Server.java:963) [hadoop-common-3.3.1.jar:?]
	at java.security.AccessController.doPrivileged(Native Method) ~[?:1.8.0_332]
	at javax.security.auth.Subject.doAs(Subject.java:422) [?:1.8.0_332]
	at org.apache.hadoop.security.UserGroupInformation.doAs(UserGroupInformation.java:1878) [hadoop-common-3.3.1.jar:?]
	at org.apache.hadoop.ipc.Server$Handler.run(Server.java:2966) [hadoop-common-3.3.1.jar:?]
]]></system-out>
  </testcase>
  <testcase name="testMkdirOnNonExistentVolumeBucketDir" classname="TestRootedOzoneFileSystem" time="0">
    <skipped type="org.junit.AssumptionViolatedException"><![CDATA[org.junit.AssumptionViolatedException: FS Path is enabled. Skipping this test as it is not tuned for FS Path yet
	at org.junit.Assume.assumeTrue(Assume.java:68)
	at org.apache.hadoop.fs.ozone.TestRootedOzoneFileSystem.testMkdirOnNonExistentVolumeBucketDir(TestRootedOzoneFileSystem.java:421)
	at sun.reflect.NativeMethodAccessorImpl.invoke0(Native Method)
	at sun.reflect.NativeMethodAccessorImpl.invoke(NativeMethodAccessorImpl.java:62)
	at sun.reflect.DelegatingMethodAccessorImpl.invoke(DelegatingMethodAccessorImpl.java:43)
	at java.lang.reflect.Method.invoke(Method.java:498)
	at org.junit.runners.model.FrameworkMethod$1.runReflectiveCall(FrameworkMethod.java:59)
	at org.junit.internal.runners.model.ReflectiveCallable.run(ReflectiveCallable.java:12)
	at org.junit.runners.model.FrameworkMethod.invokeExplosively(FrameworkMethod.java:56)
	at org.junit.internal.runners.statements.InvokeMethod.evaluate(InvokeMethod.java:17)
	at org.junit.internal.runners.statements.RunBefores.evaluate(RunBefores.java:26)
	at org.junit.internal.runners.statements.RunAfters.evaluate(RunAfters.java:27)
	at org.junit.internal.runners.statements.FailOnTimeout$CallableStatement.call(FailOnTimeout.java:288)
	at org.junit.internal.runners.statements.FailOnTimeout$CallableStatement.call(FailOnTimeout.java:282)
	at java.util.concurrent.FutureTask.run(FutureTask.java:266)
	at java.lang.Thread.run(Thread.java:750)
]]></skipped>
    <system-out><![CDATA[2022-07-12 23:20:27,967 [Time-limited test] INFO  rpc.RpcClient (RpcClient.java:createVolume(466)) - Creating Volume: volume47469, with user01445 as owner and space quota set to -1 bytes, counts quota set to -1
2022-07-12 23:20:27,972 [OM StateMachine ApplyTransaction Thread - 0] INFO  volume.OMVolumeCreateRequest (OMVolumeCreateRequest.java:validateAndUpdateCache(195)) - created volume:volume47469 for user:user01445
2022-07-12 23:20:27,974 [Time-limited test] INFO  rpc.RpcClient (RpcClient.java:createBucket(669)) - Creating Bucket: volume47469/bucket54595, with bucket layout LEGACY, runner as owner, Versioning false, Storage Type set to DISK and Encryption set to false 
2022-07-12 23:20:27,977 [OM StateMachine ApplyTransaction Thread - 0] INFO  bucket.OMBucketCreateRequest (OMBucketCreateRequest.java:validateAndUpdateCache(260)) - created bucket: bucket54595 of layout LEGACY in volume: volume47469
]]></system-out>
  </testcase>
  <testcase name="testMkdirOnNonExistentVolumeBucketDir" classname="TestRootedOzoneFileSystem" time="0">
    <skipped type="org.junit.AssumptionViolatedException"><![CDATA[org.junit.AssumptionViolatedException: FS Path is enabled. Skipping this test as it is not tuned for FS Path yet
	at org.junit.Assume.assumeTrue(Assume.java:68)
	at org.apache.hadoop.fs.ozone.TestRootedOzoneFileSystem.testMkdirOnNonExistentVolumeBucketDir(TestRootedOzoneFileSystem.java:421)
	at sun.reflect.NativeMethodAccessorImpl.invoke0(Native Method)
	at sun.reflect.NativeMethodAccessorImpl.invoke(NativeMethodAccessorImpl.java:62)
	at sun.reflect.DelegatingMethodAccessorImpl.invoke(DelegatingMethodAccessorImpl.java:43)
	at java.lang.reflect.Method.invoke(Method.java:498)
	at org.junit.runners.model.FrameworkMethod$1.runReflectiveCall(FrameworkMethod.java:59)
	at org.junit.internal.runners.model.ReflectiveCallable.run(ReflectiveCallable.java:12)
	at org.junit.runners.model.FrameworkMethod.invokeExplosively(FrameworkMethod.java:56)
	at org.junit.internal.runners.statements.InvokeMethod.evaluate(InvokeMethod.java:17)
	at org.junit.internal.runners.statements.RunBefores.evaluate(RunBefores.java:26)
	at org.junit.internal.runners.statements.RunAfters.evaluate(RunAfters.java:27)
	at org.junit.internal.runners.statements.FailOnTimeout$CallableStatement.call(FailOnTimeout.java:288)
	at org.junit.internal.runners.statements.FailOnTimeout$CallableStatement.call(FailOnTimeout.java:282)
	at java.util.concurrent.FutureTask.run(FutureTask.java:266)
	at java.lang.Thread.run(Thread.java:750)
]]></skipped>
    <system-out><![CDATA[2022-07-12 23:21:41,088 [Time-limited test] INFO  rpc.RpcClient (RpcClient.java:createVolume(466)) - Creating Volume: volume43944, with user11502 as owner and space quota set to -1 bytes, counts quota set to -1
2022-07-12 23:21:41,093 [OM StateMachine ApplyTransaction Thread - 0] INFO  volume.OMVolumeCreateRequest (OMVolumeCreateRequest.java:validateAndUpdateCache(195)) - created volume:volume43944 for user:user11502
2022-07-12 23:21:41,094 [Time-limited test] INFO  rpc.RpcClient (RpcClient.java:createBucket(669)) - Creating Bucket: volume43944/bucket02279, with bucket layout LEGACY, runner as owner, Versioning false, Storage Type set to DISK and Encryption set to false 
2022-07-12 23:21:41,095 [OM StateMachine ApplyTransaction Thread - 0] INFO  bucket.OMBucketCreateRequest (OMBucketCreateRequest.java:validateAndUpdateCache(260)) - created bucket: bucket02279 of layout LEGACY in volume: volume43944
]]></system-out>
  </testcase>
  <testcase name="testMkdirOnNonExistentVolumeBucketDir" classname="TestRootedOzoneFileSystem" time="0">
    <skipped type="org.junit.AssumptionViolatedException"><![CDATA[org.junit.AssumptionViolatedException: FS Path is enabled. Skipping this test as it is not tuned for FS Path yet
	at org.junit.Assume.assumeTrue(Assume.java:68)
	at org.apache.hadoop.fs.ozone.TestRootedOzoneFileSystem.testMkdirOnNonExistentVolumeBucketDir(TestRootedOzoneFileSystem.java:421)
	at sun.reflect.NativeMethodAccessorImpl.invoke0(Native Method)
	at sun.reflect.NativeMethodAccessorImpl.invoke(NativeMethodAccessorImpl.java:62)
	at sun.reflect.DelegatingMethodAccessorImpl.invoke(DelegatingMethodAccessorImpl.java:43)
	at java.lang.reflect.Method.invoke(Method.java:498)
	at org.junit.runners.model.FrameworkMethod$1.runReflectiveCall(FrameworkMethod.java:59)
	at org.junit.internal.runners.model.ReflectiveCallable.run(ReflectiveCallable.java:12)
	at org.junit.runners.model.FrameworkMethod.invokeExplosively(FrameworkMethod.java:56)
	at org.junit.internal.runners.statements.InvokeMethod.evaluate(InvokeMethod.java:17)
	at org.junit.internal.runners.statements.RunBefores.evaluate(RunBefores.java:26)
	at org.junit.internal.runners.statements.RunAfters.evaluate(RunAfters.java:27)
	at org.junit.internal.runners.statements.FailOnTimeout$CallableStatement.call(FailOnTimeout.java:288)
	at org.junit.internal.runners.statements.FailOnTimeout$CallableStatement.call(FailOnTimeout.java:282)
	at java.util.concurrent.FutureTask.run(FutureTask.java:266)
	at java.lang.Thread.run(Thread.java:750)
]]></skipped>
    <system-out><![CDATA[2022-07-12 23:22:57,969 [Time-limited test] INFO  rpc.RpcClient (RpcClient.java:createVolume(466)) - Creating Volume: volume87148, with user05681 as owner and space quota set to -1 bytes, counts quota set to -1
2022-07-12 23:22:57,970 [IPC Server handler 13 on default port 43683] INFO  volume.OMVolumeCreateRequest (OMVolumeCreateRequest.java:validateAndUpdateCache(195)) - created volume:volume87148 for user:user05681
2022-07-12 23:22:57,972 [Time-limited test] INFO  rpc.RpcClient (RpcClient.java:createBucket(669)) - Creating Bucket: volume87148/bucket97864, with bucket layout LEGACY, runner as owner, Versioning false, Storage Type set to DISK and Encryption set to false 
2022-07-12 23:22:57,973 [IPC Server handler 11 on default port 43683] INFO  bucket.OMBucketCreateRequest (OMBucketCreateRequest.java:validateAndUpdateCache(260)) - created bucket: bucket97864 of layout LEGACY in volume: volume87148
]]></system-out>
  </testcase>
  <testcase name="testMkdirOnNonExistentVolumeBucketDir" classname="TestRootedOzoneFileSystem" time="0.197">
    <system-out><![CDATA[2022-07-12 23:24:22,599 [Time-limited test] INFO  rpc.RpcClient (RpcClient.java:createVolume(466)) - Creating Volume: volume42612, with user34182 as owner and space quota set to -1 bytes, counts quota set to -1
2022-07-12 23:24:22,605 [OM StateMachine ApplyTransaction Thread - 0] INFO  volume.OMVolumeCreateRequest (OMVolumeCreateRequest.java:validateAndUpdateCache(195)) - created volume:volume42612 for user:user34182
2022-07-12 23:24:22,608 [Time-limited test] INFO  rpc.RpcClient (RpcClient.java:createBucket(669)) - Creating Bucket: volume42612/bucket38768, with bucket layout LEGACY, runner as owner, Versioning false, Storage Type set to DISK and Encryption set to false 
2022-07-12 23:24:22,610 [OM StateMachine ApplyTransaction Thread - 0] INFO  bucket.OMBucketCreateRequest (OMBucketCreateRequest.java:validateAndUpdateCache(260)) - created bucket: bucket38768 of layout LEGACY in volume: volume42612
23:24:22.617 [IPC Server handler 10 on default port 45473] ERROR OMAudit - user=runner | ip=127.0.0.1 | op=READ_BUCKET {volume=volume-23684, bucket=bucket-80061} | ret=FAILURE
org.apache.hadoop.ozone.om.exceptions.OMException: Volume not found when getting bucket info
	at org.apache.hadoop.ozone.om.BucketManagerImpl.getBucketInfo(BucketManagerImpl.java:127) ~[ozone-manager-1.3.0-SNAPSHOT.jar:?]
	at org.apache.hadoop.ozone.om.OzoneManager.getBucketInfo(OzoneManager.java:2778) ~[ozone-manager-1.3.0-SNAPSHOT.jar:?]
	at org.apache.hadoop.ozone.protocolPB.OzoneManagerRequestHandler.infoBucket(OzoneManagerRequestHandler.java:464) ~[ozone-manager-1.3.0-SNAPSHOT.jar:?]
	at org.apache.hadoop.ozone.protocolPB.OzoneManagerRequestHandler.handleReadRequest(OzoneManagerRequestHandler.java:172) ~[ozone-manager-1.3.0-SNAPSHOT.jar:?]
	at org.apache.hadoop.ozone.protocolPB.OzoneManagerProtocolServerSideTranslatorPB.submitReadRequestToOM(OzoneManagerProtocolServerSideTranslatorPB.java:226) ~[ozone-manager-1.3.0-SNAPSHOT.jar:?]
	at org.apache.hadoop.ozone.protocolPB.OzoneManagerProtocolServerSideTranslatorPB.processRequest(OzoneManagerProtocolServerSideTranslatorPB.java:175) ~[ozone-manager-1.3.0-SNAPSHOT.jar:?]
	at org.apache.hadoop.hdds.server.OzoneProtocolMessageDispatcher.processRequest(OzoneProtocolMessageDispatcher.java:87) [hdds-server-framework-1.3.0-SNAPSHOT.jar:?]
	at org.apache.hadoop.ozone.protocolPB.OzoneManagerProtocolServerSideTranslatorPB.submitRequest(OzoneManagerProtocolServerSideTranslatorPB.java:147) [ozone-manager-1.3.0-SNAPSHOT.jar:?]
	at org.apache.hadoop.ozone.protocol.proto.OzoneManagerProtocolProtos$OzoneManagerService$2.callBlockingMethod(OzoneManagerProtocolProtos.java) [ozone-interface-client-1.3.0-SNAPSHOT.jar:?]
	at org.apache.hadoop.ipc.ProtobufRpcEngine$Server.processCall(ProtobufRpcEngine.java:466) [hadoop-common-3.3.1.jar:?]
	at org.apache.hadoop.ipc.ProtobufRpcEngine2$Server$ProtoBufRpcInvoker.call(ProtobufRpcEngine2.java:574) [hadoop-common-3.3.1.jar:?]
	at org.apache.hadoop.ipc.ProtobufRpcEngine2$Server$ProtoBufRpcInvoker.call(ProtobufRpcEngine2.java:552) [hadoop-common-3.3.1.jar:?]
	at org.apache.hadoop.ipc.RPC$Server.call(RPC.java:1093) [hadoop-common-3.3.1.jar:?]
	at org.apache.hadoop.ipc.Server$RpcCall.run(Server.java:1035) [hadoop-common-3.3.1.jar:?]
	at org.apache.hadoop.ipc.Server$RpcCall.run(Server.java:963) [hadoop-common-3.3.1.jar:?]
	at java.security.AccessController.doPrivileged(Native Method) ~[?:1.8.0_332]
	at javax.security.auth.Subject.doAs(Subject.java:422) [?:1.8.0_332]
	at org.apache.hadoop.security.UserGroupInformation.doAs(UserGroupInformation.java:1878) [hadoop-common-3.3.1.jar:?]
	at org.apache.hadoop.ipc.Server$Handler.run(Server.java:2966) [hadoop-common-3.3.1.jar:?]
2022-07-12 23:24:22,618 [Time-limited test] INFO  rpc.RpcClient (RpcClient.java:createVolume(466)) - Creating Volume: volume-23684, with runner as owner and space quota set to -1 bytes, counts quota set to -1
2022-07-12 23:24:22,621 [OM StateMachine ApplyTransaction Thread - 0] INFO  volume.OMVolumeCreateRequest (OMVolumeCreateRequest.java:validateAndUpdateCache(195)) - created volume:volume-23684 for user:runner
2022-07-12 23:24:22,625 [Time-limited test] INFO  rpc.RpcClient (RpcClient.java:createBucket(669)) - Creating Bucket: volume-23684/bucket-80061, with bucket layout LEGACY, runner as owner, Versioning false, Storage Type set to DISK and Encryption set to false 
2022-07-12 23:24:22,626 [OM StateMachine ApplyTransaction Thread - 0] INFO  bucket.OMBucketCreateRequest (OMBucketCreateRequest.java:validateAndUpdateCache(260)) - created bucket: bucket-80061 of layout LEGACY in volume: volume-23684
]]></system-out>
  </testcase>
  <testcase name="testMkdirOnNonExistentVolumeBucketDir" classname="TestRootedOzoneFileSystem" time="0.266">
    <system-out><![CDATA[2022-07-12 23:25:46,650 [Time-limited test] INFO  rpc.RpcClient (RpcClient.java:createVolume(466)) - Creating Volume: volume63503, with user61901 as owner and space quota set to -1 bytes, counts quota set to -1
2022-07-12 23:25:46,657 [IPC Server handler 4 on default port 46473] INFO  volume.OMVolumeCreateRequest (OMVolumeCreateRequest.java:validateAndUpdateCache(195)) - created volume:volume63503 for user:user61901
2022-07-12 23:25:46,665 [Time-limited test] INFO  rpc.RpcClient (RpcClient.java:createBucket(669)) - Creating Bucket: volume63503/bucket06676, with bucket layout LEGACY, runner as owner, Versioning false, Storage Type set to DISK and Encryption set to false 
2022-07-12 23:25:46,668 [IPC Server handler 3 on default port 46473] INFO  bucket.OMBucketCreateRequest (OMBucketCreateRequest.java:validateAndUpdateCache(260)) - created bucket: bucket06676 of layout LEGACY in volume: volume63503
23:25:46.693 [IPC Server handler 19 on default port 46473] ERROR OMAudit - user=runner | ip=127.0.0.1 | op=READ_BUCKET {volume=volume-17095, bucket=bucket-14063} | ret=FAILURE
org.apache.hadoop.ozone.om.exceptions.OMException: Volume not found when getting bucket info
	at org.apache.hadoop.ozone.om.BucketManagerImpl.getBucketInfo(BucketManagerImpl.java:127) ~[ozone-manager-1.3.0-SNAPSHOT.jar:?]
	at org.apache.hadoop.ozone.om.OzoneManager.getBucketInfo(OzoneManager.java:2778) ~[ozone-manager-1.3.0-SNAPSHOT.jar:?]
	at org.apache.hadoop.ozone.protocolPB.OzoneManagerRequestHandler.infoBucket(OzoneManagerRequestHandler.java:464) ~[ozone-manager-1.3.0-SNAPSHOT.jar:?]
	at org.apache.hadoop.ozone.protocolPB.OzoneManagerRequestHandler.handleReadRequest(OzoneManagerRequestHandler.java:172) ~[ozone-manager-1.3.0-SNAPSHOT.jar:?]
	at org.apache.hadoop.ozone.protocolPB.OzoneManagerProtocolServerSideTranslatorPB.submitRequestDirectlyToOM(OzoneManagerProtocolServerSideTranslatorPB.java:276) ~[ozone-manager-1.3.0-SNAPSHOT.jar:?]
	at org.apache.hadoop.ozone.protocolPB.OzoneManagerProtocolServerSideTranslatorPB.processRequest(OzoneManagerProtocolServerSideTranslatorPB.java:205) ~[ozone-manager-1.3.0-SNAPSHOT.jar:?]
	at org.apache.hadoop.hdds.server.OzoneProtocolMessageDispatcher.processRequest(OzoneProtocolMessageDispatcher.java:87) [hdds-server-framework-1.3.0-SNAPSHOT.jar:?]
	at org.apache.hadoop.ozone.protocolPB.OzoneManagerProtocolServerSideTranslatorPB.submitRequest(OzoneManagerProtocolServerSideTranslatorPB.java:147) [ozone-manager-1.3.0-SNAPSHOT.jar:?]
	at org.apache.hadoop.ozone.protocol.proto.OzoneManagerProtocolProtos$OzoneManagerService$2.callBlockingMethod(OzoneManagerProtocolProtos.java) [ozone-interface-client-1.3.0-SNAPSHOT.jar:?]
	at org.apache.hadoop.ipc.ProtobufRpcEngine$Server.processCall(ProtobufRpcEngine.java:466) [hadoop-common-3.3.1.jar:?]
	at org.apache.hadoop.ipc.ProtobufRpcEngine2$Server$ProtoBufRpcInvoker.call(ProtobufRpcEngine2.java:574) [hadoop-common-3.3.1.jar:?]
	at org.apache.hadoop.ipc.ProtobufRpcEngine2$Server$ProtoBufRpcInvoker.call(ProtobufRpcEngine2.java:552) [hadoop-common-3.3.1.jar:?]
	at org.apache.hadoop.ipc.RPC$Server.call(RPC.java:1093) [hadoop-common-3.3.1.jar:?]
	at org.apache.hadoop.ipc.Server$RpcCall.run(Server.java:1035) [hadoop-common-3.3.1.jar:?]
	at org.apache.hadoop.ipc.Server$RpcCall.run(Server.java:963) [hadoop-common-3.3.1.jar:?]
	at java.security.AccessController.doPrivileged(Native Method) ~[?:1.8.0_332]
	at javax.security.auth.Subject.doAs(Subject.java:422) [?:1.8.0_332]
	at org.apache.hadoop.security.UserGroupInformation.doAs(UserGroupInformation.java:1878) [hadoop-common-3.3.1.jar:?]
	at org.apache.hadoop.ipc.Server$Handler.run(Server.java:2966) [hadoop-common-3.3.1.jar:?]
2022-07-12 23:25:46,694 [Time-limited test] INFO  rpc.RpcClient (RpcClient.java:createVolume(466)) - Creating Volume: volume-17095, with runner as owner and space quota set to -1 bytes, counts quota set to -1
2022-07-12 23:25:46,694 [IPC Server handler 15 on default port 46473] INFO  volume.OMVolumeCreateRequest (OMVolumeCreateRequest.java:validateAndUpdateCache(195)) - created volume:volume-17095 for user:runner
2022-07-12 23:25:46,695 [Time-limited test] INFO  rpc.RpcClient (RpcClient.java:createBucket(669)) - Creating Bucket: volume-17095/bucket-14063, with bucket layout LEGACY, runner as owner, Versioning false, Storage Type set to DISK and Encryption set to false 
2022-07-12 23:25:46,695 [IPC Server handler 16 on default port 46473] INFO  bucket.OMBucketCreateRequest (OMBucketCreateRequest.java:validateAndUpdateCache(260)) - created bucket: bucket-14063 of layout LEGACY in volume: volume-17095
]]></system-out>
  </testcase>
  <testcase name="testListStatusOnLargeDirectory" classname="TestRootedOzoneFileSystem" time="13.308">
    <system-out><![CDATA[2022-07-12 23:20:28,018 [Time-limited test] INFO  rpc.RpcClient (RpcClient.java:createVolume(466)) - Creating Volume: volume76669, with user94868 as owner and space quota set to -1 bytes, counts quota set to -1
2022-07-12 23:20:28,021 [OM StateMachine ApplyTransaction Thread - 0] INFO  volume.OMVolumeCreateRequest (OMVolumeCreateRequest.java:validateAndUpdateCache(195)) - created volume:volume76669 for user:user94868
2022-07-12 23:20:28,023 [Time-limited test] INFO  rpc.RpcClient (RpcClient.java:createBucket(669)) - Creating Bucket: volume76669/bucket15359, with bucket layout LEGACY, runner as owner, Versioning false, Storage Type set to DISK and Encryption set to false 
2022-07-12 23:20:28,025 [OM StateMachine ApplyTransaction Thread - 0] INFO  bucket.OMBucketCreateRequest (OMBucketCreateRequest.java:validateAndUpdateCache(260)) - created bucket: bucket15359 of layout LEGACY in volume: volume76669
2022-07-12 23:20:31,330 [f5ec0973-3ea4-44f3-b934-b5b86c2ad769@group-B7888055A6AD-FollowerState] INFO  impl.FollowerState (FollowerState.java:run(143)) - f5ec0973-3ea4-44f3-b934-b5b86c2ad769@group-B7888055A6AD-FollowerState: change to CANDIDATE, lastRpcElapsedTime:5088327908ns, electionTimeout:5075ms
2022-07-12 23:20:31,330 [f5ec0973-3ea4-44f3-b934-b5b86c2ad769@group-B7888055A6AD-FollowerState] INFO  impl.RoleInfo (RoleInfo.java:shutdownFollowerState(110)) - f5ec0973-3ea4-44f3-b934-b5b86c2ad769: shutdown f5ec0973-3ea4-44f3-b934-b5b86c2ad769@group-B7888055A6AD-FollowerState
2022-07-12 23:20:31,330 [f5ec0973-3ea4-44f3-b934-b5b86c2ad769@group-B7888055A6AD-FollowerState] INFO  server.RaftServer$Division (RaftServerImpl.java:setRole(299)) - f5ec0973-3ea4-44f3-b934-b5b86c2ad769@group-B7888055A6AD: changes role from  FOLLOWER to CANDIDATE at term 2 for changeToCandidate
2022-07-12 23:20:31,330 [f5ec0973-3ea4-44f3-b934-b5b86c2ad769@group-B7888055A6AD-FollowerState] INFO  server.RaftServerConfigKeys (ConfUtils.java:logGet(46)) - raft.server.leaderelection.pre-vote = false (custom)
2022-07-12 23:20:31,331 [f5ec0973-3ea4-44f3-b934-b5b86c2ad769@group-B7888055A6AD-FollowerState] INFO  impl.RoleInfo (RoleInfo.java:updateAndGet(139)) - f5ec0973-3ea4-44f3-b934-b5b86c2ad769: start f5ec0973-3ea4-44f3-b934-b5b86c2ad769@group-B7888055A6AD-LeaderElection11
2022-07-12 23:20:31,340 [77a98ace-e102-46e5-a474-eb7ed4f4a4ca@group-B7888055A6AD-FollowerState] INFO  impl.FollowerState (FollowerState.java:run(143)) - 77a98ace-e102-46e5-a474-eb7ed4f4a4ca@group-B7888055A6AD-FollowerState: change to CANDIDATE, lastRpcElapsedTime:5102382433ns, electionTimeout:5101ms
2022-07-12 23:20:31,340 [77a98ace-e102-46e5-a474-eb7ed4f4a4ca@group-B7888055A6AD-FollowerState] INFO  impl.RoleInfo (RoleInfo.java:shutdownFollowerState(110)) - 77a98ace-e102-46e5-a474-eb7ed4f4a4ca: shutdown 77a98ace-e102-46e5-a474-eb7ed4f4a4ca@group-B7888055A6AD-FollowerState
2022-07-12 23:20:31,340 [f5ec0973-3ea4-44f3-b934-b5b86c2ad769@group-B7888055A6AD-LeaderElection11] INFO  impl.LeaderElection (LeaderElection.java:askForVotes(310)) - f5ec0973-3ea4-44f3-b934-b5b86c2ad769@group-B7888055A6AD-LeaderElection11 ELECTION round 0: submit vote requests at term 3 for -1: [77a98ace-e102-46e5-a474-eb7ed4f4a4ca|rpc:10.1.0.13:44773|priority:1, f5ec0973-3ea4-44f3-b934-b5b86c2ad769|rpc:10.1.0.13:36411|priority:0, 30c4d38c-7dc2-4c52-bffc-86b7b0a91f0d|rpc:10.1.0.13:39527|priority:0], old=null
2022-07-12 23:20:31,340 [77a98ace-e102-46e5-a474-eb7ed4f4a4ca@group-B7888055A6AD-FollowerState] INFO  server.RaftServer$Division (RaftServerImpl.java:setRole(299)) - 77a98ace-e102-46e5-a474-eb7ed4f4a4ca@group-B7888055A6AD: changes role from  FOLLOWER to CANDIDATE at term 2 for changeToCandidate
2022-07-12 23:20:31,345 [77a98ace-e102-46e5-a474-eb7ed4f4a4ca@group-B7888055A6AD-FollowerState] INFO  server.RaftServerConfigKeys (ConfUtils.java:logGet(46)) - raft.server.leaderelection.pre-vote = false (custom)
2022-07-12 23:20:31,345 [77a98ace-e102-46e5-a474-eb7ed4f4a4ca@group-B7888055A6AD-FollowerState] INFO  impl.RoleInfo (RoleInfo.java:updateAndGet(139)) - 77a98ace-e102-46e5-a474-eb7ed4f4a4ca: start 77a98ace-e102-46e5-a474-eb7ed4f4a4ca@group-B7888055A6AD-LeaderElection12
2022-07-12 23:20:31,353 [grpc-default-executor-1] INFO  server.RaftServer$Division (RaftServerImpl.java:requestVote(1152)) - 77a98ace-e102-46e5-a474-eb7ed4f4a4ca@group-B7888055A6AD: receive requestVote(ELECTION, f5ec0973-3ea4-44f3-b934-b5b86c2ad769, group-B7888055A6AD, 3, (t:0, i:0))
2022-07-12 23:20:31,353 [grpc-default-executor-1] INFO  impl.VoteContext (VoteContext.java:log(48)) - 77a98ace-e102-46e5-a474-eb7ed4f4a4ca@group-B7888055A6AD-CANDIDATE: reject ELECTION from f5ec0973-3ea4-44f3-b934-b5b86c2ad769: our priority 1 > candidate's priority 0
2022-07-12 23:20:31,353 [grpc-default-executor-1] INFO  server.RaftServer$Division (RaftServerImpl.java:setRole(299)) - 77a98ace-e102-46e5-a474-eb7ed4f4a4ca@group-B7888055A6AD: changes role from CANDIDATE to FOLLOWER at term 3 for candidate:f5ec0973-3ea4-44f3-b934-b5b86c2ad769
2022-07-12 23:20:31,353 [grpc-default-executor-1] INFO  impl.RoleInfo (RoleInfo.java:shutdownLeaderElection(130)) - 77a98ace-e102-46e5-a474-eb7ed4f4a4ca: shutdown 77a98ace-e102-46e5-a474-eb7ed4f4a4ca@group-B7888055A6AD-LeaderElection12
2022-07-12 23:20:31,366 [77a98ace-e102-46e5-a474-eb7ed4f4a4ca@group-B7888055A6AD-LeaderElection12] INFO  impl.LeaderElection (LeaderElection.java:run(231)) - 77a98ace-e102-46e5-a474-eb7ed4f4a4ca@group-B7888055A6AD-LeaderElection12: skip running since this is already CLOSING
2022-07-12 23:20:31,367 [grpc-default-executor-1] INFO  impl.RoleInfo (RoleInfo.java:updateAndGet(139)) - 77a98ace-e102-46e5-a474-eb7ed4f4a4ca: start 77a98ace-e102-46e5-a474-eb7ed4f4a4ca@group-B7888055A6AD-FollowerState
2022-07-12 23:20:31,371 [grpc-default-executor-1] INFO  server.RaftServer$Division (RaftServerImpl.java:requestVote(1184)) - 77a98ace-e102-46e5-a474-eb7ed4f4a4ca@group-B7888055A6AD replies to ELECTION vote request: f5ec0973-3ea4-44f3-b934-b5b86c2ad769<-77a98ace-e102-46e5-a474-eb7ed4f4a4ca#0:FAIL-t3. Peer's state: 77a98ace-e102-46e5-a474-eb7ed4f4a4ca@group-B7888055A6AD:t3, leader=null, voted=null, raftlog=77a98ace-e102-46e5-a474-eb7ed4f4a4ca@group-B7888055A6AD-SegmentedRaftLog:OPENED:c-1, conf=-1: [77a98ace-e102-46e5-a474-eb7ed4f4a4ca|rpc:10.1.0.13:44773|priority:1, f5ec0973-3ea4-44f3-b934-b5b86c2ad769|rpc:10.1.0.13:36411|priority:0, 30c4d38c-7dc2-4c52-bffc-86b7b0a91f0d|rpc:10.1.0.13:39527|priority:0], old=null
2022-07-12 23:20:31,373 [grpc-default-executor-2] INFO  server.RaftServer$Division (RaftServerImpl.java:requestVote(1152)) - 30c4d38c-7dc2-4c52-bffc-86b7b0a91f0d@group-B7888055A6AD: receive requestVote(ELECTION, f5ec0973-3ea4-44f3-b934-b5b86c2ad769, group-B7888055A6AD, 3, (t:0, i:0))
2022-07-12 23:20:31,373 [grpc-default-executor-2] INFO  impl.VoteContext (VoteContext.java:log(48)) - 30c4d38c-7dc2-4c52-bffc-86b7b0a91f0d@group-B7888055A6AD-FOLLOWER: accept ELECTION from f5ec0973-3ea4-44f3-b934-b5b86c2ad769: our priority 0 <= candidate's priority 0
2022-07-12 23:20:31,373 [grpc-default-executor-2] INFO  server.RaftServer$Division (RaftServerImpl.java:setRole(299)) - 30c4d38c-7dc2-4c52-bffc-86b7b0a91f0d@group-B7888055A6AD: changes role from  FOLLOWER to FOLLOWER at term 3 for candidate:f5ec0973-3ea4-44f3-b934-b5b86c2ad769
2022-07-12 23:20:31,373 [grpc-default-executor-2] INFO  impl.RoleInfo (RoleInfo.java:shutdownFollowerState(110)) - 30c4d38c-7dc2-4c52-bffc-86b7b0a91f0d: shutdown 30c4d38c-7dc2-4c52-bffc-86b7b0a91f0d@group-B7888055A6AD-FollowerState
2022-07-12 23:20:31,373 [grpc-default-executor-2] INFO  impl.RoleInfo (RoleInfo.java:updateAndGet(139)) - 30c4d38c-7dc2-4c52-bffc-86b7b0a91f0d: start 30c4d38c-7dc2-4c52-bffc-86b7b0a91f0d@group-B7888055A6AD-FollowerState
2022-07-12 23:20:31,373 [30c4d38c-7dc2-4c52-bffc-86b7b0a91f0d@group-B7888055A6AD-FollowerState] INFO  impl.FollowerState (FollowerState.java:run(152)) - 30c4d38c-7dc2-4c52-bffc-86b7b0a91f0d@group-B7888055A6AD-FollowerState was interrupted
2022-07-12 23:20:31,378 [f5ec0973-3ea4-44f3-b934-b5b86c2ad769@group-B7888055A6AD-LeaderElection11] INFO  impl.LeaderElection (LeaderElection.java:logAndReturn(90)) - f5ec0973-3ea4-44f3-b934-b5b86c2ad769@group-B7888055A6AD-LeaderElection11: ELECTION REJECTED received 1 response(s) and 0 exception(s):
2022-07-12 23:20:31,378 [f5ec0973-3ea4-44f3-b934-b5b86c2ad769@group-B7888055A6AD-LeaderElection11] INFO  impl.LeaderElection (LeaderElection.java:logAndReturn(94)) -   Response 0: f5ec0973-3ea4-44f3-b934-b5b86c2ad769<-77a98ace-e102-46e5-a474-eb7ed4f4a4ca#0:FAIL-t3
2022-07-12 23:20:31,378 [f5ec0973-3ea4-44f3-b934-b5b86c2ad769@group-B7888055A6AD-LeaderElection11] INFO  impl.LeaderElection (LeaderElection.java:askForVotes(312)) - f5ec0973-3ea4-44f3-b934-b5b86c2ad769@group-B7888055A6AD-LeaderElection11 ELECTION round 0: result REJECTED
2022-07-12 23:20:31,378 [f5ec0973-3ea4-44f3-b934-b5b86c2ad769@group-B7888055A6AD-LeaderElection11] INFO  server.RaftServer$Division (RaftServerImpl.java:setRole(299)) - f5ec0973-3ea4-44f3-b934-b5b86c2ad769@group-B7888055A6AD: changes role from CANDIDATE to FOLLOWER at term 3 for REJECTED
2022-07-12 23:20:31,378 [f5ec0973-3ea4-44f3-b934-b5b86c2ad769@group-B7888055A6AD-LeaderElection11] INFO  impl.RoleInfo (RoleInfo.java:shutdownLeaderElection(130)) - f5ec0973-3ea4-44f3-b934-b5b86c2ad769: shutdown f5ec0973-3ea4-44f3-b934-b5b86c2ad769@group-B7888055A6AD-LeaderElection11
2022-07-12 23:20:31,378 [f5ec0973-3ea4-44f3-b934-b5b86c2ad769@group-B7888055A6AD-LeaderElection11] INFO  impl.RoleInfo (RoleInfo.java:updateAndGet(139)) - f5ec0973-3ea4-44f3-b934-b5b86c2ad769: start f5ec0973-3ea4-44f3-b934-b5b86c2ad769@group-B7888055A6AD-FollowerState
2022-07-12 23:20:31,380 [grpc-default-executor-2] INFO  server.RaftServer$Division (RaftServerImpl.java:requestVote(1184)) - 30c4d38c-7dc2-4c52-bffc-86b7b0a91f0d@group-B7888055A6AD replies to ELECTION vote request: f5ec0973-3ea4-44f3-b934-b5b86c2ad769<-30c4d38c-7dc2-4c52-bffc-86b7b0a91f0d#0:OK-t3. Peer's state: 30c4d38c-7dc2-4c52-bffc-86b7b0a91f0d@group-B7888055A6AD:t3, leader=null, voted=f5ec0973-3ea4-44f3-b934-b5b86c2ad769, raftlog=30c4d38c-7dc2-4c52-bffc-86b7b0a91f0d@group-B7888055A6AD-SegmentedRaftLog:OPENED:c-1, conf=-1: [77a98ace-e102-46e5-a474-eb7ed4f4a4ca|rpc:10.1.0.13:44773|dataStream:|priority:1, f5ec0973-3ea4-44f3-b934-b5b86c2ad769|rpc:10.1.0.13:36411|dataStream:|priority:0, 30c4d38c-7dc2-4c52-bffc-86b7b0a91f0d|rpc:10.1.0.13:39527|dataStream:|priority:0], old=null
2022-07-12 23:20:36,407 [30c4d38c-7dc2-4c52-bffc-86b7b0a91f0d@group-B7888055A6AD-FollowerState] INFO  impl.FollowerState (FollowerState.java:run(143)) - 30c4d38c-7dc2-4c52-bffc-86b7b0a91f0d@group-B7888055A6AD-FollowerState: change to CANDIDATE, lastRpcElapsedTime:5027682618ns, electionTimeout:5009ms
2022-07-12 23:20:36,408 [30c4d38c-7dc2-4c52-bffc-86b7b0a91f0d@group-B7888055A6AD-FollowerState] INFO  impl.RoleInfo (RoleInfo.java:shutdownFollowerState(110)) - 30c4d38c-7dc2-4c52-bffc-86b7b0a91f0d: shutdown 30c4d38c-7dc2-4c52-bffc-86b7b0a91f0d@group-B7888055A6AD-FollowerState
2022-07-12 23:20:36,408 [30c4d38c-7dc2-4c52-bffc-86b7b0a91f0d@group-B7888055A6AD-FollowerState] INFO  server.RaftServer$Division (RaftServerImpl.java:setRole(299)) - 30c4d38c-7dc2-4c52-bffc-86b7b0a91f0d@group-B7888055A6AD: changes role from  FOLLOWER to CANDIDATE at term 3 for changeToCandidate
2022-07-12 23:20:36,408 [30c4d38c-7dc2-4c52-bffc-86b7b0a91f0d@group-B7888055A6AD-FollowerState] INFO  server.RaftServerConfigKeys (ConfUtils.java:logGet(46)) - raft.server.leaderelection.pre-vote = false (custom)
2022-07-12 23:20:36,408 [30c4d38c-7dc2-4c52-bffc-86b7b0a91f0d@group-B7888055A6AD-FollowerState] INFO  impl.RoleInfo (RoleInfo.java:updateAndGet(139)) - 30c4d38c-7dc2-4c52-bffc-86b7b0a91f0d: start 30c4d38c-7dc2-4c52-bffc-86b7b0a91f0d@group-B7888055A6AD-LeaderElection13
2022-07-12 23:20:36,412 [30c4d38c-7dc2-4c52-bffc-86b7b0a91f0d@group-B7888055A6AD-LeaderElection13] INFO  impl.LeaderElection (LeaderElection.java:askForVotes(310)) - 30c4d38c-7dc2-4c52-bffc-86b7b0a91f0d@group-B7888055A6AD-LeaderElection13 ELECTION round 0: submit vote requests at term 4 for -1: [77a98ace-e102-46e5-a474-eb7ed4f4a4ca|rpc:10.1.0.13:44773|dataStream:|priority:1, f5ec0973-3ea4-44f3-b934-b5b86c2ad769|rpc:10.1.0.13:36411|dataStream:|priority:0, 30c4d38c-7dc2-4c52-bffc-86b7b0a91f0d|rpc:10.1.0.13:39527|dataStream:|priority:0], old=null
2022-07-12 23:20:36,425 [grpc-default-executor-2] INFO  server.RaftServer$Division (RaftServerImpl.java:requestVote(1152)) - 77a98ace-e102-46e5-a474-eb7ed4f4a4ca@group-B7888055A6AD: receive requestVote(ELECTION, 30c4d38c-7dc2-4c52-bffc-86b7b0a91f0d, group-B7888055A6AD, 4, (t:0, i:0))
2022-07-12 23:20:36,425 [grpc-default-executor-2] INFO  impl.VoteContext (VoteContext.java:log(48)) - 77a98ace-e102-46e5-a474-eb7ed4f4a4ca@group-B7888055A6AD-FOLLOWER: reject ELECTION from 30c4d38c-7dc2-4c52-bffc-86b7b0a91f0d: our priority 1 > candidate's priority 0
2022-07-12 23:20:36,425 [grpc-default-executor-2] INFO  server.RaftServer$Division (RaftServerImpl.java:setRole(299)) - 77a98ace-e102-46e5-a474-eb7ed4f4a4ca@group-B7888055A6AD: changes role from  FOLLOWER to FOLLOWER at term 4 for candidate:30c4d38c-7dc2-4c52-bffc-86b7b0a91f0d
2022-07-12 23:20:36,425 [grpc-default-executor-2] INFO  impl.RoleInfo (RoleInfo.java:shutdownFollowerState(110)) - 77a98ace-e102-46e5-a474-eb7ed4f4a4ca: shutdown 77a98ace-e102-46e5-a474-eb7ed4f4a4ca@group-B7888055A6AD-FollowerState
2022-07-12 23:20:36,425 [grpc-default-executor-2] INFO  impl.RoleInfo (RoleInfo.java:updateAndGet(139)) - 77a98ace-e102-46e5-a474-eb7ed4f4a4ca: start 77a98ace-e102-46e5-a474-eb7ed4f4a4ca@group-B7888055A6AD-FollowerState
2022-07-12 23:20:36,425 [77a98ace-e102-46e5-a474-eb7ed4f4a4ca@group-B7888055A6AD-FollowerState] INFO  impl.FollowerState (FollowerState.java:run(152)) - 77a98ace-e102-46e5-a474-eb7ed4f4a4ca@group-B7888055A6AD-FollowerState was interrupted
2022-07-12 23:20:36,431 [grpc-default-executor-2] INFO  server.RaftServer$Division (RaftServerImpl.java:requestVote(1184)) - 77a98ace-e102-46e5-a474-eb7ed4f4a4ca@group-B7888055A6AD replies to ELECTION vote request: 30c4d38c-7dc2-4c52-bffc-86b7b0a91f0d<-77a98ace-e102-46e5-a474-eb7ed4f4a4ca#0:FAIL-t4. Peer's state: 77a98ace-e102-46e5-a474-eb7ed4f4a4ca@group-B7888055A6AD:t4, leader=null, voted=null, raftlog=77a98ace-e102-46e5-a474-eb7ed4f4a4ca@group-B7888055A6AD-SegmentedRaftLog:OPENED:c-1, conf=-1: [77a98ace-e102-46e5-a474-eb7ed4f4a4ca|rpc:10.1.0.13:44773|priority:1, f5ec0973-3ea4-44f3-b934-b5b86c2ad769|rpc:10.1.0.13:36411|priority:0, 30c4d38c-7dc2-4c52-bffc-86b7b0a91f0d|rpc:10.1.0.13:39527|priority:0], old=null
2022-07-12 23:20:36,440 [grpc-default-executor-1] INFO  server.RaftServer$Division (RaftServerImpl.java:requestVote(1152)) - f5ec0973-3ea4-44f3-b934-b5b86c2ad769@group-B7888055A6AD: receive requestVote(ELECTION, 30c4d38c-7dc2-4c52-bffc-86b7b0a91f0d, group-B7888055A6AD, 4, (t:0, i:0))
2022-07-12 23:20:36,440 [grpc-default-executor-1] INFO  impl.VoteContext (VoteContext.java:log(48)) - f5ec0973-3ea4-44f3-b934-b5b86c2ad769@group-B7888055A6AD-FOLLOWER: accept ELECTION from 30c4d38c-7dc2-4c52-bffc-86b7b0a91f0d: our priority 0 <= candidate's priority 0
2022-07-12 23:20:36,440 [grpc-default-executor-1] INFO  server.RaftServer$Division (RaftServerImpl.java:setRole(299)) - f5ec0973-3ea4-44f3-b934-b5b86c2ad769@group-B7888055A6AD: changes role from  FOLLOWER to FOLLOWER at term 4 for candidate:30c4d38c-7dc2-4c52-bffc-86b7b0a91f0d
2022-07-12 23:20:36,440 [grpc-default-executor-1] INFO  impl.RoleInfo (RoleInfo.java:shutdownFollowerState(110)) - f5ec0973-3ea4-44f3-b934-b5b86c2ad769: shutdown f5ec0973-3ea4-44f3-b934-b5b86c2ad769@group-B7888055A6AD-FollowerState
2022-07-12 23:20:36,440 [grpc-default-executor-1] INFO  impl.RoleInfo (RoleInfo.java:updateAndGet(139)) - f5ec0973-3ea4-44f3-b934-b5b86c2ad769: start f5ec0973-3ea4-44f3-b934-b5b86c2ad769@group-B7888055A6AD-FollowerState
2022-07-12 23:20:36,440 [f5ec0973-3ea4-44f3-b934-b5b86c2ad769@group-B7888055A6AD-FollowerState] INFO  impl.FollowerState (FollowerState.java:run(152)) - f5ec0973-3ea4-44f3-b934-b5b86c2ad769@group-B7888055A6AD-FollowerState was interrupted
2022-07-12 23:20:36,445 [30c4d38c-7dc2-4c52-bffc-86b7b0a91f0d@group-B7888055A6AD-LeaderElection13] INFO  impl.LeaderElection (LeaderElection.java:logAndReturn(90)) - 30c4d38c-7dc2-4c52-bffc-86b7b0a91f0d@group-B7888055A6AD-LeaderElection13: ELECTION REJECTED received 1 response(s) and 0 exception(s):
2022-07-12 23:20:36,445 [30c4d38c-7dc2-4c52-bffc-86b7b0a91f0d@group-B7888055A6AD-LeaderElection13] INFO  impl.LeaderElection (LeaderElection.java:logAndReturn(94)) -   Response 0: 30c4d38c-7dc2-4c52-bffc-86b7b0a91f0d<-77a98ace-e102-46e5-a474-eb7ed4f4a4ca#0:FAIL-t4
2022-07-12 23:20:36,445 [30c4d38c-7dc2-4c52-bffc-86b7b0a91f0d@group-B7888055A6AD-LeaderElection13] INFO  impl.LeaderElection (LeaderElection.java:askForVotes(312)) - 30c4d38c-7dc2-4c52-bffc-86b7b0a91f0d@group-B7888055A6AD-LeaderElection13 ELECTION round 0: result REJECTED
2022-07-12 23:20:36,445 [30c4d38c-7dc2-4c52-bffc-86b7b0a91f0d@group-B7888055A6AD-LeaderElection13] INFO  server.RaftServer$Division (RaftServerImpl.java:setRole(299)) - 30c4d38c-7dc2-4c52-bffc-86b7b0a91f0d@group-B7888055A6AD: changes role from CANDIDATE to FOLLOWER at term 4 for REJECTED
2022-07-12 23:20:36,445 [30c4d38c-7dc2-4c52-bffc-86b7b0a91f0d@group-B7888055A6AD-LeaderElection13] INFO  impl.RoleInfo (RoleInfo.java:shutdownLeaderElection(130)) - 30c4d38c-7dc2-4c52-bffc-86b7b0a91f0d: shutdown 30c4d38c-7dc2-4c52-bffc-86b7b0a91f0d@group-B7888055A6AD-LeaderElection13
2022-07-12 23:20:36,445 [30c4d38c-7dc2-4c52-bffc-86b7b0a91f0d@group-B7888055A6AD-LeaderElection13] INFO  impl.RoleInfo (RoleInfo.java:updateAndGet(139)) - 30c4d38c-7dc2-4c52-bffc-86b7b0a91f0d: start 30c4d38c-7dc2-4c52-bffc-86b7b0a91f0d@group-B7888055A6AD-FollowerState
2022-07-12 23:20:36,448 [grpc-default-executor-1] INFO  server.RaftServer$Division (RaftServerImpl.java:requestVote(1184)) - f5ec0973-3ea4-44f3-b934-b5b86c2ad769@group-B7888055A6AD replies to ELECTION vote request: 30c4d38c-7dc2-4c52-bffc-86b7b0a91f0d<-f5ec0973-3ea4-44f3-b934-b5b86c2ad769#0:OK-t4. Peer's state: f5ec0973-3ea4-44f3-b934-b5b86c2ad769@group-B7888055A6AD:t4, leader=null, voted=30c4d38c-7dc2-4c52-bffc-86b7b0a91f0d, raftlog=f5ec0973-3ea4-44f3-b934-b5b86c2ad769@group-B7888055A6AD-SegmentedRaftLog:OPENED:c-1, conf=-1: [77a98ace-e102-46e5-a474-eb7ed4f4a4ca|rpc:10.1.0.13:44773|priority:1, f5ec0973-3ea4-44f3-b934-b5b86c2ad769|rpc:10.1.0.13:36411|priority:0, 30c4d38c-7dc2-4c52-bffc-86b7b0a91f0d|rpc:10.1.0.13:39527|priority:0], old=null
]]></system-out>
  </testcase>
  <testcase name="testListStatusOnLargeDirectory" classname="TestRootedOzoneFileSystem" time="11.748">
    <system-out><![CDATA[2022-07-12 23:21:41,193 [Time-limited test] INFO  rpc.RpcClient (RpcClient.java:createVolume(466)) - Creating Volume: volume78529, with user62013 as owner and space quota set to -1 bytes, counts quota set to -1
2022-07-12 23:21:41,199 [OM StateMachine ApplyTransaction Thread - 0] INFO  volume.OMVolumeCreateRequest (OMVolumeCreateRequest.java:validateAndUpdateCache(195)) - created volume:volume78529 for user:user62013
2022-07-12 23:21:41,200 [Time-limited test] INFO  rpc.RpcClient (RpcClient.java:createBucket(669)) - Creating Bucket: volume78529/bucket99999, with bucket layout LEGACY, runner as owner, Versioning false, Storage Type set to DISK and Encryption set to false 
2022-07-12 23:21:41,202 [OM StateMachine ApplyTransaction Thread - 0] INFO  bucket.OMBucketCreateRequest (OMBucketCreateRequest.java:validateAndUpdateCache(260)) - created bucket: bucket99999 of layout LEGACY in volume: volume78529
]]></system-out>
  </testcase>
  <testcase name="testListStatusOnLargeDirectory" classname="TestRootedOzoneFileSystem" time="12.502">
    <system-out><![CDATA[2022-07-12 23:22:58,090 [Time-limited test] INFO  rpc.RpcClient (RpcClient.java:createVolume(466)) - Creating Volume: volume03380, with user66104 as owner and space quota set to -1 bytes, counts quota set to -1
2022-07-12 23:22:58,091 [IPC Server handler 12 on default port 43683] INFO  volume.OMVolumeCreateRequest (OMVolumeCreateRequest.java:validateAndUpdateCache(195)) - created volume:volume03380 for user:user66104
2022-07-12 23:22:58,092 [Time-limited test] INFO  rpc.RpcClient (RpcClient.java:createBucket(669)) - Creating Bucket: volume03380/bucket69729, with bucket layout LEGACY, runner as owner, Versioning false, Storage Type set to DISK and Encryption set to false 
2022-07-12 23:22:58,097 [IPC Server handler 15 on default port 43683] INFO  bucket.OMBucketCreateRequest (OMBucketCreateRequest.java:validateAndUpdateCache(260)) - created bucket: bucket69729 of layout LEGACY in volume: volume03380
2022-07-12 23:22:58,616 [95d2a9a6-1343-48cb-8e55-18ad167fad0e@group-D045DBB7FC30-FollowerState] INFO  impl.FollowerState (FollowerState.java:run(143)) - 95d2a9a6-1343-48cb-8e55-18ad167fad0e@group-D045DBB7FC30-FollowerState: change to CANDIDATE, lastRpcElapsedTime:5058952907ns, electionTimeout:5048ms
2022-07-12 23:22:58,616 [95d2a9a6-1343-48cb-8e55-18ad167fad0e@group-D045DBB7FC30-FollowerState] INFO  impl.RoleInfo (RoleInfo.java:shutdownFollowerState(110)) - 95d2a9a6-1343-48cb-8e55-18ad167fad0e: shutdown 95d2a9a6-1343-48cb-8e55-18ad167fad0e@group-D045DBB7FC30-FollowerState
2022-07-12 23:22:58,616 [95d2a9a6-1343-48cb-8e55-18ad167fad0e@group-D045DBB7FC30-FollowerState] INFO  server.RaftServer$Division (RaftServerImpl.java:setRole(299)) - 95d2a9a6-1343-48cb-8e55-18ad167fad0e@group-D045DBB7FC30: changes role from  FOLLOWER to CANDIDATE at term 3 for changeToCandidate
2022-07-12 23:22:58,616 [95d2a9a6-1343-48cb-8e55-18ad167fad0e@group-D045DBB7FC30-FollowerState] INFO  server.RaftServerConfigKeys (ConfUtils.java:logGet(46)) - raft.server.leaderelection.pre-vote = false (custom)
2022-07-12 23:22:58,616 [95d2a9a6-1343-48cb-8e55-18ad167fad0e@group-D045DBB7FC30-FollowerState] INFO  impl.RoleInfo (RoleInfo.java:updateAndGet(139)) - 95d2a9a6-1343-48cb-8e55-18ad167fad0e: start 95d2a9a6-1343-48cb-8e55-18ad167fad0e@group-D045DBB7FC30-LeaderElection50
2022-07-12 23:22:58,702 [d8f6f594-8e93-48ac-9153-9e8fd018aa2e@group-D045DBB7FC30-FollowerState] INFO  impl.FollowerState (FollowerState.java:run(143)) - d8f6f594-8e93-48ac-9153-9e8fd018aa2e@group-D045DBB7FC30-FollowerState: change to CANDIDATE, lastRpcElapsedTime:5132871442ns, electionTimeout:5107ms
2022-07-12 23:22:58,702 [d8f6f594-8e93-48ac-9153-9e8fd018aa2e@group-D045DBB7FC30-FollowerState] INFO  impl.RoleInfo (RoleInfo.java:shutdownFollowerState(110)) - d8f6f594-8e93-48ac-9153-9e8fd018aa2e: shutdown d8f6f594-8e93-48ac-9153-9e8fd018aa2e@group-D045DBB7FC30-FollowerState
2022-07-12 23:22:58,702 [d8f6f594-8e93-48ac-9153-9e8fd018aa2e@group-D045DBB7FC30-FollowerState] INFO  server.RaftServer$Division (RaftServerImpl.java:setRole(299)) - d8f6f594-8e93-48ac-9153-9e8fd018aa2e@group-D045DBB7FC30: changes role from  FOLLOWER to CANDIDATE at term 3 for changeToCandidate
2022-07-12 23:22:58,703 [d8f6f594-8e93-48ac-9153-9e8fd018aa2e@group-D045DBB7FC30-FollowerState] INFO  server.RaftServerConfigKeys (ConfUtils.java:logGet(46)) - raft.server.leaderelection.pre-vote = false (custom)
2022-07-12 23:22:58,703 [d8f6f594-8e93-48ac-9153-9e8fd018aa2e@group-D045DBB7FC30-FollowerState] INFO  impl.RoleInfo (RoleInfo.java:updateAndGet(139)) - d8f6f594-8e93-48ac-9153-9e8fd018aa2e: start d8f6f594-8e93-48ac-9153-9e8fd018aa2e@group-D045DBB7FC30-LeaderElection51
2022-07-12 23:22:58,720 [95d2a9a6-1343-48cb-8e55-18ad167fad0e@group-D045DBB7FC30-LeaderElection50] INFO  impl.LeaderElection (LeaderElection.java:askForVotes(310)) - 95d2a9a6-1343-48cb-8e55-18ad167fad0e@group-D045DBB7FC30-LeaderElection50 ELECTION round 0: submit vote requests at term 4 for -1: [95d2a9a6-1343-48cb-8e55-18ad167fad0e|rpc:10.1.0.13:37471|dataStream:|priority:1, f86a3de6-fa90-4082-aec2-64cbafe88bfb|rpc:10.1.0.13:41481|dataStream:|priority:0, d8f6f594-8e93-48ac-9153-9e8fd018aa2e|rpc:10.1.0.13:43455|dataStream:|priority:0], old=null
2022-07-12 23:22:58,769 [grpc-default-executor-2] INFO  server.RaftServer$Division (RaftServerImpl.java:requestVote(1152)) - f86a3de6-fa90-4082-aec2-64cbafe88bfb@group-D045DBB7FC30: receive requestVote(ELECTION, 95d2a9a6-1343-48cb-8e55-18ad167fad0e, group-D045DBB7FC30, 4, (t:0, i:0))
2022-07-12 23:22:58,769 [grpc-default-executor-2] INFO  impl.VoteContext (VoteContext.java:log(48)) - f86a3de6-fa90-4082-aec2-64cbafe88bfb@group-D045DBB7FC30-FOLLOWER: accept ELECTION from 95d2a9a6-1343-48cb-8e55-18ad167fad0e: our priority 0 <= candidate's priority 1
2022-07-12 23:22:58,769 [grpc-default-executor-2] INFO  server.RaftServer$Division (RaftServerImpl.java:setRole(299)) - f86a3de6-fa90-4082-aec2-64cbafe88bfb@group-D045DBB7FC30: changes role from  FOLLOWER to FOLLOWER at term 4 for candidate:95d2a9a6-1343-48cb-8e55-18ad167fad0e
2022-07-12 23:22:58,769 [grpc-default-executor-2] INFO  impl.RoleInfo (RoleInfo.java:shutdownFollowerState(110)) - f86a3de6-fa90-4082-aec2-64cbafe88bfb: shutdown f86a3de6-fa90-4082-aec2-64cbafe88bfb@group-D045DBB7FC30-FollowerState
2022-07-12 23:22:58,769 [grpc-default-executor-2] INFO  impl.RoleInfo (RoleInfo.java:updateAndGet(139)) - f86a3de6-fa90-4082-aec2-64cbafe88bfb: start f86a3de6-fa90-4082-aec2-64cbafe88bfb@group-D045DBB7FC30-FollowerState
2022-07-12 23:22:58,770 [f86a3de6-fa90-4082-aec2-64cbafe88bfb@group-D045DBB7FC30-FollowerState] INFO  impl.FollowerState (FollowerState.java:run(152)) - f86a3de6-fa90-4082-aec2-64cbafe88bfb@group-D045DBB7FC30-FollowerState was interrupted
2022-07-12 23:22:58,781 [d8f6f594-8e93-48ac-9153-9e8fd018aa2e@group-D045DBB7FC30-LeaderElection51] INFO  impl.LeaderElection (LeaderElection.java:askForVotes(310)) - d8f6f594-8e93-48ac-9153-9e8fd018aa2e@group-D045DBB7FC30-LeaderElection51 ELECTION round 0: submit vote requests at term 4 for -1: [95d2a9a6-1343-48cb-8e55-18ad167fad0e|rpc:10.1.0.13:37471|dataStream:|priority:1, f86a3de6-fa90-4082-aec2-64cbafe88bfb|rpc:10.1.0.13:41481|dataStream:|priority:0, d8f6f594-8e93-48ac-9153-9e8fd018aa2e|rpc:10.1.0.13:43455|dataStream:|priority:0], old=null
2022-07-12 23:22:58,806 [grpc-default-executor-1] INFO  server.RaftServer$Division (RaftServerImpl.java:requestVote(1152)) - d8f6f594-8e93-48ac-9153-9e8fd018aa2e@group-D045DBB7FC30: receive requestVote(ELECTION, 95d2a9a6-1343-48cb-8e55-18ad167fad0e, group-D045DBB7FC30, 4, (t:0, i:0))
2022-07-12 23:22:58,806 [grpc-default-executor-3] INFO  server.RaftServer$Division (RaftServerImpl.java:requestVote(1152)) - 95d2a9a6-1343-48cb-8e55-18ad167fad0e@group-D045DBB7FC30: receive requestVote(ELECTION, d8f6f594-8e93-48ac-9153-9e8fd018aa2e, group-D045DBB7FC30, 4, (t:0, i:0))
2022-07-12 23:22:58,807 [grpc-default-executor-3] INFO  impl.VoteContext (VoteContext.java:log(48)) - 95d2a9a6-1343-48cb-8e55-18ad167fad0e@group-D045DBB7FC30-CANDIDATE: reject ELECTION from d8f6f594-8e93-48ac-9153-9e8fd018aa2e: already has voted for 95d2a9a6-1343-48cb-8e55-18ad167fad0e at current term 4
2022-07-12 23:22:58,807 [grpc-default-executor-3] INFO  server.RaftServer$Division (RaftServerImpl.java:requestVote(1184)) - 95d2a9a6-1343-48cb-8e55-18ad167fad0e@group-D045DBB7FC30 replies to ELECTION vote request: d8f6f594-8e93-48ac-9153-9e8fd018aa2e<-95d2a9a6-1343-48cb-8e55-18ad167fad0e#0:FAIL-t4. Peer's state: 95d2a9a6-1343-48cb-8e55-18ad167fad0e@group-D045DBB7FC30:t4, leader=null, voted=95d2a9a6-1343-48cb-8e55-18ad167fad0e, raftlog=95d2a9a6-1343-48cb-8e55-18ad167fad0e@group-D045DBB7FC30-SegmentedRaftLog:OPENED:c-1, conf=-1: [95d2a9a6-1343-48cb-8e55-18ad167fad0e|rpc:10.1.0.13:37471|dataStream:|priority:1, f86a3de6-fa90-4082-aec2-64cbafe88bfb|rpc:10.1.0.13:41481|dataStream:|priority:0, d8f6f594-8e93-48ac-9153-9e8fd018aa2e|rpc:10.1.0.13:43455|dataStream:|priority:0], old=null
2022-07-12 23:22:58,807 [grpc-default-executor-1] INFO  impl.VoteContext (VoteContext.java:log(48)) - d8f6f594-8e93-48ac-9153-9e8fd018aa2e@group-D045DBB7FC30-CANDIDATE: reject ELECTION from 95d2a9a6-1343-48cb-8e55-18ad167fad0e: already has voted for d8f6f594-8e93-48ac-9153-9e8fd018aa2e at current term 4
2022-07-12 23:22:58,813 [grpc-default-executor-1] INFO  server.RaftServer$Division (RaftServerImpl.java:requestVote(1184)) - d8f6f594-8e93-48ac-9153-9e8fd018aa2e@group-D045DBB7FC30 replies to ELECTION vote request: 95d2a9a6-1343-48cb-8e55-18ad167fad0e<-d8f6f594-8e93-48ac-9153-9e8fd018aa2e#0:FAIL-t4. Peer's state: d8f6f594-8e93-48ac-9153-9e8fd018aa2e@group-D045DBB7FC30:t4, leader=null, voted=d8f6f594-8e93-48ac-9153-9e8fd018aa2e, raftlog=d8f6f594-8e93-48ac-9153-9e8fd018aa2e@group-D045DBB7FC30-SegmentedRaftLog:OPENED:c-1, conf=-1: [95d2a9a6-1343-48cb-8e55-18ad167fad0e|rpc:10.1.0.13:37471|dataStream:|priority:1, f86a3de6-fa90-4082-aec2-64cbafe88bfb|rpc:10.1.0.13:41481|dataStream:|priority:0, d8f6f594-8e93-48ac-9153-9e8fd018aa2e|rpc:10.1.0.13:43455|dataStream:|priority:0], old=null
2022-07-12 23:22:58,815 [grpc-default-executor-2] INFO  server.RaftServer$Division (RaftServerImpl.java:requestVote(1184)) - f86a3de6-fa90-4082-aec2-64cbafe88bfb@group-D045DBB7FC30 replies to ELECTION vote request: 95d2a9a6-1343-48cb-8e55-18ad167fad0e<-f86a3de6-fa90-4082-aec2-64cbafe88bfb#0:OK-t4. Peer's state: f86a3de6-fa90-4082-aec2-64cbafe88bfb@group-D045DBB7FC30:t4, leader=null, voted=95d2a9a6-1343-48cb-8e55-18ad167fad0e, raftlog=f86a3de6-fa90-4082-aec2-64cbafe88bfb@group-D045DBB7FC30-SegmentedRaftLog:OPENED:c-1, conf=-1: [95d2a9a6-1343-48cb-8e55-18ad167fad0e|rpc:10.1.0.13:37471|priority:1, f86a3de6-fa90-4082-aec2-64cbafe88bfb|rpc:10.1.0.13:41481|priority:0, d8f6f594-8e93-48ac-9153-9e8fd018aa2e|rpc:10.1.0.13:43455|priority:0], old=null
2022-07-12 23:22:58,818 [95d2a9a6-1343-48cb-8e55-18ad167fad0e@group-D045DBB7FC30-LeaderElection50] INFO  impl.LeaderElection (LeaderElection.java:logAndReturn(90)) - 95d2a9a6-1343-48cb-8e55-18ad167fad0e@group-D045DBB7FC30-LeaderElection50: ELECTION PASSED received 2 response(s) and 0 exception(s):
2022-07-12 23:22:58,818 [95d2a9a6-1343-48cb-8e55-18ad167fad0e@group-D045DBB7FC30-LeaderElection50] INFO  impl.LeaderElection (LeaderElection.java:logAndReturn(94)) -   Response 0: 95d2a9a6-1343-48cb-8e55-18ad167fad0e<-f86a3de6-fa90-4082-aec2-64cbafe88bfb#0:OK-t4
2022-07-12 23:22:58,818 [95d2a9a6-1343-48cb-8e55-18ad167fad0e@group-D045DBB7FC30-LeaderElection50] INFO  impl.LeaderElection (LeaderElection.java:logAndReturn(94)) -   Response 1: 95d2a9a6-1343-48cb-8e55-18ad167fad0e<-d8f6f594-8e93-48ac-9153-9e8fd018aa2e#0:FAIL-t4
2022-07-12 23:22:58,818 [95d2a9a6-1343-48cb-8e55-18ad167fad0e@group-D045DBB7FC30-LeaderElection50] INFO  impl.LeaderElection (LeaderElection.java:askForVotes(312)) - 95d2a9a6-1343-48cb-8e55-18ad167fad0e@group-D045DBB7FC30-LeaderElection50 ELECTION round 0: result PASSED
2022-07-12 23:22:58,818 [95d2a9a6-1343-48cb-8e55-18ad167fad0e@group-D045DBB7FC30-LeaderElection50] INFO  impl.RoleInfo (RoleInfo.java:shutdownLeaderElection(130)) - 95d2a9a6-1343-48cb-8e55-18ad167fad0e: shutdown 95d2a9a6-1343-48cb-8e55-18ad167fad0e@group-D045DBB7FC30-LeaderElection50
2022-07-12 23:22:58,818 [95d2a9a6-1343-48cb-8e55-18ad167fad0e@group-D045DBB7FC30-LeaderElection50] INFO  server.RaftServer$Division (RaftServerImpl.java:setRole(299)) - 95d2a9a6-1343-48cb-8e55-18ad167fad0e@group-D045DBB7FC30: changes role from CANDIDATE to LEADER at term 4 for changeToLeader
2022-07-12 23:22:58,818 [95d2a9a6-1343-48cb-8e55-18ad167fad0e@group-D045DBB7FC30-LeaderElection50] INFO  ratis.XceiverServerRatis (XceiverServerRatis.java:handleLeaderChangedNotification(863)) - Leader change notification received for group: group-D045DBB7FC30 with new leaderId: 95d2a9a6-1343-48cb-8e55-18ad167fad0e
2022-07-12 23:22:58,818 [d8f6f594-8e93-48ac-9153-9e8fd018aa2e@group-D045DBB7FC30-LeaderElection51] INFO  impl.LeaderElection (LeaderElection.java:logAndReturn(90)) - d8f6f594-8e93-48ac-9153-9e8fd018aa2e@group-D045DBB7FC30-LeaderElection51: ELECTION REJECTED received 1 response(s) and 0 exception(s):
2022-07-12 23:22:58,818 [95d2a9a6-1343-48cb-8e55-18ad167fad0e@group-D045DBB7FC30-LeaderElection50] INFO  server.RaftServer$Division (ServerState.java:setLeader(287)) - 95d2a9a6-1343-48cb-8e55-18ad167fad0e@group-D045DBB7FC30: change Leader from null to 95d2a9a6-1343-48cb-8e55-18ad167fad0e at term 4 for becomeLeader, leader elected after 20941ms
2022-07-12 23:22:58,819 [95d2a9a6-1343-48cb-8e55-18ad167fad0e@group-D045DBB7FC30-LeaderElection50] INFO  server.RaftServerConfigKeys (ConfUtils.java:logGet(46)) - raft.server.staging.catchup.gap = 1000 (default)
2022-07-12 23:22:58,818 [d8f6f594-8e93-48ac-9153-9e8fd018aa2e@group-D045DBB7FC30-LeaderElection51] INFO  impl.LeaderElection (LeaderElection.java:logAndReturn(94)) -   Response 0: d8f6f594-8e93-48ac-9153-9e8fd018aa2e<-95d2a9a6-1343-48cb-8e55-18ad167fad0e#0:FAIL-t4
2022-07-12 23:22:58,819 [d8f6f594-8e93-48ac-9153-9e8fd018aa2e@group-D045DBB7FC30-LeaderElection51] INFO  impl.LeaderElection (LeaderElection.java:askForVotes(312)) - d8f6f594-8e93-48ac-9153-9e8fd018aa2e@group-D045DBB7FC30-LeaderElection51 ELECTION round 0: result REJECTED
2022-07-12 23:22:58,819 [d8f6f594-8e93-48ac-9153-9e8fd018aa2e@group-D045DBB7FC30-LeaderElection51] INFO  server.RaftServer$Division (RaftServerImpl.java:setRole(299)) - d8f6f594-8e93-48ac-9153-9e8fd018aa2e@group-D045DBB7FC30: changes role from CANDIDATE to FOLLOWER at term 4 for REJECTED
2022-07-12 23:22:58,819 [d8f6f594-8e93-48ac-9153-9e8fd018aa2e@group-D045DBB7FC30-LeaderElection51] INFO  impl.RoleInfo (RoleInfo.java:shutdownLeaderElection(130)) - d8f6f594-8e93-48ac-9153-9e8fd018aa2e: shutdown d8f6f594-8e93-48ac-9153-9e8fd018aa2e@group-D045DBB7FC30-LeaderElection51
2022-07-12 23:22:58,819 [d8f6f594-8e93-48ac-9153-9e8fd018aa2e@group-D045DBB7FC30-LeaderElection51] INFO  impl.RoleInfo (RoleInfo.java:updateAndGet(139)) - d8f6f594-8e93-48ac-9153-9e8fd018aa2e: start d8f6f594-8e93-48ac-9153-9e8fd018aa2e@group-D045DBB7FC30-FollowerState
2022-07-12 23:22:58,819 [95d2a9a6-1343-48cb-8e55-18ad167fad0e@group-D045DBB7FC30-LeaderElection50] INFO  server.RaftServerConfigKeys (ConfUtils.java:logGet(46)) - raft.server.write.element-limit = 1024 (custom)
2022-07-12 23:22:58,819 [95d2a9a6-1343-48cb-8e55-18ad167fad0e@group-D045DBB7FC30-LeaderElection50] INFO  server.RaftServerConfigKeys (ConfUtils.java:logGet(46)) - raft.server.write.byte-limit = 1024 M (=1073741824) (custom)
2022-07-12 23:22:58,820 [95d2a9a6-1343-48cb-8e55-18ad167fad0e@group-D045DBB7FC30-LeaderElection50] INFO  server.RaftServerConfigKeys (ConfUtils.java:logGet(46)) - raft.server.watch.timeout = 180s (custom)
2022-07-12 23:22:58,820 [95d2a9a6-1343-48cb-8e55-18ad167fad0e@group-D045DBB7FC30-LeaderElection50] INFO  server.RaftServerConfigKeys (ConfUtils.java:logGet(46)) - raft.server.watch.timeout.denomination = 1s (default)
2022-07-12 23:22:58,820 [95d2a9a6-1343-48cb-8e55-18ad167fad0e@group-D045DBB7FC30-LeaderElection50] INFO  server.RaftServerConfigKeys (ConfUtils.java:logGet(46)) - raft.server.watch.element-limit = 65536 (default)
2022-07-12 23:22:58,820 [95d2a9a6-1343-48cb-8e55-18ad167fad0e@group-D045DBB7FC30-LeaderElection50] INFO  server.RaftServerConfigKeys (ConfUtils.java:logGet(46)) - raft.server.write.element-limit = 1024 (custom)
2022-07-12 23:22:58,820 [95d2a9a6-1343-48cb-8e55-18ad167fad0e@group-D045DBB7FC30-LeaderElection50] INFO  server.RaftServerConfigKeys (ConfUtils.java:logGet(46)) - raft.server.write.follower.gap.ratio.max = -1.0 (default)
2022-07-12 23:22:58,820 [95d2a9a6-1343-48cb-8e55-18ad167fad0e@group-D045DBB7FC30-LeaderElection50] INFO  server.RaftServerConfigKeys (ConfUtils.java:logGet(46)) - raft.server.log.appender.snapshot.chunk.size.max = 16MB (=16777216) (default)
2022-07-12 23:22:58,820 [95d2a9a6-1343-48cb-8e55-18ad167fad0e@group-D045DBB7FC30-LeaderElection50] INFO  server.RaftServerConfigKeys (ConfUtils.java:logGet(46)) - raft.server.log.appender.buffer.byte-limit = 33554432 (custom)
2022-07-12 23:22:58,820 [95d2a9a6-1343-48cb-8e55-18ad167fad0e@group-D045DBB7FC30-LeaderElection50] INFO  server.RaftServerConfigKeys (ConfUtils.java:logGet(46)) - raft.server.log.appender.buffer.element-limit = 1 (custom)
2022-07-12 23:22:58,821 [EventQueue-PipelineReportForPipelineReportHandler] INFO  pipeline.PipelineManagerImpl (PipelineManagerImpl.java:openPipeline(367)) - Pipeline Pipeline[ Id: 582bac8a-4f73-4262-8996-d045dbb7fc30, Nodes: 95d2a9a6-1343-48cb-8e55-18ad167fad0e{ip: 10.1.0.13, host: fv-az46-473.aox2mo1hufxu3kclv1weif3kjc.bx.internal.cloudapp.net, ports: [REPLICATION=40787, RATIS=37471, RATIS_ADMIN=37471, RATIS_SERVER=37471, STANDALONE=33003], networkLocation: /default-rack, certSerialId: null, persistedOpState: IN_SERVICE, persistedOpStateExpiryEpochSec: 0}d8f6f594-8e93-48ac-9153-9e8fd018aa2e{ip: 10.1.0.13, host: fv-az46-473.aox2mo1hufxu3kclv1weif3kjc.bx.internal.cloudapp.net, ports: [REPLICATION=37875, RATIS=43455, RATIS_ADMIN=43455, RATIS_SERVER=43455, STANDALONE=37173], networkLocation: /default-rack, certSerialId: null, persistedOpState: IN_SERVICE, persistedOpStateExpiryEpochSec: 0}f86a3de6-fa90-4082-aec2-64cbafe88bfb{ip: 10.1.0.13, host: fv-az46-473.aox2mo1hufxu3kclv1weif3kjc.bx.internal.cloudapp.net, ports: [REPLICATION=37571, RATIS=41481, RATIS_ADMIN=41481, RATIS_SERVER=41481, STANDALONE=46819], networkLocation: /default-rack, certSerialId: null, persistedOpState: IN_SERVICE, persistedOpStateExpiryEpochSec: 0}, ReplicationConfig: RATIS/THREE, State:ALLOCATED, leaderId:95d2a9a6-1343-48cb-8e55-18ad167fad0e, CreationTimestamp2022-07-12T23:22:36.043Z[Etc/UTC]] moved to OPEN state
2022-07-12 23:22:58,877 [95d2a9a6-1343-48cb-8e55-18ad167fad0e@group-D045DBB7FC30-LeaderElection50] INFO  grpc.GrpcConfigKeys (ConfUtils.java:logGet(46)) - raft.grpc.server.leader.outstanding.appends.max = 128 (default)
2022-07-12 23:22:58,878 [95d2a9a6-1343-48cb-8e55-18ad167fad0e@group-D045DBB7FC30-LeaderElection50] INFO  server.RaftServerConfigKeys (ConfUtils.java:logGet(46)) - raft.server.rpc.request.timeout = 60s (custom)
2022-07-12 23:22:58,878 [95d2a9a6-1343-48cb-8e55-18ad167fad0e@group-D045DBB7FC30-LeaderElection50] INFO  server.RaftServerConfigKeys (ConfUtils.java:logGet(46)) - raft.server.log.appender.install.snapshot.enabled = false (custom)
2022-07-12 23:22:58,879 [95d2a9a6-1343-48cb-8e55-18ad167fad0e@group-D045DBB7FC30-LeaderElection50] INFO  server.RaftServerConfigKeys (ConfUtils.java:logGet(46)) - raft.server.log.appender.snapshot.chunk.size.max = 16MB (=16777216) (default)
2022-07-12 23:22:58,879 [95d2a9a6-1343-48cb-8e55-18ad167fad0e@group-D045DBB7FC30-LeaderElection50] INFO  server.RaftServerConfigKeys (ConfUtils.java:logGet(46)) - raft.server.log.appender.buffer.byte-limit = 33554432 (custom)
2022-07-12 23:22:58,879 [95d2a9a6-1343-48cb-8e55-18ad167fad0e@group-D045DBB7FC30-LeaderElection50] INFO  server.RaftServerConfigKeys (ConfUtils.java:logGet(46)) - raft.server.log.appender.buffer.element-limit = 1 (custom)
2022-07-12 23:22:58,879 [95d2a9a6-1343-48cb-8e55-18ad167fad0e@group-D045DBB7FC30-LeaderElection50] INFO  grpc.GrpcConfigKeys (ConfUtils.java:logGet(46)) - raft.grpc.server.leader.outstanding.appends.max = 128 (default)
2022-07-12 23:22:58,879 [95d2a9a6-1343-48cb-8e55-18ad167fad0e@group-D045DBB7FC30-LeaderElection50] INFO  server.RaftServerConfigKeys (ConfUtils.java:logGet(46)) - raft.server.rpc.request.timeout = 60s (custom)
2022-07-12 23:22:58,879 [95d2a9a6-1343-48cb-8e55-18ad167fad0e@group-D045DBB7FC30-LeaderElection50] INFO  server.RaftServerConfigKeys (ConfUtils.java:logGet(46)) - raft.server.log.appender.install.snapshot.enabled = false (custom)
2022-07-12 23:22:58,879 [95d2a9a6-1343-48cb-8e55-18ad167fad0e@group-D045DBB7FC30-LeaderElection50] INFO  impl.RoleInfo (RoleInfo.java:updateAndGet(139)) - 95d2a9a6-1343-48cb-8e55-18ad167fad0e: start 95d2a9a6-1343-48cb-8e55-18ad167fad0e@group-D045DBB7FC30-LeaderStateImpl
2022-07-12 23:22:58,879 [95d2a9a6-1343-48cb-8e55-18ad167fad0e@group-D045DBB7FC30-LeaderElection50] INFO  segmented.SegmentedRaftLogWorker (SegmentedRaftLogWorker.java:startLogSegment(425)) - 95d2a9a6-1343-48cb-8e55-18ad167fad0e@group-D045DBB7FC30-SegmentedRaftLogWorker: Starting segment from index:0
2022-07-12 23:22:58,882 [95d2a9a6-1343-48cb-8e55-18ad167fad0e@group-D045DBB7FC30-SegmentedRaftLogWorker] INFO  segmented.SegmentedRaftLogWorker (SegmentedRaftLogWorker.java:execute(629)) - 95d2a9a6-1343-48cb-8e55-18ad167fad0e@group-D045DBB7FC30-SegmentedRaftLogWorker: created new log segment /home/runner/work/ozone/ozone/hadoop-ozone/integration-test/target/test-dir/MiniOzoneClusterImpl-0e22dd8b-fc59-4669-93e2-f1079baade23/datanode-1/data/ratis/582bac8a-4f73-4262-8996-d045dbb7fc30/current/log_inprogress_0
2022-07-12 23:22:58,911 [grpc-default-executor-3] INFO  server.RaftServer$Division (RaftServerImpl.java:requestVote(1152)) - f86a3de6-fa90-4082-aec2-64cbafe88bfb@group-D045DBB7FC30: receive requestVote(ELECTION, d8f6f594-8e93-48ac-9153-9e8fd018aa2e, group-D045DBB7FC30, 4, (t:0, i:0))
2022-07-12 23:22:58,911 [grpc-default-executor-3] INFO  impl.VoteContext (VoteContext.java:log(48)) - f86a3de6-fa90-4082-aec2-64cbafe88bfb@group-D045DBB7FC30-FOLLOWER: reject ELECTION from d8f6f594-8e93-48ac-9153-9e8fd018aa2e: already has voted for 95d2a9a6-1343-48cb-8e55-18ad167fad0e at current term 4
2022-07-12 23:22:58,912 [95d2a9a6-1343-48cb-8e55-18ad167fad0e@group-D045DBB7FC30-LeaderElection50] INFO  server.RaftServer$Division (ServerState.java:setRaftConf(393)) - 95d2a9a6-1343-48cb-8e55-18ad167fad0e@group-D045DBB7FC30: set configuration 0: [95d2a9a6-1343-48cb-8e55-18ad167fad0e|rpc:10.1.0.13:37471|dataStream:|priority:1, f86a3de6-fa90-4082-aec2-64cbafe88bfb|rpc:10.1.0.13:41481|dataStream:|priority:0, d8f6f594-8e93-48ac-9153-9e8fd018aa2e|rpc:10.1.0.13:43455|dataStream:|priority:0], old=null
2022-07-12 23:22:58,912 [grpc-default-executor-3] INFO  server.RaftServer$Division (RaftServerImpl.java:requestVote(1184)) - f86a3de6-fa90-4082-aec2-64cbafe88bfb@group-D045DBB7FC30 replies to ELECTION vote request: d8f6f594-8e93-48ac-9153-9e8fd018aa2e<-f86a3de6-fa90-4082-aec2-64cbafe88bfb#0:FAIL-t4. Peer's state: f86a3de6-fa90-4082-aec2-64cbafe88bfb@group-D045DBB7FC30:t4, leader=null, voted=95d2a9a6-1343-48cb-8e55-18ad167fad0e, raftlog=f86a3de6-fa90-4082-aec2-64cbafe88bfb@group-D045DBB7FC30-SegmentedRaftLog:OPENED:c-1, conf=-1: [95d2a9a6-1343-48cb-8e55-18ad167fad0e|rpc:10.1.0.13:37471|priority:1, f86a3de6-fa90-4082-aec2-64cbafe88bfb|rpc:10.1.0.13:41481|priority:0, d8f6f594-8e93-48ac-9153-9e8fd018aa2e|rpc:10.1.0.13:43455|priority:0], old=null
2022-07-12 23:22:58,943 [f86a3de6-fa90-4082-aec2-64cbafe88bfb-server-thread1] INFO  ratis.XceiverServerRatis (XceiverServerRatis.java:handleLeaderChangedNotification(863)) - Leader change notification received for group: group-D045DBB7FC30 with new leaderId: 95d2a9a6-1343-48cb-8e55-18ad167fad0e
2022-07-12 23:22:58,945 [f86a3de6-fa90-4082-aec2-64cbafe88bfb-server-thread1] INFO  server.RaftServer$Division (ServerState.java:setLeader(287)) - f86a3de6-fa90-4082-aec2-64cbafe88bfb@group-D045DBB7FC30: change Leader from null to 95d2a9a6-1343-48cb-8e55-18ad167fad0e at term 4 for appendEntries, leader elected after 21148ms
2022-07-12 23:22:58,990 [d8f6f594-8e93-48ac-9153-9e8fd018aa2e-server-thread1] INFO  ratis.XceiverServerRatis (XceiverServerRatis.java:handleLeaderChangedNotification(863)) - Leader change notification received for group: group-D045DBB7FC30 with new leaderId: 95d2a9a6-1343-48cb-8e55-18ad167fad0e
2022-07-12 23:22:58,992 [d8f6f594-8e93-48ac-9153-9e8fd018aa2e-server-thread1] INFO  server.RaftServer$Division (ServerState.java:setLeader(287)) - d8f6f594-8e93-48ac-9153-9e8fd018aa2e@group-D045DBB7FC30: change Leader from null to 95d2a9a6-1343-48cb-8e55-18ad167fad0e at term 4 for appendEntries, leader elected after 21043ms
2022-07-12 23:22:59,077 [f86a3de6-fa90-4082-aec2-64cbafe88bfb-server-thread1] INFO  server.RaftServer$Division (ServerState.java:setRaftConf(393)) - f86a3de6-fa90-4082-aec2-64cbafe88bfb@group-D045DBB7FC30: set configuration 0: [95d2a9a6-1343-48cb-8e55-18ad167fad0e|rpc:10.1.0.13:37471|dataStream:|priority:1, f86a3de6-fa90-4082-aec2-64cbafe88bfb|rpc:10.1.0.13:41481|dataStream:|priority:0, d8f6f594-8e93-48ac-9153-9e8fd018aa2e|rpc:10.1.0.13:43455|dataStream:|priority:0], old=null
2022-07-12 23:22:59,077 [d8f6f594-8e93-48ac-9153-9e8fd018aa2e-server-thread2] INFO  server.RaftServer$Division (ServerState.java:setRaftConf(393)) - d8f6f594-8e93-48ac-9153-9e8fd018aa2e@group-D045DBB7FC30: set configuration 0: [95d2a9a6-1343-48cb-8e55-18ad167fad0e|rpc:10.1.0.13:37471|dataStream:|priority:1, f86a3de6-fa90-4082-aec2-64cbafe88bfb|rpc:10.1.0.13:41481|dataStream:|priority:0, d8f6f594-8e93-48ac-9153-9e8fd018aa2e|rpc:10.1.0.13:43455|dataStream:|priority:0], old=null
2022-07-12 23:22:59,078 [f86a3de6-fa90-4082-aec2-64cbafe88bfb-server-thread1] INFO  segmented.SegmentedRaftLogWorker (SegmentedRaftLogWorker.java:startLogSegment(425)) - f86a3de6-fa90-4082-aec2-64cbafe88bfb@group-D045DBB7FC30-SegmentedRaftLogWorker: Starting segment from index:0
2022-07-12 23:22:59,078 [d8f6f594-8e93-48ac-9153-9e8fd018aa2e-server-thread2] INFO  segmented.SegmentedRaftLogWorker (SegmentedRaftLogWorker.java:startLogSegment(425)) - d8f6f594-8e93-48ac-9153-9e8fd018aa2e@group-D045DBB7FC30-SegmentedRaftLogWorker: Starting segment from index:0
2022-07-12 23:22:59,080 [f86a3de6-fa90-4082-aec2-64cbafe88bfb@group-D045DBB7FC30-SegmentedRaftLogWorker] INFO  segmented.SegmentedRaftLogWorker (SegmentedRaftLogWorker.java:execute(629)) - f86a3de6-fa90-4082-aec2-64cbafe88bfb@group-D045DBB7FC30-SegmentedRaftLogWorker: created new log segment /home/runner/work/ozone/ozone/hadoop-ozone/integration-test/target/test-dir/MiniOzoneClusterImpl-0e22dd8b-fc59-4669-93e2-f1079baade23/datanode-0/data/ratis/582bac8a-4f73-4262-8996-d045dbb7fc30/current/log_inprogress_0
2022-07-12 23:22:59,080 [d8f6f594-8e93-48ac-9153-9e8fd018aa2e@group-D045DBB7FC30-SegmentedRaftLogWorker] INFO  segmented.SegmentedRaftLogWorker (SegmentedRaftLogWorker.java:execute(629)) - d8f6f594-8e93-48ac-9153-9e8fd018aa2e@group-D045DBB7FC30-SegmentedRaftLogWorker: created new log segment /home/runner/work/ozone/ozone/hadoop-ozone/integration-test/target/test-dir/MiniOzoneClusterImpl-0e22dd8b-fc59-4669-93e2-f1079baade23/datanode-2/data/ratis/582bac8a-4f73-4262-8996-d045dbb7fc30/current/log_inprogress_0
]]></system-out>
  </testcase>
  <testcase name="testListStatusOnLargeDirectory" classname="TestRootedOzoneFileSystem" time="17.96">
    <system-out><![CDATA[2022-07-12 23:24:22,818 [Time-limited test] INFO  rpc.RpcClient (RpcClient.java:createVolume(466)) - Creating Volume: volume54497, with user43613 as owner and space quota set to -1 bytes, counts quota set to -1
2022-07-12 23:24:22,820 [OM StateMachine ApplyTransaction Thread - 0] INFO  volume.OMVolumeCreateRequest (OMVolumeCreateRequest.java:validateAndUpdateCache(195)) - created volume:volume54497 for user:user43613
2022-07-12 23:24:22,821 [Time-limited test] INFO  rpc.RpcClient (RpcClient.java:createBucket(669)) - Creating Bucket: volume54497/bucket37660, with bucket layout LEGACY, runner as owner, Versioning false, Storage Type set to DISK and Encryption set to false 
2022-07-12 23:24:22,822 [OM StateMachine ApplyTransaction Thread - 0] INFO  bucket.OMBucketCreateRequest (OMBucketCreateRequest.java:validateAndUpdateCache(260)) - created bucket: bucket37660 of layout LEGACY in volume: volume54497
]]></system-out>
  </testcase>
  <testcase name="testListStatusOnLargeDirectory" classname="TestRootedOzoneFileSystem" time="19.554">
    <system-out><![CDATA[2022-07-12 23:25:46,878 [Time-limited test] INFO  rpc.RpcClient (RpcClient.java:createVolume(466)) - Creating Volume: volume35902, with user22404 as owner and space quota set to -1 bytes, counts quota set to -1
2022-07-12 23:25:46,879 [IPC Server handler 18 on default port 46473] INFO  volume.OMVolumeCreateRequest (OMVolumeCreateRequest.java:validateAndUpdateCache(195)) - created volume:volume35902 for user:user22404
2022-07-12 23:25:46,881 [Time-limited test] INFO  rpc.RpcClient (RpcClient.java:createBucket(669)) - Creating Bucket: volume35902/bucket32330, with bucket layout LEGACY, runner as owner, Versioning false, Storage Type set to DISK and Encryption set to false 
2022-07-12 23:25:46,882 [IPC Server handler 0 on default port 46473] INFO  bucket.OMBucketCreateRequest (OMBucketCreateRequest.java:validateAndUpdateCache(260)) - created bucket: bucket32330 of layout LEGACY in volume: volume35902
2022-07-12 23:25:49,147 [11563331-6701-4d30-8001-992896c542e0@group-1457D70A6616-FollowerState] INFO  impl.FollowerState (FollowerState.java:run(143)) - 11563331-6701-4d30-8001-992896c542e0@group-1457D70A6616-FollowerState: change to CANDIDATE, lastRpcElapsedTime:5100758719ns, electionTimeout:5027ms
2022-07-12 23:25:49,147 [11563331-6701-4d30-8001-992896c542e0@group-1457D70A6616-FollowerState] INFO  impl.RoleInfo (RoleInfo.java:shutdownFollowerState(110)) - 11563331-6701-4d30-8001-992896c542e0: shutdown 11563331-6701-4d30-8001-992896c542e0@group-1457D70A6616-FollowerState
2022-07-12 23:25:49,147 [11563331-6701-4d30-8001-992896c542e0@group-1457D70A6616-FollowerState] INFO  server.RaftServer$Division (RaftServerImpl.java:setRole(299)) - 11563331-6701-4d30-8001-992896c542e0@group-1457D70A6616: changes role from  FOLLOWER to CANDIDATE at term 3 for changeToCandidate
2022-07-12 23:25:49,147 [11563331-6701-4d30-8001-992896c542e0@group-1457D70A6616-FollowerState] INFO  server.RaftServerConfigKeys (ConfUtils.java:logGet(46)) - raft.server.leaderelection.pre-vote = false (custom)
2022-07-12 23:25:49,147 [11563331-6701-4d30-8001-992896c542e0@group-1457D70A6616-FollowerState] INFO  impl.RoleInfo (RoleInfo.java:updateAndGet(139)) - 11563331-6701-4d30-8001-992896c542e0: start 11563331-6701-4d30-8001-992896c542e0@group-1457D70A6616-LeaderElection86
2022-07-12 23:25:49,213 [11563331-6701-4d30-8001-992896c542e0@group-1457D70A6616-LeaderElection86] INFO  impl.LeaderElection (LeaderElection.java:askForVotes(310)) - 11563331-6701-4d30-8001-992896c542e0@group-1457D70A6616-LeaderElection86 ELECTION round 0: submit vote requests at term 4 for -1: [a135f15d-6580-477c-8a71-f9528412742f|rpc:10.1.0.13:34569|priority:0, 11563331-6701-4d30-8001-992896c542e0|rpc:10.1.0.13:45985|priority:1, d62677b6-aca1-45f9-8cbf-ef07d3f04380|rpc:10.1.0.13:43415|priority:0], old=null
2022-07-12 23:25:49,228 [a135f15d-6580-477c-8a71-f9528412742f@group-1457D70A6616-FollowerState] INFO  impl.FollowerState (FollowerState.java:run(143)) - a135f15d-6580-477c-8a71-f9528412742f@group-1457D70A6616-FollowerState: change to CANDIDATE, lastRpcElapsedTime:5216009984ns, electionTimeout:5200ms
2022-07-12 23:25:49,228 [a135f15d-6580-477c-8a71-f9528412742f@group-1457D70A6616-FollowerState] INFO  impl.RoleInfo (RoleInfo.java:shutdownFollowerState(110)) - a135f15d-6580-477c-8a71-f9528412742f: shutdown a135f15d-6580-477c-8a71-f9528412742f@group-1457D70A6616-FollowerState
2022-07-12 23:25:49,228 [a135f15d-6580-477c-8a71-f9528412742f@group-1457D70A6616-FollowerState] INFO  server.RaftServer$Division (RaftServerImpl.java:setRole(299)) - a135f15d-6580-477c-8a71-f9528412742f@group-1457D70A6616: changes role from  FOLLOWER to CANDIDATE at term 3 for changeToCandidate
2022-07-12 23:25:49,253 [d62677b6-aca1-45f9-8cbf-ef07d3f04380@group-1457D70A6616-FollowerState] INFO  impl.FollowerState (FollowerState.java:run(143)) - d62677b6-aca1-45f9-8cbf-ef07d3f04380@group-1457D70A6616-FollowerState: change to CANDIDATE, lastRpcElapsedTime:5127522243ns, electionTimeout:5051ms
2022-07-12 23:25:49,253 [d62677b6-aca1-45f9-8cbf-ef07d3f04380@group-1457D70A6616-FollowerState] INFO  impl.RoleInfo (RoleInfo.java:shutdownFollowerState(110)) - d62677b6-aca1-45f9-8cbf-ef07d3f04380: shutdown d62677b6-aca1-45f9-8cbf-ef07d3f04380@group-1457D70A6616-FollowerState
2022-07-12 23:25:49,253 [d62677b6-aca1-45f9-8cbf-ef07d3f04380@group-1457D70A6616-FollowerState] INFO  server.RaftServer$Division (RaftServerImpl.java:setRole(299)) - d62677b6-aca1-45f9-8cbf-ef07d3f04380@group-1457D70A6616: changes role from  FOLLOWER to CANDIDATE at term 3 for changeToCandidate
2022-07-12 23:25:49,278 [d62677b6-aca1-45f9-8cbf-ef07d3f04380@group-1457D70A6616-FollowerState] INFO  server.RaftServerConfigKeys (ConfUtils.java:logGet(46)) - raft.server.leaderelection.pre-vote = false (custom)
2022-07-12 23:25:49,278 [d62677b6-aca1-45f9-8cbf-ef07d3f04380@group-1457D70A6616-FollowerState] INFO  impl.RoleInfo (RoleInfo.java:updateAndGet(139)) - d62677b6-aca1-45f9-8cbf-ef07d3f04380: start d62677b6-aca1-45f9-8cbf-ef07d3f04380@group-1457D70A6616-LeaderElection88
2022-07-12 23:25:49,285 [a135f15d-6580-477c-8a71-f9528412742f@group-1457D70A6616-FollowerState] INFO  server.RaftServerConfigKeys (ConfUtils.java:logGet(46)) - raft.server.leaderelection.pre-vote = false (custom)
2022-07-12 23:25:49,285 [a135f15d-6580-477c-8a71-f9528412742f@group-1457D70A6616-FollowerState] INFO  impl.RoleInfo (RoleInfo.java:updateAndGet(139)) - a135f15d-6580-477c-8a71-f9528412742f: start a135f15d-6580-477c-8a71-f9528412742f@group-1457D70A6616-LeaderElection87
2022-07-12 23:25:49,322 [grpc-default-executor-3] INFO  server.RaftServer$Division (RaftServerImpl.java:requestVote(1152)) - a135f15d-6580-477c-8a71-f9528412742f@group-1457D70A6616: receive requestVote(ELECTION, 11563331-6701-4d30-8001-992896c542e0, group-1457D70A6616, 4, (t:0, i:0))
2022-07-12 23:25:49,322 [grpc-default-executor-3] INFO  impl.VoteContext (VoteContext.java:log(48)) - a135f15d-6580-477c-8a71-f9528412742f@group-1457D70A6616-CANDIDATE: accept ELECTION from 11563331-6701-4d30-8001-992896c542e0: our priority 0 <= candidate's priority 1
2022-07-12 23:25:49,322 [grpc-default-executor-3] INFO  server.RaftServer$Division (RaftServerImpl.java:setRole(299)) - a135f15d-6580-477c-8a71-f9528412742f@group-1457D70A6616: changes role from CANDIDATE to FOLLOWER at term 4 for candidate:11563331-6701-4d30-8001-992896c542e0
2022-07-12 23:25:49,322 [grpc-default-executor-3] INFO  impl.RoleInfo (RoleInfo.java:shutdownLeaderElection(130)) - a135f15d-6580-477c-8a71-f9528412742f: shutdown a135f15d-6580-477c-8a71-f9528412742f@group-1457D70A6616-LeaderElection87
2022-07-12 23:25:49,322 [grpc-default-executor-3] INFO  impl.RoleInfo (RoleInfo.java:updateAndGet(139)) - a135f15d-6580-477c-8a71-f9528412742f: start a135f15d-6580-477c-8a71-f9528412742f@group-1457D70A6616-FollowerState
2022-07-12 23:25:49,323 [grpc-default-executor-1] INFO  server.RaftServer$Division (RaftServerImpl.java:requestVote(1152)) - d62677b6-aca1-45f9-8cbf-ef07d3f04380@group-1457D70A6616: receive requestVote(ELECTION, 11563331-6701-4d30-8001-992896c542e0, group-1457D70A6616, 4, (t:0, i:0))
2022-07-12 23:25:49,328 [grpc-default-executor-3] INFO  server.RaftServer$Division (RaftServerImpl.java:requestVote(1184)) - a135f15d-6580-477c-8a71-f9528412742f@group-1457D70A6616 replies to ELECTION vote request: 11563331-6701-4d30-8001-992896c542e0<-a135f15d-6580-477c-8a71-f9528412742f#0:OK-t4. Peer's state: a135f15d-6580-477c-8a71-f9528412742f@group-1457D70A6616:t4, leader=null, voted=11563331-6701-4d30-8001-992896c542e0, raftlog=a135f15d-6580-477c-8a71-f9528412742f@group-1457D70A6616-SegmentedRaftLog:OPENED:c-1, conf=-1: [a135f15d-6580-477c-8a71-f9528412742f|rpc:10.1.0.13:34569|dataStream:|priority:0, 11563331-6701-4d30-8001-992896c542e0|rpc:10.1.0.13:45985|dataStream:|priority:1, d62677b6-aca1-45f9-8cbf-ef07d3f04380|rpc:10.1.0.13:43415|dataStream:|priority:0], old=null
2022-07-12 23:25:49,330 [11563331-6701-4d30-8001-992896c542e0@group-1457D70A6616-LeaderElection86] INFO  impl.LeaderElection (LeaderElection.java:logAndReturn(90)) - 11563331-6701-4d30-8001-992896c542e0@group-1457D70A6616-LeaderElection86: ELECTION PASSED received 1 response(s) and 0 exception(s):
2022-07-12 23:25:49,330 [11563331-6701-4d30-8001-992896c542e0@group-1457D70A6616-LeaderElection86] INFO  impl.LeaderElection (LeaderElection.java:logAndReturn(94)) -   Response 0: 11563331-6701-4d30-8001-992896c542e0<-a135f15d-6580-477c-8a71-f9528412742f#0:OK-t4
2022-07-12 23:25:49,330 [11563331-6701-4d30-8001-992896c542e0@group-1457D70A6616-LeaderElection86] INFO  impl.LeaderElection (LeaderElection.java:askForVotes(312)) - 11563331-6701-4d30-8001-992896c542e0@group-1457D70A6616-LeaderElection86 ELECTION round 0: result PASSED
2022-07-12 23:25:49,330 [11563331-6701-4d30-8001-992896c542e0@group-1457D70A6616-LeaderElection86] INFO  impl.RoleInfo (RoleInfo.java:shutdownLeaderElection(130)) - 11563331-6701-4d30-8001-992896c542e0: shutdown 11563331-6701-4d30-8001-992896c542e0@group-1457D70A6616-LeaderElection86
2022-07-12 23:25:49,330 [11563331-6701-4d30-8001-992896c542e0@group-1457D70A6616-LeaderElection86] INFO  server.RaftServer$Division (RaftServerImpl.java:setRole(299)) - 11563331-6701-4d30-8001-992896c542e0@group-1457D70A6616: changes role from CANDIDATE to LEADER at term 4 for changeToLeader
2022-07-12 23:25:49,330 [11563331-6701-4d30-8001-992896c542e0@group-1457D70A6616-LeaderElection86] INFO  ratis.XceiverServerRatis (XceiverServerRatis.java:handleLeaderChangedNotification(863)) - Leader change notification received for group: group-1457D70A6616 with new leaderId: 11563331-6701-4d30-8001-992896c542e0
2022-07-12 23:25:49,331 [11563331-6701-4d30-8001-992896c542e0@group-1457D70A6616-LeaderElection86] INFO  server.RaftServer$Division (ServerState.java:setLeader(287)) - 11563331-6701-4d30-8001-992896c542e0@group-1457D70A6616: change Leader from null to 11563331-6701-4d30-8001-992896c542e0 at term 4 for becomeLeader, leader elected after 21272ms
2022-07-12 23:25:49,331 [11563331-6701-4d30-8001-992896c542e0@group-1457D70A6616-LeaderElection86] INFO  server.RaftServerConfigKeys (ConfUtils.java:logGet(46)) - raft.server.staging.catchup.gap = 1000 (default)
2022-07-12 23:25:49,331 [11563331-6701-4d30-8001-992896c542e0@group-1457D70A6616-LeaderElection86] INFO  server.RaftServerConfigKeys (ConfUtils.java:logGet(46)) - raft.server.write.element-limit = 1024 (custom)
2022-07-12 23:25:49,331 [11563331-6701-4d30-8001-992896c542e0@group-1457D70A6616-LeaderElection86] INFO  server.RaftServerConfigKeys (ConfUtils.java:logGet(46)) - raft.server.write.byte-limit = 1024 M (=1073741824) (custom)
2022-07-12 23:25:49,331 [11563331-6701-4d30-8001-992896c542e0@group-1457D70A6616-LeaderElection86] INFO  server.RaftServerConfigKeys (ConfUtils.java:logGet(46)) - raft.server.watch.timeout = 180s (custom)
2022-07-12 23:25:49,331 [11563331-6701-4d30-8001-992896c542e0@group-1457D70A6616-LeaderElection86] INFO  server.RaftServerConfigKeys (ConfUtils.java:logGet(46)) - raft.server.watch.timeout.denomination = 1s (default)
2022-07-12 23:25:49,331 [11563331-6701-4d30-8001-992896c542e0@group-1457D70A6616-LeaderElection86] INFO  server.RaftServerConfigKeys (ConfUtils.java:logGet(46)) - raft.server.watch.element-limit = 65536 (default)
2022-07-12 23:25:49,331 [11563331-6701-4d30-8001-992896c542e0@group-1457D70A6616-LeaderElection86] INFO  server.RaftServerConfigKeys (ConfUtils.java:logGet(46)) - raft.server.write.element-limit = 1024 (custom)
2022-07-12 23:25:49,331 [11563331-6701-4d30-8001-992896c542e0@group-1457D70A6616-LeaderElection86] INFO  server.RaftServerConfigKeys (ConfUtils.java:logGet(46)) - raft.server.write.follower.gap.ratio.max = -1.0 (default)
2022-07-12 23:25:49,332 [11563331-6701-4d30-8001-992896c542e0@group-1457D70A6616-LeaderElection86] INFO  server.RaftServerConfigKeys (ConfUtils.java:logGet(46)) - raft.server.log.appender.snapshot.chunk.size.max = 16MB (=16777216) (default)
2022-07-12 23:25:49,332 [11563331-6701-4d30-8001-992896c542e0@group-1457D70A6616-LeaderElection86] INFO  server.RaftServerConfigKeys (ConfUtils.java:logGet(46)) - raft.server.log.appender.buffer.byte-limit = 33554432 (custom)
2022-07-12 23:25:49,332 [11563331-6701-4d30-8001-992896c542e0@group-1457D70A6616-LeaderElection86] INFO  server.RaftServerConfigKeys (ConfUtils.java:logGet(46)) - raft.server.log.appender.buffer.element-limit = 1 (custom)
2022-07-12 23:25:49,332 [11563331-6701-4d30-8001-992896c542e0@group-1457D70A6616-LeaderElection86] INFO  grpc.GrpcConfigKeys (ConfUtils.java:logGet(46)) - raft.grpc.server.leader.outstanding.appends.max = 128 (default)
2022-07-12 23:25:49,334 [11563331-6701-4d30-8001-992896c542e0@group-1457D70A6616-LeaderElection86] INFO  server.RaftServerConfigKeys (ConfUtils.java:logGet(46)) - raft.server.rpc.request.timeout = 60s (custom)
2022-07-12 23:25:49,334 [11563331-6701-4d30-8001-992896c542e0@group-1457D70A6616-LeaderElection86] INFO  server.RaftServerConfigKeys (ConfUtils.java:logGet(46)) - raft.server.log.appender.install.snapshot.enabled = false (custom)
2022-07-12 23:25:49,335 [11563331-6701-4d30-8001-992896c542e0@group-1457D70A6616-LeaderElection86] INFO  server.RaftServerConfigKeys (ConfUtils.java:logGet(46)) - raft.server.log.appender.snapshot.chunk.size.max = 16MB (=16777216) (default)
2022-07-12 23:25:49,335 [11563331-6701-4d30-8001-992896c542e0@group-1457D70A6616-LeaderElection86] INFO  server.RaftServerConfigKeys (ConfUtils.java:logGet(46)) - raft.server.log.appender.buffer.byte-limit = 33554432 (custom)
2022-07-12 23:25:49,335 [11563331-6701-4d30-8001-992896c542e0@group-1457D70A6616-LeaderElection86] INFO  server.RaftServerConfigKeys (ConfUtils.java:logGet(46)) - raft.server.log.appender.buffer.element-limit = 1 (custom)
2022-07-12 23:25:49,335 [11563331-6701-4d30-8001-992896c542e0@group-1457D70A6616-LeaderElection86] INFO  grpc.GrpcConfigKeys (ConfUtils.java:logGet(46)) - raft.grpc.server.leader.outstanding.appends.max = 128 (default)
2022-07-12 23:25:49,335 [11563331-6701-4d30-8001-992896c542e0@group-1457D70A6616-LeaderElection86] INFO  server.RaftServerConfigKeys (ConfUtils.java:logGet(46)) - raft.server.rpc.request.timeout = 60s (custom)
2022-07-12 23:25:49,335 [11563331-6701-4d30-8001-992896c542e0@group-1457D70A6616-LeaderElection86] INFO  server.RaftServerConfigKeys (ConfUtils.java:logGet(46)) - raft.server.log.appender.install.snapshot.enabled = false (custom)
2022-07-12 23:25:49,335 [11563331-6701-4d30-8001-992896c542e0@group-1457D70A6616-LeaderElection86] INFO  impl.RoleInfo (RoleInfo.java:updateAndGet(139)) - 11563331-6701-4d30-8001-992896c542e0: start 11563331-6701-4d30-8001-992896c542e0@group-1457D70A6616-LeaderStateImpl
2022-07-12 23:25:49,336 [11563331-6701-4d30-8001-992896c542e0@group-1457D70A6616-LeaderElection86] INFO  segmented.SegmentedRaftLogWorker (SegmentedRaftLogWorker.java:startLogSegment(425)) - 11563331-6701-4d30-8001-992896c542e0@group-1457D70A6616-SegmentedRaftLogWorker: Starting segment from index:0
2022-07-12 23:25:49,334 [EventQueue-PipelineReportForPipelineReportHandler] INFO  pipeline.PipelineManagerImpl (PipelineManagerImpl.java:openPipeline(367)) - Pipeline Pipeline[ Id: ea277f44-538e-4cf3-b742-1457d70a6616, Nodes: 11563331-6701-4d30-8001-992896c542e0{ip: 10.1.0.13, host: fv-az46-473.aox2mo1hufxu3kclv1weif3kjc.bx.internal.cloudapp.net, ports: [REPLICATION=45097, RATIS=45985, RATIS_ADMIN=45985, RATIS_SERVER=45985, STANDALONE=42687], networkLocation: /default-rack, certSerialId: null, persistedOpState: IN_SERVICE, persistedOpStateExpiryEpochSec: 0}d62677b6-aca1-45f9-8cbf-ef07d3f04380{ip: 10.1.0.13, host: fv-az46-473.aox2mo1hufxu3kclv1weif3kjc.bx.internal.cloudapp.net, ports: [REPLICATION=42861, RATIS=43415, RATIS_ADMIN=43415, RATIS_SERVER=43415, STANDALONE=37553], networkLocation: /default-rack, certSerialId: null, persistedOpState: IN_SERVICE, persistedOpStateExpiryEpochSec: 0}a135f15d-6580-477c-8a71-f9528412742f{ip: 10.1.0.13, host: fv-az46-473.aox2mo1hufxu3kclv1weif3kjc.bx.internal.cloudapp.net, ports: [REPLICATION=46497, RATIS=34569, RATIS_ADMIN=34569, RATIS_SERVER=34569, STANDALONE=40935], networkLocation: /default-rack, certSerialId: null, persistedOpState: IN_SERVICE, persistedOpStateExpiryEpochSec: 0}, ReplicationConfig: RATIS/THREE, State:ALLOCATED, leaderId:11563331-6701-4d30-8001-992896c542e0, CreationTimestamp2022-07-12T23:25:26.927Z[Etc/UTC]] moved to OPEN state
2022-07-12 23:25:49,346 [11563331-6701-4d30-8001-992896c542e0@group-1457D70A6616-SegmentedRaftLogWorker] INFO  segmented.SegmentedRaftLogWorker (SegmentedRaftLogWorker.java:execute(629)) - 11563331-6701-4d30-8001-992896c542e0@group-1457D70A6616-SegmentedRaftLogWorker: created new log segment /home/runner/work/ozone/ozone/hadoop-ozone/integration-test/target/test-dir/MiniOzoneClusterImpl-9bee4ffb-16ee-4d3a-b6f9-e52fae08084a/datanode-2/data/ratis/ea277f44-538e-4cf3-b742-1457d70a6616/current/log_inprogress_0
2022-07-12 23:25:49,379 [11563331-6701-4d30-8001-992896c542e0@group-1457D70A6616-LeaderElection86] INFO  server.RaftServer$Division (ServerState.java:setRaftConf(393)) - 11563331-6701-4d30-8001-992896c542e0@group-1457D70A6616: set configuration 0: [a135f15d-6580-477c-8a71-f9528412742f|rpc:10.1.0.13:34569|dataStream:|priority:0, 11563331-6701-4d30-8001-992896c542e0|rpc:10.1.0.13:45985|dataStream:|priority:1, d62677b6-aca1-45f9-8cbf-ef07d3f04380|rpc:10.1.0.13:43415|dataStream:|priority:0], old=null
2022-07-12 23:25:49,387 [a135f15d-6580-477c-8a71-f9528412742f@group-1457D70A6616-LeaderElection87] INFO  impl.LeaderElection (LeaderElection.java:run(231)) - a135f15d-6580-477c-8a71-f9528412742f@group-1457D70A6616-LeaderElection87: skip running since this is already CLOSING
2022-07-12 23:25:49,391 [d62677b6-aca1-45f9-8cbf-ef07d3f04380@group-1457D70A6616-LeaderElection88] INFO  impl.LeaderElection (LeaderElection.java:askForVotes(310)) - d62677b6-aca1-45f9-8cbf-ef07d3f04380@group-1457D70A6616-LeaderElection88 ELECTION round 0: submit vote requests at term 4 for -1: [a135f15d-6580-477c-8a71-f9528412742f|rpc:10.1.0.13:34569|priority:0, 11563331-6701-4d30-8001-992896c542e0|rpc:10.1.0.13:45985|priority:1, d62677b6-aca1-45f9-8cbf-ef07d3f04380|rpc:10.1.0.13:43415|priority:0], old=null
2022-07-12 23:25:49,391 [grpc-default-executor-1] INFO  impl.VoteContext (VoteContext.java:log(48)) - d62677b6-aca1-45f9-8cbf-ef07d3f04380@group-1457D70A6616-CANDIDATE: reject ELECTION from 11563331-6701-4d30-8001-992896c542e0: already has voted for d62677b6-aca1-45f9-8cbf-ef07d3f04380 at current term 4
2022-07-12 23:25:49,391 [grpc-default-executor-1] INFO  server.RaftServer$Division (RaftServerImpl.java:requestVote(1184)) - d62677b6-aca1-45f9-8cbf-ef07d3f04380@group-1457D70A6616 replies to ELECTION vote request: 11563331-6701-4d30-8001-992896c542e0<-d62677b6-aca1-45f9-8cbf-ef07d3f04380#0:FAIL-t4. Peer's state: d62677b6-aca1-45f9-8cbf-ef07d3f04380@group-1457D70A6616:t4, leader=null, voted=d62677b6-aca1-45f9-8cbf-ef07d3f04380, raftlog=d62677b6-aca1-45f9-8cbf-ef07d3f04380@group-1457D70A6616-SegmentedRaftLog:OPENED:c-1, conf=-1: [a135f15d-6580-477c-8a71-f9528412742f|rpc:10.1.0.13:34569|priority:0, 11563331-6701-4d30-8001-992896c542e0|rpc:10.1.0.13:45985|priority:1, d62677b6-aca1-45f9-8cbf-ef07d3f04380|rpc:10.1.0.13:43415|priority:0], old=null
2022-07-12 23:25:49,497 [grpc-default-executor-1] INFO  server.RaftServer$Division (RaftServerImpl.java:requestVote(1152)) - a135f15d-6580-477c-8a71-f9528412742f@group-1457D70A6616: receive requestVote(ELECTION, d62677b6-aca1-45f9-8cbf-ef07d3f04380, group-1457D70A6616, 4, (t:0, i:0))
2022-07-12 23:25:49,498 [grpc-default-executor-1] INFO  impl.VoteContext (VoteContext.java:log(48)) - a135f15d-6580-477c-8a71-f9528412742f@group-1457D70A6616-FOLLOWER: reject ELECTION from d62677b6-aca1-45f9-8cbf-ef07d3f04380: already has voted for 11563331-6701-4d30-8001-992896c542e0 at current term 4
2022-07-12 23:25:49,498 [grpc-default-executor-1] INFO  server.RaftServer$Division (RaftServerImpl.java:requestVote(1184)) - a135f15d-6580-477c-8a71-f9528412742f@group-1457D70A6616 replies to ELECTION vote request: d62677b6-aca1-45f9-8cbf-ef07d3f04380<-a135f15d-6580-477c-8a71-f9528412742f#0:FAIL-t4. Peer's state: a135f15d-6580-477c-8a71-f9528412742f@group-1457D70A6616:t4, leader=null, voted=11563331-6701-4d30-8001-992896c542e0, raftlog=a135f15d-6580-477c-8a71-f9528412742f@group-1457D70A6616-SegmentedRaftLog:OPENED:c-1, conf=-1: [a135f15d-6580-477c-8a71-f9528412742f|rpc:10.1.0.13:34569|dataStream:|priority:0, 11563331-6701-4d30-8001-992896c542e0|rpc:10.1.0.13:45985|dataStream:|priority:1, d62677b6-aca1-45f9-8cbf-ef07d3f04380|rpc:10.1.0.13:43415|dataStream:|priority:0], old=null
2022-07-12 23:25:49,498 [grpc-default-executor-2] INFO  server.RaftServer$Division (RaftServerImpl.java:requestVote(1152)) - 11563331-6701-4d30-8001-992896c542e0@group-1457D70A6616: receive requestVote(ELECTION, d62677b6-aca1-45f9-8cbf-ef07d3f04380, group-1457D70A6616, 4, (t:0, i:0))
2022-07-12 23:25:49,498 [grpc-default-executor-2] INFO  impl.VoteContext (VoteContext.java:log(48)) - 11563331-6701-4d30-8001-992896c542e0@group-1457D70A6616-LEADER: reject ELECTION from d62677b6-aca1-45f9-8cbf-ef07d3f04380: already has voted for 11563331-6701-4d30-8001-992896c542e0 at current term 4
2022-07-12 23:25:49,498 [grpc-default-executor-2] INFO  server.RaftServer$Division (RaftServerImpl.java:requestVote(1184)) - 11563331-6701-4d30-8001-992896c542e0@group-1457D70A6616 replies to ELECTION vote request: d62677b6-aca1-45f9-8cbf-ef07d3f04380<-11563331-6701-4d30-8001-992896c542e0#0:FAIL-t4. Peer's state: 11563331-6701-4d30-8001-992896c542e0@group-1457D70A6616:t4, leader=11563331-6701-4d30-8001-992896c542e0, voted=11563331-6701-4d30-8001-992896c542e0, raftlog=11563331-6701-4d30-8001-992896c542e0@group-1457D70A6616-SegmentedRaftLog:OPENED:c0, conf=0: [a135f15d-6580-477c-8a71-f9528412742f|rpc:10.1.0.13:34569|dataStream:|priority:0, 11563331-6701-4d30-8001-992896c542e0|rpc:10.1.0.13:45985|dataStream:|priority:1, d62677b6-aca1-45f9-8cbf-ef07d3f04380|rpc:10.1.0.13:43415|dataStream:|priority:0], old=null
2022-07-12 23:25:49,529 [a135f15d-6580-477c-8a71-f9528412742f-server-thread1] INFO  ratis.XceiverServerRatis (XceiverServerRatis.java:handleLeaderChangedNotification(863)) - Leader change notification received for group: group-1457D70A6616 with new leaderId: 11563331-6701-4d30-8001-992896c542e0
2022-07-12 23:25:49,530 [a135f15d-6580-477c-8a71-f9528412742f-server-thread1] INFO  server.RaftServer$Division (ServerState.java:setLeader(287)) - a135f15d-6580-477c-8a71-f9528412742f@group-1457D70A6616: change Leader from null to 11563331-6701-4d30-8001-992896c542e0 at term 4 for appendEntries, leader elected after 21187ms
2022-07-12 23:25:49,545 [d62677b6-aca1-45f9-8cbf-ef07d3f04380@group-1457D70A6616-LeaderElection88] INFO  impl.LeaderElection (LeaderElection.java:logAndReturn(90)) - d62677b6-aca1-45f9-8cbf-ef07d3f04380@group-1457D70A6616-LeaderElection88: ELECTION REJECTED received 2 response(s) and 0 exception(s):
2022-07-12 23:25:49,545 [d62677b6-aca1-45f9-8cbf-ef07d3f04380@group-1457D70A6616-LeaderElection88] INFO  impl.LeaderElection (LeaderElection.java:logAndReturn(94)) -   Response 0: d62677b6-aca1-45f9-8cbf-ef07d3f04380<-a135f15d-6580-477c-8a71-f9528412742f#0:FAIL-t4
2022-07-12 23:25:49,545 [d62677b6-aca1-45f9-8cbf-ef07d3f04380@group-1457D70A6616-LeaderElection88] INFO  impl.LeaderElection (LeaderElection.java:logAndReturn(94)) -   Response 1: d62677b6-aca1-45f9-8cbf-ef07d3f04380<-11563331-6701-4d30-8001-992896c542e0#0:FAIL-t4
2022-07-12 23:25:49,545 [d62677b6-aca1-45f9-8cbf-ef07d3f04380@group-1457D70A6616-LeaderElection88] INFO  impl.LeaderElection (LeaderElection.java:askForVotes(312)) - d62677b6-aca1-45f9-8cbf-ef07d3f04380@group-1457D70A6616-LeaderElection88 ELECTION round 0: result REJECTED
2022-07-12 23:25:49,545 [d62677b6-aca1-45f9-8cbf-ef07d3f04380@group-1457D70A6616-LeaderElection88] INFO  server.RaftServer$Division (RaftServerImpl.java:setRole(299)) - d62677b6-aca1-45f9-8cbf-ef07d3f04380@group-1457D70A6616: changes role from CANDIDATE to FOLLOWER at term 4 for REJECTED
2022-07-12 23:25:49,545 [d62677b6-aca1-45f9-8cbf-ef07d3f04380@group-1457D70A6616-LeaderElection88] INFO  impl.RoleInfo (RoleInfo.java:shutdownLeaderElection(130)) - d62677b6-aca1-45f9-8cbf-ef07d3f04380: shutdown d62677b6-aca1-45f9-8cbf-ef07d3f04380@group-1457D70A6616-LeaderElection88
2022-07-12 23:25:49,545 [d62677b6-aca1-45f9-8cbf-ef07d3f04380@group-1457D70A6616-LeaderElection88] INFO  impl.RoleInfo (RoleInfo.java:updateAndGet(139)) - d62677b6-aca1-45f9-8cbf-ef07d3f04380: start d62677b6-aca1-45f9-8cbf-ef07d3f04380@group-1457D70A6616-FollowerState
2022-07-12 23:25:49,559 [a135f15d-6580-477c-8a71-f9528412742f-server-thread1] INFO  server.RaftServer$Division (ServerState.java:setRaftConf(393)) - a135f15d-6580-477c-8a71-f9528412742f@group-1457D70A6616: set configuration 0: [a135f15d-6580-477c-8a71-f9528412742f|rpc:10.1.0.13:34569|dataStream:|priority:0, 11563331-6701-4d30-8001-992896c542e0|rpc:10.1.0.13:45985|dataStream:|priority:1, d62677b6-aca1-45f9-8cbf-ef07d3f04380|rpc:10.1.0.13:43415|dataStream:|priority:0], old=null
2022-07-12 23:25:49,560 [a135f15d-6580-477c-8a71-f9528412742f-server-thread1] INFO  segmented.SegmentedRaftLogWorker (SegmentedRaftLogWorker.java:startLogSegment(425)) - a135f15d-6580-477c-8a71-f9528412742f@group-1457D70A6616-SegmentedRaftLogWorker: Starting segment from index:0
2022-07-12 23:25:49,592 [d62677b6-aca1-45f9-8cbf-ef07d3f04380-server-thread1] INFO  ratis.XceiverServerRatis (XceiverServerRatis.java:handleLeaderChangedNotification(863)) - Leader change notification received for group: group-1457D70A6616 with new leaderId: 11563331-6701-4d30-8001-992896c542e0
2022-07-12 23:25:49,593 [d62677b6-aca1-45f9-8cbf-ef07d3f04380-server-thread1] INFO  server.RaftServer$Division (ServerState.java:setLeader(287)) - d62677b6-aca1-45f9-8cbf-ef07d3f04380@group-1457D70A6616: change Leader from null to 11563331-6701-4d30-8001-992896c542e0 at term 4 for appendEntries, leader elected after 21809ms
2022-07-12 23:25:49,658 [a135f15d-6580-477c-8a71-f9528412742f@group-1457D70A6616-SegmentedRaftLogWorker] INFO  segmented.SegmentedRaftLogWorker (SegmentedRaftLogWorker.java:execute(629)) - a135f15d-6580-477c-8a71-f9528412742f@group-1457D70A6616-SegmentedRaftLogWorker: created new log segment /home/runner/work/ozone/ozone/hadoop-ozone/integration-test/target/test-dir/MiniOzoneClusterImpl-9bee4ffb-16ee-4d3a-b6f9-e52fae08084a/datanode-1/data/ratis/ea277f44-538e-4cf3-b742-1457d70a6616/current/log_inprogress_0
2022-07-12 23:25:49,660 [d62677b6-aca1-45f9-8cbf-ef07d3f04380-server-thread1] INFO  server.RaftServer$Division (ServerState.java:setRaftConf(393)) - d62677b6-aca1-45f9-8cbf-ef07d3f04380@group-1457D70A6616: set configuration 0: [a135f15d-6580-477c-8a71-f9528412742f|rpc:10.1.0.13:34569|dataStream:|priority:0, 11563331-6701-4d30-8001-992896c542e0|rpc:10.1.0.13:45985|dataStream:|priority:1, d62677b6-aca1-45f9-8cbf-ef07d3f04380|rpc:10.1.0.13:43415|dataStream:|priority:0], old=null
2022-07-12 23:25:49,660 [d62677b6-aca1-45f9-8cbf-ef07d3f04380-server-thread1] INFO  segmented.SegmentedRaftLogWorker (SegmentedRaftLogWorker.java:startLogSegment(425)) - d62677b6-aca1-45f9-8cbf-ef07d3f04380@group-1457D70A6616-SegmentedRaftLogWorker: Starting segment from index:0
2022-07-12 23:25:49,662 [d62677b6-aca1-45f9-8cbf-ef07d3f04380@group-1457D70A6616-SegmentedRaftLogWorker] INFO  segmented.SegmentedRaftLogWorker (SegmentedRaftLogWorker.java:execute(629)) - d62677b6-aca1-45f9-8cbf-ef07d3f04380@group-1457D70A6616-SegmentedRaftLogWorker: created new log segment /home/runner/work/ozone/ozone/hadoop-ozone/integration-test/target/test-dir/MiniOzoneClusterImpl-9bee4ffb-16ee-4d3a-b6f9-e52fae08084a/datanode-0/data/ratis/ea277f44-538e-4cf3-b742-1457d70a6616/current/log_inprogress_0
]]></system-out>
  </testcase>
  <testcase name="testRenameToDifferentBucket" classname="TestRootedOzoneFileSystem" time="0.065">
    <system-out><![CDATA[2022-07-12 23:20:41,341 [Time-limited test] INFO  rpc.RpcClient (RpcClient.java:createVolume(466)) - Creating Volume: volume31824, with user55861 as owner and space quota set to -1 bytes, counts quota set to -1
2022-07-12 23:20:41,343 [OM StateMachine ApplyTransaction Thread - 0] INFO  volume.OMVolumeCreateRequest (OMVolumeCreateRequest.java:validateAndUpdateCache(195)) - created volume:volume31824 for user:user55861
2022-07-12 23:20:41,345 [Time-limited test] INFO  rpc.RpcClient (RpcClient.java:createBucket(669)) - Creating Bucket: volume31824/bucket27930, with bucket layout LEGACY, runner as owner, Versioning false, Storage Type set to DISK and Encryption set to false 
2022-07-12 23:20:41,346 [OM StateMachine ApplyTransaction Thread - 0] INFO  bucket.OMBucketCreateRequest (OMBucketCreateRequest.java:validateAndUpdateCache(260)) - created bucket: bucket27930 of layout LEGACY in volume: volume31824
]]></system-out>
  </testcase>
  <testcase name="testRenameToDifferentBucket" classname="TestRootedOzoneFileSystem" time="0.122">
    <system-out><![CDATA[2022-07-12 23:21:52,954 [Time-limited test] INFO  rpc.RpcClient (RpcClient.java:createVolume(466)) - Creating Volume: volume69005, with user59648 as owner and space quota set to -1 bytes, counts quota set to -1
2022-07-12 23:21:52,956 [OM StateMachine ApplyTransaction Thread - 0] INFO  volume.OMVolumeCreateRequest (OMVolumeCreateRequest.java:validateAndUpdateCache(195)) - created volume:volume69005 for user:user59648
2022-07-12 23:21:52,963 [Time-limited test] INFO  rpc.RpcClient (RpcClient.java:createBucket(669)) - Creating Bucket: volume69005/bucket52475, with bucket layout LEGACY, runner as owner, Versioning false, Storage Type set to DISK and Encryption set to false 
2022-07-12 23:21:52,965 [OM StateMachine ApplyTransaction Thread - 0] INFO  bucket.OMBucketCreateRequest (OMBucketCreateRequest.java:validateAndUpdateCache(260)) - created bucket: bucket52475 of layout LEGACY in volume: volume69005
]]></system-out>
  </testcase>
  <testcase name="testRenameToDifferentBucket" classname="TestRootedOzoneFileSystem" time="0.177">
    <system-out><![CDATA[2022-07-12 23:23:10,587 [Time-limited test] INFO  rpc.RpcClient (RpcClient.java:createVolume(466)) - Creating Volume: volume10350, with user22682 as owner and space quota set to -1 bytes, counts quota set to -1
2022-07-12 23:23:10,589 [IPC Server handler 1 on default port 43683] INFO  volume.OMVolumeCreateRequest (OMVolumeCreateRequest.java:validateAndUpdateCache(195)) - created volume:volume10350 for user:user22682
2022-07-12 23:23:10,593 [Time-limited test] INFO  rpc.RpcClient (RpcClient.java:createBucket(669)) - Creating Bucket: volume10350/bucket40744, with bucket layout LEGACY, runner as owner, Versioning false, Storage Type set to DISK and Encryption set to false 
2022-07-12 23:23:10,594 [IPC Server handler 5 on default port 43683] INFO  bucket.OMBucketCreateRequest (OMBucketCreateRequest.java:validateAndUpdateCache(260)) - created bucket: bucket40744 of layout LEGACY in volume: volume10350
]]></system-out>
  </testcase>
  <testcase name="testRenameToDifferentBucket" classname="TestRootedOzoneFileSystem" time="0.186">
    <system-out><![CDATA[2022-07-12 23:24:40,744 [Time-limited test] INFO  rpc.RpcClient (RpcClient.java:createVolume(466)) - Creating Volume: volume05673, with user49089 as owner and space quota set to -1 bytes, counts quota set to -1
2022-07-12 23:24:40,745 [OM StateMachine ApplyTransaction Thread - 0] INFO  volume.OMVolumeCreateRequest (OMVolumeCreateRequest.java:validateAndUpdateCache(195)) - created volume:volume05673 for user:user49089
2022-07-12 23:24:40,746 [Time-limited test] INFO  rpc.RpcClient (RpcClient.java:createBucket(669)) - Creating Bucket: volume05673/bucket88914, with bucket layout LEGACY, runner as owner, Versioning false, Storage Type set to DISK and Encryption set to false 
2022-07-12 23:24:40,749 [OM StateMachine ApplyTransaction Thread - 0] INFO  bucket.OMBucketCreateRequest (OMBucketCreateRequest.java:validateAndUpdateCache(260)) - created bucket: bucket88914 of layout LEGACY in volume: volume05673
]]></system-out>
  </testcase>
  <testcase name="testRenameToDifferentBucket" classname="TestRootedOzoneFileSystem" time="0.171">
    <system-out><![CDATA[2022-07-12 23:26:06,490 [Time-limited test] INFO  rpc.RpcClient (RpcClient.java:createVolume(466)) - Creating Volume: volume31372, with user98971 as owner and space quota set to -1 bytes, counts quota set to -1
2022-07-12 23:26:06,491 [IPC Server handler 8 on default port 46473] INFO  volume.OMVolumeCreateRequest (OMVolumeCreateRequest.java:validateAndUpdateCache(195)) - created volume:volume31372 for user:user98971
2022-07-12 23:26:06,492 [Time-limited test] INFO  rpc.RpcClient (RpcClient.java:createBucket(669)) - Creating Bucket: volume31372/bucket28758, with bucket layout LEGACY, runner as owner, Versioning false, Storage Type set to DISK and Encryption set to false 
2022-07-12 23:26:06,492 [IPC Server handler 7 on default port 46473] INFO  bucket.OMBucketCreateRequest (OMBucketCreateRequest.java:validateAndUpdateCache(260)) - created bucket: bucket28758 of layout LEGACY in volume: volume31372
]]></system-out>
  </testcase>
  <testcase name="testBucketDefaultsShouldBeInheritedToFileForEC" classname="TestRootedOzoneFileSystem" time="0.551">
    <system-out><![CDATA[2022-07-12 23:20:41,411 [Time-limited test] INFO  rpc.RpcClient (RpcClient.java:createVolume(466)) - Creating Volume: volume18800, with user96403 as owner and space quota set to -1 bytes, counts quota set to -1
2022-07-12 23:20:41,412 [OM StateMachine ApplyTransaction Thread - 0] INFO  volume.OMVolumeCreateRequest (OMVolumeCreateRequest.java:validateAndUpdateCache(195)) - created volume:volume18800 for user:user96403
2022-07-12 23:20:41,417 [Time-limited test] INFO  rpc.RpcClient (RpcClient.java:createBucket(669)) - Creating Bucket: volume18800/bucket63566, with bucket layout LEGACY, runner as owner, Versioning false, Storage Type set to DISK and Encryption set to false 
2022-07-12 23:20:41,421 [OM StateMachine ApplyTransaction Thread - 0] INFO  bucket.OMBucketCreateRequest (OMBucketCreateRequest.java:validateAndUpdateCache(260)) - created bucket: bucket63566 of layout LEGACY in volume: volume18800
2022-07-12 23:20:41,444 [Time-limited test] INFO  rpc.RpcClient (RpcClient.java:createVolume(466)) - Creating Volume: 72c99e13-a6cd-4d91-b5b5-d79e249bf168, with user17082 as owner and space quota set to -1 bytes, counts quota set to -1
2022-07-12 23:20:41,446 [OM StateMachine ApplyTransaction Thread - 0] INFO  volume.OMVolumeCreateRequest (OMVolumeCreateRequest.java:validateAndUpdateCache(195)) - created volume:72c99e13-a6cd-4d91-b5b5-d79e249bf168 for user:user17082
2022-07-12 23:20:41,447 [Time-limited test] INFO  rpc.RpcClient (RpcClient.java:createBucket(669)) - Creating Bucket: 72c99e13-a6cd-4d91-b5b5-d79e249bf168/ed622ab7-7f67-41c4-9545-e9f668989f82, with bucket layout LEGACY, runner as owner, Versioning false, Storage Type set to DISK and Encryption set to false 
2022-07-12 23:20:41,451 [OM StateMachine ApplyTransaction Thread - 0] INFO  bucket.OMBucketCreateRequest (OMBucketCreateRequest.java:validateAndUpdateCache(260)) - created bucket: ed622ab7-7f67-41c4-9545-e9f668989f82 of layout LEGACY in volume: 72c99e13-a6cd-4d91-b5b5-d79e249bf168
2022-07-12 23:20:41,457 [IPC Server handler 14 on default port 37097] INFO  pipeline.PipelineStateManagerImpl (PipelineStateManagerImpl.java:addPipeline(103)) - Created pipeline Pipeline[ Id: 1a0db34f-80a4-4bf3-bbb4-72d0e8b7cb3f, Nodes: 30c4d38c-7dc2-4c52-bffc-86b7b0a91f0d{ip: 10.1.0.13, host: fv-az46-473.aox2mo1hufxu3kclv1weif3kjc.bx.internal.cloudapp.net, ports: [REPLICATION=44607, RATIS=39527, RATIS_ADMIN=39527, RATIS_SERVER=39527, STANDALONE=41465], networkLocation: /default-rack, certSerialId: null, persistedOpState: null, persistedOpStateExpiryEpochSec: 0}f5ec0973-3ea4-44f3-b934-b5b86c2ad769{ip: 10.1.0.13, host: fv-az46-473.aox2mo1hufxu3kclv1weif3kjc.bx.internal.cloudapp.net, ports: [REPLICATION=33037, RATIS=36411, RATIS_ADMIN=36411, RATIS_SERVER=36411, STANDALONE=45317], networkLocation: /default-rack, certSerialId: null, persistedOpState: null, persistedOpStateExpiryEpochSec: 0}70f31cc1-b868-4362-9ae7-f917c6e45e61{ip: 10.1.0.13, host: fv-az46-473.aox2mo1hufxu3kclv1weif3kjc.bx.internal.cloudapp.net, ports: [REPLICATION=38473, RATIS=35159, RATIS_ADMIN=35159, RATIS_SERVER=35159, STANDALONE=35353], networkLocation: /default-rack, certSerialId: null, persistedOpState: null, persistedOpStateExpiryEpochSec: 0}77a98ace-e102-46e5-a474-eb7ed4f4a4ca{ip: 10.1.0.13, host: fv-az46-473.aox2mo1hufxu3kclv1weif3kjc.bx.internal.cloudapp.net, ports: [REPLICATION=37105, RATIS=44773, RATIS_ADMIN=44773, RATIS_SERVER=44773, STANDALONE=39209], networkLocation: /default-rack, certSerialId: null, persistedOpState: null, persistedOpStateExpiryEpochSec: 0}a67e604a-e717-487e-a7c4-14b775c2eed2{ip: 10.1.0.13, host: fv-az46-473.aox2mo1hufxu3kclv1weif3kjc.bx.internal.cloudapp.net, ports: [REPLICATION=35659, RATIS=39911, RATIS_ADMIN=39911, RATIS_SERVER=39911, STANDALONE=41943], networkLocation: /default-rack, certSerialId: null, persistedOpState: null, persistedOpStateExpiryEpochSec: 0}, ReplicationConfig: EC/ECReplicationConfig{data=3, parity=2, ecChunkSize=1024, codec=rs}, State:ALLOCATED, leaderId:, CreationTimestamp2022-07-12T23:20:41.456Z[Etc/UTC]].
2022-07-12 23:20:41,458 [IPC Server handler 14 on default port 37097] INFO  pipeline.PipelineManagerImpl (PipelineManagerImpl.java:openPipeline(367)) - Pipeline Pipeline[ Id: 1a0db34f-80a4-4bf3-bbb4-72d0e8b7cb3f, Nodes: 30c4d38c-7dc2-4c52-bffc-86b7b0a91f0d{ip: 10.1.0.13, host: fv-az46-473.aox2mo1hufxu3kclv1weif3kjc.bx.internal.cloudapp.net, ports: [REPLICATION=44607, RATIS=39527, RATIS_ADMIN=39527, RATIS_SERVER=39527, STANDALONE=41465], networkLocation: /default-rack, certSerialId: null, persistedOpState: null, persistedOpStateExpiryEpochSec: 0}f5ec0973-3ea4-44f3-b934-b5b86c2ad769{ip: 10.1.0.13, host: fv-az46-473.aox2mo1hufxu3kclv1weif3kjc.bx.internal.cloudapp.net, ports: [REPLICATION=33037, RATIS=36411, RATIS_ADMIN=36411, RATIS_SERVER=36411, STANDALONE=45317], networkLocation: /default-rack, certSerialId: null, persistedOpState: null, persistedOpStateExpiryEpochSec: 0}70f31cc1-b868-4362-9ae7-f917c6e45e61{ip: 10.1.0.13, host: fv-az46-473.aox2mo1hufxu3kclv1weif3kjc.bx.internal.cloudapp.net, ports: [REPLICATION=38473, RATIS=35159, RATIS_ADMIN=35159, RATIS_SERVER=35159, STANDALONE=35353], networkLocation: /default-rack, certSerialId: null, persistedOpState: null, persistedOpStateExpiryEpochSec: 0}77a98ace-e102-46e5-a474-eb7ed4f4a4ca{ip: 10.1.0.13, host: fv-az46-473.aox2mo1hufxu3kclv1weif3kjc.bx.internal.cloudapp.net, ports: [REPLICATION=37105, RATIS=44773, RATIS_ADMIN=44773, RATIS_SERVER=44773, STANDALONE=39209], networkLocation: /default-rack, certSerialId: null, persistedOpState: null, persistedOpStateExpiryEpochSec: 0}a67e604a-e717-487e-a7c4-14b775c2eed2{ip: 10.1.0.13, host: fv-az46-473.aox2mo1hufxu3kclv1weif3kjc.bx.internal.cloudapp.net, ports: [REPLICATION=35659, RATIS=39911, RATIS_ADMIN=39911, RATIS_SERVER=39911, STANDALONE=41943], networkLocation: /default-rack, certSerialId: null, persistedOpState: null, persistedOpStateExpiryEpochSec: 0}, ReplicationConfig: EC/ECReplicationConfig{data=3, parity=2, ecChunkSize=1024, codec=rs}, State:ALLOCATED, leaderId:, CreationTimestamp2022-07-12T23:20:41.456Z[Etc/UTC]] moved to OPEN state
2022-07-12 23:20:41,514 [Time-limited test] WARN  erasurecode.ErasureCodeNative (ErasureCodeNative.java:<clinit>(55)) - ISA-L support is not available in your platform... using builtin-java codec where applicable
2022-07-12 23:20:41,561 [30c4d38c-7dc2-4c52-bffc-86b7b0a91f0d@group-B7888055A6AD-FollowerState] INFO  impl.FollowerState (FollowerState.java:run(143)) - 30c4d38c-7dc2-4c52-bffc-86b7b0a91f0d@group-B7888055A6AD-FollowerState: change to CANDIDATE, lastRpcElapsedTime:5116086747ns, electionTimeout:5109ms
2022-07-12 23:20:41,561 [30c4d38c-7dc2-4c52-bffc-86b7b0a91f0d@group-B7888055A6AD-FollowerState] INFO  impl.RoleInfo (RoleInfo.java:shutdownFollowerState(110)) - 30c4d38c-7dc2-4c52-bffc-86b7b0a91f0d: shutdown 30c4d38c-7dc2-4c52-bffc-86b7b0a91f0d@group-B7888055A6AD-FollowerState
2022-07-12 23:20:41,562 [30c4d38c-7dc2-4c52-bffc-86b7b0a91f0d@group-B7888055A6AD-FollowerState] INFO  server.RaftServer$Division (RaftServerImpl.java:setRole(299)) - 30c4d38c-7dc2-4c52-bffc-86b7b0a91f0d@group-B7888055A6AD: changes role from  FOLLOWER to CANDIDATE at term 4 for changeToCandidate
2022-07-12 23:20:41,562 [30c4d38c-7dc2-4c52-bffc-86b7b0a91f0d@group-B7888055A6AD-FollowerState] INFO  server.RaftServerConfigKeys (ConfUtils.java:logGet(46)) - raft.server.leaderelection.pre-vote = false (custom)
2022-07-12 23:20:41,562 [30c4d38c-7dc2-4c52-bffc-86b7b0a91f0d@group-B7888055A6AD-FollowerState] INFO  impl.RoleInfo (RoleInfo.java:updateAndGet(139)) - 30c4d38c-7dc2-4c52-bffc-86b7b0a91f0d: start 30c4d38c-7dc2-4c52-bffc-86b7b0a91f0d@group-B7888055A6AD-LeaderElection14
2022-07-12 23:20:41,574 [30c4d38c-7dc2-4c52-bffc-86b7b0a91f0d@group-B7888055A6AD-LeaderElection14] INFO  impl.LeaderElection (LeaderElection.java:askForVotes(310)) - 30c4d38c-7dc2-4c52-bffc-86b7b0a91f0d@group-B7888055A6AD-LeaderElection14 ELECTION round 0: submit vote requests at term 5 for -1: [77a98ace-e102-46e5-a474-eb7ed4f4a4ca|rpc:10.1.0.13:44773|dataStream:|priority:1, f5ec0973-3ea4-44f3-b934-b5b86c2ad769|rpc:10.1.0.13:36411|dataStream:|priority:0, 30c4d38c-7dc2-4c52-bffc-86b7b0a91f0d|rpc:10.1.0.13:39527|dataStream:|priority:0], old=null
2022-07-12 23:20:41,590 [grpc-default-executor-1] INFO  server.RaftServer$Division (RaftServerImpl.java:requestVote(1152)) - 77a98ace-e102-46e5-a474-eb7ed4f4a4ca@group-B7888055A6AD: receive requestVote(ELECTION, 30c4d38c-7dc2-4c52-bffc-86b7b0a91f0d, group-B7888055A6AD, 5, (t:0, i:0))
2022-07-12 23:20:41,590 [grpc-default-executor-1] INFO  impl.VoteContext (VoteContext.java:log(48)) - 77a98ace-e102-46e5-a474-eb7ed4f4a4ca@group-B7888055A6AD-FOLLOWER: reject ELECTION from 30c4d38c-7dc2-4c52-bffc-86b7b0a91f0d: our priority 1 > candidate's priority 0
2022-07-12 23:20:41,590 [grpc-default-executor-1] INFO  server.RaftServer$Division (RaftServerImpl.java:setRole(299)) - 77a98ace-e102-46e5-a474-eb7ed4f4a4ca@group-B7888055A6AD: changes role from  FOLLOWER to FOLLOWER at term 5 for candidate:30c4d38c-7dc2-4c52-bffc-86b7b0a91f0d
2022-07-12 23:20:41,590 [grpc-default-executor-1] INFO  impl.RoleInfo (RoleInfo.java:shutdownFollowerState(110)) - 77a98ace-e102-46e5-a474-eb7ed4f4a4ca: shutdown 77a98ace-e102-46e5-a474-eb7ed4f4a4ca@group-B7888055A6AD-FollowerState
2022-07-12 23:20:41,590 [grpc-default-executor-1] INFO  impl.RoleInfo (RoleInfo.java:updateAndGet(139)) - 77a98ace-e102-46e5-a474-eb7ed4f4a4ca: start 77a98ace-e102-46e5-a474-eb7ed4f4a4ca@group-B7888055A6AD-FollowerState
2022-07-12 23:20:41,590 [77a98ace-e102-46e5-a474-eb7ed4f4a4ca@group-B7888055A6AD-FollowerState] INFO  impl.FollowerState (FollowerState.java:run(152)) - 77a98ace-e102-46e5-a474-eb7ed4f4a4ca@group-B7888055A6AD-FollowerState was interrupted
2022-07-12 23:20:41,606 [grpc-default-executor-1] INFO  server.RaftServer$Division (RaftServerImpl.java:requestVote(1184)) - 77a98ace-e102-46e5-a474-eb7ed4f4a4ca@group-B7888055A6AD replies to ELECTION vote request: 30c4d38c-7dc2-4c52-bffc-86b7b0a91f0d<-77a98ace-e102-46e5-a474-eb7ed4f4a4ca#0:FAIL-t5. Peer's state: 77a98ace-e102-46e5-a474-eb7ed4f4a4ca@group-B7888055A6AD:t5, leader=null, voted=null, raftlog=77a98ace-e102-46e5-a474-eb7ed4f4a4ca@group-B7888055A6AD-SegmentedRaftLog:OPENED:c-1, conf=-1: [77a98ace-e102-46e5-a474-eb7ed4f4a4ca|rpc:10.1.0.13:44773|priority:1, f5ec0973-3ea4-44f3-b934-b5b86c2ad769|rpc:10.1.0.13:36411|priority:0, 30c4d38c-7dc2-4c52-bffc-86b7b0a91f0d|rpc:10.1.0.13:39527|priority:0], old=null
2022-07-12 23:20:41,607 [grpc-default-executor-2] INFO  server.RaftServer$Division (RaftServerImpl.java:requestVote(1152)) - f5ec0973-3ea4-44f3-b934-b5b86c2ad769@group-B7888055A6AD: receive requestVote(ELECTION, 30c4d38c-7dc2-4c52-bffc-86b7b0a91f0d, group-B7888055A6AD, 5, (t:0, i:0))
2022-07-12 23:20:41,608 [grpc-default-executor-2] INFO  impl.VoteContext (VoteContext.java:log(48)) - f5ec0973-3ea4-44f3-b934-b5b86c2ad769@group-B7888055A6AD-FOLLOWER: accept ELECTION from 30c4d38c-7dc2-4c52-bffc-86b7b0a91f0d: our priority 0 <= candidate's priority 0
2022-07-12 23:20:41,608 [grpc-default-executor-2] INFO  server.RaftServer$Division (RaftServerImpl.java:setRole(299)) - f5ec0973-3ea4-44f3-b934-b5b86c2ad769@group-B7888055A6AD: changes role from  FOLLOWER to FOLLOWER at term 5 for candidate:30c4d38c-7dc2-4c52-bffc-86b7b0a91f0d
2022-07-12 23:20:41,608 [grpc-default-executor-2] INFO  impl.RoleInfo (RoleInfo.java:shutdownFollowerState(110)) - f5ec0973-3ea4-44f3-b934-b5b86c2ad769: shutdown f5ec0973-3ea4-44f3-b934-b5b86c2ad769@group-B7888055A6AD-FollowerState
2022-07-12 23:20:41,608 [grpc-default-executor-2] INFO  impl.RoleInfo (RoleInfo.java:updateAndGet(139)) - f5ec0973-3ea4-44f3-b934-b5b86c2ad769: start f5ec0973-3ea4-44f3-b934-b5b86c2ad769@group-B7888055A6AD-FollowerState
2022-07-12 23:20:41,608 [f5ec0973-3ea4-44f3-b934-b5b86c2ad769@group-B7888055A6AD-FollowerState] INFO  impl.FollowerState (FollowerState.java:run(152)) - f5ec0973-3ea4-44f3-b934-b5b86c2ad769@group-B7888055A6AD-FollowerState was interrupted
2022-07-12 23:20:41,620 [30c4d38c-7dc2-4c52-bffc-86b7b0a91f0d@group-B7888055A6AD-LeaderElection14] INFO  impl.LeaderElection (LeaderElection.java:logAndReturn(90)) - 30c4d38c-7dc2-4c52-bffc-86b7b0a91f0d@group-B7888055A6AD-LeaderElection14: ELECTION REJECTED received 1 response(s) and 0 exception(s):
2022-07-12 23:20:41,620 [30c4d38c-7dc2-4c52-bffc-86b7b0a91f0d@group-B7888055A6AD-LeaderElection14] INFO  impl.LeaderElection (LeaderElection.java:logAndReturn(94)) -   Response 0: 30c4d38c-7dc2-4c52-bffc-86b7b0a91f0d<-77a98ace-e102-46e5-a474-eb7ed4f4a4ca#0:FAIL-t5
2022-07-12 23:20:41,620 [30c4d38c-7dc2-4c52-bffc-86b7b0a91f0d@group-B7888055A6AD-LeaderElection14] INFO  impl.LeaderElection (LeaderElection.java:askForVotes(312)) - 30c4d38c-7dc2-4c52-bffc-86b7b0a91f0d@group-B7888055A6AD-LeaderElection14 ELECTION round 0: result REJECTED
2022-07-12 23:20:41,620 [30c4d38c-7dc2-4c52-bffc-86b7b0a91f0d@group-B7888055A6AD-LeaderElection14] INFO  server.RaftServer$Division (RaftServerImpl.java:setRole(299)) - 30c4d38c-7dc2-4c52-bffc-86b7b0a91f0d@group-B7888055A6AD: changes role from CANDIDATE to FOLLOWER at term 5 for REJECTED
2022-07-12 23:20:41,620 [30c4d38c-7dc2-4c52-bffc-86b7b0a91f0d@group-B7888055A6AD-LeaderElection14] INFO  impl.RoleInfo (RoleInfo.java:shutdownLeaderElection(130)) - 30c4d38c-7dc2-4c52-bffc-86b7b0a91f0d: shutdown 30c4d38c-7dc2-4c52-bffc-86b7b0a91f0d@group-B7888055A6AD-LeaderElection14
2022-07-12 23:20:41,621 [grpc-default-executor-2] INFO  server.RaftServer$Division (RaftServerImpl.java:requestVote(1184)) - f5ec0973-3ea4-44f3-b934-b5b86c2ad769@group-B7888055A6AD replies to ELECTION vote request: 30c4d38c-7dc2-4c52-bffc-86b7b0a91f0d<-f5ec0973-3ea4-44f3-b934-b5b86c2ad769#0:OK-t5. Peer's state: f5ec0973-3ea4-44f3-b934-b5b86c2ad769@group-B7888055A6AD:t5, leader=null, voted=30c4d38c-7dc2-4c52-bffc-86b7b0a91f0d, raftlog=f5ec0973-3ea4-44f3-b934-b5b86c2ad769@group-B7888055A6AD-SegmentedRaftLog:OPENED:c-1, conf=-1: [77a98ace-e102-46e5-a474-eb7ed4f4a4ca|rpc:10.1.0.13:44773|priority:1, f5ec0973-3ea4-44f3-b934-b5b86c2ad769|rpc:10.1.0.13:36411|priority:0, 30c4d38c-7dc2-4c52-bffc-86b7b0a91f0d|rpc:10.1.0.13:39527|priority:0], old=null
2022-07-12 23:20:41,622 [30c4d38c-7dc2-4c52-bffc-86b7b0a91f0d@group-B7888055A6AD-LeaderElection14] INFO  impl.RoleInfo (RoleInfo.java:updateAndGet(139)) - 30c4d38c-7dc2-4c52-bffc-86b7b0a91f0d: start 30c4d38c-7dc2-4c52-bffc-86b7b0a91f0d@group-B7888055A6AD-FollowerState
]]></system-out>
  </testcase>
  <testcase name="testBucketDefaultsShouldBeInheritedToFileForEC" classname="TestRootedOzoneFileSystem" time="1.063">
    <system-out><![CDATA[2022-07-12 23:21:53,086 [Time-limited test] INFO  rpc.RpcClient (RpcClient.java:createVolume(466)) - Creating Volume: volume91795, with user61406 as owner and space quota set to -1 bytes, counts quota set to -1
2022-07-12 23:21:53,093 [OM StateMachine ApplyTransaction Thread - 0] INFO  volume.OMVolumeCreateRequest (OMVolumeCreateRequest.java:validateAndUpdateCache(195)) - created volume:volume91795 for user:user61406
2022-07-12 23:21:53,094 [Time-limited test] INFO  rpc.RpcClient (RpcClient.java:createBucket(669)) - Creating Bucket: volume91795/bucket78954, with bucket layout LEGACY, runner as owner, Versioning false, Storage Type set to DISK and Encryption set to false 
2022-07-12 23:21:53,095 [OM StateMachine ApplyTransaction Thread - 0] INFO  bucket.OMBucketCreateRequest (OMBucketCreateRequest.java:validateAndUpdateCache(260)) - created bucket: bucket78954 of layout LEGACY in volume: volume91795
2022-07-12 23:21:53,165 [Time-limited test] INFO  rpc.RpcClient (RpcClient.java:createVolume(466)) - Creating Volume: d62c96d6-76ce-4612-94b5-2e5320df88c1, with user43276 as owner and space quota set to -1 bytes, counts quota set to -1
2022-07-12 23:21:53,168 [OM StateMachine ApplyTransaction Thread - 0] INFO  volume.OMVolumeCreateRequest (OMVolumeCreateRequest.java:validateAndUpdateCache(195)) - created volume:d62c96d6-76ce-4612-94b5-2e5320df88c1 for user:user43276
2022-07-12 23:21:53,171 [Time-limited test] INFO  rpc.RpcClient (RpcClient.java:createBucket(669)) - Creating Bucket: d62c96d6-76ce-4612-94b5-2e5320df88c1/96ae60f1-0ee1-4ff3-8c6a-12565913b53a, with bucket layout LEGACY, runner as owner, Versioning false, Storage Type set to DISK and Encryption set to false 
2022-07-12 23:21:53,177 [OM StateMachine ApplyTransaction Thread - 0] INFO  bucket.OMBucketCreateRequest (OMBucketCreateRequest.java:validateAndUpdateCache(260)) - created bucket: 96ae60f1-0ee1-4ff3-8c6a-12565913b53a of layout LEGACY in volume: d62c96d6-76ce-4612-94b5-2e5320df88c1
2022-07-12 23:21:53,198 [IPC Server handler 4 on default port 35947] INFO  pipeline.PipelineStateManagerImpl (PipelineStateManagerImpl.java:addPipeline(103)) - Created pipeline Pipeline[ Id: 2b04f204-7069-40f2-8990-320246ed9a53, Nodes: 3dc18fc5-3e49-4023-b384-bf494200b733{ip: 10.1.0.13, host: fv-az46-473.aox2mo1hufxu3kclv1weif3kjc.bx.internal.cloudapp.net, ports: [REPLICATION=44037, RATIS=38825, RATIS_ADMIN=38825, RATIS_SERVER=38825, STANDALONE=34719], networkLocation: /default-rack, certSerialId: null, persistedOpState: null, persistedOpStateExpiryEpochSec: 0}41187bab-18a7-4c36-af27-173f83643b8d{ip: 10.1.0.13, host: fv-az46-473.aox2mo1hufxu3kclv1weif3kjc.bx.internal.cloudapp.net, ports: [REPLICATION=38467, RATIS=46095, RATIS_ADMIN=46095, RATIS_SERVER=46095, STANDALONE=44505], networkLocation: /default-rack, certSerialId: null, persistedOpState: null, persistedOpStateExpiryEpochSec: 0}e98b1687-6bde-4276-a421-38d9542bb191{ip: 10.1.0.13, host: fv-az46-473.aox2mo1hufxu3kclv1weif3kjc.bx.internal.cloudapp.net, ports: [REPLICATION=36673, RATIS=46699, RATIS_ADMIN=46699, RATIS_SERVER=46699, STANDALONE=39693], networkLocation: /default-rack, certSerialId: null, persistedOpState: null, persistedOpStateExpiryEpochSec: 0}70125d14-2432-4845-91b4-d6c12e89dffb{ip: 10.1.0.13, host: fv-az46-473.aox2mo1hufxu3kclv1weif3kjc.bx.internal.cloudapp.net, ports: [REPLICATION=41855, RATIS=46501, RATIS_ADMIN=46501, RATIS_SERVER=46501, STANDALONE=41037], networkLocation: /default-rack, certSerialId: null, persistedOpState: null, persistedOpStateExpiryEpochSec: 0}b5be010a-4f88-45a2-86a4-37bd0d52b4ef{ip: 10.1.0.13, host: fv-az46-473.aox2mo1hufxu3kclv1weif3kjc.bx.internal.cloudapp.net, ports: [REPLICATION=44903, RATIS=38059, RATIS_ADMIN=38059, RATIS_SERVER=38059, STANDALONE=40541], networkLocation: /default-rack, certSerialId: null, persistedOpState: null, persistedOpStateExpiryEpochSec: 0}, ReplicationConfig: EC/ECReplicationConfig{data=3, parity=2, ecChunkSize=1024, codec=rs}, State:ALLOCATED, leaderId:, CreationTimestamp2022-07-12T23:21:53.192Z[Etc/UTC]].
2022-07-12 23:21:53,199 [IPC Server handler 4 on default port 35947] INFO  pipeline.PipelineManagerImpl (PipelineManagerImpl.java:openPipeline(367)) - Pipeline Pipeline[ Id: 2b04f204-7069-40f2-8990-320246ed9a53, Nodes: 3dc18fc5-3e49-4023-b384-bf494200b733{ip: 10.1.0.13, host: fv-az46-473.aox2mo1hufxu3kclv1weif3kjc.bx.internal.cloudapp.net, ports: [REPLICATION=44037, RATIS=38825, RATIS_ADMIN=38825, RATIS_SERVER=38825, STANDALONE=34719], networkLocation: /default-rack, certSerialId: null, persistedOpState: null, persistedOpStateExpiryEpochSec: 0}41187bab-18a7-4c36-af27-173f83643b8d{ip: 10.1.0.13, host: fv-az46-473.aox2mo1hufxu3kclv1weif3kjc.bx.internal.cloudapp.net, ports: [REPLICATION=38467, RATIS=46095, RATIS_ADMIN=46095, RATIS_SERVER=46095, STANDALONE=44505], networkLocation: /default-rack, certSerialId: null, persistedOpState: null, persistedOpStateExpiryEpochSec: 0}e98b1687-6bde-4276-a421-38d9542bb191{ip: 10.1.0.13, host: fv-az46-473.aox2mo1hufxu3kclv1weif3kjc.bx.internal.cloudapp.net, ports: [REPLICATION=36673, RATIS=46699, RATIS_ADMIN=46699, RATIS_SERVER=46699, STANDALONE=39693], networkLocation: /default-rack, certSerialId: null, persistedOpState: null, persistedOpStateExpiryEpochSec: 0}70125d14-2432-4845-91b4-d6c12e89dffb{ip: 10.1.0.13, host: fv-az46-473.aox2mo1hufxu3kclv1weif3kjc.bx.internal.cloudapp.net, ports: [REPLICATION=41855, RATIS=46501, RATIS_ADMIN=46501, RATIS_SERVER=46501, STANDALONE=41037], networkLocation: /default-rack, certSerialId: null, persistedOpState: null, persistedOpStateExpiryEpochSec: 0}b5be010a-4f88-45a2-86a4-37bd0d52b4ef{ip: 10.1.0.13, host: fv-az46-473.aox2mo1hufxu3kclv1weif3kjc.bx.internal.cloudapp.net, ports: [REPLICATION=44903, RATIS=38059, RATIS_ADMIN=38059, RATIS_SERVER=38059, STANDALONE=40541], networkLocation: /default-rack, certSerialId: null, persistedOpState: null, persistedOpStateExpiryEpochSec: 0}, ReplicationConfig: EC/ECReplicationConfig{data=3, parity=2, ecChunkSize=1024, codec=rs}, State:ALLOCATED, leaderId:, CreationTimestamp2022-07-12T23:21:53.192Z[Etc/UTC]] moved to OPEN state
]]></system-out>
  </testcase>
  <testcase name="testBucketDefaultsShouldBeInheritedToFileForEC" classname="TestRootedOzoneFileSystem" time="1.211">
    <system-out><![CDATA[2022-07-12 23:23:10,805 [Time-limited test] INFO  rpc.RpcClient (RpcClient.java:createVolume(466)) - Creating Volume: volume61511, with user68298 as owner and space quota set to -1 bytes, counts quota set to -1
2022-07-12 23:23:10,806 [IPC Server handler 12 on default port 43683] INFO  volume.OMVolumeCreateRequest (OMVolumeCreateRequest.java:validateAndUpdateCache(195)) - created volume:volume61511 for user:user68298
2022-07-12 23:23:10,807 [Time-limited test] INFO  rpc.RpcClient (RpcClient.java:createBucket(669)) - Creating Bucket: volume61511/bucket51628, with bucket layout LEGACY, runner as owner, Versioning false, Storage Type set to DISK and Encryption set to false 
2022-07-12 23:23:10,807 [IPC Server handler 15 on default port 43683] INFO  bucket.OMBucketCreateRequest (OMBucketCreateRequest.java:validateAndUpdateCache(260)) - created bucket: bucket51628 of layout LEGACY in volume: volume61511
2022-07-12 23:23:10,901 [Time-limited test] INFO  rpc.RpcClient (RpcClient.java:createVolume(466)) - Creating Volume: 7128e998-2d0c-4488-8cce-cf20dcb8a688, with user20590 as owner and space quota set to -1 bytes, counts quota set to -1
2022-07-12 23:23:10,902 [IPC Server handler 18 on default port 43683] INFO  volume.OMVolumeCreateRequest (OMVolumeCreateRequest.java:validateAndUpdateCache(195)) - created volume:7128e998-2d0c-4488-8cce-cf20dcb8a688 for user:user20590
2022-07-12 23:23:10,906 [Time-limited test] INFO  rpc.RpcClient (RpcClient.java:createBucket(669)) - Creating Bucket: 7128e998-2d0c-4488-8cce-cf20dcb8a688/f53b56eb-986a-47ae-92e6-84247f15330d, with bucket layout LEGACY, runner as owner, Versioning false, Storage Type set to DISK and Encryption set to false 
2022-07-12 23:23:10,906 [IPC Server handler 17 on default port 43683] INFO  bucket.OMBucketCreateRequest (OMBucketCreateRequest.java:validateAndUpdateCache(260)) - created bucket: f53b56eb-986a-47ae-92e6-84247f15330d of layout LEGACY in volume: 7128e998-2d0c-4488-8cce-cf20dcb8a688
2022-07-12 23:23:10,957 [IPC Server handler 9 on default port 43067] INFO  pipeline.PipelineStateManagerImpl (PipelineStateManagerImpl.java:addPipeline(103)) - Created pipeline Pipeline[ Id: e51486d2-fda3-4856-b67d-892d6b00b4a9, Nodes: d8f6f594-8e93-48ac-9153-9e8fd018aa2e{ip: 10.1.0.13, host: fv-az46-473.aox2mo1hufxu3kclv1weif3kjc.bx.internal.cloudapp.net, ports: [REPLICATION=37875, RATIS=43455, RATIS_ADMIN=43455, RATIS_SERVER=43455, STANDALONE=37173], networkLocation: /default-rack, certSerialId: null, persistedOpState: null, persistedOpStateExpiryEpochSec: 0}95d2a9a6-1343-48cb-8e55-18ad167fad0e{ip: 10.1.0.13, host: fv-az46-473.aox2mo1hufxu3kclv1weif3kjc.bx.internal.cloudapp.net, ports: [REPLICATION=40787, RATIS=37471, RATIS_ADMIN=37471, RATIS_SERVER=37471, STANDALONE=33003], networkLocation: /default-rack, certSerialId: null, persistedOpState: null, persistedOpStateExpiryEpochSec: 0}f86a3de6-fa90-4082-aec2-64cbafe88bfb{ip: 10.1.0.13, host: fv-az46-473.aox2mo1hufxu3kclv1weif3kjc.bx.internal.cloudapp.net, ports: [REPLICATION=37571, RATIS=41481, RATIS_ADMIN=41481, RATIS_SERVER=41481, STANDALONE=46819], networkLocation: /default-rack, certSerialId: null, persistedOpState: null, persistedOpStateExpiryEpochSec: 0}5f7d0233-0975-4d49-9cf7-de4a2550fad2{ip: 10.1.0.13, host: fv-az46-473.aox2mo1hufxu3kclv1weif3kjc.bx.internal.cloudapp.net, ports: [REPLICATION=40141, RATIS=33327, RATIS_ADMIN=33327, RATIS_SERVER=33327, STANDALONE=35755], networkLocation: /default-rack, certSerialId: null, persistedOpState: null, persistedOpStateExpiryEpochSec: 0}1641e4ae-10df-4947-b580-c1e8e479fb48{ip: 10.1.0.13, host: fv-az46-473.aox2mo1hufxu3kclv1weif3kjc.bx.internal.cloudapp.net, ports: [REPLICATION=42027, RATIS=34841, RATIS_ADMIN=34841, RATIS_SERVER=34841, STANDALONE=41483], networkLocation: /default-rack, certSerialId: null, persistedOpState: null, persistedOpStateExpiryEpochSec: 0}, ReplicationConfig: EC/ECReplicationConfig{data=3, parity=2, ecChunkSize=1024, codec=rs}, State:ALLOCATED, leaderId:, CreationTimestamp2022-07-12T23:23:10.928Z[Etc/UTC]].
2022-07-12 23:23:10,958 [IPC Server handler 9 on default port 43067] INFO  pipeline.PipelineManagerImpl (PipelineManagerImpl.java:openPipeline(367)) - Pipeline Pipeline[ Id: e51486d2-fda3-4856-b67d-892d6b00b4a9, Nodes: d8f6f594-8e93-48ac-9153-9e8fd018aa2e{ip: 10.1.0.13, host: fv-az46-473.aox2mo1hufxu3kclv1weif3kjc.bx.internal.cloudapp.net, ports: [REPLICATION=37875, RATIS=43455, RATIS_ADMIN=43455, RATIS_SERVER=43455, STANDALONE=37173], networkLocation: /default-rack, certSerialId: null, persistedOpState: null, persistedOpStateExpiryEpochSec: 0}95d2a9a6-1343-48cb-8e55-18ad167fad0e{ip: 10.1.0.13, host: fv-az46-473.aox2mo1hufxu3kclv1weif3kjc.bx.internal.cloudapp.net, ports: [REPLICATION=40787, RATIS=37471, RATIS_ADMIN=37471, RATIS_SERVER=37471, STANDALONE=33003], networkLocation: /default-rack, certSerialId: null, persistedOpState: null, persistedOpStateExpiryEpochSec: 0}f86a3de6-fa90-4082-aec2-64cbafe88bfb{ip: 10.1.0.13, host: fv-az46-473.aox2mo1hufxu3kclv1weif3kjc.bx.internal.cloudapp.net, ports: [REPLICATION=37571, RATIS=41481, RATIS_ADMIN=41481, RATIS_SERVER=41481, STANDALONE=46819], networkLocation: /default-rack, certSerialId: null, persistedOpState: null, persistedOpStateExpiryEpochSec: 0}5f7d0233-0975-4d49-9cf7-de4a2550fad2{ip: 10.1.0.13, host: fv-az46-473.aox2mo1hufxu3kclv1weif3kjc.bx.internal.cloudapp.net, ports: [REPLICATION=40141, RATIS=33327, RATIS_ADMIN=33327, RATIS_SERVER=33327, STANDALONE=35755], networkLocation: /default-rack, certSerialId: null, persistedOpState: null, persistedOpStateExpiryEpochSec: 0}1641e4ae-10df-4947-b580-c1e8e479fb48{ip: 10.1.0.13, host: fv-az46-473.aox2mo1hufxu3kclv1weif3kjc.bx.internal.cloudapp.net, ports: [REPLICATION=42027, RATIS=34841, RATIS_ADMIN=34841, RATIS_SERVER=34841, STANDALONE=41483], networkLocation: /default-rack, certSerialId: null, persistedOpState: null, persistedOpStateExpiryEpochSec: 0}, ReplicationConfig: EC/ECReplicationConfig{data=3, parity=2, ecChunkSize=1024, codec=rs}, State:ALLOCATED, leaderId:, CreationTimestamp2022-07-12T23:23:10.928Z[Etc/UTC]] moved to OPEN state
]]></system-out>
  </testcase>
  <testcase name="testBucketDefaultsShouldBeInheritedToFileForEC" classname="TestRootedOzoneFileSystem" time="1.145">
    <system-out><![CDATA[2022-07-12 23:24:40,924 [Time-limited test] INFO  rpc.RpcClient (RpcClient.java:createVolume(466)) - Creating Volume: volume02654, with user47988 as owner and space quota set to -1 bytes, counts quota set to -1
2022-07-12 23:24:40,930 [OM StateMachine ApplyTransaction Thread - 0] INFO  volume.OMVolumeCreateRequest (OMVolumeCreateRequest.java:validateAndUpdateCache(195)) - created volume:volume02654 for user:user47988
2022-07-12 23:24:40,931 [Time-limited test] INFO  rpc.RpcClient (RpcClient.java:createBucket(669)) - Creating Bucket: volume02654/bucket27539, with bucket layout LEGACY, runner as owner, Versioning false, Storage Type set to DISK and Encryption set to false 
2022-07-12 23:24:40,932 [OM StateMachine ApplyTransaction Thread - 0] INFO  bucket.OMBucketCreateRequest (OMBucketCreateRequest.java:validateAndUpdateCache(260)) - created bucket: bucket27539 of layout LEGACY in volume: volume02654
2022-07-12 23:24:40,988 [Time-limited test] INFO  rpc.RpcClient (RpcClient.java:createVolume(466)) - Creating Volume: 870ec2de-1e3c-4053-89e3-9c46b03cea62, with user34705 as owner and space quota set to -1 bytes, counts quota set to -1
2022-07-12 23:24:40,994 [OM StateMachine ApplyTransaction Thread - 0] INFO  volume.OMVolumeCreateRequest (OMVolumeCreateRequest.java:validateAndUpdateCache(195)) - created volume:870ec2de-1e3c-4053-89e3-9c46b03cea62 for user:user34705
2022-07-12 23:24:40,995 [Time-limited test] INFO  rpc.RpcClient (RpcClient.java:createBucket(669)) - Creating Bucket: 870ec2de-1e3c-4053-89e3-9c46b03cea62/0c0c4867-cea2-466b-8a4b-466a9b5fbbda, with bucket layout LEGACY, runner as owner, Versioning false, Storage Type set to DISK and Encryption set to false 
2022-07-12 23:24:40,997 [OM StateMachine ApplyTransaction Thread - 0] INFO  bucket.OMBucketCreateRequest (OMBucketCreateRequest.java:validateAndUpdateCache(260)) - created bucket: 0c0c4867-cea2-466b-8a4b-466a9b5fbbda of layout LEGACY in volume: 870ec2de-1e3c-4053-89e3-9c46b03cea62
2022-07-12 23:24:41,081 [IPC Server handler 1 on default port 41419] INFO  pipeline.PipelineStateManagerImpl (PipelineStateManagerImpl.java:addPipeline(103)) - Created pipeline Pipeline[ Id: ae55f298-314d-4048-8ae0-6da6802e3d34, Nodes: 41b6f92d-8f51-4ddc-a2ca-a30ae8e33d76{ip: 10.1.0.13, host: fv-az46-473.aox2mo1hufxu3kclv1weif3kjc.bx.internal.cloudapp.net, ports: [REPLICATION=45827, RATIS=40749, RATIS_ADMIN=40749, RATIS_SERVER=40749, STANDALONE=42257], networkLocation: /default-rack, certSerialId: null, persistedOpState: null, persistedOpStateExpiryEpochSec: 0}5d23e830-42ed-4d2c-9f35-4c2aa5467d76{ip: 10.1.0.13, host: fv-az46-473.aox2mo1hufxu3kclv1weif3kjc.bx.internal.cloudapp.net, ports: [REPLICATION=34303, RATIS=35411, RATIS_ADMIN=35411, RATIS_SERVER=35411, STANDALONE=39313], networkLocation: /default-rack, certSerialId: null, persistedOpState: null, persistedOpStateExpiryEpochSec: 0}ca090ab3-3872-42a8-bcee-318ad7dbfeb0{ip: 10.1.0.13, host: fv-az46-473.aox2mo1hufxu3kclv1weif3kjc.bx.internal.cloudapp.net, ports: [REPLICATION=36057, RATIS=40055, RATIS_ADMIN=40055, RATIS_SERVER=40055, STANDALONE=37857], networkLocation: /default-rack, certSerialId: null, persistedOpState: null, persistedOpStateExpiryEpochSec: 0}1be6e1bb-e91e-4b89-9749-dd97bfc73499{ip: 10.1.0.13, host: fv-az46-473.aox2mo1hufxu3kclv1weif3kjc.bx.internal.cloudapp.net, ports: [REPLICATION=46769, RATIS=35789, RATIS_ADMIN=35789, RATIS_SERVER=35789, STANDALONE=43833], networkLocation: /default-rack, certSerialId: null, persistedOpState: null, persistedOpStateExpiryEpochSec: 0}3f53d41b-4288-423f-96db-a44acbd7e568{ip: 10.1.0.13, host: fv-az46-473.aox2mo1hufxu3kclv1weif3kjc.bx.internal.cloudapp.net, ports: [REPLICATION=36101, RATIS=36655, RATIS_ADMIN=36655, RATIS_SERVER=36655, STANDALONE=33115], networkLocation: /default-rack, certSerialId: null, persistedOpState: null, persistedOpStateExpiryEpochSec: 0}, ReplicationConfig: EC/ECReplicationConfig{data=3, parity=2, ecChunkSize=1024, codec=rs}, State:ALLOCATED, leaderId:, CreationTimestamp2022-07-12T23:24:41.021Z[Etc/UTC]].
2022-07-12 23:24:41,082 [IPC Server handler 1 on default port 41419] INFO  pipeline.PipelineManagerImpl (PipelineManagerImpl.java:openPipeline(367)) - Pipeline Pipeline[ Id: ae55f298-314d-4048-8ae0-6da6802e3d34, Nodes: 41b6f92d-8f51-4ddc-a2ca-a30ae8e33d76{ip: 10.1.0.13, host: fv-az46-473.aox2mo1hufxu3kclv1weif3kjc.bx.internal.cloudapp.net, ports: [REPLICATION=45827, RATIS=40749, RATIS_ADMIN=40749, RATIS_SERVER=40749, STANDALONE=42257], networkLocation: /default-rack, certSerialId: null, persistedOpState: null, persistedOpStateExpiryEpochSec: 0}5d23e830-42ed-4d2c-9f35-4c2aa5467d76{ip: 10.1.0.13, host: fv-az46-473.aox2mo1hufxu3kclv1weif3kjc.bx.internal.cloudapp.net, ports: [REPLICATION=34303, RATIS=35411, RATIS_ADMIN=35411, RATIS_SERVER=35411, STANDALONE=39313], networkLocation: /default-rack, certSerialId: null, persistedOpState: null, persistedOpStateExpiryEpochSec: 0}ca090ab3-3872-42a8-bcee-318ad7dbfeb0{ip: 10.1.0.13, host: fv-az46-473.aox2mo1hufxu3kclv1weif3kjc.bx.internal.cloudapp.net, ports: [REPLICATION=36057, RATIS=40055, RATIS_ADMIN=40055, RATIS_SERVER=40055, STANDALONE=37857], networkLocation: /default-rack, certSerialId: null, persistedOpState: null, persistedOpStateExpiryEpochSec: 0}1be6e1bb-e91e-4b89-9749-dd97bfc73499{ip: 10.1.0.13, host: fv-az46-473.aox2mo1hufxu3kclv1weif3kjc.bx.internal.cloudapp.net, ports: [REPLICATION=46769, RATIS=35789, RATIS_ADMIN=35789, RATIS_SERVER=35789, STANDALONE=43833], networkLocation: /default-rack, certSerialId: null, persistedOpState: null, persistedOpStateExpiryEpochSec: 0}3f53d41b-4288-423f-96db-a44acbd7e568{ip: 10.1.0.13, host: fv-az46-473.aox2mo1hufxu3kclv1weif3kjc.bx.internal.cloudapp.net, ports: [REPLICATION=36101, RATIS=36655, RATIS_ADMIN=36655, RATIS_SERVER=36655, STANDALONE=33115], networkLocation: /default-rack, certSerialId: null, persistedOpState: null, persistedOpStateExpiryEpochSec: 0}, ReplicationConfig: EC/ECReplicationConfig{data=3, parity=2, ecChunkSize=1024, codec=rs}, State:ALLOCATED, leaderId:, CreationTimestamp2022-07-12T23:24:41.021Z[Etc/UTC]] moved to OPEN state
]]></system-out>
  </testcase>
  <testcase name="testBucketDefaultsShouldBeInheritedToFileForEC" classname="TestRootedOzoneFileSystem" time="1.087">
    <system-out><![CDATA[2022-07-12 23:26:06,583 [Time-limited test] INFO  rpc.RpcClient (RpcClient.java:createVolume(466)) - Creating Volume: volume12530, with user14946 as owner and space quota set to -1 bytes, counts quota set to -1
2022-07-12 23:26:06,584 [IPC Server handler 18 on default port 46473] INFO  volume.OMVolumeCreateRequest (OMVolumeCreateRequest.java:validateAndUpdateCache(195)) - created volume:volume12530 for user:user14946
2022-07-12 23:26:06,603 [Time-limited test] INFO  rpc.RpcClient (RpcClient.java:createBucket(669)) - Creating Bucket: volume12530/bucket33335, with bucket layout LEGACY, runner as owner, Versioning false, Storage Type set to DISK and Encryption set to false 
2022-07-12 23:26:06,603 [IPC Server handler 0 on default port 46473] INFO  bucket.OMBucketCreateRequest (OMBucketCreateRequest.java:validateAndUpdateCache(260)) - created bucket: bucket33335 of layout LEGACY in volume: volume12530
2022-07-12 23:26:06,645 [Time-limited test] INFO  rpc.RpcClient (RpcClient.java:createVolume(466)) - Creating Volume: d373fc58-468a-4a8c-bdee-5d4010fc7a3f, with user13616 as owner and space quota set to -1 bytes, counts quota set to -1
2022-07-12 23:26:06,646 [IPC Server handler 12 on default port 46473] INFO  volume.OMVolumeCreateRequest (OMVolumeCreateRequest.java:validateAndUpdateCache(195)) - created volume:d373fc58-468a-4a8c-bdee-5d4010fc7a3f for user:user13616
2022-07-12 23:26:06,649 [Time-limited test] INFO  rpc.RpcClient (RpcClient.java:createBucket(669)) - Creating Bucket: d373fc58-468a-4a8c-bdee-5d4010fc7a3f/92091e5a-2be3-43b5-b522-39ae9d19f138, with bucket layout LEGACY, runner as owner, Versioning false, Storage Type set to DISK and Encryption set to false 
2022-07-12 23:26:06,650 [IPC Server handler 10 on default port 46473] INFO  bucket.OMBucketCreateRequest (OMBucketCreateRequest.java:validateAndUpdateCache(260)) - created bucket: 92091e5a-2be3-43b5-b522-39ae9d19f138 of layout LEGACY in volume: d373fc58-468a-4a8c-bdee-5d4010fc7a3f
2022-07-12 23:26:06,664 [IPC Server handler 17 on default port 36251] INFO  pipeline.PipelineStateManagerImpl (PipelineStateManagerImpl.java:addPipeline(103)) - Created pipeline Pipeline[ Id: 07c5a7ad-ae33-4142-9c5c-dc79b724c368, Nodes: d62677b6-aca1-45f9-8cbf-ef07d3f04380{ip: 10.1.0.13, host: fv-az46-473.aox2mo1hufxu3kclv1weif3kjc.bx.internal.cloudapp.net, ports: [REPLICATION=42861, RATIS=43415, RATIS_ADMIN=43415, RATIS_SERVER=43415, STANDALONE=37553], networkLocation: /default-rack, certSerialId: null, persistedOpState: null, persistedOpStateExpiryEpochSec: 0}11563331-6701-4d30-8001-992896c542e0{ip: 10.1.0.13, host: fv-az46-473.aox2mo1hufxu3kclv1weif3kjc.bx.internal.cloudapp.net, ports: [REPLICATION=45097, RATIS=45985, RATIS_ADMIN=45985, RATIS_SERVER=45985, STANDALONE=42687], networkLocation: /default-rack, certSerialId: null, persistedOpState: null, persistedOpStateExpiryEpochSec: 0}b6995a44-4e23-4c6f-99f5-2545e88719ae{ip: 10.1.0.13, host: fv-az46-473.aox2mo1hufxu3kclv1weif3kjc.bx.internal.cloudapp.net, ports: [REPLICATION=40291, RATIS=39997, RATIS_ADMIN=39997, RATIS_SERVER=39997, STANDALONE=43741], networkLocation: /default-rack, certSerialId: null, persistedOpState: null, persistedOpStateExpiryEpochSec: 0}a135f15d-6580-477c-8a71-f9528412742f{ip: 10.1.0.13, host: fv-az46-473.aox2mo1hufxu3kclv1weif3kjc.bx.internal.cloudapp.net, ports: [REPLICATION=46497, RATIS=34569, RATIS_ADMIN=34569, RATIS_SERVER=34569, STANDALONE=40935], networkLocation: /default-rack, certSerialId: null, persistedOpState: null, persistedOpStateExpiryEpochSec: 0}8960f961-c44a-41ec-8336-420a965cc97a{ip: 10.1.0.13, host: fv-az46-473.aox2mo1hufxu3kclv1weif3kjc.bx.internal.cloudapp.net, ports: [REPLICATION=45863, RATIS=36833, RATIS_ADMIN=36833, RATIS_SERVER=36833, STANDALONE=38085], networkLocation: /default-rack, certSerialId: null, persistedOpState: null, persistedOpStateExpiryEpochSec: 0}, ReplicationConfig: EC/ECReplicationConfig{data=3, parity=2, ecChunkSize=1024, codec=rs}, State:ALLOCATED, leaderId:, CreationTimestamp2022-07-12T23:26:06.662Z[Etc/UTC]].
2022-07-12 23:26:06,664 [IPC Server handler 17 on default port 36251] INFO  pipeline.PipelineManagerImpl (PipelineManagerImpl.java:openPipeline(367)) - Pipeline Pipeline[ Id: 07c5a7ad-ae33-4142-9c5c-dc79b724c368, Nodes: d62677b6-aca1-45f9-8cbf-ef07d3f04380{ip: 10.1.0.13, host: fv-az46-473.aox2mo1hufxu3kclv1weif3kjc.bx.internal.cloudapp.net, ports: [REPLICATION=42861, RATIS=43415, RATIS_ADMIN=43415, RATIS_SERVER=43415, STANDALONE=37553], networkLocation: /default-rack, certSerialId: null, persistedOpState: null, persistedOpStateExpiryEpochSec: 0}11563331-6701-4d30-8001-992896c542e0{ip: 10.1.0.13, host: fv-az46-473.aox2mo1hufxu3kclv1weif3kjc.bx.internal.cloudapp.net, ports: [REPLICATION=45097, RATIS=45985, RATIS_ADMIN=45985, RATIS_SERVER=45985, STANDALONE=42687], networkLocation: /default-rack, certSerialId: null, persistedOpState: null, persistedOpStateExpiryEpochSec: 0}b6995a44-4e23-4c6f-99f5-2545e88719ae{ip: 10.1.0.13, host: fv-az46-473.aox2mo1hufxu3kclv1weif3kjc.bx.internal.cloudapp.net, ports: [REPLICATION=40291, RATIS=39997, RATIS_ADMIN=39997, RATIS_SERVER=39997, STANDALONE=43741], networkLocation: /default-rack, certSerialId: null, persistedOpState: null, persistedOpStateExpiryEpochSec: 0}a135f15d-6580-477c-8a71-f9528412742f{ip: 10.1.0.13, host: fv-az46-473.aox2mo1hufxu3kclv1weif3kjc.bx.internal.cloudapp.net, ports: [REPLICATION=46497, RATIS=34569, RATIS_ADMIN=34569, RATIS_SERVER=34569, STANDALONE=40935], networkLocation: /default-rack, certSerialId: null, persistedOpState: null, persistedOpStateExpiryEpochSec: 0}8960f961-c44a-41ec-8336-420a965cc97a{ip: 10.1.0.13, host: fv-az46-473.aox2mo1hufxu3kclv1weif3kjc.bx.internal.cloudapp.net, ports: [REPLICATION=45863, RATIS=36833, RATIS_ADMIN=36833, RATIS_SERVER=36833, STANDALONE=38085], networkLocation: /default-rack, certSerialId: null, persistedOpState: null, persistedOpStateExpiryEpochSec: 0}, ReplicationConfig: EC/ECReplicationConfig{data=3, parity=2, ecChunkSize=1024, codec=rs}, State:ALLOCATED, leaderId:, CreationTimestamp2022-07-12T23:26:06.662Z[Etc/UTC]] moved to OPEN state
]]></system-out>
  </testcase>
  <testcase name="testListStatusInBucket" classname="TestRootedOzoneFileSystem" time="0.046">
    <system-out><![CDATA[2022-07-12 23:20:41,939 [Time-limited test] INFO  rpc.RpcClient (RpcClient.java:createVolume(466)) - Creating Volume: volume82668, with user19671 as owner and space quota set to -1 bytes, counts quota set to -1
2022-07-12 23:20:41,941 [OM StateMachine ApplyTransaction Thread - 0] INFO  volume.OMVolumeCreateRequest (OMVolumeCreateRequest.java:validateAndUpdateCache(195)) - created volume:volume82668 for user:user19671
2022-07-12 23:20:41,942 [Time-limited test] INFO  rpc.RpcClient (RpcClient.java:createBucket(669)) - Creating Bucket: volume82668/bucket72494, with bucket layout LEGACY, runner as owner, Versioning false, Storage Type set to DISK and Encryption set to false 
2022-07-12 23:20:41,943 [OM StateMachine ApplyTransaction Thread - 0] INFO  bucket.OMBucketCreateRequest (OMBucketCreateRequest.java:validateAndUpdateCache(260)) - created bucket: bucket72494 of layout LEGACY in volume: volume82668
]]></system-out>
  </testcase>
  <testcase name="testListStatusInBucket" classname="TestRootedOzoneFileSystem" time="0.053">
    <system-out><![CDATA[2022-07-12 23:21:54,073 [Time-limited test] INFO  rpc.RpcClient (RpcClient.java:createVolume(466)) - Creating Volume: volume34386, with user61226 as owner and space quota set to -1 bytes, counts quota set to -1
2022-07-12 23:21:54,075 [OM StateMachine ApplyTransaction Thread - 0] INFO  volume.OMVolumeCreateRequest (OMVolumeCreateRequest.java:validateAndUpdateCache(195)) - created volume:volume34386 for user:user61226
2022-07-12 23:21:54,081 [Time-limited test] INFO  rpc.RpcClient (RpcClient.java:createBucket(669)) - Creating Bucket: volume34386/bucket60325, with bucket layout LEGACY, runner as owner, Versioning false, Storage Type set to DISK and Encryption set to false 
2022-07-12 23:21:54,082 [OM StateMachine ApplyTransaction Thread - 0] INFO  bucket.OMBucketCreateRequest (OMBucketCreateRequest.java:validateAndUpdateCache(260)) - created bucket: bucket60325 of layout LEGACY in volume: volume34386
]]></system-out>
  </testcase>
  <testcase name="testListStatusInBucket" classname="TestRootedOzoneFileSystem" time="0.212">
    <system-out><![CDATA[2022-07-12 23:23:12,040 [Time-limited test] INFO  rpc.RpcClient (RpcClient.java:createVolume(466)) - Creating Volume: volume56071, with user32141 as owner and space quota set to -1 bytes, counts quota set to -1
2022-07-12 23:23:12,045 [IPC Server handler 18 on default port 43683] INFO  volume.OMVolumeCreateRequest (OMVolumeCreateRequest.java:validateAndUpdateCache(195)) - created volume:volume56071 for user:user32141
2022-07-12 23:23:12,045 [Time-limited test] INFO  rpc.RpcClient (RpcClient.java:createBucket(669)) - Creating Bucket: volume56071/bucket91212, with bucket layout LEGACY, runner as owner, Versioning false, Storage Type set to DISK and Encryption set to false 
2022-07-12 23:23:12,046 [IPC Server handler 17 on default port 43683] INFO  bucket.OMBucketCreateRequest (OMBucketCreateRequest.java:validateAndUpdateCache(260)) - created bucket: bucket91212 of layout LEGACY in volume: volume56071
]]></system-out>
  </testcase>
  <testcase name="testListStatusInBucket" classname="TestRootedOzoneFileSystem" time="0.189">
    <system-out><![CDATA[2022-07-12 23:24:42,083 [Time-limited test] INFO  rpc.RpcClient (RpcClient.java:createVolume(466)) - Creating Volume: volume29628, with user19002 as owner and space quota set to -1 bytes, counts quota set to -1
2022-07-12 23:24:42,093 [OM StateMachine ApplyTransaction Thread - 0] INFO  volume.OMVolumeCreateRequest (OMVolumeCreateRequest.java:validateAndUpdateCache(195)) - created volume:volume29628 for user:user19002
2022-07-12 23:24:42,099 [Time-limited test] INFO  rpc.RpcClient (RpcClient.java:createBucket(669)) - Creating Bucket: volume29628/bucket35087, with bucket layout LEGACY, runner as owner, Versioning false, Storage Type set to DISK and Encryption set to false 
2022-07-12 23:24:42,100 [OM StateMachine ApplyTransaction Thread - 0] INFO  bucket.OMBucketCreateRequest (OMBucketCreateRequest.java:validateAndUpdateCache(260)) - created bucket: bucket35087 of layout LEGACY in volume: volume29628
]]></system-out>
  </testcase>
  <testcase name="testListStatusInBucket" classname="TestRootedOzoneFileSystem" time="0.139">
    <system-out><![CDATA[2022-07-12 23:26:07,697 [Time-limited test] INFO  rpc.RpcClient (RpcClient.java:createVolume(466)) - Creating Volume: volume36420, with user41204 as owner and space quota set to -1 bytes, counts quota set to -1
2022-07-12 23:26:07,697 [IPC Server handler 0 on default port 46473] INFO  volume.OMVolumeCreateRequest (OMVolumeCreateRequest.java:validateAndUpdateCache(195)) - created volume:volume36420 for user:user41204
2022-07-12 23:26:07,702 [Time-limited test] INFO  rpc.RpcClient (RpcClient.java:createBucket(669)) - Creating Bucket: volume36420/bucket26881, with bucket layout LEGACY, runner as owner, Versioning false, Storage Type set to DISK and Encryption set to false 
2022-07-12 23:26:07,703 [IPC Server handler 14 on default port 46473] INFO  bucket.OMBucketCreateRequest (OMBucketCreateRequest.java:validateAndUpdateCache(260)) - created bucket: bucket26881 of layout LEGACY in volume: volume36420
]]></system-out>
  </testcase>
  <testcase name="testRenameFileToDir" classname="TestRootedOzoneFileSystem" time="0.062">
    <system-out><![CDATA[2022-07-12 23:20:41,995 [Time-limited test] INFO  rpc.RpcClient (RpcClient.java:createVolume(466)) - Creating Volume: volume67551, with user94913 as owner and space quota set to -1 bytes, counts quota set to -1
2022-07-12 23:20:41,996 [OM StateMachine ApplyTransaction Thread - 0] INFO  volume.OMVolumeCreateRequest (OMVolumeCreateRequest.java:validateAndUpdateCache(195)) - created volume:volume67551 for user:user94913
2022-07-12 23:20:41,997 [Time-limited test] INFO  rpc.RpcClient (RpcClient.java:createBucket(669)) - Creating Bucket: volume67551/bucket99862, with bucket layout LEGACY, runner as owner, Versioning false, Storage Type set to DISK and Encryption set to false 
2022-07-12 23:20:41,998 [OM StateMachine ApplyTransaction Thread - 0] INFO  bucket.OMBucketCreateRequest (OMBucketCreateRequest.java:validateAndUpdateCache(260)) - created bucket: bucket99862 of layout LEGACY in volume: volume67551
23:20:42.014 [IPC Server handler 17 on default port 35283] ERROR OMAudit - user=runner | ip=127.0.0.1 | op=LIST_STATUS {volume=volume67551, bucket=bucket99862, key=a/b/c/file1, dataSize=0, replicationConfig=null} | ret=FAILURE
org.apache.hadoop.ozone.om.exceptions.OMException: Unable to get file status: volume: volume67551 bucket: bucket99862 key: a/b/c/file1
	at org.apache.hadoop.ozone.om.KeyManagerImpl.getOzoneFileStatus(KeyManagerImpl.java:1311) ~[ozone-manager-1.3.0-SNAPSHOT.jar:?]
	at org.apache.hadoop.ozone.om.KeyManagerImpl.getFileStatus(KeyManagerImpl.java:1241) ~[ozone-manager-1.3.0-SNAPSHOT.jar:?]
	at org.apache.hadoop.ozone.om.KeyManagerImpl.listStatus(KeyManagerImpl.java:1565) ~[ozone-manager-1.3.0-SNAPSHOT.jar:?]
	at org.apache.hadoop.ozone.om.OzoneManager.listStatus(OzoneManager.java:3497) ~[ozone-manager-1.3.0-SNAPSHOT.jar:?]
	at org.apache.hadoop.ozone.protocolPB.OzoneManagerRequestHandler.listStatus(OzoneManagerRequestHandler.java:1028) ~[ozone-manager-1.3.0-SNAPSHOT.jar:?]
	at org.apache.hadoop.ozone.protocolPB.OzoneManagerRequestHandler.handleReadRequest(OzoneManagerRequestHandler.java:228) ~[ozone-manager-1.3.0-SNAPSHOT.jar:?]
	at org.apache.hadoop.ozone.protocolPB.OzoneManagerProtocolServerSideTranslatorPB.submitReadRequestToOM(OzoneManagerProtocolServerSideTranslatorPB.java:226) ~[ozone-manager-1.3.0-SNAPSHOT.jar:?]
	at org.apache.hadoop.ozone.protocolPB.OzoneManagerProtocolServerSideTranslatorPB.processRequest(OzoneManagerProtocolServerSideTranslatorPB.java:175) ~[ozone-manager-1.3.0-SNAPSHOT.jar:?]
	at org.apache.hadoop.hdds.server.OzoneProtocolMessageDispatcher.processRequest(OzoneProtocolMessageDispatcher.java:87) [hdds-server-framework-1.3.0-SNAPSHOT.jar:?]
	at org.apache.hadoop.ozone.protocolPB.OzoneManagerProtocolServerSideTranslatorPB.submitRequest(OzoneManagerProtocolServerSideTranslatorPB.java:147) [ozone-manager-1.3.0-SNAPSHOT.jar:?]
	at org.apache.hadoop.ozone.protocol.proto.OzoneManagerProtocolProtos$OzoneManagerService$2.callBlockingMethod(OzoneManagerProtocolProtos.java) [ozone-interface-client-1.3.0-SNAPSHOT.jar:?]
	at org.apache.hadoop.ipc.ProtobufRpcEngine$Server.processCall(ProtobufRpcEngine.java:466) [hadoop-common-3.3.1.jar:?]
	at org.apache.hadoop.ipc.ProtobufRpcEngine2$Server$ProtoBufRpcInvoker.call(ProtobufRpcEngine2.java:574) [hadoop-common-3.3.1.jar:?]
	at org.apache.hadoop.ipc.ProtobufRpcEngine2$Server$ProtoBufRpcInvoker.call(ProtobufRpcEngine2.java:552) [hadoop-common-3.3.1.jar:?]
	at org.apache.hadoop.ipc.RPC$Server.call(RPC.java:1093) [hadoop-common-3.3.1.jar:?]
	at org.apache.hadoop.ipc.Server$RpcCall.run(Server.java:1035) [hadoop-common-3.3.1.jar:?]
	at org.apache.hadoop.ipc.Server$RpcCall.run(Server.java:963) [hadoop-common-3.3.1.jar:?]
	at java.security.AccessController.doPrivileged(Native Method) ~[?:1.8.0_332]
	at javax.security.auth.Subject.doAs(Subject.java:422) [?:1.8.0_332]
	at org.apache.hadoop.security.UserGroupInformation.doAs(UserGroupInformation.java:1878) [hadoop-common-3.3.1.jar:?]
	at org.apache.hadoop.ipc.Server$Handler.run(Server.java:2966) [hadoop-common-3.3.1.jar:?]
]]></system-out>
  </testcase>
  <testcase name="testRenameFileToDir" classname="TestRootedOzoneFileSystem" time="0.105">
    <system-out><![CDATA[2022-07-12 23:21:54,172 [Time-limited test] INFO  rpc.RpcClient (RpcClient.java:createVolume(466)) - Creating Volume: volume56867, with user51860 as owner and space quota set to -1 bytes, counts quota set to -1
2022-07-12 23:21:54,174 [OM StateMachine ApplyTransaction Thread - 0] INFO  volume.OMVolumeCreateRequest (OMVolumeCreateRequest.java:validateAndUpdateCache(195)) - created volume:volume56867 for user:user51860
2022-07-12 23:21:54,175 [Time-limited test] INFO  rpc.RpcClient (RpcClient.java:createBucket(669)) - Creating Bucket: volume56867/bucket29016, with bucket layout LEGACY, runner as owner, Versioning false, Storage Type set to DISK and Encryption set to false 
2022-07-12 23:21:54,185 [OM StateMachine ApplyTransaction Thread - 0] INFO  bucket.OMBucketCreateRequest (OMBucketCreateRequest.java:validateAndUpdateCache(260)) - created bucket: bucket29016 of layout LEGACY in volume: volume56867
23:21:54.197 [IPC Server handler 2 on default port 33951] ERROR OMAudit - user=runner | ip=127.0.0.1 | op=LIST_STATUS {volume=volume56867, bucket=bucket29016, key=a/b/c/file1, dataSize=0, replicationConfig=null} | ret=FAILURE
org.apache.hadoop.ozone.om.exceptions.OMException: Unable to get file status: volume: volume56867 bucket: bucket29016 key: a/b/c/file1
	at org.apache.hadoop.ozone.om.KeyManagerImpl.getOzoneFileStatus(KeyManagerImpl.java:1311) ~[ozone-manager-1.3.0-SNAPSHOT.jar:?]
	at org.apache.hadoop.ozone.om.KeyManagerImpl.getFileStatus(KeyManagerImpl.java:1241) ~[ozone-manager-1.3.0-SNAPSHOT.jar:?]
	at org.apache.hadoop.ozone.om.KeyManagerImpl.listStatus(KeyManagerImpl.java:1565) ~[ozone-manager-1.3.0-SNAPSHOT.jar:?]
	at org.apache.hadoop.ozone.om.OzoneManager.listStatus(OzoneManager.java:3497) ~[ozone-manager-1.3.0-SNAPSHOT.jar:?]
	at org.apache.hadoop.ozone.protocolPB.OzoneManagerRequestHandler.listStatus(OzoneManagerRequestHandler.java:1028) ~[ozone-manager-1.3.0-SNAPSHOT.jar:?]
	at org.apache.hadoop.ozone.protocolPB.OzoneManagerRequestHandler.handleReadRequest(OzoneManagerRequestHandler.java:228) ~[ozone-manager-1.3.0-SNAPSHOT.jar:?]
	at org.apache.hadoop.ozone.protocolPB.OzoneManagerProtocolServerSideTranslatorPB.submitReadRequestToOM(OzoneManagerProtocolServerSideTranslatorPB.java:226) ~[ozone-manager-1.3.0-SNAPSHOT.jar:?]
	at org.apache.hadoop.ozone.protocolPB.OzoneManagerProtocolServerSideTranslatorPB.processRequest(OzoneManagerProtocolServerSideTranslatorPB.java:175) ~[ozone-manager-1.3.0-SNAPSHOT.jar:?]
	at org.apache.hadoop.hdds.server.OzoneProtocolMessageDispatcher.processRequest(OzoneProtocolMessageDispatcher.java:87) [hdds-server-framework-1.3.0-SNAPSHOT.jar:?]
	at org.apache.hadoop.ozone.protocolPB.OzoneManagerProtocolServerSideTranslatorPB.submitRequest(OzoneManagerProtocolServerSideTranslatorPB.java:147) [ozone-manager-1.3.0-SNAPSHOT.jar:?]
	at org.apache.hadoop.ozone.protocol.proto.OzoneManagerProtocolProtos$OzoneManagerService$2.callBlockingMethod(OzoneManagerProtocolProtos.java) [ozone-interface-client-1.3.0-SNAPSHOT.jar:?]
	at org.apache.hadoop.ipc.ProtobufRpcEngine$Server.processCall(ProtobufRpcEngine.java:466) [hadoop-common-3.3.1.jar:?]
	at org.apache.hadoop.ipc.ProtobufRpcEngine2$Server$ProtoBufRpcInvoker.call(ProtobufRpcEngine2.java:574) [hadoop-common-3.3.1.jar:?]
	at org.apache.hadoop.ipc.ProtobufRpcEngine2$Server$ProtoBufRpcInvoker.call(ProtobufRpcEngine2.java:552) [hadoop-common-3.3.1.jar:?]
	at org.apache.hadoop.ipc.RPC$Server.call(RPC.java:1093) [hadoop-common-3.3.1.jar:?]
	at org.apache.hadoop.ipc.Server$RpcCall.run(Server.java:1035) [hadoop-common-3.3.1.jar:?]
	at org.apache.hadoop.ipc.Server$RpcCall.run(Server.java:963) [hadoop-common-3.3.1.jar:?]
	at java.security.AccessController.doPrivileged(Native Method) ~[?:1.8.0_332]
	at javax.security.auth.Subject.doAs(Subject.java:422) [?:1.8.0_332]
	at org.apache.hadoop.security.UserGroupInformation.doAs(UserGroupInformation.java:1878) [hadoop-common-3.3.1.jar:?]
	at org.apache.hadoop.ipc.Server$Handler.run(Server.java:2966) [hadoop-common-3.3.1.jar:?]
]]></system-out>
  </testcase>
  <testcase name="testRenameFileToDir" classname="TestRootedOzoneFileSystem" time="0.133">
    <system-out><![CDATA[2022-07-12 23:23:12,196 [Time-limited test] INFO  rpc.RpcClient (RpcClient.java:createVolume(466)) - Creating Volume: volume61451, with user52234 as owner and space quota set to -1 bytes, counts quota set to -1
2022-07-12 23:23:12,197 [IPC Server handler 7 on default port 43683] INFO  volume.OMVolumeCreateRequest (OMVolumeCreateRequest.java:validateAndUpdateCache(195)) - created volume:volume61451 for user:user52234
2022-07-12 23:23:12,201 [Time-limited test] INFO  rpc.RpcClient (RpcClient.java:createBucket(669)) - Creating Bucket: volume61451/bucket80235, with bucket layout LEGACY, runner as owner, Versioning false, Storage Type set to DISK and Encryption set to false 
2022-07-12 23:23:12,202 [IPC Server handler 14 on default port 43683] INFO  bucket.OMBucketCreateRequest (OMBucketCreateRequest.java:validateAndUpdateCache(260)) - created bucket: bucket80235 of layout LEGACY in volume: volume61451
23:23:12.210 [IPC Server handler 3 on default port 43683] ERROR OMAudit - user=runner | ip=127.0.0.1 | op=LIST_STATUS {volume=volume61451, bucket=bucket80235, key=a/b/c/file1, dataSize=0, replicationConfig=null} | ret=FAILURE
org.apache.hadoop.ozone.om.exceptions.OMException: Unable to get file status: volume: volume61451 bucket: bucket80235 key: a/b/c/file1
	at org.apache.hadoop.ozone.om.KeyManagerImpl.getOzoneFileStatus(KeyManagerImpl.java:1311) ~[ozone-manager-1.3.0-SNAPSHOT.jar:?]
	at org.apache.hadoop.ozone.om.KeyManagerImpl.getFileStatus(KeyManagerImpl.java:1241) ~[ozone-manager-1.3.0-SNAPSHOT.jar:?]
	at org.apache.hadoop.ozone.om.KeyManagerImpl.listStatus(KeyManagerImpl.java:1565) ~[ozone-manager-1.3.0-SNAPSHOT.jar:?]
	at org.apache.hadoop.ozone.om.OzoneManager.listStatus(OzoneManager.java:3497) ~[ozone-manager-1.3.0-SNAPSHOT.jar:?]
	at org.apache.hadoop.ozone.protocolPB.OzoneManagerRequestHandler.listStatus(OzoneManagerRequestHandler.java:1028) ~[ozone-manager-1.3.0-SNAPSHOT.jar:?]
	at org.apache.hadoop.ozone.protocolPB.OzoneManagerRequestHandler.handleReadRequest(OzoneManagerRequestHandler.java:228) ~[ozone-manager-1.3.0-SNAPSHOT.jar:?]
	at org.apache.hadoop.ozone.protocolPB.OzoneManagerProtocolServerSideTranslatorPB.submitRequestDirectlyToOM(OzoneManagerProtocolServerSideTranslatorPB.java:276) ~[ozone-manager-1.3.0-SNAPSHOT.jar:?]
	at org.apache.hadoop.ozone.protocolPB.OzoneManagerProtocolServerSideTranslatorPB.processRequest(OzoneManagerProtocolServerSideTranslatorPB.java:205) ~[ozone-manager-1.3.0-SNAPSHOT.jar:?]
	at org.apache.hadoop.hdds.server.OzoneProtocolMessageDispatcher.processRequest(OzoneProtocolMessageDispatcher.java:87) [hdds-server-framework-1.3.0-SNAPSHOT.jar:?]
	at org.apache.hadoop.ozone.protocolPB.OzoneManagerProtocolServerSideTranslatorPB.submitRequest(OzoneManagerProtocolServerSideTranslatorPB.java:147) [ozone-manager-1.3.0-SNAPSHOT.jar:?]
	at org.apache.hadoop.ozone.protocol.proto.OzoneManagerProtocolProtos$OzoneManagerService$2.callBlockingMethod(OzoneManagerProtocolProtos.java) [ozone-interface-client-1.3.0-SNAPSHOT.jar:?]
	at org.apache.hadoop.ipc.ProtobufRpcEngine$Server.processCall(ProtobufRpcEngine.java:466) [hadoop-common-3.3.1.jar:?]
	at org.apache.hadoop.ipc.ProtobufRpcEngine2$Server$ProtoBufRpcInvoker.call(ProtobufRpcEngine2.java:574) [hadoop-common-3.3.1.jar:?]
	at org.apache.hadoop.ipc.ProtobufRpcEngine2$Server$ProtoBufRpcInvoker.call(ProtobufRpcEngine2.java:552) [hadoop-common-3.3.1.jar:?]
	at org.apache.hadoop.ipc.RPC$Server.call(RPC.java:1093) [hadoop-common-3.3.1.jar:?]
	at org.apache.hadoop.ipc.Server$RpcCall.run(Server.java:1035) [hadoop-common-3.3.1.jar:?]
	at org.apache.hadoop.ipc.Server$RpcCall.run(Server.java:963) [hadoop-common-3.3.1.jar:?]
	at java.security.AccessController.doPrivileged(Native Method) ~[?:1.8.0_332]
	at javax.security.auth.Subject.doAs(Subject.java:422) [?:1.8.0_332]
	at org.apache.hadoop.security.UserGroupInformation.doAs(UserGroupInformation.java:1878) [hadoop-common-3.3.1.jar:?]
	at org.apache.hadoop.ipc.Server$Handler.run(Server.java:2966) [hadoop-common-3.3.1.jar:?]
]]></system-out>
  </testcase>
  <testcase name="testRenameFileToDir" classname="TestRootedOzoneFileSystem" time="0.12">
    <system-out><![CDATA[2022-07-12 23:24:42,196 [Time-limited test] INFO  rpc.RpcClient (RpcClient.java:createVolume(466)) - Creating Volume: volume10658, with user24952 as owner and space quota set to -1 bytes, counts quota set to -1
2022-07-12 23:24:42,199 [OM StateMachine ApplyTransaction Thread - 0] INFO  volume.OMVolumeCreateRequest (OMVolumeCreateRequest.java:validateAndUpdateCache(195)) - created volume:volume10658 for user:user24952
2022-07-12 23:24:42,200 [Time-limited test] INFO  rpc.RpcClient (RpcClient.java:createBucket(669)) - Creating Bucket: volume10658/bucket21920, with bucket layout LEGACY, runner as owner, Versioning false, Storage Type set to DISK and Encryption set to false 
2022-07-12 23:24:42,201 [OM StateMachine ApplyTransaction Thread - 0] INFO  bucket.OMBucketCreateRequest (OMBucketCreateRequest.java:validateAndUpdateCache(260)) - created bucket: bucket21920 of layout LEGACY in volume: volume10658
23:24:42.231 [IPC Server handler 8 on default port 45473] ERROR OMAudit - user=runner | ip=127.0.0.1 | op=LIST_STATUS {volume=volume10658, bucket=bucket21920, key=a/b/c/file1, dataSize=0, replicationConfig=null} | ret=FAILURE
org.apache.hadoop.ozone.om.exceptions.OMException: Unable to get file status: volume: volume10658 bucket: bucket21920 key: a/b/c/file1
	at org.apache.hadoop.ozone.om.KeyManagerImpl.getOzoneFileStatus(KeyManagerImpl.java:1311) ~[ozone-manager-1.3.0-SNAPSHOT.jar:?]
	at org.apache.hadoop.ozone.om.KeyManagerImpl.getFileStatus(KeyManagerImpl.java:1241) ~[ozone-manager-1.3.0-SNAPSHOT.jar:?]
	at org.apache.hadoop.ozone.om.KeyManagerImpl.listStatus(KeyManagerImpl.java:1565) ~[ozone-manager-1.3.0-SNAPSHOT.jar:?]
	at org.apache.hadoop.ozone.om.OzoneManager.listStatus(OzoneManager.java:3497) ~[ozone-manager-1.3.0-SNAPSHOT.jar:?]
	at org.apache.hadoop.ozone.protocolPB.OzoneManagerRequestHandler.listStatus(OzoneManagerRequestHandler.java:1028) ~[ozone-manager-1.3.0-SNAPSHOT.jar:?]
	at org.apache.hadoop.ozone.protocolPB.OzoneManagerRequestHandler.handleReadRequest(OzoneManagerRequestHandler.java:228) ~[ozone-manager-1.3.0-SNAPSHOT.jar:?]
	at org.apache.hadoop.ozone.protocolPB.OzoneManagerProtocolServerSideTranslatorPB.submitReadRequestToOM(OzoneManagerProtocolServerSideTranslatorPB.java:226) ~[ozone-manager-1.3.0-SNAPSHOT.jar:?]
	at org.apache.hadoop.ozone.protocolPB.OzoneManagerProtocolServerSideTranslatorPB.processRequest(OzoneManagerProtocolServerSideTranslatorPB.java:175) ~[ozone-manager-1.3.0-SNAPSHOT.jar:?]
	at org.apache.hadoop.hdds.server.OzoneProtocolMessageDispatcher.processRequest(OzoneProtocolMessageDispatcher.java:87) [hdds-server-framework-1.3.0-SNAPSHOT.jar:?]
	at org.apache.hadoop.ozone.protocolPB.OzoneManagerProtocolServerSideTranslatorPB.submitRequest(OzoneManagerProtocolServerSideTranslatorPB.java:147) [ozone-manager-1.3.0-SNAPSHOT.jar:?]
	at org.apache.hadoop.ozone.protocol.proto.OzoneManagerProtocolProtos$OzoneManagerService$2.callBlockingMethod(OzoneManagerProtocolProtos.java) [ozone-interface-client-1.3.0-SNAPSHOT.jar:?]
	at org.apache.hadoop.ipc.ProtobufRpcEngine$Server.processCall(ProtobufRpcEngine.java:466) [hadoop-common-3.3.1.jar:?]
	at org.apache.hadoop.ipc.ProtobufRpcEngine2$Server$ProtoBufRpcInvoker.call(ProtobufRpcEngine2.java:574) [hadoop-common-3.3.1.jar:?]
	at org.apache.hadoop.ipc.ProtobufRpcEngine2$Server$ProtoBufRpcInvoker.call(ProtobufRpcEngine2.java:552) [hadoop-common-3.3.1.jar:?]
	at org.apache.hadoop.ipc.RPC$Server.call(RPC.java:1093) [hadoop-common-3.3.1.jar:?]
	at org.apache.hadoop.ipc.Server$RpcCall.run(Server.java:1035) [hadoop-common-3.3.1.jar:?]
	at org.apache.hadoop.ipc.Server$RpcCall.run(Server.java:963) [hadoop-common-3.3.1.jar:?]
	at java.security.AccessController.doPrivileged(Native Method) ~[?:1.8.0_332]
	at javax.security.auth.Subject.doAs(Subject.java:422) [?:1.8.0_332]
	at org.apache.hadoop.security.UserGroupInformation.doAs(UserGroupInformation.java:1878) [hadoop-common-3.3.1.jar:?]
	at org.apache.hadoop.ipc.Server$Handler.run(Server.java:2966) [hadoop-common-3.3.1.jar:?]
]]></system-out>
  </testcase>
  <testcase name="testRenameFileToDir" classname="TestRootedOzoneFileSystem" time="0.197">
    <system-out><![CDATA[2022-07-12 23:26:07,906 [Time-limited test] INFO  rpc.RpcClient (RpcClient.java:createVolume(466)) - Creating Volume: volume12681, with user91974 as owner and space quota set to -1 bytes, counts quota set to -1
2022-07-12 23:26:07,907 [IPC Server handler 5 on default port 46473] INFO  volume.OMVolumeCreateRequest (OMVolumeCreateRequest.java:validateAndUpdateCache(195)) - created volume:volume12681 for user:user91974
2022-07-12 23:26:07,908 [Time-limited test] INFO  rpc.RpcClient (RpcClient.java:createBucket(669)) - Creating Bucket: volume12681/bucket16919, with bucket layout LEGACY, runner as owner, Versioning false, Storage Type set to DISK and Encryption set to false 
2022-07-12 23:26:07,909 [IPC Server handler 3 on default port 46473] INFO  bucket.OMBucketCreateRequest (OMBucketCreateRequest.java:validateAndUpdateCache(260)) - created bucket: bucket16919 of layout LEGACY in volume: volume12681
23:26:07.922 [IPC Server handler 6 on default port 46473] ERROR OMAudit - user=runner | ip=127.0.0.1 | op=LIST_STATUS {volume=volume12681, bucket=bucket16919, key=a/b/c/file1, dataSize=0, replicationConfig=null} | ret=FAILURE
org.apache.hadoop.ozone.om.exceptions.OMException: Unable to get file status: volume: volume12681 bucket: bucket16919 key: a/b/c/file1
	at org.apache.hadoop.ozone.om.KeyManagerImpl.getOzoneFileStatus(KeyManagerImpl.java:1311) ~[ozone-manager-1.3.0-SNAPSHOT.jar:?]
	at org.apache.hadoop.ozone.om.KeyManagerImpl.getFileStatus(KeyManagerImpl.java:1241) ~[ozone-manager-1.3.0-SNAPSHOT.jar:?]
	at org.apache.hadoop.ozone.om.KeyManagerImpl.listStatus(KeyManagerImpl.java:1565) ~[ozone-manager-1.3.0-SNAPSHOT.jar:?]
	at org.apache.hadoop.ozone.om.OzoneManager.listStatus(OzoneManager.java:3497) ~[ozone-manager-1.3.0-SNAPSHOT.jar:?]
	at org.apache.hadoop.ozone.protocolPB.OzoneManagerRequestHandler.listStatus(OzoneManagerRequestHandler.java:1028) ~[ozone-manager-1.3.0-SNAPSHOT.jar:?]
	at org.apache.hadoop.ozone.protocolPB.OzoneManagerRequestHandler.handleReadRequest(OzoneManagerRequestHandler.java:228) ~[ozone-manager-1.3.0-SNAPSHOT.jar:?]
	at org.apache.hadoop.ozone.protocolPB.OzoneManagerProtocolServerSideTranslatorPB.submitRequestDirectlyToOM(OzoneManagerProtocolServerSideTranslatorPB.java:276) ~[ozone-manager-1.3.0-SNAPSHOT.jar:?]
	at org.apache.hadoop.ozone.protocolPB.OzoneManagerProtocolServerSideTranslatorPB.processRequest(OzoneManagerProtocolServerSideTranslatorPB.java:205) ~[ozone-manager-1.3.0-SNAPSHOT.jar:?]
	at org.apache.hadoop.hdds.server.OzoneProtocolMessageDispatcher.processRequest(OzoneProtocolMessageDispatcher.java:87) [hdds-server-framework-1.3.0-SNAPSHOT.jar:?]
	at org.apache.hadoop.ozone.protocolPB.OzoneManagerProtocolServerSideTranslatorPB.submitRequest(OzoneManagerProtocolServerSideTranslatorPB.java:147) [ozone-manager-1.3.0-SNAPSHOT.jar:?]
	at org.apache.hadoop.ozone.protocol.proto.OzoneManagerProtocolProtos$OzoneManagerService$2.callBlockingMethod(OzoneManagerProtocolProtos.java) [ozone-interface-client-1.3.0-SNAPSHOT.jar:?]
	at org.apache.hadoop.ipc.ProtobufRpcEngine$Server.processCall(ProtobufRpcEngine.java:466) [hadoop-common-3.3.1.jar:?]
	at org.apache.hadoop.ipc.ProtobufRpcEngine2$Server$ProtoBufRpcInvoker.call(ProtobufRpcEngine2.java:574) [hadoop-common-3.3.1.jar:?]
	at org.apache.hadoop.ipc.ProtobufRpcEngine2$Server$ProtoBufRpcInvoker.call(ProtobufRpcEngine2.java:552) [hadoop-common-3.3.1.jar:?]
	at org.apache.hadoop.ipc.RPC$Server.call(RPC.java:1093) [hadoop-common-3.3.1.jar:?]
	at org.apache.hadoop.ipc.Server$RpcCall.run(Server.java:1035) [hadoop-common-3.3.1.jar:?]
	at org.apache.hadoop.ipc.Server$RpcCall.run(Server.java:963) [hadoop-common-3.3.1.jar:?]
	at java.security.AccessController.doPrivileged(Native Method) ~[?:1.8.0_332]
	at javax.security.auth.Subject.doAs(Subject.java:422) [?:1.8.0_332]
	at org.apache.hadoop.security.UserGroupInformation.doAs(UserGroupInformation.java:1878) [hadoop-common-3.3.1.jar:?]
	at org.apache.hadoop.ipc.Server$Handler.run(Server.java:2966) [hadoop-common-3.3.1.jar:?]
]]></system-out>
  </testcase>
</testsuite>