<?xml version="1.0" encoding="UTF-8"?>
<testsuite xmlns:xsi="http://www.w3.org/2001/XMLSchema-instance" xsi:noNamespaceSchemaLocation="https://maven.apache.org/surefire/maven-surefire-plugin/xsd/surefire-test-report-3.0.xsd" version="3.0" name="org.apache.hadoop.ozone.container.TestECContainerRecovery" time="140.666" tests="1" errors="1" skipped="0" failures="0">
  <properties>
    <property name="awt.toolkit" value="sun.awt.X11.XToolkit"/>
    <property name="file.encoding.pkg" value="sun.io"/>
    <property name="java.specification.version" value="1.8"/>
    <property name="sun.cpu.isalist" value=""/>
    <property name="sun.jnu.encoding" value="UTF-8"/>
    <property name="java.class.path" value="/home/runner/work/ozone/ozone/hadoop-ozone/integration-test/target/test-classes:/home/runner/work/ozone/ozone/hadoop-ozone/integration-test/target/classes:/home/runner/.m2/repository/org/apache/ozone/ozone-common/1.3.0-SNAPSHOT/ozone-common-1.3.0-SNAPSHOT.jar:/home/runner/.m2/repository/io/grpc/grpc-netty/1.48.1/grpc-netty-1.48.1.jar:/home/runner/.m2/repository/io/grpc/grpc-core/1.48.1/grpc-core-1.48.1.jar:/home/runner/.m2/repository/com/google/android/annotations/4.1.1.4/annotations-4.1.1.4.jar:/home/runner/.m2/repository/org/codehaus/mojo/animal-sniffer-annotations/1.21/animal-sniffer-annotations-1.21.jar:/home/runner/.m2/repository/com/google/errorprone/error_prone_annotations/2.2.0/error_prone_annotations-2.2.0.jar:/home/runner/.m2/repository/io/perfmark/perfmark-api/0.25.0/perfmark-api-0.25.0.jar:/home/runner/.m2/repository/io/netty/netty-codec-http2/4.1.79.Final/netty-codec-http2-4.1.79.Final.jar:/home/runner/.m2/repository/io/netty/netty-common/4.1.79.Final/netty-common-4.1.79.Final.jar:/home/runner/.m2/repository/io/netty/netty-buffer/4.1.79.Final/netty-buffer-4.1.79.Final.jar:/home/runner/.m2/repository/io/netty/netty-codec-http/4.1.79.Final/netty-codec-http-4.1.79.Final.jar:/home/runner/.m2/repository/io/netty/netty-handler-proxy/4.1.79.Final/netty-handler-proxy-4.1.79.Final.jar:/home/runner/.m2/repository/io/netty/netty-codec-socks/4.1.79.Final/netty-codec-socks-4.1.79.Final.jar:/home/runner/.m2/repository/io/netty/netty-tcnative-boringssl-static/2.0.53.Final/netty-tcnative-boringssl-static-2.0.53.Final.jar:/home/runner/.m2/repository/io/netty/netty-tcnative-classes/2.0.53.Final/netty-tcnative-classes-2.0.53.Final.jar:/home/runner/.m2/repository/io/netty/netty-tcnative-boringssl-static/2.0.53.Final/netty-tcnative-boringssl-static-2.0.53.Final-linux-x86_64.jar:/home/runner/.m2/repository/io/netty/netty-tcnative-boringssl-static/2.0.53.Final/netty-tcnative-boringssl-static-2.0.53.Final-linux-aarch_64.jar:/home/runner/.m2/repository/io/netty/netty-tcnative-boringssl-static/2.0.53.Final/netty-tcnative-boringssl-static-2.0.53.Final-osx-x86_64.jar:/home/runner/.m2/repository/io/netty/netty-tcnative-boringssl-static/2.0.53.Final/netty-tcnative-boringssl-static-2.0.53.Final-osx-aarch_64.jar:/home/runner/.m2/repository/io/netty/netty-tcnative-boringssl-static/2.0.53.Final/netty-tcnative-boringssl-static-2.0.53.Final-windows-x86_64.jar:/home/runner/.m2/repository/org/apache/commons/commons-compress/1.21/commons-compress-1.21.jar:/home/runner/.m2/repository/org/apache/ozone/hdds-common/1.3.0-SNAPSHOT/hdds-common-1.3.0-SNAPSHOT.jar:/home/runner/.m2/repository/org/apache/ozone/hdds-client/1.3.0-SNAPSHOT/hdds-client-1.3.0-SNAPSHOT.jar:/home/runner/.m2/repository/org/apache/ozone/ozone-interface-client/1.3.0-SNAPSHOT/ozone-interface-client-1.3.0-SNAPSHOT.jar:/home/runner/.m2/repository/org/apache/ozone/hdds-test-utils/1.3.0-SNAPSHOT/hdds-test-utils-1.3.0-SNAPSHOT.jar:/home/runner/.m2/repository/com/google/guava/guava/31.1-jre/guava-31.1-jre.jar:/home/runner/.m2/repository/com/google/guava/failureaccess/1.0.1/failureaccess-1.0.1.jar:/home/runner/.m2/repository/com/google/guava/listenablefuture/9999.0-empty-to-avoid-conflict-with-guava/listenablefuture-9999.0-empty-to-avoid-conflict-with-guava.jar:/home/runner/.m2/repository/com/google/code/findbugs/jsr305/3.0.0/jsr305-3.0.0.jar:/home/runner/.m2/repository/org/checkerframework/checker-qual/3.12.0/checker-qual-3.12.0.jar:/home/runner/.m2/repository/com/google/j2objc/j2objc-annotations/1.3/j2objc-annotations-1.3.jar:/home/runner/.m2/repository/commons-io/commons-io/2.11.0/commons-io-2.11.0.jar:/home/runner/.m2/repository/commons-logging/commons-logging/1.2/commons-logging-1.2.jar:/home/runner/.m2/repository/ch/qos/reload4j/reload4j/1.2.22/reload4j-1.2.22.jar:/home/runner/.m2/repository/org/slf4j/slf4j-api/1.7.36/slf4j-api-1.7.36.jar:/home/runner/.m2/repository/org/apache/ozone/hdds-server-scm/1.3.0-SNAPSHOT/hdds-server-scm-1.3.0-SNAPSHOT.jar:/home/runner/.m2/repository/org/apache/ozone/hdds-container-service/1.3.0-SNAPSHOT/hdds-container-service-1.3.0-SNAPSHOT.jar:/home/runner/.m2/repository/org/apache/ozone/hdds-hadoop-dependency-server/1.3.0-SNAPSHOT/hdds-hadoop-dependency-server-1.3.0-SNAPSHOT.jar:/home/runner/.m2/repository/org/apache/hadoop/hadoop-hdfs/3.3.4/hadoop-hdfs-3.3.4.jar:/home/runner/.m2/repository/org/eclipse/jetty/jetty-util-ajax/9.4.49.v20220914/jetty-util-ajax-9.4.49.v20220914.jar:/home/runner/.m2/repository/commons-daemon/commons-daemon/1.0.13/commons-daemon-1.0.13.jar:/home/runner/.m2/repository/org/apache/ozone/hdds-server-framework/1.3.0-SNAPSHOT/hdds-server-framework-1.3.0-SNAPSHOT.jar:/home/runner/.m2/repository/org/apache/ozone/hdds-interface-server/1.3.0-SNAPSHOT/hdds-interface-server-1.3.0-SNAPSHOT.jar:/home/runner/.m2/repository/org/apache/commons/commons-configuration2/2.1.1/commons-configuration2-2.1.1.jar:/home/runner/.m2/repository/org/apache/logging/log4j/log4j-core/2.17.1/log4j-core-2.17.1.jar:/home/runner/.m2/repository/com/lmax/disruptor/3.4.2/disruptor-3.4.2.jar:/home/runner/.m2/repository/org/eclipse/jetty/jetty-servlet/9.4.49.v20220914/jetty-servlet-9.4.49.v20220914.jar:/home/runner/.m2/repository/org/eclipse/jetty/jetty-security/9.4.49.v20220914/jetty-security-9.4.49.v20220914.jar:/home/runner/.m2/repository/org/rocksdb/rocksdbjni/7.4.5/rocksdbjni-7.4.5.jar:/home/runner/.m2/repository/io/prometheus/simpleclient_dropwizard/0.7.0/simpleclient_dropwizard-0.7.0.jar:/home/runner/.m2/repository/io/prometheus/simpleclient/0.7.0/simpleclient-0.7.0.jar:/home/runner/.m2/repository/io/prometheus/simpleclient_common/0.7.0/simpleclient_common-0.7.0.jar:/home/runner/.m2/repository/com/github/spotbugs/spotbugs-annotations/3.1.12/spotbugs-annotations-3.1.12.jar:/home/runner/.m2/repository/io/dropwizard/metrics/metrics-core/3.2.4/metrics-core-3.2.4.jar:/home/runner/.m2/repository/org/apache/commons/commons-text/1.4/commons-text-1.4.jar:/home/runner/.m2/repository/org/apache/hadoop/hadoop-hdfs-client/3.3.4/hadoop-hdfs-client-3.3.4.jar:/home/runner/.m2/repository/com/squareup/okhttp3/okhttp/4.9.3/okhttp-4.9.3.jar:/home/runner/.m2/repository/com/squareup/okio/okio/2.8.0/okio-2.8.0.jar:/home/runner/.m2/repository/org/jetbrains/kotlin/kotlin-stdlib-common/1.4.10/kotlin-stdlib-common-1.4.10.jar:/home/runner/.m2/repository/org/bouncycastle/bcprov-jdk15on/1.67/bcprov-jdk15on-1.67.jar:/home/runner/.m2/repository/com/google/protobuf/protobuf-java/2.5.0/protobuf-java-2.5.0.jar:/home/runner/.m2/repository/org/apache/ozone/ozone-manager/1.3.0-SNAPSHOT/ozone-manager-1.3.0-SNAPSHOT.jar:/home/runner/.m2/repository/org/aspectj/aspectjrt/1.9.7/aspectjrt-1.9.7.jar:/home/runner/.m2/repository/org/aspectj/aspectjweaver/1.9.7/aspectjweaver-1.9.7.jar:/home/runner/.m2/repository/org/apache/ozone/hdds-interface-client/1.3.0-SNAPSHOT/hdds-interface-client-1.3.0-SNAPSHOT.jar:/home/runner/.m2/repository/org/apache/hadoop/thirdparty/hadoop-shaded-protobuf_3_7/1.1.1/hadoop-shaded-protobuf_3_7-1.1.1.jar:/home/runner/.m2/repository/org/apache/ozone/ozone-interface-storage/1.3.0-SNAPSHOT/ozone-interface-storage-1.3.0-SNAPSHOT.jar:/home/runner/.m2/repository/org/reflections/reflections/0.9.11/reflections-0.9.11.jar:/home/runner/.m2/repository/com/sun/jersey/jersey-client/1.19/jersey-client-1.19.jar:/home/runner/.m2/repository/org/apache/ranger/ranger-intg/2.3.0/ranger-intg-2.3.0.jar:/home/runner/.m2/repository/org/apache/ranger/ranger-plugins-common/2.3.0/ranger-plugins-common-2.3.0.jar:/home/runner/.m2/repository/commons-lang/commons-lang/2.6/commons-lang-2.6.jar:/home/runner/.m2/repository/org/codehaus/jackson/jackson-jaxrs/1.9.13/jackson-jaxrs-1.9.13.jar:/home/runner/.m2/repository/org/apache/ranger/ranger-plugins-cred/2.3.0/ranger-plugins-cred-2.3.0.jar:/home/runner/.m2/repository/org/apache/ranger/ranger-plugins-audit/2.3.0/ranger-plugins-audit-2.3.0.jar:/home/runner/.m2/repository/org/eclipse/jetty/jetty-client/9.4.31.v20200723/jetty-client-9.4.31.v20200723.jar:/home/runner/.m2/repository/org/apache/httpcomponents/httpmime/4.5.6/httpmime-4.5.6.jar:/home/runner/.m2/repository/org/apache/httpcomponents/httpcore-nio/4.4.6/httpcore-nio-4.4.6.jar:/home/runner/.m2/repository/org/apache/httpcomponents/httpasyncclient/4.1.3/httpasyncclient-4.1.3.jar:/home/runner/.m2/repository/com/carrotsearch/hppc/0.8.0/hppc-0.8.0.jar:/home/runner/.m2/repository/org/apache/orc/orc-core/1.5.8/orc-core-1.5.8.jar:/home/runner/.m2/repository/net/java/dev/jna/jna/5.2.0/jna-5.2.0.jar:/home/runner/.m2/repository/net/java/dev/jna/jna-platform/5.2.0/jna-platform-5.2.0.jar:/home/runner/.m2/repository/com/kstruct/gethostname4j/0.0.2/gethostname4j-0.0.2.jar:/home/runner/.m2/repository/org/apache/ranger/ranger-plugin-classloader/2.3.0/ranger-plugin-classloader-2.3.0.jar:/home/runner/.m2/repository/org/apache/hadoop/hadoop-minikdc/3.3.4/hadoop-minikdc-3.3.4.jar:/home/runner/.m2/repository/org/apache/kerby/kerb-simplekdc/1.0.1/kerb-simplekdc-1.0.1.jar:/home/runner/.m2/repository/org/apache/kerby/kerb-client/1.0.1/kerb-client-1.0.1.jar:/home/runner/.m2/repository/org/apache/kerby/kerby-config/1.0.1/kerby-config-1.0.1.jar:/home/runner/.m2/repository/org/apache/kerby/kerb-common/1.0.1/kerb-common-1.0.1.jar:/home/runner/.m2/repository/org/apache/kerby/kerb-crypto/1.0.1/kerb-crypto-1.0.1.jar:/home/runner/.m2/repository/org/apache/kerby/kerb-util/1.0.1/kerb-util-1.0.1.jar:/home/runner/.m2/repository/org/apache/kerby/token-provider/1.0.1/token-provider-1.0.1.jar:/home/runner/.m2/repository/org/apache/kerby/kerb-admin/1.0.1/kerb-admin-1.0.1.jar:/home/runner/.m2/repository/org/apache/kerby/kerb-server/1.0.1/kerb-server-1.0.1.jar:/home/runner/.m2/repository/org/apache/kerby/kerb-identity/1.0.1/kerb-identity-1.0.1.jar:/home/runner/.m2/repository/org/apache/kerby/kerby-xdr/1.0.1/kerby-xdr-1.0.1.jar:/home/runner/.m2/repository/org/apache/ozone/ozone-s3gateway/1.3.0-SNAPSHOT/ozone-s3gateway-1.3.0-SNAPSHOT.jar:/home/runner/.m2/repository/org/javassist/javassist/3.21.0-GA/javassist-3.21.0-GA.jar:/home/runner/.m2/repository/org/jboss/weld/servlet/weld-servlet/2.4.7.Final/weld-servlet-2.4.7.Final.jar:/home/runner/.m2/repository/org/glassfish/jersey/containers/jersey-container-servlet-core/2.34/jersey-container-servlet-core-2.34.jar:/home/runner/.m2/repository/org/glassfish/hk2/external/jakarta.inject/2.6.1/jakarta.inject-2.6.1.jar:/home/runner/.m2/repository/org/glassfish/jersey/core/jersey-common/2.34/jersey-common-2.34.jar:/home/runner/.m2/repository/jakarta/ws/rs/jakarta.ws.rs-api/2.1.6/jakarta.ws.rs-api-2.1.6.jar:/home/runner/.m2/repository/org/glassfish/jersey/ext/cdi/jersey-cdi1x/2.34/jersey-cdi1x-2.34.jar:/home/runner/.m2/repository/org/glassfish/jersey/inject/jersey-hk2/2.34/jersey-hk2-2.34.jar:/home/runner/.m2/repository/org/glassfish/hk2/hk2-locator/2.6.1/hk2-locator-2.6.1.jar:/home/runner/.m2/repository/org/glassfish/jersey/media/jersey-media-jaxb/2.34/jersey-media-jaxb-2.34.jar:/home/runner/.m2/repository/org/glassfish/hk2/osgi-resource-locator/1.0.3/osgi-resource-locator-1.0.3.jar:/home/runner/.m2/repository/org/glassfish/hk2/hk2-api/2.5.0/hk2-api-2.5.0.jar:/home/runner/.m2/repository/org/glassfish/hk2/hk2-utils/2.5.0/hk2-utils-2.5.0.jar:/home/runner/.m2/repository/org/glassfish/hk2/external/aopalliance-repackaged/2.5.0/aopalliance-repackaged-2.5.0.jar:/home/runner/.m2/repository/com/fasterxml/jackson/dataformat/jackson-dataformat-xml/2.13.4/jackson-dataformat-xml-2.13.4.jar:/home/runner/.m2/repository/com/fasterxml/jackson/core/jackson-core/2.13.4/jackson-core-2.13.4.jar:/home/runner/.m2/repository/org/codehaus/woodstox/stax2-api/3.1.4/stax2-api-3.1.4.jar:/home/runner/.m2/repository/com/fasterxml/woodstox/woodstox-core/5.4.0/woodstox-core-5.4.0.jar:/home/runner/.m2/repository/com/fasterxml/jackson/module/jackson-module-jaxb-annotations/2.13.4/jackson-module-jaxb-annotations-2.13.4.jar:/home/runner/.m2/repository/jakarta/xml/bind/jakarta.xml.bind-api/2.3.3/jakarta.xml.bind-api-2.3.3.jar:/home/runner/.m2/repository/jakarta/activation/jakarta.activation-api/1.2.1/jakarta.activation-api-1.2.1.jar:/home/runner/.m2/repository/javax/enterprise/cdi-api/1.2/cdi-api-1.2.jar:/home/runner/.m2/repository/javax/el/javax.el-api/3.0.0/javax.el-api-3.0.0.jar:/home/runner/.m2/repository/javax/interceptor/javax.interceptor-api/1.2/javax.interceptor-api-1.2.jar:/home/runner/.m2/repository/javax/inject/javax.inject/1/javax.inject-1.jar:/home/runner/.m2/repository/javax/xml/bind/jaxb-api/2.3.0/jaxb-api-2.3.0.jar:/home/runner/.m2/repository/org/glassfish/jaxb/jaxb-runtime/2.3.0.1/jaxb-runtime-2.3.0.1.jar:/home/runner/.m2/repository/org/glassfish/jaxb/jaxb-core/2.3.0.1/jaxb-core-2.3.0.1.jar:/home/runner/.m2/repository/org/glassfish/jaxb/txw2/2.3.0.1/txw2-2.3.0.1.jar:/home/runner/.m2/repository/com/sun/istack/istack-commons-runtime/3.0.5/istack-commons-runtime-3.0.5.jar:/home/runner/.m2/repository/org/jvnet/staxex/stax-ex/1.7.8/stax-ex-1.7.8.jar:/home/runner/.m2/repository/com/sun/xml/fastinfoset/FastInfoset/1.2.13/FastInfoset-1.2.13.jar:/home/runner/.m2/repository/javax/activation/activation/1.1.1/activation-1.1.1.jar:/home/runner/.m2/repository/io/grpc/grpc-protobuf/1.48.1/grpc-protobuf-1.48.1.jar:/home/runner/.m2/repository/io/grpc/grpc-api/1.48.1/grpc-api-1.48.1.jar:/home/runner/.m2/repository/io/grpc/grpc-context/1.48.1/grpc-context-1.48.1.jar:/home/runner/.m2/repository/com/google/api/grpc/proto-google-common-protos/2.9.0/proto-google-common-protos-2.9.0.jar:/home/runner/.m2/repository/io/grpc/grpc-protobuf-lite/1.48.1/grpc-protobuf-lite-1.48.1.jar:/home/runner/.m2/repository/io/grpc/grpc-stub/1.48.1/grpc-stub-1.48.1.jar:/home/runner/.m2/repository/io/netty/netty-transport/4.1.79.Final/netty-transport-4.1.79.Final.jar:/home/runner/.m2/repository/io/netty/netty-resolver/4.1.79.Final/netty-resolver-4.1.79.Final.jar:/home/runner/.m2/repository/org/apache/ozone/ozone-csi/1.3.0-SNAPSHOT/ozone-csi-1.3.0-SNAPSHOT.jar:/home/runner/.m2/repository/com/google/protobuf/protobuf-java-util/3.19.2/protobuf-java-util-3.19.2.jar:/home/runner/.m2/repository/com/google/code/gson/gson/2.9.0/gson-2.9.0.jar:/home/runner/.m2/repository/org/apache/ozone/hdds-config/1.3.0-SNAPSHOT/hdds-config-1.3.0-SNAPSHOT.jar:/home/runner/.m2/repository/io/netty/netty-transport-native-epoll/4.1.79.Final/netty-transport-native-epoll-4.1.79.Final-linux-x86_64.jar:/home/runner/.m2/repository/io/netty/netty-transport-classes-epoll/4.1.79.Final/netty-transport-classes-epoll-4.1.79.Final.jar:/home/runner/.m2/repository/io/netty/netty-transport-native-unix-common/4.1.79.Final/netty-transport-native-unix-common-4.1.79.Final.jar:/home/runner/.m2/repository/org/slf4j/slf4j-reload4j/1.7.36/slf4j-reload4j-1.7.36.jar:/home/runner/.m2/repository/org/apache/ozone/ozone-recon/1.3.0-SNAPSHOT/ozone-recon-1.3.0-SNAPSHOT.jar:/home/runner/.m2/repository/org/apache/ozone/ozone-reconcodegen/1.3.0-SNAPSHOT/ozone-reconcodegen-1.3.0-SNAPSHOT.jar:/home/runner/.m2/repository/com/google/inject/extensions/guice-multibindings/4.0/guice-multibindings-4.0.jar:/home/runner/.m2/repository/com/google/inject/guice/4.0/guice-4.0.jar:/home/runner/.m2/repository/aopalliance/aopalliance/1.0/aopalliance-1.0.jar:/home/runner/.m2/repository/com/google/inject/extensions/guice-assistedinject/4.0/guice-assistedinject-4.0.jar:/home/runner/.m2/repository/com/google/inject/extensions/guice-servlet/4.0/guice-servlet-4.0.jar:/home/runner/.m2/repository/org/glassfish/jersey/containers/jersey-container-servlet/2.34/jersey-container-servlet-2.34.jar:/home/runner/.m2/repository/org/glassfish/hk2/guice-bridge/2.5.0/guice-bridge-2.5.0.jar:/home/runner/.m2/repository/org/glassfish/jersey/core/jersey-server/2.34/jersey-server-2.34.jar:/home/runner/.m2/repository/org/glassfish/jersey/core/jersey-client/2.34/jersey-client-2.34.jar:/home/runner/.m2/repository/jakarta/annotation/jakarta.annotation-api/1.3.5/jakarta.annotation-api-1.3.5.jar:/home/runner/.m2/repository/jakarta/validation/jakarta.validation-api/2.0.2/jakarta.validation-api-2.0.2.jar:/home/runner/.m2/repository/org/glassfish/jersey/media/jersey-media-json-jackson/2.34/jersey-media-json-jackson-2.34.jar:/home/runner/.m2/repository/org/glassfish/jersey/ext/jersey-entity-filtering/2.34/jersey-entity-filtering-2.34.jar:/home/runner/.m2/repository/org/jooq/jooq/3.11.10/jooq-3.11.10.jar:/home/runner/.m2/repository/org/jooq/jooq-meta/3.11.10/jooq-meta-3.11.10.jar:/home/runner/.m2/repository/org/jooq/jooq-codegen/3.11.10/jooq-codegen-3.11.10.jar:/home/runner/.m2/repository/com/jolbox/bonecp/0.8.0.RELEASE/bonecp-0.8.0.RELEASE.jar:/home/runner/.m2/repository/org/apache/derby/derby/10.14.2.0/derby-10.14.2.0.jar:/home/runner/.m2/repository/org/xerial/sqlite-jdbc/3.25.2/sqlite-jdbc-3.25.2.jar:/home/runner/.m2/repository/org/springframework/spring-jdbc/5.3.23/spring-jdbc-5.3.23.jar:/home/runner/.m2/repository/org/springframework/spring-beans/5.3.23/spring-beans-5.3.23.jar:/home/runner/.m2/repository/org/springframework/spring-core/5.3.23/spring-core-5.3.23.jar:/home/runner/.m2/repository/org/springframework/spring-jcl/5.3.23/spring-jcl-5.3.23.jar:/home/runner/.m2/repository/org/springframework/spring-tx/5.3.23/spring-tx-5.3.23.jar:/home/runner/.m2/repository/org/apache/ozone/ozone-client/1.3.0-SNAPSHOT/ozone-client-1.3.0-SNAPSHOT.jar:/home/runner/.m2/repository/org/apache/ozone/hdds-erasurecode/1.3.0-SNAPSHOT/hdds-erasurecode-1.3.0-SNAPSHOT.jar:/home/runner/.m2/repository/org/apache/ozone/ozone-filesystem/1.3.0-SNAPSHOT/ozone-filesystem-1.3.0-SNAPSHOT.jar:/home/runner/.m2/repository/org/apache/ozone/ozone-filesystem-common/1.3.0-SNAPSHOT/ozone-filesystem-common-1.3.0-SNAPSHOT.jar:/home/runner/.m2/repository/org/apache/ozone/ozone-tools/1.3.0-SNAPSHOT/ozone-tools-1.3.0-SNAPSHOT.jar:/home/runner/.m2/repository/org/apache/ratis/ratis-tools/2.4.0/ratis-tools-2.4.0.jar:/home/runner/.m2/repository/com/amazonaws/aws-java-sdk-core/1.12.261/aws-java-sdk-core-1.12.261.jar:/home/runner/.m2/repository/org/apache/httpcomponents/httpclient/4.5.13/httpclient-4.5.13.jar:/home/runner/.m2/repository/org/apache/httpcomponents/httpcore/4.4.13/httpcore-4.4.13.jar:/home/runner/.m2/repository/software/amazon/ion/ion-java/1.0.2/ion-java-1.0.2.jar:/home/runner/.m2/repository/com/fasterxml/jackson/dataformat/jackson-dataformat-cbor/2.13.4/jackson-dataformat-cbor-2.13.4.jar:/home/runner/.m2/repository/joda-time/joda-time/2.8.1/joda-time-2.8.1.jar:/home/runner/.m2/repository/com/amazonaws/aws-java-sdk-s3/1.12.261/aws-java-sdk-s3-1.12.261.jar:/home/runner/.m2/repository/com/amazonaws/aws-java-sdk-kms/1.12.261/aws-java-sdk-kms-1.12.261.jar:/home/runner/.m2/repository/com/amazonaws/jmespath-java/1.12.261/jmespath-java-1.12.261.jar:/home/runner/.m2/repository/org/kohsuke/metainf-services/metainf-services/1.8/metainf-services-1.8.jar:/home/runner/.m2/repository/org/apache/ozone/hdds-tools/1.3.0-SNAPSHOT/hdds-tools-1.3.0-SNAPSHOT.jar:/home/runner/.m2/repository/commons-cli/commons-cli/1.2/commons-cli-1.2.jar:/home/runner/.m2/repository/org/apache/commons/commons-lang3/3.7/commons-lang3-3.7.jar:/home/runner/.m2/repository/org/apache/ozone/ozone-manager/1.3.0-SNAPSHOT/ozone-manager-1.3.0-SNAPSHOT-tests.jar:/home/runner/.m2/repository/org/apache/ozone/hdds-common/1.3.0-SNAPSHOT/hdds-common-1.3.0-SNAPSHOT-tests.jar:/home/runner/.m2/repository/org/apache/ozone/hdds-hadoop-dependency-client/1.3.0-SNAPSHOT/hdds-hadoop-dependency-client-1.3.0-SNAPSHOT.jar:/home/runner/.m2/repository/info/picocli/picocli/4.6.1/picocli-4.6.1.jar:/home/runner/.m2/repository/com/fasterxml/jackson/core/jackson-annotations/2.13.4/jackson-annotations-2.13.4.jar:/home/runner/.m2/repository/com/fasterxml/jackson/datatype/jackson-datatype-jsr310/2.13.4/jackson-datatype-jsr310-2.13.4.jar:/home/runner/.m2/repository/org/apache/ozone/hdds-annotation-processing/1.3.0-SNAPSHOT/hdds-annotation-processing-1.3.0-SNAPSHOT.jar:/home/runner/.m2/repository/javax/annotation/javax.annotation-api/1.2/javax.annotation-api-1.2.jar:/home/runner/.m2/repository/org/apache/ratis/ratis-server/2.4.0/ratis-server-2.4.0.jar:/home/runner/.m2/repository/org/apache/ratis/ratis-client/2.4.0/ratis-client-2.4.0.jar:/home/runner/.m2/repository/org/apache/ratis/ratis-server-api/2.4.0/ratis-server-api-2.4.0.jar:/home/runner/.m2/repository/org/apache/ratis/ratis-metrics/2.4.0/ratis-metrics-2.4.0.jar:/home/runner/.m2/repository/org/apache/ratis/ratis-netty/2.4.0/ratis-netty-2.4.0.jar:/home/runner/.m2/repository/org/apache/ratis/ratis-grpc/2.4.0/ratis-grpc-2.4.0.jar:/home/runner/.m2/repository/org/apache/logging/log4j/log4j-api/2.17.1/log4j-api-2.17.1.jar:/home/runner/.m2/repository/org/apache/commons/commons-pool2/2.6.0/commons-pool2-2.6.0.jar:/home/runner/.m2/repository/org/bouncycastle/bcpkix-jdk15on/1.67/bcpkix-jdk15on-1.67.jar:/home/runner/.m2/repository/commons-validator/commons-validator/1.6/commons-validator-1.6.jar:/home/runner/.m2/repository/commons-beanutils/commons-beanutils/1.9.4/commons-beanutils-1.9.4.jar:/home/runner/.m2/repository/commons-digester/commons-digester/1.8.1/commons-digester-1.8.1.jar:/home/runner/.m2/repository/commons-collections/commons-collections/3.2.2/commons-collections-3.2.2.jar:/home/runner/.m2/repository/io/jaegertracing/jaeger-client/1.6.0/jaeger-client-1.6.0.jar:/home/runner/.m2/repository/io/jaegertracing/jaeger-thrift/1.6.0/jaeger-thrift-1.6.0.jar:/home/runner/.m2/repository/org/apache/thrift/libthrift/0.14.1/libthrift-0.14.1.jar:/home/runner/.m2/repository/io/jaegertracing/jaeger-core/1.6.0/jaeger-core-1.6.0.jar:/home/runner/.m2/repository/io/jaegertracing/jaeger-tracerresolver/1.6.0/jaeger-tracerresolver-1.6.0.jar:/home/runner/.m2/repository/io/opentracing/contrib/opentracing-tracerresolver/0.1.8/opentracing-tracerresolver-0.1.8.jar:/home/runner/.m2/repository/org/jetbrains/kotlin/kotlin-stdlib/1.6.21/kotlin-stdlib-1.6.21.jar:/home/runner/.m2/repository/org/jetbrains/annotations/13.0/annotations-13.0.jar:/home/runner/.m2/repository/io/opentracing/opentracing-util/0.33.0/opentracing-util-0.33.0.jar:/home/runner/.m2/repository/io/opentracing/opentracing-api/0.33.0/opentracing-api-0.33.0.jar:/home/runner/.m2/repository/io/opentracing/opentracing-noop/0.33.0/opentracing-noop-0.33.0.jar:/home/runner/.m2/repository/org/yaml/snakeyaml/1.32/snakeyaml-1.32.jar:/home/runner/.m2/repository/org/apache/ozone/hdds-interface-admin/1.3.0-SNAPSHOT/hdds-interface-admin-1.3.0-SNAPSHOT.jar:/home/runner/.m2/repository/junit/junit/4.13.1/junit-4.13.1.jar:/home/runner/.m2/repository/org/hamcrest/hamcrest-core/1.3/hamcrest-core-1.3.jar:/home/runner/.m2/repository/org/junit/jupiter/junit-jupiter-api/5.8.2/junit-jupiter-api-5.8.2.jar:/home/runner/.m2/repository/org/opentest4j/opentest4j/1.2.0/opentest4j-1.2.0.jar:/home/runner/.m2/repository/org/junit/platform/junit-platform-commons/1.8.2/junit-platform-commons-1.8.2.jar:/home/runner/.m2/repository/org/apiguardian/apiguardian-api/1.1.2/apiguardian-api-1.1.2.jar:/home/runner/.m2/repository/org/junit/jupiter/junit-jupiter-params/5.8.2/junit-jupiter-params-5.8.2.jar:/home/runner/.m2/repository/org/junit/jupiter/junit-jupiter-migrationsupport/5.8.2/junit-jupiter-migrationsupport-5.8.2.jar:/home/runner/.m2/repository/org/junit/jupiter/junit-jupiter-engine/5.8.2/junit-jupiter-engine-5.8.2.jar:/home/runner/.m2/repository/org/junit/platform/junit-platform-engine/1.8.2/junit-platform-engine-1.8.2.jar:/home/runner/.m2/repository/org/junit/vintage/junit-vintage-engine/5.8.2/junit-vintage-engine-5.8.2.jar:/home/runner/.m2/repository/org/junit/platform/junit-platform-launcher/1.8.2/junit-platform-launcher-1.8.2.jar:/home/runner/.m2/repository/org/mockito/mockito-core/2.28.2/mockito-core-2.28.2.jar:/home/runner/.m2/repository/net/bytebuddy/byte-buddy/1.9.10/byte-buddy-1.9.10.jar:/home/runner/.m2/repository/net/bytebuddy/byte-buddy-agent/1.9.10/byte-buddy-agent-1.9.10.jar:/home/runner/.m2/repository/org/objenesis/objenesis/1.0/objenesis-1.0.jar:/home/runner/.m2/repository/org/apache/hadoop/hadoop-kms/3.3.4/hadoop-kms-3.3.4.jar:/home/runner/.m2/repository/org/apache/hadoop/hadoop-auth/3.3.4/hadoop-auth-3.3.4.jar:/home/runner/.m2/repository/com/nimbusds/nimbus-jose-jwt/7.9/nimbus-jose-jwt-7.9.jar:/home/runner/.m2/repository/com/github/stephenc/jcip/jcip-annotations/1.0-1/jcip-annotations-1.0-1.jar:/home/runner/.m2/repository/net/minidev/json-smart/2.4.7/json-smart-2.4.7.jar:/home/runner/.m2/repository/net/minidev/accessors-smart/2.4.7/accessors-smart-2.4.7.jar:/home/runner/.m2/repository/org/ow2/asm/asm/5.0.4/asm-5.0.4.jar:/home/runner/.m2/repository/org/apache/zookeeper/zookeeper/3.5.6/zookeeper-3.5.6.jar:/home/runner/.m2/repository/org/apache/zookeeper/zookeeper-jute/3.5.6/zookeeper-jute-3.5.6.jar:/home/runner/.m2/repository/org/apache/yetus/audience-annotations/0.5.0/audience-annotations-0.5.0.jar:/home/runner/.m2/repository/org/apache/curator/curator-framework/4.2.0/curator-framework-4.2.0.jar:/home/runner/.m2/repository/org/apache/hadoop/thirdparty/hadoop-shaded-guava/1.1.1/hadoop-shaded-guava-1.1.1.jar:/home/runner/.m2/repository/com/sun/jersey/jersey-core/1.19/jersey-core-1.19.jar:/home/runner/.m2/repository/javax/ws/rs/jsr311-api/1.1.1/jsr311-api-1.1.1.jar:/home/runner/.m2/repository/com/sun/jersey/jersey-server/1.19/jersey-server-1.19.jar:/home/runner/.m2/repository/javax/servlet/javax.servlet-api/3.1.0/javax.servlet-api-3.1.0.jar:/home/runner/.m2/repository/org/eclipse/jetty/jetty-server/9.4.49.v20220914/jetty-server-9.4.49.v20220914.jar:/home/runner/.m2/repository/org/eclipse/jetty/jetty-http/9.4.49.v20220914/jetty-http-9.4.49.v20220914.jar:/home/runner/.m2/repository/org/eclipse/jetty/jetty-io/9.4.49.v20220914/jetty-io-9.4.49.v20220914.jar:/home/runner/.m2/repository/org/eclipse/jetty/jetty-webapp/9.4.49.v20220914/jetty-webapp-9.4.49.v20220914.jar:/home/runner/.m2/repository/org/eclipse/jetty/jetty-xml/9.4.49.v20220914/jetty-xml-9.4.49.v20220914.jar:/home/runner/.m2/repository/org/apache/hadoop/hadoop-common/3.3.4/hadoop-common-3.3.4.jar:/home/runner/.m2/repository/org/apache/commons/commons-math3/3.1.1/commons-math3-3.1.1.jar:/home/runner/.m2/repository/commons-net/commons-net/3.6/commons-net-3.6.jar:/home/runner/.m2/repository/com/sun/jersey/jersey-servlet/1.19/jersey-servlet-1.19.jar:/home/runner/.m2/repository/com/sun/jersey/jersey-json/1.19/jersey-json-1.19.jar:/home/runner/.m2/repository/org/codehaus/jettison/jettison/1.1/jettison-1.1.jar:/home/runner/.m2/repository/com/sun/xml/bind/jaxb-impl/2.2.3-1/jaxb-impl-2.2.3-1.jar:/home/runner/.m2/repository/org/codehaus/jackson/jackson-xc/1.9.2/jackson-xc-1.9.2.jar:/home/runner/.m2/repository/com/google/re2j/re2j/1.1/re2j-1.1.jar:/home/runner/.m2/repository/com/jcraft/jsch/0.1.54/jsch-0.1.54.jar:/home/runner/.m2/repository/org/apache/curator/curator-client/4.2.0/curator-client-4.2.0.jar:/home/runner/.m2/repository/org/apache/curator/curator-recipes/4.2.0/curator-recipes-4.2.0.jar:/home/runner/.m2/repository/org/apache/kerby/kerb-core/1.0.1/kerb-core-1.0.1.jar:/home/runner/.m2/repository/org/apache/kerby/kerby-pkix/1.0.1/kerby-pkix-1.0.1.jar:/home/runner/.m2/repository/org/apache/kerby/kerby-asn1/1.0.1/kerby-asn1-1.0.1.jar:/home/runner/.m2/repository/org/apache/kerby/kerby-util/1.0.1/kerby-util-1.0.1.jar:/home/runner/.m2/repository/dnsjava/dnsjava/2.1.7/dnsjava-2.1.7.jar:/home/runner/.m2/repository/org/xerial/snappy/snappy-java/1.1.8.2/snappy-java-1.1.8.2.jar:/home/runner/.m2/repository/org/eclipse/jetty/jetty-util/9.4.49.v20220914/jetty-util-9.4.49.v20220914.jar:/home/runner/.m2/repository/com/fasterxml/jackson/core/jackson-databind/2.13.4.2/jackson-databind-2.13.4.2.jar:/home/runner/.m2/repository/org/apache/hadoop/hadoop-kms/3.3.4/hadoop-kms-3.3.4-tests.jar:/home/runner/.m2/repository/org/apache/ozone/hdds-server-scm/1.3.0-SNAPSHOT/hdds-server-scm-1.3.0-SNAPSHOT-tests.jar:/home/runner/.m2/repository/org/apache/ozone/hdds-container-service/1.3.0-SNAPSHOT/hdds-container-service-1.3.0-SNAPSHOT-tests.jar:/home/runner/.m2/repository/commons-codec/commons-codec/1.11/commons-codec-1.11.jar:/home/runner/.m2/repository/io/netty/netty-codec/4.1.79.Final/netty-codec-4.1.79.Final.jar:/home/runner/.m2/repository/io/netty/netty-handler/4.1.79.Final/netty-handler-4.1.79.Final.jar:/home/runner/.m2/repository/org/apache/ozone/hdds-hadoop-dependency-test/1.3.0-SNAPSHOT/hdds-hadoop-dependency-test-1.3.0-SNAPSHOT.jar:/home/runner/.m2/repository/org/apache/hadoop/hadoop-common/3.3.4/hadoop-common-3.3.4-tests.jar:/home/runner/.m2/repository/org/apache/hadoop/hadoop-hdfs/3.3.4/hadoop-hdfs-3.3.4-tests.jar:/home/runner/.m2/repository/org/assertj/assertj-core/3.12.2/assertj-core-3.12.2.jar:/home/runner/.m2/repository/org/apache/hadoop/hadoop-distcp/3.3.4/hadoop-distcp-3.3.4.jar:/home/runner/.m2/repository/org/apache/hadoop/hadoop-mapreduce-client-jobclient/3.3.4/hadoop-mapreduce-client-jobclient-3.3.4.jar:/home/runner/.m2/repository/org/apache/hadoop/hadoop-mapreduce-client-common/3.3.4/hadoop-mapreduce-client-common-3.3.4.jar:/home/runner/.m2/repository/org/apache/hadoop/hadoop-yarn-common/3.3.4/hadoop-yarn-common-3.3.4.jar:/home/runner/.m2/repository/org/apache/hadoop/hadoop-yarn-api/3.3.4/hadoop-yarn-api-3.3.4.jar:/home/runner/.m2/repository/com/sun/jersey/contribs/jersey-guice/1.19/jersey-guice-1.19.jar:/home/runner/.m2/repository/com/fasterxml/jackson/jaxrs/jackson-jaxrs-json-provider/2.13.4/jackson-jaxrs-json-provider-2.13.4.jar:/home/runner/.m2/repository/com/fasterxml/jackson/jaxrs/jackson-jaxrs-base/2.13.4/jackson-jaxrs-base-2.13.4.jar:/home/runner/.m2/repository/org/apache/hadoop/hadoop-yarn-client/3.3.4/hadoop-yarn-client-3.3.4.jar:/home/runner/.m2/repository/org/eclipse/jetty/websocket/websocket-client/9.4.43.v20210629/websocket-client-9.4.43.v20210629.jar:/home/runner/.m2/repository/org/eclipse/jetty/websocket/websocket-common/9.4.43.v20210629/websocket-common-9.4.43.v20210629.jar:/home/runner/.m2/repository/org/eclipse/jetty/websocket/websocket-api/9.4.43.v20210629/websocket-api-9.4.43.v20210629.jar:/home/runner/.m2/repository/org/jline/jline/3.9.0/jline-3.9.0.jar:/home/runner/.m2/repository/org/apache/hadoop/hadoop-mapreduce-client-core/3.3.4/hadoop-mapreduce-client-core-3.3.4.jar:/home/runner/.m2/repository/org/apache/avro/avro/1.7.7/avro-1.7.7.jar:/home/runner/.m2/repository/org/codehaus/jackson/jackson-core-asl/1.9.13/jackson-core-asl-1.9.13.jar:/home/runner/.m2/repository/org/codehaus/jackson/jackson-mapper-asl/1.9.13/jackson-mapper-asl-1.9.13.jar:/home/runner/.m2/repository/com/thoughtworks/paranamer/paranamer/2.3/paranamer-2.3.jar:/home/runner/.m2/repository/org/apache/hadoop/hadoop-annotations/3.3.4/hadoop-annotations-3.3.4.jar:/usr/lib/jvm/temurin-8-jdk-amd64/jre/../lib/tools.jar:/home/runner/.m2/repository/io/netty/netty/3.10.6.Final/netty-3.10.6.Final.jar:/home/runner/.m2/repository/org/apache/hadoop/hadoop-distcp/3.3.4/hadoop-distcp-3.3.4-tests.jar:/home/runner/.m2/repository/org/slf4j/jul-to-slf4j/1.7.36/jul-to-slf4j-1.7.36.jar:/home/runner/.m2/repository/org/apache/ratis/ratis-common/2.4.0/ratis-common-2.4.0.jar:/home/runner/.m2/repository/org/apache/ratis/ratis-thirdparty-misc/1.0.2/ratis-thirdparty-misc-1.0.2.jar:/home/runner/.m2/repository/org/apache/ratis/ratis-proto/2.4.0/ratis-proto-2.4.0.jar:"/>
    <property name="java.vm.vendor" value="Temurin"/>
    <property name="sun.arch.data.model" value="64"/>
    <property name="test.build.dir" value="/home/runner/work/ozone/ozone/hadoop-ozone/integration-test/target/test-dir"/>
    <property name="test.cache.data" value=""/>
    <property name="java.vendor.url" value="https://adoptium.net/"/>
    <property name="user.timezone" value="Etc/UTC"/>
    <property name="java.vm.specification.version" value="1.8"/>
    <property name="os.name" value="Linux"/>
    <property name="test.build.data" value="/home/runner/work/ozone/ozone/hadoop-ozone/integration-test/target/test-dir"/>
    <property name="sun.java.launcher" value="SUN_STANDARD"/>
    <property name="sun.boot.library.path" value="/usr/lib/jvm/temurin-8-jdk-amd64/jre/lib/amd64"/>
    <property name="sun.java.command" value="/home/runner/work/ozone/ozone/hadoop-ozone/integration-test/target/surefire/surefirebooter4401638903619041121.jar /home/runner/work/ozone/ozone/hadoop-ozone/integration-test/target/surefire 2022-11-05T12-52-38_538-jvmRun1 surefire7830063061403526281tmp surefire_126818675142563007783tmp"/>
    <property name="surefire.test.class.path" value="/home/runner/work/ozone/ozone/hadoop-ozone/integration-test/target/test-classes:/home/runner/work/ozone/ozone/hadoop-ozone/integration-test/target/classes:/home/runner/.m2/repository/org/apache/ozone/ozone-common/1.3.0-SNAPSHOT/ozone-common-1.3.0-SNAPSHOT.jar:/home/runner/.m2/repository/io/grpc/grpc-netty/1.48.1/grpc-netty-1.48.1.jar:/home/runner/.m2/repository/io/grpc/grpc-core/1.48.1/grpc-core-1.48.1.jar:/home/runner/.m2/repository/com/google/android/annotations/4.1.1.4/annotations-4.1.1.4.jar:/home/runner/.m2/repository/org/codehaus/mojo/animal-sniffer-annotations/1.21/animal-sniffer-annotations-1.21.jar:/home/runner/.m2/repository/com/google/errorprone/error_prone_annotations/2.2.0/error_prone_annotations-2.2.0.jar:/home/runner/.m2/repository/io/perfmark/perfmark-api/0.25.0/perfmark-api-0.25.0.jar:/home/runner/.m2/repository/io/netty/netty-codec-http2/4.1.79.Final/netty-codec-http2-4.1.79.Final.jar:/home/runner/.m2/repository/io/netty/netty-common/4.1.79.Final/netty-common-4.1.79.Final.jar:/home/runner/.m2/repository/io/netty/netty-buffer/4.1.79.Final/netty-buffer-4.1.79.Final.jar:/home/runner/.m2/repository/io/netty/netty-codec-http/4.1.79.Final/netty-codec-http-4.1.79.Final.jar:/home/runner/.m2/repository/io/netty/netty-handler-proxy/4.1.79.Final/netty-handler-proxy-4.1.79.Final.jar:/home/runner/.m2/repository/io/netty/netty-codec-socks/4.1.79.Final/netty-codec-socks-4.1.79.Final.jar:/home/runner/.m2/repository/io/netty/netty-tcnative-boringssl-static/2.0.53.Final/netty-tcnative-boringssl-static-2.0.53.Final.jar:/home/runner/.m2/repository/io/netty/netty-tcnative-classes/2.0.53.Final/netty-tcnative-classes-2.0.53.Final.jar:/home/runner/.m2/repository/io/netty/netty-tcnative-boringssl-static/2.0.53.Final/netty-tcnative-boringssl-static-2.0.53.Final-linux-x86_64.jar:/home/runner/.m2/repository/io/netty/netty-tcnative-boringssl-static/2.0.53.Final/netty-tcnative-boringssl-static-2.0.53.Final-linux-aarch_64.jar:/home/runner/.m2/repository/io/netty/netty-tcnative-boringssl-static/2.0.53.Final/netty-tcnative-boringssl-static-2.0.53.Final-osx-x86_64.jar:/home/runner/.m2/repository/io/netty/netty-tcnative-boringssl-static/2.0.53.Final/netty-tcnative-boringssl-static-2.0.53.Final-osx-aarch_64.jar:/home/runner/.m2/repository/io/netty/netty-tcnative-boringssl-static/2.0.53.Final/netty-tcnative-boringssl-static-2.0.53.Final-windows-x86_64.jar:/home/runner/.m2/repository/org/apache/commons/commons-compress/1.21/commons-compress-1.21.jar:/home/runner/.m2/repository/org/apache/ozone/hdds-common/1.3.0-SNAPSHOT/hdds-common-1.3.0-SNAPSHOT.jar:/home/runner/.m2/repository/org/apache/ozone/hdds-client/1.3.0-SNAPSHOT/hdds-client-1.3.0-SNAPSHOT.jar:/home/runner/.m2/repository/org/apache/ozone/ozone-interface-client/1.3.0-SNAPSHOT/ozone-interface-client-1.3.0-SNAPSHOT.jar:/home/runner/.m2/repository/org/apache/ozone/hdds-test-utils/1.3.0-SNAPSHOT/hdds-test-utils-1.3.0-SNAPSHOT.jar:/home/runner/.m2/repository/com/google/guava/guava/31.1-jre/guava-31.1-jre.jar:/home/runner/.m2/repository/com/google/guava/failureaccess/1.0.1/failureaccess-1.0.1.jar:/home/runner/.m2/repository/com/google/guava/listenablefuture/9999.0-empty-to-avoid-conflict-with-guava/listenablefuture-9999.0-empty-to-avoid-conflict-with-guava.jar:/home/runner/.m2/repository/com/google/code/findbugs/jsr305/3.0.0/jsr305-3.0.0.jar:/home/runner/.m2/repository/org/checkerframework/checker-qual/3.12.0/checker-qual-3.12.0.jar:/home/runner/.m2/repository/com/google/j2objc/j2objc-annotations/1.3/j2objc-annotations-1.3.jar:/home/runner/.m2/repository/commons-io/commons-io/2.11.0/commons-io-2.11.0.jar:/home/runner/.m2/repository/commons-logging/commons-logging/1.2/commons-logging-1.2.jar:/home/runner/.m2/repository/ch/qos/reload4j/reload4j/1.2.22/reload4j-1.2.22.jar:/home/runner/.m2/repository/org/slf4j/slf4j-api/1.7.36/slf4j-api-1.7.36.jar:/home/runner/.m2/repository/org/apache/ozone/hdds-server-scm/1.3.0-SNAPSHOT/hdds-server-scm-1.3.0-SNAPSHOT.jar:/home/runner/.m2/repository/org/apache/ozone/hdds-container-service/1.3.0-SNAPSHOT/hdds-container-service-1.3.0-SNAPSHOT.jar:/home/runner/.m2/repository/org/apache/ozone/hdds-hadoop-dependency-server/1.3.0-SNAPSHOT/hdds-hadoop-dependency-server-1.3.0-SNAPSHOT.jar:/home/runner/.m2/repository/org/apache/hadoop/hadoop-hdfs/3.3.4/hadoop-hdfs-3.3.4.jar:/home/runner/.m2/repository/org/eclipse/jetty/jetty-util-ajax/9.4.49.v20220914/jetty-util-ajax-9.4.49.v20220914.jar:/home/runner/.m2/repository/commons-daemon/commons-daemon/1.0.13/commons-daemon-1.0.13.jar:/home/runner/.m2/repository/org/apache/ozone/hdds-server-framework/1.3.0-SNAPSHOT/hdds-server-framework-1.3.0-SNAPSHOT.jar:/home/runner/.m2/repository/org/apache/ozone/hdds-interface-server/1.3.0-SNAPSHOT/hdds-interface-server-1.3.0-SNAPSHOT.jar:/home/runner/.m2/repository/org/apache/commons/commons-configuration2/2.1.1/commons-configuration2-2.1.1.jar:/home/runner/.m2/repository/org/apache/logging/log4j/log4j-core/2.17.1/log4j-core-2.17.1.jar:/home/runner/.m2/repository/com/lmax/disruptor/3.4.2/disruptor-3.4.2.jar:/home/runner/.m2/repository/org/eclipse/jetty/jetty-servlet/9.4.49.v20220914/jetty-servlet-9.4.49.v20220914.jar:/home/runner/.m2/repository/org/eclipse/jetty/jetty-security/9.4.49.v20220914/jetty-security-9.4.49.v20220914.jar:/home/runner/.m2/repository/org/rocksdb/rocksdbjni/7.4.5/rocksdbjni-7.4.5.jar:/home/runner/.m2/repository/io/prometheus/simpleclient_dropwizard/0.7.0/simpleclient_dropwizard-0.7.0.jar:/home/runner/.m2/repository/io/prometheus/simpleclient/0.7.0/simpleclient-0.7.0.jar:/home/runner/.m2/repository/io/prometheus/simpleclient_common/0.7.0/simpleclient_common-0.7.0.jar:/home/runner/.m2/repository/com/github/spotbugs/spotbugs-annotations/3.1.12/spotbugs-annotations-3.1.12.jar:/home/runner/.m2/repository/io/dropwizard/metrics/metrics-core/3.2.4/metrics-core-3.2.4.jar:/home/runner/.m2/repository/org/apache/commons/commons-text/1.4/commons-text-1.4.jar:/home/runner/.m2/repository/org/apache/hadoop/hadoop-hdfs-client/3.3.4/hadoop-hdfs-client-3.3.4.jar:/home/runner/.m2/repository/com/squareup/okhttp3/okhttp/4.9.3/okhttp-4.9.3.jar:/home/runner/.m2/repository/com/squareup/okio/okio/2.8.0/okio-2.8.0.jar:/home/runner/.m2/repository/org/jetbrains/kotlin/kotlin-stdlib-common/1.4.10/kotlin-stdlib-common-1.4.10.jar:/home/runner/.m2/repository/org/bouncycastle/bcprov-jdk15on/1.67/bcprov-jdk15on-1.67.jar:/home/runner/.m2/repository/com/google/protobuf/protobuf-java/2.5.0/protobuf-java-2.5.0.jar:/home/runner/.m2/repository/org/apache/ozone/ozone-manager/1.3.0-SNAPSHOT/ozone-manager-1.3.0-SNAPSHOT.jar:/home/runner/.m2/repository/org/aspectj/aspectjrt/1.9.7/aspectjrt-1.9.7.jar:/home/runner/.m2/repository/org/aspectj/aspectjweaver/1.9.7/aspectjweaver-1.9.7.jar:/home/runner/.m2/repository/org/apache/ozone/hdds-interface-client/1.3.0-SNAPSHOT/hdds-interface-client-1.3.0-SNAPSHOT.jar:/home/runner/.m2/repository/org/apache/hadoop/thirdparty/hadoop-shaded-protobuf_3_7/1.1.1/hadoop-shaded-protobuf_3_7-1.1.1.jar:/home/runner/.m2/repository/org/apache/ozone/ozone-interface-storage/1.3.0-SNAPSHOT/ozone-interface-storage-1.3.0-SNAPSHOT.jar:/home/runner/.m2/repository/org/reflections/reflections/0.9.11/reflections-0.9.11.jar:/home/runner/.m2/repository/com/sun/jersey/jersey-client/1.19/jersey-client-1.19.jar:/home/runner/.m2/repository/org/apache/ranger/ranger-intg/2.3.0/ranger-intg-2.3.0.jar:/home/runner/.m2/repository/org/apache/ranger/ranger-plugins-common/2.3.0/ranger-plugins-common-2.3.0.jar:/home/runner/.m2/repository/commons-lang/commons-lang/2.6/commons-lang-2.6.jar:/home/runner/.m2/repository/org/codehaus/jackson/jackson-jaxrs/1.9.13/jackson-jaxrs-1.9.13.jar:/home/runner/.m2/repository/org/apache/ranger/ranger-plugins-cred/2.3.0/ranger-plugins-cred-2.3.0.jar:/home/runner/.m2/repository/org/apache/ranger/ranger-plugins-audit/2.3.0/ranger-plugins-audit-2.3.0.jar:/home/runner/.m2/repository/org/eclipse/jetty/jetty-client/9.4.31.v20200723/jetty-client-9.4.31.v20200723.jar:/home/runner/.m2/repository/org/apache/httpcomponents/httpmime/4.5.6/httpmime-4.5.6.jar:/home/runner/.m2/repository/org/apache/httpcomponents/httpcore-nio/4.4.6/httpcore-nio-4.4.6.jar:/home/runner/.m2/repository/org/apache/httpcomponents/httpasyncclient/4.1.3/httpasyncclient-4.1.3.jar:/home/runner/.m2/repository/com/carrotsearch/hppc/0.8.0/hppc-0.8.0.jar:/home/runner/.m2/repository/org/apache/orc/orc-core/1.5.8/orc-core-1.5.8.jar:/home/runner/.m2/repository/net/java/dev/jna/jna/5.2.0/jna-5.2.0.jar:/home/runner/.m2/repository/net/java/dev/jna/jna-platform/5.2.0/jna-platform-5.2.0.jar:/home/runner/.m2/repository/com/kstruct/gethostname4j/0.0.2/gethostname4j-0.0.2.jar:/home/runner/.m2/repository/org/apache/ranger/ranger-plugin-classloader/2.3.0/ranger-plugin-classloader-2.3.0.jar:/home/runner/.m2/repository/org/apache/hadoop/hadoop-minikdc/3.3.4/hadoop-minikdc-3.3.4.jar:/home/runner/.m2/repository/org/apache/kerby/kerb-simplekdc/1.0.1/kerb-simplekdc-1.0.1.jar:/home/runner/.m2/repository/org/apache/kerby/kerb-client/1.0.1/kerb-client-1.0.1.jar:/home/runner/.m2/repository/org/apache/kerby/kerby-config/1.0.1/kerby-config-1.0.1.jar:/home/runner/.m2/repository/org/apache/kerby/kerb-common/1.0.1/kerb-common-1.0.1.jar:/home/runner/.m2/repository/org/apache/kerby/kerb-crypto/1.0.1/kerb-crypto-1.0.1.jar:/home/runner/.m2/repository/org/apache/kerby/kerb-util/1.0.1/kerb-util-1.0.1.jar:/home/runner/.m2/repository/org/apache/kerby/token-provider/1.0.1/token-provider-1.0.1.jar:/home/runner/.m2/repository/org/apache/kerby/kerb-admin/1.0.1/kerb-admin-1.0.1.jar:/home/runner/.m2/repository/org/apache/kerby/kerb-server/1.0.1/kerb-server-1.0.1.jar:/home/runner/.m2/repository/org/apache/kerby/kerb-identity/1.0.1/kerb-identity-1.0.1.jar:/home/runner/.m2/repository/org/apache/kerby/kerby-xdr/1.0.1/kerby-xdr-1.0.1.jar:/home/runner/.m2/repository/org/apache/ozone/ozone-s3gateway/1.3.0-SNAPSHOT/ozone-s3gateway-1.3.0-SNAPSHOT.jar:/home/runner/.m2/repository/org/javassist/javassist/3.21.0-GA/javassist-3.21.0-GA.jar:/home/runner/.m2/repository/org/jboss/weld/servlet/weld-servlet/2.4.7.Final/weld-servlet-2.4.7.Final.jar:/home/runner/.m2/repository/org/glassfish/jersey/containers/jersey-container-servlet-core/2.34/jersey-container-servlet-core-2.34.jar:/home/runner/.m2/repository/org/glassfish/hk2/external/jakarta.inject/2.6.1/jakarta.inject-2.6.1.jar:/home/runner/.m2/repository/org/glassfish/jersey/core/jersey-common/2.34/jersey-common-2.34.jar:/home/runner/.m2/repository/jakarta/ws/rs/jakarta.ws.rs-api/2.1.6/jakarta.ws.rs-api-2.1.6.jar:/home/runner/.m2/repository/org/glassfish/jersey/ext/cdi/jersey-cdi1x/2.34/jersey-cdi1x-2.34.jar:/home/runner/.m2/repository/org/glassfish/jersey/inject/jersey-hk2/2.34/jersey-hk2-2.34.jar:/home/runner/.m2/repository/org/glassfish/hk2/hk2-locator/2.6.1/hk2-locator-2.6.1.jar:/home/runner/.m2/repository/org/glassfish/jersey/media/jersey-media-jaxb/2.34/jersey-media-jaxb-2.34.jar:/home/runner/.m2/repository/org/glassfish/hk2/osgi-resource-locator/1.0.3/osgi-resource-locator-1.0.3.jar:/home/runner/.m2/repository/org/glassfish/hk2/hk2-api/2.5.0/hk2-api-2.5.0.jar:/home/runner/.m2/repository/org/glassfish/hk2/hk2-utils/2.5.0/hk2-utils-2.5.0.jar:/home/runner/.m2/repository/org/glassfish/hk2/external/aopalliance-repackaged/2.5.0/aopalliance-repackaged-2.5.0.jar:/home/runner/.m2/repository/com/fasterxml/jackson/dataformat/jackson-dataformat-xml/2.13.4/jackson-dataformat-xml-2.13.4.jar:/home/runner/.m2/repository/com/fasterxml/jackson/core/jackson-core/2.13.4/jackson-core-2.13.4.jar:/home/runner/.m2/repository/org/codehaus/woodstox/stax2-api/3.1.4/stax2-api-3.1.4.jar:/home/runner/.m2/repository/com/fasterxml/woodstox/woodstox-core/5.4.0/woodstox-core-5.4.0.jar:/home/runner/.m2/repository/com/fasterxml/jackson/module/jackson-module-jaxb-annotations/2.13.4/jackson-module-jaxb-annotations-2.13.4.jar:/home/runner/.m2/repository/jakarta/xml/bind/jakarta.xml.bind-api/2.3.3/jakarta.xml.bind-api-2.3.3.jar:/home/runner/.m2/repository/jakarta/activation/jakarta.activation-api/1.2.1/jakarta.activation-api-1.2.1.jar:/home/runner/.m2/repository/javax/enterprise/cdi-api/1.2/cdi-api-1.2.jar:/home/runner/.m2/repository/javax/el/javax.el-api/3.0.0/javax.el-api-3.0.0.jar:/home/runner/.m2/repository/javax/interceptor/javax.interceptor-api/1.2/javax.interceptor-api-1.2.jar:/home/runner/.m2/repository/javax/inject/javax.inject/1/javax.inject-1.jar:/home/runner/.m2/repository/javax/xml/bind/jaxb-api/2.3.0/jaxb-api-2.3.0.jar:/home/runner/.m2/repository/org/glassfish/jaxb/jaxb-runtime/2.3.0.1/jaxb-runtime-2.3.0.1.jar:/home/runner/.m2/repository/org/glassfish/jaxb/jaxb-core/2.3.0.1/jaxb-core-2.3.0.1.jar:/home/runner/.m2/repository/org/glassfish/jaxb/txw2/2.3.0.1/txw2-2.3.0.1.jar:/home/runner/.m2/repository/com/sun/istack/istack-commons-runtime/3.0.5/istack-commons-runtime-3.0.5.jar:/home/runner/.m2/repository/org/jvnet/staxex/stax-ex/1.7.8/stax-ex-1.7.8.jar:/home/runner/.m2/repository/com/sun/xml/fastinfoset/FastInfoset/1.2.13/FastInfoset-1.2.13.jar:/home/runner/.m2/repository/javax/activation/activation/1.1.1/activation-1.1.1.jar:/home/runner/.m2/repository/io/grpc/grpc-protobuf/1.48.1/grpc-protobuf-1.48.1.jar:/home/runner/.m2/repository/io/grpc/grpc-api/1.48.1/grpc-api-1.48.1.jar:/home/runner/.m2/repository/io/grpc/grpc-context/1.48.1/grpc-context-1.48.1.jar:/home/runner/.m2/repository/com/google/api/grpc/proto-google-common-protos/2.9.0/proto-google-common-protos-2.9.0.jar:/home/runner/.m2/repository/io/grpc/grpc-protobuf-lite/1.48.1/grpc-protobuf-lite-1.48.1.jar:/home/runner/.m2/repository/io/grpc/grpc-stub/1.48.1/grpc-stub-1.48.1.jar:/home/runner/.m2/repository/io/netty/netty-transport/4.1.79.Final/netty-transport-4.1.79.Final.jar:/home/runner/.m2/repository/io/netty/netty-resolver/4.1.79.Final/netty-resolver-4.1.79.Final.jar:/home/runner/.m2/repository/org/apache/ozone/ozone-csi/1.3.0-SNAPSHOT/ozone-csi-1.3.0-SNAPSHOT.jar:/home/runner/.m2/repository/com/google/protobuf/protobuf-java-util/3.19.2/protobuf-java-util-3.19.2.jar:/home/runner/.m2/repository/com/google/code/gson/gson/2.9.0/gson-2.9.0.jar:/home/runner/.m2/repository/org/apache/ozone/hdds-config/1.3.0-SNAPSHOT/hdds-config-1.3.0-SNAPSHOT.jar:/home/runner/.m2/repository/io/netty/netty-transport-native-epoll/4.1.79.Final/netty-transport-native-epoll-4.1.79.Final-linux-x86_64.jar:/home/runner/.m2/repository/io/netty/netty-transport-classes-epoll/4.1.79.Final/netty-transport-classes-epoll-4.1.79.Final.jar:/home/runner/.m2/repository/io/netty/netty-transport-native-unix-common/4.1.79.Final/netty-transport-native-unix-common-4.1.79.Final.jar:/home/runner/.m2/repository/org/slf4j/slf4j-reload4j/1.7.36/slf4j-reload4j-1.7.36.jar:/home/runner/.m2/repository/org/apache/ozone/ozone-recon/1.3.0-SNAPSHOT/ozone-recon-1.3.0-SNAPSHOT.jar:/home/runner/.m2/repository/org/apache/ozone/ozone-reconcodegen/1.3.0-SNAPSHOT/ozone-reconcodegen-1.3.0-SNAPSHOT.jar:/home/runner/.m2/repository/com/google/inject/extensions/guice-multibindings/4.0/guice-multibindings-4.0.jar:/home/runner/.m2/repository/com/google/inject/guice/4.0/guice-4.0.jar:/home/runner/.m2/repository/aopalliance/aopalliance/1.0/aopalliance-1.0.jar:/home/runner/.m2/repository/com/google/inject/extensions/guice-assistedinject/4.0/guice-assistedinject-4.0.jar:/home/runner/.m2/repository/com/google/inject/extensions/guice-servlet/4.0/guice-servlet-4.0.jar:/home/runner/.m2/repository/org/glassfish/jersey/containers/jersey-container-servlet/2.34/jersey-container-servlet-2.34.jar:/home/runner/.m2/repository/org/glassfish/hk2/guice-bridge/2.5.0/guice-bridge-2.5.0.jar:/home/runner/.m2/repository/org/glassfish/jersey/core/jersey-server/2.34/jersey-server-2.34.jar:/home/runner/.m2/repository/org/glassfish/jersey/core/jersey-client/2.34/jersey-client-2.34.jar:/home/runner/.m2/repository/jakarta/annotation/jakarta.annotation-api/1.3.5/jakarta.annotation-api-1.3.5.jar:/home/runner/.m2/repository/jakarta/validation/jakarta.validation-api/2.0.2/jakarta.validation-api-2.0.2.jar:/home/runner/.m2/repository/org/glassfish/jersey/media/jersey-media-json-jackson/2.34/jersey-media-json-jackson-2.34.jar:/home/runner/.m2/repository/org/glassfish/jersey/ext/jersey-entity-filtering/2.34/jersey-entity-filtering-2.34.jar:/home/runner/.m2/repository/org/jooq/jooq/3.11.10/jooq-3.11.10.jar:/home/runner/.m2/repository/org/jooq/jooq-meta/3.11.10/jooq-meta-3.11.10.jar:/home/runner/.m2/repository/org/jooq/jooq-codegen/3.11.10/jooq-codegen-3.11.10.jar:/home/runner/.m2/repository/com/jolbox/bonecp/0.8.0.RELEASE/bonecp-0.8.0.RELEASE.jar:/home/runner/.m2/repository/org/apache/derby/derby/10.14.2.0/derby-10.14.2.0.jar:/home/runner/.m2/repository/org/xerial/sqlite-jdbc/3.25.2/sqlite-jdbc-3.25.2.jar:/home/runner/.m2/repository/org/springframework/spring-jdbc/5.3.23/spring-jdbc-5.3.23.jar:/home/runner/.m2/repository/org/springframework/spring-beans/5.3.23/spring-beans-5.3.23.jar:/home/runner/.m2/repository/org/springframework/spring-core/5.3.23/spring-core-5.3.23.jar:/home/runner/.m2/repository/org/springframework/spring-jcl/5.3.23/spring-jcl-5.3.23.jar:/home/runner/.m2/repository/org/springframework/spring-tx/5.3.23/spring-tx-5.3.23.jar:/home/runner/.m2/repository/org/apache/ozone/ozone-client/1.3.0-SNAPSHOT/ozone-client-1.3.0-SNAPSHOT.jar:/home/runner/.m2/repository/org/apache/ozone/hdds-erasurecode/1.3.0-SNAPSHOT/hdds-erasurecode-1.3.0-SNAPSHOT.jar:/home/runner/.m2/repository/org/apache/ozone/ozone-filesystem/1.3.0-SNAPSHOT/ozone-filesystem-1.3.0-SNAPSHOT.jar:/home/runner/.m2/repository/org/apache/ozone/ozone-filesystem-common/1.3.0-SNAPSHOT/ozone-filesystem-common-1.3.0-SNAPSHOT.jar:/home/runner/.m2/repository/org/apache/ozone/ozone-tools/1.3.0-SNAPSHOT/ozone-tools-1.3.0-SNAPSHOT.jar:/home/runner/.m2/repository/org/apache/ratis/ratis-tools/2.4.0/ratis-tools-2.4.0.jar:/home/runner/.m2/repository/com/amazonaws/aws-java-sdk-core/1.12.261/aws-java-sdk-core-1.12.261.jar:/home/runner/.m2/repository/org/apache/httpcomponents/httpclient/4.5.13/httpclient-4.5.13.jar:/home/runner/.m2/repository/org/apache/httpcomponents/httpcore/4.4.13/httpcore-4.4.13.jar:/home/runner/.m2/repository/software/amazon/ion/ion-java/1.0.2/ion-java-1.0.2.jar:/home/runner/.m2/repository/com/fasterxml/jackson/dataformat/jackson-dataformat-cbor/2.13.4/jackson-dataformat-cbor-2.13.4.jar:/home/runner/.m2/repository/joda-time/joda-time/2.8.1/joda-time-2.8.1.jar:/home/runner/.m2/repository/com/amazonaws/aws-java-sdk-s3/1.12.261/aws-java-sdk-s3-1.12.261.jar:/home/runner/.m2/repository/com/amazonaws/aws-java-sdk-kms/1.12.261/aws-java-sdk-kms-1.12.261.jar:/home/runner/.m2/repository/com/amazonaws/jmespath-java/1.12.261/jmespath-java-1.12.261.jar:/home/runner/.m2/repository/org/kohsuke/metainf-services/metainf-services/1.8/metainf-services-1.8.jar:/home/runner/.m2/repository/org/apache/ozone/hdds-tools/1.3.0-SNAPSHOT/hdds-tools-1.3.0-SNAPSHOT.jar:/home/runner/.m2/repository/commons-cli/commons-cli/1.2/commons-cli-1.2.jar:/home/runner/.m2/repository/org/apache/commons/commons-lang3/3.7/commons-lang3-3.7.jar:/home/runner/.m2/repository/org/apache/ozone/ozone-manager/1.3.0-SNAPSHOT/ozone-manager-1.3.0-SNAPSHOT-tests.jar:/home/runner/.m2/repository/org/apache/ozone/hdds-common/1.3.0-SNAPSHOT/hdds-common-1.3.0-SNAPSHOT-tests.jar:/home/runner/.m2/repository/org/apache/ozone/hdds-hadoop-dependency-client/1.3.0-SNAPSHOT/hdds-hadoop-dependency-client-1.3.0-SNAPSHOT.jar:/home/runner/.m2/repository/info/picocli/picocli/4.6.1/picocli-4.6.1.jar:/home/runner/.m2/repository/com/fasterxml/jackson/core/jackson-annotations/2.13.4/jackson-annotations-2.13.4.jar:/home/runner/.m2/repository/com/fasterxml/jackson/datatype/jackson-datatype-jsr310/2.13.4/jackson-datatype-jsr310-2.13.4.jar:/home/runner/.m2/repository/org/apache/ozone/hdds-annotation-processing/1.3.0-SNAPSHOT/hdds-annotation-processing-1.3.0-SNAPSHOT.jar:/home/runner/.m2/repository/javax/annotation/javax.annotation-api/1.2/javax.annotation-api-1.2.jar:/home/runner/.m2/repository/org/apache/ratis/ratis-server/2.4.0/ratis-server-2.4.0.jar:/home/runner/.m2/repository/org/apache/ratis/ratis-client/2.4.0/ratis-client-2.4.0.jar:/home/runner/.m2/repository/org/apache/ratis/ratis-server-api/2.4.0/ratis-server-api-2.4.0.jar:/home/runner/.m2/repository/org/apache/ratis/ratis-metrics/2.4.0/ratis-metrics-2.4.0.jar:/home/runner/.m2/repository/org/apache/ratis/ratis-netty/2.4.0/ratis-netty-2.4.0.jar:/home/runner/.m2/repository/org/apache/ratis/ratis-grpc/2.4.0/ratis-grpc-2.4.0.jar:/home/runner/.m2/repository/org/apache/logging/log4j/log4j-api/2.17.1/log4j-api-2.17.1.jar:/home/runner/.m2/repository/org/apache/commons/commons-pool2/2.6.0/commons-pool2-2.6.0.jar:/home/runner/.m2/repository/org/bouncycastle/bcpkix-jdk15on/1.67/bcpkix-jdk15on-1.67.jar:/home/runner/.m2/repository/commons-validator/commons-validator/1.6/commons-validator-1.6.jar:/home/runner/.m2/repository/commons-beanutils/commons-beanutils/1.9.4/commons-beanutils-1.9.4.jar:/home/runner/.m2/repository/commons-digester/commons-digester/1.8.1/commons-digester-1.8.1.jar:/home/runner/.m2/repository/commons-collections/commons-collections/3.2.2/commons-collections-3.2.2.jar:/home/runner/.m2/repository/io/jaegertracing/jaeger-client/1.6.0/jaeger-client-1.6.0.jar:/home/runner/.m2/repository/io/jaegertracing/jaeger-thrift/1.6.0/jaeger-thrift-1.6.0.jar:/home/runner/.m2/repository/org/apache/thrift/libthrift/0.14.1/libthrift-0.14.1.jar:/home/runner/.m2/repository/io/jaegertracing/jaeger-core/1.6.0/jaeger-core-1.6.0.jar:/home/runner/.m2/repository/io/jaegertracing/jaeger-tracerresolver/1.6.0/jaeger-tracerresolver-1.6.0.jar:/home/runner/.m2/repository/io/opentracing/contrib/opentracing-tracerresolver/0.1.8/opentracing-tracerresolver-0.1.8.jar:/home/runner/.m2/repository/org/jetbrains/kotlin/kotlin-stdlib/1.6.21/kotlin-stdlib-1.6.21.jar:/home/runner/.m2/repository/org/jetbrains/annotations/13.0/annotations-13.0.jar:/home/runner/.m2/repository/io/opentracing/opentracing-util/0.33.0/opentracing-util-0.33.0.jar:/home/runner/.m2/repository/io/opentracing/opentracing-api/0.33.0/opentracing-api-0.33.0.jar:/home/runner/.m2/repository/io/opentracing/opentracing-noop/0.33.0/opentracing-noop-0.33.0.jar:/home/runner/.m2/repository/org/yaml/snakeyaml/1.32/snakeyaml-1.32.jar:/home/runner/.m2/repository/org/apache/ozone/hdds-interface-admin/1.3.0-SNAPSHOT/hdds-interface-admin-1.3.0-SNAPSHOT.jar:/home/runner/.m2/repository/junit/junit/4.13.1/junit-4.13.1.jar:/home/runner/.m2/repository/org/hamcrest/hamcrest-core/1.3/hamcrest-core-1.3.jar:/home/runner/.m2/repository/org/junit/jupiter/junit-jupiter-api/5.8.2/junit-jupiter-api-5.8.2.jar:/home/runner/.m2/repository/org/opentest4j/opentest4j/1.2.0/opentest4j-1.2.0.jar:/home/runner/.m2/repository/org/junit/platform/junit-platform-commons/1.8.2/junit-platform-commons-1.8.2.jar:/home/runner/.m2/repository/org/apiguardian/apiguardian-api/1.1.2/apiguardian-api-1.1.2.jar:/home/runner/.m2/repository/org/junit/jupiter/junit-jupiter-params/5.8.2/junit-jupiter-params-5.8.2.jar:/home/runner/.m2/repository/org/junit/jupiter/junit-jupiter-migrationsupport/5.8.2/junit-jupiter-migrationsupport-5.8.2.jar:/home/runner/.m2/repository/org/junit/jupiter/junit-jupiter-engine/5.8.2/junit-jupiter-engine-5.8.2.jar:/home/runner/.m2/repository/org/junit/platform/junit-platform-engine/1.8.2/junit-platform-engine-1.8.2.jar:/home/runner/.m2/repository/org/junit/vintage/junit-vintage-engine/5.8.2/junit-vintage-engine-5.8.2.jar:/home/runner/.m2/repository/org/junit/platform/junit-platform-launcher/1.8.2/junit-platform-launcher-1.8.2.jar:/home/runner/.m2/repository/org/mockito/mockito-core/2.28.2/mockito-core-2.28.2.jar:/home/runner/.m2/repository/net/bytebuddy/byte-buddy/1.9.10/byte-buddy-1.9.10.jar:/home/runner/.m2/repository/net/bytebuddy/byte-buddy-agent/1.9.10/byte-buddy-agent-1.9.10.jar:/home/runner/.m2/repository/org/objenesis/objenesis/1.0/objenesis-1.0.jar:/home/runner/.m2/repository/org/apache/hadoop/hadoop-kms/3.3.4/hadoop-kms-3.3.4.jar:/home/runner/.m2/repository/org/apache/hadoop/hadoop-auth/3.3.4/hadoop-auth-3.3.4.jar:/home/runner/.m2/repository/com/nimbusds/nimbus-jose-jwt/7.9/nimbus-jose-jwt-7.9.jar:/home/runner/.m2/repository/com/github/stephenc/jcip/jcip-annotations/1.0-1/jcip-annotations-1.0-1.jar:/home/runner/.m2/repository/net/minidev/json-smart/2.4.7/json-smart-2.4.7.jar:/home/runner/.m2/repository/net/minidev/accessors-smart/2.4.7/accessors-smart-2.4.7.jar:/home/runner/.m2/repository/org/ow2/asm/asm/5.0.4/asm-5.0.4.jar:/home/runner/.m2/repository/org/apache/zookeeper/zookeeper/3.5.6/zookeeper-3.5.6.jar:/home/runner/.m2/repository/org/apache/zookeeper/zookeeper-jute/3.5.6/zookeeper-jute-3.5.6.jar:/home/runner/.m2/repository/org/apache/yetus/audience-annotations/0.5.0/audience-annotations-0.5.0.jar:/home/runner/.m2/repository/org/apache/curator/curator-framework/4.2.0/curator-framework-4.2.0.jar:/home/runner/.m2/repository/org/apache/hadoop/thirdparty/hadoop-shaded-guava/1.1.1/hadoop-shaded-guava-1.1.1.jar:/home/runner/.m2/repository/com/sun/jersey/jersey-core/1.19/jersey-core-1.19.jar:/home/runner/.m2/repository/javax/ws/rs/jsr311-api/1.1.1/jsr311-api-1.1.1.jar:/home/runner/.m2/repository/com/sun/jersey/jersey-server/1.19/jersey-server-1.19.jar:/home/runner/.m2/repository/javax/servlet/javax.servlet-api/3.1.0/javax.servlet-api-3.1.0.jar:/home/runner/.m2/repository/org/eclipse/jetty/jetty-server/9.4.49.v20220914/jetty-server-9.4.49.v20220914.jar:/home/runner/.m2/repository/org/eclipse/jetty/jetty-http/9.4.49.v20220914/jetty-http-9.4.49.v20220914.jar:/home/runner/.m2/repository/org/eclipse/jetty/jetty-io/9.4.49.v20220914/jetty-io-9.4.49.v20220914.jar:/home/runner/.m2/repository/org/eclipse/jetty/jetty-webapp/9.4.49.v20220914/jetty-webapp-9.4.49.v20220914.jar:/home/runner/.m2/repository/org/eclipse/jetty/jetty-xml/9.4.49.v20220914/jetty-xml-9.4.49.v20220914.jar:/home/runner/.m2/repository/org/apache/hadoop/hadoop-common/3.3.4/hadoop-common-3.3.4.jar:/home/runner/.m2/repository/org/apache/commons/commons-math3/3.1.1/commons-math3-3.1.1.jar:/home/runner/.m2/repository/commons-net/commons-net/3.6/commons-net-3.6.jar:/home/runner/.m2/repository/com/sun/jersey/jersey-servlet/1.19/jersey-servlet-1.19.jar:/home/runner/.m2/repository/com/sun/jersey/jersey-json/1.19/jersey-json-1.19.jar:/home/runner/.m2/repository/org/codehaus/jettison/jettison/1.1/jettison-1.1.jar:/home/runner/.m2/repository/com/sun/xml/bind/jaxb-impl/2.2.3-1/jaxb-impl-2.2.3-1.jar:/home/runner/.m2/repository/org/codehaus/jackson/jackson-xc/1.9.2/jackson-xc-1.9.2.jar:/home/runner/.m2/repository/com/google/re2j/re2j/1.1/re2j-1.1.jar:/home/runner/.m2/repository/com/jcraft/jsch/0.1.54/jsch-0.1.54.jar:/home/runner/.m2/repository/org/apache/curator/curator-client/4.2.0/curator-client-4.2.0.jar:/home/runner/.m2/repository/org/apache/curator/curator-recipes/4.2.0/curator-recipes-4.2.0.jar:/home/runner/.m2/repository/org/apache/kerby/kerb-core/1.0.1/kerb-core-1.0.1.jar:/home/runner/.m2/repository/org/apache/kerby/kerby-pkix/1.0.1/kerby-pkix-1.0.1.jar:/home/runner/.m2/repository/org/apache/kerby/kerby-asn1/1.0.1/kerby-asn1-1.0.1.jar:/home/runner/.m2/repository/org/apache/kerby/kerby-util/1.0.1/kerby-util-1.0.1.jar:/home/runner/.m2/repository/dnsjava/dnsjava/2.1.7/dnsjava-2.1.7.jar:/home/runner/.m2/repository/org/xerial/snappy/snappy-java/1.1.8.2/snappy-java-1.1.8.2.jar:/home/runner/.m2/repository/org/eclipse/jetty/jetty-util/9.4.49.v20220914/jetty-util-9.4.49.v20220914.jar:/home/runner/.m2/repository/com/fasterxml/jackson/core/jackson-databind/2.13.4.2/jackson-databind-2.13.4.2.jar:/home/runner/.m2/repository/org/apache/hadoop/hadoop-kms/3.3.4/hadoop-kms-3.3.4-tests.jar:/home/runner/.m2/repository/org/apache/ozone/hdds-server-scm/1.3.0-SNAPSHOT/hdds-server-scm-1.3.0-SNAPSHOT-tests.jar:/home/runner/.m2/repository/org/apache/ozone/hdds-container-service/1.3.0-SNAPSHOT/hdds-container-service-1.3.0-SNAPSHOT-tests.jar:/home/runner/.m2/repository/commons-codec/commons-codec/1.11/commons-codec-1.11.jar:/home/runner/.m2/repository/io/netty/netty-codec/4.1.79.Final/netty-codec-4.1.79.Final.jar:/home/runner/.m2/repository/io/netty/netty-handler/4.1.79.Final/netty-handler-4.1.79.Final.jar:/home/runner/.m2/repository/org/apache/ozone/hdds-hadoop-dependency-test/1.3.0-SNAPSHOT/hdds-hadoop-dependency-test-1.3.0-SNAPSHOT.jar:/home/runner/.m2/repository/org/apache/hadoop/hadoop-common/3.3.4/hadoop-common-3.3.4-tests.jar:/home/runner/.m2/repository/org/apache/hadoop/hadoop-hdfs/3.3.4/hadoop-hdfs-3.3.4-tests.jar:/home/runner/.m2/repository/org/assertj/assertj-core/3.12.2/assertj-core-3.12.2.jar:/home/runner/.m2/repository/org/apache/hadoop/hadoop-distcp/3.3.4/hadoop-distcp-3.3.4.jar:/home/runner/.m2/repository/org/apache/hadoop/hadoop-mapreduce-client-jobclient/3.3.4/hadoop-mapreduce-client-jobclient-3.3.4.jar:/home/runner/.m2/repository/org/apache/hadoop/hadoop-mapreduce-client-common/3.3.4/hadoop-mapreduce-client-common-3.3.4.jar:/home/runner/.m2/repository/org/apache/hadoop/hadoop-yarn-common/3.3.4/hadoop-yarn-common-3.3.4.jar:/home/runner/.m2/repository/org/apache/hadoop/hadoop-yarn-api/3.3.4/hadoop-yarn-api-3.3.4.jar:/home/runner/.m2/repository/com/sun/jersey/contribs/jersey-guice/1.19/jersey-guice-1.19.jar:/home/runner/.m2/repository/com/fasterxml/jackson/jaxrs/jackson-jaxrs-json-provider/2.13.4/jackson-jaxrs-json-provider-2.13.4.jar:/home/runner/.m2/repository/com/fasterxml/jackson/jaxrs/jackson-jaxrs-base/2.13.4/jackson-jaxrs-base-2.13.4.jar:/home/runner/.m2/repository/org/apache/hadoop/hadoop-yarn-client/3.3.4/hadoop-yarn-client-3.3.4.jar:/home/runner/.m2/repository/org/eclipse/jetty/websocket/websocket-client/9.4.43.v20210629/websocket-client-9.4.43.v20210629.jar:/home/runner/.m2/repository/org/eclipse/jetty/websocket/websocket-common/9.4.43.v20210629/websocket-common-9.4.43.v20210629.jar:/home/runner/.m2/repository/org/eclipse/jetty/websocket/websocket-api/9.4.43.v20210629/websocket-api-9.4.43.v20210629.jar:/home/runner/.m2/repository/org/jline/jline/3.9.0/jline-3.9.0.jar:/home/runner/.m2/repository/org/apache/hadoop/hadoop-mapreduce-client-core/3.3.4/hadoop-mapreduce-client-core-3.3.4.jar:/home/runner/.m2/repository/org/apache/avro/avro/1.7.7/avro-1.7.7.jar:/home/runner/.m2/repository/org/codehaus/jackson/jackson-core-asl/1.9.13/jackson-core-asl-1.9.13.jar:/home/runner/.m2/repository/org/codehaus/jackson/jackson-mapper-asl/1.9.13/jackson-mapper-asl-1.9.13.jar:/home/runner/.m2/repository/com/thoughtworks/paranamer/paranamer/2.3/paranamer-2.3.jar:/home/runner/.m2/repository/org/apache/hadoop/hadoop-annotations/3.3.4/hadoop-annotations-3.3.4.jar:/usr/lib/jvm/temurin-8-jdk-amd64/jre/../lib/tools.jar:/home/runner/.m2/repository/io/netty/netty/3.10.6.Final/netty-3.10.6.Final.jar:/home/runner/.m2/repository/org/apache/hadoop/hadoop-distcp/3.3.4/hadoop-distcp-3.3.4-tests.jar:/home/runner/.m2/repository/org/slf4j/jul-to-slf4j/1.7.36/jul-to-slf4j-1.7.36.jar:/home/runner/.m2/repository/org/apache/ratis/ratis-common/2.4.0/ratis-common-2.4.0.jar:/home/runner/.m2/repository/org/apache/ratis/ratis-thirdparty-misc/1.0.2/ratis-thirdparty-misc-1.0.2.jar:/home/runner/.m2/repository/org/apache/ratis/ratis-proto/2.4.0/ratis-proto-2.4.0.jar:"/>
    <property name="sun.cpu.endian" value="little"/>
    <property name="user.home" value="/home/runner"/>
    <property name="user.language" value="en"/>
    <property name="java.specification.vendor" value="Oracle Corporation"/>
    <property name="java.home" value="/usr/lib/jvm/temurin-8-jdk-amd64/jre"/>
    <property name="java.security.krb5.conf" value="/home/runner/work/ozone/ozone/hadoop-ozone/integration-test/target/test-classes/krb5.conf"/>
    <property name="basedir" value="/home/runner/work/ozone/ozone/hadoop-ozone/integration-test"/>
    <property name="file.separator" value="/"/>
    <property name="line.separator" value="&#10;"/>
    <property name="java.vm.specification.vendor" value="Oracle Corporation"/>
    <property name="java.specification.name" value="Java Platform API Specification"/>
    <property name="java.awt.graphicsenv" value="sun.awt.X11GraphicsEnvironment"/>
    <property name="skip.installnpx" value="true"/>
    <property name="surefire.real.class.path" value="/home/runner/work/ozone/ozone/hadoop-ozone/integration-test/target/surefire/surefirebooter4401638903619041121.jar:/home/runner/.m2/repository/org/jacoco/org.jacoco.agent/0.8.5/org.jacoco.agent-0.8.5-runtime.jar"/>
    <property name="hadoop.log.dir" value="/home/runner/work/ozone/ozone/hadoop-ozone/integration-test/target/log"/>
    <property name="sun.boot.class.path" value="/usr/lib/jvm/temurin-8-jdk-amd64/jre/lib/resources.jar:/usr/lib/jvm/temurin-8-jdk-amd64/jre/lib/rt.jar:/usr/lib/jvm/temurin-8-jdk-amd64/jre/lib/sunrsasign.jar:/usr/lib/jvm/temurin-8-jdk-amd64/jre/lib/jsse.jar:/usr/lib/jvm/temurin-8-jdk-amd64/jre/lib/jce.jar:/usr/lib/jvm/temurin-8-jdk-amd64/jre/lib/charsets.jar:/usr/lib/jvm/temurin-8-jdk-amd64/jre/lib/jfr.jar:/usr/lib/jvm/temurin-8-jdk-amd64/jre/classes"/>
    <property name="sun.management.compiler" value="HotSpot 64-Bit Tiered Compilers"/>
    <property name="skip.npx" value="true"/>
    <property name="java.runtime.version" value="1.8.0_345-b01"/>
    <property name="java.net.preferIPv4Stack" value="true"/>
    <property name="user.name" value="runner"/>
    <property name="path.separator" value=":"/>
    <property name="java.security.egd" value="file:///dev/urandom"/>
    <property name="os.version" value="5.15.0-1022-azure"/>
    <property name="java.endorsed.dirs" value="/usr/lib/jvm/temurin-8-jdk-amd64/jre/lib/endorsed"/>
    <property name="java.runtime.name" value="OpenJDK Runtime Environment"/>
    <property name="file.encoding" value="UTF-8"/>
    <property name="java.vm.name" value="OpenJDK 64-Bit Server VM"/>
    <property name="test.build.webapps" value=""/>
    <property name="localRepository" value="/home/runner/.m2/repository"/>
    <property name="jetty.git.hash" value="4231a3b2e4cb8548a412a789936d640a97b1aa0a"/>
    <property name="java.vendor.url.bug" value="https://github.com/adoptium/adoptium-support/issues"/>
    <property name="java.io.tmpdir" value="/tmp"/>
    <property name="require.test.libhadoop" value=""/>
    <property name="java.version" value="1.8.0_345"/>
    <property name="user.dir" value="/home/runner/work/ozone/ozone/hadoop-ozone/integration-test"/>
    <property name="os.arch" value="amd64"/>
    <property name="java.vm.specification.name" value="Java Virtual Machine Specification"/>
    <property name="test.build.classes" value="/home/runner/work/ozone/ozone/hadoop-ozone/integration-test/target/test-classes"/>
    <property name="java.awt.printerjob" value="sun.print.PSPrinterJob"/>
    <property name="sun.os.patch.level" value="unknown"/>
    <property name="org.apache.ratis.thirdparty.io.netty.allocator.useCacheForAllThreads" value="false"/>
    <property name="hadoop.tmp.dir" value="/home/runner/work/ozone/ozone/hadoop-ozone/integration-test/target/tmp"/>
    <property name="java.library.path" value="/usr/java/packages/lib/amd64:/usr/lib64:/lib64:/lib:/usr/lib"/>
    <property name="java.vm.info" value="mixed mode"/>
    <property name="java.vendor" value="Temurin"/>
    <property name="java.vm.version" value="25.345-b01"/>
    <property name="java.ext.dirs" value="/usr/lib/jvm/temurin-8-jdk-amd64/jre/lib/ext:/usr/java/packages/lib/ext"/>
    <property name="sun.io.unicode.encoding" value="UnicodeLittle"/>
    <property name="java.class.version" value="52.0"/>
  </properties>
  <testcase name="testContainerRecoveryOverReplicationProcessing" classname="org.apache.hadoop.ozone.container.TestECContainerRecovery" time="106.894">
    <error type="java.util.concurrent.TimeoutException"><![CDATA[java.util.concurrent.TimeoutException: 
Timed out waiting for condition. Thread diagnostics:
Timestamp: 2022-11-05 01:06:24,080

"Datanode ReportManager Thread - 0" daemon prio=5 tid=367 in Object.wait()
java.lang.Thread.State: WAITING (on object monitor)
        at sun.misc.Unsafe.park(Native Method)
        at java.util.concurrent.locks.LockSupport.park(LockSupport.java:175)
        at java.util.concurrent.locks.AbstractQueuedSynchronizer$ConditionObject.await(AbstractQueuedSynchronizer.java:2039)
        at java.util.concurrent.ScheduledThreadPoolExecutor$DelayedWorkQueue.take(ScheduledThreadPoolExecutor.java:1088)
        at java.util.concurrent.ScheduledThreadPoolExecutor$DelayedWorkQueue.take(ScheduledThreadPoolExecutor.java:809)
        at java.util.concurrent.ThreadPoolExecutor.getTask(ThreadPoolExecutor.java:1074)
        at java.util.concurrent.ThreadPoolExecutor.runWorker(ThreadPoolExecutor.java:1134)
        at java.util.concurrent.ThreadPoolExecutor$Worker.run(ThreadPoolExecutor.java:624)
        at java.lang.Thread.run(Thread.java:750)
"Socket Reader #1 for port 0"  prio=5 tid=24 runnable
java.lang.Thread.State: RUNNABLE
        at sun.nio.ch.EPollArrayWrapper.epollWait(Native Method)
        at sun.nio.ch.EPollArrayWrapper.poll(EPollArrayWrapper.java:269)
        at sun.nio.ch.EPollSelectorImpl.doSelect(EPollSelectorImpl.java:93)
        at sun.nio.ch.SelectorImpl.lockAndDoSelect(SelectorImpl.java:86)
        at sun.nio.ch.SelectorImpl.select(SelectorImpl.java:97)
        at sun.nio.ch.SelectorImpl.select(SelectorImpl.java:101)
        at org.apache.hadoop.ipc.Server$Listener$Reader.doRunLoop(Server.java:1296)
        at org.apache.hadoop.ipc.Server$Listener$Reader.run(Server.java:1275)
"pool-141-thread-1"  prio=5 tid=610 in Object.wait()
java.lang.Thread.State: WAITING (on object monitor)
        at sun.misc.Unsafe.park(Native Method)
        at java.util.concurrent.locks.LockSupport.park(LockSupport.java:175)
        at java.util.concurrent.locks.AbstractQueuedSynchronizer$ConditionObject.await(AbstractQueuedSynchronizer.java:2039)
        at java.util.concurrent.LinkedBlockingQueue.take(LinkedBlockingQueue.java:442)
        at java.util.concurrent.ThreadPoolExecutor.getTask(ThreadPoolExecutor.java:1074)
        at java.util.concurrent.ThreadPoolExecutor.runWorker(ThreadPoolExecutor.java:1134)
        at java.util.concurrent.ThreadPoolExecutor$Worker.run(ThreadPoolExecutor.java:624)
        at java.lang.Thread.run(Thread.java:750)
"qtp1374355136-115" daemon prio=5 tid=115 timed_waiting
java.lang.Thread.State: TIMED_WAITING
        at sun.misc.Unsafe.park(Native Method)
        at java.util.concurrent.locks.LockSupport.parkNanos(LockSupport.java:215)
        at java.util.concurrent.locks.AbstractQueuedSynchronizer$ConditionObject.awaitNanos(AbstractQueuedSynchronizer.java:2078)
        at org.eclipse.jetty.util.BlockingArrayQueue.poll(BlockingArrayQueue.java:382)
        at org.eclipse.jetty.util.thread.QueuedThreadPool$Runner.idleJobPoll(QueuedThreadPool.java:974)
        at org.eclipse.jetty.util.thread.QueuedThreadPool$Runner.run(QueuedThreadPool.java:1018)
        at java.lang.Thread.run(Thread.java:750)
"IPC Server handler 11 on default port 34339" daemon prio=5 tid=58 timed_waiting
java.lang.Thread.State: TIMED_WAITING
        at sun.misc.Unsafe.park(Native Method)
        at java.util.concurrent.locks.LockSupport.parkNanos(LockSupport.java:215)
        at java.util.concurrent.locks.AbstractQueuedSynchronizer$ConditionObject.awaitNanos(AbstractQueuedSynchronizer.java:2078)
        at java.util.concurrent.LinkedBlockingQueue.poll(LinkedBlockingQueue.java:467)
        at org.apache.hadoop.ipc.CallQueueManager.take(CallQueueManager.java:317)
        at org.apache.hadoop.ipc.Server$Handler.run(Server.java:2942)
"Datanode ReportManager Thread - 3" daemon prio=5 tid=370 timed_waiting
java.lang.Thread.State: TIMED_WAITING
        at sun.misc.Unsafe.park(Native Method)
        at java.util.concurrent.locks.LockSupport.parkNanos(LockSupport.java:215)
        at java.util.concurrent.locks.AbstractQueuedSynchronizer$ConditionObject.awaitNanos(AbstractQueuedSynchronizer.java:2078)
        at java.util.concurrent.ScheduledThreadPoolExecutor$DelayedWorkQueue.take(ScheduledThreadPoolExecutor.java:1093)
        at java.util.concurrent.ScheduledThreadPoolExecutor$DelayedWorkQueue.take(ScheduledThreadPoolExecutor.java:809)
        at java.util.concurrent.ThreadPoolExecutor.getTask(ThreadPoolExecutor.java:1074)
        at java.util.concurrent.ThreadPoolExecutor.runWorker(ThreadPoolExecutor.java:1134)
        at java.util.concurrent.ThreadPoolExecutor$Worker.run(ThreadPoolExecutor.java:624)
        at java.lang.Thread.run(Thread.java:750)
"BlockDeletingService#0" daemon prio=5 tid=563 timed_waiting
java.lang.Thread.State: TIMED_WAITING
        at sun.misc.Unsafe.park(Native Method)
        at java.util.concurrent.locks.LockSupport.parkNanos(LockSupport.java:215)
        at java.util.concurrent.locks.AbstractQueuedSynchronizer$ConditionObject.awaitNanos(AbstractQueuedSynchronizer.java:2078)
        at java.util.concurrent.ScheduledThreadPoolExecutor$DelayedWorkQueue.take(ScheduledThreadPoolExecutor.java:1093)
        at java.util.concurrent.ScheduledThreadPoolExecutor$DelayedWorkQueue.take(ScheduledThreadPoolExecutor.java:809)
        at java.util.concurrent.ThreadPoolExecutor.getTask(ThreadPoolExecutor.java:1074)
        at java.util.concurrent.ThreadPoolExecutor.runWorker(ThreadPoolExecutor.java:1134)
        at java.util.concurrent.ThreadPoolExecutor$Worker.run(ThreadPoolExecutor.java:624)
        at java.lang.Thread.run(Thread.java:750)
"Periodic HDDS volume checker" daemon prio=5 tid=176 timed_waiting
java.lang.Thread.State: TIMED_WAITING
        at sun.misc.Unsafe.park(Native Method)
        at java.util.concurrent.locks.LockSupport.parkNanos(LockSupport.java:215)
        at java.util.concurrent.locks.AbstractQueuedSynchronizer$ConditionObject.awaitNanos(AbstractQueuedSynchronizer.java:2078)
        at java.util.concurrent.ScheduledThreadPoolExecutor$DelayedWorkQueue.take(ScheduledThreadPoolExecutor.java:1093)
        at java.util.concurrent.ScheduledThreadPoolExecutor$DelayedWorkQueue.take(ScheduledThreadPoolExecutor.java:809)
        at java.util.concurrent.ThreadPoolExecutor.getTask(ThreadPoolExecutor.java:1074)
        at java.util.concurrent.ThreadPoolExecutor.runWorker(ThreadPoolExecutor.java:1134)
        at java.util.concurrent.ThreadPoolExecutor$Worker.run(ThreadPoolExecutor.java:624)
        at java.lang.Thread.run(Thread.java:750)
"qtp736862665-357" daemon prio=5 tid=357 runnable
java.lang.Thread.State: RUNNABLE
        at sun.nio.ch.EPollArrayWrapper.epollWait(Native Method)
        at sun.nio.ch.EPollArrayWrapper.poll(EPollArrayWrapper.java:269)
        at sun.nio.ch.EPollSelectorImpl.doSelect(EPollSelectorImpl.java:93)
        at sun.nio.ch.SelectorImpl.lockAndDoSelect(SelectorImpl.java:86)
        at sun.nio.ch.SelectorImpl.select(SelectorImpl.java:97)
        at sun.nio.ch.SelectorImpl.select(SelectorImpl.java:101)
        at org.eclipse.jetty.io.ManagedSelector.nioSelect(ManagedSelector.java:183)
        at org.eclipse.jetty.io.ManagedSelector.select(ManagedSelector.java:190)
        at org.eclipse.jetty.io.ManagedSelector$SelectorProducer.select(ManagedSelector.java:606)
        at org.eclipse.jetty.io.ManagedSelector$SelectorProducer.produce(ManagedSelector.java:543)
        at org.eclipse.jetty.util.thread.strategy.EatWhatYouKill.produceTask(EatWhatYouKill.java:362)
        at org.eclipse.jetty.util.thread.strategy.EatWhatYouKill.doProduce(EatWhatYouKill.java:186)
        at org.eclipse.jetty.util.thread.strategy.EatWhatYouKill.tryProduce(EatWhatYouKill.java:173)
        at org.eclipse.jetty.util.thread.strategy.EatWhatYouKill.produce(EatWhatYouKill.java:137)
        at org.eclipse.jetty.io.ManagedSelector$$Lambda$446/1576513034.run(Unknown Source)
        at org.eclipse.jetty.util.thread.QueuedThreadPool.runJob(QueuedThreadPool.java:883)
        at org.eclipse.jetty.util.thread.QueuedThreadPool$Runner.run(QueuedThreadPool.java:1034)
        at java.lang.Thread.run(Thread.java:750)
"Datanode State Machine Task Thread - 1"  prio=5 tid=542 in Object.wait()
java.lang.Thread.State: WAITING (on object monitor)
        at sun.misc.Unsafe.park(Native Method)
        at java.util.concurrent.locks.LockSupport.park(LockSupport.java:175)
        at java.util.concurrent.locks.AbstractQueuedSynchronizer$ConditionObject.await(AbstractQueuedSynchronizer.java:2039)
        at java.util.concurrent.LinkedBlockingQueue.take(LinkedBlockingQueue.java:442)
        at java.util.concurrent.ThreadPoolExecutor.getTask(ThreadPoolExecutor.java:1074)
        at java.util.concurrent.ThreadPoolExecutor.runWorker(ThreadPoolExecutor.java:1134)
        at java.util.concurrent.ThreadPoolExecutor$Worker.run(ThreadPoolExecutor.java:624)
        at java.lang.Thread.run(Thread.java:750)
"qtp745359474-238" daemon prio=5 tid=238 runnable
java.lang.Thread.State: RUNNABLE
        at sun.nio.ch.EPollArrayWrapper.epollWait(Native Method)
        at sun.nio.ch.EPollArrayWrapper.poll(EPollArrayWrapper.java:269)
        at sun.nio.ch.EPollSelectorImpl.doSelect(EPollSelectorImpl.java:93)
        at sun.nio.ch.SelectorImpl.lockAndDoSelect(SelectorImpl.java:86)
        at sun.nio.ch.SelectorImpl.select(SelectorImpl.java:97)
        at sun.nio.ch.SelectorImpl.select(SelectorImpl.java:101)
        at org.eclipse.jetty.io.ManagedSelector.nioSelect(ManagedSelector.java:183)
        at org.eclipse.jetty.io.ManagedSelector.select(ManagedSelector.java:190)
        at org.eclipse.jetty.io.ManagedSelector$SelectorProducer.select(ManagedSelector.java:606)
        at org.eclipse.jetty.io.ManagedSelector$SelectorProducer.produce(ManagedSelector.java:543)
        at org.eclipse.jetty.util.thread.strategy.EatWhatYouKill.produceTask(EatWhatYouKill.java:362)
        at org.eclipse.jetty.util.thread.strategy.EatWhatYouKill.doProduce(EatWhatYouKill.java:186)
        at org.eclipse.jetty.util.thread.strategy.EatWhatYouKill.tryProduce(EatWhatYouKill.java:173)
        at org.eclipse.jetty.util.thread.strategy.EatWhatYouKill.produce(EatWhatYouKill.java:137)
        at org.eclipse.jetty.io.ManagedSelector$$Lambda$446/1576513034.run(Unknown Source)
        at org.eclipse.jetty.util.thread.QueuedThreadPool.runJob(QueuedThreadPool.java:883)
        at org.eclipse.jetty.util.thread.QueuedThreadPool$Runner.run(QueuedThreadPool.java:1034)
        at java.lang.Thread.run(Thread.java:750)
"grpc-default-worker-ELG-3-1" daemon prio=5 tid=575 runnable
java.lang.Thread.State: RUNNABLE
        at org.apache.ratis.thirdparty.io.netty.channel.epoll.Native.epollWait0(Native Method)
        at org.apache.ratis.thirdparty.io.netty.channel.epoll.Native.epollWait(Native.java:182)
        at org.apache.ratis.thirdparty.io.netty.channel.epoll.EpollEventLoop.epollWait(EpollEventLoop.java:290)
        at org.apache.ratis.thirdparty.io.netty.channel.epoll.EpollEventLoop.run(EpollEventLoop.java:354)
        at org.apache.ratis.thirdparty.io.netty.util.concurrent.SingleThreadEventExecutor$4.run(SingleThreadEventExecutor.java:995)
        at org.apache.ratis.thirdparty.io.netty.util.internal.ThreadExecutorMap$2.run(ThreadExecutorMap.java:74)
        at org.apache.ratis.thirdparty.io.netty.util.concurrent.FastThreadLocalRunnable.run(FastThreadLocalRunnable.java:30)
        at java.lang.Thread.run(Thread.java:750)
"Datanode ReportManager Thread - 1" daemon prio=5 tid=301 timed_waiting
java.lang.Thread.State: TIMED_WAITING
        at sun.misc.Unsafe.park(Native Method)
        at java.util.concurrent.locks.LockSupport.parkNanos(LockSupport.java:215)
        at java.util.concurrent.locks.AbstractQueuedSynchronizer$ConditionObject.awaitNanos(AbstractQueuedSynchronizer.java:2078)
        at java.util.concurrent.ScheduledThreadPoolExecutor$DelayedWorkQueue.take(ScheduledThreadPoolExecutor.java:1093)
        at java.util.concurrent.ScheduledThreadPoolExecutor$DelayedWorkQueue.take(ScheduledThreadPoolExecutor.java:809)
        at java.util.concurrent.ThreadPoolExecutor.getTask(ThreadPoolExecutor.java:1074)
        at java.util.concurrent.ThreadPoolExecutor.runWorker(ThreadPoolExecutor.java:1134)
        at java.util.concurrent.ThreadPoolExecutor$Worker.run(ThreadPoolExecutor.java:624)
        at java.lang.Thread.run(Thread.java:750)
"IPC Server handler 3 on default port 36903" daemon prio=5 tid=70 timed_waiting
java.lang.Thread.State: TIMED_WAITING
        at sun.misc.Unsafe.park(Native Method)
        at java.util.concurrent.locks.LockSupport.parkNanos(LockSupport.java:215)
        at java.util.concurrent.locks.AbstractQueuedSynchronizer$ConditionObject.awaitNanos(AbstractQueuedSynchronizer.java:2078)
        at java.util.concurrent.LinkedBlockingQueue.poll(LinkedBlockingQueue.java:467)
        at org.apache.hadoop.ipc.CallQueueManager.take(CallQueueManager.java:317)
        at org.apache.hadoop.ipc.Server$Handler.run(Server.java:2942)
"BackgroundPipelineScrubberThread" daemon prio=5 tid=16 timed_waiting
java.lang.Thread.State: TIMED_WAITING
        at java.lang.Object.wait(Native Method)
        at org.apache.hadoop.hdds.scm.ha.BackgroundSCMService.run(BackgroundSCMService.java:110)
        at org.apache.hadoop.hdds.scm.ha.BackgroundSCMService$$Lambda$375/269287960.run(Unknown Source)
        at java.lang.Thread.run(Thread.java:750)
"Datanode ReportManager Thread - 2" daemon prio=5 tid=224 in Object.wait()
java.lang.Thread.State: WAITING (on object monitor)
        at sun.misc.Unsafe.park(Native Method)
        at java.util.concurrent.locks.LockSupport.park(LockSupport.java:175)
        at java.util.concurrent.locks.AbstractQueuedSynchronizer$ConditionObject.await(AbstractQueuedSynchronizer.java:2039)
        at java.util.concurrent.ScheduledThreadPoolExecutor$DelayedWorkQueue.take(ScheduledThreadPoolExecutor.java:1088)
        at java.util.concurrent.ScheduledThreadPoolExecutor$DelayedWorkQueue.take(ScheduledThreadPoolExecutor.java:809)
        at java.util.concurrent.ThreadPoolExecutor.getTask(ThreadPoolExecutor.java:1074)
        at java.util.concurrent.ThreadPoolExecutor.runWorker(ThreadPoolExecutor.java:1134)
        at java.util.concurrent.ThreadPoolExecutor$Worker.run(ThreadPoolExecutor.java:624)
        at java.lang.Thread.run(Thread.java:750)
"44bea1f4-43dd-4415-bb4e-4e9896dd68f6@group-D5EC486ECE4F-StateMachineUpdater" daemon prio=5 tid=654 timed_waiting
java.lang.Thread.State: TIMED_WAITING
        at sun.misc.Unsafe.park(Native Method)
        at java.util.concurrent.locks.LockSupport.parkNanos(LockSupport.java:215)
        at java.util.concurrent.CompletableFuture$Signaller.block(CompletableFuture.java:1709)
        at java.util.concurrent.ForkJoinPool.managedBlock(ForkJoinPool.java:3323)
        at java.util.concurrent.CompletableFuture.timedGet(CompletableFuture.java:1788)
        at java.util.concurrent.CompletableFuture.get(CompletableFuture.java:1928)
        at org.apache.ratis.util.AwaitForSignal.await(AwaitForSignal.java:56)
        at org.apache.ratis.server.impl.StateMachineUpdater.waitForCommit(StateMachineUpdater.java:207)
        at org.apache.ratis.server.impl.StateMachineUpdater.run(StateMachineUpdater.java:176)
        at java.lang.Thread.run(Thread.java:750)
"Datanode ReportManager Thread - 0" daemon prio=5 tid=415 timed_waiting
java.lang.Thread.State: TIMED_WAITING
        at sun.misc.Unsafe.park(Native Method)
        at java.util.concurrent.locks.LockSupport.parkNanos(LockSupport.java:215)
        at java.util.concurrent.locks.AbstractQueuedSynchronizer$ConditionObject.awaitNanos(AbstractQueuedSynchronizer.java:2078)
        at java.util.concurrent.ScheduledThreadPoolExecutor$DelayedWorkQueue.take(ScheduledThreadPoolExecutor.java:1093)
        at java.util.concurrent.ScheduledThreadPoolExecutor$DelayedWorkQueue.take(ScheduledThreadPoolExecutor.java:809)
        at java.util.concurrent.ThreadPoolExecutor.getTask(ThreadPoolExecutor.java:1074)
        at java.util.concurrent.ThreadPoolExecutor.runWorker(ThreadPoolExecutor.java:1134)
        at java.util.concurrent.ThreadPoolExecutor$Worker.run(ThreadPoolExecutor.java:624)
        at java.lang.Thread.run(Thread.java:750)
"IPC Server handler 2 on default port 34173" daemon prio=5 tid=89 timed_waiting
java.lang.Thread.State: TIMED_WAITING
        at sun.misc.Unsafe.park(Native Method)
        at java.util.concurrent.locks.LockSupport.parkNanos(LockSupport.java:215)
        at java.util.concurrent.locks.AbstractQueuedSynchronizer$ConditionObject.awaitNanos(AbstractQueuedSynchronizer.java:2078)
        at java.util.concurrent.LinkedBlockingQueue.poll(LinkedBlockingQueue.java:467)
        at org.apache.hadoop.ipc.CallQueueManager.take(CallQueueManager.java:317)
        at org.apache.hadoop.ipc.Server$Handler.run(Server.java:2942)
"Datanode ReportManager Thread - 4" daemon prio=5 tid=252 timed_waiting
java.lang.Thread.State: TIMED_WAITING
        at sun.misc.Unsafe.park(Native Method)
        at java.util.concurrent.locks.LockSupport.parkNanos(LockSupport.java:215)
        at java.util.concurrent.locks.AbstractQueuedSynchronizer$ConditionObject.awaitNanos(AbstractQueuedSynchronizer.java:2078)
        at java.util.concurrent.ScheduledThreadPoolExecutor$DelayedWorkQueue.take(ScheduledThreadPoolExecutor.java:1093)
        at java.util.concurrent.ScheduledThreadPoolExecutor$DelayedWorkQueue.take(ScheduledThreadPoolExecutor.java:809)
        at java.util.concurrent.ThreadPoolExecutor.getTask(ThreadPoolExecutor.java:1074)
        at java.util.concurrent.ThreadPoolExecutor.runWorker(ThreadPoolExecutor.java:1134)
        at java.util.concurrent.ThreadPoolExecutor$Worker.run(ThreadPoolExecutor.java:624)
        at java.lang.Thread.run(Thread.java:750)
"org.apache.hadoop.ozone.container.common.statemachine.commandhandler.DeleteBlocksCommandHandler$DeleteCmdWorker@7991726b" daemon prio=5 tid=182 timed_waiting
java.lang.Thread.State: TIMED_WAITING
        at java.lang.Thread.sleep(Native Method)
        at org.apache.hadoop.ozone.container.common.statemachine.commandhandler.DeleteBlocksCommandHandler$DeleteCmdWorker.run(DeleteBlocksCommandHandler.java:183)
        at java.lang.Thread.run(Thread.java:750)
"pool-59-thread-1"  prio=5 tid=144 timed_waiting
java.lang.Thread.State: TIMED_WAITING
        at sun.misc.Unsafe.park(Native Method)
        at java.util.concurrent.locks.LockSupport.parkNanos(LockSupport.java:215)
        at java.util.concurrent.locks.AbstractQueuedSynchronizer$ConditionObject.awaitNanos(AbstractQueuedSynchronizer.java:2078)
        at java.util.concurrent.ScheduledThreadPoolExecutor$DelayedWorkQueue.take(ScheduledThreadPoolExecutor.java:1093)
        at java.util.concurrent.ScheduledThreadPoolExecutor$DelayedWorkQueue.take(ScheduledThreadPoolExecutor.java:809)
        at java.util.concurrent.ThreadPoolExecutor.getTask(ThreadPoolExecutor.java:1074)
        at java.util.concurrent.ThreadPoolExecutor.runWorker(ThreadPoolExecutor.java:1134)
        at java.util.concurrent.ThreadPoolExecutor$Worker.run(ThreadPoolExecutor.java:624)
        at java.lang.Thread.run(Thread.java:750)
"org.apache.hadoop.util.JvmPauseMonitor$Monitor@7c4e774" daemon prio=5 tid=505 timed_waiting
java.lang.Thread.State: TIMED_WAITING
        at java.lang.Thread.sleep(Native Method)
        at org.apache.hadoop.util.JvmPauseMonitor$Monitor.run(JvmPauseMonitor.java:192)
        at java.lang.Thread.run(Thread.java:750)
"qtp1815599816-401" daemon prio=5 tid=401 timed_waiting
java.lang.Thread.State: TIMED_WAITING
        at sun.misc.Unsafe.park(Native Method)
        at java.util.concurrent.locks.LockSupport.parkNanos(LockSupport.java:215)
        at java.util.concurrent.locks.AbstractQueuedSynchronizer$ConditionObject.awaitNanos(AbstractQueuedSynchronizer.java:2078)
        at org.eclipse.jetty.util.BlockingArrayQueue.poll(BlockingArrayQueue.java:382)
        at org.eclipse.jetty.util.thread.QueuedThreadPool$Runner.idleJobPoll(QueuedThreadPool.java:974)
        at org.eclipse.jetty.util.thread.QueuedThreadPool$Runner.run(QueuedThreadPool.java:1018)
        at java.lang.Thread.run(Thread.java:750)
"Datanode ReportManager Thread - 3" daemon prio=5 tid=303 in Object.wait()
java.lang.Thread.State: WAITING (on object monitor)
        at sun.misc.Unsafe.park(Native Method)
        at java.util.concurrent.locks.LockSupport.park(LockSupport.java:175)
        at java.util.concurrent.locks.AbstractQueuedSynchronizer$ConditionObject.await(AbstractQueuedSynchronizer.java:2039)
        at java.util.concurrent.ScheduledThreadPoolExecutor$DelayedWorkQueue.take(ScheduledThreadPoolExecutor.java:1088)
        at java.util.concurrent.ScheduledThreadPoolExecutor$DelayedWorkQueue.take(ScheduledThreadPoolExecutor.java:809)
        at java.util.concurrent.ThreadPoolExecutor.getTask(ThreadPoolExecutor.java:1074)
        at java.util.concurrent.ThreadPoolExecutor.runWorker(ThreadPoolExecutor.java:1134)
        at java.util.concurrent.ThreadPoolExecutor$Worker.run(ThreadPoolExecutor.java:624)
        at java.lang.Thread.run(Thread.java:750)
"ChunkWriter-1-0" daemon prio=5 tid=443 in Object.wait()
java.lang.Thread.State: WAITING (on object monitor)
        at sun.misc.Unsafe.park(Native Method)
        at java.util.concurrent.locks.LockSupport.park(LockSupport.java:175)
        at java.util.concurrent.locks.AbstractQueuedSynchronizer$ConditionObject.await(AbstractQueuedSynchronizer.java:2039)
        at java.util.concurrent.LinkedBlockingDeque.takeFirst(LinkedBlockingDeque.java:492)
        at java.util.concurrent.LinkedBlockingDeque.take(LinkedBlockingDeque.java:680)
        at java.util.concurrent.ThreadPoolExecutor.getTask(ThreadPoolExecutor.java:1074)
        at java.util.concurrent.ThreadPoolExecutor.runWorker(ThreadPoolExecutor.java:1134)
        at java.util.concurrent.ThreadPoolExecutor$Worker.run(ThreadPoolExecutor.java:624)
        at java.lang.Thread.run(Thread.java:750)
"Datanode ReportManager Thread - 4" daemon prio=5 tid=198 timed_waiting
java.lang.Thread.State: TIMED_WAITING
        at sun.misc.Unsafe.park(Native Method)
        at java.util.concurrent.locks.LockSupport.parkNanos(LockSupport.java:215)
        at java.util.concurrent.locks.AbstractQueuedSynchronizer$ConditionObject.awaitNanos(AbstractQueuedSynchronizer.java:2078)
        at java.util.concurrent.ScheduledThreadPoolExecutor$DelayedWorkQueue.take(ScheduledThreadPoolExecutor.java:1093)
        at java.util.concurrent.ScheduledThreadPoolExecutor$DelayedWorkQueue.take(ScheduledThreadPoolExecutor.java:809)
        at java.util.concurrent.ThreadPoolExecutor.getTask(ThreadPoolExecutor.java:1074)
        at java.util.concurrent.ThreadPoolExecutor.runWorker(ThreadPoolExecutor.java:1134)
        at java.util.concurrent.ThreadPoolExecutor$Worker.run(ThreadPoolExecutor.java:624)
        at java.lang.Thread.run(Thread.java:750)
"IPC Server handler 15 on default port 34735" daemon prio=5 tid=169 timed_waiting
java.lang.Thread.State: TIMED_WAITING
        at sun.misc.Unsafe.park(Native Method)
        at java.util.concurrent.locks.LockSupport.parkNanos(LockSupport.java:215)
        at java.util.concurrent.locks.AbstractQueuedSynchronizer$ConditionObject.awaitNanos(AbstractQueuedSynchronizer.java:2078)
        at java.util.concurrent.LinkedBlockingQueue.poll(LinkedBlockingQueue.java:467)
        at org.apache.hadoop.ipc.CallQueueManager.take(CallQueueManager.java:317)
        at org.apache.hadoop.ipc.Server$Handler.run(Server.java:2942)
"StaleRecoveringContainerScrubbingService#2" daemon prio=5 tid=915 in Object.wait()
java.lang.Thread.State: WAITING (on object monitor)
        at sun.misc.Unsafe.park(Native Method)
        at java.util.concurrent.locks.LockSupport.park(LockSupport.java:175)
        at java.util.concurrent.locks.AbstractQueuedSynchronizer$ConditionObject.await(AbstractQueuedSynchronizer.java:2039)
        at java.util.concurrent.ScheduledThreadPoolExecutor$DelayedWorkQueue.take(ScheduledThreadPoolExecutor.java:1088)
        at java.util.concurrent.ScheduledThreadPoolExecutor$DelayedWorkQueue.take(ScheduledThreadPoolExecutor.java:809)
        at java.util.concurrent.ThreadPoolExecutor.getTask(ThreadPoolExecutor.java:1074)
        at java.util.concurrent.ThreadPoolExecutor.runWorker(ThreadPoolExecutor.java:1134)
        at java.util.concurrent.ThreadPoolExecutor$Worker.run(ThreadPoolExecutor.java:624)
        at java.lang.Thread.run(Thread.java:750)
"Datanode ReportManager Thread - 2" daemon prio=5 tid=455 in Object.wait()
java.lang.Thread.State: WAITING (on object monitor)
        at sun.misc.Unsafe.park(Native Method)
        at java.util.concurrent.locks.LockSupport.park(LockSupport.java:175)
        at java.util.concurrent.locks.AbstractQueuedSynchronizer$ConditionObject.await(AbstractQueuedSynchronizer.java:2039)
        at java.util.concurrent.ScheduledThreadPoolExecutor$DelayedWorkQueue.take(ScheduledThreadPoolExecutor.java:1088)
        at java.util.concurrent.ScheduledThreadPoolExecutor$DelayedWorkQueue.take(ScheduledThreadPoolExecutor.java:809)
        at java.util.concurrent.ThreadPoolExecutor.getTask(ThreadPoolExecutor.java:1074)
        at java.util.concurrent.ThreadPoolExecutor.runWorker(ThreadPoolExecutor.java:1134)
        at java.util.concurrent.ThreadPoolExecutor$Worker.run(ThreadPoolExecutor.java:624)
        at java.lang.Thread.run(Thread.java:750)
"BlockDeletingService#0" daemon prio=5 tid=492 in Object.wait()
java.lang.Thread.State: WAITING (on object monitor)
        at sun.misc.Unsafe.park(Native Method)
        at java.util.concurrent.locks.LockSupport.park(LockSupport.java:175)
        at java.util.concurrent.locks.AbstractQueuedSynchronizer$ConditionObject.await(AbstractQueuedSynchronizer.java:2039)
        at java.util.concurrent.ScheduledThreadPoolExecutor$DelayedWorkQueue.take(ScheduledThreadPoolExecutor.java:1088)
        at java.util.concurrent.ScheduledThreadPoolExecutor$DelayedWorkQueue.take(ScheduledThreadPoolExecutor.java:809)
        at java.util.concurrent.ThreadPoolExecutor.getTask(ThreadPoolExecutor.java:1074)
        at java.util.concurrent.ThreadPoolExecutor.runWorker(ThreadPoolExecutor.java:1134)
        at java.util.concurrent.ThreadPoolExecutor$Worker.run(ThreadPoolExecutor.java:624)
        at java.lang.Thread.run(Thread.java:750)
"qtp1297043595-186" daemon prio=5 tid=186 timed_waiting
java.lang.Thread.State: TIMED_WAITING
        at sun.misc.Unsafe.park(Native Method)
        at java.util.concurrent.locks.LockSupport.parkNanos(LockSupport.java:215)
        at java.util.concurrent.locks.AbstractQueuedSynchronizer$ConditionObject.awaitNanos(AbstractQueuedSynchronizer.java:2078)
        at org.eclipse.jetty.util.BlockingArrayQueue.poll(BlockingArrayQueue.java:382)
        at org.eclipse.jetty.util.thread.QueuedThreadPool$Runner.idleJobPoll(QueuedThreadPool.java:974)
        at org.eclipse.jetty.util.thread.QueuedThreadPool$Runner.run(QueuedThreadPool.java:1018)
        at java.lang.Thread.run(Thread.java:750)
"Socket Reader #1 for port 0"  prio=5 tid=32 runnable
java.lang.Thread.State: RUNNABLE
        at sun.nio.ch.EPollArrayWrapper.epollWait(Native Method)
        at sun.nio.ch.EPollArrayWrapper.poll(EPollArrayWrapper.java:269)
        at sun.nio.ch.EPollSelectorImpl.doSelect(EPollSelectorImpl.java:93)
        at sun.nio.ch.SelectorImpl.lockAndDoSelect(SelectorImpl.java:86)
        at sun.nio.ch.SelectorImpl.select(SelectorImpl.java:97)
        at sun.nio.ch.SelectorImpl.select(SelectorImpl.java:101)
        at org.apache.hadoop.ipc.Server$Listener$Reader.doRunLoop(Server.java:1296)
        at org.apache.hadoop.ipc.Server$Listener$Reader.run(Server.java:1275)
"Datanode ReportManager Thread - 0" daemon prio=5 tid=194 in Object.wait()
java.lang.Thread.State: WAITING (on object monitor)
        at sun.misc.Unsafe.park(Native Method)
        at java.util.concurrent.locks.LockSupport.park(LockSupport.java:175)
        at java.util.concurrent.locks.AbstractQueuedSynchronizer$ConditionObject.await(AbstractQueuedSynchronizer.java:2039)
        at java.util.concurrent.ScheduledThreadPoolExecutor$DelayedWorkQueue.take(ScheduledThreadPoolExecutor.java:1088)
        at java.util.concurrent.ScheduledThreadPoolExecutor$DelayedWorkQueue.take(ScheduledThreadPoolExecutor.java:809)
        at java.util.concurrent.ThreadPoolExecutor.getTask(ThreadPoolExecutor.java:1074)
        at java.util.concurrent.ThreadPoolExecutor.runWorker(ThreadPoolExecutor.java:1134)
        at java.util.concurrent.ThreadPoolExecutor$Worker.run(ThreadPoolExecutor.java:624)
        at java.lang.Thread.run(Thread.java:750)
"Datanode ReportManager Thread - 3" daemon prio=5 tid=418 timed_waiting
java.lang.Thread.State: TIMED_WAITING
        at sun.misc.Unsafe.park(Native Method)
        at java.util.concurrent.locks.LockSupport.parkNanos(LockSupport.java:215)
        at java.util.concurrent.locks.AbstractQueuedSynchronizer$ConditionObject.awaitNanos(AbstractQueuedSynchronizer.java:2078)
        at java.util.concurrent.ScheduledThreadPoolExecutor$DelayedWorkQueue.take(ScheduledThreadPoolExecutor.java:1093)
        at java.util.concurrent.ScheduledThreadPoolExecutor$DelayedWorkQueue.take(ScheduledThreadPoolExecutor.java:809)
        at java.util.concurrent.ThreadPoolExecutor.getTask(ThreadPoolExecutor.java:1074)
        at java.util.concurrent.ThreadPoolExecutor.runWorker(ThreadPoolExecutor.java:1134)
        at java.util.concurrent.ThreadPoolExecutor$Worker.run(ThreadPoolExecutor.java:624)
        at java.lang.Thread.run(Thread.java:750)
"Datanode ReportManager Thread - 4" daemon prio=5 tid=304 in Object.wait()
java.lang.Thread.State: WAITING (on object monitor)
        at sun.misc.Unsafe.park(Native Method)
        at java.util.concurrent.locks.LockSupport.park(LockSupport.java:175)
        at java.util.concurrent.locks.AbstractQueuedSynchronizer$ConditionObject.await(AbstractQueuedSynchronizer.java:2039)
        at java.util.concurrent.ScheduledThreadPoolExecutor$DelayedWorkQueue.take(ScheduledThreadPoolExecutor.java:1088)
        at java.util.concurrent.ScheduledThreadPoolExecutor$DelayedWorkQueue.take(ScheduledThreadPoolExecutor.java:809)
        at java.util.concurrent.ThreadPoolExecutor.getTask(ThreadPoolExecutor.java:1074)
        at java.util.concurrent.ThreadPoolExecutor.runWorker(ThreadPoolExecutor.java:1134)
        at java.util.concurrent.ThreadPoolExecutor$Worker.run(ThreadPoolExecutor.java:624)
        at java.lang.Thread.run(Thread.java:750)
"EndpointStateMachine task thread for /0.0.0.0:34173 - 0 "  prio=5 tid=386 in Object.wait()
java.lang.Thread.State: WAITING (on object monitor)
        at sun.misc.Unsafe.park(Native Method)
        at java.util.concurrent.locks.LockSupport.park(LockSupport.java:175)
        at java.util.concurrent.locks.AbstractQueuedSynchronizer$ConditionObject.await(AbstractQueuedSynchronizer.java:2039)
        at java.util.concurrent.LinkedBlockingQueue.take(LinkedBlockingQueue.java:442)
        at java.util.concurrent.ThreadPoolExecutor.getTask(ThreadPoolExecutor.java:1074)
        at java.util.concurrent.ThreadPoolExecutor.runWorker(ThreadPoolExecutor.java:1134)
        at java.util.concurrent.ThreadPoolExecutor$Worker.run(ThreadPoolExecutor.java:624)
        at java.lang.Thread.run(Thread.java:750)
"qtp745359474-240" daemon prio=5 tid=240 timed_waiting
java.lang.Thread.State: TIMED_WAITING
        at sun.misc.Unsafe.park(Native Method)
        at java.util.concurrent.locks.LockSupport.parkNanos(LockSupport.java:215)
        at java.util.concurrent.locks.AbstractQueuedSynchronizer$ConditionObject.awaitNanos(AbstractQueuedSynchronizer.java:2078)
        at org.eclipse.jetty.util.BlockingArrayQueue.poll(BlockingArrayQueue.java:382)
        at org.eclipse.jetty.util.thread.QueuedThreadPool$Runner.idleJobPoll(QueuedThreadPool.java:974)
        at org.eclipse.jetty.util.thread.QueuedThreadPool$Runner.run(QueuedThreadPool.java:1018)
        at java.lang.Thread.run(Thread.java:750)
"Datanode State Machine Task Thread - 0"  prio=5 tid=229 in Object.wait()
java.lang.Thread.State: WAITING (on object monitor)
        at sun.misc.Unsafe.park(Native Method)
        at java.util.concurrent.locks.LockSupport.park(LockSupport.java:175)
        at java.util.concurrent.locks.AbstractQueuedSynchronizer$ConditionObject.await(AbstractQueuedSynchronizer.java:2039)
        at java.util.concurrent.LinkedBlockingQueue.take(LinkedBlockingQueue.java:442)
        at java.util.concurrent.ThreadPoolExecutor.getTask(ThreadPoolExecutor.java:1074)
        at java.util.concurrent.ThreadPoolExecutor.runWorker(ThreadPoolExecutor.java:1134)
        at java.util.concurrent.ThreadPoolExecutor$Worker.run(ThreadPoolExecutor.java:624)
        at java.lang.Thread.run(Thread.java:750)
"IPC Server handler 19 on default port 36903" daemon prio=5 tid=86 timed_waiting
java.lang.Thread.State: TIMED_WAITING
        at sun.misc.Unsafe.park(Native Method)
        at java.util.concurrent.locks.LockSupport.parkNanos(LockSupport.java:215)
        at java.util.concurrent.locks.AbstractQueuedSynchronizer$ConditionObject.awaitNanos(AbstractQueuedSynchronizer.java:2078)
        at java.util.concurrent.LinkedBlockingQueue.poll(LinkedBlockingQueue.java:467)
        at org.apache.hadoop.ipc.CallQueueManager.take(CallQueueManager.java:317)
        at org.apache.hadoop.ipc.Server$Handler.run(Server.java:2942)
"ChunkWriter-2-0" daemon prio=5 tid=546 in Object.wait()
java.lang.Thread.State: WAITING (on object monitor)
        at sun.misc.Unsafe.park(Native Method)
        at java.util.concurrent.locks.LockSupport.park(LockSupport.java:175)
        at java.util.concurrent.locks.AbstractQueuedSynchronizer$ConditionObject.await(AbstractQueuedSynchronizer.java:2039)
        at java.util.concurrent.LinkedBlockingDeque.takeFirst(LinkedBlockingDeque.java:492)
        at java.util.concurrent.LinkedBlockingDeque.take(LinkedBlockingDeque.java:680)
        at java.util.concurrent.ThreadPoolExecutor.getTask(ThreadPoolExecutor.java:1074)
        at java.util.concurrent.ThreadPoolExecutor.runWorker(ThreadPoolExecutor.java:1134)
        at java.util.concurrent.ThreadPoolExecutor$Worker.run(ThreadPoolExecutor.java:624)
        at java.lang.Thread.run(Thread.java:750)
"IPC Server handler 19 on default port 34735" daemon prio=5 tid=173 timed_waiting
java.lang.Thread.State: TIMED_WAITING
        at sun.misc.Unsafe.park(Native Method)
        at java.util.concurrent.locks.LockSupport.parkNanos(LockSupport.java:215)
        at java.util.concurrent.locks.AbstractQueuedSynchronizer$ConditionObject.awaitNanos(AbstractQueuedSynchronizer.java:2078)
        at java.util.concurrent.LinkedBlockingQueue.poll(LinkedBlockingQueue.java:467)
        at org.apache.hadoop.ipc.CallQueueManager.take(CallQueueManager.java:317)
        at org.apache.hadoop.ipc.Server$Handler.run(Server.java:2942)
"qtp410671928-148" daemon prio=5 tid=148 timed_waiting
java.lang.Thread.State: TIMED_WAITING
        at sun.misc.Unsafe.park(Native Method)
        at java.util.concurrent.locks.LockSupport.parkNanos(LockSupport.java:215)
        at java.util.concurrent.locks.AbstractQueuedSynchronizer$ConditionObject.awaitNanos(AbstractQueuedSynchronizer.java:2078)
        at org.eclipse.jetty.util.BlockingArrayQueue.poll(BlockingArrayQueue.java:382)
        at org.eclipse.jetty.util.thread.QueuedThreadPool$Runner.idleJobPoll(QueuedThreadPool.java:974)
        at org.eclipse.jetty.util.thread.QueuedThreadPool$Runner.run(QueuedThreadPool.java:1018)
        at java.lang.Thread.run(Thread.java:750)
"Datanode ReportManager Thread - 1" daemon prio=5 tid=223 timed_waiting
java.lang.Thread.State: TIMED_WAITING
        at sun.misc.Unsafe.park(Native Method)
        at java.util.concurrent.locks.LockSupport.parkNanos(LockSupport.java:215)
        at java.util.concurrent.locks.AbstractQueuedSynchronizer$ConditionObject.awaitNanos(AbstractQueuedSynchronizer.java:2078)
        at java.util.concurrent.ScheduledThreadPoolExecutor$DelayedWorkQueue.take(ScheduledThreadPoolExecutor.java:1093)
        at java.util.concurrent.ScheduledThreadPoolExecutor$DelayedWorkQueue.take(ScheduledThreadPoolExecutor.java:809)
        at java.util.concurrent.ThreadPoolExecutor.getTask(ThreadPoolExecutor.java:1074)
        at java.util.concurrent.ThreadPoolExecutor.runWorker(ThreadPoolExecutor.java:1134)
        at java.util.concurrent.ThreadPoolExecutor$Worker.run(ThreadPoolExecutor.java:624)
        at java.lang.Thread.run(Thread.java:750)
"81de4557-c158-4718-93a8-b16ff7f8daad-server-thread2" daemon prio=5 tid=834 timed_waiting
java.lang.Thread.State: TIMED_WAITING
        at sun.misc.Unsafe.park(Native Method)
        at java.util.concurrent.locks.LockSupport.parkNanos(LockSupport.java:215)
        at java.util.concurrent.SynchronousQueue$TransferStack.awaitFulfill(SynchronousQueue.java:460)
        at java.util.concurrent.SynchronousQueue$TransferStack.transfer(SynchronousQueue.java:362)
        at java.util.concurrent.SynchronousQueue.poll(SynchronousQueue.java:941)
        at java.util.concurrent.ThreadPoolExecutor.getTask(ThreadPoolExecutor.java:1073)
        at java.util.concurrent.ThreadPoolExecutor.runWorker(ThreadPoolExecutor.java:1134)
        at java.util.concurrent.ThreadPoolExecutor$Worker.run(ThreadPoolExecutor.java:624)
        at java.lang.Thread.run(Thread.java:750)
"OpenKeyCleanupService#0" daemon prio=5 tid=143 timed_waiting
java.lang.Thread.State: TIMED_WAITING
        at sun.misc.Unsafe.park(Native Method)
        at java.util.concurrent.locks.LockSupport.parkNanos(LockSupport.java:215)
        at java.util.concurrent.locks.AbstractQueuedSynchronizer$ConditionObject.awaitNanos(AbstractQueuedSynchronizer.java:2078)
        at java.util.concurrent.ScheduledThreadPoolExecutor$DelayedWorkQueue.take(ScheduledThreadPoolExecutor.java:1093)
        at java.util.concurrent.ScheduledThreadPoolExecutor$DelayedWorkQueue.take(ScheduledThreadPoolExecutor.java:809)
        at java.util.concurrent.ThreadPoolExecutor.getTask(ThreadPoolExecutor.java:1074)
        at java.util.concurrent.ThreadPoolExecutor.runWorker(ThreadPoolExecutor.java:1134)
        at java.util.concurrent.ThreadPoolExecutor$Worker.run(ThreadPoolExecutor.java:624)
        at java.lang.Thread.run(Thread.java:750)
"JvmPauseMonitor0" daemon prio=5 tid=139 timed_waiting
java.lang.Thread.State: TIMED_WAITING
        at java.lang.Thread.sleep(Native Method)
        at java.lang.Thread.sleep(Thread.java:342)
        at java.util.concurrent.TimeUnit.sleep(TimeUnit.java:386)
        at org.apache.ratis.util.TimeDuration.sleep(TimeDuration.java:325)
        at org.apache.ratis.util.TimeDuration.sleep(TimeDuration.java:310)
        at org.apache.ratis.util.JvmPauseMonitor.detectPause(JvmPauseMonitor.java:119)
        at org.apache.ratis.util.JvmPauseMonitor.run(JvmPauseMonitor.java:108)
        at org.apache.ratis.util.JvmPauseMonitor$$Lambda$706/19678348.run(Unknown Source)
        at java.lang.Thread.run(Thread.java:750)
"ChunkReader-3" daemon prio=5 tid=776 in Object.wait()
java.lang.Thread.State: WAITING (on object monitor)
        at sun.misc.Unsafe.park(Native Method)
        at java.util.concurrent.locks.LockSupport.park(LockSupport.java:175)
        at java.util.concurrent.locks.AbstractQueuedSynchronizer$ConditionObject.await(AbstractQueuedSynchronizer.java:2039)
        at java.util.concurrent.LinkedBlockingQueue.take(LinkedBlockingQueue.java:442)
        at java.util.concurrent.ThreadPoolExecutor.getTask(ThreadPoolExecutor.java:1074)
        at java.util.concurrent.ThreadPoolExecutor.runWorker(ThreadPoolExecutor.java:1134)
        at java.util.concurrent.ThreadPoolExecutor$Worker.run(ThreadPoolExecutor.java:624)
        at java.lang.Thread.run(Thread.java:750)
"qtp1784709811-293" daemon prio=5 tid=293 timed_waiting
java.lang.Thread.State: TIMED_WAITING
        at sun.misc.Unsafe.park(Native Method)
        at java.util.concurrent.locks.LockSupport.parkNanos(LockSupport.java:215)
        at java.util.concurrent.locks.AbstractQueuedSynchronizer$ConditionObject.awaitNanos(AbstractQueuedSynchronizer.java:2078)
        at org.eclipse.jetty.util.BlockingArrayQueue.poll(BlockingArrayQueue.java:382)
        at org.eclipse.jetty.util.thread.QueuedThreadPool$Runner.idleJobPoll(QueuedThreadPool.java:974)
        at org.eclipse.jetty.util.thread.QueuedThreadPool$Runner.run(QueuedThreadPool.java:1018)
        at java.lang.Thread.run(Thread.java:750)
"StaleRecoveringContainerScrubbingService#2" daemon prio=5 tid=900 in Object.wait()
java.lang.Thread.State: WAITING (on object monitor)
        at sun.misc.Unsafe.park(Native Method)
        at java.util.concurrent.locks.LockSupport.park(LockSupport.java:175)
        at java.util.concurrent.locks.AbstractQueuedSynchronizer$ConditionObject.await(AbstractQueuedSynchronizer.java:2039)
        at java.util.concurrent.ScheduledThreadPoolExecutor$DelayedWorkQueue.take(ScheduledThreadPoolExecutor.java:1088)
        at java.util.concurrent.ScheduledThreadPoolExecutor$DelayedWorkQueue.take(ScheduledThreadPoolExecutor.java:809)
        at java.util.concurrent.ThreadPoolExecutor.getTask(ThreadPoolExecutor.java:1074)
        at java.util.concurrent.ThreadPoolExecutor.runWorker(ThreadPoolExecutor.java:1134)
        at java.util.concurrent.ThreadPoolExecutor$Worker.run(ThreadPoolExecutor.java:624)
        at java.lang.Thread.run(Thread.java:750)
"Datanode ReportManager Thread - 3" daemon prio=5 tid=277 in Object.wait()
java.lang.Thread.State: WAITING (on object monitor)
        at sun.misc.Unsafe.park(Native Method)
        at java.util.concurrent.locks.LockSupport.park(LockSupport.java:175)
        at java.util.concurrent.locks.AbstractQueuedSynchronizer$ConditionObject.await(AbstractQueuedSynchronizer.java:2039)
        at java.util.concurrent.ScheduledThreadPoolExecutor$DelayedWorkQueue.take(ScheduledThreadPoolExecutor.java:1088)
        at java.util.concurrent.ScheduledThreadPoolExecutor$DelayedWorkQueue.take(ScheduledThreadPoolExecutor.java:809)
        at java.util.concurrent.ThreadPoolExecutor.getTask(ThreadPoolExecutor.java:1074)
        at java.util.concurrent.ThreadPoolExecutor.runWorker(ThreadPoolExecutor.java:1134)
        at java.util.concurrent.ThreadPoolExecutor$Worker.run(ThreadPoolExecutor.java:624)
        at java.lang.Thread.run(Thread.java:750)
"om1@group-C5BA1605619E-LeaderStateImpl" daemon prio=5 tid=203 timed_waiting
java.lang.Thread.State: TIMED_WAITING
        at sun.misc.Unsafe.park(Native Method)
        at java.util.concurrent.locks.LockSupport.parkNanos(LockSupport.java:215)
        at java.util.concurrent.locks.AbstractQueuedSynchronizer$ConditionObject.awaitNanos(AbstractQueuedSynchronizer.java:2078)
        at java.util.concurrent.ArrayBlockingQueue.poll(ArrayBlockingQueue.java:418)
        at org.apache.ratis.server.impl.LeaderStateImpl$EventQueue.poll(LeaderStateImpl.java:159)
        at org.apache.ratis.server.impl.LeaderStateImpl$EventProcessor.run(LeaderStateImpl.java:630)
"81de4557-c158-4718-93a8-b16ff7f8daad@group-0E2E749C66FF-LeaderStateImpl" daemon prio=5 tid=755 timed_waiting
java.lang.Thread.State: TIMED_WAITING
        at sun.misc.Unsafe.park(Native Method)
        at java.util.concurrent.locks.LockSupport.parkNanos(LockSupport.java:215)
        at java.util.concurrent.locks.AbstractQueuedSynchronizer$ConditionObject.awaitNanos(AbstractQueuedSynchronizer.java:2078)
        at java.util.concurrent.ArrayBlockingQueue.poll(ArrayBlockingQueue.java:418)
        at org.apache.ratis.server.impl.LeaderStateImpl$EventQueue.poll(LeaderStateImpl.java:159)
        at org.apache.ratis.server.impl.LeaderStateImpl$EventProcessor.run(LeaderStateImpl.java:630)
"qtp2024219843-484" daemon prio=5 tid=484 timed_waiting
java.lang.Thread.State: TIMED_WAITING
        at sun.misc.Unsafe.park(Native Method)
        at java.util.concurrent.locks.LockSupport.parkNanos(LockSupport.java:215)
        at java.util.concurrent.locks.AbstractQueuedSynchronizer$ConditionObject.awaitNanos(AbstractQueuedSynchronizer.java:2078)
        at org.eclipse.jetty.util.BlockingArrayQueue.poll(BlockingArrayQueue.java:382)
        at org.eclipse.jetty.util.thread.QueuedThreadPool$Runner.idleJobPoll(QueuedThreadPool.java:974)
        at org.eclipse.jetty.util.thread.QueuedThreadPool$Runner.run(QueuedThreadPool.java:1018)
        at java.lang.Thread.run(Thread.java:750)
"Periodic HDDS volume checker" daemon prio=5 tid=283 timed_waiting
java.lang.Thread.State: TIMED_WAITING
        at sun.misc.Unsafe.park(Native Method)
        at java.util.concurrent.locks.LockSupport.parkNanos(LockSupport.java:215)
        at java.util.concurrent.locks.AbstractQueuedSynchronizer$ConditionObject.awaitNanos(AbstractQueuedSynchronizer.java:2078)
        at java.util.concurrent.ScheduledThreadPoolExecutor$DelayedWorkQueue.take(ScheduledThreadPoolExecutor.java:1093)
        at java.util.concurrent.ScheduledThreadPoolExecutor$DelayedWorkQueue.take(ScheduledThreadPoolExecutor.java:809)
        at java.util.concurrent.ThreadPoolExecutor.getTask(ThreadPoolExecutor.java:1074)
        at java.util.concurrent.ThreadPoolExecutor.runWorker(ThreadPoolExecutor.java:1134)
        at java.util.concurrent.ThreadPoolExecutor$Worker.run(ThreadPoolExecutor.java:624)
        at java.lang.Thread.run(Thread.java:750)
"IPC Server handler 8 on default port 34735" daemon prio=5 tid=162 timed_waiting
java.lang.Thread.State: TIMED_WAITING
        at sun.misc.Unsafe.park(Native Method)
        at java.util.concurrent.locks.LockSupport.parkNanos(LockSupport.java:215)
        at java.util.concurrent.locks.AbstractQueuedSynchronizer$ConditionObject.awaitNanos(AbstractQueuedSynchronizer.java:2078)
        at java.util.concurrent.LinkedBlockingQueue.poll(LinkedBlockingQueue.java:467)
        at org.apache.hadoop.ipc.CallQueueManager.take(CallQueueManager.java:317)
        at org.apache.hadoop.ipc.Server$Handler.run(Server.java:2942)
"org.apache.hadoop.ozone.container.common.statemachine.commandhandler.DeleteBlocksCommandHandler$DeleteCmdWorker@6ba06b63" daemon prio=5 tid=210 timed_waiting
java.lang.Thread.State: TIMED_WAITING
        at java.lang.Thread.sleep(Native Method)
        at org.apache.hadoop.ozone.container.common.statemachine.commandhandler.DeleteBlocksCommandHandler$DeleteCmdWorker.run(DeleteBlocksCommandHandler.java:183)
        at java.lang.Thread.run(Thread.java:750)
"timer3" daemon prio=5 tid=723 timed_waiting
java.lang.Thread.State: TIMED_WAITING
        at java.lang.Object.wait(Native Method)
        at java.util.TimerThread.mainLoop(Timer.java:552)
        at java.util.TimerThread.run(Timer.java:505)
"Datanode State Machine Task Thread - 0"  prio=5 tid=460 in Object.wait()
java.lang.Thread.State: WAITING (on object monitor)
        at sun.misc.Unsafe.park(Native Method)
        at java.util.concurrent.locks.LockSupport.park(LockSupport.java:175)
        at java.util.concurrent.locks.AbstractQueuedSynchronizer$ConditionObject.await(AbstractQueuedSynchronizer.java:2039)
        at java.util.concurrent.LinkedBlockingQueue.take(LinkedBlockingQueue.java:442)
        at java.util.concurrent.ThreadPoolExecutor.getTask(ThreadPoolExecutor.java:1074)
        at java.util.concurrent.ThreadPoolExecutor.runWorker(ThreadPoolExecutor.java:1134)
        at java.util.concurrent.ThreadPoolExecutor$Worker.run(ThreadPoolExecutor.java:624)
        at java.lang.Thread.run(Thread.java:750)
"IPC Server handler 3 on default port 34173" daemon prio=5 tid=90 timed_waiting
java.lang.Thread.State: TIMED_WAITING
        at sun.misc.Unsafe.park(Native Method)
        at java.util.concurrent.locks.LockSupport.parkNanos(LockSupport.java:215)
        at java.util.concurrent.locks.AbstractQueuedSynchronizer$ConditionObject.awaitNanos(AbstractQueuedSynchronizer.java:2078)
        at java.util.concurrent.LinkedBlockingQueue.poll(LinkedBlockingQueue.java:467)
        at org.apache.hadoop.ipc.CallQueueManager.take(CallQueueManager.java:317)
        at org.apache.hadoop.ipc.Server$Handler.run(Server.java:2942)
"ExpiredContainerReplicaOpScrubberThread" daemon prio=5 tid=17 timed_waiting
java.lang.Thread.State: TIMED_WAITING
        at java.lang.Object.wait(Native Method)
        at org.apache.hadoop.hdds.scm.ha.BackgroundSCMService.run(BackgroundSCMService.java:110)
        at org.apache.hadoop.hdds.scm.ha.BackgroundSCMService$$Lambda$375/269287960.run(Unknown Source)
        at java.lang.Thread.run(Thread.java:750)
"44bea1f4-43dd-4415-bb4e-4e9896dd68f6@group-D5EC486ECE4F-FollowerState" daemon prio=5 tid=828 timed_waiting
java.lang.Thread.State: TIMED_WAITING
        at java.lang.Thread.sleep(Native Method)
        at java.lang.Thread.sleep(Thread.java:342)
        at java.util.concurrent.TimeUnit.sleep(TimeUnit.java:386)
        at org.apache.ratis.util.TimeDuration.sleep(TimeDuration.java:325)
        at org.apache.ratis.util.TimeDuration.sleep(TimeDuration.java:310)
        at org.apache.ratis.server.impl.FollowerState.run(FollowerState.java:128)
"org.apache.hadoop.util.JvmPauseMonitor$Monitor@1afabf06" daemon prio=5 tid=108 timed_waiting
java.lang.Thread.State: TIMED_WAITING
        at java.lang.Thread.sleep(Native Method)
        at org.apache.hadoop.util.JvmPauseMonitor$Monitor.run(JvmPauseMonitor.java:192)
        at java.lang.Thread.run(Thread.java:750)
"3fdd4c6e-2961-42ba-90d3-b5f169a49f15@group-D5EC486ECE4F-LeaderStateImpl" daemon prio=5 tid=830 timed_waiting
java.lang.Thread.State: TIMED_WAITING
        at sun.misc.Unsafe.park(Native Method)
        at java.util.concurrent.locks.LockSupport.parkNanos(LockSupport.java:215)
        at java.util.concurrent.locks.AbstractQueuedSynchronizer$ConditionObject.awaitNanos(AbstractQueuedSynchronizer.java:2078)
        at java.util.concurrent.ArrayBlockingQueue.poll(ArrayBlockingQueue.java:418)
        at org.apache.ratis.server.impl.LeaderStateImpl$EventQueue.poll(LeaderStateImpl.java:159)
        at org.apache.ratis.server.impl.LeaderStateImpl$EventProcessor.run(LeaderStateImpl.java:630)
"EventQueue-NewNodeForNewNodeHandler" daemon prio=5 tid=463 in Object.wait()
java.lang.Thread.State: WAITING (on object monitor)
        at sun.misc.Unsafe.park(Native Method)
        at java.util.concurrent.locks.LockSupport.park(LockSupport.java:175)
        at java.util.concurrent.locks.AbstractQueuedSynchronizer$ConditionObject.await(AbstractQueuedSynchronizer.java:2039)
        at java.util.concurrent.LinkedBlockingQueue.take(LinkedBlockingQueue.java:442)
        at java.util.concurrent.ThreadPoolExecutor.getTask(ThreadPoolExecutor.java:1074)
        at java.util.concurrent.ThreadPoolExecutor.runWorker(ThreadPoolExecutor.java:1134)
        at java.util.concurrent.ThreadPoolExecutor$Worker.run(ThreadPoolExecutor.java:624)
        at java.lang.Thread.run(Thread.java:750)
"BlockDeletingService#1" daemon prio=5 tid=346 timed_waiting
java.lang.Thread.State: TIMED_WAITING
        at sun.misc.Unsafe.park(Native Method)
        at java.util.concurrent.locks.LockSupport.parkNanos(LockSupport.java:215)
        at java.util.concurrent.locks.AbstractQueuedSynchronizer$ConditionObject.awaitNanos(AbstractQueuedSynchronizer.java:2078)
        at java.util.concurrent.ScheduledThreadPoolExecutor$DelayedWorkQueue.take(ScheduledThreadPoolExecutor.java:1093)
        at java.util.concurrent.ScheduledThreadPoolExecutor$DelayedWorkQueue.take(ScheduledThreadPoolExecutor.java:809)
        at java.util.concurrent.ThreadPoolExecutor.getTask(ThreadPoolExecutor.java:1074)
        at java.util.concurrent.ThreadPoolExecutor.runWorker(ThreadPoolExecutor.java:1134)
        at java.util.concurrent.ThreadPoolExecutor$Worker.run(ThreadPoolExecutor.java:624)
        at java.lang.Thread.run(Thread.java:750)
"OMDoubleBufferFlushThread" daemon prio=5 tid=125 timed_waiting
java.lang.Thread.State: TIMED_WAITING
        at java.lang.Object.wait(Native Method)
        at org.apache.hadoop.ozone.om.ratis.OzoneManagerDoubleBuffer.canFlush(OzoneManagerDoubleBuffer.java:538)
        at org.apache.hadoop.ozone.om.ratis.OzoneManagerDoubleBuffer.flushTransactions(OzoneManagerDoubleBuffer.java:268)
        at org.apache.hadoop.ozone.om.ratis.OzoneManagerDoubleBuffer$$Lambda$504/181805309.run(Unknown Source)
        at java.lang.Thread.run(Thread.java:750)
"IPC Server handler 11 on default port 36903" daemon prio=5 tid=78 timed_waiting
java.lang.Thread.State: TIMED_WAITING
        at sun.misc.Unsafe.park(Native Method)
        at java.util.concurrent.locks.LockSupport.parkNanos(LockSupport.java:215)
        at java.util.concurrent.locks.AbstractQueuedSynchronizer$ConditionObject.awaitNanos(AbstractQueuedSynchronizer.java:2078)
        at java.util.concurrent.LinkedBlockingQueue.poll(LinkedBlockingQueue.java:467)
        at org.apache.hadoop.ipc.CallQueueManager.take(CallQueueManager.java:317)
        at org.apache.hadoop.ipc.Server$Handler.run(Server.java:2942)
"Listener at 127.0.0.1/34735"  prio=5 tid=1 runnable
java.lang.Thread.State: RUNNABLE
        at java.lang.Thread.dumpThreads(Native Method)
        at java.lang.Thread.getAllStackTraces(Thread.java:1615)
        at org.apache.ozone.test.TimedOutTestsListener.buildThreadDump(TimedOutTestsListener.java:93)
        at org.apache.ozone.test.TimedOutTestsListener.buildThreadDiagnosticString(TimedOutTestsListener.java:79)
        at org.apache.ozone.test.GenericTestUtils.waitFor(GenericTestUtils.java:224)
        at org.apache.hadoop.ozone.container.TestECContainerRecovery.waitForContainerCount(TestECContainerRecovery.java:265)
        at org.apache.hadoop.ozone.container.TestECContainerRecovery.testContainerRecoveryOverReplicationProcessing(TestECContainerRecovery.java:209)
        at sun.reflect.NativeMethodAccessorImpl.invoke0(Native Method)
        at sun.reflect.NativeMethodAccessorImpl.invoke(NativeMethodAccessorImpl.java:62)
        at sun.reflect.DelegatingMethodAccessorImpl.invoke(DelegatingMethodAccessorImpl.java:43)
        at java.lang.reflect.Method.invoke(Method.java:498)
        at org.junit.platform.commons.util.ReflectionUtils.invokeMethod(ReflectionUtils.java:725)
        at org.junit.jupiter.engine.execution.MethodInvocation.proceed(MethodInvocation.java:60)
        at org.junit.jupiter.engine.execution.InvocationInterceptorChain$ValidatingInvocation.proceed(InvocationInterceptorChain.java:131)
        at org.junit.jupiter.engine.extension.TimeoutExtension.intercept(TimeoutExtension.java:149)
        at org.junit.jupiter.engine.extension.TimeoutExtension.interceptTestableMethod(TimeoutExtension.java:140)
        at org.junit.jupiter.engine.extension.TimeoutExtension.interceptTestMethod(TimeoutExtension.java:84)
        at org.junit.jupiter.engine.descriptor.TestMethodTestDescriptor$$Lambda$158/1014982340.apply(Unknown Source)
        at org.junit.jupiter.engine.execution.ExecutableInvoker$ReflectiveInterceptorCall.lambda$ofVoidMethod$0(ExecutableInvoker.java:115)
        at org.junit.jupiter.engine.execution.ExecutableInvoker$ReflectiveInterceptorCall$$Lambda$159/268084911.apply(Unknown Source)
        at org.junit.jupiter.engine.execution.ExecutableInvoker.lambda$invoke$0(ExecutableInvoker.java:105)
        at org.junit.jupiter.engine.execution.ExecutableInvoker$$Lambda$314/1457263953.apply(Unknown Source)
        at org.junit.jupiter.engine.execution.InvocationInterceptorChain$InterceptedInvocation.proceed(InvocationInterceptorChain.java:106)
        at org.junit.jupiter.engine.execution.InvocationInterceptorChain.proceed(InvocationInterceptorChain.java:64)
        at org.junit.jupiter.engine.execution.InvocationInterceptorChain.chainAndInvoke(InvocationInterceptorChain.java:45)
        at org.junit.jupiter.engine.execution.InvocationInterceptorChain.invoke(InvocationInterceptorChain.java:37)
        at org.junit.jupiter.engine.execution.ExecutableInvoker.invoke(ExecutableInvoker.java:104)
        at org.junit.jupiter.engine.execution.ExecutableInvoker.invoke(ExecutableInvoker.java:98)
        at org.junit.jupiter.engine.descriptor.TestMethodTestDescriptor.lambda$invokeTestMethod$7(TestMethodTestDescriptor.java:214)
        at org.junit.jupiter.engine.descriptor.TestMethodTestDescriptor$$Lambda$1178/191288056.execute(Unknown Source)
        at org.junit.platform.engine.support.hierarchical.ThrowableCollector.execute(ThrowableCollector.java:73)
        at org.junit.jupiter.engine.descriptor.TestMethodTestDescriptor.invokeTestMethod(TestMethodTestDescriptor.java:210)
        at org.junit.jupiter.engine.descriptor.TestMethodTestDescriptor.execute(TestMethodTestDescriptor.java:135)
        at org.junit.jupiter.engine.descriptor.TestMethodTestDescriptor.execute(TestMethodTestDescriptor.java:66)
        at org.junit.platform.engine.support.hierarchical.NodeTestTask.lambda$executeRecursively$6(NodeTestTask.java:151)
        at org.junit.platform.engine.support.hierarchical.NodeTestTask$$Lambda$258/2129442232.execute(Unknown Source)
        at org.junit.platform.engine.support.hierarchical.ThrowableCollector.execute(ThrowableCollector.java:73)
        at org.junit.platform.engine.support.hierarchical.NodeTestTask.lambda$executeRecursively$8(NodeTestTask.java:141)
        at org.junit.platform.engine.support.hierarchical.NodeTestTask$$Lambda$257/352367347.invoke(Unknown Source)
        at org.junit.platform.engine.support.hierarchical.Node.around(Node.java:137)
        at org.junit.platform.engine.support.hierarchical.NodeTestTask.lambda$executeRecursively$9(NodeTestTask.java:139)
        at org.junit.platform.engine.support.hierarchical.NodeTestTask$$Lambda$256/1204481453.execute(Unknown Source)
        at org.junit.platform.engine.support.hierarchical.ThrowableCollector.execute(ThrowableCollector.java:73)
        at org.junit.platform.engine.support.hierarchical.NodeTestTask.executeRecursively(NodeTestTask.java:138)
        at org.junit.platform.engine.support.hierarchical.NodeTestTask.execute(NodeTestTask.java:95)
        at org.junit.platform.engine.support.hierarchical.SameThreadHierarchicalTestExecutorService$$Lambda$262/1902671237.accept(Unknown Source)
        at java.util.ArrayList.forEach(ArrayList.java:1259)
        at org.junit.platform.engine.support.hierarchical.SameThreadHierarchicalTestExecutorService.invokeAll(SameThreadHierarchicalTestExecutorService.java:41)
        at org.junit.platform.engine.support.hierarchical.NodeTestTask.lambda$executeRecursively$6(NodeTestTask.java:155)
        at org.junit.platform.engine.support.hierarchical.NodeTestTask$$Lambda$258/2129442232.execute(Unknown Source)
        at org.junit.platform.engine.support.hierarchical.ThrowableCollector.execute(ThrowableCollector.java:73)
        at org.junit.platform.engine.support.hierarchical.NodeTestTask.lambda$executeRecursively$8(NodeTestTask.java:141)
        at org.junit.platform.engine.support.hierarchical.NodeTestTask$$Lambda$257/352367347.invoke(Unknown Source)
        at org.junit.platform.engine.support.hierarchical.Node.around(Node.java:137)
        at org.junit.platform.engine.support.hierarchical.NodeTestTask.lambda$executeRecursively$9(NodeTestTask.java:139)
        at org.junit.platform.engine.support.hierarchical.NodeTestTask$$Lambda$256/1204481453.execute(Unknown Source)
        at org.junit.platform.engine.support.hierarchical.ThrowableCollector.execute(ThrowableCollector.java:73)
        at org.junit.platform.engine.support.hierarchical.NodeTestTask.executeRecursively(NodeTestTask.java:138)
        at org.junit.platform.engine.support.hierarchical.NodeTestTask.execute(NodeTestTask.java:95)
        at org.junit.platform.engine.support.hierarchical.SameThreadHierarchicalTestExecutorService$$Lambda$262/1902671237.accept(Unknown Source)
        at java.util.ArrayList.forEach(ArrayList.java:1259)
        at org.junit.platform.engine.support.hierarchical.SameThreadHierarchicalTestExecutorService.invokeAll(SameThreadHierarchicalTestExecutorService.java:41)
        at org.junit.platform.engine.support.hierarchical.NodeTestTask.lambda$executeRecursively$6(NodeTestTask.java:155)
        at org.junit.platform.engine.support.hierarchical.NodeTestTask$$Lambda$258/2129442232.execute(Unknown Source)
        at org.junit.platform.engine.support.hierarchical.ThrowableCollector.execute(ThrowableCollector.java:73)
        at org.junit.platform.engine.support.hierarchical.NodeTestTask.lambda$executeRecursively$8(NodeTestTask.java:141)
        at org.junit.platform.engine.support.hierarchical.NodeTestTask$$Lambda$257/352367347.invoke(Unknown Source)
        at org.junit.platform.engine.support.hierarchical.Node.around(Node.java:137)
        at org.junit.platform.engine.support.hierarchical.NodeTestTask.lambda$executeRecursively$9(NodeTestTask.java:139)
        at org.junit.platform.engine.support.hierarchical.NodeTestTask$$Lambda$256/1204481453.execute(Unknown Source)
        at org.junit.platform.engine.support.hierarchical.ThrowableCollector.execute(ThrowableCollector.java:73)
        at org.junit.platform.engine.support.hierarchical.NodeTestTask.executeRecursively(NodeTestTask.java:138)
        at org.junit.platform.engine.support.hierarchical.NodeTestTask.execute(NodeTestTask.java:95)
        at org.junit.platform.engine.support.hierarchical.SameThreadHierarchicalTestExecutorService.submit(SameThreadHierarchicalTestExecutorService.java:35)
        at org.junit.platform.engine.support.hierarchical.HierarchicalTestExecutor.execute(HierarchicalTestExecutor.java:57)
        at org.junit.platform.engine.support.hierarchical.HierarchicalTestEngine.execute(HierarchicalTestEngine.java:54)
        at org.junit.platform.launcher.core.EngineExecutionOrchestrator.execute(EngineExecutionOrchestrator.java:107)
        at org.junit.platform.launcher.core.EngineExecutionOrchestrator.execute(EngineExecutionOrchestrator.java:88)
        at org.junit.platform.launcher.core.EngineExecutionOrchestrator.lambda$execute$0(EngineExecutionOrchestrator.java:54)
        at org.junit.platform.launcher.core.EngineExecutionOrchestrator$$Lambda$214/1758008124.accept(Unknown Source)
        at org.junit.platform.launcher.core.EngineExecutionOrchestrator.withInterceptedStreams(EngineExecutionOrchestrator.java:67)
        at org.junit.platform.launcher.core.EngineExecutionOrchestrator.execute(EngineExecutionOrchestrator.java:52)
        at org.junit.platform.launcher.core.DefaultLauncher.execute(DefaultLauncher.java:114)
        at org.junit.platform.launcher.core.DefaultLauncher.execute(DefaultLauncher.java:86)
        at org.junit.platform.launcher.core.DefaultLauncherSession$DelegatingLauncher.execute(DefaultLauncherSession.java:86)
        at org.junit.platform.launcher.core.SessionPerRequestLauncher.execute(SessionPerRequestLauncher.java:53)
        at org.apache.maven.surefire.junitplatform.JUnitPlatformProvider.execute(JUnitPlatformProvider.java:188)
        at org.apache.maven.surefire.junitplatform.JUnitPlatformProvider.invokeAllTests(JUnitPlatformProvider.java:154)
        at org.apache.maven.surefire.junitplatform.JUnitPlatformProvider.invoke(JUnitPlatformProvider.java:124)
        at org.apache.maven.surefire.booter.ForkedBooter.runSuitesInProcess(ForkedBooter.java:428)
        at org.apache.maven.surefire.booter.ForkedBooter.execute(ForkedBooter.java:162)
        at org.apache.maven.surefire.booter.ForkedBooter.run(ForkedBooter.java:562)
        at org.apache.maven.surefire.booter.ForkedBooter.main(ForkedBooter.java:548)
"StaleRecoveringContainerScrubbingService#0" daemon prio=5 tid=527 in Object.wait()
java.lang.Thread.State: WAITING (on object monitor)
        at sun.misc.Unsafe.park(Native Method)
        at java.util.concurrent.locks.LockSupport.park(LockSupport.java:175)
        at java.util.concurrent.locks.AbstractQueuedSynchronizer$ConditionObject.await(AbstractQueuedSynchronizer.java:2039)
        at java.util.concurrent.ScheduledThreadPoolExecutor$DelayedWorkQueue.take(ScheduledThreadPoolExecutor.java:1088)
        at java.util.concurrent.ScheduledThreadPoolExecutor$DelayedWorkQueue.take(ScheduledThreadPoolExecutor.java:809)
        at java.util.concurrent.ThreadPoolExecutor.getTask(ThreadPoolExecutor.java:1074)
        at java.util.concurrent.ThreadPoolExecutor.runWorker(ThreadPoolExecutor.java:1134)
        at java.util.concurrent.ThreadPoolExecutor$Worker.run(ThreadPoolExecutor.java:624)
        at java.lang.Thread.run(Thread.java:750)
"pool-72-thread-1"  prio=5 tid=567 in Object.wait()
java.lang.Thread.State: WAITING (on object monitor)
        at sun.misc.Unsafe.park(Native Method)
        at java.util.concurrent.locks.LockSupport.park(LockSupport.java:175)
        at java.util.concurrent.locks.AbstractQueuedSynchronizer$ConditionObject.await(AbstractQueuedSynchronizer.java:2039)
        at java.util.concurrent.LinkedBlockingQueue.take(LinkedBlockingQueue.java:442)
        at java.util.concurrent.ThreadPoolExecutor.getTask(ThreadPoolExecutor.java:1074)
        at java.util.concurrent.ThreadPoolExecutor.runWorker(ThreadPoolExecutor.java:1134)
        at java.util.concurrent.ThreadPoolExecutor$Worker.run(ThreadPoolExecutor.java:624)
        at java.lang.Thread.run(Thread.java:750)
"PartialTableCache Cleanup Thread - 0" daemon prio=5 tid=746 in Object.wait()
java.lang.Thread.State: WAITING (on object monitor)
        at sun.misc.Unsafe.park(Native Method)
        at java.util.concurrent.locks.LockSupport.park(LockSupport.java:175)
        at java.util.concurrent.locks.AbstractQueuedSynchronizer$ConditionObject.await(AbstractQueuedSynchronizer.java:2039)
        at java.util.concurrent.LinkedBlockingQueue.take(LinkedBlockingQueue.java:442)
        at java.util.concurrent.ThreadPoolExecutor.getTask(ThreadPoolExecutor.java:1074)
        at java.util.concurrent.ThreadPoolExecutor.runWorker(ThreadPoolExecutor.java:1134)
        at java.util.concurrent.ThreadPoolExecutor$Worker.run(ThreadPoolExecutor.java:624)
        at java.lang.Thread.run(Thread.java:750)
"qtp745359474-239-acceptor-0@3652586b-ServerConnector@2b1d39b2{HTTP/1.1, (http/1.1)}{0.0.0.0:41373}" daemon prio=3 tid=239 runnable
java.lang.Thread.State: RUNNABLE
        at sun.nio.ch.ServerSocketChannelImpl.accept0(Native Method)
        at sun.nio.ch.ServerSocketChannelImpl.accept(ServerSocketChannelImpl.java:421)
        at sun.nio.ch.ServerSocketChannelImpl.accept(ServerSocketChannelImpl.java:249)
        at org.eclipse.jetty.server.ServerConnector.accept(ServerConnector.java:388)
        at org.eclipse.jetty.server.AbstractConnector$Acceptor.run(AbstractConnector.java:704)
        at org.eclipse.jetty.util.thread.QueuedThreadPool.runJob(QueuedThreadPool.java:883)
        at org.eclipse.jetty.util.thread.QueuedThreadPool$Runner.run(QueuedThreadPool.java:1034)
        at java.lang.Thread.run(Thread.java:750)
"Datanode ReportManager Thread - 0" daemon prio=5 tid=248 in Object.wait()
java.lang.Thread.State: WAITING (on object monitor)
        at sun.misc.Unsafe.park(Native Method)
        at java.util.concurrent.locks.LockSupport.park(LockSupport.java:175)
        at java.util.concurrent.locks.AbstractQueuedSynchronizer$ConditionObject.await(AbstractQueuedSynchronizer.java:2039)
        at java.util.concurrent.ScheduledThreadPoolExecutor$DelayedWorkQueue.take(ScheduledThreadPoolExecutor.java:1088)
        at java.util.concurrent.ScheduledThreadPoolExecutor$DelayedWorkQueue.take(ScheduledThreadPoolExecutor.java:809)
        at java.util.concurrent.ThreadPoolExecutor.getTask(ThreadPoolExecutor.java:1074)
        at java.util.concurrent.ThreadPoolExecutor.runWorker(ThreadPoolExecutor.java:1134)
        at java.util.concurrent.ThreadPoolExecutor$Worker.run(ThreadPoolExecutor.java:624)
        at java.lang.Thread.run(Thread.java:750)
"274c4b45-19e0-452f-8d1e-585a77537937@group-B6D24B272EC8-StateMachineUpdater" daemon prio=5 tid=574 timed_waiting
java.lang.Thread.State: TIMED_WAITING
        at sun.misc.Unsafe.park(Native Method)
        at java.util.concurrent.locks.LockSupport.parkNanos(LockSupport.java:215)
        at java.util.concurrent.CompletableFuture$Signaller.block(CompletableFuture.java:1709)
        at java.util.concurrent.ForkJoinPool.managedBlock(ForkJoinPool.java:3323)
        at java.util.concurrent.CompletableFuture.timedGet(CompletableFuture.java:1788)
        at java.util.concurrent.CompletableFuture.get(CompletableFuture.java:1928)
        at org.apache.ratis.util.AwaitForSignal.await(AwaitForSignal.java:56)
        at org.apache.ratis.server.impl.StateMachineUpdater.waitForCommit(StateMachineUpdater.java:207)
        at org.apache.ratis.server.impl.StateMachineUpdater.run(StateMachineUpdater.java:176)
        at java.lang.Thread.run(Thread.java:750)
"IPC Server handler 8 on default port 34339" daemon prio=5 tid=55 timed_waiting
java.lang.Thread.State: TIMED_WAITING
        at sun.misc.Unsafe.park(Native Method)
        at java.util.concurrent.locks.LockSupport.parkNanos(LockSupport.java:215)
        at java.util.concurrent.locks.AbstractQueuedSynchronizer$ConditionObject.awaitNanos(AbstractQueuedSynchronizer.java:2078)
        at java.util.concurrent.LinkedBlockingQueue.poll(LinkedBlockingQueue.java:467)
        at org.apache.hadoop.ipc.CallQueueManager.take(CallQueueManager.java:317)
        at org.apache.hadoop.ipc.Server$Handler.run(Server.java:2942)
"qtp2024219843-489" daemon prio=5 tid=489 timed_waiting
java.lang.Thread.State: TIMED_WAITING
        at sun.misc.Unsafe.park(Native Method)
        at java.util.concurrent.locks.LockSupport.parkNanos(LockSupport.java:215)
        at java.util.concurrent.locks.AbstractQueuedSynchronizer$ConditionObject.awaitNanos(AbstractQueuedSynchronizer.java:2078)
        at org.eclipse.jetty.util.BlockingArrayQueue.poll(BlockingArrayQueue.java:382)
        at org.eclipse.jetty.util.thread.QueuedThreadPool$Runner.idleJobPoll(QueuedThreadPool.java:974)
        at org.eclipse.jetty.util.thread.QueuedThreadPool$Runner.run(QueuedThreadPool.java:1018)
        at java.lang.Thread.run(Thread.java:750)
"Command processor thread" daemon prio=5 tid=279 timed_waiting
java.lang.Thread.State: TIMED_WAITING
        at java.lang.Thread.sleep(Native Method)
        at org.apache.hadoop.ozone.container.common.statemachine.DatanodeStateMachine.lambda$initCommandHandlerThread$3(DatanodeStateMachine.java:641)
        at org.apache.hadoop.ozone.container.common.statemachine.DatanodeStateMachine$$Lambda$753/651253568.run(Unknown Source)
        at java.lang.Thread.run(Thread.java:750)
"BlockDeletingService#2" daemon prio=5 tid=913 in Object.wait()
java.lang.Thread.State: WAITING (on object monitor)
        at sun.misc.Unsafe.park(Native Method)
        at java.util.concurrent.locks.LockSupport.park(LockSupport.java:175)
        at java.util.concurrent.locks.AbstractQueuedSynchronizer$ConditionObject.await(AbstractQueuedSynchronizer.java:2039)
        at java.util.concurrent.ScheduledThreadPoolExecutor$DelayedWorkQueue.take(ScheduledThreadPoolExecutor.java:1088)
        at java.util.concurrent.ScheduledThreadPoolExecutor$DelayedWorkQueue.take(ScheduledThreadPoolExecutor.java:809)
        at java.util.concurrent.ThreadPoolExecutor.getTask(ThreadPoolExecutor.java:1074)
        at java.util.concurrent.ThreadPoolExecutor.runWorker(ThreadPoolExecutor.java:1134)
        at java.util.concurrent.ThreadPoolExecutor$Worker.run(ThreadPoolExecutor.java:624)
        at java.lang.Thread.run(Thread.java:750)
"b385a6e1-c61e-4aaf-9536-8cc86fe51578@group-0B3F8550F3C8-LeaderStateImpl" daemon prio=5 tid=787 timed_waiting
java.lang.Thread.State: TIMED_WAITING
        at sun.misc.Unsafe.park(Native Method)
        at java.util.concurrent.locks.LockSupport.parkNanos(LockSupport.java:215)
        at java.util.concurrent.locks.AbstractQueuedSynchronizer$ConditionObject.awaitNanos(AbstractQueuedSynchronizer.java:2078)
        at java.util.concurrent.ArrayBlockingQueue.poll(ArrayBlockingQueue.java:418)
        at org.apache.ratis.server.impl.LeaderStateImpl$EventQueue.poll(LeaderStateImpl.java:159)
        at org.apache.ratis.server.impl.LeaderStateImpl$EventProcessor.run(LeaderStateImpl.java:630)
"Datanode ReportManager Thread - 1" daemon prio=5 tid=416 in Object.wait()
java.lang.Thread.State: WAITING (on object monitor)
        at sun.misc.Unsafe.park(Native Method)
        at java.util.concurrent.locks.LockSupport.park(LockSupport.java:175)
        at java.util.concurrent.locks.AbstractQueuedSynchronizer$ConditionObject.await(AbstractQueuedSynchronizer.java:2039)
        at java.util.concurrent.ScheduledThreadPoolExecutor$DelayedWorkQueue.take(ScheduledThreadPoolExecutor.java:1088)
        at java.util.concurrent.ScheduledThreadPoolExecutor$DelayedWorkQueue.take(ScheduledThreadPoolExecutor.java:809)
        at java.util.concurrent.ThreadPoolExecutor.getTask(ThreadPoolExecutor.java:1074)
        at java.util.concurrent.ThreadPoolExecutor.runWorker(ThreadPoolExecutor.java:1134)
        at java.util.concurrent.ThreadPoolExecutor$Worker.run(ThreadPoolExecutor.java:624)
        at java.lang.Thread.run(Thread.java:750)
"IPC Server handler 12 on default port 34339" daemon prio=5 tid=59 timed_waiting
java.lang.Thread.State: TIMED_WAITING
        at sun.misc.Unsafe.park(Native Method)
        at java.util.concurrent.locks.LockSupport.parkNanos(LockSupport.java:215)
        at java.util.concurrent.locks.AbstractQueuedSynchronizer$ConditionObject.awaitNanos(AbstractQueuedSynchronizer.java:2078)
        at java.util.concurrent.LinkedBlockingQueue.poll(LinkedBlockingQueue.java:467)
        at org.apache.hadoop.ipc.CallQueueManager.take(CallQueueManager.java:317)
        at org.apache.hadoop.ipc.Server$Handler.run(Server.java:2942)
"StaleRecoveringContainerScrubbingService#1" daemon prio=5 tid=451 timed_waiting
java.lang.Thread.State: TIMED_WAITING
        at sun.misc.Unsafe.park(Native Method)
        at java.util.concurrent.locks.LockSupport.parkNanos(LockSupport.java:215)
        at java.util.concurrent.locks.AbstractQueuedSynchronizer$ConditionObject.awaitNanos(AbstractQueuedSynchronizer.java:2078)
        at java.util.concurrent.ScheduledThreadPoolExecutor$DelayedWorkQueue.take(ScheduledThreadPoolExecutor.java:1093)
        at java.util.concurrent.ScheduledThreadPoolExecutor$DelayedWorkQueue.take(ScheduledThreadPoolExecutor.java:809)
        at java.util.concurrent.ThreadPoolExecutor.getTask(ThreadPoolExecutor.java:1074)
        at java.util.concurrent.ThreadPoolExecutor.runWorker(ThreadPoolExecutor.java:1134)
        at java.util.concurrent.ThreadPoolExecutor$Worker.run(ThreadPoolExecutor.java:624)
        at java.lang.Thread.run(Thread.java:750)
"IPC Server handler 2 on default port 34339" daemon prio=5 tid=49 timed_waiting
java.lang.Thread.State: TIMED_WAITING
        at sun.misc.Unsafe.park(Native Method)
        at java.util.concurrent.locks.LockSupport.parkNanos(LockSupport.java:215)
        at java.util.concurrent.locks.AbstractQueuedSynchronizer$ConditionObject.awaitNanos(AbstractQueuedSynchronizer.java:2078)
        at java.util.concurrent.LinkedBlockingQueue.poll(LinkedBlockingQueue.java:467)
        at org.apache.hadoop.ipc.CallQueueManager.take(CallQueueManager.java:317)
        at org.apache.hadoop.ipc.Server$Handler.run(Server.java:2942)
"IPC Server handler 10 on default port 34173" daemon prio=5 tid=97 timed_waiting
java.lang.Thread.State: TIMED_WAITING
        at sun.misc.Unsafe.park(Native Method)
        at java.util.concurrent.locks.LockSupport.parkNanos(LockSupport.java:215)
        at java.util.concurrent.locks.AbstractQueuedSynchronizer$ConditionObject.awaitNanos(AbstractQueuedSynchronizer.java:2078)
        at java.util.concurrent.LinkedBlockingQueue.poll(LinkedBlockingQueue.java:467)
        at org.apache.hadoop.ipc.CallQueueManager.take(CallQueueManager.java:317)
        at org.apache.hadoop.ipc.Server$Handler.run(Server.java:2942)
"IPC Server listener on 0" daemon prio=5 tid=27 runnable
java.lang.Thread.State: RUNNABLE
        at sun.nio.ch.EPollArrayWrapper.epollWait(Native Method)
        at sun.nio.ch.EPollArrayWrapper.poll(EPollArrayWrapper.java:269)
        at sun.nio.ch.EPollSelectorImpl.doSelect(EPollSelectorImpl.java:93)
        at sun.nio.ch.SelectorImpl.lockAndDoSelect(SelectorImpl.java:86)
        at sun.nio.ch.SelectorImpl.select(SelectorImpl.java:97)
        at sun.nio.ch.SelectorImpl.select(SelectorImpl.java:101)
        at org.apache.hadoop.ipc.Server$Listener.run(Server.java:1358)
"pool-250-thread-1"  prio=5 tid=394 timed_waiting
java.lang.Thread.State: TIMED_WAITING
        at sun.misc.Unsafe.park(Native Method)
        at java.util.concurrent.locks.LockSupport.parkNanos(LockSupport.java:215)
        at java.util.concurrent.locks.AbstractQueuedSynchronizer$ConditionObject.awaitNanos(AbstractQueuedSynchronizer.java:2078)
        at java.util.concurrent.ScheduledThreadPoolExecutor$DelayedWorkQueue.take(ScheduledThreadPoolExecutor.java:1093)
        at java.util.concurrent.ScheduledThreadPoolExecutor$DelayedWorkQueue.take(ScheduledThreadPoolExecutor.java:809)
        at java.util.concurrent.ThreadPoolExecutor.getTask(ThreadPoolExecutor.java:1074)
        at java.util.concurrent.ThreadPoolExecutor.runWorker(ThreadPoolExecutor.java:1134)
        at java.util.concurrent.ThreadPoolExecutor$Worker.run(ThreadPoolExecutor.java:624)
        at java.lang.Thread.run(Thread.java:750)
"Session-HouseKeeper-1bdfa51f-1"  prio=5 tid=298 timed_waiting
java.lang.Thread.State: TIMED_WAITING
        at sun.misc.Unsafe.park(Native Method)
        at java.util.concurrent.locks.LockSupport.parkNanos(LockSupport.java:215)
        at java.util.concurrent.locks.AbstractQueuedSynchronizer$ConditionObject.awaitNanos(AbstractQueuedSynchronizer.java:2078)
        at java.util.concurrent.ScheduledThreadPoolExecutor$DelayedWorkQueue.take(ScheduledThreadPoolExecutor.java:1093)
        at java.util.concurrent.ScheduledThreadPoolExecutor$DelayedWorkQueue.take(ScheduledThreadPoolExecutor.java:809)
        at java.util.concurrent.ThreadPoolExecutor.getTask(ThreadPoolExecutor.java:1074)
        at java.util.concurrent.ThreadPoolExecutor.runWorker(ThreadPoolExecutor.java:1134)
        at java.util.concurrent.ThreadPoolExecutor$Worker.run(ThreadPoolExecutor.java:624)
        at java.lang.Thread.run(Thread.java:750)
"qtp1321633829-436" daemon prio=5 tid=436 timed_waiting
java.lang.Thread.State: TIMED_WAITING
        at sun.misc.Unsafe.park(Native Method)
        at java.util.concurrent.locks.LockSupport.parkNanos(LockSupport.java:215)
        at java.util.concurrent.locks.AbstractQueuedSynchronizer$ConditionObject.awaitNanos(AbstractQueuedSynchronizer.java:2078)
        at org.eclipse.jetty.util.BlockingArrayQueue.poll(BlockingArrayQueue.java:382)
        at org.eclipse.jetty.util.thread.QueuedThreadPool$Runner.idleJobPoll(QueuedThreadPool.java:974)
        at org.eclipse.jetty.util.thread.QueuedThreadPool$Runner.run(QueuedThreadPool.java:1018)
        at java.lang.Thread.run(Thread.java:750)
"EndpointStateMachine task thread for /0.0.0.0:34173 - 0 "  prio=5 tid=556 in Object.wait()
java.lang.Thread.State: WAITING (on object monitor)
        at sun.misc.Unsafe.park(Native Method)
        at java.util.concurrent.locks.LockSupport.park(LockSupport.java:175)
        at java.util.concurrent.locks.AbstractQueuedSynchronizer$ConditionObject.await(AbstractQueuedSynchronizer.java:2039)
        at java.util.concurrent.LinkedBlockingQueue.take(LinkedBlockingQueue.java:442)
        at java.util.concurrent.ThreadPoolExecutor.getTask(ThreadPoolExecutor.java:1074)
        at java.util.concurrent.ThreadPoolExecutor.runWorker(ThreadPoolExecutor.java:1134)
        at java.util.concurrent.ThreadPoolExecutor$Worker.run(ThreadPoolExecutor.java:624)
        at java.lang.Thread.run(Thread.java:750)
"pool-241-thread-1"  prio=5 tid=656 in Object.wait()
java.lang.Thread.State: WAITING (on object monitor)
        at sun.misc.Unsafe.park(Native Method)
        at java.util.concurrent.locks.LockSupport.park(LockSupport.java:175)
        at java.util.concurrent.locks.AbstractQueuedSynchronizer$ConditionObject.await(AbstractQueuedSynchronizer.java:2039)
        at java.util.concurrent.LinkedBlockingQueue.take(LinkedBlockingQueue.java:442)
        at java.util.concurrent.ThreadPoolExecutor.getTask(ThreadPoolExecutor.java:1074)
        at java.util.concurrent.ThreadPoolExecutor.runWorker(ThreadPoolExecutor.java:1134)
        at java.util.concurrent.ThreadPoolExecutor$Worker.run(ThreadPoolExecutor.java:624)
        at java.lang.Thread.run(Thread.java:750)
"IPC Parameter Sending Thread #0" daemon prio=5 tid=123 timed_waiting
java.lang.Thread.State: TIMED_WAITING
        at sun.misc.Unsafe.park(Native Method)
        at java.util.concurrent.locks.LockSupport.parkNanos(LockSupport.java:215)
        at java.util.concurrent.SynchronousQueue$TransferStack.awaitFulfill(SynchronousQueue.java:460)
        at java.util.concurrent.SynchronousQueue$TransferStack.transfer(SynchronousQueue.java:362)
        at java.util.concurrent.SynchronousQueue.poll(SynchronousQueue.java:941)
        at java.util.concurrent.ThreadPoolExecutor.getTask(ThreadPoolExecutor.java:1073)
        at java.util.concurrent.ThreadPoolExecutor.runWorker(ThreadPoolExecutor.java:1134)
        at java.util.concurrent.ThreadPoolExecutor$Worker.run(ThreadPoolExecutor.java:624)
        at java.lang.Thread.run(Thread.java:750)
"ChunkReader-ELG-0" daemon prio=5 tid=562 runnable
java.lang.Thread.State: RUNNABLE
        at org.apache.ratis.thirdparty.io.netty.channel.epoll.Native.epollWait0(Native Method)
        at org.apache.ratis.thirdparty.io.netty.channel.epoll.Native.epollWait(Native.java:182)
        at org.apache.ratis.thirdparty.io.netty.channel.epoll.EpollEventLoop.epollWait(EpollEventLoop.java:290)
        at org.apache.ratis.thirdparty.io.netty.channel.epoll.EpollEventLoop.run(EpollEventLoop.java:354)
        at org.apache.ratis.thirdparty.io.netty.util.concurrent.SingleThreadEventExecutor$4.run(SingleThreadEventExecutor.java:995)
        at org.apache.ratis.thirdparty.io.netty.util.internal.ThreadExecutorMap$2.run(ThreadExecutorMap.java:74)
        at java.lang.Thread.run(Thread.java:750)
"3fdd4c6e-2961-42ba-90d3-b5f169a49f15@group-D5EC486ECE4F-StateMachineUpdater" daemon prio=5 tid=650 timed_waiting
java.lang.Thread.State: TIMED_WAITING
        at sun.misc.Unsafe.park(Native Method)
        at java.util.concurrent.locks.LockSupport.parkNanos(LockSupport.java:215)
        at java.util.concurrent.CompletableFuture$Signaller.block(CompletableFuture.java:1709)
        at java.util.concurrent.ForkJoinPool.managedBlock(ForkJoinPool.java:3323)
        at java.util.concurrent.CompletableFuture.timedGet(CompletableFuture.java:1788)
        at java.util.concurrent.CompletableFuture.get(CompletableFuture.java:1928)
        at org.apache.ratis.util.AwaitForSignal.await(AwaitForSignal.java:56)
        at org.apache.ratis.server.impl.StateMachineUpdater.waitForCommit(StateMachineUpdater.java:207)
        at org.apache.ratis.server.impl.StateMachineUpdater.run(StateMachineUpdater.java:176)
        at java.lang.Thread.run(Thread.java:750)
"qtp1815599816-400" daemon prio=5 tid=400 timed_waiting
java.lang.Thread.State: TIMED_WAITING
        at sun.misc.Unsafe.park(Native Method)
        at java.util.concurrent.locks.LockSupport.parkNanos(LockSupport.java:215)
        at java.util.concurrent.locks.AbstractQueuedSynchronizer$ConditionObject.awaitNanos(AbstractQueuedSynchronizer.java:2078)
        at org.eclipse.jetty.util.BlockingArrayQueue.poll(BlockingArrayQueue.java:382)
        at org.eclipse.jetty.util.thread.QueuedThreadPool$Runner.idleJobPoll(QueuedThreadPool.java:974)
        at org.eclipse.jetty.util.thread.QueuedThreadPool$Runner.run(QueuedThreadPool.java:1018)
        at java.lang.Thread.run(Thread.java:750)
"BlockDeletingService#2" daemon prio=5 tid=902 in Object.wait()
java.lang.Thread.State: WAITING (on object monitor)
        at sun.misc.Unsafe.park(Native Method)
        at java.util.concurrent.locks.LockSupport.park(LockSupport.java:175)
        at java.util.concurrent.locks.AbstractQueuedSynchronizer$ConditionObject.await(AbstractQueuedSynchronizer.java:2039)
        at java.util.concurrent.ScheduledThreadPoolExecutor$DelayedWorkQueue.take(ScheduledThreadPoolExecutor.java:1088)
        at java.util.concurrent.ScheduledThreadPoolExecutor$DelayedWorkQueue.take(ScheduledThreadPoolExecutor.java:809)
        at java.util.concurrent.ThreadPoolExecutor.getTask(ThreadPoolExecutor.java:1074)
        at java.util.concurrent.ThreadPoolExecutor.runWorker(ThreadPoolExecutor.java:1134)
        at java.util.concurrent.ThreadPoolExecutor$Worker.run(ThreadPoolExecutor.java:624)
        at java.lang.Thread.run(Thread.java:750)
"Datanode State Machine Task Thread - 1"  prio=5 tid=347 in Object.wait()
java.lang.Thread.State: WAITING (on object monitor)
        at sun.misc.Unsafe.park(Native Method)
        at java.util.concurrent.locks.LockSupport.park(LockSupport.java:175)
        at java.util.concurrent.locks.AbstractQueuedSynchronizer$ConditionObject.await(AbstractQueuedSynchronizer.java:2039)
        at java.util.concurrent.LinkedBlockingQueue.take(LinkedBlockingQueue.java:442)
        at java.util.concurrent.ThreadPoolExecutor.getTask(ThreadPoolExecutor.java:1074)
        at java.util.concurrent.ThreadPoolExecutor.runWorker(ThreadPoolExecutor.java:1134)
        at java.util.concurrent.ThreadPoolExecutor$Worker.run(ThreadPoolExecutor.java:624)
        at java.lang.Thread.run(Thread.java:750)
"org.apache.hadoop.util.JvmPauseMonitor$Monitor@1b41d0db" daemon prio=5 tid=254 timed_waiting
java.lang.Thread.State: TIMED_WAITING
        at java.lang.Thread.sleep(Native Method)
        at org.apache.hadoop.util.JvmPauseMonitor$Monitor.run(JvmPauseMonitor.java:192)
        at java.lang.Thread.run(Thread.java:750)
"8380acfc-c198-4795-aa09-3ffc033ca33b@group-0EE44BEE4943-SegmentedRaftLogWorker"  prio=5 tid=638 timed_waiting
java.lang.Thread.State: TIMED_WAITING
        at sun.misc.Unsafe.park(Native Method)
        at java.util.concurrent.locks.LockSupport.parkNanos(LockSupport.java:215)
        at java.util.concurrent.locks.AbstractQueuedSynchronizer$ConditionObject.awaitNanos(AbstractQueuedSynchronizer.java:2078)
        at org.apache.ratis.util.DataBlockingQueue.poll(DataBlockingQueue.java:148)
        at org.apache.ratis.server.raftlog.segmented.SegmentedRaftLogWorker.run(SegmentedRaftLogWorker.java:310)
        at org.apache.ratis.server.raftlog.segmented.SegmentedRaftLogWorker$$Lambda$665/2132438442.run(Unknown Source)
        at java.lang.Thread.run(Thread.java:750)
"org.apache.hadoop.util.JvmPauseMonitor$Monitor@53923ca0" daemon prio=5 tid=174 timed_waiting
java.lang.Thread.State: TIMED_WAITING
        at java.lang.Thread.sleep(Native Method)
        at org.apache.hadoop.util.JvmPauseMonitor$Monitor.run(JvmPauseMonitor.java:192)
        at java.lang.Thread.run(Thread.java:750)
"44bea1f4-43dd-4415-bb4e-4e9896dd68f6@group-EA947C079E8C-StateMachineUpdater" daemon prio=5 tid=670 timed_waiting
java.lang.Thread.State: TIMED_WAITING
        at sun.misc.Unsafe.park(Native Method)
        at java.util.concurrent.locks.LockSupport.parkNanos(LockSupport.java:215)
        at java.util.concurrent.CompletableFuture$Signaller.block(CompletableFuture.java:1709)
        at java.util.concurrent.ForkJoinPool.managedBlock(ForkJoinPool.java:3323)
        at java.util.concurrent.CompletableFuture.timedGet(CompletableFuture.java:1788)
        at java.util.concurrent.CompletableFuture.get(CompletableFuture.java:1928)
        at org.apache.ratis.util.AwaitForSignal.await(AwaitForSignal.java:56)
        at org.apache.ratis.server.impl.StateMachineUpdater.waitForCommit(StateMachineUpdater.java:207)
        at org.apache.ratis.server.impl.StateMachineUpdater.run(StateMachineUpdater.java:176)
        at java.lang.Thread.run(Thread.java:750)
"Datanode ReportManager Thread - 1" daemon prio=5 tid=500 timed_waiting
java.lang.Thread.State: TIMED_WAITING
        at sun.misc.Unsafe.park(Native Method)
        at java.util.concurrent.locks.LockSupport.parkNanos(LockSupport.java:215)
        at java.util.concurrent.locks.AbstractQueuedSynchronizer$ConditionObject.awaitNanos(AbstractQueuedSynchronizer.java:2078)
        at java.util.concurrent.ScheduledThreadPoolExecutor$DelayedWorkQueue.take(ScheduledThreadPoolExecutor.java:1093)
        at java.util.concurrent.ScheduledThreadPoolExecutor$DelayedWorkQueue.take(ScheduledThreadPoolExecutor.java:809)
        at java.util.concurrent.ThreadPoolExecutor.getTask(ThreadPoolExecutor.java:1074)
        at java.util.concurrent.ThreadPoolExecutor.runWorker(ThreadPoolExecutor.java:1134)
        at java.util.concurrent.ThreadPoolExecutor$Worker.run(ThreadPoolExecutor.java:624)
        at java.lang.Thread.run(Thread.java:750)
"JvmPauseMonitor3" daemon prio=5 tid=408 timed_waiting
java.lang.Thread.State: TIMED_WAITING
        at java.lang.Thread.sleep(Native Method)
        at java.lang.Thread.sleep(Thread.java:342)
        at java.util.concurrent.TimeUnit.sleep(TimeUnit.java:386)
        at org.apache.ratis.util.TimeDuration.sleep(TimeDuration.java:325)
        at org.apache.ratis.util.TimeDuration.sleep(TimeDuration.java:310)
        at org.apache.ratis.util.JvmPauseMonitor.detectPause(JvmPauseMonitor.java:119)
        at org.apache.ratis.util.JvmPauseMonitor.run(JvmPauseMonitor.java:108)
        at org.apache.ratis.util.JvmPauseMonitor$$Lambda$706/19678348.run(Unknown Source)
        at java.lang.Thread.run(Thread.java:750)
"IPC Server handler 1 on default port 34735" daemon prio=5 tid=155 timed_waiting
java.lang.Thread.State: TIMED_WAITING
        at sun.misc.Unsafe.park(Native Method)
        at java.util.concurrent.locks.LockSupport.parkNanos(LockSupport.java:215)
        at java.util.concurrent.locks.AbstractQueuedSynchronizer$ConditionObject.awaitNanos(AbstractQueuedSynchronizer.java:2078)
        at java.util.concurrent.LinkedBlockingQueue.poll(LinkedBlockingQueue.java:467)
        at org.apache.hadoop.ipc.CallQueueManager.take(CallQueueManager.java:317)
        at org.apache.hadoop.ipc.Server$Handler.run(Server.java:2942)
"Command processor thread" daemon prio=5 tid=253 timed_waiting
java.lang.Thread.State: TIMED_WAITING
        at java.lang.Thread.sleep(Native Method)
        at org.apache.hadoop.ozone.container.common.statemachine.DatanodeStateMachine.lambda$initCommandHandlerThread$3(DatanodeStateMachine.java:641)
        at org.apache.hadoop.ozone.container.common.statemachine.DatanodeStateMachine$$Lambda$753/651253568.run(Unknown Source)
        at java.lang.Thread.run(Thread.java:750)
"ChunkWriter-0-0" daemon prio=5 tid=544 in Object.wait()
java.lang.Thread.State: WAITING (on object monitor)
        at sun.misc.Unsafe.park(Native Method)
        at java.util.concurrent.locks.LockSupport.park(LockSupport.java:175)
        at java.util.concurrent.locks.AbstractQueuedSynchronizer$ConditionObject.await(AbstractQueuedSynchronizer.java:2039)
        at java.util.concurrent.LinkedBlockingDeque.takeFirst(LinkedBlockingDeque.java:492)
        at java.util.concurrent.LinkedBlockingDeque.take(LinkedBlockingDeque.java:680)
        at java.util.concurrent.ThreadPoolExecutor.getTask(ThreadPoolExecutor.java:1074)
        at java.util.concurrent.ThreadPoolExecutor.runWorker(ThreadPoolExecutor.java:1134)
        at java.util.concurrent.ThreadPoolExecutor$Worker.run(ThreadPoolExecutor.java:624)
        at java.lang.Thread.run(Thread.java:750)
"IPC Server listener on 0" daemon prio=5 tid=130 runnable
java.lang.Thread.State: RUNNABLE
        at sun.nio.ch.EPollArrayWrapper.epollWait(Native Method)
        at sun.nio.ch.EPollArrayWrapper.poll(EPollArrayWrapper.java:269)
        at sun.nio.ch.EPollSelectorImpl.doSelect(EPollSelectorImpl.java:93)
        at sun.nio.ch.SelectorImpl.lockAndDoSelect(SelectorImpl.java:86)
        at sun.nio.ch.SelectorImpl.select(SelectorImpl.java:97)
        at sun.nio.ch.SelectorImpl.select(SelectorImpl.java:101)
        at org.apache.hadoop.ipc.Server$Listener.run(Server.java:1358)
"qtp1321633829-438" daemon prio=5 tid=438 timed_waiting
java.lang.Thread.State: TIMED_WAITING
        at sun.misc.Unsafe.park(Native Method)
        at java.util.concurrent.locks.LockSupport.parkNanos(LockSupport.java:215)
        at java.util.concurrent.locks.AbstractQueuedSynchronizer$ConditionObject.awaitNanos(AbstractQueuedSynchronizer.java:2078)
        at org.eclipse.jetty.util.BlockingArrayQueue.poll(BlockingArrayQueue.java:382)
        at org.eclipse.jetty.util.thread.QueuedThreadPool$Runner.idleJobPoll(QueuedThreadPool.java:974)
        at org.eclipse.jetty.util.thread.QueuedThreadPool$Runner.run(QueuedThreadPool.java:1018)
        at java.lang.Thread.run(Thread.java:750)
"3fdd4c6e-2961-42ba-90d3-b5f169a49f15-server-thread2" daemon prio=5 tid=891 timed_waiting
java.lang.Thread.State: TIMED_WAITING
        at sun.misc.Unsafe.park(Native Method)
        at java.util.concurrent.locks.LockSupport.parkNanos(LockSupport.java:215)
        at java.util.concurrent.SynchronousQueue$TransferStack.awaitFulfill(SynchronousQueue.java:460)
        at java.util.concurrent.SynchronousQueue$TransferStack.transfer(SynchronousQueue.java:362)
        at java.util.concurrent.SynchronousQueue.poll(SynchronousQueue.java:941)
        at java.util.concurrent.ThreadPoolExecutor.getTask(ThreadPoolExecutor.java:1073)
        at java.util.concurrent.ThreadPoolExecutor.runWorker(ThreadPoolExecutor.java:1134)
        at java.util.concurrent.ThreadPoolExecutor$Worker.run(ThreadPoolExecutor.java:624)
        at java.lang.Thread.run(Thread.java:750)
"EndpointStateMachine task thread for /0.0.0.0:34173 - 0 "  prio=5 tid=543 in Object.wait()
java.lang.Thread.State: WAITING (on object monitor)
        at sun.misc.Unsafe.park(Native Method)
        at java.util.concurrent.locks.LockSupport.park(LockSupport.java:175)
        at java.util.concurrent.locks.AbstractQueuedSynchronizer$ConditionObject.await(AbstractQueuedSynchronizer.java:2039)
        at java.util.concurrent.LinkedBlockingQueue.take(LinkedBlockingQueue.java:442)
        at java.util.concurrent.ThreadPoolExecutor.getTask(ThreadPoolExecutor.java:1074)
        at java.util.concurrent.ThreadPoolExecutor.runWorker(ThreadPoolExecutor.java:1134)
        at java.util.concurrent.ThreadPoolExecutor$Worker.run(ThreadPoolExecutor.java:624)
        at java.lang.Thread.run(Thread.java:750)
"qtp1604011014-265-acceptor-0@70d3a87e-ServerConnector@123de29f{HTTP/1.1, (http/1.1)}{0.0.0.0:38407}" daemon prio=3 tid=265 runnable
java.lang.Thread.State: RUNNABLE
        at sun.nio.ch.ServerSocketChannelImpl.accept0(Native Method)
        at sun.nio.ch.ServerSocketChannelImpl.accept(ServerSocketChannelImpl.java:421)
        at sun.nio.ch.ServerSocketChannelImpl.accept(ServerSocketChannelImpl.java:249)
        at org.eclipse.jetty.server.ServerConnector.accept(ServerConnector.java:388)
        at org.eclipse.jetty.server.AbstractConnector$Acceptor.run(AbstractConnector.java:704)
        at org.eclipse.jetty.util.thread.QueuedThreadPool.runJob(QueuedThreadPool.java:883)
        at org.eclipse.jetty.util.thread.QueuedThreadPool$Runner.run(QueuedThreadPool.java:1034)
        at java.lang.Thread.run(Thread.java:750)
"StaleRecoveringContainerScrubbingService#2" daemon prio=5 tid=917 in Object.wait()
java.lang.Thread.State: WAITING (on object monitor)
        at sun.misc.Unsafe.park(Native Method)
        at java.util.concurrent.locks.LockSupport.park(LockSupport.java:175)
        at java.util.concurrent.locks.AbstractQueuedSynchronizer$ConditionObject.await(AbstractQueuedSynchronizer.java:2039)
        at java.util.concurrent.ScheduledThreadPoolExecutor$DelayedWorkQueue.take(ScheduledThreadPoolExecutor.java:1088)
        at java.util.concurrent.ScheduledThreadPoolExecutor$DelayedWorkQueue.take(ScheduledThreadPoolExecutor.java:809)
        at java.util.concurrent.ThreadPoolExecutor.getTask(ThreadPoolExecutor.java:1074)
        at java.util.concurrent.ThreadPoolExecutor.runWorker(ThreadPoolExecutor.java:1134)
        at java.util.concurrent.ThreadPoolExecutor$Worker.run(ThreadPoolExecutor.java:624)
        at java.lang.Thread.run(Thread.java:750)
"Datanode State Machine Task Thread - 1"  prio=5 tid=461 in Object.wait()
java.lang.Thread.State: WAITING (on object monitor)
        at sun.misc.Unsafe.park(Native Method)
        at java.util.concurrent.locks.LockSupport.park(LockSupport.java:175)
        at java.util.concurrent.locks.AbstractQueuedSynchronizer$ConditionObject.await(AbstractQueuedSynchronizer.java:2039)
        at java.util.concurrent.LinkedBlockingQueue.take(LinkedBlockingQueue.java:442)
        at java.util.concurrent.ThreadPoolExecutor.getTask(ThreadPoolExecutor.java:1074)
        at java.util.concurrent.ThreadPoolExecutor.runWorker(ThreadPoolExecutor.java:1134)
        at java.util.concurrent.ThreadPoolExecutor$Worker.run(ThreadPoolExecutor.java:624)
        at java.lang.Thread.run(Thread.java:750)
"qtp410671928-146-acceptor-0@383fdea2-ServerConnector@105637ea{HTTP/1.1, (http/1.1)}{0.0.0.0:34679}" daemon prio=3 tid=146 runnable
java.lang.Thread.State: RUNNABLE
        at sun.nio.ch.ServerSocketChannelImpl.accept0(Native Method)
        at sun.nio.ch.ServerSocketChannelImpl.accept(ServerSocketChannelImpl.java:421)
        at sun.nio.ch.ServerSocketChannelImpl.accept(ServerSocketChannelImpl.java:249)
        at org.eclipse.jetty.server.ServerConnector.accept(ServerConnector.java:388)
        at org.eclipse.jetty.server.AbstractConnector$Acceptor.run(AbstractConnector.java:704)
        at org.eclipse.jetty.util.thread.QueuedThreadPool.runJob(QueuedThreadPool.java:883)
        at org.eclipse.jetty.util.thread.QueuedThreadPool$Runner.run(QueuedThreadPool.java:1034)
        at java.lang.Thread.run(Thread.java:750)
"qtp736862665-362" daemon prio=5 tid=362 timed_waiting
java.lang.Thread.State: TIMED_WAITING
        at sun.misc.Unsafe.park(Native Method)
        at java.util.concurrent.locks.LockSupport.parkNanos(LockSupport.java:215)
        at java.util.concurrent.locks.AbstractQueuedSynchronizer$ConditionObject.awaitNanos(AbstractQueuedSynchronizer.java:2078)
        at org.eclipse.jetty.util.BlockingArrayQueue.poll(BlockingArrayQueue.java:382)
        at org.eclipse.jetty.util.thread.QueuedThreadPool$Runner.idleJobPoll(QueuedThreadPool.java:974)
        at org.eclipse.jetty.util.thread.QueuedThreadPool$Runner.run(QueuedThreadPool.java:1018)
        at java.lang.Thread.run(Thread.java:750)
"Datanode State Machine Daemon Thread" daemon prio=5 tid=366 timed_waiting
java.lang.Thread.State: TIMED_WAITING
        at java.lang.Thread.sleep(Native Method)
        at org.apache.hadoop.ozone.container.common.statemachine.DatanodeStateMachine.startStateMachineThread(DatanodeStateMachine.java:321)
        at org.apache.hadoop.ozone.container.common.statemachine.DatanodeStateMachine.lambda$startDaemon$0(DatanodeStateMachine.java:506)
        at org.apache.hadoop.ozone.container.common.statemachine.DatanodeStateMachine$$Lambda$751/1278416571.run(Unknown Source)
        at java.lang.Thread.run(Thread.java:750)
"BlockDeletingService#1" daemon prio=5 tid=552 timed_waiting
java.lang.Thread.State: TIMED_WAITING
        at sun.misc.Unsafe.park(Native Method)
        at java.util.concurrent.locks.LockSupport.parkNanos(LockSupport.java:215)
        at java.util.concurrent.locks.AbstractQueuedSynchronizer$ConditionObject.awaitNanos(AbstractQueuedSynchronizer.java:2078)
        at java.util.concurrent.ScheduledThreadPoolExecutor$DelayedWorkQueue.take(ScheduledThreadPoolExecutor.java:1093)
        at java.util.concurrent.ScheduledThreadPoolExecutor$DelayedWorkQueue.take(ScheduledThreadPoolExecutor.java:809)
        at java.util.concurrent.ThreadPoolExecutor.getTask(ThreadPoolExecutor.java:1074)
        at java.util.concurrent.ThreadPoolExecutor.runWorker(ThreadPoolExecutor.java:1134)
        at java.util.concurrent.ThreadPoolExecutor$Worker.run(ThreadPoolExecutor.java:624)
        at java.lang.Thread.run(Thread.java:750)
"qtp1321633829-433" daemon prio=5 tid=433 runnable
java.lang.Thread.State: RUNNABLE
        at sun.nio.ch.EPollArrayWrapper.epollWait(Native Method)
        at sun.nio.ch.EPollArrayWrapper.poll(EPollArrayWrapper.java:269)
        at sun.nio.ch.EPollSelectorImpl.doSelect(EPollSelectorImpl.java:93)
        at sun.nio.ch.SelectorImpl.lockAndDoSelect(SelectorImpl.java:86)
        at sun.nio.ch.SelectorImpl.select(SelectorImpl.java:97)
        at sun.nio.ch.SelectorImpl.select(SelectorImpl.java:101)
        at org.eclipse.jetty.io.ManagedSelector.nioSelect(ManagedSelector.java:183)
        at org.eclipse.jetty.io.ManagedSelector.select(ManagedSelector.java:190)
        at org.eclipse.jetty.io.ManagedSelector$SelectorProducer.select(ManagedSelector.java:606)
        at org.eclipse.jetty.io.ManagedSelector$SelectorProducer.produce(ManagedSelector.java:543)
        at org.eclipse.jetty.util.thread.strategy.EatWhatYouKill.produceTask(EatWhatYouKill.java:362)
        at org.eclipse.jetty.util.thread.strategy.EatWhatYouKill.doProduce(EatWhatYouKill.java:186)
        at org.eclipse.jetty.util.thread.strategy.EatWhatYouKill.tryProduce(EatWhatYouKill.java:173)
        at org.eclipse.jetty.util.thread.strategy.EatWhatYouKill.produce(EatWhatYouKill.java:137)
        at org.eclipse.jetty.io.ManagedSelector$$Lambda$446/1576513034.run(Unknown Source)
        at org.eclipse.jetty.util.thread.QueuedThreadPool.runJob(QueuedThreadPool.java:883)
        at org.eclipse.jetty.util.thread.QueuedThreadPool$Runner.run(QueuedThreadPool.java:1034)
        at java.lang.Thread.run(Thread.java:750)
"IPC Server handler 14 on default port 36903" daemon prio=5 tid=81 timed_waiting
java.lang.Thread.State: TIMED_WAITING
        at sun.misc.Unsafe.park(Native Method)
        at java.util.concurrent.locks.LockSupport.parkNanos(LockSupport.java:215)
        at java.util.concurrent.locks.AbstractQueuedSynchronizer$ConditionObject.awaitNanos(AbstractQueuedSynchronizer.java:2078)
        at java.util.concurrent.LinkedBlockingQueue.poll(LinkedBlockingQueue.java:467)
        at org.apache.hadoop.ipc.CallQueueManager.take(CallQueueManager.java:317)
        at org.apache.hadoop.ipc.Server$Handler.run(Server.java:2942)
"ChunkReader-ELG-0" daemon prio=5 tid=447 runnable
java.lang.Thread.State: RUNNABLE
        at org.apache.ratis.thirdparty.io.netty.channel.epoll.Native.epollWait(Native Method)
        at org.apache.ratis.thirdparty.io.netty.channel.epoll.Native.epollWait(Native.java:209)
        at org.apache.ratis.thirdparty.io.netty.channel.epoll.Native.epollWait(Native.java:202)
        at org.apache.ratis.thirdparty.io.netty.channel.epoll.EpollEventLoop.epollWaitNoTimerChange(EpollEventLoop.java:294)
        at org.apache.ratis.thirdparty.io.netty.channel.epoll.EpollEventLoop.run(EpollEventLoop.java:351)
        at org.apache.ratis.thirdparty.io.netty.util.concurrent.SingleThreadEventExecutor$4.run(SingleThreadEventExecutor.java:995)
        at org.apache.ratis.thirdparty.io.netty.util.internal.ThreadExecutorMap$2.run(ThreadExecutorMap.java:74)
        at java.lang.Thread.run(Thread.java:750)
"qtp736862665-363" daemon prio=5 tid=363 timed_waiting
java.lang.Thread.State: TIMED_WAITING
        at sun.misc.Unsafe.park(Native Method)
        at java.util.concurrent.locks.LockSupport.parkNanos(LockSupport.java:215)
        at java.util.concurrent.locks.AbstractQueuedSynchronizer$ConditionObject.awaitNanos(AbstractQueuedSynchronizer.java:2078)
        at org.eclipse.jetty.util.BlockingArrayQueue.poll(BlockingArrayQueue.java:382)
        at org.eclipse.jetty.util.thread.QueuedThreadPool$Runner.idleJobPoll(QueuedThreadPool.java:974)
        at org.eclipse.jetty.util.thread.QueuedThreadPool$Runner.run(QueuedThreadPool.java:1018)
        at java.lang.Thread.run(Thread.java:750)
"Datanode ReportManager Thread - 0" daemon prio=5 tid=274 in Object.wait()
java.lang.Thread.State: WAITING (on object monitor)
        at sun.misc.Unsafe.park(Native Method)
        at java.util.concurrent.locks.LockSupport.park(LockSupport.java:175)
        at java.util.concurrent.locks.AbstractQueuedSynchronizer$ConditionObject.await(AbstractQueuedSynchronizer.java:2039)
        at java.util.concurrent.ScheduledThreadPoolExecutor$DelayedWorkQueue.take(ScheduledThreadPoolExecutor.java:1088)
        at java.util.concurrent.ScheduledThreadPoolExecutor$DelayedWorkQueue.take(ScheduledThreadPoolExecutor.java:809)
        at java.util.concurrent.ThreadPoolExecutor.getTask(ThreadPoolExecutor.java:1074)
        at java.util.concurrent.ThreadPoolExecutor.runWorker(ThreadPoolExecutor.java:1134)
        at java.util.concurrent.ThreadPoolExecutor$Worker.run(ThreadPoolExecutor.java:624)
        at java.lang.Thread.run(Thread.java:750)
"qtp1374355136-116" daemon prio=5 tid=116 timed_waiting
java.lang.Thread.State: TIMED_WAITING
        at sun.misc.Unsafe.park(Native Method)
        at java.util.concurrent.locks.LockSupport.parkNanos(LockSupport.java:215)
        at java.util.concurrent.locks.AbstractQueuedSynchronizer$ConditionObject.awaitNanos(AbstractQueuedSynchronizer.java:2078)
        at org.eclipse.jetty.util.BlockingArrayQueue.poll(BlockingArrayQueue.java:382)
        at org.eclipse.jetty.util.thread.QueuedThreadPool$Runner.idleJobPoll(QueuedThreadPool.java:974)
        at org.eclipse.jetty.util.thread.QueuedThreadPool$Runner.run(QueuedThreadPool.java:1018)
        at java.lang.Thread.run(Thread.java:750)
"8380acfc-c198-4795-aa09-3ffc033ca33b@group-0EE44BEE4943-LeaderStateImpl" daemon prio=5 tid=729 timed_waiting
java.lang.Thread.State: TIMED_WAITING
        at sun.misc.Unsafe.park(Native Method)
        at java.util.concurrent.locks.LockSupport.parkNanos(LockSupport.java:215)
        at java.util.concurrent.locks.AbstractQueuedSynchronizer$ConditionObject.awaitNanos(AbstractQueuedSynchronizer.java:2078)
        at java.util.concurrent.ArrayBlockingQueue.poll(ArrayBlockingQueue.java:418)
        at org.apache.ratis.server.impl.LeaderStateImpl$EventQueue.poll(LeaderStateImpl.java:159)
        at org.apache.ratis.server.impl.LeaderStateImpl$EventProcessor.run(LeaderStateImpl.java:630)
"JvmPauseMonitor1" daemon prio=5 tid=341 timed_waiting
java.lang.Thread.State: TIMED_WAITING
        at java.lang.Thread.sleep(Native Method)
        at java.lang.Thread.sleep(Thread.java:342)
        at java.util.concurrent.TimeUnit.sleep(TimeUnit.java:386)
        at org.apache.ratis.util.TimeDuration.sleep(TimeDuration.java:325)
        at org.apache.ratis.util.TimeDuration.sleep(TimeDuration.java:310)
        at org.apache.ratis.util.JvmPauseMonitor.detectPause(JvmPauseMonitor.java:119)
        at org.apache.ratis.util.JvmPauseMonitor.run(JvmPauseMonitor.java:108)
        at org.apache.ratis.util.JvmPauseMonitor$$Lambda$706/19678348.run(Unknown Source)
        at java.lang.Thread.run(Thread.java:750)
"qtp410671928-145" daemon prio=5 tid=145 runnable
java.lang.Thread.State: RUNNABLE
        at sun.nio.ch.EPollArrayWrapper.epollWait(Native Method)
        at sun.nio.ch.EPollArrayWrapper.poll(EPollArrayWrapper.java:269)
        at sun.nio.ch.EPollSelectorImpl.doSelect(EPollSelectorImpl.java:93)
        at sun.nio.ch.SelectorImpl.lockAndDoSelect(SelectorImpl.java:86)
        at sun.nio.ch.SelectorImpl.select(SelectorImpl.java:97)
        at sun.nio.ch.SelectorImpl.select(SelectorImpl.java:101)
        at org.eclipse.jetty.io.ManagedSelector.nioSelect(ManagedSelector.java:183)
        at org.eclipse.jetty.io.ManagedSelector.select(ManagedSelector.java:190)
        at org.eclipse.jetty.io.ManagedSelector$SelectorProducer.select(ManagedSelector.java:606)
        at org.eclipse.jetty.io.ManagedSelector$SelectorProducer.produce(ManagedSelector.java:543)
        at org.eclipse.jetty.util.thread.strategy.EatWhatYouKill.produceTask(EatWhatYouKill.java:362)
        at org.eclipse.jetty.util.thread.strategy.EatWhatYouKill.doProduce(EatWhatYouKill.java:186)
        at org.eclipse.jetty.util.thread.strategy.EatWhatYouKill.tryProduce(EatWhatYouKill.java:173)
        at org.eclipse.jetty.util.thread.strategy.EatWhatYouKill.produce(EatWhatYouKill.java:137)
        at org.eclipse.jetty.io.ManagedSelector$$Lambda$446/1576513034.run(Unknown Source)
        at org.eclipse.jetty.util.thread.QueuedThreadPool.runJob(QueuedThreadPool.java:883)
        at org.eclipse.jetty.util.thread.QueuedThreadPool$Runner.run(QueuedThreadPool.java:1034)
        at java.lang.Thread.run(Thread.java:750)
"BlockDeletingService#0" daemon prio=5 tid=343 in Object.wait()
java.lang.Thread.State: WAITING (on object monitor)
        at sun.misc.Unsafe.park(Native Method)
        at java.util.concurrent.locks.LockSupport.park(LockSupport.java:175)
        at java.util.concurrent.locks.AbstractQueuedSynchronizer$ConditionObject.await(AbstractQueuedSynchronizer.java:2039)
        at java.util.concurrent.ScheduledThreadPoolExecutor$DelayedWorkQueue.take(ScheduledThreadPoolExecutor.java:1088)
        at java.util.concurrent.ScheduledThreadPoolExecutor$DelayedWorkQueue.take(ScheduledThreadPoolExecutor.java:809)
        at java.util.concurrent.ThreadPoolExecutor.getTask(ThreadPoolExecutor.java:1074)
        at java.util.concurrent.ThreadPoolExecutor.runWorker(ThreadPoolExecutor.java:1134)
        at java.util.concurrent.ThreadPoolExecutor$Worker.run(ThreadPoolExecutor.java:624)
        at java.lang.Thread.run(Thread.java:750)
"qtp1308741443-212" daemon prio=5 tid=212 runnable
java.lang.Thread.State: RUNNABLE
        at sun.nio.ch.EPollArrayWrapper.epollWait(Native Method)
        at sun.nio.ch.EPollArrayWrapper.poll(EPollArrayWrapper.java:269)
        at sun.nio.ch.EPollSelectorImpl.doSelect(EPollSelectorImpl.java:93)
        at sun.nio.ch.SelectorImpl.lockAndDoSelect(SelectorImpl.java:86)
        at sun.nio.ch.SelectorImpl.select(SelectorImpl.java:97)
        at sun.nio.ch.SelectorImpl.select(SelectorImpl.java:101)
        at org.eclipse.jetty.io.ManagedSelector.nioSelect(ManagedSelector.java:183)
        at org.eclipse.jetty.io.ManagedSelector.select(ManagedSelector.java:190)
        at org.eclipse.jetty.io.ManagedSelector$SelectorProducer.select(ManagedSelector.java:606)
        at org.eclipse.jetty.io.ManagedSelector$SelectorProducer.produce(ManagedSelector.java:543)
        at org.eclipse.jetty.util.thread.strategy.EatWhatYouKill.produceTask(EatWhatYouKill.java:362)
        at org.eclipse.jetty.util.thread.strategy.EatWhatYouKill.doProduce(EatWhatYouKill.java:186)
        at org.eclipse.jetty.util.thread.strategy.EatWhatYouKill.tryProduce(EatWhatYouKill.java:173)
        at org.eclipse.jetty.util.thread.strategy.EatWhatYouKill.produce(EatWhatYouKill.java:137)
        at org.eclipse.jetty.io.ManagedSelector$$Lambda$446/1576513034.run(Unknown Source)
        at org.eclipse.jetty.util.thread.QueuedThreadPool.runJob(QueuedThreadPool.java:883)
        at org.eclipse.jetty.util.thread.QueuedThreadPool$Runner.run(QueuedThreadPool.java:1034)
        at java.lang.Thread.run(Thread.java:750)
"BlockDeletingService#2" daemon prio=5 tid=906 in Object.wait()
java.lang.Thread.State: WAITING (on object monitor)
        at sun.misc.Unsafe.park(Native Method)
        at java.util.concurrent.locks.LockSupport.park(LockSupport.java:175)
        at java.util.concurrent.locks.AbstractQueuedSynchronizer$ConditionObject.await(AbstractQueuedSynchronizer.java:2039)
        at java.util.concurrent.ScheduledThreadPoolExecutor$DelayedWorkQueue.take(ScheduledThreadPoolExecutor.java:1088)
        at java.util.concurrent.ScheduledThreadPoolExecutor$DelayedWorkQueue.take(ScheduledThreadPoolExecutor.java:809)
        at java.util.concurrent.ThreadPoolExecutor.getTask(ThreadPoolExecutor.java:1074)
        at java.util.concurrent.ThreadPoolExecutor.runWorker(ThreadPoolExecutor.java:1134)
        at java.util.concurrent.ThreadPoolExecutor$Worker.run(ThreadPoolExecutor.java:624)
        at java.lang.Thread.run(Thread.java:750)
"IPC Server handler 8 on default port 34173" daemon prio=5 tid=95 timed_waiting
java.lang.Thread.State: TIMED_WAITING
        at sun.misc.Unsafe.park(Native Method)
        at java.util.concurrent.locks.LockSupport.parkNanos(LockSupport.java:215)
        at java.util.concurrent.locks.AbstractQueuedSynchronizer$ConditionObject.awaitNanos(AbstractQueuedSynchronizer.java:2078)
        at java.util.concurrent.LinkedBlockingQueue.poll(LinkedBlockingQueue.java:467)
        at org.apache.hadoop.ipc.CallQueueManager.take(CallQueueManager.java:317)
        at org.apache.hadoop.ipc.Server$Handler.run(Server.java:2942)
"EndpointStateMachine task thread for /0.0.0.0:34173 - 0 "  prio=5 tid=309 in Object.wait()
java.lang.Thread.State: WAITING (on object monitor)
        at sun.misc.Unsafe.park(Native Method)
        at java.util.concurrent.locks.LockSupport.park(LockSupport.java:175)
        at java.util.concurrent.locks.AbstractQueuedSynchronizer$ConditionObject.await(AbstractQueuedSynchronizer.java:2039)
        at java.util.concurrent.LinkedBlockingQueue.take(LinkedBlockingQueue.java:442)
        at java.util.concurrent.ThreadPoolExecutor.getTask(ThreadPoolExecutor.java:1074)
        at java.util.concurrent.ThreadPoolExecutor.runWorker(ThreadPoolExecutor.java:1134)
        at java.util.concurrent.ThreadPoolExecutor$Worker.run(ThreadPoolExecutor.java:624)
        at java.lang.Thread.run(Thread.java:750)
"IPC Server handler 16 on default port 34173" daemon prio=5 tid=103 timed_waiting
java.lang.Thread.State: TIMED_WAITING
        at sun.misc.Unsafe.park(Native Method)
        at java.util.concurrent.locks.LockSupport.parkNanos(LockSupport.java:215)
        at java.util.concurrent.locks.AbstractQueuedSynchronizer$ConditionObject.awaitNanos(AbstractQueuedSynchronizer.java:2078)
        at java.util.concurrent.LinkedBlockingQueue.poll(LinkedBlockingQueue.java:467)
        at org.apache.hadoop.ipc.CallQueueManager.take(CallQueueManager.java:317)
        at org.apache.hadoop.ipc.Server$Handler.run(Server.java:2942)
"EventQueue-DeadNodeForDeadNodeHandler" daemon prio=5 tid=844 in Object.wait()
java.lang.Thread.State: WAITING (on object monitor)
        at sun.misc.Unsafe.park(Native Method)
        at java.util.concurrent.locks.LockSupport.park(LockSupport.java:175)
        at java.util.concurrent.locks.AbstractQueuedSynchronizer$ConditionObject.await(AbstractQueuedSynchronizer.java:2039)
        at java.util.concurrent.LinkedBlockingQueue.take(LinkedBlockingQueue.java:442)
        at java.util.concurrent.ThreadPoolExecutor.getTask(ThreadPoolExecutor.java:1074)
        at java.util.concurrent.ThreadPoolExecutor.runWorker(ThreadPoolExecutor.java:1134)
        at java.util.concurrent.ThreadPoolExecutor$Worker.run(ThreadPoolExecutor.java:624)
        at java.lang.Thread.run(Thread.java:750)
"FixedThreadPoolWithAffinityExecutor-7-0" daemon prio=5 tid=42 timed_waiting
java.lang.Thread.State: TIMED_WAITING
        at sun.misc.Unsafe.park(Native Method)
        at java.util.concurrent.locks.LockSupport.parkNanos(LockSupport.java:215)
        at java.util.concurrent.locks.AbstractQueuedSynchronizer$ConditionObject.awaitNanos(AbstractQueuedSynchronizer.java:2078)
        at java.util.concurrent.LinkedBlockingQueue.poll(LinkedBlockingQueue.java:467)
        at org.apache.hadoop.hdds.scm.server.ContainerReportQueue.poll(ContainerReportQueue.java:266)
        at org.apache.hadoop.hdds.scm.server.ContainerReportQueue.poll(ContainerReportQueue.java:42)
        at org.apache.hadoop.hdds.server.events.FixedThreadPoolWithAffinityExecutor$ContainerReportProcessTask.run(FixedThreadPoolWithAffinityExecutor.java:218)
        at java.util.concurrent.Executors$RunnableAdapter.call(Executors.java:511)
        at java.util.concurrent.FutureTask.run(FutureTask.java:266)
        at java.util.concurrent.ThreadPoolExecutor.runWorker(ThreadPoolExecutor.java:1149)
        at java.util.concurrent.ThreadPoolExecutor$Worker.run(ThreadPoolExecutor.java:624)
        at java.lang.Thread.run(Thread.java:750)
"Datanode ReportManager Thread - 4" daemon prio=5 tid=371 timed_waiting
java.lang.Thread.State: TIMED_WAITING
        at sun.misc.Unsafe.park(Native Method)
        at java.util.concurrent.locks.LockSupport.parkNanos(LockSupport.java:215)
        at java.util.concurrent.locks.AbstractQueuedSynchronizer$ConditionObject.awaitNanos(AbstractQueuedSynchronizer.java:2078)
        at java.util.concurrent.ScheduledThreadPoolExecutor$DelayedWorkQueue.take(ScheduledThreadPoolExecutor.java:1093)
        at java.util.concurrent.ScheduledThreadPoolExecutor$DelayedWorkQueue.take(ScheduledThreadPoolExecutor.java:809)
        at java.util.concurrent.ThreadPoolExecutor.getTask(ThreadPoolExecutor.java:1074)
        at java.util.concurrent.ThreadPoolExecutor.runWorker(ThreadPoolExecutor.java:1134)
        at java.util.concurrent.ThreadPoolExecutor$Worker.run(ThreadPoolExecutor.java:624)
        at java.lang.Thread.run(Thread.java:750)
"3fdd4c6e-2961-42ba-90d3-b5f169a49f15-server-thread3" daemon prio=5 tid=892 timed_waiting
java.lang.Thread.State: TIMED_WAITING
        at sun.misc.Unsafe.park(Native Method)
        at java.util.concurrent.locks.LockSupport.parkNanos(LockSupport.java:215)
        at java.util.concurrent.SynchronousQueue$TransferStack.awaitFulfill(SynchronousQueue.java:460)
        at java.util.concurrent.SynchronousQueue$TransferStack.transfer(SynchronousQueue.java:362)
        at java.util.concurrent.SynchronousQueue.poll(SynchronousQueue.java:941)
        at java.util.concurrent.ThreadPoolExecutor.getTask(ThreadPoolExecutor.java:1073)
        at java.util.concurrent.ThreadPoolExecutor.runWorker(ThreadPoolExecutor.java:1134)
        at java.util.concurrent.ThreadPoolExecutor$Worker.run(ThreadPoolExecutor.java:624)
        at java.lang.Thread.run(Thread.java:750)
"qtp1321633829-439" daemon prio=5 tid=439 timed_waiting
java.lang.Thread.State: TIMED_WAITING
        at sun.misc.Unsafe.park(Native Method)
        at java.util.concurrent.locks.LockSupport.parkNanos(LockSupport.java:215)
        at java.util.concurrent.locks.AbstractQueuedSynchronizer$ConditionObject.awaitNanos(AbstractQueuedSynchronizer.java:2078)
        at org.eclipse.jetty.util.BlockingArrayQueue.poll(BlockingArrayQueue.java:382)
        at org.eclipse.jetty.util.thread.QueuedThreadPool$Runner.idleJobPoll(QueuedThreadPool.java:974)
        at org.eclipse.jetty.util.thread.QueuedThreadPool$Runner.run(QueuedThreadPool.java:1018)
        at java.lang.Thread.run(Thread.java:750)
"Datanode ReportManager Thread - 2" daemon prio=5 tid=369 in Object.wait()
java.lang.Thread.State: WAITING (on object monitor)
        at sun.misc.Unsafe.park(Native Method)
        at java.util.concurrent.locks.LockSupport.park(LockSupport.java:175)
        at java.util.concurrent.locks.AbstractQueuedSynchronizer$ConditionObject.await(AbstractQueuedSynchronizer.java:2039)
        at java.util.concurrent.ScheduledThreadPoolExecutor$DelayedWorkQueue.take(ScheduledThreadPoolExecutor.java:1088)
        at java.util.concurrent.ScheduledThreadPoolExecutor$DelayedWorkQueue.take(ScheduledThreadPoolExecutor.java:809)
        at java.util.concurrent.ThreadPoolExecutor.getTask(ThreadPoolExecutor.java:1074)
        at java.util.concurrent.ThreadPoolExecutor.runWorker(ThreadPoolExecutor.java:1134)
        at java.util.concurrent.ThreadPoolExecutor$Worker.run(ThreadPoolExecutor.java:624)
        at java.lang.Thread.run(Thread.java:750)
"Session-HouseKeeper-3ad7f7f1-1"  prio=5 tid=403 timed_waiting
java.lang.Thread.State: TIMED_WAITING
        at sun.misc.Unsafe.park(Native Method)
        at java.util.concurrent.locks.LockSupport.parkNanos(LockSupport.java:215)
        at java.util.concurrent.locks.AbstractQueuedSynchronizer$ConditionObject.awaitNanos(AbstractQueuedSynchronizer.java:2078)
        at java.util.concurrent.ScheduledThreadPoolExecutor$DelayedWorkQueue.take(ScheduledThreadPoolExecutor.java:1093)
        at java.util.concurrent.ScheduledThreadPoolExecutor$DelayedWorkQueue.take(ScheduledThreadPoolExecutor.java:809)
        at java.util.concurrent.ThreadPoolExecutor.getTask(ThreadPoolExecutor.java:1074)
        at java.util.concurrent.ThreadPoolExecutor.runWorker(ThreadPoolExecutor.java:1134)
        at java.util.concurrent.ThreadPoolExecutor$Worker.run(ThreadPoolExecutor.java:624)
        at java.lang.Thread.run(Thread.java:750)
"StaleRecoveringContainerScrubbingService#1" daemon prio=5 tid=495 in Object.wait()
java.lang.Thread.State: WAITING (on object monitor)
        at sun.misc.Unsafe.park(Native Method)
        at java.util.concurrent.locks.LockSupport.park(LockSupport.java:175)
        at java.util.concurrent.locks.AbstractQueuedSynchronizer$ConditionObject.await(AbstractQueuedSynchronizer.java:2039)
        at java.util.concurrent.ScheduledThreadPoolExecutor$DelayedWorkQueue.take(ScheduledThreadPoolExecutor.java:1088)
        at java.util.concurrent.ScheduledThreadPoolExecutor$DelayedWorkQueue.take(ScheduledThreadPoolExecutor.java:809)
        at java.util.concurrent.ThreadPoolExecutor.getTask(ThreadPoolExecutor.java:1074)
        at java.util.concurrent.ThreadPoolExecutor.runWorker(ThreadPoolExecutor.java:1134)
        at java.util.concurrent.ThreadPoolExecutor$Worker.run(ThreadPoolExecutor.java:624)
        at java.lang.Thread.run(Thread.java:750)
"qtp410671928-149" daemon prio=5 tid=149 timed_waiting
java.lang.Thread.State: TIMED_WAITING
        at sun.misc.Unsafe.park(Native Method)
        at java.util.concurrent.locks.LockSupport.parkNanos(LockSupport.java:215)
        at java.util.concurrent.locks.AbstractQueuedSynchronizer$ConditionObject.awaitNanos(AbstractQueuedSynchronizer.java:2078)
        at org.eclipse.jetty.util.BlockingArrayQueue.poll(BlockingArrayQueue.java:382)
        at org.eclipse.jetty.util.thread.QueuedThreadPool$Runner.idleJobPoll(QueuedThreadPool.java:974)
        at org.eclipse.jetty.util.thread.QueuedThreadPool$Runner.run(QueuedThreadPool.java:1018)
        at java.lang.Thread.run(Thread.java:750)
"PartialTableCache Cleanup Thread - 0" daemon prio=5 tid=778 in Object.wait()
java.lang.Thread.State: WAITING (on object monitor)
        at sun.misc.Unsafe.park(Native Method)
        at java.util.concurrent.locks.LockSupport.park(LockSupport.java:175)
        at java.util.concurrent.locks.AbstractQueuedSynchronizer$ConditionObject.await(AbstractQueuedSynchronizer.java:2039)
        at java.util.concurrent.LinkedBlockingQueue.take(LinkedBlockingQueue.java:442)
        at java.util.concurrent.ThreadPoolExecutor.getTask(ThreadPoolExecutor.java:1074)
        at java.util.concurrent.ThreadPoolExecutor.runWorker(ThreadPoolExecutor.java:1134)
        at java.util.concurrent.ThreadPoolExecutor$Worker.run(ThreadPoolExecutor.java:624)
        at java.lang.Thread.run(Thread.java:750)
"Datanode ReportManager Thread - 3" daemon prio=5 tid=502 timed_waiting
java.lang.Thread.State: TIMED_WAITING
        at sun.misc.Unsafe.park(Native Method)
        at java.util.concurrent.locks.LockSupport.parkNanos(LockSupport.java:215)
        at java.util.concurrent.locks.AbstractQueuedSynchronizer$ConditionObject.awaitNanos(AbstractQueuedSynchronizer.java:2078)
        at java.util.concurrent.ScheduledThreadPoolExecutor$DelayedWorkQueue.take(ScheduledThreadPoolExecutor.java:1093)
        at java.util.concurrent.ScheduledThreadPoolExecutor$DelayedWorkQueue.take(ScheduledThreadPoolExecutor.java:809)
        at java.util.concurrent.ThreadPoolExecutor.getTask(ThreadPoolExecutor.java:1074)
        at java.util.concurrent.ThreadPoolExecutor.runWorker(ThreadPoolExecutor.java:1134)
        at java.util.concurrent.ThreadPoolExecutor$Worker.run(ThreadPoolExecutor.java:624)
        at java.lang.Thread.run(Thread.java:750)
"qtp736862665-360" daemon prio=5 tid=360 timed_waiting
java.lang.Thread.State: TIMED_WAITING
        at sun.misc.Unsafe.park(Native Method)
        at java.util.concurrent.locks.LockSupport.parkNanos(LockSupport.java:215)
        at java.util.concurrent.locks.AbstractQueuedSynchronizer$ConditionObject.awaitNanos(AbstractQueuedSynchronizer.java:2078)
        at org.eclipse.jetty.util.BlockingArrayQueue.poll(BlockingArrayQueue.java:382)
        at org.eclipse.jetty.util.thread.QueuedThreadPool$Runner.idleJobPoll(QueuedThreadPool.java:974)
        at org.eclipse.jetty.util.thread.QueuedThreadPool$Runner.run(QueuedThreadPool.java:1018)
        at java.lang.Thread.run(Thread.java:750)
"44bea1f4-43dd-4415-bb4e-4e9896dd68f6-server-thread2" daemon prio=5 tid=894 timed_waiting
java.lang.Thread.State: TIMED_WAITING
        at sun.misc.Unsafe.park(Native Method)
        at java.util.concurrent.locks.LockSupport.parkNanos(LockSupport.java:215)
        at java.util.concurrent.SynchronousQueue$TransferStack.awaitFulfill(SynchronousQueue.java:460)
        at java.util.concurrent.SynchronousQueue$TransferStack.transfer(SynchronousQueue.java:362)
        at java.util.concurrent.SynchronousQueue.poll(SynchronousQueue.java:941)
        at java.util.concurrent.ThreadPoolExecutor.getTask(ThreadPoolExecutor.java:1073)
        at java.util.concurrent.ThreadPoolExecutor.runWorker(ThreadPoolExecutor.java:1134)
        at java.util.concurrent.ThreadPoolExecutor$Worker.run(ThreadPoolExecutor.java:624)
        at java.lang.Thread.run(Thread.java:750)
"Session-HouseKeeper-64cacea1-1"  prio=5 tid=365 timed_waiting
java.lang.Thread.State: TIMED_WAITING
        at sun.misc.Unsafe.park(Native Method)
        at java.util.concurrent.locks.LockSupport.parkNanos(LockSupport.java:215)
        at java.util.concurrent.locks.AbstractQueuedSynchronizer$ConditionObject.awaitNanos(AbstractQueuedSynchronizer.java:2078)
        at java.util.concurrent.ScheduledThreadPoolExecutor$DelayedWorkQueue.take(ScheduledThreadPoolExecutor.java:1093)
        at java.util.concurrent.ScheduledThreadPoolExecutor$DelayedWorkQueue.take(ScheduledThreadPoolExecutor.java:809)
        at java.util.concurrent.ThreadPoolExecutor.getTask(ThreadPoolExecutor.java:1074)
        at java.util.concurrent.ThreadPoolExecutor.runWorker(ThreadPoolExecutor.java:1134)
        at java.util.concurrent.ThreadPoolExecutor$Worker.run(ThreadPoolExecutor.java:624)
        at java.lang.Thread.run(Thread.java:750)
"Command processor thread" daemon prio=5 tid=504 timed_waiting
java.lang.Thread.State: TIMED_WAITING
        at java.lang.Thread.sleep(Native Method)
        at org.apache.hadoop.ozone.container.common.statemachine.DatanodeStateMachine.lambda$initCommandHandlerThread$3(DatanodeStateMachine.java:641)
        at org.apache.hadoop.ozone.container.common.statemachine.DatanodeStateMachine$$Lambda$753/651253568.run(Unknown Source)
        at java.lang.Thread.run(Thread.java:750)
"qtp1297043595-185-acceptor-0@6b77f4e2-ServerConnector@2c297832{HTTP/1.1, (http/1.1)}{0.0.0.0:42863}" daemon prio=3 tid=185 runnable
java.lang.Thread.State: RUNNABLE
        at sun.nio.ch.ServerSocketChannelImpl.accept0(Native Method)
        at sun.nio.ch.ServerSocketChannelImpl.accept(ServerSocketChannelImpl.java:421)
        at sun.nio.ch.ServerSocketChannelImpl.accept(ServerSocketChannelImpl.java:249)
        at org.eclipse.jetty.server.ServerConnector.accept(ServerConnector.java:388)
        at org.eclipse.jetty.server.AbstractConnector$Acceptor.run(AbstractConnector.java:704)
        at org.eclipse.jetty.util.thread.QueuedThreadPool.runJob(QueuedThreadPool.java:883)
        at org.eclipse.jetty.util.thread.QueuedThreadPool$Runner.run(QueuedThreadPool.java:1034)
        at java.lang.Thread.run(Thread.java:750)
"IPC Server handler 7 on default port 34173" daemon prio=5 tid=94 timed_waiting
java.lang.Thread.State: TIMED_WAITING
        at sun.misc.Unsafe.park(Native Method)
        at java.util.concurrent.locks.LockSupport.parkNanos(LockSupport.java:215)
        at java.util.concurrent.locks.AbstractQueuedSynchronizer$ConditionObject.awaitNanos(AbstractQueuedSynchronizer.java:2078)
        at java.util.concurrent.LinkedBlockingQueue.poll(LinkedBlockingQueue.java:467)
        at org.apache.hadoop.ipc.CallQueueManager.take(CallQueueManager.java:317)
        at org.apache.hadoop.ipc.Server$Handler.run(Server.java:2942)
"IPC Server handler 5 on default port 34735" daemon prio=5 tid=159 timed_waiting
java.lang.Thread.State: TIMED_WAITING
        at sun.misc.Unsafe.park(Native Method)
        at java.util.concurrent.locks.LockSupport.parkNanos(LockSupport.java:215)
        at java.util.concurrent.locks.AbstractQueuedSynchronizer$ConditionObject.awaitNanos(AbstractQueuedSynchronizer.java:2078)
        at java.util.concurrent.LinkedBlockingQueue.poll(LinkedBlockingQueue.java:467)
        at org.apache.hadoop.ipc.CallQueueManager.take(CallQueueManager.java:317)
        at org.apache.hadoop.ipc.Server$Handler.run(Server.java:2942)
"grpc-default-executor-5" daemon prio=5 tid=811 timed_waiting
java.lang.Thread.State: TIMED_WAITING
        at sun.misc.Unsafe.park(Native Method)
        at java.util.concurrent.locks.LockSupport.parkNanos(LockSupport.java:215)
        at java.util.concurrent.SynchronousQueue$TransferStack.awaitFulfill(SynchronousQueue.java:460)
        at java.util.concurrent.SynchronousQueue$TransferStack.transfer(SynchronousQueue.java:362)
        at java.util.concurrent.SynchronousQueue.poll(SynchronousQueue.java:941)
        at java.util.concurrent.ThreadPoolExecutor.getTask(ThreadPoolExecutor.java:1073)
        at java.util.concurrent.ThreadPoolExecutor.runWorker(ThreadPoolExecutor.java:1134)
        at java.util.concurrent.ThreadPoolExecutor$Worker.run(ThreadPoolExecutor.java:624)
        at java.lang.Thread.run(Thread.java:750)
"81de4557-c158-4718-93a8-b16ff7f8daad@group-EA947C079E8C-LeaderStateImpl" daemon prio=5 tid=886 timed_waiting
java.lang.Thread.State: TIMED_WAITING
        at sun.misc.Unsafe.park(Native Method)
        at java.util.concurrent.locks.LockSupport.parkNanos(LockSupport.java:215)
        at java.util.concurrent.locks.AbstractQueuedSynchronizer$ConditionObject.awaitNanos(AbstractQueuedSynchronizer.java:2078)
        at java.util.concurrent.ArrayBlockingQueue.poll(ArrayBlockingQueue.java:418)
        at org.apache.ratis.server.impl.LeaderStateImpl$EventQueue.poll(LeaderStateImpl.java:159)
        at org.apache.ratis.server.impl.LeaderStateImpl$EventProcessor.run(LeaderStateImpl.java:630)
"PartialTableCache Cleanup Thread - 0" daemon prio=5 tid=747 in Object.wait()
java.lang.Thread.State: WAITING (on object monitor)
        at sun.misc.Unsafe.park(Native Method)
        at java.util.concurrent.locks.LockSupport.park(LockSupport.java:175)
        at java.util.concurrent.locks.AbstractQueuedSynchronizer$ConditionObject.await(AbstractQueuedSynchronizer.java:2039)
        at java.util.concurrent.LinkedBlockingQueue.take(LinkedBlockingQueue.java:442)
        at java.util.concurrent.ThreadPoolExecutor.getTask(ThreadPoolExecutor.java:1074)
        at java.util.concurrent.ThreadPoolExecutor.runWorker(ThreadPoolExecutor.java:1134)
        at java.util.concurrent.ThreadPoolExecutor$Worker.run(ThreadPoolExecutor.java:624)
        at java.lang.Thread.run(Thread.java:750)
"BlockDeletingService#0" daemon prio=5 tid=526 in Object.wait()
java.lang.Thread.State: WAITING (on object monitor)
        at sun.misc.Unsafe.park(Native Method)
        at java.util.concurrent.locks.LockSupport.park(LockSupport.java:175)
        at java.util.concurrent.locks.AbstractQueuedSynchronizer$ConditionObject.await(AbstractQueuedSynchronizer.java:2039)
        at java.util.concurrent.ScheduledThreadPoolExecutor$DelayedWorkQueue.take(ScheduledThreadPoolExecutor.java:1088)
        at java.util.concurrent.ScheduledThreadPoolExecutor$DelayedWorkQueue.take(ScheduledThreadPoolExecutor.java:809)
        at java.util.concurrent.ThreadPoolExecutor.getTask(ThreadPoolExecutor.java:1074)
        at java.util.concurrent.ThreadPoolExecutor.runWorker(ThreadPoolExecutor.java:1134)
        at java.util.concurrent.ThreadPoolExecutor$Worker.run(ThreadPoolExecutor.java:624)
        at java.lang.Thread.run(Thread.java:750)
"IPC Server handler 15 on default port 34173" daemon prio=5 tid=102 timed_waiting
java.lang.Thread.State: TIMED_WAITING
        at sun.misc.Unsafe.park(Native Method)
        at java.util.concurrent.locks.LockSupport.parkNanos(LockSupport.java:215)
        at java.util.concurrent.locks.AbstractQueuedSynchronizer$ConditionObject.awaitNanos(AbstractQueuedSynchronizer.java:2078)
        at java.util.concurrent.LinkedBlockingQueue.poll(LinkedBlockingQueue.java:467)
        at org.apache.hadoop.ipc.CallQueueManager.take(CallQueueManager.java:317)
        at org.apache.hadoop.ipc.Server$Handler.run(Server.java:2942)
"97cc06fc-4025-4c76-bebd-c1d7b79fe413@group-D28A8C342F3E-LeaderStateImpl" daemon prio=5 tid=691 timed_waiting
java.lang.Thread.State: TIMED_WAITING
        at sun.misc.Unsafe.park(Native Method)
        at java.util.concurrent.locks.LockSupport.parkNanos(LockSupport.java:215)
        at java.util.concurrent.locks.AbstractQueuedSynchronizer$ConditionObject.awaitNanos(AbstractQueuedSynchronizer.java:2078)
        at java.util.concurrent.ArrayBlockingQueue.poll(ArrayBlockingQueue.java:418)
        at org.apache.ratis.server.impl.LeaderStateImpl$EventQueue.poll(LeaderStateImpl.java:159)
        at org.apache.ratis.server.impl.LeaderStateImpl$EventProcessor.run(LeaderStateImpl.java:630)
"qtp2024219843-482-acceptor-0@75b510b4-ServerConnector@7a4c28d{HTTP/1.1, (http/1.1)}{0.0.0.0:35389}" daemon prio=3 tid=482 runnable
java.lang.Thread.State: RUNNABLE
        at sun.nio.ch.ServerSocketChannelImpl.accept0(Native Method)
        at sun.nio.ch.ServerSocketChannelImpl.accept(ServerSocketChannelImpl.java:421)
        at sun.nio.ch.ServerSocketChannelImpl.accept(ServerSocketChannelImpl.java:249)
        at org.eclipse.jetty.server.ServerConnector.accept(ServerConnector.java:388)
        at org.eclipse.jetty.server.AbstractConnector$Acceptor.run(AbstractConnector.java:704)
        at org.eclipse.jetty.util.thread.QueuedThreadPool.runJob(QueuedThreadPool.java:883)
        at org.eclipse.jetty.util.thread.QueuedThreadPool$Runner.run(QueuedThreadPool.java:1034)
        at java.lang.Thread.run(Thread.java:750)
"BlockDeletingService#0" daemon prio=5 tid=550 in Object.wait()
java.lang.Thread.State: WAITING (on object monitor)
        at sun.misc.Unsafe.park(Native Method)
        at java.util.concurrent.locks.LockSupport.park(LockSupport.java:175)
        at java.util.concurrent.locks.AbstractQueuedSynchronizer$ConditionObject.await(AbstractQueuedSynchronizer.java:2039)
        at java.util.concurrent.ScheduledThreadPoolExecutor$DelayedWorkQueue.take(ScheduledThreadPoolExecutor.java:1088)
        at java.util.concurrent.ScheduledThreadPoolExecutor$DelayedWorkQueue.take(ScheduledThreadPoolExecutor.java:809)
        at java.util.concurrent.ThreadPoolExecutor.getTask(ThreadPoolExecutor.java:1074)
        at java.util.concurrent.ThreadPoolExecutor.runWorker(ThreadPoolExecutor.java:1134)
        at java.util.concurrent.ThreadPoolExecutor$Worker.run(ThreadPoolExecutor.java:624)
        at java.lang.Thread.run(Thread.java:750)
"FixedThreadPoolWithAffinityExecutor-5-0" daemon prio=5 tid=40 timed_waiting
java.lang.Thread.State: TIMED_WAITING
        at sun.misc.Unsafe.park(Native Method)
        at java.util.concurrent.locks.LockSupport.parkNanos(LockSupport.java:215)
        at java.util.concurrent.locks.AbstractQueuedSynchronizer$ConditionObject.awaitNanos(AbstractQueuedSynchronizer.java:2078)
        at java.util.concurrent.LinkedBlockingQueue.poll(LinkedBlockingQueue.java:467)
        at org.apache.hadoop.hdds.scm.server.ContainerReportQueue.poll(ContainerReportQueue.java:266)
        at org.apache.hadoop.hdds.scm.server.ContainerReportQueue.poll(ContainerReportQueue.java:42)
        at org.apache.hadoop.hdds.server.events.FixedThreadPoolWithAffinityExecutor$ContainerReportProcessTask.run(FixedThreadPoolWithAffinityExecutor.java:218)
        at java.util.concurrent.Executors$RunnableAdapter.call(Executors.java:511)
        at java.util.concurrent.FutureTask.run(FutureTask.java:266)
        at java.util.concurrent.ThreadPoolExecutor.runWorker(ThreadPoolExecutor.java:1149)
        at java.util.concurrent.ThreadPoolExecutor$Worker.run(ThreadPoolExecutor.java:624)
        at java.lang.Thread.run(Thread.java:750)
"pool-111-thread-1" daemon prio=5 tid=233 timed_waiting
java.lang.Thread.State: TIMED_WAITING
        at sun.misc.Unsafe.park(Native Method)
        at java.util.concurrent.locks.LockSupport.parkNanos(LockSupport.java:215)
        at java.util.concurrent.locks.AbstractQueuedSynchronizer$ConditionObject.awaitNanos(AbstractQueuedSynchronizer.java:2078)
        at java.util.concurrent.ScheduledThreadPoolExecutor$DelayedWorkQueue.take(ScheduledThreadPoolExecutor.java:1093)
        at java.util.concurrent.ScheduledThreadPoolExecutor$DelayedWorkQueue.take(ScheduledThreadPoolExecutor.java:809)
        at java.util.concurrent.ThreadPoolExecutor.getTask(ThreadPoolExecutor.java:1074)
        at java.util.concurrent.ThreadPoolExecutor.runWorker(ThreadPoolExecutor.java:1134)
        at java.util.concurrent.ThreadPoolExecutor$Worker.run(ThreadPoolExecutor.java:624)
        at java.lang.Thread.run(Thread.java:750)
"EventQueue-NodeReportForNodeReportHandler" daemon prio=5 tid=899 in Object.wait()
java.lang.Thread.State: WAITING (on object monitor)
        at sun.misc.Unsafe.park(Native Method)
        at java.util.concurrent.locks.LockSupport.park(LockSupport.java:175)
        at java.util.concurrent.locks.AbstractQueuedSynchronizer$ConditionObject.await(AbstractQueuedSynchronizer.java:2039)
        at java.util.concurrent.LinkedBlockingQueue.take(LinkedBlockingQueue.java:442)
        at java.util.concurrent.ThreadPoolExecutor.getTask(ThreadPoolExecutor.java:1074)
        at java.util.concurrent.ThreadPoolExecutor.runWorker(ThreadPoolExecutor.java:1134)
        at java.util.concurrent.ThreadPoolExecutor$Worker.run(ThreadPoolExecutor.java:624)
        at java.lang.Thread.run(Thread.java:750)
"qtp1321633829-434-acceptor-0@76303f8c-ServerConnector@478fdd4e{HTTP/1.1, (http/1.1)}{0.0.0.0:42647}" daemon prio=3 tid=434 runnable
java.lang.Thread.State: RUNNABLE
        at sun.nio.ch.ServerSocketChannelImpl.accept0(Native Method)
        at sun.nio.ch.ServerSocketChannelImpl.accept(ServerSocketChannelImpl.java:421)
        at sun.nio.ch.ServerSocketChannelImpl.accept(ServerSocketChannelImpl.java:249)
        at org.eclipse.jetty.server.ServerConnector.accept(ServerConnector.java:388)
        at org.eclipse.jetty.server.AbstractConnector$Acceptor.run(AbstractConnector.java:704)
        at org.eclipse.jetty.util.thread.QueuedThreadPool.runJob(QueuedThreadPool.java:883)
        at org.eclipse.jetty.util.thread.QueuedThreadPool$Runner.run(QueuedThreadPool.java:1034)
        at java.lang.Thread.run(Thread.java:750)
"StaleRecoveringContainerScrubbingService#1" daemon prio=5 tid=565 timed_waiting
java.lang.Thread.State: TIMED_WAITING
        at sun.misc.Unsafe.park(Native Method)
        at java.util.concurrent.locks.LockSupport.parkNanos(LockSupport.java:215)
        at java.util.concurrent.locks.AbstractQueuedSynchronizer$ConditionObject.awaitNanos(AbstractQueuedSynchronizer.java:2078)
        at java.util.concurrent.ScheduledThreadPoolExecutor$DelayedWorkQueue.take(ScheduledThreadPoolExecutor.java:1093)
        at java.util.concurrent.ScheduledThreadPoolExecutor$DelayedWorkQueue.take(ScheduledThreadPoolExecutor.java:809)
        at java.util.concurrent.ThreadPoolExecutor.getTask(ThreadPoolExecutor.java:1074)
        at java.util.concurrent.ThreadPoolExecutor.runWorker(ThreadPoolExecutor.java:1134)
        at java.util.concurrent.ThreadPoolExecutor$Worker.run(ThreadPoolExecutor.java:624)
        at java.lang.Thread.run(Thread.java:750)
"Periodic HDDS volume checker" daemon prio=5 tid=231 timed_waiting
java.lang.Thread.State: TIMED_WAITING
        at sun.misc.Unsafe.park(Native Method)
        at java.util.concurrent.locks.LockSupport.parkNanos(LockSupport.java:215)
        at java.util.concurrent.locks.AbstractQueuedSynchronizer$ConditionObject.awaitNanos(AbstractQueuedSynchronizer.java:2078)
        at java.util.concurrent.ScheduledThreadPoolExecutor$DelayedWorkQueue.take(ScheduledThreadPoolExecutor.java:1093)
        at java.util.concurrent.ScheduledThreadPoolExecutor$DelayedWorkQueue.take(ScheduledThreadPoolExecutor.java:809)
        at java.util.concurrent.ThreadPoolExecutor.getTask(ThreadPoolExecutor.java:1074)
        at java.util.concurrent.ThreadPoolExecutor.runWorker(ThreadPoolExecutor.java:1134)
        at java.util.concurrent.ThreadPoolExecutor$Worker.run(ThreadPoolExecutor.java:624)
        at java.lang.Thread.run(Thread.java:750)
"3fdd4c6e-2961-42ba-90d3-b5f169a49f15@group-D71B9630B45A-SegmentedRaftLogWorker"  prio=5 tid=645 timed_waiting
java.lang.Thread.State: TIMED_WAITING
        at sun.misc.Unsafe.park(Native Method)
        at java.util.concurrent.locks.LockSupport.parkNanos(LockSupport.java:215)
        at java.util.concurrent.locks.AbstractQueuedSynchronizer$ConditionObject.awaitNanos(AbstractQueuedSynchronizer.java:2078)
        at org.apache.ratis.util.DataBlockingQueue.poll(DataBlockingQueue.java:148)
        at org.apache.ratis.server.raftlog.segmented.SegmentedRaftLogWorker.run(SegmentedRaftLogWorker.java:310)
        at org.apache.ratis.server.raftlog.segmented.SegmentedRaftLogWorker$$Lambda$665/2132438442.run(Unknown Source)
        at java.lang.Thread.run(Thread.java:750)
"JvmPauseMonitor9" daemon prio=5 tid=548 timed_waiting
java.lang.Thread.State: TIMED_WAITING
        at java.lang.Thread.sleep(Native Method)
        at java.lang.Thread.sleep(Thread.java:342)
        at java.util.concurrent.TimeUnit.sleep(TimeUnit.java:386)
        at org.apache.ratis.util.TimeDuration.sleep(TimeDuration.java:325)
        at org.apache.ratis.util.TimeDuration.sleep(TimeDuration.java:310)
        at org.apache.ratis.util.JvmPauseMonitor.detectPause(JvmPauseMonitor.java:119)
        at org.apache.ratis.util.JvmPauseMonitor.run(JvmPauseMonitor.java:108)
        at org.apache.ratis.util.JvmPauseMonitor$$Lambda$706/19678348.run(Unknown Source)
        at java.lang.Thread.run(Thread.java:750)
"pool-214-thread-1"  prio=5 tid=644 in Object.wait()
java.lang.Thread.State: WAITING (on object monitor)
        at sun.misc.Unsafe.park(Native Method)
        at java.util.concurrent.locks.LockSupport.park(LockSupport.java:175)
        at java.util.concurrent.locks.AbstractQueuedSynchronizer$ConditionObject.await(AbstractQueuedSynchronizer.java:2039)
        at java.util.concurrent.LinkedBlockingQueue.take(LinkedBlockingQueue.java:442)
        at java.util.concurrent.ThreadPoolExecutor.getTask(ThreadPoolExecutor.java:1074)
        at java.util.concurrent.ThreadPoolExecutor.runWorker(ThreadPoolExecutor.java:1134)
        at java.util.concurrent.ThreadPoolExecutor$Worker.run(ThreadPoolExecutor.java:624)
        at java.lang.Thread.run(Thread.java:750)
"pool-295-thread-1"  prio=5 tid=678 in Object.wait()
java.lang.Thread.State: WAITING (on object monitor)
        at sun.misc.Unsafe.park(Native Method)
        at java.util.concurrent.locks.LockSupport.park(LockSupport.java:175)
        at java.util.concurrent.locks.AbstractQueuedSynchronizer$ConditionObject.await(AbstractQueuedSynchronizer.java:2039)
        at java.util.concurrent.LinkedBlockingQueue.take(LinkedBlockingQueue.java:442)
        at java.util.concurrent.ThreadPoolExecutor.getTask(ThreadPoolExecutor.java:1074)
        at java.util.concurrent.ThreadPoolExecutor.runWorker(ThreadPoolExecutor.java:1134)
        at java.util.concurrent.ThreadPoolExecutor$Worker.run(ThreadPoolExecutor.java:624)
        at java.lang.Thread.run(Thread.java:750)
"StaleRecoveringContainerScrubbingService#2" daemon prio=5 tid=912 in Object.wait()
java.lang.Thread.State: WAITING (on object monitor)
        at sun.misc.Unsafe.park(Native Method)
        at java.util.concurrent.locks.LockSupport.park(LockSupport.java:175)
        at java.util.concurrent.locks.AbstractQueuedSynchronizer$ConditionObject.await(AbstractQueuedSynchronizer.java:2039)
        at java.util.concurrent.ScheduledThreadPoolExecutor$DelayedWorkQueue.take(ScheduledThreadPoolExecutor.java:1088)
        at java.util.concurrent.ScheduledThreadPoolExecutor$DelayedWorkQueue.take(ScheduledThreadPoolExecutor.java:809)
        at java.util.concurrent.ThreadPoolExecutor.getTask(ThreadPoolExecutor.java:1074)
        at java.util.concurrent.ThreadPoolExecutor.runWorker(ThreadPoolExecutor.java:1134)
        at java.util.concurrent.ThreadPoolExecutor$Worker.run(ThreadPoolExecutor.java:624)
        at java.lang.Thread.run(Thread.java:750)
"qtp1297043595-190" daemon prio=5 tid=190 timed_waiting
java.lang.Thread.State: TIMED_WAITING
        at sun.misc.Unsafe.park(Native Method)
        at java.util.concurrent.locks.LockSupport.parkNanos(LockSupport.java:215)
        at java.util.concurrent.locks.AbstractQueuedSynchronizer$ConditionObject.awaitNanos(AbstractQueuedSynchronizer.java:2078)
        at org.eclipse.jetty.util.BlockingArrayQueue.poll(BlockingArrayQueue.java:382)
        at org.eclipse.jetty.util.thread.QueuedThreadPool$Runner.idleJobPoll(QueuedThreadPool.java:974)
        at org.eclipse.jetty.util.thread.QueuedThreadPool$Runner.run(QueuedThreadPool.java:1018)
        at java.lang.Thread.run(Thread.java:750)
"FixedThreadPoolWithAffinityExecutor-4-0" daemon prio=5 tid=39 timed_waiting
java.lang.Thread.State: TIMED_WAITING
        at sun.misc.Unsafe.park(Native Method)
        at java.util.concurrent.locks.LockSupport.parkNanos(LockSupport.java:215)
        at java.util.concurrent.locks.AbstractQueuedSynchronizer$ConditionObject.awaitNanos(AbstractQueuedSynchronizer.java:2078)
        at java.util.concurrent.LinkedBlockingQueue.poll(LinkedBlockingQueue.java:467)
        at org.apache.hadoop.hdds.scm.server.ContainerReportQueue.poll(ContainerReportQueue.java:266)
        at org.apache.hadoop.hdds.scm.server.ContainerReportQueue.poll(ContainerReportQueue.java:42)
        at org.apache.hadoop.hdds.server.events.FixedThreadPoolWithAffinityExecutor$ContainerReportProcessTask.run(FixedThreadPoolWithAffinityExecutor.java:218)
        at java.util.concurrent.Executors$RunnableAdapter.call(Executors.java:511)
        at java.util.concurrent.FutureTask.run(FutureTask.java:266)
        at java.util.concurrent.ThreadPoolExecutor.runWorker(ThreadPoolExecutor.java:1149)
        at java.util.concurrent.ThreadPoolExecutor$Worker.run(ThreadPoolExecutor.java:624)
        at java.lang.Thread.run(Thread.java:750)
"qtp1604011014-264" daemon prio=5 tid=264 runnable
java.lang.Thread.State: RUNNABLE
        at sun.nio.ch.EPollArrayWrapper.epollWait(Native Method)
        at sun.nio.ch.EPollArrayWrapper.poll(EPollArrayWrapper.java:269)
        at sun.nio.ch.EPollSelectorImpl.doSelect(EPollSelectorImpl.java:93)
        at sun.nio.ch.SelectorImpl.lockAndDoSelect(SelectorImpl.java:86)
        at sun.nio.ch.SelectorImpl.select(SelectorImpl.java:97)
        at sun.nio.ch.SelectorImpl.select(SelectorImpl.java:101)
        at org.eclipse.jetty.io.ManagedSelector.nioSelect(ManagedSelector.java:183)
        at org.eclipse.jetty.io.ManagedSelector.select(ManagedSelector.java:190)
        at org.eclipse.jetty.io.ManagedSelector$SelectorProducer.select(ManagedSelector.java:606)
        at org.eclipse.jetty.io.ManagedSelector$SelectorProducer.produce(ManagedSelector.java:543)
        at org.eclipse.jetty.util.thread.strategy.EatWhatYouKill.produceTask(EatWhatYouKill.java:362)
        at org.eclipse.jetty.util.thread.strategy.EatWhatYouKill.doProduce(EatWhatYouKill.java:186)
        at org.eclipse.jetty.util.thread.strategy.EatWhatYouKill.tryProduce(EatWhatYouKill.java:173)
        at org.eclipse.jetty.util.thread.strategy.EatWhatYouKill.produce(EatWhatYouKill.java:137)
        at org.eclipse.jetty.io.ManagedSelector$$Lambda$446/1576513034.run(Unknown Source)
        at org.eclipse.jetty.util.thread.QueuedThreadPool.runJob(QueuedThreadPool.java:883)
        at org.eclipse.jetty.util.thread.QueuedThreadPool$Runner.run(QueuedThreadPool.java:1034)
        at java.lang.Thread.run(Thread.java:750)
"FixedThreadPoolWithAffinityExecutor-9-0" daemon prio=5 tid=44 timed_waiting
java.lang.Thread.State: TIMED_WAITING
        at sun.misc.Unsafe.park(Native Method)
        at java.util.concurrent.locks.LockSupport.parkNanos(LockSupport.java:215)
        at java.util.concurrent.locks.AbstractQueuedSynchronizer$ConditionObject.awaitNanos(AbstractQueuedSynchronizer.java:2078)
        at java.util.concurrent.LinkedBlockingQueue.poll(LinkedBlockingQueue.java:467)
        at org.apache.hadoop.hdds.scm.server.ContainerReportQueue.poll(ContainerReportQueue.java:266)
        at org.apache.hadoop.hdds.scm.server.ContainerReportQueue.poll(ContainerReportQueue.java:42)
        at org.apache.hadoop.hdds.server.events.FixedThreadPoolWithAffinityExecutor$ContainerReportProcessTask.run(FixedThreadPoolWithAffinityExecutor.java:218)
        at java.util.concurrent.Executors$RunnableAdapter.call(Executors.java:511)
        at java.util.concurrent.FutureTask.run(FutureTask.java:266)
        at java.util.concurrent.ThreadPoolExecutor.runWorker(ThreadPoolExecutor.java:1149)
        at java.util.concurrent.ThreadPoolExecutor$Worker.run(ThreadPoolExecutor.java:624)
        at java.lang.Thread.run(Thread.java:750)
"81de4557-c158-4718-93a8-b16ff7f8daad@group-EA947C079E8C-SegmentedRaftLogWorker"  prio=5 tid=664 timed_waiting
java.lang.Thread.State: TIMED_WAITING
        at sun.misc.Unsafe.park(Native Method)
        at java.util.concurrent.locks.LockSupport.parkNanos(LockSupport.java:215)
        at java.util.concurrent.locks.AbstractQueuedSynchronizer$ConditionObject.awaitNanos(AbstractQueuedSynchronizer.java:2078)
        at org.apache.ratis.util.DataBlockingQueue.poll(DataBlockingQueue.java:148)
        at org.apache.ratis.server.raftlog.segmented.SegmentedRaftLogWorker.run(SegmentedRaftLogWorker.java:310)
        at org.apache.ratis.server.raftlog.segmented.SegmentedRaftLogWorker$$Lambda$665/2132438442.run(Unknown Source)
        at java.lang.Thread.run(Thread.java:750)
"c56757ad-2923-4297-8741-c606545d9a52@group-60E6F5B2365A-SegmentedRaftLogWorker"  prio=5 tid=600 timed_waiting
java.lang.Thread.State: TIMED_WAITING
        at sun.misc.Unsafe.park(Native Method)
        at java.util.concurrent.locks.LockSupport.parkNanos(LockSupport.java:215)
        at java.util.concurrent.locks.AbstractQueuedSynchronizer$ConditionObject.awaitNanos(AbstractQueuedSynchronizer.java:2078)
        at org.apache.ratis.util.DataBlockingQueue.poll(DataBlockingQueue.java:148)
        at org.apache.ratis.server.raftlog.segmented.SegmentedRaftLogWorker.run(SegmentedRaftLogWorker.java:310)
        at org.apache.ratis.server.raftlog.segmented.SegmentedRaftLogWorker$$Lambda$665/2132438442.run(Unknown Source)
        at java.lang.Thread.run(Thread.java:750)
"c56757ad-2923-4297-8741-c606545d9a52-server-thread2" daemon prio=5 tid=871 timed_waiting
java.lang.Thread.State: TIMED_WAITING
        at sun.misc.Unsafe.park(Native Method)
        at java.util.concurrent.locks.LockSupport.parkNanos(LockSupport.java:215)
        at java.util.concurrent.SynchronousQueue$TransferStack.awaitFulfill(SynchronousQueue.java:460)
        at java.util.concurrent.SynchronousQueue$TransferStack.transfer(SynchronousQueue.java:362)
        at java.util.concurrent.SynchronousQueue.poll(SynchronousQueue.java:941)
        at java.util.concurrent.ThreadPoolExecutor.getTask(ThreadPoolExecutor.java:1073)
        at java.util.concurrent.ThreadPoolExecutor.runWorker(ThreadPoolExecutor.java:1134)
        at java.util.concurrent.ThreadPoolExecutor$Worker.run(ThreadPoolExecutor.java:624)
        at java.lang.Thread.run(Thread.java:750)
"qtp1784709811-295" daemon prio=5 tid=295 timed_waiting
java.lang.Thread.State: TIMED_WAITING
        at sun.misc.Unsafe.park(Native Method)
        at java.util.concurrent.locks.LockSupport.parkNanos(LockSupport.java:215)
        at java.util.concurrent.locks.AbstractQueuedSynchronizer$ConditionObject.awaitNanos(AbstractQueuedSynchronizer.java:2078)
        at org.eclipse.jetty.util.BlockingArrayQueue.poll(BlockingArrayQueue.java:382)
        at org.eclipse.jetty.util.thread.QueuedThreadPool$Runner.idleJobPoll(QueuedThreadPool.java:974)
        at org.eclipse.jetty.util.thread.QueuedThreadPool$Runner.run(QueuedThreadPool.java:1018)
        at java.lang.Thread.run(Thread.java:750)
"Datanode ReportManager Thread - 4" daemon prio=5 tid=419 in Object.wait()
java.lang.Thread.State: WAITING (on object monitor)
        at sun.misc.Unsafe.park(Native Method)
        at java.util.concurrent.locks.LockSupport.park(LockSupport.java:175)
        at java.util.concurrent.locks.AbstractQueuedSynchronizer$ConditionObject.await(AbstractQueuedSynchronizer.java:2039)
        at java.util.concurrent.ScheduledThreadPoolExecutor$DelayedWorkQueue.take(ScheduledThreadPoolExecutor.java:1088)
        at java.util.concurrent.ScheduledThreadPoolExecutor$DelayedWorkQueue.take(ScheduledThreadPoolExecutor.java:809)
        at java.util.concurrent.ThreadPoolExecutor.getTask(ThreadPoolExecutor.java:1074)
        at java.util.concurrent.ThreadPoolExecutor.runWorker(ThreadPoolExecutor.java:1134)
        at java.util.concurrent.ThreadPoolExecutor$Worker.run(ThreadPoolExecutor.java:624)
        at java.lang.Thread.run(Thread.java:750)
"pool-157-thread-1" daemon prio=5 tid=285 timed_waiting
java.lang.Thread.State: TIMED_WAITING
        at sun.misc.Unsafe.park(Native Method)
        at java.util.concurrent.locks.LockSupport.parkNanos(LockSupport.java:215)
        at java.util.concurrent.locks.AbstractQueuedSynchronizer$ConditionObject.awaitNanos(AbstractQueuedSynchronizer.java:2078)
        at java.util.concurrent.ScheduledThreadPoolExecutor$DelayedWorkQueue.take(ScheduledThreadPoolExecutor.java:1093)
        at java.util.concurrent.ScheduledThreadPoolExecutor$DelayedWorkQueue.take(ScheduledThreadPoolExecutor.java:809)
        at java.util.concurrent.ThreadPoolExecutor.getTask(ThreadPoolExecutor.java:1074)
        at java.util.concurrent.ThreadPoolExecutor.runWorker(ThreadPoolExecutor.java:1134)
        at java.util.concurrent.ThreadPoolExecutor$Worker.run(ThreadPoolExecutor.java:624)
        at java.lang.Thread.run(Thread.java:750)
"FixedThreadPoolWithAffinityExecutor-3-0" daemon prio=5 tid=38 timed_waiting
java.lang.Thread.State: TIMED_WAITING
        at sun.misc.Unsafe.park(Native Method)
        at java.util.concurrent.locks.LockSupport.parkNanos(LockSupport.java:215)
        at java.util.concurrent.locks.AbstractQueuedSynchronizer$ConditionObject.awaitNanos(AbstractQueuedSynchronizer.java:2078)
        at java.util.concurrent.LinkedBlockingQueue.poll(LinkedBlockingQueue.java:467)
        at org.apache.hadoop.hdds.scm.server.ContainerReportQueue.poll(ContainerReportQueue.java:266)
        at org.apache.hadoop.hdds.scm.server.ContainerReportQueue.poll(ContainerReportQueue.java:42)
        at org.apache.hadoop.hdds.server.events.FixedThreadPoolWithAffinityExecutor$ContainerReportProcessTask.run(FixedThreadPoolWithAffinityExecutor.java:218)
        at java.util.concurrent.Executors$RunnableAdapter.call(Executors.java:511)
        at java.util.concurrent.FutureTask.run(FutureTask.java:266)
        at java.util.concurrent.ThreadPoolExecutor.runWorker(ThreadPoolExecutor.java:1149)
        at java.util.concurrent.ThreadPoolExecutor$Worker.run(ThreadPoolExecutor.java:624)
        at java.lang.Thread.run(Thread.java:750)
"274c4b45-19e0-452f-8d1e-585a77537937-server-thread3" daemon prio=5 tid=812 timed_waiting
java.lang.Thread.State: TIMED_WAITING
        at sun.misc.Unsafe.park(Native Method)
        at java.util.concurrent.locks.LockSupport.parkNanos(LockSupport.java:215)
        at java.util.concurrent.SynchronousQueue$TransferStack.awaitFulfill(SynchronousQueue.java:460)
        at java.util.concurrent.SynchronousQueue$TransferStack.transfer(SynchronousQueue.java:362)
        at java.util.concurrent.SynchronousQueue.poll(SynchronousQueue.java:941)
        at java.util.concurrent.ThreadPoolExecutor.getTask(ThreadPoolExecutor.java:1073)
        at java.util.concurrent.ThreadPoolExecutor.runWorker(ThreadPoolExecutor.java:1134)
        at java.util.concurrent.ThreadPoolExecutor$Worker.run(ThreadPoolExecutor.java:624)
        at java.lang.Thread.run(Thread.java:750)
"97cc06fc-4025-4c76-bebd-c1d7b79fe413-server-thread3" daemon prio=5 tid=814 timed_waiting
java.lang.Thread.State: TIMED_WAITING
        at sun.misc.Unsafe.park(Native Method)
        at java.util.concurrent.locks.LockSupport.parkNanos(LockSupport.java:215)
        at java.util.concurrent.SynchronousQueue$TransferStack.awaitFulfill(SynchronousQueue.java:460)
        at java.util.concurrent.SynchronousQueue$TransferStack.transfer(SynchronousQueue.java:362)
        at java.util.concurrent.SynchronousQueue.poll(SynchronousQueue.java:941)
        at java.util.concurrent.ThreadPoolExecutor.getTask(ThreadPoolExecutor.java:1073)
        at java.util.concurrent.ThreadPoolExecutor.runWorker(ThreadPoolExecutor.java:1134)
        at java.util.concurrent.ThreadPoolExecutor$Worker.run(ThreadPoolExecutor.java:624)
        at java.lang.Thread.run(Thread.java:750)
"FixedThreadPoolWithAffinityExecutor-0-0" daemon prio=5 tid=35 timed_waiting
java.lang.Thread.State: TIMED_WAITING
        at sun.misc.Unsafe.park(Native Method)
        at java.util.concurrent.locks.LockSupport.parkNanos(LockSupport.java:215)
        at java.util.concurrent.locks.AbstractQueuedSynchronizer$ConditionObject.awaitNanos(AbstractQueuedSynchronizer.java:2078)
        at java.util.concurrent.LinkedBlockingQueue.poll(LinkedBlockingQueue.java:467)
        at org.apache.hadoop.hdds.scm.server.ContainerReportQueue.poll(ContainerReportQueue.java:266)
        at org.apache.hadoop.hdds.scm.server.ContainerReportQueue.poll(ContainerReportQueue.java:42)
        at org.apache.hadoop.hdds.server.events.FixedThreadPoolWithAffinityExecutor$ContainerReportProcessTask.run(FixedThreadPoolWithAffinityExecutor.java:218)
        at java.util.concurrent.Executors$RunnableAdapter.call(Executors.java:511)
        at java.util.concurrent.FutureTask.run(FutureTask.java:266)
        at java.util.concurrent.ThreadPoolExecutor.runWorker(ThreadPoolExecutor.java:1149)
        at java.util.concurrent.ThreadPoolExecutor$Worker.run(ThreadPoolExecutor.java:624)
        at java.lang.Thread.run(Thread.java:750)
"BlockDeletingService#2" daemon prio=5 tid=914 in Object.wait()
java.lang.Thread.State: WAITING (on object monitor)
        at sun.misc.Unsafe.park(Native Method)
        at java.util.concurrent.locks.LockSupport.park(LockSupport.java:175)
        at java.util.concurrent.locks.AbstractQueuedSynchronizer$ConditionObject.await(AbstractQueuedSynchronizer.java:2039)
        at java.util.concurrent.ScheduledThreadPoolExecutor$DelayedWorkQueue.take(ScheduledThreadPoolExecutor.java:1088)
        at java.util.concurrent.ScheduledThreadPoolExecutor$DelayedWorkQueue.take(ScheduledThreadPoolExecutor.java:809)
        at java.util.concurrent.ThreadPoolExecutor.getTask(ThreadPoolExecutor.java:1074)
        at java.util.concurrent.ThreadPoolExecutor.runWorker(ThreadPoolExecutor.java:1134)
        at java.util.concurrent.ThreadPoolExecutor$Worker.run(ThreadPoolExecutor.java:624)
        at java.lang.Thread.run(Thread.java:750)
"Datanode ReportManager Thread - 1" daemon prio=5 tid=454 in Object.wait()
java.lang.Thread.State: WAITING (on object monitor)
        at sun.misc.Unsafe.park(Native Method)
        at java.util.concurrent.locks.LockSupport.park(LockSupport.java:175)
        at java.util.concurrent.locks.AbstractQueuedSynchronizer$ConditionObject.await(AbstractQueuedSynchronizer.java:2039)
        at java.util.concurrent.ScheduledThreadPoolExecutor$DelayedWorkQueue.take(ScheduledThreadPoolExecutor.java:1088)
        at java.util.concurrent.ScheduledThreadPoolExecutor$DelayedWorkQueue.take(ScheduledThreadPoolExecutor.java:809)
        at java.util.concurrent.ThreadPoolExecutor.getTask(ThreadPoolExecutor.java:1074)
        at java.util.concurrent.ThreadPoolExecutor.runWorker(ThreadPoolExecutor.java:1134)
        at java.util.concurrent.ThreadPoolExecutor$Worker.run(ThreadPoolExecutor.java:624)
        at java.lang.Thread.run(Thread.java:750)
"Datanode State Machine Task Thread - 1"  prio=5 tid=385 in Object.wait()
java.lang.Thread.State: WAITING (on object monitor)
        at sun.misc.Unsafe.park(Native Method)
        at java.util.concurrent.locks.LockSupport.park(LockSupport.java:175)
        at java.util.concurrent.locks.AbstractQueuedSynchronizer$ConditionObject.await(AbstractQueuedSynchronizer.java:2039)
        at java.util.concurrent.LinkedBlockingQueue.take(LinkedBlockingQueue.java:442)
        at java.util.concurrent.ThreadPoolExecutor.getTask(ThreadPoolExecutor.java:1074)
        at java.util.concurrent.ThreadPoolExecutor.runWorker(ThreadPoolExecutor.java:1134)
        at java.util.concurrent.ThreadPoolExecutor$Worker.run(ThreadPoolExecutor.java:624)
        at java.lang.Thread.run(Thread.java:750)
"Session-HouseKeeper-69b45d36-1"  prio=5 tid=246 timed_waiting
java.lang.Thread.State: TIMED_WAITING
        at sun.misc.Unsafe.park(Native Method)
        at java.util.concurrent.locks.LockSupport.parkNanos(LockSupport.java:215)
        at java.util.concurrent.locks.AbstractQueuedSynchronizer$ConditionObject.awaitNanos(AbstractQueuedSynchronizer.java:2078)
        at java.util.concurrent.ScheduledThreadPoolExecutor$DelayedWorkQueue.take(ScheduledThreadPoolExecutor.java:1093)
        at java.util.concurrent.ScheduledThreadPoolExecutor$DelayedWorkQueue.take(ScheduledThreadPoolExecutor.java:809)
        at java.util.concurrent.ThreadPoolExecutor.getTask(ThreadPoolExecutor.java:1074)
        at java.util.concurrent.ThreadPoolExecutor.runWorker(ThreadPoolExecutor.java:1134)
        at java.util.concurrent.ThreadPoolExecutor$Worker.run(ThreadPoolExecutor.java:624)
        at java.lang.Thread.run(Thread.java:750)
"BlockDeletingService#0" daemon prio=5 tid=448 in Object.wait()
java.lang.Thread.State: WAITING (on object monitor)
        at sun.misc.Unsafe.park(Native Method)
        at java.util.concurrent.locks.LockSupport.park(LockSupport.java:175)
        at java.util.concurrent.locks.AbstractQueuedSynchronizer$ConditionObject.await(AbstractQueuedSynchronizer.java:2039)
        at java.util.concurrent.ScheduledThreadPoolExecutor$DelayedWorkQueue.take(ScheduledThreadPoolExecutor.java:1088)
        at java.util.concurrent.ScheduledThreadPoolExecutor$DelayedWorkQueue.take(ScheduledThreadPoolExecutor.java:809)
        at java.util.concurrent.ThreadPoolExecutor.getTask(ThreadPoolExecutor.java:1074)
        at java.util.concurrent.ThreadPoolExecutor.runWorker(ThreadPoolExecutor.java:1134)
        at java.util.concurrent.ThreadPoolExecutor$Worker.run(ThreadPoolExecutor.java:624)
        at java.lang.Thread.run(Thread.java:750)
"3fdd4c6e-2961-42ba-90d3-b5f169a49f15@group-D71B9630B45A-LeaderStateImpl" daemon prio=5 tid=739 timed_waiting
java.lang.Thread.State: TIMED_WAITING
        at sun.misc.Unsafe.park(Native Method)
        at java.util.concurrent.locks.LockSupport.parkNanos(LockSupport.java:215)
        at java.util.concurrent.locks.AbstractQueuedSynchronizer$ConditionObject.awaitNanos(AbstractQueuedSynchronizer.java:2078)
        at java.util.concurrent.ArrayBlockingQueue.poll(ArrayBlockingQueue.java:418)
        at org.apache.ratis.server.impl.LeaderStateImpl$EventQueue.poll(LeaderStateImpl.java:159)
        at org.apache.ratis.server.impl.LeaderStateImpl$EventProcessor.run(LeaderStateImpl.java:630)
"org.apache.hadoop.ozone.container.common.statemachine.commandhandler.DeleteBlocksCommandHandler$DeleteCmdWorker@2c542a2a" daemon prio=5 tid=236 timed_waiting
java.lang.Thread.State: TIMED_WAITING
        at java.lang.Thread.sleep(Native Method)
        at org.apache.hadoop.ozone.container.common.statemachine.commandhandler.DeleteBlocksCommandHandler$DeleteCmdWorker.run(DeleteBlocksCommandHandler.java:183)
        at java.lang.Thread.run(Thread.java:750)
"IPC Server handler 15 on default port 34339" daemon prio=5 tid=62 timed_waiting
java.lang.Thread.State: TIMED_WAITING
        at sun.misc.Unsafe.park(Native Method)
        at java.util.concurrent.locks.LockSupport.parkNanos(LockSupport.java:215)
        at java.util.concurrent.locks.AbstractQueuedSynchronizer$ConditionObject.awaitNanos(AbstractQueuedSynchronizer.java:2078)
        at java.util.concurrent.LinkedBlockingQueue.poll(LinkedBlockingQueue.java:467)
        at org.apache.hadoop.ipc.CallQueueManager.take(CallQueueManager.java:317)
        at org.apache.hadoop.ipc.Server$Handler.run(Server.java:2942)
"ChunkWriter-1-0" daemon prio=5 tid=338 in Object.wait()
java.lang.Thread.State: WAITING (on object monitor)
        at sun.misc.Unsafe.park(Native Method)
        at java.util.concurrent.locks.LockSupport.park(LockSupport.java:175)
        at java.util.concurrent.locks.AbstractQueuedSynchronizer$ConditionObject.await(AbstractQueuedSynchronizer.java:2039)
        at java.util.concurrent.LinkedBlockingDeque.takeFirst(LinkedBlockingDeque.java:492)
        at java.util.concurrent.LinkedBlockingDeque.take(LinkedBlockingDeque.java:680)
        at java.util.concurrent.ThreadPoolExecutor.getTask(ThreadPoolExecutor.java:1074)
        at java.util.concurrent.ThreadPoolExecutor.runWorker(ThreadPoolExecutor.java:1134)
        at java.util.concurrent.ThreadPoolExecutor$Worker.run(ThreadPoolExecutor.java:624)
        at java.lang.Thread.run(Thread.java:750)
"qtp1308741443-213-acceptor-0@3d1d4538-ServerConnector@74409dc9{HTTP/1.1, (http/1.1)}{0.0.0.0:45987}" daemon prio=3 tid=213 runnable
java.lang.Thread.State: RUNNABLE
        at sun.nio.ch.ServerSocketChannelImpl.accept0(Native Method)
        at sun.nio.ch.ServerSocketChannelImpl.accept(ServerSocketChannelImpl.java:421)
        at sun.nio.ch.ServerSocketChannelImpl.accept(ServerSocketChannelImpl.java:249)
        at org.eclipse.jetty.server.ServerConnector.accept(ServerConnector.java:388)
        at org.eclipse.jetty.server.AbstractConnector$Acceptor.run(AbstractConnector.java:704)
        at org.eclipse.jetty.util.thread.QueuedThreadPool.runJob(QueuedThreadPool.java:883)
        at org.eclipse.jetty.util.thread.QueuedThreadPool$Runner.run(QueuedThreadPool.java:1034)
        at java.lang.Thread.run(Thread.java:750)
"ChunkReader-0" daemon prio=5 tid=760 in Object.wait()
java.lang.Thread.State: WAITING (on object monitor)
        at sun.misc.Unsafe.park(Native Method)
        at java.util.concurrent.locks.LockSupport.park(LockSupport.java:175)
        at java.util.concurrent.locks.AbstractQueuedSynchronizer$ConditionObject.await(AbstractQueuedSynchronizer.java:2039)
        at java.util.concurrent.LinkedBlockingQueue.take(LinkedBlockingQueue.java:442)
        at java.util.concurrent.ThreadPoolExecutor.getTask(ThreadPoolExecutor.java:1074)
        at java.util.concurrent.ThreadPoolExecutor.runWorker(ThreadPoolExecutor.java:1134)
        at java.util.concurrent.ThreadPoolExecutor$Worker.run(ThreadPoolExecutor.java:624)
        at java.lang.Thread.run(Thread.java:750)
"surefire-forkedjvm-command-thread" daemon prio=5 tid=10 runnable
java.lang.Thread.State: RUNNABLE
        at java.io.FileInputStream.readBytes(Native Method)
        at java.io.FileInputStream.read(FileInputStream.java:255)
        at java.io.BufferedInputStream.read1(BufferedInputStream.java:284)
        at java.io.BufferedInputStream.read(BufferedInputStream.java:345)
        at java.io.BufferedInputStream.fill(BufferedInputStream.java:246)
        at java.io.BufferedInputStream.read1(BufferedInputStream.java:286)
        at java.io.BufferedInputStream.read(BufferedInputStream.java:345)
        at org.apache.maven.surefire.api.util.internal.Channels$3.readImpl(Channels.java:214)
        at org.apache.maven.surefire.api.util.internal.AbstractNoninterruptibleReadableChannel.read(AbstractNoninterruptibleReadableChannel.java:54)
        at org.apache.maven.surefire.booter.spi.LegacyMasterProcessChannelDecoder.decode(LegacyMasterProcessChannelDecoder.java:80)
        at org.apache.maven.surefire.booter.CommandReader$CommandRunnable.run(CommandReader.java:343)
        at java.lang.Thread.run(Thread.java:750)
"qtp1815599816-396" daemon prio=5 tid=396 runnable
java.lang.Thread.State: RUNNABLE
        at sun.nio.ch.EPollArrayWrapper.epollWait(Native Method)
        at sun.nio.ch.EPollArrayWrapper.poll(EPollArrayWrapper.java:269)
        at sun.nio.ch.EPollSelectorImpl.doSelect(EPollSelectorImpl.java:93)
        at sun.nio.ch.SelectorImpl.lockAndDoSelect(SelectorImpl.java:86)
        at sun.nio.ch.SelectorImpl.select(SelectorImpl.java:97)
        at sun.nio.ch.SelectorImpl.select(SelectorImpl.java:101)
        at org.eclipse.jetty.io.ManagedSelector.nioSelect(ManagedSelector.java:183)
        at org.eclipse.jetty.io.ManagedSelector.select(ManagedSelector.java:190)
        at org.eclipse.jetty.io.ManagedSelector$SelectorProducer.select(ManagedSelector.java:606)
        at org.eclipse.jetty.io.ManagedSelector$SelectorProducer.produce(ManagedSelector.java:543)
        at org.eclipse.jetty.util.thread.strategy.EatWhatYouKill.produceTask(EatWhatYouKill.java:362)
        at org.eclipse.jetty.util.thread.strategy.EatWhatYouKill.doProduce(EatWhatYouKill.java:186)
        at org.eclipse.jetty.util.thread.strategy.EatWhatYouKill.tryProduce(EatWhatYouKill.java:173)
        at org.eclipse.jetty.util.thread.strategy.EatWhatYouKill.produce(EatWhatYouKill.java:137)
        at org.eclipse.jetty.io.ManagedSelector$$Lambda$446/1576513034.run(Unknown Source)
        at org.eclipse.jetty.util.thread.QueuedThreadPool.runJob(QueuedThreadPool.java:883)
        at org.eclipse.jetty.util.thread.QueuedThreadPool$Runner.run(QueuedThreadPool.java:1034)
        at java.lang.Thread.run(Thread.java:750)
"81de4557-c158-4718-93a8-b16ff7f8daad@group-D5EC486ECE4F-FollowerState" daemon prio=5 tid=829 timed_waiting
java.lang.Thread.State: TIMED_WAITING
        at java.lang.Thread.sleep(Native Method)
        at java.lang.Thread.sleep(Thread.java:342)
        at java.util.concurrent.TimeUnit.sleep(TimeUnit.java:386)
        at org.apache.ratis.util.TimeDuration.sleep(TimeDuration.java:325)
        at org.apache.ratis.util.TimeDuration.sleep(TimeDuration.java:310)
        at org.apache.ratis.server.impl.FollowerState.run(FollowerState.java:128)
"81de4557-c158-4718-93a8-b16ff7f8daad@group-D5EC486ECE4F-StateMachineUpdater" daemon prio=5 tid=659 timed_waiting
java.lang.Thread.State: TIMED_WAITING
        at sun.misc.Unsafe.park(Native Method)
        at java.util.concurrent.locks.LockSupport.parkNanos(LockSupport.java:215)
        at java.util.concurrent.CompletableFuture$Signaller.block(CompletableFuture.java:1709)
        at java.util.concurrent.ForkJoinPool.managedBlock(ForkJoinPool.java:3323)
        at java.util.concurrent.CompletableFuture.timedGet(CompletableFuture.java:1788)
        at java.util.concurrent.CompletableFuture.get(CompletableFuture.java:1928)
        at org.apache.ratis.util.AwaitForSignal.await(AwaitForSignal.java:56)
        at org.apache.ratis.server.impl.StateMachineUpdater.waitForCommit(StateMachineUpdater.java:207)
        at org.apache.ratis.server.impl.StateMachineUpdater.run(StateMachineUpdater.java:176)
        at java.lang.Thread.run(Thread.java:750)
"EventQueue-CloseContainerForCloseContainerEventHandler" daemon prio=5 tid=816 in Object.wait()
java.lang.Thread.State: WAITING (on object monitor)
        at sun.misc.Unsafe.park(Native Method)
        at java.util.concurrent.locks.LockSupport.park(LockSupport.java:175)
        at java.util.concurrent.locks.AbstractQueuedSynchronizer$ConditionObject.await(AbstractQueuedSynchronizer.java:2039)
        at java.util.concurrent.LinkedBlockingQueue.take(LinkedBlockingQueue.java:442)
        at java.util.concurrent.ThreadPoolExecutor.getTask(ThreadPoolExecutor.java:1074)
        at java.util.concurrent.ThreadPoolExecutor.runWorker(ThreadPoolExecutor.java:1134)
        at java.util.concurrent.ThreadPoolExecutor$Worker.run(ThreadPoolExecutor.java:624)
        at java.lang.Thread.run(Thread.java:750)
"44bea1f4-43dd-4415-bb4e-4e9896dd68f6@group-D5EC486ECE4F-SegmentedRaftLogWorker"  prio=5 tid=652 timed_waiting
java.lang.Thread.State: TIMED_WAITING
        at sun.misc.Unsafe.park(Native Method)
        at java.util.concurrent.locks.LockSupport.parkNanos(LockSupport.java:215)
        at java.util.concurrent.locks.AbstractQueuedSynchronizer$ConditionObject.awaitNanos(AbstractQueuedSynchronizer.java:2078)
        at org.apache.ratis.util.DataBlockingQueue.poll(DataBlockingQueue.java:148)
        at org.apache.ratis.server.raftlog.segmented.SegmentedRaftLogWorker.run(SegmentedRaftLogWorker.java:310)
        at org.apache.ratis.server.raftlog.segmented.SegmentedRaftLogWorker$$Lambda$665/2132438442.run(Unknown Source)
        at java.lang.Thread.run(Thread.java:750)
"c56757ad-2923-4297-8741-c606545d9a52@group-4C9F1E15A7B6-SegmentedRaftLogWorker"  prio=5 tid=604 timed_waiting
java.lang.Thread.State: TIMED_WAITING
        at sun.misc.Unsafe.park(Native Method)
        at java.util.concurrent.locks.LockSupport.parkNanos(LockSupport.java:215)
        at java.util.concurrent.locks.AbstractQueuedSynchronizer$ConditionObject.awaitNanos(AbstractQueuedSynchronizer.java:2078)
        at org.apache.ratis.util.DataBlockingQueue.poll(DataBlockingQueue.java:148)
        at org.apache.ratis.server.raftlog.segmented.SegmentedRaftLogWorker.run(SegmentedRaftLogWorker.java:310)
        at org.apache.ratis.server.raftlog.segmented.SegmentedRaftLogWorker$$Lambda$665/2132438442.run(Unknown Source)
        at java.lang.Thread.run(Thread.java:750)
"IPC Server handler 5 on default port 34173" daemon prio=5 tid=92 timed_waiting
java.lang.Thread.State: TIMED_WAITING
        at sun.misc.Unsafe.park(Native Method)
        at java.util.concurrent.locks.LockSupport.parkNanos(LockSupport.java:215)
        at java.util.concurrent.locks.AbstractQueuedSynchronizer$ConditionObject.awaitNanos(AbstractQueuedSynchronizer.java:2078)
        at java.util.concurrent.LinkedBlockingQueue.poll(LinkedBlockingQueue.java:467)
        at org.apache.hadoop.ipc.CallQueueManager.take(CallQueueManager.java:317)
        at org.apache.hadoop.ipc.Server$Handler.run(Server.java:2942)
"3fdd4c6e-2961-42ba-90d3-b5f169a49f15@group-EA947C079E8C-StateMachineUpdater" daemon prio=5 tid=663 timed_waiting
java.lang.Thread.State: TIMED_WAITING
        at sun.misc.Unsafe.park(Native Method)
        at java.util.concurrent.locks.LockSupport.parkNanos(LockSupport.java:215)
        at java.util.concurrent.CompletableFuture$Signaller.block(CompletableFuture.java:1709)
        at java.util.concurrent.ForkJoinPool.managedBlock(ForkJoinPool.java:3323)
        at java.util.concurrent.CompletableFuture.timedGet(CompletableFuture.java:1788)
        at java.util.concurrent.CompletableFuture.get(CompletableFuture.java:1928)
        at org.apache.ratis.util.AwaitForSignal.await(AwaitForSignal.java:56)
        at org.apache.ratis.server.impl.StateMachineUpdater.waitForCommit(StateMachineUpdater.java:207)
        at org.apache.ratis.server.impl.StateMachineUpdater.run(StateMachineUpdater.java:176)
        at java.lang.Thread.run(Thread.java:750)
"ChunkWriter-2-0" daemon prio=5 tid=534 in Object.wait()
java.lang.Thread.State: WAITING (on object monitor)
        at sun.misc.Unsafe.park(Native Method)
        at java.util.concurrent.locks.LockSupport.park(LockSupport.java:175)
        at java.util.concurrent.locks.AbstractQueuedSynchronizer$ConditionObject.await(AbstractQueuedSynchronizer.java:2039)
        at java.util.concurrent.LinkedBlockingDeque.takeFirst(LinkedBlockingDeque.java:492)
        at java.util.concurrent.LinkedBlockingDeque.take(LinkedBlockingDeque.java:680)
        at java.util.concurrent.ThreadPoolExecutor.getTask(ThreadPoolExecutor.java:1074)
        at java.util.concurrent.ThreadPoolExecutor.runWorker(ThreadPoolExecutor.java:1134)
        at java.util.concurrent.ThreadPoolExecutor$Worker.run(ThreadPoolExecutor.java:624)
        at java.lang.Thread.run(Thread.java:750)
"BlockDeletingService#1" daemon prio=5 tid=540 timed_waiting
java.lang.Thread.State: TIMED_WAITING
        at sun.misc.Unsafe.park(Native Method)
        at java.util.concurrent.locks.LockSupport.parkNanos(LockSupport.java:215)
        at java.util.concurrent.locks.AbstractQueuedSynchronizer$ConditionObject.awaitNanos(AbstractQueuedSynchronizer.java:2078)
        at java.util.concurrent.ScheduledThreadPoolExecutor$DelayedWorkQueue.take(ScheduledThreadPoolExecutor.java:1093)
        at java.util.concurrent.ScheduledThreadPoolExecutor$DelayedWorkQueue.take(ScheduledThreadPoolExecutor.java:809)
        at java.util.concurrent.ThreadPoolExecutor.getTask(ThreadPoolExecutor.java:1074)
        at java.util.concurrent.ThreadPoolExecutor.runWorker(ThreadPoolExecutor.java:1134)
        at java.util.concurrent.ThreadPoolExecutor$Worker.run(ThreadPoolExecutor.java:624)
        at java.lang.Thread.run(Thread.java:750)
"ChunkReader-ELG-0" daemon prio=5 tid=549 runnable
java.lang.Thread.State: RUNNABLE
        at org.apache.ratis.thirdparty.io.netty.channel.epoll.Native.epollWait(Native Method)
        at org.apache.ratis.thirdparty.io.netty.channel.epoll.Native.epollWait(Native.java:209)
        at org.apache.ratis.thirdparty.io.netty.channel.epoll.Native.epollWait(Native.java:202)
        at org.apache.ratis.thirdparty.io.netty.channel.epoll.EpollEventLoop.epollWaitNoTimerChange(EpollEventLoop.java:294)
        at org.apache.ratis.thirdparty.io.netty.channel.epoll.EpollEventLoop.run(EpollEventLoop.java:351)
        at org.apache.ratis.thirdparty.io.netty.util.concurrent.SingleThreadEventExecutor$4.run(SingleThreadEventExecutor.java:995)
        at org.apache.ratis.thirdparty.io.netty.util.internal.ThreadExecutorMap$2.run(ThreadExecutorMap.java:74)
        at java.lang.Thread.run(Thread.java:750)
"3fdd4c6e-2961-42ba-90d3-b5f169a49f15@group-D5EC486ECE4F->81de4557-c158-4718-93a8-b16ff7f8daad-GrpcLogAppender-LogAppenderDaemon" daemon prio=5 tid=831 timed_waiting
java.lang.Thread.State: TIMED_WAITING
        at sun.misc.Unsafe.park(Native Method)
        at java.util.concurrent.locks.LockSupport.parkNanos(LockSupport.java:215)
        at java.util.concurrent.CompletableFuture$Signaller.block(CompletableFuture.java:1709)
        at java.util.concurrent.ForkJoinPool.managedBlock(ForkJoinPool.java:3323)
        at java.util.concurrent.CompletableFuture.timedGet(CompletableFuture.java:1788)
        at java.util.concurrent.CompletableFuture.get(CompletableFuture.java:1928)
        at org.apache.ratis.util.AwaitForSignal.await(AwaitForSignal.java:56)
        at org.apache.ratis.grpc.server.GrpcLogAppender.mayWait(GrpcLogAppender.java:198)
        at org.apache.ratis.grpc.server.GrpcLogAppender.run(GrpcLogAppender.java:148)
        at org.apache.ratis.server.leader.LogAppenderDaemon.run(LogAppenderDaemon.java:78)
        at org.apache.ratis.server.leader.LogAppenderDaemon$$Lambda$1043/1122129781.run(Unknown Source)
        at java.lang.Thread.run(Thread.java:750)
"IPC Server idle connection scanner for port 34735" daemon prio=5 tid=132 timed_waiting
java.lang.Thread.State: TIMED_WAITING
        at java.lang.Object.wait(Native Method)
        at java.util.TimerThread.mainLoop(Timer.java:552)
        at java.util.TimerThread.run(Timer.java:505)
"IPC Server handler 14 on default port 34173" daemon prio=5 tid=101 timed_waiting
java.lang.Thread.State: TIMED_WAITING
        at sun.misc.Unsafe.park(Native Method)
        at java.util.concurrent.locks.LockSupport.parkNanos(LockSupport.java:215)
        at java.util.concurrent.locks.AbstractQueuedSynchronizer$ConditionObject.awaitNanos(AbstractQueuedSynchronizer.java:2078)
        at java.util.concurrent.LinkedBlockingQueue.poll(LinkedBlockingQueue.java:467)
        at org.apache.hadoop.ipc.CallQueueManager.take(CallQueueManager.java:317)
        at org.apache.hadoop.ipc.Server$Handler.run(Server.java:2942)
"Periodic HDDS volume checker" daemon prio=5 tid=388 timed_waiting
java.lang.Thread.State: TIMED_WAITING
        at sun.misc.Unsafe.park(Native Method)
        at java.util.concurrent.locks.LockSupport.parkNanos(LockSupport.java:215)
        at java.util.concurrent.locks.AbstractQueuedSynchronizer$ConditionObject.awaitNanos(AbstractQueuedSynchronizer.java:2078)
        at java.util.concurrent.ScheduledThreadPoolExecutor$DelayedWorkQueue.take(ScheduledThreadPoolExecutor.java:1093)
        at java.util.concurrent.ScheduledThreadPoolExecutor$DelayedWorkQueue.take(ScheduledThreadPoolExecutor.java:809)
        at java.util.concurrent.ThreadPoolExecutor.getTask(ThreadPoolExecutor.java:1074)
        at java.util.concurrent.ThreadPoolExecutor.runWorker(ThreadPoolExecutor.java:1134)
        at java.util.concurrent.ThreadPoolExecutor$Worker.run(ThreadPoolExecutor.java:624)
        at java.lang.Thread.run(Thread.java:750)
"ChunkWriter-2-0" daemon prio=5 tid=444 in Object.wait()
java.lang.Thread.State: WAITING (on object monitor)
        at sun.misc.Unsafe.park(Native Method)
        at java.util.concurrent.locks.LockSupport.park(LockSupport.java:175)
        at java.util.concurrent.locks.AbstractQueuedSynchronizer$ConditionObject.await(AbstractQueuedSynchronizer.java:2039)
        at java.util.concurrent.LinkedBlockingDeque.takeFirst(LinkedBlockingDeque.java:492)
        at java.util.concurrent.LinkedBlockingDeque.take(LinkedBlockingDeque.java:680)
        at java.util.concurrent.ThreadPoolExecutor.getTask(ThreadPoolExecutor.java:1074)
        at java.util.concurrent.ThreadPoolExecutor.runWorker(ThreadPoolExecutor.java:1134)
        at java.util.concurrent.ThreadPoolExecutor$Worker.run(ThreadPoolExecutor.java:624)
        at java.lang.Thread.run(Thread.java:750)
"pool-31-thread-1"  prio=5 tid=109 timed_waiting
java.lang.Thread.State: TIMED_WAITING
        at sun.misc.Unsafe.park(Native Method)
        at java.util.concurrent.locks.LockSupport.parkNanos(LockSupport.java:215)
        at java.util.concurrent.locks.AbstractQueuedSynchronizer$ConditionObject.awaitNanos(AbstractQueuedSynchronizer.java:2078)
        at java.util.concurrent.ScheduledThreadPoolExecutor$DelayedWorkQueue.take(ScheduledThreadPoolExecutor.java:1093)
        at java.util.concurrent.ScheduledThreadPoolExecutor$DelayedWorkQueue.take(ScheduledThreadPoolExecutor.java:809)
        at java.util.concurrent.ThreadPoolExecutor.getTask(ThreadPoolExecutor.java:1074)
        at java.util.concurrent.ThreadPoolExecutor.runWorker(ThreadPoolExecutor.java:1134)
        at java.util.concurrent.ThreadPoolExecutor$Worker.run(ThreadPoolExecutor.java:624)
        at java.lang.Thread.run(Thread.java:750)
"97cc06fc-4025-4c76-bebd-c1d7b79fe413@group-D28A8C342F3E-SegmentedRaftLogWorker"  prio=5 tid=579 timed_waiting
java.lang.Thread.State: TIMED_WAITING
        at sun.misc.Unsafe.park(Native Method)
        at java.util.concurrent.locks.LockSupport.parkNanos(LockSupport.java:215)
        at java.util.concurrent.locks.AbstractQueuedSynchronizer$ConditionObject.awaitNanos(AbstractQueuedSynchronizer.java:2078)
        at org.apache.ratis.util.DataBlockingQueue.poll(DataBlockingQueue.java:148)
        at org.apache.ratis.server.raftlog.segmented.SegmentedRaftLogWorker.run(SegmentedRaftLogWorker.java:310)
        at org.apache.ratis.server.raftlog.segmented.SegmentedRaftLogWorker$$Lambda$665/2132438442.run(Unknown Source)
        at java.lang.Thread.run(Thread.java:750)
"JvmPauseMonitor4" daemon prio=5 tid=446 timed_waiting
java.lang.Thread.State: TIMED_WAITING
        at java.lang.Thread.sleep(Native Method)
        at java.lang.Thread.sleep(Thread.java:342)
        at java.util.concurrent.TimeUnit.sleep(TimeUnit.java:386)
        at org.apache.ratis.util.TimeDuration.sleep(TimeDuration.java:325)
        at org.apache.ratis.util.TimeDuration.sleep(TimeDuration.java:310)
        at org.apache.ratis.util.JvmPauseMonitor.detectPause(JvmPauseMonitor.java:119)
        at org.apache.ratis.util.JvmPauseMonitor.run(JvmPauseMonitor.java:108)
        at org.apache.ratis.util.JvmPauseMonitor$$Lambda$706/19678348.run(Unknown Source)
        at java.lang.Thread.run(Thread.java:750)
"IPC Server handler 0 on default port 34173" daemon prio=5 tid=87 timed_waiting
java.lang.Thread.State: TIMED_WAITING
        at sun.misc.Unsafe.park(Native Method)
        at java.util.concurrent.locks.LockSupport.parkNanos(LockSupport.java:215)
        at java.util.concurrent.locks.AbstractQueuedSynchronizer$ConditionObject.awaitNanos(AbstractQueuedSynchronizer.java:2078)
        at java.util.concurrent.LinkedBlockingQueue.poll(LinkedBlockingQueue.java:467)
        at org.apache.hadoop.ipc.CallQueueManager.take(CallQueueManager.java:317)
        at org.apache.hadoop.ipc.Server$Handler.run(Server.java:2942)
"JvmPauseMonitor10" daemon prio=5 tid=561 timed_waiting
java.lang.Thread.State: TIMED_WAITING
        at java.lang.Thread.sleep(Native Method)
        at java.lang.Thread.sleep(Thread.java:342)
        at java.util.concurrent.TimeUnit.sleep(TimeUnit.java:386)
        at org.apache.ratis.util.TimeDuration.sleep(TimeDuration.java:325)
        at org.apache.ratis.util.TimeDuration.sleep(TimeDuration.java:310)
        at org.apache.ratis.util.JvmPauseMonitor.detectPause(JvmPauseMonitor.java:119)
        at org.apache.ratis.util.JvmPauseMonitor.run(JvmPauseMonitor.java:108)
        at org.apache.ratis.util.JvmPauseMonitor$$Lambda$706/19678348.run(Unknown Source)
        at java.lang.Thread.run(Thread.java:750)
"c56757ad-2923-4297-8741-c606545d9a52@group-B6D24B272EC8-SegmentedRaftLogWorker"  prio=5 tid=588 timed_waiting
java.lang.Thread.State: TIMED_WAITING
        at sun.misc.Unsafe.park(Native Method)
        at java.util.concurrent.locks.LockSupport.parkNanos(LockSupport.java:215)
        at java.util.concurrent.locks.AbstractQueuedSynchronizer$ConditionObject.awaitNanos(AbstractQueuedSynchronizer.java:2078)
        at org.apache.ratis.util.DataBlockingQueue.poll(DataBlockingQueue.java:148)
        at org.apache.ratis.server.raftlog.segmented.SegmentedRaftLogWorker.run(SegmentedRaftLogWorker.java:310)
        at org.apache.ratis.server.raftlog.segmented.SegmentedRaftLogWorker$$Lambda$665/2132438442.run(Unknown Source)
        at java.lang.Thread.run(Thread.java:750)
"ChunkWriter-3-0" daemon prio=5 tid=480 in Object.wait()
java.lang.Thread.State: WAITING (on object monitor)
        at sun.misc.Unsafe.park(Native Method)
        at java.util.concurrent.locks.LockSupport.park(LockSupport.java:175)
        at java.util.concurrent.locks.AbstractQueuedSynchronizer$ConditionObject.await(AbstractQueuedSynchronizer.java:2039)
        at java.util.concurrent.LinkedBlockingDeque.takeFirst(LinkedBlockingDeque.java:492)
        at java.util.concurrent.LinkedBlockingDeque.take(LinkedBlockingDeque.java:680)
        at java.util.concurrent.ThreadPoolExecutor.getTask(ThreadPoolExecutor.java:1074)
        at java.util.concurrent.ThreadPoolExecutor.runWorker(ThreadPoolExecutor.java:1134)
        at java.util.concurrent.ThreadPoolExecutor$Worker.run(ThreadPoolExecutor.java:624)
        at java.lang.Thread.run(Thread.java:750)
"Session-HouseKeeper-55a60b34-1"  prio=5 tid=272 timed_waiting
java.lang.Thread.State: TIMED_WAITING
        at sun.misc.Unsafe.park(Native Method)
        at java.util.concurrent.locks.LockSupport.parkNanos(LockSupport.java:215)
        at java.util.concurrent.locks.AbstractQueuedSynchronizer$ConditionObject.awaitNanos(AbstractQueuedSynchronizer.java:2078)
        at java.util.concurrent.ScheduledThreadPoolExecutor$DelayedWorkQueue.take(ScheduledThreadPoolExecutor.java:1093)
        at java.util.concurrent.ScheduledThreadPoolExecutor$DelayedWorkQueue.take(ScheduledThreadPoolExecutor.java:809)
        at java.util.concurrent.ThreadPoolExecutor.getTask(ThreadPoolExecutor.java:1074)
        at java.util.concurrent.ThreadPoolExecutor.runWorker(ThreadPoolExecutor.java:1134)
        at java.util.concurrent.ThreadPoolExecutor$Worker.run(ThreadPoolExecutor.java:624)
        at java.lang.Thread.run(Thread.java:750)
"FixedThreadPoolWithAffinityExecutor-6-0" daemon prio=5 tid=41 timed_waiting
java.lang.Thread.State: TIMED_WAITING
        at sun.misc.Unsafe.park(Native Method)
        at java.util.concurrent.locks.LockSupport.parkNanos(LockSupport.java:215)
        at java.util.concurrent.locks.AbstractQueuedSynchronizer$ConditionObject.awaitNanos(AbstractQueuedSynchronizer.java:2078)
        at java.util.concurrent.LinkedBlockingQueue.poll(LinkedBlockingQueue.java:467)
        at org.apache.hadoop.hdds.scm.server.ContainerReportQueue.poll(ContainerReportQueue.java:266)
        at org.apache.hadoop.hdds.scm.server.ContainerReportQueue.poll(ContainerReportQueue.java:42)
        at org.apache.hadoop.hdds.server.events.FixedThreadPoolWithAffinityExecutor$ContainerReportProcessTask.run(FixedThreadPoolWithAffinityExecutor.java:218)
        at java.util.concurrent.Executors$RunnableAdapter.call(Executors.java:511)
        at java.util.concurrent.FutureTask.run(FutureTask.java:266)
        at java.util.concurrent.ThreadPoolExecutor.runWorker(ThreadPoolExecutor.java:1149)
        at java.util.concurrent.ThreadPoolExecutor$Worker.run(ThreadPoolExecutor.java:624)
        at java.lang.Thread.run(Thread.java:750)
"ChunkWriter-2-0" daemon prio=5 tid=559 in Object.wait()
java.lang.Thread.State: WAITING (on object monitor)
        at sun.misc.Unsafe.park(Native Method)
        at java.util.concurrent.locks.LockSupport.park(LockSupport.java:175)
        at java.util.concurrent.locks.AbstractQueuedSynchronizer$ConditionObject.await(AbstractQueuedSynchronizer.java:2039)
        at java.util.concurrent.LinkedBlockingDeque.takeFirst(LinkedBlockingDeque.java:492)
        at java.util.concurrent.LinkedBlockingDeque.take(LinkedBlockingDeque.java:680)
        at java.util.concurrent.ThreadPoolExecutor.getTask(ThreadPoolExecutor.java:1074)
        at java.util.concurrent.ThreadPoolExecutor.runWorker(ThreadPoolExecutor.java:1134)
        at java.util.concurrent.ThreadPoolExecutor$Worker.run(ThreadPoolExecutor.java:624)
        at java.lang.Thread.run(Thread.java:750)
"qtp2024219843-488" daemon prio=5 tid=488 timed_waiting
java.lang.Thread.State: TIMED_WAITING
        at sun.misc.Unsafe.park(Native Method)
        at java.util.concurrent.locks.LockSupport.parkNanos(LockSupport.java:215)
        at java.util.concurrent.locks.AbstractQueuedSynchronizer$ConditionObject.awaitNanos(AbstractQueuedSynchronizer.java:2078)
        at org.eclipse.jetty.util.BlockingArrayQueue.poll(BlockingArrayQueue.java:382)
        at org.eclipse.jetty.util.thread.QueuedThreadPool$Runner.idleJobPoll(QueuedThreadPool.java:974)
        at org.eclipse.jetty.util.thread.QueuedThreadPool$Runner.run(QueuedThreadPool.java:1018)
        at java.lang.Thread.run(Thread.java:750)
"IPC Server handler 3 on default port 34339" daemon prio=5 tid=50 timed_waiting
java.lang.Thread.State: TIMED_WAITING
        at sun.misc.Unsafe.park(Native Method)
        at java.util.concurrent.locks.LockSupport.parkNanos(LockSupport.java:215)
        at java.util.concurrent.locks.AbstractQueuedSynchronizer$ConditionObject.awaitNanos(AbstractQueuedSynchronizer.java:2078)
        at java.util.concurrent.LinkedBlockingQueue.poll(LinkedBlockingQueue.java:467)
        at org.apache.hadoop.ipc.CallQueueManager.take(CallQueueManager.java:317)
        at org.apache.hadoop.ipc.Server$Handler.run(Server.java:2942)
"ChunkReader-2" daemon prio=5 tid=773 in Object.wait()
java.lang.Thread.State: WAITING (on object monitor)
        at sun.misc.Unsafe.park(Native Method)
        at java.util.concurrent.locks.LockSupport.park(LockSupport.java:175)
        at java.util.concurrent.locks.AbstractQueuedSynchronizer$ConditionObject.await(AbstractQueuedSynchronizer.java:2039)
        at java.util.concurrent.LinkedBlockingQueue.take(LinkedBlockingQueue.java:442)
        at java.util.concurrent.ThreadPoolExecutor.getTask(ThreadPoolExecutor.java:1074)
        at java.util.concurrent.ThreadPoolExecutor.runWorker(ThreadPoolExecutor.java:1134)
        at java.util.concurrent.ThreadPoolExecutor$Worker.run(ThreadPoolExecutor.java:624)
        at java.lang.Thread.run(Thread.java:750)
"IPC Server handler 3 on default port 34735" daemon prio=5 tid=157 timed_waiting
java.lang.Thread.State: TIMED_WAITING
        at sun.misc.Unsafe.park(Native Method)
        at java.util.concurrent.locks.LockSupport.parkNanos(LockSupport.java:215)
        at java.util.concurrent.locks.AbstractQueuedSynchronizer$ConditionObject.awaitNanos(AbstractQueuedSynchronizer.java:2078)
        at java.util.concurrent.LinkedBlockingQueue.poll(LinkedBlockingQueue.java:467)
        at org.apache.hadoop.ipc.CallQueueManager.take(CallQueueManager.java:317)
        at org.apache.hadoop.ipc.Server$Handler.run(Server.java:2942)
"EventQueue-PipelineReportForPipelineReportHandler" daemon prio=5 tid=466 in Object.wait()
java.lang.Thread.State: WAITING (on object monitor)
        at sun.misc.Unsafe.park(Native Method)
        at java.util.concurrent.locks.LockSupport.park(LockSupport.java:175)
        at java.util.concurrent.locks.AbstractQueuedSynchronizer$ConditionObject.await(AbstractQueuedSynchronizer.java:2039)
        at java.util.concurrent.LinkedBlockingQueue.take(LinkedBlockingQueue.java:442)
        at java.util.concurrent.ThreadPoolExecutor.getTask(ThreadPoolExecutor.java:1074)
        at java.util.concurrent.ThreadPoolExecutor.runWorker(ThreadPoolExecutor.java:1134)
        at java.util.concurrent.ThreadPoolExecutor$Worker.run(ThreadPoolExecutor.java:624)
        at java.lang.Thread.run(Thread.java:750)
"StaleRecoveringContainerScrubbingService#0" daemon prio=5 tid=493 timed_waiting
java.lang.Thread.State: TIMED_WAITING
        at sun.misc.Unsafe.park(Native Method)
        at java.util.concurrent.locks.LockSupport.parkNanos(LockSupport.java:215)
        at java.util.concurrent.locks.AbstractQueuedSynchronizer$ConditionObject.awaitNanos(AbstractQueuedSynchronizer.java:2078)
        at java.util.concurrent.ScheduledThreadPoolExecutor$DelayedWorkQueue.take(ScheduledThreadPoolExecutor.java:1093)
        at java.util.concurrent.ScheduledThreadPoolExecutor$DelayedWorkQueue.take(ScheduledThreadPoolExecutor.java:809)
        at java.util.concurrent.ThreadPoolExecutor.getTask(ThreadPoolExecutor.java:1074)
        at java.util.concurrent.ThreadPoolExecutor.runWorker(ThreadPoolExecutor.java:1134)
        at java.util.concurrent.ThreadPoolExecutor$Worker.run(ThreadPoolExecutor.java:624)
        at java.lang.Thread.run(Thread.java:750)
"81de4557-c158-4718-93a8-b16ff7f8daad@group-EA947C079E8C->44bea1f4-43dd-4415-bb4e-4e9896dd68f6-GrpcLogAppender-LogAppenderDaemon" daemon prio=5 tid=887 timed_waiting
java.lang.Thread.State: TIMED_WAITING
        at sun.misc.Unsafe.park(Native Method)
        at java.util.concurrent.locks.LockSupport.parkNanos(LockSupport.java:215)
        at java.util.concurrent.CompletableFuture$Signaller.block(CompletableFuture.java:1709)
        at java.util.concurrent.ForkJoinPool.managedBlock(ForkJoinPool.java:3323)
        at java.util.concurrent.CompletableFuture.timedGet(CompletableFuture.java:1788)
        at java.util.concurrent.CompletableFuture.get(CompletableFuture.java:1928)
        at org.apache.ratis.util.AwaitForSignal.await(AwaitForSignal.java:56)
        at org.apache.ratis.grpc.server.GrpcLogAppender.mayWait(GrpcLogAppender.java:198)
        at org.apache.ratis.grpc.server.GrpcLogAppender.run(GrpcLogAppender.java:148)
        at org.apache.ratis.server.leader.LogAppenderDaemon.run(LogAppenderDaemon.java:78)
        at org.apache.ratis.server.leader.LogAppenderDaemon$$Lambda$1043/1122129781.run(Unknown Source)
        at java.lang.Thread.run(Thread.java:750)
"BlockDeletingService#1" daemon prio=5 tid=528 timed_waiting
java.lang.Thread.State: TIMED_WAITING
        at sun.misc.Unsafe.park(Native Method)
        at java.util.concurrent.locks.LockSupport.parkNanos(LockSupport.java:215)
        at java.util.concurrent.locks.AbstractQueuedSynchronizer$ConditionObject.awaitNanos(AbstractQueuedSynchronizer.java:2078)
        at java.util.concurrent.ScheduledThreadPoolExecutor$DelayedWorkQueue.take(ScheduledThreadPoolExecutor.java:1093)
        at java.util.concurrent.ScheduledThreadPoolExecutor$DelayedWorkQueue.take(ScheduledThreadPoolExecutor.java:809)
        at java.util.concurrent.ThreadPoolExecutor.getTask(ThreadPoolExecutor.java:1074)
        at java.util.concurrent.ThreadPoolExecutor.runWorker(ThreadPoolExecutor.java:1134)
        at java.util.concurrent.ThreadPoolExecutor$Worker.run(ThreadPoolExecutor.java:624)
        at java.lang.Thread.run(Thread.java:750)
"qtp1604011014-267" daemon prio=5 tid=267 timed_waiting
java.lang.Thread.State: TIMED_WAITING
        at sun.misc.Unsafe.park(Native Method)
        at java.util.concurrent.locks.LockSupport.parkNanos(LockSupport.java:215)
        at java.util.concurrent.locks.AbstractQueuedSynchronizer$ConditionObject.awaitNanos(AbstractQueuedSynchronizer.java:2078)
        at org.eclipse.jetty.util.BlockingArrayQueue.poll(BlockingArrayQueue.java:382)
        at org.eclipse.jetty.util.thread.QueuedThreadPool$Runner.idleJobPoll(QueuedThreadPool.java:974)
        at org.eclipse.jetty.util.thread.QueuedThreadPool$Runner.run(QueuedThreadPool.java:1018)
        at java.lang.Thread.run(Thread.java:750)
"IPC Server handler 17 on default port 34735" daemon prio=5 tid=171 timed_waiting
java.lang.Thread.State: TIMED_WAITING
        at sun.misc.Unsafe.park(Native Method)
        at java.util.concurrent.locks.LockSupport.parkNanos(LockSupport.java:215)
        at java.util.concurrent.locks.AbstractQueuedSynchronizer$ConditionObject.awaitNanos(AbstractQueuedSynchronizer.java:2078)
        at java.util.concurrent.LinkedBlockingQueue.poll(LinkedBlockingQueue.java:467)
        at org.apache.hadoop.ipc.CallQueueManager.take(CallQueueManager.java:317)
        at org.apache.hadoop.ipc.Server$Handler.run(Server.java:2942)
"ChunkWriter-3-0" daemon prio=5 tid=547 in Object.wait()
java.lang.Thread.State: WAITING (on object monitor)
        at sun.misc.Unsafe.park(Native Method)
        at java.util.concurrent.locks.LockSupport.park(LockSupport.java:175)
        at java.util.concurrent.locks.AbstractQueuedSynchronizer$ConditionObject.await(AbstractQueuedSynchronizer.java:2039)
        at java.util.concurrent.LinkedBlockingDeque.takeFirst(LinkedBlockingDeque.java:492)
        at java.util.concurrent.LinkedBlockingDeque.take(LinkedBlockingDeque.java:680)
        at java.util.concurrent.ThreadPoolExecutor.getTask(ThreadPoolExecutor.java:1074)
        at java.util.concurrent.ThreadPoolExecutor.runWorker(ThreadPoolExecutor.java:1134)
        at java.util.concurrent.ThreadPoolExecutor$Worker.run(ThreadPoolExecutor.java:624)
        at java.lang.Thread.run(Thread.java:750)
"IPC Server handler 10 on default port 34339" daemon prio=5 tid=57 timed_waiting
java.lang.Thread.State: TIMED_WAITING
        at sun.misc.Unsafe.park(Native Method)
        at java.util.concurrent.locks.LockSupport.parkNanos(LockSupport.java:215)
        at java.util.concurrent.locks.AbstractQueuedSynchronizer$ConditionObject.awaitNanos(AbstractQueuedSynchronizer.java:2078)
        at java.util.concurrent.LinkedBlockingQueue.poll(LinkedBlockingQueue.java:467)
        at org.apache.hadoop.ipc.CallQueueManager.take(CallQueueManager.java:317)
        at org.apache.hadoop.ipc.Server$Handler.run(Server.java:2942)
"97cc06fc-4025-4c76-bebd-c1d7b79fe413@group-B6D24B272EC8-LeaderStateImpl" daemon prio=5 tid=865 timed_waiting
java.lang.Thread.State: TIMED_WAITING
        at sun.misc.Unsafe.park(Native Method)
        at java.util.concurrent.locks.LockSupport.parkNanos(LockSupport.java:215)
        at java.util.concurrent.locks.AbstractQueuedSynchronizer$ConditionObject.awaitNanos(AbstractQueuedSynchronizer.java:2078)
        at java.util.concurrent.ArrayBlockingQueue.poll(ArrayBlockingQueue.java:418)
        at org.apache.ratis.server.impl.LeaderStateImpl$EventQueue.poll(LeaderStateImpl.java:159)
        at org.apache.ratis.server.impl.LeaderStateImpl$EventProcessor.run(LeaderStateImpl.java:630)
"org.apache.hadoop.ozone.container.common.statemachine.commandhandler.DeleteBlocksCommandHandler$DeleteCmdWorker@72b79b29" daemon prio=5 tid=475 timed_waiting
java.lang.Thread.State: TIMED_WAITING
        at java.lang.Thread.sleep(Native Method)
        at org.apache.hadoop.ozone.container.common.statemachine.commandhandler.DeleteBlocksCommandHandler$DeleteCmdWorker.run(DeleteBlocksCommandHandler.java:183)
        at java.lang.Thread.run(Thread.java:750)
"qtp1374355136-112" daemon prio=5 tid=112 timed_waiting
java.lang.Thread.State: TIMED_WAITING
        at sun.misc.Unsafe.park(Native Method)
        at java.util.concurrent.locks.LockSupport.parkNanos(LockSupport.java:215)
        at java.util.concurrent.locks.AbstractQueuedSynchronizer$ConditionObject.awaitNanos(AbstractQueuedSynchronizer.java:2078)
        at org.eclipse.jetty.util.BlockingArrayQueue.poll(BlockingArrayQueue.java:382)
        at org.eclipse.jetty.util.thread.QueuedThreadPool$Runner.idleJobPoll(QueuedThreadPool.java:974)
        at org.eclipse.jetty.util.thread.QueuedThreadPool$Runner.run(QueuedThreadPool.java:1018)
        at java.lang.Thread.run(Thread.java:750)
"qtp1784709811-296" daemon prio=5 tid=296 timed_waiting
java.lang.Thread.State: TIMED_WAITING
        at sun.misc.Unsafe.park(Native Method)
        at java.util.concurrent.locks.LockSupport.parkNanos(LockSupport.java:215)
        at java.util.concurrent.locks.AbstractQueuedSynchronizer$ConditionObject.awaitNanos(AbstractQueuedSynchronizer.java:2078)
        at org.eclipse.jetty.util.BlockingArrayQueue.poll(BlockingArrayQueue.java:382)
        at org.eclipse.jetty.util.thread.QueuedThreadPool$Runner.idleJobPoll(QueuedThreadPool.java:974)
        at org.eclipse.jetty.util.thread.QueuedThreadPool$Runner.run(QueuedThreadPool.java:1018)
        at java.lang.Thread.run(Thread.java:750)
"StaleRecoveringContainerScrubbingService#1" daemon prio=5 tid=553 timed_waiting
java.lang.Thread.State: TIMED_WAITING
        at sun.misc.Unsafe.park(Native Method)
        at java.util.concurrent.locks.LockSupport.parkNanos(LockSupport.java:215)
        at java.util.concurrent.locks.AbstractQueuedSynchronizer$ConditionObject.awaitNanos(AbstractQueuedSynchronizer.java:2078)
        at java.util.concurrent.ScheduledThreadPoolExecutor$DelayedWorkQueue.take(ScheduledThreadPoolExecutor.java:1093)
        at java.util.concurrent.ScheduledThreadPoolExecutor$DelayedWorkQueue.take(ScheduledThreadPoolExecutor.java:809)
        at java.util.concurrent.ThreadPoolExecutor.getTask(ThreadPoolExecutor.java:1074)
        at java.util.concurrent.ThreadPoolExecutor.runWorker(ThreadPoolExecutor.java:1134)
        at java.util.concurrent.ThreadPoolExecutor$Worker.run(ThreadPoolExecutor.java:624)
        at java.lang.Thread.run(Thread.java:750)
"qtp1604011014-269" daemon prio=5 tid=269 timed_waiting
java.lang.Thread.State: TIMED_WAITING
        at sun.misc.Unsafe.park(Native Method)
        at java.util.concurrent.locks.LockSupport.parkNanos(LockSupport.java:215)
        at java.util.concurrent.locks.AbstractQueuedSynchronizer$ConditionObject.awaitNanos(AbstractQueuedSynchronizer.java:2078)
        at org.eclipse.jetty.util.BlockingArrayQueue.poll(BlockingArrayQueue.java:382)
        at org.eclipse.jetty.util.thread.QueuedThreadPool$Runner.idleJobPoll(QueuedThreadPool.java:974)
        at org.eclipse.jetty.util.thread.QueuedThreadPool$Runner.run(QueuedThreadPool.java:1018)
        at java.lang.Thread.run(Thread.java:750)
"pool-118-thread-1"  prio=5 tid=586 in Object.wait()
java.lang.Thread.State: WAITING (on object monitor)
        at sun.misc.Unsafe.park(Native Method)
        at java.util.concurrent.locks.LockSupport.park(LockSupport.java:175)
        at java.util.concurrent.locks.AbstractQueuedSynchronizer$ConditionObject.await(AbstractQueuedSynchronizer.java:2039)
        at java.util.concurrent.LinkedBlockingQueue.take(LinkedBlockingQueue.java:442)
        at java.util.concurrent.ThreadPoolExecutor.getTask(ThreadPoolExecutor.java:1074)
        at java.util.concurrent.ThreadPoolExecutor.runWorker(ThreadPoolExecutor.java:1134)
        at java.util.concurrent.ThreadPoolExecutor$Worker.run(ThreadPoolExecutor.java:624)
        at java.lang.Thread.run(Thread.java:750)
"qtp1784709811-294" daemon prio=5 tid=294 timed_waiting
java.lang.Thread.State: TIMED_WAITING
        at sun.misc.Unsafe.park(Native Method)
        at java.util.concurrent.locks.LockSupport.parkNanos(LockSupport.java:215)
        at java.util.concurrent.locks.AbstractQueuedSynchronizer$ConditionObject.awaitNanos(AbstractQueuedSynchronizer.java:2078)
        at org.eclipse.jetty.util.BlockingArrayQueue.poll(BlockingArrayQueue.java:382)
        at org.eclipse.jetty.util.thread.QueuedThreadPool$Runner.idleJobPoll(QueuedThreadPool.java:974)
        at org.eclipse.jetty.util.thread.QueuedThreadPool$Runner.run(QueuedThreadPool.java:1018)
        at java.lang.Thread.run(Thread.java:750)
"qtp1297043595-191" daemon prio=5 tid=191 timed_waiting
java.lang.Thread.State: TIMED_WAITING
        at sun.misc.Unsafe.park(Native Method)
        at java.util.concurrent.locks.LockSupport.parkNanos(LockSupport.java:215)
        at java.util.concurrent.locks.AbstractQueuedSynchronizer$ConditionObject.awaitNanos(AbstractQueuedSynchronizer.java:2078)
        at org.eclipse.jetty.util.BlockingArrayQueue.poll(BlockingArrayQueue.java:382)
        at org.eclipse.jetty.util.thread.QueuedThreadPool$Runner.idleJobPoll(QueuedThreadPool.java:974)
        at org.eclipse.jetty.util.thread.QueuedThreadPool$Runner.run(QueuedThreadPool.java:1018)
        at java.lang.Thread.run(Thread.java:750)
"IPC Server handler 2 on default port 34735" daemon prio=5 tid=156 timed_waiting
java.lang.Thread.State: TIMED_WAITING
        at sun.misc.Unsafe.park(Native Method)
        at java.util.concurrent.locks.LockSupport.parkNanos(LockSupport.java:215)
        at java.util.concurrent.locks.AbstractQueuedSynchronizer$ConditionObject.awaitNanos(AbstractQueuedSynchronizer.java:2078)
        at java.util.concurrent.LinkedBlockingQueue.poll(LinkedBlockingQueue.java:467)
        at org.apache.hadoop.ipc.CallQueueManager.take(CallQueueManager.java:317)
        at org.apache.hadoop.ipc.Server$Handler.run(Server.java:2942)
"qtp1374355136-110" daemon prio=5 tid=110 runnable
java.lang.Thread.State: RUNNABLE
        at sun.nio.ch.EPollArrayWrapper.epollWait(Native Method)
        at sun.nio.ch.EPollArrayWrapper.poll(EPollArrayWrapper.java:269)
        at sun.nio.ch.EPollSelectorImpl.doSelect(EPollSelectorImpl.java:93)
        at sun.nio.ch.SelectorImpl.lockAndDoSelect(SelectorImpl.java:86)
        at sun.nio.ch.SelectorImpl.select(SelectorImpl.java:97)
        at sun.nio.ch.SelectorImpl.select(SelectorImpl.java:101)
        at org.eclipse.jetty.io.ManagedSelector.nioSelect(ManagedSelector.java:183)
        at org.eclipse.jetty.io.ManagedSelector.select(ManagedSelector.java:190)
        at org.eclipse.jetty.io.ManagedSelector$SelectorProducer.select(ManagedSelector.java:606)
        at org.eclipse.jetty.io.ManagedSelector$SelectorProducer.produce(ManagedSelector.java:543)
        at org.eclipse.jetty.util.thread.strategy.EatWhatYouKill.produceTask(EatWhatYouKill.java:362)
        at org.eclipse.jetty.util.thread.strategy.EatWhatYouKill.doProduce(EatWhatYouKill.java:186)
        at org.eclipse.jetty.util.thread.strategy.EatWhatYouKill.tryProduce(EatWhatYouKill.java:173)
        at org.eclipse.jetty.util.thread.strategy.EatWhatYouKill.produce(EatWhatYouKill.java:137)
        at org.eclipse.jetty.io.ManagedSelector$$Lambda$446/1576513034.run(Unknown Source)
        at org.eclipse.jetty.util.thread.QueuedThreadPool.runJob(QueuedThreadPool.java:883)
        at org.eclipse.jetty.util.thread.QueuedThreadPool$Runner.run(QueuedThreadPool.java:1034)
        at java.lang.Thread.run(Thread.java:750)
"qtp736862665-364" daemon prio=5 tid=364 timed_waiting
java.lang.Thread.State: TIMED_WAITING
        at sun.misc.Unsafe.park(Native Method)
        at java.util.concurrent.locks.LockSupport.parkNanos(LockSupport.java:215)
        at java.util.concurrent.locks.AbstractQueuedSynchronizer$ConditionObject.awaitNanos(AbstractQueuedSynchronizer.java:2078)
        at org.eclipse.jetty.util.BlockingArrayQueue.poll(BlockingArrayQueue.java:382)
        at org.eclipse.jetty.util.thread.QueuedThreadPool$Runner.idleJobPoll(QueuedThreadPool.java:974)
        at org.eclipse.jetty.util.thread.QueuedThreadPool$Runner.run(QueuedThreadPool.java:1018)
        at java.lang.Thread.run(Thread.java:750)
"c56757ad-2923-4297-8741-c606545d9a52@group-4C9F1E15A7B6->274c4b45-19e0-452f-8d1e-585a77537937-GrpcLogAppender-LogAppenderDaemon" daemon prio=5 tid=804 timed_waiting
java.lang.Thread.State: TIMED_WAITING
        at sun.misc.Unsafe.park(Native Method)
        at java.util.concurrent.locks.LockSupport.parkNanos(LockSupport.java:215)
        at java.util.concurrent.CompletableFuture$Signaller.block(CompletableFuture.java:1709)
        at java.util.concurrent.ForkJoinPool.managedBlock(ForkJoinPool.java:3323)
        at java.util.concurrent.CompletableFuture.timedGet(CompletableFuture.java:1788)
        at java.util.concurrent.CompletableFuture.get(CompletableFuture.java:1928)
        at org.apache.ratis.util.AwaitForSignal.await(AwaitForSignal.java:56)
        at org.apache.ratis.grpc.server.GrpcLogAppender.mayWait(GrpcLogAppender.java:198)
        at org.apache.ratis.grpc.server.GrpcLogAppender.run(GrpcLogAppender.java:148)
        at org.apache.ratis.server.leader.LogAppenderDaemon.run(LogAppenderDaemon.java:78)
        at org.apache.ratis.server.leader.LogAppenderDaemon$$Lambda$1043/1122129781.run(Unknown Source)
        at java.lang.Thread.run(Thread.java:750)
"pool-223-thread-1"  prio=5 tid=356 timed_waiting
java.lang.Thread.State: TIMED_WAITING
        at sun.misc.Unsafe.park(Native Method)
        at java.util.concurrent.locks.LockSupport.parkNanos(LockSupport.java:215)
        at java.util.concurrent.locks.AbstractQueuedSynchronizer$ConditionObject.awaitNanos(AbstractQueuedSynchronizer.java:2078)
        at java.util.concurrent.ScheduledThreadPoolExecutor$DelayedWorkQueue.take(ScheduledThreadPoolExecutor.java:1093)
        at java.util.concurrent.ScheduledThreadPoolExecutor$DelayedWorkQueue.take(ScheduledThreadPoolExecutor.java:809)
        at java.util.concurrent.ThreadPoolExecutor.getTask(ThreadPoolExecutor.java:1074)
        at java.util.concurrent.ThreadPoolExecutor.runWorker(ThreadPoolExecutor.java:1134)
        at java.util.concurrent.ThreadPoolExecutor$Worker.run(ThreadPoolExecutor.java:624)
        at java.lang.Thread.run(Thread.java:750)
"qtp736862665-361" daemon prio=5 tid=361 timed_waiting
java.lang.Thread.State: TIMED_WAITING
        at sun.misc.Unsafe.park(Native Method)
        at java.util.concurrent.locks.LockSupport.parkNanos(LockSupport.java:215)
        at java.util.concurrent.locks.AbstractQueuedSynchronizer$ConditionObject.awaitNanos(AbstractQueuedSynchronizer.java:2078)
        at org.eclipse.jetty.util.BlockingArrayQueue.poll(BlockingArrayQueue.java:382)
        at org.eclipse.jetty.util.thread.QueuedThreadPool$Runner.idleJobPoll(QueuedThreadPool.java:974)
        at org.eclipse.jetty.util.thread.QueuedThreadPool$Runner.run(QueuedThreadPool.java:1018)
        at java.lang.Thread.run(Thread.java:750)
"pool-268-thread-1"  prio=5 tid=651 in Object.wait()
java.lang.Thread.State: WAITING (on object monitor)
        at sun.misc.Unsafe.park(Native Method)
        at java.util.concurrent.locks.LockSupport.park(LockSupport.java:175)
        at java.util.concurrent.locks.AbstractQueuedSynchronizer$ConditionObject.await(AbstractQueuedSynchronizer.java:2039)
        at java.util.concurrent.LinkedBlockingQueue.take(LinkedBlockingQueue.java:442)
        at java.util.concurrent.ThreadPoolExecutor.getTask(ThreadPoolExecutor.java:1074)
        at java.util.concurrent.ThreadPoolExecutor.runWorker(ThreadPoolExecutor.java:1134)
        at java.util.concurrent.ThreadPoolExecutor$Worker.run(ThreadPoolExecutor.java:624)
        at java.lang.Thread.run(Thread.java:750)
"IPC Server handler 14 on default port 34339" daemon prio=5 tid=61 timed_waiting
java.lang.Thread.State: TIMED_WAITING
        at sun.misc.Unsafe.park(Native Method)
        at java.util.concurrent.locks.LockSupport.parkNanos(LockSupport.java:215)
        at java.util.concurrent.locks.AbstractQueuedSynchronizer$ConditionObject.awaitNanos(AbstractQueuedSynchronizer.java:2078)
        at java.util.concurrent.LinkedBlockingQueue.poll(LinkedBlockingQueue.java:467)
        at org.apache.hadoop.ipc.CallQueueManager.take(CallQueueManager.java:317)
        at org.apache.hadoop.ipc.Server$Handler.run(Server.java:2942)
"Session-HouseKeeper-7123a28f-1"  prio=5 tid=192 timed_waiting
java.lang.Thread.State: TIMED_WAITING
        at sun.misc.Unsafe.park(Native Method)
        at java.util.concurrent.locks.LockSupport.parkNanos(LockSupport.java:215)
        at java.util.concurrent.locks.AbstractQueuedSynchronizer$ConditionObject.awaitNanos(AbstractQueuedSynchronizer.java:2078)
        at java.util.concurrent.ScheduledThreadPoolExecutor$DelayedWorkQueue.take(ScheduledThreadPoolExecutor.java:1093)
        at java.util.concurrent.ScheduledThreadPoolExecutor$DelayedWorkQueue.take(ScheduledThreadPoolExecutor.java:809)
        at java.util.concurrent.ThreadPoolExecutor.getTask(ThreadPoolExecutor.java:1074)
        at java.util.concurrent.ThreadPoolExecutor.runWorker(ThreadPoolExecutor.java:1134)
        at java.util.concurrent.ThreadPoolExecutor$Worker.run(ThreadPoolExecutor.java:624)
        at java.lang.Thread.run(Thread.java:750)
"qtp1321633829-437" daemon prio=5 tid=437 timed_waiting
java.lang.Thread.State: TIMED_WAITING
        at sun.misc.Unsafe.park(Native Method)
        at java.util.concurrent.locks.LockSupport.parkNanos(LockSupport.java:215)
        at java.util.concurrent.locks.AbstractQueuedSynchronizer$ConditionObject.awaitNanos(AbstractQueuedSynchronizer.java:2078)
        at org.eclipse.jetty.util.BlockingArrayQueue.poll(BlockingArrayQueue.java:382)
        at org.eclipse.jetty.util.thread.QueuedThreadPool$Runner.idleJobPoll(QueuedThreadPool.java:974)
        at org.eclipse.jetty.util.thread.QueuedThreadPool$Runner.run(QueuedThreadPool.java:1018)
        at java.lang.Thread.run(Thread.java:750)
"Periodic HDDS volume checker" daemon prio=5 tid=426 timed_waiting
java.lang.Thread.State: TIMED_WAITING
        at sun.misc.Unsafe.park(Native Method)
        at java.util.concurrent.locks.LockSupport.parkNanos(LockSupport.java:215)
        at java.util.concurrent.locks.AbstractQueuedSynchronizer$ConditionObject.awaitNanos(AbstractQueuedSynchronizer.java:2078)
        at java.util.concurrent.ScheduledThreadPoolExecutor$DelayedWorkQueue.take(ScheduledThreadPoolExecutor.java:1093)
        at java.util.concurrent.ScheduledThreadPoolExecutor$DelayedWorkQueue.take(ScheduledThreadPoolExecutor.java:809)
        at java.util.concurrent.ThreadPoolExecutor.getTask(ThreadPoolExecutor.java:1074)
        at java.util.concurrent.ThreadPoolExecutor.runWorker(ThreadPoolExecutor.java:1134)
        at java.util.concurrent.ThreadPoolExecutor$Worker.run(ThreadPoolExecutor.java:624)
        at java.lang.Thread.run(Thread.java:750)
"c56757ad-2923-4297-8741-c606545d9a52@group-B6D24B272EC8-FollowerState" daemon prio=5 tid=864 timed_waiting
java.lang.Thread.State: TIMED_WAITING
        at java.lang.Thread.sleep(Native Method)
        at java.lang.Thread.sleep(Thread.java:342)
        at java.util.concurrent.TimeUnit.sleep(TimeUnit.java:386)
        at org.apache.ratis.util.TimeDuration.sleep(TimeDuration.java:325)
        at org.apache.ratis.util.TimeDuration.sleep(TimeDuration.java:310)
        at org.apache.ratis.server.impl.FollowerState.run(FollowerState.java:128)
"qtp410671928-150" daemon prio=5 tid=150 timed_waiting
java.lang.Thread.State: TIMED_WAITING
        at sun.misc.Unsafe.park(Native Method)
        at java.util.concurrent.locks.LockSupport.parkNanos(LockSupport.java:215)
        at java.util.concurrent.locks.AbstractQueuedSynchronizer$ConditionObject.awaitNanos(AbstractQueuedSynchronizer.java:2078)
        at org.eclipse.jetty.util.BlockingArrayQueue.poll(BlockingArrayQueue.java:382)
        at org.eclipse.jetty.util.thread.QueuedThreadPool$Runner.idleJobPoll(QueuedThreadPool.java:974)
        at org.eclipse.jetty.util.thread.QueuedThreadPool$Runner.run(QueuedThreadPool.java:1018)
        at java.lang.Thread.run(Thread.java:750)
"ChunkReader-1" daemon prio=5 tid=761 in Object.wait()
java.lang.Thread.State: WAITING (on object monitor)
        at sun.misc.Unsafe.park(Native Method)
        at java.util.concurrent.locks.LockSupport.park(LockSupport.java:175)
        at java.util.concurrent.locks.AbstractQueuedSynchronizer$ConditionObject.await(AbstractQueuedSynchronizer.java:2039)
        at java.util.concurrent.LinkedBlockingQueue.take(LinkedBlockingQueue.java:442)
        at java.util.concurrent.ThreadPoolExecutor.getTask(ThreadPoolExecutor.java:1074)
        at java.util.concurrent.ThreadPoolExecutor.runWorker(ThreadPoolExecutor.java:1134)
        at java.util.concurrent.ThreadPoolExecutor$Worker.run(ThreadPoolExecutor.java:624)
        at java.lang.Thread.run(Thread.java:750)
"IPC Server handler 11 on default port 34735" daemon prio=5 tid=165 timed_waiting
java.lang.Thread.State: TIMED_WAITING
        at sun.misc.Unsafe.park(Native Method)
        at java.util.concurrent.locks.LockSupport.parkNanos(LockSupport.java:215)
        at java.util.concurrent.locks.AbstractQueuedSynchronizer$ConditionObject.awaitNanos(AbstractQueuedSynchronizer.java:2078)
        at java.util.concurrent.LinkedBlockingQueue.poll(LinkedBlockingQueue.java:467)
        at org.apache.hadoop.ipc.CallQueueManager.take(CallQueueManager.java:317)
        at org.apache.hadoop.ipc.Server$Handler.run(Server.java:2942)
"om1@group-C5BA1605619E-SegmentedRaftLogWorker"  prio=5 tid=135 timed_waiting
java.lang.Thread.State: TIMED_WAITING
        at sun.misc.Unsafe.park(Native Method)
        at java.util.concurrent.locks.LockSupport.parkNanos(LockSupport.java:215)
        at java.util.concurrent.locks.AbstractQueuedSynchronizer$ConditionObject.awaitNanos(AbstractQueuedSynchronizer.java:2078)
        at org.apache.ratis.util.DataBlockingQueue.poll(DataBlockingQueue.java:148)
        at org.apache.ratis.server.raftlog.segmented.SegmentedRaftLogWorker.run(SegmentedRaftLogWorker.java:310)
        at org.apache.ratis.server.raftlog.segmented.SegmentedRaftLogWorker$$Lambda$665/2132438442.run(Unknown Source)
        at java.lang.Thread.run(Thread.java:750)
"om1-client-thread1" daemon prio=5 tid=733 timed_waiting
java.lang.Thread.State: TIMED_WAITING
        at sun.misc.Unsafe.park(Native Method)
        at java.util.concurrent.locks.LockSupport.parkNanos(LockSupport.java:215)
        at java.util.concurrent.SynchronousQueue$TransferStack.awaitFulfill(SynchronousQueue.java:460)
        at java.util.concurrent.SynchronousQueue$TransferStack.transfer(SynchronousQueue.java:362)
        at java.util.concurrent.SynchronousQueue.poll(SynchronousQueue.java:941)
        at java.util.concurrent.ThreadPoolExecutor.getTask(ThreadPoolExecutor.java:1073)
        at java.util.concurrent.ThreadPoolExecutor.runWorker(ThreadPoolExecutor.java:1134)
        at java.util.concurrent.ThreadPoolExecutor$Worker.run(ThreadPoolExecutor.java:624)
        at java.lang.Thread.run(Thread.java:750)
"IPC Server handler 4 on default port 34173" daemon prio=5 tid=91 timed_waiting
java.lang.Thread.State: TIMED_WAITING
        at sun.misc.Unsafe.park(Native Method)
        at java.util.concurrent.locks.LockSupport.parkNanos(LockSupport.java:215)
        at java.util.concurrent.locks.AbstractQueuedSynchronizer$ConditionObject.awaitNanos(AbstractQueuedSynchronizer.java:2078)
        at java.util.concurrent.LinkedBlockingQueue.poll(LinkedBlockingQueue.java:467)
        at org.apache.hadoop.ipc.CallQueueManager.take(CallQueueManager.java:317)
        at org.apache.hadoop.ipc.Server$Handler.run(Server.java:2942)
"Datanode State Machine Daemon Thread" daemon prio=5 tid=299 timed_waiting
java.lang.Thread.State: TIMED_WAITING
        at java.lang.Thread.sleep(Native Method)
        at org.apache.hadoop.ozone.container.common.statemachine.DatanodeStateMachine.startStateMachineThread(DatanodeStateMachine.java:321)
        at org.apache.hadoop.ozone.container.common.statemachine.DatanodeStateMachine.lambda$startDaemon$0(DatanodeStateMachine.java:506)
        at org.apache.hadoop.ozone.container.common.statemachine.DatanodeStateMachine$$Lambda$751/1278416571.run(Unknown Source)
        at java.lang.Thread.run(Thread.java:750)
"BlockDeletingService#0" daemon prio=5 tid=381 in Object.wait()
java.lang.Thread.State: WAITING (on object monitor)
        at sun.misc.Unsafe.park(Native Method)
        at java.util.concurrent.locks.LockSupport.park(LockSupport.java:175)
        at java.util.concurrent.locks.AbstractQueuedSynchronizer$ConditionObject.await(AbstractQueuedSynchronizer.java:2039)
        at java.util.concurrent.ScheduledThreadPoolExecutor$DelayedWorkQueue.take(ScheduledThreadPoolExecutor.java:1088)
        at java.util.concurrent.ScheduledThreadPoolExecutor$DelayedWorkQueue.take(ScheduledThreadPoolExecutor.java:809)
        at java.util.concurrent.ThreadPoolExecutor.getTask(ThreadPoolExecutor.java:1074)
        at java.util.concurrent.ThreadPoolExecutor.runWorker(ThreadPoolExecutor.java:1134)
        at java.util.concurrent.ThreadPoolExecutor$Worker.run(ThreadPoolExecutor.java:624)
        at java.lang.Thread.run(Thread.java:750)
"Command processor thread" daemon prio=5 tid=199 timed_waiting
java.lang.Thread.State: TIMED_WAITING
        at java.lang.Thread.sleep(Native Method)
        at org.apache.hadoop.ozone.container.common.statemachine.DatanodeStateMachine.lambda$initCommandHandlerThread$3(DatanodeStateMachine.java:641)
        at org.apache.hadoop.ozone.container.common.statemachine.DatanodeStateMachine$$Lambda$753/651253568.run(Unknown Source)
        at java.lang.Thread.run(Thread.java:750)
"IPC Server handler 12 on default port 36903" daemon prio=5 tid=79 timed_waiting
java.lang.Thread.State: TIMED_WAITING
        at sun.misc.Unsafe.park(Native Method)
        at java.util.concurrent.locks.LockSupport.parkNanos(LockSupport.java:215)
        at java.util.concurrent.locks.AbstractQueuedSynchronizer$ConditionObject.awaitNanos(AbstractQueuedSynchronizer.java:2078)
        at java.util.concurrent.LinkedBlockingQueue.poll(LinkedBlockingQueue.java:467)
        at org.apache.hadoop.ipc.CallQueueManager.take(CallQueueManager.java:317)
        at org.apache.hadoop.ipc.Server$Handler.run(Server.java:2942)
"44bea1f4-43dd-4415-bb4e-4e9896dd68f6@group-23E40B4D0DDA-SegmentedRaftLogWorker"  prio=5 tid=675 timed_waiting
java.lang.Thread.State: TIMED_WAITING
        at sun.misc.Unsafe.park(Native Method)
        at java.util.concurrent.locks.LockSupport.parkNanos(LockSupport.java:215)
        at java.util.concurrent.locks.AbstractQueuedSynchronizer$ConditionObject.awaitNanos(AbstractQueuedSynchronizer.java:2078)
        at org.apache.ratis.util.DataBlockingQueue.poll(DataBlockingQueue.java:148)
        at org.apache.ratis.server.raftlog.segmented.SegmentedRaftLogWorker.run(SegmentedRaftLogWorker.java:310)
        at org.apache.ratis.server.raftlog.segmented.SegmentedRaftLogWorker$$Lambda$665/2132438442.run(Unknown Source)
        at java.lang.Thread.run(Thread.java:750)
"Session-HouseKeeper-5b4b6f3b-1"  prio=5 tid=118 timed_waiting
java.lang.Thread.State: TIMED_WAITING
        at sun.misc.Unsafe.park(Native Method)
        at java.util.concurrent.locks.LockSupport.parkNanos(LockSupport.java:215)
        at java.util.concurrent.locks.AbstractQueuedSynchronizer$ConditionObject.awaitNanos(AbstractQueuedSynchronizer.java:2078)
        at java.util.concurrent.ScheduledThreadPoolExecutor$DelayedWorkQueue.take(ScheduledThreadPoolExecutor.java:1093)
        at java.util.concurrent.ScheduledThreadPoolExecutor$DelayedWorkQueue.take(ScheduledThreadPoolExecutor.java:809)
        at java.util.concurrent.ThreadPoolExecutor.getTask(ThreadPoolExecutor.java:1074)
        at java.util.concurrent.ThreadPoolExecutor.runWorker(ThreadPoolExecutor.java:1134)
        at java.util.concurrent.ThreadPoolExecutor$Worker.run(ThreadPoolExecutor.java:624)
        at java.lang.Thread.run(Thread.java:750)
"IPC Server handler 7 on default port 34339" daemon prio=5 tid=54 timed_waiting
java.lang.Thread.State: TIMED_WAITING
        at sun.misc.Unsafe.park(Native Method)
        at java.util.concurrent.locks.LockSupport.parkNanos(LockSupport.java:215)
        at java.util.concurrent.locks.AbstractQueuedSynchronizer$ConditionObject.awaitNanos(AbstractQueuedSynchronizer.java:2078)
        at java.util.concurrent.LinkedBlockingQueue.poll(LinkedBlockingQueue.java:467)
        at org.apache.hadoop.ipc.CallQueueManager.take(CallQueueManager.java:317)
        at org.apache.hadoop.ipc.Server$Handler.run(Server.java:2942)
"qtp1815599816-399" daemon prio=5 tid=399 timed_waiting
java.lang.Thread.State: TIMED_WAITING
        at sun.misc.Unsafe.park(Native Method)
        at java.util.concurrent.locks.LockSupport.parkNanos(LockSupport.java:215)
        at java.util.concurrent.locks.AbstractQueuedSynchronizer$ConditionObject.awaitNanos(AbstractQueuedSynchronizer.java:2078)
        at org.eclipse.jetty.util.BlockingArrayQueue.poll(BlockingArrayQueue.java:382)
        at org.eclipse.jetty.util.thread.QueuedThreadPool$Runner.idleJobPoll(QueuedThreadPool.java:974)
        at org.eclipse.jetty.util.thread.QueuedThreadPool$Runner.run(QueuedThreadPool.java:1018)
        at java.lang.Thread.run(Thread.java:750)
"ChunkWriter-0-0" daemon prio=5 tid=337 in Object.wait()
java.lang.Thread.State: WAITING (on object monitor)
        at sun.misc.Unsafe.park(Native Method)
        at java.util.concurrent.locks.LockSupport.park(LockSupport.java:175)
        at java.util.concurrent.locks.AbstractQueuedSynchronizer$ConditionObject.await(AbstractQueuedSynchronizer.java:2039)
        at java.util.concurrent.LinkedBlockingDeque.takeFirst(LinkedBlockingDeque.java:492)
        at java.util.concurrent.LinkedBlockingDeque.take(LinkedBlockingDeque.java:680)
        at java.util.concurrent.ThreadPoolExecutor.getTask(ThreadPoolExecutor.java:1074)
        at java.util.concurrent.ThreadPoolExecutor.runWorker(ThreadPoolExecutor.java:1134)
        at java.util.concurrent.ThreadPoolExecutor$Worker.run(ThreadPoolExecutor.java:624)
        at java.lang.Thread.run(Thread.java:750)
"44bea1f4-43dd-4415-bb4e-4e9896dd68f6@group-23E40B4D0DDA-LeaderStateImpl" daemon prio=5 tid=783 timed_waiting
java.lang.Thread.State: TIMED_WAITING
        at sun.misc.Unsafe.park(Native Method)
        at java.util.concurrent.locks.LockSupport.parkNanos(LockSupport.java:215)
        at java.util.concurrent.locks.AbstractQueuedSynchronizer$ConditionObject.awaitNanos(AbstractQueuedSynchronizer.java:2078)
        at java.util.concurrent.ArrayBlockingQueue.poll(ArrayBlockingQueue.java:418)
        at org.apache.ratis.server.impl.LeaderStateImpl$EventQueue.poll(LeaderStateImpl.java:159)
        at org.apache.ratis.server.impl.LeaderStateImpl$EventProcessor.run(LeaderStateImpl.java:630)
"qtp736862665-358-acceptor-0@5d141574-ServerConnector@254e898e{HTTP/1.1, (http/1.1)}{0.0.0.0:34295}" daemon prio=3 tid=358 runnable
java.lang.Thread.State: RUNNABLE
        at sun.nio.ch.ServerSocketChannelImpl.accept0(Native Method)
        at sun.nio.ch.ServerSocketChannelImpl.accept(ServerSocketChannelImpl.java:421)
        at sun.nio.ch.ServerSocketChannelImpl.accept(ServerSocketChannelImpl.java:249)
        at org.eclipse.jetty.server.ServerConnector.accept(ServerConnector.java:388)
        at org.eclipse.jetty.server.AbstractConnector$Acceptor.run(AbstractConnector.java:704)
        at org.eclipse.jetty.util.thread.QueuedThreadPool.runJob(QueuedThreadPool.java:883)
        at org.eclipse.jetty.util.thread.QueuedThreadPool$Runner.run(QueuedThreadPool.java:1034)
        at java.lang.Thread.run(Thread.java:750)
"ChunkWriter-1-0" daemon prio=5 tid=478 in Object.wait()
java.lang.Thread.State: WAITING (on object monitor)
        at sun.misc.Unsafe.park(Native Method)
        at java.util.concurrent.locks.LockSupport.park(LockSupport.java:175)
        at java.util.concurrent.locks.AbstractQueuedSynchronizer$ConditionObject.await(AbstractQueuedSynchronizer.java:2039)
        at java.util.concurrent.LinkedBlockingDeque.takeFirst(LinkedBlockingDeque.java:492)
        at java.util.concurrent.LinkedBlockingDeque.take(LinkedBlockingDeque.java:680)
        at java.util.concurrent.ThreadPoolExecutor.getTask(ThreadPoolExecutor.java:1074)
        at java.util.concurrent.ThreadPoolExecutor.runWorker(ThreadPoolExecutor.java:1134)
        at java.util.concurrent.ThreadPoolExecutor$Worker.run(ThreadPoolExecutor.java:624)
        at java.lang.Thread.run(Thread.java:750)
"pool-234-thread-1" daemon prio=5 tid=390 timed_waiting
java.lang.Thread.State: TIMED_WAITING
        at sun.misc.Unsafe.park(Native Method)
        at java.util.concurrent.locks.LockSupport.parkNanos(LockSupport.java:215)
        at java.util.concurrent.locks.AbstractQueuedSynchronizer$ConditionObject.awaitNanos(AbstractQueuedSynchronizer.java:2078)
        at java.util.concurrent.ScheduledThreadPoolExecutor$DelayedWorkQueue.take(ScheduledThreadPoolExecutor.java:1093)
        at java.util.concurrent.ScheduledThreadPoolExecutor$DelayedWorkQueue.take(ScheduledThreadPoolExecutor.java:809)
        at java.util.concurrent.ThreadPoolExecutor.getTask(ThreadPoolExecutor.java:1074)
        at java.util.concurrent.ThreadPoolExecutor.runWorker(ThreadPoolExecutor.java:1134)
        at java.util.concurrent.ThreadPoolExecutor$Worker.run(ThreadPoolExecutor.java:624)
        at java.lang.Thread.run(Thread.java:750)
"IPC Server handler 13 on default port 34339" daemon prio=5 tid=60 timed_waiting
java.lang.Thread.State: TIMED_WAITING
        at sun.misc.Unsafe.park(Native Method)
        at java.util.concurrent.locks.LockSupport.parkNanos(LockSupport.java:215)
        at java.util.concurrent.locks.AbstractQueuedSynchronizer$ConditionObject.awaitNanos(AbstractQueuedSynchronizer.java:2078)
        at java.util.concurrent.LinkedBlockingQueue.poll(LinkedBlockingQueue.java:467)
        at org.apache.hadoop.ipc.CallQueueManager.take(CallQueueManager.java:317)
        at org.apache.hadoop.ipc.Server$Handler.run(Server.java:2942)
"JvmPauseMonitor7" daemon prio=5 tid=524 timed_waiting
java.lang.Thread.State: TIMED_WAITING
        at java.lang.Thread.sleep(Native Method)
        at java.lang.Thread.sleep(Thread.java:342)
        at java.util.concurrent.TimeUnit.sleep(TimeUnit.java:386)
        at org.apache.ratis.util.TimeDuration.sleep(TimeDuration.java:325)
        at org.apache.ratis.util.TimeDuration.sleep(TimeDuration.java:310)
        at org.apache.ratis.util.JvmPauseMonitor.detectPause(JvmPauseMonitor.java:119)
        at org.apache.ratis.util.JvmPauseMonitor.run(JvmPauseMonitor.java:108)
        at org.apache.ratis.util.JvmPauseMonitor$$Lambda$706/19678348.run(Unknown Source)
        at java.lang.Thread.run(Thread.java:750)
"IPC Server handler 17 on default port 36903" daemon prio=5 tid=84 timed_waiting
java.lang.Thread.State: TIMED_WAITING
        at sun.misc.Unsafe.park(Native Method)
        at java.util.concurrent.locks.LockSupport.parkNanos(LockSupport.java:215)
        at java.util.concurrent.locks.AbstractQueuedSynchronizer$ConditionObject.awaitNanos(AbstractQueuedSynchronizer.java:2078)
        at java.util.concurrent.LinkedBlockingQueue.poll(LinkedBlockingQueue.java:467)
        at org.apache.hadoop.ipc.CallQueueManager.take(CallQueueManager.java:317)
        at org.apache.hadoop.ipc.Server$Handler.run(Server.java:2942)
"IPC Server handler 1 on default port 34173" daemon prio=5 tid=88 timed_waiting
java.lang.Thread.State: TIMED_WAITING
        at sun.misc.Unsafe.park(Native Method)
        at java.util.concurrent.locks.LockSupport.parkNanos(LockSupport.java:215)
        at java.util.concurrent.locks.AbstractQueuedSynchronizer$ConditionObject.awaitNanos(AbstractQueuedSynchronizer.java:2078)
        at java.util.concurrent.LinkedBlockingQueue.poll(LinkedBlockingQueue.java:467)
        at org.apache.hadoop.ipc.CallQueueManager.take(CallQueueManager.java:317)
        at org.apache.hadoop.ipc.Server$Handler.run(Server.java:2942)
"Datanode ReportManager Thread - 3" daemon prio=5 tid=197 timed_waiting
java.lang.Thread.State: TIMED_WAITING
        at sun.misc.Unsafe.park(Native Method)
        at java.util.concurrent.locks.LockSupport.parkNanos(LockSupport.java:215)
        at java.util.concurrent.locks.AbstractQueuedSynchronizer$ConditionObject.awaitNanos(AbstractQueuedSynchronizer.java:2078)
        at java.util.concurrent.ScheduledThreadPoolExecutor$DelayedWorkQueue.take(ScheduledThreadPoolExecutor.java:1093)
        at java.util.concurrent.ScheduledThreadPoolExecutor$DelayedWorkQueue.take(ScheduledThreadPoolExecutor.java:809)
        at java.util.concurrent.ThreadPoolExecutor.getTask(ThreadPoolExecutor.java:1074)
        at java.util.concurrent.ThreadPoolExecutor.runWorker(ThreadPoolExecutor.java:1134)
        at java.util.concurrent.ThreadPoolExecutor$Worker.run(ThreadPoolExecutor.java:624)
        at java.lang.Thread.run(Thread.java:750)
"Datanode State Machine Task Thread - 0"  prio=5 tid=307 in Object.wait()
java.lang.Thread.State: WAITING (on object monitor)
        at sun.misc.Unsafe.park(Native Method)
        at java.util.concurrent.locks.LockSupport.park(LockSupport.java:175)
        at java.util.concurrent.locks.AbstractQueuedSynchronizer$ConditionObject.await(AbstractQueuedSynchronizer.java:2039)
        at java.util.concurrent.LinkedBlockingQueue.take(LinkedBlockingQueue.java:442)
        at java.util.concurrent.ThreadPoolExecutor.getTask(ThreadPoolExecutor.java:1074)
        at java.util.concurrent.ThreadPoolExecutor.runWorker(ThreadPoolExecutor.java:1134)
        at java.util.concurrent.ThreadPoolExecutor$Worker.run(ThreadPoolExecutor.java:624)
        at java.lang.Thread.run(Thread.java:750)
"EndpointStateMachine task thread for /0.0.0.0:34173 - 0 "  prio=5 tid=424 in Object.wait()
java.lang.Thread.State: WAITING (on object monitor)
        at sun.misc.Unsafe.park(Native Method)
        at java.util.concurrent.locks.LockSupport.park(LockSupport.java:175)
        at java.util.concurrent.locks.AbstractQueuedSynchronizer$ConditionObject.await(AbstractQueuedSynchronizer.java:2039)
        at java.util.concurrent.LinkedBlockingQueue.take(LinkedBlockingQueue.java:442)
        at java.util.concurrent.ThreadPoolExecutor.getTask(ThreadPoolExecutor.java:1074)
        at java.util.concurrent.ThreadPoolExecutor.runWorker(ThreadPoolExecutor.java:1134)
        at java.util.concurrent.ThreadPoolExecutor$Worker.run(ThreadPoolExecutor.java:624)
        at java.lang.Thread.run(Thread.java:750)
"ChunkReader-ELG-0" daemon prio=5 tid=409 runnable
java.lang.Thread.State: RUNNABLE
        at org.apache.ratis.thirdparty.io.netty.channel.epoll.Native.epollWait0(Native Method)
        at org.apache.ratis.thirdparty.io.netty.channel.epoll.Native.epollWait(Native.java:182)
        at org.apache.ratis.thirdparty.io.netty.channel.epoll.EpollEventLoop.epollWait(EpollEventLoop.java:290)
        at org.apache.ratis.thirdparty.io.netty.channel.epoll.EpollEventLoop.run(EpollEventLoop.java:354)
        at org.apache.ratis.thirdparty.io.netty.util.concurrent.SingleThreadEventExecutor$4.run(SingleThreadEventExecutor.java:995)
        at org.apache.ratis.thirdparty.io.netty.util.internal.ThreadExecutorMap$2.run(ThreadExecutorMap.java:74)
        at java.lang.Thread.run(Thread.java:750)
"IPC Server handler 9 on default port 34339" daemon prio=5 tid=56 timed_waiting
java.lang.Thread.State: TIMED_WAITING
        at sun.misc.Unsafe.park(Native Method)
        at java.util.concurrent.locks.LockSupport.parkNanos(LockSupport.java:215)
        at java.util.concurrent.locks.AbstractQueuedSynchronizer$ConditionObject.awaitNanos(AbstractQueuedSynchronizer.java:2078)
        at java.util.concurrent.LinkedBlockingQueue.poll(LinkedBlockingQueue.java:467)
        at org.apache.hadoop.ipc.CallQueueManager.take(CallQueueManager.java:317)
        at org.apache.hadoop.ipc.Server$Handler.run(Server.java:2942)
"97cc06fc-4025-4c76-bebd-c1d7b79fe413@group-B6D24B272EC8->c56757ad-2923-4297-8741-c606545d9a52-GrpcLogAppender-LogAppenderDaemon" daemon prio=5 tid=867 timed_waiting
java.lang.Thread.State: TIMED_WAITING
        at sun.misc.Unsafe.park(Native Method)
        at java.util.concurrent.locks.LockSupport.parkNanos(LockSupport.java:215)
        at java.util.concurrent.CompletableFuture$Signaller.block(CompletableFuture.java:1709)
        at java.util.concurrent.ForkJoinPool.managedBlock(ForkJoinPool.java:3323)
        at java.util.concurrent.CompletableFuture.timedGet(CompletableFuture.java:1788)
        at java.util.concurrent.CompletableFuture.get(CompletableFuture.java:1928)
        at org.apache.ratis.util.AwaitForSignal.await(AwaitForSignal.java:56)
        at org.apache.ratis.grpc.server.GrpcLogAppender.mayWait(GrpcLogAppender.java:198)
        at org.apache.ratis.grpc.server.GrpcLogAppender.run(GrpcLogAppender.java:148)
        at org.apache.ratis.server.leader.LogAppenderDaemon.run(LogAppenderDaemon.java:78)
        at org.apache.ratis.server.leader.LogAppenderDaemon$$Lambda$1043/1122129781.run(Unknown Source)
        at java.lang.Thread.run(Thread.java:750)
"274c4b45-19e0-452f-8d1e-585a77537937@group-5C7E38E1A3A0-LeaderStateImpl" daemon prio=5 tid=689 timed_waiting
java.lang.Thread.State: TIMED_WAITING
        at sun.misc.Unsafe.park(Native Method)
        at java.util.concurrent.locks.LockSupport.parkNanos(LockSupport.java:215)
        at java.util.concurrent.locks.AbstractQueuedSynchronizer$ConditionObject.awaitNanos(AbstractQueuedSynchronizer.java:2078)
        at java.util.concurrent.ArrayBlockingQueue.poll(ArrayBlockingQueue.java:418)
        at org.apache.ratis.server.impl.LeaderStateImpl$EventQueue.poll(LeaderStateImpl.java:159)
        at org.apache.ratis.server.impl.LeaderStateImpl$EventProcessor.run(LeaderStateImpl.java:630)
"81de4557-c158-4718-93a8-b16ff7f8daad-server-thread3" daemon prio=5 tid=837 timed_waiting
java.lang.Thread.State: TIMED_WAITING
        at sun.misc.Unsafe.park(Native Method)
        at java.util.concurrent.locks.LockSupport.parkNanos(LockSupport.java:215)
        at java.util.concurrent.SynchronousQueue$TransferStack.awaitFulfill(SynchronousQueue.java:460)
        at java.util.concurrent.SynchronousQueue$TransferStack.transfer(SynchronousQueue.java:362)
        at java.util.concurrent.SynchronousQueue.poll(SynchronousQueue.java:941)
        at java.util.concurrent.ThreadPoolExecutor.getTask(ThreadPoolExecutor.java:1073)
        at java.util.concurrent.ThreadPoolExecutor.runWorker(ThreadPoolExecutor.java:1134)
        at java.util.concurrent.ThreadPoolExecutor$Worker.run(ThreadPoolExecutor.java:624)
        at java.lang.Thread.run(Thread.java:750)
"Datanode ReportManager Thread - 2" daemon prio=5 tid=501 timed_waiting
java.lang.Thread.State: TIMED_WAITING
        at sun.misc.Unsafe.park(Native Method)
        at java.util.concurrent.locks.LockSupport.parkNanos(LockSupport.java:215)
        at java.util.concurrent.locks.AbstractQueuedSynchronizer$ConditionObject.awaitNanos(AbstractQueuedSynchronizer.java:2078)
        at java.util.concurrent.ScheduledThreadPoolExecutor$DelayedWorkQueue.take(ScheduledThreadPoolExecutor.java:1093)
        at java.util.concurrent.ScheduledThreadPoolExecutor$DelayedWorkQueue.take(ScheduledThreadPoolExecutor.java:809)
        at java.util.concurrent.ThreadPoolExecutor.getTask(ThreadPoolExecutor.java:1074)
        at java.util.concurrent.ThreadPoolExecutor.runWorker(ThreadPoolExecutor.java:1134)
        at java.util.concurrent.ThreadPoolExecutor$Worker.run(ThreadPoolExecutor.java:624)
        at java.lang.Thread.run(Thread.java:750)
"pool-81-thread-1"  prio=5 tid=183 timed_waiting
java.lang.Thread.State: TIMED_WAITING
        at sun.misc.Unsafe.park(Native Method)
        at java.util.concurrent.locks.LockSupport.parkNanos(LockSupport.java:215)
        at java.util.concurrent.locks.AbstractQueuedSynchronizer$ConditionObject.awaitNanos(AbstractQueuedSynchronizer.java:2078)
        at java.util.concurrent.ScheduledThreadPoolExecutor$DelayedWorkQueue.take(ScheduledThreadPoolExecutor.java:1093)
        at java.util.concurrent.ScheduledThreadPoolExecutor$DelayedWorkQueue.take(ScheduledThreadPoolExecutor.java:809)
        at java.util.concurrent.ThreadPoolExecutor.getTask(ThreadPoolExecutor.java:1074)
        at java.util.concurrent.ThreadPoolExecutor.runWorker(ThreadPoolExecutor.java:1134)
        at java.util.concurrent.ThreadPoolExecutor$Worker.run(ThreadPoolExecutor.java:624)
        at java.lang.Thread.run(Thread.java:750)
"81de4557-c158-4718-93a8-b16ff7f8daad@group-0E2E749C66FF-StateMachineUpdater" daemon prio=5 tid=674 timed_waiting
java.lang.Thread.State: TIMED_WAITING
        at sun.misc.Unsafe.park(Native Method)
        at java.util.concurrent.locks.LockSupport.parkNanos(LockSupport.java:215)
        at java.util.concurrent.CompletableFuture$Signaller.block(CompletableFuture.java:1709)
        at java.util.concurrent.ForkJoinPool.managedBlock(ForkJoinPool.java:3323)
        at java.util.concurrent.CompletableFuture.timedGet(CompletableFuture.java:1788)
        at java.util.concurrent.CompletableFuture.get(CompletableFuture.java:1928)
        at org.apache.ratis.util.AwaitForSignal.await(AwaitForSignal.java:56)
        at org.apache.ratis.server.impl.StateMachineUpdater.waitForCommit(StateMachineUpdater.java:207)
        at org.apache.ratis.server.impl.StateMachineUpdater.run(StateMachineUpdater.java:176)
        at java.lang.Thread.run(Thread.java:750)
"Socket Reader #1 for port 0"  prio=5 tid=131 runnable
java.lang.Thread.State: RUNNABLE
        at sun.nio.ch.EPollArrayWrapper.epollWait(Native Method)
        at sun.nio.ch.EPollArrayWrapper.poll(EPollArrayWrapper.java:269)
        at sun.nio.ch.EPollSelectorImpl.doSelect(EPollSelectorImpl.java:93)
        at sun.nio.ch.SelectorImpl.lockAndDoSelect(SelectorImpl.java:86)
        at sun.nio.ch.SelectorImpl.select(SelectorImpl.java:97)
        at sun.nio.ch.SelectorImpl.select(SelectorImpl.java:101)
        at org.apache.hadoop.ipc.Server$Listener$Reader.doRunLoop(Server.java:1296)
        at org.apache.hadoop.ipc.Server$Listener$Reader.run(Server.java:1275)
"IPC Server Responder" daemon prio=5 tid=26 runnable
java.lang.Thread.State: RUNNABLE
        at sun.nio.ch.EPollArrayWrapper.epollWait(Native Method)
        at sun.nio.ch.EPollArrayWrapper.poll(EPollArrayWrapper.java:269)
        at sun.nio.ch.EPollSelectorImpl.doSelect(EPollSelectorImpl.java:93)
        at sun.nio.ch.SelectorImpl.lockAndDoSelect(SelectorImpl.java:86)
        at sun.nio.ch.SelectorImpl.select(SelectorImpl.java:97)
        at org.apache.hadoop.ipc.Server$Responder.doRunLoop(Server.java:1532)
        at org.apache.hadoop.ipc.Server$Responder.run(Server.java:1515)
"org.apache.hadoop.util.JvmPauseMonitor$Monitor@502809" daemon prio=5 tid=306 timed_waiting
java.lang.Thread.State: TIMED_WAITING
        at java.lang.Thread.sleep(Native Method)
        at org.apache.hadoop.util.JvmPauseMonitor$Monitor.run(JvmPauseMonitor.java:192)
        at java.lang.Thread.run(Thread.java:750)
"qtp1374355136-114" daemon prio=5 tid=114 timed_waiting
java.lang.Thread.State: TIMED_WAITING
        at sun.misc.Unsafe.park(Native Method)
        at java.util.concurrent.locks.LockSupport.parkNanos(LockSupport.java:215)
        at java.util.concurrent.locks.AbstractQueuedSynchronizer$ConditionObject.awaitNanos(AbstractQueuedSynchronizer.java:2078)
        at org.eclipse.jetty.util.BlockingArrayQueue.poll(BlockingArrayQueue.java:382)
        at org.eclipse.jetty.util.thread.QueuedThreadPool$Runner.idleJobPoll(QueuedThreadPool.java:974)
        at org.eclipse.jetty.util.thread.QueuedThreadPool$Runner.run(QueuedThreadPool.java:1018)
        at java.lang.Thread.run(Thread.java:750)
"qtp1374355136-113" daemon prio=5 tid=113 timed_waiting
java.lang.Thread.State: TIMED_WAITING
        at sun.misc.Unsafe.park(Native Method)
        at java.util.concurrent.locks.LockSupport.parkNanos(LockSupport.java:215)
        at java.util.concurrent.locks.AbstractQueuedSynchronizer$ConditionObject.awaitNanos(AbstractQueuedSynchronizer.java:2078)
        at org.eclipse.jetty.util.BlockingArrayQueue.poll(BlockingArrayQueue.java:382)
        at org.eclipse.jetty.util.thread.QueuedThreadPool$Runner.idleJobPoll(QueuedThreadPool.java:974)
        at org.eclipse.jetty.util.thread.QueuedThreadPool$Runner.run(QueuedThreadPool.java:1018)
        at java.lang.Thread.run(Thread.java:750)
"org.apache.hadoop.util.JvmPauseMonitor$Monitor@1d690685" daemon prio=5 tid=459 timed_waiting
java.lang.Thread.State: TIMED_WAITING
        at java.lang.Thread.sleep(Native Method)
        at org.apache.hadoop.util.JvmPauseMonitor$Monitor.run(JvmPauseMonitor.java:192)
        at java.lang.Thread.run(Thread.java:750)
"IPC Server handler 4 on default port 36903" daemon prio=5 tid=71 timed_waiting
java.lang.Thread.State: TIMED_WAITING
        at sun.misc.Unsafe.park(Native Method)
        at java.util.concurrent.locks.LockSupport.parkNanos(LockSupport.java:215)
        at java.util.concurrent.locks.AbstractQueuedSynchronizer$ConditionObject.awaitNanos(AbstractQueuedSynchronizer.java:2078)
        at java.util.concurrent.LinkedBlockingQueue.poll(LinkedBlockingQueue.java:467)
        at org.apache.hadoop.ipc.CallQueueManager.take(CallQueueManager.java:317)
        at org.apache.hadoop.ipc.Server$Handler.run(Server.java:2942)
"Command processor thread" daemon prio=5 tid=420 timed_waiting
java.lang.Thread.State: TIMED_WAITING
        at java.lang.Thread.sleep(Native Method)
        at org.apache.hadoop.ozone.container.common.statemachine.DatanodeStateMachine.lambda$initCommandHandlerThread$3(DatanodeStateMachine.java:641)
        at org.apache.hadoop.ozone.container.common.statemachine.DatanodeStateMachine$$Lambda$753/651253568.run(Unknown Source)
        at java.lang.Thread.run(Thread.java:750)
"Datanode ReportManager Thread - 2" daemon prio=5 tid=417 timed_waiting
java.lang.Thread.State: TIMED_WAITING
        at sun.misc.Unsafe.park(Native Method)
        at java.util.concurrent.locks.LockSupport.parkNanos(LockSupport.java:215)
        at java.util.concurrent.locks.AbstractQueuedSynchronizer$ConditionObject.awaitNanos(AbstractQueuedSynchronizer.java:2078)
        at java.util.concurrent.ScheduledThreadPoolExecutor$DelayedWorkQueue.take(ScheduledThreadPoolExecutor.java:1093)
        at java.util.concurrent.ScheduledThreadPoolExecutor$DelayedWorkQueue.take(ScheduledThreadPoolExecutor.java:809)
        at java.util.concurrent.ThreadPoolExecutor.getTask(ThreadPoolExecutor.java:1074)
        at java.util.concurrent.ThreadPoolExecutor.runWorker(ThreadPoolExecutor.java:1134)
        at java.util.concurrent.ThreadPoolExecutor$Worker.run(ThreadPoolExecutor.java:624)
        at java.lang.Thread.run(Thread.java:750)
"IPC Server handler 9 on default port 34735" daemon prio=5 tid=163 timed_waiting
java.lang.Thread.State: TIMED_WAITING
        at sun.misc.Unsafe.park(Native Method)
        at java.util.concurrent.locks.LockSupport.parkNanos(LockSupport.java:215)
        at java.util.concurrent.locks.AbstractQueuedSynchronizer$ConditionObject.awaitNanos(AbstractQueuedSynchronizer.java:2078)
        at java.util.concurrent.LinkedBlockingQueue.poll(LinkedBlockingQueue.java:467)
        at org.apache.hadoop.ipc.CallQueueManager.take(CallQueueManager.java:317)
        at org.apache.hadoop.ipc.Server$Handler.run(Server.java:2942)
"StaleRecoveringContainerScrubbingService#2" daemon prio=5 tid=905 in Object.wait()
java.lang.Thread.State: WAITING (on object monitor)
        at sun.misc.Unsafe.park(Native Method)
        at java.util.concurrent.locks.LockSupport.park(LockSupport.java:175)
        at java.util.concurrent.locks.AbstractQueuedSynchronizer$ConditionObject.await(AbstractQueuedSynchronizer.java:2039)
        at java.util.concurrent.ScheduledThreadPoolExecutor$DelayedWorkQueue.take(ScheduledThreadPoolExecutor.java:1088)
        at java.util.concurrent.ScheduledThreadPoolExecutor$DelayedWorkQueue.take(ScheduledThreadPoolExecutor.java:809)
        at java.util.concurrent.ThreadPoolExecutor.getTask(ThreadPoolExecutor.java:1074)
        at java.util.concurrent.ThreadPoolExecutor.runWorker(ThreadPoolExecutor.java:1134)
        at java.util.concurrent.ThreadPoolExecutor$Worker.run(ThreadPoolExecutor.java:624)
        at java.lang.Thread.run(Thread.java:750)
"Over Replicated Processor" daemon prio=5 tid=847 timed_waiting
java.lang.Thread.State: TIMED_WAITING
        at java.lang.Object.wait(Native Method)
        at org.apache.hadoop.hdds.scm.container.replication.OverReplicatedProcessor.run(OverReplicatedProcessor.java:131)
        at java.lang.Thread.run(Thread.java:750)
"ChunkWriter-3-0" daemon prio=5 tid=535 in Object.wait()
java.lang.Thread.State: WAITING (on object monitor)
        at sun.misc.Unsafe.park(Native Method)
        at java.util.concurrent.locks.LockSupport.park(LockSupport.java:175)
        at java.util.concurrent.locks.AbstractQueuedSynchronizer$ConditionObject.await(AbstractQueuedSynchronizer.java:2039)
        at java.util.concurrent.LinkedBlockingDeque.takeFirst(LinkedBlockingDeque.java:492)
        at java.util.concurrent.LinkedBlockingDeque.take(LinkedBlockingDeque.java:680)
        at java.util.concurrent.ThreadPoolExecutor.getTask(ThreadPoolExecutor.java:1074)
        at java.util.concurrent.ThreadPoolExecutor.runWorker(ThreadPoolExecutor.java:1134)
        at java.util.concurrent.ThreadPoolExecutor$Worker.run(ThreadPoolExecutor.java:624)
        at java.lang.Thread.run(Thread.java:750)
"c56757ad-2923-4297-8741-c606545d9a52@group-60E6F5B2365A-StateMachineUpdater" daemon prio=5 tid=602 timed_waiting
java.lang.Thread.State: TIMED_WAITING
        at sun.misc.Unsafe.park(Native Method)
        at java.util.concurrent.locks.LockSupport.parkNanos(LockSupport.java:215)
        at java.util.concurrent.CompletableFuture$Signaller.block(CompletableFuture.java:1709)
        at java.util.concurrent.ForkJoinPool.managedBlock(ForkJoinPool.java:3323)
        at java.util.concurrent.CompletableFuture.timedGet(CompletableFuture.java:1788)
        at java.util.concurrent.CompletableFuture.get(CompletableFuture.java:1928)
        at org.apache.ratis.util.AwaitForSignal.await(AwaitForSignal.java:56)
        at org.apache.ratis.server.impl.StateMachineUpdater.waitForCommit(StateMachineUpdater.java:207)
        at org.apache.ratis.server.impl.StateMachineUpdater.run(StateMachineUpdater.java:176)
        at java.lang.Thread.run(Thread.java:750)
"IPC Server handler 13 on default port 34173" daemon prio=5 tid=100 timed_waiting
java.lang.Thread.State: TIMED_WAITING
        at sun.misc.Unsafe.park(Native Method)
        at java.util.concurrent.locks.LockSupport.parkNanos(LockSupport.java:215)
        at java.util.concurrent.locks.AbstractQueuedSynchronizer$ConditionObject.awaitNanos(AbstractQueuedSynchronizer.java:2078)
        at java.util.concurrent.LinkedBlockingQueue.poll(LinkedBlockingQueue.java:467)
        at org.apache.hadoop.ipc.CallQueueManager.take(CallQueueManager.java:317)
        at org.apache.hadoop.ipc.Server$Handler.run(Server.java:2942)
"EventQueue-NodeRegistrationContainerReportForDataNodeSafeModeRule" daemon prio=5 tid=465 in Object.wait()
java.lang.Thread.State: WAITING (on object monitor)
        at sun.misc.Unsafe.park(Native Method)
        at java.util.concurrent.locks.LockSupport.park(LockSupport.java:175)
        at java.util.concurrent.locks.AbstractQueuedSynchronizer$ConditionObject.await(AbstractQueuedSynchronizer.java:2039)
        at java.util.concurrent.LinkedBlockingQueue.take(LinkedBlockingQueue.java:442)
        at java.util.concurrent.ThreadPoolExecutor.getTask(ThreadPoolExecutor.java:1074)
        at java.util.concurrent.ThreadPoolExecutor.runWorker(ThreadPoolExecutor.java:1134)
        at java.util.concurrent.ThreadPoolExecutor$Worker.run(ThreadPoolExecutor.java:624)
        at java.lang.Thread.run(Thread.java:750)
"IPC Server handler 0 on default port 36903" daemon prio=5 tid=67 timed_waiting
java.lang.Thread.State: TIMED_WAITING
        at sun.misc.Unsafe.park(Native Method)
        at java.util.concurrent.locks.LockSupport.parkNanos(LockSupport.java:215)
        at java.util.concurrent.locks.AbstractQueuedSynchronizer$ConditionObject.awaitNanos(AbstractQueuedSynchronizer.java:2078)
        at java.util.concurrent.LinkedBlockingQueue.poll(LinkedBlockingQueue.java:467)
        at org.apache.hadoop.ipc.CallQueueManager.take(CallQueueManager.java:317)
        at org.apache.hadoop.ipc.Server$Handler.run(Server.java:2942)
"BlockDeletingService#2" daemon prio=5 tid=908 in Object.wait()
java.lang.Thread.State: WAITING (on object monitor)
        at sun.misc.Unsafe.park(Native Method)
        at java.util.concurrent.locks.LockSupport.park(LockSupport.java:175)
        at java.util.concurrent.locks.AbstractQueuedSynchronizer$ConditionObject.await(AbstractQueuedSynchronizer.java:2039)
        at java.util.concurrent.ScheduledThreadPoolExecutor$DelayedWorkQueue.take(ScheduledThreadPoolExecutor.java:1088)
        at java.util.concurrent.ScheduledThreadPoolExecutor$DelayedWorkQueue.take(ScheduledThreadPoolExecutor.java:809)
        at java.util.concurrent.ThreadPoolExecutor.getTask(ThreadPoolExecutor.java:1074)
        at java.util.concurrent.ThreadPoolExecutor.runWorker(ThreadPoolExecutor.java:1134)
        at java.util.concurrent.ThreadPoolExecutor$Worker.run(ThreadPoolExecutor.java:624)
        at java.lang.Thread.run(Thread.java:750)
"Datanode ReportManager Thread - 4" daemon prio=5 tid=457 timed_waiting
java.lang.Thread.State: TIMED_WAITING
        at sun.misc.Unsafe.park(Native Method)
        at java.util.concurrent.locks.LockSupport.parkNanos(LockSupport.java:215)
        at java.util.concurrent.locks.AbstractQueuedSynchronizer$ConditionObject.awaitNanos(AbstractQueuedSynchronizer.java:2078)
        at java.util.concurrent.ScheduledThreadPoolExecutor$DelayedWorkQueue.take(ScheduledThreadPoolExecutor.java:1093)
        at java.util.concurrent.ScheduledThreadPoolExecutor$DelayedWorkQueue.take(ScheduledThreadPoolExecutor.java:809)
        at java.util.concurrent.ThreadPoolExecutor.getTask(ThreadPoolExecutor.java:1074)
        at java.util.concurrent.ThreadPoolExecutor.runWorker(ThreadPoolExecutor.java:1134)
        at java.util.concurrent.ThreadPoolExecutor$Worker.run(ThreadPoolExecutor.java:624)
        at java.lang.Thread.run(Thread.java:750)
"org.apache.hadoop.util.JvmPauseMonitor$Monitor@5ce601d6" daemon prio=5 tid=280 timed_waiting
java.lang.Thread.State: TIMED_WAITING
        at java.lang.Thread.sleep(Native Method)
        at org.apache.hadoop.util.JvmPauseMonitor$Monitor.run(JvmPauseMonitor.java:192)
        at java.lang.Thread.run(Thread.java:750)
"BlockDeletingService#0" daemon prio=5 tid=538 in Object.wait()
java.lang.Thread.State: WAITING (on object monitor)
        at sun.misc.Unsafe.park(Native Method)
        at java.util.concurrent.locks.LockSupport.park(LockSupport.java:175)
        at java.util.concurrent.locks.AbstractQueuedSynchronizer$ConditionObject.await(AbstractQueuedSynchronizer.java:2039)
        at java.util.concurrent.ScheduledThreadPoolExecutor$DelayedWorkQueue.take(ScheduledThreadPoolExecutor.java:1088)
        at java.util.concurrent.ScheduledThreadPoolExecutor$DelayedWorkQueue.take(ScheduledThreadPoolExecutor.java:809)
        at java.util.concurrent.ThreadPoolExecutor.getTask(ThreadPoolExecutor.java:1074)
        at java.util.concurrent.ThreadPoolExecutor.runWorker(ThreadPoolExecutor.java:1134)
        at java.util.concurrent.ThreadPoolExecutor$Worker.run(ThreadPoolExecutor.java:624)
        at java.lang.Thread.run(Thread.java:750)
"pool-261-thread-1" daemon prio=5 tid=428 timed_waiting
java.lang.Thread.State: TIMED_WAITING
        at sun.misc.Unsafe.park(Native Method)
        at java.util.concurrent.locks.LockSupport.parkNanos(LockSupport.java:215)
        at java.util.concurrent.locks.AbstractQueuedSynchronizer$ConditionObject.awaitNanos(AbstractQueuedSynchronizer.java:2078)
        at java.util.concurrent.ScheduledThreadPoolExecutor$DelayedWorkQueue.take(ScheduledThreadPoolExecutor.java:1093)
        at java.util.concurrent.ScheduledThreadPoolExecutor$DelayedWorkQueue.take(ScheduledThreadPoolExecutor.java:809)
        at java.util.concurrent.ThreadPoolExecutor.getTask(ThreadPoolExecutor.java:1074)
        at java.util.concurrent.ThreadPoolExecutor.runWorker(ThreadPoolExecutor.java:1134)
        at java.util.concurrent.ThreadPoolExecutor$Worker.run(ThreadPoolExecutor.java:624)
        at java.lang.Thread.run(Thread.java:750)
"IPC Server handler 4 on default port 34339" daemon prio=5 tid=51 timed_waiting
java.lang.Thread.State: TIMED_WAITING
        at sun.misc.Unsafe.park(Native Method)
        at java.util.concurrent.locks.LockSupport.parkNanos(LockSupport.java:215)
        at java.util.concurrent.locks.AbstractQueuedSynchronizer$ConditionObject.awaitNanos(AbstractQueuedSynchronizer.java:2078)
        at java.util.concurrent.LinkedBlockingQueue.poll(LinkedBlockingQueue.java:467)
        at org.apache.hadoop.ipc.CallQueueManager.take(CallQueueManager.java:317)
        at org.apache.hadoop.ipc.Server$Handler.run(Server.java:2942)
"957f0a06-02fd-450d-99be-0926792af3ec@group-38ABB79AD11D-StateMachineUpdater" daemon prio=5 tid=613 timed_waiting
java.lang.Thread.State: TIMED_WAITING
        at sun.misc.Unsafe.park(Native Method)
        at java.util.concurrent.locks.LockSupport.parkNanos(LockSupport.java:215)
        at java.util.concurrent.CompletableFuture$Signaller.block(CompletableFuture.java:1709)
        at java.util.concurrent.ForkJoinPool.managedBlock(ForkJoinPool.java:3323)
        at java.util.concurrent.CompletableFuture.timedGet(CompletableFuture.java:1788)
        at java.util.concurrent.CompletableFuture.get(CompletableFuture.java:1928)
        at org.apache.ratis.util.AwaitForSignal.await(AwaitForSignal.java:56)
        at org.apache.ratis.server.impl.StateMachineUpdater.waitForCommit(StateMachineUpdater.java:207)
        at org.apache.ratis.server.impl.StateMachineUpdater.run(StateMachineUpdater.java:176)
        at java.lang.Thread.run(Thread.java:750)
"Command processor thread" daemon prio=5 tid=227 timed_waiting
java.lang.Thread.State: TIMED_WAITING
        at java.lang.Thread.sleep(Native Method)
        at org.apache.hadoop.ozone.container.common.statemachine.DatanodeStateMachine.lambda$initCommandHandlerThread$3(DatanodeStateMachine.java:641)
        at org.apache.hadoop.ozone.container.common.statemachine.DatanodeStateMachine$$Lambda$753/651253568.run(Unknown Source)
        at java.lang.Thread.run(Thread.java:750)
"Datanode ReportManager Thread - 3" daemon prio=5 tid=251 in Object.wait()
java.lang.Thread.State: WAITING (on object monitor)
        at sun.misc.Unsafe.park(Native Method)
        at java.util.concurrent.locks.LockSupport.park(LockSupport.java:175)
        at java.util.concurrent.locks.AbstractQueuedSynchronizer$ConditionObject.await(AbstractQueuedSynchronizer.java:2039)
        at java.util.concurrent.ScheduledThreadPoolExecutor$DelayedWorkQueue.take(ScheduledThreadPoolExecutor.java:1088)
        at java.util.concurrent.ScheduledThreadPoolExecutor$DelayedWorkQueue.take(ScheduledThreadPoolExecutor.java:809)
        at java.util.concurrent.ThreadPoolExecutor.getTask(ThreadPoolExecutor.java:1074)
        at java.util.concurrent.ThreadPoolExecutor.runWorker(ThreadPoolExecutor.java:1134)
        at java.util.concurrent.ThreadPoolExecutor$Worker.run(ThreadPoolExecutor.java:624)
        at java.lang.Thread.run(Thread.java:750)
"qtp2024219843-490" daemon prio=5 tid=490 timed_waiting
java.lang.Thread.State: TIMED_WAITING
        at sun.misc.Unsafe.park(Native Method)
        at java.util.concurrent.locks.LockSupport.parkNanos(LockSupport.java:215)
        at java.util.concurrent.locks.AbstractQueuedSynchronizer$ConditionObject.awaitNanos(AbstractQueuedSynchronizer.java:2078)
        at org.eclipse.jetty.util.BlockingArrayQueue.poll(BlockingArrayQueue.java:382)
        at org.eclipse.jetty.util.thread.QueuedThreadPool$Runner.idleJobPoll(QueuedThreadPool.java:974)
        at org.eclipse.jetty.util.thread.QueuedThreadPool$Runner.run(QueuedThreadPool.java:1018)
        at java.lang.Thread.run(Thread.java:750)
"Datanode ReportManager Thread - 2" daemon prio=5 tid=302 timed_waiting
java.lang.Thread.State: TIMED_WAITING
        at sun.misc.Unsafe.park(Native Method)
        at java.util.concurrent.locks.LockSupport.parkNanos(LockSupport.java:215)
        at java.util.concurrent.locks.AbstractQueuedSynchronizer$ConditionObject.awaitNanos(AbstractQueuedSynchronizer.java:2078)
        at java.util.concurrent.ScheduledThreadPoolExecutor$DelayedWorkQueue.take(ScheduledThreadPoolExecutor.java:1093)
        at java.util.concurrent.ScheduledThreadPoolExecutor$DelayedWorkQueue.take(ScheduledThreadPoolExecutor.java:809)
        at java.util.concurrent.ThreadPoolExecutor.getTask(ThreadPoolExecutor.java:1074)
        at java.util.concurrent.ThreadPoolExecutor.runWorker(ThreadPoolExecutor.java:1134)
        at java.util.concurrent.ThreadPoolExecutor$Worker.run(ThreadPoolExecutor.java:624)
        at java.lang.Thread.run(Thread.java:750)
"ChunkWriter-0-0" daemon prio=5 tid=404 in Object.wait()
java.lang.Thread.State: WAITING (on object monitor)
        at sun.misc.Unsafe.park(Native Method)
        at java.util.concurrent.locks.LockSupport.park(LockSupport.java:175)
        at java.util.concurrent.locks.AbstractQueuedSynchronizer$ConditionObject.await(AbstractQueuedSynchronizer.java:2039)
        at java.util.concurrent.LinkedBlockingDeque.takeFirst(LinkedBlockingDeque.java:492)
        at java.util.concurrent.LinkedBlockingDeque.take(LinkedBlockingDeque.java:680)
        at java.util.concurrent.ThreadPoolExecutor.getTask(ThreadPoolExecutor.java:1074)
        at java.util.concurrent.ThreadPoolExecutor.runWorker(ThreadPoolExecutor.java:1134)
        at java.util.concurrent.ThreadPoolExecutor$Worker.run(ThreadPoolExecutor.java:624)
        at java.lang.Thread.run(Thread.java:750)
"IPC Server Responder" daemon prio=5 tid=133 runnable
java.lang.Thread.State: RUNNABLE
        at sun.nio.ch.EPollArrayWrapper.epollWait(Native Method)
        at sun.nio.ch.EPollArrayWrapper.poll(EPollArrayWrapper.java:269)
        at sun.nio.ch.EPollSelectorImpl.doSelect(EPollSelectorImpl.java:93)
        at sun.nio.ch.SelectorImpl.lockAndDoSelect(SelectorImpl.java:86)
        at sun.nio.ch.SelectorImpl.select(SelectorImpl.java:97)
        at org.apache.hadoop.ipc.Server$Responder.doRunLoop(Server.java:1532)
        at org.apache.hadoop.ipc.Server$Responder.run(Server.java:1515)
"qtp1604011014-271" daemon prio=5 tid=271 timed_waiting
java.lang.Thread.State: TIMED_WAITING
        at sun.misc.Unsafe.park(Native Method)
        at java.util.concurrent.locks.LockSupport.parkNanos(LockSupport.java:215)
        at java.util.concurrent.locks.AbstractQueuedSynchronizer$ConditionObject.awaitNanos(AbstractQueuedSynchronizer.java:2078)
        at org.eclipse.jetty.util.BlockingArrayQueue.poll(BlockingArrayQueue.java:382)
        at org.eclipse.jetty.util.thread.QueuedThreadPool$Runner.idleJobPoll(QueuedThreadPool.java:974)
        at org.eclipse.jetty.util.thread.QueuedThreadPool$Runner.run(QueuedThreadPool.java:1018)
        at java.lang.Thread.run(Thread.java:750)
"grpc-default-executor-4" daemon prio=5 tid=764 timed_waiting
java.lang.Thread.State: TIMED_WAITING
        at sun.misc.Unsafe.park(Native Method)
        at java.util.concurrent.locks.LockSupport.parkNanos(LockSupport.java:215)
        at java.util.concurrent.SynchronousQueue$TransferStack.awaitFulfill(SynchronousQueue.java:460)
        at java.util.concurrent.SynchronousQueue$TransferStack.transfer(SynchronousQueue.java:362)
        at java.util.concurrent.SynchronousQueue.poll(SynchronousQueue.java:941)
        at java.util.concurrent.ThreadPoolExecutor.getTask(ThreadPoolExecutor.java:1073)
        at java.util.concurrent.ThreadPoolExecutor.runWorker(ThreadPoolExecutor.java:1134)
        at java.util.concurrent.ThreadPoolExecutor$Worker.run(ThreadPoolExecutor.java:624)
        at java.lang.Thread.run(Thread.java:750)
"JvmPauseMonitor8" daemon prio=5 tid=536 timed_waiting
java.lang.Thread.State: TIMED_WAITING
        at java.lang.Thread.sleep(Native Method)
        at java.lang.Thread.sleep(Thread.java:342)
        at java.util.concurrent.TimeUnit.sleep(TimeUnit.java:386)
        at org.apache.ratis.util.TimeDuration.sleep(TimeDuration.java:325)
        at org.apache.ratis.util.TimeDuration.sleep(TimeDuration.java:310)
        at org.apache.ratis.util.JvmPauseMonitor.detectPause(JvmPauseMonitor.java:119)
        at org.apache.ratis.util.JvmPauseMonitor.run(JvmPauseMonitor.java:108)
        at org.apache.ratis.util.JvmPauseMonitor$$Lambda$706/19678348.run(Unknown Source)
        at java.lang.Thread.run(Thread.java:750)
"ChunkWriter-0-0" daemon prio=5 tid=477 in Object.wait()
java.lang.Thread.State: WAITING (on object monitor)
        at sun.misc.Unsafe.park(Native Method)
        at java.util.concurrent.locks.LockSupport.park(LockSupport.java:175)
        at java.util.concurrent.locks.AbstractQueuedSynchronizer$ConditionObject.await(AbstractQueuedSynchronizer.java:2039)
        at java.util.concurrent.LinkedBlockingDeque.takeFirst(LinkedBlockingDeque.java:492)
        at java.util.concurrent.LinkedBlockingDeque.take(LinkedBlockingDeque.java:680)
        at java.util.concurrent.ThreadPoolExecutor.getTask(ThreadPoolExecutor.java:1074)
        at java.util.concurrent.ThreadPoolExecutor.runWorker(ThreadPoolExecutor.java:1134)
        at java.util.concurrent.ThreadPoolExecutor$Worker.run(ThreadPoolExecutor.java:624)
        at java.lang.Thread.run(Thread.java:750)
"274c4b45-19e0-452f-8d1e-585a77537937-server-thread1" daemon prio=5 tid=807 timed_waiting
java.lang.Thread.State: TIMED_WAITING
        at sun.misc.Unsafe.park(Native Method)
        at java.util.concurrent.locks.LockSupport.parkNanos(LockSupport.java:215)
        at java.util.concurrent.SynchronousQueue$TransferStack.awaitFulfill(SynchronousQueue.java:460)
        at java.util.concurrent.SynchronousQueue$TransferStack.transfer(SynchronousQueue.java:362)
        at java.util.concurrent.SynchronousQueue.poll(SynchronousQueue.java:941)
        at java.util.concurrent.ThreadPoolExecutor.getTask(ThreadPoolExecutor.java:1073)
        at java.util.concurrent.ThreadPoolExecutor.runWorker(ThreadPoolExecutor.java:1134)
        at java.util.concurrent.ThreadPoolExecutor$Worker.run(ThreadPoolExecutor.java:624)
        at java.lang.Thread.run(Thread.java:750)
"StaleRecoveringContainerScrubbingService#1" daemon prio=5 tid=345 timed_waiting
java.lang.Thread.State: TIMED_WAITING
        at sun.misc.Unsafe.park(Native Method)
        at java.util.concurrent.locks.LockSupport.parkNanos(LockSupport.java:215)
        at java.util.concurrent.locks.AbstractQueuedSynchronizer$ConditionObject.awaitNanos(AbstractQueuedSynchronizer.java:2078)
        at java.util.concurrent.ScheduledThreadPoolExecutor$DelayedWorkQueue.take(ScheduledThreadPoolExecutor.java:1093)
        at java.util.concurrent.ScheduledThreadPoolExecutor$DelayedWorkQueue.take(ScheduledThreadPoolExecutor.java:809)
        at java.util.concurrent.ThreadPoolExecutor.getTask(ThreadPoolExecutor.java:1074)
        at java.util.concurrent.ThreadPoolExecutor.runWorker(ThreadPoolExecutor.java:1134)
        at java.util.concurrent.ThreadPoolExecutor$Worker.run(ThreadPoolExecutor.java:624)
        at java.lang.Thread.run(Thread.java:750)
"PartialTableCache Cleanup Thread - 0" daemon prio=5 tid=897 in Object.wait()
java.lang.Thread.State: WAITING (on object monitor)
        at sun.misc.Unsafe.park(Native Method)
        at java.util.concurrent.locks.LockSupport.park(LockSupport.java:175)
        at java.util.concurrent.locks.AbstractQueuedSynchronizer$ConditionObject.await(AbstractQueuedSynchronizer.java:2039)
        at java.util.concurrent.LinkedBlockingQueue.take(LinkedBlockingQueue.java:442)
        at java.util.concurrent.ThreadPoolExecutor.getTask(ThreadPoolExecutor.java:1074)
        at java.util.concurrent.ThreadPoolExecutor.runWorker(ThreadPoolExecutor.java:1134)
        at java.util.concurrent.ThreadPoolExecutor$Worker.run(ThreadPoolExecutor.java:624)
        at java.lang.Thread.run(Thread.java:750)
"Reference Handler" daemon prio=10 tid=2 in Object.wait()
java.lang.Thread.State: WAITING (on object monitor)
        at java.lang.Object.wait(Native Method)
        at java.lang.Object.wait(Object.java:502)
        at java.lang.ref.Reference.tryHandlePending(Reference.java:191)
        at java.lang.ref.Reference$ReferenceHandler.run(Reference.java:153)
"qtp1321633829-440" daemon prio=5 tid=440 timed_waiting
java.lang.Thread.State: TIMED_WAITING
        at sun.misc.Unsafe.park(Native Method)
        at java.util.concurrent.locks.LockSupport.parkNanos(LockSupport.java:215)
        at java.util.concurrent.locks.AbstractQueuedSynchronizer$ConditionObject.awaitNanos(AbstractQueuedSynchronizer.java:2078)
        at org.eclipse.jetty.util.BlockingArrayQueue.poll(BlockingArrayQueue.java:382)
        at org.eclipse.jetty.util.thread.QueuedThreadPool$Runner.idleJobPoll(QueuedThreadPool.java:974)
        at org.eclipse.jetty.util.thread.QueuedThreadPool$Runner.run(QueuedThreadPool.java:1018)
        at java.lang.Thread.run(Thread.java:750)
"IPC Server handler 0 on default port 34339" daemon prio=5 tid=47 timed_waiting
java.lang.Thread.State: TIMED_WAITING
        at sun.misc.Unsafe.park(Native Method)
        at java.util.concurrent.locks.LockSupport.parkNanos(LockSupport.java:215)
        at java.util.concurrent.locks.AbstractQueuedSynchronizer$ConditionObject.awaitNanos(AbstractQueuedSynchronizer.java:2078)
        at java.util.concurrent.LinkedBlockingQueue.poll(LinkedBlockingQueue.java:467)
        at org.apache.hadoop.ipc.CallQueueManager.take(CallQueueManager.java:317)
        at org.apache.hadoop.ipc.Server$Handler.run(Server.java:2942)
"97cc06fc-4025-4c76-bebd-c1d7b79fe413-server-thread1" daemon prio=5 tid=810 timed_waiting
java.lang.Thread.State: TIMED_WAITING
        at sun.misc.Unsafe.park(Native Method)
        at java.util.concurrent.locks.LockSupport.parkNanos(LockSupport.java:215)
        at java.util.concurrent.SynchronousQueue$TransferStack.awaitFulfill(SynchronousQueue.java:460)
        at java.util.concurrent.SynchronousQueue$TransferStack.transfer(SynchronousQueue.java:362)
        at java.util.concurrent.SynchronousQueue.poll(SynchronousQueue.java:941)
        at java.util.concurrent.ThreadPoolExecutor.getTask(ThreadPoolExecutor.java:1073)
        at java.util.concurrent.ThreadPoolExecutor.runWorker(ThreadPoolExecutor.java:1134)
        at java.util.concurrent.ThreadPoolExecutor$Worker.run(ThreadPoolExecutor.java:624)
        at java.lang.Thread.run(Thread.java:750)
"c56757ad-2923-4297-8741-c606545d9a52@group-4C9F1E15A7B6-LeaderStateImpl" daemon prio=5 tid=803 timed_waiting
java.lang.Thread.State: TIMED_WAITING
        at sun.misc.Unsafe.park(Native Method)
        at java.util.concurrent.locks.LockSupport.parkNanos(LockSupport.java:215)
        at java.util.concurrent.locks.AbstractQueuedSynchronizer$ConditionObject.awaitNanos(AbstractQueuedSynchronizer.java:2078)
        at java.util.concurrent.ArrayBlockingQueue.poll(ArrayBlockingQueue.java:418)
        at org.apache.ratis.server.impl.LeaderStateImpl$EventQueue.poll(LeaderStateImpl.java:159)
        at org.apache.ratis.server.impl.LeaderStateImpl$EventProcessor.run(LeaderStateImpl.java:630)
"BlockDeletingService#1" daemon prio=5 tid=450 timed_waiting
java.lang.Thread.State: TIMED_WAITING
        at sun.misc.Unsafe.park(Native Method)
        at java.util.concurrent.locks.LockSupport.parkNanos(LockSupport.java:215)
        at java.util.concurrent.locks.AbstractQueuedSynchronizer$ConditionObject.awaitNanos(AbstractQueuedSynchronizer.java:2078)
        at java.util.concurrent.ScheduledThreadPoolExecutor$DelayedWorkQueue.take(ScheduledThreadPoolExecutor.java:1093)
        at java.util.concurrent.ScheduledThreadPoolExecutor$DelayedWorkQueue.take(ScheduledThreadPoolExecutor.java:809)
        at java.util.concurrent.ThreadPoolExecutor.getTask(ThreadPoolExecutor.java:1074)
        at java.util.concurrent.ThreadPoolExecutor.runWorker(ThreadPoolExecutor.java:1134)
        at java.util.concurrent.ThreadPoolExecutor$Worker.run(ThreadPoolExecutor.java:624)
        at java.lang.Thread.run(Thread.java:750)
"ChunkReader-ELG-0" daemon prio=5 tid=525 runnable
java.lang.Thread.State: RUNNABLE
        at org.apache.ratis.thirdparty.io.netty.channel.epoll.Native.epollWait(Native Method)
        at org.apache.ratis.thirdparty.io.netty.channel.epoll.Native.epollWait(Native.java:209)
        at org.apache.ratis.thirdparty.io.netty.channel.epoll.Native.epollWait(Native.java:202)
        at org.apache.ratis.thirdparty.io.netty.channel.epoll.EpollEventLoop.epollWaitNoTimerChange(EpollEventLoop.java:294)
        at org.apache.ratis.thirdparty.io.netty.channel.epoll.EpollEventLoop.run(EpollEventLoop.java:351)
        at org.apache.ratis.thirdparty.io.netty.util.concurrent.SingleThreadEventExecutor$4.run(SingleThreadEventExecutor.java:995)
        at org.apache.ratis.thirdparty.io.netty.util.internal.ThreadExecutorMap$2.run(ThreadExecutorMap.java:74)
        at java.lang.Thread.run(Thread.java:750)
"Datanode ReportManager Thread - 1" daemon prio=5 tid=249 timed_waiting
java.lang.Thread.State: TIMED_WAITING
        at sun.misc.Unsafe.park(Native Method)
        at java.util.concurrent.locks.LockSupport.parkNanos(LockSupport.java:215)
        at java.util.concurrent.locks.AbstractQueuedSynchronizer$ConditionObject.awaitNanos(AbstractQueuedSynchronizer.java:2078)
        at java.util.concurrent.ScheduledThreadPoolExecutor$DelayedWorkQueue.take(ScheduledThreadPoolExecutor.java:1093)
        at java.util.concurrent.ScheduledThreadPoolExecutor$DelayedWorkQueue.take(ScheduledThreadPoolExecutor.java:809)
        at java.util.concurrent.ThreadPoolExecutor.getTask(ThreadPoolExecutor.java:1074)
        at java.util.concurrent.ThreadPoolExecutor.runWorker(ThreadPoolExecutor.java:1134)
        at java.util.concurrent.ThreadPoolExecutor$Worker.run(ThreadPoolExecutor.java:624)
        at java.lang.Thread.run(Thread.java:750)
"IPC Server handler 12 on default port 34173" daemon prio=5 tid=99 timed_waiting
java.lang.Thread.State: TIMED_WAITING
        at sun.misc.Unsafe.park(Native Method)
        at java.util.concurrent.locks.LockSupport.parkNanos(LockSupport.java:215)
        at java.util.concurrent.locks.AbstractQueuedSynchronizer$ConditionObject.awaitNanos(AbstractQueuedSynchronizer.java:2078)
        at java.util.concurrent.LinkedBlockingQueue.poll(LinkedBlockingQueue.java:467)
        at org.apache.hadoop.ipc.CallQueueManager.take(CallQueueManager.java:317)
        at org.apache.hadoop.ipc.Server$Handler.run(Server.java:2942)
"CommandWatcher-LeaseManager#LeaseMonitor" daemon prio=5 tid=46 timed_waiting
java.lang.Thread.State: TIMED_WAITING
        at java.lang.Object.wait(Native Method)
        at org.apache.hadoop.ozone.lease.LeaseManager$LeaseMonitor.run(LeaseManager.java:238)
        at java.lang.Thread.run(Thread.java:750)
"Datanode State Machine Task Thread - 1"  prio=5 tid=308 in Object.wait()
java.lang.Thread.State: WAITING (on object monitor)
        at sun.misc.Unsafe.park(Native Method)
        at java.util.concurrent.locks.LockSupport.park(LockSupport.java:175)
        at java.util.concurrent.locks.AbstractQueuedSynchronizer$ConditionObject.await(AbstractQueuedSynchronizer.java:2039)
        at java.util.concurrent.LinkedBlockingQueue.take(LinkedBlockingQueue.java:442)
        at java.util.concurrent.ThreadPoolExecutor.getTask(ThreadPoolExecutor.java:1074)
        at java.util.concurrent.ThreadPoolExecutor.runWorker(ThreadPoolExecutor.java:1134)
        at java.util.concurrent.ThreadPoolExecutor$Worker.run(ThreadPoolExecutor.java:624)
        at java.lang.Thread.run(Thread.java:750)
"pool-64-thread-1" daemon prio=5 tid=178 timed_waiting
java.lang.Thread.State: TIMED_WAITING
        at sun.misc.Unsafe.park(Native Method)
        at java.util.concurrent.locks.LockSupport.parkNanos(LockSupport.java:215)
        at java.util.concurrent.locks.AbstractQueuedSynchronizer$ConditionObject.awaitNanos(AbstractQueuedSynchronizer.java:2078)
        at java.util.concurrent.ScheduledThreadPoolExecutor$DelayedWorkQueue.take(ScheduledThreadPoolExecutor.java:1093)
        at java.util.concurrent.ScheduledThreadPoolExecutor$DelayedWorkQueue.take(ScheduledThreadPoolExecutor.java:809)
        at java.util.concurrent.ThreadPoolExecutor.getTask(ThreadPoolExecutor.java:1074)
        at java.util.concurrent.ThreadPoolExecutor.runWorker(ThreadPoolExecutor.java:1134)
        at java.util.concurrent.ThreadPoolExecutor$Worker.run(ThreadPoolExecutor.java:624)
        at java.lang.Thread.run(Thread.java:750)
"274c4b45-19e0-452f-8d1e-585a77537937@group-5C7E38E1A3A0-StateMachineUpdater" daemon prio=5 tid=571 timed_waiting
java.lang.Thread.State: TIMED_WAITING
        at sun.misc.Unsafe.park(Native Method)
        at java.util.concurrent.locks.LockSupport.parkNanos(LockSupport.java:215)
        at java.util.concurrent.CompletableFuture$Signaller.block(CompletableFuture.java:1709)
        at java.util.concurrent.ForkJoinPool.managedBlock(ForkJoinPool.java:3323)
        at java.util.concurrent.CompletableFuture.timedGet(CompletableFuture.java:1788)
        at java.util.concurrent.CompletableFuture.get(CompletableFuture.java:1928)
        at org.apache.ratis.util.AwaitForSignal.await(AwaitForSignal.java:56)
        at org.apache.ratis.server.impl.StateMachineUpdater.waitForCommit(StateMachineUpdater.java:207)
        at org.apache.ratis.server.impl.StateMachineUpdater.run(StateMachineUpdater.java:176)
        at java.lang.Thread.run(Thread.java:750)
"EventQueue-PipelineReportForOneReplicaPipelineSafeModeRule" daemon prio=5 tid=467 in Object.wait()
java.lang.Thread.State: WAITING (on object monitor)
        at sun.misc.Unsafe.park(Native Method)
        at java.util.concurrent.locks.LockSupport.park(LockSupport.java:175)
        at java.util.concurrent.locks.AbstractQueuedSynchronizer$ConditionObject.await(AbstractQueuedSynchronizer.java:2039)
        at java.util.concurrent.LinkedBlockingQueue.take(LinkedBlockingQueue.java:442)
        at java.util.concurrent.ThreadPoolExecutor.getTask(ThreadPoolExecutor.java:1074)
        at java.util.concurrent.ThreadPoolExecutor.runWorker(ThreadPoolExecutor.java:1134)
        at java.util.concurrent.ThreadPoolExecutor$Worker.run(ThreadPoolExecutor.java:624)
        at java.lang.Thread.run(Thread.java:750)
"ChunkWriter-0-0" daemon prio=5 tid=442 in Object.wait()
java.lang.Thread.State: WAITING (on object monitor)
        at sun.misc.Unsafe.park(Native Method)
        at java.util.concurrent.locks.LockSupport.park(LockSupport.java:175)
        at java.util.concurrent.locks.AbstractQueuedSynchronizer$ConditionObject.await(AbstractQueuedSynchronizer.java:2039)
        at java.util.concurrent.LinkedBlockingDeque.takeFirst(LinkedBlockingDeque.java:492)
        at java.util.concurrent.LinkedBlockingDeque.take(LinkedBlockingDeque.java:680)
        at java.util.concurrent.ThreadPoolExecutor.getTask(ThreadPoolExecutor.java:1074)
        at java.util.concurrent.ThreadPoolExecutor.runWorker(ThreadPoolExecutor.java:1134)
        at java.util.concurrent.ThreadPoolExecutor$Worker.run(ThreadPoolExecutor.java:624)
        at java.lang.Thread.run(Thread.java:750)
"274c4b45-19e0-452f-8d1e-585a77537937@group-4C9F1E15A7B6-StateMachineUpdater" daemon prio=5 tid=596 timed_waiting
java.lang.Thread.State: TIMED_WAITING
        at sun.misc.Unsafe.park(Native Method)
        at java.util.concurrent.locks.LockSupport.parkNanos(LockSupport.java:215)
        at java.util.concurrent.CompletableFuture$Signaller.block(CompletableFuture.java:1709)
        at java.util.concurrent.ForkJoinPool.managedBlock(ForkJoinPool.java:3323)
        at java.util.concurrent.CompletableFuture.timedGet(CompletableFuture.java:1788)
        at java.util.concurrent.CompletableFuture.get(CompletableFuture.java:1928)
        at org.apache.ratis.util.AwaitForSignal.await(AwaitForSignal.java:56)
        at org.apache.ratis.server.impl.StateMachineUpdater.waitForCommit(StateMachineUpdater.java:207)
        at org.apache.ratis.server.impl.StateMachineUpdater.run(StateMachineUpdater.java:176)
        at java.lang.Thread.run(Thread.java:750)
"ChunkReader-0" daemon prio=5 tid=758 in Object.wait()
java.lang.Thread.State: WAITING (on object monitor)
        at sun.misc.Unsafe.park(Native Method)
        at java.util.concurrent.locks.LockSupport.park(LockSupport.java:175)
        at java.util.concurrent.locks.AbstractQueuedSynchronizer$ConditionObject.await(AbstractQueuedSynchronizer.java:2039)
        at java.util.concurrent.LinkedBlockingQueue.take(LinkedBlockingQueue.java:442)
        at java.util.concurrent.ThreadPoolExecutor.getTask(ThreadPoolExecutor.java:1074)
        at java.util.concurrent.ThreadPoolExecutor.runWorker(ThreadPoolExecutor.java:1134)
        at java.util.concurrent.ThreadPoolExecutor$Worker.run(ThreadPoolExecutor.java:624)
        at java.lang.Thread.run(Thread.java:750)
"EndpointStateMachine task thread for /0.0.0.0:34173 - 0 "  prio=5 tid=531 in Object.wait()
java.lang.Thread.State: WAITING (on object monitor)
        at sun.misc.Unsafe.park(Native Method)
        at java.util.concurrent.locks.LockSupport.park(LockSupport.java:175)
        at java.util.concurrent.locks.AbstractQueuedSynchronizer$ConditionObject.await(AbstractQueuedSynchronizer.java:2039)
        at java.util.concurrent.LinkedBlockingQueue.take(LinkedBlockingQueue.java:442)
        at java.util.concurrent.ThreadPoolExecutor.getTask(ThreadPoolExecutor.java:1074)
        at java.util.concurrent.ThreadPoolExecutor.runWorker(ThreadPoolExecutor.java:1134)
        at java.util.concurrent.ThreadPoolExecutor$Worker.run(ThreadPoolExecutor.java:624)
        at java.lang.Thread.run(Thread.java:750)
"44bea1f4-43dd-4415-bb4e-4e9896dd68f6-server-thread2" daemon prio=5 tid=836 timed_waiting
java.lang.Thread.State: TIMED_WAITING
        at sun.misc.Unsafe.park(Native Method)
        at java.util.concurrent.locks.LockSupport.parkNanos(LockSupport.java:215)
        at java.util.concurrent.SynchronousQueue$TransferStack.awaitFulfill(SynchronousQueue.java:460)
        at java.util.concurrent.SynchronousQueue$TransferStack.transfer(SynchronousQueue.java:362)
        at java.util.concurrent.SynchronousQueue.poll(SynchronousQueue.java:941)
        at java.util.concurrent.ThreadPoolExecutor.getTask(ThreadPoolExecutor.java:1073)
        at java.util.concurrent.ThreadPoolExecutor.runWorker(ThreadPoolExecutor.java:1134)
        at java.util.concurrent.ThreadPoolExecutor$Worker.run(ThreadPoolExecutor.java:624)
        at java.lang.Thread.run(Thread.java:750)
"ChunkReader-0" daemon prio=5 tid=759 in Object.wait()
java.lang.Thread.State: WAITING (on object monitor)
        at sun.misc.Unsafe.park(Native Method)
        at java.util.concurrent.locks.LockSupport.park(LockSupport.java:175)
        at java.util.concurrent.locks.AbstractQueuedSynchronizer$ConditionObject.await(AbstractQueuedSynchronizer.java:2039)
        at java.util.concurrent.LinkedBlockingQueue.take(LinkedBlockingQueue.java:442)
        at java.util.concurrent.ThreadPoolExecutor.getTask(ThreadPoolExecutor.java:1074)
        at java.util.concurrent.ThreadPoolExecutor.runWorker(ThreadPoolExecutor.java:1134)
        at java.util.concurrent.ThreadPoolExecutor$Worker.run(ThreadPoolExecutor.java:624)
        at java.lang.Thread.run(Thread.java:750)
"BlockDeletingService#2" daemon prio=5 tid=910 in Object.wait()
java.lang.Thread.State: WAITING (on object monitor)
        at sun.misc.Unsafe.park(Native Method)
        at java.util.concurrent.locks.LockSupport.park(LockSupport.java:175)
        at java.util.concurrent.locks.AbstractQueuedSynchronizer$ConditionObject.await(AbstractQueuedSynchronizer.java:2039)
        at java.util.concurrent.ScheduledThreadPoolExecutor$DelayedWorkQueue.take(ScheduledThreadPoolExecutor.java:1088)
        at java.util.concurrent.ScheduledThreadPoolExecutor$DelayedWorkQueue.take(ScheduledThreadPoolExecutor.java:809)
        at java.util.concurrent.ThreadPoolExecutor.getTask(ThreadPoolExecutor.java:1074)
        at java.util.concurrent.ThreadPoolExecutor.runWorker(ThreadPoolExecutor.java:1134)
        at java.util.concurrent.ThreadPoolExecutor$Worker.run(ThreadPoolExecutor.java:624)
        at java.lang.Thread.run(Thread.java:750)
"274c4b45-19e0-452f-8d1e-585a77537937@group-4C9F1E15A7B6-FollowerState" daemon prio=5 tid=800 timed_waiting
java.lang.Thread.State: TIMED_WAITING
        at java.lang.Thread.sleep(Native Method)
        at java.lang.Thread.sleep(Thread.java:342)
        at java.util.concurrent.TimeUnit.sleep(TimeUnit.java:386)
        at org.apache.ratis.util.TimeDuration.sleep(TimeDuration.java:325)
        at org.apache.ratis.util.TimeDuration.sleep(TimeDuration.java:310)
        at org.apache.ratis.server.impl.FollowerState.run(FollowerState.java:128)
"Datanode State Machine Task Thread - 0"  prio=5 tid=255 in Object.wait()
java.lang.Thread.State: WAITING (on object monitor)
        at sun.misc.Unsafe.park(Native Method)
        at java.util.concurrent.locks.LockSupport.park(LockSupport.java:175)
        at java.util.concurrent.locks.AbstractQueuedSynchronizer$ConditionObject.await(AbstractQueuedSynchronizer.java:2039)
        at java.util.concurrent.LinkedBlockingQueue.take(LinkedBlockingQueue.java:442)
        at java.util.concurrent.ThreadPoolExecutor.getTask(ThreadPoolExecutor.java:1074)
        at java.util.concurrent.ThreadPoolExecutor.runWorker(ThreadPoolExecutor.java:1134)
        at java.util.concurrent.ThreadPoolExecutor$Worker.run(ThreadPoolExecutor.java:624)
        at java.lang.Thread.run(Thread.java:750)
"qtp1297043595-184" daemon prio=5 tid=184 runnable
java.lang.Thread.State: RUNNABLE
        at sun.nio.ch.EPollArrayWrapper.epollWait(Native Method)
        at sun.nio.ch.EPollArrayWrapper.poll(EPollArrayWrapper.java:269)
        at sun.nio.ch.EPollSelectorImpl.doSelect(EPollSelectorImpl.java:93)
        at sun.nio.ch.SelectorImpl.lockAndDoSelect(SelectorImpl.java:86)
        at sun.nio.ch.SelectorImpl.select(SelectorImpl.java:97)
        at sun.nio.ch.SelectorImpl.select(SelectorImpl.java:101)
        at org.eclipse.jetty.io.ManagedSelector.nioSelect(ManagedSelector.java:183)
        at org.eclipse.jetty.io.ManagedSelector.select(ManagedSelector.java:190)
        at org.eclipse.jetty.io.ManagedSelector$SelectorProducer.select(ManagedSelector.java:606)
        at org.eclipse.jetty.io.ManagedSelector$SelectorProducer.produce(ManagedSelector.java:543)
        at org.eclipse.jetty.util.thread.strategy.EatWhatYouKill.produceTask(EatWhatYouKill.java:362)
        at org.eclipse.jetty.util.thread.strategy.EatWhatYouKill.doProduce(EatWhatYouKill.java:186)
        at org.eclipse.jetty.util.thread.strategy.EatWhatYouKill.tryProduce(EatWhatYouKill.java:173)
        at org.eclipse.jetty.util.thread.strategy.EatWhatYouKill.produce(EatWhatYouKill.java:137)
        at org.eclipse.jetty.io.ManagedSelector$$Lambda$446/1576513034.run(Unknown Source)
        at org.eclipse.jetty.util.thread.QueuedThreadPool.runJob(QueuedThreadPool.java:883)
        at org.eclipse.jetty.util.thread.QueuedThreadPool$Runner.run(QueuedThreadPool.java:1034)
        at java.lang.Thread.run(Thread.java:750)
"ChunkWriter-1-0" daemon prio=5 tid=405 in Object.wait()
java.lang.Thread.State: WAITING (on object monitor)
        at sun.misc.Unsafe.park(Native Method)
        at java.util.concurrent.locks.LockSupport.park(LockSupport.java:175)
        at java.util.concurrent.locks.AbstractQueuedSynchronizer$ConditionObject.await(AbstractQueuedSynchronizer.java:2039)
        at java.util.concurrent.LinkedBlockingDeque.takeFirst(LinkedBlockingDeque.java:492)
        at java.util.concurrent.LinkedBlockingDeque.take(LinkedBlockingDeque.java:680)
        at java.util.concurrent.ThreadPoolExecutor.getTask(ThreadPoolExecutor.java:1074)
        at java.util.concurrent.ThreadPoolExecutor.runWorker(ThreadPoolExecutor.java:1134)
        at java.util.concurrent.ThreadPoolExecutor$Worker.run(ThreadPoolExecutor.java:624)
        at java.lang.Thread.run(Thread.java:750)
"IPC Server handler 16 on default port 34339" daemon prio=5 tid=63 timed_waiting
java.lang.Thread.State: TIMED_WAITING
        at sun.misc.Unsafe.park(Native Method)
        at java.util.concurrent.locks.LockSupport.parkNanos(LockSupport.java:215)
        at java.util.concurrent.locks.AbstractQueuedSynchronizer$ConditionObject.awaitNanos(AbstractQueuedSynchronizer.java:2078)
        at java.util.concurrent.LinkedBlockingQueue.poll(LinkedBlockingQueue.java:467)
        at org.apache.hadoop.ipc.CallQueueManager.take(CallQueueManager.java:317)
        at org.apache.hadoop.ipc.Server$Handler.run(Server.java:2942)
"EndpointStateMachine task thread for /0.0.0.0:34173 - 0 "  prio=5 tid=462 in Object.wait()
java.lang.Thread.State: WAITING (on object monitor)
        at sun.misc.Unsafe.park(Native Method)
        at java.util.concurrent.locks.LockSupport.park(LockSupport.java:175)
        at java.util.concurrent.locks.AbstractQueuedSynchronizer$ConditionObject.await(AbstractQueuedSynchronizer.java:2039)
        at java.util.concurrent.LinkedBlockingQueue.take(LinkedBlockingQueue.java:442)
        at java.util.concurrent.ThreadPoolExecutor.getTask(ThreadPoolExecutor.java:1074)
        at java.util.concurrent.ThreadPoolExecutor.runWorker(ThreadPoolExecutor.java:1134)
        at java.util.concurrent.ThreadPoolExecutor$Worker.run(ThreadPoolExecutor.java:624)
        at java.lang.Thread.run(Thread.java:750)
"qtp745359474-245" daemon prio=5 tid=245 timed_waiting
java.lang.Thread.State: TIMED_WAITING
        at sun.misc.Unsafe.park(Native Method)
        at java.util.concurrent.locks.LockSupport.parkNanos(LockSupport.java:215)
        at java.util.concurrent.locks.AbstractQueuedSynchronizer$ConditionObject.awaitNanos(AbstractQueuedSynchronizer.java:2078)
        at org.eclipse.jetty.util.BlockingArrayQueue.poll(BlockingArrayQueue.java:382)
        at org.eclipse.jetty.util.thread.QueuedThreadPool$Runner.idleJobPoll(QueuedThreadPool.java:974)
        at org.eclipse.jetty.util.thread.QueuedThreadPool$Runner.run(QueuedThreadPool.java:1018)
        at java.lang.Thread.run(Thread.java:750)
"Periodic HDDS volume checker" daemon prio=5 tid=350 timed_waiting
java.lang.Thread.State: TIMED_WAITING
        at sun.misc.Unsafe.park(Native Method)
        at java.util.concurrent.locks.LockSupport.parkNanos(LockSupport.java:215)
        at java.util.concurrent.locks.AbstractQueuedSynchronizer$ConditionObject.awaitNanos(AbstractQueuedSynchronizer.java:2078)
        at java.util.concurrent.ScheduledThreadPoolExecutor$DelayedWorkQueue.take(ScheduledThreadPoolExecutor.java:1093)
        at java.util.concurrent.ScheduledThreadPoolExecutor$DelayedWorkQueue.take(ScheduledThreadPoolExecutor.java:809)
        at java.util.concurrent.ThreadPoolExecutor.getTask(ThreadPoolExecutor.java:1074)
        at java.util.concurrent.ThreadPoolExecutor.runWorker(ThreadPoolExecutor.java:1134)
        at java.util.concurrent.ThreadPoolExecutor$Worker.run(ThreadPoolExecutor.java:624)
        at java.lang.Thread.run(Thread.java:750)
"IPC Server handler 18 on default port 34173" daemon prio=5 tid=105 timed_waiting
java.lang.Thread.State: TIMED_WAITING
        at sun.misc.Unsafe.park(Native Method)
        at java.util.concurrent.locks.LockSupport.parkNanos(LockSupport.java:215)
        at java.util.concurrent.locks.AbstractQueuedSynchronizer$ConditionObject.awaitNanos(AbstractQueuedSynchronizer.java:2078)
        at java.util.concurrent.LinkedBlockingQueue.poll(LinkedBlockingQueue.java:467)
        at org.apache.hadoop.ipc.CallQueueManager.take(CallQueueManager.java:317)
        at org.apache.hadoop.ipc.Server$Handler.run(Server.java:2942)
"timer5" daemon prio=5 tid=784 timed_waiting
java.lang.Thread.State: TIMED_WAITING
        at java.lang.Object.wait(Native Method)
        at java.util.TimerThread.mainLoop(Timer.java:552)
        at java.util.TimerThread.run(Timer.java:505)
"Datanode ReportManager Thread - 4" daemon prio=5 tid=278 timed_waiting
java.lang.Thread.State: TIMED_WAITING
        at sun.misc.Unsafe.park(Native Method)
        at java.util.concurrent.locks.LockSupport.parkNanos(LockSupport.java:215)
        at java.util.concurrent.locks.AbstractQueuedSynchronizer$ConditionObject.awaitNanos(AbstractQueuedSynchronizer.java:2078)
        at java.util.concurrent.ScheduledThreadPoolExecutor$DelayedWorkQueue.take(ScheduledThreadPoolExecutor.java:1093)
        at java.util.concurrent.ScheduledThreadPoolExecutor$DelayedWorkQueue.take(ScheduledThreadPoolExecutor.java:809)
        at java.util.concurrent.ThreadPoolExecutor.getTask(ThreadPoolExecutor.java:1074)
        at java.util.concurrent.ThreadPoolExecutor.runWorker(ThreadPoolExecutor.java:1134)
        at java.util.concurrent.ThreadPoolExecutor$Worker.run(ThreadPoolExecutor.java:624)
        at java.lang.Thread.run(Thread.java:750)
"qtp1815599816-397" daemon prio=5 tid=397 timed_waiting
java.lang.Thread.State: TIMED_WAITING
        at sun.misc.Unsafe.park(Native Method)
        at java.util.concurrent.locks.LockSupport.parkNanos(LockSupport.java:215)
        at java.util.concurrent.locks.AbstractQueuedSynchronizer$ConditionObject.awaitNanos(AbstractQueuedSynchronizer.java:2078)
        at org.eclipse.jetty.util.BlockingArrayQueue.poll(BlockingArrayQueue.java:382)
        at org.eclipse.jetty.util.thread.QueuedThreadPool$Runner.idleJobPoll(QueuedThreadPool.java:974)
        at org.eclipse.jetty.util.thread.QueuedThreadPool$Runner.run(QueuedThreadPool.java:1018)
        at java.lang.Thread.run(Thread.java:750)
"pool-164-thread-1"  prio=5 tid=622 in Object.wait()
java.lang.Thread.State: WAITING (on object monitor)
        at sun.misc.Unsafe.park(Native Method)
        at java.util.concurrent.locks.LockSupport.park(LockSupport.java:175)
        at java.util.concurrent.locks.AbstractQueuedSynchronizer$ConditionObject.await(AbstractQueuedSynchronizer.java:2039)
        at java.util.concurrent.LinkedBlockingQueue.take(LinkedBlockingQueue.java:442)
        at java.util.concurrent.ThreadPoolExecutor.getTask(ThreadPoolExecutor.java:1074)
        at java.util.concurrent.ThreadPoolExecutor.runWorker(ThreadPoolExecutor.java:1134)
        at java.util.concurrent.ThreadPoolExecutor$Worker.run(ThreadPoolExecutor.java:624)
        at java.lang.Thread.run(Thread.java:750)
"BlockDeletingService#2" daemon prio=5 tid=916 in Object.wait()
java.lang.Thread.State: WAITING (on object monitor)
        at sun.misc.Unsafe.park(Native Method)
        at java.util.concurrent.locks.LockSupport.park(LockSupport.java:175)
        at java.util.concurrent.locks.AbstractQueuedSynchronizer$ConditionObject.await(AbstractQueuedSynchronizer.java:2039)
        at java.util.concurrent.ScheduledThreadPoolExecutor$DelayedWorkQueue.take(ScheduledThreadPoolExecutor.java:1088)
        at java.util.concurrent.ScheduledThreadPoolExecutor$DelayedWorkQueue.take(ScheduledThreadPoolExecutor.java:809)
        at java.util.concurrent.ThreadPoolExecutor.getTask(ThreadPoolExecutor.java:1074)
        at java.util.concurrent.ThreadPoolExecutor.runWorker(ThreadPoolExecutor.java:1134)
        at java.util.concurrent.ThreadPoolExecutor$Worker.run(ThreadPoolExecutor.java:624)
        at java.lang.Thread.run(Thread.java:750)
"qtp410671928-151" daemon prio=5 tid=151 timed_waiting
java.lang.Thread.State: TIMED_WAITING
        at sun.misc.Unsafe.park(Native Method)
        at java.util.concurrent.locks.LockSupport.parkNanos(LockSupport.java:215)
        at java.util.concurrent.locks.AbstractQueuedSynchronizer$ConditionObject.awaitNanos(AbstractQueuedSynchronizer.java:2078)
        at org.eclipse.jetty.util.BlockingArrayQueue.poll(BlockingArrayQueue.java:382)
        at org.eclipse.jetty.util.thread.QueuedThreadPool$Runner.idleJobPoll(QueuedThreadPool.java:974)
        at org.eclipse.jetty.util.thread.QueuedThreadPool$Runner.run(QueuedThreadPool.java:1018)
        at java.lang.Thread.run(Thread.java:750)
"ChunkReader-ELG-0" daemon prio=5 tid=486 runnable
java.lang.Thread.State: RUNNABLE
        at org.apache.ratis.thirdparty.io.netty.channel.epoll.Native.epollWait0(Native Method)
        at org.apache.ratis.thirdparty.io.netty.channel.epoll.Native.epollWait(Native.java:182)
        at org.apache.ratis.thirdparty.io.netty.channel.epoll.EpollEventLoop.epollWait(EpollEventLoop.java:290)
        at org.apache.ratis.thirdparty.io.netty.channel.epoll.EpollEventLoop.run(EpollEventLoop.java:354)
        at org.apache.ratis.thirdparty.io.netty.util.concurrent.SingleThreadEventExecutor$4.run(SingleThreadEventExecutor.java:995)
        at org.apache.ratis.thirdparty.io.netty.util.internal.ThreadExecutorMap$2.run(ThreadExecutorMap.java:74)
        at java.lang.Thread.run(Thread.java:750)
"ChunkWriter-3-0" daemon prio=5 tid=445 in Object.wait()
java.lang.Thread.State: WAITING (on object monitor)
        at sun.misc.Unsafe.park(Native Method)
        at java.util.concurrent.locks.LockSupport.park(LockSupport.java:175)
        at java.util.concurrent.locks.AbstractQueuedSynchronizer$ConditionObject.await(AbstractQueuedSynchronizer.java:2039)
        at java.util.concurrent.LinkedBlockingDeque.takeFirst(LinkedBlockingDeque.java:492)
        at java.util.concurrent.LinkedBlockingDeque.take(LinkedBlockingDeque.java:680)
        at java.util.concurrent.ThreadPoolExecutor.getTask(ThreadPoolExecutor.java:1074)
        at java.util.concurrent.ThreadPoolExecutor.runWorker(ThreadPoolExecutor.java:1134)
        at java.util.concurrent.ThreadPoolExecutor$Worker.run(ThreadPoolExecutor.java:624)
        at java.lang.Thread.run(Thread.java:750)
"qtp1308741443-219" daemon prio=5 tid=219 timed_waiting
java.lang.Thread.State: TIMED_WAITING
        at sun.misc.Unsafe.park(Native Method)
        at java.util.concurrent.locks.LockSupport.parkNanos(LockSupport.java:215)
        at java.util.concurrent.locks.AbstractQueuedSynchronizer$ConditionObject.awaitNanos(AbstractQueuedSynchronizer.java:2078)
        at org.eclipse.jetty.util.BlockingArrayQueue.poll(BlockingArrayQueue.java:382)
        at org.eclipse.jetty.util.thread.QueuedThreadPool$Runner.idleJobPoll(QueuedThreadPool.java:974)
        at org.eclipse.jetty.util.thread.QueuedThreadPool$Runner.run(QueuedThreadPool.java:1018)
        at java.lang.Thread.run(Thread.java:750)
"Session-HouseKeeper-344c09f1-1"  prio=5 tid=441 timed_waiting
java.lang.Thread.State: TIMED_WAITING
        at sun.misc.Unsafe.park(Native Method)
        at java.util.concurrent.locks.LockSupport.parkNanos(LockSupport.java:215)
        at java.util.concurrent.locks.AbstractQueuedSynchronizer$ConditionObject.awaitNanos(AbstractQueuedSynchronizer.java:2078)
        at java.util.concurrent.ScheduledThreadPoolExecutor$DelayedWorkQueue.take(ScheduledThreadPoolExecutor.java:1093)
        at java.util.concurrent.ScheduledThreadPoolExecutor$DelayedWorkQueue.take(ScheduledThreadPoolExecutor.java:809)
        at java.util.concurrent.ThreadPoolExecutor.getTask(ThreadPoolExecutor.java:1074)
        at java.util.concurrent.ThreadPoolExecutor.runWorker(ThreadPoolExecutor.java:1134)
        at java.util.concurrent.ThreadPoolExecutor$Worker.run(ThreadPoolExecutor.java:624)
        at java.lang.Thread.run(Thread.java:750)
"IPC Server handler 12 on default port 34735" daemon prio=5 tid=166 timed_waiting
java.lang.Thread.State: TIMED_WAITING
        at sun.misc.Unsafe.park(Native Method)
        at java.util.concurrent.locks.LockSupport.parkNanos(LockSupport.java:215)
        at java.util.concurrent.locks.AbstractQueuedSynchronizer$ConditionObject.awaitNanos(AbstractQueuedSynchronizer.java:2078)
        at java.util.concurrent.LinkedBlockingQueue.poll(LinkedBlockingQueue.java:467)
        at org.apache.hadoop.ipc.CallQueueManager.take(CallQueueManager.java:317)
        at org.apache.hadoop.ipc.Server$Handler.run(Server.java:2942)
"Datanode State Machine Daemon Thread" daemon prio=5 tid=414 timed_waiting
java.lang.Thread.State: TIMED_WAITING
        at java.lang.Thread.sleep(Native Method)
        at org.apache.hadoop.ozone.container.common.statemachine.DatanodeStateMachine.startStateMachineThread(DatanodeStateMachine.java:321)
        at org.apache.hadoop.ozone.container.common.statemachine.DatanodeStateMachine.lambda$startDaemon$0(DatanodeStateMachine.java:506)
        at org.apache.hadoop.ozone.container.common.statemachine.DatanodeStateMachine$$Lambda$751/1278416571.run(Unknown Source)
        at java.lang.Thread.run(Thread.java:750)
"ChunkWriter-0-0" daemon prio=5 tid=557 in Object.wait()
java.lang.Thread.State: WAITING (on object monitor)
        at sun.misc.Unsafe.park(Native Method)
        at java.util.concurrent.locks.LockSupport.park(LockSupport.java:175)
        at java.util.concurrent.locks.AbstractQueuedSynchronizer$ConditionObject.await(AbstractQueuedSynchronizer.java:2039)
        at java.util.concurrent.LinkedBlockingDeque.takeFirst(LinkedBlockingDeque.java:492)
        at java.util.concurrent.LinkedBlockingDeque.take(LinkedBlockingDeque.java:680)
        at java.util.concurrent.ThreadPoolExecutor.getTask(ThreadPoolExecutor.java:1074)
        at java.util.concurrent.ThreadPoolExecutor.runWorker(ThreadPoolExecutor.java:1134)
        at java.util.concurrent.ThreadPoolExecutor$Worker.run(ThreadPoolExecutor.java:624)
        at java.lang.Thread.run(Thread.java:750)
"qtp1297043595-188" daemon prio=5 tid=188 timed_waiting
java.lang.Thread.State: TIMED_WAITING
        at sun.misc.Unsafe.park(Native Method)
        at java.util.concurrent.locks.LockSupport.parkNanos(LockSupport.java:215)
        at java.util.concurrent.locks.AbstractQueuedSynchronizer$ConditionObject.awaitNanos(AbstractQueuedSynchronizer.java:2078)
        at org.eclipse.jetty.util.BlockingArrayQueue.poll(BlockingArrayQueue.java:382)
        at org.eclipse.jetty.util.thread.QueuedThreadPool$Runner.idleJobPoll(QueuedThreadPool.java:974)
        at org.eclipse.jetty.util.thread.QueuedThreadPool$Runner.run(QueuedThreadPool.java:1018)
        at java.lang.Thread.run(Thread.java:750)
"qtp745359474-242" daemon prio=5 tid=242 timed_waiting
java.lang.Thread.State: TIMED_WAITING
        at sun.misc.Unsafe.park(Native Method)
        at java.util.concurrent.locks.LockSupport.parkNanos(LockSupport.java:215)
        at java.util.concurrent.locks.AbstractQueuedSynchronizer$ConditionObject.awaitNanos(AbstractQueuedSynchronizer.java:2078)
        at org.eclipse.jetty.util.BlockingArrayQueue.poll(BlockingArrayQueue.java:382)
        at org.eclipse.jetty.util.thread.QueuedThreadPool$Runner.idleJobPoll(QueuedThreadPool.java:974)
        at org.eclipse.jetty.util.thread.QueuedThreadPool$Runner.run(QueuedThreadPool.java:1018)
        at java.lang.Thread.run(Thread.java:750)
"ChunkReader-1" daemon prio=5 tid=774 in Object.wait()
java.lang.Thread.State: WAITING (on object monitor)
        at sun.misc.Unsafe.park(Native Method)
        at java.util.concurrent.locks.LockSupport.park(LockSupport.java:175)
        at java.util.concurrent.locks.AbstractQueuedSynchronizer$ConditionObject.await(AbstractQueuedSynchronizer.java:2039)
        at java.util.concurrent.LinkedBlockingQueue.take(LinkedBlockingQueue.java:442)
        at java.util.concurrent.ThreadPoolExecutor.getTask(ThreadPoolExecutor.java:1074)
        at java.util.concurrent.ThreadPoolExecutor.runWorker(ThreadPoolExecutor.java:1134)
        at java.util.concurrent.ThreadPoolExecutor$Worker.run(ThreadPoolExecutor.java:624)
        at java.lang.Thread.run(Thread.java:750)
"ChunkWriter-2-0" daemon prio=5 tid=406 in Object.wait()
java.lang.Thread.State: WAITING (on object monitor)
        at sun.misc.Unsafe.park(Native Method)
        at java.util.concurrent.locks.LockSupport.park(LockSupport.java:175)
        at java.util.concurrent.locks.AbstractQueuedSynchronizer$ConditionObject.await(AbstractQueuedSynchronizer.java:2039)
        at java.util.concurrent.LinkedBlockingDeque.takeFirst(LinkedBlockingDeque.java:492)
        at java.util.concurrent.LinkedBlockingDeque.take(LinkedBlockingDeque.java:680)
        at java.util.concurrent.ThreadPoolExecutor.getTask(ThreadPoolExecutor.java:1074)
        at java.util.concurrent.ThreadPoolExecutor.runWorker(ThreadPoolExecutor.java:1134)
        at java.util.concurrent.ThreadPoolExecutor$Worker.run(ThreadPoolExecutor.java:624)
        at java.lang.Thread.run(Thread.java:750)
"StaleRecoveringContainerScrubbingService#0" daemon prio=5 tid=564 in Object.wait()
java.lang.Thread.State: WAITING (on object monitor)
        at sun.misc.Unsafe.park(Native Method)
        at java.util.concurrent.locks.LockSupport.park(LockSupport.java:175)
        at java.util.concurrent.locks.AbstractQueuedSynchronizer$ConditionObject.await(AbstractQueuedSynchronizer.java:2039)
        at java.util.concurrent.ScheduledThreadPoolExecutor$DelayedWorkQueue.take(ScheduledThreadPoolExecutor.java:1088)
        at java.util.concurrent.ScheduledThreadPoolExecutor$DelayedWorkQueue.take(ScheduledThreadPoolExecutor.java:809)
        at java.util.concurrent.ThreadPoolExecutor.getTask(ThreadPoolExecutor.java:1074)
        at java.util.concurrent.ThreadPoolExecutor.runWorker(ThreadPoolExecutor.java:1134)
        at java.util.concurrent.ThreadPoolExecutor$Worker.run(ThreadPoolExecutor.java:624)
        at java.lang.Thread.run(Thread.java:750)
"IPC Server listener on 0" daemon prio=5 tid=31 runnable
java.lang.Thread.State: RUNNABLE
        at sun.nio.ch.EPollArrayWrapper.epollWait(Native Method)
        at sun.nio.ch.EPollArrayWrapper.poll(EPollArrayWrapper.java:269)
        at sun.nio.ch.EPollSelectorImpl.doSelect(EPollSelectorImpl.java:93)
        at sun.nio.ch.SelectorImpl.lockAndDoSelect(SelectorImpl.java:86)
        at sun.nio.ch.SelectorImpl.select(SelectorImpl.java:97)
        at sun.nio.ch.SelectorImpl.select(SelectorImpl.java:101)
        at org.apache.hadoop.ipc.Server$Listener.run(Server.java:1358)
"ChunkWriter-2-0" daemon prio=5 tid=339 in Object.wait()
java.lang.Thread.State: WAITING (on object monitor)
        at sun.misc.Unsafe.park(Native Method)
        at java.util.concurrent.locks.LockSupport.park(LockSupport.java:175)
        at java.util.concurrent.locks.AbstractQueuedSynchronizer$ConditionObject.await(AbstractQueuedSynchronizer.java:2039)
        at java.util.concurrent.LinkedBlockingDeque.takeFirst(LinkedBlockingDeque.java:492)
        at java.util.concurrent.LinkedBlockingDeque.take(LinkedBlockingDeque.java:680)
        at java.util.concurrent.ThreadPoolExecutor.getTask(ThreadPoolExecutor.java:1074)
        at java.util.concurrent.ThreadPoolExecutor.runWorker(ThreadPoolExecutor.java:1134)
        at java.util.concurrent.ThreadPoolExecutor$Worker.run(ThreadPoolExecutor.java:624)
        at java.lang.Thread.run(Thread.java:750)
"qtp1604011014-268" daemon prio=5 tid=268 timed_waiting
java.lang.Thread.State: TIMED_WAITING
        at sun.misc.Unsafe.park(Native Method)
        at java.util.concurrent.locks.LockSupport.parkNanos(LockSupport.java:215)
        at java.util.concurrent.locks.AbstractQueuedSynchronizer$ConditionObject.awaitNanos(AbstractQueuedSynchronizer.java:2078)
        at org.eclipse.jetty.util.BlockingArrayQueue.poll(BlockingArrayQueue.java:382)
        at org.eclipse.jetty.util.thread.QueuedThreadPool$Runner.idleJobPoll(QueuedThreadPool.java:974)
        at org.eclipse.jetty.util.thread.QueuedThreadPool$Runner.run(QueuedThreadPool.java:1018)
        at java.lang.Thread.run(Thread.java:750)
"FixedThreadPoolWithAffinityExecutor-1-0" daemon prio=5 tid=36 timed_waiting
java.lang.Thread.State: TIMED_WAITING
        at sun.misc.Unsafe.park(Native Method)
        at java.util.concurrent.locks.LockSupport.parkNanos(LockSupport.java:215)
        at java.util.concurrent.locks.AbstractQueuedSynchronizer$ConditionObject.awaitNanos(AbstractQueuedSynchronizer.java:2078)
        at java.util.concurrent.LinkedBlockingQueue.poll(LinkedBlockingQueue.java:467)
        at org.apache.hadoop.hdds.scm.server.ContainerReportQueue.poll(ContainerReportQueue.java:266)
        at org.apache.hadoop.hdds.scm.server.ContainerReportQueue.poll(ContainerReportQueue.java:42)
        at org.apache.hadoop.hdds.server.events.FixedThreadPoolWithAffinityExecutor$ContainerReportProcessTask.run(FixedThreadPoolWithAffinityExecutor.java:218)
        at java.util.concurrent.Executors$RunnableAdapter.call(Executors.java:511)
        at java.util.concurrent.FutureTask.run(FutureTask.java:266)
        at java.util.concurrent.ThreadPoolExecutor.runWorker(ThreadPoolExecutor.java:1149)
        at java.util.concurrent.ThreadPoolExecutor$Worker.run(ThreadPoolExecutor.java:624)
        at java.lang.Thread.run(Thread.java:750)
"957f0a06-02fd-450d-99be-0926792af3ec@group-38ABB79AD11D-LeaderStateImpl" daemon prio=5 tid=701 timed_waiting
java.lang.Thread.State: TIMED_WAITING
        at sun.misc.Unsafe.park(Native Method)
        at java.util.concurrent.locks.LockSupport.parkNanos(LockSupport.java:215)
        at java.util.concurrent.locks.AbstractQueuedSynchronizer$ConditionObject.awaitNanos(AbstractQueuedSynchronizer.java:2078)
        at java.util.concurrent.ArrayBlockingQueue.poll(ArrayBlockingQueue.java:418)
        at org.apache.ratis.server.impl.LeaderStateImpl$EventQueue.poll(LeaderStateImpl.java:159)
        at org.apache.ratis.server.impl.LeaderStateImpl$EventProcessor.run(LeaderStateImpl.java:630)
"ChunkReader-2" daemon prio=5 tid=771 in Object.wait()
java.lang.Thread.State: WAITING (on object monitor)
        at sun.misc.Unsafe.park(Native Method)
        at java.util.concurrent.locks.LockSupport.park(LockSupport.java:175)
        at java.util.concurrent.locks.AbstractQueuedSynchronizer$ConditionObject.await(AbstractQueuedSynchronizer.java:2039)
        at java.util.concurrent.LinkedBlockingQueue.take(LinkedBlockingQueue.java:442)
        at java.util.concurrent.ThreadPoolExecutor.getTask(ThreadPoolExecutor.java:1074)
        at java.util.concurrent.ThreadPoolExecutor.runWorker(ThreadPoolExecutor.java:1134)
        at java.util.concurrent.ThreadPoolExecutor$Worker.run(ThreadPoolExecutor.java:624)
        at java.lang.Thread.run(Thread.java:750)
"IPC Server handler 5 on default port 34339" daemon prio=5 tid=52 timed_waiting
java.lang.Thread.State: TIMED_WAITING
        at sun.misc.Unsafe.park(Native Method)
        at java.util.concurrent.locks.LockSupport.parkNanos(LockSupport.java:215)
        at java.util.concurrent.locks.AbstractQueuedSynchronizer$ConditionObject.awaitNanos(AbstractQueuedSynchronizer.java:2078)
        at java.util.concurrent.LinkedBlockingQueue.poll(LinkedBlockingQueue.java:467)
        at org.apache.hadoop.ipc.CallQueueManager.take(CallQueueManager.java:317)
        at org.apache.hadoop.ipc.Server$Handler.run(Server.java:2942)
"Datanode State Machine Daemon Thread" daemon prio=5 tid=498 timed_waiting
java.lang.Thread.State: TIMED_WAITING
        at java.lang.Thread.sleep(Native Method)
        at org.apache.hadoop.ozone.container.common.statemachine.DatanodeStateMachine.startStateMachineThread(DatanodeStateMachine.java:321)
        at org.apache.hadoop.ozone.container.common.statemachine.DatanodeStateMachine.lambda$startDaemon$0(DatanodeStateMachine.java:506)
        at org.apache.hadoop.ozone.container.common.statemachine.DatanodeStateMachine$$Lambda$751/1278416571.run(Unknown Source)
        at java.lang.Thread.run(Thread.java:750)
"qtp1604011014-266" daemon prio=5 tid=266 timed_waiting
java.lang.Thread.State: TIMED_WAITING
        at sun.misc.Unsafe.park(Native Method)
        at java.util.concurrent.locks.LockSupport.parkNanos(LockSupport.java:215)
        at java.util.concurrent.locks.AbstractQueuedSynchronizer$ConditionObject.awaitNanos(AbstractQueuedSynchronizer.java:2078)
        at org.eclipse.jetty.util.BlockingArrayQueue.poll(BlockingArrayQueue.java:382)
        at org.eclipse.jetty.util.thread.QueuedThreadPool$Runner.idleJobPoll(QueuedThreadPool.java:974)
        at org.eclipse.jetty.util.thread.QueuedThreadPool$Runner.run(QueuedThreadPool.java:1018)
        at java.lang.Thread.run(Thread.java:750)
"qtp410671928-152" daemon prio=5 tid=152 timed_waiting
java.lang.Thread.State: TIMED_WAITING
        at sun.misc.Unsafe.park(Native Method)
        at java.util.concurrent.locks.LockSupport.parkNanos(LockSupport.java:215)
        at java.util.concurrent.locks.AbstractQueuedSynchronizer$ConditionObject.awaitNanos(AbstractQueuedSynchronizer.java:2078)
        at org.eclipse.jetty.util.BlockingArrayQueue.poll(BlockingArrayQueue.java:382)
        at org.eclipse.jetty.util.thread.QueuedThreadPool$Runner.idleJobPoll(QueuedThreadPool.java:974)
        at org.eclipse.jetty.util.thread.QueuedThreadPool$Runner.run(QueuedThreadPool.java:1018)
        at java.lang.Thread.run(Thread.java:750)
"IPC Server listener on 0" daemon prio=5 tid=23 runnable
java.lang.Thread.State: RUNNABLE
        at sun.nio.ch.EPollArrayWrapper.epollWait(Native Method)
        at sun.nio.ch.EPollArrayWrapper.poll(EPollArrayWrapper.java:269)
        at sun.nio.ch.EPollSelectorImpl.doSelect(EPollSelectorImpl.java:93)
        at sun.nio.ch.SelectorImpl.lockAndDoSelect(SelectorImpl.java:86)
        at sun.nio.ch.SelectorImpl.select(SelectorImpl.java:97)
        at sun.nio.ch.SelectorImpl.select(SelectorImpl.java:101)
        at org.apache.hadoop.ipc.Server$Listener.run(Server.java:1358)
"44bea1f4-43dd-4415-bb4e-4e9896dd68f6-server-thread1" daemon prio=5 tid=835 timed_waiting
java.lang.Thread.State: TIMED_WAITING
        at sun.misc.Unsafe.park(Native Method)
        at java.util.concurrent.locks.LockSupport.parkNanos(LockSupport.java:215)
        at java.util.concurrent.SynchronousQueue$TransferStack.awaitFulfill(SynchronousQueue.java:460)
        at java.util.concurrent.SynchronousQueue$TransferStack.transfer(SynchronousQueue.java:362)
        at java.util.concurrent.SynchronousQueue.poll(SynchronousQueue.java:941)
        at java.util.concurrent.ThreadPoolExecutor.getTask(ThreadPoolExecutor.java:1073)
        at java.util.concurrent.ThreadPoolExecutor.runWorker(ThreadPoolExecutor.java:1134)
        at java.util.concurrent.ThreadPoolExecutor$Worker.run(ThreadPoolExecutor.java:624)
        at java.lang.Thread.run(Thread.java:750)
"FullTableCache Cleanup Thread - 0" daemon prio=5 tid=735 in Object.wait()
java.lang.Thread.State: WAITING (on object monitor)
        at sun.misc.Unsafe.park(Native Method)
        at java.util.concurrent.locks.LockSupport.park(LockSupport.java:175)
        at java.util.concurrent.locks.AbstractQueuedSynchronizer$ConditionObject.await(AbstractQueuedSynchronizer.java:2039)
        at java.util.concurrent.LinkedBlockingQueue.take(LinkedBlockingQueue.java:442)
        at java.util.concurrent.ThreadPoolExecutor.getTask(ThreadPoolExecutor.java:1074)
        at java.util.concurrent.ThreadPoolExecutor.runWorker(ThreadPoolExecutor.java:1134)
        at java.util.concurrent.ThreadPoolExecutor$Worker.run(ThreadPoolExecutor.java:624)
        at java.lang.Thread.run(Thread.java:750)
"81de4557-c158-4718-93a8-b16ff7f8daad@group-0E2E749C66FF-SegmentedRaftLogWorker"  prio=5 tid=672 timed_waiting
java.lang.Thread.State: TIMED_WAITING
        at sun.misc.Unsafe.park(Native Method)
        at java.util.concurrent.locks.LockSupport.parkNanos(LockSupport.java:215)
        at java.util.concurrent.locks.AbstractQueuedSynchronizer$ConditionObject.awaitNanos(AbstractQueuedSynchronizer.java:2078)
        at org.apache.ratis.util.DataBlockingQueue.poll(DataBlockingQueue.java:148)
        at org.apache.ratis.server.raftlog.segmented.SegmentedRaftLogWorker.run(SegmentedRaftLogWorker.java:310)
        at org.apache.ratis.server.raftlog.segmented.SegmentedRaftLogWorker$$Lambda$665/2132438442.run(Unknown Source)
        at java.lang.Thread.run(Thread.java:750)
"97cc06fc-4025-4c76-bebd-c1d7b79fe413@group-B6D24B272EC8-StateMachineUpdater" daemon prio=5 tid=584 timed_waiting
java.lang.Thread.State: TIMED_WAITING
        at sun.misc.Unsafe.park(Native Method)
        at java.util.concurrent.locks.LockSupport.parkNanos(LockSupport.java:215)
        at java.util.concurrent.CompletableFuture$Signaller.block(CompletableFuture.java:1709)
        at java.util.concurrent.ForkJoinPool.managedBlock(ForkJoinPool.java:3323)
        at java.util.concurrent.CompletableFuture.timedGet(CompletableFuture.java:1788)
        at java.util.concurrent.CompletableFuture.get(CompletableFuture.java:1928)
        at org.apache.ratis.util.AwaitForSignal.await(AwaitForSignal.java:56)
        at org.apache.ratis.server.impl.StateMachineUpdater.waitForCommit(StateMachineUpdater.java:207)
        at org.apache.ratis.server.impl.StateMachineUpdater.run(StateMachineUpdater.java:176)
        at java.lang.Thread.run(Thread.java:750)
"c56757ad-2923-4297-8741-c606545d9a52@group-60E6F5B2365A-LeaderStateImpl" daemon prio=5 tid=698 timed_waiting
java.lang.Thread.State: TIMED_WAITING
        at sun.misc.Unsafe.park(Native Method)
        at java.util.concurrent.locks.LockSupport.parkNanos(LockSupport.java:215)
        at java.util.concurrent.locks.AbstractQueuedSynchronizer$ConditionObject.awaitNanos(AbstractQueuedSynchronizer.java:2078)
        at java.util.concurrent.ArrayBlockingQueue.poll(ArrayBlockingQueue.java:418)
        at org.apache.ratis.server.impl.LeaderStateImpl$EventQueue.poll(LeaderStateImpl.java:159)
        at org.apache.ratis.server.impl.LeaderStateImpl$EventProcessor.run(LeaderStateImpl.java:630)
"qtp1321633829-435" daemon prio=5 tid=435 timed_waiting
java.lang.Thread.State: TIMED_WAITING
        at sun.misc.Unsafe.park(Native Method)
        at java.util.concurrent.locks.LockSupport.parkNanos(LockSupport.java:215)
        at java.util.concurrent.locks.AbstractQueuedSynchronizer$ConditionObject.awaitNanos(AbstractQueuedSynchronizer.java:2078)
        at org.eclipse.jetty.util.BlockingArrayQueue.poll(BlockingArrayQueue.java:382)
        at org.eclipse.jetty.util.thread.QueuedThreadPool$Runner.idleJobPoll(QueuedThreadPool.java:974)
        at org.eclipse.jetty.util.thread.QueuedThreadPool$Runner.run(QueuedThreadPool.java:1018)
        at java.lang.Thread.run(Thread.java:750)
"Datanode ReportManager Thread - 2" daemon prio=5 tid=276 in Object.wait()
java.lang.Thread.State: WAITING (on object monitor)
        at sun.misc.Unsafe.park(Native Method)
        at java.util.concurrent.locks.LockSupport.park(LockSupport.java:175)
        at java.util.concurrent.locks.AbstractQueuedSynchronizer$ConditionObject.await(AbstractQueuedSynchronizer.java:2039)
        at java.util.concurrent.ScheduledThreadPoolExecutor$DelayedWorkQueue.take(ScheduledThreadPoolExecutor.java:1088)
        at java.util.concurrent.ScheduledThreadPoolExecutor$DelayedWorkQueue.take(ScheduledThreadPoolExecutor.java:809)
        at java.util.concurrent.ThreadPoolExecutor.getTask(ThreadPoolExecutor.java:1074)
        at java.util.concurrent.ThreadPoolExecutor.runWorker(ThreadPoolExecutor.java:1134)
        at java.util.concurrent.ThreadPoolExecutor$Worker.run(ThreadPoolExecutor.java:624)
        at java.lang.Thread.run(Thread.java:750)
"OM StateMachine ApplyTransaction Thread - 0" daemon prio=5 tid=734 in Object.wait()
java.lang.Thread.State: WAITING (on object monitor)
        at sun.misc.Unsafe.park(Native Method)
        at java.util.concurrent.locks.LockSupport.park(LockSupport.java:175)
        at java.util.concurrent.locks.AbstractQueuedSynchronizer$ConditionObject.await(AbstractQueuedSynchronizer.java:2039)
        at java.util.concurrent.LinkedBlockingQueue.take(LinkedBlockingQueue.java:442)
        at java.util.concurrent.ThreadPoolExecutor.getTask(ThreadPoolExecutor.java:1074)
        at java.util.concurrent.ThreadPoolExecutor.runWorker(ThreadPoolExecutor.java:1134)
        at java.util.concurrent.ThreadPoolExecutor$Worker.run(ThreadPoolExecutor.java:624)
        at java.lang.Thread.run(Thread.java:750)
"org.apache.hadoop.util.JvmPauseMonitor$Monitor@7ab76ba" daemon prio=5 tid=373 timed_waiting
java.lang.Thread.State: TIMED_WAITING
        at java.lang.Thread.sleep(Native Method)
        at org.apache.hadoop.util.JvmPauseMonitor$Monitor.run(JvmPauseMonitor.java:192)
        at java.lang.Thread.run(Thread.java:750)
"ChunkWriter-3-0" daemon prio=5 tid=560 in Object.wait()
java.lang.Thread.State: WAITING (on object monitor)
        at sun.misc.Unsafe.park(Native Method)
        at java.util.concurrent.locks.LockSupport.park(LockSupport.java:175)
        at java.util.concurrent.locks.AbstractQueuedSynchronizer$ConditionObject.await(AbstractQueuedSynchronizer.java:2039)
        at java.util.concurrent.LinkedBlockingDeque.takeFirst(LinkedBlockingDeque.java:492)
        at java.util.concurrent.LinkedBlockingDeque.take(LinkedBlockingDeque.java:680)
        at java.util.concurrent.ThreadPoolExecutor.getTask(ThreadPoolExecutor.java:1074)
        at java.util.concurrent.ThreadPoolExecutor.runWorker(ThreadPoolExecutor.java:1134)
        at java.util.concurrent.ThreadPoolExecutor$Worker.run(ThreadPoolExecutor.java:624)
        at java.lang.Thread.run(Thread.java:750)
"Datanode State Machine Task Thread - 1"  prio=5 tid=518 in Object.wait()
java.lang.Thread.State: WAITING (on object monitor)
        at sun.misc.Unsafe.park(Native Method)
        at java.util.concurrent.locks.LockSupport.park(LockSupport.java:175)
        at java.util.concurrent.locks.AbstractQueuedSynchronizer$ConditionObject.await(AbstractQueuedSynchronizer.java:2039)
        at java.util.concurrent.LinkedBlockingQueue.take(LinkedBlockingQueue.java:442)
        at java.util.concurrent.ThreadPoolExecutor.getTask(ThreadPoolExecutor.java:1074)
        at java.util.concurrent.ThreadPoolExecutor.runWorker(ThreadPoolExecutor.java:1134)
        at java.util.concurrent.ThreadPoolExecutor$Worker.run(ThreadPoolExecutor.java:624)
        at java.lang.Thread.run(Thread.java:750)
"qtp1815599816-398" daemon prio=5 tid=398 timed_waiting
java.lang.Thread.State: TIMED_WAITING
        at sun.misc.Unsafe.park(Native Method)
        at java.util.concurrent.locks.LockSupport.parkNanos(LockSupport.java:215)
        at java.util.concurrent.locks.AbstractQueuedSynchronizer$ConditionObject.awaitNanos(AbstractQueuedSynchronizer.java:2078)
        at org.eclipse.jetty.util.BlockingArrayQueue.poll(BlockingArrayQueue.java:382)
        at org.eclipse.jetty.util.thread.QueuedThreadPool$Runner.idleJobPoll(QueuedThreadPool.java:974)
        at org.eclipse.jetty.util.thread.QueuedThreadPool$Runner.run(QueuedThreadPool.java:1018)
        at java.lang.Thread.run(Thread.java:750)
"IPC Server handler 19 on default port 34339" daemon prio=5 tid=66 timed_waiting
java.lang.Thread.State: TIMED_WAITING
        at sun.misc.Unsafe.park(Native Method)
        at java.util.concurrent.locks.LockSupport.parkNanos(LockSupport.java:215)
        at java.util.concurrent.locks.AbstractQueuedSynchronizer$ConditionObject.awaitNanos(AbstractQueuedSynchronizer.java:2078)
        at java.util.concurrent.LinkedBlockingQueue.poll(LinkedBlockingQueue.java:467)
        at org.apache.hadoop.ipc.CallQueueManager.take(CallQueueManager.java:317)
        at org.apache.hadoop.ipc.Server$Handler.run(Server.java:2942)
"qtp2024219843-487" daemon prio=5 tid=487 timed_waiting
java.lang.Thread.State: TIMED_WAITING
        at sun.misc.Unsafe.park(Native Method)
        at java.util.concurrent.locks.LockSupport.parkNanos(LockSupport.java:215)
        at java.util.concurrent.locks.AbstractQueuedSynchronizer$ConditionObject.awaitNanos(AbstractQueuedSynchronizer.java:2078)
        at org.eclipse.jetty.util.BlockingArrayQueue.poll(BlockingArrayQueue.java:382)
        at org.eclipse.jetty.util.thread.QueuedThreadPool$Runner.idleJobPoll(QueuedThreadPool.java:974)
        at org.eclipse.jetty.util.thread.QueuedThreadPool$Runner.run(QueuedThreadPool.java:1018)
        at java.lang.Thread.run(Thread.java:750)
"StaleRecoveringContainerScrubbingService#0" daemon prio=5 tid=411 in Object.wait()
java.lang.Thread.State: WAITING (on object monitor)
        at sun.misc.Unsafe.park(Native Method)
        at java.util.concurrent.locks.LockSupport.park(LockSupport.java:175)
        at java.util.concurrent.locks.AbstractQueuedSynchronizer$ConditionObject.await(AbstractQueuedSynchronizer.java:2039)
        at java.util.concurrent.ScheduledThreadPoolExecutor$DelayedWorkQueue.take(ScheduledThreadPoolExecutor.java:1088)
        at java.util.concurrent.ScheduledThreadPoolExecutor$DelayedWorkQueue.take(ScheduledThreadPoolExecutor.java:809)
        at java.util.concurrent.ThreadPoolExecutor.getTask(ThreadPoolExecutor.java:1074)
        at java.util.concurrent.ThreadPoolExecutor.runWorker(ThreadPoolExecutor.java:1134)
        at java.util.concurrent.ThreadPoolExecutor$Worker.run(ThreadPoolExecutor.java:624)
        at java.lang.Thread.run(Thread.java:750)
"IPC Server handler 0 on default port 34735" daemon prio=5 tid=154 timed_waiting
java.lang.Thread.State: TIMED_WAITING
        at sun.misc.Unsafe.park(Native Method)
        at java.util.concurrent.locks.LockSupport.parkNanos(LockSupport.java:215)
        at java.util.concurrent.locks.AbstractQueuedSynchronizer$ConditionObject.awaitNanos(AbstractQueuedSynchronizer.java:2078)
        at java.util.concurrent.LinkedBlockingQueue.poll(LinkedBlockingQueue.java:467)
        at org.apache.hadoop.ipc.CallQueueManager.take(CallQueueManager.java:317)
        at org.apache.hadoop.ipc.Server$Handler.run(Server.java:2942)
"qtp1784709811-292" daemon prio=5 tid=292 timed_waiting
java.lang.Thread.State: TIMED_WAITING
        at sun.misc.Unsafe.park(Native Method)
        at java.util.concurrent.locks.LockSupport.parkNanos(LockSupport.java:215)
        at java.util.concurrent.locks.AbstractQueuedSynchronizer$ConditionObject.awaitNanos(AbstractQueuedSynchronizer.java:2078)
        at org.eclipse.jetty.util.BlockingArrayQueue.poll(BlockingArrayQueue.java:382)
        at org.eclipse.jetty.util.thread.QueuedThreadPool$Runner.idleJobPoll(QueuedThreadPool.java:974)
        at org.eclipse.jetty.util.thread.QueuedThreadPool$Runner.run(QueuedThreadPool.java:1018)
        at java.lang.Thread.run(Thread.java:750)
"Under Replicated Processor" daemon prio=5 tid=846 timed_waiting
java.lang.Thread.State: TIMED_WAITING
        at java.lang.Object.wait(Native Method)
        at org.apache.hadoop.hdds.scm.container.replication.UnderReplicatedProcessor.run(UnderReplicatedProcessor.java:142)
        at java.lang.Thread.run(Thread.java:750)
"StaleRecoveringContainerScrubbingService#0" daemon prio=5 tid=344 in Object.wait()
java.lang.Thread.State: WAITING (on object monitor)
        at sun.misc.Unsafe.park(Native Method)
        at java.util.concurrent.locks.LockSupport.park(LockSupport.java:175)
        at java.util.concurrent.locks.AbstractQueuedSynchronizer$ConditionObject.await(AbstractQueuedSynchronizer.java:2039)
        at java.util.concurrent.ScheduledThreadPoolExecutor$DelayedWorkQueue.take(ScheduledThreadPoolExecutor.java:1088)
        at java.util.concurrent.ScheduledThreadPoolExecutor$DelayedWorkQueue.take(ScheduledThreadPoolExecutor.java:809)
        at java.util.concurrent.ThreadPoolExecutor.getTask(ThreadPoolExecutor.java:1074)
        at java.util.concurrent.ThreadPoolExecutor.runWorker(ThreadPoolExecutor.java:1134)
        at java.util.concurrent.ThreadPoolExecutor$Worker.run(ThreadPoolExecutor.java:624)
        at java.lang.Thread.run(Thread.java:750)
"BlockDeletingService#2" daemon prio=5 tid=904 in Object.wait()
java.lang.Thread.State: WAITING (on object monitor)
        at sun.misc.Unsafe.park(Native Method)
        at java.util.concurrent.locks.LockSupport.park(LockSupport.java:175)
        at java.util.concurrent.locks.AbstractQueuedSynchronizer$ConditionObject.await(AbstractQueuedSynchronizer.java:2039)
        at java.util.concurrent.ScheduledThreadPoolExecutor$DelayedWorkQueue.take(ScheduledThreadPoolExecutor.java:1088)
        at java.util.concurrent.ScheduledThreadPoolExecutor$DelayedWorkQueue.take(ScheduledThreadPoolExecutor.java:809)
        at java.util.concurrent.ThreadPoolExecutor.getTask(ThreadPoolExecutor.java:1074)
        at java.util.concurrent.ThreadPoolExecutor.runWorker(ThreadPoolExecutor.java:1134)
        at java.util.concurrent.ThreadPoolExecutor$Worker.run(ThreadPoolExecutor.java:624)
        at java.lang.Thread.run(Thread.java:750)
"EndpointStateMachine task thread for /0.0.0.0:34173 - 0 "  prio=5 tid=348 in Object.wait()
java.lang.Thread.State: WAITING (on object monitor)
        at sun.misc.Unsafe.park(Native Method)
        at java.util.concurrent.locks.LockSupport.park(LockSupport.java:175)
        at java.util.concurrent.locks.AbstractQueuedSynchronizer$ConditionObject.await(AbstractQueuedSynchronizer.java:2039)
        at java.util.concurrent.LinkedBlockingQueue.take(LinkedBlockingQueue.java:442)
        at java.util.concurrent.ThreadPoolExecutor.getTask(ThreadPoolExecutor.java:1074)
        at java.util.concurrent.ThreadPoolExecutor.runWorker(ThreadPoolExecutor.java:1134)
        at java.util.concurrent.ThreadPoolExecutor$Worker.run(ThreadPoolExecutor.java:624)
        at java.lang.Thread.run(Thread.java:750)
"StaleRecoveringContainerScrubbingService#2" daemon prio=5 tid=903 in Object.wait()
java.lang.Thread.State: WAITING (on object monitor)
        at sun.misc.Unsafe.park(Native Method)
        at java.util.concurrent.locks.LockSupport.park(LockSupport.java:175)
        at java.util.concurrent.locks.AbstractQueuedSynchronizer$ConditionObject.await(AbstractQueuedSynchronizer.java:2039)
        at java.util.concurrent.ScheduledThreadPoolExecutor$DelayedWorkQueue.take(ScheduledThreadPoolExecutor.java:1088)
        at java.util.concurrent.ScheduledThreadPoolExecutor$DelayedWorkQueue.take(ScheduledThreadPoolExecutor.java:809)
        at java.util.concurrent.ThreadPoolExecutor.getTask(ThreadPoolExecutor.java:1074)
        at java.util.concurrent.ThreadPoolExecutor.runWorker(ThreadPoolExecutor.java:1134)
        at java.util.concurrent.ThreadPoolExecutor$Worker.run(ThreadPoolExecutor.java:624)
        at java.lang.Thread.run(Thread.java:750)
"274c4b45-19e0-452f-8d1e-585a77537937@group-B6D24B272EC8-FollowerState" daemon prio=5 tid=863 timed_waiting
java.lang.Thread.State: TIMED_WAITING
        at java.lang.Thread.sleep(Native Method)
        at java.lang.Thread.sleep(Thread.java:342)
        at java.util.concurrent.TimeUnit.sleep(TimeUnit.java:386)
        at org.apache.ratis.util.TimeDuration.sleep(TimeDuration.java:325)
        at org.apache.ratis.util.TimeDuration.sleep(TimeDuration.java:310)
        at org.apache.ratis.server.impl.FollowerState.run(FollowerState.java:128)
"IPC Server handler 10 on default port 34735" daemon prio=5 tid=164 timed_waiting
java.lang.Thread.State: TIMED_WAITING
        at sun.misc.Unsafe.park(Native Method)
        at java.util.concurrent.locks.LockSupport.parkNanos(LockSupport.java:215)
        at java.util.concurrent.locks.AbstractQueuedSynchronizer$ConditionObject.awaitNanos(AbstractQueuedSynchronizer.java:2078)
        at java.util.concurrent.LinkedBlockingQueue.poll(LinkedBlockingQueue.java:467)
        at org.apache.hadoop.ipc.CallQueueManager.take(CallQueueManager.java:317)
        at org.apache.hadoop.ipc.Server$Handler.run(Server.java:2942)
"3fdd4c6e-2961-42ba-90d3-b5f169a49f15@group-EA947C079E8C-SegmentedRaftLogWorker"  prio=5 tid=661 timed_waiting
java.lang.Thread.State: TIMED_WAITING
        at sun.misc.Unsafe.park(Native Method)
        at java.util.concurrent.locks.LockSupport.parkNanos(LockSupport.java:215)
        at java.util.concurrent.locks.AbstractQueuedSynchronizer$ConditionObject.awaitNanos(AbstractQueuedSynchronizer.java:2078)
        at org.apache.ratis.util.DataBlockingQueue.poll(DataBlockingQueue.java:148)
        at org.apache.ratis.server.raftlog.segmented.SegmentedRaftLogWorker.run(SegmentedRaftLogWorker.java:310)
        at org.apache.ratis.server.raftlog.segmented.SegmentedRaftLogWorker$$Lambda$665/2132438442.run(Unknown Source)
        at java.lang.Thread.run(Thread.java:750)
"ChunkWriter-3-0" daemon prio=5 tid=340 in Object.wait()
java.lang.Thread.State: WAITING (on object monitor)
        at sun.misc.Unsafe.park(Native Method)
        at java.util.concurrent.locks.LockSupport.park(LockSupport.java:175)
        at java.util.concurrent.locks.AbstractQueuedSynchronizer$ConditionObject.await(AbstractQueuedSynchronizer.java:2039)
        at java.util.concurrent.LinkedBlockingDeque.takeFirst(LinkedBlockingDeque.java:492)
        at java.util.concurrent.LinkedBlockingDeque.take(LinkedBlockingDeque.java:680)
        at java.util.concurrent.ThreadPoolExecutor.getTask(ThreadPoolExecutor.java:1074)
        at java.util.concurrent.ThreadPoolExecutor.runWorker(ThreadPoolExecutor.java:1134)
        at java.util.concurrent.ThreadPoolExecutor$Worker.run(ThreadPoolExecutor.java:624)
        at java.lang.Thread.run(Thread.java:750)
"c56757ad-2923-4297-8741-c606545d9a52@group-B6D24B272EC8-StateMachineUpdater" daemon prio=5 tid=590 timed_waiting
java.lang.Thread.State: TIMED_WAITING
        at sun.misc.Unsafe.park(Native Method)
        at java.util.concurrent.locks.LockSupport.parkNanos(LockSupport.java:215)
        at java.util.concurrent.CompletableFuture$Signaller.block(CompletableFuture.java:1709)
        at java.util.concurrent.ForkJoinPool.managedBlock(ForkJoinPool.java:3323)
        at java.util.concurrent.CompletableFuture.timedGet(CompletableFuture.java:1788)
        at java.util.concurrent.CompletableFuture.get(CompletableFuture.java:1928)
        at org.apache.ratis.util.AwaitForSignal.await(AwaitForSignal.java:56)
        at org.apache.ratis.server.impl.StateMachineUpdater.waitForCommit(StateMachineUpdater.java:207)
        at org.apache.ratis.server.impl.StateMachineUpdater.run(StateMachineUpdater.java:176)
        at java.lang.Thread.run(Thread.java:750)
"ChunkReader-1" daemon prio=5 tid=772 in Object.wait()
java.lang.Thread.State: WAITING (on object monitor)
        at sun.misc.Unsafe.park(Native Method)
        at java.util.concurrent.locks.LockSupport.park(LockSupport.java:175)
        at java.util.concurrent.locks.AbstractQueuedSynchronizer$ConditionObject.await(AbstractQueuedSynchronizer.java:2039)
        at java.util.concurrent.LinkedBlockingQueue.take(LinkedBlockingQueue.java:442)
        at java.util.concurrent.ThreadPoolExecutor.getTask(ThreadPoolExecutor.java:1074)
        at java.util.concurrent.ThreadPoolExecutor.runWorker(ThreadPoolExecutor.java:1134)
        at java.util.concurrent.ThreadPoolExecutor$Worker.run(ThreadPoolExecutor.java:624)
        at java.lang.Thread.run(Thread.java:750)
"ChunkWriter-0-0" daemon prio=5 tid=532 in Object.wait()
java.lang.Thread.State: WAITING (on object monitor)
        at sun.misc.Unsafe.park(Native Method)
        at java.util.concurrent.locks.LockSupport.park(LockSupport.java:175)
        at java.util.concurrent.locks.AbstractQueuedSynchronizer$ConditionObject.await(AbstractQueuedSynchronizer.java:2039)
        at java.util.concurrent.LinkedBlockingDeque.takeFirst(LinkedBlockingDeque.java:492)
        at java.util.concurrent.LinkedBlockingDeque.take(LinkedBlockingDeque.java:680)
        at java.util.concurrent.ThreadPoolExecutor.getTask(ThreadPoolExecutor.java:1074)
        at java.util.concurrent.ThreadPoolExecutor.runWorker(ThreadPoolExecutor.java:1134)
        at java.util.concurrent.ThreadPoolExecutor$Worker.run(ThreadPoolExecutor.java:624)
        at java.lang.Thread.run(Thread.java:750)
"RatisPipelineUtilsThread - 0"  prio=5 tid=15 timed_waiting
java.lang.Thread.State: TIMED_WAITING
        at java.lang.Object.wait(Native Method)
        at org.apache.hadoop.hdds.scm.pipeline.BackgroundPipelineCreator.run(BackgroundPipelineCreator.java:176)
        at org.apache.hadoop.hdds.scm.pipeline.BackgroundPipelineCreator$$Lambda$372/603327357.run(Unknown Source)
        at java.lang.Thread.run(Thread.java:750)
"StaleRecoveringContainerScrubbingService#2" daemon prio=5 tid=911 in Object.wait()
java.lang.Thread.State: WAITING (on object monitor)
        at sun.misc.Unsafe.park(Native Method)
        at java.util.concurrent.locks.LockSupport.park(LockSupport.java:175)
        at java.util.concurrent.locks.AbstractQueuedSynchronizer$ConditionObject.await(AbstractQueuedSynchronizer.java:2039)
        at java.util.concurrent.ScheduledThreadPoolExecutor$DelayedWorkQueue.take(ScheduledThreadPoolExecutor.java:1088)
        at java.util.concurrent.ScheduledThreadPoolExecutor$DelayedWorkQueue.take(ScheduledThreadPoolExecutor.java:809)
        at java.util.concurrent.ThreadPoolExecutor.getTask(ThreadPoolExecutor.java:1074)
        at java.util.concurrent.ThreadPoolExecutor.runWorker(ThreadPoolExecutor.java:1134)
        at java.util.concurrent.ThreadPoolExecutor$Worker.run(ThreadPoolExecutor.java:624)
        at java.lang.Thread.run(Thread.java:750)
"IPC Server handler 7 on default port 36903" daemon prio=5 tid=74 timed_waiting
java.lang.Thread.State: TIMED_WAITING
        at sun.misc.Unsafe.park(Native Method)
        at java.util.concurrent.locks.LockSupport.parkNanos(LockSupport.java:215)
        at java.util.concurrent.locks.AbstractQueuedSynchronizer$ConditionObject.awaitNanos(AbstractQueuedSynchronizer.java:2078)
        at java.util.concurrent.LinkedBlockingQueue.poll(LinkedBlockingQueue.java:467)
        at org.apache.hadoop.ipc.CallQueueManager.take(CallQueueManager.java:317)
        at org.apache.hadoop.ipc.Server$Handler.run(Server.java:2942)
"timer7" daemon prio=5 tid=794 timed_waiting
java.lang.Thread.State: TIMED_WAITING
        at java.lang.Object.wait(Native Method)
        at java.util.TimerThread.mainLoop(Timer.java:552)
        at java.util.TimerThread.run(Timer.java:505)
"Datanode State Machine Daemon Thread" daemon prio=5 tid=221 timed_waiting
java.lang.Thread.State: TIMED_WAITING
        at java.lang.Thread.sleep(Native Method)
        at org.apache.hadoop.ozone.container.common.statemachine.DatanodeStateMachine.startStateMachineThread(DatanodeStateMachine.java:321)
        at org.apache.hadoop.ozone.container.common.statemachine.DatanodeStateMachine.lambda$startDaemon$0(DatanodeStateMachine.java:506)
        at org.apache.hadoop.ozone.container.common.statemachine.DatanodeStateMachine$$Lambda$751/1278416571.run(Unknown Source)
        at java.lang.Thread.run(Thread.java:750)
"Periodic HDDS volume checker" daemon prio=5 tid=257 timed_waiting
java.lang.Thread.State: TIMED_WAITING
        at sun.misc.Unsafe.park(Native Method)
        at java.util.concurrent.locks.LockSupport.parkNanos(LockSupport.java:215)
        at java.util.concurrent.locks.AbstractQueuedSynchronizer$ConditionObject.awaitNanos(AbstractQueuedSynchronizer.java:2078)
        at java.util.concurrent.ScheduledThreadPoolExecutor$DelayedWorkQueue.take(ScheduledThreadPoolExecutor.java:1093)
        at java.util.concurrent.ScheduledThreadPoolExecutor$DelayedWorkQueue.take(ScheduledThreadPoolExecutor.java:809)
        at java.util.concurrent.ThreadPoolExecutor.getTask(ThreadPoolExecutor.java:1074)
        at java.util.concurrent.ThreadPoolExecutor.runWorker(ThreadPoolExecutor.java:1134)
        at java.util.concurrent.ThreadPoolExecutor$Worker.run(ThreadPoolExecutor.java:624)
        at java.lang.Thread.run(Thread.java:750)
"IPC Server handler 7 on default port 34735" daemon prio=5 tid=161 timed_waiting
java.lang.Thread.State: TIMED_WAITING
        at sun.misc.Unsafe.park(Native Method)
        at java.util.concurrent.locks.LockSupport.parkNanos(LockSupport.java:215)
        at java.util.concurrent.locks.AbstractQueuedSynchronizer$ConditionObject.awaitNanos(AbstractQueuedSynchronizer.java:2078)
        at java.util.concurrent.LinkedBlockingQueue.poll(LinkedBlockingQueue.java:467)
        at org.apache.hadoop.ipc.CallQueueManager.take(CallQueueManager.java:317)
        at org.apache.hadoop.ipc.Server$Handler.run(Server.java:2942)
"274c4b45-19e0-452f-8d1e-585a77537937-server-thread1" daemon prio=5 tid=868 timed_waiting
java.lang.Thread.State: TIMED_WAITING
        at sun.misc.Unsafe.park(Native Method)
        at java.util.concurrent.locks.LockSupport.parkNanos(LockSupport.java:215)
        at java.util.concurrent.SynchronousQueue$TransferStack.awaitFulfill(SynchronousQueue.java:460)
        at java.util.concurrent.SynchronousQueue$TransferStack.transfer(SynchronousQueue.java:362)
        at java.util.concurrent.SynchronousQueue.poll(SynchronousQueue.java:941)
        at java.util.concurrent.ThreadPoolExecutor.getTask(ThreadPoolExecutor.java:1073)
        at java.util.concurrent.ThreadPoolExecutor.runWorker(ThreadPoolExecutor.java:1134)
        at java.util.concurrent.ThreadPoolExecutor$Worker.run(ThreadPoolExecutor.java:624)
        at java.lang.Thread.run(Thread.java:750)
"pool-288-thread-1" daemon prio=5 tid=472 timed_waiting
java.lang.Thread.State: TIMED_WAITING
        at sun.misc.Unsafe.park(Native Method)
        at java.util.concurrent.locks.LockSupport.parkNanos(LockSupport.java:215)
        at java.util.concurrent.locks.AbstractQueuedSynchronizer$ConditionObject.awaitNanos(AbstractQueuedSynchronizer.java:2078)
        at java.util.concurrent.ScheduledThreadPoolExecutor$DelayedWorkQueue.take(ScheduledThreadPoolExecutor.java:1093)
        at java.util.concurrent.ScheduledThreadPoolExecutor$DelayedWorkQueue.take(ScheduledThreadPoolExecutor.java:809)
        at java.util.concurrent.ThreadPoolExecutor.getTask(ThreadPoolExecutor.java:1074)
        at java.util.concurrent.ThreadPoolExecutor.runWorker(ThreadPoolExecutor.java:1134)
        at java.util.concurrent.ThreadPoolExecutor$Worker.run(ThreadPoolExecutor.java:624)
        at java.lang.Thread.run(Thread.java:750)
"ChunkWriter-3-0" daemon prio=5 tid=407 in Object.wait()
java.lang.Thread.State: WAITING (on object monitor)
        at sun.misc.Unsafe.park(Native Method)
        at java.util.concurrent.locks.LockSupport.park(LockSupport.java:175)
        at java.util.concurrent.locks.AbstractQueuedSynchronizer$ConditionObject.await(AbstractQueuedSynchronizer.java:2039)
        at java.util.concurrent.LinkedBlockingDeque.takeFirst(LinkedBlockingDeque.java:492)
        at java.util.concurrent.LinkedBlockingDeque.take(LinkedBlockingDeque.java:680)
        at java.util.concurrent.ThreadPoolExecutor.getTask(ThreadPoolExecutor.java:1074)
        at java.util.concurrent.ThreadPoolExecutor.runWorker(ThreadPoolExecutor.java:1134)
        at java.util.concurrent.ThreadPoolExecutor$Worker.run(ThreadPoolExecutor.java:624)
        at java.lang.Thread.run(Thread.java:750)
"pool-277-thread-1"  prio=5 tid=432 timed_waiting
java.lang.Thread.State: TIMED_WAITING
        at sun.misc.Unsafe.park(Native Method)
        at java.util.concurrent.locks.LockSupport.parkNanos(LockSupport.java:215)
        at java.util.concurrent.locks.AbstractQueuedSynchronizer$ConditionObject.awaitNanos(AbstractQueuedSynchronizer.java:2078)
        at java.util.concurrent.ScheduledThreadPoolExecutor$DelayedWorkQueue.take(ScheduledThreadPoolExecutor.java:1093)
        at java.util.concurrent.ScheduledThreadPoolExecutor$DelayedWorkQueue.take(ScheduledThreadPoolExecutor.java:809)
        at java.util.concurrent.ThreadPoolExecutor.getTask(ThreadPoolExecutor.java:1074)
        at java.util.concurrent.ThreadPoolExecutor.runWorker(ThreadPoolExecutor.java:1134)
        at java.util.concurrent.ThreadPoolExecutor$Worker.run(ThreadPoolExecutor.java:624)
        at java.lang.Thread.run(Thread.java:750)
"ChunkWriter-1-0" daemon prio=5 tid=545 in Object.wait()
java.lang.Thread.State: WAITING (on object monitor)
        at sun.misc.Unsafe.park(Native Method)
        at java.util.concurrent.locks.LockSupport.park(LockSupport.java:175)
        at java.util.concurrent.locks.AbstractQueuedSynchronizer$ConditionObject.await(AbstractQueuedSynchronizer.java:2039)
        at java.util.concurrent.LinkedBlockingDeque.takeFirst(LinkedBlockingDeque.java:492)
        at java.util.concurrent.LinkedBlockingDeque.take(LinkedBlockingDeque.java:680)
        at java.util.concurrent.ThreadPoolExecutor.getTask(ThreadPoolExecutor.java:1074)
        at java.util.concurrent.ThreadPoolExecutor.runWorker(ThreadPoolExecutor.java:1134)
        at java.util.concurrent.ThreadPoolExecutor$Worker.run(ThreadPoolExecutor.java:624)
        at java.lang.Thread.run(Thread.java:750)
"Datanode ReportManager Thread - 1" daemon prio=5 tid=195 timed_waiting
java.lang.Thread.State: TIMED_WAITING
        at sun.misc.Unsafe.park(Native Method)
        at java.util.concurrent.locks.LockSupport.parkNanos(LockSupport.java:215)
        at java.util.concurrent.locks.AbstractQueuedSynchronizer$ConditionObject.awaitNanos(AbstractQueuedSynchronizer.java:2078)
        at java.util.concurrent.ScheduledThreadPoolExecutor$DelayedWorkQueue.take(ScheduledThreadPoolExecutor.java:1093)
        at java.util.concurrent.ScheduledThreadPoolExecutor$DelayedWorkQueue.take(ScheduledThreadPoolExecutor.java:809)
        at java.util.concurrent.ThreadPoolExecutor.getTask(ThreadPoolExecutor.java:1074)
        at java.util.concurrent.ThreadPoolExecutor.runWorker(ThreadPoolExecutor.java:1134)
        at java.util.concurrent.ThreadPoolExecutor$Worker.run(ThreadPoolExecutor.java:624)
        at java.lang.Thread.run(Thread.java:750)
"StaleRecoveringContainerScrubbingService#1" daemon prio=5 tid=529 timed_waiting
java.lang.Thread.State: TIMED_WAITING
        at sun.misc.Unsafe.park(Native Method)
        at java.util.concurrent.locks.LockSupport.parkNanos(LockSupport.java:215)
        at java.util.concurrent.locks.AbstractQueuedSynchronizer$ConditionObject.awaitNanos(AbstractQueuedSynchronizer.java:2078)
        at java.util.concurrent.ScheduledThreadPoolExecutor$DelayedWorkQueue.take(ScheduledThreadPoolExecutor.java:1093)
        at java.util.concurrent.ScheduledThreadPoolExecutor$DelayedWorkQueue.take(ScheduledThreadPoolExecutor.java:809)
        at java.util.concurrent.ThreadPoolExecutor.getTask(ThreadPoolExecutor.java:1074)
        at java.util.concurrent.ThreadPoolExecutor.runWorker(ThreadPoolExecutor.java:1134)
        at java.util.concurrent.ThreadPoolExecutor$Worker.run(ThreadPoolExecutor.java:624)
        at java.lang.Thread.run(Thread.java:750)
"StaleRecoveringContainerScrubbingService#1" daemon prio=5 tid=384 timed_waiting
java.lang.Thread.State: TIMED_WAITING
        at sun.misc.Unsafe.park(Native Method)
        at java.util.concurrent.locks.LockSupport.parkNanos(LockSupport.java:215)
        at java.util.concurrent.locks.AbstractQueuedSynchronizer$ConditionObject.awaitNanos(AbstractQueuedSynchronizer.java:2078)
        at java.util.concurrent.ScheduledThreadPoolExecutor$DelayedWorkQueue.take(ScheduledThreadPoolExecutor.java:1093)
        at java.util.concurrent.ScheduledThreadPoolExecutor$DelayedWorkQueue.take(ScheduledThreadPoolExecutor.java:809)
        at java.util.concurrent.ThreadPoolExecutor.getTask(ThreadPoolExecutor.java:1074)
        at java.util.concurrent.ThreadPoolExecutor.runWorker(ThreadPoolExecutor.java:1134)
        at java.util.concurrent.ThreadPoolExecutor$Worker.run(ThreadPoolExecutor.java:624)
        at java.lang.Thread.run(Thread.java:750)
"IPC Server handler 13 on default port 34735" daemon prio=5 tid=167 timed_waiting
java.lang.Thread.State: TIMED_WAITING
        at sun.misc.Unsafe.park(Native Method)
        at java.util.concurrent.locks.LockSupport.parkNanos(LockSupport.java:215)
        at java.util.concurrent.locks.AbstractQueuedSynchronizer$ConditionObject.awaitNanos(AbstractQueuedSynchronizer.java:2078)
        at java.util.concurrent.LinkedBlockingQueue.poll(LinkedBlockingQueue.java:467)
        at org.apache.hadoop.ipc.CallQueueManager.take(CallQueueManager.java:317)
        at org.apache.hadoop.ipc.Server$Handler.run(Server.java:2942)
"ChunkWriter-2-0" daemon prio=5 tid=377 in Object.wait()
java.lang.Thread.State: WAITING (on object monitor)
        at sun.misc.Unsafe.park(Native Method)
        at java.util.concurrent.locks.LockSupport.park(LockSupport.java:175)
        at java.util.concurrent.locks.AbstractQueuedSynchronizer$ConditionObject.await(AbstractQueuedSynchronizer.java:2039)
        at java.util.concurrent.LinkedBlockingDeque.takeFirst(LinkedBlockingDeque.java:492)
        at java.util.concurrent.LinkedBlockingDeque.take(LinkedBlockingDeque.java:680)
        at java.util.concurrent.ThreadPoolExecutor.getTask(ThreadPoolExecutor.java:1074)
        at java.util.concurrent.ThreadPoolExecutor.runWorker(ThreadPoolExecutor.java:1134)
        at java.util.concurrent.ThreadPoolExecutor$Worker.run(ThreadPoolExecutor.java:624)
        at java.lang.Thread.run(Thread.java:750)
"qtp1784709811-291-acceptor-0@6bd5cc38-ServerConnector@66946979{HTTP/1.1, (http/1.1)}{0.0.0.0:42865}" daemon prio=3 tid=291 runnable
java.lang.Thread.State: RUNNABLE
        at sun.nio.ch.ServerSocketChannelImpl.accept0(Native Method)
        at sun.nio.ch.ServerSocketChannelImpl.accept(ServerSocketChannelImpl.java:421)
        at sun.nio.ch.ServerSocketChannelImpl.accept(ServerSocketChannelImpl.java:249)
        at org.eclipse.jetty.server.ServerConnector.accept(ServerConnector.java:388)
        at org.eclipse.jetty.server.AbstractConnector$Acceptor.run(AbstractConnector.java:704)
        at org.eclipse.jetty.util.thread.QueuedThreadPool.runJob(QueuedThreadPool.java:883)
        at org.eclipse.jetty.util.thread.QueuedThreadPool$Runner.run(QueuedThreadPool.java:1034)
        at java.lang.Thread.run(Thread.java:750)
"IPC Server handler 17 on default port 34173" daemon prio=5 tid=104 timed_waiting
java.lang.Thread.State: TIMED_WAITING
        at sun.misc.Unsafe.park(Native Method)
        at java.util.concurrent.locks.LockSupport.parkNanos(LockSupport.java:215)
        at java.util.concurrent.locks.AbstractQueuedSynchronizer$ConditionObject.awaitNanos(AbstractQueuedSynchronizer.java:2078)
        at java.util.concurrent.LinkedBlockingQueue.poll(LinkedBlockingQueue.java:467)
        at org.apache.hadoop.ipc.CallQueueManager.take(CallQueueManager.java:317)
        at org.apache.hadoop.ipc.Server$Handler.run(Server.java:2942)
"qtp745359474-241" daemon prio=5 tid=241 timed_waiting
java.lang.Thread.State: TIMED_WAITING
        at sun.misc.Unsafe.park(Native Method)
        at java.util.concurrent.locks.LockSupport.parkNanos(LockSupport.java:215)
        at java.util.concurrent.locks.AbstractQueuedSynchronizer$ConditionObject.awaitNanos(AbstractQueuedSynchronizer.java:2078)
        at org.eclipse.jetty.util.BlockingArrayQueue.poll(BlockingArrayQueue.java:382)
        at org.eclipse.jetty.util.thread.QueuedThreadPool$Runner.idleJobPoll(QueuedThreadPool.java:974)
        at org.eclipse.jetty.util.thread.QueuedThreadPool$Runner.run(QueuedThreadPool.java:1018)
        at java.lang.Thread.run(Thread.java:750)
"pool-88-thread-1" daemon prio=5 tid=207 timed_waiting
java.lang.Thread.State: TIMED_WAITING
        at sun.misc.Unsafe.park(Native Method)
        at java.util.concurrent.locks.LockSupport.parkNanos(LockSupport.java:215)
        at java.util.concurrent.locks.AbstractQueuedSynchronizer$ConditionObject.awaitNanos(AbstractQueuedSynchronizer.java:2078)
        at java.util.concurrent.ScheduledThreadPoolExecutor$DelayedWorkQueue.take(ScheduledThreadPoolExecutor.java:1093)
        at java.util.concurrent.ScheduledThreadPoolExecutor$DelayedWorkQueue.take(ScheduledThreadPoolExecutor.java:809)
        at java.util.concurrent.ThreadPoolExecutor.getTask(ThreadPoolExecutor.java:1074)
        at java.util.concurrent.ThreadPoolExecutor.runWorker(ThreadPoolExecutor.java:1134)
        at java.util.concurrent.ThreadPoolExecutor$Worker.run(ThreadPoolExecutor.java:624)
        at java.lang.Thread.run(Thread.java:750)
"97cc06fc-4025-4c76-bebd-c1d7b79fe413@group-B6D24B272EC8-SegmentedRaftLogWorker"  prio=5 tid=582 timed_waiting
java.lang.Thread.State: TIMED_WAITING
        at sun.misc.Unsafe.park(Native Method)
        at java.util.concurrent.locks.LockSupport.parkNanos(LockSupport.java:215)
        at java.util.concurrent.locks.AbstractQueuedSynchronizer$ConditionObject.awaitNanos(AbstractQueuedSynchronizer.java:2078)
        at org.apache.ratis.util.DataBlockingQueue.poll(DataBlockingQueue.java:148)
        at org.apache.ratis.server.raftlog.segmented.SegmentedRaftLogWorker.run(SegmentedRaftLogWorker.java:310)
        at org.apache.ratis.server.raftlog.segmented.SegmentedRaftLogWorker$$Lambda$665/2132438442.run(Unknown Source)
        at java.lang.Thread.run(Thread.java:750)
"81de4557-c158-4718-93a8-b16ff7f8daad@group-EA947C079E8C-StateMachineUpdater" daemon prio=5 tid=666 timed_waiting
java.lang.Thread.State: TIMED_WAITING
        at sun.misc.Unsafe.park(Native Method)
        at java.util.concurrent.locks.LockSupport.parkNanos(LockSupport.java:215)
        at java.util.concurrent.CompletableFuture$Signaller.block(CompletableFuture.java:1709)
        at java.util.concurrent.ForkJoinPool.managedBlock(ForkJoinPool.java:3323)
        at java.util.concurrent.CompletableFuture.timedGet(CompletableFuture.java:1788)
        at java.util.concurrent.CompletableFuture.get(CompletableFuture.java:1928)
        at org.apache.ratis.util.AwaitForSignal.await(AwaitForSignal.java:56)
        at org.apache.ratis.server.impl.StateMachineUpdater.waitForCommit(StateMachineUpdater.java:207)
        at org.apache.ratis.server.impl.StateMachineUpdater.run(StateMachineUpdater.java:176)
        at java.lang.Thread.run(Thread.java:750)
"timer1" daemon prio=5 tid=716 timed_waiting
java.lang.Thread.State: TIMED_WAITING
        at java.lang.Object.wait(Native Method)
        at java.util.TimerThread.mainLoop(Timer.java:552)
        at java.util.TimerThread.run(Timer.java:505)
"IPC Server handler 6 on default port 34173" daemon prio=5 tid=93 timed_waiting
java.lang.Thread.State: TIMED_WAITING
        at sun.misc.Unsafe.park(Native Method)
        at java.util.concurrent.locks.LockSupport.parkNanos(LockSupport.java:215)
        at java.util.concurrent.locks.AbstractQueuedSynchronizer$ConditionObject.awaitNanos(AbstractQueuedSynchronizer.java:2078)
        at java.util.concurrent.LinkedBlockingQueue.poll(LinkedBlockingQueue.java:467)
        at org.apache.hadoop.ipc.CallQueueManager.take(CallQueueManager.java:317)
        at org.apache.hadoop.ipc.Server$Handler.run(Server.java:2942)
"ReplicationMonitor" daemon prio=5 tid=845 timed_waiting
java.lang.Thread.State: TIMED_WAITING
        at java.lang.Object.wait(Native Method)
        at org.apache.hadoop.hdds.scm.container.replication.ReplicationManager.run(ReplicationManager.java:575)
        at org.apache.hadoop.hdds.scm.container.replication.ReplicationManager$$Lambda$382/1856963340.run(Unknown Source)
        at java.lang.Thread.run(Thread.java:750)
"qtp1815599816-402" daemon prio=5 tid=402 timed_waiting
java.lang.Thread.State: TIMED_WAITING
        at sun.misc.Unsafe.park(Native Method)
        at java.util.concurrent.locks.LockSupport.parkNanos(LockSupport.java:215)
        at java.util.concurrent.locks.AbstractQueuedSynchronizer$ConditionObject.awaitNanos(AbstractQueuedSynchronizer.java:2078)
        at org.eclipse.jetty.util.BlockingArrayQueue.poll(BlockingArrayQueue.java:382)
        at org.eclipse.jetty.util.thread.QueuedThreadPool$Runner.idleJobPoll(QueuedThreadPool.java:974)
        at org.eclipse.jetty.util.thread.QueuedThreadPool$Runner.run(QueuedThreadPool.java:1018)
        at java.lang.Thread.run(Thread.java:750)
"97cc06fc-4025-4c76-bebd-c1d7b79fe413@group-B6D24B272EC8->274c4b45-19e0-452f-8d1e-585a77537937-GrpcLogAppender-LogAppenderDaemon" daemon prio=5 tid=866 timed_waiting
java.lang.Thread.State: TIMED_WAITING
        at sun.misc.Unsafe.park(Native Method)
        at java.util.concurrent.locks.LockSupport.parkNanos(LockSupport.java:215)
        at java.util.concurrent.CompletableFuture$Signaller.block(CompletableFuture.java:1709)
        at java.util.concurrent.ForkJoinPool.managedBlock(ForkJoinPool.java:3323)
        at java.util.concurrent.CompletableFuture.timedGet(CompletableFuture.java:1788)
        at java.util.concurrent.CompletableFuture.get(CompletableFuture.java:1928)
        at org.apache.ratis.util.AwaitForSignal.await(AwaitForSignal.java:56)
        at org.apache.ratis.grpc.server.GrpcLogAppender.mayWait(GrpcLogAppender.java:198)
        at org.apache.ratis.grpc.server.GrpcLogAppender.run(GrpcLogAppender.java:148)
        at org.apache.ratis.server.leader.LogAppenderDaemon.run(LogAppenderDaemon.java:78)
        at org.apache.ratis.server.leader.LogAppenderDaemon$$Lambda$1043/1122129781.run(Unknown Source)
        at java.lang.Thread.run(Thread.java:750)
"ChunkWriter-3-0" daemon prio=5 tid=523 in Object.wait()
java.lang.Thread.State: WAITING (on object monitor)
        at sun.misc.Unsafe.park(Native Method)
        at java.util.concurrent.locks.LockSupport.park(LockSupport.java:175)
        at java.util.concurrent.locks.AbstractQueuedSynchronizer$ConditionObject.await(AbstractQueuedSynchronizer.java:2039)
        at java.util.concurrent.LinkedBlockingDeque.takeFirst(LinkedBlockingDeque.java:492)
        at java.util.concurrent.LinkedBlockingDeque.take(LinkedBlockingDeque.java:680)
        at java.util.concurrent.ThreadPoolExecutor.getTask(ThreadPoolExecutor.java:1074)
        at java.util.concurrent.ThreadPoolExecutor.runWorker(ThreadPoolExecutor.java:1134)
        at java.util.concurrent.ThreadPoolExecutor$Worker.run(ThreadPoolExecutor.java:624)
        at java.lang.Thread.run(Thread.java:750)
"IPC Server handler 10 on default port 36903" daemon prio=5 tid=77 timed_waiting
java.lang.Thread.State: TIMED_WAITING
        at sun.misc.Unsafe.park(Native Method)
        at java.util.concurrent.locks.LockSupport.parkNanos(LockSupport.java:215)
        at java.util.concurrent.locks.AbstractQueuedSynchronizer$ConditionObject.awaitNanos(AbstractQueuedSynchronizer.java:2078)
        at java.util.concurrent.LinkedBlockingQueue.poll(LinkedBlockingQueue.java:467)
        at org.apache.hadoop.ipc.CallQueueManager.take(CallQueueManager.java:317)
        at org.apache.hadoop.ipc.Server$Handler.run(Server.java:2942)
"Datanode State Machine Task Thread - 0"  prio=5 tid=506 in Object.wait()
java.lang.Thread.State: WAITING (on object monitor)
        at sun.misc.Unsafe.park(Native Method)
        at java.util.concurrent.locks.LockSupport.park(LockSupport.java:175)
        at java.util.concurrent.locks.AbstractQueuedSynchronizer$ConditionObject.await(AbstractQueuedSynchronizer.java:2039)
        at java.util.concurrent.LinkedBlockingQueue.take(LinkedBlockingQueue.java:442)
        at java.util.concurrent.ThreadPoolExecutor.getTask(ThreadPoolExecutor.java:1074)
        at java.util.concurrent.ThreadPoolExecutor.runWorker(ThreadPoolExecutor.java:1134)
        at java.util.concurrent.ThreadPoolExecutor$Worker.run(ThreadPoolExecutor.java:624)
        at java.lang.Thread.run(Thread.java:750)
"IPC Server handler 18 on default port 36903" daemon prio=5 tid=85 timed_waiting
java.lang.Thread.State: TIMED_WAITING
        at sun.misc.Unsafe.park(Native Method)
        at java.util.concurrent.locks.LockSupport.parkNanos(LockSupport.java:215)
        at java.util.concurrent.locks.AbstractQueuedSynchronizer$ConditionObject.awaitNanos(AbstractQueuedSynchronizer.java:2078)
        at java.util.concurrent.LinkedBlockingQueue.poll(LinkedBlockingQueue.java:467)
        at org.apache.hadoop.ipc.CallQueueManager.take(CallQueueManager.java:317)
        at org.apache.hadoop.ipc.Server$Handler.run(Server.java:2942)
"97cc06fc-4025-4c76-bebd-c1d7b79fe413@group-4C9F1E15A7B6-StateMachineUpdater" daemon prio=5 tid=599 timed_waiting
java.lang.Thread.State: TIMED_WAITING
        at sun.misc.Unsafe.park(Native Method)
        at java.util.concurrent.locks.LockSupport.parkNanos(LockSupport.java:215)
        at java.util.concurrent.CompletableFuture$Signaller.block(CompletableFuture.java:1709)
        at java.util.concurrent.ForkJoinPool.managedBlock(ForkJoinPool.java:3323)
        at java.util.concurrent.CompletableFuture.timedGet(CompletableFuture.java:1788)
        at java.util.concurrent.CompletableFuture.get(CompletableFuture.java:1928)
        at org.apache.ratis.util.AwaitForSignal.await(AwaitForSignal.java:56)
        at org.apache.ratis.server.impl.StateMachineUpdater.waitForCommit(StateMachineUpdater.java:207)
        at org.apache.ratis.server.impl.StateMachineUpdater.run(StateMachineUpdater.java:176)
        at java.lang.Thread.run(Thread.java:750)
"IPC Server handler 18 on default port 34339" daemon prio=5 tid=65 timed_waiting
java.lang.Thread.State: TIMED_WAITING
        at sun.misc.Unsafe.park(Native Method)
        at java.util.concurrent.locks.LockSupport.parkNanos(LockSupport.java:215)
        at java.util.concurrent.locks.AbstractQueuedSynchronizer$ConditionObject.awaitNanos(AbstractQueuedSynchronizer.java:2078)
        at java.util.concurrent.LinkedBlockingQueue.poll(LinkedBlockingQueue.java:467)
        at org.apache.hadoop.ipc.CallQueueManager.take(CallQueueManager.java:317)
        at org.apache.hadoop.ipc.Server$Handler.run(Server.java:2942)
"Datanode ReportManager Thread - 4" daemon prio=5 tid=226 in Object.wait()
java.lang.Thread.State: WAITING (on object monitor)
        at sun.misc.Unsafe.park(Native Method)
        at java.util.concurrent.locks.LockSupport.park(LockSupport.java:175)
        at java.util.concurrent.locks.AbstractQueuedSynchronizer$ConditionObject.await(AbstractQueuedSynchronizer.java:2039)
        at java.util.concurrent.ScheduledThreadPoolExecutor$DelayedWorkQueue.take(ScheduledThreadPoolExecutor.java:1088)
        at java.util.concurrent.ScheduledThreadPoolExecutor$DelayedWorkQueue.take(ScheduledThreadPoolExecutor.java:809)
        at java.util.concurrent.ThreadPoolExecutor.getTask(ThreadPoolExecutor.java:1074)
        at java.util.concurrent.ThreadPoolExecutor.runWorker(ThreadPoolExecutor.java:1134)
        at java.util.concurrent.ThreadPoolExecutor$Worker.run(ThreadPoolExecutor.java:624)
        at java.lang.Thread.run(Thread.java:750)
"qtp410671928-147" daemon prio=5 tid=147 timed_waiting
java.lang.Thread.State: TIMED_WAITING
        at sun.misc.Unsafe.park(Native Method)
        at java.util.concurrent.locks.LockSupport.parkNanos(LockSupport.java:215)
        at java.util.concurrent.locks.AbstractQueuedSynchronizer$ConditionObject.awaitNanos(AbstractQueuedSynchronizer.java:2078)
        at org.eclipse.jetty.util.BlockingArrayQueue.poll(BlockingArrayQueue.java:382)
        at org.eclipse.jetty.util.thread.QueuedThreadPool$Runner.idleJobPoll(QueuedThreadPool.java:974)
        at org.eclipse.jetty.util.thread.QueuedThreadPool$Runner.run(QueuedThreadPool.java:1018)
        at java.lang.Thread.run(Thread.java:750)
"qtp2024219843-481" daemon prio=5 tid=481 runnable
java.lang.Thread.State: RUNNABLE
        at sun.nio.ch.EPollArrayWrapper.epollWait(Native Method)
        at sun.nio.ch.EPollArrayWrapper.poll(EPollArrayWrapper.java:269)
        at sun.nio.ch.EPollSelectorImpl.doSelect(EPollSelectorImpl.java:93)
        at sun.nio.ch.SelectorImpl.lockAndDoSelect(SelectorImpl.java:86)
        at sun.nio.ch.SelectorImpl.select(SelectorImpl.java:97)
        at sun.nio.ch.SelectorImpl.select(SelectorImpl.java:101)
        at org.eclipse.jetty.io.ManagedSelector.nioSelect(ManagedSelector.java:183)
        at org.eclipse.jetty.io.ManagedSelector.select(ManagedSelector.java:190)
        at org.eclipse.jetty.io.ManagedSelector$SelectorProducer.select(ManagedSelector.java:606)
        at org.eclipse.jetty.io.ManagedSelector$SelectorProducer.produce(ManagedSelector.java:543)
        at org.eclipse.jetty.util.thread.strategy.EatWhatYouKill.produceTask(EatWhatYouKill.java:362)
        at org.eclipse.jetty.util.thread.strategy.EatWhatYouKill.doProduce(EatWhatYouKill.java:186)
        at org.eclipse.jetty.util.thread.strategy.EatWhatYouKill.tryProduce(EatWhatYouKill.java:173)
        at org.eclipse.jetty.util.thread.strategy.EatWhatYouKill.produce(EatWhatYouKill.java:137)
        at org.eclipse.jetty.io.ManagedSelector$$Lambda$446/1576513034.run(Unknown Source)
        at org.eclipse.jetty.util.thread.QueuedThreadPool.runJob(QueuedThreadPool.java:883)
        at org.eclipse.jetty.util.thread.QueuedThreadPool$Runner.run(QueuedThreadPool.java:1034)
        at java.lang.Thread.run(Thread.java:750)
"IPC Server handler 18 on default port 34735" daemon prio=5 tid=172 timed_waiting
java.lang.Thread.State: TIMED_WAITING
        at sun.misc.Unsafe.park(Native Method)
        at java.util.concurrent.locks.LockSupport.parkNanos(LockSupport.java:215)
        at java.util.concurrent.locks.AbstractQueuedSynchronizer$ConditionObject.awaitNanos(AbstractQueuedSynchronizer.java:2078)
        at java.util.concurrent.LinkedBlockingQueue.poll(LinkedBlockingQueue.java:467)
        at org.apache.hadoop.ipc.CallQueueManager.take(CallQueueManager.java:317)
        at org.apache.hadoop.ipc.Server$Handler.run(Server.java:2942)
"EventQueue-OpenPipelineForHealthyPipelineSafeModeRule" daemon prio=5 tid=568 in Object.wait()
java.lang.Thread.State: WAITING (on object monitor)
        at sun.misc.Unsafe.park(Native Method)
        at java.util.concurrent.locks.LockSupport.park(LockSupport.java:175)
        at java.util.concurrent.locks.AbstractQueuedSynchronizer$ConditionObject.await(AbstractQueuedSynchronizer.java:2039)
        at java.util.concurrent.LinkedBlockingQueue.take(LinkedBlockingQueue.java:442)
        at java.util.concurrent.ThreadPoolExecutor.getTask(ThreadPoolExecutor.java:1074)
        at java.util.concurrent.ThreadPoolExecutor.runWorker(ThreadPoolExecutor.java:1134)
        at java.util.concurrent.ThreadPoolExecutor$Worker.run(ThreadPoolExecutor.java:624)
        at java.lang.Thread.run(Thread.java:750)
"Session-HouseKeeper-3861652e-1"  prio=5 tid=153 timed_waiting
java.lang.Thread.State: TIMED_WAITING
        at sun.misc.Unsafe.park(Native Method)
        at java.util.concurrent.locks.LockSupport.parkNanos(LockSupport.java:215)
        at java.util.concurrent.locks.AbstractQueuedSynchronizer$ConditionObject.awaitNanos(AbstractQueuedSynchronizer.java:2078)
        at java.util.concurrent.ScheduledThreadPoolExecutor$DelayedWorkQueue.take(ScheduledThreadPoolExecutor.java:1093)
        at java.util.concurrent.ScheduledThreadPoolExecutor$DelayedWorkQueue.take(ScheduledThreadPoolExecutor.java:809)
        at java.util.concurrent.ThreadPoolExecutor.getTask(ThreadPoolExecutor.java:1074)
        at java.util.concurrent.ThreadPoolExecutor.runWorker(ThreadPoolExecutor.java:1134)
        at java.util.concurrent.ThreadPoolExecutor$Worker.run(ThreadPoolExecutor.java:624)
        at java.lang.Thread.run(Thread.java:750)
"IPC Server handler 1 on default port 36903" daemon prio=5 tid=68 timed_waiting
java.lang.Thread.State: TIMED_WAITING
        at sun.misc.Unsafe.park(Native Method)
        at java.util.concurrent.locks.LockSupport.parkNanos(LockSupport.java:215)
        at java.util.concurrent.locks.AbstractQueuedSynchronizer$ConditionObject.awaitNanos(AbstractQueuedSynchronizer.java:2078)
        at java.util.concurrent.LinkedBlockingQueue.poll(LinkedBlockingQueue.java:467)
        at org.apache.hadoop.ipc.CallQueueManager.take(CallQueueManager.java:317)
        at org.apache.hadoop.ipc.Server$Handler.run(Server.java:2942)
"EventQueue-NodeRegistrationContainerReportForContainerSafeModeRule" daemon prio=5 tid=464 in Object.wait()
java.lang.Thread.State: WAITING (on object monitor)
        at sun.misc.Unsafe.park(Native Method)
        at java.util.concurrent.locks.LockSupport.park(LockSupport.java:175)
        at java.util.concurrent.locks.AbstractQueuedSynchronizer$ConditionObject.await(AbstractQueuedSynchronizer.java:2039)
        at java.util.concurrent.LinkedBlockingQueue.take(LinkedBlockingQueue.java:442)
        at java.util.concurrent.ThreadPoolExecutor.getTask(ThreadPoolExecutor.java:1074)
        at java.util.concurrent.ThreadPoolExecutor.runWorker(ThreadPoolExecutor.java:1134)
        at java.util.concurrent.ThreadPoolExecutor$Worker.run(ThreadPoolExecutor.java:624)
        at java.lang.Thread.run(Thread.java:750)
"8380acfc-c198-4795-aa09-3ffc033ca33b@group-0EE44BEE4943-StateMachineUpdater" daemon prio=5 tid=640 timed_waiting
java.lang.Thread.State: TIMED_WAITING
        at sun.misc.Unsafe.park(Native Method)
        at java.util.concurrent.locks.LockSupport.parkNanos(LockSupport.java:215)
        at java.util.concurrent.CompletableFuture$Signaller.block(CompletableFuture.java:1709)
        at java.util.concurrent.ForkJoinPool.managedBlock(ForkJoinPool.java:3323)
        at java.util.concurrent.CompletableFuture.timedGet(CompletableFuture.java:1788)
        at java.util.concurrent.CompletableFuture.get(CompletableFuture.java:1928)
        at org.apache.ratis.util.AwaitForSignal.await(AwaitForSignal.java:56)
        at org.apache.ratis.server.impl.StateMachineUpdater.waitForCommit(StateMachineUpdater.java:207)
        at org.apache.ratis.server.impl.StateMachineUpdater.run(StateMachineUpdater.java:176)
        at java.lang.Thread.run(Thread.java:750)
"97cc06fc-4025-4c76-bebd-c1d7b79fe413@group-4C9F1E15A7B6-FollowerState" daemon prio=5 tid=813 timed_waiting
java.lang.Thread.State: TIMED_WAITING
        at java.lang.Thread.sleep(Native Method)
        at java.lang.Thread.sleep(Thread.java:342)
        at java.util.concurrent.TimeUnit.sleep(TimeUnit.java:386)
        at org.apache.ratis.util.TimeDuration.sleep(TimeDuration.java:325)
        at org.apache.ratis.util.TimeDuration.sleep(TimeDuration.java:310)
        at org.apache.ratis.server.impl.FollowerState.run(FollowerState.java:128)
"Datanode State Machine Daemon Thread" daemon prio=5 tid=247 timed_waiting
java.lang.Thread.State: TIMED_WAITING
        at java.lang.Thread.sleep(Native Method)
        at org.apache.hadoop.ozone.container.common.statemachine.DatanodeStateMachine.startStateMachineThread(DatanodeStateMachine.java:321)
        at org.apache.hadoop.ozone.container.common.statemachine.DatanodeStateMachine.lambda$startDaemon$0(DatanodeStateMachine.java:506)
        at org.apache.hadoop.ozone.container.common.statemachine.DatanodeStateMachine$$Lambda$751/1278416571.run(Unknown Source)
        at java.lang.Thread.run(Thread.java:750)
"274c4b45-19e0-452f-8d1e-585a77537937@group-B6D24B272EC8-SegmentedRaftLogWorker"  prio=5 tid=572 timed_waiting
java.lang.Thread.State: TIMED_WAITING
        at sun.misc.Unsafe.park(Native Method)
        at java.util.concurrent.locks.LockSupport.parkNanos(LockSupport.java:215)
        at java.util.concurrent.locks.AbstractQueuedSynchronizer$ConditionObject.awaitNanos(AbstractQueuedSynchronizer.java:2078)
        at org.apache.ratis.util.DataBlockingQueue.poll(DataBlockingQueue.java:148)
        at org.apache.ratis.server.raftlog.segmented.SegmentedRaftLogWorker.run(SegmentedRaftLogWorker.java:310)
        at org.apache.ratis.server.raftlog.segmented.SegmentedRaftLogWorker$$Lambda$665/2132438442.run(Unknown Source)
        at java.lang.Thread.run(Thread.java:750)
"FixedThreadPoolWithAffinityExecutor-2-0" daemon prio=5 tid=37 timed_waiting
java.lang.Thread.State: TIMED_WAITING
        at sun.misc.Unsafe.park(Native Method)
        at java.util.concurrent.locks.LockSupport.parkNanos(LockSupport.java:215)
        at java.util.concurrent.locks.AbstractQueuedSynchronizer$ConditionObject.awaitNanos(AbstractQueuedSynchronizer.java:2078)
        at java.util.concurrent.LinkedBlockingQueue.poll(LinkedBlockingQueue.java:467)
        at org.apache.hadoop.hdds.scm.server.ContainerReportQueue.poll(ContainerReportQueue.java:266)
        at org.apache.hadoop.hdds.scm.server.ContainerReportQueue.poll(ContainerReportQueue.java:42)
        at org.apache.hadoop.hdds.server.events.FixedThreadPoolWithAffinityExecutor$ContainerReportProcessTask.run(FixedThreadPoolWithAffinityExecutor.java:218)
        at java.util.concurrent.Executors$RunnableAdapter.call(Executors.java:511)
        at java.util.concurrent.FutureTask.run(FutureTask.java:266)
        at java.util.concurrent.ThreadPoolExecutor.runWorker(ThreadPoolExecutor.java:1149)
        at java.util.concurrent.ThreadPoolExecutor$Worker.run(ThreadPoolExecutor.java:624)
        at java.lang.Thread.run(Thread.java:750)
"pool-55-thread-1"  prio=5 tid=127 in Object.wait()
java.lang.Thread.State: WAITING (on object monitor)
        at sun.misc.Unsafe.park(Native Method)
        at java.util.concurrent.locks.LockSupport.park(LockSupport.java:175)
        at java.util.concurrent.locks.AbstractQueuedSynchronizer$ConditionObject.await(AbstractQueuedSynchronizer.java:2039)
        at java.util.concurrent.LinkedBlockingQueue.take(LinkedBlockingQueue.java:442)
        at java.util.concurrent.ThreadPoolExecutor.getTask(ThreadPoolExecutor.java:1074)
        at java.util.concurrent.ThreadPoolExecutor.runWorker(ThreadPoolExecutor.java:1134)
        at java.util.concurrent.ThreadPoolExecutor$Worker.run(ThreadPoolExecutor.java:624)
        at java.lang.Thread.run(Thread.java:750)
"Timer-0"  prio=5 tid=140 timed_waiting
java.lang.Thread.State: TIMED_WAITING
        at java.lang.Object.wait(Native Method)
        at java.util.TimerThread.mainLoop(Timer.java:552)
        at java.util.TimerThread.run(Timer.java:505)
"IPC Server Responder" daemon prio=5 tid=30 runnable
java.lang.Thread.State: RUNNABLE
        at sun.nio.ch.EPollArrayWrapper.epollWait(Native Method)
        at sun.nio.ch.EPollArrayWrapper.poll(EPollArrayWrapper.java:269)
        at sun.nio.ch.EPollSelectorImpl.doSelect(EPollSelectorImpl.java:93)
        at sun.nio.ch.SelectorImpl.lockAndDoSelect(SelectorImpl.java:86)
        at sun.nio.ch.SelectorImpl.select(SelectorImpl.java:97)
        at org.apache.hadoop.ipc.Server$Responder.doRunLoop(Server.java:1532)
        at org.apache.hadoop.ipc.Server$Responder.run(Server.java:1515)
"Datanode ReportManager Thread - 2" daemon prio=5 tid=250 in Object.wait()
java.lang.Thread.State: WAITING (on object monitor)
        at sun.misc.Unsafe.park(Native Method)
        at java.util.concurrent.locks.LockSupport.park(LockSupport.java:175)
        at java.util.concurrent.locks.AbstractQueuedSynchronizer$ConditionObject.await(AbstractQueuedSynchronizer.java:2039)
        at java.util.concurrent.ScheduledThreadPoolExecutor$DelayedWorkQueue.take(ScheduledThreadPoolExecutor.java:1088)
        at java.util.concurrent.ScheduledThreadPoolExecutor$DelayedWorkQueue.take(ScheduledThreadPoolExecutor.java:809)
        at java.util.concurrent.ThreadPoolExecutor.getTask(ThreadPoolExecutor.java:1074)
        at java.util.concurrent.ThreadPoolExecutor.runWorker(ThreadPoolExecutor.java:1134)
        at java.util.concurrent.ThreadPoolExecutor$Worker.run(ThreadPoolExecutor.java:624)
        at java.lang.Thread.run(Thread.java:750)
"274c4b45-19e0-452f-8d1e-585a77537937@group-5C7E38E1A3A0-SegmentedRaftLogWorker"  prio=5 tid=569 timed_waiting
java.lang.Thread.State: TIMED_WAITING
        at sun.misc.Unsafe.park(Native Method)
        at java.util.concurrent.locks.LockSupport.parkNanos(LockSupport.java:215)
        at java.util.concurrent.locks.AbstractQueuedSynchronizer$ConditionObject.awaitNanos(AbstractQueuedSynchronizer.java:2078)
        at org.apache.ratis.util.DataBlockingQueue.poll(DataBlockingQueue.java:148)
        at org.apache.ratis.server.raftlog.segmented.SegmentedRaftLogWorker.run(SegmentedRaftLogWorker.java:310)
        at org.apache.ratis.server.raftlog.segmented.SegmentedRaftLogWorker$$Lambda$665/2132438442.run(Unknown Source)
        at java.lang.Thread.run(Thread.java:750)
"grpc-default-worker-ELG-3-2" daemon prio=5 tid=577 runnable
java.lang.Thread.State: RUNNABLE
        at org.apache.ratis.thirdparty.io.netty.channel.epoll.Native.epollWait0(Native Method)
        at org.apache.ratis.thirdparty.io.netty.channel.epoll.Native.epollWait(Native.java:182)
        at org.apache.ratis.thirdparty.io.netty.channel.epoll.EpollEventLoop.epollWait(EpollEventLoop.java:290)
        at org.apache.ratis.thirdparty.io.netty.channel.epoll.EpollEventLoop.run(EpollEventLoop.java:354)
        at org.apache.ratis.thirdparty.io.netty.util.concurrent.SingleThreadEventExecutor$4.run(SingleThreadEventExecutor.java:995)
        at org.apache.ratis.thirdparty.io.netty.util.internal.ThreadExecutorMap$2.run(ThreadExecutorMap.java:74)
        at org.apache.ratis.thirdparty.io.netty.util.concurrent.FastThreadLocalRunnable.run(FastThreadLocalRunnable.java:30)
        at java.lang.Thread.run(Thread.java:750)
"IPC Server handler 2 on default port 36903" daemon prio=5 tid=69 timed_waiting
java.lang.Thread.State: TIMED_WAITING
        at sun.misc.Unsafe.park(Native Method)
        at java.util.concurrent.locks.LockSupport.parkNanos(LockSupport.java:215)
        at java.util.concurrent.locks.AbstractQueuedSynchronizer$ConditionObject.awaitNanos(AbstractQueuedSynchronizer.java:2078)
        at java.util.concurrent.LinkedBlockingQueue.poll(LinkedBlockingQueue.java:467)
        at org.apache.hadoop.ipc.CallQueueManager.take(CallQueueManager.java:317)
        at org.apache.hadoop.ipc.Server$Handler.run(Server.java:2942)
"KeyDeletingService#0" daemon prio=5 tid=141 timed_waiting
java.lang.Thread.State: TIMED_WAITING
        at sun.misc.Unsafe.park(Native Method)
        at java.util.concurrent.locks.LockSupport.parkNanos(LockSupport.java:215)
        at java.util.concurrent.locks.AbstractQueuedSynchronizer$ConditionObject.awaitNanos(AbstractQueuedSynchronizer.java:2078)
        at java.util.concurrent.ScheduledThreadPoolExecutor$DelayedWorkQueue.take(ScheduledThreadPoolExecutor.java:1093)
        at java.util.concurrent.ScheduledThreadPoolExecutor$DelayedWorkQueue.take(ScheduledThreadPoolExecutor.java:809)
        at java.util.concurrent.ThreadPoolExecutor.getTask(ThreadPoolExecutor.java:1074)
        at java.util.concurrent.ThreadPoolExecutor.runWorker(ThreadPoolExecutor.java:1134)
        at java.util.concurrent.ThreadPoolExecutor$Worker.run(ThreadPoolExecutor.java:624)
        at java.lang.Thread.run(Thread.java:750)
"ChunkReader-0" daemon prio=5 tid=757 in Object.wait()
java.lang.Thread.State: WAITING (on object monitor)
        at sun.misc.Unsafe.park(Native Method)
        at java.util.concurrent.locks.LockSupport.park(LockSupport.java:175)
        at java.util.concurrent.locks.AbstractQueuedSynchronizer$ConditionObject.await(AbstractQueuedSynchronizer.java:2039)
        at java.util.concurrent.LinkedBlockingQueue.take(LinkedBlockingQueue.java:442)
        at java.util.concurrent.ThreadPoolExecutor.getTask(ThreadPoolExecutor.java:1074)
        at java.util.concurrent.ThreadPoolExecutor.runWorker(ThreadPoolExecutor.java:1134)
        at java.util.concurrent.ThreadPoolExecutor$Worker.run(ThreadPoolExecutor.java:624)
        at java.lang.Thread.run(Thread.java:750)
"qtp1374355136-117" daemon prio=5 tid=117 timed_waiting
java.lang.Thread.State: TIMED_WAITING
        at sun.misc.Unsafe.park(Native Method)
        at java.util.concurrent.locks.LockSupport.parkNanos(LockSupport.java:215)
        at java.util.concurrent.locks.AbstractQueuedSynchronizer$ConditionObject.awaitNanos(AbstractQueuedSynchronizer.java:2078)
        at org.eclipse.jetty.util.BlockingArrayQueue.poll(BlockingArrayQueue.java:382)
        at org.eclipse.jetty.util.thread.QueuedThreadPool$Runner.idleJobPoll(QueuedThreadPool.java:974)
        at org.eclipse.jetty.util.thread.QueuedThreadPool$Runner.run(QueuedThreadPool.java:1018)
        at java.lang.Thread.run(Thread.java:750)
"qtp1308741443-214" daemon prio=5 tid=214 timed_waiting
java.lang.Thread.State: TIMED_WAITING
        at sun.misc.Unsafe.park(Native Method)
        at java.util.concurrent.locks.LockSupport.parkNanos(LockSupport.java:215)
        at java.util.concurrent.locks.AbstractQueuedSynchronizer$ConditionObject.awaitNanos(AbstractQueuedSynchronizer.java:2078)
        at org.eclipse.jetty.util.BlockingArrayQueue.poll(BlockingArrayQueue.java:382)
        at org.eclipse.jetty.util.thread.QueuedThreadPool$Runner.idleJobPoll(QueuedThreadPool.java:974)
        at org.eclipse.jetty.util.thread.QueuedThreadPool$Runner.run(QueuedThreadPool.java:1018)
        at java.lang.Thread.run(Thread.java:750)
"97cc06fc-4025-4c76-bebd-c1d7b79fe413@group-4C9F1E15A7B6-SegmentedRaftLogWorker"  prio=5 tid=597 timed_waiting
java.lang.Thread.State: TIMED_WAITING
        at sun.misc.Unsafe.park(Native Method)
        at java.util.concurrent.locks.LockSupport.parkNanos(LockSupport.java:215)
        at java.util.concurrent.locks.AbstractQueuedSynchronizer$ConditionObject.awaitNanos(AbstractQueuedSynchronizer.java:2078)
        at org.apache.ratis.util.DataBlockingQueue.poll(DataBlockingQueue.java:148)
        at org.apache.ratis.server.raftlog.segmented.SegmentedRaftLogWorker.run(SegmentedRaftLogWorker.java:310)
        at org.apache.ratis.server.raftlog.segmented.SegmentedRaftLogWorker$$Lambda$665/2132438442.run(Unknown Source)
        at java.lang.Thread.run(Thread.java:750)
"SCM Heartbeat Processing Thread - 0" daemon prio=5 tid=14 timed_waiting
java.lang.Thread.State: TIMED_WAITING
        at sun.misc.Unsafe.park(Native Method)
        at java.util.concurrent.locks.LockSupport.parkNanos(LockSupport.java:215)
        at java.util.concurrent.locks.AbstractQueuedSynchronizer$ConditionObject.awaitNanos(AbstractQueuedSynchronizer.java:2078)
        at java.util.concurrent.ScheduledThreadPoolExecutor$DelayedWorkQueue.take(ScheduledThreadPoolExecutor.java:1093)
        at java.util.concurrent.ScheduledThreadPoolExecutor$DelayedWorkQueue.take(ScheduledThreadPoolExecutor.java:809)
        at java.util.concurrent.ThreadPoolExecutor.getTask(ThreadPoolExecutor.java:1074)
        at java.util.concurrent.ThreadPoolExecutor.runWorker(ThreadPoolExecutor.java:1134)
        at java.util.concurrent.ThreadPoolExecutor$Worker.run(ThreadPoolExecutor.java:624)
        at java.lang.Thread.run(Thread.java:750)
"org.apache.hadoop.util.JvmPauseMonitor$Monitor@229f8d20" daemon prio=5 tid=200 timed_waiting
java.lang.Thread.State: TIMED_WAITING
        at java.lang.Thread.sleep(Native Method)
        at org.apache.hadoop.util.JvmPauseMonitor$Monitor.run(JvmPauseMonitor.java:192)
        at java.lang.Thread.run(Thread.java:750)
"qtp1297043595-187" daemon prio=5 tid=187 timed_waiting
java.lang.Thread.State: TIMED_WAITING
        at sun.misc.Unsafe.park(Native Method)
        at java.util.concurrent.locks.LockSupport.parkNanos(LockSupport.java:215)
        at java.util.concurrent.locks.AbstractQueuedSynchronizer$ConditionObject.awaitNanos(AbstractQueuedSynchronizer.java:2078)
        at org.eclipse.jetty.util.BlockingArrayQueue.poll(BlockingArrayQueue.java:382)
        at org.eclipse.jetty.util.thread.QueuedThreadPool$Runner.idleJobPoll(QueuedThreadPool.java:974)
        at org.eclipse.jetty.util.thread.QueuedThreadPool$Runner.run(QueuedThreadPool.java:1018)
        at java.lang.Thread.run(Thread.java:750)
"timer6" daemon prio=5 tid=785 timed_waiting
java.lang.Thread.State: TIMED_WAITING
        at java.lang.Object.wait(Native Method)
        at java.util.TimerThread.mainLoop(Timer.java:552)
        at java.util.TimerThread.run(Timer.java:505)
"81de4557-c158-4718-93a8-b16ff7f8daad@group-D5EC486ECE4F-SegmentedRaftLogWorker"  prio=5 tid=657 timed_waiting
java.lang.Thread.State: TIMED_WAITING
        at sun.misc.Unsafe.park(Native Method)
        at java.util.concurrent.locks.LockSupport.parkNanos(LockSupport.java:215)
        at java.util.concurrent.locks.AbstractQueuedSynchronizer$ConditionObject.awaitNanos(AbstractQueuedSynchronizer.java:2078)
        at org.apache.ratis.util.DataBlockingQueue.poll(DataBlockingQueue.java:148)
        at org.apache.ratis.server.raftlog.segmented.SegmentedRaftLogWorker.run(SegmentedRaftLogWorker.java:310)
        at org.apache.ratis.server.raftlog.segmented.SegmentedRaftLogWorker$$Lambda$665/2132438442.run(Unknown Source)
        at java.lang.Thread.run(Thread.java:750)
"274c4b45-19e0-452f-8d1e-585a77537937@group-4C9F1E15A7B6-SegmentedRaftLogWorker"  prio=5 tid=594 timed_waiting
java.lang.Thread.State: TIMED_WAITING
        at sun.misc.Unsafe.park(Native Method)
        at java.util.concurrent.locks.LockSupport.parkNanos(LockSupport.java:215)
        at java.util.concurrent.locks.AbstractQueuedSynchronizer$ConditionObject.awaitNanos(AbstractQueuedSynchronizer.java:2078)
        at org.apache.ratis.util.DataBlockingQueue.poll(DataBlockingQueue.java:148)
        at org.apache.ratis.server.raftlog.segmented.SegmentedRaftLogWorker.run(SegmentedRaftLogWorker.java:310)
        at org.apache.ratis.server.raftlog.segmented.SegmentedRaftLogWorker$$Lambda$665/2132438442.run(Unknown Source)
        at java.lang.Thread.run(Thread.java:750)
"3fdd4c6e-2961-42ba-90d3-b5f169a49f15@group-D5EC486ECE4F->44bea1f4-43dd-4415-bb4e-4e9896dd68f6-GrpcLogAppender-LogAppenderDaemon" daemon prio=5 tid=832 timed_waiting
java.lang.Thread.State: TIMED_WAITING
        at sun.misc.Unsafe.park(Native Method)
        at java.util.concurrent.locks.LockSupport.parkNanos(LockSupport.java:215)
        at java.util.concurrent.CompletableFuture$Signaller.block(CompletableFuture.java:1709)
        at java.util.concurrent.ForkJoinPool.managedBlock(ForkJoinPool.java:3323)
        at java.util.concurrent.CompletableFuture.timedGet(CompletableFuture.java:1788)
        at java.util.concurrent.CompletableFuture.get(CompletableFuture.java:1928)
        at org.apache.ratis.util.AwaitForSignal.await(AwaitForSignal.java:56)
        at org.apache.ratis.grpc.server.GrpcLogAppender.mayWait(GrpcLogAppender.java:198)
        at org.apache.ratis.grpc.server.GrpcLogAppender.run(GrpcLogAppender.java:148)
        at org.apache.ratis.server.leader.LogAppenderDaemon.run(LogAppenderDaemon.java:78)
        at org.apache.ratis.server.leader.LogAppenderDaemon$$Lambda$1043/1122129781.run(Unknown Source)
        at java.lang.Thread.run(Thread.java:750)
"Datanode ReportManager Thread - 3" daemon prio=5 tid=225 timed_waiting
java.lang.Thread.State: TIMED_WAITING
        at sun.misc.Unsafe.park(Native Method)
        at java.util.concurrent.locks.LockSupport.parkNanos(LockSupport.java:215)
        at java.util.concurrent.locks.AbstractQueuedSynchronizer$ConditionObject.awaitNanos(AbstractQueuedSynchronizer.java:2078)
        at java.util.concurrent.ScheduledThreadPoolExecutor$DelayedWorkQueue.take(ScheduledThreadPoolExecutor.java:1093)
        at java.util.concurrent.ScheduledThreadPoolExecutor$DelayedWorkQueue.take(ScheduledThreadPoolExecutor.java:809)
        at java.util.concurrent.ThreadPoolExecutor.getTask(ThreadPoolExecutor.java:1074)
        at java.util.concurrent.ThreadPoolExecutor.runWorker(ThreadPoolExecutor.java:1134)
        at java.util.concurrent.ThreadPoolExecutor$Worker.run(ThreadPoolExecutor.java:624)
        at java.lang.Thread.run(Thread.java:750)
"Datanode State Machine Daemon Thread" daemon prio=5 tid=273 timed_waiting
java.lang.Thread.State: TIMED_WAITING
        at java.lang.Thread.sleep(Native Method)
        at org.apache.hadoop.ozone.container.common.statemachine.DatanodeStateMachine.startStateMachineThread(DatanodeStateMachine.java:321)
        at org.apache.hadoop.ozone.container.common.statemachine.DatanodeStateMachine.lambda$startDaemon$0(DatanodeStateMachine.java:506)
        at org.apache.hadoop.ozone.container.common.statemachine.DatanodeStateMachine$$Lambda$751/1278416571.run(Unknown Source)
        at java.lang.Thread.run(Thread.java:750)
"ChunkWriter-2-0" daemon prio=5 tid=479 in Object.wait()
java.lang.Thread.State: WAITING (on object monitor)
        at sun.misc.Unsafe.park(Native Method)
        at java.util.concurrent.locks.LockSupport.park(LockSupport.java:175)
        at java.util.concurrent.locks.AbstractQueuedSynchronizer$ConditionObject.await(AbstractQueuedSynchronizer.java:2039)
        at java.util.concurrent.LinkedBlockingDeque.takeFirst(LinkedBlockingDeque.java:492)
        at java.util.concurrent.LinkedBlockingDeque.take(LinkedBlockingDeque.java:680)
        at java.util.concurrent.ThreadPoolExecutor.getTask(ThreadPoolExecutor.java:1074)
        at java.util.concurrent.ThreadPoolExecutor.runWorker(ThreadPoolExecutor.java:1134)
        at java.util.concurrent.ThreadPoolExecutor$Worker.run(ThreadPoolExecutor.java:624)
        at java.lang.Thread.run(Thread.java:750)
"prometheus" daemon prio=5 tid=119 in Object.wait()
java.lang.Thread.State: WAITING (on object monitor)
        at java.lang.Object.wait(Native Method)
        at java.lang.Object.wait(Object.java:502)
        at org.apache.hadoop.metrics2.impl.SinkQueue.waitForData(SinkQueue.java:114)
        at org.apache.hadoop.metrics2.impl.SinkQueue.consumeAll(SinkQueue.java:83)
        at org.apache.hadoop.metrics2.impl.MetricsSinkAdapter.publishMetricsFromQueue(MetricsSinkAdapter.java:135)
        at org.apache.hadoop.metrics2.impl.MetricsSinkAdapter$1.run(MetricsSinkAdapter.java:89)
"Socket Reader #1 for port 0"  prio=5 tid=28 runnable
java.lang.Thread.State: RUNNABLE
        at sun.nio.ch.EPollArrayWrapper.epollWait(Native Method)
        at sun.nio.ch.EPollArrayWrapper.poll(EPollArrayWrapper.java:269)
        at sun.nio.ch.EPollSelectorImpl.doSelect(EPollSelectorImpl.java:93)
        at sun.nio.ch.SelectorImpl.lockAndDoSelect(SelectorImpl.java:86)
        at sun.nio.ch.SelectorImpl.select(SelectorImpl.java:97)
        at sun.nio.ch.SelectorImpl.select(SelectorImpl.java:101)
        at org.apache.hadoop.ipc.Server$Listener$Reader.doRunLoop(Server.java:1296)
        at org.apache.hadoop.ipc.Server$Listener$Reader.run(Server.java:1275)
"ChunkWriter-3-0" daemon prio=5 tid=378 in Object.wait()
java.lang.Thread.State: WAITING (on object monitor)
        at sun.misc.Unsafe.park(Native Method)
        at java.util.concurrent.locks.LockSupport.park(LockSupport.java:175)
        at java.util.concurrent.locks.AbstractQueuedSynchronizer$ConditionObject.await(AbstractQueuedSynchronizer.java:2039)
        at java.util.concurrent.LinkedBlockingDeque.takeFirst(LinkedBlockingDeque.java:492)
        at java.util.concurrent.LinkedBlockingDeque.take(LinkedBlockingDeque.java:680)
        at java.util.concurrent.ThreadPoolExecutor.getTask(ThreadPoolExecutor.java:1074)
        at java.util.concurrent.ThreadPoolExecutor.runWorker(ThreadPoolExecutor.java:1134)
        at java.util.concurrent.ThreadPoolExecutor$Worker.run(ThreadPoolExecutor.java:624)
        at java.lang.Thread.run(Thread.java:750)
"org.apache.hadoop.ozone.container.common.statemachine.commandhandler.DeleteBlocksCommandHandler$DeleteCmdWorker@5e4a068f" daemon prio=5 tid=288 timed_waiting
java.lang.Thread.State: TIMED_WAITING
        at java.lang.Thread.sleep(Native Method)
        at org.apache.hadoop.ozone.container.common.statemachine.commandhandler.DeleteBlocksCommandHandler$DeleteCmdWorker.run(DeleteBlocksCommandHandler.java:183)
        at java.lang.Thread.run(Thread.java:750)
"org.apache.hadoop.ozone.container.common.statemachine.commandhandler.DeleteBlocksCommandHandler$DeleteCmdWorker@4d622d37" daemon prio=5 tid=355 timed_waiting
java.lang.Thread.State: TIMED_WAITING
        at java.lang.Thread.sleep(Native Method)
        at org.apache.hadoop.ozone.container.common.statemachine.commandhandler.DeleteBlocksCommandHandler$DeleteCmdWorker.run(DeleteBlocksCommandHandler.java:183)
        at java.lang.Thread.run(Thread.java:750)
"IPC Server Responder" daemon prio=5 tid=34 runnable
java.lang.Thread.State: RUNNABLE
        at sun.nio.ch.EPollArrayWrapper.epollWait(Native Method)
        at sun.nio.ch.EPollArrayWrapper.poll(EPollArrayWrapper.java:269)
        at sun.nio.ch.EPollSelectorImpl.doSelect(EPollSelectorImpl.java:93)
        at sun.nio.ch.SelectorImpl.lockAndDoSelect(SelectorImpl.java:86)
        at sun.nio.ch.SelectorImpl.select(SelectorImpl.java:97)
        at org.apache.hadoop.ipc.Server$Responder.doRunLoop(Server.java:1532)
        at org.apache.hadoop.ipc.Server$Responder.run(Server.java:1515)
"ChunkWriter-2-0" daemon prio=5 tid=522 in Object.wait()
java.lang.Thread.State: WAITING (on object monitor)
        at sun.misc.Unsafe.park(Native Method)
        at java.util.concurrent.locks.LockSupport.park(LockSupport.java:175)
        at java.util.concurrent.locks.AbstractQueuedSynchronizer$ConditionObject.await(AbstractQueuedSynchronizer.java:2039)
        at java.util.concurrent.LinkedBlockingDeque.takeFirst(LinkedBlockingDeque.java:492)
        at java.util.concurrent.LinkedBlockingDeque.take(LinkedBlockingDeque.java:680)
        at java.util.concurrent.ThreadPoolExecutor.getTask(ThreadPoolExecutor.java:1074)
        at java.util.concurrent.ThreadPoolExecutor.runWorker(ThreadPoolExecutor.java:1134)
        at java.util.concurrent.ThreadPoolExecutor$Worker.run(ThreadPoolExecutor.java:624)
        at java.lang.Thread.run(Thread.java:750)
"timer2" daemon prio=5 tid=720 timed_waiting
java.lang.Thread.State: TIMED_WAITING
        at java.lang.Object.wait(Native Method)
        at java.util.TimerThread.mainLoop(Timer.java:552)
        at java.util.TimerThread.run(Timer.java:505)
"IPC Server handler 9 on default port 36903" daemon prio=5 tid=76 timed_waiting
java.lang.Thread.State: TIMED_WAITING
        at sun.misc.Unsafe.park(Native Method)
        at java.util.concurrent.locks.LockSupport.parkNanos(LockSupport.java:215)
        at java.util.concurrent.locks.AbstractQueuedSynchronizer$ConditionObject.awaitNanos(AbstractQueuedSynchronizer.java:2078)
        at java.util.concurrent.LinkedBlockingQueue.poll(LinkedBlockingQueue.java:467)
        at org.apache.hadoop.ipc.CallQueueManager.take(CallQueueManager.java:317)
        at org.apache.hadoop.ipc.Server$Handler.run(Server.java:2942)
"org.apache.hadoop.ozone.container.common.statemachine.commandhandler.DeleteBlocksCommandHandler$DeleteCmdWorker@5eff0651" daemon prio=5 tid=431 timed_waiting
java.lang.Thread.State: TIMED_WAITING
        at java.lang.Thread.sleep(Native Method)
        at org.apache.hadoop.ozone.container.common.statemachine.commandhandler.DeleteBlocksCommandHandler$DeleteCmdWorker.run(DeleteBlocksCommandHandler.java:183)
        at java.lang.Thread.run(Thread.java:750)
"IPC Server handler 5 on default port 36903" daemon prio=5 tid=72 timed_waiting
java.lang.Thread.State: TIMED_WAITING
        at sun.misc.Unsafe.park(Native Method)
        at java.util.concurrent.locks.LockSupport.parkNanos(LockSupport.java:215)
        at java.util.concurrent.locks.AbstractQueuedSynchronizer$ConditionObject.awaitNanos(AbstractQueuedSynchronizer.java:2078)
        at java.util.concurrent.LinkedBlockingQueue.poll(LinkedBlockingQueue.java:467)
        at org.apache.hadoop.ipc.CallQueueManager.take(CallQueueManager.java:317)
        at org.apache.hadoop.ipc.Server$Handler.run(Server.java:2942)
"qtp736862665-359" daemon prio=5 tid=359 timed_waiting
java.lang.Thread.State: TIMED_WAITING
        at sun.misc.Unsafe.park(Native Method)
        at java.util.concurrent.locks.LockSupport.parkNanos(LockSupport.java:215)
        at java.util.concurrent.locks.AbstractQueuedSynchronizer$ConditionObject.awaitNanos(AbstractQueuedSynchronizer.java:2078)
        at org.eclipse.jetty.util.BlockingArrayQueue.poll(BlockingArrayQueue.java:382)
        at org.eclipse.jetty.util.thread.QueuedThreadPool$Runner.idleJobPoll(QueuedThreadPool.java:974)
        at org.eclipse.jetty.util.thread.QueuedThreadPool$Runner.run(QueuedThreadPool.java:1018)
        at java.lang.Thread.run(Thread.java:750)
"StaleRecoveringContainerScrubbingService#0" daemon prio=5 tid=539 in Object.wait()
java.lang.Thread.State: WAITING (on object monitor)
        at sun.misc.Unsafe.park(Native Method)
        at java.util.concurrent.locks.LockSupport.park(LockSupport.java:175)
        at java.util.concurrent.locks.AbstractQueuedSynchronizer$ConditionObject.await(AbstractQueuedSynchronizer.java:2039)
        at java.util.concurrent.ScheduledThreadPoolExecutor$DelayedWorkQueue.take(ScheduledThreadPoolExecutor.java:1088)
        at java.util.concurrent.ScheduledThreadPoolExecutor$DelayedWorkQueue.take(ScheduledThreadPoolExecutor.java:809)
        at java.util.concurrent.ThreadPoolExecutor.getTask(ThreadPoolExecutor.java:1074)
        at java.util.concurrent.ThreadPoolExecutor.runWorker(ThreadPoolExecutor.java:1134)
        at java.util.concurrent.ThreadPoolExecutor$Worker.run(ThreadPoolExecutor.java:624)
        at java.lang.Thread.run(Thread.java:750)
"44bea1f4-43dd-4415-bb4e-4e9896dd68f6@group-EA947C079E8C-FollowerState" daemon prio=5 tid=885 timed_waiting
java.lang.Thread.State: TIMED_WAITING
        at java.lang.Thread.sleep(Native Method)
        at java.lang.Thread.sleep(Thread.java:342)
        at java.util.concurrent.TimeUnit.sleep(TimeUnit.java:386)
        at org.apache.ratis.util.TimeDuration.sleep(TimeDuration.java:325)
        at org.apache.ratis.util.TimeDuration.sleep(TimeDuration.java:310)
        at org.apache.ratis.server.impl.FollowerState.run(FollowerState.java:128)
"EventQueue-CommandQueueReportForCommandQueueReportHandler" daemon prio=5 tid=554 in Object.wait()
java.lang.Thread.State: WAITING (on object monitor)
        at sun.misc.Unsafe.park(Native Method)
        at java.util.concurrent.locks.LockSupport.park(LockSupport.java:175)
        at java.util.concurrent.locks.AbstractQueuedSynchronizer$ConditionObject.await(AbstractQueuedSynchronizer.java:2039)
        at java.util.concurrent.LinkedBlockingQueue.take(LinkedBlockingQueue.java:442)
        at java.util.concurrent.ThreadPoolExecutor.getTask(ThreadPoolExecutor.java:1074)
        at java.util.concurrent.ThreadPoolExecutor.runWorker(ThreadPoolExecutor.java:1134)
        at java.util.concurrent.ThreadPoolExecutor$Worker.run(ThreadPoolExecutor.java:624)
        at java.lang.Thread.run(Thread.java:750)
"qtp2024219843-485" daemon prio=5 tid=485 timed_waiting
java.lang.Thread.State: TIMED_WAITING
        at sun.misc.Unsafe.park(Native Method)
        at java.util.concurrent.locks.LockSupport.parkNanos(LockSupport.java:215)
        at java.util.concurrent.locks.AbstractQueuedSynchronizer$ConditionObject.awaitNanos(AbstractQueuedSynchronizer.java:2078)
        at org.eclipse.jetty.util.BlockingArrayQueue.poll(BlockingArrayQueue.java:382)
        at org.eclipse.jetty.util.thread.QueuedThreadPool$Runner.idleJobPoll(QueuedThreadPool.java:974)
        at org.eclipse.jetty.util.thread.QueuedThreadPool$Runner.run(QueuedThreadPool.java:1018)
        at java.lang.Thread.run(Thread.java:750)
"IPC Server handler 11 on default port 34173" daemon prio=5 tid=98 timed_waiting
java.lang.Thread.State: TIMED_WAITING
        at sun.misc.Unsafe.park(Native Method)
        at java.util.concurrent.locks.LockSupport.parkNanos(LockSupport.java:215)
        at java.util.concurrent.locks.AbstractQueuedSynchronizer$ConditionObject.awaitNanos(AbstractQueuedSynchronizer.java:2078)
        at java.util.concurrent.LinkedBlockingQueue.poll(LinkedBlockingQueue.java:467)
        at org.apache.hadoop.ipc.CallQueueManager.take(CallQueueManager.java:317)
        at org.apache.hadoop.ipc.Server$Handler.run(Server.java:2942)
"IPC Server handler 8 on default port 36903" daemon prio=5 tid=75 timed_waiting
java.lang.Thread.State: TIMED_WAITING
        at sun.misc.Unsafe.park(Native Method)
        at java.util.concurrent.locks.LockSupport.parkNanos(LockSupport.java:215)
        at java.util.concurrent.locks.AbstractQueuedSynchronizer$ConditionObject.awaitNanos(AbstractQueuedSynchronizer.java:2078)
        at java.util.concurrent.LinkedBlockingQueue.poll(LinkedBlockingQueue.java:467)
        at org.apache.hadoop.ipc.CallQueueManager.take(CallQueueManager.java:317)
        at org.apache.hadoop.ipc.Server$Handler.run(Server.java:2942)
"qtp1308741443-215" daemon prio=5 tid=215 timed_waiting
java.lang.Thread.State: TIMED_WAITING
        at sun.misc.Unsafe.park(Native Method)
        at java.util.concurrent.locks.LockSupport.parkNanos(LockSupport.java:215)
        at java.util.concurrent.locks.AbstractQueuedSynchronizer$ConditionObject.awaitNanos(AbstractQueuedSynchronizer.java:2078)
        at org.eclipse.jetty.util.BlockingArrayQueue.poll(BlockingArrayQueue.java:382)
        at org.eclipse.jetty.util.thread.QueuedThreadPool$Runner.idleJobPoll(QueuedThreadPool.java:974)
        at org.eclipse.jetty.util.thread.QueuedThreadPool$Runner.run(QueuedThreadPool.java:1018)
        at java.lang.Thread.run(Thread.java:750)
"org.apache.hadoop.util.JvmPauseMonitor$Monitor@251a8fe3" daemon prio=5 tid=421 timed_waiting
java.lang.Thread.State: TIMED_WAITING
        at java.lang.Thread.sleep(Native Method)
        at org.apache.hadoop.util.JvmPauseMonitor$Monitor.run(JvmPauseMonitor.java:192)
        at java.lang.Thread.run(Thread.java:750)
"FullTableCache Cleanup Thread - 0" daemon prio=5 tid=736 in Object.wait()
java.lang.Thread.State: WAITING (on object monitor)
        at sun.misc.Unsafe.park(Native Method)
        at java.util.concurrent.locks.LockSupport.park(LockSupport.java:175)
        at java.util.concurrent.locks.AbstractQueuedSynchronizer$ConditionObject.await(AbstractQueuedSynchronizer.java:2039)
        at java.util.concurrent.LinkedBlockingQueue.take(LinkedBlockingQueue.java:442)
        at java.util.concurrent.ThreadPoolExecutor.getTask(ThreadPoolExecutor.java:1074)
        at java.util.concurrent.ThreadPoolExecutor.runWorker(ThreadPoolExecutor.java:1134)
        at java.util.concurrent.ThreadPoolExecutor$Worker.run(ThreadPoolExecutor.java:624)
        at java.lang.Thread.run(Thread.java:750)
"Finalizer" daemon prio=8 tid=3 in Object.wait()
java.lang.Thread.State: WAITING (on object monitor)
        at java.lang.Object.wait(Native Method)
        at java.lang.ref.ReferenceQueue.remove(ReferenceQueue.java:144)
        at java.lang.ref.ReferenceQueue.remove(ReferenceQueue.java:165)
        at java.lang.ref.Finalizer$FinalizerThread.run(Finalizer.java:216)
"qtp745359474-243" daemon prio=5 tid=243 timed_waiting
java.lang.Thread.State: TIMED_WAITING
        at sun.misc.Unsafe.park(Native Method)
        at java.util.concurrent.locks.LockSupport.parkNanos(LockSupport.java:215)
        at java.util.concurrent.locks.AbstractQueuedSynchronizer$ConditionObject.awaitNanos(AbstractQueuedSynchronizer.java:2078)
        at org.eclipse.jetty.util.BlockingArrayQueue.poll(BlockingArrayQueue.java:382)
        at org.eclipse.jetty.util.thread.QueuedThreadPool$Runner.idleJobPoll(QueuedThreadPool.java:974)
        at org.eclipse.jetty.util.thread.QueuedThreadPool$Runner.run(QueuedThreadPool.java:1018)
        at java.lang.Thread.run(Thread.java:750)
"qtp1374355136-111-acceptor-0@753f58eb-ServerConnector@34cb1310{HTTP/1.1, (http/1.1)}{0.0.0.0:40031}" daemon prio=3 tid=111 runnable
java.lang.Thread.State: RUNNABLE
        at sun.nio.ch.ServerSocketChannelImpl.accept0(Native Method)
        at sun.nio.ch.ServerSocketChannelImpl.accept(ServerSocketChannelImpl.java:421)
        at sun.nio.ch.ServerSocketChannelImpl.accept(ServerSocketChannelImpl.java:249)
        at org.eclipse.jetty.server.ServerConnector.accept(ServerConnector.java:388)
        at org.eclipse.jetty.server.AbstractConnector$Acceptor.run(AbstractConnector.java:704)
        at org.eclipse.jetty.util.thread.QueuedThreadPool.runJob(QueuedThreadPool.java:883)
        at org.eclipse.jetty.util.thread.QueuedThreadPool$Runner.run(QueuedThreadPool.java:1034)
        at java.lang.Thread.run(Thread.java:750)
"3fdd4c6e-2961-42ba-90d3-b5f169a49f15@group-D5EC486ECE4F-SegmentedRaftLogWorker"  prio=5 tid=648 timed_waiting
java.lang.Thread.State: TIMED_WAITING
        at sun.misc.Unsafe.park(Native Method)
        at java.util.concurrent.locks.LockSupport.parkNanos(LockSupport.java:215)
        at java.util.concurrent.locks.AbstractQueuedSynchronizer$ConditionObject.awaitNanos(AbstractQueuedSynchronizer.java:2078)
        at org.apache.ratis.util.DataBlockingQueue.poll(DataBlockingQueue.java:148)
        at org.apache.ratis.server.raftlog.segmented.SegmentedRaftLogWorker.run(SegmentedRaftLogWorker.java:310)
        at org.apache.ratis.server.raftlog.segmented.SegmentedRaftLogWorker$$Lambda$665/2132438442.run(Unknown Source)
        at java.lang.Thread.run(Thread.java:750)
"qtp745359474-244" daemon prio=5 tid=244 timed_waiting
java.lang.Thread.State: TIMED_WAITING
        at sun.misc.Unsafe.park(Native Method)
        at java.util.concurrent.locks.LockSupport.parkNanos(LockSupport.java:215)
        at java.util.concurrent.locks.AbstractQueuedSynchronizer$ConditionObject.awaitNanos(AbstractQueuedSynchronizer.java:2078)
        at org.eclipse.jetty.util.BlockingArrayQueue.poll(BlockingArrayQueue.java:382)
        at org.eclipse.jetty.util.thread.QueuedThreadPool$Runner.idleJobPoll(QueuedThreadPool.java:974)
        at org.eclipse.jetty.util.thread.QueuedThreadPool$Runner.run(QueuedThreadPool.java:1018)
        at java.lang.Thread.run(Thread.java:750)
"JvmPauseMonitor5" daemon prio=5 tid=483 timed_waiting
java.lang.Thread.State: TIMED_WAITING
        at java.lang.Thread.sleep(Native Method)
        at java.lang.Thread.sleep(Thread.java:342)
        at java.util.concurrent.TimeUnit.sleep(TimeUnit.java:386)
        at org.apache.ratis.util.TimeDuration.sleep(TimeDuration.java:325)
        at org.apache.ratis.util.TimeDuration.sleep(TimeDuration.java:310)
        at org.apache.ratis.util.JvmPauseMonitor.detectPause(JvmPauseMonitor.java:119)
        at org.apache.ratis.util.JvmPauseMonitor.run(JvmPauseMonitor.java:108)
        at org.apache.ratis.util.JvmPauseMonitor$$Lambda$706/19678348.run(Unknown Source)
        at java.lang.Thread.run(Thread.java:750)
"Datanode State Machine Task Thread - 0"  prio=5 tid=281 in Object.wait()
java.lang.Thread.State: WAITING (on object monitor)
        at sun.misc.Unsafe.park(Native Method)
        at java.util.concurrent.locks.LockSupport.park(LockSupport.java:175)
        at java.util.concurrent.locks.AbstractQueuedSynchronizer$ConditionObject.await(AbstractQueuedSynchronizer.java:2039)
        at java.util.concurrent.LinkedBlockingQueue.take(LinkedBlockingQueue.java:442)
        at java.util.concurrent.ThreadPoolExecutor.getTask(ThreadPoolExecutor.java:1074)
        at java.util.concurrent.ThreadPoolExecutor.runWorker(ThreadPoolExecutor.java:1134)
        at java.util.concurrent.ThreadPoolExecutor$Worker.run(ThreadPoolExecutor.java:624)
        at java.lang.Thread.run(Thread.java:750)
"pool-308-thread-1"  prio=5 tid=476 timed_waiting
java.lang.Thread.State: TIMED_WAITING
        at sun.misc.Unsafe.park(Native Method)
        at java.util.concurrent.locks.LockSupport.parkNanos(LockSupport.java:215)
        at java.util.concurrent.locks.AbstractQueuedSynchronizer$ConditionObject.awaitNanos(AbstractQueuedSynchronizer.java:2078)
        at java.util.concurrent.ScheduledThreadPoolExecutor$DelayedWorkQueue.take(ScheduledThreadPoolExecutor.java:1093)
        at java.util.concurrent.ScheduledThreadPoolExecutor$DelayedWorkQueue.take(ScheduledThreadPoolExecutor.java:809)
        at java.util.concurrent.ThreadPoolExecutor.getTask(ThreadPoolExecutor.java:1074)
        at java.util.concurrent.ThreadPoolExecutor.runWorker(ThreadPoolExecutor.java:1134)
        at java.util.concurrent.ThreadPoolExecutor$Worker.run(ThreadPoolExecutor.java:624)
        at java.lang.Thread.run(Thread.java:750)
"IPC Server handler 16 on default port 36903" daemon prio=5 tid=83 timed_waiting
java.lang.Thread.State: TIMED_WAITING
        at sun.misc.Unsafe.park(Native Method)
        at java.util.concurrent.locks.LockSupport.parkNanos(LockSupport.java:215)
        at java.util.concurrent.locks.AbstractQueuedSynchronizer$ConditionObject.awaitNanos(AbstractQueuedSynchronizer.java:2078)
        at java.util.concurrent.LinkedBlockingQueue.poll(LinkedBlockingQueue.java:467)
        at org.apache.hadoop.ipc.CallQueueManager.take(CallQueueManager.java:317)
        at org.apache.hadoop.ipc.Server$Handler.run(Server.java:2942)
"pool-173-thread-1"  prio=5 tid=289 timed_waiting
java.lang.Thread.State: TIMED_WAITING
        at sun.misc.Unsafe.park(Native Method)
        at java.util.concurrent.locks.LockSupport.parkNanos(LockSupport.java:215)
        at java.util.concurrent.locks.AbstractQueuedSynchronizer$ConditionObject.awaitNanos(AbstractQueuedSynchronizer.java:2078)
        at java.util.concurrent.ScheduledThreadPoolExecutor$DelayedWorkQueue.take(ScheduledThreadPoolExecutor.java:1093)
        at java.util.concurrent.ScheduledThreadPoolExecutor$DelayedWorkQueue.take(ScheduledThreadPoolExecutor.java:809)
        at java.util.concurrent.ThreadPoolExecutor.getTask(ThreadPoolExecutor.java:1074)
        at java.util.concurrent.ThreadPoolExecutor.runWorker(ThreadPoolExecutor.java:1134)
        at java.util.concurrent.ThreadPoolExecutor$Worker.run(ThreadPoolExecutor.java:624)
        at java.lang.Thread.run(Thread.java:750)
"Signal Dispatcher" daemon prio=9 tid=4 runnable
java.lang.Thread.State: RUNNABLE
"JvmPauseMonitor2" daemon prio=5 tid=379 timed_waiting
java.lang.Thread.State: TIMED_WAITING
        at java.lang.Thread.sleep(Native Method)
        at java.lang.Thread.sleep(Thread.java:342)
        at java.util.concurrent.TimeUnit.sleep(TimeUnit.java:386)
        at org.apache.ratis.util.TimeDuration.sleep(TimeDuration.java:325)
        at org.apache.ratis.util.TimeDuration.sleep(TimeDuration.java:310)
        at org.apache.ratis.util.JvmPauseMonitor.detectPause(JvmPauseMonitor.java:119)
        at org.apache.ratis.util.JvmPauseMonitor.run(JvmPauseMonitor.java:108)
        at org.apache.ratis.util.JvmPauseMonitor$$Lambda$706/19678348.run(Unknown Source)
        at java.lang.Thread.run(Thread.java:750)
"97cc06fc-4025-4c76-bebd-c1d7b79fe413@group-D28A8C342F3E-StateMachineUpdater" daemon prio=5 tid=581 timed_waiting
java.lang.Thread.State: TIMED_WAITING
        at sun.misc.Unsafe.park(Native Method)
        at java.util.concurrent.locks.LockSupport.parkNanos(LockSupport.java:215)
        at java.util.concurrent.CompletableFuture$Signaller.block(CompletableFuture.java:1709)
        at java.util.concurrent.ForkJoinPool.managedBlock(ForkJoinPool.java:3323)
        at java.util.concurrent.CompletableFuture.timedGet(CompletableFuture.java:1788)
        at java.util.concurrent.CompletableFuture.get(CompletableFuture.java:1928)
        at org.apache.ratis.util.AwaitForSignal.await(AwaitForSignal.java:56)
        at org.apache.ratis.server.impl.StateMachineUpdater.waitForCommit(StateMachineUpdater.java:207)
        at org.apache.ratis.server.impl.StateMachineUpdater.run(StateMachineUpdater.java:176)
        at java.lang.Thread.run(Thread.java:750)
"qtp1784709811-297" daemon prio=5 tid=297 timed_waiting
java.lang.Thread.State: TIMED_WAITING
        at sun.misc.Unsafe.park(Native Method)
        at java.util.concurrent.locks.LockSupport.parkNanos(LockSupport.java:215)
        at java.util.concurrent.locks.AbstractQueuedSynchronizer$ConditionObject.awaitNanos(AbstractQueuedSynchronizer.java:2078)
        at org.eclipse.jetty.util.BlockingArrayQueue.poll(BlockingArrayQueue.java:382)
        at org.eclipse.jetty.util.thread.QueuedThreadPool$Runner.idleJobPoll(QueuedThreadPool.java:974)
        at org.eclipse.jetty.util.thread.QueuedThreadPool$Runner.run(QueuedThreadPool.java:1018)
        at java.lang.Thread.run(Thread.java:750)
"timer4" daemon prio=5 tid=722 timed_waiting
java.lang.Thread.State: TIMED_WAITING
        at java.lang.Object.wait(Native Method)
        at java.util.TimerThread.mainLoop(Timer.java:552)
        at java.util.TimerThread.run(Timer.java:505)
"Datanode State Machine Task Thread - 1"  prio=5 tid=530 in Object.wait()
java.lang.Thread.State: WAITING (on object monitor)
        at sun.misc.Unsafe.park(Native Method)
        at java.util.concurrent.locks.LockSupport.park(LockSupport.java:175)
        at java.util.concurrent.locks.AbstractQueuedSynchronizer$ConditionObject.await(AbstractQueuedSynchronizer.java:2039)
        at java.util.concurrent.LinkedBlockingQueue.take(LinkedBlockingQueue.java:442)
        at java.util.concurrent.ThreadPoolExecutor.getTask(ThreadPoolExecutor.java:1074)
        at java.util.concurrent.ThreadPoolExecutor.runWorker(ThreadPoolExecutor.java:1134)
        at java.util.concurrent.ThreadPoolExecutor$Worker.run(ThreadPoolExecutor.java:624)
        at java.lang.Thread.run(Thread.java:750)
"BlockDeletingService#1" daemon prio=5 tid=383 timed_waiting
java.lang.Thread.State: TIMED_WAITING
        at sun.misc.Unsafe.park(Native Method)
        at java.util.concurrent.locks.LockSupport.parkNanos(LockSupport.java:215)
        at java.util.concurrent.locks.AbstractQueuedSynchronizer$ConditionObject.awaitNanos(AbstractQueuedSynchronizer.java:2078)
        at java.util.concurrent.ScheduledThreadPoolExecutor$DelayedWorkQueue.take(ScheduledThreadPoolExecutor.java:1093)
        at java.util.concurrent.ScheduledThreadPoolExecutor$DelayedWorkQueue.take(ScheduledThreadPoolExecutor.java:809)
        at java.util.concurrent.ThreadPoolExecutor.getTask(ThreadPoolExecutor.java:1074)
        at java.util.concurrent.ThreadPoolExecutor.runWorker(ThreadPoolExecutor.java:1134)
        at java.util.concurrent.ThreadPoolExecutor$Worker.run(ThreadPoolExecutor.java:624)
        at java.lang.Thread.run(Thread.java:750)
"Datanode State Machine Task Thread - 0"  prio=5 tid=201 in Object.wait()
java.lang.Thread.State: WAITING (on object monitor)
        at sun.misc.Unsafe.park(Native Method)
        at java.util.concurrent.locks.LockSupport.park(LockSupport.java:175)
        at java.util.concurrent.locks.AbstractQueuedSynchronizer$ConditionObject.await(AbstractQueuedSynchronizer.java:2039)
        at java.util.concurrent.LinkedBlockingQueue.take(LinkedBlockingQueue.java:442)
        at java.util.concurrent.ThreadPoolExecutor.getTask(ThreadPoolExecutor.java:1074)
        at java.util.concurrent.ThreadPoolExecutor.runWorker(ThreadPoolExecutor.java:1134)
        at java.util.concurrent.ThreadPoolExecutor$Worker.run(ThreadPoolExecutor.java:624)
        at java.lang.Thread.run(Thread.java:750)
"IPC Server idle connection scanner for port 36903" daemon prio=5 tid=29 timed_waiting
java.lang.Thread.State: TIMED_WAITING
        at java.lang.Object.wait(Native Method)
        at java.util.TimerThread.mainLoop(Timer.java:552)
        at java.util.TimerThread.run(Timer.java:505)
"IPC Server handler 17 on default port 34339" daemon prio=5 tid=64 timed_waiting
java.lang.Thread.State: TIMED_WAITING
        at sun.misc.Unsafe.park(Native Method)
        at java.util.concurrent.locks.LockSupport.parkNanos(LockSupport.java:215)
        at java.util.concurrent.locks.AbstractQueuedSynchronizer$ConditionObject.awaitNanos(AbstractQueuedSynchronizer.java:2078)
        at java.util.concurrent.LinkedBlockingQueue.poll(LinkedBlockingQueue.java:467)
        at org.apache.hadoop.ipc.CallQueueManager.take(CallQueueManager.java:317)
        at org.apache.hadoop.ipc.Server$Handler.run(Server.java:2942)
"ChunkReader-ELG-0" daemon prio=5 tid=380 runnable
java.lang.Thread.State: RUNNABLE
        at org.apache.ratis.thirdparty.io.netty.channel.epoll.Native.epollWait(Native Method)
        at org.apache.ratis.thirdparty.io.netty.channel.epoll.Native.epollWait(Native.java:209)
        at org.apache.ratis.thirdparty.io.netty.channel.epoll.Native.epollWait(Native.java:202)
        at org.apache.ratis.thirdparty.io.netty.channel.epoll.EpollEventLoop.epollWaitNoTimerChange(EpollEventLoop.java:294)
        at org.apache.ratis.thirdparty.io.netty.channel.epoll.EpollEventLoop.run(EpollEventLoop.java:351)
        at org.apache.ratis.thirdparty.io.netty.util.concurrent.SingleThreadEventExecutor$4.run(SingleThreadEventExecutor.java:995)
        at org.apache.ratis.thirdparty.io.netty.util.internal.ThreadExecutorMap$2.run(ThreadExecutorMap.java:74)
        at java.lang.Thread.run(Thread.java:750)
"c56757ad-2923-4297-8741-c606545d9a52@group-4C9F1E15A7B6-StateMachineUpdater" daemon prio=5 tid=606 timed_waiting
java.lang.Thread.State: TIMED_WAITING
        at sun.misc.Unsafe.park(Native Method)
        at java.util.concurrent.locks.LockSupport.parkNanos(LockSupport.java:215)
        at java.util.concurrent.CompletableFuture$Signaller.block(CompletableFuture.java:1709)
        at java.util.concurrent.ForkJoinPool.managedBlock(ForkJoinPool.java:3323)
        at java.util.concurrent.CompletableFuture.timedGet(CompletableFuture.java:1788)
        at java.util.concurrent.CompletableFuture.get(CompletableFuture.java:1928)
        at org.apache.ratis.util.AwaitForSignal.await(AwaitForSignal.java:56)
        at org.apache.ratis.server.impl.StateMachineUpdater.waitForCommit(StateMachineUpdater.java:207)
        at org.apache.ratis.server.impl.StateMachineUpdater.run(StateMachineUpdater.java:176)
        at java.lang.Thread.run(Thread.java:750)
"Datanode State Machine Task Thread - 1"  prio=5 tid=423 in Object.wait()
java.lang.Thread.State: WAITING (on object monitor)
        at sun.misc.Unsafe.park(Native Method)
        at java.util.concurrent.locks.LockSupport.park(LockSupport.java:175)
        at java.util.concurrent.locks.AbstractQueuedSynchronizer$ConditionObject.await(AbstractQueuedSynchronizer.java:2039)
        at java.util.concurrent.LinkedBlockingQueue.take(LinkedBlockingQueue.java:442)
        at java.util.concurrent.ThreadPoolExecutor.getTask(ThreadPoolExecutor.java:1074)
        at java.util.concurrent.ThreadPoolExecutor.runWorker(ThreadPoolExecutor.java:1134)
        at java.util.concurrent.ThreadPoolExecutor$Worker.run(ThreadPoolExecutor.java:624)
        at java.lang.Thread.run(Thread.java:750)
"BlockDeletingService#1" daemon prio=5 tid=413 timed_waiting
java.lang.Thread.State: TIMED_WAITING
        at sun.misc.Unsafe.park(Native Method)
        at java.util.concurrent.locks.LockSupport.parkNanos(LockSupport.java:215)
        at java.util.concurrent.locks.AbstractQueuedSynchronizer$ConditionObject.awaitNanos(AbstractQueuedSynchronizer.java:2078)
        at java.util.concurrent.ScheduledThreadPoolExecutor$DelayedWorkQueue.take(ScheduledThreadPoolExecutor.java:1093)
        at java.util.concurrent.ScheduledThreadPoolExecutor$DelayedWorkQueue.take(ScheduledThreadPoolExecutor.java:809)
        at java.util.concurrent.ThreadPoolExecutor.getTask(ThreadPoolExecutor.java:1074)
        at java.util.concurrent.ThreadPoolExecutor.runWorker(ThreadPoolExecutor.java:1134)
        at java.util.concurrent.ThreadPoolExecutor$Worker.run(ThreadPoolExecutor.java:624)
        at java.lang.Thread.run(Thread.java:750)
"IPC Server handler 6 on default port 36903" daemon prio=5 tid=73 timed_waiting
java.lang.Thread.State: TIMED_WAITING
        at sun.misc.Unsafe.park(Native Method)
        at java.util.concurrent.locks.LockSupport.parkNanos(LockSupport.java:215)
        at java.util.concurrent.locks.AbstractQueuedSynchronizer$ConditionObject.awaitNanos(AbstractQueuedSynchronizer.java:2078)
        at java.util.concurrent.LinkedBlockingQueue.poll(LinkedBlockingQueue.java:467)
        at org.apache.hadoop.ipc.CallQueueManager.take(CallQueueManager.java:317)
        at org.apache.hadoop.ipc.Server$Handler.run(Server.java:2942)
"EndpointStateMachine task thread for /0.0.0.0:34173 - 0 "  prio=5 tid=519 in Object.wait()
java.lang.Thread.State: WAITING (on object monitor)
        at sun.misc.Unsafe.park(Native Method)
        at java.util.concurrent.locks.LockSupport.park(LockSupport.java:175)
        at java.util.concurrent.locks.AbstractQueuedSynchronizer$ConditionObject.await(AbstractQueuedSynchronizer.java:2039)
        at java.util.concurrent.LinkedBlockingQueue.take(LinkedBlockingQueue.java:442)
        at java.util.concurrent.ThreadPoolExecutor.getTask(ThreadPoolExecutor.java:1074)
        at java.util.concurrent.ThreadPoolExecutor.runWorker(ThreadPoolExecutor.java:1134)
        at java.util.concurrent.ThreadPoolExecutor$Worker.run(ThreadPoolExecutor.java:624)
        at java.lang.Thread.run(Thread.java:750)
"Command processor thread" daemon prio=5 tid=372 timed_waiting
java.lang.Thread.State: TIMED_WAITING
        at java.lang.Thread.sleep(Native Method)
        at org.apache.hadoop.ozone.container.common.statemachine.DatanodeStateMachine.lambda$initCommandHandlerThread$3(DatanodeStateMachine.java:641)
        at org.apache.hadoop.ozone.container.common.statemachine.DatanodeStateMachine$$Lambda$753/651253568.run(Unknown Source)
        at java.lang.Thread.run(Thread.java:750)
"StaleRecoveringContainerScrubbingService#1" daemon prio=5 tid=412 timed_waiting
java.lang.Thread.State: TIMED_WAITING
        at sun.misc.Unsafe.park(Native Method)
        at java.util.concurrent.locks.LockSupport.parkNanos(LockSupport.java:215)
        at java.util.concurrent.locks.AbstractQueuedSynchronizer$ConditionObject.awaitNanos(AbstractQueuedSynchronizer.java:2078)
        at java.util.concurrent.ScheduledThreadPoolExecutor$DelayedWorkQueue.take(ScheduledThreadPoolExecutor.java:1093)
        at java.util.concurrent.ScheduledThreadPoolExecutor$DelayedWorkQueue.take(ScheduledThreadPoolExecutor.java:809)
        at java.util.concurrent.ThreadPoolExecutor.getTask(ThreadPoolExecutor.java:1074)
        at java.util.concurrent.ThreadPoolExecutor.runWorker(ThreadPoolExecutor.java:1134)
        at java.util.concurrent.ThreadPoolExecutor$Worker.run(ThreadPoolExecutor.java:624)
        at java.lang.Thread.run(Thread.java:750)
"Timer for 'StorageContainerManager' metrics system" daemon prio=5 tid=45 timed_waiting
java.lang.Thread.State: TIMED_WAITING
        at java.lang.Object.wait(Native Method)
        at java.util.TimerThread.mainLoop(Timer.java:552)
        at java.util.TimerThread.run(Timer.java:505)
"ChunkReader-ELG-0" daemon prio=5 tid=342 runnable
java.lang.Thread.State: RUNNABLE
        at org.apache.ratis.thirdparty.io.netty.channel.epoll.Native.epollWait(Native Method)
        at org.apache.ratis.thirdparty.io.netty.channel.epoll.Native.epollWait(Native.java:209)
        at org.apache.ratis.thirdparty.io.netty.channel.epoll.Native.epollWait(Native.java:202)
        at org.apache.ratis.thirdparty.io.netty.channel.epoll.EpollEventLoop.epollWaitNoTimerChange(EpollEventLoop.java:294)
        at org.apache.ratis.thirdparty.io.netty.channel.epoll.EpollEventLoop.run(EpollEventLoop.java:351)
        at org.apache.ratis.thirdparty.io.netty.util.concurrent.SingleThreadEventExecutor$4.run(SingleThreadEventExecutor.java:995)
        at org.apache.ratis.thirdparty.io.netty.util.internal.ThreadExecutorMap$2.run(ThreadExecutorMap.java:74)
        at java.lang.Thread.run(Thread.java:750)
"81de4557-c158-4718-93a8-b16ff7f8daad@group-EA947C079E8C->3fdd4c6e-2961-42ba-90d3-b5f169a49f15-GrpcLogAppender-LogAppenderDaemon" daemon prio=5 tid=888 timed_waiting
java.lang.Thread.State: TIMED_WAITING
        at sun.misc.Unsafe.park(Native Method)
        at java.util.concurrent.locks.LockSupport.parkNanos(LockSupport.java:215)
        at java.util.concurrent.CompletableFuture$Signaller.block(CompletableFuture.java:1709)
        at java.util.concurrent.ForkJoinPool.managedBlock(ForkJoinPool.java:3323)
        at java.util.concurrent.CompletableFuture.timedGet(CompletableFuture.java:1788)
        at java.util.concurrent.CompletableFuture.get(CompletableFuture.java:1928)
        at org.apache.ratis.util.AwaitForSignal.await(AwaitForSignal.java:56)
        at org.apache.ratis.grpc.server.GrpcLogAppender.mayWait(GrpcLogAppender.java:198)
        at org.apache.ratis.grpc.server.GrpcLogAppender.run(GrpcLogAppender.java:148)
        at org.apache.ratis.server.leader.LogAppenderDaemon.run(LogAppenderDaemon.java:78)
        at org.apache.ratis.server.leader.LogAppenderDaemon$$Lambda$1043/1122129781.run(Unknown Source)
        at java.lang.Thread.run(Thread.java:750)
"qtp1815599816-395-acceptor-0@6e194714-ServerConnector@62f1773d{HTTP/1.1, (http/1.1)}{0.0.0.0:39149}" daemon prio=3 tid=395 runnable
java.lang.Thread.State: RUNNABLE
        at sun.nio.ch.ServerSocketChannelImpl.accept0(Native Method)
        at sun.nio.ch.ServerSocketChannelImpl.accept(ServerSocketChannelImpl.java:421)
        at sun.nio.ch.ServerSocketChannelImpl.accept(ServerSocketChannelImpl.java:249)
        at org.eclipse.jetty.server.ServerConnector.accept(ServerConnector.java:388)
        at org.eclipse.jetty.server.AbstractConnector$Acceptor.run(AbstractConnector.java:704)
        at org.eclipse.jetty.util.thread.QueuedThreadPool.runJob(QueuedThreadPool.java:883)
        at org.eclipse.jetty.util.thread.QueuedThreadPool$Runner.run(QueuedThreadPool.java:1034)
        at java.lang.Thread.run(Thread.java:750)
"qtp1297043595-189" daemon prio=5 tid=189 timed_waiting
java.lang.Thread.State: TIMED_WAITING
        at sun.misc.Unsafe.park(Native Method)
        at java.util.concurrent.locks.LockSupport.parkNanos(LockSupport.java:215)
        at java.util.concurrent.locks.AbstractQueuedSynchronizer$ConditionObject.awaitNanos(AbstractQueuedSynchronizer.java:2078)
        at org.eclipse.jetty.util.BlockingArrayQueue.poll(BlockingArrayQueue.java:382)
        at org.eclipse.jetty.util.thread.QueuedThreadPool$Runner.idleJobPoll(QueuedThreadPool.java:974)
        at org.eclipse.jetty.util.thread.QueuedThreadPool$Runner.run(QueuedThreadPool.java:1018)
        at java.lang.Thread.run(Thread.java:750)
"DirectoryDeletingService#0" daemon prio=5 tid=142 timed_waiting
java.lang.Thread.State: TIMED_WAITING
        at sun.misc.Unsafe.park(Native Method)
        at java.util.concurrent.locks.LockSupport.parkNanos(LockSupport.java:215)
        at java.util.concurrent.locks.AbstractQueuedSynchronizer$ConditionObject.awaitNanos(AbstractQueuedSynchronizer.java:2078)
        at java.util.concurrent.ScheduledThreadPoolExecutor$DelayedWorkQueue.take(ScheduledThreadPoolExecutor.java:1093)
        at java.util.concurrent.ScheduledThreadPoolExecutor$DelayedWorkQueue.take(ScheduledThreadPoolExecutor.java:809)
        at java.util.concurrent.ThreadPoolExecutor.getTask(ThreadPoolExecutor.java:1074)
        at java.util.concurrent.ThreadPoolExecutor.runWorker(ThreadPoolExecutor.java:1134)
        at java.util.concurrent.ThreadPoolExecutor$Worker.run(ThreadPoolExecutor.java:624)
        at java.lang.Thread.run(Thread.java:750)
"IPC Server handler 13 on default port 36903" daemon prio=5 tid=80 timed_waiting
java.lang.Thread.State: TIMED_WAITING
        at sun.misc.Unsafe.park(Native Method)
        at java.util.concurrent.locks.LockSupport.parkNanos(LockSupport.java:215)
        at java.util.concurrent.locks.AbstractQueuedSynchronizer$ConditionObject.awaitNanos(AbstractQueuedSynchronizer.java:2078)
        at java.util.concurrent.LinkedBlockingQueue.poll(LinkedBlockingQueue.java:467)
        at org.apache.hadoop.ipc.CallQueueManager.take(CallQueueManager.java:317)
        at org.apache.hadoop.ipc.Server$Handler.run(Server.java:2942)
"Datanode State Machine Task Thread - 1"  prio=5 tid=555 in Object.wait()
java.lang.Thread.State: WAITING (on object monitor)
        at sun.misc.Unsafe.park(Native Method)
        at java.util.concurrent.locks.LockSupport.park(LockSupport.java:175)
        at java.util.concurrent.locks.AbstractQueuedSynchronizer$ConditionObject.await(AbstractQueuedSynchronizer.java:2039)
        at java.util.concurrent.LinkedBlockingQueue.take(LinkedBlockingQueue.java:442)
        at java.util.concurrent.ThreadPoolExecutor.getTask(ThreadPoolExecutor.java:1074)
        at java.util.concurrent.ThreadPoolExecutor.runWorker(ThreadPoolExecutor.java:1134)
        at java.util.concurrent.ThreadPoolExecutor$Worker.run(ThreadPoolExecutor.java:624)
        at java.lang.Thread.run(Thread.java:750)
"Datanode ReportManager Thread - 4" daemon prio=5 tid=503 in Object.wait()
java.lang.Thread.State: WAITING (on object monitor)
        at sun.misc.Unsafe.park(Native Method)
        at java.util.concurrent.locks.LockSupport.park(LockSupport.java:175)
        at java.util.concurrent.locks.AbstractQueuedSynchronizer$ConditionObject.await(AbstractQueuedSynchronizer.java:2039)
        at java.util.concurrent.ScheduledThreadPoolExecutor$DelayedWorkQueue.take(ScheduledThreadPoolExecutor.java:1088)
        at java.util.concurrent.ScheduledThreadPoolExecutor$DelayedWorkQueue.take(ScheduledThreadPoolExecutor.java:809)
        at java.util.concurrent.ThreadPoolExecutor.getTask(ThreadPoolExecutor.java:1074)
        at java.util.concurrent.ThreadPoolExecutor.runWorker(ThreadPoolExecutor.java:1134)
        at java.util.concurrent.ThreadPoolExecutor$Worker.run(ThreadPoolExecutor.java:624)
        at java.lang.Thread.run(Thread.java:750)
"Session-HouseKeeper-317b0040-1"  prio=5 tid=491 timed_waiting
java.lang.Thread.State: TIMED_WAITING
        at sun.misc.Unsafe.park(Native Method)
        at java.util.concurrent.locks.LockSupport.parkNanos(LockSupport.java:215)
        at java.util.concurrent.locks.AbstractQueuedSynchronizer$ConditionObject.awaitNanos(AbstractQueuedSynchronizer.java:2078)
        at java.util.concurrent.ScheduledThreadPoolExecutor$DelayedWorkQueue.take(ScheduledThreadPoolExecutor.java:1093)
        at java.util.concurrent.ScheduledThreadPoolExecutor$DelayedWorkQueue.take(ScheduledThreadPoolExecutor.java:809)
        at java.util.concurrent.ThreadPoolExecutor.getTask(ThreadPoolExecutor.java:1074)
        at java.util.concurrent.ThreadPoolExecutor.runWorker(ThreadPoolExecutor.java:1134)
        at java.util.concurrent.ThreadPoolExecutor$Worker.run(ThreadPoolExecutor.java:624)
        at java.lang.Thread.run(Thread.java:750)
"StaleRecoveringContainerScrubbingService#0" daemon prio=5 tid=551 in Object.wait()
java.lang.Thread.State: WAITING (on object monitor)
        at sun.misc.Unsafe.park(Native Method)
        at java.util.concurrent.locks.LockSupport.park(LockSupport.java:175)
        at java.util.concurrent.locks.AbstractQueuedSynchronizer$ConditionObject.await(AbstractQueuedSynchronizer.java:2039)
        at java.util.concurrent.ScheduledThreadPoolExecutor$DelayedWorkQueue.take(ScheduledThreadPoolExecutor.java:1088)
        at java.util.concurrent.ScheduledThreadPoolExecutor$DelayedWorkQueue.take(ScheduledThreadPoolExecutor.java:809)
        at java.util.concurrent.ThreadPoolExecutor.getTask(ThreadPoolExecutor.java:1074)
        at java.util.concurrent.ThreadPoolExecutor.runWorker(ThreadPoolExecutor.java:1134)
        at java.util.concurrent.ThreadPoolExecutor$Worker.run(ThreadPoolExecutor.java:624)
        at java.lang.Thread.run(Thread.java:750)
"IPC Server handler 19 on default port 34173" daemon prio=5 tid=106 timed_waiting
java.lang.Thread.State: TIMED_WAITING
        at sun.misc.Unsafe.park(Native Method)
        at java.util.concurrent.locks.LockSupport.parkNanos(LockSupport.java:215)
        at java.util.concurrent.locks.AbstractQueuedSynchronizer$ConditionObject.awaitNanos(AbstractQueuedSynchronizer.java:2078)
        at java.util.concurrent.LinkedBlockingQueue.poll(LinkedBlockingQueue.java:467)
        at org.apache.hadoop.ipc.CallQueueManager.take(CallQueueManager.java:317)
        at org.apache.hadoop.ipc.Server$Handler.run(Server.java:2942)
"957f0a06-02fd-450d-99be-0926792af3ec@group-38ABB79AD11D-SegmentedRaftLogWorker"  prio=5 tid=611 timed_waiting
java.lang.Thread.State: TIMED_WAITING
        at sun.misc.Unsafe.park(Native Method)
        at java.util.concurrent.locks.LockSupport.parkNanos(LockSupport.java:215)
        at java.util.concurrent.locks.AbstractQueuedSynchronizer$ConditionObject.awaitNanos(AbstractQueuedSynchronizer.java:2078)
        at org.apache.ratis.util.DataBlockingQueue.poll(DataBlockingQueue.java:148)
        at org.apache.ratis.server.raftlog.segmented.SegmentedRaftLogWorker.run(SegmentedRaftLogWorker.java:310)
        at org.apache.ratis.server.raftlog.segmented.SegmentedRaftLogWorker$$Lambda$665/2132438442.run(Unknown Source)
        at java.lang.Thread.run(Thread.java:750)
"pool-150-thread-1"  prio=5 tid=263 timed_waiting
java.lang.Thread.State: TIMED_WAITING
        at sun.misc.Unsafe.park(Native Method)
        at java.util.concurrent.locks.LockSupport.parkNanos(LockSupport.java:215)
        at java.util.concurrent.locks.AbstractQueuedSynchronizer$ConditionObject.awaitNanos(AbstractQueuedSynchronizer.java:2078)
        at java.util.concurrent.ScheduledThreadPoolExecutor$DelayedWorkQueue.take(ScheduledThreadPoolExecutor.java:1093)
        at java.util.concurrent.ScheduledThreadPoolExecutor$DelayedWorkQueue.take(ScheduledThreadPoolExecutor.java:809)
        at java.util.concurrent.ThreadPoolExecutor.getTask(ThreadPoolExecutor.java:1074)
        at java.util.concurrent.ThreadPoolExecutor.runWorker(ThreadPoolExecutor.java:1134)
        at java.util.concurrent.ThreadPoolExecutor$Worker.run(ThreadPoolExecutor.java:624)
        at java.lang.Thread.run(Thread.java:750)
"ChunkWriter-1-0" daemon prio=5 tid=521 in Object.wait()
java.lang.Thread.State: WAITING (on object monitor)
        at sun.misc.Unsafe.park(Native Method)
        at java.util.concurrent.locks.LockSupport.park(LockSupport.java:175)
        at java.util.concurrent.locks.AbstractQueuedSynchronizer$ConditionObject.await(AbstractQueuedSynchronizer.java:2039)
        at java.util.concurrent.LinkedBlockingDeque.takeFirst(LinkedBlockingDeque.java:492)
        at java.util.concurrent.LinkedBlockingDeque.take(LinkedBlockingDeque.java:680)
        at java.util.concurrent.ThreadPoolExecutor.getTask(ThreadPoolExecutor.java:1074)
        at java.util.concurrent.ThreadPoolExecutor.runWorker(ThreadPoolExecutor.java:1134)
        at java.util.concurrent.ThreadPoolExecutor$Worker.run(ThreadPoolExecutor.java:624)
        at java.lang.Thread.run(Thread.java:750)
"Periodic HDDS volume checker" daemon prio=5 tid=470 timed_waiting
java.lang.Thread.State: TIMED_WAITING
        at sun.misc.Unsafe.park(Native Method)
        at java.util.concurrent.locks.LockSupport.parkNanos(LockSupport.java:215)
        at java.util.concurrent.locks.AbstractQueuedSynchronizer$ConditionObject.awaitNanos(AbstractQueuedSynchronizer.java:2078)
        at java.util.concurrent.ScheduledThreadPoolExecutor$DelayedWorkQueue.take(ScheduledThreadPoolExecutor.java:1093)
        at java.util.concurrent.ScheduledThreadPoolExecutor$DelayedWorkQueue.take(ScheduledThreadPoolExecutor.java:809)
        at java.util.concurrent.ThreadPoolExecutor.getTask(ThreadPoolExecutor.java:1074)
        at java.util.concurrent.ThreadPoolExecutor.runWorker(ThreadPoolExecutor.java:1134)
        at java.util.concurrent.ThreadPoolExecutor$Worker.run(ThreadPoolExecutor.java:624)
        at java.lang.Thread.run(Thread.java:750)
"Datanode ReportManager Thread - 0" daemon prio=5 tid=300 in Object.wait()
java.lang.Thread.State: WAITING (on object monitor)
        at sun.misc.Unsafe.park(Native Method)
        at java.util.concurrent.locks.LockSupport.park(LockSupport.java:175)
        at java.util.concurrent.locks.AbstractQueuedSynchronizer$ConditionObject.await(AbstractQueuedSynchronizer.java:2039)
        at java.util.concurrent.ScheduledThreadPoolExecutor$DelayedWorkQueue.take(ScheduledThreadPoolExecutor.java:1088)
        at java.util.concurrent.ScheduledThreadPoolExecutor$DelayedWorkQueue.take(ScheduledThreadPoolExecutor.java:809)
        at java.util.concurrent.ThreadPoolExecutor.getTask(ThreadPoolExecutor.java:1074)
        at java.util.concurrent.ThreadPoolExecutor.runWorker(ThreadPoolExecutor.java:1134)
        at java.util.concurrent.ThreadPoolExecutor$Worker.run(ThreadPoolExecutor.java:624)
        at java.lang.Thread.run(Thread.java:750)
"Datanode ReportManager Thread - 2" daemon prio=5 tid=196 in Object.wait()
java.lang.Thread.State: WAITING (on object monitor)
        at sun.misc.Unsafe.park(Native Method)
        at java.util.concurrent.locks.LockSupport.park(LockSupport.java:175)
        at java.util.concurrent.locks.AbstractQueuedSynchronizer$ConditionObject.await(AbstractQueuedSynchronizer.java:2039)
        at java.util.concurrent.ScheduledThreadPoolExecutor$DelayedWorkQueue.take(ScheduledThreadPoolExecutor.java:1088)
        at java.util.concurrent.ScheduledThreadPoolExecutor$DelayedWorkQueue.take(ScheduledThreadPoolExecutor.java:809)
        at java.util.concurrent.ThreadPoolExecutor.getTask(ThreadPoolExecutor.java:1074)
        at java.util.concurrent.ThreadPoolExecutor.runWorker(ThreadPoolExecutor.java:1134)
        at java.util.concurrent.ThreadPoolExecutor$Worker.run(ThreadPoolExecutor.java:624)
        at java.lang.Thread.run(Thread.java:750)
"ChunkWriter-0-0" daemon prio=5 tid=375 in Object.wait()
java.lang.Thread.State: WAITING (on object monitor)
        at sun.misc.Unsafe.park(Native Method)
        at java.util.concurrent.locks.LockSupport.park(LockSupport.java:175)
        at java.util.concurrent.locks.AbstractQueuedSynchronizer$ConditionObject.await(AbstractQueuedSynchronizer.java:2039)
        at java.util.concurrent.LinkedBlockingDeque.takeFirst(LinkedBlockingDeque.java:492)
        at java.util.concurrent.LinkedBlockingDeque.take(LinkedBlockingDeque.java:680)
        at java.util.concurrent.ThreadPoolExecutor.getTask(ThreadPoolExecutor.java:1074)
        at java.util.concurrent.ThreadPoolExecutor.runWorker(ThreadPoolExecutor.java:1134)
        at java.util.concurrent.ThreadPoolExecutor$Worker.run(ThreadPoolExecutor.java:624)
        at java.lang.Thread.run(Thread.java:750)
"3fdd4c6e-2961-42ba-90d3-b5f169a49f15@group-D71B9630B45A-StateMachineUpdater" daemon prio=5 tid=647 timed_waiting
java.lang.Thread.State: TIMED_WAITING
        at sun.misc.Unsafe.park(Native Method)
        at java.util.concurrent.locks.LockSupport.parkNanos(LockSupport.java:215)
        at java.util.concurrent.CompletableFuture$Signaller.block(CompletableFuture.java:1709)
        at java.util.concurrent.ForkJoinPool.managedBlock(ForkJoinPool.java:3323)
        at java.util.concurrent.CompletableFuture.timedGet(CompletableFuture.java:1788)
        at java.util.concurrent.CompletableFuture.get(CompletableFuture.java:1928)
        at org.apache.ratis.util.AwaitForSignal.await(AwaitForSignal.java:56)
        at org.apache.ratis.server.impl.StateMachineUpdater.waitForCommit(StateMachineUpdater.java:207)
        at org.apache.ratis.server.impl.StateMachineUpdater.run(StateMachineUpdater.java:176)
        at java.lang.Thread.run(Thread.java:750)
"Datanode ReportManager Thread - 0" daemon prio=5 tid=453 timed_waiting
java.lang.Thread.State: TIMED_WAITING
        at sun.misc.Unsafe.park(Native Method)
        at java.util.concurrent.locks.LockSupport.parkNanos(LockSupport.java:215)
        at java.util.concurrent.locks.AbstractQueuedSynchronizer$ConditionObject.awaitNanos(AbstractQueuedSynchronizer.java:2078)
        at java.util.concurrent.ScheduledThreadPoolExecutor$DelayedWorkQueue.take(ScheduledThreadPoolExecutor.java:1093)
        at java.util.concurrent.ScheduledThreadPoolExecutor$DelayedWorkQueue.take(ScheduledThreadPoolExecutor.java:809)
        at java.util.concurrent.ThreadPoolExecutor.getTask(ThreadPoolExecutor.java:1074)
        at java.util.concurrent.ThreadPoolExecutor.runWorker(ThreadPoolExecutor.java:1134)
        at java.util.concurrent.ThreadPoolExecutor$Worker.run(ThreadPoolExecutor.java:624)
        at java.lang.Thread.run(Thread.java:750)
"ChunkReader-2" daemon prio=5 tid=775 in Object.wait()
java.lang.Thread.State: WAITING (on object monitor)
        at sun.misc.Unsafe.park(Native Method)
        at java.util.concurrent.locks.LockSupport.park(LockSupport.java:175)
        at java.util.concurrent.locks.AbstractQueuedSynchronizer$ConditionObject.await(AbstractQueuedSynchronizer.java:2039)
        at java.util.concurrent.LinkedBlockingQueue.take(LinkedBlockingQueue.java:442)
        at java.util.concurrent.ThreadPoolExecutor.getTask(ThreadPoolExecutor.java:1074)
        at java.util.concurrent.ThreadPoolExecutor.runWorker(ThreadPoolExecutor.java:1134)
        at java.util.concurrent.ThreadPoolExecutor$Worker.run(ThreadPoolExecutor.java:624)
        at java.lang.Thread.run(Thread.java:750)
"Datanode State Machine Daemon Thread" daemon prio=5 tid=452 timed_waiting
java.lang.Thread.State: TIMED_WAITING
        at java.lang.Thread.sleep(Native Method)
        at org.apache.hadoop.ozone.container.common.statemachine.DatanodeStateMachine.startStateMachineThread(DatanodeStateMachine.java:321)
        at org.apache.hadoop.ozone.container.common.statemachine.DatanodeStateMachine.lambda$startDaemon$0(DatanodeStateMachine.java:506)
        at org.apache.hadoop.ozone.container.common.statemachine.DatanodeStateMachine$$Lambda$751/1278416571.run(Unknown Source)
        at java.lang.Thread.run(Thread.java:750)
"StaleRecoveringContainerScrubbingService#2" daemon prio=5 tid=909 in Object.wait()
java.lang.Thread.State: WAITING (on object monitor)
        at sun.misc.Unsafe.park(Native Method)
        at java.util.concurrent.locks.LockSupport.park(LockSupport.java:175)
        at java.util.concurrent.locks.AbstractQueuedSynchronizer$ConditionObject.await(AbstractQueuedSynchronizer.java:2039)
        at java.util.concurrent.ScheduledThreadPoolExecutor$DelayedWorkQueue.take(ScheduledThreadPoolExecutor.java:1088)
        at java.util.concurrent.ScheduledThreadPoolExecutor$DelayedWorkQueue.take(ScheduledThreadPoolExecutor.java:809)
        at java.util.concurrent.ThreadPoolExecutor.getTask(ThreadPoolExecutor.java:1074)
        at java.util.concurrent.ThreadPoolExecutor.runWorker(ThreadPoolExecutor.java:1134)
        at java.util.concurrent.ThreadPoolExecutor$Worker.run(ThreadPoolExecutor.java:624)
        at java.lang.Thread.run(Thread.java:750)
"BlockDeletingService#1" daemon prio=5 tid=566 in Object.wait()
java.lang.Thread.State: WAITING (on object monitor)
        at sun.misc.Unsafe.park(Native Method)
        at java.util.concurrent.locks.LockSupport.park(LockSupport.java:175)
        at java.util.concurrent.locks.AbstractQueuedSynchronizer$ConditionObject.await(AbstractQueuedSynchronizer.java:2039)
        at java.util.concurrent.ScheduledThreadPoolExecutor$DelayedWorkQueue.take(ScheduledThreadPoolExecutor.java:1088)
        at java.util.concurrent.ScheduledThreadPoolExecutor$DelayedWorkQueue.take(ScheduledThreadPoolExecutor.java:809)
        at java.util.concurrent.ThreadPoolExecutor.getTask(ThreadPoolExecutor.java:1074)
        at java.util.concurrent.ThreadPoolExecutor.runWorker(ThreadPoolExecutor.java:1134)
        at java.util.concurrent.ThreadPoolExecutor$Worker.run(ThreadPoolExecutor.java:624)
        at java.lang.Thread.run(Thread.java:750)
"IPC Server handler 4 on default port 34735" daemon prio=5 tid=158 timed_waiting
java.lang.Thread.State: TIMED_WAITING
        at sun.misc.Unsafe.park(Native Method)
        at java.util.concurrent.locks.LockSupport.parkNanos(LockSupport.java:215)
        at java.util.concurrent.locks.AbstractQueuedSynchronizer$ConditionObject.awaitNanos(AbstractQueuedSynchronizer.java:2078)
        at java.util.concurrent.LinkedBlockingQueue.poll(LinkedBlockingQueue.java:467)
        at org.apache.hadoop.ipc.CallQueueManager.take(CallQueueManager.java:317)
        at org.apache.hadoop.ipc.Server$Handler.run(Server.java:2942)
"ChunkWriter-1-0" daemon prio=5 tid=376 in Object.wait()
java.lang.Thread.State: WAITING (on object monitor)
        at sun.misc.Unsafe.park(Native Method)
        at java.util.concurrent.locks.LockSupport.park(LockSupport.java:175)
        at java.util.concurrent.locks.AbstractQueuedSynchronizer$ConditionObject.await(AbstractQueuedSynchronizer.java:2039)
        at java.util.concurrent.LinkedBlockingDeque.takeFirst(LinkedBlockingDeque.java:492)
        at java.util.concurrent.LinkedBlockingDeque.take(LinkedBlockingDeque.java:680)
        at java.util.concurrent.ThreadPoolExecutor.getTask(ThreadPoolExecutor.java:1074)
        at java.util.concurrent.ThreadPoolExecutor.runWorker(ThreadPoolExecutor.java:1134)
        at java.util.concurrent.ThreadPoolExecutor$Worker.run(ThreadPoolExecutor.java:624)
        at java.lang.Thread.run(Thread.java:750)
"org.apache.hadoop.util.JvmPauseMonitor$Monitor@38be66ca" daemon prio=5 tid=228 timed_waiting
java.lang.Thread.State: TIMED_WAITING
        at java.lang.Thread.sleep(Native Method)
        at org.apache.hadoop.util.JvmPauseMonitor$Monitor.run(JvmPauseMonitor.java:192)
        at java.lang.Thread.run(Thread.java:750)
"b385a6e1-c61e-4aaf-9536-8cc86fe51578@group-0B3F8550F3C8-SegmentedRaftLogWorker"  prio=5 tid=679 timed_waiting
java.lang.Thread.State: TIMED_WAITING
        at sun.misc.Unsafe.park(Native Method)
        at java.util.concurrent.locks.LockSupport.parkNanos(LockSupport.java:215)
        at java.util.concurrent.locks.AbstractQueuedSynchronizer$ConditionObject.awaitNanos(AbstractQueuedSynchronizer.java:2078)
        at org.apache.ratis.util.DataBlockingQueue.poll(DataBlockingQueue.java:148)
        at org.apache.ratis.server.raftlog.segmented.SegmentedRaftLogWorker.run(SegmentedRaftLogWorker.java:310)
        at org.apache.ratis.server.raftlog.segmented.SegmentedRaftLogWorker$$Lambda$665/2132438442.run(Unknown Source)
        at java.lang.Thread.run(Thread.java:750)
"pool-95-thread-1"  prio=5 tid=578 in Object.wait()
java.lang.Thread.State: WAITING (on object monitor)
        at sun.misc.Unsafe.park(Native Method)
        at java.util.concurrent.locks.LockSupport.park(LockSupport.java:175)
        at java.util.concurrent.locks.AbstractQueuedSynchronizer$ConditionObject.await(AbstractQueuedSynchronizer.java:2039)
        at java.util.concurrent.LinkedBlockingQueue.take(LinkedBlockingQueue.java:442)
        at java.util.concurrent.ThreadPoolExecutor.getTask(ThreadPoolExecutor.java:1074)
        at java.util.concurrent.ThreadPoolExecutor.runWorker(ThreadPoolExecutor.java:1134)
        at java.util.concurrent.ThreadPoolExecutor$Worker.run(ThreadPoolExecutor.java:624)
        at java.lang.Thread.run(Thread.java:750)
"ChunkReader-1" daemon prio=5 tid=768 in Object.wait()
java.lang.Thread.State: WAITING (on object monitor)
        at sun.misc.Unsafe.park(Native Method)
        at java.util.concurrent.locks.LockSupport.park(LockSupport.java:175)
        at java.util.concurrent.locks.AbstractQueuedSynchronizer$ConditionObject.await(AbstractQueuedSynchronizer.java:2039)
        at java.util.concurrent.LinkedBlockingQueue.take(LinkedBlockingQueue.java:442)
        at java.util.concurrent.ThreadPoolExecutor.getTask(ThreadPoolExecutor.java:1074)
        at java.util.concurrent.ThreadPoolExecutor.runWorker(ThreadPoolExecutor.java:1134)
        at java.util.concurrent.ThreadPoolExecutor$Worker.run(ThreadPoolExecutor.java:624)
        at java.lang.Thread.run(Thread.java:750)
"Command processor thread" daemon prio=5 tid=305 timed_waiting
java.lang.Thread.State: TIMED_WAITING
        at java.lang.Thread.sleep(Native Method)
        at org.apache.hadoop.ozone.container.common.statemachine.DatanodeStateMachine.lambda$initCommandHandlerThread$3(DatanodeStateMachine.java:641)
        at org.apache.hadoop.ozone.container.common.statemachine.DatanodeStateMachine$$Lambda$753/651253568.run(Unknown Source)
        at java.lang.Thread.run(Thread.java:750)
"Datanode ReportManager Thread - 3" daemon prio=5 tid=456 timed_waiting
java.lang.Thread.State: TIMED_WAITING
        at sun.misc.Unsafe.park(Native Method)
        at java.util.concurrent.locks.LockSupport.parkNanos(LockSupport.java:215)
        at java.util.concurrent.locks.AbstractQueuedSynchronizer$ConditionObject.awaitNanos(AbstractQueuedSynchronizer.java:2078)
        at java.util.concurrent.ScheduledThreadPoolExecutor$DelayedWorkQueue.take(ScheduledThreadPoolExecutor.java:1093)
        at java.util.concurrent.ScheduledThreadPoolExecutor$DelayedWorkQueue.take(ScheduledThreadPoolExecutor.java:809)
        at java.util.concurrent.ThreadPoolExecutor.getTask(ThreadPoolExecutor.java:1074)
        at java.util.concurrent.ThreadPoolExecutor.runWorker(ThreadPoolExecutor.java:1134)
        at java.util.concurrent.ThreadPoolExecutor$Worker.run(ThreadPoolExecutor.java:624)
        at java.lang.Thread.run(Thread.java:750)
"BlockDeletingService#2" daemon prio=5 tid=901 in Object.wait()
java.lang.Thread.State: WAITING (on object monitor)
        at sun.misc.Unsafe.park(Native Method)
        at java.util.concurrent.locks.LockSupport.park(LockSupport.java:175)
        at java.util.concurrent.locks.AbstractQueuedSynchronizer$ConditionObject.await(AbstractQueuedSynchronizer.java:2039)
        at java.util.concurrent.ScheduledThreadPoolExecutor$DelayedWorkQueue.take(ScheduledThreadPoolExecutor.java:1088)
        at java.util.concurrent.ScheduledThreadPoolExecutor$DelayedWorkQueue.take(ScheduledThreadPoolExecutor.java:809)
        at java.util.concurrent.ThreadPoolExecutor.getTask(ThreadPoolExecutor.java:1074)
        at java.util.concurrent.ThreadPoolExecutor.runWorker(ThreadPoolExecutor.java:1134)
        at java.util.concurrent.ThreadPoolExecutor$Worker.run(ThreadPoolExecutor.java:624)
        at java.lang.Thread.run(Thread.java:750)
"StaleRecoveringContainerScrubbingService#1" daemon prio=5 tid=541 timed_waiting
java.lang.Thread.State: TIMED_WAITING
        at sun.misc.Unsafe.park(Native Method)
        at java.util.concurrent.locks.LockSupport.parkNanos(LockSupport.java:215)
        at java.util.concurrent.locks.AbstractQueuedSynchronizer$ConditionObject.awaitNanos(AbstractQueuedSynchronizer.java:2078)
        at java.util.concurrent.ScheduledThreadPoolExecutor$DelayedWorkQueue.take(ScheduledThreadPoolExecutor.java:1093)
        at java.util.concurrent.ScheduledThreadPoolExecutor$DelayedWorkQueue.take(ScheduledThreadPoolExecutor.java:809)
        at java.util.concurrent.ThreadPoolExecutor.getTask(ThreadPoolExecutor.java:1074)
        at java.util.concurrent.ThreadPoolExecutor.runWorker(ThreadPoolExecutor.java:1134)
        at java.util.concurrent.ThreadPoolExecutor$Worker.run(ThreadPoolExecutor.java:624)
        at java.lang.Thread.run(Thread.java:750)
"FixedThreadPoolWithAffinityExecutor-8-0" daemon prio=5 tid=43 timed_waiting
java.lang.Thread.State: TIMED_WAITING
        at sun.misc.Unsafe.park(Native Method)
        at java.util.concurrent.locks.LockSupport.parkNanos(LockSupport.java:215)
        at java.util.concurrent.locks.AbstractQueuedSynchronizer$ConditionObject.awaitNanos(AbstractQueuedSynchronizer.java:2078)
        at java.util.concurrent.LinkedBlockingQueue.poll(LinkedBlockingQueue.java:467)
        at org.apache.hadoop.hdds.scm.server.ContainerReportQueue.poll(ContainerReportQueue.java:266)
        at org.apache.hadoop.hdds.scm.server.ContainerReportQueue.poll(ContainerReportQueue.java:42)
        at org.apache.hadoop.hdds.server.events.FixedThreadPoolWithAffinityExecutor$ContainerReportProcessTask.run(FixedThreadPoolWithAffinityExecutor.java:218)
        at java.util.concurrent.Executors$RunnableAdapter.call(Executors.java:511)
        at java.util.concurrent.FutureTask.run(FutureTask.java:266)
        at java.util.concurrent.ThreadPoolExecutor.runWorker(ThreadPoolExecutor.java:1149)
        at java.util.concurrent.ThreadPoolExecutor$Worker.run(ThreadPoolExecutor.java:624)
        at java.lang.Thread.run(Thread.java:750)
"Datanode ReportManager Thread - 0" daemon prio=5 tid=222 in Object.wait()
java.lang.Thread.State: WAITING (on object monitor)
        at sun.misc.Unsafe.park(Native Method)
        at java.util.concurrent.locks.LockSupport.park(LockSupport.java:175)
        at java.util.concurrent.locks.AbstractQueuedSynchronizer$ConditionObject.await(AbstractQueuedSynchronizer.java:2039)
        at java.util.concurrent.ScheduledThreadPoolExecutor$DelayedWorkQueue.take(ScheduledThreadPoolExecutor.java:1088)
        at java.util.concurrent.ScheduledThreadPoolExecutor$DelayedWorkQueue.take(ScheduledThreadPoolExecutor.java:809)
        at java.util.concurrent.ThreadPoolExecutor.getTask(ThreadPoolExecutor.java:1074)
        at java.util.concurrent.ThreadPoolExecutor.runWorker(ThreadPoolExecutor.java:1134)
        at java.util.concurrent.ThreadPoolExecutor$Worker.run(ThreadPoolExecutor.java:624)
        at java.lang.Thread.run(Thread.java:750)
"StaleRecoveringContainerScrubbingService#2" daemon prio=5 tid=907 in Object.wait()
java.lang.Thread.State: WAITING (on object monitor)
        at sun.misc.Unsafe.park(Native Method)
        at java.util.concurrent.locks.LockSupport.park(LockSupport.java:175)
        at java.util.concurrent.locks.AbstractQueuedSynchronizer$ConditionObject.await(AbstractQueuedSynchronizer.java:2039)
        at java.util.concurrent.ScheduledThreadPoolExecutor$DelayedWorkQueue.take(ScheduledThreadPoolExecutor.java:1088)
        at java.util.concurrent.ScheduledThreadPoolExecutor$DelayedWorkQueue.take(ScheduledThreadPoolExecutor.java:809)
        at java.util.concurrent.ThreadPoolExecutor.getTask(ThreadPoolExecutor.java:1074)
        at java.util.concurrent.ThreadPoolExecutor.runWorker(ThreadPoolExecutor.java:1134)
        at java.util.concurrent.ThreadPoolExecutor$Worker.run(ThreadPoolExecutor.java:624)
        at java.lang.Thread.run(Thread.java:750)
"Datanode ReportManager Thread - 1" daemon prio=5 tid=275 in Object.wait()
java.lang.Thread.State: WAITING (on object monitor)
        at sun.misc.Unsafe.park(Native Method)
        at java.util.concurrent.locks.LockSupport.park(LockSupport.java:175)
        at java.util.concurrent.locks.AbstractQueuedSynchronizer$ConditionObject.await(AbstractQueuedSynchronizer.java:2039)
        at java.util.concurrent.ScheduledThreadPoolExecutor$DelayedWorkQueue.take(ScheduledThreadPoolExecutor.java:1088)
        at java.util.concurrent.ScheduledThreadPoolExecutor$DelayedWorkQueue.take(ScheduledThreadPoolExecutor.java:809)
        at java.util.concurrent.ThreadPoolExecutor.getTask(ThreadPoolExecutor.java:1074)
        at java.util.concurrent.ThreadPoolExecutor.runWorker(ThreadPoolExecutor.java:1134)
        at java.util.concurrent.ThreadPoolExecutor$Worker.run(ThreadPoolExecutor.java:624)
        at java.lang.Thread.run(Thread.java:750)
"c56757ad-2923-4297-8741-c606545d9a52@group-4C9F1E15A7B6->97cc06fc-4025-4c76-bebd-c1d7b79fe413-GrpcLogAppender-LogAppenderDaemon" daemon prio=5 tid=805 timed_waiting
java.lang.Thread.State: TIMED_WAITING
        at sun.misc.Unsafe.park(Native Method)
        at java.util.concurrent.locks.LockSupport.parkNanos(LockSupport.java:215)
        at java.util.concurrent.CompletableFuture$Signaller.block(CompletableFuture.java:1709)
        at java.util.concurrent.ForkJoinPool.managedBlock(ForkJoinPool.java:3323)
        at java.util.concurrent.CompletableFuture.timedGet(CompletableFuture.java:1788)
        at java.util.concurrent.CompletableFuture.get(CompletableFuture.java:1928)
        at org.apache.ratis.util.AwaitForSignal.await(AwaitForSignal.java:56)
        at org.apache.ratis.grpc.server.GrpcLogAppender.mayWait(GrpcLogAppender.java:198)
        at org.apache.ratis.grpc.server.GrpcLogAppender.run(GrpcLogAppender.java:148)
        at org.apache.ratis.server.leader.LogAppenderDaemon.run(LogAppenderDaemon.java:78)
        at org.apache.ratis.server.leader.LogAppenderDaemon$$Lambda$1043/1122129781.run(Unknown Source)
        at java.lang.Thread.run(Thread.java:750)
"ChunkWriter-1-0" daemon prio=5 tid=533 in Object.wait()
java.lang.Thread.State: WAITING (on object monitor)
        at sun.misc.Unsafe.park(Native Method)
        at java.util.concurrent.locks.LockSupport.park(LockSupport.java:175)
        at java.util.concurrent.locks.AbstractQueuedSynchronizer$ConditionObject.await(AbstractQueuedSynchronizer.java:2039)
        at java.util.concurrent.LinkedBlockingDeque.takeFirst(LinkedBlockingDeque.java:492)
        at java.util.concurrent.LinkedBlockingDeque.take(LinkedBlockingDeque.java:680)
        at java.util.concurrent.ThreadPoolExecutor.getTask(ThreadPoolExecutor.java:1074)
        at java.util.concurrent.ThreadPoolExecutor.runWorker(ThreadPoolExecutor.java:1134)
        at java.util.concurrent.ThreadPoolExecutor$Worker.run(ThreadPoolExecutor.java:624)
        at java.lang.Thread.run(Thread.java:750)
"pool-207-thread-1" daemon prio=5 tid=352 timed_waiting
java.lang.Thread.State: TIMED_WAITING
        at sun.misc.Unsafe.park(Native Method)
        at java.util.concurrent.locks.LockSupport.parkNanos(LockSupport.java:215)
        at java.util.concurrent.locks.AbstractQueuedSynchronizer$ConditionObject.awaitNanos(AbstractQueuedSynchronizer.java:2078)
        at java.util.concurrent.ScheduledThreadPoolExecutor$DelayedWorkQueue.take(ScheduledThreadPoolExecutor.java:1093)
        at java.util.concurrent.ScheduledThreadPoolExecutor$DelayedWorkQueue.take(ScheduledThreadPoolExecutor.java:809)
        at java.util.concurrent.ThreadPoolExecutor.getTask(ThreadPoolExecutor.java:1074)
        at java.util.concurrent.ThreadPoolExecutor.runWorker(ThreadPoolExecutor.java:1134)
        at java.util.concurrent.ThreadPoolExecutor$Worker.run(ThreadPoolExecutor.java:624)
        at java.lang.Thread.run(Thread.java:750)
"Session-HouseKeeper-472f2a80-1"  prio=5 tid=220 timed_waiting
java.lang.Thread.State: TIMED_WAITING
        at sun.misc.Unsafe.park(Native Method)
        at java.util.concurrent.locks.LockSupport.parkNanos(LockSupport.java:215)
        at java.util.concurrent.locks.AbstractQueuedSynchronizer$ConditionObject.awaitNanos(AbstractQueuedSynchronizer.java:2078)
        at java.util.concurrent.ScheduledThreadPoolExecutor$DelayedWorkQueue.take(ScheduledThreadPoolExecutor.java:1093)
        at java.util.concurrent.ScheduledThreadPoolExecutor$DelayedWorkQueue.take(ScheduledThreadPoolExecutor.java:809)
        at java.util.concurrent.ThreadPoolExecutor.getTask(ThreadPoolExecutor.java:1074)
        at java.util.concurrent.ThreadPoolExecutor.runWorker(ThreadPoolExecutor.java:1134)
        at java.util.concurrent.ThreadPoolExecutor$Worker.run(ThreadPoolExecutor.java:624)
        at java.lang.Thread.run(Thread.java:750)
"qtp1308741443-218" daemon prio=5 tid=218 timed_waiting
java.lang.Thread.State: TIMED_WAITING
        at sun.misc.Unsafe.park(Native Method)
        at java.util.concurrent.locks.LockSupport.parkNanos(LockSupport.java:215)
        at java.util.concurrent.locks.AbstractQueuedSynchronizer$ConditionObject.awaitNanos(AbstractQueuedSynchronizer.java:2078)
        at org.eclipse.jetty.util.BlockingArrayQueue.poll(BlockingArrayQueue.java:382)
        at org.eclipse.jetty.util.thread.QueuedThreadPool$Runner.idleJobPoll(QueuedThreadPool.java:974)
        at org.eclipse.jetty.util.thread.QueuedThreadPool$Runner.run(QueuedThreadPool.java:1018)
        at java.lang.Thread.run(Thread.java:750)
"IPC Server handler 1 on default port 34339" daemon prio=5 tid=48 timed_waiting
java.lang.Thread.State: TIMED_WAITING
        at sun.misc.Unsafe.park(Native Method)
        at java.util.concurrent.locks.LockSupport.parkNanos(LockSupport.java:215)
        at java.util.concurrent.locks.AbstractQueuedSynchronizer$ConditionObject.awaitNanos(AbstractQueuedSynchronizer.java:2078)
        at java.util.concurrent.LinkedBlockingQueue.poll(LinkedBlockingQueue.java:467)
        at org.apache.hadoop.ipc.CallQueueManager.take(CallQueueManager.java:317)
        at org.apache.hadoop.ipc.Server$Handler.run(Server.java:2942)
"44bea1f4-43dd-4415-bb4e-4e9896dd68f6-server-thread4" daemon prio=5 tid=895 timed_waiting
java.lang.Thread.State: TIMED_WAITING
        at sun.misc.Unsafe.park(Native Method)
        at java.util.concurrent.locks.LockSupport.parkNanos(LockSupport.java:215)
        at java.util.concurrent.SynchronousQueue$TransferStack.awaitFulfill(SynchronousQueue.java:460)
        at java.util.concurrent.SynchronousQueue$TransferStack.transfer(SynchronousQueue.java:362)
        at java.util.concurrent.SynchronousQueue.poll(SynchronousQueue.java:941)
        at java.util.concurrent.ThreadPoolExecutor.getTask(ThreadPoolExecutor.java:1073)
        at java.util.concurrent.ThreadPoolExecutor.runWorker(ThreadPoolExecutor.java:1134)
        at java.util.concurrent.ThreadPoolExecutor$Worker.run(ThreadPoolExecutor.java:624)
        at java.lang.Thread.run(Thread.java:750)
"BlockDeletingService#1" daemon prio=5 tid=494 timed_waiting
java.lang.Thread.State: TIMED_WAITING
        at sun.misc.Unsafe.park(Native Method)
        at java.util.concurrent.locks.LockSupport.parkNanos(LockSupport.java:215)
        at java.util.concurrent.locks.AbstractQueuedSynchronizer$ConditionObject.awaitNanos(AbstractQueuedSynchronizer.java:2078)
        at java.util.concurrent.ScheduledThreadPoolExecutor$DelayedWorkQueue.take(ScheduledThreadPoolExecutor.java:1093)
        at java.util.concurrent.ScheduledThreadPoolExecutor$DelayedWorkQueue.take(ScheduledThreadPoolExecutor.java:809)
        at java.util.concurrent.ThreadPoolExecutor.getTask(ThreadPoolExecutor.java:1074)
        at java.util.concurrent.ThreadPoolExecutor.runWorker(ThreadPoolExecutor.java:1134)
        at java.util.concurrent.ThreadPoolExecutor$Worker.run(ThreadPoolExecutor.java:624)
        at java.lang.Thread.run(Thread.java:750)
"Datanode State Machine Task Thread - 0"  prio=5 tid=374 in Object.wait()
java.lang.Thread.State: WAITING (on object monitor)
        at sun.misc.Unsafe.park(Native Method)
        at java.util.concurrent.locks.LockSupport.park(LockSupport.java:175)
        at java.util.concurrent.locks.AbstractQueuedSynchronizer$ConditionObject.await(AbstractQueuedSynchronizer.java:2039)
        at java.util.concurrent.LinkedBlockingQueue.take(LinkedBlockingQueue.java:442)
        at java.util.concurrent.ThreadPoolExecutor.getTask(ThreadPoolExecutor.java:1074)
        at java.util.concurrent.ThreadPoolExecutor.runWorker(ThreadPoolExecutor.java:1134)
        at java.util.concurrent.ThreadPoolExecutor$Worker.run(ThreadPoolExecutor.java:624)
        at java.lang.Thread.run(Thread.java:750)
"grpc-default-boss-ELG-1-1" daemon prio=5 tid=138 runnable
java.lang.Thread.State: RUNNABLE
        at org.apache.ratis.thirdparty.io.netty.channel.epoll.Native.epollWait(Native Method)
        at org.apache.ratis.thirdparty.io.netty.channel.epoll.Native.epollWait(Native.java:209)
        at org.apache.ratis.thirdparty.io.netty.channel.epoll.Native.epollWait(Native.java:202)
        at org.apache.ratis.thirdparty.io.netty.channel.epoll.EpollEventLoop.epollWaitNoTimerChange(EpollEventLoop.java:294)
        at org.apache.ratis.thirdparty.io.netty.channel.epoll.EpollEventLoop.run(EpollEventLoop.java:351)
        at org.apache.ratis.thirdparty.io.netty.util.concurrent.SingleThreadEventExecutor$4.run(SingleThreadEventExecutor.java:995)
        at org.apache.ratis.thirdparty.io.netty.util.internal.ThreadExecutorMap$2.run(ThreadExecutorMap.java:74)
        at org.apache.ratis.thirdparty.io.netty.util.concurrent.FastThreadLocalRunnable.run(FastThreadLocalRunnable.java:30)
        at java.lang.Thread.run(Thread.java:750)
"StaleRecoveringContainerScrubbingService#0" daemon prio=5 tid=382 in Object.wait()
java.lang.Thread.State: WAITING (on object monitor)
        at sun.misc.Unsafe.park(Native Method)
        at java.util.concurrent.locks.LockSupport.park(LockSupport.java:175)
        at java.util.concurrent.locks.AbstractQueuedSynchronizer$ConditionObject.await(AbstractQueuedSynchronizer.java:2039)
        at java.util.concurrent.ScheduledThreadPoolExecutor$DelayedWorkQueue.take(ScheduledThreadPoolExecutor.java:1088)
        at java.util.concurrent.ScheduledThreadPoolExecutor$DelayedWorkQueue.take(ScheduledThreadPoolExecutor.java:809)
        at java.util.concurrent.ThreadPoolExecutor.getTask(ThreadPoolExecutor.java:1074)
        at java.util.concurrent.ThreadPoolExecutor.runWorker(ThreadPoolExecutor.java:1134)
        at java.util.concurrent.ThreadPoolExecutor$Worker.run(ThreadPoolExecutor.java:624)
        at java.lang.Thread.run(Thread.java:750)
"IPC Server idle connection scanner for port 34173" daemon prio=5 tid=25 timed_waiting
java.lang.Thread.State: TIMED_WAITING
        at java.lang.Object.wait(Native Method)
        at java.util.TimerThread.mainLoop(Timer.java:552)
        at java.util.TimerThread.run(Timer.java:505)
"org.apache.hadoop.ozone.container.common.statemachine.commandhandler.DeleteBlocksCommandHandler$DeleteCmdWorker@40487b38" daemon prio=5 tid=262 timed_waiting
java.lang.Thread.State: TIMED_WAITING
        at java.lang.Thread.sleep(Native Method)
        at org.apache.hadoop.ozone.container.common.statemachine.commandhandler.DeleteBlocksCommandHandler$DeleteCmdWorker.run(DeleteBlocksCommandHandler.java:183)
        at java.lang.Thread.run(Thread.java:750)
"DatanodeAdminManager-0" daemon prio=5 tid=21 timed_waiting
java.lang.Thread.State: TIMED_WAITING
        at sun.misc.Unsafe.park(Native Method)
        at java.util.concurrent.locks.LockSupport.parkNanos(LockSupport.java:215)
        at java.util.concurrent.locks.AbstractQueuedSynchronizer$ConditionObject.awaitNanos(AbstractQueuedSynchronizer.java:2078)
        at java.util.concurrent.ScheduledThreadPoolExecutor$DelayedWorkQueue.take(ScheduledThreadPoolExecutor.java:1093)
        at java.util.concurrent.ScheduledThreadPoolExecutor$DelayedWorkQueue.take(ScheduledThreadPoolExecutor.java:809)
        at java.util.concurrent.ThreadPoolExecutor.getTask(ThreadPoolExecutor.java:1074)
        at java.util.concurrent.ThreadPoolExecutor.runWorker(ThreadPoolExecutor.java:1134)
        at java.util.concurrent.ThreadPoolExecutor$Worker.run(ThreadPoolExecutor.java:624)
        at java.lang.Thread.run(Thread.java:750)
"qtp1784709811-290" daemon prio=5 tid=290 runnable
java.lang.Thread.State: RUNNABLE
        at sun.nio.ch.EPollArrayWrapper.epollWait(Native Method)
        at sun.nio.ch.EPollArrayWrapper.poll(EPollArrayWrapper.java:269)
        at sun.nio.ch.EPollSelectorImpl.doSelect(EPollSelectorImpl.java:93)
        at sun.nio.ch.SelectorImpl.lockAndDoSelect(SelectorImpl.java:86)
        at sun.nio.ch.SelectorImpl.select(SelectorImpl.java:97)
        at sun.nio.ch.SelectorImpl.select(SelectorImpl.java:101)
        at org.eclipse.jetty.io.ManagedSelector.nioSelect(ManagedSelector.java:183)
        at org.eclipse.jetty.io.ManagedSelector.select(ManagedSelector.java:190)
        at org.eclipse.jetty.io.ManagedSelector$SelectorProducer.select(ManagedSelector.java:606)
        at org.eclipse.jetty.io.ManagedSelector$SelectorProducer.produce(ManagedSelector.java:543)
        at org.eclipse.jetty.util.thread.strategy.EatWhatYouKill.produceTask(EatWhatYouKill.java:362)
        at org.eclipse.jetty.util.thread.strategy.EatWhatYouKill.doProduce(EatWhatYouKill.java:186)
        at org.eclipse.jetty.util.thread.strategy.EatWhatYouKill.tryProduce(EatWhatYouKill.java:173)
        at org.eclipse.jetty.util.thread.strategy.EatWhatYouKill.produce(EatWhatYouKill.java:137)
        at org.eclipse.jetty.io.ManagedSelector$$Lambda$446/1576513034.run(Unknown Source)
        at org.eclipse.jetty.util.thread.QueuedThreadPool.runJob(QueuedThreadPool.java:883)
        at org.eclipse.jetty.util.thread.QueuedThreadPool$Runner.run(QueuedThreadPool.java:1034)
        at java.lang.Thread.run(Thread.java:750)
"Datanode State Machine Daemon Thread" daemon prio=5 tid=193 timed_waiting
java.lang.Thread.State: TIMED_WAITING
        at java.lang.Thread.sleep(Native Method)
        at org.apache.hadoop.ozone.container.common.statemachine.DatanodeStateMachine.startStateMachineThread(DatanodeStateMachine.java:321)
        at org.apache.hadoop.ozone.container.common.statemachine.DatanodeStateMachine.lambda$startDaemon$0(DatanodeStateMachine.java:506)
        at org.apache.hadoop.ozone.container.common.statemachine.DatanodeStateMachine$$Lambda$751/1278416571.run(Unknown Source)
        at java.lang.Thread.run(Thread.java:750)
"qtp1308741443-217" daemon prio=5 tid=217 timed_waiting
java.lang.Thread.State: TIMED_WAITING
        at sun.misc.Unsafe.park(Native Method)
        at java.util.concurrent.locks.LockSupport.parkNanos(LockSupport.java:215)
        at java.util.concurrent.locks.AbstractQueuedSynchronizer$ConditionObject.awaitNanos(AbstractQueuedSynchronizer.java:2078)
        at org.eclipse.jetty.util.BlockingArrayQueue.poll(BlockingArrayQueue.java:382)
        at org.eclipse.jetty.util.thread.QueuedThreadPool$Runner.idleJobPoll(QueuedThreadPool.java:974)
        at org.eclipse.jetty.util.thread.QueuedThreadPool$Runner.run(QueuedThreadPool.java:1018)
        at java.lang.Thread.run(Thread.java:750)
"IPC Server handler 9 on default port 34173" daemon prio=5 tid=96 timed_waiting
java.lang.Thread.State: TIMED_WAITING
        at sun.misc.Unsafe.park(Native Method)
        at java.util.concurrent.locks.LockSupport.parkNanos(LockSupport.java:215)
        at java.util.concurrent.locks.AbstractQueuedSynchronizer$ConditionObject.awaitNanos(AbstractQueuedSynchronizer.java:2078)
        at java.util.concurrent.LinkedBlockingQueue.poll(LinkedBlockingQueue.java:467)
        at org.apache.hadoop.ipc.CallQueueManager.take(CallQueueManager.java:317)
        at org.apache.hadoop.ipc.Server$Handler.run(Server.java:2942)
"EventQueue-DatanodeCommandForSCMNodeManager"  prio=5 tid=468 in Object.wait()
java.lang.Thread.State: WAITING (on object monitor)
        at sun.misc.Unsafe.park(Native Method)
        at java.util.concurrent.locks.LockSupport.park(LockSupport.java:175)
        at java.util.concurrent.locks.AbstractQueuedSynchronizer$ConditionObject.await(AbstractQueuedSynchronizer.java:2039)
        at java.util.concurrent.LinkedBlockingQueue.take(LinkedBlockingQueue.java:442)
        at java.util.concurrent.ThreadPoolExecutor.getTask(ThreadPoolExecutor.java:1074)
        at java.util.concurrent.ThreadPoolExecutor.runWorker(ThreadPoolExecutor.java:1134)
        at java.util.concurrent.ThreadPoolExecutor$Worker.run(ThreadPoolExecutor.java:624)
        at java.lang.Thread.run(Thread.java:750)
"BlockDeletingService#0" daemon prio=5 tid=410 in Object.wait()
java.lang.Thread.State: WAITING (on object monitor)
        at sun.misc.Unsafe.park(Native Method)
        at java.util.concurrent.locks.LockSupport.park(LockSupport.java:175)
        at java.util.concurrent.locks.AbstractQueuedSynchronizer$ConditionObject.await(AbstractQueuedSynchronizer.java:2039)
        at java.util.concurrent.ScheduledThreadPoolExecutor$DelayedWorkQueue.take(ScheduledThreadPoolExecutor.java:1088)
        at java.util.concurrent.ScheduledThreadPoolExecutor$DelayedWorkQueue.take(ScheduledThreadPoolExecutor.java:809)
        at java.util.concurrent.ThreadPoolExecutor.getTask(ThreadPoolExecutor.java:1074)
        at java.util.concurrent.ThreadPoolExecutor.runWorker(ThreadPoolExecutor.java:1134)
        at java.util.concurrent.ThreadPoolExecutor$Worker.run(ThreadPoolExecutor.java:624)
        at java.lang.Thread.run(Thread.java:750)
"org.apache.hadoop.ozone.container.common.statemachine.commandhandler.DeleteBlocksCommandHandler$DeleteCmdWorker@3c422742" daemon prio=5 tid=393 timed_waiting
java.lang.Thread.State: TIMED_WAITING
        at java.lang.Thread.sleep(Native Method)
        at org.apache.hadoop.ozone.container.common.statemachine.commandhandler.DeleteBlocksCommandHandler$DeleteCmdWorker.run(DeleteBlocksCommandHandler.java:183)
        at java.lang.Thread.run(Thread.java:750)
"b385a6e1-c61e-4aaf-9536-8cc86fe51578@group-0B3F8550F3C8-StateMachineUpdater" daemon prio=5 tid=681 timed_waiting
java.lang.Thread.State: TIMED_WAITING
        at sun.misc.Unsafe.park(Native Method)
        at java.util.concurrent.locks.LockSupport.parkNanos(LockSupport.java:215)
        at java.util.concurrent.CompletableFuture$Signaller.block(CompletableFuture.java:1709)
        at java.util.concurrent.ForkJoinPool.managedBlock(ForkJoinPool.java:3323)
        at java.util.concurrent.CompletableFuture.timedGet(CompletableFuture.java:1788)
        at java.util.concurrent.CompletableFuture.get(CompletableFuture.java:1928)
        at org.apache.ratis.util.AwaitForSignal.await(AwaitForSignal.java:56)
        at org.apache.ratis.server.impl.StateMachineUpdater.waitForCommit(StateMachineUpdater.java:207)
        at org.apache.ratis.server.impl.StateMachineUpdater.run(StateMachineUpdater.java:176)
        at java.lang.Thread.run(Thread.java:750)
"om1@group-C5BA1605619E-StateMachineUpdater" daemon prio=5 tid=137 timed_waiting
java.lang.Thread.State: TIMED_WAITING
        at sun.misc.Unsafe.park(Native Method)
        at java.util.concurrent.locks.LockSupport.parkNanos(LockSupport.java:215)
        at java.util.concurrent.CompletableFuture$Signaller.block(CompletableFuture.java:1709)
        at java.util.concurrent.ForkJoinPool.managedBlock(ForkJoinPool.java:3323)
        at java.util.concurrent.CompletableFuture.timedGet(CompletableFuture.java:1788)
        at java.util.concurrent.CompletableFuture.get(CompletableFuture.java:1928)
        at org.apache.ratis.util.AwaitForSignal.await(AwaitForSignal.java:56)
        at org.apache.ratis.server.impl.StateMachineUpdater.waitForCommit(StateMachineUpdater.java:207)
        at org.apache.ratis.server.impl.StateMachineUpdater.run(StateMachineUpdater.java:176)
        at java.lang.Thread.run(Thread.java:750)
"timer0" daemon prio=5 tid=806 timed_waiting
java.lang.Thread.State: TIMED_WAITING
        at java.lang.Object.wait(Native Method)
        at java.util.TimerThread.mainLoop(Timer.java:552)
        at java.util.TimerThread.run(Timer.java:505)
"Command processor thread" daemon prio=5 tid=458 timed_waiting
java.lang.Thread.State: TIMED_WAITING
        at java.lang.Thread.sleep(Native Method)
        at org.apache.hadoop.ozone.container.common.statemachine.DatanodeStateMachine.lambda$initCommandHandlerThread$3(DatanodeStateMachine.java:641)
        at org.apache.hadoop.ozone.container.common.statemachine.DatanodeStateMachine$$Lambda$753/651253568.run(Unknown Source)
        at java.lang.Thread.run(Thread.java:750)
"ChunkWriter-0-0" daemon prio=5 tid=520 in Object.wait()
java.lang.Thread.State: WAITING (on object monitor)
        at sun.misc.Unsafe.park(Native Method)
        at java.util.concurrent.locks.LockSupport.park(LockSupport.java:175)
        at java.util.concurrent.locks.AbstractQueuedSynchronizer$ConditionObject.await(AbstractQueuedSynchronizer.java:2039)
        at java.util.concurrent.LinkedBlockingDeque.takeFirst(LinkedBlockingDeque.java:492)
        at java.util.concurrent.LinkedBlockingDeque.take(LinkedBlockingDeque.java:680)
        at java.util.concurrent.ThreadPoolExecutor.getTask(ThreadPoolExecutor.java:1074)
        at java.util.concurrent.ThreadPoolExecutor.runWorker(ThreadPoolExecutor.java:1134)
        at java.util.concurrent.ThreadPoolExecutor$Worker.run(ThreadPoolExecutor.java:624)
        at java.lang.Thread.run(Thread.java:750)
"IPC Client (814583272) connection to 0.0.0.0/0.0.0.0:34173 from runner" daemon prio=5 tid=310 timed_waiting
java.lang.Thread.State: TIMED_WAITING
        at java.lang.Object.wait(Native Method)
        at org.apache.hadoop.ipc.Client$Connection.waitForWork(Client.java:1086)
        at org.apache.hadoop.ipc.Client$Connection.run(Client.java:1133)
"pool-127-thread-1"  prio=5 tid=237 timed_waiting
java.lang.Thread.State: TIMED_WAITING
        at sun.misc.Unsafe.park(Native Method)
        at java.util.concurrent.locks.LockSupport.parkNanos(LockSupport.java:215)
        at java.util.concurrent.locks.AbstractQueuedSynchronizer$ConditionObject.awaitNanos(AbstractQueuedSynchronizer.java:2078)
        at java.util.concurrent.ScheduledThreadPoolExecutor$DelayedWorkQueue.take(ScheduledThreadPoolExecutor.java:1093)
        at java.util.concurrent.ScheduledThreadPoolExecutor$DelayedWorkQueue.take(ScheduledThreadPoolExecutor.java:809)
        at java.util.concurrent.ThreadPoolExecutor.getTask(ThreadPoolExecutor.java:1074)
        at java.util.concurrent.ThreadPoolExecutor.runWorker(ThreadPoolExecutor.java:1134)
        at java.util.concurrent.ThreadPoolExecutor$Worker.run(ThreadPoolExecutor.java:624)
        at java.lang.Thread.run(Thread.java:750)
"IPC Server handler 14 on default port 34735" daemon prio=5 tid=168 timed_waiting
java.lang.Thread.State: TIMED_WAITING
        at sun.misc.Unsafe.park(Native Method)
        at java.util.concurrent.locks.LockSupport.parkNanos(LockSupport.java:215)
        at java.util.concurrent.locks.AbstractQueuedSynchronizer$ConditionObject.awaitNanos(AbstractQueuedSynchronizer.java:2078)
        at java.util.concurrent.LinkedBlockingQueue.poll(LinkedBlockingQueue.java:467)
        at org.apache.hadoop.ipc.CallQueueManager.take(CallQueueManager.java:317)
        at org.apache.hadoop.ipc.Server$Handler.run(Server.java:2942)
"IPC Server handler 16 on default port 34735" daemon prio=5 tid=170 timed_waiting
java.lang.Thread.State: TIMED_WAITING
        at sun.misc.Unsafe.park(Native Method)
        at java.util.concurrent.locks.LockSupport.parkNanos(LockSupport.java:215)
        at java.util.concurrent.locks.AbstractQueuedSynchronizer$ConditionObject.awaitNanos(AbstractQueuedSynchronizer.java:2078)
        at java.util.concurrent.LinkedBlockingQueue.poll(LinkedBlockingQueue.java:467)
        at org.apache.hadoop.ipc.CallQueueManager.take(CallQueueManager.java:317)
        at org.apache.hadoop.ipc.Server$Handler.run(Server.java:2942)
"ChunkWriter-1-0" daemon prio=5 tid=558 in Object.wait()
java.lang.Thread.State: WAITING (on object monitor)
        at sun.misc.Unsafe.park(Native Method)
        at java.util.concurrent.locks.LockSupport.park(LockSupport.java:175)
        at java.util.concurrent.locks.AbstractQueuedSynchronizer$ConditionObject.await(AbstractQueuedSynchronizer.java:2039)
        at java.util.concurrent.LinkedBlockingDeque.takeFirst(LinkedBlockingDeque.java:492)
        at java.util.concurrent.LinkedBlockingDeque.take(LinkedBlockingDeque.java:680)
        at java.util.concurrent.ThreadPoolExecutor.getTask(ThreadPoolExecutor.java:1074)
        at java.util.concurrent.ThreadPoolExecutor.runWorker(ThreadPoolExecutor.java:1134)
        at java.util.concurrent.ThreadPoolExecutor$Worker.run(ThreadPoolExecutor.java:624)
        at java.lang.Thread.run(Thread.java:750)
"274c4b45-19e0-452f-8d1e-585a77537937-server-thread2" daemon prio=5 tid=870 timed_waiting
java.lang.Thread.State: TIMED_WAITING
        at sun.misc.Unsafe.park(Native Method)
        at java.util.concurrent.locks.LockSupport.parkNanos(LockSupport.java:215)
        at java.util.concurrent.SynchronousQueue$TransferStack.awaitFulfill(SynchronousQueue.java:460)
        at java.util.concurrent.SynchronousQueue$TransferStack.transfer(SynchronousQueue.java:362)
        at java.util.concurrent.SynchronousQueue.poll(SynchronousQueue.java:941)
        at java.util.concurrent.ThreadPoolExecutor.getTask(ThreadPoolExecutor.java:1073)
        at java.util.concurrent.ThreadPoolExecutor.runWorker(ThreadPoolExecutor.java:1134)
        at java.util.concurrent.ThreadPoolExecutor$Worker.run(ThreadPoolExecutor.java:624)
        at java.lang.Thread.run(Thread.java:750)
"EventQueue-StaleNodeForStaleNodeHandler" daemon prio=5 tid=815 in Object.wait()
java.lang.Thread.State: WAITING (on object monitor)
        at sun.misc.Unsafe.park(Native Method)
        at java.util.concurrent.locks.LockSupport.park(LockSupport.java:175)
        at java.util.concurrent.locks.AbstractQueuedSynchronizer$ConditionObject.await(AbstractQueuedSynchronizer.java:2039)
        at java.util.concurrent.LinkedBlockingQueue.take(LinkedBlockingQueue.java:442)
        at java.util.concurrent.ThreadPoolExecutor.getTask(ThreadPoolExecutor.java:1074)
        at java.util.concurrent.ThreadPoolExecutor.runWorker(ThreadPoolExecutor.java:1134)
        at java.util.concurrent.ThreadPoolExecutor$Worker.run(ThreadPoolExecutor.java:624)
        at java.lang.Thread.run(Thread.java:750)
"Datanode State Machine Task Thread - 0"  prio=5 tid=422 in Object.wait()
java.lang.Thread.State: WAITING (on object monitor)
        at sun.misc.Unsafe.park(Native Method)
        at java.util.concurrent.locks.LockSupport.park(LockSupport.java:175)
        at java.util.concurrent.locks.AbstractQueuedSynchronizer$ConditionObject.await(AbstractQueuedSynchronizer.java:2039)
        at java.util.concurrent.LinkedBlockingQueue.take(LinkedBlockingQueue.java:442)
        at java.util.concurrent.ThreadPoolExecutor.getTask(ThreadPoolExecutor.java:1074)
        at java.util.concurrent.ThreadPoolExecutor.runWorker(ThreadPoolExecutor.java:1134)
        at java.util.concurrent.ThreadPoolExecutor$Worker.run(ThreadPoolExecutor.java:624)
        at java.lang.Thread.run(Thread.java:750)
"Datanode ReportManager Thread - 1" daemon prio=5 tid=368 timed_waiting
java.lang.Thread.State: TIMED_WAITING
        at sun.misc.Unsafe.park(Native Method)
        at java.util.concurrent.locks.LockSupport.parkNanos(LockSupport.java:215)
        at java.util.concurrent.locks.AbstractQueuedSynchronizer$ConditionObject.awaitNanos(AbstractQueuedSynchronizer.java:2078)
        at java.util.concurrent.ScheduledThreadPoolExecutor$DelayedWorkQueue.take(ScheduledThreadPoolExecutor.java:1093)
        at java.util.concurrent.ScheduledThreadPoolExecutor$DelayedWorkQueue.take(ScheduledThreadPoolExecutor.java:809)
        at java.util.concurrent.ThreadPoolExecutor.getTask(ThreadPoolExecutor.java:1074)
        at java.util.concurrent.ThreadPoolExecutor.runWorker(ThreadPoolExecutor.java:1134)
        at java.util.concurrent.ThreadPoolExecutor$Worker.run(ThreadPoolExecutor.java:624)
        at java.lang.Thread.run(Thread.java:750)
"3fdd4c6e-2961-42ba-90d3-b5f169a49f15@group-EA947C079E8C-FollowerState" daemon prio=5 tid=884 timed_waiting
java.lang.Thread.State: TIMED_WAITING
        at java.lang.Thread.sleep(Native Method)
        at java.lang.Thread.sleep(Thread.java:342)
        at java.util.concurrent.TimeUnit.sleep(TimeUnit.java:386)
        at org.apache.ratis.util.TimeDuration.sleep(TimeDuration.java:325)
        at org.apache.ratis.util.TimeDuration.sleep(TimeDuration.java:310)
        at org.apache.ratis.server.impl.FollowerState.run(FollowerState.java:128)
"StaleRecoveringContainerScrubbingService#0" daemon prio=5 tid=449 in Object.wait()
java.lang.Thread.State: WAITING (on object monitor)
        at sun.misc.Unsafe.park(Native Method)
        at java.util.concurrent.locks.LockSupport.park(LockSupport.java:175)
        at java.util.concurrent.locks.AbstractQueuedSynchronizer$ConditionObject.await(AbstractQueuedSynchronizer.java:2039)
        at java.util.concurrent.ScheduledThreadPoolExecutor$DelayedWorkQueue.take(ScheduledThreadPoolExecutor.java:1088)
        at java.util.concurrent.ScheduledThreadPoolExecutor$DelayedWorkQueue.take(ScheduledThreadPoolExecutor.java:809)
        at java.util.concurrent.ThreadPoolExecutor.getTask(ThreadPoolExecutor.java:1074)
        at java.util.concurrent.ThreadPoolExecutor.runWorker(ThreadPoolExecutor.java:1134)
        at java.util.concurrent.ThreadPoolExecutor$Worker.run(ThreadPoolExecutor.java:624)
        at java.lang.Thread.run(Thread.java:750)
"pool-134-thread-1" daemon prio=5 tid=259 timed_waiting
java.lang.Thread.State: TIMED_WAITING
        at sun.misc.Unsafe.park(Native Method)
        at java.util.concurrent.locks.LockSupport.parkNanos(LockSupport.java:215)
        at java.util.concurrent.locks.AbstractQueuedSynchronizer$ConditionObject.awaitNanos(AbstractQueuedSynchronizer.java:2078)
        at java.util.concurrent.ScheduledThreadPoolExecutor$DelayedWorkQueue.take(ScheduledThreadPoolExecutor.java:1093)
        at java.util.concurrent.ScheduledThreadPoolExecutor$DelayedWorkQueue.take(ScheduledThreadPoolExecutor.java:809)
        at java.util.concurrent.ThreadPoolExecutor.getTask(ThreadPoolExecutor.java:1074)
        at java.util.concurrent.ThreadPoolExecutor.runWorker(ThreadPoolExecutor.java:1134)
        at java.util.concurrent.ThreadPoolExecutor$Worker.run(ThreadPoolExecutor.java:624)
        at java.lang.Thread.run(Thread.java:750)
"qtp1308741443-216" daemon prio=5 tid=216 timed_waiting
java.lang.Thread.State: TIMED_WAITING
        at sun.misc.Unsafe.park(Native Method)
        at java.util.concurrent.locks.LockSupport.parkNanos(LockSupport.java:215)
        at java.util.concurrent.locks.AbstractQueuedSynchronizer$ConditionObject.awaitNanos(AbstractQueuedSynchronizer.java:2078)
        at org.eclipse.jetty.util.BlockingArrayQueue.poll(BlockingArrayQueue.java:382)
        at org.eclipse.jetty.util.thread.QueuedThreadPool$Runner.idleJobPoll(QueuedThreadPool.java:974)
        at org.eclipse.jetty.util.thread.QueuedThreadPool$Runner.run(QueuedThreadPool.java:1018)
        at java.lang.Thread.run(Thread.java:750)
"IPC Server idle connection scanner for port 34339" daemon prio=5 tid=33 timed_waiting
java.lang.Thread.State: TIMED_WAITING
        at java.lang.Object.wait(Native Method)
        at java.util.TimerThread.mainLoop(Timer.java:552)
        at java.util.TimerThread.run(Timer.java:505)
"44bea1f4-43dd-4415-bb4e-4e9896dd68f6@group-23E40B4D0DDA-StateMachineUpdater" daemon prio=5 tid=677 timed_waiting
java.lang.Thread.State: TIMED_WAITING
        at sun.misc.Unsafe.park(Native Method)
        at java.util.concurrent.locks.LockSupport.parkNanos(LockSupport.java:215)
        at java.util.concurrent.CompletableFuture$Signaller.block(CompletableFuture.java:1709)
        at java.util.concurrent.ForkJoinPool.managedBlock(ForkJoinPool.java:3323)
        at java.util.concurrent.CompletableFuture.timedGet(CompletableFuture.java:1788)
        at java.util.concurrent.CompletableFuture.get(CompletableFuture.java:1928)
        at org.apache.ratis.util.AwaitForSignal.await(AwaitForSignal.java:56)
        at org.apache.ratis.server.impl.StateMachineUpdater.waitForCommit(StateMachineUpdater.java:207)
        at org.apache.ratis.server.impl.StateMachineUpdater.run(StateMachineUpdater.java:176)
        at java.lang.Thread.run(Thread.java:750)
"Periodic HDDS volume checker" daemon prio=5 tid=205 timed_waiting
java.lang.Thread.State: TIMED_WAITING
        at sun.misc.Unsafe.park(Native Method)
        at java.util.concurrent.locks.LockSupport.parkNanos(LockSupport.java:215)
        at java.util.concurrent.locks.AbstractQueuedSynchronizer$ConditionObject.awaitNanos(AbstractQueuedSynchronizer.java:2078)
        at java.util.concurrent.ScheduledThreadPoolExecutor$DelayedWorkQueue.take(ScheduledThreadPoolExecutor.java:1093)
        at java.util.concurrent.ScheduledThreadPoolExecutor$DelayedWorkQueue.take(ScheduledThreadPoolExecutor.java:809)
        at java.util.concurrent.ThreadPoolExecutor.getTask(ThreadPoolExecutor.java:1074)
        at java.util.concurrent.ThreadPoolExecutor.runWorker(ThreadPoolExecutor.java:1134)
        at java.util.concurrent.ThreadPoolExecutor$Worker.run(ThreadPoolExecutor.java:624)
        at java.lang.Thread.run(Thread.java:750)
"IPC Server handler 15 on default port 36903" daemon prio=5 tid=82 timed_waiting
java.lang.Thread.State: TIMED_WAITING
        at sun.misc.Unsafe.park(Native Method)
        at java.util.concurrent.locks.LockSupport.parkNanos(LockSupport.java:215)
        at java.util.concurrent.locks.AbstractQueuedSynchronizer$ConditionObject.awaitNanos(AbstractQueuedSynchronizer.java:2078)
        at java.util.concurrent.LinkedBlockingQueue.poll(LinkedBlockingQueue.java:467)
        at org.apache.hadoop.ipc.CallQueueManager.take(CallQueueManager.java:317)
        at org.apache.hadoop.ipc.Server$Handler.run(Server.java:2942)
"PartialTableCache Cleanup Thread - 0" daemon prio=5 tid=898 in Object.wait()
java.lang.Thread.State: WAITING (on object monitor)
        at sun.misc.Unsafe.park(Native Method)
        at java.util.concurrent.locks.LockSupport.park(LockSupport.java:175)
        at java.util.concurrent.locks.AbstractQueuedSynchronizer$ConditionObject.await(AbstractQueuedSynchronizer.java:2039)
        at java.util.concurrent.LinkedBlockingQueue.take(LinkedBlockingQueue.java:442)
        at java.util.concurrent.ThreadPoolExecutor.getTask(ThreadPoolExecutor.java:1074)
        at java.util.concurrent.ThreadPoolExecutor.runWorker(ThreadPoolExecutor.java:1134)
        at java.util.concurrent.ThreadPoolExecutor$Worker.run(ThreadPoolExecutor.java:624)
        at java.lang.Thread.run(Thread.java:750)
"PartialTableCache Cleanup Thread - 0" daemon prio=5 tid=896 in Object.wait()
java.lang.Thread.State: WAITING (on object monitor)
        at sun.misc.Unsafe.park(Native Method)
        at java.util.concurrent.locks.LockSupport.park(LockSupport.java:175)
        at java.util.concurrent.locks.AbstractQueuedSynchronizer$ConditionObject.await(AbstractQueuedSynchronizer.java:2039)
        at java.util.concurrent.LinkedBlockingQueue.take(LinkedBlockingQueue.java:442)
        at java.util.concurrent.ThreadPoolExecutor.getTask(ThreadPoolExecutor.java:1074)
        at java.util.concurrent.ThreadPoolExecutor.runWorker(ThreadPoolExecutor.java:1134)
        at java.util.concurrent.ThreadPoolExecutor$Worker.run(ThreadPoolExecutor.java:624)
        at java.lang.Thread.run(Thread.java:750)
"SCMBlockDeletingService#0" daemon prio=5 tid=107 timed_waiting
java.lang.Thread.State: TIMED_WAITING
        at sun.misc.Unsafe.park(Native Method)
        at java.util.concurrent.locks.LockSupport.parkNanos(LockSupport.java:215)
        at java.util.concurrent.locks.AbstractQueuedSynchronizer$ConditionObject.awaitNanos(AbstractQueuedSynchronizer.java:2078)
        at java.util.concurrent.ScheduledThreadPoolExecutor$DelayedWorkQueue.take(ScheduledThreadPoolExecutor.java:1093)
        at java.util.concurrent.ScheduledThreadPoolExecutor$DelayedWorkQueue.take(ScheduledThreadPoolExecutor.java:809)
        at java.util.concurrent.ThreadPoolExecutor.getTask(ThreadPoolExecutor.java:1074)
        at java.util.concurrent.ThreadPoolExecutor.runWorker(ThreadPoolExecutor.java:1134)
        at java.util.concurrent.ThreadPoolExecutor$Worker.run(ThreadPoolExecutor.java:624)
        at java.lang.Thread.run(Thread.java:750)
"IPC Server handler 6 on default port 34339" daemon prio=5 tid=53 timed_waiting
java.lang.Thread.State: TIMED_WAITING
        at sun.misc.Unsafe.park(Native Method)
        at java.util.concurrent.locks.LockSupport.parkNanos(LockSupport.java:215)
        at java.util.concurrent.locks.AbstractQueuedSynchronizer$ConditionObject.awaitNanos(AbstractQueuedSynchronizer.java:2078)
        at java.util.concurrent.LinkedBlockingQueue.poll(LinkedBlockingQueue.java:467)
        at org.apache.hadoop.ipc.CallQueueManager.take(CallQueueManager.java:317)
        at org.apache.hadoop.ipc.Server$Handler.run(Server.java:2942)
"Datanode ReportManager Thread - 0" daemon prio=5 tid=499 in Object.wait()
java.lang.Thread.State: WAITING (on object monitor)
        at sun.misc.Unsafe.park(Native Method)
        at java.util.concurrent.locks.LockSupport.park(LockSupport.java:175)
        at java.util.concurrent.locks.AbstractQueuedSynchronizer$ConditionObject.await(AbstractQueuedSynchronizer.java:2039)
        at java.util.concurrent.ScheduledThreadPoolExecutor$DelayedWorkQueue.take(ScheduledThreadPoolExecutor.java:1088)
        at java.util.concurrent.ScheduledThreadPoolExecutor$DelayedWorkQueue.take(ScheduledThreadPoolExecutor.java:809)
        at java.util.concurrent.ThreadPoolExecutor.getTask(ThreadPoolExecutor.java:1074)
        at java.util.concurrent.ThreadPoolExecutor.runWorker(ThreadPoolExecutor.java:1134)
        at java.util.concurrent.ThreadPoolExecutor$Worker.run(ThreadPoolExecutor.java:624)
        at java.lang.Thread.run(Thread.java:750)
"44bea1f4-43dd-4415-bb4e-4e9896dd68f6@group-EA947C079E8C-SegmentedRaftLogWorker"  prio=5 tid=668 timed_waiting
java.lang.Thread.State: TIMED_WAITING
        at sun.misc.Unsafe.park(Native Method)
        at java.util.concurrent.locks.LockSupport.parkNanos(LockSupport.java:215)
        at java.util.concurrent.locks.AbstractQueuedSynchronizer$ConditionObject.awaitNanos(AbstractQueuedSynchronizer.java:2078)
        at org.apache.ratis.util.DataBlockingQueue.poll(DataBlockingQueue.java:148)
        at org.apache.ratis.server.raftlog.segmented.SegmentedRaftLogWorker.run(SegmentedRaftLogWorker.java:310)
        at org.apache.ratis.server.raftlog.segmented.SegmentedRaftLogWorker$$Lambda$665/2132438442.run(Unknown Source)
        at java.lang.Thread.run(Thread.java:750)
"ChunkReader-ELG-0" daemon prio=5 tid=537 runnable
java.lang.Thread.State: RUNNABLE
        at org.apache.ratis.thirdparty.io.netty.channel.epoll.Native.epollWait0(Native Method)
        at org.apache.ratis.thirdparty.io.netty.channel.epoll.Native.epollWait(Native.java:182)
        at org.apache.ratis.thirdparty.io.netty.channel.epoll.EpollEventLoop.epollWait(EpollEventLoop.java:290)
        at org.apache.ratis.thirdparty.io.netty.channel.epoll.EpollEventLoop.run(EpollEventLoop.java:354)
        at org.apache.ratis.thirdparty.io.netty.util.concurrent.SingleThreadEventExecutor$4.run(SingleThreadEventExecutor.java:995)
        at org.apache.ratis.thirdparty.io.netty.util.internal.ThreadExecutorMap$2.run(ThreadExecutorMap.java:74)
        at java.lang.Thread.run(Thread.java:750)
"c56757ad-2923-4297-8741-c606545d9a52-server-thread1" daemon prio=5 tid=869 timed_waiting
java.lang.Thread.State: TIMED_WAITING
        at sun.misc.Unsafe.park(Native Method)
        at java.util.concurrent.locks.LockSupport.parkNanos(LockSupport.java:215)
        at java.util.concurrent.SynchronousQueue$TransferStack.awaitFulfill(SynchronousQueue.java:460)
        at java.util.concurrent.SynchronousQueue$TransferStack.transfer(SynchronousQueue.java:362)
        at java.util.concurrent.SynchronousQueue.poll(SynchronousQueue.java:941)
        at java.util.concurrent.ThreadPoolExecutor.getTask(ThreadPoolExecutor.java:1073)
        at java.util.concurrent.ThreadPoolExecutor.runWorker(ThreadPoolExecutor.java:1134)
        at java.util.concurrent.ThreadPoolExecutor$Worker.run(ThreadPoolExecutor.java:624)
        at java.lang.Thread.run(Thread.java:750)
"qtp1604011014-270" daemon prio=5 tid=270 timed_waiting
java.lang.Thread.State: TIMED_WAITING
        at sun.misc.Unsafe.park(Native Method)
        at java.util.concurrent.locks.LockSupport.parkNanos(LockSupport.java:215)
        at java.util.concurrent.locks.AbstractQueuedSynchronizer$ConditionObject.awaitNanos(AbstractQueuedSynchronizer.java:2078)
        at org.eclipse.jetty.util.BlockingArrayQueue.poll(BlockingArrayQueue.java:382)
        at org.eclipse.jetty.util.thread.QueuedThreadPool$Runner.idleJobPoll(QueuedThreadPool.java:974)
        at org.eclipse.jetty.util.thread.QueuedThreadPool$Runner.run(QueuedThreadPool.java:1018)
        at java.lang.Thread.run(Thread.java:750)
"pool-104-thread-1"  prio=5 tid=211 timed_waiting
java.lang.Thread.State: TIMED_WAITING
        at sun.misc.Unsafe.park(Native Method)
        at java.util.concurrent.locks.LockSupport.parkNanos(LockSupport.java:215)
        at java.util.concurrent.locks.AbstractQueuedSynchronizer$ConditionObject.awaitNanos(AbstractQueuedSynchronizer.java:2078)
        at java.util.concurrent.ScheduledThreadPoolExecutor$DelayedWorkQueue.take(ScheduledThreadPoolExecutor.java:1093)
        at java.util.concurrent.ScheduledThreadPoolExecutor$DelayedWorkQueue.take(ScheduledThreadPoolExecutor.java:809)
        at java.util.concurrent.ThreadPoolExecutor.getTask(ThreadPoolExecutor.java:1074)
        at java.util.concurrent.ThreadPoolExecutor.runWorker(ThreadPoolExecutor.java:1134)
        at java.util.concurrent.ThreadPoolExecutor$Worker.run(ThreadPoolExecutor.java:624)
        at java.lang.Thread.run(Thread.java:750)
"IPC Server handler 6 on default port 34735" daemon prio=5 tid=160 timed_waiting
java.lang.Thread.State: TIMED_WAITING
        at sun.misc.Unsafe.park(Native Method)
        at java.util.concurrent.locks.LockSupport.parkNanos(LockSupport.java:215)
        at java.util.concurrent.locks.AbstractQueuedSynchronizer$ConditionObject.awaitNanos(AbstractQueuedSynchronizer.java:2078)
        at java.util.concurrent.LinkedBlockingQueue.poll(LinkedBlockingQueue.java:467)
        at org.apache.hadoop.ipc.CallQueueManager.take(CallQueueManager.java:317)
        at org.apache.hadoop.ipc.Server$Handler.run(Server.java:2942)


	at org.apache.ozone.test.GenericTestUtils.waitFor(GenericTestUtils.java:224)
	at org.apache.hadoop.ozone.container.TestECContainerRecovery.waitForContainerCount(TestECContainerRecovery.java:265)
	at org.apache.hadoop.ozone.container.TestECContainerRecovery.testContainerRecoveryOverReplicationProcessing(TestECContainerRecovery.java:209)
	at sun.reflect.NativeMethodAccessorImpl.invoke0(Native Method)
	at sun.reflect.NativeMethodAccessorImpl.invoke(NativeMethodAccessorImpl.java:62)
	at sun.reflect.DelegatingMethodAccessorImpl.invoke(DelegatingMethodAccessorImpl.java:43)
	at java.lang.reflect.Method.invoke(Method.java:498)
	at org.junit.platform.commons.util.ReflectionUtils.invokeMethod(ReflectionUtils.java:725)
	at org.junit.jupiter.engine.execution.MethodInvocation.proceed(MethodInvocation.java:60)
	at org.junit.jupiter.engine.execution.InvocationInterceptorChain$ValidatingInvocation.proceed(InvocationInterceptorChain.java:131)
	at org.junit.jupiter.engine.extension.TimeoutExtension.intercept(TimeoutExtension.java:149)
	at org.junit.jupiter.engine.extension.TimeoutExtension.interceptTestableMethod(TimeoutExtension.java:140)
	at org.junit.jupiter.engine.extension.TimeoutExtension.interceptTestMethod(TimeoutExtension.java:84)
	at org.junit.jupiter.engine.execution.ExecutableInvoker$ReflectiveInterceptorCall.lambda$ofVoidMethod$0(ExecutableInvoker.java:115)
	at org.junit.jupiter.engine.execution.ExecutableInvoker.lambda$invoke$0(ExecutableInvoker.java:105)
	at org.junit.jupiter.engine.execution.InvocationInterceptorChain$InterceptedInvocation.proceed(InvocationInterceptorChain.java:106)
	at org.junit.jupiter.engine.execution.InvocationInterceptorChain.proceed(InvocationInterceptorChain.java:64)
	at org.junit.jupiter.engine.execution.InvocationInterceptorChain.chainAndInvoke(InvocationInterceptorChain.java:45)
	at org.junit.jupiter.engine.execution.InvocationInterceptorChain.invoke(InvocationInterceptorChain.java:37)
	at org.junit.jupiter.engine.execution.ExecutableInvoker.invoke(ExecutableInvoker.java:104)
	at org.junit.jupiter.engine.execution.ExecutableInvoker.invoke(ExecutableInvoker.java:98)
	at org.junit.jupiter.engine.descriptor.TestMethodTestDescriptor.lambda$invokeTestMethod$7(TestMethodTestDescriptor.java:214)
	at org.junit.platform.engine.support.hierarchical.ThrowableCollector.execute(ThrowableCollector.java:73)
	at org.junit.jupiter.engine.descriptor.TestMethodTestDescriptor.invokeTestMethod(TestMethodTestDescriptor.java:210)
	at org.junit.jupiter.engine.descriptor.TestMethodTestDescriptor.execute(TestMethodTestDescriptor.java:135)
	at org.junit.jupiter.engine.descriptor.TestMethodTestDescriptor.execute(TestMethodTestDescriptor.java:66)
	at org.junit.platform.engine.support.hierarchical.NodeTestTask.lambda$executeRecursively$6(NodeTestTask.java:151)
	at org.junit.platform.engine.support.hierarchical.ThrowableCollector.execute(ThrowableCollector.java:73)
	at org.junit.platform.engine.support.hierarchical.NodeTestTask.lambda$executeRecursively$8(NodeTestTask.java:141)
	at org.junit.platform.engine.support.hierarchical.Node.around(Node.java:137)
	at org.junit.platform.engine.support.hierarchical.NodeTestTask.lambda$executeRecursively$9(NodeTestTask.java:139)
	at org.junit.platform.engine.support.hierarchical.ThrowableCollector.execute(ThrowableCollector.java:73)
	at org.junit.platform.engine.support.hierarchical.NodeTestTask.executeRecursively(NodeTestTask.java:138)
	at org.junit.platform.engine.support.hierarchical.NodeTestTask.execute(NodeTestTask.java:95)
	at java.util.ArrayList.forEach(ArrayList.java:1259)
	at org.junit.platform.engine.support.hierarchical.SameThreadHierarchicalTestExecutorService.invokeAll(SameThreadHierarchicalTestExecutorService.java:41)
	at org.junit.platform.engine.support.hierarchical.NodeTestTask.lambda$executeRecursively$6(NodeTestTask.java:155)
	at org.junit.platform.engine.support.hierarchical.ThrowableCollector.execute(ThrowableCollector.java:73)
	at org.junit.platform.engine.support.hierarchical.NodeTestTask.lambda$executeRecursively$8(NodeTestTask.java:141)
	at org.junit.platform.engine.support.hierarchical.Node.around(Node.java:137)
	at org.junit.platform.engine.support.hierarchical.NodeTestTask.lambda$executeRecursively$9(NodeTestTask.java:139)
	at org.junit.platform.engine.support.hierarchical.ThrowableCollector.execute(ThrowableCollector.java:73)
	at org.junit.platform.engine.support.hierarchical.NodeTestTask.executeRecursively(NodeTestTask.java:138)
	at org.junit.platform.engine.support.hierarchical.NodeTestTask.execute(NodeTestTask.java:95)
	at java.util.ArrayList.forEach(ArrayList.java:1259)
	at org.junit.platform.engine.support.hierarchical.SameThreadHierarchicalTestExecutorService.invokeAll(SameThreadHierarchicalTestExecutorService.java:41)
	at org.junit.platform.engine.support.hierarchical.NodeTestTask.lambda$executeRecursively$6(NodeTestTask.java:155)
	at org.junit.platform.engine.support.hierarchical.ThrowableCollector.execute(ThrowableCollector.java:73)
	at org.junit.platform.engine.support.hierarchical.NodeTestTask.lambda$executeRecursively$8(NodeTestTask.java:141)
	at org.junit.platform.engine.support.hierarchical.Node.around(Node.java:137)
	at org.junit.platform.engine.support.hierarchical.NodeTestTask.lambda$executeRecursively$9(NodeTestTask.java:139)
	at org.junit.platform.engine.support.hierarchical.ThrowableCollector.execute(ThrowableCollector.java:73)
	at org.junit.platform.engine.support.hierarchical.NodeTestTask.executeRecursively(NodeTestTask.java:138)
	at org.junit.platform.engine.support.hierarchical.NodeTestTask.execute(NodeTestTask.java:95)
	at org.junit.platform.engine.support.hierarchical.SameThreadHierarchicalTestExecutorService.submit(SameThreadHierarchicalTestExecutorService.java:35)
	at org.junit.platform.engine.support.hierarchical.HierarchicalTestExecutor.execute(HierarchicalTestExecutor.java:57)
	at org.junit.platform.engine.support.hierarchical.HierarchicalTestEngine.execute(HierarchicalTestEngine.java:54)
	at org.junit.platform.launcher.core.EngineExecutionOrchestrator.execute(EngineExecutionOrchestrator.java:107)
	at org.junit.platform.launcher.core.EngineExecutionOrchestrator.execute(EngineExecutionOrchestrator.java:88)
	at org.junit.platform.launcher.core.EngineExecutionOrchestrator.lambda$execute$0(EngineExecutionOrchestrator.java:54)
	at org.junit.platform.launcher.core.EngineExecutionOrchestrator.withInterceptedStreams(EngineExecutionOrchestrator.java:67)
	at org.junit.platform.launcher.core.EngineExecutionOrchestrator.execute(EngineExecutionOrchestrator.java:52)
	at org.junit.platform.launcher.core.DefaultLauncher.execute(DefaultLauncher.java:114)
	at org.junit.platform.launcher.core.DefaultLauncher.execute(DefaultLauncher.java:86)
	at org.junit.platform.launcher.core.DefaultLauncherSession$DelegatingLauncher.execute(DefaultLauncherSession.java:86)
	at org.junit.platform.launcher.core.SessionPerRequestLauncher.execute(SessionPerRequestLauncher.java:53)
	at org.apache.maven.surefire.junitplatform.JUnitPlatformProvider.execute(JUnitPlatformProvider.java:188)
	at org.apache.maven.surefire.junitplatform.JUnitPlatformProvider.invokeAllTests(JUnitPlatformProvider.java:154)
	at org.apache.maven.surefire.junitplatform.JUnitPlatformProvider.invoke(JUnitPlatformProvider.java:124)
	at org.apache.maven.surefire.booter.ForkedBooter.runSuitesInProcess(ForkedBooter.java:428)
	at org.apache.maven.surefire.booter.ForkedBooter.execute(ForkedBooter.java:162)
	at org.apache.maven.surefire.booter.ForkedBooter.run(ForkedBooter.java:562)
	at org.apache.maven.surefire.booter.ForkedBooter.main(ForkedBooter.java:548)
]]></error>
    <system-out><![CDATA[2022-11-05 13:04:14,794 [main] WARN  server.ServerUtils (ServerUtils.java:getScmDbDir(148)) - ozone.scm.db.dirs is not configured. We recommend adding this setting. Falling back to ozone.metadata.dirs instead.
2022-11-05 13:04:14,889 [main] WARN  server.ServerUtils (ServerUtils.java:getScmDbDir(148)) - ozone.scm.db.dirs is not configured. We recommend adding this setting. Falling back to ozone.metadata.dirs instead.
2022-11-05 13:04:14,892 [main] INFO  ha.SCMHANodeDetails (SCMHANodeDetails.java:loadSCMHAConfig(209)) - ServiceID for StorageContainerManager is null
2022-11-05 13:04:14,904 [main] WARN  ha.SCMHANodeDetails (SCMHANodeDetails.java:validateSCMHAConfig(182)) - Invalid config ozone.scm.ratis.enable. The config was not specified, but the default value true conflicts with the expected config value false. Falling back to the expected value. Current State of SCM: SCM is running in Non-HA without Ratis Ratis SCM -> Non Ratis SCM or Non HA SCM -> HA SCM is not supported
2022-11-05 13:04:14,905 [main] INFO  ha.SCMHANodeDetails (SCMHANodeDetails.java:loadSCMHAConfig(214)) - ozone.scm.default.service.id is not defined, falling back to ozone.scm.service.ids to find serviceID for StorageContainerManager if it is HA enabled cluster
2022-11-05 13:04:15,384 [main] WARN  utils.HAUtils (HAUtils.java:getMetaDir(342)) - ozone.scm.db.dirs is not configured. We recommend adding this setting. Falling back to ozone.metadata.dirs instead.
2022-11-05 13:04:15,519 [main] WARN  db.DBStoreBuilder (DBStoreBuilder.java:applyDBDefinition(144)) - ozone.scm.db.dirs is not configured. We recommend adding this setting. Falling back to ozone.metadata.dirs instead.
2022-11-05 13:04:16,157 [main] INFO  net.NodeSchemaLoader (NodeSchemaLoader.java:loadSchemaFromFile(129)) - Loading schema from [jar:file:/home/runner/.m2/repository/org/apache/ozone/hdds-common/1.3.0-SNAPSHOT/hdds-common-1.3.0-SNAPSHOT.jar!/network-topology-default.xml]
2022-11-05 13:04:16,159 [main] INFO  net.NodeSchemaLoader (NodeSchemaLoader.java:loadSchema(176)) - Loading network topology layer schema file
2022-11-05 13:04:16,202 [main] INFO  metrics.MetricRegistries (MetricRegistriesLoader.java:load(64)) - Loaded MetricRegistries class org.apache.ratis.metrics.impl.MetricRegistriesImpl
2022-11-05 13:04:16,209 [main] INFO  upgrade.AbstractLayoutVersionManager (AbstractLayoutVersionManager.java:init(83)) - Initializing Layout version manager with metadata layout = DATANODE_SCHEMA_V3 (version = 4), software layout = DATANODE_SCHEMA_V3 (version = 4)
2022-11-05 13:04:16,450 [main] INFO  reflections.Reflections (Reflections.java:scan(232)) - Reflections took 156 ms to scan 7 urls, producing 139 keys and 336 values 
2022-11-05 13:04:16,553 [main] INFO  ha.SequenceIdGenerator (SequenceIdGenerator.java:upgradeToSequenceId(349)) - upgrade localId to 109611004723200000
2022-11-05 13:04:16,553 [main] INFO  ha.SequenceIdGenerator (SequenceIdGenerator.java:upgradeToSequenceId(359)) - upgrade delTxnId to 0
2022-11-05 13:04:16,556 [main] INFO  ha.SequenceIdGenerator (SequenceIdGenerator.java:upgradeToSequenceId(376)) - upgrade containerId to 0
2022-11-05 13:04:16,558 [main] INFO  ha.SequenceIdGenerator (SequenceIdGenerator.java:<init>(220)) - Init the HA SequenceIdGenerator.
2022-11-05 13:04:16,598 [main] WARN  server.ServerUtils (ServerUtils.java:sanitizeUserArgs(67)) - ozone.scm.stale.node.interval value = 1000 is smaller than min = 3000 based on the key value of hdds.heartbeat.interval, reset to the min value 3000.
2022-11-05 13:04:16,599 [main] WARN  server.ServerUtils (ServerUtils.java:sanitizeUserArgs(67)) - ozone.scm.stale.node.interval value = 1000 is smaller than min = 3000 based on the key value of hdds.heartbeat.interval, reset to the min value 3000.
2022-11-05 13:04:16,599 [main] WARN  server.ServerUtils (ServerUtils.java:sanitizeUserArgs(67)) - ozone.scm.dead.node.interval value = 1000 is smaller than min = 6000 based on the key value of ozone.scm.stale.node.interval, reset to the min value 6000.
2022-11-05 13:04:16,605 [main] INFO  node.SCMNodeManager (SCMNodeManager.java:<init>(149)) - Entering startup safe mode.
2022-11-05 13:04:16,678 [main] INFO  algorithms.ContainerPlacementPolicyFactory (ContainerPlacementPolicyFactory.java:getPolicyInternal(86)) - Create container placement policy of type org.apache.hadoop.hdds.scm.container.placement.algorithms.SCMContainerPlacementRandom
2022-11-05 13:04:16,680 [main] INFO  algorithms.ContainerPlacementPolicyFactory (ContainerPlacementPolicyFactory.java:getPolicyInternal(86)) - Create container placement policy of type org.apache.hadoop.hdds.scm.container.placement.algorithms.SCMContainerPlacementRackScatter
2022-11-05 13:04:16,702 [main] INFO  pipeline.PipelineStateManagerImpl (PipelineStateManagerImpl.java:initialize(78)) - No pipeline exists in current db
2022-11-05 13:04:16,738 [main] INFO  algorithms.LeaderChoosePolicyFactory (LeaderChoosePolicyFactory.java:getPolicy(57)) - Create leader choose policy of type org.apache.hadoop.hdds.scm.pipeline.leader.choose.algorithms.MinLeaderCountChoosePolicy
2022-11-05 13:04:16,739 [main] INFO  algorithms.ContainerPlacementPolicyFactory (ContainerPlacementPolicyFactory.java:getPolicyInternal(86)) - Create container placement policy of type org.apache.hadoop.hdds.scm.container.placement.algorithms.SCMContainerPlacementRackScatter
2022-11-05 13:04:16,746 [main] INFO  ha.SCMServiceManager (SCMServiceManager.java:register(42)) - Registering service BackgroundPipelineCreator.
2022-11-05 13:04:16,746 [main] INFO  pipeline.BackgroundPipelineCreator (BackgroundPipelineCreator.java:start(124)) - Starting RatisPipelineUtilsThread.
2022-11-05 13:04:16,750 [main] INFO  BackgroundPipelineScrubber (BackgroundSCMService.java:start(68)) - Starting BackgroundPipelineScrubber Service.
2022-11-05 13:04:16,752 [main] INFO  ha.SCMServiceManager (SCMServiceManager.java:register(42)) - Registering service BackgroundPipelineScrubber.
2022-11-05 13:04:16,759 [main] INFO  ExpiredContainerReplicaOpScrubber (BackgroundSCMService.java:start(68)) - Starting ExpiredContainerReplicaOpScrubber Service.
2022-11-05 13:04:16,759 [main] INFO  ha.SCMServiceManager (SCMServiceManager.java:register(42)) - Registering service ExpiredContainerReplicaOpScrubber.
2022-11-05 13:04:16,806 [main] INFO  algorithms.PipelineChoosePolicyFactory (PipelineChoosePolicyFactory.java:createPipelineChoosePolicyFromClass(73)) - Create pipeline choose policy of type org.apache.hadoop.hdds.scm.pipeline.choose.algorithms.RandomPipelineChoosePolicy
2022-11-05 13:04:16,827 [main] INFO  ha.SCMServiceManager (SCMServiceManager.java:register(42)) - Registering service SCMBlockDeletingService.
2022-11-05 13:04:16,883 [main] INFO  replication.ReplicationManager (ReplicationManager.java:start(239)) - Starting Replication Monitor Thread.
2022-11-05 13:04:16,890 [main] INFO  ha.SCMServiceManager (SCMServiceManager.java:register(42)) - Registering service ReplicationManager.
2022-11-05 13:04:16,893 [ReplicationMonitor] INFO  replication.ReplicationManager (ReplicationManager.java:processAll(307)) - Replication Manager is not ready to run until 3000ms after safemode exit
2022-11-05 13:04:16,905 [main] INFO  safemode.ContainerSafeModeRule (ContainerSafeModeRule.java:<init>(89)) - containers with one replica threshold count 0
2022-11-05 13:04:16,910 [main] INFO  safemode.HealthyPipelineSafeModeRule (HealthyPipelineSafeModeRule.java:initializeRule(169)) - Total pipeline count is 0, healthy pipeline threshold count is 1
2022-11-05 13:04:16,914 [main] INFO  safemode.OneReplicaPipelineSafeModeRule (OneReplicaPipelineSafeModeRule.java:initializeRule(180)) - Total pipeline count is 0, pipeline's with at least one datanode reported threshold count is 0
2022-11-05 13:04:17,229 [main] INFO  audit.AuditLogger (AuditLogger.java:refreshDebugCmdSet(126)) - Refresh DebugCmdSet for SCMAudit to [].
2022-11-05 13:04:17,258 [main] INFO  ipc.CallQueueManager (CallQueueManager.java:<init>(90)) - Using callQueue: class java.util.concurrent.LinkedBlockingQueue, queueCapacity: 2000, scheduler: class org.apache.hadoop.ipc.DefaultRpcScheduler, ipcBackoff: false.
2022-11-05 13:04:17,295 [Socket Reader #1 for port 0] INFO  ipc.Server (Server.java:run(1273)) - Starting Socket Reader #1 for port 0
2022-11-05 13:04:17,356 [Listener at 0.0.0.0/34173] INFO  audit.AuditLogger (AuditLogger.java:refreshDebugCmdSet(126)) - Refresh DebugCmdSet for SCMAudit to [].
2022-11-05 13:04:17,364 [Listener at 0.0.0.0/34173] INFO  ipc.CallQueueManager (CallQueueManager.java:<init>(90)) - Using callQueue: class java.util.concurrent.LinkedBlockingQueue, queueCapacity: 2000, scheduler: class org.apache.hadoop.ipc.DefaultRpcScheduler, ipcBackoff: false.
2022-11-05 13:04:17,366 [Socket Reader #1 for port 0] INFO  ipc.Server (Server.java:run(1273)) - Starting Socket Reader #1 for port 0
2022-11-05 13:04:17,406 [Listener at 0.0.0.0/36903] INFO  audit.AuditLogger (AuditLogger.java:refreshDebugCmdSet(126)) - Refresh DebugCmdSet for SCMAudit to [].
2022-11-05 13:04:17,418 [Listener at 0.0.0.0/36903] INFO  ipc.CallQueueManager (CallQueueManager.java:<init>(90)) - Using callQueue: class java.util.concurrent.LinkedBlockingQueue, queueCapacity: 2000, scheduler: class org.apache.hadoop.ipc.DefaultRpcScheduler, ipcBackoff: false.
2022-11-05 13:04:17,420 [Socket Reader #1 for port 0] INFO  ipc.Server (Server.java:run(1273)) - Starting Socket Reader #1 for port 0
2022-11-05 13:04:17,453 [Listener at 0.0.0.0/34339] INFO  ha.SCMServiceManager (SCMServiceManager.java:register(42)) - Registering service ContainerBalancer.
2022-11-05 13:04:17,455 [Listener at 0.0.0.0/34339] INFO  server.StorageContainerManager (StorageContainerManager.java:<init>(415)) - 
Container Balancer status:
Key                            Value
Running                        true
Container Balancer Configuration values:
Key                                                Value
Threshold                                          10
Max Datanodes to Involve per Iteration(percent)    20
Max Size to Move per Iteration                     500GB
Max Size Entering Target per Iteration             26GB
Max Size Leaving Source per Iteration              26GB

2022-11-05 13:04:17,456 [Listener at 0.0.0.0/34339] WARN  events.EventQueue (EventQueue.java:fireEvent(216)) - No event handler registered for event TypedEvent{payloadType=SafeModeStatus, name='Safe mode status'}
2022-11-05 13:04:17,457 [Listener at 0.0.0.0/34339] INFO  ha.SCMContext (SCMContext.java:updateSafeModeStatus(228)) - Update SafeModeStatus from SafeModeStatus{safeModeStatus=true, preCheckPassed=false} to SafeModeStatus{safeModeStatus=true, preCheckPassed=false}.
2022-11-05 13:04:17,462 [Listener at 0.0.0.0/34339] INFO  server.StorageContainerManager (StorageContainerManager.java:start(1449)) - StorageContainerLocationProtocol RPC server is listening at /0.0.0.0:34339
2022-11-05 13:04:17,539 [Listener at 0.0.0.0/34339] WARN  impl.MetricsConfig (MetricsConfig.java:loadFirst(136)) - Cannot locate configuration: tried hadoop-metrics2-storagecontainermanager.properties,hadoop-metrics2.properties
2022-11-05 13:04:17,551 [Listener at 0.0.0.0/34339] INFO  impl.MetricsSystemImpl (MetricsSystemImpl.java:startTimer(378)) - Scheduled Metric snapshot period at 10 second(s).
2022-11-05 13:04:17,552 [Listener at 0.0.0.0/34339] INFO  impl.MetricsSystemImpl (MetricsSystemImpl.java:start(191)) - StorageContainerManager metrics system started
2022-11-05 13:04:17,840 [Listener at 0.0.0.0/34339] INFO  server.SCMClientProtocolServer (SCMClientProtocolServer.java:start(170)) - RPC server for Client  is listening at /0.0.0.0:34339
2022-11-05 13:04:17,842 [IPC Server Responder] INFO  ipc.Server (Server.java:run(1512)) - IPC Server Responder: starting
2022-11-05 13:04:17,843 [IPC Server listener on 0] INFO  ipc.Server (Server.java:run(1352)) - IPC Server listener on 0: starting
2022-11-05 13:04:17,846 [Listener at 0.0.0.0/34339] INFO  server.StorageContainerManager (StorageContainerManager.java:start(1464)) - ScmBlockLocationProtocol RPC server is listening at /0.0.0.0:36903
2022-11-05 13:04:17,847 [Listener at 0.0.0.0/34339] INFO  server.SCMBlockProtocolServer (SCMBlockProtocolServer.java:start(152)) - RPC server for Block Protocol is listening at /0.0.0.0:36903
2022-11-05 13:04:17,848 [IPC Server listener on 0] INFO  ipc.Server (Server.java:run(1352)) - IPC Server listener on 0: starting
2022-11-05 13:04:17,848 [IPC Server Responder] INFO  ipc.Server (Server.java:run(1512)) - IPC Server Responder: starting
2022-11-05 13:04:17,851 [Listener at 0.0.0.0/34339] INFO  server.SCMDatanodeProtocolServer (SCMDatanodeProtocolServer.java:start(186)) - ScmDatanodeProtocol RPC server for DataNodes is listening at /0.0.0.0:34173
2022-11-05 13:04:17,851 [IPC Server Responder] INFO  ipc.Server (Server.java:run(1512)) - IPC Server Responder: starting
2022-11-05 13:04:17,852 [IPC Server listener on 0] INFO  ipc.Server (Server.java:run(1352)) - IPC Server listener on 0: starting
2022-11-05 13:04:17,899 [org.apache.hadoop.util.JvmPauseMonitor$Monitor@1afabf06] INFO  util.JvmPauseMonitor (JvmPauseMonitor.java:run(188)) - Starting JVM pause monitor
2022-11-05 13:04:17,913 [Listener at 0.0.0.0/34339] INFO  http.BaseHttpServer (BaseHttpServer.java:newHttpServer2BuilderForOzone(213)) - Starting Web-server for scm at: http://0.0.0.0:0
2022-11-05 13:04:17,913 [Listener at 0.0.0.0/34339] INFO  http.BaseHttpServer (BaseHttpServer.java:<init>(108)) - Hadoop Security Enabled: false Ozone Security Enabled: false Ozone HTTP Security Enabled: false 
2022-11-05 13:04:17,941 [Listener at 0.0.0.0/34339] INFO  util.log (Log.java:initialized(170)) - Logging initialized @4503ms to org.eclipse.jetty.util.log.Slf4jLog
2022-11-05 13:04:18,054 [Listener at 0.0.0.0/34339] WARN  server.AuthenticationFilter (AuthenticationFilter.java:constructSecretProvider(240)) - Unable to initialize FileSignerSecretProvider, falling back to use random secrets. Reason: Could not read signature secret file: /home/runner/hadoop-http-auth-signature-secret
2022-11-05 13:04:18,061 [Listener at 0.0.0.0/34339] WARN  http.HttpRequestLog (HttpRequestLog.java:getRequestLog(103)) - Jetty request log can only be enabled using Log4j
2022-11-05 13:04:18,066 [Listener at 0.0.0.0/34339] INFO  http.HttpServer2 (HttpServer2.java:addGlobalFilter(1031)) - Added global filter 'safety' (class=org.apache.hadoop.hdds.server.http.HttpServer2$QuotingInputFilter)
2022-11-05 13:04:18,069 [Listener at 0.0.0.0/34339] INFO  http.HttpServer2 (HttpServer2.java:addFilter(1007)) - Added filter static_user_filter (class=org.apache.hadoop.http.lib.StaticUserWebFilter$StaticUserFilter) to context scm
2022-11-05 13:04:18,069 [Listener at 0.0.0.0/34339] INFO  http.HttpServer2 (HttpServer2.java:addFilter(1015)) - Added filter static_user_filter (class=org.apache.hadoop.http.lib.StaticUserWebFilter$StaticUserFilter) to context static
2022-11-05 13:04:18,069 [Listener at 0.0.0.0/34339] INFO  http.HttpServer2 (HttpServer2.java:addFilter(1015)) - Added filter static_user_filter (class=org.apache.hadoop.http.lib.StaticUserWebFilter$StaticUserFilter) to context logs
2022-11-05 13:04:18,107 [Listener at 0.0.0.0/34339] INFO  http.HttpServer2 (HttpServer2.java:bindListener(1250)) - Jetty bound to port 40031
2022-11-05 13:04:18,109 [Listener at 0.0.0.0/34339] INFO  server.Server (Server.java:doStart(375)) - jetty-9.4.49.v20220914; built: 2022-09-14T01:07:36.601Z; git: 4231a3b2e4cb8548a412a789936d640a97b1aa0a; jvm 1.8.0_345-b01
2022-11-05 13:04:18,141 [Listener at 0.0.0.0/34339] INFO  server.session (DefaultSessionIdManager.java:doStart(334)) - DefaultSessionIdManager workerName=node0
2022-11-05 13:04:18,142 [Listener at 0.0.0.0/34339] INFO  server.session (DefaultSessionIdManager.java:doStart(339)) - No SessionScavenger set, using defaults
2022-11-05 13:04:18,144 [Listener at 0.0.0.0/34339] INFO  server.session (HouseKeeper.java:startScavenging(132)) - node0 Scavenging every 660000ms
2022-11-05 13:04:18,158 [Listener at 0.0.0.0/34339] INFO  handler.ContextHandler (ContextHandler.java:doStart(921)) - Started o.e.j.s.ServletContextHandler@118879d2{logs,/logs,file:///home/runner/work/ozone/ozone/hadoop-ozone/integration-test/target/log,AVAILABLE}
2022-11-05 13:04:18,159 [Listener at 0.0.0.0/34339] INFO  handler.ContextHandler (ContextHandler.java:doStart(921)) - Started o.e.j.s.ServletContextHandler@b859355{static,/static,file:///home/runner/work/ozone/ozone/hadoop-ozone/integration-test/target/test-classes/webapps/static,AVAILABLE}
2022-11-05 13:04:18,208 [Listener at 0.0.0.0/34339] INFO  handler.ContextHandler (ContextHandler.java:doStart(921)) - Started o.e.j.w.WebAppContext@17e66aed{scm,/,file:///home/runner/work/ozone/ozone/hadoop-ozone/integration-test/target/test-classes/webapps/scm/,AVAILABLE}{file:/home/runner/work/ozone/ozone/hadoop-ozone/integration-test/target/test-classes/webapps/scm}
2022-11-05 13:04:18,219 [Listener at 0.0.0.0/34339] INFO  server.AbstractConnector (AbstractConnector.java:doStart(333)) - Started ServerConnector@34cb1310{HTTP/1.1, (http/1.1)}{0.0.0.0:40031}
2022-11-05 13:04:18,219 [Listener at 0.0.0.0/34339] INFO  server.Server (Server.java:doStart(415)) - Started @4782ms
2022-11-05 13:04:18,221 [Listener at 0.0.0.0/34339] INFO  impl.MetricsSinkAdapter (MetricsSinkAdapter.java:start(204)) - Sink prometheus started
2022-11-05 13:04:18,221 [Listener at 0.0.0.0/34339] INFO  impl.MetricsSystemImpl (MetricsSystemImpl.java:registerSink(305)) - Registered sink prometheus
2022-11-05 13:04:18,222 [Listener at 0.0.0.0/34339] INFO  http.BaseHttpServer (BaseHttpServer.java:updateConnectorAddress(333)) - HTTP server of scm listening at http://0.0.0.0:40031
2022-11-05 13:04:18,224 [Listener at 0.0.0.0/34339] WARN  server.ServerUtils (ServerUtils.java:getDBPath(225)) - ozone.om.db.dirs is not configured. We recommend adding this setting. Falling back to ozone.metadata.dirs instead.
2022-11-05 13:04:18,290 [Listener at 0.0.0.0/34339] INFO  audit.AuditLogger (AuditLogger.java:refreshDebugCmdSet(126)) - Refresh DebugCmdSet for OMAudit to [].
2022-11-05 13:04:18,384 [Listener at 0.0.0.0/34339] INFO  ha.OMHANodeDetails (OMHANodeDetails.java:loadOMHAConfig(115)) - ozone.om.internal.service.id is not defined, falling back to ozone.om.service.ids to find serviceID for OzoneManager if it is HA enabled cluster
2022-11-05 13:04:18,388 [Listener at 0.0.0.0/34339] INFO  ha.OMHANodeDetails (OMHANodeDetails.java:loadOMHAConfig(226)) - Configuration does not have ozone.om.address set. Falling back to the default OM address /127.0.0.1:0
2022-11-05 13:04:18,388 [Listener at 0.0.0.0/34339] INFO  ha.OMHANodeDetails (OMHANodeDetails.java:getOMNodeDetailsForNonHA(254)) - OM Service ID is not set. Setting it to the default ID: omServiceIdDefault
2022-11-05 13:04:18,388 [Listener at 0.0.0.0/34339] INFO  ha.OMHANodeDetails (OMHANodeDetails.java:getOMNodeDetailsForNonHA(261)) - OM Node ID is not set. Setting it to the default ID: om1
2022-11-05 13:04:18,392 [Listener at 0.0.0.0/34339] WARN  server.ServerUtils (ServerUtils.java:getDBPath(225)) - ozone.om.db.dirs is not configured. We recommend adding this setting. Falling back to ozone.metadata.dirs instead.
2022-11-05 13:04:18,394 [Listener at 0.0.0.0/34339] INFO  upgrade.AbstractLayoutVersionManager (AbstractLayoutVersionManager.java:init(83)) - Initializing Layout version manager with metadata layout = MULTITENANCY_SCHEMA (version = 3), software layout = MULTITENANCY_SCHEMA (version = 3)
2022-11-05 13:04:18,485 [Listener at 0.0.0.0/34339] INFO  reflections.Reflections (Reflections.java:scan(232)) - Reflections took 86 ms to scan 2 urls, producing 154 keys and 428 values [using 2 cores]
2022-11-05 13:04:18,490 [Listener at 0.0.0.0/34339] INFO  upgrade.OMLayoutVersionManager (OMLayoutVersionManager.java:lambda$0(115)) - Skipping Upgrade Action MockOmUpgradeAction since it has been finalized.
2022-11-05 13:04:18,492 [Listener at 0.0.0.0/34339] WARN  server.ServerUtils (ServerUtils.java:getDBPath(225)) - ozone.om.db.dirs is not configured. We recommend adding this setting. Falling back to ozone.metadata.dirs instead.
2022-11-05 13:04:18,657 [Listener at 0.0.0.0/34339] INFO  proxy.SCMBlockLocationFailoverProxyProvider (SCMBlockLocationFailoverProxyProvider.java:<init>(114)) - Created block location fail-over proxy with 1 nodes: [nodeId=scmNodeId,nodeAddress=/0.0.0.0:36903]
2022-11-05 13:04:18,692 [Listener at 0.0.0.0/34339] INFO  proxy.SCMBlockLocationFailoverProxyProvider (SCMBlockLocationFailoverProxyProvider.java:<init>(114)) - Created block location fail-over proxy with 1 nodes: [nodeId=scmNodeId,nodeAddress=/0.0.0.0:36903]
2022-11-05 13:04:18,894 [Listener at 0.0.0.0/34339] WARN  server.ServerUtils (ServerUtils.java:getDBPath(225)) - ozone.om.db.dirs is not configured. We recommend adding this setting. Falling back to ozone.metadata.dirs instead.
2022-11-05 13:04:18,900 [Listener at 0.0.0.0/34339] INFO  codec.OmKeyInfoCodec (OmKeyInfoCodec.java:<init>(49)) - OmKeyInfoCodec ignorePipeline = true
2022-11-05 13:04:18,901 [Listener at 0.0.0.0/34339] INFO  codec.RepeatedOmKeyInfoCodec (RepeatedOmKeyInfoCodec.java:<init>(41)) - RepeatedOmKeyInfoCodec ignorePipeline = true
2022-11-05 13:04:19,512 [Listener at 0.0.0.0/34339] INFO  om.OzoneManager (OzoneManager.java:instantiateServices(715)) - S3 Multi-Tenancy is disabled
2022-11-05 13:04:19,607 [Listener at 0.0.0.0/34339] INFO  om.OzoneManager (OzoneManager.java:addS3GVolumeToDB(4395)) - Created Volume s3v With Owner runner required for S3Gateway operations.
2022-11-05 13:04:19,656 [Listener at 0.0.0.0/34339] WARN  server.ServerUtils (ServerUtils.java:getDefaultRatisDirectory(237)) - Storage directory for Ratis is not configured. It is a good idea to map this to an SSD disk. Falling back to ozone.metadata.dirs
2022-11-05 13:04:19,656 [Listener at 0.0.0.0/34339] WARN  utils.OzoneManagerRatisUtils (OzoneManagerRatisUtils.java:getOMRatisSnapshotDirectory(434)) - ozone.om.ratis.snapshot.dir is not configured. Falling back to ozone.metadata.dirs config
2022-11-05 13:04:19,676 [Listener at 0.0.0.0/34339] WARN  server.ServerUtils (ServerUtils.java:getDefaultRatisDirectory(237)) - Storage directory for Ratis is not configured. It is a good idea to map this to an SSD disk. Falling back to ozone.metadata.dirs
2022-11-05 13:04:19,703 [Listener at 0.0.0.0/34339] INFO  ratis.OzoneManagerRatisServer (OzoneManagerRatisServer.java:<init>(160)) - Instantiating OM Ratis server with groupID: omServiceIdDefault and peers: localhost:9872
2022-11-05 13:04:19,711 [Listener at 0.0.0.0/34339] INFO  ratis.OzoneManagerStateMachine (OzoneManagerStateMachine.java:loadSnapshotInfoFromDB(636)) - LastAppliedIndex is set from TransactionInfo from OM DB as (t:0, i:~)
2022-11-05 13:04:19,758 [Listener at 0.0.0.0/34339] INFO  server.RaftServer (ConfUtils.java:logGet(46)) - raft.rpc.type = GRPC (default)
2022-11-05 13:04:19,842 [Listener at 0.0.0.0/34339] INFO  grpc.GrpcConfigKeys (ConfUtils.java:logFallback(53)) - raft.grpc.admin.host = null (fallback to raft.grpc.server.host)
2022-11-05 13:04:19,843 [Listener at 0.0.0.0/34339] INFO  grpc.GrpcConfigKeys (ConfUtils.java:logFallback(53)) - raft.grpc.admin.port = 9872 (fallback to raft.grpc.server.port)
2022-11-05 13:04:19,843 [Listener at 0.0.0.0/34339] INFO  grpc.GrpcConfigKeys (ConfUtils.java:logFallback(53)) - raft.grpc.client.host = null (fallback to raft.grpc.server.host)
2022-11-05 13:04:19,844 [Listener at 0.0.0.0/34339] INFO  grpc.GrpcConfigKeys (ConfUtils.java:logFallback(53)) - raft.grpc.client.port = 9872 (fallback to raft.grpc.server.port)
2022-11-05 13:04:19,844 [Listener at 0.0.0.0/34339] INFO  grpc.GrpcConfigKeys (ConfUtils.java:logGet(46)) - raft.grpc.server.host = null (default)
2022-11-05 13:04:19,844 [Listener at 0.0.0.0/34339] INFO  grpc.GrpcConfigKeys (ConfUtils.java:logGet(46)) - raft.grpc.server.port = 9872 (custom)
2022-11-05 13:04:19,845 [Listener at 0.0.0.0/34339] INFO  server.GrpcService (ConfUtils.java:logGet(46)) - raft.grpc.message.size.max = 33554432 (custom)
2022-11-05 13:04:19,846 [Listener at 0.0.0.0/34339] INFO  server.RaftServerConfigKeys (ConfUtils.java:logGet(46)) - raft.server.log.appender.buffer.byte-limit = 33554432 (custom)
2022-11-05 13:04:19,847 [Listener at 0.0.0.0/34339] INFO  server.GrpcService (ConfUtils.java:logGet(46)) - raft.grpc.flow.control.window = 1MB (=1048576) (default)
2022-11-05 13:04:19,847 [Listener at 0.0.0.0/34339] INFO  server.RaftServerConfigKeys (ConfUtils.java:logGet(46)) - raft.server.rpc.request.timeout = 3000ms (default)
2022-11-05 13:04:19,863 [Listener at 0.0.0.0/34339] INFO  grpc.GrpcConfigKeys (ConfUtils.java:logGet(46)) - raft.grpc.server.heartbeat.channel = true (default)
2022-11-05 13:04:19,866 [Listener at 0.0.0.0/34339] INFO  grpc.GrpcConfigKeys (ConfUtils.java:logGet(46)) - raft.grpc.server.async.request.thread.pool.cached = true (default)
2022-11-05 13:04:19,866 [Listener at 0.0.0.0/34339] INFO  grpc.GrpcConfigKeys (ConfUtils.java:logGet(46)) - raft.grpc.server.async.request.thread.pool.size = 32 (default)
2022-11-05 13:04:20,167 [Listener at 0.0.0.0/34339] INFO  impl.DataStreamServerImpl (ConfUtils.java:logGet(46)) - raft.datastream.type = DISABLED (default)
2022-11-05 13:04:20,171 [Listener at 0.0.0.0/34339] INFO  server.RaftServerConfigKeys (ConfUtils.java:logGet(46)) - raft.server.threadpool.proxy.cached = true (default)
2022-11-05 13:04:20,171 [Listener at 0.0.0.0/34339] INFO  server.RaftServerConfigKeys (ConfUtils.java:logGet(46)) - raft.server.threadpool.proxy.size = 0 (default)
2022-11-05 13:04:20,172 [Listener at 0.0.0.0/34339] INFO  server.RaftServerConfigKeys (ConfUtils.java:logGet(46)) - raft.server.rpc.slowness.timeout = 120s (custom)
2022-11-05 13:04:20,172 [Listener at 0.0.0.0/34339] INFO  server.RaftServerConfigKeys (ConfUtils.java:logGet(46)) - raft.server.leaderelection.leader.step-down.wait-time = 10s (default)
2022-11-05 13:04:20,175 [Listener at 0.0.0.0/34339] INFO  server.RaftServerConfigKeys (ConfUtils.java:logGet(46)) - raft.server.storage.dir = [/home/runner/work/ozone/ozone/hadoop-ozone/integration-test/target/test-dir/MiniOzoneClusterImpl-9e91b504-fe86-427b-a8de-b3d8b21cdaaf/ozone-meta/ratis] (custom)
2022-11-05 13:04:20,183 [Listener at 0.0.0.0/34339] INFO  server.RaftServer (RaftServerProxy.java:addNew(96)) - om1: addNew group-C5BA1605619E:[om1|rpc:localhost:9872|priority:0|startupRole:FOLLOWER] returns group-C5BA1605619E:java.util.concurrent.CompletableFuture@3aa8ebf9[Not completed]
2022-11-05 13:04:20,183 [Listener at 0.0.0.0/34339] INFO  om.OzoneManager (OzoneManager.java:initializeRatisServer(1978)) - OzoneManager Ratis server initialized at port 9872
2022-11-05 13:04:20,201 [Listener at 0.0.0.0/34339] INFO  om.OzoneManager (OzoneManager.java:getRpcServer(1104)) - Creating RPC Server
2022-11-05 13:04:20,210 [pool-55-thread-1] INFO  server.RaftServer$Division (RaftServerImpl.java:<init>(195)) - om1: new RaftServerImpl for group-C5BA1605619E:[om1|rpc:localhost:9872|priority:0|startupRole:FOLLOWER] with OzoneManagerStateMachine:uninitialized
2022-11-05 13:04:20,214 [pool-55-thread-1] INFO  server.RaftServerConfigKeys (ConfUtils.java:logGet(46)) - raft.server.rpc.timeout.min = 1s (custom)
2022-11-05 13:04:20,215 [pool-55-thread-1] INFO  server.RaftServerConfigKeys (ConfUtils.java:logGet(46)) - raft.server.rpc.timeout.max = 1200ms (custom)
2022-11-05 13:04:20,215 [pool-55-thread-1] INFO  server.RaftServerConfigKeys (ConfUtils.java:logGet(46)) - raft.server.rpc.sleep.time = 25ms (default)
2022-11-05 13:04:20,215 [pool-55-thread-1] INFO  server.RaftServerConfigKeys (ConfUtils.java:logGet(46)) - raft.server.rpc.slowness.timeout = 120s (custom)
2022-11-05 13:04:20,215 [pool-55-thread-1] INFO  server.RaftServerConfigKeys (ConfUtils.java:logGet(46)) - raft.server.leaderelection.leader.step-down.wait-time = 10s (default)
2022-11-05 13:04:20,215 [pool-55-thread-1] INFO  server.RaftServerConfigKeys (ConfUtils.java:logGet(46)) - raft.server.sleep.deviation.threshold = 300ms (default)
2022-11-05 13:04:20,232 [pool-55-thread-1] INFO  server.RaftServer$Division (ServerState.java:<init>(118)) - om1@group-C5BA1605619E: ConfigurationManager, init=-1: peers:[om1|rpc:localhost:9872|priority:0|startupRole:FOLLOWER]|listeners:[], old=null, confs=<EMPTY_MAP>
2022-11-05 13:04:20,233 [pool-55-thread-1] INFO  server.RaftServerConfigKeys (ConfUtils.java:logGet(46)) - raft.server.storage.dir = [/home/runner/work/ozone/ozone/hadoop-ozone/integration-test/target/test-dir/MiniOzoneClusterImpl-9e91b504-fe86-427b-a8de-b3d8b21cdaaf/ozone-meta/ratis] (custom)
2022-11-05 13:04:20,242 [pool-55-thread-1] INFO  server.RaftServerConfigKeys (ConfUtils.java:logGet(46)) - raft.server.log.corruption.policy = EXCEPTION (default)
2022-11-05 13:04:20,244 [pool-55-thread-1] INFO  server.RaftServerConfigKeys (ConfUtils.java:logGet(46)) - raft.server.storage.free-space.min = 0MB (=0) (default)
2022-11-05 13:04:20,261 [pool-55-thread-1] INFO  server.RaftServerConfigKeys (ConfUtils.java:logGet(46)) - raft.server.notification.no-leader.timeout = 120s (custom)
2022-11-05 13:04:20,275 [pool-55-thread-1] INFO  server.RaftServerConfigKeys (ConfUtils.java:logGet(46)) - raft.server.retrycache.expirytime = 300s (custom)
2022-11-05 13:04:20,275 [pool-55-thread-1] INFO  server.RaftServerConfigKeys (ConfUtils.java:logGet(46)) - raft.server.retrycache.statistics.expirytime = 100μs (default)
2022-11-05 13:04:20,470 [pool-55-thread-1] INFO  server.RaftServerConfigKeys (ConfUtils.java:logGet(46)) - raft.server.log.appender.install.snapshot.enabled = false (custom)
2022-11-05 13:04:20,470 [pool-55-thread-1] INFO  server.RaftServerConfigKeys (ConfUtils.java:logGet(46)) - raft.server.threadpool.server.cached = true (default)
2022-11-05 13:04:20,470 [pool-55-thread-1] INFO  server.RaftServerConfigKeys (ConfUtils.java:logGet(46)) - raft.server.threadpool.server.size = 0 (default)
2022-11-05 13:04:20,472 [pool-55-thread-1] INFO  server.RaftServerConfigKeys (ConfUtils.java:logGet(46)) - raft.server.threadpool.client.cached = true (default)
2022-11-05 13:04:20,473 [pool-55-thread-1] INFO  server.RaftServerConfigKeys (ConfUtils.java:logGet(46)) - raft.server.threadpool.client.size = 0 (default)
2022-11-05 13:04:21,016 [Listener at 0.0.0.0/34339] INFO  reflections.Reflections (Reflections.java:scan(232)) - Reflections took 738 ms to scan 19 urls, producing 67 keys and 4312 values [using 2 cores]
2022-11-05 13:04:21,165 [Listener at 0.0.0.0/34339] INFO  ipc.CallQueueManager (CallQueueManager.java:<init>(90)) - Using callQueue: class java.util.concurrent.LinkedBlockingQueue, queueCapacity: 2000, scheduler: class org.apache.hadoop.ipc.DefaultRpcScheduler, ipcBackoff: false.
2022-11-05 13:04:21,166 [Socket Reader #1 for port 0] INFO  ipc.Server (Server.java:run(1273)) - Starting Socket Reader #1 for port 0
2022-11-05 13:04:21,201 [Listener at 127.0.0.1/34735] INFO  impl.MetricsSystemImpl (MetricsSystemImpl.java:init(158)) - OzoneManager metrics system started (again)
2022-11-05 13:04:21,213 [Listener at 127.0.0.1/34735] INFO  om.OzoneManager (OzoneManager.java:start(1485)) - OzoneManager RPC server is listening at localhost/127.0.0.1:34735
2022-11-05 13:04:21,213 [Listener at 127.0.0.1/34735] INFO  ratis.OzoneManagerRatisServer (OzoneManagerRatisServer.java:start(555)) - Starting OzoneManagerRatisServer om1 at port 9872
2022-11-05 13:04:21,217 [om1-impl-thread1] INFO  storage.RaftStorageDirectory (RaftStorageDirectoryImpl.java:analyzeStorage(137)) - The storage directory /home/runner/work/ozone/ozone/hadoop-ozone/integration-test/target/test-dir/MiniOzoneClusterImpl-9e91b504-fe86-427b-a8de-b3d8b21cdaaf/ozone-meta/ratis/bf265839-605b-3f16-9796-c5ba1605619e does not exist. Creating ...
2022-11-05 13:04:21,231 [om1-impl-thread1] INFO  storage.RaftStorageDirectory (RaftStorageDirectoryImpl.java:tryLock(231)) - Lock on /home/runner/work/ozone/ozone/hadoop-ozone/integration-test/target/test-dir/MiniOzoneClusterImpl-9e91b504-fe86-427b-a8de-b3d8b21cdaaf/ozone-meta/ratis/bf265839-605b-3f16-9796-c5ba1605619e/in_use.lock acquired by nodename 14719@fv-az83-841
2022-11-05 13:04:21,243 [om1-impl-thread1] INFO  storage.RaftStorage (RaftStorageImpl.java:format(96)) - Storage directory /home/runner/work/ozone/ozone/hadoop-ozone/integration-test/target/test-dir/MiniOzoneClusterImpl-9e91b504-fe86-427b-a8de-b3d8b21cdaaf/ozone-meta/ratis/bf265839-605b-3f16-9796-c5ba1605619e has been successfully formatted.
2022-11-05 13:04:21,246 [om1-impl-thread1] INFO  server.RaftServerConfigKeys (ConfUtils.java:logGet(46)) - raft.server.log.use.memory = false (default)
2022-11-05 13:04:21,256 [om1-impl-thread1] INFO  server.RaftServerConfigKeys (ConfUtils.java:logGet(46)) - raft.server.log.purge.gap = 1000000 (custom)
2022-11-05 13:04:21,256 [om1-impl-thread1] INFO  server.RaftServerConfigKeys (ConfUtils.java:logGet(46)) - raft.server.log.appender.buffer.byte-limit = 33554432 (custom)
2022-11-05 13:04:21,258 [om1-impl-thread1] INFO  server.RaftServerConfigKeys (ConfUtils.java:logGet(46)) - raft.server.log.statemachine.data.read.timeout = 1000ms (default)
2022-11-05 13:04:21,260 [om1-impl-thread1] INFO  server.RaftServerConfigKeys (ConfUtils.java:logGet(46)) - raft.server.log.purge.preservation.log.num = 0 (default)
2022-11-05 13:04:21,264 [om1-impl-thread1] INFO  server.RaftServerConfigKeys (ConfUtils.java:logGet(46)) - raft.server.log.segment.size.max = 4194304 (custom)
2022-11-05 13:04:21,271 [om1-impl-thread1] INFO  server.RaftServerConfigKeys (ConfUtils.java:logGet(46)) - raft.server.log.segment.cache.num.max = 2 (custom)
2022-11-05 13:04:21,272 [om1-impl-thread1] INFO  server.RaftServerConfigKeys (ConfUtils.java:logGet(46)) - raft.server.log.segment.cache.size.max = 200MB (=209715200) (default)
2022-11-05 13:04:21,279 [om1-impl-thread1] INFO  segmented.SegmentedRaftLogWorker (SegmentedRaftLogWorker.java:<init>(191)) - new om1@group-C5BA1605619E-SegmentedRaftLogWorker for RaftStorageImpl:Storage Directory /home/runner/work/ozone/ozone/hadoop-ozone/integration-test/target/test-dir/MiniOzoneClusterImpl-9e91b504-fe86-427b-a8de-b3d8b21cdaaf/ozone-meta/ratis/bf265839-605b-3f16-9796-c5ba1605619e
2022-11-05 13:04:21,280 [om1-impl-thread1] INFO  server.RaftServerConfigKeys (ConfUtils.java:logGet(46)) - raft.server.log.queue.byte-limit = 64MB (=67108864) (default)
2022-11-05 13:04:21,281 [om1-impl-thread1] INFO  server.RaftServerConfigKeys (ConfUtils.java:logGet(46)) - raft.server.log.queue.element-limit = 4096 (default)
2022-11-05 13:04:21,282 [om1-impl-thread1] INFO  server.RaftServerConfigKeys (ConfUtils.java:logGet(46)) - raft.server.log.segment.size.max = 4194304 (custom)
2022-11-05 13:04:21,283 [om1-impl-thread1] INFO  server.RaftServerConfigKeys (ConfUtils.java:logGet(46)) - raft.server.log.preallocated.size = 4194304 (custom)
2022-11-05 13:04:21,284 [om1-impl-thread1] INFO  server.RaftServerConfigKeys (ConfUtils.java:logGet(46)) - raft.server.log.force.sync.num = 128 (default)
2022-11-05 13:04:21,285 [om1-impl-thread1] INFO  server.RaftServerConfigKeys (ConfUtils.java:logGet(46)) - raft.server.log.statemachine.data.sync = true (default)
2022-11-05 13:04:21,285 [om1-impl-thread1] INFO  server.RaftServerConfigKeys (ConfUtils.java:logGet(46)) - raft.server.log.statemachine.data.sync.timeout = 10s (default)
2022-11-05 13:04:21,285 [om1-impl-thread1] INFO  server.RaftServerConfigKeys (ConfUtils.java:logGet(46)) - raft.server.log.statemachine.data.sync.timeout.retry = -1 (default)
2022-11-05 13:04:21,294 [om1-impl-thread1] INFO  server.RaftServerConfigKeys (ConfUtils.java:logGet(46)) - raft.server.log.write.buffer.size = 64KB (=65536) (default)
2022-11-05 13:04:21,295 [om1-impl-thread1] INFO  server.RaftServerConfigKeys (ConfUtils.java:logGet(46)) - raft.server.log.unsafe-flush.enabled = false (default)
2022-11-05 13:04:21,295 [om1-impl-thread1] INFO  server.RaftServerConfigKeys (ConfUtils.java:logGet(46)) - raft.server.log.async-flush.enabled = false (default)
2022-11-05 13:04:21,295 [om1-impl-thread1] INFO  server.RaftServerConfigKeys (ConfUtils.java:logGet(46)) - raft.server.log.statemachine.data.caching.enabled = false (default)
2022-11-05 13:04:21,302 [om1-impl-thread1] INFO  segmented.SegmentedRaftLogWorker (SegmentedRaftLogWorker.java:lambda$new$0(136)) - om1@group-C5BA1605619E-SegmentedRaftLogWorker: flushIndex: setUnconditionally 0 -> -1
2022-11-05 13:04:21,302 [om1-impl-thread1] INFO  segmented.SegmentedRaftLogWorker (SegmentedRaftLogWorker.java:lambda$new$0(136)) - om1@group-C5BA1605619E-SegmentedRaftLogWorker: safeCacheEvictIndex: setUnconditionally 0 -> -1
2022-11-05 13:04:21,303 [om1-impl-thread1] INFO  server.RaftServer$Division (RaftServerImpl.java:start(334)) - om1@group-C5BA1605619E: start as a follower, conf=-1: peers:[om1|rpc:localhost:9872|priority:0|startupRole:FOLLOWER]|listeners:[], old=null
2022-11-05 13:04:21,304 [om1-impl-thread1] INFO  server.RaftServer$Division (RaftServerImpl.java:setRole(321)) - om1@group-C5BA1605619E: changes role from      null to FOLLOWER at term 0 for startAsFollower
2022-11-05 13:04:21,306 [om1-impl-thread1] INFO  impl.RoleInfo (RoleInfo.java:updateAndGet(139)) - om1: start om1@group-C5BA1605619E-FollowerState
2022-11-05 13:04:21,307 [om1-impl-thread1] INFO  util.JmxRegister (JmxRegister.java:tryRegister(44)) - Successfully registered JMX Bean with object name Ratis:service=RaftServer,group=group-C5BA1605619E,id=om1
2022-11-05 13:04:21,307 [om1@group-C5BA1605619E-FollowerState] INFO  server.RaftServerConfigKeys (ConfUtils.java:logFallback(53)) - raft.server.rpc.first-election.timeout.min = 1s (fallback to raft.server.rpc.timeout.min)
2022-11-05 13:04:21,307 [om1@group-C5BA1605619E-FollowerState] INFO  server.RaftServerConfigKeys (ConfUtils.java:logFallback(53)) - raft.server.rpc.first-election.timeout.max = 1200ms (fallback to raft.server.rpc.timeout.max)
2022-11-05 13:04:21,309 [om1-impl-thread1] INFO  server.RaftServerConfigKeys (ConfUtils.java:logGet(46)) - raft.server.snapshot.auto.trigger.enabled = true (custom)
2022-11-05 13:04:21,309 [om1-impl-thread1] INFO  server.RaftServerConfigKeys (ConfUtils.java:logGet(46)) - raft.server.snapshot.auto.trigger.threshold = 400000 (default)
2022-11-05 13:04:21,309 [om1-impl-thread1] INFO  server.RaftServerConfigKeys (ConfUtils.java:logGet(46)) - raft.server.snapshot.retention.file.num = -1 (default)
2022-11-05 13:04:21,310 [om1-impl-thread1] INFO  server.RaftServerConfigKeys (ConfUtils.java:logGet(46)) - raft.server.log.purge.upto.snapshot.index = true (custom)
2022-11-05 13:04:21,313 [Listener at 127.0.0.1/34735] INFO  server.RaftServer (RaftServerProxy.java:startImpl(393)) - om1: start RPC server
2022-11-05 13:04:21,371 [Listener at 127.0.0.1/34735] INFO  server.GrpcService (GrpcService.java:startImpl(270)) - om1: GrpcService started, listening on 9872
2022-11-05 13:04:21,373 [JvmPauseMonitor0] INFO  util.JvmPauseMonitor (JvmPauseMonitor.java:run(105)) - JvmPauseMonitor-om1: Started
2022-11-05 13:04:21,373 [Listener at 127.0.0.1/34735] INFO  om.OzoneManager (OzoneManager.java:start(1501)) - Version File has different layout version (3) than OM DB (null). That is expected if this OM has never been finalized to a newer layout version.
2022-11-05 13:04:21,398 [Listener at 127.0.0.1/34735] INFO  http.BaseHttpServer (BaseHttpServer.java:newHttpServer2BuilderForOzone(213)) - Starting Web-server for ozoneManager at: http://0.0.0.0:0
2022-11-05 13:04:21,398 [Listener at 127.0.0.1/34735] INFO  http.BaseHttpServer (BaseHttpServer.java:<init>(108)) - Hadoop Security Enabled: false Ozone Security Enabled: false Ozone HTTP Security Enabled: false 
2022-11-05 13:04:21,400 [Listener at 127.0.0.1/34735] WARN  server.AuthenticationFilter (AuthenticationFilter.java:constructSecretProvider(240)) - Unable to initialize FileSignerSecretProvider, falling back to use random secrets. Reason: Could not read signature secret file: /home/runner/hadoop-http-auth-signature-secret
2022-11-05 13:04:21,400 [Listener at 127.0.0.1/34735] WARN  http.HttpRequestLog (HttpRequestLog.java:getRequestLog(103)) - Jetty request log can only be enabled using Log4j
2022-11-05 13:04:21,402 [Listener at 127.0.0.1/34735] INFO  http.HttpServer2 (HttpServer2.java:addGlobalFilter(1031)) - Added global filter 'safety' (class=org.apache.hadoop.hdds.server.http.HttpServer2$QuotingInputFilter)
2022-11-05 13:04:21,403 [Listener at 127.0.0.1/34735] INFO  http.HttpServer2 (HttpServer2.java:addFilter(1007)) - Added filter static_user_filter (class=org.apache.hadoop.http.lib.StaticUserWebFilter$StaticUserFilter) to context ozoneManager
2022-11-05 13:04:21,405 [Listener at 127.0.0.1/34735] INFO  http.HttpServer2 (HttpServer2.java:addFilter(1015)) - Added filter static_user_filter (class=org.apache.hadoop.http.lib.StaticUserWebFilter$StaticUserFilter) to context logs
2022-11-05 13:04:21,405 [Listener at 127.0.0.1/34735] INFO  http.HttpServer2 (HttpServer2.java:addFilter(1015)) - Added filter static_user_filter (class=org.apache.hadoop.http.lib.StaticUserWebFilter$StaticUserFilter) to context static
2022-11-05 13:04:21,407 [Listener at 127.0.0.1/34735] INFO  http.HttpServer2 (HttpServer2.java:bindListener(1250)) - Jetty bound to port 34679
2022-11-05 13:04:21,407 [Listener at 127.0.0.1/34735] INFO  server.Server (Server.java:doStart(375)) - jetty-9.4.49.v20220914; built: 2022-09-14T01:07:36.601Z; git: 4231a3b2e4cb8548a412a789936d640a97b1aa0a; jvm 1.8.0_345-b01
2022-11-05 13:04:21,427 [Listener at 127.0.0.1/34735] INFO  server.session (DefaultSessionIdManager.java:doStart(334)) - DefaultSessionIdManager workerName=node0
2022-11-05 13:04:21,427 [Listener at 127.0.0.1/34735] INFO  server.session (DefaultSessionIdManager.java:doStart(339)) - No SessionScavenger set, using defaults
2022-11-05 13:04:21,427 [Listener at 127.0.0.1/34735] INFO  server.session (HouseKeeper.java:startScavenging(132)) - node0 Scavenging every 600000ms
2022-11-05 13:04:21,435 [Listener at 127.0.0.1/34735] INFO  handler.ContextHandler (ContextHandler.java:doStart(921)) - Started o.e.j.s.ServletContextHandler@253ab1d3{logs,/logs,file:///home/runner/work/ozone/ozone/hadoop-ozone/integration-test/target/log,AVAILABLE}
2022-11-05 13:04:21,435 [Listener at 127.0.0.1/34735] INFO  handler.ContextHandler (ContextHandler.java:doStart(921)) - Started o.e.j.s.ServletContextHandler@13428b9d{static,/static,file:///home/runner/work/ozone/ozone/hadoop-ozone/integration-test/target/test-classes/webapps/static,AVAILABLE}
2022-11-05 13:04:21,439 [Listener at 127.0.0.1/34735] INFO  handler.ContextHandler (ContextHandler.java:doStart(921)) - Started o.e.j.w.WebAppContext@328cc3ee{ozoneManager,/,file:///home/runner/work/ozone/ozone/hadoop-ozone/integration-test/target/test-classes/webapps/ozoneManager/,AVAILABLE}{file:/home/runner/work/ozone/ozone/hadoop-ozone/integration-test/target/test-classes/webapps/ozoneManager}
2022-11-05 13:04:21,441 [Listener at 127.0.0.1/34735] INFO  server.AbstractConnector (AbstractConnector.java:doStart(333)) - Started ServerConnector@105637ea{HTTP/1.1, (http/1.1)}{0.0.0.0:34679}
2022-11-05 13:04:21,441 [Listener at 127.0.0.1/34735] INFO  server.Server (Server.java:doStart(415)) - Started @8003ms
2022-11-05 13:04:21,441 [Listener at 127.0.0.1/34735] WARN  impl.MetricsSystemImpl (MetricsSystemImpl.java:register(279)) - Sink prometheus already exists!
2022-11-05 13:04:21,441 [Listener at 127.0.0.1/34735] INFO  http.BaseHttpServer (BaseHttpServer.java:updateConnectorAddress(333)) - HTTP server of ozoneManager listening at http://0.0.0.0:34679
2022-11-05 13:04:21,442 [IPC Server Responder] INFO  ipc.Server (Server.java:run(1512)) - IPC Server Responder: starting
2022-11-05 13:04:21,442 [IPC Server listener on 0] INFO  ipc.Server (Server.java:run(1352)) - IPC Server listener on 0: starting
2022-11-05 13:04:21,445 [Listener at 127.0.0.1/34735] INFO  om.OzoneManager (OzoneManager.java:startTrashEmptier(1922)) - Trash Interval set to 0. Files deleted won't move to trash
2022-11-05 13:04:21,451 [org.apache.hadoop.util.JvmPauseMonitor$Monitor@53923ca0] INFO  util.JvmPauseMonitor (JvmPauseMonitor.java:run(188)) - Starting JVM pause monitor
2022-11-05 13:04:21,603 [Listener at 127.0.0.1/34735] WARN  impl.MetricRegistriesImpl (MetricRegistriesImpl.java:addReporterRegistration(111)) - New reporters are added after registries were created. Some metrics will be missing from the reporter. Please add reporter before adding any new registry.
2022-11-05 13:04:21,603 [Listener at 127.0.0.1/34735] WARN  impl.MetricRegistriesImpl (MetricRegistriesImpl.java:addReporterRegistration(111)) - New reporters are added after registries were created. Some metrics will be missing from the reporter. Please add reporter before adding any new registry.
2022-11-05 13:04:21,603 [Listener at 127.0.0.1/34735] INFO  impl.MetricsSystemImpl (MetricsSystemImpl.java:init(158)) - HddsDatanode metrics system started (again)
2022-11-05 13:04:21,627 [Listener at 127.0.0.1/34735] INFO  ozone.HddsDatanodeService (HddsDatanodeService.java:start(236)) - HddsDatanodeService host:fv-az83-841.uavyq1izdhte5b0ne1us2eqzhb.jx.internal.cloudapp.net ip:10.1.0.157
2022-11-05 13:04:21,755 [Listener at 127.0.0.1/34735] INFO  upgrade.AbstractLayoutVersionManager (AbstractLayoutVersionManager.java:init(83)) - Initializing Layout version manager with metadata layout = DATANODE_SCHEMA_V3 (version = 4), software layout = DATANODE_SCHEMA_V3 (version = 4)
2022-11-05 13:04:21,801 [Listener at 127.0.0.1/34735] INFO  reflections.Reflections (Reflections.java:scan(232)) - Reflections took 45 ms to scan 7 urls, producing 139 keys and 336 values 
2022-11-05 13:04:21,804 [Listener at 127.0.0.1/34735] INFO  statemachine.DatanodeStateMachine (DatanodeStateMachine.java:getEndPointTaskThreadPoolSize(245)) - Datanode State Machine Task Thread Pool size 2
2022-11-05 13:04:21,854 [Listener at 127.0.0.1/34735] INFO  volume.HddsVolume (HddsVolume.java:<init>(117)) - Creating HddsVolume: /home/runner/work/ozone/ozone/hadoop-ozone/integration-test/target/test-dir/MiniOzoneClusterImpl-9e91b504-fe86-427b-a8de-b3d8b21cdaaf/datanode-0/data-0/containers/hdds of storage type : DISK capacity : 9223372036854775807
2022-11-05 13:04:21,856 [Listener at 127.0.0.1/34735] INFO  volume.MutableVolumeSet (MutableVolumeSet.java:initializeVolumeSet(174)) - Added Volume : /home/runner/work/ozone/ozone/hadoop-ozone/integration-test/target/test-dir/MiniOzoneClusterImpl-9e91b504-fe86-427b-a8de-b3d8b21cdaaf/datanode-0/data-0/containers/hdds to VolumeSet
2022-11-05 13:04:21,857 [Listener at 127.0.0.1/34735] INFO  volume.ThrottledAsyncChecker (ThrottledAsyncChecker.java:schedule(141)) - Scheduling a check for /home/runner/work/ozone/ozone/hadoop-ozone/integration-test/target/test-dir/MiniOzoneClusterImpl-9e91b504-fe86-427b-a8de-b3d8b21cdaaf/datanode-0/data-0/containers/hdds
2022-11-05 13:04:21,875 [Listener at 127.0.0.1/34735] INFO  volume.StorageVolumeChecker (StorageVolumeChecker.java:checkAllVolumes(202)) - Scheduled health check for volume /home/runner/work/ozone/ozone/hadoop-ozone/integration-test/target/test-dir/MiniOzoneClusterImpl-9e91b504-fe86-427b-a8de-b3d8b21cdaaf/datanode-0/data-0/containers/hdds
2022-11-05 13:04:21,893 [Listener at 127.0.0.1/34735] INFO  volume.MutableVolumeSet (MutableVolumeSet.java:initializeVolumeSet(174)) - Added Volume : /home/runner/work/ozone/ozone/hadoop-ozone/integration-test/target/test-dir/MiniOzoneClusterImpl-9e91b504-fe86-427b-a8de-b3d8b21cdaaf/datanode-0/data/ratis to VolumeSet
2022-11-05 13:04:21,893 [Listener at 127.0.0.1/34735] INFO  volume.ThrottledAsyncChecker (ThrottledAsyncChecker.java:schedule(141)) - Scheduling a check for /home/runner/work/ozone/ozone/hadoop-ozone/integration-test/target/test-dir/MiniOzoneClusterImpl-9e91b504-fe86-427b-a8de-b3d8b21cdaaf/datanode-0/data/ratis
2022-11-05 13:04:21,894 [Listener at 127.0.0.1/34735] INFO  volume.StorageVolumeChecker (StorageVolumeChecker.java:checkAllVolumes(202)) - Scheduled health check for volume /home/runner/work/ozone/ozone/hadoop-ozone/integration-test/target/test-dir/MiniOzoneClusterImpl-9e91b504-fe86-427b-a8de-b3d8b21cdaaf/datanode-0/data/ratis
2022-11-05 13:04:21,923 [Thread-136] INFO  ozoneimpl.ContainerReader (ContainerReader.java:readVolume(175)) - Finish verifying containers on volume /home/runner/work/ozone/ozone/hadoop-ozone/integration-test/target/test-dir/MiniOzoneClusterImpl-9e91b504-fe86-427b-a8de-b3d8b21cdaaf/datanode-0/data-0/containers/hdds
2022-11-05 13:04:21,923 [Listener at 127.0.0.1/34735] INFO  ozoneimpl.OzoneContainer (OzoneContainer.java:buildContainerSet(300)) - Build ContainerSet costs 0s
2022-11-05 13:04:21,969 [Listener at 127.0.0.1/34735] INFO  audit.AuditLogger (AuditLogger.java:refreshDebugCmdSet(126)) - Refresh DebugCmdSet for DNAudit to [].
2022-11-05 13:04:21,997 [Listener at 127.0.0.1/34735] INFO  server.RaftServer (ConfUtils.java:logGet(46)) - raft.rpc.type = GRPC (default)
2022-11-05 13:04:21,997 [Listener at 127.0.0.1/34735] INFO  grpc.GrpcConfigKeys (ConfUtils.java:logFallback(53)) - raft.grpc.admin.host = null (fallback to raft.grpc.server.host)
2022-11-05 13:04:21,997 [Listener at 127.0.0.1/34735] INFO  grpc.GrpcConfigKeys (ConfUtils.java:logGet(46)) - raft.grpc.admin.port = 0 (custom)
2022-11-05 13:04:21,997 [Listener at 127.0.0.1/34735] INFO  grpc.GrpcConfigKeys (ConfUtils.java:logFallback(53)) - raft.grpc.client.host = null (fallback to raft.grpc.server.host)
2022-11-05 13:04:21,998 [Listener at 127.0.0.1/34735] INFO  grpc.GrpcConfigKeys (ConfUtils.java:logGet(46)) - raft.grpc.client.port = 0 (custom)
2022-11-05 13:04:21,998 [Listener at 127.0.0.1/34735] INFO  grpc.GrpcConfigKeys (ConfUtils.java:logGet(46)) - raft.grpc.server.host = null (default)
2022-11-05 13:04:21,998 [Listener at 127.0.0.1/34735] INFO  grpc.GrpcConfigKeys (ConfUtils.java:logGet(46)) - raft.grpc.server.port = 0 (default)
2022-11-05 13:04:21,998 [Listener at 127.0.0.1/34735] INFO  server.GrpcService (ConfUtils.java:logGet(46)) - raft.grpc.message.size.max = 32MB (=33554432) (custom)
2022-11-05 13:04:21,998 [Listener at 127.0.0.1/34735] INFO  server.RaftServerConfigKeys (ConfUtils.java:logGet(46)) - raft.server.log.appender.buffer.byte-limit = 33554432 (custom)
2022-11-05 13:04:21,999 [Listener at 127.0.0.1/34735] INFO  server.GrpcService (ConfUtils.java:logGet(46)) - raft.grpc.flow.control.window = 5MB (=5242880) (custom)
2022-11-05 13:04:21,999 [Listener at 127.0.0.1/34735] INFO  server.RaftServerConfigKeys (ConfUtils.java:logGet(46)) - raft.server.rpc.request.timeout = 60s (custom)
2022-11-05 13:04:21,999 [Listener at 127.0.0.1/34735] INFO  grpc.GrpcConfigKeys (ConfUtils.java:logGet(46)) - raft.grpc.server.heartbeat.channel = true (default)
2022-11-05 13:04:21,999 [Listener at 127.0.0.1/34735] INFO  grpc.GrpcConfigKeys (ConfUtils.java:logGet(46)) - raft.grpc.server.async.request.thread.pool.cached = true (default)
2022-11-05 13:04:21,999 [Listener at 127.0.0.1/34735] INFO  grpc.GrpcConfigKeys (ConfUtils.java:logGet(46)) - raft.grpc.server.async.request.thread.pool.size = 32 (default)
2022-11-05 13:04:22,000 [Listener at 127.0.0.1/34735] INFO  impl.DataStreamServerImpl (ConfUtils.java:logGet(46)) - raft.datastream.type = DISABLED (default)
2022-11-05 13:04:22,001 [Listener at 127.0.0.1/34735] INFO  server.RaftServerConfigKeys (ConfUtils.java:logGet(46)) - raft.server.threadpool.proxy.cached = true (default)
2022-11-05 13:04:22,001 [Listener at 127.0.0.1/34735] INFO  server.RaftServerConfigKeys (ConfUtils.java:logGet(46)) - raft.server.threadpool.proxy.size = 0 (default)
2022-11-05 13:04:22,001 [Listener at 127.0.0.1/34735] INFO  server.RaftServerConfigKeys (ConfUtils.java:logGet(46)) - raft.server.rpc.slowness.timeout = 300s (custom)
2022-11-05 13:04:22,001 [Listener at 127.0.0.1/34735] INFO  server.RaftServerConfigKeys (ConfUtils.java:logGet(46)) - raft.server.leaderelection.leader.step-down.wait-time = 10s (default)
2022-11-05 13:04:22,002 [Listener at 127.0.0.1/34735] INFO  server.RaftServerConfigKeys (ConfUtils.java:logGet(46)) - raft.server.storage.dir = [/home/runner/work/ozone/ozone/hadoop-ozone/integration-test/target/test-dir/MiniOzoneClusterImpl-9e91b504-fe86-427b-a8de-b3d8b21cdaaf/datanode-0/data/ratis] (custom)
2022-11-05 13:04:22,018 [Listener at 127.0.0.1/34735] INFO  server.XceiverServerGrpc (XceiverServerGrpc.java:<init>(132)) - GrpcServer channel type EpollServerSocketChannel
2022-11-05 13:04:22,083 [Listener at 127.0.0.1/34735] INFO  http.BaseHttpServer (BaseHttpServer.java:newHttpServer2BuilderForOzone(213)) - Starting Web-server for hddsDatanode at: http://0.0.0.0:0
2022-11-05 13:04:22,083 [Listener at 127.0.0.1/34735] INFO  http.BaseHttpServer (BaseHttpServer.java:<init>(108)) - Hadoop Security Enabled: false Ozone Security Enabled: false Ozone HTTP Security Enabled: false 
2022-11-05 13:04:22,085 [Listener at 127.0.0.1/34735] WARN  server.AuthenticationFilter (AuthenticationFilter.java:constructSecretProvider(240)) - Unable to initialize FileSignerSecretProvider, falling back to use random secrets. Reason: Could not read signature secret file: /home/runner/hadoop-http-auth-signature-secret
2022-11-05 13:04:22,087 [Listener at 127.0.0.1/34735] WARN  http.HttpRequestLog (HttpRequestLog.java:getRequestLog(103)) - Jetty request log can only be enabled using Log4j
2022-11-05 13:04:22,088 [Listener at 127.0.0.1/34735] INFO  http.HttpServer2 (HttpServer2.java:addGlobalFilter(1031)) - Added global filter 'safety' (class=org.apache.hadoop.hdds.server.http.HttpServer2$QuotingInputFilter)
2022-11-05 13:04:22,089 [Listener at 127.0.0.1/34735] INFO  http.HttpServer2 (HttpServer2.java:addFilter(1007)) - Added filter static_user_filter (class=org.apache.hadoop.http.lib.StaticUserWebFilter$StaticUserFilter) to context hddsDatanode
2022-11-05 13:04:22,089 [Listener at 127.0.0.1/34735] INFO  http.HttpServer2 (HttpServer2.java:addFilter(1015)) - Added filter static_user_filter (class=org.apache.hadoop.http.lib.StaticUserWebFilter$StaticUserFilter) to context logs
2022-11-05 13:04:22,089 [Listener at 127.0.0.1/34735] INFO  http.HttpServer2 (HttpServer2.java:addFilter(1015)) - Added filter static_user_filter (class=org.apache.hadoop.http.lib.StaticUserWebFilter$StaticUserFilter) to context static
2022-11-05 13:04:22,090 [Listener at 127.0.0.1/34735] INFO  http.HttpServer2 (HttpServer2.java:bindListener(1250)) - Jetty bound to port 42863
2022-11-05 13:04:22,090 [Listener at 127.0.0.1/34735] INFO  server.Server (Server.java:doStart(375)) - jetty-9.4.49.v20220914; built: 2022-09-14T01:07:36.601Z; git: 4231a3b2e4cb8548a412a789936d640a97b1aa0a; jvm 1.8.0_345-b01
2022-11-05 13:04:22,098 [Listener at 127.0.0.1/34735] INFO  server.session (DefaultSessionIdManager.java:doStart(334)) - DefaultSessionIdManager workerName=node0
2022-11-05 13:04:22,099 [Listener at 127.0.0.1/34735] INFO  server.session (DefaultSessionIdManager.java:doStart(339)) - No SessionScavenger set, using defaults
2022-11-05 13:04:22,099 [Listener at 127.0.0.1/34735] INFO  server.session (HouseKeeper.java:startScavenging(132)) - node0 Scavenging every 600000ms
2022-11-05 13:04:22,107 [Listener at 127.0.0.1/34735] INFO  handler.ContextHandler (ContextHandler.java:doStart(921)) - Started o.e.j.s.ServletContextHandler@1c57062c{logs,/logs,file:///home/runner/work/ozone/ozone/hadoop-ozone/integration-test/target/log,AVAILABLE}
2022-11-05 13:04:22,107 [Listener at 127.0.0.1/34735] INFO  handler.ContextHandler (ContextHandler.java:doStart(921)) - Started o.e.j.s.ServletContextHandler@1a34100f{static,/static,jar:file:/home/runner/.m2/repository/org/apache/ozone/hdds-container-service/1.3.0-SNAPSHOT/hdds-container-service-1.3.0-SNAPSHOT.jar!/webapps/static,AVAILABLE}
2022-11-05 13:04:22,288 [Listener at 127.0.0.1/34735] INFO  handler.ContextHandler (ContextHandler.java:doStart(921)) - Started o.e.j.w.WebAppContext@732ffe03{hddsDatanode,/,file:///tmp/jetty-0_0_0_0-42863-hdds-container-service-1_3_0-SNAPSHOT_jar-_-any-1690966784300653991/webapp/,AVAILABLE}{jar:file:/home/runner/.m2/repository/org/apache/ozone/hdds-container-service/1.3.0-SNAPSHOT/hdds-container-service-1.3.0-SNAPSHOT.jar!/webapps/hddsDatanode}
2022-11-05 13:04:22,290 [Listener at 127.0.0.1/34735] INFO  server.AbstractConnector (AbstractConnector.java:doStart(333)) - Started ServerConnector@2c297832{HTTP/1.1, (http/1.1)}{0.0.0.0:42863}
2022-11-05 13:04:22,290 [Listener at 127.0.0.1/34735] INFO  server.Server (Server.java:doStart(415)) - Started @8853ms
2022-11-05 13:04:22,290 [Listener at 127.0.0.1/34735] WARN  impl.MetricsSystemImpl (MetricsSystemImpl.java:register(279)) - Sink prometheus already exists!
2022-11-05 13:04:22,291 [Listener at 127.0.0.1/34735] INFO  http.BaseHttpServer (BaseHttpServer.java:updateConnectorAddress(333)) - HTTP server of hddsDatanode listening at http://0.0.0.0:42863
2022-11-05 13:04:22,292 [Listener at 127.0.0.1/34735] WARN  impl.MetricRegistriesImpl (MetricRegistriesImpl.java:addReporterRegistration(111)) - New reporters are added after registries were created. Some metrics will be missing from the reporter. Please add reporter before adding any new registry.
2022-11-05 13:04:22,292 [Listener at 127.0.0.1/34735] WARN  impl.MetricRegistriesImpl (MetricRegistriesImpl.java:addReporterRegistration(111)) - New reporters are added after registries were created. Some metrics will be missing from the reporter. Please add reporter before adding any new registry.
2022-11-05 13:04:22,292 [Listener at 127.0.0.1/34735] INFO  impl.MetricsSystemImpl (MetricsSystemImpl.java:init(158)) - HddsDatanode metrics system started (again)
2022-11-05 13:04:22,300 [Datanode State Machine Daemon Thread] INFO  statemachine.DatanodeStateMachine (DatanodeStateMachine.java:lambda$startDaemon$0(505)) - Ozone container server started.
2022-11-05 13:04:22,324 [Listener at 127.0.0.1/34735] INFO  ozone.HddsDatanodeService (HddsDatanodeService.java:start(236)) - HddsDatanodeService host:fv-az83-841.uavyq1izdhte5b0ne1us2eqzhb.jx.internal.cloudapp.net ip:10.1.0.157
2022-11-05 13:04:22,342 [org.apache.hadoop.util.JvmPauseMonitor$Monitor@229f8d20] INFO  util.JvmPauseMonitor (JvmPauseMonitor.java:run(188)) - Starting JVM pause monitor
2022-11-05 13:04:22,459 [Listener at 127.0.0.1/34735] INFO  upgrade.AbstractLayoutVersionManager (AbstractLayoutVersionManager.java:init(83)) - Initializing Layout version manager with metadata layout = DATANODE_SCHEMA_V3 (version = 4), software layout = DATANODE_SCHEMA_V3 (version = 4)
2022-11-05 13:04:22,465 [om1@group-C5BA1605619E-FollowerState] INFO  impl.FollowerState (FollowerState.java:run(143)) - om1@group-C5BA1605619E-FollowerState: change to CANDIDATE, lastRpcElapsedTime:1159229405ns, electionTimeout:1156ms
2022-11-05 13:04:22,466 [om1@group-C5BA1605619E-FollowerState] INFO  impl.RoleInfo (RoleInfo.java:shutdownFollowerState(110)) - om1: shutdown om1@group-C5BA1605619E-FollowerState
2022-11-05 13:04:22,470 [om1@group-C5BA1605619E-FollowerState] INFO  server.RaftServer$Division (RaftServerImpl.java:setRole(321)) - om1@group-C5BA1605619E: changes role from  FOLLOWER to CANDIDATE at term 0 for changeToCandidate
2022-11-05 13:04:22,473 [om1@group-C5BA1605619E-FollowerState] INFO  server.RaftServerConfigKeys (ConfUtils.java:logGet(46)) - raft.server.leaderelection.pre-vote = false (custom)
2022-11-05 13:04:22,474 [om1@group-C5BA1605619E-FollowerState] INFO  impl.RoleInfo (RoleInfo.java:updateAndGet(139)) - om1: start om1@group-C5BA1605619E-LeaderElection1
2022-11-05 13:04:22,505 [om1@group-C5BA1605619E-LeaderElection1] INFO  impl.LeaderElection (LeaderElection.java:askForVotes(312)) - om1@group-C5BA1605619E-LeaderElection1 ELECTION round 0: submit vote requests at term 1 for -1: peers:[om1|rpc:localhost:9872|priority:0|startupRole:FOLLOWER]|listeners:[], old=null
2022-11-05 13:04:22,506 [om1@group-C5BA1605619E-LeaderElection1] INFO  impl.LeaderElection (LeaderElection.java:askForVotes(314)) - om1@group-C5BA1605619E-LeaderElection1 ELECTION round 0: result PASSED (term=1)
2022-11-05 13:04:22,507 [om1@group-C5BA1605619E-LeaderElection1] INFO  impl.RoleInfo (RoleInfo.java:shutdownLeaderElection(130)) - om1: shutdown om1@group-C5BA1605619E-LeaderElection1
2022-11-05 13:04:22,507 [om1@group-C5BA1605619E-LeaderElection1] INFO  server.RaftServer$Division (RaftServerImpl.java:setRole(321)) - om1@group-C5BA1605619E: changes role from CANDIDATE to LEADER at term 1 for changeToLeader
2022-11-05 13:04:22,507 [om1@group-C5BA1605619E-LeaderElection1] INFO  server.RaftServer$Division (ServerState.java:setLeader(313)) - om1@group-C5BA1605619E: change Leader from null to om1 at term 1 for becomeLeader, leader elected after 2245ms
2022-11-05 13:04:22,513 [Datanode State Machine Task Thread - 0] INFO  datanode.InitDatanodeState (InitDatanodeState.java:persistContainerDatanodeDetails(138)) - DatanodeDetails is persisted to /home/runner/work/ozone/ozone/hadoop-ozone/integration-test/target/test-dir/MiniOzoneClusterImpl-9e91b504-fe86-427b-a8de-b3d8b21cdaaf/datanode-0/meta/datanode.id
2022-11-05 13:04:22,516 [om1@group-C5BA1605619E-LeaderElection1] INFO  server.RaftServerConfigKeys (ConfUtils.java:logGet(46)) - raft.server.staging.catchup.gap = 1000 (default)
2022-11-05 13:04:22,526 [om1@group-C5BA1605619E-LeaderElection1] INFO  server.RaftServerConfigKeys (ConfUtils.java:logGet(46)) - raft.server.write.element-limit = 4096 (default)
2022-11-05 13:04:22,527 [om1@group-C5BA1605619E-LeaderElection1] INFO  server.RaftServerConfigKeys (ConfUtils.java:logGet(46)) - raft.server.write.byte-limit = 64MB (=67108864) (default)
2022-11-05 13:04:22,530 [Listener at 127.0.0.1/34735] INFO  reflections.Reflections (Reflections.java:scan(232)) - Reflections took 70 ms to scan 7 urls, producing 139 keys and 336 values 
2022-11-05 13:04:22,531 [Listener at 127.0.0.1/34735] INFO  statemachine.DatanodeStateMachine (DatanodeStateMachine.java:getEndPointTaskThreadPoolSize(245)) - Datanode State Machine Task Thread Pool size 2
2022-11-05 13:04:22,534 [Listener at 127.0.0.1/34735] INFO  volume.HddsVolume (HddsVolume.java:<init>(117)) - Creating HddsVolume: /home/runner/work/ozone/ozone/hadoop-ozone/integration-test/target/test-dir/MiniOzoneClusterImpl-9e91b504-fe86-427b-a8de-b3d8b21cdaaf/datanode-1/data-0/containers/hdds of storage type : DISK capacity : 9223372036854775807
2022-11-05 13:04:22,534 [Listener at 127.0.0.1/34735] INFO  volume.MutableVolumeSet (MutableVolumeSet.java:initializeVolumeSet(174)) - Added Volume : /home/runner/work/ozone/ozone/hadoop-ozone/integration-test/target/test-dir/MiniOzoneClusterImpl-9e91b504-fe86-427b-a8de-b3d8b21cdaaf/datanode-1/data-0/containers/hdds to VolumeSet
2022-11-05 13:04:22,534 [Listener at 127.0.0.1/34735] INFO  volume.ThrottledAsyncChecker (ThrottledAsyncChecker.java:schedule(141)) - Scheduling a check for /home/runner/work/ozone/ozone/hadoop-ozone/integration-test/target/test-dir/MiniOzoneClusterImpl-9e91b504-fe86-427b-a8de-b3d8b21cdaaf/datanode-1/data-0/containers/hdds
2022-11-05 13:04:22,535 [Listener at 127.0.0.1/34735] INFO  volume.StorageVolumeChecker (StorageVolumeChecker.java:checkAllVolumes(202)) - Scheduled health check for volume /home/runner/work/ozone/ozone/hadoop-ozone/integration-test/target/test-dir/MiniOzoneClusterImpl-9e91b504-fe86-427b-a8de-b3d8b21cdaaf/datanode-1/data-0/containers/hdds
2022-11-05 13:04:22,540 [om1@group-C5BA1605619E-LeaderElection1] INFO  server.RaftServerConfigKeys (ConfUtils.java:logGet(46)) - raft.server.watch.timeout = 10s (default)
2022-11-05 13:04:22,540 [om1@group-C5BA1605619E-LeaderElection1] INFO  server.RaftServerConfigKeys (ConfUtils.java:logGet(46)) - raft.server.watch.timeout.denomination = 1s (default)
2022-11-05 13:04:22,543 [om1@group-C5BA1605619E-LeaderElection1] INFO  server.RaftServerConfigKeys (ConfUtils.java:logGet(46)) - raft.server.watch.element-limit = 65536 (default)
2022-11-05 13:04:22,546 [Listener at 127.0.0.1/34735] INFO  volume.MutableVolumeSet (MutableVolumeSet.java:initializeVolumeSet(174)) - Added Volume : /home/runner/work/ozone/ozone/hadoop-ozone/integration-test/target/test-dir/MiniOzoneClusterImpl-9e91b504-fe86-427b-a8de-b3d8b21cdaaf/datanode-1/data/ratis to VolumeSet
2022-11-05 13:04:22,547 [Listener at 127.0.0.1/34735] INFO  volume.ThrottledAsyncChecker (ThrottledAsyncChecker.java:schedule(141)) - Scheduling a check for /home/runner/work/ozone/ozone/hadoop-ozone/integration-test/target/test-dir/MiniOzoneClusterImpl-9e91b504-fe86-427b-a8de-b3d8b21cdaaf/datanode-1/data/ratis
2022-11-05 13:04:22,547 [Listener at 127.0.0.1/34735] INFO  volume.StorageVolumeChecker (StorageVolumeChecker.java:checkAllVolumes(202)) - Scheduled health check for volume /home/runner/work/ozone/ozone/hadoop-ozone/integration-test/target/test-dir/MiniOzoneClusterImpl-9e91b504-fe86-427b-a8de-b3d8b21cdaaf/datanode-1/data/ratis
2022-11-05 13:04:22,556 [om1@group-C5BA1605619E-LeaderElection1] INFO  server.RaftServerConfigKeys (ConfUtils.java:logGet(46)) - raft.server.write.element-limit = 4096 (default)
2022-11-05 13:04:22,558 [Thread-151] INFO  ozoneimpl.ContainerReader (ContainerReader.java:readVolume(175)) - Finish verifying containers on volume /home/runner/work/ozone/ozone/hadoop-ozone/integration-test/target/test-dir/MiniOzoneClusterImpl-9e91b504-fe86-427b-a8de-b3d8b21cdaaf/datanode-1/data-0/containers/hdds
2022-11-05 13:04:22,564 [Listener at 127.0.0.1/34735] INFO  ozoneimpl.OzoneContainer (OzoneContainer.java:buildContainerSet(300)) - Build ContainerSet costs 0s
2022-11-05 13:04:22,568 [Listener at 127.0.0.1/34735] INFO  server.RaftServer (ConfUtils.java:logGet(46)) - raft.rpc.type = GRPC (default)
2022-11-05 13:04:22,568 [Listener at 127.0.0.1/34735] INFO  grpc.GrpcConfigKeys (ConfUtils.java:logFallback(53)) - raft.grpc.admin.host = null (fallback to raft.grpc.server.host)
2022-11-05 13:04:22,568 [Listener at 127.0.0.1/34735] INFO  grpc.GrpcConfigKeys (ConfUtils.java:logGet(46)) - raft.grpc.admin.port = 0 (custom)
2022-11-05 13:04:22,568 [om1@group-C5BA1605619E-LeaderElection1] INFO  server.RaftServerConfigKeys (ConfUtils.java:logGet(46)) - raft.server.write.follower.gap.ratio.max = -1.0 (default)
2022-11-05 13:04:22,569 [Listener at 127.0.0.1/34735] INFO  grpc.GrpcConfigKeys (ConfUtils.java:logFallback(53)) - raft.grpc.client.host = null (fallback to raft.grpc.server.host)
2022-11-05 13:04:22,569 [Listener at 127.0.0.1/34735] INFO  grpc.GrpcConfigKeys (ConfUtils.java:logGet(46)) - raft.grpc.client.port = 0 (custom)
2022-11-05 13:04:22,569 [Listener at 127.0.0.1/34735] INFO  grpc.GrpcConfigKeys (ConfUtils.java:logGet(46)) - raft.grpc.server.host = null (default)
2022-11-05 13:04:22,569 [Listener at 127.0.0.1/34735] INFO  grpc.GrpcConfigKeys (ConfUtils.java:logGet(46)) - raft.grpc.server.port = 0 (default)
2022-11-05 13:04:22,569 [Listener at 127.0.0.1/34735] INFO  server.GrpcService (ConfUtils.java:logGet(46)) - raft.grpc.message.size.max = 32MB (=33554432) (custom)
2022-11-05 13:04:22,569 [Listener at 127.0.0.1/34735] INFO  server.RaftServerConfigKeys (ConfUtils.java:logGet(46)) - raft.server.log.appender.buffer.byte-limit = 33554432 (custom)
2022-11-05 13:04:22,569 [Listener at 127.0.0.1/34735] INFO  server.GrpcService (ConfUtils.java:logGet(46)) - raft.grpc.flow.control.window = 5MB (=5242880) (custom)
2022-11-05 13:04:22,570 [Listener at 127.0.0.1/34735] INFO  server.RaftServerConfigKeys (ConfUtils.java:logGet(46)) - raft.server.rpc.request.timeout = 60s (custom)
2022-11-05 13:04:22,570 [Listener at 127.0.0.1/34735] INFO  grpc.GrpcConfigKeys (ConfUtils.java:logGet(46)) - raft.grpc.server.heartbeat.channel = true (default)
2022-11-05 13:04:22,570 [Listener at 127.0.0.1/34735] INFO  grpc.GrpcConfigKeys (ConfUtils.java:logGet(46)) - raft.grpc.server.async.request.thread.pool.cached = true (default)
2022-11-05 13:04:22,570 [Listener at 127.0.0.1/34735] INFO  grpc.GrpcConfigKeys (ConfUtils.java:logGet(46)) - raft.grpc.server.async.request.thread.pool.size = 32 (default)
2022-11-05 13:04:22,571 [Listener at 127.0.0.1/34735] INFO  impl.DataStreamServerImpl (ConfUtils.java:logGet(46)) - raft.datastream.type = DISABLED (default)
2022-11-05 13:04:22,571 [Listener at 127.0.0.1/34735] INFO  server.RaftServerConfigKeys (ConfUtils.java:logGet(46)) - raft.server.threadpool.proxy.cached = true (default)
2022-11-05 13:04:22,572 [Listener at 127.0.0.1/34735] INFO  server.RaftServerConfigKeys (ConfUtils.java:logGet(46)) - raft.server.threadpool.proxy.size = 0 (default)
2022-11-05 13:04:22,572 [Listener at 127.0.0.1/34735] INFO  server.RaftServerConfigKeys (ConfUtils.java:logGet(46)) - raft.server.rpc.slowness.timeout = 300s (custom)
2022-11-05 13:04:22,572 [Listener at 127.0.0.1/34735] INFO  server.RaftServerConfigKeys (ConfUtils.java:logGet(46)) - raft.server.leaderelection.leader.step-down.wait-time = 10s (default)
2022-11-05 13:04:22,572 [Listener at 127.0.0.1/34735] INFO  server.RaftServerConfigKeys (ConfUtils.java:logGet(46)) - raft.server.storage.dir = [/home/runner/work/ozone/ozone/hadoop-ozone/integration-test/target/test-dir/MiniOzoneClusterImpl-9e91b504-fe86-427b-a8de-b3d8b21cdaaf/datanode-1/data/ratis] (custom)
2022-11-05 13:04:22,574 [Listener at 127.0.0.1/34735] INFO  server.XceiverServerGrpc (XceiverServerGrpc.java:<init>(132)) - GrpcServer channel type EpollServerSocketChannel
2022-11-05 13:04:22,577 [Listener at 127.0.0.1/34735] INFO  http.BaseHttpServer (BaseHttpServer.java:newHttpServer2BuilderForOzone(213)) - Starting Web-server for hddsDatanode at: http://0.0.0.0:0
2022-11-05 13:04:22,577 [Listener at 127.0.0.1/34735] INFO  http.BaseHttpServer (BaseHttpServer.java:<init>(108)) - Hadoop Security Enabled: false Ozone Security Enabled: false Ozone HTTP Security Enabled: false 
2022-11-05 13:04:22,578 [om1@group-C5BA1605619E-LeaderElection1] INFO  impl.RoleInfo (RoleInfo.java:updateAndGet(139)) - om1: start om1@group-C5BA1605619E-LeaderStateImpl
2022-11-05 13:04:22,579 [Listener at 127.0.0.1/34735] WARN  server.AuthenticationFilter (AuthenticationFilter.java:constructSecretProvider(240)) - Unable to initialize FileSignerSecretProvider, falling back to use random secrets. Reason: Could not read signature secret file: /home/runner/hadoop-http-auth-signature-secret
2022-11-05 13:04:22,583 [Listener at 127.0.0.1/34735] WARN  http.HttpRequestLog (HttpRequestLog.java:getRequestLog(103)) - Jetty request log can only be enabled using Log4j
2022-11-05 13:04:22,584 [Listener at 127.0.0.1/34735] INFO  http.HttpServer2 (HttpServer2.java:addGlobalFilter(1031)) - Added global filter 'safety' (class=org.apache.hadoop.hdds.server.http.HttpServer2$QuotingInputFilter)
2022-11-05 13:04:22,585 [Listener at 127.0.0.1/34735] INFO  http.HttpServer2 (HttpServer2.java:addFilter(1007)) - Added filter static_user_filter (class=org.apache.hadoop.http.lib.StaticUserWebFilter$StaticUserFilter) to context hddsDatanode
2022-11-05 13:04:22,585 [Listener at 127.0.0.1/34735] INFO  http.HttpServer2 (HttpServer2.java:addFilter(1015)) - Added filter static_user_filter (class=org.apache.hadoop.http.lib.StaticUserWebFilter$StaticUserFilter) to context logs
2022-11-05 13:04:22,585 [Listener at 127.0.0.1/34735] INFO  http.HttpServer2 (HttpServer2.java:addFilter(1015)) - Added filter static_user_filter (class=org.apache.hadoop.http.lib.StaticUserWebFilter$StaticUserFilter) to context static
2022-11-05 13:04:22,586 [Listener at 127.0.0.1/34735] INFO  http.HttpServer2 (HttpServer2.java:bindListener(1250)) - Jetty bound to port 45987
2022-11-05 13:04:22,586 [Listener at 127.0.0.1/34735] INFO  server.Server (Server.java:doStart(375)) - jetty-9.4.49.v20220914; built: 2022-09-14T01:07:36.601Z; git: 4231a3b2e4cb8548a412a789936d640a97b1aa0a; jvm 1.8.0_345-b01
2022-11-05 13:04:22,629 [Listener at 127.0.0.1/34735] INFO  server.session (DefaultSessionIdManager.java:doStart(334)) - DefaultSessionIdManager workerName=node0
2022-11-05 13:04:22,629 [Listener at 127.0.0.1/34735] INFO  server.session (DefaultSessionIdManager.java:doStart(339)) - No SessionScavenger set, using defaults
2022-11-05 13:04:22,629 [Listener at 127.0.0.1/34735] INFO  server.session (HouseKeeper.java:startScavenging(132)) - node0 Scavenging every 600000ms
2022-11-05 13:04:22,630 [Listener at 127.0.0.1/34735] INFO  handler.ContextHandler (ContextHandler.java:doStart(921)) - Started o.e.j.s.ServletContextHandler@4c9d87ff{logs,/logs,file:///home/runner/work/ozone/ozone/hadoop-ozone/integration-test/target/log,AVAILABLE}
2022-11-05 13:04:22,631 [Listener at 127.0.0.1/34735] INFO  handler.ContextHandler (ContextHandler.java:doStart(921)) - Started o.e.j.s.ServletContextHandler@577e0362{static,/static,jar:file:/home/runner/.m2/repository/org/apache/ozone/hdds-container-service/1.3.0-SNAPSHOT/hdds-container-service-1.3.0-SNAPSHOT.jar!/webapps/static,AVAILABLE}
2022-11-05 13:04:22,636 [om1@group-C5BA1605619E-LeaderElection1] INFO  segmented.SegmentedRaftLogWorker (SegmentedRaftLogWorker.java:startLogSegment(452)) - om1@group-C5BA1605619E-SegmentedRaftLogWorker: Starting segment from index:0
2022-11-05 13:04:22,668 [om1@group-C5BA1605619E-LeaderElection1] INFO  server.RaftServer$Division (ServerState.java:setRaftConf(430)) - om1@group-C5BA1605619E: set configuration 0: peers:[om1|rpc:localhost:9872|admin:|client:|dataStream:|priority:0|startupRole:FOLLOWER]|listeners:[], old=null
2022-11-05 13:04:22,749 [om1@group-C5BA1605619E-SegmentedRaftLogWorker] INFO  segmented.SegmentedRaftLogWorker (SegmentedRaftLogWorker.java:execute(656)) - om1@group-C5BA1605619E-SegmentedRaftLogWorker: created new log segment /home/runner/work/ozone/ozone/hadoop-ozone/integration-test/target/test-dir/MiniOzoneClusterImpl-9e91b504-fe86-427b-a8de-b3d8b21cdaaf/ozone-meta/ratis/bf265839-605b-3f16-9796-c5ba1605619e/current/log_inprogress_0
2022-11-05 13:04:22,855 [Listener at 127.0.0.1/34735] INFO  handler.ContextHandler (ContextHandler.java:doStart(921)) - Started o.e.j.w.WebAppContext@7d4c8606{hddsDatanode,/,file:///tmp/jetty-0_0_0_0-45987-hdds-container-service-1_3_0-SNAPSHOT_jar-_-any-7234650600466915276/webapp/,AVAILABLE}{jar:file:/home/runner/.m2/repository/org/apache/ozone/hdds-container-service/1.3.0-SNAPSHOT/hdds-container-service-1.3.0-SNAPSHOT.jar!/webapps/hddsDatanode}
2022-11-05 13:04:22,865 [Listener at 127.0.0.1/34735] INFO  server.AbstractConnector (AbstractConnector.java:doStart(333)) - Started ServerConnector@74409dc9{HTTP/1.1, (http/1.1)}{0.0.0.0:45987}
2022-11-05 13:04:22,865 [Listener at 127.0.0.1/34735] INFO  server.Server (Server.java:doStart(415)) - Started @9428ms
2022-11-05 13:04:22,865 [Listener at 127.0.0.1/34735] WARN  impl.MetricsSystemImpl (MetricsSystemImpl.java:register(279)) - Sink prometheus already exists!
2022-11-05 13:04:22,866 [om1@group-C5BA1605619E-StateMachineUpdater] INFO  ratis.OzoneManagerStateMachine (OzoneManagerStateMachine.java:notifyConfigurationChanged(192)) - Received Configuration change notification from Ratis. New Peer list:
[id: "om1"
address: "localhost:9872"
startupRole: FOLLOWER
]
2022-11-05 13:04:22,870 [Listener at 127.0.0.1/34735] INFO  http.BaseHttpServer (BaseHttpServer.java:updateConnectorAddress(333)) - HTTP server of hddsDatanode listening at http://0.0.0.0:45987
2022-11-05 13:04:22,870 [Datanode State Machine Daemon Thread] INFO  statemachine.DatanodeStateMachine (DatanodeStateMachine.java:lambda$startDaemon$0(505)) - Ozone container server started.
2022-11-05 13:04:22,875 [Listener at 127.0.0.1/34735] WARN  impl.MetricRegistriesImpl (MetricRegistriesImpl.java:addReporterRegistration(111)) - New reporters are added after registries were created. Some metrics will be missing from the reporter. Please add reporter before adding any new registry.
2022-11-05 13:04:22,875 [Listener at 127.0.0.1/34735] WARN  impl.MetricRegistriesImpl (MetricRegistriesImpl.java:addReporterRegistration(111)) - New reporters are added after registries were created. Some metrics will be missing from the reporter. Please add reporter before adding any new registry.
2022-11-05 13:04:22,875 [Listener at 127.0.0.1/34735] INFO  impl.MetricsSystemImpl (MetricsSystemImpl.java:init(158)) - HddsDatanode metrics system started (again)
2022-11-05 13:04:22,891 [Listener at 127.0.0.1/34735] INFO  ozone.HddsDatanodeService (HddsDatanodeService.java:start(236)) - HddsDatanodeService host:fv-az83-841.uavyq1izdhte5b0ne1us2eqzhb.jx.internal.cloudapp.net ip:10.1.0.157
2022-11-05 13:04:22,894 [org.apache.hadoop.util.JvmPauseMonitor$Monitor@38be66ca] INFO  util.JvmPauseMonitor (JvmPauseMonitor.java:run(188)) - Starting JVM pause monitor
2022-11-05 13:04:22,899 [Datanode State Machine Task Thread - 0] INFO  datanode.InitDatanodeState (InitDatanodeState.java:persistContainerDatanodeDetails(138)) - DatanodeDetails is persisted to /home/runner/work/ozone/ozone/hadoop-ozone/integration-test/target/test-dir/MiniOzoneClusterImpl-9e91b504-fe86-427b-a8de-b3d8b21cdaaf/datanode-1/meta/datanode.id
2022-11-05 13:04:23,017 [Listener at 127.0.0.1/34735] INFO  upgrade.AbstractLayoutVersionManager (AbstractLayoutVersionManager.java:init(83)) - Initializing Layout version manager with metadata layout = DATANODE_SCHEMA_V3 (version = 4), software layout = DATANODE_SCHEMA_V3 (version = 4)
2022-11-05 13:04:23,066 [Listener at 127.0.0.1/34735] INFO  reflections.Reflections (Reflections.java:scan(232)) - Reflections took 47 ms to scan 7 urls, producing 139 keys and 336 values 
2022-11-05 13:04:23,068 [Listener at 127.0.0.1/34735] INFO  statemachine.DatanodeStateMachine (DatanodeStateMachine.java:getEndPointTaskThreadPoolSize(245)) - Datanode State Machine Task Thread Pool size 2
2022-11-05 13:04:23,070 [Listener at 127.0.0.1/34735] INFO  volume.HddsVolume (HddsVolume.java:<init>(117)) - Creating HddsVolume: /home/runner/work/ozone/ozone/hadoop-ozone/integration-test/target/test-dir/MiniOzoneClusterImpl-9e91b504-fe86-427b-a8de-b3d8b21cdaaf/datanode-2/data-0/containers/hdds of storage type : DISK capacity : 9223372036854775807
2022-11-05 13:04:23,070 [Listener at 127.0.0.1/34735] INFO  volume.MutableVolumeSet (MutableVolumeSet.java:initializeVolumeSet(174)) - Added Volume : /home/runner/work/ozone/ozone/hadoop-ozone/integration-test/target/test-dir/MiniOzoneClusterImpl-9e91b504-fe86-427b-a8de-b3d8b21cdaaf/datanode-2/data-0/containers/hdds to VolumeSet
2022-11-05 13:04:23,071 [Listener at 127.0.0.1/34735] INFO  volume.ThrottledAsyncChecker (ThrottledAsyncChecker.java:schedule(141)) - Scheduling a check for /home/runner/work/ozone/ozone/hadoop-ozone/integration-test/target/test-dir/MiniOzoneClusterImpl-9e91b504-fe86-427b-a8de-b3d8b21cdaaf/datanode-2/data-0/containers/hdds
2022-11-05 13:04:23,074 [Listener at 127.0.0.1/34735] INFO  volume.StorageVolumeChecker (StorageVolumeChecker.java:checkAllVolumes(202)) - Scheduled health check for volume /home/runner/work/ozone/ozone/hadoop-ozone/integration-test/target/test-dir/MiniOzoneClusterImpl-9e91b504-fe86-427b-a8de-b3d8b21cdaaf/datanode-2/data-0/containers/hdds
2022-11-05 13:04:23,086 [Listener at 127.0.0.1/34735] INFO  volume.MutableVolumeSet (MutableVolumeSet.java:initializeVolumeSet(174)) - Added Volume : /home/runner/work/ozone/ozone/hadoop-ozone/integration-test/target/test-dir/MiniOzoneClusterImpl-9e91b504-fe86-427b-a8de-b3d8b21cdaaf/datanode-2/data/ratis to VolumeSet
2022-11-05 13:04:23,086 [Listener at 127.0.0.1/34735] INFO  volume.ThrottledAsyncChecker (ThrottledAsyncChecker.java:schedule(141)) - Scheduling a check for /home/runner/work/ozone/ozone/hadoop-ozone/integration-test/target/test-dir/MiniOzoneClusterImpl-9e91b504-fe86-427b-a8de-b3d8b21cdaaf/datanode-2/data/ratis
2022-11-05 13:04:23,087 [Listener at 127.0.0.1/34735] INFO  volume.StorageVolumeChecker (StorageVolumeChecker.java:checkAllVolumes(202)) - Scheduled health check for volume /home/runner/work/ozone/ozone/hadoop-ozone/integration-test/target/test-dir/MiniOzoneClusterImpl-9e91b504-fe86-427b-a8de-b3d8b21cdaaf/datanode-2/data/ratis
2022-11-05 13:04:23,099 [Thread-164] INFO  ozoneimpl.ContainerReader (ContainerReader.java:readVolume(175)) - Finish verifying containers on volume /home/runner/work/ozone/ozone/hadoop-ozone/integration-test/target/test-dir/MiniOzoneClusterImpl-9e91b504-fe86-427b-a8de-b3d8b21cdaaf/datanode-2/data-0/containers/hdds
2022-11-05 13:04:23,099 [Listener at 127.0.0.1/34735] INFO  ozoneimpl.OzoneContainer (OzoneContainer.java:buildContainerSet(300)) - Build ContainerSet costs 0s
2022-11-05 13:04:23,102 [Listener at 127.0.0.1/34735] INFO  server.RaftServer (ConfUtils.java:logGet(46)) - raft.rpc.type = GRPC (default)
2022-11-05 13:04:23,103 [Listener at 127.0.0.1/34735] INFO  grpc.GrpcConfigKeys (ConfUtils.java:logFallback(53)) - raft.grpc.admin.host = null (fallback to raft.grpc.server.host)
2022-11-05 13:04:23,103 [Listener at 127.0.0.1/34735] INFO  grpc.GrpcConfigKeys (ConfUtils.java:logGet(46)) - raft.grpc.admin.port = 0 (custom)
2022-11-05 13:04:23,103 [Listener at 127.0.0.1/34735] INFO  grpc.GrpcConfigKeys (ConfUtils.java:logFallback(53)) - raft.grpc.client.host = null (fallback to raft.grpc.server.host)
2022-11-05 13:04:23,103 [Listener at 127.0.0.1/34735] INFO  grpc.GrpcConfigKeys (ConfUtils.java:logGet(46)) - raft.grpc.client.port = 0 (custom)
2022-11-05 13:04:23,103 [Listener at 127.0.0.1/34735] INFO  grpc.GrpcConfigKeys (ConfUtils.java:logGet(46)) - raft.grpc.server.host = null (default)
2022-11-05 13:04:23,103 [Listener at 127.0.0.1/34735] INFO  grpc.GrpcConfigKeys (ConfUtils.java:logGet(46)) - raft.grpc.server.port = 0 (default)
2022-11-05 13:04:23,104 [Listener at 127.0.0.1/34735] INFO  server.GrpcService (ConfUtils.java:logGet(46)) - raft.grpc.message.size.max = 32MB (=33554432) (custom)
2022-11-05 13:04:23,104 [Listener at 127.0.0.1/34735] INFO  server.RaftServerConfigKeys (ConfUtils.java:logGet(46)) - raft.server.log.appender.buffer.byte-limit = 33554432 (custom)
2022-11-05 13:04:23,106 [Listener at 127.0.0.1/34735] INFO  server.GrpcService (ConfUtils.java:logGet(46)) - raft.grpc.flow.control.window = 5MB (=5242880) (custom)
2022-11-05 13:04:23,106 [Listener at 127.0.0.1/34735] INFO  server.RaftServerConfigKeys (ConfUtils.java:logGet(46)) - raft.server.rpc.request.timeout = 60s (custom)
2022-11-05 13:04:23,106 [Listener at 127.0.0.1/34735] INFO  grpc.GrpcConfigKeys (ConfUtils.java:logGet(46)) - raft.grpc.server.heartbeat.channel = true (default)
2022-11-05 13:04:23,106 [Listener at 127.0.0.1/34735] INFO  grpc.GrpcConfigKeys (ConfUtils.java:logGet(46)) - raft.grpc.server.async.request.thread.pool.cached = true (default)
2022-11-05 13:04:23,106 [Listener at 127.0.0.1/34735] INFO  grpc.GrpcConfigKeys (ConfUtils.java:logGet(46)) - raft.grpc.server.async.request.thread.pool.size = 32 (default)
2022-11-05 13:04:23,108 [Listener at 127.0.0.1/34735] INFO  impl.DataStreamServerImpl (ConfUtils.java:logGet(46)) - raft.datastream.type = DISABLED (default)
2022-11-05 13:04:23,108 [Listener at 127.0.0.1/34735] INFO  server.RaftServerConfigKeys (ConfUtils.java:logGet(46)) - raft.server.threadpool.proxy.cached = true (default)
2022-11-05 13:04:23,108 [Listener at 127.0.0.1/34735] INFO  server.RaftServerConfigKeys (ConfUtils.java:logGet(46)) - raft.server.threadpool.proxy.size = 0 (default)
2022-11-05 13:04:23,108 [Listener at 127.0.0.1/34735] INFO  server.RaftServerConfigKeys (ConfUtils.java:logGet(46)) - raft.server.rpc.slowness.timeout = 300s (custom)
2022-11-05 13:04:23,108 [Listener at 127.0.0.1/34735] INFO  server.RaftServerConfigKeys (ConfUtils.java:logGet(46)) - raft.server.leaderelection.leader.step-down.wait-time = 10s (default)
2022-11-05 13:04:23,109 [Listener at 127.0.0.1/34735] INFO  server.RaftServerConfigKeys (ConfUtils.java:logGet(46)) - raft.server.storage.dir = [/home/runner/work/ozone/ozone/hadoop-ozone/integration-test/target/test-dir/MiniOzoneClusterImpl-9e91b504-fe86-427b-a8de-b3d8b21cdaaf/datanode-2/data/ratis] (custom)
2022-11-05 13:04:23,116 [Listener at 127.0.0.1/34735] INFO  server.XceiverServerGrpc (XceiverServerGrpc.java:<init>(132)) - GrpcServer channel type EpollServerSocketChannel
2022-11-05 13:04:23,120 [Listener at 127.0.0.1/34735] INFO  http.BaseHttpServer (BaseHttpServer.java:newHttpServer2BuilderForOzone(213)) - Starting Web-server for hddsDatanode at: http://0.0.0.0:0
2022-11-05 13:04:23,120 [Listener at 127.0.0.1/34735] INFO  http.BaseHttpServer (BaseHttpServer.java:<init>(108)) - Hadoop Security Enabled: false Ozone Security Enabled: false Ozone HTTP Security Enabled: false 
2022-11-05 13:04:23,121 [Listener at 127.0.0.1/34735] WARN  server.AuthenticationFilter (AuthenticationFilter.java:constructSecretProvider(240)) - Unable to initialize FileSignerSecretProvider, falling back to use random secrets. Reason: Could not read signature secret file: /home/runner/hadoop-http-auth-signature-secret
2022-11-05 13:04:23,123 [Listener at 127.0.0.1/34735] WARN  http.HttpRequestLog (HttpRequestLog.java:getRequestLog(103)) - Jetty request log can only be enabled using Log4j
2022-11-05 13:04:23,124 [Listener at 127.0.0.1/34735] INFO  http.HttpServer2 (HttpServer2.java:addGlobalFilter(1031)) - Added global filter 'safety' (class=org.apache.hadoop.hdds.server.http.HttpServer2$QuotingInputFilter)
2022-11-05 13:04:23,125 [Listener at 127.0.0.1/34735] INFO  http.HttpServer2 (HttpServer2.java:addFilter(1007)) - Added filter static_user_filter (class=org.apache.hadoop.http.lib.StaticUserWebFilter$StaticUserFilter) to context hddsDatanode
2022-11-05 13:04:23,125 [Listener at 127.0.0.1/34735] INFO  http.HttpServer2 (HttpServer2.java:addFilter(1015)) - Added filter static_user_filter (class=org.apache.hadoop.http.lib.StaticUserWebFilter$StaticUserFilter) to context logs
2022-11-05 13:04:23,125 [Listener at 127.0.0.1/34735] INFO  http.HttpServer2 (HttpServer2.java:addFilter(1015)) - Added filter static_user_filter (class=org.apache.hadoop.http.lib.StaticUserWebFilter$StaticUserFilter) to context static
2022-11-05 13:04:23,126 [Listener at 127.0.0.1/34735] INFO  http.HttpServer2 (HttpServer2.java:bindListener(1250)) - Jetty bound to port 41373
2022-11-05 13:04:23,126 [Listener at 127.0.0.1/34735] INFO  server.Server (Server.java:doStart(375)) - jetty-9.4.49.v20220914; built: 2022-09-14T01:07:36.601Z; git: 4231a3b2e4cb8548a412a789936d640a97b1aa0a; jvm 1.8.0_345-b01
2022-11-05 13:04:23,129 [Listener at 127.0.0.1/34735] INFO  server.session (DefaultSessionIdManager.java:doStart(334)) - DefaultSessionIdManager workerName=node0
2022-11-05 13:04:23,129 [Listener at 127.0.0.1/34735] INFO  server.session (DefaultSessionIdManager.java:doStart(339)) - No SessionScavenger set, using defaults
2022-11-05 13:04:23,129 [Listener at 127.0.0.1/34735] INFO  server.session (HouseKeeper.java:startScavenging(132)) - node0 Scavenging every 600000ms
2022-11-05 13:04:23,130 [Listener at 127.0.0.1/34735] INFO  handler.ContextHandler (ContextHandler.java:doStart(921)) - Started o.e.j.s.ServletContextHandler@55e4d821{logs,/logs,file:///home/runner/work/ozone/ozone/hadoop-ozone/integration-test/target/log,AVAILABLE}
2022-11-05 13:04:23,130 [Listener at 127.0.0.1/34735] INFO  handler.ContextHandler (ContextHandler.java:doStart(921)) - Started o.e.j.s.ServletContextHandler@7588d46f{static,/static,jar:file:/home/runner/.m2/repository/org/apache/ozone/hdds-container-service/1.3.0-SNAPSHOT/hdds-container-service-1.3.0-SNAPSHOT.jar!/webapps/static,AVAILABLE}
2022-11-05 13:04:23,296 [Listener at 127.0.0.1/34735] INFO  handler.ContextHandler (ContextHandler.java:doStart(921)) - Started o.e.j.w.WebAppContext@466b4a28{hddsDatanode,/,file:///tmp/jetty-0_0_0_0-41373-hdds-container-service-1_3_0-SNAPSHOT_jar-_-any-2046864017877126336/webapp/,AVAILABLE}{jar:file:/home/runner/.m2/repository/org/apache/ozone/hdds-container-service/1.3.0-SNAPSHOT/hdds-container-service-1.3.0-SNAPSHOT.jar!/webapps/hddsDatanode}
2022-11-05 13:04:23,297 [Listener at 127.0.0.1/34735] INFO  server.AbstractConnector (AbstractConnector.java:doStart(333)) - Started ServerConnector@2b1d39b2{HTTP/1.1, (http/1.1)}{0.0.0.0:41373}
2022-11-05 13:04:23,297 [Listener at 127.0.0.1/34735] INFO  server.Server (Server.java:doStart(415)) - Started @9860ms
2022-11-05 13:04:23,297 [Listener at 127.0.0.1/34735] WARN  impl.MetricsSystemImpl (MetricsSystemImpl.java:register(279)) - Sink prometheus already exists!
2022-11-05 13:04:23,298 [Listener at 127.0.0.1/34735] INFO  http.BaseHttpServer (BaseHttpServer.java:updateConnectorAddress(333)) - HTTP server of hddsDatanode listening at http://0.0.0.0:41373
2022-11-05 13:04:23,303 [Listener at 127.0.0.1/34735] WARN  impl.MetricRegistriesImpl (MetricRegistriesImpl.java:addReporterRegistration(111)) - New reporters are added after registries were created. Some metrics will be missing from the reporter. Please add reporter before adding any new registry.
2022-11-05 13:04:23,303 [Listener at 127.0.0.1/34735] WARN  impl.MetricRegistriesImpl (MetricRegistriesImpl.java:addReporterRegistration(111)) - New reporters are added after registries were created. Some metrics will be missing from the reporter. Please add reporter before adding any new registry.
2022-11-05 13:04:23,303 [Listener at 127.0.0.1/34735] INFO  impl.MetricsSystemImpl (MetricsSystemImpl.java:init(158)) - HddsDatanode metrics system started (again)
2022-11-05 13:04:23,306 [Datanode State Machine Daemon Thread] INFO  statemachine.DatanodeStateMachine (DatanodeStateMachine.java:lambda$startDaemon$0(505)) - Ozone container server started.
2022-11-05 13:04:23,315 [org.apache.hadoop.util.JvmPauseMonitor$Monitor@1b41d0db] INFO  util.JvmPauseMonitor (JvmPauseMonitor.java:run(188)) - Starting JVM pause monitor
2022-11-05 13:04:23,324 [Listener at 127.0.0.1/34735] INFO  ozone.HddsDatanodeService (HddsDatanodeService.java:start(236)) - HddsDatanodeService host:fv-az83-841.uavyq1izdhte5b0ne1us2eqzhb.jx.internal.cloudapp.net ip:10.1.0.157
2022-11-05 13:04:23,328 [Datanode State Machine Task Thread - 0] INFO  datanode.InitDatanodeState (InitDatanodeState.java:persistContainerDatanodeDetails(138)) - DatanodeDetails is persisted to /home/runner/work/ozone/ozone/hadoop-ozone/integration-test/target/test-dir/MiniOzoneClusterImpl-9e91b504-fe86-427b-a8de-b3d8b21cdaaf/datanode-2/meta/datanode.id
2022-11-05 13:04:23,480 [Listener at 127.0.0.1/34735] INFO  upgrade.AbstractLayoutVersionManager (AbstractLayoutVersionManager.java:init(83)) - Initializing Layout version manager with metadata layout = DATANODE_SCHEMA_V3 (version = 4), software layout = DATANODE_SCHEMA_V3 (version = 4)
2022-11-05 13:04:23,524 [Listener at 127.0.0.1/34735] INFO  reflections.Reflections (Reflections.java:scan(232)) - Reflections took 43 ms to scan 7 urls, producing 139 keys and 336 values 
2022-11-05 13:04:23,526 [Listener at 127.0.0.1/34735] INFO  statemachine.DatanodeStateMachine (DatanodeStateMachine.java:getEndPointTaskThreadPoolSize(245)) - Datanode State Machine Task Thread Pool size 2
2022-11-05 13:04:23,528 [Listener at 127.0.0.1/34735] INFO  volume.HddsVolume (HddsVolume.java:<init>(117)) - Creating HddsVolume: /home/runner/work/ozone/ozone/hadoop-ozone/integration-test/target/test-dir/MiniOzoneClusterImpl-9e91b504-fe86-427b-a8de-b3d8b21cdaaf/datanode-3/data-0/containers/hdds of storage type : DISK capacity : 9223372036854775807
2022-11-05 13:04:23,529 [Listener at 127.0.0.1/34735] INFO  volume.MutableVolumeSet (MutableVolumeSet.java:initializeVolumeSet(174)) - Added Volume : /home/runner/work/ozone/ozone/hadoop-ozone/integration-test/target/test-dir/MiniOzoneClusterImpl-9e91b504-fe86-427b-a8de-b3d8b21cdaaf/datanode-3/data-0/containers/hdds to VolumeSet
2022-11-05 13:04:23,529 [Listener at 127.0.0.1/34735] INFO  volume.ThrottledAsyncChecker (ThrottledAsyncChecker.java:schedule(141)) - Scheduling a check for /home/runner/work/ozone/ozone/hadoop-ozone/integration-test/target/test-dir/MiniOzoneClusterImpl-9e91b504-fe86-427b-a8de-b3d8b21cdaaf/datanode-3/data-0/containers/hdds
2022-11-05 13:04:23,531 [Listener at 127.0.0.1/34735] INFO  volume.StorageVolumeChecker (StorageVolumeChecker.java:checkAllVolumes(202)) - Scheduled health check for volume /home/runner/work/ozone/ozone/hadoop-ozone/integration-test/target/test-dir/MiniOzoneClusterImpl-9e91b504-fe86-427b-a8de-b3d8b21cdaaf/datanode-3/data-0/containers/hdds
2022-11-05 13:04:23,542 [Listener at 127.0.0.1/34735] INFO  volume.MutableVolumeSet (MutableVolumeSet.java:initializeVolumeSet(174)) - Added Volume : /home/runner/work/ozone/ozone/hadoop-ozone/integration-test/target/test-dir/MiniOzoneClusterImpl-9e91b504-fe86-427b-a8de-b3d8b21cdaaf/datanode-3/data/ratis to VolumeSet
2022-11-05 13:04:23,542 [Listener at 127.0.0.1/34735] INFO  volume.ThrottledAsyncChecker (ThrottledAsyncChecker.java:schedule(141)) - Scheduling a check for /home/runner/work/ozone/ozone/hadoop-ozone/integration-test/target/test-dir/MiniOzoneClusterImpl-9e91b504-fe86-427b-a8de-b3d8b21cdaaf/datanode-3/data/ratis
2022-11-05 13:04:23,543 [Listener at 127.0.0.1/34735] INFO  volume.StorageVolumeChecker (StorageVolumeChecker.java:checkAllVolumes(202)) - Scheduled health check for volume /home/runner/work/ozone/ozone/hadoop-ozone/integration-test/target/test-dir/MiniOzoneClusterImpl-9e91b504-fe86-427b-a8de-b3d8b21cdaaf/datanode-3/data/ratis
2022-11-05 13:04:23,554 [Thread-177] INFO  ozoneimpl.ContainerReader (ContainerReader.java:readVolume(175)) - Finish verifying containers on volume /home/runner/work/ozone/ozone/hadoop-ozone/integration-test/target/test-dir/MiniOzoneClusterImpl-9e91b504-fe86-427b-a8de-b3d8b21cdaaf/datanode-3/data-0/containers/hdds
2022-11-05 13:04:23,554 [Listener at 127.0.0.1/34735] INFO  ozoneimpl.OzoneContainer (OzoneContainer.java:buildContainerSet(300)) - Build ContainerSet costs 0s
2022-11-05 13:04:23,557 [Listener at 127.0.0.1/34735] INFO  server.RaftServer (ConfUtils.java:logGet(46)) - raft.rpc.type = GRPC (default)
2022-11-05 13:04:23,557 [Listener at 127.0.0.1/34735] INFO  grpc.GrpcConfigKeys (ConfUtils.java:logFallback(53)) - raft.grpc.admin.host = null (fallback to raft.grpc.server.host)
2022-11-05 13:04:23,558 [Listener at 127.0.0.1/34735] INFO  grpc.GrpcConfigKeys (ConfUtils.java:logGet(46)) - raft.grpc.admin.port = 0 (custom)
2022-11-05 13:04:23,558 [Listener at 127.0.0.1/34735] INFO  grpc.GrpcConfigKeys (ConfUtils.java:logFallback(53)) - raft.grpc.client.host = null (fallback to raft.grpc.server.host)
2022-11-05 13:04:23,558 [Listener at 127.0.0.1/34735] INFO  grpc.GrpcConfigKeys (ConfUtils.java:logGet(46)) - raft.grpc.client.port = 0 (custom)
2022-11-05 13:04:23,558 [Listener at 127.0.0.1/34735] INFO  grpc.GrpcConfigKeys (ConfUtils.java:logGet(46)) - raft.grpc.server.host = null (default)
2022-11-05 13:04:23,559 [Listener at 127.0.0.1/34735] INFO  grpc.GrpcConfigKeys (ConfUtils.java:logGet(46)) - raft.grpc.server.port = 0 (default)
2022-11-05 13:04:23,559 [Listener at 127.0.0.1/34735] INFO  server.GrpcService (ConfUtils.java:logGet(46)) - raft.grpc.message.size.max = 32MB (=33554432) (custom)
2022-11-05 13:04:23,559 [Listener at 127.0.0.1/34735] INFO  server.RaftServerConfigKeys (ConfUtils.java:logGet(46)) - raft.server.log.appender.buffer.byte-limit = 33554432 (custom)
2022-11-05 13:04:23,559 [Listener at 127.0.0.1/34735] INFO  server.GrpcService (ConfUtils.java:logGet(46)) - raft.grpc.flow.control.window = 5MB (=5242880) (custom)
2022-11-05 13:04:23,560 [Listener at 127.0.0.1/34735] INFO  server.RaftServerConfigKeys (ConfUtils.java:logGet(46)) - raft.server.rpc.request.timeout = 60s (custom)
2022-11-05 13:04:23,560 [Listener at 127.0.0.1/34735] INFO  grpc.GrpcConfigKeys (ConfUtils.java:logGet(46)) - raft.grpc.server.heartbeat.channel = true (default)
2022-11-05 13:04:23,560 [Listener at 127.0.0.1/34735] INFO  grpc.GrpcConfigKeys (ConfUtils.java:logGet(46)) - raft.grpc.server.async.request.thread.pool.cached = true (default)
2022-11-05 13:04:23,560 [Listener at 127.0.0.1/34735] INFO  grpc.GrpcConfigKeys (ConfUtils.java:logGet(46)) - raft.grpc.server.async.request.thread.pool.size = 32 (default)
2022-11-05 13:04:23,561 [Listener at 127.0.0.1/34735] INFO  impl.DataStreamServerImpl (ConfUtils.java:logGet(46)) - raft.datastream.type = DISABLED (default)
2022-11-05 13:04:23,561 [Listener at 127.0.0.1/34735] INFO  server.RaftServerConfigKeys (ConfUtils.java:logGet(46)) - raft.server.threadpool.proxy.cached = true (default)
2022-11-05 13:04:23,561 [Listener at 127.0.0.1/34735] INFO  server.RaftServerConfigKeys (ConfUtils.java:logGet(46)) - raft.server.threadpool.proxy.size = 0 (default)
2022-11-05 13:04:23,562 [Listener at 127.0.0.1/34735] INFO  server.RaftServerConfigKeys (ConfUtils.java:logGet(46)) - raft.server.rpc.slowness.timeout = 300s (custom)
2022-11-05 13:04:23,562 [Listener at 127.0.0.1/34735] INFO  server.RaftServerConfigKeys (ConfUtils.java:logGet(46)) - raft.server.leaderelection.leader.step-down.wait-time = 10s (default)
2022-11-05 13:04:23,562 [Listener at 127.0.0.1/34735] INFO  server.RaftServerConfigKeys (ConfUtils.java:logGet(46)) - raft.server.storage.dir = [/home/runner/work/ozone/ozone/hadoop-ozone/integration-test/target/test-dir/MiniOzoneClusterImpl-9e91b504-fe86-427b-a8de-b3d8b21cdaaf/datanode-3/data/ratis] (custom)
2022-11-05 13:04:23,570 [Listener at 127.0.0.1/34735] INFO  server.XceiverServerGrpc (XceiverServerGrpc.java:<init>(132)) - GrpcServer channel type EpollServerSocketChannel
2022-11-05 13:04:23,575 [Listener at 127.0.0.1/34735] INFO  http.BaseHttpServer (BaseHttpServer.java:newHttpServer2BuilderForOzone(213)) - Starting Web-server for hddsDatanode at: http://0.0.0.0:0
2022-11-05 13:04:23,575 [Listener at 127.0.0.1/34735] INFO  http.BaseHttpServer (BaseHttpServer.java:<init>(108)) - Hadoop Security Enabled: false Ozone Security Enabled: false Ozone HTTP Security Enabled: false 
2022-11-05 13:04:23,577 [Listener at 127.0.0.1/34735] WARN  server.AuthenticationFilter (AuthenticationFilter.java:constructSecretProvider(240)) - Unable to initialize FileSignerSecretProvider, falling back to use random secrets. Reason: Could not read signature secret file: /home/runner/hadoop-http-auth-signature-secret
2022-11-05 13:04:23,577 [Listener at 127.0.0.1/34735] WARN  http.HttpRequestLog (HttpRequestLog.java:getRequestLog(103)) - Jetty request log can only be enabled using Log4j
2022-11-05 13:04:23,579 [Listener at 127.0.0.1/34735] INFO  http.HttpServer2 (HttpServer2.java:addGlobalFilter(1031)) - Added global filter 'safety' (class=org.apache.hadoop.hdds.server.http.HttpServer2$QuotingInputFilter)
2022-11-05 13:04:23,581 [Listener at 127.0.0.1/34735] INFO  http.HttpServer2 (HttpServer2.java:addFilter(1007)) - Added filter static_user_filter (class=org.apache.hadoop.http.lib.StaticUserWebFilter$StaticUserFilter) to context hddsDatanode
2022-11-05 13:04:23,581 [Listener at 127.0.0.1/34735] INFO  http.HttpServer2 (HttpServer2.java:addFilter(1015)) - Added filter static_user_filter (class=org.apache.hadoop.http.lib.StaticUserWebFilter$StaticUserFilter) to context logs
2022-11-05 13:04:23,581 [Listener at 127.0.0.1/34735] INFO  http.HttpServer2 (HttpServer2.java:addFilter(1015)) - Added filter static_user_filter (class=org.apache.hadoop.http.lib.StaticUserWebFilter$StaticUserFilter) to context static
2022-11-05 13:04:23,582 [Listener at 127.0.0.1/34735] INFO  http.HttpServer2 (HttpServer2.java:bindListener(1250)) - Jetty bound to port 38407
2022-11-05 13:04:23,582 [Listener at 127.0.0.1/34735] INFO  server.Server (Server.java:doStart(375)) - jetty-9.4.49.v20220914; built: 2022-09-14T01:07:36.601Z; git: 4231a3b2e4cb8548a412a789936d640a97b1aa0a; jvm 1.8.0_345-b01
2022-11-05 13:04:23,589 [Listener at 127.0.0.1/34735] INFO  server.session (DefaultSessionIdManager.java:doStart(334)) - DefaultSessionIdManager workerName=node0
2022-11-05 13:04:23,590 [Listener at 127.0.0.1/34735] INFO  server.session (DefaultSessionIdManager.java:doStart(339)) - No SessionScavenger set, using defaults
2022-11-05 13:04:23,590 [Listener at 127.0.0.1/34735] INFO  server.session (HouseKeeper.java:startScavenging(132)) - node0 Scavenging every 660000ms
2022-11-05 13:04:23,591 [Listener at 127.0.0.1/34735] INFO  handler.ContextHandler (ContextHandler.java:doStart(921)) - Started o.e.j.s.ServletContextHandler@70b16f37{logs,/logs,file:///home/runner/work/ozone/ozone/hadoop-ozone/integration-test/target/log,AVAILABLE}
2022-11-05 13:04:23,591 [Listener at 127.0.0.1/34735] INFO  handler.ContextHandler (ContextHandler.java:doStart(921)) - Started o.e.j.s.ServletContextHandler@1a8fe894{static,/static,jar:file:/home/runner/.m2/repository/org/apache/ozone/hdds-container-service/1.3.0-SNAPSHOT/hdds-container-service-1.3.0-SNAPSHOT.jar!/webapps/static,AVAILABLE}
2022-11-05 13:04:23,760 [Listener at 127.0.0.1/34735] INFO  handler.ContextHandler (ContextHandler.java:doStart(921)) - Started o.e.j.w.WebAppContext@4f6468c9{hddsDatanode,/,file:///tmp/jetty-0_0_0_0-38407-hdds-container-service-1_3_0-SNAPSHOT_jar-_-any-287718033772270745/webapp/,AVAILABLE}{jar:file:/home/runner/.m2/repository/org/apache/ozone/hdds-container-service/1.3.0-SNAPSHOT/hdds-container-service-1.3.0-SNAPSHOT.jar!/webapps/hddsDatanode}
2022-11-05 13:04:23,761 [Listener at 127.0.0.1/34735] INFO  server.AbstractConnector (AbstractConnector.java:doStart(333)) - Started ServerConnector@123de29f{HTTP/1.1, (http/1.1)}{0.0.0.0:38407}
2022-11-05 13:04:23,762 [Listener at 127.0.0.1/34735] INFO  server.Server (Server.java:doStart(415)) - Started @10324ms
2022-11-05 13:04:23,762 [Listener at 127.0.0.1/34735] WARN  impl.MetricsSystemImpl (MetricsSystemImpl.java:register(279)) - Sink prometheus already exists!
2022-11-05 13:04:23,762 [Listener at 127.0.0.1/34735] INFO  http.BaseHttpServer (BaseHttpServer.java:updateConnectorAddress(333)) - HTTP server of hddsDatanode listening at http://0.0.0.0:38407
2022-11-05 13:04:23,767 [Listener at 127.0.0.1/34735] WARN  impl.MetricRegistriesImpl (MetricRegistriesImpl.java:addReporterRegistration(111)) - New reporters are added after registries were created. Some metrics will be missing from the reporter. Please add reporter before adding any new registry.
2022-11-05 13:04:23,767 [Listener at 127.0.0.1/34735] WARN  impl.MetricRegistriesImpl (MetricRegistriesImpl.java:addReporterRegistration(111)) - New reporters are added after registries were created. Some metrics will be missing from the reporter. Please add reporter before adding any new registry.
2022-11-05 13:04:23,767 [Listener at 127.0.0.1/34735] INFO  impl.MetricsSystemImpl (MetricsSystemImpl.java:init(158)) - HddsDatanode metrics system started (again)
2022-11-05 13:04:23,768 [Datanode State Machine Daemon Thread] INFO  statemachine.DatanodeStateMachine (DatanodeStateMachine.java:lambda$startDaemon$0(505)) - Ozone container server started.
2022-11-05 13:04:23,779 [Listener at 127.0.0.1/34735] INFO  ozone.HddsDatanodeService (HddsDatanodeService.java:start(236)) - HddsDatanodeService host:fv-az83-841.uavyq1izdhte5b0ne1us2eqzhb.jx.internal.cloudapp.net ip:10.1.0.157
2022-11-05 13:04:23,787 [org.apache.hadoop.util.JvmPauseMonitor$Monitor@5ce601d6] INFO  util.JvmPauseMonitor (JvmPauseMonitor.java:run(188)) - Starting JVM pause monitor
2022-11-05 13:04:23,789 [Datanode State Machine Task Thread - 0] INFO  datanode.InitDatanodeState (InitDatanodeState.java:persistContainerDatanodeDetails(138)) - DatanodeDetails is persisted to /home/runner/work/ozone/ozone/hadoop-ozone/integration-test/target/test-dir/MiniOzoneClusterImpl-9e91b504-fe86-427b-a8de-b3d8b21cdaaf/datanode-3/meta/datanode.id
2022-11-05 13:04:23,933 [Listener at 127.0.0.1/34735] INFO  upgrade.AbstractLayoutVersionManager (AbstractLayoutVersionManager.java:init(83)) - Initializing Layout version manager with metadata layout = DATANODE_SCHEMA_V3 (version = 4), software layout = DATANODE_SCHEMA_V3 (version = 4)
2022-11-05 13:04:23,976 [Listener at 127.0.0.1/34735] INFO  reflections.Reflections (Reflections.java:scan(232)) - Reflections took 42 ms to scan 7 urls, producing 139 keys and 336 values 
2022-11-05 13:04:23,978 [Listener at 127.0.0.1/34735] INFO  statemachine.DatanodeStateMachine (DatanodeStateMachine.java:getEndPointTaskThreadPoolSize(245)) - Datanode State Machine Task Thread Pool size 2
2022-11-05 13:04:23,980 [Listener at 127.0.0.1/34735] INFO  volume.HddsVolume (HddsVolume.java:<init>(117)) - Creating HddsVolume: /home/runner/work/ozone/ozone/hadoop-ozone/integration-test/target/test-dir/MiniOzoneClusterImpl-9e91b504-fe86-427b-a8de-b3d8b21cdaaf/datanode-4/data-0/containers/hdds of storage type : DISK capacity : 9223372036854775807
2022-11-05 13:04:23,980 [Listener at 127.0.0.1/34735] INFO  volume.MutableVolumeSet (MutableVolumeSet.java:initializeVolumeSet(174)) - Added Volume : /home/runner/work/ozone/ozone/hadoop-ozone/integration-test/target/test-dir/MiniOzoneClusterImpl-9e91b504-fe86-427b-a8de-b3d8b21cdaaf/datanode-4/data-0/containers/hdds to VolumeSet
2022-11-05 13:04:23,980 [Listener at 127.0.0.1/34735] INFO  volume.ThrottledAsyncChecker (ThrottledAsyncChecker.java:schedule(141)) - Scheduling a check for /home/runner/work/ozone/ozone/hadoop-ozone/integration-test/target/test-dir/MiniOzoneClusterImpl-9e91b504-fe86-427b-a8de-b3d8b21cdaaf/datanode-4/data-0/containers/hdds
2022-11-05 13:04:23,981 [Listener at 127.0.0.1/34735] INFO  volume.StorageVolumeChecker (StorageVolumeChecker.java:checkAllVolumes(202)) - Scheduled health check for volume /home/runner/work/ozone/ozone/hadoop-ozone/integration-test/target/test-dir/MiniOzoneClusterImpl-9e91b504-fe86-427b-a8de-b3d8b21cdaaf/datanode-4/data-0/containers/hdds
2022-11-05 13:04:23,992 [Listener at 127.0.0.1/34735] INFO  volume.MutableVolumeSet (MutableVolumeSet.java:initializeVolumeSet(174)) - Added Volume : /home/runner/work/ozone/ozone/hadoop-ozone/integration-test/target/test-dir/MiniOzoneClusterImpl-9e91b504-fe86-427b-a8de-b3d8b21cdaaf/datanode-4/data/ratis to VolumeSet
2022-11-05 13:04:23,992 [Listener at 127.0.0.1/34735] INFO  volume.ThrottledAsyncChecker (ThrottledAsyncChecker.java:schedule(141)) - Scheduling a check for /home/runner/work/ozone/ozone/hadoop-ozone/integration-test/target/test-dir/MiniOzoneClusterImpl-9e91b504-fe86-427b-a8de-b3d8b21cdaaf/datanode-4/data/ratis
2022-11-05 13:04:23,992 [Listener at 127.0.0.1/34735] INFO  volume.StorageVolumeChecker (StorageVolumeChecker.java:checkAllVolumes(202)) - Scheduled health check for volume /home/runner/work/ozone/ozone/hadoop-ozone/integration-test/target/test-dir/MiniOzoneClusterImpl-9e91b504-fe86-427b-a8de-b3d8b21cdaaf/datanode-4/data/ratis
2022-11-05 13:04:24,003 [Thread-190] INFO  ozoneimpl.ContainerReader (ContainerReader.java:readVolume(175)) - Finish verifying containers on volume /home/runner/work/ozone/ozone/hadoop-ozone/integration-test/target/test-dir/MiniOzoneClusterImpl-9e91b504-fe86-427b-a8de-b3d8b21cdaaf/datanode-4/data-0/containers/hdds
2022-11-05 13:04:24,003 [Listener at 127.0.0.1/34735] INFO  ozoneimpl.OzoneContainer (OzoneContainer.java:buildContainerSet(300)) - Build ContainerSet costs 0s
2022-11-05 13:04:24,006 [Listener at 127.0.0.1/34735] INFO  server.RaftServer (ConfUtils.java:logGet(46)) - raft.rpc.type = GRPC (default)
2022-11-05 13:04:24,006 [Listener at 127.0.0.1/34735] INFO  grpc.GrpcConfigKeys (ConfUtils.java:logFallback(53)) - raft.grpc.admin.host = null (fallback to raft.grpc.server.host)
2022-11-05 13:04:24,007 [Listener at 127.0.0.1/34735] INFO  grpc.GrpcConfigKeys (ConfUtils.java:logGet(46)) - raft.grpc.admin.port = 0 (custom)
2022-11-05 13:04:24,007 [Listener at 127.0.0.1/34735] INFO  grpc.GrpcConfigKeys (ConfUtils.java:logFallback(53)) - raft.grpc.client.host = null (fallback to raft.grpc.server.host)
2022-11-05 13:04:24,007 [Listener at 127.0.0.1/34735] INFO  grpc.GrpcConfigKeys (ConfUtils.java:logGet(46)) - raft.grpc.client.port = 0 (custom)
2022-11-05 13:04:24,007 [Listener at 127.0.0.1/34735] INFO  grpc.GrpcConfigKeys (ConfUtils.java:logGet(46)) - raft.grpc.server.host = null (default)
2022-11-05 13:04:24,007 [Listener at 127.0.0.1/34735] INFO  grpc.GrpcConfigKeys (ConfUtils.java:logGet(46)) - raft.grpc.server.port = 0 (default)
2022-11-05 13:04:24,007 [Listener at 127.0.0.1/34735] INFO  server.GrpcService (ConfUtils.java:logGet(46)) - raft.grpc.message.size.max = 32MB (=33554432) (custom)
2022-11-05 13:04:24,007 [Listener at 127.0.0.1/34735] INFO  server.RaftServerConfigKeys (ConfUtils.java:logGet(46)) - raft.server.log.appender.buffer.byte-limit = 33554432 (custom)
2022-11-05 13:04:24,007 [Listener at 127.0.0.1/34735] INFO  server.GrpcService (ConfUtils.java:logGet(46)) - raft.grpc.flow.control.window = 5MB (=5242880) (custom)
2022-11-05 13:04:24,008 [Listener at 127.0.0.1/34735] INFO  server.RaftServerConfigKeys (ConfUtils.java:logGet(46)) - raft.server.rpc.request.timeout = 60s (custom)
2022-11-05 13:04:24,008 [Listener at 127.0.0.1/34735] INFO  grpc.GrpcConfigKeys (ConfUtils.java:logGet(46)) - raft.grpc.server.heartbeat.channel = true (default)
2022-11-05 13:04:24,008 [Listener at 127.0.0.1/34735] INFO  grpc.GrpcConfigKeys (ConfUtils.java:logGet(46)) - raft.grpc.server.async.request.thread.pool.cached = true (default)
2022-11-05 13:04:24,008 [Listener at 127.0.0.1/34735] INFO  grpc.GrpcConfigKeys (ConfUtils.java:logGet(46)) - raft.grpc.server.async.request.thread.pool.size = 32 (default)
2022-11-05 13:04:24,009 [Listener at 127.0.0.1/34735] INFO  impl.DataStreamServerImpl (ConfUtils.java:logGet(46)) - raft.datastream.type = DISABLED (default)
2022-11-05 13:04:24,010 [Listener at 127.0.0.1/34735] INFO  server.RaftServerConfigKeys (ConfUtils.java:logGet(46)) - raft.server.threadpool.proxy.cached = true (default)
2022-11-05 13:04:24,010 [Listener at 127.0.0.1/34735] INFO  server.RaftServerConfigKeys (ConfUtils.java:logGet(46)) - raft.server.threadpool.proxy.size = 0 (default)
2022-11-05 13:04:24,010 [Listener at 127.0.0.1/34735] INFO  server.RaftServerConfigKeys (ConfUtils.java:logGet(46)) - raft.server.rpc.slowness.timeout = 300s (custom)
2022-11-05 13:04:24,010 [Listener at 127.0.0.1/34735] INFO  server.RaftServerConfigKeys (ConfUtils.java:logGet(46)) - raft.server.leaderelection.leader.step-down.wait-time = 10s (default)
2022-11-05 13:04:24,010 [Listener at 127.0.0.1/34735] INFO  server.RaftServerConfigKeys (ConfUtils.java:logGet(46)) - raft.server.storage.dir = [/home/runner/work/ozone/ozone/hadoop-ozone/integration-test/target/test-dir/MiniOzoneClusterImpl-9e91b504-fe86-427b-a8de-b3d8b21cdaaf/datanode-4/data/ratis] (custom)
2022-11-05 13:04:24,012 [Listener at 127.0.0.1/34735] INFO  server.XceiverServerGrpc (XceiverServerGrpc.java:<init>(132)) - GrpcServer channel type EpollServerSocketChannel
2022-11-05 13:04:24,018 [Listener at 127.0.0.1/34735] INFO  http.BaseHttpServer (BaseHttpServer.java:newHttpServer2BuilderForOzone(213)) - Starting Web-server for hddsDatanode at: http://0.0.0.0:0
2022-11-05 13:04:24,018 [Listener at 127.0.0.1/34735] INFO  http.BaseHttpServer (BaseHttpServer.java:<init>(108)) - Hadoop Security Enabled: false Ozone Security Enabled: false Ozone HTTP Security Enabled: false 
2022-11-05 13:04:24,019 [Listener at 127.0.0.1/34735] WARN  server.AuthenticationFilter (AuthenticationFilter.java:constructSecretProvider(240)) - Unable to initialize FileSignerSecretProvider, falling back to use random secrets. Reason: Could not read signature secret file: /home/runner/hadoop-http-auth-signature-secret
2022-11-05 13:04:24,021 [Listener at 127.0.0.1/34735] WARN  http.HttpRequestLog (HttpRequestLog.java:getRequestLog(103)) - Jetty request log can only be enabled using Log4j
2022-11-05 13:04:24,023 [Listener at 127.0.0.1/34735] INFO  http.HttpServer2 (HttpServer2.java:addGlobalFilter(1031)) - Added global filter 'safety' (class=org.apache.hadoop.hdds.server.http.HttpServer2$QuotingInputFilter)
2022-11-05 13:04:24,024 [Listener at 127.0.0.1/34735] INFO  http.HttpServer2 (HttpServer2.java:addFilter(1007)) - Added filter static_user_filter (class=org.apache.hadoop.http.lib.StaticUserWebFilter$StaticUserFilter) to context hddsDatanode
2022-11-05 13:04:24,024 [Listener at 127.0.0.1/34735] INFO  http.HttpServer2 (HttpServer2.java:addFilter(1015)) - Added filter static_user_filter (class=org.apache.hadoop.http.lib.StaticUserWebFilter$StaticUserFilter) to context logs
2022-11-05 13:04:24,024 [Listener at 127.0.0.1/34735] INFO  http.HttpServer2 (HttpServer2.java:addFilter(1015)) - Added filter static_user_filter (class=org.apache.hadoop.http.lib.StaticUserWebFilter$StaticUserFilter) to context static
2022-11-05 13:04:24,024 [Listener at 127.0.0.1/34735] INFO  http.HttpServer2 (HttpServer2.java:bindListener(1250)) - Jetty bound to port 42865
2022-11-05 13:04:24,024 [Listener at 127.0.0.1/34735] INFO  server.Server (Server.java:doStart(375)) - jetty-9.4.49.v20220914; built: 2022-09-14T01:07:36.601Z; git: 4231a3b2e4cb8548a412a789936d640a97b1aa0a; jvm 1.8.0_345-b01
2022-11-05 13:04:24,028 [Listener at 127.0.0.1/34735] INFO  server.session (DefaultSessionIdManager.java:doStart(334)) - DefaultSessionIdManager workerName=node0
2022-11-05 13:04:24,028 [Listener at 127.0.0.1/34735] INFO  server.session (DefaultSessionIdManager.java:doStart(339)) - No SessionScavenger set, using defaults
2022-11-05 13:04:24,029 [Listener at 127.0.0.1/34735] INFO  server.session (HouseKeeper.java:startScavenging(132)) - node0 Scavenging every 600000ms
2022-11-05 13:04:24,029 [Listener at 127.0.0.1/34735] INFO  handler.ContextHandler (ContextHandler.java:doStart(921)) - Started o.e.j.s.ServletContextHandler@3e6367bd{logs,/logs,file:///home/runner/work/ozone/ozone/hadoop-ozone/integration-test/target/log,AVAILABLE}
2022-11-05 13:04:24,030 [Listener at 127.0.0.1/34735] INFO  handler.ContextHandler (ContextHandler.java:doStart(921)) - Started o.e.j.s.ServletContextHandler@58e6940{static,/static,jar:file:/home/runner/.m2/repository/org/apache/ozone/hdds-container-service/1.3.0-SNAPSHOT/hdds-container-service-1.3.0-SNAPSHOT.jar!/webapps/static,AVAILABLE}
2022-11-05 13:04:24,195 [Listener at 127.0.0.1/34735] INFO  handler.ContextHandler (ContextHandler.java:doStart(921)) - Started o.e.j.w.WebAppContext@abbe7b3{hddsDatanode,/,file:///tmp/jetty-0_0_0_0-42865-hdds-container-service-1_3_0-SNAPSHOT_jar-_-any-308220656853826974/webapp/,AVAILABLE}{jar:file:/home/runner/.m2/repository/org/apache/ozone/hdds-container-service/1.3.0-SNAPSHOT/hdds-container-service-1.3.0-SNAPSHOT.jar!/webapps/hddsDatanode}
2022-11-05 13:04:24,197 [Listener at 127.0.0.1/34735] INFO  server.AbstractConnector (AbstractConnector.java:doStart(333)) - Started ServerConnector@66946979{HTTP/1.1, (http/1.1)}{0.0.0.0:42865}
2022-11-05 13:04:24,198 [Listener at 127.0.0.1/34735] INFO  server.Server (Server.java:doStart(415)) - Started @10760ms
2022-11-05 13:04:24,198 [Listener at 127.0.0.1/34735] WARN  impl.MetricsSystemImpl (MetricsSystemImpl.java:register(279)) - Sink prometheus already exists!
2022-11-05 13:04:24,198 [Listener at 127.0.0.1/34735] INFO  http.BaseHttpServer (BaseHttpServer.java:updateConnectorAddress(333)) - HTTP server of hddsDatanode listening at http://0.0.0.0:42865
2022-11-05 13:04:24,199 [Datanode State Machine Daemon Thread] INFO  statemachine.DatanodeStateMachine (DatanodeStateMachine.java:lambda$startDaemon$0(505)) - Ozone container server started.
2022-11-05 13:04:24,200 [Listener at 127.0.0.1/34735] WARN  impl.MetricRegistriesImpl (MetricRegistriesImpl.java:addReporterRegistration(111)) - New reporters are added after registries were created. Some metrics will be missing from the reporter. Please add reporter before adding any new registry.
2022-11-05 13:04:24,200 [Listener at 127.0.0.1/34735] WARN  impl.MetricRegistriesImpl (MetricRegistriesImpl.java:addReporterRegistration(111)) - New reporters are added after registries were created. Some metrics will be missing from the reporter. Please add reporter before adding any new registry.
2022-11-05 13:04:24,200 [Listener at 127.0.0.1/34735] INFO  impl.MetricsSystemImpl (MetricsSystemImpl.java:init(158)) - HddsDatanode metrics system started (again)
2022-11-05 13:04:24,211 [Listener at 127.0.0.1/34735] INFO  ozone.HddsDatanodeService (HddsDatanodeService.java:start(236)) - HddsDatanodeService host:fv-az83-841.uavyq1izdhte5b0ne1us2eqzhb.jx.internal.cloudapp.net ip:10.1.0.157
2022-11-05 13:04:24,223 [org.apache.hadoop.util.JvmPauseMonitor$Monitor@502809] INFO  util.JvmPauseMonitor (JvmPauseMonitor.java:run(188)) - Starting JVM pause monitor
2022-11-05 13:04:24,231 [Datanode State Machine Task Thread - 0] INFO  datanode.InitDatanodeState (InitDatanodeState.java:persistContainerDatanodeDetails(138)) - DatanodeDetails is persisted to /home/runner/work/ozone/ozone/hadoop-ozone/integration-test/target/test-dir/MiniOzoneClusterImpl-9e91b504-fe86-427b-a8de-b3d8b21cdaaf/datanode-4/meta/datanode.id
2022-11-05 13:04:24,340 [Listener at 127.0.0.1/34735] INFO  upgrade.AbstractLayoutVersionManager (AbstractLayoutVersionManager.java:init(83)) - Initializing Layout version manager with metadata layout = DATANODE_SCHEMA_V3 (version = 4), software layout = DATANODE_SCHEMA_V3 (version = 4)
2022-11-05 13:04:24,392 [Listener at 127.0.0.1/34735] INFO  reflections.Reflections (Reflections.java:scan(232)) - Reflections took 50 ms to scan 7 urls, producing 139 keys and 336 values 
2022-11-05 13:04:24,394 [Listener at 127.0.0.1/34735] INFO  statemachine.DatanodeStateMachine (DatanodeStateMachine.java:getEndPointTaskThreadPoolSize(245)) - Datanode State Machine Task Thread Pool size 2
2022-11-05 13:04:24,397 [Listener at 127.0.0.1/34735] INFO  volume.HddsVolume (HddsVolume.java:<init>(117)) - Creating HddsVolume: /home/runner/work/ozone/ozone/hadoop-ozone/integration-test/target/test-dir/MiniOzoneClusterImpl-9e91b504-fe86-427b-a8de-b3d8b21cdaaf/datanode-5/data-0/containers/hdds of storage type : DISK capacity : 9223372036854775807
2022-11-05 13:04:24,398 [Listener at 127.0.0.1/34735] INFO  volume.MutableVolumeSet (MutableVolumeSet.java:initializeVolumeSet(174)) - Added Volume : /home/runner/work/ozone/ozone/hadoop-ozone/integration-test/target/test-dir/MiniOzoneClusterImpl-9e91b504-fe86-427b-a8de-b3d8b21cdaaf/datanode-5/data-0/containers/hdds to VolumeSet
2022-11-05 13:04:24,398 [Listener at 127.0.0.1/34735] INFO  volume.ThrottledAsyncChecker (ThrottledAsyncChecker.java:schedule(141)) - Scheduling a check for /home/runner/work/ozone/ozone/hadoop-ozone/integration-test/target/test-dir/MiniOzoneClusterImpl-9e91b504-fe86-427b-a8de-b3d8b21cdaaf/datanode-5/data-0/containers/hdds
2022-11-05 13:04:24,410 [Listener at 127.0.0.1/34735] INFO  volume.StorageVolumeChecker (StorageVolumeChecker.java:checkAllVolumes(202)) - Scheduled health check for volume /home/runner/work/ozone/ozone/hadoop-ozone/integration-test/target/test-dir/MiniOzoneClusterImpl-9e91b504-fe86-427b-a8de-b3d8b21cdaaf/datanode-5/data-0/containers/hdds
2022-11-05 13:04:24,421 [Listener at 127.0.0.1/34735] INFO  volume.MutableVolumeSet (MutableVolumeSet.java:initializeVolumeSet(174)) - Added Volume : /home/runner/work/ozone/ozone/hadoop-ozone/integration-test/target/test-dir/MiniOzoneClusterImpl-9e91b504-fe86-427b-a8de-b3d8b21cdaaf/datanode-5/data/ratis to VolumeSet
2022-11-05 13:04:24,422 [Listener at 127.0.0.1/34735] INFO  volume.ThrottledAsyncChecker (ThrottledAsyncChecker.java:schedule(141)) - Scheduling a check for /home/runner/work/ozone/ozone/hadoop-ozone/integration-test/target/test-dir/MiniOzoneClusterImpl-9e91b504-fe86-427b-a8de-b3d8b21cdaaf/datanode-5/data/ratis
2022-11-05 13:04:24,422 [Listener at 127.0.0.1/34735] INFO  volume.StorageVolumeChecker (StorageVolumeChecker.java:checkAllVolumes(202)) - Scheduled health check for volume /home/runner/work/ozone/ozone/hadoop-ozone/integration-test/target/test-dir/MiniOzoneClusterImpl-9e91b504-fe86-427b-a8de-b3d8b21cdaaf/datanode-5/data/ratis
2022-11-05 13:04:24,475 [Thread-204] INFO  ozoneimpl.ContainerReader (ContainerReader.java:readVolume(175)) - Finish verifying containers on volume /home/runner/work/ozone/ozone/hadoop-ozone/integration-test/target/test-dir/MiniOzoneClusterImpl-9e91b504-fe86-427b-a8de-b3d8b21cdaaf/datanode-5/data-0/containers/hdds
2022-11-05 13:04:24,476 [Listener at 127.0.0.1/34735] INFO  ozoneimpl.OzoneContainer (OzoneContainer.java:buildContainerSet(300)) - Build ContainerSet costs 0s
2022-11-05 13:04:24,479 [Listener at 127.0.0.1/34735] INFO  server.RaftServer (ConfUtils.java:logGet(46)) - raft.rpc.type = GRPC (default)
2022-11-05 13:04:24,479 [Listener at 127.0.0.1/34735] INFO  grpc.GrpcConfigKeys (ConfUtils.java:logFallback(53)) - raft.grpc.admin.host = null (fallback to raft.grpc.server.host)
2022-11-05 13:04:24,479 [Listener at 127.0.0.1/34735] INFO  grpc.GrpcConfigKeys (ConfUtils.java:logGet(46)) - raft.grpc.admin.port = 0 (custom)
2022-11-05 13:04:24,479 [Listener at 127.0.0.1/34735] INFO  grpc.GrpcConfigKeys (ConfUtils.java:logFallback(53)) - raft.grpc.client.host = null (fallback to raft.grpc.server.host)
2022-11-05 13:04:24,480 [Listener at 127.0.0.1/34735] INFO  grpc.GrpcConfigKeys (ConfUtils.java:logGet(46)) - raft.grpc.client.port = 0 (custom)
2022-11-05 13:04:24,480 [Listener at 127.0.0.1/34735] INFO  grpc.GrpcConfigKeys (ConfUtils.java:logGet(46)) - raft.grpc.server.host = null (default)
2022-11-05 13:04:24,480 [Listener at 127.0.0.1/34735] INFO  grpc.GrpcConfigKeys (ConfUtils.java:logGet(46)) - raft.grpc.server.port = 0 (default)
2022-11-05 13:04:24,480 [Listener at 127.0.0.1/34735] INFO  server.GrpcService (ConfUtils.java:logGet(46)) - raft.grpc.message.size.max = 32MB (=33554432) (custom)
2022-11-05 13:04:24,480 [Listener at 127.0.0.1/34735] INFO  server.RaftServerConfigKeys (ConfUtils.java:logGet(46)) - raft.server.log.appender.buffer.byte-limit = 33554432 (custom)
2022-11-05 13:04:24,480 [Listener at 127.0.0.1/34735] INFO  server.GrpcService (ConfUtils.java:logGet(46)) - raft.grpc.flow.control.window = 5MB (=5242880) (custom)
2022-11-05 13:04:24,480 [Listener at 127.0.0.1/34735] INFO  server.RaftServerConfigKeys (ConfUtils.java:logGet(46)) - raft.server.rpc.request.timeout = 60s (custom)
2022-11-05 13:04:24,480 [Listener at 127.0.0.1/34735] INFO  grpc.GrpcConfigKeys (ConfUtils.java:logGet(46)) - raft.grpc.server.heartbeat.channel = true (default)
2022-11-05 13:04:24,481 [Listener at 127.0.0.1/34735] INFO  grpc.GrpcConfigKeys (ConfUtils.java:logGet(46)) - raft.grpc.server.async.request.thread.pool.cached = true (default)
2022-11-05 13:04:24,481 [Listener at 127.0.0.1/34735] INFO  grpc.GrpcConfigKeys (ConfUtils.java:logGet(46)) - raft.grpc.server.async.request.thread.pool.size = 32 (default)
2022-11-05 13:04:24,482 [Listener at 127.0.0.1/34735] INFO  impl.DataStreamServerImpl (ConfUtils.java:logGet(46)) - raft.datastream.type = DISABLED (default)
2022-11-05 13:04:24,482 [Listener at 127.0.0.1/34735] INFO  server.RaftServerConfigKeys (ConfUtils.java:logGet(46)) - raft.server.threadpool.proxy.cached = true (default)
2022-11-05 13:04:24,482 [Listener at 127.0.0.1/34735] INFO  server.RaftServerConfigKeys (ConfUtils.java:logGet(46)) - raft.server.threadpool.proxy.size = 0 (default)
2022-11-05 13:04:24,484 [Listener at 127.0.0.1/34735] INFO  server.RaftServerConfigKeys (ConfUtils.java:logGet(46)) - raft.server.rpc.slowness.timeout = 300s (custom)
2022-11-05 13:04:24,484 [Listener at 127.0.0.1/34735] INFO  server.RaftServerConfigKeys (ConfUtils.java:logGet(46)) - raft.server.leaderelection.leader.step-down.wait-time = 10s (default)
2022-11-05 13:04:24,485 [Listener at 127.0.0.1/34735] INFO  server.RaftServerConfigKeys (ConfUtils.java:logGet(46)) - raft.server.storage.dir = [/home/runner/work/ozone/ozone/hadoop-ozone/integration-test/target/test-dir/MiniOzoneClusterImpl-9e91b504-fe86-427b-a8de-b3d8b21cdaaf/datanode-5/data/ratis] (custom)
2022-11-05 13:04:24,487 [Listener at 127.0.0.1/34735] INFO  server.XceiverServerGrpc (XceiverServerGrpc.java:<init>(132)) - GrpcServer channel type EpollServerSocketChannel
2022-11-05 13:04:24,495 [Listener at 127.0.0.1/34735] INFO  http.BaseHttpServer (BaseHttpServer.java:newHttpServer2BuilderForOzone(213)) - Starting Web-server for hddsDatanode at: http://0.0.0.0:0
2022-11-05 13:04:24,495 [Listener at 127.0.0.1/34735] INFO  http.BaseHttpServer (BaseHttpServer.java:<init>(108)) - Hadoop Security Enabled: false Ozone Security Enabled: false Ozone HTTP Security Enabled: false 
2022-11-05 13:04:24,497 [Listener at 127.0.0.1/34735] WARN  server.AuthenticationFilter (AuthenticationFilter.java:constructSecretProvider(240)) - Unable to initialize FileSignerSecretProvider, falling back to use random secrets. Reason: Could not read signature secret file: /home/runner/hadoop-http-auth-signature-secret
2022-11-05 13:04:24,502 [Listener at 127.0.0.1/34735] WARN  http.HttpRequestLog (HttpRequestLog.java:getRequestLog(103)) - Jetty request log can only be enabled using Log4j
2022-11-05 13:04:24,503 [Listener at 127.0.0.1/34735] INFO  http.HttpServer2 (HttpServer2.java:addGlobalFilter(1031)) - Added global filter 'safety' (class=org.apache.hadoop.hdds.server.http.HttpServer2$QuotingInputFilter)
2022-11-05 13:04:24,504 [Listener at 127.0.0.1/34735] INFO  http.HttpServer2 (HttpServer2.java:addFilter(1007)) - Added filter static_user_filter (class=org.apache.hadoop.http.lib.StaticUserWebFilter$StaticUserFilter) to context hddsDatanode
2022-11-05 13:04:24,504 [Listener at 127.0.0.1/34735] INFO  http.HttpServer2 (HttpServer2.java:addFilter(1015)) - Added filter static_user_filter (class=org.apache.hadoop.http.lib.StaticUserWebFilter$StaticUserFilter) to context static
2022-11-05 13:04:24,504 [Listener at 127.0.0.1/34735] INFO  http.HttpServer2 (HttpServer2.java:addFilter(1015)) - Added filter static_user_filter (class=org.apache.hadoop.http.lib.StaticUserWebFilter$StaticUserFilter) to context logs
2022-11-05 13:04:24,505 [Listener at 127.0.0.1/34735] INFO  http.HttpServer2 (HttpServer2.java:bindListener(1250)) - Jetty bound to port 38799
2022-11-05 13:04:24,505 [Listener at 127.0.0.1/34735] INFO  server.Server (Server.java:doStart(375)) - jetty-9.4.49.v20220914; built: 2022-09-14T01:07:36.601Z; git: 4231a3b2e4cb8548a412a789936d640a97b1aa0a; jvm 1.8.0_345-b01
2022-11-05 13:04:24,506 [Listener at 127.0.0.1/34735] INFO  server.session (DefaultSessionIdManager.java:doStart(334)) - DefaultSessionIdManager workerName=node0
2022-11-05 13:04:24,507 [Listener at 127.0.0.1/34735] INFO  server.session (DefaultSessionIdManager.java:doStart(339)) - No SessionScavenger set, using defaults
2022-11-05 13:04:24,507 [Listener at 127.0.0.1/34735] INFO  server.session (HouseKeeper.java:startScavenging(132)) - node0 Scavenging every 600000ms
2022-11-05 13:04:24,508 [Listener at 127.0.0.1/34735] INFO  handler.ContextHandler (ContextHandler.java:doStart(921)) - Started o.e.j.s.ServletContextHandler@4285e6ae{logs,/logs,file:///home/runner/work/ozone/ozone/hadoop-ozone/integration-test/target/log,AVAILABLE}
2022-11-05 13:04:24,508 [Listener at 127.0.0.1/34735] INFO  handler.ContextHandler (ContextHandler.java:doStart(921)) - Started o.e.j.s.ServletContextHandler@59f7d263{static,/static,jar:file:/home/runner/.m2/repository/org/apache/ozone/hdds-container-service/1.3.0-SNAPSHOT/hdds-container-service-1.3.0-SNAPSHOT.jar!/webapps/static,AVAILABLE}
2022-11-05 13:04:24,679 [Listener at 127.0.0.1/34735] INFO  handler.ContextHandler (ContextHandler.java:doStart(921)) - Started o.e.j.w.WebAppContext@4fe34d9d{hddsDatanode,/,file:///tmp/jetty-0_0_0_0-38799-hdds-container-service-1_3_0-SNAPSHOT_jar-_-any-1616537001504966595/webapp/,AVAILABLE}{jar:file:/home/runner/.m2/repository/org/apache/ozone/hdds-container-service/1.3.0-SNAPSHOT/hdds-container-service-1.3.0-SNAPSHOT.jar!/webapps/hddsDatanode}
2022-11-05 13:04:24,680 [Listener at 127.0.0.1/34735] INFO  server.AbstractConnector (AbstractConnector.java:doStart(333)) - Started ServerConnector@4675f5b0{HTTP/1.1, (http/1.1)}{0.0.0.0:38799}
2022-11-05 13:04:24,680 [Listener at 127.0.0.1/34735] INFO  server.Server (Server.java:doStart(415)) - Started @11243ms
2022-11-05 13:04:24,680 [Listener at 127.0.0.1/34735] WARN  impl.MetricsSystemImpl (MetricsSystemImpl.java:register(279)) - Sink prometheus already exists!
2022-11-05 13:04:24,681 [Listener at 127.0.0.1/34735] INFO  http.BaseHttpServer (BaseHttpServer.java:updateConnectorAddress(333)) - HTTP server of hddsDatanode listening at http://0.0.0.0:38799
2022-11-05 13:04:24,681 [Datanode State Machine Daemon Thread] INFO  statemachine.DatanodeStateMachine (DatanodeStateMachine.java:lambda$startDaemon$0(505)) - Ozone container server started.
2022-11-05 13:04:24,687 [Listener at 127.0.0.1/34735] WARN  impl.MetricRegistriesImpl (MetricRegistriesImpl.java:addReporterRegistration(111)) - New reporters are added after registries were created. Some metrics will be missing from the reporter. Please add reporter before adding any new registry.
2022-11-05 13:04:24,690 [Listener at 127.0.0.1/34735] WARN  impl.MetricRegistriesImpl (MetricRegistriesImpl.java:addReporterRegistration(111)) - New reporters are added after registries were created. Some metrics will be missing from the reporter. Please add reporter before adding any new registry.
2022-11-05 13:04:24,690 [Listener at 127.0.0.1/34735] INFO  impl.MetricsSystemImpl (MetricsSystemImpl.java:init(158)) - HddsDatanode metrics system started (again)
2022-11-05 13:04:24,697 [EndpointStateMachine task thread for /0.0.0.0:34173 - 0 ] INFO  utils.DatanodeStoreCache (DatanodeStoreCache.java:addDB(58)) - Added db /home/runner/work/ozone/ozone/hadoop-ozone/integration-test/target/test-dir/MiniOzoneClusterImpl-9e91b504-fe86-427b-a8de-b3d8b21cdaaf/datanode-0/data-0/containers/hdds/9e91b504-fe86-427b-a8de-b3d8b21cdaaf/DS-43f40568-c4fa-455e-b5dd-0a57f1c1f804/container.db to cache
2022-11-05 13:04:24,702 [Listener at 127.0.0.1/34735] INFO  ozone.HddsDatanodeService (HddsDatanodeService.java:start(236)) - HddsDatanodeService host:fv-az83-841.uavyq1izdhte5b0ne1us2eqzhb.jx.internal.cloudapp.net ip:10.1.0.157
2022-11-05 13:04:24,697 [EndpointStateMachine task thread for /0.0.0.0:34173 - 0 ] INFO  volume.HddsVolume (HddsVolume.java:createDbStore(307)) - SchemaV3 db is created and loaded at /home/runner/work/ozone/ozone/hadoop-ozone/integration-test/target/test-dir/MiniOzoneClusterImpl-9e91b504-fe86-427b-a8de-b3d8b21cdaaf/datanode-0/data-0/containers/hdds/9e91b504-fe86-427b-a8de-b3d8b21cdaaf/DS-43f40568-c4fa-455e-b5dd-0a57f1c1f804/container.db for volume DS-43f40568-c4fa-455e-b5dd-0a57f1c1f804
2022-11-05 13:04:24,711 [org.apache.hadoop.util.JvmPauseMonitor$Monitor@5db00bfa] INFO  util.JvmPauseMonitor (JvmPauseMonitor.java:run(188)) - Starting JVM pause monitor
2022-11-05 13:04:24,710 [EndpointStateMachine task thread for /0.0.0.0:34173 - 0 ] INFO  ozoneimpl.OzoneContainer (OzoneContainer.java:start(378)) - Attempting to start container services.
2022-11-05 13:04:24,717 [EndpointStateMachine task thread for /0.0.0.0:34173 - 0 ] INFO  ozoneimpl.OzoneContainer (OzoneContainer.java:startContainerScrub(313)) - Background container scanner has been disabled.
2022-11-05 13:04:24,717 [Datanode State Machine Task Thread - 0] INFO  datanode.InitDatanodeState (InitDatanodeState.java:persistContainerDatanodeDetails(138)) - DatanodeDetails is persisted to /home/runner/work/ozone/ozone/hadoop-ozone/integration-test/target/test-dir/MiniOzoneClusterImpl-9e91b504-fe86-427b-a8de-b3d8b21cdaaf/datanode-5/meta/datanode.id
2022-11-05 13:04:24,721 [EndpointStateMachine task thread for /0.0.0.0:34173 - 0 ] INFO  replication.ReplicationServer (ReplicationServer.java:start(111)) - ReplicationServer is started using port 43707
2022-11-05 13:04:24,724 [EndpointStateMachine task thread for /0.0.0.0:34173 - 0 ] INFO  ratis.XceiverServerRatis (XceiverServerRatis.java:start(481)) - Starting XceiverServerRatis 274c4b45-19e0-452f-8d1e-585a77537937
2022-11-05 13:04:24,725 [EndpointStateMachine task thread for /0.0.0.0:34173 - 0 ] INFO  server.RaftServer (RaftServerProxy.java:startImpl(393)) - 274c4b45-19e0-452f-8d1e-585a77537937: start RPC server
2022-11-05 13:04:24,728 [EndpointStateMachine task thread for /0.0.0.0:34173 - 0 ] INFO  server.GrpcService (GrpcService.java:startImpl(270)) - 274c4b45-19e0-452f-8d1e-585a77537937: GrpcService started, listening on 40915
2022-11-05 13:04:24,729 [EndpointStateMachine task thread for /0.0.0.0:34173 - 0 ] INFO  ratis.XceiverServerRatis (XceiverServerRatis.java:getRealPort(502)) - XceiverServerRatis 274c4b45-19e0-452f-8d1e-585a77537937 is started using port 40915 for RATIS
2022-11-05 13:04:24,729 [EndpointStateMachine task thread for /0.0.0.0:34173 - 0 ] INFO  ratis.XceiverServerRatis (XceiverServerRatis.java:getRealPort(502)) - XceiverServerRatis 274c4b45-19e0-452f-8d1e-585a77537937 is started using port 40915 for RATIS_ADMIN
2022-11-05 13:04:24,729 [EndpointStateMachine task thread for /0.0.0.0:34173 - 0 ] INFO  ratis.XceiverServerRatis (XceiverServerRatis.java:getRealPort(502)) - XceiverServerRatis 274c4b45-19e0-452f-8d1e-585a77537937 is started using port 40915 for RATIS_SERVER
2022-11-05 13:04:24,729 [JvmPauseMonitor1] INFO  util.JvmPauseMonitor (JvmPauseMonitor.java:run(105)) - JvmPauseMonitor-274c4b45-19e0-452f-8d1e-585a77537937: Started
2022-11-05 13:04:24,732 [EndpointStateMachine task thread for /0.0.0.0:34173 - 0 ] INFO  server.XceiverServerGrpc (XceiverServerGrpc.java:start(180)) - XceiverServerGrpc 274c4b45-19e0-452f-8d1e-585a77537937 is started using port 38195
2022-11-05 13:04:24,890 [Listener at 127.0.0.1/34735] INFO  upgrade.AbstractLayoutVersionManager (AbstractLayoutVersionManager.java:init(83)) - Initializing Layout version manager with metadata layout = DATANODE_SCHEMA_V3 (version = 4), software layout = DATANODE_SCHEMA_V3 (version = 4)
2022-11-05 13:04:24,942 [Listener at 127.0.0.1/34735] INFO  reflections.Reflections (Reflections.java:scan(232)) - Reflections took 50 ms to scan 7 urls, producing 139 keys and 336 values 
2022-11-05 13:04:24,943 [Listener at 127.0.0.1/34735] INFO  statemachine.DatanodeStateMachine (DatanodeStateMachine.java:getEndPointTaskThreadPoolSize(245)) - Datanode State Machine Task Thread Pool size 2
2022-11-05 13:04:24,945 [Listener at 127.0.0.1/34735] INFO  volume.HddsVolume (HddsVolume.java:<init>(117)) - Creating HddsVolume: /home/runner/work/ozone/ozone/hadoop-ozone/integration-test/target/test-dir/MiniOzoneClusterImpl-9e91b504-fe86-427b-a8de-b3d8b21cdaaf/datanode-6/data-0/containers/hdds of storage type : DISK capacity : 9223372036854775807
2022-11-05 13:04:24,945 [Listener at 127.0.0.1/34735] INFO  volume.MutableVolumeSet (MutableVolumeSet.java:initializeVolumeSet(174)) - Added Volume : /home/runner/work/ozone/ozone/hadoop-ozone/integration-test/target/test-dir/MiniOzoneClusterImpl-9e91b504-fe86-427b-a8de-b3d8b21cdaaf/datanode-6/data-0/containers/hdds to VolumeSet
2022-11-05 13:04:24,946 [Listener at 127.0.0.1/34735] INFO  volume.ThrottledAsyncChecker (ThrottledAsyncChecker.java:schedule(141)) - Scheduling a check for /home/runner/work/ozone/ozone/hadoop-ozone/integration-test/target/test-dir/MiniOzoneClusterImpl-9e91b504-fe86-427b-a8de-b3d8b21cdaaf/datanode-6/data-0/containers/hdds
2022-11-05 13:04:24,946 [Listener at 127.0.0.1/34735] INFO  volume.StorageVolumeChecker (StorageVolumeChecker.java:checkAllVolumes(202)) - Scheduled health check for volume /home/runner/work/ozone/ozone/hadoop-ozone/integration-test/target/test-dir/MiniOzoneClusterImpl-9e91b504-fe86-427b-a8de-b3d8b21cdaaf/datanode-6/data-0/containers/hdds
2022-11-05 13:04:24,958 [Listener at 127.0.0.1/34735] INFO  volume.MutableVolumeSet (MutableVolumeSet.java:initializeVolumeSet(174)) - Added Volume : /home/runner/work/ozone/ozone/hadoop-ozone/integration-test/target/test-dir/MiniOzoneClusterImpl-9e91b504-fe86-427b-a8de-b3d8b21cdaaf/datanode-6/data/ratis to VolumeSet
2022-11-05 13:04:24,958 [Listener at 127.0.0.1/34735] INFO  volume.ThrottledAsyncChecker (ThrottledAsyncChecker.java:schedule(141)) - Scheduling a check for /home/runner/work/ozone/ozone/hadoop-ozone/integration-test/target/test-dir/MiniOzoneClusterImpl-9e91b504-fe86-427b-a8de-b3d8b21cdaaf/datanode-6/data/ratis
2022-11-05 13:04:24,958 [Listener at 127.0.0.1/34735] INFO  volume.StorageVolumeChecker (StorageVolumeChecker.java:checkAllVolumes(202)) - Scheduled health check for volume /home/runner/work/ozone/ozone/hadoop-ozone/integration-test/target/test-dir/MiniOzoneClusterImpl-9e91b504-fe86-427b-a8de-b3d8b21cdaaf/datanode-6/data/ratis
2022-11-05 13:04:24,969 [Thread-222] INFO  ozoneimpl.ContainerReader (ContainerReader.java:readVolume(175)) - Finish verifying containers on volume /home/runner/work/ozone/ozone/hadoop-ozone/integration-test/target/test-dir/MiniOzoneClusterImpl-9e91b504-fe86-427b-a8de-b3d8b21cdaaf/datanode-6/data-0/containers/hdds
2022-11-05 13:04:24,969 [Listener at 127.0.0.1/34735] INFO  ozoneimpl.OzoneContainer (OzoneContainer.java:buildContainerSet(300)) - Build ContainerSet costs 0s
2022-11-05 13:04:24,971 [Listener at 127.0.0.1/34735] INFO  server.RaftServer (ConfUtils.java:logGet(46)) - raft.rpc.type = GRPC (default)
2022-11-05 13:04:24,971 [Listener at 127.0.0.1/34735] INFO  grpc.GrpcConfigKeys (ConfUtils.java:logFallback(53)) - raft.grpc.admin.host = null (fallback to raft.grpc.server.host)
2022-11-05 13:04:24,972 [Listener at 127.0.0.1/34735] INFO  grpc.GrpcConfigKeys (ConfUtils.java:logGet(46)) - raft.grpc.admin.port = 0 (custom)
2022-11-05 13:04:24,972 [Listener at 127.0.0.1/34735] INFO  grpc.GrpcConfigKeys (ConfUtils.java:logFallback(53)) - raft.grpc.client.host = null (fallback to raft.grpc.server.host)
2022-11-05 13:04:24,972 [Listener at 127.0.0.1/34735] INFO  grpc.GrpcConfigKeys (ConfUtils.java:logGet(46)) - raft.grpc.client.port = 0 (custom)
2022-11-05 13:04:24,972 [Listener at 127.0.0.1/34735] INFO  grpc.GrpcConfigKeys (ConfUtils.java:logGet(46)) - raft.grpc.server.host = null (default)
2022-11-05 13:04:24,972 [Listener at 127.0.0.1/34735] INFO  grpc.GrpcConfigKeys (ConfUtils.java:logGet(46)) - raft.grpc.server.port = 0 (default)
2022-11-05 13:04:24,972 [Listener at 127.0.0.1/34735] INFO  server.GrpcService (ConfUtils.java:logGet(46)) - raft.grpc.message.size.max = 32MB (=33554432) (custom)
2022-11-05 13:04:24,972 [Listener at 127.0.0.1/34735] INFO  server.RaftServerConfigKeys (ConfUtils.java:logGet(46)) - raft.server.log.appender.buffer.byte-limit = 33554432 (custom)
2022-11-05 13:04:24,973 [Listener at 127.0.0.1/34735] INFO  server.GrpcService (ConfUtils.java:logGet(46)) - raft.grpc.flow.control.window = 5MB (=5242880) (custom)
2022-11-05 13:04:24,973 [Listener at 127.0.0.1/34735] INFO  server.RaftServerConfigKeys (ConfUtils.java:logGet(46)) - raft.server.rpc.request.timeout = 60s (custom)
2022-11-05 13:04:24,973 [Listener at 127.0.0.1/34735] INFO  grpc.GrpcConfigKeys (ConfUtils.java:logGet(46)) - raft.grpc.server.heartbeat.channel = true (default)
2022-11-05 13:04:24,973 [Listener at 127.0.0.1/34735] INFO  grpc.GrpcConfigKeys (ConfUtils.java:logGet(46)) - raft.grpc.server.async.request.thread.pool.cached = true (default)
2022-11-05 13:04:24,973 [Listener at 127.0.0.1/34735] INFO  grpc.GrpcConfigKeys (ConfUtils.java:logGet(46)) - raft.grpc.server.async.request.thread.pool.size = 32 (default)
2022-11-05 13:04:24,974 [Listener at 127.0.0.1/34735] INFO  impl.DataStreamServerImpl (ConfUtils.java:logGet(46)) - raft.datastream.type = DISABLED (default)
2022-11-05 13:04:24,974 [Listener at 127.0.0.1/34735] INFO  server.RaftServerConfigKeys (ConfUtils.java:logGet(46)) - raft.server.threadpool.proxy.cached = true (default)
2022-11-05 13:04:24,974 [Listener at 127.0.0.1/34735] INFO  server.RaftServerConfigKeys (ConfUtils.java:logGet(46)) - raft.server.threadpool.proxy.size = 0 (default)
2022-11-05 13:04:24,975 [Listener at 127.0.0.1/34735] INFO  server.RaftServerConfigKeys (ConfUtils.java:logGet(46)) - raft.server.rpc.slowness.timeout = 300s (custom)
2022-11-05 13:04:24,975 [Listener at 127.0.0.1/34735] INFO  server.RaftServerConfigKeys (ConfUtils.java:logGet(46)) - raft.server.leaderelection.leader.step-down.wait-time = 10s (default)
2022-11-05 13:04:24,975 [Listener at 127.0.0.1/34735] INFO  server.RaftServerConfigKeys (ConfUtils.java:logGet(46)) - raft.server.storage.dir = [/home/runner/work/ozone/ozone/hadoop-ozone/integration-test/target/test-dir/MiniOzoneClusterImpl-9e91b504-fe86-427b-a8de-b3d8b21cdaaf/datanode-6/data/ratis] (custom)
2022-11-05 13:04:24,976 [Listener at 127.0.0.1/34735] INFO  server.XceiverServerGrpc (XceiverServerGrpc.java:<init>(132)) - GrpcServer channel type EpollServerSocketChannel
2022-11-05 13:04:24,979 [Listener at 127.0.0.1/34735] INFO  http.BaseHttpServer (BaseHttpServer.java:newHttpServer2BuilderForOzone(213)) - Starting Web-server for hddsDatanode at: http://0.0.0.0:0
2022-11-05 13:04:24,979 [Listener at 127.0.0.1/34735] INFO  http.BaseHttpServer (BaseHttpServer.java:<init>(108)) - Hadoop Security Enabled: false Ozone Security Enabled: false Ozone HTTP Security Enabled: false 
2022-11-05 13:04:24,981 [Listener at 127.0.0.1/34735] WARN  server.AuthenticationFilter (AuthenticationFilter.java:constructSecretProvider(240)) - Unable to initialize FileSignerSecretProvider, falling back to use random secrets. Reason: Could not read signature secret file: /home/runner/hadoop-http-auth-signature-secret
2022-11-05 13:04:24,981 [Listener at 127.0.0.1/34735] WARN  http.HttpRequestLog (HttpRequestLog.java:getRequestLog(103)) - Jetty request log can only be enabled using Log4j
2022-11-05 13:04:24,982 [Listener at 127.0.0.1/34735] INFO  http.HttpServer2 (HttpServer2.java:addGlobalFilter(1031)) - Added global filter 'safety' (class=org.apache.hadoop.hdds.server.http.HttpServer2$QuotingInputFilter)
2022-11-05 13:04:24,983 [Listener at 127.0.0.1/34735] INFO  http.HttpServer2 (HttpServer2.java:addFilter(1007)) - Added filter static_user_filter (class=org.apache.hadoop.http.lib.StaticUserWebFilter$StaticUserFilter) to context hddsDatanode
2022-11-05 13:04:24,983 [Listener at 127.0.0.1/34735] INFO  http.HttpServer2 (HttpServer2.java:addFilter(1015)) - Added filter static_user_filter (class=org.apache.hadoop.http.lib.StaticUserWebFilter$StaticUserFilter) to context static
2022-11-05 13:04:24,984 [Listener at 127.0.0.1/34735] INFO  http.HttpServer2 (HttpServer2.java:addFilter(1015)) - Added filter static_user_filter (class=org.apache.hadoop.http.lib.StaticUserWebFilter$StaticUserFilter) to context logs
2022-11-05 13:04:24,984 [Listener at 127.0.0.1/34735] INFO  http.HttpServer2 (HttpServer2.java:bindListener(1250)) - Jetty bound to port 34295
2022-11-05 13:04:24,984 [Listener at 127.0.0.1/34735] INFO  server.Server (Server.java:doStart(375)) - jetty-9.4.49.v20220914; built: 2022-09-14T01:07:36.601Z; git: 4231a3b2e4cb8548a412a789936d640a97b1aa0a; jvm 1.8.0_345-b01
2022-11-05 13:04:24,988 [Listener at 127.0.0.1/34735] INFO  server.session (DefaultSessionIdManager.java:doStart(334)) - DefaultSessionIdManager workerName=node0
2022-11-05 13:04:24,989 [Listener at 127.0.0.1/34735] INFO  server.session (DefaultSessionIdManager.java:doStart(339)) - No SessionScavenger set, using defaults
2022-11-05 13:04:24,989 [Listener at 127.0.0.1/34735] INFO  server.session (HouseKeeper.java:startScavenging(132)) - node0 Scavenging every 600000ms
2022-11-05 13:04:24,990 [Listener at 127.0.0.1/34735] INFO  handler.ContextHandler (ContextHandler.java:doStart(921)) - Started o.e.j.s.ServletContextHandler@4e10099e{logs,/logs,file:///home/runner/work/ozone/ozone/hadoop-ozone/integration-test/target/log,AVAILABLE}
2022-11-05 13:04:24,990 [Listener at 127.0.0.1/34735] INFO  handler.ContextHandler (ContextHandler.java:doStart(921)) - Started o.e.j.s.ServletContextHandler@1d8aab12{static,/static,jar:file:/home/runner/.m2/repository/org/apache/ozone/hdds-container-service/1.3.0-SNAPSHOT/hdds-container-service-1.3.0-SNAPSHOT.jar!/webapps/static,AVAILABLE}
2022-11-05 13:04:25,157 [Listener at 127.0.0.1/34735] INFO  handler.ContextHandler (ContextHandler.java:doStart(921)) - Started o.e.j.w.WebAppContext@16c58781{hddsDatanode,/,file:///tmp/jetty-0_0_0_0-34295-hdds-container-service-1_3_0-SNAPSHOT_jar-_-any-3504124440426418308/webapp/,AVAILABLE}{jar:file:/home/runner/.m2/repository/org/apache/ozone/hdds-container-service/1.3.0-SNAPSHOT/hdds-container-service-1.3.0-SNAPSHOT.jar!/webapps/hddsDatanode}
2022-11-05 13:04:25,160 [Listener at 127.0.0.1/34735] INFO  server.AbstractConnector (AbstractConnector.java:doStart(333)) - Started ServerConnector@254e898e{HTTP/1.1, (http/1.1)}{0.0.0.0:34295}
2022-11-05 13:04:25,160 [Listener at 127.0.0.1/34735] INFO  server.Server (Server.java:doStart(415)) - Started @11723ms
2022-11-05 13:04:25,160 [Listener at 127.0.0.1/34735] WARN  impl.MetricsSystemImpl (MetricsSystemImpl.java:register(279)) - Sink prometheus already exists!
2022-11-05 13:04:25,161 [Listener at 127.0.0.1/34735] INFO  http.BaseHttpServer (BaseHttpServer.java:updateConnectorAddress(333)) - HTTP server of hddsDatanode listening at http://0.0.0.0:34295
2022-11-05 13:04:25,167 [EndpointStateMachine task thread for /0.0.0.0:34173 - 0 ] INFO  utils.DatanodeStoreCache (DatanodeStoreCache.java:addDB(58)) - Added db /home/runner/work/ozone/ozone/hadoop-ozone/integration-test/target/test-dir/MiniOzoneClusterImpl-9e91b504-fe86-427b-a8de-b3d8b21cdaaf/datanode-1/data-0/containers/hdds/9e91b504-fe86-427b-a8de-b3d8b21cdaaf/DS-d282602c-348e-4318-b492-ae5981154b9d/container.db to cache
2022-11-05 13:04:25,167 [Datanode State Machine Daemon Thread] INFO  statemachine.DatanodeStateMachine (DatanodeStateMachine.java:lambda$startDaemon$0(505)) - Ozone container server started.
2022-11-05 13:04:25,167 [EndpointStateMachine task thread for /0.0.0.0:34173 - 0 ] INFO  volume.HddsVolume (HddsVolume.java:createDbStore(307)) - SchemaV3 db is created and loaded at /home/runner/work/ozone/ozone/hadoop-ozone/integration-test/target/test-dir/MiniOzoneClusterImpl-9e91b504-fe86-427b-a8de-b3d8b21cdaaf/datanode-1/data-0/containers/hdds/9e91b504-fe86-427b-a8de-b3d8b21cdaaf/DS-d282602c-348e-4318-b492-ae5981154b9d/container.db for volume DS-d282602c-348e-4318-b492-ae5981154b9d
2022-11-05 13:04:25,168 [Listener at 127.0.0.1/34735] WARN  impl.MetricRegistriesImpl (MetricRegistriesImpl.java:addReporterRegistration(111)) - New reporters are added after registries were created. Some metrics will be missing from the reporter. Please add reporter before adding any new registry.
2022-11-05 13:04:25,168 [Listener at 127.0.0.1/34735] WARN  impl.MetricRegistriesImpl (MetricRegistriesImpl.java:addReporterRegistration(111)) - New reporters are added after registries were created. Some metrics will be missing from the reporter. Please add reporter before adding any new registry.
2022-11-05 13:04:25,168 [Listener at 127.0.0.1/34735] INFO  impl.MetricsSystemImpl (MetricsSystemImpl.java:init(158)) - HddsDatanode metrics system started (again)
2022-11-05 13:04:25,168 [EndpointStateMachine task thread for /0.0.0.0:34173 - 0 ] INFO  ozoneimpl.OzoneContainer (OzoneContainer.java:start(378)) - Attempting to start container services.
2022-11-05 13:04:25,169 [EndpointStateMachine task thread for /0.0.0.0:34173 - 0 ] INFO  ozoneimpl.OzoneContainer (OzoneContainer.java:startContainerScrub(313)) - Background container scanner has been disabled.
2022-11-05 13:04:25,185 [Listener at 127.0.0.1/34735] INFO  ozone.HddsDatanodeService (HddsDatanodeService.java:start(236)) - HddsDatanodeService host:fv-az83-841.uavyq1izdhte5b0ne1us2eqzhb.jx.internal.cloudapp.net ip:10.1.0.157
2022-11-05 13:04:25,186 [org.apache.hadoop.util.JvmPauseMonitor$Monitor@7ab76ba] INFO  util.JvmPauseMonitor (JvmPauseMonitor.java:run(188)) - Starting JVM pause monitor
2022-11-05 13:04:25,191 [EndpointStateMachine task thread for /0.0.0.0:34173 - 0 ] INFO  replication.ReplicationServer (ReplicationServer.java:start(111)) - ReplicationServer is started using port 44027
2022-11-05 13:04:25,191 [EndpointStateMachine task thread for /0.0.0.0:34173 - 0 ] INFO  ratis.XceiverServerRatis (XceiverServerRatis.java:start(481)) - Starting XceiverServerRatis 97cc06fc-4025-4c76-bebd-c1d7b79fe413
2022-11-05 13:04:25,192 [EndpointStateMachine task thread for /0.0.0.0:34173 - 0 ] INFO  server.RaftServer (RaftServerProxy.java:startImpl(393)) - 97cc06fc-4025-4c76-bebd-c1d7b79fe413: start RPC server
2022-11-05 13:04:25,200 [EndpointStateMachine task thread for /0.0.0.0:34173 - 0 ] INFO  server.GrpcService (GrpcService.java:startImpl(270)) - 97cc06fc-4025-4c76-bebd-c1d7b79fe413: GrpcService started, listening on 40151
2022-11-05 13:04:25,200 [EndpointStateMachine task thread for /0.0.0.0:34173 - 0 ] INFO  ratis.XceiverServerRatis (XceiverServerRatis.java:getRealPort(502)) - XceiverServerRatis 97cc06fc-4025-4c76-bebd-c1d7b79fe413 is started using port 40151 for RATIS
2022-11-05 13:04:25,200 [EndpointStateMachine task thread for /0.0.0.0:34173 - 0 ] INFO  ratis.XceiverServerRatis (XceiverServerRatis.java:getRealPort(502)) - XceiverServerRatis 97cc06fc-4025-4c76-bebd-c1d7b79fe413 is started using port 40151 for RATIS_ADMIN
2022-11-05 13:04:25,200 [EndpointStateMachine task thread for /0.0.0.0:34173 - 0 ] INFO  ratis.XceiverServerRatis (XceiverServerRatis.java:getRealPort(502)) - XceiverServerRatis 97cc06fc-4025-4c76-bebd-c1d7b79fe413 is started using port 40151 for RATIS_SERVER
2022-11-05 13:04:25,200 [JvmPauseMonitor2] INFO  util.JvmPauseMonitor (JvmPauseMonitor.java:run(105)) - JvmPauseMonitor-97cc06fc-4025-4c76-bebd-c1d7b79fe413: Started
2022-11-05 13:04:25,204 [Datanode State Machine Task Thread - 0] INFO  datanode.InitDatanodeState (InitDatanodeState.java:persistContainerDatanodeDetails(138)) - DatanodeDetails is persisted to /home/runner/work/ozone/ozone/hadoop-ozone/integration-test/target/test-dir/MiniOzoneClusterImpl-9e91b504-fe86-427b-a8de-b3d8b21cdaaf/datanode-6/meta/datanode.id
2022-11-05 13:04:25,207 [EndpointStateMachine task thread for /0.0.0.0:34173 - 0 ] INFO  server.XceiverServerGrpc (XceiverServerGrpc.java:start(180)) - XceiverServerGrpc 97cc06fc-4025-4c76-bebd-c1d7b79fe413 is started using port 42951
2022-11-05 13:04:25,341 [Listener at 127.0.0.1/34735] INFO  upgrade.AbstractLayoutVersionManager (AbstractLayoutVersionManager.java:init(83)) - Initializing Layout version manager with metadata layout = DATANODE_SCHEMA_V3 (version = 4), software layout = DATANODE_SCHEMA_V3 (version = 4)
2022-11-05 13:04:25,385 [Listener at 127.0.0.1/34735] INFO  reflections.Reflections (Reflections.java:scan(232)) - Reflections took 43 ms to scan 7 urls, producing 139 keys and 336 values 
2022-11-05 13:04:25,387 [Listener at 127.0.0.1/34735] INFO  statemachine.DatanodeStateMachine (DatanodeStateMachine.java:getEndPointTaskThreadPoolSize(245)) - Datanode State Machine Task Thread Pool size 2
2022-11-05 13:04:25,388 [Listener at 127.0.0.1/34735] INFO  volume.HddsVolume (HddsVolume.java:<init>(117)) - Creating HddsVolume: /home/runner/work/ozone/ozone/hadoop-ozone/integration-test/target/test-dir/MiniOzoneClusterImpl-9e91b504-fe86-427b-a8de-b3d8b21cdaaf/datanode-7/data-0/containers/hdds of storage type : DISK capacity : 9223372036854775807
2022-11-05 13:04:25,389 [Listener at 127.0.0.1/34735] INFO  volume.MutableVolumeSet (MutableVolumeSet.java:initializeVolumeSet(174)) - Added Volume : /home/runner/work/ozone/ozone/hadoop-ozone/integration-test/target/test-dir/MiniOzoneClusterImpl-9e91b504-fe86-427b-a8de-b3d8b21cdaaf/datanode-7/data-0/containers/hdds to VolumeSet
2022-11-05 13:04:25,389 [Listener at 127.0.0.1/34735] INFO  volume.ThrottledAsyncChecker (ThrottledAsyncChecker.java:schedule(141)) - Scheduling a check for /home/runner/work/ozone/ozone/hadoop-ozone/integration-test/target/test-dir/MiniOzoneClusterImpl-9e91b504-fe86-427b-a8de-b3d8b21cdaaf/datanode-7/data-0/containers/hdds
2022-11-05 13:04:25,389 [Listener at 127.0.0.1/34735] INFO  volume.StorageVolumeChecker (StorageVolumeChecker.java:checkAllVolumes(202)) - Scheduled health check for volume /home/runner/work/ozone/ozone/hadoop-ozone/integration-test/target/test-dir/MiniOzoneClusterImpl-9e91b504-fe86-427b-a8de-b3d8b21cdaaf/datanode-7/data-0/containers/hdds
2022-11-05 13:04:25,401 [Listener at 127.0.0.1/34735] INFO  volume.MutableVolumeSet (MutableVolumeSet.java:initializeVolumeSet(174)) - Added Volume : /home/runner/work/ozone/ozone/hadoop-ozone/integration-test/target/test-dir/MiniOzoneClusterImpl-9e91b504-fe86-427b-a8de-b3d8b21cdaaf/datanode-7/data/ratis to VolumeSet
2022-11-05 13:04:25,401 [Listener at 127.0.0.1/34735] INFO  volume.ThrottledAsyncChecker (ThrottledAsyncChecker.java:schedule(141)) - Scheduling a check for /home/runner/work/ozone/ozone/hadoop-ozone/integration-test/target/test-dir/MiniOzoneClusterImpl-9e91b504-fe86-427b-a8de-b3d8b21cdaaf/datanode-7/data/ratis
2022-11-05 13:04:25,402 [Listener at 127.0.0.1/34735] INFO  volume.StorageVolumeChecker (StorageVolumeChecker.java:checkAllVolumes(202)) - Scheduled health check for volume /home/runner/work/ozone/ozone/hadoop-ozone/integration-test/target/test-dir/MiniOzoneClusterImpl-9e91b504-fe86-427b-a8de-b3d8b21cdaaf/datanode-7/data/ratis
2022-11-05 13:04:25,412 [Thread-240] INFO  ozoneimpl.ContainerReader (ContainerReader.java:readVolume(175)) - Finish verifying containers on volume /home/runner/work/ozone/ozone/hadoop-ozone/integration-test/target/test-dir/MiniOzoneClusterImpl-9e91b504-fe86-427b-a8de-b3d8b21cdaaf/datanode-7/data-0/containers/hdds
2022-11-05 13:04:25,412 [Listener at 127.0.0.1/34735] INFO  ozoneimpl.OzoneContainer (OzoneContainer.java:buildContainerSet(300)) - Build ContainerSet costs 0s
2022-11-05 13:04:25,415 [Listener at 127.0.0.1/34735] INFO  server.RaftServer (ConfUtils.java:logGet(46)) - raft.rpc.type = GRPC (default)
2022-11-05 13:04:25,415 [Listener at 127.0.0.1/34735] INFO  grpc.GrpcConfigKeys (ConfUtils.java:logFallback(53)) - raft.grpc.admin.host = null (fallback to raft.grpc.server.host)
2022-11-05 13:04:25,415 [Listener at 127.0.0.1/34735] INFO  grpc.GrpcConfigKeys (ConfUtils.java:logGet(46)) - raft.grpc.admin.port = 0 (custom)
2022-11-05 13:04:25,415 [Listener at 127.0.0.1/34735] INFO  grpc.GrpcConfigKeys (ConfUtils.java:logFallback(53)) - raft.grpc.client.host = null (fallback to raft.grpc.server.host)
2022-11-05 13:04:25,415 [Listener at 127.0.0.1/34735] INFO  grpc.GrpcConfigKeys (ConfUtils.java:logGet(46)) - raft.grpc.client.port = 0 (custom)
2022-11-05 13:04:25,416 [Listener at 127.0.0.1/34735] INFO  grpc.GrpcConfigKeys (ConfUtils.java:logGet(46)) - raft.grpc.server.host = null (default)
2022-11-05 13:04:25,416 [Listener at 127.0.0.1/34735] INFO  grpc.GrpcConfigKeys (ConfUtils.java:logGet(46)) - raft.grpc.server.port = 0 (default)
2022-11-05 13:04:25,416 [Listener at 127.0.0.1/34735] INFO  server.GrpcService (ConfUtils.java:logGet(46)) - raft.grpc.message.size.max = 32MB (=33554432) (custom)
2022-11-05 13:04:25,416 [Listener at 127.0.0.1/34735] INFO  server.RaftServerConfigKeys (ConfUtils.java:logGet(46)) - raft.server.log.appender.buffer.byte-limit = 33554432 (custom)
2022-11-05 13:04:25,416 [Listener at 127.0.0.1/34735] INFO  server.GrpcService (ConfUtils.java:logGet(46)) - raft.grpc.flow.control.window = 5MB (=5242880) (custom)
2022-11-05 13:04:25,416 [Listener at 127.0.0.1/34735] INFO  server.RaftServerConfigKeys (ConfUtils.java:logGet(46)) - raft.server.rpc.request.timeout = 60s (custom)
2022-11-05 13:04:25,416 [Listener at 127.0.0.1/34735] INFO  grpc.GrpcConfigKeys (ConfUtils.java:logGet(46)) - raft.grpc.server.heartbeat.channel = true (default)
2022-11-05 13:04:25,416 [Listener at 127.0.0.1/34735] INFO  grpc.GrpcConfigKeys (ConfUtils.java:logGet(46)) - raft.grpc.server.async.request.thread.pool.cached = true (default)
2022-11-05 13:04:25,417 [Listener at 127.0.0.1/34735] INFO  grpc.GrpcConfigKeys (ConfUtils.java:logGet(46)) - raft.grpc.server.async.request.thread.pool.size = 32 (default)
2022-11-05 13:04:25,418 [Listener at 127.0.0.1/34735] INFO  impl.DataStreamServerImpl (ConfUtils.java:logGet(46)) - raft.datastream.type = DISABLED (default)
2022-11-05 13:04:25,418 [Listener at 127.0.0.1/34735] INFO  server.RaftServerConfigKeys (ConfUtils.java:logGet(46)) - raft.server.threadpool.proxy.cached = true (default)
2022-11-05 13:04:25,418 [Listener at 127.0.0.1/34735] INFO  server.RaftServerConfigKeys (ConfUtils.java:logGet(46)) - raft.server.threadpool.proxy.size = 0 (default)
2022-11-05 13:04:25,418 [Listener at 127.0.0.1/34735] INFO  server.RaftServerConfigKeys (ConfUtils.java:logGet(46)) - raft.server.rpc.slowness.timeout = 300s (custom)
2022-11-05 13:04:25,418 [Listener at 127.0.0.1/34735] INFO  server.RaftServerConfigKeys (ConfUtils.java:logGet(46)) - raft.server.leaderelection.leader.step-down.wait-time = 10s (default)
2022-11-05 13:04:25,419 [Listener at 127.0.0.1/34735] INFO  server.RaftServerConfigKeys (ConfUtils.java:logGet(46)) - raft.server.storage.dir = [/home/runner/work/ozone/ozone/hadoop-ozone/integration-test/target/test-dir/MiniOzoneClusterImpl-9e91b504-fe86-427b-a8de-b3d8b21cdaaf/datanode-7/data/ratis] (custom)
2022-11-05 13:04:25,420 [Listener at 127.0.0.1/34735] INFO  server.XceiverServerGrpc (XceiverServerGrpc.java:<init>(132)) - GrpcServer channel type EpollServerSocketChannel
2022-11-05 13:04:25,424 [Listener at 127.0.0.1/34735] INFO  http.BaseHttpServer (BaseHttpServer.java:newHttpServer2BuilderForOzone(213)) - Starting Web-server for hddsDatanode at: http://0.0.0.0:0
2022-11-05 13:04:25,424 [Listener at 127.0.0.1/34735] INFO  http.BaseHttpServer (BaseHttpServer.java:<init>(108)) - Hadoop Security Enabled: false Ozone Security Enabled: false Ozone HTTP Security Enabled: false 
2022-11-05 13:04:25,427 [Listener at 127.0.0.1/34735] WARN  server.AuthenticationFilter (AuthenticationFilter.java:constructSecretProvider(240)) - Unable to initialize FileSignerSecretProvider, falling back to use random secrets. Reason: Could not read signature secret file: /home/runner/hadoop-http-auth-signature-secret
2022-11-05 13:04:25,428 [Listener at 127.0.0.1/34735] WARN  http.HttpRequestLog (HttpRequestLog.java:getRequestLog(103)) - Jetty request log can only be enabled using Log4j
2022-11-05 13:04:25,429 [Listener at 127.0.0.1/34735] INFO  http.HttpServer2 (HttpServer2.java:addGlobalFilter(1031)) - Added global filter 'safety' (class=org.apache.hadoop.hdds.server.http.HttpServer2$QuotingInputFilter)
2022-11-05 13:04:25,430 [Listener at 127.0.0.1/34735] INFO  http.HttpServer2 (HttpServer2.java:addFilter(1007)) - Added filter static_user_filter (class=org.apache.hadoop.http.lib.StaticUserWebFilter$StaticUserFilter) to context hddsDatanode
2022-11-05 13:04:25,430 [Listener at 127.0.0.1/34735] INFO  http.HttpServer2 (HttpServer2.java:addFilter(1015)) - Added filter static_user_filter (class=org.apache.hadoop.http.lib.StaticUserWebFilter$StaticUserFilter) to context logs
2022-11-05 13:04:25,430 [Listener at 127.0.0.1/34735] INFO  http.HttpServer2 (HttpServer2.java:addFilter(1015)) - Added filter static_user_filter (class=org.apache.hadoop.http.lib.StaticUserWebFilter$StaticUserFilter) to context static
2022-11-05 13:04:25,431 [Listener at 127.0.0.1/34735] INFO  http.HttpServer2 (HttpServer2.java:bindListener(1250)) - Jetty bound to port 39149
2022-11-05 13:04:25,431 [Listener at 127.0.0.1/34735] INFO  server.Server (Server.java:doStart(375)) - jetty-9.4.49.v20220914; built: 2022-09-14T01:07:36.601Z; git: 4231a3b2e4cb8548a412a789936d640a97b1aa0a; jvm 1.8.0_345-b01
2022-11-05 13:04:25,432 [Listener at 127.0.0.1/34735] INFO  server.session (DefaultSessionIdManager.java:doStart(334)) - DefaultSessionIdManager workerName=node0
2022-11-05 13:04:25,432 [Listener at 127.0.0.1/34735] INFO  server.session (DefaultSessionIdManager.java:doStart(339)) - No SessionScavenger set, using defaults
2022-11-05 13:04:25,432 [Listener at 127.0.0.1/34735] INFO  server.session (HouseKeeper.java:startScavenging(132)) - node0 Scavenging every 660000ms
2022-11-05 13:04:25,434 [Listener at 127.0.0.1/34735] INFO  handler.ContextHandler (ContextHandler.java:doStart(921)) - Started o.e.j.s.ServletContextHandler@18ca542f{logs,/logs,file:///home/runner/work/ozone/ozone/hadoop-ozone/integration-test/target/log,AVAILABLE}
2022-11-05 13:04:25,434 [Listener at 127.0.0.1/34735] INFO  handler.ContextHandler (ContextHandler.java:doStart(921)) - Started o.e.j.s.ServletContextHandler@501ed355{static,/static,jar:file:/home/runner/.m2/repository/org/apache/ozone/hdds-container-service/1.3.0-SNAPSHOT/hdds-container-service-1.3.0-SNAPSHOT.jar!/webapps/static,AVAILABLE}
2022-11-05 13:04:25,522 [EndpointStateMachine task thread for /0.0.0.0:34173 - 0 ] INFO  utils.DatanodeStoreCache (DatanodeStoreCache.java:addDB(58)) - Added db /home/runner/work/ozone/ozone/hadoop-ozone/integration-test/target/test-dir/MiniOzoneClusterImpl-9e91b504-fe86-427b-a8de-b3d8b21cdaaf/datanode-2/data-0/containers/hdds/9e91b504-fe86-427b-a8de-b3d8b21cdaaf/DS-a841b3ef-ce0b-4daa-ab9a-2a49b47c465e/container.db to cache
2022-11-05 13:04:25,523 [EndpointStateMachine task thread for /0.0.0.0:34173 - 0 ] INFO  volume.HddsVolume (HddsVolume.java:createDbStore(307)) - SchemaV3 db is created and loaded at /home/runner/work/ozone/ozone/hadoop-ozone/integration-test/target/test-dir/MiniOzoneClusterImpl-9e91b504-fe86-427b-a8de-b3d8b21cdaaf/datanode-2/data-0/containers/hdds/9e91b504-fe86-427b-a8de-b3d8b21cdaaf/DS-a841b3ef-ce0b-4daa-ab9a-2a49b47c465e/container.db for volume DS-a841b3ef-ce0b-4daa-ab9a-2a49b47c465e
2022-11-05 13:04:25,523 [EndpointStateMachine task thread for /0.0.0.0:34173 - 0 ] INFO  ozoneimpl.OzoneContainer (OzoneContainer.java:start(378)) - Attempting to start container services.
2022-11-05 13:04:25,523 [EndpointStateMachine task thread for /0.0.0.0:34173 - 0 ] INFO  ozoneimpl.OzoneContainer (OzoneContainer.java:startContainerScrub(313)) - Background container scanner has been disabled.
2022-11-05 13:04:25,525 [EndpointStateMachine task thread for /0.0.0.0:34173 - 0 ] INFO  replication.ReplicationServer (ReplicationServer.java:start(111)) - ReplicationServer is started using port 40585
2022-11-05 13:04:25,525 [EndpointStateMachine task thread for /0.0.0.0:34173 - 0 ] INFO  ratis.XceiverServerRatis (XceiverServerRatis.java:start(481)) - Starting XceiverServerRatis c56757ad-2923-4297-8741-c606545d9a52
2022-11-05 13:04:25,542 [EndpointStateMachine task thread for /0.0.0.0:34173 - 0 ] INFO  server.RaftServer (RaftServerProxy.java:startImpl(393)) - c56757ad-2923-4297-8741-c606545d9a52: start RPC server
2022-11-05 13:04:25,551 [EndpointStateMachine task thread for /0.0.0.0:34173 - 0 ] INFO  server.GrpcService (GrpcService.java:startImpl(270)) - c56757ad-2923-4297-8741-c606545d9a52: GrpcService started, listening on 45683
2022-11-05 13:04:25,552 [EndpointStateMachine task thread for /0.0.0.0:34173 - 0 ] INFO  ratis.XceiverServerRatis (XceiverServerRatis.java:getRealPort(502)) - XceiverServerRatis c56757ad-2923-4297-8741-c606545d9a52 is started using port 45683 for RATIS
2022-11-05 13:04:25,552 [EndpointStateMachine task thread for /0.0.0.0:34173 - 0 ] INFO  ratis.XceiverServerRatis (XceiverServerRatis.java:getRealPort(502)) - XceiverServerRatis c56757ad-2923-4297-8741-c606545d9a52 is started using port 45683 for RATIS_ADMIN
2022-11-05 13:04:25,552 [EndpointStateMachine task thread for /0.0.0.0:34173 - 0 ] INFO  ratis.XceiverServerRatis (XceiverServerRatis.java:getRealPort(502)) - XceiverServerRatis c56757ad-2923-4297-8741-c606545d9a52 is started using port 45683 for RATIS_SERVER
2022-11-05 13:04:25,553 [JvmPauseMonitor3] INFO  util.JvmPauseMonitor (JvmPauseMonitor.java:run(105)) - JvmPauseMonitor-c56757ad-2923-4297-8741-c606545d9a52: Started
2022-11-05 13:04:25,556 [EndpointStateMachine task thread for /0.0.0.0:34173 - 0 ] INFO  server.XceiverServerGrpc (XceiverServerGrpc.java:start(180)) - XceiverServerGrpc c56757ad-2923-4297-8741-c606545d9a52 is started using port 39937
2022-11-05 13:04:25,618 [Listener at 127.0.0.1/34735] INFO  handler.ContextHandler (ContextHandler.java:doStart(921)) - Started o.e.j.w.WebAppContext@3b5110ff{hddsDatanode,/,file:///tmp/jetty-0_0_0_0-39149-hdds-container-service-1_3_0-SNAPSHOT_jar-_-any-7090223116501022613/webapp/,AVAILABLE}{jar:file:/home/runner/.m2/repository/org/apache/ozone/hdds-container-service/1.3.0-SNAPSHOT/hdds-container-service-1.3.0-SNAPSHOT.jar!/webapps/hddsDatanode}
2022-11-05 13:04:25,619 [Listener at 127.0.0.1/34735] INFO  server.AbstractConnector (AbstractConnector.java:doStart(333)) - Started ServerConnector@62f1773d{HTTP/1.1, (http/1.1)}{0.0.0.0:39149}
2022-11-05 13:04:25,620 [Listener at 127.0.0.1/34735] INFO  server.Server (Server.java:doStart(415)) - Started @12182ms
2022-11-05 13:04:25,620 [Listener at 127.0.0.1/34735] WARN  impl.MetricsSystemImpl (MetricsSystemImpl.java:register(279)) - Sink prometheus already exists!
2022-11-05 13:04:25,620 [Listener at 127.0.0.1/34735] INFO  http.BaseHttpServer (BaseHttpServer.java:updateConnectorAddress(333)) - HTTP server of hddsDatanode listening at http://0.0.0.0:39149
2022-11-05 13:04:25,622 [Datanode State Machine Daemon Thread] INFO  statemachine.DatanodeStateMachine (DatanodeStateMachine.java:lambda$startDaemon$0(505)) - Ozone container server started.
2022-11-05 13:04:25,628 [Listener at 127.0.0.1/34735] WARN  impl.MetricRegistriesImpl (MetricRegistriesImpl.java:addReporterRegistration(111)) - New reporters are added after registries were created. Some metrics will be missing from the reporter. Please add reporter before adding any new registry.
2022-11-05 13:04:25,628 [Listener at 127.0.0.1/34735] WARN  impl.MetricRegistriesImpl (MetricRegistriesImpl.java:addReporterRegistration(111)) - New reporters are added after registries were created. Some metrics will be missing from the reporter. Please add reporter before adding any new registry.
2022-11-05 13:04:25,628 [Listener at 127.0.0.1/34735] INFO  impl.MetricsSystemImpl (MetricsSystemImpl.java:init(158)) - HddsDatanode metrics system started (again)
2022-11-05 13:04:25,633 [org.apache.hadoop.util.JvmPauseMonitor$Monitor@251a8fe3] INFO  util.JvmPauseMonitor (JvmPauseMonitor.java:run(188)) - Starting JVM pause monitor
2022-11-05 13:04:25,639 [Datanode State Machine Task Thread - 0] INFO  datanode.InitDatanodeState (InitDatanodeState.java:persistContainerDatanodeDetails(138)) - DatanodeDetails is persisted to /home/runner/work/ozone/ozone/hadoop-ozone/integration-test/target/test-dir/MiniOzoneClusterImpl-9e91b504-fe86-427b-a8de-b3d8b21cdaaf/datanode-7/meta/datanode.id
2022-11-05 13:04:25,642 [Listener at 127.0.0.1/34735] INFO  ozone.HddsDatanodeService (HddsDatanodeService.java:start(236)) - HddsDatanodeService host:fv-az83-841.uavyq1izdhte5b0ne1us2eqzhb.jx.internal.cloudapp.net ip:10.1.0.157
2022-11-05 13:04:25,772 [Listener at 127.0.0.1/34735] INFO  upgrade.AbstractLayoutVersionManager (AbstractLayoutVersionManager.java:init(83)) - Initializing Layout version manager with metadata layout = DATANODE_SCHEMA_V3 (version = 4), software layout = DATANODE_SCHEMA_V3 (version = 4)
2022-11-05 13:04:25,820 [Listener at 127.0.0.1/34735] INFO  reflections.Reflections (Reflections.java:scan(232)) - Reflections took 46 ms to scan 7 urls, producing 139 keys and 336 values 
2022-11-05 13:04:25,822 [Listener at 127.0.0.1/34735] INFO  statemachine.DatanodeStateMachine (DatanodeStateMachine.java:getEndPointTaskThreadPoolSize(245)) - Datanode State Machine Task Thread Pool size 2
2022-11-05 13:04:25,824 [Listener at 127.0.0.1/34735] INFO  volume.HddsVolume (HddsVolume.java:<init>(117)) - Creating HddsVolume: /home/runner/work/ozone/ozone/hadoop-ozone/integration-test/target/test-dir/MiniOzoneClusterImpl-9e91b504-fe86-427b-a8de-b3d8b21cdaaf/datanode-8/data-0/containers/hdds of storage type : DISK capacity : 9223372036854775807
2022-11-05 13:04:25,824 [Listener at 127.0.0.1/34735] INFO  volume.MutableVolumeSet (MutableVolumeSet.java:initializeVolumeSet(174)) - Added Volume : /home/runner/work/ozone/ozone/hadoop-ozone/integration-test/target/test-dir/MiniOzoneClusterImpl-9e91b504-fe86-427b-a8de-b3d8b21cdaaf/datanode-8/data-0/containers/hdds to VolumeSet
2022-11-05 13:04:25,825 [Listener at 127.0.0.1/34735] INFO  volume.ThrottledAsyncChecker (ThrottledAsyncChecker.java:schedule(141)) - Scheduling a check for /home/runner/work/ozone/ozone/hadoop-ozone/integration-test/target/test-dir/MiniOzoneClusterImpl-9e91b504-fe86-427b-a8de-b3d8b21cdaaf/datanode-8/data-0/containers/hdds
2022-11-05 13:04:25,829 [Listener at 127.0.0.1/34735] INFO  volume.StorageVolumeChecker (StorageVolumeChecker.java:checkAllVolumes(202)) - Scheduled health check for volume /home/runner/work/ozone/ozone/hadoop-ozone/integration-test/target/test-dir/MiniOzoneClusterImpl-9e91b504-fe86-427b-a8de-b3d8b21cdaaf/datanode-8/data-0/containers/hdds
2022-11-05 13:04:25,841 [Listener at 127.0.0.1/34735] INFO  volume.MutableVolumeSet (MutableVolumeSet.java:initializeVolumeSet(174)) - Added Volume : /home/runner/work/ozone/ozone/hadoop-ozone/integration-test/target/test-dir/MiniOzoneClusterImpl-9e91b504-fe86-427b-a8de-b3d8b21cdaaf/datanode-8/data/ratis to VolumeSet
2022-11-05 13:04:25,841 [Listener at 127.0.0.1/34735] INFO  volume.ThrottledAsyncChecker (ThrottledAsyncChecker.java:schedule(141)) - Scheduling a check for /home/runner/work/ozone/ozone/hadoop-ozone/integration-test/target/test-dir/MiniOzoneClusterImpl-9e91b504-fe86-427b-a8de-b3d8b21cdaaf/datanode-8/data/ratis
2022-11-05 13:04:25,841 [Listener at 127.0.0.1/34735] INFO  volume.StorageVolumeChecker (StorageVolumeChecker.java:checkAllVolumes(202)) - Scheduled health check for volume /home/runner/work/ozone/ozone/hadoop-ozone/integration-test/target/test-dir/MiniOzoneClusterImpl-9e91b504-fe86-427b-a8de-b3d8b21cdaaf/datanode-8/data/ratis
2022-11-05 13:04:25,856 [Thread-258] INFO  ozoneimpl.ContainerReader (ContainerReader.java:readVolume(175)) - Finish verifying containers on volume /home/runner/work/ozone/ozone/hadoop-ozone/integration-test/target/test-dir/MiniOzoneClusterImpl-9e91b504-fe86-427b-a8de-b3d8b21cdaaf/datanode-8/data-0/containers/hdds
2022-11-05 13:04:25,856 [Listener at 127.0.0.1/34735] INFO  ozoneimpl.OzoneContainer (OzoneContainer.java:buildContainerSet(300)) - Build ContainerSet costs 0s
2022-11-05 13:04:25,860 [Listener at 127.0.0.1/34735] INFO  server.RaftServer (ConfUtils.java:logGet(46)) - raft.rpc.type = GRPC (default)
2022-11-05 13:04:25,860 [Listener at 127.0.0.1/34735] INFO  grpc.GrpcConfigKeys (ConfUtils.java:logFallback(53)) - raft.grpc.admin.host = null (fallback to raft.grpc.server.host)
2022-11-05 13:04:25,860 [Listener at 127.0.0.1/34735] INFO  grpc.GrpcConfigKeys (ConfUtils.java:logGet(46)) - raft.grpc.admin.port = 0 (custom)
2022-11-05 13:04:25,860 [Listener at 127.0.0.1/34735] INFO  grpc.GrpcConfigKeys (ConfUtils.java:logFallback(53)) - raft.grpc.client.host = null (fallback to raft.grpc.server.host)
2022-11-05 13:04:25,860 [Listener at 127.0.0.1/34735] INFO  grpc.GrpcConfigKeys (ConfUtils.java:logGet(46)) - raft.grpc.client.port = 0 (custom)
2022-11-05 13:04:25,861 [Listener at 127.0.0.1/34735] INFO  grpc.GrpcConfigKeys (ConfUtils.java:logGet(46)) - raft.grpc.server.host = null (default)
2022-11-05 13:04:25,861 [Listener at 127.0.0.1/34735] INFO  grpc.GrpcConfigKeys (ConfUtils.java:logGet(46)) - raft.grpc.server.port = 0 (default)
2022-11-05 13:04:25,861 [Listener at 127.0.0.1/34735] INFO  server.GrpcService (ConfUtils.java:logGet(46)) - raft.grpc.message.size.max = 32MB (=33554432) (custom)
2022-11-05 13:04:25,861 [Listener at 127.0.0.1/34735] INFO  server.RaftServerConfigKeys (ConfUtils.java:logGet(46)) - raft.server.log.appender.buffer.byte-limit = 33554432 (custom)
2022-11-05 13:04:25,861 [Listener at 127.0.0.1/34735] INFO  server.GrpcService (ConfUtils.java:logGet(46)) - raft.grpc.flow.control.window = 5MB (=5242880) (custom)
2022-11-05 13:04:25,861 [Listener at 127.0.0.1/34735] INFO  server.RaftServerConfigKeys (ConfUtils.java:logGet(46)) - raft.server.rpc.request.timeout = 60s (custom)
2022-11-05 13:04:25,861 [Listener at 127.0.0.1/34735] INFO  grpc.GrpcConfigKeys (ConfUtils.java:logGet(46)) - raft.grpc.server.heartbeat.channel = true (default)
2022-11-05 13:04:25,862 [Listener at 127.0.0.1/34735] INFO  grpc.GrpcConfigKeys (ConfUtils.java:logGet(46)) - raft.grpc.server.async.request.thread.pool.cached = true (default)
2022-11-05 13:04:25,862 [Listener at 127.0.0.1/34735] INFO  grpc.GrpcConfigKeys (ConfUtils.java:logGet(46)) - raft.grpc.server.async.request.thread.pool.size = 32 (default)
2022-11-05 13:04:25,863 [Listener at 127.0.0.1/34735] INFO  impl.DataStreamServerImpl (ConfUtils.java:logGet(46)) - raft.datastream.type = DISABLED (default)
2022-11-05 13:04:25,863 [Listener at 127.0.0.1/34735] INFO  server.RaftServerConfigKeys (ConfUtils.java:logGet(46)) - raft.server.threadpool.proxy.cached = true (default)
2022-11-05 13:04:25,863 [Listener at 127.0.0.1/34735] INFO  server.RaftServerConfigKeys (ConfUtils.java:logGet(46)) - raft.server.threadpool.proxy.size = 0 (default)
2022-11-05 13:04:25,864 [Listener at 127.0.0.1/34735] INFO  server.RaftServerConfigKeys (ConfUtils.java:logGet(46)) - raft.server.rpc.slowness.timeout = 300s (custom)
2022-11-05 13:04:25,864 [Listener at 127.0.0.1/34735] INFO  server.RaftServerConfigKeys (ConfUtils.java:logGet(46)) - raft.server.leaderelection.leader.step-down.wait-time = 10s (default)
2022-11-05 13:04:25,864 [Listener at 127.0.0.1/34735] INFO  server.RaftServerConfigKeys (ConfUtils.java:logGet(46)) - raft.server.storage.dir = [/home/runner/work/ozone/ozone/hadoop-ozone/integration-test/target/test-dir/MiniOzoneClusterImpl-9e91b504-fe86-427b-a8de-b3d8b21cdaaf/datanode-8/data/ratis] (custom)
2022-11-05 13:04:25,866 [Listener at 127.0.0.1/34735] INFO  server.XceiverServerGrpc (XceiverServerGrpc.java:<init>(132)) - GrpcServer channel type EpollServerSocketChannel
2022-11-05 13:04:25,870 [Listener at 127.0.0.1/34735] INFO  http.BaseHttpServer (BaseHttpServer.java:newHttpServer2BuilderForOzone(213)) - Starting Web-server for hddsDatanode at: http://0.0.0.0:0
2022-11-05 13:04:25,870 [Listener at 127.0.0.1/34735] INFO  http.BaseHttpServer (BaseHttpServer.java:<init>(108)) - Hadoop Security Enabled: false Ozone Security Enabled: false Ozone HTTP Security Enabled: false 
2022-11-05 13:04:25,872 [Listener at 127.0.0.1/34735] WARN  server.AuthenticationFilter (AuthenticationFilter.java:constructSecretProvider(240)) - Unable to initialize FileSignerSecretProvider, falling back to use random secrets. Reason: Could not read signature secret file: /home/runner/hadoop-http-auth-signature-secret
2022-11-05 13:04:25,872 [Listener at 127.0.0.1/34735] WARN  http.HttpRequestLog (HttpRequestLog.java:getRequestLog(103)) - Jetty request log can only be enabled using Log4j
2022-11-05 13:04:25,874 [Listener at 127.0.0.1/34735] INFO  http.HttpServer2 (HttpServer2.java:addGlobalFilter(1031)) - Added global filter 'safety' (class=org.apache.hadoop.hdds.server.http.HttpServer2$QuotingInputFilter)
2022-11-05 13:04:25,876 [Listener at 127.0.0.1/34735] INFO  http.HttpServer2 (HttpServer2.java:addFilter(1007)) - Added filter static_user_filter (class=org.apache.hadoop.http.lib.StaticUserWebFilter$StaticUserFilter) to context hddsDatanode
2022-11-05 13:04:25,876 [Listener at 127.0.0.1/34735] INFO  http.HttpServer2 (HttpServer2.java:addFilter(1015)) - Added filter static_user_filter (class=org.apache.hadoop.http.lib.StaticUserWebFilter$StaticUserFilter) to context static
2022-11-05 13:04:25,876 [Listener at 127.0.0.1/34735] INFO  http.HttpServer2 (HttpServer2.java:addFilter(1015)) - Added filter static_user_filter (class=org.apache.hadoop.http.lib.StaticUserWebFilter$StaticUserFilter) to context logs
2022-11-05 13:04:25,877 [Listener at 127.0.0.1/34735] INFO  http.HttpServer2 (HttpServer2.java:bindListener(1250)) - Jetty bound to port 42647
2022-11-05 13:04:25,877 [Listener at 127.0.0.1/34735] INFO  server.Server (Server.java:doStart(375)) - jetty-9.4.49.v20220914; built: 2022-09-14T01:07:36.601Z; git: 4231a3b2e4cb8548a412a789936d640a97b1aa0a; jvm 1.8.0_345-b01
2022-11-05 13:04:25,898 [Listener at 127.0.0.1/34735] INFO  server.session (DefaultSessionIdManager.java:doStart(334)) - DefaultSessionIdManager workerName=node0
2022-11-05 13:04:25,899 [Listener at 127.0.0.1/34735] INFO  server.session (DefaultSessionIdManager.java:doStart(339)) - No SessionScavenger set, using defaults
2022-11-05 13:04:25,899 [Listener at 127.0.0.1/34735] INFO  server.session (HouseKeeper.java:startScavenging(132)) - node0 Scavenging every 600000ms
2022-11-05 13:04:25,906 [Listener at 127.0.0.1/34735] INFO  handler.ContextHandler (ContextHandler.java:doStart(921)) - Started o.e.j.s.ServletContextHandler@37389825{logs,/logs,file:///home/runner/work/ozone/ozone/hadoop-ozone/integration-test/target/log,AVAILABLE}
2022-11-05 13:04:25,906 [Listener at 127.0.0.1/34735] INFO  handler.ContextHandler (ContextHandler.java:doStart(921)) - Started o.e.j.s.ServletContextHandler@2e2d57ea{static,/static,jar:file:/home/runner/.m2/repository/org/apache/ozone/hdds-container-service/1.3.0-SNAPSHOT/hdds-container-service-1.3.0-SNAPSHOT.jar!/webapps/static,AVAILABLE}
2022-11-05 13:04:26,013 [EndpointStateMachine task thread for /0.0.0.0:34173 - 0 ] INFO  utils.DatanodeStoreCache (DatanodeStoreCache.java:addDB(58)) - Added db /home/runner/work/ozone/ozone/hadoop-ozone/integration-test/target/test-dir/MiniOzoneClusterImpl-9e91b504-fe86-427b-a8de-b3d8b21cdaaf/datanode-3/data-0/containers/hdds/9e91b504-fe86-427b-a8de-b3d8b21cdaaf/DS-f3bd010a-d155-4823-97f7-415aedf811d1/container.db to cache
2022-11-05 13:04:26,013 [EndpointStateMachine task thread for /0.0.0.0:34173 - 0 ] INFO  volume.HddsVolume (HddsVolume.java:createDbStore(307)) - SchemaV3 db is created and loaded at /home/runner/work/ozone/ozone/hadoop-ozone/integration-test/target/test-dir/MiniOzoneClusterImpl-9e91b504-fe86-427b-a8de-b3d8b21cdaaf/datanode-3/data-0/containers/hdds/9e91b504-fe86-427b-a8de-b3d8b21cdaaf/DS-f3bd010a-d155-4823-97f7-415aedf811d1/container.db for volume DS-f3bd010a-d155-4823-97f7-415aedf811d1
2022-11-05 13:04:26,013 [EndpointStateMachine task thread for /0.0.0.0:34173 - 0 ] INFO  ozoneimpl.OzoneContainer (OzoneContainer.java:start(378)) - Attempting to start container services.
2022-11-05 13:04:26,013 [EndpointStateMachine task thread for /0.0.0.0:34173 - 0 ] INFO  ozoneimpl.OzoneContainer (OzoneContainer.java:startContainerScrub(313)) - Background container scanner has been disabled.
2022-11-05 13:04:26,015 [EndpointStateMachine task thread for /0.0.0.0:34173 - 0 ] INFO  replication.ReplicationServer (ReplicationServer.java:start(111)) - ReplicationServer is started using port 41619
2022-11-05 13:04:26,016 [EndpointStateMachine task thread for /0.0.0.0:34173 - 0 ] INFO  ratis.XceiverServerRatis (XceiverServerRatis.java:start(481)) - Starting XceiverServerRatis 957f0a06-02fd-450d-99be-0926792af3ec
2022-11-05 13:04:26,016 [EndpointStateMachine task thread for /0.0.0.0:34173 - 0 ] INFO  server.RaftServer (RaftServerProxy.java:startImpl(393)) - 957f0a06-02fd-450d-99be-0926792af3ec: start RPC server
2022-11-05 13:04:26,027 [EndpointStateMachine task thread for /0.0.0.0:34173 - 0 ] INFO  server.GrpcService (GrpcService.java:startImpl(270)) - 957f0a06-02fd-450d-99be-0926792af3ec: GrpcService started, listening on 39575
2022-11-05 13:04:26,027 [EndpointStateMachine task thread for /0.0.0.0:34173 - 0 ] INFO  ratis.XceiverServerRatis (XceiverServerRatis.java:getRealPort(502)) - XceiverServerRatis 957f0a06-02fd-450d-99be-0926792af3ec is started using port 39575 for RATIS
2022-11-05 13:04:26,027 [EndpointStateMachine task thread for /0.0.0.0:34173 - 0 ] INFO  ratis.XceiverServerRatis (XceiverServerRatis.java:getRealPort(502)) - XceiverServerRatis 957f0a06-02fd-450d-99be-0926792af3ec is started using port 39575 for RATIS_ADMIN
2022-11-05 13:04:26,027 [EndpointStateMachine task thread for /0.0.0.0:34173 - 0 ] INFO  ratis.XceiverServerRatis (XceiverServerRatis.java:getRealPort(502)) - XceiverServerRatis 957f0a06-02fd-450d-99be-0926792af3ec is started using port 39575 for RATIS_SERVER
2022-11-05 13:04:26,027 [JvmPauseMonitor4] INFO  util.JvmPauseMonitor (JvmPauseMonitor.java:run(105)) - JvmPauseMonitor-957f0a06-02fd-450d-99be-0926792af3ec: Started
2022-11-05 13:04:26,040 [EndpointStateMachine task thread for /0.0.0.0:34173 - 0 ] INFO  server.XceiverServerGrpc (XceiverServerGrpc.java:start(180)) - XceiverServerGrpc 957f0a06-02fd-450d-99be-0926792af3ec is started using port 40737
2022-11-05 13:04:26,118 [Listener at 127.0.0.1/34735] INFO  handler.ContextHandler (ContextHandler.java:doStart(921)) - Started o.e.j.w.WebAppContext@6d275f8e{hddsDatanode,/,file:///tmp/jetty-0_0_0_0-42647-hdds-container-service-1_3_0-SNAPSHOT_jar-_-any-4555049620258369096/webapp/,AVAILABLE}{jar:file:/home/runner/.m2/repository/org/apache/ozone/hdds-container-service/1.3.0-SNAPSHOT/hdds-container-service-1.3.0-SNAPSHOT.jar!/webapps/hddsDatanode}
2022-11-05 13:04:26,119 [Listener at 127.0.0.1/34735] INFO  server.AbstractConnector (AbstractConnector.java:doStart(333)) - Started ServerConnector@478fdd4e{HTTP/1.1, (http/1.1)}{0.0.0.0:42647}
2022-11-05 13:04:26,120 [Listener at 127.0.0.1/34735] INFO  server.Server (Server.java:doStart(415)) - Started @12682ms
2022-11-05 13:04:26,120 [Listener at 127.0.0.1/34735] WARN  impl.MetricsSystemImpl (MetricsSystemImpl.java:register(279)) - Sink prometheus already exists!
2022-11-05 13:04:26,120 [Listener at 127.0.0.1/34735] INFO  http.BaseHttpServer (BaseHttpServer.java:updateConnectorAddress(333)) - HTTP server of hddsDatanode listening at http://0.0.0.0:42647
2022-11-05 13:04:26,121 [Listener at 127.0.0.1/34735] WARN  impl.MetricRegistriesImpl (MetricRegistriesImpl.java:addReporterRegistration(111)) - New reporters are added after registries were created. Some metrics will be missing from the reporter. Please add reporter before adding any new registry.
2022-11-05 13:04:26,121 [Listener at 127.0.0.1/34735] WARN  impl.MetricRegistriesImpl (MetricRegistriesImpl.java:addReporterRegistration(111)) - New reporters are added after registries were created. Some metrics will be missing from the reporter. Please add reporter before adding any new registry.
2022-11-05 13:04:26,121 [Listener at 127.0.0.1/34735] INFO  impl.MetricsSystemImpl (MetricsSystemImpl.java:init(158)) - HddsDatanode metrics system started (again)
2022-11-05 13:04:26,130 [Datanode State Machine Daemon Thread] INFO  statemachine.DatanodeStateMachine (DatanodeStateMachine.java:lambda$startDaemon$0(505)) - Ozone container server started.
2022-11-05 13:04:26,157 [org.apache.hadoop.util.JvmPauseMonitor$Monitor@1d690685] INFO  util.JvmPauseMonitor (JvmPauseMonitor.java:run(188)) - Starting JVM pause monitor
2022-11-05 13:04:26,160 [Listener at 127.0.0.1/34735] INFO  ozone.HddsDatanodeService (HddsDatanodeService.java:start(236)) - HddsDatanodeService host:fv-az83-841.uavyq1izdhte5b0ne1us2eqzhb.jx.internal.cloudapp.net ip:10.1.0.157
2022-11-05 13:04:26,168 [Datanode State Machine Task Thread - 0] INFO  datanode.InitDatanodeState (InitDatanodeState.java:persistContainerDatanodeDetails(138)) - DatanodeDetails is persisted to /home/runner/work/ozone/ozone/hadoop-ozone/integration-test/target/test-dir/MiniOzoneClusterImpl-9e91b504-fe86-427b-a8de-b3d8b21cdaaf/datanode-8/meta/datanode.id
2022-11-05 13:04:26,356 [Listener at 127.0.0.1/34735] INFO  upgrade.AbstractLayoutVersionManager (AbstractLayoutVersionManager.java:init(83)) - Initializing Layout version manager with metadata layout = DATANODE_SCHEMA_V3 (version = 4), software layout = DATANODE_SCHEMA_V3 (version = 4)
2022-11-05 13:04:26,372 [IPC Server handler 15 on default port 34173] INFO  net.NetworkTopologyImpl (NetworkTopologyImpl.java:add(112)) - Added a new node: /default-rack/274c4b45-19e0-452f-8d1e-585a77537937
2022-11-05 13:04:26,375 [IPC Server handler 15 on default port 34173] INFO  node.SCMNodeManager (SCMNodeManager.java:register(397)) - Registered Data node : 274c4b45-19e0-452f-8d1e-585a77537937{ip: 10.1.0.157, host: fv-az83-841.uavyq1izdhte5b0ne1us2eqzhb.jx.internal.cloudapp.net, ports: [REPLICATION=43707, RATIS=40915, RATIS_ADMIN=40915, RATIS_SERVER=40915, STANDALONE=38195], networkLocation: /default-rack, certSerialId: null, persistedOpState: null, persistedOpStateExpiryEpochSec: 0}
2022-11-05 13:04:26,385 [EventQueue-NewNodeForNewNodeHandler] INFO  pipeline.BackgroundPipelineCreator (BackgroundPipelineCreator.java:notifyEventTriggered(276)) - trigger a one-shot run on RatisPipelineUtilsThread.
2022-11-05 13:04:26,389 [EventQueue-NodeRegistrationContainerReportForContainerSafeModeRule] INFO  safemode.SCMSafeModeManager (SCMSafeModeManager.java:validateSafeModeExitRules(204)) - ContainerSafeModeRule rule is successfully validated
2022-11-05 13:04:26,394 [RatisPipelineUtilsThread - 0] INFO  pipeline.RatisPipelineProvider (RatisPipelineProvider.java:lambda$create$0(195)) - Sending CreatePipelineCommand for pipeline:PipelineID=258ac0c5-6325-4c13-8cc9-5c7e38e1a3a0 to datanode:274c4b45-19e0-452f-8d1e-585a77537937
2022-11-05 13:04:26,397 [EventQueue-NodeRegistrationContainerReportForDataNodeSafeModeRule] INFO  safemode.SCMSafeModeManager (DataNodeSafeModeRule.java:process(71)) - SCM in safe mode. 1 DataNodes registered, 3 required.
2022-11-05 13:04:26,408 [EventQueue-PipelineReportForOneReplicaPipelineSafeModeRule] INFO  safemode.SCMSafeModeManager (SCMSafeModeManager.java:validateSafeModeExitRules(204)) - AtleastOneDatanodeReportedRule rule is successfully validated
2022-11-05 13:04:26,416 [Listener at 127.0.0.1/34735] INFO  reflections.Reflections (Reflections.java:scan(232)) - Reflections took 59 ms to scan 7 urls, producing 139 keys and 336 values 
2022-11-05 13:04:26,418 [Listener at 127.0.0.1/34735] INFO  statemachine.DatanodeStateMachine (DatanodeStateMachine.java:getEndPointTaskThreadPoolSize(245)) - Datanode State Machine Task Thread Pool size 2
2022-11-05 13:04:26,421 [RatisPipelineUtilsThread - 0] INFO  pipeline.PipelineStateManagerImpl (PipelineStateManagerImpl.java:addPipeline(103)) - Created pipeline Pipeline[ Id: 258ac0c5-6325-4c13-8cc9-5c7e38e1a3a0, Nodes: 274c4b45-19e0-452f-8d1e-585a77537937{ip: 10.1.0.157, host: fv-az83-841.uavyq1izdhte5b0ne1us2eqzhb.jx.internal.cloudapp.net, ports: [REPLICATION=43707, RATIS=40915, RATIS_ADMIN=40915, RATIS_SERVER=40915, STANDALONE=38195], networkLocation: /default-rack, certSerialId: null, persistedOpState: IN_SERVICE, persistedOpStateExpiryEpochSec: 0}, ReplicationConfig: RATIS/ONE, State:ALLOCATED, leaderId:, CreationTimestamp2022-11-05T13:04:26.392Z[Etc/UTC]].
2022-11-05 13:04:26,421 [Listener at 127.0.0.1/34735] INFO  volume.HddsVolume (HddsVolume.java:<init>(117)) - Creating HddsVolume: /home/runner/work/ozone/ozone/hadoop-ozone/integration-test/target/test-dir/MiniOzoneClusterImpl-9e91b504-fe86-427b-a8de-b3d8b21cdaaf/datanode-9/data-0/containers/hdds of storage type : DISK capacity : 9223372036854775807
2022-11-05 13:04:26,422 [Listener at 127.0.0.1/34735] INFO  volume.MutableVolumeSet (MutableVolumeSet.java:initializeVolumeSet(174)) - Added Volume : /home/runner/work/ozone/ozone/hadoop-ozone/integration-test/target/test-dir/MiniOzoneClusterImpl-9e91b504-fe86-427b-a8de-b3d8b21cdaaf/datanode-9/data-0/containers/hdds to VolumeSet
2022-11-05 13:04:26,422 [Listener at 127.0.0.1/34735] INFO  volume.ThrottledAsyncChecker (ThrottledAsyncChecker.java:schedule(141)) - Scheduling a check for /home/runner/work/ozone/ozone/hadoop-ozone/integration-test/target/test-dir/MiniOzoneClusterImpl-9e91b504-fe86-427b-a8de-b3d8b21cdaaf/datanode-9/data-0/containers/hdds
2022-11-05 13:04:26,433 [Listener at 127.0.0.1/34735] INFO  volume.StorageVolumeChecker (StorageVolumeChecker.java:checkAllVolumes(202)) - Scheduled health check for volume /home/runner/work/ozone/ozone/hadoop-ozone/integration-test/target/test-dir/MiniOzoneClusterImpl-9e91b504-fe86-427b-a8de-b3d8b21cdaaf/datanode-9/data-0/containers/hdds
2022-11-05 13:04:26,445 [Listener at 127.0.0.1/34735] INFO  volume.MutableVolumeSet (MutableVolumeSet.java:initializeVolumeSet(174)) - Added Volume : /home/runner/work/ozone/ozone/hadoop-ozone/integration-test/target/test-dir/MiniOzoneClusterImpl-9e91b504-fe86-427b-a8de-b3d8b21cdaaf/datanode-9/data/ratis to VolumeSet
2022-11-05 13:04:26,445 [Listener at 127.0.0.1/34735] INFO  volume.ThrottledAsyncChecker (ThrottledAsyncChecker.java:schedule(141)) - Scheduling a check for /home/runner/work/ozone/ozone/hadoop-ozone/integration-test/target/test-dir/MiniOzoneClusterImpl-9e91b504-fe86-427b-a8de-b3d8b21cdaaf/datanode-9/data/ratis
2022-11-05 13:04:26,446 [Listener at 127.0.0.1/34735] INFO  volume.StorageVolumeChecker (StorageVolumeChecker.java:checkAllVolumes(202)) - Scheduled health check for volume /home/runner/work/ozone/ozone/hadoop-ozone/integration-test/target/test-dir/MiniOzoneClusterImpl-9e91b504-fe86-427b-a8de-b3d8b21cdaaf/datanode-9/data/ratis
2022-11-05 13:04:26,458 [Thread-282] INFO  ozoneimpl.ContainerReader (ContainerReader.java:readVolume(175)) - Finish verifying containers on volume /home/runner/work/ozone/ozone/hadoop-ozone/integration-test/target/test-dir/MiniOzoneClusterImpl-9e91b504-fe86-427b-a8de-b3d8b21cdaaf/datanode-9/data-0/containers/hdds
2022-11-05 13:04:26,459 [Listener at 127.0.0.1/34735] INFO  ozoneimpl.OzoneContainer (OzoneContainer.java:buildContainerSet(300)) - Build ContainerSet costs 0s
2022-11-05 13:04:26,462 [Listener at 127.0.0.1/34735] INFO  server.RaftServer (ConfUtils.java:logGet(46)) - raft.rpc.type = GRPC (default)
2022-11-05 13:04:26,462 [Listener at 127.0.0.1/34735] INFO  grpc.GrpcConfigKeys (ConfUtils.java:logFallback(53)) - raft.grpc.admin.host = null (fallback to raft.grpc.server.host)
2022-11-05 13:04:26,462 [Listener at 127.0.0.1/34735] INFO  grpc.GrpcConfigKeys (ConfUtils.java:logGet(46)) - raft.grpc.admin.port = 0 (custom)
2022-11-05 13:04:26,463 [Listener at 127.0.0.1/34735] INFO  grpc.GrpcConfigKeys (ConfUtils.java:logFallback(53)) - raft.grpc.client.host = null (fallback to raft.grpc.server.host)
2022-11-05 13:04:26,464 [Listener at 127.0.0.1/34735] INFO  grpc.GrpcConfigKeys (ConfUtils.java:logGet(46)) - raft.grpc.client.port = 0 (custom)
2022-11-05 13:04:26,464 [Listener at 127.0.0.1/34735] INFO  grpc.GrpcConfigKeys (ConfUtils.java:logGet(46)) - raft.grpc.server.host = null (default)
2022-11-05 13:04:26,464 [Listener at 127.0.0.1/34735] INFO  grpc.GrpcConfigKeys (ConfUtils.java:logGet(46)) - raft.grpc.server.port = 0 (default)
2022-11-05 13:04:26,464 [Listener at 127.0.0.1/34735] INFO  server.GrpcService (ConfUtils.java:logGet(46)) - raft.grpc.message.size.max = 32MB (=33554432) (custom)
2022-11-05 13:04:26,464 [Listener at 127.0.0.1/34735] INFO  server.RaftServerConfigKeys (ConfUtils.java:logGet(46)) - raft.server.log.appender.buffer.byte-limit = 33554432 (custom)
2022-11-05 13:04:26,464 [Listener at 127.0.0.1/34735] INFO  server.GrpcService (ConfUtils.java:logGet(46)) - raft.grpc.flow.control.window = 5MB (=5242880) (custom)
2022-11-05 13:04:26,464 [Listener at 127.0.0.1/34735] INFO  server.RaftServerConfigKeys (ConfUtils.java:logGet(46)) - raft.server.rpc.request.timeout = 60s (custom)
2022-11-05 13:04:26,465 [Listener at 127.0.0.1/34735] INFO  grpc.GrpcConfigKeys (ConfUtils.java:logGet(46)) - raft.grpc.server.heartbeat.channel = true (default)
2022-11-05 13:04:26,465 [Listener at 127.0.0.1/34735] INFO  grpc.GrpcConfigKeys (ConfUtils.java:logGet(46)) - raft.grpc.server.async.request.thread.pool.cached = true (default)
2022-11-05 13:04:26,465 [Listener at 127.0.0.1/34735] INFO  grpc.GrpcConfigKeys (ConfUtils.java:logGet(46)) - raft.grpc.server.async.request.thread.pool.size = 32 (default)
2022-11-05 13:04:26,466 [Listener at 127.0.0.1/34735] INFO  impl.DataStreamServerImpl (ConfUtils.java:logGet(46)) - raft.datastream.type = DISABLED (default)
2022-11-05 13:04:26,466 [Listener at 127.0.0.1/34735] INFO  server.RaftServerConfigKeys (ConfUtils.java:logGet(46)) - raft.server.threadpool.proxy.cached = true (default)
2022-11-05 13:04:26,466 [Listener at 127.0.0.1/34735] INFO  server.RaftServerConfigKeys (ConfUtils.java:logGet(46)) - raft.server.threadpool.proxy.size = 0 (default)
2022-11-05 13:04:26,467 [Listener at 127.0.0.1/34735] INFO  server.RaftServerConfigKeys (ConfUtils.java:logGet(46)) - raft.server.rpc.slowness.timeout = 300s (custom)
2022-11-05 13:04:26,467 [Listener at 127.0.0.1/34735] INFO  server.RaftServerConfigKeys (ConfUtils.java:logGet(46)) - raft.server.leaderelection.leader.step-down.wait-time = 10s (default)
2022-11-05 13:04:26,467 [Listener at 127.0.0.1/34735] INFO  server.RaftServerConfigKeys (ConfUtils.java:logGet(46)) - raft.server.storage.dir = [/home/runner/work/ozone/ozone/hadoop-ozone/integration-test/target/test-dir/MiniOzoneClusterImpl-9e91b504-fe86-427b-a8de-b3d8b21cdaaf/datanode-9/data/ratis] (custom)
2022-11-05 13:04:26,473 [Listener at 127.0.0.1/34735] INFO  server.XceiverServerGrpc (XceiverServerGrpc.java:<init>(132)) - GrpcServer channel type EpollServerSocketChannel
2022-11-05 13:04:26,476 [EndpointStateMachine task thread for /0.0.0.0:34173 - 0 ] INFO  utils.DatanodeStoreCache (DatanodeStoreCache.java:addDB(58)) - Added db /home/runner/work/ozone/ozone/hadoop-ozone/integration-test/target/test-dir/MiniOzoneClusterImpl-9e91b504-fe86-427b-a8de-b3d8b21cdaaf/datanode-4/data-0/containers/hdds/9e91b504-fe86-427b-a8de-b3d8b21cdaaf/DS-ddc2b022-a72d-42f7-a9d4-d524067e0048/container.db to cache
2022-11-05 13:04:26,476 [EndpointStateMachine task thread for /0.0.0.0:34173 - 0 ] INFO  volume.HddsVolume (HddsVolume.java:createDbStore(307)) - SchemaV3 db is created and loaded at /home/runner/work/ozone/ozone/hadoop-ozone/integration-test/target/test-dir/MiniOzoneClusterImpl-9e91b504-fe86-427b-a8de-b3d8b21cdaaf/datanode-4/data-0/containers/hdds/9e91b504-fe86-427b-a8de-b3d8b21cdaaf/DS-ddc2b022-a72d-42f7-a9d4-d524067e0048/container.db for volume DS-ddc2b022-a72d-42f7-a9d4-d524067e0048
2022-11-05 13:04:26,476 [EndpointStateMachine task thread for /0.0.0.0:34173 - 0 ] INFO  ozoneimpl.OzoneContainer (OzoneContainer.java:start(378)) - Attempting to start container services.
2022-11-05 13:04:26,476 [EndpointStateMachine task thread for /0.0.0.0:34173 - 0 ] INFO  ozoneimpl.OzoneContainer (OzoneContainer.java:startContainerScrub(313)) - Background container scanner has been disabled.
2022-11-05 13:04:26,478 [Listener at 127.0.0.1/34735] INFO  http.BaseHttpServer (BaseHttpServer.java:newHttpServer2BuilderForOzone(213)) - Starting Web-server for hddsDatanode at: http://0.0.0.0:0
2022-11-05 13:04:26,478 [Listener at 127.0.0.1/34735] INFO  http.BaseHttpServer (BaseHttpServer.java:<init>(108)) - Hadoop Security Enabled: false Ozone Security Enabled: false Ozone HTTP Security Enabled: false 
2022-11-05 13:04:26,480 [Listener at 127.0.0.1/34735] WARN  server.AuthenticationFilter (AuthenticationFilter.java:constructSecretProvider(240)) - Unable to initialize FileSignerSecretProvider, falling back to use random secrets. Reason: Could not read signature secret file: /home/runner/hadoop-http-auth-signature-secret
2022-11-05 13:04:26,481 [Listener at 127.0.0.1/34735] WARN  http.HttpRequestLog (HttpRequestLog.java:getRequestLog(103)) - Jetty request log can only be enabled using Log4j
2022-11-05 13:04:26,482 [Listener at 127.0.0.1/34735] INFO  http.HttpServer2 (HttpServer2.java:addGlobalFilter(1031)) - Added global filter 'safety' (class=org.apache.hadoop.hdds.server.http.HttpServer2$QuotingInputFilter)
2022-11-05 13:04:26,483 [Listener at 127.0.0.1/34735] INFO  http.HttpServer2 (HttpServer2.java:addFilter(1007)) - Added filter static_user_filter (class=org.apache.hadoop.http.lib.StaticUserWebFilter$StaticUserFilter) to context hddsDatanode
2022-11-05 13:04:26,483 [Listener at 127.0.0.1/34735] INFO  http.HttpServer2 (HttpServer2.java:addFilter(1015)) - Added filter static_user_filter (class=org.apache.hadoop.http.lib.StaticUserWebFilter$StaticUserFilter) to context logs
2022-11-05 13:04:26,483 [Listener at 127.0.0.1/34735] INFO  http.HttpServer2 (HttpServer2.java:addFilter(1015)) - Added filter static_user_filter (class=org.apache.hadoop.http.lib.StaticUserWebFilter$StaticUserFilter) to context static
2022-11-05 13:04:26,480 [EndpointStateMachine task thread for /0.0.0.0:34173 - 0 ] INFO  replication.ReplicationServer (ReplicationServer.java:start(111)) - ReplicationServer is started using port 41951
2022-11-05 13:04:26,484 [EndpointStateMachine task thread for /0.0.0.0:34173 - 0 ] INFO  ratis.XceiverServerRatis (XceiverServerRatis.java:start(481)) - Starting XceiverServerRatis 8380acfc-c198-4795-aa09-3ffc033ca33b
2022-11-05 13:04:26,484 [Listener at 127.0.0.1/34735] INFO  http.HttpServer2 (HttpServer2.java:bindListener(1250)) - Jetty bound to port 35389
2022-11-05 13:04:26,484 [Listener at 127.0.0.1/34735] INFO  server.Server (Server.java:doStart(375)) - jetty-9.4.49.v20220914; built: 2022-09-14T01:07:36.601Z; git: 4231a3b2e4cb8548a412a789936d640a97b1aa0a; jvm 1.8.0_345-b01
2022-11-05 13:04:26,495 [EndpointStateMachine task thread for /0.0.0.0:34173 - 0 ] INFO  server.RaftServer (RaftServerProxy.java:startImpl(393)) - 8380acfc-c198-4795-aa09-3ffc033ca33b: start RPC server
2022-11-05 13:04:26,497 [EndpointStateMachine task thread for /0.0.0.0:34173 - 0 ] INFO  server.GrpcService (GrpcService.java:startImpl(270)) - 8380acfc-c198-4795-aa09-3ffc033ca33b: GrpcService started, listening on 44611
2022-11-05 13:04:26,497 [EndpointStateMachine task thread for /0.0.0.0:34173 - 0 ] INFO  ratis.XceiverServerRatis (XceiverServerRatis.java:getRealPort(502)) - XceiverServerRatis 8380acfc-c198-4795-aa09-3ffc033ca33b is started using port 44611 for RATIS
2022-11-05 13:04:26,497 [EndpointStateMachine task thread for /0.0.0.0:34173 - 0 ] INFO  ratis.XceiverServerRatis (XceiverServerRatis.java:getRealPort(502)) - XceiverServerRatis 8380acfc-c198-4795-aa09-3ffc033ca33b is started using port 44611 for RATIS_ADMIN
2022-11-05 13:04:26,497 [EndpointStateMachine task thread for /0.0.0.0:34173 - 0 ] INFO  ratis.XceiverServerRatis (XceiverServerRatis.java:getRealPort(502)) - XceiverServerRatis 8380acfc-c198-4795-aa09-3ffc033ca33b is started using port 44611 for RATIS_SERVER
2022-11-05 13:04:26,502 [JvmPauseMonitor5] INFO  util.JvmPauseMonitor (JvmPauseMonitor.java:run(105)) - JvmPauseMonitor-8380acfc-c198-4795-aa09-3ffc033ca33b: Started
2022-11-05 13:04:26,518 [Listener at 127.0.0.1/34735] INFO  server.session (DefaultSessionIdManager.java:doStart(334)) - DefaultSessionIdManager workerName=node0
2022-11-05 13:04:26,519 [Listener at 127.0.0.1/34735] INFO  server.session (DefaultSessionIdManager.java:doStart(339)) - No SessionScavenger set, using defaults
2022-11-05 13:04:26,519 [Listener at 127.0.0.1/34735] INFO  server.session (HouseKeeper.java:startScavenging(132)) - node0 Scavenging every 600000ms
2022-11-05 13:04:26,525 [Listener at 127.0.0.1/34735] INFO  handler.ContextHandler (ContextHandler.java:doStart(921)) - Started o.e.j.s.ServletContextHandler@4ad1b8d{logs,/logs,file:///home/runner/work/ozone/ozone/hadoop-ozone/integration-test/target/log,AVAILABLE}
2022-11-05 13:04:26,525 [Listener at 127.0.0.1/34735] INFO  handler.ContextHandler (ContextHandler.java:doStart(921)) - Started o.e.j.s.ServletContextHandler@4411aea2{static,/static,jar:file:/home/runner/.m2/repository/org/apache/ozone/hdds-container-service/1.3.0-SNAPSHOT/hdds-container-service-1.3.0-SNAPSHOT.jar!/webapps/static,AVAILABLE}
2022-11-05 13:04:26,552 [EndpointStateMachine task thread for /0.0.0.0:34173 - 0 ] INFO  server.XceiverServerGrpc (XceiverServerGrpc.java:start(180)) - XceiverServerGrpc 8380acfc-c198-4795-aa09-3ffc033ca33b is started using port 41175
2022-11-05 13:04:26,711 [Listener at 127.0.0.1/34735] INFO  handler.ContextHandler (ContextHandler.java:doStart(921)) - Started o.e.j.w.WebAppContext@2a7235ef{hddsDatanode,/,file:///tmp/jetty-0_0_0_0-35389-hdds-container-service-1_3_0-SNAPSHOT_jar-_-any-1448770934520045520/webapp/,AVAILABLE}{jar:file:/home/runner/.m2/repository/org/apache/ozone/hdds-container-service/1.3.0-SNAPSHOT/hdds-container-service-1.3.0-SNAPSHOT.jar!/webapps/hddsDatanode}
2022-11-05 13:04:26,714 [Listener at 127.0.0.1/34735] INFO  server.AbstractConnector (AbstractConnector.java:doStart(333)) - Started ServerConnector@7a4c28d{HTTP/1.1, (http/1.1)}{0.0.0.0:35389}
2022-11-05 13:04:26,715 [Listener at 127.0.0.1/34735] INFO  server.Server (Server.java:doStart(415)) - Started @13277ms
2022-11-05 13:04:26,715 [Listener at 127.0.0.1/34735] WARN  impl.MetricsSystemImpl (MetricsSystemImpl.java:register(279)) - Sink prometheus already exists!
2022-11-05 13:04:26,715 [Listener at 127.0.0.1/34735] INFO  http.BaseHttpServer (BaseHttpServer.java:updateConnectorAddress(333)) - HTTP server of hddsDatanode listening at http://0.0.0.0:35389
2022-11-05 13:04:26,720 [Listener at 127.0.0.1/34735] INFO  ozone.MiniOzoneClusterImpl (MiniOzoneClusterImpl.java:lambda$waitForClusterToBeReady$0(216)) - Waiting for nodes to be ready. Got 1 of 10 DN Heartbeats.
2022-11-05 13:04:26,720 [Listener at 127.0.0.1/34735] INFO  ozone.MiniOzoneClusterImpl (MiniOzoneClusterImpl.java:lambda$waitForClusterToBeReady$0(219)) - Waiting for cluster to exit safe mode
2022-11-05 13:04:26,720 [Listener at 127.0.0.1/34735] INFO  ozone.MiniOzoneClusterImpl (MiniOzoneClusterImpl.java:lambda$waitForClusterToBeReady$0(221)) - SCM became leader
2022-11-05 13:04:26,721 [Datanode State Machine Daemon Thread] INFO  statemachine.DatanodeStateMachine (DatanodeStateMachine.java:lambda$startDaemon$0(505)) - Ozone container server started.
2022-11-05 13:04:26,739 [org.apache.hadoop.util.JvmPauseMonitor$Monitor@7c4e774] INFO  util.JvmPauseMonitor (JvmPauseMonitor.java:run(188)) - Starting JVM pause monitor
2022-11-05 13:04:26,741 [Datanode State Machine Task Thread - 0] INFO  datanode.InitDatanodeState (InitDatanodeState.java:persistContainerDatanodeDetails(138)) - DatanodeDetails is persisted to /home/runner/work/ozone/ozone/hadoop-ozone/integration-test/target/test-dir/MiniOzoneClusterImpl-9e91b504-fe86-427b-a8de-b3d8b21cdaaf/datanode-9/meta/datanode.id
2022-11-05 13:04:26,896 [IPC Server handler 7 on default port 34173] INFO  net.NetworkTopologyImpl (NetworkTopologyImpl.java:add(112)) - Added a new node: /default-rack/97cc06fc-4025-4c76-bebd-c1d7b79fe413
2022-11-05 13:04:26,896 [IPC Server handler 7 on default port 34173] INFO  node.SCMNodeManager (SCMNodeManager.java:register(397)) - Registered Data node : 97cc06fc-4025-4c76-bebd-c1d7b79fe413{ip: 10.1.0.157, host: fv-az83-841.uavyq1izdhte5b0ne1us2eqzhb.jx.internal.cloudapp.net, ports: [REPLICATION=44027, RATIS=40151, RATIS_ADMIN=40151, RATIS_SERVER=40151, STANDALONE=42951], networkLocation: /default-rack, certSerialId: null, persistedOpState: null, persistedOpStateExpiryEpochSec: 0}
2022-11-05 13:04:26,896 [EventQueue-NodeRegistrationContainerReportForDataNodeSafeModeRule] INFO  safemode.SCMSafeModeManager (DataNodeSafeModeRule.java:process(71)) - SCM in safe mode. 2 DataNodes registered, 3 required.
2022-11-05 13:04:26,897 [EventQueue-NewNodeForNewNodeHandler] INFO  pipeline.BackgroundPipelineCreator (BackgroundPipelineCreator.java:notifyEventTriggered(276)) - trigger a one-shot run on RatisPipelineUtilsThread.
2022-11-05 13:04:26,899 [RatisPipelineUtilsThread - 0] INFO  pipeline.RatisPipelineProvider (RatisPipelineProvider.java:lambda$create$0(195)) - Sending CreatePipelineCommand for pipeline:PipelineID=fc5e458a-f93d-4dbf-8096-d28a8c342f3e to datanode:97cc06fc-4025-4c76-bebd-c1d7b79fe413
2022-11-05 13:04:26,900 [RatisPipelineUtilsThread - 0] INFO  pipeline.PipelineStateManagerImpl (PipelineStateManagerImpl.java:addPipeline(103)) - Created pipeline Pipeline[ Id: fc5e458a-f93d-4dbf-8096-d28a8c342f3e, Nodes: 97cc06fc-4025-4c76-bebd-c1d7b79fe413{ip: 10.1.0.157, host: fv-az83-841.uavyq1izdhte5b0ne1us2eqzhb.jx.internal.cloudapp.net, ports: [REPLICATION=44027, RATIS=40151, RATIS_ADMIN=40151, RATIS_SERVER=40151, STANDALONE=42951], networkLocation: /default-rack, certSerialId: null, persistedOpState: IN_SERVICE, persistedOpStateExpiryEpochSec: 0}, ReplicationConfig: RATIS/ONE, State:ALLOCATED, leaderId:, CreationTimestamp2022-11-05T13:04:26.899Z[Etc/UTC]].
2022-11-05 13:04:26,928 [EndpointStateMachine task thread for /0.0.0.0:34173 - 0 ] INFO  utils.DatanodeStoreCache (DatanodeStoreCache.java:addDB(58)) - Added db /home/runner/work/ozone/ozone/hadoop-ozone/integration-test/target/test-dir/MiniOzoneClusterImpl-9e91b504-fe86-427b-a8de-b3d8b21cdaaf/datanode-5/data-0/containers/hdds/9e91b504-fe86-427b-a8de-b3d8b21cdaaf/DS-0d000992-cc54-4a17-a269-6c7f362a0caf/container.db to cache
2022-11-05 13:04:26,928 [EndpointStateMachine task thread for /0.0.0.0:34173 - 0 ] INFO  volume.HddsVolume (HddsVolume.java:createDbStore(307)) - SchemaV3 db is created and loaded at /home/runner/work/ozone/ozone/hadoop-ozone/integration-test/target/test-dir/MiniOzoneClusterImpl-9e91b504-fe86-427b-a8de-b3d8b21cdaaf/datanode-5/data-0/containers/hdds/9e91b504-fe86-427b-a8de-b3d8b21cdaaf/DS-0d000992-cc54-4a17-a269-6c7f362a0caf/container.db for volume DS-0d000992-cc54-4a17-a269-6c7f362a0caf
2022-11-05 13:04:26,929 [EndpointStateMachine task thread for /0.0.0.0:34173 - 0 ] INFO  ozoneimpl.OzoneContainer (OzoneContainer.java:start(378)) - Attempting to start container services.
2022-11-05 13:04:26,929 [EndpointStateMachine task thread for /0.0.0.0:34173 - 0 ] INFO  ozoneimpl.OzoneContainer (OzoneContainer.java:startContainerScrub(313)) - Background container scanner has been disabled.
2022-11-05 13:04:26,931 [EndpointStateMachine task thread for /0.0.0.0:34173 - 0 ] INFO  replication.ReplicationServer (ReplicationServer.java:start(111)) - ReplicationServer is started using port 45011
2022-11-05 13:04:26,932 [EndpointStateMachine task thread for /0.0.0.0:34173 - 0 ] INFO  ratis.XceiverServerRatis (XceiverServerRatis.java:start(481)) - Starting XceiverServerRatis 1260d27d-2afd-492e-9430-e2f349ff0f7b
2022-11-05 13:04:26,932 [EndpointStateMachine task thread for /0.0.0.0:34173 - 0 ] INFO  server.RaftServer (RaftServerProxy.java:startImpl(393)) - 1260d27d-2afd-492e-9430-e2f349ff0f7b: start RPC server
2022-11-05 13:04:26,934 [EndpointStateMachine task thread for /0.0.0.0:34173 - 0 ] INFO  server.GrpcService (GrpcService.java:startImpl(270)) - 1260d27d-2afd-492e-9430-e2f349ff0f7b: GrpcService started, listening on 38409
2022-11-05 13:04:26,934 [EndpointStateMachine task thread for /0.0.0.0:34173 - 0 ] INFO  ratis.XceiverServerRatis (XceiverServerRatis.java:getRealPort(502)) - XceiverServerRatis 1260d27d-2afd-492e-9430-e2f349ff0f7b is started using port 38409 for RATIS
2022-11-05 13:04:26,934 [EndpointStateMachine task thread for /0.0.0.0:34173 - 0 ] INFO  ratis.XceiverServerRatis (XceiverServerRatis.java:getRealPort(502)) - XceiverServerRatis 1260d27d-2afd-492e-9430-e2f349ff0f7b is started using port 38409 for RATIS_ADMIN
2022-11-05 13:04:26,935 [EndpointStateMachine task thread for /0.0.0.0:34173 - 0 ] INFO  ratis.XceiverServerRatis (XceiverServerRatis.java:getRealPort(502)) - XceiverServerRatis 1260d27d-2afd-492e-9430-e2f349ff0f7b is started using port 38409 for RATIS_SERVER
2022-11-05 13:04:26,935 [JvmPauseMonitor6] INFO  util.JvmPauseMonitor (JvmPauseMonitor.java:run(105)) - JvmPauseMonitor-1260d27d-2afd-492e-9430-e2f349ff0f7b: Started
2022-11-05 13:04:26,938 [EndpointStateMachine task thread for /0.0.0.0:34173 - 0 ] INFO  server.XceiverServerGrpc (XceiverServerGrpc.java:start(180)) - XceiverServerGrpc 1260d27d-2afd-492e-9430-e2f349ff0f7b is started using port 36575
2022-11-05 13:04:27,319 [IPC Server handler 15 on default port 34173] INFO  net.NetworkTopologyImpl (NetworkTopologyImpl.java:add(112)) - Added a new node: /default-rack/c56757ad-2923-4297-8741-c606545d9a52
2022-11-05 13:04:27,320 [IPC Server handler 15 on default port 34173] INFO  node.SCMNodeManager (SCMNodeManager.java:register(397)) - Registered Data node : c56757ad-2923-4297-8741-c606545d9a52{ip: 10.1.0.157, host: fv-az83-841.uavyq1izdhte5b0ne1us2eqzhb.jx.internal.cloudapp.net, ports: [REPLICATION=40585, RATIS=45683, RATIS_ADMIN=45683, RATIS_SERVER=45683, STANDALONE=39937], networkLocation: /default-rack, certSerialId: null, persistedOpState: null, persistedOpStateExpiryEpochSec: 0}
2022-11-05 13:04:27,320 [EventQueue-NewNodeForNewNodeHandler] INFO  pipeline.BackgroundPipelineCreator (BackgroundPipelineCreator.java:notifyEventTriggered(276)) - trigger a one-shot run on RatisPipelineUtilsThread.
2022-11-05 13:04:27,320 [RatisPipelineUtilsThread - 0] INFO  pipeline.RatisPipelineProvider (RatisPipelineProvider.java:lambda$create$0(195)) - Sending CreatePipelineCommand for pipeline:PipelineID=171dd0eb-640e-478d-926a-60e6f5b2365a to datanode:c56757ad-2923-4297-8741-c606545d9a52
2022-11-05 13:04:27,320 [EventQueue-NodeRegistrationContainerReportForDataNodeSafeModeRule] INFO  safemode.SCMSafeModeManager (DataNodeSafeModeRule.java:process(71)) - SCM in safe mode. 3 DataNodes registered, 3 required.
2022-11-05 13:04:27,320 [EventQueue-NodeRegistrationContainerReportForDataNodeSafeModeRule] INFO  safemode.SCMSafeModeManager (SCMSafeModeManager.java:validateSafeModeExitRules(204)) - DataNodeSafeModeRule rule is successfully validated
2022-11-05 13:04:27,320 [EventQueue-NodeRegistrationContainerReportForDataNodeSafeModeRule] INFO  safemode.SCMSafeModeManager (SCMSafeModeManager.java:completePreCheck(233)) - All SCM safe mode pre check rules have passed
2022-11-05 13:04:27,321 [EventQueue-NodeRegistrationContainerReportForDataNodeSafeModeRule] WARN  events.EventQueue (EventQueue.java:fireEvent(216)) - No event handler registered for event TypedEvent{payloadType=SafeModeStatus, name='Safe mode status'}
2022-11-05 13:04:27,321 [EventQueue-NodeRegistrationContainerReportForDataNodeSafeModeRule] INFO  ha.SCMContext (SCMContext.java:updateSafeModeStatus(228)) - Update SafeModeStatus from SafeModeStatus{safeModeStatus=true, preCheckPassed=false} to SafeModeStatus{safeModeStatus=true, preCheckPassed=true}.
2022-11-05 13:04:27,321 [EventQueue-NodeRegistrationContainerReportForDataNodeSafeModeRule] INFO  pipeline.BackgroundPipelineCreator (BackgroundPipelineCreator.java:notifyEventTriggered(276)) - trigger a one-shot run on RatisPipelineUtilsThread.
2022-11-05 13:04:27,321 [RatisPipelineUtilsThread - 0] INFO  pipeline.PipelineStateManagerImpl (PipelineStateManagerImpl.java:addPipeline(103)) - Created pipeline Pipeline[ Id: 171dd0eb-640e-478d-926a-60e6f5b2365a, Nodes: c56757ad-2923-4297-8741-c606545d9a52{ip: 10.1.0.157, host: fv-az83-841.uavyq1izdhte5b0ne1us2eqzhb.jx.internal.cloudapp.net, ports: [REPLICATION=40585, RATIS=45683, RATIS_ADMIN=45683, RATIS_SERVER=45683, STANDALONE=39937], networkLocation: /default-rack, certSerialId: null, persistedOpState: IN_SERVICE, persistedOpStateExpiryEpochSec: 0}, ReplicationConfig: RATIS/ONE, State:ALLOCATED, leaderId:, CreationTimestamp2022-11-05T13:04:27.320Z[Etc/UTC]].
2022-11-05 13:04:27,325 [RatisPipelineUtilsThread - 0] INFO  pipeline.RatisPipelineProvider (RatisPipelineProvider.java:lambda$create$0(195)) - Sending CreatePipelineCommand for pipeline:PipelineID=1af4fafc-e7d0-4d63-a3c2-b6d24b272ec8 to datanode:c56757ad-2923-4297-8741-c606545d9a52
2022-11-05 13:04:27,325 [RatisPipelineUtilsThread - 0] INFO  pipeline.RatisPipelineProvider (RatisPipelineProvider.java:lambda$create$0(195)) - Sending CreatePipelineCommand for pipeline:PipelineID=1af4fafc-e7d0-4d63-a3c2-b6d24b272ec8 to datanode:274c4b45-19e0-452f-8d1e-585a77537937
2022-11-05 13:04:27,325 [RatisPipelineUtilsThread - 0] INFO  pipeline.RatisPipelineProvider (RatisPipelineProvider.java:lambda$create$0(195)) - Sending CreatePipelineCommand for pipeline:PipelineID=1af4fafc-e7d0-4d63-a3c2-b6d24b272ec8 to datanode:97cc06fc-4025-4c76-bebd-c1d7b79fe413
2022-11-05 13:04:27,326 [RatisPipelineUtilsThread - 0] INFO  pipeline.PipelineStateManagerImpl (PipelineStateManagerImpl.java:addPipeline(103)) - Created pipeline Pipeline[ Id: 1af4fafc-e7d0-4d63-a3c2-b6d24b272ec8, Nodes: c56757ad-2923-4297-8741-c606545d9a52{ip: 10.1.0.157, host: fv-az83-841.uavyq1izdhte5b0ne1us2eqzhb.jx.internal.cloudapp.net, ports: [REPLICATION=40585, RATIS=45683, RATIS_ADMIN=45683, RATIS_SERVER=45683, STANDALONE=39937], networkLocation: /default-rack, certSerialId: null, persistedOpState: IN_SERVICE, persistedOpStateExpiryEpochSec: 0}274c4b45-19e0-452f-8d1e-585a77537937{ip: 10.1.0.157, host: fv-az83-841.uavyq1izdhte5b0ne1us2eqzhb.jx.internal.cloudapp.net, ports: [REPLICATION=43707, RATIS=40915, RATIS_ADMIN=40915, RATIS_SERVER=40915, STANDALONE=38195], networkLocation: /default-rack, certSerialId: null, persistedOpState: IN_SERVICE, persistedOpStateExpiryEpochSec: 0}97cc06fc-4025-4c76-bebd-c1d7b79fe413{ip: 10.1.0.157, host: fv-az83-841.uavyq1izdhte5b0ne1us2eqzhb.jx.internal.cloudapp.net, ports: [REPLICATION=44027, RATIS=40151, RATIS_ADMIN=40151, RATIS_SERVER=40151, STANDALONE=42951], networkLocation: /default-rack, certSerialId: null, persistedOpState: IN_SERVICE, persistedOpStateExpiryEpochSec: 0}, ReplicationConfig: RATIS/THREE, State:ALLOCATED, leaderId:, CreationTimestamp2022-11-05T13:04:27.325Z[Etc/UTC]].
2022-11-05 13:04:27,328 [RatisPipelineUtilsThread - 0] INFO  pipeline.RatisPipelineProvider (RatisPipelineProvider.java:lambda$create$0(195)) - Sending CreatePipelineCommand for pipeline:PipelineID=b3809356-d77c-4758-923c-4c9f1e15a7b6 to datanode:c56757ad-2923-4297-8741-c606545d9a52
2022-11-05 13:04:27,328 [RatisPipelineUtilsThread - 0] INFO  pipeline.RatisPipelineProvider (RatisPipelineProvider.java:lambda$create$0(195)) - Sending CreatePipelineCommand for pipeline:PipelineID=b3809356-d77c-4758-923c-4c9f1e15a7b6 to datanode:97cc06fc-4025-4c76-bebd-c1d7b79fe413
2022-11-05 13:04:27,328 [RatisPipelineUtilsThread - 0] INFO  pipeline.RatisPipelineProvider (RatisPipelineProvider.java:lambda$create$0(195)) - Sending CreatePipelineCommand for pipeline:PipelineID=b3809356-d77c-4758-923c-4c9f1e15a7b6 to datanode:274c4b45-19e0-452f-8d1e-585a77537937
2022-11-05 13:04:27,329 [RatisPipelineUtilsThread - 0] INFO  pipeline.PipelineStateManagerImpl (PipelineStateManagerImpl.java:addPipeline(103)) - Created pipeline Pipeline[ Id: b3809356-d77c-4758-923c-4c9f1e15a7b6, Nodes: c56757ad-2923-4297-8741-c606545d9a52{ip: 10.1.0.157, host: fv-az83-841.uavyq1izdhte5b0ne1us2eqzhb.jx.internal.cloudapp.net, ports: [REPLICATION=40585, RATIS=45683, RATIS_ADMIN=45683, RATIS_SERVER=45683, STANDALONE=39937], networkLocation: /default-rack, certSerialId: null, persistedOpState: IN_SERVICE, persistedOpStateExpiryEpochSec: 0}97cc06fc-4025-4c76-bebd-c1d7b79fe413{ip: 10.1.0.157, host: fv-az83-841.uavyq1izdhte5b0ne1us2eqzhb.jx.internal.cloudapp.net, ports: [REPLICATION=44027, RATIS=40151, RATIS_ADMIN=40151, RATIS_SERVER=40151, STANDALONE=42951], networkLocation: /default-rack, certSerialId: null, persistedOpState: IN_SERVICE, persistedOpStateExpiryEpochSec: 0}274c4b45-19e0-452f-8d1e-585a77537937{ip: 10.1.0.157, host: fv-az83-841.uavyq1izdhte5b0ne1us2eqzhb.jx.internal.cloudapp.net, ports: [REPLICATION=43707, RATIS=40915, RATIS_ADMIN=40915, RATIS_SERVER=40915, STANDALONE=38195], networkLocation: /default-rack, certSerialId: null, persistedOpState: IN_SERVICE, persistedOpStateExpiryEpochSec: 0}, ReplicationConfig: RATIS/THREE, State:ALLOCATED, leaderId:, CreationTimestamp2022-11-05T13:04:27.328Z[Etc/UTC]].
2022-11-05 13:04:27,329 [RatisPipelineUtilsThread - 0] INFO  pipeline.PipelineManagerImpl (PipelineManagerImpl.java:recordMetricsForPipeline(826)) - Pipeline: PipelineID=b3809356-d77c-4758-923c-4c9f1e15a7b6 contains same datanodes as previous pipelines: PipelineID=1af4fafc-e7d0-4d63-a3c2-b6d24b272ec8 nodeIds: c56757ad-2923-4297-8741-c606545d9a52, 97cc06fc-4025-4c76-bebd-c1d7b79fe413, 274c4b45-19e0-452f-8d1e-585a77537937
2022-11-05 13:04:27,368 [EndpointStateMachine task thread for /0.0.0.0:34173 - 0 ] INFO  utils.DatanodeStoreCache (DatanodeStoreCache.java:addDB(58)) - Added db /home/runner/work/ozone/ozone/hadoop-ozone/integration-test/target/test-dir/MiniOzoneClusterImpl-9e91b504-fe86-427b-a8de-b3d8b21cdaaf/datanode-6/data-0/containers/hdds/9e91b504-fe86-427b-a8de-b3d8b21cdaaf/DS-59436717-af03-4d42-aa4e-e951d03b919f/container.db to cache
2022-11-05 13:04:27,369 [EndpointStateMachine task thread for /0.0.0.0:34173 - 0 ] INFO  volume.HddsVolume (HddsVolume.java:createDbStore(307)) - SchemaV3 db is created and loaded at /home/runner/work/ozone/ozone/hadoop-ozone/integration-test/target/test-dir/MiniOzoneClusterImpl-9e91b504-fe86-427b-a8de-b3d8b21cdaaf/datanode-6/data-0/containers/hdds/9e91b504-fe86-427b-a8de-b3d8b21cdaaf/DS-59436717-af03-4d42-aa4e-e951d03b919f/container.db for volume DS-59436717-af03-4d42-aa4e-e951d03b919f
2022-11-05 13:04:27,370 [EndpointStateMachine task thread for /0.0.0.0:34173 - 0 ] INFO  ozoneimpl.OzoneContainer (OzoneContainer.java:start(378)) - Attempting to start container services.
2022-11-05 13:04:27,370 [EndpointStateMachine task thread for /0.0.0.0:34173 - 0 ] INFO  ozoneimpl.OzoneContainer (OzoneContainer.java:startContainerScrub(313)) - Background container scanner has been disabled.
2022-11-05 13:04:27,377 [EndpointStateMachine task thread for /0.0.0.0:34173 - 0 ] INFO  replication.ReplicationServer (ReplicationServer.java:start(111)) - ReplicationServer is started using port 39061
2022-11-05 13:04:27,377 [EndpointStateMachine task thread for /0.0.0.0:34173 - 0 ] INFO  ratis.XceiverServerRatis (XceiverServerRatis.java:start(481)) - Starting XceiverServerRatis 3fdd4c6e-2961-42ba-90d3-b5f169a49f15
2022-11-05 13:04:27,378 [EndpointStateMachine task thread for /0.0.0.0:34173 - 0 ] INFO  server.RaftServer (RaftServerProxy.java:startImpl(393)) - 3fdd4c6e-2961-42ba-90d3-b5f169a49f15: start RPC server
2022-11-05 13:04:27,379 [EndpointStateMachine task thread for /0.0.0.0:34173 - 0 ] INFO  server.GrpcService (GrpcService.java:startImpl(270)) - 3fdd4c6e-2961-42ba-90d3-b5f169a49f15: GrpcService started, listening on 38617
2022-11-05 13:04:27,379 [EndpointStateMachine task thread for /0.0.0.0:34173 - 0 ] INFO  ratis.XceiverServerRatis (XceiverServerRatis.java:getRealPort(502)) - XceiverServerRatis 3fdd4c6e-2961-42ba-90d3-b5f169a49f15 is started using port 38617 for RATIS
2022-11-05 13:04:27,379 [EndpointStateMachine task thread for /0.0.0.0:34173 - 0 ] INFO  ratis.XceiverServerRatis (XceiverServerRatis.java:getRealPort(502)) - XceiverServerRatis 3fdd4c6e-2961-42ba-90d3-b5f169a49f15 is started using port 38617 for RATIS_ADMIN
2022-11-05 13:04:27,379 [EndpointStateMachine task thread for /0.0.0.0:34173 - 0 ] INFO  ratis.XceiverServerRatis (XceiverServerRatis.java:getRealPort(502)) - XceiverServerRatis 3fdd4c6e-2961-42ba-90d3-b5f169a49f15 is started using port 38617 for RATIS_SERVER
2022-11-05 13:04:27,379 [JvmPauseMonitor7] INFO  util.JvmPauseMonitor (JvmPauseMonitor.java:run(105)) - JvmPauseMonitor-3fdd4c6e-2961-42ba-90d3-b5f169a49f15: Started
2022-11-05 13:04:27,380 [EndpointStateMachine task thread for /0.0.0.0:34173 - 0 ] INFO  server.XceiverServerGrpc (XceiverServerGrpc.java:start(180)) - XceiverServerGrpc 3fdd4c6e-2961-42ba-90d3-b5f169a49f15 is started using port 41615
2022-11-05 13:04:27,721 [Listener at 127.0.0.1/34735] INFO  ozone.MiniOzoneClusterImpl (MiniOzoneClusterImpl.java:lambda$waitForClusterToBeReady$0(216)) - Waiting for nodes to be ready. Got 3 of 10 DN Heartbeats.
2022-11-05 13:04:27,721 [Listener at 127.0.0.1/34735] INFO  ozone.MiniOzoneClusterImpl (MiniOzoneClusterImpl.java:lambda$waitForClusterToBeReady$0(219)) - Waiting for cluster to exit safe mode
2022-11-05 13:04:27,721 [Listener at 127.0.0.1/34735] INFO  ozone.MiniOzoneClusterImpl (MiniOzoneClusterImpl.java:lambda$waitForClusterToBeReady$0(221)) - SCM became leader
2022-11-05 13:04:27,791 [IPC Server handler 7 on default port 34173] INFO  net.NetworkTopologyImpl (NetworkTopologyImpl.java:add(112)) - Added a new node: /default-rack/957f0a06-02fd-450d-99be-0926792af3ec
2022-11-05 13:04:27,791 [IPC Server handler 7 on default port 34173] INFO  node.SCMNodeManager (SCMNodeManager.java:register(397)) - Registered Data node : 957f0a06-02fd-450d-99be-0926792af3ec{ip: 10.1.0.157, host: fv-az83-841.uavyq1izdhte5b0ne1us2eqzhb.jx.internal.cloudapp.net, ports: [REPLICATION=41619, RATIS=39575, RATIS_ADMIN=39575, RATIS_SERVER=39575, STANDALONE=40737], networkLocation: /default-rack, certSerialId: null, persistedOpState: null, persistedOpStateExpiryEpochSec: 0}
2022-11-05 13:04:27,791 [EventQueue-NewNodeForNewNodeHandler] INFO  pipeline.BackgroundPipelineCreator (BackgroundPipelineCreator.java:notifyEventTriggered(276)) - trigger a one-shot run on RatisPipelineUtilsThread.
2022-11-05 13:04:27,792 [RatisPipelineUtilsThread - 0] INFO  pipeline.RatisPipelineProvider (RatisPipelineProvider.java:lambda$create$0(195)) - Sending CreatePipelineCommand for pipeline:PipelineID=5b493c85-bc37-4ef4-b214-38abb79ad11d to datanode:957f0a06-02fd-450d-99be-0926792af3ec
2022-11-05 13:04:27,793 [RatisPipelineUtilsThread - 0] INFO  pipeline.PipelineStateManagerImpl (PipelineStateManagerImpl.java:addPipeline(103)) - Created pipeline Pipeline[ Id: 5b493c85-bc37-4ef4-b214-38abb79ad11d, Nodes: 957f0a06-02fd-450d-99be-0926792af3ec{ip: 10.1.0.157, host: fv-az83-841.uavyq1izdhte5b0ne1us2eqzhb.jx.internal.cloudapp.net, ports: [REPLICATION=41619, RATIS=39575, RATIS_ADMIN=39575, RATIS_SERVER=39575, STANDALONE=40737], networkLocation: /default-rack, certSerialId: null, persistedOpState: IN_SERVICE, persistedOpStateExpiryEpochSec: 0}, ReplicationConfig: RATIS/ONE, State:ALLOCATED, leaderId:, CreationTimestamp2022-11-05T13:04:27.792Z[Etc/UTC]].
2022-11-05 13:04:27,831 [EndpointStateMachine task thread for /0.0.0.0:34173 - 0 ] INFO  utils.DatanodeStoreCache (DatanodeStoreCache.java:addDB(58)) - Added db /home/runner/work/ozone/ozone/hadoop-ozone/integration-test/target/test-dir/MiniOzoneClusterImpl-9e91b504-fe86-427b-a8de-b3d8b21cdaaf/datanode-7/data-0/containers/hdds/9e91b504-fe86-427b-a8de-b3d8b21cdaaf/DS-2ad08c08-3b8a-43b9-b2df-44e58707522e/container.db to cache
2022-11-05 13:04:27,831 [EndpointStateMachine task thread for /0.0.0.0:34173 - 0 ] INFO  volume.HddsVolume (HddsVolume.java:createDbStore(307)) - SchemaV3 db is created and loaded at /home/runner/work/ozone/ozone/hadoop-ozone/integration-test/target/test-dir/MiniOzoneClusterImpl-9e91b504-fe86-427b-a8de-b3d8b21cdaaf/datanode-7/data-0/containers/hdds/9e91b504-fe86-427b-a8de-b3d8b21cdaaf/DS-2ad08c08-3b8a-43b9-b2df-44e58707522e/container.db for volume DS-2ad08c08-3b8a-43b9-b2df-44e58707522e
2022-11-05 13:04:27,832 [EndpointStateMachine task thread for /0.0.0.0:34173 - 0 ] INFO  ozoneimpl.OzoneContainer (OzoneContainer.java:start(378)) - Attempting to start container services.
2022-11-05 13:04:27,832 [EndpointStateMachine task thread for /0.0.0.0:34173 - 0 ] INFO  ozoneimpl.OzoneContainer (OzoneContainer.java:startContainerScrub(313)) - Background container scanner has been disabled.
2022-11-05 13:04:27,833 [EndpointStateMachine task thread for /0.0.0.0:34173 - 0 ] INFO  replication.ReplicationServer (ReplicationServer.java:start(111)) - ReplicationServer is started using port 38531
2022-11-05 13:04:27,834 [EndpointStateMachine task thread for /0.0.0.0:34173 - 0 ] INFO  ratis.XceiverServerRatis (XceiverServerRatis.java:start(481)) - Starting XceiverServerRatis 81de4557-c158-4718-93a8-b16ff7f8daad
2022-11-05 13:04:27,834 [EndpointStateMachine task thread for /0.0.0.0:34173 - 0 ] INFO  server.RaftServer (RaftServerProxy.java:startImpl(393)) - 81de4557-c158-4718-93a8-b16ff7f8daad: start RPC server
2022-11-05 13:04:27,836 [EndpointStateMachine task thread for /0.0.0.0:34173 - 0 ] INFO  server.GrpcService (GrpcService.java:startImpl(270)) - 81de4557-c158-4718-93a8-b16ff7f8daad: GrpcService started, listening on 42037
2022-11-05 13:04:27,836 [EndpointStateMachine task thread for /0.0.0.0:34173 - 0 ] INFO  ratis.XceiverServerRatis (XceiverServerRatis.java:getRealPort(502)) - XceiverServerRatis 81de4557-c158-4718-93a8-b16ff7f8daad is started using port 42037 for RATIS
2022-11-05 13:04:27,836 [JvmPauseMonitor8] INFO  util.JvmPauseMonitor (JvmPauseMonitor.java:run(105)) - JvmPauseMonitor-81de4557-c158-4718-93a8-b16ff7f8daad: Started
2022-11-05 13:04:27,836 [EndpointStateMachine task thread for /0.0.0.0:34173 - 0 ] INFO  ratis.XceiverServerRatis (XceiverServerRatis.java:getRealPort(502)) - XceiverServerRatis 81de4557-c158-4718-93a8-b16ff7f8daad is started using port 42037 for RATIS_ADMIN
2022-11-05 13:04:27,837 [EndpointStateMachine task thread for /0.0.0.0:34173 - 0 ] INFO  ratis.XceiverServerRatis (XceiverServerRatis.java:getRealPort(502)) - XceiverServerRatis 81de4557-c158-4718-93a8-b16ff7f8daad is started using port 42037 for RATIS_SERVER
2022-11-05 13:04:27,839 [EndpointStateMachine task thread for /0.0.0.0:34173 - 0 ] INFO  server.XceiverServerGrpc (XceiverServerGrpc.java:start(180)) - XceiverServerGrpc 81de4557-c158-4718-93a8-b16ff7f8daad is started using port 40833
2022-11-05 13:04:28,227 [IPC Server handler 15 on default port 34173] INFO  net.NetworkTopologyImpl (NetworkTopologyImpl.java:add(112)) - Added a new node: /default-rack/8380acfc-c198-4795-aa09-3ffc033ca33b
2022-11-05 13:04:28,227 [IPC Server handler 15 on default port 34173] INFO  node.SCMNodeManager (SCMNodeManager.java:register(397)) - Registered Data node : 8380acfc-c198-4795-aa09-3ffc033ca33b{ip: 10.1.0.157, host: fv-az83-841.uavyq1izdhte5b0ne1us2eqzhb.jx.internal.cloudapp.net, ports: [REPLICATION=41951, RATIS=44611, RATIS_ADMIN=44611, RATIS_SERVER=44611, STANDALONE=41175], networkLocation: /default-rack, certSerialId: null, persistedOpState: null, persistedOpStateExpiryEpochSec: 0}
2022-11-05 13:04:28,228 [EventQueue-NewNodeForNewNodeHandler] INFO  pipeline.BackgroundPipelineCreator (BackgroundPipelineCreator.java:notifyEventTriggered(276)) - trigger a one-shot run on RatisPipelineUtilsThread.
2022-11-05 13:04:28,228 [RatisPipelineUtilsThread - 0] INFO  pipeline.RatisPipelineProvider (RatisPipelineProvider.java:lambda$create$0(195)) - Sending CreatePipelineCommand for pipeline:PipelineID=5ea41772-35a2-4a04-931b-0ee44bee4943 to datanode:8380acfc-c198-4795-aa09-3ffc033ca33b
2022-11-05 13:04:28,229 [RatisPipelineUtilsThread - 0] INFO  pipeline.PipelineStateManagerImpl (PipelineStateManagerImpl.java:addPipeline(103)) - Created pipeline Pipeline[ Id: 5ea41772-35a2-4a04-931b-0ee44bee4943, Nodes: 8380acfc-c198-4795-aa09-3ffc033ca33b{ip: 10.1.0.157, host: fv-az83-841.uavyq1izdhte5b0ne1us2eqzhb.jx.internal.cloudapp.net, ports: [REPLICATION=41951, RATIS=44611, RATIS_ADMIN=44611, RATIS_SERVER=44611, STANDALONE=41175], networkLocation: /default-rack, certSerialId: null, persistedOpState: IN_SERVICE, persistedOpStateExpiryEpochSec: 0}, ReplicationConfig: RATIS/ONE, State:ALLOCATED, leaderId:, CreationTimestamp2022-11-05T13:04:28.228Z[Etc/UTC]].
2022-11-05 13:04:28,337 [EndpointStateMachine task thread for /0.0.0.0:34173 - 0 ] INFO  utils.DatanodeStoreCache (DatanodeStoreCache.java:addDB(58)) - Added db /home/runner/work/ozone/ozone/hadoop-ozone/integration-test/target/test-dir/MiniOzoneClusterImpl-9e91b504-fe86-427b-a8de-b3d8b21cdaaf/datanode-8/data-0/containers/hdds/9e91b504-fe86-427b-a8de-b3d8b21cdaaf/DS-1237bfa7-8060-41d9-89c6-400e3053fb19/container.db to cache
2022-11-05 13:04:28,337 [EndpointStateMachine task thread for /0.0.0.0:34173 - 0 ] INFO  volume.HddsVolume (HddsVolume.java:createDbStore(307)) - SchemaV3 db is created and loaded at /home/runner/work/ozone/ozone/hadoop-ozone/integration-test/target/test-dir/MiniOzoneClusterImpl-9e91b504-fe86-427b-a8de-b3d8b21cdaaf/datanode-8/data-0/containers/hdds/9e91b504-fe86-427b-a8de-b3d8b21cdaaf/DS-1237bfa7-8060-41d9-89c6-400e3053fb19/container.db for volume DS-1237bfa7-8060-41d9-89c6-400e3053fb19
2022-11-05 13:04:28,337 [EndpointStateMachine task thread for /0.0.0.0:34173 - 0 ] INFO  ozoneimpl.OzoneContainer (OzoneContainer.java:start(378)) - Attempting to start container services.
2022-11-05 13:04:28,337 [EndpointStateMachine task thread for /0.0.0.0:34173 - 0 ] INFO  ozoneimpl.OzoneContainer (OzoneContainer.java:startContainerScrub(313)) - Background container scanner has been disabled.
2022-11-05 13:04:28,342 [EndpointStateMachine task thread for /0.0.0.0:34173 - 0 ] INFO  replication.ReplicationServer (ReplicationServer.java:start(111)) - ReplicationServer is started using port 38339
2022-11-05 13:04:28,345 [EndpointStateMachine task thread for /0.0.0.0:34173 - 0 ] INFO  ratis.XceiverServerRatis (XceiverServerRatis.java:start(481)) - Starting XceiverServerRatis 44bea1f4-43dd-4415-bb4e-4e9896dd68f6
2022-11-05 13:04:28,346 [EndpointStateMachine task thread for /0.0.0.0:34173 - 0 ] INFO  server.RaftServer (RaftServerProxy.java:startImpl(393)) - 44bea1f4-43dd-4415-bb4e-4e9896dd68f6: start RPC server
2022-11-05 13:04:28,351 [EndpointStateMachine task thread for /0.0.0.0:34173 - 0 ] INFO  server.GrpcService (GrpcService.java:startImpl(270)) - 44bea1f4-43dd-4415-bb4e-4e9896dd68f6: GrpcService started, listening on 34265
2022-11-05 13:04:28,352 [EndpointStateMachine task thread for /0.0.0.0:34173 - 0 ] INFO  ratis.XceiverServerRatis (XceiverServerRatis.java:getRealPort(502)) - XceiverServerRatis 44bea1f4-43dd-4415-bb4e-4e9896dd68f6 is started using port 34265 for RATIS
2022-11-05 13:04:28,352 [JvmPauseMonitor9] INFO  util.JvmPauseMonitor (JvmPauseMonitor.java:run(105)) - JvmPauseMonitor-44bea1f4-43dd-4415-bb4e-4e9896dd68f6: Started
2022-11-05 13:04:28,352 [EndpointStateMachine task thread for /0.0.0.0:34173 - 0 ] INFO  ratis.XceiverServerRatis (XceiverServerRatis.java:getRealPort(502)) - XceiverServerRatis 44bea1f4-43dd-4415-bb4e-4e9896dd68f6 is started using port 34265 for RATIS_ADMIN
2022-11-05 13:04:28,355 [EndpointStateMachine task thread for /0.0.0.0:34173 - 0 ] INFO  ratis.XceiverServerRatis (XceiverServerRatis.java:getRealPort(502)) - XceiverServerRatis 44bea1f4-43dd-4415-bb4e-4e9896dd68f6 is started using port 34265 for RATIS_SERVER
2022-11-05 13:04:28,362 [EndpointStateMachine task thread for /0.0.0.0:34173 - 0 ] INFO  server.XceiverServerGrpc (XceiverServerGrpc.java:start(180)) - XceiverServerGrpc 44bea1f4-43dd-4415-bb4e-4e9896dd68f6 is started using port 43671
2022-11-05 13:04:28,714 [IPC Server handler 7 on default port 34173] INFO  net.NetworkTopologyImpl (NetworkTopologyImpl.java:add(112)) - Added a new node: /default-rack/1260d27d-2afd-492e-9430-e2f349ff0f7b
2022-11-05 13:04:28,714 [IPC Server handler 7 on default port 34173] INFO  node.SCMNodeManager (SCMNodeManager.java:register(397)) - Registered Data node : 1260d27d-2afd-492e-9430-e2f349ff0f7b{ip: 10.1.0.157, host: fv-az83-841.uavyq1izdhte5b0ne1us2eqzhb.jx.internal.cloudapp.net, ports: [REPLICATION=45011, RATIS=38409, RATIS_ADMIN=38409, RATIS_SERVER=38409, STANDALONE=36575], networkLocation: /default-rack, certSerialId: null, persistedOpState: null, persistedOpStateExpiryEpochSec: 0}
2022-11-05 13:04:28,714 [EventQueue-NewNodeForNewNodeHandler] INFO  pipeline.BackgroundPipelineCreator (BackgroundPipelineCreator.java:notifyEventTriggered(276)) - trigger a one-shot run on RatisPipelineUtilsThread.
2022-11-05 13:04:28,715 [RatisPipelineUtilsThread - 0] INFO  pipeline.RatisPipelineProvider (RatisPipelineProvider.java:lambda$create$0(195)) - Sending CreatePipelineCommand for pipeline:PipelineID=f7dd3ac0-0e4e-4164-ab68-b815c51baea2 to datanode:1260d27d-2afd-492e-9430-e2f349ff0f7b
2022-11-05 13:04:28,715 [RatisPipelineUtilsThread - 0] INFO  pipeline.PipelineStateManagerImpl (PipelineStateManagerImpl.java:addPipeline(103)) - Created pipeline Pipeline[ Id: f7dd3ac0-0e4e-4164-ab68-b815c51baea2, Nodes: 1260d27d-2afd-492e-9430-e2f349ff0f7b{ip: 10.1.0.157, host: fv-az83-841.uavyq1izdhte5b0ne1us2eqzhb.jx.internal.cloudapp.net, ports: [REPLICATION=45011, RATIS=38409, RATIS_ADMIN=38409, RATIS_SERVER=38409, STANDALONE=36575], networkLocation: /default-rack, certSerialId: null, persistedOpState: IN_SERVICE, persistedOpStateExpiryEpochSec: 0}, ReplicationConfig: RATIS/ONE, State:ALLOCATED, leaderId:, CreationTimestamp2022-11-05T13:04:28.715Z[Etc/UTC]].
2022-11-05 13:04:28,716 [RatisPipelineUtilsThread - 0] INFO  pipeline.RatisPipelineProvider (RatisPipelineProvider.java:lambda$create$0(195)) - Sending CreatePipelineCommand for pipeline:PipelineID=b624d979-1294-4bfe-b12a-d8f4d0f112f8 to datanode:1260d27d-2afd-492e-9430-e2f349ff0f7b
2022-11-05 13:04:28,716 [RatisPipelineUtilsThread - 0] INFO  pipeline.RatisPipelineProvider (RatisPipelineProvider.java:lambda$create$0(195)) - Sending CreatePipelineCommand for pipeline:PipelineID=b624d979-1294-4bfe-b12a-d8f4d0f112f8 to datanode:8380acfc-c198-4795-aa09-3ffc033ca33b
2022-11-05 13:04:28,716 [RatisPipelineUtilsThread - 0] INFO  pipeline.RatisPipelineProvider (RatisPipelineProvider.java:lambda$create$0(195)) - Sending CreatePipelineCommand for pipeline:PipelineID=b624d979-1294-4bfe-b12a-d8f4d0f112f8 to datanode:957f0a06-02fd-450d-99be-0926792af3ec
2022-11-05 13:04:28,717 [RatisPipelineUtilsThread - 0] INFO  pipeline.PipelineStateManagerImpl (PipelineStateManagerImpl.java:addPipeline(103)) - Created pipeline Pipeline[ Id: b624d979-1294-4bfe-b12a-d8f4d0f112f8, Nodes: 1260d27d-2afd-492e-9430-e2f349ff0f7b{ip: 10.1.0.157, host: fv-az83-841.uavyq1izdhte5b0ne1us2eqzhb.jx.internal.cloudapp.net, ports: [REPLICATION=45011, RATIS=38409, RATIS_ADMIN=38409, RATIS_SERVER=38409, STANDALONE=36575], networkLocation: /default-rack, certSerialId: null, persistedOpState: IN_SERVICE, persistedOpStateExpiryEpochSec: 0}8380acfc-c198-4795-aa09-3ffc033ca33b{ip: 10.1.0.157, host: fv-az83-841.uavyq1izdhte5b0ne1us2eqzhb.jx.internal.cloudapp.net, ports: [REPLICATION=41951, RATIS=44611, RATIS_ADMIN=44611, RATIS_SERVER=44611, STANDALONE=41175], networkLocation: /default-rack, certSerialId: null, persistedOpState: IN_SERVICE, persistedOpStateExpiryEpochSec: 0}957f0a06-02fd-450d-99be-0926792af3ec{ip: 10.1.0.157, host: fv-az83-841.uavyq1izdhte5b0ne1us2eqzhb.jx.internal.cloudapp.net, ports: [REPLICATION=41619, RATIS=39575, RATIS_ADMIN=39575, RATIS_SERVER=39575, STANDALONE=40737], networkLocation: /default-rack, certSerialId: null, persistedOpState: IN_SERVICE, persistedOpStateExpiryEpochSec: 0}, ReplicationConfig: RATIS/THREE, State:ALLOCATED, leaderId:, CreationTimestamp2022-11-05T13:04:28.716Z[Etc/UTC]].
2022-11-05 13:04:28,718 [RatisPipelineUtilsThread - 0] INFO  pipeline.RatisPipelineProvider (RatisPipelineProvider.java:lambda$create$0(195)) - Sending CreatePipelineCommand for pipeline:PipelineID=ebb89aeb-7114-4a66-a098-7d2311a86dcb to datanode:8380acfc-c198-4795-aa09-3ffc033ca33b
2022-11-05 13:04:28,718 [RatisPipelineUtilsThread - 0] INFO  pipeline.RatisPipelineProvider (RatisPipelineProvider.java:lambda$create$0(195)) - Sending CreatePipelineCommand for pipeline:PipelineID=ebb89aeb-7114-4a66-a098-7d2311a86dcb to datanode:957f0a06-02fd-450d-99be-0926792af3ec
2022-11-05 13:04:28,718 [RatisPipelineUtilsThread - 0] INFO  pipeline.RatisPipelineProvider (RatisPipelineProvider.java:lambda$create$0(195)) - Sending CreatePipelineCommand for pipeline:PipelineID=ebb89aeb-7114-4a66-a098-7d2311a86dcb to datanode:1260d27d-2afd-492e-9430-e2f349ff0f7b
2022-11-05 13:04:28,718 [RatisPipelineUtilsThread - 0] INFO  pipeline.PipelineStateManagerImpl (PipelineStateManagerImpl.java:addPipeline(103)) - Created pipeline Pipeline[ Id: ebb89aeb-7114-4a66-a098-7d2311a86dcb, Nodes: 8380acfc-c198-4795-aa09-3ffc033ca33b{ip: 10.1.0.157, host: fv-az83-841.uavyq1izdhte5b0ne1us2eqzhb.jx.internal.cloudapp.net, ports: [REPLICATION=41951, RATIS=44611, RATIS_ADMIN=44611, RATIS_SERVER=44611, STANDALONE=41175], networkLocation: /default-rack, certSerialId: null, persistedOpState: IN_SERVICE, persistedOpStateExpiryEpochSec: 0}957f0a06-02fd-450d-99be-0926792af3ec{ip: 10.1.0.157, host: fv-az83-841.uavyq1izdhte5b0ne1us2eqzhb.jx.internal.cloudapp.net, ports: [REPLICATION=41619, RATIS=39575, RATIS_ADMIN=39575, RATIS_SERVER=39575, STANDALONE=40737], networkLocation: /default-rack, certSerialId: null, persistedOpState: IN_SERVICE, persistedOpStateExpiryEpochSec: 0}1260d27d-2afd-492e-9430-e2f349ff0f7b{ip: 10.1.0.157, host: fv-az83-841.uavyq1izdhte5b0ne1us2eqzhb.jx.internal.cloudapp.net, ports: [REPLICATION=45011, RATIS=38409, RATIS_ADMIN=38409, RATIS_SERVER=38409, STANDALONE=36575], networkLocation: /default-rack, certSerialId: null, persistedOpState: IN_SERVICE, persistedOpStateExpiryEpochSec: 0}, ReplicationConfig: RATIS/THREE, State:ALLOCATED, leaderId:, CreationTimestamp2022-11-05T13:04:28.718Z[Etc/UTC]].
2022-11-05 13:04:28,719 [RatisPipelineUtilsThread - 0] INFO  pipeline.PipelineManagerImpl (PipelineManagerImpl.java:recordMetricsForPipeline(826)) - Pipeline: PipelineID=ebb89aeb-7114-4a66-a098-7d2311a86dcb contains same datanodes as previous pipelines: PipelineID=b624d979-1294-4bfe-b12a-d8f4d0f112f8 nodeIds: 8380acfc-c198-4795-aa09-3ffc033ca33b, 957f0a06-02fd-450d-99be-0926792af3ec, 1260d27d-2afd-492e-9430-e2f349ff0f7b
2022-11-05 13:04:28,721 [Listener at 127.0.0.1/34735] INFO  ozone.MiniOzoneClusterImpl (MiniOzoneClusterImpl.java:lambda$waitForClusterToBeReady$0(216)) - Waiting for nodes to be ready. Got 6 of 10 DN Heartbeats.
2022-11-05 13:04:28,722 [Listener at 127.0.0.1/34735] INFO  ozone.MiniOzoneClusterImpl (MiniOzoneClusterImpl.java:lambda$waitForClusterToBeReady$0(219)) - Waiting for cluster to exit safe mode
2022-11-05 13:04:28,722 [Listener at 127.0.0.1/34735] INFO  ozone.MiniOzoneClusterImpl (MiniOzoneClusterImpl.java:lambda$waitForClusterToBeReady$0(221)) - SCM became leader
2022-11-05 13:04:28,922 [EndpointStateMachine task thread for /0.0.0.0:34173 - 0 ] INFO  utils.DatanodeStoreCache (DatanodeStoreCache.java:addDB(58)) - Added db /home/runner/work/ozone/ozone/hadoop-ozone/integration-test/target/test-dir/MiniOzoneClusterImpl-9e91b504-fe86-427b-a8de-b3d8b21cdaaf/datanode-9/data-0/containers/hdds/9e91b504-fe86-427b-a8de-b3d8b21cdaaf/DS-a10a915e-6497-42f7-a9c5-bb8ca647c6b8/container.db to cache
2022-11-05 13:04:28,923 [EndpointStateMachine task thread for /0.0.0.0:34173 - 0 ] INFO  volume.HddsVolume (HddsVolume.java:createDbStore(307)) - SchemaV3 db is created and loaded at /home/runner/work/ozone/ozone/hadoop-ozone/integration-test/target/test-dir/MiniOzoneClusterImpl-9e91b504-fe86-427b-a8de-b3d8b21cdaaf/datanode-9/data-0/containers/hdds/9e91b504-fe86-427b-a8de-b3d8b21cdaaf/DS-a10a915e-6497-42f7-a9c5-bb8ca647c6b8/container.db for volume DS-a10a915e-6497-42f7-a9c5-bb8ca647c6b8
2022-11-05 13:04:28,923 [EndpointStateMachine task thread for /0.0.0.0:34173 - 0 ] INFO  ozoneimpl.OzoneContainer (OzoneContainer.java:start(378)) - Attempting to start container services.
2022-11-05 13:04:28,923 [EndpointStateMachine task thread for /0.0.0.0:34173 - 0 ] INFO  ozoneimpl.OzoneContainer (OzoneContainer.java:startContainerScrub(313)) - Background container scanner has been disabled.
2022-11-05 13:04:28,924 [EndpointStateMachine task thread for /0.0.0.0:34173 - 0 ] INFO  replication.ReplicationServer (ReplicationServer.java:start(111)) - ReplicationServer is started using port 36919
2022-11-05 13:04:28,925 [EndpointStateMachine task thread for /0.0.0.0:34173 - 0 ] INFO  ratis.XceiverServerRatis (XceiverServerRatis.java:start(481)) - Starting XceiverServerRatis b385a6e1-c61e-4aaf-9536-8cc86fe51578
2022-11-05 13:04:28,926 [EndpointStateMachine task thread for /0.0.0.0:34173 - 0 ] INFO  server.RaftServer (RaftServerProxy.java:startImpl(393)) - b385a6e1-c61e-4aaf-9536-8cc86fe51578: start RPC server
2022-11-05 13:04:28,927 [EndpointStateMachine task thread for /0.0.0.0:34173 - 0 ] INFO  server.GrpcService (GrpcService.java:startImpl(270)) - b385a6e1-c61e-4aaf-9536-8cc86fe51578: GrpcService started, listening on 36679
2022-11-05 13:04:28,927 [EndpointStateMachine task thread for /0.0.0.0:34173 - 0 ] INFO  ratis.XceiverServerRatis (XceiverServerRatis.java:getRealPort(502)) - XceiverServerRatis b385a6e1-c61e-4aaf-9536-8cc86fe51578 is started using port 36679 for RATIS
2022-11-05 13:04:28,927 [JvmPauseMonitor10] INFO  util.JvmPauseMonitor (JvmPauseMonitor.java:run(105)) - JvmPauseMonitor-b385a6e1-c61e-4aaf-9536-8cc86fe51578: Started
2022-11-05 13:04:28,927 [EndpointStateMachine task thread for /0.0.0.0:34173 - 0 ] INFO  ratis.XceiverServerRatis (XceiverServerRatis.java:getRealPort(502)) - XceiverServerRatis b385a6e1-c61e-4aaf-9536-8cc86fe51578 is started using port 36679 for RATIS_ADMIN
2022-11-05 13:04:28,927 [EndpointStateMachine task thread for /0.0.0.0:34173 - 0 ] INFO  ratis.XceiverServerRatis (XceiverServerRatis.java:getRealPort(502)) - XceiverServerRatis b385a6e1-c61e-4aaf-9536-8cc86fe51578 is started using port 36679 for RATIS_SERVER
2022-11-05 13:04:28,928 [EndpointStateMachine task thread for /0.0.0.0:34173 - 0 ] INFO  server.XceiverServerGrpc (XceiverServerGrpc.java:start(180)) - XceiverServerGrpc b385a6e1-c61e-4aaf-9536-8cc86fe51578 is started using port 37193
2022-11-05 13:04:29,191 [IPC Server handler 15 on default port 34173] INFO  net.NetworkTopologyImpl (NetworkTopologyImpl.java:add(112)) - Added a new node: /default-rack/3fdd4c6e-2961-42ba-90d3-b5f169a49f15
2022-11-05 13:04:29,191 [IPC Server handler 15 on default port 34173] INFO  node.SCMNodeManager (SCMNodeManager.java:register(397)) - Registered Data node : 3fdd4c6e-2961-42ba-90d3-b5f169a49f15{ip: 10.1.0.157, host: fv-az83-841.uavyq1izdhte5b0ne1us2eqzhb.jx.internal.cloudapp.net, ports: [REPLICATION=39061, RATIS=38617, RATIS_ADMIN=38617, RATIS_SERVER=38617, STANDALONE=41615], networkLocation: /default-rack, certSerialId: null, persistedOpState: null, persistedOpStateExpiryEpochSec: 0}
2022-11-05 13:04:29,192 [EventQueue-NewNodeForNewNodeHandler] INFO  pipeline.BackgroundPipelineCreator (BackgroundPipelineCreator.java:notifyEventTriggered(276)) - trigger a one-shot run on RatisPipelineUtilsThread.
2022-11-05 13:04:29,192 [RatisPipelineUtilsThread - 0] INFO  pipeline.RatisPipelineProvider (RatisPipelineProvider.java:lambda$create$0(195)) - Sending CreatePipelineCommand for pipeline:PipelineID=bce25ec2-b675-4632-9492-d71b9630b45a to datanode:3fdd4c6e-2961-42ba-90d3-b5f169a49f15
2022-11-05 13:04:29,193 [RatisPipelineUtilsThread - 0] INFO  pipeline.PipelineStateManagerImpl (PipelineStateManagerImpl.java:addPipeline(103)) - Created pipeline Pipeline[ Id: bce25ec2-b675-4632-9492-d71b9630b45a, Nodes: 3fdd4c6e-2961-42ba-90d3-b5f169a49f15{ip: 10.1.0.157, host: fv-az83-841.uavyq1izdhte5b0ne1us2eqzhb.jx.internal.cloudapp.net, ports: [REPLICATION=39061, RATIS=38617, RATIS_ADMIN=38617, RATIS_SERVER=38617, STANDALONE=41615], networkLocation: /default-rack, certSerialId: null, persistedOpState: IN_SERVICE, persistedOpStateExpiryEpochSec: 0}, ReplicationConfig: RATIS/ONE, State:ALLOCATED, leaderId:, CreationTimestamp2022-11-05T13:04:29.192Z[Etc/UTC]].
2022-11-05 13:04:29,382 [Command processor thread] INFO  server.RaftServer (RaftServerProxy.java:addNew(96)) - 274c4b45-19e0-452f-8d1e-585a77537937: addNew group-5C7E38E1A3A0:[274c4b45-19e0-452f-8d1e-585a77537937|rpc:10.1.0.157:40915|priority:1|startupRole:FOLLOWER] returns group-5C7E38E1A3A0:java.util.concurrent.CompletableFuture@2bcab8bd[Not completed]
2022-11-05 13:04:29,392 [pool-72-thread-1] INFO  server.RaftServer$Division (RaftServerImpl.java:<init>(195)) - 274c4b45-19e0-452f-8d1e-585a77537937: new RaftServerImpl for group-5C7E38E1A3A0:[274c4b45-19e0-452f-8d1e-585a77537937|rpc:10.1.0.157:40915|priority:1|startupRole:FOLLOWER] with ContainerStateMachine:uninitialized
2022-11-05 13:04:29,393 [pool-72-thread-1] INFO  server.RaftServerConfigKeys (ConfUtils.java:logGet(46)) - raft.server.rpc.timeout.min = 5s (custom)
2022-11-05 13:04:29,393 [pool-72-thread-1] INFO  server.RaftServerConfigKeys (ConfUtils.java:logGet(46)) - raft.server.rpc.timeout.max = 5200ms (custom)
2022-11-05 13:04:29,393 [pool-72-thread-1] INFO  server.RaftServerConfigKeys (ConfUtils.java:logGet(46)) - raft.server.rpc.sleep.time = 25ms (default)
2022-11-05 13:04:29,393 [pool-72-thread-1] INFO  server.RaftServerConfigKeys (ConfUtils.java:logGet(46)) - raft.server.rpc.slowness.timeout = 300s (custom)
2022-11-05 13:04:29,393 [pool-72-thread-1] INFO  server.RaftServerConfigKeys (ConfUtils.java:logGet(46)) - raft.server.leaderelection.leader.step-down.wait-time = 10s (default)
2022-11-05 13:04:29,393 [pool-72-thread-1] INFO  server.RaftServerConfigKeys (ConfUtils.java:logGet(46)) - raft.server.sleep.deviation.threshold = 300ms (default)
2022-11-05 13:04:29,393 [pool-72-thread-1] INFO  server.RaftServer$Division (ServerState.java:<init>(118)) - 274c4b45-19e0-452f-8d1e-585a77537937@group-5C7E38E1A3A0: ConfigurationManager, init=-1: peers:[274c4b45-19e0-452f-8d1e-585a77537937|rpc:10.1.0.157:40915|priority:1|startupRole:FOLLOWER]|listeners:[], old=null, confs=<EMPTY_MAP>
2022-11-05 13:04:29,393 [pool-72-thread-1] INFO  server.RaftServerConfigKeys (ConfUtils.java:logGet(46)) - raft.server.storage.dir = [/home/runner/work/ozone/ozone/hadoop-ozone/integration-test/target/test-dir/MiniOzoneClusterImpl-9e91b504-fe86-427b-a8de-b3d8b21cdaaf/datanode-0/data/ratis] (custom)
2022-11-05 13:04:29,393 [pool-72-thread-1] INFO  server.RaftServerConfigKeys (ConfUtils.java:logGet(46)) - raft.server.log.corruption.policy = EXCEPTION (default)
2022-11-05 13:04:29,393 [pool-72-thread-1] INFO  server.RaftServerConfigKeys (ConfUtils.java:logGet(46)) - raft.server.storage.free-space.min = 0MB (=0) (default)
2022-11-05 13:04:29,393 [pool-72-thread-1] INFO  server.RaftServerConfigKeys (ConfUtils.java:logGet(46)) - raft.server.notification.no-leader.timeout = 300s (custom)
2022-11-05 13:04:29,393 [pool-72-thread-1] INFO  server.RaftServerConfigKeys (ConfUtils.java:logGet(46)) - raft.server.retrycache.expirytime = 600000ms (custom)
2022-11-05 13:04:29,394 [pool-72-thread-1] INFO  server.RaftServerConfigKeys (ConfUtils.java:logGet(46)) - raft.server.retrycache.statistics.expirytime = 100μs (default)
2022-11-05 13:04:29,397 [pool-72-thread-1] INFO  server.RaftServerConfigKeys (ConfUtils.java:logGet(46)) - raft.server.log.appender.install.snapshot.enabled = false (custom)
2022-11-05 13:04:29,397 [pool-72-thread-1] INFO  server.RaftServerConfigKeys (ConfUtils.java:logGet(46)) - raft.server.threadpool.server.cached = true (default)
2022-11-05 13:04:29,398 [pool-72-thread-1] INFO  server.RaftServerConfigKeys (ConfUtils.java:logGet(46)) - raft.server.threadpool.server.size = 0 (default)
2022-11-05 13:04:29,398 [pool-72-thread-1] INFO  server.RaftServerConfigKeys (ConfUtils.java:logGet(46)) - raft.server.threadpool.client.cached = true (default)
2022-11-05 13:04:29,398 [pool-72-thread-1] INFO  server.RaftServerConfigKeys (ConfUtils.java:logGet(46)) - raft.server.threadpool.client.size = 0 (default)
2022-11-05 13:04:29,398 [pool-72-thread-1] INFO  storage.RaftStorageDirectory (RaftStorageDirectoryImpl.java:analyzeStorage(137)) - The storage directory /home/runner/work/ozone/ozone/hadoop-ozone/integration-test/target/test-dir/MiniOzoneClusterImpl-9e91b504-fe86-427b-a8de-b3d8b21cdaaf/datanode-0/data/ratis/258ac0c5-6325-4c13-8cc9-5c7e38e1a3a0 does not exist. Creating ...
2022-11-05 13:04:29,406 [pool-72-thread-1] INFO  storage.RaftStorageDirectory (RaftStorageDirectoryImpl.java:tryLock(231)) - Lock on /home/runner/work/ozone/ozone/hadoop-ozone/integration-test/target/test-dir/MiniOzoneClusterImpl-9e91b504-fe86-427b-a8de-b3d8b21cdaaf/datanode-0/data/ratis/258ac0c5-6325-4c13-8cc9-5c7e38e1a3a0/in_use.lock acquired by nodename 14719@fv-az83-841
2022-11-05 13:04:29,414 [pool-72-thread-1] INFO  storage.RaftStorage (RaftStorageImpl.java:format(96)) - Storage directory /home/runner/work/ozone/ozone/hadoop-ozone/integration-test/target/test-dir/MiniOzoneClusterImpl-9e91b504-fe86-427b-a8de-b3d8b21cdaaf/datanode-0/data/ratis/258ac0c5-6325-4c13-8cc9-5c7e38e1a3a0 has been successfully formatted.
2022-11-05 13:04:29,419 [pool-72-thread-1] INFO  ratis.ContainerStateMachine (ContainerStateMachine.java:loadSnapshot(236)) - group-5C7E38E1A3A0: The snapshot info is null. Setting the last applied indexto:(t:0, i:~)
2022-11-05 13:04:29,422 [EventQueue-PipelineReportForPipelineReportHandler] INFO  pipeline.PipelineManagerImpl (PipelineManagerImpl.java:openPipeline(367)) - Pipeline Pipeline[ Id: 258ac0c5-6325-4c13-8cc9-5c7e38e1a3a0, Nodes: 274c4b45-19e0-452f-8d1e-585a77537937{ip: 10.1.0.157, host: fv-az83-841.uavyq1izdhte5b0ne1us2eqzhb.jx.internal.cloudapp.net, ports: [REPLICATION=43707, RATIS=40915, RATIS_ADMIN=40915, RATIS_SERVER=40915, STANDALONE=38195], networkLocation: /default-rack, certSerialId: null, persistedOpState: IN_SERVICE, persistedOpStateExpiryEpochSec: 0}, ReplicationConfig: RATIS/ONE, State:ALLOCATED, leaderId:274c4b45-19e0-452f-8d1e-585a77537937, CreationTimestamp2022-11-05T13:04:26.392Z[Etc/UTC]] moved to OPEN state
2022-11-05 13:04:29,424 [pool-72-thread-1] INFO  server.RaftServerConfigKeys (ConfUtils.java:logGet(46)) - raft.server.log.use.memory = false (default)
2022-11-05 13:04:29,424 [pool-72-thread-1] INFO  server.RaftServerConfigKeys (ConfUtils.java:logGet(46)) - raft.server.log.purge.gap = 1000000 (custom)
2022-11-05 13:04:29,424 [pool-72-thread-1] INFO  server.RaftServerConfigKeys (ConfUtils.java:logGet(46)) - raft.server.log.appender.buffer.byte-limit = 33554432 (custom)
2022-11-05 13:04:29,424 [pool-72-thread-1] INFO  server.RaftServerConfigKeys (ConfUtils.java:logGet(46)) - raft.server.log.statemachine.data.read.timeout = 1000ms (default)
2022-11-05 13:04:29,424 [pool-72-thread-1] INFO  server.RaftServerConfigKeys (ConfUtils.java:logGet(46)) - raft.server.log.purge.preservation.log.num = 0 (default)
2022-11-05 13:04:29,424 [pool-72-thread-1] INFO  server.RaftServerConfigKeys (ConfUtils.java:logGet(46)) - raft.server.log.segment.size.max = 1048576 (custom)
2022-11-05 13:04:29,425 [pool-72-thread-1] INFO  server.RaftServerConfigKeys (ConfUtils.java:logGet(46)) - raft.server.log.segment.cache.num.max = 2 (custom)
2022-11-05 13:04:29,426 [pool-72-thread-1] INFO  server.RaftServerConfigKeys (ConfUtils.java:logGet(46)) - raft.server.log.segment.cache.size.max = 200MB (=209715200) (default)
2022-11-05 13:04:29,426 [pool-72-thread-1] INFO  segmented.SegmentedRaftLogWorker (SegmentedRaftLogWorker.java:<init>(191)) - new 274c4b45-19e0-452f-8d1e-585a77537937@group-5C7E38E1A3A0-SegmentedRaftLogWorker for RaftStorageImpl:Storage Directory /home/runner/work/ozone/ozone/hadoop-ozone/integration-test/target/test-dir/MiniOzoneClusterImpl-9e91b504-fe86-427b-a8de-b3d8b21cdaaf/datanode-0/data/ratis/258ac0c5-6325-4c13-8cc9-5c7e38e1a3a0
2022-11-05 13:04:29,426 [pool-72-thread-1] INFO  server.RaftServerConfigKeys (ConfUtils.java:logGet(46)) - raft.server.log.queue.byte-limit = 4294967296 (custom)
2022-11-05 13:04:29,426 [pool-72-thread-1] INFO  server.RaftServerConfigKeys (ConfUtils.java:logGet(46)) - raft.server.log.queue.element-limit = 1024 (custom)
2022-11-05 13:04:29,426 [pool-72-thread-1] INFO  server.RaftServerConfigKeys (ConfUtils.java:logGet(46)) - raft.server.log.segment.size.max = 1048576 (custom)
2022-11-05 13:04:29,426 [pool-72-thread-1] INFO  server.RaftServerConfigKeys (ConfUtils.java:logGet(46)) - raft.server.log.preallocated.size = 16384 (custom)
2022-11-05 13:04:29,426 [pool-72-thread-1] INFO  server.RaftServerConfigKeys (ConfUtils.java:logGet(46)) - raft.server.log.force.sync.num = 128 (default)
2022-11-05 13:04:29,426 [pool-72-thread-1] INFO  server.RaftServerConfigKeys (ConfUtils.java:logGet(46)) - raft.server.log.statemachine.data.sync = true (default)
2022-11-05 13:04:29,426 [pool-72-thread-1] INFO  server.RaftServerConfigKeys (ConfUtils.java:logGet(46)) - raft.server.log.statemachine.data.sync.timeout = 10s (default)
2022-11-05 13:04:29,426 [pool-72-thread-1] INFO  server.RaftServerConfigKeys (ConfUtils.java:logGet(46)) - raft.server.log.statemachine.data.sync.timeout.retry = -1 (default)
2022-11-05 13:04:29,432 [pool-72-thread-1] INFO  server.RaftServerConfigKeys (ConfUtils.java:logGet(46)) - raft.server.log.write.buffer.size = 1048576 (custom)
2022-11-05 13:04:29,433 [pool-72-thread-1] INFO  server.RaftServerConfigKeys (ConfUtils.java:logGet(46)) - raft.server.log.unsafe-flush.enabled = false (default)
2022-11-05 13:04:29,433 [pool-72-thread-1] INFO  server.RaftServerConfigKeys (ConfUtils.java:logGet(46)) - raft.server.log.async-flush.enabled = false (default)
2022-11-05 13:04:29,433 [pool-72-thread-1] INFO  server.RaftServerConfigKeys (ConfUtils.java:logGet(46)) - raft.server.log.statemachine.data.caching.enabled = true (custom)
2022-11-05 13:04:29,433 [pool-72-thread-1] INFO  segmented.SegmentedRaftLogWorker (SegmentedRaftLogWorker.java:lambda$new$0(136)) - 274c4b45-19e0-452f-8d1e-585a77537937@group-5C7E38E1A3A0-SegmentedRaftLogWorker: flushIndex: setUnconditionally 0 -> -1
2022-11-05 13:04:29,433 [pool-72-thread-1] INFO  segmented.SegmentedRaftLogWorker (SegmentedRaftLogWorker.java:lambda$new$0(136)) - 274c4b45-19e0-452f-8d1e-585a77537937@group-5C7E38E1A3A0-SegmentedRaftLogWorker: safeCacheEvictIndex: setUnconditionally 0 -> -1
2022-11-05 13:04:29,434 [EventQueue-OpenPipelineForHealthyPipelineSafeModeRule] INFO  safemode.SCMSafeModeManager (HealthyPipelineSafeModeRule.java:process(137)) - SCM in safe mode. Healthy pipelines reported count is 0, required healthy pipeline reported count is 1
2022-11-05 13:04:29,439 [pool-72-thread-1] INFO  server.RaftServer$Division (RaftServerImpl.java:start(334)) - 274c4b45-19e0-452f-8d1e-585a77537937@group-5C7E38E1A3A0: start as a follower, conf=-1: peers:[274c4b45-19e0-452f-8d1e-585a77537937|rpc:10.1.0.157:40915|priority:1|startupRole:FOLLOWER]|listeners:[], old=null
2022-11-05 13:04:29,439 [pool-72-thread-1] INFO  server.RaftServer$Division (RaftServerImpl.java:setRole(321)) - 274c4b45-19e0-452f-8d1e-585a77537937@group-5C7E38E1A3A0: changes role from      null to FOLLOWER at term 0 for startAsFollower
2022-11-05 13:04:29,439 [pool-72-thread-1] INFO  impl.RoleInfo (RoleInfo.java:updateAndGet(139)) - 274c4b45-19e0-452f-8d1e-585a77537937: start 274c4b45-19e0-452f-8d1e-585a77537937@group-5C7E38E1A3A0-FollowerState
2022-11-05 13:04:29,440 [274c4b45-19e0-452f-8d1e-585a77537937@group-5C7E38E1A3A0-FollowerState] INFO  server.RaftServerConfigKeys (ConfUtils.java:logFallback(53)) - raft.server.rpc.first-election.timeout.min = 5s (fallback to raft.server.rpc.timeout.min)
2022-11-05 13:04:29,440 [274c4b45-19e0-452f-8d1e-585a77537937@group-5C7E38E1A3A0-FollowerState] INFO  server.RaftServerConfigKeys (ConfUtils.java:logFallback(53)) - raft.server.rpc.first-election.timeout.max = 5200ms (fallback to raft.server.rpc.timeout.max)
2022-11-05 13:04:29,440 [pool-72-thread-1] INFO  util.JmxRegister (JmxRegister.java:tryRegister(44)) - Successfully registered JMX Bean with object name Ratis:service=RaftServer,group=group-5C7E38E1A3A0,id=274c4b45-19e0-452f-8d1e-585a77537937
2022-11-05 13:04:29,440 [pool-72-thread-1] INFO  server.RaftServerConfigKeys (ConfUtils.java:logGet(46)) - raft.server.snapshot.auto.trigger.enabled = true (custom)
2022-11-05 13:04:29,440 [pool-72-thread-1] INFO  server.RaftServerConfigKeys (ConfUtils.java:logGet(46)) - raft.server.snapshot.auto.trigger.threshold = 10000 (custom)
2022-11-05 13:04:29,440 [pool-72-thread-1] INFO  server.RaftServerConfigKeys (ConfUtils.java:logGet(46)) - raft.server.snapshot.retention.file.num = 5 (custom)
2022-11-05 13:04:29,440 [pool-72-thread-1] INFO  server.RaftServerConfigKeys (ConfUtils.java:logGet(46)) - raft.server.log.purge.upto.snapshot.index = false (default)
2022-11-05 13:04:29,450 [Command processor thread] INFO  ratis.XceiverServerRatis (XceiverServerRatis.java:addGroup(765)) - Created group PipelineID=258ac0c5-6325-4c13-8cc9-5c7e38e1a3a0
2022-11-05 13:04:29,451 [Command processor thread] INFO  commandhandler.CreatePipelineCommandHandler (CreatePipelineCommandHandler.java:handle(113)) - Created Pipeline RATIS ONE PipelineID=258ac0c5-6325-4c13-8cc9-5c7e38e1a3a0.
2022-11-05 13:04:29,451 [Command processor thread] INFO  server.RaftServer (RaftServerProxy.java:addNew(96)) - 274c4b45-19e0-452f-8d1e-585a77537937: addNew group-B6D24B272EC8:[274c4b45-19e0-452f-8d1e-585a77537937|rpc:10.1.0.157:40915|priority:0|startupRole:FOLLOWER, 97cc06fc-4025-4c76-bebd-c1d7b79fe413|rpc:10.1.0.157:40151|priority:1|startupRole:FOLLOWER, c56757ad-2923-4297-8741-c606545d9a52|rpc:10.1.0.157:45683|priority:0|startupRole:FOLLOWER] returns group-B6D24B272EC8:java.util.concurrent.CompletableFuture@6d5efe84[Not completed]
2022-11-05 13:04:29,452 [pool-72-thread-1] INFO  server.RaftServer$Division (RaftServerImpl.java:<init>(195)) - 274c4b45-19e0-452f-8d1e-585a77537937: new RaftServerImpl for group-B6D24B272EC8:[274c4b45-19e0-452f-8d1e-585a77537937|rpc:10.1.0.157:40915|priority:0|startupRole:FOLLOWER, 97cc06fc-4025-4c76-bebd-c1d7b79fe413|rpc:10.1.0.157:40151|priority:1|startupRole:FOLLOWER, c56757ad-2923-4297-8741-c606545d9a52|rpc:10.1.0.157:45683|priority:0|startupRole:FOLLOWER] with ContainerStateMachine:uninitialized
2022-11-05 13:04:29,452 [pool-72-thread-1] INFO  server.RaftServerConfigKeys (ConfUtils.java:logGet(46)) - raft.server.rpc.timeout.min = 5s (custom)
2022-11-05 13:04:29,452 [pool-72-thread-1] INFO  server.RaftServerConfigKeys (ConfUtils.java:logGet(46)) - raft.server.rpc.timeout.max = 5200ms (custom)
2022-11-05 13:04:29,452 [pool-72-thread-1] INFO  server.RaftServerConfigKeys (ConfUtils.java:logGet(46)) - raft.server.rpc.sleep.time = 25ms (default)
2022-11-05 13:04:29,452 [pool-72-thread-1] INFO  server.RaftServerConfigKeys (ConfUtils.java:logGet(46)) - raft.server.rpc.slowness.timeout = 300s (custom)
2022-11-05 13:04:29,452 [pool-72-thread-1] INFO  server.RaftServerConfigKeys (ConfUtils.java:logGet(46)) - raft.server.leaderelection.leader.step-down.wait-time = 10s (default)
2022-11-05 13:04:29,452 [pool-72-thread-1] INFO  server.RaftServerConfigKeys (ConfUtils.java:logGet(46)) - raft.server.sleep.deviation.threshold = 300ms (default)
2022-11-05 13:04:29,453 [pool-72-thread-1] INFO  server.RaftServer$Division (ServerState.java:<init>(118)) - 274c4b45-19e0-452f-8d1e-585a77537937@group-B6D24B272EC8: ConfigurationManager, init=-1: peers:[274c4b45-19e0-452f-8d1e-585a77537937|rpc:10.1.0.157:40915|priority:0|startupRole:FOLLOWER, 97cc06fc-4025-4c76-bebd-c1d7b79fe413|rpc:10.1.0.157:40151|priority:1|startupRole:FOLLOWER, c56757ad-2923-4297-8741-c606545d9a52|rpc:10.1.0.157:45683|priority:0|startupRole:FOLLOWER]|listeners:[], old=null, confs=<EMPTY_MAP>
2022-11-05 13:04:29,453 [pool-72-thread-1] INFO  server.RaftServerConfigKeys (ConfUtils.java:logGet(46)) - raft.server.storage.dir = [/home/runner/work/ozone/ozone/hadoop-ozone/integration-test/target/test-dir/MiniOzoneClusterImpl-9e91b504-fe86-427b-a8de-b3d8b21cdaaf/datanode-0/data/ratis] (custom)
2022-11-05 13:04:29,453 [pool-72-thread-1] INFO  server.RaftServerConfigKeys (ConfUtils.java:logGet(46)) - raft.server.log.corruption.policy = EXCEPTION (default)
2022-11-05 13:04:29,453 [pool-72-thread-1] INFO  server.RaftServerConfigKeys (ConfUtils.java:logGet(46)) - raft.server.storage.free-space.min = 0MB (=0) (default)
2022-11-05 13:04:29,453 [pool-72-thread-1] INFO  server.RaftServerConfigKeys (ConfUtils.java:logGet(46)) - raft.server.notification.no-leader.timeout = 300s (custom)
2022-11-05 13:04:29,453 [pool-72-thread-1] INFO  server.RaftServerConfigKeys (ConfUtils.java:logGet(46)) - raft.server.retrycache.expirytime = 600000ms (custom)
2022-11-05 13:04:29,453 [pool-72-thread-1] INFO  server.RaftServerConfigKeys (ConfUtils.java:logGet(46)) - raft.server.retrycache.statistics.expirytime = 100μs (default)
2022-11-05 13:04:29,455 [pool-72-thread-1] INFO  server.RaftServerConfigKeys (ConfUtils.java:logGet(46)) - raft.server.log.appender.install.snapshot.enabled = false (custom)
2022-11-05 13:04:29,456 [pool-72-thread-1] INFO  server.RaftServerConfigKeys (ConfUtils.java:logGet(46)) - raft.server.threadpool.server.cached = true (default)
2022-11-05 13:04:29,456 [pool-72-thread-1] INFO  server.RaftServerConfigKeys (ConfUtils.java:logGet(46)) - raft.server.threadpool.server.size = 0 (default)
2022-11-05 13:04:29,456 [pool-72-thread-1] INFO  server.RaftServerConfigKeys (ConfUtils.java:logGet(46)) - raft.server.threadpool.client.cached = true (default)
2022-11-05 13:04:29,456 [pool-72-thread-1] INFO  server.RaftServerConfigKeys (ConfUtils.java:logGet(46)) - raft.server.threadpool.client.size = 0 (default)
2022-11-05 13:04:29,456 [pool-72-thread-1] INFO  storage.RaftStorageDirectory (RaftStorageDirectoryImpl.java:analyzeStorage(137)) - The storage directory /home/runner/work/ozone/ozone/hadoop-ozone/integration-test/target/test-dir/MiniOzoneClusterImpl-9e91b504-fe86-427b-a8de-b3d8b21cdaaf/datanode-0/data/ratis/1af4fafc-e7d0-4d63-a3c2-b6d24b272ec8 does not exist. Creating ...
2022-11-05 13:04:29,468 [pool-72-thread-1] INFO  storage.RaftStorageDirectory (RaftStorageDirectoryImpl.java:tryLock(231)) - Lock on /home/runner/work/ozone/ozone/hadoop-ozone/integration-test/target/test-dir/MiniOzoneClusterImpl-9e91b504-fe86-427b-a8de-b3d8b21cdaaf/datanode-0/data/ratis/1af4fafc-e7d0-4d63-a3c2-b6d24b272ec8/in_use.lock acquired by nodename 14719@fv-az83-841
2022-11-05 13:04:29,478 [pool-72-thread-1] INFO  storage.RaftStorage (RaftStorageImpl.java:format(96)) - Storage directory /home/runner/work/ozone/ozone/hadoop-ozone/integration-test/target/test-dir/MiniOzoneClusterImpl-9e91b504-fe86-427b-a8de-b3d8b21cdaaf/datanode-0/data/ratis/1af4fafc-e7d0-4d63-a3c2-b6d24b272ec8 has been successfully formatted.
2022-11-05 13:04:29,478 [pool-72-thread-1] INFO  ratis.ContainerStateMachine (ContainerStateMachine.java:loadSnapshot(236)) - group-B6D24B272EC8: The snapshot info is null. Setting the last applied indexto:(t:0, i:~)
2022-11-05 13:04:29,479 [pool-72-thread-1] INFO  server.RaftServerConfigKeys (ConfUtils.java:logGet(46)) - raft.server.log.use.memory = false (default)
2022-11-05 13:04:29,479 [pool-72-thread-1] INFO  server.RaftServerConfigKeys (ConfUtils.java:logGet(46)) - raft.server.log.purge.gap = 1000000 (custom)
2022-11-05 13:04:29,479 [pool-72-thread-1] INFO  server.RaftServerConfigKeys (ConfUtils.java:logGet(46)) - raft.server.log.appender.buffer.byte-limit = 33554432 (custom)
2022-11-05 13:04:29,479 [pool-72-thread-1] INFO  server.RaftServerConfigKeys (ConfUtils.java:logGet(46)) - raft.server.log.statemachine.data.read.timeout = 1000ms (default)
2022-11-05 13:04:29,479 [pool-72-thread-1] INFO  server.RaftServerConfigKeys (ConfUtils.java:logGet(46)) - raft.server.log.purge.preservation.log.num = 0 (default)
2022-11-05 13:04:29,480 [pool-72-thread-1] INFO  server.RaftServerConfigKeys (ConfUtils.java:logGet(46)) - raft.server.log.segment.size.max = 1048576 (custom)
2022-11-05 13:04:29,481 [pool-72-thread-1] INFO  server.RaftServerConfigKeys (ConfUtils.java:logGet(46)) - raft.server.log.segment.cache.num.max = 2 (custom)
2022-11-05 13:04:29,481 [pool-72-thread-1] INFO  server.RaftServerConfigKeys (ConfUtils.java:logGet(46)) - raft.server.log.segment.cache.size.max = 200MB (=209715200) (default)
2022-11-05 13:04:29,481 [pool-72-thread-1] INFO  segmented.SegmentedRaftLogWorker (SegmentedRaftLogWorker.java:<init>(191)) - new 274c4b45-19e0-452f-8d1e-585a77537937@group-B6D24B272EC8-SegmentedRaftLogWorker for RaftStorageImpl:Storage Directory /home/runner/work/ozone/ozone/hadoop-ozone/integration-test/target/test-dir/MiniOzoneClusterImpl-9e91b504-fe86-427b-a8de-b3d8b21cdaaf/datanode-0/data/ratis/1af4fafc-e7d0-4d63-a3c2-b6d24b272ec8
2022-11-05 13:04:29,481 [pool-72-thread-1] INFO  server.RaftServerConfigKeys (ConfUtils.java:logGet(46)) - raft.server.log.queue.byte-limit = 4294967296 (custom)
2022-11-05 13:04:29,481 [pool-72-thread-1] INFO  server.RaftServerConfigKeys (ConfUtils.java:logGet(46)) - raft.server.log.queue.element-limit = 1024 (custom)
2022-11-05 13:04:29,481 [pool-72-thread-1] INFO  server.RaftServerConfigKeys (ConfUtils.java:logGet(46)) - raft.server.log.segment.size.max = 1048576 (custom)
2022-11-05 13:04:29,481 [pool-72-thread-1] INFO  server.RaftServerConfigKeys (ConfUtils.java:logGet(46)) - raft.server.log.preallocated.size = 16384 (custom)
2022-11-05 13:04:29,481 [pool-72-thread-1] INFO  server.RaftServerConfigKeys (ConfUtils.java:logGet(46)) - raft.server.log.force.sync.num = 128 (default)
2022-11-05 13:04:29,481 [pool-72-thread-1] INFO  server.RaftServerConfigKeys (ConfUtils.java:logGet(46)) - raft.server.log.statemachine.data.sync = true (default)
2022-11-05 13:04:29,481 [pool-72-thread-1] INFO  server.RaftServerConfigKeys (ConfUtils.java:logGet(46)) - raft.server.log.statemachine.data.sync.timeout = 10s (default)
2022-11-05 13:04:29,481 [pool-72-thread-1] INFO  server.RaftServerConfigKeys (ConfUtils.java:logGet(46)) - raft.server.log.statemachine.data.sync.timeout.retry = -1 (default)
2022-11-05 13:04:29,489 [EventQueue-OpenPipelineForHealthyPipelineSafeModeRule] INFO  safemode.SCMSafeModeManager (HealthyPipelineSafeModeRule.java:process(137)) - SCM in safe mode. Healthy pipelines reported count is 0, required healthy pipeline reported count is 1
2022-11-05 13:04:29,491 [pool-72-thread-1] INFO  server.RaftServerConfigKeys (ConfUtils.java:logGet(46)) - raft.server.log.write.buffer.size = 1048576 (custom)
2022-11-05 13:04:29,492 [pool-72-thread-1] INFO  server.RaftServerConfigKeys (ConfUtils.java:logGet(46)) - raft.server.log.unsafe-flush.enabled = false (default)
2022-11-05 13:04:29,492 [pool-72-thread-1] INFO  server.RaftServerConfigKeys (ConfUtils.java:logGet(46)) - raft.server.log.async-flush.enabled = false (default)
2022-11-05 13:04:29,492 [pool-72-thread-1] INFO  server.RaftServerConfigKeys (ConfUtils.java:logGet(46)) - raft.server.log.statemachine.data.caching.enabled = true (custom)
2022-11-05 13:04:29,492 [pool-72-thread-1] INFO  segmented.SegmentedRaftLogWorker (SegmentedRaftLogWorker.java:lambda$new$0(136)) - 274c4b45-19e0-452f-8d1e-585a77537937@group-B6D24B272EC8-SegmentedRaftLogWorker: flushIndex: setUnconditionally 0 -> -1
2022-11-05 13:04:29,492 [pool-72-thread-1] INFO  segmented.SegmentedRaftLogWorker (SegmentedRaftLogWorker.java:lambda$new$0(136)) - 274c4b45-19e0-452f-8d1e-585a77537937@group-B6D24B272EC8-SegmentedRaftLogWorker: safeCacheEvictIndex: setUnconditionally 0 -> -1
2022-11-05 13:04:29,494 [pool-72-thread-1] INFO  server.RaftServer$Division (RaftServerImpl.java:start(334)) - 274c4b45-19e0-452f-8d1e-585a77537937@group-B6D24B272EC8: start as a follower, conf=-1: peers:[274c4b45-19e0-452f-8d1e-585a77537937|rpc:10.1.0.157:40915|priority:0|startupRole:FOLLOWER, 97cc06fc-4025-4c76-bebd-c1d7b79fe413|rpc:10.1.0.157:40151|priority:1|startupRole:FOLLOWER, c56757ad-2923-4297-8741-c606545d9a52|rpc:10.1.0.157:45683|priority:0|startupRole:FOLLOWER]|listeners:[], old=null
2022-11-05 13:04:29,494 [pool-72-thread-1] INFO  server.RaftServer$Division (RaftServerImpl.java:setRole(321)) - 274c4b45-19e0-452f-8d1e-585a77537937@group-B6D24B272EC8: changes role from      null to FOLLOWER at term 0 for startAsFollower
2022-11-05 13:04:29,495 [pool-72-thread-1] INFO  impl.RoleInfo (RoleInfo.java:updateAndGet(139)) - 274c4b45-19e0-452f-8d1e-585a77537937: start 274c4b45-19e0-452f-8d1e-585a77537937@group-B6D24B272EC8-FollowerState
2022-11-05 13:04:29,496 [pool-72-thread-1] INFO  util.JmxRegister (JmxRegister.java:tryRegister(44)) - Successfully registered JMX Bean with object name Ratis:service=RaftServer,group=group-B6D24B272EC8,id=274c4b45-19e0-452f-8d1e-585a77537937
2022-11-05 13:04:29,496 [pool-72-thread-1] INFO  server.RaftServerConfigKeys (ConfUtils.java:logGet(46)) - raft.server.snapshot.auto.trigger.enabled = true (custom)
2022-11-05 13:04:29,496 [pool-72-thread-1] INFO  server.RaftServerConfigKeys (ConfUtils.java:logGet(46)) - raft.server.snapshot.auto.trigger.threshold = 10000 (custom)
2022-11-05 13:04:29,496 [pool-72-thread-1] INFO  server.RaftServerConfigKeys (ConfUtils.java:logGet(46)) - raft.server.snapshot.retention.file.num = 5 (custom)
2022-11-05 13:04:29,496 [pool-72-thread-1] INFO  server.RaftServerConfigKeys (ConfUtils.java:logGet(46)) - raft.server.log.purge.upto.snapshot.index = false (default)
2022-11-05 13:04:29,501 [Command processor thread] INFO  ratis.XceiverServerRatis (XceiverServerRatis.java:addGroup(765)) - Created group PipelineID=1af4fafc-e7d0-4d63-a3c2-b6d24b272ec8
2022-11-05 13:04:29,502 [274c4b45-19e0-452f-8d1e-585a77537937@group-B6D24B272EC8-FollowerState] INFO  server.RaftServerConfigKeys (ConfUtils.java:logFallback(53)) - raft.server.rpc.first-election.timeout.min = 5s (fallback to raft.server.rpc.timeout.min)
2022-11-05 13:04:29,502 [274c4b45-19e0-452f-8d1e-585a77537937@group-B6D24B272EC8-FollowerState] INFO  server.RaftServerConfigKeys (ConfUtils.java:logFallback(53)) - raft.server.rpc.first-election.timeout.max = 5200ms (fallback to raft.server.rpc.timeout.max)
2022-11-05 13:04:29,638 [IPC Server handler 16 on default port 34173] INFO  net.NetworkTopologyImpl (NetworkTopologyImpl.java:add(112)) - Added a new node: /default-rack/81de4557-c158-4718-93a8-b16ff7f8daad
2022-11-05 13:04:29,638 [IPC Server handler 16 on default port 34173] INFO  node.SCMNodeManager (SCMNodeManager.java:register(397)) - Registered Data node : 81de4557-c158-4718-93a8-b16ff7f8daad{ip: 10.1.0.157, host: fv-az83-841.uavyq1izdhte5b0ne1us2eqzhb.jx.internal.cloudapp.net, ports: [REPLICATION=38531, RATIS=42037, RATIS_ADMIN=42037, RATIS_SERVER=42037, STANDALONE=40833], networkLocation: /default-rack, certSerialId: null, persistedOpState: null, persistedOpStateExpiryEpochSec: 0}
2022-11-05 13:04:29,639 [EventQueue-NewNodeForNewNodeHandler] INFO  pipeline.BackgroundPipelineCreator (BackgroundPipelineCreator.java:notifyEventTriggered(276)) - trigger a one-shot run on RatisPipelineUtilsThread.
2022-11-05 13:04:29,639 [RatisPipelineUtilsThread - 0] INFO  pipeline.RatisPipelineProvider (RatisPipelineProvider.java:lambda$create$0(195)) - Sending CreatePipelineCommand for pipeline:PipelineID=cf3d396f-1234-4b07-aa13-0e2e749c66ff to datanode:81de4557-c158-4718-93a8-b16ff7f8daad
2022-11-05 13:04:29,640 [RatisPipelineUtilsThread - 0] INFO  pipeline.PipelineStateManagerImpl (PipelineStateManagerImpl.java:addPipeline(103)) - Created pipeline Pipeline[ Id: cf3d396f-1234-4b07-aa13-0e2e749c66ff, Nodes: 81de4557-c158-4718-93a8-b16ff7f8daad{ip: 10.1.0.157, host: fv-az83-841.uavyq1izdhte5b0ne1us2eqzhb.jx.internal.cloudapp.net, ports: [REPLICATION=38531, RATIS=42037, RATIS_ADMIN=42037, RATIS_SERVER=42037, STANDALONE=40833], networkLocation: /default-rack, certSerialId: null, persistedOpState: IN_SERVICE, persistedOpStateExpiryEpochSec: 0}, ReplicationConfig: RATIS/ONE, State:ALLOCATED, leaderId:, CreationTimestamp2022-11-05T13:04:29.639Z[Etc/UTC]].
2022-11-05 13:04:29,723 [Listener at 127.0.0.1/34735] INFO  ozone.MiniOzoneClusterImpl (MiniOzoneClusterImpl.java:lambda$waitForClusterToBeReady$0(216)) - Waiting for nodes to be ready. Got 8 of 10 DN Heartbeats.
2022-11-05 13:04:29,723 [Listener at 127.0.0.1/34735] INFO  ozone.MiniOzoneClusterImpl (MiniOzoneClusterImpl.java:lambda$waitForClusterToBeReady$0(219)) - Waiting for cluster to exit safe mode
2022-11-05 13:04:29,723 [Listener at 127.0.0.1/34735] INFO  ozone.MiniOzoneClusterImpl (MiniOzoneClusterImpl.java:lambda$waitForClusterToBeReady$0(221)) - SCM became leader
2022-11-05 13:04:29,896 [Command processor thread] INFO  server.RaftServer (RaftServerProxy.java:addNew(96)) - 97cc06fc-4025-4c76-bebd-c1d7b79fe413: addNew group-D28A8C342F3E:[97cc06fc-4025-4c76-bebd-c1d7b79fe413|rpc:10.1.0.157:40151|priority:1|startupRole:FOLLOWER] returns group-D28A8C342F3E:java.util.concurrent.CompletableFuture@2c4bfbb6[Not completed]
2022-11-05 13:04:29,918 [pool-95-thread-1] INFO  server.RaftServer$Division (RaftServerImpl.java:<init>(195)) - 97cc06fc-4025-4c76-bebd-c1d7b79fe413: new RaftServerImpl for group-D28A8C342F3E:[97cc06fc-4025-4c76-bebd-c1d7b79fe413|rpc:10.1.0.157:40151|priority:1|startupRole:FOLLOWER] with ContainerStateMachine:uninitialized
2022-11-05 13:04:29,918 [pool-95-thread-1] INFO  server.RaftServerConfigKeys (ConfUtils.java:logGet(46)) - raft.server.rpc.timeout.min = 5s (custom)
2022-11-05 13:04:29,919 [pool-95-thread-1] INFO  server.RaftServerConfigKeys (ConfUtils.java:logGet(46)) - raft.server.rpc.timeout.max = 5200ms (custom)
2022-11-05 13:04:29,919 [pool-95-thread-1] INFO  server.RaftServerConfigKeys (ConfUtils.java:logGet(46)) - raft.server.rpc.sleep.time = 25ms (default)
2022-11-05 13:04:29,919 [pool-95-thread-1] INFO  server.RaftServerConfigKeys (ConfUtils.java:logGet(46)) - raft.server.rpc.slowness.timeout = 300s (custom)
2022-11-05 13:04:29,919 [pool-95-thread-1] INFO  server.RaftServerConfigKeys (ConfUtils.java:logGet(46)) - raft.server.leaderelection.leader.step-down.wait-time = 10s (default)
2022-11-05 13:04:29,919 [pool-95-thread-1] INFO  server.RaftServerConfigKeys (ConfUtils.java:logGet(46)) - raft.server.sleep.deviation.threshold = 300ms (default)
2022-11-05 13:04:29,919 [pool-95-thread-1] INFO  server.RaftServer$Division (ServerState.java:<init>(118)) - 97cc06fc-4025-4c76-bebd-c1d7b79fe413@group-D28A8C342F3E: ConfigurationManager, init=-1: peers:[97cc06fc-4025-4c76-bebd-c1d7b79fe413|rpc:10.1.0.157:40151|priority:1|startupRole:FOLLOWER]|listeners:[], old=null, confs=<EMPTY_MAP>
2022-11-05 13:04:29,919 [pool-95-thread-1] INFO  server.RaftServerConfigKeys (ConfUtils.java:logGet(46)) - raft.server.storage.dir = [/home/runner/work/ozone/ozone/hadoop-ozone/integration-test/target/test-dir/MiniOzoneClusterImpl-9e91b504-fe86-427b-a8de-b3d8b21cdaaf/datanode-1/data/ratis] (custom)
2022-11-05 13:04:29,919 [pool-95-thread-1] INFO  server.RaftServerConfigKeys (ConfUtils.java:logGet(46)) - raft.server.log.corruption.policy = EXCEPTION (default)
2022-11-05 13:04:29,919 [pool-95-thread-1] INFO  server.RaftServerConfigKeys (ConfUtils.java:logGet(46)) - raft.server.storage.free-space.min = 0MB (=0) (default)
2022-11-05 13:04:29,921 [pool-95-thread-1] INFO  server.RaftServerConfigKeys (ConfUtils.java:logGet(46)) - raft.server.notification.no-leader.timeout = 300s (custom)
2022-11-05 13:04:29,922 [pool-95-thread-1] INFO  server.RaftServerConfigKeys (ConfUtils.java:logGet(46)) - raft.server.retrycache.expirytime = 600000ms (custom)
2022-11-05 13:04:29,922 [pool-95-thread-1] INFO  server.RaftServerConfigKeys (ConfUtils.java:logGet(46)) - raft.server.retrycache.statistics.expirytime = 100μs (default)
2022-11-05 13:04:29,932 [pool-95-thread-1] INFO  server.RaftServerConfigKeys (ConfUtils.java:logGet(46)) - raft.server.log.appender.install.snapshot.enabled = false (custom)
2022-11-05 13:04:29,932 [pool-95-thread-1] INFO  server.RaftServerConfigKeys (ConfUtils.java:logGet(46)) - raft.server.threadpool.server.cached = true (default)
2022-11-05 13:04:29,932 [pool-95-thread-1] INFO  server.RaftServerConfigKeys (ConfUtils.java:logGet(46)) - raft.server.threadpool.server.size = 0 (default)
2022-11-05 13:04:29,932 [pool-95-thread-1] INFO  server.RaftServerConfigKeys (ConfUtils.java:logGet(46)) - raft.server.threadpool.client.cached = true (default)
2022-11-05 13:04:29,932 [pool-95-thread-1] INFO  server.RaftServerConfigKeys (ConfUtils.java:logGet(46)) - raft.server.threadpool.client.size = 0 (default)
2022-11-05 13:04:29,932 [pool-95-thread-1] INFO  storage.RaftStorageDirectory (RaftStorageDirectoryImpl.java:analyzeStorage(137)) - The storage directory /home/runner/work/ozone/ozone/hadoop-ozone/integration-test/target/test-dir/MiniOzoneClusterImpl-9e91b504-fe86-427b-a8de-b3d8b21cdaaf/datanode-1/data/ratis/fc5e458a-f93d-4dbf-8096-d28a8c342f3e does not exist. Creating ...
2022-11-05 13:04:29,940 [pool-95-thread-1] INFO  storage.RaftStorageDirectory (RaftStorageDirectoryImpl.java:tryLock(231)) - Lock on /home/runner/work/ozone/ozone/hadoop-ozone/integration-test/target/test-dir/MiniOzoneClusterImpl-9e91b504-fe86-427b-a8de-b3d8b21cdaaf/datanode-1/data/ratis/fc5e458a-f93d-4dbf-8096-d28a8c342f3e/in_use.lock acquired by nodename 14719@fv-az83-841
2022-11-05 13:04:29,947 [pool-95-thread-1] INFO  storage.RaftStorage (RaftStorageImpl.java:format(96)) - Storage directory /home/runner/work/ozone/ozone/hadoop-ozone/integration-test/target/test-dir/MiniOzoneClusterImpl-9e91b504-fe86-427b-a8de-b3d8b21cdaaf/datanode-1/data/ratis/fc5e458a-f93d-4dbf-8096-d28a8c342f3e has been successfully formatted.
2022-11-05 13:04:29,949 [pool-95-thread-1] INFO  ratis.ContainerStateMachine (ContainerStateMachine.java:loadSnapshot(236)) - group-D28A8C342F3E: The snapshot info is null. Setting the last applied indexto:(t:0, i:~)
2022-11-05 13:04:29,950 [pool-95-thread-1] INFO  server.RaftServerConfigKeys (ConfUtils.java:logGet(46)) - raft.server.log.use.memory = false (default)
2022-11-05 13:04:29,950 [pool-95-thread-1] INFO  server.RaftServerConfigKeys (ConfUtils.java:logGet(46)) - raft.server.log.purge.gap = 1000000 (custom)
2022-11-05 13:04:29,950 [pool-95-thread-1] INFO  server.RaftServerConfigKeys (ConfUtils.java:logGet(46)) - raft.server.log.appender.buffer.byte-limit = 33554432 (custom)
2022-11-05 13:04:29,951 [pool-95-thread-1] INFO  server.RaftServerConfigKeys (ConfUtils.java:logGet(46)) - raft.server.log.statemachine.data.read.timeout = 1000ms (default)
2022-11-05 13:04:29,951 [pool-95-thread-1] INFO  server.RaftServerConfigKeys (ConfUtils.java:logGet(46)) - raft.server.log.purge.preservation.log.num = 0 (default)
2022-11-05 13:04:29,951 [pool-95-thread-1] INFO  server.RaftServerConfigKeys (ConfUtils.java:logGet(46)) - raft.server.log.segment.size.max = 1048576 (custom)
2022-11-05 13:04:29,952 [pool-95-thread-1] INFO  server.RaftServerConfigKeys (ConfUtils.java:logGet(46)) - raft.server.log.segment.cache.num.max = 2 (custom)
2022-11-05 13:04:29,952 [pool-95-thread-1] INFO  server.RaftServerConfigKeys (ConfUtils.java:logGet(46)) - raft.server.log.segment.cache.size.max = 200MB (=209715200) (default)
2022-11-05 13:04:29,952 [pool-95-thread-1] INFO  segmented.SegmentedRaftLogWorker (SegmentedRaftLogWorker.java:<init>(191)) - new 97cc06fc-4025-4c76-bebd-c1d7b79fe413@group-D28A8C342F3E-SegmentedRaftLogWorker for RaftStorageImpl:Storage Directory /home/runner/work/ozone/ozone/hadoop-ozone/integration-test/target/test-dir/MiniOzoneClusterImpl-9e91b504-fe86-427b-a8de-b3d8b21cdaaf/datanode-1/data/ratis/fc5e458a-f93d-4dbf-8096-d28a8c342f3e
2022-11-05 13:04:29,952 [pool-95-thread-1] INFO  server.RaftServerConfigKeys (ConfUtils.java:logGet(46)) - raft.server.log.queue.byte-limit = 4294967296 (custom)
2022-11-05 13:04:29,952 [pool-95-thread-1] INFO  server.RaftServerConfigKeys (ConfUtils.java:logGet(46)) - raft.server.log.queue.element-limit = 1024 (custom)
2022-11-05 13:04:29,952 [pool-95-thread-1] INFO  server.RaftServerConfigKeys (ConfUtils.java:logGet(46)) - raft.server.log.segment.size.max = 1048576 (custom)
2022-11-05 13:04:29,952 [pool-95-thread-1] INFO  server.RaftServerConfigKeys (ConfUtils.java:logGet(46)) - raft.server.log.preallocated.size = 16384 (custom)
2022-11-05 13:04:29,952 [pool-95-thread-1] INFO  server.RaftServerConfigKeys (ConfUtils.java:logGet(46)) - raft.server.log.force.sync.num = 128 (default)
2022-11-05 13:04:29,952 [pool-95-thread-1] INFO  server.RaftServerConfigKeys (ConfUtils.java:logGet(46)) - raft.server.log.statemachine.data.sync = true (default)
2022-11-05 13:04:29,952 [pool-95-thread-1] INFO  server.RaftServerConfigKeys (ConfUtils.java:logGet(46)) - raft.server.log.statemachine.data.sync.timeout = 10s (default)
2022-11-05 13:04:29,952 [pool-95-thread-1] INFO  server.RaftServerConfigKeys (ConfUtils.java:logGet(46)) - raft.server.log.statemachine.data.sync.timeout.retry = -1 (default)
2022-11-05 13:04:29,953 [pool-95-thread-1] INFO  server.RaftServerConfigKeys (ConfUtils.java:logGet(46)) - raft.server.log.write.buffer.size = 1048576 (custom)
2022-11-05 13:04:29,954 [pool-95-thread-1] INFO  server.RaftServerConfigKeys (ConfUtils.java:logGet(46)) - raft.server.log.unsafe-flush.enabled = false (default)
2022-11-05 13:04:29,954 [pool-95-thread-1] INFO  server.RaftServerConfigKeys (ConfUtils.java:logGet(46)) - raft.server.log.async-flush.enabled = false (default)
2022-11-05 13:04:29,954 [pool-95-thread-1] INFO  server.RaftServerConfigKeys (ConfUtils.java:logGet(46)) - raft.server.log.statemachine.data.caching.enabled = true (custom)
2022-11-05 13:04:29,954 [pool-95-thread-1] INFO  segmented.SegmentedRaftLogWorker (SegmentedRaftLogWorker.java:lambda$new$0(136)) - 97cc06fc-4025-4c76-bebd-c1d7b79fe413@group-D28A8C342F3E-SegmentedRaftLogWorker: flushIndex: setUnconditionally 0 -> -1
2022-11-05 13:04:29,954 [pool-95-thread-1] INFO  segmented.SegmentedRaftLogWorker (SegmentedRaftLogWorker.java:lambda$new$0(136)) - 97cc06fc-4025-4c76-bebd-c1d7b79fe413@group-D28A8C342F3E-SegmentedRaftLogWorker: safeCacheEvictIndex: setUnconditionally 0 -> -1
2022-11-05 13:04:29,954 [pool-95-thread-1] INFO  server.RaftServer$Division (RaftServerImpl.java:start(334)) - 97cc06fc-4025-4c76-bebd-c1d7b79fe413@group-D28A8C342F3E: start as a follower, conf=-1: peers:[97cc06fc-4025-4c76-bebd-c1d7b79fe413|rpc:10.1.0.157:40151|priority:1|startupRole:FOLLOWER]|listeners:[], old=null
2022-11-05 13:04:29,954 [pool-95-thread-1] INFO  server.RaftServer$Division (RaftServerImpl.java:setRole(321)) - 97cc06fc-4025-4c76-bebd-c1d7b79fe413@group-D28A8C342F3E: changes role from      null to FOLLOWER at term 0 for startAsFollower
2022-11-05 13:04:29,954 [pool-95-thread-1] INFO  impl.RoleInfo (RoleInfo.java:updateAndGet(139)) - 97cc06fc-4025-4c76-bebd-c1d7b79fe413: start 97cc06fc-4025-4c76-bebd-c1d7b79fe413@group-D28A8C342F3E-FollowerState
2022-11-05 13:04:29,955 [97cc06fc-4025-4c76-bebd-c1d7b79fe413@group-D28A8C342F3E-FollowerState] INFO  server.RaftServerConfigKeys (ConfUtils.java:logFallback(53)) - raft.server.rpc.first-election.timeout.min = 5s (fallback to raft.server.rpc.timeout.min)
2022-11-05 13:04:29,955 [97cc06fc-4025-4c76-bebd-c1d7b79fe413@group-D28A8C342F3E-FollowerState] INFO  server.RaftServerConfigKeys (ConfUtils.java:logFallback(53)) - raft.server.rpc.first-election.timeout.max = 5200ms (fallback to raft.server.rpc.timeout.max)
2022-11-05 13:04:29,955 [pool-95-thread-1] INFO  util.JmxRegister (JmxRegister.java:tryRegister(44)) - Successfully registered JMX Bean with object name Ratis:service=RaftServer,group=group-D28A8C342F3E,id=97cc06fc-4025-4c76-bebd-c1d7b79fe413
2022-11-05 13:04:29,958 [pool-95-thread-1] INFO  server.RaftServerConfigKeys (ConfUtils.java:logGet(46)) - raft.server.snapshot.auto.trigger.enabled = true (custom)
2022-11-05 13:04:29,958 [pool-95-thread-1] INFO  server.RaftServerConfigKeys (ConfUtils.java:logGet(46)) - raft.server.snapshot.auto.trigger.threshold = 10000 (custom)
2022-11-05 13:04:29,958 [pool-95-thread-1] INFO  server.RaftServerConfigKeys (ConfUtils.java:logGet(46)) - raft.server.snapshot.retention.file.num = 5 (custom)
2022-11-05 13:04:29,958 [pool-95-thread-1] INFO  server.RaftServerConfigKeys (ConfUtils.java:logGet(46)) - raft.server.log.purge.upto.snapshot.index = false (default)
2022-11-05 13:04:29,959 [Command processor thread] INFO  ratis.XceiverServerRatis (XceiverServerRatis.java:addGroup(765)) - Created group PipelineID=fc5e458a-f93d-4dbf-8096-d28a8c342f3e
2022-11-05 13:04:29,959 [Command processor thread] INFO  commandhandler.CreatePipelineCommandHandler (CreatePipelineCommandHandler.java:handle(113)) - Created Pipeline RATIS ONE PipelineID=fc5e458a-f93d-4dbf-8096-d28a8c342f3e.
2022-11-05 13:04:29,967 [Command processor thread] INFO  server.RaftServer (RaftServerProxy.java:addNew(96)) - 97cc06fc-4025-4c76-bebd-c1d7b79fe413: addNew group-B6D24B272EC8:[274c4b45-19e0-452f-8d1e-585a77537937|rpc:10.1.0.157:40915|priority:0|startupRole:FOLLOWER, 97cc06fc-4025-4c76-bebd-c1d7b79fe413|rpc:10.1.0.157:40151|priority:1|startupRole:FOLLOWER, c56757ad-2923-4297-8741-c606545d9a52|rpc:10.1.0.157:45683|priority:0|startupRole:FOLLOWER] returns group-B6D24B272EC8:java.util.concurrent.CompletableFuture@28746ae7[Not completed]
2022-11-05 13:04:29,968 [EventQueue-PipelineReportForPipelineReportHandler] INFO  pipeline.PipelineManagerImpl (PipelineManagerImpl.java:openPipeline(367)) - Pipeline Pipeline[ Id: fc5e458a-f93d-4dbf-8096-d28a8c342f3e, Nodes: 97cc06fc-4025-4c76-bebd-c1d7b79fe413{ip: 10.1.0.157, host: fv-az83-841.uavyq1izdhte5b0ne1us2eqzhb.jx.internal.cloudapp.net, ports: [REPLICATION=44027, RATIS=40151, RATIS_ADMIN=40151, RATIS_SERVER=40151, STANDALONE=42951], networkLocation: /default-rack, certSerialId: null, persistedOpState: IN_SERVICE, persistedOpStateExpiryEpochSec: 0}, ReplicationConfig: RATIS/ONE, State:ALLOCATED, leaderId:97cc06fc-4025-4c76-bebd-c1d7b79fe413, CreationTimestamp2022-11-05T13:04:26.899Z[Etc/UTC]] moved to OPEN state
2022-11-05 13:04:29,969 [EventQueue-OpenPipelineForHealthyPipelineSafeModeRule] INFO  safemode.SCMSafeModeManager (HealthyPipelineSafeModeRule.java:process(137)) - SCM in safe mode. Healthy pipelines reported count is 0, required healthy pipeline reported count is 1
2022-11-05 13:04:29,969 [pool-95-thread-1] INFO  server.RaftServer$Division (RaftServerImpl.java:<init>(195)) - 97cc06fc-4025-4c76-bebd-c1d7b79fe413: new RaftServerImpl for group-B6D24B272EC8:[274c4b45-19e0-452f-8d1e-585a77537937|rpc:10.1.0.157:40915|priority:0|startupRole:FOLLOWER, 97cc06fc-4025-4c76-bebd-c1d7b79fe413|rpc:10.1.0.157:40151|priority:1|startupRole:FOLLOWER, c56757ad-2923-4297-8741-c606545d9a52|rpc:10.1.0.157:45683|priority:0|startupRole:FOLLOWER] with ContainerStateMachine:uninitialized
2022-11-05 13:04:29,970 [pool-95-thread-1] INFO  server.RaftServerConfigKeys (ConfUtils.java:logGet(46)) - raft.server.rpc.timeout.min = 5s (custom)
2022-11-05 13:04:29,971 [pool-95-thread-1] INFO  server.RaftServerConfigKeys (ConfUtils.java:logGet(46)) - raft.server.rpc.timeout.max = 5200ms (custom)
2022-11-05 13:04:29,971 [pool-95-thread-1] INFO  server.RaftServerConfigKeys (ConfUtils.java:logGet(46)) - raft.server.rpc.sleep.time = 25ms (default)
2022-11-05 13:04:29,971 [pool-95-thread-1] INFO  server.RaftServerConfigKeys (ConfUtils.java:logGet(46)) - raft.server.rpc.slowness.timeout = 300s (custom)
2022-11-05 13:04:29,971 [pool-95-thread-1] INFO  server.RaftServerConfigKeys (ConfUtils.java:logGet(46)) - raft.server.leaderelection.leader.step-down.wait-time = 10s (default)
2022-11-05 13:04:29,971 [pool-95-thread-1] INFO  server.RaftServerConfigKeys (ConfUtils.java:logGet(46)) - raft.server.sleep.deviation.threshold = 300ms (default)
2022-11-05 13:04:29,971 [pool-95-thread-1] INFO  server.RaftServer$Division (ServerState.java:<init>(118)) - 97cc06fc-4025-4c76-bebd-c1d7b79fe413@group-B6D24B272EC8: ConfigurationManager, init=-1: peers:[274c4b45-19e0-452f-8d1e-585a77537937|rpc:10.1.0.157:40915|priority:0|startupRole:FOLLOWER, 97cc06fc-4025-4c76-bebd-c1d7b79fe413|rpc:10.1.0.157:40151|priority:1|startupRole:FOLLOWER, c56757ad-2923-4297-8741-c606545d9a52|rpc:10.1.0.157:45683|priority:0|startupRole:FOLLOWER]|listeners:[], old=null, confs=<EMPTY_MAP>
2022-11-05 13:04:29,971 [pool-95-thread-1] INFO  server.RaftServerConfigKeys (ConfUtils.java:logGet(46)) - raft.server.storage.dir = [/home/runner/work/ozone/ozone/hadoop-ozone/integration-test/target/test-dir/MiniOzoneClusterImpl-9e91b504-fe86-427b-a8de-b3d8b21cdaaf/datanode-1/data/ratis] (custom)
2022-11-05 13:04:29,971 [pool-95-thread-1] INFO  server.RaftServerConfigKeys (ConfUtils.java:logGet(46)) - raft.server.log.corruption.policy = EXCEPTION (default)
2022-11-05 13:04:29,971 [pool-95-thread-1] INFO  server.RaftServerConfigKeys (ConfUtils.java:logGet(46)) - raft.server.storage.free-space.min = 0MB (=0) (default)
2022-11-05 13:04:29,971 [pool-95-thread-1] INFO  server.RaftServerConfigKeys (ConfUtils.java:logGet(46)) - raft.server.notification.no-leader.timeout = 300s (custom)
2022-11-05 13:04:29,971 [pool-95-thread-1] INFO  server.RaftServerConfigKeys (ConfUtils.java:logGet(46)) - raft.server.retrycache.expirytime = 600000ms (custom)
2022-11-05 13:04:29,971 [pool-95-thread-1] INFO  server.RaftServerConfigKeys (ConfUtils.java:logGet(46)) - raft.server.retrycache.statistics.expirytime = 100μs (default)
2022-11-05 13:04:29,973 [pool-95-thread-1] INFO  server.RaftServerConfigKeys (ConfUtils.java:logGet(46)) - raft.server.log.appender.install.snapshot.enabled = false (custom)
2022-11-05 13:04:29,973 [pool-95-thread-1] INFO  server.RaftServerConfigKeys (ConfUtils.java:logGet(46)) - raft.server.threadpool.server.cached = true (default)
2022-11-05 13:04:29,973 [pool-95-thread-1] INFO  server.RaftServerConfigKeys (ConfUtils.java:logGet(46)) - raft.server.threadpool.server.size = 0 (default)
2022-11-05 13:04:29,973 [pool-95-thread-1] INFO  server.RaftServerConfigKeys (ConfUtils.java:logGet(46)) - raft.server.threadpool.client.cached = true (default)
2022-11-05 13:04:29,973 [pool-95-thread-1] INFO  server.RaftServerConfigKeys (ConfUtils.java:logGet(46)) - raft.server.threadpool.client.size = 0 (default)
2022-11-05 13:04:29,973 [pool-95-thread-1] INFO  storage.RaftStorageDirectory (RaftStorageDirectoryImpl.java:analyzeStorage(137)) - The storage directory /home/runner/work/ozone/ozone/hadoop-ozone/integration-test/target/test-dir/MiniOzoneClusterImpl-9e91b504-fe86-427b-a8de-b3d8b21cdaaf/datanode-1/data/ratis/1af4fafc-e7d0-4d63-a3c2-b6d24b272ec8 does not exist. Creating ...
2022-11-05 13:04:29,984 [pool-95-thread-1] INFO  storage.RaftStorageDirectory (RaftStorageDirectoryImpl.java:tryLock(231)) - Lock on /home/runner/work/ozone/ozone/hadoop-ozone/integration-test/target/test-dir/MiniOzoneClusterImpl-9e91b504-fe86-427b-a8de-b3d8b21cdaaf/datanode-1/data/ratis/1af4fafc-e7d0-4d63-a3c2-b6d24b272ec8/in_use.lock acquired by nodename 14719@fv-az83-841
2022-11-05 13:04:29,991 [pool-95-thread-1] INFO  storage.RaftStorage (RaftStorageImpl.java:format(96)) - Storage directory /home/runner/work/ozone/ozone/hadoop-ozone/integration-test/target/test-dir/MiniOzoneClusterImpl-9e91b504-fe86-427b-a8de-b3d8b21cdaaf/datanode-1/data/ratis/1af4fafc-e7d0-4d63-a3c2-b6d24b272ec8 has been successfully formatted.
2022-11-05 13:04:29,992 [pool-95-thread-1] INFO  ratis.ContainerStateMachine (ContainerStateMachine.java:loadSnapshot(236)) - group-B6D24B272EC8: The snapshot info is null. Setting the last applied indexto:(t:0, i:~)
2022-11-05 13:04:29,992 [pool-95-thread-1] INFO  server.RaftServerConfigKeys (ConfUtils.java:logGet(46)) - raft.server.log.use.memory = false (default)
2022-11-05 13:04:29,992 [pool-95-thread-1] INFO  server.RaftServerConfigKeys (ConfUtils.java:logGet(46)) - raft.server.log.purge.gap = 1000000 (custom)
2022-11-05 13:04:29,992 [pool-95-thread-1] INFO  server.RaftServerConfigKeys (ConfUtils.java:logGet(46)) - raft.server.log.appender.buffer.byte-limit = 33554432 (custom)
2022-11-05 13:04:29,992 [pool-95-thread-1] INFO  server.RaftServerConfigKeys (ConfUtils.java:logGet(46)) - raft.server.log.statemachine.data.read.timeout = 1000ms (default)
2022-11-05 13:04:29,992 [pool-95-thread-1] INFO  server.RaftServerConfigKeys (ConfUtils.java:logGet(46)) - raft.server.log.purge.preservation.log.num = 0 (default)
2022-11-05 13:04:29,992 [pool-95-thread-1] INFO  server.RaftServerConfigKeys (ConfUtils.java:logGet(46)) - raft.server.log.segment.size.max = 1048576 (custom)
2022-11-05 13:04:30,000 [EventQueue-OpenPipelineForHealthyPipelineSafeModeRule] INFO  safemode.SCMSafeModeManager (HealthyPipelineSafeModeRule.java:process(137)) - SCM in safe mode. Healthy pipelines reported count is 0, required healthy pipeline reported count is 1
2022-11-05 13:04:30,003 [pool-95-thread-1] INFO  server.RaftServerConfigKeys (ConfUtils.java:logGet(46)) - raft.server.log.segment.cache.num.max = 2 (custom)
2022-11-05 13:04:30,003 [pool-95-thread-1] INFO  server.RaftServerConfigKeys (ConfUtils.java:logGet(46)) - raft.server.log.segment.cache.size.max = 200MB (=209715200) (default)
2022-11-05 13:04:30,003 [pool-95-thread-1] INFO  segmented.SegmentedRaftLogWorker (SegmentedRaftLogWorker.java:<init>(191)) - new 97cc06fc-4025-4c76-bebd-c1d7b79fe413@group-B6D24B272EC8-SegmentedRaftLogWorker for RaftStorageImpl:Storage Directory /home/runner/work/ozone/ozone/hadoop-ozone/integration-test/target/test-dir/MiniOzoneClusterImpl-9e91b504-fe86-427b-a8de-b3d8b21cdaaf/datanode-1/data/ratis/1af4fafc-e7d0-4d63-a3c2-b6d24b272ec8
2022-11-05 13:04:30,003 [pool-95-thread-1] INFO  server.RaftServerConfigKeys (ConfUtils.java:logGet(46)) - raft.server.log.queue.byte-limit = 4294967296 (custom)
2022-11-05 13:04:30,003 [pool-95-thread-1] INFO  server.RaftServerConfigKeys (ConfUtils.java:logGet(46)) - raft.server.log.queue.element-limit = 1024 (custom)
2022-11-05 13:04:30,003 [pool-95-thread-1] INFO  server.RaftServerConfigKeys (ConfUtils.java:logGet(46)) - raft.server.log.segment.size.max = 1048576 (custom)
2022-11-05 13:04:30,003 [pool-95-thread-1] INFO  server.RaftServerConfigKeys (ConfUtils.java:logGet(46)) - raft.server.log.preallocated.size = 16384 (custom)
2022-11-05 13:04:30,003 [pool-95-thread-1] INFO  server.RaftServerConfigKeys (ConfUtils.java:logGet(46)) - raft.server.log.force.sync.num = 128 (default)
2022-11-05 13:04:30,003 [pool-95-thread-1] INFO  server.RaftServerConfigKeys (ConfUtils.java:logGet(46)) - raft.server.log.statemachine.data.sync = true (default)
2022-11-05 13:04:30,003 [pool-95-thread-1] INFO  server.RaftServerConfigKeys (ConfUtils.java:logGet(46)) - raft.server.log.statemachine.data.sync.timeout = 10s (default)
2022-11-05 13:04:30,004 [pool-95-thread-1] INFO  server.RaftServerConfigKeys (ConfUtils.java:logGet(46)) - raft.server.log.statemachine.data.sync.timeout.retry = -1 (default)
2022-11-05 13:04:30,005 [pool-95-thread-1] INFO  server.RaftServerConfigKeys (ConfUtils.java:logGet(46)) - raft.server.log.write.buffer.size = 1048576 (custom)
2022-11-05 13:04:30,005 [pool-95-thread-1] INFO  server.RaftServerConfigKeys (ConfUtils.java:logGet(46)) - raft.server.log.unsafe-flush.enabled = false (default)
2022-11-05 13:04:30,005 [pool-95-thread-1] INFO  server.RaftServerConfigKeys (ConfUtils.java:logGet(46)) - raft.server.log.async-flush.enabled = false (default)
2022-11-05 13:04:30,005 [pool-95-thread-1] INFO  server.RaftServerConfigKeys (ConfUtils.java:logGet(46)) - raft.server.log.statemachine.data.caching.enabled = true (custom)
2022-11-05 13:04:30,005 [pool-95-thread-1] INFO  segmented.SegmentedRaftLogWorker (SegmentedRaftLogWorker.java:lambda$new$0(136)) - 97cc06fc-4025-4c76-bebd-c1d7b79fe413@group-B6D24B272EC8-SegmentedRaftLogWorker: flushIndex: setUnconditionally 0 -> -1
2022-11-05 13:04:30,005 [pool-95-thread-1] INFO  segmented.SegmentedRaftLogWorker (SegmentedRaftLogWorker.java:lambda$new$0(136)) - 97cc06fc-4025-4c76-bebd-c1d7b79fe413@group-B6D24B272EC8-SegmentedRaftLogWorker: safeCacheEvictIndex: setUnconditionally 0 -> -1
2022-11-05 13:04:30,008 [pool-95-thread-1] INFO  server.RaftServer$Division (RaftServerImpl.java:start(334)) - 97cc06fc-4025-4c76-bebd-c1d7b79fe413@group-B6D24B272EC8: start as a follower, conf=-1: peers:[274c4b45-19e0-452f-8d1e-585a77537937|rpc:10.1.0.157:40915|priority:0|startupRole:FOLLOWER, 97cc06fc-4025-4c76-bebd-c1d7b79fe413|rpc:10.1.0.157:40151|priority:1|startupRole:FOLLOWER, c56757ad-2923-4297-8741-c606545d9a52|rpc:10.1.0.157:45683|priority:0|startupRole:FOLLOWER]|listeners:[], old=null
2022-11-05 13:04:30,008 [pool-95-thread-1] INFO  server.RaftServer$Division (RaftServerImpl.java:setRole(321)) - 97cc06fc-4025-4c76-bebd-c1d7b79fe413@group-B6D24B272EC8: changes role from      null to FOLLOWER at term 0 for startAsFollower
2022-11-05 13:04:30,008 [pool-95-thread-1] INFO  impl.RoleInfo (RoleInfo.java:updateAndGet(139)) - 97cc06fc-4025-4c76-bebd-c1d7b79fe413: start 97cc06fc-4025-4c76-bebd-c1d7b79fe413@group-B6D24B272EC8-FollowerState
2022-11-05 13:04:30,012 [pool-95-thread-1] INFO  util.JmxRegister (JmxRegister.java:tryRegister(44)) - Successfully registered JMX Bean with object name Ratis:service=RaftServer,group=group-B6D24B272EC8,id=97cc06fc-4025-4c76-bebd-c1d7b79fe413
2022-11-05 13:04:30,012 [pool-95-thread-1] INFO  server.RaftServerConfigKeys (ConfUtils.java:logGet(46)) - raft.server.snapshot.auto.trigger.enabled = true (custom)
2022-11-05 13:04:30,012 [pool-95-thread-1] INFO  server.RaftServerConfigKeys (ConfUtils.java:logGet(46)) - raft.server.snapshot.auto.trigger.threshold = 10000 (custom)
2022-11-05 13:04:30,012 [pool-95-thread-1] INFO  server.RaftServerConfigKeys (ConfUtils.java:logGet(46)) - raft.server.snapshot.retention.file.num = 5 (custom)
2022-11-05 13:04:30,012 [pool-95-thread-1] INFO  server.RaftServerConfigKeys (ConfUtils.java:logGet(46)) - raft.server.log.purge.upto.snapshot.index = false (default)
2022-11-05 13:04:30,013 [97cc06fc-4025-4c76-bebd-c1d7b79fe413@group-B6D24B272EC8-FollowerState] INFO  server.RaftServerConfigKeys (ConfUtils.java:logFallback(53)) - raft.server.rpc.first-election.timeout.min = 5s (fallback to raft.server.rpc.timeout.min)
2022-11-05 13:04:30,013 [97cc06fc-4025-4c76-bebd-c1d7b79fe413@group-B6D24B272EC8-FollowerState] INFO  server.RaftServerConfigKeys (ConfUtils.java:logFallback(53)) - raft.server.rpc.first-election.timeout.max = 5200ms (fallback to raft.server.rpc.timeout.max)
2022-11-05 13:04:30,016 [Command processor thread] INFO  ratis.XceiverServerRatis (XceiverServerRatis.java:addGroup(765)) - Created group PipelineID=1af4fafc-e7d0-4d63-a3c2-b6d24b272ec8
2022-11-05 13:04:30,109 [grpc-default-executor-0] INFO  server.RaftServer (RaftServerProxy.java:addNew(96)) - c56757ad-2923-4297-8741-c606545d9a52: addNew group-B6D24B272EC8:[274c4b45-19e0-452f-8d1e-585a77537937|rpc:10.1.0.157:40915|dataStream:|priority:0|startupRole:FOLLOWER, 97cc06fc-4025-4c76-bebd-c1d7b79fe413|rpc:10.1.0.157:40151|dataStream:|priority:1|startupRole:FOLLOWER, c56757ad-2923-4297-8741-c606545d9a52|rpc:10.1.0.157:45683|dataStream:|priority:0|startupRole:FOLLOWER] returns group-B6D24B272EC8:java.util.concurrent.CompletableFuture@9a4cdb6[Not completed]
2022-11-05 13:04:30,111 [pool-118-thread-1] INFO  server.RaftServer$Division (RaftServerImpl.java:<init>(195)) - c56757ad-2923-4297-8741-c606545d9a52: new RaftServerImpl for group-B6D24B272EC8:[274c4b45-19e0-452f-8d1e-585a77537937|rpc:10.1.0.157:40915|dataStream:|priority:0|startupRole:FOLLOWER, 97cc06fc-4025-4c76-bebd-c1d7b79fe413|rpc:10.1.0.157:40151|dataStream:|priority:1|startupRole:FOLLOWER, c56757ad-2923-4297-8741-c606545d9a52|rpc:10.1.0.157:45683|dataStream:|priority:0|startupRole:FOLLOWER] with ContainerStateMachine:uninitialized
2022-11-05 13:04:30,111 [pool-118-thread-1] INFO  server.RaftServerConfigKeys (ConfUtils.java:logGet(46)) - raft.server.rpc.timeout.min = 5s (custom)
2022-11-05 13:04:30,111 [pool-118-thread-1] INFO  server.RaftServerConfigKeys (ConfUtils.java:logGet(46)) - raft.server.rpc.timeout.max = 5200ms (custom)
2022-11-05 13:04:30,111 [pool-118-thread-1] INFO  server.RaftServerConfigKeys (ConfUtils.java:logGet(46)) - raft.server.rpc.sleep.time = 25ms (default)
2022-11-05 13:04:30,111 [pool-118-thread-1] INFO  server.RaftServerConfigKeys (ConfUtils.java:logGet(46)) - raft.server.rpc.slowness.timeout = 300s (custom)
2022-11-05 13:04:30,111 [pool-118-thread-1] INFO  server.RaftServerConfigKeys (ConfUtils.java:logGet(46)) - raft.server.leaderelection.leader.step-down.wait-time = 10s (default)
2022-11-05 13:04:30,111 [pool-118-thread-1] INFO  server.RaftServerConfigKeys (ConfUtils.java:logGet(46)) - raft.server.sleep.deviation.threshold = 300ms (default)
2022-11-05 13:04:30,111 [pool-118-thread-1] INFO  server.RaftServer$Division (ServerState.java:<init>(118)) - c56757ad-2923-4297-8741-c606545d9a52@group-B6D24B272EC8: ConfigurationManager, init=-1: peers:[274c4b45-19e0-452f-8d1e-585a77537937|rpc:10.1.0.157:40915|dataStream:|priority:0|startupRole:FOLLOWER, 97cc06fc-4025-4c76-bebd-c1d7b79fe413|rpc:10.1.0.157:40151|dataStream:|priority:1|startupRole:FOLLOWER, c56757ad-2923-4297-8741-c606545d9a52|rpc:10.1.0.157:45683|dataStream:|priority:0|startupRole:FOLLOWER]|listeners:[], old=null, confs=<EMPTY_MAP>
2022-11-05 13:04:30,112 [pool-118-thread-1] INFO  server.RaftServerConfigKeys (ConfUtils.java:logGet(46)) - raft.server.storage.dir = [/home/runner/work/ozone/ozone/hadoop-ozone/integration-test/target/test-dir/MiniOzoneClusterImpl-9e91b504-fe86-427b-a8de-b3d8b21cdaaf/datanode-2/data/ratis] (custom)
2022-11-05 13:04:30,112 [pool-118-thread-1] INFO  server.RaftServerConfigKeys (ConfUtils.java:logGet(46)) - raft.server.log.corruption.policy = EXCEPTION (default)
2022-11-05 13:04:30,112 [pool-118-thread-1] INFO  server.RaftServerConfigKeys (ConfUtils.java:logGet(46)) - raft.server.storage.free-space.min = 0MB (=0) (default)
2022-11-05 13:04:30,112 [pool-118-thread-1] INFO  server.RaftServerConfigKeys (ConfUtils.java:logGet(46)) - raft.server.notification.no-leader.timeout = 300s (custom)
2022-11-05 13:04:30,112 [pool-118-thread-1] INFO  server.RaftServerConfigKeys (ConfUtils.java:logGet(46)) - raft.server.retrycache.expirytime = 600000ms (custom)
2022-11-05 13:04:30,112 [pool-118-thread-1] INFO  server.RaftServerConfigKeys (ConfUtils.java:logGet(46)) - raft.server.retrycache.statistics.expirytime = 100μs (default)
2022-11-05 13:04:30,118 [pool-118-thread-1] INFO  server.RaftServerConfigKeys (ConfUtils.java:logGet(46)) - raft.server.log.appender.install.snapshot.enabled = false (custom)
2022-11-05 13:04:30,118 [pool-118-thread-1] INFO  server.RaftServerConfigKeys (ConfUtils.java:logGet(46)) - raft.server.threadpool.server.cached = true (default)
2022-11-05 13:04:30,118 [pool-118-thread-1] INFO  server.RaftServerConfigKeys (ConfUtils.java:logGet(46)) - raft.server.threadpool.server.size = 0 (default)
2022-11-05 13:04:30,118 [pool-118-thread-1] INFO  server.RaftServerConfigKeys (ConfUtils.java:logGet(46)) - raft.server.threadpool.client.cached = true (default)
2022-11-05 13:04:30,118 [pool-118-thread-1] INFO  server.RaftServerConfigKeys (ConfUtils.java:logGet(46)) - raft.server.threadpool.client.size = 0 (default)
2022-11-05 13:04:30,119 [pool-118-thread-1] INFO  storage.RaftStorageDirectory (RaftStorageDirectoryImpl.java:analyzeStorage(137)) - The storage directory /home/runner/work/ozone/ozone/hadoop-ozone/integration-test/target/test-dir/MiniOzoneClusterImpl-9e91b504-fe86-427b-a8de-b3d8b21cdaaf/datanode-2/data/ratis/1af4fafc-e7d0-4d63-a3c2-b6d24b272ec8 does not exist. Creating ...
2022-11-05 13:04:30,126 [pool-118-thread-1] INFO  storage.RaftStorageDirectory (RaftStorageDirectoryImpl.java:tryLock(231)) - Lock on /home/runner/work/ozone/ozone/hadoop-ozone/integration-test/target/test-dir/MiniOzoneClusterImpl-9e91b504-fe86-427b-a8de-b3d8b21cdaaf/datanode-2/data/ratis/1af4fafc-e7d0-4d63-a3c2-b6d24b272ec8/in_use.lock acquired by nodename 14719@fv-az83-841
2022-11-05 13:04:30,134 [pool-118-thread-1] INFO  storage.RaftStorage (RaftStorageImpl.java:format(96)) - Storage directory /home/runner/work/ozone/ozone/hadoop-ozone/integration-test/target/test-dir/MiniOzoneClusterImpl-9e91b504-fe86-427b-a8de-b3d8b21cdaaf/datanode-2/data/ratis/1af4fafc-e7d0-4d63-a3c2-b6d24b272ec8 has been successfully formatted.
2022-11-05 13:04:30,134 [pool-118-thread-1] INFO  ratis.ContainerStateMachine (ContainerStateMachine.java:loadSnapshot(236)) - group-B6D24B272EC8: The snapshot info is null. Setting the last applied indexto:(t:0, i:~)
2022-11-05 13:04:30,135 [pool-118-thread-1] INFO  server.RaftServerConfigKeys (ConfUtils.java:logGet(46)) - raft.server.log.use.memory = false (default)
2022-11-05 13:04:30,135 [pool-118-thread-1] INFO  server.RaftServerConfigKeys (ConfUtils.java:logGet(46)) - raft.server.log.purge.gap = 1000000 (custom)
2022-11-05 13:04:30,135 [pool-118-thread-1] INFO  server.RaftServerConfigKeys (ConfUtils.java:logGet(46)) - raft.server.log.appender.buffer.byte-limit = 33554432 (custom)
2022-11-05 13:04:30,135 [pool-118-thread-1] INFO  server.RaftServerConfigKeys (ConfUtils.java:logGet(46)) - raft.server.log.statemachine.data.read.timeout = 1000ms (default)
2022-11-05 13:04:30,135 [pool-118-thread-1] INFO  server.RaftServerConfigKeys (ConfUtils.java:logGet(46)) - raft.server.log.purge.preservation.log.num = 0 (default)
2022-11-05 13:04:30,135 [pool-118-thread-1] INFO  server.RaftServerConfigKeys (ConfUtils.java:logGet(46)) - raft.server.log.segment.size.max = 1048576 (custom)
2022-11-05 13:04:30,136 [pool-118-thread-1] INFO  server.RaftServerConfigKeys (ConfUtils.java:logGet(46)) - raft.server.log.segment.cache.num.max = 2 (custom)
2022-11-05 13:04:30,136 [pool-118-thread-1] INFO  server.RaftServerConfigKeys (ConfUtils.java:logGet(46)) - raft.server.log.segment.cache.size.max = 200MB (=209715200) (default)
2022-11-05 13:04:30,136 [pool-118-thread-1] INFO  segmented.SegmentedRaftLogWorker (SegmentedRaftLogWorker.java:<init>(191)) - new c56757ad-2923-4297-8741-c606545d9a52@group-B6D24B272EC8-SegmentedRaftLogWorker for RaftStorageImpl:Storage Directory /home/runner/work/ozone/ozone/hadoop-ozone/integration-test/target/test-dir/MiniOzoneClusterImpl-9e91b504-fe86-427b-a8de-b3d8b21cdaaf/datanode-2/data/ratis/1af4fafc-e7d0-4d63-a3c2-b6d24b272ec8
2022-11-05 13:04:30,136 [pool-118-thread-1] INFO  server.RaftServerConfigKeys (ConfUtils.java:logGet(46)) - raft.server.log.queue.byte-limit = 4294967296 (custom)
2022-11-05 13:04:30,136 [pool-118-thread-1] INFO  server.RaftServerConfigKeys (ConfUtils.java:logGet(46)) - raft.server.log.queue.element-limit = 1024 (custom)
2022-11-05 13:04:30,136 [pool-118-thread-1] INFO  server.RaftServerConfigKeys (ConfUtils.java:logGet(46)) - raft.server.log.segment.size.max = 1048576 (custom)
2022-11-05 13:04:30,136 [pool-118-thread-1] INFO  server.RaftServerConfigKeys (ConfUtils.java:logGet(46)) - raft.server.log.preallocated.size = 16384 (custom)
2022-11-05 13:04:30,136 [pool-118-thread-1] INFO  server.RaftServerConfigKeys (ConfUtils.java:logGet(46)) - raft.server.log.force.sync.num = 128 (default)
2022-11-05 13:04:30,136 [pool-118-thread-1] INFO  server.RaftServerConfigKeys (ConfUtils.java:logGet(46)) - raft.server.log.statemachine.data.sync = true (default)
2022-11-05 13:04:30,136 [pool-118-thread-1] INFO  server.RaftServerConfigKeys (ConfUtils.java:logGet(46)) - raft.server.log.statemachine.data.sync.timeout = 10s (default)
2022-11-05 13:04:30,136 [pool-118-thread-1] INFO  server.RaftServerConfigKeys (ConfUtils.java:logGet(46)) - raft.server.log.statemachine.data.sync.timeout.retry = -1 (default)
2022-11-05 13:04:30,137 [pool-118-thread-1] INFO  server.RaftServerConfigKeys (ConfUtils.java:logGet(46)) - raft.server.log.write.buffer.size = 1048576 (custom)
2022-11-05 13:04:30,138 [pool-118-thread-1] INFO  server.RaftServerConfigKeys (ConfUtils.java:logGet(46)) - raft.server.log.unsafe-flush.enabled = false (default)
2022-11-05 13:04:30,138 [pool-118-thread-1] INFO  server.RaftServerConfigKeys (ConfUtils.java:logGet(46)) - raft.server.log.async-flush.enabled = false (default)
2022-11-05 13:04:30,138 [pool-118-thread-1] INFO  server.RaftServerConfigKeys (ConfUtils.java:logGet(46)) - raft.server.log.statemachine.data.caching.enabled = true (custom)
2022-11-05 13:04:30,138 [pool-118-thread-1] INFO  segmented.SegmentedRaftLogWorker (SegmentedRaftLogWorker.java:lambda$new$0(136)) - c56757ad-2923-4297-8741-c606545d9a52@group-B6D24B272EC8-SegmentedRaftLogWorker: flushIndex: setUnconditionally 0 -> -1
2022-11-05 13:04:30,138 [pool-118-thread-1] INFO  segmented.SegmentedRaftLogWorker (SegmentedRaftLogWorker.java:lambda$new$0(136)) - c56757ad-2923-4297-8741-c606545d9a52@group-B6D24B272EC8-SegmentedRaftLogWorker: safeCacheEvictIndex: setUnconditionally 0 -> -1
2022-11-05 13:04:30,140 [pool-118-thread-1] INFO  server.RaftServer$Division (RaftServerImpl.java:start(334)) - c56757ad-2923-4297-8741-c606545d9a52@group-B6D24B272EC8: start as a follower, conf=-1: peers:[274c4b45-19e0-452f-8d1e-585a77537937|rpc:10.1.0.157:40915|dataStream:|priority:0|startupRole:FOLLOWER, 97cc06fc-4025-4c76-bebd-c1d7b79fe413|rpc:10.1.0.157:40151|dataStream:|priority:1|startupRole:FOLLOWER, c56757ad-2923-4297-8741-c606545d9a52|rpc:10.1.0.157:45683|dataStream:|priority:0|startupRole:FOLLOWER]|listeners:[], old=null
2022-11-05 13:04:30,140 [pool-118-thread-1] INFO  server.RaftServer$Division (RaftServerImpl.java:setRole(321)) - c56757ad-2923-4297-8741-c606545d9a52@group-B6D24B272EC8: changes role from      null to FOLLOWER at term 0 for startAsFollower
2022-11-05 13:04:30,140 [pool-118-thread-1] INFO  impl.RoleInfo (RoleInfo.java:updateAndGet(139)) - c56757ad-2923-4297-8741-c606545d9a52: start c56757ad-2923-4297-8741-c606545d9a52@group-B6D24B272EC8-FollowerState
2022-11-05 13:04:30,149 [pool-118-thread-1] INFO  util.JmxRegister (JmxRegister.java:tryRegister(44)) - Successfully registered JMX Bean with object name Ratis:service=RaftServer,group=group-B6D24B272EC8,id=c56757ad-2923-4297-8741-c606545d9a52
2022-11-05 13:04:30,149 [pool-118-thread-1] INFO  server.RaftServerConfigKeys (ConfUtils.java:logGet(46)) - raft.server.snapshot.auto.trigger.enabled = true (custom)
2022-11-05 13:04:30,149 [pool-118-thread-1] INFO  server.RaftServerConfigKeys (ConfUtils.java:logGet(46)) - raft.server.snapshot.auto.trigger.threshold = 10000 (custom)
2022-11-05 13:04:30,149 [pool-118-thread-1] INFO  server.RaftServerConfigKeys (ConfUtils.java:logGet(46)) - raft.server.snapshot.retention.file.num = 5 (custom)
2022-11-05 13:04:30,149 [pool-118-thread-1] INFO  server.RaftServerConfigKeys (ConfUtils.java:logGet(46)) - raft.server.log.purge.upto.snapshot.index = false (default)
2022-11-05 13:04:30,170 [c56757ad-2923-4297-8741-c606545d9a52@group-B6D24B272EC8-FollowerState] INFO  server.RaftServerConfigKeys (ConfUtils.java:logFallback(53)) - raft.server.rpc.first-election.timeout.min = 5s (fallback to raft.server.rpc.timeout.min)
2022-11-05 13:04:30,174 [c56757ad-2923-4297-8741-c606545d9a52@group-B6D24B272EC8-FollowerState] INFO  server.RaftServerConfigKeys (ConfUtils.java:logFallback(53)) - raft.server.rpc.first-election.timeout.max = 5200ms (fallback to raft.server.rpc.timeout.max)
2022-11-05 13:04:30,174 [IPC Server handler 7 on default port 34173] INFO  net.NetworkTopologyImpl (NetworkTopologyImpl.java:add(112)) - Added a new node: /default-rack/44bea1f4-43dd-4415-bb4e-4e9896dd68f6
2022-11-05 13:04:30,175 [IPC Server handler 7 on default port 34173] INFO  node.SCMNodeManager (SCMNodeManager.java:register(397)) - Registered Data node : 44bea1f4-43dd-4415-bb4e-4e9896dd68f6{ip: 10.1.0.157, host: fv-az83-841.uavyq1izdhte5b0ne1us2eqzhb.jx.internal.cloudapp.net, ports: [REPLICATION=38339, RATIS=34265, RATIS_ADMIN=34265, RATIS_SERVER=34265, STANDALONE=43671], networkLocation: /default-rack, certSerialId: null, persistedOpState: null, persistedOpStateExpiryEpochSec: 0}
2022-11-05 13:04:30,175 [EventQueue-NewNodeForNewNodeHandler] INFO  pipeline.BackgroundPipelineCreator (BackgroundPipelineCreator.java:notifyEventTriggered(276)) - trigger a one-shot run on RatisPipelineUtilsThread.
2022-11-05 13:04:30,175 [RatisPipelineUtilsThread - 0] INFO  pipeline.RatisPipelineProvider (RatisPipelineProvider.java:lambda$create$0(195)) - Sending CreatePipelineCommand for pipeline:PipelineID=c14d2234-3ebf-46b0-bd24-23e40b4d0dda to datanode:44bea1f4-43dd-4415-bb4e-4e9896dd68f6
2022-11-05 13:04:30,176 [RatisPipelineUtilsThread - 0] INFO  pipeline.PipelineStateManagerImpl (PipelineStateManagerImpl.java:addPipeline(103)) - Created pipeline Pipeline[ Id: c14d2234-3ebf-46b0-bd24-23e40b4d0dda, Nodes: 44bea1f4-43dd-4415-bb4e-4e9896dd68f6{ip: 10.1.0.157, host: fv-az83-841.uavyq1izdhte5b0ne1us2eqzhb.jx.internal.cloudapp.net, ports: [REPLICATION=38339, RATIS=34265, RATIS_ADMIN=34265, RATIS_SERVER=34265, STANDALONE=43671], networkLocation: /default-rack, certSerialId: null, persistedOpState: IN_SERVICE, persistedOpStateExpiryEpochSec: 0}, ReplicationConfig: RATIS/ONE, State:ALLOCATED, leaderId:, CreationTimestamp2022-11-05T13:04:30.175Z[Etc/UTC]].
2022-11-05 13:04:30,177 [RatisPipelineUtilsThread - 0] INFO  pipeline.RatisPipelineProvider (RatisPipelineProvider.java:lambda$create$0(195)) - Sending CreatePipelineCommand for pipeline:PipelineID=89293485-d1ad-4757-8f6b-d5ec486ece4f to datanode:44bea1f4-43dd-4415-bb4e-4e9896dd68f6
2022-11-05 13:04:30,177 [RatisPipelineUtilsThread - 0] INFO  pipeline.RatisPipelineProvider (RatisPipelineProvider.java:lambda$create$0(195)) - Sending CreatePipelineCommand for pipeline:PipelineID=89293485-d1ad-4757-8f6b-d5ec486ece4f to datanode:3fdd4c6e-2961-42ba-90d3-b5f169a49f15
2022-11-05 13:04:30,177 [RatisPipelineUtilsThread - 0] INFO  pipeline.RatisPipelineProvider (RatisPipelineProvider.java:lambda$create$0(195)) - Sending CreatePipelineCommand for pipeline:PipelineID=89293485-d1ad-4757-8f6b-d5ec486ece4f to datanode:81de4557-c158-4718-93a8-b16ff7f8daad
2022-11-05 13:04:30,177 [RatisPipelineUtilsThread - 0] INFO  pipeline.PipelineStateManagerImpl (PipelineStateManagerImpl.java:addPipeline(103)) - Created pipeline Pipeline[ Id: 89293485-d1ad-4757-8f6b-d5ec486ece4f, Nodes: 44bea1f4-43dd-4415-bb4e-4e9896dd68f6{ip: 10.1.0.157, host: fv-az83-841.uavyq1izdhte5b0ne1us2eqzhb.jx.internal.cloudapp.net, ports: [REPLICATION=38339, RATIS=34265, RATIS_ADMIN=34265, RATIS_SERVER=34265, STANDALONE=43671], networkLocation: /default-rack, certSerialId: null, persistedOpState: IN_SERVICE, persistedOpStateExpiryEpochSec: 0}3fdd4c6e-2961-42ba-90d3-b5f169a49f15{ip: 10.1.0.157, host: fv-az83-841.uavyq1izdhte5b0ne1us2eqzhb.jx.internal.cloudapp.net, ports: [REPLICATION=39061, RATIS=38617, RATIS_ADMIN=38617, RATIS_SERVER=38617, STANDALONE=41615], networkLocation: /default-rack, certSerialId: null, persistedOpState: IN_SERVICE, persistedOpStateExpiryEpochSec: 0}81de4557-c158-4718-93a8-b16ff7f8daad{ip: 10.1.0.157, host: fv-az83-841.uavyq1izdhte5b0ne1us2eqzhb.jx.internal.cloudapp.net, ports: [REPLICATION=38531, RATIS=42037, RATIS_ADMIN=42037, RATIS_SERVER=42037, STANDALONE=40833], networkLocation: /default-rack, certSerialId: null, persistedOpState: IN_SERVICE, persistedOpStateExpiryEpochSec: 0}, ReplicationConfig: RATIS/THREE, State:ALLOCATED, leaderId:, CreationTimestamp2022-11-05T13:04:30.176Z[Etc/UTC]].
2022-11-05 13:04:30,178 [RatisPipelineUtilsThread - 0] INFO  pipeline.RatisPipelineProvider (RatisPipelineProvider.java:lambda$create$0(195)) - Sending CreatePipelineCommand for pipeline:PipelineID=7aa1f2c1-0578-4b1f-af90-ea947c079e8c to datanode:81de4557-c158-4718-93a8-b16ff7f8daad
2022-11-05 13:04:30,178 [RatisPipelineUtilsThread - 0] INFO  pipeline.RatisPipelineProvider (RatisPipelineProvider.java:lambda$create$0(195)) - Sending CreatePipelineCommand for pipeline:PipelineID=7aa1f2c1-0578-4b1f-af90-ea947c079e8c to datanode:3fdd4c6e-2961-42ba-90d3-b5f169a49f15
2022-11-05 13:04:30,178 [RatisPipelineUtilsThread - 0] INFO  pipeline.RatisPipelineProvider (RatisPipelineProvider.java:lambda$create$0(195)) - Sending CreatePipelineCommand for pipeline:PipelineID=7aa1f2c1-0578-4b1f-af90-ea947c079e8c to datanode:44bea1f4-43dd-4415-bb4e-4e9896dd68f6
2022-11-05 13:04:30,179 [RatisPipelineUtilsThread - 0] INFO  pipeline.PipelineStateManagerImpl (PipelineStateManagerImpl.java:addPipeline(103)) - Created pipeline Pipeline[ Id: 7aa1f2c1-0578-4b1f-af90-ea947c079e8c, Nodes: 81de4557-c158-4718-93a8-b16ff7f8daad{ip: 10.1.0.157, host: fv-az83-841.uavyq1izdhte5b0ne1us2eqzhb.jx.internal.cloudapp.net, ports: [REPLICATION=38531, RATIS=42037, RATIS_ADMIN=42037, RATIS_SERVER=42037, STANDALONE=40833], networkLocation: /default-rack, certSerialId: null, persistedOpState: IN_SERVICE, persistedOpStateExpiryEpochSec: 0}3fdd4c6e-2961-42ba-90d3-b5f169a49f15{ip: 10.1.0.157, host: fv-az83-841.uavyq1izdhte5b0ne1us2eqzhb.jx.internal.cloudapp.net, ports: [REPLICATION=39061, RATIS=38617, RATIS_ADMIN=38617, RATIS_SERVER=38617, STANDALONE=41615], networkLocation: /default-rack, certSerialId: null, persistedOpState: IN_SERVICE, persistedOpStateExpiryEpochSec: 0}44bea1f4-43dd-4415-bb4e-4e9896dd68f6{ip: 10.1.0.157, host: fv-az83-841.uavyq1izdhte5b0ne1us2eqzhb.jx.internal.cloudapp.net, ports: [REPLICATION=38339, RATIS=34265, RATIS_ADMIN=34265, RATIS_SERVER=34265, STANDALONE=43671], networkLocation: /default-rack, certSerialId: null, persistedOpState: IN_SERVICE, persistedOpStateExpiryEpochSec: 0}, ReplicationConfig: RATIS/THREE, State:ALLOCATED, leaderId:, CreationTimestamp2022-11-05T13:04:30.178Z[Etc/UTC]].
2022-11-05 13:04:30,179 [RatisPipelineUtilsThread - 0] INFO  pipeline.PipelineManagerImpl (PipelineManagerImpl.java:recordMetricsForPipeline(826)) - Pipeline: PipelineID=7aa1f2c1-0578-4b1f-af90-ea947c079e8c contains same datanodes as previous pipelines: PipelineID=89293485-d1ad-4757-8f6b-d5ec486ece4f nodeIds: 81de4557-c158-4718-93a8-b16ff7f8daad, 3fdd4c6e-2961-42ba-90d3-b5f169a49f15, 44bea1f4-43dd-4415-bb4e-4e9896dd68f6
2022-11-05 13:04:30,275 [Command processor thread] INFO  commandhandler.CreatePipelineCommandHandler (CreatePipelineCommandHandler.java:handle(113)) - Created Pipeline RATIS THREE PipelineID=1af4fafc-e7d0-4d63-a3c2-b6d24b272ec8.
2022-11-05 13:04:30,275 [Command processor thread] INFO  server.RaftServer (RaftServerProxy.java:addNew(96)) - 274c4b45-19e0-452f-8d1e-585a77537937: addNew group-4C9F1E15A7B6:[274c4b45-19e0-452f-8d1e-585a77537937|rpc:10.1.0.157:40915|priority:0|startupRole:FOLLOWER, 97cc06fc-4025-4c76-bebd-c1d7b79fe413|rpc:10.1.0.157:40151|priority:0|startupRole:FOLLOWER, c56757ad-2923-4297-8741-c606545d9a52|rpc:10.1.0.157:45683|priority:1|startupRole:FOLLOWER] returns group-4C9F1E15A7B6:java.util.concurrent.CompletableFuture@6737b8ba[Not completed]
2022-11-05 13:04:30,276 [pool-72-thread-1] INFO  server.RaftServer$Division (RaftServerImpl.java:<init>(195)) - 274c4b45-19e0-452f-8d1e-585a77537937: new RaftServerImpl for group-4C9F1E15A7B6:[274c4b45-19e0-452f-8d1e-585a77537937|rpc:10.1.0.157:40915|priority:0|startupRole:FOLLOWER, 97cc06fc-4025-4c76-bebd-c1d7b79fe413|rpc:10.1.0.157:40151|priority:0|startupRole:FOLLOWER, c56757ad-2923-4297-8741-c606545d9a52|rpc:10.1.0.157:45683|priority:1|startupRole:FOLLOWER] with ContainerStateMachine:uninitialized
2022-11-05 13:04:30,276 [pool-72-thread-1] INFO  server.RaftServerConfigKeys (ConfUtils.java:logGet(46)) - raft.server.rpc.timeout.min = 5s (custom)
2022-11-05 13:04:30,276 [pool-72-thread-1] INFO  server.RaftServerConfigKeys (ConfUtils.java:logGet(46)) - raft.server.rpc.timeout.max = 5200ms (custom)
2022-11-05 13:04:30,276 [pool-72-thread-1] INFO  server.RaftServerConfigKeys (ConfUtils.java:logGet(46)) - raft.server.rpc.sleep.time = 25ms (default)
2022-11-05 13:04:30,276 [pool-72-thread-1] INFO  server.RaftServerConfigKeys (ConfUtils.java:logGet(46)) - raft.server.rpc.slowness.timeout = 300s (custom)
2022-11-05 13:04:30,276 [pool-72-thread-1] INFO  server.RaftServerConfigKeys (ConfUtils.java:logGet(46)) - raft.server.leaderelection.leader.step-down.wait-time = 10s (default)
2022-11-05 13:04:30,276 [pool-72-thread-1] INFO  server.RaftServerConfigKeys (ConfUtils.java:logGet(46)) - raft.server.sleep.deviation.threshold = 300ms (default)
2022-11-05 13:04:30,277 [pool-72-thread-1] INFO  server.RaftServer$Division (ServerState.java:<init>(118)) - 274c4b45-19e0-452f-8d1e-585a77537937@group-4C9F1E15A7B6: ConfigurationManager, init=-1: peers:[274c4b45-19e0-452f-8d1e-585a77537937|rpc:10.1.0.157:40915|priority:0|startupRole:FOLLOWER, 97cc06fc-4025-4c76-bebd-c1d7b79fe413|rpc:10.1.0.157:40151|priority:0|startupRole:FOLLOWER, c56757ad-2923-4297-8741-c606545d9a52|rpc:10.1.0.157:45683|priority:1|startupRole:FOLLOWER]|listeners:[], old=null, confs=<EMPTY_MAP>
2022-11-05 13:04:30,277 [pool-72-thread-1] INFO  server.RaftServerConfigKeys (ConfUtils.java:logGet(46)) - raft.server.storage.dir = [/home/runner/work/ozone/ozone/hadoop-ozone/integration-test/target/test-dir/MiniOzoneClusterImpl-9e91b504-fe86-427b-a8de-b3d8b21cdaaf/datanode-0/data/ratis] (custom)
2022-11-05 13:04:30,277 [pool-72-thread-1] INFO  server.RaftServerConfigKeys (ConfUtils.java:logGet(46)) - raft.server.log.corruption.policy = EXCEPTION (default)
2022-11-05 13:04:30,277 [pool-72-thread-1] INFO  server.RaftServerConfigKeys (ConfUtils.java:logGet(46)) - raft.server.storage.free-space.min = 0MB (=0) (default)
2022-11-05 13:04:30,277 [pool-72-thread-1] INFO  server.RaftServerConfigKeys (ConfUtils.java:logGet(46)) - raft.server.notification.no-leader.timeout = 300s (custom)
2022-11-05 13:04:30,277 [pool-72-thread-1] INFO  server.RaftServerConfigKeys (ConfUtils.java:logGet(46)) - raft.server.retrycache.expirytime = 600000ms (custom)
2022-11-05 13:04:30,277 [pool-72-thread-1] INFO  server.RaftServerConfigKeys (ConfUtils.java:logGet(46)) - raft.server.retrycache.statistics.expirytime = 100μs (default)
2022-11-05 13:04:30,278 [pool-72-thread-1] INFO  server.RaftServerConfigKeys (ConfUtils.java:logGet(46)) - raft.server.log.appender.install.snapshot.enabled = false (custom)
2022-11-05 13:04:30,278 [pool-72-thread-1] INFO  server.RaftServerConfigKeys (ConfUtils.java:logGet(46)) - raft.server.threadpool.server.cached = true (default)
2022-11-05 13:04:30,278 [pool-72-thread-1] INFO  server.RaftServerConfigKeys (ConfUtils.java:logGet(46)) - raft.server.threadpool.server.size = 0 (default)
2022-11-05 13:04:30,278 [pool-72-thread-1] INFO  server.RaftServerConfigKeys (ConfUtils.java:logGet(46)) - raft.server.threadpool.client.cached = true (default)
2022-11-05 13:04:30,278 [pool-72-thread-1] INFO  server.RaftServerConfigKeys (ConfUtils.java:logGet(46)) - raft.server.threadpool.client.size = 0 (default)
2022-11-05 13:04:30,279 [pool-72-thread-1] INFO  storage.RaftStorageDirectory (RaftStorageDirectoryImpl.java:analyzeStorage(137)) - The storage directory /home/runner/work/ozone/ozone/hadoop-ozone/integration-test/target/test-dir/MiniOzoneClusterImpl-9e91b504-fe86-427b-a8de-b3d8b21cdaaf/datanode-0/data/ratis/b3809356-d77c-4758-923c-4c9f1e15a7b6 does not exist. Creating ...
2022-11-05 13:04:30,290 [pool-72-thread-1] INFO  storage.RaftStorageDirectory (RaftStorageDirectoryImpl.java:tryLock(231)) - Lock on /home/runner/work/ozone/ozone/hadoop-ozone/integration-test/target/test-dir/MiniOzoneClusterImpl-9e91b504-fe86-427b-a8de-b3d8b21cdaaf/datanode-0/data/ratis/b3809356-d77c-4758-923c-4c9f1e15a7b6/in_use.lock acquired by nodename 14719@fv-az83-841
2022-11-05 13:04:30,291 [Command processor thread] INFO  commandhandler.CreatePipelineCommandHandler (CreatePipelineCommandHandler.java:handle(113)) - Created Pipeline RATIS THREE PipelineID=1af4fafc-e7d0-4d63-a3c2-b6d24b272ec8.
2022-11-05 13:04:30,292 [Command processor thread] INFO  server.RaftServer (RaftServerProxy.java:addNew(96)) - 97cc06fc-4025-4c76-bebd-c1d7b79fe413: addNew group-4C9F1E15A7B6:[274c4b45-19e0-452f-8d1e-585a77537937|rpc:10.1.0.157:40915|priority:0|startupRole:FOLLOWER, 97cc06fc-4025-4c76-bebd-c1d7b79fe413|rpc:10.1.0.157:40151|priority:0|startupRole:FOLLOWER, c56757ad-2923-4297-8741-c606545d9a52|rpc:10.1.0.157:45683|priority:1|startupRole:FOLLOWER] returns group-4C9F1E15A7B6:java.util.concurrent.CompletableFuture@4da4b94[Not completed]
2022-11-05 13:04:30,293 [pool-95-thread-1] INFO  server.RaftServer$Division (RaftServerImpl.java:<init>(195)) - 97cc06fc-4025-4c76-bebd-c1d7b79fe413: new RaftServerImpl for group-4C9F1E15A7B6:[274c4b45-19e0-452f-8d1e-585a77537937|rpc:10.1.0.157:40915|priority:0|startupRole:FOLLOWER, 97cc06fc-4025-4c76-bebd-c1d7b79fe413|rpc:10.1.0.157:40151|priority:0|startupRole:FOLLOWER, c56757ad-2923-4297-8741-c606545d9a52|rpc:10.1.0.157:45683|priority:1|startupRole:FOLLOWER] with ContainerStateMachine:uninitialized
2022-11-05 13:04:30,293 [pool-95-thread-1] INFO  server.RaftServerConfigKeys (ConfUtils.java:logGet(46)) - raft.server.rpc.timeout.min = 5s (custom)
2022-11-05 13:04:30,293 [pool-95-thread-1] INFO  server.RaftServerConfigKeys (ConfUtils.java:logGet(46)) - raft.server.rpc.timeout.max = 5200ms (custom)
2022-11-05 13:04:30,293 [pool-95-thread-1] INFO  server.RaftServerConfigKeys (ConfUtils.java:logGet(46)) - raft.server.rpc.sleep.time = 25ms (default)
2022-11-05 13:04:30,293 [pool-95-thread-1] INFO  server.RaftServerConfigKeys (ConfUtils.java:logGet(46)) - raft.server.rpc.slowness.timeout = 300s (custom)
2022-11-05 13:04:30,293 [pool-95-thread-1] INFO  server.RaftServerConfigKeys (ConfUtils.java:logGet(46)) - raft.server.leaderelection.leader.step-down.wait-time = 10s (default)
2022-11-05 13:04:30,293 [pool-95-thread-1] INFO  server.RaftServerConfigKeys (ConfUtils.java:logGet(46)) - raft.server.sleep.deviation.threshold = 300ms (default)
2022-11-05 13:04:30,293 [pool-95-thread-1] INFO  server.RaftServer$Division (ServerState.java:<init>(118)) - 97cc06fc-4025-4c76-bebd-c1d7b79fe413@group-4C9F1E15A7B6: ConfigurationManager, init=-1: peers:[274c4b45-19e0-452f-8d1e-585a77537937|rpc:10.1.0.157:40915|priority:0|startupRole:FOLLOWER, 97cc06fc-4025-4c76-bebd-c1d7b79fe413|rpc:10.1.0.157:40151|priority:0|startupRole:FOLLOWER, c56757ad-2923-4297-8741-c606545d9a52|rpc:10.1.0.157:45683|priority:1|startupRole:FOLLOWER]|listeners:[], old=null, confs=<EMPTY_MAP>
2022-11-05 13:04:30,293 [pool-95-thread-1] INFO  server.RaftServerConfigKeys (ConfUtils.java:logGet(46)) - raft.server.storage.dir = [/home/runner/work/ozone/ozone/hadoop-ozone/integration-test/target/test-dir/MiniOzoneClusterImpl-9e91b504-fe86-427b-a8de-b3d8b21cdaaf/datanode-1/data/ratis] (custom)
2022-11-05 13:04:30,293 [pool-95-thread-1] INFO  server.RaftServerConfigKeys (ConfUtils.java:logGet(46)) - raft.server.log.corruption.policy = EXCEPTION (default)
2022-11-05 13:04:30,293 [pool-95-thread-1] INFO  server.RaftServerConfigKeys (ConfUtils.java:logGet(46)) - raft.server.storage.free-space.min = 0MB (=0) (default)
2022-11-05 13:04:30,293 [pool-95-thread-1] INFO  server.RaftServerConfigKeys (ConfUtils.java:logGet(46)) - raft.server.notification.no-leader.timeout = 300s (custom)
2022-11-05 13:04:30,293 [pool-95-thread-1] INFO  server.RaftServerConfigKeys (ConfUtils.java:logGet(46)) - raft.server.retrycache.expirytime = 600000ms (custom)
2022-11-05 13:04:30,293 [pool-95-thread-1] INFO  server.RaftServerConfigKeys (ConfUtils.java:logGet(46)) - raft.server.retrycache.statistics.expirytime = 100μs (default)
2022-11-05 13:04:30,295 [pool-95-thread-1] INFO  server.RaftServerConfigKeys (ConfUtils.java:logGet(46)) - raft.server.log.appender.install.snapshot.enabled = false (custom)
2022-11-05 13:04:30,295 [pool-95-thread-1] INFO  server.RaftServerConfigKeys (ConfUtils.java:logGet(46)) - raft.server.threadpool.server.cached = true (default)
2022-11-05 13:04:30,295 [pool-95-thread-1] INFO  server.RaftServerConfigKeys (ConfUtils.java:logGet(46)) - raft.server.threadpool.server.size = 0 (default)
2022-11-05 13:04:30,295 [pool-95-thread-1] INFO  server.RaftServerConfigKeys (ConfUtils.java:logGet(46)) - raft.server.threadpool.client.cached = true (default)
2022-11-05 13:04:30,295 [pool-95-thread-1] INFO  server.RaftServerConfigKeys (ConfUtils.java:logGet(46)) - raft.server.threadpool.client.size = 0 (default)
2022-11-05 13:04:30,295 [pool-95-thread-1] INFO  storage.RaftStorageDirectory (RaftStorageDirectoryImpl.java:analyzeStorage(137)) - The storage directory /home/runner/work/ozone/ozone/hadoop-ozone/integration-test/target/test-dir/MiniOzoneClusterImpl-9e91b504-fe86-427b-a8de-b3d8b21cdaaf/datanode-1/data/ratis/b3809356-d77c-4758-923c-4c9f1e15a7b6 does not exist. Creating ...
2022-11-05 13:04:30,298 [pool-72-thread-1] INFO  storage.RaftStorage (RaftStorageImpl.java:format(96)) - Storage directory /home/runner/work/ozone/ozone/hadoop-ozone/integration-test/target/test-dir/MiniOzoneClusterImpl-9e91b504-fe86-427b-a8de-b3d8b21cdaaf/datanode-0/data/ratis/b3809356-d77c-4758-923c-4c9f1e15a7b6 has been successfully formatted.
2022-11-05 13:04:30,299 [pool-72-thread-1] INFO  ratis.ContainerStateMachine (ContainerStateMachine.java:loadSnapshot(236)) - group-4C9F1E15A7B6: The snapshot info is null. Setting the last applied indexto:(t:0, i:~)
2022-11-05 13:04:30,299 [pool-72-thread-1] INFO  server.RaftServerConfigKeys (ConfUtils.java:logGet(46)) - raft.server.log.use.memory = false (default)
2022-11-05 13:04:30,299 [pool-72-thread-1] INFO  server.RaftServerConfigKeys (ConfUtils.java:logGet(46)) - raft.server.log.purge.gap = 1000000 (custom)
2022-11-05 13:04:30,299 [pool-72-thread-1] INFO  server.RaftServerConfigKeys (ConfUtils.java:logGet(46)) - raft.server.log.appender.buffer.byte-limit = 33554432 (custom)
2022-11-05 13:04:30,299 [pool-72-thread-1] INFO  server.RaftServerConfigKeys (ConfUtils.java:logGet(46)) - raft.server.log.statemachine.data.read.timeout = 1000ms (default)
2022-11-05 13:04:30,299 [pool-72-thread-1] INFO  server.RaftServerConfigKeys (ConfUtils.java:logGet(46)) - raft.server.log.purge.preservation.log.num = 0 (default)
2022-11-05 13:04:30,299 [pool-72-thread-1] INFO  server.RaftServerConfigKeys (ConfUtils.java:logGet(46)) - raft.server.log.segment.size.max = 1048576 (custom)
2022-11-05 13:04:30,300 [pool-72-thread-1] INFO  server.RaftServerConfigKeys (ConfUtils.java:logGet(46)) - raft.server.log.segment.cache.num.max = 2 (custom)
2022-11-05 13:04:30,302 [pool-72-thread-1] INFO  server.RaftServerConfigKeys (ConfUtils.java:logGet(46)) - raft.server.log.segment.cache.size.max = 200MB (=209715200) (default)
2022-11-05 13:04:30,302 [pool-72-thread-1] INFO  segmented.SegmentedRaftLogWorker (SegmentedRaftLogWorker.java:<init>(191)) - new 274c4b45-19e0-452f-8d1e-585a77537937@group-4C9F1E15A7B6-SegmentedRaftLogWorker for RaftStorageImpl:Storage Directory /home/runner/work/ozone/ozone/hadoop-ozone/integration-test/target/test-dir/MiniOzoneClusterImpl-9e91b504-fe86-427b-a8de-b3d8b21cdaaf/datanode-0/data/ratis/b3809356-d77c-4758-923c-4c9f1e15a7b6
2022-11-05 13:04:30,302 [pool-72-thread-1] INFO  server.RaftServerConfigKeys (ConfUtils.java:logGet(46)) - raft.server.log.queue.byte-limit = 4294967296 (custom)
2022-11-05 13:04:30,302 [pool-72-thread-1] INFO  server.RaftServerConfigKeys (ConfUtils.java:logGet(46)) - raft.server.log.queue.element-limit = 1024 (custom)
2022-11-05 13:04:30,302 [pool-72-thread-1] INFO  server.RaftServerConfigKeys (ConfUtils.java:logGet(46)) - raft.server.log.segment.size.max = 1048576 (custom)
2022-11-05 13:04:30,302 [pool-72-thread-1] INFO  server.RaftServerConfigKeys (ConfUtils.java:logGet(46)) - raft.server.log.preallocated.size = 16384 (custom)
2022-11-05 13:04:30,302 [pool-72-thread-1] INFO  server.RaftServerConfigKeys (ConfUtils.java:logGet(46)) - raft.server.log.force.sync.num = 128 (default)
2022-11-05 13:04:30,302 [pool-72-thread-1] INFO  server.RaftServerConfigKeys (ConfUtils.java:logGet(46)) - raft.server.log.statemachine.data.sync = true (default)
2022-11-05 13:04:30,302 [pool-72-thread-1] INFO  server.RaftServerConfigKeys (ConfUtils.java:logGet(46)) - raft.server.log.statemachine.data.sync.timeout = 10s (default)
2022-11-05 13:04:30,302 [pool-72-thread-1] INFO  server.RaftServerConfigKeys (ConfUtils.java:logGet(46)) - raft.server.log.statemachine.data.sync.timeout.retry = -1 (default)
2022-11-05 13:04:30,303 [EventQueue-OpenPipelineForHealthyPipelineSafeModeRule] INFO  safemode.SCMSafeModeManager (HealthyPipelineSafeModeRule.java:process(137)) - SCM in safe mode. Healthy pipelines reported count is 0, required healthy pipeline reported count is 1
2022-11-05 13:04:30,303 [pool-72-thread-1] INFO  server.RaftServerConfigKeys (ConfUtils.java:logGet(46)) - raft.server.log.write.buffer.size = 1048576 (custom)
2022-11-05 13:04:30,304 [pool-72-thread-1] INFO  server.RaftServerConfigKeys (ConfUtils.java:logGet(46)) - raft.server.log.unsafe-flush.enabled = false (default)
2022-11-05 13:04:30,304 [pool-72-thread-1] INFO  server.RaftServerConfigKeys (ConfUtils.java:logGet(46)) - raft.server.log.async-flush.enabled = false (default)
2022-11-05 13:04:30,304 [pool-72-thread-1] INFO  server.RaftServerConfigKeys (ConfUtils.java:logGet(46)) - raft.server.log.statemachine.data.caching.enabled = true (custom)
2022-11-05 13:04:30,304 [pool-72-thread-1] INFO  segmented.SegmentedRaftLogWorker (SegmentedRaftLogWorker.java:lambda$new$0(136)) - 274c4b45-19e0-452f-8d1e-585a77537937@group-4C9F1E15A7B6-SegmentedRaftLogWorker: flushIndex: setUnconditionally 0 -> -1
2022-11-05 13:04:30,304 [pool-72-thread-1] INFO  segmented.SegmentedRaftLogWorker (SegmentedRaftLogWorker.java:lambda$new$0(136)) - 274c4b45-19e0-452f-8d1e-585a77537937@group-4C9F1E15A7B6-SegmentedRaftLogWorker: safeCacheEvictIndex: setUnconditionally 0 -> -1
2022-11-05 13:04:30,304 [pool-95-thread-1] INFO  storage.RaftStorageDirectory (RaftStorageDirectoryImpl.java:tryLock(231)) - Lock on /home/runner/work/ozone/ozone/hadoop-ozone/integration-test/target/test-dir/MiniOzoneClusterImpl-9e91b504-fe86-427b-a8de-b3d8b21cdaaf/datanode-1/data/ratis/b3809356-d77c-4758-923c-4c9f1e15a7b6/in_use.lock acquired by nodename 14719@fv-az83-841
2022-11-05 13:04:30,309 [pool-72-thread-1] INFO  server.RaftServer$Division (RaftServerImpl.java:start(334)) - 274c4b45-19e0-452f-8d1e-585a77537937@group-4C9F1E15A7B6: start as a follower, conf=-1: peers:[274c4b45-19e0-452f-8d1e-585a77537937|rpc:10.1.0.157:40915|priority:0|startupRole:FOLLOWER, 97cc06fc-4025-4c76-bebd-c1d7b79fe413|rpc:10.1.0.157:40151|priority:0|startupRole:FOLLOWER, c56757ad-2923-4297-8741-c606545d9a52|rpc:10.1.0.157:45683|priority:1|startupRole:FOLLOWER]|listeners:[], old=null
2022-11-05 13:04:30,309 [pool-72-thread-1] INFO  server.RaftServer$Division (RaftServerImpl.java:setRole(321)) - 274c4b45-19e0-452f-8d1e-585a77537937@group-4C9F1E15A7B6: changes role from      null to FOLLOWER at term 0 for startAsFollower
2022-11-05 13:04:30,309 [pool-72-thread-1] INFO  impl.RoleInfo (RoleInfo.java:updateAndGet(139)) - 274c4b45-19e0-452f-8d1e-585a77537937: start 274c4b45-19e0-452f-8d1e-585a77537937@group-4C9F1E15A7B6-FollowerState
2022-11-05 13:04:30,309 [pool-72-thread-1] INFO  util.JmxRegister (JmxRegister.java:tryRegister(44)) - Successfully registered JMX Bean with object name Ratis:service=RaftServer,group=group-4C9F1E15A7B6,id=274c4b45-19e0-452f-8d1e-585a77537937
2022-11-05 13:04:30,309 [pool-72-thread-1] INFO  server.RaftServerConfigKeys (ConfUtils.java:logGet(46)) - raft.server.snapshot.auto.trigger.enabled = true (custom)
2022-11-05 13:04:30,309 [pool-72-thread-1] INFO  server.RaftServerConfigKeys (ConfUtils.java:logGet(46)) - raft.server.snapshot.auto.trigger.threshold = 10000 (custom)
2022-11-05 13:04:30,309 [pool-72-thread-1] INFO  server.RaftServerConfigKeys (ConfUtils.java:logGet(46)) - raft.server.snapshot.retention.file.num = 5 (custom)
2022-11-05 13:04:30,309 [pool-72-thread-1] INFO  server.RaftServerConfigKeys (ConfUtils.java:logGet(46)) - raft.server.log.purge.upto.snapshot.index = false (default)
2022-11-05 13:04:30,310 [274c4b45-19e0-452f-8d1e-585a77537937@group-4C9F1E15A7B6-FollowerState] INFO  server.RaftServerConfigKeys (ConfUtils.java:logFallback(53)) - raft.server.rpc.first-election.timeout.min = 5s (fallback to raft.server.rpc.timeout.min)
2022-11-05 13:04:30,310 [274c4b45-19e0-452f-8d1e-585a77537937@group-4C9F1E15A7B6-FollowerState] INFO  server.RaftServerConfigKeys (ConfUtils.java:logFallback(53)) - raft.server.rpc.first-election.timeout.max = 5200ms (fallback to raft.server.rpc.timeout.max)
2022-11-05 13:04:30,310 [Command processor thread] INFO  ratis.XceiverServerRatis (XceiverServerRatis.java:addGroup(765)) - Created group PipelineID=b3809356-d77c-4758-923c-4c9f1e15a7b6
2022-11-05 13:04:30,314 [pool-95-thread-1] INFO  storage.RaftStorage (RaftStorageImpl.java:format(96)) - Storage directory /home/runner/work/ozone/ozone/hadoop-ozone/integration-test/target/test-dir/MiniOzoneClusterImpl-9e91b504-fe86-427b-a8de-b3d8b21cdaaf/datanode-1/data/ratis/b3809356-d77c-4758-923c-4c9f1e15a7b6 has been successfully formatted.
2022-11-05 13:04:30,314 [pool-95-thread-1] INFO  ratis.ContainerStateMachine (ContainerStateMachine.java:loadSnapshot(236)) - group-4C9F1E15A7B6: The snapshot info is null. Setting the last applied indexto:(t:0, i:~)
2022-11-05 13:04:30,314 [pool-95-thread-1] INFO  server.RaftServerConfigKeys (ConfUtils.java:logGet(46)) - raft.server.log.use.memory = false (default)
2022-11-05 13:04:30,314 [pool-95-thread-1] INFO  server.RaftServerConfigKeys (ConfUtils.java:logGet(46)) - raft.server.log.purge.gap = 1000000 (custom)
2022-11-05 13:04:30,314 [pool-95-thread-1] INFO  server.RaftServerConfigKeys (ConfUtils.java:logGet(46)) - raft.server.log.appender.buffer.byte-limit = 33554432 (custom)
2022-11-05 13:04:30,314 [pool-95-thread-1] INFO  server.RaftServerConfigKeys (ConfUtils.java:logGet(46)) - raft.server.log.statemachine.data.read.timeout = 1000ms (default)
2022-11-05 13:04:30,314 [pool-95-thread-1] INFO  server.RaftServerConfigKeys (ConfUtils.java:logGet(46)) - raft.server.log.purge.preservation.log.num = 0 (default)
2022-11-05 13:04:30,314 [pool-95-thread-1] INFO  server.RaftServerConfigKeys (ConfUtils.java:logGet(46)) - raft.server.log.segment.size.max = 1048576 (custom)
2022-11-05 13:04:30,316 [Command processor thread] INFO  server.RaftServer (RaftServerProxy.java:addNew(96)) - c56757ad-2923-4297-8741-c606545d9a52: addNew group-60E6F5B2365A:[c56757ad-2923-4297-8741-c606545d9a52|rpc:10.1.0.157:45683|priority:1|startupRole:FOLLOWER] returns group-60E6F5B2365A:java.util.concurrent.CompletableFuture@598255f9[Not completed]
2022-11-05 13:04:30,318 [pool-95-thread-1] INFO  server.RaftServerConfigKeys (ConfUtils.java:logGet(46)) - raft.server.log.segment.cache.num.max = 2 (custom)
2022-11-05 13:04:30,318 [pool-95-thread-1] INFO  server.RaftServerConfigKeys (ConfUtils.java:logGet(46)) - raft.server.log.segment.cache.size.max = 200MB (=209715200) (default)
2022-11-05 13:04:30,318 [pool-95-thread-1] INFO  segmented.SegmentedRaftLogWorker (SegmentedRaftLogWorker.java:<init>(191)) - new 97cc06fc-4025-4c76-bebd-c1d7b79fe413@group-4C9F1E15A7B6-SegmentedRaftLogWorker for RaftStorageImpl:Storage Directory /home/runner/work/ozone/ozone/hadoop-ozone/integration-test/target/test-dir/MiniOzoneClusterImpl-9e91b504-fe86-427b-a8de-b3d8b21cdaaf/datanode-1/data/ratis/b3809356-d77c-4758-923c-4c9f1e15a7b6
2022-11-05 13:04:30,318 [pool-95-thread-1] INFO  server.RaftServerConfigKeys (ConfUtils.java:logGet(46)) - raft.server.log.queue.byte-limit = 4294967296 (custom)
2022-11-05 13:04:30,318 [pool-95-thread-1] INFO  server.RaftServerConfigKeys (ConfUtils.java:logGet(46)) - raft.server.log.queue.element-limit = 1024 (custom)
2022-11-05 13:04:30,318 [pool-95-thread-1] INFO  server.RaftServerConfigKeys (ConfUtils.java:logGet(46)) - raft.server.log.segment.size.max = 1048576 (custom)
2022-11-05 13:04:30,318 [pool-95-thread-1] INFO  server.RaftServerConfigKeys (ConfUtils.java:logGet(46)) - raft.server.log.preallocated.size = 16384 (custom)
2022-11-05 13:04:30,318 [pool-95-thread-1] INFO  server.RaftServerConfigKeys (ConfUtils.java:logGet(46)) - raft.server.log.force.sync.num = 128 (default)
2022-11-05 13:04:30,318 [pool-95-thread-1] INFO  server.RaftServerConfigKeys (ConfUtils.java:logGet(46)) - raft.server.log.statemachine.data.sync = true (default)
2022-11-05 13:04:30,318 [pool-95-thread-1] INFO  server.RaftServerConfigKeys (ConfUtils.java:logGet(46)) - raft.server.log.statemachine.data.sync.timeout = 10s (default)
2022-11-05 13:04:30,318 [pool-95-thread-1] INFO  server.RaftServerConfigKeys (ConfUtils.java:logGet(46)) - raft.server.log.statemachine.data.sync.timeout.retry = -1 (default)
2022-11-05 13:04:30,319 [pool-118-thread-1] INFO  server.RaftServer$Division (RaftServerImpl.java:<init>(195)) - c56757ad-2923-4297-8741-c606545d9a52: new RaftServerImpl for group-60E6F5B2365A:[c56757ad-2923-4297-8741-c606545d9a52|rpc:10.1.0.157:45683|priority:1|startupRole:FOLLOWER] with ContainerStateMachine:uninitialized
2022-11-05 13:04:30,319 [pool-118-thread-1] INFO  server.RaftServerConfigKeys (ConfUtils.java:logGet(46)) - raft.server.rpc.timeout.min = 5s (custom)
2022-11-05 13:04:30,319 [pool-118-thread-1] INFO  server.RaftServerConfigKeys (ConfUtils.java:logGet(46)) - raft.server.rpc.timeout.max = 5200ms (custom)
2022-11-05 13:04:30,321 [pool-118-thread-1] INFO  server.RaftServerConfigKeys (ConfUtils.java:logGet(46)) - raft.server.rpc.sleep.time = 25ms (default)
2022-11-05 13:04:30,322 [pool-118-thread-1] INFO  server.RaftServerConfigKeys (ConfUtils.java:logGet(46)) - raft.server.rpc.slowness.timeout = 300s (custom)
2022-11-05 13:04:30,322 [pool-118-thread-1] INFO  server.RaftServerConfigKeys (ConfUtils.java:logGet(46)) - raft.server.leaderelection.leader.step-down.wait-time = 10s (default)
2022-11-05 13:04:30,322 [pool-118-thread-1] INFO  server.RaftServerConfigKeys (ConfUtils.java:logGet(46)) - raft.server.sleep.deviation.threshold = 300ms (default)
2022-11-05 13:04:30,322 [pool-118-thread-1] INFO  server.RaftServer$Division (ServerState.java:<init>(118)) - c56757ad-2923-4297-8741-c606545d9a52@group-60E6F5B2365A: ConfigurationManager, init=-1: peers:[c56757ad-2923-4297-8741-c606545d9a52|rpc:10.1.0.157:45683|priority:1|startupRole:FOLLOWER]|listeners:[], old=null, confs=<EMPTY_MAP>
2022-11-05 13:04:30,322 [pool-118-thread-1] INFO  server.RaftServerConfigKeys (ConfUtils.java:logGet(46)) - raft.server.storage.dir = [/home/runner/work/ozone/ozone/hadoop-ozone/integration-test/target/test-dir/MiniOzoneClusterImpl-9e91b504-fe86-427b-a8de-b3d8b21cdaaf/datanode-2/data/ratis] (custom)
2022-11-05 13:04:30,322 [pool-118-thread-1] INFO  server.RaftServerConfigKeys (ConfUtils.java:logGet(46)) - raft.server.log.corruption.policy = EXCEPTION (default)
2022-11-05 13:04:30,322 [pool-118-thread-1] INFO  server.RaftServerConfigKeys (ConfUtils.java:logGet(46)) - raft.server.storage.free-space.min = 0MB (=0) (default)
2022-11-05 13:04:30,323 [pool-118-thread-1] INFO  server.RaftServerConfigKeys (ConfUtils.java:logGet(46)) - raft.server.notification.no-leader.timeout = 300s (custom)
2022-11-05 13:04:30,323 [pool-118-thread-1] INFO  server.RaftServerConfigKeys (ConfUtils.java:logGet(46)) - raft.server.retrycache.expirytime = 600000ms (custom)
2022-11-05 13:04:30,323 [pool-118-thread-1] INFO  server.RaftServerConfigKeys (ConfUtils.java:logGet(46)) - raft.server.retrycache.statistics.expirytime = 100μs (default)
2022-11-05 13:04:30,321 [EventQueue-OpenPipelineForHealthyPipelineSafeModeRule] INFO  safemode.SCMSafeModeManager (HealthyPipelineSafeModeRule.java:process(137)) - SCM in safe mode. Healthy pipelines reported count is 0, required healthy pipeline reported count is 1
2022-11-05 13:04:30,321 [pool-95-thread-1] INFO  server.RaftServerConfigKeys (ConfUtils.java:logGet(46)) - raft.server.log.write.buffer.size = 1048576 (custom)
2022-11-05 13:04:30,325 [pool-118-thread-1] INFO  server.RaftServerConfigKeys (ConfUtils.java:logGet(46)) - raft.server.log.appender.install.snapshot.enabled = false (custom)
2022-11-05 13:04:30,325 [pool-118-thread-1] INFO  server.RaftServerConfigKeys (ConfUtils.java:logGet(46)) - raft.server.threadpool.server.cached = true (default)
2022-11-05 13:04:30,325 [pool-118-thread-1] INFO  server.RaftServerConfigKeys (ConfUtils.java:logGet(46)) - raft.server.threadpool.server.size = 0 (default)
2022-11-05 13:04:30,325 [pool-118-thread-1] INFO  server.RaftServerConfigKeys (ConfUtils.java:logGet(46)) - raft.server.threadpool.client.cached = true (default)
2022-11-05 13:04:30,325 [pool-118-thread-1] INFO  server.RaftServerConfigKeys (ConfUtils.java:logGet(46)) - raft.server.threadpool.client.size = 0 (default)
2022-11-05 13:04:30,326 [pool-118-thread-1] INFO  storage.RaftStorageDirectory (RaftStorageDirectoryImpl.java:analyzeStorage(137)) - The storage directory /home/runner/work/ozone/ozone/hadoop-ozone/integration-test/target/test-dir/MiniOzoneClusterImpl-9e91b504-fe86-427b-a8de-b3d8b21cdaaf/datanode-2/data/ratis/171dd0eb-640e-478d-926a-60e6f5b2365a does not exist. Creating ...
2022-11-05 13:04:30,326 [pool-95-thread-1] INFO  server.RaftServerConfigKeys (ConfUtils.java:logGet(46)) - raft.server.log.unsafe-flush.enabled = false (default)
2022-11-05 13:04:30,326 [pool-95-thread-1] INFO  server.RaftServerConfigKeys (ConfUtils.java:logGet(46)) - raft.server.log.async-flush.enabled = false (default)
2022-11-05 13:04:30,326 [pool-95-thread-1] INFO  server.RaftServerConfigKeys (ConfUtils.java:logGet(46)) - raft.server.log.statemachine.data.caching.enabled = true (custom)
2022-11-05 13:04:30,326 [pool-95-thread-1] INFO  segmented.SegmentedRaftLogWorker (SegmentedRaftLogWorker.java:lambda$new$0(136)) - 97cc06fc-4025-4c76-bebd-c1d7b79fe413@group-4C9F1E15A7B6-SegmentedRaftLogWorker: flushIndex: setUnconditionally 0 -> -1
2022-11-05 13:04:30,326 [pool-95-thread-1] INFO  segmented.SegmentedRaftLogWorker (SegmentedRaftLogWorker.java:lambda$new$0(136)) - 97cc06fc-4025-4c76-bebd-c1d7b79fe413@group-4C9F1E15A7B6-SegmentedRaftLogWorker: safeCacheEvictIndex: setUnconditionally 0 -> -1
2022-11-05 13:04:30,328 [pool-95-thread-1] INFO  server.RaftServer$Division (RaftServerImpl.java:start(334)) - 97cc06fc-4025-4c76-bebd-c1d7b79fe413@group-4C9F1E15A7B6: start as a follower, conf=-1: peers:[274c4b45-19e0-452f-8d1e-585a77537937|rpc:10.1.0.157:40915|priority:0|startupRole:FOLLOWER, 97cc06fc-4025-4c76-bebd-c1d7b79fe413|rpc:10.1.0.157:40151|priority:0|startupRole:FOLLOWER, c56757ad-2923-4297-8741-c606545d9a52|rpc:10.1.0.157:45683|priority:1|startupRole:FOLLOWER]|listeners:[], old=null
2022-11-05 13:04:30,328 [pool-95-thread-1] INFO  server.RaftServer$Division (RaftServerImpl.java:setRole(321)) - 97cc06fc-4025-4c76-bebd-c1d7b79fe413@group-4C9F1E15A7B6: changes role from      null to FOLLOWER at term 0 for startAsFollower
2022-11-05 13:04:30,328 [pool-95-thread-1] INFO  impl.RoleInfo (RoleInfo.java:updateAndGet(139)) - 97cc06fc-4025-4c76-bebd-c1d7b79fe413: start 97cc06fc-4025-4c76-bebd-c1d7b79fe413@group-4C9F1E15A7B6-FollowerState
2022-11-05 13:04:30,328 [pool-95-thread-1] INFO  util.JmxRegister (JmxRegister.java:tryRegister(44)) - Successfully registered JMX Bean with object name Ratis:service=RaftServer,group=group-4C9F1E15A7B6,id=97cc06fc-4025-4c76-bebd-c1d7b79fe413
2022-11-05 13:04:30,328 [pool-95-thread-1] INFO  server.RaftServerConfigKeys (ConfUtils.java:logGet(46)) - raft.server.snapshot.auto.trigger.enabled = true (custom)
2022-11-05 13:04:30,328 [pool-95-thread-1] INFO  server.RaftServerConfigKeys (ConfUtils.java:logGet(46)) - raft.server.snapshot.auto.trigger.threshold = 10000 (custom)
2022-11-05 13:04:30,328 [pool-95-thread-1] INFO  server.RaftServerConfigKeys (ConfUtils.java:logGet(46)) - raft.server.snapshot.retention.file.num = 5 (custom)
2022-11-05 13:04:30,328 [grpc-default-executor-0] INFO  server.RaftServer (RaftServerProxy.java:addNew(96)) - c56757ad-2923-4297-8741-c606545d9a52: addNew group-4C9F1E15A7B6:[274c4b45-19e0-452f-8d1e-585a77537937|rpc:10.1.0.157:40915|dataStream:|priority:0|startupRole:FOLLOWER, 97cc06fc-4025-4c76-bebd-c1d7b79fe413|rpc:10.1.0.157:40151|dataStream:|priority:0|startupRole:FOLLOWER, c56757ad-2923-4297-8741-c606545d9a52|rpc:10.1.0.157:45683|dataStream:|priority:1|startupRole:FOLLOWER] returns group-4C9F1E15A7B6:java.util.concurrent.CompletableFuture@6b985e7a[Not completed]
2022-11-05 13:04:30,329 [pool-95-thread-1] INFO  server.RaftServerConfigKeys (ConfUtils.java:logGet(46)) - raft.server.log.purge.upto.snapshot.index = false (default)
2022-11-05 13:04:30,329 [97cc06fc-4025-4c76-bebd-c1d7b79fe413@group-4C9F1E15A7B6-FollowerState] INFO  server.RaftServerConfigKeys (ConfUtils.java:logFallback(53)) - raft.server.rpc.first-election.timeout.min = 5s (fallback to raft.server.rpc.timeout.min)
2022-11-05 13:04:30,330 [97cc06fc-4025-4c76-bebd-c1d7b79fe413@group-4C9F1E15A7B6-FollowerState] INFO  server.RaftServerConfigKeys (ConfUtils.java:logFallback(53)) - raft.server.rpc.first-election.timeout.max = 5200ms (fallback to raft.server.rpc.timeout.max)
2022-11-05 13:04:30,330 [Command processor thread] INFO  ratis.XceiverServerRatis (XceiverServerRatis.java:addGroup(765)) - Created group PipelineID=b3809356-d77c-4758-923c-4c9f1e15a7b6
2022-11-05 13:04:30,333 [pool-118-thread-1] INFO  storage.RaftStorageDirectory (RaftStorageDirectoryImpl.java:tryLock(231)) - Lock on /home/runner/work/ozone/ozone/hadoop-ozone/integration-test/target/test-dir/MiniOzoneClusterImpl-9e91b504-fe86-427b-a8de-b3d8b21cdaaf/datanode-2/data/ratis/171dd0eb-640e-478d-926a-60e6f5b2365a/in_use.lock acquired by nodename 14719@fv-az83-841
2022-11-05 13:04:30,341 [pool-118-thread-1] INFO  storage.RaftStorage (RaftStorageImpl.java:format(96)) - Storage directory /home/runner/work/ozone/ozone/hadoop-ozone/integration-test/target/test-dir/MiniOzoneClusterImpl-9e91b504-fe86-427b-a8de-b3d8b21cdaaf/datanode-2/data/ratis/171dd0eb-640e-478d-926a-60e6f5b2365a has been successfully formatted.
2022-11-05 13:04:30,341 [pool-118-thread-1] INFO  ratis.ContainerStateMachine (ContainerStateMachine.java:loadSnapshot(236)) - group-60E6F5B2365A: The snapshot info is null. Setting the last applied indexto:(t:0, i:~)
2022-11-05 13:04:30,341 [pool-118-thread-1] INFO  server.RaftServerConfigKeys (ConfUtils.java:logGet(46)) - raft.server.log.use.memory = false (default)
2022-11-05 13:04:30,341 [pool-118-thread-1] INFO  server.RaftServerConfigKeys (ConfUtils.java:logGet(46)) - raft.server.log.purge.gap = 1000000 (custom)
2022-11-05 13:04:30,342 [pool-118-thread-1] INFO  server.RaftServerConfigKeys (ConfUtils.java:logGet(46)) - raft.server.log.appender.buffer.byte-limit = 33554432 (custom)
2022-11-05 13:04:30,342 [pool-118-thread-1] INFO  server.RaftServerConfigKeys (ConfUtils.java:logGet(46)) - raft.server.log.statemachine.data.read.timeout = 1000ms (default)
2022-11-05 13:04:30,342 [pool-118-thread-1] INFO  server.RaftServerConfigKeys (ConfUtils.java:logGet(46)) - raft.server.log.purge.preservation.log.num = 0 (default)
2022-11-05 13:04:30,342 [pool-118-thread-1] INFO  server.RaftServerConfigKeys (ConfUtils.java:logGet(46)) - raft.server.log.segment.size.max = 1048576 (custom)
2022-11-05 13:04:30,342 [pool-118-thread-1] INFO  server.RaftServerConfigKeys (ConfUtils.java:logGet(46)) - raft.server.log.segment.cache.num.max = 2 (custom)
2022-11-05 13:04:30,342 [pool-118-thread-1] INFO  server.RaftServerConfigKeys (ConfUtils.java:logGet(46)) - raft.server.log.segment.cache.size.max = 200MB (=209715200) (default)
2022-11-05 13:04:30,342 [pool-118-thread-1] INFO  segmented.SegmentedRaftLogWorker (SegmentedRaftLogWorker.java:<init>(191)) - new c56757ad-2923-4297-8741-c606545d9a52@group-60E6F5B2365A-SegmentedRaftLogWorker for RaftStorageImpl:Storage Directory /home/runner/work/ozone/ozone/hadoop-ozone/integration-test/target/test-dir/MiniOzoneClusterImpl-9e91b504-fe86-427b-a8de-b3d8b21cdaaf/datanode-2/data/ratis/171dd0eb-640e-478d-926a-60e6f5b2365a
2022-11-05 13:04:30,342 [pool-118-thread-1] INFO  server.RaftServerConfigKeys (ConfUtils.java:logGet(46)) - raft.server.log.queue.byte-limit = 4294967296 (custom)
2022-11-05 13:04:30,343 [pool-118-thread-1] INFO  server.RaftServerConfigKeys (ConfUtils.java:logGet(46)) - raft.server.log.queue.element-limit = 1024 (custom)
2022-11-05 13:04:30,343 [pool-118-thread-1] INFO  server.RaftServerConfigKeys (ConfUtils.java:logGet(46)) - raft.server.log.segment.size.max = 1048576 (custom)
2022-11-05 13:04:30,343 [pool-118-thread-1] INFO  server.RaftServerConfigKeys (ConfUtils.java:logGet(46)) - raft.server.log.preallocated.size = 16384 (custom)
2022-11-05 13:04:30,343 [pool-118-thread-1] INFO  server.RaftServerConfigKeys (ConfUtils.java:logGet(46)) - raft.server.log.force.sync.num = 128 (default)
2022-11-05 13:04:30,343 [pool-118-thread-1] INFO  server.RaftServerConfigKeys (ConfUtils.java:logGet(46)) - raft.server.log.statemachine.data.sync = true (default)
2022-11-05 13:04:30,343 [pool-118-thread-1] INFO  server.RaftServerConfigKeys (ConfUtils.java:logGet(46)) - raft.server.log.statemachine.data.sync.timeout = 10s (default)
2022-11-05 13:04:30,343 [pool-118-thread-1] INFO  server.RaftServerConfigKeys (ConfUtils.java:logGet(46)) - raft.server.log.statemachine.data.sync.timeout.retry = -1 (default)
2022-11-05 13:04:30,344 [pool-118-thread-1] INFO  server.RaftServerConfigKeys (ConfUtils.java:logGet(46)) - raft.server.log.write.buffer.size = 1048576 (custom)
2022-11-05 13:04:30,344 [pool-118-thread-1] INFO  server.RaftServerConfigKeys (ConfUtils.java:logGet(46)) - raft.server.log.unsafe-flush.enabled = false (default)
2022-11-05 13:04:30,344 [pool-118-thread-1] INFO  server.RaftServerConfigKeys (ConfUtils.java:logGet(46)) - raft.server.log.async-flush.enabled = false (default)
2022-11-05 13:04:30,344 [pool-118-thread-1] INFO  server.RaftServerConfigKeys (ConfUtils.java:logGet(46)) - raft.server.log.statemachine.data.caching.enabled = true (custom)
2022-11-05 13:04:30,345 [pool-118-thread-1] INFO  segmented.SegmentedRaftLogWorker (SegmentedRaftLogWorker.java:lambda$new$0(136)) - c56757ad-2923-4297-8741-c606545d9a52@group-60E6F5B2365A-SegmentedRaftLogWorker: flushIndex: setUnconditionally 0 -> -1
2022-11-05 13:04:30,345 [pool-118-thread-1] INFO  segmented.SegmentedRaftLogWorker (SegmentedRaftLogWorker.java:lambda$new$0(136)) - c56757ad-2923-4297-8741-c606545d9a52@group-60E6F5B2365A-SegmentedRaftLogWorker: safeCacheEvictIndex: setUnconditionally 0 -> -1
2022-11-05 13:04:30,346 [pool-118-thread-1] INFO  server.RaftServer$Division (RaftServerImpl.java:start(334)) - c56757ad-2923-4297-8741-c606545d9a52@group-60E6F5B2365A: start as a follower, conf=-1: peers:[c56757ad-2923-4297-8741-c606545d9a52|rpc:10.1.0.157:45683|priority:1|startupRole:FOLLOWER]|listeners:[], old=null
2022-11-05 13:04:30,346 [pool-118-thread-1] INFO  server.RaftServer$Division (RaftServerImpl.java:setRole(321)) - c56757ad-2923-4297-8741-c606545d9a52@group-60E6F5B2365A: changes role from      null to FOLLOWER at term 0 for startAsFollower
2022-11-05 13:04:30,346 [pool-118-thread-1] INFO  impl.RoleInfo (RoleInfo.java:updateAndGet(139)) - c56757ad-2923-4297-8741-c606545d9a52: start c56757ad-2923-4297-8741-c606545d9a52@group-60E6F5B2365A-FollowerState
2022-11-05 13:04:30,346 [pool-118-thread-1] INFO  util.JmxRegister (JmxRegister.java:tryRegister(44)) - Successfully registered JMX Bean with object name Ratis:service=RaftServer,group=group-60E6F5B2365A,id=c56757ad-2923-4297-8741-c606545d9a52
2022-11-05 13:04:30,347 [pool-118-thread-1] INFO  server.RaftServerConfigKeys (ConfUtils.java:logGet(46)) - raft.server.snapshot.auto.trigger.enabled = true (custom)
2022-11-05 13:04:30,347 [pool-118-thread-1] INFO  server.RaftServerConfigKeys (ConfUtils.java:logGet(46)) - raft.server.snapshot.auto.trigger.threshold = 10000 (custom)
2022-11-05 13:04:30,347 [pool-118-thread-1] INFO  server.RaftServerConfigKeys (ConfUtils.java:logGet(46)) - raft.server.snapshot.retention.file.num = 5 (custom)
2022-11-05 13:04:30,347 [pool-118-thread-1] INFO  server.RaftServerConfigKeys (ConfUtils.java:logGet(46)) - raft.server.log.purge.upto.snapshot.index = false (default)
2022-11-05 13:04:30,353 [Command processor thread] INFO  ratis.XceiverServerRatis (XceiverServerRatis.java:addGroup(765)) - Created group PipelineID=171dd0eb-640e-478d-926a-60e6f5b2365a
2022-11-05 13:04:30,353 [Command processor thread] INFO  commandhandler.CreatePipelineCommandHandler (CreatePipelineCommandHandler.java:handle(113)) - Created Pipeline RATIS ONE PipelineID=171dd0eb-640e-478d-926a-60e6f5b2365a.
2022-11-05 13:04:30,354 [pool-118-thread-1] INFO  server.RaftServer$Division (RaftServerImpl.java:<init>(195)) - c56757ad-2923-4297-8741-c606545d9a52: new RaftServerImpl for group-4C9F1E15A7B6:[274c4b45-19e0-452f-8d1e-585a77537937|rpc:10.1.0.157:40915|dataStream:|priority:0|startupRole:FOLLOWER, 97cc06fc-4025-4c76-bebd-c1d7b79fe413|rpc:10.1.0.157:40151|dataStream:|priority:0|startupRole:FOLLOWER, c56757ad-2923-4297-8741-c606545d9a52|rpc:10.1.0.157:45683|dataStream:|priority:1|startupRole:FOLLOWER] with ContainerStateMachine:uninitialized
2022-11-05 13:04:30,354 [pool-118-thread-1] INFO  server.RaftServerConfigKeys (ConfUtils.java:logGet(46)) - raft.server.rpc.timeout.min = 5s (custom)
2022-11-05 13:04:30,354 [pool-118-thread-1] INFO  server.RaftServerConfigKeys (ConfUtils.java:logGet(46)) - raft.server.rpc.timeout.max = 5200ms (custom)
2022-11-05 13:04:30,354 [pool-118-thread-1] INFO  server.RaftServerConfigKeys (ConfUtils.java:logGet(46)) - raft.server.rpc.sleep.time = 25ms (default)
2022-11-05 13:04:30,354 [pool-118-thread-1] INFO  server.RaftServerConfigKeys (ConfUtils.java:logGet(46)) - raft.server.rpc.slowness.timeout = 300s (custom)
2022-11-05 13:04:30,354 [pool-118-thread-1] INFO  server.RaftServerConfigKeys (ConfUtils.java:logGet(46)) - raft.server.leaderelection.leader.step-down.wait-time = 10s (default)
2022-11-05 13:04:30,354 [pool-118-thread-1] INFO  server.RaftServerConfigKeys (ConfUtils.java:logGet(46)) - raft.server.sleep.deviation.threshold = 300ms (default)
2022-11-05 13:04:30,354 [pool-118-thread-1] INFO  server.RaftServer$Division (ServerState.java:<init>(118)) - c56757ad-2923-4297-8741-c606545d9a52@group-4C9F1E15A7B6: ConfigurationManager, init=-1: peers:[274c4b45-19e0-452f-8d1e-585a77537937|rpc:10.1.0.157:40915|dataStream:|priority:0|startupRole:FOLLOWER, 97cc06fc-4025-4c76-bebd-c1d7b79fe413|rpc:10.1.0.157:40151|dataStream:|priority:0|startupRole:FOLLOWER, c56757ad-2923-4297-8741-c606545d9a52|rpc:10.1.0.157:45683|dataStream:|priority:1|startupRole:FOLLOWER]|listeners:[], old=null, confs=<EMPTY_MAP>
2022-11-05 13:04:30,354 [pool-118-thread-1] INFO  server.RaftServerConfigKeys (ConfUtils.java:logGet(46)) - raft.server.storage.dir = [/home/runner/work/ozone/ozone/hadoop-ozone/integration-test/target/test-dir/MiniOzoneClusterImpl-9e91b504-fe86-427b-a8de-b3d8b21cdaaf/datanode-2/data/ratis] (custom)
2022-11-05 13:04:30,355 [pool-118-thread-1] INFO  server.RaftServerConfigKeys (ConfUtils.java:logGet(46)) - raft.server.log.corruption.policy = EXCEPTION (default)
2022-11-05 13:04:30,355 [pool-118-thread-1] INFO  server.RaftServerConfigKeys (ConfUtils.java:logGet(46)) - raft.server.storage.free-space.min = 0MB (=0) (default)
2022-11-05 13:04:30,355 [pool-118-thread-1] INFO  server.RaftServerConfigKeys (ConfUtils.java:logGet(46)) - raft.server.notification.no-leader.timeout = 300s (custom)
2022-11-05 13:04:30,355 [pool-118-thread-1] INFO  server.RaftServerConfigKeys (ConfUtils.java:logGet(46)) - raft.server.retrycache.expirytime = 600000ms (custom)
2022-11-05 13:04:30,355 [pool-118-thread-1] INFO  server.RaftServerConfigKeys (ConfUtils.java:logGet(46)) - raft.server.retrycache.statistics.expirytime = 100μs (default)
2022-11-05 13:04:30,356 [pool-118-thread-1] INFO  server.RaftServerConfigKeys (ConfUtils.java:logGet(46)) - raft.server.log.appender.install.snapshot.enabled = false (custom)
2022-11-05 13:04:30,356 [pool-118-thread-1] INFO  server.RaftServerConfigKeys (ConfUtils.java:logGet(46)) - raft.server.threadpool.server.cached = true (default)
2022-11-05 13:04:30,356 [pool-118-thread-1] INFO  server.RaftServerConfigKeys (ConfUtils.java:logGet(46)) - raft.server.threadpool.server.size = 0 (default)
2022-11-05 13:04:30,356 [pool-118-thread-1] INFO  server.RaftServerConfigKeys (ConfUtils.java:logGet(46)) - raft.server.threadpool.client.cached = true (default)
2022-11-05 13:04:30,356 [pool-118-thread-1] INFO  server.RaftServerConfigKeys (ConfUtils.java:logGet(46)) - raft.server.threadpool.client.size = 0 (default)
2022-11-05 13:04:30,356 [pool-118-thread-1] INFO  storage.RaftStorageDirectory (RaftStorageDirectoryImpl.java:analyzeStorage(137)) - The storage directory /home/runner/work/ozone/ozone/hadoop-ozone/integration-test/target/test-dir/MiniOzoneClusterImpl-9e91b504-fe86-427b-a8de-b3d8b21cdaaf/datanode-2/data/ratis/b3809356-d77c-4758-923c-4c9f1e15a7b6 does not exist. Creating ...
2022-11-05 13:04:30,360 [c56757ad-2923-4297-8741-c606545d9a52@group-60E6F5B2365A-FollowerState] INFO  server.RaftServerConfigKeys (ConfUtils.java:logFallback(53)) - raft.server.rpc.first-election.timeout.min = 5s (fallback to raft.server.rpc.timeout.min)
2022-11-05 13:04:30,362 [EventQueue-PipelineReportForPipelineReportHandler] INFO  pipeline.PipelineManagerImpl (PipelineManagerImpl.java:openPipeline(367)) - Pipeline Pipeline[ Id: 171dd0eb-640e-478d-926a-60e6f5b2365a, Nodes: c56757ad-2923-4297-8741-c606545d9a52{ip: 10.1.0.157, host: fv-az83-841.uavyq1izdhte5b0ne1us2eqzhb.jx.internal.cloudapp.net, ports: [REPLICATION=40585, RATIS=45683, RATIS_ADMIN=45683, RATIS_SERVER=45683, STANDALONE=39937], networkLocation: /default-rack, certSerialId: null, persistedOpState: IN_SERVICE, persistedOpStateExpiryEpochSec: 0}, ReplicationConfig: RATIS/ONE, State:ALLOCATED, leaderId:c56757ad-2923-4297-8741-c606545d9a52, CreationTimestamp2022-11-05T13:04:27.320Z[Etc/UTC]] moved to OPEN state
2022-11-05 13:04:30,363 [c56757ad-2923-4297-8741-c606545d9a52@group-60E6F5B2365A-FollowerState] INFO  server.RaftServerConfigKeys (ConfUtils.java:logFallback(53)) - raft.server.rpc.first-election.timeout.max = 5200ms (fallback to raft.server.rpc.timeout.max)
2022-11-05 13:04:30,364 [EventQueue-OpenPipelineForHealthyPipelineSafeModeRule] INFO  safemode.SCMSafeModeManager (HealthyPipelineSafeModeRule.java:process(137)) - SCM in safe mode. Healthy pipelines reported count is 0, required healthy pipeline reported count is 1
2022-11-05 13:04:30,374 [pool-118-thread-1] INFO  storage.RaftStorageDirectory (RaftStorageDirectoryImpl.java:tryLock(231)) - Lock on /home/runner/work/ozone/ozone/hadoop-ozone/integration-test/target/test-dir/MiniOzoneClusterImpl-9e91b504-fe86-427b-a8de-b3d8b21cdaaf/datanode-2/data/ratis/b3809356-d77c-4758-923c-4c9f1e15a7b6/in_use.lock acquired by nodename 14719@fv-az83-841
2022-11-05 13:04:30,384 [pool-118-thread-1] INFO  storage.RaftStorage (RaftStorageImpl.java:format(96)) - Storage directory /home/runner/work/ozone/ozone/hadoop-ozone/integration-test/target/test-dir/MiniOzoneClusterImpl-9e91b504-fe86-427b-a8de-b3d8b21cdaaf/datanode-2/data/ratis/b3809356-d77c-4758-923c-4c9f1e15a7b6 has been successfully formatted.
2022-11-05 13:04:30,384 [pool-118-thread-1] INFO  ratis.ContainerStateMachine (ContainerStateMachine.java:loadSnapshot(236)) - group-4C9F1E15A7B6: The snapshot info is null. Setting the last applied indexto:(t:0, i:~)
2022-11-05 13:04:30,384 [pool-118-thread-1] INFO  server.RaftServerConfigKeys (ConfUtils.java:logGet(46)) - raft.server.log.use.memory = false (default)
2022-11-05 13:04:30,385 [pool-118-thread-1] INFO  server.RaftServerConfigKeys (ConfUtils.java:logGet(46)) - raft.server.log.purge.gap = 1000000 (custom)
2022-11-05 13:04:30,385 [pool-118-thread-1] INFO  server.RaftServerConfigKeys (ConfUtils.java:logGet(46)) - raft.server.log.appender.buffer.byte-limit = 33554432 (custom)
2022-11-05 13:04:30,385 [pool-118-thread-1] INFO  server.RaftServerConfigKeys (ConfUtils.java:logGet(46)) - raft.server.log.statemachine.data.read.timeout = 1000ms (default)
2022-11-05 13:04:30,385 [pool-118-thread-1] INFO  server.RaftServerConfigKeys (ConfUtils.java:logGet(46)) - raft.server.log.purge.preservation.log.num = 0 (default)
2022-11-05 13:04:30,385 [pool-118-thread-1] INFO  server.RaftServerConfigKeys (ConfUtils.java:logGet(46)) - raft.server.log.segment.size.max = 1048576 (custom)
2022-11-05 13:04:30,385 [pool-118-thread-1] INFO  server.RaftServerConfigKeys (ConfUtils.java:logGet(46)) - raft.server.log.segment.cache.num.max = 2 (custom)
2022-11-05 13:04:30,386 [pool-118-thread-1] INFO  server.RaftServerConfigKeys (ConfUtils.java:logGet(46)) - raft.server.log.segment.cache.size.max = 200MB (=209715200) (default)
2022-11-05 13:04:30,386 [pool-118-thread-1] INFO  segmented.SegmentedRaftLogWorker (SegmentedRaftLogWorker.java:<init>(191)) - new c56757ad-2923-4297-8741-c606545d9a52@group-4C9F1E15A7B6-SegmentedRaftLogWorker for RaftStorageImpl:Storage Directory /home/runner/work/ozone/ozone/hadoop-ozone/integration-test/target/test-dir/MiniOzoneClusterImpl-9e91b504-fe86-427b-a8de-b3d8b21cdaaf/datanode-2/data/ratis/b3809356-d77c-4758-923c-4c9f1e15a7b6
2022-11-05 13:04:30,386 [pool-118-thread-1] INFO  server.RaftServerConfigKeys (ConfUtils.java:logGet(46)) - raft.server.log.queue.byte-limit = 4294967296 (custom)
2022-11-05 13:04:30,386 [pool-118-thread-1] INFO  server.RaftServerConfigKeys (ConfUtils.java:logGet(46)) - raft.server.log.queue.element-limit = 1024 (custom)
2022-11-05 13:04:30,386 [pool-118-thread-1] INFO  server.RaftServerConfigKeys (ConfUtils.java:logGet(46)) - raft.server.log.segment.size.max = 1048576 (custom)
2022-11-05 13:04:30,386 [pool-118-thread-1] INFO  server.RaftServerConfigKeys (ConfUtils.java:logGet(46)) - raft.server.log.preallocated.size = 16384 (custom)
2022-11-05 13:04:30,386 [pool-118-thread-1] INFO  server.RaftServerConfigKeys (ConfUtils.java:logGet(46)) - raft.server.log.force.sync.num = 128 (default)
2022-11-05 13:04:30,386 [pool-118-thread-1] INFO  server.RaftServerConfigKeys (ConfUtils.java:logGet(46)) - raft.server.log.statemachine.data.sync = true (default)
2022-11-05 13:04:30,386 [pool-118-thread-1] INFO  server.RaftServerConfigKeys (ConfUtils.java:logGet(46)) - raft.server.log.statemachine.data.sync.timeout = 10s (default)
2022-11-05 13:04:30,386 [pool-118-thread-1] INFO  server.RaftServerConfigKeys (ConfUtils.java:logGet(46)) - raft.server.log.statemachine.data.sync.timeout.retry = -1 (default)
2022-11-05 13:04:30,387 [pool-118-thread-1] INFO  server.RaftServerConfigKeys (ConfUtils.java:logGet(46)) - raft.server.log.write.buffer.size = 1048576 (custom)
2022-11-05 13:04:30,388 [pool-118-thread-1] INFO  server.RaftServerConfigKeys (ConfUtils.java:logGet(46)) - raft.server.log.unsafe-flush.enabled = false (default)
2022-11-05 13:04:30,388 [pool-118-thread-1] INFO  server.RaftServerConfigKeys (ConfUtils.java:logGet(46)) - raft.server.log.async-flush.enabled = false (default)
2022-11-05 13:04:30,388 [pool-118-thread-1] INFO  server.RaftServerConfigKeys (ConfUtils.java:logGet(46)) - raft.server.log.statemachine.data.caching.enabled = true (custom)
2022-11-05 13:04:30,388 [pool-118-thread-1] INFO  segmented.SegmentedRaftLogWorker (SegmentedRaftLogWorker.java:lambda$new$0(136)) - c56757ad-2923-4297-8741-c606545d9a52@group-4C9F1E15A7B6-SegmentedRaftLogWorker: flushIndex: setUnconditionally 0 -> -1
2022-11-05 13:04:30,388 [pool-118-thread-1] INFO  segmented.SegmentedRaftLogWorker (SegmentedRaftLogWorker.java:lambda$new$0(136)) - c56757ad-2923-4297-8741-c606545d9a52@group-4C9F1E15A7B6-SegmentedRaftLogWorker: safeCacheEvictIndex: setUnconditionally 0 -> -1
2022-11-05 13:04:30,393 [pool-118-thread-1] INFO  server.RaftServer$Division (RaftServerImpl.java:start(334)) - c56757ad-2923-4297-8741-c606545d9a52@group-4C9F1E15A7B6: start as a follower, conf=-1: peers:[274c4b45-19e0-452f-8d1e-585a77537937|rpc:10.1.0.157:40915|dataStream:|priority:0|startupRole:FOLLOWER, 97cc06fc-4025-4c76-bebd-c1d7b79fe413|rpc:10.1.0.157:40151|dataStream:|priority:0|startupRole:FOLLOWER, c56757ad-2923-4297-8741-c606545d9a52|rpc:10.1.0.157:45683|dataStream:|priority:1|startupRole:FOLLOWER]|listeners:[], old=null
2022-11-05 13:04:30,393 [pool-118-thread-1] INFO  server.RaftServer$Division (RaftServerImpl.java:setRole(321)) - c56757ad-2923-4297-8741-c606545d9a52@group-4C9F1E15A7B6: changes role from      null to FOLLOWER at term 0 for startAsFollower
2022-11-05 13:04:30,393 [pool-118-thread-1] INFO  impl.RoleInfo (RoleInfo.java:updateAndGet(139)) - c56757ad-2923-4297-8741-c606545d9a52: start c56757ad-2923-4297-8741-c606545d9a52@group-4C9F1E15A7B6-FollowerState
2022-11-05 13:04:30,394 [EventQueue-OpenPipelineForHealthyPipelineSafeModeRule] INFO  safemode.SCMSafeModeManager (HealthyPipelineSafeModeRule.java:process(137)) - SCM in safe mode. Healthy pipelines reported count is 0, required healthy pipeline reported count is 1
2022-11-05 13:04:30,396 [pool-118-thread-1] INFO  util.JmxRegister (JmxRegister.java:tryRegister(44)) - Successfully registered JMX Bean with object name Ratis:service=RaftServer,group=group-4C9F1E15A7B6,id=c56757ad-2923-4297-8741-c606545d9a52
2022-11-05 13:04:30,396 [pool-118-thread-1] INFO  server.RaftServerConfigKeys (ConfUtils.java:logGet(46)) - raft.server.snapshot.auto.trigger.enabled = true (custom)
2022-11-05 13:04:30,396 [pool-118-thread-1] INFO  server.RaftServerConfigKeys (ConfUtils.java:logGet(46)) - raft.server.snapshot.auto.trigger.threshold = 10000 (custom)
2022-11-05 13:04:30,396 [pool-118-thread-1] INFO  server.RaftServerConfigKeys (ConfUtils.java:logGet(46)) - raft.server.snapshot.retention.file.num = 5 (custom)
2022-11-05 13:04:30,396 [pool-118-thread-1] INFO  server.RaftServerConfigKeys (ConfUtils.java:logGet(46)) - raft.server.log.purge.upto.snapshot.index = false (default)
2022-11-05 13:04:30,397 [c56757ad-2923-4297-8741-c606545d9a52@group-4C9F1E15A7B6-FollowerState] INFO  server.RaftServerConfigKeys (ConfUtils.java:logFallback(53)) - raft.server.rpc.first-election.timeout.min = 5s (fallback to raft.server.rpc.timeout.min)
2022-11-05 13:04:30,397 [c56757ad-2923-4297-8741-c606545d9a52@group-4C9F1E15A7B6-FollowerState] INFO  server.RaftServerConfigKeys (ConfUtils.java:logFallback(53)) - raft.server.rpc.first-election.timeout.max = 5200ms (fallback to raft.server.rpc.timeout.max)
2022-11-05 13:04:30,442 [Command processor thread] INFO  commandhandler.CreatePipelineCommandHandler (CreatePipelineCommandHandler.java:handle(113)) - Created Pipeline RATIS THREE PipelineID=b3809356-d77c-4758-923c-4c9f1e15a7b6.
2022-11-05 13:04:30,442 [Command processor thread] INFO  commandhandler.CreatePipelineCommandHandler (CreatePipelineCommandHandler.java:handle(113)) - Created Pipeline RATIS THREE PipelineID=b3809356-d77c-4758-923c-4c9f1e15a7b6.
2022-11-05 13:04:30,723 [Listener at 127.0.0.1/34735] INFO  ozone.MiniOzoneClusterImpl (MiniOzoneClusterImpl.java:lambda$waitForClusterToBeReady$0(216)) - Waiting for nodes to be ready. Got 9 of 10 DN Heartbeats.
2022-11-05 13:04:30,724 [Listener at 127.0.0.1/34735] INFO  ozone.MiniOzoneClusterImpl (MiniOzoneClusterImpl.java:lambda$waitForClusterToBeReady$0(219)) - Waiting for cluster to exit safe mode
2022-11-05 13:04:30,724 [Listener at 127.0.0.1/34735] INFO  ozone.MiniOzoneClusterImpl (MiniOzoneClusterImpl.java:lambda$waitForClusterToBeReady$0(221)) - SCM became leader
2022-11-05 13:04:30,739 [IPC Server handler 12 on default port 34173] INFO  net.NetworkTopologyImpl (NetworkTopologyImpl.java:add(112)) - Added a new node: /default-rack/b385a6e1-c61e-4aaf-9536-8cc86fe51578
2022-11-05 13:04:30,739 [IPC Server handler 12 on default port 34173] INFO  node.SCMNodeManager (SCMNodeManager.java:register(397)) - Registered Data node : b385a6e1-c61e-4aaf-9536-8cc86fe51578{ip: 10.1.0.157, host: fv-az83-841.uavyq1izdhte5b0ne1us2eqzhb.jx.internal.cloudapp.net, ports: [REPLICATION=36919, RATIS=36679, RATIS_ADMIN=36679, RATIS_SERVER=36679, STANDALONE=37193], networkLocation: /default-rack, certSerialId: null, persistedOpState: null, persistedOpStateExpiryEpochSec: 0}
2022-11-05 13:04:30,739 [EventQueue-NewNodeForNewNodeHandler] INFO  pipeline.BackgroundPipelineCreator (BackgroundPipelineCreator.java:notifyEventTriggered(276)) - trigger a one-shot run on RatisPipelineUtilsThread.
2022-11-05 13:04:30,740 [RatisPipelineUtilsThread - 0] INFO  pipeline.RatisPipelineProvider (RatisPipelineProvider.java:lambda$create$0(195)) - Sending CreatePipelineCommand for pipeline:PipelineID=0b40703c-8485-47bb-a176-0b3f8550f3c8 to datanode:b385a6e1-c61e-4aaf-9536-8cc86fe51578
2022-11-05 13:04:30,741 [RatisPipelineUtilsThread - 0] INFO  pipeline.PipelineStateManagerImpl (PipelineStateManagerImpl.java:addPipeline(103)) - Created pipeline Pipeline[ Id: 0b40703c-8485-47bb-a176-0b3f8550f3c8, Nodes: b385a6e1-c61e-4aaf-9536-8cc86fe51578{ip: 10.1.0.157, host: fv-az83-841.uavyq1izdhte5b0ne1us2eqzhb.jx.internal.cloudapp.net, ports: [REPLICATION=36919, RATIS=36679, RATIS_ADMIN=36679, RATIS_SERVER=36679, STANDALONE=37193], networkLocation: /default-rack, certSerialId: null, persistedOpState: IN_SERVICE, persistedOpStateExpiryEpochSec: 0}, ReplicationConfig: RATIS/ONE, State:ALLOCATED, leaderId:, CreationTimestamp2022-11-05T13:04:30.740Z[Etc/UTC]].
2022-11-05 13:04:30,788 [Command processor thread] INFO  server.RaftServer (RaftServerProxy.java:addNew(96)) - 957f0a06-02fd-450d-99be-0926792af3ec: addNew group-38ABB79AD11D:[957f0a06-02fd-450d-99be-0926792af3ec|rpc:10.1.0.157:39575|priority:1|startupRole:FOLLOWER] returns group-38ABB79AD11D:java.util.concurrent.CompletableFuture@143e3a10[Not completed]
2022-11-05 13:04:30,793 [pool-141-thread-1] INFO  server.RaftServer$Division (RaftServerImpl.java:<init>(195)) - 957f0a06-02fd-450d-99be-0926792af3ec: new RaftServerImpl for group-38ABB79AD11D:[957f0a06-02fd-450d-99be-0926792af3ec|rpc:10.1.0.157:39575|priority:1|startupRole:FOLLOWER] with ContainerStateMachine:uninitialized
2022-11-05 13:04:30,798 [pool-141-thread-1] INFO  server.RaftServerConfigKeys (ConfUtils.java:logGet(46)) - raft.server.rpc.timeout.min = 5s (custom)
2022-11-05 13:04:30,799 [pool-141-thread-1] INFO  server.RaftServerConfigKeys (ConfUtils.java:logGet(46)) - raft.server.rpc.timeout.max = 5200ms (custom)
2022-11-05 13:04:30,799 [pool-141-thread-1] INFO  server.RaftServerConfigKeys (ConfUtils.java:logGet(46)) - raft.server.rpc.sleep.time = 25ms (default)
2022-11-05 13:04:30,799 [pool-141-thread-1] INFO  server.RaftServerConfigKeys (ConfUtils.java:logGet(46)) - raft.server.rpc.slowness.timeout = 300s (custom)
2022-11-05 13:04:30,799 [pool-141-thread-1] INFO  server.RaftServerConfigKeys (ConfUtils.java:logGet(46)) - raft.server.leaderelection.leader.step-down.wait-time = 10s (default)
2022-11-05 13:04:30,799 [pool-141-thread-1] INFO  server.RaftServerConfigKeys (ConfUtils.java:logGet(46)) - raft.server.sleep.deviation.threshold = 300ms (default)
2022-11-05 13:04:30,799 [pool-141-thread-1] INFO  server.RaftServer$Division (ServerState.java:<init>(118)) - 957f0a06-02fd-450d-99be-0926792af3ec@group-38ABB79AD11D: ConfigurationManager, init=-1: peers:[957f0a06-02fd-450d-99be-0926792af3ec|rpc:10.1.0.157:39575|priority:1|startupRole:FOLLOWER]|listeners:[], old=null, confs=<EMPTY_MAP>
2022-11-05 13:04:30,799 [pool-141-thread-1] INFO  server.RaftServerConfigKeys (ConfUtils.java:logGet(46)) - raft.server.storage.dir = [/home/runner/work/ozone/ozone/hadoop-ozone/integration-test/target/test-dir/MiniOzoneClusterImpl-9e91b504-fe86-427b-a8de-b3d8b21cdaaf/datanode-3/data/ratis] (custom)
2022-11-05 13:04:30,799 [pool-141-thread-1] INFO  server.RaftServerConfigKeys (ConfUtils.java:logGet(46)) - raft.server.log.corruption.policy = EXCEPTION (default)
2022-11-05 13:04:30,799 [pool-141-thread-1] INFO  server.RaftServerConfigKeys (ConfUtils.java:logGet(46)) - raft.server.storage.free-space.min = 0MB (=0) (default)
2022-11-05 13:04:30,799 [pool-141-thread-1] INFO  server.RaftServerConfigKeys (ConfUtils.java:logGet(46)) - raft.server.notification.no-leader.timeout = 300s (custom)
2022-11-05 13:04:30,799 [pool-141-thread-1] INFO  server.RaftServerConfigKeys (ConfUtils.java:logGet(46)) - raft.server.retrycache.expirytime = 600000ms (custom)
2022-11-05 13:04:30,799 [pool-141-thread-1] INFO  server.RaftServerConfigKeys (ConfUtils.java:logGet(46)) - raft.server.retrycache.statistics.expirytime = 100μs (default)
2022-11-05 13:04:30,801 [pool-141-thread-1] INFO  server.RaftServerConfigKeys (ConfUtils.java:logGet(46)) - raft.server.log.appender.install.snapshot.enabled = false (custom)
2022-11-05 13:04:30,801 [pool-141-thread-1] INFO  server.RaftServerConfigKeys (ConfUtils.java:logGet(46)) - raft.server.threadpool.server.cached = true (default)
2022-11-05 13:04:30,801 [pool-141-thread-1] INFO  server.RaftServerConfigKeys (ConfUtils.java:logGet(46)) - raft.server.threadpool.server.size = 0 (default)
2022-11-05 13:04:30,802 [pool-141-thread-1] INFO  server.RaftServerConfigKeys (ConfUtils.java:logGet(46)) - raft.server.threadpool.client.cached = true (default)
2022-11-05 13:04:30,802 [pool-141-thread-1] INFO  server.RaftServerConfigKeys (ConfUtils.java:logGet(46)) - raft.server.threadpool.client.size = 0 (default)
2022-11-05 13:04:30,802 [pool-141-thread-1] INFO  storage.RaftStorageDirectory (RaftStorageDirectoryImpl.java:analyzeStorage(137)) - The storage directory /home/runner/work/ozone/ozone/hadoop-ozone/integration-test/target/test-dir/MiniOzoneClusterImpl-9e91b504-fe86-427b-a8de-b3d8b21cdaaf/datanode-3/data/ratis/5b493c85-bc37-4ef4-b214-38abb79ad11d does not exist. Creating ...
2022-11-05 13:04:30,811 [pool-141-thread-1] INFO  storage.RaftStorageDirectory (RaftStorageDirectoryImpl.java:tryLock(231)) - Lock on /home/runner/work/ozone/ozone/hadoop-ozone/integration-test/target/test-dir/MiniOzoneClusterImpl-9e91b504-fe86-427b-a8de-b3d8b21cdaaf/datanode-3/data/ratis/5b493c85-bc37-4ef4-b214-38abb79ad11d/in_use.lock acquired by nodename 14719@fv-az83-841
2022-11-05 13:04:30,820 [pool-141-thread-1] INFO  storage.RaftStorage (RaftStorageImpl.java:format(96)) - Storage directory /home/runner/work/ozone/ozone/hadoop-ozone/integration-test/target/test-dir/MiniOzoneClusterImpl-9e91b504-fe86-427b-a8de-b3d8b21cdaaf/datanode-3/data/ratis/5b493c85-bc37-4ef4-b214-38abb79ad11d has been successfully formatted.
2022-11-05 13:04:30,820 [pool-141-thread-1] INFO  ratis.ContainerStateMachine (ContainerStateMachine.java:loadSnapshot(236)) - group-38ABB79AD11D: The snapshot info is null. Setting the last applied indexto:(t:0, i:~)
2022-11-05 13:04:30,820 [pool-141-thread-1] INFO  server.RaftServerConfigKeys (ConfUtils.java:logGet(46)) - raft.server.log.use.memory = false (default)
2022-11-05 13:04:30,820 [pool-141-thread-1] INFO  server.RaftServerConfigKeys (ConfUtils.java:logGet(46)) - raft.server.log.purge.gap = 1000000 (custom)
2022-11-05 13:04:30,820 [pool-141-thread-1] INFO  server.RaftServerConfigKeys (ConfUtils.java:logGet(46)) - raft.server.log.appender.buffer.byte-limit = 33554432 (custom)
2022-11-05 13:04:30,820 [pool-141-thread-1] INFO  server.RaftServerConfigKeys (ConfUtils.java:logGet(46)) - raft.server.log.statemachine.data.read.timeout = 1000ms (default)
2022-11-05 13:04:30,820 [pool-141-thread-1] INFO  server.RaftServerConfigKeys (ConfUtils.java:logGet(46)) - raft.server.log.purge.preservation.log.num = 0 (default)
2022-11-05 13:04:30,829 [pool-141-thread-1] INFO  server.RaftServerConfigKeys (ConfUtils.java:logGet(46)) - raft.server.log.segment.size.max = 1048576 (custom)
2022-11-05 13:04:30,830 [EventQueue-PipelineReportForPipelineReportHandler] INFO  pipeline.PipelineManagerImpl (PipelineManagerImpl.java:openPipeline(367)) - Pipeline Pipeline[ Id: 5b493c85-bc37-4ef4-b214-38abb79ad11d, Nodes: 957f0a06-02fd-450d-99be-0926792af3ec{ip: 10.1.0.157, host: fv-az83-841.uavyq1izdhte5b0ne1us2eqzhb.jx.internal.cloudapp.net, ports: [REPLICATION=41619, RATIS=39575, RATIS_ADMIN=39575, RATIS_SERVER=39575, STANDALONE=40737], networkLocation: /default-rack, certSerialId: null, persistedOpState: IN_SERVICE, persistedOpStateExpiryEpochSec: 0}, ReplicationConfig: RATIS/ONE, State:ALLOCATED, leaderId:957f0a06-02fd-450d-99be-0926792af3ec, CreationTimestamp2022-11-05T13:04:27.792Z[Etc/UTC]] moved to OPEN state
2022-11-05 13:04:30,834 [pool-141-thread-1] INFO  server.RaftServerConfigKeys (ConfUtils.java:logGet(46)) - raft.server.log.segment.cache.num.max = 2 (custom)
2022-11-05 13:04:30,835 [pool-141-thread-1] INFO  server.RaftServerConfigKeys (ConfUtils.java:logGet(46)) - raft.server.log.segment.cache.size.max = 200MB (=209715200) (default)
2022-11-05 13:04:30,835 [EventQueue-OpenPipelineForHealthyPipelineSafeModeRule] INFO  safemode.SCMSafeModeManager (HealthyPipelineSafeModeRule.java:process(137)) - SCM in safe mode. Healthy pipelines reported count is 0, required healthy pipeline reported count is 1
2022-11-05 13:04:30,835 [pool-141-thread-1] INFO  segmented.SegmentedRaftLogWorker (SegmentedRaftLogWorker.java:<init>(191)) - new 957f0a06-02fd-450d-99be-0926792af3ec@group-38ABB79AD11D-SegmentedRaftLogWorker for RaftStorageImpl:Storage Directory /home/runner/work/ozone/ozone/hadoop-ozone/integration-test/target/test-dir/MiniOzoneClusterImpl-9e91b504-fe86-427b-a8de-b3d8b21cdaaf/datanode-3/data/ratis/5b493c85-bc37-4ef4-b214-38abb79ad11d
2022-11-05 13:04:30,836 [pool-141-thread-1] INFO  server.RaftServerConfigKeys (ConfUtils.java:logGet(46)) - raft.server.log.queue.byte-limit = 4294967296 (custom)
2022-11-05 13:04:30,836 [pool-141-thread-1] INFO  server.RaftServerConfigKeys (ConfUtils.java:logGet(46)) - raft.server.log.queue.element-limit = 1024 (custom)
2022-11-05 13:04:30,837 [pool-141-thread-1] INFO  server.RaftServerConfigKeys (ConfUtils.java:logGet(46)) - raft.server.log.segment.size.max = 1048576 (custom)
2022-11-05 13:04:30,837 [pool-141-thread-1] INFO  server.RaftServerConfigKeys (ConfUtils.java:logGet(46)) - raft.server.log.preallocated.size = 16384 (custom)
2022-11-05 13:04:30,837 [pool-141-thread-1] INFO  server.RaftServerConfigKeys (ConfUtils.java:logGet(46)) - raft.server.log.force.sync.num = 128 (default)
2022-11-05 13:04:30,837 [pool-141-thread-1] INFO  server.RaftServerConfigKeys (ConfUtils.java:logGet(46)) - raft.server.log.statemachine.data.sync = true (default)
2022-11-05 13:04:30,837 [pool-141-thread-1] INFO  server.RaftServerConfigKeys (ConfUtils.java:logGet(46)) - raft.server.log.statemachine.data.sync.timeout = 10s (default)
2022-11-05 13:04:30,837 [pool-141-thread-1] INFO  server.RaftServerConfigKeys (ConfUtils.java:logGet(46)) - raft.server.log.statemachine.data.sync.timeout.retry = -1 (default)
2022-11-05 13:04:30,838 [pool-141-thread-1] INFO  server.RaftServerConfigKeys (ConfUtils.java:logGet(46)) - raft.server.log.write.buffer.size = 1048576 (custom)
2022-11-05 13:04:30,838 [pool-141-thread-1] INFO  server.RaftServerConfigKeys (ConfUtils.java:logGet(46)) - raft.server.log.unsafe-flush.enabled = false (default)
2022-11-05 13:04:30,838 [pool-141-thread-1] INFO  server.RaftServerConfigKeys (ConfUtils.java:logGet(46)) - raft.server.log.async-flush.enabled = false (default)
2022-11-05 13:04:30,839 [pool-141-thread-1] INFO  server.RaftServerConfigKeys (ConfUtils.java:logGet(46)) - raft.server.log.statemachine.data.caching.enabled = true (custom)
2022-11-05 13:04:30,839 [pool-141-thread-1] INFO  segmented.SegmentedRaftLogWorker (SegmentedRaftLogWorker.java:lambda$new$0(136)) - 957f0a06-02fd-450d-99be-0926792af3ec@group-38ABB79AD11D-SegmentedRaftLogWorker: flushIndex: setUnconditionally 0 -> -1
2022-11-05 13:04:30,839 [pool-141-thread-1] INFO  segmented.SegmentedRaftLogWorker (SegmentedRaftLogWorker.java:lambda$new$0(136)) - 957f0a06-02fd-450d-99be-0926792af3ec@group-38ABB79AD11D-SegmentedRaftLogWorker: safeCacheEvictIndex: setUnconditionally 0 -> -1
2022-11-05 13:04:30,839 [pool-141-thread-1] INFO  server.RaftServer$Division (RaftServerImpl.java:start(334)) - 957f0a06-02fd-450d-99be-0926792af3ec@group-38ABB79AD11D: start as a follower, conf=-1: peers:[957f0a06-02fd-450d-99be-0926792af3ec|rpc:10.1.0.157:39575|priority:1|startupRole:FOLLOWER]|listeners:[], old=null
2022-11-05 13:04:30,839 [pool-141-thread-1] INFO  server.RaftServer$Division (RaftServerImpl.java:setRole(321)) - 957f0a06-02fd-450d-99be-0926792af3ec@group-38ABB79AD11D: changes role from      null to FOLLOWER at term 0 for startAsFollower
2022-11-05 13:04:30,839 [pool-141-thread-1] INFO  impl.RoleInfo (RoleInfo.java:updateAndGet(139)) - 957f0a06-02fd-450d-99be-0926792af3ec: start 957f0a06-02fd-450d-99be-0926792af3ec@group-38ABB79AD11D-FollowerState
2022-11-05 13:04:30,839 [pool-141-thread-1] INFO  util.JmxRegister (JmxRegister.java:tryRegister(44)) - Successfully registered JMX Bean with object name Ratis:service=RaftServer,group=group-38ABB79AD11D,id=957f0a06-02fd-450d-99be-0926792af3ec
2022-11-05 13:04:30,839 [pool-141-thread-1] INFO  server.RaftServerConfigKeys (ConfUtils.java:logGet(46)) - raft.server.snapshot.auto.trigger.enabled = true (custom)
2022-11-05 13:04:30,839 [pool-141-thread-1] INFO  server.RaftServerConfigKeys (ConfUtils.java:logGet(46)) - raft.server.snapshot.auto.trigger.threshold = 10000 (custom)
2022-11-05 13:04:30,840 [pool-141-thread-1] INFO  server.RaftServerConfigKeys (ConfUtils.java:logGet(46)) - raft.server.snapshot.retention.file.num = 5 (custom)
2022-11-05 13:04:30,840 [pool-141-thread-1] INFO  server.RaftServerConfigKeys (ConfUtils.java:logGet(46)) - raft.server.log.purge.upto.snapshot.index = false (default)
2022-11-05 13:04:30,840 [957f0a06-02fd-450d-99be-0926792af3ec@group-38ABB79AD11D-FollowerState] INFO  server.RaftServerConfigKeys (ConfUtils.java:logFallback(53)) - raft.server.rpc.first-election.timeout.min = 5s (fallback to raft.server.rpc.timeout.min)
2022-11-05 13:04:30,840 [957f0a06-02fd-450d-99be-0926792af3ec@group-38ABB79AD11D-FollowerState] INFO  server.RaftServerConfigKeys (ConfUtils.java:logFallback(53)) - raft.server.rpc.first-election.timeout.max = 5200ms (fallback to raft.server.rpc.timeout.max)
2022-11-05 13:04:30,841 [Command processor thread] INFO  ratis.XceiverServerRatis (XceiverServerRatis.java:addGroup(765)) - Created group PipelineID=5b493c85-bc37-4ef4-b214-38abb79ad11d
2022-11-05 13:04:30,841 [Command processor thread] INFO  commandhandler.CreatePipelineCommandHandler (CreatePipelineCommandHandler.java:handle(113)) - Created Pipeline RATIS ONE PipelineID=5b493c85-bc37-4ef4-b214-38abb79ad11d.
2022-11-05 13:04:30,841 [Command processor thread] INFO  server.RaftServer (RaftServerProxy.java:addNew(96)) - 957f0a06-02fd-450d-99be-0926792af3ec: addNew group-D8F4D0F112F8:[8380acfc-c198-4795-aa09-3ffc033ca33b|rpc:10.1.0.157:44611|priority:1|startupRole:FOLLOWER, 957f0a06-02fd-450d-99be-0926792af3ec|rpc:10.1.0.157:39575|priority:0|startupRole:FOLLOWER, 1260d27d-2afd-492e-9430-e2f349ff0f7b|rpc:10.1.0.157:38409|priority:0|startupRole:FOLLOWER] returns group-D8F4D0F112F8:java.util.concurrent.CompletableFuture@1001bc4f[Not completed]
2022-11-05 13:04:30,842 [pool-141-thread-1] INFO  server.RaftServer$Division (RaftServerImpl.java:<init>(195)) - 957f0a06-02fd-450d-99be-0926792af3ec: new RaftServerImpl for group-D8F4D0F112F8:[8380acfc-c198-4795-aa09-3ffc033ca33b|rpc:10.1.0.157:44611|priority:1|startupRole:FOLLOWER, 957f0a06-02fd-450d-99be-0926792af3ec|rpc:10.1.0.157:39575|priority:0|startupRole:FOLLOWER, 1260d27d-2afd-492e-9430-e2f349ff0f7b|rpc:10.1.0.157:38409|priority:0|startupRole:FOLLOWER] with ContainerStateMachine:uninitialized
2022-11-05 13:04:30,842 [pool-141-thread-1] INFO  server.RaftServerConfigKeys (ConfUtils.java:logGet(46)) - raft.server.rpc.timeout.min = 5s (custom)
2022-11-05 13:04:30,842 [pool-141-thread-1] INFO  server.RaftServerConfigKeys (ConfUtils.java:logGet(46)) - raft.server.rpc.timeout.max = 5200ms (custom)
2022-11-05 13:04:30,842 [pool-141-thread-1] INFO  server.RaftServerConfigKeys (ConfUtils.java:logGet(46)) - raft.server.rpc.sleep.time = 25ms (default)
2022-11-05 13:04:30,842 [pool-141-thread-1] INFO  server.RaftServerConfigKeys (ConfUtils.java:logGet(46)) - raft.server.rpc.slowness.timeout = 300s (custom)
2022-11-05 13:04:30,842 [pool-141-thread-1] INFO  server.RaftServerConfigKeys (ConfUtils.java:logGet(46)) - raft.server.leaderelection.leader.step-down.wait-time = 10s (default)
2022-11-05 13:04:30,842 [pool-141-thread-1] INFO  server.RaftServerConfigKeys (ConfUtils.java:logGet(46)) - raft.server.sleep.deviation.threshold = 300ms (default)
2022-11-05 13:04:30,842 [pool-141-thread-1] INFO  server.RaftServer$Division (ServerState.java:<init>(118)) - 957f0a06-02fd-450d-99be-0926792af3ec@group-D8F4D0F112F8: ConfigurationManager, init=-1: peers:[8380acfc-c198-4795-aa09-3ffc033ca33b|rpc:10.1.0.157:44611|priority:1|startupRole:FOLLOWER, 957f0a06-02fd-450d-99be-0926792af3ec|rpc:10.1.0.157:39575|priority:0|startupRole:FOLLOWER, 1260d27d-2afd-492e-9430-e2f349ff0f7b|rpc:10.1.0.157:38409|priority:0|startupRole:FOLLOWER]|listeners:[], old=null, confs=<EMPTY_MAP>
2022-11-05 13:04:30,843 [pool-141-thread-1] INFO  server.RaftServerConfigKeys (ConfUtils.java:logGet(46)) - raft.server.storage.dir = [/home/runner/work/ozone/ozone/hadoop-ozone/integration-test/target/test-dir/MiniOzoneClusterImpl-9e91b504-fe86-427b-a8de-b3d8b21cdaaf/datanode-3/data/ratis] (custom)
2022-11-05 13:04:30,843 [pool-141-thread-1] INFO  server.RaftServerConfigKeys (ConfUtils.java:logGet(46)) - raft.server.log.corruption.policy = EXCEPTION (default)
2022-11-05 13:04:30,843 [pool-141-thread-1] INFO  server.RaftServerConfigKeys (ConfUtils.java:logGet(46)) - raft.server.storage.free-space.min = 0MB (=0) (default)
2022-11-05 13:04:30,843 [pool-141-thread-1] INFO  server.RaftServerConfigKeys (ConfUtils.java:logGet(46)) - raft.server.notification.no-leader.timeout = 300s (custom)
2022-11-05 13:04:30,843 [pool-141-thread-1] INFO  server.RaftServerConfigKeys (ConfUtils.java:logGet(46)) - raft.server.retrycache.expirytime = 600000ms (custom)
2022-11-05 13:04:30,843 [pool-141-thread-1] INFO  server.RaftServerConfigKeys (ConfUtils.java:logGet(46)) - raft.server.retrycache.statistics.expirytime = 100μs (default)
2022-11-05 13:04:30,845 [pool-141-thread-1] INFO  server.RaftServerConfigKeys (ConfUtils.java:logGet(46)) - raft.server.log.appender.install.snapshot.enabled = false (custom)
2022-11-05 13:04:30,845 [pool-141-thread-1] INFO  server.RaftServerConfigKeys (ConfUtils.java:logGet(46)) - raft.server.threadpool.server.cached = true (default)
2022-11-05 13:04:30,845 [pool-141-thread-1] INFO  server.RaftServerConfigKeys (ConfUtils.java:logGet(46)) - raft.server.threadpool.server.size = 0 (default)
2022-11-05 13:04:30,845 [pool-141-thread-1] INFO  server.RaftServerConfigKeys (ConfUtils.java:logGet(46)) - raft.server.threadpool.client.cached = true (default)
2022-11-05 13:04:30,845 [pool-141-thread-1] INFO  server.RaftServerConfigKeys (ConfUtils.java:logGet(46)) - raft.server.threadpool.client.size = 0 (default)
2022-11-05 13:04:30,845 [pool-141-thread-1] INFO  storage.RaftStorageDirectory (RaftStorageDirectoryImpl.java:analyzeStorage(137)) - The storage directory /home/runner/work/ozone/ozone/hadoop-ozone/integration-test/target/test-dir/MiniOzoneClusterImpl-9e91b504-fe86-427b-a8de-b3d8b21cdaaf/datanode-3/data/ratis/b624d979-1294-4bfe-b12a-d8f4d0f112f8 does not exist. Creating ...
2022-11-05 13:04:30,854 [pool-141-thread-1] INFO  storage.RaftStorageDirectory (RaftStorageDirectoryImpl.java:tryLock(231)) - Lock on /home/runner/work/ozone/ozone/hadoop-ozone/integration-test/target/test-dir/MiniOzoneClusterImpl-9e91b504-fe86-427b-a8de-b3d8b21cdaaf/datanode-3/data/ratis/b624d979-1294-4bfe-b12a-d8f4d0f112f8/in_use.lock acquired by nodename 14719@fv-az83-841
2022-11-05 13:04:30,861 [pool-141-thread-1] INFO  storage.RaftStorage (RaftStorageImpl.java:format(96)) - Storage directory /home/runner/work/ozone/ozone/hadoop-ozone/integration-test/target/test-dir/MiniOzoneClusterImpl-9e91b504-fe86-427b-a8de-b3d8b21cdaaf/datanode-3/data/ratis/b624d979-1294-4bfe-b12a-d8f4d0f112f8 has been successfully formatted.
2022-11-05 13:04:30,862 [pool-141-thread-1] INFO  ratis.ContainerStateMachine (ContainerStateMachine.java:loadSnapshot(236)) - group-D8F4D0F112F8: The snapshot info is null. Setting the last applied indexto:(t:0, i:~)
2022-11-05 13:04:30,862 [pool-141-thread-1] INFO  server.RaftServerConfigKeys (ConfUtils.java:logGet(46)) - raft.server.log.use.memory = false (default)
2022-11-05 13:04:30,863 [pool-141-thread-1] INFO  server.RaftServerConfigKeys (ConfUtils.java:logGet(46)) - raft.server.log.purge.gap = 1000000 (custom)
2022-11-05 13:04:30,863 [pool-141-thread-1] INFO  server.RaftServerConfigKeys (ConfUtils.java:logGet(46)) - raft.server.log.appender.buffer.byte-limit = 33554432 (custom)
2022-11-05 13:04:30,863 [EventQueue-OpenPipelineForHealthyPipelineSafeModeRule] INFO  safemode.SCMSafeModeManager (HealthyPipelineSafeModeRule.java:process(137)) - SCM in safe mode. Healthy pipelines reported count is 0, required healthy pipeline reported count is 1
2022-11-05 13:04:30,864 [pool-141-thread-1] INFO  server.RaftServerConfigKeys (ConfUtils.java:logGet(46)) - raft.server.log.statemachine.data.read.timeout = 1000ms (default)
2022-11-05 13:04:30,865 [pool-141-thread-1] INFO  server.RaftServerConfigKeys (ConfUtils.java:logGet(46)) - raft.server.log.purge.preservation.log.num = 0 (default)
2022-11-05 13:04:30,865 [pool-141-thread-1] INFO  server.RaftServerConfigKeys (ConfUtils.java:logGet(46)) - raft.server.log.segment.size.max = 1048576 (custom)
2022-11-05 13:04:30,866 [pool-141-thread-1] INFO  server.RaftServerConfigKeys (ConfUtils.java:logGet(46)) - raft.server.log.segment.cache.num.max = 2 (custom)
2022-11-05 13:04:30,866 [pool-141-thread-1] INFO  server.RaftServerConfigKeys (ConfUtils.java:logGet(46)) - raft.server.log.segment.cache.size.max = 200MB (=209715200) (default)
2022-11-05 13:04:30,866 [pool-141-thread-1] INFO  segmented.SegmentedRaftLogWorker (SegmentedRaftLogWorker.java:<init>(191)) - new 957f0a06-02fd-450d-99be-0926792af3ec@group-D8F4D0F112F8-SegmentedRaftLogWorker for RaftStorageImpl:Storage Directory /home/runner/work/ozone/ozone/hadoop-ozone/integration-test/target/test-dir/MiniOzoneClusterImpl-9e91b504-fe86-427b-a8de-b3d8b21cdaaf/datanode-3/data/ratis/b624d979-1294-4bfe-b12a-d8f4d0f112f8
2022-11-05 13:04:30,866 [pool-141-thread-1] INFO  server.RaftServerConfigKeys (ConfUtils.java:logGet(46)) - raft.server.log.queue.byte-limit = 4294967296 (custom)
2022-11-05 13:04:30,866 [pool-141-thread-1] INFO  server.RaftServerConfigKeys (ConfUtils.java:logGet(46)) - raft.server.log.queue.element-limit = 1024 (custom)
2022-11-05 13:04:30,866 [pool-141-thread-1] INFO  server.RaftServerConfigKeys (ConfUtils.java:logGet(46)) - raft.server.log.segment.size.max = 1048576 (custom)
2022-11-05 13:04:30,866 [pool-141-thread-1] INFO  server.RaftServerConfigKeys (ConfUtils.java:logGet(46)) - raft.server.log.preallocated.size = 16384 (custom)
2022-11-05 13:04:30,866 [pool-141-thread-1] INFO  server.RaftServerConfigKeys (ConfUtils.java:logGet(46)) - raft.server.log.force.sync.num = 128 (default)
2022-11-05 13:04:30,866 [pool-141-thread-1] INFO  server.RaftServerConfigKeys (ConfUtils.java:logGet(46)) - raft.server.log.statemachine.data.sync = true (default)
2022-11-05 13:04:30,866 [pool-141-thread-1] INFO  server.RaftServerConfigKeys (ConfUtils.java:logGet(46)) - raft.server.log.statemachine.data.sync.timeout = 10s (default)
2022-11-05 13:04:30,866 [pool-141-thread-1] INFO  server.RaftServerConfigKeys (ConfUtils.java:logGet(46)) - raft.server.log.statemachine.data.sync.timeout.retry = -1 (default)
2022-11-05 13:04:30,867 [pool-141-thread-1] INFO  server.RaftServerConfigKeys (ConfUtils.java:logGet(46)) - raft.server.log.write.buffer.size = 1048576 (custom)
2022-11-05 13:04:30,868 [pool-141-thread-1] INFO  server.RaftServerConfigKeys (ConfUtils.java:logGet(46)) - raft.server.log.unsafe-flush.enabled = false (default)
2022-11-05 13:04:30,868 [pool-141-thread-1] INFO  server.RaftServerConfigKeys (ConfUtils.java:logGet(46)) - raft.server.log.async-flush.enabled = false (default)
2022-11-05 13:04:30,868 [pool-141-thread-1] INFO  server.RaftServerConfigKeys (ConfUtils.java:logGet(46)) - raft.server.log.statemachine.data.caching.enabled = true (custom)
2022-11-05 13:04:30,868 [pool-141-thread-1] INFO  segmented.SegmentedRaftLogWorker (SegmentedRaftLogWorker.java:lambda$new$0(136)) - 957f0a06-02fd-450d-99be-0926792af3ec@group-D8F4D0F112F8-SegmentedRaftLogWorker: flushIndex: setUnconditionally 0 -> -1
2022-11-05 13:04:30,868 [pool-141-thread-1] INFO  segmented.SegmentedRaftLogWorker (SegmentedRaftLogWorker.java:lambda$new$0(136)) - 957f0a06-02fd-450d-99be-0926792af3ec@group-D8F4D0F112F8-SegmentedRaftLogWorker: safeCacheEvictIndex: setUnconditionally 0 -> -1
2022-11-05 13:04:30,869 [pool-141-thread-1] INFO  server.RaftServer$Division (RaftServerImpl.java:start(334)) - 957f0a06-02fd-450d-99be-0926792af3ec@group-D8F4D0F112F8: start as a follower, conf=-1: peers:[8380acfc-c198-4795-aa09-3ffc033ca33b|rpc:10.1.0.157:44611|priority:1|startupRole:FOLLOWER, 957f0a06-02fd-450d-99be-0926792af3ec|rpc:10.1.0.157:39575|priority:0|startupRole:FOLLOWER, 1260d27d-2afd-492e-9430-e2f349ff0f7b|rpc:10.1.0.157:38409|priority:0|startupRole:FOLLOWER]|listeners:[], old=null
2022-11-05 13:04:30,875 [pool-141-thread-1] INFO  server.RaftServer$Division (RaftServerImpl.java:setRole(321)) - 957f0a06-02fd-450d-99be-0926792af3ec@group-D8F4D0F112F8: changes role from      null to FOLLOWER at term 0 for startAsFollower
2022-11-05 13:04:30,875 [pool-141-thread-1] INFO  impl.RoleInfo (RoleInfo.java:updateAndGet(139)) - 957f0a06-02fd-450d-99be-0926792af3ec: start 957f0a06-02fd-450d-99be-0926792af3ec@group-D8F4D0F112F8-FollowerState
2022-11-05 13:04:30,876 [pool-141-thread-1] INFO  util.JmxRegister (JmxRegister.java:tryRegister(44)) - Successfully registered JMX Bean with object name Ratis:service=RaftServer,group=group-D8F4D0F112F8,id=957f0a06-02fd-450d-99be-0926792af3ec
2022-11-05 13:04:30,876 [957f0a06-02fd-450d-99be-0926792af3ec@group-D8F4D0F112F8-FollowerState] INFO  server.RaftServerConfigKeys (ConfUtils.java:logFallback(53)) - raft.server.rpc.first-election.timeout.min = 5s (fallback to raft.server.rpc.timeout.min)
2022-11-05 13:04:30,876 [pool-141-thread-1] INFO  server.RaftServerConfigKeys (ConfUtils.java:logGet(46)) - raft.server.snapshot.auto.trigger.enabled = true (custom)
2022-11-05 13:04:30,876 [pool-141-thread-1] INFO  server.RaftServerConfigKeys (ConfUtils.java:logGet(46)) - raft.server.snapshot.auto.trigger.threshold = 10000 (custom)
2022-11-05 13:04:30,876 [pool-141-thread-1] INFO  server.RaftServerConfigKeys (ConfUtils.java:logGet(46)) - raft.server.snapshot.retention.file.num = 5 (custom)
2022-11-05 13:04:30,876 [pool-141-thread-1] INFO  server.RaftServerConfigKeys (ConfUtils.java:logGet(46)) - raft.server.log.purge.upto.snapshot.index = false (default)
2022-11-05 13:04:30,876 [Command processor thread] INFO  ratis.XceiverServerRatis (XceiverServerRatis.java:addGroup(765)) - Created group PipelineID=b624d979-1294-4bfe-b12a-d8f4d0f112f8
2022-11-05 13:04:30,887 [957f0a06-02fd-450d-99be-0926792af3ec@group-D8F4D0F112F8-FollowerState] INFO  server.RaftServerConfigKeys (ConfUtils.java:logFallback(53)) - raft.server.rpc.first-election.timeout.max = 5200ms (fallback to raft.server.rpc.timeout.max)
2022-11-05 13:04:30,897 [grpc-default-executor-0] INFO  server.RaftServer (RaftServerProxy.java:addNew(96)) - 1260d27d-2afd-492e-9430-e2f349ff0f7b: addNew group-D8F4D0F112F8:[8380acfc-c198-4795-aa09-3ffc033ca33b|rpc:10.1.0.157:44611|dataStream:|priority:1|startupRole:FOLLOWER, 957f0a06-02fd-450d-99be-0926792af3ec|rpc:10.1.0.157:39575|dataStream:|priority:0|startupRole:FOLLOWER, 1260d27d-2afd-492e-9430-e2f349ff0f7b|rpc:10.1.0.157:38409|dataStream:|priority:0|startupRole:FOLLOWER] returns group-D8F4D0F112F8:java.util.concurrent.CompletableFuture@20a5c772[Not completed]
2022-11-05 13:04:30,898 [pool-187-thread-1] INFO  server.RaftServer$Division (RaftServerImpl.java:<init>(195)) - 1260d27d-2afd-492e-9430-e2f349ff0f7b: new RaftServerImpl for group-D8F4D0F112F8:[8380acfc-c198-4795-aa09-3ffc033ca33b|rpc:10.1.0.157:44611|dataStream:|priority:1|startupRole:FOLLOWER, 957f0a06-02fd-450d-99be-0926792af3ec|rpc:10.1.0.157:39575|dataStream:|priority:0|startupRole:FOLLOWER, 1260d27d-2afd-492e-9430-e2f349ff0f7b|rpc:10.1.0.157:38409|dataStream:|priority:0|startupRole:FOLLOWER] with ContainerStateMachine:uninitialized
2022-11-05 13:04:30,898 [pool-187-thread-1] INFO  server.RaftServerConfigKeys (ConfUtils.java:logGet(46)) - raft.server.rpc.timeout.min = 5s (custom)
2022-11-05 13:04:30,898 [pool-187-thread-1] INFO  server.RaftServerConfigKeys (ConfUtils.java:logGet(46)) - raft.server.rpc.timeout.max = 5200ms (custom)
2022-11-05 13:04:30,898 [pool-187-thread-1] INFO  server.RaftServerConfigKeys (ConfUtils.java:logGet(46)) - raft.server.rpc.sleep.time = 25ms (default)
2022-11-05 13:04:30,898 [pool-187-thread-1] INFO  server.RaftServerConfigKeys (ConfUtils.java:logGet(46)) - raft.server.rpc.slowness.timeout = 300s (custom)
2022-11-05 13:04:30,898 [pool-187-thread-1] INFO  server.RaftServerConfigKeys (ConfUtils.java:logGet(46)) - raft.server.leaderelection.leader.step-down.wait-time = 10s (default)
2022-11-05 13:04:30,898 [pool-187-thread-1] INFO  server.RaftServerConfigKeys (ConfUtils.java:logGet(46)) - raft.server.sleep.deviation.threshold = 300ms (default)
2022-11-05 13:04:30,899 [pool-187-thread-1] INFO  server.RaftServer$Division (ServerState.java:<init>(118)) - 1260d27d-2afd-492e-9430-e2f349ff0f7b@group-D8F4D0F112F8: ConfigurationManager, init=-1: peers:[8380acfc-c198-4795-aa09-3ffc033ca33b|rpc:10.1.0.157:44611|dataStream:|priority:1|startupRole:FOLLOWER, 957f0a06-02fd-450d-99be-0926792af3ec|rpc:10.1.0.157:39575|dataStream:|priority:0|startupRole:FOLLOWER, 1260d27d-2afd-492e-9430-e2f349ff0f7b|rpc:10.1.0.157:38409|dataStream:|priority:0|startupRole:FOLLOWER]|listeners:[], old=null, confs=<EMPTY_MAP>
2022-11-05 13:04:30,899 [pool-187-thread-1] INFO  server.RaftServerConfigKeys (ConfUtils.java:logGet(46)) - raft.server.storage.dir = [/home/runner/work/ozone/ozone/hadoop-ozone/integration-test/target/test-dir/MiniOzoneClusterImpl-9e91b504-fe86-427b-a8de-b3d8b21cdaaf/datanode-5/data/ratis] (custom)
2022-11-05 13:04:30,899 [pool-187-thread-1] INFO  server.RaftServerConfigKeys (ConfUtils.java:logGet(46)) - raft.server.log.corruption.policy = EXCEPTION (default)
2022-11-05 13:04:30,899 [pool-187-thread-1] INFO  server.RaftServerConfigKeys (ConfUtils.java:logGet(46)) - raft.server.storage.free-space.min = 0MB (=0) (default)
2022-11-05 13:04:30,899 [pool-187-thread-1] INFO  server.RaftServerConfigKeys (ConfUtils.java:logGet(46)) - raft.server.notification.no-leader.timeout = 300s (custom)
2022-11-05 13:04:30,899 [pool-187-thread-1] INFO  server.RaftServerConfigKeys (ConfUtils.java:logGet(46)) - raft.server.retrycache.expirytime = 600000ms (custom)
2022-11-05 13:04:30,899 [pool-187-thread-1] INFO  server.RaftServerConfigKeys (ConfUtils.java:logGet(46)) - raft.server.retrycache.statistics.expirytime = 100μs (default)
2022-11-05 13:04:30,903 [pool-187-thread-1] INFO  server.RaftServerConfigKeys (ConfUtils.java:logGet(46)) - raft.server.log.appender.install.snapshot.enabled = false (custom)
2022-11-05 13:04:30,903 [pool-187-thread-1] INFO  server.RaftServerConfigKeys (ConfUtils.java:logGet(46)) - raft.server.threadpool.server.cached = true (default)
2022-11-05 13:04:30,903 [pool-187-thread-1] INFO  server.RaftServerConfigKeys (ConfUtils.java:logGet(46)) - raft.server.threadpool.server.size = 0 (default)
2022-11-05 13:04:30,903 [pool-187-thread-1] INFO  server.RaftServerConfigKeys (ConfUtils.java:logGet(46)) - raft.server.threadpool.client.cached = true (default)
2022-11-05 13:04:30,903 [pool-187-thread-1] INFO  server.RaftServerConfigKeys (ConfUtils.java:logGet(46)) - raft.server.threadpool.client.size = 0 (default)
2022-11-05 13:04:30,904 [pool-187-thread-1] INFO  storage.RaftStorageDirectory (RaftStorageDirectoryImpl.java:analyzeStorage(137)) - The storage directory /home/runner/work/ozone/ozone/hadoop-ozone/integration-test/target/test-dir/MiniOzoneClusterImpl-9e91b504-fe86-427b-a8de-b3d8b21cdaaf/datanode-5/data/ratis/b624d979-1294-4bfe-b12a-d8f4d0f112f8 does not exist. Creating ...
2022-11-05 13:04:30,911 [pool-187-thread-1] INFO  storage.RaftStorageDirectory (RaftStorageDirectoryImpl.java:tryLock(231)) - Lock on /home/runner/work/ozone/ozone/hadoop-ozone/integration-test/target/test-dir/MiniOzoneClusterImpl-9e91b504-fe86-427b-a8de-b3d8b21cdaaf/datanode-5/data/ratis/b624d979-1294-4bfe-b12a-d8f4d0f112f8/in_use.lock acquired by nodename 14719@fv-az83-841
2022-11-05 13:04:30,918 [pool-187-thread-1] INFO  storage.RaftStorage (RaftStorageImpl.java:format(96)) - Storage directory /home/runner/work/ozone/ozone/hadoop-ozone/integration-test/target/test-dir/MiniOzoneClusterImpl-9e91b504-fe86-427b-a8de-b3d8b21cdaaf/datanode-5/data/ratis/b624d979-1294-4bfe-b12a-d8f4d0f112f8 has been successfully formatted.
2022-11-05 13:04:30,919 [pool-187-thread-1] INFO  ratis.ContainerStateMachine (ContainerStateMachine.java:loadSnapshot(236)) - group-D8F4D0F112F8: The snapshot info is null. Setting the last applied indexto:(t:0, i:~)
2022-11-05 13:04:30,919 [pool-187-thread-1] INFO  server.RaftServerConfigKeys (ConfUtils.java:logGet(46)) - raft.server.log.use.memory = false (default)
2022-11-05 13:04:30,921 [pool-187-thread-1] INFO  server.RaftServerConfigKeys (ConfUtils.java:logGet(46)) - raft.server.log.purge.gap = 1000000 (custom)
2022-11-05 13:04:30,921 [pool-187-thread-1] INFO  server.RaftServerConfigKeys (ConfUtils.java:logGet(46)) - raft.server.log.appender.buffer.byte-limit = 33554432 (custom)
2022-11-05 13:04:30,921 [pool-187-thread-1] INFO  server.RaftServerConfigKeys (ConfUtils.java:logGet(46)) - raft.server.log.statemachine.data.read.timeout = 1000ms (default)
2022-11-05 13:04:30,921 [pool-187-thread-1] INFO  server.RaftServerConfigKeys (ConfUtils.java:logGet(46)) - raft.server.log.purge.preservation.log.num = 0 (default)
2022-11-05 13:04:30,921 [pool-187-thread-1] INFO  server.RaftServerConfigKeys (ConfUtils.java:logGet(46)) - raft.server.log.segment.size.max = 1048576 (custom)
2022-11-05 13:04:30,922 [pool-187-thread-1] INFO  server.RaftServerConfigKeys (ConfUtils.java:logGet(46)) - raft.server.log.segment.cache.num.max = 2 (custom)
2022-11-05 13:04:30,922 [pool-187-thread-1] INFO  server.RaftServerConfigKeys (ConfUtils.java:logGet(46)) - raft.server.log.segment.cache.size.max = 200MB (=209715200) (default)
2022-11-05 13:04:30,922 [pool-187-thread-1] INFO  segmented.SegmentedRaftLogWorker (SegmentedRaftLogWorker.java:<init>(191)) - new 1260d27d-2afd-492e-9430-e2f349ff0f7b@group-D8F4D0F112F8-SegmentedRaftLogWorker for RaftStorageImpl:Storage Directory /home/runner/work/ozone/ozone/hadoop-ozone/integration-test/target/test-dir/MiniOzoneClusterImpl-9e91b504-fe86-427b-a8de-b3d8b21cdaaf/datanode-5/data/ratis/b624d979-1294-4bfe-b12a-d8f4d0f112f8
2022-11-05 13:04:30,922 [pool-187-thread-1] INFO  server.RaftServerConfigKeys (ConfUtils.java:logGet(46)) - raft.server.log.queue.byte-limit = 4294967296 (custom)
2022-11-05 13:04:30,922 [pool-187-thread-1] INFO  server.RaftServerConfigKeys (ConfUtils.java:logGet(46)) - raft.server.log.queue.element-limit = 1024 (custom)
2022-11-05 13:04:30,922 [pool-187-thread-1] INFO  server.RaftServerConfigKeys (ConfUtils.java:logGet(46)) - raft.server.log.segment.size.max = 1048576 (custom)
2022-11-05 13:04:30,922 [pool-187-thread-1] INFO  server.RaftServerConfigKeys (ConfUtils.java:logGet(46)) - raft.server.log.preallocated.size = 16384 (custom)
2022-11-05 13:04:30,922 [pool-187-thread-1] INFO  server.RaftServerConfigKeys (ConfUtils.java:logGet(46)) - raft.server.log.force.sync.num = 128 (default)
2022-11-05 13:04:30,922 [pool-187-thread-1] INFO  server.RaftServerConfigKeys (ConfUtils.java:logGet(46)) - raft.server.log.statemachine.data.sync = true (default)
2022-11-05 13:04:30,923 [pool-187-thread-1] INFO  server.RaftServerConfigKeys (ConfUtils.java:logGet(46)) - raft.server.log.statemachine.data.sync.timeout = 10s (default)
2022-11-05 13:04:30,923 [pool-187-thread-1] INFO  server.RaftServerConfigKeys (ConfUtils.java:logGet(46)) - raft.server.log.statemachine.data.sync.timeout.retry = -1 (default)
2022-11-05 13:04:30,924 [pool-187-thread-1] INFO  server.RaftServerConfigKeys (ConfUtils.java:logGet(46)) - raft.server.log.write.buffer.size = 1048576 (custom)
2022-11-05 13:04:30,924 [pool-187-thread-1] INFO  server.RaftServerConfigKeys (ConfUtils.java:logGet(46)) - raft.server.log.unsafe-flush.enabled = false (default)
2022-11-05 13:04:30,924 [pool-187-thread-1] INFO  server.RaftServerConfigKeys (ConfUtils.java:logGet(46)) - raft.server.log.async-flush.enabled = false (default)
2022-11-05 13:04:30,924 [pool-187-thread-1] INFO  server.RaftServerConfigKeys (ConfUtils.java:logGet(46)) - raft.server.log.statemachine.data.caching.enabled = true (custom)
2022-11-05 13:04:30,925 [pool-187-thread-1] INFO  segmented.SegmentedRaftLogWorker (SegmentedRaftLogWorker.java:lambda$new$0(136)) - 1260d27d-2afd-492e-9430-e2f349ff0f7b@group-D8F4D0F112F8-SegmentedRaftLogWorker: flushIndex: setUnconditionally 0 -> -1
2022-11-05 13:04:30,925 [pool-187-thread-1] INFO  segmented.SegmentedRaftLogWorker (SegmentedRaftLogWorker.java:lambda$new$0(136)) - 1260d27d-2afd-492e-9430-e2f349ff0f7b@group-D8F4D0F112F8-SegmentedRaftLogWorker: safeCacheEvictIndex: setUnconditionally 0 -> -1
2022-11-05 13:04:30,926 [pool-187-thread-1] INFO  server.RaftServer$Division (RaftServerImpl.java:start(334)) - 1260d27d-2afd-492e-9430-e2f349ff0f7b@group-D8F4D0F112F8: start as a follower, conf=-1: peers:[8380acfc-c198-4795-aa09-3ffc033ca33b|rpc:10.1.0.157:44611|dataStream:|priority:1|startupRole:FOLLOWER, 957f0a06-02fd-450d-99be-0926792af3ec|rpc:10.1.0.157:39575|dataStream:|priority:0|startupRole:FOLLOWER, 1260d27d-2afd-492e-9430-e2f349ff0f7b|rpc:10.1.0.157:38409|dataStream:|priority:0|startupRole:FOLLOWER]|listeners:[], old=null
2022-11-05 13:04:30,926 [pool-187-thread-1] INFO  server.RaftServer$Division (RaftServerImpl.java:setRole(321)) - 1260d27d-2afd-492e-9430-e2f349ff0f7b@group-D8F4D0F112F8: changes role from      null to FOLLOWER at term 0 for startAsFollower
2022-11-05 13:04:30,927 [pool-187-thread-1] INFO  impl.RoleInfo (RoleInfo.java:updateAndGet(139)) - 1260d27d-2afd-492e-9430-e2f349ff0f7b: start 1260d27d-2afd-492e-9430-e2f349ff0f7b@group-D8F4D0F112F8-FollowerState
2022-11-05 13:04:30,927 [pool-187-thread-1] INFO  util.JmxRegister (JmxRegister.java:tryRegister(44)) - Successfully registered JMX Bean with object name Ratis:service=RaftServer,group=group-D8F4D0F112F8,id=1260d27d-2afd-492e-9430-e2f349ff0f7b
2022-11-05 13:04:30,927 [1260d27d-2afd-492e-9430-e2f349ff0f7b@group-D8F4D0F112F8-FollowerState] INFO  server.RaftServerConfigKeys (ConfUtils.java:logFallback(53)) - raft.server.rpc.first-election.timeout.min = 5s (fallback to raft.server.rpc.timeout.min)
2022-11-05 13:04:30,931 [1260d27d-2afd-492e-9430-e2f349ff0f7b@group-D8F4D0F112F8-FollowerState] INFO  server.RaftServerConfigKeys (ConfUtils.java:logFallback(53)) - raft.server.rpc.first-election.timeout.max = 5200ms (fallback to raft.server.rpc.timeout.max)
2022-11-05 13:04:30,931 [pool-187-thread-1] INFO  server.RaftServerConfigKeys (ConfUtils.java:logGet(46)) - raft.server.snapshot.auto.trigger.enabled = true (custom)
2022-11-05 13:04:30,931 [pool-187-thread-1] INFO  server.RaftServerConfigKeys (ConfUtils.java:logGet(46)) - raft.server.snapshot.auto.trigger.threshold = 10000 (custom)
2022-11-05 13:04:30,931 [pool-187-thread-1] INFO  server.RaftServerConfigKeys (ConfUtils.java:logGet(46)) - raft.server.snapshot.retention.file.num = 5 (custom)
2022-11-05 13:04:30,931 [pool-187-thread-1] INFO  server.RaftServerConfigKeys (ConfUtils.java:logGet(46)) - raft.server.log.purge.upto.snapshot.index = false (default)
2022-11-05 13:04:30,958 [grpc-default-executor-0] INFO  server.RaftServer (RaftServerProxy.java:addNew(96)) - 8380acfc-c198-4795-aa09-3ffc033ca33b: addNew group-D8F4D0F112F8:[8380acfc-c198-4795-aa09-3ffc033ca33b|rpc:10.1.0.157:44611|dataStream:|priority:1|startupRole:FOLLOWER, 957f0a06-02fd-450d-99be-0926792af3ec|rpc:10.1.0.157:39575|dataStream:|priority:0|startupRole:FOLLOWER, 1260d27d-2afd-492e-9430-e2f349ff0f7b|rpc:10.1.0.157:38409|dataStream:|priority:0|startupRole:FOLLOWER] returns group-D8F4D0F112F8:java.util.concurrent.CompletableFuture@3e4f7af6[Not completed]
2022-11-05 13:04:30,959 [pool-164-thread-1] INFO  server.RaftServer$Division (RaftServerImpl.java:<init>(195)) - 8380acfc-c198-4795-aa09-3ffc033ca33b: new RaftServerImpl for group-D8F4D0F112F8:[8380acfc-c198-4795-aa09-3ffc033ca33b|rpc:10.1.0.157:44611|dataStream:|priority:1|startupRole:FOLLOWER, 957f0a06-02fd-450d-99be-0926792af3ec|rpc:10.1.0.157:39575|dataStream:|priority:0|startupRole:FOLLOWER, 1260d27d-2afd-492e-9430-e2f349ff0f7b|rpc:10.1.0.157:38409|dataStream:|priority:0|startupRole:FOLLOWER] with ContainerStateMachine:uninitialized
2022-11-05 13:04:30,960 [pool-164-thread-1] INFO  server.RaftServerConfigKeys (ConfUtils.java:logGet(46)) - raft.server.rpc.timeout.min = 5s (custom)
2022-11-05 13:04:30,960 [pool-164-thread-1] INFO  server.RaftServerConfigKeys (ConfUtils.java:logGet(46)) - raft.server.rpc.timeout.max = 5200ms (custom)
2022-11-05 13:04:30,960 [pool-164-thread-1] INFO  server.RaftServerConfigKeys (ConfUtils.java:logGet(46)) - raft.server.rpc.sleep.time = 25ms (default)
2022-11-05 13:04:30,960 [pool-164-thread-1] INFO  server.RaftServerConfigKeys (ConfUtils.java:logGet(46)) - raft.server.rpc.slowness.timeout = 300s (custom)
2022-11-05 13:04:30,960 [pool-164-thread-1] INFO  server.RaftServerConfigKeys (ConfUtils.java:logGet(46)) - raft.server.leaderelection.leader.step-down.wait-time = 10s (default)
2022-11-05 13:04:30,960 [pool-164-thread-1] INFO  server.RaftServerConfigKeys (ConfUtils.java:logGet(46)) - raft.server.sleep.deviation.threshold = 300ms (default)
2022-11-05 13:04:30,960 [pool-164-thread-1] INFO  server.RaftServer$Division (ServerState.java:<init>(118)) - 8380acfc-c198-4795-aa09-3ffc033ca33b@group-D8F4D0F112F8: ConfigurationManager, init=-1: peers:[8380acfc-c198-4795-aa09-3ffc033ca33b|rpc:10.1.0.157:44611|dataStream:|priority:1|startupRole:FOLLOWER, 957f0a06-02fd-450d-99be-0926792af3ec|rpc:10.1.0.157:39575|dataStream:|priority:0|startupRole:FOLLOWER, 1260d27d-2afd-492e-9430-e2f349ff0f7b|rpc:10.1.0.157:38409|dataStream:|priority:0|startupRole:FOLLOWER]|listeners:[], old=null, confs=<EMPTY_MAP>
2022-11-05 13:04:30,960 [pool-164-thread-1] INFO  server.RaftServerConfigKeys (ConfUtils.java:logGet(46)) - raft.server.storage.dir = [/home/runner/work/ozone/ozone/hadoop-ozone/integration-test/target/test-dir/MiniOzoneClusterImpl-9e91b504-fe86-427b-a8de-b3d8b21cdaaf/datanode-4/data/ratis] (custom)
2022-11-05 13:04:30,960 [pool-164-thread-1] INFO  server.RaftServerConfigKeys (ConfUtils.java:logGet(46)) - raft.server.log.corruption.policy = EXCEPTION (default)
2022-11-05 13:04:30,960 [pool-164-thread-1] INFO  server.RaftServerConfigKeys (ConfUtils.java:logGet(46)) - raft.server.storage.free-space.min = 0MB (=0) (default)
2022-11-05 13:04:30,960 [pool-164-thread-1] INFO  server.RaftServerConfigKeys (ConfUtils.java:logGet(46)) - raft.server.notification.no-leader.timeout = 300s (custom)
2022-11-05 13:04:30,961 [pool-164-thread-1] INFO  server.RaftServerConfigKeys (ConfUtils.java:logGet(46)) - raft.server.retrycache.expirytime = 600000ms (custom)
2022-11-05 13:04:30,961 [pool-164-thread-1] INFO  server.RaftServerConfigKeys (ConfUtils.java:logGet(46)) - raft.server.retrycache.statistics.expirytime = 100μs (default)
2022-11-05 13:04:30,962 [pool-164-thread-1] INFO  server.RaftServerConfigKeys (ConfUtils.java:logGet(46)) - raft.server.log.appender.install.snapshot.enabled = false (custom)
2022-11-05 13:04:30,962 [pool-164-thread-1] INFO  server.RaftServerConfigKeys (ConfUtils.java:logGet(46)) - raft.server.threadpool.server.cached = true (default)
2022-11-05 13:04:30,962 [pool-164-thread-1] INFO  server.RaftServerConfigKeys (ConfUtils.java:logGet(46)) - raft.server.threadpool.server.size = 0 (default)
2022-11-05 13:04:30,962 [pool-164-thread-1] INFO  server.RaftServerConfigKeys (ConfUtils.java:logGet(46)) - raft.server.threadpool.client.cached = true (default)
2022-11-05 13:04:30,962 [pool-164-thread-1] INFO  server.RaftServerConfigKeys (ConfUtils.java:logGet(46)) - raft.server.threadpool.client.size = 0 (default)
2022-11-05 13:04:30,963 [pool-164-thread-1] INFO  storage.RaftStorageDirectory (RaftStorageDirectoryImpl.java:analyzeStorage(137)) - The storage directory /home/runner/work/ozone/ozone/hadoop-ozone/integration-test/target/test-dir/MiniOzoneClusterImpl-9e91b504-fe86-427b-a8de-b3d8b21cdaaf/datanode-4/data/ratis/b624d979-1294-4bfe-b12a-d8f4d0f112f8 does not exist. Creating ...
2022-11-05 13:04:30,970 [pool-164-thread-1] INFO  storage.RaftStorageDirectory (RaftStorageDirectoryImpl.java:tryLock(231)) - Lock on /home/runner/work/ozone/ozone/hadoop-ozone/integration-test/target/test-dir/MiniOzoneClusterImpl-9e91b504-fe86-427b-a8de-b3d8b21cdaaf/datanode-4/data/ratis/b624d979-1294-4bfe-b12a-d8f4d0f112f8/in_use.lock acquired by nodename 14719@fv-az83-841
2022-11-05 13:04:30,977 [pool-164-thread-1] INFO  storage.RaftStorage (RaftStorageImpl.java:format(96)) - Storage directory /home/runner/work/ozone/ozone/hadoop-ozone/integration-test/target/test-dir/MiniOzoneClusterImpl-9e91b504-fe86-427b-a8de-b3d8b21cdaaf/datanode-4/data/ratis/b624d979-1294-4bfe-b12a-d8f4d0f112f8 has been successfully formatted.
2022-11-05 13:04:30,978 [pool-164-thread-1] INFO  ratis.ContainerStateMachine (ContainerStateMachine.java:loadSnapshot(236)) - group-D8F4D0F112F8: The snapshot info is null. Setting the last applied indexto:(t:0, i:~)
2022-11-05 13:04:30,978 [pool-164-thread-1] INFO  server.RaftServerConfigKeys (ConfUtils.java:logGet(46)) - raft.server.log.use.memory = false (default)
2022-11-05 13:04:30,978 [pool-164-thread-1] INFO  server.RaftServerConfigKeys (ConfUtils.java:logGet(46)) - raft.server.log.purge.gap = 1000000 (custom)
2022-11-05 13:04:30,978 [pool-164-thread-1] INFO  server.RaftServerConfigKeys (ConfUtils.java:logGet(46)) - raft.server.log.appender.buffer.byte-limit = 33554432 (custom)
2022-11-05 13:04:30,978 [pool-164-thread-1] INFO  server.RaftServerConfigKeys (ConfUtils.java:logGet(46)) - raft.server.log.statemachine.data.read.timeout = 1000ms (default)
2022-11-05 13:04:30,978 [pool-164-thread-1] INFO  server.RaftServerConfigKeys (ConfUtils.java:logGet(46)) - raft.server.log.purge.preservation.log.num = 0 (default)
2022-11-05 13:04:30,978 [pool-164-thread-1] INFO  server.RaftServerConfigKeys (ConfUtils.java:logGet(46)) - raft.server.log.segment.size.max = 1048576 (custom)
2022-11-05 13:04:30,979 [pool-164-thread-1] INFO  server.RaftServerConfigKeys (ConfUtils.java:logGet(46)) - raft.server.log.segment.cache.num.max = 2 (custom)
2022-11-05 13:04:30,979 [pool-164-thread-1] INFO  server.RaftServerConfigKeys (ConfUtils.java:logGet(46)) - raft.server.log.segment.cache.size.max = 200MB (=209715200) (default)
2022-11-05 13:04:30,979 [pool-164-thread-1] INFO  segmented.SegmentedRaftLogWorker (SegmentedRaftLogWorker.java:<init>(191)) - new 8380acfc-c198-4795-aa09-3ffc033ca33b@group-D8F4D0F112F8-SegmentedRaftLogWorker for RaftStorageImpl:Storage Directory /home/runner/work/ozone/ozone/hadoop-ozone/integration-test/target/test-dir/MiniOzoneClusterImpl-9e91b504-fe86-427b-a8de-b3d8b21cdaaf/datanode-4/data/ratis/b624d979-1294-4bfe-b12a-d8f4d0f112f8
2022-11-05 13:04:30,979 [pool-164-thread-1] INFO  server.RaftServerConfigKeys (ConfUtils.java:logGet(46)) - raft.server.log.queue.byte-limit = 4294967296 (custom)
2022-11-05 13:04:30,979 [pool-164-thread-1] INFO  server.RaftServerConfigKeys (ConfUtils.java:logGet(46)) - raft.server.log.queue.element-limit = 1024 (custom)
2022-11-05 13:04:30,979 [pool-164-thread-1] INFO  server.RaftServerConfigKeys (ConfUtils.java:logGet(46)) - raft.server.log.segment.size.max = 1048576 (custom)
2022-11-05 13:04:30,979 [pool-164-thread-1] INFO  server.RaftServerConfigKeys (ConfUtils.java:logGet(46)) - raft.server.log.preallocated.size = 16384 (custom)
2022-11-05 13:04:30,979 [pool-164-thread-1] INFO  server.RaftServerConfigKeys (ConfUtils.java:logGet(46)) - raft.server.log.force.sync.num = 128 (default)
2022-11-05 13:04:30,979 [pool-164-thread-1] INFO  server.RaftServerConfigKeys (ConfUtils.java:logGet(46)) - raft.server.log.statemachine.data.sync = true (default)
2022-11-05 13:04:30,979 [pool-164-thread-1] INFO  server.RaftServerConfigKeys (ConfUtils.java:logGet(46)) - raft.server.log.statemachine.data.sync.timeout = 10s (default)
2022-11-05 13:04:30,979 [pool-164-thread-1] INFO  server.RaftServerConfigKeys (ConfUtils.java:logGet(46)) - raft.server.log.statemachine.data.sync.timeout.retry = -1 (default)
2022-11-05 13:04:30,980 [pool-164-thread-1] INFO  server.RaftServerConfigKeys (ConfUtils.java:logGet(46)) - raft.server.log.write.buffer.size = 1048576 (custom)
2022-11-05 13:04:30,981 [pool-164-thread-1] INFO  server.RaftServerConfigKeys (ConfUtils.java:logGet(46)) - raft.server.log.unsafe-flush.enabled = false (default)
2022-11-05 13:04:30,981 [pool-164-thread-1] INFO  server.RaftServerConfigKeys (ConfUtils.java:logGet(46)) - raft.server.log.async-flush.enabled = false (default)
2022-11-05 13:04:30,981 [pool-164-thread-1] INFO  server.RaftServerConfigKeys (ConfUtils.java:logGet(46)) - raft.server.log.statemachine.data.caching.enabled = true (custom)
2022-11-05 13:04:30,981 [pool-164-thread-1] INFO  segmented.SegmentedRaftLogWorker (SegmentedRaftLogWorker.java:lambda$new$0(136)) - 8380acfc-c198-4795-aa09-3ffc033ca33b@group-D8F4D0F112F8-SegmentedRaftLogWorker: flushIndex: setUnconditionally 0 -> -1
2022-11-05 13:04:30,981 [pool-164-thread-1] INFO  segmented.SegmentedRaftLogWorker (SegmentedRaftLogWorker.java:lambda$new$0(136)) - 8380acfc-c198-4795-aa09-3ffc033ca33b@group-D8F4D0F112F8-SegmentedRaftLogWorker: safeCacheEvictIndex: setUnconditionally 0 -> -1
2022-11-05 13:04:30,982 [pool-164-thread-1] INFO  server.RaftServer$Division (RaftServerImpl.java:start(334)) - 8380acfc-c198-4795-aa09-3ffc033ca33b@group-D8F4D0F112F8: start as a follower, conf=-1: peers:[8380acfc-c198-4795-aa09-3ffc033ca33b|rpc:10.1.0.157:44611|dataStream:|priority:1|startupRole:FOLLOWER, 957f0a06-02fd-450d-99be-0926792af3ec|rpc:10.1.0.157:39575|dataStream:|priority:0|startupRole:FOLLOWER, 1260d27d-2afd-492e-9430-e2f349ff0f7b|rpc:10.1.0.157:38409|dataStream:|priority:0|startupRole:FOLLOWER]|listeners:[], old=null
2022-11-05 13:04:30,982 [pool-164-thread-1] INFO  server.RaftServer$Division (RaftServerImpl.java:setRole(321)) - 8380acfc-c198-4795-aa09-3ffc033ca33b@group-D8F4D0F112F8: changes role from      null to FOLLOWER at term 0 for startAsFollower
2022-11-05 13:04:30,982 [pool-164-thread-1] INFO  impl.RoleInfo (RoleInfo.java:updateAndGet(139)) - 8380acfc-c198-4795-aa09-3ffc033ca33b: start 8380acfc-c198-4795-aa09-3ffc033ca33b@group-D8F4D0F112F8-FollowerState
2022-11-05 13:04:30,983 [pool-164-thread-1] INFO  util.JmxRegister (JmxRegister.java:tryRegister(44)) - Successfully registered JMX Bean with object name Ratis:service=RaftServer,group=group-D8F4D0F112F8,id=8380acfc-c198-4795-aa09-3ffc033ca33b
2022-11-05 13:04:30,983 [pool-164-thread-1] INFO  server.RaftServerConfigKeys (ConfUtils.java:logGet(46)) - raft.server.snapshot.auto.trigger.enabled = true (custom)
2022-11-05 13:04:30,983 [pool-164-thread-1] INFO  server.RaftServerConfigKeys (ConfUtils.java:logGet(46)) - raft.server.snapshot.auto.trigger.threshold = 10000 (custom)
2022-11-05 13:04:30,983 [pool-164-thread-1] INFO  server.RaftServerConfigKeys (ConfUtils.java:logGet(46)) - raft.server.snapshot.retention.file.num = 5 (custom)
2022-11-05 13:04:30,983 [pool-164-thread-1] INFO  server.RaftServerConfigKeys (ConfUtils.java:logGet(46)) - raft.server.log.purge.upto.snapshot.index = false (default)
2022-11-05 13:04:30,984 [8380acfc-c198-4795-aa09-3ffc033ca33b@group-D8F4D0F112F8-FollowerState] INFO  server.RaftServerConfigKeys (ConfUtils.java:logFallback(53)) - raft.server.rpc.first-election.timeout.min = 5s (fallback to raft.server.rpc.timeout.min)
2022-11-05 13:04:30,985 [8380acfc-c198-4795-aa09-3ffc033ca33b@group-D8F4D0F112F8-FollowerState] INFO  server.RaftServerConfigKeys (ConfUtils.java:logFallback(53)) - raft.server.rpc.first-election.timeout.max = 5200ms (fallback to raft.server.rpc.timeout.max)
2022-11-05 13:04:30,991 [Command processor thread] INFO  commandhandler.CreatePipelineCommandHandler (CreatePipelineCommandHandler.java:handle(113)) - Created Pipeline RATIS THREE PipelineID=b624d979-1294-4bfe-b12a-d8f4d0f112f8.
2022-11-05 13:04:30,991 [Command processor thread] INFO  server.RaftServer (RaftServerProxy.java:addNew(96)) - 957f0a06-02fd-450d-99be-0926792af3ec: addNew group-7D2311A86DCB:[8380acfc-c198-4795-aa09-3ffc033ca33b|rpc:10.1.0.157:44611|priority:0|startupRole:FOLLOWER, 957f0a06-02fd-450d-99be-0926792af3ec|rpc:10.1.0.157:39575|priority:1|startupRole:FOLLOWER, 1260d27d-2afd-492e-9430-e2f349ff0f7b|rpc:10.1.0.157:38409|priority:0|startupRole:FOLLOWER] returns group-7D2311A86DCB:java.util.concurrent.CompletableFuture@3ca056bf[Not completed]
2022-11-05 13:04:30,992 [pool-141-thread-1] INFO  server.RaftServer$Division (RaftServerImpl.java:<init>(195)) - 957f0a06-02fd-450d-99be-0926792af3ec: new RaftServerImpl for group-7D2311A86DCB:[8380acfc-c198-4795-aa09-3ffc033ca33b|rpc:10.1.0.157:44611|priority:0|startupRole:FOLLOWER, 957f0a06-02fd-450d-99be-0926792af3ec|rpc:10.1.0.157:39575|priority:1|startupRole:FOLLOWER, 1260d27d-2afd-492e-9430-e2f349ff0f7b|rpc:10.1.0.157:38409|priority:0|startupRole:FOLLOWER] with ContainerStateMachine:uninitialized
2022-11-05 13:04:30,992 [pool-141-thread-1] INFO  server.RaftServerConfigKeys (ConfUtils.java:logGet(46)) - raft.server.rpc.timeout.min = 5s (custom)
2022-11-05 13:04:30,992 [pool-141-thread-1] INFO  server.RaftServerConfigKeys (ConfUtils.java:logGet(46)) - raft.server.rpc.timeout.max = 5200ms (custom)
2022-11-05 13:04:30,992 [pool-141-thread-1] INFO  server.RaftServerConfigKeys (ConfUtils.java:logGet(46)) - raft.server.rpc.sleep.time = 25ms (default)
2022-11-05 13:04:30,992 [pool-141-thread-1] INFO  server.RaftServerConfigKeys (ConfUtils.java:logGet(46)) - raft.server.rpc.slowness.timeout = 300s (custom)
2022-11-05 13:04:30,992 [pool-141-thread-1] INFO  server.RaftServerConfigKeys (ConfUtils.java:logGet(46)) - raft.server.leaderelection.leader.step-down.wait-time = 10s (default)
2022-11-05 13:04:30,992 [pool-141-thread-1] INFO  server.RaftServerConfigKeys (ConfUtils.java:logGet(46)) - raft.server.sleep.deviation.threshold = 300ms (default)
2022-11-05 13:04:30,992 [pool-141-thread-1] INFO  server.RaftServer$Division (ServerState.java:<init>(118)) - 957f0a06-02fd-450d-99be-0926792af3ec@group-7D2311A86DCB: ConfigurationManager, init=-1: peers:[8380acfc-c198-4795-aa09-3ffc033ca33b|rpc:10.1.0.157:44611|priority:0|startupRole:FOLLOWER, 957f0a06-02fd-450d-99be-0926792af3ec|rpc:10.1.0.157:39575|priority:1|startupRole:FOLLOWER, 1260d27d-2afd-492e-9430-e2f349ff0f7b|rpc:10.1.0.157:38409|priority:0|startupRole:FOLLOWER]|listeners:[], old=null, confs=<EMPTY_MAP>
2022-11-05 13:04:30,992 [pool-141-thread-1] INFO  server.RaftServerConfigKeys (ConfUtils.java:logGet(46)) - raft.server.storage.dir = [/home/runner/work/ozone/ozone/hadoop-ozone/integration-test/target/test-dir/MiniOzoneClusterImpl-9e91b504-fe86-427b-a8de-b3d8b21cdaaf/datanode-3/data/ratis] (custom)
2022-11-05 13:04:30,992 [pool-141-thread-1] INFO  server.RaftServerConfigKeys (ConfUtils.java:logGet(46)) - raft.server.log.corruption.policy = EXCEPTION (default)
2022-11-05 13:04:30,992 [pool-141-thread-1] INFO  server.RaftServerConfigKeys (ConfUtils.java:logGet(46)) - raft.server.storage.free-space.min = 0MB (=0) (default)
2022-11-05 13:04:30,992 [pool-141-thread-1] INFO  server.RaftServerConfigKeys (ConfUtils.java:logGet(46)) - raft.server.notification.no-leader.timeout = 300s (custom)
2022-11-05 13:04:30,992 [pool-141-thread-1] INFO  server.RaftServerConfigKeys (ConfUtils.java:logGet(46)) - raft.server.retrycache.expirytime = 600000ms (custom)
2022-11-05 13:04:30,992 [pool-141-thread-1] INFO  server.RaftServerConfigKeys (ConfUtils.java:logGet(46)) - raft.server.retrycache.statistics.expirytime = 100μs (default)
2022-11-05 13:04:30,993 [pool-141-thread-1] INFO  server.RaftServerConfigKeys (ConfUtils.java:logGet(46)) - raft.server.log.appender.install.snapshot.enabled = false (custom)
2022-11-05 13:04:30,993 [pool-141-thread-1] INFO  server.RaftServerConfigKeys (ConfUtils.java:logGet(46)) - raft.server.threadpool.server.cached = true (default)
2022-11-05 13:04:30,994 [pool-141-thread-1] INFO  server.RaftServerConfigKeys (ConfUtils.java:logGet(46)) - raft.server.threadpool.server.size = 0 (default)
2022-11-05 13:04:30,994 [pool-141-thread-1] INFO  server.RaftServerConfigKeys (ConfUtils.java:logGet(46)) - raft.server.threadpool.client.cached = true (default)
2022-11-05 13:04:30,994 [pool-141-thread-1] INFO  server.RaftServerConfigKeys (ConfUtils.java:logGet(46)) - raft.server.threadpool.client.size = 0 (default)
2022-11-05 13:04:30,994 [pool-141-thread-1] INFO  storage.RaftStorageDirectory (RaftStorageDirectoryImpl.java:analyzeStorage(137)) - The storage directory /home/runner/work/ozone/ozone/hadoop-ozone/integration-test/target/test-dir/MiniOzoneClusterImpl-9e91b504-fe86-427b-a8de-b3d8b21cdaaf/datanode-3/data/ratis/ebb89aeb-7114-4a66-a098-7d2311a86dcb does not exist. Creating ...
2022-11-05 13:04:31,007 [pool-141-thread-1] INFO  storage.RaftStorageDirectory (RaftStorageDirectoryImpl.java:tryLock(231)) - Lock on /home/runner/work/ozone/ozone/hadoop-ozone/integration-test/target/test-dir/MiniOzoneClusterImpl-9e91b504-fe86-427b-a8de-b3d8b21cdaaf/datanode-3/data/ratis/ebb89aeb-7114-4a66-a098-7d2311a86dcb/in_use.lock acquired by nodename 14719@fv-az83-841
2022-11-05 13:04:31,014 [pool-141-thread-1] INFO  storage.RaftStorage (RaftStorageImpl.java:format(96)) - Storage directory /home/runner/work/ozone/ozone/hadoop-ozone/integration-test/target/test-dir/MiniOzoneClusterImpl-9e91b504-fe86-427b-a8de-b3d8b21cdaaf/datanode-3/data/ratis/ebb89aeb-7114-4a66-a098-7d2311a86dcb has been successfully formatted.
2022-11-05 13:04:31,015 [pool-141-thread-1] INFO  ratis.ContainerStateMachine (ContainerStateMachine.java:loadSnapshot(236)) - group-7D2311A86DCB: The snapshot info is null. Setting the last applied indexto:(t:0, i:~)
2022-11-05 13:04:31,015 [pool-141-thread-1] INFO  server.RaftServerConfigKeys (ConfUtils.java:logGet(46)) - raft.server.log.use.memory = false (default)
2022-11-05 13:04:31,015 [pool-141-thread-1] INFO  server.RaftServerConfigKeys (ConfUtils.java:logGet(46)) - raft.server.log.purge.gap = 1000000 (custom)
2022-11-05 13:04:31,015 [pool-141-thread-1] INFO  server.RaftServerConfigKeys (ConfUtils.java:logGet(46)) - raft.server.log.appender.buffer.byte-limit = 33554432 (custom)
2022-11-05 13:04:31,015 [pool-141-thread-1] INFO  server.RaftServerConfigKeys (ConfUtils.java:logGet(46)) - raft.server.log.statemachine.data.read.timeout = 1000ms (default)
2022-11-05 13:04:31,015 [pool-141-thread-1] INFO  server.RaftServerConfigKeys (ConfUtils.java:logGet(46)) - raft.server.log.purge.preservation.log.num = 0 (default)
2022-11-05 13:04:31,015 [pool-141-thread-1] INFO  server.RaftServerConfigKeys (ConfUtils.java:logGet(46)) - raft.server.log.segment.size.max = 1048576 (custom)
2022-11-05 13:04:31,017 [pool-141-thread-1] INFO  server.RaftServerConfigKeys (ConfUtils.java:logGet(46)) - raft.server.log.segment.cache.num.max = 2 (custom)
2022-11-05 13:04:31,017 [pool-141-thread-1] INFO  server.RaftServerConfigKeys (ConfUtils.java:logGet(46)) - raft.server.log.segment.cache.size.max = 200MB (=209715200) (default)
2022-11-05 13:04:31,018 [pool-141-thread-1] INFO  segmented.SegmentedRaftLogWorker (SegmentedRaftLogWorker.java:<init>(191)) - new 957f0a06-02fd-450d-99be-0926792af3ec@group-7D2311A86DCB-SegmentedRaftLogWorker for RaftStorageImpl:Storage Directory /home/runner/work/ozone/ozone/hadoop-ozone/integration-test/target/test-dir/MiniOzoneClusterImpl-9e91b504-fe86-427b-a8de-b3d8b21cdaaf/datanode-3/data/ratis/ebb89aeb-7114-4a66-a098-7d2311a86dcb
2022-11-05 13:04:31,018 [pool-141-thread-1] INFO  server.RaftServerConfigKeys (ConfUtils.java:logGet(46)) - raft.server.log.queue.byte-limit = 4294967296 (custom)
2022-11-05 13:04:31,018 [pool-141-thread-1] INFO  server.RaftServerConfigKeys (ConfUtils.java:logGet(46)) - raft.server.log.queue.element-limit = 1024 (custom)
2022-11-05 13:04:31,018 [pool-141-thread-1] INFO  server.RaftServerConfigKeys (ConfUtils.java:logGet(46)) - raft.server.log.segment.size.max = 1048576 (custom)
2022-11-05 13:04:31,018 [pool-141-thread-1] INFO  server.RaftServerConfigKeys (ConfUtils.java:logGet(46)) - raft.server.log.preallocated.size = 16384 (custom)
2022-11-05 13:04:31,019 [EventQueue-OpenPipelineForHealthyPipelineSafeModeRule] INFO  safemode.SCMSafeModeManager (HealthyPipelineSafeModeRule.java:process(137)) - SCM in safe mode. Healthy pipelines reported count is 0, required healthy pipeline reported count is 1
2022-11-05 13:04:31,019 [pool-141-thread-1] INFO  server.RaftServerConfigKeys (ConfUtils.java:logGet(46)) - raft.server.log.force.sync.num = 128 (default)
2022-11-05 13:04:31,021 [pool-141-thread-1] INFO  server.RaftServerConfigKeys (ConfUtils.java:logGet(46)) - raft.server.log.statemachine.data.sync = true (default)
2022-11-05 13:04:31,021 [pool-141-thread-1] INFO  server.RaftServerConfigKeys (ConfUtils.java:logGet(46)) - raft.server.log.statemachine.data.sync.timeout = 10s (default)
2022-11-05 13:04:31,021 [pool-141-thread-1] INFO  server.RaftServerConfigKeys (ConfUtils.java:logGet(46)) - raft.server.log.statemachine.data.sync.timeout.retry = -1 (default)
2022-11-05 13:04:31,023 [pool-141-thread-1] INFO  server.RaftServerConfigKeys (ConfUtils.java:logGet(46)) - raft.server.log.write.buffer.size = 1048576 (custom)
2022-11-05 13:04:31,023 [pool-141-thread-1] INFO  server.RaftServerConfigKeys (ConfUtils.java:logGet(46)) - raft.server.log.unsafe-flush.enabled = false (default)
2022-11-05 13:04:31,023 [pool-141-thread-1] INFO  server.RaftServerConfigKeys (ConfUtils.java:logGet(46)) - raft.server.log.async-flush.enabled = false (default)
2022-11-05 13:04:31,023 [pool-141-thread-1] INFO  server.RaftServerConfigKeys (ConfUtils.java:logGet(46)) - raft.server.log.statemachine.data.caching.enabled = true (custom)
2022-11-05 13:04:31,024 [pool-141-thread-1] INFO  segmented.SegmentedRaftLogWorker (SegmentedRaftLogWorker.java:lambda$new$0(136)) - 957f0a06-02fd-450d-99be-0926792af3ec@group-7D2311A86DCB-SegmentedRaftLogWorker: flushIndex: setUnconditionally 0 -> -1
2022-11-05 13:04:31,024 [pool-141-thread-1] INFO  segmented.SegmentedRaftLogWorker (SegmentedRaftLogWorker.java:lambda$new$0(136)) - 957f0a06-02fd-450d-99be-0926792af3ec@group-7D2311A86DCB-SegmentedRaftLogWorker: safeCacheEvictIndex: setUnconditionally 0 -> -1
2022-11-05 13:04:31,024 [pool-141-thread-1] INFO  server.RaftServer$Division (RaftServerImpl.java:start(334)) - 957f0a06-02fd-450d-99be-0926792af3ec@group-7D2311A86DCB: start as a follower, conf=-1: peers:[8380acfc-c198-4795-aa09-3ffc033ca33b|rpc:10.1.0.157:44611|priority:0|startupRole:FOLLOWER, 957f0a06-02fd-450d-99be-0926792af3ec|rpc:10.1.0.157:39575|priority:1|startupRole:FOLLOWER, 1260d27d-2afd-492e-9430-e2f349ff0f7b|rpc:10.1.0.157:38409|priority:0|startupRole:FOLLOWER]|listeners:[], old=null
2022-11-05 13:04:31,024 [pool-141-thread-1] INFO  server.RaftServer$Division (RaftServerImpl.java:setRole(321)) - 957f0a06-02fd-450d-99be-0926792af3ec@group-7D2311A86DCB: changes role from      null to FOLLOWER at term 0 for startAsFollower
2022-11-05 13:04:31,024 [pool-141-thread-1] INFO  impl.RoleInfo (RoleInfo.java:updateAndGet(139)) - 957f0a06-02fd-450d-99be-0926792af3ec: start 957f0a06-02fd-450d-99be-0926792af3ec@group-7D2311A86DCB-FollowerState
2022-11-05 13:04:31,029 [pool-141-thread-1] INFO  util.JmxRegister (JmxRegister.java:tryRegister(44)) - Successfully registered JMX Bean with object name Ratis:service=RaftServer,group=group-7D2311A86DCB,id=957f0a06-02fd-450d-99be-0926792af3ec
2022-11-05 13:04:31,029 [pool-141-thread-1] INFO  server.RaftServerConfigKeys (ConfUtils.java:logGet(46)) - raft.server.snapshot.auto.trigger.enabled = true (custom)
2022-11-05 13:04:31,029 [pool-141-thread-1] INFO  server.RaftServerConfigKeys (ConfUtils.java:logGet(46)) - raft.server.snapshot.auto.trigger.threshold = 10000 (custom)
2022-11-05 13:04:31,029 [pool-141-thread-1] INFO  server.RaftServerConfigKeys (ConfUtils.java:logGet(46)) - raft.server.snapshot.retention.file.num = 5 (custom)
2022-11-05 13:04:31,029 [pool-141-thread-1] INFO  server.RaftServerConfigKeys (ConfUtils.java:logGet(46)) - raft.server.log.purge.upto.snapshot.index = false (default)
2022-11-05 13:04:31,030 [Command processor thread] INFO  ratis.XceiverServerRatis (XceiverServerRatis.java:addGroup(765)) - Created group PipelineID=ebb89aeb-7114-4a66-a098-7d2311a86dcb
2022-11-05 13:04:31,030 [957f0a06-02fd-450d-99be-0926792af3ec@group-7D2311A86DCB-FollowerState] INFO  server.RaftServerConfigKeys (ConfUtils.java:logFallback(53)) - raft.server.rpc.first-election.timeout.min = 5s (fallback to raft.server.rpc.timeout.min)
2022-11-05 13:04:31,030 [957f0a06-02fd-450d-99be-0926792af3ec@group-7D2311A86DCB-FollowerState] INFO  server.RaftServerConfigKeys (ConfUtils.java:logFallback(53)) - raft.server.rpc.first-election.timeout.max = 5200ms (fallback to raft.server.rpc.timeout.max)
2022-11-05 13:04:31,050 [grpc-default-executor-0] INFO  server.RaftServer (RaftServerProxy.java:addNew(96)) - 8380acfc-c198-4795-aa09-3ffc033ca33b: addNew group-7D2311A86DCB:[8380acfc-c198-4795-aa09-3ffc033ca33b|rpc:10.1.0.157:44611|dataStream:|priority:0|startupRole:FOLLOWER, 957f0a06-02fd-450d-99be-0926792af3ec|rpc:10.1.0.157:39575|dataStream:|priority:1|startupRole:FOLLOWER, 1260d27d-2afd-492e-9430-e2f349ff0f7b|rpc:10.1.0.157:38409|dataStream:|priority:0|startupRole:FOLLOWER] returns group-7D2311A86DCB:java.util.concurrent.CompletableFuture@136d521d[Not completed]
2022-11-05 13:04:31,051 [pool-164-thread-1] INFO  server.RaftServer$Division (RaftServerImpl.java:<init>(195)) - 8380acfc-c198-4795-aa09-3ffc033ca33b: new RaftServerImpl for group-7D2311A86DCB:[8380acfc-c198-4795-aa09-3ffc033ca33b|rpc:10.1.0.157:44611|dataStream:|priority:0|startupRole:FOLLOWER, 957f0a06-02fd-450d-99be-0926792af3ec|rpc:10.1.0.157:39575|dataStream:|priority:1|startupRole:FOLLOWER, 1260d27d-2afd-492e-9430-e2f349ff0f7b|rpc:10.1.0.157:38409|dataStream:|priority:0|startupRole:FOLLOWER] with ContainerStateMachine:uninitialized
2022-11-05 13:04:31,051 [pool-164-thread-1] INFO  server.RaftServerConfigKeys (ConfUtils.java:logGet(46)) - raft.server.rpc.timeout.min = 5s (custom)
2022-11-05 13:04:31,051 [pool-164-thread-1] INFO  server.RaftServerConfigKeys (ConfUtils.java:logGet(46)) - raft.server.rpc.timeout.max = 5200ms (custom)
2022-11-05 13:04:31,051 [pool-164-thread-1] INFO  server.RaftServerConfigKeys (ConfUtils.java:logGet(46)) - raft.server.rpc.sleep.time = 25ms (default)
2022-11-05 13:04:31,051 [pool-164-thread-1] INFO  server.RaftServerConfigKeys (ConfUtils.java:logGet(46)) - raft.server.rpc.slowness.timeout = 300s (custom)
2022-11-05 13:04:31,051 [pool-164-thread-1] INFO  server.RaftServerConfigKeys (ConfUtils.java:logGet(46)) - raft.server.leaderelection.leader.step-down.wait-time = 10s (default)
2022-11-05 13:04:31,051 [pool-164-thread-1] INFO  server.RaftServerConfigKeys (ConfUtils.java:logGet(46)) - raft.server.sleep.deviation.threshold = 300ms (default)
2022-11-05 13:04:31,051 [pool-164-thread-1] INFO  server.RaftServer$Division (ServerState.java:<init>(118)) - 8380acfc-c198-4795-aa09-3ffc033ca33b@group-7D2311A86DCB: ConfigurationManager, init=-1: peers:[8380acfc-c198-4795-aa09-3ffc033ca33b|rpc:10.1.0.157:44611|dataStream:|priority:0|startupRole:FOLLOWER, 957f0a06-02fd-450d-99be-0926792af3ec|rpc:10.1.0.157:39575|dataStream:|priority:1|startupRole:FOLLOWER, 1260d27d-2afd-492e-9430-e2f349ff0f7b|rpc:10.1.0.157:38409|dataStream:|priority:0|startupRole:FOLLOWER]|listeners:[], old=null, confs=<EMPTY_MAP>
2022-11-05 13:04:31,052 [pool-164-thread-1] INFO  server.RaftServerConfigKeys (ConfUtils.java:logGet(46)) - raft.server.storage.dir = [/home/runner/work/ozone/ozone/hadoop-ozone/integration-test/target/test-dir/MiniOzoneClusterImpl-9e91b504-fe86-427b-a8de-b3d8b21cdaaf/datanode-4/data/ratis] (custom)
2022-11-05 13:04:31,052 [pool-164-thread-1] INFO  server.RaftServerConfigKeys (ConfUtils.java:logGet(46)) - raft.server.log.corruption.policy = EXCEPTION (default)
2022-11-05 13:04:31,052 [pool-164-thread-1] INFO  server.RaftServerConfigKeys (ConfUtils.java:logGet(46)) - raft.server.storage.free-space.min = 0MB (=0) (default)
2022-11-05 13:04:31,052 [pool-164-thread-1] INFO  server.RaftServerConfigKeys (ConfUtils.java:logGet(46)) - raft.server.notification.no-leader.timeout = 300s (custom)
2022-11-05 13:04:31,052 [pool-164-thread-1] INFO  server.RaftServerConfigKeys (ConfUtils.java:logGet(46)) - raft.server.retrycache.expirytime = 600000ms (custom)
2022-11-05 13:04:31,052 [pool-164-thread-1] INFO  server.RaftServerConfigKeys (ConfUtils.java:logGet(46)) - raft.server.retrycache.statistics.expirytime = 100μs (default)
2022-11-05 13:04:31,053 [pool-164-thread-1] INFO  server.RaftServerConfigKeys (ConfUtils.java:logGet(46)) - raft.server.log.appender.install.snapshot.enabled = false (custom)
2022-11-05 13:04:31,054 [pool-164-thread-1] INFO  server.RaftServerConfigKeys (ConfUtils.java:logGet(46)) - raft.server.threadpool.server.cached = true (default)
2022-11-05 13:04:31,054 [pool-164-thread-1] INFO  server.RaftServerConfigKeys (ConfUtils.java:logGet(46)) - raft.server.threadpool.server.size = 0 (default)
2022-11-05 13:04:31,054 [pool-164-thread-1] INFO  server.RaftServerConfigKeys (ConfUtils.java:logGet(46)) - raft.server.threadpool.client.cached = true (default)
2022-11-05 13:04:31,054 [pool-164-thread-1] INFO  server.RaftServerConfigKeys (ConfUtils.java:logGet(46)) - raft.server.threadpool.client.size = 0 (default)
2022-11-05 13:04:31,054 [pool-164-thread-1] INFO  storage.RaftStorageDirectory (RaftStorageDirectoryImpl.java:analyzeStorage(137)) - The storage directory /home/runner/work/ozone/ozone/hadoop-ozone/integration-test/target/test-dir/MiniOzoneClusterImpl-9e91b504-fe86-427b-a8de-b3d8b21cdaaf/datanode-4/data/ratis/ebb89aeb-7114-4a66-a098-7d2311a86dcb does not exist. Creating ...
2022-11-05 13:04:31,060 [pool-164-thread-1] INFO  storage.RaftStorageDirectory (RaftStorageDirectoryImpl.java:tryLock(231)) - Lock on /home/runner/work/ozone/ozone/hadoop-ozone/integration-test/target/test-dir/MiniOzoneClusterImpl-9e91b504-fe86-427b-a8de-b3d8b21cdaaf/datanode-4/data/ratis/ebb89aeb-7114-4a66-a098-7d2311a86dcb/in_use.lock acquired by nodename 14719@fv-az83-841
2022-11-05 13:04:31,067 [pool-164-thread-1] INFO  storage.RaftStorage (RaftStorageImpl.java:format(96)) - Storage directory /home/runner/work/ozone/ozone/hadoop-ozone/integration-test/target/test-dir/MiniOzoneClusterImpl-9e91b504-fe86-427b-a8de-b3d8b21cdaaf/datanode-4/data/ratis/ebb89aeb-7114-4a66-a098-7d2311a86dcb has been successfully formatted.
2022-11-05 13:04:31,068 [pool-164-thread-1] INFO  ratis.ContainerStateMachine (ContainerStateMachine.java:loadSnapshot(236)) - group-7D2311A86DCB: The snapshot info is null. Setting the last applied indexto:(t:0, i:~)
2022-11-05 13:04:31,068 [pool-164-thread-1] INFO  server.RaftServerConfigKeys (ConfUtils.java:logGet(46)) - raft.server.log.use.memory = false (default)
2022-11-05 13:04:31,068 [pool-164-thread-1] INFO  server.RaftServerConfigKeys (ConfUtils.java:logGet(46)) - raft.server.log.purge.gap = 1000000 (custom)
2022-11-05 13:04:31,068 [pool-164-thread-1] INFO  server.RaftServerConfigKeys (ConfUtils.java:logGet(46)) - raft.server.log.appender.buffer.byte-limit = 33554432 (custom)
2022-11-05 13:04:31,068 [pool-164-thread-1] INFO  server.RaftServerConfigKeys (ConfUtils.java:logGet(46)) - raft.server.log.statemachine.data.read.timeout = 1000ms (default)
2022-11-05 13:04:31,068 [pool-164-thread-1] INFO  server.RaftServerConfigKeys (ConfUtils.java:logGet(46)) - raft.server.log.purge.preservation.log.num = 0 (default)
2022-11-05 13:04:31,068 [pool-164-thread-1] INFO  server.RaftServerConfigKeys (ConfUtils.java:logGet(46)) - raft.server.log.segment.size.max = 1048576 (custom)
2022-11-05 13:04:31,069 [pool-164-thread-1] INFO  server.RaftServerConfigKeys (ConfUtils.java:logGet(46)) - raft.server.log.segment.cache.num.max = 2 (custom)
2022-11-05 13:04:31,069 [pool-164-thread-1] INFO  server.RaftServerConfigKeys (ConfUtils.java:logGet(46)) - raft.server.log.segment.cache.size.max = 200MB (=209715200) (default)
2022-11-05 13:04:31,069 [pool-164-thread-1] INFO  segmented.SegmentedRaftLogWorker (SegmentedRaftLogWorker.java:<init>(191)) - new 8380acfc-c198-4795-aa09-3ffc033ca33b@group-7D2311A86DCB-SegmentedRaftLogWorker for RaftStorageImpl:Storage Directory /home/runner/work/ozone/ozone/hadoop-ozone/integration-test/target/test-dir/MiniOzoneClusterImpl-9e91b504-fe86-427b-a8de-b3d8b21cdaaf/datanode-4/data/ratis/ebb89aeb-7114-4a66-a098-7d2311a86dcb
2022-11-05 13:04:31,069 [pool-164-thread-1] INFO  server.RaftServerConfigKeys (ConfUtils.java:logGet(46)) - raft.server.log.queue.byte-limit = 4294967296 (custom)
2022-11-05 13:04:31,069 [pool-164-thread-1] INFO  server.RaftServerConfigKeys (ConfUtils.java:logGet(46)) - raft.server.log.queue.element-limit = 1024 (custom)
2022-11-05 13:04:31,069 [pool-164-thread-1] INFO  server.RaftServerConfigKeys (ConfUtils.java:logGet(46)) - raft.server.log.segment.size.max = 1048576 (custom)
2022-11-05 13:04:31,069 [pool-164-thread-1] INFO  server.RaftServerConfigKeys (ConfUtils.java:logGet(46)) - raft.server.log.preallocated.size = 16384 (custom)
2022-11-05 13:04:31,069 [pool-164-thread-1] INFO  server.RaftServerConfigKeys (ConfUtils.java:logGet(46)) - raft.server.log.force.sync.num = 128 (default)
2022-11-05 13:04:31,069 [pool-164-thread-1] INFO  server.RaftServerConfigKeys (ConfUtils.java:logGet(46)) - raft.server.log.statemachine.data.sync = true (default)
2022-11-05 13:04:31,069 [pool-164-thread-1] INFO  server.RaftServerConfigKeys (ConfUtils.java:logGet(46)) - raft.server.log.statemachine.data.sync.timeout = 10s (default)
2022-11-05 13:04:31,069 [pool-164-thread-1] INFO  server.RaftServerConfigKeys (ConfUtils.java:logGet(46)) - raft.server.log.statemachine.data.sync.timeout.retry = -1 (default)
2022-11-05 13:04:31,070 [pool-164-thread-1] INFO  server.RaftServerConfigKeys (ConfUtils.java:logGet(46)) - raft.server.log.write.buffer.size = 1048576 (custom)
2022-11-05 13:04:31,071 [pool-164-thread-1] INFO  server.RaftServerConfigKeys (ConfUtils.java:logGet(46)) - raft.server.log.unsafe-flush.enabled = false (default)
2022-11-05 13:04:31,071 [pool-164-thread-1] INFO  server.RaftServerConfigKeys (ConfUtils.java:logGet(46)) - raft.server.log.async-flush.enabled = false (default)
2022-11-05 13:04:31,071 [pool-164-thread-1] INFO  server.RaftServerConfigKeys (ConfUtils.java:logGet(46)) - raft.server.log.statemachine.data.caching.enabled = true (custom)
2022-11-05 13:04:31,071 [pool-164-thread-1] INFO  segmented.SegmentedRaftLogWorker (SegmentedRaftLogWorker.java:lambda$new$0(136)) - 8380acfc-c198-4795-aa09-3ffc033ca33b@group-7D2311A86DCB-SegmentedRaftLogWorker: flushIndex: setUnconditionally 0 -> -1
2022-11-05 13:04:31,071 [pool-164-thread-1] INFO  segmented.SegmentedRaftLogWorker (SegmentedRaftLogWorker.java:lambda$new$0(136)) - 8380acfc-c198-4795-aa09-3ffc033ca33b@group-7D2311A86DCB-SegmentedRaftLogWorker: safeCacheEvictIndex: setUnconditionally 0 -> -1
2022-11-05 13:04:31,071 [pool-164-thread-1] INFO  server.RaftServer$Division (RaftServerImpl.java:start(334)) - 8380acfc-c198-4795-aa09-3ffc033ca33b@group-7D2311A86DCB: start as a follower, conf=-1: peers:[8380acfc-c198-4795-aa09-3ffc033ca33b|rpc:10.1.0.157:44611|dataStream:|priority:0|startupRole:FOLLOWER, 957f0a06-02fd-450d-99be-0926792af3ec|rpc:10.1.0.157:39575|dataStream:|priority:1|startupRole:FOLLOWER, 1260d27d-2afd-492e-9430-e2f349ff0f7b|rpc:10.1.0.157:38409|dataStream:|priority:0|startupRole:FOLLOWER]|listeners:[], old=null
2022-11-05 13:04:31,071 [pool-164-thread-1] INFO  server.RaftServer$Division (RaftServerImpl.java:setRole(321)) - 8380acfc-c198-4795-aa09-3ffc033ca33b@group-7D2311A86DCB: changes role from      null to FOLLOWER at term 0 for startAsFollower
2022-11-05 13:04:31,071 [pool-164-thread-1] INFO  impl.RoleInfo (RoleInfo.java:updateAndGet(139)) - 8380acfc-c198-4795-aa09-3ffc033ca33b: start 8380acfc-c198-4795-aa09-3ffc033ca33b@group-7D2311A86DCB-FollowerState
2022-11-05 13:04:31,072 [pool-164-thread-1] INFO  util.JmxRegister (JmxRegister.java:tryRegister(44)) - Successfully registered JMX Bean with object name Ratis:service=RaftServer,group=group-7D2311A86DCB,id=8380acfc-c198-4795-aa09-3ffc033ca33b
2022-11-05 13:04:31,072 [pool-164-thread-1] INFO  server.RaftServerConfigKeys (ConfUtils.java:logGet(46)) - raft.server.snapshot.auto.trigger.enabled = true (custom)
2022-11-05 13:04:31,072 [pool-164-thread-1] INFO  server.RaftServerConfigKeys (ConfUtils.java:logGet(46)) - raft.server.snapshot.auto.trigger.threshold = 10000 (custom)
2022-11-05 13:04:31,072 [pool-164-thread-1] INFO  server.RaftServerConfigKeys (ConfUtils.java:logGet(46)) - raft.server.snapshot.retention.file.num = 5 (custom)
2022-11-05 13:04:31,072 [pool-164-thread-1] INFO  server.RaftServerConfigKeys (ConfUtils.java:logGet(46)) - raft.server.log.purge.upto.snapshot.index = false (default)
2022-11-05 13:04:31,072 [8380acfc-c198-4795-aa09-3ffc033ca33b@group-7D2311A86DCB-FollowerState] INFO  server.RaftServerConfigKeys (ConfUtils.java:logFallback(53)) - raft.server.rpc.first-election.timeout.min = 5s (fallback to raft.server.rpc.timeout.min)
2022-11-05 13:04:31,075 [8380acfc-c198-4795-aa09-3ffc033ca33b@group-7D2311A86DCB-FollowerState] INFO  server.RaftServerConfigKeys (ConfUtils.java:logFallback(53)) - raft.server.rpc.first-election.timeout.max = 5200ms (fallback to raft.server.rpc.timeout.max)
2022-11-05 13:04:31,092 [grpc-default-executor-0] INFO  server.RaftServer (RaftServerProxy.java:addNew(96)) - 1260d27d-2afd-492e-9430-e2f349ff0f7b: addNew group-7D2311A86DCB:[8380acfc-c198-4795-aa09-3ffc033ca33b|rpc:10.1.0.157:44611|dataStream:|priority:0|startupRole:FOLLOWER, 957f0a06-02fd-450d-99be-0926792af3ec|rpc:10.1.0.157:39575|dataStream:|priority:1|startupRole:FOLLOWER, 1260d27d-2afd-492e-9430-e2f349ff0f7b|rpc:10.1.0.157:38409|dataStream:|priority:0|startupRole:FOLLOWER] returns group-7D2311A86DCB:java.util.concurrent.CompletableFuture@100720ca[Not completed]
2022-11-05 13:04:31,093 [pool-187-thread-1] INFO  server.RaftServer$Division (RaftServerImpl.java:<init>(195)) - 1260d27d-2afd-492e-9430-e2f349ff0f7b: new RaftServerImpl for group-7D2311A86DCB:[8380acfc-c198-4795-aa09-3ffc033ca33b|rpc:10.1.0.157:44611|dataStream:|priority:0|startupRole:FOLLOWER, 957f0a06-02fd-450d-99be-0926792af3ec|rpc:10.1.0.157:39575|dataStream:|priority:1|startupRole:FOLLOWER, 1260d27d-2afd-492e-9430-e2f349ff0f7b|rpc:10.1.0.157:38409|dataStream:|priority:0|startupRole:FOLLOWER] with ContainerStateMachine:uninitialized
2022-11-05 13:04:31,093 [pool-187-thread-1] INFO  server.RaftServerConfigKeys (ConfUtils.java:logGet(46)) - raft.server.rpc.timeout.min = 5s (custom)
2022-11-05 13:04:31,093 [pool-187-thread-1] INFO  server.RaftServerConfigKeys (ConfUtils.java:logGet(46)) - raft.server.rpc.timeout.max = 5200ms (custom)
2022-11-05 13:04:31,093 [pool-187-thread-1] INFO  server.RaftServerConfigKeys (ConfUtils.java:logGet(46)) - raft.server.rpc.sleep.time = 25ms (default)
2022-11-05 13:04:31,093 [pool-187-thread-1] INFO  server.RaftServerConfigKeys (ConfUtils.java:logGet(46)) - raft.server.rpc.slowness.timeout = 300s (custom)
2022-11-05 13:04:31,093 [pool-187-thread-1] INFO  server.RaftServerConfigKeys (ConfUtils.java:logGet(46)) - raft.server.leaderelection.leader.step-down.wait-time = 10s (default)
2022-11-05 13:04:31,093 [pool-187-thread-1] INFO  server.RaftServerConfigKeys (ConfUtils.java:logGet(46)) - raft.server.sleep.deviation.threshold = 300ms (default)
2022-11-05 13:04:31,093 [pool-187-thread-1] INFO  server.RaftServer$Division (ServerState.java:<init>(118)) - 1260d27d-2afd-492e-9430-e2f349ff0f7b@group-7D2311A86DCB: ConfigurationManager, init=-1: peers:[8380acfc-c198-4795-aa09-3ffc033ca33b|rpc:10.1.0.157:44611|dataStream:|priority:0|startupRole:FOLLOWER, 957f0a06-02fd-450d-99be-0926792af3ec|rpc:10.1.0.157:39575|dataStream:|priority:1|startupRole:FOLLOWER, 1260d27d-2afd-492e-9430-e2f349ff0f7b|rpc:10.1.0.157:38409|dataStream:|priority:0|startupRole:FOLLOWER]|listeners:[], old=null, confs=<EMPTY_MAP>
2022-11-05 13:04:31,093 [pool-187-thread-1] INFO  server.RaftServerConfigKeys (ConfUtils.java:logGet(46)) - raft.server.storage.dir = [/home/runner/work/ozone/ozone/hadoop-ozone/integration-test/target/test-dir/MiniOzoneClusterImpl-9e91b504-fe86-427b-a8de-b3d8b21cdaaf/datanode-5/data/ratis] (custom)
2022-11-05 13:04:31,093 [pool-187-thread-1] INFO  server.RaftServerConfigKeys (ConfUtils.java:logGet(46)) - raft.server.log.corruption.policy = EXCEPTION (default)
2022-11-05 13:04:31,094 [pool-187-thread-1] INFO  server.RaftServerConfigKeys (ConfUtils.java:logGet(46)) - raft.server.storage.free-space.min = 0MB (=0) (default)
2022-11-05 13:04:31,094 [pool-187-thread-1] INFO  server.RaftServerConfigKeys (ConfUtils.java:logGet(46)) - raft.server.notification.no-leader.timeout = 300s (custom)
2022-11-05 13:04:31,094 [pool-187-thread-1] INFO  server.RaftServerConfigKeys (ConfUtils.java:logGet(46)) - raft.server.retrycache.expirytime = 600000ms (custom)
2022-11-05 13:04:31,094 [pool-187-thread-1] INFO  server.RaftServerConfigKeys (ConfUtils.java:logGet(46)) - raft.server.retrycache.statistics.expirytime = 100μs (default)
2022-11-05 13:04:31,095 [pool-187-thread-1] INFO  server.RaftServerConfigKeys (ConfUtils.java:logGet(46)) - raft.server.log.appender.install.snapshot.enabled = false (custom)
2022-11-05 13:04:31,095 [pool-187-thread-1] INFO  server.RaftServerConfigKeys (ConfUtils.java:logGet(46)) - raft.server.threadpool.server.cached = true (default)
2022-11-05 13:04:31,095 [pool-187-thread-1] INFO  server.RaftServerConfigKeys (ConfUtils.java:logGet(46)) - raft.server.threadpool.server.size = 0 (default)
2022-11-05 13:04:31,095 [pool-187-thread-1] INFO  server.RaftServerConfigKeys (ConfUtils.java:logGet(46)) - raft.server.threadpool.client.cached = true (default)
2022-11-05 13:04:31,095 [pool-187-thread-1] INFO  server.RaftServerConfigKeys (ConfUtils.java:logGet(46)) - raft.server.threadpool.client.size = 0 (default)
2022-11-05 13:04:31,095 [pool-187-thread-1] INFO  storage.RaftStorageDirectory (RaftStorageDirectoryImpl.java:analyzeStorage(137)) - The storage directory /home/runner/work/ozone/ozone/hadoop-ozone/integration-test/target/test-dir/MiniOzoneClusterImpl-9e91b504-fe86-427b-a8de-b3d8b21cdaaf/datanode-5/data/ratis/ebb89aeb-7114-4a66-a098-7d2311a86dcb does not exist. Creating ...
2022-11-05 13:04:31,102 [pool-187-thread-1] INFO  storage.RaftStorageDirectory (RaftStorageDirectoryImpl.java:tryLock(231)) - Lock on /home/runner/work/ozone/ozone/hadoop-ozone/integration-test/target/test-dir/MiniOzoneClusterImpl-9e91b504-fe86-427b-a8de-b3d8b21cdaaf/datanode-5/data/ratis/ebb89aeb-7114-4a66-a098-7d2311a86dcb/in_use.lock acquired by nodename 14719@fv-az83-841
2022-11-05 13:04:31,109 [pool-187-thread-1] INFO  storage.RaftStorage (RaftStorageImpl.java:format(96)) - Storage directory /home/runner/work/ozone/ozone/hadoop-ozone/integration-test/target/test-dir/MiniOzoneClusterImpl-9e91b504-fe86-427b-a8de-b3d8b21cdaaf/datanode-5/data/ratis/ebb89aeb-7114-4a66-a098-7d2311a86dcb has been successfully formatted.
2022-11-05 13:04:31,109 [pool-187-thread-1] INFO  ratis.ContainerStateMachine (ContainerStateMachine.java:loadSnapshot(236)) - group-7D2311A86DCB: The snapshot info is null. Setting the last applied indexto:(t:0, i:~)
2022-11-05 13:04:31,110 [pool-187-thread-1] INFO  server.RaftServerConfigKeys (ConfUtils.java:logGet(46)) - raft.server.log.use.memory = false (default)
2022-11-05 13:04:31,110 [pool-187-thread-1] INFO  server.RaftServerConfigKeys (ConfUtils.java:logGet(46)) - raft.server.log.purge.gap = 1000000 (custom)
2022-11-05 13:04:31,111 [pool-187-thread-1] INFO  server.RaftServerConfigKeys (ConfUtils.java:logGet(46)) - raft.server.log.appender.buffer.byte-limit = 33554432 (custom)
2022-11-05 13:04:31,111 [pool-187-thread-1] INFO  server.RaftServerConfigKeys (ConfUtils.java:logGet(46)) - raft.server.log.statemachine.data.read.timeout = 1000ms (default)
2022-11-05 13:04:31,111 [pool-187-thread-1] INFO  server.RaftServerConfigKeys (ConfUtils.java:logGet(46)) - raft.server.log.purge.preservation.log.num = 0 (default)
2022-11-05 13:04:31,111 [pool-187-thread-1] INFO  server.RaftServerConfigKeys (ConfUtils.java:logGet(46)) - raft.server.log.segment.size.max = 1048576 (custom)
2022-11-05 13:04:31,111 [pool-187-thread-1] INFO  server.RaftServerConfigKeys (ConfUtils.java:logGet(46)) - raft.server.log.segment.cache.num.max = 2 (custom)
2022-11-05 13:04:31,112 [pool-187-thread-1] INFO  server.RaftServerConfigKeys (ConfUtils.java:logGet(46)) - raft.server.log.segment.cache.size.max = 200MB (=209715200) (default)
2022-11-05 13:04:31,114 [pool-187-thread-1] INFO  segmented.SegmentedRaftLogWorker (SegmentedRaftLogWorker.java:<init>(191)) - new 1260d27d-2afd-492e-9430-e2f349ff0f7b@group-7D2311A86DCB-SegmentedRaftLogWorker for RaftStorageImpl:Storage Directory /home/runner/work/ozone/ozone/hadoop-ozone/integration-test/target/test-dir/MiniOzoneClusterImpl-9e91b504-fe86-427b-a8de-b3d8b21cdaaf/datanode-5/data/ratis/ebb89aeb-7114-4a66-a098-7d2311a86dcb
2022-11-05 13:04:31,114 [pool-187-thread-1] INFO  server.RaftServerConfigKeys (ConfUtils.java:logGet(46)) - raft.server.log.queue.byte-limit = 4294967296 (custom)
2022-11-05 13:04:31,114 [pool-187-thread-1] INFO  server.RaftServerConfigKeys (ConfUtils.java:logGet(46)) - raft.server.log.queue.element-limit = 1024 (custom)
2022-11-05 13:04:31,114 [pool-187-thread-1] INFO  server.RaftServerConfigKeys (ConfUtils.java:logGet(46)) - raft.server.log.segment.size.max = 1048576 (custom)
2022-11-05 13:04:31,114 [pool-187-thread-1] INFO  server.RaftServerConfigKeys (ConfUtils.java:logGet(46)) - raft.server.log.preallocated.size = 16384 (custom)
2022-11-05 13:04:31,114 [pool-187-thread-1] INFO  server.RaftServerConfigKeys (ConfUtils.java:logGet(46)) - raft.server.log.force.sync.num = 128 (default)
2022-11-05 13:04:31,114 [pool-187-thread-1] INFO  server.RaftServerConfigKeys (ConfUtils.java:logGet(46)) - raft.server.log.statemachine.data.sync = true (default)
2022-11-05 13:04:31,114 [pool-187-thread-1] INFO  server.RaftServerConfigKeys (ConfUtils.java:logGet(46)) - raft.server.log.statemachine.data.sync.timeout = 10s (default)
2022-11-05 13:04:31,114 [pool-187-thread-1] INFO  server.RaftServerConfigKeys (ConfUtils.java:logGet(46)) - raft.server.log.statemachine.data.sync.timeout.retry = -1 (default)
2022-11-05 13:04:31,118 [pool-187-thread-1] INFO  server.RaftServerConfigKeys (ConfUtils.java:logGet(46)) - raft.server.log.write.buffer.size = 1048576 (custom)
2022-11-05 13:04:31,119 [pool-187-thread-1] INFO  server.RaftServerConfigKeys (ConfUtils.java:logGet(46)) - raft.server.log.unsafe-flush.enabled = false (default)
2022-11-05 13:04:31,119 [pool-187-thread-1] INFO  server.RaftServerConfigKeys (ConfUtils.java:logGet(46)) - raft.server.log.async-flush.enabled = false (default)
2022-11-05 13:04:31,119 [pool-187-thread-1] INFO  server.RaftServerConfigKeys (ConfUtils.java:logGet(46)) - raft.server.log.statemachine.data.caching.enabled = true (custom)
2022-11-05 13:04:31,120 [pool-187-thread-1] INFO  segmented.SegmentedRaftLogWorker (SegmentedRaftLogWorker.java:lambda$new$0(136)) - 1260d27d-2afd-492e-9430-e2f349ff0f7b@group-7D2311A86DCB-SegmentedRaftLogWorker: flushIndex: setUnconditionally 0 -> -1
2022-11-05 13:04:31,121 [pool-187-thread-1] INFO  segmented.SegmentedRaftLogWorker (SegmentedRaftLogWorker.java:lambda$new$0(136)) - 1260d27d-2afd-492e-9430-e2f349ff0f7b@group-7D2311A86DCB-SegmentedRaftLogWorker: safeCacheEvictIndex: setUnconditionally 0 -> -1
2022-11-05 13:04:31,121 [pool-187-thread-1] INFO  server.RaftServer$Division (RaftServerImpl.java:start(334)) - 1260d27d-2afd-492e-9430-e2f349ff0f7b@group-7D2311A86DCB: start as a follower, conf=-1: peers:[8380acfc-c198-4795-aa09-3ffc033ca33b|rpc:10.1.0.157:44611|dataStream:|priority:0|startupRole:FOLLOWER, 957f0a06-02fd-450d-99be-0926792af3ec|rpc:10.1.0.157:39575|dataStream:|priority:1|startupRole:FOLLOWER, 1260d27d-2afd-492e-9430-e2f349ff0f7b|rpc:10.1.0.157:38409|dataStream:|priority:0|startupRole:FOLLOWER]|listeners:[], old=null
2022-11-05 13:04:31,121 [pool-187-thread-1] INFO  server.RaftServer$Division (RaftServerImpl.java:setRole(321)) - 1260d27d-2afd-492e-9430-e2f349ff0f7b@group-7D2311A86DCB: changes role from      null to FOLLOWER at term 0 for startAsFollower
2022-11-05 13:04:31,121 [pool-187-thread-1] INFO  impl.RoleInfo (RoleInfo.java:updateAndGet(139)) - 1260d27d-2afd-492e-9430-e2f349ff0f7b: start 1260d27d-2afd-492e-9430-e2f349ff0f7b@group-7D2311A86DCB-FollowerState
2022-11-05 13:04:31,122 [pool-187-thread-1] INFO  util.JmxRegister (JmxRegister.java:tryRegister(44)) - Successfully registered JMX Bean with object name Ratis:service=RaftServer,group=group-7D2311A86DCB,id=1260d27d-2afd-492e-9430-e2f349ff0f7b
2022-11-05 13:04:31,122 [pool-187-thread-1] INFO  server.RaftServerConfigKeys (ConfUtils.java:logGet(46)) - raft.server.snapshot.auto.trigger.enabled = true (custom)
2022-11-05 13:04:31,122 [pool-187-thread-1] INFO  server.RaftServerConfigKeys (ConfUtils.java:logGet(46)) - raft.server.snapshot.auto.trigger.threshold = 10000 (custom)
2022-11-05 13:04:31,122 [pool-187-thread-1] INFO  server.RaftServerConfigKeys (ConfUtils.java:logGet(46)) - raft.server.snapshot.retention.file.num = 5 (custom)
2022-11-05 13:04:31,122 [pool-187-thread-1] INFO  server.RaftServerConfigKeys (ConfUtils.java:logGet(46)) - raft.server.log.purge.upto.snapshot.index = false (default)
2022-11-05 13:04:31,122 [1260d27d-2afd-492e-9430-e2f349ff0f7b@group-7D2311A86DCB-FollowerState] INFO  server.RaftServerConfigKeys (ConfUtils.java:logFallback(53)) - raft.server.rpc.first-election.timeout.min = 5s (fallback to raft.server.rpc.timeout.min)
2022-11-05 13:04:31,124 [1260d27d-2afd-492e-9430-e2f349ff0f7b@group-7D2311A86DCB-FollowerState] INFO  server.RaftServerConfigKeys (ConfUtils.java:logFallback(53)) - raft.server.rpc.first-election.timeout.max = 5200ms (fallback to raft.server.rpc.timeout.max)
2022-11-05 13:04:31,136 [Command processor thread] INFO  commandhandler.CreatePipelineCommandHandler (CreatePipelineCommandHandler.java:handle(113)) - Created Pipeline RATIS THREE PipelineID=ebb89aeb-7114-4a66-a098-7d2311a86dcb.
2022-11-05 13:04:31,223 [Command processor thread] INFO  server.RaftServer (RaftServerProxy.java:addNew(96)) - 8380acfc-c198-4795-aa09-3ffc033ca33b: addNew group-0EE44BEE4943:[8380acfc-c198-4795-aa09-3ffc033ca33b|rpc:10.1.0.157:44611|priority:1|startupRole:FOLLOWER] returns group-0EE44BEE4943:java.util.concurrent.CompletableFuture@676d760a[Not completed]
2022-11-05 13:04:31,224 [pool-164-thread-1] INFO  server.RaftServer$Division (RaftServerImpl.java:<init>(195)) - 8380acfc-c198-4795-aa09-3ffc033ca33b: new RaftServerImpl for group-0EE44BEE4943:[8380acfc-c198-4795-aa09-3ffc033ca33b|rpc:10.1.0.157:44611|priority:1|startupRole:FOLLOWER] with ContainerStateMachine:uninitialized
2022-11-05 13:04:31,224 [pool-164-thread-1] INFO  server.RaftServerConfigKeys (ConfUtils.java:logGet(46)) - raft.server.rpc.timeout.min = 5s (custom)
2022-11-05 13:04:31,224 [pool-164-thread-1] INFO  server.RaftServerConfigKeys (ConfUtils.java:logGet(46)) - raft.server.rpc.timeout.max = 5200ms (custom)
2022-11-05 13:04:31,224 [pool-164-thread-1] INFO  server.RaftServerConfigKeys (ConfUtils.java:logGet(46)) - raft.server.rpc.sleep.time = 25ms (default)
2022-11-05 13:04:31,224 [pool-164-thread-1] INFO  server.RaftServerConfigKeys (ConfUtils.java:logGet(46)) - raft.server.rpc.slowness.timeout = 300s (custom)
2022-11-05 13:04:31,224 [pool-164-thread-1] INFO  server.RaftServerConfigKeys (ConfUtils.java:logGet(46)) - raft.server.leaderelection.leader.step-down.wait-time = 10s (default)
2022-11-05 13:04:31,224 [pool-164-thread-1] INFO  server.RaftServerConfigKeys (ConfUtils.java:logGet(46)) - raft.server.sleep.deviation.threshold = 300ms (default)
2022-11-05 13:04:31,225 [pool-164-thread-1] INFO  server.RaftServer$Division (ServerState.java:<init>(118)) - 8380acfc-c198-4795-aa09-3ffc033ca33b@group-0EE44BEE4943: ConfigurationManager, init=-1: peers:[8380acfc-c198-4795-aa09-3ffc033ca33b|rpc:10.1.0.157:44611|priority:1|startupRole:FOLLOWER]|listeners:[], old=null, confs=<EMPTY_MAP>
2022-11-05 13:04:31,225 [pool-164-thread-1] INFO  server.RaftServerConfigKeys (ConfUtils.java:logGet(46)) - raft.server.storage.dir = [/home/runner/work/ozone/ozone/hadoop-ozone/integration-test/target/test-dir/MiniOzoneClusterImpl-9e91b504-fe86-427b-a8de-b3d8b21cdaaf/datanode-4/data/ratis] (custom)
2022-11-05 13:04:31,225 [pool-164-thread-1] INFO  server.RaftServerConfigKeys (ConfUtils.java:logGet(46)) - raft.server.log.corruption.policy = EXCEPTION (default)
2022-11-05 13:04:31,225 [pool-164-thread-1] INFO  server.RaftServerConfigKeys (ConfUtils.java:logGet(46)) - raft.server.storage.free-space.min = 0MB (=0) (default)
2022-11-05 13:04:31,225 [pool-164-thread-1] INFO  server.RaftServerConfigKeys (ConfUtils.java:logGet(46)) - raft.server.notification.no-leader.timeout = 300s (custom)
2022-11-05 13:04:31,225 [pool-164-thread-1] INFO  server.RaftServerConfigKeys (ConfUtils.java:logGet(46)) - raft.server.retrycache.expirytime = 600000ms (custom)
2022-11-05 13:04:31,225 [pool-164-thread-1] INFO  server.RaftServerConfigKeys (ConfUtils.java:logGet(46)) - raft.server.retrycache.statistics.expirytime = 100μs (default)
2022-11-05 13:04:31,226 [pool-164-thread-1] INFO  server.RaftServerConfigKeys (ConfUtils.java:logGet(46)) - raft.server.log.appender.install.snapshot.enabled = false (custom)
2022-11-05 13:04:31,226 [pool-164-thread-1] INFO  server.RaftServerConfigKeys (ConfUtils.java:logGet(46)) - raft.server.threadpool.server.cached = true (default)
2022-11-05 13:04:31,226 [pool-164-thread-1] INFO  server.RaftServerConfigKeys (ConfUtils.java:logGet(46)) - raft.server.threadpool.server.size = 0 (default)
2022-11-05 13:04:31,226 [pool-164-thread-1] INFO  server.RaftServerConfigKeys (ConfUtils.java:logGet(46)) - raft.server.threadpool.client.cached = true (default)
2022-11-05 13:04:31,226 [pool-164-thread-1] INFO  server.RaftServerConfigKeys (ConfUtils.java:logGet(46)) - raft.server.threadpool.client.size = 0 (default)
2022-11-05 13:04:31,226 [pool-164-thread-1] INFO  storage.RaftStorageDirectory (RaftStorageDirectoryImpl.java:analyzeStorage(137)) - The storage directory /home/runner/work/ozone/ozone/hadoop-ozone/integration-test/target/test-dir/MiniOzoneClusterImpl-9e91b504-fe86-427b-a8de-b3d8b21cdaaf/datanode-4/data/ratis/5ea41772-35a2-4a04-931b-0ee44bee4943 does not exist. Creating ...
2022-11-05 13:04:31,233 [pool-164-thread-1] INFO  storage.RaftStorageDirectory (RaftStorageDirectoryImpl.java:tryLock(231)) - Lock on /home/runner/work/ozone/ozone/hadoop-ozone/integration-test/target/test-dir/MiniOzoneClusterImpl-9e91b504-fe86-427b-a8de-b3d8b21cdaaf/datanode-4/data/ratis/5ea41772-35a2-4a04-931b-0ee44bee4943/in_use.lock acquired by nodename 14719@fv-az83-841
2022-11-05 13:04:31,241 [pool-164-thread-1] INFO  storage.RaftStorage (RaftStorageImpl.java:format(96)) - Storage directory /home/runner/work/ozone/ozone/hadoop-ozone/integration-test/target/test-dir/MiniOzoneClusterImpl-9e91b504-fe86-427b-a8de-b3d8b21cdaaf/datanode-4/data/ratis/5ea41772-35a2-4a04-931b-0ee44bee4943 has been successfully formatted.
2022-11-05 13:04:31,241 [pool-164-thread-1] INFO  ratis.ContainerStateMachine (ContainerStateMachine.java:loadSnapshot(236)) - group-0EE44BEE4943: The snapshot info is null. Setting the last applied indexto:(t:0, i:~)
2022-11-05 13:04:31,242 [pool-164-thread-1] INFO  server.RaftServerConfigKeys (ConfUtils.java:logGet(46)) - raft.server.log.use.memory = false (default)
2022-11-05 13:04:31,242 [pool-164-thread-1] INFO  server.RaftServerConfigKeys (ConfUtils.java:logGet(46)) - raft.server.log.purge.gap = 1000000 (custom)
2022-11-05 13:04:31,242 [pool-164-thread-1] INFO  server.RaftServerConfigKeys (ConfUtils.java:logGet(46)) - raft.server.log.appender.buffer.byte-limit = 33554432 (custom)
2022-11-05 13:04:31,242 [pool-164-thread-1] INFO  server.RaftServerConfigKeys (ConfUtils.java:logGet(46)) - raft.server.log.statemachine.data.read.timeout = 1000ms (default)
2022-11-05 13:04:31,242 [pool-164-thread-1] INFO  server.RaftServerConfigKeys (ConfUtils.java:logGet(46)) - raft.server.log.purge.preservation.log.num = 0 (default)
2022-11-05 13:04:31,242 [pool-164-thread-1] INFO  server.RaftServerConfigKeys (ConfUtils.java:logGet(46)) - raft.server.log.segment.size.max = 1048576 (custom)
2022-11-05 13:04:31,242 [pool-164-thread-1] INFO  server.RaftServerConfigKeys (ConfUtils.java:logGet(46)) - raft.server.log.segment.cache.num.max = 2 (custom)
2022-11-05 13:04:31,243 [pool-164-thread-1] INFO  server.RaftServerConfigKeys (ConfUtils.java:logGet(46)) - raft.server.log.segment.cache.size.max = 200MB (=209715200) (default)
2022-11-05 13:04:31,243 [pool-164-thread-1] INFO  segmented.SegmentedRaftLogWorker (SegmentedRaftLogWorker.java:<init>(191)) - new 8380acfc-c198-4795-aa09-3ffc033ca33b@group-0EE44BEE4943-SegmentedRaftLogWorker for RaftStorageImpl:Storage Directory /home/runner/work/ozone/ozone/hadoop-ozone/integration-test/target/test-dir/MiniOzoneClusterImpl-9e91b504-fe86-427b-a8de-b3d8b21cdaaf/datanode-4/data/ratis/5ea41772-35a2-4a04-931b-0ee44bee4943
2022-11-05 13:04:31,243 [pool-164-thread-1] INFO  server.RaftServerConfigKeys (ConfUtils.java:logGet(46)) - raft.server.log.queue.byte-limit = 4294967296 (custom)
2022-11-05 13:04:31,243 [pool-164-thread-1] INFO  server.RaftServerConfigKeys (ConfUtils.java:logGet(46)) - raft.server.log.queue.element-limit = 1024 (custom)
2022-11-05 13:04:31,243 [pool-164-thread-1] INFO  server.RaftServerConfigKeys (ConfUtils.java:logGet(46)) - raft.server.log.segment.size.max = 1048576 (custom)
2022-11-05 13:04:31,243 [EventQueue-PipelineReportForPipelineReportHandler] INFO  pipeline.PipelineManagerImpl (PipelineManagerImpl.java:openPipeline(367)) - Pipeline Pipeline[ Id: 5ea41772-35a2-4a04-931b-0ee44bee4943, Nodes: 8380acfc-c198-4795-aa09-3ffc033ca33b{ip: 10.1.0.157, host: fv-az83-841.uavyq1izdhte5b0ne1us2eqzhb.jx.internal.cloudapp.net, ports: [REPLICATION=41951, RATIS=44611, RATIS_ADMIN=44611, RATIS_SERVER=44611, STANDALONE=41175], networkLocation: /default-rack, certSerialId: null, persistedOpState: IN_SERVICE, persistedOpStateExpiryEpochSec: 0}, ReplicationConfig: RATIS/ONE, State:ALLOCATED, leaderId:8380acfc-c198-4795-aa09-3ffc033ca33b, CreationTimestamp2022-11-05T13:04:28.228Z[Etc/UTC]] moved to OPEN state
2022-11-05 13:04:31,243 [EventQueue-OpenPipelineForHealthyPipelineSafeModeRule] INFO  safemode.SCMSafeModeManager (HealthyPipelineSafeModeRule.java:process(137)) - SCM in safe mode. Healthy pipelines reported count is 0, required healthy pipeline reported count is 1
2022-11-05 13:04:31,245 [pool-164-thread-1] INFO  server.RaftServerConfigKeys (ConfUtils.java:logGet(46)) - raft.server.log.preallocated.size = 16384 (custom)
2022-11-05 13:04:31,246 [pool-164-thread-1] INFO  server.RaftServerConfigKeys (ConfUtils.java:logGet(46)) - raft.server.log.force.sync.num = 128 (default)
2022-11-05 13:04:31,246 [pool-164-thread-1] INFO  server.RaftServerConfigKeys (ConfUtils.java:logGet(46)) - raft.server.log.statemachine.data.sync = true (default)
2022-11-05 13:04:31,246 [pool-164-thread-1] INFO  server.RaftServerConfigKeys (ConfUtils.java:logGet(46)) - raft.server.log.statemachine.data.sync.timeout = 10s (default)
2022-11-05 13:04:31,246 [pool-164-thread-1] INFO  server.RaftServerConfigKeys (ConfUtils.java:logGet(46)) - raft.server.log.statemachine.data.sync.timeout.retry = -1 (default)
2022-11-05 13:04:31,247 [pool-164-thread-1] INFO  server.RaftServerConfigKeys (ConfUtils.java:logGet(46)) - raft.server.log.write.buffer.size = 1048576 (custom)
2022-11-05 13:04:31,248 [pool-164-thread-1] INFO  server.RaftServerConfigKeys (ConfUtils.java:logGet(46)) - raft.server.log.unsafe-flush.enabled = false (default)
2022-11-05 13:04:31,248 [pool-164-thread-1] INFO  server.RaftServerConfigKeys (ConfUtils.java:logGet(46)) - raft.server.log.async-flush.enabled = false (default)
2022-11-05 13:04:31,248 [pool-164-thread-1] INFO  server.RaftServerConfigKeys (ConfUtils.java:logGet(46)) - raft.server.log.statemachine.data.caching.enabled = true (custom)
2022-11-05 13:04:31,248 [pool-164-thread-1] INFO  segmented.SegmentedRaftLogWorker (SegmentedRaftLogWorker.java:lambda$new$0(136)) - 8380acfc-c198-4795-aa09-3ffc033ca33b@group-0EE44BEE4943-SegmentedRaftLogWorker: flushIndex: setUnconditionally 0 -> -1
2022-11-05 13:04:31,248 [pool-164-thread-1] INFO  segmented.SegmentedRaftLogWorker (SegmentedRaftLogWorker.java:lambda$new$0(136)) - 8380acfc-c198-4795-aa09-3ffc033ca33b@group-0EE44BEE4943-SegmentedRaftLogWorker: safeCacheEvictIndex: setUnconditionally 0 -> -1
2022-11-05 13:04:31,248 [pool-164-thread-1] INFO  server.RaftServer$Division (RaftServerImpl.java:start(334)) - 8380acfc-c198-4795-aa09-3ffc033ca33b@group-0EE44BEE4943: start as a follower, conf=-1: peers:[8380acfc-c198-4795-aa09-3ffc033ca33b|rpc:10.1.0.157:44611|priority:1|startupRole:FOLLOWER]|listeners:[], old=null
2022-11-05 13:04:31,248 [pool-164-thread-1] INFO  server.RaftServer$Division (RaftServerImpl.java:setRole(321)) - 8380acfc-c198-4795-aa09-3ffc033ca33b@group-0EE44BEE4943: changes role from      null to FOLLOWER at term 0 for startAsFollower
2022-11-05 13:04:31,248 [pool-164-thread-1] INFO  impl.RoleInfo (RoleInfo.java:updateAndGet(139)) - 8380acfc-c198-4795-aa09-3ffc033ca33b: start 8380acfc-c198-4795-aa09-3ffc033ca33b@group-0EE44BEE4943-FollowerState
2022-11-05 13:04:31,249 [pool-164-thread-1] INFO  util.JmxRegister (JmxRegister.java:tryRegister(44)) - Successfully registered JMX Bean with object name Ratis:service=RaftServer,group=group-0EE44BEE4943,id=8380acfc-c198-4795-aa09-3ffc033ca33b
2022-11-05 13:04:31,249 [8380acfc-c198-4795-aa09-3ffc033ca33b@group-0EE44BEE4943-FollowerState] INFO  server.RaftServerConfigKeys (ConfUtils.java:logFallback(53)) - raft.server.rpc.first-election.timeout.min = 5s (fallback to raft.server.rpc.timeout.min)
2022-11-05 13:04:31,250 [8380acfc-c198-4795-aa09-3ffc033ca33b@group-0EE44BEE4943-FollowerState] INFO  server.RaftServerConfigKeys (ConfUtils.java:logFallback(53)) - raft.server.rpc.first-election.timeout.max = 5200ms (fallback to raft.server.rpc.timeout.max)
2022-11-05 13:04:31,249 [pool-164-thread-1] INFO  server.RaftServerConfigKeys (ConfUtils.java:logGet(46)) - raft.server.snapshot.auto.trigger.enabled = true (custom)
2022-11-05 13:04:31,250 [pool-164-thread-1] INFO  server.RaftServerConfigKeys (ConfUtils.java:logGet(46)) - raft.server.snapshot.auto.trigger.threshold = 10000 (custom)
2022-11-05 13:04:31,251 [pool-164-thread-1] INFO  server.RaftServerConfigKeys (ConfUtils.java:logGet(46)) - raft.server.snapshot.retention.file.num = 5 (custom)
2022-11-05 13:04:31,251 [pool-164-thread-1] INFO  server.RaftServerConfigKeys (ConfUtils.java:logGet(46)) - raft.server.log.purge.upto.snapshot.index = false (default)
2022-11-05 13:04:31,254 [Command processor thread] INFO  ratis.XceiverServerRatis (XceiverServerRatis.java:addGroup(765)) - Created group PipelineID=5ea41772-35a2-4a04-931b-0ee44bee4943
2022-11-05 13:04:31,255 [Command processor thread] INFO  commandhandler.CreatePipelineCommandHandler (CreatePipelineCommandHandler.java:handle(113)) - Created Pipeline RATIS ONE PipelineID=5ea41772-35a2-4a04-931b-0ee44bee4943.
2022-11-05 13:04:31,712 [Command processor thread] INFO  server.RaftServer (RaftServerProxy.java:addNew(96)) - 1260d27d-2afd-492e-9430-e2f349ff0f7b: addNew group-B815C51BAEA2:[1260d27d-2afd-492e-9430-e2f349ff0f7b|rpc:10.1.0.157:38409|priority:1|startupRole:FOLLOWER] returns group-B815C51BAEA2:java.util.concurrent.CompletableFuture@37fdab5e[Not completed]
2022-11-05 13:04:31,713 [pool-187-thread-1] INFO  server.RaftServer$Division (RaftServerImpl.java:<init>(195)) - 1260d27d-2afd-492e-9430-e2f349ff0f7b: new RaftServerImpl for group-B815C51BAEA2:[1260d27d-2afd-492e-9430-e2f349ff0f7b|rpc:10.1.0.157:38409|priority:1|startupRole:FOLLOWER] with ContainerStateMachine:uninitialized
2022-11-05 13:04:31,713 [pool-187-thread-1] INFO  server.RaftServerConfigKeys (ConfUtils.java:logGet(46)) - raft.server.rpc.timeout.min = 5s (custom)
2022-11-05 13:04:31,713 [pool-187-thread-1] INFO  server.RaftServerConfigKeys (ConfUtils.java:logGet(46)) - raft.server.rpc.timeout.max = 5200ms (custom)
2022-11-05 13:04:31,713 [pool-187-thread-1] INFO  server.RaftServerConfigKeys (ConfUtils.java:logGet(46)) - raft.server.rpc.sleep.time = 25ms (default)
2022-11-05 13:04:31,713 [pool-187-thread-1] INFO  server.RaftServerConfigKeys (ConfUtils.java:logGet(46)) - raft.server.rpc.slowness.timeout = 300s (custom)
2022-11-05 13:04:31,713 [pool-187-thread-1] INFO  server.RaftServerConfigKeys (ConfUtils.java:logGet(46)) - raft.server.leaderelection.leader.step-down.wait-time = 10s (default)
2022-11-05 13:04:31,713 [pool-187-thread-1] INFO  server.RaftServerConfigKeys (ConfUtils.java:logGet(46)) - raft.server.sleep.deviation.threshold = 300ms (default)
2022-11-05 13:04:31,713 [pool-187-thread-1] INFO  server.RaftServer$Division (ServerState.java:<init>(118)) - 1260d27d-2afd-492e-9430-e2f349ff0f7b@group-B815C51BAEA2: ConfigurationManager, init=-1: peers:[1260d27d-2afd-492e-9430-e2f349ff0f7b|rpc:10.1.0.157:38409|priority:1|startupRole:FOLLOWER]|listeners:[], old=null, confs=<EMPTY_MAP>
2022-11-05 13:04:31,713 [pool-187-thread-1] INFO  server.RaftServerConfigKeys (ConfUtils.java:logGet(46)) - raft.server.storage.dir = [/home/runner/work/ozone/ozone/hadoop-ozone/integration-test/target/test-dir/MiniOzoneClusterImpl-9e91b504-fe86-427b-a8de-b3d8b21cdaaf/datanode-5/data/ratis] (custom)
2022-11-05 13:04:31,714 [pool-187-thread-1] INFO  server.RaftServerConfigKeys (ConfUtils.java:logGet(46)) - raft.server.log.corruption.policy = EXCEPTION (default)
2022-11-05 13:04:31,714 [pool-187-thread-1] INFO  server.RaftServerConfigKeys (ConfUtils.java:logGet(46)) - raft.server.storage.free-space.min = 0MB (=0) (default)
2022-11-05 13:04:31,714 [pool-187-thread-1] INFO  server.RaftServerConfigKeys (ConfUtils.java:logGet(46)) - raft.server.notification.no-leader.timeout = 300s (custom)
2022-11-05 13:04:31,714 [pool-187-thread-1] INFO  server.RaftServerConfigKeys (ConfUtils.java:logGet(46)) - raft.server.retrycache.expirytime = 600000ms (custom)
2022-11-05 13:04:31,714 [pool-187-thread-1] INFO  server.RaftServerConfigKeys (ConfUtils.java:logGet(46)) - raft.server.retrycache.statistics.expirytime = 100μs (default)
2022-11-05 13:04:31,715 [pool-187-thread-1] INFO  server.RaftServerConfigKeys (ConfUtils.java:logGet(46)) - raft.server.log.appender.install.snapshot.enabled = false (custom)
2022-11-05 13:04:31,715 [pool-187-thread-1] INFO  server.RaftServerConfigKeys (ConfUtils.java:logGet(46)) - raft.server.threadpool.server.cached = true (default)
2022-11-05 13:04:31,715 [pool-187-thread-1] INFO  server.RaftServerConfigKeys (ConfUtils.java:logGet(46)) - raft.server.threadpool.server.size = 0 (default)
2022-11-05 13:04:31,715 [pool-187-thread-1] INFO  server.RaftServerConfigKeys (ConfUtils.java:logGet(46)) - raft.server.threadpool.client.cached = true (default)
2022-11-05 13:04:31,715 [pool-187-thread-1] INFO  server.RaftServerConfigKeys (ConfUtils.java:logGet(46)) - raft.server.threadpool.client.size = 0 (default)
2022-11-05 13:04:31,715 [pool-187-thread-1] INFO  storage.RaftStorageDirectory (RaftStorageDirectoryImpl.java:analyzeStorage(137)) - The storage directory /home/runner/work/ozone/ozone/hadoop-ozone/integration-test/target/test-dir/MiniOzoneClusterImpl-9e91b504-fe86-427b-a8de-b3d8b21cdaaf/datanode-5/data/ratis/f7dd3ac0-0e4e-4164-ab68-b815c51baea2 does not exist. Creating ...
2022-11-05 13:04:31,722 [pool-187-thread-1] INFO  storage.RaftStorageDirectory (RaftStorageDirectoryImpl.java:tryLock(231)) - Lock on /home/runner/work/ozone/ozone/hadoop-ozone/integration-test/target/test-dir/MiniOzoneClusterImpl-9e91b504-fe86-427b-a8de-b3d8b21cdaaf/datanode-5/data/ratis/f7dd3ac0-0e4e-4164-ab68-b815c51baea2/in_use.lock acquired by nodename 14719@fv-az83-841
2022-11-05 13:04:31,724 [Listener at 127.0.0.1/34735] INFO  ozone.MiniOzoneClusterImpl (MiniOzoneClusterImpl.java:lambda$waitForClusterToBeReady$0(216)) - Nodes are ready. Got 10 of 10 DN Heartbeats.
2022-11-05 13:04:31,724 [Listener at 127.0.0.1/34735] INFO  ozone.MiniOzoneClusterImpl (MiniOzoneClusterImpl.java:lambda$waitForClusterToBeReady$0(219)) - Waiting for cluster to exit safe mode
2022-11-05 13:04:31,724 [Listener at 127.0.0.1/34735] INFO  ozone.MiniOzoneClusterImpl (MiniOzoneClusterImpl.java:lambda$waitForClusterToBeReady$0(221)) - SCM became leader
2022-11-05 13:04:31,730 [pool-187-thread-1] INFO  storage.RaftStorage (RaftStorageImpl.java:format(96)) - Storage directory /home/runner/work/ozone/ozone/hadoop-ozone/integration-test/target/test-dir/MiniOzoneClusterImpl-9e91b504-fe86-427b-a8de-b3d8b21cdaaf/datanode-5/data/ratis/f7dd3ac0-0e4e-4164-ab68-b815c51baea2 has been successfully formatted.
2022-11-05 13:04:31,730 [pool-187-thread-1] INFO  ratis.ContainerStateMachine (ContainerStateMachine.java:loadSnapshot(236)) - group-B815C51BAEA2: The snapshot info is null. Setting the last applied indexto:(t:0, i:~)
2022-11-05 13:04:31,731 [pool-187-thread-1] INFO  server.RaftServerConfigKeys (ConfUtils.java:logGet(46)) - raft.server.log.use.memory = false (default)
2022-11-05 13:04:31,731 [pool-187-thread-1] INFO  server.RaftServerConfigKeys (ConfUtils.java:logGet(46)) - raft.server.log.purge.gap = 1000000 (custom)
2022-11-05 13:04:31,731 [pool-187-thread-1] INFO  server.RaftServerConfigKeys (ConfUtils.java:logGet(46)) - raft.server.log.appender.buffer.byte-limit = 33554432 (custom)
2022-11-05 13:04:31,731 [pool-187-thread-1] INFO  server.RaftServerConfigKeys (ConfUtils.java:logGet(46)) - raft.server.log.statemachine.data.read.timeout = 1000ms (default)
2022-11-05 13:04:31,732 [pool-187-thread-1] INFO  server.RaftServerConfigKeys (ConfUtils.java:logGet(46)) - raft.server.log.purge.preservation.log.num = 0 (default)
2022-11-05 13:04:31,732 [EventQueue-PipelineReportForPipelineReportHandler] INFO  pipeline.PipelineManagerImpl (PipelineManagerImpl.java:openPipeline(367)) - Pipeline Pipeline[ Id: f7dd3ac0-0e4e-4164-ab68-b815c51baea2, Nodes: 1260d27d-2afd-492e-9430-e2f349ff0f7b{ip: 10.1.0.157, host: fv-az83-841.uavyq1izdhte5b0ne1us2eqzhb.jx.internal.cloudapp.net, ports: [REPLICATION=45011, RATIS=38409, RATIS_ADMIN=38409, RATIS_SERVER=38409, STANDALONE=36575], networkLocation: /default-rack, certSerialId: null, persistedOpState: IN_SERVICE, persistedOpStateExpiryEpochSec: 0}, ReplicationConfig: RATIS/ONE, State:ALLOCATED, leaderId:1260d27d-2afd-492e-9430-e2f349ff0f7b, CreationTimestamp2022-11-05T13:04:28.715Z[Etc/UTC]] moved to OPEN state
2022-11-05 13:04:31,732 [EventQueue-OpenPipelineForHealthyPipelineSafeModeRule] INFO  safemode.SCMSafeModeManager (HealthyPipelineSafeModeRule.java:process(137)) - SCM in safe mode. Healthy pipelines reported count is 0, required healthy pipeline reported count is 1
2022-11-05 13:04:31,733 [pool-187-thread-1] INFO  server.RaftServerConfigKeys (ConfUtils.java:logGet(46)) - raft.server.log.segment.size.max = 1048576 (custom)
2022-11-05 13:04:31,734 [pool-187-thread-1] INFO  server.RaftServerConfigKeys (ConfUtils.java:logGet(46)) - raft.server.log.segment.cache.num.max = 2 (custom)
2022-11-05 13:04:31,734 [pool-187-thread-1] INFO  server.RaftServerConfigKeys (ConfUtils.java:logGet(46)) - raft.server.log.segment.cache.size.max = 200MB (=209715200) (default)
2022-11-05 13:04:31,734 [pool-187-thread-1] INFO  segmented.SegmentedRaftLogWorker (SegmentedRaftLogWorker.java:<init>(191)) - new 1260d27d-2afd-492e-9430-e2f349ff0f7b@group-B815C51BAEA2-SegmentedRaftLogWorker for RaftStorageImpl:Storage Directory /home/runner/work/ozone/ozone/hadoop-ozone/integration-test/target/test-dir/MiniOzoneClusterImpl-9e91b504-fe86-427b-a8de-b3d8b21cdaaf/datanode-5/data/ratis/f7dd3ac0-0e4e-4164-ab68-b815c51baea2
2022-11-05 13:04:31,735 [pool-187-thread-1] INFO  server.RaftServerConfigKeys (ConfUtils.java:logGet(46)) - raft.server.log.queue.byte-limit = 4294967296 (custom)
2022-11-05 13:04:31,735 [pool-187-thread-1] INFO  server.RaftServerConfigKeys (ConfUtils.java:logGet(46)) - raft.server.log.queue.element-limit = 1024 (custom)
2022-11-05 13:04:31,735 [pool-187-thread-1] INFO  server.RaftServerConfigKeys (ConfUtils.java:logGet(46)) - raft.server.log.segment.size.max = 1048576 (custom)
2022-11-05 13:04:31,735 [pool-187-thread-1] INFO  server.RaftServerConfigKeys (ConfUtils.java:logGet(46)) - raft.server.log.preallocated.size = 16384 (custom)
2022-11-05 13:04:31,735 [pool-187-thread-1] INFO  server.RaftServerConfigKeys (ConfUtils.java:logGet(46)) - raft.server.log.force.sync.num = 128 (default)
2022-11-05 13:04:31,735 [pool-187-thread-1] INFO  server.RaftServerConfigKeys (ConfUtils.java:logGet(46)) - raft.server.log.statemachine.data.sync = true (default)
2022-11-05 13:04:31,735 [pool-187-thread-1] INFO  server.RaftServerConfigKeys (ConfUtils.java:logGet(46)) - raft.server.log.statemachine.data.sync.timeout = 10s (default)
2022-11-05 13:04:31,735 [pool-187-thread-1] INFO  server.RaftServerConfigKeys (ConfUtils.java:logGet(46)) - raft.server.log.statemachine.data.sync.timeout.retry = -1 (default)
2022-11-05 13:04:31,736 [pool-187-thread-1] INFO  server.RaftServerConfigKeys (ConfUtils.java:logGet(46)) - raft.server.log.write.buffer.size = 1048576 (custom)
2022-11-05 13:04:31,737 [pool-187-thread-1] INFO  server.RaftServerConfigKeys (ConfUtils.java:logGet(46)) - raft.server.log.unsafe-flush.enabled = false (default)
2022-11-05 13:04:31,737 [pool-187-thread-1] INFO  server.RaftServerConfigKeys (ConfUtils.java:logGet(46)) - raft.server.log.async-flush.enabled = false (default)
2022-11-05 13:04:31,737 [pool-187-thread-1] INFO  server.RaftServerConfigKeys (ConfUtils.java:logGet(46)) - raft.server.log.statemachine.data.caching.enabled = true (custom)
2022-11-05 13:04:31,737 [pool-187-thread-1] INFO  segmented.SegmentedRaftLogWorker (SegmentedRaftLogWorker.java:lambda$new$0(136)) - 1260d27d-2afd-492e-9430-e2f349ff0f7b@group-B815C51BAEA2-SegmentedRaftLogWorker: flushIndex: setUnconditionally 0 -> -1
2022-11-05 13:04:31,737 [pool-187-thread-1] INFO  segmented.SegmentedRaftLogWorker (SegmentedRaftLogWorker.java:lambda$new$0(136)) - 1260d27d-2afd-492e-9430-e2f349ff0f7b@group-B815C51BAEA2-SegmentedRaftLogWorker: safeCacheEvictIndex: setUnconditionally 0 -> -1
2022-11-05 13:04:31,737 [pool-187-thread-1] INFO  server.RaftServer$Division (RaftServerImpl.java:start(334)) - 1260d27d-2afd-492e-9430-e2f349ff0f7b@group-B815C51BAEA2: start as a follower, conf=-1: peers:[1260d27d-2afd-492e-9430-e2f349ff0f7b|rpc:10.1.0.157:38409|priority:1|startupRole:FOLLOWER]|listeners:[], old=null
2022-11-05 13:04:31,737 [pool-187-thread-1] INFO  server.RaftServer$Division (RaftServerImpl.java:setRole(321)) - 1260d27d-2afd-492e-9430-e2f349ff0f7b@group-B815C51BAEA2: changes role from      null to FOLLOWER at term 0 for startAsFollower
2022-11-05 13:04:31,737 [pool-187-thread-1] INFO  impl.RoleInfo (RoleInfo.java:updateAndGet(139)) - 1260d27d-2afd-492e-9430-e2f349ff0f7b: start 1260d27d-2afd-492e-9430-e2f349ff0f7b@group-B815C51BAEA2-FollowerState
2022-11-05 13:04:31,738 [pool-187-thread-1] INFO  util.JmxRegister (JmxRegister.java:tryRegister(44)) - Successfully registered JMX Bean with object name Ratis:service=RaftServer,group=group-B815C51BAEA2,id=1260d27d-2afd-492e-9430-e2f349ff0f7b
2022-11-05 13:04:31,738 [pool-187-thread-1] INFO  server.RaftServerConfigKeys (ConfUtils.java:logGet(46)) - raft.server.snapshot.auto.trigger.enabled = true (custom)
2022-11-05 13:04:31,738 [pool-187-thread-1] INFO  server.RaftServerConfigKeys (ConfUtils.java:logGet(46)) - raft.server.snapshot.auto.trigger.threshold = 10000 (custom)
2022-11-05 13:04:31,738 [pool-187-thread-1] INFO  server.RaftServerConfigKeys (ConfUtils.java:logGet(46)) - raft.server.snapshot.retention.file.num = 5 (custom)
2022-11-05 13:04:31,738 [pool-187-thread-1] INFO  server.RaftServerConfigKeys (ConfUtils.java:logGet(46)) - raft.server.log.purge.upto.snapshot.index = false (default)
2022-11-05 13:04:31,739 [Command processor thread] INFO  ratis.XceiverServerRatis (XceiverServerRatis.java:addGroup(765)) - Created group PipelineID=f7dd3ac0-0e4e-4164-ab68-b815c51baea2
2022-11-05 13:04:31,739 [Command processor thread] INFO  commandhandler.CreatePipelineCommandHandler (CreatePipelineCommandHandler.java:handle(113)) - Created Pipeline RATIS ONE PipelineID=f7dd3ac0-0e4e-4164-ab68-b815c51baea2.
2022-11-05 13:04:31,739 [1260d27d-2afd-492e-9430-e2f349ff0f7b@group-B815C51BAEA2-FollowerState] INFO  server.RaftServerConfigKeys (ConfUtils.java:logFallback(53)) - raft.server.rpc.first-election.timeout.min = 5s (fallback to raft.server.rpc.timeout.min)
2022-11-05 13:04:31,739 [1260d27d-2afd-492e-9430-e2f349ff0f7b@group-B815C51BAEA2-FollowerState] INFO  server.RaftServerConfigKeys (ConfUtils.java:logFallback(53)) - raft.server.rpc.first-election.timeout.max = 5200ms (fallback to raft.server.rpc.timeout.max)
2022-11-05 13:04:32,187 [Command processor thread] INFO  server.RaftServer (RaftServerProxy.java:addNew(96)) - 3fdd4c6e-2961-42ba-90d3-b5f169a49f15: addNew group-D71B9630B45A:[3fdd4c6e-2961-42ba-90d3-b5f169a49f15|rpc:10.1.0.157:38617|priority:1|startupRole:FOLLOWER] returns group-D71B9630B45A:java.util.concurrent.CompletableFuture@22fc3f9c[Not completed]
2022-11-05 13:04:32,189 [pool-214-thread-1] INFO  server.RaftServer$Division (RaftServerImpl.java:<init>(195)) - 3fdd4c6e-2961-42ba-90d3-b5f169a49f15: new RaftServerImpl for group-D71B9630B45A:[3fdd4c6e-2961-42ba-90d3-b5f169a49f15|rpc:10.1.0.157:38617|priority:1|startupRole:FOLLOWER] with ContainerStateMachine:uninitialized
2022-11-05 13:04:32,189 [pool-214-thread-1] INFO  server.RaftServerConfigKeys (ConfUtils.java:logGet(46)) - raft.server.rpc.timeout.min = 5s (custom)
2022-11-05 13:04:32,189 [pool-214-thread-1] INFO  server.RaftServerConfigKeys (ConfUtils.java:logGet(46)) - raft.server.rpc.timeout.max = 5200ms (custom)
2022-11-05 13:04:32,189 [pool-214-thread-1] INFO  server.RaftServerConfigKeys (ConfUtils.java:logGet(46)) - raft.server.rpc.sleep.time = 25ms (default)
2022-11-05 13:04:32,189 [pool-214-thread-1] INFO  server.RaftServerConfigKeys (ConfUtils.java:logGet(46)) - raft.server.rpc.slowness.timeout = 300s (custom)
2022-11-05 13:04:32,189 [pool-214-thread-1] INFO  server.RaftServerConfigKeys (ConfUtils.java:logGet(46)) - raft.server.leaderelection.leader.step-down.wait-time = 10s (default)
2022-11-05 13:04:32,189 [pool-214-thread-1] INFO  server.RaftServerConfigKeys (ConfUtils.java:logGet(46)) - raft.server.sleep.deviation.threshold = 300ms (default)
2022-11-05 13:04:32,189 [pool-214-thread-1] INFO  server.RaftServer$Division (ServerState.java:<init>(118)) - 3fdd4c6e-2961-42ba-90d3-b5f169a49f15@group-D71B9630B45A: ConfigurationManager, init=-1: peers:[3fdd4c6e-2961-42ba-90d3-b5f169a49f15|rpc:10.1.0.157:38617|priority:1|startupRole:FOLLOWER]|listeners:[], old=null, confs=<EMPTY_MAP>
2022-11-05 13:04:32,189 [pool-214-thread-1] INFO  server.RaftServerConfigKeys (ConfUtils.java:logGet(46)) - raft.server.storage.dir = [/home/runner/work/ozone/ozone/hadoop-ozone/integration-test/target/test-dir/MiniOzoneClusterImpl-9e91b504-fe86-427b-a8de-b3d8b21cdaaf/datanode-6/data/ratis] (custom)
2022-11-05 13:04:32,189 [pool-214-thread-1] INFO  server.RaftServerConfigKeys (ConfUtils.java:logGet(46)) - raft.server.log.corruption.policy = EXCEPTION (default)
2022-11-05 13:04:32,189 [pool-214-thread-1] INFO  server.RaftServerConfigKeys (ConfUtils.java:logGet(46)) - raft.server.storage.free-space.min = 0MB (=0) (default)
2022-11-05 13:04:32,190 [pool-214-thread-1] INFO  server.RaftServerConfigKeys (ConfUtils.java:logGet(46)) - raft.server.notification.no-leader.timeout = 300s (custom)
2022-11-05 13:04:32,190 [pool-214-thread-1] INFO  server.RaftServerConfigKeys (ConfUtils.java:logGet(46)) - raft.server.retrycache.expirytime = 600000ms (custom)
2022-11-05 13:04:32,190 [pool-214-thread-1] INFO  server.RaftServerConfigKeys (ConfUtils.java:logGet(46)) - raft.server.retrycache.statistics.expirytime = 100μs (default)
2022-11-05 13:04:32,195 [pool-214-thread-1] INFO  server.RaftServerConfigKeys (ConfUtils.java:logGet(46)) - raft.server.log.appender.install.snapshot.enabled = false (custom)
2022-11-05 13:04:32,195 [pool-214-thread-1] INFO  server.RaftServerConfigKeys (ConfUtils.java:logGet(46)) - raft.server.threadpool.server.cached = true (default)
2022-11-05 13:04:32,196 [pool-214-thread-1] INFO  server.RaftServerConfigKeys (ConfUtils.java:logGet(46)) - raft.server.threadpool.server.size = 0 (default)
2022-11-05 13:04:32,196 [pool-214-thread-1] INFO  server.RaftServerConfigKeys (ConfUtils.java:logGet(46)) - raft.server.threadpool.client.cached = true (default)
2022-11-05 13:04:32,196 [pool-214-thread-1] INFO  server.RaftServerConfigKeys (ConfUtils.java:logGet(46)) - raft.server.threadpool.client.size = 0 (default)
2022-11-05 13:04:32,196 [pool-214-thread-1] INFO  storage.RaftStorageDirectory (RaftStorageDirectoryImpl.java:analyzeStorage(137)) - The storage directory /home/runner/work/ozone/ozone/hadoop-ozone/integration-test/target/test-dir/MiniOzoneClusterImpl-9e91b504-fe86-427b-a8de-b3d8b21cdaaf/datanode-6/data/ratis/bce25ec2-b675-4632-9492-d71b9630b45a does not exist. Creating ...
2022-11-05 13:04:32,203 [pool-214-thread-1] INFO  storage.RaftStorageDirectory (RaftStorageDirectoryImpl.java:tryLock(231)) - Lock on /home/runner/work/ozone/ozone/hadoop-ozone/integration-test/target/test-dir/MiniOzoneClusterImpl-9e91b504-fe86-427b-a8de-b3d8b21cdaaf/datanode-6/data/ratis/bce25ec2-b675-4632-9492-d71b9630b45a/in_use.lock acquired by nodename 14719@fv-az83-841
2022-11-05 13:04:32,211 [pool-214-thread-1] INFO  storage.RaftStorage (RaftStorageImpl.java:format(96)) - Storage directory /home/runner/work/ozone/ozone/hadoop-ozone/integration-test/target/test-dir/MiniOzoneClusterImpl-9e91b504-fe86-427b-a8de-b3d8b21cdaaf/datanode-6/data/ratis/bce25ec2-b675-4632-9492-d71b9630b45a has been successfully formatted.
2022-11-05 13:04:32,211 [pool-214-thread-1] INFO  ratis.ContainerStateMachine (ContainerStateMachine.java:loadSnapshot(236)) - group-D71B9630B45A: The snapshot info is null. Setting the last applied indexto:(t:0, i:~)
2022-11-05 13:04:32,211 [pool-214-thread-1] INFO  server.RaftServerConfigKeys (ConfUtils.java:logGet(46)) - raft.server.log.use.memory = false (default)
2022-11-05 13:04:32,212 [pool-214-thread-1] INFO  server.RaftServerConfigKeys (ConfUtils.java:logGet(46)) - raft.server.log.purge.gap = 1000000 (custom)
2022-11-05 13:04:32,212 [pool-214-thread-1] INFO  server.RaftServerConfigKeys (ConfUtils.java:logGet(46)) - raft.server.log.appender.buffer.byte-limit = 33554432 (custom)
2022-11-05 13:04:32,212 [pool-214-thread-1] INFO  server.RaftServerConfigKeys (ConfUtils.java:logGet(46)) - raft.server.log.statemachine.data.read.timeout = 1000ms (default)
2022-11-05 13:04:32,212 [pool-214-thread-1] INFO  server.RaftServerConfigKeys (ConfUtils.java:logGet(46)) - raft.server.log.purge.preservation.log.num = 0 (default)
2022-11-05 13:04:32,212 [pool-214-thread-1] INFO  server.RaftServerConfigKeys (ConfUtils.java:logGet(46)) - raft.server.log.segment.size.max = 1048576 (custom)
2022-11-05 13:04:32,213 [EventQueue-PipelineReportForPipelineReportHandler] INFO  pipeline.PipelineManagerImpl (PipelineManagerImpl.java:openPipeline(367)) - Pipeline Pipeline[ Id: bce25ec2-b675-4632-9492-d71b9630b45a, Nodes: 3fdd4c6e-2961-42ba-90d3-b5f169a49f15{ip: 10.1.0.157, host: fv-az83-841.uavyq1izdhte5b0ne1us2eqzhb.jx.internal.cloudapp.net, ports: [REPLICATION=39061, RATIS=38617, RATIS_ADMIN=38617, RATIS_SERVER=38617, STANDALONE=41615], networkLocation: /default-rack, certSerialId: null, persistedOpState: IN_SERVICE, persistedOpStateExpiryEpochSec: 0}, ReplicationConfig: RATIS/ONE, State:ALLOCATED, leaderId:3fdd4c6e-2961-42ba-90d3-b5f169a49f15, CreationTimestamp2022-11-05T13:04:29.192Z[Etc/UTC]] moved to OPEN state
2022-11-05 13:04:32,213 [pool-214-thread-1] INFO  server.RaftServerConfigKeys (ConfUtils.java:logGet(46)) - raft.server.log.segment.cache.num.max = 2 (custom)
2022-11-05 13:04:32,213 [pool-214-thread-1] INFO  server.RaftServerConfigKeys (ConfUtils.java:logGet(46)) - raft.server.log.segment.cache.size.max = 200MB (=209715200) (default)
2022-11-05 13:04:32,213 [pool-214-thread-1] INFO  segmented.SegmentedRaftLogWorker (SegmentedRaftLogWorker.java:<init>(191)) - new 3fdd4c6e-2961-42ba-90d3-b5f169a49f15@group-D71B9630B45A-SegmentedRaftLogWorker for RaftStorageImpl:Storage Directory /home/runner/work/ozone/ozone/hadoop-ozone/integration-test/target/test-dir/MiniOzoneClusterImpl-9e91b504-fe86-427b-a8de-b3d8b21cdaaf/datanode-6/data/ratis/bce25ec2-b675-4632-9492-d71b9630b45a
2022-11-05 13:04:32,213 [pool-214-thread-1] INFO  server.RaftServerConfigKeys (ConfUtils.java:logGet(46)) - raft.server.log.queue.byte-limit = 4294967296 (custom)
2022-11-05 13:04:32,213 [pool-214-thread-1] INFO  server.RaftServerConfigKeys (ConfUtils.java:logGet(46)) - raft.server.log.queue.element-limit = 1024 (custom)
2022-11-05 13:04:32,213 [pool-214-thread-1] INFO  server.RaftServerConfigKeys (ConfUtils.java:logGet(46)) - raft.server.log.segment.size.max = 1048576 (custom)
2022-11-05 13:04:32,213 [EventQueue-OpenPipelineForHealthyPipelineSafeModeRule] INFO  safemode.SCMSafeModeManager (HealthyPipelineSafeModeRule.java:process(137)) - SCM in safe mode. Healthy pipelines reported count is 0, required healthy pipeline reported count is 1
2022-11-05 13:04:32,213 [pool-214-thread-1] INFO  server.RaftServerConfigKeys (ConfUtils.java:logGet(46)) - raft.server.log.preallocated.size = 16384 (custom)
2022-11-05 13:04:32,218 [pool-214-thread-1] INFO  server.RaftServerConfigKeys (ConfUtils.java:logGet(46)) - raft.server.log.force.sync.num = 128 (default)
2022-11-05 13:04:32,218 [pool-214-thread-1] INFO  server.RaftServerConfigKeys (ConfUtils.java:logGet(46)) - raft.server.log.statemachine.data.sync = true (default)
2022-11-05 13:04:32,218 [pool-214-thread-1] INFO  server.RaftServerConfigKeys (ConfUtils.java:logGet(46)) - raft.server.log.statemachine.data.sync.timeout = 10s (default)
2022-11-05 13:04:32,219 [pool-214-thread-1] INFO  server.RaftServerConfigKeys (ConfUtils.java:logGet(46)) - raft.server.log.statemachine.data.sync.timeout.retry = -1 (default)
2022-11-05 13:04:32,219 [pool-214-thread-1] INFO  server.RaftServerConfigKeys (ConfUtils.java:logGet(46)) - raft.server.log.write.buffer.size = 1048576 (custom)
2022-11-05 13:04:32,219 [pool-214-thread-1] INFO  server.RaftServerConfigKeys (ConfUtils.java:logGet(46)) - raft.server.log.unsafe-flush.enabled = false (default)
2022-11-05 13:04:32,220 [pool-214-thread-1] INFO  server.RaftServerConfigKeys (ConfUtils.java:logGet(46)) - raft.server.log.async-flush.enabled = false (default)
2022-11-05 13:04:32,220 [pool-214-thread-1] INFO  server.RaftServerConfigKeys (ConfUtils.java:logGet(46)) - raft.server.log.statemachine.data.caching.enabled = true (custom)
2022-11-05 13:04:32,220 [pool-214-thread-1] INFO  segmented.SegmentedRaftLogWorker (SegmentedRaftLogWorker.java:lambda$new$0(136)) - 3fdd4c6e-2961-42ba-90d3-b5f169a49f15@group-D71B9630B45A-SegmentedRaftLogWorker: flushIndex: setUnconditionally 0 -> -1
2022-11-05 13:04:32,220 [pool-214-thread-1] INFO  segmented.SegmentedRaftLogWorker (SegmentedRaftLogWorker.java:lambda$new$0(136)) - 3fdd4c6e-2961-42ba-90d3-b5f169a49f15@group-D71B9630B45A-SegmentedRaftLogWorker: safeCacheEvictIndex: setUnconditionally 0 -> -1
2022-11-05 13:04:32,220 [pool-214-thread-1] INFO  server.RaftServer$Division (RaftServerImpl.java:start(334)) - 3fdd4c6e-2961-42ba-90d3-b5f169a49f15@group-D71B9630B45A: start as a follower, conf=-1: peers:[3fdd4c6e-2961-42ba-90d3-b5f169a49f15|rpc:10.1.0.157:38617|priority:1|startupRole:FOLLOWER]|listeners:[], old=null
2022-11-05 13:04:32,220 [pool-214-thread-1] INFO  server.RaftServer$Division (RaftServerImpl.java:setRole(321)) - 3fdd4c6e-2961-42ba-90d3-b5f169a49f15@group-D71B9630B45A: changes role from      null to FOLLOWER at term 0 for startAsFollower
2022-11-05 13:04:32,220 [pool-214-thread-1] INFO  impl.RoleInfo (RoleInfo.java:updateAndGet(139)) - 3fdd4c6e-2961-42ba-90d3-b5f169a49f15: start 3fdd4c6e-2961-42ba-90d3-b5f169a49f15@group-D71B9630B45A-FollowerState
2022-11-05 13:04:32,229 [pool-214-thread-1] INFO  util.JmxRegister (JmxRegister.java:tryRegister(44)) - Successfully registered JMX Bean with object name Ratis:service=RaftServer,group=group-D71B9630B45A,id=3fdd4c6e-2961-42ba-90d3-b5f169a49f15
2022-11-05 13:04:32,230 [pool-214-thread-1] INFO  server.RaftServerConfigKeys (ConfUtils.java:logGet(46)) - raft.server.snapshot.auto.trigger.enabled = true (custom)
2022-11-05 13:04:32,230 [pool-214-thread-1] INFO  server.RaftServerConfigKeys (ConfUtils.java:logGet(46)) - raft.server.snapshot.auto.trigger.threshold = 10000 (custom)
2022-11-05 13:04:32,230 [pool-214-thread-1] INFO  server.RaftServerConfigKeys (ConfUtils.java:logGet(46)) - raft.server.snapshot.retention.file.num = 5 (custom)
2022-11-05 13:04:32,230 [pool-214-thread-1] INFO  server.RaftServerConfigKeys (ConfUtils.java:logGet(46)) - raft.server.log.purge.upto.snapshot.index = false (default)
2022-11-05 13:04:32,234 [Command processor thread] INFO  ratis.XceiverServerRatis (XceiverServerRatis.java:addGroup(765)) - Created group PipelineID=bce25ec2-b675-4632-9492-d71b9630b45a
2022-11-05 13:04:32,235 [Command processor thread] INFO  commandhandler.CreatePipelineCommandHandler (CreatePipelineCommandHandler.java:handle(113)) - Created Pipeline RATIS ONE PipelineID=bce25ec2-b675-4632-9492-d71b9630b45a.
2022-11-05 13:04:32,235 [Command processor thread] INFO  server.RaftServer (RaftServerProxy.java:addNew(96)) - 3fdd4c6e-2961-42ba-90d3-b5f169a49f15: addNew group-D5EC486ECE4F:[81de4557-c158-4718-93a8-b16ff7f8daad|rpc:10.1.0.157:42037|priority:0|startupRole:FOLLOWER, 44bea1f4-43dd-4415-bb4e-4e9896dd68f6|rpc:10.1.0.157:34265|priority:0|startupRole:FOLLOWER, 3fdd4c6e-2961-42ba-90d3-b5f169a49f15|rpc:10.1.0.157:38617|priority:1|startupRole:FOLLOWER] returns group-D5EC486ECE4F:java.util.concurrent.CompletableFuture@26c3bf1b[Not completed]
2022-11-05 13:04:32,235 [3fdd4c6e-2961-42ba-90d3-b5f169a49f15@group-D71B9630B45A-FollowerState] INFO  server.RaftServerConfigKeys (ConfUtils.java:logFallback(53)) - raft.server.rpc.first-election.timeout.min = 5s (fallback to raft.server.rpc.timeout.min)
2022-11-05 13:04:32,235 [3fdd4c6e-2961-42ba-90d3-b5f169a49f15@group-D71B9630B45A-FollowerState] INFO  server.RaftServerConfigKeys (ConfUtils.java:logFallback(53)) - raft.server.rpc.first-election.timeout.max = 5200ms (fallback to raft.server.rpc.timeout.max)
2022-11-05 13:04:32,236 [pool-214-thread-1] INFO  server.RaftServer$Division (RaftServerImpl.java:<init>(195)) - 3fdd4c6e-2961-42ba-90d3-b5f169a49f15: new RaftServerImpl for group-D5EC486ECE4F:[81de4557-c158-4718-93a8-b16ff7f8daad|rpc:10.1.0.157:42037|priority:0|startupRole:FOLLOWER, 44bea1f4-43dd-4415-bb4e-4e9896dd68f6|rpc:10.1.0.157:34265|priority:0|startupRole:FOLLOWER, 3fdd4c6e-2961-42ba-90d3-b5f169a49f15|rpc:10.1.0.157:38617|priority:1|startupRole:FOLLOWER] with ContainerStateMachine:uninitialized
2022-11-05 13:04:32,237 [pool-214-thread-1] INFO  server.RaftServerConfigKeys (ConfUtils.java:logGet(46)) - raft.server.rpc.timeout.min = 5s (custom)
2022-11-05 13:04:32,237 [pool-214-thread-1] INFO  server.RaftServerConfigKeys (ConfUtils.java:logGet(46)) - raft.server.rpc.timeout.max = 5200ms (custom)
2022-11-05 13:04:32,237 [pool-214-thread-1] INFO  server.RaftServerConfigKeys (ConfUtils.java:logGet(46)) - raft.server.rpc.sleep.time = 25ms (default)
2022-11-05 13:04:32,237 [pool-214-thread-1] INFO  server.RaftServerConfigKeys (ConfUtils.java:logGet(46)) - raft.server.rpc.slowness.timeout = 300s (custom)
2022-11-05 13:04:32,237 [pool-214-thread-1] INFO  server.RaftServerConfigKeys (ConfUtils.java:logGet(46)) - raft.server.leaderelection.leader.step-down.wait-time = 10s (default)
2022-11-05 13:04:32,237 [pool-214-thread-1] INFO  server.RaftServerConfigKeys (ConfUtils.java:logGet(46)) - raft.server.sleep.deviation.threshold = 300ms (default)
2022-11-05 13:04:32,237 [pool-214-thread-1] INFO  server.RaftServer$Division (ServerState.java:<init>(118)) - 3fdd4c6e-2961-42ba-90d3-b5f169a49f15@group-D5EC486ECE4F: ConfigurationManager, init=-1: peers:[81de4557-c158-4718-93a8-b16ff7f8daad|rpc:10.1.0.157:42037|priority:0|startupRole:FOLLOWER, 44bea1f4-43dd-4415-bb4e-4e9896dd68f6|rpc:10.1.0.157:34265|priority:0|startupRole:FOLLOWER, 3fdd4c6e-2961-42ba-90d3-b5f169a49f15|rpc:10.1.0.157:38617|priority:1|startupRole:FOLLOWER]|listeners:[], old=null, confs=<EMPTY_MAP>
2022-11-05 13:04:32,237 [pool-214-thread-1] INFO  server.RaftServerConfigKeys (ConfUtils.java:logGet(46)) - raft.server.storage.dir = [/home/runner/work/ozone/ozone/hadoop-ozone/integration-test/target/test-dir/MiniOzoneClusterImpl-9e91b504-fe86-427b-a8de-b3d8b21cdaaf/datanode-6/data/ratis] (custom)
2022-11-05 13:04:32,237 [pool-214-thread-1] INFO  server.RaftServerConfigKeys (ConfUtils.java:logGet(46)) - raft.server.log.corruption.policy = EXCEPTION (default)
2022-11-05 13:04:32,237 [pool-214-thread-1] INFO  server.RaftServerConfigKeys (ConfUtils.java:logGet(46)) - raft.server.storage.free-space.min = 0MB (=0) (default)
2022-11-05 13:04:32,237 [pool-214-thread-1] INFO  server.RaftServerConfigKeys (ConfUtils.java:logGet(46)) - raft.server.notification.no-leader.timeout = 300s (custom)
2022-11-05 13:04:32,238 [pool-214-thread-1] INFO  server.RaftServerConfigKeys (ConfUtils.java:logGet(46)) - raft.server.retrycache.expirytime = 600000ms (custom)
2022-11-05 13:04:32,238 [pool-214-thread-1] INFO  server.RaftServerConfigKeys (ConfUtils.java:logGet(46)) - raft.server.retrycache.statistics.expirytime = 100μs (default)
2022-11-05 13:04:32,239 [pool-214-thread-1] INFO  server.RaftServerConfigKeys (ConfUtils.java:logGet(46)) - raft.server.log.appender.install.snapshot.enabled = false (custom)
2022-11-05 13:04:32,239 [pool-214-thread-1] INFO  server.RaftServerConfigKeys (ConfUtils.java:logGet(46)) - raft.server.threadpool.server.cached = true (default)
2022-11-05 13:04:32,239 [pool-214-thread-1] INFO  server.RaftServerConfigKeys (ConfUtils.java:logGet(46)) - raft.server.threadpool.server.size = 0 (default)
2022-11-05 13:04:32,239 [pool-214-thread-1] INFO  server.RaftServerConfigKeys (ConfUtils.java:logGet(46)) - raft.server.threadpool.client.cached = true (default)
2022-11-05 13:04:32,239 [pool-214-thread-1] INFO  server.RaftServerConfigKeys (ConfUtils.java:logGet(46)) - raft.server.threadpool.client.size = 0 (default)
2022-11-05 13:04:32,239 [pool-214-thread-1] INFO  storage.RaftStorageDirectory (RaftStorageDirectoryImpl.java:analyzeStorage(137)) - The storage directory /home/runner/work/ozone/ozone/hadoop-ozone/integration-test/target/test-dir/MiniOzoneClusterImpl-9e91b504-fe86-427b-a8de-b3d8b21cdaaf/datanode-6/data/ratis/89293485-d1ad-4757-8f6b-d5ec486ece4f does not exist. Creating ...
2022-11-05 13:04:32,251 [pool-214-thread-1] INFO  storage.RaftStorageDirectory (RaftStorageDirectoryImpl.java:tryLock(231)) - Lock on /home/runner/work/ozone/ozone/hadoop-ozone/integration-test/target/test-dir/MiniOzoneClusterImpl-9e91b504-fe86-427b-a8de-b3d8b21cdaaf/datanode-6/data/ratis/89293485-d1ad-4757-8f6b-d5ec486ece4f/in_use.lock acquired by nodename 14719@fv-az83-841
2022-11-05 13:04:32,258 [pool-214-thread-1] INFO  storage.RaftStorage (RaftStorageImpl.java:format(96)) - Storage directory /home/runner/work/ozone/ozone/hadoop-ozone/integration-test/target/test-dir/MiniOzoneClusterImpl-9e91b504-fe86-427b-a8de-b3d8b21cdaaf/datanode-6/data/ratis/89293485-d1ad-4757-8f6b-d5ec486ece4f has been successfully formatted.
2022-11-05 13:04:32,259 [pool-214-thread-1] INFO  ratis.ContainerStateMachine (ContainerStateMachine.java:loadSnapshot(236)) - group-D5EC486ECE4F: The snapshot info is null. Setting the last applied indexto:(t:0, i:~)
2022-11-05 13:04:32,259 [pool-214-thread-1] INFO  server.RaftServerConfigKeys (ConfUtils.java:logGet(46)) - raft.server.log.use.memory = false (default)
2022-11-05 13:04:32,259 [pool-214-thread-1] INFO  server.RaftServerConfigKeys (ConfUtils.java:logGet(46)) - raft.server.log.purge.gap = 1000000 (custom)
2022-11-05 13:04:32,259 [pool-214-thread-1] INFO  server.RaftServerConfigKeys (ConfUtils.java:logGet(46)) - raft.server.log.appender.buffer.byte-limit = 33554432 (custom)
2022-11-05 13:04:32,259 [pool-214-thread-1] INFO  server.RaftServerConfigKeys (ConfUtils.java:logGet(46)) - raft.server.log.statemachine.data.read.timeout = 1000ms (default)
2022-11-05 13:04:32,259 [pool-214-thread-1] INFO  server.RaftServerConfigKeys (ConfUtils.java:logGet(46)) - raft.server.log.purge.preservation.log.num = 0 (default)
2022-11-05 13:04:32,259 [pool-214-thread-1] INFO  server.RaftServerConfigKeys (ConfUtils.java:logGet(46)) - raft.server.log.segment.size.max = 1048576 (custom)
2022-11-05 13:04:32,260 [EventQueue-OpenPipelineForHealthyPipelineSafeModeRule] INFO  safemode.SCMSafeModeManager (HealthyPipelineSafeModeRule.java:process(137)) - SCM in safe mode. Healthy pipelines reported count is 0, required healthy pipeline reported count is 1
2022-11-05 13:04:32,264 [pool-214-thread-1] INFO  server.RaftServerConfigKeys (ConfUtils.java:logGet(46)) - raft.server.log.segment.cache.num.max = 2 (custom)
2022-11-05 13:04:32,264 [pool-214-thread-1] INFO  server.RaftServerConfigKeys (ConfUtils.java:logGet(46)) - raft.server.log.segment.cache.size.max = 200MB (=209715200) (default)
2022-11-05 13:04:32,264 [pool-214-thread-1] INFO  segmented.SegmentedRaftLogWorker (SegmentedRaftLogWorker.java:<init>(191)) - new 3fdd4c6e-2961-42ba-90d3-b5f169a49f15@group-D5EC486ECE4F-SegmentedRaftLogWorker for RaftStorageImpl:Storage Directory /home/runner/work/ozone/ozone/hadoop-ozone/integration-test/target/test-dir/MiniOzoneClusterImpl-9e91b504-fe86-427b-a8de-b3d8b21cdaaf/datanode-6/data/ratis/89293485-d1ad-4757-8f6b-d5ec486ece4f
2022-11-05 13:04:32,264 [pool-214-thread-1] INFO  server.RaftServerConfigKeys (ConfUtils.java:logGet(46)) - raft.server.log.queue.byte-limit = 4294967296 (custom)
2022-11-05 13:04:32,264 [pool-214-thread-1] INFO  server.RaftServerConfigKeys (ConfUtils.java:logGet(46)) - raft.server.log.queue.element-limit = 1024 (custom)
2022-11-05 13:04:32,264 [pool-214-thread-1] INFO  server.RaftServerConfigKeys (ConfUtils.java:logGet(46)) - raft.server.log.segment.size.max = 1048576 (custom)
2022-11-05 13:04:32,264 [pool-214-thread-1] INFO  server.RaftServerConfigKeys (ConfUtils.java:logGet(46)) - raft.server.log.preallocated.size = 16384 (custom)
2022-11-05 13:04:32,264 [pool-214-thread-1] INFO  server.RaftServerConfigKeys (ConfUtils.java:logGet(46)) - raft.server.log.force.sync.num = 128 (default)
2022-11-05 13:04:32,264 [pool-214-thread-1] INFO  server.RaftServerConfigKeys (ConfUtils.java:logGet(46)) - raft.server.log.statemachine.data.sync = true (default)
2022-11-05 13:04:32,264 [pool-214-thread-1] INFO  server.RaftServerConfigKeys (ConfUtils.java:logGet(46)) - raft.server.log.statemachine.data.sync.timeout = 10s (default)
2022-11-05 13:04:32,264 [pool-214-thread-1] INFO  server.RaftServerConfigKeys (ConfUtils.java:logGet(46)) - raft.server.log.statemachine.data.sync.timeout.retry = -1 (default)
2022-11-05 13:04:32,265 [pool-214-thread-1] INFO  server.RaftServerConfigKeys (ConfUtils.java:logGet(46)) - raft.server.log.write.buffer.size = 1048576 (custom)
2022-11-05 13:04:32,265 [pool-214-thread-1] INFO  server.RaftServerConfigKeys (ConfUtils.java:logGet(46)) - raft.server.log.unsafe-flush.enabled = false (default)
2022-11-05 13:04:32,266 [pool-214-thread-1] INFO  server.RaftServerConfigKeys (ConfUtils.java:logGet(46)) - raft.server.log.async-flush.enabled = false (default)
2022-11-05 13:04:32,266 [pool-214-thread-1] INFO  server.RaftServerConfigKeys (ConfUtils.java:logGet(46)) - raft.server.log.statemachine.data.caching.enabled = true (custom)
2022-11-05 13:04:32,266 [pool-214-thread-1] INFO  segmented.SegmentedRaftLogWorker (SegmentedRaftLogWorker.java:lambda$new$0(136)) - 3fdd4c6e-2961-42ba-90d3-b5f169a49f15@group-D5EC486ECE4F-SegmentedRaftLogWorker: flushIndex: setUnconditionally 0 -> -1
2022-11-05 13:04:32,266 [pool-214-thread-1] INFO  segmented.SegmentedRaftLogWorker (SegmentedRaftLogWorker.java:lambda$new$0(136)) - 3fdd4c6e-2961-42ba-90d3-b5f169a49f15@group-D5EC486ECE4F-SegmentedRaftLogWorker: safeCacheEvictIndex: setUnconditionally 0 -> -1
2022-11-05 13:04:32,266 [pool-214-thread-1] INFO  server.RaftServer$Division (RaftServerImpl.java:start(334)) - 3fdd4c6e-2961-42ba-90d3-b5f169a49f15@group-D5EC486ECE4F: start as a follower, conf=-1: peers:[81de4557-c158-4718-93a8-b16ff7f8daad|rpc:10.1.0.157:42037|priority:0|startupRole:FOLLOWER, 44bea1f4-43dd-4415-bb4e-4e9896dd68f6|rpc:10.1.0.157:34265|priority:0|startupRole:FOLLOWER, 3fdd4c6e-2961-42ba-90d3-b5f169a49f15|rpc:10.1.0.157:38617|priority:1|startupRole:FOLLOWER]|listeners:[], old=null
2022-11-05 13:04:32,266 [pool-214-thread-1] INFO  server.RaftServer$Division (RaftServerImpl.java:setRole(321)) - 3fdd4c6e-2961-42ba-90d3-b5f169a49f15@group-D5EC486ECE4F: changes role from      null to FOLLOWER at term 0 for startAsFollower
2022-11-05 13:04:32,266 [pool-214-thread-1] INFO  impl.RoleInfo (RoleInfo.java:updateAndGet(139)) - 3fdd4c6e-2961-42ba-90d3-b5f169a49f15: start 3fdd4c6e-2961-42ba-90d3-b5f169a49f15@group-D5EC486ECE4F-FollowerState
2022-11-05 13:04:32,266 [3fdd4c6e-2961-42ba-90d3-b5f169a49f15@group-D5EC486ECE4F-FollowerState] INFO  server.RaftServerConfigKeys (ConfUtils.java:logFallback(53)) - raft.server.rpc.first-election.timeout.min = 5s (fallback to raft.server.rpc.timeout.min)
2022-11-05 13:04:32,266 [pool-214-thread-1] INFO  util.JmxRegister (JmxRegister.java:tryRegister(44)) - Successfully registered JMX Bean with object name Ratis:service=RaftServer,group=group-D5EC486ECE4F,id=3fdd4c6e-2961-42ba-90d3-b5f169a49f15
2022-11-05 13:04:32,267 [3fdd4c6e-2961-42ba-90d3-b5f169a49f15@group-D5EC486ECE4F-FollowerState] INFO  server.RaftServerConfigKeys (ConfUtils.java:logFallback(53)) - raft.server.rpc.first-election.timeout.max = 5200ms (fallback to raft.server.rpc.timeout.max)
2022-11-05 13:04:32,267 [pool-214-thread-1] INFO  server.RaftServerConfigKeys (ConfUtils.java:logGet(46)) - raft.server.snapshot.auto.trigger.enabled = true (custom)
2022-11-05 13:04:32,267 [pool-214-thread-1] INFO  server.RaftServerConfigKeys (ConfUtils.java:logGet(46)) - raft.server.snapshot.auto.trigger.threshold = 10000 (custom)
2022-11-05 13:04:32,267 [pool-214-thread-1] INFO  server.RaftServerConfigKeys (ConfUtils.java:logGet(46)) - raft.server.snapshot.retention.file.num = 5 (custom)
2022-11-05 13:04:32,267 [pool-214-thread-1] INFO  server.RaftServerConfigKeys (ConfUtils.java:logGet(46)) - raft.server.log.purge.upto.snapshot.index = false (default)
2022-11-05 13:04:32,267 [Command processor thread] INFO  ratis.XceiverServerRatis (XceiverServerRatis.java:addGroup(765)) - Created group PipelineID=89293485-d1ad-4757-8f6b-d5ec486ece4f
2022-11-05 13:04:32,284 [grpc-default-executor-0] INFO  server.RaftServer (RaftServerProxy.java:addNew(96)) - 44bea1f4-43dd-4415-bb4e-4e9896dd68f6: addNew group-D5EC486ECE4F:[81de4557-c158-4718-93a8-b16ff7f8daad|rpc:10.1.0.157:42037|dataStream:|priority:0|startupRole:FOLLOWER, 44bea1f4-43dd-4415-bb4e-4e9896dd68f6|rpc:10.1.0.157:34265|dataStream:|priority:0|startupRole:FOLLOWER, 3fdd4c6e-2961-42ba-90d3-b5f169a49f15|rpc:10.1.0.157:38617|dataStream:|priority:1|startupRole:FOLLOWER] returns group-D5EC486ECE4F:java.util.concurrent.CompletableFuture@615e1e56[Not completed]
2022-11-05 13:04:32,286 [pool-268-thread-1] INFO  server.RaftServer$Division (RaftServerImpl.java:<init>(195)) - 44bea1f4-43dd-4415-bb4e-4e9896dd68f6: new RaftServerImpl for group-D5EC486ECE4F:[81de4557-c158-4718-93a8-b16ff7f8daad|rpc:10.1.0.157:42037|dataStream:|priority:0|startupRole:FOLLOWER, 44bea1f4-43dd-4415-bb4e-4e9896dd68f6|rpc:10.1.0.157:34265|dataStream:|priority:0|startupRole:FOLLOWER, 3fdd4c6e-2961-42ba-90d3-b5f169a49f15|rpc:10.1.0.157:38617|dataStream:|priority:1|startupRole:FOLLOWER] with ContainerStateMachine:uninitialized
2022-11-05 13:04:32,286 [pool-268-thread-1] INFO  server.RaftServerConfigKeys (ConfUtils.java:logGet(46)) - raft.server.rpc.timeout.min = 5s (custom)
2022-11-05 13:04:32,286 [pool-268-thread-1] INFO  server.RaftServerConfigKeys (ConfUtils.java:logGet(46)) - raft.server.rpc.timeout.max = 5200ms (custom)
2022-11-05 13:04:32,286 [pool-268-thread-1] INFO  server.RaftServerConfigKeys (ConfUtils.java:logGet(46)) - raft.server.rpc.sleep.time = 25ms (default)
2022-11-05 13:04:32,286 [pool-268-thread-1] INFO  server.RaftServerConfigKeys (ConfUtils.java:logGet(46)) - raft.server.rpc.slowness.timeout = 300s (custom)
2022-11-05 13:04:32,287 [pool-268-thread-1] INFO  server.RaftServerConfigKeys (ConfUtils.java:logGet(46)) - raft.server.leaderelection.leader.step-down.wait-time = 10s (default)
2022-11-05 13:04:32,287 [pool-268-thread-1] INFO  server.RaftServerConfigKeys (ConfUtils.java:logGet(46)) - raft.server.sleep.deviation.threshold = 300ms (default)
2022-11-05 13:04:32,287 [pool-268-thread-1] INFO  server.RaftServer$Division (ServerState.java:<init>(118)) - 44bea1f4-43dd-4415-bb4e-4e9896dd68f6@group-D5EC486ECE4F: ConfigurationManager, init=-1: peers:[81de4557-c158-4718-93a8-b16ff7f8daad|rpc:10.1.0.157:42037|dataStream:|priority:0|startupRole:FOLLOWER, 44bea1f4-43dd-4415-bb4e-4e9896dd68f6|rpc:10.1.0.157:34265|dataStream:|priority:0|startupRole:FOLLOWER, 3fdd4c6e-2961-42ba-90d3-b5f169a49f15|rpc:10.1.0.157:38617|dataStream:|priority:1|startupRole:FOLLOWER]|listeners:[], old=null, confs=<EMPTY_MAP>
2022-11-05 13:04:32,287 [pool-268-thread-1] INFO  server.RaftServerConfigKeys (ConfUtils.java:logGet(46)) - raft.server.storage.dir = [/home/runner/work/ozone/ozone/hadoop-ozone/integration-test/target/test-dir/MiniOzoneClusterImpl-9e91b504-fe86-427b-a8de-b3d8b21cdaaf/datanode-8/data/ratis] (custom)
2022-11-05 13:04:32,287 [pool-268-thread-1] INFO  server.RaftServerConfigKeys (ConfUtils.java:logGet(46)) - raft.server.log.corruption.policy = EXCEPTION (default)
2022-11-05 13:04:32,287 [pool-268-thread-1] INFO  server.RaftServerConfigKeys (ConfUtils.java:logGet(46)) - raft.server.storage.free-space.min = 0MB (=0) (default)
2022-11-05 13:04:32,287 [pool-268-thread-1] INFO  server.RaftServerConfigKeys (ConfUtils.java:logGet(46)) - raft.server.notification.no-leader.timeout = 300s (custom)
2022-11-05 13:04:32,287 [pool-268-thread-1] INFO  server.RaftServerConfigKeys (ConfUtils.java:logGet(46)) - raft.server.retrycache.expirytime = 600000ms (custom)
2022-11-05 13:04:32,287 [pool-268-thread-1] INFO  server.RaftServerConfigKeys (ConfUtils.java:logGet(46)) - raft.server.retrycache.statistics.expirytime = 100μs (default)
2022-11-05 13:04:32,293 [pool-268-thread-1] INFO  server.RaftServerConfigKeys (ConfUtils.java:logGet(46)) - raft.server.log.appender.install.snapshot.enabled = false (custom)
2022-11-05 13:04:32,293 [pool-268-thread-1] INFO  server.RaftServerConfigKeys (ConfUtils.java:logGet(46)) - raft.server.threadpool.server.cached = true (default)
2022-11-05 13:04:32,293 [pool-268-thread-1] INFO  server.RaftServerConfigKeys (ConfUtils.java:logGet(46)) - raft.server.threadpool.server.size = 0 (default)
2022-11-05 13:04:32,293 [pool-268-thread-1] INFO  server.RaftServerConfigKeys (ConfUtils.java:logGet(46)) - raft.server.threadpool.client.cached = true (default)
2022-11-05 13:04:32,293 [pool-268-thread-1] INFO  server.RaftServerConfigKeys (ConfUtils.java:logGet(46)) - raft.server.threadpool.client.size = 0 (default)
2022-11-05 13:04:32,294 [pool-268-thread-1] INFO  storage.RaftStorageDirectory (RaftStorageDirectoryImpl.java:analyzeStorage(137)) - The storage directory /home/runner/work/ozone/ozone/hadoop-ozone/integration-test/target/test-dir/MiniOzoneClusterImpl-9e91b504-fe86-427b-a8de-b3d8b21cdaaf/datanode-8/data/ratis/89293485-d1ad-4757-8f6b-d5ec486ece4f does not exist. Creating ...
2022-11-05 13:04:32,303 [pool-268-thread-1] INFO  storage.RaftStorageDirectory (RaftStorageDirectoryImpl.java:tryLock(231)) - Lock on /home/runner/work/ozone/ozone/hadoop-ozone/integration-test/target/test-dir/MiniOzoneClusterImpl-9e91b504-fe86-427b-a8de-b3d8b21cdaaf/datanode-8/data/ratis/89293485-d1ad-4757-8f6b-d5ec486ece4f/in_use.lock acquired by nodename 14719@fv-az83-841
2022-11-05 13:04:32,311 [pool-268-thread-1] INFO  storage.RaftStorage (RaftStorageImpl.java:format(96)) - Storage directory /home/runner/work/ozone/ozone/hadoop-ozone/integration-test/target/test-dir/MiniOzoneClusterImpl-9e91b504-fe86-427b-a8de-b3d8b21cdaaf/datanode-8/data/ratis/89293485-d1ad-4757-8f6b-d5ec486ece4f has been successfully formatted.
2022-11-05 13:04:32,312 [pool-268-thread-1] INFO  ratis.ContainerStateMachine (ContainerStateMachine.java:loadSnapshot(236)) - group-D5EC486ECE4F: The snapshot info is null. Setting the last applied indexto:(t:0, i:~)
2022-11-05 13:04:32,312 [pool-268-thread-1] INFO  server.RaftServerConfigKeys (ConfUtils.java:logGet(46)) - raft.server.log.use.memory = false (default)
2022-11-05 13:04:32,312 [pool-268-thread-1] INFO  server.RaftServerConfigKeys (ConfUtils.java:logGet(46)) - raft.server.log.purge.gap = 1000000 (custom)
2022-11-05 13:04:32,312 [pool-268-thread-1] INFO  server.RaftServerConfigKeys (ConfUtils.java:logGet(46)) - raft.server.log.appender.buffer.byte-limit = 33554432 (custom)
2022-11-05 13:04:32,312 [pool-268-thread-1] INFO  server.RaftServerConfigKeys (ConfUtils.java:logGet(46)) - raft.server.log.statemachine.data.read.timeout = 1000ms (default)
2022-11-05 13:04:32,312 [pool-268-thread-1] INFO  server.RaftServerConfigKeys (ConfUtils.java:logGet(46)) - raft.server.log.purge.preservation.log.num = 0 (default)
2022-11-05 13:04:32,312 [pool-268-thread-1] INFO  server.RaftServerConfigKeys (ConfUtils.java:logGet(46)) - raft.server.log.segment.size.max = 1048576 (custom)
2022-11-05 13:04:32,313 [pool-268-thread-1] INFO  server.RaftServerConfigKeys (ConfUtils.java:logGet(46)) - raft.server.log.segment.cache.num.max = 2 (custom)
2022-11-05 13:04:32,313 [pool-268-thread-1] INFO  server.RaftServerConfigKeys (ConfUtils.java:logGet(46)) - raft.server.log.segment.cache.size.max = 200MB (=209715200) (default)
2022-11-05 13:04:32,313 [pool-268-thread-1] INFO  segmented.SegmentedRaftLogWorker (SegmentedRaftLogWorker.java:<init>(191)) - new 44bea1f4-43dd-4415-bb4e-4e9896dd68f6@group-D5EC486ECE4F-SegmentedRaftLogWorker for RaftStorageImpl:Storage Directory /home/runner/work/ozone/ozone/hadoop-ozone/integration-test/target/test-dir/MiniOzoneClusterImpl-9e91b504-fe86-427b-a8de-b3d8b21cdaaf/datanode-8/data/ratis/89293485-d1ad-4757-8f6b-d5ec486ece4f
2022-11-05 13:04:32,313 [pool-268-thread-1] INFO  server.RaftServerConfigKeys (ConfUtils.java:logGet(46)) - raft.server.log.queue.byte-limit = 4294967296 (custom)
2022-11-05 13:04:32,313 [pool-268-thread-1] INFO  server.RaftServerConfigKeys (ConfUtils.java:logGet(46)) - raft.server.log.queue.element-limit = 1024 (custom)
2022-11-05 13:04:32,313 [pool-268-thread-1] INFO  server.RaftServerConfigKeys (ConfUtils.java:logGet(46)) - raft.server.log.segment.size.max = 1048576 (custom)
2022-11-05 13:04:32,313 [pool-268-thread-1] INFO  server.RaftServerConfigKeys (ConfUtils.java:logGet(46)) - raft.server.log.preallocated.size = 16384 (custom)
2022-11-05 13:04:32,313 [pool-268-thread-1] INFO  server.RaftServerConfigKeys (ConfUtils.java:logGet(46)) - raft.server.log.force.sync.num = 128 (default)
2022-11-05 13:04:32,313 [pool-268-thread-1] INFO  server.RaftServerConfigKeys (ConfUtils.java:logGet(46)) - raft.server.log.statemachine.data.sync = true (default)
2022-11-05 13:04:32,313 [pool-268-thread-1] INFO  server.RaftServerConfigKeys (ConfUtils.java:logGet(46)) - raft.server.log.statemachine.data.sync.timeout = 10s (default)
2022-11-05 13:04:32,313 [pool-268-thread-1] INFO  server.RaftServerConfigKeys (ConfUtils.java:logGet(46)) - raft.server.log.statemachine.data.sync.timeout.retry = -1 (default)
2022-11-05 13:04:32,314 [pool-268-thread-1] INFO  server.RaftServerConfigKeys (ConfUtils.java:logGet(46)) - raft.server.log.write.buffer.size = 1048576 (custom)
2022-11-05 13:04:32,315 [pool-268-thread-1] INFO  server.RaftServerConfigKeys (ConfUtils.java:logGet(46)) - raft.server.log.unsafe-flush.enabled = false (default)
2022-11-05 13:04:32,315 [pool-268-thread-1] INFO  server.RaftServerConfigKeys (ConfUtils.java:logGet(46)) - raft.server.log.async-flush.enabled = false (default)
2022-11-05 13:04:32,315 [pool-268-thread-1] INFO  server.RaftServerConfigKeys (ConfUtils.java:logGet(46)) - raft.server.log.statemachine.data.caching.enabled = true (custom)
2022-11-05 13:04:32,316 [pool-268-thread-1] INFO  segmented.SegmentedRaftLogWorker (SegmentedRaftLogWorker.java:lambda$new$0(136)) - 44bea1f4-43dd-4415-bb4e-4e9896dd68f6@group-D5EC486ECE4F-SegmentedRaftLogWorker: flushIndex: setUnconditionally 0 -> -1
2022-11-05 13:04:32,316 [pool-268-thread-1] INFO  segmented.SegmentedRaftLogWorker (SegmentedRaftLogWorker.java:lambda$new$0(136)) - 44bea1f4-43dd-4415-bb4e-4e9896dd68f6@group-D5EC486ECE4F-SegmentedRaftLogWorker: safeCacheEvictIndex: setUnconditionally 0 -> -1
2022-11-05 13:04:32,318 [pool-268-thread-1] INFO  server.RaftServer$Division (RaftServerImpl.java:start(334)) - 44bea1f4-43dd-4415-bb4e-4e9896dd68f6@group-D5EC486ECE4F: start as a follower, conf=-1: peers:[81de4557-c158-4718-93a8-b16ff7f8daad|rpc:10.1.0.157:42037|dataStream:|priority:0|startupRole:FOLLOWER, 44bea1f4-43dd-4415-bb4e-4e9896dd68f6|rpc:10.1.0.157:34265|dataStream:|priority:0|startupRole:FOLLOWER, 3fdd4c6e-2961-42ba-90d3-b5f169a49f15|rpc:10.1.0.157:38617|dataStream:|priority:1|startupRole:FOLLOWER]|listeners:[], old=null
2022-11-05 13:04:32,318 [pool-268-thread-1] INFO  server.RaftServer$Division (RaftServerImpl.java:setRole(321)) - 44bea1f4-43dd-4415-bb4e-4e9896dd68f6@group-D5EC486ECE4F: changes role from      null to FOLLOWER at term 0 for startAsFollower
2022-11-05 13:04:32,319 [pool-268-thread-1] INFO  impl.RoleInfo (RoleInfo.java:updateAndGet(139)) - 44bea1f4-43dd-4415-bb4e-4e9896dd68f6: start 44bea1f4-43dd-4415-bb4e-4e9896dd68f6@group-D5EC486ECE4F-FollowerState
2022-11-05 13:04:32,322 [pool-268-thread-1] INFO  util.JmxRegister (JmxRegister.java:tryRegister(44)) - Successfully registered JMX Bean with object name Ratis:service=RaftServer,group=group-D5EC486ECE4F,id=44bea1f4-43dd-4415-bb4e-4e9896dd68f6
2022-11-05 13:04:32,323 [pool-268-thread-1] INFO  server.RaftServerConfigKeys (ConfUtils.java:logGet(46)) - raft.server.snapshot.auto.trigger.enabled = true (custom)
2022-11-05 13:04:32,323 [pool-268-thread-1] INFO  server.RaftServerConfigKeys (ConfUtils.java:logGet(46)) - raft.server.snapshot.auto.trigger.threshold = 10000 (custom)
2022-11-05 13:04:32,323 [pool-268-thread-1] INFO  server.RaftServerConfigKeys (ConfUtils.java:logGet(46)) - raft.server.snapshot.retention.file.num = 5 (custom)
2022-11-05 13:04:32,323 [pool-268-thread-1] INFO  server.RaftServerConfigKeys (ConfUtils.java:logGet(46)) - raft.server.log.purge.upto.snapshot.index = false (default)
2022-11-05 13:04:32,323 [44bea1f4-43dd-4415-bb4e-4e9896dd68f6@group-D5EC486ECE4F-FollowerState] INFO  server.RaftServerConfigKeys (ConfUtils.java:logFallback(53)) - raft.server.rpc.first-election.timeout.min = 5s (fallback to raft.server.rpc.timeout.min)
2022-11-05 13:04:32,327 [44bea1f4-43dd-4415-bb4e-4e9896dd68f6@group-D5EC486ECE4F-FollowerState] INFO  server.RaftServerConfigKeys (ConfUtils.java:logFallback(53)) - raft.server.rpc.first-election.timeout.max = 5200ms (fallback to raft.server.rpc.timeout.max)
2022-11-05 13:04:32,349 [grpc-default-executor-0] INFO  server.RaftServer (RaftServerProxy.java:addNew(96)) - 81de4557-c158-4718-93a8-b16ff7f8daad: addNew group-D5EC486ECE4F:[81de4557-c158-4718-93a8-b16ff7f8daad|rpc:10.1.0.157:42037|dataStream:|priority:0|startupRole:FOLLOWER, 44bea1f4-43dd-4415-bb4e-4e9896dd68f6|rpc:10.1.0.157:34265|dataStream:|priority:0|startupRole:FOLLOWER, 3fdd4c6e-2961-42ba-90d3-b5f169a49f15|rpc:10.1.0.157:38617|dataStream:|priority:1|startupRole:FOLLOWER] returns group-D5EC486ECE4F:java.util.concurrent.CompletableFuture@4dccd508[Not completed]
2022-11-05 13:04:32,351 [pool-241-thread-1] INFO  server.RaftServer$Division (RaftServerImpl.java:<init>(195)) - 81de4557-c158-4718-93a8-b16ff7f8daad: new RaftServerImpl for group-D5EC486ECE4F:[81de4557-c158-4718-93a8-b16ff7f8daad|rpc:10.1.0.157:42037|dataStream:|priority:0|startupRole:FOLLOWER, 44bea1f4-43dd-4415-bb4e-4e9896dd68f6|rpc:10.1.0.157:34265|dataStream:|priority:0|startupRole:FOLLOWER, 3fdd4c6e-2961-42ba-90d3-b5f169a49f15|rpc:10.1.0.157:38617|dataStream:|priority:1|startupRole:FOLLOWER] with ContainerStateMachine:uninitialized
2022-11-05 13:04:32,351 [pool-241-thread-1] INFO  server.RaftServerConfigKeys (ConfUtils.java:logGet(46)) - raft.server.rpc.timeout.min = 5s (custom)
2022-11-05 13:04:32,351 [pool-241-thread-1] INFO  server.RaftServerConfigKeys (ConfUtils.java:logGet(46)) - raft.server.rpc.timeout.max = 5200ms (custom)
2022-11-05 13:04:32,352 [pool-241-thread-1] INFO  server.RaftServerConfigKeys (ConfUtils.java:logGet(46)) - raft.server.rpc.sleep.time = 25ms (default)
2022-11-05 13:04:32,352 [pool-241-thread-1] INFO  server.RaftServerConfigKeys (ConfUtils.java:logGet(46)) - raft.server.rpc.slowness.timeout = 300s (custom)
2022-11-05 13:04:32,352 [pool-241-thread-1] INFO  server.RaftServerConfigKeys (ConfUtils.java:logGet(46)) - raft.server.leaderelection.leader.step-down.wait-time = 10s (default)
2022-11-05 13:04:32,352 [pool-241-thread-1] INFO  server.RaftServerConfigKeys (ConfUtils.java:logGet(46)) - raft.server.sleep.deviation.threshold = 300ms (default)
2022-11-05 13:04:32,352 [pool-241-thread-1] INFO  server.RaftServer$Division (ServerState.java:<init>(118)) - 81de4557-c158-4718-93a8-b16ff7f8daad@group-D5EC486ECE4F: ConfigurationManager, init=-1: peers:[81de4557-c158-4718-93a8-b16ff7f8daad|rpc:10.1.0.157:42037|dataStream:|priority:0|startupRole:FOLLOWER, 44bea1f4-43dd-4415-bb4e-4e9896dd68f6|rpc:10.1.0.157:34265|dataStream:|priority:0|startupRole:FOLLOWER, 3fdd4c6e-2961-42ba-90d3-b5f169a49f15|rpc:10.1.0.157:38617|dataStream:|priority:1|startupRole:FOLLOWER]|listeners:[], old=null, confs=<EMPTY_MAP>
2022-11-05 13:04:32,352 [pool-241-thread-1] INFO  server.RaftServerConfigKeys (ConfUtils.java:logGet(46)) - raft.server.storage.dir = [/home/runner/work/ozone/ozone/hadoop-ozone/integration-test/target/test-dir/MiniOzoneClusterImpl-9e91b504-fe86-427b-a8de-b3d8b21cdaaf/datanode-7/data/ratis] (custom)
2022-11-05 13:04:32,352 [pool-241-thread-1] INFO  server.RaftServerConfigKeys (ConfUtils.java:logGet(46)) - raft.server.log.corruption.policy = EXCEPTION (default)
2022-11-05 13:04:32,352 [pool-241-thread-1] INFO  server.RaftServerConfigKeys (ConfUtils.java:logGet(46)) - raft.server.storage.free-space.min = 0MB (=0) (default)
2022-11-05 13:04:32,352 [pool-241-thread-1] INFO  server.RaftServerConfigKeys (ConfUtils.java:logGet(46)) - raft.server.notification.no-leader.timeout = 300s (custom)
2022-11-05 13:04:32,352 [pool-241-thread-1] INFO  server.RaftServerConfigKeys (ConfUtils.java:logGet(46)) - raft.server.retrycache.expirytime = 600000ms (custom)
2022-11-05 13:04:32,352 [pool-241-thread-1] INFO  server.RaftServerConfigKeys (ConfUtils.java:logGet(46)) - raft.server.retrycache.statistics.expirytime = 100μs (default)
2022-11-05 13:04:32,355 [pool-241-thread-1] INFO  server.RaftServerConfigKeys (ConfUtils.java:logGet(46)) - raft.server.log.appender.install.snapshot.enabled = false (custom)
2022-11-05 13:04:32,356 [pool-241-thread-1] INFO  server.RaftServerConfigKeys (ConfUtils.java:logGet(46)) - raft.server.threadpool.server.cached = true (default)
2022-11-05 13:04:32,356 [pool-241-thread-1] INFO  server.RaftServerConfigKeys (ConfUtils.java:logGet(46)) - raft.server.threadpool.server.size = 0 (default)
2022-11-05 13:04:32,356 [pool-241-thread-1] INFO  server.RaftServerConfigKeys (ConfUtils.java:logGet(46)) - raft.server.threadpool.client.cached = true (default)
2022-11-05 13:04:32,356 [pool-241-thread-1] INFO  server.RaftServerConfigKeys (ConfUtils.java:logGet(46)) - raft.server.threadpool.client.size = 0 (default)
2022-11-05 13:04:32,357 [pool-241-thread-1] INFO  storage.RaftStorageDirectory (RaftStorageDirectoryImpl.java:analyzeStorage(137)) - The storage directory /home/runner/work/ozone/ozone/hadoop-ozone/integration-test/target/test-dir/MiniOzoneClusterImpl-9e91b504-fe86-427b-a8de-b3d8b21cdaaf/datanode-7/data/ratis/89293485-d1ad-4757-8f6b-d5ec486ece4f does not exist. Creating ...
2022-11-05 13:04:32,363 [pool-241-thread-1] INFO  storage.RaftStorageDirectory (RaftStorageDirectoryImpl.java:tryLock(231)) - Lock on /home/runner/work/ozone/ozone/hadoop-ozone/integration-test/target/test-dir/MiniOzoneClusterImpl-9e91b504-fe86-427b-a8de-b3d8b21cdaaf/datanode-7/data/ratis/89293485-d1ad-4757-8f6b-d5ec486ece4f/in_use.lock acquired by nodename 14719@fv-az83-841
2022-11-05 13:04:32,378 [pool-241-thread-1] INFO  storage.RaftStorage (RaftStorageImpl.java:format(96)) - Storage directory /home/runner/work/ozone/ozone/hadoop-ozone/integration-test/target/test-dir/MiniOzoneClusterImpl-9e91b504-fe86-427b-a8de-b3d8b21cdaaf/datanode-7/data/ratis/89293485-d1ad-4757-8f6b-d5ec486ece4f has been successfully formatted.
2022-11-05 13:04:32,378 [pool-241-thread-1] INFO  ratis.ContainerStateMachine (ContainerStateMachine.java:loadSnapshot(236)) - group-D5EC486ECE4F: The snapshot info is null. Setting the last applied indexto:(t:0, i:~)
2022-11-05 13:04:32,378 [pool-241-thread-1] INFO  server.RaftServerConfigKeys (ConfUtils.java:logGet(46)) - raft.server.log.use.memory = false (default)
2022-11-05 13:04:32,379 [pool-241-thread-1] INFO  server.RaftServerConfigKeys (ConfUtils.java:logGet(46)) - raft.server.log.purge.gap = 1000000 (custom)
2022-11-05 13:04:32,379 [pool-241-thread-1] INFO  server.RaftServerConfigKeys (ConfUtils.java:logGet(46)) - raft.server.log.appender.buffer.byte-limit = 33554432 (custom)
2022-11-05 13:04:32,379 [pool-241-thread-1] INFO  server.RaftServerConfigKeys (ConfUtils.java:logGet(46)) - raft.server.log.statemachine.data.read.timeout = 1000ms (default)
2022-11-05 13:04:32,379 [pool-241-thread-1] INFO  server.RaftServerConfigKeys (ConfUtils.java:logGet(46)) - raft.server.log.purge.preservation.log.num = 0 (default)
2022-11-05 13:04:32,379 [pool-241-thread-1] INFO  server.RaftServerConfigKeys (ConfUtils.java:logGet(46)) - raft.server.log.segment.size.max = 1048576 (custom)
2022-11-05 13:04:32,380 [pool-241-thread-1] INFO  server.RaftServerConfigKeys (ConfUtils.java:logGet(46)) - raft.server.log.segment.cache.num.max = 2 (custom)
2022-11-05 13:04:32,380 [pool-241-thread-1] INFO  server.RaftServerConfigKeys (ConfUtils.java:logGet(46)) - raft.server.log.segment.cache.size.max = 200MB (=209715200) (default)
2022-11-05 13:04:32,380 [pool-241-thread-1] INFO  segmented.SegmentedRaftLogWorker (SegmentedRaftLogWorker.java:<init>(191)) - new 81de4557-c158-4718-93a8-b16ff7f8daad@group-D5EC486ECE4F-SegmentedRaftLogWorker for RaftStorageImpl:Storage Directory /home/runner/work/ozone/ozone/hadoop-ozone/integration-test/target/test-dir/MiniOzoneClusterImpl-9e91b504-fe86-427b-a8de-b3d8b21cdaaf/datanode-7/data/ratis/89293485-d1ad-4757-8f6b-d5ec486ece4f
2022-11-05 13:04:32,380 [pool-241-thread-1] INFO  server.RaftServerConfigKeys (ConfUtils.java:logGet(46)) - raft.server.log.queue.byte-limit = 4294967296 (custom)
2022-11-05 13:04:32,380 [pool-241-thread-1] INFO  server.RaftServerConfigKeys (ConfUtils.java:logGet(46)) - raft.server.log.queue.element-limit = 1024 (custom)
2022-11-05 13:04:32,380 [pool-241-thread-1] INFO  server.RaftServerConfigKeys (ConfUtils.java:logGet(46)) - raft.server.log.segment.size.max = 1048576 (custom)
2022-11-05 13:04:32,380 [pool-241-thread-1] INFO  server.RaftServerConfigKeys (ConfUtils.java:logGet(46)) - raft.server.log.preallocated.size = 16384 (custom)
2022-11-05 13:04:32,380 [pool-241-thread-1] INFO  server.RaftServerConfigKeys (ConfUtils.java:logGet(46)) - raft.server.log.force.sync.num = 128 (default)
2022-11-05 13:04:32,380 [pool-241-thread-1] INFO  server.RaftServerConfigKeys (ConfUtils.java:logGet(46)) - raft.server.log.statemachine.data.sync = true (default)
2022-11-05 13:04:32,380 [pool-241-thread-1] INFO  server.RaftServerConfigKeys (ConfUtils.java:logGet(46)) - raft.server.log.statemachine.data.sync.timeout = 10s (default)
2022-11-05 13:04:32,380 [pool-241-thread-1] INFO  server.RaftServerConfigKeys (ConfUtils.java:logGet(46)) - raft.server.log.statemachine.data.sync.timeout.retry = -1 (default)
2022-11-05 13:04:32,382 [pool-241-thread-1] INFO  server.RaftServerConfigKeys (ConfUtils.java:logGet(46)) - raft.server.log.write.buffer.size = 1048576 (custom)
2022-11-05 13:04:32,382 [pool-241-thread-1] INFO  server.RaftServerConfigKeys (ConfUtils.java:logGet(46)) - raft.server.log.unsafe-flush.enabled = false (default)
2022-11-05 13:04:32,382 [pool-241-thread-1] INFO  server.RaftServerConfigKeys (ConfUtils.java:logGet(46)) - raft.server.log.async-flush.enabled = false (default)
2022-11-05 13:04:32,382 [pool-241-thread-1] INFO  server.RaftServerConfigKeys (ConfUtils.java:logGet(46)) - raft.server.log.statemachine.data.caching.enabled = true (custom)
2022-11-05 13:04:32,383 [pool-241-thread-1] INFO  segmented.SegmentedRaftLogWorker (SegmentedRaftLogWorker.java:lambda$new$0(136)) - 81de4557-c158-4718-93a8-b16ff7f8daad@group-D5EC486ECE4F-SegmentedRaftLogWorker: flushIndex: setUnconditionally 0 -> -1
2022-11-05 13:04:32,383 [pool-241-thread-1] INFO  segmented.SegmentedRaftLogWorker (SegmentedRaftLogWorker.java:lambda$new$0(136)) - 81de4557-c158-4718-93a8-b16ff7f8daad@group-D5EC486ECE4F-SegmentedRaftLogWorker: safeCacheEvictIndex: setUnconditionally 0 -> -1
2022-11-05 13:04:32,383 [pool-241-thread-1] INFO  server.RaftServer$Division (RaftServerImpl.java:start(334)) - 81de4557-c158-4718-93a8-b16ff7f8daad@group-D5EC486ECE4F: start as a follower, conf=-1: peers:[81de4557-c158-4718-93a8-b16ff7f8daad|rpc:10.1.0.157:42037|dataStream:|priority:0|startupRole:FOLLOWER, 44bea1f4-43dd-4415-bb4e-4e9896dd68f6|rpc:10.1.0.157:34265|dataStream:|priority:0|startupRole:FOLLOWER, 3fdd4c6e-2961-42ba-90d3-b5f169a49f15|rpc:10.1.0.157:38617|dataStream:|priority:1|startupRole:FOLLOWER]|listeners:[], old=null
2022-11-05 13:04:32,383 [pool-241-thread-1] INFO  server.RaftServer$Division (RaftServerImpl.java:setRole(321)) - 81de4557-c158-4718-93a8-b16ff7f8daad@group-D5EC486ECE4F: changes role from      null to FOLLOWER at term 0 for startAsFollower
2022-11-05 13:04:32,383 [pool-241-thread-1] INFO  impl.RoleInfo (RoleInfo.java:updateAndGet(139)) - 81de4557-c158-4718-93a8-b16ff7f8daad: start 81de4557-c158-4718-93a8-b16ff7f8daad@group-D5EC486ECE4F-FollowerState
2022-11-05 13:04:32,385 [pool-241-thread-1] INFO  util.JmxRegister (JmxRegister.java:tryRegister(44)) - Successfully registered JMX Bean with object name Ratis:service=RaftServer,group=group-D5EC486ECE4F,id=81de4557-c158-4718-93a8-b16ff7f8daad
2022-11-05 13:04:32,385 [pool-241-thread-1] INFO  server.RaftServerConfigKeys (ConfUtils.java:logGet(46)) - raft.server.snapshot.auto.trigger.enabled = true (custom)
2022-11-05 13:04:32,386 [pool-241-thread-1] INFO  server.RaftServerConfigKeys (ConfUtils.java:logGet(46)) - raft.server.snapshot.auto.trigger.threshold = 10000 (custom)
2022-11-05 13:04:32,386 [pool-241-thread-1] INFO  server.RaftServerConfigKeys (ConfUtils.java:logGet(46)) - raft.server.snapshot.retention.file.num = 5 (custom)
2022-11-05 13:04:32,386 [pool-241-thread-1] INFO  server.RaftServerConfigKeys (ConfUtils.java:logGet(46)) - raft.server.log.purge.upto.snapshot.index = false (default)
2022-11-05 13:04:32,386 [81de4557-c158-4718-93a8-b16ff7f8daad@group-D5EC486ECE4F-FollowerState] INFO  server.RaftServerConfigKeys (ConfUtils.java:logFallback(53)) - raft.server.rpc.first-election.timeout.min = 5s (fallback to raft.server.rpc.timeout.min)
2022-11-05 13:04:32,389 [81de4557-c158-4718-93a8-b16ff7f8daad@group-D5EC486ECE4F-FollowerState] INFO  server.RaftServerConfigKeys (ConfUtils.java:logFallback(53)) - raft.server.rpc.first-election.timeout.max = 5200ms (fallback to raft.server.rpc.timeout.max)
2022-11-05 13:04:32,397 [Command processor thread] INFO  commandhandler.CreatePipelineCommandHandler (CreatePipelineCommandHandler.java:handle(113)) - Created Pipeline RATIS THREE PipelineID=89293485-d1ad-4757-8f6b-d5ec486ece4f.
2022-11-05 13:04:32,398 [Command processor thread] INFO  server.RaftServer (RaftServerProxy.java:addNew(96)) - 3fdd4c6e-2961-42ba-90d3-b5f169a49f15: addNew group-EA947C079E8C:[81de4557-c158-4718-93a8-b16ff7f8daad|rpc:10.1.0.157:42037|priority:1|startupRole:FOLLOWER, 44bea1f4-43dd-4415-bb4e-4e9896dd68f6|rpc:10.1.0.157:34265|priority:0|startupRole:FOLLOWER, 3fdd4c6e-2961-42ba-90d3-b5f169a49f15|rpc:10.1.0.157:38617|priority:0|startupRole:FOLLOWER] returns group-EA947C079E8C:java.util.concurrent.CompletableFuture@38a5250[Not completed]
2022-11-05 13:04:32,399 [pool-214-thread-1] INFO  server.RaftServer$Division (RaftServerImpl.java:<init>(195)) - 3fdd4c6e-2961-42ba-90d3-b5f169a49f15: new RaftServerImpl for group-EA947C079E8C:[81de4557-c158-4718-93a8-b16ff7f8daad|rpc:10.1.0.157:42037|priority:1|startupRole:FOLLOWER, 44bea1f4-43dd-4415-bb4e-4e9896dd68f6|rpc:10.1.0.157:34265|priority:0|startupRole:FOLLOWER, 3fdd4c6e-2961-42ba-90d3-b5f169a49f15|rpc:10.1.0.157:38617|priority:0|startupRole:FOLLOWER] with ContainerStateMachine:uninitialized
2022-11-05 13:04:32,399 [pool-214-thread-1] INFO  server.RaftServerConfigKeys (ConfUtils.java:logGet(46)) - raft.server.rpc.timeout.min = 5s (custom)
2022-11-05 13:04:32,399 [pool-214-thread-1] INFO  server.RaftServerConfigKeys (ConfUtils.java:logGet(46)) - raft.server.rpc.timeout.max = 5200ms (custom)
2022-11-05 13:04:32,399 [pool-214-thread-1] INFO  server.RaftServerConfigKeys (ConfUtils.java:logGet(46)) - raft.server.rpc.sleep.time = 25ms (default)
2022-11-05 13:04:32,399 [pool-214-thread-1] INFO  server.RaftServerConfigKeys (ConfUtils.java:logGet(46)) - raft.server.rpc.slowness.timeout = 300s (custom)
2022-11-05 13:04:32,399 [pool-214-thread-1] INFO  server.RaftServerConfigKeys (ConfUtils.java:logGet(46)) - raft.server.leaderelection.leader.step-down.wait-time = 10s (default)
2022-11-05 13:04:32,399 [pool-214-thread-1] INFO  server.RaftServerConfigKeys (ConfUtils.java:logGet(46)) - raft.server.sleep.deviation.threshold = 300ms (default)
2022-11-05 13:04:32,399 [pool-214-thread-1] INFO  server.RaftServer$Division (ServerState.java:<init>(118)) - 3fdd4c6e-2961-42ba-90d3-b5f169a49f15@group-EA947C079E8C: ConfigurationManager, init=-1: peers:[81de4557-c158-4718-93a8-b16ff7f8daad|rpc:10.1.0.157:42037|priority:1|startupRole:FOLLOWER, 44bea1f4-43dd-4415-bb4e-4e9896dd68f6|rpc:10.1.0.157:34265|priority:0|startupRole:FOLLOWER, 3fdd4c6e-2961-42ba-90d3-b5f169a49f15|rpc:10.1.0.157:38617|priority:0|startupRole:FOLLOWER]|listeners:[], old=null, confs=<EMPTY_MAP>
2022-11-05 13:04:32,399 [pool-214-thread-1] INFO  server.RaftServerConfigKeys (ConfUtils.java:logGet(46)) - raft.server.storage.dir = [/home/runner/work/ozone/ozone/hadoop-ozone/integration-test/target/test-dir/MiniOzoneClusterImpl-9e91b504-fe86-427b-a8de-b3d8b21cdaaf/datanode-6/data/ratis] (custom)
2022-11-05 13:04:32,399 [pool-214-thread-1] INFO  server.RaftServerConfigKeys (ConfUtils.java:logGet(46)) - raft.server.log.corruption.policy = EXCEPTION (default)
2022-11-05 13:04:32,399 [pool-214-thread-1] INFO  server.RaftServerConfigKeys (ConfUtils.java:logGet(46)) - raft.server.storage.free-space.min = 0MB (=0) (default)
2022-11-05 13:04:32,399 [pool-214-thread-1] INFO  server.RaftServerConfigKeys (ConfUtils.java:logGet(46)) - raft.server.notification.no-leader.timeout = 300s (custom)
2022-11-05 13:04:32,399 [pool-214-thread-1] INFO  server.RaftServerConfigKeys (ConfUtils.java:logGet(46)) - raft.server.retrycache.expirytime = 600000ms (custom)
2022-11-05 13:04:32,399 [pool-214-thread-1] INFO  server.RaftServerConfigKeys (ConfUtils.java:logGet(46)) - raft.server.retrycache.statistics.expirytime = 100μs (default)
2022-11-05 13:04:32,400 [pool-214-thread-1] INFO  server.RaftServerConfigKeys (ConfUtils.java:logGet(46)) - raft.server.log.appender.install.snapshot.enabled = false (custom)
2022-11-05 13:04:32,400 [pool-214-thread-1] INFO  server.RaftServerConfigKeys (ConfUtils.java:logGet(46)) - raft.server.threadpool.server.cached = true (default)
2022-11-05 13:04:32,400 [pool-214-thread-1] INFO  server.RaftServerConfigKeys (ConfUtils.java:logGet(46)) - raft.server.threadpool.server.size = 0 (default)
2022-11-05 13:04:32,400 [pool-214-thread-1] INFO  server.RaftServerConfigKeys (ConfUtils.java:logGet(46)) - raft.server.threadpool.client.cached = true (default)
2022-11-05 13:04:32,400 [pool-214-thread-1] INFO  server.RaftServerConfigKeys (ConfUtils.java:logGet(46)) - raft.server.threadpool.client.size = 0 (default)
2022-11-05 13:04:32,401 [pool-214-thread-1] INFO  storage.RaftStorageDirectory (RaftStorageDirectoryImpl.java:analyzeStorage(137)) - The storage directory /home/runner/work/ozone/ozone/hadoop-ozone/integration-test/target/test-dir/MiniOzoneClusterImpl-9e91b504-fe86-427b-a8de-b3d8b21cdaaf/datanode-6/data/ratis/7aa1f2c1-0578-4b1f-af90-ea947c079e8c does not exist. Creating ...
2022-11-05 13:04:32,408 [pool-214-thread-1] INFO  storage.RaftStorageDirectory (RaftStorageDirectoryImpl.java:tryLock(231)) - Lock on /home/runner/work/ozone/ozone/hadoop-ozone/integration-test/target/test-dir/MiniOzoneClusterImpl-9e91b504-fe86-427b-a8de-b3d8b21cdaaf/datanode-6/data/ratis/7aa1f2c1-0578-4b1f-af90-ea947c079e8c/in_use.lock acquired by nodename 14719@fv-az83-841
2022-11-05 13:04:32,417 [pool-214-thread-1] INFO  storage.RaftStorage (RaftStorageImpl.java:format(96)) - Storage directory /home/runner/work/ozone/ozone/hadoop-ozone/integration-test/target/test-dir/MiniOzoneClusterImpl-9e91b504-fe86-427b-a8de-b3d8b21cdaaf/datanode-6/data/ratis/7aa1f2c1-0578-4b1f-af90-ea947c079e8c has been successfully formatted.
2022-11-05 13:04:32,418 [pool-214-thread-1] INFO  ratis.ContainerStateMachine (ContainerStateMachine.java:loadSnapshot(236)) - group-EA947C079E8C: The snapshot info is null. Setting the last applied indexto:(t:0, i:~)
2022-11-05 13:04:32,418 [pool-214-thread-1] INFO  server.RaftServerConfigKeys (ConfUtils.java:logGet(46)) - raft.server.log.use.memory = false (default)
2022-11-05 13:04:32,418 [pool-214-thread-1] INFO  server.RaftServerConfigKeys (ConfUtils.java:logGet(46)) - raft.server.log.purge.gap = 1000000 (custom)
2022-11-05 13:04:32,419 [pool-214-thread-1] INFO  server.RaftServerConfigKeys (ConfUtils.java:logGet(46)) - raft.server.log.appender.buffer.byte-limit = 33554432 (custom)
2022-11-05 13:04:32,419 [pool-214-thread-1] INFO  server.RaftServerConfigKeys (ConfUtils.java:logGet(46)) - raft.server.log.statemachine.data.read.timeout = 1000ms (default)
2022-11-05 13:04:32,419 [pool-214-thread-1] INFO  server.RaftServerConfigKeys (ConfUtils.java:logGet(46)) - raft.server.log.purge.preservation.log.num = 0 (default)
2022-11-05 13:04:32,419 [EventQueue-OpenPipelineForHealthyPipelineSafeModeRule] INFO  safemode.SCMSafeModeManager (HealthyPipelineSafeModeRule.java:process(137)) - SCM in safe mode. Healthy pipelines reported count is 0, required healthy pipeline reported count is 1
2022-11-05 13:04:32,419 [pool-214-thread-1] INFO  server.RaftServerConfigKeys (ConfUtils.java:logGet(46)) - raft.server.log.segment.size.max = 1048576 (custom)
2022-11-05 13:04:32,421 [pool-214-thread-1] INFO  server.RaftServerConfigKeys (ConfUtils.java:logGet(46)) - raft.server.log.segment.cache.num.max = 2 (custom)
2022-11-05 13:04:32,421 [pool-214-thread-1] INFO  server.RaftServerConfigKeys (ConfUtils.java:logGet(46)) - raft.server.log.segment.cache.size.max = 200MB (=209715200) (default)
2022-11-05 13:04:32,421 [pool-214-thread-1] INFO  segmented.SegmentedRaftLogWorker (SegmentedRaftLogWorker.java:<init>(191)) - new 3fdd4c6e-2961-42ba-90d3-b5f169a49f15@group-EA947C079E8C-SegmentedRaftLogWorker for RaftStorageImpl:Storage Directory /home/runner/work/ozone/ozone/hadoop-ozone/integration-test/target/test-dir/MiniOzoneClusterImpl-9e91b504-fe86-427b-a8de-b3d8b21cdaaf/datanode-6/data/ratis/7aa1f2c1-0578-4b1f-af90-ea947c079e8c
2022-11-05 13:04:32,421 [pool-214-thread-1] INFO  server.RaftServerConfigKeys (ConfUtils.java:logGet(46)) - raft.server.log.queue.byte-limit = 4294967296 (custom)
2022-11-05 13:04:32,421 [pool-214-thread-1] INFO  server.RaftServerConfigKeys (ConfUtils.java:logGet(46)) - raft.server.log.queue.element-limit = 1024 (custom)
2022-11-05 13:04:32,421 [pool-214-thread-1] INFO  server.RaftServerConfigKeys (ConfUtils.java:logGet(46)) - raft.server.log.segment.size.max = 1048576 (custom)
2022-11-05 13:04:32,421 [pool-214-thread-1] INFO  server.RaftServerConfigKeys (ConfUtils.java:logGet(46)) - raft.server.log.preallocated.size = 16384 (custom)
2022-11-05 13:04:32,421 [pool-214-thread-1] INFO  server.RaftServerConfigKeys (ConfUtils.java:logGet(46)) - raft.server.log.force.sync.num = 128 (default)
2022-11-05 13:04:32,421 [pool-214-thread-1] INFO  server.RaftServerConfigKeys (ConfUtils.java:logGet(46)) - raft.server.log.statemachine.data.sync = true (default)
2022-11-05 13:04:32,421 [pool-214-thread-1] INFO  server.RaftServerConfigKeys (ConfUtils.java:logGet(46)) - raft.server.log.statemachine.data.sync.timeout = 10s (default)
2022-11-05 13:04:32,421 [pool-214-thread-1] INFO  server.RaftServerConfigKeys (ConfUtils.java:logGet(46)) - raft.server.log.statemachine.data.sync.timeout.retry = -1 (default)
2022-11-05 13:04:32,422 [pool-214-thread-1] INFO  server.RaftServerConfigKeys (ConfUtils.java:logGet(46)) - raft.server.log.write.buffer.size = 1048576 (custom)
2022-11-05 13:04:32,422 [pool-214-thread-1] INFO  server.RaftServerConfigKeys (ConfUtils.java:logGet(46)) - raft.server.log.unsafe-flush.enabled = false (default)
2022-11-05 13:04:32,422 [pool-214-thread-1] INFO  server.RaftServerConfigKeys (ConfUtils.java:logGet(46)) - raft.server.log.async-flush.enabled = false (default)
2022-11-05 13:04:32,423 [pool-214-thread-1] INFO  server.RaftServerConfigKeys (ConfUtils.java:logGet(46)) - raft.server.log.statemachine.data.caching.enabled = true (custom)
2022-11-05 13:04:32,423 [pool-214-thread-1] INFO  segmented.SegmentedRaftLogWorker (SegmentedRaftLogWorker.java:lambda$new$0(136)) - 3fdd4c6e-2961-42ba-90d3-b5f169a49f15@group-EA947C079E8C-SegmentedRaftLogWorker: flushIndex: setUnconditionally 0 -> -1
2022-11-05 13:04:32,423 [pool-214-thread-1] INFO  segmented.SegmentedRaftLogWorker (SegmentedRaftLogWorker.java:lambda$new$0(136)) - 3fdd4c6e-2961-42ba-90d3-b5f169a49f15@group-EA947C079E8C-SegmentedRaftLogWorker: safeCacheEvictIndex: setUnconditionally 0 -> -1
2022-11-05 13:04:32,423 [pool-214-thread-1] INFO  server.RaftServer$Division (RaftServerImpl.java:start(334)) - 3fdd4c6e-2961-42ba-90d3-b5f169a49f15@group-EA947C079E8C: start as a follower, conf=-1: peers:[81de4557-c158-4718-93a8-b16ff7f8daad|rpc:10.1.0.157:42037|priority:1|startupRole:FOLLOWER, 44bea1f4-43dd-4415-bb4e-4e9896dd68f6|rpc:10.1.0.157:34265|priority:0|startupRole:FOLLOWER, 3fdd4c6e-2961-42ba-90d3-b5f169a49f15|rpc:10.1.0.157:38617|priority:0|startupRole:FOLLOWER]|listeners:[], old=null
2022-11-05 13:04:32,423 [pool-214-thread-1] INFO  server.RaftServer$Division (RaftServerImpl.java:setRole(321)) - 3fdd4c6e-2961-42ba-90d3-b5f169a49f15@group-EA947C079E8C: changes role from      null to FOLLOWER at term 0 for startAsFollower
2022-11-05 13:04:32,423 [pool-214-thread-1] INFO  impl.RoleInfo (RoleInfo.java:updateAndGet(139)) - 3fdd4c6e-2961-42ba-90d3-b5f169a49f15: start 3fdd4c6e-2961-42ba-90d3-b5f169a49f15@group-EA947C079E8C-FollowerState
2022-11-05 13:04:32,423 [pool-214-thread-1] INFO  util.JmxRegister (JmxRegister.java:tryRegister(44)) - Successfully registered JMX Bean with object name Ratis:service=RaftServer,group=group-EA947C079E8C,id=3fdd4c6e-2961-42ba-90d3-b5f169a49f15
2022-11-05 13:04:32,423 [pool-214-thread-1] INFO  server.RaftServerConfigKeys (ConfUtils.java:logGet(46)) - raft.server.snapshot.auto.trigger.enabled = true (custom)
2022-11-05 13:04:32,424 [pool-214-thread-1] INFO  server.RaftServerConfigKeys (ConfUtils.java:logGet(46)) - raft.server.snapshot.auto.trigger.threshold = 10000 (custom)
2022-11-05 13:04:32,424 [pool-214-thread-1] INFO  server.RaftServerConfigKeys (ConfUtils.java:logGet(46)) - raft.server.snapshot.retention.file.num = 5 (custom)
2022-11-05 13:04:32,424 [pool-214-thread-1] INFO  server.RaftServerConfigKeys (ConfUtils.java:logGet(46)) - raft.server.log.purge.upto.snapshot.index = false (default)
2022-11-05 13:04:32,424 [3fdd4c6e-2961-42ba-90d3-b5f169a49f15@group-EA947C079E8C-FollowerState] INFO  server.RaftServerConfigKeys (ConfUtils.java:logFallback(53)) - raft.server.rpc.first-election.timeout.min = 5s (fallback to raft.server.rpc.timeout.min)
2022-11-05 13:04:32,424 [3fdd4c6e-2961-42ba-90d3-b5f169a49f15@group-EA947C079E8C-FollowerState] INFO  server.RaftServerConfigKeys (ConfUtils.java:logFallback(53)) - raft.server.rpc.first-election.timeout.max = 5200ms (fallback to raft.server.rpc.timeout.max)
2022-11-05 13:04:32,426 [Command processor thread] INFO  ratis.XceiverServerRatis (XceiverServerRatis.java:addGroup(765)) - Created group PipelineID=7aa1f2c1-0578-4b1f-af90-ea947c079e8c
2022-11-05 13:04:32,435 [grpc-default-executor-0] INFO  server.RaftServer (RaftServerProxy.java:addNew(96)) - 81de4557-c158-4718-93a8-b16ff7f8daad: addNew group-EA947C079E8C:[81de4557-c158-4718-93a8-b16ff7f8daad|rpc:10.1.0.157:42037|dataStream:|priority:1|startupRole:FOLLOWER, 44bea1f4-43dd-4415-bb4e-4e9896dd68f6|rpc:10.1.0.157:34265|dataStream:|priority:0|startupRole:FOLLOWER, 3fdd4c6e-2961-42ba-90d3-b5f169a49f15|rpc:10.1.0.157:38617|dataStream:|priority:0|startupRole:FOLLOWER] returns group-EA947C079E8C:java.util.concurrent.CompletableFuture@2f49ad07[Not completed]
2022-11-05 13:04:32,436 [pool-241-thread-1] INFO  server.RaftServer$Division (RaftServerImpl.java:<init>(195)) - 81de4557-c158-4718-93a8-b16ff7f8daad: new RaftServerImpl for group-EA947C079E8C:[81de4557-c158-4718-93a8-b16ff7f8daad|rpc:10.1.0.157:42037|dataStream:|priority:1|startupRole:FOLLOWER, 44bea1f4-43dd-4415-bb4e-4e9896dd68f6|rpc:10.1.0.157:34265|dataStream:|priority:0|startupRole:FOLLOWER, 3fdd4c6e-2961-42ba-90d3-b5f169a49f15|rpc:10.1.0.157:38617|dataStream:|priority:0|startupRole:FOLLOWER] with ContainerStateMachine:uninitialized
2022-11-05 13:04:32,436 [pool-241-thread-1] INFO  server.RaftServerConfigKeys (ConfUtils.java:logGet(46)) - raft.server.rpc.timeout.min = 5s (custom)
2022-11-05 13:04:32,436 [pool-241-thread-1] INFO  server.RaftServerConfigKeys (ConfUtils.java:logGet(46)) - raft.server.rpc.timeout.max = 5200ms (custom)
2022-11-05 13:04:32,436 [pool-241-thread-1] INFO  server.RaftServerConfigKeys (ConfUtils.java:logGet(46)) - raft.server.rpc.sleep.time = 25ms (default)
2022-11-05 13:04:32,436 [pool-241-thread-1] INFO  server.RaftServerConfigKeys (ConfUtils.java:logGet(46)) - raft.server.rpc.slowness.timeout = 300s (custom)
2022-11-05 13:04:32,436 [pool-241-thread-1] INFO  server.RaftServerConfigKeys (ConfUtils.java:logGet(46)) - raft.server.leaderelection.leader.step-down.wait-time = 10s (default)
2022-11-05 13:04:32,436 [pool-241-thread-1] INFO  server.RaftServerConfigKeys (ConfUtils.java:logGet(46)) - raft.server.sleep.deviation.threshold = 300ms (default)
2022-11-05 13:04:32,436 [pool-241-thread-1] INFO  server.RaftServer$Division (ServerState.java:<init>(118)) - 81de4557-c158-4718-93a8-b16ff7f8daad@group-EA947C079E8C: ConfigurationManager, init=-1: peers:[81de4557-c158-4718-93a8-b16ff7f8daad|rpc:10.1.0.157:42037|dataStream:|priority:1|startupRole:FOLLOWER, 44bea1f4-43dd-4415-bb4e-4e9896dd68f6|rpc:10.1.0.157:34265|dataStream:|priority:0|startupRole:FOLLOWER, 3fdd4c6e-2961-42ba-90d3-b5f169a49f15|rpc:10.1.0.157:38617|dataStream:|priority:0|startupRole:FOLLOWER]|listeners:[], old=null, confs=<EMPTY_MAP>
2022-11-05 13:04:32,436 [pool-241-thread-1] INFO  server.RaftServerConfigKeys (ConfUtils.java:logGet(46)) - raft.server.storage.dir = [/home/runner/work/ozone/ozone/hadoop-ozone/integration-test/target/test-dir/MiniOzoneClusterImpl-9e91b504-fe86-427b-a8de-b3d8b21cdaaf/datanode-7/data/ratis] (custom)
2022-11-05 13:04:32,437 [pool-241-thread-1] INFO  server.RaftServerConfigKeys (ConfUtils.java:logGet(46)) - raft.server.log.corruption.policy = EXCEPTION (default)
2022-11-05 13:04:32,437 [pool-241-thread-1] INFO  server.RaftServerConfigKeys (ConfUtils.java:logGet(46)) - raft.server.storage.free-space.min = 0MB (=0) (default)
2022-11-05 13:04:32,437 [pool-241-thread-1] INFO  server.RaftServerConfigKeys (ConfUtils.java:logGet(46)) - raft.server.notification.no-leader.timeout = 300s (custom)
2022-11-05 13:04:32,437 [pool-241-thread-1] INFO  server.RaftServerConfigKeys (ConfUtils.java:logGet(46)) - raft.server.retrycache.expirytime = 600000ms (custom)
2022-11-05 13:04:32,437 [pool-241-thread-1] INFO  server.RaftServerConfigKeys (ConfUtils.java:logGet(46)) - raft.server.retrycache.statistics.expirytime = 100μs (default)
2022-11-05 13:04:32,438 [pool-241-thread-1] INFO  server.RaftServerConfigKeys (ConfUtils.java:logGet(46)) - raft.server.log.appender.install.snapshot.enabled = false (custom)
2022-11-05 13:04:32,438 [pool-241-thread-1] INFO  server.RaftServerConfigKeys (ConfUtils.java:logGet(46)) - raft.server.threadpool.server.cached = true (default)
2022-11-05 13:04:32,438 [pool-241-thread-1] INFO  server.RaftServerConfigKeys (ConfUtils.java:logGet(46)) - raft.server.threadpool.server.size = 0 (default)
2022-11-05 13:04:32,438 [pool-241-thread-1] INFO  server.RaftServerConfigKeys (ConfUtils.java:logGet(46)) - raft.server.threadpool.client.cached = true (default)
2022-11-05 13:04:32,438 [pool-241-thread-1] INFO  server.RaftServerConfigKeys (ConfUtils.java:logGet(46)) - raft.server.threadpool.client.size = 0 (default)
2022-11-05 13:04:32,438 [pool-241-thread-1] INFO  storage.RaftStorageDirectory (RaftStorageDirectoryImpl.java:analyzeStorage(137)) - The storage directory /home/runner/work/ozone/ozone/hadoop-ozone/integration-test/target/test-dir/MiniOzoneClusterImpl-9e91b504-fe86-427b-a8de-b3d8b21cdaaf/datanode-7/data/ratis/7aa1f2c1-0578-4b1f-af90-ea947c079e8c does not exist. Creating ...
2022-11-05 13:04:32,444 [pool-241-thread-1] INFO  storage.RaftStorageDirectory (RaftStorageDirectoryImpl.java:tryLock(231)) - Lock on /home/runner/work/ozone/ozone/hadoop-ozone/integration-test/target/test-dir/MiniOzoneClusterImpl-9e91b504-fe86-427b-a8de-b3d8b21cdaaf/datanode-7/data/ratis/7aa1f2c1-0578-4b1f-af90-ea947c079e8c/in_use.lock acquired by nodename 14719@fv-az83-841
2022-11-05 13:04:32,454 [pool-241-thread-1] INFO  storage.RaftStorage (RaftStorageImpl.java:format(96)) - Storage directory /home/runner/work/ozone/ozone/hadoop-ozone/integration-test/target/test-dir/MiniOzoneClusterImpl-9e91b504-fe86-427b-a8de-b3d8b21cdaaf/datanode-7/data/ratis/7aa1f2c1-0578-4b1f-af90-ea947c079e8c has been successfully formatted.
2022-11-05 13:04:32,454 [pool-241-thread-1] INFO  ratis.ContainerStateMachine (ContainerStateMachine.java:loadSnapshot(236)) - group-EA947C079E8C: The snapshot info is null. Setting the last applied indexto:(t:0, i:~)
2022-11-05 13:04:32,455 [pool-241-thread-1] INFO  server.RaftServerConfigKeys (ConfUtils.java:logGet(46)) - raft.server.log.use.memory = false (default)
2022-11-05 13:04:32,455 [pool-241-thread-1] INFO  server.RaftServerConfigKeys (ConfUtils.java:logGet(46)) - raft.server.log.purge.gap = 1000000 (custom)
2022-11-05 13:04:32,455 [pool-241-thread-1] INFO  server.RaftServerConfigKeys (ConfUtils.java:logGet(46)) - raft.server.log.appender.buffer.byte-limit = 33554432 (custom)
2022-11-05 13:04:32,455 [pool-241-thread-1] INFO  server.RaftServerConfigKeys (ConfUtils.java:logGet(46)) - raft.server.log.statemachine.data.read.timeout = 1000ms (default)
2022-11-05 13:04:32,455 [pool-241-thread-1] INFO  server.RaftServerConfigKeys (ConfUtils.java:logGet(46)) - raft.server.log.purge.preservation.log.num = 0 (default)
2022-11-05 13:04:32,455 [pool-241-thread-1] INFO  server.RaftServerConfigKeys (ConfUtils.java:logGet(46)) - raft.server.log.segment.size.max = 1048576 (custom)
2022-11-05 13:04:32,455 [pool-241-thread-1] INFO  server.RaftServerConfigKeys (ConfUtils.java:logGet(46)) - raft.server.log.segment.cache.num.max = 2 (custom)
2022-11-05 13:04:32,455 [pool-241-thread-1] INFO  server.RaftServerConfigKeys (ConfUtils.java:logGet(46)) - raft.server.log.segment.cache.size.max = 200MB (=209715200) (default)
2022-11-05 13:04:32,455 [pool-241-thread-1] INFO  segmented.SegmentedRaftLogWorker (SegmentedRaftLogWorker.java:<init>(191)) - new 81de4557-c158-4718-93a8-b16ff7f8daad@group-EA947C079E8C-SegmentedRaftLogWorker for RaftStorageImpl:Storage Directory /home/runner/work/ozone/ozone/hadoop-ozone/integration-test/target/test-dir/MiniOzoneClusterImpl-9e91b504-fe86-427b-a8de-b3d8b21cdaaf/datanode-7/data/ratis/7aa1f2c1-0578-4b1f-af90-ea947c079e8c
2022-11-05 13:04:32,455 [pool-241-thread-1] INFO  server.RaftServerConfigKeys (ConfUtils.java:logGet(46)) - raft.server.log.queue.byte-limit = 4294967296 (custom)
2022-11-05 13:04:32,455 [pool-241-thread-1] INFO  server.RaftServerConfigKeys (ConfUtils.java:logGet(46)) - raft.server.log.queue.element-limit = 1024 (custom)
2022-11-05 13:04:32,456 [pool-241-thread-1] INFO  server.RaftServerConfigKeys (ConfUtils.java:logGet(46)) - raft.server.log.segment.size.max = 1048576 (custom)
2022-11-05 13:04:32,456 [pool-241-thread-1] INFO  server.RaftServerConfigKeys (ConfUtils.java:logGet(46)) - raft.server.log.preallocated.size = 16384 (custom)
2022-11-05 13:04:32,456 [pool-241-thread-1] INFO  server.RaftServerConfigKeys (ConfUtils.java:logGet(46)) - raft.server.log.force.sync.num = 128 (default)
2022-11-05 13:04:32,456 [pool-241-thread-1] INFO  server.RaftServerConfigKeys (ConfUtils.java:logGet(46)) - raft.server.log.statemachine.data.sync = true (default)
2022-11-05 13:04:32,456 [pool-241-thread-1] INFO  server.RaftServerConfigKeys (ConfUtils.java:logGet(46)) - raft.server.log.statemachine.data.sync.timeout = 10s (default)
2022-11-05 13:04:32,456 [pool-241-thread-1] INFO  server.RaftServerConfigKeys (ConfUtils.java:logGet(46)) - raft.server.log.statemachine.data.sync.timeout.retry = -1 (default)
2022-11-05 13:04:32,456 [pool-241-thread-1] INFO  server.RaftServerConfigKeys (ConfUtils.java:logGet(46)) - raft.server.log.write.buffer.size = 1048576 (custom)
2022-11-05 13:04:32,457 [pool-241-thread-1] INFO  server.RaftServerConfigKeys (ConfUtils.java:logGet(46)) - raft.server.log.unsafe-flush.enabled = false (default)
2022-11-05 13:04:32,457 [pool-241-thread-1] INFO  server.RaftServerConfigKeys (ConfUtils.java:logGet(46)) - raft.server.log.async-flush.enabled = false (default)
2022-11-05 13:04:32,457 [pool-241-thread-1] INFO  server.RaftServerConfigKeys (ConfUtils.java:logGet(46)) - raft.server.log.statemachine.data.caching.enabled = true (custom)
2022-11-05 13:04:32,457 [pool-241-thread-1] INFO  segmented.SegmentedRaftLogWorker (SegmentedRaftLogWorker.java:lambda$new$0(136)) - 81de4557-c158-4718-93a8-b16ff7f8daad@group-EA947C079E8C-SegmentedRaftLogWorker: flushIndex: setUnconditionally 0 -> -1
2022-11-05 13:04:32,457 [pool-241-thread-1] INFO  segmented.SegmentedRaftLogWorker (SegmentedRaftLogWorker.java:lambda$new$0(136)) - 81de4557-c158-4718-93a8-b16ff7f8daad@group-EA947C079E8C-SegmentedRaftLogWorker: safeCacheEvictIndex: setUnconditionally 0 -> -1
2022-11-05 13:04:32,462 [pool-241-thread-1] INFO  server.RaftServer$Division (RaftServerImpl.java:start(334)) - 81de4557-c158-4718-93a8-b16ff7f8daad@group-EA947C079E8C: start as a follower, conf=-1: peers:[81de4557-c158-4718-93a8-b16ff7f8daad|rpc:10.1.0.157:42037|dataStream:|priority:1|startupRole:FOLLOWER, 44bea1f4-43dd-4415-bb4e-4e9896dd68f6|rpc:10.1.0.157:34265|dataStream:|priority:0|startupRole:FOLLOWER, 3fdd4c6e-2961-42ba-90d3-b5f169a49f15|rpc:10.1.0.157:38617|dataStream:|priority:0|startupRole:FOLLOWER]|listeners:[], old=null
2022-11-05 13:04:32,462 [pool-241-thread-1] INFO  server.RaftServer$Division (RaftServerImpl.java:setRole(321)) - 81de4557-c158-4718-93a8-b16ff7f8daad@group-EA947C079E8C: changes role from      null to FOLLOWER at term 0 for startAsFollower
2022-11-05 13:04:32,462 [pool-241-thread-1] INFO  impl.RoleInfo (RoleInfo.java:updateAndGet(139)) - 81de4557-c158-4718-93a8-b16ff7f8daad: start 81de4557-c158-4718-93a8-b16ff7f8daad@group-EA947C079E8C-FollowerState
2022-11-05 13:04:32,462 [pool-241-thread-1] INFO  util.JmxRegister (JmxRegister.java:tryRegister(44)) - Successfully registered JMX Bean with object name Ratis:service=RaftServer,group=group-EA947C079E8C,id=81de4557-c158-4718-93a8-b16ff7f8daad
2022-11-05 13:04:32,462 [pool-241-thread-1] INFO  server.RaftServerConfigKeys (ConfUtils.java:logGet(46)) - raft.server.snapshot.auto.trigger.enabled = true (custom)
2022-11-05 13:04:32,463 [pool-241-thread-1] INFO  server.RaftServerConfigKeys (ConfUtils.java:logGet(46)) - raft.server.snapshot.auto.trigger.threshold = 10000 (custom)
2022-11-05 13:04:32,463 [pool-241-thread-1] INFO  server.RaftServerConfigKeys (ConfUtils.java:logGet(46)) - raft.server.snapshot.retention.file.num = 5 (custom)
2022-11-05 13:04:32,463 [pool-241-thread-1] INFO  server.RaftServerConfigKeys (ConfUtils.java:logGet(46)) - raft.server.log.purge.upto.snapshot.index = false (default)
2022-11-05 13:04:32,463 [81de4557-c158-4718-93a8-b16ff7f8daad@group-EA947C079E8C-FollowerState] INFO  server.RaftServerConfigKeys (ConfUtils.java:logFallback(53)) - raft.server.rpc.first-election.timeout.min = 5s (fallback to raft.server.rpc.timeout.min)
2022-11-05 13:04:32,484 [81de4557-c158-4718-93a8-b16ff7f8daad@group-EA947C079E8C-FollowerState] INFO  server.RaftServerConfigKeys (ConfUtils.java:logFallback(53)) - raft.server.rpc.first-election.timeout.max = 5200ms (fallback to raft.server.rpc.timeout.max)
2022-11-05 13:04:32,505 [grpc-default-executor-0] INFO  server.RaftServer (RaftServerProxy.java:addNew(96)) - 44bea1f4-43dd-4415-bb4e-4e9896dd68f6: addNew group-EA947C079E8C:[81de4557-c158-4718-93a8-b16ff7f8daad|rpc:10.1.0.157:42037|dataStream:|priority:1|startupRole:FOLLOWER, 44bea1f4-43dd-4415-bb4e-4e9896dd68f6|rpc:10.1.0.157:34265|dataStream:|priority:0|startupRole:FOLLOWER, 3fdd4c6e-2961-42ba-90d3-b5f169a49f15|rpc:10.1.0.157:38617|dataStream:|priority:0|startupRole:FOLLOWER] returns group-EA947C079E8C:java.util.concurrent.CompletableFuture@3670bcac[Not completed]
2022-11-05 13:04:32,506 [pool-268-thread-1] INFO  server.RaftServer$Division (RaftServerImpl.java:<init>(195)) - 44bea1f4-43dd-4415-bb4e-4e9896dd68f6: new RaftServerImpl for group-EA947C079E8C:[81de4557-c158-4718-93a8-b16ff7f8daad|rpc:10.1.0.157:42037|dataStream:|priority:1|startupRole:FOLLOWER, 44bea1f4-43dd-4415-bb4e-4e9896dd68f6|rpc:10.1.0.157:34265|dataStream:|priority:0|startupRole:FOLLOWER, 3fdd4c6e-2961-42ba-90d3-b5f169a49f15|rpc:10.1.0.157:38617|dataStream:|priority:0|startupRole:FOLLOWER] with ContainerStateMachine:uninitialized
2022-11-05 13:04:32,506 [pool-268-thread-1] INFO  server.RaftServerConfigKeys (ConfUtils.java:logGet(46)) - raft.server.rpc.timeout.min = 5s (custom)
2022-11-05 13:04:32,506 [pool-268-thread-1] INFO  server.RaftServerConfigKeys (ConfUtils.java:logGet(46)) - raft.server.rpc.timeout.max = 5200ms (custom)
2022-11-05 13:04:32,506 [pool-268-thread-1] INFO  server.RaftServerConfigKeys (ConfUtils.java:logGet(46)) - raft.server.rpc.sleep.time = 25ms (default)
2022-11-05 13:04:32,507 [pool-268-thread-1] INFO  server.RaftServerConfigKeys (ConfUtils.java:logGet(46)) - raft.server.rpc.slowness.timeout = 300s (custom)
2022-11-05 13:04:32,507 [pool-268-thread-1] INFO  server.RaftServerConfigKeys (ConfUtils.java:logGet(46)) - raft.server.leaderelection.leader.step-down.wait-time = 10s (default)
2022-11-05 13:04:32,507 [pool-268-thread-1] INFO  server.RaftServerConfigKeys (ConfUtils.java:logGet(46)) - raft.server.sleep.deviation.threshold = 300ms (default)
2022-11-05 13:04:32,507 [pool-268-thread-1] INFO  server.RaftServer$Division (ServerState.java:<init>(118)) - 44bea1f4-43dd-4415-bb4e-4e9896dd68f6@group-EA947C079E8C: ConfigurationManager, init=-1: peers:[81de4557-c158-4718-93a8-b16ff7f8daad|rpc:10.1.0.157:42037|dataStream:|priority:1|startupRole:FOLLOWER, 44bea1f4-43dd-4415-bb4e-4e9896dd68f6|rpc:10.1.0.157:34265|dataStream:|priority:0|startupRole:FOLLOWER, 3fdd4c6e-2961-42ba-90d3-b5f169a49f15|rpc:10.1.0.157:38617|dataStream:|priority:0|startupRole:FOLLOWER]|listeners:[], old=null, confs=<EMPTY_MAP>
2022-11-05 13:04:32,507 [pool-268-thread-1] INFO  server.RaftServerConfigKeys (ConfUtils.java:logGet(46)) - raft.server.storage.dir = [/home/runner/work/ozone/ozone/hadoop-ozone/integration-test/target/test-dir/MiniOzoneClusterImpl-9e91b504-fe86-427b-a8de-b3d8b21cdaaf/datanode-8/data/ratis] (custom)
2022-11-05 13:04:32,507 [pool-268-thread-1] INFO  server.RaftServerConfigKeys (ConfUtils.java:logGet(46)) - raft.server.log.corruption.policy = EXCEPTION (default)
2022-11-05 13:04:32,507 [pool-268-thread-1] INFO  server.RaftServerConfigKeys (ConfUtils.java:logGet(46)) - raft.server.storage.free-space.min = 0MB (=0) (default)
2022-11-05 13:04:32,507 [pool-268-thread-1] INFO  server.RaftServerConfigKeys (ConfUtils.java:logGet(46)) - raft.server.notification.no-leader.timeout = 300s (custom)
2022-11-05 13:04:32,507 [pool-268-thread-1] INFO  server.RaftServerConfigKeys (ConfUtils.java:logGet(46)) - raft.server.retrycache.expirytime = 600000ms (custom)
2022-11-05 13:04:32,507 [pool-268-thread-1] INFO  server.RaftServerConfigKeys (ConfUtils.java:logGet(46)) - raft.server.retrycache.statistics.expirytime = 100μs (default)
2022-11-05 13:04:32,508 [pool-268-thread-1] INFO  server.RaftServerConfigKeys (ConfUtils.java:logGet(46)) - raft.server.log.appender.install.snapshot.enabled = false (custom)
2022-11-05 13:04:32,508 [pool-268-thread-1] INFO  server.RaftServerConfigKeys (ConfUtils.java:logGet(46)) - raft.server.threadpool.server.cached = true (default)
2022-11-05 13:04:32,508 [pool-268-thread-1] INFO  server.RaftServerConfigKeys (ConfUtils.java:logGet(46)) - raft.server.threadpool.server.size = 0 (default)
2022-11-05 13:04:32,508 [pool-268-thread-1] INFO  server.RaftServerConfigKeys (ConfUtils.java:logGet(46)) - raft.server.threadpool.client.cached = true (default)
2022-11-05 13:04:32,508 [pool-268-thread-1] INFO  server.RaftServerConfigKeys (ConfUtils.java:logGet(46)) - raft.server.threadpool.client.size = 0 (default)
2022-11-05 13:04:32,508 [pool-268-thread-1] INFO  storage.RaftStorageDirectory (RaftStorageDirectoryImpl.java:analyzeStorage(137)) - The storage directory /home/runner/work/ozone/ozone/hadoop-ozone/integration-test/target/test-dir/MiniOzoneClusterImpl-9e91b504-fe86-427b-a8de-b3d8b21cdaaf/datanode-8/data/ratis/7aa1f2c1-0578-4b1f-af90-ea947c079e8c does not exist. Creating ...
2022-11-05 13:04:32,514 [pool-268-thread-1] INFO  storage.RaftStorageDirectory (RaftStorageDirectoryImpl.java:tryLock(231)) - Lock on /home/runner/work/ozone/ozone/hadoop-ozone/integration-test/target/test-dir/MiniOzoneClusterImpl-9e91b504-fe86-427b-a8de-b3d8b21cdaaf/datanode-8/data/ratis/7aa1f2c1-0578-4b1f-af90-ea947c079e8c/in_use.lock acquired by nodename 14719@fv-az83-841
2022-11-05 13:04:32,522 [pool-268-thread-1] INFO  storage.RaftStorage (RaftStorageImpl.java:format(96)) - Storage directory /home/runner/work/ozone/ozone/hadoop-ozone/integration-test/target/test-dir/MiniOzoneClusterImpl-9e91b504-fe86-427b-a8de-b3d8b21cdaaf/datanode-8/data/ratis/7aa1f2c1-0578-4b1f-af90-ea947c079e8c has been successfully formatted.
2022-11-05 13:04:32,523 [pool-268-thread-1] INFO  ratis.ContainerStateMachine (ContainerStateMachine.java:loadSnapshot(236)) - group-EA947C079E8C: The snapshot info is null. Setting the last applied indexto:(t:0, i:~)
2022-11-05 13:04:32,523 [pool-268-thread-1] INFO  server.RaftServerConfigKeys (ConfUtils.java:logGet(46)) - raft.server.log.use.memory = false (default)
2022-11-05 13:04:32,523 [pool-268-thread-1] INFO  server.RaftServerConfigKeys (ConfUtils.java:logGet(46)) - raft.server.log.purge.gap = 1000000 (custom)
2022-11-05 13:04:32,523 [pool-268-thread-1] INFO  server.RaftServerConfigKeys (ConfUtils.java:logGet(46)) - raft.server.log.appender.buffer.byte-limit = 33554432 (custom)
2022-11-05 13:04:32,523 [pool-268-thread-1] INFO  server.RaftServerConfigKeys (ConfUtils.java:logGet(46)) - raft.server.log.statemachine.data.read.timeout = 1000ms (default)
2022-11-05 13:04:32,523 [pool-268-thread-1] INFO  server.RaftServerConfigKeys (ConfUtils.java:logGet(46)) - raft.server.log.purge.preservation.log.num = 0 (default)
2022-11-05 13:04:32,523 [pool-268-thread-1] INFO  server.RaftServerConfigKeys (ConfUtils.java:logGet(46)) - raft.server.log.segment.size.max = 1048576 (custom)
2022-11-05 13:04:32,524 [pool-268-thread-1] INFO  server.RaftServerConfigKeys (ConfUtils.java:logGet(46)) - raft.server.log.segment.cache.num.max = 2 (custom)
2022-11-05 13:04:32,524 [pool-268-thread-1] INFO  server.RaftServerConfigKeys (ConfUtils.java:logGet(46)) - raft.server.log.segment.cache.size.max = 200MB (=209715200) (default)
2022-11-05 13:04:32,524 [pool-268-thread-1] INFO  segmented.SegmentedRaftLogWorker (SegmentedRaftLogWorker.java:<init>(191)) - new 44bea1f4-43dd-4415-bb4e-4e9896dd68f6@group-EA947C079E8C-SegmentedRaftLogWorker for RaftStorageImpl:Storage Directory /home/runner/work/ozone/ozone/hadoop-ozone/integration-test/target/test-dir/MiniOzoneClusterImpl-9e91b504-fe86-427b-a8de-b3d8b21cdaaf/datanode-8/data/ratis/7aa1f2c1-0578-4b1f-af90-ea947c079e8c
2022-11-05 13:04:32,524 [pool-268-thread-1] INFO  server.RaftServerConfigKeys (ConfUtils.java:logGet(46)) - raft.server.log.queue.byte-limit = 4294967296 (custom)
2022-11-05 13:04:32,524 [pool-268-thread-1] INFO  server.RaftServerConfigKeys (ConfUtils.java:logGet(46)) - raft.server.log.queue.element-limit = 1024 (custom)
2022-11-05 13:04:32,524 [pool-268-thread-1] INFO  server.RaftServerConfigKeys (ConfUtils.java:logGet(46)) - raft.server.log.segment.size.max = 1048576 (custom)
2022-11-05 13:04:32,524 [pool-268-thread-1] INFO  server.RaftServerConfigKeys (ConfUtils.java:logGet(46)) - raft.server.log.preallocated.size = 16384 (custom)
2022-11-05 13:04:32,524 [pool-268-thread-1] INFO  server.RaftServerConfigKeys (ConfUtils.java:logGet(46)) - raft.server.log.force.sync.num = 128 (default)
2022-11-05 13:04:32,524 [pool-268-thread-1] INFO  server.RaftServerConfigKeys (ConfUtils.java:logGet(46)) - raft.server.log.statemachine.data.sync = true (default)
2022-11-05 13:04:32,524 [pool-268-thread-1] INFO  server.RaftServerConfigKeys (ConfUtils.java:logGet(46)) - raft.server.log.statemachine.data.sync.timeout = 10s (default)
2022-11-05 13:04:32,525 [pool-268-thread-1] INFO  server.RaftServerConfigKeys (ConfUtils.java:logGet(46)) - raft.server.log.statemachine.data.sync.timeout.retry = -1 (default)
2022-11-05 13:04:32,525 [pool-268-thread-1] INFO  server.RaftServerConfigKeys (ConfUtils.java:logGet(46)) - raft.server.log.write.buffer.size = 1048576 (custom)
2022-11-05 13:04:32,526 [pool-268-thread-1] INFO  server.RaftServerConfigKeys (ConfUtils.java:logGet(46)) - raft.server.log.unsafe-flush.enabled = false (default)
2022-11-05 13:04:32,526 [pool-268-thread-1] INFO  server.RaftServerConfigKeys (ConfUtils.java:logGet(46)) - raft.server.log.async-flush.enabled = false (default)
2022-11-05 13:04:32,526 [pool-268-thread-1] INFO  server.RaftServerConfigKeys (ConfUtils.java:logGet(46)) - raft.server.log.statemachine.data.caching.enabled = true (custom)
2022-11-05 13:04:32,526 [pool-268-thread-1] INFO  segmented.SegmentedRaftLogWorker (SegmentedRaftLogWorker.java:lambda$new$0(136)) - 44bea1f4-43dd-4415-bb4e-4e9896dd68f6@group-EA947C079E8C-SegmentedRaftLogWorker: flushIndex: setUnconditionally 0 -> -1
2022-11-05 13:04:32,526 [pool-268-thread-1] INFO  segmented.SegmentedRaftLogWorker (SegmentedRaftLogWorker.java:lambda$new$0(136)) - 44bea1f4-43dd-4415-bb4e-4e9896dd68f6@group-EA947C079E8C-SegmentedRaftLogWorker: safeCacheEvictIndex: setUnconditionally 0 -> -1
2022-11-05 13:04:32,527 [pool-268-thread-1] INFO  server.RaftServer$Division (RaftServerImpl.java:start(334)) - 44bea1f4-43dd-4415-bb4e-4e9896dd68f6@group-EA947C079E8C: start as a follower, conf=-1: peers:[81de4557-c158-4718-93a8-b16ff7f8daad|rpc:10.1.0.157:42037|dataStream:|priority:1|startupRole:FOLLOWER, 44bea1f4-43dd-4415-bb4e-4e9896dd68f6|rpc:10.1.0.157:34265|dataStream:|priority:0|startupRole:FOLLOWER, 3fdd4c6e-2961-42ba-90d3-b5f169a49f15|rpc:10.1.0.157:38617|dataStream:|priority:0|startupRole:FOLLOWER]|listeners:[], old=null
2022-11-05 13:04:32,527 [pool-268-thread-1] INFO  server.RaftServer$Division (RaftServerImpl.java:setRole(321)) - 44bea1f4-43dd-4415-bb4e-4e9896dd68f6@group-EA947C079E8C: changes role from      null to FOLLOWER at term 0 for startAsFollower
2022-11-05 13:04:32,527 [pool-268-thread-1] INFO  impl.RoleInfo (RoleInfo.java:updateAndGet(139)) - 44bea1f4-43dd-4415-bb4e-4e9896dd68f6: start 44bea1f4-43dd-4415-bb4e-4e9896dd68f6@group-EA947C079E8C-FollowerState
2022-11-05 13:04:32,527 [pool-268-thread-1] INFO  util.JmxRegister (JmxRegister.java:tryRegister(44)) - Successfully registered JMX Bean with object name Ratis:service=RaftServer,group=group-EA947C079E8C,id=44bea1f4-43dd-4415-bb4e-4e9896dd68f6
2022-11-05 13:04:32,527 [pool-268-thread-1] INFO  server.RaftServerConfigKeys (ConfUtils.java:logGet(46)) - raft.server.snapshot.auto.trigger.enabled = true (custom)
2022-11-05 13:04:32,527 [pool-268-thread-1] INFO  server.RaftServerConfigKeys (ConfUtils.java:logGet(46)) - raft.server.snapshot.auto.trigger.threshold = 10000 (custom)
2022-11-05 13:04:32,527 [pool-268-thread-1] INFO  server.RaftServerConfigKeys (ConfUtils.java:logGet(46)) - raft.server.snapshot.retention.file.num = 5 (custom)
2022-11-05 13:04:32,527 [pool-268-thread-1] INFO  server.RaftServerConfigKeys (ConfUtils.java:logGet(46)) - raft.server.log.purge.upto.snapshot.index = false (default)
2022-11-05 13:04:32,528 [44bea1f4-43dd-4415-bb4e-4e9896dd68f6@group-EA947C079E8C-FollowerState] INFO  server.RaftServerConfigKeys (ConfUtils.java:logFallback(53)) - raft.server.rpc.first-election.timeout.min = 5s (fallback to raft.server.rpc.timeout.min)
2022-11-05 13:04:32,531 [44bea1f4-43dd-4415-bb4e-4e9896dd68f6@group-EA947C079E8C-FollowerState] INFO  server.RaftServerConfigKeys (ConfUtils.java:logFallback(53)) - raft.server.rpc.first-election.timeout.max = 5200ms (fallback to raft.server.rpc.timeout.max)
2022-11-05 13:04:32,538 [Command processor thread] INFO  commandhandler.CreatePipelineCommandHandler (CreatePipelineCommandHandler.java:handle(113)) - Created Pipeline RATIS THREE PipelineID=7aa1f2c1-0578-4b1f-af90-ea947c079e8c.
2022-11-05 13:04:32,633 [Command processor thread] INFO  server.RaftServer (RaftServerProxy.java:addNew(96)) - 81de4557-c158-4718-93a8-b16ff7f8daad: addNew group-0E2E749C66FF:[81de4557-c158-4718-93a8-b16ff7f8daad|rpc:10.1.0.157:42037|priority:1|startupRole:FOLLOWER] returns group-0E2E749C66FF:java.util.concurrent.CompletableFuture@44ac6f15[Not completed]
2022-11-05 13:04:32,634 [pool-241-thread-1] INFO  server.RaftServer$Division (RaftServerImpl.java:<init>(195)) - 81de4557-c158-4718-93a8-b16ff7f8daad: new RaftServerImpl for group-0E2E749C66FF:[81de4557-c158-4718-93a8-b16ff7f8daad|rpc:10.1.0.157:42037|priority:1|startupRole:FOLLOWER] with ContainerStateMachine:uninitialized
2022-11-05 13:04:32,634 [pool-241-thread-1] INFO  server.RaftServerConfigKeys (ConfUtils.java:logGet(46)) - raft.server.rpc.timeout.min = 5s (custom)
2022-11-05 13:04:32,634 [pool-241-thread-1] INFO  server.RaftServerConfigKeys (ConfUtils.java:logGet(46)) - raft.server.rpc.timeout.max = 5200ms (custom)
2022-11-05 13:04:32,634 [pool-241-thread-1] INFO  server.RaftServerConfigKeys (ConfUtils.java:logGet(46)) - raft.server.rpc.sleep.time = 25ms (default)
2022-11-05 13:04:32,634 [pool-241-thread-1] INFO  server.RaftServerConfigKeys (ConfUtils.java:logGet(46)) - raft.server.rpc.slowness.timeout = 300s (custom)
2022-11-05 13:04:32,634 [pool-241-thread-1] INFO  server.RaftServerConfigKeys (ConfUtils.java:logGet(46)) - raft.server.leaderelection.leader.step-down.wait-time = 10s (default)
2022-11-05 13:04:32,634 [pool-241-thread-1] INFO  server.RaftServerConfigKeys (ConfUtils.java:logGet(46)) - raft.server.sleep.deviation.threshold = 300ms (default)
2022-11-05 13:04:32,634 [pool-241-thread-1] INFO  server.RaftServer$Division (ServerState.java:<init>(118)) - 81de4557-c158-4718-93a8-b16ff7f8daad@group-0E2E749C66FF: ConfigurationManager, init=-1: peers:[81de4557-c158-4718-93a8-b16ff7f8daad|rpc:10.1.0.157:42037|priority:1|startupRole:FOLLOWER]|listeners:[], old=null, confs=<EMPTY_MAP>
2022-11-05 13:04:32,635 [pool-241-thread-1] INFO  server.RaftServerConfigKeys (ConfUtils.java:logGet(46)) - raft.server.storage.dir = [/home/runner/work/ozone/ozone/hadoop-ozone/integration-test/target/test-dir/MiniOzoneClusterImpl-9e91b504-fe86-427b-a8de-b3d8b21cdaaf/datanode-7/data/ratis] (custom)
2022-11-05 13:04:32,635 [pool-241-thread-1] INFO  server.RaftServerConfigKeys (ConfUtils.java:logGet(46)) - raft.server.log.corruption.policy = EXCEPTION (default)
2022-11-05 13:04:32,635 [pool-241-thread-1] INFO  server.RaftServerConfigKeys (ConfUtils.java:logGet(46)) - raft.server.storage.free-space.min = 0MB (=0) (default)
2022-11-05 13:04:32,635 [pool-241-thread-1] INFO  server.RaftServerConfigKeys (ConfUtils.java:logGet(46)) - raft.server.notification.no-leader.timeout = 300s (custom)
2022-11-05 13:04:32,635 [pool-241-thread-1] INFO  server.RaftServerConfigKeys (ConfUtils.java:logGet(46)) - raft.server.retrycache.expirytime = 600000ms (custom)
2022-11-05 13:04:32,635 [pool-241-thread-1] INFO  server.RaftServerConfigKeys (ConfUtils.java:logGet(46)) - raft.server.retrycache.statistics.expirytime = 100μs (default)
2022-11-05 13:04:32,636 [pool-241-thread-1] INFO  server.RaftServerConfigKeys (ConfUtils.java:logGet(46)) - raft.server.log.appender.install.snapshot.enabled = false (custom)
2022-11-05 13:04:32,636 [pool-241-thread-1] INFO  server.RaftServerConfigKeys (ConfUtils.java:logGet(46)) - raft.server.threadpool.server.cached = true (default)
2022-11-05 13:04:32,636 [pool-241-thread-1] INFO  server.RaftServerConfigKeys (ConfUtils.java:logGet(46)) - raft.server.threadpool.server.size = 0 (default)
2022-11-05 13:04:32,636 [pool-241-thread-1] INFO  server.RaftServerConfigKeys (ConfUtils.java:logGet(46)) - raft.server.threadpool.client.cached = true (default)
2022-11-05 13:04:32,636 [pool-241-thread-1] INFO  server.RaftServerConfigKeys (ConfUtils.java:logGet(46)) - raft.server.threadpool.client.size = 0 (default)
2022-11-05 13:04:32,636 [pool-241-thread-1] INFO  storage.RaftStorageDirectory (RaftStorageDirectoryImpl.java:analyzeStorage(137)) - The storage directory /home/runner/work/ozone/ozone/hadoop-ozone/integration-test/target/test-dir/MiniOzoneClusterImpl-9e91b504-fe86-427b-a8de-b3d8b21cdaaf/datanode-7/data/ratis/cf3d396f-1234-4b07-aa13-0e2e749c66ff does not exist. Creating ...
2022-11-05 13:04:32,647 [pool-241-thread-1] INFO  storage.RaftStorageDirectory (RaftStorageDirectoryImpl.java:tryLock(231)) - Lock on /home/runner/work/ozone/ozone/hadoop-ozone/integration-test/target/test-dir/MiniOzoneClusterImpl-9e91b504-fe86-427b-a8de-b3d8b21cdaaf/datanode-7/data/ratis/cf3d396f-1234-4b07-aa13-0e2e749c66ff/in_use.lock acquired by nodename 14719@fv-az83-841
2022-11-05 13:04:32,653 [pool-241-thread-1] INFO  storage.RaftStorage (RaftStorageImpl.java:format(96)) - Storage directory /home/runner/work/ozone/ozone/hadoop-ozone/integration-test/target/test-dir/MiniOzoneClusterImpl-9e91b504-fe86-427b-a8de-b3d8b21cdaaf/datanode-7/data/ratis/cf3d396f-1234-4b07-aa13-0e2e749c66ff has been successfully formatted.
2022-11-05 13:04:32,654 [pool-241-thread-1] INFO  ratis.ContainerStateMachine (ContainerStateMachine.java:loadSnapshot(236)) - group-0E2E749C66FF: The snapshot info is null. Setting the last applied indexto:(t:0, i:~)
2022-11-05 13:04:32,654 [pool-241-thread-1] INFO  server.RaftServerConfigKeys (ConfUtils.java:logGet(46)) - raft.server.log.use.memory = false (default)
2022-11-05 13:04:32,654 [pool-241-thread-1] INFO  server.RaftServerConfigKeys (ConfUtils.java:logGet(46)) - raft.server.log.purge.gap = 1000000 (custom)
2022-11-05 13:04:32,654 [pool-241-thread-1] INFO  server.RaftServerConfigKeys (ConfUtils.java:logGet(46)) - raft.server.log.appender.buffer.byte-limit = 33554432 (custom)
2022-11-05 13:04:32,654 [pool-241-thread-1] INFO  server.RaftServerConfigKeys (ConfUtils.java:logGet(46)) - raft.server.log.statemachine.data.read.timeout = 1000ms (default)
2022-11-05 13:04:32,654 [pool-241-thread-1] INFO  server.RaftServerConfigKeys (ConfUtils.java:logGet(46)) - raft.server.log.purge.preservation.log.num = 0 (default)
2022-11-05 13:04:32,654 [pool-241-thread-1] INFO  server.RaftServerConfigKeys (ConfUtils.java:logGet(46)) - raft.server.log.segment.size.max = 1048576 (custom)
2022-11-05 13:04:32,655 [pool-241-thread-1] INFO  server.RaftServerConfigKeys (ConfUtils.java:logGet(46)) - raft.server.log.segment.cache.num.max = 2 (custom)
2022-11-05 13:04:32,655 [pool-241-thread-1] INFO  server.RaftServerConfigKeys (ConfUtils.java:logGet(46)) - raft.server.log.segment.cache.size.max = 200MB (=209715200) (default)
2022-11-05 13:04:32,655 [pool-241-thread-1] INFO  segmented.SegmentedRaftLogWorker (SegmentedRaftLogWorker.java:<init>(191)) - new 81de4557-c158-4718-93a8-b16ff7f8daad@group-0E2E749C66FF-SegmentedRaftLogWorker for RaftStorageImpl:Storage Directory /home/runner/work/ozone/ozone/hadoop-ozone/integration-test/target/test-dir/MiniOzoneClusterImpl-9e91b504-fe86-427b-a8de-b3d8b21cdaaf/datanode-7/data/ratis/cf3d396f-1234-4b07-aa13-0e2e749c66ff
2022-11-05 13:04:32,655 [pool-241-thread-1] INFO  server.RaftServerConfigKeys (ConfUtils.java:logGet(46)) - raft.server.log.queue.byte-limit = 4294967296 (custom)
2022-11-05 13:04:32,655 [pool-241-thread-1] INFO  server.RaftServerConfigKeys (ConfUtils.java:logGet(46)) - raft.server.log.queue.element-limit = 1024 (custom)
2022-11-05 13:04:32,655 [pool-241-thread-1] INFO  server.RaftServerConfigKeys (ConfUtils.java:logGet(46)) - raft.server.log.segment.size.max = 1048576 (custom)
2022-11-05 13:04:32,655 [pool-241-thread-1] INFO  server.RaftServerConfigKeys (ConfUtils.java:logGet(46)) - raft.server.log.preallocated.size = 16384 (custom)
2022-11-05 13:04:32,655 [pool-241-thread-1] INFO  server.RaftServerConfigKeys (ConfUtils.java:logGet(46)) - raft.server.log.force.sync.num = 128 (default)
2022-11-05 13:04:32,655 [EventQueue-PipelineReportForPipelineReportHandler] INFO  pipeline.PipelineManagerImpl (PipelineManagerImpl.java:openPipeline(367)) - Pipeline Pipeline[ Id: cf3d396f-1234-4b07-aa13-0e2e749c66ff, Nodes: 81de4557-c158-4718-93a8-b16ff7f8daad{ip: 10.1.0.157, host: fv-az83-841.uavyq1izdhte5b0ne1us2eqzhb.jx.internal.cloudapp.net, ports: [REPLICATION=38531, RATIS=42037, RATIS_ADMIN=42037, RATIS_SERVER=42037, STANDALONE=40833], networkLocation: /default-rack, certSerialId: null, persistedOpState: IN_SERVICE, persistedOpStateExpiryEpochSec: 0}, ReplicationConfig: RATIS/ONE, State:ALLOCATED, leaderId:81de4557-c158-4718-93a8-b16ff7f8daad, CreationTimestamp2022-11-05T13:04:29.639Z[Etc/UTC]] moved to OPEN state
2022-11-05 13:04:32,656 [EventQueue-OpenPipelineForHealthyPipelineSafeModeRule] INFO  safemode.SCMSafeModeManager (HealthyPipelineSafeModeRule.java:process(137)) - SCM in safe mode. Healthy pipelines reported count is 0, required healthy pipeline reported count is 1
2022-11-05 13:04:32,656 [pool-241-thread-1] INFO  server.RaftServerConfigKeys (ConfUtils.java:logGet(46)) - raft.server.log.statemachine.data.sync = true (default)
2022-11-05 13:04:32,656 [pool-241-thread-1] INFO  server.RaftServerConfigKeys (ConfUtils.java:logGet(46)) - raft.server.log.statemachine.data.sync.timeout = 10s (default)
2022-11-05 13:04:32,656 [pool-241-thread-1] INFO  server.RaftServerConfigKeys (ConfUtils.java:logGet(46)) - raft.server.log.statemachine.data.sync.timeout.retry = -1 (default)
2022-11-05 13:04:32,657 [pool-241-thread-1] INFO  server.RaftServerConfigKeys (ConfUtils.java:logGet(46)) - raft.server.log.write.buffer.size = 1048576 (custom)
2022-11-05 13:04:32,657 [pool-241-thread-1] INFO  server.RaftServerConfigKeys (ConfUtils.java:logGet(46)) - raft.server.log.unsafe-flush.enabled = false (default)
2022-11-05 13:04:32,657 [pool-241-thread-1] INFO  server.RaftServerConfigKeys (ConfUtils.java:logGet(46)) - raft.server.log.async-flush.enabled = false (default)
2022-11-05 13:04:32,657 [pool-241-thread-1] INFO  server.RaftServerConfigKeys (ConfUtils.java:logGet(46)) - raft.server.log.statemachine.data.caching.enabled = true (custom)
2022-11-05 13:04:32,657 [pool-241-thread-1] INFO  segmented.SegmentedRaftLogWorker (SegmentedRaftLogWorker.java:lambda$new$0(136)) - 81de4557-c158-4718-93a8-b16ff7f8daad@group-0E2E749C66FF-SegmentedRaftLogWorker: flushIndex: setUnconditionally 0 -> -1
2022-11-05 13:04:32,657 [pool-241-thread-1] INFO  segmented.SegmentedRaftLogWorker (SegmentedRaftLogWorker.java:lambda$new$0(136)) - 81de4557-c158-4718-93a8-b16ff7f8daad@group-0E2E749C66FF-SegmentedRaftLogWorker: safeCacheEvictIndex: setUnconditionally 0 -> -1
2022-11-05 13:04:32,658 [pool-241-thread-1] INFO  server.RaftServer$Division (RaftServerImpl.java:start(334)) - 81de4557-c158-4718-93a8-b16ff7f8daad@group-0E2E749C66FF: start as a follower, conf=-1: peers:[81de4557-c158-4718-93a8-b16ff7f8daad|rpc:10.1.0.157:42037|priority:1|startupRole:FOLLOWER]|listeners:[], old=null
2022-11-05 13:04:32,658 [pool-241-thread-1] INFO  server.RaftServer$Division (RaftServerImpl.java:setRole(321)) - 81de4557-c158-4718-93a8-b16ff7f8daad@group-0E2E749C66FF: changes role from      null to FOLLOWER at term 0 for startAsFollower
2022-11-05 13:04:32,658 [pool-241-thread-1] INFO  impl.RoleInfo (RoleInfo.java:updateAndGet(139)) - 81de4557-c158-4718-93a8-b16ff7f8daad: start 81de4557-c158-4718-93a8-b16ff7f8daad@group-0E2E749C66FF-FollowerState
2022-11-05 13:04:32,658 [pool-241-thread-1] INFO  util.JmxRegister (JmxRegister.java:tryRegister(44)) - Successfully registered JMX Bean with object name Ratis:service=RaftServer,group=group-0E2E749C66FF,id=81de4557-c158-4718-93a8-b16ff7f8daad
2022-11-05 13:04:32,658 [81de4557-c158-4718-93a8-b16ff7f8daad@group-0E2E749C66FF-FollowerState] INFO  server.RaftServerConfigKeys (ConfUtils.java:logFallback(53)) - raft.server.rpc.first-election.timeout.min = 5s (fallback to raft.server.rpc.timeout.min)
2022-11-05 13:04:32,658 [pool-241-thread-1] INFO  server.RaftServerConfigKeys (ConfUtils.java:logGet(46)) - raft.server.snapshot.auto.trigger.enabled = true (custom)
2022-11-05 13:04:32,658 [81de4557-c158-4718-93a8-b16ff7f8daad@group-0E2E749C66FF-FollowerState] INFO  server.RaftServerConfigKeys (ConfUtils.java:logFallback(53)) - raft.server.rpc.first-election.timeout.max = 5200ms (fallback to raft.server.rpc.timeout.max)
2022-11-05 13:04:32,658 [pool-241-thread-1] INFO  server.RaftServerConfigKeys (ConfUtils.java:logGet(46)) - raft.server.snapshot.auto.trigger.threshold = 10000 (custom)
2022-11-05 13:04:32,658 [pool-241-thread-1] INFO  server.RaftServerConfigKeys (ConfUtils.java:logGet(46)) - raft.server.snapshot.retention.file.num = 5 (custom)
2022-11-05 13:04:32,658 [pool-241-thread-1] INFO  server.RaftServerConfigKeys (ConfUtils.java:logGet(46)) - raft.server.log.purge.upto.snapshot.index = false (default)
2022-11-05 13:04:32,660 [Command processor thread] INFO  ratis.XceiverServerRatis (XceiverServerRatis.java:addGroup(765)) - Created group PipelineID=cf3d396f-1234-4b07-aa13-0e2e749c66ff
2022-11-05 13:04:32,661 [Command processor thread] INFO  commandhandler.CreatePipelineCommandHandler (CreatePipelineCommandHandler.java:handle(113)) - Created Pipeline RATIS ONE PipelineID=cf3d396f-1234-4b07-aa13-0e2e749c66ff.
2022-11-05 13:04:32,724 [Listener at 127.0.0.1/34735] INFO  ozone.MiniOzoneClusterImpl (MiniOzoneClusterImpl.java:lambda$waitForClusterToBeReady$0(216)) - Nodes are ready. Got 10 of 10 DN Heartbeats.
2022-11-05 13:04:32,725 [Listener at 127.0.0.1/34735] INFO  ozone.MiniOzoneClusterImpl (MiniOzoneClusterImpl.java:lambda$waitForClusterToBeReady$0(219)) - Waiting for cluster to exit safe mode
2022-11-05 13:04:32,725 [Listener at 127.0.0.1/34735] INFO  ozone.MiniOzoneClusterImpl (MiniOzoneClusterImpl.java:lambda$waitForClusterToBeReady$0(221)) - SCM became leader
2022-11-05 13:04:33,156 [Command processor thread] INFO  server.RaftServer (RaftServerProxy.java:addNew(96)) - 44bea1f4-43dd-4415-bb4e-4e9896dd68f6: addNew group-23E40B4D0DDA:[44bea1f4-43dd-4415-bb4e-4e9896dd68f6|rpc:10.1.0.157:34265|priority:1|startupRole:FOLLOWER] returns group-23E40B4D0DDA:java.util.concurrent.CompletableFuture@1efbd318[Not completed]
2022-11-05 13:04:33,158 [pool-268-thread-1] INFO  server.RaftServer$Division (RaftServerImpl.java:<init>(195)) - 44bea1f4-43dd-4415-bb4e-4e9896dd68f6: new RaftServerImpl for group-23E40B4D0DDA:[44bea1f4-43dd-4415-bb4e-4e9896dd68f6|rpc:10.1.0.157:34265|priority:1|startupRole:FOLLOWER] with ContainerStateMachine:uninitialized
2022-11-05 13:04:33,158 [pool-268-thread-1] INFO  server.RaftServerConfigKeys (ConfUtils.java:logGet(46)) - raft.server.rpc.timeout.min = 5s (custom)
2022-11-05 13:04:33,158 [pool-268-thread-1] INFO  server.RaftServerConfigKeys (ConfUtils.java:logGet(46)) - raft.server.rpc.timeout.max = 5200ms (custom)
2022-11-05 13:04:33,158 [pool-268-thread-1] INFO  server.RaftServerConfigKeys (ConfUtils.java:logGet(46)) - raft.server.rpc.sleep.time = 25ms (default)
2022-11-05 13:04:33,158 [pool-268-thread-1] INFO  server.RaftServerConfigKeys (ConfUtils.java:logGet(46)) - raft.server.rpc.slowness.timeout = 300s (custom)
2022-11-05 13:04:33,158 [pool-268-thread-1] INFO  server.RaftServerConfigKeys (ConfUtils.java:logGet(46)) - raft.server.leaderelection.leader.step-down.wait-time = 10s (default)
2022-11-05 13:04:33,158 [pool-268-thread-1] INFO  server.RaftServerConfigKeys (ConfUtils.java:logGet(46)) - raft.server.sleep.deviation.threshold = 300ms (default)
2022-11-05 13:04:33,158 [pool-268-thread-1] INFO  server.RaftServer$Division (ServerState.java:<init>(118)) - 44bea1f4-43dd-4415-bb4e-4e9896dd68f6@group-23E40B4D0DDA: ConfigurationManager, init=-1: peers:[44bea1f4-43dd-4415-bb4e-4e9896dd68f6|rpc:10.1.0.157:34265|priority:1|startupRole:FOLLOWER]|listeners:[], old=null, confs=<EMPTY_MAP>
2022-11-05 13:04:33,158 [pool-268-thread-1] INFO  server.RaftServerConfigKeys (ConfUtils.java:logGet(46)) - raft.server.storage.dir = [/home/runner/work/ozone/ozone/hadoop-ozone/integration-test/target/test-dir/MiniOzoneClusterImpl-9e91b504-fe86-427b-a8de-b3d8b21cdaaf/datanode-8/data/ratis] (custom)
2022-11-05 13:04:33,158 [pool-268-thread-1] INFO  server.RaftServerConfigKeys (ConfUtils.java:logGet(46)) - raft.server.log.corruption.policy = EXCEPTION (default)
2022-11-05 13:04:33,158 [pool-268-thread-1] INFO  server.RaftServerConfigKeys (ConfUtils.java:logGet(46)) - raft.server.storage.free-space.min = 0MB (=0) (default)
2022-11-05 13:04:33,159 [pool-268-thread-1] INFO  server.RaftServerConfigKeys (ConfUtils.java:logGet(46)) - raft.server.notification.no-leader.timeout = 300s (custom)
2022-11-05 13:04:33,159 [pool-268-thread-1] INFO  server.RaftServerConfigKeys (ConfUtils.java:logGet(46)) - raft.server.retrycache.expirytime = 600000ms (custom)
2022-11-05 13:04:33,159 [pool-268-thread-1] INFO  server.RaftServerConfigKeys (ConfUtils.java:logGet(46)) - raft.server.retrycache.statistics.expirytime = 100μs (default)
2022-11-05 13:04:33,160 [pool-268-thread-1] INFO  server.RaftServerConfigKeys (ConfUtils.java:logGet(46)) - raft.server.log.appender.install.snapshot.enabled = false (custom)
2022-11-05 13:04:33,160 [pool-268-thread-1] INFO  server.RaftServerConfigKeys (ConfUtils.java:logGet(46)) - raft.server.threadpool.server.cached = true (default)
2022-11-05 13:04:33,160 [pool-268-thread-1] INFO  server.RaftServerConfigKeys (ConfUtils.java:logGet(46)) - raft.server.threadpool.server.size = 0 (default)
2022-11-05 13:04:33,160 [pool-268-thread-1] INFO  server.RaftServerConfigKeys (ConfUtils.java:logGet(46)) - raft.server.threadpool.client.cached = true (default)
2022-11-05 13:04:33,160 [pool-268-thread-1] INFO  server.RaftServerConfigKeys (ConfUtils.java:logGet(46)) - raft.server.threadpool.client.size = 0 (default)
2022-11-05 13:04:33,160 [pool-268-thread-1] INFO  storage.RaftStorageDirectory (RaftStorageDirectoryImpl.java:analyzeStorage(137)) - The storage directory /home/runner/work/ozone/ozone/hadoop-ozone/integration-test/target/test-dir/MiniOzoneClusterImpl-9e91b504-fe86-427b-a8de-b3d8b21cdaaf/datanode-8/data/ratis/c14d2234-3ebf-46b0-bd24-23e40b4d0dda does not exist. Creating ...
2022-11-05 13:04:33,172 [pool-268-thread-1] INFO  storage.RaftStorageDirectory (RaftStorageDirectoryImpl.java:tryLock(231)) - Lock on /home/runner/work/ozone/ozone/hadoop-ozone/integration-test/target/test-dir/MiniOzoneClusterImpl-9e91b504-fe86-427b-a8de-b3d8b21cdaaf/datanode-8/data/ratis/c14d2234-3ebf-46b0-bd24-23e40b4d0dda/in_use.lock acquired by nodename 14719@fv-az83-841
2022-11-05 13:04:33,182 [pool-268-thread-1] INFO  storage.RaftStorage (RaftStorageImpl.java:format(96)) - Storage directory /home/runner/work/ozone/ozone/hadoop-ozone/integration-test/target/test-dir/MiniOzoneClusterImpl-9e91b504-fe86-427b-a8de-b3d8b21cdaaf/datanode-8/data/ratis/c14d2234-3ebf-46b0-bd24-23e40b4d0dda has been successfully formatted.
2022-11-05 13:04:33,183 [pool-268-thread-1] INFO  ratis.ContainerStateMachine (ContainerStateMachine.java:loadSnapshot(236)) - group-23E40B4D0DDA: The snapshot info is null. Setting the last applied indexto:(t:0, i:~)
2022-11-05 13:04:33,183 [pool-268-thread-1] INFO  server.RaftServerConfigKeys (ConfUtils.java:logGet(46)) - raft.server.log.use.memory = false (default)
2022-11-05 13:04:33,183 [pool-268-thread-1] INFO  server.RaftServerConfigKeys (ConfUtils.java:logGet(46)) - raft.server.log.purge.gap = 1000000 (custom)
2022-11-05 13:04:33,183 [pool-268-thread-1] INFO  server.RaftServerConfigKeys (ConfUtils.java:logGet(46)) - raft.server.log.appender.buffer.byte-limit = 33554432 (custom)
2022-11-05 13:04:33,183 [pool-268-thread-1] INFO  server.RaftServerConfigKeys (ConfUtils.java:logGet(46)) - raft.server.log.statemachine.data.read.timeout = 1000ms (default)
2022-11-05 13:04:33,183 [pool-268-thread-1] INFO  server.RaftServerConfigKeys (ConfUtils.java:logGet(46)) - raft.server.log.purge.preservation.log.num = 0 (default)
2022-11-05 13:04:33,183 [pool-268-thread-1] INFO  server.RaftServerConfigKeys (ConfUtils.java:logGet(46)) - raft.server.log.segment.size.max = 1048576 (custom)
2022-11-05 13:04:33,184 [EventQueue-PipelineReportForPipelineReportHandler] INFO  pipeline.PipelineManagerImpl (PipelineManagerImpl.java:openPipeline(367)) - Pipeline Pipeline[ Id: c14d2234-3ebf-46b0-bd24-23e40b4d0dda, Nodes: 44bea1f4-43dd-4415-bb4e-4e9896dd68f6{ip: 10.1.0.157, host: fv-az83-841.uavyq1izdhte5b0ne1us2eqzhb.jx.internal.cloudapp.net, ports: [REPLICATION=38339, RATIS=34265, RATIS_ADMIN=34265, RATIS_SERVER=34265, STANDALONE=43671], networkLocation: /default-rack, certSerialId: null, persistedOpState: IN_SERVICE, persistedOpStateExpiryEpochSec: 0}, ReplicationConfig: RATIS/ONE, State:ALLOCATED, leaderId:44bea1f4-43dd-4415-bb4e-4e9896dd68f6, CreationTimestamp2022-11-05T13:04:30.175Z[Etc/UTC]] moved to OPEN state
2022-11-05 13:04:33,185 [EventQueue-OpenPipelineForHealthyPipelineSafeModeRule] INFO  safemode.SCMSafeModeManager (HealthyPipelineSafeModeRule.java:process(137)) - SCM in safe mode. Healthy pipelines reported count is 0, required healthy pipeline reported count is 1
2022-11-05 13:04:33,185 [pool-268-thread-1] INFO  server.RaftServerConfigKeys (ConfUtils.java:logGet(46)) - raft.server.log.segment.cache.num.max = 2 (custom)
2022-11-05 13:04:33,185 [pool-268-thread-1] INFO  server.RaftServerConfigKeys (ConfUtils.java:logGet(46)) - raft.server.log.segment.cache.size.max = 200MB (=209715200) (default)
2022-11-05 13:04:33,186 [pool-268-thread-1] INFO  segmented.SegmentedRaftLogWorker (SegmentedRaftLogWorker.java:<init>(191)) - new 44bea1f4-43dd-4415-bb4e-4e9896dd68f6@group-23E40B4D0DDA-SegmentedRaftLogWorker for RaftStorageImpl:Storage Directory /home/runner/work/ozone/ozone/hadoop-ozone/integration-test/target/test-dir/MiniOzoneClusterImpl-9e91b504-fe86-427b-a8de-b3d8b21cdaaf/datanode-8/data/ratis/c14d2234-3ebf-46b0-bd24-23e40b4d0dda
2022-11-05 13:04:33,186 [pool-268-thread-1] INFO  server.RaftServerConfigKeys (ConfUtils.java:logGet(46)) - raft.server.log.queue.byte-limit = 4294967296 (custom)
2022-11-05 13:04:33,186 [pool-268-thread-1] INFO  server.RaftServerConfigKeys (ConfUtils.java:logGet(46)) - raft.server.log.queue.element-limit = 1024 (custom)
2022-11-05 13:04:33,186 [pool-268-thread-1] INFO  server.RaftServerConfigKeys (ConfUtils.java:logGet(46)) - raft.server.log.segment.size.max = 1048576 (custom)
2022-11-05 13:04:33,186 [pool-268-thread-1] INFO  server.RaftServerConfigKeys (ConfUtils.java:logGet(46)) - raft.server.log.preallocated.size = 16384 (custom)
2022-11-05 13:04:33,186 [pool-268-thread-1] INFO  server.RaftServerConfigKeys (ConfUtils.java:logGet(46)) - raft.server.log.force.sync.num = 128 (default)
2022-11-05 13:04:33,186 [pool-268-thread-1] INFO  server.RaftServerConfigKeys (ConfUtils.java:logGet(46)) - raft.server.log.statemachine.data.sync = true (default)
2022-11-05 13:04:33,186 [pool-268-thread-1] INFO  server.RaftServerConfigKeys (ConfUtils.java:logGet(46)) - raft.server.log.statemachine.data.sync.timeout = 10s (default)
2022-11-05 13:04:33,186 [pool-268-thread-1] INFO  server.RaftServerConfigKeys (ConfUtils.java:logGet(46)) - raft.server.log.statemachine.data.sync.timeout.retry = -1 (default)
2022-11-05 13:04:33,191 [pool-268-thread-1] INFO  server.RaftServerConfigKeys (ConfUtils.java:logGet(46)) - raft.server.log.write.buffer.size = 1048576 (custom)
2022-11-05 13:04:33,191 [pool-268-thread-1] INFO  server.RaftServerConfigKeys (ConfUtils.java:logGet(46)) - raft.server.log.unsafe-flush.enabled = false (default)
2022-11-05 13:04:33,191 [pool-268-thread-1] INFO  server.RaftServerConfigKeys (ConfUtils.java:logGet(46)) - raft.server.log.async-flush.enabled = false (default)
2022-11-05 13:04:33,191 [pool-268-thread-1] INFO  server.RaftServerConfigKeys (ConfUtils.java:logGet(46)) - raft.server.log.statemachine.data.caching.enabled = true (custom)
2022-11-05 13:04:33,192 [pool-268-thread-1] INFO  segmented.SegmentedRaftLogWorker (SegmentedRaftLogWorker.java:lambda$new$0(136)) - 44bea1f4-43dd-4415-bb4e-4e9896dd68f6@group-23E40B4D0DDA-SegmentedRaftLogWorker: flushIndex: setUnconditionally 0 -> -1
2022-11-05 13:04:33,192 [pool-268-thread-1] INFO  segmented.SegmentedRaftLogWorker (SegmentedRaftLogWorker.java:lambda$new$0(136)) - 44bea1f4-43dd-4415-bb4e-4e9896dd68f6@group-23E40B4D0DDA-SegmentedRaftLogWorker: safeCacheEvictIndex: setUnconditionally 0 -> -1
2022-11-05 13:04:33,192 [pool-268-thread-1] INFO  server.RaftServer$Division (RaftServerImpl.java:start(334)) - 44bea1f4-43dd-4415-bb4e-4e9896dd68f6@group-23E40B4D0DDA: start as a follower, conf=-1: peers:[44bea1f4-43dd-4415-bb4e-4e9896dd68f6|rpc:10.1.0.157:34265|priority:1|startupRole:FOLLOWER]|listeners:[], old=null
2022-11-05 13:04:33,192 [pool-268-thread-1] INFO  server.RaftServer$Division (RaftServerImpl.java:setRole(321)) - 44bea1f4-43dd-4415-bb4e-4e9896dd68f6@group-23E40B4D0DDA: changes role from      null to FOLLOWER at term 0 for startAsFollower
2022-11-05 13:04:33,192 [pool-268-thread-1] INFO  impl.RoleInfo (RoleInfo.java:updateAndGet(139)) - 44bea1f4-43dd-4415-bb4e-4e9896dd68f6: start 44bea1f4-43dd-4415-bb4e-4e9896dd68f6@group-23E40B4D0DDA-FollowerState
2022-11-05 13:04:33,192 [pool-268-thread-1] INFO  util.JmxRegister (JmxRegister.java:tryRegister(44)) - Successfully registered JMX Bean with object name Ratis:service=RaftServer,group=group-23E40B4D0DDA,id=44bea1f4-43dd-4415-bb4e-4e9896dd68f6
2022-11-05 13:04:33,192 [pool-268-thread-1] INFO  server.RaftServerConfigKeys (ConfUtils.java:logGet(46)) - raft.server.snapshot.auto.trigger.enabled = true (custom)
2022-11-05 13:04:33,193 [pool-268-thread-1] INFO  server.RaftServerConfigKeys (ConfUtils.java:logGet(46)) - raft.server.snapshot.auto.trigger.threshold = 10000 (custom)
2022-11-05 13:04:33,193 [pool-268-thread-1] INFO  server.RaftServerConfigKeys (ConfUtils.java:logGet(46)) - raft.server.snapshot.retention.file.num = 5 (custom)
2022-11-05 13:04:33,193 [pool-268-thread-1] INFO  server.RaftServerConfigKeys (ConfUtils.java:logGet(46)) - raft.server.log.purge.upto.snapshot.index = false (default)
2022-11-05 13:04:33,193 [44bea1f4-43dd-4415-bb4e-4e9896dd68f6@group-23E40B4D0DDA-FollowerState] INFO  server.RaftServerConfigKeys (ConfUtils.java:logFallback(53)) - raft.server.rpc.first-election.timeout.min = 5s (fallback to raft.server.rpc.timeout.min)
2022-11-05 13:04:33,193 [44bea1f4-43dd-4415-bb4e-4e9896dd68f6@group-23E40B4D0DDA-FollowerState] INFO  server.RaftServerConfigKeys (ConfUtils.java:logFallback(53)) - raft.server.rpc.first-election.timeout.max = 5200ms (fallback to raft.server.rpc.timeout.max)
2022-11-05 13:04:33,193 [Command processor thread] INFO  ratis.XceiverServerRatis (XceiverServerRatis.java:addGroup(765)) - Created group PipelineID=c14d2234-3ebf-46b0-bd24-23e40b4d0dda
2022-11-05 13:04:33,193 [Command processor thread] INFO  commandhandler.CreatePipelineCommandHandler (CreatePipelineCommandHandler.java:handle(113)) - Created Pipeline RATIS ONE PipelineID=c14d2234-3ebf-46b0-bd24-23e40b4d0dda.
2022-11-05 13:04:33,725 [Listener at 127.0.0.1/34735] INFO  ozone.MiniOzoneClusterImpl (MiniOzoneClusterImpl.java:lambda$waitForClusterToBeReady$0(216)) - Nodes are ready. Got 10 of 10 DN Heartbeats.
2022-11-05 13:04:33,725 [Listener at 127.0.0.1/34735] INFO  ozone.MiniOzoneClusterImpl (MiniOzoneClusterImpl.java:lambda$waitForClusterToBeReady$0(219)) - Waiting for cluster to exit safe mode
2022-11-05 13:04:33,725 [Listener at 127.0.0.1/34735] INFO  ozone.MiniOzoneClusterImpl (MiniOzoneClusterImpl.java:lambda$waitForClusterToBeReady$0(221)) - SCM became leader
2022-11-05 13:04:33,738 [Command processor thread] INFO  server.RaftServer (RaftServerProxy.java:addNew(96)) - b385a6e1-c61e-4aaf-9536-8cc86fe51578: addNew group-0B3F8550F3C8:[b385a6e1-c61e-4aaf-9536-8cc86fe51578|rpc:10.1.0.157:36679|priority:1|startupRole:FOLLOWER] returns group-0B3F8550F3C8:java.util.concurrent.CompletableFuture@4562e83d[Not completed]
2022-11-05 13:04:33,742 [pool-295-thread-1] INFO  server.RaftServer$Division (RaftServerImpl.java:<init>(195)) - b385a6e1-c61e-4aaf-9536-8cc86fe51578: new RaftServerImpl for group-0B3F8550F3C8:[b385a6e1-c61e-4aaf-9536-8cc86fe51578|rpc:10.1.0.157:36679|priority:1|startupRole:FOLLOWER] with ContainerStateMachine:uninitialized
2022-11-05 13:04:33,742 [pool-295-thread-1] INFO  server.RaftServerConfigKeys (ConfUtils.java:logGet(46)) - raft.server.rpc.timeout.min = 5s (custom)
2022-11-05 13:04:33,742 [pool-295-thread-1] INFO  server.RaftServerConfigKeys (ConfUtils.java:logGet(46)) - raft.server.rpc.timeout.max = 5200ms (custom)
2022-11-05 13:04:33,742 [pool-295-thread-1] INFO  server.RaftServerConfigKeys (ConfUtils.java:logGet(46)) - raft.server.rpc.sleep.time = 25ms (default)
2022-11-05 13:04:33,742 [pool-295-thread-1] INFO  server.RaftServerConfigKeys (ConfUtils.java:logGet(46)) - raft.server.rpc.slowness.timeout = 300s (custom)
2022-11-05 13:04:33,742 [pool-295-thread-1] INFO  server.RaftServerConfigKeys (ConfUtils.java:logGet(46)) - raft.server.leaderelection.leader.step-down.wait-time = 10s (default)
2022-11-05 13:04:33,742 [pool-295-thread-1] INFO  server.RaftServerConfigKeys (ConfUtils.java:logGet(46)) - raft.server.sleep.deviation.threshold = 300ms (default)
2022-11-05 13:04:33,742 [pool-295-thread-1] INFO  server.RaftServer$Division (ServerState.java:<init>(118)) - b385a6e1-c61e-4aaf-9536-8cc86fe51578@group-0B3F8550F3C8: ConfigurationManager, init=-1: peers:[b385a6e1-c61e-4aaf-9536-8cc86fe51578|rpc:10.1.0.157:36679|priority:1|startupRole:FOLLOWER]|listeners:[], old=null, confs=<EMPTY_MAP>
2022-11-05 13:04:33,742 [pool-295-thread-1] INFO  server.RaftServerConfigKeys (ConfUtils.java:logGet(46)) - raft.server.storage.dir = [/home/runner/work/ozone/ozone/hadoop-ozone/integration-test/target/test-dir/MiniOzoneClusterImpl-9e91b504-fe86-427b-a8de-b3d8b21cdaaf/datanode-9/data/ratis] (custom)
2022-11-05 13:04:33,743 [pool-295-thread-1] INFO  server.RaftServerConfigKeys (ConfUtils.java:logGet(46)) - raft.server.log.corruption.policy = EXCEPTION (default)
2022-11-05 13:04:33,743 [pool-295-thread-1] INFO  server.RaftServerConfigKeys (ConfUtils.java:logGet(46)) - raft.server.storage.free-space.min = 0MB (=0) (default)
2022-11-05 13:04:33,743 [pool-295-thread-1] INFO  server.RaftServerConfigKeys (ConfUtils.java:logGet(46)) - raft.server.notification.no-leader.timeout = 300s (custom)
2022-11-05 13:04:33,743 [pool-295-thread-1] INFO  server.RaftServerConfigKeys (ConfUtils.java:logGet(46)) - raft.server.retrycache.expirytime = 600000ms (custom)
2022-11-05 13:04:33,743 [pool-295-thread-1] INFO  server.RaftServerConfigKeys (ConfUtils.java:logGet(46)) - raft.server.retrycache.statistics.expirytime = 100μs (default)
2022-11-05 13:04:33,745 [pool-295-thread-1] INFO  server.RaftServerConfigKeys (ConfUtils.java:logGet(46)) - raft.server.log.appender.install.snapshot.enabled = false (custom)
2022-11-05 13:04:33,745 [pool-295-thread-1] INFO  server.RaftServerConfigKeys (ConfUtils.java:logGet(46)) - raft.server.threadpool.server.cached = true (default)
2022-11-05 13:04:33,745 [pool-295-thread-1] INFO  server.RaftServerConfigKeys (ConfUtils.java:logGet(46)) - raft.server.threadpool.server.size = 0 (default)
2022-11-05 13:04:33,745 [pool-295-thread-1] INFO  server.RaftServerConfigKeys (ConfUtils.java:logGet(46)) - raft.server.threadpool.client.cached = true (default)
2022-11-05 13:04:33,745 [pool-295-thread-1] INFO  server.RaftServerConfigKeys (ConfUtils.java:logGet(46)) - raft.server.threadpool.client.size = 0 (default)
2022-11-05 13:04:33,745 [pool-295-thread-1] INFO  storage.RaftStorageDirectory (RaftStorageDirectoryImpl.java:analyzeStorage(137)) - The storage directory /home/runner/work/ozone/ozone/hadoop-ozone/integration-test/target/test-dir/MiniOzoneClusterImpl-9e91b504-fe86-427b-a8de-b3d8b21cdaaf/datanode-9/data/ratis/0b40703c-8485-47bb-a176-0b3f8550f3c8 does not exist. Creating ...
2022-11-05 13:04:33,753 [pool-295-thread-1] INFO  storage.RaftStorageDirectory (RaftStorageDirectoryImpl.java:tryLock(231)) - Lock on /home/runner/work/ozone/ozone/hadoop-ozone/integration-test/target/test-dir/MiniOzoneClusterImpl-9e91b504-fe86-427b-a8de-b3d8b21cdaaf/datanode-9/data/ratis/0b40703c-8485-47bb-a176-0b3f8550f3c8/in_use.lock acquired by nodename 14719@fv-az83-841
2022-11-05 13:04:33,760 [pool-295-thread-1] INFO  storage.RaftStorage (RaftStorageImpl.java:format(96)) - Storage directory /home/runner/work/ozone/ozone/hadoop-ozone/integration-test/target/test-dir/MiniOzoneClusterImpl-9e91b504-fe86-427b-a8de-b3d8b21cdaaf/datanode-9/data/ratis/0b40703c-8485-47bb-a176-0b3f8550f3c8 has been successfully formatted.
2022-11-05 13:04:33,760 [pool-295-thread-1] INFO  ratis.ContainerStateMachine (ContainerStateMachine.java:loadSnapshot(236)) - group-0B3F8550F3C8: The snapshot info is null. Setting the last applied indexto:(t:0, i:~)
2022-11-05 13:04:33,760 [pool-295-thread-1] INFO  server.RaftServerConfigKeys (ConfUtils.java:logGet(46)) - raft.server.log.use.memory = false (default)
2022-11-05 13:04:33,760 [pool-295-thread-1] INFO  server.RaftServerConfigKeys (ConfUtils.java:logGet(46)) - raft.server.log.purge.gap = 1000000 (custom)
2022-11-05 13:04:33,760 [pool-295-thread-1] INFO  server.RaftServerConfigKeys (ConfUtils.java:logGet(46)) - raft.server.log.appender.buffer.byte-limit = 33554432 (custom)
2022-11-05 13:04:33,760 [pool-295-thread-1] INFO  server.RaftServerConfigKeys (ConfUtils.java:logGet(46)) - raft.server.log.statemachine.data.read.timeout = 1000ms (default)
2022-11-05 13:04:33,760 [pool-295-thread-1] INFO  server.RaftServerConfigKeys (ConfUtils.java:logGet(46)) - raft.server.log.purge.preservation.log.num = 0 (default)
2022-11-05 13:04:33,761 [pool-295-thread-1] INFO  server.RaftServerConfigKeys (ConfUtils.java:logGet(46)) - raft.server.log.segment.size.max = 1048576 (custom)
2022-11-05 13:04:33,761 [EventQueue-PipelineReportForPipelineReportHandler] INFO  pipeline.PipelineManagerImpl (PipelineManagerImpl.java:openPipeline(367)) - Pipeline Pipeline[ Id: 0b40703c-8485-47bb-a176-0b3f8550f3c8, Nodes: b385a6e1-c61e-4aaf-9536-8cc86fe51578{ip: 10.1.0.157, host: fv-az83-841.uavyq1izdhte5b0ne1us2eqzhb.jx.internal.cloudapp.net, ports: [REPLICATION=36919, RATIS=36679, RATIS_ADMIN=36679, RATIS_SERVER=36679, STANDALONE=37193], networkLocation: /default-rack, certSerialId: null, persistedOpState: IN_SERVICE, persistedOpStateExpiryEpochSec: 0}, ReplicationConfig: RATIS/ONE, State:ALLOCATED, leaderId:b385a6e1-c61e-4aaf-9536-8cc86fe51578, CreationTimestamp2022-11-05T13:04:30.740Z[Etc/UTC]] moved to OPEN state
2022-11-05 13:04:33,762 [pool-295-thread-1] INFO  server.RaftServerConfigKeys (ConfUtils.java:logGet(46)) - raft.server.log.segment.cache.num.max = 2 (custom)
2022-11-05 13:04:33,762 [pool-295-thread-1] INFO  server.RaftServerConfigKeys (ConfUtils.java:logGet(46)) - raft.server.log.segment.cache.size.max = 200MB (=209715200) (default)
2022-11-05 13:04:33,762 [pool-295-thread-1] INFO  segmented.SegmentedRaftLogWorker (SegmentedRaftLogWorker.java:<init>(191)) - new b385a6e1-c61e-4aaf-9536-8cc86fe51578@group-0B3F8550F3C8-SegmentedRaftLogWorker for RaftStorageImpl:Storage Directory /home/runner/work/ozone/ozone/hadoop-ozone/integration-test/target/test-dir/MiniOzoneClusterImpl-9e91b504-fe86-427b-a8de-b3d8b21cdaaf/datanode-9/data/ratis/0b40703c-8485-47bb-a176-0b3f8550f3c8
2022-11-05 13:04:33,762 [pool-295-thread-1] INFO  server.RaftServerConfigKeys (ConfUtils.java:logGet(46)) - raft.server.log.queue.byte-limit = 4294967296 (custom)
2022-11-05 13:04:33,762 [pool-295-thread-1] INFO  server.RaftServerConfigKeys (ConfUtils.java:logGet(46)) - raft.server.log.queue.element-limit = 1024 (custom)
2022-11-05 13:04:33,762 [pool-295-thread-1] INFO  server.RaftServerConfigKeys (ConfUtils.java:logGet(46)) - raft.server.log.segment.size.max = 1048576 (custom)
2022-11-05 13:04:33,762 [pool-295-thread-1] INFO  server.RaftServerConfigKeys (ConfUtils.java:logGet(46)) - raft.server.log.preallocated.size = 16384 (custom)
2022-11-05 13:04:33,762 [pool-295-thread-1] INFO  server.RaftServerConfigKeys (ConfUtils.java:logGet(46)) - raft.server.log.force.sync.num = 128 (default)
2022-11-05 13:04:33,762 [pool-295-thread-1] INFO  server.RaftServerConfigKeys (ConfUtils.java:logGet(46)) - raft.server.log.statemachine.data.sync = true (default)
2022-11-05 13:04:33,762 [pool-295-thread-1] INFO  server.RaftServerConfigKeys (ConfUtils.java:logGet(46)) - raft.server.log.statemachine.data.sync.timeout = 10s (default)
2022-11-05 13:04:33,762 [pool-295-thread-1] INFO  server.RaftServerConfigKeys (ConfUtils.java:logGet(46)) - raft.server.log.statemachine.data.sync.timeout.retry = -1 (default)
2022-11-05 13:04:33,763 [pool-295-thread-1] INFO  server.RaftServerConfigKeys (ConfUtils.java:logGet(46)) - raft.server.log.write.buffer.size = 1048576 (custom)
2022-11-05 13:04:33,763 [EventQueue-OpenPipelineForHealthyPipelineSafeModeRule] INFO  safemode.SCMSafeModeManager (HealthyPipelineSafeModeRule.java:process(137)) - SCM in safe mode. Healthy pipelines reported count is 0, required healthy pipeline reported count is 1
2022-11-05 13:04:33,764 [pool-295-thread-1] INFO  server.RaftServerConfigKeys (ConfUtils.java:logGet(46)) - raft.server.log.unsafe-flush.enabled = false (default)
2022-11-05 13:04:33,764 [pool-295-thread-1] INFO  server.RaftServerConfigKeys (ConfUtils.java:logGet(46)) - raft.server.log.async-flush.enabled = false (default)
2022-11-05 13:04:33,764 [pool-295-thread-1] INFO  server.RaftServerConfigKeys (ConfUtils.java:logGet(46)) - raft.server.log.statemachine.data.caching.enabled = true (custom)
2022-11-05 13:04:33,764 [pool-295-thread-1] INFO  segmented.SegmentedRaftLogWorker (SegmentedRaftLogWorker.java:lambda$new$0(136)) - b385a6e1-c61e-4aaf-9536-8cc86fe51578@group-0B3F8550F3C8-SegmentedRaftLogWorker: flushIndex: setUnconditionally 0 -> -1
2022-11-05 13:04:33,764 [pool-295-thread-1] INFO  segmented.SegmentedRaftLogWorker (SegmentedRaftLogWorker.java:lambda$new$0(136)) - b385a6e1-c61e-4aaf-9536-8cc86fe51578@group-0B3F8550F3C8-SegmentedRaftLogWorker: safeCacheEvictIndex: setUnconditionally 0 -> -1
2022-11-05 13:04:33,764 [pool-295-thread-1] INFO  server.RaftServer$Division (RaftServerImpl.java:start(334)) - b385a6e1-c61e-4aaf-9536-8cc86fe51578@group-0B3F8550F3C8: start as a follower, conf=-1: peers:[b385a6e1-c61e-4aaf-9536-8cc86fe51578|rpc:10.1.0.157:36679|priority:1|startupRole:FOLLOWER]|listeners:[], old=null
2022-11-05 13:04:33,764 [pool-295-thread-1] INFO  server.RaftServer$Division (RaftServerImpl.java:setRole(321)) - b385a6e1-c61e-4aaf-9536-8cc86fe51578@group-0B3F8550F3C8: changes role from      null to FOLLOWER at term 0 for startAsFollower
2022-11-05 13:04:33,764 [pool-295-thread-1] INFO  impl.RoleInfo (RoleInfo.java:updateAndGet(139)) - b385a6e1-c61e-4aaf-9536-8cc86fe51578: start b385a6e1-c61e-4aaf-9536-8cc86fe51578@group-0B3F8550F3C8-FollowerState
2022-11-05 13:04:33,765 [pool-295-thread-1] INFO  util.JmxRegister (JmxRegister.java:tryRegister(44)) - Successfully registered JMX Bean with object name Ratis:service=RaftServer,group=group-0B3F8550F3C8,id=b385a6e1-c61e-4aaf-9536-8cc86fe51578
2022-11-05 13:04:33,765 [pool-295-thread-1] INFO  server.RaftServerConfigKeys (ConfUtils.java:logGet(46)) - raft.server.snapshot.auto.trigger.enabled = true (custom)
2022-11-05 13:04:33,765 [pool-295-thread-1] INFO  server.RaftServerConfigKeys (ConfUtils.java:logGet(46)) - raft.server.snapshot.auto.trigger.threshold = 10000 (custom)
2022-11-05 13:04:33,765 [pool-295-thread-1] INFO  server.RaftServerConfigKeys (ConfUtils.java:logGet(46)) - raft.server.snapshot.retention.file.num = 5 (custom)
2022-11-05 13:04:33,765 [pool-295-thread-1] INFO  server.RaftServerConfigKeys (ConfUtils.java:logGet(46)) - raft.server.log.purge.upto.snapshot.index = false (default)
2022-11-05 13:04:33,765 [b385a6e1-c61e-4aaf-9536-8cc86fe51578@group-0B3F8550F3C8-FollowerState] INFO  server.RaftServerConfigKeys (ConfUtils.java:logFallback(53)) - raft.server.rpc.first-election.timeout.min = 5s (fallback to raft.server.rpc.timeout.min)
2022-11-05 13:04:33,765 [b385a6e1-c61e-4aaf-9536-8cc86fe51578@group-0B3F8550F3C8-FollowerState] INFO  server.RaftServerConfigKeys (ConfUtils.java:logFallback(53)) - raft.server.rpc.first-election.timeout.max = 5200ms (fallback to raft.server.rpc.timeout.max)
2022-11-05 13:04:33,766 [Command processor thread] INFO  ratis.XceiverServerRatis (XceiverServerRatis.java:addGroup(765)) - Created group PipelineID=0b40703c-8485-47bb-a176-0b3f8550f3c8
2022-11-05 13:04:33,767 [Command processor thread] INFO  commandhandler.CreatePipelineCommandHandler (CreatePipelineCommandHandler.java:handle(113)) - Created Pipeline RATIS ONE PipelineID=0b40703c-8485-47bb-a176-0b3f8550f3c8.
2022-11-05 13:04:34,538 [274c4b45-19e0-452f-8d1e-585a77537937@group-B6D24B272EC8-FollowerState] INFO  impl.FollowerState (FollowerState.java:run(143)) - 274c4b45-19e0-452f-8d1e-585a77537937@group-B6D24B272EC8-FollowerState: change to CANDIDATE, lastRpcElapsedTime:5042978073ns, electionTimeout:5035ms
2022-11-05 13:04:34,538 [274c4b45-19e0-452f-8d1e-585a77537937@group-B6D24B272EC8-FollowerState] INFO  impl.RoleInfo (RoleInfo.java:shutdownFollowerState(110)) - 274c4b45-19e0-452f-8d1e-585a77537937: shutdown 274c4b45-19e0-452f-8d1e-585a77537937@group-B6D24B272EC8-FollowerState
2022-11-05 13:04:34,538 [274c4b45-19e0-452f-8d1e-585a77537937@group-B6D24B272EC8-FollowerState] INFO  server.RaftServer$Division (RaftServerImpl.java:setRole(321)) - 274c4b45-19e0-452f-8d1e-585a77537937@group-B6D24B272EC8: changes role from  FOLLOWER to CANDIDATE at term 0 for changeToCandidate
2022-11-05 13:04:34,539 [274c4b45-19e0-452f-8d1e-585a77537937@group-B6D24B272EC8-FollowerState] INFO  server.RaftServerConfigKeys (ConfUtils.java:logGet(46)) - raft.server.leaderelection.pre-vote = false (custom)
2022-11-05 13:04:34,539 [274c4b45-19e0-452f-8d1e-585a77537937@group-B6D24B272EC8-FollowerState] INFO  impl.RoleInfo (RoleInfo.java:updateAndGet(139)) - 274c4b45-19e0-452f-8d1e-585a77537937: start 274c4b45-19e0-452f-8d1e-585a77537937@group-B6D24B272EC8-LeaderElection2
2022-11-05 13:04:34,551 [274c4b45-19e0-452f-8d1e-585a77537937@group-B6D24B272EC8-LeaderElection2] INFO  impl.LeaderElection (LeaderElection.java:askForVotes(312)) - 274c4b45-19e0-452f-8d1e-585a77537937@group-B6D24B272EC8-LeaderElection2 ELECTION round 0: submit vote requests at term 1 for -1: peers:[274c4b45-19e0-452f-8d1e-585a77537937|rpc:10.1.0.157:40915|priority:0|startupRole:FOLLOWER, 97cc06fc-4025-4c76-bebd-c1d7b79fe413|rpc:10.1.0.157:40151|priority:1|startupRole:FOLLOWER, c56757ad-2923-4297-8741-c606545d9a52|rpc:10.1.0.157:45683|priority:0|startupRole:FOLLOWER]|listeners:[], old=null
2022-11-05 13:04:34,557 [274c4b45-19e0-452f-8d1e-585a77537937@group-B6D24B272EC8-LeaderElection2] INFO  server.RaftServerConfigKeys (ConfUtils.java:logFallback(53)) - raft.server.rpc.first-election.timeout.min = 5s (fallback to raft.server.rpc.timeout.min)
2022-11-05 13:04:34,557 [274c4b45-19e0-452f-8d1e-585a77537937@group-B6D24B272EC8-LeaderElection2] INFO  server.RaftServerConfigKeys (ConfUtils.java:logFallback(53)) - raft.server.rpc.first-election.timeout.max = 5200ms (fallback to raft.server.rpc.timeout.max)
2022-11-05 13:04:34,558 [274c4b45-19e0-452f-8d1e-585a77537937@group-B6D24B272EC8-LeaderElection2-1] INFO  server.GrpcServerProtocolClient (GrpcServerProtocolClient.java:<init>(63)) - Build channel for 97cc06fc-4025-4c76-bebd-c1d7b79fe413
2022-11-05 13:04:34,559 [274c4b45-19e0-452f-8d1e-585a77537937@group-B6D24B272EC8-LeaderElection2-2] INFO  server.GrpcServerProtocolClient (GrpcServerProtocolClient.java:<init>(63)) - Build channel for c56757ad-2923-4297-8741-c606545d9a52
2022-11-05 13:04:34,579 [grpc-default-executor-0] INFO  server.RaftServer$Division (RaftServerImpl.java:requestVote(1218)) - 97cc06fc-4025-4c76-bebd-c1d7b79fe413@group-B6D24B272EC8: receive requestVote(ELECTION, 274c4b45-19e0-452f-8d1e-585a77537937, group-B6D24B272EC8, 1, (t:0, i:0))
2022-11-05 13:04:34,580 [grpc-default-executor-1] INFO  server.RaftServer$Division (RaftServerImpl.java:requestVote(1218)) - c56757ad-2923-4297-8741-c606545d9a52@group-B6D24B272EC8: receive requestVote(ELECTION, 274c4b45-19e0-452f-8d1e-585a77537937, group-B6D24B272EC8, 1, (t:0, i:0))
2022-11-05 13:04:34,581 [grpc-default-executor-0] INFO  impl.VoteContext (VoteContext.java:log(48)) - 97cc06fc-4025-4c76-bebd-c1d7b79fe413@group-B6D24B272EC8-FOLLOWER: reject ELECTION from 274c4b45-19e0-452f-8d1e-585a77537937: our priority 1 > candidate's priority 0
2022-11-05 13:04:34,582 [grpc-default-executor-0] INFO  server.RaftServer$Division (RaftServerImpl.java:setRole(321)) - 97cc06fc-4025-4c76-bebd-c1d7b79fe413@group-B6D24B272EC8: changes role from  FOLLOWER to FOLLOWER at term 1 for candidate:274c4b45-19e0-452f-8d1e-585a77537937
2022-11-05 13:04:34,582 [grpc-default-executor-0] INFO  impl.RoleInfo (RoleInfo.java:shutdownFollowerState(110)) - 97cc06fc-4025-4c76-bebd-c1d7b79fe413: shutdown 97cc06fc-4025-4c76-bebd-c1d7b79fe413@group-B6D24B272EC8-FollowerState
2022-11-05 13:04:34,582 [97cc06fc-4025-4c76-bebd-c1d7b79fe413@group-B6D24B272EC8-FollowerState] INFO  impl.FollowerState (FollowerState.java:run(152)) - 97cc06fc-4025-4c76-bebd-c1d7b79fe413@group-B6D24B272EC8-FollowerState was interrupted
2022-11-05 13:04:34,582 [grpc-default-executor-1] INFO  impl.VoteContext (VoteContext.java:log(48)) - c56757ad-2923-4297-8741-c606545d9a52@group-B6D24B272EC8-FOLLOWER: accept ELECTION from 274c4b45-19e0-452f-8d1e-585a77537937: our priority 0 <= candidate's priority 0
2022-11-05 13:04:34,591 [grpc-default-executor-1] INFO  server.RaftServer$Division (RaftServerImpl.java:setRole(321)) - c56757ad-2923-4297-8741-c606545d9a52@group-B6D24B272EC8: changes role from  FOLLOWER to FOLLOWER at term 1 for candidate:274c4b45-19e0-452f-8d1e-585a77537937
2022-11-05 13:04:34,591 [grpc-default-executor-1] INFO  impl.RoleInfo (RoleInfo.java:shutdownFollowerState(110)) - c56757ad-2923-4297-8741-c606545d9a52: shutdown c56757ad-2923-4297-8741-c606545d9a52@group-B6D24B272EC8-FollowerState
2022-11-05 13:04:34,590 [grpc-default-executor-0] INFO  impl.RoleInfo (RoleInfo.java:updateAndGet(139)) - 97cc06fc-4025-4c76-bebd-c1d7b79fe413: start 97cc06fc-4025-4c76-bebd-c1d7b79fe413@group-B6D24B272EC8-FollowerState
2022-11-05 13:04:34,591 [c56757ad-2923-4297-8741-c606545d9a52@group-B6D24B272EC8-FollowerState] INFO  impl.FollowerState (FollowerState.java:run(152)) - c56757ad-2923-4297-8741-c606545d9a52@group-B6D24B272EC8-FollowerState was interrupted
2022-11-05 13:04:34,600 [grpc-default-executor-1] INFO  impl.RoleInfo (RoleInfo.java:updateAndGet(139)) - c56757ad-2923-4297-8741-c606545d9a52: start c56757ad-2923-4297-8741-c606545d9a52@group-B6D24B272EC8-FollowerState
2022-11-05 13:04:34,600 [97cc06fc-4025-4c76-bebd-c1d7b79fe413@group-B6D24B272EC8-FollowerState] INFO  server.RaftServerConfigKeys (ConfUtils.java:logFallback(53)) - raft.server.rpc.first-election.timeout.min = 5s (fallback to raft.server.rpc.timeout.min)
2022-11-05 13:04:34,600 [97cc06fc-4025-4c76-bebd-c1d7b79fe413@group-B6D24B272EC8-FollowerState] INFO  server.RaftServerConfigKeys (ConfUtils.java:logFallback(53)) - raft.server.rpc.first-election.timeout.max = 5200ms (fallback to raft.server.rpc.timeout.max)
2022-11-05 13:04:34,601 [c56757ad-2923-4297-8741-c606545d9a52@group-B6D24B272EC8-FollowerState] INFO  server.RaftServerConfigKeys (ConfUtils.java:logFallback(53)) - raft.server.rpc.first-election.timeout.min = 5s (fallback to raft.server.rpc.timeout.min)
2022-11-05 13:04:34,602 [c56757ad-2923-4297-8741-c606545d9a52@group-B6D24B272EC8-FollowerState] INFO  server.RaftServerConfigKeys (ConfUtils.java:logFallback(53)) - raft.server.rpc.first-election.timeout.max = 5200ms (fallback to raft.server.rpc.timeout.max)
2022-11-05 13:04:34,606 [grpc-default-executor-0] INFO  server.RaftServer$Division (RaftServerImpl.java:requestVote(1251)) - 97cc06fc-4025-4c76-bebd-c1d7b79fe413@group-B6D24B272EC8 replies to ELECTION vote request: 274c4b45-19e0-452f-8d1e-585a77537937<-97cc06fc-4025-4c76-bebd-c1d7b79fe413#0:FAIL-t1. Peer's state: 97cc06fc-4025-4c76-bebd-c1d7b79fe413@group-B6D24B272EC8:t1, leader=null, voted=null, raftlog=Memoized:97cc06fc-4025-4c76-bebd-c1d7b79fe413@group-B6D24B272EC8-SegmentedRaftLog:OPENED:c-1, conf=-1: peers:[274c4b45-19e0-452f-8d1e-585a77537937|rpc:10.1.0.157:40915|priority:0|startupRole:FOLLOWER, 97cc06fc-4025-4c76-bebd-c1d7b79fe413|rpc:10.1.0.157:40151|priority:1|startupRole:FOLLOWER, c56757ad-2923-4297-8741-c606545d9a52|rpc:10.1.0.157:45683|priority:0|startupRole:FOLLOWER]|listeners:[], old=null
2022-11-05 13:04:34,608 [274c4b45-19e0-452f-8d1e-585a77537937@group-B6D24B272EC8-LeaderElection2] INFO  impl.LeaderElection (LeaderElection.java:logAndReturn(90)) - 274c4b45-19e0-452f-8d1e-585a77537937@group-B6D24B272EC8-LeaderElection2: ELECTION REJECTED received 1 response(s) and 0 exception(s):
2022-11-05 13:04:34,608 [274c4b45-19e0-452f-8d1e-585a77537937@group-B6D24B272EC8-LeaderElection2] INFO  impl.LeaderElection (LeaderElection.java:logAndReturn(94)) -   Response 0: 274c4b45-19e0-452f-8d1e-585a77537937<-97cc06fc-4025-4c76-bebd-c1d7b79fe413#0:FAIL-t1
2022-11-05 13:04:34,608 [274c4b45-19e0-452f-8d1e-585a77537937@group-B6D24B272EC8-LeaderElection2] INFO  impl.LeaderElection (LeaderElection.java:askForVotes(314)) - 274c4b45-19e0-452f-8d1e-585a77537937@group-B6D24B272EC8-LeaderElection2 ELECTION round 0: result REJECTED
2022-11-05 13:04:34,608 [274c4b45-19e0-452f-8d1e-585a77537937@group-B6D24B272EC8-LeaderElection2] INFO  server.RaftServer$Division (RaftServerImpl.java:setRole(321)) - 274c4b45-19e0-452f-8d1e-585a77537937@group-B6D24B272EC8: changes role from CANDIDATE to FOLLOWER at term 1 for REJECTED
2022-11-05 13:04:34,608 [274c4b45-19e0-452f-8d1e-585a77537937@group-B6D24B272EC8-LeaderElection2] INFO  impl.RoleInfo (RoleInfo.java:shutdownLeaderElection(130)) - 274c4b45-19e0-452f-8d1e-585a77537937: shutdown 274c4b45-19e0-452f-8d1e-585a77537937@group-B6D24B272EC8-LeaderElection2
2022-11-05 13:04:34,608 [274c4b45-19e0-452f-8d1e-585a77537937@group-B6D24B272EC8-LeaderElection2] INFO  impl.RoleInfo (RoleInfo.java:updateAndGet(139)) - 274c4b45-19e0-452f-8d1e-585a77537937: start 274c4b45-19e0-452f-8d1e-585a77537937@group-B6D24B272EC8-FollowerState
2022-11-05 13:04:34,610 [274c4b45-19e0-452f-8d1e-585a77537937@group-B6D24B272EC8-FollowerState] INFO  server.RaftServerConfigKeys (ConfUtils.java:logFallback(53)) - raft.server.rpc.first-election.timeout.min = 5s (fallback to raft.server.rpc.timeout.min)
2022-11-05 13:04:34,610 [274c4b45-19e0-452f-8d1e-585a77537937@group-B6D24B272EC8-FollowerState] INFO  server.RaftServerConfigKeys (ConfUtils.java:logFallback(53)) - raft.server.rpc.first-election.timeout.max = 5200ms (fallback to raft.server.rpc.timeout.max)
2022-11-05 13:04:34,620 [grpc-default-executor-1] INFO  server.RaftServer$Division (RaftServerImpl.java:requestVote(1251)) - c56757ad-2923-4297-8741-c606545d9a52@group-B6D24B272EC8 replies to ELECTION vote request: 274c4b45-19e0-452f-8d1e-585a77537937<-c56757ad-2923-4297-8741-c606545d9a52#0:OK-t1. Peer's state: c56757ad-2923-4297-8741-c606545d9a52@group-B6D24B272EC8:t1, leader=null, voted=274c4b45-19e0-452f-8d1e-585a77537937, raftlog=Memoized:c56757ad-2923-4297-8741-c606545d9a52@group-B6D24B272EC8-SegmentedRaftLog:OPENED:c-1, conf=-1: peers:[274c4b45-19e0-452f-8d1e-585a77537937|rpc:10.1.0.157:40915|dataStream:|priority:0|startupRole:FOLLOWER, 97cc06fc-4025-4c76-bebd-c1d7b79fe413|rpc:10.1.0.157:40151|dataStream:|priority:1|startupRole:FOLLOWER, c56757ad-2923-4297-8741-c606545d9a52|rpc:10.1.0.157:45683|dataStream:|priority:0|startupRole:FOLLOWER]|listeners:[], old=null
2022-11-05 13:04:34,633 [274c4b45-19e0-452f-8d1e-585a77537937@group-5C7E38E1A3A0-FollowerState] INFO  impl.FollowerState (FollowerState.java:run(143)) - 274c4b45-19e0-452f-8d1e-585a77537937@group-5C7E38E1A3A0-FollowerState: change to CANDIDATE, lastRpcElapsedTime:5193634906ns, electionTimeout:5193ms
2022-11-05 13:04:34,633 [274c4b45-19e0-452f-8d1e-585a77537937@group-5C7E38E1A3A0-FollowerState] INFO  impl.RoleInfo (RoleInfo.java:shutdownFollowerState(110)) - 274c4b45-19e0-452f-8d1e-585a77537937: shutdown 274c4b45-19e0-452f-8d1e-585a77537937@group-5C7E38E1A3A0-FollowerState
2022-11-05 13:04:34,633 [274c4b45-19e0-452f-8d1e-585a77537937@group-5C7E38E1A3A0-FollowerState] INFO  server.RaftServer$Division (RaftServerImpl.java:setRole(321)) - 274c4b45-19e0-452f-8d1e-585a77537937@group-5C7E38E1A3A0: changes role from  FOLLOWER to CANDIDATE at term 0 for changeToCandidate
2022-11-05 13:04:34,633 [274c4b45-19e0-452f-8d1e-585a77537937@group-5C7E38E1A3A0-FollowerState] INFO  server.RaftServerConfigKeys (ConfUtils.java:logGet(46)) - raft.server.leaderelection.pre-vote = false (custom)
2022-11-05 13:04:34,633 [274c4b45-19e0-452f-8d1e-585a77537937@group-5C7E38E1A3A0-FollowerState] INFO  impl.RoleInfo (RoleInfo.java:updateAndGet(139)) - 274c4b45-19e0-452f-8d1e-585a77537937: start 274c4b45-19e0-452f-8d1e-585a77537937@group-5C7E38E1A3A0-LeaderElection3
2022-11-05 13:04:34,648 [274c4b45-19e0-452f-8d1e-585a77537937@group-5C7E38E1A3A0-LeaderElection3] INFO  impl.LeaderElection (LeaderElection.java:askForVotes(312)) - 274c4b45-19e0-452f-8d1e-585a77537937@group-5C7E38E1A3A0-LeaderElection3 ELECTION round 0: submit vote requests at term 1 for -1: peers:[274c4b45-19e0-452f-8d1e-585a77537937|rpc:10.1.0.157:40915|priority:1|startupRole:FOLLOWER]|listeners:[], old=null
2022-11-05 13:04:34,649 [274c4b45-19e0-452f-8d1e-585a77537937@group-5C7E38E1A3A0-LeaderElection3] INFO  impl.LeaderElection (LeaderElection.java:askForVotes(314)) - 274c4b45-19e0-452f-8d1e-585a77537937@group-5C7E38E1A3A0-LeaderElection3 ELECTION round 0: result PASSED (term=1)
2022-11-05 13:04:34,649 [274c4b45-19e0-452f-8d1e-585a77537937@group-5C7E38E1A3A0-LeaderElection3] INFO  impl.RoleInfo (RoleInfo.java:shutdownLeaderElection(130)) - 274c4b45-19e0-452f-8d1e-585a77537937: shutdown 274c4b45-19e0-452f-8d1e-585a77537937@group-5C7E38E1A3A0-LeaderElection3
2022-11-05 13:04:34,649 [274c4b45-19e0-452f-8d1e-585a77537937@group-5C7E38E1A3A0-LeaderElection3] INFO  server.RaftServer$Division (RaftServerImpl.java:setRole(321)) - 274c4b45-19e0-452f-8d1e-585a77537937@group-5C7E38E1A3A0: changes role from CANDIDATE to LEADER at term 1 for changeToLeader
2022-11-05 13:04:34,649 [274c4b45-19e0-452f-8d1e-585a77537937@group-5C7E38E1A3A0-LeaderElection3] INFO  ratis.XceiverServerRatis (XceiverServerRatis.java:handleLeaderChangedNotification(863)) - Leader change notification received for group: group-5C7E38E1A3A0 with new leaderId: 274c4b45-19e0-452f-8d1e-585a77537937
2022-11-05 13:04:34,649 [274c4b45-19e0-452f-8d1e-585a77537937@group-5C7E38E1A3A0-LeaderElection3] INFO  server.RaftServer$Division (ServerState.java:setLeader(313)) - 274c4b45-19e0-452f-8d1e-585a77537937@group-5C7E38E1A3A0: change Leader from null to 274c4b45-19e0-452f-8d1e-585a77537937 at term 1 for becomeLeader, leader elected after 5255ms
2022-11-05 13:04:34,649 [274c4b45-19e0-452f-8d1e-585a77537937@group-5C7E38E1A3A0-LeaderElection3] INFO  server.RaftServerConfigKeys (ConfUtils.java:logGet(46)) - raft.server.staging.catchup.gap = 1000 (default)
2022-11-05 13:04:34,651 [EventQueue-OpenPipelineForHealthyPipelineSafeModeRule] INFO  safemode.SCMSafeModeManager (HealthyPipelineSafeModeRule.java:process(137)) - SCM in safe mode. Healthy pipelines reported count is 0, required healthy pipeline reported count is 1
2022-11-05 13:04:34,652 [274c4b45-19e0-452f-8d1e-585a77537937@group-5C7E38E1A3A0-LeaderElection3] INFO  server.RaftServerConfigKeys (ConfUtils.java:logGet(46)) - raft.server.write.element-limit = 1024 (custom)
2022-11-05 13:04:34,652 [274c4b45-19e0-452f-8d1e-585a77537937@group-5C7E38E1A3A0-LeaderElection3] INFO  server.RaftServerConfigKeys (ConfUtils.java:logGet(46)) - raft.server.write.byte-limit = 1024 M (=1073741824) (custom)
2022-11-05 13:04:34,652 [274c4b45-19e0-452f-8d1e-585a77537937@group-5C7E38E1A3A0-LeaderElection3] INFO  server.RaftServerConfigKeys (ConfUtils.java:logGet(46)) - raft.server.watch.timeout = 180s (custom)
2022-11-05 13:04:34,652 [274c4b45-19e0-452f-8d1e-585a77537937@group-5C7E38E1A3A0-LeaderElection3] INFO  server.RaftServerConfigKeys (ConfUtils.java:logGet(46)) - raft.server.watch.timeout.denomination = 1s (default)
2022-11-05 13:04:34,652 [274c4b45-19e0-452f-8d1e-585a77537937@group-5C7E38E1A3A0-LeaderElection3] INFO  server.RaftServerConfigKeys (ConfUtils.java:logGet(46)) - raft.server.watch.element-limit = 65536 (default)
2022-11-05 13:04:34,652 [274c4b45-19e0-452f-8d1e-585a77537937@group-5C7E38E1A3A0-LeaderElection3] INFO  server.RaftServerConfigKeys (ConfUtils.java:logGet(46)) - raft.server.write.element-limit = 1024 (custom)
2022-11-05 13:04:34,652 [274c4b45-19e0-452f-8d1e-585a77537937@group-5C7E38E1A3A0-LeaderElection3] INFO  server.RaftServerConfigKeys (ConfUtils.java:logGet(46)) - raft.server.write.follower.gap.ratio.max = -1.0 (default)
2022-11-05 13:04:34,652 [274c4b45-19e0-452f-8d1e-585a77537937@group-5C7E38E1A3A0-LeaderElection3] INFO  impl.RoleInfo (RoleInfo.java:updateAndGet(139)) - 274c4b45-19e0-452f-8d1e-585a77537937: start 274c4b45-19e0-452f-8d1e-585a77537937@group-5C7E38E1A3A0-LeaderStateImpl
2022-11-05 13:04:34,653 [274c4b45-19e0-452f-8d1e-585a77537937@group-5C7E38E1A3A0-LeaderElection3] INFO  segmented.SegmentedRaftLogWorker (SegmentedRaftLogWorker.java:startLogSegment(452)) - 274c4b45-19e0-452f-8d1e-585a77537937@group-5C7E38E1A3A0-SegmentedRaftLogWorker: Starting segment from index:0
2022-11-05 13:04:34,657 [274c4b45-19e0-452f-8d1e-585a77537937@group-5C7E38E1A3A0-LeaderElection3] INFO  server.RaftServer$Division (ServerState.java:setRaftConf(430)) - 274c4b45-19e0-452f-8d1e-585a77537937@group-5C7E38E1A3A0: set configuration 0: peers:[274c4b45-19e0-452f-8d1e-585a77537937|rpc:10.1.0.157:40915|dataStream:|priority:1|startupRole:FOLLOWER]|listeners:[], old=null
2022-11-05 13:04:34,666 [274c4b45-19e0-452f-8d1e-585a77537937@group-5C7E38E1A3A0-SegmentedRaftLogWorker] INFO  segmented.SegmentedRaftLogWorker (SegmentedRaftLogWorker.java:execute(656)) - 274c4b45-19e0-452f-8d1e-585a77537937@group-5C7E38E1A3A0-SegmentedRaftLogWorker: created new log segment /home/runner/work/ozone/ozone/hadoop-ozone/integration-test/target/test-dir/MiniOzoneClusterImpl-9e91b504-fe86-427b-a8de-b3d8b21cdaaf/datanode-0/data/ratis/258ac0c5-6325-4c13-8cc9-5c7e38e1a3a0/current/log_inprogress_0
2022-11-05 13:04:34,726 [Listener at 127.0.0.1/34735] INFO  ozone.MiniOzoneClusterImpl (MiniOzoneClusterImpl.java:lambda$waitForClusterToBeReady$0(216)) - Nodes are ready. Got 10 of 10 DN Heartbeats.
2022-11-05 13:04:34,726 [Listener at 127.0.0.1/34735] INFO  ozone.MiniOzoneClusterImpl (MiniOzoneClusterImpl.java:lambda$waitForClusterToBeReady$0(219)) - Waiting for cluster to exit safe mode
2022-11-05 13:04:34,726 [Listener at 127.0.0.1/34735] INFO  ozone.MiniOzoneClusterImpl (MiniOzoneClusterImpl.java:lambda$waitForClusterToBeReady$0(221)) - SCM became leader
2022-11-05 13:04:35,085 [97cc06fc-4025-4c76-bebd-c1d7b79fe413@group-D28A8C342F3E-FollowerState] INFO  impl.FollowerState (FollowerState.java:run(143)) - 97cc06fc-4025-4c76-bebd-c1d7b79fe413@group-D28A8C342F3E-FollowerState: change to CANDIDATE, lastRpcElapsedTime:5130695678ns, electionTimeout:5130ms
2022-11-05 13:04:35,085 [97cc06fc-4025-4c76-bebd-c1d7b79fe413@group-D28A8C342F3E-FollowerState] INFO  impl.RoleInfo (RoleInfo.java:shutdownFollowerState(110)) - 97cc06fc-4025-4c76-bebd-c1d7b79fe413: shutdown 97cc06fc-4025-4c76-bebd-c1d7b79fe413@group-D28A8C342F3E-FollowerState
2022-11-05 13:04:35,086 [97cc06fc-4025-4c76-bebd-c1d7b79fe413@group-D28A8C342F3E-FollowerState] INFO  server.RaftServer$Division (RaftServerImpl.java:setRole(321)) - 97cc06fc-4025-4c76-bebd-c1d7b79fe413@group-D28A8C342F3E: changes role from  FOLLOWER to CANDIDATE at term 0 for changeToCandidate
2022-11-05 13:04:35,086 [97cc06fc-4025-4c76-bebd-c1d7b79fe413@group-D28A8C342F3E-FollowerState] INFO  server.RaftServerConfigKeys (ConfUtils.java:logGet(46)) - raft.server.leaderelection.pre-vote = false (custom)
2022-11-05 13:04:35,086 [97cc06fc-4025-4c76-bebd-c1d7b79fe413@group-D28A8C342F3E-FollowerState] INFO  impl.RoleInfo (RoleInfo.java:updateAndGet(139)) - 97cc06fc-4025-4c76-bebd-c1d7b79fe413: start 97cc06fc-4025-4c76-bebd-c1d7b79fe413@group-D28A8C342F3E-LeaderElection4
2022-11-05 13:04:35,096 [97cc06fc-4025-4c76-bebd-c1d7b79fe413@group-D28A8C342F3E-LeaderElection4] INFO  impl.LeaderElection (LeaderElection.java:askForVotes(312)) - 97cc06fc-4025-4c76-bebd-c1d7b79fe413@group-D28A8C342F3E-LeaderElection4 ELECTION round 0: submit vote requests at term 1 for -1: peers:[97cc06fc-4025-4c76-bebd-c1d7b79fe413|rpc:10.1.0.157:40151|priority:1|startupRole:FOLLOWER]|listeners:[], old=null
2022-11-05 13:04:35,096 [97cc06fc-4025-4c76-bebd-c1d7b79fe413@group-D28A8C342F3E-LeaderElection4] INFO  impl.LeaderElection (LeaderElection.java:askForVotes(314)) - 97cc06fc-4025-4c76-bebd-c1d7b79fe413@group-D28A8C342F3E-LeaderElection4 ELECTION round 0: result PASSED (term=1)
2022-11-05 13:04:35,096 [97cc06fc-4025-4c76-bebd-c1d7b79fe413@group-D28A8C342F3E-LeaderElection4] INFO  impl.RoleInfo (RoleInfo.java:shutdownLeaderElection(130)) - 97cc06fc-4025-4c76-bebd-c1d7b79fe413: shutdown 97cc06fc-4025-4c76-bebd-c1d7b79fe413@group-D28A8C342F3E-LeaderElection4
2022-11-05 13:04:35,096 [97cc06fc-4025-4c76-bebd-c1d7b79fe413@group-D28A8C342F3E-LeaderElection4] INFO  server.RaftServer$Division (RaftServerImpl.java:setRole(321)) - 97cc06fc-4025-4c76-bebd-c1d7b79fe413@group-D28A8C342F3E: changes role from CANDIDATE to LEADER at term 1 for changeToLeader
2022-11-05 13:04:35,097 [97cc06fc-4025-4c76-bebd-c1d7b79fe413@group-D28A8C342F3E-LeaderElection4] INFO  ratis.XceiverServerRatis (XceiverServerRatis.java:handleLeaderChangedNotification(863)) - Leader change notification received for group: group-D28A8C342F3E with new leaderId: 97cc06fc-4025-4c76-bebd-c1d7b79fe413
2022-11-05 13:04:35,097 [97cc06fc-4025-4c76-bebd-c1d7b79fe413@group-D28A8C342F3E-LeaderElection4] INFO  server.RaftServer$Division (ServerState.java:setLeader(313)) - 97cc06fc-4025-4c76-bebd-c1d7b79fe413@group-D28A8C342F3E: change Leader from null to 97cc06fc-4025-4c76-bebd-c1d7b79fe413 at term 1 for becomeLeader, leader elected after 5177ms
2022-11-05 13:04:35,097 [97cc06fc-4025-4c76-bebd-c1d7b79fe413@group-D28A8C342F3E-LeaderElection4] INFO  server.RaftServerConfigKeys (ConfUtils.java:logGet(46)) - raft.server.staging.catchup.gap = 1000 (default)
2022-11-05 13:04:35,098 [EventQueue-OpenPipelineForHealthyPipelineSafeModeRule] INFO  safemode.SCMSafeModeManager (HealthyPipelineSafeModeRule.java:process(137)) - SCM in safe mode. Healthy pipelines reported count is 0, required healthy pipeline reported count is 1
2022-11-05 13:04:35,098 [97cc06fc-4025-4c76-bebd-c1d7b79fe413@group-D28A8C342F3E-LeaderElection4] INFO  server.RaftServerConfigKeys (ConfUtils.java:logGet(46)) - raft.server.write.element-limit = 1024 (custom)
2022-11-05 13:04:35,098 [97cc06fc-4025-4c76-bebd-c1d7b79fe413@group-D28A8C342F3E-LeaderElection4] INFO  server.RaftServerConfigKeys (ConfUtils.java:logGet(46)) - raft.server.write.byte-limit = 1024 M (=1073741824) (custom)
2022-11-05 13:04:35,099 [97cc06fc-4025-4c76-bebd-c1d7b79fe413@group-D28A8C342F3E-LeaderElection4] INFO  server.RaftServerConfigKeys (ConfUtils.java:logGet(46)) - raft.server.watch.timeout = 180s (custom)
2022-11-05 13:04:35,099 [97cc06fc-4025-4c76-bebd-c1d7b79fe413@group-D28A8C342F3E-LeaderElection4] INFO  server.RaftServerConfigKeys (ConfUtils.java:logGet(46)) - raft.server.watch.timeout.denomination = 1s (default)
2022-11-05 13:04:35,099 [97cc06fc-4025-4c76-bebd-c1d7b79fe413@group-D28A8C342F3E-LeaderElection4] INFO  server.RaftServerConfigKeys (ConfUtils.java:logGet(46)) - raft.server.watch.element-limit = 65536 (default)
2022-11-05 13:04:35,099 [97cc06fc-4025-4c76-bebd-c1d7b79fe413@group-D28A8C342F3E-LeaderElection4] INFO  server.RaftServerConfigKeys (ConfUtils.java:logGet(46)) - raft.server.write.element-limit = 1024 (custom)
2022-11-05 13:04:35,099 [97cc06fc-4025-4c76-bebd-c1d7b79fe413@group-D28A8C342F3E-LeaderElection4] INFO  server.RaftServerConfigKeys (ConfUtils.java:logGet(46)) - raft.server.write.follower.gap.ratio.max = -1.0 (default)
2022-11-05 13:04:35,099 [97cc06fc-4025-4c76-bebd-c1d7b79fe413@group-D28A8C342F3E-LeaderElection4] INFO  impl.RoleInfo (RoleInfo.java:updateAndGet(139)) - 97cc06fc-4025-4c76-bebd-c1d7b79fe413: start 97cc06fc-4025-4c76-bebd-c1d7b79fe413@group-D28A8C342F3E-LeaderStateImpl
2022-11-05 13:04:35,099 [97cc06fc-4025-4c76-bebd-c1d7b79fe413@group-D28A8C342F3E-LeaderElection4] INFO  segmented.SegmentedRaftLogWorker (SegmentedRaftLogWorker.java:startLogSegment(452)) - 97cc06fc-4025-4c76-bebd-c1d7b79fe413@group-D28A8C342F3E-SegmentedRaftLogWorker: Starting segment from index:0
2022-11-05 13:04:35,105 [97cc06fc-4025-4c76-bebd-c1d7b79fe413@group-D28A8C342F3E-LeaderElection4] INFO  server.RaftServer$Division (ServerState.java:setRaftConf(430)) - 97cc06fc-4025-4c76-bebd-c1d7b79fe413@group-D28A8C342F3E: set configuration 0: peers:[97cc06fc-4025-4c76-bebd-c1d7b79fe413|rpc:10.1.0.157:40151|dataStream:|priority:1|startupRole:FOLLOWER]|listeners:[], old=null
2022-11-05 13:04:35,108 [97cc06fc-4025-4c76-bebd-c1d7b79fe413@group-D28A8C342F3E-SegmentedRaftLogWorker] INFO  segmented.SegmentedRaftLogWorker (SegmentedRaftLogWorker.java:execute(656)) - 97cc06fc-4025-4c76-bebd-c1d7b79fe413@group-D28A8C342F3E-SegmentedRaftLogWorker: created new log segment /home/runner/work/ozone/ozone/hadoop-ozone/integration-test/target/test-dir/MiniOzoneClusterImpl-9e91b504-fe86-427b-a8de-b3d8b21cdaaf/datanode-1/data/ratis/fc5e458a-f93d-4dbf-8096-d28a8c342f3e/current/log_inprogress_0
2022-11-05 13:04:35,396 [274c4b45-19e0-452f-8d1e-585a77537937@group-4C9F1E15A7B6-FollowerState] INFO  impl.FollowerState (FollowerState.java:run(143)) - 274c4b45-19e0-452f-8d1e-585a77537937@group-4C9F1E15A7B6-FollowerState: change to CANDIDATE, lastRpcElapsedTime:5087328017ns, electionTimeout:5086ms
2022-11-05 13:04:35,397 [274c4b45-19e0-452f-8d1e-585a77537937@group-4C9F1E15A7B6-FollowerState] INFO  impl.RoleInfo (RoleInfo.java:shutdownFollowerState(110)) - 274c4b45-19e0-452f-8d1e-585a77537937: shutdown 274c4b45-19e0-452f-8d1e-585a77537937@group-4C9F1E15A7B6-FollowerState
2022-11-05 13:04:35,397 [274c4b45-19e0-452f-8d1e-585a77537937@group-4C9F1E15A7B6-FollowerState] INFO  server.RaftServer$Division (RaftServerImpl.java:setRole(321)) - 274c4b45-19e0-452f-8d1e-585a77537937@group-4C9F1E15A7B6: changes role from  FOLLOWER to CANDIDATE at term 0 for changeToCandidate
2022-11-05 13:04:35,397 [274c4b45-19e0-452f-8d1e-585a77537937@group-4C9F1E15A7B6-FollowerState] INFO  server.RaftServerConfigKeys (ConfUtils.java:logGet(46)) - raft.server.leaderelection.pre-vote = false (custom)
2022-11-05 13:04:35,397 [274c4b45-19e0-452f-8d1e-585a77537937@group-4C9F1E15A7B6-FollowerState] INFO  impl.RoleInfo (RoleInfo.java:updateAndGet(139)) - 274c4b45-19e0-452f-8d1e-585a77537937: start 274c4b45-19e0-452f-8d1e-585a77537937@group-4C9F1E15A7B6-LeaderElection5
2022-11-05 13:04:35,406 [c56757ad-2923-4297-8741-c606545d9a52@group-60E6F5B2365A-FollowerState] INFO  impl.FollowerState (FollowerState.java:run(143)) - c56757ad-2923-4297-8741-c606545d9a52@group-60E6F5B2365A-FollowerState: change to CANDIDATE, lastRpcElapsedTime:5060542171ns, electionTimeout:5043ms
2022-11-05 13:04:35,406 [c56757ad-2923-4297-8741-c606545d9a52@group-60E6F5B2365A-FollowerState] INFO  impl.RoleInfo (RoleInfo.java:shutdownFollowerState(110)) - c56757ad-2923-4297-8741-c606545d9a52: shutdown c56757ad-2923-4297-8741-c606545d9a52@group-60E6F5B2365A-FollowerState
2022-11-05 13:04:35,407 [c56757ad-2923-4297-8741-c606545d9a52@group-60E6F5B2365A-FollowerState] INFO  server.RaftServer$Division (RaftServerImpl.java:setRole(321)) - c56757ad-2923-4297-8741-c606545d9a52@group-60E6F5B2365A: changes role from  FOLLOWER to CANDIDATE at term 0 for changeToCandidate
2022-11-05 13:04:35,407 [c56757ad-2923-4297-8741-c606545d9a52@group-60E6F5B2365A-FollowerState] INFO  server.RaftServerConfigKeys (ConfUtils.java:logGet(46)) - raft.server.leaderelection.pre-vote = false (custom)
2022-11-05 13:04:35,407 [c56757ad-2923-4297-8741-c606545d9a52@group-60E6F5B2365A-FollowerState] INFO  impl.RoleInfo (RoleInfo.java:updateAndGet(139)) - c56757ad-2923-4297-8741-c606545d9a52: start c56757ad-2923-4297-8741-c606545d9a52@group-60E6F5B2365A-LeaderElection6
2022-11-05 13:04:35,410 [274c4b45-19e0-452f-8d1e-585a77537937@group-4C9F1E15A7B6-LeaderElection5] INFO  impl.LeaderElection (LeaderElection.java:askForVotes(312)) - 274c4b45-19e0-452f-8d1e-585a77537937@group-4C9F1E15A7B6-LeaderElection5 ELECTION round 0: submit vote requests at term 1 for -1: peers:[274c4b45-19e0-452f-8d1e-585a77537937|rpc:10.1.0.157:40915|priority:0|startupRole:FOLLOWER, 97cc06fc-4025-4c76-bebd-c1d7b79fe413|rpc:10.1.0.157:40151|priority:0|startupRole:FOLLOWER, c56757ad-2923-4297-8741-c606545d9a52|rpc:10.1.0.157:45683|priority:1|startupRole:FOLLOWER]|listeners:[], old=null
2022-11-05 13:04:35,411 [274c4b45-19e0-452f-8d1e-585a77537937@group-4C9F1E15A7B6-LeaderElection5] INFO  server.RaftServerConfigKeys (ConfUtils.java:logFallback(53)) - raft.server.rpc.first-election.timeout.min = 5s (fallback to raft.server.rpc.timeout.min)
2022-11-05 13:04:35,411 [274c4b45-19e0-452f-8d1e-585a77537937@group-4C9F1E15A7B6-LeaderElection5] INFO  server.RaftServerConfigKeys (ConfUtils.java:logFallback(53)) - raft.server.rpc.first-election.timeout.max = 5200ms (fallback to raft.server.rpc.timeout.max)
2022-11-05 13:04:35,416 [grpc-default-executor-1] INFO  server.RaftServer$Division (RaftServerImpl.java:requestVote(1218)) - 97cc06fc-4025-4c76-bebd-c1d7b79fe413@group-4C9F1E15A7B6: receive requestVote(ELECTION, 274c4b45-19e0-452f-8d1e-585a77537937, group-4C9F1E15A7B6, 1, (t:0, i:0))
2022-11-05 13:04:35,416 [grpc-default-executor-0] INFO  server.RaftServer$Division (RaftServerImpl.java:requestVote(1218)) - c56757ad-2923-4297-8741-c606545d9a52@group-4C9F1E15A7B6: receive requestVote(ELECTION, 274c4b45-19e0-452f-8d1e-585a77537937, group-4C9F1E15A7B6, 1, (t:0, i:0))
2022-11-05 13:04:35,416 [grpc-default-executor-1] INFO  impl.VoteContext (VoteContext.java:log(48)) - 97cc06fc-4025-4c76-bebd-c1d7b79fe413@group-4C9F1E15A7B6-FOLLOWER: accept ELECTION from 274c4b45-19e0-452f-8d1e-585a77537937: our priority 0 <= candidate's priority 0
2022-11-05 13:04:35,417 [grpc-default-executor-0] INFO  impl.VoteContext (VoteContext.java:log(48)) - c56757ad-2923-4297-8741-c606545d9a52@group-4C9F1E15A7B6-FOLLOWER: reject ELECTION from 274c4b45-19e0-452f-8d1e-585a77537937: our priority 1 > candidate's priority 0
2022-11-05 13:04:35,417 [grpc-default-executor-1] INFO  server.RaftServer$Division (RaftServerImpl.java:setRole(321)) - 97cc06fc-4025-4c76-bebd-c1d7b79fe413@group-4C9F1E15A7B6: changes role from  FOLLOWER to FOLLOWER at term 1 for candidate:274c4b45-19e0-452f-8d1e-585a77537937
2022-11-05 13:04:35,417 [grpc-default-executor-1] INFO  impl.RoleInfo (RoleInfo.java:shutdownFollowerState(110)) - 97cc06fc-4025-4c76-bebd-c1d7b79fe413: shutdown 97cc06fc-4025-4c76-bebd-c1d7b79fe413@group-4C9F1E15A7B6-FollowerState
2022-11-05 13:04:35,417 [grpc-default-executor-0] INFO  server.RaftServer$Division (RaftServerImpl.java:setRole(321)) - c56757ad-2923-4297-8741-c606545d9a52@group-4C9F1E15A7B6: changes role from  FOLLOWER to FOLLOWER at term 1 for candidate:274c4b45-19e0-452f-8d1e-585a77537937
2022-11-05 13:04:35,417 [grpc-default-executor-1] INFO  impl.RoleInfo (RoleInfo.java:updateAndGet(139)) - 97cc06fc-4025-4c76-bebd-c1d7b79fe413: start 97cc06fc-4025-4c76-bebd-c1d7b79fe413@group-4C9F1E15A7B6-FollowerState
2022-11-05 13:04:35,417 [97cc06fc-4025-4c76-bebd-c1d7b79fe413@group-4C9F1E15A7B6-FollowerState] INFO  impl.FollowerState (FollowerState.java:run(152)) - 97cc06fc-4025-4c76-bebd-c1d7b79fe413@group-4C9F1E15A7B6-FollowerState was interrupted
2022-11-05 13:04:35,417 [grpc-default-executor-0] INFO  impl.RoleInfo (RoleInfo.java:shutdownFollowerState(110)) - c56757ad-2923-4297-8741-c606545d9a52: shutdown c56757ad-2923-4297-8741-c606545d9a52@group-4C9F1E15A7B6-FollowerState
2022-11-05 13:04:35,417 [c56757ad-2923-4297-8741-c606545d9a52@group-60E6F5B2365A-LeaderElection6] INFO  impl.LeaderElection (LeaderElection.java:askForVotes(312)) - c56757ad-2923-4297-8741-c606545d9a52@group-60E6F5B2365A-LeaderElection6 ELECTION round 0: submit vote requests at term 1 for -1: peers:[c56757ad-2923-4297-8741-c606545d9a52|rpc:10.1.0.157:45683|priority:1|startupRole:FOLLOWER]|listeners:[], old=null
2022-11-05 13:04:35,418 [c56757ad-2923-4297-8741-c606545d9a52@group-60E6F5B2365A-LeaderElection6] INFO  impl.LeaderElection (LeaderElection.java:askForVotes(314)) - c56757ad-2923-4297-8741-c606545d9a52@group-60E6F5B2365A-LeaderElection6 ELECTION round 0: result PASSED (term=1)
2022-11-05 13:04:35,418 [c56757ad-2923-4297-8741-c606545d9a52@group-60E6F5B2365A-LeaderElection6] INFO  impl.RoleInfo (RoleInfo.java:shutdownLeaderElection(130)) - c56757ad-2923-4297-8741-c606545d9a52: shutdown c56757ad-2923-4297-8741-c606545d9a52@group-60E6F5B2365A-LeaderElection6
2022-11-05 13:04:35,418 [c56757ad-2923-4297-8741-c606545d9a52@group-60E6F5B2365A-LeaderElection6] INFO  server.RaftServer$Division (RaftServerImpl.java:setRole(321)) - c56757ad-2923-4297-8741-c606545d9a52@group-60E6F5B2365A: changes role from CANDIDATE to LEADER at term 1 for changeToLeader
2022-11-05 13:04:35,418 [c56757ad-2923-4297-8741-c606545d9a52@group-60E6F5B2365A-LeaderElection6] INFO  ratis.XceiverServerRatis (XceiverServerRatis.java:handleLeaderChangedNotification(863)) - Leader change notification received for group: group-60E6F5B2365A with new leaderId: c56757ad-2923-4297-8741-c606545d9a52
2022-11-05 13:04:35,425 [c56757ad-2923-4297-8741-c606545d9a52@group-60E6F5B2365A-LeaderElection6] INFO  server.RaftServer$Division (ServerState.java:setLeader(313)) - c56757ad-2923-4297-8741-c606545d9a52@group-60E6F5B2365A: change Leader from null to c56757ad-2923-4297-8741-c606545d9a52 at term 1 for becomeLeader, leader elected after 5094ms
2022-11-05 13:04:35,425 [grpc-default-executor-0] INFO  impl.RoleInfo (RoleInfo.java:updateAndGet(139)) - c56757ad-2923-4297-8741-c606545d9a52: start c56757ad-2923-4297-8741-c606545d9a52@group-4C9F1E15A7B6-FollowerState
2022-11-05 13:04:35,425 [c56757ad-2923-4297-8741-c606545d9a52@group-4C9F1E15A7B6-FollowerState] INFO  impl.FollowerState (FollowerState.java:run(152)) - c56757ad-2923-4297-8741-c606545d9a52@group-4C9F1E15A7B6-FollowerState was interrupted
2022-11-05 13:04:35,425 [c56757ad-2923-4297-8741-c606545d9a52@group-4C9F1E15A7B6-FollowerState] INFO  server.RaftServerConfigKeys (ConfUtils.java:logFallback(53)) - raft.server.rpc.first-election.timeout.min = 5s (fallback to raft.server.rpc.timeout.min)
2022-11-05 13:04:35,425 [c56757ad-2923-4297-8741-c606545d9a52@group-4C9F1E15A7B6-FollowerState] INFO  server.RaftServerConfigKeys (ConfUtils.java:logFallback(53)) - raft.server.rpc.first-election.timeout.max = 5200ms (fallback to raft.server.rpc.timeout.max)
2022-11-05 13:04:35,425 [c56757ad-2923-4297-8741-c606545d9a52@group-60E6F5B2365A-LeaderElection6] INFO  server.RaftServerConfigKeys (ConfUtils.java:logGet(46)) - raft.server.staging.catchup.gap = 1000 (default)
2022-11-05 13:04:35,426 [c56757ad-2923-4297-8741-c606545d9a52@group-60E6F5B2365A-LeaderElection6] INFO  server.RaftServerConfigKeys (ConfUtils.java:logGet(46)) - raft.server.write.element-limit = 1024 (custom)
2022-11-05 13:04:35,426 [c56757ad-2923-4297-8741-c606545d9a52@group-60E6F5B2365A-LeaderElection6] INFO  server.RaftServerConfigKeys (ConfUtils.java:logGet(46)) - raft.server.write.byte-limit = 1024 M (=1073741824) (custom)
2022-11-05 13:04:35,426 [c56757ad-2923-4297-8741-c606545d9a52@group-60E6F5B2365A-LeaderElection6] INFO  server.RaftServerConfigKeys (ConfUtils.java:logGet(46)) - raft.server.watch.timeout = 180s (custom)
2022-11-05 13:04:35,426 [c56757ad-2923-4297-8741-c606545d9a52@group-60E6F5B2365A-LeaderElection6] INFO  server.RaftServerConfigKeys (ConfUtils.java:logGet(46)) - raft.server.watch.timeout.denomination = 1s (default)
2022-11-05 13:04:35,426 [c56757ad-2923-4297-8741-c606545d9a52@group-60E6F5B2365A-LeaderElection6] INFO  server.RaftServerConfigKeys (ConfUtils.java:logGet(46)) - raft.server.watch.element-limit = 65536 (default)
2022-11-05 13:04:35,427 [EventQueue-OpenPipelineForHealthyPipelineSafeModeRule] INFO  safemode.SCMSafeModeManager (HealthyPipelineSafeModeRule.java:process(137)) - SCM in safe mode. Healthy pipelines reported count is 0, required healthy pipeline reported count is 1
2022-11-05 13:04:35,427 [c56757ad-2923-4297-8741-c606545d9a52@group-60E6F5B2365A-LeaderElection6] INFO  server.RaftServerConfigKeys (ConfUtils.java:logGet(46)) - raft.server.write.element-limit = 1024 (custom)
2022-11-05 13:04:35,427 [c56757ad-2923-4297-8741-c606545d9a52@group-60E6F5B2365A-LeaderElection6] INFO  server.RaftServerConfigKeys (ConfUtils.java:logGet(46)) - raft.server.write.follower.gap.ratio.max = -1.0 (default)
2022-11-05 13:04:35,427 [c56757ad-2923-4297-8741-c606545d9a52@group-60E6F5B2365A-LeaderElection6] INFO  impl.RoleInfo (RoleInfo.java:updateAndGet(139)) - c56757ad-2923-4297-8741-c606545d9a52: start c56757ad-2923-4297-8741-c606545d9a52@group-60E6F5B2365A-LeaderStateImpl
2022-11-05 13:04:35,428 [c56757ad-2923-4297-8741-c606545d9a52@group-60E6F5B2365A-LeaderElection6] INFO  segmented.SegmentedRaftLogWorker (SegmentedRaftLogWorker.java:startLogSegment(452)) - c56757ad-2923-4297-8741-c606545d9a52@group-60E6F5B2365A-SegmentedRaftLogWorker: Starting segment from index:0
2022-11-05 13:04:35,428 [grpc-default-executor-1] INFO  server.RaftServer$Division (RaftServerImpl.java:requestVote(1251)) - 97cc06fc-4025-4c76-bebd-c1d7b79fe413@group-4C9F1E15A7B6 replies to ELECTION vote request: 274c4b45-19e0-452f-8d1e-585a77537937<-97cc06fc-4025-4c76-bebd-c1d7b79fe413#0:OK-t1. Peer's state: 97cc06fc-4025-4c76-bebd-c1d7b79fe413@group-4C9F1E15A7B6:t1, leader=null, voted=274c4b45-19e0-452f-8d1e-585a77537937, raftlog=Memoized:97cc06fc-4025-4c76-bebd-c1d7b79fe413@group-4C9F1E15A7B6-SegmentedRaftLog:OPENED:c-1, conf=-1: peers:[274c4b45-19e0-452f-8d1e-585a77537937|rpc:10.1.0.157:40915|priority:0|startupRole:FOLLOWER, 97cc06fc-4025-4c76-bebd-c1d7b79fe413|rpc:10.1.0.157:40151|priority:0|startupRole:FOLLOWER, c56757ad-2923-4297-8741-c606545d9a52|rpc:10.1.0.157:45683|priority:1|startupRole:FOLLOWER]|listeners:[], old=null
2022-11-05 13:04:35,430 [97cc06fc-4025-4c76-bebd-c1d7b79fe413@group-4C9F1E15A7B6-FollowerState] INFO  server.RaftServerConfigKeys (ConfUtils.java:logFallback(53)) - raft.server.rpc.first-election.timeout.min = 5s (fallback to raft.server.rpc.timeout.min)
2022-11-05 13:04:35,430 [97cc06fc-4025-4c76-bebd-c1d7b79fe413@group-4C9F1E15A7B6-FollowerState] INFO  server.RaftServerConfigKeys (ConfUtils.java:logFallback(53)) - raft.server.rpc.first-election.timeout.max = 5200ms (fallback to raft.server.rpc.timeout.max)
2022-11-05 13:04:35,431 [c56757ad-2923-4297-8741-c606545d9a52@group-60E6F5B2365A-LeaderElection6] INFO  server.RaftServer$Division (ServerState.java:setRaftConf(430)) - c56757ad-2923-4297-8741-c606545d9a52@group-60E6F5B2365A: set configuration 0: peers:[c56757ad-2923-4297-8741-c606545d9a52|rpc:10.1.0.157:45683|dataStream:|priority:1|startupRole:FOLLOWER]|listeners:[], old=null
2022-11-05 13:04:35,435 [grpc-default-executor-0] INFO  server.RaftServer$Division (RaftServerImpl.java:requestVote(1251)) - c56757ad-2923-4297-8741-c606545d9a52@group-4C9F1E15A7B6 replies to ELECTION vote request: 274c4b45-19e0-452f-8d1e-585a77537937<-c56757ad-2923-4297-8741-c606545d9a52#0:FAIL-t1. Peer's state: c56757ad-2923-4297-8741-c606545d9a52@group-4C9F1E15A7B6:t1, leader=null, voted=null, raftlog=Memoized:c56757ad-2923-4297-8741-c606545d9a52@group-4C9F1E15A7B6-SegmentedRaftLog:OPENED:c-1, conf=-1: peers:[274c4b45-19e0-452f-8d1e-585a77537937|rpc:10.1.0.157:40915|dataStream:|priority:0|startupRole:FOLLOWER, 97cc06fc-4025-4c76-bebd-c1d7b79fe413|rpc:10.1.0.157:40151|dataStream:|priority:0|startupRole:FOLLOWER, c56757ad-2923-4297-8741-c606545d9a52|rpc:10.1.0.157:45683|dataStream:|priority:1|startupRole:FOLLOWER]|listeners:[], old=null
2022-11-05 13:04:35,436 [274c4b45-19e0-452f-8d1e-585a77537937@group-4C9F1E15A7B6-LeaderElection5] INFO  impl.LeaderElection (LeaderElection.java:logAndReturn(90)) - 274c4b45-19e0-452f-8d1e-585a77537937@group-4C9F1E15A7B6-LeaderElection5: ELECTION REJECTED received 2 response(s) and 0 exception(s):
2022-11-05 13:04:35,437 [274c4b45-19e0-452f-8d1e-585a77537937@group-4C9F1E15A7B6-LeaderElection5] INFO  impl.LeaderElection (LeaderElection.java:logAndReturn(94)) -   Response 0: 274c4b45-19e0-452f-8d1e-585a77537937<-97cc06fc-4025-4c76-bebd-c1d7b79fe413#0:OK-t1
2022-11-05 13:04:35,437 [274c4b45-19e0-452f-8d1e-585a77537937@group-4C9F1E15A7B6-LeaderElection5] INFO  impl.LeaderElection (LeaderElection.java:logAndReturn(94)) -   Response 1: 274c4b45-19e0-452f-8d1e-585a77537937<-c56757ad-2923-4297-8741-c606545d9a52#0:FAIL-t1
2022-11-05 13:04:35,437 [274c4b45-19e0-452f-8d1e-585a77537937@group-4C9F1E15A7B6-LeaderElection5] INFO  impl.LeaderElection (LeaderElection.java:askForVotes(314)) - 274c4b45-19e0-452f-8d1e-585a77537937@group-4C9F1E15A7B6-LeaderElection5 ELECTION round 0: result REJECTED
2022-11-05 13:04:35,437 [274c4b45-19e0-452f-8d1e-585a77537937@group-4C9F1E15A7B6-LeaderElection5] INFO  server.RaftServer$Division (RaftServerImpl.java:setRole(321)) - 274c4b45-19e0-452f-8d1e-585a77537937@group-4C9F1E15A7B6: changes role from CANDIDATE to FOLLOWER at term 1 for REJECTED
2022-11-05 13:04:35,437 [274c4b45-19e0-452f-8d1e-585a77537937@group-4C9F1E15A7B6-LeaderElection5] INFO  impl.RoleInfo (RoleInfo.java:shutdownLeaderElection(130)) - 274c4b45-19e0-452f-8d1e-585a77537937: shutdown 274c4b45-19e0-452f-8d1e-585a77537937@group-4C9F1E15A7B6-LeaderElection5
2022-11-05 13:04:35,437 [274c4b45-19e0-452f-8d1e-585a77537937@group-4C9F1E15A7B6-LeaderElection5] INFO  impl.RoleInfo (RoleInfo.java:updateAndGet(139)) - 274c4b45-19e0-452f-8d1e-585a77537937: start 274c4b45-19e0-452f-8d1e-585a77537937@group-4C9F1E15A7B6-FollowerState
2022-11-05 13:04:35,440 [274c4b45-19e0-452f-8d1e-585a77537937@group-4C9F1E15A7B6-FollowerState] INFO  server.RaftServerConfigKeys (ConfUtils.java:logFallback(53)) - raft.server.rpc.first-election.timeout.min = 5s (fallback to raft.server.rpc.timeout.min)
2022-11-05 13:04:35,440 [274c4b45-19e0-452f-8d1e-585a77537937@group-4C9F1E15A7B6-FollowerState] INFO  server.RaftServerConfigKeys (ConfUtils.java:logFallback(53)) - raft.server.rpc.first-election.timeout.max = 5200ms (fallback to raft.server.rpc.timeout.max)
2022-11-05 13:04:35,446 [c56757ad-2923-4297-8741-c606545d9a52@group-60E6F5B2365A-SegmentedRaftLogWorker] INFO  segmented.SegmentedRaftLogWorker (SegmentedRaftLogWorker.java:execute(656)) - c56757ad-2923-4297-8741-c606545d9a52@group-60E6F5B2365A-SegmentedRaftLogWorker: created new log segment /home/runner/work/ozone/ozone/hadoop-ozone/integration-test/target/test-dir/MiniOzoneClusterImpl-9e91b504-fe86-427b-a8de-b3d8b21cdaaf/datanode-2/data/ratis/171dd0eb-640e-478d-926a-60e6f5b2365a/current/log_inprogress_0
2022-11-05 13:04:35,726 [Listener at 127.0.0.1/34735] INFO  ozone.MiniOzoneClusterImpl (MiniOzoneClusterImpl.java:lambda$waitForClusterToBeReady$0(216)) - Nodes are ready. Got 10 of 10 DN Heartbeats.
2022-11-05 13:04:35,726 [Listener at 127.0.0.1/34735] INFO  ozone.MiniOzoneClusterImpl (MiniOzoneClusterImpl.java:lambda$waitForClusterToBeReady$0(219)) - Waiting for cluster to exit safe mode
2022-11-05 13:04:35,726 [Listener at 127.0.0.1/34735] INFO  ozone.MiniOzoneClusterImpl (MiniOzoneClusterImpl.java:lambda$waitForClusterToBeReady$0(221)) - SCM became leader
2022-11-05 13:04:35,844 [957f0a06-02fd-450d-99be-0926792af3ec@group-38ABB79AD11D-FollowerState] INFO  impl.FollowerState (FollowerState.java:run(143)) - 957f0a06-02fd-450d-99be-0926792af3ec@group-38ABB79AD11D-FollowerState: change to CANDIDATE, lastRpcElapsedTime:5004651406ns, electionTimeout:5003ms
2022-11-05 13:04:35,844 [957f0a06-02fd-450d-99be-0926792af3ec@group-38ABB79AD11D-FollowerState] INFO  impl.RoleInfo (RoleInfo.java:shutdownFollowerState(110)) - 957f0a06-02fd-450d-99be-0926792af3ec: shutdown 957f0a06-02fd-450d-99be-0926792af3ec@group-38ABB79AD11D-FollowerState
2022-11-05 13:04:35,844 [957f0a06-02fd-450d-99be-0926792af3ec@group-38ABB79AD11D-FollowerState] INFO  server.RaftServer$Division (RaftServerImpl.java:setRole(321)) - 957f0a06-02fd-450d-99be-0926792af3ec@group-38ABB79AD11D: changes role from  FOLLOWER to CANDIDATE at term 0 for changeToCandidate
2022-11-05 13:04:35,844 [957f0a06-02fd-450d-99be-0926792af3ec@group-38ABB79AD11D-FollowerState] INFO  server.RaftServerConfigKeys (ConfUtils.java:logGet(46)) - raft.server.leaderelection.pre-vote = false (custom)
2022-11-05 13:04:35,844 [957f0a06-02fd-450d-99be-0926792af3ec@group-38ABB79AD11D-FollowerState] INFO  impl.RoleInfo (RoleInfo.java:updateAndGet(139)) - 957f0a06-02fd-450d-99be-0926792af3ec: start 957f0a06-02fd-450d-99be-0926792af3ec@group-38ABB79AD11D-LeaderElection7
2022-11-05 13:04:35,860 [957f0a06-02fd-450d-99be-0926792af3ec@group-38ABB79AD11D-LeaderElection7] INFO  impl.LeaderElection (LeaderElection.java:askForVotes(312)) - 957f0a06-02fd-450d-99be-0926792af3ec@group-38ABB79AD11D-LeaderElection7 ELECTION round 0: submit vote requests at term 1 for -1: peers:[957f0a06-02fd-450d-99be-0926792af3ec|rpc:10.1.0.157:39575|priority:1|startupRole:FOLLOWER]|listeners:[], old=null
2022-11-05 13:04:35,860 [957f0a06-02fd-450d-99be-0926792af3ec@group-38ABB79AD11D-LeaderElection7] INFO  impl.LeaderElection (LeaderElection.java:askForVotes(314)) - 957f0a06-02fd-450d-99be-0926792af3ec@group-38ABB79AD11D-LeaderElection7 ELECTION round 0: result PASSED (term=1)
2022-11-05 13:04:35,860 [957f0a06-02fd-450d-99be-0926792af3ec@group-38ABB79AD11D-LeaderElection7] INFO  impl.RoleInfo (RoleInfo.java:shutdownLeaderElection(130)) - 957f0a06-02fd-450d-99be-0926792af3ec: shutdown 957f0a06-02fd-450d-99be-0926792af3ec@group-38ABB79AD11D-LeaderElection7
2022-11-05 13:04:35,861 [957f0a06-02fd-450d-99be-0926792af3ec@group-38ABB79AD11D-LeaderElection7] INFO  server.RaftServer$Division (RaftServerImpl.java:setRole(321)) - 957f0a06-02fd-450d-99be-0926792af3ec@group-38ABB79AD11D: changes role from CANDIDATE to LEADER at term 1 for changeToLeader
2022-11-05 13:04:35,861 [957f0a06-02fd-450d-99be-0926792af3ec@group-38ABB79AD11D-LeaderElection7] INFO  ratis.XceiverServerRatis (XceiverServerRatis.java:handleLeaderChangedNotification(863)) - Leader change notification received for group: group-38ABB79AD11D with new leaderId: 957f0a06-02fd-450d-99be-0926792af3ec
2022-11-05 13:04:35,861 [957f0a06-02fd-450d-99be-0926792af3ec@group-38ABB79AD11D-LeaderElection7] INFO  server.RaftServer$Division (ServerState.java:setLeader(313)) - 957f0a06-02fd-450d-99be-0926792af3ec@group-38ABB79AD11D: change Leader from null to 957f0a06-02fd-450d-99be-0926792af3ec at term 1 for becomeLeader, leader elected after 5061ms
2022-11-05 13:04:35,861 [957f0a06-02fd-450d-99be-0926792af3ec@group-38ABB79AD11D-LeaderElection7] INFO  server.RaftServerConfigKeys (ConfUtils.java:logGet(46)) - raft.server.staging.catchup.gap = 1000 (default)
2022-11-05 13:04:35,862 [EventQueue-OpenPipelineForHealthyPipelineSafeModeRule] INFO  safemode.SCMSafeModeManager (HealthyPipelineSafeModeRule.java:process(137)) - SCM in safe mode. Healthy pipelines reported count is 0, required healthy pipeline reported count is 1
2022-11-05 13:04:35,863 [957f0a06-02fd-450d-99be-0926792af3ec@group-38ABB79AD11D-LeaderElection7] INFO  server.RaftServerConfigKeys (ConfUtils.java:logGet(46)) - raft.server.write.element-limit = 1024 (custom)
2022-11-05 13:04:35,863 [957f0a06-02fd-450d-99be-0926792af3ec@group-38ABB79AD11D-LeaderElection7] INFO  server.RaftServerConfigKeys (ConfUtils.java:logGet(46)) - raft.server.write.byte-limit = 1024 M (=1073741824) (custom)
2022-11-05 13:04:35,863 [957f0a06-02fd-450d-99be-0926792af3ec@group-38ABB79AD11D-LeaderElection7] INFO  server.RaftServerConfigKeys (ConfUtils.java:logGet(46)) - raft.server.watch.timeout = 180s (custom)
2022-11-05 13:04:35,863 [957f0a06-02fd-450d-99be-0926792af3ec@group-38ABB79AD11D-LeaderElection7] INFO  server.RaftServerConfigKeys (ConfUtils.java:logGet(46)) - raft.server.watch.timeout.denomination = 1s (default)
2022-11-05 13:04:35,863 [957f0a06-02fd-450d-99be-0926792af3ec@group-38ABB79AD11D-LeaderElection7] INFO  server.RaftServerConfigKeys (ConfUtils.java:logGet(46)) - raft.server.watch.element-limit = 65536 (default)
2022-11-05 13:04:35,863 [957f0a06-02fd-450d-99be-0926792af3ec@group-38ABB79AD11D-LeaderElection7] INFO  server.RaftServerConfigKeys (ConfUtils.java:logGet(46)) - raft.server.write.element-limit = 1024 (custom)
2022-11-05 13:04:35,863 [957f0a06-02fd-450d-99be-0926792af3ec@group-38ABB79AD11D-LeaderElection7] INFO  server.RaftServerConfigKeys (ConfUtils.java:logGet(46)) - raft.server.write.follower.gap.ratio.max = -1.0 (default)
2022-11-05 13:04:35,863 [957f0a06-02fd-450d-99be-0926792af3ec@group-38ABB79AD11D-LeaderElection7] INFO  impl.RoleInfo (RoleInfo.java:updateAndGet(139)) - 957f0a06-02fd-450d-99be-0926792af3ec: start 957f0a06-02fd-450d-99be-0926792af3ec@group-38ABB79AD11D-LeaderStateImpl
2022-11-05 13:04:35,864 [957f0a06-02fd-450d-99be-0926792af3ec@group-38ABB79AD11D-LeaderElection7] INFO  segmented.SegmentedRaftLogWorker (SegmentedRaftLogWorker.java:startLogSegment(452)) - 957f0a06-02fd-450d-99be-0926792af3ec@group-38ABB79AD11D-SegmentedRaftLogWorker: Starting segment from index:0
2022-11-05 13:04:35,865 [957f0a06-02fd-450d-99be-0926792af3ec@group-38ABB79AD11D-LeaderElection7] INFO  server.RaftServer$Division (ServerState.java:setRaftConf(430)) - 957f0a06-02fd-450d-99be-0926792af3ec@group-38ABB79AD11D: set configuration 0: peers:[957f0a06-02fd-450d-99be-0926792af3ec|rpc:10.1.0.157:39575|dataStream:|priority:1|startupRole:FOLLOWER]|listeners:[], old=null
2022-11-05 13:04:35,873 [957f0a06-02fd-450d-99be-0926792af3ec@group-38ABB79AD11D-SegmentedRaftLogWorker] INFO  segmented.SegmentedRaftLogWorker (SegmentedRaftLogWorker.java:execute(656)) - 957f0a06-02fd-450d-99be-0926792af3ec@group-38ABB79AD11D-SegmentedRaftLogWorker: created new log segment /home/runner/work/ozone/ozone/hadoop-ozone/integration-test/target/test-dir/MiniOzoneClusterImpl-9e91b504-fe86-427b-a8de-b3d8b21cdaaf/datanode-3/data/ratis/5b493c85-bc37-4ef4-b214-38abb79ad11d/current/log_inprogress_0
2022-11-05 13:04:35,978 [957f0a06-02fd-450d-99be-0926792af3ec@group-D8F4D0F112F8-FollowerState] INFO  impl.FollowerState (FollowerState.java:run(143)) - 957f0a06-02fd-450d-99be-0926792af3ec@group-D8F4D0F112F8-FollowerState: change to CANDIDATE, lastRpcElapsedTime:5102271213ns, electionTimeout:5090ms
2022-11-05 13:04:35,978 [957f0a06-02fd-450d-99be-0926792af3ec@group-D8F4D0F112F8-FollowerState] INFO  impl.RoleInfo (RoleInfo.java:shutdownFollowerState(110)) - 957f0a06-02fd-450d-99be-0926792af3ec: shutdown 957f0a06-02fd-450d-99be-0926792af3ec@group-D8F4D0F112F8-FollowerState
2022-11-05 13:04:35,978 [957f0a06-02fd-450d-99be-0926792af3ec@group-D8F4D0F112F8-FollowerState] INFO  server.RaftServer$Division (RaftServerImpl.java:setRole(321)) - 957f0a06-02fd-450d-99be-0926792af3ec@group-D8F4D0F112F8: changes role from  FOLLOWER to CANDIDATE at term 0 for changeToCandidate
2022-11-05 13:04:35,978 [957f0a06-02fd-450d-99be-0926792af3ec@group-D8F4D0F112F8-FollowerState] INFO  server.RaftServerConfigKeys (ConfUtils.java:logGet(46)) - raft.server.leaderelection.pre-vote = false (custom)
2022-11-05 13:04:35,978 [957f0a06-02fd-450d-99be-0926792af3ec@group-D8F4D0F112F8-FollowerState] INFO  impl.RoleInfo (RoleInfo.java:updateAndGet(139)) - 957f0a06-02fd-450d-99be-0926792af3ec: start 957f0a06-02fd-450d-99be-0926792af3ec@group-D8F4D0F112F8-LeaderElection8
2022-11-05 13:04:35,993 [957f0a06-02fd-450d-99be-0926792af3ec@group-D8F4D0F112F8-LeaderElection8] INFO  impl.LeaderElection (LeaderElection.java:askForVotes(312)) - 957f0a06-02fd-450d-99be-0926792af3ec@group-D8F4D0F112F8-LeaderElection8 ELECTION round 0: submit vote requests at term 1 for -1: peers:[8380acfc-c198-4795-aa09-3ffc033ca33b|rpc:10.1.0.157:44611|priority:1|startupRole:FOLLOWER, 957f0a06-02fd-450d-99be-0926792af3ec|rpc:10.1.0.157:39575|priority:0|startupRole:FOLLOWER, 1260d27d-2afd-492e-9430-e2f349ff0f7b|rpc:10.1.0.157:38409|priority:0|startupRole:FOLLOWER]|listeners:[], old=null
2022-11-05 13:04:35,993 [957f0a06-02fd-450d-99be-0926792af3ec@group-D8F4D0F112F8-LeaderElection8] INFO  server.RaftServerConfigKeys (ConfUtils.java:logFallback(53)) - raft.server.rpc.first-election.timeout.min = 5s (fallback to raft.server.rpc.timeout.min)
2022-11-05 13:04:35,993 [957f0a06-02fd-450d-99be-0926792af3ec@group-D8F4D0F112F8-LeaderElection8-1] INFO  server.GrpcServerProtocolClient (GrpcServerProtocolClient.java:<init>(63)) - Build channel for 8380acfc-c198-4795-aa09-3ffc033ca33b
2022-11-05 13:04:35,994 [957f0a06-02fd-450d-99be-0926792af3ec@group-D8F4D0F112F8-LeaderElection8] INFO  server.RaftServerConfigKeys (ConfUtils.java:logFallback(53)) - raft.server.rpc.first-election.timeout.max = 5200ms (fallback to raft.server.rpc.timeout.max)
2022-11-05 13:04:35,994 [957f0a06-02fd-450d-99be-0926792af3ec@group-D8F4D0F112F8-LeaderElection8-2] INFO  server.GrpcServerProtocolClient (GrpcServerProtocolClient.java:<init>(63)) - Build channel for 1260d27d-2afd-492e-9430-e2f349ff0f7b
2022-11-05 13:04:36,010 [grpc-default-executor-0] INFO  server.RaftServer$Division (RaftServerImpl.java:requestVote(1218)) - 8380acfc-c198-4795-aa09-3ffc033ca33b@group-D8F4D0F112F8: receive requestVote(ELECTION, 957f0a06-02fd-450d-99be-0926792af3ec, group-D8F4D0F112F8, 1, (t:0, i:0))
2022-11-05 13:04:36,011 [grpc-default-executor-0] INFO  impl.VoteContext (VoteContext.java:log(48)) - 8380acfc-c198-4795-aa09-3ffc033ca33b@group-D8F4D0F112F8-FOLLOWER: reject ELECTION from 957f0a06-02fd-450d-99be-0926792af3ec: our priority 1 > candidate's priority 0
2022-11-05 13:04:36,011 [grpc-default-executor-0] INFO  server.RaftServer$Division (RaftServerImpl.java:setRole(321)) - 8380acfc-c198-4795-aa09-3ffc033ca33b@group-D8F4D0F112F8: changes role from  FOLLOWER to FOLLOWER at term 1 for candidate:957f0a06-02fd-450d-99be-0926792af3ec
2022-11-05 13:04:36,011 [grpc-default-executor-0] INFO  impl.RoleInfo (RoleInfo.java:shutdownFollowerState(110)) - 8380acfc-c198-4795-aa09-3ffc033ca33b: shutdown 8380acfc-c198-4795-aa09-3ffc033ca33b@group-D8F4D0F112F8-FollowerState
2022-11-05 13:04:36,011 [grpc-default-executor-0] INFO  impl.RoleInfo (RoleInfo.java:updateAndGet(139)) - 8380acfc-c198-4795-aa09-3ffc033ca33b: start 8380acfc-c198-4795-aa09-3ffc033ca33b@group-D8F4D0F112F8-FollowerState
2022-11-05 13:04:36,011 [8380acfc-c198-4795-aa09-3ffc033ca33b@group-D8F4D0F112F8-FollowerState] INFO  impl.FollowerState (FollowerState.java:run(152)) - 8380acfc-c198-4795-aa09-3ffc033ca33b@group-D8F4D0F112F8-FollowerState was interrupted
2022-11-05 13:04:36,011 [8380acfc-c198-4795-aa09-3ffc033ca33b@group-D8F4D0F112F8-FollowerState] INFO  server.RaftServerConfigKeys (ConfUtils.java:logFallback(53)) - raft.server.rpc.first-election.timeout.min = 5s (fallback to raft.server.rpc.timeout.min)
2022-11-05 13:04:36,011 [8380acfc-c198-4795-aa09-3ffc033ca33b@group-D8F4D0F112F8-FollowerState] INFO  server.RaftServerConfigKeys (ConfUtils.java:logFallback(53)) - raft.server.rpc.first-election.timeout.max = 5200ms (fallback to raft.server.rpc.timeout.max)
2022-11-05 13:04:36,015 [grpc-default-executor-1] INFO  server.RaftServer$Division (RaftServerImpl.java:requestVote(1218)) - 1260d27d-2afd-492e-9430-e2f349ff0f7b@group-D8F4D0F112F8: receive requestVote(ELECTION, 957f0a06-02fd-450d-99be-0926792af3ec, group-D8F4D0F112F8, 1, (t:0, i:0))
2022-11-05 13:04:36,015 [grpc-default-executor-1] INFO  impl.VoteContext (VoteContext.java:log(48)) - 1260d27d-2afd-492e-9430-e2f349ff0f7b@group-D8F4D0F112F8-FOLLOWER: accept ELECTION from 957f0a06-02fd-450d-99be-0926792af3ec: our priority 0 <= candidate's priority 0
2022-11-05 13:04:36,015 [grpc-default-executor-1] INFO  server.RaftServer$Division (RaftServerImpl.java:setRole(321)) - 1260d27d-2afd-492e-9430-e2f349ff0f7b@group-D8F4D0F112F8: changes role from  FOLLOWER to FOLLOWER at term 1 for candidate:957f0a06-02fd-450d-99be-0926792af3ec
2022-11-05 13:04:36,015 [grpc-default-executor-1] INFO  impl.RoleInfo (RoleInfo.java:shutdownFollowerState(110)) - 1260d27d-2afd-492e-9430-e2f349ff0f7b: shutdown 1260d27d-2afd-492e-9430-e2f349ff0f7b@group-D8F4D0F112F8-FollowerState
2022-11-05 13:04:36,015 [grpc-default-executor-1] INFO  impl.RoleInfo (RoleInfo.java:updateAndGet(139)) - 1260d27d-2afd-492e-9430-e2f349ff0f7b: start 1260d27d-2afd-492e-9430-e2f349ff0f7b@group-D8F4D0F112F8-FollowerState
2022-11-05 13:04:36,015 [1260d27d-2afd-492e-9430-e2f349ff0f7b@group-D8F4D0F112F8-FollowerState] INFO  impl.FollowerState (FollowerState.java:run(152)) - 1260d27d-2afd-492e-9430-e2f349ff0f7b@group-D8F4D0F112F8-FollowerState was interrupted
2022-11-05 13:04:36,022 [grpc-default-executor-0] INFO  server.RaftServer$Division (RaftServerImpl.java:requestVote(1251)) - 8380acfc-c198-4795-aa09-3ffc033ca33b@group-D8F4D0F112F8 replies to ELECTION vote request: 957f0a06-02fd-450d-99be-0926792af3ec<-8380acfc-c198-4795-aa09-3ffc033ca33b#0:FAIL-t1. Peer's state: 8380acfc-c198-4795-aa09-3ffc033ca33b@group-D8F4D0F112F8:t1, leader=null, voted=null, raftlog=Memoized:8380acfc-c198-4795-aa09-3ffc033ca33b@group-D8F4D0F112F8-SegmentedRaftLog:OPENED:c-1, conf=-1: peers:[8380acfc-c198-4795-aa09-3ffc033ca33b|rpc:10.1.0.157:44611|dataStream:|priority:1|startupRole:FOLLOWER, 957f0a06-02fd-450d-99be-0926792af3ec|rpc:10.1.0.157:39575|dataStream:|priority:0|startupRole:FOLLOWER, 1260d27d-2afd-492e-9430-e2f349ff0f7b|rpc:10.1.0.157:38409|dataStream:|priority:0|startupRole:FOLLOWER]|listeners:[], old=null
2022-11-05 13:04:36,024 [1260d27d-2afd-492e-9430-e2f349ff0f7b@group-D8F4D0F112F8-FollowerState] INFO  server.RaftServerConfigKeys (ConfUtils.java:logFallback(53)) - raft.server.rpc.first-election.timeout.min = 5s (fallback to raft.server.rpc.timeout.min)
2022-11-05 13:04:36,024 [1260d27d-2afd-492e-9430-e2f349ff0f7b@group-D8F4D0F112F8-FollowerState] INFO  server.RaftServerConfigKeys (ConfUtils.java:logFallback(53)) - raft.server.rpc.first-election.timeout.max = 5200ms (fallback to raft.server.rpc.timeout.max)
2022-11-05 13:04:36,024 [957f0a06-02fd-450d-99be-0926792af3ec@group-D8F4D0F112F8-LeaderElection8] INFO  impl.LeaderElection (LeaderElection.java:logAndReturn(90)) - 957f0a06-02fd-450d-99be-0926792af3ec@group-D8F4D0F112F8-LeaderElection8: ELECTION REJECTED received 1 response(s) and 0 exception(s):
2022-11-05 13:04:36,024 [957f0a06-02fd-450d-99be-0926792af3ec@group-D8F4D0F112F8-LeaderElection8] INFO  impl.LeaderElection (LeaderElection.java:logAndReturn(94)) -   Response 0: 957f0a06-02fd-450d-99be-0926792af3ec<-8380acfc-c198-4795-aa09-3ffc033ca33b#0:FAIL-t1
2022-11-05 13:04:36,024 [957f0a06-02fd-450d-99be-0926792af3ec@group-D8F4D0F112F8-LeaderElection8] INFO  impl.LeaderElection (LeaderElection.java:askForVotes(314)) - 957f0a06-02fd-450d-99be-0926792af3ec@group-D8F4D0F112F8-LeaderElection8 ELECTION round 0: result REJECTED
2022-11-05 13:04:36,025 [957f0a06-02fd-450d-99be-0926792af3ec@group-D8F4D0F112F8-LeaderElection8] INFO  server.RaftServer$Division (RaftServerImpl.java:setRole(321)) - 957f0a06-02fd-450d-99be-0926792af3ec@group-D8F4D0F112F8: changes role from CANDIDATE to FOLLOWER at term 1 for REJECTED
2022-11-05 13:04:36,025 [957f0a06-02fd-450d-99be-0926792af3ec@group-D8F4D0F112F8-LeaderElection8] INFO  impl.RoleInfo (RoleInfo.java:shutdownLeaderElection(130)) - 957f0a06-02fd-450d-99be-0926792af3ec: shutdown 957f0a06-02fd-450d-99be-0926792af3ec@group-D8F4D0F112F8-LeaderElection8
2022-11-05 13:04:36,025 [957f0a06-02fd-450d-99be-0926792af3ec@group-D8F4D0F112F8-LeaderElection8] INFO  impl.RoleInfo (RoleInfo.java:updateAndGet(139)) - 957f0a06-02fd-450d-99be-0926792af3ec: start 957f0a06-02fd-450d-99be-0926792af3ec@group-D8F4D0F112F8-FollowerState
2022-11-05 13:04:36,030 [grpc-default-executor-1] INFO  server.RaftServer$Division (RaftServerImpl.java:requestVote(1251)) - 1260d27d-2afd-492e-9430-e2f349ff0f7b@group-D8F4D0F112F8 replies to ELECTION vote request: 957f0a06-02fd-450d-99be-0926792af3ec<-1260d27d-2afd-492e-9430-e2f349ff0f7b#0:OK-t1. Peer's state: 1260d27d-2afd-492e-9430-e2f349ff0f7b@group-D8F4D0F112F8:t1, leader=null, voted=957f0a06-02fd-450d-99be-0926792af3ec, raftlog=Memoized:1260d27d-2afd-492e-9430-e2f349ff0f7b@group-D8F4D0F112F8-SegmentedRaftLog:OPENED:c-1, conf=-1: peers:[8380acfc-c198-4795-aa09-3ffc033ca33b|rpc:10.1.0.157:44611|dataStream:|priority:1|startupRole:FOLLOWER, 957f0a06-02fd-450d-99be-0926792af3ec|rpc:10.1.0.157:39575|dataStream:|priority:0|startupRole:FOLLOWER, 1260d27d-2afd-492e-9430-e2f349ff0f7b|rpc:10.1.0.157:38409|dataStream:|priority:0|startupRole:FOLLOWER]|listeners:[], old=null
2022-11-05 13:04:36,030 [957f0a06-02fd-450d-99be-0926792af3ec@group-D8F4D0F112F8-FollowerState] INFO  server.RaftServerConfigKeys (ConfUtils.java:logFallback(53)) - raft.server.rpc.first-election.timeout.min = 5s (fallback to raft.server.rpc.timeout.min)
2022-11-05 13:04:36,033 [957f0a06-02fd-450d-99be-0926792af3ec@group-D8F4D0F112F8-FollowerState] INFO  server.RaftServerConfigKeys (ConfUtils.java:logFallback(53)) - raft.server.rpc.first-election.timeout.max = 5200ms (fallback to raft.server.rpc.timeout.max)
2022-11-05 13:04:36,094 [957f0a06-02fd-450d-99be-0926792af3ec@group-7D2311A86DCB-FollowerState] INFO  impl.FollowerState (FollowerState.java:run(143)) - 957f0a06-02fd-450d-99be-0926792af3ec@group-7D2311A86DCB-FollowerState: change to CANDIDATE, lastRpcElapsedTime:5070145463ns, electionTimeout:5064ms
2022-11-05 13:04:36,094 [957f0a06-02fd-450d-99be-0926792af3ec@group-7D2311A86DCB-FollowerState] INFO  impl.RoleInfo (RoleInfo.java:shutdownFollowerState(110)) - 957f0a06-02fd-450d-99be-0926792af3ec: shutdown 957f0a06-02fd-450d-99be-0926792af3ec@group-7D2311A86DCB-FollowerState
2022-11-05 13:04:36,094 [957f0a06-02fd-450d-99be-0926792af3ec@group-7D2311A86DCB-FollowerState] INFO  server.RaftServer$Division (RaftServerImpl.java:setRole(321)) - 957f0a06-02fd-450d-99be-0926792af3ec@group-7D2311A86DCB: changes role from  FOLLOWER to CANDIDATE at term 0 for changeToCandidate
2022-11-05 13:04:36,095 [957f0a06-02fd-450d-99be-0926792af3ec@group-7D2311A86DCB-FollowerState] INFO  server.RaftServerConfigKeys (ConfUtils.java:logGet(46)) - raft.server.leaderelection.pre-vote = false (custom)
2022-11-05 13:04:36,095 [957f0a06-02fd-450d-99be-0926792af3ec@group-7D2311A86DCB-FollowerState] INFO  impl.RoleInfo (RoleInfo.java:updateAndGet(139)) - 957f0a06-02fd-450d-99be-0926792af3ec: start 957f0a06-02fd-450d-99be-0926792af3ec@group-7D2311A86DCB-LeaderElection9
2022-11-05 13:04:36,111 [957f0a06-02fd-450d-99be-0926792af3ec@group-7D2311A86DCB-LeaderElection9] INFO  impl.LeaderElection (LeaderElection.java:askForVotes(312)) - 957f0a06-02fd-450d-99be-0926792af3ec@group-7D2311A86DCB-LeaderElection9 ELECTION round 0: submit vote requests at term 1 for -1: peers:[8380acfc-c198-4795-aa09-3ffc033ca33b|rpc:10.1.0.157:44611|priority:0|startupRole:FOLLOWER, 957f0a06-02fd-450d-99be-0926792af3ec|rpc:10.1.0.157:39575|priority:1|startupRole:FOLLOWER, 1260d27d-2afd-492e-9430-e2f349ff0f7b|rpc:10.1.0.157:38409|priority:0|startupRole:FOLLOWER]|listeners:[], old=null
2022-11-05 13:04:36,112 [957f0a06-02fd-450d-99be-0926792af3ec@group-7D2311A86DCB-LeaderElection9] INFO  server.RaftServerConfigKeys (ConfUtils.java:logFallback(53)) - raft.server.rpc.first-election.timeout.min = 5s (fallback to raft.server.rpc.timeout.min)
2022-11-05 13:04:36,112 [957f0a06-02fd-450d-99be-0926792af3ec@group-7D2311A86DCB-LeaderElection9] INFO  server.RaftServerConfigKeys (ConfUtils.java:logFallback(53)) - raft.server.rpc.first-election.timeout.max = 5200ms (fallback to raft.server.rpc.timeout.max)
2022-11-05 13:04:36,115 [grpc-default-executor-1] INFO  server.RaftServer$Division (RaftServerImpl.java:requestVote(1218)) - 8380acfc-c198-4795-aa09-3ffc033ca33b@group-7D2311A86DCB: receive requestVote(ELECTION, 957f0a06-02fd-450d-99be-0926792af3ec, group-7D2311A86DCB, 1, (t:0, i:0))
2022-11-05 13:04:36,115 [grpc-default-executor-1] INFO  impl.VoteContext (VoteContext.java:log(48)) - 8380acfc-c198-4795-aa09-3ffc033ca33b@group-7D2311A86DCB-FOLLOWER: accept ELECTION from 957f0a06-02fd-450d-99be-0926792af3ec: our priority 0 <= candidate's priority 1
2022-11-05 13:04:36,115 [grpc-default-executor-1] INFO  server.RaftServer$Division (RaftServerImpl.java:setRole(321)) - 8380acfc-c198-4795-aa09-3ffc033ca33b@group-7D2311A86DCB: changes role from  FOLLOWER to FOLLOWER at term 1 for candidate:957f0a06-02fd-450d-99be-0926792af3ec
2022-11-05 13:04:36,115 [grpc-default-executor-1] INFO  impl.RoleInfo (RoleInfo.java:shutdownFollowerState(110)) - 8380acfc-c198-4795-aa09-3ffc033ca33b: shutdown 8380acfc-c198-4795-aa09-3ffc033ca33b@group-7D2311A86DCB-FollowerState
2022-11-05 13:04:36,115 [grpc-default-executor-1] INFO  impl.RoleInfo (RoleInfo.java:updateAndGet(139)) - 8380acfc-c198-4795-aa09-3ffc033ca33b: start 8380acfc-c198-4795-aa09-3ffc033ca33b@group-7D2311A86DCB-FollowerState
2022-11-05 13:04:36,116 [8380acfc-c198-4795-aa09-3ffc033ca33b@group-7D2311A86DCB-FollowerState] INFO  impl.FollowerState (FollowerState.java:run(152)) - 8380acfc-c198-4795-aa09-3ffc033ca33b@group-7D2311A86DCB-FollowerState was interrupted
2022-11-05 13:04:36,119 [grpc-default-executor-0] INFO  server.RaftServer$Division (RaftServerImpl.java:requestVote(1218)) - 1260d27d-2afd-492e-9430-e2f349ff0f7b@group-7D2311A86DCB: receive requestVote(ELECTION, 957f0a06-02fd-450d-99be-0926792af3ec, group-7D2311A86DCB, 1, (t:0, i:0))
2022-11-05 13:04:36,119 [grpc-default-executor-0] INFO  impl.VoteContext (VoteContext.java:log(48)) - 1260d27d-2afd-492e-9430-e2f349ff0f7b@group-7D2311A86DCB-FOLLOWER: accept ELECTION from 957f0a06-02fd-450d-99be-0926792af3ec: our priority 0 <= candidate's priority 1
2022-11-05 13:04:36,120 [grpc-default-executor-0] INFO  server.RaftServer$Division (RaftServerImpl.java:setRole(321)) - 1260d27d-2afd-492e-9430-e2f349ff0f7b@group-7D2311A86DCB: changes role from  FOLLOWER to FOLLOWER at term 1 for candidate:957f0a06-02fd-450d-99be-0926792af3ec
2022-11-05 13:04:36,120 [grpc-default-executor-0] INFO  impl.RoleInfo (RoleInfo.java:shutdownFollowerState(110)) - 1260d27d-2afd-492e-9430-e2f349ff0f7b: shutdown 1260d27d-2afd-492e-9430-e2f349ff0f7b@group-7D2311A86DCB-FollowerState
2022-11-05 13:04:36,120 [grpc-default-executor-0] INFO  impl.RoleInfo (RoleInfo.java:updateAndGet(139)) - 1260d27d-2afd-492e-9430-e2f349ff0f7b: start 1260d27d-2afd-492e-9430-e2f349ff0f7b@group-7D2311A86DCB-FollowerState
2022-11-05 13:04:36,120 [1260d27d-2afd-492e-9430-e2f349ff0f7b@group-7D2311A86DCB-FollowerState] INFO  impl.FollowerState (FollowerState.java:run(152)) - 1260d27d-2afd-492e-9430-e2f349ff0f7b@group-7D2311A86DCB-FollowerState was interrupted
2022-11-05 13:04:36,128 [1260d27d-2afd-492e-9430-e2f349ff0f7b@group-7D2311A86DCB-FollowerState] INFO  server.RaftServerConfigKeys (ConfUtils.java:logFallback(53)) - raft.server.rpc.first-election.timeout.min = 5s (fallback to raft.server.rpc.timeout.min)
2022-11-05 13:04:36,128 [1260d27d-2afd-492e-9430-e2f349ff0f7b@group-7D2311A86DCB-FollowerState] INFO  server.RaftServerConfigKeys (ConfUtils.java:logFallback(53)) - raft.server.rpc.first-election.timeout.max = 5200ms (fallback to raft.server.rpc.timeout.max)
2022-11-05 13:04:36,129 [8380acfc-c198-4795-aa09-3ffc033ca33b@group-7D2311A86DCB-FollowerState] INFO  server.RaftServerConfigKeys (ConfUtils.java:logFallback(53)) - raft.server.rpc.first-election.timeout.min = 5s (fallback to raft.server.rpc.timeout.min)
2022-11-05 13:04:36,129 [8380acfc-c198-4795-aa09-3ffc033ca33b@group-7D2311A86DCB-FollowerState] INFO  server.RaftServerConfigKeys (ConfUtils.java:logFallback(53)) - raft.server.rpc.first-election.timeout.max = 5200ms (fallback to raft.server.rpc.timeout.max)
2022-11-05 13:04:36,135 [grpc-default-executor-0] INFO  server.RaftServer$Division (RaftServerImpl.java:requestVote(1251)) - 1260d27d-2afd-492e-9430-e2f349ff0f7b@group-7D2311A86DCB replies to ELECTION vote request: 957f0a06-02fd-450d-99be-0926792af3ec<-1260d27d-2afd-492e-9430-e2f349ff0f7b#0:OK-t1. Peer's state: 1260d27d-2afd-492e-9430-e2f349ff0f7b@group-7D2311A86DCB:t1, leader=null, voted=957f0a06-02fd-450d-99be-0926792af3ec, raftlog=Memoized:1260d27d-2afd-492e-9430-e2f349ff0f7b@group-7D2311A86DCB-SegmentedRaftLog:OPENED:c-1, conf=-1: peers:[8380acfc-c198-4795-aa09-3ffc033ca33b|rpc:10.1.0.157:44611|dataStream:|priority:0|startupRole:FOLLOWER, 957f0a06-02fd-450d-99be-0926792af3ec|rpc:10.1.0.157:39575|dataStream:|priority:1|startupRole:FOLLOWER, 1260d27d-2afd-492e-9430-e2f349ff0f7b|rpc:10.1.0.157:38409|dataStream:|priority:0|startupRole:FOLLOWER]|listeners:[], old=null
2022-11-05 13:04:36,137 [957f0a06-02fd-450d-99be-0926792af3ec@group-7D2311A86DCB-LeaderElection9] INFO  impl.LeaderElection (LeaderElection.java:logAndReturn(90)) - 957f0a06-02fd-450d-99be-0926792af3ec@group-7D2311A86DCB-LeaderElection9: ELECTION PASSED received 1 response(s) and 0 exception(s):
2022-11-05 13:04:36,137 [957f0a06-02fd-450d-99be-0926792af3ec@group-7D2311A86DCB-LeaderElection9] INFO  impl.LeaderElection (LeaderElection.java:logAndReturn(94)) -   Response 0: 957f0a06-02fd-450d-99be-0926792af3ec<-1260d27d-2afd-492e-9430-e2f349ff0f7b#0:OK-t1
2022-11-05 13:04:36,137 [957f0a06-02fd-450d-99be-0926792af3ec@group-7D2311A86DCB-LeaderElection9] INFO  impl.LeaderElection (LeaderElection.java:askForVotes(314)) - 957f0a06-02fd-450d-99be-0926792af3ec@group-7D2311A86DCB-LeaderElection9 ELECTION round 0: result PASSED
2022-11-05 13:04:36,137 [957f0a06-02fd-450d-99be-0926792af3ec@group-7D2311A86DCB-LeaderElection9] INFO  impl.RoleInfo (RoleInfo.java:shutdownLeaderElection(130)) - 957f0a06-02fd-450d-99be-0926792af3ec: shutdown 957f0a06-02fd-450d-99be-0926792af3ec@group-7D2311A86DCB-LeaderElection9
2022-11-05 13:04:36,137 [957f0a06-02fd-450d-99be-0926792af3ec@group-7D2311A86DCB-LeaderElection9] INFO  server.RaftServer$Division (RaftServerImpl.java:setRole(321)) - 957f0a06-02fd-450d-99be-0926792af3ec@group-7D2311A86DCB: changes role from CANDIDATE to LEADER at term 1 for changeToLeader
2022-11-05 13:04:36,137 [957f0a06-02fd-450d-99be-0926792af3ec@group-7D2311A86DCB-LeaderElection9] INFO  ratis.XceiverServerRatis (XceiverServerRatis.java:handleLeaderChangedNotification(863)) - Leader change notification received for group: group-7D2311A86DCB with new leaderId: 957f0a06-02fd-450d-99be-0926792af3ec
2022-11-05 13:04:36,137 [957f0a06-02fd-450d-99be-0926792af3ec@group-7D2311A86DCB-LeaderElection9] INFO  server.RaftServer$Division (ServerState.java:setLeader(313)) - 957f0a06-02fd-450d-99be-0926792af3ec@group-7D2311A86DCB: change Leader from null to 957f0a06-02fd-450d-99be-0926792af3ec at term 1 for becomeLeader, leader elected after 5144ms
2022-11-05 13:04:36,137 [957f0a06-02fd-450d-99be-0926792af3ec@group-7D2311A86DCB-LeaderElection9] INFO  server.RaftServerConfigKeys (ConfUtils.java:logGet(46)) - raft.server.staging.catchup.gap = 1000 (default)
2022-11-05 13:04:36,138 [957f0a06-02fd-450d-99be-0926792af3ec@group-7D2311A86DCB-LeaderElection9] INFO  server.RaftServerConfigKeys (ConfUtils.java:logGet(46)) - raft.server.write.element-limit = 1024 (custom)
2022-11-05 13:04:36,138 [957f0a06-02fd-450d-99be-0926792af3ec@group-7D2311A86DCB-LeaderElection9] INFO  server.RaftServerConfigKeys (ConfUtils.java:logGet(46)) - raft.server.write.byte-limit = 1024 M (=1073741824) (custom)
2022-11-05 13:04:36,138 [957f0a06-02fd-450d-99be-0926792af3ec@group-7D2311A86DCB-LeaderElection9] INFO  server.RaftServerConfigKeys (ConfUtils.java:logGet(46)) - raft.server.watch.timeout = 180s (custom)
2022-11-05 13:04:36,138 [957f0a06-02fd-450d-99be-0926792af3ec@group-7D2311A86DCB-LeaderElection9] INFO  server.RaftServerConfigKeys (ConfUtils.java:logGet(46)) - raft.server.watch.timeout.denomination = 1s (default)
2022-11-05 13:04:36,138 [957f0a06-02fd-450d-99be-0926792af3ec@group-7D2311A86DCB-LeaderElection9] INFO  server.RaftServerConfigKeys (ConfUtils.java:logGet(46)) - raft.server.watch.element-limit = 65536 (default)
2022-11-05 13:04:36,138 [957f0a06-02fd-450d-99be-0926792af3ec@group-7D2311A86DCB-LeaderElection9] INFO  server.RaftServerConfigKeys (ConfUtils.java:logGet(46)) - raft.server.write.element-limit = 1024 (custom)
2022-11-05 13:04:36,138 [957f0a06-02fd-450d-99be-0926792af3ec@group-7D2311A86DCB-LeaderElection9] INFO  server.RaftServerConfigKeys (ConfUtils.java:logGet(46)) - raft.server.write.follower.gap.ratio.max = -1.0 (default)
2022-11-05 13:04:36,139 [EventQueue-PipelineReportForPipelineReportHandler] INFO  pipeline.PipelineManagerImpl (PipelineManagerImpl.java:openPipeline(367)) - Pipeline Pipeline[ Id: ebb89aeb-7114-4a66-a098-7d2311a86dcb, Nodes: 8380acfc-c198-4795-aa09-3ffc033ca33b{ip: 10.1.0.157, host: fv-az83-841.uavyq1izdhte5b0ne1us2eqzhb.jx.internal.cloudapp.net, ports: [REPLICATION=41951, RATIS=44611, RATIS_ADMIN=44611, RATIS_SERVER=44611, STANDALONE=41175], networkLocation: /default-rack, certSerialId: null, persistedOpState: IN_SERVICE, persistedOpStateExpiryEpochSec: 0}957f0a06-02fd-450d-99be-0926792af3ec{ip: 10.1.0.157, host: fv-az83-841.uavyq1izdhte5b0ne1us2eqzhb.jx.internal.cloudapp.net, ports: [REPLICATION=41619, RATIS=39575, RATIS_ADMIN=39575, RATIS_SERVER=39575, STANDALONE=40737], networkLocation: /default-rack, certSerialId: null, persistedOpState: IN_SERVICE, persistedOpStateExpiryEpochSec: 0}1260d27d-2afd-492e-9430-e2f349ff0f7b{ip: 10.1.0.157, host: fv-az83-841.uavyq1izdhte5b0ne1us2eqzhb.jx.internal.cloudapp.net, ports: [REPLICATION=45011, RATIS=38409, RATIS_ADMIN=38409, RATIS_SERVER=38409, STANDALONE=36575], networkLocation: /default-rack, certSerialId: null, persistedOpState: IN_SERVICE, persistedOpStateExpiryEpochSec: 0}, ReplicationConfig: RATIS/THREE, State:ALLOCATED, leaderId:957f0a06-02fd-450d-99be-0926792af3ec, CreationTimestamp2022-11-05T13:04:28.718Z[Etc/UTC]] moved to OPEN state
2022-11-05 13:04:36,140 [EventQueue-OpenPipelineForHealthyPipelineSafeModeRule] INFO  safemode.SCMSafeModeManager (HealthyPipelineSafeModeRule.java:process(137)) - SCM in safe mode. Healthy pipelines reported count is 0, required healthy pipeline reported count is 1
2022-11-05 13:04:36,140 [EventQueue-OpenPipelineForHealthyPipelineSafeModeRule] INFO  safemode.SCMSafeModeManager (HealthyPipelineSafeModeRule.java:process(137)) - SCM in safe mode. Healthy pipelines reported count is 1, required healthy pipeline reported count is 1
2022-11-05 13:04:36,140 [EventQueue-OpenPipelineForHealthyPipelineSafeModeRule] INFO  safemode.SCMSafeModeManager (SCMSafeModeManager.java:validateSafeModeExitRules(204)) - HealthyPipelineSafeModeRule rule is successfully validated
2022-11-05 13:04:36,140 [EventQueue-OpenPipelineForHealthyPipelineSafeModeRule] INFO  safemode.SCMSafeModeManager (SCMSafeModeManager.java:validateSafeModeExitRules(219)) - ScmSafeModeManager, all rules are successfully validated
2022-11-05 13:04:36,140 [EventQueue-OpenPipelineForHealthyPipelineSafeModeRule] INFO  safemode.SCMSafeModeManager (SCMSafeModeManager.java:exitSafeMode(248)) - SCM exiting safe mode.
2022-11-05 13:04:36,140 [EventQueue-OpenPipelineForHealthyPipelineSafeModeRule] WARN  events.EventQueue (EventQueue.java:fireEvent(216)) - No event handler registered for event TypedEvent{payloadType=SafeModeStatus, name='Safe mode status'}
2022-11-05 13:04:36,140 [EventQueue-OpenPipelineForHealthyPipelineSafeModeRule] INFO  ha.SCMContext (SCMContext.java:updateSafeModeStatus(228)) - Update SafeModeStatus from SafeModeStatus{safeModeStatus=true, preCheckPassed=true} to SafeModeStatus{safeModeStatus=false, preCheckPassed=true}.
2022-11-05 13:04:36,140 [EventQueue-OpenPipelineForHealthyPipelineSafeModeRule] INFO  pipeline.BackgroundPipelineCreator (BackgroundPipelineCreator.java:notifyStatusChanged(254)) - Service BackgroundPipelineCreator transitions to RUNNING.
2022-11-05 13:04:36,140 [EventQueue-OpenPipelineForHealthyPipelineSafeModeRule] INFO  BackgroundPipelineScrubber (BackgroundSCMService.java:notifyStatusChanged(82)) - Service BackgroundPipelineScrubber transitions to RUNNING.
2022-11-05 13:04:36,140 [EventQueue-OpenPipelineForHealthyPipelineSafeModeRule] INFO  ExpiredContainerReplicaOpScrubber (BackgroundSCMService.java:notifyStatusChanged(82)) - Service ExpiredContainerReplicaOpScrubber transitions to RUNNING.
2022-11-05 13:04:36,140 [EventQueue-OpenPipelineForHealthyPipelineSafeModeRule] INFO  replication.ReplicationManager (ReplicationManager.java:notifyStatusChanged(798)) - Service ReplicationManager transitions to RUNNING.
2022-11-05 13:04:36,143 [grpc-default-executor-1] INFO  server.RaftServer$Division (RaftServerImpl.java:requestVote(1251)) - 8380acfc-c198-4795-aa09-3ffc033ca33b@group-7D2311A86DCB replies to ELECTION vote request: 957f0a06-02fd-450d-99be-0926792af3ec<-8380acfc-c198-4795-aa09-3ffc033ca33b#0:OK-t1. Peer's state: 8380acfc-c198-4795-aa09-3ffc033ca33b@group-7D2311A86DCB:t1, leader=null, voted=957f0a06-02fd-450d-99be-0926792af3ec, raftlog=Memoized:8380acfc-c198-4795-aa09-3ffc033ca33b@group-7D2311A86DCB-SegmentedRaftLog:OPENED:c-1, conf=-1: peers:[8380acfc-c198-4795-aa09-3ffc033ca33b|rpc:10.1.0.157:44611|dataStream:|priority:0|startupRole:FOLLOWER, 957f0a06-02fd-450d-99be-0926792af3ec|rpc:10.1.0.157:39575|dataStream:|priority:1|startupRole:FOLLOWER, 1260d27d-2afd-492e-9430-e2f349ff0f7b|rpc:10.1.0.157:38409|dataStream:|priority:0|startupRole:FOLLOWER]|listeners:[], old=null
2022-11-05 13:04:36,147 [EventQueue-OpenPipelineForHealthyPipelineSafeModeRule] WARN  balancer.ContainerBalancer (ContainerBalancer.java:shouldRun(131)) - Could not find persisted configuration for ContainerBalancer when checking if ContainerBalancer should run. ContainerBalancer should not run now.
2022-11-05 13:04:36,152 [957f0a06-02fd-450d-99be-0926792af3ec@group-7D2311A86DCB-LeaderElection9] INFO  server.RaftServerConfigKeys (ConfUtils.java:logGet(46)) - raft.server.log.appender.snapshot.chunk.size.max = 16MB (=16777216) (default)
2022-11-05 13:04:36,152 [957f0a06-02fd-450d-99be-0926792af3ec@group-7D2311A86DCB-LeaderElection9] INFO  server.RaftServerConfigKeys (ConfUtils.java:logGet(46)) - raft.server.log.appender.buffer.byte-limit = 33554432 (custom)
2022-11-05 13:04:36,152 [957f0a06-02fd-450d-99be-0926792af3ec@group-7D2311A86DCB-LeaderElection9] INFO  server.RaftServerConfigKeys (ConfUtils.java:logGet(46)) - raft.server.log.appender.buffer.element-limit = 1 (custom)
2022-11-05 13:04:36,155 [957f0a06-02fd-450d-99be-0926792af3ec@group-7D2311A86DCB-LeaderElection9] INFO  grpc.GrpcConfigKeys (ConfUtils.java:logGet(46)) - raft.grpc.server.leader.outstanding.appends.max = 128 (default)
2022-11-05 13:04:36,155 [957f0a06-02fd-450d-99be-0926792af3ec@group-7D2311A86DCB-LeaderElection9] INFO  server.RaftServerConfigKeys (ConfUtils.java:logGet(46)) - raft.server.rpc.request.timeout = 60s (custom)
2022-11-05 13:04:36,155 [957f0a06-02fd-450d-99be-0926792af3ec@group-7D2311A86DCB-LeaderElection9] INFO  server.RaftServerConfigKeys (ConfUtils.java:logGet(46)) - raft.server.log.appender.install.snapshot.enabled = false (custom)
2022-11-05 13:04:36,155 [957f0a06-02fd-450d-99be-0926792af3ec@group-7D2311A86DCB-LeaderElection9] INFO  grpc.GrpcConfigKeys (ConfUtils.java:logGet(46)) - raft.grpc.server.heartbeat.channel = true (default)
2022-11-05 13:04:36,155 [957f0a06-02fd-450d-99be-0926792af3ec@group-7D2311A86DCB-LeaderElection9] INFO  server.RaftServerConfigKeys (ConfUtils.java:logGet(46)) - raft.server.log.appender.wait-time.min = 10ms (default)
2022-11-05 13:04:36,157 [957f0a06-02fd-450d-99be-0926792af3ec@group-7D2311A86DCB-LeaderElection9] INFO  server.RaftServerConfigKeys (ConfUtils.java:logGet(46)) - raft.server.log.appender.snapshot.chunk.size.max = 16MB (=16777216) (default)
2022-11-05 13:04:36,157 [957f0a06-02fd-450d-99be-0926792af3ec@group-7D2311A86DCB-LeaderElection9] INFO  server.RaftServerConfigKeys (ConfUtils.java:logGet(46)) - raft.server.log.appender.buffer.byte-limit = 33554432 (custom)
2022-11-05 13:04:36,157 [957f0a06-02fd-450d-99be-0926792af3ec@group-7D2311A86DCB-LeaderElection9] INFO  server.RaftServerConfigKeys (ConfUtils.java:logGet(46)) - raft.server.log.appender.buffer.element-limit = 1 (custom)
2022-11-05 13:04:36,157 [957f0a06-02fd-450d-99be-0926792af3ec@group-7D2311A86DCB-LeaderElection9] INFO  grpc.GrpcConfigKeys (ConfUtils.java:logGet(46)) - raft.grpc.server.leader.outstanding.appends.max = 128 (default)
2022-11-05 13:04:36,157 [957f0a06-02fd-450d-99be-0926792af3ec@group-7D2311A86DCB-LeaderElection9] INFO  server.RaftServerConfigKeys (ConfUtils.java:logGet(46)) - raft.server.rpc.request.timeout = 60s (custom)
2022-11-05 13:04:36,157 [957f0a06-02fd-450d-99be-0926792af3ec@group-7D2311A86DCB-LeaderElection9] INFO  server.RaftServerConfigKeys (ConfUtils.java:logGet(46)) - raft.server.log.appender.install.snapshot.enabled = false (custom)
2022-11-05 13:04:36,157 [957f0a06-02fd-450d-99be-0926792af3ec@group-7D2311A86DCB-LeaderElection9] INFO  grpc.GrpcConfigKeys (ConfUtils.java:logGet(46)) - raft.grpc.server.heartbeat.channel = true (default)
2022-11-05 13:04:36,157 [957f0a06-02fd-450d-99be-0926792af3ec@group-7D2311A86DCB-LeaderElection9] INFO  server.RaftServerConfigKeys (ConfUtils.java:logGet(46)) - raft.server.log.appender.wait-time.min = 10ms (default)
2022-11-05 13:04:36,158 [957f0a06-02fd-450d-99be-0926792af3ec@group-7D2311A86DCB-LeaderElection9] INFO  impl.RoleInfo (RoleInfo.java:updateAndGet(139)) - 957f0a06-02fd-450d-99be-0926792af3ec: start 957f0a06-02fd-450d-99be-0926792af3ec@group-7D2311A86DCB-LeaderStateImpl
2022-11-05 13:04:36,158 [957f0a06-02fd-450d-99be-0926792af3ec@group-7D2311A86DCB-LeaderElection9] INFO  segmented.SegmentedRaftLogWorker (SegmentedRaftLogWorker.java:startLogSegment(452)) - 957f0a06-02fd-450d-99be-0926792af3ec@group-7D2311A86DCB-SegmentedRaftLogWorker: Starting segment from index:0
2022-11-05 13:04:36,167 [957f0a06-02fd-450d-99be-0926792af3ec@group-7D2311A86DCB-LeaderElection9] INFO  server.RaftServer$Division (ServerState.java:setRaftConf(430)) - 957f0a06-02fd-450d-99be-0926792af3ec@group-7D2311A86DCB: set configuration 0: peers:[8380acfc-c198-4795-aa09-3ffc033ca33b|rpc:10.1.0.157:44611|dataStream:|priority:0|startupRole:FOLLOWER, 957f0a06-02fd-450d-99be-0926792af3ec|rpc:10.1.0.157:39575|dataStream:|priority:1|startupRole:FOLLOWER, 1260d27d-2afd-492e-9430-e2f349ff0f7b|rpc:10.1.0.157:38409|dataStream:|priority:0|startupRole:FOLLOWER]|listeners:[], old=null
2022-11-05 13:04:36,169 [957f0a06-02fd-450d-99be-0926792af3ec@group-7D2311A86DCB-SegmentedRaftLogWorker] INFO  segmented.SegmentedRaftLogWorker (SegmentedRaftLogWorker.java:execute(656)) - 957f0a06-02fd-450d-99be-0926792af3ec@group-7D2311A86DCB-SegmentedRaftLogWorker: created new log segment /home/runner/work/ozone/ozone/hadoop-ozone/integration-test/target/test-dir/MiniOzoneClusterImpl-9e91b504-fe86-427b-a8de-b3d8b21cdaaf/datanode-3/data/ratis/ebb89aeb-7114-4a66-a098-7d2311a86dcb/current/log_inprogress_0
2022-11-05 13:04:36,229 [8380acfc-c198-4795-aa09-3ffc033ca33b-server-thread1] INFO  ratis.XceiverServerRatis (XceiverServerRatis.java:handleLeaderChangedNotification(863)) - Leader change notification received for group: group-7D2311A86DCB with new leaderId: 957f0a06-02fd-450d-99be-0926792af3ec
2022-11-05 13:04:36,229 [8380acfc-c198-4795-aa09-3ffc033ca33b-server-thread1] INFO  server.RaftServer$Division (ServerState.java:setLeader(313)) - 8380acfc-c198-4795-aa09-3ffc033ca33b@group-7D2311A86DCB: change Leader from null to 957f0a06-02fd-450d-99be-0926792af3ec at term 1 for appendEntries, leader elected after 5176ms
2022-11-05 13:04:36,238 [1260d27d-2afd-492e-9430-e2f349ff0f7b-server-thread1] INFO  ratis.XceiverServerRatis (XceiverServerRatis.java:handleLeaderChangedNotification(863)) - Leader change notification received for group: group-7D2311A86DCB with new leaderId: 957f0a06-02fd-450d-99be-0926792af3ec
2022-11-05 13:04:36,238 [1260d27d-2afd-492e-9430-e2f349ff0f7b-server-thread1] INFO  server.RaftServer$Division (ServerState.java:setLeader(313)) - 1260d27d-2afd-492e-9430-e2f349ff0f7b@group-7D2311A86DCB: change Leader from null to 957f0a06-02fd-450d-99be-0926792af3ec at term 1 for appendEntries, leader elected after 5144ms
2022-11-05 13:04:36,265 [1260d27d-2afd-492e-9430-e2f349ff0f7b-server-thread2] INFO  server.RaftServer$Division (ServerState.java:setRaftConf(430)) - 1260d27d-2afd-492e-9430-e2f349ff0f7b@group-7D2311A86DCB: set configuration 0: peers:[8380acfc-c198-4795-aa09-3ffc033ca33b|rpc:10.1.0.157:44611|dataStream:|priority:0|startupRole:FOLLOWER, 957f0a06-02fd-450d-99be-0926792af3ec|rpc:10.1.0.157:39575|dataStream:|priority:1|startupRole:FOLLOWER, 1260d27d-2afd-492e-9430-e2f349ff0f7b|rpc:10.1.0.157:38409|dataStream:|priority:0|startupRole:FOLLOWER]|listeners:[], old=null
2022-11-05 13:04:36,265 [1260d27d-2afd-492e-9430-e2f349ff0f7b-server-thread2] INFO  segmented.SegmentedRaftLogWorker (SegmentedRaftLogWorker.java:startLogSegment(452)) - 1260d27d-2afd-492e-9430-e2f349ff0f7b@group-7D2311A86DCB-SegmentedRaftLogWorker: Starting segment from index:0
2022-11-05 13:04:36,266 [8380acfc-c198-4795-aa09-3ffc033ca33b-server-thread3] INFO  server.RaftServer$Division (ServerState.java:setRaftConf(430)) - 8380acfc-c198-4795-aa09-3ffc033ca33b@group-7D2311A86DCB: set configuration 0: peers:[8380acfc-c198-4795-aa09-3ffc033ca33b|rpc:10.1.0.157:44611|dataStream:|priority:0|startupRole:FOLLOWER, 957f0a06-02fd-450d-99be-0926792af3ec|rpc:10.1.0.157:39575|dataStream:|priority:1|startupRole:FOLLOWER, 1260d27d-2afd-492e-9430-e2f349ff0f7b|rpc:10.1.0.157:38409|dataStream:|priority:0|startupRole:FOLLOWER]|listeners:[], old=null
2022-11-05 13:04:36,266 [8380acfc-c198-4795-aa09-3ffc033ca33b-server-thread3] INFO  segmented.SegmentedRaftLogWorker (SegmentedRaftLogWorker.java:startLogSegment(452)) - 8380acfc-c198-4795-aa09-3ffc033ca33b@group-7D2311A86DCB-SegmentedRaftLogWorker: Starting segment from index:0
2022-11-05 13:04:36,274 [8380acfc-c198-4795-aa09-3ffc033ca33b@group-7D2311A86DCB-SegmentedRaftLogWorker] INFO  segmented.SegmentedRaftLogWorker (SegmentedRaftLogWorker.java:execute(656)) - 8380acfc-c198-4795-aa09-3ffc033ca33b@group-7D2311A86DCB-SegmentedRaftLogWorker: created new log segment /home/runner/work/ozone/ozone/hadoop-ozone/integration-test/target/test-dir/MiniOzoneClusterImpl-9e91b504-fe86-427b-a8de-b3d8b21cdaaf/datanode-4/data/ratis/ebb89aeb-7114-4a66-a098-7d2311a86dcb/current/log_inprogress_0
2022-11-05 13:04:36,280 [1260d27d-2afd-492e-9430-e2f349ff0f7b@group-7D2311A86DCB-SegmentedRaftLogWorker] INFO  segmented.SegmentedRaftLogWorker (SegmentedRaftLogWorker.java:execute(656)) - 1260d27d-2afd-492e-9430-e2f349ff0f7b@group-7D2311A86DCB-SegmentedRaftLogWorker: created new log segment /home/runner/work/ozone/ozone/hadoop-ozone/integration-test/target/test-dir/MiniOzoneClusterImpl-9e91b504-fe86-427b-a8de-b3d8b21cdaaf/datanode-5/data/ratis/ebb89aeb-7114-4a66-a098-7d2311a86dcb/current/log_inprogress_0
2022-11-05 13:04:36,321 [8380acfc-c198-4795-aa09-3ffc033ca33b@group-0EE44BEE4943-FollowerState] INFO  impl.FollowerState (FollowerState.java:run(143)) - 8380acfc-c198-4795-aa09-3ffc033ca33b@group-0EE44BEE4943-FollowerState: change to CANDIDATE, lastRpcElapsedTime:5072283213ns, electionTimeout:5070ms
2022-11-05 13:04:36,321 [8380acfc-c198-4795-aa09-3ffc033ca33b@group-0EE44BEE4943-FollowerState] INFO  impl.RoleInfo (RoleInfo.java:shutdownFollowerState(110)) - 8380acfc-c198-4795-aa09-3ffc033ca33b: shutdown 8380acfc-c198-4795-aa09-3ffc033ca33b@group-0EE44BEE4943-FollowerState
2022-11-05 13:04:36,321 [8380acfc-c198-4795-aa09-3ffc033ca33b@group-0EE44BEE4943-FollowerState] INFO  server.RaftServer$Division (RaftServerImpl.java:setRole(321)) - 8380acfc-c198-4795-aa09-3ffc033ca33b@group-0EE44BEE4943: changes role from  FOLLOWER to CANDIDATE at term 0 for changeToCandidate
2022-11-05 13:04:36,321 [8380acfc-c198-4795-aa09-3ffc033ca33b@group-0EE44BEE4943-FollowerState] INFO  server.RaftServerConfigKeys (ConfUtils.java:logGet(46)) - raft.server.leaderelection.pre-vote = false (custom)
2022-11-05 13:04:36,321 [8380acfc-c198-4795-aa09-3ffc033ca33b@group-0EE44BEE4943-FollowerState] INFO  impl.RoleInfo (RoleInfo.java:updateAndGet(139)) - 8380acfc-c198-4795-aa09-3ffc033ca33b: start 8380acfc-c198-4795-aa09-3ffc033ca33b@group-0EE44BEE4943-LeaderElection10
2022-11-05 13:04:36,331 [8380acfc-c198-4795-aa09-3ffc033ca33b@group-0EE44BEE4943-LeaderElection10] INFO  impl.LeaderElection (LeaderElection.java:askForVotes(312)) - 8380acfc-c198-4795-aa09-3ffc033ca33b@group-0EE44BEE4943-LeaderElection10 ELECTION round 0: submit vote requests at term 1 for -1: peers:[8380acfc-c198-4795-aa09-3ffc033ca33b|rpc:10.1.0.157:44611|priority:1|startupRole:FOLLOWER]|listeners:[], old=null
2022-11-05 13:04:36,331 [8380acfc-c198-4795-aa09-3ffc033ca33b@group-0EE44BEE4943-LeaderElection10] INFO  impl.LeaderElection (LeaderElection.java:askForVotes(314)) - 8380acfc-c198-4795-aa09-3ffc033ca33b@group-0EE44BEE4943-LeaderElection10 ELECTION round 0: result PASSED (term=1)
2022-11-05 13:04:36,331 [8380acfc-c198-4795-aa09-3ffc033ca33b@group-0EE44BEE4943-LeaderElection10] INFO  impl.RoleInfo (RoleInfo.java:shutdownLeaderElection(130)) - 8380acfc-c198-4795-aa09-3ffc033ca33b: shutdown 8380acfc-c198-4795-aa09-3ffc033ca33b@group-0EE44BEE4943-LeaderElection10
2022-11-05 13:04:36,331 [8380acfc-c198-4795-aa09-3ffc033ca33b@group-0EE44BEE4943-LeaderElection10] INFO  server.RaftServer$Division (RaftServerImpl.java:setRole(321)) - 8380acfc-c198-4795-aa09-3ffc033ca33b@group-0EE44BEE4943: changes role from CANDIDATE to LEADER at term 1 for changeToLeader
2022-11-05 13:04:36,331 [8380acfc-c198-4795-aa09-3ffc033ca33b@group-0EE44BEE4943-LeaderElection10] INFO  ratis.XceiverServerRatis (XceiverServerRatis.java:handleLeaderChangedNotification(863)) - Leader change notification received for group: group-0EE44BEE4943 with new leaderId: 8380acfc-c198-4795-aa09-3ffc033ca33b
2022-11-05 13:04:36,332 [8380acfc-c198-4795-aa09-3ffc033ca33b@group-0EE44BEE4943-LeaderElection10] INFO  server.RaftServer$Division (ServerState.java:setLeader(313)) - 8380acfc-c198-4795-aa09-3ffc033ca33b@group-0EE44BEE4943: change Leader from null to 8380acfc-c198-4795-aa09-3ffc033ca33b at term 1 for becomeLeader, leader elected after 5106ms
2022-11-05 13:04:36,332 [8380acfc-c198-4795-aa09-3ffc033ca33b@group-0EE44BEE4943-LeaderElection10] INFO  server.RaftServerConfigKeys (ConfUtils.java:logGet(46)) - raft.server.staging.catchup.gap = 1000 (default)
2022-11-05 13:04:36,332 [8380acfc-c198-4795-aa09-3ffc033ca33b@group-0EE44BEE4943-LeaderElection10] INFO  server.RaftServerConfigKeys (ConfUtils.java:logGet(46)) - raft.server.write.element-limit = 1024 (custom)
2022-11-05 13:04:36,334 [8380acfc-c198-4795-aa09-3ffc033ca33b@group-0EE44BEE4943-LeaderElection10] INFO  server.RaftServerConfigKeys (ConfUtils.java:logGet(46)) - raft.server.write.byte-limit = 1024 M (=1073741824) (custom)
2022-11-05 13:04:36,334 [8380acfc-c198-4795-aa09-3ffc033ca33b@group-0EE44BEE4943-LeaderElection10] INFO  server.RaftServerConfigKeys (ConfUtils.java:logGet(46)) - raft.server.watch.timeout = 180s (custom)
2022-11-05 13:04:36,334 [8380acfc-c198-4795-aa09-3ffc033ca33b@group-0EE44BEE4943-LeaderElection10] INFO  server.RaftServerConfigKeys (ConfUtils.java:logGet(46)) - raft.server.watch.timeout.denomination = 1s (default)
2022-11-05 13:04:36,334 [8380acfc-c198-4795-aa09-3ffc033ca33b@group-0EE44BEE4943-LeaderElection10] INFO  server.RaftServerConfigKeys (ConfUtils.java:logGet(46)) - raft.server.watch.element-limit = 65536 (default)
2022-11-05 13:04:36,334 [8380acfc-c198-4795-aa09-3ffc033ca33b@group-0EE44BEE4943-LeaderElection10] INFO  server.RaftServerConfigKeys (ConfUtils.java:logGet(46)) - raft.server.write.element-limit = 1024 (custom)
2022-11-05 13:04:36,334 [8380acfc-c198-4795-aa09-3ffc033ca33b@group-0EE44BEE4943-LeaderElection10] INFO  server.RaftServerConfigKeys (ConfUtils.java:logGet(46)) - raft.server.write.follower.gap.ratio.max = -1.0 (default)
2022-11-05 13:04:36,334 [8380acfc-c198-4795-aa09-3ffc033ca33b@group-0EE44BEE4943-LeaderElection10] INFO  impl.RoleInfo (RoleInfo.java:updateAndGet(139)) - 8380acfc-c198-4795-aa09-3ffc033ca33b: start 8380acfc-c198-4795-aa09-3ffc033ca33b@group-0EE44BEE4943-LeaderStateImpl
2022-11-05 13:04:36,335 [8380acfc-c198-4795-aa09-3ffc033ca33b@group-0EE44BEE4943-LeaderElection10] INFO  segmented.SegmentedRaftLogWorker (SegmentedRaftLogWorker.java:startLogSegment(452)) - 8380acfc-c198-4795-aa09-3ffc033ca33b@group-0EE44BEE4943-SegmentedRaftLogWorker: Starting segment from index:0
2022-11-05 13:04:36,346 [8380acfc-c198-4795-aa09-3ffc033ca33b@group-0EE44BEE4943-LeaderElection10] INFO  server.RaftServer$Division (ServerState.java:setRaftConf(430)) - 8380acfc-c198-4795-aa09-3ffc033ca33b@group-0EE44BEE4943: set configuration 0: peers:[8380acfc-c198-4795-aa09-3ffc033ca33b|rpc:10.1.0.157:44611|dataStream:|priority:1|startupRole:FOLLOWER]|listeners:[], old=null
2022-11-05 13:04:36,346 [8380acfc-c198-4795-aa09-3ffc033ca33b@group-0EE44BEE4943-SegmentedRaftLogWorker] INFO  segmented.SegmentedRaftLogWorker (SegmentedRaftLogWorker.java:execute(656)) - 8380acfc-c198-4795-aa09-3ffc033ca33b@group-0EE44BEE4943-SegmentedRaftLogWorker: created new log segment /home/runner/work/ozone/ozone/hadoop-ozone/integration-test/target/test-dir/MiniOzoneClusterImpl-9e91b504-fe86-427b-a8de-b3d8b21cdaaf/datanode-4/data/ratis/5ea41772-35a2-4a04-931b-0ee44bee4943/current/log_inprogress_0
2022-11-05 13:04:36,727 [Listener at 127.0.0.1/34735] INFO  ozone.MiniOzoneClusterImpl (MiniOzoneClusterImpl.java:lambda$waitForClusterToBeReady$0(216)) - Nodes are ready. Got 10 of 10 DN Heartbeats.
2022-11-05 13:04:36,727 [Listener at 127.0.0.1/34735] INFO  ozone.MiniOzoneClusterImpl (MiniOzoneClusterImpl.java:lambda$waitForClusterToBeReady$0(219)) - Cluster exits safe mode
2022-11-05 13:04:36,727 [Listener at 127.0.0.1/34735] INFO  ozone.MiniOzoneClusterImpl (MiniOzoneClusterImpl.java:lambda$waitForClusterToBeReady$0(221)) - SCM became leader
2022-11-05 13:04:36,919 [1260d27d-2afd-492e-9430-e2f349ff0f7b@group-B815C51BAEA2-FollowerState] INFO  impl.FollowerState (FollowerState.java:run(143)) - 1260d27d-2afd-492e-9430-e2f349ff0f7b@group-B815C51BAEA2-FollowerState: change to CANDIDATE, lastRpcElapsedTime:5182130821ns, electionTimeout:5180ms
2022-11-05 13:04:36,920 [1260d27d-2afd-492e-9430-e2f349ff0f7b@group-B815C51BAEA2-FollowerState] INFO  impl.RoleInfo (RoleInfo.java:shutdownFollowerState(110)) - 1260d27d-2afd-492e-9430-e2f349ff0f7b: shutdown 1260d27d-2afd-492e-9430-e2f349ff0f7b@group-B815C51BAEA2-FollowerState
2022-11-05 13:04:36,920 [1260d27d-2afd-492e-9430-e2f349ff0f7b@group-B815C51BAEA2-FollowerState] INFO  server.RaftServer$Division (RaftServerImpl.java:setRole(321)) - 1260d27d-2afd-492e-9430-e2f349ff0f7b@group-B815C51BAEA2: changes role from  FOLLOWER to CANDIDATE at term 0 for changeToCandidate
2022-11-05 13:04:36,920 [1260d27d-2afd-492e-9430-e2f349ff0f7b@group-B815C51BAEA2-FollowerState] INFO  server.RaftServerConfigKeys (ConfUtils.java:logGet(46)) - raft.server.leaderelection.pre-vote = false (custom)
2022-11-05 13:04:36,920 [1260d27d-2afd-492e-9430-e2f349ff0f7b@group-B815C51BAEA2-FollowerState] INFO  impl.RoleInfo (RoleInfo.java:updateAndGet(139)) - 1260d27d-2afd-492e-9430-e2f349ff0f7b: start 1260d27d-2afd-492e-9430-e2f349ff0f7b@group-B815C51BAEA2-LeaderElection11
2022-11-05 13:04:36,930 [1260d27d-2afd-492e-9430-e2f349ff0f7b@group-B815C51BAEA2-LeaderElection11] INFO  impl.LeaderElection (LeaderElection.java:askForVotes(312)) - 1260d27d-2afd-492e-9430-e2f349ff0f7b@group-B815C51BAEA2-LeaderElection11 ELECTION round 0: submit vote requests at term 1 for -1: peers:[1260d27d-2afd-492e-9430-e2f349ff0f7b|rpc:10.1.0.157:38409|priority:1|startupRole:FOLLOWER]|listeners:[], old=null
2022-11-05 13:04:36,930 [1260d27d-2afd-492e-9430-e2f349ff0f7b@group-B815C51BAEA2-LeaderElection11] INFO  impl.LeaderElection (LeaderElection.java:askForVotes(314)) - 1260d27d-2afd-492e-9430-e2f349ff0f7b@group-B815C51BAEA2-LeaderElection11 ELECTION round 0: result PASSED (term=1)
2022-11-05 13:04:36,931 [1260d27d-2afd-492e-9430-e2f349ff0f7b@group-B815C51BAEA2-LeaderElection11] INFO  impl.RoleInfo (RoleInfo.java:shutdownLeaderElection(130)) - 1260d27d-2afd-492e-9430-e2f349ff0f7b: shutdown 1260d27d-2afd-492e-9430-e2f349ff0f7b@group-B815C51BAEA2-LeaderElection11
2022-11-05 13:04:36,931 [1260d27d-2afd-492e-9430-e2f349ff0f7b@group-B815C51BAEA2-LeaderElection11] INFO  server.RaftServer$Division (RaftServerImpl.java:setRole(321)) - 1260d27d-2afd-492e-9430-e2f349ff0f7b@group-B815C51BAEA2: changes role from CANDIDATE to LEADER at term 1 for changeToLeader
2022-11-05 13:04:36,931 [1260d27d-2afd-492e-9430-e2f349ff0f7b@group-B815C51BAEA2-LeaderElection11] INFO  ratis.XceiverServerRatis (XceiverServerRatis.java:handleLeaderChangedNotification(863)) - Leader change notification received for group: group-B815C51BAEA2 with new leaderId: 1260d27d-2afd-492e-9430-e2f349ff0f7b
2022-11-05 13:04:36,933 [1260d27d-2afd-492e-9430-e2f349ff0f7b@group-B815C51BAEA2-LeaderElection11] INFO  server.RaftServer$Division (ServerState.java:setLeader(313)) - 1260d27d-2afd-492e-9430-e2f349ff0f7b@group-B815C51BAEA2: change Leader from null to 1260d27d-2afd-492e-9430-e2f349ff0f7b at term 1 for becomeLeader, leader elected after 5217ms
2022-11-05 13:04:36,933 [1260d27d-2afd-492e-9430-e2f349ff0f7b@group-B815C51BAEA2-LeaderElection11] INFO  server.RaftServerConfigKeys (ConfUtils.java:logGet(46)) - raft.server.staging.catchup.gap = 1000 (default)
2022-11-05 13:04:36,933 [1260d27d-2afd-492e-9430-e2f349ff0f7b@group-B815C51BAEA2-LeaderElection11] INFO  server.RaftServerConfigKeys (ConfUtils.java:logGet(46)) - raft.server.write.element-limit = 1024 (custom)
2022-11-05 13:04:36,934 [1260d27d-2afd-492e-9430-e2f349ff0f7b@group-B815C51BAEA2-LeaderElection11] INFO  server.RaftServerConfigKeys (ConfUtils.java:logGet(46)) - raft.server.write.byte-limit = 1024 M (=1073741824) (custom)
2022-11-05 13:04:36,934 [1260d27d-2afd-492e-9430-e2f349ff0f7b@group-B815C51BAEA2-LeaderElection11] INFO  server.RaftServerConfigKeys (ConfUtils.java:logGet(46)) - raft.server.watch.timeout = 180s (custom)
2022-11-05 13:04:36,934 [1260d27d-2afd-492e-9430-e2f349ff0f7b@group-B815C51BAEA2-LeaderElection11] INFO  server.RaftServerConfigKeys (ConfUtils.java:logGet(46)) - raft.server.watch.timeout.denomination = 1s (default)
2022-11-05 13:04:36,934 [1260d27d-2afd-492e-9430-e2f349ff0f7b@group-B815C51BAEA2-LeaderElection11] INFO  server.RaftServerConfigKeys (ConfUtils.java:logGet(46)) - raft.server.watch.element-limit = 65536 (default)
2022-11-05 13:04:36,934 [1260d27d-2afd-492e-9430-e2f349ff0f7b@group-B815C51BAEA2-LeaderElection11] INFO  server.RaftServerConfigKeys (ConfUtils.java:logGet(46)) - raft.server.write.element-limit = 1024 (custom)
2022-11-05 13:04:36,934 [1260d27d-2afd-492e-9430-e2f349ff0f7b@group-B815C51BAEA2-LeaderElection11] INFO  server.RaftServerConfigKeys (ConfUtils.java:logGet(46)) - raft.server.write.follower.gap.ratio.max = -1.0 (default)
2022-11-05 13:04:36,934 [1260d27d-2afd-492e-9430-e2f349ff0f7b@group-B815C51BAEA2-LeaderElection11] INFO  impl.RoleInfo (RoleInfo.java:updateAndGet(139)) - 1260d27d-2afd-492e-9430-e2f349ff0f7b: start 1260d27d-2afd-492e-9430-e2f349ff0f7b@group-B815C51BAEA2-LeaderStateImpl
2022-11-05 13:04:36,934 [1260d27d-2afd-492e-9430-e2f349ff0f7b@group-B815C51BAEA2-LeaderElection11] INFO  segmented.SegmentedRaftLogWorker (SegmentedRaftLogWorker.java:startLogSegment(452)) - 1260d27d-2afd-492e-9430-e2f349ff0f7b@group-B815C51BAEA2-SegmentedRaftLogWorker: Starting segment from index:0
2022-11-05 13:04:36,943 [1260d27d-2afd-492e-9430-e2f349ff0f7b@group-B815C51BAEA2-SegmentedRaftLogWorker] INFO  segmented.SegmentedRaftLogWorker (SegmentedRaftLogWorker.java:execute(656)) - 1260d27d-2afd-492e-9430-e2f349ff0f7b@group-B815C51BAEA2-SegmentedRaftLogWorker: created new log segment /home/runner/work/ozone/ozone/hadoop-ozone/integration-test/target/test-dir/MiniOzoneClusterImpl-9e91b504-fe86-427b-a8de-b3d8b21cdaaf/datanode-5/data/ratis/f7dd3ac0-0e4e-4164-ab68-b815c51baea2/current/log_inprogress_0
2022-11-05 13:04:36,943 [1260d27d-2afd-492e-9430-e2f349ff0f7b@group-B815C51BAEA2-LeaderElection11] INFO  server.RaftServer$Division (ServerState.java:setRaftConf(430)) - 1260d27d-2afd-492e-9430-e2f349ff0f7b@group-B815C51BAEA2: set configuration 0: peers:[1260d27d-2afd-492e-9430-e2f349ff0f7b|rpc:10.1.0.157:38409|dataStream:|priority:1|startupRole:FOLLOWER]|listeners:[], old=null
2022-11-05 13:04:37,140 [Listener at 127.0.0.1/34735] INFO  rpc.RpcClient (RpcClient.java:createVolume(472)) - Creating Volume: 92a9a897-cc00-4a31-9912-7687ffd67c3c, with runner as owner and space quota set to -1 bytes, counts quota set to -1
2022-11-05 13:04:37,189 [OM StateMachine ApplyTransaction Thread - 0] INFO  volume.OMVolumeCreateRequest (OMVolumeCreateRequest.java:validateAndUpdateCache(195)) - created volume:92a9a897-cc00-4a31-9912-7687ffd67c3c for user:runner
2022-11-05 13:04:37,222 [Listener at 127.0.0.1/34735] INFO  rpc.RpcClient (RpcClient.java:createBucket(691)) - Creating Bucket: 92a9a897-cc00-4a31-9912-7687ffd67c3c/92a9a897-cc00-4a31-9912-7687ffd67c3c, with server-side default bucket layout, runner as owner, Versioning false, Storage Type set to DISK and Encryption set to false 
2022-11-05 13:04:37,242 [OM StateMachine ApplyTransaction Thread - 0] INFO  bucket.OMBucketCreateRequest (OMBucketCreateRequest.java:validateAndUpdateCache(260)) - created bucket: 92a9a897-cc00-4a31-9912-7687ffd67c3c of layout LEGACY in volume: 92a9a897-cc00-4a31-9912-7687ffd67c3c
2022-11-05 13:04:37,262 [Listener at 127.0.0.1/34735] INFO  rpc.RpcClient (RpcClient.java:createBucket(691)) - Creating Bucket: 92a9a897-cc00-4a31-9912-7687ffd67c3c/ef24300e-a818-400f-950f-ca260bd78ff6, with server-side default bucket layout, runner as owner, Versioning false, Storage Type set to DISK and Encryption set to false 
2022-11-05 13:04:37,278 [OM StateMachine ApplyTransaction Thread - 0] INFO  bucket.OMBucketCreateRequest (OMBucketCreateRequest.java:validateAndUpdateCache(260)) - created bucket: ef24300e-a818-400f-950f-ca260bd78ff6 of layout LEGACY in volume: 92a9a897-cc00-4a31-9912-7687ffd67c3c
2022-11-05 13:04:37,315 [3fdd4c6e-2961-42ba-90d3-b5f169a49f15@group-D71B9630B45A-FollowerState] INFO  impl.FollowerState (FollowerState.java:run(143)) - 3fdd4c6e-2961-42ba-90d3-b5f169a49f15@group-D71B9630B45A-FollowerState: change to CANDIDATE, lastRpcElapsedTime:5094688066ns, electionTimeout:5078ms
2022-11-05 13:04:37,315 [3fdd4c6e-2961-42ba-90d3-b5f169a49f15@group-D71B9630B45A-FollowerState] INFO  impl.RoleInfo (RoleInfo.java:shutdownFollowerState(110)) - 3fdd4c6e-2961-42ba-90d3-b5f169a49f15: shutdown 3fdd4c6e-2961-42ba-90d3-b5f169a49f15@group-D71B9630B45A-FollowerState
2022-11-05 13:04:37,315 [3fdd4c6e-2961-42ba-90d3-b5f169a49f15@group-D71B9630B45A-FollowerState] INFO  server.RaftServer$Division (RaftServerImpl.java:setRole(321)) - 3fdd4c6e-2961-42ba-90d3-b5f169a49f15@group-D71B9630B45A: changes role from  FOLLOWER to CANDIDATE at term 0 for changeToCandidate
2022-11-05 13:04:37,315 [3fdd4c6e-2961-42ba-90d3-b5f169a49f15@group-D71B9630B45A-FollowerState] INFO  server.RaftServerConfigKeys (ConfUtils.java:logGet(46)) - raft.server.leaderelection.pre-vote = false (custom)
2022-11-05 13:04:37,315 [3fdd4c6e-2961-42ba-90d3-b5f169a49f15@group-D71B9630B45A-FollowerState] INFO  impl.RoleInfo (RoleInfo.java:updateAndGet(139)) - 3fdd4c6e-2961-42ba-90d3-b5f169a49f15: start 3fdd4c6e-2961-42ba-90d3-b5f169a49f15@group-D71B9630B45A-LeaderElection12
2022-11-05 13:04:37,338 [IPC Server handler 9 on default port 36903] INFO  pipeline.PipelineStateManagerImpl (PipelineStateManagerImpl.java:addPipeline(103)) - Created pipeline Pipeline[ Id: 3376a47f-ef52-43b8-9127-cb93d49fa805, Nodes: 1260d27d-2afd-492e-9430-e2f349ff0f7b{ip: 10.1.0.157, host: fv-az83-841.uavyq1izdhte5b0ne1us2eqzhb.jx.internal.cloudapp.net, ports: [REPLICATION=45011, RATIS=38409, RATIS_ADMIN=38409, RATIS_SERVER=38409, STANDALONE=36575], networkLocation: /default-rack, certSerialId: null, persistedOpState: null, persistedOpStateExpiryEpochSec: 0}81de4557-c158-4718-93a8-b16ff7f8daad{ip: 10.1.0.157, host: fv-az83-841.uavyq1izdhte5b0ne1us2eqzhb.jx.internal.cloudapp.net, ports: [REPLICATION=38531, RATIS=42037, RATIS_ADMIN=42037, RATIS_SERVER=42037, STANDALONE=40833], networkLocation: /default-rack, certSerialId: null, persistedOpState: null, persistedOpStateExpiryEpochSec: 0}b385a6e1-c61e-4aaf-9536-8cc86fe51578{ip: 10.1.0.157, host: fv-az83-841.uavyq1izdhte5b0ne1us2eqzhb.jx.internal.cloudapp.net, ports: [REPLICATION=36919, RATIS=36679, RATIS_ADMIN=36679, RATIS_SERVER=36679, STANDALONE=37193], networkLocation: /default-rack, certSerialId: null, persistedOpState: null, persistedOpStateExpiryEpochSec: 0}c56757ad-2923-4297-8741-c606545d9a52{ip: 10.1.0.157, host: fv-az83-841.uavyq1izdhte5b0ne1us2eqzhb.jx.internal.cloudapp.net, ports: [REPLICATION=40585, RATIS=45683, RATIS_ADMIN=45683, RATIS_SERVER=45683, STANDALONE=39937], networkLocation: /default-rack, certSerialId: null, persistedOpState: null, persistedOpStateExpiryEpochSec: 0}8380acfc-c198-4795-aa09-3ffc033ca33b{ip: 10.1.0.157, host: fv-az83-841.uavyq1izdhte5b0ne1us2eqzhb.jx.internal.cloudapp.net, ports: [REPLICATION=41951, RATIS=44611, RATIS_ADMIN=44611, RATIS_SERVER=44611, STANDALONE=41175], networkLocation: /default-rack, certSerialId: null, persistedOpState: null, persistedOpStateExpiryEpochSec: 0}, ReplicationConfig: EC/ECReplicationConfig{data=3, parity=2, ecChunkSize=1024, codec=rs}, State:ALLOCATED, leaderId:, CreationTimestamp2022-11-05T13:04:37.337Z[Etc/UTC]].
2022-11-05 13:04:37,340 [IPC Server handler 9 on default port 36903] INFO  ha.SequenceIdGenerator (SequenceIdGenerator.java:getNextId(128)) - Allocate a batch for containerId, change lastId from 0 to 1000.
2022-11-05 13:04:37,344 [3fdd4c6e-2961-42ba-90d3-b5f169a49f15@group-D71B9630B45A-LeaderElection12] INFO  impl.LeaderElection (LeaderElection.java:askForVotes(312)) - 3fdd4c6e-2961-42ba-90d3-b5f169a49f15@group-D71B9630B45A-LeaderElection12 ELECTION round 0: submit vote requests at term 1 for -1: peers:[3fdd4c6e-2961-42ba-90d3-b5f169a49f15|rpc:10.1.0.157:38617|priority:1|startupRole:FOLLOWER]|listeners:[], old=null
2022-11-05 13:04:37,344 [3fdd4c6e-2961-42ba-90d3-b5f169a49f15@group-D71B9630B45A-LeaderElection12] INFO  impl.LeaderElection (LeaderElection.java:askForVotes(314)) - 3fdd4c6e-2961-42ba-90d3-b5f169a49f15@group-D71B9630B45A-LeaderElection12 ELECTION round 0: result PASSED (term=1)
2022-11-05 13:04:37,344 [3fdd4c6e-2961-42ba-90d3-b5f169a49f15@group-D71B9630B45A-LeaderElection12] INFO  impl.RoleInfo (RoleInfo.java:shutdownLeaderElection(130)) - 3fdd4c6e-2961-42ba-90d3-b5f169a49f15: shutdown 3fdd4c6e-2961-42ba-90d3-b5f169a49f15@group-D71B9630B45A-LeaderElection12
2022-11-05 13:04:37,344 [3fdd4c6e-2961-42ba-90d3-b5f169a49f15@group-D71B9630B45A-LeaderElection12] INFO  server.RaftServer$Division (RaftServerImpl.java:setRole(321)) - 3fdd4c6e-2961-42ba-90d3-b5f169a49f15@group-D71B9630B45A: changes role from CANDIDATE to LEADER at term 1 for changeToLeader
2022-11-05 13:04:37,344 [3fdd4c6e-2961-42ba-90d3-b5f169a49f15@group-D71B9630B45A-LeaderElection12] INFO  ratis.XceiverServerRatis (XceiverServerRatis.java:handleLeaderChangedNotification(863)) - Leader change notification received for group: group-D71B9630B45A with new leaderId: 3fdd4c6e-2961-42ba-90d3-b5f169a49f15
2022-11-05 13:04:37,345 [3fdd4c6e-2961-42ba-90d3-b5f169a49f15@group-D71B9630B45A-LeaderElection12] INFO  server.RaftServer$Division (ServerState.java:setLeader(313)) - 3fdd4c6e-2961-42ba-90d3-b5f169a49f15@group-D71B9630B45A: change Leader from null to 3fdd4c6e-2961-42ba-90d3-b5f169a49f15 at term 1 for becomeLeader, leader elected after 5154ms
2022-11-05 13:04:37,345 [3fdd4c6e-2961-42ba-90d3-b5f169a49f15@group-D71B9630B45A-LeaderElection12] INFO  server.RaftServerConfigKeys (ConfUtils.java:logGet(46)) - raft.server.staging.catchup.gap = 1000 (default)
2022-11-05 13:04:37,345 [3fdd4c6e-2961-42ba-90d3-b5f169a49f15@group-D71B9630B45A-LeaderElection12] INFO  server.RaftServerConfigKeys (ConfUtils.java:logGet(46)) - raft.server.write.element-limit = 1024 (custom)
2022-11-05 13:04:37,345 [3fdd4c6e-2961-42ba-90d3-b5f169a49f15@group-D71B9630B45A-LeaderElection12] INFO  server.RaftServerConfigKeys (ConfUtils.java:logGet(46)) - raft.server.write.byte-limit = 1024 M (=1073741824) (custom)
2022-11-05 13:04:37,345 [3fdd4c6e-2961-42ba-90d3-b5f169a49f15@group-D71B9630B45A-LeaderElection12] INFO  server.RaftServerConfigKeys (ConfUtils.java:logGet(46)) - raft.server.watch.timeout = 180s (custom)
2022-11-05 13:04:37,345 [3fdd4c6e-2961-42ba-90d3-b5f169a49f15@group-D71B9630B45A-LeaderElection12] INFO  server.RaftServerConfigKeys (ConfUtils.java:logGet(46)) - raft.server.watch.timeout.denomination = 1s (default)
2022-11-05 13:04:37,345 [3fdd4c6e-2961-42ba-90d3-b5f169a49f15@group-D71B9630B45A-LeaderElection12] INFO  server.RaftServerConfigKeys (ConfUtils.java:logGet(46)) - raft.server.watch.element-limit = 65536 (default)
2022-11-05 13:04:37,345 [3fdd4c6e-2961-42ba-90d3-b5f169a49f15@group-D71B9630B45A-LeaderElection12] INFO  server.RaftServerConfigKeys (ConfUtils.java:logGet(46)) - raft.server.write.element-limit = 1024 (custom)
2022-11-05 13:04:37,345 [3fdd4c6e-2961-42ba-90d3-b5f169a49f15@group-D71B9630B45A-LeaderElection12] INFO  server.RaftServerConfigKeys (ConfUtils.java:logGet(46)) - raft.server.write.follower.gap.ratio.max = -1.0 (default)
2022-11-05 13:04:37,345 [3fdd4c6e-2961-42ba-90d3-b5f169a49f15@group-D71B9630B45A-LeaderElection12] INFO  impl.RoleInfo (RoleInfo.java:updateAndGet(139)) - 3fdd4c6e-2961-42ba-90d3-b5f169a49f15: start 3fdd4c6e-2961-42ba-90d3-b5f169a49f15@group-D71B9630B45A-LeaderStateImpl
2022-11-05 13:04:37,346 [3fdd4c6e-2961-42ba-90d3-b5f169a49f15@group-D71B9630B45A-LeaderElection12] INFO  segmented.SegmentedRaftLogWorker (SegmentedRaftLogWorker.java:startLogSegment(452)) - 3fdd4c6e-2961-42ba-90d3-b5f169a49f15@group-D71B9630B45A-SegmentedRaftLogWorker: Starting segment from index:0
2022-11-05 13:04:37,350 [3fdd4c6e-2961-42ba-90d3-b5f169a49f15@group-D71B9630B45A-LeaderElection12] INFO  server.RaftServer$Division (ServerState.java:setRaftConf(430)) - 3fdd4c6e-2961-42ba-90d3-b5f169a49f15@group-D71B9630B45A: set configuration 0: peers:[3fdd4c6e-2961-42ba-90d3-b5f169a49f15|rpc:10.1.0.157:38617|dataStream:|priority:1|startupRole:FOLLOWER]|listeners:[], old=null
2022-11-05 13:04:37,354 [44bea1f4-43dd-4415-bb4e-4e9896dd68f6@group-D5EC486ECE4F-FollowerState] INFO  impl.FollowerState (FollowerState.java:run(143)) - 44bea1f4-43dd-4415-bb4e-4e9896dd68f6@group-D5EC486ECE4F-FollowerState: change to CANDIDATE, lastRpcElapsedTime:5035356192ns, electionTimeout:5026ms
2022-11-05 13:04:37,354 [44bea1f4-43dd-4415-bb4e-4e9896dd68f6@group-D5EC486ECE4F-FollowerState] INFO  impl.RoleInfo (RoleInfo.java:shutdownFollowerState(110)) - 44bea1f4-43dd-4415-bb4e-4e9896dd68f6: shutdown 44bea1f4-43dd-4415-bb4e-4e9896dd68f6@group-D5EC486ECE4F-FollowerState
2022-11-05 13:04:37,354 [44bea1f4-43dd-4415-bb4e-4e9896dd68f6@group-D5EC486ECE4F-FollowerState] INFO  server.RaftServer$Division (RaftServerImpl.java:setRole(321)) - 44bea1f4-43dd-4415-bb4e-4e9896dd68f6@group-D5EC486ECE4F: changes role from  FOLLOWER to CANDIDATE at term 0 for changeToCandidate
2022-11-05 13:04:37,354 [44bea1f4-43dd-4415-bb4e-4e9896dd68f6@group-D5EC486ECE4F-FollowerState] INFO  server.RaftServerConfigKeys (ConfUtils.java:logGet(46)) - raft.server.leaderelection.pre-vote = false (custom)
2022-11-05 13:04:37,354 [44bea1f4-43dd-4415-bb4e-4e9896dd68f6@group-D5EC486ECE4F-FollowerState] INFO  impl.RoleInfo (RoleInfo.java:updateAndGet(139)) - 44bea1f4-43dd-4415-bb4e-4e9896dd68f6: start 44bea1f4-43dd-4415-bb4e-4e9896dd68f6@group-D5EC486ECE4F-LeaderElection13
2022-11-05 13:04:37,355 [3fdd4c6e-2961-42ba-90d3-b5f169a49f15@group-D71B9630B45A-SegmentedRaftLogWorker] INFO  segmented.SegmentedRaftLogWorker (SegmentedRaftLogWorker.java:execute(656)) - 3fdd4c6e-2961-42ba-90d3-b5f169a49f15@group-D71B9630B45A-SegmentedRaftLogWorker: created new log segment /home/runner/work/ozone/ozone/hadoop-ozone/integration-test/target/test-dir/MiniOzoneClusterImpl-9e91b504-fe86-427b-a8de-b3d8b21cdaaf/datanode-6/data/ratis/bce25ec2-b675-4632-9492-d71b9630b45a/current/log_inprogress_0
2022-11-05 13:04:37,358 [IPC Server handler 9 on default port 36903] INFO  pipeline.PipelineManagerImpl (PipelineManagerImpl.java:openPipeline(367)) - Pipeline Pipeline[ Id: 3376a47f-ef52-43b8-9127-cb93d49fa805, Nodes: 1260d27d-2afd-492e-9430-e2f349ff0f7b{ip: 10.1.0.157, host: fv-az83-841.uavyq1izdhte5b0ne1us2eqzhb.jx.internal.cloudapp.net, ports: [REPLICATION=45011, RATIS=38409, RATIS_ADMIN=38409, RATIS_SERVER=38409, STANDALONE=36575], networkLocation: /default-rack, certSerialId: null, persistedOpState: null, persistedOpStateExpiryEpochSec: 0}81de4557-c158-4718-93a8-b16ff7f8daad{ip: 10.1.0.157, host: fv-az83-841.uavyq1izdhte5b0ne1us2eqzhb.jx.internal.cloudapp.net, ports: [REPLICATION=38531, RATIS=42037, RATIS_ADMIN=42037, RATIS_SERVER=42037, STANDALONE=40833], networkLocation: /default-rack, certSerialId: null, persistedOpState: null, persistedOpStateExpiryEpochSec: 0}b385a6e1-c61e-4aaf-9536-8cc86fe51578{ip: 10.1.0.157, host: fv-az83-841.uavyq1izdhte5b0ne1us2eqzhb.jx.internal.cloudapp.net, ports: [REPLICATION=36919, RATIS=36679, RATIS_ADMIN=36679, RATIS_SERVER=36679, STANDALONE=37193], networkLocation: /default-rack, certSerialId: null, persistedOpState: null, persistedOpStateExpiryEpochSec: 0}c56757ad-2923-4297-8741-c606545d9a52{ip: 10.1.0.157, host: fv-az83-841.uavyq1izdhte5b0ne1us2eqzhb.jx.internal.cloudapp.net, ports: [REPLICATION=40585, RATIS=45683, RATIS_ADMIN=45683, RATIS_SERVER=45683, STANDALONE=39937], networkLocation: /default-rack, certSerialId: null, persistedOpState: null, persistedOpStateExpiryEpochSec: 0}8380acfc-c198-4795-aa09-3ffc033ca33b{ip: 10.1.0.157, host: fv-az83-841.uavyq1izdhte5b0ne1us2eqzhb.jx.internal.cloudapp.net, ports: [REPLICATION=41951, RATIS=44611, RATIS_ADMIN=44611, RATIS_SERVER=44611, STANDALONE=41175], networkLocation: /default-rack, certSerialId: null, persistedOpState: null, persistedOpStateExpiryEpochSec: 0}, ReplicationConfig: EC/ECReplicationConfig{data=3, parity=2, ecChunkSize=1024, codec=rs}, State:ALLOCATED, leaderId:, CreationTimestamp2022-11-05T13:04:37.337Z[Etc/UTC]] moved to OPEN state
2022-11-05 13:04:37,359 [IPC Server handler 9 on default port 36903] WARN  ha.SequenceIdGenerator (SequenceIdGenerator.java:allocateBatch(237)) - Failed to allocate a batch for localId, expected lastId is 0, actual lastId is 109611004723200000.
2022-11-05 13:04:37,359 [IPC Server handler 9 on default port 36903] INFO  ha.SequenceIdGenerator (SequenceIdGenerator.java:getNextId(128)) - Allocate a batch for localId, change lastId from 109611004723200000 to 109611004723201000.
2022-11-05 13:04:37,376 [44bea1f4-43dd-4415-bb4e-4e9896dd68f6@group-D5EC486ECE4F-LeaderElection13] INFO  impl.LeaderElection (LeaderElection.java:askForVotes(312)) - 44bea1f4-43dd-4415-bb4e-4e9896dd68f6@group-D5EC486ECE4F-LeaderElection13 ELECTION round 0: submit vote requests at term 1 for -1: peers:[81de4557-c158-4718-93a8-b16ff7f8daad|rpc:10.1.0.157:42037|dataStream:|priority:0|startupRole:FOLLOWER, 44bea1f4-43dd-4415-bb4e-4e9896dd68f6|rpc:10.1.0.157:34265|dataStream:|priority:0|startupRole:FOLLOWER, 3fdd4c6e-2961-42ba-90d3-b5f169a49f15|rpc:10.1.0.157:38617|dataStream:|priority:1|startupRole:FOLLOWER]|listeners:[], old=null
2022-11-05 13:04:37,376 [44bea1f4-43dd-4415-bb4e-4e9896dd68f6@group-D5EC486ECE4F-LeaderElection13-1] INFO  server.GrpcServerProtocolClient (GrpcServerProtocolClient.java:<init>(63)) - Build channel for 81de4557-c158-4718-93a8-b16ff7f8daad
2022-11-05 13:04:37,376 [44bea1f4-43dd-4415-bb4e-4e9896dd68f6@group-D5EC486ECE4F-LeaderElection13] INFO  server.RaftServerConfigKeys (ConfUtils.java:logFallback(53)) - raft.server.rpc.first-election.timeout.min = 5s (fallback to raft.server.rpc.timeout.min)
2022-11-05 13:04:37,377 [44bea1f4-43dd-4415-bb4e-4e9896dd68f6@group-D5EC486ECE4F-LeaderElection13] INFO  server.RaftServerConfigKeys (ConfUtils.java:logFallback(53)) - raft.server.rpc.first-election.timeout.max = 5200ms (fallback to raft.server.rpc.timeout.max)
2022-11-05 13:04:37,377 [44bea1f4-43dd-4415-bb4e-4e9896dd68f6@group-D5EC486ECE4F-LeaderElection13-2] INFO  server.GrpcServerProtocolClient (GrpcServerProtocolClient.java:<init>(63)) - Build channel for 3fdd4c6e-2961-42ba-90d3-b5f169a49f15
2022-11-05 13:04:37,394 [grpc-default-executor-3] INFO  server.RaftServer$Division (RaftServerImpl.java:requestVote(1218)) - 81de4557-c158-4718-93a8-b16ff7f8daad@group-D5EC486ECE4F: receive requestVote(ELECTION, 44bea1f4-43dd-4415-bb4e-4e9896dd68f6, group-D5EC486ECE4F, 1, (t:0, i:0))
2022-11-05 13:04:37,394 [grpc-default-executor-3] INFO  impl.VoteContext (VoteContext.java:log(48)) - 81de4557-c158-4718-93a8-b16ff7f8daad@group-D5EC486ECE4F-FOLLOWER: accept ELECTION from 44bea1f4-43dd-4415-bb4e-4e9896dd68f6: our priority 0 <= candidate's priority 0
2022-11-05 13:04:37,394 [grpc-default-executor-3] INFO  server.RaftServer$Division (RaftServerImpl.java:setRole(321)) - 81de4557-c158-4718-93a8-b16ff7f8daad@group-D5EC486ECE4F: changes role from  FOLLOWER to FOLLOWER at term 1 for candidate:44bea1f4-43dd-4415-bb4e-4e9896dd68f6
2022-11-05 13:04:37,394 [grpc-default-executor-3] INFO  impl.RoleInfo (RoleInfo.java:shutdownFollowerState(110)) - 81de4557-c158-4718-93a8-b16ff7f8daad: shutdown 81de4557-c158-4718-93a8-b16ff7f8daad@group-D5EC486ECE4F-FollowerState
2022-11-05 13:04:37,394 [grpc-default-executor-3] INFO  impl.RoleInfo (RoleInfo.java:updateAndGet(139)) - 81de4557-c158-4718-93a8-b16ff7f8daad: start 81de4557-c158-4718-93a8-b16ff7f8daad@group-D5EC486ECE4F-FollowerState
2022-11-05 13:04:37,394 [81de4557-c158-4718-93a8-b16ff7f8daad@group-D5EC486ECE4F-FollowerState] INFO  impl.FollowerState (FollowerState.java:run(152)) - 81de4557-c158-4718-93a8-b16ff7f8daad@group-D5EC486ECE4F-FollowerState was interrupted
2022-11-05 13:04:37,404 [81de4557-c158-4718-93a8-b16ff7f8daad@group-D5EC486ECE4F-FollowerState] INFO  server.RaftServerConfigKeys (ConfUtils.java:logFallback(53)) - raft.server.rpc.first-election.timeout.min = 5s (fallback to raft.server.rpc.timeout.min)
2022-11-05 13:04:37,404 [81de4557-c158-4718-93a8-b16ff7f8daad@group-D5EC486ECE4F-FollowerState] INFO  server.RaftServerConfigKeys (ConfUtils.java:logFallback(53)) - raft.server.rpc.first-election.timeout.max = 5200ms (fallback to raft.server.rpc.timeout.max)
2022-11-05 13:04:37,407 [grpc-default-executor-2] INFO  server.RaftServer$Division (RaftServerImpl.java:requestVote(1218)) - 3fdd4c6e-2961-42ba-90d3-b5f169a49f15@group-D5EC486ECE4F: receive requestVote(ELECTION, 44bea1f4-43dd-4415-bb4e-4e9896dd68f6, group-D5EC486ECE4F, 1, (t:0, i:0))
2022-11-05 13:04:37,407 [grpc-default-executor-2] INFO  impl.VoteContext (VoteContext.java:log(48)) - 3fdd4c6e-2961-42ba-90d3-b5f169a49f15@group-D5EC486ECE4F-FOLLOWER: reject ELECTION from 44bea1f4-43dd-4415-bb4e-4e9896dd68f6: our priority 1 > candidate's priority 0
2022-11-05 13:04:37,407 [grpc-default-executor-2] INFO  server.RaftServer$Division (RaftServerImpl.java:setRole(321)) - 3fdd4c6e-2961-42ba-90d3-b5f169a49f15@group-D5EC486ECE4F: changes role from  FOLLOWER to FOLLOWER at term 1 for candidate:44bea1f4-43dd-4415-bb4e-4e9896dd68f6
2022-11-05 13:04:37,408 [grpc-default-executor-2] INFO  impl.RoleInfo (RoleInfo.java:shutdownFollowerState(110)) - 3fdd4c6e-2961-42ba-90d3-b5f169a49f15: shutdown 3fdd4c6e-2961-42ba-90d3-b5f169a49f15@group-D5EC486ECE4F-FollowerState
2022-11-05 13:04:37,408 [grpc-default-executor-2] INFO  impl.RoleInfo (RoleInfo.java:updateAndGet(139)) - 3fdd4c6e-2961-42ba-90d3-b5f169a49f15: start 3fdd4c6e-2961-42ba-90d3-b5f169a49f15@group-D5EC486ECE4F-FollowerState
2022-11-05 13:04:37,408 [3fdd4c6e-2961-42ba-90d3-b5f169a49f15@group-D5EC486ECE4F-FollowerState] INFO  impl.FollowerState (FollowerState.java:run(152)) - 3fdd4c6e-2961-42ba-90d3-b5f169a49f15@group-D5EC486ECE4F-FollowerState was interrupted
2022-11-05 13:04:37,411 [3fdd4c6e-2961-42ba-90d3-b5f169a49f15@group-D5EC486ECE4F-FollowerState] INFO  server.RaftServerConfigKeys (ConfUtils.java:logFallback(53)) - raft.server.rpc.first-election.timeout.min = 5s (fallback to raft.server.rpc.timeout.min)
2022-11-05 13:04:37,411 [3fdd4c6e-2961-42ba-90d3-b5f169a49f15@group-D5EC486ECE4F-FollowerState] INFO  server.RaftServerConfigKeys (ConfUtils.java:logFallback(53)) - raft.server.rpc.first-election.timeout.max = 5200ms (fallback to raft.server.rpc.timeout.max)
2022-11-05 13:04:37,417 [grpc-default-executor-3] INFO  server.RaftServer$Division (RaftServerImpl.java:requestVote(1251)) - 81de4557-c158-4718-93a8-b16ff7f8daad@group-D5EC486ECE4F replies to ELECTION vote request: 44bea1f4-43dd-4415-bb4e-4e9896dd68f6<-81de4557-c158-4718-93a8-b16ff7f8daad#0:OK-t1. Peer's state: 81de4557-c158-4718-93a8-b16ff7f8daad@group-D5EC486ECE4F:t1, leader=null, voted=44bea1f4-43dd-4415-bb4e-4e9896dd68f6, raftlog=Memoized:81de4557-c158-4718-93a8-b16ff7f8daad@group-D5EC486ECE4F-SegmentedRaftLog:OPENED:c-1, conf=-1: peers:[81de4557-c158-4718-93a8-b16ff7f8daad|rpc:10.1.0.157:42037|dataStream:|priority:0|startupRole:FOLLOWER, 44bea1f4-43dd-4415-bb4e-4e9896dd68f6|rpc:10.1.0.157:34265|dataStream:|priority:0|startupRole:FOLLOWER, 3fdd4c6e-2961-42ba-90d3-b5f169a49f15|rpc:10.1.0.157:38617|dataStream:|priority:1|startupRole:FOLLOWER]|listeners:[], old=null
2022-11-05 13:04:37,447 [grpc-default-executor-2] INFO  server.RaftServer$Division (RaftServerImpl.java:requestVote(1251)) - 3fdd4c6e-2961-42ba-90d3-b5f169a49f15@group-D5EC486ECE4F replies to ELECTION vote request: 44bea1f4-43dd-4415-bb4e-4e9896dd68f6<-3fdd4c6e-2961-42ba-90d3-b5f169a49f15#0:FAIL-t1. Peer's state: 3fdd4c6e-2961-42ba-90d3-b5f169a49f15@group-D5EC486ECE4F:t1, leader=null, voted=null, raftlog=Memoized:3fdd4c6e-2961-42ba-90d3-b5f169a49f15@group-D5EC486ECE4F-SegmentedRaftLog:OPENED:c-1, conf=-1: peers:[81de4557-c158-4718-93a8-b16ff7f8daad|rpc:10.1.0.157:42037|priority:0|startupRole:FOLLOWER, 44bea1f4-43dd-4415-bb4e-4e9896dd68f6|rpc:10.1.0.157:34265|priority:0|startupRole:FOLLOWER, 3fdd4c6e-2961-42ba-90d3-b5f169a49f15|rpc:10.1.0.157:38617|priority:1|startupRole:FOLLOWER]|listeners:[], old=null
2022-11-05 13:04:37,469 [44bea1f4-43dd-4415-bb4e-4e9896dd68f6@group-D5EC486ECE4F-LeaderElection13] INFO  impl.LeaderElection (LeaderElection.java:logAndReturn(90)) - 44bea1f4-43dd-4415-bb4e-4e9896dd68f6@group-D5EC486ECE4F-LeaderElection13: ELECTION REJECTED received 2 response(s) and 0 exception(s):
2022-11-05 13:04:37,469 [44bea1f4-43dd-4415-bb4e-4e9896dd68f6@group-D5EC486ECE4F-LeaderElection13] INFO  impl.LeaderElection (LeaderElection.java:logAndReturn(94)) -   Response 0: 44bea1f4-43dd-4415-bb4e-4e9896dd68f6<-81de4557-c158-4718-93a8-b16ff7f8daad#0:OK-t1
2022-11-05 13:04:37,469 [44bea1f4-43dd-4415-bb4e-4e9896dd68f6@group-D5EC486ECE4F-LeaderElection13] INFO  impl.LeaderElection (LeaderElection.java:logAndReturn(94)) -   Response 1: 44bea1f4-43dd-4415-bb4e-4e9896dd68f6<-3fdd4c6e-2961-42ba-90d3-b5f169a49f15#0:FAIL-t1
2022-11-05 13:04:37,469 [44bea1f4-43dd-4415-bb4e-4e9896dd68f6@group-D5EC486ECE4F-LeaderElection13] INFO  impl.LeaderElection (LeaderElection.java:askForVotes(314)) - 44bea1f4-43dd-4415-bb4e-4e9896dd68f6@group-D5EC486ECE4F-LeaderElection13 ELECTION round 0: result REJECTED
2022-11-05 13:04:37,470 [44bea1f4-43dd-4415-bb4e-4e9896dd68f6@group-D5EC486ECE4F-LeaderElection13] INFO  server.RaftServer$Division (RaftServerImpl.java:setRole(321)) - 44bea1f4-43dd-4415-bb4e-4e9896dd68f6@group-D5EC486ECE4F: changes role from CANDIDATE to FOLLOWER at term 1 for REJECTED
2022-11-05 13:04:37,470 [44bea1f4-43dd-4415-bb4e-4e9896dd68f6@group-D5EC486ECE4F-LeaderElection13] INFO  impl.RoleInfo (RoleInfo.java:shutdownLeaderElection(130)) - 44bea1f4-43dd-4415-bb4e-4e9896dd68f6: shutdown 44bea1f4-43dd-4415-bb4e-4e9896dd68f6@group-D5EC486ECE4F-LeaderElection13
2022-11-05 13:04:37,470 [44bea1f4-43dd-4415-bb4e-4e9896dd68f6@group-D5EC486ECE4F-LeaderElection13] INFO  impl.RoleInfo (RoleInfo.java:updateAndGet(139)) - 44bea1f4-43dd-4415-bb4e-4e9896dd68f6: start 44bea1f4-43dd-4415-bb4e-4e9896dd68f6@group-D5EC486ECE4F-FollowerState
2022-11-05 13:04:37,474 [44bea1f4-43dd-4415-bb4e-4e9896dd68f6@group-D5EC486ECE4F-FollowerState] INFO  server.RaftServerConfigKeys (ConfUtils.java:logFallback(53)) - raft.server.rpc.first-election.timeout.min = 5s (fallback to raft.server.rpc.timeout.min)
2022-11-05 13:04:37,474 [44bea1f4-43dd-4415-bb4e-4e9896dd68f6@group-D5EC486ECE4F-FollowerState] INFO  server.RaftServerConfigKeys (ConfUtils.java:logFallback(53)) - raft.server.rpc.first-election.timeout.max = 5200ms (fallback to raft.server.rpc.timeout.max)
2022-11-05 13:04:37,514 [Listener at 127.0.0.1/34735] WARN  erasurecode.ErasureCodeNative (ErasureCodeNative.java:<clinit>(55)) - ISA-L support is not available in your platform... using builtin-java codec where applicable
2022-11-05 13:04:37,531 [3fdd4c6e-2961-42ba-90d3-b5f169a49f15@group-EA947C079E8C-FollowerState] INFO  impl.FollowerState (FollowerState.java:run(143)) - 3fdd4c6e-2961-42ba-90d3-b5f169a49f15@group-EA947C079E8C-FollowerState: change to CANDIDATE, lastRpcElapsedTime:5108263568ns, electionTimeout:5107ms
2022-11-05 13:04:37,532 [3fdd4c6e-2961-42ba-90d3-b5f169a49f15@group-EA947C079E8C-FollowerState] INFO  impl.RoleInfo (RoleInfo.java:shutdownFollowerState(110)) - 3fdd4c6e-2961-42ba-90d3-b5f169a49f15: shutdown 3fdd4c6e-2961-42ba-90d3-b5f169a49f15@group-EA947C079E8C-FollowerState
2022-11-05 13:04:37,532 [3fdd4c6e-2961-42ba-90d3-b5f169a49f15@group-EA947C079E8C-FollowerState] INFO  server.RaftServer$Division (RaftServerImpl.java:setRole(321)) - 3fdd4c6e-2961-42ba-90d3-b5f169a49f15@group-EA947C079E8C: changes role from  FOLLOWER to CANDIDATE at term 0 for changeToCandidate
2022-11-05 13:04:37,532 [3fdd4c6e-2961-42ba-90d3-b5f169a49f15@group-EA947C079E8C-FollowerState] INFO  server.RaftServerConfigKeys (ConfUtils.java:logGet(46)) - raft.server.leaderelection.pre-vote = false (custom)
2022-11-05 13:04:37,532 [3fdd4c6e-2961-42ba-90d3-b5f169a49f15@group-EA947C079E8C-FollowerState] INFO  impl.RoleInfo (RoleInfo.java:updateAndGet(139)) - 3fdd4c6e-2961-42ba-90d3-b5f169a49f15: start 3fdd4c6e-2961-42ba-90d3-b5f169a49f15@group-EA947C079E8C-LeaderElection14
2022-11-05 13:04:37,550 [3fdd4c6e-2961-42ba-90d3-b5f169a49f15@group-EA947C079E8C-LeaderElection14] INFO  impl.LeaderElection (LeaderElection.java:askForVotes(312)) - 3fdd4c6e-2961-42ba-90d3-b5f169a49f15@group-EA947C079E8C-LeaderElection14 ELECTION round 0: submit vote requests at term 1 for -1: peers:[81de4557-c158-4718-93a8-b16ff7f8daad|rpc:10.1.0.157:42037|priority:1|startupRole:FOLLOWER, 44bea1f4-43dd-4415-bb4e-4e9896dd68f6|rpc:10.1.0.157:34265|priority:0|startupRole:FOLLOWER, 3fdd4c6e-2961-42ba-90d3-b5f169a49f15|rpc:10.1.0.157:38617|priority:0|startupRole:FOLLOWER]|listeners:[], old=null
2022-11-05 13:04:37,558 [3fdd4c6e-2961-42ba-90d3-b5f169a49f15@group-EA947C079E8C-LeaderElection14-1] INFO  server.GrpcServerProtocolClient (GrpcServerProtocolClient.java:<init>(63)) - Build channel for 81de4557-c158-4718-93a8-b16ff7f8daad
2022-11-05 13:04:37,562 [3fdd4c6e-2961-42ba-90d3-b5f169a49f15@group-EA947C079E8C-LeaderElection14] INFO  server.RaftServerConfigKeys (ConfUtils.java:logFallback(53)) - raft.server.rpc.first-election.timeout.min = 5s (fallback to raft.server.rpc.timeout.min)
2022-11-05 13:04:37,562 [3fdd4c6e-2961-42ba-90d3-b5f169a49f15@group-EA947C079E8C-LeaderElection14] INFO  server.RaftServerConfigKeys (ConfUtils.java:logFallback(53)) - raft.server.rpc.first-election.timeout.max = 5200ms (fallback to raft.server.rpc.timeout.max)
2022-11-05 13:04:37,568 [3fdd4c6e-2961-42ba-90d3-b5f169a49f15@group-EA947C079E8C-LeaderElection14-2] INFO  server.GrpcServerProtocolClient (GrpcServerProtocolClient.java:<init>(63)) - Build channel for 44bea1f4-43dd-4415-bb4e-4e9896dd68f6
2022-11-05 13:04:37,584 [grpc-default-executor-2] INFO  server.RaftServer$Division (RaftServerImpl.java:requestVote(1218)) - 81de4557-c158-4718-93a8-b16ff7f8daad@group-EA947C079E8C: receive requestVote(ELECTION, 3fdd4c6e-2961-42ba-90d3-b5f169a49f15, group-EA947C079E8C, 1, (t:0, i:0))
2022-11-05 13:04:37,584 [grpc-default-executor-2] INFO  impl.VoteContext (VoteContext.java:log(48)) - 81de4557-c158-4718-93a8-b16ff7f8daad@group-EA947C079E8C-FOLLOWER: reject ELECTION from 3fdd4c6e-2961-42ba-90d3-b5f169a49f15: our priority 1 > candidate's priority 0
2022-11-05 13:04:37,584 [grpc-default-executor-2] INFO  server.RaftServer$Division (RaftServerImpl.java:setRole(321)) - 81de4557-c158-4718-93a8-b16ff7f8daad@group-EA947C079E8C: changes role from  FOLLOWER to FOLLOWER at term 1 for candidate:3fdd4c6e-2961-42ba-90d3-b5f169a49f15
2022-11-05 13:04:37,584 [grpc-default-executor-2] INFO  impl.RoleInfo (RoleInfo.java:shutdownFollowerState(110)) - 81de4557-c158-4718-93a8-b16ff7f8daad: shutdown 81de4557-c158-4718-93a8-b16ff7f8daad@group-EA947C079E8C-FollowerState
2022-11-05 13:04:37,584 [grpc-default-executor-2] INFO  impl.RoleInfo (RoleInfo.java:updateAndGet(139)) - 81de4557-c158-4718-93a8-b16ff7f8daad: start 81de4557-c158-4718-93a8-b16ff7f8daad@group-EA947C079E8C-FollowerState
2022-11-05 13:04:37,584 [81de4557-c158-4718-93a8-b16ff7f8daad@group-EA947C079E8C-FollowerState] INFO  impl.FollowerState (FollowerState.java:run(152)) - 81de4557-c158-4718-93a8-b16ff7f8daad@group-EA947C079E8C-FollowerState was interrupted
2022-11-05 13:04:37,586 [81de4557-c158-4718-93a8-b16ff7f8daad@group-EA947C079E8C-FollowerState] INFO  server.RaftServerConfigKeys (ConfUtils.java:logFallback(53)) - raft.server.rpc.first-election.timeout.min = 5s (fallback to raft.server.rpc.timeout.min)
2022-11-05 13:04:37,586 [81de4557-c158-4718-93a8-b16ff7f8daad@group-EA947C079E8C-FollowerState] INFO  server.RaftServerConfigKeys (ConfUtils.java:logFallback(53)) - raft.server.rpc.first-election.timeout.max = 5200ms (fallback to raft.server.rpc.timeout.max)
2022-11-05 13:04:37,589 [grpc-default-executor-3] INFO  server.RaftServer$Division (RaftServerImpl.java:requestVote(1218)) - 44bea1f4-43dd-4415-bb4e-4e9896dd68f6@group-EA947C079E8C: receive requestVote(ELECTION, 3fdd4c6e-2961-42ba-90d3-b5f169a49f15, group-EA947C079E8C, 1, (t:0, i:0))
2022-11-05 13:04:37,589 [grpc-default-executor-3] INFO  impl.VoteContext (VoteContext.java:log(48)) - 44bea1f4-43dd-4415-bb4e-4e9896dd68f6@group-EA947C079E8C-FOLLOWER: accept ELECTION from 3fdd4c6e-2961-42ba-90d3-b5f169a49f15: our priority 0 <= candidate's priority 0
2022-11-05 13:04:37,589 [grpc-default-executor-3] INFO  server.RaftServer$Division (RaftServerImpl.java:setRole(321)) - 44bea1f4-43dd-4415-bb4e-4e9896dd68f6@group-EA947C079E8C: changes role from  FOLLOWER to FOLLOWER at term 1 for candidate:3fdd4c6e-2961-42ba-90d3-b5f169a49f15
2022-11-05 13:04:37,589 [grpc-default-executor-3] INFO  impl.RoleInfo (RoleInfo.java:shutdownFollowerState(110)) - 44bea1f4-43dd-4415-bb4e-4e9896dd68f6: shutdown 44bea1f4-43dd-4415-bb4e-4e9896dd68f6@group-EA947C079E8C-FollowerState
2022-11-05 13:04:37,589 [grpc-default-executor-3] INFO  impl.RoleInfo (RoleInfo.java:updateAndGet(139)) - 44bea1f4-43dd-4415-bb4e-4e9896dd68f6: start 44bea1f4-43dd-4415-bb4e-4e9896dd68f6@group-EA947C079E8C-FollowerState
2022-11-05 13:04:37,589 [44bea1f4-43dd-4415-bb4e-4e9896dd68f6@group-EA947C079E8C-FollowerState] INFO  impl.FollowerState (FollowerState.java:run(152)) - 44bea1f4-43dd-4415-bb4e-4e9896dd68f6@group-EA947C079E8C-FollowerState was interrupted
2022-11-05 13:04:37,590 [44bea1f4-43dd-4415-bb4e-4e9896dd68f6@group-EA947C079E8C-FollowerState] INFO  server.RaftServerConfigKeys (ConfUtils.java:logFallback(53)) - raft.server.rpc.first-election.timeout.min = 5s (fallback to raft.server.rpc.timeout.min)
2022-11-05 13:04:37,590 [44bea1f4-43dd-4415-bb4e-4e9896dd68f6@group-EA947C079E8C-FollowerState] INFO  server.RaftServerConfigKeys (ConfUtils.java:logFallback(53)) - raft.server.rpc.first-election.timeout.max = 5200ms (fallback to raft.server.rpc.timeout.max)
2022-11-05 13:04:37,603 [grpc-default-executor-2] INFO  server.RaftServer$Division (RaftServerImpl.java:requestVote(1251)) - 81de4557-c158-4718-93a8-b16ff7f8daad@group-EA947C079E8C replies to ELECTION vote request: 3fdd4c6e-2961-42ba-90d3-b5f169a49f15<-81de4557-c158-4718-93a8-b16ff7f8daad#0:FAIL-t1. Peer's state: 81de4557-c158-4718-93a8-b16ff7f8daad@group-EA947C079E8C:t1, leader=null, voted=null, raftlog=Memoized:81de4557-c158-4718-93a8-b16ff7f8daad@group-EA947C079E8C-SegmentedRaftLog:OPENED:c-1, conf=-1: peers:[81de4557-c158-4718-93a8-b16ff7f8daad|rpc:10.1.0.157:42037|dataStream:|priority:1|startupRole:FOLLOWER, 44bea1f4-43dd-4415-bb4e-4e9896dd68f6|rpc:10.1.0.157:34265|dataStream:|priority:0|startupRole:FOLLOWER, 3fdd4c6e-2961-42ba-90d3-b5f169a49f15|rpc:10.1.0.157:38617|dataStream:|priority:0|startupRole:FOLLOWER]|listeners:[], old=null
2022-11-05 13:04:37,608 [3fdd4c6e-2961-42ba-90d3-b5f169a49f15@group-EA947C079E8C-LeaderElection14] INFO  impl.LeaderElection (LeaderElection.java:logAndReturn(90)) - 3fdd4c6e-2961-42ba-90d3-b5f169a49f15@group-EA947C079E8C-LeaderElection14: ELECTION REJECTED received 1 response(s) and 0 exception(s):
2022-11-05 13:04:37,608 [3fdd4c6e-2961-42ba-90d3-b5f169a49f15@group-EA947C079E8C-LeaderElection14] INFO  impl.LeaderElection (LeaderElection.java:logAndReturn(94)) -   Response 0: 3fdd4c6e-2961-42ba-90d3-b5f169a49f15<-81de4557-c158-4718-93a8-b16ff7f8daad#0:FAIL-t1
2022-11-05 13:04:37,608 [3fdd4c6e-2961-42ba-90d3-b5f169a49f15@group-EA947C079E8C-LeaderElection14] INFO  impl.LeaderElection (LeaderElection.java:askForVotes(314)) - 3fdd4c6e-2961-42ba-90d3-b5f169a49f15@group-EA947C079E8C-LeaderElection14 ELECTION round 0: result REJECTED
2022-11-05 13:04:37,608 [3fdd4c6e-2961-42ba-90d3-b5f169a49f15@group-EA947C079E8C-LeaderElection14] INFO  server.RaftServer$Division (RaftServerImpl.java:setRole(321)) - 3fdd4c6e-2961-42ba-90d3-b5f169a49f15@group-EA947C079E8C: changes role from CANDIDATE to FOLLOWER at term 1 for REJECTED
2022-11-05 13:04:37,608 [3fdd4c6e-2961-42ba-90d3-b5f169a49f15@group-EA947C079E8C-LeaderElection14] INFO  impl.RoleInfo (RoleInfo.java:shutdownLeaderElection(130)) - 3fdd4c6e-2961-42ba-90d3-b5f169a49f15: shutdown 3fdd4c6e-2961-42ba-90d3-b5f169a49f15@group-EA947C079E8C-LeaderElection14
2022-11-05 13:04:37,608 [3fdd4c6e-2961-42ba-90d3-b5f169a49f15@group-EA947C079E8C-LeaderElection14] INFO  impl.RoleInfo (RoleInfo.java:updateAndGet(139)) - 3fdd4c6e-2961-42ba-90d3-b5f169a49f15: start 3fdd4c6e-2961-42ba-90d3-b5f169a49f15@group-EA947C079E8C-FollowerState
2022-11-05 13:04:37,611 [3fdd4c6e-2961-42ba-90d3-b5f169a49f15@group-EA947C079E8C-FollowerState] INFO  server.RaftServerConfigKeys (ConfUtils.java:logFallback(53)) - raft.server.rpc.first-election.timeout.min = 5s (fallback to raft.server.rpc.timeout.min)
2022-11-05 13:04:37,611 [3fdd4c6e-2961-42ba-90d3-b5f169a49f15@group-EA947C079E8C-FollowerState] INFO  server.RaftServerConfigKeys (ConfUtils.java:logFallback(53)) - raft.server.rpc.first-election.timeout.max = 5200ms (fallback to raft.server.rpc.timeout.max)
2022-11-05 13:04:37,632 [grpc-default-executor-3] INFO  server.RaftServer$Division (RaftServerImpl.java:requestVote(1251)) - 44bea1f4-43dd-4415-bb4e-4e9896dd68f6@group-EA947C079E8C replies to ELECTION vote request: 3fdd4c6e-2961-42ba-90d3-b5f169a49f15<-44bea1f4-43dd-4415-bb4e-4e9896dd68f6#0:OK-t1. Peer's state: 44bea1f4-43dd-4415-bb4e-4e9896dd68f6@group-EA947C079E8C:t1, leader=null, voted=3fdd4c6e-2961-42ba-90d3-b5f169a49f15, raftlog=Memoized:44bea1f4-43dd-4415-bb4e-4e9896dd68f6@group-EA947C079E8C-SegmentedRaftLog:OPENED:c-1, conf=-1: peers:[81de4557-c158-4718-93a8-b16ff7f8daad|rpc:10.1.0.157:42037|dataStream:|priority:1|startupRole:FOLLOWER, 44bea1f4-43dd-4415-bb4e-4e9896dd68f6|rpc:10.1.0.157:34265|dataStream:|priority:0|startupRole:FOLLOWER, 3fdd4c6e-2961-42ba-90d3-b5f169a49f15|rpc:10.1.0.157:38617|dataStream:|priority:0|startupRole:FOLLOWER]|listeners:[], old=null
2022-11-05 13:04:37,692 [81de4557-c158-4718-93a8-b16ff7f8daad@group-0E2E749C66FF-FollowerState] INFO  impl.FollowerState (FollowerState.java:run(143)) - 81de4557-c158-4718-93a8-b16ff7f8daad@group-0E2E749C66FF-FollowerState: change to CANDIDATE, lastRpcElapsedTime:5034594069ns, electionTimeout:5034ms
2022-11-05 13:04:37,693 [81de4557-c158-4718-93a8-b16ff7f8daad@group-0E2E749C66FF-FollowerState] INFO  impl.RoleInfo (RoleInfo.java:shutdownFollowerState(110)) - 81de4557-c158-4718-93a8-b16ff7f8daad: shutdown 81de4557-c158-4718-93a8-b16ff7f8daad@group-0E2E749C66FF-FollowerState
2022-11-05 13:04:37,693 [81de4557-c158-4718-93a8-b16ff7f8daad@group-0E2E749C66FF-FollowerState] INFO  server.RaftServer$Division (RaftServerImpl.java:setRole(321)) - 81de4557-c158-4718-93a8-b16ff7f8daad@group-0E2E749C66FF: changes role from  FOLLOWER to CANDIDATE at term 0 for changeToCandidate
2022-11-05 13:04:37,693 [81de4557-c158-4718-93a8-b16ff7f8daad@group-0E2E749C66FF-FollowerState] INFO  server.RaftServerConfigKeys (ConfUtils.java:logGet(46)) - raft.server.leaderelection.pre-vote = false (custom)
2022-11-05 13:04:37,693 [81de4557-c158-4718-93a8-b16ff7f8daad@group-0E2E749C66FF-FollowerState] INFO  impl.RoleInfo (RoleInfo.java:updateAndGet(139)) - 81de4557-c158-4718-93a8-b16ff7f8daad: start 81de4557-c158-4718-93a8-b16ff7f8daad@group-0E2E749C66FF-LeaderElection15
2022-11-05 13:04:37,721 [81de4557-c158-4718-93a8-b16ff7f8daad@group-0E2E749C66FF-LeaderElection15] INFO  impl.LeaderElection (LeaderElection.java:askForVotes(312)) - 81de4557-c158-4718-93a8-b16ff7f8daad@group-0E2E749C66FF-LeaderElection15 ELECTION round 0: submit vote requests at term 1 for -1: peers:[81de4557-c158-4718-93a8-b16ff7f8daad|rpc:10.1.0.157:42037|priority:1|startupRole:FOLLOWER]|listeners:[], old=null
2022-11-05 13:04:37,721 [81de4557-c158-4718-93a8-b16ff7f8daad@group-0E2E749C66FF-LeaderElection15] INFO  impl.LeaderElection (LeaderElection.java:askForVotes(314)) - 81de4557-c158-4718-93a8-b16ff7f8daad@group-0E2E749C66FF-LeaderElection15 ELECTION round 0: result PASSED (term=1)
2022-11-05 13:04:37,721 [81de4557-c158-4718-93a8-b16ff7f8daad@group-0E2E749C66FF-LeaderElection15] INFO  impl.RoleInfo (RoleInfo.java:shutdownLeaderElection(130)) - 81de4557-c158-4718-93a8-b16ff7f8daad: shutdown 81de4557-c158-4718-93a8-b16ff7f8daad@group-0E2E749C66FF-LeaderElection15
2022-11-05 13:04:37,721 [81de4557-c158-4718-93a8-b16ff7f8daad@group-0E2E749C66FF-LeaderElection15] INFO  server.RaftServer$Division (RaftServerImpl.java:setRole(321)) - 81de4557-c158-4718-93a8-b16ff7f8daad@group-0E2E749C66FF: changes role from CANDIDATE to LEADER at term 1 for changeToLeader
2022-11-05 13:04:37,721 [81de4557-c158-4718-93a8-b16ff7f8daad@group-0E2E749C66FF-LeaderElection15] INFO  ratis.XceiverServerRatis (XceiverServerRatis.java:handleLeaderChangedNotification(863)) - Leader change notification received for group: group-0E2E749C66FF with new leaderId: 81de4557-c158-4718-93a8-b16ff7f8daad
2022-11-05 13:04:37,721 [81de4557-c158-4718-93a8-b16ff7f8daad@group-0E2E749C66FF-LeaderElection15] INFO  server.RaftServer$Division (ServerState.java:setLeader(313)) - 81de4557-c158-4718-93a8-b16ff7f8daad@group-0E2E749C66FF: change Leader from null to 81de4557-c158-4718-93a8-b16ff7f8daad at term 1 for becomeLeader, leader elected after 5086ms
2022-11-05 13:04:37,721 [81de4557-c158-4718-93a8-b16ff7f8daad@group-0E2E749C66FF-LeaderElection15] INFO  server.RaftServerConfigKeys (ConfUtils.java:logGet(46)) - raft.server.staging.catchup.gap = 1000 (default)
2022-11-05 13:04:37,722 [81de4557-c158-4718-93a8-b16ff7f8daad@group-0E2E749C66FF-LeaderElection15] INFO  server.RaftServerConfigKeys (ConfUtils.java:logGet(46)) - raft.server.write.element-limit = 1024 (custom)
2022-11-05 13:04:37,722 [81de4557-c158-4718-93a8-b16ff7f8daad@group-0E2E749C66FF-LeaderElection15] INFO  server.RaftServerConfigKeys (ConfUtils.java:logGet(46)) - raft.server.write.byte-limit = 1024 M (=1073741824) (custom)
2022-11-05 13:04:37,722 [81de4557-c158-4718-93a8-b16ff7f8daad@group-0E2E749C66FF-LeaderElection15] INFO  server.RaftServerConfigKeys (ConfUtils.java:logGet(46)) - raft.server.watch.timeout = 180s (custom)
2022-11-05 13:04:37,722 [81de4557-c158-4718-93a8-b16ff7f8daad@group-0E2E749C66FF-LeaderElection15] INFO  server.RaftServerConfigKeys (ConfUtils.java:logGet(46)) - raft.server.watch.timeout.denomination = 1s (default)
2022-11-05 13:04:37,722 [81de4557-c158-4718-93a8-b16ff7f8daad@group-0E2E749C66FF-LeaderElection15] INFO  server.RaftServerConfigKeys (ConfUtils.java:logGet(46)) - raft.server.watch.element-limit = 65536 (default)
2022-11-05 13:04:37,722 [81de4557-c158-4718-93a8-b16ff7f8daad@group-0E2E749C66FF-LeaderElection15] INFO  server.RaftServerConfigKeys (ConfUtils.java:logGet(46)) - raft.server.write.element-limit = 1024 (custom)
2022-11-05 13:04:37,722 [81de4557-c158-4718-93a8-b16ff7f8daad@group-0E2E749C66FF-LeaderElection15] INFO  server.RaftServerConfigKeys (ConfUtils.java:logGet(46)) - raft.server.write.follower.gap.ratio.max = -1.0 (default)
2022-11-05 13:04:37,722 [81de4557-c158-4718-93a8-b16ff7f8daad@group-0E2E749C66FF-LeaderElection15] INFO  impl.RoleInfo (RoleInfo.java:updateAndGet(139)) - 81de4557-c158-4718-93a8-b16ff7f8daad: start 81de4557-c158-4718-93a8-b16ff7f8daad@group-0E2E749C66FF-LeaderStateImpl
2022-11-05 13:04:37,724 [81de4557-c158-4718-93a8-b16ff7f8daad@group-0E2E749C66FF-LeaderElection15] INFO  segmented.SegmentedRaftLogWorker (SegmentedRaftLogWorker.java:startLogSegment(452)) - 81de4557-c158-4718-93a8-b16ff7f8daad@group-0E2E749C66FF-SegmentedRaftLogWorker: Starting segment from index:0
2022-11-05 13:04:37,735 [81de4557-c158-4718-93a8-b16ff7f8daad@group-0E2E749C66FF-LeaderElection15] INFO  server.RaftServer$Division (ServerState.java:setRaftConf(430)) - 81de4557-c158-4718-93a8-b16ff7f8daad@group-0E2E749C66FF: set configuration 0: peers:[81de4557-c158-4718-93a8-b16ff7f8daad|rpc:10.1.0.157:42037|dataStream:|priority:1|startupRole:FOLLOWER]|listeners:[], old=null
2022-11-05 13:04:37,739 [81de4557-c158-4718-93a8-b16ff7f8daad@group-0E2E749C66FF-SegmentedRaftLogWorker] INFO  segmented.SegmentedRaftLogWorker (SegmentedRaftLogWorker.java:execute(656)) - 81de4557-c158-4718-93a8-b16ff7f8daad@group-0E2E749C66FF-SegmentedRaftLogWorker: created new log segment /home/runner/work/ozone/ozone/hadoop-ozone/integration-test/target/test-dir/MiniOzoneClusterImpl-9e91b504-fe86-427b-a8de-b3d8b21cdaaf/datanode-7/data/ratis/cf3d396f-1234-4b07-aa13-0e2e749c66ff/current/log_inprogress_0
2022-11-05 13:04:37,754 [Listener at 127.0.0.1/34735] INFO  impl.MetricsSystemImpl (MetricsSystemImpl.java:init(158)) - XceiverClientMetrics metrics system started (again)
2022-11-05 13:04:38,082 [Listener at 127.0.0.1/34735] INFO  ozoneimpl.OzoneContainer (OzoneContainer.java:stop(400)) - Attempting to stop container services.
2022-11-05 13:04:38,089 [Listener at 127.0.0.1/34735] INFO  server.RaftServer (RaftServerProxy.java:lambda$close$6(409)) - 1260d27d-2afd-492e-9430-e2f349ff0f7b: close
2022-11-05 13:04:38,090 [1260d27d-2afd-492e-9430-e2f349ff0f7b-impl-thread1] INFO  server.RaftServer$Division (RaftServerImpl.java:lambda$close$4(458)) - 1260d27d-2afd-492e-9430-e2f349ff0f7b@group-D8F4D0F112F8: shutdown
2022-11-05 13:04:38,090 [1260d27d-2afd-492e-9430-e2f349ff0f7b-impl-thread2] INFO  server.RaftServer$Division (RaftServerImpl.java:lambda$close$4(458)) - 1260d27d-2afd-492e-9430-e2f349ff0f7b@group-B815C51BAEA2: shutdown
2022-11-05 13:04:38,090 [1260d27d-2afd-492e-9430-e2f349ff0f7b-impl-thread1] INFO  util.JmxRegister (JmxRegister.java:unregister(73)) - Successfully un-registered JMX Bean with object name Ratis:service=RaftServer,group=group-D8F4D0F112F8,id=1260d27d-2afd-492e-9430-e2f349ff0f7b
2022-11-05 13:04:38,090 [1260d27d-2afd-492e-9430-e2f349ff0f7b-impl-thread2] INFO  util.JmxRegister (JmxRegister.java:unregister(73)) - Successfully un-registered JMX Bean with object name Ratis:service=RaftServer,group=group-B815C51BAEA2,id=1260d27d-2afd-492e-9430-e2f349ff0f7b
2022-11-05 13:04:38,091 [Listener at 127.0.0.1/34735] INFO  server.GrpcService (GrpcService.java:closeImpl(279)) - 1260d27d-2afd-492e-9430-e2f349ff0f7b: shutdown server GrpcServerProtocolService now
2022-11-05 13:04:38,090 [1260d27d-2afd-492e-9430-e2f349ff0f7b-impl-thread3] INFO  server.RaftServer$Division (RaftServerImpl.java:lambda$close$4(458)) - 1260d27d-2afd-492e-9430-e2f349ff0f7b@group-7D2311A86DCB: shutdown
2022-11-05 13:04:38,090 [1260d27d-2afd-492e-9430-e2f349ff0f7b-impl-thread1] INFO  impl.RoleInfo (RoleInfo.java:shutdownFollowerState(110)) - 1260d27d-2afd-492e-9430-e2f349ff0f7b: shutdown 1260d27d-2afd-492e-9430-e2f349ff0f7b@group-D8F4D0F112F8-FollowerState
2022-11-05 13:04:38,091 [1260d27d-2afd-492e-9430-e2f349ff0f7b-impl-thread1] INFO  impl.StateMachineUpdater (StateMachineUpdater.java:stopAndJoin(153)) - 1260d27d-2afd-492e-9430-e2f349ff0f7b@group-D8F4D0F112F8-StateMachineUpdater: set stopIndex = -1
2022-11-05 13:04:38,091 [1260d27d-2afd-492e-9430-e2f349ff0f7b@group-D8F4D0F112F8-FollowerState] INFO  impl.FollowerState (FollowerState.java:run(152)) - 1260d27d-2afd-492e-9430-e2f349ff0f7b@group-D8F4D0F112F8-FollowerState was interrupted
2022-11-05 13:04:38,094 [1260d27d-2afd-492e-9430-e2f349ff0f7b-impl-thread1] INFO  server.RaftServer$Division (ServerState.java:close(466)) - 1260d27d-2afd-492e-9430-e2f349ff0f7b@group-D8F4D0F112F8: closes. applyIndex: -1
2022-11-05 13:04:38,095 [1260d27d-2afd-492e-9430-e2f349ff0f7b@group-D8F4D0F112F8-SegmentedRaftLogWorker] INFO  segmented.SegmentedRaftLogWorker (SegmentedRaftLogWorker.java:run(345)) - 1260d27d-2afd-492e-9430-e2f349ff0f7b@group-D8F4D0F112F8-SegmentedRaftLogWorker was interrupted, exiting. There are 0 tasks remaining in the queue.
2022-11-05 13:04:38,095 [1260d27d-2afd-492e-9430-e2f349ff0f7b-impl-thread1] INFO  segmented.SegmentedRaftLogWorker (SegmentedRaftLogWorker.java:close(255)) - 1260d27d-2afd-492e-9430-e2f349ff0f7b@group-D8F4D0F112F8-SegmentedRaftLogWorker close()
2022-11-05 13:04:38,091 [1260d27d-2afd-492e-9430-e2f349ff0f7b-impl-thread2] INFO  impl.RoleInfo (RoleInfo.java:shutdownLeaderState(93)) - 1260d27d-2afd-492e-9430-e2f349ff0f7b: shutdown 1260d27d-2afd-492e-9430-e2f349ff0f7b@group-B815C51BAEA2-LeaderStateImpl
2022-11-05 13:04:38,098 [1260d27d-2afd-492e-9430-e2f349ff0f7b-impl-thread2] INFO  impl.PendingRequests (PendingRequests.java:sendNotLeaderResponses(282)) - 1260d27d-2afd-492e-9430-e2f349ff0f7b@group-B815C51BAEA2-PendingRequests: sendNotLeaderResponses
2022-11-05 13:04:38,098 [1260d27d-2afd-492e-9430-e2f349ff0f7b-impl-thread3] INFO  util.JmxRegister (JmxRegister.java:unregister(73)) - Successfully un-registered JMX Bean with object name Ratis:service=RaftServer,group=group-7D2311A86DCB,id=1260d27d-2afd-492e-9430-e2f349ff0f7b
2022-11-05 13:04:38,098 [1260d27d-2afd-492e-9430-e2f349ff0f7b-impl-thread3] INFO  impl.RoleInfo (RoleInfo.java:shutdownFollowerState(110)) - 1260d27d-2afd-492e-9430-e2f349ff0f7b: shutdown 1260d27d-2afd-492e-9430-e2f349ff0f7b@group-7D2311A86DCB-FollowerState
2022-11-05 13:04:38,099 [1260d27d-2afd-492e-9430-e2f349ff0f7b@group-7D2311A86DCB-StateMachineUpdater] INFO  ratis.ContainerStateMachine (ContainerStateMachine.java:takeSnapshot(304)) - group-7D2311A86DCB: Taking a snapshot at:(t:1, i:0) file /home/runner/work/ozone/ozone/hadoop-ozone/integration-test/target/test-dir/MiniOzoneClusterImpl-9e91b504-fe86-427b-a8de-b3d8b21cdaaf/datanode-5/data/ratis/ebb89aeb-7114-4a66-a098-7d2311a86dcb/sm/snapshot.1_0
2022-11-05 13:04:38,100 [1260d27d-2afd-492e-9430-e2f349ff0f7b@group-B815C51BAEA2-StateMachineUpdater] INFO  ratis.ContainerStateMachine (ContainerStateMachine.java:takeSnapshot(304)) - group-B815C51BAEA2: Taking a snapshot at:(t:1, i:0) file /home/runner/work/ozone/ozone/hadoop-ozone/integration-test/target/test-dir/MiniOzoneClusterImpl-9e91b504-fe86-427b-a8de-b3d8b21cdaaf/datanode-5/data/ratis/f7dd3ac0-0e4e-4164-ab68-b815c51baea2/sm/snapshot.1_0
2022-11-05 13:04:38,100 [1260d27d-2afd-492e-9430-e2f349ff0f7b-impl-thread2] INFO  impl.StateMachineUpdater (StateMachineUpdater.java:stopAndJoin(153)) - 1260d27d-2afd-492e-9430-e2f349ff0f7b@group-B815C51BAEA2-StateMachineUpdater: set stopIndex = 0
2022-11-05 13:04:38,099 [1260d27d-2afd-492e-9430-e2f349ff0f7b-impl-thread3] INFO  impl.StateMachineUpdater (StateMachineUpdater.java:stopAndJoin(153)) - 1260d27d-2afd-492e-9430-e2f349ff0f7b@group-7D2311A86DCB-StateMachineUpdater: set stopIndex = 0
2022-11-05 13:04:38,111 [1260d27d-2afd-492e-9430-e2f349ff0f7b@group-7D2311A86DCB-FollowerState] INFO  impl.FollowerState (FollowerState.java:run(152)) - 1260d27d-2afd-492e-9430-e2f349ff0f7b@group-7D2311A86DCB-FollowerState was interrupted
2022-11-05 13:04:38,114 [grpc-default-executor-2] WARN  server.GrpcServerProtocolService (LogUtils.java:warn(122)) - 1260d27d-2afd-492e-9430-e2f349ff0f7b: installSnapshot onError, lastRequest: null: org.apache.ratis.thirdparty.io.grpc.StatusRuntimeException: CANCELLED: client cancelled
2022-11-05 13:04:38,126 [grpc-default-executor-4] WARN  server.GrpcLogAppender (LogUtils.java:warn(122)) - 957f0a06-02fd-450d-99be-0926792af3ec@group-7D2311A86DCB->1260d27d-2afd-492e-9430-e2f349ff0f7b-AppendLogResponseHandler: Failed appendEntries: org.apache.ratis.thirdparty.io.grpc.StatusRuntimeException: CANCELLED: RST_STREAM closed stream. HTTP/2 error code: CANCEL
2022-11-05 13:04:38,129 [grpc-default-executor-4] WARN  server.GrpcLogAppender (GrpcLogAppender.java:resetClient(131)) - 957f0a06-02fd-450d-99be-0926792af3ec@group-7D2311A86DCB->1260d27d-2afd-492e-9430-e2f349ff0f7b-GrpcLogAppender: Leader has not got in touch with Follower 957f0a06-02fd-450d-99be-0926792af3ec@group-7D2311A86DCB->1260d27d-2afd-492e-9430-e2f349ff0f7b(c0,m0,n1, attendVote=true, lastRpcSendTime=1899, lastRpcResponseTime=1843) yet, just keep nextIndex unchanged and retry.
2022-11-05 13:04:38,139 [Listener at 127.0.0.1/34735] INFO  server.GrpcService (GrpcService.java:closeImpl(288)) - 1260d27d-2afd-492e-9430-e2f349ff0f7b: shutdown server GrpcServerProtocolService successfully
2022-11-05 13:04:38,139 [grpc-default-executor-4] WARN  server.GrpcLogAppender (LogUtils.java:warn(122)) - 957f0a06-02fd-450d-99be-0926792af3ec@group-7D2311A86DCB->1260d27d-2afd-492e-9430-e2f349ff0f7b-AppendLogResponseHandler: Failed appendEntries: org.apache.ratis.thirdparty.io.grpc.StatusRuntimeException: CANCELLED: RST_STREAM closed stream. HTTP/2 error code: CANCEL
2022-11-05 13:04:38,143 [grpc-default-executor-2] WARN  server.GrpcServerProtocolService (LogUtils.java:warn(122)) - 1260d27d-2afd-492e-9430-e2f349ff0f7b: installSnapshot onError, lastRequest: 957f0a06-02fd-450d-99be-0926792af3ec->1260d27d-2afd-492e-9430-e2f349ff0f7b#1-t1,previous=(t:0, i:0),leaderCommit=0,initializing? true,entries: size=1, first=(t:1, i:0), CONFIGURATIONENTRY(current:id: "8380acfc-c198-4795-aa09-3ffc033ca33b"
address: "10.1.0.157:44611"
clientAddress: "10.1.0.157:44611"
adminAddress: "10.1.0.157:44611"
startupRole: FOLLOWER
,id: "957f0a06-02fd-450d-99be-0926792af3ec"
address: "10.1.0.157:39575"
priority: 1
clientAddress: "10.1.0.157:39575"
adminAddress: "10.1.0.157:39575"
startupRole: FOLLOWER
,id: "1260d27d-2afd-492e-9430-e2f349ff0f7b"
address: "10.1.0.157:38409"
clientAddress: "10.1.0.157:38409"
adminAddress: "10.1.0.157:38409"
startupRole: FOLLOWER
, old:): org.apache.ratis.thirdparty.io.grpc.StatusRuntimeException: CANCELLED: client cancelled
2022-11-05 13:04:38,143 [1260d27d-2afd-492e-9430-e2f349ff0f7b@group-B815C51BAEA2-StateMachineUpdater] INFO  ratis.ContainerStateMachine (ContainerStateMachine.java:takeSnapshot(315)) - group-B815C51BAEA2: Finished taking a snapshot at:(t:1, i:0) file:/home/runner/work/ozone/ozone/hadoop-ozone/integration-test/target/test-dir/MiniOzoneClusterImpl-9e91b504-fe86-427b-a8de-b3d8b21cdaaf/datanode-5/data/ratis/f7dd3ac0-0e4e-4164-ab68-b815c51baea2/sm/snapshot.1_0 took: 44 ms
2022-11-05 13:04:38,143 [grpc-default-executor-4] WARN  server.GrpcLogAppender (GrpcLogAppender.java:resetClient(131)) - 957f0a06-02fd-450d-99be-0926792af3ec@group-7D2311A86DCB->1260d27d-2afd-492e-9430-e2f349ff0f7b-GrpcLogAppender: Leader has not got in touch with Follower 957f0a06-02fd-450d-99be-0926792af3ec@group-7D2311A86DCB->1260d27d-2afd-492e-9430-e2f349ff0f7b(c0,m0,n1, attendVote=true, lastRpcSendTime=1912, lastRpcResponseTime=1857) yet, just keep nextIndex unchanged and retry.
2022-11-05 13:04:38,145 [1260d27d-2afd-492e-9430-e2f349ff0f7b@group-B815C51BAEA2-StateMachineUpdater] INFO  impl.StateMachineUpdater (StateMachineUpdater.java:takeSnapshot(287)) - 1260d27d-2afd-492e-9430-e2f349ff0f7b@group-B815C51BAEA2-StateMachineUpdater: Took a snapshot at index 0
2022-11-05 13:04:38,145 [1260d27d-2afd-492e-9430-e2f349ff0f7b@group-B815C51BAEA2-StateMachineUpdater] INFO  impl.StateMachineUpdater (StateMachineUpdater.java:lambda$new$0(92)) - 1260d27d-2afd-492e-9430-e2f349ff0f7b@group-B815C51BAEA2-StateMachineUpdater: snapshotIndex: updateIncreasingly -1 -> 0
2022-11-05 13:04:38,145 [1260d27d-2afd-492e-9430-e2f349ff0f7b@group-7D2311A86DCB-StateMachineUpdater] INFO  ratis.ContainerStateMachine (ContainerStateMachine.java:takeSnapshot(315)) - group-7D2311A86DCB: Finished taking a snapshot at:(t:1, i:0) file:/home/runner/work/ozone/ozone/hadoop-ozone/integration-test/target/test-dir/MiniOzoneClusterImpl-9e91b504-fe86-427b-a8de-b3d8b21cdaaf/datanode-5/data/ratis/ebb89aeb-7114-4a66-a098-7d2311a86dcb/sm/snapshot.1_0 took: 47 ms
2022-11-05 13:04:38,146 [1260d27d-2afd-492e-9430-e2f349ff0f7b@group-7D2311A86DCB-StateMachineUpdater] INFO  impl.StateMachineUpdater (StateMachineUpdater.java:takeSnapshot(287)) - 1260d27d-2afd-492e-9430-e2f349ff0f7b@group-7D2311A86DCB-StateMachineUpdater: Took a snapshot at index 0
2022-11-05 13:04:38,146 [1260d27d-2afd-492e-9430-e2f349ff0f7b@group-7D2311A86DCB-StateMachineUpdater] INFO  impl.StateMachineUpdater (StateMachineUpdater.java:lambda$new$0(92)) - 1260d27d-2afd-492e-9430-e2f349ff0f7b@group-7D2311A86DCB-StateMachineUpdater: snapshotIndex: updateIncreasingly -1 -> 0
2022-11-05 13:04:38,154 [1260d27d-2afd-492e-9430-e2f349ff0f7b-impl-thread3] INFO  server.RaftServer$Division (ServerState.java:close(466)) - 1260d27d-2afd-492e-9430-e2f349ff0f7b@group-7D2311A86DCB: closes. applyIndex: 0
2022-11-05 13:04:38,154 [1260d27d-2afd-492e-9430-e2f349ff0f7b@group-7D2311A86DCB-SegmentedRaftLogWorker] INFO  segmented.SegmentedRaftLogWorker (SegmentedRaftLogWorker.java:run(345)) - 1260d27d-2afd-492e-9430-e2f349ff0f7b@group-7D2311A86DCB-SegmentedRaftLogWorker was interrupted, exiting. There are 0 tasks remaining in the queue.
2022-11-05 13:04:38,156 [1260d27d-2afd-492e-9430-e2f349ff0f7b-impl-thread3] INFO  segmented.SegmentedRaftLogWorker (SegmentedRaftLogWorker.java:close(255)) - 1260d27d-2afd-492e-9430-e2f349ff0f7b@group-7D2311A86DCB-SegmentedRaftLogWorker close()
2022-11-05 13:04:38,157 [1260d27d-2afd-492e-9430-e2f349ff0f7b-impl-thread2] INFO  server.RaftServer$Division (ServerState.java:close(466)) - 1260d27d-2afd-492e-9430-e2f349ff0f7b@group-B815C51BAEA2: closes. applyIndex: 0
2022-11-05 13:04:38,158 [1260d27d-2afd-492e-9430-e2f349ff0f7b@group-B815C51BAEA2-SegmentedRaftLogWorker] INFO  segmented.SegmentedRaftLogWorker (SegmentedRaftLogWorker.java:run(345)) - 1260d27d-2afd-492e-9430-e2f349ff0f7b@group-B815C51BAEA2-SegmentedRaftLogWorker was interrupted, exiting. There are 0 tasks remaining in the queue.
2022-11-05 13:04:38,159 [1260d27d-2afd-492e-9430-e2f349ff0f7b-impl-thread2] INFO  segmented.SegmentedRaftLogWorker (SegmentedRaftLogWorker.java:close(255)) - 1260d27d-2afd-492e-9430-e2f349ff0f7b@group-B815C51BAEA2-SegmentedRaftLogWorker close()
2022-11-05 13:04:38,160 [JvmPauseMonitor6] INFO  util.JvmPauseMonitor (JvmPauseMonitor.java:run(111)) - JvmPauseMonitor-1260d27d-2afd-492e-9430-e2f349ff0f7b: Stopped
2022-11-05 13:04:38,233 [44bea1f4-43dd-4415-bb4e-4e9896dd68f6@group-23E40B4D0DDA-FollowerState] INFO  impl.FollowerState (FollowerState.java:run(143)) - 44bea1f4-43dd-4415-bb4e-4e9896dd68f6@group-23E40B4D0DDA-FollowerState: change to CANDIDATE, lastRpcElapsedTime:5041328973ns, electionTimeout:5040ms
2022-11-05 13:04:38,234 [44bea1f4-43dd-4415-bb4e-4e9896dd68f6@group-23E40B4D0DDA-FollowerState] INFO  impl.RoleInfo (RoleInfo.java:shutdownFollowerState(110)) - 44bea1f4-43dd-4415-bb4e-4e9896dd68f6: shutdown 44bea1f4-43dd-4415-bb4e-4e9896dd68f6@group-23E40B4D0DDA-FollowerState
2022-11-05 13:04:38,234 [44bea1f4-43dd-4415-bb4e-4e9896dd68f6@group-23E40B4D0DDA-FollowerState] INFO  server.RaftServer$Division (RaftServerImpl.java:setRole(321)) - 44bea1f4-43dd-4415-bb4e-4e9896dd68f6@group-23E40B4D0DDA: changes role from  FOLLOWER to CANDIDATE at term 0 for changeToCandidate
2022-11-05 13:04:38,234 [44bea1f4-43dd-4415-bb4e-4e9896dd68f6@group-23E40B4D0DDA-FollowerState] INFO  server.RaftServerConfigKeys (ConfUtils.java:logGet(46)) - raft.server.leaderelection.pre-vote = false (custom)
2022-11-05 13:04:38,234 [44bea1f4-43dd-4415-bb4e-4e9896dd68f6@group-23E40B4D0DDA-FollowerState] INFO  impl.RoleInfo (RoleInfo.java:updateAndGet(139)) - 44bea1f4-43dd-4415-bb4e-4e9896dd68f6: start 44bea1f4-43dd-4415-bb4e-4e9896dd68f6@group-23E40B4D0DDA-LeaderElection16
2022-11-05 13:04:38,269 [44bea1f4-43dd-4415-bb4e-4e9896dd68f6@group-23E40B4D0DDA-LeaderElection16] INFO  impl.LeaderElection (LeaderElection.java:askForVotes(312)) - 44bea1f4-43dd-4415-bb4e-4e9896dd68f6@group-23E40B4D0DDA-LeaderElection16 ELECTION round 0: submit vote requests at term 1 for -1: peers:[44bea1f4-43dd-4415-bb4e-4e9896dd68f6|rpc:10.1.0.157:34265|priority:1|startupRole:FOLLOWER]|listeners:[], old=null
2022-11-05 13:04:38,269 [44bea1f4-43dd-4415-bb4e-4e9896dd68f6@group-23E40B4D0DDA-LeaderElection16] INFO  impl.LeaderElection (LeaderElection.java:askForVotes(314)) - 44bea1f4-43dd-4415-bb4e-4e9896dd68f6@group-23E40B4D0DDA-LeaderElection16 ELECTION round 0: result PASSED (term=1)
2022-11-05 13:04:38,269 [44bea1f4-43dd-4415-bb4e-4e9896dd68f6@group-23E40B4D0DDA-LeaderElection16] INFO  impl.RoleInfo (RoleInfo.java:shutdownLeaderElection(130)) - 44bea1f4-43dd-4415-bb4e-4e9896dd68f6: shutdown 44bea1f4-43dd-4415-bb4e-4e9896dd68f6@group-23E40B4D0DDA-LeaderElection16
2022-11-05 13:04:38,269 [44bea1f4-43dd-4415-bb4e-4e9896dd68f6@group-23E40B4D0DDA-LeaderElection16] INFO  server.RaftServer$Division (RaftServerImpl.java:setRole(321)) - 44bea1f4-43dd-4415-bb4e-4e9896dd68f6@group-23E40B4D0DDA: changes role from CANDIDATE to LEADER at term 1 for changeToLeader
2022-11-05 13:04:38,269 [44bea1f4-43dd-4415-bb4e-4e9896dd68f6@group-23E40B4D0DDA-LeaderElection16] INFO  ratis.XceiverServerRatis (XceiverServerRatis.java:handleLeaderChangedNotification(863)) - Leader change notification received for group: group-23E40B4D0DDA with new leaderId: 44bea1f4-43dd-4415-bb4e-4e9896dd68f6
2022-11-05 13:04:38,270 [44bea1f4-43dd-4415-bb4e-4e9896dd68f6@group-23E40B4D0DDA-LeaderElection16] INFO  server.RaftServer$Division (ServerState.java:setLeader(313)) - 44bea1f4-43dd-4415-bb4e-4e9896dd68f6@group-23E40B4D0DDA: change Leader from null to 44bea1f4-43dd-4415-bb4e-4e9896dd68f6 at term 1 for becomeLeader, leader elected after 5110ms
2022-11-05 13:04:38,270 [44bea1f4-43dd-4415-bb4e-4e9896dd68f6@group-23E40B4D0DDA-LeaderElection16] INFO  server.RaftServerConfigKeys (ConfUtils.java:logGet(46)) - raft.server.staging.catchup.gap = 1000 (default)
2022-11-05 13:04:38,270 [44bea1f4-43dd-4415-bb4e-4e9896dd68f6@group-23E40B4D0DDA-LeaderElection16] INFO  server.RaftServerConfigKeys (ConfUtils.java:logGet(46)) - raft.server.write.element-limit = 1024 (custom)
2022-11-05 13:04:38,270 [44bea1f4-43dd-4415-bb4e-4e9896dd68f6@group-23E40B4D0DDA-LeaderElection16] INFO  server.RaftServerConfigKeys (ConfUtils.java:logGet(46)) - raft.server.write.byte-limit = 1024 M (=1073741824) (custom)
2022-11-05 13:04:38,270 [44bea1f4-43dd-4415-bb4e-4e9896dd68f6@group-23E40B4D0DDA-LeaderElection16] INFO  server.RaftServerConfigKeys (ConfUtils.java:logGet(46)) - raft.server.watch.timeout = 180s (custom)
2022-11-05 13:04:38,270 [44bea1f4-43dd-4415-bb4e-4e9896dd68f6@group-23E40B4D0DDA-LeaderElection16] INFO  server.RaftServerConfigKeys (ConfUtils.java:logGet(46)) - raft.server.watch.timeout.denomination = 1s (default)
2022-11-05 13:04:38,270 [44bea1f4-43dd-4415-bb4e-4e9896dd68f6@group-23E40B4D0DDA-LeaderElection16] INFO  server.RaftServerConfigKeys (ConfUtils.java:logGet(46)) - raft.server.watch.element-limit = 65536 (default)
2022-11-05 13:04:38,270 [44bea1f4-43dd-4415-bb4e-4e9896dd68f6@group-23E40B4D0DDA-LeaderElection16] INFO  server.RaftServerConfigKeys (ConfUtils.java:logGet(46)) - raft.server.write.element-limit = 1024 (custom)
2022-11-05 13:04:38,271 [44bea1f4-43dd-4415-bb4e-4e9896dd68f6@group-23E40B4D0DDA-LeaderElection16] INFO  server.RaftServerConfigKeys (ConfUtils.java:logGet(46)) - raft.server.write.follower.gap.ratio.max = -1.0 (default)
2022-11-05 13:04:38,271 [44bea1f4-43dd-4415-bb4e-4e9896dd68f6@group-23E40B4D0DDA-LeaderElection16] INFO  impl.RoleInfo (RoleInfo.java:updateAndGet(139)) - 44bea1f4-43dd-4415-bb4e-4e9896dd68f6: start 44bea1f4-43dd-4415-bb4e-4e9896dd68f6@group-23E40B4D0DDA-LeaderStateImpl
2022-11-05 13:04:38,271 [44bea1f4-43dd-4415-bb4e-4e9896dd68f6@group-23E40B4D0DDA-LeaderElection16] INFO  segmented.SegmentedRaftLogWorker (SegmentedRaftLogWorker.java:startLogSegment(452)) - 44bea1f4-43dd-4415-bb4e-4e9896dd68f6@group-23E40B4D0DDA-SegmentedRaftLogWorker: Starting segment from index:0
2022-11-05 13:04:38,275 [44bea1f4-43dd-4415-bb4e-4e9896dd68f6@group-23E40B4D0DDA-LeaderElection16] INFO  server.RaftServer$Division (ServerState.java:setRaftConf(430)) - 44bea1f4-43dd-4415-bb4e-4e9896dd68f6@group-23E40B4D0DDA: set configuration 0: peers:[44bea1f4-43dd-4415-bb4e-4e9896dd68f6|rpc:10.1.0.157:34265|dataStream:|priority:1|startupRole:FOLLOWER]|listeners:[], old=null
2022-11-05 13:04:38,280 [44bea1f4-43dd-4415-bb4e-4e9896dd68f6@group-23E40B4D0DDA-SegmentedRaftLogWorker] INFO  segmented.SegmentedRaftLogWorker (SegmentedRaftLogWorker.java:execute(656)) - 44bea1f4-43dd-4415-bb4e-4e9896dd68f6@group-23E40B4D0DDA-SegmentedRaftLogWorker: created new log segment /home/runner/work/ozone/ozone/hadoop-ozone/integration-test/target/test-dir/MiniOzoneClusterImpl-9e91b504-fe86-427b-a8de-b3d8b21cdaaf/datanode-8/data/ratis/c14d2234-3ebf-46b0-bd24-23e40b4d0dda/current/log_inprogress_0
2022-11-05 13:04:38,805 [grpc-default-executor-4] WARN  server.GrpcLogAppender (LogUtils.java:warn(122)) - 957f0a06-02fd-450d-99be-0926792af3ec@group-7D2311A86DCB->1260d27d-2afd-492e-9430-e2f349ff0f7b-AppendLogResponseHandler: Failed appendEntries: org.apache.ratis.thirdparty.io.grpc.StatusRuntimeException: UNAVAILABLE: io exception
2022-11-05 13:04:38,810 [grpc-default-executor-4] WARN  server.GrpcLogAppender (GrpcLogAppender.java:resetClient(131)) - 957f0a06-02fd-450d-99be-0926792af3ec@group-7D2311A86DCB->1260d27d-2afd-492e-9430-e2f349ff0f7b-GrpcLogAppender: Leader has not got in touch with Follower 957f0a06-02fd-450d-99be-0926792af3ec@group-7D2311A86DCB->1260d27d-2afd-492e-9430-e2f349ff0f7b(c0,m0,n1, attendVote=true, lastRpcSendTime=2579, lastRpcResponseTime=2524) yet, just keep nextIndex unchanged and retry.
2022-11-05 13:04:38,809 [grpc-default-executor-2] WARN  server.GrpcLogAppender (LogUtils.java:warn(122)) - 957f0a06-02fd-450d-99be-0926792af3ec@group-7D2311A86DCB->1260d27d-2afd-492e-9430-e2f349ff0f7b-AppendLogResponseHandler: Failed appendEntries: org.apache.ratis.thirdparty.io.grpc.StatusRuntimeException: UNAVAILABLE: io exception
2022-11-05 13:04:38,813 [grpc-default-executor-2] WARN  server.GrpcLogAppender (GrpcLogAppender.java:resetClient(131)) - 957f0a06-02fd-450d-99be-0926792af3ec@group-7D2311A86DCB->1260d27d-2afd-492e-9430-e2f349ff0f7b-GrpcLogAppender: Leader has not got in touch with Follower 957f0a06-02fd-450d-99be-0926792af3ec@group-7D2311A86DCB->1260d27d-2afd-492e-9430-e2f349ff0f7b(c0,m0,n1, attendVote=true, lastRpcSendTime=2582, lastRpcResponseTime=2526) yet, just keep nextIndex unchanged and retry.
2022-11-05 13:04:38,815 [grpc-default-executor-2] WARN  server.GrpcLogAppender (LogUtils.java:warn(122)) - 957f0a06-02fd-450d-99be-0926792af3ec@group-7D2311A86DCB->1260d27d-2afd-492e-9430-e2f349ff0f7b-AppendLogResponseHandler: Failed appendEntries: org.apache.ratis.thirdparty.io.grpc.StatusRuntimeException: UNAVAILABLE: io exception
2022-11-05 13:04:38,815 [grpc-default-executor-4] WARN  server.GrpcLogAppender (LogUtils.java:warn(122)) - 957f0a06-02fd-450d-99be-0926792af3ec@group-7D2311A86DCB->1260d27d-2afd-492e-9430-e2f349ff0f7b-AppendLogResponseHandler: Failed appendEntries: org.apache.ratis.thirdparty.io.grpc.StatusRuntimeException: UNAVAILABLE: io exception
2022-11-05 13:04:38,816 [grpc-default-executor-2] WARN  server.GrpcLogAppender (GrpcLogAppender.java:resetClient(131)) - 957f0a06-02fd-450d-99be-0926792af3ec@group-7D2311A86DCB->1260d27d-2afd-492e-9430-e2f349ff0f7b-GrpcLogAppender: Leader has not got in touch with Follower 957f0a06-02fd-450d-99be-0926792af3ec@group-7D2311A86DCB->1260d27d-2afd-492e-9430-e2f349ff0f7b(c0,m0,n1, attendVote=true, lastRpcSendTime=0, lastRpcResponseTime=2530) yet, just keep nextIndex unchanged and retry.
2022-11-05 13:04:38,818 [grpc-default-executor-4] WARN  server.GrpcLogAppender (GrpcLogAppender.java:resetClient(131)) - 957f0a06-02fd-450d-99be-0926792af3ec@group-7D2311A86DCB->1260d27d-2afd-492e-9430-e2f349ff0f7b-GrpcLogAppender: Leader has not got in touch with Follower 957f0a06-02fd-450d-99be-0926792af3ec@group-7D2311A86DCB->1260d27d-2afd-492e-9430-e2f349ff0f7b(c0,m0,n1, attendVote=true, lastRpcSendTime=2, lastRpcResponseTime=2532) yet, just keep nextIndex unchanged and retry.
2022-11-05 13:04:38,956 [b385a6e1-c61e-4aaf-9536-8cc86fe51578@group-0B3F8550F3C8-FollowerState] INFO  impl.FollowerState (FollowerState.java:run(143)) - b385a6e1-c61e-4aaf-9536-8cc86fe51578@group-0B3F8550F3C8-FollowerState: change to CANDIDATE, lastRpcElapsedTime:5191308754ns, electionTimeout:5190ms
2022-11-05 13:04:38,956 [b385a6e1-c61e-4aaf-9536-8cc86fe51578@group-0B3F8550F3C8-FollowerState] INFO  impl.RoleInfo (RoleInfo.java:shutdownFollowerState(110)) - b385a6e1-c61e-4aaf-9536-8cc86fe51578: shutdown b385a6e1-c61e-4aaf-9536-8cc86fe51578@group-0B3F8550F3C8-FollowerState
2022-11-05 13:04:38,956 [b385a6e1-c61e-4aaf-9536-8cc86fe51578@group-0B3F8550F3C8-FollowerState] INFO  server.RaftServer$Division (RaftServerImpl.java:setRole(321)) - b385a6e1-c61e-4aaf-9536-8cc86fe51578@group-0B3F8550F3C8: changes role from  FOLLOWER to CANDIDATE at term 0 for changeToCandidate
2022-11-05 13:04:38,956 [b385a6e1-c61e-4aaf-9536-8cc86fe51578@group-0B3F8550F3C8-FollowerState] INFO  server.RaftServerConfigKeys (ConfUtils.java:logGet(46)) - raft.server.leaderelection.pre-vote = false (custom)
2022-11-05 13:04:38,956 [b385a6e1-c61e-4aaf-9536-8cc86fe51578@group-0B3F8550F3C8-FollowerState] INFO  impl.RoleInfo (RoleInfo.java:updateAndGet(139)) - b385a6e1-c61e-4aaf-9536-8cc86fe51578: start b385a6e1-c61e-4aaf-9536-8cc86fe51578@group-0B3F8550F3C8-LeaderElection17
2022-11-05 13:04:38,973 [b385a6e1-c61e-4aaf-9536-8cc86fe51578@group-0B3F8550F3C8-LeaderElection17] INFO  impl.LeaderElection (LeaderElection.java:askForVotes(312)) - b385a6e1-c61e-4aaf-9536-8cc86fe51578@group-0B3F8550F3C8-LeaderElection17 ELECTION round 0: submit vote requests at term 1 for -1: peers:[b385a6e1-c61e-4aaf-9536-8cc86fe51578|rpc:10.1.0.157:36679|priority:1|startupRole:FOLLOWER]|listeners:[], old=null
2022-11-05 13:04:38,973 [b385a6e1-c61e-4aaf-9536-8cc86fe51578@group-0B3F8550F3C8-LeaderElection17] INFO  impl.LeaderElection (LeaderElection.java:askForVotes(314)) - b385a6e1-c61e-4aaf-9536-8cc86fe51578@group-0B3F8550F3C8-LeaderElection17 ELECTION round 0: result PASSED (term=1)
2022-11-05 13:04:38,973 [b385a6e1-c61e-4aaf-9536-8cc86fe51578@group-0B3F8550F3C8-LeaderElection17] INFO  impl.RoleInfo (RoleInfo.java:shutdownLeaderElection(130)) - b385a6e1-c61e-4aaf-9536-8cc86fe51578: shutdown b385a6e1-c61e-4aaf-9536-8cc86fe51578@group-0B3F8550F3C8-LeaderElection17
2022-11-05 13:04:38,973 [b385a6e1-c61e-4aaf-9536-8cc86fe51578@group-0B3F8550F3C8-LeaderElection17] INFO  server.RaftServer$Division (RaftServerImpl.java:setRole(321)) - b385a6e1-c61e-4aaf-9536-8cc86fe51578@group-0B3F8550F3C8: changes role from CANDIDATE to LEADER at term 1 for changeToLeader
2022-11-05 13:04:38,973 [b385a6e1-c61e-4aaf-9536-8cc86fe51578@group-0B3F8550F3C8-LeaderElection17] INFO  ratis.XceiverServerRatis (XceiverServerRatis.java:handleLeaderChangedNotification(863)) - Leader change notification received for group: group-0B3F8550F3C8 with new leaderId: b385a6e1-c61e-4aaf-9536-8cc86fe51578
2022-11-05 13:04:38,974 [b385a6e1-c61e-4aaf-9536-8cc86fe51578@group-0B3F8550F3C8-LeaderElection17] INFO  server.RaftServer$Division (ServerState.java:setLeader(313)) - b385a6e1-c61e-4aaf-9536-8cc86fe51578@group-0B3F8550F3C8: change Leader from null to b385a6e1-c61e-4aaf-9536-8cc86fe51578 at term 1 for becomeLeader, leader elected after 5230ms
2022-11-05 13:04:38,974 [b385a6e1-c61e-4aaf-9536-8cc86fe51578@group-0B3F8550F3C8-LeaderElection17] INFO  server.RaftServerConfigKeys (ConfUtils.java:logGet(46)) - raft.server.staging.catchup.gap = 1000 (default)
2022-11-05 13:04:38,975 [b385a6e1-c61e-4aaf-9536-8cc86fe51578@group-0B3F8550F3C8-LeaderElection17] INFO  server.RaftServerConfigKeys (ConfUtils.java:logGet(46)) - raft.server.write.element-limit = 1024 (custom)
2022-11-05 13:04:38,976 [b385a6e1-c61e-4aaf-9536-8cc86fe51578@group-0B3F8550F3C8-LeaderElection17] INFO  server.RaftServerConfigKeys (ConfUtils.java:logGet(46)) - raft.server.write.byte-limit = 1024 M (=1073741824) (custom)
2022-11-05 13:04:38,976 [b385a6e1-c61e-4aaf-9536-8cc86fe51578@group-0B3F8550F3C8-LeaderElection17] INFO  server.RaftServerConfigKeys (ConfUtils.java:logGet(46)) - raft.server.watch.timeout = 180s (custom)
2022-11-05 13:04:38,976 [b385a6e1-c61e-4aaf-9536-8cc86fe51578@group-0B3F8550F3C8-LeaderElection17] INFO  server.RaftServerConfigKeys (ConfUtils.java:logGet(46)) - raft.server.watch.timeout.denomination = 1s (default)
2022-11-05 13:04:38,976 [b385a6e1-c61e-4aaf-9536-8cc86fe51578@group-0B3F8550F3C8-LeaderElection17] INFO  server.RaftServerConfigKeys (ConfUtils.java:logGet(46)) - raft.server.watch.element-limit = 65536 (default)
2022-11-05 13:04:38,976 [b385a6e1-c61e-4aaf-9536-8cc86fe51578@group-0B3F8550F3C8-LeaderElection17] INFO  server.RaftServerConfigKeys (ConfUtils.java:logGet(46)) - raft.server.write.element-limit = 1024 (custom)
2022-11-05 13:04:38,976 [b385a6e1-c61e-4aaf-9536-8cc86fe51578@group-0B3F8550F3C8-LeaderElection17] INFO  server.RaftServerConfigKeys (ConfUtils.java:logGet(46)) - raft.server.write.follower.gap.ratio.max = -1.0 (default)
2022-11-05 13:04:38,976 [b385a6e1-c61e-4aaf-9536-8cc86fe51578@group-0B3F8550F3C8-LeaderElection17] INFO  impl.RoleInfo (RoleInfo.java:updateAndGet(139)) - b385a6e1-c61e-4aaf-9536-8cc86fe51578: start b385a6e1-c61e-4aaf-9536-8cc86fe51578@group-0B3F8550F3C8-LeaderStateImpl
2022-11-05 13:04:38,976 [b385a6e1-c61e-4aaf-9536-8cc86fe51578@group-0B3F8550F3C8-LeaderElection17] INFO  segmented.SegmentedRaftLogWorker (SegmentedRaftLogWorker.java:startLogSegment(452)) - b385a6e1-c61e-4aaf-9536-8cc86fe51578@group-0B3F8550F3C8-SegmentedRaftLogWorker: Starting segment from index:0
2022-11-05 13:04:38,983 [b385a6e1-c61e-4aaf-9536-8cc86fe51578@group-0B3F8550F3C8-LeaderElection17] INFO  server.RaftServer$Division (ServerState.java:setRaftConf(430)) - b385a6e1-c61e-4aaf-9536-8cc86fe51578@group-0B3F8550F3C8: set configuration 0: peers:[b385a6e1-c61e-4aaf-9536-8cc86fe51578|rpc:10.1.0.157:36679|dataStream:|priority:1|startupRole:FOLLOWER]|listeners:[], old=null
2022-11-05 13:04:38,985 [b385a6e1-c61e-4aaf-9536-8cc86fe51578@group-0B3F8550F3C8-SegmentedRaftLogWorker] INFO  segmented.SegmentedRaftLogWorker (SegmentedRaftLogWorker.java:execute(656)) - b385a6e1-c61e-4aaf-9536-8cc86fe51578@group-0B3F8550F3C8-SegmentedRaftLogWorker: created new log segment /home/runner/work/ozone/ozone/hadoop-ozone/integration-test/target/test-dir/MiniOzoneClusterImpl-9e91b504-fe86-427b-a8de-b3d8b21cdaaf/datanode-9/data/ratis/0b40703c-8485-47bb-a176-0b3f8550f3c8/current/log_inprogress_0
2022-11-05 13:04:39,704 [274c4b45-19e0-452f-8d1e-585a77537937@group-B6D24B272EC8-FollowerState] INFO  impl.FollowerState (FollowerState.java:run(143)) - 274c4b45-19e0-452f-8d1e-585a77537937@group-B6D24B272EC8-FollowerState: change to CANDIDATE, lastRpcElapsedTime:5095551574ns, electionTimeout:5094ms
2022-11-05 13:04:39,704 [274c4b45-19e0-452f-8d1e-585a77537937@group-B6D24B272EC8-FollowerState] INFO  impl.RoleInfo (RoleInfo.java:shutdownFollowerState(110)) - 274c4b45-19e0-452f-8d1e-585a77537937: shutdown 274c4b45-19e0-452f-8d1e-585a77537937@group-B6D24B272EC8-FollowerState
2022-11-05 13:04:39,704 [274c4b45-19e0-452f-8d1e-585a77537937@group-B6D24B272EC8-FollowerState] INFO  server.RaftServer$Division (RaftServerImpl.java:setRole(321)) - 274c4b45-19e0-452f-8d1e-585a77537937@group-B6D24B272EC8: changes role from  FOLLOWER to CANDIDATE at term 1 for changeToCandidate
2022-11-05 13:04:39,704 [274c4b45-19e0-452f-8d1e-585a77537937@group-B6D24B272EC8-FollowerState] INFO  server.RaftServerConfigKeys (ConfUtils.java:logGet(46)) - raft.server.leaderelection.pre-vote = false (custom)
2022-11-05 13:04:39,704 [274c4b45-19e0-452f-8d1e-585a77537937@group-B6D24B272EC8-FollowerState] INFO  impl.RoleInfo (RoleInfo.java:updateAndGet(139)) - 274c4b45-19e0-452f-8d1e-585a77537937: start 274c4b45-19e0-452f-8d1e-585a77537937@group-B6D24B272EC8-LeaderElection18
2022-11-05 13:04:39,714 [274c4b45-19e0-452f-8d1e-585a77537937@group-B6D24B272EC8-LeaderElection18] INFO  impl.LeaderElection (LeaderElection.java:askForVotes(312)) - 274c4b45-19e0-452f-8d1e-585a77537937@group-B6D24B272EC8-LeaderElection18 ELECTION round 0: submit vote requests at term 2 for -1: peers:[274c4b45-19e0-452f-8d1e-585a77537937|rpc:10.1.0.157:40915|priority:0|startupRole:FOLLOWER, 97cc06fc-4025-4c76-bebd-c1d7b79fe413|rpc:10.1.0.157:40151|priority:1|startupRole:FOLLOWER, c56757ad-2923-4297-8741-c606545d9a52|rpc:10.1.0.157:45683|priority:0|startupRole:FOLLOWER]|listeners:[], old=null
2022-11-05 13:04:39,716 [274c4b45-19e0-452f-8d1e-585a77537937@group-B6D24B272EC8-LeaderElection18] INFO  server.RaftServerConfigKeys (ConfUtils.java:logFallback(53)) - raft.server.rpc.first-election.timeout.min = 5s (fallback to raft.server.rpc.timeout.min)
2022-11-05 13:04:39,716 [274c4b45-19e0-452f-8d1e-585a77537937@group-B6D24B272EC8-LeaderElection18] INFO  server.RaftServerConfigKeys (ConfUtils.java:logFallback(53)) - raft.server.rpc.first-election.timeout.max = 5200ms (fallback to raft.server.rpc.timeout.max)
2022-11-05 13:04:39,717 [grpc-default-executor-4] INFO  server.RaftServer$Division (RaftServerImpl.java:requestVote(1218)) - 97cc06fc-4025-4c76-bebd-c1d7b79fe413@group-B6D24B272EC8: receive requestVote(ELECTION, 274c4b45-19e0-452f-8d1e-585a77537937, group-B6D24B272EC8, 2, (t:0, i:0))
2022-11-05 13:04:39,723 [grpc-default-executor-4] INFO  impl.VoteContext (VoteContext.java:log(48)) - 97cc06fc-4025-4c76-bebd-c1d7b79fe413@group-B6D24B272EC8-FOLLOWER: reject ELECTION from 274c4b45-19e0-452f-8d1e-585a77537937: our priority 1 > candidate's priority 0
2022-11-05 13:04:39,723 [grpc-default-executor-4] INFO  server.RaftServer$Division (RaftServerImpl.java:setRole(321)) - 97cc06fc-4025-4c76-bebd-c1d7b79fe413@group-B6D24B272EC8: changes role from  FOLLOWER to FOLLOWER at term 2 for candidate:274c4b45-19e0-452f-8d1e-585a77537937
2022-11-05 13:04:39,723 [grpc-default-executor-4] INFO  impl.RoleInfo (RoleInfo.java:shutdownFollowerState(110)) - 97cc06fc-4025-4c76-bebd-c1d7b79fe413: shutdown 97cc06fc-4025-4c76-bebd-c1d7b79fe413@group-B6D24B272EC8-FollowerState
2022-11-05 13:04:39,724 [grpc-default-executor-4] INFO  impl.RoleInfo (RoleInfo.java:updateAndGet(139)) - 97cc06fc-4025-4c76-bebd-c1d7b79fe413: start 97cc06fc-4025-4c76-bebd-c1d7b79fe413@group-B6D24B272EC8-FollowerState
2022-11-05 13:04:39,724 [97cc06fc-4025-4c76-bebd-c1d7b79fe413@group-B6D24B272EC8-FollowerState] INFO  impl.FollowerState (FollowerState.java:run(152)) - 97cc06fc-4025-4c76-bebd-c1d7b79fe413@group-B6D24B272EC8-FollowerState was interrupted
2022-11-05 13:04:39,726 [grpc-default-executor-2] INFO  server.RaftServer$Division (RaftServerImpl.java:requestVote(1218)) - c56757ad-2923-4297-8741-c606545d9a52@group-B6D24B272EC8: receive requestVote(ELECTION, 274c4b45-19e0-452f-8d1e-585a77537937, group-B6D24B272EC8, 2, (t:0, i:0))
2022-11-05 13:04:39,726 [grpc-default-executor-2] INFO  impl.VoteContext (VoteContext.java:log(48)) - c56757ad-2923-4297-8741-c606545d9a52@group-B6D24B272EC8-FOLLOWER: accept ELECTION from 274c4b45-19e0-452f-8d1e-585a77537937: our priority 0 <= candidate's priority 0
2022-11-05 13:04:39,726 [grpc-default-executor-2] INFO  server.RaftServer$Division (RaftServerImpl.java:setRole(321)) - c56757ad-2923-4297-8741-c606545d9a52@group-B6D24B272EC8: changes role from  FOLLOWER to FOLLOWER at term 2 for candidate:274c4b45-19e0-452f-8d1e-585a77537937
2022-11-05 13:04:39,726 [grpc-default-executor-2] INFO  impl.RoleInfo (RoleInfo.java:shutdownFollowerState(110)) - c56757ad-2923-4297-8741-c606545d9a52: shutdown c56757ad-2923-4297-8741-c606545d9a52@group-B6D24B272EC8-FollowerState
2022-11-05 13:04:39,726 [grpc-default-executor-2] INFO  impl.RoleInfo (RoleInfo.java:updateAndGet(139)) - c56757ad-2923-4297-8741-c606545d9a52: start c56757ad-2923-4297-8741-c606545d9a52@group-B6D24B272EC8-FollowerState
2022-11-05 13:04:39,726 [c56757ad-2923-4297-8741-c606545d9a52@group-B6D24B272EC8-FollowerState] INFO  impl.FollowerState (FollowerState.java:run(152)) - c56757ad-2923-4297-8741-c606545d9a52@group-B6D24B272EC8-FollowerState was interrupted
2022-11-05 13:04:39,727 [c56757ad-2923-4297-8741-c606545d9a52@group-B6D24B272EC8-FollowerState] INFO  server.RaftServerConfigKeys (ConfUtils.java:logFallback(53)) - raft.server.rpc.first-election.timeout.min = 5s (fallback to raft.server.rpc.timeout.min)
2022-11-05 13:04:39,727 [c56757ad-2923-4297-8741-c606545d9a52@group-B6D24B272EC8-FollowerState] INFO  server.RaftServerConfigKeys (ConfUtils.java:logFallback(53)) - raft.server.rpc.first-election.timeout.max = 5200ms (fallback to raft.server.rpc.timeout.max)
2022-11-05 13:04:39,730 [97cc06fc-4025-4c76-bebd-c1d7b79fe413@group-B6D24B272EC8-FollowerState] INFO  server.RaftServerConfigKeys (ConfUtils.java:logFallback(53)) - raft.server.rpc.first-election.timeout.min = 5s (fallback to raft.server.rpc.timeout.min)
2022-11-05 13:04:39,730 [97cc06fc-4025-4c76-bebd-c1d7b79fe413@group-B6D24B272EC8-FollowerState] INFO  server.RaftServerConfigKeys (ConfUtils.java:logFallback(53)) - raft.server.rpc.first-election.timeout.max = 5200ms (fallback to raft.server.rpc.timeout.max)
2022-11-05 13:04:39,735 [grpc-default-executor-4] INFO  server.RaftServer$Division (RaftServerImpl.java:requestVote(1251)) - 97cc06fc-4025-4c76-bebd-c1d7b79fe413@group-B6D24B272EC8 replies to ELECTION vote request: 274c4b45-19e0-452f-8d1e-585a77537937<-97cc06fc-4025-4c76-bebd-c1d7b79fe413#0:FAIL-t2. Peer's state: 97cc06fc-4025-4c76-bebd-c1d7b79fe413@group-B6D24B272EC8:t2, leader=null, voted=null, raftlog=Memoized:97cc06fc-4025-4c76-bebd-c1d7b79fe413@group-B6D24B272EC8-SegmentedRaftLog:OPENED:c-1, conf=-1: peers:[274c4b45-19e0-452f-8d1e-585a77537937|rpc:10.1.0.157:40915|priority:0|startupRole:FOLLOWER, 97cc06fc-4025-4c76-bebd-c1d7b79fe413|rpc:10.1.0.157:40151|priority:1|startupRole:FOLLOWER, c56757ad-2923-4297-8741-c606545d9a52|rpc:10.1.0.157:45683|priority:0|startupRole:FOLLOWER]|listeners:[], old=null
2022-11-05 13:04:39,736 [274c4b45-19e0-452f-8d1e-585a77537937@group-B6D24B272EC8-LeaderElection18] INFO  impl.LeaderElection (LeaderElection.java:logAndReturn(90)) - 274c4b45-19e0-452f-8d1e-585a77537937@group-B6D24B272EC8-LeaderElection18: ELECTION REJECTED received 1 response(s) and 0 exception(s):
2022-11-05 13:04:39,736 [274c4b45-19e0-452f-8d1e-585a77537937@group-B6D24B272EC8-LeaderElection18] INFO  impl.LeaderElection (LeaderElection.java:logAndReturn(94)) -   Response 0: 274c4b45-19e0-452f-8d1e-585a77537937<-97cc06fc-4025-4c76-bebd-c1d7b79fe413#0:FAIL-t2
2022-11-05 13:04:39,736 [274c4b45-19e0-452f-8d1e-585a77537937@group-B6D24B272EC8-LeaderElection18] INFO  impl.LeaderElection (LeaderElection.java:askForVotes(314)) - 274c4b45-19e0-452f-8d1e-585a77537937@group-B6D24B272EC8-LeaderElection18 ELECTION round 0: result REJECTED
2022-11-05 13:04:39,736 [274c4b45-19e0-452f-8d1e-585a77537937@group-B6D24B272EC8-LeaderElection18] INFO  server.RaftServer$Division (RaftServerImpl.java:setRole(321)) - 274c4b45-19e0-452f-8d1e-585a77537937@group-B6D24B272EC8: changes role from CANDIDATE to FOLLOWER at term 2 for REJECTED
2022-11-05 13:04:39,736 [274c4b45-19e0-452f-8d1e-585a77537937@group-B6D24B272EC8-LeaderElection18] INFO  impl.RoleInfo (RoleInfo.java:shutdownLeaderElection(130)) - 274c4b45-19e0-452f-8d1e-585a77537937: shutdown 274c4b45-19e0-452f-8d1e-585a77537937@group-B6D24B272EC8-LeaderElection18
2022-11-05 13:04:39,737 [274c4b45-19e0-452f-8d1e-585a77537937@group-B6D24B272EC8-LeaderElection18] INFO  impl.RoleInfo (RoleInfo.java:updateAndGet(139)) - 274c4b45-19e0-452f-8d1e-585a77537937: start 274c4b45-19e0-452f-8d1e-585a77537937@group-B6D24B272EC8-FollowerState
2022-11-05 13:04:39,744 [274c4b45-19e0-452f-8d1e-585a77537937@group-B6D24B272EC8-FollowerState] INFO  server.RaftServerConfigKeys (ConfUtils.java:logFallback(53)) - raft.server.rpc.first-election.timeout.min = 5s (fallback to raft.server.rpc.timeout.min)
2022-11-05 13:04:39,744 [274c4b45-19e0-452f-8d1e-585a77537937@group-B6D24B272EC8-FollowerState] INFO  server.RaftServerConfigKeys (ConfUtils.java:logFallback(53)) - raft.server.rpc.first-election.timeout.max = 5200ms (fallback to raft.server.rpc.timeout.max)
2022-11-05 13:04:39,748 [grpc-default-executor-2] INFO  server.RaftServer$Division (RaftServerImpl.java:requestVote(1251)) - c56757ad-2923-4297-8741-c606545d9a52@group-B6D24B272EC8 replies to ELECTION vote request: 274c4b45-19e0-452f-8d1e-585a77537937<-c56757ad-2923-4297-8741-c606545d9a52#0:OK-t2. Peer's state: c56757ad-2923-4297-8741-c606545d9a52@group-B6D24B272EC8:t2, leader=null, voted=274c4b45-19e0-452f-8d1e-585a77537937, raftlog=Memoized:c56757ad-2923-4297-8741-c606545d9a52@group-B6D24B272EC8-SegmentedRaftLog:OPENED:c-1, conf=-1: peers:[274c4b45-19e0-452f-8d1e-585a77537937|rpc:10.1.0.157:40915|dataStream:|priority:0|startupRole:FOLLOWER, 97cc06fc-4025-4c76-bebd-c1d7b79fe413|rpc:10.1.0.157:40151|dataStream:|priority:1|startupRole:FOLLOWER, c56757ad-2923-4297-8741-c606545d9a52|rpc:10.1.0.157:45683|dataStream:|priority:0|startupRole:FOLLOWER]|listeners:[], old=null
2022-11-05 13:04:40,066 [grpc-default-executor-2] WARN  server.GrpcLogAppender (LogUtils.java:warn(122)) - 957f0a06-02fd-450d-99be-0926792af3ec@group-7D2311A86DCB->1260d27d-2afd-492e-9430-e2f349ff0f7b-AppendLogResponseHandler: Failed appendEntries: org.apache.ratis.thirdparty.io.grpc.StatusRuntimeException: UNAVAILABLE: io exception
2022-11-05 13:04:40,066 [grpc-default-executor-4] WARN  server.GrpcLogAppender (LogUtils.java:warn(122)) - 957f0a06-02fd-450d-99be-0926792af3ec@group-7D2311A86DCB->1260d27d-2afd-492e-9430-e2f349ff0f7b-AppendLogResponseHandler: Failed appendEntries: org.apache.ratis.thirdparty.io.grpc.StatusRuntimeException: UNAVAILABLE: io exception
2022-11-05 13:04:40,067 [grpc-default-executor-2] WARN  server.GrpcLogAppender (GrpcLogAppender.java:resetClient(131)) - 957f0a06-02fd-450d-99be-0926792af3ec@group-7D2311A86DCB->1260d27d-2afd-492e-9430-e2f349ff0f7b-GrpcLogAppender: Leader has not got in touch with Follower 957f0a06-02fd-450d-99be-0926792af3ec@group-7D2311A86DCB->1260d27d-2afd-492e-9430-e2f349ff0f7b(c0,m0,n1, attendVote=true, lastRpcSendTime=0, lastRpcResponseTime=3781) yet, just keep nextIndex unchanged and retry.
2022-11-05 13:04:40,069 [grpc-default-executor-4] WARN  server.GrpcLogAppender (GrpcLogAppender.java:resetClient(131)) - 957f0a06-02fd-450d-99be-0926792af3ec@group-7D2311A86DCB->1260d27d-2afd-492e-9430-e2f349ff0f7b-GrpcLogAppender: Leader has not got in touch with Follower 957f0a06-02fd-450d-99be-0926792af3ec@group-7D2311A86DCB->1260d27d-2afd-492e-9430-e2f349ff0f7b(c0,m0,n1, attendVote=true, lastRpcSendTime=2, lastRpcResponseTime=3783) yet, just keep nextIndex unchanged and retry.
2022-11-05 13:04:40,198 [Listener at 127.0.0.1/34735] INFO  volume.HddsVolume (HddsVolume.java:closeDbStore(338)) - SchemaV3 db is stopped at /home/runner/work/ozone/ozone/hadoop-ozone/integration-test/target/test-dir/MiniOzoneClusterImpl-9e91b504-fe86-427b-a8de-b3d8b21cdaaf/datanode-5/data-0/containers/hdds/9e91b504-fe86-427b-a8de-b3d8b21cdaaf/DS-0d000992-cc54-4a17-a269-6c7f362a0caf/container.db for volume DS-0d000992-cc54-4a17-a269-6c7f362a0caf
2022-11-05 13:04:40,198 [Listener at 127.0.0.1/34735] INFO  utils.BackgroundService (BackgroundService.java:shutdown(141)) - Shutting down service BlockDeletingService
2022-11-05 13:04:40,199 [Listener at 127.0.0.1/34735] INFO  utils.BackgroundService (BackgroundService.java:shutdown(141)) - Shutting down service StaleRecoveringContainerScrubbingService
2022-11-05 13:04:40,203 [Listener at 127.0.0.1/34735] INFO  statemachine.DatanodeStateMachine (DatanodeStateMachine.java:stopDaemon(593)) - Ozone container server stopped.
2022-11-05 13:04:40,215 [Listener at 127.0.0.1/34735] INFO  handler.ContextHandler (ContextHandler.java:doStop(1159)) - Stopped o.e.j.w.WebAppContext@4fe34d9d{hddsDatanode,/,null,STOPPED}{jar:file:/home/runner/.m2/repository/org/apache/ozone/hdds-container-service/1.3.0-SNAPSHOT/hdds-container-service-1.3.0-SNAPSHOT.jar!/webapps/hddsDatanode}
2022-11-05 13:04:40,219 [Listener at 127.0.0.1/34735] INFO  server.AbstractConnector (AbstractConnector.java:doStop(383)) - Stopped ServerConnector@4675f5b0{HTTP/1.1, (http/1.1)}{0.0.0.0:0}
2022-11-05 13:04:40,220 [Listener at 127.0.0.1/34735] INFO  server.session (HouseKeeper.java:stopScavenging(149)) - node0 Stopped scavenging
2022-11-05 13:04:40,220 [Listener at 127.0.0.1/34735] INFO  handler.ContextHandler (ContextHandler.java:doStop(1159)) - Stopped o.e.j.s.ServletContextHandler@59f7d263{static,/static,jar:file:/home/runner/.m2/repository/org/apache/ozone/hdds-container-service/1.3.0-SNAPSHOT/hdds-container-service-1.3.0-SNAPSHOT.jar!/webapps/static,STOPPED}
2022-11-05 13:04:40,221 [Listener at 127.0.0.1/34735] INFO  handler.ContextHandler (ContextHandler.java:doStop(1159)) - Stopped o.e.j.s.ServletContextHandler@4285e6ae{logs,/logs,file:///home/runner/work/ozone/ozone/hadoop-ozone/integration-test/target/log,STOPPED}
2022-11-05 13:04:40,447 [c56757ad-2923-4297-8741-c606545d9a52@group-4C9F1E15A7B6-FollowerState] INFO  impl.FollowerState (FollowerState.java:run(143)) - c56757ad-2923-4297-8741-c606545d9a52@group-4C9F1E15A7B6-FollowerState: change to CANDIDATE, lastRpcElapsedTime:5022644123ns, electionTimeout:5022ms
2022-11-05 13:04:40,448 [c56757ad-2923-4297-8741-c606545d9a52@group-4C9F1E15A7B6-FollowerState] INFO  impl.RoleInfo (RoleInfo.java:shutdownFollowerState(110)) - c56757ad-2923-4297-8741-c606545d9a52: shutdown c56757ad-2923-4297-8741-c606545d9a52@group-4C9F1E15A7B6-FollowerState
2022-11-05 13:04:40,448 [c56757ad-2923-4297-8741-c606545d9a52@group-4C9F1E15A7B6-FollowerState] INFO  server.RaftServer$Division (RaftServerImpl.java:setRole(321)) - c56757ad-2923-4297-8741-c606545d9a52@group-4C9F1E15A7B6: changes role from  FOLLOWER to CANDIDATE at term 1 for changeToCandidate
2022-11-05 13:04:40,448 [c56757ad-2923-4297-8741-c606545d9a52@group-4C9F1E15A7B6-FollowerState] INFO  server.RaftServerConfigKeys (ConfUtils.java:logGet(46)) - raft.server.leaderelection.pre-vote = false (custom)
2022-11-05 13:04:40,448 [c56757ad-2923-4297-8741-c606545d9a52@group-4C9F1E15A7B6-FollowerState] INFO  impl.RoleInfo (RoleInfo.java:updateAndGet(139)) - c56757ad-2923-4297-8741-c606545d9a52: start c56757ad-2923-4297-8741-c606545d9a52@group-4C9F1E15A7B6-LeaderElection19
2022-11-05 13:04:40,459 [97cc06fc-4025-4c76-bebd-c1d7b79fe413@group-4C9F1E15A7B6-FollowerState] INFO  impl.FollowerState (FollowerState.java:run(143)) - 97cc06fc-4025-4c76-bebd-c1d7b79fe413@group-4C9F1E15A7B6-FollowerState: change to CANDIDATE, lastRpcElapsedTime:5030567322ns, electionTimeout:5029ms
2022-11-05 13:04:40,459 [97cc06fc-4025-4c76-bebd-c1d7b79fe413@group-4C9F1E15A7B6-FollowerState] INFO  impl.RoleInfo (RoleInfo.java:shutdownFollowerState(110)) - 97cc06fc-4025-4c76-bebd-c1d7b79fe413: shutdown 97cc06fc-4025-4c76-bebd-c1d7b79fe413@group-4C9F1E15A7B6-FollowerState
2022-11-05 13:04:40,459 [97cc06fc-4025-4c76-bebd-c1d7b79fe413@group-4C9F1E15A7B6-FollowerState] INFO  server.RaftServer$Division (RaftServerImpl.java:setRole(321)) - 97cc06fc-4025-4c76-bebd-c1d7b79fe413@group-4C9F1E15A7B6: changes role from  FOLLOWER to CANDIDATE at term 1 for changeToCandidate
2022-11-05 13:04:40,459 [97cc06fc-4025-4c76-bebd-c1d7b79fe413@group-4C9F1E15A7B6-FollowerState] INFO  server.RaftServerConfigKeys (ConfUtils.java:logGet(46)) - raft.server.leaderelection.pre-vote = false (custom)
2022-11-05 13:04:40,459 [97cc06fc-4025-4c76-bebd-c1d7b79fe413@group-4C9F1E15A7B6-FollowerState] INFO  impl.RoleInfo (RoleInfo.java:updateAndGet(139)) - 97cc06fc-4025-4c76-bebd-c1d7b79fe413: start 97cc06fc-4025-4c76-bebd-c1d7b79fe413@group-4C9F1E15A7B6-LeaderElection20
2022-11-05 13:04:40,462 [c56757ad-2923-4297-8741-c606545d9a52@group-4C9F1E15A7B6-LeaderElection19] INFO  impl.LeaderElection (LeaderElection.java:askForVotes(312)) - c56757ad-2923-4297-8741-c606545d9a52@group-4C9F1E15A7B6-LeaderElection19 ELECTION round 0: submit vote requests at term 2 for -1: peers:[274c4b45-19e0-452f-8d1e-585a77537937|rpc:10.1.0.157:40915|dataStream:|priority:0|startupRole:FOLLOWER, 97cc06fc-4025-4c76-bebd-c1d7b79fe413|rpc:10.1.0.157:40151|dataStream:|priority:0|startupRole:FOLLOWER, c56757ad-2923-4297-8741-c606545d9a52|rpc:10.1.0.157:45683|dataStream:|priority:1|startupRole:FOLLOWER]|listeners:[], old=null
2022-11-05 13:04:40,476 [c56757ad-2923-4297-8741-c606545d9a52@group-4C9F1E15A7B6-LeaderElection19] INFO  server.RaftServerConfigKeys (ConfUtils.java:logFallback(53)) - raft.server.rpc.first-election.timeout.min = 5s (fallback to raft.server.rpc.timeout.min)
2022-11-05 13:04:40,476 [c56757ad-2923-4297-8741-c606545d9a52@group-4C9F1E15A7B6-LeaderElection19] INFO  server.RaftServerConfigKeys (ConfUtils.java:logFallback(53)) - raft.server.rpc.first-election.timeout.max = 5200ms (fallback to raft.server.rpc.timeout.max)
2022-11-05 13:04:40,476 [c56757ad-2923-4297-8741-c606545d9a52@group-4C9F1E15A7B6-LeaderElection19-1] INFO  server.GrpcServerProtocolClient (GrpcServerProtocolClient.java:<init>(63)) - Build channel for 274c4b45-19e0-452f-8d1e-585a77537937
2022-11-05 13:04:40,483 [grpc-default-executor-4] INFO  server.RaftServer$Division (RaftServerImpl.java:requestVote(1218)) - 274c4b45-19e0-452f-8d1e-585a77537937@group-4C9F1E15A7B6: receive requestVote(ELECTION, c56757ad-2923-4297-8741-c606545d9a52, group-4C9F1E15A7B6, 2, (t:0, i:0))
2022-11-05 13:04:40,483 [grpc-default-executor-4] INFO  impl.VoteContext (VoteContext.java:log(48)) - 274c4b45-19e0-452f-8d1e-585a77537937@group-4C9F1E15A7B6-FOLLOWER: accept ELECTION from c56757ad-2923-4297-8741-c606545d9a52: our priority 0 <= candidate's priority 1
2022-11-05 13:04:40,483 [grpc-default-executor-4] INFO  server.RaftServer$Division (RaftServerImpl.java:setRole(321)) - 274c4b45-19e0-452f-8d1e-585a77537937@group-4C9F1E15A7B6: changes role from  FOLLOWER to FOLLOWER at term 2 for candidate:c56757ad-2923-4297-8741-c606545d9a52
2022-11-05 13:04:40,483 [grpc-default-executor-4] INFO  impl.RoleInfo (RoleInfo.java:shutdownFollowerState(110)) - 274c4b45-19e0-452f-8d1e-585a77537937: shutdown 274c4b45-19e0-452f-8d1e-585a77537937@group-4C9F1E15A7B6-FollowerState
2022-11-05 13:04:40,483 [grpc-default-executor-4] INFO  impl.RoleInfo (RoleInfo.java:updateAndGet(139)) - 274c4b45-19e0-452f-8d1e-585a77537937: start 274c4b45-19e0-452f-8d1e-585a77537937@group-4C9F1E15A7B6-FollowerState
2022-11-05 13:04:40,483 [274c4b45-19e0-452f-8d1e-585a77537937@group-4C9F1E15A7B6-FollowerState] INFO  impl.FollowerState (FollowerState.java:run(152)) - 274c4b45-19e0-452f-8d1e-585a77537937@group-4C9F1E15A7B6-FollowerState was interrupted
2022-11-05 13:04:40,483 [c56757ad-2923-4297-8741-c606545d9a52@group-4C9F1E15A7B6-LeaderElection19-2] INFO  server.GrpcServerProtocolClient (GrpcServerProtocolClient.java:<init>(63)) - Build channel for 97cc06fc-4025-4c76-bebd-c1d7b79fe413
2022-11-05 13:04:40,486 [274c4b45-19e0-452f-8d1e-585a77537937@group-4C9F1E15A7B6-FollowerState] INFO  server.RaftServerConfigKeys (ConfUtils.java:logFallback(53)) - raft.server.rpc.first-election.timeout.min = 5s (fallback to raft.server.rpc.timeout.min)
2022-11-05 13:04:40,486 [274c4b45-19e0-452f-8d1e-585a77537937@group-4C9F1E15A7B6-FollowerState] INFO  server.RaftServerConfigKeys (ConfUtils.java:logFallback(53)) - raft.server.rpc.first-election.timeout.max = 5200ms (fallback to raft.server.rpc.timeout.max)
2022-11-05 13:04:40,488 [grpc-default-executor-2] INFO  server.RaftServer$Division (RaftServerImpl.java:requestVote(1218)) - 97cc06fc-4025-4c76-bebd-c1d7b79fe413@group-4C9F1E15A7B6: receive requestVote(ELECTION, c56757ad-2923-4297-8741-c606545d9a52, group-4C9F1E15A7B6, 2, (t:0, i:0))
2022-11-05 13:04:40,492 [97cc06fc-4025-4c76-bebd-c1d7b79fe413@group-4C9F1E15A7B6-LeaderElection20] INFO  impl.LeaderElection (LeaderElection.java:askForVotes(312)) - 97cc06fc-4025-4c76-bebd-c1d7b79fe413@group-4C9F1E15A7B6-LeaderElection20 ELECTION round 0: submit vote requests at term 2 for -1: peers:[274c4b45-19e0-452f-8d1e-585a77537937|rpc:10.1.0.157:40915|priority:0|startupRole:FOLLOWER, 97cc06fc-4025-4c76-bebd-c1d7b79fe413|rpc:10.1.0.157:40151|priority:0|startupRole:FOLLOWER, c56757ad-2923-4297-8741-c606545d9a52|rpc:10.1.0.157:45683|priority:1|startupRole:FOLLOWER]|listeners:[], old=null
2022-11-05 13:04:40,492 [grpc-default-executor-2] INFO  impl.VoteContext (VoteContext.java:log(48)) - 97cc06fc-4025-4c76-bebd-c1d7b79fe413@group-4C9F1E15A7B6-CANDIDATE: reject ELECTION from c56757ad-2923-4297-8741-c606545d9a52: already has voted for 97cc06fc-4025-4c76-bebd-c1d7b79fe413 at current term 2
2022-11-05 13:04:40,492 [grpc-default-executor-2] INFO  server.RaftServer$Division (RaftServerImpl.java:requestVote(1251)) - 97cc06fc-4025-4c76-bebd-c1d7b79fe413@group-4C9F1E15A7B6 replies to ELECTION vote request: c56757ad-2923-4297-8741-c606545d9a52<-97cc06fc-4025-4c76-bebd-c1d7b79fe413#0:FAIL-t2. Peer's state: 97cc06fc-4025-4c76-bebd-c1d7b79fe413@group-4C9F1E15A7B6:t2, leader=null, voted=97cc06fc-4025-4c76-bebd-c1d7b79fe413, raftlog=Memoized:97cc06fc-4025-4c76-bebd-c1d7b79fe413@group-4C9F1E15A7B6-SegmentedRaftLog:OPENED:c-1, conf=-1: peers:[274c4b45-19e0-452f-8d1e-585a77537937|rpc:10.1.0.157:40915|priority:0|startupRole:FOLLOWER, 97cc06fc-4025-4c76-bebd-c1d7b79fe413|rpc:10.1.0.157:40151|priority:0|startupRole:FOLLOWER, c56757ad-2923-4297-8741-c606545d9a52|rpc:10.1.0.157:45683|priority:1|startupRole:FOLLOWER]|listeners:[], old=null
2022-11-05 13:04:40,494 [97cc06fc-4025-4c76-bebd-c1d7b79fe413@group-4C9F1E15A7B6-LeaderElection20-1] INFO  server.GrpcServerProtocolClient (GrpcServerProtocolClient.java:<init>(63)) - Build channel for 274c4b45-19e0-452f-8d1e-585a77537937
2022-11-05 13:04:40,497 [97cc06fc-4025-4c76-bebd-c1d7b79fe413@group-4C9F1E15A7B6-LeaderElection20] INFO  server.RaftServerConfigKeys (ConfUtils.java:logFallback(53)) - raft.server.rpc.first-election.timeout.min = 5s (fallback to raft.server.rpc.timeout.min)
2022-11-05 13:04:40,497 [97cc06fc-4025-4c76-bebd-c1d7b79fe413@group-4C9F1E15A7B6-LeaderElection20] INFO  server.RaftServerConfigKeys (ConfUtils.java:logFallback(53)) - raft.server.rpc.first-election.timeout.max = 5200ms (fallback to raft.server.rpc.timeout.max)
2022-11-05 13:04:40,506 [97cc06fc-4025-4c76-bebd-c1d7b79fe413@group-4C9F1E15A7B6-LeaderElection20-2] INFO  server.GrpcServerProtocolClient (GrpcServerProtocolClient.java:<init>(63)) - Build channel for c56757ad-2923-4297-8741-c606545d9a52
2022-11-05 13:04:40,507 [grpc-default-executor-4] INFO  server.RaftServer$Division (RaftServerImpl.java:requestVote(1251)) - 274c4b45-19e0-452f-8d1e-585a77537937@group-4C9F1E15A7B6 replies to ELECTION vote request: c56757ad-2923-4297-8741-c606545d9a52<-274c4b45-19e0-452f-8d1e-585a77537937#0:OK-t2. Peer's state: 274c4b45-19e0-452f-8d1e-585a77537937@group-4C9F1E15A7B6:t2, leader=null, voted=c56757ad-2923-4297-8741-c606545d9a52, raftlog=Memoized:274c4b45-19e0-452f-8d1e-585a77537937@group-4C9F1E15A7B6-SegmentedRaftLog:OPENED:c-1, conf=-1: peers:[274c4b45-19e0-452f-8d1e-585a77537937|rpc:10.1.0.157:40915|priority:0|startupRole:FOLLOWER, 97cc06fc-4025-4c76-bebd-c1d7b79fe413|rpc:10.1.0.157:40151|priority:0|startupRole:FOLLOWER, c56757ad-2923-4297-8741-c606545d9a52|rpc:10.1.0.157:45683|priority:1|startupRole:FOLLOWER]|listeners:[], old=null
2022-11-05 13:04:40,508 [c56757ad-2923-4297-8741-c606545d9a52@group-4C9F1E15A7B6-LeaderElection19] INFO  impl.LeaderElection (LeaderElection.java:logAndReturn(90)) - c56757ad-2923-4297-8741-c606545d9a52@group-4C9F1E15A7B6-LeaderElection19: ELECTION PASSED received 2 response(s) and 0 exception(s):
2022-11-05 13:04:40,508 [c56757ad-2923-4297-8741-c606545d9a52@group-4C9F1E15A7B6-LeaderElection19] INFO  impl.LeaderElection (LeaderElection.java:logAndReturn(94)) -   Response 0: c56757ad-2923-4297-8741-c606545d9a52<-274c4b45-19e0-452f-8d1e-585a77537937#0:OK-t2
2022-11-05 13:04:40,508 [c56757ad-2923-4297-8741-c606545d9a52@group-4C9F1E15A7B6-LeaderElection19] INFO  impl.LeaderElection (LeaderElection.java:logAndReturn(94)) -   Response 1: c56757ad-2923-4297-8741-c606545d9a52<-97cc06fc-4025-4c76-bebd-c1d7b79fe413#0:FAIL-t2
2022-11-05 13:04:40,508 [c56757ad-2923-4297-8741-c606545d9a52@group-4C9F1E15A7B6-LeaderElection19] INFO  impl.LeaderElection (LeaderElection.java:askForVotes(314)) - c56757ad-2923-4297-8741-c606545d9a52@group-4C9F1E15A7B6-LeaderElection19 ELECTION round 0: result PASSED
2022-11-05 13:04:40,508 [c56757ad-2923-4297-8741-c606545d9a52@group-4C9F1E15A7B6-LeaderElection19] INFO  impl.RoleInfo (RoleInfo.java:shutdownLeaderElection(130)) - c56757ad-2923-4297-8741-c606545d9a52: shutdown c56757ad-2923-4297-8741-c606545d9a52@group-4C9F1E15A7B6-LeaderElection19
2022-11-05 13:04:40,509 [c56757ad-2923-4297-8741-c606545d9a52@group-4C9F1E15A7B6-LeaderElection19] INFO  server.RaftServer$Division (RaftServerImpl.java:setRole(321)) - c56757ad-2923-4297-8741-c606545d9a52@group-4C9F1E15A7B6: changes role from CANDIDATE to LEADER at term 2 for changeToLeader
2022-11-05 13:04:40,509 [grpc-default-executor-4] INFO  server.RaftServer$Division (RaftServerImpl.java:requestVote(1218)) - 274c4b45-19e0-452f-8d1e-585a77537937@group-4C9F1E15A7B6: receive requestVote(ELECTION, 97cc06fc-4025-4c76-bebd-c1d7b79fe413, group-4C9F1E15A7B6, 2, (t:0, i:0))
2022-11-05 13:04:40,509 [c56757ad-2923-4297-8741-c606545d9a52@group-4C9F1E15A7B6-LeaderElection19] INFO  ratis.XceiverServerRatis (XceiverServerRatis.java:handleLeaderChangedNotification(863)) - Leader change notification received for group: group-4C9F1E15A7B6 with new leaderId: c56757ad-2923-4297-8741-c606545d9a52
2022-11-05 13:04:40,515 [c56757ad-2923-4297-8741-c606545d9a52@group-4C9F1E15A7B6-LeaderElection19] INFO  server.RaftServer$Division (ServerState.java:setLeader(313)) - c56757ad-2923-4297-8741-c606545d9a52@group-4C9F1E15A7B6: change Leader from null to c56757ad-2923-4297-8741-c606545d9a52 at term 2 for becomeLeader, leader elected after 10153ms
2022-11-05 13:04:40,515 [c56757ad-2923-4297-8741-c606545d9a52@group-4C9F1E15A7B6-LeaderElection19] INFO  server.RaftServerConfigKeys (ConfUtils.java:logGet(46)) - raft.server.staging.catchup.gap = 1000 (default)
2022-11-05 13:04:40,516 [c56757ad-2923-4297-8741-c606545d9a52@group-4C9F1E15A7B6-LeaderElection19] INFO  server.RaftServerConfigKeys (ConfUtils.java:logGet(46)) - raft.server.write.element-limit = 1024 (custom)
2022-11-05 13:04:40,516 [c56757ad-2923-4297-8741-c606545d9a52@group-4C9F1E15A7B6-LeaderElection19] INFO  server.RaftServerConfigKeys (ConfUtils.java:logGet(46)) - raft.server.write.byte-limit = 1024 M (=1073741824) (custom)
2022-11-05 13:04:40,515 [grpc-default-executor-4] INFO  impl.VoteContext (VoteContext.java:log(48)) - 274c4b45-19e0-452f-8d1e-585a77537937@group-4C9F1E15A7B6-FOLLOWER: reject ELECTION from 97cc06fc-4025-4c76-bebd-c1d7b79fe413: already has voted for c56757ad-2923-4297-8741-c606545d9a52 at current term 2
2022-11-05 13:04:40,520 [grpc-default-executor-4] INFO  server.RaftServer$Division (RaftServerImpl.java:requestVote(1251)) - 274c4b45-19e0-452f-8d1e-585a77537937@group-4C9F1E15A7B6 replies to ELECTION vote request: 97cc06fc-4025-4c76-bebd-c1d7b79fe413<-274c4b45-19e0-452f-8d1e-585a77537937#0:FAIL-t2. Peer's state: 274c4b45-19e0-452f-8d1e-585a77537937@group-4C9F1E15A7B6:t2, leader=null, voted=c56757ad-2923-4297-8741-c606545d9a52, raftlog=Memoized:274c4b45-19e0-452f-8d1e-585a77537937@group-4C9F1E15A7B6-SegmentedRaftLog:OPENED:c-1, conf=-1: peers:[274c4b45-19e0-452f-8d1e-585a77537937|rpc:10.1.0.157:40915|priority:0|startupRole:FOLLOWER, 97cc06fc-4025-4c76-bebd-c1d7b79fe413|rpc:10.1.0.157:40151|priority:0|startupRole:FOLLOWER, c56757ad-2923-4297-8741-c606545d9a52|rpc:10.1.0.157:45683|priority:1|startupRole:FOLLOWER]|listeners:[], old=null
2022-11-05 13:04:40,522 [c56757ad-2923-4297-8741-c606545d9a52@group-4C9F1E15A7B6-LeaderElection19] INFO  server.RaftServerConfigKeys (ConfUtils.java:logGet(46)) - raft.server.watch.timeout = 180s (custom)
2022-11-05 13:04:40,522 [c56757ad-2923-4297-8741-c606545d9a52@group-4C9F1E15A7B6-LeaderElection19] INFO  server.RaftServerConfigKeys (ConfUtils.java:logGet(46)) - raft.server.watch.timeout.denomination = 1s (default)
2022-11-05 13:04:40,522 [c56757ad-2923-4297-8741-c606545d9a52@group-4C9F1E15A7B6-LeaderElection19] INFO  server.RaftServerConfigKeys (ConfUtils.java:logGet(46)) - raft.server.watch.element-limit = 65536 (default)
2022-11-05 13:04:40,522 [c56757ad-2923-4297-8741-c606545d9a52@group-4C9F1E15A7B6-LeaderElection19] INFO  server.RaftServerConfigKeys (ConfUtils.java:logGet(46)) - raft.server.write.element-limit = 1024 (custom)
2022-11-05 13:04:40,522 [c56757ad-2923-4297-8741-c606545d9a52@group-4C9F1E15A7B6-LeaderElection19] INFO  server.RaftServerConfigKeys (ConfUtils.java:logGet(46)) - raft.server.write.follower.gap.ratio.max = -1.0 (default)
2022-11-05 13:04:40,522 [c56757ad-2923-4297-8741-c606545d9a52@group-4C9F1E15A7B6-LeaderElection19] INFO  server.RaftServerConfigKeys (ConfUtils.java:logGet(46)) - raft.server.log.appender.snapshot.chunk.size.max = 16MB (=16777216) (default)
2022-11-05 13:04:40,523 [c56757ad-2923-4297-8741-c606545d9a52@group-4C9F1E15A7B6-LeaderElection19] INFO  server.RaftServerConfigKeys (ConfUtils.java:logGet(46)) - raft.server.log.appender.buffer.byte-limit = 33554432 (custom)
2022-11-05 13:04:40,523 [c56757ad-2923-4297-8741-c606545d9a52@group-4C9F1E15A7B6-LeaderElection19] INFO  server.RaftServerConfigKeys (ConfUtils.java:logGet(46)) - raft.server.log.appender.buffer.element-limit = 1 (custom)
2022-11-05 13:04:40,523 [c56757ad-2923-4297-8741-c606545d9a52@group-4C9F1E15A7B6-LeaderElection19] INFO  grpc.GrpcConfigKeys (ConfUtils.java:logGet(46)) - raft.grpc.server.leader.outstanding.appends.max = 128 (default)
2022-11-05 13:04:40,527 [c56757ad-2923-4297-8741-c606545d9a52@group-4C9F1E15A7B6-LeaderElection19] INFO  server.RaftServerConfigKeys (ConfUtils.java:logGet(46)) - raft.server.rpc.request.timeout = 60s (custom)
2022-11-05 13:04:40,527 [c56757ad-2923-4297-8741-c606545d9a52@group-4C9F1E15A7B6-LeaderElection19] INFO  server.RaftServerConfigKeys (ConfUtils.java:logGet(46)) - raft.server.log.appender.install.snapshot.enabled = false (custom)
2022-11-05 13:04:40,527 [c56757ad-2923-4297-8741-c606545d9a52@group-4C9F1E15A7B6-LeaderElection19] INFO  grpc.GrpcConfigKeys (ConfUtils.java:logGet(46)) - raft.grpc.server.heartbeat.channel = true (default)
2022-11-05 13:04:40,527 [c56757ad-2923-4297-8741-c606545d9a52@group-4C9F1E15A7B6-LeaderElection19] INFO  server.RaftServerConfigKeys (ConfUtils.java:logGet(46)) - raft.server.log.appender.wait-time.min = 10ms (default)
2022-11-05 13:04:40,528 [EventQueue-PipelineReportForPipelineReportHandler] INFO  pipeline.PipelineManagerImpl (PipelineManagerImpl.java:openPipeline(367)) - Pipeline Pipeline[ Id: b3809356-d77c-4758-923c-4c9f1e15a7b6, Nodes: c56757ad-2923-4297-8741-c606545d9a52{ip: 10.1.0.157, host: fv-az83-841.uavyq1izdhte5b0ne1us2eqzhb.jx.internal.cloudapp.net, ports: [REPLICATION=40585, RATIS=45683, RATIS_ADMIN=45683, RATIS_SERVER=45683, STANDALONE=39937], networkLocation: /default-rack, certSerialId: null, persistedOpState: IN_SERVICE, persistedOpStateExpiryEpochSec: 0}97cc06fc-4025-4c76-bebd-c1d7b79fe413{ip: 10.1.0.157, host: fv-az83-841.uavyq1izdhte5b0ne1us2eqzhb.jx.internal.cloudapp.net, ports: [REPLICATION=44027, RATIS=40151, RATIS_ADMIN=40151, RATIS_SERVER=40151, STANDALONE=42951], networkLocation: /default-rack, certSerialId: null, persistedOpState: IN_SERVICE, persistedOpStateExpiryEpochSec: 0}274c4b45-19e0-452f-8d1e-585a77537937{ip: 10.1.0.157, host: fv-az83-841.uavyq1izdhte5b0ne1us2eqzhb.jx.internal.cloudapp.net, ports: [REPLICATION=43707, RATIS=40915, RATIS_ADMIN=40915, RATIS_SERVER=40915, STANDALONE=38195], networkLocation: /default-rack, certSerialId: null, persistedOpState: IN_SERVICE, persistedOpStateExpiryEpochSec: 0}, ReplicationConfig: RATIS/THREE, State:ALLOCATED, leaderId:c56757ad-2923-4297-8741-c606545d9a52, CreationTimestamp2022-11-05T13:04:27.328Z[Etc/UTC]] moved to OPEN state
2022-11-05 13:04:40,530 [c56757ad-2923-4297-8741-c606545d9a52@group-4C9F1E15A7B6-LeaderElection19] INFO  server.RaftServerConfigKeys (ConfUtils.java:logGet(46)) - raft.server.log.appender.snapshot.chunk.size.max = 16MB (=16777216) (default)
2022-11-05 13:04:40,530 [c56757ad-2923-4297-8741-c606545d9a52@group-4C9F1E15A7B6-LeaderElection19] INFO  server.RaftServerConfigKeys (ConfUtils.java:logGet(46)) - raft.server.log.appender.buffer.byte-limit = 33554432 (custom)
2022-11-05 13:04:40,530 [c56757ad-2923-4297-8741-c606545d9a52@group-4C9F1E15A7B6-LeaderElection19] INFO  server.RaftServerConfigKeys (ConfUtils.java:logGet(46)) - raft.server.log.appender.buffer.element-limit = 1 (custom)
2022-11-05 13:04:40,530 [c56757ad-2923-4297-8741-c606545d9a52@group-4C9F1E15A7B6-LeaderElection19] INFO  grpc.GrpcConfigKeys (ConfUtils.java:logGet(46)) - raft.grpc.server.leader.outstanding.appends.max = 128 (default)
2022-11-05 13:04:40,530 [c56757ad-2923-4297-8741-c606545d9a52@group-4C9F1E15A7B6-LeaderElection19] INFO  server.RaftServerConfigKeys (ConfUtils.java:logGet(46)) - raft.server.rpc.request.timeout = 60s (custom)
2022-11-05 13:04:40,530 [c56757ad-2923-4297-8741-c606545d9a52@group-4C9F1E15A7B6-LeaderElection19] INFO  server.RaftServerConfigKeys (ConfUtils.java:logGet(46)) - raft.server.log.appender.install.snapshot.enabled = false (custom)
2022-11-05 13:04:40,530 [c56757ad-2923-4297-8741-c606545d9a52@group-4C9F1E15A7B6-LeaderElection19] INFO  grpc.GrpcConfigKeys (ConfUtils.java:logGet(46)) - raft.grpc.server.heartbeat.channel = true (default)
2022-11-05 13:04:40,530 [c56757ad-2923-4297-8741-c606545d9a52@group-4C9F1E15A7B6-LeaderElection19] INFO  server.RaftServerConfigKeys (ConfUtils.java:logGet(46)) - raft.server.log.appender.wait-time.min = 10ms (default)
2022-11-05 13:04:40,530 [c56757ad-2923-4297-8741-c606545d9a52@group-4C9F1E15A7B6-LeaderElection19] INFO  impl.RoleInfo (RoleInfo.java:updateAndGet(139)) - c56757ad-2923-4297-8741-c606545d9a52: start c56757ad-2923-4297-8741-c606545d9a52@group-4C9F1E15A7B6-LeaderStateImpl
2022-11-05 13:04:40,531 [c56757ad-2923-4297-8741-c606545d9a52@group-4C9F1E15A7B6-LeaderElection19] INFO  segmented.SegmentedRaftLogWorker (SegmentedRaftLogWorker.java:startLogSegment(452)) - c56757ad-2923-4297-8741-c606545d9a52@group-4C9F1E15A7B6-SegmentedRaftLogWorker: Starting segment from index:0
2022-11-05 13:04:40,534 [grpc-default-executor-2] INFO  server.RaftServer$Division (RaftServerImpl.java:requestVote(1218)) - c56757ad-2923-4297-8741-c606545d9a52@group-4C9F1E15A7B6: receive requestVote(ELECTION, 97cc06fc-4025-4c76-bebd-c1d7b79fe413, group-4C9F1E15A7B6, 2, (t:0, i:0))
2022-11-05 13:04:40,539 [c56757ad-2923-4297-8741-c606545d9a52@group-4C9F1E15A7B6-LeaderElection19] INFO  server.RaftServer$Division (ServerState.java:setRaftConf(430)) - c56757ad-2923-4297-8741-c606545d9a52@group-4C9F1E15A7B6: set configuration 0: peers:[274c4b45-19e0-452f-8d1e-585a77537937|rpc:10.1.0.157:40915|dataStream:|priority:0|startupRole:FOLLOWER, 97cc06fc-4025-4c76-bebd-c1d7b79fe413|rpc:10.1.0.157:40151|dataStream:|priority:0|startupRole:FOLLOWER, c56757ad-2923-4297-8741-c606545d9a52|rpc:10.1.0.157:45683|dataStream:|priority:1|startupRole:FOLLOWER]|listeners:[], old=null
2022-11-05 13:04:40,539 [grpc-default-executor-2] INFO  impl.VoteContext (VoteContext.java:log(48)) - c56757ad-2923-4297-8741-c606545d9a52@group-4C9F1E15A7B6-LEADER: reject ELECTION from 97cc06fc-4025-4c76-bebd-c1d7b79fe413: already has voted for c56757ad-2923-4297-8741-c606545d9a52 at current term 2
2022-11-05 13:04:40,541 [grpc-default-executor-2] INFO  server.RaftServer$Division (RaftServerImpl.java:requestVote(1251)) - c56757ad-2923-4297-8741-c606545d9a52@group-4C9F1E15A7B6 replies to ELECTION vote request: 97cc06fc-4025-4c76-bebd-c1d7b79fe413<-c56757ad-2923-4297-8741-c606545d9a52#0:FAIL-t2. Peer's state: c56757ad-2923-4297-8741-c606545d9a52@group-4C9F1E15A7B6:t2, leader=c56757ad-2923-4297-8741-c606545d9a52, voted=c56757ad-2923-4297-8741-c606545d9a52, raftlog=Memoized:c56757ad-2923-4297-8741-c606545d9a52@group-4C9F1E15A7B6-SegmentedRaftLog:OPENED:c-1, conf=0: peers:[274c4b45-19e0-452f-8d1e-585a77537937|rpc:10.1.0.157:40915|dataStream:|priority:0|startupRole:FOLLOWER, 97cc06fc-4025-4c76-bebd-c1d7b79fe413|rpc:10.1.0.157:40151|dataStream:|priority:0|startupRole:FOLLOWER, c56757ad-2923-4297-8741-c606545d9a52|rpc:10.1.0.157:45683|dataStream:|priority:1|startupRole:FOLLOWER]|listeners:[], old=null
2022-11-05 13:04:40,545 [c56757ad-2923-4297-8741-c606545d9a52@group-4C9F1E15A7B6-SegmentedRaftLogWorker] INFO  segmented.SegmentedRaftLogWorker (SegmentedRaftLogWorker.java:execute(656)) - c56757ad-2923-4297-8741-c606545d9a52@group-4C9F1E15A7B6-SegmentedRaftLogWorker: created new log segment /home/runner/work/ozone/ozone/hadoop-ozone/integration-test/target/test-dir/MiniOzoneClusterImpl-9e91b504-fe86-427b-a8de-b3d8b21cdaaf/datanode-2/data/ratis/b3809356-d77c-4758-923c-4c9f1e15a7b6/current/log_inprogress_0
2022-11-05 13:04:40,551 [97cc06fc-4025-4c76-bebd-c1d7b79fe413@group-4C9F1E15A7B6-LeaderElection20] INFO  impl.LeaderElection (LeaderElection.java:logAndReturn(90)) - 97cc06fc-4025-4c76-bebd-c1d7b79fe413@group-4C9F1E15A7B6-LeaderElection20: ELECTION REJECTED received 2 response(s) and 0 exception(s):
2022-11-05 13:04:40,552 [97cc06fc-4025-4c76-bebd-c1d7b79fe413@group-4C9F1E15A7B6-LeaderElection20] INFO  impl.LeaderElection (LeaderElection.java:logAndReturn(94)) -   Response 0: 97cc06fc-4025-4c76-bebd-c1d7b79fe413<-274c4b45-19e0-452f-8d1e-585a77537937#0:FAIL-t2
2022-11-05 13:04:40,552 [97cc06fc-4025-4c76-bebd-c1d7b79fe413@group-4C9F1E15A7B6-LeaderElection20] INFO  impl.LeaderElection (LeaderElection.java:logAndReturn(94)) -   Response 1: 97cc06fc-4025-4c76-bebd-c1d7b79fe413<-c56757ad-2923-4297-8741-c606545d9a52#0:FAIL-t2
2022-11-05 13:04:40,567 [274c4b45-19e0-452f-8d1e-585a77537937-server-thread1] INFO  ratis.XceiverServerRatis (XceiverServerRatis.java:handleLeaderChangedNotification(863)) - Leader change notification received for group: group-4C9F1E15A7B6 with new leaderId: c56757ad-2923-4297-8741-c606545d9a52
2022-11-05 13:04:40,568 [274c4b45-19e0-452f-8d1e-585a77537937-server-thread1] INFO  server.RaftServer$Division (ServerState.java:setLeader(313)) - 274c4b45-19e0-452f-8d1e-585a77537937@group-4C9F1E15A7B6: change Leader from null to c56757ad-2923-4297-8741-c606545d9a52 at term 2 for appendEntries, leader elected after 10290ms
2022-11-05 13:04:40,582 [97cc06fc-4025-4c76-bebd-c1d7b79fe413-server-thread1] INFO  server.RaftServer$Division (RaftServerImpl.java:setRole(321)) - 97cc06fc-4025-4c76-bebd-c1d7b79fe413@group-4C9F1E15A7B6: changes role from CANDIDATE to FOLLOWER at term 2 for appendEntries
2022-11-05 13:04:40,582 [97cc06fc-4025-4c76-bebd-c1d7b79fe413-server-thread1] INFO  impl.RoleInfo (RoleInfo.java:shutdownLeaderElection(130)) - 97cc06fc-4025-4c76-bebd-c1d7b79fe413: shutdown 97cc06fc-4025-4c76-bebd-c1d7b79fe413@group-4C9F1E15A7B6-LeaderElection20
2022-11-05 13:04:40,582 [274c4b45-19e0-452f-8d1e-585a77537937-server-thread2] INFO  server.RaftServer$Division (ServerState.java:setRaftConf(430)) - 274c4b45-19e0-452f-8d1e-585a77537937@group-4C9F1E15A7B6: set configuration 0: peers:[274c4b45-19e0-452f-8d1e-585a77537937|rpc:10.1.0.157:40915|dataStream:|priority:0|startupRole:FOLLOWER, 97cc06fc-4025-4c76-bebd-c1d7b79fe413|rpc:10.1.0.157:40151|dataStream:|priority:0|startupRole:FOLLOWER, c56757ad-2923-4297-8741-c606545d9a52|rpc:10.1.0.157:45683|dataStream:|priority:1|startupRole:FOLLOWER]|listeners:[], old=null
2022-11-05 13:04:40,582 [274c4b45-19e0-452f-8d1e-585a77537937-server-thread2] INFO  segmented.SegmentedRaftLogWorker (SegmentedRaftLogWorker.java:startLogSegment(452)) - 274c4b45-19e0-452f-8d1e-585a77537937@group-4C9F1E15A7B6-SegmentedRaftLogWorker: Starting segment from index:0
2022-11-05 13:04:40,590 [97cc06fc-4025-4c76-bebd-c1d7b79fe413-server-thread1] INFO  impl.RoleInfo (RoleInfo.java:updateAndGet(139)) - 97cc06fc-4025-4c76-bebd-c1d7b79fe413: start 97cc06fc-4025-4c76-bebd-c1d7b79fe413@group-4C9F1E15A7B6-FollowerState
2022-11-05 13:04:40,594 [97cc06fc-4025-4c76-bebd-c1d7b79fe413-server-thread1] INFO  ratis.XceiverServerRatis (XceiverServerRatis.java:handleLeaderChangedNotification(863)) - Leader change notification received for group: group-4C9F1E15A7B6 with new leaderId: c56757ad-2923-4297-8741-c606545d9a52
2022-11-05 13:04:40,594 [97cc06fc-4025-4c76-bebd-c1d7b79fe413-server-thread1] INFO  server.RaftServer$Division (ServerState.java:setLeader(313)) - 97cc06fc-4025-4c76-bebd-c1d7b79fe413@group-4C9F1E15A7B6: change Leader from null to c56757ad-2923-4297-8741-c606545d9a52 at term 2 for appendEntries, leader elected after 10300ms
2022-11-05 13:04:40,596 [274c4b45-19e0-452f-8d1e-585a77537937@group-4C9F1E15A7B6-SegmentedRaftLogWorker] INFO  segmented.SegmentedRaftLogWorker (SegmentedRaftLogWorker.java:execute(656)) - 274c4b45-19e0-452f-8d1e-585a77537937@group-4C9F1E15A7B6-SegmentedRaftLogWorker: created new log segment /home/runner/work/ozone/ozone/hadoop-ozone/integration-test/target/test-dir/MiniOzoneClusterImpl-9e91b504-fe86-427b-a8de-b3d8b21cdaaf/datanode-0/data/ratis/b3809356-d77c-4758-923c-4c9f1e15a7b6/current/log_inprogress_0
2022-11-05 13:04:40,597 [97cc06fc-4025-4c76-bebd-c1d7b79fe413@group-4C9F1E15A7B6-LeaderElection20] INFO  impl.LeaderElection (LeaderElection.java:askForVotes(314)) - 97cc06fc-4025-4c76-bebd-c1d7b79fe413@group-4C9F1E15A7B6-LeaderElection20 ELECTION round 0: result REJECTED
2022-11-05 13:04:40,602 [97cc06fc-4025-4c76-bebd-c1d7b79fe413-server-thread2] INFO  server.RaftServer$Division (ServerState.java:setRaftConf(430)) - 97cc06fc-4025-4c76-bebd-c1d7b79fe413@group-4C9F1E15A7B6: set configuration 0: peers:[274c4b45-19e0-452f-8d1e-585a77537937|rpc:10.1.0.157:40915|dataStream:|priority:0|startupRole:FOLLOWER, 97cc06fc-4025-4c76-bebd-c1d7b79fe413|rpc:10.1.0.157:40151|dataStream:|priority:0|startupRole:FOLLOWER, c56757ad-2923-4297-8741-c606545d9a52|rpc:10.1.0.157:45683|dataStream:|priority:1|startupRole:FOLLOWER]|listeners:[], old=null
2022-11-05 13:04:40,602 [97cc06fc-4025-4c76-bebd-c1d7b79fe413-server-thread2] INFO  segmented.SegmentedRaftLogWorker (SegmentedRaftLogWorker.java:startLogSegment(452)) - 97cc06fc-4025-4c76-bebd-c1d7b79fe413@group-4C9F1E15A7B6-SegmentedRaftLogWorker: Starting segment from index:0
2022-11-05 13:04:40,610 [97cc06fc-4025-4c76-bebd-c1d7b79fe413@group-4C9F1E15A7B6-SegmentedRaftLogWorker] INFO  segmented.SegmentedRaftLogWorker (SegmentedRaftLogWorker.java:execute(656)) - 97cc06fc-4025-4c76-bebd-c1d7b79fe413@group-4C9F1E15A7B6-SegmentedRaftLogWorker: created new log segment /home/runner/work/ozone/ozone/hadoop-ozone/integration-test/target/test-dir/MiniOzoneClusterImpl-9e91b504-fe86-427b-a8de-b3d8b21cdaaf/datanode-1/data/ratis/b3809356-d77c-4758-923c-4c9f1e15a7b6/current/log_inprogress_0
2022-11-05 13:04:40,955 [EventQueue-StaleNodeForStaleNodeHandler] INFO  node.StaleNodeHandler (StaleNodeHandler.java:onMessage(59)) - Datanode 1260d27d-2afd-492e-9430-e2f349ff0f7b{ip: 10.1.0.157, host: fv-az83-841.uavyq1izdhte5b0ne1us2eqzhb.jx.internal.cloudapp.net, ports: [REPLICATION=45011, RATIS=38409, RATIS_ADMIN=38409, RATIS_SERVER=38409, STANDALONE=36575], networkLocation: /default-rack, certSerialId: null, persistedOpState: IN_SERVICE, persistedOpStateExpiryEpochSec: 0} moved to stale state. Finalizing its pipelines [PipelineID=b624d979-1294-4bfe-b12a-d8f4d0f112f8, PipelineID=f7dd3ac0-0e4e-4164-ab68-b815c51baea2, PipelineID=ebb89aeb-7114-4a66-a098-7d2311a86dcb, PipelineID=3376a47f-ef52-43b8-9127-cb93d49fa805]
2022-11-05 13:04:40,956 [EventQueue-StaleNodeForStaleNodeHandler] INFO  pipeline.PipelineManagerImpl (PipelineManagerImpl.java:closePipeline(442)) - Pipeline Pipeline[ Id: b624d979-1294-4bfe-b12a-d8f4d0f112f8, Nodes: 1260d27d-2afd-492e-9430-e2f349ff0f7b{ip: 10.1.0.157, host: fv-az83-841.uavyq1izdhte5b0ne1us2eqzhb.jx.internal.cloudapp.net, ports: [REPLICATION=45011, RATIS=38409, RATIS_ADMIN=38409, RATIS_SERVER=38409, STANDALONE=36575], networkLocation: /default-rack, certSerialId: null, persistedOpState: IN_SERVICE, persistedOpStateExpiryEpochSec: 0}8380acfc-c198-4795-aa09-3ffc033ca33b{ip: 10.1.0.157, host: fv-az83-841.uavyq1izdhte5b0ne1us2eqzhb.jx.internal.cloudapp.net, ports: [REPLICATION=41951, RATIS=44611, RATIS_ADMIN=44611, RATIS_SERVER=44611, STANDALONE=41175], networkLocation: /default-rack, certSerialId: null, persistedOpState: IN_SERVICE, persistedOpStateExpiryEpochSec: 0}957f0a06-02fd-450d-99be-0926792af3ec{ip: 10.1.0.157, host: fv-az83-841.uavyq1izdhte5b0ne1us2eqzhb.jx.internal.cloudapp.net, ports: [REPLICATION=41619, RATIS=39575, RATIS_ADMIN=39575, RATIS_SERVER=39575, STANDALONE=40737], networkLocation: /default-rack, certSerialId: null, persistedOpState: IN_SERVICE, persistedOpStateExpiryEpochSec: 0}, ReplicationConfig: RATIS/THREE, State:ALLOCATED, leaderId:, CreationTimestamp2022-11-05T13:04:28.716Z[Etc/UTC]] moved to CLOSED state
2022-11-05 13:04:40,957 [EventQueue-StaleNodeForStaleNodeHandler] INFO  pipeline.PipelineManagerImpl (PipelineManagerImpl.java:closePipeline(442)) - Pipeline Pipeline[ Id: f7dd3ac0-0e4e-4164-ab68-b815c51baea2, Nodes: 1260d27d-2afd-492e-9430-e2f349ff0f7b{ip: 10.1.0.157, host: fv-az83-841.uavyq1izdhte5b0ne1us2eqzhb.jx.internal.cloudapp.net, ports: [REPLICATION=45011, RATIS=38409, RATIS_ADMIN=38409, RATIS_SERVER=38409, STANDALONE=36575], networkLocation: /default-rack, certSerialId: null, persistedOpState: IN_SERVICE, persistedOpStateExpiryEpochSec: 0}, ReplicationConfig: RATIS/ONE, State:OPEN, leaderId:1260d27d-2afd-492e-9430-e2f349ff0f7b, CreationTimestamp2022-11-05T13:04:28.715Z[Etc/UTC]] moved to CLOSED state
2022-11-05 13:04:40,963 [EventQueue-StaleNodeForStaleNodeHandler] INFO  pipeline.PipelineManagerImpl (PipelineManagerImpl.java:closePipeline(442)) - Pipeline Pipeline[ Id: ebb89aeb-7114-4a66-a098-7d2311a86dcb, Nodes: 8380acfc-c198-4795-aa09-3ffc033ca33b{ip: 10.1.0.157, host: fv-az83-841.uavyq1izdhte5b0ne1us2eqzhb.jx.internal.cloudapp.net, ports: [REPLICATION=41951, RATIS=44611, RATIS_ADMIN=44611, RATIS_SERVER=44611, STANDALONE=41175], networkLocation: /default-rack, certSerialId: null, persistedOpState: IN_SERVICE, persistedOpStateExpiryEpochSec: 0}957f0a06-02fd-450d-99be-0926792af3ec{ip: 10.1.0.157, host: fv-az83-841.uavyq1izdhte5b0ne1us2eqzhb.jx.internal.cloudapp.net, ports: [REPLICATION=41619, RATIS=39575, RATIS_ADMIN=39575, RATIS_SERVER=39575, STANDALONE=40737], networkLocation: /default-rack, certSerialId: null, persistedOpState: IN_SERVICE, persistedOpStateExpiryEpochSec: 0}1260d27d-2afd-492e-9430-e2f349ff0f7b{ip: 10.1.0.157, host: fv-az83-841.uavyq1izdhte5b0ne1us2eqzhb.jx.internal.cloudapp.net, ports: [REPLICATION=45011, RATIS=38409, RATIS_ADMIN=38409, RATIS_SERVER=38409, STANDALONE=36575], networkLocation: /default-rack, certSerialId: null, persistedOpState: IN_SERVICE, persistedOpStateExpiryEpochSec: 0}, ReplicationConfig: RATIS/THREE, State:OPEN, leaderId:957f0a06-02fd-450d-99be-0926792af3ec, CreationTimestamp2022-11-05T13:04:28.718Z[Etc/UTC]] moved to CLOSED state
2022-11-05 13:04:40,967 [EventQueue-StaleNodeForStaleNodeHandler] INFO  pipeline.PipelineManagerImpl (PipelineManagerImpl.java:closeContainersForPipeline(421)) - Container #1 closed for pipeline=PipelineID=3376a47f-ef52-43b8-9127-cb93d49fa805
2022-11-05 13:04:40,967 [EventQueue-StaleNodeForStaleNodeHandler] INFO  pipeline.PipelineManagerImpl (PipelineManagerImpl.java:closePipeline(442)) - Pipeline Pipeline[ Id: 3376a47f-ef52-43b8-9127-cb93d49fa805, Nodes: 1260d27d-2afd-492e-9430-e2f349ff0f7b{ip: 10.1.0.157, host: fv-az83-841.uavyq1izdhte5b0ne1us2eqzhb.jx.internal.cloudapp.net, ports: [REPLICATION=45011, RATIS=38409, RATIS_ADMIN=38409, RATIS_SERVER=38409, STANDALONE=36575], networkLocation: /default-rack, certSerialId: null, persistedOpState: null, persistedOpStateExpiryEpochSec: 0}81de4557-c158-4718-93a8-b16ff7f8daad{ip: 10.1.0.157, host: fv-az83-841.uavyq1izdhte5b0ne1us2eqzhb.jx.internal.cloudapp.net, ports: [REPLICATION=38531, RATIS=42037, RATIS_ADMIN=42037, RATIS_SERVER=42037, STANDALONE=40833], networkLocation: /default-rack, certSerialId: null, persistedOpState: null, persistedOpStateExpiryEpochSec: 0}b385a6e1-c61e-4aaf-9536-8cc86fe51578{ip: 10.1.0.157, host: fv-az83-841.uavyq1izdhte5b0ne1us2eqzhb.jx.internal.cloudapp.net, ports: [REPLICATION=36919, RATIS=36679, RATIS_ADMIN=36679, RATIS_SERVER=36679, STANDALONE=37193], networkLocation: /default-rack, certSerialId: null, persistedOpState: null, persistedOpStateExpiryEpochSec: 0}c56757ad-2923-4297-8741-c606545d9a52{ip: 10.1.0.157, host: fv-az83-841.uavyq1izdhte5b0ne1us2eqzhb.jx.internal.cloudapp.net, ports: [REPLICATION=40585, RATIS=45683, RATIS_ADMIN=45683, RATIS_SERVER=45683, STANDALONE=39937], networkLocation: /default-rack, certSerialId: null, persistedOpState: null, persistedOpStateExpiryEpochSec: 0}8380acfc-c198-4795-aa09-3ffc033ca33b{ip: 10.1.0.157, host: fv-az83-841.uavyq1izdhte5b0ne1us2eqzhb.jx.internal.cloudapp.net, ports: [REPLICATION=41951, RATIS=44611, RATIS_ADMIN=44611, RATIS_SERVER=44611, STANDALONE=41175], networkLocation: /default-rack, certSerialId: null, persistedOpState: null, persistedOpStateExpiryEpochSec: 0}, ReplicationConfig: EC/ECReplicationConfig{data=3, parity=2, ecChunkSize=1024, codec=rs}, State:OPEN, leaderId:, CreationTimestamp2022-11-05T13:04:37.337Z[Etc/UTC]] moved to CLOSED state
2022-11-05 13:04:40,967 [EventQueue-CloseContainerForCloseContainerEventHandler] INFO  container.CloseContainerEventHandler (CloseContainerEventHandler.java:onMessage(71)) - Close container Event triggered for container : #1
2022-11-05 13:04:41,180 [957f0a06-02fd-450d-99be-0926792af3ec@group-D8F4D0F112F8-FollowerState] INFO  impl.FollowerState (FollowerState.java:run(143)) - 957f0a06-02fd-450d-99be-0926792af3ec@group-D8F4D0F112F8-FollowerState: change to CANDIDATE, lastRpcElapsedTime:5155655785ns, electionTimeout:5147ms
2022-11-05 13:04:41,180 [957f0a06-02fd-450d-99be-0926792af3ec@group-D8F4D0F112F8-FollowerState] INFO  impl.RoleInfo (RoleInfo.java:shutdownFollowerState(110)) - 957f0a06-02fd-450d-99be-0926792af3ec: shutdown 957f0a06-02fd-450d-99be-0926792af3ec@group-D8F4D0F112F8-FollowerState
2022-11-05 13:04:41,181 [957f0a06-02fd-450d-99be-0926792af3ec@group-D8F4D0F112F8-FollowerState] INFO  server.RaftServer$Division (RaftServerImpl.java:setRole(321)) - 957f0a06-02fd-450d-99be-0926792af3ec@group-D8F4D0F112F8: changes role from  FOLLOWER to CANDIDATE at term 1 for changeToCandidate
2022-11-05 13:04:41,181 [957f0a06-02fd-450d-99be-0926792af3ec@group-D8F4D0F112F8-FollowerState] INFO  server.RaftServerConfigKeys (ConfUtils.java:logGet(46)) - raft.server.leaderelection.pre-vote = false (custom)
2022-11-05 13:04:41,181 [957f0a06-02fd-450d-99be-0926792af3ec@group-D8F4D0F112F8-FollowerState] INFO  impl.RoleInfo (RoleInfo.java:updateAndGet(139)) - 957f0a06-02fd-450d-99be-0926792af3ec: start 957f0a06-02fd-450d-99be-0926792af3ec@group-D8F4D0F112F8-LeaderElection21
2022-11-05 13:04:41,191 [8380acfc-c198-4795-aa09-3ffc033ca33b@group-D8F4D0F112F8-FollowerState] INFO  impl.FollowerState (FollowerState.java:run(143)) - 8380acfc-c198-4795-aa09-3ffc033ca33b@group-D8F4D0F112F8-FollowerState: change to CANDIDATE, lastRpcElapsedTime:5179670085ns, electionTimeout:5179ms
2022-11-05 13:04:41,191 [8380acfc-c198-4795-aa09-3ffc033ca33b@group-D8F4D0F112F8-FollowerState] INFO  impl.RoleInfo (RoleInfo.java:shutdownFollowerState(110)) - 8380acfc-c198-4795-aa09-3ffc033ca33b: shutdown 8380acfc-c198-4795-aa09-3ffc033ca33b@group-D8F4D0F112F8-FollowerState
2022-11-05 13:04:41,191 [8380acfc-c198-4795-aa09-3ffc033ca33b@group-D8F4D0F112F8-FollowerState] INFO  server.RaftServer$Division (RaftServerImpl.java:setRole(321)) - 8380acfc-c198-4795-aa09-3ffc033ca33b@group-D8F4D0F112F8: changes role from  FOLLOWER to CANDIDATE at term 1 for changeToCandidate
2022-11-05 13:04:41,191 [8380acfc-c198-4795-aa09-3ffc033ca33b@group-D8F4D0F112F8-FollowerState] INFO  server.RaftServerConfigKeys (ConfUtils.java:logGet(46)) - raft.server.leaderelection.pre-vote = false (custom)
2022-11-05 13:04:41,191 [8380acfc-c198-4795-aa09-3ffc033ca33b@group-D8F4D0F112F8-FollowerState] INFO  impl.RoleInfo (RoleInfo.java:updateAndGet(139)) - 8380acfc-c198-4795-aa09-3ffc033ca33b: start 8380acfc-c198-4795-aa09-3ffc033ca33b@group-D8F4D0F112F8-LeaderElection22
2022-11-05 13:04:41,196 [957f0a06-02fd-450d-99be-0926792af3ec@group-D8F4D0F112F8-LeaderElection21] INFO  impl.LeaderElection (LeaderElection.java:askForVotes(312)) - 957f0a06-02fd-450d-99be-0926792af3ec@group-D8F4D0F112F8-LeaderElection21 ELECTION round 0: submit vote requests at term 2 for -1: peers:[8380acfc-c198-4795-aa09-3ffc033ca33b|rpc:10.1.0.157:44611|priority:1|startupRole:FOLLOWER, 957f0a06-02fd-450d-99be-0926792af3ec|rpc:10.1.0.157:39575|priority:0|startupRole:FOLLOWER, 1260d27d-2afd-492e-9430-e2f349ff0f7b|rpc:10.1.0.157:38409|priority:0|startupRole:FOLLOWER]|listeners:[], old=null
2022-11-05 13:04:41,201 [grpc-default-executor-1] INFO  server.RaftServer$Division (RaftServerImpl.java:requestVote(1218)) - 8380acfc-c198-4795-aa09-3ffc033ca33b@group-D8F4D0F112F8: receive requestVote(ELECTION, 957f0a06-02fd-450d-99be-0926792af3ec, group-D8F4D0F112F8, 2, (t:0, i:0))
2022-11-05 13:04:41,205 [957f0a06-02fd-450d-99be-0926792af3ec@group-D8F4D0F112F8-LeaderElection21] INFO  server.RaftServerConfigKeys (ConfUtils.java:logFallback(53)) - raft.server.rpc.first-election.timeout.min = 5s (fallback to raft.server.rpc.timeout.min)
2022-11-05 13:04:41,205 [957f0a06-02fd-450d-99be-0926792af3ec@group-D8F4D0F112F8-LeaderElection21] INFO  server.RaftServerConfigKeys (ConfUtils.java:logFallback(53)) - raft.server.rpc.first-election.timeout.max = 5200ms (fallback to raft.server.rpc.timeout.max)
2022-11-05 13:04:41,206 [957f0a06-02fd-450d-99be-0926792af3ec@group-D8F4D0F112F8-LeaderElection21] INFO  impl.LeaderElection (LogUtils.java:infoOrTrace(137)) - 957f0a06-02fd-450d-99be-0926792af3ec@group-D8F4D0F112F8-LeaderElection21 got exception when requesting votes: java.util.concurrent.ExecutionException: org.apache.ratis.thirdparty.io.grpc.StatusRuntimeException: UNAVAILABLE: io exception
2022-11-05 13:04:41,211 [8380acfc-c198-4795-aa09-3ffc033ca33b@group-D8F4D0F112F8-LeaderElection22] INFO  impl.LeaderElection (LeaderElection.java:askForVotes(312)) - 8380acfc-c198-4795-aa09-3ffc033ca33b@group-D8F4D0F112F8-LeaderElection22 ELECTION round 0: submit vote requests at term 2 for -1: peers:[8380acfc-c198-4795-aa09-3ffc033ca33b|rpc:10.1.0.157:44611|dataStream:|priority:1|startupRole:FOLLOWER, 957f0a06-02fd-450d-99be-0926792af3ec|rpc:10.1.0.157:39575|dataStream:|priority:0|startupRole:FOLLOWER, 1260d27d-2afd-492e-9430-e2f349ff0f7b|rpc:10.1.0.157:38409|dataStream:|priority:0|startupRole:FOLLOWER]|listeners:[], old=null
2022-11-05 13:04:41,211 [grpc-default-executor-1] INFO  impl.VoteContext (VoteContext.java:log(48)) - 8380acfc-c198-4795-aa09-3ffc033ca33b@group-D8F4D0F112F8-CANDIDATE: reject ELECTION from 957f0a06-02fd-450d-99be-0926792af3ec: already has voted for 8380acfc-c198-4795-aa09-3ffc033ca33b at current term 2
2022-11-05 13:04:41,211 [grpc-default-executor-1] INFO  server.RaftServer$Division (RaftServerImpl.java:requestVote(1251)) - 8380acfc-c198-4795-aa09-3ffc033ca33b@group-D8F4D0F112F8 replies to ELECTION vote request: 957f0a06-02fd-450d-99be-0926792af3ec<-8380acfc-c198-4795-aa09-3ffc033ca33b#0:FAIL-t2. Peer's state: 8380acfc-c198-4795-aa09-3ffc033ca33b@group-D8F4D0F112F8:t2, leader=null, voted=8380acfc-c198-4795-aa09-3ffc033ca33b, raftlog=Memoized:8380acfc-c198-4795-aa09-3ffc033ca33b@group-D8F4D0F112F8-SegmentedRaftLog:OPENED:c-1, conf=-1: peers:[8380acfc-c198-4795-aa09-3ffc033ca33b|rpc:10.1.0.157:44611|dataStream:|priority:1|startupRole:FOLLOWER, 957f0a06-02fd-450d-99be-0926792af3ec|rpc:10.1.0.157:39575|dataStream:|priority:0|startupRole:FOLLOWER, 1260d27d-2afd-492e-9430-e2f349ff0f7b|rpc:10.1.0.157:38409|dataStream:|priority:0|startupRole:FOLLOWER]|listeners:[], old=null
2022-11-05 13:04:41,218 [957f0a06-02fd-450d-99be-0926792af3ec@group-D8F4D0F112F8-LeaderElection21] INFO  impl.LeaderElection (LeaderElection.java:logAndReturn(90)) - 957f0a06-02fd-450d-99be-0926792af3ec@group-D8F4D0F112F8-LeaderElection21: ELECTION REJECTED received 1 response(s) and 1 exception(s):
2022-11-05 13:04:41,218 [957f0a06-02fd-450d-99be-0926792af3ec@group-D8F4D0F112F8-LeaderElection21] INFO  impl.LeaderElection (LeaderElection.java:logAndReturn(94)) -   Response 0: 957f0a06-02fd-450d-99be-0926792af3ec<-8380acfc-c198-4795-aa09-3ffc033ca33b#0:FAIL-t2
2022-11-05 13:04:41,218 [957f0a06-02fd-450d-99be-0926792af3ec@group-D8F4D0F112F8-LeaderElection21] INFO  impl.LeaderElection (LogUtils.java:infoOrTrace(137)) -   Exception 1: java.util.concurrent.ExecutionException: org.apache.ratis.thirdparty.io.grpc.StatusRuntimeException: UNAVAILABLE: io exception
2022-11-05 13:04:41,218 [8380acfc-c198-4795-aa09-3ffc033ca33b@group-D8F4D0F112F8-LeaderElection22-1] INFO  server.GrpcServerProtocolClient (GrpcServerProtocolClient.java:<init>(63)) - Build channel for 957f0a06-02fd-450d-99be-0926792af3ec
2022-11-05 13:04:41,222 [8380acfc-c198-4795-aa09-3ffc033ca33b@group-D8F4D0F112F8-LeaderElection22] INFO  server.RaftServerConfigKeys (ConfUtils.java:logFallback(53)) - raft.server.rpc.first-election.timeout.min = 5s (fallback to raft.server.rpc.timeout.min)
2022-11-05 13:04:41,222 [8380acfc-c198-4795-aa09-3ffc033ca33b@group-D8F4D0F112F8-LeaderElection22] INFO  server.RaftServerConfigKeys (ConfUtils.java:logFallback(53)) - raft.server.rpc.first-election.timeout.max = 5200ms (fallback to raft.server.rpc.timeout.max)
2022-11-05 13:04:41,222 [957f0a06-02fd-450d-99be-0926792af3ec@group-D8F4D0F112F8-LeaderElection21] INFO  impl.LeaderElection (LeaderElection.java:askForVotes(314)) - 957f0a06-02fd-450d-99be-0926792af3ec@group-D8F4D0F112F8-LeaderElection21 ELECTION round 0: result REJECTED
2022-11-05 13:04:41,222 [957f0a06-02fd-450d-99be-0926792af3ec@group-D8F4D0F112F8-LeaderElection21] INFO  server.RaftServer$Division (RaftServerImpl.java:setRole(321)) - 957f0a06-02fd-450d-99be-0926792af3ec@group-D8F4D0F112F8: changes role from CANDIDATE to FOLLOWER at term 2 for REJECTED
2022-11-05 13:04:41,222 [957f0a06-02fd-450d-99be-0926792af3ec@group-D8F4D0F112F8-LeaderElection21] INFO  impl.RoleInfo (RoleInfo.java:shutdownLeaderElection(130)) - 957f0a06-02fd-450d-99be-0926792af3ec: shutdown 957f0a06-02fd-450d-99be-0926792af3ec@group-D8F4D0F112F8-LeaderElection21
2022-11-05 13:04:41,222 [957f0a06-02fd-450d-99be-0926792af3ec@group-D8F4D0F112F8-LeaderElection21] INFO  impl.RoleInfo (RoleInfo.java:updateAndGet(139)) - 957f0a06-02fd-450d-99be-0926792af3ec: start 957f0a06-02fd-450d-99be-0926792af3ec@group-D8F4D0F112F8-FollowerState
2022-11-05 13:04:41,223 [8380acfc-c198-4795-aa09-3ffc033ca33b@group-D8F4D0F112F8-LeaderElection22-2] INFO  server.GrpcServerProtocolClient (GrpcServerProtocolClient.java:<init>(63)) - Build channel for 1260d27d-2afd-492e-9430-e2f349ff0f7b
2022-11-05 13:04:41,227 [957f0a06-02fd-450d-99be-0926792af3ec@group-D8F4D0F112F8-FollowerState] INFO  server.RaftServerConfigKeys (ConfUtils.java:logFallback(53)) - raft.server.rpc.first-election.timeout.min = 5s (fallback to raft.server.rpc.timeout.min)
2022-11-05 13:04:41,227 [957f0a06-02fd-450d-99be-0926792af3ec@group-D8F4D0F112F8-FollowerState] INFO  server.RaftServerConfigKeys (ConfUtils.java:logFallback(53)) - raft.server.rpc.first-election.timeout.max = 5200ms (fallback to raft.server.rpc.timeout.max)
2022-11-05 13:04:41,230 [grpc-default-executor-1] INFO  server.RaftServer$Division (RaftServerImpl.java:requestVote(1218)) - 957f0a06-02fd-450d-99be-0926792af3ec@group-D8F4D0F112F8: receive requestVote(ELECTION, 8380acfc-c198-4795-aa09-3ffc033ca33b, group-D8F4D0F112F8, 2, (t:0, i:0))
2022-11-05 13:04:41,231 [grpc-default-executor-1] INFO  impl.VoteContext (VoteContext.java:log(48)) - 957f0a06-02fd-450d-99be-0926792af3ec@group-D8F4D0F112F8-FOLLOWER: reject ELECTION from 8380acfc-c198-4795-aa09-3ffc033ca33b: already has voted for 957f0a06-02fd-450d-99be-0926792af3ec at current term 2
2022-11-05 13:04:41,231 [grpc-default-executor-1] INFO  server.RaftServer$Division (RaftServerImpl.java:requestVote(1251)) - 957f0a06-02fd-450d-99be-0926792af3ec@group-D8F4D0F112F8 replies to ELECTION vote request: 8380acfc-c198-4795-aa09-3ffc033ca33b<-957f0a06-02fd-450d-99be-0926792af3ec#0:FAIL-t2. Peer's state: 957f0a06-02fd-450d-99be-0926792af3ec@group-D8F4D0F112F8:t2, leader=null, voted=957f0a06-02fd-450d-99be-0926792af3ec, raftlog=Memoized:957f0a06-02fd-450d-99be-0926792af3ec@group-D8F4D0F112F8-SegmentedRaftLog:OPENED:c-1, conf=-1: peers:[8380acfc-c198-4795-aa09-3ffc033ca33b|rpc:10.1.0.157:44611|priority:1|startupRole:FOLLOWER, 957f0a06-02fd-450d-99be-0926792af3ec|rpc:10.1.0.157:39575|priority:0|startupRole:FOLLOWER, 1260d27d-2afd-492e-9430-e2f349ff0f7b|rpc:10.1.0.157:38409|priority:0|startupRole:FOLLOWER]|listeners:[], old=null
2022-11-05 13:04:41,231 [8380acfc-c198-4795-aa09-3ffc033ca33b@group-D8F4D0F112F8-LeaderElection22] INFO  impl.LeaderElection (LogUtils.java:infoOrTrace(137)) - 8380acfc-c198-4795-aa09-3ffc033ca33b@group-D8F4D0F112F8-LeaderElection22 got exception when requesting votes: java.util.concurrent.ExecutionException: org.apache.ratis.thirdparty.io.grpc.StatusRuntimeException: UNAVAILABLE: io exception
2022-11-05 13:04:41,234 [8380acfc-c198-4795-aa09-3ffc033ca33b@group-D8F4D0F112F8-LeaderElection22] INFO  impl.LeaderElection (LeaderElection.java:logAndReturn(90)) - 8380acfc-c198-4795-aa09-3ffc033ca33b@group-D8F4D0F112F8-LeaderElection22: ELECTION REJECTED received 1 response(s) and 1 exception(s):
2022-11-05 13:04:41,234 [8380acfc-c198-4795-aa09-3ffc033ca33b@group-D8F4D0F112F8-LeaderElection22] INFO  impl.LeaderElection (LeaderElection.java:logAndReturn(94)) -   Response 0: 8380acfc-c198-4795-aa09-3ffc033ca33b<-957f0a06-02fd-450d-99be-0926792af3ec#0:FAIL-t2
2022-11-05 13:04:41,234 [8380acfc-c198-4795-aa09-3ffc033ca33b@group-D8F4D0F112F8-LeaderElection22] INFO  impl.LeaderElection (LogUtils.java:infoOrTrace(137)) -   Exception 1: java.util.concurrent.ExecutionException: org.apache.ratis.thirdparty.io.grpc.StatusRuntimeException: UNAVAILABLE: io exception
2022-11-05 13:04:41,234 [8380acfc-c198-4795-aa09-3ffc033ca33b@group-D8F4D0F112F8-LeaderElection22] INFO  impl.LeaderElection (LeaderElection.java:askForVotes(314)) - 8380acfc-c198-4795-aa09-3ffc033ca33b@group-D8F4D0F112F8-LeaderElection22 ELECTION round 0: result REJECTED
2022-11-05 13:04:41,234 [8380acfc-c198-4795-aa09-3ffc033ca33b@group-D8F4D0F112F8-LeaderElection22] INFO  server.RaftServer$Division (RaftServerImpl.java:setRole(321)) - 8380acfc-c198-4795-aa09-3ffc033ca33b@group-D8F4D0F112F8: changes role from CANDIDATE to FOLLOWER at term 2 for REJECTED
2022-11-05 13:04:41,234 [8380acfc-c198-4795-aa09-3ffc033ca33b@group-D8F4D0F112F8-LeaderElection22] INFO  impl.RoleInfo (RoleInfo.java:shutdownLeaderElection(130)) - 8380acfc-c198-4795-aa09-3ffc033ca33b: shutdown 8380acfc-c198-4795-aa09-3ffc033ca33b@group-D8F4D0F112F8-LeaderElection22
2022-11-05 13:04:41,234 [8380acfc-c198-4795-aa09-3ffc033ca33b@group-D8F4D0F112F8-LeaderElection22] INFO  impl.RoleInfo (RoleInfo.java:updateAndGet(139)) - 8380acfc-c198-4795-aa09-3ffc033ca33b: start 8380acfc-c198-4795-aa09-3ffc033ca33b@group-D8F4D0F112F8-FollowerState
2022-11-05 13:04:41,234 [8380acfc-c198-4795-aa09-3ffc033ca33b@group-D8F4D0F112F8-FollowerState] INFO  server.RaftServerConfigKeys (ConfUtils.java:logFallback(53)) - raft.server.rpc.first-election.timeout.min = 5s (fallback to raft.server.rpc.timeout.min)
2022-11-05 13:04:41,235 [8380acfc-c198-4795-aa09-3ffc033ca33b@group-D8F4D0F112F8-FollowerState] INFO  server.RaftServerConfigKeys (ConfUtils.java:logFallback(53)) - raft.server.rpc.first-election.timeout.max = 5200ms (fallback to raft.server.rpc.timeout.max)
2022-11-05 13:04:41,316 [grpc-default-executor-1] WARN  server.GrpcLogAppender (LogUtils.java:warn(122)) - 957f0a06-02fd-450d-99be-0926792af3ec@group-7D2311A86DCB->1260d27d-2afd-492e-9430-e2f349ff0f7b-AppendLogResponseHandler: Failed appendEntries: org.apache.ratis.thirdparty.io.grpc.StatusRuntimeException: UNAVAILABLE: io exception
2022-11-05 13:04:41,316 [grpc-default-executor-0] WARN  server.GrpcLogAppender (LogUtils.java:warn(122)) - 957f0a06-02fd-450d-99be-0926792af3ec@group-7D2311A86DCB->1260d27d-2afd-492e-9430-e2f349ff0f7b-AppendLogResponseHandler: Failed appendEntries: org.apache.ratis.thirdparty.io.grpc.StatusRuntimeException: UNAVAILABLE: io exception
2022-11-05 13:04:41,317 [grpc-default-executor-1] WARN  server.GrpcLogAppender (GrpcLogAppender.java:resetClient(131)) - 957f0a06-02fd-450d-99be-0926792af3ec@group-7D2311A86DCB->1260d27d-2afd-492e-9430-e2f349ff0f7b-GrpcLogAppender: Leader has not got in touch with Follower 957f0a06-02fd-450d-99be-0926792af3ec@group-7D2311A86DCB->1260d27d-2afd-492e-9430-e2f349ff0f7b(c0,m0,n1, attendVote=true, lastRpcSendTime=0, lastRpcResponseTime=5031) yet, just keep nextIndex unchanged and retry.
2022-11-05 13:04:41,318 [grpc-default-executor-0] WARN  server.GrpcLogAppender (GrpcLogAppender.java:resetClient(131)) - 957f0a06-02fd-450d-99be-0926792af3ec@group-7D2311A86DCB->1260d27d-2afd-492e-9430-e2f349ff0f7b-GrpcLogAppender: Leader has not got in touch with Follower 957f0a06-02fd-450d-99be-0926792af3ec@group-7D2311A86DCB->1260d27d-2afd-492e-9430-e2f349ff0f7b(c0,m0,n1, attendVote=true, lastRpcSendTime=1, lastRpcResponseTime=5031) yet, just keep nextIndex unchanged and retry.
2022-11-05 13:04:42,070 [Command processor thread] INFO  keyvalue.KeyValueContainer (KeyValueContainer.java:flushAndSyncDB(437)) - Container 1 is synced with bcsId 0.
2022-11-05 13:04:42,072 [Command processor thread] INFO  keyvalue.KeyValueContainer (KeyValueContainer.java:flushAndSyncDB(437)) - Container 1 is synced with bcsId 0.
2022-11-05 13:04:42,086 [Command processor thread] INFO  keyvalue.KeyValueContainer (KeyValueContainer.java:close(352)) - Container 1 is closed with bcsId 0.
2022-11-05 13:04:42,088 [FixedThreadPoolWithAffinityExecutor-8-0] INFO  container.IncrementalContainerReportHandler (AbstractContainerReportHandler.java:updateContainerState(292)) - Moving container #1 to CLOSED state, datanode c56757ad-2923-4297-8741-c606545d9a52{ip: 10.1.0.157, host: fv-az83-841.uavyq1izdhte5b0ne1us2eqzhb.jx.internal.cloudapp.net, ports: [REPLICATION=40585, RATIS=45683, RATIS_ADMIN=45683, RATIS_SERVER=45683, STANDALONE=39937], networkLocation: /default-rack, certSerialId: null, persistedOpState: IN_SERVICE, persistedOpStateExpiryEpochSec: 0} reported CLOSED replica.
2022-11-05 13:04:42,140 [Listener at 127.0.0.1/34735] INFO  replication.ReplicationManager (ReplicationManager.java:stop(273)) - Stopping Replication Monitor Thread.
2022-11-05 13:04:42,141 [Under Replicated Processor] WARN  replication.UnderReplicatedProcessor (UnderReplicatedProcessor.java:run(148)) - Under Replicated Processor interrupted. Exiting...
2022-11-05 13:04:42,141 [ReplicationMonitor] INFO  replication.ReplicationManager (ReplicationManager.java:run(579)) - Replication Monitor Thread is stopped
2022-11-05 13:04:42,141 [Over Replicated Processor] WARN  replication.OverReplicatedProcessor (OverReplicatedProcessor.java:run(137)) - Over Replicated Processor interrupted. Exiting...
2022-11-05 13:04:42,494 [81de4557-c158-4718-93a8-b16ff7f8daad@group-D5EC486ECE4F-FollowerState] INFO  server.RaftServerConfigKeys (ConfUtils.java:logFallback(53)) - raft.server.rpc.first-election.timeout.min = 5s (fallback to raft.server.rpc.timeout.min)
2022-11-05 13:04:42,494 [81de4557-c158-4718-93a8-b16ff7f8daad@group-D5EC486ECE4F-FollowerState] INFO  server.RaftServerConfigKeys (ConfUtils.java:logFallback(53)) - raft.server.rpc.first-election.timeout.max = 5200ms (fallback to raft.server.rpc.timeout.max)
2022-11-05 13:04:42,515 [3fdd4c6e-2961-42ba-90d3-b5f169a49f15@group-D5EC486ECE4F-FollowerState] INFO  impl.FollowerState (FollowerState.java:run(143)) - 3fdd4c6e-2961-42ba-90d3-b5f169a49f15@group-D5EC486ECE4F-FollowerState: change to CANDIDATE, lastRpcElapsedTime:5107363682ns, electionTimeout:5104ms
2022-11-05 13:04:42,515 [3fdd4c6e-2961-42ba-90d3-b5f169a49f15@group-D5EC486ECE4F-FollowerState] INFO  impl.RoleInfo (RoleInfo.java:shutdownFollowerState(110)) - 3fdd4c6e-2961-42ba-90d3-b5f169a49f15: shutdown 3fdd4c6e-2961-42ba-90d3-b5f169a49f15@group-D5EC486ECE4F-FollowerState
2022-11-05 13:04:42,515 [3fdd4c6e-2961-42ba-90d3-b5f169a49f15@group-D5EC486ECE4F-FollowerState] INFO  server.RaftServer$Division (RaftServerImpl.java:setRole(321)) - 3fdd4c6e-2961-42ba-90d3-b5f169a49f15@group-D5EC486ECE4F: changes role from  FOLLOWER to CANDIDATE at term 1 for changeToCandidate
2022-11-05 13:04:42,515 [3fdd4c6e-2961-42ba-90d3-b5f169a49f15@group-D5EC486ECE4F-FollowerState] INFO  server.RaftServerConfigKeys (ConfUtils.java:logGet(46)) - raft.server.leaderelection.pre-vote = false (custom)
2022-11-05 13:04:42,515 [3fdd4c6e-2961-42ba-90d3-b5f169a49f15@group-D5EC486ECE4F-FollowerState] INFO  impl.RoleInfo (RoleInfo.java:updateAndGet(139)) - 3fdd4c6e-2961-42ba-90d3-b5f169a49f15: start 3fdd4c6e-2961-42ba-90d3-b5f169a49f15@group-D5EC486ECE4F-LeaderElection23
2022-11-05 13:04:42,528 [3fdd4c6e-2961-42ba-90d3-b5f169a49f15@group-D5EC486ECE4F-LeaderElection23] INFO  impl.LeaderElection (LeaderElection.java:askForVotes(312)) - 3fdd4c6e-2961-42ba-90d3-b5f169a49f15@group-D5EC486ECE4F-LeaderElection23 ELECTION round 0: submit vote requests at term 2 for -1: peers:[81de4557-c158-4718-93a8-b16ff7f8daad|rpc:10.1.0.157:42037|priority:0|startupRole:FOLLOWER, 44bea1f4-43dd-4415-bb4e-4e9896dd68f6|rpc:10.1.0.157:34265|priority:0|startupRole:FOLLOWER, 3fdd4c6e-2961-42ba-90d3-b5f169a49f15|rpc:10.1.0.157:38617|priority:1|startupRole:FOLLOWER]|listeners:[], old=null
2022-11-05 13:04:42,533 [3fdd4c6e-2961-42ba-90d3-b5f169a49f15@group-D5EC486ECE4F-LeaderElection23] INFO  server.RaftServerConfigKeys (ConfUtils.java:logFallback(53)) - raft.server.rpc.first-election.timeout.min = 5s (fallback to raft.server.rpc.timeout.min)
2022-11-05 13:04:42,533 [3fdd4c6e-2961-42ba-90d3-b5f169a49f15@group-D5EC486ECE4F-LeaderElection23] INFO  server.RaftServerConfigKeys (ConfUtils.java:logFallback(53)) - raft.server.rpc.first-election.timeout.max = 5200ms (fallback to raft.server.rpc.timeout.max)
2022-11-05 13:04:42,533 [grpc-default-executor-0] INFO  server.RaftServer$Division (RaftServerImpl.java:requestVote(1218)) - 81de4557-c158-4718-93a8-b16ff7f8daad@group-D5EC486ECE4F: receive requestVote(ELECTION, 3fdd4c6e-2961-42ba-90d3-b5f169a49f15, group-D5EC486ECE4F, 2, (t:0, i:0))
2022-11-05 13:04:42,535 [grpc-default-executor-1] INFO  server.RaftServer$Division (RaftServerImpl.java:requestVote(1218)) - 44bea1f4-43dd-4415-bb4e-4e9896dd68f6@group-D5EC486ECE4F: receive requestVote(ELECTION, 3fdd4c6e-2961-42ba-90d3-b5f169a49f15, group-D5EC486ECE4F, 2, (t:0, i:0))
2022-11-05 13:04:42,535 [grpc-default-executor-1] INFO  impl.VoteContext (VoteContext.java:log(48)) - 44bea1f4-43dd-4415-bb4e-4e9896dd68f6@group-D5EC486ECE4F-FOLLOWER: accept ELECTION from 3fdd4c6e-2961-42ba-90d3-b5f169a49f15: our priority 0 <= candidate's priority 1
2022-11-05 13:04:42,535 [grpc-default-executor-1] INFO  server.RaftServer$Division (RaftServerImpl.java:setRole(321)) - 44bea1f4-43dd-4415-bb4e-4e9896dd68f6@group-D5EC486ECE4F: changes role from  FOLLOWER to FOLLOWER at term 2 for candidate:3fdd4c6e-2961-42ba-90d3-b5f169a49f15
2022-11-05 13:04:42,535 [grpc-default-executor-1] INFO  impl.RoleInfo (RoleInfo.java:shutdownFollowerState(110)) - 44bea1f4-43dd-4415-bb4e-4e9896dd68f6: shutdown 44bea1f4-43dd-4415-bb4e-4e9896dd68f6@group-D5EC486ECE4F-FollowerState
2022-11-05 13:04:42,535 [grpc-default-executor-1] INFO  impl.RoleInfo (RoleInfo.java:updateAndGet(139)) - 44bea1f4-43dd-4415-bb4e-4e9896dd68f6: start 44bea1f4-43dd-4415-bb4e-4e9896dd68f6@group-D5EC486ECE4F-FollowerState
2022-11-05 13:04:42,535 [44bea1f4-43dd-4415-bb4e-4e9896dd68f6@group-D5EC486ECE4F-FollowerState] INFO  impl.FollowerState (FollowerState.java:run(152)) - 44bea1f4-43dd-4415-bb4e-4e9896dd68f6@group-D5EC486ECE4F-FollowerState was interrupted
2022-11-05 13:04:42,544 [grpc-default-executor-0] INFO  impl.VoteContext (VoteContext.java:log(48)) - 81de4557-c158-4718-93a8-b16ff7f8daad@group-D5EC486ECE4F-FOLLOWER: accept ELECTION from 3fdd4c6e-2961-42ba-90d3-b5f169a49f15: our priority 0 <= candidate's priority 1
2022-11-05 13:04:42,544 [grpc-default-executor-0] INFO  server.RaftServer$Division (RaftServerImpl.java:setRole(321)) - 81de4557-c158-4718-93a8-b16ff7f8daad@group-D5EC486ECE4F: changes role from  FOLLOWER to FOLLOWER at term 2 for candidate:3fdd4c6e-2961-42ba-90d3-b5f169a49f15
2022-11-05 13:04:42,544 [grpc-default-executor-0] INFO  impl.RoleInfo (RoleInfo.java:shutdownFollowerState(110)) - 81de4557-c158-4718-93a8-b16ff7f8daad: shutdown 81de4557-c158-4718-93a8-b16ff7f8daad@group-D5EC486ECE4F-FollowerState
2022-11-05 13:04:42,544 [grpc-default-executor-0] INFO  impl.RoleInfo (RoleInfo.java:updateAndGet(139)) - 81de4557-c158-4718-93a8-b16ff7f8daad: start 81de4557-c158-4718-93a8-b16ff7f8daad@group-D5EC486ECE4F-FollowerState
2022-11-05 13:04:42,544 [81de4557-c158-4718-93a8-b16ff7f8daad@group-D5EC486ECE4F-FollowerState] INFO  impl.FollowerState (FollowerState.java:run(152)) - 81de4557-c158-4718-93a8-b16ff7f8daad@group-D5EC486ECE4F-FollowerState was interrupted
2022-11-05 13:04:42,545 [44bea1f4-43dd-4415-bb4e-4e9896dd68f6@group-D5EC486ECE4F-FollowerState] INFO  server.RaftServerConfigKeys (ConfUtils.java:logFallback(53)) - raft.server.rpc.first-election.timeout.min = 5s (fallback to raft.server.rpc.timeout.min)
2022-11-05 13:04:42,545 [44bea1f4-43dd-4415-bb4e-4e9896dd68f6@group-D5EC486ECE4F-FollowerState] INFO  server.RaftServerConfigKeys (ConfUtils.java:logFallback(53)) - raft.server.rpc.first-election.timeout.max = 5200ms (fallback to raft.server.rpc.timeout.max)
2022-11-05 13:04:42,549 [81de4557-c158-4718-93a8-b16ff7f8daad@group-D5EC486ECE4F-FollowerState] INFO  server.RaftServerConfigKeys (ConfUtils.java:logFallback(53)) - raft.server.rpc.first-election.timeout.min = 5s (fallback to raft.server.rpc.timeout.min)
2022-11-05 13:04:42,549 [81de4557-c158-4718-93a8-b16ff7f8daad@group-D5EC486ECE4F-FollowerState] INFO  server.RaftServerConfigKeys (ConfUtils.java:logFallback(53)) - raft.server.rpc.first-election.timeout.max = 5200ms (fallback to raft.server.rpc.timeout.max)
2022-11-05 13:04:42,556 [grpc-default-executor-1] INFO  server.RaftServer$Division (RaftServerImpl.java:requestVote(1251)) - 44bea1f4-43dd-4415-bb4e-4e9896dd68f6@group-D5EC486ECE4F replies to ELECTION vote request: 3fdd4c6e-2961-42ba-90d3-b5f169a49f15<-44bea1f4-43dd-4415-bb4e-4e9896dd68f6#0:OK-t2. Peer's state: 44bea1f4-43dd-4415-bb4e-4e9896dd68f6@group-D5EC486ECE4F:t2, leader=null, voted=3fdd4c6e-2961-42ba-90d3-b5f169a49f15, raftlog=Memoized:44bea1f4-43dd-4415-bb4e-4e9896dd68f6@group-D5EC486ECE4F-SegmentedRaftLog:OPENED:c-1, conf=-1: peers:[81de4557-c158-4718-93a8-b16ff7f8daad|rpc:10.1.0.157:42037|dataStream:|priority:0|startupRole:FOLLOWER, 44bea1f4-43dd-4415-bb4e-4e9896dd68f6|rpc:10.1.0.157:34265|dataStream:|priority:0|startupRole:FOLLOWER, 3fdd4c6e-2961-42ba-90d3-b5f169a49f15|rpc:10.1.0.157:38617|dataStream:|priority:1|startupRole:FOLLOWER]|listeners:[], old=null
2022-11-05 13:04:42,557 [3fdd4c6e-2961-42ba-90d3-b5f169a49f15@group-D5EC486ECE4F-LeaderElection23] INFO  impl.LeaderElection (LeaderElection.java:logAndReturn(90)) - 3fdd4c6e-2961-42ba-90d3-b5f169a49f15@group-D5EC486ECE4F-LeaderElection23: ELECTION PASSED received 1 response(s) and 0 exception(s):
2022-11-05 13:04:42,557 [3fdd4c6e-2961-42ba-90d3-b5f169a49f15@group-D5EC486ECE4F-LeaderElection23] INFO  impl.LeaderElection (LeaderElection.java:logAndReturn(94)) -   Response 0: 3fdd4c6e-2961-42ba-90d3-b5f169a49f15<-44bea1f4-43dd-4415-bb4e-4e9896dd68f6#0:OK-t2
2022-11-05 13:04:42,557 [3fdd4c6e-2961-42ba-90d3-b5f169a49f15@group-D5EC486ECE4F-LeaderElection23] INFO  impl.LeaderElection (LeaderElection.java:askForVotes(314)) - 3fdd4c6e-2961-42ba-90d3-b5f169a49f15@group-D5EC486ECE4F-LeaderElection23 ELECTION round 0: result PASSED
2022-11-05 13:04:42,557 [3fdd4c6e-2961-42ba-90d3-b5f169a49f15@group-D5EC486ECE4F-LeaderElection23] INFO  impl.RoleInfo (RoleInfo.java:shutdownLeaderElection(130)) - 3fdd4c6e-2961-42ba-90d3-b5f169a49f15: shutdown 3fdd4c6e-2961-42ba-90d3-b5f169a49f15@group-D5EC486ECE4F-LeaderElection23
2022-11-05 13:04:42,557 [3fdd4c6e-2961-42ba-90d3-b5f169a49f15@group-D5EC486ECE4F-LeaderElection23] INFO  server.RaftServer$Division (RaftServerImpl.java:setRole(321)) - 3fdd4c6e-2961-42ba-90d3-b5f169a49f15@group-D5EC486ECE4F: changes role from CANDIDATE to LEADER at term 2 for changeToLeader
2022-11-05 13:04:42,557 [3fdd4c6e-2961-42ba-90d3-b5f169a49f15@group-D5EC486ECE4F-LeaderElection23] INFO  ratis.XceiverServerRatis (XceiverServerRatis.java:handleLeaderChangedNotification(863)) - Leader change notification received for group: group-D5EC486ECE4F with new leaderId: 3fdd4c6e-2961-42ba-90d3-b5f169a49f15
2022-11-05 13:04:42,557 [3fdd4c6e-2961-42ba-90d3-b5f169a49f15@group-D5EC486ECE4F-LeaderElection23] INFO  server.RaftServer$Division (ServerState.java:setLeader(313)) - 3fdd4c6e-2961-42ba-90d3-b5f169a49f15@group-D5EC486ECE4F: change Leader from null to 3fdd4c6e-2961-42ba-90d3-b5f169a49f15 at term 2 for becomeLeader, leader elected after 10319ms
2022-11-05 13:04:42,557 [3fdd4c6e-2961-42ba-90d3-b5f169a49f15@group-D5EC486ECE4F-LeaderElection23] INFO  server.RaftServerConfigKeys (ConfUtils.java:logGet(46)) - raft.server.staging.catchup.gap = 1000 (default)
2022-11-05 13:04:42,558 [3fdd4c6e-2961-42ba-90d3-b5f169a49f15@group-D5EC486ECE4F-LeaderElection23] INFO  server.RaftServerConfigKeys (ConfUtils.java:logGet(46)) - raft.server.write.element-limit = 1024 (custom)
2022-11-05 13:04:42,558 [3fdd4c6e-2961-42ba-90d3-b5f169a49f15@group-D5EC486ECE4F-LeaderElection23] INFO  server.RaftServerConfigKeys (ConfUtils.java:logGet(46)) - raft.server.write.byte-limit = 1024 M (=1073741824) (custom)
2022-11-05 13:04:42,558 [3fdd4c6e-2961-42ba-90d3-b5f169a49f15@group-D5EC486ECE4F-LeaderElection23] INFO  server.RaftServerConfigKeys (ConfUtils.java:logGet(46)) - raft.server.watch.timeout = 180s (custom)
2022-11-05 13:04:42,558 [3fdd4c6e-2961-42ba-90d3-b5f169a49f15@group-D5EC486ECE4F-LeaderElection23] INFO  server.RaftServerConfigKeys (ConfUtils.java:logGet(46)) - raft.server.watch.timeout.denomination = 1s (default)
2022-11-05 13:04:42,558 [3fdd4c6e-2961-42ba-90d3-b5f169a49f15@group-D5EC486ECE4F-LeaderElection23] INFO  server.RaftServerConfigKeys (ConfUtils.java:logGet(46)) - raft.server.watch.element-limit = 65536 (default)
2022-11-05 13:04:42,558 [3fdd4c6e-2961-42ba-90d3-b5f169a49f15@group-D5EC486ECE4F-LeaderElection23] INFO  server.RaftServerConfigKeys (ConfUtils.java:logGet(46)) - raft.server.write.element-limit = 1024 (custom)
2022-11-05 13:04:42,558 [3fdd4c6e-2961-42ba-90d3-b5f169a49f15@group-D5EC486ECE4F-LeaderElection23] INFO  server.RaftServerConfigKeys (ConfUtils.java:logGet(46)) - raft.server.write.follower.gap.ratio.max = -1.0 (default)
2022-11-05 13:04:42,559 [3fdd4c6e-2961-42ba-90d3-b5f169a49f15@group-D5EC486ECE4F-LeaderElection23] INFO  server.RaftServerConfigKeys (ConfUtils.java:logGet(46)) - raft.server.log.appender.snapshot.chunk.size.max = 16MB (=16777216) (default)
2022-11-05 13:04:42,559 [3fdd4c6e-2961-42ba-90d3-b5f169a49f15@group-D5EC486ECE4F-LeaderElection23] INFO  server.RaftServerConfigKeys (ConfUtils.java:logGet(46)) - raft.server.log.appender.buffer.byte-limit = 33554432 (custom)
2022-11-05 13:04:42,559 [3fdd4c6e-2961-42ba-90d3-b5f169a49f15@group-D5EC486ECE4F-LeaderElection23] INFO  server.RaftServerConfigKeys (ConfUtils.java:logGet(46)) - raft.server.log.appender.buffer.element-limit = 1 (custom)
2022-11-05 13:04:42,559 [3fdd4c6e-2961-42ba-90d3-b5f169a49f15@group-D5EC486ECE4F-LeaderElection23] INFO  grpc.GrpcConfigKeys (ConfUtils.java:logGet(46)) - raft.grpc.server.leader.outstanding.appends.max = 128 (default)
2022-11-05 13:04:42,559 [3fdd4c6e-2961-42ba-90d3-b5f169a49f15@group-D5EC486ECE4F-LeaderElection23] INFO  server.RaftServerConfigKeys (ConfUtils.java:logGet(46)) - raft.server.rpc.request.timeout = 60s (custom)
2022-11-05 13:04:42,562 [3fdd4c6e-2961-42ba-90d3-b5f169a49f15@group-D5EC486ECE4F-LeaderElection23] INFO  server.RaftServerConfigKeys (ConfUtils.java:logGet(46)) - raft.server.log.appender.install.snapshot.enabled = false (custom)
2022-11-05 13:04:42,563 [3fdd4c6e-2961-42ba-90d3-b5f169a49f15@group-D5EC486ECE4F-LeaderElection23] INFO  grpc.GrpcConfigKeys (ConfUtils.java:logGet(46)) - raft.grpc.server.heartbeat.channel = true (default)
2022-11-05 13:04:42,563 [3fdd4c6e-2961-42ba-90d3-b5f169a49f15@group-D5EC486ECE4F-LeaderElection23] INFO  server.RaftServerConfigKeys (ConfUtils.java:logGet(46)) - raft.server.log.appender.wait-time.min = 10ms (default)
2022-11-05 13:04:42,561 [EventQueue-PipelineReportForPipelineReportHandler] INFO  pipeline.PipelineManagerImpl (PipelineManagerImpl.java:openPipeline(367)) - Pipeline Pipeline[ Id: 89293485-d1ad-4757-8f6b-d5ec486ece4f, Nodes: 44bea1f4-43dd-4415-bb4e-4e9896dd68f6{ip: 10.1.0.157, host: fv-az83-841.uavyq1izdhte5b0ne1us2eqzhb.jx.internal.cloudapp.net, ports: [REPLICATION=38339, RATIS=34265, RATIS_ADMIN=34265, RATIS_SERVER=34265, STANDALONE=43671], networkLocation: /default-rack, certSerialId: null, persistedOpState: IN_SERVICE, persistedOpStateExpiryEpochSec: 0}3fdd4c6e-2961-42ba-90d3-b5f169a49f15{ip: 10.1.0.157, host: fv-az83-841.uavyq1izdhte5b0ne1us2eqzhb.jx.internal.cloudapp.net, ports: [REPLICATION=39061, RATIS=38617, RATIS_ADMIN=38617, RATIS_SERVER=38617, STANDALONE=41615], networkLocation: /default-rack, certSerialId: null, persistedOpState: IN_SERVICE, persistedOpStateExpiryEpochSec: 0}81de4557-c158-4718-93a8-b16ff7f8daad{ip: 10.1.0.157, host: fv-az83-841.uavyq1izdhte5b0ne1us2eqzhb.jx.internal.cloudapp.net, ports: [REPLICATION=38531, RATIS=42037, RATIS_ADMIN=42037, RATIS_SERVER=42037, STANDALONE=40833], networkLocation: /default-rack, certSerialId: null, persistedOpState: IN_SERVICE, persistedOpStateExpiryEpochSec: 0}, ReplicationConfig: RATIS/THREE, State:ALLOCATED, leaderId:3fdd4c6e-2961-42ba-90d3-b5f169a49f15, CreationTimestamp2022-11-05T13:04:30.176Z[Etc/UTC]] moved to OPEN state
2022-11-05 13:04:42,564 [3fdd4c6e-2961-42ba-90d3-b5f169a49f15@group-D5EC486ECE4F-LeaderElection23] INFO  server.RaftServerConfigKeys (ConfUtils.java:logGet(46)) - raft.server.log.appender.snapshot.chunk.size.max = 16MB (=16777216) (default)
2022-11-05 13:04:42,564 [3fdd4c6e-2961-42ba-90d3-b5f169a49f15@group-D5EC486ECE4F-LeaderElection23] INFO  server.RaftServerConfigKeys (ConfUtils.java:logGet(46)) - raft.server.log.appender.buffer.byte-limit = 33554432 (custom)
2022-11-05 13:04:42,564 [3fdd4c6e-2961-42ba-90d3-b5f169a49f15@group-D5EC486ECE4F-LeaderElection23] INFO  server.RaftServerConfigKeys (ConfUtils.java:logGet(46)) - raft.server.log.appender.buffer.element-limit = 1 (custom)
2022-11-05 13:04:42,564 [3fdd4c6e-2961-42ba-90d3-b5f169a49f15@group-D5EC486ECE4F-LeaderElection23] INFO  grpc.GrpcConfigKeys (ConfUtils.java:logGet(46)) - raft.grpc.server.leader.outstanding.appends.max = 128 (default)
2022-11-05 13:04:42,564 [3fdd4c6e-2961-42ba-90d3-b5f169a49f15@group-D5EC486ECE4F-LeaderElection23] INFO  server.RaftServerConfigKeys (ConfUtils.java:logGet(46)) - raft.server.rpc.request.timeout = 60s (custom)
2022-11-05 13:04:42,564 [3fdd4c6e-2961-42ba-90d3-b5f169a49f15@group-D5EC486ECE4F-LeaderElection23] INFO  server.RaftServerConfigKeys (ConfUtils.java:logGet(46)) - raft.server.log.appender.install.snapshot.enabled = false (custom)
2022-11-05 13:04:42,564 [3fdd4c6e-2961-42ba-90d3-b5f169a49f15@group-D5EC486ECE4F-LeaderElection23] INFO  grpc.GrpcConfigKeys (ConfUtils.java:logGet(46)) - raft.grpc.server.heartbeat.channel = true (default)
2022-11-05 13:04:42,564 [3fdd4c6e-2961-42ba-90d3-b5f169a49f15@group-D5EC486ECE4F-LeaderElection23] INFO  server.RaftServerConfigKeys (ConfUtils.java:logGet(46)) - raft.server.log.appender.wait-time.min = 10ms (default)
2022-11-05 13:04:42,564 [3fdd4c6e-2961-42ba-90d3-b5f169a49f15@group-D5EC486ECE4F-LeaderElection23] INFO  impl.RoleInfo (RoleInfo.java:updateAndGet(139)) - 3fdd4c6e-2961-42ba-90d3-b5f169a49f15: start 3fdd4c6e-2961-42ba-90d3-b5f169a49f15@group-D5EC486ECE4F-LeaderStateImpl
2022-11-05 13:04:42,565 [grpc-default-executor-0] INFO  server.RaftServer$Division (RaftServerImpl.java:requestVote(1251)) - 81de4557-c158-4718-93a8-b16ff7f8daad@group-D5EC486ECE4F replies to ELECTION vote request: 3fdd4c6e-2961-42ba-90d3-b5f169a49f15<-81de4557-c158-4718-93a8-b16ff7f8daad#0:OK-t2. Peer's state: 81de4557-c158-4718-93a8-b16ff7f8daad@group-D5EC486ECE4F:t2, leader=null, voted=3fdd4c6e-2961-42ba-90d3-b5f169a49f15, raftlog=Memoized:81de4557-c158-4718-93a8-b16ff7f8daad@group-D5EC486ECE4F-SegmentedRaftLog:OPENED:c-1, conf=-1: peers:[81de4557-c158-4718-93a8-b16ff7f8daad|rpc:10.1.0.157:42037|dataStream:|priority:0|startupRole:FOLLOWER, 44bea1f4-43dd-4415-bb4e-4e9896dd68f6|rpc:10.1.0.157:34265|dataStream:|priority:0|startupRole:FOLLOWER, 3fdd4c6e-2961-42ba-90d3-b5f169a49f15|rpc:10.1.0.157:38617|dataStream:|priority:1|startupRole:FOLLOWER]|listeners:[], old=null
2022-11-05 13:04:42,567 [grpc-default-executor-0] WARN  server.GrpcLogAppender (LogUtils.java:warn(122)) - 957f0a06-02fd-450d-99be-0926792af3ec@group-7D2311A86DCB->1260d27d-2afd-492e-9430-e2f349ff0f7b-AppendLogResponseHandler: Failed appendEntries: org.apache.ratis.thirdparty.io.grpc.StatusRuntimeException: UNAVAILABLE: io exception
2022-11-05 13:04:42,568 [grpc-default-executor-0] WARN  server.GrpcLogAppender (GrpcLogAppender.java:resetClient(131)) - 957f0a06-02fd-450d-99be-0926792af3ec@group-7D2311A86DCB->1260d27d-2afd-492e-9430-e2f349ff0f7b-GrpcLogAppender: Leader has not got in touch with Follower 957f0a06-02fd-450d-99be-0926792af3ec@group-7D2311A86DCB->1260d27d-2afd-492e-9430-e2f349ff0f7b(c0,m0,n1, attendVote=true, lastRpcSendTime=1, lastRpcResponseTime=6282) yet, just keep nextIndex unchanged and retry.
2022-11-05 13:04:42,569 [grpc-default-executor-1] WARN  server.GrpcLogAppender (LogUtils.java:warn(122)) - 957f0a06-02fd-450d-99be-0926792af3ec@group-7D2311A86DCB->1260d27d-2afd-492e-9430-e2f349ff0f7b-AppendLogResponseHandler: Failed appendEntries: org.apache.ratis.thirdparty.io.grpc.StatusRuntimeException: UNAVAILABLE: io exception
2022-11-05 13:04:42,569 [grpc-default-executor-1] WARN  server.GrpcLogAppender (GrpcLogAppender.java:resetClient(131)) - 957f0a06-02fd-450d-99be-0926792af3ec@group-7D2311A86DCB->1260d27d-2afd-492e-9430-e2f349ff0f7b-GrpcLogAppender: Leader has not got in touch with Follower 957f0a06-02fd-450d-99be-0926792af3ec@group-7D2311A86DCB->1260d27d-2afd-492e-9430-e2f349ff0f7b(c0,m0,n1, attendVote=true, lastRpcSendTime=2, lastRpcResponseTime=6283) yet, just keep nextIndex unchanged and retry.
2022-11-05 13:04:42,570 [3fdd4c6e-2961-42ba-90d3-b5f169a49f15@group-D5EC486ECE4F-LeaderElection23] INFO  segmented.SegmentedRaftLogWorker (SegmentedRaftLogWorker.java:startLogSegment(452)) - 3fdd4c6e-2961-42ba-90d3-b5f169a49f15@group-D5EC486ECE4F-SegmentedRaftLogWorker: Starting segment from index:0
2022-11-05 13:04:42,587 [3fdd4c6e-2961-42ba-90d3-b5f169a49f15@group-D5EC486ECE4F-LeaderElection23] INFO  server.RaftServer$Division (ServerState.java:setRaftConf(430)) - 3fdd4c6e-2961-42ba-90d3-b5f169a49f15@group-D5EC486ECE4F: set configuration 0: peers:[81de4557-c158-4718-93a8-b16ff7f8daad|rpc:10.1.0.157:42037|dataStream:|priority:0|startupRole:FOLLOWER, 44bea1f4-43dd-4415-bb4e-4e9896dd68f6|rpc:10.1.0.157:34265|dataStream:|priority:0|startupRole:FOLLOWER, 3fdd4c6e-2961-42ba-90d3-b5f169a49f15|rpc:10.1.0.157:38617|dataStream:|priority:1|startupRole:FOLLOWER]|listeners:[], old=null
2022-11-05 13:04:42,589 [3fdd4c6e-2961-42ba-90d3-b5f169a49f15@group-D5EC486ECE4F-SegmentedRaftLogWorker] INFO  segmented.SegmentedRaftLogWorker (SegmentedRaftLogWorker.java:execute(656)) - 3fdd4c6e-2961-42ba-90d3-b5f169a49f15@group-D5EC486ECE4F-SegmentedRaftLogWorker: created new log segment /home/runner/work/ozone/ozone/hadoop-ozone/integration-test/target/test-dir/MiniOzoneClusterImpl-9e91b504-fe86-427b-a8de-b3d8b21cdaaf/datanode-6/data/ratis/89293485-d1ad-4757-8f6b-d5ec486ece4f/current/log_inprogress_0
2022-11-05 13:04:42,595 [81de4557-c158-4718-93a8-b16ff7f8daad-server-thread2] INFO  ratis.XceiverServerRatis (XceiverServerRatis.java:handleLeaderChangedNotification(863)) - Leader change notification received for group: group-D5EC486ECE4F with new leaderId: 3fdd4c6e-2961-42ba-90d3-b5f169a49f15
2022-11-05 13:04:42,596 [81de4557-c158-4718-93a8-b16ff7f8daad-server-thread2] INFO  server.RaftServer$Division (ServerState.java:setLeader(313)) - 81de4557-c158-4718-93a8-b16ff7f8daad@group-D5EC486ECE4F: change Leader from null to 3fdd4c6e-2961-42ba-90d3-b5f169a49f15 at term 2 for appendEntries, leader elected after 10243ms
2022-11-05 13:04:42,603 [81de4557-c158-4718-93a8-b16ff7f8daad-server-thread2] INFO  server.RaftServer$Division (ServerState.java:setRaftConf(430)) - 81de4557-c158-4718-93a8-b16ff7f8daad@group-D5EC486ECE4F: set configuration 0: peers:[81de4557-c158-4718-93a8-b16ff7f8daad|rpc:10.1.0.157:42037|dataStream:|priority:0|startupRole:FOLLOWER, 44bea1f4-43dd-4415-bb4e-4e9896dd68f6|rpc:10.1.0.157:34265|dataStream:|priority:0|startupRole:FOLLOWER, 3fdd4c6e-2961-42ba-90d3-b5f169a49f15|rpc:10.1.0.157:38617|dataStream:|priority:1|startupRole:FOLLOWER]|listeners:[], old=null
2022-11-05 13:04:42,603 [81de4557-c158-4718-93a8-b16ff7f8daad-server-thread2] INFO  segmented.SegmentedRaftLogWorker (SegmentedRaftLogWorker.java:startLogSegment(452)) - 81de4557-c158-4718-93a8-b16ff7f8daad@group-D5EC486ECE4F-SegmentedRaftLogWorker: Starting segment from index:0
2022-11-05 13:04:42,607 [44bea1f4-43dd-4415-bb4e-4e9896dd68f6-server-thread1] INFO  ratis.XceiverServerRatis (XceiverServerRatis.java:handleLeaderChangedNotification(863)) - Leader change notification received for group: group-D5EC486ECE4F with new leaderId: 3fdd4c6e-2961-42ba-90d3-b5f169a49f15
2022-11-05 13:04:42,607 [44bea1f4-43dd-4415-bb4e-4e9896dd68f6-server-thread1] INFO  server.RaftServer$Division (ServerState.java:setLeader(313)) - 44bea1f4-43dd-4415-bb4e-4e9896dd68f6@group-D5EC486ECE4F: change Leader from null to 3fdd4c6e-2961-42ba-90d3-b5f169a49f15 at term 2 for appendEntries, leader elected after 10319ms
2022-11-05 13:04:42,612 [81de4557-c158-4718-93a8-b16ff7f8daad@group-D5EC486ECE4F-SegmentedRaftLogWorker] INFO  segmented.SegmentedRaftLogWorker (SegmentedRaftLogWorker.java:execute(656)) - 81de4557-c158-4718-93a8-b16ff7f8daad@group-D5EC486ECE4F-SegmentedRaftLogWorker: created new log segment /home/runner/work/ozone/ozone/hadoop-ozone/integration-test/target/test-dir/MiniOzoneClusterImpl-9e91b504-fe86-427b-a8de-b3d8b21cdaaf/datanode-7/data/ratis/89293485-d1ad-4757-8f6b-d5ec486ece4f/current/log_inprogress_0
2022-11-05 13:04:42,615 [44bea1f4-43dd-4415-bb4e-4e9896dd68f6-server-thread1] INFO  server.RaftServer$Division (ServerState.java:setRaftConf(430)) - 44bea1f4-43dd-4415-bb4e-4e9896dd68f6@group-D5EC486ECE4F: set configuration 0: peers:[81de4557-c158-4718-93a8-b16ff7f8daad|rpc:10.1.0.157:42037|dataStream:|priority:0|startupRole:FOLLOWER, 44bea1f4-43dd-4415-bb4e-4e9896dd68f6|rpc:10.1.0.157:34265|dataStream:|priority:0|startupRole:FOLLOWER, 3fdd4c6e-2961-42ba-90d3-b5f169a49f15|rpc:10.1.0.157:38617|dataStream:|priority:1|startupRole:FOLLOWER]|listeners:[], old=null
2022-11-05 13:04:42,615 [44bea1f4-43dd-4415-bb4e-4e9896dd68f6-server-thread1] INFO  segmented.SegmentedRaftLogWorker (SegmentedRaftLogWorker.java:startLogSegment(452)) - 44bea1f4-43dd-4415-bb4e-4e9896dd68f6@group-D5EC486ECE4F-SegmentedRaftLogWorker: Starting segment from index:0
2022-11-05 13:04:42,622 [44bea1f4-43dd-4415-bb4e-4e9896dd68f6@group-D5EC486ECE4F-SegmentedRaftLogWorker] INFO  segmented.SegmentedRaftLogWorker (SegmentedRaftLogWorker.java:execute(656)) - 44bea1f4-43dd-4415-bb4e-4e9896dd68f6@group-D5EC486ECE4F-SegmentedRaftLogWorker: created new log segment /home/runner/work/ozone/ozone/hadoop-ozone/integration-test/target/test-dir/MiniOzoneClusterImpl-9e91b504-fe86-427b-a8de-b3d8b21cdaaf/datanode-8/data/ratis/89293485-d1ad-4757-8f6b-d5ec486ece4f/current/log_inprogress_0
2022-11-05 13:04:42,660 [3fdd4c6e-2961-42ba-90d3-b5f169a49f15@group-EA947C079E8C-FollowerState] INFO  impl.FollowerState (FollowerState.java:run(143)) - 3fdd4c6e-2961-42ba-90d3-b5f169a49f15@group-EA947C079E8C-FollowerState: change to CANDIDATE, lastRpcElapsedTime:5052183392ns, electionTimeout:5049ms
2022-11-05 13:04:42,660 [3fdd4c6e-2961-42ba-90d3-b5f169a49f15@group-EA947C079E8C-FollowerState] INFO  impl.RoleInfo (RoleInfo.java:shutdownFollowerState(110)) - 3fdd4c6e-2961-42ba-90d3-b5f169a49f15: shutdown 3fdd4c6e-2961-42ba-90d3-b5f169a49f15@group-EA947C079E8C-FollowerState
2022-11-05 13:04:42,660 [3fdd4c6e-2961-42ba-90d3-b5f169a49f15@group-EA947C079E8C-FollowerState] INFO  server.RaftServer$Division (RaftServerImpl.java:setRole(321)) - 3fdd4c6e-2961-42ba-90d3-b5f169a49f15@group-EA947C079E8C: changes role from  FOLLOWER to CANDIDATE at term 1 for changeToCandidate
2022-11-05 13:04:42,660 [3fdd4c6e-2961-42ba-90d3-b5f169a49f15@group-EA947C079E8C-FollowerState] INFO  server.RaftServerConfigKeys (ConfUtils.java:logGet(46)) - raft.server.leaderelection.pre-vote = false (custom)
2022-11-05 13:04:42,660 [3fdd4c6e-2961-42ba-90d3-b5f169a49f15@group-EA947C079E8C-FollowerState] INFO  impl.RoleInfo (RoleInfo.java:updateAndGet(139)) - 3fdd4c6e-2961-42ba-90d3-b5f169a49f15: start 3fdd4c6e-2961-42ba-90d3-b5f169a49f15@group-EA947C079E8C-LeaderElection24
2022-11-05 13:04:42,683 [3fdd4c6e-2961-42ba-90d3-b5f169a49f15@group-EA947C079E8C-LeaderElection24] INFO  impl.LeaderElection (LeaderElection.java:askForVotes(312)) - 3fdd4c6e-2961-42ba-90d3-b5f169a49f15@group-EA947C079E8C-LeaderElection24 ELECTION round 0: submit vote requests at term 2 for -1: peers:[81de4557-c158-4718-93a8-b16ff7f8daad|rpc:10.1.0.157:42037|priority:1|startupRole:FOLLOWER, 44bea1f4-43dd-4415-bb4e-4e9896dd68f6|rpc:10.1.0.157:34265|priority:0|startupRole:FOLLOWER, 3fdd4c6e-2961-42ba-90d3-b5f169a49f15|rpc:10.1.0.157:38617|priority:0|startupRole:FOLLOWER]|listeners:[], old=null
2022-11-05 13:04:42,685 [grpc-default-executor-3] INFO  server.RaftServer$Division (RaftServerImpl.java:requestVote(1218)) - 81de4557-c158-4718-93a8-b16ff7f8daad@group-EA947C079E8C: receive requestVote(ELECTION, 3fdd4c6e-2961-42ba-90d3-b5f169a49f15, group-EA947C079E8C, 2, (t:0, i:0))
2022-11-05 13:04:42,685 [grpc-default-executor-3] INFO  impl.VoteContext (VoteContext.java:log(48)) - 81de4557-c158-4718-93a8-b16ff7f8daad@group-EA947C079E8C-FOLLOWER: reject ELECTION from 3fdd4c6e-2961-42ba-90d3-b5f169a49f15: our priority 1 > candidate's priority 0
2022-11-05 13:04:42,685 [grpc-default-executor-3] INFO  server.RaftServer$Division (RaftServerImpl.java:setRole(321)) - 81de4557-c158-4718-93a8-b16ff7f8daad@group-EA947C079E8C: changes role from  FOLLOWER to FOLLOWER at term 2 for candidate:3fdd4c6e-2961-42ba-90d3-b5f169a49f15
2022-11-05 13:04:42,685 [grpc-default-executor-3] INFO  impl.RoleInfo (RoleInfo.java:shutdownFollowerState(110)) - 81de4557-c158-4718-93a8-b16ff7f8daad: shutdown 81de4557-c158-4718-93a8-b16ff7f8daad@group-EA947C079E8C-FollowerState
2022-11-05 13:04:42,690 [3fdd4c6e-2961-42ba-90d3-b5f169a49f15@group-EA947C079E8C-LeaderElection24] INFO  server.RaftServerConfigKeys (ConfUtils.java:logFallback(53)) - raft.server.rpc.first-election.timeout.min = 5s (fallback to raft.server.rpc.timeout.min)
2022-11-05 13:04:42,690 [3fdd4c6e-2961-42ba-90d3-b5f169a49f15@group-EA947C079E8C-LeaderElection24] INFO  server.RaftServerConfigKeys (ConfUtils.java:logFallback(53)) - raft.server.rpc.first-election.timeout.max = 5200ms (fallback to raft.server.rpc.timeout.max)
2022-11-05 13:04:42,691 [grpc-default-executor-3] INFO  impl.RoleInfo (RoleInfo.java:updateAndGet(139)) - 81de4557-c158-4718-93a8-b16ff7f8daad: start 81de4557-c158-4718-93a8-b16ff7f8daad@group-EA947C079E8C-FollowerState
2022-11-05 13:04:42,691 [81de4557-c158-4718-93a8-b16ff7f8daad@group-EA947C079E8C-FollowerState] INFO  impl.FollowerState (FollowerState.java:run(152)) - 81de4557-c158-4718-93a8-b16ff7f8daad@group-EA947C079E8C-FollowerState was interrupted
2022-11-05 13:04:42,692 [grpc-default-executor-5] INFO  server.RaftServer$Division (RaftServerImpl.java:requestVote(1218)) - 44bea1f4-43dd-4415-bb4e-4e9896dd68f6@group-EA947C079E8C: receive requestVote(ELECTION, 3fdd4c6e-2961-42ba-90d3-b5f169a49f15, group-EA947C079E8C, 2, (t:0, i:0))
2022-11-05 13:04:42,692 [grpc-default-executor-5] INFO  impl.VoteContext (VoteContext.java:log(48)) - 44bea1f4-43dd-4415-bb4e-4e9896dd68f6@group-EA947C079E8C-FOLLOWER: accept ELECTION from 3fdd4c6e-2961-42ba-90d3-b5f169a49f15: our priority 0 <= candidate's priority 0
2022-11-05 13:04:42,692 [grpc-default-executor-5] INFO  server.RaftServer$Division (RaftServerImpl.java:setRole(321)) - 44bea1f4-43dd-4415-bb4e-4e9896dd68f6@group-EA947C079E8C: changes role from  FOLLOWER to FOLLOWER at term 2 for candidate:3fdd4c6e-2961-42ba-90d3-b5f169a49f15
2022-11-05 13:04:42,692 [grpc-default-executor-5] INFO  impl.RoleInfo (RoleInfo.java:shutdownFollowerState(110)) - 44bea1f4-43dd-4415-bb4e-4e9896dd68f6: shutdown 44bea1f4-43dd-4415-bb4e-4e9896dd68f6@group-EA947C079E8C-FollowerState
2022-11-05 13:04:42,697 [grpc-default-executor-5] INFO  impl.RoleInfo (RoleInfo.java:updateAndGet(139)) - 44bea1f4-43dd-4415-bb4e-4e9896dd68f6: start 44bea1f4-43dd-4415-bb4e-4e9896dd68f6@group-EA947C079E8C-FollowerState
2022-11-05 13:04:42,698 [44bea1f4-43dd-4415-bb4e-4e9896dd68f6@group-EA947C079E8C-FollowerState] INFO  impl.FollowerState (FollowerState.java:run(152)) - 44bea1f4-43dd-4415-bb4e-4e9896dd68f6@group-EA947C079E8C-FollowerState was interrupted
2022-11-05 13:04:42,698 [81de4557-c158-4718-93a8-b16ff7f8daad@group-EA947C079E8C-FollowerState] INFO  server.RaftServerConfigKeys (ConfUtils.java:logFallback(53)) - raft.server.rpc.first-election.timeout.min = 5s (fallback to raft.server.rpc.timeout.min)
2022-11-05 13:04:42,698 [81de4557-c158-4718-93a8-b16ff7f8daad@group-EA947C079E8C-FollowerState] INFO  server.RaftServerConfigKeys (ConfUtils.java:logFallback(53)) - raft.server.rpc.first-election.timeout.max = 5200ms (fallback to raft.server.rpc.timeout.max)
2022-11-05 13:04:42,700 [44bea1f4-43dd-4415-bb4e-4e9896dd68f6@group-EA947C079E8C-FollowerState] INFO  server.RaftServerConfigKeys (ConfUtils.java:logFallback(53)) - raft.server.rpc.first-election.timeout.min = 5s (fallback to raft.server.rpc.timeout.min)
2022-11-05 13:04:42,700 [44bea1f4-43dd-4415-bb4e-4e9896dd68f6@group-EA947C079E8C-FollowerState] INFO  server.RaftServerConfigKeys (ConfUtils.java:logFallback(53)) - raft.server.rpc.first-election.timeout.max = 5200ms (fallback to raft.server.rpc.timeout.max)
2022-11-05 13:04:42,714 [grpc-default-executor-3] INFO  server.RaftServer$Division (RaftServerImpl.java:requestVote(1251)) - 81de4557-c158-4718-93a8-b16ff7f8daad@group-EA947C079E8C replies to ELECTION vote request: 3fdd4c6e-2961-42ba-90d3-b5f169a49f15<-81de4557-c158-4718-93a8-b16ff7f8daad#0:FAIL-t2. Peer's state: 81de4557-c158-4718-93a8-b16ff7f8daad@group-EA947C079E8C:t2, leader=null, voted=null, raftlog=Memoized:81de4557-c158-4718-93a8-b16ff7f8daad@group-EA947C079E8C-SegmentedRaftLog:OPENED:c-1, conf=-1: peers:[81de4557-c158-4718-93a8-b16ff7f8daad|rpc:10.1.0.157:42037|dataStream:|priority:1|startupRole:FOLLOWER, 44bea1f4-43dd-4415-bb4e-4e9896dd68f6|rpc:10.1.0.157:34265|dataStream:|priority:0|startupRole:FOLLOWER, 3fdd4c6e-2961-42ba-90d3-b5f169a49f15|rpc:10.1.0.157:38617|dataStream:|priority:0|startupRole:FOLLOWER]|listeners:[], old=null
2022-11-05 13:04:42,716 [3fdd4c6e-2961-42ba-90d3-b5f169a49f15@group-EA947C079E8C-LeaderElection24] INFO  impl.LeaderElection (LeaderElection.java:logAndReturn(90)) - 3fdd4c6e-2961-42ba-90d3-b5f169a49f15@group-EA947C079E8C-LeaderElection24: ELECTION REJECTED received 1 response(s) and 0 exception(s):
2022-11-05 13:04:42,716 [3fdd4c6e-2961-42ba-90d3-b5f169a49f15@group-EA947C079E8C-LeaderElection24] INFO  impl.LeaderElection (LeaderElection.java:logAndReturn(94)) -   Response 0: 3fdd4c6e-2961-42ba-90d3-b5f169a49f15<-81de4557-c158-4718-93a8-b16ff7f8daad#0:FAIL-t2
2022-11-05 13:04:42,716 [3fdd4c6e-2961-42ba-90d3-b5f169a49f15@group-EA947C079E8C-LeaderElection24] INFO  impl.LeaderElection (LeaderElection.java:askForVotes(314)) - 3fdd4c6e-2961-42ba-90d3-b5f169a49f15@group-EA947C079E8C-LeaderElection24 ELECTION round 0: result REJECTED
2022-11-05 13:04:42,716 [3fdd4c6e-2961-42ba-90d3-b5f169a49f15@group-EA947C079E8C-LeaderElection24] INFO  server.RaftServer$Division (RaftServerImpl.java:setRole(321)) - 3fdd4c6e-2961-42ba-90d3-b5f169a49f15@group-EA947C079E8C: changes role from CANDIDATE to FOLLOWER at term 2 for REJECTED
2022-11-05 13:04:42,716 [3fdd4c6e-2961-42ba-90d3-b5f169a49f15@group-EA947C079E8C-LeaderElection24] INFO  impl.RoleInfo (RoleInfo.java:shutdownLeaderElection(130)) - 3fdd4c6e-2961-42ba-90d3-b5f169a49f15: shutdown 3fdd4c6e-2961-42ba-90d3-b5f169a49f15@group-EA947C079E8C-LeaderElection24
2022-11-05 13:04:42,716 [3fdd4c6e-2961-42ba-90d3-b5f169a49f15@group-EA947C079E8C-LeaderElection24] INFO  impl.RoleInfo (RoleInfo.java:updateAndGet(139)) - 3fdd4c6e-2961-42ba-90d3-b5f169a49f15: start 3fdd4c6e-2961-42ba-90d3-b5f169a49f15@group-EA947C079E8C-FollowerState
2022-11-05 13:04:42,721 [3fdd4c6e-2961-42ba-90d3-b5f169a49f15@group-EA947C079E8C-FollowerState] INFO  server.RaftServerConfigKeys (ConfUtils.java:logFallback(53)) - raft.server.rpc.first-election.timeout.min = 5s (fallback to raft.server.rpc.timeout.min)
2022-11-05 13:04:42,721 [3fdd4c6e-2961-42ba-90d3-b5f169a49f15@group-EA947C079E8C-FollowerState] INFO  server.RaftServerConfigKeys (ConfUtils.java:logFallback(53)) - raft.server.rpc.first-election.timeout.max = 5200ms (fallback to raft.server.rpc.timeout.max)
2022-11-05 13:04:42,725 [grpc-default-executor-5] INFO  server.RaftServer$Division (RaftServerImpl.java:requestVote(1251)) - 44bea1f4-43dd-4415-bb4e-4e9896dd68f6@group-EA947C079E8C replies to ELECTION vote request: 3fdd4c6e-2961-42ba-90d3-b5f169a49f15<-44bea1f4-43dd-4415-bb4e-4e9896dd68f6#0:OK-t2. Peer's state: 44bea1f4-43dd-4415-bb4e-4e9896dd68f6@group-EA947C079E8C:t2, leader=null, voted=3fdd4c6e-2961-42ba-90d3-b5f169a49f15, raftlog=Memoized:44bea1f4-43dd-4415-bb4e-4e9896dd68f6@group-EA947C079E8C-SegmentedRaftLog:OPENED:c-1, conf=-1: peers:[81de4557-c158-4718-93a8-b16ff7f8daad|rpc:10.1.0.157:42037|dataStream:|priority:1|startupRole:FOLLOWER, 44bea1f4-43dd-4415-bb4e-4e9896dd68f6|rpc:10.1.0.157:34265|dataStream:|priority:0|startupRole:FOLLOWER, 3fdd4c6e-2961-42ba-90d3-b5f169a49f15|rpc:10.1.0.157:38617|dataStream:|priority:0|startupRole:FOLLOWER]|listeners:[], old=null
2022-11-05 13:04:43,080 [Command processor thread] INFO  keyvalue.KeyValueContainer (KeyValueContainer.java:flushAndSyncDB(437)) - Container 1 is synced with bcsId 0.
2022-11-05 13:04:43,082 [Command processor thread] INFO  keyvalue.KeyValueContainer (KeyValueContainer.java:flushAndSyncDB(437)) - Container 1 is synced with bcsId 0.
2022-11-05 13:04:43,098 [Command processor thread] INFO  keyvalue.KeyValueContainer (KeyValueContainer.java:close(352)) - Container 1 is closed with bcsId 0.
2022-11-05 13:04:43,817 [grpc-default-executor-3] WARN  server.GrpcLogAppender (LogUtils.java:warn(122)) - 957f0a06-02fd-450d-99be-0926792af3ec@group-7D2311A86DCB->1260d27d-2afd-492e-9430-e2f349ff0f7b-AppendLogResponseHandler: Failed appendEntries: org.apache.ratis.thirdparty.io.grpc.StatusRuntimeException: UNAVAILABLE: io exception
2022-11-05 13:04:43,817 [grpc-default-executor-5] WARN  server.GrpcLogAppender (LogUtils.java:warn(122)) - 957f0a06-02fd-450d-99be-0926792af3ec@group-7D2311A86DCB->1260d27d-2afd-492e-9430-e2f349ff0f7b-AppendLogResponseHandler: Failed appendEntries: org.apache.ratis.thirdparty.io.grpc.StatusRuntimeException: UNAVAILABLE: io exception
2022-11-05 13:04:43,818 [grpc-default-executor-3] WARN  server.GrpcLogAppender (GrpcLogAppender.java:resetClient(131)) - 957f0a06-02fd-450d-99be-0926792af3ec@group-7D2311A86DCB->1260d27d-2afd-492e-9430-e2f349ff0f7b-GrpcLogAppender: Leader has not got in touch with Follower 957f0a06-02fd-450d-99be-0926792af3ec@group-7D2311A86DCB->1260d27d-2afd-492e-9430-e2f349ff0f7b(c0,m0,n1, attendVote=true, lastRpcSendTime=1251, lastRpcResponseTime=7532) yet, just keep nextIndex unchanged and retry.
2022-11-05 13:04:43,818 [grpc-default-executor-5] WARN  server.GrpcLogAppender (GrpcLogAppender.java:resetClient(131)) - 957f0a06-02fd-450d-99be-0926792af3ec@group-7D2311A86DCB->1260d27d-2afd-492e-9430-e2f349ff0f7b-GrpcLogAppender: Leader has not got in touch with Follower 957f0a06-02fd-450d-99be-0926792af3ec@group-7D2311A86DCB->1260d27d-2afd-492e-9430-e2f349ff0f7b(c0,m0,n1, attendVote=true, lastRpcSendTime=1251, lastRpcResponseTime=7532) yet, just keep nextIndex unchanged and retry.
2022-11-05 13:04:43,820 [grpc-default-executor-3] WARN  server.GrpcLogAppender (LogUtils.java:warn(122)) - 957f0a06-02fd-450d-99be-0926792af3ec@group-7D2311A86DCB->1260d27d-2afd-492e-9430-e2f349ff0f7b-AppendLogResponseHandler: Failed appendEntries: org.apache.ratis.thirdparty.io.grpc.StatusRuntimeException: UNAVAILABLE: io exception
2022-11-05 13:04:43,820 [grpc-default-executor-3] WARN  server.GrpcLogAppender (GrpcLogAppender.java:resetClient(131)) - 957f0a06-02fd-450d-99be-0926792af3ec@group-7D2311A86DCB->1260d27d-2afd-492e-9430-e2f349ff0f7b-GrpcLogAppender: Leader has not got in touch with Follower 957f0a06-02fd-450d-99be-0926792af3ec@group-7D2311A86DCB->1260d27d-2afd-492e-9430-e2f349ff0f7b(c0,m0,n1, attendVote=true, lastRpcSendTime=1, lastRpcResponseTime=7534) yet, just keep nextIndex unchanged and retry.
2022-11-05 13:04:43,822 [grpc-default-executor-5] WARN  server.GrpcLogAppender (LogUtils.java:warn(122)) - 957f0a06-02fd-450d-99be-0926792af3ec@group-7D2311A86DCB->1260d27d-2afd-492e-9430-e2f349ff0f7b-AppendLogResponseHandler: Failed appendEntries: org.apache.ratis.thirdparty.io.grpc.StatusRuntimeException: UNAVAILABLE: io exception
2022-11-05 13:04:43,822 [grpc-default-executor-5] WARN  server.GrpcLogAppender (GrpcLogAppender.java:resetClient(131)) - 957f0a06-02fd-450d-99be-0926792af3ec@group-7D2311A86DCB->1260d27d-2afd-492e-9430-e2f349ff0f7b-GrpcLogAppender: Leader has not got in touch with Follower 957f0a06-02fd-450d-99be-0926792af3ec@group-7D2311A86DCB->1260d27d-2afd-492e-9430-e2f349ff0f7b(c0,m0,n1, attendVote=true, lastRpcSendTime=4, lastRpcResponseTime=7536) yet, just keep nextIndex unchanged and retry.
2022-11-05 13:04:43,971 [EventQueue-DeadNodeForDeadNodeHandler] INFO  node.DeadNodeHandler (DeadNodeHandler.java:onMessage(81)) - A dead datanode is detected. 1260d27d-2afd-492e-9430-e2f349ff0f7b{ip: 10.1.0.157, host: fv-az83-841.uavyq1izdhte5b0ne1us2eqzhb.jx.internal.cloudapp.net, ports: [REPLICATION=45011, RATIS=38409, RATIS_ADMIN=38409, RATIS_SERVER=38409, STANDALONE=36575], networkLocation: /default-rack, certSerialId: null, persistedOpState: IN_SERVICE, persistedOpStateExpiryEpochSec: 0}
2022-11-05 13:04:43,974 [EventQueue-DeadNodeForDeadNodeHandler] INFO  pipeline.RatisPipelineProvider (RatisPipelineProvider.java:lambda$close$1(244)) - Send pipeline:PipelineID=b624d979-1294-4bfe-b12a-d8f4d0f112f8 close command to datanode 1260d27d-2afd-492e-9430-e2f349ff0f7b
2022-11-05 13:04:43,980 [EventQueue-DeadNodeForDeadNodeHandler] INFO  pipeline.RatisPipelineProvider (RatisPipelineProvider.java:lambda$close$1(244)) - Send pipeline:PipelineID=b624d979-1294-4bfe-b12a-d8f4d0f112f8 close command to datanode 8380acfc-c198-4795-aa09-3ffc033ca33b
2022-11-05 13:04:43,980 [EventQueue-DeadNodeForDeadNodeHandler] INFO  pipeline.RatisPipelineProvider (RatisPipelineProvider.java:lambda$close$1(244)) - Send pipeline:PipelineID=b624d979-1294-4bfe-b12a-d8f4d0f112f8 close command to datanode 957f0a06-02fd-450d-99be-0926792af3ec
2022-11-05 13:04:43,981 [EventQueue-DeadNodeForDeadNodeHandler] INFO  pipeline.PipelineStateManagerImpl (PipelineStateManagerImpl.java:removePipeline(245)) - Pipeline Pipeline[ Id: b624d979-1294-4bfe-b12a-d8f4d0f112f8, Nodes: 1260d27d-2afd-492e-9430-e2f349ff0f7b{ip: 10.1.0.157, host: fv-az83-841.uavyq1izdhte5b0ne1us2eqzhb.jx.internal.cloudapp.net, ports: [REPLICATION=45011, RATIS=38409, RATIS_ADMIN=38409, RATIS_SERVER=38409, STANDALONE=36575], networkLocation: /default-rack, certSerialId: null, persistedOpState: IN_SERVICE, persistedOpStateExpiryEpochSec: 0}8380acfc-c198-4795-aa09-3ffc033ca33b{ip: 10.1.0.157, host: fv-az83-841.uavyq1izdhte5b0ne1us2eqzhb.jx.internal.cloudapp.net, ports: [REPLICATION=41951, RATIS=44611, RATIS_ADMIN=44611, RATIS_SERVER=44611, STANDALONE=41175], networkLocation: /default-rack, certSerialId: null, persistedOpState: IN_SERVICE, persistedOpStateExpiryEpochSec: 0}957f0a06-02fd-450d-99be-0926792af3ec{ip: 10.1.0.157, host: fv-az83-841.uavyq1izdhte5b0ne1us2eqzhb.jx.internal.cloudapp.net, ports: [REPLICATION=41619, RATIS=39575, RATIS_ADMIN=39575, RATIS_SERVER=39575, STANDALONE=40737], networkLocation: /default-rack, certSerialId: null, persistedOpState: IN_SERVICE, persistedOpStateExpiryEpochSec: 0}, ReplicationConfig: RATIS/THREE, State:CLOSED, leaderId:, CreationTimestamp2022-11-05T13:04:28.716Z[Etc/UTC]] removed.
2022-11-05 13:04:43,981 [EventQueue-DeadNodeForDeadNodeHandler] INFO  pipeline.RatisPipelineProvider (RatisPipelineProvider.java:lambda$close$1(244)) - Send pipeline:PipelineID=f7dd3ac0-0e4e-4164-ab68-b815c51baea2 close command to datanode 1260d27d-2afd-492e-9430-e2f349ff0f7b
2022-11-05 13:04:43,981 [EventQueue-DeadNodeForDeadNodeHandler] INFO  pipeline.PipelineStateManagerImpl (PipelineStateManagerImpl.java:removePipeline(245)) - Pipeline Pipeline[ Id: f7dd3ac0-0e4e-4164-ab68-b815c51baea2, Nodes: 1260d27d-2afd-492e-9430-e2f349ff0f7b{ip: 10.1.0.157, host: fv-az83-841.uavyq1izdhte5b0ne1us2eqzhb.jx.internal.cloudapp.net, ports: [REPLICATION=45011, RATIS=38409, RATIS_ADMIN=38409, RATIS_SERVER=38409, STANDALONE=36575], networkLocation: /default-rack, certSerialId: null, persistedOpState: IN_SERVICE, persistedOpStateExpiryEpochSec: 0}, ReplicationConfig: RATIS/ONE, State:CLOSED, leaderId:1260d27d-2afd-492e-9430-e2f349ff0f7b, CreationTimestamp2022-11-05T13:04:28.715Z[Etc/UTC]] removed.
2022-11-05 13:04:43,981 [EventQueue-DeadNodeForDeadNodeHandler] INFO  pipeline.RatisPipelineProvider (RatisPipelineProvider.java:lambda$close$1(244)) - Send pipeline:PipelineID=ebb89aeb-7114-4a66-a098-7d2311a86dcb close command to datanode 8380acfc-c198-4795-aa09-3ffc033ca33b
2022-11-05 13:04:43,981 [EventQueue-DeadNodeForDeadNodeHandler] INFO  pipeline.RatisPipelineProvider (RatisPipelineProvider.java:lambda$close$1(244)) - Send pipeline:PipelineID=ebb89aeb-7114-4a66-a098-7d2311a86dcb close command to datanode 957f0a06-02fd-450d-99be-0926792af3ec
2022-11-05 13:04:43,981 [EventQueue-DeadNodeForDeadNodeHandler] INFO  pipeline.RatisPipelineProvider (RatisPipelineProvider.java:lambda$close$1(244)) - Send pipeline:PipelineID=ebb89aeb-7114-4a66-a098-7d2311a86dcb close command to datanode 1260d27d-2afd-492e-9430-e2f349ff0f7b
2022-11-05 13:04:43,982 [EventQueue-DeadNodeForDeadNodeHandler] INFO  pipeline.PipelineStateManagerImpl (PipelineStateManagerImpl.java:removePipeline(245)) - Pipeline Pipeline[ Id: ebb89aeb-7114-4a66-a098-7d2311a86dcb, Nodes: 8380acfc-c198-4795-aa09-3ffc033ca33b{ip: 10.1.0.157, host: fv-az83-841.uavyq1izdhte5b0ne1us2eqzhb.jx.internal.cloudapp.net, ports: [REPLICATION=41951, RATIS=44611, RATIS_ADMIN=44611, RATIS_SERVER=44611, STANDALONE=41175], networkLocation: /default-rack, certSerialId: null, persistedOpState: IN_SERVICE, persistedOpStateExpiryEpochSec: 0}957f0a06-02fd-450d-99be-0926792af3ec{ip: 10.1.0.157, host: fv-az83-841.uavyq1izdhte5b0ne1us2eqzhb.jx.internal.cloudapp.net, ports: [REPLICATION=41619, RATIS=39575, RATIS_ADMIN=39575, RATIS_SERVER=39575, STANDALONE=40737], networkLocation: /default-rack, certSerialId: null, persistedOpState: IN_SERVICE, persistedOpStateExpiryEpochSec: 0}1260d27d-2afd-492e-9430-e2f349ff0f7b{ip: 10.1.0.157, host: fv-az83-841.uavyq1izdhte5b0ne1us2eqzhb.jx.internal.cloudapp.net, ports: [REPLICATION=45011, RATIS=38409, RATIS_ADMIN=38409, RATIS_SERVER=38409, STANDALONE=36575], networkLocation: /default-rack, certSerialId: null, persistedOpState: IN_SERVICE, persistedOpStateExpiryEpochSec: 0}, ReplicationConfig: RATIS/THREE, State:CLOSED, leaderId:957f0a06-02fd-450d-99be-0926792af3ec, CreationTimestamp2022-11-05T13:04:28.718Z[Etc/UTC]] removed.
2022-11-05 13:04:43,982 [EventQueue-DeadNodeForDeadNodeHandler] INFO  pipeline.PipelineStateManagerImpl (PipelineStateManagerImpl.java:removePipeline(245)) - Pipeline Pipeline[ Id: 3376a47f-ef52-43b8-9127-cb93d49fa805, Nodes: 1260d27d-2afd-492e-9430-e2f349ff0f7b{ip: 10.1.0.157, host: fv-az83-841.uavyq1izdhte5b0ne1us2eqzhb.jx.internal.cloudapp.net, ports: [REPLICATION=45011, RATIS=38409, RATIS_ADMIN=38409, RATIS_SERVER=38409, STANDALONE=36575], networkLocation: /default-rack, certSerialId: null, persistedOpState: null, persistedOpStateExpiryEpochSec: 0}81de4557-c158-4718-93a8-b16ff7f8daad{ip: 10.1.0.157, host: fv-az83-841.uavyq1izdhte5b0ne1us2eqzhb.jx.internal.cloudapp.net, ports: [REPLICATION=38531, RATIS=42037, RATIS_ADMIN=42037, RATIS_SERVER=42037, STANDALONE=40833], networkLocation: /default-rack, certSerialId: null, persistedOpState: null, persistedOpStateExpiryEpochSec: 0}b385a6e1-c61e-4aaf-9536-8cc86fe51578{ip: 10.1.0.157, host: fv-az83-841.uavyq1izdhte5b0ne1us2eqzhb.jx.internal.cloudapp.net, ports: [REPLICATION=36919, RATIS=36679, RATIS_ADMIN=36679, RATIS_SERVER=36679, STANDALONE=37193], networkLocation: /default-rack, certSerialId: null, persistedOpState: null, persistedOpStateExpiryEpochSec: 0}c56757ad-2923-4297-8741-c606545d9a52{ip: 10.1.0.157, host: fv-az83-841.uavyq1izdhte5b0ne1us2eqzhb.jx.internal.cloudapp.net, ports: [REPLICATION=40585, RATIS=45683, RATIS_ADMIN=45683, RATIS_SERVER=45683, STANDALONE=39937], networkLocation: /default-rack, certSerialId: null, persistedOpState: null, persistedOpStateExpiryEpochSec: 0}8380acfc-c198-4795-aa09-3ffc033ca33b{ip: 10.1.0.157, host: fv-az83-841.uavyq1izdhte5b0ne1us2eqzhb.jx.internal.cloudapp.net, ports: [REPLICATION=41951, RATIS=44611, RATIS_ADMIN=44611, RATIS_SERVER=44611, STANDALONE=41175], networkLocation: /default-rack, certSerialId: null, persistedOpState: null, persistedOpStateExpiryEpochSec: 0}, ReplicationConfig: EC/ECReplicationConfig{data=3, parity=2, ecChunkSize=1024, codec=rs}, State:CLOSED, leaderId:, CreationTimestamp2022-11-05T13:04:37.337Z[Etc/UTC]] removed.
2022-11-05 13:04:43,987 [EventQueue-DeadNodeForDeadNodeHandler] INFO  net.NetworkTopologyImpl (NetworkTopologyImpl.java:remove(190)) - Removed a node: /default-rack/1260d27d-2afd-492e-9430-e2f349ff0f7b
2022-11-05 13:04:44,053 [Listener at 127.0.0.1/34735] INFO  replication.ReplicationManager (ReplicationManager.java:start(239)) - Starting Replication Monitor Thread.
2022-11-05 13:04:44,056 [Under Replicated Processor] INFO  replication.UnderReplicatedProcessor (UnderReplicatedProcessor.java:processAll(92)) - Processed 0 under replicated containers, failed processing 0
2022-11-05 13:04:44,058 [ReplicationMonitor] INFO  replication.ReplicationManager (ReplicationManager.java:sendCloseContainerReplicaCommand(537)) - Sending close container command for container #1 to datanode 81de4557-c158-4718-93a8-b16ff7f8daad{ip: 10.1.0.157, host: fv-az83-841.uavyq1izdhte5b0ne1us2eqzhb.jx.internal.cloudapp.net, ports: [REPLICATION=38531, RATIS=42037, RATIS_ADMIN=42037, RATIS_SERVER=42037, STANDALONE=40833], networkLocation: /default-rack, certSerialId: null, persistedOpState: IN_SERVICE, persistedOpStateExpiryEpochSec: 0}.
2022-11-05 13:04:44,059 [ReplicationMonitor] INFO  replication.ReplicationManager (ReplicationManager.java:sendCloseContainerReplicaCommand(537)) - Sending close container command for container #1 to datanode 8380acfc-c198-4795-aa09-3ffc033ca33b{ip: 10.1.0.157, host: fv-az83-841.uavyq1izdhte5b0ne1us2eqzhb.jx.internal.cloudapp.net, ports: [REPLICATION=41951, RATIS=44611, RATIS_ADMIN=44611, RATIS_SERVER=44611, STANDALONE=41175], networkLocation: /default-rack, certSerialId: null, persistedOpState: IN_SERVICE, persistedOpStateExpiryEpochSec: 0}.
2022-11-05 13:04:44,059 [ReplicationMonitor] INFO  replication.ReplicationManager (ReplicationManager.java:processAll(340)) - Replication Monitor Thread took 2 milliseconds for processing 1 containers.
2022-11-05 13:04:44,059 [Over Replicated Processor] INFO  replication.OverReplicatedProcessor (OverReplicatedProcessor.java:processAll(90)) - Processed 0 over replicated containers, failed processing 0
2022-11-05 13:04:44,075 [Command processor thread] INFO  keyvalue.KeyValueContainer (KeyValueContainer.java:flushAndSyncDB(437)) - Container 1 is synced with bcsId 0.
2022-11-05 13:04:44,077 [Command processor thread] INFO  keyvalue.KeyValueContainer (KeyValueContainer.java:flushAndSyncDB(437)) - Container 1 is synced with bcsId 0.
2022-11-05 13:04:44,093 [Command processor thread] INFO  keyvalue.KeyValueContainer (KeyValueContainer.java:close(352)) - Container 1 is closed with bcsId 0.
2022-11-05 13:04:44,143 [Command processor thread] INFO  server.RaftServer (RaftServerProxy.java:remove(107)) - 957f0a06-02fd-450d-99be-0926792af3ec: remove  FOLLOWER 957f0a06-02fd-450d-99be-0926792af3ec@group-D8F4D0F112F8:t2, leader=null, voted=957f0a06-02fd-450d-99be-0926792af3ec, raftlog=Memoized:957f0a06-02fd-450d-99be-0926792af3ec@group-D8F4D0F112F8-SegmentedRaftLog:OPENED:c-1, conf=-1: peers:[8380acfc-c198-4795-aa09-3ffc033ca33b|rpc:10.1.0.157:44611|priority:1|startupRole:FOLLOWER, 957f0a06-02fd-450d-99be-0926792af3ec|rpc:10.1.0.157:39575|priority:0|startupRole:FOLLOWER, 1260d27d-2afd-492e-9430-e2f349ff0f7b|rpc:10.1.0.157:38409|priority:0|startupRole:FOLLOWER]|listeners:[], old=null RUNNING
2022-11-05 13:04:44,144 [Command processor thread] INFO  server.RaftServer$Division (RaftServerImpl.java:lambda$close$4(458)) - 957f0a06-02fd-450d-99be-0926792af3ec@group-D8F4D0F112F8: shutdown
2022-11-05 13:04:44,144 [Command processor thread] INFO  util.JmxRegister (JmxRegister.java:unregister(73)) - Successfully un-registered JMX Bean with object name Ratis:service=RaftServer,group=group-D8F4D0F112F8,id=957f0a06-02fd-450d-99be-0926792af3ec
2022-11-05 13:04:44,144 [Command processor thread] INFO  impl.RoleInfo (RoleInfo.java:shutdownFollowerState(110)) - 957f0a06-02fd-450d-99be-0926792af3ec: shutdown 957f0a06-02fd-450d-99be-0926792af3ec@group-D8F4D0F112F8-FollowerState
2022-11-05 13:04:44,144 [Command processor thread] INFO  impl.StateMachineUpdater (StateMachineUpdater.java:stopAndJoin(153)) - 957f0a06-02fd-450d-99be-0926792af3ec@group-D8F4D0F112F8-StateMachineUpdater: set stopIndex = -1
2022-11-05 13:04:44,144 [957f0a06-02fd-450d-99be-0926792af3ec@group-D8F4D0F112F8-FollowerState] INFO  impl.FollowerState (FollowerState.java:run(152)) - 957f0a06-02fd-450d-99be-0926792af3ec@group-D8F4D0F112F8-FollowerState was interrupted
2022-11-05 13:04:44,148 [Command processor thread] INFO  server.RaftServer$Division (ServerState.java:close(466)) - 957f0a06-02fd-450d-99be-0926792af3ec@group-D8F4D0F112F8: closes. applyIndex: -1
2022-11-05 13:04:44,148 [957f0a06-02fd-450d-99be-0926792af3ec@group-D8F4D0F112F8-SegmentedRaftLogWorker] INFO  segmented.SegmentedRaftLogWorker (SegmentedRaftLogWorker.java:run(345)) - 957f0a06-02fd-450d-99be-0926792af3ec@group-D8F4D0F112F8-SegmentedRaftLogWorker was interrupted, exiting. There are 0 tasks remaining in the queue.
2022-11-05 13:04:44,148 [Command processor thread] INFO  segmented.SegmentedRaftLogWorker (SegmentedRaftLogWorker.java:close(255)) - 957f0a06-02fd-450d-99be-0926792af3ec@group-D8F4D0F112F8-SegmentedRaftLogWorker close()
2022-11-05 13:04:44,161 [Command processor thread] INFO  server.RaftServer$Division (RaftServerImpl.java:groupRemove(428)) - 957f0a06-02fd-450d-99be-0926792af3ec@group-D8F4D0F112F8: Succeed to remove RaftStorageDirectory Storage Directory /home/runner/work/ozone/ozone/hadoop-ozone/integration-test/target/test-dir/MiniOzoneClusterImpl-9e91b504-fe86-427b-a8de-b3d8b21cdaaf/datanode-3/data/ratis/b624d979-1294-4bfe-b12a-d8f4d0f112f8
2022-11-05 13:04:44,162 [Command processor thread] INFO  commandhandler.ClosePipelineCommandHandler (ClosePipelineCommandHandler.java:handle(78)) - Close Pipeline PipelineID=b624d979-1294-4bfe-b12a-d8f4d0f112f8 command on datanode 957f0a06-02fd-450d-99be-0926792af3ec.
2022-11-05 13:04:44,162 [Command processor thread] INFO  server.RaftServer (RaftServerProxy.java:remove(107)) - 957f0a06-02fd-450d-99be-0926792af3ec: remove    LEADER 957f0a06-02fd-450d-99be-0926792af3ec@group-7D2311A86DCB:t1, leader=957f0a06-02fd-450d-99be-0926792af3ec, voted=957f0a06-02fd-450d-99be-0926792af3ec, raftlog=Memoized:957f0a06-02fd-450d-99be-0926792af3ec@group-7D2311A86DCB-SegmentedRaftLog:OPENED:c0, conf=0: peers:[8380acfc-c198-4795-aa09-3ffc033ca33b|rpc:10.1.0.157:44611|dataStream:|priority:0|startupRole:FOLLOWER, 957f0a06-02fd-450d-99be-0926792af3ec|rpc:10.1.0.157:39575|dataStream:|priority:1|startupRole:FOLLOWER, 1260d27d-2afd-492e-9430-e2f349ff0f7b|rpc:10.1.0.157:38409|dataStream:|priority:0|startupRole:FOLLOWER]|listeners:[], old=null RUNNING
2022-11-05 13:04:44,162 [Command processor thread] INFO  server.RaftServer$Division (RaftServerImpl.java:lambda$close$4(458)) - 957f0a06-02fd-450d-99be-0926792af3ec@group-7D2311A86DCB: shutdown
2022-11-05 13:04:44,162 [Command processor thread] INFO  util.JmxRegister (JmxRegister.java:unregister(73)) - Successfully un-registered JMX Bean with object name Ratis:service=RaftServer,group=group-7D2311A86DCB,id=957f0a06-02fd-450d-99be-0926792af3ec
2022-11-05 13:04:44,162 [Command processor thread] INFO  impl.RoleInfo (RoleInfo.java:shutdownLeaderState(93)) - 957f0a06-02fd-450d-99be-0926792af3ec: shutdown 957f0a06-02fd-450d-99be-0926792af3ec@group-7D2311A86DCB-LeaderStateImpl
2022-11-05 13:04:44,162 [957f0a06-02fd-450d-99be-0926792af3ec@group-7D2311A86DCB->8380acfc-c198-4795-aa09-3ffc033ca33b-GrpcLogAppender-LogAppenderDaemon] WARN  server.GrpcLogAppender (GrpcLogAppender.java:mayWait(200)) - 957f0a06-02fd-450d-99be-0926792af3ec@group-7D2311A86DCB->8380acfc-c198-4795-aa09-3ffc033ca33b-GrpcLogAppender: Wait interrupted by java.lang.InterruptedException
2022-11-05 13:04:44,162 [Command processor thread] INFO  impl.PendingRequests (PendingRequests.java:sendNotLeaderResponses(282)) - 957f0a06-02fd-450d-99be-0926792af3ec@group-7D2311A86DCB-PendingRequests: sendNotLeaderResponses
2022-11-05 13:04:44,165 [Command processor thread] INFO  impl.StateMachineUpdater (StateMachineUpdater.java:stopAndJoin(153)) - 957f0a06-02fd-450d-99be-0926792af3ec@group-7D2311A86DCB-StateMachineUpdater: set stopIndex = 0
2022-11-05 13:04:44,165 [957f0a06-02fd-450d-99be-0926792af3ec@group-7D2311A86DCB-StateMachineUpdater] INFO  ratis.ContainerStateMachine (ContainerStateMachine.java:takeSnapshot(304)) - group-7D2311A86DCB: Taking a snapshot at:(t:1, i:0) file /home/runner/work/ozone/ozone/hadoop-ozone/integration-test/target/test-dir/MiniOzoneClusterImpl-9e91b504-fe86-427b-a8de-b3d8b21cdaaf/datanode-3/data/ratis/ebb89aeb-7114-4a66-a098-7d2311a86dcb/sm/snapshot.1_0
2022-11-05 13:04:44,165 [grpc-default-executor-5] INFO  server.GrpcServerProtocolService (GrpcServerProtocolService.java:onCompleted(145)) - 8380acfc-c198-4795-aa09-3ffc033ca33b: Completed APPEND_ENTRIES, lastRequest: 957f0a06-02fd-450d-99be-0926792af3ec->8380acfc-c198-4795-aa09-3ffc033ca33b#1-t1,previous=(t:0, i:0),leaderCommit=0,initializing? true,entries: size=1, first=(t:1, i:0), CONFIGURATIONENTRY(current:id: "8380acfc-c198-4795-aa09-3ffc033ca33b"
address: "10.1.0.157:44611"
clientAddress: "10.1.0.157:44611"
adminAddress: "10.1.0.157:44611"
startupRole: FOLLOWER
,id: "957f0a06-02fd-450d-99be-0926792af3ec"
address: "10.1.0.157:39575"
priority: 1
clientAddress: "10.1.0.157:39575"
adminAddress: "10.1.0.157:39575"
startupRole: FOLLOWER
,id: "1260d27d-2afd-492e-9430-e2f349ff0f7b"
address: "10.1.0.157:38409"
clientAddress: "10.1.0.157:38409"
adminAddress: "10.1.0.157:38409"
startupRole: FOLLOWER
, old:)
2022-11-05 13:04:44,165 [grpc-default-executor-3] INFO  server.GrpcServerProtocolService (GrpcServerProtocolService.java:onCompleted(145)) - 8380acfc-c198-4795-aa09-3ffc033ca33b: Completed APPEND_ENTRIES, lastRequest: null
2022-11-05 13:04:44,167 [grpc-default-executor-4] INFO  server.GrpcLogAppender (GrpcLogAppender.java:onCompleted(415)) - 957f0a06-02fd-450d-99be-0926792af3ec@group-7D2311A86DCB->8380acfc-c198-4795-aa09-3ffc033ca33b-AppendLogResponseHandler: follower responses appendEntries COMPLETED
2022-11-05 13:04:44,167 [grpc-default-executor-0] INFO  server.GrpcLogAppender (GrpcLogAppender.java:onCompleted(415)) - 957f0a06-02fd-450d-99be-0926792af3ec@group-7D2311A86DCB->8380acfc-c198-4795-aa09-3ffc033ca33b-AppendLogResponseHandler: follower responses appendEntries COMPLETED
2022-11-05 13:04:44,168 [grpc-default-executor-4] INFO  leader.FollowerInfo (FollowerInfoImpl.java:lambda$new$0(48)) - 957f0a06-02fd-450d-99be-0926792af3ec@group-7D2311A86DCB->8380acfc-c198-4795-aa09-3ffc033ca33b: nextIndex: updateUnconditionally 1 -> 0
2022-11-05 13:04:44,168 [grpc-default-executor-0] INFO  leader.FollowerInfo (FollowerInfoImpl.java:lambda$new$0(48)) - 957f0a06-02fd-450d-99be-0926792af3ec@group-7D2311A86DCB->8380acfc-c198-4795-aa09-3ffc033ca33b: nextIndex: updateUnconditionally 0 -> 0
2022-11-05 13:04:44,179 [957f0a06-02fd-450d-99be-0926792af3ec@group-7D2311A86DCB-StateMachineUpdater] INFO  ratis.ContainerStateMachine (ContainerStateMachine.java:takeSnapshot(315)) - group-7D2311A86DCB: Finished taking a snapshot at:(t:1, i:0) file:/home/runner/work/ozone/ozone/hadoop-ozone/integration-test/target/test-dir/MiniOzoneClusterImpl-9e91b504-fe86-427b-a8de-b3d8b21cdaaf/datanode-3/data/ratis/ebb89aeb-7114-4a66-a098-7d2311a86dcb/sm/snapshot.1_0 took: 13 ms
2022-11-05 13:04:44,179 [957f0a06-02fd-450d-99be-0926792af3ec@group-7D2311A86DCB-StateMachineUpdater] INFO  impl.StateMachineUpdater (StateMachineUpdater.java:takeSnapshot(287)) - 957f0a06-02fd-450d-99be-0926792af3ec@group-7D2311A86DCB-StateMachineUpdater: Took a snapshot at index 0
2022-11-05 13:04:44,179 [957f0a06-02fd-450d-99be-0926792af3ec@group-7D2311A86DCB-StateMachineUpdater] INFO  impl.StateMachineUpdater (StateMachineUpdater.java:lambda$new$0(92)) - 957f0a06-02fd-450d-99be-0926792af3ec@group-7D2311A86DCB-StateMachineUpdater: snapshotIndex: updateIncreasingly -1 -> 0
2022-11-05 13:04:44,179 [Command processor thread] INFO  server.RaftServer$Division (ServerState.java:close(466)) - 957f0a06-02fd-450d-99be-0926792af3ec@group-7D2311A86DCB: closes. applyIndex: 0
2022-11-05 13:04:44,180 [957f0a06-02fd-450d-99be-0926792af3ec@group-7D2311A86DCB-SegmentedRaftLogWorker] INFO  segmented.SegmentedRaftLogWorker (SegmentedRaftLogWorker.java:run(345)) - 957f0a06-02fd-450d-99be-0926792af3ec@group-7D2311A86DCB-SegmentedRaftLogWorker was interrupted, exiting. There are 0 tasks remaining in the queue.
2022-11-05 13:04:44,181 [Command processor thread] INFO  segmented.SegmentedRaftLogWorker (SegmentedRaftLogWorker.java:close(255)) - 957f0a06-02fd-450d-99be-0926792af3ec@group-7D2311A86DCB-SegmentedRaftLogWorker close()
2022-11-05 13:04:44,182 [Command processor thread] INFO  server.RaftServer$Division (RaftServerImpl.java:groupRemove(428)) - 957f0a06-02fd-450d-99be-0926792af3ec@group-7D2311A86DCB: Succeed to remove RaftStorageDirectory Storage Directory /home/runner/work/ozone/ozone/hadoop-ozone/integration-test/target/test-dir/MiniOzoneClusterImpl-9e91b504-fe86-427b-a8de-b3d8b21cdaaf/datanode-3/data/ratis/ebb89aeb-7114-4a66-a098-7d2311a86dcb
2022-11-05 13:04:44,182 [Command processor thread] INFO  commandhandler.ClosePipelineCommandHandler (ClosePipelineCommandHandler.java:handle(78)) - Close Pipeline PipelineID=ebb89aeb-7114-4a66-a098-7d2311a86dcb command on datanode 957f0a06-02fd-450d-99be-0926792af3ec.
2022-11-05 13:04:44,188 [Command processor thread] INFO  keyvalue.KeyValueContainer (KeyValueContainer.java:flushAndSyncDB(437)) - Container 1 is synced with bcsId 0.
2022-11-05 13:04:44,190 [Command processor thread] INFO  keyvalue.KeyValueContainer (KeyValueContainer.java:flushAndSyncDB(437)) - Container 1 is synced with bcsId 0.
2022-11-05 13:04:44,200 [Command processor thread] INFO  keyvalue.KeyValueContainer (KeyValueContainer.java:close(352)) - Container 1 is closed with bcsId 0.
2022-11-05 13:04:44,772 [c56757ad-2923-4297-8741-c606545d9a52@group-B6D24B272EC8-FollowerState] INFO  server.RaftServerConfigKeys (ConfUtils.java:logFallback(53)) - raft.server.rpc.first-election.timeout.min = 5s (fallback to raft.server.rpc.timeout.min)
2022-11-05 13:04:44,772 [c56757ad-2923-4297-8741-c606545d9a52@group-B6D24B272EC8-FollowerState] INFO  server.RaftServerConfigKeys (ConfUtils.java:logFallback(53)) - raft.server.rpc.first-election.timeout.max = 5200ms (fallback to raft.server.rpc.timeout.max)
2022-11-05 13:04:44,884 [274c4b45-19e0-452f-8d1e-585a77537937@group-B6D24B272EC8-FollowerState] INFO  impl.FollowerState (FollowerState.java:run(143)) - 274c4b45-19e0-452f-8d1e-585a77537937@group-B6D24B272EC8-FollowerState: change to CANDIDATE, lastRpcElapsedTime:5147469121ns, electionTimeout:5140ms
2022-11-05 13:04:44,884 [274c4b45-19e0-452f-8d1e-585a77537937@group-B6D24B272EC8-FollowerState] INFO  impl.RoleInfo (RoleInfo.java:shutdownFollowerState(110)) - 274c4b45-19e0-452f-8d1e-585a77537937: shutdown 274c4b45-19e0-452f-8d1e-585a77537937@group-B6D24B272EC8-FollowerState
2022-11-05 13:04:44,884 [274c4b45-19e0-452f-8d1e-585a77537937@group-B6D24B272EC8-FollowerState] INFO  server.RaftServer$Division (RaftServerImpl.java:setRole(321)) - 274c4b45-19e0-452f-8d1e-585a77537937@group-B6D24B272EC8: changes role from  FOLLOWER to CANDIDATE at term 2 for changeToCandidate
2022-11-05 13:04:44,884 [274c4b45-19e0-452f-8d1e-585a77537937@group-B6D24B272EC8-FollowerState] INFO  server.RaftServerConfigKeys (ConfUtils.java:logGet(46)) - raft.server.leaderelection.pre-vote = false (custom)
2022-11-05 13:04:44,884 [274c4b45-19e0-452f-8d1e-585a77537937@group-B6D24B272EC8-FollowerState] INFO  impl.RoleInfo (RoleInfo.java:updateAndGet(139)) - 274c4b45-19e0-452f-8d1e-585a77537937: start 274c4b45-19e0-452f-8d1e-585a77537937@group-B6D24B272EC8-LeaderElection25
2022-11-05 13:04:44,894 [274c4b45-19e0-452f-8d1e-585a77537937@group-B6D24B272EC8-LeaderElection25] INFO  impl.LeaderElection (LeaderElection.java:askForVotes(312)) - 274c4b45-19e0-452f-8d1e-585a77537937@group-B6D24B272EC8-LeaderElection25 ELECTION round 0: submit vote requests at term 3 for -1: peers:[274c4b45-19e0-452f-8d1e-585a77537937|rpc:10.1.0.157:40915|priority:0|startupRole:FOLLOWER, 97cc06fc-4025-4c76-bebd-c1d7b79fe413|rpc:10.1.0.157:40151|priority:1|startupRole:FOLLOWER, c56757ad-2923-4297-8741-c606545d9a52|rpc:10.1.0.157:45683|priority:0|startupRole:FOLLOWER]|listeners:[], old=null
2022-11-05 13:04:44,894 [274c4b45-19e0-452f-8d1e-585a77537937@group-B6D24B272EC8-LeaderElection25] INFO  server.RaftServerConfigKeys (ConfUtils.java:logFallback(53)) - raft.server.rpc.first-election.timeout.min = 5s (fallback to raft.server.rpc.timeout.min)
2022-11-05 13:04:44,894 [274c4b45-19e0-452f-8d1e-585a77537937@group-B6D24B272EC8-LeaderElection25] INFO  server.RaftServerConfigKeys (ConfUtils.java:logFallback(53)) - raft.server.rpc.first-election.timeout.max = 5200ms (fallback to raft.server.rpc.timeout.max)
2022-11-05 13:04:44,896 [grpc-default-executor-0] INFO  server.RaftServer$Division (RaftServerImpl.java:requestVote(1218)) - 97cc06fc-4025-4c76-bebd-c1d7b79fe413@group-B6D24B272EC8: receive requestVote(ELECTION, 274c4b45-19e0-452f-8d1e-585a77537937, group-B6D24B272EC8, 3, (t:0, i:0))
2022-11-05 13:04:44,897 [grpc-default-executor-0] INFO  impl.VoteContext (VoteContext.java:log(48)) - 97cc06fc-4025-4c76-bebd-c1d7b79fe413@group-B6D24B272EC8-FOLLOWER: reject ELECTION from 274c4b45-19e0-452f-8d1e-585a77537937: our priority 1 > candidate's priority 0
2022-11-05 13:04:44,897 [grpc-default-executor-0] INFO  server.RaftServer$Division (RaftServerImpl.java:setRole(321)) - 97cc06fc-4025-4c76-bebd-c1d7b79fe413@group-B6D24B272EC8: changes role from  FOLLOWER to FOLLOWER at term 3 for candidate:274c4b45-19e0-452f-8d1e-585a77537937
2022-11-05 13:04:44,897 [grpc-default-executor-0] INFO  impl.RoleInfo (RoleInfo.java:shutdownFollowerState(110)) - 97cc06fc-4025-4c76-bebd-c1d7b79fe413: shutdown 97cc06fc-4025-4c76-bebd-c1d7b79fe413@group-B6D24B272EC8-FollowerState
2022-11-05 13:04:44,897 [grpc-default-executor-0] INFO  impl.RoleInfo (RoleInfo.java:updateAndGet(139)) - 97cc06fc-4025-4c76-bebd-c1d7b79fe413: start 97cc06fc-4025-4c76-bebd-c1d7b79fe413@group-B6D24B272EC8-FollowerState
2022-11-05 13:04:44,898 [97cc06fc-4025-4c76-bebd-c1d7b79fe413@group-B6D24B272EC8-FollowerState] INFO  impl.FollowerState (FollowerState.java:run(152)) - 97cc06fc-4025-4c76-bebd-c1d7b79fe413@group-B6D24B272EC8-FollowerState was interrupted
2022-11-05 13:04:44,898 [97cc06fc-4025-4c76-bebd-c1d7b79fe413@group-B6D24B272EC8-FollowerState] INFO  server.RaftServerConfigKeys (ConfUtils.java:logFallback(53)) - raft.server.rpc.first-election.timeout.min = 5s (fallback to raft.server.rpc.timeout.min)
2022-11-05 13:04:44,899 [97cc06fc-4025-4c76-bebd-c1d7b79fe413@group-B6D24B272EC8-FollowerState] INFO  server.RaftServerConfigKeys (ConfUtils.java:logFallback(53)) - raft.server.rpc.first-election.timeout.max = 5200ms (fallback to raft.server.rpc.timeout.max)
2022-11-05 13:04:44,901 [grpc-default-executor-5] INFO  server.RaftServer$Division (RaftServerImpl.java:requestVote(1218)) - c56757ad-2923-4297-8741-c606545d9a52@group-B6D24B272EC8: receive requestVote(ELECTION, 274c4b45-19e0-452f-8d1e-585a77537937, group-B6D24B272EC8, 3, (t:0, i:0))
2022-11-05 13:04:44,901 [grpc-default-executor-5] INFO  impl.VoteContext (VoteContext.java:log(48)) - c56757ad-2923-4297-8741-c606545d9a52@group-B6D24B272EC8-FOLLOWER: accept ELECTION from 274c4b45-19e0-452f-8d1e-585a77537937: our priority 0 <= candidate's priority 0
2022-11-05 13:04:44,901 [grpc-default-executor-5] INFO  server.RaftServer$Division (RaftServerImpl.java:setRole(321)) - c56757ad-2923-4297-8741-c606545d9a52@group-B6D24B272EC8: changes role from  FOLLOWER to FOLLOWER at term 3 for candidate:274c4b45-19e0-452f-8d1e-585a77537937
2022-11-05 13:04:44,901 [grpc-default-executor-5] INFO  impl.RoleInfo (RoleInfo.java:shutdownFollowerState(110)) - c56757ad-2923-4297-8741-c606545d9a52: shutdown c56757ad-2923-4297-8741-c606545d9a52@group-B6D24B272EC8-FollowerState
2022-11-05 13:04:44,901 [grpc-default-executor-5] INFO  impl.RoleInfo (RoleInfo.java:updateAndGet(139)) - c56757ad-2923-4297-8741-c606545d9a52: start c56757ad-2923-4297-8741-c606545d9a52@group-B6D24B272EC8-FollowerState
2022-11-05 13:04:44,901 [c56757ad-2923-4297-8741-c606545d9a52@group-B6D24B272EC8-FollowerState] INFO  impl.FollowerState (FollowerState.java:run(152)) - c56757ad-2923-4297-8741-c606545d9a52@group-B6D24B272EC8-FollowerState was interrupted
2022-11-05 13:04:44,903 [c56757ad-2923-4297-8741-c606545d9a52@group-B6D24B272EC8-FollowerState] INFO  server.RaftServerConfigKeys (ConfUtils.java:logFallback(53)) - raft.server.rpc.first-election.timeout.min = 5s (fallback to raft.server.rpc.timeout.min)
2022-11-05 13:04:44,904 [c56757ad-2923-4297-8741-c606545d9a52@group-B6D24B272EC8-FollowerState] INFO  server.RaftServerConfigKeys (ConfUtils.java:logFallback(53)) - raft.server.rpc.first-election.timeout.max = 5200ms (fallback to raft.server.rpc.timeout.max)
2022-11-05 13:04:44,907 [grpc-default-executor-0] INFO  server.RaftServer$Division (RaftServerImpl.java:requestVote(1251)) - 97cc06fc-4025-4c76-bebd-c1d7b79fe413@group-B6D24B272EC8 replies to ELECTION vote request: 274c4b45-19e0-452f-8d1e-585a77537937<-97cc06fc-4025-4c76-bebd-c1d7b79fe413#0:FAIL-t3. Peer's state: 97cc06fc-4025-4c76-bebd-c1d7b79fe413@group-B6D24B272EC8:t3, leader=null, voted=null, raftlog=Memoized:97cc06fc-4025-4c76-bebd-c1d7b79fe413@group-B6D24B272EC8-SegmentedRaftLog:OPENED:c-1, conf=-1: peers:[274c4b45-19e0-452f-8d1e-585a77537937|rpc:10.1.0.157:40915|priority:0|startupRole:FOLLOWER, 97cc06fc-4025-4c76-bebd-c1d7b79fe413|rpc:10.1.0.157:40151|priority:1|startupRole:FOLLOWER, c56757ad-2923-4297-8741-c606545d9a52|rpc:10.1.0.157:45683|priority:0|startupRole:FOLLOWER]|listeners:[], old=null
2022-11-05 13:04:44,909 [274c4b45-19e0-452f-8d1e-585a77537937@group-B6D24B272EC8-LeaderElection25] INFO  impl.LeaderElection (LeaderElection.java:logAndReturn(90)) - 274c4b45-19e0-452f-8d1e-585a77537937@group-B6D24B272EC8-LeaderElection25: ELECTION REJECTED received 1 response(s) and 0 exception(s):
2022-11-05 13:04:44,910 [274c4b45-19e0-452f-8d1e-585a77537937@group-B6D24B272EC8-LeaderElection25] INFO  impl.LeaderElection (LeaderElection.java:logAndReturn(94)) -   Response 0: 274c4b45-19e0-452f-8d1e-585a77537937<-97cc06fc-4025-4c76-bebd-c1d7b79fe413#0:FAIL-t3
2022-11-05 13:04:44,910 [274c4b45-19e0-452f-8d1e-585a77537937@group-B6D24B272EC8-LeaderElection25] INFO  impl.LeaderElection (LeaderElection.java:askForVotes(314)) - 274c4b45-19e0-452f-8d1e-585a77537937@group-B6D24B272EC8-LeaderElection25 ELECTION round 0: result REJECTED
2022-11-05 13:04:44,910 [274c4b45-19e0-452f-8d1e-585a77537937@group-B6D24B272EC8-LeaderElection25] INFO  server.RaftServer$Division (RaftServerImpl.java:setRole(321)) - 274c4b45-19e0-452f-8d1e-585a77537937@group-B6D24B272EC8: changes role from CANDIDATE to FOLLOWER at term 3 for REJECTED
2022-11-05 13:04:44,910 [274c4b45-19e0-452f-8d1e-585a77537937@group-B6D24B272EC8-LeaderElection25] INFO  impl.RoleInfo (RoleInfo.java:shutdownLeaderElection(130)) - 274c4b45-19e0-452f-8d1e-585a77537937: shutdown 274c4b45-19e0-452f-8d1e-585a77537937@group-B6D24B272EC8-LeaderElection25
2022-11-05 13:04:44,910 [274c4b45-19e0-452f-8d1e-585a77537937@group-B6D24B272EC8-LeaderElection25] INFO  impl.RoleInfo (RoleInfo.java:updateAndGet(139)) - 274c4b45-19e0-452f-8d1e-585a77537937: start 274c4b45-19e0-452f-8d1e-585a77537937@group-B6D24B272EC8-FollowerState
2022-11-05 13:04:44,910 [274c4b45-19e0-452f-8d1e-585a77537937@group-B6D24B272EC8-FollowerState] INFO  server.RaftServerConfigKeys (ConfUtils.java:logFallback(53)) - raft.server.rpc.first-election.timeout.min = 5s (fallback to raft.server.rpc.timeout.min)
2022-11-05 13:04:44,910 [274c4b45-19e0-452f-8d1e-585a77537937@group-B6D24B272EC8-FollowerState] INFO  server.RaftServerConfigKeys (ConfUtils.java:logFallback(53)) - raft.server.rpc.first-election.timeout.max = 5200ms (fallback to raft.server.rpc.timeout.max)
2022-11-05 13:04:44,917 [grpc-default-executor-5] INFO  server.RaftServer$Division (RaftServerImpl.java:requestVote(1251)) - c56757ad-2923-4297-8741-c606545d9a52@group-B6D24B272EC8 replies to ELECTION vote request: 274c4b45-19e0-452f-8d1e-585a77537937<-c56757ad-2923-4297-8741-c606545d9a52#0:OK-t3. Peer's state: c56757ad-2923-4297-8741-c606545d9a52@group-B6D24B272EC8:t3, leader=null, voted=274c4b45-19e0-452f-8d1e-585a77537937, raftlog=Memoized:c56757ad-2923-4297-8741-c606545d9a52@group-B6D24B272EC8-SegmentedRaftLog:OPENED:c-1, conf=-1: peers:[274c4b45-19e0-452f-8d1e-585a77537937|rpc:10.1.0.157:40915|dataStream:|priority:0|startupRole:FOLLOWER, 97cc06fc-4025-4c76-bebd-c1d7b79fe413|rpc:10.1.0.157:40151|dataStream:|priority:1|startupRole:FOLLOWER, c56757ad-2923-4297-8741-c606545d9a52|rpc:10.1.0.157:45683|dataStream:|priority:0|startupRole:FOLLOWER]|listeners:[], old=null
2022-11-05 13:04:46,201 [Command processor thread] INFO  server.RaftServer (RaftServerProxy.java:remove(107)) - 8380acfc-c198-4795-aa09-3ffc033ca33b: remove  FOLLOWER 8380acfc-c198-4795-aa09-3ffc033ca33b@group-D8F4D0F112F8:t2, leader=null, voted=8380acfc-c198-4795-aa09-3ffc033ca33b, raftlog=Memoized:8380acfc-c198-4795-aa09-3ffc033ca33b@group-D8F4D0F112F8-SegmentedRaftLog:OPENED:c-1, conf=-1: peers:[8380acfc-c198-4795-aa09-3ffc033ca33b|rpc:10.1.0.157:44611|dataStream:|priority:1|startupRole:FOLLOWER, 957f0a06-02fd-450d-99be-0926792af3ec|rpc:10.1.0.157:39575|dataStream:|priority:0|startupRole:FOLLOWER, 1260d27d-2afd-492e-9430-e2f349ff0f7b|rpc:10.1.0.157:38409|dataStream:|priority:0|startupRole:FOLLOWER]|listeners:[], old=null RUNNING
2022-11-05 13:04:46,201 [Command processor thread] INFO  server.RaftServer$Division (RaftServerImpl.java:lambda$close$4(458)) - 8380acfc-c198-4795-aa09-3ffc033ca33b@group-D8F4D0F112F8: shutdown
2022-11-05 13:04:46,201 [Command processor thread] INFO  util.JmxRegister (JmxRegister.java:unregister(73)) - Successfully un-registered JMX Bean with object name Ratis:service=RaftServer,group=group-D8F4D0F112F8,id=8380acfc-c198-4795-aa09-3ffc033ca33b
2022-11-05 13:04:46,201 [Command processor thread] INFO  impl.RoleInfo (RoleInfo.java:shutdownFollowerState(110)) - 8380acfc-c198-4795-aa09-3ffc033ca33b: shutdown 8380acfc-c198-4795-aa09-3ffc033ca33b@group-D8F4D0F112F8-FollowerState
2022-11-05 13:04:46,202 [Command processor thread] INFO  impl.StateMachineUpdater (StateMachineUpdater.java:stopAndJoin(153)) - 8380acfc-c198-4795-aa09-3ffc033ca33b@group-D8F4D0F112F8-StateMachineUpdater: set stopIndex = -1
2022-11-05 13:04:46,202 [8380acfc-c198-4795-aa09-3ffc033ca33b@group-D8F4D0F112F8-FollowerState] INFO  impl.FollowerState (FollowerState.java:run(152)) - 8380acfc-c198-4795-aa09-3ffc033ca33b@group-D8F4D0F112F8-FollowerState was interrupted
2022-11-05 13:04:46,203 [Command processor thread] INFO  server.RaftServer$Division (ServerState.java:close(466)) - 8380acfc-c198-4795-aa09-3ffc033ca33b@group-D8F4D0F112F8: closes. applyIndex: -1
2022-11-05 13:04:46,204 [8380acfc-c198-4795-aa09-3ffc033ca33b@group-D8F4D0F112F8-SegmentedRaftLogWorker] INFO  segmented.SegmentedRaftLogWorker (SegmentedRaftLogWorker.java:run(345)) - 8380acfc-c198-4795-aa09-3ffc033ca33b@group-D8F4D0F112F8-SegmentedRaftLogWorker was interrupted, exiting. There are 0 tasks remaining in the queue.
2022-11-05 13:04:46,204 [Command processor thread] INFO  segmented.SegmentedRaftLogWorker (SegmentedRaftLogWorker.java:close(255)) - 8380acfc-c198-4795-aa09-3ffc033ca33b@group-D8F4D0F112F8-SegmentedRaftLogWorker close()
2022-11-05 13:04:46,206 [Command processor thread] INFO  server.RaftServer$Division (RaftServerImpl.java:groupRemove(428)) - 8380acfc-c198-4795-aa09-3ffc033ca33b@group-D8F4D0F112F8: Succeed to remove RaftStorageDirectory Storage Directory /home/runner/work/ozone/ozone/hadoop-ozone/integration-test/target/test-dir/MiniOzoneClusterImpl-9e91b504-fe86-427b-a8de-b3d8b21cdaaf/datanode-4/data/ratis/b624d979-1294-4bfe-b12a-d8f4d0f112f8
2022-11-05 13:04:46,206 [Command processor thread] INFO  commandhandler.ClosePipelineCommandHandler (ClosePipelineCommandHandler.java:handle(78)) - Close Pipeline PipelineID=b624d979-1294-4bfe-b12a-d8f4d0f112f8 command on datanode 8380acfc-c198-4795-aa09-3ffc033ca33b.
2022-11-05 13:04:46,207 [Command processor thread] INFO  server.RaftServer (RaftServerProxy.java:remove(107)) - 8380acfc-c198-4795-aa09-3ffc033ca33b: remove  FOLLOWER 8380acfc-c198-4795-aa09-3ffc033ca33b@group-7D2311A86DCB:t1, leader=957f0a06-02fd-450d-99be-0926792af3ec, voted=957f0a06-02fd-450d-99be-0926792af3ec, raftlog=Memoized:8380acfc-c198-4795-aa09-3ffc033ca33b@group-7D2311A86DCB-SegmentedRaftLog:OPENED:c0, conf=0: peers:[8380acfc-c198-4795-aa09-3ffc033ca33b|rpc:10.1.0.157:44611|dataStream:|priority:0|startupRole:FOLLOWER, 957f0a06-02fd-450d-99be-0926792af3ec|rpc:10.1.0.157:39575|dataStream:|priority:1|startupRole:FOLLOWER, 1260d27d-2afd-492e-9430-e2f349ff0f7b|rpc:10.1.0.157:38409|dataStream:|priority:0|startupRole:FOLLOWER]|listeners:[], old=null RUNNING
2022-11-05 13:04:46,207 [Command processor thread] INFO  server.RaftServer$Division (RaftServerImpl.java:lambda$close$4(458)) - 8380acfc-c198-4795-aa09-3ffc033ca33b@group-7D2311A86DCB: shutdown
2022-11-05 13:04:46,207 [Command processor thread] INFO  util.JmxRegister (JmxRegister.java:unregister(73)) - Successfully un-registered JMX Bean with object name Ratis:service=RaftServer,group=group-7D2311A86DCB,id=8380acfc-c198-4795-aa09-3ffc033ca33b
2022-11-05 13:04:46,207 [Command processor thread] INFO  impl.RoleInfo (RoleInfo.java:shutdownFollowerState(110)) - 8380acfc-c198-4795-aa09-3ffc033ca33b: shutdown 8380acfc-c198-4795-aa09-3ffc033ca33b@group-7D2311A86DCB-FollowerState
2022-11-05 13:04:46,207 [Command processor thread] INFO  impl.StateMachineUpdater (StateMachineUpdater.java:stopAndJoin(153)) - 8380acfc-c198-4795-aa09-3ffc033ca33b@group-7D2311A86DCB-StateMachineUpdater: set stopIndex = 0
2022-11-05 13:04:46,207 [8380acfc-c198-4795-aa09-3ffc033ca33b@group-7D2311A86DCB-FollowerState] INFO  impl.FollowerState (FollowerState.java:run(152)) - 8380acfc-c198-4795-aa09-3ffc033ca33b@group-7D2311A86DCB-FollowerState was interrupted
2022-11-05 13:04:46,208 [8380acfc-c198-4795-aa09-3ffc033ca33b@group-7D2311A86DCB-StateMachineUpdater] INFO  ratis.ContainerStateMachine (ContainerStateMachine.java:takeSnapshot(304)) - group-7D2311A86DCB: Taking a snapshot at:(t:1, i:0) file /home/runner/work/ozone/ozone/hadoop-ozone/integration-test/target/test-dir/MiniOzoneClusterImpl-9e91b504-fe86-427b-a8de-b3d8b21cdaaf/datanode-4/data/ratis/ebb89aeb-7114-4a66-a098-7d2311a86dcb/sm/snapshot.1_0
2022-11-05 13:04:46,218 [8380acfc-c198-4795-aa09-3ffc033ca33b@group-7D2311A86DCB-StateMachineUpdater] INFO  ratis.ContainerStateMachine (ContainerStateMachine.java:takeSnapshot(315)) - group-7D2311A86DCB: Finished taking a snapshot at:(t:1, i:0) file:/home/runner/work/ozone/ozone/hadoop-ozone/integration-test/target/test-dir/MiniOzoneClusterImpl-9e91b504-fe86-427b-a8de-b3d8b21cdaaf/datanode-4/data/ratis/ebb89aeb-7114-4a66-a098-7d2311a86dcb/sm/snapshot.1_0 took: 11 ms
2022-11-05 13:04:46,219 [8380acfc-c198-4795-aa09-3ffc033ca33b@group-7D2311A86DCB-StateMachineUpdater] INFO  impl.StateMachineUpdater (StateMachineUpdater.java:takeSnapshot(287)) - 8380acfc-c198-4795-aa09-3ffc033ca33b@group-7D2311A86DCB-StateMachineUpdater: Took a snapshot at index 0
2022-11-05 13:04:46,219 [8380acfc-c198-4795-aa09-3ffc033ca33b@group-7D2311A86DCB-StateMachineUpdater] INFO  impl.StateMachineUpdater (StateMachineUpdater.java:lambda$new$0(92)) - 8380acfc-c198-4795-aa09-3ffc033ca33b@group-7D2311A86DCB-StateMachineUpdater: snapshotIndex: updateIncreasingly -1 -> 0
2022-11-05 13:04:46,221 [Command processor thread] INFO  server.RaftServer$Division (ServerState.java:close(466)) - 8380acfc-c198-4795-aa09-3ffc033ca33b@group-7D2311A86DCB: closes. applyIndex: 0
2022-11-05 13:04:46,221 [8380acfc-c198-4795-aa09-3ffc033ca33b@group-7D2311A86DCB-SegmentedRaftLogWorker] INFO  segmented.SegmentedRaftLogWorker (SegmentedRaftLogWorker.java:run(345)) - 8380acfc-c198-4795-aa09-3ffc033ca33b@group-7D2311A86DCB-SegmentedRaftLogWorker was interrupted, exiting. There are 0 tasks remaining in the queue.
2022-11-05 13:04:46,222 [Command processor thread] INFO  segmented.SegmentedRaftLogWorker (SegmentedRaftLogWorker.java:close(255)) - 8380acfc-c198-4795-aa09-3ffc033ca33b@group-7D2311A86DCB-SegmentedRaftLogWorker close()
2022-11-05 13:04:46,224 [Command processor thread] INFO  server.RaftServer$Division (RaftServerImpl.java:groupRemove(428)) - 8380acfc-c198-4795-aa09-3ffc033ca33b@group-7D2311A86DCB: Succeed to remove RaftStorageDirectory Storage Directory /home/runner/work/ozone/ozone/hadoop-ozone/integration-test/target/test-dir/MiniOzoneClusterImpl-9e91b504-fe86-427b-a8de-b3d8b21cdaaf/datanode-4/data/ratis/ebb89aeb-7114-4a66-a098-7d2311a86dcb
2022-11-05 13:04:46,224 [Command processor thread] INFO  commandhandler.ClosePipelineCommandHandler (ClosePipelineCommandHandler.java:handle(78)) - Close Pipeline PipelineID=ebb89aeb-7114-4a66-a098-7d2311a86dcb command on datanode 8380acfc-c198-4795-aa09-3ffc033ca33b.
2022-11-05 13:04:47,716 [44bea1f4-43dd-4415-bb4e-4e9896dd68f6@group-EA947C079E8C-FollowerState] INFO  server.RaftServerConfigKeys (ConfUtils.java:logFallback(53)) - raft.server.rpc.first-election.timeout.min = 5s (fallback to raft.server.rpc.timeout.min)
2022-11-05 13:04:47,716 [44bea1f4-43dd-4415-bb4e-4e9896dd68f6@group-EA947C079E8C-FollowerState] INFO  server.RaftServerConfigKeys (ConfUtils.java:logFallback(53)) - raft.server.rpc.first-election.timeout.max = 5200ms (fallback to raft.server.rpc.timeout.max)
2022-11-05 13:04:47,759 [3fdd4c6e-2961-42ba-90d3-b5f169a49f15@group-EA947C079E8C-FollowerState] INFO  impl.FollowerState (FollowerState.java:run(143)) - 3fdd4c6e-2961-42ba-90d3-b5f169a49f15@group-EA947C079E8C-FollowerState: change to CANDIDATE, lastRpcElapsedTime:5043346836ns, electionTimeout:5038ms
2022-11-05 13:04:47,759 [3fdd4c6e-2961-42ba-90d3-b5f169a49f15@group-EA947C079E8C-FollowerState] INFO  impl.RoleInfo (RoleInfo.java:shutdownFollowerState(110)) - 3fdd4c6e-2961-42ba-90d3-b5f169a49f15: shutdown 3fdd4c6e-2961-42ba-90d3-b5f169a49f15@group-EA947C079E8C-FollowerState
2022-11-05 13:04:47,759 [3fdd4c6e-2961-42ba-90d3-b5f169a49f15@group-EA947C079E8C-FollowerState] INFO  server.RaftServer$Division (RaftServerImpl.java:setRole(321)) - 3fdd4c6e-2961-42ba-90d3-b5f169a49f15@group-EA947C079E8C: changes role from  FOLLOWER to CANDIDATE at term 2 for changeToCandidate
2022-11-05 13:04:47,760 [3fdd4c6e-2961-42ba-90d3-b5f169a49f15@group-EA947C079E8C-FollowerState] INFO  server.RaftServerConfigKeys (ConfUtils.java:logGet(46)) - raft.server.leaderelection.pre-vote = false (custom)
2022-11-05 13:04:47,760 [3fdd4c6e-2961-42ba-90d3-b5f169a49f15@group-EA947C079E8C-FollowerState] INFO  impl.RoleInfo (RoleInfo.java:updateAndGet(139)) - 3fdd4c6e-2961-42ba-90d3-b5f169a49f15: start 3fdd4c6e-2961-42ba-90d3-b5f169a49f15@group-EA947C079E8C-LeaderElection26
2022-11-05 13:04:47,778 [3fdd4c6e-2961-42ba-90d3-b5f169a49f15@group-EA947C079E8C-LeaderElection26] INFO  impl.LeaderElection (LeaderElection.java:askForVotes(312)) - 3fdd4c6e-2961-42ba-90d3-b5f169a49f15@group-EA947C079E8C-LeaderElection26 ELECTION round 0: submit vote requests at term 3 for -1: peers:[81de4557-c158-4718-93a8-b16ff7f8daad|rpc:10.1.0.157:42037|priority:1|startupRole:FOLLOWER, 44bea1f4-43dd-4415-bb4e-4e9896dd68f6|rpc:10.1.0.157:34265|priority:0|startupRole:FOLLOWER, 3fdd4c6e-2961-42ba-90d3-b5f169a49f15|rpc:10.1.0.157:38617|priority:0|startupRole:FOLLOWER]|listeners:[], old=null
2022-11-05 13:04:47,779 [3fdd4c6e-2961-42ba-90d3-b5f169a49f15@group-EA947C079E8C-LeaderElection26] INFO  server.RaftServerConfigKeys (ConfUtils.java:logFallback(53)) - raft.server.rpc.first-election.timeout.min = 5s (fallback to raft.server.rpc.timeout.min)
2022-11-05 13:04:47,779 [3fdd4c6e-2961-42ba-90d3-b5f169a49f15@group-EA947C079E8C-LeaderElection26] INFO  server.RaftServerConfigKeys (ConfUtils.java:logFallback(53)) - raft.server.rpc.first-election.timeout.max = 5200ms (fallback to raft.server.rpc.timeout.max)
2022-11-05 13:04:47,782 [grpc-default-executor-5] INFO  server.RaftServer$Division (RaftServerImpl.java:requestVote(1218)) - 81de4557-c158-4718-93a8-b16ff7f8daad@group-EA947C079E8C: receive requestVote(ELECTION, 3fdd4c6e-2961-42ba-90d3-b5f169a49f15, group-EA947C079E8C, 3, (t:0, i:0))
2022-11-05 13:04:47,784 [grpc-default-executor-5] INFO  impl.VoteContext (VoteContext.java:log(48)) - 81de4557-c158-4718-93a8-b16ff7f8daad@group-EA947C079E8C-FOLLOWER: reject ELECTION from 3fdd4c6e-2961-42ba-90d3-b5f169a49f15: our priority 1 > candidate's priority 0
2022-11-05 13:04:47,784 [grpc-default-executor-5] INFO  server.RaftServer$Division (RaftServerImpl.java:setRole(321)) - 81de4557-c158-4718-93a8-b16ff7f8daad@group-EA947C079E8C: changes role from  FOLLOWER to FOLLOWER at term 3 for candidate:3fdd4c6e-2961-42ba-90d3-b5f169a49f15
2022-11-05 13:04:47,784 [grpc-default-executor-5] INFO  impl.RoleInfo (RoleInfo.java:shutdownFollowerState(110)) - 81de4557-c158-4718-93a8-b16ff7f8daad: shutdown 81de4557-c158-4718-93a8-b16ff7f8daad@group-EA947C079E8C-FollowerState
2022-11-05 13:04:47,784 [grpc-default-executor-5] INFO  impl.RoleInfo (RoleInfo.java:updateAndGet(139)) - 81de4557-c158-4718-93a8-b16ff7f8daad: start 81de4557-c158-4718-93a8-b16ff7f8daad@group-EA947C079E8C-FollowerState
2022-11-05 13:04:47,784 [81de4557-c158-4718-93a8-b16ff7f8daad@group-EA947C079E8C-FollowerState] INFO  impl.FollowerState (FollowerState.java:run(152)) - 81de4557-c158-4718-93a8-b16ff7f8daad@group-EA947C079E8C-FollowerState was interrupted
2022-11-05 13:04:47,786 [grpc-default-executor-0] INFO  server.RaftServer$Division (RaftServerImpl.java:requestVote(1218)) - 44bea1f4-43dd-4415-bb4e-4e9896dd68f6@group-EA947C079E8C: receive requestVote(ELECTION, 3fdd4c6e-2961-42ba-90d3-b5f169a49f15, group-EA947C079E8C, 3, (t:0, i:0))
2022-11-05 13:04:47,786 [grpc-default-executor-0] INFO  impl.VoteContext (VoteContext.java:log(48)) - 44bea1f4-43dd-4415-bb4e-4e9896dd68f6@group-EA947C079E8C-FOLLOWER: accept ELECTION from 3fdd4c6e-2961-42ba-90d3-b5f169a49f15: our priority 0 <= candidate's priority 0
2022-11-05 13:04:47,786 [grpc-default-executor-0] INFO  server.RaftServer$Division (RaftServerImpl.java:setRole(321)) - 44bea1f4-43dd-4415-bb4e-4e9896dd68f6@group-EA947C079E8C: changes role from  FOLLOWER to FOLLOWER at term 3 for candidate:3fdd4c6e-2961-42ba-90d3-b5f169a49f15
2022-11-05 13:04:47,786 [grpc-default-executor-0] INFO  impl.RoleInfo (RoleInfo.java:shutdownFollowerState(110)) - 44bea1f4-43dd-4415-bb4e-4e9896dd68f6: shutdown 44bea1f4-43dd-4415-bb4e-4e9896dd68f6@group-EA947C079E8C-FollowerState
2022-11-05 13:04:47,786 [grpc-default-executor-0] INFO  impl.RoleInfo (RoleInfo.java:updateAndGet(139)) - 44bea1f4-43dd-4415-bb4e-4e9896dd68f6: start 44bea1f4-43dd-4415-bb4e-4e9896dd68f6@group-EA947C079E8C-FollowerState
2022-11-05 13:04:47,786 [44bea1f4-43dd-4415-bb4e-4e9896dd68f6@group-EA947C079E8C-FollowerState] INFO  impl.FollowerState (FollowerState.java:run(152)) - 44bea1f4-43dd-4415-bb4e-4e9896dd68f6@group-EA947C079E8C-FollowerState was interrupted
2022-11-05 13:04:47,787 [44bea1f4-43dd-4415-bb4e-4e9896dd68f6@group-EA947C079E8C-FollowerState] INFO  server.RaftServerConfigKeys (ConfUtils.java:logFallback(53)) - raft.server.rpc.first-election.timeout.min = 5s (fallback to raft.server.rpc.timeout.min)
2022-11-05 13:04:47,795 [81de4557-c158-4718-93a8-b16ff7f8daad@group-EA947C079E8C-FollowerState] INFO  server.RaftServerConfigKeys (ConfUtils.java:logFallback(53)) - raft.server.rpc.first-election.timeout.min = 5s (fallback to raft.server.rpc.timeout.min)
2022-11-05 13:04:47,795 [81de4557-c158-4718-93a8-b16ff7f8daad@group-EA947C079E8C-FollowerState] INFO  server.RaftServerConfigKeys (ConfUtils.java:logFallback(53)) - raft.server.rpc.first-election.timeout.max = 5200ms (fallback to raft.server.rpc.timeout.max)
2022-11-05 13:04:47,795 [44bea1f4-43dd-4415-bb4e-4e9896dd68f6@group-EA947C079E8C-FollowerState] INFO  server.RaftServerConfigKeys (ConfUtils.java:logFallback(53)) - raft.server.rpc.first-election.timeout.max = 5200ms (fallback to raft.server.rpc.timeout.max)
2022-11-05 13:04:47,799 [grpc-default-executor-0] INFO  server.RaftServer$Division (RaftServerImpl.java:requestVote(1251)) - 44bea1f4-43dd-4415-bb4e-4e9896dd68f6@group-EA947C079E8C replies to ELECTION vote request: 3fdd4c6e-2961-42ba-90d3-b5f169a49f15<-44bea1f4-43dd-4415-bb4e-4e9896dd68f6#0:OK-t3. Peer's state: 44bea1f4-43dd-4415-bb4e-4e9896dd68f6@group-EA947C079E8C:t3, leader=null, voted=3fdd4c6e-2961-42ba-90d3-b5f169a49f15, raftlog=Memoized:44bea1f4-43dd-4415-bb4e-4e9896dd68f6@group-EA947C079E8C-SegmentedRaftLog:OPENED:c-1, conf=-1: peers:[81de4557-c158-4718-93a8-b16ff7f8daad|rpc:10.1.0.157:42037|dataStream:|priority:1|startupRole:FOLLOWER, 44bea1f4-43dd-4415-bb4e-4e9896dd68f6|rpc:10.1.0.157:34265|dataStream:|priority:0|startupRole:FOLLOWER, 3fdd4c6e-2961-42ba-90d3-b5f169a49f15|rpc:10.1.0.157:38617|dataStream:|priority:0|startupRole:FOLLOWER]|listeners:[], old=null
2022-11-05 13:04:47,812 [grpc-default-executor-5] INFO  server.RaftServer$Division (RaftServerImpl.java:requestVote(1251)) - 81de4557-c158-4718-93a8-b16ff7f8daad@group-EA947C079E8C replies to ELECTION vote request: 3fdd4c6e-2961-42ba-90d3-b5f169a49f15<-81de4557-c158-4718-93a8-b16ff7f8daad#0:FAIL-t3. Peer's state: 81de4557-c158-4718-93a8-b16ff7f8daad@group-EA947C079E8C:t3, leader=null, voted=null, raftlog=Memoized:81de4557-c158-4718-93a8-b16ff7f8daad@group-EA947C079E8C-SegmentedRaftLog:OPENED:c-1, conf=-1: peers:[81de4557-c158-4718-93a8-b16ff7f8daad|rpc:10.1.0.157:42037|dataStream:|priority:1|startupRole:FOLLOWER, 44bea1f4-43dd-4415-bb4e-4e9896dd68f6|rpc:10.1.0.157:34265|dataStream:|priority:0|startupRole:FOLLOWER, 3fdd4c6e-2961-42ba-90d3-b5f169a49f15|rpc:10.1.0.157:38617|dataStream:|priority:0|startupRole:FOLLOWER]|listeners:[], old=null
2022-11-05 13:04:47,813 [3fdd4c6e-2961-42ba-90d3-b5f169a49f15@group-EA947C079E8C-LeaderElection26] INFO  impl.LeaderElection (LeaderElection.java:logAndReturn(90)) - 3fdd4c6e-2961-42ba-90d3-b5f169a49f15@group-EA947C079E8C-LeaderElection26: ELECTION REJECTED received 2 response(s) and 0 exception(s):
2022-11-05 13:04:47,813 [3fdd4c6e-2961-42ba-90d3-b5f169a49f15@group-EA947C079E8C-LeaderElection26] INFO  impl.LeaderElection (LeaderElection.java:logAndReturn(94)) -   Response 0: 3fdd4c6e-2961-42ba-90d3-b5f169a49f15<-81de4557-c158-4718-93a8-b16ff7f8daad#0:FAIL-t3
2022-11-05 13:04:47,813 [3fdd4c6e-2961-42ba-90d3-b5f169a49f15@group-EA947C079E8C-LeaderElection26] INFO  impl.LeaderElection (LeaderElection.java:logAndReturn(94)) -   Response 1: 3fdd4c6e-2961-42ba-90d3-b5f169a49f15<-44bea1f4-43dd-4415-bb4e-4e9896dd68f6#0:OK-t3
2022-11-05 13:04:47,813 [3fdd4c6e-2961-42ba-90d3-b5f169a49f15@group-EA947C079E8C-LeaderElection26] INFO  impl.LeaderElection (LeaderElection.java:askForVotes(314)) - 3fdd4c6e-2961-42ba-90d3-b5f169a49f15@group-EA947C079E8C-LeaderElection26 ELECTION round 0: result REJECTED
2022-11-05 13:04:47,813 [3fdd4c6e-2961-42ba-90d3-b5f169a49f15@group-EA947C079E8C-LeaderElection26] INFO  server.RaftServer$Division (RaftServerImpl.java:setRole(321)) - 3fdd4c6e-2961-42ba-90d3-b5f169a49f15@group-EA947C079E8C: changes role from CANDIDATE to FOLLOWER at term 3 for REJECTED
2022-11-05 13:04:47,813 [3fdd4c6e-2961-42ba-90d3-b5f169a49f15@group-EA947C079E8C-LeaderElection26] INFO  impl.RoleInfo (RoleInfo.java:shutdownLeaderElection(130)) - 3fdd4c6e-2961-42ba-90d3-b5f169a49f15: shutdown 3fdd4c6e-2961-42ba-90d3-b5f169a49f15@group-EA947C079E8C-LeaderElection26
2022-11-05 13:04:47,813 [3fdd4c6e-2961-42ba-90d3-b5f169a49f15@group-EA947C079E8C-LeaderElection26] INFO  impl.RoleInfo (RoleInfo.java:updateAndGet(139)) - 3fdd4c6e-2961-42ba-90d3-b5f169a49f15: start 3fdd4c6e-2961-42ba-90d3-b5f169a49f15@group-EA947C079E8C-FollowerState
2022-11-05 13:04:47,813 [3fdd4c6e-2961-42ba-90d3-b5f169a49f15@group-EA947C079E8C-FollowerState] INFO  server.RaftServerConfigKeys (ConfUtils.java:logFallback(53)) - raft.server.rpc.first-election.timeout.min = 5s (fallback to raft.server.rpc.timeout.min)
2022-11-05 13:04:47,813 [3fdd4c6e-2961-42ba-90d3-b5f169a49f15@group-EA947C079E8C-FollowerState] INFO  server.RaftServerConfigKeys (ConfUtils.java:logFallback(53)) - raft.server.rpc.first-election.timeout.max = 5200ms (fallback to raft.server.rpc.timeout.max)
2022-11-05 13:04:49,899 [97cc06fc-4025-4c76-bebd-c1d7b79fe413@group-B6D24B272EC8-FollowerState] INFO  impl.FollowerState (FollowerState.java:run(143)) - 97cc06fc-4025-4c76-bebd-c1d7b79fe413@group-B6D24B272EC8-FollowerState: change to CANDIDATE, lastRpcElapsedTime:5001865139ns, electionTimeout:5000ms
2022-11-05 13:04:49,899 [97cc06fc-4025-4c76-bebd-c1d7b79fe413@group-B6D24B272EC8-FollowerState] INFO  impl.RoleInfo (RoleInfo.java:shutdownFollowerState(110)) - 97cc06fc-4025-4c76-bebd-c1d7b79fe413: shutdown 97cc06fc-4025-4c76-bebd-c1d7b79fe413@group-B6D24B272EC8-FollowerState
2022-11-05 13:04:49,900 [97cc06fc-4025-4c76-bebd-c1d7b79fe413@group-B6D24B272EC8-FollowerState] INFO  server.RaftServer$Division (RaftServerImpl.java:setRole(321)) - 97cc06fc-4025-4c76-bebd-c1d7b79fe413@group-B6D24B272EC8: changes role from  FOLLOWER to CANDIDATE at term 3 for changeToCandidate
2022-11-05 13:04:49,900 [97cc06fc-4025-4c76-bebd-c1d7b79fe413@group-B6D24B272EC8-FollowerState] INFO  server.RaftServerConfigKeys (ConfUtils.java:logGet(46)) - raft.server.leaderelection.pre-vote = false (custom)
2022-11-05 13:04:49,900 [97cc06fc-4025-4c76-bebd-c1d7b79fe413@group-B6D24B272EC8-FollowerState] INFO  impl.RoleInfo (RoleInfo.java:updateAndGet(139)) - 97cc06fc-4025-4c76-bebd-c1d7b79fe413: start 97cc06fc-4025-4c76-bebd-c1d7b79fe413@group-B6D24B272EC8-LeaderElection27
2022-11-05 13:04:49,907 [c56757ad-2923-4297-8741-c606545d9a52@group-B6D24B272EC8-FollowerState] INFO  server.RaftServerConfigKeys (ConfUtils.java:logFallback(53)) - raft.server.rpc.first-election.timeout.min = 5s (fallback to raft.server.rpc.timeout.min)
2022-11-05 13:04:49,907 [c56757ad-2923-4297-8741-c606545d9a52@group-B6D24B272EC8-FollowerState] INFO  server.RaftServerConfigKeys (ConfUtils.java:logFallback(53)) - raft.server.rpc.first-election.timeout.max = 5200ms (fallback to raft.server.rpc.timeout.max)
2022-11-05 13:04:49,922 [97cc06fc-4025-4c76-bebd-c1d7b79fe413@group-B6D24B272EC8-LeaderElection27] INFO  impl.LeaderElection (LeaderElection.java:askForVotes(312)) - 97cc06fc-4025-4c76-bebd-c1d7b79fe413@group-B6D24B272EC8-LeaderElection27 ELECTION round 0: submit vote requests at term 4 for -1: peers:[274c4b45-19e0-452f-8d1e-585a77537937|rpc:10.1.0.157:40915|priority:0|startupRole:FOLLOWER, 97cc06fc-4025-4c76-bebd-c1d7b79fe413|rpc:10.1.0.157:40151|priority:1|startupRole:FOLLOWER, c56757ad-2923-4297-8741-c606545d9a52|rpc:10.1.0.157:45683|priority:0|startupRole:FOLLOWER]|listeners:[], old=null
2022-11-05 13:04:49,923 [97cc06fc-4025-4c76-bebd-c1d7b79fe413@group-B6D24B272EC8-LeaderElection27] INFO  server.RaftServerConfigKeys (ConfUtils.java:logFallback(53)) - raft.server.rpc.first-election.timeout.min = 5s (fallback to raft.server.rpc.timeout.min)
2022-11-05 13:04:49,923 [97cc06fc-4025-4c76-bebd-c1d7b79fe413@group-B6D24B272EC8-LeaderElection27] INFO  server.RaftServerConfigKeys (ConfUtils.java:logFallback(53)) - raft.server.rpc.first-election.timeout.max = 5200ms (fallback to raft.server.rpc.timeout.max)
2022-11-05 13:04:49,925 [grpc-default-executor-5] INFO  server.RaftServer$Division (RaftServerImpl.java:requestVote(1218)) - 274c4b45-19e0-452f-8d1e-585a77537937@group-B6D24B272EC8: receive requestVote(ELECTION, 97cc06fc-4025-4c76-bebd-c1d7b79fe413, group-B6D24B272EC8, 4, (t:0, i:0))
2022-11-05 13:04:49,925 [grpc-default-executor-5] INFO  impl.VoteContext (VoteContext.java:log(48)) - 274c4b45-19e0-452f-8d1e-585a77537937@group-B6D24B272EC8-FOLLOWER: accept ELECTION from 97cc06fc-4025-4c76-bebd-c1d7b79fe413: our priority 0 <= candidate's priority 1
2022-11-05 13:04:49,925 [grpc-default-executor-5] INFO  server.RaftServer$Division (RaftServerImpl.java:setRole(321)) - 274c4b45-19e0-452f-8d1e-585a77537937@group-B6D24B272EC8: changes role from  FOLLOWER to FOLLOWER at term 4 for candidate:97cc06fc-4025-4c76-bebd-c1d7b79fe413
2022-11-05 13:04:49,925 [grpc-default-executor-5] INFO  impl.RoleInfo (RoleInfo.java:shutdownFollowerState(110)) - 274c4b45-19e0-452f-8d1e-585a77537937: shutdown 274c4b45-19e0-452f-8d1e-585a77537937@group-B6D24B272EC8-FollowerState
2022-11-05 13:04:49,925 [grpc-default-executor-5] INFO  impl.RoleInfo (RoleInfo.java:updateAndGet(139)) - 274c4b45-19e0-452f-8d1e-585a77537937: start 274c4b45-19e0-452f-8d1e-585a77537937@group-B6D24B272EC8-FollowerState
2022-11-05 13:04:49,925 [274c4b45-19e0-452f-8d1e-585a77537937@group-B6D24B272EC8-FollowerState] INFO  impl.FollowerState (FollowerState.java:run(152)) - 274c4b45-19e0-452f-8d1e-585a77537937@group-B6D24B272EC8-FollowerState was interrupted
2022-11-05 13:04:49,935 [274c4b45-19e0-452f-8d1e-585a77537937@group-B6D24B272EC8-FollowerState] INFO  server.RaftServerConfigKeys (ConfUtils.java:logFallback(53)) - raft.server.rpc.first-election.timeout.min = 5s (fallback to raft.server.rpc.timeout.min)
2022-11-05 13:04:49,935 [grpc-default-executor-0] INFO  server.RaftServer$Division (RaftServerImpl.java:requestVote(1218)) - c56757ad-2923-4297-8741-c606545d9a52@group-B6D24B272EC8: receive requestVote(ELECTION, 97cc06fc-4025-4c76-bebd-c1d7b79fe413, group-B6D24B272EC8, 4, (t:0, i:0))
2022-11-05 13:04:49,935 [grpc-default-executor-0] INFO  impl.VoteContext (VoteContext.java:log(48)) - c56757ad-2923-4297-8741-c606545d9a52@group-B6D24B272EC8-FOLLOWER: accept ELECTION from 97cc06fc-4025-4c76-bebd-c1d7b79fe413: our priority 0 <= candidate's priority 1
2022-11-05 13:04:49,935 [274c4b45-19e0-452f-8d1e-585a77537937@group-B6D24B272EC8-FollowerState] INFO  server.RaftServerConfigKeys (ConfUtils.java:logFallback(53)) - raft.server.rpc.first-election.timeout.max = 5200ms (fallback to raft.server.rpc.timeout.max)
2022-11-05 13:04:49,935 [grpc-default-executor-0] INFO  server.RaftServer$Division (RaftServerImpl.java:setRole(321)) - c56757ad-2923-4297-8741-c606545d9a52@group-B6D24B272EC8: changes role from  FOLLOWER to FOLLOWER at term 4 for candidate:97cc06fc-4025-4c76-bebd-c1d7b79fe413
2022-11-05 13:04:49,935 [grpc-default-executor-0] INFO  impl.RoleInfo (RoleInfo.java:shutdownFollowerState(110)) - c56757ad-2923-4297-8741-c606545d9a52: shutdown c56757ad-2923-4297-8741-c606545d9a52@group-B6D24B272EC8-FollowerState
2022-11-05 13:04:49,936 [grpc-default-executor-0] INFO  impl.RoleInfo (RoleInfo.java:updateAndGet(139)) - c56757ad-2923-4297-8741-c606545d9a52: start c56757ad-2923-4297-8741-c606545d9a52@group-B6D24B272EC8-FollowerState
2022-11-05 13:04:49,936 [c56757ad-2923-4297-8741-c606545d9a52@group-B6D24B272EC8-FollowerState] INFO  impl.FollowerState (FollowerState.java:run(152)) - c56757ad-2923-4297-8741-c606545d9a52@group-B6D24B272EC8-FollowerState was interrupted
2022-11-05 13:04:49,937 [grpc-default-executor-5] INFO  server.RaftServer$Division (RaftServerImpl.java:requestVote(1251)) - 274c4b45-19e0-452f-8d1e-585a77537937@group-B6D24B272EC8 replies to ELECTION vote request: 97cc06fc-4025-4c76-bebd-c1d7b79fe413<-274c4b45-19e0-452f-8d1e-585a77537937#0:OK-t4. Peer's state: 274c4b45-19e0-452f-8d1e-585a77537937@group-B6D24B272EC8:t4, leader=null, voted=97cc06fc-4025-4c76-bebd-c1d7b79fe413, raftlog=Memoized:274c4b45-19e0-452f-8d1e-585a77537937@group-B6D24B272EC8-SegmentedRaftLog:OPENED:c-1, conf=-1: peers:[274c4b45-19e0-452f-8d1e-585a77537937|rpc:10.1.0.157:40915|priority:0|startupRole:FOLLOWER, 97cc06fc-4025-4c76-bebd-c1d7b79fe413|rpc:10.1.0.157:40151|priority:1|startupRole:FOLLOWER, c56757ad-2923-4297-8741-c606545d9a52|rpc:10.1.0.157:45683|priority:0|startupRole:FOLLOWER]|listeners:[], old=null
2022-11-05 13:04:49,940 [97cc06fc-4025-4c76-bebd-c1d7b79fe413@group-B6D24B272EC8-LeaderElection27] INFO  impl.LeaderElection (LeaderElection.java:logAndReturn(90)) - 97cc06fc-4025-4c76-bebd-c1d7b79fe413@group-B6D24B272EC8-LeaderElection27: ELECTION PASSED received 1 response(s) and 0 exception(s):
2022-11-05 13:04:49,941 [97cc06fc-4025-4c76-bebd-c1d7b79fe413@group-B6D24B272EC8-LeaderElection27] INFO  impl.LeaderElection (LeaderElection.java:logAndReturn(94)) -   Response 0: 97cc06fc-4025-4c76-bebd-c1d7b79fe413<-274c4b45-19e0-452f-8d1e-585a77537937#0:OK-t4
2022-11-05 13:04:49,941 [97cc06fc-4025-4c76-bebd-c1d7b79fe413@group-B6D24B272EC8-LeaderElection27] INFO  impl.LeaderElection (LeaderElection.java:askForVotes(314)) - 97cc06fc-4025-4c76-bebd-c1d7b79fe413@group-B6D24B272EC8-LeaderElection27 ELECTION round 0: result PASSED
2022-11-05 13:04:49,941 [97cc06fc-4025-4c76-bebd-c1d7b79fe413@group-B6D24B272EC8-LeaderElection27] INFO  impl.RoleInfo (RoleInfo.java:shutdownLeaderElection(130)) - 97cc06fc-4025-4c76-bebd-c1d7b79fe413: shutdown 97cc06fc-4025-4c76-bebd-c1d7b79fe413@group-B6D24B272EC8-LeaderElection27
2022-11-05 13:04:49,941 [97cc06fc-4025-4c76-bebd-c1d7b79fe413@group-B6D24B272EC8-LeaderElection27] INFO  server.RaftServer$Division (RaftServerImpl.java:setRole(321)) - 97cc06fc-4025-4c76-bebd-c1d7b79fe413@group-B6D24B272EC8: changes role from CANDIDATE to LEADER at term 4 for changeToLeader
2022-11-05 13:04:49,941 [97cc06fc-4025-4c76-bebd-c1d7b79fe413@group-B6D24B272EC8-LeaderElection27] INFO  ratis.XceiverServerRatis (XceiverServerRatis.java:handleLeaderChangedNotification(863)) - Leader change notification received for group: group-B6D24B272EC8 with new leaderId: 97cc06fc-4025-4c76-bebd-c1d7b79fe413
2022-11-05 13:04:49,941 [97cc06fc-4025-4c76-bebd-c1d7b79fe413@group-B6D24B272EC8-LeaderElection27] INFO  server.RaftServer$Division (ServerState.java:setLeader(313)) - 97cc06fc-4025-4c76-bebd-c1d7b79fe413@group-B6D24B272EC8: change Leader from null to 97cc06fc-4025-4c76-bebd-c1d7b79fe413 at term 4 for becomeLeader, leader elected after 19969ms
2022-11-05 13:04:49,941 [97cc06fc-4025-4c76-bebd-c1d7b79fe413@group-B6D24B272EC8-LeaderElection27] INFO  server.RaftServerConfigKeys (ConfUtils.java:logGet(46)) - raft.server.staging.catchup.gap = 1000 (default)
2022-11-05 13:04:49,941 [97cc06fc-4025-4c76-bebd-c1d7b79fe413@group-B6D24B272EC8-LeaderElection27] INFO  server.RaftServerConfigKeys (ConfUtils.java:logGet(46)) - raft.server.write.element-limit = 1024 (custom)
2022-11-05 13:04:49,941 [97cc06fc-4025-4c76-bebd-c1d7b79fe413@group-B6D24B272EC8-LeaderElection27] INFO  server.RaftServerConfigKeys (ConfUtils.java:logGet(46)) - raft.server.write.byte-limit = 1024 M (=1073741824) (custom)
2022-11-05 13:04:49,941 [97cc06fc-4025-4c76-bebd-c1d7b79fe413@group-B6D24B272EC8-LeaderElection27] INFO  server.RaftServerConfigKeys (ConfUtils.java:logGet(46)) - raft.server.watch.timeout = 180s (custom)
2022-11-05 13:04:49,941 [97cc06fc-4025-4c76-bebd-c1d7b79fe413@group-B6D24B272EC8-LeaderElection27] INFO  server.RaftServerConfigKeys (ConfUtils.java:logGet(46)) - raft.server.watch.timeout.denomination = 1s (default)
2022-11-05 13:04:49,942 [97cc06fc-4025-4c76-bebd-c1d7b79fe413@group-B6D24B272EC8-LeaderElection27] INFO  server.RaftServerConfigKeys (ConfUtils.java:logGet(46)) - raft.server.watch.element-limit = 65536 (default)
2022-11-05 13:04:49,942 [97cc06fc-4025-4c76-bebd-c1d7b79fe413@group-B6D24B272EC8-LeaderElection27] INFO  server.RaftServerConfigKeys (ConfUtils.java:logGet(46)) - raft.server.write.element-limit = 1024 (custom)
2022-11-05 13:04:49,942 [97cc06fc-4025-4c76-bebd-c1d7b79fe413@group-B6D24B272EC8-LeaderElection27] INFO  server.RaftServerConfigKeys (ConfUtils.java:logGet(46)) - raft.server.write.follower.gap.ratio.max = -1.0 (default)
2022-11-05 13:04:49,942 [97cc06fc-4025-4c76-bebd-c1d7b79fe413@group-B6D24B272EC8-LeaderElection27] INFO  server.RaftServerConfigKeys (ConfUtils.java:logGet(46)) - raft.server.log.appender.snapshot.chunk.size.max = 16MB (=16777216) (default)
2022-11-05 13:04:49,942 [97cc06fc-4025-4c76-bebd-c1d7b79fe413@group-B6D24B272EC8-LeaderElection27] INFO  server.RaftServerConfigKeys (ConfUtils.java:logGet(46)) - raft.server.log.appender.buffer.byte-limit = 33554432 (custom)
2022-11-05 13:04:49,942 [97cc06fc-4025-4c76-bebd-c1d7b79fe413@group-B6D24B272EC8-LeaderElection27] INFO  server.RaftServerConfigKeys (ConfUtils.java:logGet(46)) - raft.server.log.appender.buffer.element-limit = 1 (custom)
2022-11-05 13:04:49,942 [97cc06fc-4025-4c76-bebd-c1d7b79fe413@group-B6D24B272EC8-LeaderElection27] INFO  grpc.GrpcConfigKeys (ConfUtils.java:logGet(46)) - raft.grpc.server.leader.outstanding.appends.max = 128 (default)
2022-11-05 13:04:49,942 [97cc06fc-4025-4c76-bebd-c1d7b79fe413@group-B6D24B272EC8-LeaderElection27] INFO  server.RaftServerConfigKeys (ConfUtils.java:logGet(46)) - raft.server.rpc.request.timeout = 60s (custom)
2022-11-05 13:04:49,942 [97cc06fc-4025-4c76-bebd-c1d7b79fe413@group-B6D24B272EC8-LeaderElection27] INFO  server.RaftServerConfigKeys (ConfUtils.java:logGet(46)) - raft.server.log.appender.install.snapshot.enabled = false (custom)
2022-11-05 13:04:49,942 [97cc06fc-4025-4c76-bebd-c1d7b79fe413@group-B6D24B272EC8-LeaderElection27] INFO  grpc.GrpcConfigKeys (ConfUtils.java:logGet(46)) - raft.grpc.server.heartbeat.channel = true (default)
2022-11-05 13:04:49,943 [97cc06fc-4025-4c76-bebd-c1d7b79fe413@group-B6D24B272EC8-LeaderElection27] INFO  server.RaftServerConfigKeys (ConfUtils.java:logGet(46)) - raft.server.log.appender.wait-time.min = 10ms (default)
2022-11-05 13:04:49,943 [97cc06fc-4025-4c76-bebd-c1d7b79fe413@group-B6D24B272EC8-LeaderElection27] INFO  server.RaftServerConfigKeys (ConfUtils.java:logGet(46)) - raft.server.log.appender.snapshot.chunk.size.max = 16MB (=16777216) (default)
2022-11-05 13:04:49,944 [97cc06fc-4025-4c76-bebd-c1d7b79fe413@group-B6D24B272EC8-LeaderElection27] INFO  server.RaftServerConfigKeys (ConfUtils.java:logGet(46)) - raft.server.log.appender.buffer.byte-limit = 33554432 (custom)
2022-11-05 13:04:49,944 [97cc06fc-4025-4c76-bebd-c1d7b79fe413@group-B6D24B272EC8-LeaderElection27] INFO  server.RaftServerConfigKeys (ConfUtils.java:logGet(46)) - raft.server.log.appender.buffer.element-limit = 1 (custom)
2022-11-05 13:04:49,944 [EventQueue-PipelineReportForPipelineReportHandler] INFO  pipeline.PipelineManagerImpl (PipelineManagerImpl.java:openPipeline(367)) - Pipeline Pipeline[ Id: 1af4fafc-e7d0-4d63-a3c2-b6d24b272ec8, Nodes: c56757ad-2923-4297-8741-c606545d9a52{ip: 10.1.0.157, host: fv-az83-841.uavyq1izdhte5b0ne1us2eqzhb.jx.internal.cloudapp.net, ports: [REPLICATION=40585, RATIS=45683, RATIS_ADMIN=45683, RATIS_SERVER=45683, STANDALONE=39937], networkLocation: /default-rack, certSerialId: null, persistedOpState: IN_SERVICE, persistedOpStateExpiryEpochSec: 0}274c4b45-19e0-452f-8d1e-585a77537937{ip: 10.1.0.157, host: fv-az83-841.uavyq1izdhte5b0ne1us2eqzhb.jx.internal.cloudapp.net, ports: [REPLICATION=43707, RATIS=40915, RATIS_ADMIN=40915, RATIS_SERVER=40915, STANDALONE=38195], networkLocation: /default-rack, certSerialId: null, persistedOpState: IN_SERVICE, persistedOpStateExpiryEpochSec: 0}97cc06fc-4025-4c76-bebd-c1d7b79fe413{ip: 10.1.0.157, host: fv-az83-841.uavyq1izdhte5b0ne1us2eqzhb.jx.internal.cloudapp.net, ports: [REPLICATION=44027, RATIS=40151, RATIS_ADMIN=40151, RATIS_SERVER=40151, STANDALONE=42951], networkLocation: /default-rack, certSerialId: null, persistedOpState: IN_SERVICE, persistedOpStateExpiryEpochSec: 0}, ReplicationConfig: RATIS/THREE, State:ALLOCATED, leaderId:97cc06fc-4025-4c76-bebd-c1d7b79fe413, CreationTimestamp2022-11-05T13:04:27.325Z[Etc/UTC]] moved to OPEN state
2022-11-05 13:04:49,944 [97cc06fc-4025-4c76-bebd-c1d7b79fe413@group-B6D24B272EC8-LeaderElection27] INFO  grpc.GrpcConfigKeys (ConfUtils.java:logGet(46)) - raft.grpc.server.leader.outstanding.appends.max = 128 (default)
2022-11-05 13:04:49,944 [97cc06fc-4025-4c76-bebd-c1d7b79fe413@group-B6D24B272EC8-LeaderElection27] INFO  server.RaftServerConfigKeys (ConfUtils.java:logGet(46)) - raft.server.rpc.request.timeout = 60s (custom)
2022-11-05 13:04:49,944 [97cc06fc-4025-4c76-bebd-c1d7b79fe413@group-B6D24B272EC8-LeaderElection27] INFO  server.RaftServerConfigKeys (ConfUtils.java:logGet(46)) - raft.server.log.appender.install.snapshot.enabled = false (custom)
2022-11-05 13:04:49,944 [97cc06fc-4025-4c76-bebd-c1d7b79fe413@group-B6D24B272EC8-LeaderElection27] INFO  grpc.GrpcConfigKeys (ConfUtils.java:logGet(46)) - raft.grpc.server.heartbeat.channel = true (default)
2022-11-05 13:04:49,944 [97cc06fc-4025-4c76-bebd-c1d7b79fe413@group-B6D24B272EC8-LeaderElection27] INFO  server.RaftServerConfigKeys (ConfUtils.java:logGet(46)) - raft.server.log.appender.wait-time.min = 10ms (default)
2022-11-05 13:04:49,944 [97cc06fc-4025-4c76-bebd-c1d7b79fe413@group-B6D24B272EC8-LeaderElection27] INFO  impl.RoleInfo (RoleInfo.java:updateAndGet(139)) - 97cc06fc-4025-4c76-bebd-c1d7b79fe413: start 97cc06fc-4025-4c76-bebd-c1d7b79fe413@group-B6D24B272EC8-LeaderStateImpl
2022-11-05 13:04:49,945 [97cc06fc-4025-4c76-bebd-c1d7b79fe413@group-B6D24B272EC8-LeaderElection27] INFO  segmented.SegmentedRaftLogWorker (SegmentedRaftLogWorker.java:startLogSegment(452)) - 97cc06fc-4025-4c76-bebd-c1d7b79fe413@group-B6D24B272EC8-SegmentedRaftLogWorker: Starting segment from index:0
2022-11-05 13:04:49,947 [grpc-default-executor-0] INFO  server.RaftServer$Division (RaftServerImpl.java:requestVote(1251)) - c56757ad-2923-4297-8741-c606545d9a52@group-B6D24B272EC8 replies to ELECTION vote request: 97cc06fc-4025-4c76-bebd-c1d7b79fe413<-c56757ad-2923-4297-8741-c606545d9a52#0:OK-t4. Peer's state: c56757ad-2923-4297-8741-c606545d9a52@group-B6D24B272EC8:t4, leader=null, voted=97cc06fc-4025-4c76-bebd-c1d7b79fe413, raftlog=Memoized:c56757ad-2923-4297-8741-c606545d9a52@group-B6D24B272EC8-SegmentedRaftLog:OPENED:c-1, conf=-1: peers:[274c4b45-19e0-452f-8d1e-585a77537937|rpc:10.1.0.157:40915|dataStream:|priority:0|startupRole:FOLLOWER, 97cc06fc-4025-4c76-bebd-c1d7b79fe413|rpc:10.1.0.157:40151|dataStream:|priority:1|startupRole:FOLLOWER, c56757ad-2923-4297-8741-c606545d9a52|rpc:10.1.0.157:45683|dataStream:|priority:0|startupRole:FOLLOWER]|listeners:[], old=null
2022-11-05 13:04:49,948 [97cc06fc-4025-4c76-bebd-c1d7b79fe413@group-B6D24B272EC8-LeaderElection27] INFO  server.RaftServer$Division (ServerState.java:setRaftConf(430)) - 97cc06fc-4025-4c76-bebd-c1d7b79fe413@group-B6D24B272EC8: set configuration 0: peers:[274c4b45-19e0-452f-8d1e-585a77537937|rpc:10.1.0.157:40915|dataStream:|priority:0|startupRole:FOLLOWER, 97cc06fc-4025-4c76-bebd-c1d7b79fe413|rpc:10.1.0.157:40151|dataStream:|priority:1|startupRole:FOLLOWER, c56757ad-2923-4297-8741-c606545d9a52|rpc:10.1.0.157:45683|dataStream:|priority:0|startupRole:FOLLOWER]|listeners:[], old=null
2022-11-05 13:04:49,954 [97cc06fc-4025-4c76-bebd-c1d7b79fe413@group-B6D24B272EC8-SegmentedRaftLogWorker] INFO  segmented.SegmentedRaftLogWorker (SegmentedRaftLogWorker.java:execute(656)) - 97cc06fc-4025-4c76-bebd-c1d7b79fe413@group-B6D24B272EC8-SegmentedRaftLogWorker: created new log segment /home/runner/work/ozone/ozone/hadoop-ozone/integration-test/target/test-dir/MiniOzoneClusterImpl-9e91b504-fe86-427b-a8de-b3d8b21cdaaf/datanode-1/data/ratis/1af4fafc-e7d0-4d63-a3c2-b6d24b272ec8/current/log_inprogress_0
2022-11-05 13:04:49,955 [274c4b45-19e0-452f-8d1e-585a77537937-server-thread1] INFO  ratis.XceiverServerRatis (XceiverServerRatis.java:handleLeaderChangedNotification(863)) - Leader change notification received for group: group-B6D24B272EC8 with new leaderId: 97cc06fc-4025-4c76-bebd-c1d7b79fe413
2022-11-05 13:04:49,955 [274c4b45-19e0-452f-8d1e-585a77537937-server-thread1] INFO  server.RaftServer$Division (ServerState.java:setLeader(313)) - 274c4b45-19e0-452f-8d1e-585a77537937@group-B6D24B272EC8: change Leader from null to 97cc06fc-4025-4c76-bebd-c1d7b79fe413 at term 4 for appendEntries, leader elected after 20501ms
2022-11-05 13:04:49,955 [c56757ad-2923-4297-8741-c606545d9a52-server-thread1] INFO  ratis.XceiverServerRatis (XceiverServerRatis.java:handleLeaderChangedNotification(863)) - Leader change notification received for group: group-B6D24B272EC8 with new leaderId: 97cc06fc-4025-4c76-bebd-c1d7b79fe413
2022-11-05 13:04:49,955 [c56757ad-2923-4297-8741-c606545d9a52-server-thread1] INFO  server.RaftServer$Division (ServerState.java:setLeader(313)) - c56757ad-2923-4297-8741-c606545d9a52@group-B6D24B272EC8: change Leader from null to 97cc06fc-4025-4c76-bebd-c1d7b79fe413 at term 4 for appendEntries, leader elected after 19843ms
2022-11-05 13:04:49,970 [274c4b45-19e0-452f-8d1e-585a77537937-server-thread2] INFO  server.RaftServer$Division (ServerState.java:setRaftConf(430)) - 274c4b45-19e0-452f-8d1e-585a77537937@group-B6D24B272EC8: set configuration 0: peers:[274c4b45-19e0-452f-8d1e-585a77537937|rpc:10.1.0.157:40915|dataStream:|priority:0|startupRole:FOLLOWER, 97cc06fc-4025-4c76-bebd-c1d7b79fe413|rpc:10.1.0.157:40151|dataStream:|priority:1|startupRole:FOLLOWER, c56757ad-2923-4297-8741-c606545d9a52|rpc:10.1.0.157:45683|dataStream:|priority:0|startupRole:FOLLOWER]|listeners:[], old=null
2022-11-05 13:04:49,971 [274c4b45-19e0-452f-8d1e-585a77537937-server-thread2] INFO  segmented.SegmentedRaftLogWorker (SegmentedRaftLogWorker.java:startLogSegment(452)) - 274c4b45-19e0-452f-8d1e-585a77537937@group-B6D24B272EC8-SegmentedRaftLogWorker: Starting segment from index:0
2022-11-05 13:04:49,972 [c56757ad-2923-4297-8741-c606545d9a52-server-thread1] INFO  server.RaftServer$Division (ServerState.java:setRaftConf(430)) - c56757ad-2923-4297-8741-c606545d9a52@group-B6D24B272EC8: set configuration 0: peers:[274c4b45-19e0-452f-8d1e-585a77537937|rpc:10.1.0.157:40915|dataStream:|priority:0|startupRole:FOLLOWER, 97cc06fc-4025-4c76-bebd-c1d7b79fe413|rpc:10.1.0.157:40151|dataStream:|priority:1|startupRole:FOLLOWER, c56757ad-2923-4297-8741-c606545d9a52|rpc:10.1.0.157:45683|dataStream:|priority:0|startupRole:FOLLOWER]|listeners:[], old=null
2022-11-05 13:04:49,973 [c56757ad-2923-4297-8741-c606545d9a52-server-thread1] INFO  segmented.SegmentedRaftLogWorker (SegmentedRaftLogWorker.java:startLogSegment(452)) - c56757ad-2923-4297-8741-c606545d9a52@group-B6D24B272EC8-SegmentedRaftLogWorker: Starting segment from index:0
2022-11-05 13:04:49,979 [274c4b45-19e0-452f-8d1e-585a77537937@group-B6D24B272EC8-SegmentedRaftLogWorker] INFO  segmented.SegmentedRaftLogWorker (SegmentedRaftLogWorker.java:execute(656)) - 274c4b45-19e0-452f-8d1e-585a77537937@group-B6D24B272EC8-SegmentedRaftLogWorker: created new log segment /home/runner/work/ozone/ozone/hadoop-ozone/integration-test/target/test-dir/MiniOzoneClusterImpl-9e91b504-fe86-427b-a8de-b3d8b21cdaaf/datanode-0/data/ratis/1af4fafc-e7d0-4d63-a3c2-b6d24b272ec8/current/log_inprogress_0
2022-11-05 13:04:49,987 [c56757ad-2923-4297-8741-c606545d9a52@group-B6D24B272EC8-SegmentedRaftLogWorker] INFO  segmented.SegmentedRaftLogWorker (SegmentedRaftLogWorker.java:execute(656)) - c56757ad-2923-4297-8741-c606545d9a52@group-B6D24B272EC8-SegmentedRaftLogWorker: created new log segment /home/runner/work/ozone/ozone/hadoop-ozone/integration-test/target/test-dir/MiniOzoneClusterImpl-9e91b504-fe86-427b-a8de-b3d8b21cdaaf/datanode-2/data/ratis/1af4fafc-e7d0-4d63-a3c2-b6d24b272ec8/current/log_inprogress_0
2022-11-05 13:04:52,815 [44bea1f4-43dd-4415-bb4e-4e9896dd68f6@group-EA947C079E8C-FollowerState] INFO  server.RaftServerConfigKeys (ConfUtils.java:logFallback(53)) - raft.server.rpc.first-election.timeout.min = 5s (fallback to raft.server.rpc.timeout.min)
2022-11-05 13:04:52,815 [44bea1f4-43dd-4415-bb4e-4e9896dd68f6@group-EA947C079E8C-FollowerState] INFO  server.RaftServerConfigKeys (ConfUtils.java:logFallback(53)) - raft.server.rpc.first-election.timeout.max = 5200ms (fallback to raft.server.rpc.timeout.max)
2022-11-05 13:04:52,823 [3fdd4c6e-2961-42ba-90d3-b5f169a49f15@group-EA947C079E8C-FollowerState] INFO  impl.FollowerState (FollowerState.java:run(143)) - 3fdd4c6e-2961-42ba-90d3-b5f169a49f15@group-EA947C079E8C-FollowerState: change to CANDIDATE, lastRpcElapsedTime:5010473495ns, electionTimeout:5010ms
2022-11-05 13:04:52,824 [3fdd4c6e-2961-42ba-90d3-b5f169a49f15@group-EA947C079E8C-FollowerState] INFO  impl.RoleInfo (RoleInfo.java:shutdownFollowerState(110)) - 3fdd4c6e-2961-42ba-90d3-b5f169a49f15: shutdown 3fdd4c6e-2961-42ba-90d3-b5f169a49f15@group-EA947C079E8C-FollowerState
2022-11-05 13:04:52,824 [3fdd4c6e-2961-42ba-90d3-b5f169a49f15@group-EA947C079E8C-FollowerState] INFO  server.RaftServer$Division (RaftServerImpl.java:setRole(321)) - 3fdd4c6e-2961-42ba-90d3-b5f169a49f15@group-EA947C079E8C: changes role from  FOLLOWER to CANDIDATE at term 3 for changeToCandidate
2022-11-05 13:04:52,824 [3fdd4c6e-2961-42ba-90d3-b5f169a49f15@group-EA947C079E8C-FollowerState] INFO  server.RaftServerConfigKeys (ConfUtils.java:logGet(46)) - raft.server.leaderelection.pre-vote = false (custom)
2022-11-05 13:04:52,824 [3fdd4c6e-2961-42ba-90d3-b5f169a49f15@group-EA947C079E8C-FollowerState] INFO  impl.RoleInfo (RoleInfo.java:updateAndGet(139)) - 3fdd4c6e-2961-42ba-90d3-b5f169a49f15: start 3fdd4c6e-2961-42ba-90d3-b5f169a49f15@group-EA947C079E8C-LeaderElection28
2022-11-05 13:04:52,833 [3fdd4c6e-2961-42ba-90d3-b5f169a49f15@group-EA947C079E8C-LeaderElection28] INFO  impl.LeaderElection (LeaderElection.java:askForVotes(312)) - 3fdd4c6e-2961-42ba-90d3-b5f169a49f15@group-EA947C079E8C-LeaderElection28 ELECTION round 0: submit vote requests at term 4 for -1: peers:[81de4557-c158-4718-93a8-b16ff7f8daad|rpc:10.1.0.157:42037|priority:1|startupRole:FOLLOWER, 44bea1f4-43dd-4415-bb4e-4e9896dd68f6|rpc:10.1.0.157:34265|priority:0|startupRole:FOLLOWER, 3fdd4c6e-2961-42ba-90d3-b5f169a49f15|rpc:10.1.0.157:38617|priority:0|startupRole:FOLLOWER]|listeners:[], old=null
2022-11-05 13:04:52,833 [3fdd4c6e-2961-42ba-90d3-b5f169a49f15@group-EA947C079E8C-LeaderElection28] INFO  server.RaftServerConfigKeys (ConfUtils.java:logFallback(53)) - raft.server.rpc.first-election.timeout.min = 5s (fallback to raft.server.rpc.timeout.min)
2022-11-05 13:04:52,834 [3fdd4c6e-2961-42ba-90d3-b5f169a49f15@group-EA947C079E8C-LeaderElection28] INFO  server.RaftServerConfigKeys (ConfUtils.java:logFallback(53)) - raft.server.rpc.first-election.timeout.max = 5200ms (fallback to raft.server.rpc.timeout.max)
2022-11-05 13:04:52,838 [grpc-default-executor-5] INFO  server.RaftServer$Division (RaftServerImpl.java:requestVote(1218)) - 44bea1f4-43dd-4415-bb4e-4e9896dd68f6@group-EA947C079E8C: receive requestVote(ELECTION, 3fdd4c6e-2961-42ba-90d3-b5f169a49f15, group-EA947C079E8C, 4, (t:0, i:0))
2022-11-05 13:04:52,838 [grpc-default-executor-5] INFO  impl.VoteContext (VoteContext.java:log(48)) - 44bea1f4-43dd-4415-bb4e-4e9896dd68f6@group-EA947C079E8C-FOLLOWER: accept ELECTION from 3fdd4c6e-2961-42ba-90d3-b5f169a49f15: our priority 0 <= candidate's priority 0
2022-11-05 13:04:52,838 [grpc-default-executor-5] INFO  server.RaftServer$Division (RaftServerImpl.java:setRole(321)) - 44bea1f4-43dd-4415-bb4e-4e9896dd68f6@group-EA947C079E8C: changes role from  FOLLOWER to FOLLOWER at term 4 for candidate:3fdd4c6e-2961-42ba-90d3-b5f169a49f15
2022-11-05 13:04:52,838 [grpc-default-executor-5] INFO  impl.RoleInfo (RoleInfo.java:shutdownFollowerState(110)) - 44bea1f4-43dd-4415-bb4e-4e9896dd68f6: shutdown 44bea1f4-43dd-4415-bb4e-4e9896dd68f6@group-EA947C079E8C-FollowerState
2022-11-05 13:04:52,838 [grpc-default-executor-5] INFO  impl.RoleInfo (RoleInfo.java:updateAndGet(139)) - 44bea1f4-43dd-4415-bb4e-4e9896dd68f6: start 44bea1f4-43dd-4415-bb4e-4e9896dd68f6@group-EA947C079E8C-FollowerState
2022-11-05 13:04:52,838 [44bea1f4-43dd-4415-bb4e-4e9896dd68f6@group-EA947C079E8C-FollowerState] INFO  impl.FollowerState (FollowerState.java:run(152)) - 44bea1f4-43dd-4415-bb4e-4e9896dd68f6@group-EA947C079E8C-FollowerState was interrupted
2022-11-05 13:04:52,844 [44bea1f4-43dd-4415-bb4e-4e9896dd68f6@group-EA947C079E8C-FollowerState] INFO  server.RaftServerConfigKeys (ConfUtils.java:logFallback(53)) - raft.server.rpc.first-election.timeout.min = 5s (fallback to raft.server.rpc.timeout.min)
2022-11-05 13:04:52,844 [44bea1f4-43dd-4415-bb4e-4e9896dd68f6@group-EA947C079E8C-FollowerState] INFO  server.RaftServerConfigKeys (ConfUtils.java:logFallback(53)) - raft.server.rpc.first-election.timeout.max = 5200ms (fallback to raft.server.rpc.timeout.max)
2022-11-05 13:04:52,845 [grpc-default-executor-3] INFO  server.RaftServer$Division (RaftServerImpl.java:requestVote(1218)) - 81de4557-c158-4718-93a8-b16ff7f8daad@group-EA947C079E8C: receive requestVote(ELECTION, 3fdd4c6e-2961-42ba-90d3-b5f169a49f15, group-EA947C079E8C, 4, (t:0, i:0))
2022-11-05 13:04:52,845 [grpc-default-executor-3] INFO  impl.VoteContext (VoteContext.java:log(48)) - 81de4557-c158-4718-93a8-b16ff7f8daad@group-EA947C079E8C-FOLLOWER: reject ELECTION from 3fdd4c6e-2961-42ba-90d3-b5f169a49f15: our priority 1 > candidate's priority 0
2022-11-05 13:04:52,845 [grpc-default-executor-3] INFO  server.RaftServer$Division (RaftServerImpl.java:setRole(321)) - 81de4557-c158-4718-93a8-b16ff7f8daad@group-EA947C079E8C: changes role from  FOLLOWER to FOLLOWER at term 4 for candidate:3fdd4c6e-2961-42ba-90d3-b5f169a49f15
2022-11-05 13:04:52,845 [grpc-default-executor-3] INFO  impl.RoleInfo (RoleInfo.java:shutdownFollowerState(110)) - 81de4557-c158-4718-93a8-b16ff7f8daad: shutdown 81de4557-c158-4718-93a8-b16ff7f8daad@group-EA947C079E8C-FollowerState
2022-11-05 13:04:52,845 [grpc-default-executor-3] INFO  impl.RoleInfo (RoleInfo.java:updateAndGet(139)) - 81de4557-c158-4718-93a8-b16ff7f8daad: start 81de4557-c158-4718-93a8-b16ff7f8daad@group-EA947C079E8C-FollowerState
2022-11-05 13:04:52,845 [81de4557-c158-4718-93a8-b16ff7f8daad@group-EA947C079E8C-FollowerState] INFO  impl.FollowerState (FollowerState.java:run(152)) - 81de4557-c158-4718-93a8-b16ff7f8daad@group-EA947C079E8C-FollowerState was interrupted
2022-11-05 13:04:52,857 [81de4557-c158-4718-93a8-b16ff7f8daad@group-EA947C079E8C-FollowerState] INFO  server.RaftServerConfigKeys (ConfUtils.java:logFallback(53)) - raft.server.rpc.first-election.timeout.min = 5s (fallback to raft.server.rpc.timeout.min)
2022-11-05 13:04:52,857 [81de4557-c158-4718-93a8-b16ff7f8daad@group-EA947C079E8C-FollowerState] INFO  server.RaftServerConfigKeys (ConfUtils.java:logFallback(53)) - raft.server.rpc.first-election.timeout.max = 5200ms (fallback to raft.server.rpc.timeout.max)
2022-11-05 13:04:52,857 [grpc-default-executor-5] INFO  server.RaftServer$Division (RaftServerImpl.java:requestVote(1251)) - 44bea1f4-43dd-4415-bb4e-4e9896dd68f6@group-EA947C079E8C replies to ELECTION vote request: 3fdd4c6e-2961-42ba-90d3-b5f169a49f15<-44bea1f4-43dd-4415-bb4e-4e9896dd68f6#0:OK-t4. Peer's state: 44bea1f4-43dd-4415-bb4e-4e9896dd68f6@group-EA947C079E8C:t4, leader=null, voted=3fdd4c6e-2961-42ba-90d3-b5f169a49f15, raftlog=Memoized:44bea1f4-43dd-4415-bb4e-4e9896dd68f6@group-EA947C079E8C-SegmentedRaftLog:OPENED:c-1, conf=-1: peers:[81de4557-c158-4718-93a8-b16ff7f8daad|rpc:10.1.0.157:42037|dataStream:|priority:1|startupRole:FOLLOWER, 44bea1f4-43dd-4415-bb4e-4e9896dd68f6|rpc:10.1.0.157:34265|dataStream:|priority:0|startupRole:FOLLOWER, 3fdd4c6e-2961-42ba-90d3-b5f169a49f15|rpc:10.1.0.157:38617|dataStream:|priority:0|startupRole:FOLLOWER]|listeners:[], old=null
2022-11-05 13:04:52,860 [grpc-default-executor-3] INFO  server.RaftServer$Division (RaftServerImpl.java:requestVote(1251)) - 81de4557-c158-4718-93a8-b16ff7f8daad@group-EA947C079E8C replies to ELECTION vote request: 3fdd4c6e-2961-42ba-90d3-b5f169a49f15<-81de4557-c158-4718-93a8-b16ff7f8daad#0:FAIL-t4. Peer's state: 81de4557-c158-4718-93a8-b16ff7f8daad@group-EA947C079E8C:t4, leader=null, voted=null, raftlog=Memoized:81de4557-c158-4718-93a8-b16ff7f8daad@group-EA947C079E8C-SegmentedRaftLog:OPENED:c-1, conf=-1: peers:[81de4557-c158-4718-93a8-b16ff7f8daad|rpc:10.1.0.157:42037|dataStream:|priority:1|startupRole:FOLLOWER, 44bea1f4-43dd-4415-bb4e-4e9896dd68f6|rpc:10.1.0.157:34265|dataStream:|priority:0|startupRole:FOLLOWER, 3fdd4c6e-2961-42ba-90d3-b5f169a49f15|rpc:10.1.0.157:38617|dataStream:|priority:0|startupRole:FOLLOWER]|listeners:[], old=null
2022-11-05 13:04:52,860 [3fdd4c6e-2961-42ba-90d3-b5f169a49f15@group-EA947C079E8C-LeaderElection28] INFO  impl.LeaderElection (LeaderElection.java:logAndReturn(90)) - 3fdd4c6e-2961-42ba-90d3-b5f169a49f15@group-EA947C079E8C-LeaderElection28: ELECTION REJECTED received 2 response(s) and 0 exception(s):
2022-11-05 13:04:52,861 [3fdd4c6e-2961-42ba-90d3-b5f169a49f15@group-EA947C079E8C-LeaderElection28] INFO  impl.LeaderElection (LeaderElection.java:logAndReturn(94)) -   Response 0: 3fdd4c6e-2961-42ba-90d3-b5f169a49f15<-81de4557-c158-4718-93a8-b16ff7f8daad#0:FAIL-t4
2022-11-05 13:04:52,861 [3fdd4c6e-2961-42ba-90d3-b5f169a49f15@group-EA947C079E8C-LeaderElection28] INFO  impl.LeaderElection (LeaderElection.java:logAndReturn(94)) -   Response 1: 3fdd4c6e-2961-42ba-90d3-b5f169a49f15<-44bea1f4-43dd-4415-bb4e-4e9896dd68f6#0:OK-t4
2022-11-05 13:04:52,861 [3fdd4c6e-2961-42ba-90d3-b5f169a49f15@group-EA947C079E8C-LeaderElection28] INFO  impl.LeaderElection (LeaderElection.java:askForVotes(314)) - 3fdd4c6e-2961-42ba-90d3-b5f169a49f15@group-EA947C079E8C-LeaderElection28 ELECTION round 0: result REJECTED
2022-11-05 13:04:52,861 [3fdd4c6e-2961-42ba-90d3-b5f169a49f15@group-EA947C079E8C-LeaderElection28] INFO  server.RaftServer$Division (RaftServerImpl.java:setRole(321)) - 3fdd4c6e-2961-42ba-90d3-b5f169a49f15@group-EA947C079E8C: changes role from CANDIDATE to FOLLOWER at term 4 for REJECTED
2022-11-05 13:04:52,861 [3fdd4c6e-2961-42ba-90d3-b5f169a49f15@group-EA947C079E8C-LeaderElection28] INFO  impl.RoleInfo (RoleInfo.java:shutdownLeaderElection(130)) - 3fdd4c6e-2961-42ba-90d3-b5f169a49f15: shutdown 3fdd4c6e-2961-42ba-90d3-b5f169a49f15@group-EA947C079E8C-LeaderElection28
2022-11-05 13:04:52,861 [3fdd4c6e-2961-42ba-90d3-b5f169a49f15@group-EA947C079E8C-LeaderElection28] INFO  impl.RoleInfo (RoleInfo.java:updateAndGet(139)) - 3fdd4c6e-2961-42ba-90d3-b5f169a49f15: start 3fdd4c6e-2961-42ba-90d3-b5f169a49f15@group-EA947C079E8C-FollowerState
2022-11-05 13:04:52,861 [3fdd4c6e-2961-42ba-90d3-b5f169a49f15@group-EA947C079E8C-FollowerState] INFO  server.RaftServerConfigKeys (ConfUtils.java:logFallback(53)) - raft.server.rpc.first-election.timeout.min = 5s (fallback to raft.server.rpc.timeout.min)
2022-11-05 13:04:52,861 [3fdd4c6e-2961-42ba-90d3-b5f169a49f15@group-EA947C079E8C-FollowerState] INFO  server.RaftServerConfigKeys (ConfUtils.java:logFallback(53)) - raft.server.rpc.first-election.timeout.max = 5200ms (fallback to raft.server.rpc.timeout.max)
2022-11-05 13:04:57,970 [81de4557-c158-4718-93a8-b16ff7f8daad@group-EA947C079E8C-FollowerState] INFO  impl.FollowerState (FollowerState.java:run(143)) - 81de4557-c158-4718-93a8-b16ff7f8daad@group-EA947C079E8C-FollowerState: change to CANDIDATE, lastRpcElapsedTime:5124925136ns, electionTimeout:5113ms
2022-11-05 13:04:57,970 [81de4557-c158-4718-93a8-b16ff7f8daad@group-EA947C079E8C-FollowerState] INFO  impl.RoleInfo (RoleInfo.java:shutdownFollowerState(110)) - 81de4557-c158-4718-93a8-b16ff7f8daad: shutdown 81de4557-c158-4718-93a8-b16ff7f8daad@group-EA947C079E8C-FollowerState
2022-11-05 13:04:57,970 [81de4557-c158-4718-93a8-b16ff7f8daad@group-EA947C079E8C-FollowerState] INFO  server.RaftServer$Division (RaftServerImpl.java:setRole(321)) - 81de4557-c158-4718-93a8-b16ff7f8daad@group-EA947C079E8C: changes role from  FOLLOWER to CANDIDATE at term 4 for changeToCandidate
2022-11-05 13:04:57,970 [81de4557-c158-4718-93a8-b16ff7f8daad@group-EA947C079E8C-FollowerState] INFO  server.RaftServerConfigKeys (ConfUtils.java:logGet(46)) - raft.server.leaderelection.pre-vote = false (custom)
2022-11-05 13:04:57,971 [81de4557-c158-4718-93a8-b16ff7f8daad@group-EA947C079E8C-FollowerState] INFO  impl.RoleInfo (RoleInfo.java:updateAndGet(139)) - 81de4557-c158-4718-93a8-b16ff7f8daad: start 81de4557-c158-4718-93a8-b16ff7f8daad@group-EA947C079E8C-LeaderElection29
2022-11-05 13:04:57,986 [3fdd4c6e-2961-42ba-90d3-b5f169a49f15@group-EA947C079E8C-FollowerState] INFO  impl.FollowerState (FollowerState.java:run(143)) - 3fdd4c6e-2961-42ba-90d3-b5f169a49f15@group-EA947C079E8C-FollowerState: change to CANDIDATE, lastRpcElapsedTime:5124738333ns, electionTimeout:5124ms
2022-11-05 13:04:57,986 [3fdd4c6e-2961-42ba-90d3-b5f169a49f15@group-EA947C079E8C-FollowerState] INFO  impl.RoleInfo (RoleInfo.java:shutdownFollowerState(110)) - 3fdd4c6e-2961-42ba-90d3-b5f169a49f15: shutdown 3fdd4c6e-2961-42ba-90d3-b5f169a49f15@group-EA947C079E8C-FollowerState
2022-11-05 13:04:57,986 [3fdd4c6e-2961-42ba-90d3-b5f169a49f15@group-EA947C079E8C-FollowerState] INFO  server.RaftServer$Division (RaftServerImpl.java:setRole(321)) - 3fdd4c6e-2961-42ba-90d3-b5f169a49f15@group-EA947C079E8C: changes role from  FOLLOWER to CANDIDATE at term 4 for changeToCandidate
2022-11-05 13:04:57,986 [3fdd4c6e-2961-42ba-90d3-b5f169a49f15@group-EA947C079E8C-FollowerState] INFO  server.RaftServerConfigKeys (ConfUtils.java:logGet(46)) - raft.server.leaderelection.pre-vote = false (custom)
2022-11-05 13:04:57,986 [3fdd4c6e-2961-42ba-90d3-b5f169a49f15@group-EA947C079E8C-FollowerState] INFO  impl.RoleInfo (RoleInfo.java:updateAndGet(139)) - 3fdd4c6e-2961-42ba-90d3-b5f169a49f15: start 3fdd4c6e-2961-42ba-90d3-b5f169a49f15@group-EA947C079E8C-LeaderElection30
2022-11-05 13:04:57,990 [81de4557-c158-4718-93a8-b16ff7f8daad@group-EA947C079E8C-LeaderElection29] INFO  impl.LeaderElection (LeaderElection.java:askForVotes(312)) - 81de4557-c158-4718-93a8-b16ff7f8daad@group-EA947C079E8C-LeaderElection29 ELECTION round 0: submit vote requests at term 5 for -1: peers:[81de4557-c158-4718-93a8-b16ff7f8daad|rpc:10.1.0.157:42037|dataStream:|priority:1|startupRole:FOLLOWER, 44bea1f4-43dd-4415-bb4e-4e9896dd68f6|rpc:10.1.0.157:34265|dataStream:|priority:0|startupRole:FOLLOWER, 3fdd4c6e-2961-42ba-90d3-b5f169a49f15|rpc:10.1.0.157:38617|dataStream:|priority:0|startupRole:FOLLOWER]|listeners:[], old=null
2022-11-05 13:04:57,991 [81de4557-c158-4718-93a8-b16ff7f8daad@group-EA947C079E8C-LeaderElection29-1] INFO  server.GrpcServerProtocolClient (GrpcServerProtocolClient.java:<init>(63)) - Build channel for 44bea1f4-43dd-4415-bb4e-4e9896dd68f6
2022-11-05 13:04:57,991 [81de4557-c158-4718-93a8-b16ff7f8daad@group-EA947C079E8C-LeaderElection29] INFO  server.RaftServerConfigKeys (ConfUtils.java:logFallback(53)) - raft.server.rpc.first-election.timeout.min = 5s (fallback to raft.server.rpc.timeout.min)
2022-11-05 13:04:57,991 [81de4557-c158-4718-93a8-b16ff7f8daad@group-EA947C079E8C-LeaderElection29] INFO  server.RaftServerConfigKeys (ConfUtils.java:logFallback(53)) - raft.server.rpc.first-election.timeout.max = 5200ms (fallback to raft.server.rpc.timeout.max)
2022-11-05 13:04:57,991 [81de4557-c158-4718-93a8-b16ff7f8daad@group-EA947C079E8C-LeaderElection29-2] INFO  server.GrpcServerProtocolClient (GrpcServerProtocolClient.java:<init>(63)) - Build channel for 3fdd4c6e-2961-42ba-90d3-b5f169a49f15
2022-11-05 13:04:57,997 [3fdd4c6e-2961-42ba-90d3-b5f169a49f15@group-EA947C079E8C-LeaderElection30] INFO  impl.LeaderElection (LeaderElection.java:askForVotes(312)) - 3fdd4c6e-2961-42ba-90d3-b5f169a49f15@group-EA947C079E8C-LeaderElection30 ELECTION round 0: submit vote requests at term 5 for -1: peers:[81de4557-c158-4718-93a8-b16ff7f8daad|rpc:10.1.0.157:42037|priority:1|startupRole:FOLLOWER, 44bea1f4-43dd-4415-bb4e-4e9896dd68f6|rpc:10.1.0.157:34265|priority:0|startupRole:FOLLOWER, 3fdd4c6e-2961-42ba-90d3-b5f169a49f15|rpc:10.1.0.157:38617|priority:0|startupRole:FOLLOWER]|listeners:[], old=null
2022-11-05 13:04:57,997 [3fdd4c6e-2961-42ba-90d3-b5f169a49f15@group-EA947C079E8C-LeaderElection30] INFO  server.RaftServerConfigKeys (ConfUtils.java:logFallback(53)) - raft.server.rpc.first-election.timeout.min = 5s (fallback to raft.server.rpc.timeout.min)
2022-11-05 13:04:57,998 [3fdd4c6e-2961-42ba-90d3-b5f169a49f15@group-EA947C079E8C-LeaderElection30] INFO  server.RaftServerConfigKeys (ConfUtils.java:logFallback(53)) - raft.server.rpc.first-election.timeout.max = 5200ms (fallback to raft.server.rpc.timeout.max)
2022-11-05 13:04:58,002 [grpc-default-executor-5] INFO  server.RaftServer$Division (RaftServerImpl.java:requestVote(1218)) - 81de4557-c158-4718-93a8-b16ff7f8daad@group-EA947C079E8C: receive requestVote(ELECTION, 3fdd4c6e-2961-42ba-90d3-b5f169a49f15, group-EA947C079E8C, 5, (t:0, i:0))
2022-11-05 13:04:58,002 [grpc-default-executor-5] INFO  impl.VoteContext (VoteContext.java:log(48)) - 81de4557-c158-4718-93a8-b16ff7f8daad@group-EA947C079E8C-CANDIDATE: reject ELECTION from 3fdd4c6e-2961-42ba-90d3-b5f169a49f15: already has voted for 81de4557-c158-4718-93a8-b16ff7f8daad at current term 5
2022-11-05 13:04:58,002 [grpc-default-executor-5] INFO  server.RaftServer$Division (RaftServerImpl.java:requestVote(1251)) - 81de4557-c158-4718-93a8-b16ff7f8daad@group-EA947C079E8C replies to ELECTION vote request: 3fdd4c6e-2961-42ba-90d3-b5f169a49f15<-81de4557-c158-4718-93a8-b16ff7f8daad#0:FAIL-t5. Peer's state: 81de4557-c158-4718-93a8-b16ff7f8daad@group-EA947C079E8C:t5, leader=null, voted=81de4557-c158-4718-93a8-b16ff7f8daad, raftlog=Memoized:81de4557-c158-4718-93a8-b16ff7f8daad@group-EA947C079E8C-SegmentedRaftLog:OPENED:c-1, conf=-1: peers:[81de4557-c158-4718-93a8-b16ff7f8daad|rpc:10.1.0.157:42037|dataStream:|priority:1|startupRole:FOLLOWER, 44bea1f4-43dd-4415-bb4e-4e9896dd68f6|rpc:10.1.0.157:34265|dataStream:|priority:0|startupRole:FOLLOWER, 3fdd4c6e-2961-42ba-90d3-b5f169a49f15|rpc:10.1.0.157:38617|dataStream:|priority:0|startupRole:FOLLOWER]|listeners:[], old=null
2022-11-05 13:04:58,003 [3fdd4c6e-2961-42ba-90d3-b5f169a49f15@group-EA947C079E8C-LeaderElection30] INFO  impl.LeaderElection (LeaderElection.java:logAndReturn(90)) - 3fdd4c6e-2961-42ba-90d3-b5f169a49f15@group-EA947C079E8C-LeaderElection30: ELECTION REJECTED received 1 response(s) and 0 exception(s):
2022-11-05 13:04:58,003 [3fdd4c6e-2961-42ba-90d3-b5f169a49f15@group-EA947C079E8C-LeaderElection30] INFO  impl.LeaderElection (LeaderElection.java:logAndReturn(94)) -   Response 0: 3fdd4c6e-2961-42ba-90d3-b5f169a49f15<-81de4557-c158-4718-93a8-b16ff7f8daad#0:FAIL-t5
2022-11-05 13:04:58,004 [3fdd4c6e-2961-42ba-90d3-b5f169a49f15@group-EA947C079E8C-LeaderElection30] INFO  impl.LeaderElection (LeaderElection.java:askForVotes(314)) - 3fdd4c6e-2961-42ba-90d3-b5f169a49f15@group-EA947C079E8C-LeaderElection30 ELECTION round 0: result REJECTED
2022-11-05 13:04:58,004 [3fdd4c6e-2961-42ba-90d3-b5f169a49f15@group-EA947C079E8C-LeaderElection30] INFO  server.RaftServer$Division (RaftServerImpl.java:setRole(321)) - 3fdd4c6e-2961-42ba-90d3-b5f169a49f15@group-EA947C079E8C: changes role from CANDIDATE to FOLLOWER at term 5 for REJECTED
2022-11-05 13:04:58,004 [3fdd4c6e-2961-42ba-90d3-b5f169a49f15@group-EA947C079E8C-LeaderElection30] INFO  impl.RoleInfo (RoleInfo.java:shutdownLeaderElection(130)) - 3fdd4c6e-2961-42ba-90d3-b5f169a49f15: shutdown 3fdd4c6e-2961-42ba-90d3-b5f169a49f15@group-EA947C079E8C-LeaderElection30
2022-11-05 13:04:58,004 [3fdd4c6e-2961-42ba-90d3-b5f169a49f15@group-EA947C079E8C-LeaderElection30] INFO  impl.RoleInfo (RoleInfo.java:updateAndGet(139)) - 3fdd4c6e-2961-42ba-90d3-b5f169a49f15: start 3fdd4c6e-2961-42ba-90d3-b5f169a49f15@group-EA947C079E8C-FollowerState
2022-11-05 13:04:58,005 [grpc-default-executor-5] INFO  server.RaftServer$Division (RaftServerImpl.java:requestVote(1218)) - 3fdd4c6e-2961-42ba-90d3-b5f169a49f15@group-EA947C079E8C: receive requestVote(ELECTION, 81de4557-c158-4718-93a8-b16ff7f8daad, group-EA947C079E8C, 5, (t:0, i:0))
2022-11-05 13:04:58,005 [grpc-default-executor-5] INFO  impl.VoteContext (VoteContext.java:log(48)) - 3fdd4c6e-2961-42ba-90d3-b5f169a49f15@group-EA947C079E8C-FOLLOWER: reject ELECTION from 81de4557-c158-4718-93a8-b16ff7f8daad: already has voted for 3fdd4c6e-2961-42ba-90d3-b5f169a49f15 at current term 5
2022-11-05 13:04:58,006 [grpc-default-executor-5] INFO  server.RaftServer$Division (RaftServerImpl.java:requestVote(1251)) - 3fdd4c6e-2961-42ba-90d3-b5f169a49f15@group-EA947C079E8C replies to ELECTION vote request: 81de4557-c158-4718-93a8-b16ff7f8daad<-3fdd4c6e-2961-42ba-90d3-b5f169a49f15#0:FAIL-t5. Peer's state: 3fdd4c6e-2961-42ba-90d3-b5f169a49f15@group-EA947C079E8C:t5, leader=null, voted=3fdd4c6e-2961-42ba-90d3-b5f169a49f15, raftlog=Memoized:3fdd4c6e-2961-42ba-90d3-b5f169a49f15@group-EA947C079E8C-SegmentedRaftLog:OPENED:c-1, conf=-1: peers:[81de4557-c158-4718-93a8-b16ff7f8daad|rpc:10.1.0.157:42037|priority:1|startupRole:FOLLOWER, 44bea1f4-43dd-4415-bb4e-4e9896dd68f6|rpc:10.1.0.157:34265|priority:0|startupRole:FOLLOWER, 3fdd4c6e-2961-42ba-90d3-b5f169a49f15|rpc:10.1.0.157:38617|priority:0|startupRole:FOLLOWER]|listeners:[], old=null
2022-11-05 13:04:58,006 [3fdd4c6e-2961-42ba-90d3-b5f169a49f15@group-EA947C079E8C-FollowerState] INFO  server.RaftServerConfigKeys (ConfUtils.java:logFallback(53)) - raft.server.rpc.first-election.timeout.min = 5s (fallback to raft.server.rpc.timeout.min)
2022-11-05 13:04:58,006 [3fdd4c6e-2961-42ba-90d3-b5f169a49f15@group-EA947C079E8C-FollowerState] INFO  server.RaftServerConfigKeys (ConfUtils.java:logFallback(53)) - raft.server.rpc.first-election.timeout.max = 5200ms (fallback to raft.server.rpc.timeout.max)
2022-11-05 13:04:58,008 [grpc-default-executor-3] INFO  server.RaftServer$Division (RaftServerImpl.java:requestVote(1218)) - 44bea1f4-43dd-4415-bb4e-4e9896dd68f6@group-EA947C079E8C: receive requestVote(ELECTION, 81de4557-c158-4718-93a8-b16ff7f8daad, group-EA947C079E8C, 5, (t:0, i:0))
2022-11-05 13:04:58,007 [grpc-default-executor-5] INFO  server.RaftServer$Division (RaftServerImpl.java:requestVote(1218)) - 44bea1f4-43dd-4415-bb4e-4e9896dd68f6@group-EA947C079E8C: receive requestVote(ELECTION, 3fdd4c6e-2961-42ba-90d3-b5f169a49f15, group-EA947C079E8C, 5, (t:0, i:0))
2022-11-05 13:04:58,009 [grpc-default-executor-3] INFO  impl.VoteContext (VoteContext.java:log(48)) - 44bea1f4-43dd-4415-bb4e-4e9896dd68f6@group-EA947C079E8C-FOLLOWER: accept ELECTION from 81de4557-c158-4718-93a8-b16ff7f8daad: our priority 0 <= candidate's priority 1
2022-11-05 13:04:58,009 [grpc-default-executor-3] INFO  server.RaftServer$Division (RaftServerImpl.java:setRole(321)) - 44bea1f4-43dd-4415-bb4e-4e9896dd68f6@group-EA947C079E8C: changes role from  FOLLOWER to FOLLOWER at term 5 for candidate:81de4557-c158-4718-93a8-b16ff7f8daad
2022-11-05 13:04:58,009 [grpc-default-executor-3] INFO  impl.RoleInfo (RoleInfo.java:shutdownFollowerState(110)) - 44bea1f4-43dd-4415-bb4e-4e9896dd68f6: shutdown 44bea1f4-43dd-4415-bb4e-4e9896dd68f6@group-EA947C079E8C-FollowerState
2022-11-05 13:04:58,009 [grpc-default-executor-3] INFO  impl.RoleInfo (RoleInfo.java:updateAndGet(139)) - 44bea1f4-43dd-4415-bb4e-4e9896dd68f6: start 44bea1f4-43dd-4415-bb4e-4e9896dd68f6@group-EA947C079E8C-FollowerState
2022-11-05 13:04:58,009 [44bea1f4-43dd-4415-bb4e-4e9896dd68f6@group-EA947C079E8C-FollowerState] INFO  impl.FollowerState (FollowerState.java:run(152)) - 44bea1f4-43dd-4415-bb4e-4e9896dd68f6@group-EA947C079E8C-FollowerState was interrupted
2022-11-05 13:04:58,011 [44bea1f4-43dd-4415-bb4e-4e9896dd68f6@group-EA947C079E8C-FollowerState] INFO  server.RaftServerConfigKeys (ConfUtils.java:logFallback(53)) - raft.server.rpc.first-election.timeout.min = 5s (fallback to raft.server.rpc.timeout.min)
2022-11-05 13:04:58,011 [44bea1f4-43dd-4415-bb4e-4e9896dd68f6@group-EA947C079E8C-FollowerState] INFO  server.RaftServerConfigKeys (ConfUtils.java:logFallback(53)) - raft.server.rpc.first-election.timeout.max = 5200ms (fallback to raft.server.rpc.timeout.max)
2022-11-05 13:04:58,019 [grpc-default-executor-3] INFO  server.RaftServer$Division (RaftServerImpl.java:requestVote(1251)) - 44bea1f4-43dd-4415-bb4e-4e9896dd68f6@group-EA947C079E8C replies to ELECTION vote request: 81de4557-c158-4718-93a8-b16ff7f8daad<-44bea1f4-43dd-4415-bb4e-4e9896dd68f6#0:OK-t5. Peer's state: 44bea1f4-43dd-4415-bb4e-4e9896dd68f6@group-EA947C079E8C:t5, leader=null, voted=81de4557-c158-4718-93a8-b16ff7f8daad, raftlog=Memoized:44bea1f4-43dd-4415-bb4e-4e9896dd68f6@group-EA947C079E8C-SegmentedRaftLog:OPENED:c-1, conf=-1: peers:[81de4557-c158-4718-93a8-b16ff7f8daad|rpc:10.1.0.157:42037|dataStream:|priority:1|startupRole:FOLLOWER, 44bea1f4-43dd-4415-bb4e-4e9896dd68f6|rpc:10.1.0.157:34265|dataStream:|priority:0|startupRole:FOLLOWER, 3fdd4c6e-2961-42ba-90d3-b5f169a49f15|rpc:10.1.0.157:38617|dataStream:|priority:0|startupRole:FOLLOWER]|listeners:[], old=null
2022-11-05 13:04:58,019 [grpc-default-executor-5] INFO  impl.VoteContext (VoteContext.java:log(48)) - 44bea1f4-43dd-4415-bb4e-4e9896dd68f6@group-EA947C079E8C-FOLLOWER: reject ELECTION from 3fdd4c6e-2961-42ba-90d3-b5f169a49f15: already has voted for 81de4557-c158-4718-93a8-b16ff7f8daad at current term 5
2022-11-05 13:04:58,019 [grpc-default-executor-5] INFO  server.RaftServer$Division (RaftServerImpl.java:requestVote(1251)) - 44bea1f4-43dd-4415-bb4e-4e9896dd68f6@group-EA947C079E8C replies to ELECTION vote request: 3fdd4c6e-2961-42ba-90d3-b5f169a49f15<-44bea1f4-43dd-4415-bb4e-4e9896dd68f6#0:FAIL-t5. Peer's state: 44bea1f4-43dd-4415-bb4e-4e9896dd68f6@group-EA947C079E8C:t5, leader=null, voted=81de4557-c158-4718-93a8-b16ff7f8daad, raftlog=Memoized:44bea1f4-43dd-4415-bb4e-4e9896dd68f6@group-EA947C079E8C-SegmentedRaftLog:OPENED:c-1, conf=-1: peers:[81de4557-c158-4718-93a8-b16ff7f8daad|rpc:10.1.0.157:42037|dataStream:|priority:1|startupRole:FOLLOWER, 44bea1f4-43dd-4415-bb4e-4e9896dd68f6|rpc:10.1.0.157:34265|dataStream:|priority:0|startupRole:FOLLOWER, 3fdd4c6e-2961-42ba-90d3-b5f169a49f15|rpc:10.1.0.157:38617|dataStream:|priority:0|startupRole:FOLLOWER]|listeners:[], old=null
2022-11-05 13:04:58,020 [81de4557-c158-4718-93a8-b16ff7f8daad@group-EA947C079E8C-LeaderElection29] INFO  impl.LeaderElection (LeaderElection.java:logAndReturn(90)) - 81de4557-c158-4718-93a8-b16ff7f8daad@group-EA947C079E8C-LeaderElection29: ELECTION PASSED received 2 response(s) and 0 exception(s):
2022-11-05 13:04:58,020 [81de4557-c158-4718-93a8-b16ff7f8daad@group-EA947C079E8C-LeaderElection29] INFO  impl.LeaderElection (LeaderElection.java:logAndReturn(94)) -   Response 0: 81de4557-c158-4718-93a8-b16ff7f8daad<-44bea1f4-43dd-4415-bb4e-4e9896dd68f6#0:OK-t5
2022-11-05 13:04:58,020 [81de4557-c158-4718-93a8-b16ff7f8daad@group-EA947C079E8C-LeaderElection29] INFO  impl.LeaderElection (LeaderElection.java:logAndReturn(94)) -   Response 1: 81de4557-c158-4718-93a8-b16ff7f8daad<-3fdd4c6e-2961-42ba-90d3-b5f169a49f15#0:FAIL-t5
2022-11-05 13:04:58,020 [81de4557-c158-4718-93a8-b16ff7f8daad@group-EA947C079E8C-LeaderElection29] INFO  impl.LeaderElection (LeaderElection.java:askForVotes(314)) - 81de4557-c158-4718-93a8-b16ff7f8daad@group-EA947C079E8C-LeaderElection29 ELECTION round 0: result PASSED
2022-11-05 13:04:58,020 [81de4557-c158-4718-93a8-b16ff7f8daad@group-EA947C079E8C-LeaderElection29] INFO  impl.RoleInfo (RoleInfo.java:shutdownLeaderElection(130)) - 81de4557-c158-4718-93a8-b16ff7f8daad: shutdown 81de4557-c158-4718-93a8-b16ff7f8daad@group-EA947C079E8C-LeaderElection29
2022-11-05 13:04:58,020 [81de4557-c158-4718-93a8-b16ff7f8daad@group-EA947C079E8C-LeaderElection29] INFO  server.RaftServer$Division (RaftServerImpl.java:setRole(321)) - 81de4557-c158-4718-93a8-b16ff7f8daad@group-EA947C079E8C: changes role from CANDIDATE to LEADER at term 5 for changeToLeader
2022-11-05 13:04:58,020 [81de4557-c158-4718-93a8-b16ff7f8daad@group-EA947C079E8C-LeaderElection29] INFO  ratis.XceiverServerRatis (XceiverServerRatis.java:handleLeaderChangedNotification(863)) - Leader change notification received for group: group-EA947C079E8C with new leaderId: 81de4557-c158-4718-93a8-b16ff7f8daad
2022-11-05 13:04:58,020 [81de4557-c158-4718-93a8-b16ff7f8daad@group-EA947C079E8C-LeaderElection29] INFO  server.RaftServer$Division (ServerState.java:setLeader(313)) - 81de4557-c158-4718-93a8-b16ff7f8daad@group-EA947C079E8C: change Leader from null to 81de4557-c158-4718-93a8-b16ff7f8daad at term 5 for becomeLeader, leader elected after 25583ms
2022-11-05 13:04:58,021 [81de4557-c158-4718-93a8-b16ff7f8daad@group-EA947C079E8C-LeaderElection29] INFO  server.RaftServerConfigKeys (ConfUtils.java:logGet(46)) - raft.server.staging.catchup.gap = 1000 (default)
2022-11-05 13:04:58,021 [81de4557-c158-4718-93a8-b16ff7f8daad@group-EA947C079E8C-LeaderElection29] INFO  server.RaftServerConfigKeys (ConfUtils.java:logGet(46)) - raft.server.write.element-limit = 1024 (custom)
2022-11-05 13:04:58,021 [81de4557-c158-4718-93a8-b16ff7f8daad@group-EA947C079E8C-LeaderElection29] INFO  server.RaftServerConfigKeys (ConfUtils.java:logGet(46)) - raft.server.write.byte-limit = 1024 M (=1073741824) (custom)
2022-11-05 13:04:58,021 [81de4557-c158-4718-93a8-b16ff7f8daad@group-EA947C079E8C-LeaderElection29] INFO  server.RaftServerConfigKeys (ConfUtils.java:logGet(46)) - raft.server.watch.timeout = 180s (custom)
2022-11-05 13:04:58,021 [81de4557-c158-4718-93a8-b16ff7f8daad@group-EA947C079E8C-LeaderElection29] INFO  server.RaftServerConfigKeys (ConfUtils.java:logGet(46)) - raft.server.watch.timeout.denomination = 1s (default)
2022-11-05 13:04:58,021 [81de4557-c158-4718-93a8-b16ff7f8daad@group-EA947C079E8C-LeaderElection29] INFO  server.RaftServerConfigKeys (ConfUtils.java:logGet(46)) - raft.server.watch.element-limit = 65536 (default)
2022-11-05 13:04:58,021 [81de4557-c158-4718-93a8-b16ff7f8daad@group-EA947C079E8C-LeaderElection29] INFO  server.RaftServerConfigKeys (ConfUtils.java:logGet(46)) - raft.server.write.element-limit = 1024 (custom)
2022-11-05 13:04:58,021 [81de4557-c158-4718-93a8-b16ff7f8daad@group-EA947C079E8C-LeaderElection29] INFO  server.RaftServerConfigKeys (ConfUtils.java:logGet(46)) - raft.server.write.follower.gap.ratio.max = -1.0 (default)
2022-11-05 13:04:58,022 [81de4557-c158-4718-93a8-b16ff7f8daad@group-EA947C079E8C-LeaderElection29] INFO  server.RaftServerConfigKeys (ConfUtils.java:logGet(46)) - raft.server.log.appender.snapshot.chunk.size.max = 16MB (=16777216) (default)
2022-11-05 13:04:58,022 [81de4557-c158-4718-93a8-b16ff7f8daad@group-EA947C079E8C-LeaderElection29] INFO  server.RaftServerConfigKeys (ConfUtils.java:logGet(46)) - raft.server.log.appender.buffer.byte-limit = 33554432 (custom)
2022-11-05 13:04:58,022 [81de4557-c158-4718-93a8-b16ff7f8daad@group-EA947C079E8C-LeaderElection29] INFO  server.RaftServerConfigKeys (ConfUtils.java:logGet(46)) - raft.server.log.appender.buffer.element-limit = 1 (custom)
2022-11-05 13:04:58,022 [81de4557-c158-4718-93a8-b16ff7f8daad@group-EA947C079E8C-LeaderElection29] INFO  grpc.GrpcConfigKeys (ConfUtils.java:logGet(46)) - raft.grpc.server.leader.outstanding.appends.max = 128 (default)
2022-11-05 13:04:58,022 [81de4557-c158-4718-93a8-b16ff7f8daad@group-EA947C079E8C-LeaderElection29] INFO  server.RaftServerConfigKeys (ConfUtils.java:logGet(46)) - raft.server.rpc.request.timeout = 60s (custom)
2022-11-05 13:04:58,022 [81de4557-c158-4718-93a8-b16ff7f8daad@group-EA947C079E8C-LeaderElection29] INFO  server.RaftServerConfigKeys (ConfUtils.java:logGet(46)) - raft.server.log.appender.install.snapshot.enabled = false (custom)
2022-11-05 13:04:58,022 [81de4557-c158-4718-93a8-b16ff7f8daad@group-EA947C079E8C-LeaderElection29] INFO  grpc.GrpcConfigKeys (ConfUtils.java:logGet(46)) - raft.grpc.server.heartbeat.channel = true (default)
2022-11-05 13:04:58,022 [81de4557-c158-4718-93a8-b16ff7f8daad@group-EA947C079E8C-LeaderElection29] INFO  server.RaftServerConfigKeys (ConfUtils.java:logGet(46)) - raft.server.log.appender.wait-time.min = 10ms (default)
2022-11-05 13:04:58,023 [81de4557-c158-4718-93a8-b16ff7f8daad@group-EA947C079E8C-LeaderElection29] INFO  server.RaftServerConfigKeys (ConfUtils.java:logGet(46)) - raft.server.log.appender.snapshot.chunk.size.max = 16MB (=16777216) (default)
2022-11-05 13:04:58,023 [81de4557-c158-4718-93a8-b16ff7f8daad@group-EA947C079E8C-LeaderElection29] INFO  server.RaftServerConfigKeys (ConfUtils.java:logGet(46)) - raft.server.log.appender.buffer.byte-limit = 33554432 (custom)
2022-11-05 13:04:58,023 [81de4557-c158-4718-93a8-b16ff7f8daad@group-EA947C079E8C-LeaderElection29] INFO  server.RaftServerConfigKeys (ConfUtils.java:logGet(46)) - raft.server.log.appender.buffer.element-limit = 1 (custom)
2022-11-05 13:04:58,023 [81de4557-c158-4718-93a8-b16ff7f8daad@group-EA947C079E8C-LeaderElection29] INFO  grpc.GrpcConfigKeys (ConfUtils.java:logGet(46)) - raft.grpc.server.leader.outstanding.appends.max = 128 (default)
2022-11-05 13:04:58,023 [81de4557-c158-4718-93a8-b16ff7f8daad@group-EA947C079E8C-LeaderElection29] INFO  server.RaftServerConfigKeys (ConfUtils.java:logGet(46)) - raft.server.rpc.request.timeout = 60s (custom)
2022-11-05 13:04:58,023 [81de4557-c158-4718-93a8-b16ff7f8daad@group-EA947C079E8C-LeaderElection29] INFO  server.RaftServerConfigKeys (ConfUtils.java:logGet(46)) - raft.server.log.appender.install.snapshot.enabled = false (custom)
2022-11-05 13:04:58,023 [81de4557-c158-4718-93a8-b16ff7f8daad@group-EA947C079E8C-LeaderElection29] INFO  grpc.GrpcConfigKeys (ConfUtils.java:logGet(46)) - raft.grpc.server.heartbeat.channel = true (default)
2022-11-05 13:04:58,023 [81de4557-c158-4718-93a8-b16ff7f8daad@group-EA947C079E8C-LeaderElection29] INFO  server.RaftServerConfigKeys (ConfUtils.java:logGet(46)) - raft.server.log.appender.wait-time.min = 10ms (default)
2022-11-05 13:04:58,023 [81de4557-c158-4718-93a8-b16ff7f8daad@group-EA947C079E8C-LeaderElection29] INFO  impl.RoleInfo (RoleInfo.java:updateAndGet(139)) - 81de4557-c158-4718-93a8-b16ff7f8daad: start 81de4557-c158-4718-93a8-b16ff7f8daad@group-EA947C079E8C-LeaderStateImpl
2022-11-05 13:04:58,023 [81de4557-c158-4718-93a8-b16ff7f8daad@group-EA947C079E8C-LeaderElection29] INFO  segmented.SegmentedRaftLogWorker (SegmentedRaftLogWorker.java:startLogSegment(452)) - 81de4557-c158-4718-93a8-b16ff7f8daad@group-EA947C079E8C-SegmentedRaftLogWorker: Starting segment from index:0
2022-11-05 13:04:58,025 [EventQueue-PipelineReportForPipelineReportHandler] INFO  pipeline.PipelineManagerImpl (PipelineManagerImpl.java:openPipeline(367)) - Pipeline Pipeline[ Id: 7aa1f2c1-0578-4b1f-af90-ea947c079e8c, Nodes: 81de4557-c158-4718-93a8-b16ff7f8daad{ip: 10.1.0.157, host: fv-az83-841.uavyq1izdhte5b0ne1us2eqzhb.jx.internal.cloudapp.net, ports: [REPLICATION=38531, RATIS=42037, RATIS_ADMIN=42037, RATIS_SERVER=42037, STANDALONE=40833], networkLocation: /default-rack, certSerialId: null, persistedOpState: IN_SERVICE, persistedOpStateExpiryEpochSec: 0}3fdd4c6e-2961-42ba-90d3-b5f169a49f15{ip: 10.1.0.157, host: fv-az83-841.uavyq1izdhte5b0ne1us2eqzhb.jx.internal.cloudapp.net, ports: [REPLICATION=39061, RATIS=38617, RATIS_ADMIN=38617, RATIS_SERVER=38617, STANDALONE=41615], networkLocation: /default-rack, certSerialId: null, persistedOpState: IN_SERVICE, persistedOpStateExpiryEpochSec: 0}44bea1f4-43dd-4415-bb4e-4e9896dd68f6{ip: 10.1.0.157, host: fv-az83-841.uavyq1izdhte5b0ne1us2eqzhb.jx.internal.cloudapp.net, ports: [REPLICATION=38339, RATIS=34265, RATIS_ADMIN=34265, RATIS_SERVER=34265, STANDALONE=43671], networkLocation: /default-rack, certSerialId: null, persistedOpState: IN_SERVICE, persistedOpStateExpiryEpochSec: 0}, ReplicationConfig: RATIS/THREE, State:ALLOCATED, leaderId:81de4557-c158-4718-93a8-b16ff7f8daad, CreationTimestamp2022-11-05T13:04:30.178Z[Etc/UTC]] moved to OPEN state
2022-11-05 13:04:58,027 [81de4557-c158-4718-93a8-b16ff7f8daad@group-EA947C079E8C-LeaderElection29] INFO  server.RaftServer$Division (ServerState.java:setRaftConf(430)) - 81de4557-c158-4718-93a8-b16ff7f8daad@group-EA947C079E8C: set configuration 0: peers:[81de4557-c158-4718-93a8-b16ff7f8daad|rpc:10.1.0.157:42037|dataStream:|priority:1|startupRole:FOLLOWER, 44bea1f4-43dd-4415-bb4e-4e9896dd68f6|rpc:10.1.0.157:34265|dataStream:|priority:0|startupRole:FOLLOWER, 3fdd4c6e-2961-42ba-90d3-b5f169a49f15|rpc:10.1.0.157:38617|dataStream:|priority:0|startupRole:FOLLOWER]|listeners:[], old=null
2022-11-05 13:04:58,031 [81de4557-c158-4718-93a8-b16ff7f8daad@group-EA947C079E8C-SegmentedRaftLogWorker] INFO  segmented.SegmentedRaftLogWorker (SegmentedRaftLogWorker.java:execute(656)) - 81de4557-c158-4718-93a8-b16ff7f8daad@group-EA947C079E8C-SegmentedRaftLogWorker: created new log segment /home/runner/work/ozone/ozone/hadoop-ozone/integration-test/target/test-dir/MiniOzoneClusterImpl-9e91b504-fe86-427b-a8de-b3d8b21cdaaf/datanode-7/data/ratis/7aa1f2c1-0578-4b1f-af90-ea947c079e8c/current/log_inprogress_0
2022-11-05 13:04:58,036 [3fdd4c6e-2961-42ba-90d3-b5f169a49f15-server-thread1] INFO  ratis.XceiverServerRatis (XceiverServerRatis.java:handleLeaderChangedNotification(863)) - Leader change notification received for group: group-EA947C079E8C with new leaderId: 81de4557-c158-4718-93a8-b16ff7f8daad
2022-11-05 13:04:58,036 [3fdd4c6e-2961-42ba-90d3-b5f169a49f15-server-thread1] INFO  server.RaftServer$Division (ServerState.java:setLeader(313)) - 3fdd4c6e-2961-42ba-90d3-b5f169a49f15@group-EA947C079E8C: change Leader from null to 81de4557-c158-4718-93a8-b16ff7f8daad at term 5 for appendEntries, leader elected after 25636ms
2022-11-05 13:04:58,036 [44bea1f4-43dd-4415-bb4e-4e9896dd68f6-server-thread1] INFO  ratis.XceiverServerRatis (XceiverServerRatis.java:handleLeaderChangedNotification(863)) - Leader change notification received for group: group-EA947C079E8C with new leaderId: 81de4557-c158-4718-93a8-b16ff7f8daad
2022-11-05 13:04:58,036 [44bea1f4-43dd-4415-bb4e-4e9896dd68f6-server-thread1] INFO  server.RaftServer$Division (ServerState.java:setLeader(313)) - 44bea1f4-43dd-4415-bb4e-4e9896dd68f6@group-EA947C079E8C: change Leader from null to 81de4557-c158-4718-93a8-b16ff7f8daad at term 5 for appendEntries, leader elected after 25529ms
2022-11-05 13:04:58,040 [3fdd4c6e-2961-42ba-90d3-b5f169a49f15-server-thread3] INFO  server.RaftServer$Division (ServerState.java:setRaftConf(430)) - 3fdd4c6e-2961-42ba-90d3-b5f169a49f15@group-EA947C079E8C: set configuration 0: peers:[81de4557-c158-4718-93a8-b16ff7f8daad|rpc:10.1.0.157:42037|dataStream:|priority:1|startupRole:FOLLOWER, 44bea1f4-43dd-4415-bb4e-4e9896dd68f6|rpc:10.1.0.157:34265|dataStream:|priority:0|startupRole:FOLLOWER, 3fdd4c6e-2961-42ba-90d3-b5f169a49f15|rpc:10.1.0.157:38617|dataStream:|priority:0|startupRole:FOLLOWER]|listeners:[], old=null
2022-11-05 13:04:58,043 [3fdd4c6e-2961-42ba-90d3-b5f169a49f15-server-thread3] INFO  segmented.SegmentedRaftLogWorker (SegmentedRaftLogWorker.java:startLogSegment(452)) - 3fdd4c6e-2961-42ba-90d3-b5f169a49f15@group-EA947C079E8C-SegmentedRaftLogWorker: Starting segment from index:0
2022-11-05 13:04:58,052 [44bea1f4-43dd-4415-bb4e-4e9896dd68f6-server-thread3] INFO  server.RaftServer$Division (ServerState.java:setRaftConf(430)) - 44bea1f4-43dd-4415-bb4e-4e9896dd68f6@group-EA947C079E8C: set configuration 0: peers:[81de4557-c158-4718-93a8-b16ff7f8daad|rpc:10.1.0.157:42037|dataStream:|priority:1|startupRole:FOLLOWER, 44bea1f4-43dd-4415-bb4e-4e9896dd68f6|rpc:10.1.0.157:34265|dataStream:|priority:0|startupRole:FOLLOWER, 3fdd4c6e-2961-42ba-90d3-b5f169a49f15|rpc:10.1.0.157:38617|dataStream:|priority:0|startupRole:FOLLOWER]|listeners:[], old=null
2022-11-05 13:04:58,052 [44bea1f4-43dd-4415-bb4e-4e9896dd68f6-server-thread3] INFO  segmented.SegmentedRaftLogWorker (SegmentedRaftLogWorker.java:startLogSegment(452)) - 44bea1f4-43dd-4415-bb4e-4e9896dd68f6@group-EA947C079E8C-SegmentedRaftLogWorker: Starting segment from index:0
2022-11-05 13:04:58,059 [3fdd4c6e-2961-42ba-90d3-b5f169a49f15@group-EA947C079E8C-SegmentedRaftLogWorker] INFO  segmented.SegmentedRaftLogWorker (SegmentedRaftLogWorker.java:execute(656)) - 3fdd4c6e-2961-42ba-90d3-b5f169a49f15@group-EA947C079E8C-SegmentedRaftLogWorker: created new log segment /home/runner/work/ozone/ozone/hadoop-ozone/integration-test/target/test-dir/MiniOzoneClusterImpl-9e91b504-fe86-427b-a8de-b3d8b21cdaaf/datanode-6/data/ratis/7aa1f2c1-0578-4b1f-af90-ea947c079e8c/current/log_inprogress_0
2022-11-05 13:04:58,065 [44bea1f4-43dd-4415-bb4e-4e9896dd68f6@group-EA947C079E8C-SegmentedRaftLogWorker] INFO  segmented.SegmentedRaftLogWorker (SegmentedRaftLogWorker.java:execute(656)) - 44bea1f4-43dd-4415-bb4e-4e9896dd68f6@group-EA947C079E8C-SegmentedRaftLogWorker: created new log segment /home/runner/work/ozone/ozone/hadoop-ozone/integration-test/target/test-dir/MiniOzoneClusterImpl-9e91b504-fe86-427b-a8de-b3d8b21cdaaf/datanode-8/data/ratis/7aa1f2c1-0578-4b1f-af90-ea947c079e8c/current/log_inprogress_0
2022-11-05 13:05:14,056 [Under Replicated Processor] INFO  replication.UnderReplicatedProcessor (UnderReplicatedProcessor.java:processAll(92)) - Processed 0 under replicated containers, failed processing 0
2022-11-05 13:05:14,059 [Over Replicated Processor] INFO  replication.OverReplicatedProcessor (OverReplicatedProcessor.java:processAll(90)) - Processed 0 over replicated containers, failed processing 0
2022-11-05 13:05:44,056 [Under Replicated Processor] INFO  replication.UnderReplicatedProcessor (UnderReplicatedProcessor.java:processAll(92)) - Processed 0 under replicated containers, failed processing 0
2022-11-05 13:05:44,059 [Over Replicated Processor] INFO  replication.OverReplicatedProcessor (OverReplicatedProcessor.java:processAll(90)) - Processed 0 over replicated containers, failed processing 0
2022-11-05 13:06:14,057 [Under Replicated Processor] INFO  replication.UnderReplicatedProcessor (UnderReplicatedProcessor.java:processAll(92)) - Processed 0 under replicated containers, failed processing 0
2022-11-05 13:06:14,059 [Over Replicated Processor] INFO  replication.OverReplicatedProcessor (OverReplicatedProcessor.java:processAll(90)) - Processed 0 over replicated containers, failed processing 0
]]></system-out>
  </testcase>
</testsuite>