<?xml version="1.0" encoding="UTF-8"?>
<testsuite xmlns:xsi="http://www.w3.org/2001/XMLSchema-instance" xsi:noNamespaceSchemaLocation="https://maven.apache.org/surefire/maven-surefire-plugin/xsd/surefire-test-report-3.0.xsd" version="3.0" name="org.apache.hadoop.ozone.container.common.statemachine.commandhandler.TestBlockDeletion" time="230.985" tests="4" errors="1" skipped="0" failures="0">
  <properties>
    <property name="awt.toolkit" value="sun.awt.X11.XToolkit"/>
    <property name="file.encoding.pkg" value="sun.io"/>
    <property name="java.specification.version" value="1.8"/>
    <property name="sun.cpu.isalist" value=""/>
    <property name="sun.jnu.encoding" value="UTF-8"/>
    <property name="java.class.path" value="/home/runner/work/ozone/ozone/hadoop-ozone/integration-test/target/test-classes:/home/runner/work/ozone/ozone/hadoop-ozone/integration-test/target/classes:/home/runner/.m2/repository/org/apache/ozone/ozone-common/1.3.0-SNAPSHOT/ozone-common-1.3.0-SNAPSHOT.jar:/home/runner/.m2/repository/io/grpc/grpc-netty/1.48.1/grpc-netty-1.48.1.jar:/home/runner/.m2/repository/io/grpc/grpc-core/1.48.1/grpc-core-1.48.1.jar:/home/runner/.m2/repository/com/google/android/annotations/4.1.1.4/annotations-4.1.1.4.jar:/home/runner/.m2/repository/org/codehaus/mojo/animal-sniffer-annotations/1.21/animal-sniffer-annotations-1.21.jar:/home/runner/.m2/repository/com/google/errorprone/error_prone_annotations/2.2.0/error_prone_annotations-2.2.0.jar:/home/runner/.m2/repository/io/perfmark/perfmark-api/0.25.0/perfmark-api-0.25.0.jar:/home/runner/.m2/repository/io/netty/netty-codec-http2/4.1.79.Final/netty-codec-http2-4.1.79.Final.jar:/home/runner/.m2/repository/io/netty/netty-common/4.1.79.Final/netty-common-4.1.79.Final.jar:/home/runner/.m2/repository/io/netty/netty-buffer/4.1.79.Final/netty-buffer-4.1.79.Final.jar:/home/runner/.m2/repository/io/netty/netty-codec-http/4.1.79.Final/netty-codec-http-4.1.79.Final.jar:/home/runner/.m2/repository/io/netty/netty-handler-proxy/4.1.79.Final/netty-handler-proxy-4.1.79.Final.jar:/home/runner/.m2/repository/io/netty/netty-codec-socks/4.1.79.Final/netty-codec-socks-4.1.79.Final.jar:/home/runner/.m2/repository/io/netty/netty-tcnative-boringssl-static/2.0.53.Final/netty-tcnative-boringssl-static-2.0.53.Final.jar:/home/runner/.m2/repository/io/netty/netty-tcnative-classes/2.0.53.Final/netty-tcnative-classes-2.0.53.Final.jar:/home/runner/.m2/repository/io/netty/netty-tcnative-boringssl-static/2.0.53.Final/netty-tcnative-boringssl-static-2.0.53.Final-linux-x86_64.jar:/home/runner/.m2/repository/io/netty/netty-tcnative-boringssl-static/2.0.53.Final/netty-tcnative-boringssl-static-2.0.53.Final-linux-aarch_64.jar:/home/runner/.m2/repository/io/netty/netty-tcnative-boringssl-static/2.0.53.Final/netty-tcnative-boringssl-static-2.0.53.Final-osx-x86_64.jar:/home/runner/.m2/repository/io/netty/netty-tcnative-boringssl-static/2.0.53.Final/netty-tcnative-boringssl-static-2.0.53.Final-osx-aarch_64.jar:/home/runner/.m2/repository/io/netty/netty-tcnative-boringssl-static/2.0.53.Final/netty-tcnative-boringssl-static-2.0.53.Final-windows-x86_64.jar:/home/runner/.m2/repository/org/apache/commons/commons-compress/1.21/commons-compress-1.21.jar:/home/runner/.m2/repository/org/apache/ozone/hdds-common/1.3.0-SNAPSHOT/hdds-common-1.3.0-SNAPSHOT.jar:/home/runner/.m2/repository/org/apache/ozone/hdds-client/1.3.0-SNAPSHOT/hdds-client-1.3.0-SNAPSHOT.jar:/home/runner/.m2/repository/org/apache/ozone/ozone-interface-client/1.3.0-SNAPSHOT/ozone-interface-client-1.3.0-SNAPSHOT.jar:/home/runner/.m2/repository/org/apache/ozone/hdds-test-utils/1.3.0-SNAPSHOT/hdds-test-utils-1.3.0-SNAPSHOT.jar:/home/runner/.m2/repository/com/google/guava/guava/31.1-jre/guava-31.1-jre.jar:/home/runner/.m2/repository/com/google/guava/failureaccess/1.0.1/failureaccess-1.0.1.jar:/home/runner/.m2/repository/com/google/guava/listenablefuture/9999.0-empty-to-avoid-conflict-with-guava/listenablefuture-9999.0-empty-to-avoid-conflict-with-guava.jar:/home/runner/.m2/repository/com/google/code/findbugs/jsr305/3.0.0/jsr305-3.0.0.jar:/home/runner/.m2/repository/org/checkerframework/checker-qual/3.12.0/checker-qual-3.12.0.jar:/home/runner/.m2/repository/com/google/j2objc/j2objc-annotations/1.3/j2objc-annotations-1.3.jar:/home/runner/.m2/repository/commons-io/commons-io/2.11.0/commons-io-2.11.0.jar:/home/runner/.m2/repository/commons-logging/commons-logging/1.2/commons-logging-1.2.jar:/home/runner/.m2/repository/ch/qos/reload4j/reload4j/1.2.22/reload4j-1.2.22.jar:/home/runner/.m2/repository/org/slf4j/slf4j-api/1.7.36/slf4j-api-1.7.36.jar:/home/runner/.m2/repository/org/apache/ozone/hdds-server-scm/1.3.0-SNAPSHOT/hdds-server-scm-1.3.0-SNAPSHOT.jar:/home/runner/.m2/repository/org/apache/ozone/hdds-container-service/1.3.0-SNAPSHOT/hdds-container-service-1.3.0-SNAPSHOT.jar:/home/runner/.m2/repository/org/apache/ozone/hdds-hadoop-dependency-server/1.3.0-SNAPSHOT/hdds-hadoop-dependency-server-1.3.0-SNAPSHOT.jar:/home/runner/.m2/repository/org/apache/hadoop/hadoop-hdfs/3.3.1/hadoop-hdfs-3.3.1.jar:/home/runner/.m2/repository/org/eclipse/jetty/jetty-util-ajax/9.4.43.v20210629/jetty-util-ajax-9.4.43.v20210629.jar:/home/runner/.m2/repository/commons-daemon/commons-daemon/1.0.13/commons-daemon-1.0.13.jar:/home/runner/.m2/repository/org/apache/ozone/hdds-server-framework/1.3.0-SNAPSHOT/hdds-server-framework-1.3.0-SNAPSHOT.jar:/home/runner/.m2/repository/org/apache/ozone/hdds-interface-server/1.3.0-SNAPSHOT/hdds-interface-server-1.3.0-SNAPSHOT.jar:/home/runner/.m2/repository/org/apache/logging/log4j/log4j-core/2.17.1/log4j-core-2.17.1.jar:/home/runner/.m2/repository/com/lmax/disruptor/3.4.2/disruptor-3.4.2.jar:/home/runner/.m2/repository/org/eclipse/jetty/jetty-servlet/9.4.43.v20210629/jetty-servlet-9.4.43.v20210629.jar:/home/runner/.m2/repository/org/eclipse/jetty/jetty-security/9.4.43.v20210629/jetty-security-9.4.43.v20210629.jar:/home/runner/.m2/repository/org/rocksdb/rocksdbjni/7.4.5/rocksdbjni-7.4.5.jar:/home/runner/.m2/repository/io/prometheus/simpleclient_dropwizard/0.7.0/simpleclient_dropwizard-0.7.0.jar:/home/runner/.m2/repository/io/prometheus/simpleclient/0.7.0/simpleclient-0.7.0.jar:/home/runner/.m2/repository/io/prometheus/simpleclient_common/0.7.0/simpleclient_common-0.7.0.jar:/home/runner/.m2/repository/io/dropwizard/metrics/metrics-core/3.2.4/metrics-core-3.2.4.jar:/home/runner/.m2/repository/org/apache/hadoop/hadoop-hdfs-client/3.3.1/hadoop-hdfs-client-3.3.1.jar:/home/runner/.m2/repository/org/bouncycastle/bcprov-jdk15on/1.67/bcprov-jdk15on-1.67.jar:/home/runner/.m2/repository/com/google/protobuf/protobuf-java/2.5.0/protobuf-java-2.5.0.jar:/home/runner/.m2/repository/org/apache/ozone/ozone-manager/1.3.0-SNAPSHOT/ozone-manager-1.3.0-SNAPSHOT.jar:/home/runner/.m2/repository/org/aspectj/aspectjrt/1.9.7/aspectjrt-1.9.7.jar:/home/runner/.m2/repository/org/aspectj/aspectjweaver/1.9.7/aspectjweaver-1.9.7.jar:/home/runner/.m2/repository/org/apache/ozone/hdds-interface-client/1.3.0-SNAPSHOT/hdds-interface-client-1.3.0-SNAPSHOT.jar:/home/runner/.m2/repository/org/apache/hadoop/thirdparty/hadoop-shaded-protobuf_3_7/1.1.1/hadoop-shaded-protobuf_3_7-1.1.1.jar:/home/runner/.m2/repository/org/apache/ozone/ozone-interface-storage/1.3.0-SNAPSHOT/ozone-interface-storage-1.3.0-SNAPSHOT.jar:/home/runner/.m2/repository/org/reflections/reflections/0.9.11/reflections-0.9.11.jar:/home/runner/.m2/repository/com/sun/jersey/jersey-client/1.19/jersey-client-1.19.jar:/home/runner/.m2/repository/org/apache/ranger/ranger-intg/2.3.0/ranger-intg-2.3.0.jar:/home/runner/.m2/repository/org/apache/ranger/ranger-plugins-common/2.3.0/ranger-plugins-common-2.3.0.jar:/home/runner/.m2/repository/commons-lang/commons-lang/2.6/commons-lang-2.6.jar:/home/runner/.m2/repository/org/codehaus/jackson/jackson-jaxrs/1.9.13/jackson-jaxrs-1.9.13.jar:/home/runner/.m2/repository/org/apache/ranger/ranger-plugins-cred/2.3.0/ranger-plugins-cred-2.3.0.jar:/home/runner/.m2/repository/org/apache/ranger/ranger-plugins-audit/2.3.0/ranger-plugins-audit-2.3.0.jar:/home/runner/.m2/repository/org/eclipse/jetty/jetty-client/9.4.31.v20200723/jetty-client-9.4.31.v20200723.jar:/home/runner/.m2/repository/org/apache/httpcomponents/httpmime/4.5.6/httpmime-4.5.6.jar:/home/runner/.m2/repository/org/apache/httpcomponents/httpcore-nio/4.4.6/httpcore-nio-4.4.6.jar:/home/runner/.m2/repository/org/apache/httpcomponents/httpasyncclient/4.1.3/httpasyncclient-4.1.3.jar:/home/runner/.m2/repository/com/carrotsearch/hppc/0.8.0/hppc-0.8.0.jar:/home/runner/.m2/repository/org/apache/orc/orc-core/1.5.8/orc-core-1.5.8.jar:/home/runner/.m2/repository/net/java/dev/jna/jna/5.2.0/jna-5.2.0.jar:/home/runner/.m2/repository/net/java/dev/jna/jna-platform/5.2.0/jna-platform-5.2.0.jar:/home/runner/.m2/repository/com/kstruct/gethostname4j/0.0.2/gethostname4j-0.0.2.jar:/home/runner/.m2/repository/org/apache/ranger/ranger-plugin-classloader/2.3.0/ranger-plugin-classloader-2.3.0.jar:/home/runner/.m2/repository/org/apache/hadoop/hadoop-minikdc/3.3.1/hadoop-minikdc-3.3.1.jar:/home/runner/.m2/repository/org/apache/kerby/kerb-simplekdc/1.0.1/kerb-simplekdc-1.0.1.jar:/home/runner/.m2/repository/org/apache/kerby/kerb-client/1.0.1/kerb-client-1.0.1.jar:/home/runner/.m2/repository/org/apache/kerby/kerby-config/1.0.1/kerby-config-1.0.1.jar:/home/runner/.m2/repository/org/apache/kerby/kerb-common/1.0.1/kerb-common-1.0.1.jar:/home/runner/.m2/repository/org/apache/kerby/kerb-crypto/1.0.1/kerb-crypto-1.0.1.jar:/home/runner/.m2/repository/org/apache/kerby/kerb-util/1.0.1/kerb-util-1.0.1.jar:/home/runner/.m2/repository/org/apache/kerby/token-provider/1.0.1/token-provider-1.0.1.jar:/home/runner/.m2/repository/org/apache/kerby/kerb-admin/1.0.1/kerb-admin-1.0.1.jar:/home/runner/.m2/repository/org/apache/kerby/kerb-server/1.0.1/kerb-server-1.0.1.jar:/home/runner/.m2/repository/org/apache/kerby/kerb-identity/1.0.1/kerb-identity-1.0.1.jar:/home/runner/.m2/repository/org/apache/kerby/kerby-xdr/1.0.1/kerby-xdr-1.0.1.jar:/home/runner/.m2/repository/org/apache/ozone/ozone-s3gateway/1.3.0-SNAPSHOT/ozone-s3gateway-1.3.0-SNAPSHOT.jar:/home/runner/.m2/repository/org/javassist/javassist/3.21.0-GA/javassist-3.21.0-GA.jar:/home/runner/.m2/repository/org/jboss/weld/servlet/weld-servlet/2.4.7.Final/weld-servlet-2.4.7.Final.jar:/home/runner/.m2/repository/org/glassfish/jersey/containers/jersey-container-servlet-core/2.34/jersey-container-servlet-core-2.34.jar:/home/runner/.m2/repository/org/glassfish/hk2/external/jakarta.inject/2.6.1/jakarta.inject-2.6.1.jar:/home/runner/.m2/repository/org/glassfish/jersey/core/jersey-common/2.34/jersey-common-2.34.jar:/home/runner/.m2/repository/jakarta/ws/rs/jakarta.ws.rs-api/2.1.6/jakarta.ws.rs-api-2.1.6.jar:/home/runner/.m2/repository/org/glassfish/jersey/ext/cdi/jersey-cdi1x/2.34/jersey-cdi1x-2.34.jar:/home/runner/.m2/repository/org/glassfish/jersey/inject/jersey-hk2/2.34/jersey-hk2-2.34.jar:/home/runner/.m2/repository/org/glassfish/hk2/hk2-locator/2.6.1/hk2-locator-2.6.1.jar:/home/runner/.m2/repository/org/glassfish/jersey/media/jersey-media-jaxb/2.34/jersey-media-jaxb-2.34.jar:/home/runner/.m2/repository/org/glassfish/hk2/osgi-resource-locator/1.0.3/osgi-resource-locator-1.0.3.jar:/home/runner/.m2/repository/org/glassfish/hk2/hk2-api/2.5.0/hk2-api-2.5.0.jar:/home/runner/.m2/repository/org/glassfish/hk2/hk2-utils/2.5.0/hk2-utils-2.5.0.jar:/home/runner/.m2/repository/org/glassfish/hk2/external/aopalliance-repackaged/2.5.0/aopalliance-repackaged-2.5.0.jar:/home/runner/.m2/repository/com/fasterxml/jackson/dataformat/jackson-dataformat-xml/2.13.4/jackson-dataformat-xml-2.13.4.jar:/home/runner/.m2/repository/com/fasterxml/jackson/core/jackson-core/2.13.4/jackson-core-2.13.4.jar:/home/runner/.m2/repository/org/codehaus/woodstox/stax2-api/3.1.4/stax2-api-3.1.4.jar:/home/runner/.m2/repository/com/fasterxml/woodstox/woodstox-core/5.0.3/woodstox-core-5.0.3.jar:/home/runner/.m2/repository/com/fasterxml/jackson/module/jackson-module-jaxb-annotations/2.13.4/jackson-module-jaxb-annotations-2.13.4.jar:/home/runner/.m2/repository/jakarta/xml/bind/jakarta.xml.bind-api/2.3.3/jakarta.xml.bind-api-2.3.3.jar:/home/runner/.m2/repository/jakarta/activation/jakarta.activation-api/1.2.1/jakarta.activation-api-1.2.1.jar:/home/runner/.m2/repository/javax/enterprise/cdi-api/1.2/cdi-api-1.2.jar:/home/runner/.m2/repository/javax/el/javax.el-api/3.0.0/javax.el-api-3.0.0.jar:/home/runner/.m2/repository/javax/interceptor/javax.interceptor-api/1.2/javax.interceptor-api-1.2.jar:/home/runner/.m2/repository/javax/inject/javax.inject/1/javax.inject-1.jar:/home/runner/.m2/repository/javax/xml/bind/jaxb-api/2.3.0/jaxb-api-2.3.0.jar:/home/runner/.m2/repository/org/glassfish/jaxb/jaxb-runtime/2.3.0.1/jaxb-runtime-2.3.0.1.jar:/home/runner/.m2/repository/org/glassfish/jaxb/jaxb-core/2.3.0.1/jaxb-core-2.3.0.1.jar:/home/runner/.m2/repository/org/glassfish/jaxb/txw2/2.3.0.1/txw2-2.3.0.1.jar:/home/runner/.m2/repository/com/sun/istack/istack-commons-runtime/3.0.5/istack-commons-runtime-3.0.5.jar:/home/runner/.m2/repository/org/jvnet/staxex/stax-ex/1.7.8/stax-ex-1.7.8.jar:/home/runner/.m2/repository/com/sun/xml/fastinfoset/FastInfoset/1.2.13/FastInfoset-1.2.13.jar:/home/runner/.m2/repository/javax/activation/activation/1.1.1/activation-1.1.1.jar:/home/runner/.m2/repository/io/grpc/grpc-protobuf/1.48.1/grpc-protobuf-1.48.1.jar:/home/runner/.m2/repository/io/grpc/grpc-api/1.48.1/grpc-api-1.48.1.jar:/home/runner/.m2/repository/io/grpc/grpc-context/1.48.1/grpc-context-1.48.1.jar:/home/runner/.m2/repository/com/google/api/grpc/proto-google-common-protos/2.9.0/proto-google-common-protos-2.9.0.jar:/home/runner/.m2/repository/io/grpc/grpc-protobuf-lite/1.48.1/grpc-protobuf-lite-1.48.1.jar:/home/runner/.m2/repository/io/grpc/grpc-stub/1.48.1/grpc-stub-1.48.1.jar:/home/runner/.m2/repository/io/netty/netty-transport/4.1.79.Final/netty-transport-4.1.79.Final.jar:/home/runner/.m2/repository/io/netty/netty-resolver/4.1.79.Final/netty-resolver-4.1.79.Final.jar:/home/runner/.m2/repository/org/apache/ozone/ozone-csi/1.3.0-SNAPSHOT/ozone-csi-1.3.0-SNAPSHOT.jar:/home/runner/.m2/repository/com/google/protobuf/protobuf-java-util/3.19.2/protobuf-java-util-3.19.2.jar:/home/runner/.m2/repository/com/google/code/gson/gson/2.9.0/gson-2.9.0.jar:/home/runner/.m2/repository/org/apache/ozone/hdds-config/1.3.0-SNAPSHOT/hdds-config-1.3.0-SNAPSHOT.jar:/home/runner/.m2/repository/io/netty/netty-transport-native-epoll/4.1.79.Final/netty-transport-native-epoll-4.1.79.Final-linux-x86_64.jar:/home/runner/.m2/repository/io/netty/netty-transport-classes-epoll/4.1.79.Final/netty-transport-classes-epoll-4.1.79.Final.jar:/home/runner/.m2/repository/io/netty/netty-transport-native-unix-common/4.1.79.Final/netty-transport-native-unix-common-4.1.79.Final.jar:/home/runner/.m2/repository/org/slf4j/slf4j-reload4j/1.7.36/slf4j-reload4j-1.7.36.jar:/home/runner/.m2/repository/org/apache/ozone/ozone-recon/1.3.0-SNAPSHOT/ozone-recon-1.3.0-SNAPSHOT.jar:/home/runner/.m2/repository/org/apache/ozone/ozone-reconcodegen/1.3.0-SNAPSHOT/ozone-reconcodegen-1.3.0-SNAPSHOT.jar:/home/runner/.m2/repository/com/google/inject/extensions/guice-multibindings/4.0/guice-multibindings-4.0.jar:/home/runner/.m2/repository/com/google/inject/guice/4.0/guice-4.0.jar:/home/runner/.m2/repository/aopalliance/aopalliance/1.0/aopalliance-1.0.jar:/home/runner/.m2/repository/com/google/inject/extensions/guice-assistedinject/4.0/guice-assistedinject-4.0.jar:/home/runner/.m2/repository/com/google/inject/extensions/guice-servlet/4.0/guice-servlet-4.0.jar:/home/runner/.m2/repository/org/glassfish/jersey/containers/jersey-container-servlet/2.34/jersey-container-servlet-2.34.jar:/home/runner/.m2/repository/org/glassfish/hk2/guice-bridge/2.5.0/guice-bridge-2.5.0.jar:/home/runner/.m2/repository/org/glassfish/jersey/core/jersey-server/2.34/jersey-server-2.34.jar:/home/runner/.m2/repository/org/glassfish/jersey/core/jersey-client/2.34/jersey-client-2.34.jar:/home/runner/.m2/repository/jakarta/annotation/jakarta.annotation-api/1.3.5/jakarta.annotation-api-1.3.5.jar:/home/runner/.m2/repository/jakarta/validation/jakarta.validation-api/2.0.2/jakarta.validation-api-2.0.2.jar:/home/runner/.m2/repository/org/glassfish/jersey/media/jersey-media-json-jackson/2.34/jersey-media-json-jackson-2.34.jar:/home/runner/.m2/repository/org/glassfish/jersey/ext/jersey-entity-filtering/2.34/jersey-entity-filtering-2.34.jar:/home/runner/.m2/repository/org/jooq/jooq/3.11.10/jooq-3.11.10.jar:/home/runner/.m2/repository/org/jooq/jooq-meta/3.11.10/jooq-meta-3.11.10.jar:/home/runner/.m2/repository/org/jooq/jooq-codegen/3.11.10/jooq-codegen-3.11.10.jar:/home/runner/.m2/repository/com/jolbox/bonecp/0.8.0.RELEASE/bonecp-0.8.0.RELEASE.jar:/home/runner/.m2/repository/org/apache/derby/derby/10.14.2.0/derby-10.14.2.0.jar:/home/runner/.m2/repository/org/xerial/sqlite-jdbc/3.25.2/sqlite-jdbc-3.25.2.jar:/home/runner/.m2/repository/org/springframework/spring-jdbc/5.2.20.RELEASE/spring-jdbc-5.2.20.RELEASE.jar:/home/runner/.m2/repository/org/springframework/spring-beans/5.2.20.RELEASE/spring-beans-5.2.20.RELEASE.jar:/home/runner/.m2/repository/org/springframework/spring-core/5.2.20.RELEASE/spring-core-5.2.20.RELEASE.jar:/home/runner/.m2/repository/org/springframework/spring-jcl/5.2.20.RELEASE/spring-jcl-5.2.20.RELEASE.jar:/home/runner/.m2/repository/org/springframework/spring-tx/5.2.20.RELEASE/spring-tx-5.2.20.RELEASE.jar:/home/runner/.m2/repository/org/apache/ozone/ozone-client/1.3.0-SNAPSHOT/ozone-client-1.3.0-SNAPSHOT.jar:/home/runner/.m2/repository/org/apache/ozone/hdds-erasurecode/1.3.0-SNAPSHOT/hdds-erasurecode-1.3.0-SNAPSHOT.jar:/home/runner/.m2/repository/com/github/spotbugs/spotbugs-annotations/3.1.12/spotbugs-annotations-3.1.12.jar:/home/runner/.m2/repository/org/apache/ozone/ozone-filesystem/1.3.0-SNAPSHOT/ozone-filesystem-1.3.0-SNAPSHOT.jar:/home/runner/.m2/repository/org/apache/ozone/ozone-filesystem-common/1.3.0-SNAPSHOT/ozone-filesystem-common-1.3.0-SNAPSHOT.jar:/home/runner/.m2/repository/org/apache/ozone/ozone-tools/1.3.0-SNAPSHOT/ozone-tools-1.3.0-SNAPSHOT.jar:/home/runner/.m2/repository/org/apache/ratis/ratis-tools/2.3.0/ratis-tools-2.3.0.jar:/home/runner/.m2/repository/com/amazonaws/aws-java-sdk-core/1.12.261/aws-java-sdk-core-1.12.261.jar:/home/runner/.m2/repository/org/apache/httpcomponents/httpclient/4.5.13/httpclient-4.5.13.jar:/home/runner/.m2/repository/org/apache/httpcomponents/httpcore/4.4.13/httpcore-4.4.13.jar:/home/runner/.m2/repository/software/amazon/ion/ion-java/1.0.2/ion-java-1.0.2.jar:/home/runner/.m2/repository/com/fasterxml/jackson/dataformat/jackson-dataformat-cbor/2.13.4/jackson-dataformat-cbor-2.13.4.jar:/home/runner/.m2/repository/joda-time/joda-time/2.8.1/joda-time-2.8.1.jar:/home/runner/.m2/repository/com/amazonaws/aws-java-sdk-s3/1.12.261/aws-java-sdk-s3-1.12.261.jar:/home/runner/.m2/repository/com/amazonaws/aws-java-sdk-kms/1.12.261/aws-java-sdk-kms-1.12.261.jar:/home/runner/.m2/repository/com/amazonaws/jmespath-java/1.12.261/jmespath-java-1.12.261.jar:/home/runner/.m2/repository/org/kohsuke/metainf-services/metainf-services/1.8/metainf-services-1.8.jar:/home/runner/.m2/repository/org/apache/ozone/hdds-tools/1.3.0-SNAPSHOT/hdds-tools-1.3.0-SNAPSHOT.jar:/home/runner/.m2/repository/commons-cli/commons-cli/1.2/commons-cli-1.2.jar:/home/runner/.m2/repository/org/apache/commons/commons-lang3/3.7/commons-lang3-3.7.jar:/home/runner/.m2/repository/org/apache/ozone/ozone-manager/1.3.0-SNAPSHOT/ozone-manager-1.3.0-SNAPSHOT-tests.jar:/home/runner/.m2/repository/org/apache/ozone/hdds-common/1.3.0-SNAPSHOT/hdds-common-1.3.0-SNAPSHOT-tests.jar:/home/runner/.m2/repository/org/apache/ozone/hdds-hadoop-dependency-client/1.3.0-SNAPSHOT/hdds-hadoop-dependency-client-1.3.0-SNAPSHOT.jar:/home/runner/.m2/repository/info/picocli/picocli/4.6.1/picocli-4.6.1.jar:/home/runner/.m2/repository/com/fasterxml/jackson/core/jackson-annotations/2.13.4/jackson-annotations-2.13.4.jar:/home/runner/.m2/repository/com/fasterxml/jackson/datatype/jackson-datatype-jsr310/2.13.4/jackson-datatype-jsr310-2.13.4.jar:/home/runner/.m2/repository/org/apache/ozone/hdds-annotation-processing/1.3.0-SNAPSHOT/hdds-annotation-processing-1.3.0-SNAPSHOT.jar:/home/runner/.m2/repository/javax/annotation/javax.annotation-api/1.2/javax.annotation-api-1.2.jar:/home/runner/.m2/repository/org/apache/ratis/ratis-server/2.3.0/ratis-server-2.3.0.jar:/home/runner/.m2/repository/org/apache/ratis/ratis-client/2.3.0/ratis-client-2.3.0.jar:/home/runner/.m2/repository/org/apache/ratis/ratis-server-api/2.3.0/ratis-server-api-2.3.0.jar:/home/runner/.m2/repository/org/apache/ratis/ratis-metrics/2.3.0/ratis-metrics-2.3.0.jar:/home/runner/.m2/repository/org/apache/ratis/ratis-netty/2.3.0/ratis-netty-2.3.0.jar:/home/runner/.m2/repository/org/apache/ratis/ratis-grpc/2.3.0/ratis-grpc-2.3.0.jar:/home/runner/.m2/repository/org/apache/logging/log4j/log4j-api/2.17.1/log4j-api-2.17.1.jar:/home/runner/.m2/repository/org/apache/commons/commons-pool2/2.6.0/commons-pool2-2.6.0.jar:/home/runner/.m2/repository/org/bouncycastle/bcpkix-jdk15on/1.67/bcpkix-jdk15on-1.67.jar:/home/runner/.m2/repository/commons-validator/commons-validator/1.6/commons-validator-1.6.jar:/home/runner/.m2/repository/commons-beanutils/commons-beanutils/1.9.4/commons-beanutils-1.9.4.jar:/home/runner/.m2/repository/commons-digester/commons-digester/1.8.1/commons-digester-1.8.1.jar:/home/runner/.m2/repository/commons-collections/commons-collections/3.2.2/commons-collections-3.2.2.jar:/home/runner/.m2/repository/io/jaegertracing/jaeger-client/1.6.0/jaeger-client-1.6.0.jar:/home/runner/.m2/repository/io/jaegertracing/jaeger-thrift/1.6.0/jaeger-thrift-1.6.0.jar:/home/runner/.m2/repository/org/apache/thrift/libthrift/0.14.1/libthrift-0.14.1.jar:/home/runner/.m2/repository/com/squareup/okhttp3/okhttp/4.9.0/okhttp-4.9.0.jar:/home/runner/.m2/repository/com/squareup/okio/okio/2.8.0/okio-2.8.0.jar:/home/runner/.m2/repository/io/jaegertracing/jaeger-core/1.6.0/jaeger-core-1.6.0.jar:/home/runner/.m2/repository/io/jaegertracing/jaeger-tracerresolver/1.6.0/jaeger-tracerresolver-1.6.0.jar:/home/runner/.m2/repository/io/opentracing/contrib/opentracing-tracerresolver/0.1.8/opentracing-tracerresolver-0.1.8.jar:/home/runner/.m2/repository/org/jetbrains/kotlin/kotlin-stdlib/1.6.21/kotlin-stdlib-1.6.21.jar:/home/runner/.m2/repository/org/jetbrains/kotlin/kotlin-stdlib-common/1.6.21/kotlin-stdlib-common-1.6.21.jar:/home/runner/.m2/repository/org/jetbrains/annotations/13.0/annotations-13.0.jar:/home/runner/.m2/repository/io/opentracing/opentracing-util/0.33.0/opentracing-util-0.33.0.jar:/home/runner/.m2/repository/io/opentracing/opentracing-api/0.33.0/opentracing-api-0.33.0.jar:/home/runner/.m2/repository/io/opentracing/opentracing-noop/0.33.0/opentracing-noop-0.33.0.jar:/home/runner/.m2/repository/org/yaml/snakeyaml/1.32/snakeyaml-1.32.jar:/home/runner/.m2/repository/org/apache/ozone/hdds-interface-admin/1.3.0-SNAPSHOT/hdds-interface-admin-1.3.0-SNAPSHOT.jar:/home/runner/.m2/repository/junit/junit/4.13.1/junit-4.13.1.jar:/home/runner/.m2/repository/org/hamcrest/hamcrest-core/1.3/hamcrest-core-1.3.jar:/home/runner/.m2/repository/org/junit/jupiter/junit-jupiter-api/5.8.2/junit-jupiter-api-5.8.2.jar:/home/runner/.m2/repository/org/opentest4j/opentest4j/1.2.0/opentest4j-1.2.0.jar:/home/runner/.m2/repository/org/junit/platform/junit-platform-commons/1.8.2/junit-platform-commons-1.8.2.jar:/home/runner/.m2/repository/org/apiguardian/apiguardian-api/1.1.2/apiguardian-api-1.1.2.jar:/home/runner/.m2/repository/org/junit/jupiter/junit-jupiter-params/5.8.2/junit-jupiter-params-5.8.2.jar:/home/runner/.m2/repository/org/junit/jupiter/junit-jupiter-migrationsupport/5.8.2/junit-jupiter-migrationsupport-5.8.2.jar:/home/runner/.m2/repository/org/junit/jupiter/junit-jupiter-engine/5.8.2/junit-jupiter-engine-5.8.2.jar:/home/runner/.m2/repository/org/junit/platform/junit-platform-engine/1.8.2/junit-platform-engine-1.8.2.jar:/home/runner/.m2/repository/org/junit/vintage/junit-vintage-engine/5.8.2/junit-vintage-engine-5.8.2.jar:/home/runner/.m2/repository/org/junit/platform/junit-platform-launcher/1.8.2/junit-platform-launcher-1.8.2.jar:/home/runner/.m2/repository/org/mockito/mockito-core/2.28.2/mockito-core-2.28.2.jar:/home/runner/.m2/repository/net/bytebuddy/byte-buddy/1.9.10/byte-buddy-1.9.10.jar:/home/runner/.m2/repository/net/bytebuddy/byte-buddy-agent/1.9.10/byte-buddy-agent-1.9.10.jar:/home/runner/.m2/repository/org/objenesis/objenesis/1.0/objenesis-1.0.jar:/home/runner/.m2/repository/org/apache/hadoop/hadoop-kms/3.3.1/hadoop-kms-3.3.1.jar:/home/runner/.m2/repository/org/apache/hadoop/hadoop-auth/3.3.1/hadoop-auth-3.3.1.jar:/home/runner/.m2/repository/com/nimbusds/nimbus-jose-jwt/7.9/nimbus-jose-jwt-7.9.jar:/home/runner/.m2/repository/com/github/stephenc/jcip/jcip-annotations/1.0-1/jcip-annotations-1.0-1.jar:/home/runner/.m2/repository/net/minidev/json-smart/2.4.7/json-smart-2.4.7.jar:/home/runner/.m2/repository/net/minidev/accessors-smart/2.4.7/accessors-smart-2.4.7.jar:/home/runner/.m2/repository/org/ow2/asm/asm/5.0.4/asm-5.0.4.jar:/home/runner/.m2/repository/org/apache/zookeeper/zookeeper/3.5.6/zookeeper-3.5.6.jar:/home/runner/.m2/repository/org/apache/zookeeper/zookeeper-jute/3.5.6/zookeeper-jute-3.5.6.jar:/home/runner/.m2/repository/org/apache/yetus/audience-annotations/0.5.0/audience-annotations-0.5.0.jar:/home/runner/.m2/repository/org/apache/curator/curator-framework/4.2.0/curator-framework-4.2.0.jar:/home/runner/.m2/repository/org/apache/hadoop/thirdparty/hadoop-shaded-guava/1.1.1/hadoop-shaded-guava-1.1.1.jar:/home/runner/.m2/repository/com/sun/jersey/jersey-core/1.19/jersey-core-1.19.jar:/home/runner/.m2/repository/javax/ws/rs/jsr311-api/1.1.1/jsr311-api-1.1.1.jar:/home/runner/.m2/repository/com/sun/jersey/jersey-server/1.19/jersey-server-1.19.jar:/home/runner/.m2/repository/javax/servlet/javax.servlet-api/3.1.0/javax.servlet-api-3.1.0.jar:/home/runner/.m2/repository/org/eclipse/jetty/jetty-server/9.4.43.v20210629/jetty-server-9.4.43.v20210629.jar:/home/runner/.m2/repository/org/eclipse/jetty/jetty-http/9.4.43.v20210629/jetty-http-9.4.43.v20210629.jar:/home/runner/.m2/repository/org/eclipse/jetty/jetty-io/9.4.43.v20210629/jetty-io-9.4.43.v20210629.jar:/home/runner/.m2/repository/org/eclipse/jetty/jetty-webapp/9.4.43.v20210629/jetty-webapp-9.4.43.v20210629.jar:/home/runner/.m2/repository/org/eclipse/jetty/jetty-xml/9.4.43.v20210629/jetty-xml-9.4.43.v20210629.jar:/home/runner/.m2/repository/org/apache/hadoop/hadoop-common/3.3.1/hadoop-common-3.3.1.jar:/home/runner/.m2/repository/org/apache/commons/commons-math3/3.1.1/commons-math3-3.1.1.jar:/home/runner/.m2/repository/commons-net/commons-net/3.6/commons-net-3.6.jar:/home/runner/.m2/repository/com/sun/jersey/jersey-servlet/1.19/jersey-servlet-1.19.jar:/home/runner/.m2/repository/com/sun/jersey/jersey-json/1.19/jersey-json-1.19.jar:/home/runner/.m2/repository/org/codehaus/jettison/jettison/1.1/jettison-1.1.jar:/home/runner/.m2/repository/com/sun/xml/bind/jaxb-impl/2.2.3-1/jaxb-impl-2.2.3-1.jar:/home/runner/.m2/repository/org/codehaus/jackson/jackson-xc/1.9.2/jackson-xc-1.9.2.jar:/home/runner/.m2/repository/org/apache/commons/commons-configuration2/2.1.1/commons-configuration2-2.1.1.jar:/home/runner/.m2/repository/org/apache/commons/commons-text/1.4/commons-text-1.4.jar:/home/runner/.m2/repository/com/google/re2j/re2j/1.1/re2j-1.1.jar:/home/runner/.m2/repository/com/jcraft/jsch/0.1.54/jsch-0.1.54.jar:/home/runner/.m2/repository/org/apache/curator/curator-client/4.2.0/curator-client-4.2.0.jar:/home/runner/.m2/repository/org/apache/curator/curator-recipes/4.2.0/curator-recipes-4.2.0.jar:/home/runner/.m2/repository/org/apache/htrace/htrace-core4/4.1.0-incubating/htrace-core4-4.1.0-incubating.jar:/home/runner/.m2/repository/org/apache/kerby/kerb-core/1.0.1/kerb-core-1.0.1.jar:/home/runner/.m2/repository/org/apache/kerby/kerby-pkix/1.0.1/kerby-pkix-1.0.1.jar:/home/runner/.m2/repository/org/apache/kerby/kerby-asn1/1.0.1/kerby-asn1-1.0.1.jar:/home/runner/.m2/repository/org/apache/kerby/kerby-util/1.0.1/kerby-util-1.0.1.jar:/home/runner/.m2/repository/dnsjava/dnsjava/2.1.7/dnsjava-2.1.7.jar:/home/runner/.m2/repository/org/xerial/snappy/snappy-java/1.1.8.2/snappy-java-1.1.8.2.jar:/home/runner/.m2/repository/org/eclipse/jetty/jetty-util/9.4.43.v20210629/jetty-util-9.4.43.v20210629.jar:/home/runner/.m2/repository/com/fasterxml/jackson/core/jackson-databind/2.13.4/jackson-databind-2.13.4.jar:/home/runner/.m2/repository/org/apache/hadoop/hadoop-kms/3.3.1/hadoop-kms-3.3.1-tests.jar:/home/runner/.m2/repository/org/apache/ozone/hdds-server-scm/1.3.0-SNAPSHOT/hdds-server-scm-1.3.0-SNAPSHOT-tests.jar:/home/runner/.m2/repository/org/apache/ozone/hdds-container-service/1.3.0-SNAPSHOT/hdds-container-service-1.3.0-SNAPSHOT-tests.jar:/home/runner/.m2/repository/commons-codec/commons-codec/1.11/commons-codec-1.11.jar:/home/runner/.m2/repository/io/netty/netty-codec/4.1.79.Final/netty-codec-4.1.79.Final.jar:/home/runner/.m2/repository/io/netty/netty-handler/4.1.79.Final/netty-handler-4.1.79.Final.jar:/home/runner/.m2/repository/org/apache/ozone/hdds-hadoop-dependency-test/1.3.0-SNAPSHOT/hdds-hadoop-dependency-test-1.3.0-SNAPSHOT.jar:/home/runner/.m2/repository/org/apache/hadoop/hadoop-common/3.3.1/hadoop-common-3.3.1-tests.jar:/home/runner/.m2/repository/org/apache/hadoop/hadoop-hdfs/3.3.1/hadoop-hdfs-3.3.1-tests.jar:/home/runner/.m2/repository/org/assertj/assertj-core/3.12.2/assertj-core-3.12.2.jar:/home/runner/.m2/repository/org/apache/hadoop/hadoop-distcp/3.3.1/hadoop-distcp-3.3.1.jar:/home/runner/.m2/repository/org/apache/hadoop/hadoop-mapreduce-client-jobclient/3.3.1/hadoop-mapreduce-client-jobclient-3.3.1.jar:/home/runner/.m2/repository/org/apache/hadoop/hadoop-mapreduce-client-common/3.3.1/hadoop-mapreduce-client-common-3.3.1.jar:/home/runner/.m2/repository/org/apache/hadoop/hadoop-yarn-common/3.3.1/hadoop-yarn-common-3.3.1.jar:/home/runner/.m2/repository/org/apache/hadoop/hadoop-yarn-api/3.3.1/hadoop-yarn-api-3.3.1.jar:/home/runner/.m2/repository/com/sun/jersey/contribs/jersey-guice/1.19/jersey-guice-1.19.jar:/home/runner/.m2/repository/com/fasterxml/jackson/jaxrs/jackson-jaxrs-json-provider/2.13.4/jackson-jaxrs-json-provider-2.13.4.jar:/home/runner/.m2/repository/com/fasterxml/jackson/jaxrs/jackson-jaxrs-base/2.13.4/jackson-jaxrs-base-2.13.4.jar:/home/runner/.m2/repository/org/apache/hadoop/hadoop-yarn-client/3.3.1/hadoop-yarn-client-3.3.1.jar:/home/runner/.m2/repository/org/eclipse/jetty/websocket/websocket-client/9.4.40.v20210413/websocket-client-9.4.40.v20210413.jar:/home/runner/.m2/repository/org/eclipse/jetty/websocket/websocket-common/9.4.40.v20210413/websocket-common-9.4.40.v20210413.jar:/home/runner/.m2/repository/org/eclipse/jetty/websocket/websocket-api/9.4.40.v20210413/websocket-api-9.4.40.v20210413.jar:/home/runner/.m2/repository/org/jline/jline/3.9.0/jline-3.9.0.jar:/home/runner/.m2/repository/org/apache/hadoop/hadoop-mapreduce-client-core/3.3.1/hadoop-mapreduce-client-core-3.3.1.jar:/home/runner/.m2/repository/org/apache/avro/avro/1.7.7/avro-1.7.7.jar:/home/runner/.m2/repository/org/codehaus/jackson/jackson-core-asl/1.9.13/jackson-core-asl-1.9.13.jar:/home/runner/.m2/repository/org/codehaus/jackson/jackson-mapper-asl/1.9.13/jackson-mapper-asl-1.9.13.jar:/home/runner/.m2/repository/com/thoughtworks/paranamer/paranamer/2.3/paranamer-2.3.jar:/home/runner/.m2/repository/org/apache/hadoop/hadoop-annotations/3.3.1/hadoop-annotations-3.3.1.jar:/opt/hostedtoolcache/jdk/8.0.345/x64/jre/../lib/tools.jar:/home/runner/.m2/repository/io/netty/netty/3.10.6.Final/netty-3.10.6.Final.jar:/home/runner/.m2/repository/org/apache/hadoop/hadoop-distcp/3.3.1/hadoop-distcp-3.3.1-tests.jar:/home/runner/.m2/repository/org/slf4j/jul-to-slf4j/1.7.36/jul-to-slf4j-1.7.36.jar:/home/runner/.m2/repository/org/apache/ratis/ratis-common/2.3.0/ratis-common-2.3.0.jar:/home/runner/.m2/repository/org/apache/ratis/ratis-thirdparty-misc/1.0.0/ratis-thirdparty-misc-1.0.0.jar:/home/runner/.m2/repository/org/apache/ratis/ratis-proto/2.3.0/ratis-proto-2.3.0.jar:"/>
    <property name="java.vm.vendor" value="Azul Systems, Inc."/>
    <property name="sun.arch.data.model" value="64"/>
    <property name="test.build.dir" value="/home/runner/work/ozone/ozone/hadoop-ozone/integration-test/target/test-dir"/>
    <property name="test.cache.data" value=""/>
    <property name="java.vendor.url" value="http://www.azul.com/"/>
    <property name="user.timezone" value="Etc/UTC"/>
    <property name="java.vm.specification.version" value="1.8"/>
    <property name="os.name" value="Linux"/>
    <property name="test.build.data" value="/home/runner/work/ozone/ozone/hadoop-ozone/integration-test/target/test-dir"/>
    <property name="sun.java.launcher" value="SUN_STANDARD"/>
    <property name="sun.boot.library.path" value="/opt/hostedtoolcache/jdk/8.0.345/x64/jre/lib/amd64"/>
    <property name="sun.java.command" value="/home/runner/work/ozone/ozone/hadoop-ozone/integration-test/target/surefire/surefirebooter1950628337769685285.jar /home/runner/work/ozone/ozone/hadoop-ozone/integration-test/target/surefire 2022-10-11T12-24-32_961-jvmRun1 surefire7740611747650799239tmp surefire_348475442480228019341tmp"/>
    <property name="surefire.test.class.path" value="/home/runner/work/ozone/ozone/hadoop-ozone/integration-test/target/test-classes:/home/runner/work/ozone/ozone/hadoop-ozone/integration-test/target/classes:/home/runner/.m2/repository/org/apache/ozone/ozone-common/1.3.0-SNAPSHOT/ozone-common-1.3.0-SNAPSHOT.jar:/home/runner/.m2/repository/io/grpc/grpc-netty/1.48.1/grpc-netty-1.48.1.jar:/home/runner/.m2/repository/io/grpc/grpc-core/1.48.1/grpc-core-1.48.1.jar:/home/runner/.m2/repository/com/google/android/annotations/4.1.1.4/annotations-4.1.1.4.jar:/home/runner/.m2/repository/org/codehaus/mojo/animal-sniffer-annotations/1.21/animal-sniffer-annotations-1.21.jar:/home/runner/.m2/repository/com/google/errorprone/error_prone_annotations/2.2.0/error_prone_annotations-2.2.0.jar:/home/runner/.m2/repository/io/perfmark/perfmark-api/0.25.0/perfmark-api-0.25.0.jar:/home/runner/.m2/repository/io/netty/netty-codec-http2/4.1.79.Final/netty-codec-http2-4.1.79.Final.jar:/home/runner/.m2/repository/io/netty/netty-common/4.1.79.Final/netty-common-4.1.79.Final.jar:/home/runner/.m2/repository/io/netty/netty-buffer/4.1.79.Final/netty-buffer-4.1.79.Final.jar:/home/runner/.m2/repository/io/netty/netty-codec-http/4.1.79.Final/netty-codec-http-4.1.79.Final.jar:/home/runner/.m2/repository/io/netty/netty-handler-proxy/4.1.79.Final/netty-handler-proxy-4.1.79.Final.jar:/home/runner/.m2/repository/io/netty/netty-codec-socks/4.1.79.Final/netty-codec-socks-4.1.79.Final.jar:/home/runner/.m2/repository/io/netty/netty-tcnative-boringssl-static/2.0.53.Final/netty-tcnative-boringssl-static-2.0.53.Final.jar:/home/runner/.m2/repository/io/netty/netty-tcnative-classes/2.0.53.Final/netty-tcnative-classes-2.0.53.Final.jar:/home/runner/.m2/repository/io/netty/netty-tcnative-boringssl-static/2.0.53.Final/netty-tcnative-boringssl-static-2.0.53.Final-linux-x86_64.jar:/home/runner/.m2/repository/io/netty/netty-tcnative-boringssl-static/2.0.53.Final/netty-tcnative-boringssl-static-2.0.53.Final-linux-aarch_64.jar:/home/runner/.m2/repository/io/netty/netty-tcnative-boringssl-static/2.0.53.Final/netty-tcnative-boringssl-static-2.0.53.Final-osx-x86_64.jar:/home/runner/.m2/repository/io/netty/netty-tcnative-boringssl-static/2.0.53.Final/netty-tcnative-boringssl-static-2.0.53.Final-osx-aarch_64.jar:/home/runner/.m2/repository/io/netty/netty-tcnative-boringssl-static/2.0.53.Final/netty-tcnative-boringssl-static-2.0.53.Final-windows-x86_64.jar:/home/runner/.m2/repository/org/apache/commons/commons-compress/1.21/commons-compress-1.21.jar:/home/runner/.m2/repository/org/apache/ozone/hdds-common/1.3.0-SNAPSHOT/hdds-common-1.3.0-SNAPSHOT.jar:/home/runner/.m2/repository/org/apache/ozone/hdds-client/1.3.0-SNAPSHOT/hdds-client-1.3.0-SNAPSHOT.jar:/home/runner/.m2/repository/org/apache/ozone/ozone-interface-client/1.3.0-SNAPSHOT/ozone-interface-client-1.3.0-SNAPSHOT.jar:/home/runner/.m2/repository/org/apache/ozone/hdds-test-utils/1.3.0-SNAPSHOT/hdds-test-utils-1.3.0-SNAPSHOT.jar:/home/runner/.m2/repository/com/google/guava/guava/31.1-jre/guava-31.1-jre.jar:/home/runner/.m2/repository/com/google/guava/failureaccess/1.0.1/failureaccess-1.0.1.jar:/home/runner/.m2/repository/com/google/guava/listenablefuture/9999.0-empty-to-avoid-conflict-with-guava/listenablefuture-9999.0-empty-to-avoid-conflict-with-guava.jar:/home/runner/.m2/repository/com/google/code/findbugs/jsr305/3.0.0/jsr305-3.0.0.jar:/home/runner/.m2/repository/org/checkerframework/checker-qual/3.12.0/checker-qual-3.12.0.jar:/home/runner/.m2/repository/com/google/j2objc/j2objc-annotations/1.3/j2objc-annotations-1.3.jar:/home/runner/.m2/repository/commons-io/commons-io/2.11.0/commons-io-2.11.0.jar:/home/runner/.m2/repository/commons-logging/commons-logging/1.2/commons-logging-1.2.jar:/home/runner/.m2/repository/ch/qos/reload4j/reload4j/1.2.22/reload4j-1.2.22.jar:/home/runner/.m2/repository/org/slf4j/slf4j-api/1.7.36/slf4j-api-1.7.36.jar:/home/runner/.m2/repository/org/apache/ozone/hdds-server-scm/1.3.0-SNAPSHOT/hdds-server-scm-1.3.0-SNAPSHOT.jar:/home/runner/.m2/repository/org/apache/ozone/hdds-container-service/1.3.0-SNAPSHOT/hdds-container-service-1.3.0-SNAPSHOT.jar:/home/runner/.m2/repository/org/apache/ozone/hdds-hadoop-dependency-server/1.3.0-SNAPSHOT/hdds-hadoop-dependency-server-1.3.0-SNAPSHOT.jar:/home/runner/.m2/repository/org/apache/hadoop/hadoop-hdfs/3.3.1/hadoop-hdfs-3.3.1.jar:/home/runner/.m2/repository/org/eclipse/jetty/jetty-util-ajax/9.4.43.v20210629/jetty-util-ajax-9.4.43.v20210629.jar:/home/runner/.m2/repository/commons-daemon/commons-daemon/1.0.13/commons-daemon-1.0.13.jar:/home/runner/.m2/repository/org/apache/ozone/hdds-server-framework/1.3.0-SNAPSHOT/hdds-server-framework-1.3.0-SNAPSHOT.jar:/home/runner/.m2/repository/org/apache/ozone/hdds-interface-server/1.3.0-SNAPSHOT/hdds-interface-server-1.3.0-SNAPSHOT.jar:/home/runner/.m2/repository/org/apache/logging/log4j/log4j-core/2.17.1/log4j-core-2.17.1.jar:/home/runner/.m2/repository/com/lmax/disruptor/3.4.2/disruptor-3.4.2.jar:/home/runner/.m2/repository/org/eclipse/jetty/jetty-servlet/9.4.43.v20210629/jetty-servlet-9.4.43.v20210629.jar:/home/runner/.m2/repository/org/eclipse/jetty/jetty-security/9.4.43.v20210629/jetty-security-9.4.43.v20210629.jar:/home/runner/.m2/repository/org/rocksdb/rocksdbjni/7.4.5/rocksdbjni-7.4.5.jar:/home/runner/.m2/repository/io/prometheus/simpleclient_dropwizard/0.7.0/simpleclient_dropwizard-0.7.0.jar:/home/runner/.m2/repository/io/prometheus/simpleclient/0.7.0/simpleclient-0.7.0.jar:/home/runner/.m2/repository/io/prometheus/simpleclient_common/0.7.0/simpleclient_common-0.7.0.jar:/home/runner/.m2/repository/io/dropwizard/metrics/metrics-core/3.2.4/metrics-core-3.2.4.jar:/home/runner/.m2/repository/org/apache/hadoop/hadoop-hdfs-client/3.3.1/hadoop-hdfs-client-3.3.1.jar:/home/runner/.m2/repository/org/bouncycastle/bcprov-jdk15on/1.67/bcprov-jdk15on-1.67.jar:/home/runner/.m2/repository/com/google/protobuf/protobuf-java/2.5.0/protobuf-java-2.5.0.jar:/home/runner/.m2/repository/org/apache/ozone/ozone-manager/1.3.0-SNAPSHOT/ozone-manager-1.3.0-SNAPSHOT.jar:/home/runner/.m2/repository/org/aspectj/aspectjrt/1.9.7/aspectjrt-1.9.7.jar:/home/runner/.m2/repository/org/aspectj/aspectjweaver/1.9.7/aspectjweaver-1.9.7.jar:/home/runner/.m2/repository/org/apache/ozone/hdds-interface-client/1.3.0-SNAPSHOT/hdds-interface-client-1.3.0-SNAPSHOT.jar:/home/runner/.m2/repository/org/apache/hadoop/thirdparty/hadoop-shaded-protobuf_3_7/1.1.1/hadoop-shaded-protobuf_3_7-1.1.1.jar:/home/runner/.m2/repository/org/apache/ozone/ozone-interface-storage/1.3.0-SNAPSHOT/ozone-interface-storage-1.3.0-SNAPSHOT.jar:/home/runner/.m2/repository/org/reflections/reflections/0.9.11/reflections-0.9.11.jar:/home/runner/.m2/repository/com/sun/jersey/jersey-client/1.19/jersey-client-1.19.jar:/home/runner/.m2/repository/org/apache/ranger/ranger-intg/2.3.0/ranger-intg-2.3.0.jar:/home/runner/.m2/repository/org/apache/ranger/ranger-plugins-common/2.3.0/ranger-plugins-common-2.3.0.jar:/home/runner/.m2/repository/commons-lang/commons-lang/2.6/commons-lang-2.6.jar:/home/runner/.m2/repository/org/codehaus/jackson/jackson-jaxrs/1.9.13/jackson-jaxrs-1.9.13.jar:/home/runner/.m2/repository/org/apache/ranger/ranger-plugins-cred/2.3.0/ranger-plugins-cred-2.3.0.jar:/home/runner/.m2/repository/org/apache/ranger/ranger-plugins-audit/2.3.0/ranger-plugins-audit-2.3.0.jar:/home/runner/.m2/repository/org/eclipse/jetty/jetty-client/9.4.31.v20200723/jetty-client-9.4.31.v20200723.jar:/home/runner/.m2/repository/org/apache/httpcomponents/httpmime/4.5.6/httpmime-4.5.6.jar:/home/runner/.m2/repository/org/apache/httpcomponents/httpcore-nio/4.4.6/httpcore-nio-4.4.6.jar:/home/runner/.m2/repository/org/apache/httpcomponents/httpasyncclient/4.1.3/httpasyncclient-4.1.3.jar:/home/runner/.m2/repository/com/carrotsearch/hppc/0.8.0/hppc-0.8.0.jar:/home/runner/.m2/repository/org/apache/orc/orc-core/1.5.8/orc-core-1.5.8.jar:/home/runner/.m2/repository/net/java/dev/jna/jna/5.2.0/jna-5.2.0.jar:/home/runner/.m2/repository/net/java/dev/jna/jna-platform/5.2.0/jna-platform-5.2.0.jar:/home/runner/.m2/repository/com/kstruct/gethostname4j/0.0.2/gethostname4j-0.0.2.jar:/home/runner/.m2/repository/org/apache/ranger/ranger-plugin-classloader/2.3.0/ranger-plugin-classloader-2.3.0.jar:/home/runner/.m2/repository/org/apache/hadoop/hadoop-minikdc/3.3.1/hadoop-minikdc-3.3.1.jar:/home/runner/.m2/repository/org/apache/kerby/kerb-simplekdc/1.0.1/kerb-simplekdc-1.0.1.jar:/home/runner/.m2/repository/org/apache/kerby/kerb-client/1.0.1/kerb-client-1.0.1.jar:/home/runner/.m2/repository/org/apache/kerby/kerby-config/1.0.1/kerby-config-1.0.1.jar:/home/runner/.m2/repository/org/apache/kerby/kerb-common/1.0.1/kerb-common-1.0.1.jar:/home/runner/.m2/repository/org/apache/kerby/kerb-crypto/1.0.1/kerb-crypto-1.0.1.jar:/home/runner/.m2/repository/org/apache/kerby/kerb-util/1.0.1/kerb-util-1.0.1.jar:/home/runner/.m2/repository/org/apache/kerby/token-provider/1.0.1/token-provider-1.0.1.jar:/home/runner/.m2/repository/org/apache/kerby/kerb-admin/1.0.1/kerb-admin-1.0.1.jar:/home/runner/.m2/repository/org/apache/kerby/kerb-server/1.0.1/kerb-server-1.0.1.jar:/home/runner/.m2/repository/org/apache/kerby/kerb-identity/1.0.1/kerb-identity-1.0.1.jar:/home/runner/.m2/repository/org/apache/kerby/kerby-xdr/1.0.1/kerby-xdr-1.0.1.jar:/home/runner/.m2/repository/org/apache/ozone/ozone-s3gateway/1.3.0-SNAPSHOT/ozone-s3gateway-1.3.0-SNAPSHOT.jar:/home/runner/.m2/repository/org/javassist/javassist/3.21.0-GA/javassist-3.21.0-GA.jar:/home/runner/.m2/repository/org/jboss/weld/servlet/weld-servlet/2.4.7.Final/weld-servlet-2.4.7.Final.jar:/home/runner/.m2/repository/org/glassfish/jersey/containers/jersey-container-servlet-core/2.34/jersey-container-servlet-core-2.34.jar:/home/runner/.m2/repository/org/glassfish/hk2/external/jakarta.inject/2.6.1/jakarta.inject-2.6.1.jar:/home/runner/.m2/repository/org/glassfish/jersey/core/jersey-common/2.34/jersey-common-2.34.jar:/home/runner/.m2/repository/jakarta/ws/rs/jakarta.ws.rs-api/2.1.6/jakarta.ws.rs-api-2.1.6.jar:/home/runner/.m2/repository/org/glassfish/jersey/ext/cdi/jersey-cdi1x/2.34/jersey-cdi1x-2.34.jar:/home/runner/.m2/repository/org/glassfish/jersey/inject/jersey-hk2/2.34/jersey-hk2-2.34.jar:/home/runner/.m2/repository/org/glassfish/hk2/hk2-locator/2.6.1/hk2-locator-2.6.1.jar:/home/runner/.m2/repository/org/glassfish/jersey/media/jersey-media-jaxb/2.34/jersey-media-jaxb-2.34.jar:/home/runner/.m2/repository/org/glassfish/hk2/osgi-resource-locator/1.0.3/osgi-resource-locator-1.0.3.jar:/home/runner/.m2/repository/org/glassfish/hk2/hk2-api/2.5.0/hk2-api-2.5.0.jar:/home/runner/.m2/repository/org/glassfish/hk2/hk2-utils/2.5.0/hk2-utils-2.5.0.jar:/home/runner/.m2/repository/org/glassfish/hk2/external/aopalliance-repackaged/2.5.0/aopalliance-repackaged-2.5.0.jar:/home/runner/.m2/repository/com/fasterxml/jackson/dataformat/jackson-dataformat-xml/2.13.4/jackson-dataformat-xml-2.13.4.jar:/home/runner/.m2/repository/com/fasterxml/jackson/core/jackson-core/2.13.4/jackson-core-2.13.4.jar:/home/runner/.m2/repository/org/codehaus/woodstox/stax2-api/3.1.4/stax2-api-3.1.4.jar:/home/runner/.m2/repository/com/fasterxml/woodstox/woodstox-core/5.0.3/woodstox-core-5.0.3.jar:/home/runner/.m2/repository/com/fasterxml/jackson/module/jackson-module-jaxb-annotations/2.13.4/jackson-module-jaxb-annotations-2.13.4.jar:/home/runner/.m2/repository/jakarta/xml/bind/jakarta.xml.bind-api/2.3.3/jakarta.xml.bind-api-2.3.3.jar:/home/runner/.m2/repository/jakarta/activation/jakarta.activation-api/1.2.1/jakarta.activation-api-1.2.1.jar:/home/runner/.m2/repository/javax/enterprise/cdi-api/1.2/cdi-api-1.2.jar:/home/runner/.m2/repository/javax/el/javax.el-api/3.0.0/javax.el-api-3.0.0.jar:/home/runner/.m2/repository/javax/interceptor/javax.interceptor-api/1.2/javax.interceptor-api-1.2.jar:/home/runner/.m2/repository/javax/inject/javax.inject/1/javax.inject-1.jar:/home/runner/.m2/repository/javax/xml/bind/jaxb-api/2.3.0/jaxb-api-2.3.0.jar:/home/runner/.m2/repository/org/glassfish/jaxb/jaxb-runtime/2.3.0.1/jaxb-runtime-2.3.0.1.jar:/home/runner/.m2/repository/org/glassfish/jaxb/jaxb-core/2.3.0.1/jaxb-core-2.3.0.1.jar:/home/runner/.m2/repository/org/glassfish/jaxb/txw2/2.3.0.1/txw2-2.3.0.1.jar:/home/runner/.m2/repository/com/sun/istack/istack-commons-runtime/3.0.5/istack-commons-runtime-3.0.5.jar:/home/runner/.m2/repository/org/jvnet/staxex/stax-ex/1.7.8/stax-ex-1.7.8.jar:/home/runner/.m2/repository/com/sun/xml/fastinfoset/FastInfoset/1.2.13/FastInfoset-1.2.13.jar:/home/runner/.m2/repository/javax/activation/activation/1.1.1/activation-1.1.1.jar:/home/runner/.m2/repository/io/grpc/grpc-protobuf/1.48.1/grpc-protobuf-1.48.1.jar:/home/runner/.m2/repository/io/grpc/grpc-api/1.48.1/grpc-api-1.48.1.jar:/home/runner/.m2/repository/io/grpc/grpc-context/1.48.1/grpc-context-1.48.1.jar:/home/runner/.m2/repository/com/google/api/grpc/proto-google-common-protos/2.9.0/proto-google-common-protos-2.9.0.jar:/home/runner/.m2/repository/io/grpc/grpc-protobuf-lite/1.48.1/grpc-protobuf-lite-1.48.1.jar:/home/runner/.m2/repository/io/grpc/grpc-stub/1.48.1/grpc-stub-1.48.1.jar:/home/runner/.m2/repository/io/netty/netty-transport/4.1.79.Final/netty-transport-4.1.79.Final.jar:/home/runner/.m2/repository/io/netty/netty-resolver/4.1.79.Final/netty-resolver-4.1.79.Final.jar:/home/runner/.m2/repository/org/apache/ozone/ozone-csi/1.3.0-SNAPSHOT/ozone-csi-1.3.0-SNAPSHOT.jar:/home/runner/.m2/repository/com/google/protobuf/protobuf-java-util/3.19.2/protobuf-java-util-3.19.2.jar:/home/runner/.m2/repository/com/google/code/gson/gson/2.9.0/gson-2.9.0.jar:/home/runner/.m2/repository/org/apache/ozone/hdds-config/1.3.0-SNAPSHOT/hdds-config-1.3.0-SNAPSHOT.jar:/home/runner/.m2/repository/io/netty/netty-transport-native-epoll/4.1.79.Final/netty-transport-native-epoll-4.1.79.Final-linux-x86_64.jar:/home/runner/.m2/repository/io/netty/netty-transport-classes-epoll/4.1.79.Final/netty-transport-classes-epoll-4.1.79.Final.jar:/home/runner/.m2/repository/io/netty/netty-transport-native-unix-common/4.1.79.Final/netty-transport-native-unix-common-4.1.79.Final.jar:/home/runner/.m2/repository/org/slf4j/slf4j-reload4j/1.7.36/slf4j-reload4j-1.7.36.jar:/home/runner/.m2/repository/org/apache/ozone/ozone-recon/1.3.0-SNAPSHOT/ozone-recon-1.3.0-SNAPSHOT.jar:/home/runner/.m2/repository/org/apache/ozone/ozone-reconcodegen/1.3.0-SNAPSHOT/ozone-reconcodegen-1.3.0-SNAPSHOT.jar:/home/runner/.m2/repository/com/google/inject/extensions/guice-multibindings/4.0/guice-multibindings-4.0.jar:/home/runner/.m2/repository/com/google/inject/guice/4.0/guice-4.0.jar:/home/runner/.m2/repository/aopalliance/aopalliance/1.0/aopalliance-1.0.jar:/home/runner/.m2/repository/com/google/inject/extensions/guice-assistedinject/4.0/guice-assistedinject-4.0.jar:/home/runner/.m2/repository/com/google/inject/extensions/guice-servlet/4.0/guice-servlet-4.0.jar:/home/runner/.m2/repository/org/glassfish/jersey/containers/jersey-container-servlet/2.34/jersey-container-servlet-2.34.jar:/home/runner/.m2/repository/org/glassfish/hk2/guice-bridge/2.5.0/guice-bridge-2.5.0.jar:/home/runner/.m2/repository/org/glassfish/jersey/core/jersey-server/2.34/jersey-server-2.34.jar:/home/runner/.m2/repository/org/glassfish/jersey/core/jersey-client/2.34/jersey-client-2.34.jar:/home/runner/.m2/repository/jakarta/annotation/jakarta.annotation-api/1.3.5/jakarta.annotation-api-1.3.5.jar:/home/runner/.m2/repository/jakarta/validation/jakarta.validation-api/2.0.2/jakarta.validation-api-2.0.2.jar:/home/runner/.m2/repository/org/glassfish/jersey/media/jersey-media-json-jackson/2.34/jersey-media-json-jackson-2.34.jar:/home/runner/.m2/repository/org/glassfish/jersey/ext/jersey-entity-filtering/2.34/jersey-entity-filtering-2.34.jar:/home/runner/.m2/repository/org/jooq/jooq/3.11.10/jooq-3.11.10.jar:/home/runner/.m2/repository/org/jooq/jooq-meta/3.11.10/jooq-meta-3.11.10.jar:/home/runner/.m2/repository/org/jooq/jooq-codegen/3.11.10/jooq-codegen-3.11.10.jar:/home/runner/.m2/repository/com/jolbox/bonecp/0.8.0.RELEASE/bonecp-0.8.0.RELEASE.jar:/home/runner/.m2/repository/org/apache/derby/derby/10.14.2.0/derby-10.14.2.0.jar:/home/runner/.m2/repository/org/xerial/sqlite-jdbc/3.25.2/sqlite-jdbc-3.25.2.jar:/home/runner/.m2/repository/org/springframework/spring-jdbc/5.2.20.RELEASE/spring-jdbc-5.2.20.RELEASE.jar:/home/runner/.m2/repository/org/springframework/spring-beans/5.2.20.RELEASE/spring-beans-5.2.20.RELEASE.jar:/home/runner/.m2/repository/org/springframework/spring-core/5.2.20.RELEASE/spring-core-5.2.20.RELEASE.jar:/home/runner/.m2/repository/org/springframework/spring-jcl/5.2.20.RELEASE/spring-jcl-5.2.20.RELEASE.jar:/home/runner/.m2/repository/org/springframework/spring-tx/5.2.20.RELEASE/spring-tx-5.2.20.RELEASE.jar:/home/runner/.m2/repository/org/apache/ozone/ozone-client/1.3.0-SNAPSHOT/ozone-client-1.3.0-SNAPSHOT.jar:/home/runner/.m2/repository/org/apache/ozone/hdds-erasurecode/1.3.0-SNAPSHOT/hdds-erasurecode-1.3.0-SNAPSHOT.jar:/home/runner/.m2/repository/com/github/spotbugs/spotbugs-annotations/3.1.12/spotbugs-annotations-3.1.12.jar:/home/runner/.m2/repository/org/apache/ozone/ozone-filesystem/1.3.0-SNAPSHOT/ozone-filesystem-1.3.0-SNAPSHOT.jar:/home/runner/.m2/repository/org/apache/ozone/ozone-filesystem-common/1.3.0-SNAPSHOT/ozone-filesystem-common-1.3.0-SNAPSHOT.jar:/home/runner/.m2/repository/org/apache/ozone/ozone-tools/1.3.0-SNAPSHOT/ozone-tools-1.3.0-SNAPSHOT.jar:/home/runner/.m2/repository/org/apache/ratis/ratis-tools/2.3.0/ratis-tools-2.3.0.jar:/home/runner/.m2/repository/com/amazonaws/aws-java-sdk-core/1.12.261/aws-java-sdk-core-1.12.261.jar:/home/runner/.m2/repository/org/apache/httpcomponents/httpclient/4.5.13/httpclient-4.5.13.jar:/home/runner/.m2/repository/org/apache/httpcomponents/httpcore/4.4.13/httpcore-4.4.13.jar:/home/runner/.m2/repository/software/amazon/ion/ion-java/1.0.2/ion-java-1.0.2.jar:/home/runner/.m2/repository/com/fasterxml/jackson/dataformat/jackson-dataformat-cbor/2.13.4/jackson-dataformat-cbor-2.13.4.jar:/home/runner/.m2/repository/joda-time/joda-time/2.8.1/joda-time-2.8.1.jar:/home/runner/.m2/repository/com/amazonaws/aws-java-sdk-s3/1.12.261/aws-java-sdk-s3-1.12.261.jar:/home/runner/.m2/repository/com/amazonaws/aws-java-sdk-kms/1.12.261/aws-java-sdk-kms-1.12.261.jar:/home/runner/.m2/repository/com/amazonaws/jmespath-java/1.12.261/jmespath-java-1.12.261.jar:/home/runner/.m2/repository/org/kohsuke/metainf-services/metainf-services/1.8/metainf-services-1.8.jar:/home/runner/.m2/repository/org/apache/ozone/hdds-tools/1.3.0-SNAPSHOT/hdds-tools-1.3.0-SNAPSHOT.jar:/home/runner/.m2/repository/commons-cli/commons-cli/1.2/commons-cli-1.2.jar:/home/runner/.m2/repository/org/apache/commons/commons-lang3/3.7/commons-lang3-3.7.jar:/home/runner/.m2/repository/org/apache/ozone/ozone-manager/1.3.0-SNAPSHOT/ozone-manager-1.3.0-SNAPSHOT-tests.jar:/home/runner/.m2/repository/org/apache/ozone/hdds-common/1.3.0-SNAPSHOT/hdds-common-1.3.0-SNAPSHOT-tests.jar:/home/runner/.m2/repository/org/apache/ozone/hdds-hadoop-dependency-client/1.3.0-SNAPSHOT/hdds-hadoop-dependency-client-1.3.0-SNAPSHOT.jar:/home/runner/.m2/repository/info/picocli/picocli/4.6.1/picocli-4.6.1.jar:/home/runner/.m2/repository/com/fasterxml/jackson/core/jackson-annotations/2.13.4/jackson-annotations-2.13.4.jar:/home/runner/.m2/repository/com/fasterxml/jackson/datatype/jackson-datatype-jsr310/2.13.4/jackson-datatype-jsr310-2.13.4.jar:/home/runner/.m2/repository/org/apache/ozone/hdds-annotation-processing/1.3.0-SNAPSHOT/hdds-annotation-processing-1.3.0-SNAPSHOT.jar:/home/runner/.m2/repository/javax/annotation/javax.annotation-api/1.2/javax.annotation-api-1.2.jar:/home/runner/.m2/repository/org/apache/ratis/ratis-server/2.3.0/ratis-server-2.3.0.jar:/home/runner/.m2/repository/org/apache/ratis/ratis-client/2.3.0/ratis-client-2.3.0.jar:/home/runner/.m2/repository/org/apache/ratis/ratis-server-api/2.3.0/ratis-server-api-2.3.0.jar:/home/runner/.m2/repository/org/apache/ratis/ratis-metrics/2.3.0/ratis-metrics-2.3.0.jar:/home/runner/.m2/repository/org/apache/ratis/ratis-netty/2.3.0/ratis-netty-2.3.0.jar:/home/runner/.m2/repository/org/apache/ratis/ratis-grpc/2.3.0/ratis-grpc-2.3.0.jar:/home/runner/.m2/repository/org/apache/logging/log4j/log4j-api/2.17.1/log4j-api-2.17.1.jar:/home/runner/.m2/repository/org/apache/commons/commons-pool2/2.6.0/commons-pool2-2.6.0.jar:/home/runner/.m2/repository/org/bouncycastle/bcpkix-jdk15on/1.67/bcpkix-jdk15on-1.67.jar:/home/runner/.m2/repository/commons-validator/commons-validator/1.6/commons-validator-1.6.jar:/home/runner/.m2/repository/commons-beanutils/commons-beanutils/1.9.4/commons-beanutils-1.9.4.jar:/home/runner/.m2/repository/commons-digester/commons-digester/1.8.1/commons-digester-1.8.1.jar:/home/runner/.m2/repository/commons-collections/commons-collections/3.2.2/commons-collections-3.2.2.jar:/home/runner/.m2/repository/io/jaegertracing/jaeger-client/1.6.0/jaeger-client-1.6.0.jar:/home/runner/.m2/repository/io/jaegertracing/jaeger-thrift/1.6.0/jaeger-thrift-1.6.0.jar:/home/runner/.m2/repository/org/apache/thrift/libthrift/0.14.1/libthrift-0.14.1.jar:/home/runner/.m2/repository/com/squareup/okhttp3/okhttp/4.9.0/okhttp-4.9.0.jar:/home/runner/.m2/repository/com/squareup/okio/okio/2.8.0/okio-2.8.0.jar:/home/runner/.m2/repository/io/jaegertracing/jaeger-core/1.6.0/jaeger-core-1.6.0.jar:/home/runner/.m2/repository/io/jaegertracing/jaeger-tracerresolver/1.6.0/jaeger-tracerresolver-1.6.0.jar:/home/runner/.m2/repository/io/opentracing/contrib/opentracing-tracerresolver/0.1.8/opentracing-tracerresolver-0.1.8.jar:/home/runner/.m2/repository/org/jetbrains/kotlin/kotlin-stdlib/1.6.21/kotlin-stdlib-1.6.21.jar:/home/runner/.m2/repository/org/jetbrains/kotlin/kotlin-stdlib-common/1.6.21/kotlin-stdlib-common-1.6.21.jar:/home/runner/.m2/repository/org/jetbrains/annotations/13.0/annotations-13.0.jar:/home/runner/.m2/repository/io/opentracing/opentracing-util/0.33.0/opentracing-util-0.33.0.jar:/home/runner/.m2/repository/io/opentracing/opentracing-api/0.33.0/opentracing-api-0.33.0.jar:/home/runner/.m2/repository/io/opentracing/opentracing-noop/0.33.0/opentracing-noop-0.33.0.jar:/home/runner/.m2/repository/org/yaml/snakeyaml/1.32/snakeyaml-1.32.jar:/home/runner/.m2/repository/org/apache/ozone/hdds-interface-admin/1.3.0-SNAPSHOT/hdds-interface-admin-1.3.0-SNAPSHOT.jar:/home/runner/.m2/repository/junit/junit/4.13.1/junit-4.13.1.jar:/home/runner/.m2/repository/org/hamcrest/hamcrest-core/1.3/hamcrest-core-1.3.jar:/home/runner/.m2/repository/org/junit/jupiter/junit-jupiter-api/5.8.2/junit-jupiter-api-5.8.2.jar:/home/runner/.m2/repository/org/opentest4j/opentest4j/1.2.0/opentest4j-1.2.0.jar:/home/runner/.m2/repository/org/junit/platform/junit-platform-commons/1.8.2/junit-platform-commons-1.8.2.jar:/home/runner/.m2/repository/org/apiguardian/apiguardian-api/1.1.2/apiguardian-api-1.1.2.jar:/home/runner/.m2/repository/org/junit/jupiter/junit-jupiter-params/5.8.2/junit-jupiter-params-5.8.2.jar:/home/runner/.m2/repository/org/junit/jupiter/junit-jupiter-migrationsupport/5.8.2/junit-jupiter-migrationsupport-5.8.2.jar:/home/runner/.m2/repository/org/junit/jupiter/junit-jupiter-engine/5.8.2/junit-jupiter-engine-5.8.2.jar:/home/runner/.m2/repository/org/junit/platform/junit-platform-engine/1.8.2/junit-platform-engine-1.8.2.jar:/home/runner/.m2/repository/org/junit/vintage/junit-vintage-engine/5.8.2/junit-vintage-engine-5.8.2.jar:/home/runner/.m2/repository/org/junit/platform/junit-platform-launcher/1.8.2/junit-platform-launcher-1.8.2.jar:/home/runner/.m2/repository/org/mockito/mockito-core/2.28.2/mockito-core-2.28.2.jar:/home/runner/.m2/repository/net/bytebuddy/byte-buddy/1.9.10/byte-buddy-1.9.10.jar:/home/runner/.m2/repository/net/bytebuddy/byte-buddy-agent/1.9.10/byte-buddy-agent-1.9.10.jar:/home/runner/.m2/repository/org/objenesis/objenesis/1.0/objenesis-1.0.jar:/home/runner/.m2/repository/org/apache/hadoop/hadoop-kms/3.3.1/hadoop-kms-3.3.1.jar:/home/runner/.m2/repository/org/apache/hadoop/hadoop-auth/3.3.1/hadoop-auth-3.3.1.jar:/home/runner/.m2/repository/com/nimbusds/nimbus-jose-jwt/7.9/nimbus-jose-jwt-7.9.jar:/home/runner/.m2/repository/com/github/stephenc/jcip/jcip-annotations/1.0-1/jcip-annotations-1.0-1.jar:/home/runner/.m2/repository/net/minidev/json-smart/2.4.7/json-smart-2.4.7.jar:/home/runner/.m2/repository/net/minidev/accessors-smart/2.4.7/accessors-smart-2.4.7.jar:/home/runner/.m2/repository/org/ow2/asm/asm/5.0.4/asm-5.0.4.jar:/home/runner/.m2/repository/org/apache/zookeeper/zookeeper/3.5.6/zookeeper-3.5.6.jar:/home/runner/.m2/repository/org/apache/zookeeper/zookeeper-jute/3.5.6/zookeeper-jute-3.5.6.jar:/home/runner/.m2/repository/org/apache/yetus/audience-annotations/0.5.0/audience-annotations-0.5.0.jar:/home/runner/.m2/repository/org/apache/curator/curator-framework/4.2.0/curator-framework-4.2.0.jar:/home/runner/.m2/repository/org/apache/hadoop/thirdparty/hadoop-shaded-guava/1.1.1/hadoop-shaded-guava-1.1.1.jar:/home/runner/.m2/repository/com/sun/jersey/jersey-core/1.19/jersey-core-1.19.jar:/home/runner/.m2/repository/javax/ws/rs/jsr311-api/1.1.1/jsr311-api-1.1.1.jar:/home/runner/.m2/repository/com/sun/jersey/jersey-server/1.19/jersey-server-1.19.jar:/home/runner/.m2/repository/javax/servlet/javax.servlet-api/3.1.0/javax.servlet-api-3.1.0.jar:/home/runner/.m2/repository/org/eclipse/jetty/jetty-server/9.4.43.v20210629/jetty-server-9.4.43.v20210629.jar:/home/runner/.m2/repository/org/eclipse/jetty/jetty-http/9.4.43.v20210629/jetty-http-9.4.43.v20210629.jar:/home/runner/.m2/repository/org/eclipse/jetty/jetty-io/9.4.43.v20210629/jetty-io-9.4.43.v20210629.jar:/home/runner/.m2/repository/org/eclipse/jetty/jetty-webapp/9.4.43.v20210629/jetty-webapp-9.4.43.v20210629.jar:/home/runner/.m2/repository/org/eclipse/jetty/jetty-xml/9.4.43.v20210629/jetty-xml-9.4.43.v20210629.jar:/home/runner/.m2/repository/org/apache/hadoop/hadoop-common/3.3.1/hadoop-common-3.3.1.jar:/home/runner/.m2/repository/org/apache/commons/commons-math3/3.1.1/commons-math3-3.1.1.jar:/home/runner/.m2/repository/commons-net/commons-net/3.6/commons-net-3.6.jar:/home/runner/.m2/repository/com/sun/jersey/jersey-servlet/1.19/jersey-servlet-1.19.jar:/home/runner/.m2/repository/com/sun/jersey/jersey-json/1.19/jersey-json-1.19.jar:/home/runner/.m2/repository/org/codehaus/jettison/jettison/1.1/jettison-1.1.jar:/home/runner/.m2/repository/com/sun/xml/bind/jaxb-impl/2.2.3-1/jaxb-impl-2.2.3-1.jar:/home/runner/.m2/repository/org/codehaus/jackson/jackson-xc/1.9.2/jackson-xc-1.9.2.jar:/home/runner/.m2/repository/org/apache/commons/commons-configuration2/2.1.1/commons-configuration2-2.1.1.jar:/home/runner/.m2/repository/org/apache/commons/commons-text/1.4/commons-text-1.4.jar:/home/runner/.m2/repository/com/google/re2j/re2j/1.1/re2j-1.1.jar:/home/runner/.m2/repository/com/jcraft/jsch/0.1.54/jsch-0.1.54.jar:/home/runner/.m2/repository/org/apache/curator/curator-client/4.2.0/curator-client-4.2.0.jar:/home/runner/.m2/repository/org/apache/curator/curator-recipes/4.2.0/curator-recipes-4.2.0.jar:/home/runner/.m2/repository/org/apache/htrace/htrace-core4/4.1.0-incubating/htrace-core4-4.1.0-incubating.jar:/home/runner/.m2/repository/org/apache/kerby/kerb-core/1.0.1/kerb-core-1.0.1.jar:/home/runner/.m2/repository/org/apache/kerby/kerby-pkix/1.0.1/kerby-pkix-1.0.1.jar:/home/runner/.m2/repository/org/apache/kerby/kerby-asn1/1.0.1/kerby-asn1-1.0.1.jar:/home/runner/.m2/repository/org/apache/kerby/kerby-util/1.0.1/kerby-util-1.0.1.jar:/home/runner/.m2/repository/dnsjava/dnsjava/2.1.7/dnsjava-2.1.7.jar:/home/runner/.m2/repository/org/xerial/snappy/snappy-java/1.1.8.2/snappy-java-1.1.8.2.jar:/home/runner/.m2/repository/org/eclipse/jetty/jetty-util/9.4.43.v20210629/jetty-util-9.4.43.v20210629.jar:/home/runner/.m2/repository/com/fasterxml/jackson/core/jackson-databind/2.13.4/jackson-databind-2.13.4.jar:/home/runner/.m2/repository/org/apache/hadoop/hadoop-kms/3.3.1/hadoop-kms-3.3.1-tests.jar:/home/runner/.m2/repository/org/apache/ozone/hdds-server-scm/1.3.0-SNAPSHOT/hdds-server-scm-1.3.0-SNAPSHOT-tests.jar:/home/runner/.m2/repository/org/apache/ozone/hdds-container-service/1.3.0-SNAPSHOT/hdds-container-service-1.3.0-SNAPSHOT-tests.jar:/home/runner/.m2/repository/commons-codec/commons-codec/1.11/commons-codec-1.11.jar:/home/runner/.m2/repository/io/netty/netty-codec/4.1.79.Final/netty-codec-4.1.79.Final.jar:/home/runner/.m2/repository/io/netty/netty-handler/4.1.79.Final/netty-handler-4.1.79.Final.jar:/home/runner/.m2/repository/org/apache/ozone/hdds-hadoop-dependency-test/1.3.0-SNAPSHOT/hdds-hadoop-dependency-test-1.3.0-SNAPSHOT.jar:/home/runner/.m2/repository/org/apache/hadoop/hadoop-common/3.3.1/hadoop-common-3.3.1-tests.jar:/home/runner/.m2/repository/org/apache/hadoop/hadoop-hdfs/3.3.1/hadoop-hdfs-3.3.1-tests.jar:/home/runner/.m2/repository/org/assertj/assertj-core/3.12.2/assertj-core-3.12.2.jar:/home/runner/.m2/repository/org/apache/hadoop/hadoop-distcp/3.3.1/hadoop-distcp-3.3.1.jar:/home/runner/.m2/repository/org/apache/hadoop/hadoop-mapreduce-client-jobclient/3.3.1/hadoop-mapreduce-client-jobclient-3.3.1.jar:/home/runner/.m2/repository/org/apache/hadoop/hadoop-mapreduce-client-common/3.3.1/hadoop-mapreduce-client-common-3.3.1.jar:/home/runner/.m2/repository/org/apache/hadoop/hadoop-yarn-common/3.3.1/hadoop-yarn-common-3.3.1.jar:/home/runner/.m2/repository/org/apache/hadoop/hadoop-yarn-api/3.3.1/hadoop-yarn-api-3.3.1.jar:/home/runner/.m2/repository/com/sun/jersey/contribs/jersey-guice/1.19/jersey-guice-1.19.jar:/home/runner/.m2/repository/com/fasterxml/jackson/jaxrs/jackson-jaxrs-json-provider/2.13.4/jackson-jaxrs-json-provider-2.13.4.jar:/home/runner/.m2/repository/com/fasterxml/jackson/jaxrs/jackson-jaxrs-base/2.13.4/jackson-jaxrs-base-2.13.4.jar:/home/runner/.m2/repository/org/apache/hadoop/hadoop-yarn-client/3.3.1/hadoop-yarn-client-3.3.1.jar:/home/runner/.m2/repository/org/eclipse/jetty/websocket/websocket-client/9.4.40.v20210413/websocket-client-9.4.40.v20210413.jar:/home/runner/.m2/repository/org/eclipse/jetty/websocket/websocket-common/9.4.40.v20210413/websocket-common-9.4.40.v20210413.jar:/home/runner/.m2/repository/org/eclipse/jetty/websocket/websocket-api/9.4.40.v20210413/websocket-api-9.4.40.v20210413.jar:/home/runner/.m2/repository/org/jline/jline/3.9.0/jline-3.9.0.jar:/home/runner/.m2/repository/org/apache/hadoop/hadoop-mapreduce-client-core/3.3.1/hadoop-mapreduce-client-core-3.3.1.jar:/home/runner/.m2/repository/org/apache/avro/avro/1.7.7/avro-1.7.7.jar:/home/runner/.m2/repository/org/codehaus/jackson/jackson-core-asl/1.9.13/jackson-core-asl-1.9.13.jar:/home/runner/.m2/repository/org/codehaus/jackson/jackson-mapper-asl/1.9.13/jackson-mapper-asl-1.9.13.jar:/home/runner/.m2/repository/com/thoughtworks/paranamer/paranamer/2.3/paranamer-2.3.jar:/home/runner/.m2/repository/org/apache/hadoop/hadoop-annotations/3.3.1/hadoop-annotations-3.3.1.jar:/opt/hostedtoolcache/jdk/8.0.345/x64/jre/../lib/tools.jar:/home/runner/.m2/repository/io/netty/netty/3.10.6.Final/netty-3.10.6.Final.jar:/home/runner/.m2/repository/org/apache/hadoop/hadoop-distcp/3.3.1/hadoop-distcp-3.3.1-tests.jar:/home/runner/.m2/repository/org/slf4j/jul-to-slf4j/1.7.36/jul-to-slf4j-1.7.36.jar:/home/runner/.m2/repository/org/apache/ratis/ratis-common/2.3.0/ratis-common-2.3.0.jar:/home/runner/.m2/repository/org/apache/ratis/ratis-thirdparty-misc/1.0.0/ratis-thirdparty-misc-1.0.0.jar:/home/runner/.m2/repository/org/apache/ratis/ratis-proto/2.3.0/ratis-proto-2.3.0.jar:"/>
    <property name="sun.cpu.endian" value="little"/>
    <property name="user.home" value="/home/runner"/>
    <property name="user.language" value="en"/>
    <property name="java.specification.vendor" value="Oracle Corporation"/>
    <property name="java.home" value="/opt/hostedtoolcache/jdk/8.0.345/x64/jre"/>
    <property name="java.security.krb5.conf" value="/home/runner/work/ozone/ozone/hadoop-ozone/integration-test/target/test-classes/krb5.conf"/>
    <property name="basedir" value="/home/runner/work/ozone/ozone/hadoop-ozone/integration-test"/>
    <property name="file.separator" value="/"/>
    <property name="line.separator" value="&#10;"/>
    <property name="jdk.vendor.version" value="Zulu 8.64.0.19-CA-linux64"/>
    <property name="java.vm.specification.vendor" value="Oracle Corporation"/>
    <property name="java.specification.name" value="Java Platform API Specification"/>
    <property name="java.awt.graphicsenv" value="sun.awt.X11GraphicsEnvironment"/>
    <property name="skip.installnpx" value="true"/>
    <property name="surefire.real.class.path" value="/home/runner/work/ozone/ozone/hadoop-ozone/integration-test/target/surefire/surefirebooter1950628337769685285.jar:/home/runner/.m2/repository/org/jacoco/org.jacoco.agent/0.8.5/org.jacoco.agent-0.8.5-runtime.jar"/>
    <property name="hadoop.log.dir" value="/home/runner/work/ozone/ozone/hadoop-ozone/integration-test/target/log"/>
    <property name="sun.boot.class.path" value="/opt/hostedtoolcache/jdk/8.0.345/x64/jre/lib/resources.jar:/opt/hostedtoolcache/jdk/8.0.345/x64/jre/lib/rt.jar:/opt/hostedtoolcache/jdk/8.0.345/x64/jre/lib/sunrsasign.jar:/opt/hostedtoolcache/jdk/8.0.345/x64/jre/lib/jsse.jar:/opt/hostedtoolcache/jdk/8.0.345/x64/jre/lib/jce.jar:/opt/hostedtoolcache/jdk/8.0.345/x64/jre/lib/charsets.jar:/opt/hostedtoolcache/jdk/8.0.345/x64/jre/lib/jfr.jar:/opt/hostedtoolcache/jdk/8.0.345/x64/jre/lib/cat.jar:/opt/hostedtoolcache/jdk/8.0.345/x64/jre/classes"/>
    <property name="sun.management.compiler" value="HotSpot 64-Bit Tiered Compilers"/>
    <property name="skip.npx" value="true"/>
    <property name="java.runtime.version" value="1.8.0_345-b01"/>
    <property name="java.net.preferIPv4Stack" value="true"/>
    <property name="user.name" value="runner"/>
    <property name="path.separator" value=":"/>
    <property name="java.security.egd" value="file:///dev/urandom"/>
    <property name="os.version" value="5.15.0-1020-azure"/>
    <property name="java.endorsed.dirs" value="/opt/hostedtoolcache/jdk/8.0.345/x64/jre/lib/endorsed"/>
    <property name="java.runtime.name" value="OpenJDK Runtime Environment"/>
    <property name="file.encoding" value="UTF-8"/>
    <property name="java.vm.name" value="OpenJDK 64-Bit Server VM"/>
    <property name="test.build.webapps" value=""/>
    <property name="localRepository" value="/home/runner/.m2/repository"/>
    <property name="jetty.git.hash" value="526006ecfa3af7f1a27ef3a288e2bef7ea9dd7e8"/>
    <property name="java.vendor.url.bug" value="http://www.azul.com/support/"/>
    <property name="java.io.tmpdir" value="/tmp"/>
    <property name="require.test.libhadoop" value=""/>
    <property name="java.version" value="1.8.0_345"/>
    <property name="user.dir" value="/home/runner/work/ozone/ozone/hadoop-ozone/integration-test"/>
    <property name="os.arch" value="amd64"/>
    <property name="java.vm.specification.name" value="Java Virtual Machine Specification"/>
    <property name="test.build.classes" value="/home/runner/work/ozone/ozone/hadoop-ozone/integration-test/target/test-classes"/>
    <property name="java.awt.printerjob" value="sun.print.PSPrinterJob"/>
    <property name="sun.os.patch.level" value="unknown"/>
    <property name="hadoop.tmp.dir" value="/home/runner/work/ozone/ozone/hadoop-ozone/integration-test/target/tmp"/>
    <property name="java.library.path" value="/usr/java/packages/lib/amd64:/usr/lib64:/lib64:/lib:/usr/lib"/>
    <property name="java.vm.info" value="mixed mode"/>
    <property name="java.vendor" value="Azul Systems, Inc."/>
    <property name="java.vm.version" value="25.345-b01"/>
    <property name="java.ext.dirs" value="/opt/hostedtoolcache/jdk/8.0.345/x64/jre/lib/ext:/usr/java/packages/lib/ext"/>
    <property name="sun.io.unicode.encoding" value="UnicodeLittle"/>
    <property name="java.class.version" value="52.0"/>
  </properties>
  <testcase name="testBlockDeleteCommandParallelProcess" classname="org.apache.hadoop.ozone.container.common.statemachine.commandhandler.TestBlockDeletion" time="53.489">
    <system-out><![CDATA[2022-10-11 12:47:44,840 [main] WARN  server.ServerUtils (ServerUtils.java:getScmDbDir(148)) - ozone.scm.db.dirs is not configured. We recommend adding this setting. Falling back to ozone.metadata.dirs instead.
2022-10-11 12:47:44,933 [main] WARN  server.ServerUtils (ServerUtils.java:getScmDbDir(148)) - ozone.scm.db.dirs is not configured. We recommend adding this setting. Falling back to ozone.metadata.dirs instead.
2022-10-11 12:47:44,939 [main] INFO  ha.SCMHANodeDetails (SCMHANodeDetails.java:loadSCMHAConfig(209)) - ServiceID for StorageContainerManager is null
2022-10-11 12:47:44,954 [main] WARN  ha.SCMHANodeDetails (SCMHANodeDetails.java:validateSCMHAConfig(182)) - Invalid config ozone.scm.ratis.enable. The config was not specified, but the default value true conflicts with the expected config value false. Falling back to the expected value. Current State of SCM: SCM is running in Non-HA without Ratis Ratis SCM -> Non Ratis SCM or Non HA SCM -> HA SCM is not supported
2022-10-11 12:47:44,954 [main] INFO  ha.SCMHANodeDetails (SCMHANodeDetails.java:loadSCMHAConfig(214)) - ozone.scm.default.service.id is not defined, falling back to ozone.scm.service.ids to find serviceID for StorageContainerManager if it is HA enabled cluster
2022-10-11 12:47:45,754 [main] WARN  utils.HAUtils (HAUtils.java:getMetaDir(342)) - ozone.scm.db.dirs is not configured. We recommend adding this setting. Falling back to ozone.metadata.dirs instead.
2022-10-11 12:47:45,895 [main] WARN  db.DBStoreBuilder (DBStoreBuilder.java:applyDBDefinition(144)) - ozone.scm.db.dirs is not configured. We recommend adding this setting. Falling back to ozone.metadata.dirs instead.
2022-10-11 12:47:46,147 [main] INFO  net.NodeSchemaLoader (NodeSchemaLoader.java:loadSchemaFromFile(129)) - Loading schema from [jar:file:/home/runner/.m2/repository/org/apache/ozone/hdds-common/1.3.0-SNAPSHOT/hdds-common-1.3.0-SNAPSHOT.jar!/network-topology-default.xml]
2022-10-11 12:47:46,149 [main] INFO  net.NodeSchemaLoader (NodeSchemaLoader.java:loadSchema(176)) - Loading network topology layer schema file
2022-10-11 12:47:46,204 [main] INFO  metrics.MetricRegistries (MetricRegistriesLoader.java:load(64)) - Loaded MetricRegistries class org.apache.ratis.metrics.impl.MetricRegistriesImpl
2022-10-11 12:47:46,211 [main] INFO  upgrade.AbstractLayoutVersionManager (AbstractLayoutVersionManager.java:init(83)) - Initializing Layout version manager with metadata layout = DATANODE_SCHEMA_V3 (version = 4), software layout = DATANODE_SCHEMA_V3 (version = 4)
2022-10-11 12:47:46,456 [main] INFO  reflections.Reflections (Reflections.java:scan(232)) - Reflections took 154 ms to scan 7 urls, producing 137 keys and 328 values 
2022-10-11 12:47:46,570 [main] INFO  ha.SequenceIdGenerator (SequenceIdGenerator.java:upgradeToSequenceId(349)) - upgrade localId to 109611004723200000
2022-10-11 12:47:46,570 [main] INFO  ha.SequenceIdGenerator (SequenceIdGenerator.java:upgradeToSequenceId(359)) - upgrade delTxnId to 0
2022-10-11 12:47:46,574 [main] INFO  ha.SequenceIdGenerator (SequenceIdGenerator.java:upgradeToSequenceId(376)) - upgrade containerId to 0
2022-10-11 12:47:46,577 [main] INFO  ha.SequenceIdGenerator (SequenceIdGenerator.java:<init>(220)) - Init the HA SequenceIdGenerator.
2022-10-11 12:47:46,628 [main] INFO  node.SCMNodeManager (SCMNodeManager.java:<init>(149)) - Entering startup safe mode.
2022-10-11 12:47:46,724 [main] INFO  algorithms.ContainerPlacementPolicyFactory (ContainerPlacementPolicyFactory.java:getPolicyInternal(86)) - Create container placement policy of type org.apache.hadoop.hdds.scm.container.placement.algorithms.SCMContainerPlacementRandom
2022-10-11 12:47:46,733 [main] INFO  algorithms.ContainerPlacementPolicyFactory (ContainerPlacementPolicyFactory.java:getPolicyInternal(86)) - Create container placement policy of type org.apache.hadoop.hdds.scm.container.placement.algorithms.SCMContainerPlacementRackScatter
2022-10-11 12:47:46,746 [main] INFO  pipeline.PipelineStateManagerImpl (PipelineStateManagerImpl.java:initialize(78)) - No pipeline exists in current db
2022-10-11 12:47:46,794 [main] INFO  algorithms.LeaderChoosePolicyFactory (LeaderChoosePolicyFactory.java:getPolicy(57)) - Create leader choose policy of type org.apache.hadoop.hdds.scm.pipeline.leader.choose.algorithms.MinLeaderCountChoosePolicy
2022-10-11 12:47:46,795 [main] INFO  algorithms.ContainerPlacementPolicyFactory (ContainerPlacementPolicyFactory.java:getPolicyInternal(86)) - Create container placement policy of type org.apache.hadoop.hdds.scm.container.placement.algorithms.SCMContainerPlacementRackScatter
2022-10-11 12:47:46,818 [main] INFO  ha.SCMServiceManager (SCMServiceManager.java:register(42)) - Registering service BackgroundPipelineCreator.
2022-10-11 12:47:46,819 [main] INFO  pipeline.BackgroundPipelineCreator (BackgroundPipelineCreator.java:start(124)) - Starting RatisPipelineUtilsThread.
2022-10-11 12:47:46,833 [main] INFO  BackgroundPipelineScrubber (BackgroundSCMService.java:start(68)) - Starting BackgroundPipelineScrubber Service.
2022-10-11 12:47:46,833 [main] INFO  ha.SCMServiceManager (SCMServiceManager.java:register(42)) - Registering service BackgroundPipelineScrubber.
2022-10-11 12:47:46,844 [main] INFO  ExpiredContainerReplicaOpScrubber (BackgroundSCMService.java:start(68)) - Starting ExpiredContainerReplicaOpScrubber Service.
2022-10-11 12:47:46,844 [main] INFO  ha.SCMServiceManager (SCMServiceManager.java:register(42)) - Registering service ExpiredContainerReplicaOpScrubber.
2022-10-11 12:47:46,904 [main] INFO  algorithms.PipelineChoosePolicyFactory (PipelineChoosePolicyFactory.java:createPipelineChoosePolicyFromClass(73)) - Create pipeline choose policy of type org.apache.hadoop.hdds.scm.pipeline.choose.algorithms.RandomPipelineChoosePolicy
2022-10-11 12:47:46,926 [main] INFO  ha.SCMServiceManager (SCMServiceManager.java:register(42)) - Registering service SCMBlockDeletingService.
2022-10-11 12:47:46,975 [main] INFO  replication.ReplicationManager (ReplicationManager.java:start(223)) - Starting Replication Monitor Thread.
2022-10-11 12:47:46,983 [main] INFO  ha.SCMServiceManager (SCMServiceManager.java:register(42)) - Registering service ReplicationManager.
2022-10-11 12:47:46,983 [ReplicationMonitor] INFO  replication.ReplicationManager (ReplicationManager.java:processAll(291)) - Replication Manager is not ready to run until 3000ms after safemode exit
2022-10-11 12:47:46,995 [main] INFO  safemode.ContainerSafeModeRule (ContainerSafeModeRule.java:<init>(89)) - containers with one replica threshold count 0
2022-10-11 12:47:47,000 [main] INFO  safemode.HealthyPipelineSafeModeRule (HealthyPipelineSafeModeRule.java:initializeRule(169)) - Total pipeline count is 0, healthy pipeline threshold count is 1
2022-10-11 12:47:47,003 [main] INFO  safemode.OneReplicaPipelineSafeModeRule (OneReplicaPipelineSafeModeRule.java:initializeRule(180)) - Total pipeline count is 0, pipeline's with at least one datanode reported threshold count is 0
2022-10-11 12:47:47,383 [main] INFO  audit.AuditLogger (AuditLogger.java:refreshDebugCmdSet(126)) - Refresh DebugCmdSet for SCMAudit to [].
2022-10-11 12:47:47,419 [main] INFO  ipc.CallQueueManager (CallQueueManager.java:<init>(90)) - Using callQueue: class java.util.concurrent.LinkedBlockingQueue, queueCapacity: 2000, scheduler: class org.apache.hadoop.ipc.DefaultRpcScheduler, ipcBackoff: false.
2022-10-11 12:47:47,470 [Socket Reader #1 for port 0] INFO  ipc.Server (Server.java:run(1265)) - Starting Socket Reader #1 for port 0
2022-10-11 12:47:47,533 [Listener at 0.0.0.0/33093] INFO  audit.AuditLogger (AuditLogger.java:refreshDebugCmdSet(126)) - Refresh DebugCmdSet for SCMAudit to [].
2022-10-11 12:47:47,540 [Listener at 0.0.0.0/33093] INFO  ipc.CallQueueManager (CallQueueManager.java:<init>(90)) - Using callQueue: class java.util.concurrent.LinkedBlockingQueue, queueCapacity: 2000, scheduler: class org.apache.hadoop.ipc.DefaultRpcScheduler, ipcBackoff: false.
2022-10-11 12:47:47,542 [Socket Reader #1 for port 0] INFO  ipc.Server (Server.java:run(1265)) - Starting Socket Reader #1 for port 0
2022-10-11 12:47:47,575 [Listener at 0.0.0.0/42503] INFO  audit.AuditLogger (AuditLogger.java:refreshDebugCmdSet(126)) - Refresh DebugCmdSet for SCMAudit to [].
2022-10-11 12:47:47,588 [Listener at 0.0.0.0/42503] INFO  ipc.CallQueueManager (CallQueueManager.java:<init>(90)) - Using callQueue: class java.util.concurrent.LinkedBlockingQueue, queueCapacity: 2000, scheduler: class org.apache.hadoop.ipc.DefaultRpcScheduler, ipcBackoff: false.
2022-10-11 12:47:47,591 [Socket Reader #1 for port 0] INFO  ipc.Server (Server.java:run(1265)) - Starting Socket Reader #1 for port 0
2022-10-11 12:47:47,755 [Listener at 0.0.0.0/42443] INFO  ha.SCMServiceManager (SCMServiceManager.java:register(42)) - Registering service ContainerBalancer.
2022-10-11 12:47:47,756 [Listener at 0.0.0.0/42443] INFO  server.StorageContainerManager (StorageContainerManager.java:<init>(410)) - 
Container Balancer status:
Key                            Value
Running                        false
Container Balancer Configuration values:
Key                                                Value
Threshold                                          10
Max Datanodes to Involve per Iteration(percent)    20
Max Size to Move per Iteration                     500GB
Max Size Entering Target per Iteration             26GB
Max Size Leaving Source per Iteration              26GB

2022-10-11 12:47:47,757 [Listener at 0.0.0.0/42443] WARN  events.EventQueue (EventQueue.java:fireEvent(216)) - No event handler registered for event TypedEvent{payloadType=SafeModeStatus, name='Safe mode status'}
2022-10-11 12:47:47,757 [Listener at 0.0.0.0/42443] INFO  ha.SCMContext (SCMContext.java:updateSafeModeStatus(228)) - Update SafeModeStatus from SafeModeStatus{safeModeStatus=true, preCheckPassed=false} to SafeModeStatus{safeModeStatus=true, preCheckPassed=false}.
2022-10-11 12:47:47,761 [Listener at 0.0.0.0/42443] INFO  server.StorageContainerManager (StorageContainerManager.java:start(1436)) - StorageContainerLocationProtocol RPC server is listening at /0.0.0.0:42443
2022-10-11 12:47:47,842 [Listener at 0.0.0.0/42443] WARN  impl.MetricsConfig (MetricsConfig.java:loadFirst(136)) - Cannot locate configuration: tried hadoop-metrics2-storagecontainermanager.properties,hadoop-metrics2.properties
2022-10-11 12:47:47,856 [Listener at 0.0.0.0/42443] INFO  impl.MetricsSystemImpl (MetricsSystemImpl.java:startTimer(378)) - Scheduled Metric snapshot period at 10 second(s).
2022-10-11 12:47:47,856 [Listener at 0.0.0.0/42443] INFO  impl.MetricsSystemImpl (MetricsSystemImpl.java:start(191)) - StorageContainerManager metrics system started
2022-10-11 12:47:48,158 [Listener at 0.0.0.0/42443] INFO  server.SCMClientProtocolServer (SCMClientProtocolServer.java:start(170)) - RPC server for Client  is listening at /0.0.0.0:42443
2022-10-11 12:47:48,158 [IPC Server Responder] INFO  ipc.Server (Server.java:run(1507)) - IPC Server Responder: starting
2022-10-11 12:47:48,159 [IPC Server listener on 0] INFO  ipc.Server (Server.java:run(1344)) - IPC Server listener on 0: starting
2022-10-11 12:47:48,166 [Listener at 0.0.0.0/42443] INFO  server.StorageContainerManager (StorageContainerManager.java:start(1451)) - ScmBlockLocationProtocol RPC server is listening at /0.0.0.0:42503
2022-10-11 12:47:48,167 [Listener at 0.0.0.0/42443] INFO  server.SCMBlockProtocolServer (SCMBlockProtocolServer.java:start(152)) - RPC server for Block Protocol is listening at /0.0.0.0:42503
2022-10-11 12:47:48,167 [IPC Server Responder] INFO  ipc.Server (Server.java:run(1507)) - IPC Server Responder: starting
2022-10-11 12:47:48,168 [IPC Server listener on 0] INFO  ipc.Server (Server.java:run(1344)) - IPC Server listener on 0: starting
2022-10-11 12:47:48,171 [Listener at 0.0.0.0/42443] INFO  server.SCMDatanodeProtocolServer (SCMDatanodeProtocolServer.java:start(186)) - ScmDatanodeProtocol RPC server for DataNodes is listening at /0.0.0.0:33093
2022-10-11 12:47:48,172 [IPC Server listener on 0] INFO  ipc.Server (Server.java:run(1344)) - IPC Server listener on 0: starting
2022-10-11 12:47:48,172 [IPC Server Responder] INFO  ipc.Server (Server.java:run(1507)) - IPC Server Responder: starting
2022-10-11 12:47:48,193 [org.apache.hadoop.util.JvmPauseMonitor$Monitor@7e0b68e5] INFO  util.JvmPauseMonitor (JvmPauseMonitor.java:run(188)) - Starting JVM pause monitor
2022-10-11 12:47:48,213 [Listener at 0.0.0.0/42443] INFO  http.BaseHttpServer (BaseHttpServer.java:newHttpServer2BuilderForOzone(213)) - Starting Web-server for scm at: http://0.0.0.0:0
2022-10-11 12:47:48,214 [Listener at 0.0.0.0/42443] INFO  http.BaseHttpServer (BaseHttpServer.java:<init>(108)) - Hadoop Security Enabled: false Ozone Security Enabled: false Ozone HTTP Security Enabled: false 
2022-10-11 12:47:48,247 [Listener at 0.0.0.0/42443] INFO  util.log (Log.java:initialized(170)) - Logging initialized @5252ms to org.eclipse.jetty.util.log.Slf4jLog
2022-10-11 12:47:48,383 [Listener at 0.0.0.0/42443] INFO  server.AuthenticationFilter (AuthenticationFilter.java:constructSecretProvider(240)) - Unable to initialize FileSignerSecretProvider, falling back to use random secrets.
2022-10-11 12:47:48,392 [Listener at 0.0.0.0/42443] WARN  http.HttpRequestLog (HttpRequestLog.java:getRequestLog(103)) - Jetty request log can only be enabled using Log4j
2022-10-11 12:47:48,400 [Listener at 0.0.0.0/42443] INFO  http.HttpServer2 (HttpServer2.java:addGlobalFilter(1031)) - Added global filter 'safety' (class=org.apache.hadoop.hdds.server.http.HttpServer2$QuotingInputFilter)
2022-10-11 12:47:48,402 [Listener at 0.0.0.0/42443] INFO  http.HttpServer2 (HttpServer2.java:addFilter(1007)) - Added filter static_user_filter (class=org.apache.hadoop.http.lib.StaticUserWebFilter$StaticUserFilter) to context scm
2022-10-11 12:47:48,402 [Listener at 0.0.0.0/42443] INFO  http.HttpServer2 (HttpServer2.java:addFilter(1015)) - Added filter static_user_filter (class=org.apache.hadoop.http.lib.StaticUserWebFilter$StaticUserFilter) to context logs
2022-10-11 12:47:48,403 [Listener at 0.0.0.0/42443] INFO  http.HttpServer2 (HttpServer2.java:addFilter(1015)) - Added filter static_user_filter (class=org.apache.hadoop.http.lib.StaticUserWebFilter$StaticUserFilter) to context static
2022-10-11 12:47:48,449 [Listener at 0.0.0.0/42443] INFO  http.HttpServer2 (HttpServer2.java:bindListener(1250)) - Jetty bound to port 33417
2022-10-11 12:47:48,451 [Listener at 0.0.0.0/42443] INFO  server.Server (Server.java:doStart(375)) - jetty-9.4.43.v20210629; built: 2021-06-30T11:07:22.254Z; git: 526006ecfa3af7f1a27ef3a288e2bef7ea9dd7e8; jvm 1.8.0_345-b01
2022-10-11 12:47:48,485 [Listener at 0.0.0.0/42443] INFO  server.session (DefaultSessionIdManager.java:doStart(334)) - DefaultSessionIdManager workerName=node0
2022-10-11 12:47:48,486 [Listener at 0.0.0.0/42443] INFO  server.session (DefaultSessionIdManager.java:doStart(339)) - No SessionScavenger set, using defaults
2022-10-11 12:47:48,488 [Listener at 0.0.0.0/42443] INFO  server.session (HouseKeeper.java:startScavenging(132)) - node0 Scavenging every 600000ms
2022-10-11 12:47:48,502 [Listener at 0.0.0.0/42443] INFO  handler.ContextHandler (ContextHandler.java:doStart(915)) - Started o.e.j.s.ServletContextHandler@93c66ef{logs,/logs,file:///home/runner/work/ozone/ozone/hadoop-ozone/integration-test/target/log,AVAILABLE}
2022-10-11 12:47:48,503 [Listener at 0.0.0.0/42443] INFO  handler.ContextHandler (ContextHandler.java:doStart(915)) - Started o.e.j.s.ServletContextHandler@679886ad{static,/static,file:///home/runner/work/ozone/ozone/hadoop-ozone/integration-test/target/test-classes/webapps/static,AVAILABLE}
2022-10-11 12:47:48,570 [Listener at 0.0.0.0/42443] INFO  handler.ContextHandler (ContextHandler.java:doStart(915)) - Started o.e.j.w.WebAppContext@4cc4f6bd{scm,/,file:///home/runner/work/ozone/ozone/hadoop-ozone/integration-test/target/test-classes/webapps/scm/,AVAILABLE}{file:/home/runner/work/ozone/ozone/hadoop-ozone/integration-test/target/test-classes/webapps/scm}
2022-10-11 12:47:48,583 [Listener at 0.0.0.0/42443] INFO  server.AbstractConnector (AbstractConnector.java:doStart(331)) - Started ServerConnector@1e65c4d{HTTP/1.1, (http/1.1)}{0.0.0.0:33417}
2022-10-11 12:47:48,585 [Listener at 0.0.0.0/42443] INFO  server.Server (Server.java:doStart(415)) - Started @5590ms
2022-10-11 12:47:48,587 [Listener at 0.0.0.0/42443] INFO  impl.MetricsSinkAdapter (MetricsSinkAdapter.java:start(204)) - Sink prometheus started
2022-10-11 12:47:48,587 [Listener at 0.0.0.0/42443] INFO  impl.MetricsSystemImpl (MetricsSystemImpl.java:registerSink(305)) - Registered sink prometheus
2022-10-11 12:47:48,589 [Listener at 0.0.0.0/42443] INFO  http.BaseHttpServer (BaseHttpServer.java:updateConnectorAddress(333)) - HTTP server of scm listening at http://0.0.0.0:33417
2022-10-11 12:47:48,590 [Listener at 0.0.0.0/42443] WARN  server.ServerUtils (ServerUtils.java:getDBPath(225)) - ozone.om.db.dirs is not configured. We recommend adding this setting. Falling back to ozone.metadata.dirs instead.
2022-10-11 12:47:48,641 [Listener at 0.0.0.0/42443] INFO  audit.AuditLogger (AuditLogger.java:refreshDebugCmdSet(126)) - Refresh DebugCmdSet for OMAudit to [].
2022-10-11 12:47:48,741 [Listener at 0.0.0.0/42443] INFO  ha.OMHANodeDetails (OMHANodeDetails.java:loadOMHAConfig(115)) - ozone.om.internal.service.id is not defined, falling back to ozone.om.service.ids to find serviceID for OzoneManager if it is HA enabled cluster
2022-10-11 12:47:48,746 [Listener at 0.0.0.0/42443] INFO  ha.OMHANodeDetails (OMHANodeDetails.java:loadOMHAConfig(226)) - Configuration does not have ozone.om.address set. Falling back to the default OM address /127.0.0.1:0
2022-10-11 12:47:48,746 [Listener at 0.0.0.0/42443] INFO  ha.OMHANodeDetails (OMHANodeDetails.java:getOMNodeDetailsForNonHA(254)) - OM Service ID is not set. Setting it to the default ID: omServiceIdDefault
2022-10-11 12:47:48,747 [Listener at 0.0.0.0/42443] INFO  ha.OMHANodeDetails (OMHANodeDetails.java:getOMNodeDetailsForNonHA(261)) - OM Node ID is not set. Setting it to the default ID: om1
2022-10-11 12:47:48,751 [Listener at 0.0.0.0/42443] WARN  server.ServerUtils (ServerUtils.java:getDBPath(225)) - ozone.om.db.dirs is not configured. We recommend adding this setting. Falling back to ozone.metadata.dirs instead.
2022-10-11 12:47:48,754 [Listener at 0.0.0.0/42443] INFO  upgrade.AbstractLayoutVersionManager (AbstractLayoutVersionManager.java:init(83)) - Initializing Layout version manager with metadata layout = MULTITENANCY_SCHEMA (version = 3), software layout = MULTITENANCY_SCHEMA (version = 3)
2022-10-11 12:47:48,857 [Listener at 0.0.0.0/42443] INFO  reflections.Reflections (Reflections.java:scan(232)) - Reflections took 96 ms to scan 2 urls, producing 154 keys and 428 values [using 2 cores]
2022-10-11 12:47:48,865 [Listener at 0.0.0.0/42443] INFO  upgrade.OMLayoutVersionManager (OMLayoutVersionManager.java:lambda$0(115)) - Skipping Upgrade Action MockOmUpgradeAction since it has been finalized.
2022-10-11 12:47:48,866 [Listener at 0.0.0.0/42443] WARN  server.ServerUtils (ServerUtils.java:getDBPath(225)) - ozone.om.db.dirs is not configured. We recommend adding this setting. Falling back to ozone.metadata.dirs instead.
2022-10-11 12:47:49,067 [Listener at 0.0.0.0/42443] INFO  proxy.SCMBlockLocationFailoverProxyProvider (SCMBlockLocationFailoverProxyProvider.java:<init>(114)) - Created block location fail-over proxy with 1 nodes: [nodeId=scmNodeId,nodeAddress=/0.0.0.0:42503]
2022-10-11 12:47:49,104 [Listener at 0.0.0.0/42443] INFO  proxy.SCMBlockLocationFailoverProxyProvider (SCMBlockLocationFailoverProxyProvider.java:<init>(114)) - Created block location fail-over proxy with 1 nodes: [nodeId=scmNodeId,nodeAddress=/0.0.0.0:42503]
2022-10-11 12:47:49,343 [Listener at 0.0.0.0/42443] WARN  server.ServerUtils (ServerUtils.java:getDBPath(225)) - ozone.om.db.dirs is not configured. We recommend adding this setting. Falling back to ozone.metadata.dirs instead.
2022-10-11 12:47:49,350 [Listener at 0.0.0.0/42443] INFO  codec.OmKeyInfoCodec (OmKeyInfoCodec.java:<init>(49)) - OmKeyInfoCodec ignorePipeline = true
2022-10-11 12:47:49,352 [Listener at 0.0.0.0/42443] INFO  codec.RepeatedOmKeyInfoCodec (RepeatedOmKeyInfoCodec.java:<init>(41)) - RepeatedOmKeyInfoCodec ignorePipeline = true
2022-10-11 12:47:49,547 [Listener at 0.0.0.0/42443] INFO  om.OzoneManager (OzoneManager.java:instantiateServices(712)) - S3 Multi-Tenancy is disabled
2022-10-11 12:47:49,664 [Listener at 0.0.0.0/42443] INFO  om.OzoneManager (OzoneManager.java:addS3GVolumeToDB(4389)) - Created Volume s3v With Owner runner required for S3Gateway operations.
2022-10-11 12:47:49,739 [Listener at 0.0.0.0/42443] WARN  server.ServerUtils (ServerUtils.java:getDefaultRatisDirectory(237)) - Storage directory for Ratis is not configured. It is a good idea to map this to an SSD disk. Falling back to ozone.metadata.dirs
2022-10-11 12:47:49,740 [Listener at 0.0.0.0/42443] WARN  utils.OzoneManagerRatisUtils (OzoneManagerRatisUtils.java:getOMRatisSnapshotDirectory(434)) - ozone.om.ratis.snapshot.dir is not configured. Falling back to ozone.metadata.dirs config
2022-10-11 12:47:49,764 [Listener at 0.0.0.0/42443] WARN  server.ServerUtils (ServerUtils.java:getDefaultRatisDirectory(237)) - Storage directory for Ratis is not configured. It is a good idea to map this to an SSD disk. Falling back to ozone.metadata.dirs
2022-10-11 12:47:49,805 [Listener at 0.0.0.0/42443] INFO  ratis.OzoneManagerRatisServer (OzoneManagerRatisServer.java:<init>(160)) - Instantiating OM Ratis server with groupID: omServiceIdDefault and peers: localhost:9872
2022-10-11 12:47:49,825 [Listener at 0.0.0.0/42443] INFO  ratis.OzoneManagerStateMachine (OzoneManagerStateMachine.java:loadSnapshotInfoFromDB(632)) - LastAppliedIndex is set from TransactionInfo from OM DB as (t:0, i:~)
2022-10-11 12:47:49,893 [Listener at 0.0.0.0/42443] INFO  server.RaftServer (ConfUtils.java:logGet(46)) - raft.rpc.type = GRPC (default)
2022-10-11 12:47:49,995 [Listener at 0.0.0.0/42443] INFO  grpc.GrpcFactory (GrpcFactory.java:checkPooledByteBufAllocatorUseCacheForAllThreads(48)) - PERFORMANCE WARNING: useCacheForAllThreads is true that may cause Netty to create a lot garbage objects and, as a result, trigger GC.
	It is recommended to disable useCacheForAllThreads by setting -Dorg.apache.ratis.thirdparty.io.netty.allocator.useCacheForAllThreads=false in command line.
2022-10-11 12:47:50,002 [Listener at 0.0.0.0/42443] INFO  grpc.GrpcConfigKeys (ConfUtils.java:logGet(46)) - raft.grpc.admin.port = -1 (default)
2022-10-11 12:47:50,004 [Listener at 0.0.0.0/42443] INFO  grpc.GrpcConfigKeys (ConfUtils.java:logGet(46)) - raft.grpc.server.port = 9872 (custom)
2022-10-11 12:47:50,005 [Listener at 0.0.0.0/42443] INFO  grpc.GrpcConfigKeys (ConfUtils.java:logGet(46)) - raft.grpc.client.port = -1 (default)
2022-10-11 12:47:50,005 [Listener at 0.0.0.0/42443] INFO  grpc.GrpcConfigKeys (ConfUtils.java:logGet(46)) - raft.grpc.server.port = 9872 (custom)
2022-10-11 12:47:50,006 [Listener at 0.0.0.0/42443] INFO  grpc.GrpcConfigKeys (ConfUtils.java:logGet(46)) - raft.grpc.server.port = 9872 (custom)
2022-10-11 12:47:50,008 [Listener at 0.0.0.0/42443] INFO  server.GrpcService (ConfUtils.java:logGet(46)) - raft.grpc.message.size.max = 33554432 (custom)
2022-10-11 12:47:50,010 [Listener at 0.0.0.0/42443] INFO  server.RaftServerConfigKeys (ConfUtils.java:logGet(46)) - raft.server.log.appender.buffer.byte-limit = 33554432 (custom)
2022-10-11 12:47:50,011 [Listener at 0.0.0.0/42443] INFO  server.GrpcService (ConfUtils.java:logGet(46)) - raft.grpc.flow.control.window = 1MB (=1048576) (default)
2022-10-11 12:47:50,011 [Listener at 0.0.0.0/42443] INFO  server.RaftServerConfigKeys (ConfUtils.java:logGet(46)) - raft.server.rpc.request.timeout = 3000ms (default)
2022-10-11 12:47:50,032 [Listener at 0.0.0.0/42443] INFO  grpc.GrpcConfigKeys (ConfUtils.java:logGet(46)) - raft.grpc.server.async.request.thread.pool.cached = true (default)
2022-10-11 12:47:50,033 [Listener at 0.0.0.0/42443] INFO  grpc.GrpcConfigKeys (ConfUtils.java:logGet(46)) - raft.grpc.server.async.request.thread.pool.size = 32 (default)
2022-10-11 12:47:50,384 [Listener at 0.0.0.0/42443] INFO  impl.DataStreamServerImpl (ConfUtils.java:logGet(46)) - raft.datastream.type = DISABLED (default)
2022-10-11 12:47:50,388 [Listener at 0.0.0.0/42443] INFO  server.RaftServerConfigKeys (ConfUtils.java:logGet(46)) - raft.server.threadpool.proxy.cached = true (default)
2022-10-11 12:47:50,388 [Listener at 0.0.0.0/42443] INFO  server.RaftServerConfigKeys (ConfUtils.java:logGet(46)) - raft.server.threadpool.proxy.size = 0 (default)
2022-10-11 12:47:50,388 [Listener at 0.0.0.0/42443] INFO  server.RaftServerConfigKeys (ConfUtils.java:logGet(46)) - raft.server.rpc.slowness.timeout = 120s (custom)
2022-10-11 12:47:50,389 [Listener at 0.0.0.0/42443] INFO  server.RaftServerConfigKeys (ConfUtils.java:logGet(46)) - raft.server.leaderelection.leader.step-down.wait-time = 10s (default)
2022-10-11 12:47:50,392 [Listener at 0.0.0.0/42443] INFO  server.RaftServerConfigKeys (ConfUtils.java:logGet(46)) - raft.server.storage.dir = [/home/runner/work/ozone/ozone/hadoop-ozone/integration-test/target/test-dir/MiniOzoneClusterImpl-5a0413bf-988c-4d76-bc8c-b64486c0eb5e/ozone-meta/ratis] (custom)
2022-10-11 12:47:50,402 [Listener at 0.0.0.0/42443] INFO  server.RaftServer (RaftServerProxy.java:addNew(96)) - om1: addNew group-C5BA1605619E:[om1|rpc:localhost:9872|priority:0] returns group-C5BA1605619E:java.util.concurrent.CompletableFuture@1c0d92e5[Not completed]
2022-10-11 12:47:50,402 [Listener at 0.0.0.0/42443] INFO  om.OzoneManager (OzoneManager.java:initializeRatisServer(1979)) - OzoneManager Ratis server initialized at port 9872
2022-10-11 12:47:50,425 [Listener at 0.0.0.0/42443] INFO  om.OzoneManager (OzoneManager.java:getRpcServer(1102)) - Creating RPC Server
2022-10-11 12:47:50,463 [pool-55-thread-1] INFO  server.RaftServer$Division (RaftServerImpl.java:<init>(190)) - om1: new RaftServerImpl for group-C5BA1605619E:[om1|rpc:localhost:9872|priority:0] with OzoneManagerStateMachine:uninitialized
2022-10-11 12:47:50,473 [pool-55-thread-1] INFO  server.RaftServerConfigKeys (ConfUtils.java:logGet(46)) - raft.server.rpc.timeout.min = 1s (custom)
2022-10-11 12:47:50,473 [pool-55-thread-1] INFO  server.RaftServerConfigKeys (ConfUtils.java:logGet(46)) - raft.server.rpc.timeout.max = 1200ms (custom)
2022-10-11 12:47:50,473 [pool-55-thread-1] INFO  server.RaftServerConfigKeys (ConfUtils.java:logGet(46)) - raft.server.rpc.sleep.time = 25ms (default)
2022-10-11 12:47:50,473 [pool-55-thread-1] INFO  server.RaftServerConfigKeys (ConfUtils.java:logGet(46)) - raft.server.rpc.slowness.timeout = 120s (custom)
2022-10-11 12:47:50,474 [pool-55-thread-1] INFO  server.RaftServerConfigKeys (ConfUtils.java:logGet(46)) - raft.server.leaderelection.leader.step-down.wait-time = 10s (default)
2022-10-11 12:47:50,474 [pool-55-thread-1] INFO  server.RaftServerConfigKeys (ConfUtils.java:logGet(46)) - raft.server.sleep.deviation.threshold = 300ms (default)
2022-10-11 12:47:50,489 [pool-55-thread-1] INFO  server.RaftServer$Division (ServerState.java:<init>(107)) - om1@group-C5BA1605619E: ConfigurationManager, init=-1: [om1|rpc:localhost:9872|priority:0], old=null, confs=<EMPTY_MAP>
2022-10-11 12:47:50,490 [pool-55-thread-1] INFO  server.RaftServerConfigKeys (ConfUtils.java:logGet(46)) - raft.server.storage.dir = [/home/runner/work/ozone/ozone/hadoop-ozone/integration-test/target/test-dir/MiniOzoneClusterImpl-5a0413bf-988c-4d76-bc8c-b64486c0eb5e/ozone-meta/ratis] (custom)
2022-10-11 12:47:50,503 [pool-55-thread-1] INFO  server.RaftServerConfigKeys (ConfUtils.java:logGet(46)) - raft.server.log.corruption.policy = EXCEPTION (default)
2022-10-11 12:47:50,504 [pool-55-thread-1] INFO  server.RaftServerConfigKeys (ConfUtils.java:logGet(46)) - raft.server.storage.free-space.min = 0MB (=0) (default)
2022-10-11 12:47:50,519 [pool-55-thread-1] INFO  storage.RaftStorageDirectory (RaftStorageDirectoryImpl.java:analyzeStorage(135)) - The storage directory /home/runner/work/ozone/ozone/hadoop-ozone/integration-test/target/test-dir/MiniOzoneClusterImpl-5a0413bf-988c-4d76-bc8c-b64486c0eb5e/ozone-meta/ratis/bf265839-605b-3f16-9796-c5ba1605619e does not exist. Creating ...
2022-10-11 12:47:50,525 [pool-55-thread-1] INFO  storage.RaftStorageDirectory (RaftStorageDirectoryImpl.java:tryLock(230)) - Lock on /home/runner/work/ozone/ozone/hadoop-ozone/integration-test/target/test-dir/MiniOzoneClusterImpl-5a0413bf-988c-4d76-bc8c-b64486c0eb5e/ozone-meta/ratis/bf265839-605b-3f16-9796-c5ba1605619e/in_use.lock acquired by nodename 36499@fv-az570-546
2022-10-11 12:47:50,543 [pool-55-thread-1] INFO  storage.RaftStorage (RaftStorageImpl.java:format(89)) - Storage directory /home/runner/work/ozone/ozone/hadoop-ozone/integration-test/target/test-dir/MiniOzoneClusterImpl-5a0413bf-988c-4d76-bc8c-b64486c0eb5e/ozone-meta/ratis/bf265839-605b-3f16-9796-c5ba1605619e has been successfully formatted.
2022-10-11 12:47:50,549 [pool-55-thread-1] INFO  server.RaftServerConfigKeys (ConfUtils.java:logGet(46)) - raft.server.notification.no-leader.timeout = 120s (custom)
2022-10-11 12:47:50,551 [pool-55-thread-1] INFO  server.RaftServerConfigKeys (ConfUtils.java:logGet(46)) - raft.server.log.use.memory = false (default)
2022-10-11 12:47:50,591 [pool-55-thread-1] INFO  server.RaftServerConfigKeys (ConfUtils.java:logGet(46)) - raft.server.log.purge.gap = 1000000 (custom)
2022-10-11 12:47:50,592 [pool-55-thread-1] INFO  server.RaftServerConfigKeys (ConfUtils.java:logGet(46)) - raft.server.log.appender.buffer.byte-limit = 33554432 (custom)
2022-10-11 12:47:50,594 [pool-55-thread-1] INFO  server.RaftServerConfigKeys (ConfUtils.java:logGet(46)) - raft.server.log.statemachine.data.read.timeout = 1000ms (default)
2022-10-11 12:47:50,648 [pool-55-thread-1] INFO  server.RaftServerConfigKeys (ConfUtils.java:logGet(46)) - raft.server.log.segment.size.max = 4194304 (custom)
2022-10-11 12:47:50,658 [pool-55-thread-1] INFO  server.RaftServerConfigKeys (ConfUtils.java:logGet(46)) - raft.server.log.segment.cache.num.max = 2 (custom)
2022-10-11 12:47:50,659 [pool-55-thread-1] INFO  server.RaftServerConfigKeys (ConfUtils.java:logGet(46)) - raft.server.log.segment.cache.size.max = 200MB (=209715200) (default)
2022-10-11 12:47:50,684 [pool-55-thread-1] INFO  segmented.SegmentedRaftLogWorker (SegmentedRaftLogWorker.java:<init>(187)) - new om1@group-C5BA1605619E-SegmentedRaftLogWorker for RaftStorageImpl:Storage Directory /home/runner/work/ozone/ozone/hadoop-ozone/integration-test/target/test-dir/MiniOzoneClusterImpl-5a0413bf-988c-4d76-bc8c-b64486c0eb5e/ozone-meta/ratis/bf265839-605b-3f16-9796-c5ba1605619e
2022-10-11 12:47:50,684 [pool-55-thread-1] INFO  server.RaftServerConfigKeys (ConfUtils.java:logGet(46)) - raft.server.log.queue.byte-limit = 64MB (=67108864) (default)
2022-10-11 12:47:50,685 [pool-55-thread-1] INFO  server.RaftServerConfigKeys (ConfUtils.java:logGet(46)) - raft.server.log.queue.element-limit = 4096 (default)
2022-10-11 12:47:50,700 [pool-55-thread-1] INFO  server.RaftServerConfigKeys (ConfUtils.java:logGet(46)) - raft.server.log.segment.size.max = 4194304 (custom)
2022-10-11 12:47:50,701 [pool-55-thread-1] INFO  server.RaftServerConfigKeys (ConfUtils.java:logGet(46)) - raft.server.log.preallocated.size = 4194304 (custom)
2022-10-11 12:47:50,701 [pool-55-thread-1] INFO  server.RaftServerConfigKeys (ConfUtils.java:logGet(46)) - raft.server.log.force.sync.num = 128 (default)
2022-10-11 12:47:50,711 [pool-55-thread-1] INFO  server.RaftServerConfigKeys (ConfUtils.java:logGet(46)) - raft.server.log.statemachine.data.sync = true (default)
2022-10-11 12:47:50,711 [pool-55-thread-1] INFO  server.RaftServerConfigKeys (ConfUtils.java:logGet(46)) - raft.server.log.statemachine.data.sync.timeout = 10s (default)
2022-10-11 12:47:50,712 [pool-55-thread-1] INFO  server.RaftServerConfigKeys (ConfUtils.java:logGet(46)) - raft.server.log.statemachine.data.sync.timeout.retry = -1 (default)
2022-10-11 12:47:50,732 [pool-55-thread-1] INFO  server.RaftServerConfigKeys (ConfUtils.java:logGet(46)) - raft.server.log.write.buffer.size = 64KB (=65536) (default)
2022-10-11 12:47:50,732 [pool-55-thread-1] INFO  server.RaftServerConfigKeys (ConfUtils.java:logGet(46)) - raft.server.log.unsafe-flush.enabled = false (default)
2022-10-11 12:47:50,733 [pool-55-thread-1] INFO  server.RaftServerConfigKeys (ConfUtils.java:logGet(46)) - raft.server.log.statemachine.data.caching.enabled = false (default)
2022-10-11 12:47:50,748 [pool-55-thread-1] INFO  segmented.SegmentedRaftLogWorker (SegmentedRaftLogWorker.java:lambda$new$0(135)) - om1@group-C5BA1605619E-SegmentedRaftLogWorker: flushIndex: setUnconditionally 0 -> -1
2022-10-11 12:47:50,748 [pool-55-thread-1] INFO  segmented.SegmentedRaftLogWorker (SegmentedRaftLogWorker.java:lambda$new$0(135)) - om1@group-C5BA1605619E-SegmentedRaftLogWorker: safeCacheEvictIndex: setUnconditionally 0 -> -1
2022-10-11 12:47:50,760 [pool-55-thread-1] INFO  server.RaftServerConfigKeys (ConfUtils.java:logGet(46)) - raft.server.snapshot.auto.trigger.enabled = true (custom)
2022-10-11 12:47:50,761 [pool-55-thread-1] INFO  server.RaftServerConfigKeys (ConfUtils.java:logGet(46)) - raft.server.snapshot.auto.trigger.threshold = 400000 (default)
2022-10-11 12:47:50,761 [pool-55-thread-1] INFO  server.RaftServerConfigKeys (ConfUtils.java:logGet(46)) - raft.server.snapshot.retention.file.num = -1 (default)
2022-10-11 12:47:50,762 [pool-55-thread-1] INFO  server.RaftServerConfigKeys (ConfUtils.java:logGet(46)) - raft.server.log.purge.upto.snapshot.index = true (custom)
2022-10-11 12:47:50,768 [pool-55-thread-1] INFO  server.RaftServerConfigKeys (ConfUtils.java:logGet(46)) - raft.server.retrycache.expirytime = 300s (custom)
2022-10-11 12:47:50,768 [pool-55-thread-1] INFO  server.RaftServerConfigKeys (ConfUtils.java:logGet(46)) - raft.server.retrycache.statistics.expirytime = 100μs (default)
2022-10-11 12:47:50,888 [pool-55-thread-1] INFO  server.RaftServerConfigKeys (ConfUtils.java:logGet(46)) - raft.server.log.appender.install.snapshot.enabled = false (custom)
2022-10-11 12:47:50,889 [pool-55-thread-1] INFO  server.RaftServerConfigKeys (ConfUtils.java:logGet(46)) - raft.server.threadpool.server.cached = true (default)
2022-10-11 12:47:50,889 [pool-55-thread-1] INFO  server.RaftServerConfigKeys (ConfUtils.java:logGet(46)) - raft.server.threadpool.server.size = 0 (default)
2022-10-11 12:47:50,889 [pool-55-thread-1] INFO  server.RaftServerConfigKeys (ConfUtils.java:logGet(46)) - raft.server.threadpool.client.cached = true (default)
2022-10-11 12:47:50,890 [pool-55-thread-1] INFO  server.RaftServerConfigKeys (ConfUtils.java:logGet(46)) - raft.server.threadpool.client.size = 0 (default)
2022-10-11 12:47:51,326 [Listener at 0.0.0.0/42443] INFO  reflections.Reflections (Reflections.java:scan(232)) - Reflections took 783 ms to scan 19 urls, producing 67 keys and 4227 values [using 2 cores]
2022-10-11 12:47:51,670 [Listener at 0.0.0.0/42443] INFO  ipc.CallQueueManager (CallQueueManager.java:<init>(90)) - Using callQueue: class java.util.concurrent.LinkedBlockingQueue, queueCapacity: 2000, scheduler: class org.apache.hadoop.ipc.DefaultRpcScheduler, ipcBackoff: false.
2022-10-11 12:47:51,671 [Socket Reader #1 for port 0] INFO  ipc.Server (Server.java:run(1265)) - Starting Socket Reader #1 for port 0
2022-10-11 12:47:51,700 [Listener at 127.0.0.1/38717] INFO  impl.MetricsSystemImpl (MetricsSystemImpl.java:init(158)) - OzoneManager metrics system started (again)
2022-10-11 12:47:51,712 [Listener at 127.0.0.1/38717] INFO  om.OzoneManager (OzoneManager.java:start(1486)) - OzoneManager RPC server is listening at localhost/127.0.0.1:38717
2022-10-11 12:47:51,712 [Listener at 127.0.0.1/38717] INFO  ratis.OzoneManagerRatisServer (OzoneManagerRatisServer.java:start(555)) - Starting OzoneManagerRatisServer om1 at port 9872
2022-10-11 12:47:51,716 [om1-impl-thread1] INFO  server.RaftServer$Division (RaftServerImpl.java:start(310)) - om1@group-C5BA1605619E: start as a follower, conf=-1: [om1|rpc:localhost:9872|priority:0], old=null
2022-10-11 12:47:51,716 [om1-impl-thread1] INFO  server.RaftServer$Division (RaftServerImpl.java:setRole(299)) - om1@group-C5BA1605619E: changes role from      null to FOLLOWER at term 0 for startAsFollower
2022-10-11 12:47:51,718 [om1-impl-thread1] INFO  impl.RoleInfo (RoleInfo.java:updateAndGet(139)) - om1: start om1@group-C5BA1605619E-FollowerState
2022-10-11 12:47:51,719 [om1-impl-thread1] INFO  util.JmxRegister (JmxRegister.java:tryRegister(44)) - Successfully registered JMX Bean with object name Ratis:service=RaftServer,group=group-C5BA1605619E,id=om1
2022-10-11 12:47:51,728 [Listener at 127.0.0.1/38717] INFO  server.RaftServer (RaftServerProxy.java:lambda$start$6(382)) - om1: start RPC server
2022-10-11 12:47:51,801 [Listener at 127.0.0.1/38717] INFO  server.GrpcService (GrpcService.java:startImpl(260)) - om1: GrpcService started, listening on 9872
2022-10-11 12:47:51,803 [Listener at 127.0.0.1/38717] INFO  om.OzoneManager (OzoneManager.java:start(1502)) - Version File has different layout version (3) than OM DB (null). That is expected if this OM has never been finalized to a newer layout version.
2022-10-11 12:47:51,806 [org.apache.ratis.util.JvmPauseMonitor$$Lambda$703/795293305@39e79429] INFO  util.JvmPauseMonitor (JvmPauseMonitor.java:run(103)) - JvmPauseMonitor-om1: Started
2022-10-11 12:47:51,830 [Listener at 127.0.0.1/38717] INFO  http.BaseHttpServer (BaseHttpServer.java:newHttpServer2BuilderForOzone(213)) - Starting Web-server for ozoneManager at: http://0.0.0.0:0
2022-10-11 12:47:51,831 [Listener at 127.0.0.1/38717] INFO  http.BaseHttpServer (BaseHttpServer.java:<init>(108)) - Hadoop Security Enabled: false Ozone Security Enabled: false Ozone HTTP Security Enabled: false 
2022-10-11 12:47:51,833 [Listener at 127.0.0.1/38717] INFO  server.AuthenticationFilter (AuthenticationFilter.java:constructSecretProvider(240)) - Unable to initialize FileSignerSecretProvider, falling back to use random secrets.
2022-10-11 12:47:51,835 [Listener at 127.0.0.1/38717] WARN  http.HttpRequestLog (HttpRequestLog.java:getRequestLog(103)) - Jetty request log can only be enabled using Log4j
2022-10-11 12:47:51,837 [Listener at 127.0.0.1/38717] INFO  http.HttpServer2 (HttpServer2.java:addGlobalFilter(1031)) - Added global filter 'safety' (class=org.apache.hadoop.hdds.server.http.HttpServer2$QuotingInputFilter)
2022-10-11 12:47:51,838 [Listener at 127.0.0.1/38717] INFO  http.HttpServer2 (HttpServer2.java:addFilter(1007)) - Added filter static_user_filter (class=org.apache.hadoop.http.lib.StaticUserWebFilter$StaticUserFilter) to context ozoneManager
2022-10-11 12:47:51,839 [Listener at 127.0.0.1/38717] INFO  http.HttpServer2 (HttpServer2.java:addFilter(1015)) - Added filter static_user_filter (class=org.apache.hadoop.http.lib.StaticUserWebFilter$StaticUserFilter) to context logs
2022-10-11 12:47:51,839 [Listener at 127.0.0.1/38717] INFO  http.HttpServer2 (HttpServer2.java:addFilter(1015)) - Added filter static_user_filter (class=org.apache.hadoop.http.lib.StaticUserWebFilter$StaticUserFilter) to context static
2022-10-11 12:47:51,841 [Listener at 127.0.0.1/38717] INFO  http.HttpServer2 (HttpServer2.java:bindListener(1250)) - Jetty bound to port 44361
2022-10-11 12:47:51,842 [Listener at 127.0.0.1/38717] INFO  server.Server (Server.java:doStart(375)) - jetty-9.4.43.v20210629; built: 2021-06-30T11:07:22.254Z; git: 526006ecfa3af7f1a27ef3a288e2bef7ea9dd7e8; jvm 1.8.0_345-b01
2022-10-11 12:47:51,845 [Listener at 127.0.0.1/38717] INFO  server.session (DefaultSessionIdManager.java:doStart(334)) - DefaultSessionIdManager workerName=node0
2022-10-11 12:47:51,845 [Listener at 127.0.0.1/38717] INFO  server.session (DefaultSessionIdManager.java:doStart(339)) - No SessionScavenger set, using defaults
2022-10-11 12:47:51,845 [Listener at 127.0.0.1/38717] INFO  server.session (HouseKeeper.java:startScavenging(132)) - node0 Scavenging every 600000ms
2022-10-11 12:47:51,848 [Listener at 127.0.0.1/38717] INFO  handler.ContextHandler (ContextHandler.java:doStart(915)) - Started o.e.j.s.ServletContextHandler@35cca8bd{logs,/logs,file:///home/runner/work/ozone/ozone/hadoop-ozone/integration-test/target/log,AVAILABLE}
2022-10-11 12:47:51,849 [Listener at 127.0.0.1/38717] INFO  handler.ContextHandler (ContextHandler.java:doStart(915)) - Started o.e.j.s.ServletContextHandler@b27b17d{static,/static,file:///home/runner/work/ozone/ozone/hadoop-ozone/integration-test/target/test-classes/webapps/static,AVAILABLE}
2022-10-11 12:47:51,860 [Listener at 127.0.0.1/38717] INFO  handler.ContextHandler (ContextHandler.java:doStart(915)) - Started o.e.j.w.WebAppContext@500bde5b{ozoneManager,/,file:///home/runner/work/ozone/ozone/hadoop-ozone/integration-test/target/test-classes/webapps/ozoneManager/,AVAILABLE}{file:/home/runner/work/ozone/ozone/hadoop-ozone/integration-test/target/test-classes/webapps/ozoneManager}
2022-10-11 12:47:51,868 [Listener at 127.0.0.1/38717] INFO  server.AbstractConnector (AbstractConnector.java:doStart(331)) - Started ServerConnector@7d8b1735{HTTP/1.1, (http/1.1)}{0.0.0.0:44361}
2022-10-11 12:47:51,869 [Listener at 127.0.0.1/38717] INFO  server.Server (Server.java:doStart(415)) - Started @8874ms
2022-10-11 12:47:51,869 [Listener at 127.0.0.1/38717] WARN  impl.MetricsSystemImpl (MetricsSystemImpl.java:register(279)) - Sink prometheus already exists!
2022-10-11 12:47:51,870 [Listener at 127.0.0.1/38717] INFO  http.BaseHttpServer (BaseHttpServer.java:updateConnectorAddress(333)) - HTTP server of ozoneManager listening at http://0.0.0.0:44361
2022-10-11 12:47:51,870 [IPC Server Responder] INFO  ipc.Server (Server.java:run(1507)) - IPC Server Responder: starting
2022-10-11 12:47:51,871 [IPC Server listener on 0] INFO  ipc.Server (Server.java:run(1344)) - IPC Server listener on 0: starting
2022-10-11 12:47:51,886 [Listener at 127.0.0.1/38717] INFO  om.OzoneManager (OzoneManager.java:startTrashEmptier(1923)) - Trash Interval set to 0. Files deleted won't move to trash
2022-10-11 12:47:51,896 [org.apache.hadoop.util.JvmPauseMonitor$Monitor@6ed256b2] INFO  util.JvmPauseMonitor (JvmPauseMonitor.java:run(188)) - Starting JVM pause monitor
2022-10-11 12:47:52,085 [Listener at 127.0.0.1/38717] WARN  impl.MetricRegistriesImpl (MetricRegistriesImpl.java:addReporterRegistration(111)) - New reporters are added after registries were created. Some metrics will be missing from the reporter. Please add reporter before adding any new registry.
2022-10-11 12:47:52,086 [Listener at 127.0.0.1/38717] WARN  impl.MetricRegistriesImpl (MetricRegistriesImpl.java:addReporterRegistration(111)) - New reporters are added after registries were created. Some metrics will be missing from the reporter. Please add reporter before adding any new registry.
2022-10-11 12:47:52,088 [Listener at 127.0.0.1/38717] INFO  impl.MetricsSystemImpl (MetricsSystemImpl.java:init(158)) - HddsDatanode metrics system started (again)
2022-10-11 12:47:52,107 [Listener at 127.0.0.1/38717] INFO  ozone.HddsDatanodeService (HddsDatanodeService.java:start(236)) - HddsDatanodeService host:fv-az570-546.srgqcr2moziuvm0qev4lajleyh.dx.internal.cloudapp.net ip:10.1.1.98
2022-10-11 12:47:52,155 [Listener at 127.0.0.1/38717] INFO  upgrade.AbstractLayoutVersionManager (AbstractLayoutVersionManager.java:init(83)) - Initializing Layout version manager with metadata layout = DATANODE_SCHEMA_V3 (version = 4), software layout = DATANODE_SCHEMA_V3 (version = 4)
2022-10-11 12:47:52,221 [Listener at 127.0.0.1/38717] INFO  reflections.Reflections (Reflections.java:scan(232)) - Reflections took 56 ms to scan 7 urls, producing 137 keys and 328 values 
2022-10-11 12:47:52,226 [Listener at 127.0.0.1/38717] INFO  statemachine.DatanodeStateMachine (DatanodeStateMachine.java:getEndPointTaskThreadPoolSize(237)) - Datanode State Machine Task Thread Pool size 2
2022-10-11 12:47:52,300 [Listener at 127.0.0.1/38717] INFO  volume.HddsVolume (HddsVolume.java:<init>(117)) - Creating HddsVolume: /home/runner/work/ozone/ozone/hadoop-ozone/integration-test/target/test-dir/MiniOzoneClusterImpl-5a0413bf-988c-4d76-bc8c-b64486c0eb5e/datanode-0/data-0/containers/hdds of storage type : DISK capacity : 9223372036854775807
2022-10-11 12:47:52,303 [Listener at 127.0.0.1/38717] INFO  volume.MutableVolumeSet (MutableVolumeSet.java:initializeVolumeSet(174)) - Added Volume : /home/runner/work/ozone/ozone/hadoop-ozone/integration-test/target/test-dir/MiniOzoneClusterImpl-5a0413bf-988c-4d76-bc8c-b64486c0eb5e/datanode-0/data-0/containers/hdds to VolumeSet
2022-10-11 12:47:52,304 [Listener at 127.0.0.1/38717] INFO  volume.ThrottledAsyncChecker (ThrottledAsyncChecker.java:schedule(141)) - Scheduling a check for /home/runner/work/ozone/ozone/hadoop-ozone/integration-test/target/test-dir/MiniOzoneClusterImpl-5a0413bf-988c-4d76-bc8c-b64486c0eb5e/datanode-0/data-0/containers/hdds
2022-10-11 12:47:52,324 [Listener at 127.0.0.1/38717] INFO  volume.StorageVolumeChecker (StorageVolumeChecker.java:checkAllVolumes(202)) - Scheduled health check for volume /home/runner/work/ozone/ozone/hadoop-ozone/integration-test/target/test-dir/MiniOzoneClusterImpl-5a0413bf-988c-4d76-bc8c-b64486c0eb5e/datanode-0/data-0/containers/hdds
2022-10-11 12:47:52,343 [Listener at 127.0.0.1/38717] INFO  volume.MutableVolumeSet (MutableVolumeSet.java:initializeVolumeSet(174)) - Added Volume : /home/runner/work/ozone/ozone/hadoop-ozone/integration-test/target/test-dir/MiniOzoneClusterImpl-5a0413bf-988c-4d76-bc8c-b64486c0eb5e/datanode-0/data/ratis to VolumeSet
2022-10-11 12:47:52,343 [Listener at 127.0.0.1/38717] INFO  volume.ThrottledAsyncChecker (ThrottledAsyncChecker.java:schedule(141)) - Scheduling a check for /home/runner/work/ozone/ozone/hadoop-ozone/integration-test/target/test-dir/MiniOzoneClusterImpl-5a0413bf-988c-4d76-bc8c-b64486c0eb5e/datanode-0/data/ratis
2022-10-11 12:47:52,344 [Listener at 127.0.0.1/38717] INFO  volume.StorageVolumeChecker (StorageVolumeChecker.java:checkAllVolumes(202)) - Scheduled health check for volume /home/runner/work/ozone/ozone/hadoop-ozone/integration-test/target/test-dir/MiniOzoneClusterImpl-5a0413bf-988c-4d76-bc8c-b64486c0eb5e/datanode-0/data/ratis
2022-10-11 12:47:52,369 [Thread-136] INFO  ozoneimpl.ContainerReader (ContainerReader.java:readVolume(175)) - Finish verifying containers on volume /home/runner/work/ozone/ozone/hadoop-ozone/integration-test/target/test-dir/MiniOzoneClusterImpl-5a0413bf-988c-4d76-bc8c-b64486c0eb5e/datanode-0/data-0/containers/hdds
2022-10-11 12:47:52,369 [Listener at 127.0.0.1/38717] INFO  ozoneimpl.OzoneContainer (OzoneContainer.java:buildContainerSet(300)) - Build ContainerSet costs 0s
2022-10-11 12:47:52,429 [Listener at 127.0.0.1/38717] INFO  audit.AuditLogger (AuditLogger.java:refreshDebugCmdSet(126)) - Refresh DebugCmdSet for DNAudit to [].
2022-10-11 12:47:52,475 [Listener at 127.0.0.1/38717] INFO  server.RaftServer (ConfUtils.java:logGet(46)) - raft.rpc.type = GRPC (default)
2022-10-11 12:47:52,475 [Listener at 127.0.0.1/38717] INFO  grpc.GrpcFactory (GrpcFactory.java:checkPooledByteBufAllocatorUseCacheForAllThreads(48)) - PERFORMANCE WARNING: useCacheForAllThreads is true that may cause Netty to create a lot garbage objects and, as a result, trigger GC.
	It is recommended to disable useCacheForAllThreads by setting -Dorg.apache.ratis.thirdparty.io.netty.allocator.useCacheForAllThreads=false in command line.
2022-10-11 12:47:52,476 [Listener at 127.0.0.1/38717] INFO  grpc.GrpcConfigKeys (ConfUtils.java:logGet(46)) - raft.grpc.admin.port = 0 (custom)
2022-10-11 12:47:52,476 [Listener at 127.0.0.1/38717] INFO  grpc.GrpcConfigKeys (ConfUtils.java:logGet(46)) - raft.grpc.client.port = 0 (custom)
2022-10-11 12:47:52,477 [Listener at 127.0.0.1/38717] INFO  grpc.GrpcConfigKeys (ConfUtils.java:logGet(46)) - raft.grpc.server.port = 0 (default)
2022-10-11 12:47:52,477 [Listener at 127.0.0.1/38717] INFO  server.GrpcService (ConfUtils.java:logGet(46)) - raft.grpc.message.size.max = 32MB (=33554432) (custom)
2022-10-11 12:47:52,478 [Listener at 127.0.0.1/38717] INFO  server.RaftServerConfigKeys (ConfUtils.java:logGet(46)) - raft.server.log.appender.buffer.byte-limit = 33554432 (custom)
2022-10-11 12:47:52,478 [Listener at 127.0.0.1/38717] INFO  server.GrpcService (ConfUtils.java:logGet(46)) - raft.grpc.flow.control.window = 5MB (=5242880) (custom)
2022-10-11 12:47:52,478 [Listener at 127.0.0.1/38717] INFO  server.RaftServerConfigKeys (ConfUtils.java:logGet(46)) - raft.server.rpc.request.timeout = 60s (custom)
2022-10-11 12:47:52,479 [Listener at 127.0.0.1/38717] INFO  grpc.GrpcConfigKeys (ConfUtils.java:logGet(46)) - raft.grpc.server.async.request.thread.pool.cached = true (default)
2022-10-11 12:47:52,480 [Listener at 127.0.0.1/38717] INFO  grpc.GrpcConfigKeys (ConfUtils.java:logGet(46)) - raft.grpc.server.async.request.thread.pool.size = 32 (default)
2022-10-11 12:47:52,484 [Listener at 127.0.0.1/38717] INFO  impl.DataStreamServerImpl (ConfUtils.java:logGet(46)) - raft.datastream.type = DISABLED (default)
2022-10-11 12:47:52,484 [Listener at 127.0.0.1/38717] INFO  server.RaftServerConfigKeys (ConfUtils.java:logGet(46)) - raft.server.threadpool.proxy.cached = true (default)
2022-10-11 12:47:52,484 [Listener at 127.0.0.1/38717] INFO  server.RaftServerConfigKeys (ConfUtils.java:logGet(46)) - raft.server.threadpool.proxy.size = 0 (default)
2022-10-11 12:47:52,485 [Listener at 127.0.0.1/38717] INFO  server.RaftServerConfigKeys (ConfUtils.java:logGet(46)) - raft.server.rpc.slowness.timeout = 300s (custom)
2022-10-11 12:47:52,485 [Listener at 127.0.0.1/38717] INFO  server.RaftServerConfigKeys (ConfUtils.java:logGet(46)) - raft.server.leaderelection.leader.step-down.wait-time = 10s (default)
2022-10-11 12:47:52,486 [Listener at 127.0.0.1/38717] INFO  server.RaftServerConfigKeys (ConfUtils.java:logGet(46)) - raft.server.storage.dir = [/home/runner/work/ozone/ozone/hadoop-ozone/integration-test/target/test-dir/MiniOzoneClusterImpl-5a0413bf-988c-4d76-bc8c-b64486c0eb5e/datanode-0/data/ratis] (custom)
2022-10-11 12:47:52,507 [Listener at 127.0.0.1/38717] INFO  server.XceiverServerGrpc (XceiverServerGrpc.java:<init>(132)) - GrpcServer channel type EpollServerSocketChannel
2022-10-11 12:47:52,596 [Listener at 127.0.0.1/38717] INFO  http.BaseHttpServer (BaseHttpServer.java:newHttpServer2BuilderForOzone(213)) - Starting Web-server for hddsDatanode at: http://0.0.0.0:0
2022-10-11 12:47:52,596 [Listener at 127.0.0.1/38717] INFO  http.BaseHttpServer (BaseHttpServer.java:<init>(108)) - Hadoop Security Enabled: false Ozone Security Enabled: false Ozone HTTP Security Enabled: false 
2022-10-11 12:47:52,598 [Listener at 127.0.0.1/38717] INFO  server.AuthenticationFilter (AuthenticationFilter.java:constructSecretProvider(240)) - Unable to initialize FileSignerSecretProvider, falling back to use random secrets.
2022-10-11 12:47:52,599 [Listener at 127.0.0.1/38717] WARN  http.HttpRequestLog (HttpRequestLog.java:getRequestLog(103)) - Jetty request log can only be enabled using Log4j
2022-10-11 12:47:52,601 [Listener at 127.0.0.1/38717] INFO  http.HttpServer2 (HttpServer2.java:addGlobalFilter(1031)) - Added global filter 'safety' (class=org.apache.hadoop.hdds.server.http.HttpServer2$QuotingInputFilter)
2022-10-11 12:47:52,602 [Listener at 127.0.0.1/38717] INFO  http.HttpServer2 (HttpServer2.java:addFilter(1007)) - Added filter static_user_filter (class=org.apache.hadoop.http.lib.StaticUserWebFilter$StaticUserFilter) to context hddsDatanode
2022-10-11 12:47:52,602 [Listener at 127.0.0.1/38717] INFO  http.HttpServer2 (HttpServer2.java:addFilter(1015)) - Added filter static_user_filter (class=org.apache.hadoop.http.lib.StaticUserWebFilter$StaticUserFilter) to context logs
2022-10-11 12:47:52,602 [Listener at 127.0.0.1/38717] INFO  http.HttpServer2 (HttpServer2.java:addFilter(1015)) - Added filter static_user_filter (class=org.apache.hadoop.http.lib.StaticUserWebFilter$StaticUserFilter) to context static
2022-10-11 12:47:52,603 [Listener at 127.0.0.1/38717] INFO  http.HttpServer2 (HttpServer2.java:bindListener(1250)) - Jetty bound to port 42257
2022-10-11 12:47:52,603 [Listener at 127.0.0.1/38717] INFO  server.Server (Server.java:doStart(375)) - jetty-9.4.43.v20210629; built: 2021-06-30T11:07:22.254Z; git: 526006ecfa3af7f1a27ef3a288e2bef7ea9dd7e8; jvm 1.8.0_345-b01
2022-10-11 12:47:52,606 [Listener at 127.0.0.1/38717] INFO  server.session (DefaultSessionIdManager.java:doStart(334)) - DefaultSessionIdManager workerName=node0
2022-10-11 12:47:52,606 [Listener at 127.0.0.1/38717] INFO  server.session (DefaultSessionIdManager.java:doStart(339)) - No SessionScavenger set, using defaults
2022-10-11 12:47:52,606 [Listener at 127.0.0.1/38717] INFO  server.session (HouseKeeper.java:startScavenging(132)) - node0 Scavenging every 660000ms
2022-10-11 12:47:52,607 [Listener at 127.0.0.1/38717] INFO  handler.ContextHandler (ContextHandler.java:doStart(915)) - Started o.e.j.s.ServletContextHandler@242573cf{logs,/logs,file:///home/runner/work/ozone/ozone/hadoop-ozone/integration-test/target/log,AVAILABLE}
2022-10-11 12:47:52,608 [Listener at 127.0.0.1/38717] INFO  handler.ContextHandler (ContextHandler.java:doStart(915)) - Started o.e.j.s.ServletContextHandler@5d52508e{static,/static,jar:file:/home/runner/.m2/repository/org/apache/ozone/hdds-container-service/1.3.0-SNAPSHOT/hdds-container-service-1.3.0-SNAPSHOT.jar!/webapps/static,AVAILABLE}
2022-10-11 12:47:52,825 [Listener at 127.0.0.1/38717] INFO  handler.ContextHandler (ContextHandler.java:doStart(915)) - Started o.e.j.w.WebAppContext@72690306{hddsDatanode,/,file:///tmp/jetty-0_0_0_0-42257-hdds-container-service-1_3_0-SNAPSHOT_jar-_-any-2806278704354662222/webapp/,AVAILABLE}{jar:file:/home/runner/.m2/repository/org/apache/ozone/hdds-container-service/1.3.0-SNAPSHOT/hdds-container-service-1.3.0-SNAPSHOT.jar!/webapps/hddsDatanode}
2022-10-11 12:47:52,827 [Listener at 127.0.0.1/38717] INFO  server.AbstractConnector (AbstractConnector.java:doStart(331)) - Started ServerConnector@15050e17{HTTP/1.1, (http/1.1)}{0.0.0.0:42257}
2022-10-11 12:47:52,828 [Listener at 127.0.0.1/38717] INFO  server.Server (Server.java:doStart(415)) - Started @9833ms
2022-10-11 12:47:52,828 [Listener at 127.0.0.1/38717] WARN  impl.MetricsSystemImpl (MetricsSystemImpl.java:register(279)) - Sink prometheus already exists!
2022-10-11 12:47:52,828 [Listener at 127.0.0.1/38717] INFO  http.BaseHttpServer (BaseHttpServer.java:updateConnectorAddress(333)) - HTTP server of hddsDatanode listening at http://0.0.0.0:42257
2022-10-11 12:47:52,830 [Listener at 127.0.0.1/38717] WARN  impl.MetricRegistriesImpl (MetricRegistriesImpl.java:addReporterRegistration(111)) - New reporters are added after registries were created. Some metrics will be missing from the reporter. Please add reporter before adding any new registry.
2022-10-11 12:47:52,830 [Listener at 127.0.0.1/38717] WARN  impl.MetricRegistriesImpl (MetricRegistriesImpl.java:addReporterRegistration(111)) - New reporters are added after registries were created. Some metrics will be missing from the reporter. Please add reporter before adding any new registry.
2022-10-11 12:47:52,831 [Listener at 127.0.0.1/38717] INFO  impl.MetricsSystemImpl (MetricsSystemImpl.java:init(158)) - HddsDatanode metrics system started (again)
2022-10-11 12:47:52,834 [Datanode State Machine Daemon Thread] INFO  statemachine.DatanodeStateMachine (DatanodeStateMachine.java:lambda$startDaemon$0(492)) - Ozone container server started.
2022-10-11 12:47:52,849 [org.apache.hadoop.util.JvmPauseMonitor$Monitor@78375b8a] INFO  util.JvmPauseMonitor (JvmPauseMonitor.java:run(188)) - Starting JVM pause monitor
2022-10-11 12:47:52,859 [Listener at 127.0.0.1/38717] INFO  ozone.HddsDatanodeService (HddsDatanodeService.java:start(236)) - HddsDatanodeService host:fv-az570-546.srgqcr2moziuvm0qev4lajleyh.dx.internal.cloudapp.net ip:10.1.1.98
2022-10-11 12:47:52,897 [om1@group-C5BA1605619E-FollowerState] INFO  impl.FollowerState (FollowerState.java:run(143)) - om1@group-C5BA1605619E-FollowerState: change to CANDIDATE, lastRpcElapsedTime:1179805177ns, electionTimeout:1168ms
2022-10-11 12:47:52,898 [om1@group-C5BA1605619E-FollowerState] INFO  impl.RoleInfo (RoleInfo.java:shutdownFollowerState(110)) - om1: shutdown om1@group-C5BA1605619E-FollowerState
2022-10-11 12:47:52,901 [om1@group-C5BA1605619E-FollowerState] INFO  server.RaftServer$Division (RaftServerImpl.java:setRole(299)) - om1@group-C5BA1605619E: changes role from  FOLLOWER to CANDIDATE at term 0 for changeToCandidate
2022-10-11 12:47:52,904 [Listener at 127.0.0.1/38717] INFO  upgrade.AbstractLayoutVersionManager (AbstractLayoutVersionManager.java:init(83)) - Initializing Layout version manager with metadata layout = DATANODE_SCHEMA_V3 (version = 4), software layout = DATANODE_SCHEMA_V3 (version = 4)
2022-10-11 12:47:52,904 [om1@group-C5BA1605619E-FollowerState] INFO  server.RaftServerConfigKeys (ConfUtils.java:logGet(46)) - raft.server.leaderelection.pre-vote = false (custom)
2022-10-11 12:47:52,907 [om1@group-C5BA1605619E-FollowerState] INFO  impl.RoleInfo (RoleInfo.java:updateAndGet(139)) - om1: start om1@group-C5BA1605619E-LeaderElection1
2022-10-11 12:47:52,960 [om1@group-C5BA1605619E-LeaderElection1] INFO  impl.LeaderElection (LeaderElection.java:askForVotes(310)) - om1@group-C5BA1605619E-LeaderElection1 ELECTION round 0: submit vote requests at term 1 for -1: [om1|rpc:localhost:9872|priority:0], old=null
2022-10-11 12:47:52,961 [om1@group-C5BA1605619E-LeaderElection1] INFO  impl.LeaderElection (LeaderElection.java:askForVotes(312)) - om1@group-C5BA1605619E-LeaderElection1 ELECTION round 0: result PASSED (term=1)
2022-10-11 12:47:52,962 [om1@group-C5BA1605619E-LeaderElection1] INFO  impl.RoleInfo (RoleInfo.java:shutdownLeaderElection(130)) - om1: shutdown om1@group-C5BA1605619E-LeaderElection1
2022-10-11 12:47:52,962 [om1@group-C5BA1605619E-LeaderElection1] INFO  server.RaftServer$Division (RaftServerImpl.java:setRole(299)) - om1@group-C5BA1605619E: changes role from CANDIDATE to LEADER at term 1 for changeToLeader
2022-10-11 12:47:52,964 [om1@group-C5BA1605619E-LeaderElection1] INFO  server.RaftServer$Division (ServerState.java:setLeader(287)) - om1@group-C5BA1605619E: change Leader from null to om1 at term 1 for becomeLeader, leader elected after 2414ms
2022-10-11 12:47:52,978 [om1@group-C5BA1605619E-LeaderElection1] INFO  server.RaftServerConfigKeys (ConfUtils.java:logGet(46)) - raft.server.staging.catchup.gap = 1000 (default)
2022-10-11 12:47:53,002 [om1@group-C5BA1605619E-LeaderElection1] INFO  server.RaftServerConfigKeys (ConfUtils.java:logGet(46)) - raft.server.write.element-limit = 4096 (default)
2022-10-11 12:47:53,003 [om1@group-C5BA1605619E-LeaderElection1] INFO  server.RaftServerConfigKeys (ConfUtils.java:logGet(46)) - raft.server.write.byte-limit = 64MB (=67108864) (default)
2022-10-11 12:47:53,019 [Listener at 127.0.0.1/38717] INFO  reflections.Reflections (Reflections.java:scan(232)) - Reflections took 113 ms to scan 7 urls, producing 137 keys and 328 values 
2022-10-11 12:47:53,022 [om1@group-C5BA1605619E-LeaderElection1] INFO  server.RaftServerConfigKeys (ConfUtils.java:logGet(46)) - raft.server.watch.timeout = 10s (default)
2022-10-11 12:47:53,022 [om1@group-C5BA1605619E-LeaderElection1] INFO  server.RaftServerConfigKeys (ConfUtils.java:logGet(46)) - raft.server.watch.timeout.denomination = 1s (default)
2022-10-11 12:47:53,023 [om1@group-C5BA1605619E-LeaderElection1] INFO  server.RaftServerConfigKeys (ConfUtils.java:logGet(46)) - raft.server.watch.element-limit = 65536 (default)
2022-10-11 12:47:53,036 [Listener at 127.0.0.1/38717] INFO  statemachine.DatanodeStateMachine (DatanodeStateMachine.java:getEndPointTaskThreadPoolSize(237)) - Datanode State Machine Task Thread Pool size 2
2022-10-11 12:47:53,051 [Listener at 127.0.0.1/38717] INFO  volume.HddsVolume (HddsVolume.java:<init>(117)) - Creating HddsVolume: /home/runner/work/ozone/ozone/hadoop-ozone/integration-test/target/test-dir/MiniOzoneClusterImpl-5a0413bf-988c-4d76-bc8c-b64486c0eb5e/datanode-1/data-0/containers/hdds of storage type : DISK capacity : 9223372036854775807
2022-10-11 12:47:53,051 [Listener at 127.0.0.1/38717] INFO  volume.MutableVolumeSet (MutableVolumeSet.java:initializeVolumeSet(174)) - Added Volume : /home/runner/work/ozone/ozone/hadoop-ozone/integration-test/target/test-dir/MiniOzoneClusterImpl-5a0413bf-988c-4d76-bc8c-b64486c0eb5e/datanode-1/data-0/containers/hdds to VolumeSet
2022-10-11 12:47:53,052 [Listener at 127.0.0.1/38717] INFO  volume.ThrottledAsyncChecker (ThrottledAsyncChecker.java:schedule(141)) - Scheduling a check for /home/runner/work/ozone/ozone/hadoop-ozone/integration-test/target/test-dir/MiniOzoneClusterImpl-5a0413bf-988c-4d76-bc8c-b64486c0eb5e/datanode-1/data-0/containers/hdds
2022-10-11 12:47:53,052 [om1@group-C5BA1605619E-LeaderElection1] INFO  server.RaftServerConfigKeys (ConfUtils.java:logGet(46)) - raft.server.write.element-limit = 4096 (default)
2022-10-11 12:47:53,065 [om1@group-C5BA1605619E-LeaderElection1] INFO  server.RaftServerConfigKeys (ConfUtils.java:logGet(46)) - raft.server.write.follower.gap.ratio.max = -1.0 (default)
2022-10-11 12:47:53,074 [om1@group-C5BA1605619E-LeaderElection1] INFO  impl.RoleInfo (RoleInfo.java:updateAndGet(139)) - om1: start om1@group-C5BA1605619E-LeaderStateImpl
2022-10-11 12:47:53,075 [Listener at 127.0.0.1/38717] INFO  volume.StorageVolumeChecker (StorageVolumeChecker.java:checkAllVolumes(202)) - Scheduled health check for volume /home/runner/work/ozone/ozone/hadoop-ozone/integration-test/target/test-dir/MiniOzoneClusterImpl-5a0413bf-988c-4d76-bc8c-b64486c0eb5e/datanode-1/data-0/containers/hdds
2022-10-11 12:47:53,080 [Datanode State Machine Task Thread - 0] INFO  datanode.InitDatanodeState (InitDatanodeState.java:persistContainerDatanodeDetails(138)) - DatanodeDetails is persisted to /home/runner/work/ozone/ozone/hadoop-ozone/integration-test/target/test-dir/MiniOzoneClusterImpl-5a0413bf-988c-4d76-bc8c-b64486c0eb5e/datanode-0/meta/datanode.id
2022-10-11 12:47:53,095 [Listener at 127.0.0.1/38717] INFO  volume.MutableVolumeSet (MutableVolumeSet.java:initializeVolumeSet(174)) - Added Volume : /home/runner/work/ozone/ozone/hadoop-ozone/integration-test/target/test-dir/MiniOzoneClusterImpl-5a0413bf-988c-4d76-bc8c-b64486c0eb5e/datanode-1/data/ratis to VolumeSet
2022-10-11 12:47:53,095 [Listener at 127.0.0.1/38717] INFO  volume.ThrottledAsyncChecker (ThrottledAsyncChecker.java:schedule(141)) - Scheduling a check for /home/runner/work/ozone/ozone/hadoop-ozone/integration-test/target/test-dir/MiniOzoneClusterImpl-5a0413bf-988c-4d76-bc8c-b64486c0eb5e/datanode-1/data/ratis
2022-10-11 12:47:53,096 [Listener at 127.0.0.1/38717] INFO  volume.StorageVolumeChecker (StorageVolumeChecker.java:checkAllVolumes(202)) - Scheduled health check for volume /home/runner/work/ozone/ozone/hadoop-ozone/integration-test/target/test-dir/MiniOzoneClusterImpl-5a0413bf-988c-4d76-bc8c-b64486c0eb5e/datanode-1/data/ratis
2022-10-11 12:47:53,154 [om1@group-C5BA1605619E-LeaderElection1] INFO  segmented.SegmentedRaftLogWorker (SegmentedRaftLogWorker.java:startLogSegment(425)) - om1@group-C5BA1605619E-SegmentedRaftLogWorker: Starting segment from index:0
2022-10-11 12:47:53,160 [Thread-151] INFO  ozoneimpl.ContainerReader (ContainerReader.java:readVolume(175)) - Finish verifying containers on volume /home/runner/work/ozone/ozone/hadoop-ozone/integration-test/target/test-dir/MiniOzoneClusterImpl-5a0413bf-988c-4d76-bc8c-b64486c0eb5e/datanode-1/data-0/containers/hdds
2022-10-11 12:47:53,171 [Listener at 127.0.0.1/38717] INFO  ozoneimpl.OzoneContainer (OzoneContainer.java:buildContainerSet(300)) - Build ContainerSet costs 0s
2022-10-11 12:47:53,177 [Listener at 127.0.0.1/38717] INFO  server.RaftServer (ConfUtils.java:logGet(46)) - raft.rpc.type = GRPC (default)
2022-10-11 12:47:53,177 [Listener at 127.0.0.1/38717] INFO  grpc.GrpcFactory (GrpcFactory.java:checkPooledByteBufAllocatorUseCacheForAllThreads(48)) - PERFORMANCE WARNING: useCacheForAllThreads is true that may cause Netty to create a lot garbage objects and, as a result, trigger GC.
	It is recommended to disable useCacheForAllThreads by setting -Dorg.apache.ratis.thirdparty.io.netty.allocator.useCacheForAllThreads=false in command line.
2022-10-11 12:47:53,177 [Listener at 127.0.0.1/38717] INFO  grpc.GrpcConfigKeys (ConfUtils.java:logGet(46)) - raft.grpc.admin.port = 0 (custom)
2022-10-11 12:47:53,177 [Listener at 127.0.0.1/38717] INFO  grpc.GrpcConfigKeys (ConfUtils.java:logGet(46)) - raft.grpc.client.port = 0 (custom)
2022-10-11 12:47:53,178 [Listener at 127.0.0.1/38717] INFO  grpc.GrpcConfigKeys (ConfUtils.java:logGet(46)) - raft.grpc.server.port = 0 (default)
2022-10-11 12:47:53,178 [Listener at 127.0.0.1/38717] INFO  server.GrpcService (ConfUtils.java:logGet(46)) - raft.grpc.message.size.max = 32MB (=33554432) (custom)
2022-10-11 12:47:53,178 [Listener at 127.0.0.1/38717] INFO  server.RaftServerConfigKeys (ConfUtils.java:logGet(46)) - raft.server.log.appender.buffer.byte-limit = 33554432 (custom)
2022-10-11 12:47:53,178 [Listener at 127.0.0.1/38717] INFO  server.GrpcService (ConfUtils.java:logGet(46)) - raft.grpc.flow.control.window = 5MB (=5242880) (custom)
2022-10-11 12:47:53,179 [Listener at 127.0.0.1/38717] INFO  server.RaftServerConfigKeys (ConfUtils.java:logGet(46)) - raft.server.rpc.request.timeout = 60s (custom)
2022-10-11 12:47:53,179 [Listener at 127.0.0.1/38717] INFO  grpc.GrpcConfigKeys (ConfUtils.java:logGet(46)) - raft.grpc.server.async.request.thread.pool.cached = true (default)
2022-10-11 12:47:53,179 [Listener at 127.0.0.1/38717] INFO  grpc.GrpcConfigKeys (ConfUtils.java:logGet(46)) - raft.grpc.server.async.request.thread.pool.size = 32 (default)
2022-10-11 12:47:53,180 [Listener at 127.0.0.1/38717] INFO  impl.DataStreamServerImpl (ConfUtils.java:logGet(46)) - raft.datastream.type = DISABLED (default)
2022-10-11 12:47:53,181 [Listener at 127.0.0.1/38717] INFO  server.RaftServerConfigKeys (ConfUtils.java:logGet(46)) - raft.server.threadpool.proxy.cached = true (default)
2022-10-11 12:47:53,181 [Listener at 127.0.0.1/38717] INFO  server.RaftServerConfigKeys (ConfUtils.java:logGet(46)) - raft.server.threadpool.proxy.size = 0 (default)
2022-10-11 12:47:53,181 [Listener at 127.0.0.1/38717] INFO  server.RaftServerConfigKeys (ConfUtils.java:logGet(46)) - raft.server.rpc.slowness.timeout = 300s (custom)
2022-10-11 12:47:53,181 [Listener at 127.0.0.1/38717] INFO  server.RaftServerConfigKeys (ConfUtils.java:logGet(46)) - raft.server.leaderelection.leader.step-down.wait-time = 10s (default)
2022-10-11 12:47:53,182 [Listener at 127.0.0.1/38717] INFO  server.RaftServerConfigKeys (ConfUtils.java:logGet(46)) - raft.server.storage.dir = [/home/runner/work/ozone/ozone/hadoop-ozone/integration-test/target/test-dir/MiniOzoneClusterImpl-5a0413bf-988c-4d76-bc8c-b64486c0eb5e/datanode-1/data/ratis] (custom)
2022-10-11 12:47:53,202 [Listener at 127.0.0.1/38717] INFO  server.XceiverServerGrpc (XceiverServerGrpc.java:<init>(132)) - GrpcServer channel type EpollServerSocketChannel
2022-10-11 12:47:53,213 [om1@group-C5BA1605619E-LeaderElection1] INFO  server.RaftServer$Division (ServerState.java:setRaftConf(393)) - om1@group-C5BA1605619E: set configuration 0: [om1|rpc:localhost:9872|admin:|client:|dataStream:|priority:0], old=null
2022-10-11 12:47:53,222 [Listener at 127.0.0.1/38717] INFO  http.BaseHttpServer (BaseHttpServer.java:newHttpServer2BuilderForOzone(213)) - Starting Web-server for hddsDatanode at: http://0.0.0.0:0
2022-10-11 12:47:53,222 [Listener at 127.0.0.1/38717] INFO  http.BaseHttpServer (BaseHttpServer.java:<init>(108)) - Hadoop Security Enabled: false Ozone Security Enabled: false Ozone HTTP Security Enabled: false 
2022-10-11 12:47:53,228 [Listener at 127.0.0.1/38717] INFO  server.AuthenticationFilter (AuthenticationFilter.java:constructSecretProvider(240)) - Unable to initialize FileSignerSecretProvider, falling back to use random secrets.
2022-10-11 12:47:53,228 [Listener at 127.0.0.1/38717] WARN  http.HttpRequestLog (HttpRequestLog.java:getRequestLog(103)) - Jetty request log can only be enabled using Log4j
2022-10-11 12:47:53,238 [Listener at 127.0.0.1/38717] INFO  http.HttpServer2 (HttpServer2.java:addGlobalFilter(1031)) - Added global filter 'safety' (class=org.apache.hadoop.hdds.server.http.HttpServer2$QuotingInputFilter)
2022-10-11 12:47:53,239 [Listener at 127.0.0.1/38717] INFO  http.HttpServer2 (HttpServer2.java:addFilter(1007)) - Added filter static_user_filter (class=org.apache.hadoop.http.lib.StaticUserWebFilter$StaticUserFilter) to context hddsDatanode
2022-10-11 12:47:53,239 [Listener at 127.0.0.1/38717] INFO  http.HttpServer2 (HttpServer2.java:addFilter(1015)) - Added filter static_user_filter (class=org.apache.hadoop.http.lib.StaticUserWebFilter$StaticUserFilter) to context logs
2022-10-11 12:47:53,241 [Listener at 127.0.0.1/38717] INFO  http.HttpServer2 (HttpServer2.java:addFilter(1015)) - Added filter static_user_filter (class=org.apache.hadoop.http.lib.StaticUserWebFilter$StaticUserFilter) to context static
2022-10-11 12:47:53,241 [Listener at 127.0.0.1/38717] INFO  http.HttpServer2 (HttpServer2.java:bindListener(1250)) - Jetty bound to port 36505
2022-10-11 12:47:53,242 [Listener at 127.0.0.1/38717] INFO  server.Server (Server.java:doStart(375)) - jetty-9.4.43.v20210629; built: 2021-06-30T11:07:22.254Z; git: 526006ecfa3af7f1a27ef3a288e2bef7ea9dd7e8; jvm 1.8.0_345-b01
2022-10-11 12:47:53,256 [Listener at 127.0.0.1/38717] INFO  server.session (DefaultSessionIdManager.java:doStart(334)) - DefaultSessionIdManager workerName=node0
2022-10-11 12:47:53,257 [Listener at 127.0.0.1/38717] INFO  server.session (DefaultSessionIdManager.java:doStart(339)) - No SessionScavenger set, using defaults
2022-10-11 12:47:53,257 [Listener at 127.0.0.1/38717] INFO  server.session (HouseKeeper.java:startScavenging(132)) - node0 Scavenging every 600000ms
2022-10-11 12:47:53,258 [Listener at 127.0.0.1/38717] INFO  handler.ContextHandler (ContextHandler.java:doStart(915)) - Started o.e.j.s.ServletContextHandler@6e4667af{logs,/logs,file:///home/runner/work/ozone/ozone/hadoop-ozone/integration-test/target/log,AVAILABLE}
2022-10-11 12:47:53,258 [Listener at 127.0.0.1/38717] INFO  handler.ContextHandler (ContextHandler.java:doStart(915)) - Started o.e.j.s.ServletContextHandler@57eab3f5{static,/static,jar:file:/home/runner/.m2/repository/org/apache/ozone/hdds-container-service/1.3.0-SNAPSHOT/hdds-container-service-1.3.0-SNAPSHOT.jar!/webapps/static,AVAILABLE}
2022-10-11 12:47:53,345 [om1@group-C5BA1605619E-SegmentedRaftLogWorker] INFO  segmented.SegmentedRaftLogWorker (SegmentedRaftLogWorker.java:execute(629)) - om1@group-C5BA1605619E-SegmentedRaftLogWorker: created new log segment /home/runner/work/ozone/ozone/hadoop-ozone/integration-test/target/test-dir/MiniOzoneClusterImpl-5a0413bf-988c-4d76-bc8c-b64486c0eb5e/ozone-meta/ratis/bf265839-605b-3f16-9796-c5ba1605619e/current/log_inprogress_0
2022-10-11 12:47:53,494 [Listener at 127.0.0.1/38717] INFO  handler.ContextHandler (ContextHandler.java:doStart(915)) - Started o.e.j.w.WebAppContext@7f4fbfb9{hddsDatanode,/,file:///tmp/jetty-0_0_0_0-36505-hdds-container-service-1_3_0-SNAPSHOT_jar-_-any-3106253046272801126/webapp/,AVAILABLE}{jar:file:/home/runner/.m2/repository/org/apache/ozone/hdds-container-service/1.3.0-SNAPSHOT/hdds-container-service-1.3.0-SNAPSHOT.jar!/webapps/hddsDatanode}
2022-10-11 12:47:53,489 [om1@group-C5BA1605619E-StateMachineUpdater] INFO  ratis.OzoneManagerStateMachine (OzoneManagerStateMachine.java:notifyConfigurationChanged(192)) - Received Configuration change notification from Ratis. New Peer list:
[id: "om1"
address: "localhost:9872"
]
2022-10-11 12:47:53,496 [Listener at 127.0.0.1/38717] INFO  server.AbstractConnector (AbstractConnector.java:doStart(331)) - Started ServerConnector@556f00f1{HTTP/1.1, (http/1.1)}{0.0.0.0:36505}
2022-10-11 12:47:53,497 [Listener at 127.0.0.1/38717] INFO  server.Server (Server.java:doStart(415)) - Started @10502ms
2022-10-11 12:47:53,497 [Listener at 127.0.0.1/38717] WARN  impl.MetricsSystemImpl (MetricsSystemImpl.java:register(279)) - Sink prometheus already exists!
2022-10-11 12:47:53,498 [Listener at 127.0.0.1/38717] INFO  http.BaseHttpServer (BaseHttpServer.java:updateConnectorAddress(333)) - HTTP server of hddsDatanode listening at http://0.0.0.0:36505
2022-10-11 12:47:53,498 [Listener at 127.0.0.1/38717] WARN  impl.MetricRegistriesImpl (MetricRegistriesImpl.java:addReporterRegistration(111)) - New reporters are added after registries were created. Some metrics will be missing from the reporter. Please add reporter before adding any new registry.
2022-10-11 12:47:53,498 [Listener at 127.0.0.1/38717] WARN  impl.MetricRegistriesImpl (MetricRegistriesImpl.java:addReporterRegistration(111)) - New reporters are added after registries were created. Some metrics will be missing from the reporter. Please add reporter before adding any new registry.
2022-10-11 12:47:53,499 [Listener at 127.0.0.1/38717] INFO  impl.MetricsSystemImpl (MetricsSystemImpl.java:init(158)) - HddsDatanode metrics system started (again)
2022-10-11 12:47:53,499 [Datanode State Machine Daemon Thread] INFO  statemachine.DatanodeStateMachine (DatanodeStateMachine.java:lambda$startDaemon$0(492)) - Ozone container server started.
2022-10-11 12:47:53,512 [Listener at 127.0.0.1/38717] INFO  ozone.HddsDatanodeService (HddsDatanodeService.java:start(236)) - HddsDatanodeService host:fv-az570-546.srgqcr2moziuvm0qev4lajleyh.dx.internal.cloudapp.net ip:10.1.1.98
2022-10-11 12:47:53,515 [org.apache.hadoop.util.JvmPauseMonitor$Monitor@22b08f6d] INFO  util.JvmPauseMonitor (JvmPauseMonitor.java:run(188)) - Starting JVM pause monitor
2022-10-11 12:47:53,528 [Datanode State Machine Task Thread - 0] INFO  datanode.InitDatanodeState (InitDatanodeState.java:persistContainerDatanodeDetails(138)) - DatanodeDetails is persisted to /home/runner/work/ozone/ozone/hadoop-ozone/integration-test/target/test-dir/MiniOzoneClusterImpl-5a0413bf-988c-4d76-bc8c-b64486c0eb5e/datanode-1/meta/datanode.id
2022-10-11 12:47:53,540 [Listener at 127.0.0.1/38717] INFO  upgrade.AbstractLayoutVersionManager (AbstractLayoutVersionManager.java:init(83)) - Initializing Layout version manager with metadata layout = DATANODE_SCHEMA_V3 (version = 4), software layout = DATANODE_SCHEMA_V3 (version = 4)
2022-10-11 12:47:53,593 [Listener at 127.0.0.1/38717] INFO  reflections.Reflections (Reflections.java:scan(232)) - Reflections took 51 ms to scan 7 urls, producing 137 keys and 328 values 
2022-10-11 12:47:53,595 [Listener at 127.0.0.1/38717] INFO  statemachine.DatanodeStateMachine (DatanodeStateMachine.java:getEndPointTaskThreadPoolSize(237)) - Datanode State Machine Task Thread Pool size 2
2022-10-11 12:47:53,598 [Listener at 127.0.0.1/38717] INFO  volume.HddsVolume (HddsVolume.java:<init>(117)) - Creating HddsVolume: /home/runner/work/ozone/ozone/hadoop-ozone/integration-test/target/test-dir/MiniOzoneClusterImpl-5a0413bf-988c-4d76-bc8c-b64486c0eb5e/datanode-2/data-0/containers/hdds of storage type : DISK capacity : 9223372036854775807
2022-10-11 12:47:53,598 [Listener at 127.0.0.1/38717] INFO  volume.MutableVolumeSet (MutableVolumeSet.java:initializeVolumeSet(174)) - Added Volume : /home/runner/work/ozone/ozone/hadoop-ozone/integration-test/target/test-dir/MiniOzoneClusterImpl-5a0413bf-988c-4d76-bc8c-b64486c0eb5e/datanode-2/data-0/containers/hdds to VolumeSet
2022-10-11 12:47:53,598 [Listener at 127.0.0.1/38717] INFO  volume.ThrottledAsyncChecker (ThrottledAsyncChecker.java:schedule(141)) - Scheduling a check for /home/runner/work/ozone/ozone/hadoop-ozone/integration-test/target/test-dir/MiniOzoneClusterImpl-5a0413bf-988c-4d76-bc8c-b64486c0eb5e/datanode-2/data-0/containers/hdds
2022-10-11 12:47:53,599 [Listener at 127.0.0.1/38717] INFO  volume.StorageVolumeChecker (StorageVolumeChecker.java:checkAllVolumes(202)) - Scheduled health check for volume /home/runner/work/ozone/ozone/hadoop-ozone/integration-test/target/test-dir/MiniOzoneClusterImpl-5a0413bf-988c-4d76-bc8c-b64486c0eb5e/datanode-2/data-0/containers/hdds
2022-10-11 12:47:53,611 [Listener at 127.0.0.1/38717] INFO  volume.MutableVolumeSet (MutableVolumeSet.java:initializeVolumeSet(174)) - Added Volume : /home/runner/work/ozone/ozone/hadoop-ozone/integration-test/target/test-dir/MiniOzoneClusterImpl-5a0413bf-988c-4d76-bc8c-b64486c0eb5e/datanode-2/data/ratis to VolumeSet
2022-10-11 12:47:53,612 [Listener at 127.0.0.1/38717] INFO  volume.ThrottledAsyncChecker (ThrottledAsyncChecker.java:schedule(141)) - Scheduling a check for /home/runner/work/ozone/ozone/hadoop-ozone/integration-test/target/test-dir/MiniOzoneClusterImpl-5a0413bf-988c-4d76-bc8c-b64486c0eb5e/datanode-2/data/ratis
2022-10-11 12:47:53,612 [Listener at 127.0.0.1/38717] INFO  volume.StorageVolumeChecker (StorageVolumeChecker.java:checkAllVolumes(202)) - Scheduled health check for volume /home/runner/work/ozone/ozone/hadoop-ozone/integration-test/target/test-dir/MiniOzoneClusterImpl-5a0413bf-988c-4d76-bc8c-b64486c0eb5e/datanode-2/data/ratis
2022-10-11 12:47:53,629 [Thread-164] INFO  ozoneimpl.ContainerReader (ContainerReader.java:readVolume(175)) - Finish verifying containers on volume /home/runner/work/ozone/ozone/hadoop-ozone/integration-test/target/test-dir/MiniOzoneClusterImpl-5a0413bf-988c-4d76-bc8c-b64486c0eb5e/datanode-2/data-0/containers/hdds
2022-10-11 12:47:53,629 [Listener at 127.0.0.1/38717] INFO  ozoneimpl.OzoneContainer (OzoneContainer.java:buildContainerSet(300)) - Build ContainerSet costs 0s
2022-10-11 12:47:53,632 [Listener at 127.0.0.1/38717] INFO  server.RaftServer (ConfUtils.java:logGet(46)) - raft.rpc.type = GRPC (default)
2022-10-11 12:47:53,633 [Listener at 127.0.0.1/38717] INFO  grpc.GrpcFactory (GrpcFactory.java:checkPooledByteBufAllocatorUseCacheForAllThreads(48)) - PERFORMANCE WARNING: useCacheForAllThreads is true that may cause Netty to create a lot garbage objects and, as a result, trigger GC.
	It is recommended to disable useCacheForAllThreads by setting -Dorg.apache.ratis.thirdparty.io.netty.allocator.useCacheForAllThreads=false in command line.
2022-10-11 12:47:53,633 [Listener at 127.0.0.1/38717] INFO  grpc.GrpcConfigKeys (ConfUtils.java:logGet(46)) - raft.grpc.admin.port = 0 (custom)
2022-10-11 12:47:53,633 [Listener at 127.0.0.1/38717] INFO  grpc.GrpcConfigKeys (ConfUtils.java:logGet(46)) - raft.grpc.client.port = 0 (custom)
2022-10-11 12:47:53,633 [Listener at 127.0.0.1/38717] INFO  grpc.GrpcConfigKeys (ConfUtils.java:logGet(46)) - raft.grpc.server.port = 0 (default)
2022-10-11 12:47:53,634 [Listener at 127.0.0.1/38717] INFO  server.GrpcService (ConfUtils.java:logGet(46)) - raft.grpc.message.size.max = 32MB (=33554432) (custom)
2022-10-11 12:47:53,634 [Listener at 127.0.0.1/38717] INFO  server.RaftServerConfigKeys (ConfUtils.java:logGet(46)) - raft.server.log.appender.buffer.byte-limit = 33554432 (custom)
2022-10-11 12:47:53,634 [Listener at 127.0.0.1/38717] INFO  server.GrpcService (ConfUtils.java:logGet(46)) - raft.grpc.flow.control.window = 5MB (=5242880) (custom)
2022-10-11 12:47:53,634 [Listener at 127.0.0.1/38717] INFO  server.RaftServerConfigKeys (ConfUtils.java:logGet(46)) - raft.server.rpc.request.timeout = 60s (custom)
2022-10-11 12:47:53,635 [Listener at 127.0.0.1/38717] INFO  grpc.GrpcConfigKeys (ConfUtils.java:logGet(46)) - raft.grpc.server.async.request.thread.pool.cached = true (default)
2022-10-11 12:47:53,635 [Listener at 127.0.0.1/38717] INFO  grpc.GrpcConfigKeys (ConfUtils.java:logGet(46)) - raft.grpc.server.async.request.thread.pool.size = 32 (default)
2022-10-11 12:47:53,636 [Listener at 127.0.0.1/38717] INFO  impl.DataStreamServerImpl (ConfUtils.java:logGet(46)) - raft.datastream.type = DISABLED (default)
2022-10-11 12:47:53,637 [Listener at 127.0.0.1/38717] INFO  server.RaftServerConfigKeys (ConfUtils.java:logGet(46)) - raft.server.threadpool.proxy.cached = true (default)
2022-10-11 12:47:53,637 [Listener at 127.0.0.1/38717] INFO  server.RaftServerConfigKeys (ConfUtils.java:logGet(46)) - raft.server.threadpool.proxy.size = 0 (default)
2022-10-11 12:47:53,637 [Listener at 127.0.0.1/38717] INFO  server.RaftServerConfigKeys (ConfUtils.java:logGet(46)) - raft.server.rpc.slowness.timeout = 300s (custom)
2022-10-11 12:47:53,637 [Listener at 127.0.0.1/38717] INFO  server.RaftServerConfigKeys (ConfUtils.java:logGet(46)) - raft.server.leaderelection.leader.step-down.wait-time = 10s (default)
2022-10-11 12:47:53,638 [Listener at 127.0.0.1/38717] INFO  server.RaftServerConfigKeys (ConfUtils.java:logGet(46)) - raft.server.storage.dir = [/home/runner/work/ozone/ozone/hadoop-ozone/integration-test/target/test-dir/MiniOzoneClusterImpl-5a0413bf-988c-4d76-bc8c-b64486c0eb5e/datanode-2/data/ratis] (custom)
2022-10-11 12:47:53,640 [Listener at 127.0.0.1/38717] INFO  server.XceiverServerGrpc (XceiverServerGrpc.java:<init>(132)) - GrpcServer channel type EpollServerSocketChannel
2022-10-11 12:47:53,645 [Listener at 127.0.0.1/38717] INFO  http.BaseHttpServer (BaseHttpServer.java:newHttpServer2BuilderForOzone(213)) - Starting Web-server for hddsDatanode at: http://0.0.0.0:0
2022-10-11 12:47:53,645 [Listener at 127.0.0.1/38717] INFO  http.BaseHttpServer (BaseHttpServer.java:<init>(108)) - Hadoop Security Enabled: false Ozone Security Enabled: false Ozone HTTP Security Enabled: false 
2022-10-11 12:47:53,647 [Listener at 127.0.0.1/38717] INFO  server.AuthenticationFilter (AuthenticationFilter.java:constructSecretProvider(240)) - Unable to initialize FileSignerSecretProvider, falling back to use random secrets.
2022-10-11 12:47:53,650 [Listener at 127.0.0.1/38717] WARN  http.HttpRequestLog (HttpRequestLog.java:getRequestLog(103)) - Jetty request log can only be enabled using Log4j
2022-10-11 12:47:53,651 [Listener at 127.0.0.1/38717] INFO  http.HttpServer2 (HttpServer2.java:addGlobalFilter(1031)) - Added global filter 'safety' (class=org.apache.hadoop.hdds.server.http.HttpServer2$QuotingInputFilter)
2022-10-11 12:47:53,652 [Listener at 127.0.0.1/38717] INFO  http.HttpServer2 (HttpServer2.java:addFilter(1007)) - Added filter static_user_filter (class=org.apache.hadoop.http.lib.StaticUserWebFilter$StaticUserFilter) to context hddsDatanode
2022-10-11 12:47:53,654 [Listener at 127.0.0.1/38717] INFO  http.HttpServer2 (HttpServer2.java:addFilter(1015)) - Added filter static_user_filter (class=org.apache.hadoop.http.lib.StaticUserWebFilter$StaticUserFilter) to context static
2022-10-11 12:47:53,654 [Listener at 127.0.0.1/38717] INFO  http.HttpServer2 (HttpServer2.java:addFilter(1015)) - Added filter static_user_filter (class=org.apache.hadoop.http.lib.StaticUserWebFilter$StaticUserFilter) to context logs
2022-10-11 12:47:53,655 [Listener at 127.0.0.1/38717] INFO  http.HttpServer2 (HttpServer2.java:bindListener(1250)) - Jetty bound to port 36961
2022-10-11 12:47:53,655 [Listener at 127.0.0.1/38717] INFO  server.Server (Server.java:doStart(375)) - jetty-9.4.43.v20210629; built: 2021-06-30T11:07:22.254Z; git: 526006ecfa3af7f1a27ef3a288e2bef7ea9dd7e8; jvm 1.8.0_345-b01
2022-10-11 12:47:53,661 [Listener at 127.0.0.1/38717] INFO  server.session (DefaultSessionIdManager.java:doStart(334)) - DefaultSessionIdManager workerName=node0
2022-10-11 12:47:53,661 [Listener at 127.0.0.1/38717] INFO  server.session (DefaultSessionIdManager.java:doStart(339)) - No SessionScavenger set, using defaults
2022-10-11 12:47:53,661 [Listener at 127.0.0.1/38717] INFO  server.session (HouseKeeper.java:startScavenging(132)) - node0 Scavenging every 600000ms
2022-10-11 12:47:53,664 [Listener at 127.0.0.1/38717] INFO  handler.ContextHandler (ContextHandler.java:doStart(915)) - Started o.e.j.s.ServletContextHandler@67d5075b{logs,/logs,file:///home/runner/work/ozone/ozone/hadoop-ozone/integration-test/target/log,AVAILABLE}
2022-10-11 12:47:53,664 [Listener at 127.0.0.1/38717] INFO  handler.ContextHandler (ContextHandler.java:doStart(915)) - Started o.e.j.s.ServletContextHandler@6d653110{static,/static,jar:file:/home/runner/.m2/repository/org/apache/ozone/hdds-container-service/1.3.0-SNAPSHOT/hdds-container-service-1.3.0-SNAPSHOT.jar!/webapps/static,AVAILABLE}
2022-10-11 12:47:53,896 [Listener at 127.0.0.1/38717] INFO  handler.ContextHandler (ContextHandler.java:doStart(915)) - Started o.e.j.w.WebAppContext@3b51334c{hddsDatanode,/,file:///tmp/jetty-0_0_0_0-36961-hdds-container-service-1_3_0-SNAPSHOT_jar-_-any-3026564495254763092/webapp/,AVAILABLE}{jar:file:/home/runner/.m2/repository/org/apache/ozone/hdds-container-service/1.3.0-SNAPSHOT/hdds-container-service-1.3.0-SNAPSHOT.jar!/webapps/hddsDatanode}
2022-10-11 12:47:53,898 [Listener at 127.0.0.1/38717] INFO  server.AbstractConnector (AbstractConnector.java:doStart(331)) - Started ServerConnector@53319879{HTTP/1.1, (http/1.1)}{0.0.0.0:36961}
2022-10-11 12:47:53,898 [Listener at 127.0.0.1/38717] INFO  server.Server (Server.java:doStart(415)) - Started @10903ms
2022-10-11 12:47:53,898 [Listener at 127.0.0.1/38717] WARN  impl.MetricsSystemImpl (MetricsSystemImpl.java:register(279)) - Sink prometheus already exists!
2022-10-11 12:47:53,899 [Listener at 127.0.0.1/38717] INFO  http.BaseHttpServer (BaseHttpServer.java:updateConnectorAddress(333)) - HTTP server of hddsDatanode listening at http://0.0.0.0:36961
2022-10-11 12:47:53,900 [Datanode State Machine Daemon Thread] INFO  statemachine.DatanodeStateMachine (DatanodeStateMachine.java:lambda$startDaemon$0(492)) - Ozone container server started.
2022-10-11 12:47:53,907 [Listener at 127.0.0.1/38717] INFO  ozone.MiniOzoneClusterImpl (MiniOzoneClusterImpl.java:lambda$waitForClusterToBeReady$0(216)) - Waiting for nodes to be ready. Got 0 of 3 DN Heartbeats.
2022-10-11 12:47:53,907 [Listener at 127.0.0.1/38717] INFO  ozone.MiniOzoneClusterImpl (MiniOzoneClusterImpl.java:lambda$waitForClusterToBeReady$0(219)) - Waiting for cluster to exit safe mode
2022-10-11 12:47:53,907 [Listener at 127.0.0.1/38717] INFO  ozone.MiniOzoneClusterImpl (MiniOzoneClusterImpl.java:lambda$waitForClusterToBeReady$0(221)) - SCM became leader
2022-10-11 12:47:53,916 [org.apache.hadoop.util.JvmPauseMonitor$Monitor@c3acbf0] INFO  util.JvmPauseMonitor (JvmPauseMonitor.java:run(188)) - Starting JVM pause monitor
2022-10-11 12:47:53,922 [Datanode State Machine Task Thread - 0] INFO  datanode.InitDatanodeState (InitDatanodeState.java:persistContainerDatanodeDetails(138)) - DatanodeDetails is persisted to /home/runner/work/ozone/ozone/hadoop-ozone/integration-test/target/test-dir/MiniOzoneClusterImpl-5a0413bf-988c-4d76-bc8c-b64486c0eb5e/datanode-2/meta/datanode.id
2022-10-11 12:47:54,907 [Listener at 127.0.0.1/38717] INFO  ozone.MiniOzoneClusterImpl (MiniOzoneClusterImpl.java:lambda$waitForClusterToBeReady$0(216)) - Waiting for nodes to be ready. Got 0 of 3 DN Heartbeats.
2022-10-11 12:47:54,908 [Listener at 127.0.0.1/38717] INFO  ozone.MiniOzoneClusterImpl (MiniOzoneClusterImpl.java:lambda$waitForClusterToBeReady$0(219)) - Waiting for cluster to exit safe mode
2022-10-11 12:47:54,908 [Listener at 127.0.0.1/38717] INFO  ozone.MiniOzoneClusterImpl (MiniOzoneClusterImpl.java:lambda$waitForClusterToBeReady$0(221)) - SCM became leader
2022-10-11 12:47:54,974 [EndpointStateMachine task thread for /0.0.0.0:33093 - 0 ] INFO  volume.HddsVolume (HddsVolume.java:createDbStore(307)) - SchemaV3 db is created and loaded at /home/runner/work/ozone/ozone/hadoop-ozone/integration-test/target/test-dir/MiniOzoneClusterImpl-5a0413bf-988c-4d76-bc8c-b64486c0eb5e/datanode-0/data-0/containers/hdds/5a0413bf-988c-4d76-bc8c-b64486c0eb5e/DS-639c505d-1e8e-4c5c-a9bb-96ddee2630c4/container.db for volume DS-639c505d-1e8e-4c5c-a9bb-96ddee2630c4
2022-10-11 12:47:54,979 [EndpointStateMachine task thread for /0.0.0.0:33093 - 0 ] INFO  volume.HddsVolume (HddsVolume.java:closeDbStore(338)) - SchemaV3 db is stopped at /home/runner/work/ozone/ozone/hadoop-ozone/integration-test/target/test-dir/MiniOzoneClusterImpl-5a0413bf-988c-4d76-bc8c-b64486c0eb5e/datanode-0/data-0/containers/hdds/5a0413bf-988c-4d76-bc8c-b64486c0eb5e/DS-639c505d-1e8e-4c5c-a9bb-96ddee2630c4/container.db for volume DS-639c505d-1e8e-4c5c-a9bb-96ddee2630c4
2022-10-11 12:47:54,979 [EndpointStateMachine task thread for /0.0.0.0:33093 - 0 ] INFO  ozoneimpl.OzoneContainer (OzoneContainer.java:start(378)) - Attempting to start container services.
2022-10-11 12:47:54,981 [EndpointStateMachine task thread for /0.0.0.0:33093 - 0 ] INFO  ozoneimpl.OzoneContainer (OzoneContainer.java:startContainerScrub(313)) - Background container scanner has been disabled.
2022-10-11 12:47:54,984 [EndpointStateMachine task thread for /0.0.0.0:33093 - 0 ] INFO  replication.ReplicationServer (ReplicationServer.java:start(111)) - ReplicationServer is started using port 39399
2022-10-11 12:47:54,987 [EndpointStateMachine task thread for /0.0.0.0:33093 - 0 ] INFO  ratis.XceiverServerRatis (XceiverServerRatis.java:start(481)) - Starting XceiverServerRatis 9db450c2-c065-4fcc-a5b2-7f05d2839b90
2022-10-11 12:47:54,988 [EndpointStateMachine task thread for /0.0.0.0:33093 - 0 ] INFO  server.RaftServer (RaftServerProxy.java:lambda$start$6(382)) - 9db450c2-c065-4fcc-a5b2-7f05d2839b90: start RPC server
2022-10-11 12:47:54,993 [EndpointStateMachine task thread for /0.0.0.0:33093 - 0 ] INFO  server.GrpcService (GrpcService.java:startImpl(260)) - 9db450c2-c065-4fcc-a5b2-7f05d2839b90: GrpcService started, listening on 45715
2022-10-11 12:47:54,993 [EndpointStateMachine task thread for /0.0.0.0:33093 - 0 ] INFO  ratis.XceiverServerRatis (XceiverServerRatis.java:getRealPort(502)) - XceiverServerRatis 9db450c2-c065-4fcc-a5b2-7f05d2839b90 is started using port 45715 for RATIS
2022-10-11 12:47:54,993 [org.apache.ratis.util.JvmPauseMonitor$$Lambda$703/795293305@635f2c8b] INFO  util.JvmPauseMonitor (JvmPauseMonitor.java:run(103)) - JvmPauseMonitor-9db450c2-c065-4fcc-a5b2-7f05d2839b90: Started
2022-10-11 12:47:54,994 [EndpointStateMachine task thread for /0.0.0.0:33093 - 0 ] INFO  ratis.XceiverServerRatis (XceiverServerRatis.java:getRealPort(502)) - XceiverServerRatis 9db450c2-c065-4fcc-a5b2-7f05d2839b90 is started using port 45715 for RATIS_ADMIN
2022-10-11 12:47:54,994 [EndpointStateMachine task thread for /0.0.0.0:33093 - 0 ] INFO  ratis.XceiverServerRatis (XceiverServerRatis.java:getRealPort(502)) - XceiverServerRatis 9db450c2-c065-4fcc-a5b2-7f05d2839b90 is started using port 45715 for RATIS_SERVER
2022-10-11 12:47:55,000 [EndpointStateMachine task thread for /0.0.0.0:33093 - 0 ] INFO  server.XceiverServerGrpc (XceiverServerGrpc.java:start(180)) - XceiverServerGrpc 9db450c2-c065-4fcc-a5b2-7f05d2839b90 is started using port 39615
2022-10-11 12:47:55,555 [EndpointStateMachine task thread for /0.0.0.0:33093 - 0 ] INFO  volume.HddsVolume (HddsVolume.java:createDbStore(307)) - SchemaV3 db is created and loaded at /home/runner/work/ozone/ozone/hadoop-ozone/integration-test/target/test-dir/MiniOzoneClusterImpl-5a0413bf-988c-4d76-bc8c-b64486c0eb5e/datanode-1/data-0/containers/hdds/5a0413bf-988c-4d76-bc8c-b64486c0eb5e/DS-bf5d92bb-8017-4767-b701-d58f07722d4b/container.db for volume DS-bf5d92bb-8017-4767-b701-d58f07722d4b
2022-10-11 12:47:55,556 [EndpointStateMachine task thread for /0.0.0.0:33093 - 0 ] INFO  volume.HddsVolume (HddsVolume.java:closeDbStore(338)) - SchemaV3 db is stopped at /home/runner/work/ozone/ozone/hadoop-ozone/integration-test/target/test-dir/MiniOzoneClusterImpl-5a0413bf-988c-4d76-bc8c-b64486c0eb5e/datanode-1/data-0/containers/hdds/5a0413bf-988c-4d76-bc8c-b64486c0eb5e/DS-bf5d92bb-8017-4767-b701-d58f07722d4b/container.db for volume DS-bf5d92bb-8017-4767-b701-d58f07722d4b
2022-10-11 12:47:55,556 [EndpointStateMachine task thread for /0.0.0.0:33093 - 0 ] INFO  ozoneimpl.OzoneContainer (OzoneContainer.java:start(378)) - Attempting to start container services.
2022-10-11 12:47:55,556 [EndpointStateMachine task thread for /0.0.0.0:33093 - 0 ] INFO  ozoneimpl.OzoneContainer (OzoneContainer.java:startContainerScrub(313)) - Background container scanner has been disabled.
2022-10-11 12:47:55,558 [EndpointStateMachine task thread for /0.0.0.0:33093 - 0 ] INFO  replication.ReplicationServer (ReplicationServer.java:start(111)) - ReplicationServer is started using port 43823
2022-10-11 12:47:55,559 [EndpointStateMachine task thread for /0.0.0.0:33093 - 0 ] INFO  ratis.XceiverServerRatis (XceiverServerRatis.java:start(481)) - Starting XceiverServerRatis 0b6ae373-df17-43b9-8f38-34bc24a5586b
2022-10-11 12:47:55,561 [EndpointStateMachine task thread for /0.0.0.0:33093 - 0 ] INFO  server.RaftServer (RaftServerProxy.java:lambda$start$6(382)) - 0b6ae373-df17-43b9-8f38-34bc24a5586b: start RPC server
2022-10-11 12:47:55,562 [EndpointStateMachine task thread for /0.0.0.0:33093 - 0 ] INFO  server.GrpcService (GrpcService.java:startImpl(260)) - 0b6ae373-df17-43b9-8f38-34bc24a5586b: GrpcService started, listening on 34467
2022-10-11 12:47:55,562 [EndpointStateMachine task thread for /0.0.0.0:33093 - 0 ] INFO  ratis.XceiverServerRatis (XceiverServerRatis.java:getRealPort(502)) - XceiverServerRatis 0b6ae373-df17-43b9-8f38-34bc24a5586b is started using port 34467 for RATIS
2022-10-11 12:47:55,562 [org.apache.ratis.util.JvmPauseMonitor$$Lambda$703/795293305@6afee9fd] INFO  util.JvmPauseMonitor (JvmPauseMonitor.java:run(103)) - JvmPauseMonitor-0b6ae373-df17-43b9-8f38-34bc24a5586b: Started
2022-10-11 12:47:55,563 [EndpointStateMachine task thread for /0.0.0.0:33093 - 0 ] INFO  ratis.XceiverServerRatis (XceiverServerRatis.java:getRealPort(502)) - XceiverServerRatis 0b6ae373-df17-43b9-8f38-34bc24a5586b is started using port 34467 for RATIS_ADMIN
2022-10-11 12:47:55,563 [EndpointStateMachine task thread for /0.0.0.0:33093 - 0 ] INFO  ratis.XceiverServerRatis (XceiverServerRatis.java:getRealPort(502)) - XceiverServerRatis 0b6ae373-df17-43b9-8f38-34bc24a5586b is started using port 34467 for RATIS_SERVER
2022-10-11 12:47:55,565 [EndpointStateMachine task thread for /0.0.0.0:33093 - 0 ] INFO  server.XceiverServerGrpc (XceiverServerGrpc.java:start(180)) - XceiverServerGrpc 0b6ae373-df17-43b9-8f38-34bc24a5586b is started using port 44477
2022-10-11 12:47:55,908 [Listener at 127.0.0.1/38717] INFO  ozone.MiniOzoneClusterImpl (MiniOzoneClusterImpl.java:lambda$waitForClusterToBeReady$0(216)) - Waiting for nodes to be ready. Got 0 of 3 DN Heartbeats.
2022-10-11 12:47:55,909 [Listener at 127.0.0.1/38717] INFO  ozone.MiniOzoneClusterImpl (MiniOzoneClusterImpl.java:lambda$waitForClusterToBeReady$0(219)) - Waiting for cluster to exit safe mode
2022-10-11 12:47:55,909 [Listener at 127.0.0.1/38717] INFO  ozone.MiniOzoneClusterImpl (MiniOzoneClusterImpl.java:lambda$waitForClusterToBeReady$0(221)) - SCM became leader
2022-10-11 12:47:55,960 [EndpointStateMachine task thread for /0.0.0.0:33093 - 0 ] INFO  volume.HddsVolume (HddsVolume.java:createDbStore(307)) - SchemaV3 db is created and loaded at /home/runner/work/ozone/ozone/hadoop-ozone/integration-test/target/test-dir/MiniOzoneClusterImpl-5a0413bf-988c-4d76-bc8c-b64486c0eb5e/datanode-2/data-0/containers/hdds/5a0413bf-988c-4d76-bc8c-b64486c0eb5e/DS-4e0facf8-ee91-4e4e-a501-a3f0555261e8/container.db for volume DS-4e0facf8-ee91-4e4e-a501-a3f0555261e8
2022-10-11 12:47:55,961 [EndpointStateMachine task thread for /0.0.0.0:33093 - 0 ] INFO  volume.HddsVolume (HddsVolume.java:closeDbStore(338)) - SchemaV3 db is stopped at /home/runner/work/ozone/ozone/hadoop-ozone/integration-test/target/test-dir/MiniOzoneClusterImpl-5a0413bf-988c-4d76-bc8c-b64486c0eb5e/datanode-2/data-0/containers/hdds/5a0413bf-988c-4d76-bc8c-b64486c0eb5e/DS-4e0facf8-ee91-4e4e-a501-a3f0555261e8/container.db for volume DS-4e0facf8-ee91-4e4e-a501-a3f0555261e8
2022-10-11 12:47:55,961 [EndpointStateMachine task thread for /0.0.0.0:33093 - 0 ] INFO  ozoneimpl.OzoneContainer (OzoneContainer.java:start(378)) - Attempting to start container services.
2022-10-11 12:47:55,961 [EndpointStateMachine task thread for /0.0.0.0:33093 - 0 ] INFO  ozoneimpl.OzoneContainer (OzoneContainer.java:startContainerScrub(313)) - Background container scanner has been disabled.
2022-10-11 12:47:55,963 [EndpointStateMachine task thread for /0.0.0.0:33093 - 0 ] INFO  replication.ReplicationServer (ReplicationServer.java:start(111)) - ReplicationServer is started using port 36585
2022-10-11 12:47:55,963 [EndpointStateMachine task thread for /0.0.0.0:33093 - 0 ] INFO  ratis.XceiverServerRatis (XceiverServerRatis.java:start(481)) - Starting XceiverServerRatis d9bae50b-7f91-4fa0-a494-505c1b3af8a6
2022-10-11 12:47:55,964 [EndpointStateMachine task thread for /0.0.0.0:33093 - 0 ] INFO  server.RaftServer (RaftServerProxy.java:lambda$start$6(382)) - d9bae50b-7f91-4fa0-a494-505c1b3af8a6: start RPC server
2022-10-11 12:47:55,975 [EndpointStateMachine task thread for /0.0.0.0:33093 - 0 ] INFO  server.GrpcService (GrpcService.java:startImpl(260)) - d9bae50b-7f91-4fa0-a494-505c1b3af8a6: GrpcService started, listening on 36785
2022-10-11 12:47:55,976 [EndpointStateMachine task thread for /0.0.0.0:33093 - 0 ] INFO  ratis.XceiverServerRatis (XceiverServerRatis.java:getRealPort(502)) - XceiverServerRatis d9bae50b-7f91-4fa0-a494-505c1b3af8a6 is started using port 36785 for RATIS
2022-10-11 12:47:55,976 [EndpointStateMachine task thread for /0.0.0.0:33093 - 0 ] INFO  ratis.XceiverServerRatis (XceiverServerRatis.java:getRealPort(502)) - XceiverServerRatis d9bae50b-7f91-4fa0-a494-505c1b3af8a6 is started using port 36785 for RATIS_ADMIN
2022-10-11 12:47:55,976 [EndpointStateMachine task thread for /0.0.0.0:33093 - 0 ] INFO  ratis.XceiverServerRatis (XceiverServerRatis.java:getRealPort(502)) - XceiverServerRatis d9bae50b-7f91-4fa0-a494-505c1b3af8a6 is started using port 36785 for RATIS_SERVER
2022-10-11 12:47:55,976 [org.apache.ratis.util.JvmPauseMonitor$$Lambda$703/795293305@29b25216] INFO  util.JvmPauseMonitor (JvmPauseMonitor.java:run(103)) - JvmPauseMonitor-d9bae50b-7f91-4fa0-a494-505c1b3af8a6: Started
2022-10-11 12:47:55,979 [EndpointStateMachine task thread for /0.0.0.0:33093 - 0 ] INFO  server.XceiverServerGrpc (XceiverServerGrpc.java:start(180)) - XceiverServerGrpc d9bae50b-7f91-4fa0-a494-505c1b3af8a6 is started using port 38633
2022-10-11 12:47:56,885 [IPC Server handler 2 on default port 33093] INFO  net.NetworkTopologyImpl (NetworkTopologyImpl.java:add(112)) - Added a new node: /default-rack/9db450c2-c065-4fcc-a5b2-7f05d2839b90
2022-10-11 12:47:56,887 [IPC Server handler 2 on default port 33093] INFO  node.SCMNodeManager (SCMNodeManager.java:register(397)) - Registered Data node : 9db450c2-c065-4fcc-a5b2-7f05d2839b90{ip: 10.1.1.98, host: fv-az570-546.srgqcr2moziuvm0qev4lajleyh.dx.internal.cloudapp.net, ports: [REPLICATION=39399, RATIS=45715, RATIS_ADMIN=45715, RATIS_SERVER=45715, STANDALONE=39615], networkLocation: /default-rack, certSerialId: null, persistedOpState: null, persistedOpStateExpiryEpochSec: 0}
2022-10-11 12:47:56,892 [EventQueue-NewNodeForNewNodeHandler] INFO  pipeline.BackgroundPipelineCreator (BackgroundPipelineCreator.java:notifyEventTriggered(276)) - trigger a one-shot run on RatisPipelineUtilsThread.
2022-10-11 12:47:56,893 [EventQueue-NodeRegistrationContainerReportForDataNodeSafeModeRule] INFO  safemode.SCMSafeModeManager (DataNodeSafeModeRule.java:process(71)) - SCM in safe mode. 1 DataNodes registered, 3 required.
2022-10-11 12:47:56,892 [EventQueue-NodeRegistrationContainerReportForContainerSafeModeRule] INFO  safemode.SCMSafeModeManager (SCMSafeModeManager.java:validateSafeModeExitRules(204)) - ContainerSafeModeRule rule is successfully validated
2022-10-11 12:47:56,894 [EventQueue-PipelineReportForOneReplicaPipelineSafeModeRule] INFO  safemode.SCMSafeModeManager (SCMSafeModeManager.java:validateSafeModeExitRules(204)) - AtleastOneDatanodeReportedRule rule is successfully validated
2022-10-11 12:47:56,909 [Listener at 127.0.0.1/38717] INFO  ozone.MiniOzoneClusterImpl (MiniOzoneClusterImpl.java:lambda$waitForClusterToBeReady$0(216)) - Waiting for nodes to be ready. Got 1 of 3 DN Heartbeats.
2022-10-11 12:47:56,909 [Listener at 127.0.0.1/38717] INFO  ozone.MiniOzoneClusterImpl (MiniOzoneClusterImpl.java:lambda$waitForClusterToBeReady$0(219)) - Waiting for cluster to exit safe mode
2022-10-11 12:47:56,909 [Listener at 127.0.0.1/38717] INFO  ozone.MiniOzoneClusterImpl (MiniOzoneClusterImpl.java:lambda$waitForClusterToBeReady$0(221)) - SCM became leader
2022-10-11 12:47:57,518 [IPC Server handler 0 on default port 33093] INFO  net.NetworkTopologyImpl (NetworkTopologyImpl.java:add(112)) - Added a new node: /default-rack/0b6ae373-df17-43b9-8f38-34bc24a5586b
2022-10-11 12:47:57,519 [IPC Server handler 0 on default port 33093] INFO  node.SCMNodeManager (SCMNodeManager.java:register(397)) - Registered Data node : 0b6ae373-df17-43b9-8f38-34bc24a5586b{ip: 10.1.1.98, host: fv-az570-546.srgqcr2moziuvm0qev4lajleyh.dx.internal.cloudapp.net, ports: [REPLICATION=43823, RATIS=34467, RATIS_ADMIN=34467, RATIS_SERVER=34467, STANDALONE=44477], networkLocation: /default-rack, certSerialId: null, persistedOpState: null, persistedOpStateExpiryEpochSec: 0}
2022-10-11 12:47:57,519 [EventQueue-NewNodeForNewNodeHandler] INFO  pipeline.BackgroundPipelineCreator (BackgroundPipelineCreator.java:notifyEventTriggered(276)) - trigger a one-shot run on RatisPipelineUtilsThread.
2022-10-11 12:47:57,519 [EventQueue-NodeRegistrationContainerReportForDataNodeSafeModeRule] INFO  safemode.SCMSafeModeManager (DataNodeSafeModeRule.java:process(71)) - SCM in safe mode. 2 DataNodes registered, 3 required.
2022-10-11 12:47:57,910 [Listener at 127.0.0.1/38717] INFO  ozone.MiniOzoneClusterImpl (MiniOzoneClusterImpl.java:lambda$waitForClusterToBeReady$0(216)) - Waiting for nodes to be ready. Got 2 of 3 DN Heartbeats.
2022-10-11 12:47:57,910 [Listener at 127.0.0.1/38717] INFO  ozone.MiniOzoneClusterImpl (MiniOzoneClusterImpl.java:lambda$waitForClusterToBeReady$0(219)) - Waiting for cluster to exit safe mode
2022-10-11 12:47:57,910 [Listener at 127.0.0.1/38717] INFO  ozone.MiniOzoneClusterImpl (MiniOzoneClusterImpl.java:lambda$waitForClusterToBeReady$0(221)) - SCM became leader
2022-10-11 12:47:57,924 [IPC Server handler 1 on default port 33093] INFO  net.NetworkTopologyImpl (NetworkTopologyImpl.java:add(112)) - Added a new node: /default-rack/d9bae50b-7f91-4fa0-a494-505c1b3af8a6
2022-10-11 12:47:57,924 [IPC Server handler 1 on default port 33093] INFO  node.SCMNodeManager (SCMNodeManager.java:register(397)) - Registered Data node : d9bae50b-7f91-4fa0-a494-505c1b3af8a6{ip: 10.1.1.98, host: fv-az570-546.srgqcr2moziuvm0qev4lajleyh.dx.internal.cloudapp.net, ports: [REPLICATION=36585, RATIS=36785, RATIS_ADMIN=36785, RATIS_SERVER=36785, STANDALONE=38633], networkLocation: /default-rack, certSerialId: null, persistedOpState: null, persistedOpStateExpiryEpochSec: 0}
2022-10-11 12:47:57,924 [EventQueue-NewNodeForNewNodeHandler] INFO  pipeline.BackgroundPipelineCreator (BackgroundPipelineCreator.java:notifyEventTriggered(276)) - trigger a one-shot run on RatisPipelineUtilsThread.
2022-10-11 12:47:57,928 [EventQueue-NodeRegistrationContainerReportForDataNodeSafeModeRule] INFO  safemode.SCMSafeModeManager (DataNodeSafeModeRule.java:process(71)) - SCM in safe mode. 3 DataNodes registered, 3 required.
2022-10-11 12:47:57,928 [EventQueue-NodeRegistrationContainerReportForDataNodeSafeModeRule] INFO  safemode.SCMSafeModeManager (SCMSafeModeManager.java:validateSafeModeExitRules(204)) - DataNodeSafeModeRule rule is successfully validated
2022-10-11 12:47:57,928 [EventQueue-NodeRegistrationContainerReportForDataNodeSafeModeRule] INFO  safemode.SCMSafeModeManager (SCMSafeModeManager.java:completePreCheck(233)) - All SCM safe mode pre check rules have passed
2022-10-11 12:47:57,928 [EventQueue-NodeRegistrationContainerReportForDataNodeSafeModeRule] WARN  events.EventQueue (EventQueue.java:fireEvent(216)) - No event handler registered for event TypedEvent{payloadType=SafeModeStatus, name='Safe mode status'}
2022-10-11 12:47:57,928 [EventQueue-NodeRegistrationContainerReportForDataNodeSafeModeRule] INFO  ha.SCMContext (SCMContext.java:updateSafeModeStatus(228)) - Update SafeModeStatus from SafeModeStatus{safeModeStatus=true, preCheckPassed=false} to SafeModeStatus{safeModeStatus=true, preCheckPassed=true}.
2022-10-11 12:47:57,928 [EventQueue-NodeRegistrationContainerReportForDataNodeSafeModeRule] INFO  pipeline.BackgroundPipelineCreator (BackgroundPipelineCreator.java:notifyEventTriggered(276)) - trigger a one-shot run on RatisPipelineUtilsThread.
2022-10-11 12:47:57,939 [RatisPipelineUtilsThread - 0] INFO  pipeline.RatisPipelineProvider (RatisPipelineProvider.java:lambda$create$0(195)) - Sending CreatePipelineCommand for pipeline:PipelineID=5d832645-cbd1-4476-91c5-f98106d389a8 to datanode:d9bae50b-7f91-4fa0-a494-505c1b3af8a6
2022-10-11 12:47:57,939 [RatisPipelineUtilsThread - 0] INFO  pipeline.RatisPipelineProvider (RatisPipelineProvider.java:lambda$create$0(195)) - Sending CreatePipelineCommand for pipeline:PipelineID=5d832645-cbd1-4476-91c5-f98106d389a8 to datanode:9db450c2-c065-4fcc-a5b2-7f05d2839b90
2022-10-11 12:47:57,939 [RatisPipelineUtilsThread - 0] INFO  pipeline.RatisPipelineProvider (RatisPipelineProvider.java:lambda$create$0(195)) - Sending CreatePipelineCommand for pipeline:PipelineID=5d832645-cbd1-4476-91c5-f98106d389a8 to datanode:0b6ae373-df17-43b9-8f38-34bc24a5586b
2022-10-11 12:47:57,956 [RatisPipelineUtilsThread - 0] INFO  pipeline.PipelineStateManagerImpl (PipelineStateManagerImpl.java:addPipeline(103)) - Created pipeline Pipeline[ Id: 5d832645-cbd1-4476-91c5-f98106d389a8, Nodes: d9bae50b-7f91-4fa0-a494-505c1b3af8a6{ip: 10.1.1.98, host: fv-az570-546.srgqcr2moziuvm0qev4lajleyh.dx.internal.cloudapp.net, ports: [REPLICATION=36585, RATIS=36785, RATIS_ADMIN=36785, RATIS_SERVER=36785, STANDALONE=38633], networkLocation: /default-rack, certSerialId: null, persistedOpState: IN_SERVICE, persistedOpStateExpiryEpochSec: 0}9db450c2-c065-4fcc-a5b2-7f05d2839b90{ip: 10.1.1.98, host: fv-az570-546.srgqcr2moziuvm0qev4lajleyh.dx.internal.cloudapp.net, ports: [REPLICATION=39399, RATIS=45715, RATIS_ADMIN=45715, RATIS_SERVER=45715, STANDALONE=39615], networkLocation: /default-rack, certSerialId: null, persistedOpState: IN_SERVICE, persistedOpStateExpiryEpochSec: 0}0b6ae373-df17-43b9-8f38-34bc24a5586b{ip: 10.1.1.98, host: fv-az570-546.srgqcr2moziuvm0qev4lajleyh.dx.internal.cloudapp.net, ports: [REPLICATION=43823, RATIS=34467, RATIS_ADMIN=34467, RATIS_SERVER=34467, STANDALONE=44477], networkLocation: /default-rack, certSerialId: null, persistedOpState: IN_SERVICE, persistedOpStateExpiryEpochSec: 0}, ReplicationConfig: RATIS/THREE, State:ALLOCATED, leaderId:, CreationTimestamp2022-10-11T12:47:57.937Z[Etc/UTC]].
2022-10-11 12:47:58,911 [Listener at 127.0.0.1/38717] INFO  ozone.MiniOzoneClusterImpl (MiniOzoneClusterImpl.java:lambda$waitForClusterToBeReady$0(216)) - Nodes are ready. Got 3 of 3 DN Heartbeats.
2022-10-11 12:47:58,911 [Listener at 127.0.0.1/38717] INFO  ozone.MiniOzoneClusterImpl (MiniOzoneClusterImpl.java:lambda$waitForClusterToBeReady$0(219)) - Waiting for cluster to exit safe mode
2022-10-11 12:47:58,911 [Listener at 127.0.0.1/38717] INFO  ozone.MiniOzoneClusterImpl (MiniOzoneClusterImpl.java:lambda$waitForClusterToBeReady$0(221)) - SCM became leader
2022-10-11 12:47:59,888 [Command processor thread] INFO  server.RaftServer (RaftServerProxy.java:addNew(96)) - 9db450c2-c065-4fcc-a5b2-7f05d2839b90: addNew group-F98106D389A8:[0b6ae373-df17-43b9-8f38-34bc24a5586b|rpc:10.1.1.98:34467|priority:0, d9bae50b-7f91-4fa0-a494-505c1b3af8a6|rpc:10.1.1.98:36785|priority:1, 9db450c2-c065-4fcc-a5b2-7f05d2839b90|rpc:10.1.1.98:45715|priority:0] returns group-F98106D389A8:java.util.concurrent.CompletableFuture@2d18bc64[Not completed]
2022-10-11 12:47:59,910 [pool-72-thread-1] INFO  server.RaftServer$Division (RaftServerImpl.java:<init>(190)) - 9db450c2-c065-4fcc-a5b2-7f05d2839b90: new RaftServerImpl for group-F98106D389A8:[0b6ae373-df17-43b9-8f38-34bc24a5586b|rpc:10.1.1.98:34467|priority:0, d9bae50b-7f91-4fa0-a494-505c1b3af8a6|rpc:10.1.1.98:36785|priority:1, 9db450c2-c065-4fcc-a5b2-7f05d2839b90|rpc:10.1.1.98:45715|priority:0] with ContainerStateMachine:uninitialized
2022-10-11 12:47:59,910 [pool-72-thread-1] INFO  server.RaftServerConfigKeys (ConfUtils.java:logGet(46)) - raft.server.rpc.timeout.min = 5s (custom)
2022-10-11 12:47:59,910 [pool-72-thread-1] INFO  server.RaftServerConfigKeys (ConfUtils.java:logGet(46)) - raft.server.rpc.timeout.max = 5200ms (custom)
2022-10-11 12:47:59,910 [pool-72-thread-1] INFO  server.RaftServerConfigKeys (ConfUtils.java:logGet(46)) - raft.server.rpc.sleep.time = 25ms (default)
2022-10-11 12:47:59,910 [pool-72-thread-1] INFO  server.RaftServerConfigKeys (ConfUtils.java:logGet(46)) - raft.server.rpc.slowness.timeout = 300s (custom)
2022-10-11 12:47:59,910 [pool-72-thread-1] INFO  server.RaftServerConfigKeys (ConfUtils.java:logGet(46)) - raft.server.leaderelection.leader.step-down.wait-time = 10s (default)
2022-10-11 12:47:59,910 [pool-72-thread-1] INFO  server.RaftServerConfigKeys (ConfUtils.java:logGet(46)) - raft.server.sleep.deviation.threshold = 300ms (default)
2022-10-11 12:47:59,910 [pool-72-thread-1] INFO  server.RaftServer$Division (ServerState.java:<init>(107)) - 9db450c2-c065-4fcc-a5b2-7f05d2839b90@group-F98106D389A8: ConfigurationManager, init=-1: [0b6ae373-df17-43b9-8f38-34bc24a5586b|rpc:10.1.1.98:34467|priority:0, d9bae50b-7f91-4fa0-a494-505c1b3af8a6|rpc:10.1.1.98:36785|priority:1, 9db450c2-c065-4fcc-a5b2-7f05d2839b90|rpc:10.1.1.98:45715|priority:0], old=null, confs=<EMPTY_MAP>
2022-10-11 12:47:59,911 [pool-72-thread-1] INFO  server.RaftServerConfigKeys (ConfUtils.java:logGet(46)) - raft.server.storage.dir = [/home/runner/work/ozone/ozone/hadoop-ozone/integration-test/target/test-dir/MiniOzoneClusterImpl-5a0413bf-988c-4d76-bc8c-b64486c0eb5e/datanode-0/data/ratis] (custom)
2022-10-11 12:47:59,911 [pool-72-thread-1] INFO  server.RaftServerConfigKeys (ConfUtils.java:logGet(46)) - raft.server.log.corruption.policy = EXCEPTION (default)
2022-10-11 12:47:59,911 [pool-72-thread-1] INFO  server.RaftServerConfigKeys (ConfUtils.java:logGet(46)) - raft.server.storage.free-space.min = 0MB (=0) (default)
2022-10-11 12:47:59,912 [Listener at 127.0.0.1/38717] INFO  ozone.MiniOzoneClusterImpl (MiniOzoneClusterImpl.java:lambda$waitForClusterToBeReady$0(216)) - Nodes are ready. Got 3 of 3 DN Heartbeats.
2022-10-11 12:47:59,912 [Listener at 127.0.0.1/38717] INFO  ozone.MiniOzoneClusterImpl (MiniOzoneClusterImpl.java:lambda$waitForClusterToBeReady$0(219)) - Waiting for cluster to exit safe mode
2022-10-11 12:47:59,912 [Listener at 127.0.0.1/38717] INFO  ozone.MiniOzoneClusterImpl (MiniOzoneClusterImpl.java:lambda$waitForClusterToBeReady$0(221)) - SCM became leader
2022-10-11 12:47:59,911 [pool-72-thread-1] INFO  storage.RaftStorageDirectory (RaftStorageDirectoryImpl.java:analyzeStorage(135)) - The storage directory /home/runner/work/ozone/ozone/hadoop-ozone/integration-test/target/test-dir/MiniOzoneClusterImpl-5a0413bf-988c-4d76-bc8c-b64486c0eb5e/datanode-0/data/ratis/5d832645-cbd1-4476-91c5-f98106d389a8 does not exist. Creating ...
2022-10-11 12:47:59,919 [pool-72-thread-1] INFO  storage.RaftStorageDirectory (RaftStorageDirectoryImpl.java:tryLock(230)) - Lock on /home/runner/work/ozone/ozone/hadoop-ozone/integration-test/target/test-dir/MiniOzoneClusterImpl-5a0413bf-988c-4d76-bc8c-b64486c0eb5e/datanode-0/data/ratis/5d832645-cbd1-4476-91c5-f98106d389a8/in_use.lock acquired by nodename 36499@fv-az570-546
2022-10-11 12:47:59,922 [pool-72-thread-1] INFO  storage.RaftStorage (RaftStorageImpl.java:format(89)) - Storage directory /home/runner/work/ozone/ozone/hadoop-ozone/integration-test/target/test-dir/MiniOzoneClusterImpl-5a0413bf-988c-4d76-bc8c-b64486c0eb5e/datanode-0/data/ratis/5d832645-cbd1-4476-91c5-f98106d389a8 has been successfully formatted.
2022-10-11 12:47:59,927 [pool-72-thread-1] INFO  ratis.ContainerStateMachine (ContainerStateMachine.java:loadSnapshot(236)) - group-F98106D389A8: The snapshot info is null. Setting the last applied indexto:(t:0, i:~)
2022-10-11 12:47:59,927 [pool-72-thread-1] INFO  server.RaftServerConfigKeys (ConfUtils.java:logGet(46)) - raft.server.notification.no-leader.timeout = 300s (custom)
2022-10-11 12:47:59,927 [pool-72-thread-1] INFO  server.RaftServerConfigKeys (ConfUtils.java:logGet(46)) - raft.server.log.use.memory = false (default)
2022-10-11 12:47:59,927 [pool-72-thread-1] INFO  server.RaftServerConfigKeys (ConfUtils.java:logGet(46)) - raft.server.log.purge.gap = 1000000 (custom)
2022-10-11 12:47:59,928 [pool-72-thread-1] INFO  server.RaftServerConfigKeys (ConfUtils.java:logGet(46)) - raft.server.log.appender.buffer.byte-limit = 33554432 (custom)
2022-10-11 12:47:59,928 [pool-72-thread-1] INFO  server.RaftServerConfigKeys (ConfUtils.java:logGet(46)) - raft.server.log.statemachine.data.read.timeout = 1000ms (default)
2022-10-11 12:47:59,928 [pool-72-thread-1] INFO  server.RaftServerConfigKeys (ConfUtils.java:logGet(46)) - raft.server.log.segment.size.max = 1048576 (custom)
2022-10-11 12:47:59,930 [pool-72-thread-1] INFO  server.RaftServerConfigKeys (ConfUtils.java:logGet(46)) - raft.server.log.segment.cache.num.max = 2 (custom)
2022-10-11 12:47:59,930 [pool-72-thread-1] INFO  server.RaftServerConfigKeys (ConfUtils.java:logGet(46)) - raft.server.log.segment.cache.size.max = 200MB (=209715200) (default)
2022-10-11 12:47:59,930 [pool-72-thread-1] INFO  segmented.SegmentedRaftLogWorker (SegmentedRaftLogWorker.java:<init>(187)) - new 9db450c2-c065-4fcc-a5b2-7f05d2839b90@group-F98106D389A8-SegmentedRaftLogWorker for RaftStorageImpl:Storage Directory /home/runner/work/ozone/ozone/hadoop-ozone/integration-test/target/test-dir/MiniOzoneClusterImpl-5a0413bf-988c-4d76-bc8c-b64486c0eb5e/datanode-0/data/ratis/5d832645-cbd1-4476-91c5-f98106d389a8
2022-10-11 12:47:59,930 [pool-72-thread-1] INFO  server.RaftServerConfigKeys (ConfUtils.java:logGet(46)) - raft.server.log.queue.byte-limit = 4294967296 (custom)
2022-10-11 12:47:59,930 [pool-72-thread-1] INFO  server.RaftServerConfigKeys (ConfUtils.java:logGet(46)) - raft.server.log.queue.element-limit = 1024 (custom)
2022-10-11 12:47:59,930 [pool-72-thread-1] INFO  server.RaftServerConfigKeys (ConfUtils.java:logGet(46)) - raft.server.log.segment.size.max = 1048576 (custom)
2022-10-11 12:47:59,930 [pool-72-thread-1] INFO  server.RaftServerConfigKeys (ConfUtils.java:logGet(46)) - raft.server.log.preallocated.size = 16384 (custom)
2022-10-11 12:47:59,930 [pool-72-thread-1] INFO  server.RaftServerConfigKeys (ConfUtils.java:logGet(46)) - raft.server.log.force.sync.num = 128 (default)
2022-10-11 12:47:59,930 [pool-72-thread-1] INFO  server.RaftServerConfigKeys (ConfUtils.java:logGet(46)) - raft.server.log.statemachine.data.sync = true (default)
2022-10-11 12:47:59,930 [pool-72-thread-1] INFO  server.RaftServerConfigKeys (ConfUtils.java:logGet(46)) - raft.server.log.statemachine.data.sync.timeout = 10s (default)
2022-10-11 12:47:59,930 [pool-72-thread-1] INFO  server.RaftServerConfigKeys (ConfUtils.java:logGet(46)) - raft.server.log.statemachine.data.sync.timeout.retry = -1 (default)
2022-10-11 12:47:59,932 [pool-72-thread-1] INFO  server.RaftServerConfigKeys (ConfUtils.java:logGet(46)) - raft.server.log.write.buffer.size = 1048576 (custom)
2022-10-11 12:47:59,933 [pool-72-thread-1] INFO  server.RaftServerConfigKeys (ConfUtils.java:logGet(46)) - raft.server.log.unsafe-flush.enabled = false (default)
2022-10-11 12:47:59,933 [pool-72-thread-1] INFO  server.RaftServerConfigKeys (ConfUtils.java:logGet(46)) - raft.server.log.statemachine.data.caching.enabled = true (custom)
2022-10-11 12:47:59,933 [pool-72-thread-1] INFO  segmented.SegmentedRaftLogWorker (SegmentedRaftLogWorker.java:lambda$new$0(135)) - 9db450c2-c065-4fcc-a5b2-7f05d2839b90@group-F98106D389A8-SegmentedRaftLogWorker: flushIndex: setUnconditionally 0 -> -1
2022-10-11 12:47:59,933 [pool-72-thread-1] INFO  segmented.SegmentedRaftLogWorker (SegmentedRaftLogWorker.java:lambda$new$0(135)) - 9db450c2-c065-4fcc-a5b2-7f05d2839b90@group-F98106D389A8-SegmentedRaftLogWorker: safeCacheEvictIndex: setUnconditionally 0 -> -1
2022-10-11 12:47:59,934 [pool-72-thread-1] INFO  server.RaftServerConfigKeys (ConfUtils.java:logGet(46)) - raft.server.snapshot.auto.trigger.enabled = true (custom)
2022-10-11 12:47:59,934 [pool-72-thread-1] INFO  server.RaftServerConfigKeys (ConfUtils.java:logGet(46)) - raft.server.snapshot.auto.trigger.threshold = 10000 (custom)
2022-10-11 12:47:59,934 [pool-72-thread-1] INFO  server.RaftServerConfigKeys (ConfUtils.java:logGet(46)) - raft.server.snapshot.retention.file.num = 5 (custom)
2022-10-11 12:47:59,934 [pool-72-thread-1] INFO  server.RaftServerConfigKeys (ConfUtils.java:logGet(46)) - raft.server.log.purge.upto.snapshot.index = false (default)
2022-10-11 12:47:59,934 [pool-72-thread-1] INFO  server.RaftServerConfigKeys (ConfUtils.java:logGet(46)) - raft.server.retrycache.expirytime = 600000ms (custom)
2022-10-11 12:47:59,934 [pool-72-thread-1] INFO  server.RaftServerConfigKeys (ConfUtils.java:logGet(46)) - raft.server.retrycache.statistics.expirytime = 100μs (default)
2022-10-11 12:47:59,936 [pool-72-thread-1] INFO  server.RaftServerConfigKeys (ConfUtils.java:logGet(46)) - raft.server.log.appender.install.snapshot.enabled = false (custom)
2022-10-11 12:47:59,936 [pool-72-thread-1] INFO  server.RaftServerConfigKeys (ConfUtils.java:logGet(46)) - raft.server.threadpool.server.cached = true (default)
2022-10-11 12:47:59,937 [pool-72-thread-1] INFO  server.RaftServerConfigKeys (ConfUtils.java:logGet(46)) - raft.server.threadpool.server.size = 0 (default)
2022-10-11 12:47:59,937 [pool-72-thread-1] INFO  server.RaftServerConfigKeys (ConfUtils.java:logGet(46)) - raft.server.threadpool.client.cached = true (default)
2022-10-11 12:47:59,937 [pool-72-thread-1] INFO  server.RaftServerConfigKeys (ConfUtils.java:logGet(46)) - raft.server.threadpool.client.size = 0 (default)
2022-10-11 12:47:59,937 [pool-72-thread-1] INFO  server.RaftServer$Division (RaftServerImpl.java:start(310)) - 9db450c2-c065-4fcc-a5b2-7f05d2839b90@group-F98106D389A8: start as a follower, conf=-1: [0b6ae373-df17-43b9-8f38-34bc24a5586b|rpc:10.1.1.98:34467|priority:0, d9bae50b-7f91-4fa0-a494-505c1b3af8a6|rpc:10.1.1.98:36785|priority:1, 9db450c2-c065-4fcc-a5b2-7f05d2839b90|rpc:10.1.1.98:45715|priority:0], old=null
2022-10-11 12:47:59,937 [pool-72-thread-1] INFO  server.RaftServer$Division (RaftServerImpl.java:setRole(299)) - 9db450c2-c065-4fcc-a5b2-7f05d2839b90@group-F98106D389A8: changes role from      null to FOLLOWER at term 0 for startAsFollower
2022-10-11 12:47:59,937 [pool-72-thread-1] INFO  impl.RoleInfo (RoleInfo.java:updateAndGet(139)) - 9db450c2-c065-4fcc-a5b2-7f05d2839b90: start 9db450c2-c065-4fcc-a5b2-7f05d2839b90@group-F98106D389A8-FollowerState
2022-10-11 12:47:59,946 [pool-72-thread-1] INFO  util.JmxRegister (JmxRegister.java:tryRegister(44)) - Successfully registered JMX Bean with object name Ratis:service=RaftServer,group=group-F98106D389A8,id=9db450c2-c065-4fcc-a5b2-7f05d2839b90
2022-10-11 12:47:59,958 [Command processor thread] INFO  ratis.XceiverServerRatis (XceiverServerRatis.java:addGroup(765)) - Created group PipelineID=5d832645-cbd1-4476-91c5-f98106d389a8
2022-10-11 12:48:00,519 [Command processor thread] INFO  server.RaftServer (RaftServerProxy.java:addNew(96)) - 0b6ae373-df17-43b9-8f38-34bc24a5586b: addNew group-F98106D389A8:[0b6ae373-df17-43b9-8f38-34bc24a5586b|rpc:10.1.1.98:34467|priority:0, d9bae50b-7f91-4fa0-a494-505c1b3af8a6|rpc:10.1.1.98:36785|priority:1, 9db450c2-c065-4fcc-a5b2-7f05d2839b90|rpc:10.1.1.98:45715|priority:0] returns group-F98106D389A8:java.util.concurrent.CompletableFuture@7c82260b[Not completed]
2022-10-11 12:48:00,525 [pool-95-thread-1] INFO  server.RaftServer$Division (RaftServerImpl.java:<init>(190)) - 0b6ae373-df17-43b9-8f38-34bc24a5586b: new RaftServerImpl for group-F98106D389A8:[0b6ae373-df17-43b9-8f38-34bc24a5586b|rpc:10.1.1.98:34467|priority:0, d9bae50b-7f91-4fa0-a494-505c1b3af8a6|rpc:10.1.1.98:36785|priority:1, 9db450c2-c065-4fcc-a5b2-7f05d2839b90|rpc:10.1.1.98:45715|priority:0] with ContainerStateMachine:uninitialized
2022-10-11 12:48:00,526 [pool-95-thread-1] INFO  server.RaftServerConfigKeys (ConfUtils.java:logGet(46)) - raft.server.rpc.timeout.min = 5s (custom)
2022-10-11 12:48:00,526 [pool-95-thread-1] INFO  server.RaftServerConfigKeys (ConfUtils.java:logGet(46)) - raft.server.rpc.timeout.max = 5200ms (custom)
2022-10-11 12:48:00,527 [pool-95-thread-1] INFO  server.RaftServerConfigKeys (ConfUtils.java:logGet(46)) - raft.server.rpc.sleep.time = 25ms (default)
2022-10-11 12:48:00,527 [pool-95-thread-1] INFO  server.RaftServerConfigKeys (ConfUtils.java:logGet(46)) - raft.server.rpc.slowness.timeout = 300s (custom)
2022-10-11 12:48:00,532 [pool-95-thread-1] INFO  server.RaftServerConfigKeys (ConfUtils.java:logGet(46)) - raft.server.leaderelection.leader.step-down.wait-time = 10s (default)
2022-10-11 12:48:00,532 [pool-95-thread-1] INFO  server.RaftServerConfigKeys (ConfUtils.java:logGet(46)) - raft.server.sleep.deviation.threshold = 300ms (default)
2022-10-11 12:48:00,532 [pool-95-thread-1] INFO  server.RaftServer$Division (ServerState.java:<init>(107)) - 0b6ae373-df17-43b9-8f38-34bc24a5586b@group-F98106D389A8: ConfigurationManager, init=-1: [0b6ae373-df17-43b9-8f38-34bc24a5586b|rpc:10.1.1.98:34467|priority:0, d9bae50b-7f91-4fa0-a494-505c1b3af8a6|rpc:10.1.1.98:36785|priority:1, 9db450c2-c065-4fcc-a5b2-7f05d2839b90|rpc:10.1.1.98:45715|priority:0], old=null, confs=<EMPTY_MAP>
2022-10-11 12:48:00,532 [pool-95-thread-1] INFO  server.RaftServerConfigKeys (ConfUtils.java:logGet(46)) - raft.server.storage.dir = [/home/runner/work/ozone/ozone/hadoop-ozone/integration-test/target/test-dir/MiniOzoneClusterImpl-5a0413bf-988c-4d76-bc8c-b64486c0eb5e/datanode-1/data/ratis] (custom)
2022-10-11 12:48:00,532 [pool-95-thread-1] INFO  server.RaftServerConfigKeys (ConfUtils.java:logGet(46)) - raft.server.log.corruption.policy = EXCEPTION (default)
2022-10-11 12:48:00,532 [pool-95-thread-1] INFO  server.RaftServerConfigKeys (ConfUtils.java:logGet(46)) - raft.server.storage.free-space.min = 0MB (=0) (default)
2022-10-11 12:48:00,533 [pool-95-thread-1] INFO  storage.RaftStorageDirectory (RaftStorageDirectoryImpl.java:analyzeStorage(135)) - The storage directory /home/runner/work/ozone/ozone/hadoop-ozone/integration-test/target/test-dir/MiniOzoneClusterImpl-5a0413bf-988c-4d76-bc8c-b64486c0eb5e/datanode-1/data/ratis/5d832645-cbd1-4476-91c5-f98106d389a8 does not exist. Creating ...
2022-10-11 12:48:00,534 [pool-95-thread-1] INFO  storage.RaftStorageDirectory (RaftStorageDirectoryImpl.java:tryLock(230)) - Lock on /home/runner/work/ozone/ozone/hadoop-ozone/integration-test/target/test-dir/MiniOzoneClusterImpl-5a0413bf-988c-4d76-bc8c-b64486c0eb5e/datanode-1/data/ratis/5d832645-cbd1-4476-91c5-f98106d389a8/in_use.lock acquired by nodename 36499@fv-az570-546
2022-10-11 12:48:00,536 [pool-95-thread-1] INFO  storage.RaftStorage (RaftStorageImpl.java:format(89)) - Storage directory /home/runner/work/ozone/ozone/hadoop-ozone/integration-test/target/test-dir/MiniOzoneClusterImpl-5a0413bf-988c-4d76-bc8c-b64486c0eb5e/datanode-1/data/ratis/5d832645-cbd1-4476-91c5-f98106d389a8 has been successfully formatted.
2022-10-11 12:48:00,537 [pool-95-thread-1] INFO  ratis.ContainerStateMachine (ContainerStateMachine.java:loadSnapshot(236)) - group-F98106D389A8: The snapshot info is null. Setting the last applied indexto:(t:0, i:~)
2022-10-11 12:48:00,538 [pool-95-thread-1] INFO  server.RaftServerConfigKeys (ConfUtils.java:logGet(46)) - raft.server.notification.no-leader.timeout = 300s (custom)
2022-10-11 12:48:00,547 [pool-95-thread-1] INFO  server.RaftServerConfigKeys (ConfUtils.java:logGet(46)) - raft.server.log.use.memory = false (default)
2022-10-11 12:48:00,547 [pool-95-thread-1] INFO  server.RaftServerConfigKeys (ConfUtils.java:logGet(46)) - raft.server.log.purge.gap = 1000000 (custom)
2022-10-11 12:48:00,548 [pool-95-thread-1] INFO  server.RaftServerConfigKeys (ConfUtils.java:logGet(46)) - raft.server.log.appender.buffer.byte-limit = 33554432 (custom)
2022-10-11 12:48:00,548 [pool-95-thread-1] INFO  server.RaftServerConfigKeys (ConfUtils.java:logGet(46)) - raft.server.log.statemachine.data.read.timeout = 1000ms (default)
2022-10-11 12:48:00,548 [pool-95-thread-1] INFO  server.RaftServerConfigKeys (ConfUtils.java:logGet(46)) - raft.server.log.segment.size.max = 1048576 (custom)
2022-10-11 12:48:00,549 [pool-95-thread-1] INFO  server.RaftServerConfigKeys (ConfUtils.java:logGet(46)) - raft.server.log.segment.cache.num.max = 2 (custom)
2022-10-11 12:48:00,549 [pool-95-thread-1] INFO  server.RaftServerConfigKeys (ConfUtils.java:logGet(46)) - raft.server.log.segment.cache.size.max = 200MB (=209715200) (default)
2022-10-11 12:48:00,549 [pool-95-thread-1] INFO  segmented.SegmentedRaftLogWorker (SegmentedRaftLogWorker.java:<init>(187)) - new 0b6ae373-df17-43b9-8f38-34bc24a5586b@group-F98106D389A8-SegmentedRaftLogWorker for RaftStorageImpl:Storage Directory /home/runner/work/ozone/ozone/hadoop-ozone/integration-test/target/test-dir/MiniOzoneClusterImpl-5a0413bf-988c-4d76-bc8c-b64486c0eb5e/datanode-1/data/ratis/5d832645-cbd1-4476-91c5-f98106d389a8
2022-10-11 12:48:00,549 [pool-95-thread-1] INFO  server.RaftServerConfigKeys (ConfUtils.java:logGet(46)) - raft.server.log.queue.byte-limit = 4294967296 (custom)
2022-10-11 12:48:00,549 [pool-95-thread-1] INFO  server.RaftServerConfigKeys (ConfUtils.java:logGet(46)) - raft.server.log.queue.element-limit = 1024 (custom)
2022-10-11 12:48:00,549 [pool-95-thread-1] INFO  server.RaftServerConfigKeys (ConfUtils.java:logGet(46)) - raft.server.log.segment.size.max = 1048576 (custom)
2022-10-11 12:48:00,549 [pool-95-thread-1] INFO  server.RaftServerConfigKeys (ConfUtils.java:logGet(46)) - raft.server.log.preallocated.size = 16384 (custom)
2022-10-11 12:48:00,549 [pool-95-thread-1] INFO  server.RaftServerConfigKeys (ConfUtils.java:logGet(46)) - raft.server.log.force.sync.num = 128 (default)
2022-10-11 12:48:00,549 [pool-95-thread-1] INFO  server.RaftServerConfigKeys (ConfUtils.java:logGet(46)) - raft.server.log.statemachine.data.sync = true (default)
2022-10-11 12:48:00,549 [pool-95-thread-1] INFO  server.RaftServerConfigKeys (ConfUtils.java:logGet(46)) - raft.server.log.statemachine.data.sync.timeout = 10s (default)
2022-10-11 12:48:00,550 [pool-95-thread-1] INFO  server.RaftServerConfigKeys (ConfUtils.java:logGet(46)) - raft.server.log.statemachine.data.sync.timeout.retry = -1 (default)
2022-10-11 12:48:00,551 [pool-95-thread-1] INFO  server.RaftServerConfigKeys (ConfUtils.java:logGet(46)) - raft.server.log.write.buffer.size = 1048576 (custom)
2022-10-11 12:48:00,556 [pool-95-thread-1] INFO  server.RaftServerConfigKeys (ConfUtils.java:logGet(46)) - raft.server.log.unsafe-flush.enabled = false (default)
2022-10-11 12:48:00,556 [pool-95-thread-1] INFO  server.RaftServerConfigKeys (ConfUtils.java:logGet(46)) - raft.server.log.statemachine.data.caching.enabled = true (custom)
2022-10-11 12:48:00,556 [pool-95-thread-1] INFO  segmented.SegmentedRaftLogWorker (SegmentedRaftLogWorker.java:lambda$new$0(135)) - 0b6ae373-df17-43b9-8f38-34bc24a5586b@group-F98106D389A8-SegmentedRaftLogWorker: flushIndex: setUnconditionally 0 -> -1
2022-10-11 12:48:00,557 [pool-95-thread-1] INFO  segmented.SegmentedRaftLogWorker (SegmentedRaftLogWorker.java:lambda$new$0(135)) - 0b6ae373-df17-43b9-8f38-34bc24a5586b@group-F98106D389A8-SegmentedRaftLogWorker: safeCacheEvictIndex: setUnconditionally 0 -> -1
2022-10-11 12:48:00,561 [pool-118-thread-1] INFO  server.RaftServer$Division (RaftServerImpl.java:<init>(190)) - d9bae50b-7f91-4fa0-a494-505c1b3af8a6: new RaftServerImpl for group-F98106D389A8:[0b6ae373-df17-43b9-8f38-34bc24a5586b|rpc:10.1.1.98:34467|dataStream:|priority:0, d9bae50b-7f91-4fa0-a494-505c1b3af8a6|rpc:10.1.1.98:36785|dataStream:|priority:1, 9db450c2-c065-4fcc-a5b2-7f05d2839b90|rpc:10.1.1.98:45715|dataStream:|priority:0] with ContainerStateMachine:uninitialized
2022-10-11 12:48:00,561 [pool-118-thread-1] INFO  server.RaftServerConfigKeys (ConfUtils.java:logGet(46)) - raft.server.rpc.timeout.min = 5s (custom)
2022-10-11 12:48:00,561 [pool-118-thread-1] INFO  server.RaftServerConfigKeys (ConfUtils.java:logGet(46)) - raft.server.rpc.timeout.max = 5200ms (custom)
2022-10-11 12:48:00,561 [pool-118-thread-1] INFO  server.RaftServerConfigKeys (ConfUtils.java:logGet(46)) - raft.server.rpc.sleep.time = 25ms (default)
2022-10-11 12:48:00,562 [pool-118-thread-1] INFO  server.RaftServerConfigKeys (ConfUtils.java:logGet(46)) - raft.server.rpc.slowness.timeout = 300s (custom)
2022-10-11 12:48:00,562 [pool-118-thread-1] INFO  server.RaftServerConfigKeys (ConfUtils.java:logGet(46)) - raft.server.leaderelection.leader.step-down.wait-time = 10s (default)
2022-10-11 12:48:00,562 [pool-118-thread-1] INFO  server.RaftServerConfigKeys (ConfUtils.java:logGet(46)) - raft.server.sleep.deviation.threshold = 300ms (default)
2022-10-11 12:48:00,562 [pool-118-thread-1] INFO  server.RaftServer$Division (ServerState.java:<init>(107)) - d9bae50b-7f91-4fa0-a494-505c1b3af8a6@group-F98106D389A8: ConfigurationManager, init=-1: [0b6ae373-df17-43b9-8f38-34bc24a5586b|rpc:10.1.1.98:34467|dataStream:|priority:0, d9bae50b-7f91-4fa0-a494-505c1b3af8a6|rpc:10.1.1.98:36785|dataStream:|priority:1, 9db450c2-c065-4fcc-a5b2-7f05d2839b90|rpc:10.1.1.98:45715|dataStream:|priority:0], old=null, confs=<EMPTY_MAP>
2022-10-11 12:48:00,562 [pool-118-thread-1] INFO  server.RaftServerConfigKeys (ConfUtils.java:logGet(46)) - raft.server.storage.dir = [/home/runner/work/ozone/ozone/hadoop-ozone/integration-test/target/test-dir/MiniOzoneClusterImpl-5a0413bf-988c-4d76-bc8c-b64486c0eb5e/datanode-2/data/ratis] (custom)
2022-10-11 12:48:00,562 [pool-118-thread-1] INFO  server.RaftServerConfigKeys (ConfUtils.java:logGet(46)) - raft.server.log.corruption.policy = EXCEPTION (default)
2022-10-11 12:48:00,562 [pool-118-thread-1] INFO  server.RaftServerConfigKeys (ConfUtils.java:logGet(46)) - raft.server.storage.free-space.min = 0MB (=0) (default)
2022-10-11 12:48:00,562 [pool-118-thread-1] INFO  storage.RaftStorageDirectory (RaftStorageDirectoryImpl.java:analyzeStorage(135)) - The storage directory /home/runner/work/ozone/ozone/hadoop-ozone/integration-test/target/test-dir/MiniOzoneClusterImpl-5a0413bf-988c-4d76-bc8c-b64486c0eb5e/datanode-2/data/ratis/5d832645-cbd1-4476-91c5-f98106d389a8 does not exist. Creating ...
2022-10-11 12:48:00,563 [grpc-default-executor-0] INFO  server.RaftServer (RaftServerProxy.java:addNew(96)) - d9bae50b-7f91-4fa0-a494-505c1b3af8a6: addNew group-F98106D389A8:[0b6ae373-df17-43b9-8f38-34bc24a5586b|rpc:10.1.1.98:34467|dataStream:|priority:0, d9bae50b-7f91-4fa0-a494-505c1b3af8a6|rpc:10.1.1.98:36785|dataStream:|priority:1, 9db450c2-c065-4fcc-a5b2-7f05d2839b90|rpc:10.1.1.98:45715|dataStream:|priority:0] returns group-F98106D389A8:java.util.concurrent.CompletableFuture@1abbc883[Not completed]
2022-10-11 12:48:00,565 [pool-95-thread-1] INFO  server.RaftServerConfigKeys (ConfUtils.java:logGet(46)) - raft.server.snapshot.auto.trigger.enabled = true (custom)
2022-10-11 12:48:00,565 [pool-118-thread-1] INFO  storage.RaftStorageDirectory (RaftStorageDirectoryImpl.java:tryLock(230)) - Lock on /home/runner/work/ozone/ozone/hadoop-ozone/integration-test/target/test-dir/MiniOzoneClusterImpl-5a0413bf-988c-4d76-bc8c-b64486c0eb5e/datanode-2/data/ratis/5d832645-cbd1-4476-91c5-f98106d389a8/in_use.lock acquired by nodename 36499@fv-az570-546
2022-10-11 12:48:00,565 [pool-95-thread-1] INFO  server.RaftServerConfigKeys (ConfUtils.java:logGet(46)) - raft.server.snapshot.auto.trigger.threshold = 10000 (custom)
2022-10-11 12:48:00,565 [pool-95-thread-1] INFO  server.RaftServerConfigKeys (ConfUtils.java:logGet(46)) - raft.server.snapshot.retention.file.num = 5 (custom)
2022-10-11 12:48:00,565 [pool-95-thread-1] INFO  server.RaftServerConfigKeys (ConfUtils.java:logGet(46)) - raft.server.log.purge.upto.snapshot.index = false (default)
2022-10-11 12:48:00,565 [pool-95-thread-1] INFO  server.RaftServerConfigKeys (ConfUtils.java:logGet(46)) - raft.server.retrycache.expirytime = 600000ms (custom)
2022-10-11 12:48:00,566 [pool-95-thread-1] INFO  server.RaftServerConfigKeys (ConfUtils.java:logGet(46)) - raft.server.retrycache.statistics.expirytime = 100μs (default)
2022-10-11 12:48:00,568 [pool-95-thread-1] INFO  server.RaftServerConfigKeys (ConfUtils.java:logGet(46)) - raft.server.log.appender.install.snapshot.enabled = false (custom)
2022-10-11 12:48:00,568 [pool-95-thread-1] INFO  server.RaftServerConfigKeys (ConfUtils.java:logGet(46)) - raft.server.threadpool.server.cached = true (default)
2022-10-11 12:48:00,568 [pool-95-thread-1] INFO  server.RaftServerConfigKeys (ConfUtils.java:logGet(46)) - raft.server.threadpool.server.size = 0 (default)
2022-10-11 12:48:00,568 [pool-95-thread-1] INFO  server.RaftServerConfigKeys (ConfUtils.java:logGet(46)) - raft.server.threadpool.client.cached = true (default)
2022-10-11 12:48:00,568 [pool-95-thread-1] INFO  server.RaftServerConfigKeys (ConfUtils.java:logGet(46)) - raft.server.threadpool.client.size = 0 (default)
2022-10-11 12:48:00,568 [pool-95-thread-1] INFO  server.RaftServer$Division (RaftServerImpl.java:start(310)) - 0b6ae373-df17-43b9-8f38-34bc24a5586b@group-F98106D389A8: start as a follower, conf=-1: [0b6ae373-df17-43b9-8f38-34bc24a5586b|rpc:10.1.1.98:34467|priority:0, d9bae50b-7f91-4fa0-a494-505c1b3af8a6|rpc:10.1.1.98:36785|priority:1, 9db450c2-c065-4fcc-a5b2-7f05d2839b90|rpc:10.1.1.98:45715|priority:0], old=null
2022-10-11 12:48:00,568 [pool-95-thread-1] INFO  server.RaftServer$Division (RaftServerImpl.java:setRole(299)) - 0b6ae373-df17-43b9-8f38-34bc24a5586b@group-F98106D389A8: changes role from      null to FOLLOWER at term 0 for startAsFollower
2022-10-11 12:48:00,568 [pool-118-thread-1] INFO  storage.RaftStorage (RaftStorageImpl.java:format(89)) - Storage directory /home/runner/work/ozone/ozone/hadoop-ozone/integration-test/target/test-dir/MiniOzoneClusterImpl-5a0413bf-988c-4d76-bc8c-b64486c0eb5e/datanode-2/data/ratis/5d832645-cbd1-4476-91c5-f98106d389a8 has been successfully formatted.
2022-10-11 12:48:00,572 [pool-118-thread-1] INFO  ratis.ContainerStateMachine (ContainerStateMachine.java:loadSnapshot(236)) - group-F98106D389A8: The snapshot info is null. Setting the last applied indexto:(t:0, i:~)
2022-10-11 12:48:00,573 [pool-118-thread-1] INFO  server.RaftServerConfigKeys (ConfUtils.java:logGet(46)) - raft.server.notification.no-leader.timeout = 300s (custom)
2022-10-11 12:48:00,573 [pool-118-thread-1] INFO  server.RaftServerConfigKeys (ConfUtils.java:logGet(46)) - raft.server.log.use.memory = false (default)
2022-10-11 12:48:00,574 [pool-118-thread-1] INFO  server.RaftServerConfigKeys (ConfUtils.java:logGet(46)) - raft.server.log.purge.gap = 1000000 (custom)
2022-10-11 12:48:00,574 [pool-118-thread-1] INFO  server.RaftServerConfigKeys (ConfUtils.java:logGet(46)) - raft.server.log.appender.buffer.byte-limit = 33554432 (custom)
2022-10-11 12:48:00,575 [pool-118-thread-1] INFO  server.RaftServerConfigKeys (ConfUtils.java:logGet(46)) - raft.server.log.statemachine.data.read.timeout = 1000ms (default)
2022-10-11 12:48:00,568 [pool-95-thread-1] INFO  impl.RoleInfo (RoleInfo.java:updateAndGet(139)) - 0b6ae373-df17-43b9-8f38-34bc24a5586b: start 0b6ae373-df17-43b9-8f38-34bc24a5586b@group-F98106D389A8-FollowerState
2022-10-11 12:48:00,575 [pool-95-thread-1] INFO  util.JmxRegister (JmxRegister.java:tryRegister(44)) - Successfully registered JMX Bean with object name Ratis:service=RaftServer,group=group-F98106D389A8,id=0b6ae373-df17-43b9-8f38-34bc24a5586b
2022-10-11 12:48:00,582 [pool-118-thread-1] INFO  server.RaftServerConfigKeys (ConfUtils.java:logGet(46)) - raft.server.log.segment.size.max = 1048576 (custom)
2022-10-11 12:48:00,582 [Command processor thread] INFO  ratis.XceiverServerRatis (XceiverServerRatis.java:addGroup(765)) - Created group PipelineID=5d832645-cbd1-4476-91c5-f98106d389a8
2022-10-11 12:48:00,586 [pool-118-thread-1] INFO  server.RaftServerConfigKeys (ConfUtils.java:logGet(46)) - raft.server.log.segment.cache.num.max = 2 (custom)
2022-10-11 12:48:00,588 [pool-118-thread-1] INFO  server.RaftServerConfigKeys (ConfUtils.java:logGet(46)) - raft.server.log.segment.cache.size.max = 200MB (=209715200) (default)
2022-10-11 12:48:00,588 [pool-118-thread-1] INFO  segmented.SegmentedRaftLogWorker (SegmentedRaftLogWorker.java:<init>(187)) - new d9bae50b-7f91-4fa0-a494-505c1b3af8a6@group-F98106D389A8-SegmentedRaftLogWorker for RaftStorageImpl:Storage Directory /home/runner/work/ozone/ozone/hadoop-ozone/integration-test/target/test-dir/MiniOzoneClusterImpl-5a0413bf-988c-4d76-bc8c-b64486c0eb5e/datanode-2/data/ratis/5d832645-cbd1-4476-91c5-f98106d389a8
2022-10-11 12:48:00,588 [pool-118-thread-1] INFO  server.RaftServerConfigKeys (ConfUtils.java:logGet(46)) - raft.server.log.queue.byte-limit = 4294967296 (custom)
2022-10-11 12:48:00,588 [pool-118-thread-1] INFO  server.RaftServerConfigKeys (ConfUtils.java:logGet(46)) - raft.server.log.queue.element-limit = 1024 (custom)
2022-10-11 12:48:00,588 [pool-118-thread-1] INFO  server.RaftServerConfigKeys (ConfUtils.java:logGet(46)) - raft.server.log.segment.size.max = 1048576 (custom)
2022-10-11 12:48:00,588 [pool-118-thread-1] INFO  server.RaftServerConfigKeys (ConfUtils.java:logGet(46)) - raft.server.log.preallocated.size = 16384 (custom)
2022-10-11 12:48:00,589 [pool-118-thread-1] INFO  server.RaftServerConfigKeys (ConfUtils.java:logGet(46)) - raft.server.log.force.sync.num = 128 (default)
2022-10-11 12:48:00,589 [pool-118-thread-1] INFO  server.RaftServerConfigKeys (ConfUtils.java:logGet(46)) - raft.server.log.statemachine.data.sync = true (default)
2022-10-11 12:48:00,589 [pool-118-thread-1] INFO  server.RaftServerConfigKeys (ConfUtils.java:logGet(46)) - raft.server.log.statemachine.data.sync.timeout = 10s (default)
2022-10-11 12:48:00,589 [pool-118-thread-1] INFO  server.RaftServerConfigKeys (ConfUtils.java:logGet(46)) - raft.server.log.statemachine.data.sync.timeout.retry = -1 (default)
2022-10-11 12:48:00,596 [pool-118-thread-1] INFO  server.RaftServerConfigKeys (ConfUtils.java:logGet(46)) - raft.server.log.write.buffer.size = 1048576 (custom)
2022-10-11 12:48:00,597 [pool-118-thread-1] INFO  server.RaftServerConfigKeys (ConfUtils.java:logGet(46)) - raft.server.log.unsafe-flush.enabled = false (default)
2022-10-11 12:48:00,598 [pool-118-thread-1] INFO  server.RaftServerConfigKeys (ConfUtils.java:logGet(46)) - raft.server.log.statemachine.data.caching.enabled = true (custom)
2022-10-11 12:48:00,598 [pool-118-thread-1] INFO  segmented.SegmentedRaftLogWorker (SegmentedRaftLogWorker.java:lambda$new$0(135)) - d9bae50b-7f91-4fa0-a494-505c1b3af8a6@group-F98106D389A8-SegmentedRaftLogWorker: flushIndex: setUnconditionally 0 -> -1
2022-10-11 12:48:00,598 [pool-118-thread-1] INFO  segmented.SegmentedRaftLogWorker (SegmentedRaftLogWorker.java:lambda$new$0(135)) - d9bae50b-7f91-4fa0-a494-505c1b3af8a6@group-F98106D389A8-SegmentedRaftLogWorker: safeCacheEvictIndex: setUnconditionally 0 -> -1
2022-10-11 12:48:00,598 [pool-118-thread-1] INFO  server.RaftServerConfigKeys (ConfUtils.java:logGet(46)) - raft.server.snapshot.auto.trigger.enabled = true (custom)
2022-10-11 12:48:00,598 [pool-118-thread-1] INFO  server.RaftServerConfigKeys (ConfUtils.java:logGet(46)) - raft.server.snapshot.auto.trigger.threshold = 10000 (custom)
2022-10-11 12:48:00,598 [pool-118-thread-1] INFO  server.RaftServerConfigKeys (ConfUtils.java:logGet(46)) - raft.server.snapshot.retention.file.num = 5 (custom)
2022-10-11 12:48:00,598 [pool-118-thread-1] INFO  server.RaftServerConfigKeys (ConfUtils.java:logGet(46)) - raft.server.log.purge.upto.snapshot.index = false (default)
2022-10-11 12:48:00,599 [pool-118-thread-1] INFO  server.RaftServerConfigKeys (ConfUtils.java:logGet(46)) - raft.server.retrycache.expirytime = 600000ms (custom)
2022-10-11 12:48:00,599 [pool-118-thread-1] INFO  server.RaftServerConfigKeys (ConfUtils.java:logGet(46)) - raft.server.retrycache.statistics.expirytime = 100μs (default)
2022-10-11 12:48:00,606 [pool-118-thread-1] INFO  server.RaftServerConfigKeys (ConfUtils.java:logGet(46)) - raft.server.log.appender.install.snapshot.enabled = false (custom)
2022-10-11 12:48:00,606 [pool-118-thread-1] INFO  server.RaftServerConfigKeys (ConfUtils.java:logGet(46)) - raft.server.threadpool.server.cached = true (default)
2022-10-11 12:48:00,606 [pool-118-thread-1] INFO  server.RaftServerConfigKeys (ConfUtils.java:logGet(46)) - raft.server.threadpool.server.size = 0 (default)
2022-10-11 12:48:00,606 [pool-118-thread-1] INFO  server.RaftServerConfigKeys (ConfUtils.java:logGet(46)) - raft.server.threadpool.client.cached = true (default)
2022-10-11 12:48:00,606 [pool-118-thread-1] INFO  server.RaftServerConfigKeys (ConfUtils.java:logGet(46)) - raft.server.threadpool.client.size = 0 (default)
2022-10-11 12:48:00,606 [pool-118-thread-1] INFO  server.RaftServer$Division (RaftServerImpl.java:start(310)) - d9bae50b-7f91-4fa0-a494-505c1b3af8a6@group-F98106D389A8: start as a follower, conf=-1: [0b6ae373-df17-43b9-8f38-34bc24a5586b|rpc:10.1.1.98:34467|dataStream:|priority:0, d9bae50b-7f91-4fa0-a494-505c1b3af8a6|rpc:10.1.1.98:36785|dataStream:|priority:1, 9db450c2-c065-4fcc-a5b2-7f05d2839b90|rpc:10.1.1.98:45715|dataStream:|priority:0], old=null
2022-10-11 12:48:00,606 [pool-118-thread-1] INFO  server.RaftServer$Division (RaftServerImpl.java:setRole(299)) - d9bae50b-7f91-4fa0-a494-505c1b3af8a6@group-F98106D389A8: changes role from      null to FOLLOWER at term 0 for startAsFollower
2022-10-11 12:48:00,606 [pool-118-thread-1] INFO  impl.RoleInfo (RoleInfo.java:updateAndGet(139)) - d9bae50b-7f91-4fa0-a494-505c1b3af8a6: start d9bae50b-7f91-4fa0-a494-505c1b3af8a6@group-F98106D389A8-FollowerState
2022-10-11 12:48:00,609 [pool-118-thread-1] INFO  util.JmxRegister (JmxRegister.java:tryRegister(44)) - Successfully registered JMX Bean with object name Ratis:service=RaftServer,group=group-F98106D389A8,id=d9bae50b-7f91-4fa0-a494-505c1b3af8a6
2022-10-11 12:48:00,745 [Command processor thread] INFO  commandhandler.CreatePipelineCommandHandler (CreatePipelineCommandHandler.java:handle(113)) - Created Pipeline RATIS THREE PipelineID=5d832645-cbd1-4476-91c5-f98106d389a8.
2022-10-11 12:48:00,748 [Command processor thread] INFO  commandhandler.CreatePipelineCommandHandler (CreatePipelineCommandHandler.java:handle(113)) - Created Pipeline RATIS THREE PipelineID=5d832645-cbd1-4476-91c5-f98106d389a8.
2022-10-11 12:48:00,912 [Listener at 127.0.0.1/38717] INFO  ozone.MiniOzoneClusterImpl (MiniOzoneClusterImpl.java:lambda$waitForClusterToBeReady$0(216)) - Nodes are ready. Got 3 of 3 DN Heartbeats.
2022-10-11 12:48:00,913 [Listener at 127.0.0.1/38717] INFO  ozone.MiniOzoneClusterImpl (MiniOzoneClusterImpl.java:lambda$waitForClusterToBeReady$0(219)) - Waiting for cluster to exit safe mode
2022-10-11 12:48:00,913 [Listener at 127.0.0.1/38717] INFO  ozone.MiniOzoneClusterImpl (MiniOzoneClusterImpl.java:lambda$waitForClusterToBeReady$0(221)) - SCM became leader
2022-10-11 12:48:01,913 [Listener at 127.0.0.1/38717] INFO  ozone.MiniOzoneClusterImpl (MiniOzoneClusterImpl.java:lambda$waitForClusterToBeReady$0(216)) - Nodes are ready. Got 3 of 3 DN Heartbeats.
2022-10-11 12:48:01,914 [Listener at 127.0.0.1/38717] INFO  ozone.MiniOzoneClusterImpl (MiniOzoneClusterImpl.java:lambda$waitForClusterToBeReady$0(219)) - Waiting for cluster to exit safe mode
2022-10-11 12:48:01,914 [Listener at 127.0.0.1/38717] INFO  ozone.MiniOzoneClusterImpl (MiniOzoneClusterImpl.java:lambda$waitForClusterToBeReady$0(221)) - SCM became leader
2022-10-11 12:48:02,914 [Listener at 127.0.0.1/38717] INFO  ozone.MiniOzoneClusterImpl (MiniOzoneClusterImpl.java:lambda$waitForClusterToBeReady$0(216)) - Nodes are ready. Got 3 of 3 DN Heartbeats.
2022-10-11 12:48:02,914 [Listener at 127.0.0.1/38717] INFO  ozone.MiniOzoneClusterImpl (MiniOzoneClusterImpl.java:lambda$waitForClusterToBeReady$0(219)) - Waiting for cluster to exit safe mode
2022-10-11 12:48:02,915 [Listener at 127.0.0.1/38717] INFO  ozone.MiniOzoneClusterImpl (MiniOzoneClusterImpl.java:lambda$waitForClusterToBeReady$0(221)) - SCM became leader
2022-10-11 12:48:03,915 [Listener at 127.0.0.1/38717] INFO  ozone.MiniOzoneClusterImpl (MiniOzoneClusterImpl.java:lambda$waitForClusterToBeReady$0(216)) - Nodes are ready. Got 3 of 3 DN Heartbeats.
2022-10-11 12:48:03,915 [Listener at 127.0.0.1/38717] INFO  ozone.MiniOzoneClusterImpl (MiniOzoneClusterImpl.java:lambda$waitForClusterToBeReady$0(219)) - Waiting for cluster to exit safe mode
2022-10-11 12:48:03,915 [Listener at 127.0.0.1/38717] INFO  ozone.MiniOzoneClusterImpl (MiniOzoneClusterImpl.java:lambda$waitForClusterToBeReady$0(221)) - SCM became leader
2022-10-11 12:48:04,916 [Listener at 127.0.0.1/38717] INFO  ozone.MiniOzoneClusterImpl (MiniOzoneClusterImpl.java:lambda$waitForClusterToBeReady$0(216)) - Nodes are ready. Got 3 of 3 DN Heartbeats.
2022-10-11 12:48:04,916 [Listener at 127.0.0.1/38717] INFO  ozone.MiniOzoneClusterImpl (MiniOzoneClusterImpl.java:lambda$waitForClusterToBeReady$0(219)) - Waiting for cluster to exit safe mode
2022-10-11 12:48:04,916 [Listener at 127.0.0.1/38717] INFO  ozone.MiniOzoneClusterImpl (MiniOzoneClusterImpl.java:lambda$waitForClusterToBeReady$0(221)) - SCM became leader
2022-10-11 12:48:05,018 [9db450c2-c065-4fcc-a5b2-7f05d2839b90@group-F98106D389A8-FollowerState] INFO  impl.FollowerState (FollowerState.java:run(143)) - 9db450c2-c065-4fcc-a5b2-7f05d2839b90@group-F98106D389A8-FollowerState: change to CANDIDATE, lastRpcElapsedTime:5081287383ns, electionTimeout:5063ms
2022-10-11 12:48:05,019 [9db450c2-c065-4fcc-a5b2-7f05d2839b90@group-F98106D389A8-FollowerState] INFO  impl.RoleInfo (RoleInfo.java:shutdownFollowerState(110)) - 9db450c2-c065-4fcc-a5b2-7f05d2839b90: shutdown 9db450c2-c065-4fcc-a5b2-7f05d2839b90@group-F98106D389A8-FollowerState
2022-10-11 12:48:05,019 [9db450c2-c065-4fcc-a5b2-7f05d2839b90@group-F98106D389A8-FollowerState] INFO  server.RaftServer$Division (RaftServerImpl.java:setRole(299)) - 9db450c2-c065-4fcc-a5b2-7f05d2839b90@group-F98106D389A8: changes role from  FOLLOWER to CANDIDATE at term 0 for changeToCandidate
2022-10-11 12:48:05,019 [9db450c2-c065-4fcc-a5b2-7f05d2839b90@group-F98106D389A8-FollowerState] INFO  server.RaftServerConfigKeys (ConfUtils.java:logGet(46)) - raft.server.leaderelection.pre-vote = false (custom)
2022-10-11 12:48:05,019 [9db450c2-c065-4fcc-a5b2-7f05d2839b90@group-F98106D389A8-FollowerState] INFO  impl.RoleInfo (RoleInfo.java:updateAndGet(139)) - 9db450c2-c065-4fcc-a5b2-7f05d2839b90: start 9db450c2-c065-4fcc-a5b2-7f05d2839b90@group-F98106D389A8-LeaderElection2
2022-10-11 12:48:05,023 [9db450c2-c065-4fcc-a5b2-7f05d2839b90@group-F98106D389A8-LeaderElection2] INFO  impl.LeaderElection (LeaderElection.java:askForVotes(310)) - 9db450c2-c065-4fcc-a5b2-7f05d2839b90@group-F98106D389A8-LeaderElection2 ELECTION round 0: submit vote requests at term 1 for -1: [0b6ae373-df17-43b9-8f38-34bc24a5586b|rpc:10.1.1.98:34467|priority:0, d9bae50b-7f91-4fa0-a494-505c1b3af8a6|rpc:10.1.1.98:36785|priority:1, 9db450c2-c065-4fcc-a5b2-7f05d2839b90|rpc:10.1.1.98:45715|priority:0], old=null
2022-10-11 12:48:05,047 [grpc-default-executor-0] INFO  server.RaftServer$Division (RaftServerImpl.java:requestVote(1152)) - 0b6ae373-df17-43b9-8f38-34bc24a5586b@group-F98106D389A8: receive requestVote(ELECTION, 9db450c2-c065-4fcc-a5b2-7f05d2839b90, group-F98106D389A8, 1, (t:0, i:0))
2022-10-11 12:48:05,049 [grpc-default-executor-0] INFO  impl.VoteContext (VoteContext.java:log(48)) - 0b6ae373-df17-43b9-8f38-34bc24a5586b@group-F98106D389A8-FOLLOWER: accept ELECTION from 9db450c2-c065-4fcc-a5b2-7f05d2839b90: our priority 0 <= candidate's priority 0
2022-10-11 12:48:05,051 [grpc-default-executor-0] INFO  server.RaftServer$Division (RaftServerImpl.java:setRole(299)) - 0b6ae373-df17-43b9-8f38-34bc24a5586b@group-F98106D389A8: changes role from  FOLLOWER to FOLLOWER at term 1 for candidate:9db450c2-c065-4fcc-a5b2-7f05d2839b90
2022-10-11 12:48:05,051 [grpc-default-executor-0] INFO  impl.RoleInfo (RoleInfo.java:shutdownFollowerState(110)) - 0b6ae373-df17-43b9-8f38-34bc24a5586b: shutdown 0b6ae373-df17-43b9-8f38-34bc24a5586b@group-F98106D389A8-FollowerState
2022-10-11 12:48:05,051 [grpc-default-executor-0] INFO  impl.RoleInfo (RoleInfo.java:updateAndGet(139)) - 0b6ae373-df17-43b9-8f38-34bc24a5586b: start 0b6ae373-df17-43b9-8f38-34bc24a5586b@group-F98106D389A8-FollowerState
2022-10-11 12:48:05,051 [0b6ae373-df17-43b9-8f38-34bc24a5586b@group-F98106D389A8-FollowerState] INFO  impl.FollowerState (FollowerState.java:run(152)) - 0b6ae373-df17-43b9-8f38-34bc24a5586b@group-F98106D389A8-FollowerState was interrupted
2022-10-11 12:48:05,061 [grpc-default-executor-1] INFO  server.RaftServer$Division (RaftServerImpl.java:requestVote(1152)) - d9bae50b-7f91-4fa0-a494-505c1b3af8a6@group-F98106D389A8: receive requestVote(ELECTION, 9db450c2-c065-4fcc-a5b2-7f05d2839b90, group-F98106D389A8, 1, (t:0, i:0))
2022-10-11 12:48:05,061 [grpc-default-executor-1] INFO  impl.VoteContext (VoteContext.java:log(48)) - d9bae50b-7f91-4fa0-a494-505c1b3af8a6@group-F98106D389A8-FOLLOWER: reject ELECTION from 9db450c2-c065-4fcc-a5b2-7f05d2839b90: our priority 1 > candidate's priority 0
2022-10-11 12:48:05,062 [grpc-default-executor-1] INFO  server.RaftServer$Division (RaftServerImpl.java:setRole(299)) - d9bae50b-7f91-4fa0-a494-505c1b3af8a6@group-F98106D389A8: changes role from  FOLLOWER to FOLLOWER at term 1 for candidate:9db450c2-c065-4fcc-a5b2-7f05d2839b90
2022-10-11 12:48:05,062 [grpc-default-executor-1] INFO  impl.RoleInfo (RoleInfo.java:shutdownFollowerState(110)) - d9bae50b-7f91-4fa0-a494-505c1b3af8a6: shutdown d9bae50b-7f91-4fa0-a494-505c1b3af8a6@group-F98106D389A8-FollowerState
2022-10-11 12:48:05,062 [grpc-default-executor-1] INFO  impl.RoleInfo (RoleInfo.java:updateAndGet(139)) - d9bae50b-7f91-4fa0-a494-505c1b3af8a6: start d9bae50b-7f91-4fa0-a494-505c1b3af8a6@group-F98106D389A8-FollowerState
2022-10-11 12:48:05,062 [d9bae50b-7f91-4fa0-a494-505c1b3af8a6@group-F98106D389A8-FollowerState] INFO  impl.FollowerState (FollowerState.java:run(152)) - d9bae50b-7f91-4fa0-a494-505c1b3af8a6@group-F98106D389A8-FollowerState was interrupted
2022-10-11 12:48:05,064 [grpc-default-executor-0] INFO  server.RaftServer$Division (RaftServerImpl.java:requestVote(1184)) - 0b6ae373-df17-43b9-8f38-34bc24a5586b@group-F98106D389A8 replies to ELECTION vote request: 9db450c2-c065-4fcc-a5b2-7f05d2839b90<-0b6ae373-df17-43b9-8f38-34bc24a5586b#0:OK-t1. Peer's state: 0b6ae373-df17-43b9-8f38-34bc24a5586b@group-F98106D389A8:t1, leader=null, voted=9db450c2-c065-4fcc-a5b2-7f05d2839b90, raftlog=0b6ae373-df17-43b9-8f38-34bc24a5586b@group-F98106D389A8-SegmentedRaftLog:OPENED:c-1, conf=-1: [0b6ae373-df17-43b9-8f38-34bc24a5586b|rpc:10.1.1.98:34467|priority:0, d9bae50b-7f91-4fa0-a494-505c1b3af8a6|rpc:10.1.1.98:36785|priority:1, 9db450c2-c065-4fcc-a5b2-7f05d2839b90|rpc:10.1.1.98:45715|priority:0], old=null
2022-10-11 12:48:05,066 [grpc-default-executor-1] INFO  server.RaftServer$Division (RaftServerImpl.java:requestVote(1184)) - d9bae50b-7f91-4fa0-a494-505c1b3af8a6@group-F98106D389A8 replies to ELECTION vote request: 9db450c2-c065-4fcc-a5b2-7f05d2839b90<-d9bae50b-7f91-4fa0-a494-505c1b3af8a6#0:FAIL-t1. Peer's state: d9bae50b-7f91-4fa0-a494-505c1b3af8a6@group-F98106D389A8:t1, leader=null, voted=null, raftlog=d9bae50b-7f91-4fa0-a494-505c1b3af8a6@group-F98106D389A8-SegmentedRaftLog:OPENED:c-1, conf=-1: [0b6ae373-df17-43b9-8f38-34bc24a5586b|rpc:10.1.1.98:34467|dataStream:|priority:0, d9bae50b-7f91-4fa0-a494-505c1b3af8a6|rpc:10.1.1.98:36785|dataStream:|priority:1, 9db450c2-c065-4fcc-a5b2-7f05d2839b90|rpc:10.1.1.98:45715|dataStream:|priority:0], old=null
2022-10-11 12:48:05,072 [9db450c2-c065-4fcc-a5b2-7f05d2839b90@group-F98106D389A8-LeaderElection2] INFO  impl.LeaderElection (LeaderElection.java:logAndReturn(90)) - 9db450c2-c065-4fcc-a5b2-7f05d2839b90@group-F98106D389A8-LeaderElection2: ELECTION REJECTED received 1 response(s) and 0 exception(s):
2022-10-11 12:48:05,076 [9db450c2-c065-4fcc-a5b2-7f05d2839b90@group-F98106D389A8-LeaderElection2] INFO  impl.LeaderElection (LeaderElection.java:logAndReturn(94)) -   Response 0: 9db450c2-c065-4fcc-a5b2-7f05d2839b90<-d9bae50b-7f91-4fa0-a494-505c1b3af8a6#0:FAIL-t1
2022-10-11 12:48:05,076 [9db450c2-c065-4fcc-a5b2-7f05d2839b90@group-F98106D389A8-LeaderElection2] INFO  impl.LeaderElection (LeaderElection.java:askForVotes(312)) - 9db450c2-c065-4fcc-a5b2-7f05d2839b90@group-F98106D389A8-LeaderElection2 ELECTION round 0: result REJECTED
2022-10-11 12:48:05,076 [9db450c2-c065-4fcc-a5b2-7f05d2839b90@group-F98106D389A8-LeaderElection2] INFO  server.RaftServer$Division (RaftServerImpl.java:setRole(299)) - 9db450c2-c065-4fcc-a5b2-7f05d2839b90@group-F98106D389A8: changes role from CANDIDATE to FOLLOWER at term 1 for REJECTED
2022-10-11 12:48:05,076 [9db450c2-c065-4fcc-a5b2-7f05d2839b90@group-F98106D389A8-LeaderElection2] INFO  impl.RoleInfo (RoleInfo.java:shutdownLeaderElection(130)) - 9db450c2-c065-4fcc-a5b2-7f05d2839b90: shutdown 9db450c2-c065-4fcc-a5b2-7f05d2839b90@group-F98106D389A8-LeaderElection2
2022-10-11 12:48:05,077 [9db450c2-c065-4fcc-a5b2-7f05d2839b90@group-F98106D389A8-LeaderElection2] INFO  impl.RoleInfo (RoleInfo.java:updateAndGet(139)) - 9db450c2-c065-4fcc-a5b2-7f05d2839b90: start 9db450c2-c065-4fcc-a5b2-7f05d2839b90@group-F98106D389A8-FollowerState
2022-10-11 12:48:05,917 [Listener at 127.0.0.1/38717] INFO  ozone.MiniOzoneClusterImpl (MiniOzoneClusterImpl.java:lambda$waitForClusterToBeReady$0(216)) - Nodes are ready. Got 3 of 3 DN Heartbeats.
2022-10-11 12:48:05,918 [Listener at 127.0.0.1/38717] INFO  ozone.MiniOzoneClusterImpl (MiniOzoneClusterImpl.java:lambda$waitForClusterToBeReady$0(219)) - Waiting for cluster to exit safe mode
2022-10-11 12:48:05,918 [Listener at 127.0.0.1/38717] INFO  ozone.MiniOzoneClusterImpl (MiniOzoneClusterImpl.java:lambda$waitForClusterToBeReady$0(221)) - SCM became leader
2022-10-11 12:48:06,918 [Listener at 127.0.0.1/38717] INFO  ozone.MiniOzoneClusterImpl (MiniOzoneClusterImpl.java:lambda$waitForClusterToBeReady$0(216)) - Nodes are ready. Got 3 of 3 DN Heartbeats.
2022-10-11 12:48:06,919 [Listener at 127.0.0.1/38717] INFO  ozone.MiniOzoneClusterImpl (MiniOzoneClusterImpl.java:lambda$waitForClusterToBeReady$0(219)) - Waiting for cluster to exit safe mode
2022-10-11 12:48:06,919 [Listener at 127.0.0.1/38717] INFO  ozone.MiniOzoneClusterImpl (MiniOzoneClusterImpl.java:lambda$waitForClusterToBeReady$0(221)) - SCM became leader
2022-10-11 12:48:07,919 [Listener at 127.0.0.1/38717] INFO  ozone.MiniOzoneClusterImpl (MiniOzoneClusterImpl.java:lambda$waitForClusterToBeReady$0(216)) - Nodes are ready. Got 3 of 3 DN Heartbeats.
2022-10-11 12:48:07,920 [Listener at 127.0.0.1/38717] INFO  ozone.MiniOzoneClusterImpl (MiniOzoneClusterImpl.java:lambda$waitForClusterToBeReady$0(219)) - Waiting for cluster to exit safe mode
2022-10-11 12:48:07,920 [Listener at 127.0.0.1/38717] INFO  ozone.MiniOzoneClusterImpl (MiniOzoneClusterImpl.java:lambda$waitForClusterToBeReady$0(221)) - SCM became leader
2022-10-11 12:48:08,920 [Listener at 127.0.0.1/38717] INFO  ozone.MiniOzoneClusterImpl (MiniOzoneClusterImpl.java:lambda$waitForClusterToBeReady$0(216)) - Nodes are ready. Got 3 of 3 DN Heartbeats.
2022-10-11 12:48:08,921 [Listener at 127.0.0.1/38717] INFO  ozone.MiniOzoneClusterImpl (MiniOzoneClusterImpl.java:lambda$waitForClusterToBeReady$0(219)) - Waiting for cluster to exit safe mode
2022-10-11 12:48:08,921 [Listener at 127.0.0.1/38717] INFO  ozone.MiniOzoneClusterImpl (MiniOzoneClusterImpl.java:lambda$waitForClusterToBeReady$0(221)) - SCM became leader
2022-10-11 12:48:09,921 [Listener at 127.0.0.1/38717] INFO  ozone.MiniOzoneClusterImpl (MiniOzoneClusterImpl.java:lambda$waitForClusterToBeReady$0(216)) - Nodes are ready. Got 3 of 3 DN Heartbeats.
2022-10-11 12:48:09,922 [Listener at 127.0.0.1/38717] INFO  ozone.MiniOzoneClusterImpl (MiniOzoneClusterImpl.java:lambda$waitForClusterToBeReady$0(219)) - Waiting for cluster to exit safe mode
2022-10-11 12:48:09,922 [Listener at 127.0.0.1/38717] INFO  ozone.MiniOzoneClusterImpl (MiniOzoneClusterImpl.java:lambda$waitForClusterToBeReady$0(221)) - SCM became leader
2022-10-11 12:48:10,181 [9db450c2-c065-4fcc-a5b2-7f05d2839b90@group-F98106D389A8-FollowerState] INFO  impl.FollowerState (FollowerState.java:run(143)) - 9db450c2-c065-4fcc-a5b2-7f05d2839b90@group-F98106D389A8-FollowerState: change to CANDIDATE, lastRpcElapsedTime:5104570235ns, electionTimeout:5097ms
2022-10-11 12:48:10,181 [9db450c2-c065-4fcc-a5b2-7f05d2839b90@group-F98106D389A8-FollowerState] INFO  impl.RoleInfo (RoleInfo.java:shutdownFollowerState(110)) - 9db450c2-c065-4fcc-a5b2-7f05d2839b90: shutdown 9db450c2-c065-4fcc-a5b2-7f05d2839b90@group-F98106D389A8-FollowerState
2022-10-11 12:48:10,181 [9db450c2-c065-4fcc-a5b2-7f05d2839b90@group-F98106D389A8-FollowerState] INFO  server.RaftServer$Division (RaftServerImpl.java:setRole(299)) - 9db450c2-c065-4fcc-a5b2-7f05d2839b90@group-F98106D389A8: changes role from  FOLLOWER to CANDIDATE at term 1 for changeToCandidate
2022-10-11 12:48:10,182 [9db450c2-c065-4fcc-a5b2-7f05d2839b90@group-F98106D389A8-FollowerState] INFO  server.RaftServerConfigKeys (ConfUtils.java:logGet(46)) - raft.server.leaderelection.pre-vote = false (custom)
2022-10-11 12:48:10,182 [9db450c2-c065-4fcc-a5b2-7f05d2839b90@group-F98106D389A8-FollowerState] INFO  impl.RoleInfo (RoleInfo.java:updateAndGet(139)) - 9db450c2-c065-4fcc-a5b2-7f05d2839b90: start 9db450c2-c065-4fcc-a5b2-7f05d2839b90@group-F98106D389A8-LeaderElection3
2022-10-11 12:48:10,185 [9db450c2-c065-4fcc-a5b2-7f05d2839b90@group-F98106D389A8-LeaderElection3] INFO  impl.LeaderElection (LeaderElection.java:askForVotes(310)) - 9db450c2-c065-4fcc-a5b2-7f05d2839b90@group-F98106D389A8-LeaderElection3 ELECTION round 0: submit vote requests at term 2 for -1: [0b6ae373-df17-43b9-8f38-34bc24a5586b|rpc:10.1.1.98:34467|priority:0, d9bae50b-7f91-4fa0-a494-505c1b3af8a6|rpc:10.1.1.98:36785|priority:1, 9db450c2-c065-4fcc-a5b2-7f05d2839b90|rpc:10.1.1.98:45715|priority:0], old=null
2022-10-11 12:48:10,196 [grpc-default-executor-0] INFO  server.RaftServer$Division (RaftServerImpl.java:requestVote(1152)) - 0b6ae373-df17-43b9-8f38-34bc24a5586b@group-F98106D389A8: receive requestVote(ELECTION, 9db450c2-c065-4fcc-a5b2-7f05d2839b90, group-F98106D389A8, 2, (t:0, i:0))
2022-10-11 12:48:10,196 [grpc-default-executor-0] INFO  impl.VoteContext (VoteContext.java:log(48)) - 0b6ae373-df17-43b9-8f38-34bc24a5586b@group-F98106D389A8-FOLLOWER: accept ELECTION from 9db450c2-c065-4fcc-a5b2-7f05d2839b90: our priority 0 <= candidate's priority 0
2022-10-11 12:48:10,197 [grpc-default-executor-0] INFO  server.RaftServer$Division (RaftServerImpl.java:setRole(299)) - 0b6ae373-df17-43b9-8f38-34bc24a5586b@group-F98106D389A8: changes role from  FOLLOWER to FOLLOWER at term 2 for candidate:9db450c2-c065-4fcc-a5b2-7f05d2839b90
2022-10-11 12:48:10,197 [grpc-default-executor-0] INFO  impl.RoleInfo (RoleInfo.java:shutdownFollowerState(110)) - 0b6ae373-df17-43b9-8f38-34bc24a5586b: shutdown 0b6ae373-df17-43b9-8f38-34bc24a5586b@group-F98106D389A8-FollowerState
2022-10-11 12:48:10,197 [grpc-default-executor-0] INFO  impl.RoleInfo (RoleInfo.java:updateAndGet(139)) - 0b6ae373-df17-43b9-8f38-34bc24a5586b: start 0b6ae373-df17-43b9-8f38-34bc24a5586b@group-F98106D389A8-FollowerState
2022-10-11 12:48:10,197 [0b6ae373-df17-43b9-8f38-34bc24a5586b@group-F98106D389A8-FollowerState] INFO  impl.FollowerState (FollowerState.java:run(152)) - 0b6ae373-df17-43b9-8f38-34bc24a5586b@group-F98106D389A8-FollowerState was interrupted
2022-10-11 12:48:10,199 [grpc-default-executor-0] INFO  server.RaftServer$Division (RaftServerImpl.java:requestVote(1184)) - 0b6ae373-df17-43b9-8f38-34bc24a5586b@group-F98106D389A8 replies to ELECTION vote request: 9db450c2-c065-4fcc-a5b2-7f05d2839b90<-0b6ae373-df17-43b9-8f38-34bc24a5586b#0:OK-t2. Peer's state: 0b6ae373-df17-43b9-8f38-34bc24a5586b@group-F98106D389A8:t2, leader=null, voted=9db450c2-c065-4fcc-a5b2-7f05d2839b90, raftlog=0b6ae373-df17-43b9-8f38-34bc24a5586b@group-F98106D389A8-SegmentedRaftLog:OPENED:c-1, conf=-1: [0b6ae373-df17-43b9-8f38-34bc24a5586b|rpc:10.1.1.98:34467|priority:0, d9bae50b-7f91-4fa0-a494-505c1b3af8a6|rpc:10.1.1.98:36785|priority:1, 9db450c2-c065-4fcc-a5b2-7f05d2839b90|rpc:10.1.1.98:45715|priority:0], old=null
2022-10-11 12:48:10,202 [grpc-default-executor-1] INFO  server.RaftServer$Division (RaftServerImpl.java:requestVote(1152)) - d9bae50b-7f91-4fa0-a494-505c1b3af8a6@group-F98106D389A8: receive requestVote(ELECTION, 9db450c2-c065-4fcc-a5b2-7f05d2839b90, group-F98106D389A8, 2, (t:0, i:0))
2022-10-11 12:48:10,202 [grpc-default-executor-1] INFO  impl.VoteContext (VoteContext.java:log(48)) - d9bae50b-7f91-4fa0-a494-505c1b3af8a6@group-F98106D389A8-FOLLOWER: reject ELECTION from 9db450c2-c065-4fcc-a5b2-7f05d2839b90: our priority 1 > candidate's priority 0
2022-10-11 12:48:10,202 [grpc-default-executor-1] INFO  server.RaftServer$Division (RaftServerImpl.java:setRole(299)) - d9bae50b-7f91-4fa0-a494-505c1b3af8a6@group-F98106D389A8: changes role from  FOLLOWER to FOLLOWER at term 2 for candidate:9db450c2-c065-4fcc-a5b2-7f05d2839b90
2022-10-11 12:48:10,203 [grpc-default-executor-1] INFO  impl.RoleInfo (RoleInfo.java:shutdownFollowerState(110)) - d9bae50b-7f91-4fa0-a494-505c1b3af8a6: shutdown d9bae50b-7f91-4fa0-a494-505c1b3af8a6@group-F98106D389A8-FollowerState
2022-10-11 12:48:10,203 [grpc-default-executor-1] INFO  impl.RoleInfo (RoleInfo.java:updateAndGet(139)) - d9bae50b-7f91-4fa0-a494-505c1b3af8a6: start d9bae50b-7f91-4fa0-a494-505c1b3af8a6@group-F98106D389A8-FollowerState
2022-10-11 12:48:10,203 [d9bae50b-7f91-4fa0-a494-505c1b3af8a6@group-F98106D389A8-FollowerState] INFO  impl.FollowerState (FollowerState.java:run(152)) - d9bae50b-7f91-4fa0-a494-505c1b3af8a6@group-F98106D389A8-FollowerState was interrupted
2022-10-11 12:48:10,208 [grpc-default-executor-1] INFO  server.RaftServer$Division (RaftServerImpl.java:requestVote(1184)) - d9bae50b-7f91-4fa0-a494-505c1b3af8a6@group-F98106D389A8 replies to ELECTION vote request: 9db450c2-c065-4fcc-a5b2-7f05d2839b90<-d9bae50b-7f91-4fa0-a494-505c1b3af8a6#0:FAIL-t2. Peer's state: d9bae50b-7f91-4fa0-a494-505c1b3af8a6@group-F98106D389A8:t2, leader=null, voted=null, raftlog=d9bae50b-7f91-4fa0-a494-505c1b3af8a6@group-F98106D389A8-SegmentedRaftLog:OPENED:c-1, conf=-1: [0b6ae373-df17-43b9-8f38-34bc24a5586b|rpc:10.1.1.98:34467|dataStream:|priority:0, d9bae50b-7f91-4fa0-a494-505c1b3af8a6|rpc:10.1.1.98:36785|dataStream:|priority:1, 9db450c2-c065-4fcc-a5b2-7f05d2839b90|rpc:10.1.1.98:45715|dataStream:|priority:0], old=null
2022-10-11 12:48:10,210 [9db450c2-c065-4fcc-a5b2-7f05d2839b90@group-F98106D389A8-LeaderElection3] INFO  impl.LeaderElection (LeaderElection.java:logAndReturn(90)) - 9db450c2-c065-4fcc-a5b2-7f05d2839b90@group-F98106D389A8-LeaderElection3: ELECTION REJECTED received 2 response(s) and 0 exception(s):
2022-10-11 12:48:10,210 [9db450c2-c065-4fcc-a5b2-7f05d2839b90@group-F98106D389A8-LeaderElection3] INFO  impl.LeaderElection (LeaderElection.java:logAndReturn(94)) -   Response 0: 9db450c2-c065-4fcc-a5b2-7f05d2839b90<-0b6ae373-df17-43b9-8f38-34bc24a5586b#0:OK-t2
2022-10-11 12:48:10,210 [9db450c2-c065-4fcc-a5b2-7f05d2839b90@group-F98106D389A8-LeaderElection3] INFO  impl.LeaderElection (LeaderElection.java:logAndReturn(94)) -   Response 1: 9db450c2-c065-4fcc-a5b2-7f05d2839b90<-d9bae50b-7f91-4fa0-a494-505c1b3af8a6#0:FAIL-t2
2022-10-11 12:48:10,211 [9db450c2-c065-4fcc-a5b2-7f05d2839b90@group-F98106D389A8-LeaderElection3] INFO  impl.LeaderElection (LeaderElection.java:askForVotes(312)) - 9db450c2-c065-4fcc-a5b2-7f05d2839b90@group-F98106D389A8-LeaderElection3 ELECTION round 0: result REJECTED
2022-10-11 12:48:10,212 [9db450c2-c065-4fcc-a5b2-7f05d2839b90@group-F98106D389A8-LeaderElection3] INFO  server.RaftServer$Division (RaftServerImpl.java:setRole(299)) - 9db450c2-c065-4fcc-a5b2-7f05d2839b90@group-F98106D389A8: changes role from CANDIDATE to FOLLOWER at term 2 for REJECTED
2022-10-11 12:48:10,212 [9db450c2-c065-4fcc-a5b2-7f05d2839b90@group-F98106D389A8-LeaderElection3] INFO  impl.RoleInfo (RoleInfo.java:shutdownLeaderElection(130)) - 9db450c2-c065-4fcc-a5b2-7f05d2839b90: shutdown 9db450c2-c065-4fcc-a5b2-7f05d2839b90@group-F98106D389A8-LeaderElection3
2022-10-11 12:48:10,212 [9db450c2-c065-4fcc-a5b2-7f05d2839b90@group-F98106D389A8-LeaderElection3] INFO  impl.RoleInfo (RoleInfo.java:updateAndGet(139)) - 9db450c2-c065-4fcc-a5b2-7f05d2839b90: start 9db450c2-c065-4fcc-a5b2-7f05d2839b90@group-F98106D389A8-FollowerState
2022-10-11 12:48:10,922 [Listener at 127.0.0.1/38717] INFO  ozone.MiniOzoneClusterImpl (MiniOzoneClusterImpl.java:lambda$waitForClusterToBeReady$0(216)) - Nodes are ready. Got 3 of 3 DN Heartbeats.
2022-10-11 12:48:10,923 [Listener at 127.0.0.1/38717] INFO  ozone.MiniOzoneClusterImpl (MiniOzoneClusterImpl.java:lambda$waitForClusterToBeReady$0(219)) - Waiting for cluster to exit safe mode
2022-10-11 12:48:10,923 [Listener at 127.0.0.1/38717] INFO  ozone.MiniOzoneClusterImpl (MiniOzoneClusterImpl.java:lambda$waitForClusterToBeReady$0(221)) - SCM became leader
2022-10-11 12:48:11,924 [Listener at 127.0.0.1/38717] INFO  ozone.MiniOzoneClusterImpl (MiniOzoneClusterImpl.java:lambda$waitForClusterToBeReady$0(216)) - Nodes are ready. Got 3 of 3 DN Heartbeats.
2022-10-11 12:48:11,924 [Listener at 127.0.0.1/38717] INFO  ozone.MiniOzoneClusterImpl (MiniOzoneClusterImpl.java:lambda$waitForClusterToBeReady$0(219)) - Waiting for cluster to exit safe mode
2022-10-11 12:48:11,924 [Listener at 127.0.0.1/38717] INFO  ozone.MiniOzoneClusterImpl (MiniOzoneClusterImpl.java:lambda$waitForClusterToBeReady$0(221)) - SCM became leader
2022-10-11 12:48:12,925 [Listener at 127.0.0.1/38717] INFO  ozone.MiniOzoneClusterImpl (MiniOzoneClusterImpl.java:lambda$waitForClusterToBeReady$0(216)) - Nodes are ready. Got 3 of 3 DN Heartbeats.
2022-10-11 12:48:12,925 [Listener at 127.0.0.1/38717] INFO  ozone.MiniOzoneClusterImpl (MiniOzoneClusterImpl.java:lambda$waitForClusterToBeReady$0(219)) - Waiting for cluster to exit safe mode
2022-10-11 12:48:12,925 [Listener at 127.0.0.1/38717] INFO  ozone.MiniOzoneClusterImpl (MiniOzoneClusterImpl.java:lambda$waitForClusterToBeReady$0(221)) - SCM became leader
2022-10-11 12:48:13,925 [Listener at 127.0.0.1/38717] INFO  ozone.MiniOzoneClusterImpl (MiniOzoneClusterImpl.java:lambda$waitForClusterToBeReady$0(216)) - Nodes are ready. Got 3 of 3 DN Heartbeats.
2022-10-11 12:48:13,926 [Listener at 127.0.0.1/38717] INFO  ozone.MiniOzoneClusterImpl (MiniOzoneClusterImpl.java:lambda$waitForClusterToBeReady$0(219)) - Waiting for cluster to exit safe mode
2022-10-11 12:48:13,926 [Listener at 127.0.0.1/38717] INFO  ozone.MiniOzoneClusterImpl (MiniOzoneClusterImpl.java:lambda$waitForClusterToBeReady$0(221)) - SCM became leader
2022-10-11 12:48:14,926 [Listener at 127.0.0.1/38717] INFO  ozone.MiniOzoneClusterImpl (MiniOzoneClusterImpl.java:lambda$waitForClusterToBeReady$0(216)) - Nodes are ready. Got 3 of 3 DN Heartbeats.
2022-10-11 12:48:14,927 [Listener at 127.0.0.1/38717] INFO  ozone.MiniOzoneClusterImpl (MiniOzoneClusterImpl.java:lambda$waitForClusterToBeReady$0(219)) - Waiting for cluster to exit safe mode
2022-10-11 12:48:14,927 [Listener at 127.0.0.1/38717] INFO  ozone.MiniOzoneClusterImpl (MiniOzoneClusterImpl.java:lambda$waitForClusterToBeReady$0(221)) - SCM became leader
2022-10-11 12:48:15,351 [d9bae50b-7f91-4fa0-a494-505c1b3af8a6@group-F98106D389A8-FollowerState] INFO  impl.FollowerState (FollowerState.java:run(143)) - d9bae50b-7f91-4fa0-a494-505c1b3af8a6@group-F98106D389A8-FollowerState: change to CANDIDATE, lastRpcElapsedTime:5148291106ns, electionTimeout:5144ms
2022-10-11 12:48:15,351 [d9bae50b-7f91-4fa0-a494-505c1b3af8a6@group-F98106D389A8-FollowerState] INFO  impl.RoleInfo (RoleInfo.java:shutdownFollowerState(110)) - d9bae50b-7f91-4fa0-a494-505c1b3af8a6: shutdown d9bae50b-7f91-4fa0-a494-505c1b3af8a6@group-F98106D389A8-FollowerState
2022-10-11 12:48:15,352 [d9bae50b-7f91-4fa0-a494-505c1b3af8a6@group-F98106D389A8-FollowerState] INFO  server.RaftServer$Division (RaftServerImpl.java:setRole(299)) - d9bae50b-7f91-4fa0-a494-505c1b3af8a6@group-F98106D389A8: changes role from  FOLLOWER to CANDIDATE at term 2 for changeToCandidate
2022-10-11 12:48:15,352 [d9bae50b-7f91-4fa0-a494-505c1b3af8a6@group-F98106D389A8-FollowerState] INFO  server.RaftServerConfigKeys (ConfUtils.java:logGet(46)) - raft.server.leaderelection.pre-vote = false (custom)
2022-10-11 12:48:15,352 [d9bae50b-7f91-4fa0-a494-505c1b3af8a6@group-F98106D389A8-FollowerState] INFO  impl.RoleInfo (RoleInfo.java:updateAndGet(139)) - d9bae50b-7f91-4fa0-a494-505c1b3af8a6: start d9bae50b-7f91-4fa0-a494-505c1b3af8a6@group-F98106D389A8-LeaderElection4
2022-10-11 12:48:15,356 [d9bae50b-7f91-4fa0-a494-505c1b3af8a6@group-F98106D389A8-LeaderElection4] INFO  impl.LeaderElection (LeaderElection.java:askForVotes(310)) - d9bae50b-7f91-4fa0-a494-505c1b3af8a6@group-F98106D389A8-LeaderElection4 ELECTION round 0: submit vote requests at term 3 for -1: [0b6ae373-df17-43b9-8f38-34bc24a5586b|rpc:10.1.1.98:34467|dataStream:|priority:0, d9bae50b-7f91-4fa0-a494-505c1b3af8a6|rpc:10.1.1.98:36785|dataStream:|priority:1, 9db450c2-c065-4fcc-a5b2-7f05d2839b90|rpc:10.1.1.98:45715|dataStream:|priority:0], old=null
2022-10-11 12:48:15,369 [9db450c2-c065-4fcc-a5b2-7f05d2839b90@group-F98106D389A8-FollowerState] INFO  impl.FollowerState (FollowerState.java:run(143)) - 9db450c2-c065-4fcc-a5b2-7f05d2839b90@group-F98106D389A8-FollowerState: change to CANDIDATE, lastRpcElapsedTime:5156949735ns, electionTimeout:5153ms
2022-10-11 12:48:15,369 [9db450c2-c065-4fcc-a5b2-7f05d2839b90@group-F98106D389A8-FollowerState] INFO  impl.RoleInfo (RoleInfo.java:shutdownFollowerState(110)) - 9db450c2-c065-4fcc-a5b2-7f05d2839b90: shutdown 9db450c2-c065-4fcc-a5b2-7f05d2839b90@group-F98106D389A8-FollowerState
2022-10-11 12:48:15,369 [9db450c2-c065-4fcc-a5b2-7f05d2839b90@group-F98106D389A8-FollowerState] INFO  server.RaftServer$Division (RaftServerImpl.java:setRole(299)) - 9db450c2-c065-4fcc-a5b2-7f05d2839b90@group-F98106D389A8: changes role from  FOLLOWER to CANDIDATE at term 2 for changeToCandidate
2022-10-11 12:48:15,369 [9db450c2-c065-4fcc-a5b2-7f05d2839b90@group-F98106D389A8-FollowerState] INFO  server.RaftServerConfigKeys (ConfUtils.java:logGet(46)) - raft.server.leaderelection.pre-vote = false (custom)
2022-10-11 12:48:15,369 [9db450c2-c065-4fcc-a5b2-7f05d2839b90@group-F98106D389A8-FollowerState] INFO  impl.RoleInfo (RoleInfo.java:updateAndGet(139)) - 9db450c2-c065-4fcc-a5b2-7f05d2839b90: start 9db450c2-c065-4fcc-a5b2-7f05d2839b90@group-F98106D389A8-LeaderElection5
2022-10-11 12:48:15,383 [0b6ae373-df17-43b9-8f38-34bc24a5586b@group-F98106D389A8-FollowerState] INFO  impl.FollowerState (FollowerState.java:run(143)) - 0b6ae373-df17-43b9-8f38-34bc24a5586b@group-F98106D389A8-FollowerState: change to CANDIDATE, lastRpcElapsedTime:5183626925ns, electionTimeout:5183ms
2022-10-11 12:48:15,388 [0b6ae373-df17-43b9-8f38-34bc24a5586b@group-F98106D389A8-FollowerState] INFO  impl.RoleInfo (RoleInfo.java:shutdownFollowerState(110)) - 0b6ae373-df17-43b9-8f38-34bc24a5586b: shutdown 0b6ae373-df17-43b9-8f38-34bc24a5586b@group-F98106D389A8-FollowerState
2022-10-11 12:48:15,388 [0b6ae373-df17-43b9-8f38-34bc24a5586b@group-F98106D389A8-FollowerState] INFO  server.RaftServer$Division (RaftServerImpl.java:setRole(299)) - 0b6ae373-df17-43b9-8f38-34bc24a5586b@group-F98106D389A8: changes role from  FOLLOWER to CANDIDATE at term 2 for changeToCandidate
2022-10-11 12:48:15,388 [0b6ae373-df17-43b9-8f38-34bc24a5586b@group-F98106D389A8-FollowerState] INFO  server.RaftServerConfigKeys (ConfUtils.java:logGet(46)) - raft.server.leaderelection.pre-vote = false (custom)
2022-10-11 12:48:15,388 [0b6ae373-df17-43b9-8f38-34bc24a5586b@group-F98106D389A8-FollowerState] INFO  impl.RoleInfo (RoleInfo.java:updateAndGet(139)) - 0b6ae373-df17-43b9-8f38-34bc24a5586b: start 0b6ae373-df17-43b9-8f38-34bc24a5586b@group-F98106D389A8-LeaderElection6
2022-10-11 12:48:15,386 [9db450c2-c065-4fcc-a5b2-7f05d2839b90@group-F98106D389A8-LeaderElection5] INFO  impl.LeaderElection (LeaderElection.java:askForVotes(310)) - 9db450c2-c065-4fcc-a5b2-7f05d2839b90@group-F98106D389A8-LeaderElection5 ELECTION round 0: submit vote requests at term 3 for -1: [0b6ae373-df17-43b9-8f38-34bc24a5586b|rpc:10.1.1.98:34467|priority:0, d9bae50b-7f91-4fa0-a494-505c1b3af8a6|rpc:10.1.1.98:36785|priority:1, 9db450c2-c065-4fcc-a5b2-7f05d2839b90|rpc:10.1.1.98:45715|priority:0], old=null
2022-10-11 12:48:15,392 [grpc-default-executor-1] INFO  server.RaftServer$Division (RaftServerImpl.java:requestVote(1152)) - 9db450c2-c065-4fcc-a5b2-7f05d2839b90@group-F98106D389A8: receive requestVote(ELECTION, d9bae50b-7f91-4fa0-a494-505c1b3af8a6, group-F98106D389A8, 3, (t:0, i:0))
2022-10-11 12:48:15,393 [grpc-default-executor-1] INFO  impl.VoteContext (VoteContext.java:log(48)) - 9db450c2-c065-4fcc-a5b2-7f05d2839b90@group-F98106D389A8-CANDIDATE: reject ELECTION from d9bae50b-7f91-4fa0-a494-505c1b3af8a6: already has voted for 9db450c2-c065-4fcc-a5b2-7f05d2839b90 at current term 3
2022-10-11 12:48:15,393 [grpc-default-executor-1] INFO  server.RaftServer$Division (RaftServerImpl.java:requestVote(1184)) - 9db450c2-c065-4fcc-a5b2-7f05d2839b90@group-F98106D389A8 replies to ELECTION vote request: d9bae50b-7f91-4fa0-a494-505c1b3af8a6<-9db450c2-c065-4fcc-a5b2-7f05d2839b90#0:FAIL-t3. Peer's state: 9db450c2-c065-4fcc-a5b2-7f05d2839b90@group-F98106D389A8:t3, leader=null, voted=9db450c2-c065-4fcc-a5b2-7f05d2839b90, raftlog=9db450c2-c065-4fcc-a5b2-7f05d2839b90@group-F98106D389A8-SegmentedRaftLog:OPENED:c-1, conf=-1: [0b6ae373-df17-43b9-8f38-34bc24a5586b|rpc:10.1.1.98:34467|priority:0, d9bae50b-7f91-4fa0-a494-505c1b3af8a6|rpc:10.1.1.98:36785|priority:1, 9db450c2-c065-4fcc-a5b2-7f05d2839b90|rpc:10.1.1.98:45715|priority:0], old=null
2022-10-11 12:48:15,398 [0b6ae373-df17-43b9-8f38-34bc24a5586b@group-F98106D389A8-LeaderElection6] INFO  impl.LeaderElection (LeaderElection.java:askForVotes(310)) - 0b6ae373-df17-43b9-8f38-34bc24a5586b@group-F98106D389A8-LeaderElection6 ELECTION round 0: submit vote requests at term 3 for -1: [0b6ae373-df17-43b9-8f38-34bc24a5586b|rpc:10.1.1.98:34467|priority:0, d9bae50b-7f91-4fa0-a494-505c1b3af8a6|rpc:10.1.1.98:36785|priority:1, 9db450c2-c065-4fcc-a5b2-7f05d2839b90|rpc:10.1.1.98:45715|priority:0], old=null
2022-10-11 12:48:15,409 [grpc-default-executor-0] INFO  server.RaftServer$Division (RaftServerImpl.java:requestVote(1152)) - d9bae50b-7f91-4fa0-a494-505c1b3af8a6@group-F98106D389A8: receive requestVote(ELECTION, 9db450c2-c065-4fcc-a5b2-7f05d2839b90, group-F98106D389A8, 3, (t:0, i:0))
2022-10-11 12:48:15,410 [grpc-default-executor-0] INFO  impl.VoteContext (VoteContext.java:log(48)) - d9bae50b-7f91-4fa0-a494-505c1b3af8a6@group-F98106D389A8-CANDIDATE: reject ELECTION from 9db450c2-c065-4fcc-a5b2-7f05d2839b90: already has voted for d9bae50b-7f91-4fa0-a494-505c1b3af8a6 at current term 3
2022-10-11 12:48:15,410 [grpc-default-executor-0] INFO  server.RaftServer$Division (RaftServerImpl.java:requestVote(1184)) - d9bae50b-7f91-4fa0-a494-505c1b3af8a6@group-F98106D389A8 replies to ELECTION vote request: 9db450c2-c065-4fcc-a5b2-7f05d2839b90<-d9bae50b-7f91-4fa0-a494-505c1b3af8a6#0:FAIL-t3. Peer's state: d9bae50b-7f91-4fa0-a494-505c1b3af8a6@group-F98106D389A8:t3, leader=null, voted=d9bae50b-7f91-4fa0-a494-505c1b3af8a6, raftlog=d9bae50b-7f91-4fa0-a494-505c1b3af8a6@group-F98106D389A8-SegmentedRaftLog:OPENED:c-1, conf=-1: [0b6ae373-df17-43b9-8f38-34bc24a5586b|rpc:10.1.1.98:34467|dataStream:|priority:0, d9bae50b-7f91-4fa0-a494-505c1b3af8a6|rpc:10.1.1.98:36785|dataStream:|priority:1, 9db450c2-c065-4fcc-a5b2-7f05d2839b90|rpc:10.1.1.98:45715|dataStream:|priority:0], old=null
2022-10-11 12:48:15,415 [9db450c2-c065-4fcc-a5b2-7f05d2839b90@group-F98106D389A8-LeaderElection5] INFO  impl.LeaderElection (LeaderElection.java:logAndReturn(90)) - 9db450c2-c065-4fcc-a5b2-7f05d2839b90@group-F98106D389A8-LeaderElection5: ELECTION REJECTED received 1 response(s) and 0 exception(s):
2022-10-11 12:48:15,415 [9db450c2-c065-4fcc-a5b2-7f05d2839b90@group-F98106D389A8-LeaderElection5] INFO  impl.LeaderElection (LeaderElection.java:logAndReturn(94)) -   Response 0: 9db450c2-c065-4fcc-a5b2-7f05d2839b90<-d9bae50b-7f91-4fa0-a494-505c1b3af8a6#0:FAIL-t3
2022-10-11 12:48:15,415 [9db450c2-c065-4fcc-a5b2-7f05d2839b90@group-F98106D389A8-LeaderElection5] INFO  impl.LeaderElection (LeaderElection.java:askForVotes(312)) - 9db450c2-c065-4fcc-a5b2-7f05d2839b90@group-F98106D389A8-LeaderElection5 ELECTION round 0: result REJECTED
2022-10-11 12:48:15,415 [9db450c2-c065-4fcc-a5b2-7f05d2839b90@group-F98106D389A8-LeaderElection5] INFO  server.RaftServer$Division (RaftServerImpl.java:setRole(299)) - 9db450c2-c065-4fcc-a5b2-7f05d2839b90@group-F98106D389A8: changes role from CANDIDATE to FOLLOWER at term 3 for REJECTED
2022-10-11 12:48:15,415 [9db450c2-c065-4fcc-a5b2-7f05d2839b90@group-F98106D389A8-LeaderElection5] INFO  impl.RoleInfo (RoleInfo.java:shutdownLeaderElection(130)) - 9db450c2-c065-4fcc-a5b2-7f05d2839b90: shutdown 9db450c2-c065-4fcc-a5b2-7f05d2839b90@group-F98106D389A8-LeaderElection5
2022-10-11 12:48:15,415 [9db450c2-c065-4fcc-a5b2-7f05d2839b90@group-F98106D389A8-LeaderElection5] INFO  impl.RoleInfo (RoleInfo.java:updateAndGet(139)) - 9db450c2-c065-4fcc-a5b2-7f05d2839b90: start 9db450c2-c065-4fcc-a5b2-7f05d2839b90@group-F98106D389A8-FollowerState
2022-10-11 12:48:15,419 [grpc-default-executor-0] INFO  server.RaftServer$Division (RaftServerImpl.java:requestVote(1152)) - 0b6ae373-df17-43b9-8f38-34bc24a5586b@group-F98106D389A8: receive requestVote(ELECTION, d9bae50b-7f91-4fa0-a494-505c1b3af8a6, group-F98106D389A8, 3, (t:0, i:0))
2022-10-11 12:48:15,419 [grpc-default-executor-2] INFO  server.RaftServer$Division (RaftServerImpl.java:requestVote(1152)) - 0b6ae373-df17-43b9-8f38-34bc24a5586b@group-F98106D389A8: receive requestVote(ELECTION, 9db450c2-c065-4fcc-a5b2-7f05d2839b90, group-F98106D389A8, 3, (t:0, i:0))
2022-10-11 12:48:15,424 [grpc-default-executor-0] INFO  impl.VoteContext (VoteContext.java:log(48)) - 0b6ae373-df17-43b9-8f38-34bc24a5586b@group-F98106D389A8-CANDIDATE: reject ELECTION from d9bae50b-7f91-4fa0-a494-505c1b3af8a6: already has voted for 0b6ae373-df17-43b9-8f38-34bc24a5586b at current term 3
2022-10-11 12:48:15,424 [grpc-default-executor-0] INFO  server.RaftServer$Division (RaftServerImpl.java:requestVote(1184)) - 0b6ae373-df17-43b9-8f38-34bc24a5586b@group-F98106D389A8 replies to ELECTION vote request: d9bae50b-7f91-4fa0-a494-505c1b3af8a6<-0b6ae373-df17-43b9-8f38-34bc24a5586b#0:FAIL-t3. Peer's state: 0b6ae373-df17-43b9-8f38-34bc24a5586b@group-F98106D389A8:t3, leader=null, voted=0b6ae373-df17-43b9-8f38-34bc24a5586b, raftlog=0b6ae373-df17-43b9-8f38-34bc24a5586b@group-F98106D389A8-SegmentedRaftLog:OPENED:c-1, conf=-1: [0b6ae373-df17-43b9-8f38-34bc24a5586b|rpc:10.1.1.98:34467|priority:0, d9bae50b-7f91-4fa0-a494-505c1b3af8a6|rpc:10.1.1.98:36785|priority:1, 9db450c2-c065-4fcc-a5b2-7f05d2839b90|rpc:10.1.1.98:45715|priority:0], old=null
2022-10-11 12:48:15,424 [grpc-default-executor-2] INFO  impl.VoteContext (VoteContext.java:log(48)) - 0b6ae373-df17-43b9-8f38-34bc24a5586b@group-F98106D389A8-CANDIDATE: reject ELECTION from 9db450c2-c065-4fcc-a5b2-7f05d2839b90: already has voted for 0b6ae373-df17-43b9-8f38-34bc24a5586b at current term 3
2022-10-11 12:48:15,424 [grpc-default-executor-2] INFO  server.RaftServer$Division (RaftServerImpl.java:requestVote(1184)) - 0b6ae373-df17-43b9-8f38-34bc24a5586b@group-F98106D389A8 replies to ELECTION vote request: 9db450c2-c065-4fcc-a5b2-7f05d2839b90<-0b6ae373-df17-43b9-8f38-34bc24a5586b#0:FAIL-t3. Peer's state: 0b6ae373-df17-43b9-8f38-34bc24a5586b@group-F98106D389A8:t3, leader=null, voted=0b6ae373-df17-43b9-8f38-34bc24a5586b, raftlog=0b6ae373-df17-43b9-8f38-34bc24a5586b@group-F98106D389A8-SegmentedRaftLog:OPENED:c-1, conf=-1: [0b6ae373-df17-43b9-8f38-34bc24a5586b|rpc:10.1.1.98:34467|priority:0, d9bae50b-7f91-4fa0-a494-505c1b3af8a6|rpc:10.1.1.98:36785|priority:1, 9db450c2-c065-4fcc-a5b2-7f05d2839b90|rpc:10.1.1.98:45715|priority:0], old=null
2022-10-11 12:48:15,430 [d9bae50b-7f91-4fa0-a494-505c1b3af8a6@group-F98106D389A8-LeaderElection4] INFO  impl.LeaderElection (LeaderElection.java:logAndReturn(90)) - d9bae50b-7f91-4fa0-a494-505c1b3af8a6@group-F98106D389A8-LeaderElection4: ELECTION REJECTED received 2 response(s) and 0 exception(s):
2022-10-11 12:48:15,433 [d9bae50b-7f91-4fa0-a494-505c1b3af8a6@group-F98106D389A8-LeaderElection4] INFO  impl.LeaderElection (LeaderElection.java:logAndReturn(94)) -   Response 0: d9bae50b-7f91-4fa0-a494-505c1b3af8a6<-0b6ae373-df17-43b9-8f38-34bc24a5586b#0:FAIL-t3
2022-10-11 12:48:15,433 [d9bae50b-7f91-4fa0-a494-505c1b3af8a6@group-F98106D389A8-LeaderElection4] INFO  impl.LeaderElection (LeaderElection.java:logAndReturn(94)) -   Response 1: d9bae50b-7f91-4fa0-a494-505c1b3af8a6<-9db450c2-c065-4fcc-a5b2-7f05d2839b90#0:FAIL-t3
2022-10-11 12:48:15,433 [d9bae50b-7f91-4fa0-a494-505c1b3af8a6@group-F98106D389A8-LeaderElection4] INFO  impl.LeaderElection (LeaderElection.java:askForVotes(312)) - d9bae50b-7f91-4fa0-a494-505c1b3af8a6@group-F98106D389A8-LeaderElection4 ELECTION round 0: result REJECTED
2022-10-11 12:48:15,433 [d9bae50b-7f91-4fa0-a494-505c1b3af8a6@group-F98106D389A8-LeaderElection4] INFO  server.RaftServer$Division (RaftServerImpl.java:setRole(299)) - d9bae50b-7f91-4fa0-a494-505c1b3af8a6@group-F98106D389A8: changes role from CANDIDATE to FOLLOWER at term 3 for REJECTED
2022-10-11 12:48:15,433 [d9bae50b-7f91-4fa0-a494-505c1b3af8a6@group-F98106D389A8-LeaderElection4] INFO  impl.RoleInfo (RoleInfo.java:shutdownLeaderElection(130)) - d9bae50b-7f91-4fa0-a494-505c1b3af8a6: shutdown d9bae50b-7f91-4fa0-a494-505c1b3af8a6@group-F98106D389A8-LeaderElection4
2022-10-11 12:48:15,433 [d9bae50b-7f91-4fa0-a494-505c1b3af8a6@group-F98106D389A8-LeaderElection4] INFO  impl.RoleInfo (RoleInfo.java:updateAndGet(139)) - d9bae50b-7f91-4fa0-a494-505c1b3af8a6: start d9bae50b-7f91-4fa0-a494-505c1b3af8a6@group-F98106D389A8-FollowerState
2022-10-11 12:48:15,443 [grpc-default-executor-2] INFO  server.RaftServer$Division (RaftServerImpl.java:requestVote(1152)) - 9db450c2-c065-4fcc-a5b2-7f05d2839b90@group-F98106D389A8: receive requestVote(ELECTION, 0b6ae373-df17-43b9-8f38-34bc24a5586b, group-F98106D389A8, 3, (t:0, i:0))
2022-10-11 12:48:15,444 [grpc-default-executor-2] INFO  impl.VoteContext (VoteContext.java:log(48)) - 9db450c2-c065-4fcc-a5b2-7f05d2839b90@group-F98106D389A8-FOLLOWER: reject ELECTION from 0b6ae373-df17-43b9-8f38-34bc24a5586b: already has voted for 9db450c2-c065-4fcc-a5b2-7f05d2839b90 at current term 3
2022-10-11 12:48:15,444 [grpc-default-executor-2] INFO  server.RaftServer$Division (RaftServerImpl.java:requestVote(1184)) - 9db450c2-c065-4fcc-a5b2-7f05d2839b90@group-F98106D389A8 replies to ELECTION vote request: 0b6ae373-df17-43b9-8f38-34bc24a5586b<-9db450c2-c065-4fcc-a5b2-7f05d2839b90#0:FAIL-t3. Peer's state: 9db450c2-c065-4fcc-a5b2-7f05d2839b90@group-F98106D389A8:t3, leader=null, voted=9db450c2-c065-4fcc-a5b2-7f05d2839b90, raftlog=9db450c2-c065-4fcc-a5b2-7f05d2839b90@group-F98106D389A8-SegmentedRaftLog:OPENED:c-1, conf=-1: [0b6ae373-df17-43b9-8f38-34bc24a5586b|rpc:10.1.1.98:34467|priority:0, d9bae50b-7f91-4fa0-a494-505c1b3af8a6|rpc:10.1.1.98:36785|priority:1, 9db450c2-c065-4fcc-a5b2-7f05d2839b90|rpc:10.1.1.98:45715|priority:0], old=null
2022-10-11 12:48:15,446 [grpc-default-executor-0] INFO  server.RaftServer$Division (RaftServerImpl.java:requestVote(1152)) - d9bae50b-7f91-4fa0-a494-505c1b3af8a6@group-F98106D389A8: receive requestVote(ELECTION, 0b6ae373-df17-43b9-8f38-34bc24a5586b, group-F98106D389A8, 3, (t:0, i:0))
2022-10-11 12:48:15,447 [grpc-default-executor-0] INFO  impl.VoteContext (VoteContext.java:log(48)) - d9bae50b-7f91-4fa0-a494-505c1b3af8a6@group-F98106D389A8-FOLLOWER: reject ELECTION from 0b6ae373-df17-43b9-8f38-34bc24a5586b: already has voted for d9bae50b-7f91-4fa0-a494-505c1b3af8a6 at current term 3
2022-10-11 12:48:15,447 [grpc-default-executor-0] INFO  server.RaftServer$Division (RaftServerImpl.java:requestVote(1184)) - d9bae50b-7f91-4fa0-a494-505c1b3af8a6@group-F98106D389A8 replies to ELECTION vote request: 0b6ae373-df17-43b9-8f38-34bc24a5586b<-d9bae50b-7f91-4fa0-a494-505c1b3af8a6#0:FAIL-t3. Peer's state: d9bae50b-7f91-4fa0-a494-505c1b3af8a6@group-F98106D389A8:t3, leader=null, voted=d9bae50b-7f91-4fa0-a494-505c1b3af8a6, raftlog=d9bae50b-7f91-4fa0-a494-505c1b3af8a6@group-F98106D389A8-SegmentedRaftLog:OPENED:c-1, conf=-1: [0b6ae373-df17-43b9-8f38-34bc24a5586b|rpc:10.1.1.98:34467|dataStream:|priority:0, d9bae50b-7f91-4fa0-a494-505c1b3af8a6|rpc:10.1.1.98:36785|dataStream:|priority:1, 9db450c2-c065-4fcc-a5b2-7f05d2839b90|rpc:10.1.1.98:45715|dataStream:|priority:0], old=null
2022-10-11 12:48:15,450 [0b6ae373-df17-43b9-8f38-34bc24a5586b@group-F98106D389A8-LeaderElection6] INFO  impl.LeaderElection (LeaderElection.java:logAndReturn(90)) - 0b6ae373-df17-43b9-8f38-34bc24a5586b@group-F98106D389A8-LeaderElection6: ELECTION REJECTED received 2 response(s) and 0 exception(s):
2022-10-11 12:48:15,450 [0b6ae373-df17-43b9-8f38-34bc24a5586b@group-F98106D389A8-LeaderElection6] INFO  impl.LeaderElection (LeaderElection.java:logAndReturn(94)) -   Response 0: 0b6ae373-df17-43b9-8f38-34bc24a5586b<-d9bae50b-7f91-4fa0-a494-505c1b3af8a6#0:FAIL-t3
2022-10-11 12:48:15,450 [0b6ae373-df17-43b9-8f38-34bc24a5586b@group-F98106D389A8-LeaderElection6] INFO  impl.LeaderElection (LeaderElection.java:logAndReturn(94)) -   Response 1: 0b6ae373-df17-43b9-8f38-34bc24a5586b<-9db450c2-c065-4fcc-a5b2-7f05d2839b90#0:FAIL-t3
2022-10-11 12:48:15,450 [0b6ae373-df17-43b9-8f38-34bc24a5586b@group-F98106D389A8-LeaderElection6] INFO  impl.LeaderElection (LeaderElection.java:askForVotes(312)) - 0b6ae373-df17-43b9-8f38-34bc24a5586b@group-F98106D389A8-LeaderElection6 ELECTION round 0: result REJECTED
2022-10-11 12:48:15,451 [0b6ae373-df17-43b9-8f38-34bc24a5586b@group-F98106D389A8-LeaderElection6] INFO  server.RaftServer$Division (RaftServerImpl.java:setRole(299)) - 0b6ae373-df17-43b9-8f38-34bc24a5586b@group-F98106D389A8: changes role from CANDIDATE to FOLLOWER at term 3 for REJECTED
2022-10-11 12:48:15,451 [0b6ae373-df17-43b9-8f38-34bc24a5586b@group-F98106D389A8-LeaderElection6] INFO  impl.RoleInfo (RoleInfo.java:shutdownLeaderElection(130)) - 0b6ae373-df17-43b9-8f38-34bc24a5586b: shutdown 0b6ae373-df17-43b9-8f38-34bc24a5586b@group-F98106D389A8-LeaderElection6
2022-10-11 12:48:15,451 [0b6ae373-df17-43b9-8f38-34bc24a5586b@group-F98106D389A8-LeaderElection6] INFO  impl.RoleInfo (RoleInfo.java:updateAndGet(139)) - 0b6ae373-df17-43b9-8f38-34bc24a5586b: start 0b6ae373-df17-43b9-8f38-34bc24a5586b@group-F98106D389A8-FollowerState
2022-10-11 12:48:15,927 [Listener at 127.0.0.1/38717] INFO  ozone.MiniOzoneClusterImpl (MiniOzoneClusterImpl.java:lambda$waitForClusterToBeReady$0(216)) - Nodes are ready. Got 3 of 3 DN Heartbeats.
2022-10-11 12:48:15,928 [Listener at 127.0.0.1/38717] INFO  ozone.MiniOzoneClusterImpl (MiniOzoneClusterImpl.java:lambda$waitForClusterToBeReady$0(219)) - Waiting for cluster to exit safe mode
2022-10-11 12:48:15,928 [Listener at 127.0.0.1/38717] INFO  ozone.MiniOzoneClusterImpl (MiniOzoneClusterImpl.java:lambda$waitForClusterToBeReady$0(221)) - SCM became leader
2022-10-11 12:48:16,929 [Listener at 127.0.0.1/38717] INFO  ozone.MiniOzoneClusterImpl (MiniOzoneClusterImpl.java:lambda$waitForClusterToBeReady$0(216)) - Nodes are ready. Got 3 of 3 DN Heartbeats.
2022-10-11 12:48:16,929 [Listener at 127.0.0.1/38717] INFO  ozone.MiniOzoneClusterImpl (MiniOzoneClusterImpl.java:lambda$waitForClusterToBeReady$0(219)) - Waiting for cluster to exit safe mode
2022-10-11 12:48:16,929 [Listener at 127.0.0.1/38717] INFO  ozone.MiniOzoneClusterImpl (MiniOzoneClusterImpl.java:lambda$waitForClusterToBeReady$0(221)) - SCM became leader
2022-10-11 12:48:17,930 [Listener at 127.0.0.1/38717] INFO  ozone.MiniOzoneClusterImpl (MiniOzoneClusterImpl.java:lambda$waitForClusterToBeReady$0(216)) - Nodes are ready. Got 3 of 3 DN Heartbeats.
2022-10-11 12:48:17,930 [Listener at 127.0.0.1/38717] INFO  ozone.MiniOzoneClusterImpl (MiniOzoneClusterImpl.java:lambda$waitForClusterToBeReady$0(219)) - Waiting for cluster to exit safe mode
2022-10-11 12:48:17,930 [Listener at 127.0.0.1/38717] INFO  ozone.MiniOzoneClusterImpl (MiniOzoneClusterImpl.java:lambda$waitForClusterToBeReady$0(221)) - SCM became leader
2022-10-11 12:48:18,930 [Listener at 127.0.0.1/38717] INFO  ozone.MiniOzoneClusterImpl (MiniOzoneClusterImpl.java:lambda$waitForClusterToBeReady$0(216)) - Nodes are ready. Got 3 of 3 DN Heartbeats.
2022-10-11 12:48:18,931 [Listener at 127.0.0.1/38717] INFO  ozone.MiniOzoneClusterImpl (MiniOzoneClusterImpl.java:lambda$waitForClusterToBeReady$0(219)) - Waiting for cluster to exit safe mode
2022-10-11 12:48:18,931 [Listener at 127.0.0.1/38717] INFO  ozone.MiniOzoneClusterImpl (MiniOzoneClusterImpl.java:lambda$waitForClusterToBeReady$0(221)) - SCM became leader
2022-10-11 12:48:19,931 [Listener at 127.0.0.1/38717] INFO  ozone.MiniOzoneClusterImpl (MiniOzoneClusterImpl.java:lambda$waitForClusterToBeReady$0(216)) - Nodes are ready. Got 3 of 3 DN Heartbeats.
2022-10-11 12:48:19,932 [Listener at 127.0.0.1/38717] INFO  ozone.MiniOzoneClusterImpl (MiniOzoneClusterImpl.java:lambda$waitForClusterToBeReady$0(219)) - Waiting for cluster to exit safe mode
2022-10-11 12:48:19,932 [Listener at 127.0.0.1/38717] INFO  ozone.MiniOzoneClusterImpl (MiniOzoneClusterImpl.java:lambda$waitForClusterToBeReady$0(221)) - SCM became leader
2022-10-11 12:48:20,463 [0b6ae373-df17-43b9-8f38-34bc24a5586b@group-F98106D389A8-FollowerState] INFO  impl.FollowerState (FollowerState.java:run(143)) - 0b6ae373-df17-43b9-8f38-34bc24a5586b@group-F98106D389A8-FollowerState: change to CANDIDATE, lastRpcElapsedTime:5011930561ns, electionTimeout:5011ms
2022-10-11 12:48:20,463 [0b6ae373-df17-43b9-8f38-34bc24a5586b@group-F98106D389A8-FollowerState] INFO  impl.RoleInfo (RoleInfo.java:shutdownFollowerState(110)) - 0b6ae373-df17-43b9-8f38-34bc24a5586b: shutdown 0b6ae373-df17-43b9-8f38-34bc24a5586b@group-F98106D389A8-FollowerState
2022-10-11 12:48:20,463 [0b6ae373-df17-43b9-8f38-34bc24a5586b@group-F98106D389A8-FollowerState] INFO  server.RaftServer$Division (RaftServerImpl.java:setRole(299)) - 0b6ae373-df17-43b9-8f38-34bc24a5586b@group-F98106D389A8: changes role from  FOLLOWER to CANDIDATE at term 3 for changeToCandidate
2022-10-11 12:48:20,463 [0b6ae373-df17-43b9-8f38-34bc24a5586b@group-F98106D389A8-FollowerState] INFO  server.RaftServerConfigKeys (ConfUtils.java:logGet(46)) - raft.server.leaderelection.pre-vote = false (custom)
2022-10-11 12:48:20,463 [0b6ae373-df17-43b9-8f38-34bc24a5586b@group-F98106D389A8-FollowerState] INFO  impl.RoleInfo (RoleInfo.java:updateAndGet(139)) - 0b6ae373-df17-43b9-8f38-34bc24a5586b: start 0b6ae373-df17-43b9-8f38-34bc24a5586b@group-F98106D389A8-LeaderElection7
2022-10-11 12:48:20,467 [0b6ae373-df17-43b9-8f38-34bc24a5586b@group-F98106D389A8-LeaderElection7] INFO  impl.LeaderElection (LeaderElection.java:askForVotes(310)) - 0b6ae373-df17-43b9-8f38-34bc24a5586b@group-F98106D389A8-LeaderElection7 ELECTION round 0: submit vote requests at term 4 for -1: [0b6ae373-df17-43b9-8f38-34bc24a5586b|rpc:10.1.1.98:34467|priority:0, d9bae50b-7f91-4fa0-a494-505c1b3af8a6|rpc:10.1.1.98:36785|priority:1, 9db450c2-c065-4fcc-a5b2-7f05d2839b90|rpc:10.1.1.98:45715|priority:0], old=null
2022-10-11 12:48:20,477 [grpc-default-executor-0] INFO  server.RaftServer$Division (RaftServerImpl.java:requestVote(1152)) - d9bae50b-7f91-4fa0-a494-505c1b3af8a6@group-F98106D389A8: receive requestVote(ELECTION, 0b6ae373-df17-43b9-8f38-34bc24a5586b, group-F98106D389A8, 4, (t:0, i:0))
2022-10-11 12:48:20,477 [grpc-default-executor-0] INFO  impl.VoteContext (VoteContext.java:log(48)) - d9bae50b-7f91-4fa0-a494-505c1b3af8a6@group-F98106D389A8-FOLLOWER: reject ELECTION from 0b6ae373-df17-43b9-8f38-34bc24a5586b: our priority 1 > candidate's priority 0
2022-10-11 12:48:20,477 [grpc-default-executor-0] INFO  server.RaftServer$Division (RaftServerImpl.java:setRole(299)) - d9bae50b-7f91-4fa0-a494-505c1b3af8a6@group-F98106D389A8: changes role from  FOLLOWER to FOLLOWER at term 4 for candidate:0b6ae373-df17-43b9-8f38-34bc24a5586b
2022-10-11 12:48:20,477 [grpc-default-executor-0] INFO  impl.RoleInfo (RoleInfo.java:shutdownFollowerState(110)) - d9bae50b-7f91-4fa0-a494-505c1b3af8a6: shutdown d9bae50b-7f91-4fa0-a494-505c1b3af8a6@group-F98106D389A8-FollowerState
2022-10-11 12:48:20,477 [grpc-default-executor-0] INFO  impl.RoleInfo (RoleInfo.java:updateAndGet(139)) - d9bae50b-7f91-4fa0-a494-505c1b3af8a6: start d9bae50b-7f91-4fa0-a494-505c1b3af8a6@group-F98106D389A8-FollowerState
2022-10-11 12:48:20,477 [d9bae50b-7f91-4fa0-a494-505c1b3af8a6@group-F98106D389A8-FollowerState] INFO  impl.FollowerState (FollowerState.java:run(152)) - d9bae50b-7f91-4fa0-a494-505c1b3af8a6@group-F98106D389A8-FollowerState was interrupted
2022-10-11 12:48:20,479 [grpc-default-executor-2] INFO  server.RaftServer$Division (RaftServerImpl.java:requestVote(1152)) - 9db450c2-c065-4fcc-a5b2-7f05d2839b90@group-F98106D389A8: receive requestVote(ELECTION, 0b6ae373-df17-43b9-8f38-34bc24a5586b, group-F98106D389A8, 4, (t:0, i:0))
2022-10-11 12:48:20,479 [grpc-default-executor-2] INFO  impl.VoteContext (VoteContext.java:log(48)) - 9db450c2-c065-4fcc-a5b2-7f05d2839b90@group-F98106D389A8-FOLLOWER: accept ELECTION from 0b6ae373-df17-43b9-8f38-34bc24a5586b: our priority 0 <= candidate's priority 0
2022-10-11 12:48:20,479 [grpc-default-executor-2] INFO  server.RaftServer$Division (RaftServerImpl.java:setRole(299)) - 9db450c2-c065-4fcc-a5b2-7f05d2839b90@group-F98106D389A8: changes role from  FOLLOWER to FOLLOWER at term 4 for candidate:0b6ae373-df17-43b9-8f38-34bc24a5586b
2022-10-11 12:48:20,479 [grpc-default-executor-2] INFO  impl.RoleInfo (RoleInfo.java:shutdownFollowerState(110)) - 9db450c2-c065-4fcc-a5b2-7f05d2839b90: shutdown 9db450c2-c065-4fcc-a5b2-7f05d2839b90@group-F98106D389A8-FollowerState
2022-10-11 12:48:20,480 [grpc-default-executor-2] INFO  impl.RoleInfo (RoleInfo.java:updateAndGet(139)) - 9db450c2-c065-4fcc-a5b2-7f05d2839b90: start 9db450c2-c065-4fcc-a5b2-7f05d2839b90@group-F98106D389A8-FollowerState
2022-10-11 12:48:20,480 [9db450c2-c065-4fcc-a5b2-7f05d2839b90@group-F98106D389A8-FollowerState] INFO  impl.FollowerState (FollowerState.java:run(152)) - 9db450c2-c065-4fcc-a5b2-7f05d2839b90@group-F98106D389A8-FollowerState was interrupted
2022-10-11 12:48:20,481 [grpc-default-executor-0] INFO  server.RaftServer$Division (RaftServerImpl.java:requestVote(1184)) - d9bae50b-7f91-4fa0-a494-505c1b3af8a6@group-F98106D389A8 replies to ELECTION vote request: 0b6ae373-df17-43b9-8f38-34bc24a5586b<-d9bae50b-7f91-4fa0-a494-505c1b3af8a6#0:FAIL-t4. Peer's state: d9bae50b-7f91-4fa0-a494-505c1b3af8a6@group-F98106D389A8:t4, leader=null, voted=null, raftlog=d9bae50b-7f91-4fa0-a494-505c1b3af8a6@group-F98106D389A8-SegmentedRaftLog:OPENED:c-1, conf=-1: [0b6ae373-df17-43b9-8f38-34bc24a5586b|rpc:10.1.1.98:34467|dataStream:|priority:0, d9bae50b-7f91-4fa0-a494-505c1b3af8a6|rpc:10.1.1.98:36785|dataStream:|priority:1, 9db450c2-c065-4fcc-a5b2-7f05d2839b90|rpc:10.1.1.98:45715|dataStream:|priority:0], old=null
2022-10-11 12:48:20,484 [0b6ae373-df17-43b9-8f38-34bc24a5586b@group-F98106D389A8-LeaderElection7] INFO  impl.LeaderElection (LeaderElection.java:logAndReturn(90)) - 0b6ae373-df17-43b9-8f38-34bc24a5586b@group-F98106D389A8-LeaderElection7: ELECTION REJECTED received 1 response(s) and 0 exception(s):
2022-10-11 12:48:20,484 [0b6ae373-df17-43b9-8f38-34bc24a5586b@group-F98106D389A8-LeaderElection7] INFO  impl.LeaderElection (LeaderElection.java:logAndReturn(94)) -   Response 0: 0b6ae373-df17-43b9-8f38-34bc24a5586b<-d9bae50b-7f91-4fa0-a494-505c1b3af8a6#0:FAIL-t4
2022-10-11 12:48:20,484 [0b6ae373-df17-43b9-8f38-34bc24a5586b@group-F98106D389A8-LeaderElection7] INFO  impl.LeaderElection (LeaderElection.java:askForVotes(312)) - 0b6ae373-df17-43b9-8f38-34bc24a5586b@group-F98106D389A8-LeaderElection7 ELECTION round 0: result REJECTED
2022-10-11 12:48:20,484 [0b6ae373-df17-43b9-8f38-34bc24a5586b@group-F98106D389A8-LeaderElection7] INFO  server.RaftServer$Division (RaftServerImpl.java:setRole(299)) - 0b6ae373-df17-43b9-8f38-34bc24a5586b@group-F98106D389A8: changes role from CANDIDATE to FOLLOWER at term 4 for REJECTED
2022-10-11 12:48:20,484 [0b6ae373-df17-43b9-8f38-34bc24a5586b@group-F98106D389A8-LeaderElection7] INFO  impl.RoleInfo (RoleInfo.java:shutdownLeaderElection(130)) - 0b6ae373-df17-43b9-8f38-34bc24a5586b: shutdown 0b6ae373-df17-43b9-8f38-34bc24a5586b@group-F98106D389A8-LeaderElection7
2022-10-11 12:48:20,484 [0b6ae373-df17-43b9-8f38-34bc24a5586b@group-F98106D389A8-LeaderElection7] INFO  impl.RoleInfo (RoleInfo.java:updateAndGet(139)) - 0b6ae373-df17-43b9-8f38-34bc24a5586b: start 0b6ae373-df17-43b9-8f38-34bc24a5586b@group-F98106D389A8-FollowerState
2022-10-11 12:48:20,511 [grpc-default-executor-2] INFO  server.RaftServer$Division (RaftServerImpl.java:requestVote(1184)) - 9db450c2-c065-4fcc-a5b2-7f05d2839b90@group-F98106D389A8 replies to ELECTION vote request: 0b6ae373-df17-43b9-8f38-34bc24a5586b<-9db450c2-c065-4fcc-a5b2-7f05d2839b90#0:OK-t4. Peer's state: 9db450c2-c065-4fcc-a5b2-7f05d2839b90@group-F98106D389A8:t4, leader=null, voted=0b6ae373-df17-43b9-8f38-34bc24a5586b, raftlog=9db450c2-c065-4fcc-a5b2-7f05d2839b90@group-F98106D389A8-SegmentedRaftLog:OPENED:c-1, conf=-1: [0b6ae373-df17-43b9-8f38-34bc24a5586b|rpc:10.1.1.98:34467|priority:0, d9bae50b-7f91-4fa0-a494-505c1b3af8a6|rpc:10.1.1.98:36785|priority:1, 9db450c2-c065-4fcc-a5b2-7f05d2839b90|rpc:10.1.1.98:45715|priority:0], old=null
2022-10-11 12:48:20,932 [Listener at 127.0.0.1/38717] INFO  ozone.MiniOzoneClusterImpl (MiniOzoneClusterImpl.java:lambda$waitForClusterToBeReady$0(216)) - Nodes are ready. Got 3 of 3 DN Heartbeats.
2022-10-11 12:48:20,932 [Listener at 127.0.0.1/38717] INFO  ozone.MiniOzoneClusterImpl (MiniOzoneClusterImpl.java:lambda$waitForClusterToBeReady$0(219)) - Waiting for cluster to exit safe mode
2022-10-11 12:48:20,932 [Listener at 127.0.0.1/38717] INFO  ozone.MiniOzoneClusterImpl (MiniOzoneClusterImpl.java:lambda$waitForClusterToBeReady$0(221)) - SCM became leader
2022-10-11 12:48:21,933 [Listener at 127.0.0.1/38717] INFO  ozone.MiniOzoneClusterImpl (MiniOzoneClusterImpl.java:lambda$waitForClusterToBeReady$0(216)) - Nodes are ready. Got 3 of 3 DN Heartbeats.
2022-10-11 12:48:21,933 [Listener at 127.0.0.1/38717] INFO  ozone.MiniOzoneClusterImpl (MiniOzoneClusterImpl.java:lambda$waitForClusterToBeReady$0(219)) - Waiting for cluster to exit safe mode
2022-10-11 12:48:21,933 [Listener at 127.0.0.1/38717] INFO  ozone.MiniOzoneClusterImpl (MiniOzoneClusterImpl.java:lambda$waitForClusterToBeReady$0(221)) - SCM became leader
2022-10-11 12:48:22,934 [Listener at 127.0.0.1/38717] INFO  ozone.MiniOzoneClusterImpl (MiniOzoneClusterImpl.java:lambda$waitForClusterToBeReady$0(216)) - Nodes are ready. Got 3 of 3 DN Heartbeats.
2022-10-11 12:48:22,934 [Listener at 127.0.0.1/38717] INFO  ozone.MiniOzoneClusterImpl (MiniOzoneClusterImpl.java:lambda$waitForClusterToBeReady$0(219)) - Waiting for cluster to exit safe mode
2022-10-11 12:48:22,934 [Listener at 127.0.0.1/38717] INFO  ozone.MiniOzoneClusterImpl (MiniOzoneClusterImpl.java:lambda$waitForClusterToBeReady$0(221)) - SCM became leader
2022-10-11 12:48:23,934 [Listener at 127.0.0.1/38717] INFO  ozone.MiniOzoneClusterImpl (MiniOzoneClusterImpl.java:lambda$waitForClusterToBeReady$0(216)) - Nodes are ready. Got 3 of 3 DN Heartbeats.
2022-10-11 12:48:23,935 [Listener at 127.0.0.1/38717] INFO  ozone.MiniOzoneClusterImpl (MiniOzoneClusterImpl.java:lambda$waitForClusterToBeReady$0(219)) - Waiting for cluster to exit safe mode
2022-10-11 12:48:23,935 [Listener at 127.0.0.1/38717] INFO  ozone.MiniOzoneClusterImpl (MiniOzoneClusterImpl.java:lambda$waitForClusterToBeReady$0(221)) - SCM became leader
2022-10-11 12:48:24,935 [Listener at 127.0.0.1/38717] INFO  ozone.MiniOzoneClusterImpl (MiniOzoneClusterImpl.java:lambda$waitForClusterToBeReady$0(216)) - Nodes are ready. Got 3 of 3 DN Heartbeats.
2022-10-11 12:48:24,936 [Listener at 127.0.0.1/38717] INFO  ozone.MiniOzoneClusterImpl (MiniOzoneClusterImpl.java:lambda$waitForClusterToBeReady$0(219)) - Waiting for cluster to exit safe mode
2022-10-11 12:48:24,936 [Listener at 127.0.0.1/38717] INFO  ozone.MiniOzoneClusterImpl (MiniOzoneClusterImpl.java:lambda$waitForClusterToBeReady$0(221)) - SCM became leader
2022-10-11 12:48:25,653 [d9bae50b-7f91-4fa0-a494-505c1b3af8a6@group-F98106D389A8-FollowerState] INFO  impl.FollowerState (FollowerState.java:run(143)) - d9bae50b-7f91-4fa0-a494-505c1b3af8a6@group-F98106D389A8-FollowerState: change to CANDIDATE, lastRpcElapsedTime:5175913221ns, electionTimeout:5165ms
2022-10-11 12:48:25,654 [d9bae50b-7f91-4fa0-a494-505c1b3af8a6@group-F98106D389A8-FollowerState] INFO  impl.RoleInfo (RoleInfo.java:shutdownFollowerState(110)) - d9bae50b-7f91-4fa0-a494-505c1b3af8a6: shutdown d9bae50b-7f91-4fa0-a494-505c1b3af8a6@group-F98106D389A8-FollowerState
2022-10-11 12:48:25,655 [d9bae50b-7f91-4fa0-a494-505c1b3af8a6@group-F98106D389A8-FollowerState] INFO  server.RaftServer$Division (RaftServerImpl.java:setRole(299)) - d9bae50b-7f91-4fa0-a494-505c1b3af8a6@group-F98106D389A8: changes role from  FOLLOWER to CANDIDATE at term 4 for changeToCandidate
2022-10-11 12:48:25,655 [d9bae50b-7f91-4fa0-a494-505c1b3af8a6@group-F98106D389A8-FollowerState] INFO  server.RaftServerConfigKeys (ConfUtils.java:logGet(46)) - raft.server.leaderelection.pre-vote = false (custom)
2022-10-11 12:48:25,655 [d9bae50b-7f91-4fa0-a494-505c1b3af8a6@group-F98106D389A8-FollowerState] INFO  impl.RoleInfo (RoleInfo.java:updateAndGet(139)) - d9bae50b-7f91-4fa0-a494-505c1b3af8a6: start d9bae50b-7f91-4fa0-a494-505c1b3af8a6@group-F98106D389A8-LeaderElection8
2022-10-11 12:48:25,657 [d9bae50b-7f91-4fa0-a494-505c1b3af8a6@group-F98106D389A8-LeaderElection8] INFO  impl.LeaderElection (LeaderElection.java:askForVotes(310)) - d9bae50b-7f91-4fa0-a494-505c1b3af8a6@group-F98106D389A8-LeaderElection8 ELECTION round 0: submit vote requests at term 5 for -1: [0b6ae373-df17-43b9-8f38-34bc24a5586b|rpc:10.1.1.98:34467|dataStream:|priority:0, d9bae50b-7f91-4fa0-a494-505c1b3af8a6|rpc:10.1.1.98:36785|dataStream:|priority:1, 9db450c2-c065-4fcc-a5b2-7f05d2839b90|rpc:10.1.1.98:45715|dataStream:|priority:0], old=null
2022-10-11 12:48:25,661 [grpc-default-executor-2] INFO  server.RaftServer$Division (RaftServerImpl.java:requestVote(1152)) - 0b6ae373-df17-43b9-8f38-34bc24a5586b@group-F98106D389A8: receive requestVote(ELECTION, d9bae50b-7f91-4fa0-a494-505c1b3af8a6, group-F98106D389A8, 5, (t:0, i:0))
2022-10-11 12:48:25,661 [grpc-default-executor-2] INFO  impl.VoteContext (VoteContext.java:log(48)) - 0b6ae373-df17-43b9-8f38-34bc24a5586b@group-F98106D389A8-FOLLOWER: accept ELECTION from d9bae50b-7f91-4fa0-a494-505c1b3af8a6: our priority 0 <= candidate's priority 1
2022-10-11 12:48:25,661 [grpc-default-executor-2] INFO  server.RaftServer$Division (RaftServerImpl.java:setRole(299)) - 0b6ae373-df17-43b9-8f38-34bc24a5586b@group-F98106D389A8: changes role from  FOLLOWER to FOLLOWER at term 5 for candidate:d9bae50b-7f91-4fa0-a494-505c1b3af8a6
2022-10-11 12:48:25,661 [grpc-default-executor-2] INFO  impl.RoleInfo (RoleInfo.java:shutdownFollowerState(110)) - 0b6ae373-df17-43b9-8f38-34bc24a5586b: shutdown 0b6ae373-df17-43b9-8f38-34bc24a5586b@group-F98106D389A8-FollowerState
2022-10-11 12:48:25,661 [grpc-default-executor-2] INFO  impl.RoleInfo (RoleInfo.java:updateAndGet(139)) - 0b6ae373-df17-43b9-8f38-34bc24a5586b: start 0b6ae373-df17-43b9-8f38-34bc24a5586b@group-F98106D389A8-FollowerState
2022-10-11 12:48:25,661 [0b6ae373-df17-43b9-8f38-34bc24a5586b@group-F98106D389A8-FollowerState] INFO  impl.FollowerState (FollowerState.java:run(152)) - 0b6ae373-df17-43b9-8f38-34bc24a5586b@group-F98106D389A8-FollowerState was interrupted
2022-10-11 12:48:25,664 [grpc-default-executor-0] INFO  server.RaftServer$Division (RaftServerImpl.java:requestVote(1152)) - 9db450c2-c065-4fcc-a5b2-7f05d2839b90@group-F98106D389A8: receive requestVote(ELECTION, d9bae50b-7f91-4fa0-a494-505c1b3af8a6, group-F98106D389A8, 5, (t:0, i:0))
2022-10-11 12:48:25,664 [grpc-default-executor-0] INFO  impl.VoteContext (VoteContext.java:log(48)) - 9db450c2-c065-4fcc-a5b2-7f05d2839b90@group-F98106D389A8-FOLLOWER: accept ELECTION from d9bae50b-7f91-4fa0-a494-505c1b3af8a6: our priority 0 <= candidate's priority 1
2022-10-11 12:48:25,664 [grpc-default-executor-0] INFO  server.RaftServer$Division (RaftServerImpl.java:setRole(299)) - 9db450c2-c065-4fcc-a5b2-7f05d2839b90@group-F98106D389A8: changes role from  FOLLOWER to FOLLOWER at term 5 for candidate:d9bae50b-7f91-4fa0-a494-505c1b3af8a6
2022-10-11 12:48:25,664 [grpc-default-executor-0] INFO  impl.RoleInfo (RoleInfo.java:shutdownFollowerState(110)) - 9db450c2-c065-4fcc-a5b2-7f05d2839b90: shutdown 9db450c2-c065-4fcc-a5b2-7f05d2839b90@group-F98106D389A8-FollowerState
2022-10-11 12:48:25,664 [grpc-default-executor-0] INFO  impl.RoleInfo (RoleInfo.java:updateAndGet(139)) - 9db450c2-c065-4fcc-a5b2-7f05d2839b90: start 9db450c2-c065-4fcc-a5b2-7f05d2839b90@group-F98106D389A8-FollowerState
2022-10-11 12:48:25,665 [9db450c2-c065-4fcc-a5b2-7f05d2839b90@group-F98106D389A8-FollowerState] INFO  impl.FollowerState (FollowerState.java:run(152)) - 9db450c2-c065-4fcc-a5b2-7f05d2839b90@group-F98106D389A8-FollowerState was interrupted
2022-10-11 12:48:25,665 [grpc-default-executor-2] INFO  server.RaftServer$Division (RaftServerImpl.java:requestVote(1184)) - 0b6ae373-df17-43b9-8f38-34bc24a5586b@group-F98106D389A8 replies to ELECTION vote request: d9bae50b-7f91-4fa0-a494-505c1b3af8a6<-0b6ae373-df17-43b9-8f38-34bc24a5586b#0:OK-t5. Peer's state: 0b6ae373-df17-43b9-8f38-34bc24a5586b@group-F98106D389A8:t5, leader=null, voted=d9bae50b-7f91-4fa0-a494-505c1b3af8a6, raftlog=0b6ae373-df17-43b9-8f38-34bc24a5586b@group-F98106D389A8-SegmentedRaftLog:OPENED:c-1, conf=-1: [0b6ae373-df17-43b9-8f38-34bc24a5586b|rpc:10.1.1.98:34467|priority:0, d9bae50b-7f91-4fa0-a494-505c1b3af8a6|rpc:10.1.1.98:36785|priority:1, 9db450c2-c065-4fcc-a5b2-7f05d2839b90|rpc:10.1.1.98:45715|priority:0], old=null
2022-10-11 12:48:25,672 [grpc-default-executor-0] INFO  server.RaftServer$Division (RaftServerImpl.java:requestVote(1184)) - 9db450c2-c065-4fcc-a5b2-7f05d2839b90@group-F98106D389A8 replies to ELECTION vote request: d9bae50b-7f91-4fa0-a494-505c1b3af8a6<-9db450c2-c065-4fcc-a5b2-7f05d2839b90#0:OK-t5. Peer's state: 9db450c2-c065-4fcc-a5b2-7f05d2839b90@group-F98106D389A8:t5, leader=null, voted=d9bae50b-7f91-4fa0-a494-505c1b3af8a6, raftlog=9db450c2-c065-4fcc-a5b2-7f05d2839b90@group-F98106D389A8-SegmentedRaftLog:OPENED:c-1, conf=-1: [0b6ae373-df17-43b9-8f38-34bc24a5586b|rpc:10.1.1.98:34467|priority:0, d9bae50b-7f91-4fa0-a494-505c1b3af8a6|rpc:10.1.1.98:36785|priority:1, 9db450c2-c065-4fcc-a5b2-7f05d2839b90|rpc:10.1.1.98:45715|priority:0], old=null
2022-10-11 12:48:25,678 [d9bae50b-7f91-4fa0-a494-505c1b3af8a6@group-F98106D389A8-LeaderElection8] INFO  impl.LeaderElection (LeaderElection.java:logAndReturn(90)) - d9bae50b-7f91-4fa0-a494-505c1b3af8a6@group-F98106D389A8-LeaderElection8: ELECTION PASSED received 1 response(s) and 0 exception(s):
2022-10-11 12:48:25,679 [d9bae50b-7f91-4fa0-a494-505c1b3af8a6@group-F98106D389A8-LeaderElection8] INFO  impl.LeaderElection (LeaderElection.java:logAndReturn(94)) -   Response 0: d9bae50b-7f91-4fa0-a494-505c1b3af8a6<-0b6ae373-df17-43b9-8f38-34bc24a5586b#0:OK-t5
2022-10-11 12:48:25,679 [d9bae50b-7f91-4fa0-a494-505c1b3af8a6@group-F98106D389A8-LeaderElection8] INFO  impl.LeaderElection (LeaderElection.java:askForVotes(312)) - d9bae50b-7f91-4fa0-a494-505c1b3af8a6@group-F98106D389A8-LeaderElection8 ELECTION round 0: result PASSED
2022-10-11 12:48:25,679 [d9bae50b-7f91-4fa0-a494-505c1b3af8a6@group-F98106D389A8-LeaderElection8] INFO  impl.RoleInfo (RoleInfo.java:shutdownLeaderElection(130)) - d9bae50b-7f91-4fa0-a494-505c1b3af8a6: shutdown d9bae50b-7f91-4fa0-a494-505c1b3af8a6@group-F98106D389A8-LeaderElection8
2022-10-11 12:48:25,679 [d9bae50b-7f91-4fa0-a494-505c1b3af8a6@group-F98106D389A8-LeaderElection8] INFO  server.RaftServer$Division (RaftServerImpl.java:setRole(299)) - d9bae50b-7f91-4fa0-a494-505c1b3af8a6@group-F98106D389A8: changes role from CANDIDATE to LEADER at term 5 for changeToLeader
2022-10-11 12:48:25,679 [d9bae50b-7f91-4fa0-a494-505c1b3af8a6@group-F98106D389A8-LeaderElection8] INFO  ratis.XceiverServerRatis (XceiverServerRatis.java:handleLeaderChangedNotification(863)) - Leader change notification received for group: group-F98106D389A8 with new leaderId: d9bae50b-7f91-4fa0-a494-505c1b3af8a6
2022-10-11 12:48:25,680 [d9bae50b-7f91-4fa0-a494-505c1b3af8a6@group-F98106D389A8-LeaderElection8] INFO  server.RaftServer$Division (ServerState.java:setLeader(287)) - d9bae50b-7f91-4fa0-a494-505c1b3af8a6@group-F98106D389A8: change Leader from null to d9bae50b-7f91-4fa0-a494-505c1b3af8a6 at term 5 for becomeLeader, leader elected after 25106ms
2022-10-11 12:48:25,680 [d9bae50b-7f91-4fa0-a494-505c1b3af8a6@group-F98106D389A8-LeaderElection8] INFO  server.RaftServerConfigKeys (ConfUtils.java:logGet(46)) - raft.server.staging.catchup.gap = 1000 (default)
2022-10-11 12:48:25,681 [d9bae50b-7f91-4fa0-a494-505c1b3af8a6@group-F98106D389A8-LeaderElection8] INFO  server.RaftServerConfigKeys (ConfUtils.java:logGet(46)) - raft.server.write.element-limit = 1024 (custom)
2022-10-11 12:48:25,682 [d9bae50b-7f91-4fa0-a494-505c1b3af8a6@group-F98106D389A8-LeaderElection8] INFO  server.RaftServerConfigKeys (ConfUtils.java:logGet(46)) - raft.server.write.byte-limit = 1024 M (=1073741824) (custom)
2022-10-11 12:48:25,682 [d9bae50b-7f91-4fa0-a494-505c1b3af8a6@group-F98106D389A8-LeaderElection8] INFO  server.RaftServerConfigKeys (ConfUtils.java:logGet(46)) - raft.server.watch.timeout = 180s (custom)
2022-10-11 12:48:25,682 [d9bae50b-7f91-4fa0-a494-505c1b3af8a6@group-F98106D389A8-LeaderElection8] INFO  server.RaftServerConfigKeys (ConfUtils.java:logGet(46)) - raft.server.watch.timeout.denomination = 1s (default)
2022-10-11 12:48:25,682 [d9bae50b-7f91-4fa0-a494-505c1b3af8a6@group-F98106D389A8-LeaderElection8] INFO  server.RaftServerConfigKeys (ConfUtils.java:logGet(46)) - raft.server.watch.element-limit = 65536 (default)
2022-10-11 12:48:25,683 [d9bae50b-7f91-4fa0-a494-505c1b3af8a6@group-F98106D389A8-LeaderElection8] INFO  server.RaftServerConfigKeys (ConfUtils.java:logGet(46)) - raft.server.write.element-limit = 1024 (custom)
2022-10-11 12:48:25,683 [d9bae50b-7f91-4fa0-a494-505c1b3af8a6@group-F98106D389A8-LeaderElection8] INFO  server.RaftServerConfigKeys (ConfUtils.java:logGet(46)) - raft.server.write.follower.gap.ratio.max = -1.0 (default)
2022-10-11 12:48:25,685 [EventQueue-PipelineReportForPipelineReportHandler] INFO  pipeline.PipelineManagerImpl (PipelineManagerImpl.java:openPipeline(367)) - Pipeline Pipeline[ Id: 5d832645-cbd1-4476-91c5-f98106d389a8, Nodes: d9bae50b-7f91-4fa0-a494-505c1b3af8a6{ip: 10.1.1.98, host: fv-az570-546.srgqcr2moziuvm0qev4lajleyh.dx.internal.cloudapp.net, ports: [REPLICATION=36585, RATIS=36785, RATIS_ADMIN=36785, RATIS_SERVER=36785, STANDALONE=38633], networkLocation: /default-rack, certSerialId: null, persistedOpState: IN_SERVICE, persistedOpStateExpiryEpochSec: 0}9db450c2-c065-4fcc-a5b2-7f05d2839b90{ip: 10.1.1.98, host: fv-az570-546.srgqcr2moziuvm0qev4lajleyh.dx.internal.cloudapp.net, ports: [REPLICATION=39399, RATIS=45715, RATIS_ADMIN=45715, RATIS_SERVER=45715, STANDALONE=39615], networkLocation: /default-rack, certSerialId: null, persistedOpState: IN_SERVICE, persistedOpStateExpiryEpochSec: 0}0b6ae373-df17-43b9-8f38-34bc24a5586b{ip: 10.1.1.98, host: fv-az570-546.srgqcr2moziuvm0qev4lajleyh.dx.internal.cloudapp.net, ports: [REPLICATION=43823, RATIS=34467, RATIS_ADMIN=34467, RATIS_SERVER=34467, STANDALONE=44477], networkLocation: /default-rack, certSerialId: null, persistedOpState: IN_SERVICE, persistedOpStateExpiryEpochSec: 0}, ReplicationConfig: RATIS/THREE, State:ALLOCATED, leaderId:d9bae50b-7f91-4fa0-a494-505c1b3af8a6, CreationTimestamp2022-10-11T12:47:57.937Z[Etc/UTC]] moved to OPEN state
2022-10-11 12:48:25,694 [EventQueue-OpenPipelineForHealthyPipelineSafeModeRule] INFO  safemode.SCMSafeModeManager (HealthyPipelineSafeModeRule.java:process(137)) - SCM in safe mode. Healthy pipelines reported count is 1, required healthy pipeline reported count is 1
2022-10-11 12:48:25,695 [EventQueue-OpenPipelineForHealthyPipelineSafeModeRule] INFO  safemode.SCMSafeModeManager (SCMSafeModeManager.java:validateSafeModeExitRules(204)) - HealthyPipelineSafeModeRule rule is successfully validated
2022-10-11 12:48:25,695 [EventQueue-OpenPipelineForHealthyPipelineSafeModeRule] INFO  safemode.SCMSafeModeManager (SCMSafeModeManager.java:validateSafeModeExitRules(219)) - ScmSafeModeManager, all rules are successfully validated
2022-10-11 12:48:25,695 [EventQueue-OpenPipelineForHealthyPipelineSafeModeRule] INFO  safemode.SCMSafeModeManager (SCMSafeModeManager.java:exitSafeMode(248)) - SCM exiting safe mode.
2022-10-11 12:48:25,695 [EventQueue-OpenPipelineForHealthyPipelineSafeModeRule] WARN  events.EventQueue (EventQueue.java:fireEvent(216)) - No event handler registered for event TypedEvent{payloadType=SafeModeStatus, name='Safe mode status'}
2022-10-11 12:48:25,695 [EventQueue-OpenPipelineForHealthyPipelineSafeModeRule] INFO  ha.SCMContext (SCMContext.java:updateSafeModeStatus(228)) - Update SafeModeStatus from SafeModeStatus{safeModeStatus=true, preCheckPassed=true} to SafeModeStatus{safeModeStatus=false, preCheckPassed=true}.
2022-10-11 12:48:25,695 [EventQueue-OpenPipelineForHealthyPipelineSafeModeRule] INFO  pipeline.BackgroundPipelineCreator (BackgroundPipelineCreator.java:notifyStatusChanged(254)) - Service BackgroundPipelineCreator transitions to RUNNING.
2022-10-11 12:48:25,695 [EventQueue-OpenPipelineForHealthyPipelineSafeModeRule] INFO  BackgroundPipelineScrubber (BackgroundSCMService.java:notifyStatusChanged(82)) - Service BackgroundPipelineScrubber transitions to RUNNING.
2022-10-11 12:48:25,699 [EventQueue-OpenPipelineForHealthyPipelineSafeModeRule] INFO  ExpiredContainerReplicaOpScrubber (BackgroundSCMService.java:notifyStatusChanged(82)) - Service ExpiredContainerReplicaOpScrubber transitions to RUNNING.
2022-10-11 12:48:25,699 [EventQueue-OpenPipelineForHealthyPipelineSafeModeRule] INFO  replication.ReplicationManager (ReplicationManager.java:notifyStatusChanged(728)) - Service ReplicationManager transitions to RUNNING.
2022-10-11 12:48:25,700 [d9bae50b-7f91-4fa0-a494-505c1b3af8a6@group-F98106D389A8-LeaderElection8] INFO  server.RaftServerConfigKeys (ConfUtils.java:logGet(46)) - raft.server.log.appender.snapshot.chunk.size.max = 16MB (=16777216) (default)
2022-10-11 12:48:25,702 [d9bae50b-7f91-4fa0-a494-505c1b3af8a6@group-F98106D389A8-LeaderElection8] INFO  server.RaftServerConfigKeys (ConfUtils.java:logGet(46)) - raft.server.log.appender.buffer.byte-limit = 33554432 (custom)
2022-10-11 12:48:25,702 [d9bae50b-7f91-4fa0-a494-505c1b3af8a6@group-F98106D389A8-LeaderElection8] INFO  server.RaftServerConfigKeys (ConfUtils.java:logGet(46)) - raft.server.log.appender.buffer.element-limit = 1 (custom)
2022-10-11 12:48:25,707 [EventQueue-OpenPipelineForHealthyPipelineSafeModeRule] WARN  balancer.ContainerBalancer (ContainerBalancer.java:shouldRun(936)) - Could not find persisted configuration for ContainerBalancer when checking if ContainerBalancer should run. ContainerBalancer should not run now.
2022-10-11 12:48:25,709 [d9bae50b-7f91-4fa0-a494-505c1b3af8a6@group-F98106D389A8-LeaderElection8] INFO  grpc.GrpcConfigKeys (ConfUtils.java:logGet(46)) - raft.grpc.server.leader.outstanding.appends.max = 128 (default)
2022-10-11 12:48:25,709 [d9bae50b-7f91-4fa0-a494-505c1b3af8a6@group-F98106D389A8-LeaderElection8] INFO  server.RaftServerConfigKeys (ConfUtils.java:logGet(46)) - raft.server.rpc.request.timeout = 60s (custom)
2022-10-11 12:48:25,710 [d9bae50b-7f91-4fa0-a494-505c1b3af8a6@group-F98106D389A8-LeaderElection8] INFO  server.RaftServerConfigKeys (ConfUtils.java:logGet(46)) - raft.server.log.appender.install.snapshot.enabled = false (custom)
2022-10-11 12:48:25,718 [SCMBlockDeletingService#0] DEBUG block.SCMBlockDeletingService (SCMBlockDeletingService.java:call(131)) - Running DeletedBlockTransactionScanner
2022-10-11 12:48:25,722 [d9bae50b-7f91-4fa0-a494-505c1b3af8a6@group-F98106D389A8-LeaderElection8] INFO  server.RaftServerConfigKeys (ConfUtils.java:logGet(46)) - raft.server.log.appender.snapshot.chunk.size.max = 16MB (=16777216) (default)
2022-10-11 12:48:25,722 [d9bae50b-7f91-4fa0-a494-505c1b3af8a6@group-F98106D389A8-LeaderElection8] INFO  server.RaftServerConfigKeys (ConfUtils.java:logGet(46)) - raft.server.log.appender.buffer.byte-limit = 33554432 (custom)
2022-10-11 12:48:25,722 [d9bae50b-7f91-4fa0-a494-505c1b3af8a6@group-F98106D389A8-LeaderElection8] INFO  server.RaftServerConfigKeys (ConfUtils.java:logGet(46)) - raft.server.log.appender.buffer.element-limit = 1 (custom)
2022-10-11 12:48:25,722 [d9bae50b-7f91-4fa0-a494-505c1b3af8a6@group-F98106D389A8-LeaderElection8] INFO  grpc.GrpcConfigKeys (ConfUtils.java:logGet(46)) - raft.grpc.server.leader.outstanding.appends.max = 128 (default)
2022-10-11 12:48:25,722 [d9bae50b-7f91-4fa0-a494-505c1b3af8a6@group-F98106D389A8-LeaderElection8] INFO  server.RaftServerConfigKeys (ConfUtils.java:logGet(46)) - raft.server.rpc.request.timeout = 60s (custom)
2022-10-11 12:48:25,722 [d9bae50b-7f91-4fa0-a494-505c1b3af8a6@group-F98106D389A8-LeaderElection8] INFO  server.RaftServerConfigKeys (ConfUtils.java:logGet(46)) - raft.server.log.appender.install.snapshot.enabled = false (custom)
2022-10-11 12:48:25,724 [d9bae50b-7f91-4fa0-a494-505c1b3af8a6@group-F98106D389A8-LeaderElection8] INFO  impl.RoleInfo (RoleInfo.java:updateAndGet(139)) - d9bae50b-7f91-4fa0-a494-505c1b3af8a6: start d9bae50b-7f91-4fa0-a494-505c1b3af8a6@group-F98106D389A8-LeaderStateImpl
2022-10-11 12:48:25,724 [d9bae50b-7f91-4fa0-a494-505c1b3af8a6@group-F98106D389A8-LeaderElection8] INFO  segmented.SegmentedRaftLogWorker (SegmentedRaftLogWorker.java:startLogSegment(425)) - d9bae50b-7f91-4fa0-a494-505c1b3af8a6@group-F98106D389A8-SegmentedRaftLogWorker: Starting segment from index:0
2022-10-11 12:48:25,727 [d9bae50b-7f91-4fa0-a494-505c1b3af8a6@group-F98106D389A8-SegmentedRaftLogWorker] INFO  segmented.SegmentedRaftLogWorker (SegmentedRaftLogWorker.java:execute(629)) - d9bae50b-7f91-4fa0-a494-505c1b3af8a6@group-F98106D389A8-SegmentedRaftLogWorker: created new log segment /home/runner/work/ozone/ozone/hadoop-ozone/integration-test/target/test-dir/MiniOzoneClusterImpl-5a0413bf-988c-4d76-bc8c-b64486c0eb5e/datanode-2/data/ratis/5d832645-cbd1-4476-91c5-f98106d389a8/current/log_inprogress_0
2022-10-11 12:48:25,736 [d9bae50b-7f91-4fa0-a494-505c1b3af8a6@group-F98106D389A8-LeaderElection8] INFO  server.RaftServer$Division (ServerState.java:setRaftConf(393)) - d9bae50b-7f91-4fa0-a494-505c1b3af8a6@group-F98106D389A8: set configuration 0: [0b6ae373-df17-43b9-8f38-34bc24a5586b|rpc:10.1.1.98:34467|dataStream:|priority:0, d9bae50b-7f91-4fa0-a494-505c1b3af8a6|rpc:10.1.1.98:36785|dataStream:|priority:1, 9db450c2-c065-4fcc-a5b2-7f05d2839b90|rpc:10.1.1.98:45715|dataStream:|priority:0], old=null
2022-10-11 12:48:25,776 [9db450c2-c065-4fcc-a5b2-7f05d2839b90-server-thread1] INFO  ratis.XceiverServerRatis (XceiverServerRatis.java:handleLeaderChangedNotification(863)) - Leader change notification received for group: group-F98106D389A8 with new leaderId: d9bae50b-7f91-4fa0-a494-505c1b3af8a6
2022-10-11 12:48:25,776 [9db450c2-c065-4fcc-a5b2-7f05d2839b90-server-thread1] INFO  server.RaftServer$Division (ServerState.java:setLeader(287)) - 9db450c2-c065-4fcc-a5b2-7f05d2839b90@group-F98106D389A8: change Leader from null to d9bae50b-7f91-4fa0-a494-505c1b3af8a6 at term 5 for appendEntries, leader elected after 25848ms
2022-10-11 12:48:25,789 [0b6ae373-df17-43b9-8f38-34bc24a5586b-server-thread1] INFO  ratis.XceiverServerRatis (XceiverServerRatis.java:handleLeaderChangedNotification(863)) - Leader change notification received for group: group-F98106D389A8 with new leaderId: d9bae50b-7f91-4fa0-a494-505c1b3af8a6
2022-10-11 12:48:25,790 [0b6ae373-df17-43b9-8f38-34bc24a5586b-server-thread1] INFO  server.RaftServer$Division (ServerState.java:setLeader(287)) - 0b6ae373-df17-43b9-8f38-34bc24a5586b@group-F98106D389A8: change Leader from null to d9bae50b-7f91-4fa0-a494-505c1b3af8a6 at term 5 for appendEntries, leader elected after 25251ms
2022-10-11 12:48:25,818 [SCMBlockDeletingService#0] DEBUG block.SCMBlockDeletingService (SCMBlockDeletingService.java:call(131)) - Running DeletedBlockTransactionScanner
2022-10-11 12:48:25,824 [9db450c2-c065-4fcc-a5b2-7f05d2839b90-server-thread1] INFO  server.RaftServer$Division (ServerState.java:setRaftConf(393)) - 9db450c2-c065-4fcc-a5b2-7f05d2839b90@group-F98106D389A8: set configuration 0: [0b6ae373-df17-43b9-8f38-34bc24a5586b|rpc:10.1.1.98:34467|dataStream:|priority:0, d9bae50b-7f91-4fa0-a494-505c1b3af8a6|rpc:10.1.1.98:36785|dataStream:|priority:1, 9db450c2-c065-4fcc-a5b2-7f05d2839b90|rpc:10.1.1.98:45715|dataStream:|priority:0], old=null
2022-10-11 12:48:25,824 [9db450c2-c065-4fcc-a5b2-7f05d2839b90-server-thread1] INFO  segmented.SegmentedRaftLogWorker (SegmentedRaftLogWorker.java:startLogSegment(425)) - 9db450c2-c065-4fcc-a5b2-7f05d2839b90@group-F98106D389A8-SegmentedRaftLogWorker: Starting segment from index:0
2022-10-11 12:48:25,827 [0b6ae373-df17-43b9-8f38-34bc24a5586b-server-thread1] INFO  server.RaftServer$Division (ServerState.java:setRaftConf(393)) - 0b6ae373-df17-43b9-8f38-34bc24a5586b@group-F98106D389A8: set configuration 0: [0b6ae373-df17-43b9-8f38-34bc24a5586b|rpc:10.1.1.98:34467|dataStream:|priority:0, d9bae50b-7f91-4fa0-a494-505c1b3af8a6|rpc:10.1.1.98:36785|dataStream:|priority:1, 9db450c2-c065-4fcc-a5b2-7f05d2839b90|rpc:10.1.1.98:45715|dataStream:|priority:0], old=null
2022-10-11 12:48:25,827 [0b6ae373-df17-43b9-8f38-34bc24a5586b-server-thread1] INFO  segmented.SegmentedRaftLogWorker (SegmentedRaftLogWorker.java:startLogSegment(425)) - 0b6ae373-df17-43b9-8f38-34bc24a5586b@group-F98106D389A8-SegmentedRaftLogWorker: Starting segment from index:0
2022-10-11 12:48:25,828 [9db450c2-c065-4fcc-a5b2-7f05d2839b90@group-F98106D389A8-SegmentedRaftLogWorker] INFO  segmented.SegmentedRaftLogWorker (SegmentedRaftLogWorker.java:execute(629)) - 9db450c2-c065-4fcc-a5b2-7f05d2839b90@group-F98106D389A8-SegmentedRaftLogWorker: created new log segment /home/runner/work/ozone/ozone/hadoop-ozone/integration-test/target/test-dir/MiniOzoneClusterImpl-5a0413bf-988c-4d76-bc8c-b64486c0eb5e/datanode-0/data/ratis/5d832645-cbd1-4476-91c5-f98106d389a8/current/log_inprogress_0
2022-10-11 12:48:25,830 [0b6ae373-df17-43b9-8f38-34bc24a5586b@group-F98106D389A8-SegmentedRaftLogWorker] INFO  segmented.SegmentedRaftLogWorker (SegmentedRaftLogWorker.java:execute(629)) - 0b6ae373-df17-43b9-8f38-34bc24a5586b@group-F98106D389A8-SegmentedRaftLogWorker: created new log segment /home/runner/work/ozone/ozone/hadoop-ozone/integration-test/target/test-dir/MiniOzoneClusterImpl-5a0413bf-988c-4d76-bc8c-b64486c0eb5e/datanode-1/data/ratis/5d832645-cbd1-4476-91c5-f98106d389a8/current/log_inprogress_0
2022-10-11 12:48:25,918 [SCMBlockDeletingService#0] DEBUG block.SCMBlockDeletingService (SCMBlockDeletingService.java:call(131)) - Running DeletedBlockTransactionScanner
2022-10-11 12:48:25,936 [Listener at 127.0.0.1/38717] INFO  ozone.MiniOzoneClusterImpl (MiniOzoneClusterImpl.java:lambda$waitForClusterToBeReady$0(216)) - Nodes are ready. Got 3 of 3 DN Heartbeats.
2022-10-11 12:48:25,936 [Listener at 127.0.0.1/38717] INFO  ozone.MiniOzoneClusterImpl (MiniOzoneClusterImpl.java:lambda$waitForClusterToBeReady$0(219)) - Cluster exits safe mode
2022-10-11 12:48:25,936 [Listener at 127.0.0.1/38717] INFO  ozone.MiniOzoneClusterImpl (MiniOzoneClusterImpl.java:lambda$waitForClusterToBeReady$0(221)) - SCM became leader
2022-10-11 12:48:26,019 [SCMBlockDeletingService#0] DEBUG block.SCMBlockDeletingService (SCMBlockDeletingService.java:call(131)) - Running DeletedBlockTransactionScanner
2022-10-11 12:48:26,119 [SCMBlockDeletingService#0] DEBUG block.SCMBlockDeletingService (SCMBlockDeletingService.java:call(131)) - Running DeletedBlockTransactionScanner
2022-10-11 12:48:26,219 [SCMBlockDeletingService#0] DEBUG block.SCMBlockDeletingService (SCMBlockDeletingService.java:call(131)) - Running DeletedBlockTransactionScanner
2022-10-11 12:48:26,319 [SCMBlockDeletingService#0] DEBUG block.SCMBlockDeletingService (SCMBlockDeletingService.java:call(131)) - Running DeletedBlockTransactionScanner
2022-10-11 12:48:26,419 [SCMBlockDeletingService#0] DEBUG block.SCMBlockDeletingService (SCMBlockDeletingService.java:call(131)) - Running DeletedBlockTransactionScanner
2022-10-11 12:48:26,520 [SCMBlockDeletingService#0] DEBUG block.SCMBlockDeletingService (SCMBlockDeletingService.java:call(131)) - Running DeletedBlockTransactionScanner
2022-10-11 12:48:26,553 [Listener at 127.0.0.1/38717] INFO  rpc.RpcClient (RpcClient.java:createVolume(471)) - Creating Volume: a5335b25-b44e-4d32-af3d-3554b5a1e45b, with runner as owner and space quota set to -1 bytes, counts quota set to -1
2022-10-11 12:48:26,620 [OM StateMachine ApplyTransaction Thread - 0] INFO  volume.OMVolumeCreateRequest (OMVolumeCreateRequest.java:validateAndUpdateCache(195)) - created volume:a5335b25-b44e-4d32-af3d-3554b5a1e45b for user:runner
2022-10-11 12:48:26,622 [SCMBlockDeletingService#0] DEBUG block.SCMBlockDeletingService (SCMBlockDeletingService.java:call(131)) - Running DeletedBlockTransactionScanner
2022-10-11 12:48:26,638 [Listener at 127.0.0.1/38717] INFO  rpc.RpcClient (RpcClient.java:createBucket(674)) - Creating Bucket: a5335b25-b44e-4d32-af3d-3554b5a1e45b/b99f54e5-34c6-4f98-a173-fca733cf783b, with server-side default bucket layout, runner as owner, Versioning false, Storage Type set to DISK and Encryption set to false 
2022-10-11 12:48:26,660 [OM StateMachine ApplyTransaction Thread - 0] INFO  bucket.OMBucketCreateRequest (OMBucketCreateRequest.java:validateAndUpdateCache(260)) - created bucket: b99f54e5-34c6-4f98-a173-fca733cf783b of layout LEGACY in volume: a5335b25-b44e-4d32-af3d-3554b5a1e45b
2022-10-11 12:48:26,722 [SCMBlockDeletingService#0] DEBUG block.SCMBlockDeletingService (SCMBlockDeletingService.java:call(131)) - Running DeletedBlockTransactionScanner
2022-10-11 12:48:26,726 [IPC Server handler 7 on default port 42503] INFO  ha.SequenceIdGenerator (SequenceIdGenerator.java:getNextId(128)) - Allocate a batch for containerId, change lastId from 0 to 1000.
2022-10-11 12:48:26,738 [IPC Server handler 7 on default port 42503] WARN  ha.SequenceIdGenerator (SequenceIdGenerator.java:allocateBatch(237)) - Failed to allocate a batch for localId, expected lastId is 0, actual lastId is 109611004723200000.
2022-10-11 12:48:26,738 [IPC Server handler 7 on default port 42503] INFO  ha.SequenceIdGenerator (SequenceIdGenerator.java:getNextId(128)) - Allocate a batch for localId, change lastId from 109611004723200000 to 109611004723201000.
2022-10-11 12:48:26,822 [SCMBlockDeletingService#0] DEBUG block.SCMBlockDeletingService (SCMBlockDeletingService.java:call(131)) - Running DeletedBlockTransactionScanner
2022-10-11 12:48:26,844 [Listener at 127.0.0.1/38717] INFO  impl.MetricsSystemImpl (MetricsSystemImpl.java:init(158)) - XceiverClientMetrics metrics system started (again)
2022-10-11 12:48:26,922 [SCMBlockDeletingService#0] DEBUG block.SCMBlockDeletingService (SCMBlockDeletingService.java:call(131)) - Running DeletedBlockTransactionScanner
2022-10-11 12:48:27,022 [SCMBlockDeletingService#0] DEBUG block.SCMBlockDeletingService (SCMBlockDeletingService.java:call(131)) - Running DeletedBlockTransactionScanner
2022-10-11 12:48:27,123 [SCMBlockDeletingService#0] DEBUG block.SCMBlockDeletingService (SCMBlockDeletingService.java:call(131)) - Running DeletedBlockTransactionScanner
2022-10-11 12:48:27,223 [SCMBlockDeletingService#0] DEBUG block.SCMBlockDeletingService (SCMBlockDeletingService.java:call(131)) - Running DeletedBlockTransactionScanner
2022-10-11 12:48:27,323 [SCMBlockDeletingService#0] DEBUG block.SCMBlockDeletingService (SCMBlockDeletingService.java:call(131)) - Running DeletedBlockTransactionScanner
2022-10-11 12:48:27,423 [SCMBlockDeletingService#0] DEBUG block.SCMBlockDeletingService (SCMBlockDeletingService.java:call(131)) - Running DeletedBlockTransactionScanner
2022-10-11 12:48:27,523 [SCMBlockDeletingService#0] DEBUG block.SCMBlockDeletingService (SCMBlockDeletingService.java:call(131)) - Running DeletedBlockTransactionScanner
2022-10-11 12:48:27,624 [SCMBlockDeletingService#0] DEBUG block.SCMBlockDeletingService (SCMBlockDeletingService.java:call(131)) - Running DeletedBlockTransactionScanner
2022-10-11 12:48:27,724 [SCMBlockDeletingService#0] DEBUG block.SCMBlockDeletingService (SCMBlockDeletingService.java:call(131)) - Running DeletedBlockTransactionScanner
2022-10-11 12:48:27,824 [SCMBlockDeletingService#0] DEBUG block.SCMBlockDeletingService (SCMBlockDeletingService.java:call(131)) - Running DeletedBlockTransactionScanner
2022-10-11 12:48:27,924 [SCMBlockDeletingService#0] DEBUG block.SCMBlockDeletingService (SCMBlockDeletingService.java:call(131)) - Running DeletedBlockTransactionScanner
2022-10-11 12:48:28,025 [SCMBlockDeletingService#0] DEBUG block.SCMBlockDeletingService (SCMBlockDeletingService.java:call(131)) - Running DeletedBlockTransactionScanner
2022-10-11 12:48:28,125 [SCMBlockDeletingService#0] DEBUG block.SCMBlockDeletingService (SCMBlockDeletingService.java:call(131)) - Running DeletedBlockTransactionScanner
2022-10-11 12:48:28,233 [SCMBlockDeletingService#0] DEBUG block.SCMBlockDeletingService (SCMBlockDeletingService.java:call(131)) - Running DeletedBlockTransactionScanner
2022-10-11 12:48:28,333 [SCMBlockDeletingService#0] DEBUG block.SCMBlockDeletingService (SCMBlockDeletingService.java:call(131)) - Running DeletedBlockTransactionScanner
2022-10-11 12:48:28,433 [SCMBlockDeletingService#0] DEBUG block.SCMBlockDeletingService (SCMBlockDeletingService.java:call(131)) - Running DeletedBlockTransactionScanner
2022-10-11 12:48:28,533 [SCMBlockDeletingService#0] DEBUG block.SCMBlockDeletingService (SCMBlockDeletingService.java:call(131)) - Running DeletedBlockTransactionScanner
2022-10-11 12:48:28,633 [SCMBlockDeletingService#0] DEBUG block.SCMBlockDeletingService (SCMBlockDeletingService.java:call(131)) - Running DeletedBlockTransactionScanner
2022-10-11 12:48:28,707 [EventQueue-CloseContainerForCloseContainerEventHandler] INFO  container.CloseContainerEventHandler (CloseContainerEventHandler.java:onMessage(71)) - Close container Event triggered for container : #1
2022-10-11 12:48:28,712 [EventQueue-CloseContainerForCloseContainerEventHandler] INFO  container.CloseContainerEventHandler (CloseContainerEventHandler.java:onMessage(71)) - Close container Event triggered for container : #2
2022-10-11 12:48:28,713 [EventQueue-CloseContainerForCloseContainerEventHandler] INFO  container.CloseContainerEventHandler (CloseContainerEventHandler.java:onMessage(71)) - Close container Event triggered for container : #3
2022-10-11 12:48:28,713 [EventQueue-CloseContainerForCloseContainerEventHandler] INFO  container.CloseContainerEventHandler (CloseContainerEventHandler.java:onMessage(71)) - Close container Event triggered for container : #4
2022-10-11 12:48:28,713 [EventQueue-CloseContainerForCloseContainerEventHandler] INFO  container.CloseContainerEventHandler (CloseContainerEventHandler.java:onMessage(71)) - Close container Event triggered for container : #5
2022-10-11 12:48:28,714 [EventQueue-CloseContainerForCloseContainerEventHandler] INFO  container.CloseContainerEventHandler (CloseContainerEventHandler.java:onMessage(71)) - Close container Event triggered for container : #6
2022-10-11 12:48:28,714 [EventQueue-CloseContainerForCloseContainerEventHandler] INFO  container.CloseContainerEventHandler (CloseContainerEventHandler.java:onMessage(71)) - Close container Event triggered for container : #7
2022-10-11 12:48:28,715 [EventQueue-CloseContainerForCloseContainerEventHandler] INFO  container.CloseContainerEventHandler (CloseContainerEventHandler.java:onMessage(71)) - Close container Event triggered for container : #8
2022-10-11 12:48:28,715 [EventQueue-CloseContainerForCloseContainerEventHandler] INFO  container.CloseContainerEventHandler (CloseContainerEventHandler.java:onMessage(71)) - Close container Event triggered for container : #9
2022-10-11 12:48:28,715 [EventQueue-CloseContainerForCloseContainerEventHandler] INFO  container.CloseContainerEventHandler (CloseContainerEventHandler.java:onMessage(71)) - Close container Event triggered for container : #10
2022-10-11 12:48:28,733 [SCMBlockDeletingService#0] DEBUG block.SCMBlockDeletingService (SCMBlockDeletingService.java:call(131)) - Running DeletedBlockTransactionScanner
2022-10-11 12:48:28,833 [SCMBlockDeletingService#0] DEBUG block.SCMBlockDeletingService (SCMBlockDeletingService.java:call(131)) - Running DeletedBlockTransactionScanner
2022-10-11 12:48:28,933 [SCMBlockDeletingService#0] DEBUG block.SCMBlockDeletingService (SCMBlockDeletingService.java:call(131)) - Running DeletedBlockTransactionScanner
2022-10-11 12:48:28,953 [ContainerOp-5d832645-cbd1-4476-91c5-f98106d389a8-0] INFO  keyvalue.KeyValueContainer (KeyValueContainer.java:flushAndSyncDB(436)) - Container 1 is synced with bcsId 2.
2022-10-11 12:48:28,953 [ContainerOp-5d832645-cbd1-4476-91c5-f98106d389a8-0] INFO  keyvalue.KeyValueContainer (KeyValueContainer.java:flushAndSyncDB(436)) - Container 1 is synced with bcsId 2.
2022-10-11 12:48:28,956 [ContainerOp-5d832645-cbd1-4476-91c5-f98106d389a8-0] INFO  keyvalue.KeyValueContainer (KeyValueContainer.java:close(351)) - Container 1 is closed with bcsId 2.
2022-10-11 12:48:28,967 [FixedThreadPoolWithAffinityExecutor-9-0] INFO  container.IncrementalContainerReportHandler (AbstractContainerReportHandler.java:updateContainerState(292)) - Moving container #1 to CLOSED state, datanode d9bae50b-7f91-4fa0-a494-505c1b3af8a6{ip: 10.1.1.98, host: fv-az570-546.srgqcr2moziuvm0qev4lajleyh.dx.internal.cloudapp.net, ports: [REPLICATION=36585, RATIS=36785, RATIS_ADMIN=36785, RATIS_SERVER=36785, STANDALONE=38633], networkLocation: /default-rack, certSerialId: null, persistedOpState: IN_SERVICE, persistedOpStateExpiryEpochSec: 0} reported CLOSED replica.
2022-10-11 12:48:28,964 [ContainerOp-5d832645-cbd1-4476-91c5-f98106d389a8-1] INFO  keyvalue.KeyValueContainer (KeyValueContainer.java:flushAndSyncDB(436)) - Container 1 is synced with bcsId 2.
2022-10-11 12:48:28,976 [ContainerOp-5d832645-cbd1-4476-91c5-f98106d389a8-1] INFO  keyvalue.KeyValueContainer (KeyValueContainer.java:flushAndSyncDB(436)) - Container 1 is synced with bcsId 2.
2022-10-11 12:48:28,977 [ContainerOp-5d832645-cbd1-4476-91c5-f98106d389a8-0] INFO  keyvalue.KeyValueContainer (KeyValueContainer.java:flushAndSyncDB(436)) - Container 1 is synced with bcsId 2.
2022-10-11 12:48:28,980 [ContainerOp-5d832645-cbd1-4476-91c5-f98106d389a8-0] INFO  keyvalue.KeyValueContainer (KeyValueContainer.java:flushAndSyncDB(436)) - Container 1 is synced with bcsId 2.
2022-10-11 12:48:28,984 [ContainerOp-5d832645-cbd1-4476-91c5-f98106d389a8-0] INFO  keyvalue.KeyValueContainer (KeyValueContainer.java:close(351)) - Container 1 is closed with bcsId 2.
2022-10-11 12:48:28,986 [ContainerOp-5d832645-cbd1-4476-91c5-f98106d389a8-1] INFO  keyvalue.KeyValueContainer (KeyValueContainer.java:close(351)) - Container 1 is closed with bcsId 2.
2022-10-11 12:48:29,005 [ContainerOp-5d832645-cbd1-4476-91c5-f98106d389a8-1] INFO  keyvalue.KeyValueContainer (KeyValueContainer.java:flushAndSyncDB(436)) - Container 2 is synced with bcsId 6.
2022-10-11 12:48:29,005 [ContainerOp-5d832645-cbd1-4476-91c5-f98106d389a8-1] INFO  keyvalue.KeyValueContainer (KeyValueContainer.java:flushAndSyncDB(436)) - Container 2 is synced with bcsId 6.
2022-10-11 12:48:29,008 [ContainerOp-5d832645-cbd1-4476-91c5-f98106d389a8-1] INFO  keyvalue.KeyValueContainer (KeyValueContainer.java:close(351)) - Container 2 is closed with bcsId 6.
2022-10-11 12:48:29,014 [FixedThreadPoolWithAffinityExecutor-9-0] INFO  container.ContainerReportHandler (AbstractContainerReportHandler.java:updateContainerState(292)) - Moving container #2 to CLOSED state, datanode d9bae50b-7f91-4fa0-a494-505c1b3af8a6{ip: 10.1.1.98, host: fv-az570-546.srgqcr2moziuvm0qev4lajleyh.dx.internal.cloudapp.net, ports: [REPLICATION=36585, RATIS=36785, RATIS_ADMIN=36785, RATIS_SERVER=36785, STANDALONE=38633], networkLocation: /default-rack, certSerialId: null, persistedOpState: IN_SERVICE, persistedOpStateExpiryEpochSec: 0} reported CLOSED replica.
2022-10-11 12:48:29,030 [ContainerOp-5d832645-cbd1-4476-91c5-f98106d389a8-1] INFO  keyvalue.KeyValueContainer (KeyValueContainer.java:flushAndSyncDB(436)) - Container 2 is synced with bcsId 6.
2022-10-11 12:48:29,030 [ContainerOp-5d832645-cbd1-4476-91c5-f98106d389a8-1] INFO  keyvalue.KeyValueContainer (KeyValueContainer.java:flushAndSyncDB(436)) - Container 2 is synced with bcsId 6.
2022-10-11 12:48:29,032 [ContainerOp-5d832645-cbd1-4476-91c5-f98106d389a8-1] INFO  keyvalue.KeyValueContainer (KeyValueContainer.java:close(351)) - Container 2 is closed with bcsId 6.
2022-10-11 12:48:29,037 [SCMBlockDeletingService#0] DEBUG block.SCMBlockDeletingService (SCMBlockDeletingService.java:call(131)) - Running DeletedBlockTransactionScanner
2022-10-11 12:48:29,039 [ContainerOp-5d832645-cbd1-4476-91c5-f98106d389a8-0] INFO  keyvalue.KeyValueContainer (KeyValueContainer.java:flushAndSyncDB(436)) - Container 2 is synced with bcsId 6.
2022-10-11 12:48:29,043 [ContainerOp-5d832645-cbd1-4476-91c5-f98106d389a8-0] INFO  keyvalue.KeyValueContainer (KeyValueContainer.java:flushAndSyncDB(436)) - Container 2 is synced with bcsId 6.
2022-10-11 12:48:29,046 [ContainerOp-5d832645-cbd1-4476-91c5-f98106d389a8-0] INFO  keyvalue.KeyValueContainer (KeyValueContainer.java:close(351)) - Container 2 is closed with bcsId 6.
2022-10-11 12:48:29,074 [ContainerOp-5d832645-cbd1-4476-91c5-f98106d389a8-2] INFO  keyvalue.KeyValueContainer (KeyValueContainer.java:flushAndSyncDB(436)) - Container 3 is synced with bcsId 9.
2022-10-11 12:48:29,075 [ContainerOp-5d832645-cbd1-4476-91c5-f98106d389a8-2] INFO  keyvalue.KeyValueContainer (KeyValueContainer.java:flushAndSyncDB(436)) - Container 3 is synced with bcsId 9.
2022-10-11 12:48:29,078 [ContainerOp-5d832645-cbd1-4476-91c5-f98106d389a8-2] INFO  keyvalue.KeyValueContainer (KeyValueContainer.java:close(351)) - Container 3 is closed with bcsId 9.
2022-10-11 12:48:29,082 [ContainerOp-5d832645-cbd1-4476-91c5-f98106d389a8-2] INFO  keyvalue.KeyValueContainer (KeyValueContainer.java:flushAndSyncDB(436)) - Container 3 is synced with bcsId 9.
2022-10-11 12:48:29,084 [ContainerOp-5d832645-cbd1-4476-91c5-f98106d389a8-2] INFO  keyvalue.KeyValueContainer (KeyValueContainer.java:flushAndSyncDB(436)) - Container 3 is synced with bcsId 9.
2022-10-11 12:48:29,083 [FixedThreadPoolWithAffinityExecutor-1-0] INFO  container.IncrementalContainerReportHandler (AbstractContainerReportHandler.java:updateContainerState(292)) - Moving container #3 to CLOSED state, datanode d9bae50b-7f91-4fa0-a494-505c1b3af8a6{ip: 10.1.1.98, host: fv-az570-546.srgqcr2moziuvm0qev4lajleyh.dx.internal.cloudapp.net, ports: [REPLICATION=36585, RATIS=36785, RATIS_ADMIN=36785, RATIS_SERVER=36785, STANDALONE=38633], networkLocation: /default-rack, certSerialId: null, persistedOpState: IN_SERVICE, persistedOpStateExpiryEpochSec: 0} reported CLOSED replica.
2022-10-11 12:48:29,092 [ContainerOp-5d832645-cbd1-4476-91c5-f98106d389a8-2] INFO  keyvalue.KeyValueContainer (KeyValueContainer.java:close(351)) - Container 3 is closed with bcsId 9.
2022-10-11 12:48:29,110 [ContainerOp-5d832645-cbd1-4476-91c5-f98106d389a8-3] INFO  keyvalue.KeyValueContainer (KeyValueContainer.java:flushAndSyncDB(436)) - Container 4 is synced with bcsId 12.
2022-10-11 12:48:29,110 [ContainerOp-5d832645-cbd1-4476-91c5-f98106d389a8-3] INFO  keyvalue.KeyValueContainer (KeyValueContainer.java:flushAndSyncDB(436)) - Container 4 is synced with bcsId 12.
2022-10-11 12:48:29,110 [ContainerOp-5d832645-cbd1-4476-91c5-f98106d389a8-3] INFO  keyvalue.KeyValueContainer (KeyValueContainer.java:flushAndSyncDB(436)) - Container 3 is synced with bcsId 9.
2022-10-11 12:48:29,112 [ContainerOp-5d832645-cbd1-4476-91c5-f98106d389a8-3] INFO  keyvalue.KeyValueContainer (KeyValueContainer.java:flushAndSyncDB(436)) - Container 3 is synced with bcsId 9.
2022-10-11 12:48:29,117 [ContainerOp-5d832645-cbd1-4476-91c5-f98106d389a8-3] INFO  keyvalue.KeyValueContainer (KeyValueContainer.java:close(351)) - Container 4 is closed with bcsId 12.
2022-10-11 12:48:29,118 [ContainerOp-5d832645-cbd1-4476-91c5-f98106d389a8-3] INFO  keyvalue.KeyValueContainer (KeyValueContainer.java:close(351)) - Container 3 is closed with bcsId 9.
2022-10-11 12:48:29,119 [FixedThreadPoolWithAffinityExecutor-9-0] INFO  container.IncrementalContainerReportHandler (AbstractContainerReportHandler.java:updateContainerState(292)) - Moving container #4 to CLOSED state, datanode d9bae50b-7f91-4fa0-a494-505c1b3af8a6{ip: 10.1.1.98, host: fv-az570-546.srgqcr2moziuvm0qev4lajleyh.dx.internal.cloudapp.net, ports: [REPLICATION=36585, RATIS=36785, RATIS_ADMIN=36785, RATIS_SERVER=36785, STANDALONE=38633], networkLocation: /default-rack, certSerialId: null, persistedOpState: IN_SERVICE, persistedOpStateExpiryEpochSec: 0} reported CLOSED replica.
2022-10-11 12:48:29,129 [ContainerOp-5d832645-cbd1-4476-91c5-f98106d389a8-3] INFO  keyvalue.KeyValueContainer (KeyValueContainer.java:flushAndSyncDB(436)) - Container 4 is synced with bcsId 12.
2022-10-11 12:48:29,129 [ContainerOp-5d832645-cbd1-4476-91c5-f98106d389a8-3] INFO  keyvalue.KeyValueContainer (KeyValueContainer.java:flushAndSyncDB(436)) - Container 4 is synced with bcsId 12.
2022-10-11 12:48:29,133 [ContainerOp-5d832645-cbd1-4476-91c5-f98106d389a8-3] INFO  keyvalue.KeyValueContainer (KeyValueContainer.java:close(351)) - Container 4 is closed with bcsId 12.
2022-10-11 12:48:29,137 [ContainerOp-5d832645-cbd1-4476-91c5-f98106d389a8-5] INFO  keyvalue.KeyValueContainer (KeyValueContainer.java:flushAndSyncDB(436)) - Container 5 is synced with bcsId 15.
2022-10-11 12:48:29,138 [ContainerOp-5d832645-cbd1-4476-91c5-f98106d389a8-5] INFO  keyvalue.KeyValueContainer (KeyValueContainer.java:flushAndSyncDB(436)) - Container 5 is synced with bcsId 15.
2022-10-11 12:48:29,140 [SCMBlockDeletingService#0] DEBUG block.SCMBlockDeletingService (SCMBlockDeletingService.java:call(131)) - Running DeletedBlockTransactionScanner
2022-10-11 12:48:29,142 [ContainerOp-5d832645-cbd1-4476-91c5-f98106d389a8-5] INFO  keyvalue.KeyValueContainer (KeyValueContainer.java:close(351)) - Container 5 is closed with bcsId 15.
2022-10-11 12:48:29,151 [ContainerOp-5d832645-cbd1-4476-91c5-f98106d389a8-5] INFO  keyvalue.KeyValueContainer (KeyValueContainer.java:flushAndSyncDB(436)) - Container 5 is synced with bcsId 15.
2022-10-11 12:48:29,151 [ContainerOp-5d832645-cbd1-4476-91c5-f98106d389a8-5] INFO  keyvalue.KeyValueContainer (KeyValueContainer.java:flushAndSyncDB(436)) - Container 5 is synced with bcsId 15.
2022-10-11 12:48:29,155 [ContainerOp-5d832645-cbd1-4476-91c5-f98106d389a8-5] INFO  keyvalue.KeyValueContainer (KeyValueContainer.java:close(351)) - Container 5 is closed with bcsId 15.
2022-10-11 12:48:29,156 [FixedThreadPoolWithAffinityExecutor-1-0] INFO  container.IncrementalContainerReportHandler (AbstractContainerReportHandler.java:updateContainerState(292)) - Moving container #5 to CLOSED state, datanode d9bae50b-7f91-4fa0-a494-505c1b3af8a6{ip: 10.1.1.98, host: fv-az570-546.srgqcr2moziuvm0qev4lajleyh.dx.internal.cloudapp.net, ports: [REPLICATION=36585, RATIS=36785, RATIS_ADMIN=36785, RATIS_SERVER=36785, STANDALONE=38633], networkLocation: /default-rack, certSerialId: null, persistedOpState: IN_SERVICE, persistedOpStateExpiryEpochSec: 0} reported CLOSED replica.
2022-10-11 12:48:29,164 [ContainerOp-5d832645-cbd1-4476-91c5-f98106d389a8-2] INFO  keyvalue.KeyValueContainer (KeyValueContainer.java:flushAndSyncDB(436)) - Container 4 is synced with bcsId 12.
2022-10-11 12:48:29,164 [ContainerOp-5d832645-cbd1-4476-91c5-f98106d389a8-2] INFO  keyvalue.KeyValueContainer (KeyValueContainer.java:flushAndSyncDB(436)) - Container 4 is synced with bcsId 12.
2022-10-11 12:48:29,166 [ContainerOp-5d832645-cbd1-4476-91c5-f98106d389a8-2] INFO  keyvalue.KeyValueContainer (KeyValueContainer.java:close(351)) - Container 4 is closed with bcsId 12.
2022-10-11 12:48:29,177 [ContainerOp-5d832645-cbd1-4476-91c5-f98106d389a8-5] INFO  keyvalue.KeyValueContainer (KeyValueContainer.java:flushAndSyncDB(436)) - Container 5 is synced with bcsId 15.
2022-10-11 12:48:29,188 [ContainerOp-5d832645-cbd1-4476-91c5-f98106d389a8-5] INFO  keyvalue.KeyValueContainer (KeyValueContainer.java:flushAndSyncDB(436)) - Container 5 is synced with bcsId 15.
2022-10-11 12:48:29,191 [ContainerOp-5d832645-cbd1-4476-91c5-f98106d389a8-4] INFO  keyvalue.KeyValueContainer (KeyValueContainer.java:flushAndSyncDB(436)) - Container 6 is synced with bcsId 18.
2022-10-11 12:48:29,191 [ContainerOp-5d832645-cbd1-4476-91c5-f98106d389a8-4] INFO  keyvalue.KeyValueContainer (KeyValueContainer.java:flushAndSyncDB(436)) - Container 6 is synced with bcsId 18.
2022-10-11 12:48:29,193 [ContainerOp-5d832645-cbd1-4476-91c5-f98106d389a8-5] INFO  keyvalue.KeyValueContainer (KeyValueContainer.java:close(351)) - Container 5 is closed with bcsId 15.
2022-10-11 12:48:29,195 [ContainerOp-5d832645-cbd1-4476-91c5-f98106d389a8-4] INFO  keyvalue.KeyValueContainer (KeyValueContainer.java:close(351)) - Container 6 is closed with bcsId 18.
2022-10-11 12:48:29,197 [ContainerOp-5d832645-cbd1-4476-91c5-f98106d389a8-4] INFO  keyvalue.KeyValueContainer (KeyValueContainer.java:flushAndSyncDB(436)) - Container 6 is synced with bcsId 18.
2022-10-11 12:48:29,197 [ContainerOp-5d832645-cbd1-4476-91c5-f98106d389a8-4] INFO  keyvalue.KeyValueContainer (KeyValueContainer.java:flushAndSyncDB(436)) - Container 6 is synced with bcsId 18.
2022-10-11 12:48:29,199 [ContainerOp-5d832645-cbd1-4476-91c5-f98106d389a8-4] INFO  keyvalue.KeyValueContainer (KeyValueContainer.java:close(351)) - Container 6 is closed with bcsId 18.
2022-10-11 12:48:29,208 [FixedThreadPoolWithAffinityExecutor-1-0] INFO  container.IncrementalContainerReportHandler (AbstractContainerReportHandler.java:updateContainerState(292)) - Moving container #6 to CLOSED state, datanode 9db450c2-c065-4fcc-a5b2-7f05d2839b90{ip: 10.1.1.98, host: fv-az570-546.srgqcr2moziuvm0qev4lajleyh.dx.internal.cloudapp.net, ports: [REPLICATION=39399, RATIS=45715, RATIS_ADMIN=45715, RATIS_SERVER=45715, STANDALONE=39615], networkLocation: /default-rack, certSerialId: null, persistedOpState: IN_SERVICE, persistedOpStateExpiryEpochSec: 0} reported CLOSED replica.
2022-10-11 12:48:29,220 [ContainerOp-5d832645-cbd1-4476-91c5-f98106d389a8-6] INFO  keyvalue.KeyValueContainer (KeyValueContainer.java:flushAndSyncDB(436)) - Container 7 is synced with bcsId 22.
2022-10-11 12:48:29,220 [ContainerOp-5d832645-cbd1-4476-91c5-f98106d389a8-6] INFO  keyvalue.KeyValueContainer (KeyValueContainer.java:flushAndSyncDB(436)) - Container 7 is synced with bcsId 22.
2022-10-11 12:48:29,223 [ContainerOp-5d832645-cbd1-4476-91c5-f98106d389a8-6] INFO  keyvalue.KeyValueContainer (KeyValueContainer.java:close(351)) - Container 7 is closed with bcsId 22.
2022-10-11 12:48:29,236 [ContainerOp-5d832645-cbd1-4476-91c5-f98106d389a8-7] INFO  keyvalue.KeyValueContainer (KeyValueContainer.java:flushAndSyncDB(436)) - Container 7 is synced with bcsId 22.
2022-10-11 12:48:29,243 [ContainerOp-5d832645-cbd1-4476-91c5-f98106d389a8-7] INFO  keyvalue.KeyValueContainer (KeyValueContainer.java:flushAndSyncDB(436)) - Container 7 is synced with bcsId 22.
2022-10-11 12:48:29,237 [FixedThreadPoolWithAffinityExecutor-9-0] INFO  container.IncrementalContainerReportHandler (AbstractContainerReportHandler.java:updateContainerState(292)) - Moving container #7 to CLOSED state, datanode d9bae50b-7f91-4fa0-a494-505c1b3af8a6{ip: 10.1.1.98, host: fv-az570-546.srgqcr2moziuvm0qev4lajleyh.dx.internal.cloudapp.net, ports: [REPLICATION=36585, RATIS=36785, RATIS_ADMIN=36785, RATIS_SERVER=36785, STANDALONE=38633], networkLocation: /default-rack, certSerialId: null, persistedOpState: IN_SERVICE, persistedOpStateExpiryEpochSec: 0} reported CLOSED replica.
2022-10-11 12:48:29,244 [SCMBlockDeletingService#0] DEBUG block.SCMBlockDeletingService (SCMBlockDeletingService.java:call(131)) - Running DeletedBlockTransactionScanner
2022-10-11 12:48:29,246 [ContainerOp-5d832645-cbd1-4476-91c5-f98106d389a8-4] INFO  keyvalue.KeyValueContainer (KeyValueContainer.java:flushAndSyncDB(436)) - Container 6 is synced with bcsId 18.
2022-10-11 12:48:29,258 [ContainerOp-5d832645-cbd1-4476-91c5-f98106d389a8-4] INFO  keyvalue.KeyValueContainer (KeyValueContainer.java:flushAndSyncDB(436)) - Container 6 is synced with bcsId 18.
2022-10-11 12:48:29,249 [ContainerOp-5d832645-cbd1-4476-91c5-f98106d389a8-7] INFO  keyvalue.KeyValueContainer (KeyValueContainer.java:close(351)) - Container 7 is closed with bcsId 22.
2022-10-11 12:48:29,260 [ContainerOp-5d832645-cbd1-4476-91c5-f98106d389a8-4] INFO  keyvalue.KeyValueContainer (KeyValueContainer.java:close(351)) - Container 6 is closed with bcsId 18.
2022-10-11 12:48:29,262 [ContainerOp-5d832645-cbd1-4476-91c5-f98106d389a8-7] INFO  keyvalue.KeyValueContainer (KeyValueContainer.java:flushAndSyncDB(436)) - Container 7 is synced with bcsId 22.
2022-10-11 12:48:29,262 [ContainerOp-5d832645-cbd1-4476-91c5-f98106d389a8-7] INFO  keyvalue.KeyValueContainer (KeyValueContainer.java:flushAndSyncDB(436)) - Container 7 is synced with bcsId 22.
2022-10-11 12:48:29,269 [ContainerOp-5d832645-cbd1-4476-91c5-f98106d389a8-7] INFO  keyvalue.KeyValueContainer (KeyValueContainer.java:close(351)) - Container 7 is closed with bcsId 22.
2022-10-11 12:48:29,279 [ContainerOp-5d832645-cbd1-4476-91c5-f98106d389a8-7] INFO  keyvalue.KeyValueContainer (KeyValueContainer.java:flushAndSyncDB(436)) - Container 8 is synced with bcsId 26.
2022-10-11 12:48:29,279 [ContainerOp-5d832645-cbd1-4476-91c5-f98106d389a8-7] INFO  keyvalue.KeyValueContainer (KeyValueContainer.java:flushAndSyncDB(436)) - Container 8 is synced with bcsId 26.
2022-10-11 12:48:29,281 [ContainerOp-5d832645-cbd1-4476-91c5-f98106d389a8-7] INFO  keyvalue.KeyValueContainer (KeyValueContainer.java:close(351)) - Container 8 is closed with bcsId 26.
2022-10-11 12:48:29,291 [ContainerOp-5d832645-cbd1-4476-91c5-f98106d389a8-6] INFO  keyvalue.KeyValueContainer (KeyValueContainer.java:flushAndSyncDB(436)) - Container 8 is synced with bcsId 26.
2022-10-11 12:48:29,291 [ContainerOp-5d832645-cbd1-4476-91c5-f98106d389a8-6] INFO  keyvalue.KeyValueContainer (KeyValueContainer.java:flushAndSyncDB(436)) - Container 8 is synced with bcsId 26.
2022-10-11 12:48:29,293 [ContainerOp-5d832645-cbd1-4476-91c5-f98106d389a8-6] INFO  keyvalue.KeyValueContainer (KeyValueContainer.java:flushAndSyncDB(436)) - Container 8 is synced with bcsId 26.
2022-10-11 12:48:29,294 [ContainerOp-5d832645-cbd1-4476-91c5-f98106d389a8-6] INFO  keyvalue.KeyValueContainer (KeyValueContainer.java:flushAndSyncDB(436)) - Container 8 is synced with bcsId 26.
2022-10-11 12:48:29,294 [ContainerOp-5d832645-cbd1-4476-91c5-f98106d389a8-6] INFO  keyvalue.KeyValueContainer (KeyValueContainer.java:close(351)) - Container 8 is closed with bcsId 26.
2022-10-11 12:48:29,296 [FixedThreadPoolWithAffinityExecutor-9-0] INFO  container.IncrementalContainerReportHandler (AbstractContainerReportHandler.java:updateContainerState(292)) - Moving container #8 to CLOSED state, datanode d9bae50b-7f91-4fa0-a494-505c1b3af8a6{ip: 10.1.1.98, host: fv-az570-546.srgqcr2moziuvm0qev4lajleyh.dx.internal.cloudapp.net, ports: [REPLICATION=36585, RATIS=36785, RATIS_ADMIN=36785, RATIS_SERVER=36785, STANDALONE=38633], networkLocation: /default-rack, certSerialId: null, persistedOpState: IN_SERVICE, persistedOpStateExpiryEpochSec: 0} reported CLOSED replica.
2022-10-11 12:48:29,300 [ContainerOp-5d832645-cbd1-4476-91c5-f98106d389a8-6] INFO  keyvalue.KeyValueContainer (KeyValueContainer.java:close(351)) - Container 8 is closed with bcsId 26.
2022-10-11 12:48:29,316 [ContainerOp-5d832645-cbd1-4476-91c5-f98106d389a8-8] INFO  keyvalue.KeyValueContainer (KeyValueContainer.java:flushAndSyncDB(436)) - Container 9 is synced with bcsId 29.
2022-10-11 12:48:29,333 [ContainerOp-5d832645-cbd1-4476-91c5-f98106d389a8-8] INFO  keyvalue.KeyValueContainer (KeyValueContainer.java:flushAndSyncDB(436)) - Container 9 is synced with bcsId 29.
2022-10-11 12:48:29,337 [ContainerOp-5d832645-cbd1-4476-91c5-f98106d389a8-8] INFO  keyvalue.KeyValueContainer (KeyValueContainer.java:close(351)) - Container 9 is closed with bcsId 29.
2022-10-11 12:48:29,340 [FixedThreadPoolWithAffinityExecutor-1-0] INFO  container.IncrementalContainerReportHandler (AbstractContainerReportHandler.java:updateContainerState(292)) - Moving container #9 to CLOSED state, datanode d9bae50b-7f91-4fa0-a494-505c1b3af8a6{ip: 10.1.1.98, host: fv-az570-546.srgqcr2moziuvm0qev4lajleyh.dx.internal.cloudapp.net, ports: [REPLICATION=36585, RATIS=36785, RATIS_ADMIN=36785, RATIS_SERVER=36785, STANDALONE=38633], networkLocation: /default-rack, certSerialId: null, persistedOpState: IN_SERVICE, persistedOpStateExpiryEpochSec: 0} reported CLOSED replica.
2022-10-11 12:48:29,342 [ContainerOp-5d832645-cbd1-4476-91c5-f98106d389a8-9] INFO  keyvalue.KeyValueContainer (KeyValueContainer.java:flushAndSyncDB(436)) - Container 9 is synced with bcsId 29.
2022-10-11 12:48:29,342 [ContainerOp-5d832645-cbd1-4476-91c5-f98106d389a8-9] INFO  keyvalue.KeyValueContainer (KeyValueContainer.java:flushAndSyncDB(436)) - Container 9 is synced with bcsId 29.
2022-10-11 12:48:29,344 [SCMBlockDeletingService#0] DEBUG block.SCMBlockDeletingService (SCMBlockDeletingService.java:call(131)) - Running DeletedBlockTransactionScanner
2022-10-11 12:48:29,345 [ContainerOp-5d832645-cbd1-4476-91c5-f98106d389a8-9] INFO  keyvalue.KeyValueContainer (KeyValueContainer.java:close(351)) - Container 9 is closed with bcsId 29.
2022-10-11 12:48:29,355 [ContainerOp-5d832645-cbd1-4476-91c5-f98106d389a8-8] INFO  keyvalue.KeyValueContainer (KeyValueContainer.java:flushAndSyncDB(436)) - Container 9 is synced with bcsId 29.
2022-10-11 12:48:29,355 [ContainerOp-5d832645-cbd1-4476-91c5-f98106d389a8-8] INFO  keyvalue.KeyValueContainer (KeyValueContainer.java:flushAndSyncDB(436)) - Container 9 is synced with bcsId 29.
2022-10-11 12:48:29,357 [ContainerOp-5d832645-cbd1-4476-91c5-f98106d389a8-8] INFO  keyvalue.KeyValueContainer (KeyValueContainer.java:close(351)) - Container 9 is closed with bcsId 29.
2022-10-11 12:48:29,371 [ContainerOp-5d832645-cbd1-4476-91c5-f98106d389a8-9] INFO  keyvalue.KeyValueContainer (KeyValueContainer.java:flushAndSyncDB(436)) - Container 10 is synced with bcsId 32.
2022-10-11 12:48:29,371 [ContainerOp-5d832645-cbd1-4476-91c5-f98106d389a8-9] INFO  keyvalue.KeyValueContainer (KeyValueContainer.java:flushAndSyncDB(436)) - Container 10 is synced with bcsId 32.
2022-10-11 12:48:29,374 [ContainerOp-5d832645-cbd1-4476-91c5-f98106d389a8-9] INFO  keyvalue.KeyValueContainer (KeyValueContainer.java:close(351)) - Container 10 is closed with bcsId 32.
2022-10-11 12:48:29,385 [FixedThreadPoolWithAffinityExecutor-1-0] INFO  container.IncrementalContainerReportHandler (AbstractContainerReportHandler.java:updateContainerState(292)) - Moving container #10 to CLOSED state, datanode d9bae50b-7f91-4fa0-a494-505c1b3af8a6{ip: 10.1.1.98, host: fv-az570-546.srgqcr2moziuvm0qev4lajleyh.dx.internal.cloudapp.net, ports: [REPLICATION=36585, RATIS=36785, RATIS_ADMIN=36785, RATIS_SERVER=36785, STANDALONE=38633], networkLocation: /default-rack, certSerialId: null, persistedOpState: IN_SERVICE, persistedOpStateExpiryEpochSec: 0} reported CLOSED replica.
2022-10-11 12:48:29,390 [ContainerOp-5d832645-cbd1-4476-91c5-f98106d389a8-8] INFO  keyvalue.KeyValueContainer (KeyValueContainer.java:flushAndSyncDB(436)) - Container 10 is synced with bcsId 32.
2022-10-11 12:48:29,391 [ContainerOp-5d832645-cbd1-4476-91c5-f98106d389a8-8] INFO  keyvalue.KeyValueContainer (KeyValueContainer.java:flushAndSyncDB(436)) - Container 10 is synced with bcsId 32.
2022-10-11 12:48:29,394 [ContainerOp-5d832645-cbd1-4476-91c5-f98106d389a8-9] INFO  keyvalue.KeyValueContainer (KeyValueContainer.java:flushAndSyncDB(436)) - Container 10 is synced with bcsId 32.
2022-10-11 12:48:29,397 [ContainerOp-5d832645-cbd1-4476-91c5-f98106d389a8-9] INFO  keyvalue.KeyValueContainer (KeyValueContainer.java:flushAndSyncDB(436)) - Container 10 is synced with bcsId 32.
2022-10-11 12:48:29,395 [ContainerOp-5d832645-cbd1-4476-91c5-f98106d389a8-8] INFO  keyvalue.KeyValueContainer (KeyValueContainer.java:close(351)) - Container 10 is closed with bcsId 32.
2022-10-11 12:48:29,407 [ContainerOp-5d832645-cbd1-4476-91c5-f98106d389a8-9] INFO  keyvalue.KeyValueContainer (KeyValueContainer.java:close(351)) - Container 10 is closed with bcsId 32.
2022-10-11 12:48:29,444 [SCMBlockDeletingService#0] DEBUG block.SCMBlockDeletingService (SCMBlockDeletingService.java:call(131)) - Running DeletedBlockTransactionScanner
2022-10-11 12:48:29,544 [SCMBlockDeletingService#0] DEBUG block.SCMBlockDeletingService (SCMBlockDeletingService.java:call(131)) - Running DeletedBlockTransactionScanner
2022-10-11 12:48:29,644 [SCMBlockDeletingService#0] DEBUG block.SCMBlockDeletingService (SCMBlockDeletingService.java:call(131)) - Running DeletedBlockTransactionScanner
2022-10-11 12:48:29,744 [SCMBlockDeletingService#0] DEBUG block.SCMBlockDeletingService (SCMBlockDeletingService.java:call(131)) - Running DeletedBlockTransactionScanner
2022-10-11 12:48:29,845 [SCMBlockDeletingService#0] DEBUG block.SCMBlockDeletingService (SCMBlockDeletingService.java:call(131)) - Running DeletedBlockTransactionScanner
2022-10-11 12:48:29,945 [SCMBlockDeletingService#0] DEBUG block.SCMBlockDeletingService (SCMBlockDeletingService.java:call(131)) - Running DeletedBlockTransactionScanner
2022-10-11 12:48:30,045 [SCMBlockDeletingService#0] DEBUG block.SCMBlockDeletingService (SCMBlockDeletingService.java:call(131)) - Running DeletedBlockTransactionScanner
2022-10-11 12:48:30,145 [SCMBlockDeletingService#0] DEBUG block.SCMBlockDeletingService (SCMBlockDeletingService.java:call(131)) - Running DeletedBlockTransactionScanner
2022-10-11 12:48:30,245 [SCMBlockDeletingService#0] DEBUG block.SCMBlockDeletingService (SCMBlockDeletingService.java:call(131)) - Running DeletedBlockTransactionScanner
2022-10-11 12:48:30,345 [SCMBlockDeletingService#0] DEBUG block.SCMBlockDeletingService (SCMBlockDeletingService.java:call(131)) - Running DeletedBlockTransactionScanner
2022-10-11 12:48:30,445 [SCMBlockDeletingService#0] DEBUG block.SCMBlockDeletingService (SCMBlockDeletingService.java:call(131)) - Running DeletedBlockTransactionScanner
2022-10-11 12:48:30,545 [SCMBlockDeletingService#0] DEBUG block.SCMBlockDeletingService (SCMBlockDeletingService.java:call(131)) - Running DeletedBlockTransactionScanner
2022-10-11 12:48:30,645 [SCMBlockDeletingService#0] DEBUG block.SCMBlockDeletingService (SCMBlockDeletingService.java:call(131)) - Running DeletedBlockTransactionScanner
2022-10-11 12:48:30,745 [SCMBlockDeletingService#0] DEBUG block.SCMBlockDeletingService (SCMBlockDeletingService.java:call(131)) - Running DeletedBlockTransactionScanner
2022-10-11 12:48:30,768 [IPC Server handler 6 on default port 42503] INFO  ha.SequenceIdGenerator (SequenceIdGenerator.java:getNextId(128)) - Allocate a batch for delTxnId, change lastId from 0 to 1000.
2022-10-11 12:48:30,846 [SCMBlockDeletingService#0] DEBUG block.SCMBlockDeletingService (SCMBlockDeletingService.java:call(131)) - Running DeletedBlockTransactionScanner
2022-10-11 12:48:30,847 [SCMBlockDeletingService#0] DEBUG block.SCMBlockDeletingService (DatanodeDeletedBlockTransactions.java:addTransactionToDN(50)) - Transaction added: 0b6ae373-df17-43b9-8f38-34bc24a5586b <- TX(1)
2022-10-11 12:48:30,847 [SCMBlockDeletingService#0] DEBUG block.SCMBlockDeletingService (DatanodeDeletedBlockTransactions.java:addTransactionToDN(50)) - Transaction added: 9db450c2-c065-4fcc-a5b2-7f05d2839b90 <- TX(1)
2022-10-11 12:48:30,847 [SCMBlockDeletingService#0] DEBUG block.SCMBlockDeletingService (DatanodeDeletedBlockTransactions.java:addTransactionToDN(50)) - Transaction added: d9bae50b-7f91-4fa0-a494-505c1b3af8a6 <- TX(1)
2022-10-11 12:48:30,847 [SCMBlockDeletingService#0] DEBUG block.SCMBlockDeletingService (DatanodeDeletedBlockTransactions.java:addTransactionToDN(50)) - Transaction added: d9bae50b-7f91-4fa0-a494-505c1b3af8a6 <- TX(2)
2022-10-11 12:48:30,847 [SCMBlockDeletingService#0] DEBUG block.SCMBlockDeletingService (DatanodeDeletedBlockTransactions.java:addTransactionToDN(50)) - Transaction added: 9db450c2-c065-4fcc-a5b2-7f05d2839b90 <- TX(2)
2022-10-11 12:48:30,848 [SCMBlockDeletingService#0] DEBUG block.SCMBlockDeletingService (DatanodeDeletedBlockTransactions.java:addTransactionToDN(50)) - Transaction added: 0b6ae373-df17-43b9-8f38-34bc24a5586b <- TX(2)
2022-10-11 12:48:30,848 [SCMBlockDeletingService#0] DEBUG block.SCMBlockDeletingService (DatanodeDeletedBlockTransactions.java:addTransactionToDN(50)) - Transaction added: 9db450c2-c065-4fcc-a5b2-7f05d2839b90 <- TX(3)
2022-10-11 12:48:30,848 [SCMBlockDeletingService#0] DEBUG block.SCMBlockDeletingService (DatanodeDeletedBlockTransactions.java:addTransactionToDN(50)) - Transaction added: 0b6ae373-df17-43b9-8f38-34bc24a5586b <- TX(3)
2022-10-11 12:48:30,848 [SCMBlockDeletingService#0] DEBUG block.SCMBlockDeletingService (DatanodeDeletedBlockTransactions.java:addTransactionToDN(50)) - Transaction added: d9bae50b-7f91-4fa0-a494-505c1b3af8a6 <- TX(3)
2022-10-11 12:48:30,848 [SCMBlockDeletingService#0] DEBUG block.SCMBlockDeletingService (DatanodeDeletedBlockTransactions.java:addTransactionToDN(50)) - Transaction added: d9bae50b-7f91-4fa0-a494-505c1b3af8a6 <- TX(4)
2022-10-11 12:48:30,848 [SCMBlockDeletingService#0] DEBUG block.SCMBlockDeletingService (DatanodeDeletedBlockTransactions.java:addTransactionToDN(50)) - Transaction added: 0b6ae373-df17-43b9-8f38-34bc24a5586b <- TX(4)
2022-10-11 12:48:30,848 [SCMBlockDeletingService#0] DEBUG block.SCMBlockDeletingService (DatanodeDeletedBlockTransactions.java:addTransactionToDN(50)) - Transaction added: 9db450c2-c065-4fcc-a5b2-7f05d2839b90 <- TX(4)
2022-10-11 12:48:30,848 [SCMBlockDeletingService#0] DEBUG block.SCMBlockDeletingService (DatanodeDeletedBlockTransactions.java:addTransactionToDN(50)) - Transaction added: d9bae50b-7f91-4fa0-a494-505c1b3af8a6 <- TX(5)
2022-10-11 12:48:30,848 [SCMBlockDeletingService#0] DEBUG block.SCMBlockDeletingService (DatanodeDeletedBlockTransactions.java:addTransactionToDN(50)) - Transaction added: 0b6ae373-df17-43b9-8f38-34bc24a5586b <- TX(5)
2022-10-11 12:48:30,848 [SCMBlockDeletingService#0] DEBUG block.SCMBlockDeletingService (DatanodeDeletedBlockTransactions.java:addTransactionToDN(50)) - Transaction added: 9db450c2-c065-4fcc-a5b2-7f05d2839b90 <- TX(5)
2022-10-11 12:48:30,849 [SCMBlockDeletingService#0] DEBUG block.SCMBlockDeletingService (SCMBlockDeletingService.java:call(162)) - Added delete block command for datanode d9bae50b-7f91-4fa0-a494-505c1b3af8a6 in the queue, number of delete block transactions: 5
2022-10-11 12:48:30,849 [SCMBlockDeletingService#0] DEBUG block.SCMBlockDeletingService (SCMBlockDeletingService.java:call(162)) - Added delete block command for datanode 9db450c2-c065-4fcc-a5b2-7f05d2839b90 in the queue, number of delete block transactions: 5
2022-10-11 12:48:30,849 [SCMBlockDeletingService#0] DEBUG block.SCMBlockDeletingService (SCMBlockDeletingService.java:call(162)) - Added delete block command for datanode 0b6ae373-df17-43b9-8f38-34bc24a5586b in the queue, number of delete block transactions: 5
2022-10-11 12:48:30,850 [SCMBlockDeletingService#0] INFO  block.SCMBlockDeletingService (SCMBlockDeletingService.java:call(172)) - Totally added 15 blocks to be deleted for 3 datanodes, task elapsed time: 4ms
2022-10-11 12:48:30,946 [SCMBlockDeletingService#0] DEBUG block.SCMBlockDeletingService (SCMBlockDeletingService.java:call(131)) - Running DeletedBlockTransactionScanner
2022-10-11 12:48:30,946 [SCMBlockDeletingService#0] DEBUG block.SCMBlockDeletingService (DatanodeDeletedBlockTransactions.java:addTransactionToDN(50)) - Transaction added: 0b6ae373-df17-43b9-8f38-34bc24a5586b <- TX(1)
2022-10-11 12:48:30,946 [SCMBlockDeletingService#0] DEBUG block.SCMBlockDeletingService (DatanodeDeletedBlockTransactions.java:addTransactionToDN(50)) - Transaction added: 9db450c2-c065-4fcc-a5b2-7f05d2839b90 <- TX(1)
2022-10-11 12:48:30,946 [SCMBlockDeletingService#0] DEBUG block.SCMBlockDeletingService (DatanodeDeletedBlockTransactions.java:addTransactionToDN(50)) - Transaction added: d9bae50b-7f91-4fa0-a494-505c1b3af8a6 <- TX(1)
2022-10-11 12:48:30,947 [SCMBlockDeletingService#0] DEBUG block.SCMBlockDeletingService (DatanodeDeletedBlockTransactions.java:addTransactionToDN(50)) - Transaction added: d9bae50b-7f91-4fa0-a494-505c1b3af8a6 <- TX(2)
2022-10-11 12:48:30,947 [SCMBlockDeletingService#0] DEBUG block.SCMBlockDeletingService (DatanodeDeletedBlockTransactions.java:addTransactionToDN(50)) - Transaction added: 9db450c2-c065-4fcc-a5b2-7f05d2839b90 <- TX(2)
2022-10-11 12:48:30,947 [SCMBlockDeletingService#0] DEBUG block.SCMBlockDeletingService (DatanodeDeletedBlockTransactions.java:addTransactionToDN(50)) - Transaction added: 0b6ae373-df17-43b9-8f38-34bc24a5586b <- TX(2)
2022-10-11 12:48:30,947 [SCMBlockDeletingService#0] DEBUG block.SCMBlockDeletingService (DatanodeDeletedBlockTransactions.java:addTransactionToDN(50)) - Transaction added: 9db450c2-c065-4fcc-a5b2-7f05d2839b90 <- TX(3)
2022-10-11 12:48:30,947 [SCMBlockDeletingService#0] DEBUG block.SCMBlockDeletingService (DatanodeDeletedBlockTransactions.java:addTransactionToDN(50)) - Transaction added: 0b6ae373-df17-43b9-8f38-34bc24a5586b <- TX(3)
2022-10-11 12:48:30,947 [SCMBlockDeletingService#0] DEBUG block.SCMBlockDeletingService (DatanodeDeletedBlockTransactions.java:addTransactionToDN(50)) - Transaction added: d9bae50b-7f91-4fa0-a494-505c1b3af8a6 <- TX(3)
2022-10-11 12:48:30,947 [SCMBlockDeletingService#0] DEBUG block.SCMBlockDeletingService (DatanodeDeletedBlockTransactions.java:addTransactionToDN(50)) - Transaction added: d9bae50b-7f91-4fa0-a494-505c1b3af8a6 <- TX(4)
2022-10-11 12:48:30,947 [SCMBlockDeletingService#0] DEBUG block.SCMBlockDeletingService (DatanodeDeletedBlockTransactions.java:addTransactionToDN(50)) - Transaction added: 0b6ae373-df17-43b9-8f38-34bc24a5586b <- TX(4)
2022-10-11 12:48:30,947 [SCMBlockDeletingService#0] DEBUG block.SCMBlockDeletingService (DatanodeDeletedBlockTransactions.java:addTransactionToDN(50)) - Transaction added: 9db450c2-c065-4fcc-a5b2-7f05d2839b90 <- TX(4)
2022-10-11 12:48:30,948 [SCMBlockDeletingService#0] DEBUG block.SCMBlockDeletingService (DatanodeDeletedBlockTransactions.java:addTransactionToDN(50)) - Transaction added: d9bae50b-7f91-4fa0-a494-505c1b3af8a6 <- TX(5)
2022-10-11 12:48:30,948 [SCMBlockDeletingService#0] DEBUG block.SCMBlockDeletingService (DatanodeDeletedBlockTransactions.java:addTransactionToDN(50)) - Transaction added: 0b6ae373-df17-43b9-8f38-34bc24a5586b <- TX(5)
2022-10-11 12:48:30,948 [SCMBlockDeletingService#0] DEBUG block.SCMBlockDeletingService (DatanodeDeletedBlockTransactions.java:addTransactionToDN(50)) - Transaction added: 9db450c2-c065-4fcc-a5b2-7f05d2839b90 <- TX(5)
2022-10-11 12:48:30,948 [SCMBlockDeletingService#0] DEBUG block.SCMBlockDeletingService (DatanodeDeletedBlockTransactions.java:addTransactionToDN(50)) - Transaction added: 9db450c2-c065-4fcc-a5b2-7f05d2839b90 <- TX(6)
2022-10-11 12:48:30,948 [SCMBlockDeletingService#0] DEBUG block.SCMBlockDeletingService (DatanodeDeletedBlockTransactions.java:addTransactionToDN(50)) - Transaction added: d9bae50b-7f91-4fa0-a494-505c1b3af8a6 <- TX(6)
2022-10-11 12:48:30,948 [SCMBlockDeletingService#0] DEBUG block.SCMBlockDeletingService (DatanodeDeletedBlockTransactions.java:addTransactionToDN(50)) - Transaction added: 0b6ae373-df17-43b9-8f38-34bc24a5586b <- TX(6)
2022-10-11 12:48:30,948 [SCMBlockDeletingService#0] DEBUG block.SCMBlockDeletingService (DatanodeDeletedBlockTransactions.java:addTransactionToDN(50)) - Transaction added: d9bae50b-7f91-4fa0-a494-505c1b3af8a6 <- TX(7)
2022-10-11 12:48:30,948 [SCMBlockDeletingService#0] DEBUG block.SCMBlockDeletingService (DatanodeDeletedBlockTransactions.java:addTransactionToDN(50)) - Transaction added: 0b6ae373-df17-43b9-8f38-34bc24a5586b <- TX(7)
2022-10-11 12:48:30,948 [SCMBlockDeletingService#0] DEBUG block.SCMBlockDeletingService (DatanodeDeletedBlockTransactions.java:addTransactionToDN(50)) - Transaction added: 9db450c2-c065-4fcc-a5b2-7f05d2839b90 <- TX(7)
2022-10-11 12:48:30,948 [SCMBlockDeletingService#0] DEBUG block.SCMBlockDeletingService (DatanodeDeletedBlockTransactions.java:addTransactionToDN(50)) - Transaction added: 0b6ae373-df17-43b9-8f38-34bc24a5586b <- TX(8)
2022-10-11 12:48:30,948 [SCMBlockDeletingService#0] DEBUG block.SCMBlockDeletingService (DatanodeDeletedBlockTransactions.java:addTransactionToDN(50)) - Transaction added: 9db450c2-c065-4fcc-a5b2-7f05d2839b90 <- TX(8)
2022-10-11 12:48:30,948 [SCMBlockDeletingService#0] DEBUG block.SCMBlockDeletingService (DatanodeDeletedBlockTransactions.java:addTransactionToDN(50)) - Transaction added: d9bae50b-7f91-4fa0-a494-505c1b3af8a6 <- TX(8)
2022-10-11 12:48:30,949 [SCMBlockDeletingService#0] DEBUG block.SCMBlockDeletingService (DatanodeDeletedBlockTransactions.java:addTransactionToDN(50)) - Transaction added: d9bae50b-7f91-4fa0-a494-505c1b3af8a6 <- TX(9)
2022-10-11 12:48:30,949 [SCMBlockDeletingService#0] DEBUG block.SCMBlockDeletingService (DatanodeDeletedBlockTransactions.java:addTransactionToDN(50)) - Transaction added: 0b6ae373-df17-43b9-8f38-34bc24a5586b <- TX(9)
2022-10-11 12:48:30,949 [SCMBlockDeletingService#0] DEBUG block.SCMBlockDeletingService (DatanodeDeletedBlockTransactions.java:addTransactionToDN(50)) - Transaction added: 9db450c2-c065-4fcc-a5b2-7f05d2839b90 <- TX(9)
2022-10-11 12:48:30,949 [SCMBlockDeletingService#0] DEBUG block.SCMBlockDeletingService (DatanodeDeletedBlockTransactions.java:addTransactionToDN(50)) - Transaction added: 9db450c2-c065-4fcc-a5b2-7f05d2839b90 <- TX(10)
2022-10-11 12:48:30,949 [SCMBlockDeletingService#0] DEBUG block.SCMBlockDeletingService (DatanodeDeletedBlockTransactions.java:addTransactionToDN(50)) - Transaction added: 0b6ae373-df17-43b9-8f38-34bc24a5586b <- TX(10)
2022-10-11 12:48:30,949 [SCMBlockDeletingService#0] DEBUG block.SCMBlockDeletingService (DatanodeDeletedBlockTransactions.java:addTransactionToDN(50)) - Transaction added: d9bae50b-7f91-4fa0-a494-505c1b3af8a6 <- TX(10)
2022-10-11 12:48:30,949 [SCMBlockDeletingService#0] DEBUG block.SCMBlockDeletingService (SCMBlockDeletingService.java:call(162)) - Added delete block command for datanode d9bae50b-7f91-4fa0-a494-505c1b3af8a6 in the queue, number of delete block transactions: 10
2022-10-11 12:48:30,949 [SCMBlockDeletingService#0] DEBUG block.SCMBlockDeletingService (SCMBlockDeletingService.java:call(162)) - Added delete block command for datanode 9db450c2-c065-4fcc-a5b2-7f05d2839b90 in the queue, number of delete block transactions: 10
2022-10-11 12:48:30,949 [SCMBlockDeletingService#0] DEBUG block.SCMBlockDeletingService (SCMBlockDeletingService.java:call(162)) - Added delete block command for datanode 0b6ae373-df17-43b9-8f38-34bc24a5586b in the queue, number of delete block transactions: 10
2022-10-11 12:48:30,950 [SCMBlockDeletingService#0] INFO  block.SCMBlockDeletingService (SCMBlockDeletingService.java:call(172)) - Totally added 30 blocks to be deleted for 3 datanodes, task elapsed time: 4ms
2022-10-11 12:48:31,046 [SCMBlockDeletingService#0] DEBUG block.SCMBlockDeletingService (SCMBlockDeletingService.java:call(131)) - Running DeletedBlockTransactionScanner
2022-10-11 12:48:31,046 [SCMBlockDeletingService#0] DEBUG block.SCMBlockDeletingService (DatanodeDeletedBlockTransactions.java:addTransactionToDN(50)) - Transaction added: 0b6ae373-df17-43b9-8f38-34bc24a5586b <- TX(1)
2022-10-11 12:48:31,046 [SCMBlockDeletingService#0] DEBUG block.SCMBlockDeletingService (DatanodeDeletedBlockTransactions.java:addTransactionToDN(50)) - Transaction added: 9db450c2-c065-4fcc-a5b2-7f05d2839b90 <- TX(1)
2022-10-11 12:48:31,047 [SCMBlockDeletingService#0] DEBUG block.SCMBlockDeletingService (DatanodeDeletedBlockTransactions.java:addTransactionToDN(50)) - Transaction added: d9bae50b-7f91-4fa0-a494-505c1b3af8a6 <- TX(1)
2022-10-11 12:48:31,047 [SCMBlockDeletingService#0] DEBUG block.SCMBlockDeletingService (DatanodeDeletedBlockTransactions.java:addTransactionToDN(50)) - Transaction added: d9bae50b-7f91-4fa0-a494-505c1b3af8a6 <- TX(2)
2022-10-11 12:48:31,047 [SCMBlockDeletingService#0] DEBUG block.SCMBlockDeletingService (DatanodeDeletedBlockTransactions.java:addTransactionToDN(50)) - Transaction added: 9db450c2-c065-4fcc-a5b2-7f05d2839b90 <- TX(2)
2022-10-11 12:48:31,047 [SCMBlockDeletingService#0] DEBUG block.SCMBlockDeletingService (DatanodeDeletedBlockTransactions.java:addTransactionToDN(50)) - Transaction added: 0b6ae373-df17-43b9-8f38-34bc24a5586b <- TX(2)
2022-10-11 12:48:31,047 [SCMBlockDeletingService#0] DEBUG block.SCMBlockDeletingService (DatanodeDeletedBlockTransactions.java:addTransactionToDN(50)) - Transaction added: 9db450c2-c065-4fcc-a5b2-7f05d2839b90 <- TX(3)
2022-10-11 12:48:31,047 [SCMBlockDeletingService#0] DEBUG block.SCMBlockDeletingService (DatanodeDeletedBlockTransactions.java:addTransactionToDN(50)) - Transaction added: 0b6ae373-df17-43b9-8f38-34bc24a5586b <- TX(3)
2022-10-11 12:48:31,047 [SCMBlockDeletingService#0] DEBUG block.SCMBlockDeletingService (DatanodeDeletedBlockTransactions.java:addTransactionToDN(50)) - Transaction added: d9bae50b-7f91-4fa0-a494-505c1b3af8a6 <- TX(3)
2022-10-11 12:48:31,047 [SCMBlockDeletingService#0] DEBUG block.SCMBlockDeletingService (DatanodeDeletedBlockTransactions.java:addTransactionToDN(50)) - Transaction added: 0b6ae373-df17-43b9-8f38-34bc24a5586b <- TX(4)
2022-10-11 12:48:31,047 [SCMBlockDeletingService#0] DEBUG block.SCMBlockDeletingService (DatanodeDeletedBlockTransactions.java:addTransactionToDN(50)) - Transaction added: d9bae50b-7f91-4fa0-a494-505c1b3af8a6 <- TX(4)
2022-10-11 12:48:31,047 [SCMBlockDeletingService#0] DEBUG block.SCMBlockDeletingService (DatanodeDeletedBlockTransactions.java:addTransactionToDN(50)) - Transaction added: 9db450c2-c065-4fcc-a5b2-7f05d2839b90 <- TX(4)
2022-10-11 12:48:31,048 [SCMBlockDeletingService#0] DEBUG block.SCMBlockDeletingService (DatanodeDeletedBlockTransactions.java:addTransactionToDN(50)) - Transaction added: 0b6ae373-df17-43b9-8f38-34bc24a5586b <- TX(5)
2022-10-11 12:48:31,048 [SCMBlockDeletingService#0] DEBUG block.SCMBlockDeletingService (DatanodeDeletedBlockTransactions.java:addTransactionToDN(50)) - Transaction added: d9bae50b-7f91-4fa0-a494-505c1b3af8a6 <- TX(5)
2022-10-11 12:48:31,048 [SCMBlockDeletingService#0] DEBUG block.SCMBlockDeletingService (DatanodeDeletedBlockTransactions.java:addTransactionToDN(50)) - Transaction added: 9db450c2-c065-4fcc-a5b2-7f05d2839b90 <- TX(5)
2022-10-11 12:48:31,048 [SCMBlockDeletingService#0] DEBUG block.SCMBlockDeletingService (DatanodeDeletedBlockTransactions.java:addTransactionToDN(50)) - Transaction added: 9db450c2-c065-4fcc-a5b2-7f05d2839b90 <- TX(6)
2022-10-11 12:48:31,048 [SCMBlockDeletingService#0] DEBUG block.SCMBlockDeletingService (DatanodeDeletedBlockTransactions.java:addTransactionToDN(50)) - Transaction added: 0b6ae373-df17-43b9-8f38-34bc24a5586b <- TX(6)
2022-10-11 12:48:31,048 [SCMBlockDeletingService#0] DEBUG block.SCMBlockDeletingService (DatanodeDeletedBlockTransactions.java:addTransactionToDN(50)) - Transaction added: d9bae50b-7f91-4fa0-a494-505c1b3af8a6 <- TX(6)
2022-10-11 12:48:31,048 [SCMBlockDeletingService#0] DEBUG block.SCMBlockDeletingService (DatanodeDeletedBlockTransactions.java:addTransactionToDN(50)) - Transaction added: 0b6ae373-df17-43b9-8f38-34bc24a5586b <- TX(7)
2022-10-11 12:48:31,048 [SCMBlockDeletingService#0] DEBUG block.SCMBlockDeletingService (DatanodeDeletedBlockTransactions.java:addTransactionToDN(50)) - Transaction added: d9bae50b-7f91-4fa0-a494-505c1b3af8a6 <- TX(7)
2022-10-11 12:48:31,048 [SCMBlockDeletingService#0] DEBUG block.SCMBlockDeletingService (DatanodeDeletedBlockTransactions.java:addTransactionToDN(50)) - Transaction added: 9db450c2-c065-4fcc-a5b2-7f05d2839b90 <- TX(7)
2022-10-11 12:48:31,048 [SCMBlockDeletingService#0] DEBUG block.SCMBlockDeletingService (DatanodeDeletedBlockTransactions.java:addTransactionToDN(50)) - Transaction added: 0b6ae373-df17-43b9-8f38-34bc24a5586b <- TX(8)
2022-10-11 12:48:31,048 [SCMBlockDeletingService#0] DEBUG block.SCMBlockDeletingService (DatanodeDeletedBlockTransactions.java:addTransactionToDN(50)) - Transaction added: 9db450c2-c065-4fcc-a5b2-7f05d2839b90 <- TX(8)
2022-10-11 12:48:31,049 [SCMBlockDeletingService#0] DEBUG block.SCMBlockDeletingService (DatanodeDeletedBlockTransactions.java:addTransactionToDN(50)) - Transaction added: d9bae50b-7f91-4fa0-a494-505c1b3af8a6 <- TX(8)
2022-10-11 12:48:31,049 [SCMBlockDeletingService#0] DEBUG block.SCMBlockDeletingService (DatanodeDeletedBlockTransactions.java:addTransactionToDN(50)) - Transaction added: d9bae50b-7f91-4fa0-a494-505c1b3af8a6 <- TX(9)
2022-10-11 12:48:31,049 [SCMBlockDeletingService#0] DEBUG block.SCMBlockDeletingService (DatanodeDeletedBlockTransactions.java:addTransactionToDN(50)) - Transaction added: 0b6ae373-df17-43b9-8f38-34bc24a5586b <- TX(9)
2022-10-11 12:48:31,049 [SCMBlockDeletingService#0] DEBUG block.SCMBlockDeletingService (DatanodeDeletedBlockTransactions.java:addTransactionToDN(50)) - Transaction added: 9db450c2-c065-4fcc-a5b2-7f05d2839b90 <- TX(9)
2022-10-11 12:48:31,049 [SCMBlockDeletingService#0] DEBUG block.SCMBlockDeletingService (DatanodeDeletedBlockTransactions.java:addTransactionToDN(50)) - Transaction added: 9db450c2-c065-4fcc-a5b2-7f05d2839b90 <- TX(10)
2022-10-11 12:48:31,049 [SCMBlockDeletingService#0] DEBUG block.SCMBlockDeletingService (DatanodeDeletedBlockTransactions.java:addTransactionToDN(50)) - Transaction added: 0b6ae373-df17-43b9-8f38-34bc24a5586b <- TX(10)
2022-10-11 12:48:31,049 [SCMBlockDeletingService#0] DEBUG block.SCMBlockDeletingService (DatanodeDeletedBlockTransactions.java:addTransactionToDN(50)) - Transaction added: d9bae50b-7f91-4fa0-a494-505c1b3af8a6 <- TX(10)
2022-10-11 12:48:31,049 [SCMBlockDeletingService#0] DEBUG block.SCMBlockDeletingService (SCMBlockDeletingService.java:call(162)) - Added delete block command for datanode d9bae50b-7f91-4fa0-a494-505c1b3af8a6 in the queue, number of delete block transactions: 10
2022-10-11 12:48:31,049 [SCMBlockDeletingService#0] DEBUG block.SCMBlockDeletingService (SCMBlockDeletingService.java:call(162)) - Added delete block command for datanode 9db450c2-c065-4fcc-a5b2-7f05d2839b90 in the queue, number of delete block transactions: 10
2022-10-11 12:48:31,049 [SCMBlockDeletingService#0] DEBUG block.SCMBlockDeletingService (SCMBlockDeletingService.java:call(162)) - Added delete block command for datanode 0b6ae373-df17-43b9-8f38-34bc24a5586b in the queue, number of delete block transactions: 10
2022-10-11 12:48:31,050 [SCMBlockDeletingService#0] INFO  block.SCMBlockDeletingService (SCMBlockDeletingService.java:call(172)) - Totally added 30 blocks to be deleted for 3 datanodes, task elapsed time: 4ms
2022-10-11 12:48:31,146 [SCMBlockDeletingService#0] DEBUG block.SCMBlockDeletingService (SCMBlockDeletingService.java:call(131)) - Running DeletedBlockTransactionScanner
2022-10-11 12:48:31,146 [SCMBlockDeletingService#0] DEBUG block.SCMBlockDeletingService (DatanodeDeletedBlockTransactions.java:addTransactionToDN(50)) - Transaction added: 0b6ae373-df17-43b9-8f38-34bc24a5586b <- TX(1)
2022-10-11 12:48:31,147 [SCMBlockDeletingService#0] DEBUG block.SCMBlockDeletingService (DatanodeDeletedBlockTransactions.java:addTransactionToDN(50)) - Transaction added: 9db450c2-c065-4fcc-a5b2-7f05d2839b90 <- TX(1)
2022-10-11 12:48:31,147 [SCMBlockDeletingService#0] DEBUG block.SCMBlockDeletingService (DatanodeDeletedBlockTransactions.java:addTransactionToDN(50)) - Transaction added: d9bae50b-7f91-4fa0-a494-505c1b3af8a6 <- TX(1)
2022-10-11 12:48:31,147 [SCMBlockDeletingService#0] DEBUG block.SCMBlockDeletingService (DatanodeDeletedBlockTransactions.java:addTransactionToDN(50)) - Transaction added: d9bae50b-7f91-4fa0-a494-505c1b3af8a6 <- TX(2)
2022-10-11 12:48:31,147 [SCMBlockDeletingService#0] DEBUG block.SCMBlockDeletingService (DatanodeDeletedBlockTransactions.java:addTransactionToDN(50)) - Transaction added: 9db450c2-c065-4fcc-a5b2-7f05d2839b90 <- TX(2)
2022-10-11 12:48:31,147 [SCMBlockDeletingService#0] DEBUG block.SCMBlockDeletingService (DatanodeDeletedBlockTransactions.java:addTransactionToDN(50)) - Transaction added: 0b6ae373-df17-43b9-8f38-34bc24a5586b <- TX(2)
2022-10-11 12:48:31,147 [SCMBlockDeletingService#0] DEBUG block.SCMBlockDeletingService (DatanodeDeletedBlockTransactions.java:addTransactionToDN(50)) - Transaction added: 9db450c2-c065-4fcc-a5b2-7f05d2839b90 <- TX(3)
2022-10-11 12:48:31,147 [SCMBlockDeletingService#0] DEBUG block.SCMBlockDeletingService (DatanodeDeletedBlockTransactions.java:addTransactionToDN(50)) - Transaction added: 0b6ae373-df17-43b9-8f38-34bc24a5586b <- TX(3)
2022-10-11 12:48:31,147 [SCMBlockDeletingService#0] DEBUG block.SCMBlockDeletingService (DatanodeDeletedBlockTransactions.java:addTransactionToDN(50)) - Transaction added: d9bae50b-7f91-4fa0-a494-505c1b3af8a6 <- TX(3)
2022-10-11 12:48:31,147 [SCMBlockDeletingService#0] DEBUG block.SCMBlockDeletingService (DatanodeDeletedBlockTransactions.java:addTransactionToDN(50)) - Transaction added: 0b6ae373-df17-43b9-8f38-34bc24a5586b <- TX(4)
2022-10-11 12:48:31,147 [SCMBlockDeletingService#0] DEBUG block.SCMBlockDeletingService (DatanodeDeletedBlockTransactions.java:addTransactionToDN(50)) - Transaction added: d9bae50b-7f91-4fa0-a494-505c1b3af8a6 <- TX(4)
2022-10-11 12:48:31,148 [SCMBlockDeletingService#0] DEBUG block.SCMBlockDeletingService (DatanodeDeletedBlockTransactions.java:addTransactionToDN(50)) - Transaction added: 9db450c2-c065-4fcc-a5b2-7f05d2839b90 <- TX(4)
2022-10-11 12:48:31,148 [SCMBlockDeletingService#0] DEBUG block.SCMBlockDeletingService (DatanodeDeletedBlockTransactions.java:addTransactionToDN(50)) - Transaction added: 0b6ae373-df17-43b9-8f38-34bc24a5586b <- TX(5)
2022-10-11 12:48:31,148 [SCMBlockDeletingService#0] DEBUG block.SCMBlockDeletingService (DatanodeDeletedBlockTransactions.java:addTransactionToDN(50)) - Transaction added: d9bae50b-7f91-4fa0-a494-505c1b3af8a6 <- TX(5)
2022-10-11 12:48:31,148 [SCMBlockDeletingService#0] DEBUG block.SCMBlockDeletingService (DatanodeDeletedBlockTransactions.java:addTransactionToDN(50)) - Transaction added: 9db450c2-c065-4fcc-a5b2-7f05d2839b90 <- TX(5)
2022-10-11 12:48:31,148 [SCMBlockDeletingService#0] DEBUG block.SCMBlockDeletingService (DatanodeDeletedBlockTransactions.java:addTransactionToDN(50)) - Transaction added: 9db450c2-c065-4fcc-a5b2-7f05d2839b90 <- TX(6)
2022-10-11 12:48:31,148 [SCMBlockDeletingService#0] DEBUG block.SCMBlockDeletingService (DatanodeDeletedBlockTransactions.java:addTransactionToDN(50)) - Transaction added: 0b6ae373-df17-43b9-8f38-34bc24a5586b <- TX(6)
2022-10-11 12:48:31,148 [SCMBlockDeletingService#0] DEBUG block.SCMBlockDeletingService (DatanodeDeletedBlockTransactions.java:addTransactionToDN(50)) - Transaction added: d9bae50b-7f91-4fa0-a494-505c1b3af8a6 <- TX(6)
2022-10-11 12:48:31,148 [SCMBlockDeletingService#0] DEBUG block.SCMBlockDeletingService (DatanodeDeletedBlockTransactions.java:addTransactionToDN(50)) - Transaction added: 0b6ae373-df17-43b9-8f38-34bc24a5586b <- TX(7)
2022-10-11 12:48:31,148 [SCMBlockDeletingService#0] DEBUG block.SCMBlockDeletingService (DatanodeDeletedBlockTransactions.java:addTransactionToDN(50)) - Transaction added: d9bae50b-7f91-4fa0-a494-505c1b3af8a6 <- TX(7)
2022-10-11 12:48:31,148 [SCMBlockDeletingService#0] DEBUG block.SCMBlockDeletingService (DatanodeDeletedBlockTransactions.java:addTransactionToDN(50)) - Transaction added: 9db450c2-c065-4fcc-a5b2-7f05d2839b90 <- TX(7)
2022-10-11 12:48:31,149 [SCMBlockDeletingService#0] DEBUG block.SCMBlockDeletingService (DatanodeDeletedBlockTransactions.java:addTransactionToDN(50)) - Transaction added: 0b6ae373-df17-43b9-8f38-34bc24a5586b <- TX(8)
2022-10-11 12:48:31,149 [SCMBlockDeletingService#0] DEBUG block.SCMBlockDeletingService (DatanodeDeletedBlockTransactions.java:addTransactionToDN(50)) - Transaction added: 9db450c2-c065-4fcc-a5b2-7f05d2839b90 <- TX(8)
2022-10-11 12:48:31,149 [SCMBlockDeletingService#0] DEBUG block.SCMBlockDeletingService (DatanodeDeletedBlockTransactions.java:addTransactionToDN(50)) - Transaction added: d9bae50b-7f91-4fa0-a494-505c1b3af8a6 <- TX(8)
2022-10-11 12:48:31,149 [SCMBlockDeletingService#0] DEBUG block.SCMBlockDeletingService (DatanodeDeletedBlockTransactions.java:addTransactionToDN(50)) - Transaction added: d9bae50b-7f91-4fa0-a494-505c1b3af8a6 <- TX(9)
2022-10-11 12:48:31,149 [SCMBlockDeletingService#0] DEBUG block.SCMBlockDeletingService (DatanodeDeletedBlockTransactions.java:addTransactionToDN(50)) - Transaction added: 0b6ae373-df17-43b9-8f38-34bc24a5586b <- TX(9)
2022-10-11 12:48:31,149 [SCMBlockDeletingService#0] DEBUG block.SCMBlockDeletingService (DatanodeDeletedBlockTransactions.java:addTransactionToDN(50)) - Transaction added: 9db450c2-c065-4fcc-a5b2-7f05d2839b90 <- TX(9)
2022-10-11 12:48:31,149 [SCMBlockDeletingService#0] DEBUG block.SCMBlockDeletingService (DatanodeDeletedBlockTransactions.java:addTransactionToDN(50)) - Transaction added: 9db450c2-c065-4fcc-a5b2-7f05d2839b90 <- TX(10)
2022-10-11 12:48:31,149 [SCMBlockDeletingService#0] DEBUG block.SCMBlockDeletingService (DatanodeDeletedBlockTransactions.java:addTransactionToDN(50)) - Transaction added: 0b6ae373-df17-43b9-8f38-34bc24a5586b <- TX(10)
2022-10-11 12:48:31,149 [SCMBlockDeletingService#0] DEBUG block.SCMBlockDeletingService (DatanodeDeletedBlockTransactions.java:addTransactionToDN(50)) - Transaction added: d9bae50b-7f91-4fa0-a494-505c1b3af8a6 <- TX(10)
2022-10-11 12:48:31,149 [SCMBlockDeletingService#0] DEBUG block.SCMBlockDeletingService (SCMBlockDeletingService.java:call(162)) - Added delete block command for datanode d9bae50b-7f91-4fa0-a494-505c1b3af8a6 in the queue, number of delete block transactions: 10
2022-10-11 12:48:31,149 [SCMBlockDeletingService#0] DEBUG block.SCMBlockDeletingService (SCMBlockDeletingService.java:call(162)) - Added delete block command for datanode 9db450c2-c065-4fcc-a5b2-7f05d2839b90 in the queue, number of delete block transactions: 10
2022-10-11 12:48:31,150 [SCMBlockDeletingService#0] DEBUG block.SCMBlockDeletingService (SCMBlockDeletingService.java:call(162)) - Added delete block command for datanode 0b6ae373-df17-43b9-8f38-34bc24a5586b in the queue, number of delete block transactions: 10
2022-10-11 12:48:31,150 [SCMBlockDeletingService#0] INFO  block.SCMBlockDeletingService (SCMBlockDeletingService.java:call(172)) - Totally added 30 blocks to be deleted for 3 datanodes, task elapsed time: 3ms
2022-10-11 12:48:31,246 [SCMBlockDeletingService#0] DEBUG block.SCMBlockDeletingService (SCMBlockDeletingService.java:call(131)) - Running DeletedBlockTransactionScanner
2022-10-11 12:48:31,247 [SCMBlockDeletingService#0] DEBUG block.SCMBlockDeletingService (DatanodeDeletedBlockTransactions.java:addTransactionToDN(50)) - Transaction added: 0b6ae373-df17-43b9-8f38-34bc24a5586b <- TX(1)
2022-10-11 12:48:31,247 [SCMBlockDeletingService#0] DEBUG block.SCMBlockDeletingService (DatanodeDeletedBlockTransactions.java:addTransactionToDN(50)) - Transaction added: 9db450c2-c065-4fcc-a5b2-7f05d2839b90 <- TX(1)
2022-10-11 12:48:31,247 [SCMBlockDeletingService#0] DEBUG block.SCMBlockDeletingService (DatanodeDeletedBlockTransactions.java:addTransactionToDN(50)) - Transaction added: d9bae50b-7f91-4fa0-a494-505c1b3af8a6 <- TX(1)
2022-10-11 12:48:31,247 [SCMBlockDeletingService#0] DEBUG block.SCMBlockDeletingService (DatanodeDeletedBlockTransactions.java:addTransactionToDN(50)) - Transaction added: d9bae50b-7f91-4fa0-a494-505c1b3af8a6 <- TX(2)
2022-10-11 12:48:31,247 [SCMBlockDeletingService#0] DEBUG block.SCMBlockDeletingService (DatanodeDeletedBlockTransactions.java:addTransactionToDN(50)) - Transaction added: 9db450c2-c065-4fcc-a5b2-7f05d2839b90 <- TX(2)
2022-10-11 12:48:31,247 [SCMBlockDeletingService#0] DEBUG block.SCMBlockDeletingService (DatanodeDeletedBlockTransactions.java:addTransactionToDN(50)) - Transaction added: 0b6ae373-df17-43b9-8f38-34bc24a5586b <- TX(2)
2022-10-11 12:48:31,247 [SCMBlockDeletingService#0] DEBUG block.SCMBlockDeletingService (DatanodeDeletedBlockTransactions.java:addTransactionToDN(50)) - Transaction added: 9db450c2-c065-4fcc-a5b2-7f05d2839b90 <- TX(3)
2022-10-11 12:48:31,247 [SCMBlockDeletingService#0] DEBUG block.SCMBlockDeletingService (DatanodeDeletedBlockTransactions.java:addTransactionToDN(50)) - Transaction added: 0b6ae373-df17-43b9-8f38-34bc24a5586b <- TX(3)
2022-10-11 12:48:31,247 [SCMBlockDeletingService#0] DEBUG block.SCMBlockDeletingService (DatanodeDeletedBlockTransactions.java:addTransactionToDN(50)) - Transaction added: d9bae50b-7f91-4fa0-a494-505c1b3af8a6 <- TX(3)
2022-10-11 12:48:31,248 [SCMBlockDeletingService#0] DEBUG block.SCMBlockDeletingService (DatanodeDeletedBlockTransactions.java:addTransactionToDN(50)) - Transaction added: d9bae50b-7f91-4fa0-a494-505c1b3af8a6 <- TX(4)
2022-10-11 12:48:31,248 [SCMBlockDeletingService#0] DEBUG block.SCMBlockDeletingService (DatanodeDeletedBlockTransactions.java:addTransactionToDN(50)) - Transaction added: 0b6ae373-df17-43b9-8f38-34bc24a5586b <- TX(4)
2022-10-11 12:48:31,248 [SCMBlockDeletingService#0] DEBUG block.SCMBlockDeletingService (DatanodeDeletedBlockTransactions.java:addTransactionToDN(50)) - Transaction added: 9db450c2-c065-4fcc-a5b2-7f05d2839b90 <- TX(4)
2022-10-11 12:48:31,248 [SCMBlockDeletingService#0] DEBUG block.SCMBlockDeletingService (DatanodeDeletedBlockTransactions.java:addTransactionToDN(50)) - Transaction added: d9bae50b-7f91-4fa0-a494-505c1b3af8a6 <- TX(5)
2022-10-11 12:48:31,248 [SCMBlockDeletingService#0] DEBUG block.SCMBlockDeletingService (DatanodeDeletedBlockTransactions.java:addTransactionToDN(50)) - Transaction added: 0b6ae373-df17-43b9-8f38-34bc24a5586b <- TX(5)
2022-10-11 12:48:31,248 [SCMBlockDeletingService#0] DEBUG block.SCMBlockDeletingService (DatanodeDeletedBlockTransactions.java:addTransactionToDN(50)) - Transaction added: 9db450c2-c065-4fcc-a5b2-7f05d2839b90 <- TX(5)
2022-10-11 12:48:31,248 [SCMBlockDeletingService#0] DEBUG block.SCMBlockDeletingService (DatanodeDeletedBlockTransactions.java:addTransactionToDN(50)) - Transaction added: 9db450c2-c065-4fcc-a5b2-7f05d2839b90 <- TX(6)
2022-10-11 12:48:31,248 [SCMBlockDeletingService#0] DEBUG block.SCMBlockDeletingService (DatanodeDeletedBlockTransactions.java:addTransactionToDN(50)) - Transaction added: d9bae50b-7f91-4fa0-a494-505c1b3af8a6 <- TX(6)
2022-10-11 12:48:31,248 [SCMBlockDeletingService#0] DEBUG block.SCMBlockDeletingService (DatanodeDeletedBlockTransactions.java:addTransactionToDN(50)) - Transaction added: 0b6ae373-df17-43b9-8f38-34bc24a5586b <- TX(6)
2022-10-11 12:48:31,248 [SCMBlockDeletingService#0] DEBUG block.SCMBlockDeletingService (DatanodeDeletedBlockTransactions.java:addTransactionToDN(50)) - Transaction added: d9bae50b-7f91-4fa0-a494-505c1b3af8a6 <- TX(7)
2022-10-11 12:48:31,248 [SCMBlockDeletingService#0] DEBUG block.SCMBlockDeletingService (DatanodeDeletedBlockTransactions.java:addTransactionToDN(50)) - Transaction added: 0b6ae373-df17-43b9-8f38-34bc24a5586b <- TX(7)
2022-10-11 12:48:31,249 [SCMBlockDeletingService#0] DEBUG block.SCMBlockDeletingService (DatanodeDeletedBlockTransactions.java:addTransactionToDN(50)) - Transaction added: 9db450c2-c065-4fcc-a5b2-7f05d2839b90 <- TX(7)
2022-10-11 12:48:31,249 [SCMBlockDeletingService#0] DEBUG block.SCMBlockDeletingService (DatanodeDeletedBlockTransactions.java:addTransactionToDN(50)) - Transaction added: 0b6ae373-df17-43b9-8f38-34bc24a5586b <- TX(8)
2022-10-11 12:48:31,249 [SCMBlockDeletingService#0] DEBUG block.SCMBlockDeletingService (DatanodeDeletedBlockTransactions.java:addTransactionToDN(50)) - Transaction added: 9db450c2-c065-4fcc-a5b2-7f05d2839b90 <- TX(8)
2022-10-11 12:48:31,249 [SCMBlockDeletingService#0] DEBUG block.SCMBlockDeletingService (DatanodeDeletedBlockTransactions.java:addTransactionToDN(50)) - Transaction added: d9bae50b-7f91-4fa0-a494-505c1b3af8a6 <- TX(8)
2022-10-11 12:48:31,249 [SCMBlockDeletingService#0] DEBUG block.SCMBlockDeletingService (DatanodeDeletedBlockTransactions.java:addTransactionToDN(50)) - Transaction added: d9bae50b-7f91-4fa0-a494-505c1b3af8a6 <- TX(9)
2022-10-11 12:48:31,249 [SCMBlockDeletingService#0] DEBUG block.SCMBlockDeletingService (DatanodeDeletedBlockTransactions.java:addTransactionToDN(50)) - Transaction added: 0b6ae373-df17-43b9-8f38-34bc24a5586b <- TX(9)
2022-10-11 12:48:31,249 [SCMBlockDeletingService#0] DEBUG block.SCMBlockDeletingService (DatanodeDeletedBlockTransactions.java:addTransactionToDN(50)) - Transaction added: 9db450c2-c065-4fcc-a5b2-7f05d2839b90 <- TX(9)
2022-10-11 12:48:31,249 [SCMBlockDeletingService#0] DEBUG block.SCMBlockDeletingService (DatanodeDeletedBlockTransactions.java:addTransactionToDN(50)) - Transaction added: 9db450c2-c065-4fcc-a5b2-7f05d2839b90 <- TX(10)
2022-10-11 12:48:31,249 [SCMBlockDeletingService#0] DEBUG block.SCMBlockDeletingService (DatanodeDeletedBlockTransactions.java:addTransactionToDN(50)) - Transaction added: 0b6ae373-df17-43b9-8f38-34bc24a5586b <- TX(10)
2022-10-11 12:48:31,249 [SCMBlockDeletingService#0] DEBUG block.SCMBlockDeletingService (DatanodeDeletedBlockTransactions.java:addTransactionToDN(50)) - Transaction added: d9bae50b-7f91-4fa0-a494-505c1b3af8a6 <- TX(10)
2022-10-11 12:48:31,250 [SCMBlockDeletingService#0] DEBUG block.SCMBlockDeletingService (SCMBlockDeletingService.java:call(162)) - Added delete block command for datanode d9bae50b-7f91-4fa0-a494-505c1b3af8a6 in the queue, number of delete block transactions: 10
2022-10-11 12:48:31,250 [SCMBlockDeletingService#0] DEBUG block.SCMBlockDeletingService (SCMBlockDeletingService.java:call(162)) - Added delete block command for datanode 9db450c2-c065-4fcc-a5b2-7f05d2839b90 in the queue, number of delete block transactions: 10
2022-10-11 12:48:31,250 [SCMBlockDeletingService#0] DEBUG block.SCMBlockDeletingService (SCMBlockDeletingService.java:call(162)) - Added delete block command for datanode 0b6ae373-df17-43b9-8f38-34bc24a5586b in the queue, number of delete block transactions: 10
2022-10-11 12:48:31,250 [SCMBlockDeletingService#0] INFO  block.SCMBlockDeletingService (SCMBlockDeletingService.java:call(172)) - Totally added 30 blocks to be deleted for 3 datanodes, task elapsed time: 3ms
2022-10-11 12:48:31,346 [SCMBlockDeletingService#0] DEBUG block.SCMBlockDeletingService (SCMBlockDeletingService.java:call(131)) - Running DeletedBlockTransactionScanner
2022-10-11 12:48:31,347 [SCMBlockDeletingService#0] DEBUG block.SCMBlockDeletingService (DatanodeDeletedBlockTransactions.java:addTransactionToDN(50)) - Transaction added: 0b6ae373-df17-43b9-8f38-34bc24a5586b <- TX(1)
2022-10-11 12:48:31,347 [SCMBlockDeletingService#0] DEBUG block.SCMBlockDeletingService (DatanodeDeletedBlockTransactions.java:addTransactionToDN(50)) - Transaction added: 9db450c2-c065-4fcc-a5b2-7f05d2839b90 <- TX(1)
2022-10-11 12:48:31,347 [SCMBlockDeletingService#0] DEBUG block.SCMBlockDeletingService (DatanodeDeletedBlockTransactions.java:addTransactionToDN(50)) - Transaction added: d9bae50b-7f91-4fa0-a494-505c1b3af8a6 <- TX(1)
2022-10-11 12:48:31,347 [SCMBlockDeletingService#0] DEBUG block.SCMBlockDeletingService (DatanodeDeletedBlockTransactions.java:addTransactionToDN(50)) - Transaction added: d9bae50b-7f91-4fa0-a494-505c1b3af8a6 <- TX(2)
2022-10-11 12:48:31,347 [SCMBlockDeletingService#0] DEBUG block.SCMBlockDeletingService (DatanodeDeletedBlockTransactions.java:addTransactionToDN(50)) - Transaction added: 9db450c2-c065-4fcc-a5b2-7f05d2839b90 <- TX(2)
2022-10-11 12:48:31,347 [SCMBlockDeletingService#0] DEBUG block.SCMBlockDeletingService (DatanodeDeletedBlockTransactions.java:addTransactionToDN(50)) - Transaction added: 0b6ae373-df17-43b9-8f38-34bc24a5586b <- TX(2)
2022-10-11 12:48:31,347 [SCMBlockDeletingService#0] DEBUG block.SCMBlockDeletingService (DatanodeDeletedBlockTransactions.java:addTransactionToDN(50)) - Transaction added: 9db450c2-c065-4fcc-a5b2-7f05d2839b90 <- TX(3)
2022-10-11 12:48:31,347 [SCMBlockDeletingService#0] DEBUG block.SCMBlockDeletingService (DatanodeDeletedBlockTransactions.java:addTransactionToDN(50)) - Transaction added: 0b6ae373-df17-43b9-8f38-34bc24a5586b <- TX(3)
2022-10-11 12:48:31,348 [SCMBlockDeletingService#0] DEBUG block.SCMBlockDeletingService (DatanodeDeletedBlockTransactions.java:addTransactionToDN(50)) - Transaction added: d9bae50b-7f91-4fa0-a494-505c1b3af8a6 <- TX(3)
2022-10-11 12:48:31,348 [SCMBlockDeletingService#0] DEBUG block.SCMBlockDeletingService (DatanodeDeletedBlockTransactions.java:addTransactionToDN(50)) - Transaction added: d9bae50b-7f91-4fa0-a494-505c1b3af8a6 <- TX(4)
2022-10-11 12:48:31,348 [SCMBlockDeletingService#0] DEBUG block.SCMBlockDeletingService (DatanodeDeletedBlockTransactions.java:addTransactionToDN(50)) - Transaction added: 0b6ae373-df17-43b9-8f38-34bc24a5586b <- TX(4)
2022-10-11 12:48:31,348 [SCMBlockDeletingService#0] DEBUG block.SCMBlockDeletingService (DatanodeDeletedBlockTransactions.java:addTransactionToDN(50)) - Transaction added: 9db450c2-c065-4fcc-a5b2-7f05d2839b90 <- TX(4)
2022-10-11 12:48:31,348 [SCMBlockDeletingService#0] DEBUG block.SCMBlockDeletingService (DatanodeDeletedBlockTransactions.java:addTransactionToDN(50)) - Transaction added: d9bae50b-7f91-4fa0-a494-505c1b3af8a6 <- TX(5)
2022-10-11 12:48:31,348 [SCMBlockDeletingService#0] DEBUG block.SCMBlockDeletingService (DatanodeDeletedBlockTransactions.java:addTransactionToDN(50)) - Transaction added: 0b6ae373-df17-43b9-8f38-34bc24a5586b <- TX(5)
2022-10-11 12:48:31,348 [SCMBlockDeletingService#0] DEBUG block.SCMBlockDeletingService (DatanodeDeletedBlockTransactions.java:addTransactionToDN(50)) - Transaction added: 9db450c2-c065-4fcc-a5b2-7f05d2839b90 <- TX(5)
2022-10-11 12:48:31,348 [SCMBlockDeletingService#0] DEBUG block.SCMBlockDeletingService (DatanodeDeletedBlockTransactions.java:addTransactionToDN(50)) - Transaction added: 9db450c2-c065-4fcc-a5b2-7f05d2839b90 <- TX(6)
2022-10-11 12:48:31,348 [SCMBlockDeletingService#0] DEBUG block.SCMBlockDeletingService (DatanodeDeletedBlockTransactions.java:addTransactionToDN(50)) - Transaction added: d9bae50b-7f91-4fa0-a494-505c1b3af8a6 <- TX(6)
2022-10-11 12:48:31,348 [SCMBlockDeletingService#0] DEBUG block.SCMBlockDeletingService (DatanodeDeletedBlockTransactions.java:addTransactionToDN(50)) - Transaction added: 0b6ae373-df17-43b9-8f38-34bc24a5586b <- TX(6)
2022-10-11 12:48:31,348 [SCMBlockDeletingService#0] DEBUG block.SCMBlockDeletingService (DatanodeDeletedBlockTransactions.java:addTransactionToDN(50)) - Transaction added: d9bae50b-7f91-4fa0-a494-505c1b3af8a6 <- TX(7)
2022-10-11 12:48:31,348 [SCMBlockDeletingService#0] DEBUG block.SCMBlockDeletingService (DatanodeDeletedBlockTransactions.java:addTransactionToDN(50)) - Transaction added: 0b6ae373-df17-43b9-8f38-34bc24a5586b <- TX(7)
2022-10-11 12:48:31,348 [SCMBlockDeletingService#0] DEBUG block.SCMBlockDeletingService (DatanodeDeletedBlockTransactions.java:addTransactionToDN(50)) - Transaction added: 9db450c2-c065-4fcc-a5b2-7f05d2839b90 <- TX(7)
2022-10-11 12:48:31,349 [SCMBlockDeletingService#0] DEBUG block.SCMBlockDeletingService (DatanodeDeletedBlockTransactions.java:addTransactionToDN(50)) - Transaction added: 0b6ae373-df17-43b9-8f38-34bc24a5586b <- TX(8)
2022-10-11 12:48:31,349 [SCMBlockDeletingService#0] DEBUG block.SCMBlockDeletingService (DatanodeDeletedBlockTransactions.java:addTransactionToDN(50)) - Transaction added: 9db450c2-c065-4fcc-a5b2-7f05d2839b90 <- TX(8)
2022-10-11 12:48:31,349 [SCMBlockDeletingService#0] DEBUG block.SCMBlockDeletingService (DatanodeDeletedBlockTransactions.java:addTransactionToDN(50)) - Transaction added: d9bae50b-7f91-4fa0-a494-505c1b3af8a6 <- TX(8)
2022-10-11 12:48:31,349 [SCMBlockDeletingService#0] DEBUG block.SCMBlockDeletingService (DatanodeDeletedBlockTransactions.java:addTransactionToDN(50)) - Transaction added: d9bae50b-7f91-4fa0-a494-505c1b3af8a6 <- TX(9)
2022-10-11 12:48:31,349 [SCMBlockDeletingService#0] DEBUG block.SCMBlockDeletingService (DatanodeDeletedBlockTransactions.java:addTransactionToDN(50)) - Transaction added: 0b6ae373-df17-43b9-8f38-34bc24a5586b <- TX(9)
2022-10-11 12:48:31,349 [SCMBlockDeletingService#0] DEBUG block.SCMBlockDeletingService (DatanodeDeletedBlockTransactions.java:addTransactionToDN(50)) - Transaction added: 9db450c2-c065-4fcc-a5b2-7f05d2839b90 <- TX(9)
2022-10-11 12:48:31,349 [SCMBlockDeletingService#0] DEBUG block.SCMBlockDeletingService (DatanodeDeletedBlockTransactions.java:addTransactionToDN(50)) - Transaction added: 9db450c2-c065-4fcc-a5b2-7f05d2839b90 <- TX(10)
2022-10-11 12:48:31,349 [SCMBlockDeletingService#0] DEBUG block.SCMBlockDeletingService (DatanodeDeletedBlockTransactions.java:addTransactionToDN(50)) - Transaction added: 0b6ae373-df17-43b9-8f38-34bc24a5586b <- TX(10)
2022-10-11 12:48:31,349 [SCMBlockDeletingService#0] DEBUG block.SCMBlockDeletingService (DatanodeDeletedBlockTransactions.java:addTransactionToDN(50)) - Transaction added: d9bae50b-7f91-4fa0-a494-505c1b3af8a6 <- TX(10)
2022-10-11 12:48:31,349 [SCMBlockDeletingService#0] DEBUG block.SCMBlockDeletingService (SCMBlockDeletingService.java:call(162)) - Added delete block command for datanode d9bae50b-7f91-4fa0-a494-505c1b3af8a6 in the queue, number of delete block transactions: 10
2022-10-11 12:48:31,349 [SCMBlockDeletingService#0] DEBUG block.SCMBlockDeletingService (SCMBlockDeletingService.java:call(162)) - Added delete block command for datanode 9db450c2-c065-4fcc-a5b2-7f05d2839b90 in the queue, number of delete block transactions: 10
2022-10-11 12:48:31,350 [SCMBlockDeletingService#0] DEBUG block.SCMBlockDeletingService (SCMBlockDeletingService.java:call(162)) - Added delete block command for datanode 0b6ae373-df17-43b9-8f38-34bc24a5586b in the queue, number of delete block transactions: 10
2022-10-11 12:48:31,350 [SCMBlockDeletingService#0] INFO  block.SCMBlockDeletingService (SCMBlockDeletingService.java:call(172)) - Totally added 30 blocks to be deleted for 3 datanodes, task elapsed time: 3ms
2022-10-11 12:48:31,446 [SCMBlockDeletingService#0] DEBUG block.SCMBlockDeletingService (SCMBlockDeletingService.java:call(131)) - Running DeletedBlockTransactionScanner
2022-10-11 12:48:31,447 [SCMBlockDeletingService#0] DEBUG block.SCMBlockDeletingService (DatanodeDeletedBlockTransactions.java:addTransactionToDN(50)) - Transaction added: 0b6ae373-df17-43b9-8f38-34bc24a5586b <- TX(1)
2022-10-11 12:48:31,447 [SCMBlockDeletingService#0] DEBUG block.SCMBlockDeletingService (DatanodeDeletedBlockTransactions.java:addTransactionToDN(50)) - Transaction added: 9db450c2-c065-4fcc-a5b2-7f05d2839b90 <- TX(1)
2022-10-11 12:48:31,447 [SCMBlockDeletingService#0] DEBUG block.SCMBlockDeletingService (DatanodeDeletedBlockTransactions.java:addTransactionToDN(50)) - Transaction added: d9bae50b-7f91-4fa0-a494-505c1b3af8a6 <- TX(1)
2022-10-11 12:48:31,447 [SCMBlockDeletingService#0] DEBUG block.SCMBlockDeletingService (DatanodeDeletedBlockTransactions.java:addTransactionToDN(50)) - Transaction added: d9bae50b-7f91-4fa0-a494-505c1b3af8a6 <- TX(2)
2022-10-11 12:48:31,447 [SCMBlockDeletingService#0] DEBUG block.SCMBlockDeletingService (DatanodeDeletedBlockTransactions.java:addTransactionToDN(50)) - Transaction added: 9db450c2-c065-4fcc-a5b2-7f05d2839b90 <- TX(2)
2022-10-11 12:48:31,447 [SCMBlockDeletingService#0] DEBUG block.SCMBlockDeletingService (DatanodeDeletedBlockTransactions.java:addTransactionToDN(50)) - Transaction added: 0b6ae373-df17-43b9-8f38-34bc24a5586b <- TX(2)
2022-10-11 12:48:31,447 [SCMBlockDeletingService#0] DEBUG block.SCMBlockDeletingService (DatanodeDeletedBlockTransactions.java:addTransactionToDN(50)) - Transaction added: 9db450c2-c065-4fcc-a5b2-7f05d2839b90 <- TX(3)
2022-10-11 12:48:31,447 [SCMBlockDeletingService#0] DEBUG block.SCMBlockDeletingService (DatanodeDeletedBlockTransactions.java:addTransactionToDN(50)) - Transaction added: 0b6ae373-df17-43b9-8f38-34bc24a5586b <- TX(3)
2022-10-11 12:48:31,447 [SCMBlockDeletingService#0] DEBUG block.SCMBlockDeletingService (DatanodeDeletedBlockTransactions.java:addTransactionToDN(50)) - Transaction added: d9bae50b-7f91-4fa0-a494-505c1b3af8a6 <- TX(3)
2022-10-11 12:48:31,448 [SCMBlockDeletingService#0] DEBUG block.SCMBlockDeletingService (DatanodeDeletedBlockTransactions.java:addTransactionToDN(50)) - Transaction added: 0b6ae373-df17-43b9-8f38-34bc24a5586b <- TX(4)
2022-10-11 12:48:31,448 [SCMBlockDeletingService#0] DEBUG block.SCMBlockDeletingService (DatanodeDeletedBlockTransactions.java:addTransactionToDN(50)) - Transaction added: d9bae50b-7f91-4fa0-a494-505c1b3af8a6 <- TX(4)
2022-10-11 12:48:31,448 [SCMBlockDeletingService#0] DEBUG block.SCMBlockDeletingService (DatanodeDeletedBlockTransactions.java:addTransactionToDN(50)) - Transaction added: 9db450c2-c065-4fcc-a5b2-7f05d2839b90 <- TX(4)
2022-10-11 12:48:31,448 [SCMBlockDeletingService#0] DEBUG block.SCMBlockDeletingService (DatanodeDeletedBlockTransactions.java:addTransactionToDN(50)) - Transaction added: 0b6ae373-df17-43b9-8f38-34bc24a5586b <- TX(5)
2022-10-11 12:48:31,448 [SCMBlockDeletingService#0] DEBUG block.SCMBlockDeletingService (DatanodeDeletedBlockTransactions.java:addTransactionToDN(50)) - Transaction added: d9bae50b-7f91-4fa0-a494-505c1b3af8a6 <- TX(5)
2022-10-11 12:48:31,448 [SCMBlockDeletingService#0] DEBUG block.SCMBlockDeletingService (DatanodeDeletedBlockTransactions.java:addTransactionToDN(50)) - Transaction added: 9db450c2-c065-4fcc-a5b2-7f05d2839b90 <- TX(5)
2022-10-11 12:48:31,448 [SCMBlockDeletingService#0] DEBUG block.SCMBlockDeletingService (DatanodeDeletedBlockTransactions.java:addTransactionToDN(50)) - Transaction added: 9db450c2-c065-4fcc-a5b2-7f05d2839b90 <- TX(6)
2022-10-11 12:48:31,448 [SCMBlockDeletingService#0] DEBUG block.SCMBlockDeletingService (DatanodeDeletedBlockTransactions.java:addTransactionToDN(50)) - Transaction added: 0b6ae373-df17-43b9-8f38-34bc24a5586b <- TX(6)
2022-10-11 12:48:31,448 [SCMBlockDeletingService#0] DEBUG block.SCMBlockDeletingService (DatanodeDeletedBlockTransactions.java:addTransactionToDN(50)) - Transaction added: d9bae50b-7f91-4fa0-a494-505c1b3af8a6 <- TX(6)
2022-10-11 12:48:31,448 [SCMBlockDeletingService#0] DEBUG block.SCMBlockDeletingService (DatanodeDeletedBlockTransactions.java:addTransactionToDN(50)) - Transaction added: 0b6ae373-df17-43b9-8f38-34bc24a5586b <- TX(7)
2022-10-11 12:48:31,448 [SCMBlockDeletingService#0] DEBUG block.SCMBlockDeletingService (DatanodeDeletedBlockTransactions.java:addTransactionToDN(50)) - Transaction added: d9bae50b-7f91-4fa0-a494-505c1b3af8a6 <- TX(7)
2022-10-11 12:48:31,448 [SCMBlockDeletingService#0] DEBUG block.SCMBlockDeletingService (DatanodeDeletedBlockTransactions.java:addTransactionToDN(50)) - Transaction added: 9db450c2-c065-4fcc-a5b2-7f05d2839b90 <- TX(7)
2022-10-11 12:48:31,449 [SCMBlockDeletingService#0] DEBUG block.SCMBlockDeletingService (DatanodeDeletedBlockTransactions.java:addTransactionToDN(50)) - Transaction added: 0b6ae373-df17-43b9-8f38-34bc24a5586b <- TX(8)
2022-10-11 12:48:31,449 [SCMBlockDeletingService#0] DEBUG block.SCMBlockDeletingService (DatanodeDeletedBlockTransactions.java:addTransactionToDN(50)) - Transaction added: 9db450c2-c065-4fcc-a5b2-7f05d2839b90 <- TX(8)
2022-10-11 12:48:31,449 [SCMBlockDeletingService#0] DEBUG block.SCMBlockDeletingService (DatanodeDeletedBlockTransactions.java:addTransactionToDN(50)) - Transaction added: d9bae50b-7f91-4fa0-a494-505c1b3af8a6 <- TX(8)
2022-10-11 12:48:31,449 [SCMBlockDeletingService#0] DEBUG block.SCMBlockDeletingService (DatanodeDeletedBlockTransactions.java:addTransactionToDN(50)) - Transaction added: d9bae50b-7f91-4fa0-a494-505c1b3af8a6 <- TX(9)
2022-10-11 12:48:31,449 [SCMBlockDeletingService#0] DEBUG block.SCMBlockDeletingService (DatanodeDeletedBlockTransactions.java:addTransactionToDN(50)) - Transaction added: 0b6ae373-df17-43b9-8f38-34bc24a5586b <- TX(9)
2022-10-11 12:48:31,449 [SCMBlockDeletingService#0] DEBUG block.SCMBlockDeletingService (DatanodeDeletedBlockTransactions.java:addTransactionToDN(50)) - Transaction added: 9db450c2-c065-4fcc-a5b2-7f05d2839b90 <- TX(9)
2022-10-11 12:48:31,449 [SCMBlockDeletingService#0] DEBUG block.SCMBlockDeletingService (DatanodeDeletedBlockTransactions.java:addTransactionToDN(50)) - Transaction added: 9db450c2-c065-4fcc-a5b2-7f05d2839b90 <- TX(10)
2022-10-11 12:48:31,449 [SCMBlockDeletingService#0] DEBUG block.SCMBlockDeletingService (DatanodeDeletedBlockTransactions.java:addTransactionToDN(50)) - Transaction added: 0b6ae373-df17-43b9-8f38-34bc24a5586b <- TX(10)
2022-10-11 12:48:31,449 [SCMBlockDeletingService#0] DEBUG block.SCMBlockDeletingService (DatanodeDeletedBlockTransactions.java:addTransactionToDN(50)) - Transaction added: d9bae50b-7f91-4fa0-a494-505c1b3af8a6 <- TX(10)
2022-10-11 12:48:31,449 [SCMBlockDeletingService#0] DEBUG block.SCMBlockDeletingService (SCMBlockDeletingService.java:call(162)) - Added delete block command for datanode d9bae50b-7f91-4fa0-a494-505c1b3af8a6 in the queue, number of delete block transactions: 10
2022-10-11 12:48:31,450 [SCMBlockDeletingService#0] DEBUG block.SCMBlockDeletingService (SCMBlockDeletingService.java:call(162)) - Added delete block command for datanode 9db450c2-c065-4fcc-a5b2-7f05d2839b90 in the queue, number of delete block transactions: 10
2022-10-11 12:48:31,450 [SCMBlockDeletingService#0] DEBUG block.SCMBlockDeletingService (SCMBlockDeletingService.java:call(162)) - Added delete block command for datanode 0b6ae373-df17-43b9-8f38-34bc24a5586b in the queue, number of delete block transactions: 10
2022-10-11 12:48:31,450 [SCMBlockDeletingService#0] INFO  block.SCMBlockDeletingService (SCMBlockDeletingService.java:call(172)) - Totally added 30 blocks to be deleted for 3 datanodes, task elapsed time: 3ms
2022-10-11 12:48:31,546 [SCMBlockDeletingService#0] DEBUG block.SCMBlockDeletingService (SCMBlockDeletingService.java:call(131)) - Running DeletedBlockTransactionScanner
2022-10-11 12:48:31,547 [SCMBlockDeletingService#0] DEBUG block.SCMBlockDeletingService (DatanodeDeletedBlockTransactions.java:addTransactionToDN(50)) - Transaction added: 0b6ae373-df17-43b9-8f38-34bc24a5586b <- TX(1)
2022-10-11 12:48:31,547 [SCMBlockDeletingService#0] DEBUG block.SCMBlockDeletingService (DatanodeDeletedBlockTransactions.java:addTransactionToDN(50)) - Transaction added: 9db450c2-c065-4fcc-a5b2-7f05d2839b90 <- TX(1)
2022-10-11 12:48:31,547 [SCMBlockDeletingService#0] DEBUG block.SCMBlockDeletingService (DatanodeDeletedBlockTransactions.java:addTransactionToDN(50)) - Transaction added: d9bae50b-7f91-4fa0-a494-505c1b3af8a6 <- TX(1)
2022-10-11 12:48:31,547 [SCMBlockDeletingService#0] DEBUG block.SCMBlockDeletingService (DatanodeDeletedBlockTransactions.java:addTransactionToDN(50)) - Transaction added: d9bae50b-7f91-4fa0-a494-505c1b3af8a6 <- TX(2)
2022-10-11 12:48:31,547 [SCMBlockDeletingService#0] DEBUG block.SCMBlockDeletingService (DatanodeDeletedBlockTransactions.java:addTransactionToDN(50)) - Transaction added: 9db450c2-c065-4fcc-a5b2-7f05d2839b90 <- TX(2)
2022-10-11 12:48:31,547 [SCMBlockDeletingService#0] DEBUG block.SCMBlockDeletingService (DatanodeDeletedBlockTransactions.java:addTransactionToDN(50)) - Transaction added: 0b6ae373-df17-43b9-8f38-34bc24a5586b <- TX(2)
2022-10-11 12:48:31,547 [SCMBlockDeletingService#0] DEBUG block.SCMBlockDeletingService (DatanodeDeletedBlockTransactions.java:addTransactionToDN(50)) - Transaction added: 9db450c2-c065-4fcc-a5b2-7f05d2839b90 <- TX(3)
2022-10-11 12:48:31,548 [SCMBlockDeletingService#0] DEBUG block.SCMBlockDeletingService (DatanodeDeletedBlockTransactions.java:addTransactionToDN(50)) - Transaction added: 0b6ae373-df17-43b9-8f38-34bc24a5586b <- TX(3)
2022-10-11 12:48:31,548 [SCMBlockDeletingService#0] DEBUG block.SCMBlockDeletingService (DatanodeDeletedBlockTransactions.java:addTransactionToDN(50)) - Transaction added: d9bae50b-7f91-4fa0-a494-505c1b3af8a6 <- TX(3)
2022-10-11 12:48:31,548 [SCMBlockDeletingService#0] DEBUG block.SCMBlockDeletingService (DatanodeDeletedBlockTransactions.java:addTransactionToDN(50)) - Transaction added: 0b6ae373-df17-43b9-8f38-34bc24a5586b <- TX(4)
2022-10-11 12:48:31,548 [SCMBlockDeletingService#0] DEBUG block.SCMBlockDeletingService (DatanodeDeletedBlockTransactions.java:addTransactionToDN(50)) - Transaction added: d9bae50b-7f91-4fa0-a494-505c1b3af8a6 <- TX(4)
2022-10-11 12:48:31,548 [SCMBlockDeletingService#0] DEBUG block.SCMBlockDeletingService (DatanodeDeletedBlockTransactions.java:addTransactionToDN(50)) - Transaction added: 9db450c2-c065-4fcc-a5b2-7f05d2839b90 <- TX(4)
2022-10-11 12:48:31,548 [SCMBlockDeletingService#0] DEBUG block.SCMBlockDeletingService (DatanodeDeletedBlockTransactions.java:addTransactionToDN(50)) - Transaction added: 0b6ae373-df17-43b9-8f38-34bc24a5586b <- TX(5)
2022-10-11 12:48:31,548 [SCMBlockDeletingService#0] DEBUG block.SCMBlockDeletingService (DatanodeDeletedBlockTransactions.java:addTransactionToDN(50)) - Transaction added: d9bae50b-7f91-4fa0-a494-505c1b3af8a6 <- TX(5)
2022-10-11 12:48:31,548 [SCMBlockDeletingService#0] DEBUG block.SCMBlockDeletingService (DatanodeDeletedBlockTransactions.java:addTransactionToDN(50)) - Transaction added: 9db450c2-c065-4fcc-a5b2-7f05d2839b90 <- TX(5)
2022-10-11 12:48:31,548 [SCMBlockDeletingService#0] DEBUG block.SCMBlockDeletingService (DatanodeDeletedBlockTransactions.java:addTransactionToDN(50)) - Transaction added: 9db450c2-c065-4fcc-a5b2-7f05d2839b90 <- TX(6)
2022-10-11 12:48:31,548 [SCMBlockDeletingService#0] DEBUG block.SCMBlockDeletingService (DatanodeDeletedBlockTransactions.java:addTransactionToDN(50)) - Transaction added: 0b6ae373-df17-43b9-8f38-34bc24a5586b <- TX(6)
2022-10-11 12:48:31,548 [SCMBlockDeletingService#0] DEBUG block.SCMBlockDeletingService (DatanodeDeletedBlockTransactions.java:addTransactionToDN(50)) - Transaction added: d9bae50b-7f91-4fa0-a494-505c1b3af8a6 <- TX(6)
2022-10-11 12:48:31,548 [SCMBlockDeletingService#0] DEBUG block.SCMBlockDeletingService (DatanodeDeletedBlockTransactions.java:addTransactionToDN(50)) - Transaction added: 0b6ae373-df17-43b9-8f38-34bc24a5586b <- TX(7)
2022-10-11 12:48:31,548 [SCMBlockDeletingService#0] DEBUG block.SCMBlockDeletingService (DatanodeDeletedBlockTransactions.java:addTransactionToDN(50)) - Transaction added: d9bae50b-7f91-4fa0-a494-505c1b3af8a6 <- TX(7)
2022-10-11 12:48:31,549 [SCMBlockDeletingService#0] DEBUG block.SCMBlockDeletingService (DatanodeDeletedBlockTransactions.java:addTransactionToDN(50)) - Transaction added: 9db450c2-c065-4fcc-a5b2-7f05d2839b90 <- TX(7)
2022-10-11 12:48:31,549 [SCMBlockDeletingService#0] DEBUG block.SCMBlockDeletingService (DatanodeDeletedBlockTransactions.java:addTransactionToDN(50)) - Transaction added: 0b6ae373-df17-43b9-8f38-34bc24a5586b <- TX(8)
2022-10-11 12:48:31,549 [SCMBlockDeletingService#0] DEBUG block.SCMBlockDeletingService (DatanodeDeletedBlockTransactions.java:addTransactionToDN(50)) - Transaction added: 9db450c2-c065-4fcc-a5b2-7f05d2839b90 <- TX(8)
2022-10-11 12:48:31,549 [SCMBlockDeletingService#0] DEBUG block.SCMBlockDeletingService (DatanodeDeletedBlockTransactions.java:addTransactionToDN(50)) - Transaction added: d9bae50b-7f91-4fa0-a494-505c1b3af8a6 <- TX(8)
2022-10-11 12:48:31,549 [SCMBlockDeletingService#0] DEBUG block.SCMBlockDeletingService (DatanodeDeletedBlockTransactions.java:addTransactionToDN(50)) - Transaction added: d9bae50b-7f91-4fa0-a494-505c1b3af8a6 <- TX(9)
2022-10-11 12:48:31,549 [SCMBlockDeletingService#0] DEBUG block.SCMBlockDeletingService (DatanodeDeletedBlockTransactions.java:addTransactionToDN(50)) - Transaction added: 0b6ae373-df17-43b9-8f38-34bc24a5586b <- TX(9)
2022-10-11 12:48:31,549 [SCMBlockDeletingService#0] DEBUG block.SCMBlockDeletingService (DatanodeDeletedBlockTransactions.java:addTransactionToDN(50)) - Transaction added: 9db450c2-c065-4fcc-a5b2-7f05d2839b90 <- TX(9)
2022-10-11 12:48:31,549 [SCMBlockDeletingService#0] DEBUG block.SCMBlockDeletingService (DatanodeDeletedBlockTransactions.java:addTransactionToDN(50)) - Transaction added: 9db450c2-c065-4fcc-a5b2-7f05d2839b90 <- TX(10)
2022-10-11 12:48:31,549 [SCMBlockDeletingService#0] DEBUG block.SCMBlockDeletingService (DatanodeDeletedBlockTransactions.java:addTransactionToDN(50)) - Transaction added: 0b6ae373-df17-43b9-8f38-34bc24a5586b <- TX(10)
2022-10-11 12:48:31,549 [SCMBlockDeletingService#0] DEBUG block.SCMBlockDeletingService (DatanodeDeletedBlockTransactions.java:addTransactionToDN(50)) - Transaction added: d9bae50b-7f91-4fa0-a494-505c1b3af8a6 <- TX(10)
2022-10-11 12:48:31,550 [SCMBlockDeletingService#0] DEBUG block.SCMBlockDeletingService (SCMBlockDeletingService.java:call(162)) - Added delete block command for datanode d9bae50b-7f91-4fa0-a494-505c1b3af8a6 in the queue, number of delete block transactions: 10
2022-10-11 12:48:31,550 [SCMBlockDeletingService#0] DEBUG block.SCMBlockDeletingService (SCMBlockDeletingService.java:call(162)) - Added delete block command for datanode 9db450c2-c065-4fcc-a5b2-7f05d2839b90 in the queue, number of delete block transactions: 10
2022-10-11 12:48:31,550 [SCMBlockDeletingService#0] DEBUG block.SCMBlockDeletingService (SCMBlockDeletingService.java:call(162)) - Added delete block command for datanode 0b6ae373-df17-43b9-8f38-34bc24a5586b in the queue, number of delete block transactions: 10
2022-10-11 12:48:31,550 [SCMBlockDeletingService#0] INFO  block.SCMBlockDeletingService (SCMBlockDeletingService.java:call(172)) - Totally added 30 blocks to be deleted for 3 datanodes, task elapsed time: 3ms
2022-10-11 12:48:31,646 [SCMBlockDeletingService#0] DEBUG block.SCMBlockDeletingService (SCMBlockDeletingService.java:call(131)) - Running DeletedBlockTransactionScanner
2022-10-11 12:48:31,647 [SCMBlockDeletingService#0] DEBUG block.SCMBlockDeletingService (DatanodeDeletedBlockTransactions.java:addTransactionToDN(50)) - Transaction added: 0b6ae373-df17-43b9-8f38-34bc24a5586b <- TX(1)
2022-10-11 12:48:31,647 [SCMBlockDeletingService#0] DEBUG block.SCMBlockDeletingService (DatanodeDeletedBlockTransactions.java:addTransactionToDN(50)) - Transaction added: 9db450c2-c065-4fcc-a5b2-7f05d2839b90 <- TX(1)
2022-10-11 12:48:31,647 [SCMBlockDeletingService#0] DEBUG block.SCMBlockDeletingService (DatanodeDeletedBlockTransactions.java:addTransactionToDN(50)) - Transaction added: d9bae50b-7f91-4fa0-a494-505c1b3af8a6 <- TX(1)
2022-10-11 12:48:31,647 [SCMBlockDeletingService#0] DEBUG block.SCMBlockDeletingService (DatanodeDeletedBlockTransactions.java:addTransactionToDN(50)) - Transaction added: d9bae50b-7f91-4fa0-a494-505c1b3af8a6 <- TX(2)
2022-10-11 12:48:31,647 [SCMBlockDeletingService#0] DEBUG block.SCMBlockDeletingService (DatanodeDeletedBlockTransactions.java:addTransactionToDN(50)) - Transaction added: 9db450c2-c065-4fcc-a5b2-7f05d2839b90 <- TX(2)
2022-10-11 12:48:31,648 [SCMBlockDeletingService#0] DEBUG block.SCMBlockDeletingService (DatanodeDeletedBlockTransactions.java:addTransactionToDN(50)) - Transaction added: 0b6ae373-df17-43b9-8f38-34bc24a5586b <- TX(2)
2022-10-11 12:48:31,648 [SCMBlockDeletingService#0] DEBUG block.SCMBlockDeletingService (DatanodeDeletedBlockTransactions.java:addTransactionToDN(50)) - Transaction added: 9db450c2-c065-4fcc-a5b2-7f05d2839b90 <- TX(3)
2022-10-11 12:48:31,648 [SCMBlockDeletingService#0] DEBUG block.SCMBlockDeletingService (DatanodeDeletedBlockTransactions.java:addTransactionToDN(50)) - Transaction added: 0b6ae373-df17-43b9-8f38-34bc24a5586b <- TX(3)
2022-10-11 12:48:31,648 [SCMBlockDeletingService#0] DEBUG block.SCMBlockDeletingService (DatanodeDeletedBlockTransactions.java:addTransactionToDN(50)) - Transaction added: d9bae50b-7f91-4fa0-a494-505c1b3af8a6 <- TX(3)
2022-10-11 12:48:31,648 [SCMBlockDeletingService#0] DEBUG block.SCMBlockDeletingService (DatanodeDeletedBlockTransactions.java:addTransactionToDN(50)) - Transaction added: d9bae50b-7f91-4fa0-a494-505c1b3af8a6 <- TX(4)
2022-10-11 12:48:31,648 [SCMBlockDeletingService#0] DEBUG block.SCMBlockDeletingService (DatanodeDeletedBlockTransactions.java:addTransactionToDN(50)) - Transaction added: 0b6ae373-df17-43b9-8f38-34bc24a5586b <- TX(4)
2022-10-11 12:48:31,648 [SCMBlockDeletingService#0] DEBUG block.SCMBlockDeletingService (DatanodeDeletedBlockTransactions.java:addTransactionToDN(50)) - Transaction added: 9db450c2-c065-4fcc-a5b2-7f05d2839b90 <- TX(4)
2022-10-11 12:48:31,648 [SCMBlockDeletingService#0] DEBUG block.SCMBlockDeletingService (DatanodeDeletedBlockTransactions.java:addTransactionToDN(50)) - Transaction added: d9bae50b-7f91-4fa0-a494-505c1b3af8a6 <- TX(5)
2022-10-11 12:48:31,648 [SCMBlockDeletingService#0] DEBUG block.SCMBlockDeletingService (DatanodeDeletedBlockTransactions.java:addTransactionToDN(50)) - Transaction added: 0b6ae373-df17-43b9-8f38-34bc24a5586b <- TX(5)
2022-10-11 12:48:31,648 [SCMBlockDeletingService#0] DEBUG block.SCMBlockDeletingService (DatanodeDeletedBlockTransactions.java:addTransactionToDN(50)) - Transaction added: 9db450c2-c065-4fcc-a5b2-7f05d2839b90 <- TX(5)
2022-10-11 12:48:31,648 [SCMBlockDeletingService#0] DEBUG block.SCMBlockDeletingService (DatanodeDeletedBlockTransactions.java:addTransactionToDN(50)) - Transaction added: 9db450c2-c065-4fcc-a5b2-7f05d2839b90 <- TX(6)
2022-10-11 12:48:31,648 [SCMBlockDeletingService#0] DEBUG block.SCMBlockDeletingService (DatanodeDeletedBlockTransactions.java:addTransactionToDN(50)) - Transaction added: d9bae50b-7f91-4fa0-a494-505c1b3af8a6 <- TX(6)
2022-10-11 12:48:31,648 [SCMBlockDeletingService#0] DEBUG block.SCMBlockDeletingService (DatanodeDeletedBlockTransactions.java:addTransactionToDN(50)) - Transaction added: 0b6ae373-df17-43b9-8f38-34bc24a5586b <- TX(6)
2022-10-11 12:48:31,649 [SCMBlockDeletingService#0] DEBUG block.SCMBlockDeletingService (DatanodeDeletedBlockTransactions.java:addTransactionToDN(50)) - Transaction added: d9bae50b-7f91-4fa0-a494-505c1b3af8a6 <- TX(7)
2022-10-11 12:48:31,649 [SCMBlockDeletingService#0] DEBUG block.SCMBlockDeletingService (DatanodeDeletedBlockTransactions.java:addTransactionToDN(50)) - Transaction added: 0b6ae373-df17-43b9-8f38-34bc24a5586b <- TX(7)
2022-10-11 12:48:31,649 [SCMBlockDeletingService#0] DEBUG block.SCMBlockDeletingService (DatanodeDeletedBlockTransactions.java:addTransactionToDN(50)) - Transaction added: 9db450c2-c065-4fcc-a5b2-7f05d2839b90 <- TX(7)
2022-10-11 12:48:31,649 [SCMBlockDeletingService#0] DEBUG block.SCMBlockDeletingService (DatanodeDeletedBlockTransactions.java:addTransactionToDN(50)) - Transaction added: 0b6ae373-df17-43b9-8f38-34bc24a5586b <- TX(8)
2022-10-11 12:48:31,649 [SCMBlockDeletingService#0] DEBUG block.SCMBlockDeletingService (DatanodeDeletedBlockTransactions.java:addTransactionToDN(50)) - Transaction added: 9db450c2-c065-4fcc-a5b2-7f05d2839b90 <- TX(8)
2022-10-11 12:48:31,649 [SCMBlockDeletingService#0] DEBUG block.SCMBlockDeletingService (DatanodeDeletedBlockTransactions.java:addTransactionToDN(50)) - Transaction added: d9bae50b-7f91-4fa0-a494-505c1b3af8a6 <- TX(8)
2022-10-11 12:48:31,649 [SCMBlockDeletingService#0] DEBUG block.SCMBlockDeletingService (DatanodeDeletedBlockTransactions.java:addTransactionToDN(50)) - Transaction added: d9bae50b-7f91-4fa0-a494-505c1b3af8a6 <- TX(9)
2022-10-11 12:48:31,649 [SCMBlockDeletingService#0] DEBUG block.SCMBlockDeletingService (DatanodeDeletedBlockTransactions.java:addTransactionToDN(50)) - Transaction added: 0b6ae373-df17-43b9-8f38-34bc24a5586b <- TX(9)
2022-10-11 12:48:31,649 [SCMBlockDeletingService#0] DEBUG block.SCMBlockDeletingService (DatanodeDeletedBlockTransactions.java:addTransactionToDN(50)) - Transaction added: 9db450c2-c065-4fcc-a5b2-7f05d2839b90 <- TX(9)
2022-10-11 12:48:31,649 [org.apache.hadoop.ozone.container.common.statemachine.commandhandler.DeleteBlocksCommandHandler$DeleteCmdWorker@2c9a5a1b] INFO  commandhandler.DeleteBlocksCommandHandler (DeleteBlocksCommandHandler.java:processCmd(271)) - Start to delete container blocks, TXIDs=[1(0),2(0),3(0),4(0),5(0)], numOfContainers=5, numOfBlocks=5
2022-10-11 12:48:31,649 [SCMBlockDeletingService#0] DEBUG block.SCMBlockDeletingService (DatanodeDeletedBlockTransactions.java:addTransactionToDN(50)) - Transaction added: 9db450c2-c065-4fcc-a5b2-7f05d2839b90 <- TX(10)
2022-10-11 12:48:31,650 [SCMBlockDeletingService#0] DEBUG block.SCMBlockDeletingService (DatanodeDeletedBlockTransactions.java:addTransactionToDN(50)) - Transaction added: 0b6ae373-df17-43b9-8f38-34bc24a5586b <- TX(10)
2022-10-11 12:48:31,650 [SCMBlockDeletingService#0] DEBUG block.SCMBlockDeletingService (DatanodeDeletedBlockTransactions.java:addTransactionToDN(50)) - Transaction added: d9bae50b-7f91-4fa0-a494-505c1b3af8a6 <- TX(10)
2022-10-11 12:48:31,650 [SCMBlockDeletingService#0] DEBUG block.SCMBlockDeletingService (SCMBlockDeletingService.java:call(162)) - Added delete block command for datanode d9bae50b-7f91-4fa0-a494-505c1b3af8a6 in the queue, number of delete block transactions: 10
2022-10-11 12:48:31,650 [SCMBlockDeletingService#0] DEBUG block.SCMBlockDeletingService (SCMBlockDeletingService.java:call(162)) - Added delete block command for datanode 9db450c2-c065-4fcc-a5b2-7f05d2839b90 in the queue, number of delete block transactions: 10
2022-10-11 12:48:31,650 [SCMBlockDeletingService#0] DEBUG block.SCMBlockDeletingService (SCMBlockDeletingService.java:call(162)) - Added delete block command for datanode 0b6ae373-df17-43b9-8f38-34bc24a5586b in the queue, number of delete block transactions: 10
2022-10-11 12:48:31,650 [SCMBlockDeletingService#0] INFO  block.SCMBlockDeletingService (SCMBlockDeletingService.java:call(172)) - Totally added 30 blocks to be deleted for 3 datanodes, task elapsed time: 4ms
2022-10-11 12:48:31,671 [org.apache.hadoop.ozone.container.common.statemachine.commandhandler.DeleteBlocksCommandHandler$DeleteCmdWorker@2c9a5a1b] INFO  commandhandler.DeleteBlocksCommandHandler (DeleteBlocksCommandHandler.java:processCmd(271)) - Start to delete container blocks, TXIDs=[1(0),2(0),3(0),4(0),5(0),6(0),7(0),8(0),9(0),10(0)], numOfContainers=10, numOfBlocks=10
2022-10-11 12:48:31,704 [org.apache.hadoop.ozone.container.common.statemachine.commandhandler.DeleteBlocksCommandHandler$DeleteCmdWorker@2c9a5a1b] INFO  commandhandler.DeleteBlocksCommandHandler (DeleteBlocksCommandHandler.java:processCmd(271)) - Start to delete container blocks, TXIDs=[1(6),2(6),3(6),4(6),5(6),6(3),7(3),8(3),9(3),10(3)], numOfContainers=10, numOfBlocks=10
2022-10-11 12:48:31,714 [BlockDeletingService#6] INFO  impl.FilePerBlockStrategy (FilePerBlockStrategy.java:deleteChunk(232)) - Deleted block file: /home/runner/work/ozone/ozone/hadoop-ozone/integration-test/target/test-dir/MiniOzoneClusterImpl-5a0413bf-988c-4d76-bc8c-b64486c0eb5e/datanode-2/data-0/containers/hdds/5a0413bf-988c-4d76-bc8c-b64486c0eb5e/current/containerDir0/8/chunks/109611004723200008.block
2022-10-11 12:48:31,717 [BlockDeletingService#1] INFO  impl.FilePerBlockStrategy (FilePerBlockStrategy.java:deleteChunk(232)) - Deleted block file: /home/runner/work/ozone/ozone/hadoop-ozone/integration-test/target/test-dir/MiniOzoneClusterImpl-5a0413bf-988c-4d76-bc8c-b64486c0eb5e/datanode-2/data-0/containers/hdds/5a0413bf-988c-4d76-bc8c-b64486c0eb5e/current/containerDir0/1/chunks/109611004723200001.block
2022-10-11 12:48:31,717 [BlockDeletingService#9] INFO  impl.FilePerBlockStrategy (FilePerBlockStrategy.java:deleteChunk(232)) - Deleted block file: /home/runner/work/ozone/ozone/hadoop-ozone/integration-test/target/test-dir/MiniOzoneClusterImpl-5a0413bf-988c-4d76-bc8c-b64486c0eb5e/datanode-2/data-0/containers/hdds/5a0413bf-988c-4d76-bc8c-b64486c0eb5e/current/containerDir0/2/chunks/109611004723200002.block
2022-10-11 12:48:31,717 [BlockDeletingService#4] INFO  impl.FilePerBlockStrategy (FilePerBlockStrategy.java:deleteChunk(232)) - Deleted block file: /home/runner/work/ozone/ozone/hadoop-ozone/integration-test/target/test-dir/MiniOzoneClusterImpl-5a0413bf-988c-4d76-bc8c-b64486c0eb5e/datanode-2/data-0/containers/hdds/5a0413bf-988c-4d76-bc8c-b64486c0eb5e/current/containerDir0/3/chunks/109611004723200003.block
2022-10-11 12:48:31,717 [BlockDeletingService#3] INFO  impl.FilePerBlockStrategy (FilePerBlockStrategy.java:deleteChunk(232)) - Deleted block file: /home/runner/work/ozone/ozone/hadoop-ozone/integration-test/target/test-dir/MiniOzoneClusterImpl-5a0413bf-988c-4d76-bc8c-b64486c0eb5e/datanode-2/data-0/containers/hdds/5a0413bf-988c-4d76-bc8c-b64486c0eb5e/current/containerDir0/7/chunks/109611004723200007.block
2022-10-11 12:48:31,717 [BlockDeletingService#8] INFO  impl.FilePerBlockStrategy (FilePerBlockStrategy.java:deleteChunk(232)) - Deleted block file: /home/runner/work/ozone/ozone/hadoop-ozone/integration-test/target/test-dir/MiniOzoneClusterImpl-5a0413bf-988c-4d76-bc8c-b64486c0eb5e/datanode-2/data-0/containers/hdds/5a0413bf-988c-4d76-bc8c-b64486c0eb5e/current/containerDir0/4/chunks/109611004723200004.block
2022-10-11 12:48:31,727 [BlockDeletingService#7] INFO  impl.FilePerBlockStrategy (FilePerBlockStrategy.java:deleteChunk(232)) - Deleted block file: /home/runner/work/ozone/ozone/hadoop-ozone/integration-test/target/test-dir/MiniOzoneClusterImpl-5a0413bf-988c-4d76-bc8c-b64486c0eb5e/datanode-2/data-0/containers/hdds/5a0413bf-988c-4d76-bc8c-b64486c0eb5e/current/containerDir0/6/chunks/109611004723200006.block
2022-10-11 12:48:31,727 [BlockDeletingService#0] INFO  impl.FilePerBlockStrategy (FilePerBlockStrategy.java:deleteChunk(232)) - Deleted block file: /home/runner/work/ozone/ozone/hadoop-ozone/integration-test/target/test-dir/MiniOzoneClusterImpl-5a0413bf-988c-4d76-bc8c-b64486c0eb5e/datanode-2/data-0/containers/hdds/5a0413bf-988c-4d76-bc8c-b64486c0eb5e/current/containerDir0/5/chunks/109611004723200005.block
2022-10-11 12:48:31,728 [org.apache.hadoop.ozone.container.common.statemachine.commandhandler.DeleteBlocksCommandHandler$DeleteCmdWorker@2c9a5a1b] INFO  commandhandler.DeleteBlocksCommandHandler (DeleteBlocksCommandHandler.java:processCmd(271)) - Start to delete container blocks, TXIDs=[1(6),2(6),3(6),4(6),5(6),6(3),7(3),8(3),9(3),10(3)], numOfContainers=10, numOfBlocks=10
2022-10-11 12:48:31,729 [org.apache.hadoop.ozone.container.common.statemachine.commandhandler.DeleteBlocksCommandHandler$DeleteCmdWorker@2c9a5a1b] INFO  commandhandler.DeleteBlocksCommandHandler (DeleteBlocksCommandHandler.java:processCmd(271)) - Start to delete container blocks, TXIDs=[1(12),2(12),3(12),4(12),5(12),6(9),7(9),8(9),9(9),10(9)], numOfContainers=10, numOfBlocks=10
2022-10-11 12:48:31,729 [org.apache.hadoop.ozone.container.common.statemachine.commandhandler.DeleteBlocksCommandHandler$DeleteCmdWorker@2c9a5a1b] INFO  commandhandler.DeleteBlocksCommandHandler (DeleteBlocksCommandHandler.java:processCmd(271)) - Start to delete container blocks, TXIDs=[1(12),2(12),3(12),4(12),5(12),6(9),7(9),8(9),9(9),10(9)], numOfContainers=10, numOfBlocks=10
2022-10-11 12:48:31,747 [SCMBlockDeletingService#0] DEBUG block.SCMBlockDeletingService (SCMBlockDeletingService.java:call(131)) - Running DeletedBlockTransactionScanner
2022-10-11 12:48:31,747 [SCMBlockDeletingService#0] DEBUG block.SCMBlockDeletingService (DatanodeDeletedBlockTransactions.java:addTransactionToDN(50)) - Transaction added: 0b6ae373-df17-43b9-8f38-34bc24a5586b <- TX(1)
2022-10-11 12:48:31,747 [SCMBlockDeletingService#0] DEBUG block.SCMBlockDeletingService (DatanodeDeletedBlockTransactions.java:addTransactionToDN(50)) - Transaction added: 9db450c2-c065-4fcc-a5b2-7f05d2839b90 <- TX(1)
2022-10-11 12:48:31,747 [SCMBlockDeletingService#0] DEBUG block.SCMBlockDeletingService (DatanodeDeletedBlockTransactions.java:addTransactionToDN(50)) - Transaction added: d9bae50b-7f91-4fa0-a494-505c1b3af8a6 <- TX(1)
2022-10-11 12:48:31,747 [SCMBlockDeletingService#0] DEBUG block.SCMBlockDeletingService (DatanodeDeletedBlockTransactions.java:addTransactionToDN(50)) - Transaction added: d9bae50b-7f91-4fa0-a494-505c1b3af8a6 <- TX(2)
2022-10-11 12:48:31,747 [SCMBlockDeletingService#0] DEBUG block.SCMBlockDeletingService (DatanodeDeletedBlockTransactions.java:addTransactionToDN(50)) - Transaction added: 9db450c2-c065-4fcc-a5b2-7f05d2839b90 <- TX(2)
2022-10-11 12:48:31,747 [SCMBlockDeletingService#0] DEBUG block.SCMBlockDeletingService (DatanodeDeletedBlockTransactions.java:addTransactionToDN(50)) - Transaction added: 0b6ae373-df17-43b9-8f38-34bc24a5586b <- TX(2)
2022-10-11 12:48:31,748 [SCMBlockDeletingService#0] DEBUG block.SCMBlockDeletingService (DatanodeDeletedBlockTransactions.java:addTransactionToDN(50)) - Transaction added: 9db450c2-c065-4fcc-a5b2-7f05d2839b90 <- TX(3)
2022-10-11 12:48:31,748 [SCMBlockDeletingService#0] DEBUG block.SCMBlockDeletingService (DatanodeDeletedBlockTransactions.java:addTransactionToDN(50)) - Transaction added: 0b6ae373-df17-43b9-8f38-34bc24a5586b <- TX(3)
2022-10-11 12:48:31,748 [SCMBlockDeletingService#0] DEBUG block.SCMBlockDeletingService (DatanodeDeletedBlockTransactions.java:addTransactionToDN(50)) - Transaction added: d9bae50b-7f91-4fa0-a494-505c1b3af8a6 <- TX(3)
2022-10-11 12:48:31,748 [SCMBlockDeletingService#0] DEBUG block.SCMBlockDeletingService (DatanodeDeletedBlockTransactions.java:addTransactionToDN(50)) - Transaction added: d9bae50b-7f91-4fa0-a494-505c1b3af8a6 <- TX(4)
2022-10-11 12:48:31,748 [SCMBlockDeletingService#0] DEBUG block.SCMBlockDeletingService (DatanodeDeletedBlockTransactions.java:addTransactionToDN(50)) - Transaction added: 0b6ae373-df17-43b9-8f38-34bc24a5586b <- TX(4)
2022-10-11 12:48:31,748 [SCMBlockDeletingService#0] DEBUG block.SCMBlockDeletingService (DatanodeDeletedBlockTransactions.java:addTransactionToDN(50)) - Transaction added: 9db450c2-c065-4fcc-a5b2-7f05d2839b90 <- TX(4)
2022-10-11 12:48:31,748 [SCMBlockDeletingService#0] DEBUG block.SCMBlockDeletingService (DatanodeDeletedBlockTransactions.java:addTransactionToDN(50)) - Transaction added: d9bae50b-7f91-4fa0-a494-505c1b3af8a6 <- TX(5)
2022-10-11 12:48:31,748 [SCMBlockDeletingService#0] DEBUG block.SCMBlockDeletingService (DatanodeDeletedBlockTransactions.java:addTransactionToDN(50)) - Transaction added: 0b6ae373-df17-43b9-8f38-34bc24a5586b <- TX(5)
2022-10-11 12:48:31,748 [SCMBlockDeletingService#0] DEBUG block.SCMBlockDeletingService (DatanodeDeletedBlockTransactions.java:addTransactionToDN(50)) - Transaction added: 9db450c2-c065-4fcc-a5b2-7f05d2839b90 <- TX(5)
2022-10-11 12:48:31,748 [SCMBlockDeletingService#0] DEBUG block.SCMBlockDeletingService (DatanodeDeletedBlockTransactions.java:addTransactionToDN(50)) - Transaction added: 9db450c2-c065-4fcc-a5b2-7f05d2839b90 <- TX(6)
2022-10-11 12:48:31,749 [SCMBlockDeletingService#0] DEBUG block.SCMBlockDeletingService (DatanodeDeletedBlockTransactions.java:addTransactionToDN(50)) - Transaction added: d9bae50b-7f91-4fa0-a494-505c1b3af8a6 <- TX(6)
2022-10-11 12:48:31,749 [SCMBlockDeletingService#0] DEBUG block.SCMBlockDeletingService (DatanodeDeletedBlockTransactions.java:addTransactionToDN(50)) - Transaction added: 0b6ae373-df17-43b9-8f38-34bc24a5586b <- TX(6)
2022-10-11 12:48:31,749 [SCMBlockDeletingService#0] DEBUG block.SCMBlockDeletingService (DatanodeDeletedBlockTransactions.java:addTransactionToDN(50)) - Transaction added: d9bae50b-7f91-4fa0-a494-505c1b3af8a6 <- TX(7)
2022-10-11 12:48:31,749 [SCMBlockDeletingService#0] DEBUG block.SCMBlockDeletingService (DatanodeDeletedBlockTransactions.java:addTransactionToDN(50)) - Transaction added: 0b6ae373-df17-43b9-8f38-34bc24a5586b <- TX(7)
2022-10-11 12:48:31,749 [SCMBlockDeletingService#0] DEBUG block.SCMBlockDeletingService (DatanodeDeletedBlockTransactions.java:addTransactionToDN(50)) - Transaction added: 9db450c2-c065-4fcc-a5b2-7f05d2839b90 <- TX(7)
2022-10-11 12:48:31,749 [SCMBlockDeletingService#0] DEBUG block.SCMBlockDeletingService (DatanodeDeletedBlockTransactions.java:addTransactionToDN(50)) - Transaction added: 0b6ae373-df17-43b9-8f38-34bc24a5586b <- TX(8)
2022-10-11 12:48:31,749 [SCMBlockDeletingService#0] DEBUG block.SCMBlockDeletingService (DatanodeDeletedBlockTransactions.java:addTransactionToDN(50)) - Transaction added: 9db450c2-c065-4fcc-a5b2-7f05d2839b90 <- TX(8)
2022-10-11 12:48:31,749 [SCMBlockDeletingService#0] DEBUG block.SCMBlockDeletingService (DatanodeDeletedBlockTransactions.java:addTransactionToDN(50)) - Transaction added: d9bae50b-7f91-4fa0-a494-505c1b3af8a6 <- TX(8)
2022-10-11 12:48:31,749 [SCMBlockDeletingService#0] DEBUG block.SCMBlockDeletingService (DatanodeDeletedBlockTransactions.java:addTransactionToDN(50)) - Transaction added: d9bae50b-7f91-4fa0-a494-505c1b3af8a6 <- TX(9)
2022-10-11 12:48:31,749 [SCMBlockDeletingService#0] DEBUG block.SCMBlockDeletingService (DatanodeDeletedBlockTransactions.java:addTransactionToDN(50)) - Transaction added: 0b6ae373-df17-43b9-8f38-34bc24a5586b <- TX(9)
2022-10-11 12:48:31,749 [SCMBlockDeletingService#0] DEBUG block.SCMBlockDeletingService (DatanodeDeletedBlockTransactions.java:addTransactionToDN(50)) - Transaction added: 9db450c2-c065-4fcc-a5b2-7f05d2839b90 <- TX(9)
2022-10-11 12:48:31,749 [SCMBlockDeletingService#0] DEBUG block.SCMBlockDeletingService (DatanodeDeletedBlockTransactions.java:addTransactionToDN(50)) - Transaction added: 9db450c2-c065-4fcc-a5b2-7f05d2839b90 <- TX(10)
2022-10-11 12:48:31,749 [SCMBlockDeletingService#0] DEBUG block.SCMBlockDeletingService (DatanodeDeletedBlockTransactions.java:addTransactionToDN(50)) - Transaction added: 0b6ae373-df17-43b9-8f38-34bc24a5586b <- TX(10)
2022-10-11 12:48:31,749 [SCMBlockDeletingService#0] DEBUG block.SCMBlockDeletingService (DatanodeDeletedBlockTransactions.java:addTransactionToDN(50)) - Transaction added: d9bae50b-7f91-4fa0-a494-505c1b3af8a6 <- TX(10)
2022-10-11 12:48:31,750 [SCMBlockDeletingService#0] DEBUG block.SCMBlockDeletingService (SCMBlockDeletingService.java:call(162)) - Added delete block command for datanode d9bae50b-7f91-4fa0-a494-505c1b3af8a6 in the queue, number of delete block transactions: 10
2022-10-11 12:48:31,750 [SCMBlockDeletingService#0] DEBUG block.SCMBlockDeletingService (SCMBlockDeletingService.java:call(162)) - Added delete block command for datanode 9db450c2-c065-4fcc-a5b2-7f05d2839b90 in the queue, number of delete block transactions: 10
2022-10-11 12:48:31,750 [SCMBlockDeletingService#0] DEBUG block.SCMBlockDeletingService (SCMBlockDeletingService.java:call(162)) - Added delete block command for datanode 0b6ae373-df17-43b9-8f38-34bc24a5586b in the queue, number of delete block transactions: 10
2022-10-11 12:48:31,750 [SCMBlockDeletingService#0] INFO  block.SCMBlockDeletingService (SCMBlockDeletingService.java:call(172)) - Totally added 30 blocks to be deleted for 3 datanodes, task elapsed time: 3ms
2022-10-11 12:48:31,793 [EventQueue-DeleteBlockStatusForDeletedBlockLogImpl] DEBUG block.DeletedBlockLogImpl (DeletedBlockLogImpl.java:isTransactionFailed(303)) - Got block deletion ACK from datanode, TXIDs=1, success=true
2022-10-11 12:48:31,793 [EventQueue-DeleteBlockStatusForDeletedBlockLogImpl] DEBUG block.DeletedBlockLogImpl (DeletedBlockLogImpl.java:commitTransactions(281)) - Datanode txId=1 containerId=#1 committed by dnId=d9bae50b-7f91-4fa0-a494-505c1b3af8a6
2022-10-11 12:48:31,793 [EventQueue-DeleteBlockStatusForDeletedBlockLogImpl] DEBUG block.DeletedBlockLogImpl (DeletedBlockLogImpl.java:isTransactionFailed(303)) - Got block deletion ACK from datanode, TXIDs=2, success=true
2022-10-11 12:48:31,793 [EventQueue-DeleteBlockStatusForDeletedBlockLogImpl] DEBUG block.DeletedBlockLogImpl (DeletedBlockLogImpl.java:commitTransactions(281)) - Datanode txId=2 containerId=#2 committed by dnId=d9bae50b-7f91-4fa0-a494-505c1b3af8a6
2022-10-11 12:48:31,793 [EventQueue-DeleteBlockStatusForDeletedBlockLogImpl] DEBUG block.DeletedBlockLogImpl (DeletedBlockLogImpl.java:isTransactionFailed(303)) - Got block deletion ACK from datanode, TXIDs=3, success=true
2022-10-11 12:48:31,793 [EventQueue-DeleteBlockStatusForDeletedBlockLogImpl] DEBUG block.DeletedBlockLogImpl (DeletedBlockLogImpl.java:commitTransactions(281)) - Datanode txId=3 containerId=#3 committed by dnId=d9bae50b-7f91-4fa0-a494-505c1b3af8a6
2022-10-11 12:48:31,793 [EventQueue-DeleteBlockStatusForDeletedBlockLogImpl] DEBUG block.DeletedBlockLogImpl (DeletedBlockLogImpl.java:isTransactionFailed(303)) - Got block deletion ACK from datanode, TXIDs=4, success=true
2022-10-11 12:48:31,793 [EventQueue-DeleteBlockStatusForDeletedBlockLogImpl] DEBUG block.DeletedBlockLogImpl (DeletedBlockLogImpl.java:commitTransactions(281)) - Datanode txId=4 containerId=#4 committed by dnId=d9bae50b-7f91-4fa0-a494-505c1b3af8a6
2022-10-11 12:48:31,793 [EventQueue-DeleteBlockStatusForDeletedBlockLogImpl] DEBUG block.DeletedBlockLogImpl (DeletedBlockLogImpl.java:isTransactionFailed(303)) - Got block deletion ACK from datanode, TXIDs=5, success=true
2022-10-11 12:48:31,793 [EventQueue-DeleteBlockStatusForDeletedBlockLogImpl] DEBUG block.DeletedBlockLogImpl (DeletedBlockLogImpl.java:commitTransactions(281)) - Datanode txId=5 containerId=#5 committed by dnId=d9bae50b-7f91-4fa0-a494-505c1b3af8a6
2022-10-11 12:48:31,794 [EventQueue-DeleteBlockStatusForDeletedBlockLogImpl] DEBUG block.DeletedBlockLogImpl (DeletedBlockLogImpl.java:isTransactionFailed(303)) - Got block deletion ACK from datanode, TXIDs=1, success=true
2022-10-11 12:48:31,794 [EventQueue-DeleteBlockStatusForDeletedBlockLogImpl] DEBUG block.DeletedBlockLogImpl (DeletedBlockLogImpl.java:commitTransactions(281)) - Datanode txId=1 containerId=#1 committed by dnId=d9bae50b-7f91-4fa0-a494-505c1b3af8a6
2022-10-11 12:48:31,794 [EventQueue-DeleteBlockStatusForDeletedBlockLogImpl] DEBUG block.DeletedBlockLogImpl (DeletedBlockLogImpl.java:isTransactionFailed(303)) - Got block deletion ACK from datanode, TXIDs=2, success=true
2022-10-11 12:48:31,794 [EventQueue-DeleteBlockStatusForDeletedBlockLogImpl] DEBUG block.DeletedBlockLogImpl (DeletedBlockLogImpl.java:commitTransactions(281)) - Datanode txId=2 containerId=#2 committed by dnId=d9bae50b-7f91-4fa0-a494-505c1b3af8a6
2022-10-11 12:48:31,794 [EventQueue-DeleteBlockStatusForDeletedBlockLogImpl] DEBUG block.DeletedBlockLogImpl (DeletedBlockLogImpl.java:isTransactionFailed(303)) - Got block deletion ACK from datanode, TXIDs=3, success=true
2022-10-11 12:48:31,794 [EventQueue-DeleteBlockStatusForDeletedBlockLogImpl] DEBUG block.DeletedBlockLogImpl (DeletedBlockLogImpl.java:commitTransactions(281)) - Datanode txId=3 containerId=#3 committed by dnId=d9bae50b-7f91-4fa0-a494-505c1b3af8a6
2022-10-11 12:48:31,794 [EventQueue-DeleteBlockStatusForDeletedBlockLogImpl] DEBUG block.DeletedBlockLogImpl (DeletedBlockLogImpl.java:isTransactionFailed(303)) - Got block deletion ACK from datanode, TXIDs=4, success=true
2022-10-11 12:48:31,794 [EventQueue-DeleteBlockStatusForDeletedBlockLogImpl] DEBUG block.DeletedBlockLogImpl (DeletedBlockLogImpl.java:commitTransactions(281)) - Datanode txId=4 containerId=#4 committed by dnId=d9bae50b-7f91-4fa0-a494-505c1b3af8a6
2022-10-11 12:48:31,794 [EventQueue-DeleteBlockStatusForDeletedBlockLogImpl] DEBUG block.DeletedBlockLogImpl (DeletedBlockLogImpl.java:isTransactionFailed(303)) - Got block deletion ACK from datanode, TXIDs=5, success=true
2022-10-11 12:48:31,794 [EventQueue-DeleteBlockStatusForDeletedBlockLogImpl] DEBUG block.DeletedBlockLogImpl (DeletedBlockLogImpl.java:commitTransactions(281)) - Datanode txId=5 containerId=#5 committed by dnId=d9bae50b-7f91-4fa0-a494-505c1b3af8a6
2022-10-11 12:48:31,794 [EventQueue-DeleteBlockStatusForDeletedBlockLogImpl] DEBUG block.DeletedBlockLogImpl (DeletedBlockLogImpl.java:isTransactionFailed(303)) - Got block deletion ACK from datanode, TXIDs=6, success=true
2022-10-11 12:48:31,794 [EventQueue-DeleteBlockStatusForDeletedBlockLogImpl] DEBUG block.DeletedBlockLogImpl (DeletedBlockLogImpl.java:commitTransactions(281)) - Datanode txId=6 containerId=#6 committed by dnId=d9bae50b-7f91-4fa0-a494-505c1b3af8a6
2022-10-11 12:48:31,794 [EventQueue-DeleteBlockStatusForDeletedBlockLogImpl] DEBUG block.DeletedBlockLogImpl (DeletedBlockLogImpl.java:isTransactionFailed(303)) - Got block deletion ACK from datanode, TXIDs=7, success=true
2022-10-11 12:48:31,794 [EventQueue-DeleteBlockStatusForDeletedBlockLogImpl] DEBUG block.DeletedBlockLogImpl (DeletedBlockLogImpl.java:commitTransactions(281)) - Datanode txId=7 containerId=#7 committed by dnId=d9bae50b-7f91-4fa0-a494-505c1b3af8a6
2022-10-11 12:48:31,794 [EventQueue-DeleteBlockStatusForDeletedBlockLogImpl] DEBUG block.DeletedBlockLogImpl (DeletedBlockLogImpl.java:isTransactionFailed(303)) - Got block deletion ACK from datanode, TXIDs=8, success=true
2022-10-11 12:48:31,794 [EventQueue-DeleteBlockStatusForDeletedBlockLogImpl] DEBUG block.DeletedBlockLogImpl (DeletedBlockLogImpl.java:commitTransactions(281)) - Datanode txId=8 containerId=#8 committed by dnId=d9bae50b-7f91-4fa0-a494-505c1b3af8a6
2022-10-11 12:48:31,794 [EventQueue-DeleteBlockStatusForDeletedBlockLogImpl] DEBUG block.DeletedBlockLogImpl (DeletedBlockLogImpl.java:isTransactionFailed(303)) - Got block deletion ACK from datanode, TXIDs=9, success=true
2022-10-11 12:48:31,795 [EventQueue-DeleteBlockStatusForDeletedBlockLogImpl] DEBUG block.DeletedBlockLogImpl (DeletedBlockLogImpl.java:commitTransactions(281)) - Datanode txId=9 containerId=#9 committed by dnId=d9bae50b-7f91-4fa0-a494-505c1b3af8a6
2022-10-11 12:48:31,795 [EventQueue-DeleteBlockStatusForDeletedBlockLogImpl] DEBUG block.DeletedBlockLogImpl (DeletedBlockLogImpl.java:isTransactionFailed(303)) - Got block deletion ACK from datanode, TXIDs=10, success=true
2022-10-11 12:48:31,795 [EventQueue-DeleteBlockStatusForDeletedBlockLogImpl] DEBUG block.DeletedBlockLogImpl (DeletedBlockLogImpl.java:commitTransactions(281)) - Datanode txId=10 containerId=#10 committed by dnId=d9bae50b-7f91-4fa0-a494-505c1b3af8a6
2022-10-11 12:48:31,800 [BlockDeletingService#5] INFO  impl.FilePerBlockStrategy (FilePerBlockStrategy.java:deleteChunk(232)) - Deleted block file: /home/runner/work/ozone/ozone/hadoop-ozone/integration-test/target/test-dir/MiniOzoneClusterImpl-5a0413bf-988c-4d76-bc8c-b64486c0eb5e/datanode-2/data-0/containers/hdds/5a0413bf-988c-4d76-bc8c-b64486c0eb5e/current/containerDir0/9/chunks/109611004723200009.block
2022-10-11 12:48:31,800 [BlockDeletingService#5] INFO  impl.FilePerBlockStrategy (FilePerBlockStrategy.java:deleteChunk(232)) - Deleted block file: /home/runner/work/ozone/ozone/hadoop-ozone/integration-test/target/test-dir/MiniOzoneClusterImpl-5a0413bf-988c-4d76-bc8c-b64486c0eb5e/datanode-2/data-0/containers/hdds/5a0413bf-988c-4d76-bc8c-b64486c0eb5e/current/containerDir0/10/chunks/109611004723200010.block
2022-10-11 12:48:31,847 [SCMBlockDeletingService#0] DEBUG block.SCMBlockDeletingService (SCMBlockDeletingService.java:call(131)) - Running DeletedBlockTransactionScanner
2022-10-11 12:48:31,847 [SCMBlockDeletingService#0] DEBUG block.SCMBlockDeletingService (DatanodeDeletedBlockTransactions.java:addTransactionToDN(50)) - Transaction added: 0b6ae373-df17-43b9-8f38-34bc24a5586b <- TX(1)
2022-10-11 12:48:31,847 [SCMBlockDeletingService#0] DEBUG block.SCMBlockDeletingService (DatanodeDeletedBlockTransactions.java:addTransactionToDN(50)) - Transaction added: 9db450c2-c065-4fcc-a5b2-7f05d2839b90 <- TX(1)
2022-10-11 12:48:31,847 [SCMBlockDeletingService#0] DEBUG block.SCMBlockDeletingService (DatanodeDeletedBlockTransactions.java:addTransactionToDN(50)) - Transaction added: 9db450c2-c065-4fcc-a5b2-7f05d2839b90 <- TX(2)
2022-10-11 12:48:31,847 [SCMBlockDeletingService#0] DEBUG block.SCMBlockDeletingService (DatanodeDeletedBlockTransactions.java:addTransactionToDN(50)) - Transaction added: 0b6ae373-df17-43b9-8f38-34bc24a5586b <- TX(2)
2022-10-11 12:48:31,847 [SCMBlockDeletingService#0] DEBUG block.SCMBlockDeletingService (DatanodeDeletedBlockTransactions.java:addTransactionToDN(50)) - Transaction added: 9db450c2-c065-4fcc-a5b2-7f05d2839b90 <- TX(3)
2022-10-11 12:48:31,848 [SCMBlockDeletingService#0] DEBUG block.SCMBlockDeletingService (DatanodeDeletedBlockTransactions.java:addTransactionToDN(50)) - Transaction added: 0b6ae373-df17-43b9-8f38-34bc24a5586b <- TX(3)
2022-10-11 12:48:31,848 [SCMBlockDeletingService#0] DEBUG block.SCMBlockDeletingService (DatanodeDeletedBlockTransactions.java:addTransactionToDN(50)) - Transaction added: 0b6ae373-df17-43b9-8f38-34bc24a5586b <- TX(4)
2022-10-11 12:48:31,848 [SCMBlockDeletingService#0] DEBUG block.SCMBlockDeletingService (DatanodeDeletedBlockTransactions.java:addTransactionToDN(50)) - Transaction added: 9db450c2-c065-4fcc-a5b2-7f05d2839b90 <- TX(4)
2022-10-11 12:48:31,848 [SCMBlockDeletingService#0] DEBUG block.SCMBlockDeletingService (DatanodeDeletedBlockTransactions.java:addTransactionToDN(50)) - Transaction added: 0b6ae373-df17-43b9-8f38-34bc24a5586b <- TX(5)
2022-10-11 12:48:31,848 [SCMBlockDeletingService#0] DEBUG block.SCMBlockDeletingService (DatanodeDeletedBlockTransactions.java:addTransactionToDN(50)) - Transaction added: 9db450c2-c065-4fcc-a5b2-7f05d2839b90 <- TX(5)
2022-10-11 12:48:31,848 [SCMBlockDeletingService#0] DEBUG block.SCMBlockDeletingService (DatanodeDeletedBlockTransactions.java:addTransactionToDN(50)) - Transaction added: 9db450c2-c065-4fcc-a5b2-7f05d2839b90 <- TX(6)
2022-10-11 12:48:31,848 [SCMBlockDeletingService#0] DEBUG block.SCMBlockDeletingService (DatanodeDeletedBlockTransactions.java:addTransactionToDN(50)) - Transaction added: 0b6ae373-df17-43b9-8f38-34bc24a5586b <- TX(6)
2022-10-11 12:48:31,848 [SCMBlockDeletingService#0] DEBUG block.SCMBlockDeletingService (DatanodeDeletedBlockTransactions.java:addTransactionToDN(50)) - Transaction added: 0b6ae373-df17-43b9-8f38-34bc24a5586b <- TX(7)
2022-10-11 12:48:31,848 [SCMBlockDeletingService#0] DEBUG block.SCMBlockDeletingService (DatanodeDeletedBlockTransactions.java:addTransactionToDN(50)) - Transaction added: 9db450c2-c065-4fcc-a5b2-7f05d2839b90 <- TX(7)
2022-10-11 12:48:31,848 [SCMBlockDeletingService#0] DEBUG block.SCMBlockDeletingService (DatanodeDeletedBlockTransactions.java:addTransactionToDN(50)) - Transaction added: 0b6ae373-df17-43b9-8f38-34bc24a5586b <- TX(8)
2022-10-11 12:48:31,849 [SCMBlockDeletingService#0] DEBUG block.SCMBlockDeletingService (DatanodeDeletedBlockTransactions.java:addTransactionToDN(50)) - Transaction added: 9db450c2-c065-4fcc-a5b2-7f05d2839b90 <- TX(8)
2022-10-11 12:48:31,849 [SCMBlockDeletingService#0] DEBUG block.SCMBlockDeletingService (DatanodeDeletedBlockTransactions.java:addTransactionToDN(50)) - Transaction added: 0b6ae373-df17-43b9-8f38-34bc24a5586b <- TX(9)
2022-10-11 12:48:31,849 [SCMBlockDeletingService#0] DEBUG block.SCMBlockDeletingService (DatanodeDeletedBlockTransactions.java:addTransactionToDN(50)) - Transaction added: 9db450c2-c065-4fcc-a5b2-7f05d2839b90 <- TX(9)
2022-10-11 12:48:31,849 [SCMBlockDeletingService#0] DEBUG block.SCMBlockDeletingService (DatanodeDeletedBlockTransactions.java:addTransactionToDN(50)) - Transaction added: 9db450c2-c065-4fcc-a5b2-7f05d2839b90 <- TX(10)
2022-10-11 12:48:31,849 [SCMBlockDeletingService#0] DEBUG block.SCMBlockDeletingService (DatanodeDeletedBlockTransactions.java:addTransactionToDN(50)) - Transaction added: 0b6ae373-df17-43b9-8f38-34bc24a5586b <- TX(10)
2022-10-11 12:48:31,849 [SCMBlockDeletingService#0] DEBUG block.SCMBlockDeletingService (SCMBlockDeletingService.java:call(162)) - Added delete block command for datanode 9db450c2-c065-4fcc-a5b2-7f05d2839b90 in the queue, number of delete block transactions: 10
2022-10-11 12:48:31,849 [SCMBlockDeletingService#0] DEBUG block.SCMBlockDeletingService (SCMBlockDeletingService.java:call(162)) - Added delete block command for datanode 0b6ae373-df17-43b9-8f38-34bc24a5586b in the queue, number of delete block transactions: 10
2022-10-11 12:48:31,849 [SCMBlockDeletingService#0] INFO  block.SCMBlockDeletingService (SCMBlockDeletingService.java:call(172)) - Totally added 20 blocks to be deleted for 2 datanodes, task elapsed time: 3ms
2022-10-11 12:48:31,947 [SCMBlockDeletingService#0] DEBUG block.SCMBlockDeletingService (SCMBlockDeletingService.java:call(131)) - Running DeletedBlockTransactionScanner
2022-10-11 12:48:31,947 [SCMBlockDeletingService#0] DEBUG block.SCMBlockDeletingService (DatanodeDeletedBlockTransactions.java:addTransactionToDN(50)) - Transaction added: 0b6ae373-df17-43b9-8f38-34bc24a5586b <- TX(1)
2022-10-11 12:48:31,947 [SCMBlockDeletingService#0] DEBUG block.SCMBlockDeletingService (DatanodeDeletedBlockTransactions.java:addTransactionToDN(50)) - Transaction added: 9db450c2-c065-4fcc-a5b2-7f05d2839b90 <- TX(1)
2022-10-11 12:48:31,947 [SCMBlockDeletingService#0] DEBUG block.SCMBlockDeletingService (DatanodeDeletedBlockTransactions.java:addTransactionToDN(50)) - Transaction added: 9db450c2-c065-4fcc-a5b2-7f05d2839b90 <- TX(2)
2022-10-11 12:48:31,948 [SCMBlockDeletingService#0] DEBUG block.SCMBlockDeletingService (DatanodeDeletedBlockTransactions.java:addTransactionToDN(50)) - Transaction added: 0b6ae373-df17-43b9-8f38-34bc24a5586b <- TX(2)
2022-10-11 12:48:31,948 [SCMBlockDeletingService#0] DEBUG block.SCMBlockDeletingService (DatanodeDeletedBlockTransactions.java:addTransactionToDN(50)) - Transaction added: 9db450c2-c065-4fcc-a5b2-7f05d2839b90 <- TX(3)
2022-10-11 12:48:31,948 [SCMBlockDeletingService#0] DEBUG block.SCMBlockDeletingService (DatanodeDeletedBlockTransactions.java:addTransactionToDN(50)) - Transaction added: 0b6ae373-df17-43b9-8f38-34bc24a5586b <- TX(3)
2022-10-11 12:48:31,948 [SCMBlockDeletingService#0] DEBUG block.SCMBlockDeletingService (DatanodeDeletedBlockTransactions.java:addTransactionToDN(50)) - Transaction added: 0b6ae373-df17-43b9-8f38-34bc24a5586b <- TX(4)
2022-10-11 12:48:31,948 [SCMBlockDeletingService#0] DEBUG block.SCMBlockDeletingService (DatanodeDeletedBlockTransactions.java:addTransactionToDN(50)) - Transaction added: 9db450c2-c065-4fcc-a5b2-7f05d2839b90 <- TX(4)
2022-10-11 12:48:31,948 [SCMBlockDeletingService#0] DEBUG block.SCMBlockDeletingService (DatanodeDeletedBlockTransactions.java:addTransactionToDN(50)) - Transaction added: 0b6ae373-df17-43b9-8f38-34bc24a5586b <- TX(5)
2022-10-11 12:48:31,948 [SCMBlockDeletingService#0] DEBUG block.SCMBlockDeletingService (DatanodeDeletedBlockTransactions.java:addTransactionToDN(50)) - Transaction added: 9db450c2-c065-4fcc-a5b2-7f05d2839b90 <- TX(5)
2022-10-11 12:48:31,948 [SCMBlockDeletingService#0] DEBUG block.SCMBlockDeletingService (DatanodeDeletedBlockTransactions.java:addTransactionToDN(50)) - Transaction added: 9db450c2-c065-4fcc-a5b2-7f05d2839b90 <- TX(6)
2022-10-11 12:48:31,948 [SCMBlockDeletingService#0] DEBUG block.SCMBlockDeletingService (DatanodeDeletedBlockTransactions.java:addTransactionToDN(50)) - Transaction added: 0b6ae373-df17-43b9-8f38-34bc24a5586b <- TX(6)
2022-10-11 12:48:31,948 [SCMBlockDeletingService#0] DEBUG block.SCMBlockDeletingService (DatanodeDeletedBlockTransactions.java:addTransactionToDN(50)) - Transaction added: 0b6ae373-df17-43b9-8f38-34bc24a5586b <- TX(7)
2022-10-11 12:48:31,948 [SCMBlockDeletingService#0] DEBUG block.SCMBlockDeletingService (DatanodeDeletedBlockTransactions.java:addTransactionToDN(50)) - Transaction added: 9db450c2-c065-4fcc-a5b2-7f05d2839b90 <- TX(7)
2022-10-11 12:48:31,949 [SCMBlockDeletingService#0] DEBUG block.SCMBlockDeletingService (DatanodeDeletedBlockTransactions.java:addTransactionToDN(50)) - Transaction added: 0b6ae373-df17-43b9-8f38-34bc24a5586b <- TX(8)
2022-10-11 12:48:31,949 [SCMBlockDeletingService#0] DEBUG block.SCMBlockDeletingService (DatanodeDeletedBlockTransactions.java:addTransactionToDN(50)) - Transaction added: 9db450c2-c065-4fcc-a5b2-7f05d2839b90 <- TX(8)
2022-10-11 12:48:31,949 [SCMBlockDeletingService#0] DEBUG block.SCMBlockDeletingService (DatanodeDeletedBlockTransactions.java:addTransactionToDN(50)) - Transaction added: 0b6ae373-df17-43b9-8f38-34bc24a5586b <- TX(9)
2022-10-11 12:48:31,949 [SCMBlockDeletingService#0] DEBUG block.SCMBlockDeletingService (DatanodeDeletedBlockTransactions.java:addTransactionToDN(50)) - Transaction added: 9db450c2-c065-4fcc-a5b2-7f05d2839b90 <- TX(9)
2022-10-11 12:48:31,949 [SCMBlockDeletingService#0] DEBUG block.SCMBlockDeletingService (DatanodeDeletedBlockTransactions.java:addTransactionToDN(50)) - Transaction added: 9db450c2-c065-4fcc-a5b2-7f05d2839b90 <- TX(10)
2022-10-11 12:48:31,949 [SCMBlockDeletingService#0] DEBUG block.SCMBlockDeletingService (DatanodeDeletedBlockTransactions.java:addTransactionToDN(50)) - Transaction added: 0b6ae373-df17-43b9-8f38-34bc24a5586b <- TX(10)
2022-10-11 12:48:31,949 [SCMBlockDeletingService#0] DEBUG block.SCMBlockDeletingService (SCMBlockDeletingService.java:call(162)) - Added delete block command for datanode 9db450c2-c065-4fcc-a5b2-7f05d2839b90 in the queue, number of delete block transactions: 10
2022-10-11 12:48:31,949 [SCMBlockDeletingService#0] DEBUG block.SCMBlockDeletingService (SCMBlockDeletingService.java:call(162)) - Added delete block command for datanode 0b6ae373-df17-43b9-8f38-34bc24a5586b in the queue, number of delete block transactions: 10
2022-10-11 12:48:31,949 [SCMBlockDeletingService#0] INFO  block.SCMBlockDeletingService (SCMBlockDeletingService.java:call(172)) - Totally added 20 blocks to be deleted for 2 datanodes, task elapsed time: 3ms
2022-10-11 12:48:31,988 [EventQueue-DeleteBlockStatusForDeletedBlockLogImpl] DEBUG block.DeletedBlockLogImpl (DeletedBlockLogImpl.java:isTransactionFailed(303)) - Got block deletion ACK from datanode, TXIDs=1, success=true
2022-10-11 12:48:31,988 [EventQueue-DeleteBlockStatusForDeletedBlockLogImpl] DEBUG block.DeletedBlockLogImpl (DeletedBlockLogImpl.java:commitTransactions(281)) - Datanode txId=1 containerId=#1 committed by dnId=d9bae50b-7f91-4fa0-a494-505c1b3af8a6
2022-10-11 12:48:31,988 [EventQueue-DeleteBlockStatusForDeletedBlockLogImpl] DEBUG block.DeletedBlockLogImpl (DeletedBlockLogImpl.java:isTransactionFailed(303)) - Got block deletion ACK from datanode, TXIDs=2, success=true
2022-10-11 12:48:31,988 [EventQueue-DeleteBlockStatusForDeletedBlockLogImpl] DEBUG block.DeletedBlockLogImpl (DeletedBlockLogImpl.java:commitTransactions(281)) - Datanode txId=2 containerId=#2 committed by dnId=d9bae50b-7f91-4fa0-a494-505c1b3af8a6
2022-10-11 12:48:31,989 [EventQueue-DeleteBlockStatusForDeletedBlockLogImpl] DEBUG block.DeletedBlockLogImpl (DeletedBlockLogImpl.java:isTransactionFailed(303)) - Got block deletion ACK from datanode, TXIDs=3, success=true
2022-10-11 12:48:31,989 [EventQueue-DeleteBlockStatusForDeletedBlockLogImpl] DEBUG block.DeletedBlockLogImpl (DeletedBlockLogImpl.java:commitTransactions(281)) - Datanode txId=3 containerId=#3 committed by dnId=d9bae50b-7f91-4fa0-a494-505c1b3af8a6
2022-10-11 12:48:31,989 [EventQueue-DeleteBlockStatusForDeletedBlockLogImpl] DEBUG block.DeletedBlockLogImpl (DeletedBlockLogImpl.java:isTransactionFailed(303)) - Got block deletion ACK from datanode, TXIDs=4, success=true
2022-10-11 12:48:31,989 [EventQueue-DeleteBlockStatusForDeletedBlockLogImpl] DEBUG block.DeletedBlockLogImpl (DeletedBlockLogImpl.java:commitTransactions(281)) - Datanode txId=4 containerId=#4 committed by dnId=d9bae50b-7f91-4fa0-a494-505c1b3af8a6
2022-10-11 12:48:31,989 [EventQueue-DeleteBlockStatusForDeletedBlockLogImpl] DEBUG block.DeletedBlockLogImpl (DeletedBlockLogImpl.java:isTransactionFailed(303)) - Got block deletion ACK from datanode, TXIDs=5, success=true
2022-10-11 12:48:31,989 [EventQueue-DeleteBlockStatusForDeletedBlockLogImpl] DEBUG block.DeletedBlockLogImpl (DeletedBlockLogImpl.java:commitTransactions(281)) - Datanode txId=5 containerId=#5 committed by dnId=d9bae50b-7f91-4fa0-a494-505c1b3af8a6
2022-10-11 12:48:31,989 [EventQueue-DeleteBlockStatusForDeletedBlockLogImpl] DEBUG block.DeletedBlockLogImpl (DeletedBlockLogImpl.java:isTransactionFailed(303)) - Got block deletion ACK from datanode, TXIDs=6, success=true
2022-10-11 12:48:31,989 [EventQueue-DeleteBlockStatusForDeletedBlockLogImpl] DEBUG block.DeletedBlockLogImpl (DeletedBlockLogImpl.java:commitTransactions(281)) - Datanode txId=6 containerId=#6 committed by dnId=d9bae50b-7f91-4fa0-a494-505c1b3af8a6
2022-10-11 12:48:31,989 [EventQueue-DeleteBlockStatusForDeletedBlockLogImpl] DEBUG block.DeletedBlockLogImpl (DeletedBlockLogImpl.java:isTransactionFailed(303)) - Got block deletion ACK from datanode, TXIDs=7, success=true
2022-10-11 12:48:31,989 [EventQueue-DeleteBlockStatusForDeletedBlockLogImpl] DEBUG block.DeletedBlockLogImpl (DeletedBlockLogImpl.java:commitTransactions(281)) - Datanode txId=7 containerId=#7 committed by dnId=d9bae50b-7f91-4fa0-a494-505c1b3af8a6
2022-10-11 12:48:31,989 [EventQueue-DeleteBlockStatusForDeletedBlockLogImpl] DEBUG block.DeletedBlockLogImpl (DeletedBlockLogImpl.java:isTransactionFailed(303)) - Got block deletion ACK from datanode, TXIDs=8, success=true
2022-10-11 12:48:31,989 [EventQueue-DeleteBlockStatusForDeletedBlockLogImpl] DEBUG block.DeletedBlockLogImpl (DeletedBlockLogImpl.java:commitTransactions(281)) - Datanode txId=8 containerId=#8 committed by dnId=d9bae50b-7f91-4fa0-a494-505c1b3af8a6
2022-10-11 12:48:31,989 [EventQueue-DeleteBlockStatusForDeletedBlockLogImpl] DEBUG block.DeletedBlockLogImpl (DeletedBlockLogImpl.java:isTransactionFailed(303)) - Got block deletion ACK from datanode, TXIDs=9, success=true
2022-10-11 12:48:31,989 [EventQueue-DeleteBlockStatusForDeletedBlockLogImpl] DEBUG block.DeletedBlockLogImpl (DeletedBlockLogImpl.java:commitTransactions(281)) - Datanode txId=9 containerId=#9 committed by dnId=d9bae50b-7f91-4fa0-a494-505c1b3af8a6
2022-10-11 12:48:31,989 [EventQueue-DeleteBlockStatusForDeletedBlockLogImpl] DEBUG block.DeletedBlockLogImpl (DeletedBlockLogImpl.java:isTransactionFailed(303)) - Got block deletion ACK from datanode, TXIDs=10, success=true
2022-10-11 12:48:31,989 [EventQueue-DeleteBlockStatusForDeletedBlockLogImpl] DEBUG block.DeletedBlockLogImpl (DeletedBlockLogImpl.java:commitTransactions(281)) - Datanode txId=10 containerId=#10 committed by dnId=d9bae50b-7f91-4fa0-a494-505c1b3af8a6
2022-10-11 12:48:31,989 [EventQueue-DeleteBlockStatusForDeletedBlockLogImpl] DEBUG block.DeletedBlockLogImpl (DeletedBlockLogImpl.java:isTransactionFailed(303)) - Got block deletion ACK from datanode, TXIDs=1, success=true
2022-10-11 12:48:31,989 [EventQueue-DeleteBlockStatusForDeletedBlockLogImpl] DEBUG block.DeletedBlockLogImpl (DeletedBlockLogImpl.java:commitTransactions(281)) - Datanode txId=1 containerId=#1 committed by dnId=d9bae50b-7f91-4fa0-a494-505c1b3af8a6
2022-10-11 12:48:31,990 [EventQueue-DeleteBlockStatusForDeletedBlockLogImpl] DEBUG block.DeletedBlockLogImpl (DeletedBlockLogImpl.java:isTransactionFailed(303)) - Got block deletion ACK from datanode, TXIDs=2, success=true
2022-10-11 12:48:31,990 [EventQueue-DeleteBlockStatusForDeletedBlockLogImpl] DEBUG block.DeletedBlockLogImpl (DeletedBlockLogImpl.java:commitTransactions(281)) - Datanode txId=2 containerId=#2 committed by dnId=d9bae50b-7f91-4fa0-a494-505c1b3af8a6
2022-10-11 12:48:31,990 [EventQueue-DeleteBlockStatusForDeletedBlockLogImpl] DEBUG block.DeletedBlockLogImpl (DeletedBlockLogImpl.java:isTransactionFailed(303)) - Got block deletion ACK from datanode, TXIDs=3, success=true
2022-10-11 12:48:31,990 [EventQueue-DeleteBlockStatusForDeletedBlockLogImpl] DEBUG block.DeletedBlockLogImpl (DeletedBlockLogImpl.java:commitTransactions(281)) - Datanode txId=3 containerId=#3 committed by dnId=d9bae50b-7f91-4fa0-a494-505c1b3af8a6
2022-10-11 12:48:31,990 [EventQueue-DeleteBlockStatusForDeletedBlockLogImpl] DEBUG block.DeletedBlockLogImpl (DeletedBlockLogImpl.java:isTransactionFailed(303)) - Got block deletion ACK from datanode, TXIDs=4, success=true
2022-10-11 12:48:31,990 [EventQueue-DeleteBlockStatusForDeletedBlockLogImpl] DEBUG block.DeletedBlockLogImpl (DeletedBlockLogImpl.java:commitTransactions(281)) - Datanode txId=4 containerId=#4 committed by dnId=d9bae50b-7f91-4fa0-a494-505c1b3af8a6
2022-10-11 12:48:31,990 [EventQueue-DeleteBlockStatusForDeletedBlockLogImpl] DEBUG block.DeletedBlockLogImpl (DeletedBlockLogImpl.java:isTransactionFailed(303)) - Got block deletion ACK from datanode, TXIDs=5, success=true
2022-10-11 12:48:31,990 [EventQueue-DeleteBlockStatusForDeletedBlockLogImpl] DEBUG block.DeletedBlockLogImpl (DeletedBlockLogImpl.java:commitTransactions(281)) - Datanode txId=5 containerId=#5 committed by dnId=d9bae50b-7f91-4fa0-a494-505c1b3af8a6
2022-10-11 12:48:31,990 [EventQueue-DeleteBlockStatusForDeletedBlockLogImpl] DEBUG block.DeletedBlockLogImpl (DeletedBlockLogImpl.java:isTransactionFailed(303)) - Got block deletion ACK from datanode, TXIDs=6, success=true
2022-10-11 12:48:31,990 [EventQueue-DeleteBlockStatusForDeletedBlockLogImpl] DEBUG block.DeletedBlockLogImpl (DeletedBlockLogImpl.java:commitTransactions(281)) - Datanode txId=6 containerId=#6 committed by dnId=d9bae50b-7f91-4fa0-a494-505c1b3af8a6
2022-10-11 12:48:31,990 [EventQueue-DeleteBlockStatusForDeletedBlockLogImpl] DEBUG block.DeletedBlockLogImpl (DeletedBlockLogImpl.java:isTransactionFailed(303)) - Got block deletion ACK from datanode, TXIDs=7, success=true
2022-10-11 12:48:31,990 [EventQueue-DeleteBlockStatusForDeletedBlockLogImpl] DEBUG block.DeletedBlockLogImpl (DeletedBlockLogImpl.java:commitTransactions(281)) - Datanode txId=7 containerId=#7 committed by dnId=d9bae50b-7f91-4fa0-a494-505c1b3af8a6
2022-10-11 12:48:31,990 [EventQueue-DeleteBlockStatusForDeletedBlockLogImpl] DEBUG block.DeletedBlockLogImpl (DeletedBlockLogImpl.java:isTransactionFailed(303)) - Got block deletion ACK from datanode, TXIDs=8, success=true
2022-10-11 12:48:31,990 [EventQueue-DeleteBlockStatusForDeletedBlockLogImpl] DEBUG block.DeletedBlockLogImpl (DeletedBlockLogImpl.java:commitTransactions(281)) - Datanode txId=8 containerId=#8 committed by dnId=d9bae50b-7f91-4fa0-a494-505c1b3af8a6
2022-10-11 12:48:31,990 [EventQueue-DeleteBlockStatusForDeletedBlockLogImpl] DEBUG block.DeletedBlockLogImpl (DeletedBlockLogImpl.java:isTransactionFailed(303)) - Got block deletion ACK from datanode, TXIDs=9, success=true
2022-10-11 12:48:31,990 [EventQueue-DeleteBlockStatusForDeletedBlockLogImpl] DEBUG block.DeletedBlockLogImpl (DeletedBlockLogImpl.java:commitTransactions(281)) - Datanode txId=9 containerId=#9 committed by dnId=d9bae50b-7f91-4fa0-a494-505c1b3af8a6
2022-10-11 12:48:31,990 [EventQueue-DeleteBlockStatusForDeletedBlockLogImpl] DEBUG block.DeletedBlockLogImpl (DeletedBlockLogImpl.java:isTransactionFailed(303)) - Got block deletion ACK from datanode, TXIDs=10, success=true
2022-10-11 12:48:31,990 [EventQueue-DeleteBlockStatusForDeletedBlockLogImpl] DEBUG block.DeletedBlockLogImpl (DeletedBlockLogImpl.java:commitTransactions(281)) - Datanode txId=10 containerId=#10 committed by dnId=d9bae50b-7f91-4fa0-a494-505c1b3af8a6
2022-10-11 12:48:31,991 [EventQueue-DeleteBlockStatusForDeletedBlockLogImpl] DEBUG block.DeletedBlockLogImpl (DeletedBlockLogImpl.java:isTransactionFailed(303)) - Got block deletion ACK from datanode, TXIDs=1, success=true
2022-10-11 12:48:31,991 [EventQueue-DeleteBlockStatusForDeletedBlockLogImpl] DEBUG block.DeletedBlockLogImpl (DeletedBlockLogImpl.java:commitTransactions(281)) - Datanode txId=1 containerId=#1 committed by dnId=d9bae50b-7f91-4fa0-a494-505c1b3af8a6
2022-10-11 12:48:31,991 [EventQueue-DeleteBlockStatusForDeletedBlockLogImpl] DEBUG block.DeletedBlockLogImpl (DeletedBlockLogImpl.java:isTransactionFailed(303)) - Got block deletion ACK from datanode, TXIDs=2, success=true
2022-10-11 12:48:31,991 [EventQueue-DeleteBlockStatusForDeletedBlockLogImpl] DEBUG block.DeletedBlockLogImpl (DeletedBlockLogImpl.java:commitTransactions(281)) - Datanode txId=2 containerId=#2 committed by dnId=d9bae50b-7f91-4fa0-a494-505c1b3af8a6
2022-10-11 12:48:31,991 [EventQueue-DeleteBlockStatusForDeletedBlockLogImpl] DEBUG block.DeletedBlockLogImpl (DeletedBlockLogImpl.java:isTransactionFailed(303)) - Got block deletion ACK from datanode, TXIDs=3, success=true
2022-10-11 12:48:31,991 [EventQueue-DeleteBlockStatusForDeletedBlockLogImpl] DEBUG block.DeletedBlockLogImpl (DeletedBlockLogImpl.java:commitTransactions(281)) - Datanode txId=3 containerId=#3 committed by dnId=d9bae50b-7f91-4fa0-a494-505c1b3af8a6
2022-10-11 12:48:31,991 [EventQueue-DeleteBlockStatusForDeletedBlockLogImpl] DEBUG block.DeletedBlockLogImpl (DeletedBlockLogImpl.java:isTransactionFailed(303)) - Got block deletion ACK from datanode, TXIDs=4, success=true
2022-10-11 12:48:31,991 [EventQueue-DeleteBlockStatusForDeletedBlockLogImpl] DEBUG block.DeletedBlockLogImpl (DeletedBlockLogImpl.java:commitTransactions(281)) - Datanode txId=4 containerId=#4 committed by dnId=d9bae50b-7f91-4fa0-a494-505c1b3af8a6
2022-10-11 12:48:31,991 [EventQueue-DeleteBlockStatusForDeletedBlockLogImpl] DEBUG block.DeletedBlockLogImpl (DeletedBlockLogImpl.java:isTransactionFailed(303)) - Got block deletion ACK from datanode, TXIDs=5, success=true
2022-10-11 12:48:31,991 [EventQueue-DeleteBlockStatusForDeletedBlockLogImpl] DEBUG block.DeletedBlockLogImpl (DeletedBlockLogImpl.java:commitTransactions(281)) - Datanode txId=5 containerId=#5 committed by dnId=d9bae50b-7f91-4fa0-a494-505c1b3af8a6
2022-10-11 12:48:31,991 [EventQueue-DeleteBlockStatusForDeletedBlockLogImpl] DEBUG block.DeletedBlockLogImpl (DeletedBlockLogImpl.java:isTransactionFailed(303)) - Got block deletion ACK from datanode, TXIDs=6, success=true
2022-10-11 12:48:31,992 [EventQueue-DeleteBlockStatusForDeletedBlockLogImpl] DEBUG block.DeletedBlockLogImpl (DeletedBlockLogImpl.java:commitTransactions(281)) - Datanode txId=6 containerId=#6 committed by dnId=d9bae50b-7f91-4fa0-a494-505c1b3af8a6
2022-10-11 12:48:31,992 [EventQueue-DeleteBlockStatusForDeletedBlockLogImpl] DEBUG block.DeletedBlockLogImpl (DeletedBlockLogImpl.java:isTransactionFailed(303)) - Got block deletion ACK from datanode, TXIDs=7, success=true
2022-10-11 12:48:31,992 [EventQueue-DeleteBlockStatusForDeletedBlockLogImpl] DEBUG block.DeletedBlockLogImpl (DeletedBlockLogImpl.java:commitTransactions(281)) - Datanode txId=7 containerId=#7 committed by dnId=d9bae50b-7f91-4fa0-a494-505c1b3af8a6
2022-10-11 12:48:31,992 [EventQueue-DeleteBlockStatusForDeletedBlockLogImpl] DEBUG block.DeletedBlockLogImpl (DeletedBlockLogImpl.java:isTransactionFailed(303)) - Got block deletion ACK from datanode, TXIDs=8, success=true
2022-10-11 12:48:31,992 [EventQueue-DeleteBlockStatusForDeletedBlockLogImpl] DEBUG block.DeletedBlockLogImpl (DeletedBlockLogImpl.java:commitTransactions(281)) - Datanode txId=8 containerId=#8 committed by dnId=d9bae50b-7f91-4fa0-a494-505c1b3af8a6
2022-10-11 12:48:31,992 [EventQueue-DeleteBlockStatusForDeletedBlockLogImpl] DEBUG block.DeletedBlockLogImpl (DeletedBlockLogImpl.java:isTransactionFailed(303)) - Got block deletion ACK from datanode, TXIDs=9, success=true
2022-10-11 12:48:31,992 [EventQueue-DeleteBlockStatusForDeletedBlockLogImpl] DEBUG block.DeletedBlockLogImpl (DeletedBlockLogImpl.java:commitTransactions(281)) - Datanode txId=9 containerId=#9 committed by dnId=d9bae50b-7f91-4fa0-a494-505c1b3af8a6
2022-10-11 12:48:31,992 [EventQueue-DeleteBlockStatusForDeletedBlockLogImpl] DEBUG block.DeletedBlockLogImpl (DeletedBlockLogImpl.java:isTransactionFailed(303)) - Got block deletion ACK from datanode, TXIDs=10, success=true
2022-10-11 12:48:31,992 [EventQueue-DeleteBlockStatusForDeletedBlockLogImpl] DEBUG block.DeletedBlockLogImpl (DeletedBlockLogImpl.java:commitTransactions(281)) - Datanode txId=10 containerId=#10 committed by dnId=d9bae50b-7f91-4fa0-a494-505c1b3af8a6
2022-10-11 12:48:31,992 [EventQueue-DeleteBlockStatusForDeletedBlockLogImpl] DEBUG block.DeletedBlockLogImpl (DeletedBlockLogImpl.java:isTransactionFailed(303)) - Got block deletion ACK from datanode, TXIDs=1, success=true
2022-10-11 12:48:31,993 [EventQueue-DeleteBlockStatusForDeletedBlockLogImpl] DEBUG block.DeletedBlockLogImpl (DeletedBlockLogImpl.java:commitTransactions(281)) - Datanode txId=1 containerId=#1 committed by dnId=d9bae50b-7f91-4fa0-a494-505c1b3af8a6
2022-10-11 12:48:31,993 [EventQueue-DeleteBlockStatusForDeletedBlockLogImpl] DEBUG block.DeletedBlockLogImpl (DeletedBlockLogImpl.java:isTransactionFailed(303)) - Got block deletion ACK from datanode, TXIDs=2, success=true
2022-10-11 12:48:31,993 [EventQueue-DeleteBlockStatusForDeletedBlockLogImpl] DEBUG block.DeletedBlockLogImpl (DeletedBlockLogImpl.java:commitTransactions(281)) - Datanode txId=2 containerId=#2 committed by dnId=d9bae50b-7f91-4fa0-a494-505c1b3af8a6
2022-10-11 12:48:31,993 [EventQueue-DeleteBlockStatusForDeletedBlockLogImpl] DEBUG block.DeletedBlockLogImpl (DeletedBlockLogImpl.java:isTransactionFailed(303)) - Got block deletion ACK from datanode, TXIDs=3, success=true
2022-10-11 12:48:31,993 [EventQueue-DeleteBlockStatusForDeletedBlockLogImpl] DEBUG block.DeletedBlockLogImpl (DeletedBlockLogImpl.java:commitTransactions(281)) - Datanode txId=3 containerId=#3 committed by dnId=d9bae50b-7f91-4fa0-a494-505c1b3af8a6
2022-10-11 12:48:31,993 [EventQueue-DeleteBlockStatusForDeletedBlockLogImpl] DEBUG block.DeletedBlockLogImpl (DeletedBlockLogImpl.java:isTransactionFailed(303)) - Got block deletion ACK from datanode, TXIDs=4, success=true
2022-10-11 12:48:31,993 [EventQueue-DeleteBlockStatusForDeletedBlockLogImpl] DEBUG block.DeletedBlockLogImpl (DeletedBlockLogImpl.java:commitTransactions(281)) - Datanode txId=4 containerId=#4 committed by dnId=d9bae50b-7f91-4fa0-a494-505c1b3af8a6
2022-10-11 12:48:31,993 [EventQueue-DeleteBlockStatusForDeletedBlockLogImpl] DEBUG block.DeletedBlockLogImpl (DeletedBlockLogImpl.java:isTransactionFailed(303)) - Got block deletion ACK from datanode, TXIDs=5, success=true
2022-10-11 12:48:31,993 [EventQueue-DeleteBlockStatusForDeletedBlockLogImpl] DEBUG block.DeletedBlockLogImpl (DeletedBlockLogImpl.java:commitTransactions(281)) - Datanode txId=5 containerId=#5 committed by dnId=d9bae50b-7f91-4fa0-a494-505c1b3af8a6
2022-10-11 12:48:31,993 [EventQueue-DeleteBlockStatusForDeletedBlockLogImpl] DEBUG block.DeletedBlockLogImpl (DeletedBlockLogImpl.java:isTransactionFailed(303)) - Got block deletion ACK from datanode, TXIDs=6, success=true
2022-10-11 12:48:31,993 [EventQueue-DeleteBlockStatusForDeletedBlockLogImpl] DEBUG block.DeletedBlockLogImpl (DeletedBlockLogImpl.java:commitTransactions(281)) - Datanode txId=6 containerId=#6 committed by dnId=d9bae50b-7f91-4fa0-a494-505c1b3af8a6
2022-10-11 12:48:31,993 [EventQueue-DeleteBlockStatusForDeletedBlockLogImpl] DEBUG block.DeletedBlockLogImpl (DeletedBlockLogImpl.java:isTransactionFailed(303)) - Got block deletion ACK from datanode, TXIDs=7, success=true
2022-10-11 12:48:31,993 [EventQueue-DeleteBlockStatusForDeletedBlockLogImpl] DEBUG block.DeletedBlockLogImpl (DeletedBlockLogImpl.java:commitTransactions(281)) - Datanode txId=7 containerId=#7 committed by dnId=d9bae50b-7f91-4fa0-a494-505c1b3af8a6
2022-10-11 12:48:31,993 [EventQueue-DeleteBlockStatusForDeletedBlockLogImpl] DEBUG block.DeletedBlockLogImpl (DeletedBlockLogImpl.java:isTransactionFailed(303)) - Got block deletion ACK from datanode, TXIDs=8, success=true
2022-10-11 12:48:31,994 [EventQueue-DeleteBlockStatusForDeletedBlockLogImpl] DEBUG block.DeletedBlockLogImpl (DeletedBlockLogImpl.java:commitTransactions(281)) - Datanode txId=8 containerId=#8 committed by dnId=d9bae50b-7f91-4fa0-a494-505c1b3af8a6
2022-10-11 12:48:31,994 [EventQueue-DeleteBlockStatusForDeletedBlockLogImpl] DEBUG block.DeletedBlockLogImpl (DeletedBlockLogImpl.java:isTransactionFailed(303)) - Got block deletion ACK from datanode, TXIDs=9, success=true
2022-10-11 12:48:31,994 [EventQueue-DeleteBlockStatusForDeletedBlockLogImpl] DEBUG block.DeletedBlockLogImpl (DeletedBlockLogImpl.java:commitTransactions(281)) - Datanode txId=9 containerId=#9 committed by dnId=d9bae50b-7f91-4fa0-a494-505c1b3af8a6
2022-10-11 12:48:31,994 [EventQueue-DeleteBlockStatusForDeletedBlockLogImpl] DEBUG block.DeletedBlockLogImpl (DeletedBlockLogImpl.java:isTransactionFailed(303)) - Got block deletion ACK from datanode, TXIDs=10, success=true
2022-10-11 12:48:31,994 [EventQueue-DeleteBlockStatusForDeletedBlockLogImpl] DEBUG block.DeletedBlockLogImpl (DeletedBlockLogImpl.java:commitTransactions(281)) - Datanode txId=10 containerId=#10 committed by dnId=d9bae50b-7f91-4fa0-a494-505c1b3af8a6
2022-10-11 12:48:32,047 [SCMBlockDeletingService#0] DEBUG block.SCMBlockDeletingService (SCMBlockDeletingService.java:call(131)) - Running DeletedBlockTransactionScanner
2022-10-11 12:48:32,047 [SCMBlockDeletingService#0] DEBUG block.SCMBlockDeletingService (DatanodeDeletedBlockTransactions.java:addTransactionToDN(50)) - Transaction added: 0b6ae373-df17-43b9-8f38-34bc24a5586b <- TX(1)
2022-10-11 12:48:32,048 [SCMBlockDeletingService#0] DEBUG block.SCMBlockDeletingService (DatanodeDeletedBlockTransactions.java:addTransactionToDN(50)) - Transaction added: 9db450c2-c065-4fcc-a5b2-7f05d2839b90 <- TX(1)
2022-10-11 12:48:32,048 [SCMBlockDeletingService#0] DEBUG block.SCMBlockDeletingService (DatanodeDeletedBlockTransactions.java:addTransactionToDN(50)) - Transaction added: 9db450c2-c065-4fcc-a5b2-7f05d2839b90 <- TX(2)
2022-10-11 12:48:32,048 [SCMBlockDeletingService#0] DEBUG block.SCMBlockDeletingService (DatanodeDeletedBlockTransactions.java:addTransactionToDN(50)) - Transaction added: 0b6ae373-df17-43b9-8f38-34bc24a5586b <- TX(2)
2022-10-11 12:48:32,048 [SCMBlockDeletingService#0] DEBUG block.SCMBlockDeletingService (DatanodeDeletedBlockTransactions.java:addTransactionToDN(50)) - Transaction added: 9db450c2-c065-4fcc-a5b2-7f05d2839b90 <- TX(3)
2022-10-11 12:48:32,048 [SCMBlockDeletingService#0] DEBUG block.SCMBlockDeletingService (DatanodeDeletedBlockTransactions.java:addTransactionToDN(50)) - Transaction added: 0b6ae373-df17-43b9-8f38-34bc24a5586b <- TX(3)
2022-10-11 12:48:32,048 [SCMBlockDeletingService#0] DEBUG block.SCMBlockDeletingService (DatanodeDeletedBlockTransactions.java:addTransactionToDN(50)) - Transaction added: 0b6ae373-df17-43b9-8f38-34bc24a5586b <- TX(4)
2022-10-11 12:48:32,048 [SCMBlockDeletingService#0] DEBUG block.SCMBlockDeletingService (DatanodeDeletedBlockTransactions.java:addTransactionToDN(50)) - Transaction added: 9db450c2-c065-4fcc-a5b2-7f05d2839b90 <- TX(4)
2022-10-11 12:48:32,048 [SCMBlockDeletingService#0] DEBUG block.SCMBlockDeletingService (DatanodeDeletedBlockTransactions.java:addTransactionToDN(50)) - Transaction added: 0b6ae373-df17-43b9-8f38-34bc24a5586b <- TX(5)
2022-10-11 12:48:32,048 [SCMBlockDeletingService#0] DEBUG block.SCMBlockDeletingService (DatanodeDeletedBlockTransactions.java:addTransactionToDN(50)) - Transaction added: 9db450c2-c065-4fcc-a5b2-7f05d2839b90 <- TX(5)
2022-10-11 12:48:32,048 [SCMBlockDeletingService#0] DEBUG block.SCMBlockDeletingService (DatanodeDeletedBlockTransactions.java:addTransactionToDN(50)) - Transaction added: 9db450c2-c065-4fcc-a5b2-7f05d2839b90 <- TX(6)
2022-10-11 12:48:32,048 [SCMBlockDeletingService#0] DEBUG block.SCMBlockDeletingService (DatanodeDeletedBlockTransactions.java:addTransactionToDN(50)) - Transaction added: 0b6ae373-df17-43b9-8f38-34bc24a5586b <- TX(6)
2022-10-11 12:48:32,049 [SCMBlockDeletingService#0] DEBUG block.SCMBlockDeletingService (DatanodeDeletedBlockTransactions.java:addTransactionToDN(50)) - Transaction added: 0b6ae373-df17-43b9-8f38-34bc24a5586b <- TX(7)
2022-10-11 12:48:32,049 [SCMBlockDeletingService#0] DEBUG block.SCMBlockDeletingService (DatanodeDeletedBlockTransactions.java:addTransactionToDN(50)) - Transaction added: 9db450c2-c065-4fcc-a5b2-7f05d2839b90 <- TX(7)
2022-10-11 12:48:32,049 [SCMBlockDeletingService#0] DEBUG block.SCMBlockDeletingService (DatanodeDeletedBlockTransactions.java:addTransactionToDN(50)) - Transaction added: 0b6ae373-df17-43b9-8f38-34bc24a5586b <- TX(8)
2022-10-11 12:48:32,049 [SCMBlockDeletingService#0] DEBUG block.SCMBlockDeletingService (DatanodeDeletedBlockTransactions.java:addTransactionToDN(50)) - Transaction added: 9db450c2-c065-4fcc-a5b2-7f05d2839b90 <- TX(8)
2022-10-11 12:48:32,049 [SCMBlockDeletingService#0] DEBUG block.SCMBlockDeletingService (DatanodeDeletedBlockTransactions.java:addTransactionToDN(50)) - Transaction added: 0b6ae373-df17-43b9-8f38-34bc24a5586b <- TX(9)
2022-10-11 12:48:32,049 [SCMBlockDeletingService#0] DEBUG block.SCMBlockDeletingService (DatanodeDeletedBlockTransactions.java:addTransactionToDN(50)) - Transaction added: 9db450c2-c065-4fcc-a5b2-7f05d2839b90 <- TX(9)
2022-10-11 12:48:32,049 [SCMBlockDeletingService#0] DEBUG block.SCMBlockDeletingService (DatanodeDeletedBlockTransactions.java:addTransactionToDN(50)) - Transaction added: 9db450c2-c065-4fcc-a5b2-7f05d2839b90 <- TX(10)
2022-10-11 12:48:32,049 [SCMBlockDeletingService#0] DEBUG block.SCMBlockDeletingService (DatanodeDeletedBlockTransactions.java:addTransactionToDN(50)) - Transaction added: 0b6ae373-df17-43b9-8f38-34bc24a5586b <- TX(10)
2022-10-11 12:48:32,050 [SCMBlockDeletingService#0] DEBUG block.SCMBlockDeletingService (SCMBlockDeletingService.java:call(162)) - Added delete block command for datanode 9db450c2-c065-4fcc-a5b2-7f05d2839b90 in the queue, number of delete block transactions: 10
2022-10-11 12:48:32,050 [SCMBlockDeletingService#0] DEBUG block.SCMBlockDeletingService (SCMBlockDeletingService.java:call(162)) - Added delete block command for datanode 0b6ae373-df17-43b9-8f38-34bc24a5586b in the queue, number of delete block transactions: 10
2022-10-11 12:48:32,050 [SCMBlockDeletingService#0] INFO  block.SCMBlockDeletingService (SCMBlockDeletingService.java:call(172)) - Totally added 20 blocks to be deleted for 2 datanodes, task elapsed time: 4ms
2022-10-11 12:48:32,147 [SCMBlockDeletingService#0] DEBUG block.SCMBlockDeletingService (SCMBlockDeletingService.java:call(131)) - Running DeletedBlockTransactionScanner
2022-10-11 12:48:32,148 [SCMBlockDeletingService#0] DEBUG block.SCMBlockDeletingService (DatanodeDeletedBlockTransactions.java:addTransactionToDN(50)) - Transaction added: 0b6ae373-df17-43b9-8f38-34bc24a5586b <- TX(1)
2022-10-11 12:48:32,148 [SCMBlockDeletingService#0] DEBUG block.SCMBlockDeletingService (DatanodeDeletedBlockTransactions.java:addTransactionToDN(50)) - Transaction added: 9db450c2-c065-4fcc-a5b2-7f05d2839b90 <- TX(1)
2022-10-11 12:48:32,148 [SCMBlockDeletingService#0] DEBUG block.SCMBlockDeletingService (DatanodeDeletedBlockTransactions.java:addTransactionToDN(50)) - Transaction added: 9db450c2-c065-4fcc-a5b2-7f05d2839b90 <- TX(2)
2022-10-11 12:48:32,148 [SCMBlockDeletingService#0] DEBUG block.SCMBlockDeletingService (DatanodeDeletedBlockTransactions.java:addTransactionToDN(50)) - Transaction added: 0b6ae373-df17-43b9-8f38-34bc24a5586b <- TX(2)
2022-10-11 12:48:32,149 [SCMBlockDeletingService#0] DEBUG block.SCMBlockDeletingService (DatanodeDeletedBlockTransactions.java:addTransactionToDN(50)) - Transaction added: 9db450c2-c065-4fcc-a5b2-7f05d2839b90 <- TX(3)
2022-10-11 12:48:32,149 [SCMBlockDeletingService#0] DEBUG block.SCMBlockDeletingService (DatanodeDeletedBlockTransactions.java:addTransactionToDN(50)) - Transaction added: 0b6ae373-df17-43b9-8f38-34bc24a5586b <- TX(3)
2022-10-11 12:48:32,149 [SCMBlockDeletingService#0] DEBUG block.SCMBlockDeletingService (DatanodeDeletedBlockTransactions.java:addTransactionToDN(50)) - Transaction added: 0b6ae373-df17-43b9-8f38-34bc24a5586b <- TX(4)
2022-10-11 12:48:32,149 [SCMBlockDeletingService#0] DEBUG block.SCMBlockDeletingService (DatanodeDeletedBlockTransactions.java:addTransactionToDN(50)) - Transaction added: 9db450c2-c065-4fcc-a5b2-7f05d2839b90 <- TX(4)
2022-10-11 12:48:32,149 [SCMBlockDeletingService#0] DEBUG block.SCMBlockDeletingService (DatanodeDeletedBlockTransactions.java:addTransactionToDN(50)) - Transaction added: 0b6ae373-df17-43b9-8f38-34bc24a5586b <- TX(5)
2022-10-11 12:48:32,149 [SCMBlockDeletingService#0] DEBUG block.SCMBlockDeletingService (DatanodeDeletedBlockTransactions.java:addTransactionToDN(50)) - Transaction added: 9db450c2-c065-4fcc-a5b2-7f05d2839b90 <- TX(5)
2022-10-11 12:48:32,149 [SCMBlockDeletingService#0] DEBUG block.SCMBlockDeletingService (DatanodeDeletedBlockTransactions.java:addTransactionToDN(50)) - Transaction added: 9db450c2-c065-4fcc-a5b2-7f05d2839b90 <- TX(6)
2022-10-11 12:48:32,149 [SCMBlockDeletingService#0] DEBUG block.SCMBlockDeletingService (DatanodeDeletedBlockTransactions.java:addTransactionToDN(50)) - Transaction added: 0b6ae373-df17-43b9-8f38-34bc24a5586b <- TX(6)
2022-10-11 12:48:32,149 [SCMBlockDeletingService#0] DEBUG block.SCMBlockDeletingService (DatanodeDeletedBlockTransactions.java:addTransactionToDN(50)) - Transaction added: 0b6ae373-df17-43b9-8f38-34bc24a5586b <- TX(7)
2022-10-11 12:48:32,150 [SCMBlockDeletingService#0] DEBUG block.SCMBlockDeletingService (DatanodeDeletedBlockTransactions.java:addTransactionToDN(50)) - Transaction added: 9db450c2-c065-4fcc-a5b2-7f05d2839b90 <- TX(7)
2022-10-11 12:48:32,150 [SCMBlockDeletingService#0] DEBUG block.SCMBlockDeletingService (DatanodeDeletedBlockTransactions.java:addTransactionToDN(50)) - Transaction added: 0b6ae373-df17-43b9-8f38-34bc24a5586b <- TX(8)
2022-10-11 12:48:32,150 [SCMBlockDeletingService#0] DEBUG block.SCMBlockDeletingService (DatanodeDeletedBlockTransactions.java:addTransactionToDN(50)) - Transaction added: 9db450c2-c065-4fcc-a5b2-7f05d2839b90 <- TX(8)
2022-10-11 12:48:32,150 [SCMBlockDeletingService#0] DEBUG block.SCMBlockDeletingService (DatanodeDeletedBlockTransactions.java:addTransactionToDN(50)) - Transaction added: 0b6ae373-df17-43b9-8f38-34bc24a5586b <- TX(9)
2022-10-11 12:48:32,151 [SCMBlockDeletingService#0] DEBUG block.SCMBlockDeletingService (DatanodeDeletedBlockTransactions.java:addTransactionToDN(50)) - Transaction added: 9db450c2-c065-4fcc-a5b2-7f05d2839b90 <- TX(9)
2022-10-11 12:48:32,151 [SCMBlockDeletingService#0] DEBUG block.SCMBlockDeletingService (DatanodeDeletedBlockTransactions.java:addTransactionToDN(50)) - Transaction added: 9db450c2-c065-4fcc-a5b2-7f05d2839b90 <- TX(10)
2022-10-11 12:48:32,151 [SCMBlockDeletingService#0] DEBUG block.SCMBlockDeletingService (DatanodeDeletedBlockTransactions.java:addTransactionToDN(50)) - Transaction added: 0b6ae373-df17-43b9-8f38-34bc24a5586b <- TX(10)
2022-10-11 12:48:32,151 [SCMBlockDeletingService#0] DEBUG block.SCMBlockDeletingService (SCMBlockDeletingService.java:call(162)) - Added delete block command for datanode 9db450c2-c065-4fcc-a5b2-7f05d2839b90 in the queue, number of delete block transactions: 10
2022-10-11 12:48:32,152 [SCMBlockDeletingService#0] DEBUG block.SCMBlockDeletingService (SCMBlockDeletingService.java:call(162)) - Added delete block command for datanode 0b6ae373-df17-43b9-8f38-34bc24a5586b in the queue, number of delete block transactions: 10
2022-10-11 12:48:32,152 [SCMBlockDeletingService#0] INFO  block.SCMBlockDeletingService (SCMBlockDeletingService.java:call(172)) - Totally added 20 blocks to be deleted for 2 datanodes, task elapsed time: 4ms
2022-10-11 12:48:32,247 [SCMBlockDeletingService#0] DEBUG block.SCMBlockDeletingService (SCMBlockDeletingService.java:call(131)) - Running DeletedBlockTransactionScanner
2022-10-11 12:48:32,248 [SCMBlockDeletingService#0] DEBUG block.SCMBlockDeletingService (DatanodeDeletedBlockTransactions.java:addTransactionToDN(50)) - Transaction added: 0b6ae373-df17-43b9-8f38-34bc24a5586b <- TX(1)
2022-10-11 12:48:32,248 [SCMBlockDeletingService#0] DEBUG block.SCMBlockDeletingService (DatanodeDeletedBlockTransactions.java:addTransactionToDN(50)) - Transaction added: 9db450c2-c065-4fcc-a5b2-7f05d2839b90 <- TX(1)
2022-10-11 12:48:32,248 [SCMBlockDeletingService#0] DEBUG block.SCMBlockDeletingService (DatanodeDeletedBlockTransactions.java:addTransactionToDN(50)) - Transaction added: 9db450c2-c065-4fcc-a5b2-7f05d2839b90 <- TX(2)
2022-10-11 12:48:32,248 [SCMBlockDeletingService#0] DEBUG block.SCMBlockDeletingService (DatanodeDeletedBlockTransactions.java:addTransactionToDN(50)) - Transaction added: 0b6ae373-df17-43b9-8f38-34bc24a5586b <- TX(2)
2022-10-11 12:48:32,248 [SCMBlockDeletingService#0] DEBUG block.SCMBlockDeletingService (DatanodeDeletedBlockTransactions.java:addTransactionToDN(50)) - Transaction added: 9db450c2-c065-4fcc-a5b2-7f05d2839b90 <- TX(3)
2022-10-11 12:48:32,248 [SCMBlockDeletingService#0] DEBUG block.SCMBlockDeletingService (DatanodeDeletedBlockTransactions.java:addTransactionToDN(50)) - Transaction added: 0b6ae373-df17-43b9-8f38-34bc24a5586b <- TX(3)
2022-10-11 12:48:32,248 [SCMBlockDeletingService#0] DEBUG block.SCMBlockDeletingService (DatanodeDeletedBlockTransactions.java:addTransactionToDN(50)) - Transaction added: 0b6ae373-df17-43b9-8f38-34bc24a5586b <- TX(4)
2022-10-11 12:48:32,248 [SCMBlockDeletingService#0] DEBUG block.SCMBlockDeletingService (DatanodeDeletedBlockTransactions.java:addTransactionToDN(50)) - Transaction added: 9db450c2-c065-4fcc-a5b2-7f05d2839b90 <- TX(4)
2022-10-11 12:48:32,248 [SCMBlockDeletingService#0] DEBUG block.SCMBlockDeletingService (DatanodeDeletedBlockTransactions.java:addTransactionToDN(50)) - Transaction added: 0b6ae373-df17-43b9-8f38-34bc24a5586b <- TX(5)
2022-10-11 12:48:32,248 [SCMBlockDeletingService#0] DEBUG block.SCMBlockDeletingService (DatanodeDeletedBlockTransactions.java:addTransactionToDN(50)) - Transaction added: 9db450c2-c065-4fcc-a5b2-7f05d2839b90 <- TX(5)
2022-10-11 12:48:32,249 [SCMBlockDeletingService#0] DEBUG block.SCMBlockDeletingService (DatanodeDeletedBlockTransactions.java:addTransactionToDN(50)) - Transaction added: 9db450c2-c065-4fcc-a5b2-7f05d2839b90 <- TX(6)
2022-10-11 12:48:32,249 [SCMBlockDeletingService#0] DEBUG block.SCMBlockDeletingService (DatanodeDeletedBlockTransactions.java:addTransactionToDN(50)) - Transaction added: 0b6ae373-df17-43b9-8f38-34bc24a5586b <- TX(6)
2022-10-11 12:48:32,249 [SCMBlockDeletingService#0] DEBUG block.SCMBlockDeletingService (DatanodeDeletedBlockTransactions.java:addTransactionToDN(50)) - Transaction added: 0b6ae373-df17-43b9-8f38-34bc24a5586b <- TX(7)
2022-10-11 12:48:32,249 [SCMBlockDeletingService#0] DEBUG block.SCMBlockDeletingService (DatanodeDeletedBlockTransactions.java:addTransactionToDN(50)) - Transaction added: 9db450c2-c065-4fcc-a5b2-7f05d2839b90 <- TX(7)
2022-10-11 12:48:32,249 [SCMBlockDeletingService#0] DEBUG block.SCMBlockDeletingService (DatanodeDeletedBlockTransactions.java:addTransactionToDN(50)) - Transaction added: 0b6ae373-df17-43b9-8f38-34bc24a5586b <- TX(8)
2022-10-11 12:48:32,249 [SCMBlockDeletingService#0] DEBUG block.SCMBlockDeletingService (DatanodeDeletedBlockTransactions.java:addTransactionToDN(50)) - Transaction added: 9db450c2-c065-4fcc-a5b2-7f05d2839b90 <- TX(8)
2022-10-11 12:48:32,249 [SCMBlockDeletingService#0] DEBUG block.SCMBlockDeletingService (DatanodeDeletedBlockTransactions.java:addTransactionToDN(50)) - Transaction added: 0b6ae373-df17-43b9-8f38-34bc24a5586b <- TX(9)
2022-10-11 12:48:32,249 [SCMBlockDeletingService#0] DEBUG block.SCMBlockDeletingService (DatanodeDeletedBlockTransactions.java:addTransactionToDN(50)) - Transaction added: 9db450c2-c065-4fcc-a5b2-7f05d2839b90 <- TX(9)
2022-10-11 12:48:32,249 [SCMBlockDeletingService#0] DEBUG block.SCMBlockDeletingService (DatanodeDeletedBlockTransactions.java:addTransactionToDN(50)) - Transaction added: 9db450c2-c065-4fcc-a5b2-7f05d2839b90 <- TX(10)
2022-10-11 12:48:32,249 [SCMBlockDeletingService#0] DEBUG block.SCMBlockDeletingService (DatanodeDeletedBlockTransactions.java:addTransactionToDN(50)) - Transaction added: 0b6ae373-df17-43b9-8f38-34bc24a5586b <- TX(10)
2022-10-11 12:48:32,249 [SCMBlockDeletingService#0] DEBUG block.SCMBlockDeletingService (SCMBlockDeletingService.java:call(162)) - Added delete block command for datanode 9db450c2-c065-4fcc-a5b2-7f05d2839b90 in the queue, number of delete block transactions: 10
2022-10-11 12:48:32,250 [SCMBlockDeletingService#0] DEBUG block.SCMBlockDeletingService (SCMBlockDeletingService.java:call(162)) - Added delete block command for datanode 0b6ae373-df17-43b9-8f38-34bc24a5586b in the queue, number of delete block transactions: 10
2022-10-11 12:48:32,250 [SCMBlockDeletingService#0] INFO  block.SCMBlockDeletingService (SCMBlockDeletingService.java:call(172)) - Totally added 20 blocks to be deleted for 2 datanodes, task elapsed time: 2ms
2022-10-11 12:48:32,347 [SCMBlockDeletingService#0] DEBUG block.SCMBlockDeletingService (SCMBlockDeletingService.java:call(131)) - Running DeletedBlockTransactionScanner
2022-10-11 12:48:32,348 [SCMBlockDeletingService#0] DEBUG block.SCMBlockDeletingService (DatanodeDeletedBlockTransactions.java:addTransactionToDN(50)) - Transaction added: 0b6ae373-df17-43b9-8f38-34bc24a5586b <- TX(1)
2022-10-11 12:48:32,348 [SCMBlockDeletingService#0] DEBUG block.SCMBlockDeletingService (DatanodeDeletedBlockTransactions.java:addTransactionToDN(50)) - Transaction added: 9db450c2-c065-4fcc-a5b2-7f05d2839b90 <- TX(1)
2022-10-11 12:48:32,348 [SCMBlockDeletingService#0] DEBUG block.SCMBlockDeletingService (DatanodeDeletedBlockTransactions.java:addTransactionToDN(50)) - Transaction added: 9db450c2-c065-4fcc-a5b2-7f05d2839b90 <- TX(2)
2022-10-11 12:48:32,348 [SCMBlockDeletingService#0] DEBUG block.SCMBlockDeletingService (DatanodeDeletedBlockTransactions.java:addTransactionToDN(50)) - Transaction added: 0b6ae373-df17-43b9-8f38-34bc24a5586b <- TX(2)
2022-10-11 12:48:32,348 [SCMBlockDeletingService#0] DEBUG block.SCMBlockDeletingService (DatanodeDeletedBlockTransactions.java:addTransactionToDN(50)) - Transaction added: 9db450c2-c065-4fcc-a5b2-7f05d2839b90 <- TX(3)
2022-10-11 12:48:32,348 [SCMBlockDeletingService#0] DEBUG block.SCMBlockDeletingService (DatanodeDeletedBlockTransactions.java:addTransactionToDN(50)) - Transaction added: 0b6ae373-df17-43b9-8f38-34bc24a5586b <- TX(3)
2022-10-11 12:48:32,348 [SCMBlockDeletingService#0] DEBUG block.SCMBlockDeletingService (DatanodeDeletedBlockTransactions.java:addTransactionToDN(50)) - Transaction added: 0b6ae373-df17-43b9-8f38-34bc24a5586b <- TX(4)
2022-10-11 12:48:32,348 [SCMBlockDeletingService#0] DEBUG block.SCMBlockDeletingService (DatanodeDeletedBlockTransactions.java:addTransactionToDN(50)) - Transaction added: 9db450c2-c065-4fcc-a5b2-7f05d2839b90 <- TX(4)
2022-10-11 12:48:32,348 [SCMBlockDeletingService#0] DEBUG block.SCMBlockDeletingService (DatanodeDeletedBlockTransactions.java:addTransactionToDN(50)) - Transaction added: 0b6ae373-df17-43b9-8f38-34bc24a5586b <- TX(5)
2022-10-11 12:48:32,348 [SCMBlockDeletingService#0] DEBUG block.SCMBlockDeletingService (DatanodeDeletedBlockTransactions.java:addTransactionToDN(50)) - Transaction added: 9db450c2-c065-4fcc-a5b2-7f05d2839b90 <- TX(5)
2022-10-11 12:48:32,349 [SCMBlockDeletingService#0] DEBUG block.SCMBlockDeletingService (DatanodeDeletedBlockTransactions.java:addTransactionToDN(50)) - Transaction added: 9db450c2-c065-4fcc-a5b2-7f05d2839b90 <- TX(6)
2022-10-11 12:48:32,349 [SCMBlockDeletingService#0] DEBUG block.SCMBlockDeletingService (DatanodeDeletedBlockTransactions.java:addTransactionToDN(50)) - Transaction added: 0b6ae373-df17-43b9-8f38-34bc24a5586b <- TX(6)
2022-10-11 12:48:32,349 [SCMBlockDeletingService#0] DEBUG block.SCMBlockDeletingService (DatanodeDeletedBlockTransactions.java:addTransactionToDN(50)) - Transaction added: 0b6ae373-df17-43b9-8f38-34bc24a5586b <- TX(7)
2022-10-11 12:48:32,349 [SCMBlockDeletingService#0] DEBUG block.SCMBlockDeletingService (DatanodeDeletedBlockTransactions.java:addTransactionToDN(50)) - Transaction added: 9db450c2-c065-4fcc-a5b2-7f05d2839b90 <- TX(7)
2022-10-11 12:48:32,349 [SCMBlockDeletingService#0] DEBUG block.SCMBlockDeletingService (DatanodeDeletedBlockTransactions.java:addTransactionToDN(50)) - Transaction added: 0b6ae373-df17-43b9-8f38-34bc24a5586b <- TX(8)
2022-10-11 12:48:32,349 [SCMBlockDeletingService#0] DEBUG block.SCMBlockDeletingService (DatanodeDeletedBlockTransactions.java:addTransactionToDN(50)) - Transaction added: 9db450c2-c065-4fcc-a5b2-7f05d2839b90 <- TX(8)
2022-10-11 12:48:32,349 [SCMBlockDeletingService#0] DEBUG block.SCMBlockDeletingService (DatanodeDeletedBlockTransactions.java:addTransactionToDN(50)) - Transaction added: 0b6ae373-df17-43b9-8f38-34bc24a5586b <- TX(9)
2022-10-11 12:48:32,349 [SCMBlockDeletingService#0] DEBUG block.SCMBlockDeletingService (DatanodeDeletedBlockTransactions.java:addTransactionToDN(50)) - Transaction added: 9db450c2-c065-4fcc-a5b2-7f05d2839b90 <- TX(9)
2022-10-11 12:48:32,349 [SCMBlockDeletingService#0] DEBUG block.SCMBlockDeletingService (DatanodeDeletedBlockTransactions.java:addTransactionToDN(50)) - Transaction added: 9db450c2-c065-4fcc-a5b2-7f05d2839b90 <- TX(10)
2022-10-11 12:48:32,349 [SCMBlockDeletingService#0] DEBUG block.SCMBlockDeletingService (DatanodeDeletedBlockTransactions.java:addTransactionToDN(50)) - Transaction added: 0b6ae373-df17-43b9-8f38-34bc24a5586b <- TX(10)
2022-10-11 12:48:32,349 [SCMBlockDeletingService#0] DEBUG block.SCMBlockDeletingService (SCMBlockDeletingService.java:call(162)) - Added delete block command for datanode 9db450c2-c065-4fcc-a5b2-7f05d2839b90 in the queue, number of delete block transactions: 10
2022-10-11 12:48:32,349 [SCMBlockDeletingService#0] DEBUG block.SCMBlockDeletingService (SCMBlockDeletingService.java:call(162)) - Added delete block command for datanode 0b6ae373-df17-43b9-8f38-34bc24a5586b in the queue, number of delete block transactions: 10
2022-10-11 12:48:32,349 [SCMBlockDeletingService#0] INFO  block.SCMBlockDeletingService (SCMBlockDeletingService.java:call(172)) - Totally added 20 blocks to be deleted for 2 datanodes, task elapsed time: 2ms
2022-10-11 12:48:32,447 [SCMBlockDeletingService#0] DEBUG block.SCMBlockDeletingService (SCMBlockDeletingService.java:call(131)) - Running DeletedBlockTransactionScanner
2022-10-11 12:48:32,448 [SCMBlockDeletingService#0] DEBUG block.SCMBlockDeletingService (DatanodeDeletedBlockTransactions.java:addTransactionToDN(50)) - Transaction added: 0b6ae373-df17-43b9-8f38-34bc24a5586b <- TX(1)
2022-10-11 12:48:32,448 [SCMBlockDeletingService#0] DEBUG block.SCMBlockDeletingService (DatanodeDeletedBlockTransactions.java:addTransactionToDN(50)) - Transaction added: 9db450c2-c065-4fcc-a5b2-7f05d2839b90 <- TX(1)
2022-10-11 12:48:32,448 [SCMBlockDeletingService#0] DEBUG block.SCMBlockDeletingService (DatanodeDeletedBlockTransactions.java:addTransactionToDN(50)) - Transaction added: 9db450c2-c065-4fcc-a5b2-7f05d2839b90 <- TX(2)
2022-10-11 12:48:32,448 [SCMBlockDeletingService#0] DEBUG block.SCMBlockDeletingService (DatanodeDeletedBlockTransactions.java:addTransactionToDN(50)) - Transaction added: 0b6ae373-df17-43b9-8f38-34bc24a5586b <- TX(2)
2022-10-11 12:48:32,448 [SCMBlockDeletingService#0] DEBUG block.SCMBlockDeletingService (DatanodeDeletedBlockTransactions.java:addTransactionToDN(50)) - Transaction added: 9db450c2-c065-4fcc-a5b2-7f05d2839b90 <- TX(3)
2022-10-11 12:48:32,448 [SCMBlockDeletingService#0] DEBUG block.SCMBlockDeletingService (DatanodeDeletedBlockTransactions.java:addTransactionToDN(50)) - Transaction added: 0b6ae373-df17-43b9-8f38-34bc24a5586b <- TX(3)
2022-10-11 12:48:32,448 [SCMBlockDeletingService#0] DEBUG block.SCMBlockDeletingService (DatanodeDeletedBlockTransactions.java:addTransactionToDN(50)) - Transaction added: 0b6ae373-df17-43b9-8f38-34bc24a5586b <- TX(4)
2022-10-11 12:48:32,448 [SCMBlockDeletingService#0] DEBUG block.SCMBlockDeletingService (DatanodeDeletedBlockTransactions.java:addTransactionToDN(50)) - Transaction added: 9db450c2-c065-4fcc-a5b2-7f05d2839b90 <- TX(4)
2022-10-11 12:48:32,448 [SCMBlockDeletingService#0] DEBUG block.SCMBlockDeletingService (DatanodeDeletedBlockTransactions.java:addTransactionToDN(50)) - Transaction added: 0b6ae373-df17-43b9-8f38-34bc24a5586b <- TX(5)
2022-10-11 12:48:32,448 [SCMBlockDeletingService#0] DEBUG block.SCMBlockDeletingService (DatanodeDeletedBlockTransactions.java:addTransactionToDN(50)) - Transaction added: 9db450c2-c065-4fcc-a5b2-7f05d2839b90 <- TX(5)
2022-10-11 12:48:32,449 [SCMBlockDeletingService#0] DEBUG block.SCMBlockDeletingService (DatanodeDeletedBlockTransactions.java:addTransactionToDN(50)) - Transaction added: 9db450c2-c065-4fcc-a5b2-7f05d2839b90 <- TX(6)
2022-10-11 12:48:32,449 [SCMBlockDeletingService#0] DEBUG block.SCMBlockDeletingService (DatanodeDeletedBlockTransactions.java:addTransactionToDN(50)) - Transaction added: 0b6ae373-df17-43b9-8f38-34bc24a5586b <- TX(6)
2022-10-11 12:48:32,449 [SCMBlockDeletingService#0] DEBUG block.SCMBlockDeletingService (DatanodeDeletedBlockTransactions.java:addTransactionToDN(50)) - Transaction added: 0b6ae373-df17-43b9-8f38-34bc24a5586b <- TX(7)
2022-10-11 12:48:32,449 [SCMBlockDeletingService#0] DEBUG block.SCMBlockDeletingService (DatanodeDeletedBlockTransactions.java:addTransactionToDN(50)) - Transaction added: 9db450c2-c065-4fcc-a5b2-7f05d2839b90 <- TX(7)
2022-10-11 12:48:32,449 [SCMBlockDeletingService#0] DEBUG block.SCMBlockDeletingService (DatanodeDeletedBlockTransactions.java:addTransactionToDN(50)) - Transaction added: 0b6ae373-df17-43b9-8f38-34bc24a5586b <- TX(8)
2022-10-11 12:48:32,449 [SCMBlockDeletingService#0] DEBUG block.SCMBlockDeletingService (DatanodeDeletedBlockTransactions.java:addTransactionToDN(50)) - Transaction added: 9db450c2-c065-4fcc-a5b2-7f05d2839b90 <- TX(8)
2022-10-11 12:48:32,449 [SCMBlockDeletingService#0] DEBUG block.SCMBlockDeletingService (DatanodeDeletedBlockTransactions.java:addTransactionToDN(50)) - Transaction added: 0b6ae373-df17-43b9-8f38-34bc24a5586b <- TX(9)
2022-10-11 12:48:32,449 [SCMBlockDeletingService#0] DEBUG block.SCMBlockDeletingService (DatanodeDeletedBlockTransactions.java:addTransactionToDN(50)) - Transaction added: 9db450c2-c065-4fcc-a5b2-7f05d2839b90 <- TX(9)
2022-10-11 12:48:32,449 [SCMBlockDeletingService#0] DEBUG block.SCMBlockDeletingService (DatanodeDeletedBlockTransactions.java:addTransactionToDN(50)) - Transaction added: 9db450c2-c065-4fcc-a5b2-7f05d2839b90 <- TX(10)
2022-10-11 12:48:32,449 [SCMBlockDeletingService#0] DEBUG block.SCMBlockDeletingService (DatanodeDeletedBlockTransactions.java:addTransactionToDN(50)) - Transaction added: 0b6ae373-df17-43b9-8f38-34bc24a5586b <- TX(10)
2022-10-11 12:48:32,449 [SCMBlockDeletingService#0] DEBUG block.SCMBlockDeletingService (SCMBlockDeletingService.java:call(162)) - Added delete block command for datanode 9db450c2-c065-4fcc-a5b2-7f05d2839b90 in the queue, number of delete block transactions: 10
2022-10-11 12:48:32,450 [SCMBlockDeletingService#0] DEBUG block.SCMBlockDeletingService (SCMBlockDeletingService.java:call(162)) - Added delete block command for datanode 0b6ae373-df17-43b9-8f38-34bc24a5586b in the queue, number of delete block transactions: 10
2022-10-11 12:48:32,450 [SCMBlockDeletingService#0] INFO  block.SCMBlockDeletingService (SCMBlockDeletingService.java:call(172)) - Totally added 20 blocks to be deleted for 2 datanodes, task elapsed time: 2ms
2022-10-11 12:48:32,547 [SCMBlockDeletingService#0] DEBUG block.SCMBlockDeletingService (SCMBlockDeletingService.java:call(131)) - Running DeletedBlockTransactionScanner
2022-10-11 12:48:32,548 [SCMBlockDeletingService#0] DEBUG block.SCMBlockDeletingService (DatanodeDeletedBlockTransactions.java:addTransactionToDN(50)) - Transaction added: 0b6ae373-df17-43b9-8f38-34bc24a5586b <- TX(1)
2022-10-11 12:48:32,548 [SCMBlockDeletingService#0] DEBUG block.SCMBlockDeletingService (DatanodeDeletedBlockTransactions.java:addTransactionToDN(50)) - Transaction added: 9db450c2-c065-4fcc-a5b2-7f05d2839b90 <- TX(1)
2022-10-11 12:48:32,548 [SCMBlockDeletingService#0] DEBUG block.SCMBlockDeletingService (DatanodeDeletedBlockTransactions.java:addTransactionToDN(50)) - Transaction added: 9db450c2-c065-4fcc-a5b2-7f05d2839b90 <- TX(2)
2022-10-11 12:48:32,548 [SCMBlockDeletingService#0] DEBUG block.SCMBlockDeletingService (DatanodeDeletedBlockTransactions.java:addTransactionToDN(50)) - Transaction added: 0b6ae373-df17-43b9-8f38-34bc24a5586b <- TX(2)
2022-10-11 12:48:32,548 [SCMBlockDeletingService#0] DEBUG block.SCMBlockDeletingService (DatanodeDeletedBlockTransactions.java:addTransactionToDN(50)) - Transaction added: 9db450c2-c065-4fcc-a5b2-7f05d2839b90 <- TX(3)
2022-10-11 12:48:32,548 [SCMBlockDeletingService#0] DEBUG block.SCMBlockDeletingService (DatanodeDeletedBlockTransactions.java:addTransactionToDN(50)) - Transaction added: 0b6ae373-df17-43b9-8f38-34bc24a5586b <- TX(3)
2022-10-11 12:48:32,548 [SCMBlockDeletingService#0] DEBUG block.SCMBlockDeletingService (DatanodeDeletedBlockTransactions.java:addTransactionToDN(50)) - Transaction added: 0b6ae373-df17-43b9-8f38-34bc24a5586b <- TX(4)
2022-10-11 12:48:32,549 [SCMBlockDeletingService#0] DEBUG block.SCMBlockDeletingService (DatanodeDeletedBlockTransactions.java:addTransactionToDN(50)) - Transaction added: 9db450c2-c065-4fcc-a5b2-7f05d2839b90 <- TX(4)
2022-10-11 12:48:32,549 [SCMBlockDeletingService#0] DEBUG block.SCMBlockDeletingService (DatanodeDeletedBlockTransactions.java:addTransactionToDN(50)) - Transaction added: 0b6ae373-df17-43b9-8f38-34bc24a5586b <- TX(5)
2022-10-11 12:48:32,549 [SCMBlockDeletingService#0] DEBUG block.SCMBlockDeletingService (DatanodeDeletedBlockTransactions.java:addTransactionToDN(50)) - Transaction added: 9db450c2-c065-4fcc-a5b2-7f05d2839b90 <- TX(5)
2022-10-11 12:48:32,549 [SCMBlockDeletingService#0] DEBUG block.SCMBlockDeletingService (DatanodeDeletedBlockTransactions.java:addTransactionToDN(50)) - Transaction added: 9db450c2-c065-4fcc-a5b2-7f05d2839b90 <- TX(6)
2022-10-11 12:48:32,549 [SCMBlockDeletingService#0] DEBUG block.SCMBlockDeletingService (DatanodeDeletedBlockTransactions.java:addTransactionToDN(50)) - Transaction added: 0b6ae373-df17-43b9-8f38-34bc24a5586b <- TX(6)
2022-10-11 12:48:32,549 [SCMBlockDeletingService#0] DEBUG block.SCMBlockDeletingService (DatanodeDeletedBlockTransactions.java:addTransactionToDN(50)) - Transaction added: 0b6ae373-df17-43b9-8f38-34bc24a5586b <- TX(7)
2022-10-11 12:48:32,549 [SCMBlockDeletingService#0] DEBUG block.SCMBlockDeletingService (DatanodeDeletedBlockTransactions.java:addTransactionToDN(50)) - Transaction added: 9db450c2-c065-4fcc-a5b2-7f05d2839b90 <- TX(7)
2022-10-11 12:48:32,549 [SCMBlockDeletingService#0] DEBUG block.SCMBlockDeletingService (DatanodeDeletedBlockTransactions.java:addTransactionToDN(50)) - Transaction added: 0b6ae373-df17-43b9-8f38-34bc24a5586b <- TX(8)
2022-10-11 12:48:32,549 [SCMBlockDeletingService#0] DEBUG block.SCMBlockDeletingService (DatanodeDeletedBlockTransactions.java:addTransactionToDN(50)) - Transaction added: 9db450c2-c065-4fcc-a5b2-7f05d2839b90 <- TX(8)
2022-10-11 12:48:32,549 [SCMBlockDeletingService#0] DEBUG block.SCMBlockDeletingService (DatanodeDeletedBlockTransactions.java:addTransactionToDN(50)) - Transaction added: 0b6ae373-df17-43b9-8f38-34bc24a5586b <- TX(9)
2022-10-11 12:48:32,549 [SCMBlockDeletingService#0] DEBUG block.SCMBlockDeletingService (DatanodeDeletedBlockTransactions.java:addTransactionToDN(50)) - Transaction added: 9db450c2-c065-4fcc-a5b2-7f05d2839b90 <- TX(9)
2022-10-11 12:48:32,549 [SCMBlockDeletingService#0] DEBUG block.SCMBlockDeletingService (DatanodeDeletedBlockTransactions.java:addTransactionToDN(50)) - Transaction added: 9db450c2-c065-4fcc-a5b2-7f05d2839b90 <- TX(10)
2022-10-11 12:48:32,550 [SCMBlockDeletingService#0] DEBUG block.SCMBlockDeletingService (DatanodeDeletedBlockTransactions.java:addTransactionToDN(50)) - Transaction added: 0b6ae373-df17-43b9-8f38-34bc24a5586b <- TX(10)
2022-10-11 12:48:32,550 [SCMBlockDeletingService#0] DEBUG block.SCMBlockDeletingService (SCMBlockDeletingService.java:call(162)) - Added delete block command for datanode 9db450c2-c065-4fcc-a5b2-7f05d2839b90 in the queue, number of delete block transactions: 10
2022-10-11 12:48:32,550 [SCMBlockDeletingService#0] DEBUG block.SCMBlockDeletingService (SCMBlockDeletingService.java:call(162)) - Added delete block command for datanode 0b6ae373-df17-43b9-8f38-34bc24a5586b in the queue, number of delete block transactions: 10
2022-10-11 12:48:32,550 [SCMBlockDeletingService#0] INFO  block.SCMBlockDeletingService (SCMBlockDeletingService.java:call(172)) - Totally added 20 blocks to be deleted for 2 datanodes, task elapsed time: 2ms
2022-10-11 12:48:32,584 [org.apache.hadoop.ozone.container.common.statemachine.commandhandler.DeleteBlocksCommandHandler$DeleteCmdWorker@7229e508] INFO  commandhandler.DeleteBlocksCommandHandler (DeleteBlocksCommandHandler.java:processCmd(271)) - Start to delete container blocks, TXIDs=[1(0),2(0),3(0),4(0),5(0)], numOfContainers=5, numOfBlocks=5
2022-10-11 12:48:32,593 [org.apache.hadoop.ozone.container.common.statemachine.commandhandler.DeleteBlocksCommandHandler$DeleteCmdWorker@7229e508] INFO  commandhandler.DeleteBlocksCommandHandler (DeleteBlocksCommandHandler.java:processCmd(271)) - Start to delete container blocks, TXIDs=[1(0),2(0),3(0),4(0),5(0),6(0),7(0),8(0),9(0),10(0)], numOfContainers=10, numOfBlocks=10
2022-10-11 12:48:32,596 [org.apache.hadoop.ozone.container.common.statemachine.commandhandler.DeleteBlocksCommandHandler$DeleteCmdWorker@7229e508] INFO  commandhandler.DeleteBlocksCommandHandler (DeleteBlocksCommandHandler.java:processCmd(271)) - Start to delete container blocks, TXIDs=[1(6),2(6),3(6),4(6),5(6),6(3),7(3),8(3),9(3),10(3)], numOfContainers=10, numOfBlocks=10
2022-10-11 12:48:32,597 [org.apache.hadoop.ozone.container.common.statemachine.commandhandler.DeleteBlocksCommandHandler$DeleteCmdWorker@7229e508] INFO  commandhandler.DeleteBlocksCommandHandler (DeleteBlocksCommandHandler.java:processCmd(271)) - Start to delete container blocks, TXIDs=[1(6),2(6),3(6),4(6),5(6),6(3),7(3),8(3),9(3),10(3)], numOfContainers=10, numOfBlocks=10
2022-10-11 12:48:32,598 [org.apache.hadoop.ozone.container.common.statemachine.commandhandler.DeleteBlocksCommandHandler$DeleteCmdWorker@7229e508] INFO  commandhandler.DeleteBlocksCommandHandler (DeleteBlocksCommandHandler.java:processCmd(271)) - Start to delete container blocks, TXIDs=[1(12),2(12),3(12),4(12),5(12),6(9),7(9),8(9),9(9),10(9)], numOfContainers=10, numOfBlocks=10
2022-10-11 12:48:32,598 [org.apache.hadoop.ozone.container.common.statemachine.commandhandler.DeleteBlocksCommandHandler$DeleteCmdWorker@7229e508] INFO  commandhandler.DeleteBlocksCommandHandler (DeleteBlocksCommandHandler.java:processCmd(271)) - Start to delete container blocks, TXIDs=[1(12),2(12),3(12),4(12),5(12),6(9),7(9),8(9),9(9),10(9)], numOfContainers=10, numOfBlocks=10
2022-10-11 12:48:32,647 [SCMBlockDeletingService#0] DEBUG block.SCMBlockDeletingService (SCMBlockDeletingService.java:call(131)) - Running DeletedBlockTransactionScanner
2022-10-11 12:48:32,648 [SCMBlockDeletingService#0] DEBUG block.SCMBlockDeletingService (DatanodeDeletedBlockTransactions.java:addTransactionToDN(50)) - Transaction added: 0b6ae373-df17-43b9-8f38-34bc24a5586b <- TX(1)
2022-10-11 12:48:32,648 [SCMBlockDeletingService#0] DEBUG block.SCMBlockDeletingService (DatanodeDeletedBlockTransactions.java:addTransactionToDN(50)) - Transaction added: 9db450c2-c065-4fcc-a5b2-7f05d2839b90 <- TX(1)
2022-10-11 12:48:32,648 [SCMBlockDeletingService#0] DEBUG block.SCMBlockDeletingService (DatanodeDeletedBlockTransactions.java:addTransactionToDN(50)) - Transaction added: 9db450c2-c065-4fcc-a5b2-7f05d2839b90 <- TX(2)
2022-10-11 12:48:32,648 [SCMBlockDeletingService#0] DEBUG block.SCMBlockDeletingService (DatanodeDeletedBlockTransactions.java:addTransactionToDN(50)) - Transaction added: 0b6ae373-df17-43b9-8f38-34bc24a5586b <- TX(2)
2022-10-11 12:48:32,648 [SCMBlockDeletingService#0] DEBUG block.SCMBlockDeletingService (DatanodeDeletedBlockTransactions.java:addTransactionToDN(50)) - Transaction added: 9db450c2-c065-4fcc-a5b2-7f05d2839b90 <- TX(3)
2022-10-11 12:48:32,648 [SCMBlockDeletingService#0] DEBUG block.SCMBlockDeletingService (DatanodeDeletedBlockTransactions.java:addTransactionToDN(50)) - Transaction added: 0b6ae373-df17-43b9-8f38-34bc24a5586b <- TX(3)
2022-10-11 12:48:32,649 [SCMBlockDeletingService#0] DEBUG block.SCMBlockDeletingService (DatanodeDeletedBlockTransactions.java:addTransactionToDN(50)) - Transaction added: 0b6ae373-df17-43b9-8f38-34bc24a5586b <- TX(4)
2022-10-11 12:48:32,649 [SCMBlockDeletingService#0] DEBUG block.SCMBlockDeletingService (DatanodeDeletedBlockTransactions.java:addTransactionToDN(50)) - Transaction added: 9db450c2-c065-4fcc-a5b2-7f05d2839b90 <- TX(4)
2022-10-11 12:48:32,649 [SCMBlockDeletingService#0] DEBUG block.SCMBlockDeletingService (DatanodeDeletedBlockTransactions.java:addTransactionToDN(50)) - Transaction added: 0b6ae373-df17-43b9-8f38-34bc24a5586b <- TX(5)
2022-10-11 12:48:32,649 [SCMBlockDeletingService#0] DEBUG block.SCMBlockDeletingService (DatanodeDeletedBlockTransactions.java:addTransactionToDN(50)) - Transaction added: 9db450c2-c065-4fcc-a5b2-7f05d2839b90 <- TX(5)
2022-10-11 12:48:32,649 [SCMBlockDeletingService#0] DEBUG block.SCMBlockDeletingService (DatanodeDeletedBlockTransactions.java:addTransactionToDN(50)) - Transaction added: 9db450c2-c065-4fcc-a5b2-7f05d2839b90 <- TX(6)
2022-10-11 12:48:32,649 [SCMBlockDeletingService#0] DEBUG block.SCMBlockDeletingService (DatanodeDeletedBlockTransactions.java:addTransactionToDN(50)) - Transaction added: 0b6ae373-df17-43b9-8f38-34bc24a5586b <- TX(6)
2022-10-11 12:48:32,649 [SCMBlockDeletingService#0] DEBUG block.SCMBlockDeletingService (DatanodeDeletedBlockTransactions.java:addTransactionToDN(50)) - Transaction added: 0b6ae373-df17-43b9-8f38-34bc24a5586b <- TX(7)
2022-10-11 12:48:32,649 [SCMBlockDeletingService#0] DEBUG block.SCMBlockDeletingService (DatanodeDeletedBlockTransactions.java:addTransactionToDN(50)) - Transaction added: 9db450c2-c065-4fcc-a5b2-7f05d2839b90 <- TX(7)
2022-10-11 12:48:32,649 [SCMBlockDeletingService#0] DEBUG block.SCMBlockDeletingService (DatanodeDeletedBlockTransactions.java:addTransactionToDN(50)) - Transaction added: 0b6ae373-df17-43b9-8f38-34bc24a5586b <- TX(8)
2022-10-11 12:48:32,649 [SCMBlockDeletingService#0] DEBUG block.SCMBlockDeletingService (DatanodeDeletedBlockTransactions.java:addTransactionToDN(50)) - Transaction added: 9db450c2-c065-4fcc-a5b2-7f05d2839b90 <- TX(8)
2022-10-11 12:48:32,649 [SCMBlockDeletingService#0] DEBUG block.SCMBlockDeletingService (DatanodeDeletedBlockTransactions.java:addTransactionToDN(50)) - Transaction added: 0b6ae373-df17-43b9-8f38-34bc24a5586b <- TX(9)
2022-10-11 12:48:32,650 [SCMBlockDeletingService#0] DEBUG block.SCMBlockDeletingService (DatanodeDeletedBlockTransactions.java:addTransactionToDN(50)) - Transaction added: 9db450c2-c065-4fcc-a5b2-7f05d2839b90 <- TX(9)
2022-10-11 12:48:32,650 [SCMBlockDeletingService#0] DEBUG block.SCMBlockDeletingService (DatanodeDeletedBlockTransactions.java:addTransactionToDN(50)) - Transaction added: 9db450c2-c065-4fcc-a5b2-7f05d2839b90 <- TX(10)
2022-10-11 12:48:32,650 [SCMBlockDeletingService#0] DEBUG block.SCMBlockDeletingService (DatanodeDeletedBlockTransactions.java:addTransactionToDN(50)) - Transaction added: 0b6ae373-df17-43b9-8f38-34bc24a5586b <- TX(10)
2022-10-11 12:48:32,650 [SCMBlockDeletingService#0] DEBUG block.SCMBlockDeletingService (SCMBlockDeletingService.java:call(162)) - Added delete block command for datanode 9db450c2-c065-4fcc-a5b2-7f05d2839b90 in the queue, number of delete block transactions: 10
2022-10-11 12:48:32,650 [SCMBlockDeletingService#0] DEBUG block.SCMBlockDeletingService (SCMBlockDeletingService.java:call(162)) - Added delete block command for datanode 0b6ae373-df17-43b9-8f38-34bc24a5586b in the queue, number of delete block transactions: 10
2022-10-11 12:48:32,650 [SCMBlockDeletingService#0] INFO  block.SCMBlockDeletingService (SCMBlockDeletingService.java:call(172)) - Totally added 20 blocks to be deleted for 2 datanodes, task elapsed time: 2ms
2022-10-11 12:48:32,676 [BlockDeletingService#2] INFO  impl.FilePerBlockStrategy (FilePerBlockStrategy.java:deleteChunk(232)) - Deleted block file: /home/runner/work/ozone/ozone/hadoop-ozone/integration-test/target/test-dir/MiniOzoneClusterImpl-5a0413bf-988c-4d76-bc8c-b64486c0eb5e/datanode-0/data-0/containers/hdds/5a0413bf-988c-4d76-bc8c-b64486c0eb5e/current/containerDir0/10/chunks/109611004723200010.block
2022-10-11 12:48:32,676 [BlockDeletingService#3] INFO  impl.FilePerBlockStrategy (FilePerBlockStrategy.java:deleteChunk(232)) - Deleted block file: /home/runner/work/ozone/ozone/hadoop-ozone/integration-test/target/test-dir/MiniOzoneClusterImpl-5a0413bf-988c-4d76-bc8c-b64486c0eb5e/datanode-0/data-0/containers/hdds/5a0413bf-988c-4d76-bc8c-b64486c0eb5e/current/containerDir0/1/chunks/109611004723200001.block
2022-10-11 12:48:32,677 [BlockDeletingService#2] INFO  impl.FilePerBlockStrategy (FilePerBlockStrategy.java:deleteChunk(232)) - Deleted block file: /home/runner/work/ozone/ozone/hadoop-ozone/integration-test/target/test-dir/MiniOzoneClusterImpl-5a0413bf-988c-4d76-bc8c-b64486c0eb5e/datanode-0/data-0/containers/hdds/5a0413bf-988c-4d76-bc8c-b64486c0eb5e/current/containerDir0/9/chunks/109611004723200009.block
2022-10-11 12:48:32,677 [BlockDeletingService#3] INFO  impl.FilePerBlockStrategy (FilePerBlockStrategy.java:deleteChunk(232)) - Deleted block file: /home/runner/work/ozone/ozone/hadoop-ozone/integration-test/target/test-dir/MiniOzoneClusterImpl-5a0413bf-988c-4d76-bc8c-b64486c0eb5e/datanode-0/data-0/containers/hdds/5a0413bf-988c-4d76-bc8c-b64486c0eb5e/current/containerDir0/8/chunks/109611004723200008.block
2022-10-11 12:48:32,678 [BlockDeletingService#2] INFO  impl.FilePerBlockStrategy (FilePerBlockStrategy.java:deleteChunk(232)) - Deleted block file: /home/runner/work/ozone/ozone/hadoop-ozone/integration-test/target/test-dir/MiniOzoneClusterImpl-5a0413bf-988c-4d76-bc8c-b64486c0eb5e/datanode-0/data-0/containers/hdds/5a0413bf-988c-4d76-bc8c-b64486c0eb5e/current/containerDir0/7/chunks/109611004723200007.block
2022-10-11 12:48:32,678 [BlockDeletingService#3] INFO  impl.FilePerBlockStrategy (FilePerBlockStrategy.java:deleteChunk(232)) - Deleted block file: /home/runner/work/ozone/ozone/hadoop-ozone/integration-test/target/test-dir/MiniOzoneClusterImpl-5a0413bf-988c-4d76-bc8c-b64486c0eb5e/datanode-0/data-0/containers/hdds/5a0413bf-988c-4d76-bc8c-b64486c0eb5e/current/containerDir0/6/chunks/109611004723200006.block
2022-10-11 12:48:32,678 [BlockDeletingService#2] INFO  impl.FilePerBlockStrategy (FilePerBlockStrategy.java:deleteChunk(232)) - Deleted block file: /home/runner/work/ozone/ozone/hadoop-ozone/integration-test/target/test-dir/MiniOzoneClusterImpl-5a0413bf-988c-4d76-bc8c-b64486c0eb5e/datanode-0/data-0/containers/hdds/5a0413bf-988c-4d76-bc8c-b64486c0eb5e/current/containerDir0/5/chunks/109611004723200005.block
2022-10-11 12:48:32,679 [BlockDeletingService#3] INFO  impl.FilePerBlockStrategy (FilePerBlockStrategy.java:deleteChunk(232)) - Deleted block file: /home/runner/work/ozone/ozone/hadoop-ozone/integration-test/target/test-dir/MiniOzoneClusterImpl-5a0413bf-988c-4d76-bc8c-b64486c0eb5e/datanode-0/data-0/containers/hdds/5a0413bf-988c-4d76-bc8c-b64486c0eb5e/current/containerDir0/4/chunks/109611004723200004.block
2022-10-11 12:48:32,679 [BlockDeletingService#2] INFO  impl.FilePerBlockStrategy (FilePerBlockStrategy.java:deleteChunk(232)) - Deleted block file: /home/runner/work/ozone/ozone/hadoop-ozone/integration-test/target/test-dir/MiniOzoneClusterImpl-5a0413bf-988c-4d76-bc8c-b64486c0eb5e/datanode-0/data-0/containers/hdds/5a0413bf-988c-4d76-bc8c-b64486c0eb5e/current/containerDir0/3/chunks/109611004723200003.block
2022-10-11 12:48:32,681 [BlockDeletingService#3] INFO  impl.FilePerBlockStrategy (FilePerBlockStrategy.java:deleteChunk(232)) - Deleted block file: /home/runner/work/ozone/ozone/hadoop-ozone/integration-test/target/test-dir/MiniOzoneClusterImpl-5a0413bf-988c-4d76-bc8c-b64486c0eb5e/datanode-0/data-0/containers/hdds/5a0413bf-988c-4d76-bc8c-b64486c0eb5e/current/containerDir0/2/chunks/109611004723200002.block
2022-10-11 12:48:32,748 [SCMBlockDeletingService#0] DEBUG block.SCMBlockDeletingService (SCMBlockDeletingService.java:call(131)) - Running DeletedBlockTransactionScanner
2022-10-11 12:48:32,748 [SCMBlockDeletingService#0] DEBUG block.SCMBlockDeletingService (DatanodeDeletedBlockTransactions.java:addTransactionToDN(50)) - Transaction added: 0b6ae373-df17-43b9-8f38-34bc24a5586b <- TX(1)
2022-10-11 12:48:32,748 [SCMBlockDeletingService#0] DEBUG block.SCMBlockDeletingService (DatanodeDeletedBlockTransactions.java:addTransactionToDN(50)) - Transaction added: 9db450c2-c065-4fcc-a5b2-7f05d2839b90 <- TX(1)
2022-10-11 12:48:32,748 [SCMBlockDeletingService#0] DEBUG block.SCMBlockDeletingService (DatanodeDeletedBlockTransactions.java:addTransactionToDN(50)) - Transaction added: 9db450c2-c065-4fcc-a5b2-7f05d2839b90 <- TX(2)
2022-10-11 12:48:32,748 [SCMBlockDeletingService#0] DEBUG block.SCMBlockDeletingService (DatanodeDeletedBlockTransactions.java:addTransactionToDN(50)) - Transaction added: 0b6ae373-df17-43b9-8f38-34bc24a5586b <- TX(2)
2022-10-11 12:48:32,748 [SCMBlockDeletingService#0] DEBUG block.SCMBlockDeletingService (DatanodeDeletedBlockTransactions.java:addTransactionToDN(50)) - Transaction added: 9db450c2-c065-4fcc-a5b2-7f05d2839b90 <- TX(3)
2022-10-11 12:48:32,749 [SCMBlockDeletingService#0] DEBUG block.SCMBlockDeletingService (DatanodeDeletedBlockTransactions.java:addTransactionToDN(50)) - Transaction added: 0b6ae373-df17-43b9-8f38-34bc24a5586b <- TX(3)
2022-10-11 12:48:32,749 [SCMBlockDeletingService#0] DEBUG block.SCMBlockDeletingService (DatanodeDeletedBlockTransactions.java:addTransactionToDN(50)) - Transaction added: 0b6ae373-df17-43b9-8f38-34bc24a5586b <- TX(4)
2022-10-11 12:48:32,749 [SCMBlockDeletingService#0] DEBUG block.SCMBlockDeletingService (DatanodeDeletedBlockTransactions.java:addTransactionToDN(50)) - Transaction added: 9db450c2-c065-4fcc-a5b2-7f05d2839b90 <- TX(4)
2022-10-11 12:48:32,749 [SCMBlockDeletingService#0] DEBUG block.SCMBlockDeletingService (DatanodeDeletedBlockTransactions.java:addTransactionToDN(50)) - Transaction added: 0b6ae373-df17-43b9-8f38-34bc24a5586b <- TX(5)
2022-10-11 12:48:32,749 [SCMBlockDeletingService#0] DEBUG block.SCMBlockDeletingService (DatanodeDeletedBlockTransactions.java:addTransactionToDN(50)) - Transaction added: 9db450c2-c065-4fcc-a5b2-7f05d2839b90 <- TX(5)
2022-10-11 12:48:32,749 [SCMBlockDeletingService#0] DEBUG block.SCMBlockDeletingService (DatanodeDeletedBlockTransactions.java:addTransactionToDN(50)) - Transaction added: 9db450c2-c065-4fcc-a5b2-7f05d2839b90 <- TX(6)
2022-10-11 12:48:32,749 [SCMBlockDeletingService#0] DEBUG block.SCMBlockDeletingService (DatanodeDeletedBlockTransactions.java:addTransactionToDN(50)) - Transaction added: 0b6ae373-df17-43b9-8f38-34bc24a5586b <- TX(6)
2022-10-11 12:48:32,749 [SCMBlockDeletingService#0] DEBUG block.SCMBlockDeletingService (DatanodeDeletedBlockTransactions.java:addTransactionToDN(50)) - Transaction added: 0b6ae373-df17-43b9-8f38-34bc24a5586b <- TX(7)
2022-10-11 12:48:32,749 [SCMBlockDeletingService#0] DEBUG block.SCMBlockDeletingService (DatanodeDeletedBlockTransactions.java:addTransactionToDN(50)) - Transaction added: 9db450c2-c065-4fcc-a5b2-7f05d2839b90 <- TX(7)
2022-10-11 12:48:32,749 [SCMBlockDeletingService#0] DEBUG block.SCMBlockDeletingService (DatanodeDeletedBlockTransactions.java:addTransactionToDN(50)) - Transaction added: 0b6ae373-df17-43b9-8f38-34bc24a5586b <- TX(8)
2022-10-11 12:48:32,750 [SCMBlockDeletingService#0] DEBUG block.SCMBlockDeletingService (DatanodeDeletedBlockTransactions.java:addTransactionToDN(50)) - Transaction added: 9db450c2-c065-4fcc-a5b2-7f05d2839b90 <- TX(8)
2022-10-11 12:48:32,750 [SCMBlockDeletingService#0] DEBUG block.SCMBlockDeletingService (DatanodeDeletedBlockTransactions.java:addTransactionToDN(50)) - Transaction added: 0b6ae373-df17-43b9-8f38-34bc24a5586b <- TX(9)
2022-10-11 12:48:32,750 [SCMBlockDeletingService#0] DEBUG block.SCMBlockDeletingService (DatanodeDeletedBlockTransactions.java:addTransactionToDN(50)) - Transaction added: 9db450c2-c065-4fcc-a5b2-7f05d2839b90 <- TX(9)
2022-10-11 12:48:32,750 [SCMBlockDeletingService#0] DEBUG block.SCMBlockDeletingService (DatanodeDeletedBlockTransactions.java:addTransactionToDN(50)) - Transaction added: 9db450c2-c065-4fcc-a5b2-7f05d2839b90 <- TX(10)
2022-10-11 12:48:32,750 [SCMBlockDeletingService#0] DEBUG block.SCMBlockDeletingService (DatanodeDeletedBlockTransactions.java:addTransactionToDN(50)) - Transaction added: 0b6ae373-df17-43b9-8f38-34bc24a5586b <- TX(10)
2022-10-11 12:48:32,750 [SCMBlockDeletingService#0] DEBUG block.SCMBlockDeletingService (SCMBlockDeletingService.java:call(162)) - Added delete block command for datanode 9db450c2-c065-4fcc-a5b2-7f05d2839b90 in the queue, number of delete block transactions: 10
2022-10-11 12:48:32,750 [SCMBlockDeletingService#0] DEBUG block.SCMBlockDeletingService (SCMBlockDeletingService.java:call(162)) - Added delete block command for datanode 0b6ae373-df17-43b9-8f38-34bc24a5586b in the queue, number of delete block transactions: 10
2022-10-11 12:48:32,750 [SCMBlockDeletingService#0] INFO  block.SCMBlockDeletingService (SCMBlockDeletingService.java:call(172)) - Totally added 20 blocks to be deleted for 2 datanodes, task elapsed time: 3ms
2022-10-11 12:48:32,802 [EventQueue-DeleteBlockStatusForDeletedBlockLogImpl] DEBUG block.DeletedBlockLogImpl (DeletedBlockLogImpl.java:isTransactionFailed(303)) - Got block deletion ACK from datanode, TXIDs=1, success=true
2022-10-11 12:48:32,802 [EventQueue-DeleteBlockStatusForDeletedBlockLogImpl] DEBUG block.DeletedBlockLogImpl (DeletedBlockLogImpl.java:commitTransactions(281)) - Datanode txId=1 containerId=#1 committed by dnId=9db450c2-c065-4fcc-a5b2-7f05d2839b90
2022-10-11 12:48:32,802 [EventQueue-DeleteBlockStatusForDeletedBlockLogImpl] DEBUG block.DeletedBlockLogImpl (DeletedBlockLogImpl.java:isTransactionFailed(303)) - Got block deletion ACK from datanode, TXIDs=2, success=true
2022-10-11 12:48:32,803 [EventQueue-DeleteBlockStatusForDeletedBlockLogImpl] DEBUG block.DeletedBlockLogImpl (DeletedBlockLogImpl.java:commitTransactions(281)) - Datanode txId=2 containerId=#2 committed by dnId=9db450c2-c065-4fcc-a5b2-7f05d2839b90
2022-10-11 12:48:32,803 [EventQueue-DeleteBlockStatusForDeletedBlockLogImpl] DEBUG block.DeletedBlockLogImpl (DeletedBlockLogImpl.java:isTransactionFailed(303)) - Got block deletion ACK from datanode, TXIDs=3, success=true
2022-10-11 12:48:32,803 [EventQueue-DeleteBlockStatusForDeletedBlockLogImpl] DEBUG block.DeletedBlockLogImpl (DeletedBlockLogImpl.java:commitTransactions(281)) - Datanode txId=3 containerId=#3 committed by dnId=9db450c2-c065-4fcc-a5b2-7f05d2839b90
2022-10-11 12:48:32,803 [EventQueue-DeleteBlockStatusForDeletedBlockLogImpl] DEBUG block.DeletedBlockLogImpl (DeletedBlockLogImpl.java:isTransactionFailed(303)) - Got block deletion ACK from datanode, TXIDs=4, success=true
2022-10-11 12:48:32,803 [EventQueue-DeleteBlockStatusForDeletedBlockLogImpl] DEBUG block.DeletedBlockLogImpl (DeletedBlockLogImpl.java:commitTransactions(281)) - Datanode txId=4 containerId=#4 committed by dnId=9db450c2-c065-4fcc-a5b2-7f05d2839b90
2022-10-11 12:48:32,803 [EventQueue-DeleteBlockStatusForDeletedBlockLogImpl] DEBUG block.DeletedBlockLogImpl (DeletedBlockLogImpl.java:isTransactionFailed(303)) - Got block deletion ACK from datanode, TXIDs=5, success=true
2022-10-11 12:48:32,803 [EventQueue-DeleteBlockStatusForDeletedBlockLogImpl] DEBUG block.DeletedBlockLogImpl (DeletedBlockLogImpl.java:commitTransactions(281)) - Datanode txId=5 containerId=#5 committed by dnId=9db450c2-c065-4fcc-a5b2-7f05d2839b90
2022-10-11 12:48:32,803 [EventQueue-DeleteBlockStatusForDeletedBlockLogImpl] DEBUG block.DeletedBlockLogImpl (DeletedBlockLogImpl.java:isTransactionFailed(303)) - Got block deletion ACK from datanode, TXIDs=1, success=true
2022-10-11 12:48:32,803 [EventQueue-DeleteBlockStatusForDeletedBlockLogImpl] DEBUG block.DeletedBlockLogImpl (DeletedBlockLogImpl.java:commitTransactions(281)) - Datanode txId=1 containerId=#1 committed by dnId=9db450c2-c065-4fcc-a5b2-7f05d2839b90
2022-10-11 12:48:32,803 [EventQueue-DeleteBlockStatusForDeletedBlockLogImpl] DEBUG block.DeletedBlockLogImpl (DeletedBlockLogImpl.java:isTransactionFailed(303)) - Got block deletion ACK from datanode, TXIDs=2, success=true
2022-10-11 12:48:32,803 [EventQueue-DeleteBlockStatusForDeletedBlockLogImpl] DEBUG block.DeletedBlockLogImpl (DeletedBlockLogImpl.java:commitTransactions(281)) - Datanode txId=2 containerId=#2 committed by dnId=9db450c2-c065-4fcc-a5b2-7f05d2839b90
2022-10-11 12:48:32,803 [EventQueue-DeleteBlockStatusForDeletedBlockLogImpl] DEBUG block.DeletedBlockLogImpl (DeletedBlockLogImpl.java:isTransactionFailed(303)) - Got block deletion ACK from datanode, TXIDs=3, success=true
2022-10-11 12:48:32,803 [EventQueue-DeleteBlockStatusForDeletedBlockLogImpl] DEBUG block.DeletedBlockLogImpl (DeletedBlockLogImpl.java:commitTransactions(281)) - Datanode txId=3 containerId=#3 committed by dnId=9db450c2-c065-4fcc-a5b2-7f05d2839b90
2022-10-11 12:48:32,803 [EventQueue-DeleteBlockStatusForDeletedBlockLogImpl] DEBUG block.DeletedBlockLogImpl (DeletedBlockLogImpl.java:isTransactionFailed(303)) - Got block deletion ACK from datanode, TXIDs=4, success=true
2022-10-11 12:48:32,803 [EventQueue-DeleteBlockStatusForDeletedBlockLogImpl] DEBUG block.DeletedBlockLogImpl (DeletedBlockLogImpl.java:commitTransactions(281)) - Datanode txId=4 containerId=#4 committed by dnId=9db450c2-c065-4fcc-a5b2-7f05d2839b90
2022-10-11 12:48:32,803 [EventQueue-DeleteBlockStatusForDeletedBlockLogImpl] DEBUG block.DeletedBlockLogImpl (DeletedBlockLogImpl.java:isTransactionFailed(303)) - Got block deletion ACK from datanode, TXIDs=5, success=true
2022-10-11 12:48:32,803 [EventQueue-DeleteBlockStatusForDeletedBlockLogImpl] DEBUG block.DeletedBlockLogImpl (DeletedBlockLogImpl.java:commitTransactions(281)) - Datanode txId=5 containerId=#5 committed by dnId=9db450c2-c065-4fcc-a5b2-7f05d2839b90
2022-10-11 12:48:32,804 [EventQueue-DeleteBlockStatusForDeletedBlockLogImpl] DEBUG block.DeletedBlockLogImpl (DeletedBlockLogImpl.java:isTransactionFailed(303)) - Got block deletion ACK from datanode, TXIDs=6, success=true
2022-10-11 12:48:32,804 [EventQueue-DeleteBlockStatusForDeletedBlockLogImpl] DEBUG block.DeletedBlockLogImpl (DeletedBlockLogImpl.java:commitTransactions(281)) - Datanode txId=6 containerId=#6 committed by dnId=9db450c2-c065-4fcc-a5b2-7f05d2839b90
2022-10-11 12:48:32,804 [EventQueue-DeleteBlockStatusForDeletedBlockLogImpl] DEBUG block.DeletedBlockLogImpl (DeletedBlockLogImpl.java:isTransactionFailed(303)) - Got block deletion ACK from datanode, TXIDs=7, success=true
2022-10-11 12:48:32,804 [EventQueue-DeleteBlockStatusForDeletedBlockLogImpl] DEBUG block.DeletedBlockLogImpl (DeletedBlockLogImpl.java:commitTransactions(281)) - Datanode txId=7 containerId=#7 committed by dnId=9db450c2-c065-4fcc-a5b2-7f05d2839b90
2022-10-11 12:48:32,804 [EventQueue-DeleteBlockStatusForDeletedBlockLogImpl] DEBUG block.DeletedBlockLogImpl (DeletedBlockLogImpl.java:isTransactionFailed(303)) - Got block deletion ACK from datanode, TXIDs=8, success=true
2022-10-11 12:48:32,804 [EventQueue-DeleteBlockStatusForDeletedBlockLogImpl] DEBUG block.DeletedBlockLogImpl (DeletedBlockLogImpl.java:commitTransactions(281)) - Datanode txId=8 containerId=#8 committed by dnId=9db450c2-c065-4fcc-a5b2-7f05d2839b90
2022-10-11 12:48:32,804 [EventQueue-DeleteBlockStatusForDeletedBlockLogImpl] DEBUG block.DeletedBlockLogImpl (DeletedBlockLogImpl.java:isTransactionFailed(303)) - Got block deletion ACK from datanode, TXIDs=9, success=true
2022-10-11 12:48:32,804 [EventQueue-DeleteBlockStatusForDeletedBlockLogImpl] DEBUG block.DeletedBlockLogImpl (DeletedBlockLogImpl.java:commitTransactions(281)) - Datanode txId=9 containerId=#9 committed by dnId=9db450c2-c065-4fcc-a5b2-7f05d2839b90
2022-10-11 12:48:32,804 [EventQueue-DeleteBlockStatusForDeletedBlockLogImpl] DEBUG block.DeletedBlockLogImpl (DeletedBlockLogImpl.java:isTransactionFailed(303)) - Got block deletion ACK from datanode, TXIDs=10, success=true
2022-10-11 12:48:32,804 [EventQueue-DeleteBlockStatusForDeletedBlockLogImpl] DEBUG block.DeletedBlockLogImpl (DeletedBlockLogImpl.java:commitTransactions(281)) - Datanode txId=10 containerId=#10 committed by dnId=9db450c2-c065-4fcc-a5b2-7f05d2839b90
2022-10-11 12:48:32,804 [EventQueue-DeleteBlockStatusForDeletedBlockLogImpl] DEBUG block.DeletedBlockLogImpl (DeletedBlockLogImpl.java:isTransactionFailed(303)) - Got block deletion ACK from datanode, TXIDs=1, success=true
2022-10-11 12:48:32,804 [EventQueue-DeleteBlockStatusForDeletedBlockLogImpl] DEBUG block.DeletedBlockLogImpl (DeletedBlockLogImpl.java:commitTransactions(281)) - Datanode txId=1 containerId=#1 committed by dnId=9db450c2-c065-4fcc-a5b2-7f05d2839b90
2022-10-11 12:48:32,804 [EventQueue-DeleteBlockStatusForDeletedBlockLogImpl] DEBUG block.DeletedBlockLogImpl (DeletedBlockLogImpl.java:isTransactionFailed(303)) - Got block deletion ACK from datanode, TXIDs=2, success=true
2022-10-11 12:48:32,804 [EventQueue-DeleteBlockStatusForDeletedBlockLogImpl] DEBUG block.DeletedBlockLogImpl (DeletedBlockLogImpl.java:commitTransactions(281)) - Datanode txId=2 containerId=#2 committed by dnId=9db450c2-c065-4fcc-a5b2-7f05d2839b90
2022-10-11 12:48:32,804 [EventQueue-DeleteBlockStatusForDeletedBlockLogImpl] DEBUG block.DeletedBlockLogImpl (DeletedBlockLogImpl.java:isTransactionFailed(303)) - Got block deletion ACK from datanode, TXIDs=3, success=true
2022-10-11 12:48:32,804 [EventQueue-DeleteBlockStatusForDeletedBlockLogImpl] DEBUG block.DeletedBlockLogImpl (DeletedBlockLogImpl.java:commitTransactions(281)) - Datanode txId=3 containerId=#3 committed by dnId=9db450c2-c065-4fcc-a5b2-7f05d2839b90
2022-10-11 12:48:32,804 [EventQueue-DeleteBlockStatusForDeletedBlockLogImpl] DEBUG block.DeletedBlockLogImpl (DeletedBlockLogImpl.java:isTransactionFailed(303)) - Got block deletion ACK from datanode, TXIDs=4, success=true
2022-10-11 12:48:32,804 [EventQueue-DeleteBlockStatusForDeletedBlockLogImpl] DEBUG block.DeletedBlockLogImpl (DeletedBlockLogImpl.java:commitTransactions(281)) - Datanode txId=4 containerId=#4 committed by dnId=9db450c2-c065-4fcc-a5b2-7f05d2839b90
2022-10-11 12:48:32,805 [EventQueue-DeleteBlockStatusForDeletedBlockLogImpl] DEBUG block.DeletedBlockLogImpl (DeletedBlockLogImpl.java:isTransactionFailed(303)) - Got block deletion ACK from datanode, TXIDs=5, success=true
2022-10-11 12:48:32,805 [EventQueue-DeleteBlockStatusForDeletedBlockLogImpl] DEBUG block.DeletedBlockLogImpl (DeletedBlockLogImpl.java:commitTransactions(281)) - Datanode txId=5 containerId=#5 committed by dnId=9db450c2-c065-4fcc-a5b2-7f05d2839b90
2022-10-11 12:48:32,805 [EventQueue-DeleteBlockStatusForDeletedBlockLogImpl] DEBUG block.DeletedBlockLogImpl (DeletedBlockLogImpl.java:isTransactionFailed(303)) - Got block deletion ACK from datanode, TXIDs=6, success=true
2022-10-11 12:48:32,805 [EventQueue-DeleteBlockStatusForDeletedBlockLogImpl] DEBUG block.DeletedBlockLogImpl (DeletedBlockLogImpl.java:commitTransactions(281)) - Datanode txId=6 containerId=#6 committed by dnId=9db450c2-c065-4fcc-a5b2-7f05d2839b90
2022-10-11 12:48:32,805 [EventQueue-DeleteBlockStatusForDeletedBlockLogImpl] DEBUG block.DeletedBlockLogImpl (DeletedBlockLogImpl.java:isTransactionFailed(303)) - Got block deletion ACK from datanode, TXIDs=7, success=true
2022-10-11 12:48:32,805 [EventQueue-DeleteBlockStatusForDeletedBlockLogImpl] DEBUG block.DeletedBlockLogImpl (DeletedBlockLogImpl.java:commitTransactions(281)) - Datanode txId=7 containerId=#7 committed by dnId=9db450c2-c065-4fcc-a5b2-7f05d2839b90
2022-10-11 12:48:32,805 [EventQueue-DeleteBlockStatusForDeletedBlockLogImpl] DEBUG block.DeletedBlockLogImpl (DeletedBlockLogImpl.java:isTransactionFailed(303)) - Got block deletion ACK from datanode, TXIDs=8, success=true
2022-10-11 12:48:32,805 [EventQueue-DeleteBlockStatusForDeletedBlockLogImpl] DEBUG block.DeletedBlockLogImpl (DeletedBlockLogImpl.java:commitTransactions(281)) - Datanode txId=8 containerId=#8 committed by dnId=9db450c2-c065-4fcc-a5b2-7f05d2839b90
2022-10-11 12:48:32,805 [EventQueue-DeleteBlockStatusForDeletedBlockLogImpl] DEBUG block.DeletedBlockLogImpl (DeletedBlockLogImpl.java:isTransactionFailed(303)) - Got block deletion ACK from datanode, TXIDs=9, success=true
2022-10-11 12:48:32,805 [EventQueue-DeleteBlockStatusForDeletedBlockLogImpl] DEBUG block.DeletedBlockLogImpl (DeletedBlockLogImpl.java:commitTransactions(281)) - Datanode txId=9 containerId=#9 committed by dnId=9db450c2-c065-4fcc-a5b2-7f05d2839b90
2022-10-11 12:48:32,805 [EventQueue-DeleteBlockStatusForDeletedBlockLogImpl] DEBUG block.DeletedBlockLogImpl (DeletedBlockLogImpl.java:isTransactionFailed(303)) - Got block deletion ACK from datanode, TXIDs=10, success=true
2022-10-11 12:48:32,806 [EventQueue-DeleteBlockStatusForDeletedBlockLogImpl] DEBUG block.DeletedBlockLogImpl (DeletedBlockLogImpl.java:commitTransactions(281)) - Datanode txId=10 containerId=#10 committed by dnId=9db450c2-c065-4fcc-a5b2-7f05d2839b90
2022-10-11 12:48:32,806 [EventQueue-DeleteBlockStatusForDeletedBlockLogImpl] DEBUG block.DeletedBlockLogImpl (DeletedBlockLogImpl.java:isTransactionFailed(303)) - Got block deletion ACK from datanode, TXIDs=1, success=true
2022-10-11 12:48:32,806 [EventQueue-DeleteBlockStatusForDeletedBlockLogImpl] DEBUG block.DeletedBlockLogImpl (DeletedBlockLogImpl.java:commitTransactions(281)) - Datanode txId=1 containerId=#1 committed by dnId=9db450c2-c065-4fcc-a5b2-7f05d2839b90
2022-10-11 12:48:32,806 [EventQueue-DeleteBlockStatusForDeletedBlockLogImpl] DEBUG block.DeletedBlockLogImpl (DeletedBlockLogImpl.java:isTransactionFailed(303)) - Got block deletion ACK from datanode, TXIDs=2, success=true
2022-10-11 12:48:32,806 [EventQueue-DeleteBlockStatusForDeletedBlockLogImpl] DEBUG block.DeletedBlockLogImpl (DeletedBlockLogImpl.java:commitTransactions(281)) - Datanode txId=2 containerId=#2 committed by dnId=9db450c2-c065-4fcc-a5b2-7f05d2839b90
2022-10-11 12:48:32,806 [EventQueue-DeleteBlockStatusForDeletedBlockLogImpl] DEBUG block.DeletedBlockLogImpl (DeletedBlockLogImpl.java:isTransactionFailed(303)) - Got block deletion ACK from datanode, TXIDs=3, success=true
2022-10-11 12:48:32,806 [EventQueue-DeleteBlockStatusForDeletedBlockLogImpl] DEBUG block.DeletedBlockLogImpl (DeletedBlockLogImpl.java:commitTransactions(281)) - Datanode txId=3 containerId=#3 committed by dnId=9db450c2-c065-4fcc-a5b2-7f05d2839b90
2022-10-11 12:48:32,806 [EventQueue-DeleteBlockStatusForDeletedBlockLogImpl] DEBUG block.DeletedBlockLogImpl (DeletedBlockLogImpl.java:isTransactionFailed(303)) - Got block deletion ACK from datanode, TXIDs=4, success=true
2022-10-11 12:48:32,806 [EventQueue-DeleteBlockStatusForDeletedBlockLogImpl] DEBUG block.DeletedBlockLogImpl (DeletedBlockLogImpl.java:commitTransactions(281)) - Datanode txId=4 containerId=#4 committed by dnId=9db450c2-c065-4fcc-a5b2-7f05d2839b90
2022-10-11 12:48:32,806 [EventQueue-DeleteBlockStatusForDeletedBlockLogImpl] DEBUG block.DeletedBlockLogImpl (DeletedBlockLogImpl.java:isTransactionFailed(303)) - Got block deletion ACK from datanode, TXIDs=5, success=true
2022-10-11 12:48:32,806 [EventQueue-DeleteBlockStatusForDeletedBlockLogImpl] DEBUG block.DeletedBlockLogImpl (DeletedBlockLogImpl.java:commitTransactions(281)) - Datanode txId=5 containerId=#5 committed by dnId=9db450c2-c065-4fcc-a5b2-7f05d2839b90
2022-10-11 12:48:32,806 [EventQueue-DeleteBlockStatusForDeletedBlockLogImpl] DEBUG block.DeletedBlockLogImpl (DeletedBlockLogImpl.java:isTransactionFailed(303)) - Got block deletion ACK from datanode, TXIDs=6, success=true
2022-10-11 12:48:32,806 [EventQueue-DeleteBlockStatusForDeletedBlockLogImpl] DEBUG block.DeletedBlockLogImpl (DeletedBlockLogImpl.java:commitTransactions(281)) - Datanode txId=6 containerId=#6 committed by dnId=9db450c2-c065-4fcc-a5b2-7f05d2839b90
2022-10-11 12:48:32,806 [EventQueue-DeleteBlockStatusForDeletedBlockLogImpl] DEBUG block.DeletedBlockLogImpl (DeletedBlockLogImpl.java:isTransactionFailed(303)) - Got block deletion ACK from datanode, TXIDs=7, success=true
2022-10-11 12:48:32,806 [EventQueue-DeleteBlockStatusForDeletedBlockLogImpl] DEBUG block.DeletedBlockLogImpl (DeletedBlockLogImpl.java:commitTransactions(281)) - Datanode txId=7 containerId=#7 committed by dnId=9db450c2-c065-4fcc-a5b2-7f05d2839b90
2022-10-11 12:48:32,806 [EventQueue-DeleteBlockStatusForDeletedBlockLogImpl] DEBUG block.DeletedBlockLogImpl (DeletedBlockLogImpl.java:isTransactionFailed(303)) - Got block deletion ACK from datanode, TXIDs=8, success=true
2022-10-11 12:48:32,806 [EventQueue-DeleteBlockStatusForDeletedBlockLogImpl] DEBUG block.DeletedBlockLogImpl (DeletedBlockLogImpl.java:commitTransactions(281)) - Datanode txId=8 containerId=#8 committed by dnId=9db450c2-c065-4fcc-a5b2-7f05d2839b90
2022-10-11 12:48:32,806 [EventQueue-DeleteBlockStatusForDeletedBlockLogImpl] DEBUG block.DeletedBlockLogImpl (DeletedBlockLogImpl.java:isTransactionFailed(303)) - Got block deletion ACK from datanode, TXIDs=9, success=true
2022-10-11 12:48:32,806 [EventQueue-DeleteBlockStatusForDeletedBlockLogImpl] DEBUG block.DeletedBlockLogImpl (DeletedBlockLogImpl.java:commitTransactions(281)) - Datanode txId=9 containerId=#9 committed by dnId=9db450c2-c065-4fcc-a5b2-7f05d2839b90
2022-10-11 12:48:32,807 [EventQueue-DeleteBlockStatusForDeletedBlockLogImpl] DEBUG block.DeletedBlockLogImpl (DeletedBlockLogImpl.java:isTransactionFailed(303)) - Got block deletion ACK from datanode, TXIDs=10, success=true
2022-10-11 12:48:32,807 [EventQueue-DeleteBlockStatusForDeletedBlockLogImpl] DEBUG block.DeletedBlockLogImpl (DeletedBlockLogImpl.java:commitTransactions(281)) - Datanode txId=10 containerId=#10 committed by dnId=9db450c2-c065-4fcc-a5b2-7f05d2839b90
2022-10-11 12:48:32,807 [EventQueue-DeleteBlockStatusForDeletedBlockLogImpl] DEBUG block.DeletedBlockLogImpl (DeletedBlockLogImpl.java:isTransactionFailed(303)) - Got block deletion ACK from datanode, TXIDs=1, success=true
2022-10-11 12:48:32,807 [EventQueue-DeleteBlockStatusForDeletedBlockLogImpl] DEBUG block.DeletedBlockLogImpl (DeletedBlockLogImpl.java:commitTransactions(281)) - Datanode txId=1 containerId=#1 committed by dnId=9db450c2-c065-4fcc-a5b2-7f05d2839b90
2022-10-11 12:48:32,807 [EventQueue-DeleteBlockStatusForDeletedBlockLogImpl] DEBUG block.DeletedBlockLogImpl (DeletedBlockLogImpl.java:isTransactionFailed(303)) - Got block deletion ACK from datanode, TXIDs=2, success=true
2022-10-11 12:48:32,807 [EventQueue-DeleteBlockStatusForDeletedBlockLogImpl] DEBUG block.DeletedBlockLogImpl (DeletedBlockLogImpl.java:commitTransactions(281)) - Datanode txId=2 containerId=#2 committed by dnId=9db450c2-c065-4fcc-a5b2-7f05d2839b90
2022-10-11 12:48:32,807 [EventQueue-DeleteBlockStatusForDeletedBlockLogImpl] DEBUG block.DeletedBlockLogImpl (DeletedBlockLogImpl.java:isTransactionFailed(303)) - Got block deletion ACK from datanode, TXIDs=3, success=true
2022-10-11 12:48:32,809 [EventQueue-DeleteBlockStatusForDeletedBlockLogImpl] DEBUG block.DeletedBlockLogImpl (DeletedBlockLogImpl.java:commitTransactions(281)) - Datanode txId=3 containerId=#3 committed by dnId=9db450c2-c065-4fcc-a5b2-7f05d2839b90
2022-10-11 12:48:32,809 [EventQueue-DeleteBlockStatusForDeletedBlockLogImpl] DEBUG block.DeletedBlockLogImpl (DeletedBlockLogImpl.java:isTransactionFailed(303)) - Got block deletion ACK from datanode, TXIDs=4, success=true
2022-10-11 12:48:32,809 [EventQueue-DeleteBlockStatusForDeletedBlockLogImpl] DEBUG block.DeletedBlockLogImpl (DeletedBlockLogImpl.java:commitTransactions(281)) - Datanode txId=4 containerId=#4 committed by dnId=9db450c2-c065-4fcc-a5b2-7f05d2839b90
2022-10-11 12:48:32,809 [EventQueue-DeleteBlockStatusForDeletedBlockLogImpl] DEBUG block.DeletedBlockLogImpl (DeletedBlockLogImpl.java:isTransactionFailed(303)) - Got block deletion ACK from datanode, TXIDs=5, success=true
2022-10-11 12:48:32,809 [EventQueue-DeleteBlockStatusForDeletedBlockLogImpl] DEBUG block.DeletedBlockLogImpl (DeletedBlockLogImpl.java:commitTransactions(281)) - Datanode txId=5 containerId=#5 committed by dnId=9db450c2-c065-4fcc-a5b2-7f05d2839b90
2022-10-11 12:48:32,809 [EventQueue-DeleteBlockStatusForDeletedBlockLogImpl] DEBUG block.DeletedBlockLogImpl (DeletedBlockLogImpl.java:isTransactionFailed(303)) - Got block deletion ACK from datanode, TXIDs=6, success=true
2022-10-11 12:48:32,809 [EventQueue-DeleteBlockStatusForDeletedBlockLogImpl] DEBUG block.DeletedBlockLogImpl (DeletedBlockLogImpl.java:commitTransactions(281)) - Datanode txId=6 containerId=#6 committed by dnId=9db450c2-c065-4fcc-a5b2-7f05d2839b90
2022-10-11 12:48:32,809 [EventQueue-DeleteBlockStatusForDeletedBlockLogImpl] DEBUG block.DeletedBlockLogImpl (DeletedBlockLogImpl.java:isTransactionFailed(303)) - Got block deletion ACK from datanode, TXIDs=7, success=true
2022-10-11 12:48:32,809 [EventQueue-DeleteBlockStatusForDeletedBlockLogImpl] DEBUG block.DeletedBlockLogImpl (DeletedBlockLogImpl.java:commitTransactions(281)) - Datanode txId=7 containerId=#7 committed by dnId=9db450c2-c065-4fcc-a5b2-7f05d2839b90
2022-10-11 12:48:32,809 [EventQueue-DeleteBlockStatusForDeletedBlockLogImpl] DEBUG block.DeletedBlockLogImpl (DeletedBlockLogImpl.java:isTransactionFailed(303)) - Got block deletion ACK from datanode, TXIDs=8, success=true
2022-10-11 12:48:32,810 [EventQueue-DeleteBlockStatusForDeletedBlockLogImpl] DEBUG block.DeletedBlockLogImpl (DeletedBlockLogImpl.java:commitTransactions(281)) - Datanode txId=8 containerId=#8 committed by dnId=9db450c2-c065-4fcc-a5b2-7f05d2839b90
2022-10-11 12:48:32,810 [EventQueue-DeleteBlockStatusForDeletedBlockLogImpl] DEBUG block.DeletedBlockLogImpl (DeletedBlockLogImpl.java:isTransactionFailed(303)) - Got block deletion ACK from datanode, TXIDs=9, success=true
2022-10-11 12:48:32,810 [EventQueue-DeleteBlockStatusForDeletedBlockLogImpl] DEBUG block.DeletedBlockLogImpl (DeletedBlockLogImpl.java:commitTransactions(281)) - Datanode txId=9 containerId=#9 committed by dnId=9db450c2-c065-4fcc-a5b2-7f05d2839b90
2022-10-11 12:48:32,810 [EventQueue-DeleteBlockStatusForDeletedBlockLogImpl] DEBUG block.DeletedBlockLogImpl (DeletedBlockLogImpl.java:isTransactionFailed(303)) - Got block deletion ACK from datanode, TXIDs=10, success=true
2022-10-11 12:48:32,810 [EventQueue-DeleteBlockStatusForDeletedBlockLogImpl] DEBUG block.DeletedBlockLogImpl (DeletedBlockLogImpl.java:commitTransactions(281)) - Datanode txId=10 containerId=#10 committed by dnId=9db450c2-c065-4fcc-a5b2-7f05d2839b90
2022-10-11 12:48:32,810 [EventQueue-DeleteBlockStatusForDeletedBlockLogImpl] DEBUG block.DeletedBlockLogImpl (DeletedBlockLogImpl.java:isTransactionFailed(303)) - Got block deletion ACK from datanode, TXIDs=1, success=true
2022-10-11 12:48:32,810 [EventQueue-DeleteBlockStatusForDeletedBlockLogImpl] DEBUG block.DeletedBlockLogImpl (DeletedBlockLogImpl.java:commitTransactions(281)) - Datanode txId=1 containerId=#1 committed by dnId=9db450c2-c065-4fcc-a5b2-7f05d2839b90
2022-10-11 12:48:32,810 [EventQueue-DeleteBlockStatusForDeletedBlockLogImpl] DEBUG block.DeletedBlockLogImpl (DeletedBlockLogImpl.java:isTransactionFailed(303)) - Got block deletion ACK from datanode, TXIDs=2, success=true
2022-10-11 12:48:32,810 [EventQueue-DeleteBlockStatusForDeletedBlockLogImpl] DEBUG block.DeletedBlockLogImpl (DeletedBlockLogImpl.java:commitTransactions(281)) - Datanode txId=2 containerId=#2 committed by dnId=9db450c2-c065-4fcc-a5b2-7f05d2839b90
2022-10-11 12:48:32,810 [EventQueue-DeleteBlockStatusForDeletedBlockLogImpl] DEBUG block.DeletedBlockLogImpl (DeletedBlockLogImpl.java:isTransactionFailed(303)) - Got block deletion ACK from datanode, TXIDs=3, success=true
2022-10-11 12:48:32,810 [EventQueue-DeleteBlockStatusForDeletedBlockLogImpl] DEBUG block.DeletedBlockLogImpl (DeletedBlockLogImpl.java:commitTransactions(281)) - Datanode txId=3 containerId=#3 committed by dnId=9db450c2-c065-4fcc-a5b2-7f05d2839b90
2022-10-11 12:48:32,810 [EventQueue-DeleteBlockStatusForDeletedBlockLogImpl] DEBUG block.DeletedBlockLogImpl (DeletedBlockLogImpl.java:isTransactionFailed(303)) - Got block deletion ACK from datanode, TXIDs=4, success=true
2022-10-11 12:48:32,810 [EventQueue-DeleteBlockStatusForDeletedBlockLogImpl] DEBUG block.DeletedBlockLogImpl (DeletedBlockLogImpl.java:commitTransactions(281)) - Datanode txId=4 containerId=#4 committed by dnId=9db450c2-c065-4fcc-a5b2-7f05d2839b90
2022-10-11 12:48:32,810 [EventQueue-DeleteBlockStatusForDeletedBlockLogImpl] DEBUG block.DeletedBlockLogImpl (DeletedBlockLogImpl.java:isTransactionFailed(303)) - Got block deletion ACK from datanode, TXIDs=5, success=true
2022-10-11 12:48:32,810 [EventQueue-DeleteBlockStatusForDeletedBlockLogImpl] DEBUG block.DeletedBlockLogImpl (DeletedBlockLogImpl.java:commitTransactions(281)) - Datanode txId=5 containerId=#5 committed by dnId=9db450c2-c065-4fcc-a5b2-7f05d2839b90
2022-10-11 12:48:32,810 [EventQueue-DeleteBlockStatusForDeletedBlockLogImpl] DEBUG block.DeletedBlockLogImpl (DeletedBlockLogImpl.java:isTransactionFailed(303)) - Got block deletion ACK from datanode, TXIDs=6, success=true
2022-10-11 12:48:32,810 [EventQueue-DeleteBlockStatusForDeletedBlockLogImpl] DEBUG block.DeletedBlockLogImpl (DeletedBlockLogImpl.java:commitTransactions(281)) - Datanode txId=6 containerId=#6 committed by dnId=9db450c2-c065-4fcc-a5b2-7f05d2839b90
2022-10-11 12:48:32,810 [EventQueue-DeleteBlockStatusForDeletedBlockLogImpl] DEBUG block.DeletedBlockLogImpl (DeletedBlockLogImpl.java:isTransactionFailed(303)) - Got block deletion ACK from datanode, TXIDs=7, success=true
2022-10-11 12:48:32,811 [EventQueue-DeleteBlockStatusForDeletedBlockLogImpl] DEBUG block.DeletedBlockLogImpl (DeletedBlockLogImpl.java:commitTransactions(281)) - Datanode txId=7 containerId=#7 committed by dnId=9db450c2-c065-4fcc-a5b2-7f05d2839b90
2022-10-11 12:48:32,811 [EventQueue-DeleteBlockStatusForDeletedBlockLogImpl] DEBUG block.DeletedBlockLogImpl (DeletedBlockLogImpl.java:isTransactionFailed(303)) - Got block deletion ACK from datanode, TXIDs=8, success=true
2022-10-11 12:48:32,811 [EventQueue-DeleteBlockStatusForDeletedBlockLogImpl] DEBUG block.DeletedBlockLogImpl (DeletedBlockLogImpl.java:commitTransactions(281)) - Datanode txId=8 containerId=#8 committed by dnId=9db450c2-c065-4fcc-a5b2-7f05d2839b90
2022-10-11 12:48:32,811 [EventQueue-DeleteBlockStatusForDeletedBlockLogImpl] DEBUG block.DeletedBlockLogImpl (DeletedBlockLogImpl.java:isTransactionFailed(303)) - Got block deletion ACK from datanode, TXIDs=9, success=true
2022-10-11 12:48:32,811 [EventQueue-DeleteBlockStatusForDeletedBlockLogImpl] DEBUG block.DeletedBlockLogImpl (DeletedBlockLogImpl.java:commitTransactions(281)) - Datanode txId=9 containerId=#9 committed by dnId=9db450c2-c065-4fcc-a5b2-7f05d2839b90
2022-10-11 12:48:32,811 [EventQueue-DeleteBlockStatusForDeletedBlockLogImpl] DEBUG block.DeletedBlockLogImpl (DeletedBlockLogImpl.java:isTransactionFailed(303)) - Got block deletion ACK from datanode, TXIDs=10, success=true
2022-10-11 12:48:32,811 [EventQueue-DeleteBlockStatusForDeletedBlockLogImpl] DEBUG block.DeletedBlockLogImpl (DeletedBlockLogImpl.java:commitTransactions(281)) - Datanode txId=10 containerId=#10 committed by dnId=9db450c2-c065-4fcc-a5b2-7f05d2839b90
2022-10-11 12:48:32,848 [SCMBlockDeletingService#0] DEBUG block.SCMBlockDeletingService (SCMBlockDeletingService.java:call(131)) - Running DeletedBlockTransactionScanner
2022-10-11 12:48:32,848 [SCMBlockDeletingService#0] DEBUG block.SCMBlockDeletingService (DatanodeDeletedBlockTransactions.java:addTransactionToDN(50)) - Transaction added: 0b6ae373-df17-43b9-8f38-34bc24a5586b <- TX(1)
2022-10-11 12:48:32,848 [SCMBlockDeletingService#0] DEBUG block.SCMBlockDeletingService (DatanodeDeletedBlockTransactions.java:addTransactionToDN(50)) - Transaction added: 0b6ae373-df17-43b9-8f38-34bc24a5586b <- TX(2)
2022-10-11 12:48:32,848 [SCMBlockDeletingService#0] DEBUG block.SCMBlockDeletingService (DatanodeDeletedBlockTransactions.java:addTransactionToDN(50)) - Transaction added: 0b6ae373-df17-43b9-8f38-34bc24a5586b <- TX(3)
2022-10-11 12:48:32,849 [SCMBlockDeletingService#0] DEBUG block.SCMBlockDeletingService (DatanodeDeletedBlockTransactions.java:addTransactionToDN(50)) - Transaction added: 0b6ae373-df17-43b9-8f38-34bc24a5586b <- TX(4)
2022-10-11 12:48:32,849 [SCMBlockDeletingService#0] DEBUG block.SCMBlockDeletingService (DatanodeDeletedBlockTransactions.java:addTransactionToDN(50)) - Transaction added: 0b6ae373-df17-43b9-8f38-34bc24a5586b <- TX(5)
2022-10-11 12:48:32,849 [SCMBlockDeletingService#0] DEBUG block.SCMBlockDeletingService (DatanodeDeletedBlockTransactions.java:addTransactionToDN(50)) - Transaction added: 0b6ae373-df17-43b9-8f38-34bc24a5586b <- TX(6)
2022-10-11 12:48:32,849 [SCMBlockDeletingService#0] DEBUG block.SCMBlockDeletingService (DatanodeDeletedBlockTransactions.java:addTransactionToDN(50)) - Transaction added: 0b6ae373-df17-43b9-8f38-34bc24a5586b <- TX(7)
2022-10-11 12:48:32,849 [SCMBlockDeletingService#0] DEBUG block.SCMBlockDeletingService (DatanodeDeletedBlockTransactions.java:addTransactionToDN(50)) - Transaction added: 0b6ae373-df17-43b9-8f38-34bc24a5586b <- TX(8)
2022-10-11 12:48:32,849 [SCMBlockDeletingService#0] DEBUG block.SCMBlockDeletingService (DatanodeDeletedBlockTransactions.java:addTransactionToDN(50)) - Transaction added: 0b6ae373-df17-43b9-8f38-34bc24a5586b <- TX(9)
2022-10-11 12:48:32,849 [SCMBlockDeletingService#0] DEBUG block.SCMBlockDeletingService (DatanodeDeletedBlockTransactions.java:addTransactionToDN(50)) - Transaction added: 0b6ae373-df17-43b9-8f38-34bc24a5586b <- TX(10)
2022-10-11 12:48:32,849 [SCMBlockDeletingService#0] DEBUG block.SCMBlockDeletingService (SCMBlockDeletingService.java:call(162)) - Added delete block command for datanode 0b6ae373-df17-43b9-8f38-34bc24a5586b in the queue, number of delete block transactions: 10
2022-10-11 12:48:32,849 [SCMBlockDeletingService#0] INFO  block.SCMBlockDeletingService (SCMBlockDeletingService.java:call(172)) - Totally added 10 blocks to be deleted for 1 datanodes, task elapsed time: 2ms
2022-10-11 12:48:32,948 [SCMBlockDeletingService#0] DEBUG block.SCMBlockDeletingService (SCMBlockDeletingService.java:call(131)) - Running DeletedBlockTransactionScanner
2022-10-11 12:48:32,948 [SCMBlockDeletingService#0] DEBUG block.SCMBlockDeletingService (DatanodeDeletedBlockTransactions.java:addTransactionToDN(50)) - Transaction added: 0b6ae373-df17-43b9-8f38-34bc24a5586b <- TX(1)
2022-10-11 12:48:32,948 [SCMBlockDeletingService#0] DEBUG block.SCMBlockDeletingService (DatanodeDeletedBlockTransactions.java:addTransactionToDN(50)) - Transaction added: 0b6ae373-df17-43b9-8f38-34bc24a5586b <- TX(2)
2022-10-11 12:48:32,949 [SCMBlockDeletingService#0] DEBUG block.SCMBlockDeletingService (DatanodeDeletedBlockTransactions.java:addTransactionToDN(50)) - Transaction added: 0b6ae373-df17-43b9-8f38-34bc24a5586b <- TX(3)
2022-10-11 12:48:32,949 [SCMBlockDeletingService#0] DEBUG block.SCMBlockDeletingService (DatanodeDeletedBlockTransactions.java:addTransactionToDN(50)) - Transaction added: 0b6ae373-df17-43b9-8f38-34bc24a5586b <- TX(4)
2022-10-11 12:48:32,949 [SCMBlockDeletingService#0] DEBUG block.SCMBlockDeletingService (DatanodeDeletedBlockTransactions.java:addTransactionToDN(50)) - Transaction added: 0b6ae373-df17-43b9-8f38-34bc24a5586b <- TX(5)
2022-10-11 12:48:32,949 [SCMBlockDeletingService#0] DEBUG block.SCMBlockDeletingService (DatanodeDeletedBlockTransactions.java:addTransactionToDN(50)) - Transaction added: 0b6ae373-df17-43b9-8f38-34bc24a5586b <- TX(6)
2022-10-11 12:48:32,949 [SCMBlockDeletingService#0] DEBUG block.SCMBlockDeletingService (DatanodeDeletedBlockTransactions.java:addTransactionToDN(50)) - Transaction added: 0b6ae373-df17-43b9-8f38-34bc24a5586b <- TX(7)
2022-10-11 12:48:32,949 [SCMBlockDeletingService#0] DEBUG block.SCMBlockDeletingService (DatanodeDeletedBlockTransactions.java:addTransactionToDN(50)) - Transaction added: 0b6ae373-df17-43b9-8f38-34bc24a5586b <- TX(8)
2022-10-11 12:48:32,949 [SCMBlockDeletingService#0] DEBUG block.SCMBlockDeletingService (DatanodeDeletedBlockTransactions.java:addTransactionToDN(50)) - Transaction added: 0b6ae373-df17-43b9-8f38-34bc24a5586b <- TX(9)
2022-10-11 12:48:32,950 [SCMBlockDeletingService#0] DEBUG block.SCMBlockDeletingService (DatanodeDeletedBlockTransactions.java:addTransactionToDN(50)) - Transaction added: 0b6ae373-df17-43b9-8f38-34bc24a5586b <- TX(10)
2022-10-11 12:48:32,950 [SCMBlockDeletingService#0] DEBUG block.SCMBlockDeletingService (SCMBlockDeletingService.java:call(162)) - Added delete block command for datanode 0b6ae373-df17-43b9-8f38-34bc24a5586b in the queue, number of delete block transactions: 10
2022-10-11 12:48:32,950 [SCMBlockDeletingService#0] INFO  block.SCMBlockDeletingService (SCMBlockDeletingService.java:call(172)) - Totally added 10 blocks to be deleted for 1 datanodes, task elapsed time: 2ms
2022-10-11 12:48:33,048 [SCMBlockDeletingService#0] DEBUG block.SCMBlockDeletingService (SCMBlockDeletingService.java:call(131)) - Running DeletedBlockTransactionScanner
2022-10-11 12:48:33,048 [SCMBlockDeletingService#0] DEBUG block.SCMBlockDeletingService (DatanodeDeletedBlockTransactions.java:addTransactionToDN(50)) - Transaction added: 0b6ae373-df17-43b9-8f38-34bc24a5586b <- TX(1)
2022-10-11 12:48:33,049 [SCMBlockDeletingService#0] DEBUG block.SCMBlockDeletingService (DatanodeDeletedBlockTransactions.java:addTransactionToDN(50)) - Transaction added: 0b6ae373-df17-43b9-8f38-34bc24a5586b <- TX(2)
2022-10-11 12:48:33,049 [SCMBlockDeletingService#0] DEBUG block.SCMBlockDeletingService (DatanodeDeletedBlockTransactions.java:addTransactionToDN(50)) - Transaction added: 0b6ae373-df17-43b9-8f38-34bc24a5586b <- TX(3)
2022-10-11 12:48:33,049 [SCMBlockDeletingService#0] DEBUG block.SCMBlockDeletingService (DatanodeDeletedBlockTransactions.java:addTransactionToDN(50)) - Transaction added: 0b6ae373-df17-43b9-8f38-34bc24a5586b <- TX(4)
2022-10-11 12:48:33,049 [SCMBlockDeletingService#0] DEBUG block.SCMBlockDeletingService (DatanodeDeletedBlockTransactions.java:addTransactionToDN(50)) - Transaction added: 0b6ae373-df17-43b9-8f38-34bc24a5586b <- TX(5)
2022-10-11 12:48:33,049 [SCMBlockDeletingService#0] DEBUG block.SCMBlockDeletingService (DatanodeDeletedBlockTransactions.java:addTransactionToDN(50)) - Transaction added: 0b6ae373-df17-43b9-8f38-34bc24a5586b <- TX(6)
2022-10-11 12:48:33,049 [SCMBlockDeletingService#0] DEBUG block.SCMBlockDeletingService (DatanodeDeletedBlockTransactions.java:addTransactionToDN(50)) - Transaction added: 0b6ae373-df17-43b9-8f38-34bc24a5586b <- TX(7)
2022-10-11 12:48:33,049 [SCMBlockDeletingService#0] DEBUG block.SCMBlockDeletingService (DatanodeDeletedBlockTransactions.java:addTransactionToDN(50)) - Transaction added: 0b6ae373-df17-43b9-8f38-34bc24a5586b <- TX(8)
2022-10-11 12:48:33,049 [SCMBlockDeletingService#0] DEBUG block.SCMBlockDeletingService (DatanodeDeletedBlockTransactions.java:addTransactionToDN(50)) - Transaction added: 0b6ae373-df17-43b9-8f38-34bc24a5586b <- TX(9)
2022-10-11 12:48:33,049 [SCMBlockDeletingService#0] DEBUG block.SCMBlockDeletingService (DatanodeDeletedBlockTransactions.java:addTransactionToDN(50)) - Transaction added: 0b6ae373-df17-43b9-8f38-34bc24a5586b <- TX(10)
2022-10-11 12:48:33,050 [SCMBlockDeletingService#0] DEBUG block.SCMBlockDeletingService (SCMBlockDeletingService.java:call(162)) - Added delete block command for datanode 0b6ae373-df17-43b9-8f38-34bc24a5586b in the queue, number of delete block transactions: 10
2022-10-11 12:48:33,050 [SCMBlockDeletingService#0] INFO  block.SCMBlockDeletingService (SCMBlockDeletingService.java:call(172)) - Totally added 10 blocks to be deleted for 1 datanodes, task elapsed time: 1ms
2022-10-11 12:48:33,148 [SCMBlockDeletingService#0] DEBUG block.SCMBlockDeletingService (SCMBlockDeletingService.java:call(131)) - Running DeletedBlockTransactionScanner
2022-10-11 12:48:33,149 [SCMBlockDeletingService#0] DEBUG block.SCMBlockDeletingService (DatanodeDeletedBlockTransactions.java:addTransactionToDN(50)) - Transaction added: 0b6ae373-df17-43b9-8f38-34bc24a5586b <- TX(1)
2022-10-11 12:48:33,149 [SCMBlockDeletingService#0] DEBUG block.SCMBlockDeletingService (DatanodeDeletedBlockTransactions.java:addTransactionToDN(50)) - Transaction added: 0b6ae373-df17-43b9-8f38-34bc24a5586b <- TX(2)
2022-10-11 12:48:33,149 [SCMBlockDeletingService#0] DEBUG block.SCMBlockDeletingService (DatanodeDeletedBlockTransactions.java:addTransactionToDN(50)) - Transaction added: 0b6ae373-df17-43b9-8f38-34bc24a5586b <- TX(3)
2022-10-11 12:48:33,149 [SCMBlockDeletingService#0] DEBUG block.SCMBlockDeletingService (DatanodeDeletedBlockTransactions.java:addTransactionToDN(50)) - Transaction added: 0b6ae373-df17-43b9-8f38-34bc24a5586b <- TX(4)
2022-10-11 12:48:33,149 [SCMBlockDeletingService#0] DEBUG block.SCMBlockDeletingService (DatanodeDeletedBlockTransactions.java:addTransactionToDN(50)) - Transaction added: 0b6ae373-df17-43b9-8f38-34bc24a5586b <- TX(5)
2022-10-11 12:48:33,149 [SCMBlockDeletingService#0] DEBUG block.SCMBlockDeletingService (DatanodeDeletedBlockTransactions.java:addTransactionToDN(50)) - Transaction added: 0b6ae373-df17-43b9-8f38-34bc24a5586b <- TX(6)
2022-10-11 12:48:33,149 [SCMBlockDeletingService#0] DEBUG block.SCMBlockDeletingService (DatanodeDeletedBlockTransactions.java:addTransactionToDN(50)) - Transaction added: 0b6ae373-df17-43b9-8f38-34bc24a5586b <- TX(7)
2022-10-11 12:48:33,149 [SCMBlockDeletingService#0] DEBUG block.SCMBlockDeletingService (DatanodeDeletedBlockTransactions.java:addTransactionToDN(50)) - Transaction added: 0b6ae373-df17-43b9-8f38-34bc24a5586b <- TX(8)
2022-10-11 12:48:33,150 [SCMBlockDeletingService#0] DEBUG block.SCMBlockDeletingService (DatanodeDeletedBlockTransactions.java:addTransactionToDN(50)) - Transaction added: 0b6ae373-df17-43b9-8f38-34bc24a5586b <- TX(9)
2022-10-11 12:48:33,150 [SCMBlockDeletingService#0] DEBUG block.SCMBlockDeletingService (DatanodeDeletedBlockTransactions.java:addTransactionToDN(50)) - Transaction added: 0b6ae373-df17-43b9-8f38-34bc24a5586b <- TX(10)
2022-10-11 12:48:33,150 [SCMBlockDeletingService#0] DEBUG block.SCMBlockDeletingService (SCMBlockDeletingService.java:call(162)) - Added delete block command for datanode 0b6ae373-df17-43b9-8f38-34bc24a5586b in the queue, number of delete block transactions: 10
2022-10-11 12:48:33,150 [SCMBlockDeletingService#0] INFO  block.SCMBlockDeletingService (SCMBlockDeletingService.java:call(172)) - Totally added 10 blocks to be deleted for 1 datanodes, task elapsed time: 1ms
2022-10-11 12:48:33,238 [org.apache.hadoop.ozone.container.common.statemachine.commandhandler.DeleteBlocksCommandHandler$DeleteCmdWorker@2664d94] INFO  commandhandler.DeleteBlocksCommandHandler (DeleteBlocksCommandHandler.java:processCmd(271)) - Start to delete container blocks, TXIDs=[1(0),2(0),3(0),4(0),5(0)], numOfContainers=5, numOfBlocks=5
2022-10-11 12:48:33,240 [org.apache.hadoop.ozone.container.common.statemachine.commandhandler.DeleteBlocksCommandHandler$DeleteCmdWorker@2664d94] INFO  commandhandler.DeleteBlocksCommandHandler (DeleteBlocksCommandHandler.java:processCmd(271)) - Start to delete container blocks, TXIDs=[1(0),2(0),3(0),4(0),5(0),6(0),7(0),8(0),9(0),10(0)], numOfContainers=10, numOfBlocks=10
2022-10-11 12:48:33,242 [org.apache.hadoop.ozone.container.common.statemachine.commandhandler.DeleteBlocksCommandHandler$DeleteCmdWorker@2664d94] INFO  commandhandler.DeleteBlocksCommandHandler (DeleteBlocksCommandHandler.java:processCmd(271)) - Start to delete container blocks, TXIDs=[1(6),2(6),3(6),4(6),5(6),6(3),7(3),8(3),9(3),10(3)], numOfContainers=10, numOfBlocks=10
2022-10-11 12:48:33,243 [org.apache.hadoop.ozone.container.common.statemachine.commandhandler.DeleteBlocksCommandHandler$DeleteCmdWorker@2664d94] INFO  commandhandler.DeleteBlocksCommandHandler (DeleteBlocksCommandHandler.java:processCmd(271)) - Start to delete container blocks, TXIDs=[1(6),2(6),3(6),4(6),5(6),6(3),7(3),8(3),9(3),10(3)], numOfContainers=10, numOfBlocks=10
2022-10-11 12:48:33,243 [org.apache.hadoop.ozone.container.common.statemachine.commandhandler.DeleteBlocksCommandHandler$DeleteCmdWorker@2664d94] INFO  commandhandler.DeleteBlocksCommandHandler (DeleteBlocksCommandHandler.java:processCmd(271)) - Start to delete container blocks, TXIDs=[1(12),2(12),3(12),4(12),5(12),6(9),7(9),8(9),9(9),10(9)], numOfContainers=10, numOfBlocks=10
2022-10-11 12:48:33,243 [org.apache.hadoop.ozone.container.common.statemachine.commandhandler.DeleteBlocksCommandHandler$DeleteCmdWorker@2664d94] INFO  commandhandler.DeleteBlocksCommandHandler (DeleteBlocksCommandHandler.java:processCmd(271)) - Start to delete container blocks, TXIDs=[1(12),2(12),3(12),4(12),5(12),6(9),7(9),8(9),9(9),10(9)], numOfContainers=10, numOfBlocks=10
2022-10-11 12:48:33,244 [org.apache.hadoop.ozone.container.common.statemachine.commandhandler.DeleteBlocksCommandHandler$DeleteCmdWorker@2664d94] INFO  commandhandler.DeleteBlocksCommandHandler (DeleteBlocksCommandHandler.java:processCmd(271)) - Start to delete container blocks, TXIDs=[1(18),2(18),3(18),4(18),5(18),6(15),7(15),8(15),9(15),10(15)], numOfContainers=10, numOfBlocks=10
2022-10-11 12:48:33,244 [org.apache.hadoop.ozone.container.common.statemachine.commandhandler.DeleteBlocksCommandHandler$DeleteCmdWorker@2664d94] INFO  commandhandler.DeleteBlocksCommandHandler (DeleteBlocksCommandHandler.java:processCmd(271)) - Start to delete container blocks, TXIDs=[1(18),2(18),3(18),4(18),5(18),6(15),7(15),8(15),9(15),10(15)], numOfContainers=10, numOfBlocks=10
2022-10-11 12:48:33,245 [org.apache.hadoop.ozone.container.common.statemachine.commandhandler.DeleteBlocksCommandHandler$DeleteCmdWorker@2664d94] INFO  commandhandler.DeleteBlocksCommandHandler (DeleteBlocksCommandHandler.java:processCmd(271)) - Start to delete container blocks, TXIDs=[1(24),2(24),3(24),4(24),5(24),6(21),7(21),8(21),9(21),10(21)], numOfContainers=10, numOfBlocks=10
2022-10-11 12:48:33,245 [org.apache.hadoop.ozone.container.common.statemachine.commandhandler.DeleteBlocksCommandHandler$DeleteCmdWorker@2664d94] INFO  commandhandler.DeleteBlocksCommandHandler (DeleteBlocksCommandHandler.java:processCmd(271)) - Start to delete container blocks, TXIDs=[1(24),2(24),3(24),4(24),5(24),6(21),7(21),8(21),9(21),10(21)], numOfContainers=10, numOfBlocks=10
2022-10-11 12:48:33,245 [org.apache.hadoop.ozone.container.common.statemachine.commandhandler.DeleteBlocksCommandHandler$DeleteCmdWorker@2664d94] INFO  commandhandler.DeleteBlocksCommandHandler (DeleteBlocksCommandHandler.java:processCmd(271)) - Start to delete container blocks, TXIDs=[1(30),2(30),3(30),4(30),5(30),6(27),7(27),8(27),9(27),10(27)], numOfContainers=10, numOfBlocks=10
2022-10-11 12:48:33,245 [org.apache.hadoop.ozone.container.common.statemachine.commandhandler.DeleteBlocksCommandHandler$DeleteCmdWorker@2664d94] INFO  commandhandler.DeleteBlocksCommandHandler (DeleteBlocksCommandHandler.java:processCmd(271)) - Start to delete container blocks, TXIDs=[1(30),2(30),3(30),4(30),5(30),6(27),7(27),8(27),9(27),10(27)], numOfContainers=10, numOfBlocks=10
2022-10-11 12:48:33,246 [org.apache.hadoop.ozone.container.common.statemachine.commandhandler.DeleteBlocksCommandHandler$DeleteCmdWorker@2664d94] INFO  commandhandler.DeleteBlocksCommandHandler (DeleteBlocksCommandHandler.java:processCmd(271)) - Start to delete container blocks, TXIDs=[1(34),2(34),3(34),4(34),5(34),6(31),7(31),8(31),9(31),10(31)], numOfContainers=10, numOfBlocks=10
2022-10-11 12:48:33,246 [org.apache.hadoop.ozone.container.common.statemachine.commandhandler.DeleteBlocksCommandHandler$DeleteCmdWorker@2664d94] INFO  commandhandler.DeleteBlocksCommandHandler (DeleteBlocksCommandHandler.java:processCmd(271)) - Start to delete container blocks, TXIDs=[1(34),2(34),3(34),4(34),5(34),6(31),7(31),8(31),9(31),10(31)], numOfContainers=10, numOfBlocks=10
2022-10-11 12:48:33,246 [org.apache.hadoop.ozone.container.common.statemachine.commandhandler.DeleteBlocksCommandHandler$DeleteCmdWorker@2664d94] INFO  commandhandler.DeleteBlocksCommandHandler (DeleteBlocksCommandHandler.java:processCmd(271)) - Start to delete container blocks, TXIDs=[1(38),2(38),3(38),4(38),5(38),6(35),7(35),8(35),9(35),10(35)], numOfContainers=10, numOfBlocks=10
2022-10-11 12:48:33,246 [org.apache.hadoop.ozone.container.common.statemachine.commandhandler.DeleteBlocksCommandHandler$DeleteCmdWorker@2664d94] INFO  commandhandler.DeleteBlocksCommandHandler (DeleteBlocksCommandHandler.java:processCmd(271)) - Start to delete container blocks, TXIDs=[1(38),2(38),3(38),4(38),5(38),6(35),7(35),8(35),9(35),10(35)], numOfContainers=10, numOfBlocks=10
2022-10-11 12:48:33,247 [org.apache.hadoop.ozone.container.common.statemachine.commandhandler.DeleteBlocksCommandHandler$DeleteCmdWorker@2664d94] INFO  commandhandler.DeleteBlocksCommandHandler (DeleteBlocksCommandHandler.java:processCmd(271)) - Start to delete container blocks, TXIDs=[1(42),2(42),3(42),4(42),5(42),6(39),7(39),8(39),9(39),10(39)], numOfContainers=10, numOfBlocks=10
2022-10-11 12:48:33,247 [org.apache.hadoop.ozone.container.common.statemachine.commandhandler.DeleteBlocksCommandHandler$DeleteCmdWorker@2664d94] INFO  commandhandler.DeleteBlocksCommandHandler (DeleteBlocksCommandHandler.java:processCmd(271)) - Start to delete container blocks, TXIDs=[1(42),2(42),3(42),4(42),5(42),6(39),7(39),8(39),9(39),10(39)], numOfContainers=10, numOfBlocks=10
2022-10-11 12:48:33,248 [SCMBlockDeletingService#0] DEBUG block.SCMBlockDeletingService (SCMBlockDeletingService.java:call(131)) - Running DeletedBlockTransactionScanner
2022-10-11 12:48:33,249 [SCMBlockDeletingService#0] DEBUG block.SCMBlockDeletingService (DatanodeDeletedBlockTransactions.java:addTransactionToDN(50)) - Transaction added: 0b6ae373-df17-43b9-8f38-34bc24a5586b <- TX(1)
2022-10-11 12:48:33,249 [SCMBlockDeletingService#0] DEBUG block.SCMBlockDeletingService (DatanodeDeletedBlockTransactions.java:addTransactionToDN(50)) - Transaction added: 0b6ae373-df17-43b9-8f38-34bc24a5586b <- TX(2)
2022-10-11 12:48:33,249 [SCMBlockDeletingService#0] DEBUG block.SCMBlockDeletingService (DatanodeDeletedBlockTransactions.java:addTransactionToDN(50)) - Transaction added: 0b6ae373-df17-43b9-8f38-34bc24a5586b <- TX(3)
2022-10-11 12:48:33,249 [SCMBlockDeletingService#0] DEBUG block.SCMBlockDeletingService (DatanodeDeletedBlockTransactions.java:addTransactionToDN(50)) - Transaction added: 0b6ae373-df17-43b9-8f38-34bc24a5586b <- TX(4)
2022-10-11 12:48:33,249 [SCMBlockDeletingService#0] DEBUG block.SCMBlockDeletingService (DatanodeDeletedBlockTransactions.java:addTransactionToDN(50)) - Transaction added: 0b6ae373-df17-43b9-8f38-34bc24a5586b <- TX(5)
2022-10-11 12:48:33,249 [SCMBlockDeletingService#0] DEBUG block.SCMBlockDeletingService (DatanodeDeletedBlockTransactions.java:addTransactionToDN(50)) - Transaction added: 0b6ae373-df17-43b9-8f38-34bc24a5586b <- TX(6)
2022-10-11 12:48:33,249 [SCMBlockDeletingService#0] DEBUG block.SCMBlockDeletingService (DatanodeDeletedBlockTransactions.java:addTransactionToDN(50)) - Transaction added: 0b6ae373-df17-43b9-8f38-34bc24a5586b <- TX(7)
2022-10-11 12:48:33,250 [SCMBlockDeletingService#0] DEBUG block.SCMBlockDeletingService (DatanodeDeletedBlockTransactions.java:addTransactionToDN(50)) - Transaction added: 0b6ae373-df17-43b9-8f38-34bc24a5586b <- TX(8)
2022-10-11 12:48:33,250 [SCMBlockDeletingService#0] DEBUG block.SCMBlockDeletingService (DatanodeDeletedBlockTransactions.java:addTransactionToDN(50)) - Transaction added: 0b6ae373-df17-43b9-8f38-34bc24a5586b <- TX(9)
2022-10-11 12:48:33,250 [SCMBlockDeletingService#0] DEBUG block.SCMBlockDeletingService (DatanodeDeletedBlockTransactions.java:addTransactionToDN(50)) - Transaction added: 0b6ae373-df17-43b9-8f38-34bc24a5586b <- TX(10)
2022-10-11 12:48:33,250 [SCMBlockDeletingService#0] DEBUG block.SCMBlockDeletingService (SCMBlockDeletingService.java:call(162)) - Added delete block command for datanode 0b6ae373-df17-43b9-8f38-34bc24a5586b in the queue, number of delete block transactions: 10
2022-10-11 12:48:33,250 [SCMBlockDeletingService#0] INFO  block.SCMBlockDeletingService (SCMBlockDeletingService.java:call(172)) - Totally added 10 blocks to be deleted for 1 datanodes, task elapsed time: 2ms
2022-10-11 12:48:33,285 [BlockDeletingService#3] INFO  impl.FilePerBlockStrategy (FilePerBlockStrategy.java:deleteChunk(232)) - Deleted block file: /home/runner/work/ozone/ozone/hadoop-ozone/integration-test/target/test-dir/MiniOzoneClusterImpl-5a0413bf-988c-4d76-bc8c-b64486c0eb5e/datanode-1/data-0/containers/hdds/5a0413bf-988c-4d76-bc8c-b64486c0eb5e/current/containerDir0/8/chunks/109611004723200008.block
2022-10-11 12:48:33,285 [BlockDeletingService#3] INFO  impl.FilePerBlockStrategy (FilePerBlockStrategy.java:deleteChunk(232)) - Deleted block file: /home/runner/work/ozone/ozone/hadoop-ozone/integration-test/target/test-dir/MiniOzoneClusterImpl-5a0413bf-988c-4d76-bc8c-b64486c0eb5e/datanode-1/data-0/containers/hdds/5a0413bf-988c-4d76-bc8c-b64486c0eb5e/current/containerDir0/7/chunks/109611004723200007.block
2022-10-11 12:48:33,286 [BlockDeletingService#3] INFO  impl.FilePerBlockStrategy (FilePerBlockStrategy.java:deleteChunk(232)) - Deleted block file: /home/runner/work/ozone/ozone/hadoop-ozone/integration-test/target/test-dir/MiniOzoneClusterImpl-5a0413bf-988c-4d76-bc8c-b64486c0eb5e/datanode-1/data-0/containers/hdds/5a0413bf-988c-4d76-bc8c-b64486c0eb5e/current/containerDir0/6/chunks/109611004723200006.block
2022-10-11 12:48:33,286 [BlockDeletingService#3] INFO  impl.FilePerBlockStrategy (FilePerBlockStrategy.java:deleteChunk(232)) - Deleted block file: /home/runner/work/ozone/ozone/hadoop-ozone/integration-test/target/test-dir/MiniOzoneClusterImpl-5a0413bf-988c-4d76-bc8c-b64486c0eb5e/datanode-1/data-0/containers/hdds/5a0413bf-988c-4d76-bc8c-b64486c0eb5e/current/containerDir0/5/chunks/109611004723200005.block
2022-10-11 12:48:33,287 [BlockDeletingService#3] INFO  impl.FilePerBlockStrategy (FilePerBlockStrategy.java:deleteChunk(232)) - Deleted block file: /home/runner/work/ozone/ozone/hadoop-ozone/integration-test/target/test-dir/MiniOzoneClusterImpl-5a0413bf-988c-4d76-bc8c-b64486c0eb5e/datanode-1/data-0/containers/hdds/5a0413bf-988c-4d76-bc8c-b64486c0eb5e/current/containerDir0/4/chunks/109611004723200004.block
2022-10-11 12:48:33,287 [BlockDeletingService#3] INFO  impl.FilePerBlockStrategy (FilePerBlockStrategy.java:deleteChunk(232)) - Deleted block file: /home/runner/work/ozone/ozone/hadoop-ozone/integration-test/target/test-dir/MiniOzoneClusterImpl-5a0413bf-988c-4d76-bc8c-b64486c0eb5e/datanode-1/data-0/containers/hdds/5a0413bf-988c-4d76-bc8c-b64486c0eb5e/current/containerDir0/3/chunks/109611004723200003.block
2022-10-11 12:48:33,288 [BlockDeletingService#7] INFO  impl.FilePerBlockStrategy (FilePerBlockStrategy.java:deleteChunk(232)) - Deleted block file: /home/runner/work/ozone/ozone/hadoop-ozone/integration-test/target/test-dir/MiniOzoneClusterImpl-5a0413bf-988c-4d76-bc8c-b64486c0eb5e/datanode-1/data-0/containers/hdds/5a0413bf-988c-4d76-bc8c-b64486c0eb5e/current/containerDir0/10/chunks/109611004723200010.block
2022-10-11 12:48:33,288 [BlockDeletingService#3] INFO  impl.FilePerBlockStrategy (FilePerBlockStrategy.java:deleteChunk(232)) - Deleted block file: /home/runner/work/ozone/ozone/hadoop-ozone/integration-test/target/test-dir/MiniOzoneClusterImpl-5a0413bf-988c-4d76-bc8c-b64486c0eb5e/datanode-1/data-0/containers/hdds/5a0413bf-988c-4d76-bc8c-b64486c0eb5e/current/containerDir0/2/chunks/109611004723200002.block
2022-10-11 12:48:33,289 [BlockDeletingService#2] INFO  impl.FilePerBlockStrategy (FilePerBlockStrategy.java:deleteChunk(232)) - Deleted block file: /home/runner/work/ozone/ozone/hadoop-ozone/integration-test/target/test-dir/MiniOzoneClusterImpl-5a0413bf-988c-4d76-bc8c-b64486c0eb5e/datanode-1/data-0/containers/hdds/5a0413bf-988c-4d76-bc8c-b64486c0eb5e/current/containerDir0/9/chunks/109611004723200009.block
2022-10-11 12:48:33,288 [BlockDeletingService#0] INFO  impl.FilePerBlockStrategy (FilePerBlockStrategy.java:deleteChunk(232)) - Deleted block file: /home/runner/work/ozone/ozone/hadoop-ozone/integration-test/target/test-dir/MiniOzoneClusterImpl-5a0413bf-988c-4d76-bc8c-b64486c0eb5e/datanode-1/data-0/containers/hdds/5a0413bf-988c-4d76-bc8c-b64486c0eb5e/current/containerDir0/1/chunks/109611004723200001.block
2022-10-11 12:48:33,348 [SCMBlockDeletingService#0] DEBUG block.SCMBlockDeletingService (SCMBlockDeletingService.java:call(131)) - Running DeletedBlockTransactionScanner
2022-10-11 12:48:33,349 [SCMBlockDeletingService#0] DEBUG block.SCMBlockDeletingService (DatanodeDeletedBlockTransactions.java:addTransactionToDN(50)) - Transaction added: 0b6ae373-df17-43b9-8f38-34bc24a5586b <- TX(1)
2022-10-11 12:48:33,349 [SCMBlockDeletingService#0] DEBUG block.SCMBlockDeletingService (DatanodeDeletedBlockTransactions.java:addTransactionToDN(50)) - Transaction added: 0b6ae373-df17-43b9-8f38-34bc24a5586b <- TX(2)
2022-10-11 12:48:33,349 [SCMBlockDeletingService#0] DEBUG block.SCMBlockDeletingService (DatanodeDeletedBlockTransactions.java:addTransactionToDN(50)) - Transaction added: 0b6ae373-df17-43b9-8f38-34bc24a5586b <- TX(3)
2022-10-11 12:48:33,349 [SCMBlockDeletingService#0] DEBUG block.SCMBlockDeletingService (DatanodeDeletedBlockTransactions.java:addTransactionToDN(50)) - Transaction added: 0b6ae373-df17-43b9-8f38-34bc24a5586b <- TX(4)
2022-10-11 12:48:33,350 [SCMBlockDeletingService#0] DEBUG block.SCMBlockDeletingService (DatanodeDeletedBlockTransactions.java:addTransactionToDN(50)) - Transaction added: 0b6ae373-df17-43b9-8f38-34bc24a5586b <- TX(5)
2022-10-11 12:48:33,350 [SCMBlockDeletingService#0] DEBUG block.SCMBlockDeletingService (DatanodeDeletedBlockTransactions.java:addTransactionToDN(50)) - Transaction added: 0b6ae373-df17-43b9-8f38-34bc24a5586b <- TX(6)
2022-10-11 12:48:33,350 [SCMBlockDeletingService#0] DEBUG block.SCMBlockDeletingService (DatanodeDeletedBlockTransactions.java:addTransactionToDN(50)) - Transaction added: 0b6ae373-df17-43b9-8f38-34bc24a5586b <- TX(7)
2022-10-11 12:48:33,350 [SCMBlockDeletingService#0] DEBUG block.SCMBlockDeletingService (DatanodeDeletedBlockTransactions.java:addTransactionToDN(50)) - Transaction added: 0b6ae373-df17-43b9-8f38-34bc24a5586b <- TX(8)
2022-10-11 12:48:33,350 [SCMBlockDeletingService#0] DEBUG block.SCMBlockDeletingService (DatanodeDeletedBlockTransactions.java:addTransactionToDN(50)) - Transaction added: 0b6ae373-df17-43b9-8f38-34bc24a5586b <- TX(9)
2022-10-11 12:48:33,350 [SCMBlockDeletingService#0] DEBUG block.SCMBlockDeletingService (DatanodeDeletedBlockTransactions.java:addTransactionToDN(50)) - Transaction added: 0b6ae373-df17-43b9-8f38-34bc24a5586b <- TX(10)
2022-10-11 12:48:33,350 [SCMBlockDeletingService#0] DEBUG block.SCMBlockDeletingService (SCMBlockDeletingService.java:call(162)) - Added delete block command for datanode 0b6ae373-df17-43b9-8f38-34bc24a5586b in the queue, number of delete block transactions: 10
2022-10-11 12:48:33,351 [SCMBlockDeletingService#0] INFO  block.SCMBlockDeletingService (SCMBlockDeletingService.java:call(172)) - Totally added 10 blocks to be deleted for 1 datanodes, task elapsed time: 2ms
2022-10-11 12:48:33,412 [EventQueue-DeleteBlockStatusForDeletedBlockLogImpl] DEBUG block.DeletedBlockLogImpl (DeletedBlockLogImpl.java:isTransactionFailed(303)) - Got block deletion ACK from datanode, TXIDs=1, success=true
2022-10-11 12:48:33,413 [EventQueue-DeleteBlockStatusForDeletedBlockLogImpl] DEBUG block.DeletedBlockLogImpl (DeletedBlockLogImpl.java:commitTransactions(275)) - Purging txId=1 from block deletion log
2022-10-11 12:48:33,413 [EventQueue-DeleteBlockStatusForDeletedBlockLogImpl] DEBUG block.DeletedBlockLogImpl (DeletedBlockLogImpl.java:commitTransactions(281)) - Datanode txId=1 containerId=#1 committed by dnId=0b6ae373-df17-43b9-8f38-34bc24a5586b
2022-10-11 12:48:33,413 [EventQueue-DeleteBlockStatusForDeletedBlockLogImpl] DEBUG block.DeletedBlockLogImpl (DeletedBlockLogImpl.java:isTransactionFailed(303)) - Got block deletion ACK from datanode, TXIDs=2, success=true
2022-10-11 12:48:33,413 [EventQueue-DeleteBlockStatusForDeletedBlockLogImpl] DEBUG block.DeletedBlockLogImpl (DeletedBlockLogImpl.java:commitTransactions(275)) - Purging txId=2 from block deletion log
2022-10-11 12:48:33,413 [EventQueue-DeleteBlockStatusForDeletedBlockLogImpl] DEBUG block.DeletedBlockLogImpl (DeletedBlockLogImpl.java:commitTransactions(281)) - Datanode txId=2 containerId=#2 committed by dnId=0b6ae373-df17-43b9-8f38-34bc24a5586b
2022-10-11 12:48:33,413 [EventQueue-DeleteBlockStatusForDeletedBlockLogImpl] DEBUG block.DeletedBlockLogImpl (DeletedBlockLogImpl.java:isTransactionFailed(303)) - Got block deletion ACK from datanode, TXIDs=3, success=true
2022-10-11 12:48:33,413 [EventQueue-DeleteBlockStatusForDeletedBlockLogImpl] DEBUG block.DeletedBlockLogImpl (DeletedBlockLogImpl.java:commitTransactions(275)) - Purging txId=3 from block deletion log
2022-10-11 12:48:33,413 [EventQueue-DeleteBlockStatusForDeletedBlockLogImpl] DEBUG block.DeletedBlockLogImpl (DeletedBlockLogImpl.java:commitTransactions(281)) - Datanode txId=3 containerId=#3 committed by dnId=0b6ae373-df17-43b9-8f38-34bc24a5586b
2022-10-11 12:48:33,413 [EventQueue-DeleteBlockStatusForDeletedBlockLogImpl] DEBUG block.DeletedBlockLogImpl (DeletedBlockLogImpl.java:isTransactionFailed(303)) - Got block deletion ACK from datanode, TXIDs=4, success=true
2022-10-11 12:48:33,413 [EventQueue-DeleteBlockStatusForDeletedBlockLogImpl] DEBUG block.DeletedBlockLogImpl (DeletedBlockLogImpl.java:commitTransactions(275)) - Purging txId=4 from block deletion log
2022-10-11 12:48:33,413 [EventQueue-DeleteBlockStatusForDeletedBlockLogImpl] DEBUG block.DeletedBlockLogImpl (DeletedBlockLogImpl.java:commitTransactions(281)) - Datanode txId=4 containerId=#4 committed by dnId=0b6ae373-df17-43b9-8f38-34bc24a5586b
2022-10-11 12:48:33,414 [EventQueue-DeleteBlockStatusForDeletedBlockLogImpl] DEBUG block.DeletedBlockLogImpl (DeletedBlockLogImpl.java:isTransactionFailed(303)) - Got block deletion ACK from datanode, TXIDs=5, success=true
2022-10-11 12:48:33,414 [EventQueue-DeleteBlockStatusForDeletedBlockLogImpl] DEBUG block.DeletedBlockLogImpl (DeletedBlockLogImpl.java:commitTransactions(275)) - Purging txId=5 from block deletion log
2022-10-11 12:48:33,414 [EventQueue-DeleteBlockStatusForDeletedBlockLogImpl] DEBUG block.DeletedBlockLogImpl (DeletedBlockLogImpl.java:commitTransactions(281)) - Datanode txId=5 containerId=#5 committed by dnId=0b6ae373-df17-43b9-8f38-34bc24a5586b
2022-10-11 12:48:33,414 [EventQueue-DeleteBlockStatusForDeletedBlockLogImpl] DEBUG block.DeletedBlockLogImpl (DeletedBlockLogImpl.java:isTransactionFailed(303)) - Got block deletion ACK from datanode, TXIDs=6, success=true
2022-10-11 12:48:33,414 [EventQueue-DeleteBlockStatusForDeletedBlockLogImpl] DEBUG block.DeletedBlockLogImpl (DeletedBlockLogImpl.java:commitTransactions(275)) - Purging txId=6 from block deletion log
2022-10-11 12:48:33,414 [EventQueue-DeleteBlockStatusForDeletedBlockLogImpl] DEBUG block.DeletedBlockLogImpl (DeletedBlockLogImpl.java:commitTransactions(281)) - Datanode txId=6 containerId=#6 committed by dnId=0b6ae373-df17-43b9-8f38-34bc24a5586b
2022-10-11 12:48:33,414 [EventQueue-DeleteBlockStatusForDeletedBlockLogImpl] DEBUG block.DeletedBlockLogImpl (DeletedBlockLogImpl.java:isTransactionFailed(303)) - Got block deletion ACK from datanode, TXIDs=7, success=true
2022-10-11 12:48:33,414 [EventQueue-DeleteBlockStatusForDeletedBlockLogImpl] DEBUG block.DeletedBlockLogImpl (DeletedBlockLogImpl.java:commitTransactions(275)) - Purging txId=7 from block deletion log
2022-10-11 12:48:33,414 [EventQueue-DeleteBlockStatusForDeletedBlockLogImpl] DEBUG block.DeletedBlockLogImpl (DeletedBlockLogImpl.java:commitTransactions(281)) - Datanode txId=7 containerId=#7 committed by dnId=0b6ae373-df17-43b9-8f38-34bc24a5586b
2022-10-11 12:48:33,414 [EventQueue-DeleteBlockStatusForDeletedBlockLogImpl] DEBUG block.DeletedBlockLogImpl (DeletedBlockLogImpl.java:isTransactionFailed(303)) - Got block deletion ACK from datanode, TXIDs=8, success=true
2022-10-11 12:48:33,414 [EventQueue-DeleteBlockStatusForDeletedBlockLogImpl] DEBUG block.DeletedBlockLogImpl (DeletedBlockLogImpl.java:commitTransactions(275)) - Purging txId=8 from block deletion log
2022-10-11 12:48:33,414 [EventQueue-DeleteBlockStatusForDeletedBlockLogImpl] DEBUG block.DeletedBlockLogImpl (DeletedBlockLogImpl.java:commitTransactions(281)) - Datanode txId=8 containerId=#8 committed by dnId=0b6ae373-df17-43b9-8f38-34bc24a5586b
2022-10-11 12:48:33,414 [EventQueue-DeleteBlockStatusForDeletedBlockLogImpl] DEBUG block.DeletedBlockLogImpl (DeletedBlockLogImpl.java:isTransactionFailed(303)) - Got block deletion ACK from datanode, TXIDs=9, success=true
2022-10-11 12:48:33,414 [EventQueue-DeleteBlockStatusForDeletedBlockLogImpl] DEBUG block.DeletedBlockLogImpl (DeletedBlockLogImpl.java:commitTransactions(275)) - Purging txId=9 from block deletion log
2022-10-11 12:48:33,414 [EventQueue-DeleteBlockStatusForDeletedBlockLogImpl] DEBUG block.DeletedBlockLogImpl (DeletedBlockLogImpl.java:commitTransactions(281)) - Datanode txId=9 containerId=#9 committed by dnId=0b6ae373-df17-43b9-8f38-34bc24a5586b
2022-10-11 12:48:33,414 [EventQueue-DeleteBlockStatusForDeletedBlockLogImpl] DEBUG block.DeletedBlockLogImpl (DeletedBlockLogImpl.java:isTransactionFailed(303)) - Got block deletion ACK from datanode, TXIDs=10, success=true
2022-10-11 12:48:33,414 [EventQueue-DeleteBlockStatusForDeletedBlockLogImpl] DEBUG block.DeletedBlockLogImpl (DeletedBlockLogImpl.java:commitTransactions(275)) - Purging txId=10 from block deletion log
2022-10-11 12:48:33,415 [EventQueue-DeleteBlockStatusForDeletedBlockLogImpl] DEBUG block.DeletedBlockLogImpl (DeletedBlockLogImpl.java:commitTransactions(281)) - Datanode txId=10 containerId=#10 committed by dnId=0b6ae373-df17-43b9-8f38-34bc24a5586b
2022-10-11 12:48:33,415 [EventQueue-DeleteBlockStatusForDeletedBlockLogImpl] DEBUG block.DeletedBlockLogImpl (DeletedBlockLogImpl.java:isTransactionFailed(303)) - Got block deletion ACK from datanode, TXIDs=1, success=true
2022-10-11 12:48:33,415 [EventQueue-DeleteBlockStatusForDeletedBlockLogImpl] DEBUG block.DeletedBlockLogImpl (DeletedBlockLogImpl.java:commitTransactions(249)) - Transaction txId=1 commit by dnId=0b6ae373-df17-43b9-8f38-34bc24a5586b for containerID=#1 failed. Corresponding entry not found.
2022-10-11 12:48:33,415 [EventQueue-DeleteBlockStatusForDeletedBlockLogImpl] DEBUG block.DeletedBlockLogImpl (DeletedBlockLogImpl.java:isTransactionFailed(303)) - Got block deletion ACK from datanode, TXIDs=2, success=true
2022-10-11 12:48:33,415 [EventQueue-DeleteBlockStatusForDeletedBlockLogImpl] DEBUG block.DeletedBlockLogImpl (DeletedBlockLogImpl.java:commitTransactions(249)) - Transaction txId=2 commit by dnId=0b6ae373-df17-43b9-8f38-34bc24a5586b for containerID=#2 failed. Corresponding entry not found.
2022-10-11 12:48:33,415 [EventQueue-DeleteBlockStatusForDeletedBlockLogImpl] DEBUG block.DeletedBlockLogImpl (DeletedBlockLogImpl.java:isTransactionFailed(303)) - Got block deletion ACK from datanode, TXIDs=3, success=true
2022-10-11 12:48:33,415 [EventQueue-DeleteBlockStatusForDeletedBlockLogImpl] DEBUG block.DeletedBlockLogImpl (DeletedBlockLogImpl.java:commitTransactions(249)) - Transaction txId=3 commit by dnId=0b6ae373-df17-43b9-8f38-34bc24a5586b for containerID=#3 failed. Corresponding entry not found.
2022-10-11 12:48:33,415 [EventQueue-DeleteBlockStatusForDeletedBlockLogImpl] DEBUG block.DeletedBlockLogImpl (DeletedBlockLogImpl.java:isTransactionFailed(303)) - Got block deletion ACK from datanode, TXIDs=4, success=true
2022-10-11 12:48:33,415 [EventQueue-DeleteBlockStatusForDeletedBlockLogImpl] DEBUG block.DeletedBlockLogImpl (DeletedBlockLogImpl.java:commitTransactions(249)) - Transaction txId=4 commit by dnId=0b6ae373-df17-43b9-8f38-34bc24a5586b for containerID=#4 failed. Corresponding entry not found.
2022-10-11 12:48:33,415 [EventQueue-DeleteBlockStatusForDeletedBlockLogImpl] DEBUG block.DeletedBlockLogImpl (DeletedBlockLogImpl.java:isTransactionFailed(303)) - Got block deletion ACK from datanode, TXIDs=5, success=true
2022-10-11 12:48:33,416 [EventQueue-DeleteBlockStatusForDeletedBlockLogImpl] DEBUG block.DeletedBlockLogImpl (DeletedBlockLogImpl.java:commitTransactions(249)) - Transaction txId=5 commit by dnId=0b6ae373-df17-43b9-8f38-34bc24a5586b for containerID=#5 failed. Corresponding entry not found.
2022-10-11 12:48:33,416 [EventQueue-DeleteBlockStatusForDeletedBlockLogImpl] DEBUG block.DeletedBlockLogImpl (DeletedBlockLogImpl.java:isTransactionFailed(303)) - Got block deletion ACK from datanode, TXIDs=6, success=true
2022-10-11 12:48:33,416 [EventQueue-DeleteBlockStatusForDeletedBlockLogImpl] DEBUG block.DeletedBlockLogImpl (DeletedBlockLogImpl.java:commitTransactions(249)) - Transaction txId=6 commit by dnId=0b6ae373-df17-43b9-8f38-34bc24a5586b for containerID=#6 failed. Corresponding entry not found.
2022-10-11 12:48:33,416 [EventQueue-DeleteBlockStatusForDeletedBlockLogImpl] DEBUG block.DeletedBlockLogImpl (DeletedBlockLogImpl.java:isTransactionFailed(303)) - Got block deletion ACK from datanode, TXIDs=7, success=true
2022-10-11 12:48:33,416 [EventQueue-DeleteBlockStatusForDeletedBlockLogImpl] DEBUG block.DeletedBlockLogImpl (DeletedBlockLogImpl.java:commitTransactions(249)) - Transaction txId=7 commit by dnId=0b6ae373-df17-43b9-8f38-34bc24a5586b for containerID=#7 failed. Corresponding entry not found.
2022-10-11 12:48:33,416 [EventQueue-DeleteBlockStatusForDeletedBlockLogImpl] DEBUG block.DeletedBlockLogImpl (DeletedBlockLogImpl.java:isTransactionFailed(303)) - Got block deletion ACK from datanode, TXIDs=8, success=true
2022-10-11 12:48:33,416 [EventQueue-DeleteBlockStatusForDeletedBlockLogImpl] DEBUG block.DeletedBlockLogImpl (DeletedBlockLogImpl.java:commitTransactions(249)) - Transaction txId=8 commit by dnId=0b6ae373-df17-43b9-8f38-34bc24a5586b for containerID=#8 failed. Corresponding entry not found.
2022-10-11 12:48:33,416 [EventQueue-DeleteBlockStatusForDeletedBlockLogImpl] DEBUG block.DeletedBlockLogImpl (DeletedBlockLogImpl.java:isTransactionFailed(303)) - Got block deletion ACK from datanode, TXIDs=9, success=true
2022-10-11 12:48:33,416 [EventQueue-DeleteBlockStatusForDeletedBlockLogImpl] DEBUG block.DeletedBlockLogImpl (DeletedBlockLogImpl.java:commitTransactions(249)) - Transaction txId=9 commit by dnId=0b6ae373-df17-43b9-8f38-34bc24a5586b for containerID=#9 failed. Corresponding entry not found.
2022-10-11 12:48:33,416 [EventQueue-DeleteBlockStatusForDeletedBlockLogImpl] DEBUG block.DeletedBlockLogImpl (DeletedBlockLogImpl.java:isTransactionFailed(303)) - Got block deletion ACK from datanode, TXIDs=10, success=true
2022-10-11 12:48:33,416 [EventQueue-DeleteBlockStatusForDeletedBlockLogImpl] DEBUG block.DeletedBlockLogImpl (DeletedBlockLogImpl.java:commitTransactions(249)) - Transaction txId=10 commit by dnId=0b6ae373-df17-43b9-8f38-34bc24a5586b for containerID=#10 failed. Corresponding entry not found.
Block deletion costs 2622ms
2022-10-11 12:48:33,419 [Listener at 127.0.0.1/38717] INFO  ozone.MiniOzoneClusterImpl (MiniOzoneClusterImpl.java:shutdown(448)) - Shutting down the Mini Ozone Cluster
2022-10-11 12:48:33,420 [Listener at 127.0.0.1/38717] INFO  ozone.MiniOzoneClusterImpl (MiniOzoneClusterImpl.java:stop(463)) - Stopping the Mini Ozone Cluster
2022-10-11 12:48:33,420 [Listener at 127.0.0.1/38717] INFO  ozone.MiniOzoneClusterImpl (MiniOzoneClusterImpl.java:stopOM(545)) - Stopping the OzoneManager
2022-10-11 12:48:33,420 [Listener at 127.0.0.1/38717] INFO  om.OzoneManager (OzoneManager.java:stop(2038)) - om1[localhost:0]: Stopping Ozone Manager
2022-10-11 12:48:33,420 [Listener at 127.0.0.1/38717] INFO  ipc.Server (Server.java:stop(3414)) - Stopping server on 38717
2022-10-11 12:48:33,421 [EventQueue-DeleteBlockStatusForDeletedBlockLogImpl] DEBUG block.DeletedBlockLogImpl (DeletedBlockLogImpl.java:isTransactionFailed(303)) - Got block deletion ACK from datanode, TXIDs=1, success=true
2022-10-11 12:48:33,421 [EventQueue-DeleteBlockStatusForDeletedBlockLogImpl] DEBUG block.DeletedBlockLogImpl (DeletedBlockLogImpl.java:commitTransactions(249)) - Transaction txId=1 commit by dnId=0b6ae373-df17-43b9-8f38-34bc24a5586b for containerID=#1 failed. Corresponding entry not found.
2022-10-11 12:48:33,421 [EventQueue-DeleteBlockStatusForDeletedBlockLogImpl] DEBUG block.DeletedBlockLogImpl (DeletedBlockLogImpl.java:isTransactionFailed(303)) - Got block deletion ACK from datanode, TXIDs=2, success=true
2022-10-11 12:48:33,421 [EventQueue-DeleteBlockStatusForDeletedBlockLogImpl] DEBUG block.DeletedBlockLogImpl (DeletedBlockLogImpl.java:commitTransactions(249)) - Transaction txId=2 commit by dnId=0b6ae373-df17-43b9-8f38-34bc24a5586b for containerID=#2 failed. Corresponding entry not found.
2022-10-11 12:48:33,421 [EventQueue-DeleteBlockStatusForDeletedBlockLogImpl] DEBUG block.DeletedBlockLogImpl (DeletedBlockLogImpl.java:isTransactionFailed(303)) - Got block deletion ACK from datanode, TXIDs=3, success=true
2022-10-11 12:48:33,421 [EventQueue-DeleteBlockStatusForDeletedBlockLogImpl] DEBUG block.DeletedBlockLogImpl (DeletedBlockLogImpl.java:commitTransactions(249)) - Transaction txId=3 commit by dnId=0b6ae373-df17-43b9-8f38-34bc24a5586b for containerID=#3 failed. Corresponding entry not found.
2022-10-11 12:48:33,421 [EventQueue-DeleteBlockStatusForDeletedBlockLogImpl] DEBUG block.DeletedBlockLogImpl (DeletedBlockLogImpl.java:isTransactionFailed(303)) - Got block deletion ACK from datanode, TXIDs=4, success=true
2022-10-11 12:48:33,421 [EventQueue-DeleteBlockStatusForDeletedBlockLogImpl] DEBUG block.DeletedBlockLogImpl (DeletedBlockLogImpl.java:commitTransactions(249)) - Transaction txId=4 commit by dnId=0b6ae373-df17-43b9-8f38-34bc24a5586b for containerID=#4 failed. Corresponding entry not found.
2022-10-11 12:48:33,421 [EventQueue-DeleteBlockStatusForDeletedBlockLogImpl] DEBUG block.DeletedBlockLogImpl (DeletedBlockLogImpl.java:isTransactionFailed(303)) - Got block deletion ACK from datanode, TXIDs=5, success=true
2022-10-11 12:48:33,421 [EventQueue-DeleteBlockStatusForDeletedBlockLogImpl] DEBUG block.DeletedBlockLogImpl (DeletedBlockLogImpl.java:commitTransactions(249)) - Transaction txId=5 commit by dnId=0b6ae373-df17-43b9-8f38-34bc24a5586b for containerID=#5 failed. Corresponding entry not found.
2022-10-11 12:48:33,421 [EventQueue-DeleteBlockStatusForDeletedBlockLogImpl] DEBUG block.DeletedBlockLogImpl (DeletedBlockLogImpl.java:isTransactionFailed(303)) - Got block deletion ACK from datanode, TXIDs=6, success=true
2022-10-11 12:48:33,421 [EventQueue-DeleteBlockStatusForDeletedBlockLogImpl] DEBUG block.DeletedBlockLogImpl (DeletedBlockLogImpl.java:commitTransactions(249)) - Transaction txId=6 commit by dnId=0b6ae373-df17-43b9-8f38-34bc24a5586b for containerID=#6 failed. Corresponding entry not found.
2022-10-11 12:48:33,423 [EventQueue-DeleteBlockStatusForDeletedBlockLogImpl] DEBUG block.DeletedBlockLogImpl (DeletedBlockLogImpl.java:isTransactionFailed(303)) - Got block deletion ACK from datanode, TXIDs=7, success=true
2022-10-11 12:48:33,426 [EventQueue-DeleteBlockStatusForDeletedBlockLogImpl] DEBUG block.DeletedBlockLogImpl (DeletedBlockLogImpl.java:commitTransactions(249)) - Transaction txId=7 commit by dnId=0b6ae373-df17-43b9-8f38-34bc24a5586b for containerID=#7 failed. Corresponding entry not found.
2022-10-11 12:48:33,426 [EventQueue-DeleteBlockStatusForDeletedBlockLogImpl] DEBUG block.DeletedBlockLogImpl (DeletedBlockLogImpl.java:isTransactionFailed(303)) - Got block deletion ACK from datanode, TXIDs=8, success=true
2022-10-11 12:48:33,427 [EventQueue-DeleteBlockStatusForDeletedBlockLogImpl] DEBUG block.DeletedBlockLogImpl (DeletedBlockLogImpl.java:commitTransactions(249)) - Transaction txId=8 commit by dnId=0b6ae373-df17-43b9-8f38-34bc24a5586b for containerID=#8 failed. Corresponding entry not found.
2022-10-11 12:48:33,427 [EventQueue-DeleteBlockStatusForDeletedBlockLogImpl] DEBUG block.DeletedBlockLogImpl (DeletedBlockLogImpl.java:isTransactionFailed(303)) - Got block deletion ACK from datanode, TXIDs=9, success=true
2022-10-11 12:48:33,427 [EventQueue-DeleteBlockStatusForDeletedBlockLogImpl] DEBUG block.DeletedBlockLogImpl (DeletedBlockLogImpl.java:commitTransactions(249)) - Transaction txId=9 commit by dnId=0b6ae373-df17-43b9-8f38-34bc24a5586b for containerID=#9 failed. Corresponding entry not found.
2022-10-11 12:48:33,427 [EventQueue-DeleteBlockStatusForDeletedBlockLogImpl] DEBUG block.DeletedBlockLogImpl (DeletedBlockLogImpl.java:isTransactionFailed(303)) - Got block deletion ACK from datanode, TXIDs=10, success=true
2022-10-11 12:48:33,427 [EventQueue-DeleteBlockStatusForDeletedBlockLogImpl] DEBUG block.DeletedBlockLogImpl (DeletedBlockLogImpl.java:commitTransactions(249)) - Transaction txId=10 commit by dnId=0b6ae373-df17-43b9-8f38-34bc24a5586b for containerID=#10 failed. Corresponding entry not found.
2022-10-11 12:48:33,427 [EventQueue-DeleteBlockStatusForDeletedBlockLogImpl] DEBUG block.DeletedBlockLogImpl (DeletedBlockLogImpl.java:isTransactionFailed(303)) - Got block deletion ACK from datanode, TXIDs=1, success=true
2022-10-11 12:48:33,427 [EventQueue-DeleteBlockStatusForDeletedBlockLogImpl] DEBUG block.DeletedBlockLogImpl (DeletedBlockLogImpl.java:commitTransactions(249)) - Transaction txId=1 commit by dnId=0b6ae373-df17-43b9-8f38-34bc24a5586b for containerID=#1 failed. Corresponding entry not found.
2022-10-11 12:48:33,428 [EventQueue-DeleteBlockStatusForDeletedBlockLogImpl] DEBUG block.DeletedBlockLogImpl (DeletedBlockLogImpl.java:isTransactionFailed(303)) - Got block deletion ACK from datanode, TXIDs=2, success=true
2022-10-11 12:48:33,429 [EventQueue-DeleteBlockStatusForDeletedBlockLogImpl] DEBUG block.DeletedBlockLogImpl (DeletedBlockLogImpl.java:commitTransactions(249)) - Transaction txId=2 commit by dnId=0b6ae373-df17-43b9-8f38-34bc24a5586b for containerID=#2 failed. Corresponding entry not found.
2022-10-11 12:48:33,429 [EventQueue-DeleteBlockStatusForDeletedBlockLogImpl] DEBUG block.DeletedBlockLogImpl (DeletedBlockLogImpl.java:isTransactionFailed(303)) - Got block deletion ACK from datanode, TXIDs=3, success=true
2022-10-11 12:48:33,429 [EventQueue-DeleteBlockStatusForDeletedBlockLogImpl] DEBUG block.DeletedBlockLogImpl (DeletedBlockLogImpl.java:commitTransactions(249)) - Transaction txId=3 commit by dnId=0b6ae373-df17-43b9-8f38-34bc24a5586b for containerID=#3 failed. Corresponding entry not found.
2022-10-11 12:48:33,429 [EventQueue-DeleteBlockStatusForDeletedBlockLogImpl] DEBUG block.DeletedBlockLogImpl (DeletedBlockLogImpl.java:isTransactionFailed(303)) - Got block deletion ACK from datanode, TXIDs=4, success=true
2022-10-11 12:48:33,429 [EventQueue-DeleteBlockStatusForDeletedBlockLogImpl] DEBUG block.DeletedBlockLogImpl (DeletedBlockLogImpl.java:commitTransactions(249)) - Transaction txId=4 commit by dnId=0b6ae373-df17-43b9-8f38-34bc24a5586b for containerID=#4 failed. Corresponding entry not found.
2022-10-11 12:48:33,429 [EventQueue-DeleteBlockStatusForDeletedBlockLogImpl] DEBUG block.DeletedBlockLogImpl (DeletedBlockLogImpl.java:isTransactionFailed(303)) - Got block deletion ACK from datanode, TXIDs=5, success=true
2022-10-11 12:48:33,429 [EventQueue-DeleteBlockStatusForDeletedBlockLogImpl] DEBUG block.DeletedBlockLogImpl (DeletedBlockLogImpl.java:commitTransactions(249)) - Transaction txId=5 commit by dnId=0b6ae373-df17-43b9-8f38-34bc24a5586b for containerID=#5 failed. Corresponding entry not found.
2022-10-11 12:48:33,429 [EventQueue-DeleteBlockStatusForDeletedBlockLogImpl] DEBUG block.DeletedBlockLogImpl (DeletedBlockLogImpl.java:isTransactionFailed(303)) - Got block deletion ACK from datanode, TXIDs=6, success=true
2022-10-11 12:48:33,429 [EventQueue-DeleteBlockStatusForDeletedBlockLogImpl] DEBUG block.DeletedBlockLogImpl (DeletedBlockLogImpl.java:commitTransactions(249)) - Transaction txId=6 commit by dnId=0b6ae373-df17-43b9-8f38-34bc24a5586b for containerID=#6 failed. Corresponding entry not found.
2022-10-11 12:48:33,430 [EventQueue-DeleteBlockStatusForDeletedBlockLogImpl] DEBUG block.DeletedBlockLogImpl (DeletedBlockLogImpl.java:isTransactionFailed(303)) - Got block deletion ACK from datanode, TXIDs=7, success=true
2022-10-11 12:48:33,426 [IPC Server listener on 0] INFO  ipc.Server (Server.java:run(1376)) - Stopping IPC Server listener on 0
2022-10-11 12:48:33,430 [EventQueue-DeleteBlockStatusForDeletedBlockLogImpl] DEBUG block.DeletedBlockLogImpl (DeletedBlockLogImpl.java:commitTransactions(249)) - Transaction txId=7 commit by dnId=0b6ae373-df17-43b9-8f38-34bc24a5586b for containerID=#7 failed. Corresponding entry not found.
2022-10-11 12:48:33,429 [IPC Server Responder] INFO  ipc.Server (Server.java:run(1512)) - Stopping IPC Server Responder
2022-10-11 12:48:33,430 [EventQueue-DeleteBlockStatusForDeletedBlockLogImpl] DEBUG block.DeletedBlockLogImpl (DeletedBlockLogImpl.java:isTransactionFailed(303)) - Got block deletion ACK from datanode, TXIDs=8, success=true
2022-10-11 12:48:33,431 [EventQueue-DeleteBlockStatusForDeletedBlockLogImpl] DEBUG block.DeletedBlockLogImpl (DeletedBlockLogImpl.java:commitTransactions(249)) - Transaction txId=8 commit by dnId=0b6ae373-df17-43b9-8f38-34bc24a5586b for containerID=#8 failed. Corresponding entry not found.
2022-10-11 12:48:33,431 [EventQueue-DeleteBlockStatusForDeletedBlockLogImpl] DEBUG block.DeletedBlockLogImpl (DeletedBlockLogImpl.java:isTransactionFailed(303)) - Got block deletion ACK from datanode, TXIDs=9, success=true
2022-10-11 12:48:33,431 [EventQueue-DeleteBlockStatusForDeletedBlockLogImpl] DEBUG block.DeletedBlockLogImpl (DeletedBlockLogImpl.java:commitTransactions(249)) - Transaction txId=9 commit by dnId=0b6ae373-df17-43b9-8f38-34bc24a5586b for containerID=#9 failed. Corresponding entry not found.
2022-10-11 12:48:33,431 [EventQueue-DeleteBlockStatusForDeletedBlockLogImpl] DEBUG block.DeletedBlockLogImpl (DeletedBlockLogImpl.java:isTransactionFailed(303)) - Got block deletion ACK from datanode, TXIDs=10, success=true
2022-10-11 12:48:33,431 [EventQueue-DeleteBlockStatusForDeletedBlockLogImpl] DEBUG block.DeletedBlockLogImpl (DeletedBlockLogImpl.java:commitTransactions(249)) - Transaction txId=10 commit by dnId=0b6ae373-df17-43b9-8f38-34bc24a5586b for containerID=#10 failed. Corresponding entry not found.
2022-10-11 12:48:33,432 [Listener at 127.0.0.1/38717] INFO  server.RaftServer (RaftServerProxy.java:lambda$close$7(398)) - om1: close
2022-10-11 12:48:33,432 [EventQueue-DeleteBlockStatusForDeletedBlockLogImpl] DEBUG block.DeletedBlockLogImpl (DeletedBlockLogImpl.java:isTransactionFailed(303)) - Got block deletion ACK from datanode, TXIDs=1, success=true
2022-10-11 12:48:33,432 [EventQueue-DeleteBlockStatusForDeletedBlockLogImpl] DEBUG block.DeletedBlockLogImpl (DeletedBlockLogImpl.java:commitTransactions(249)) - Transaction txId=1 commit by dnId=0b6ae373-df17-43b9-8f38-34bc24a5586b for containerID=#1 failed. Corresponding entry not found.
2022-10-11 12:48:33,432 [EventQueue-DeleteBlockStatusForDeletedBlockLogImpl] DEBUG block.DeletedBlockLogImpl (DeletedBlockLogImpl.java:isTransactionFailed(303)) - Got block deletion ACK from datanode, TXIDs=2, success=true
2022-10-11 12:48:33,432 [EventQueue-DeleteBlockStatusForDeletedBlockLogImpl] DEBUG block.DeletedBlockLogImpl (DeletedBlockLogImpl.java:commitTransactions(249)) - Transaction txId=2 commit by dnId=0b6ae373-df17-43b9-8f38-34bc24a5586b for containerID=#2 failed. Corresponding entry not found.
2022-10-11 12:48:33,432 [EventQueue-DeleteBlockStatusForDeletedBlockLogImpl] DEBUG block.DeletedBlockLogImpl (DeletedBlockLogImpl.java:isTransactionFailed(303)) - Got block deletion ACK from datanode, TXIDs=3, success=true
2022-10-11 12:48:33,432 [EventQueue-DeleteBlockStatusForDeletedBlockLogImpl] DEBUG block.DeletedBlockLogImpl (DeletedBlockLogImpl.java:commitTransactions(249)) - Transaction txId=3 commit by dnId=0b6ae373-df17-43b9-8f38-34bc24a5586b for containerID=#3 failed. Corresponding entry not found.
2022-10-11 12:48:33,432 [EventQueue-DeleteBlockStatusForDeletedBlockLogImpl] DEBUG block.DeletedBlockLogImpl (DeletedBlockLogImpl.java:isTransactionFailed(303)) - Got block deletion ACK from datanode, TXIDs=4, success=true
2022-10-11 12:48:33,432 [EventQueue-DeleteBlockStatusForDeletedBlockLogImpl] DEBUG block.DeletedBlockLogImpl (DeletedBlockLogImpl.java:commitTransactions(249)) - Transaction txId=4 commit by dnId=0b6ae373-df17-43b9-8f38-34bc24a5586b for containerID=#4 failed. Corresponding entry not found.
2022-10-11 12:48:33,432 [EventQueue-DeleteBlockStatusForDeletedBlockLogImpl] DEBUG block.DeletedBlockLogImpl (DeletedBlockLogImpl.java:isTransactionFailed(303)) - Got block deletion ACK from datanode, TXIDs=5, success=true
2022-10-11 12:48:33,432 [EventQueue-DeleteBlockStatusForDeletedBlockLogImpl] DEBUG block.DeletedBlockLogImpl (DeletedBlockLogImpl.java:commitTransactions(249)) - Transaction txId=5 commit by dnId=0b6ae373-df17-43b9-8f38-34bc24a5586b for containerID=#5 failed. Corresponding entry not found.
2022-10-11 12:48:33,432 [EventQueue-DeleteBlockStatusForDeletedBlockLogImpl] DEBUG block.DeletedBlockLogImpl (DeletedBlockLogImpl.java:isTransactionFailed(303)) - Got block deletion ACK from datanode, TXIDs=6, success=true
2022-10-11 12:48:33,432 [Listener at 127.0.0.1/38717] INFO  server.RaftServer$Division (RaftServerImpl.java:lambda$close$4(434)) - om1@group-C5BA1605619E: shutdown
2022-10-11 12:48:33,433 [EventQueue-DeleteBlockStatusForDeletedBlockLogImpl] DEBUG block.DeletedBlockLogImpl (DeletedBlockLogImpl.java:commitTransactions(249)) - Transaction txId=6 commit by dnId=0b6ae373-df17-43b9-8f38-34bc24a5586b for containerID=#6 failed. Corresponding entry not found.
2022-10-11 12:48:33,433 [Listener at 127.0.0.1/38717] INFO  util.JmxRegister (JmxRegister.java:unregister(73)) - Successfully un-registered JMX Bean with object name Ratis:service=RaftServer,group=group-C5BA1605619E,id=om1
2022-10-11 12:48:33,433 [EventQueue-DeleteBlockStatusForDeletedBlockLogImpl] DEBUG block.DeletedBlockLogImpl (DeletedBlockLogImpl.java:isTransactionFailed(303)) - Got block deletion ACK from datanode, TXIDs=7, success=true
2022-10-11 12:48:33,433 [Listener at 127.0.0.1/38717] INFO  impl.RoleInfo (RoleInfo.java:shutdownLeaderState(93)) - om1: shutdown om1@group-C5BA1605619E-LeaderStateImpl
2022-10-11 12:48:33,433 [EventQueue-DeleteBlockStatusForDeletedBlockLogImpl] DEBUG block.DeletedBlockLogImpl (DeletedBlockLogImpl.java:commitTransactions(249)) - Transaction txId=7 commit by dnId=0b6ae373-df17-43b9-8f38-34bc24a5586b for containerID=#7 failed. Corresponding entry not found.
2022-10-11 12:48:33,433 [EventQueue-DeleteBlockStatusForDeletedBlockLogImpl] DEBUG block.DeletedBlockLogImpl (DeletedBlockLogImpl.java:isTransactionFailed(303)) - Got block deletion ACK from datanode, TXIDs=8, success=true
2022-10-11 12:48:33,433 [EventQueue-DeleteBlockStatusForDeletedBlockLogImpl] DEBUG block.DeletedBlockLogImpl (DeletedBlockLogImpl.java:commitTransactions(249)) - Transaction txId=8 commit by dnId=0b6ae373-df17-43b9-8f38-34bc24a5586b for containerID=#8 failed. Corresponding entry not found.
2022-10-11 12:48:33,433 [EventQueue-DeleteBlockStatusForDeletedBlockLogImpl] DEBUG block.DeletedBlockLogImpl (DeletedBlockLogImpl.java:isTransactionFailed(303)) - Got block deletion ACK from datanode, TXIDs=9, success=true
2022-10-11 12:48:33,434 [EventQueue-DeleteBlockStatusForDeletedBlockLogImpl] DEBUG block.DeletedBlockLogImpl (DeletedBlockLogImpl.java:commitTransactions(249)) - Transaction txId=9 commit by dnId=0b6ae373-df17-43b9-8f38-34bc24a5586b for containerID=#9 failed. Corresponding entry not found.
2022-10-11 12:48:33,434 [EventQueue-DeleteBlockStatusForDeletedBlockLogImpl] DEBUG block.DeletedBlockLogImpl (DeletedBlockLogImpl.java:isTransactionFailed(303)) - Got block deletion ACK from datanode, TXIDs=10, success=true
2022-10-11 12:48:33,434 [EventQueue-DeleteBlockStatusForDeletedBlockLogImpl] DEBUG block.DeletedBlockLogImpl (DeletedBlockLogImpl.java:commitTransactions(249)) - Transaction txId=10 commit by dnId=0b6ae373-df17-43b9-8f38-34bc24a5586b for containerID=#10 failed. Corresponding entry not found.
2022-10-11 12:48:33,434 [Listener at 127.0.0.1/38717] INFO  impl.PendingRequests (PendingRequests.java:sendNotLeaderResponses(282)) - om1@group-C5BA1605619E-PendingRequests: sendNotLeaderResponses
2022-10-11 12:48:33,434 [EventQueue-DeleteBlockStatusForDeletedBlockLogImpl] DEBUG block.DeletedBlockLogImpl (DeletedBlockLogImpl.java:isTransactionFailed(303)) - Got block deletion ACK from datanode, TXIDs=1, success=true
2022-10-11 12:48:33,434 [EventQueue-DeleteBlockStatusForDeletedBlockLogImpl] DEBUG block.DeletedBlockLogImpl (DeletedBlockLogImpl.java:commitTransactions(249)) - Transaction txId=1 commit by dnId=0b6ae373-df17-43b9-8f38-34bc24a5586b for containerID=#1 failed. Corresponding entry not found.
2022-10-11 12:48:33,435 [EventQueue-DeleteBlockStatusForDeletedBlockLogImpl] DEBUG block.DeletedBlockLogImpl (DeletedBlockLogImpl.java:isTransactionFailed(303)) - Got block deletion ACK from datanode, TXIDs=2, success=true
2022-10-11 12:48:33,435 [EventQueue-DeleteBlockStatusForDeletedBlockLogImpl] DEBUG block.DeletedBlockLogImpl (DeletedBlockLogImpl.java:commitTransactions(249)) - Transaction txId=2 commit by dnId=0b6ae373-df17-43b9-8f38-34bc24a5586b for containerID=#2 failed. Corresponding entry not found.
2022-10-11 12:48:33,435 [EventQueue-DeleteBlockStatusForDeletedBlockLogImpl] DEBUG block.DeletedBlockLogImpl (DeletedBlockLogImpl.java:isTransactionFailed(303)) - Got block deletion ACK from datanode, TXIDs=3, success=true
2022-10-11 12:48:33,435 [EventQueue-DeleteBlockStatusForDeletedBlockLogImpl] DEBUG block.DeletedBlockLogImpl (DeletedBlockLogImpl.java:commitTransactions(249)) - Transaction txId=3 commit by dnId=0b6ae373-df17-43b9-8f38-34bc24a5586b for containerID=#3 failed. Corresponding entry not found.
2022-10-11 12:48:33,435 [EventQueue-DeleteBlockStatusForDeletedBlockLogImpl] DEBUG block.DeletedBlockLogImpl (DeletedBlockLogImpl.java:isTransactionFailed(303)) - Got block deletion ACK from datanode, TXIDs=4, success=true
2022-10-11 12:48:33,435 [EventQueue-DeleteBlockStatusForDeletedBlockLogImpl] DEBUG block.DeletedBlockLogImpl (DeletedBlockLogImpl.java:commitTransactions(249)) - Transaction txId=4 commit by dnId=0b6ae373-df17-43b9-8f38-34bc24a5586b for containerID=#4 failed. Corresponding entry not found.
2022-10-11 12:48:33,435 [EventQueue-DeleteBlockStatusForDeletedBlockLogImpl] DEBUG block.DeletedBlockLogImpl (DeletedBlockLogImpl.java:isTransactionFailed(303)) - Got block deletion ACK from datanode, TXIDs=5, success=true
2022-10-11 12:48:33,436 [EventQueue-DeleteBlockStatusForDeletedBlockLogImpl] DEBUG block.DeletedBlockLogImpl (DeletedBlockLogImpl.java:commitTransactions(249)) - Transaction txId=5 commit by dnId=0b6ae373-df17-43b9-8f38-34bc24a5586b for containerID=#5 failed. Corresponding entry not found.
2022-10-11 12:48:33,436 [EventQueue-DeleteBlockStatusForDeletedBlockLogImpl] DEBUG block.DeletedBlockLogImpl (DeletedBlockLogImpl.java:isTransactionFailed(303)) - Got block deletion ACK from datanode, TXIDs=6, success=true
2022-10-11 12:48:33,436 [EventQueue-DeleteBlockStatusForDeletedBlockLogImpl] DEBUG block.DeletedBlockLogImpl (DeletedBlockLogImpl.java:commitTransactions(249)) - Transaction txId=6 commit by dnId=0b6ae373-df17-43b9-8f38-34bc24a5586b for containerID=#6 failed. Corresponding entry not found.
2022-10-11 12:48:33,436 [EventQueue-DeleteBlockStatusForDeletedBlockLogImpl] DEBUG block.DeletedBlockLogImpl (DeletedBlockLogImpl.java:isTransactionFailed(303)) - Got block deletion ACK from datanode, TXIDs=7, success=true
2022-10-11 12:48:33,436 [EventQueue-DeleteBlockStatusForDeletedBlockLogImpl] DEBUG block.DeletedBlockLogImpl (DeletedBlockLogImpl.java:commitTransactions(249)) - Transaction txId=7 commit by dnId=0b6ae373-df17-43b9-8f38-34bc24a5586b for containerID=#7 failed. Corresponding entry not found.
2022-10-11 12:48:33,436 [EventQueue-DeleteBlockStatusForDeletedBlockLogImpl] DEBUG block.DeletedBlockLogImpl (DeletedBlockLogImpl.java:isTransactionFailed(303)) - Got block deletion ACK from datanode, TXIDs=8, success=true
2022-10-11 12:48:33,436 [EventQueue-DeleteBlockStatusForDeletedBlockLogImpl] DEBUG block.DeletedBlockLogImpl (DeletedBlockLogImpl.java:commitTransactions(249)) - Transaction txId=8 commit by dnId=0b6ae373-df17-43b9-8f38-34bc24a5586b for containerID=#8 failed. Corresponding entry not found.
2022-10-11 12:48:33,436 [EventQueue-DeleteBlockStatusForDeletedBlockLogImpl] DEBUG block.DeletedBlockLogImpl (DeletedBlockLogImpl.java:isTransactionFailed(303)) - Got block deletion ACK from datanode, TXIDs=9, success=true
2022-10-11 12:48:33,436 [EventQueue-DeleteBlockStatusForDeletedBlockLogImpl] DEBUG block.DeletedBlockLogImpl (DeletedBlockLogImpl.java:commitTransactions(249)) - Transaction txId=9 commit by dnId=0b6ae373-df17-43b9-8f38-34bc24a5586b for containerID=#9 failed. Corresponding entry not found.
2022-10-11 12:48:33,436 [EventQueue-DeleteBlockStatusForDeletedBlockLogImpl] DEBUG block.DeletedBlockLogImpl (DeletedBlockLogImpl.java:isTransactionFailed(303)) - Got block deletion ACK from datanode, TXIDs=10, success=true
2022-10-11 12:48:33,436 [EventQueue-DeleteBlockStatusForDeletedBlockLogImpl] DEBUG block.DeletedBlockLogImpl (DeletedBlockLogImpl.java:commitTransactions(249)) - Transaction txId=10 commit by dnId=0b6ae373-df17-43b9-8f38-34bc24a5586b for containerID=#10 failed. Corresponding entry not found.
2022-10-11 12:48:33,436 [EventQueue-DeleteBlockStatusForDeletedBlockLogImpl] DEBUG block.DeletedBlockLogImpl (DeletedBlockLogImpl.java:isTransactionFailed(303)) - Got block deletion ACK from datanode, TXIDs=1, success=true
2022-10-11 12:48:33,436 [EventQueue-DeleteBlockStatusForDeletedBlockLogImpl] DEBUG block.DeletedBlockLogImpl (DeletedBlockLogImpl.java:commitTransactions(249)) - Transaction txId=1 commit by dnId=0b6ae373-df17-43b9-8f38-34bc24a5586b for containerID=#1 failed. Corresponding entry not found.
2022-10-11 12:48:33,436 [EventQueue-DeleteBlockStatusForDeletedBlockLogImpl] DEBUG block.DeletedBlockLogImpl (DeletedBlockLogImpl.java:isTransactionFailed(303)) - Got block deletion ACK from datanode, TXIDs=2, success=true
2022-10-11 12:48:33,437 [EventQueue-DeleteBlockStatusForDeletedBlockLogImpl] DEBUG block.DeletedBlockLogImpl (DeletedBlockLogImpl.java:commitTransactions(249)) - Transaction txId=2 commit by dnId=0b6ae373-df17-43b9-8f38-34bc24a5586b for containerID=#2 failed. Corresponding entry not found.
2022-10-11 12:48:33,437 [EventQueue-DeleteBlockStatusForDeletedBlockLogImpl] DEBUG block.DeletedBlockLogImpl (DeletedBlockLogImpl.java:isTransactionFailed(303)) - Got block deletion ACK from datanode, TXIDs=3, success=true
2022-10-11 12:48:33,437 [EventQueue-DeleteBlockStatusForDeletedBlockLogImpl] DEBUG block.DeletedBlockLogImpl (DeletedBlockLogImpl.java:commitTransactions(249)) - Transaction txId=3 commit by dnId=0b6ae373-df17-43b9-8f38-34bc24a5586b for containerID=#3 failed. Corresponding entry not found.
2022-10-11 12:48:33,437 [EventQueue-DeleteBlockStatusForDeletedBlockLogImpl] DEBUG block.DeletedBlockLogImpl (DeletedBlockLogImpl.java:isTransactionFailed(303)) - Got block deletion ACK from datanode, TXIDs=4, success=true
2022-10-11 12:48:33,437 [EventQueue-DeleteBlockStatusForDeletedBlockLogImpl] DEBUG block.DeletedBlockLogImpl (DeletedBlockLogImpl.java:commitTransactions(249)) - Transaction txId=4 commit by dnId=0b6ae373-df17-43b9-8f38-34bc24a5586b for containerID=#4 failed. Corresponding entry not found.
2022-10-11 12:48:33,437 [EventQueue-DeleteBlockStatusForDeletedBlockLogImpl] DEBUG block.DeletedBlockLogImpl (DeletedBlockLogImpl.java:isTransactionFailed(303)) - Got block deletion ACK from datanode, TXIDs=5, success=true
2022-10-11 12:48:33,437 [EventQueue-DeleteBlockStatusForDeletedBlockLogImpl] DEBUG block.DeletedBlockLogImpl (DeletedBlockLogImpl.java:commitTransactions(249)) - Transaction txId=5 commit by dnId=0b6ae373-df17-43b9-8f38-34bc24a5586b for containerID=#5 failed. Corresponding entry not found.
2022-10-11 12:48:33,437 [EventQueue-DeleteBlockStatusForDeletedBlockLogImpl] DEBUG block.DeletedBlockLogImpl (DeletedBlockLogImpl.java:isTransactionFailed(303)) - Got block deletion ACK from datanode, TXIDs=6, success=true
2022-10-11 12:48:33,437 [EventQueue-DeleteBlockStatusForDeletedBlockLogImpl] DEBUG block.DeletedBlockLogImpl (DeletedBlockLogImpl.java:commitTransactions(249)) - Transaction txId=6 commit by dnId=0b6ae373-df17-43b9-8f38-34bc24a5586b for containerID=#6 failed. Corresponding entry not found.
2022-10-11 12:48:33,437 [EventQueue-DeleteBlockStatusForDeletedBlockLogImpl] DEBUG block.DeletedBlockLogImpl (DeletedBlockLogImpl.java:isTransactionFailed(303)) - Got block deletion ACK from datanode, TXIDs=7, success=true
2022-10-11 12:48:33,437 [EventQueue-DeleteBlockStatusForDeletedBlockLogImpl] DEBUG block.DeletedBlockLogImpl (DeletedBlockLogImpl.java:commitTransactions(249)) - Transaction txId=7 commit by dnId=0b6ae373-df17-43b9-8f38-34bc24a5586b for containerID=#7 failed. Corresponding entry not found.
2022-10-11 12:48:33,437 [EventQueue-DeleteBlockStatusForDeletedBlockLogImpl] DEBUG block.DeletedBlockLogImpl (DeletedBlockLogImpl.java:isTransactionFailed(303)) - Got block deletion ACK from datanode, TXIDs=8, success=true
2022-10-11 12:48:33,437 [EventQueue-DeleteBlockStatusForDeletedBlockLogImpl] DEBUG block.DeletedBlockLogImpl (DeletedBlockLogImpl.java:commitTransactions(249)) - Transaction txId=8 commit by dnId=0b6ae373-df17-43b9-8f38-34bc24a5586b for containerID=#8 failed. Corresponding entry not found.
2022-10-11 12:48:33,437 [EventQueue-DeleteBlockStatusForDeletedBlockLogImpl] DEBUG block.DeletedBlockLogImpl (DeletedBlockLogImpl.java:isTransactionFailed(303)) - Got block deletion ACK from datanode, TXIDs=9, success=true
2022-10-11 12:48:33,437 [EventQueue-DeleteBlockStatusForDeletedBlockLogImpl] DEBUG block.DeletedBlockLogImpl (DeletedBlockLogImpl.java:commitTransactions(249)) - Transaction txId=9 commit by dnId=0b6ae373-df17-43b9-8f38-34bc24a5586b for containerID=#9 failed. Corresponding entry not found.
2022-10-11 12:48:33,437 [EventQueue-DeleteBlockStatusForDeletedBlockLogImpl] DEBUG block.DeletedBlockLogImpl (DeletedBlockLogImpl.java:isTransactionFailed(303)) - Got block deletion ACK from datanode, TXIDs=10, success=true
2022-10-11 12:48:33,437 [EventQueue-DeleteBlockStatusForDeletedBlockLogImpl] DEBUG block.DeletedBlockLogImpl (DeletedBlockLogImpl.java:commitTransactions(249)) - Transaction txId=10 commit by dnId=0b6ae373-df17-43b9-8f38-34bc24a5586b for containerID=#10 failed. Corresponding entry not found.
2022-10-11 12:48:33,437 [EventQueue-DeleteBlockStatusForDeletedBlockLogImpl] DEBUG block.DeletedBlockLogImpl (DeletedBlockLogImpl.java:isTransactionFailed(303)) - Got block deletion ACK from datanode, TXIDs=1, success=true
2022-10-11 12:48:33,437 [EventQueue-DeleteBlockStatusForDeletedBlockLogImpl] DEBUG block.DeletedBlockLogImpl (DeletedBlockLogImpl.java:commitTransactions(249)) - Transaction txId=1 commit by dnId=0b6ae373-df17-43b9-8f38-34bc24a5586b for containerID=#1 failed. Corresponding entry not found.
2022-10-11 12:48:33,437 [EventQueue-DeleteBlockStatusForDeletedBlockLogImpl] DEBUG block.DeletedBlockLogImpl (DeletedBlockLogImpl.java:isTransactionFailed(303)) - Got block deletion ACK from datanode, TXIDs=2, success=true
2022-10-11 12:48:33,437 [EventQueue-DeleteBlockStatusForDeletedBlockLogImpl] DEBUG block.DeletedBlockLogImpl (DeletedBlockLogImpl.java:commitTransactions(249)) - Transaction txId=2 commit by dnId=0b6ae373-df17-43b9-8f38-34bc24a5586b for containerID=#2 failed. Corresponding entry not found.
2022-10-11 12:48:33,437 [EventQueue-DeleteBlockStatusForDeletedBlockLogImpl] DEBUG block.DeletedBlockLogImpl (DeletedBlockLogImpl.java:isTransactionFailed(303)) - Got block deletion ACK from datanode, TXIDs=3, success=true
2022-10-11 12:48:33,437 [EventQueue-DeleteBlockStatusForDeletedBlockLogImpl] DEBUG block.DeletedBlockLogImpl (DeletedBlockLogImpl.java:commitTransactions(249)) - Transaction txId=3 commit by dnId=0b6ae373-df17-43b9-8f38-34bc24a5586b for containerID=#3 failed. Corresponding entry not found.
2022-10-11 12:48:33,437 [EventQueue-DeleteBlockStatusForDeletedBlockLogImpl] DEBUG block.DeletedBlockLogImpl (DeletedBlockLogImpl.java:isTransactionFailed(303)) - Got block deletion ACK from datanode, TXIDs=4, success=true
2022-10-11 12:48:33,437 [EventQueue-DeleteBlockStatusForDeletedBlockLogImpl] DEBUG block.DeletedBlockLogImpl (DeletedBlockLogImpl.java:commitTransactions(249)) - Transaction txId=4 commit by dnId=0b6ae373-df17-43b9-8f38-34bc24a5586b for containerID=#4 failed. Corresponding entry not found.
2022-10-11 12:48:33,438 [EventQueue-DeleteBlockStatusForDeletedBlockLogImpl] DEBUG block.DeletedBlockLogImpl (DeletedBlockLogImpl.java:isTransactionFailed(303)) - Got block deletion ACK from datanode, TXIDs=5, success=true
2022-10-11 12:48:33,438 [EventQueue-DeleteBlockStatusForDeletedBlockLogImpl] DEBUG block.DeletedBlockLogImpl (DeletedBlockLogImpl.java:commitTransactions(249)) - Transaction txId=5 commit by dnId=0b6ae373-df17-43b9-8f38-34bc24a5586b for containerID=#5 failed. Corresponding entry not found.
2022-10-11 12:48:33,438 [EventQueue-DeleteBlockStatusForDeletedBlockLogImpl] DEBUG block.DeletedBlockLogImpl (DeletedBlockLogImpl.java:isTransactionFailed(303)) - Got block deletion ACK from datanode, TXIDs=6, success=true
2022-10-11 12:48:33,438 [EventQueue-DeleteBlockStatusForDeletedBlockLogImpl] DEBUG block.DeletedBlockLogImpl (DeletedBlockLogImpl.java:commitTransactions(249)) - Transaction txId=6 commit by dnId=0b6ae373-df17-43b9-8f38-34bc24a5586b for containerID=#6 failed. Corresponding entry not found.
2022-10-11 12:48:33,438 [EventQueue-DeleteBlockStatusForDeletedBlockLogImpl] DEBUG block.DeletedBlockLogImpl (DeletedBlockLogImpl.java:isTransactionFailed(303)) - Got block deletion ACK from datanode, TXIDs=7, success=true
2022-10-11 12:48:33,438 [EventQueue-DeleteBlockStatusForDeletedBlockLogImpl] DEBUG block.DeletedBlockLogImpl (DeletedBlockLogImpl.java:commitTransactions(249)) - Transaction txId=7 commit by dnId=0b6ae373-df17-43b9-8f38-34bc24a5586b for containerID=#7 failed. Corresponding entry not found.
2022-10-11 12:48:33,438 [EventQueue-DeleteBlockStatusForDeletedBlockLogImpl] DEBUG block.DeletedBlockLogImpl (DeletedBlockLogImpl.java:isTransactionFailed(303)) - Got block deletion ACK from datanode, TXIDs=8, success=true
2022-10-11 12:48:33,438 [EventQueue-DeleteBlockStatusForDeletedBlockLogImpl] DEBUG block.DeletedBlockLogImpl (DeletedBlockLogImpl.java:commitTransactions(249)) - Transaction txId=8 commit by dnId=0b6ae373-df17-43b9-8f38-34bc24a5586b for containerID=#8 failed. Corresponding entry not found.
2022-10-11 12:48:33,438 [EventQueue-DeleteBlockStatusForDeletedBlockLogImpl] DEBUG block.DeletedBlockLogImpl (DeletedBlockLogImpl.java:isTransactionFailed(303)) - Got block deletion ACK from datanode, TXIDs=9, success=true
2022-10-11 12:48:33,438 [EventQueue-DeleteBlockStatusForDeletedBlockLogImpl] DEBUG block.DeletedBlockLogImpl (DeletedBlockLogImpl.java:commitTransactions(249)) - Transaction txId=9 commit by dnId=0b6ae373-df17-43b9-8f38-34bc24a5586b for containerID=#9 failed. Corresponding entry not found.
2022-10-11 12:48:33,438 [EventQueue-DeleteBlockStatusForDeletedBlockLogImpl] DEBUG block.DeletedBlockLogImpl (DeletedBlockLogImpl.java:isTransactionFailed(303)) - Got block deletion ACK from datanode, TXIDs=10, success=true
2022-10-11 12:48:33,438 [EventQueue-DeleteBlockStatusForDeletedBlockLogImpl] DEBUG block.DeletedBlockLogImpl (DeletedBlockLogImpl.java:commitTransactions(249)) - Transaction txId=10 commit by dnId=0b6ae373-df17-43b9-8f38-34bc24a5586b for containerID=#10 failed. Corresponding entry not found.
2022-10-11 12:48:33,438 [EventQueue-DeleteBlockStatusForDeletedBlockLogImpl] DEBUG block.DeletedBlockLogImpl (DeletedBlockLogImpl.java:isTransactionFailed(303)) - Got block deletion ACK from datanode, TXIDs=1, success=true
2022-10-11 12:48:33,438 [EventQueue-DeleteBlockStatusForDeletedBlockLogImpl] DEBUG block.DeletedBlockLogImpl (DeletedBlockLogImpl.java:commitTransactions(249)) - Transaction txId=1 commit by dnId=0b6ae373-df17-43b9-8f38-34bc24a5586b for containerID=#1 failed. Corresponding entry not found.
2022-10-11 12:48:33,438 [EventQueue-DeleteBlockStatusForDeletedBlockLogImpl] DEBUG block.DeletedBlockLogImpl (DeletedBlockLogImpl.java:isTransactionFailed(303)) - Got block deletion ACK from datanode, TXIDs=2, success=true
2022-10-11 12:48:33,438 [EventQueue-DeleteBlockStatusForDeletedBlockLogImpl] DEBUG block.DeletedBlockLogImpl (DeletedBlockLogImpl.java:commitTransactions(249)) - Transaction txId=2 commit by dnId=0b6ae373-df17-43b9-8f38-34bc24a5586b for containerID=#2 failed. Corresponding entry not found.
2022-10-11 12:48:33,438 [EventQueue-DeleteBlockStatusForDeletedBlockLogImpl] DEBUG block.DeletedBlockLogImpl (DeletedBlockLogImpl.java:isTransactionFailed(303)) - Got block deletion ACK from datanode, TXIDs=3, success=true
2022-10-11 12:48:33,438 [EventQueue-DeleteBlockStatusForDeletedBlockLogImpl] DEBUG block.DeletedBlockLogImpl (DeletedBlockLogImpl.java:commitTransactions(249)) - Transaction txId=3 commit by dnId=0b6ae373-df17-43b9-8f38-34bc24a5586b for containerID=#3 failed. Corresponding entry not found.
2022-10-11 12:48:33,438 [EventQueue-DeleteBlockStatusForDeletedBlockLogImpl] DEBUG block.DeletedBlockLogImpl (DeletedBlockLogImpl.java:isTransactionFailed(303)) - Got block deletion ACK from datanode, TXIDs=4, success=true
2022-10-11 12:48:33,438 [EventQueue-DeleteBlockStatusForDeletedBlockLogImpl] DEBUG block.DeletedBlockLogImpl (DeletedBlockLogImpl.java:commitTransactions(249)) - Transaction txId=4 commit by dnId=0b6ae373-df17-43b9-8f38-34bc24a5586b for containerID=#4 failed. Corresponding entry not found.
2022-10-11 12:48:33,438 [EventQueue-DeleteBlockStatusForDeletedBlockLogImpl] DEBUG block.DeletedBlockLogImpl (DeletedBlockLogImpl.java:isTransactionFailed(303)) - Got block deletion ACK from datanode, TXIDs=5, success=true
2022-10-11 12:48:33,438 [EventQueue-DeleteBlockStatusForDeletedBlockLogImpl] DEBUG block.DeletedBlockLogImpl (DeletedBlockLogImpl.java:commitTransactions(249)) - Transaction txId=5 commit by dnId=0b6ae373-df17-43b9-8f38-34bc24a5586b for containerID=#5 failed. Corresponding entry not found.
2022-10-11 12:48:33,438 [EventQueue-DeleteBlockStatusForDeletedBlockLogImpl] DEBUG block.DeletedBlockLogImpl (DeletedBlockLogImpl.java:isTransactionFailed(303)) - Got block deletion ACK from datanode, TXIDs=6, success=true
2022-10-11 12:48:33,438 [EventQueue-DeleteBlockStatusForDeletedBlockLogImpl] DEBUG block.DeletedBlockLogImpl (DeletedBlockLogImpl.java:commitTransactions(249)) - Transaction txId=6 commit by dnId=0b6ae373-df17-43b9-8f38-34bc24a5586b for containerID=#6 failed. Corresponding entry not found.
2022-10-11 12:48:33,439 [EventQueue-DeleteBlockStatusForDeletedBlockLogImpl] DEBUG block.DeletedBlockLogImpl (DeletedBlockLogImpl.java:isTransactionFailed(303)) - Got block deletion ACK from datanode, TXIDs=7, success=true
2022-10-11 12:48:33,439 [EventQueue-DeleteBlockStatusForDeletedBlockLogImpl] DEBUG block.DeletedBlockLogImpl (DeletedBlockLogImpl.java:commitTransactions(249)) - Transaction txId=7 commit by dnId=0b6ae373-df17-43b9-8f38-34bc24a5586b for containerID=#7 failed. Corresponding entry not found.
2022-10-11 12:48:33,439 [EventQueue-DeleteBlockStatusForDeletedBlockLogImpl] DEBUG block.DeletedBlockLogImpl (DeletedBlockLogImpl.java:isTransactionFailed(303)) - Got block deletion ACK from datanode, TXIDs=8, success=true
2022-10-11 12:48:33,439 [EventQueue-DeleteBlockStatusForDeletedBlockLogImpl] DEBUG block.DeletedBlockLogImpl (DeletedBlockLogImpl.java:commitTransactions(249)) - Transaction txId=8 commit by dnId=0b6ae373-df17-43b9-8f38-34bc24a5586b for containerID=#8 failed. Corresponding entry not found.
2022-10-11 12:48:33,439 [EventQueue-DeleteBlockStatusForDeletedBlockLogImpl] DEBUG block.DeletedBlockLogImpl (DeletedBlockLogImpl.java:isTransactionFailed(303)) - Got block deletion ACK from datanode, TXIDs=9, success=true
2022-10-11 12:48:33,439 [EventQueue-DeleteBlockStatusForDeletedBlockLogImpl] DEBUG block.DeletedBlockLogImpl (DeletedBlockLogImpl.java:commitTransactions(249)) - Transaction txId=9 commit by dnId=0b6ae373-df17-43b9-8f38-34bc24a5586b for containerID=#9 failed. Corresponding entry not found.
2022-10-11 12:48:33,439 [EventQueue-DeleteBlockStatusForDeletedBlockLogImpl] DEBUG block.DeletedBlockLogImpl (DeletedBlockLogImpl.java:isTransactionFailed(303)) - Got block deletion ACK from datanode, TXIDs=10, success=true
2022-10-11 12:48:33,439 [EventQueue-DeleteBlockStatusForDeletedBlockLogImpl] DEBUG block.DeletedBlockLogImpl (DeletedBlockLogImpl.java:commitTransactions(249)) - Transaction txId=10 commit by dnId=0b6ae373-df17-43b9-8f38-34bc24a5586b for containerID=#10 failed. Corresponding entry not found.
2022-10-11 12:48:33,439 [EventQueue-DeleteBlockStatusForDeletedBlockLogImpl] DEBUG block.DeletedBlockLogImpl (DeletedBlockLogImpl.java:isTransactionFailed(303)) - Got block deletion ACK from datanode, TXIDs=1, success=true
2022-10-11 12:48:33,439 [EventQueue-DeleteBlockStatusForDeletedBlockLogImpl] DEBUG block.DeletedBlockLogImpl (DeletedBlockLogImpl.java:commitTransactions(249)) - Transaction txId=1 commit by dnId=0b6ae373-df17-43b9-8f38-34bc24a5586b for containerID=#1 failed. Corresponding entry not found.
2022-10-11 12:48:33,439 [EventQueue-DeleteBlockStatusForDeletedBlockLogImpl] DEBUG block.DeletedBlockLogImpl (DeletedBlockLogImpl.java:isTransactionFailed(303)) - Got block deletion ACK from datanode, TXIDs=2, success=true
2022-10-11 12:48:33,439 [EventQueue-DeleteBlockStatusForDeletedBlockLogImpl] DEBUG block.DeletedBlockLogImpl (DeletedBlockLogImpl.java:commitTransactions(249)) - Transaction txId=2 commit by dnId=0b6ae373-df17-43b9-8f38-34bc24a5586b for containerID=#2 failed. Corresponding entry not found.
2022-10-11 12:48:33,439 [EventQueue-DeleteBlockStatusForDeletedBlockLogImpl] DEBUG block.DeletedBlockLogImpl (DeletedBlockLogImpl.java:isTransactionFailed(303)) - Got block deletion ACK from datanode, TXIDs=3, success=true
2022-10-11 12:48:33,439 [EventQueue-DeleteBlockStatusForDeletedBlockLogImpl] DEBUG block.DeletedBlockLogImpl (DeletedBlockLogImpl.java:commitTransactions(249)) - Transaction txId=3 commit by dnId=0b6ae373-df17-43b9-8f38-34bc24a5586b for containerID=#3 failed. Corresponding entry not found.
2022-10-11 12:48:33,439 [EventQueue-DeleteBlockStatusForDeletedBlockLogImpl] DEBUG block.DeletedBlockLogImpl (DeletedBlockLogImpl.java:isTransactionFailed(303)) - Got block deletion ACK from datanode, TXIDs=4, success=true
2022-10-11 12:48:33,439 [EventQueue-DeleteBlockStatusForDeletedBlockLogImpl] DEBUG block.DeletedBlockLogImpl (DeletedBlockLogImpl.java:commitTransactions(249)) - Transaction txId=4 commit by dnId=0b6ae373-df17-43b9-8f38-34bc24a5586b for containerID=#4 failed. Corresponding entry not found.
2022-10-11 12:48:33,439 [EventQueue-DeleteBlockStatusForDeletedBlockLogImpl] DEBUG block.DeletedBlockLogImpl (DeletedBlockLogImpl.java:isTransactionFailed(303)) - Got block deletion ACK from datanode, TXIDs=5, success=true
2022-10-11 12:48:33,439 [EventQueue-DeleteBlockStatusForDeletedBlockLogImpl] DEBUG block.DeletedBlockLogImpl (DeletedBlockLogImpl.java:commitTransactions(249)) - Transaction txId=5 commit by dnId=0b6ae373-df17-43b9-8f38-34bc24a5586b for containerID=#5 failed. Corresponding entry not found.
2022-10-11 12:48:33,439 [EventQueue-DeleteBlockStatusForDeletedBlockLogImpl] DEBUG block.DeletedBlockLogImpl (DeletedBlockLogImpl.java:isTransactionFailed(303)) - Got block deletion ACK from datanode, TXIDs=6, success=true
2022-10-11 12:48:33,439 [EventQueue-DeleteBlockStatusForDeletedBlockLogImpl] DEBUG block.DeletedBlockLogImpl (DeletedBlockLogImpl.java:commitTransactions(249)) - Transaction txId=6 commit by dnId=0b6ae373-df17-43b9-8f38-34bc24a5586b for containerID=#6 failed. Corresponding entry not found.
2022-10-11 12:48:33,439 [EventQueue-DeleteBlockStatusForDeletedBlockLogImpl] DEBUG block.DeletedBlockLogImpl (DeletedBlockLogImpl.java:isTransactionFailed(303)) - Got block deletion ACK from datanode, TXIDs=7, success=true
2022-10-11 12:48:33,439 [EventQueue-DeleteBlockStatusForDeletedBlockLogImpl] DEBUG block.DeletedBlockLogImpl (DeletedBlockLogImpl.java:commitTransactions(249)) - Transaction txId=7 commit by dnId=0b6ae373-df17-43b9-8f38-34bc24a5586b for containerID=#7 failed. Corresponding entry not found.
2022-10-11 12:48:33,439 [EventQueue-DeleteBlockStatusForDeletedBlockLogImpl] DEBUG block.DeletedBlockLogImpl (DeletedBlockLogImpl.java:isTransactionFailed(303)) - Got block deletion ACK from datanode, TXIDs=8, success=true
2022-10-11 12:48:33,439 [EventQueue-DeleteBlockStatusForDeletedBlockLogImpl] DEBUG block.DeletedBlockLogImpl (DeletedBlockLogImpl.java:commitTransactions(249)) - Transaction txId=8 commit by dnId=0b6ae373-df17-43b9-8f38-34bc24a5586b for containerID=#8 failed. Corresponding entry not found.
2022-10-11 12:48:33,440 [EventQueue-DeleteBlockStatusForDeletedBlockLogImpl] DEBUG block.DeletedBlockLogImpl (DeletedBlockLogImpl.java:isTransactionFailed(303)) - Got block deletion ACK from datanode, TXIDs=9, success=true
2022-10-11 12:48:33,440 [EventQueue-DeleteBlockStatusForDeletedBlockLogImpl] DEBUG block.DeletedBlockLogImpl (DeletedBlockLogImpl.java:commitTransactions(249)) - Transaction txId=9 commit by dnId=0b6ae373-df17-43b9-8f38-34bc24a5586b for containerID=#9 failed. Corresponding entry not found.
2022-10-11 12:48:33,440 [EventQueue-DeleteBlockStatusForDeletedBlockLogImpl] DEBUG block.DeletedBlockLogImpl (DeletedBlockLogImpl.java:isTransactionFailed(303)) - Got block deletion ACK from datanode, TXIDs=10, success=true
2022-10-11 12:48:33,440 [EventQueue-DeleteBlockStatusForDeletedBlockLogImpl] DEBUG block.DeletedBlockLogImpl (DeletedBlockLogImpl.java:commitTransactions(249)) - Transaction txId=10 commit by dnId=0b6ae373-df17-43b9-8f38-34bc24a5586b for containerID=#10 failed. Corresponding entry not found.
2022-10-11 12:48:33,440 [EventQueue-DeleteBlockStatusForDeletedBlockLogImpl] DEBUG block.DeletedBlockLogImpl (DeletedBlockLogImpl.java:isTransactionFailed(303)) - Got block deletion ACK from datanode, TXIDs=1, success=true
2022-10-11 12:48:33,440 [EventQueue-DeleteBlockStatusForDeletedBlockLogImpl] DEBUG block.DeletedBlockLogImpl (DeletedBlockLogImpl.java:commitTransactions(249)) - Transaction txId=1 commit by dnId=0b6ae373-df17-43b9-8f38-34bc24a5586b for containerID=#1 failed. Corresponding entry not found.
2022-10-11 12:48:33,440 [EventQueue-DeleteBlockStatusForDeletedBlockLogImpl] DEBUG block.DeletedBlockLogImpl (DeletedBlockLogImpl.java:isTransactionFailed(303)) - Got block deletion ACK from datanode, TXIDs=2, success=true
2022-10-11 12:48:33,440 [EventQueue-DeleteBlockStatusForDeletedBlockLogImpl] DEBUG block.DeletedBlockLogImpl (DeletedBlockLogImpl.java:commitTransactions(249)) - Transaction txId=2 commit by dnId=0b6ae373-df17-43b9-8f38-34bc24a5586b for containerID=#2 failed. Corresponding entry not found.
2022-10-11 12:48:33,440 [EventQueue-DeleteBlockStatusForDeletedBlockLogImpl] DEBUG block.DeletedBlockLogImpl (DeletedBlockLogImpl.java:isTransactionFailed(303)) - Got block deletion ACK from datanode, TXIDs=3, success=true
2022-10-11 12:48:33,440 [EventQueue-DeleteBlockStatusForDeletedBlockLogImpl] DEBUG block.DeletedBlockLogImpl (DeletedBlockLogImpl.java:commitTransactions(249)) - Transaction txId=3 commit by dnId=0b6ae373-df17-43b9-8f38-34bc24a5586b for containerID=#3 failed. Corresponding entry not found.
2022-10-11 12:48:33,440 [EventQueue-DeleteBlockStatusForDeletedBlockLogImpl] DEBUG block.DeletedBlockLogImpl (DeletedBlockLogImpl.java:isTransactionFailed(303)) - Got block deletion ACK from datanode, TXIDs=4, success=true
2022-10-11 12:48:33,440 [EventQueue-DeleteBlockStatusForDeletedBlockLogImpl] DEBUG block.DeletedBlockLogImpl (DeletedBlockLogImpl.java:commitTransactions(249)) - Transaction txId=4 commit by dnId=0b6ae373-df17-43b9-8f38-34bc24a5586b for containerID=#4 failed. Corresponding entry not found.
2022-10-11 12:48:33,440 [EventQueue-DeleteBlockStatusForDeletedBlockLogImpl] DEBUG block.DeletedBlockLogImpl (DeletedBlockLogImpl.java:isTransactionFailed(303)) - Got block deletion ACK from datanode, TXIDs=5, success=true
2022-10-11 12:48:33,440 [EventQueue-DeleteBlockStatusForDeletedBlockLogImpl] DEBUG block.DeletedBlockLogImpl (DeletedBlockLogImpl.java:commitTransactions(249)) - Transaction txId=5 commit by dnId=0b6ae373-df17-43b9-8f38-34bc24a5586b for containerID=#5 failed. Corresponding entry not found.
2022-10-11 12:48:33,440 [EventQueue-DeleteBlockStatusForDeletedBlockLogImpl] DEBUG block.DeletedBlockLogImpl (DeletedBlockLogImpl.java:isTransactionFailed(303)) - Got block deletion ACK from datanode, TXIDs=6, success=true
2022-10-11 12:48:33,440 [EventQueue-DeleteBlockStatusForDeletedBlockLogImpl] DEBUG block.DeletedBlockLogImpl (DeletedBlockLogImpl.java:commitTransactions(249)) - Transaction txId=6 commit by dnId=0b6ae373-df17-43b9-8f38-34bc24a5586b for containerID=#6 failed. Corresponding entry not found.
2022-10-11 12:48:33,440 [EventQueue-DeleteBlockStatusForDeletedBlockLogImpl] DEBUG block.DeletedBlockLogImpl (DeletedBlockLogImpl.java:isTransactionFailed(303)) - Got block deletion ACK from datanode, TXIDs=7, success=true
2022-10-11 12:48:33,440 [EventQueue-DeleteBlockStatusForDeletedBlockLogImpl] DEBUG block.DeletedBlockLogImpl (DeletedBlockLogImpl.java:commitTransactions(249)) - Transaction txId=7 commit by dnId=0b6ae373-df17-43b9-8f38-34bc24a5586b for containerID=#7 failed. Corresponding entry not found.
2022-10-11 12:48:33,440 [EventQueue-DeleteBlockStatusForDeletedBlockLogImpl] DEBUG block.DeletedBlockLogImpl (DeletedBlockLogImpl.java:isTransactionFailed(303)) - Got block deletion ACK from datanode, TXIDs=8, success=true
2022-10-11 12:48:33,440 [EventQueue-DeleteBlockStatusForDeletedBlockLogImpl] DEBUG block.DeletedBlockLogImpl (DeletedBlockLogImpl.java:commitTransactions(249)) - Transaction txId=8 commit by dnId=0b6ae373-df17-43b9-8f38-34bc24a5586b for containerID=#8 failed. Corresponding entry not found.
2022-10-11 12:48:33,440 [EventQueue-DeleteBlockStatusForDeletedBlockLogImpl] DEBUG block.DeletedBlockLogImpl (DeletedBlockLogImpl.java:isTransactionFailed(303)) - Got block deletion ACK from datanode, TXIDs=9, success=true
2022-10-11 12:48:33,441 [EventQueue-DeleteBlockStatusForDeletedBlockLogImpl] DEBUG block.DeletedBlockLogImpl (DeletedBlockLogImpl.java:commitTransactions(249)) - Transaction txId=9 commit by dnId=0b6ae373-df17-43b9-8f38-34bc24a5586b for containerID=#9 failed. Corresponding entry not found.
2022-10-11 12:48:33,441 [EventQueue-DeleteBlockStatusForDeletedBlockLogImpl] DEBUG block.DeletedBlockLogImpl (DeletedBlockLogImpl.java:isTransactionFailed(303)) - Got block deletion ACK from datanode, TXIDs=10, success=true
2022-10-11 12:48:33,441 [EventQueue-DeleteBlockStatusForDeletedBlockLogImpl] DEBUG block.DeletedBlockLogImpl (DeletedBlockLogImpl.java:commitTransactions(249)) - Transaction txId=10 commit by dnId=0b6ae373-df17-43b9-8f38-34bc24a5586b for containerID=#10 failed. Corresponding entry not found.
2022-10-11 12:48:33,441 [EventQueue-DeleteBlockStatusForDeletedBlockLogImpl] DEBUG block.DeletedBlockLogImpl (DeletedBlockLogImpl.java:isTransactionFailed(303)) - Got block deletion ACK from datanode, TXIDs=1, success=true
2022-10-11 12:48:33,441 [EventQueue-DeleteBlockStatusForDeletedBlockLogImpl] DEBUG block.DeletedBlockLogImpl (DeletedBlockLogImpl.java:commitTransactions(249)) - Transaction txId=1 commit by dnId=0b6ae373-df17-43b9-8f38-34bc24a5586b for containerID=#1 failed. Corresponding entry not found.
2022-10-11 12:48:33,444 [Listener at 127.0.0.1/38717] INFO  impl.StateMachineUpdater (StateMachineUpdater.java:stopAndJoin(153)) - om1@group-C5BA1605619E-StateMachineUpdater: set stopIndex = 68
2022-10-11 12:48:33,444 [om1@group-C5BA1605619E-StateMachineUpdater] INFO  ratis.OzoneManagerStateMachine (OzoneManagerStateMachine.java:takeSnapshot(441)) - Current Snapshot Index (t:1, i:68)
2022-10-11 12:48:33,445 [EventQueue-DeleteBlockStatusForDeletedBlockLogImpl] DEBUG block.DeletedBlockLogImpl (DeletedBlockLogImpl.java:isTransactionFailed(303)) - Got block deletion ACK from datanode, TXIDs=2, success=true
2022-10-11 12:48:33,445 [EventQueue-DeleteBlockStatusForDeletedBlockLogImpl] DEBUG block.DeletedBlockLogImpl (DeletedBlockLogImpl.java:commitTransactions(249)) - Transaction txId=2 commit by dnId=0b6ae373-df17-43b9-8f38-34bc24a5586b for containerID=#2 failed. Corresponding entry not found.
2022-10-11 12:48:33,445 [EventQueue-DeleteBlockStatusForDeletedBlockLogImpl] DEBUG block.DeletedBlockLogImpl (DeletedBlockLogImpl.java:isTransactionFailed(303)) - Got block deletion ACK from datanode, TXIDs=3, success=true
2022-10-11 12:48:33,445 [EventQueue-DeleteBlockStatusForDeletedBlockLogImpl] DEBUG block.DeletedBlockLogImpl (DeletedBlockLogImpl.java:commitTransactions(249)) - Transaction txId=3 commit by dnId=0b6ae373-df17-43b9-8f38-34bc24a5586b for containerID=#3 failed. Corresponding entry not found.
2022-10-11 12:48:33,445 [EventQueue-DeleteBlockStatusForDeletedBlockLogImpl] DEBUG block.DeletedBlockLogImpl (DeletedBlockLogImpl.java:isTransactionFailed(303)) - Got block deletion ACK from datanode, TXIDs=4, success=true
2022-10-11 12:48:33,445 [EventQueue-DeleteBlockStatusForDeletedBlockLogImpl] DEBUG block.DeletedBlockLogImpl (DeletedBlockLogImpl.java:commitTransactions(249)) - Transaction txId=4 commit by dnId=0b6ae373-df17-43b9-8f38-34bc24a5586b for containerID=#4 failed. Corresponding entry not found.
2022-10-11 12:48:33,445 [EventQueue-DeleteBlockStatusForDeletedBlockLogImpl] DEBUG block.DeletedBlockLogImpl (DeletedBlockLogImpl.java:isTransactionFailed(303)) - Got block deletion ACK from datanode, TXIDs=5, success=true
2022-10-11 12:48:33,445 [EventQueue-DeleteBlockStatusForDeletedBlockLogImpl] DEBUG block.DeletedBlockLogImpl (DeletedBlockLogImpl.java:commitTransactions(249)) - Transaction txId=5 commit by dnId=0b6ae373-df17-43b9-8f38-34bc24a5586b for containerID=#5 failed. Corresponding entry not found.
2022-10-11 12:48:33,445 [EventQueue-DeleteBlockStatusForDeletedBlockLogImpl] DEBUG block.DeletedBlockLogImpl (DeletedBlockLogImpl.java:isTransactionFailed(303)) - Got block deletion ACK from datanode, TXIDs=6, success=true
2022-10-11 12:48:33,445 [EventQueue-DeleteBlockStatusForDeletedBlockLogImpl] DEBUG block.DeletedBlockLogImpl (DeletedBlockLogImpl.java:commitTransactions(249)) - Transaction txId=6 commit by dnId=0b6ae373-df17-43b9-8f38-34bc24a5586b for containerID=#6 failed. Corresponding entry not found.
2022-10-11 12:48:33,445 [EventQueue-DeleteBlockStatusForDeletedBlockLogImpl] DEBUG block.DeletedBlockLogImpl (DeletedBlockLogImpl.java:isTransactionFailed(303)) - Got block deletion ACK from datanode, TXIDs=7, success=true
2022-10-11 12:48:33,445 [EventQueue-DeleteBlockStatusForDeletedBlockLogImpl] DEBUG block.DeletedBlockLogImpl (DeletedBlockLogImpl.java:commitTransactions(249)) - Transaction txId=7 commit by dnId=0b6ae373-df17-43b9-8f38-34bc24a5586b for containerID=#7 failed. Corresponding entry not found.
2022-10-11 12:48:33,445 [EventQueue-DeleteBlockStatusForDeletedBlockLogImpl] DEBUG block.DeletedBlockLogImpl (DeletedBlockLogImpl.java:isTransactionFailed(303)) - Got block deletion ACK from datanode, TXIDs=8, success=true
2022-10-11 12:48:33,445 [EventQueue-DeleteBlockStatusForDeletedBlockLogImpl] DEBUG block.DeletedBlockLogImpl (DeletedBlockLogImpl.java:commitTransactions(249)) - Transaction txId=8 commit by dnId=0b6ae373-df17-43b9-8f38-34bc24a5586b for containerID=#8 failed. Corresponding entry not found.
2022-10-11 12:48:33,445 [EventQueue-DeleteBlockStatusForDeletedBlockLogImpl] DEBUG block.DeletedBlockLogImpl (DeletedBlockLogImpl.java:isTransactionFailed(303)) - Got block deletion ACK from datanode, TXIDs=9, success=true
2022-10-11 12:48:33,445 [EventQueue-DeleteBlockStatusForDeletedBlockLogImpl] DEBUG block.DeletedBlockLogImpl (DeletedBlockLogImpl.java:commitTransactions(249)) - Transaction txId=9 commit by dnId=0b6ae373-df17-43b9-8f38-34bc24a5586b for containerID=#9 failed. Corresponding entry not found.
2022-10-11 12:48:33,445 [EventQueue-DeleteBlockStatusForDeletedBlockLogImpl] DEBUG block.DeletedBlockLogImpl (DeletedBlockLogImpl.java:isTransactionFailed(303)) - Got block deletion ACK from datanode, TXIDs=10, success=true
2022-10-11 12:48:33,445 [EventQueue-DeleteBlockStatusForDeletedBlockLogImpl] DEBUG block.DeletedBlockLogImpl (DeletedBlockLogImpl.java:commitTransactions(249)) - Transaction txId=10 commit by dnId=0b6ae373-df17-43b9-8f38-34bc24a5586b for containerID=#10 failed. Corresponding entry not found.
2022-10-11 12:48:33,445 [EventQueue-DeleteBlockStatusForDeletedBlockLogImpl] DEBUG block.DeletedBlockLogImpl (DeletedBlockLogImpl.java:isTransactionFailed(303)) - Got block deletion ACK from datanode, TXIDs=1, success=true
2022-10-11 12:48:33,445 [EventQueue-DeleteBlockStatusForDeletedBlockLogImpl] DEBUG block.DeletedBlockLogImpl (DeletedBlockLogImpl.java:commitTransactions(249)) - Transaction txId=1 commit by dnId=0b6ae373-df17-43b9-8f38-34bc24a5586b for containerID=#1 failed. Corresponding entry not found.
2022-10-11 12:48:33,445 [EventQueue-DeleteBlockStatusForDeletedBlockLogImpl] DEBUG block.DeletedBlockLogImpl (DeletedBlockLogImpl.java:isTransactionFailed(303)) - Got block deletion ACK from datanode, TXIDs=2, success=true
2022-10-11 12:48:33,445 [EventQueue-DeleteBlockStatusForDeletedBlockLogImpl] DEBUG block.DeletedBlockLogImpl (DeletedBlockLogImpl.java:commitTransactions(249)) - Transaction txId=2 commit by dnId=0b6ae373-df17-43b9-8f38-34bc24a5586b for containerID=#2 failed. Corresponding entry not found.
2022-10-11 12:48:33,445 [EventQueue-DeleteBlockStatusForDeletedBlockLogImpl] DEBUG block.DeletedBlockLogImpl (DeletedBlockLogImpl.java:isTransactionFailed(303)) - Got block deletion ACK from datanode, TXIDs=3, success=true
2022-10-11 12:48:33,445 [EventQueue-DeleteBlockStatusForDeletedBlockLogImpl] DEBUG block.DeletedBlockLogImpl (DeletedBlockLogImpl.java:commitTransactions(249)) - Transaction txId=3 commit by dnId=0b6ae373-df17-43b9-8f38-34bc24a5586b for containerID=#3 failed. Corresponding entry not found.
2022-10-11 12:48:33,446 [EventQueue-DeleteBlockStatusForDeletedBlockLogImpl] DEBUG block.DeletedBlockLogImpl (DeletedBlockLogImpl.java:isTransactionFailed(303)) - Got block deletion ACK from datanode, TXIDs=4, success=true
2022-10-11 12:48:33,446 [EventQueue-DeleteBlockStatusForDeletedBlockLogImpl] DEBUG block.DeletedBlockLogImpl (DeletedBlockLogImpl.java:commitTransactions(249)) - Transaction txId=4 commit by dnId=0b6ae373-df17-43b9-8f38-34bc24a5586b for containerID=#4 failed. Corresponding entry not found.
2022-10-11 12:48:33,446 [EventQueue-DeleteBlockStatusForDeletedBlockLogImpl] DEBUG block.DeletedBlockLogImpl (DeletedBlockLogImpl.java:isTransactionFailed(303)) - Got block deletion ACK from datanode, TXIDs=5, success=true
2022-10-11 12:48:33,446 [EventQueue-DeleteBlockStatusForDeletedBlockLogImpl] DEBUG block.DeletedBlockLogImpl (DeletedBlockLogImpl.java:commitTransactions(249)) - Transaction txId=5 commit by dnId=0b6ae373-df17-43b9-8f38-34bc24a5586b for containerID=#5 failed. Corresponding entry not found.
2022-10-11 12:48:33,446 [EventQueue-DeleteBlockStatusForDeletedBlockLogImpl] DEBUG block.DeletedBlockLogImpl (DeletedBlockLogImpl.java:isTransactionFailed(303)) - Got block deletion ACK from datanode, TXIDs=6, success=true
2022-10-11 12:48:33,446 [EventQueue-DeleteBlockStatusForDeletedBlockLogImpl] DEBUG block.DeletedBlockLogImpl (DeletedBlockLogImpl.java:commitTransactions(249)) - Transaction txId=6 commit by dnId=0b6ae373-df17-43b9-8f38-34bc24a5586b for containerID=#6 failed. Corresponding entry not found.
2022-10-11 12:48:33,446 [EventQueue-DeleteBlockStatusForDeletedBlockLogImpl] DEBUG block.DeletedBlockLogImpl (DeletedBlockLogImpl.java:isTransactionFailed(303)) - Got block deletion ACK from datanode, TXIDs=7, success=true
2022-10-11 12:48:33,446 [EventQueue-DeleteBlockStatusForDeletedBlockLogImpl] DEBUG block.DeletedBlockLogImpl (DeletedBlockLogImpl.java:commitTransactions(249)) - Transaction txId=7 commit by dnId=0b6ae373-df17-43b9-8f38-34bc24a5586b for containerID=#7 failed. Corresponding entry not found.
2022-10-11 12:48:33,446 [EventQueue-DeleteBlockStatusForDeletedBlockLogImpl] DEBUG block.DeletedBlockLogImpl (DeletedBlockLogImpl.java:isTransactionFailed(303)) - Got block deletion ACK from datanode, TXIDs=8, success=true
2022-10-11 12:48:33,446 [EventQueue-DeleteBlockStatusForDeletedBlockLogImpl] DEBUG block.DeletedBlockLogImpl (DeletedBlockLogImpl.java:commitTransactions(249)) - Transaction txId=8 commit by dnId=0b6ae373-df17-43b9-8f38-34bc24a5586b for containerID=#8 failed. Corresponding entry not found.
2022-10-11 12:48:33,446 [EventQueue-DeleteBlockStatusForDeletedBlockLogImpl] DEBUG block.DeletedBlockLogImpl (DeletedBlockLogImpl.java:isTransactionFailed(303)) - Got block deletion ACK from datanode, TXIDs=9, success=true
2022-10-11 12:48:33,446 [EventQueue-DeleteBlockStatusForDeletedBlockLogImpl] DEBUG block.DeletedBlockLogImpl (DeletedBlockLogImpl.java:commitTransactions(249)) - Transaction txId=9 commit by dnId=0b6ae373-df17-43b9-8f38-34bc24a5586b for containerID=#9 failed. Corresponding entry not found.
2022-10-11 12:48:33,446 [EventQueue-DeleteBlockStatusForDeletedBlockLogImpl] DEBUG block.DeletedBlockLogImpl (DeletedBlockLogImpl.java:isTransactionFailed(303)) - Got block deletion ACK from datanode, TXIDs=10, success=true
2022-10-11 12:48:33,446 [EventQueue-DeleteBlockStatusForDeletedBlockLogImpl] DEBUG block.DeletedBlockLogImpl (DeletedBlockLogImpl.java:commitTransactions(249)) - Transaction txId=10 commit by dnId=0b6ae373-df17-43b9-8f38-34bc24a5586b for containerID=#10 failed. Corresponding entry not found.
2022-10-11 12:48:33,446 [EventQueue-DeleteBlockStatusForDeletedBlockLogImpl] DEBUG block.DeletedBlockLogImpl (DeletedBlockLogImpl.java:isTransactionFailed(303)) - Got block deletion ACK from datanode, TXIDs=1, success=true
2022-10-11 12:48:33,446 [om1@group-C5BA1605619E-StateMachineUpdater] INFO  impl.StateMachineUpdater (StateMachineUpdater.java:takeSnapshot(287)) - om1@group-C5BA1605619E-StateMachineUpdater: Took a snapshot at index 68
2022-10-11 12:48:33,449 [SCMBlockDeletingService#0] DEBUG block.SCMBlockDeletingService (SCMBlockDeletingService.java:call(131)) - Running DeletedBlockTransactionScanner
2022-10-11 12:48:33,449 [om1@group-C5BA1605619E-StateMachineUpdater] INFO  impl.StateMachineUpdater (StateMachineUpdater.java:lambda$new$0(92)) - om1@group-C5BA1605619E-StateMachineUpdater: snapshotIndex: updateIncreasingly -1 -> 68
2022-10-11 12:48:33,449 [om1@group-C5BA1605619E-StateMachineUpdater] INFO  ratis.OzoneManagerStateMachine (OzoneManagerStateMachine.java:close(495)) - StateMachine has shutdown. Shutdown OzoneManager if not already shutdown.
2022-10-11 12:48:33,449 [om1@group-C5BA1605619E-StateMachineUpdater] INFO  ratis.OzoneManagerDoubleBuffer (OzoneManagerDoubleBuffer.java:stop(466)) - Stopping OMDoubleBuffer flush thread
2022-10-11 12:48:33,449 [OMDoubleBufferFlushThread] INFO  ratis.OzoneManagerDoubleBuffer (OzoneManagerDoubleBuffer.java:flushTransactions(385)) - OMDoubleBuffer flush thread OMDoubleBufferFlushThread is interrupted and will exit.
2022-10-11 12:48:33,451 [EventQueue-DeleteBlockStatusForDeletedBlockLogImpl] DEBUG block.DeletedBlockLogImpl (DeletedBlockLogImpl.java:commitTransactions(249)) - Transaction txId=1 commit by dnId=0b6ae373-df17-43b9-8f38-34bc24a5586b for containerID=#1 failed. Corresponding entry not found.
2022-10-11 12:48:33,451 [EventQueue-DeleteBlockStatusForDeletedBlockLogImpl] DEBUG block.DeletedBlockLogImpl (DeletedBlockLogImpl.java:isTransactionFailed(303)) - Got block deletion ACK from datanode, TXIDs=2, success=true
2022-10-11 12:48:33,452 [Listener at 127.0.0.1/38717] INFO  server.RaftServer$Division (ServerState.java:close(429)) - om1@group-C5BA1605619E: closes. applyIndex: 68
2022-10-11 12:48:33,452 [EventQueue-DeleteBlockStatusForDeletedBlockLogImpl] DEBUG block.DeletedBlockLogImpl (DeletedBlockLogImpl.java:commitTransactions(249)) - Transaction txId=2 commit by dnId=0b6ae373-df17-43b9-8f38-34bc24a5586b for containerID=#2 failed. Corresponding entry not found.
2022-10-11 12:48:33,452 [EventQueue-DeleteBlockStatusForDeletedBlockLogImpl] DEBUG block.DeletedBlockLogImpl (DeletedBlockLogImpl.java:isTransactionFailed(303)) - Got block deletion ACK from datanode, TXIDs=3, success=true
2022-10-11 12:48:33,452 [EventQueue-DeleteBlockStatusForDeletedBlockLogImpl] DEBUG block.DeletedBlockLogImpl (DeletedBlockLogImpl.java:commitTransactions(249)) - Transaction txId=3 commit by dnId=0b6ae373-df17-43b9-8f38-34bc24a5586b for containerID=#3 failed. Corresponding entry not found.
2022-10-11 12:48:33,452 [EventQueue-DeleteBlockStatusForDeletedBlockLogImpl] DEBUG block.DeletedBlockLogImpl (DeletedBlockLogImpl.java:isTransactionFailed(303)) - Got block deletion ACK from datanode, TXIDs=4, success=true
2022-10-11 12:48:33,452 [EventQueue-DeleteBlockStatusForDeletedBlockLogImpl] DEBUG block.DeletedBlockLogImpl (DeletedBlockLogImpl.java:commitTransactions(249)) - Transaction txId=4 commit by dnId=0b6ae373-df17-43b9-8f38-34bc24a5586b for containerID=#4 failed. Corresponding entry not found.
2022-10-11 12:48:33,452 [EventQueue-DeleteBlockStatusForDeletedBlockLogImpl] DEBUG block.DeletedBlockLogImpl (DeletedBlockLogImpl.java:isTransactionFailed(303)) - Got block deletion ACK from datanode, TXIDs=5, success=true
2022-10-11 12:48:33,452 [EventQueue-DeleteBlockStatusForDeletedBlockLogImpl] DEBUG block.DeletedBlockLogImpl (DeletedBlockLogImpl.java:commitTransactions(249)) - Transaction txId=5 commit by dnId=0b6ae373-df17-43b9-8f38-34bc24a5586b for containerID=#5 failed. Corresponding entry not found.
2022-10-11 12:48:33,453 [EventQueue-DeleteBlockStatusForDeletedBlockLogImpl] DEBUG block.DeletedBlockLogImpl (DeletedBlockLogImpl.java:isTransactionFailed(303)) - Got block deletion ACK from datanode, TXIDs=1, success=true
2022-10-11 12:48:33,453 [EventQueue-DeleteBlockStatusForDeletedBlockLogImpl] DEBUG block.DeletedBlockLogImpl (DeletedBlockLogImpl.java:commitTransactions(249)) - Transaction txId=1 commit by dnId=0b6ae373-df17-43b9-8f38-34bc24a5586b for containerID=#1 failed. Corresponding entry not found.
2022-10-11 12:48:33,453 [EventQueue-DeleteBlockStatusForDeletedBlockLogImpl] DEBUG block.DeletedBlockLogImpl (DeletedBlockLogImpl.java:isTransactionFailed(303)) - Got block deletion ACK from datanode, TXIDs=2, success=true
2022-10-11 12:48:33,453 [EventQueue-DeleteBlockStatusForDeletedBlockLogImpl] DEBUG block.DeletedBlockLogImpl (DeletedBlockLogImpl.java:commitTransactions(249)) - Transaction txId=2 commit by dnId=0b6ae373-df17-43b9-8f38-34bc24a5586b for containerID=#2 failed. Corresponding entry not found.
2022-10-11 12:48:33,453 [EventQueue-DeleteBlockStatusForDeletedBlockLogImpl] DEBUG block.DeletedBlockLogImpl (DeletedBlockLogImpl.java:isTransactionFailed(303)) - Got block deletion ACK from datanode, TXIDs=3, success=true
2022-10-11 12:48:33,453 [EventQueue-DeleteBlockStatusForDeletedBlockLogImpl] DEBUG block.DeletedBlockLogImpl (DeletedBlockLogImpl.java:commitTransactions(249)) - Transaction txId=3 commit by dnId=0b6ae373-df17-43b9-8f38-34bc24a5586b for containerID=#3 failed. Corresponding entry not found.
2022-10-11 12:48:33,453 [EventQueue-DeleteBlockStatusForDeletedBlockLogImpl] DEBUG block.DeletedBlockLogImpl (DeletedBlockLogImpl.java:isTransactionFailed(303)) - Got block deletion ACK from datanode, TXIDs=4, success=true
2022-10-11 12:48:33,453 [EventQueue-DeleteBlockStatusForDeletedBlockLogImpl] DEBUG block.DeletedBlockLogImpl (DeletedBlockLogImpl.java:commitTransactions(249)) - Transaction txId=4 commit by dnId=0b6ae373-df17-43b9-8f38-34bc24a5586b for containerID=#4 failed. Corresponding entry not found.
2022-10-11 12:48:33,453 [EventQueue-DeleteBlockStatusForDeletedBlockLogImpl] DEBUG block.DeletedBlockLogImpl (DeletedBlockLogImpl.java:isTransactionFailed(303)) - Got block deletion ACK from datanode, TXIDs=5, success=true
2022-10-11 12:48:33,453 [EventQueue-DeleteBlockStatusForDeletedBlockLogImpl] DEBUG block.DeletedBlockLogImpl (DeletedBlockLogImpl.java:commitTransactions(249)) - Transaction txId=5 commit by dnId=0b6ae373-df17-43b9-8f38-34bc24a5586b for containerID=#5 failed. Corresponding entry not found.
2022-10-11 12:48:33,453 [EventQueue-DeleteBlockStatusForDeletedBlockLogImpl] DEBUG block.DeletedBlockLogImpl (DeletedBlockLogImpl.java:isTransactionFailed(303)) - Got block deletion ACK from datanode, TXIDs=6, success=true
2022-10-11 12:48:33,453 [EventQueue-DeleteBlockStatusForDeletedBlockLogImpl] DEBUG block.DeletedBlockLogImpl (DeletedBlockLogImpl.java:commitTransactions(249)) - Transaction txId=6 commit by dnId=0b6ae373-df17-43b9-8f38-34bc24a5586b for containerID=#6 failed. Corresponding entry not found.
2022-10-11 12:48:33,453 [EventQueue-DeleteBlockStatusForDeletedBlockLogImpl] DEBUG block.DeletedBlockLogImpl (DeletedBlockLogImpl.java:isTransactionFailed(303)) - Got block deletion ACK from datanode, TXIDs=7, success=true
2022-10-11 12:48:33,453 [EventQueue-DeleteBlockStatusForDeletedBlockLogImpl] DEBUG block.DeletedBlockLogImpl (DeletedBlockLogImpl.java:commitTransactions(249)) - Transaction txId=7 commit by dnId=0b6ae373-df17-43b9-8f38-34bc24a5586b for containerID=#7 failed. Corresponding entry not found.
2022-10-11 12:48:33,453 [om1@group-C5BA1605619E-SegmentedRaftLogWorker] INFO  segmented.SegmentedRaftLogWorker (SegmentedRaftLogWorker.java:run(336)) - om1@group-C5BA1605619E-SegmentedRaftLogWorker was interrupted, exiting. There are 0 tasks remaining in the queue.
2022-10-11 12:48:33,454 [EventQueue-DeleteBlockStatusForDeletedBlockLogImpl] DEBUG block.DeletedBlockLogImpl (DeletedBlockLogImpl.java:isTransactionFailed(303)) - Got block deletion ACK from datanode, TXIDs=8, success=true
2022-10-11 12:48:33,454 [EventQueue-DeleteBlockStatusForDeletedBlockLogImpl] DEBUG block.DeletedBlockLogImpl (DeletedBlockLogImpl.java:commitTransactions(249)) - Transaction txId=8 commit by dnId=0b6ae373-df17-43b9-8f38-34bc24a5586b for containerID=#8 failed. Corresponding entry not found.
2022-10-11 12:48:33,454 [EventQueue-DeleteBlockStatusForDeletedBlockLogImpl] DEBUG block.DeletedBlockLogImpl (DeletedBlockLogImpl.java:isTransactionFailed(303)) - Got block deletion ACK from datanode, TXIDs=9, success=true
2022-10-11 12:48:33,454 [EventQueue-DeleteBlockStatusForDeletedBlockLogImpl] DEBUG block.DeletedBlockLogImpl (DeletedBlockLogImpl.java:commitTransactions(249)) - Transaction txId=9 commit by dnId=0b6ae373-df17-43b9-8f38-34bc24a5586b for containerID=#9 failed. Corresponding entry not found.
2022-10-11 12:48:33,454 [EventQueue-DeleteBlockStatusForDeletedBlockLogImpl] DEBUG block.DeletedBlockLogImpl (DeletedBlockLogImpl.java:isTransactionFailed(303)) - Got block deletion ACK from datanode, TXIDs=10, success=true
2022-10-11 12:48:33,454 [EventQueue-DeleteBlockStatusForDeletedBlockLogImpl] DEBUG block.DeletedBlockLogImpl (DeletedBlockLogImpl.java:commitTransactions(249)) - Transaction txId=10 commit by dnId=0b6ae373-df17-43b9-8f38-34bc24a5586b for containerID=#10 failed. Corresponding entry not found.
2022-10-11 12:48:33,455 [Listener at 127.0.0.1/38717] INFO  segmented.SegmentedRaftLogWorker (SegmentedRaftLogWorker.java:close(246)) - om1@group-C5BA1605619E-SegmentedRaftLogWorker close()
2022-10-11 12:48:33,456 [Listener at 127.0.0.1/38717] INFO  server.GrpcService (GrpcService.java:closeImpl(269)) - om1: shutdown server with port 9872 now
2022-10-11 12:48:33,458 [EventQueue-DeleteBlockStatusForDeletedBlockLogImpl] DEBUG block.DeletedBlockLogImpl (DeletedBlockLogImpl.java:isTransactionFailed(303)) - Got block deletion ACK from datanode, TXIDs=1, success=true
2022-10-11 12:48:33,459 [EventQueue-DeleteBlockStatusForDeletedBlockLogImpl] DEBUG block.DeletedBlockLogImpl (DeletedBlockLogImpl.java:commitTransactions(249)) - Transaction txId=1 commit by dnId=0b6ae373-df17-43b9-8f38-34bc24a5586b for containerID=#1 failed. Corresponding entry not found.
2022-10-11 12:48:33,459 [EventQueue-DeleteBlockStatusForDeletedBlockLogImpl] DEBUG block.DeletedBlockLogImpl (DeletedBlockLogImpl.java:isTransactionFailed(303)) - Got block deletion ACK from datanode, TXIDs=2, success=true
2022-10-11 12:48:33,459 [EventQueue-DeleteBlockStatusForDeletedBlockLogImpl] DEBUG block.DeletedBlockLogImpl (DeletedBlockLogImpl.java:commitTransactions(249)) - Transaction txId=2 commit by dnId=0b6ae373-df17-43b9-8f38-34bc24a5586b for containerID=#2 failed. Corresponding entry not found.
2022-10-11 12:48:33,459 [EventQueue-DeleteBlockStatusForDeletedBlockLogImpl] DEBUG block.DeletedBlockLogImpl (DeletedBlockLogImpl.java:isTransactionFailed(303)) - Got block deletion ACK from datanode, TXIDs=3, success=true
2022-10-11 12:48:33,459 [EventQueue-DeleteBlockStatusForDeletedBlockLogImpl] DEBUG block.DeletedBlockLogImpl (DeletedBlockLogImpl.java:commitTransactions(249)) - Transaction txId=3 commit by dnId=0b6ae373-df17-43b9-8f38-34bc24a5586b for containerID=#3 failed. Corresponding entry not found.
2022-10-11 12:48:33,459 [EventQueue-DeleteBlockStatusForDeletedBlockLogImpl] DEBUG block.DeletedBlockLogImpl (DeletedBlockLogImpl.java:isTransactionFailed(303)) - Got block deletion ACK from datanode, TXIDs=4, success=true
2022-10-11 12:48:33,459 [EventQueue-DeleteBlockStatusForDeletedBlockLogImpl] DEBUG block.DeletedBlockLogImpl (DeletedBlockLogImpl.java:commitTransactions(249)) - Transaction txId=4 commit by dnId=0b6ae373-df17-43b9-8f38-34bc24a5586b for containerID=#4 failed. Corresponding entry not found.
2022-10-11 12:48:33,459 [EventQueue-DeleteBlockStatusForDeletedBlockLogImpl] DEBUG block.DeletedBlockLogImpl (DeletedBlockLogImpl.java:isTransactionFailed(303)) - Got block deletion ACK from datanode, TXIDs=5, success=true
2022-10-11 12:48:33,459 [EventQueue-DeleteBlockStatusForDeletedBlockLogImpl] DEBUG block.DeletedBlockLogImpl (DeletedBlockLogImpl.java:commitTransactions(249)) - Transaction txId=5 commit by dnId=0b6ae373-df17-43b9-8f38-34bc24a5586b for containerID=#5 failed. Corresponding entry not found.
2022-10-11 12:48:33,459 [EventQueue-DeleteBlockStatusForDeletedBlockLogImpl] DEBUG block.DeletedBlockLogImpl (DeletedBlockLogImpl.java:isTransactionFailed(303)) - Got block deletion ACK from datanode, TXIDs=6, success=true
2022-10-11 12:48:33,459 [EventQueue-DeleteBlockStatusForDeletedBlockLogImpl] DEBUG block.DeletedBlockLogImpl (DeletedBlockLogImpl.java:commitTransactions(249)) - Transaction txId=6 commit by dnId=0b6ae373-df17-43b9-8f38-34bc24a5586b for containerID=#6 failed. Corresponding entry not found.
2022-10-11 12:48:33,459 [EventQueue-DeleteBlockStatusForDeletedBlockLogImpl] DEBUG block.DeletedBlockLogImpl (DeletedBlockLogImpl.java:isTransactionFailed(303)) - Got block deletion ACK from datanode, TXIDs=7, success=true
2022-10-11 12:48:33,459 [EventQueue-DeleteBlockStatusForDeletedBlockLogImpl] DEBUG block.DeletedBlockLogImpl (DeletedBlockLogImpl.java:commitTransactions(249)) - Transaction txId=7 commit by dnId=0b6ae373-df17-43b9-8f38-34bc24a5586b for containerID=#7 failed. Corresponding entry not found.
2022-10-11 12:48:33,459 [EventQueue-DeleteBlockStatusForDeletedBlockLogImpl] DEBUG block.DeletedBlockLogImpl (DeletedBlockLogImpl.java:isTransactionFailed(303)) - Got block deletion ACK from datanode, TXIDs=8, success=true
2022-10-11 12:48:33,459 [EventQueue-DeleteBlockStatusForDeletedBlockLogImpl] DEBUG block.DeletedBlockLogImpl (DeletedBlockLogImpl.java:commitTransactions(249)) - Transaction txId=8 commit by dnId=0b6ae373-df17-43b9-8f38-34bc24a5586b for containerID=#8 failed. Corresponding entry not found.
2022-10-11 12:48:33,459 [EventQueue-DeleteBlockStatusForDeletedBlockLogImpl] DEBUG block.DeletedBlockLogImpl (DeletedBlockLogImpl.java:isTransactionFailed(303)) - Got block deletion ACK from datanode, TXIDs=9, success=true
2022-10-11 12:48:33,459 [EventQueue-DeleteBlockStatusForDeletedBlockLogImpl] DEBUG block.DeletedBlockLogImpl (DeletedBlockLogImpl.java:commitTransactions(249)) - Transaction txId=9 commit by dnId=0b6ae373-df17-43b9-8f38-34bc24a5586b for containerID=#9 failed. Corresponding entry not found.
2022-10-11 12:48:33,459 [EventQueue-DeleteBlockStatusForDeletedBlockLogImpl] DEBUG block.DeletedBlockLogImpl (DeletedBlockLogImpl.java:isTransactionFailed(303)) - Got block deletion ACK from datanode, TXIDs=10, success=true
2022-10-11 12:48:33,460 [EventQueue-DeleteBlockStatusForDeletedBlockLogImpl] DEBUG block.DeletedBlockLogImpl (DeletedBlockLogImpl.java:commitTransactions(249)) - Transaction txId=10 commit by dnId=0b6ae373-df17-43b9-8f38-34bc24a5586b for containerID=#10 failed. Corresponding entry not found.
2022-10-11 12:48:33,460 [EventQueue-DeleteBlockStatusForDeletedBlockLogImpl] DEBUG block.DeletedBlockLogImpl (DeletedBlockLogImpl.java:isTransactionFailed(303)) - Got block deletion ACK from datanode, TXIDs=1, success=true
2022-10-11 12:48:33,460 [EventQueue-DeleteBlockStatusForDeletedBlockLogImpl] DEBUG block.DeletedBlockLogImpl (DeletedBlockLogImpl.java:commitTransactions(249)) - Transaction txId=1 commit by dnId=0b6ae373-df17-43b9-8f38-34bc24a5586b for containerID=#1 failed. Corresponding entry not found.
2022-10-11 12:48:33,460 [EventQueue-DeleteBlockStatusForDeletedBlockLogImpl] DEBUG block.DeletedBlockLogImpl (DeletedBlockLogImpl.java:isTransactionFailed(303)) - Got block deletion ACK from datanode, TXIDs=2, success=true
2022-10-11 12:48:33,460 [EventQueue-DeleteBlockStatusForDeletedBlockLogImpl] DEBUG block.DeletedBlockLogImpl (DeletedBlockLogImpl.java:commitTransactions(249)) - Transaction txId=2 commit by dnId=0b6ae373-df17-43b9-8f38-34bc24a5586b for containerID=#2 failed. Corresponding entry not found.
2022-10-11 12:48:33,460 [EventQueue-DeleteBlockStatusForDeletedBlockLogImpl] DEBUG block.DeletedBlockLogImpl (DeletedBlockLogImpl.java:isTransactionFailed(303)) - Got block deletion ACK from datanode, TXIDs=3, success=true
2022-10-11 12:48:33,460 [EventQueue-DeleteBlockStatusForDeletedBlockLogImpl] DEBUG block.DeletedBlockLogImpl (DeletedBlockLogImpl.java:commitTransactions(249)) - Transaction txId=3 commit by dnId=0b6ae373-df17-43b9-8f38-34bc24a5586b for containerID=#3 failed. Corresponding entry not found.
2022-10-11 12:48:33,460 [EventQueue-DeleteBlockStatusForDeletedBlockLogImpl] DEBUG block.DeletedBlockLogImpl (DeletedBlockLogImpl.java:isTransactionFailed(303)) - Got block deletion ACK from datanode, TXIDs=4, success=true
2022-10-11 12:48:33,460 [EventQueue-DeleteBlockStatusForDeletedBlockLogImpl] DEBUG block.DeletedBlockLogImpl (DeletedBlockLogImpl.java:commitTransactions(249)) - Transaction txId=4 commit by dnId=0b6ae373-df17-43b9-8f38-34bc24a5586b for containerID=#4 failed. Corresponding entry not found.
2022-10-11 12:48:33,462 [EventQueue-DeleteBlockStatusForDeletedBlockLogImpl] DEBUG block.DeletedBlockLogImpl (DeletedBlockLogImpl.java:isTransactionFailed(303)) - Got block deletion ACK from datanode, TXIDs=5, success=true
2022-10-11 12:48:33,462 [EventQueue-DeleteBlockStatusForDeletedBlockLogImpl] DEBUG block.DeletedBlockLogImpl (DeletedBlockLogImpl.java:commitTransactions(249)) - Transaction txId=5 commit by dnId=0b6ae373-df17-43b9-8f38-34bc24a5586b for containerID=#5 failed. Corresponding entry not found.
2022-10-11 12:48:33,462 [EventQueue-DeleteBlockStatusForDeletedBlockLogImpl] DEBUG block.DeletedBlockLogImpl (DeletedBlockLogImpl.java:isTransactionFailed(303)) - Got block deletion ACK from datanode, TXIDs=6, success=true
2022-10-11 12:48:33,462 [EventQueue-DeleteBlockStatusForDeletedBlockLogImpl] DEBUG block.DeletedBlockLogImpl (DeletedBlockLogImpl.java:commitTransactions(249)) - Transaction txId=6 commit by dnId=0b6ae373-df17-43b9-8f38-34bc24a5586b for containerID=#6 failed. Corresponding entry not found.
2022-10-11 12:48:33,462 [EventQueue-DeleteBlockStatusForDeletedBlockLogImpl] DEBUG block.DeletedBlockLogImpl (DeletedBlockLogImpl.java:isTransactionFailed(303)) - Got block deletion ACK from datanode, TXIDs=7, success=true
2022-10-11 12:48:33,462 [EventQueue-DeleteBlockStatusForDeletedBlockLogImpl] DEBUG block.DeletedBlockLogImpl (DeletedBlockLogImpl.java:commitTransactions(249)) - Transaction txId=7 commit by dnId=0b6ae373-df17-43b9-8f38-34bc24a5586b for containerID=#7 failed. Corresponding entry not found.
2022-10-11 12:48:33,462 [EventQueue-DeleteBlockStatusForDeletedBlockLogImpl] DEBUG block.DeletedBlockLogImpl (DeletedBlockLogImpl.java:isTransactionFailed(303)) - Got block deletion ACK from datanode, TXIDs=8, success=true
2022-10-11 12:48:33,463 [EventQueue-DeleteBlockStatusForDeletedBlockLogImpl] DEBUG block.DeletedBlockLogImpl (DeletedBlockLogImpl.java:commitTransactions(249)) - Transaction txId=8 commit by dnId=0b6ae373-df17-43b9-8f38-34bc24a5586b for containerID=#8 failed. Corresponding entry not found.
2022-10-11 12:48:33,463 [EventQueue-DeleteBlockStatusForDeletedBlockLogImpl] DEBUG block.DeletedBlockLogImpl (DeletedBlockLogImpl.java:isTransactionFailed(303)) - Got block deletion ACK from datanode, TXIDs=9, success=true
2022-10-11 12:48:33,463 [EventQueue-DeleteBlockStatusForDeletedBlockLogImpl] DEBUG block.DeletedBlockLogImpl (DeletedBlockLogImpl.java:commitTransactions(249)) - Transaction txId=9 commit by dnId=0b6ae373-df17-43b9-8f38-34bc24a5586b for containerID=#9 failed. Corresponding entry not found.
2022-10-11 12:48:33,463 [EventQueue-DeleteBlockStatusForDeletedBlockLogImpl] DEBUG block.DeletedBlockLogImpl (DeletedBlockLogImpl.java:isTransactionFailed(303)) - Got block deletion ACK from datanode, TXIDs=10, success=true
2022-10-11 12:48:33,463 [EventQueue-DeleteBlockStatusForDeletedBlockLogImpl] DEBUG block.DeletedBlockLogImpl (DeletedBlockLogImpl.java:commitTransactions(249)) - Transaction txId=10 commit by dnId=0b6ae373-df17-43b9-8f38-34bc24a5586b for containerID=#10 failed. Corresponding entry not found.
2022-10-11 12:48:33,463 [EventQueue-DeleteBlockStatusForDeletedBlockLogImpl] DEBUG block.DeletedBlockLogImpl (DeletedBlockLogImpl.java:isTransactionFailed(303)) - Got block deletion ACK from datanode, TXIDs=1, success=true
2022-10-11 12:48:33,463 [EventQueue-DeleteBlockStatusForDeletedBlockLogImpl] DEBUG block.DeletedBlockLogImpl (DeletedBlockLogImpl.java:commitTransactions(249)) - Transaction txId=1 commit by dnId=0b6ae373-df17-43b9-8f38-34bc24a5586b for containerID=#1 failed. Corresponding entry not found.
2022-10-11 12:48:33,463 [EventQueue-DeleteBlockStatusForDeletedBlockLogImpl] DEBUG block.DeletedBlockLogImpl (DeletedBlockLogImpl.java:isTransactionFailed(303)) - Got block deletion ACK from datanode, TXIDs=2, success=true
2022-10-11 12:48:33,463 [EventQueue-DeleteBlockStatusForDeletedBlockLogImpl] DEBUG block.DeletedBlockLogImpl (DeletedBlockLogImpl.java:commitTransactions(249)) - Transaction txId=2 commit by dnId=0b6ae373-df17-43b9-8f38-34bc24a5586b for containerID=#2 failed. Corresponding entry not found.
2022-10-11 12:48:33,466 [EventQueue-DeleteBlockStatusForDeletedBlockLogImpl] DEBUG block.DeletedBlockLogImpl (DeletedBlockLogImpl.java:isTransactionFailed(303)) - Got block deletion ACK from datanode, TXIDs=3, success=true
2022-10-11 12:48:33,466 [EventQueue-DeleteBlockStatusForDeletedBlockLogImpl] DEBUG block.DeletedBlockLogImpl (DeletedBlockLogImpl.java:commitTransactions(249)) - Transaction txId=3 commit by dnId=0b6ae373-df17-43b9-8f38-34bc24a5586b for containerID=#3 failed. Corresponding entry not found.
2022-10-11 12:48:33,466 [EventQueue-DeleteBlockStatusForDeletedBlockLogImpl] DEBUG block.DeletedBlockLogImpl (DeletedBlockLogImpl.java:isTransactionFailed(303)) - Got block deletion ACK from datanode, TXIDs=4, success=true
2022-10-11 12:48:33,466 [EventQueue-DeleteBlockStatusForDeletedBlockLogImpl] DEBUG block.DeletedBlockLogImpl (DeletedBlockLogImpl.java:commitTransactions(249)) - Transaction txId=4 commit by dnId=0b6ae373-df17-43b9-8f38-34bc24a5586b for containerID=#4 failed. Corresponding entry not found.
2022-10-11 12:48:33,466 [EventQueue-DeleteBlockStatusForDeletedBlockLogImpl] DEBUG block.DeletedBlockLogImpl (DeletedBlockLogImpl.java:isTransactionFailed(303)) - Got block deletion ACK from datanode, TXIDs=5, success=true
2022-10-11 12:48:33,466 [EventQueue-DeleteBlockStatusForDeletedBlockLogImpl] DEBUG block.DeletedBlockLogImpl (DeletedBlockLogImpl.java:commitTransactions(249)) - Transaction txId=5 commit by dnId=0b6ae373-df17-43b9-8f38-34bc24a5586b for containerID=#5 failed. Corresponding entry not found.
2022-10-11 12:48:33,466 [EventQueue-DeleteBlockStatusForDeletedBlockLogImpl] DEBUG block.DeletedBlockLogImpl (DeletedBlockLogImpl.java:isTransactionFailed(303)) - Got block deletion ACK from datanode, TXIDs=6, success=true
2022-10-11 12:48:33,466 [EventQueue-DeleteBlockStatusForDeletedBlockLogImpl] DEBUG block.DeletedBlockLogImpl (DeletedBlockLogImpl.java:commitTransactions(249)) - Transaction txId=6 commit by dnId=0b6ae373-df17-43b9-8f38-34bc24a5586b for containerID=#6 failed. Corresponding entry not found.
2022-10-11 12:48:33,466 [EventQueue-DeleteBlockStatusForDeletedBlockLogImpl] DEBUG block.DeletedBlockLogImpl (DeletedBlockLogImpl.java:isTransactionFailed(303)) - Got block deletion ACK from datanode, TXIDs=7, success=true
2022-10-11 12:48:33,466 [EventQueue-DeleteBlockStatusForDeletedBlockLogImpl] DEBUG block.DeletedBlockLogImpl (DeletedBlockLogImpl.java:commitTransactions(249)) - Transaction txId=7 commit by dnId=0b6ae373-df17-43b9-8f38-34bc24a5586b for containerID=#7 failed. Corresponding entry not found.
2022-10-11 12:48:33,466 [EventQueue-DeleteBlockStatusForDeletedBlockLogImpl] DEBUG block.DeletedBlockLogImpl (DeletedBlockLogImpl.java:isTransactionFailed(303)) - Got block deletion ACK from datanode, TXIDs=8, success=true
2022-10-11 12:48:33,466 [EventQueue-DeleteBlockStatusForDeletedBlockLogImpl] DEBUG block.DeletedBlockLogImpl (DeletedBlockLogImpl.java:commitTransactions(249)) - Transaction txId=8 commit by dnId=0b6ae373-df17-43b9-8f38-34bc24a5586b for containerID=#8 failed. Corresponding entry not found.
2022-10-11 12:48:33,466 [EventQueue-DeleteBlockStatusForDeletedBlockLogImpl] DEBUG block.DeletedBlockLogImpl (DeletedBlockLogImpl.java:isTransactionFailed(303)) - Got block deletion ACK from datanode, TXIDs=9, success=true
2022-10-11 12:48:33,466 [EventQueue-DeleteBlockStatusForDeletedBlockLogImpl] DEBUG block.DeletedBlockLogImpl (DeletedBlockLogImpl.java:commitTransactions(249)) - Transaction txId=9 commit by dnId=0b6ae373-df17-43b9-8f38-34bc24a5586b for containerID=#9 failed. Corresponding entry not found.
2022-10-11 12:48:33,466 [EventQueue-DeleteBlockStatusForDeletedBlockLogImpl] DEBUG block.DeletedBlockLogImpl (DeletedBlockLogImpl.java:isTransactionFailed(303)) - Got block deletion ACK from datanode, TXIDs=10, success=true
2022-10-11 12:48:33,466 [EventQueue-DeleteBlockStatusForDeletedBlockLogImpl] DEBUG block.DeletedBlockLogImpl (DeletedBlockLogImpl.java:commitTransactions(249)) - Transaction txId=10 commit by dnId=0b6ae373-df17-43b9-8f38-34bc24a5586b for containerID=#10 failed. Corresponding entry not found.
2022-10-11 12:48:33,469 [Listener at 127.0.0.1/38717] INFO  server.GrpcService (GrpcService.java:closeImpl(278)) - om1: shutdown server with port 9872 successfully
2022-10-11 12:48:33,470 [org.apache.ratis.util.JvmPauseMonitor$$Lambda$703/795293305@39e79429] INFO  util.JvmPauseMonitor (JvmPauseMonitor.java:run(109)) - JvmPauseMonitor-om1: Stopped
2022-10-11 12:48:33,470 [Listener at 127.0.0.1/38717] INFO  ratis.OzoneManagerStateMachine (OzoneManagerStateMachine.java:close(495)) - StateMachine has shutdown. Shutdown OzoneManager if not already shutdown.
2022-10-11 12:48:33,470 [Listener at 127.0.0.1/38717] INFO  ratis.OzoneManagerDoubleBuffer (OzoneManagerDoubleBuffer.java:stop(478)) - OMDoubleBuffer flush thread is not running.
2022-10-11 12:48:33,470 [Listener at 127.0.0.1/38717] INFO  utils.BackgroundService (BackgroundService.java:shutdown(141)) - Shutting down service KeyDeletingService
2022-10-11 12:48:33,471 [Listener at 127.0.0.1/38717] INFO  utils.BackgroundService (BackgroundService.java:shutdown(141)) - Shutting down service DirectoryDeletingService
2022-10-11 12:48:33,471 [Listener at 127.0.0.1/38717] INFO  utils.BackgroundService (BackgroundService.java:shutdown(141)) - Shutting down service OpenKeyCleanupService
2022-10-11 12:48:33,474 [Listener at 127.0.0.1/38717] INFO  handler.ContextHandler (ContextHandler.java:doStop(1153)) - Stopped o.e.j.w.WebAppContext@500bde5b{ozoneManager,/,null,STOPPED}{file:/home/runner/work/ozone/ozone/hadoop-ozone/integration-test/target/test-classes/webapps/ozoneManager}
2022-10-11 12:48:33,478 [Listener at 127.0.0.1/38717] INFO  server.AbstractConnector (AbstractConnector.java:doStop(381)) - Stopped ServerConnector@7d8b1735{HTTP/1.1, (http/1.1)}{0.0.0.0:0}
2022-10-11 12:48:33,479 [Listener at 127.0.0.1/38717] INFO  server.session (HouseKeeper.java:stopScavenging(149)) - node0 Stopped scavenging
2022-10-11 12:48:33,479 [Listener at 127.0.0.1/38717] INFO  handler.ContextHandler (ContextHandler.java:doStop(1153)) - Stopped o.e.j.s.ServletContextHandler@b27b17d{static,/static,file:///home/runner/work/ozone/ozone/hadoop-ozone/integration-test/target/test-classes/webapps/static,STOPPED}
2022-10-11 12:48:33,479 [Listener at 127.0.0.1/38717] INFO  handler.ContextHandler (ContextHandler.java:doStop(1153)) - Stopped o.e.j.s.ServletContextHandler@35cca8bd{logs,/logs,file:///home/runner/work/ozone/ozone/hadoop-ozone/integration-test/target/log,STOPPED}
2022-10-11 12:48:33,483 [Listener at 127.0.0.1/38717] INFO  ozone.MiniOzoneClusterImpl (MiniOzoneClusterImpl.java:stopDatanodes(522)) - Stopping the HddsDatanodes
2022-10-11 12:48:33,493 [ForkJoinPool.commonPool-worker-1] INFO  ozoneimpl.OzoneContainer (OzoneContainer.java:stop(400)) - Attempting to stop container services.
2022-10-11 12:48:33,496 [ForkJoinPool.commonPool-worker-1] INFO  server.RaftServer (RaftServerProxy.java:lambda$close$7(398)) - 9db450c2-c065-4fcc-a5b2-7f05d2839b90: close
2022-10-11 12:48:33,496 [ForkJoinPool.commonPool-worker-1] INFO  server.RaftServer$Division (RaftServerImpl.java:lambda$close$4(434)) - 9db450c2-c065-4fcc-a5b2-7f05d2839b90@group-F98106D389A8: shutdown
2022-10-11 12:48:33,497 [ForkJoinPool.commonPool-worker-1] INFO  util.JmxRegister (JmxRegister.java:unregister(73)) - Successfully un-registered JMX Bean with object name Ratis:service=RaftServer,group=group-F98106D389A8,id=9db450c2-c065-4fcc-a5b2-7f05d2839b90
2022-10-11 12:48:33,497 [ForkJoinPool.commonPool-worker-1] INFO  impl.RoleInfo (RoleInfo.java:shutdownFollowerState(110)) - 9db450c2-c065-4fcc-a5b2-7f05d2839b90: shutdown 9db450c2-c065-4fcc-a5b2-7f05d2839b90@group-F98106D389A8-FollowerState
2022-10-11 12:48:33,497 [9db450c2-c065-4fcc-a5b2-7f05d2839b90@group-F98106D389A8-FollowerState] INFO  impl.FollowerState (FollowerState.java:run(152)) - 9db450c2-c065-4fcc-a5b2-7f05d2839b90@group-F98106D389A8-FollowerState was interrupted
2022-10-11 12:48:33,497 [ForkJoinPool.commonPool-worker-1] INFO  impl.StateMachineUpdater (StateMachineUpdater.java:stopAndJoin(153)) - 9db450c2-c065-4fcc-a5b2-7f05d2839b90@group-F98106D389A8-StateMachineUpdater: set stopIndex = 54
2022-10-11 12:48:33,498 [Listener at 127.0.0.1/38717] INFO  ozoneimpl.OzoneContainer (OzoneContainer.java:stop(400)) - Attempting to stop container services.
2022-10-11 12:48:33,498 [9db450c2-c065-4fcc-a5b2-7f05d2839b90@group-F98106D389A8-StateMachineUpdater] INFO  ratis.ContainerStateMachine (ContainerStateMachine.java:takeSnapshot(304)) - group-F98106D389A8: Taking a snapshot at:(t:5, i:54) file /home/runner/work/ozone/ozone/hadoop-ozone/integration-test/target/test-dir/MiniOzoneClusterImpl-5a0413bf-988c-4d76-bc8c-b64486c0eb5e/datanode-0/data/ratis/5d832645-cbd1-4476-91c5-f98106d389a8/sm/snapshot.5_54
2022-10-11 12:48:33,502 [Listener at 127.0.0.1/38717] INFO  server.RaftServer (RaftServerProxy.java:lambda$close$7(398)) - 0b6ae373-df17-43b9-8f38-34bc24a5586b: close
2022-10-11 12:48:33,502 [Listener at 127.0.0.1/38717] INFO  server.RaftServer$Division (RaftServerImpl.java:lambda$close$4(434)) - 0b6ae373-df17-43b9-8f38-34bc24a5586b@group-F98106D389A8: shutdown
2022-10-11 12:48:33,502 [Listener at 127.0.0.1/38717] INFO  util.JmxRegister (JmxRegister.java:unregister(73)) - Successfully un-registered JMX Bean with object name Ratis:service=RaftServer,group=group-F98106D389A8,id=0b6ae373-df17-43b9-8f38-34bc24a5586b
2022-10-11 12:48:33,502 [Listener at 127.0.0.1/38717] INFO  impl.RoleInfo (RoleInfo.java:shutdownFollowerState(110)) - 0b6ae373-df17-43b9-8f38-34bc24a5586b: shutdown 0b6ae373-df17-43b9-8f38-34bc24a5586b@group-F98106D389A8-FollowerState
2022-10-11 12:48:33,510 [0b6ae373-df17-43b9-8f38-34bc24a5586b@group-F98106D389A8-FollowerState] INFO  impl.FollowerState (FollowerState.java:run(152)) - 0b6ae373-df17-43b9-8f38-34bc24a5586b@group-F98106D389A8-FollowerState was interrupted
2022-10-11 12:48:33,510 [Listener at 127.0.0.1/38717] INFO  impl.StateMachineUpdater (StateMachineUpdater.java:stopAndJoin(153)) - 0b6ae373-df17-43b9-8f38-34bc24a5586b@group-F98106D389A8-StateMachineUpdater: set stopIndex = 54
2022-10-11 12:48:33,512 [0b6ae373-df17-43b9-8f38-34bc24a5586b@group-F98106D389A8-StateMachineUpdater] INFO  ratis.ContainerStateMachine (ContainerStateMachine.java:takeSnapshot(304)) - group-F98106D389A8: Taking a snapshot at:(t:5, i:54) file /home/runner/work/ozone/ozone/hadoop-ozone/integration-test/target/test-dir/MiniOzoneClusterImpl-5a0413bf-988c-4d76-bc8c-b64486c0eb5e/datanode-1/data/ratis/5d832645-cbd1-4476-91c5-f98106d389a8/sm/snapshot.5_54
2022-10-11 12:48:33,539 [9db450c2-c065-4fcc-a5b2-7f05d2839b90@group-F98106D389A8-StateMachineUpdater] INFO  ratis.ContainerStateMachine (ContainerStateMachine.java:takeSnapshot(315)) - group-F98106D389A8: Finished taking a snapshot at:(t:5, i:54) file:/home/runner/work/ozone/ozone/hadoop-ozone/integration-test/target/test-dir/MiniOzoneClusterImpl-5a0413bf-988c-4d76-bc8c-b64486c0eb5e/datanode-0/data/ratis/5d832645-cbd1-4476-91c5-f98106d389a8/sm/snapshot.5_54 took: 42 ms
2022-10-11 12:48:33,541 [9db450c2-c065-4fcc-a5b2-7f05d2839b90@group-F98106D389A8-StateMachineUpdater] INFO  impl.StateMachineUpdater (StateMachineUpdater.java:takeSnapshot(287)) - 9db450c2-c065-4fcc-a5b2-7f05d2839b90@group-F98106D389A8-StateMachineUpdater: Took a snapshot at index 54
2022-10-11 12:48:33,541 [9db450c2-c065-4fcc-a5b2-7f05d2839b90@group-F98106D389A8-StateMachineUpdater] INFO  impl.StateMachineUpdater (StateMachineUpdater.java:lambda$new$0(92)) - 9db450c2-c065-4fcc-a5b2-7f05d2839b90@group-F98106D389A8-StateMachineUpdater: snapshotIndex: updateIncreasingly -1 -> 54
2022-10-11 12:48:33,544 [0b6ae373-df17-43b9-8f38-34bc24a5586b@group-F98106D389A8-StateMachineUpdater] INFO  ratis.ContainerStateMachine (ContainerStateMachine.java:takeSnapshot(315)) - group-F98106D389A8: Finished taking a snapshot at:(t:5, i:54) file:/home/runner/work/ozone/ozone/hadoop-ozone/integration-test/target/test-dir/MiniOzoneClusterImpl-5a0413bf-988c-4d76-bc8c-b64486c0eb5e/datanode-1/data/ratis/5d832645-cbd1-4476-91c5-f98106d389a8/sm/snapshot.5_54 took: 31 ms
2022-10-11 12:48:33,544 [0b6ae373-df17-43b9-8f38-34bc24a5586b@group-F98106D389A8-StateMachineUpdater] INFO  impl.StateMachineUpdater (StateMachineUpdater.java:takeSnapshot(287)) - 0b6ae373-df17-43b9-8f38-34bc24a5586b@group-F98106D389A8-StateMachineUpdater: Took a snapshot at index 54
2022-10-11 12:48:33,544 [0b6ae373-df17-43b9-8f38-34bc24a5586b@group-F98106D389A8-StateMachineUpdater] INFO  impl.StateMachineUpdater (StateMachineUpdater.java:lambda$new$0(92)) - 0b6ae373-df17-43b9-8f38-34bc24a5586b@group-F98106D389A8-StateMachineUpdater: snapshotIndex: updateIncreasingly -1 -> 54
2022-10-11 12:48:33,545 [Listener at 127.0.0.1/38717] INFO  server.RaftServer$Division (ServerState.java:close(429)) - 0b6ae373-df17-43b9-8f38-34bc24a5586b@group-F98106D389A8: closes. applyIndex: 54
2022-10-11 12:48:33,546 [0b6ae373-df17-43b9-8f38-34bc24a5586b@group-F98106D389A8-SegmentedRaftLogWorker] INFO  segmented.SegmentedRaftLogWorker (SegmentedRaftLogWorker.java:run(336)) - 0b6ae373-df17-43b9-8f38-34bc24a5586b@group-F98106D389A8-SegmentedRaftLogWorker was interrupted, exiting. There are 0 tasks remaining in the queue.
2022-10-11 12:48:33,548 [Listener at 127.0.0.1/38717] INFO  segmented.SegmentedRaftLogWorker (SegmentedRaftLogWorker.java:close(246)) - 0b6ae373-df17-43b9-8f38-34bc24a5586b@group-F98106D389A8-SegmentedRaftLogWorker close()
2022-10-11 12:48:33,552 [SCMBlockDeletingService#0] DEBUG block.SCMBlockDeletingService (SCMBlockDeletingService.java:call(131)) - Running DeletedBlockTransactionScanner
2022-10-11 12:48:33,552 [ForkJoinPool.commonPool-worker-1] INFO  server.RaftServer$Division (ServerState.java:close(429)) - 9db450c2-c065-4fcc-a5b2-7f05d2839b90@group-F98106D389A8: closes. applyIndex: 54
2022-10-11 12:48:33,553 [9db450c2-c065-4fcc-a5b2-7f05d2839b90@group-F98106D389A8-SegmentedRaftLogWorker] INFO  segmented.SegmentedRaftLogWorker (SegmentedRaftLogWorker.java:run(336)) - 9db450c2-c065-4fcc-a5b2-7f05d2839b90@group-F98106D389A8-SegmentedRaftLogWorker was interrupted, exiting. There are 0 tasks remaining in the queue.
2022-10-11 12:48:33,553 [Listener at 127.0.0.1/38717] INFO  server.GrpcService (GrpcService.java:closeImpl(269)) - 0b6ae373-df17-43b9-8f38-34bc24a5586b: shutdown server with port 34467 now
2022-10-11 12:48:33,555 [ForkJoinPool.commonPool-worker-1] INFO  segmented.SegmentedRaftLogWorker (SegmentedRaftLogWorker.java:close(246)) - 9db450c2-c065-4fcc-a5b2-7f05d2839b90@group-F98106D389A8-SegmentedRaftLogWorker close()
2022-10-11 12:48:33,561 [grpc-default-executor-0] WARN  server.GrpcServerProtocolService (LogUtils.java:warn(122)) - 0b6ae373-df17-43b9-8f38-34bc24a5586b: installSnapshot onError, lastRequest: d9bae50b-7f91-4fa0-a494-505c1b3af8a6->0b6ae373-df17-43b9-8f38-34bc24a5586b#273-t5,previous=(t:5, i:53),leaderCommit=53,initializing? true,entries: size=1, first=(t:5, i:54), METADATAENTRY(c:53): org.apache.ratis.thirdparty.io.grpc.StatusRuntimeException: CANCELLED: client cancelled
2022-10-11 12:48:33,564 [ForkJoinPool.commonPool-worker-1] INFO  server.GrpcService (GrpcService.java:closeImpl(269)) - 9db450c2-c065-4fcc-a5b2-7f05d2839b90: shutdown server with port 45715 now
2022-10-11 12:48:33,565 [grpc-default-executor-1] WARN  server.GrpcLogAppender (LogUtils.java:warn(122)) - d9bae50b-7f91-4fa0-a494-505c1b3af8a6@group-F98106D389A8->0b6ae373-df17-43b9-8f38-34bc24a5586b-AppendLogResponseHandler: Failed appendEntries: org.apache.ratis.thirdparty.io.grpc.StatusRuntimeException: CANCELLED: RST_STREAM closed stream. HTTP/2 error code: CANCEL
2022-10-11 12:48:33,569 [grpc-default-executor-1] INFO  leader.FollowerInfo (FollowerInfoImpl.java:lambda$new$0(48)) - d9bae50b-7f91-4fa0-a494-505c1b3af8a6@group-F98106D389A8->0b6ae373-df17-43b9-8f38-34bc24a5586b: nextIndex: updateUnconditionally 55 -> 54
2022-10-11 12:48:33,570 [Listener at 127.0.0.1/38717] INFO  server.GrpcService (GrpcService.java:closeImpl(278)) - 0b6ae373-df17-43b9-8f38-34bc24a5586b: shutdown server with port 34467 successfully
2022-10-11 12:48:33,570 [org.apache.ratis.util.JvmPauseMonitor$$Lambda$703/795293305@6afee9fd] INFO  util.JvmPauseMonitor (JvmPauseMonitor.java:run(109)) - JvmPauseMonitor-0b6ae373-df17-43b9-8f38-34bc24a5586b: Stopped
2022-10-11 12:48:33,575 [grpc-default-executor-0] WARN  server.GrpcServerProtocolService (LogUtils.java:warn(122)) - 9db450c2-c065-4fcc-a5b2-7f05d2839b90: installSnapshot onError, lastRequest: d9bae50b-7f91-4fa0-a494-505c1b3af8a6->9db450c2-c065-4fcc-a5b2-7f05d2839b90#262-t5,previous=(t:5, i:53),leaderCommit=53,initializing? true,entries: size=1, first=(t:5, i:54), METADATAENTRY(c:53): org.apache.ratis.thirdparty.io.grpc.StatusRuntimeException: CANCELLED: client cancelled
2022-10-11 12:48:33,586 [grpc-default-executor-0] WARN  server.GrpcLogAppender (LogUtils.java:warn(122)) - d9bae50b-7f91-4fa0-a494-505c1b3af8a6@group-F98106D389A8->9db450c2-c065-4fcc-a5b2-7f05d2839b90-AppendLogResponseHandler: Failed appendEntries: org.apache.ratis.thirdparty.io.grpc.StatusRuntimeException: CANCELLED: RST_STREAM closed stream. HTTP/2 error code: CANCEL
2022-10-11 12:48:33,591 [ForkJoinPool.commonPool-worker-1] INFO  server.GrpcService (GrpcService.java:closeImpl(278)) - 9db450c2-c065-4fcc-a5b2-7f05d2839b90: shutdown server with port 45715 successfully
2022-10-11 12:48:33,591 [grpc-default-executor-0] INFO  leader.FollowerInfo (FollowerInfoImpl.java:lambda$new$0(48)) - d9bae50b-7f91-4fa0-a494-505c1b3af8a6@group-F98106D389A8->9db450c2-c065-4fcc-a5b2-7f05d2839b90: nextIndex: updateUnconditionally 55 -> 54
2022-10-11 12:48:33,599 [org.apache.ratis.util.JvmPauseMonitor$$Lambda$703/795293305@635f2c8b] INFO  util.JvmPauseMonitor (JvmPauseMonitor.java:run(109)) - JvmPauseMonitor-9db450c2-c065-4fcc-a5b2-7f05d2839b90: Stopped
2022-10-11 12:48:33,604 [grpc-default-executor-1] WARN  server.GrpcLogAppender (LogUtils.java:warn(122)) - d9bae50b-7f91-4fa0-a494-505c1b3af8a6@group-F98106D389A8->0b6ae373-df17-43b9-8f38-34bc24a5586b-AppendLogResponseHandler: Failed appendEntries: org.apache.ratis.thirdparty.io.grpc.StatusRuntimeException: UNAVAILABLE: io exception
2022-10-11 12:48:33,604 [grpc-default-executor-1] INFO  leader.FollowerInfo (FollowerInfoImpl.java:lambda$new$0(48)) - d9bae50b-7f91-4fa0-a494-505c1b3af8a6@group-F98106D389A8->0b6ae373-df17-43b9-8f38-34bc24a5586b: nextIndex: updateUnconditionally 55 -> 54
2022-10-11 12:48:33,608 [grpc-default-executor-1] WARN  server.GrpcLogAppender (LogUtils.java:warn(122)) - d9bae50b-7f91-4fa0-a494-505c1b3af8a6@group-F98106D389A8->9db450c2-c065-4fcc-a5b2-7f05d2839b90-AppendLogResponseHandler: Failed appendEntries: org.apache.ratis.thirdparty.io.grpc.StatusRuntimeException: UNAVAILABLE: io exception
2022-10-11 12:48:33,616 [grpc-default-executor-1] INFO  leader.FollowerInfo (FollowerInfoImpl.java:lambda$new$0(48)) - d9bae50b-7f91-4fa0-a494-505c1b3af8a6@group-F98106D389A8->9db450c2-c065-4fcc-a5b2-7f05d2839b90: nextIndex: updateUnconditionally 55 -> 54
2022-10-11 12:48:33,652 [SCMBlockDeletingService#0] DEBUG block.SCMBlockDeletingService (SCMBlockDeletingService.java:call(131)) - Running DeletedBlockTransactionScanner
2022-10-11 12:48:33,730 [org.apache.hadoop.ozone.container.common.statemachine.commandhandler.DeleteBlocksCommandHandler$DeleteCmdWorker@2c9a5a1b] INFO  commandhandler.DeleteBlocksCommandHandler (DeleteBlocksCommandHandler.java:processCmd(271)) - Start to delete container blocks, TXIDs=[1(18),2(18),3(18),4(18),5(18),6(15),7(15),8(15),9(15),10(15)], numOfContainers=10, numOfBlocks=10
2022-10-11 12:48:33,730 [org.apache.hadoop.ozone.container.common.statemachine.commandhandler.DeleteBlocksCommandHandler$DeleteCmdWorker@2c9a5a1b] INFO  commandhandler.DeleteBlocksCommandHandler (DeleteBlocksCommandHandler.java:processCmd(271)) - Start to delete container blocks, TXIDs=[1(18),2(18),3(18),4(18),5(18),6(15),7(15),8(15),9(15),10(15)], numOfContainers=10, numOfBlocks=10
2022-10-11 12:48:33,731 [org.apache.hadoop.ozone.container.common.statemachine.commandhandler.DeleteBlocksCommandHandler$DeleteCmdWorker@2c9a5a1b] INFO  commandhandler.DeleteBlocksCommandHandler (DeleteBlocksCommandHandler.java:processCmd(271)) - Start to delete container blocks, TXIDs=[1(24),2(24),3(24),4(24),5(24),6(21),7(21),8(21),9(21),10(21)], numOfContainers=10, numOfBlocks=10
2022-10-11 12:48:33,731 [org.apache.hadoop.ozone.container.common.statemachine.commandhandler.DeleteBlocksCommandHandler$DeleteCmdWorker@2c9a5a1b] INFO  commandhandler.DeleteBlocksCommandHandler (DeleteBlocksCommandHandler.java:processCmd(271)) - Start to delete container blocks, TXIDs=[1(24),2(24),3(24),4(24),5(24),6(21),7(21),8(21),9(21),10(21)], numOfContainers=10, numOfBlocks=10
2022-10-11 12:48:33,752 [SCMBlockDeletingService#0] DEBUG block.SCMBlockDeletingService (SCMBlockDeletingService.java:call(131)) - Running DeletedBlockTransactionScanner
2022-10-11 12:48:33,852 [SCMBlockDeletingService#0] DEBUG block.SCMBlockDeletingService (SCMBlockDeletingService.java:call(131)) - Running DeletedBlockTransactionScanner
2022-10-11 12:48:33,952 [SCMBlockDeletingService#0] DEBUG block.SCMBlockDeletingService (SCMBlockDeletingService.java:call(131)) - Running DeletedBlockTransactionScanner
2022-10-11 12:48:33,989 [EventQueue-DeleteBlockStatusForDeletedBlockLogImpl] DEBUG block.DeletedBlockLogImpl (DeletedBlockLogImpl.java:isTransactionFailed(303)) - Got block deletion ACK from datanode, TXIDs=1, success=true
2022-10-11 12:48:33,989 [EventQueue-DeleteBlockStatusForDeletedBlockLogImpl] DEBUG block.DeletedBlockLogImpl (DeletedBlockLogImpl.java:commitTransactions(249)) - Transaction txId=1 commit by dnId=d9bae50b-7f91-4fa0-a494-505c1b3af8a6 for containerID=#1 failed. Corresponding entry not found.
2022-10-11 12:48:33,989 [EventQueue-DeleteBlockStatusForDeletedBlockLogImpl] DEBUG block.DeletedBlockLogImpl (DeletedBlockLogImpl.java:isTransactionFailed(303)) - Got block deletion ACK from datanode, TXIDs=2, success=true
2022-10-11 12:48:33,989 [EventQueue-DeleteBlockStatusForDeletedBlockLogImpl] DEBUG block.DeletedBlockLogImpl (DeletedBlockLogImpl.java:commitTransactions(249)) - Transaction txId=2 commit by dnId=d9bae50b-7f91-4fa0-a494-505c1b3af8a6 for containerID=#2 failed. Corresponding entry not found.
2022-10-11 12:48:33,989 [EventQueue-DeleteBlockStatusForDeletedBlockLogImpl] DEBUG block.DeletedBlockLogImpl (DeletedBlockLogImpl.java:isTransactionFailed(303)) - Got block deletion ACK from datanode, TXIDs=3, success=true
2022-10-11 12:48:33,989 [EventQueue-DeleteBlockStatusForDeletedBlockLogImpl] DEBUG block.DeletedBlockLogImpl (DeletedBlockLogImpl.java:commitTransactions(249)) - Transaction txId=3 commit by dnId=d9bae50b-7f91-4fa0-a494-505c1b3af8a6 for containerID=#3 failed. Corresponding entry not found.
2022-10-11 12:48:33,989 [EventQueue-DeleteBlockStatusForDeletedBlockLogImpl] DEBUG block.DeletedBlockLogImpl (DeletedBlockLogImpl.java:isTransactionFailed(303)) - Got block deletion ACK from datanode, TXIDs=4, success=true
2022-10-11 12:48:33,989 [EventQueue-DeleteBlockStatusForDeletedBlockLogImpl] DEBUG block.DeletedBlockLogImpl (DeletedBlockLogImpl.java:commitTransactions(249)) - Transaction txId=4 commit by dnId=d9bae50b-7f91-4fa0-a494-505c1b3af8a6 for containerID=#4 failed. Corresponding entry not found.
2022-10-11 12:48:33,989 [EventQueue-DeleteBlockStatusForDeletedBlockLogImpl] DEBUG block.DeletedBlockLogImpl (DeletedBlockLogImpl.java:isTransactionFailed(303)) - Got block deletion ACK from datanode, TXIDs=5, success=true
2022-10-11 12:48:33,989 [EventQueue-DeleteBlockStatusForDeletedBlockLogImpl] DEBUG block.DeletedBlockLogImpl (DeletedBlockLogImpl.java:commitTransactions(249)) - Transaction txId=5 commit by dnId=d9bae50b-7f91-4fa0-a494-505c1b3af8a6 for containerID=#5 failed. Corresponding entry not found.
2022-10-11 12:48:33,989 [EventQueue-DeleteBlockStatusForDeletedBlockLogImpl] DEBUG block.DeletedBlockLogImpl (DeletedBlockLogImpl.java:isTransactionFailed(303)) - Got block deletion ACK from datanode, TXIDs=6, success=true
2022-10-11 12:48:33,989 [EventQueue-DeleteBlockStatusForDeletedBlockLogImpl] DEBUG block.DeletedBlockLogImpl (DeletedBlockLogImpl.java:commitTransactions(249)) - Transaction txId=6 commit by dnId=d9bae50b-7f91-4fa0-a494-505c1b3af8a6 for containerID=#6 failed. Corresponding entry not found.
2022-10-11 12:48:33,989 [EventQueue-DeleteBlockStatusForDeletedBlockLogImpl] DEBUG block.DeletedBlockLogImpl (DeletedBlockLogImpl.java:isTransactionFailed(303)) - Got block deletion ACK from datanode, TXIDs=7, success=true
2022-10-11 12:48:33,989 [EventQueue-DeleteBlockStatusForDeletedBlockLogImpl] DEBUG block.DeletedBlockLogImpl (DeletedBlockLogImpl.java:commitTransactions(249)) - Transaction txId=7 commit by dnId=d9bae50b-7f91-4fa0-a494-505c1b3af8a6 for containerID=#7 failed. Corresponding entry not found.
2022-10-11 12:48:33,989 [EventQueue-DeleteBlockStatusForDeletedBlockLogImpl] DEBUG block.DeletedBlockLogImpl (DeletedBlockLogImpl.java:isTransactionFailed(303)) - Got block deletion ACK from datanode, TXIDs=8, success=true
2022-10-11 12:48:33,989 [EventQueue-DeleteBlockStatusForDeletedBlockLogImpl] DEBUG block.DeletedBlockLogImpl (DeletedBlockLogImpl.java:commitTransactions(249)) - Transaction txId=8 commit by dnId=d9bae50b-7f91-4fa0-a494-505c1b3af8a6 for containerID=#8 failed. Corresponding entry not found.
2022-10-11 12:48:33,989 [EventQueue-DeleteBlockStatusForDeletedBlockLogImpl] DEBUG block.DeletedBlockLogImpl (DeletedBlockLogImpl.java:isTransactionFailed(303)) - Got block deletion ACK from datanode, TXIDs=9, success=true
2022-10-11 12:48:33,989 [EventQueue-DeleteBlockStatusForDeletedBlockLogImpl] DEBUG block.DeletedBlockLogImpl (DeletedBlockLogImpl.java:commitTransactions(249)) - Transaction txId=9 commit by dnId=d9bae50b-7f91-4fa0-a494-505c1b3af8a6 for containerID=#9 failed. Corresponding entry not found.
2022-10-11 12:48:33,989 [EventQueue-DeleteBlockStatusForDeletedBlockLogImpl] DEBUG block.DeletedBlockLogImpl (DeletedBlockLogImpl.java:isTransactionFailed(303)) - Got block deletion ACK from datanode, TXIDs=10, success=true
2022-10-11 12:48:33,989 [EventQueue-DeleteBlockStatusForDeletedBlockLogImpl] DEBUG block.DeletedBlockLogImpl (DeletedBlockLogImpl.java:commitTransactions(249)) - Transaction txId=10 commit by dnId=d9bae50b-7f91-4fa0-a494-505c1b3af8a6 for containerID=#10 failed. Corresponding entry not found.
2022-10-11 12:48:33,989 [EventQueue-DeleteBlockStatusForDeletedBlockLogImpl] DEBUG block.DeletedBlockLogImpl (DeletedBlockLogImpl.java:isTransactionFailed(303)) - Got block deletion ACK from datanode, TXIDs=1, success=true
2022-10-11 12:48:33,990 [EventQueue-DeleteBlockStatusForDeletedBlockLogImpl] DEBUG block.DeletedBlockLogImpl (DeletedBlockLogImpl.java:commitTransactions(249)) - Transaction txId=1 commit by dnId=d9bae50b-7f91-4fa0-a494-505c1b3af8a6 for containerID=#1 failed. Corresponding entry not found.
2022-10-11 12:48:33,990 [EventQueue-DeleteBlockStatusForDeletedBlockLogImpl] DEBUG block.DeletedBlockLogImpl (DeletedBlockLogImpl.java:isTransactionFailed(303)) - Got block deletion ACK from datanode, TXIDs=2, success=true
2022-10-11 12:48:33,990 [EventQueue-DeleteBlockStatusForDeletedBlockLogImpl] DEBUG block.DeletedBlockLogImpl (DeletedBlockLogImpl.java:commitTransactions(249)) - Transaction txId=2 commit by dnId=d9bae50b-7f91-4fa0-a494-505c1b3af8a6 for containerID=#2 failed. Corresponding entry not found.
2022-10-11 12:48:33,990 [EventQueue-DeleteBlockStatusForDeletedBlockLogImpl] DEBUG block.DeletedBlockLogImpl (DeletedBlockLogImpl.java:isTransactionFailed(303)) - Got block deletion ACK from datanode, TXIDs=3, success=true
2022-10-11 12:48:33,990 [EventQueue-DeleteBlockStatusForDeletedBlockLogImpl] DEBUG block.DeletedBlockLogImpl (DeletedBlockLogImpl.java:commitTransactions(249)) - Transaction txId=3 commit by dnId=d9bae50b-7f91-4fa0-a494-505c1b3af8a6 for containerID=#3 failed. Corresponding entry not found.
2022-10-11 12:48:33,990 [EventQueue-DeleteBlockStatusForDeletedBlockLogImpl] DEBUG block.DeletedBlockLogImpl (DeletedBlockLogImpl.java:isTransactionFailed(303)) - Got block deletion ACK from datanode, TXIDs=4, success=true
2022-10-11 12:48:33,990 [EventQueue-DeleteBlockStatusForDeletedBlockLogImpl] DEBUG block.DeletedBlockLogImpl (DeletedBlockLogImpl.java:commitTransactions(249)) - Transaction txId=4 commit by dnId=d9bae50b-7f91-4fa0-a494-505c1b3af8a6 for containerID=#4 failed. Corresponding entry not found.
2022-10-11 12:48:33,990 [EventQueue-DeleteBlockStatusForDeletedBlockLogImpl] DEBUG block.DeletedBlockLogImpl (DeletedBlockLogImpl.java:isTransactionFailed(303)) - Got block deletion ACK from datanode, TXIDs=5, success=true
2022-10-11 12:48:33,990 [EventQueue-DeleteBlockStatusForDeletedBlockLogImpl] DEBUG block.DeletedBlockLogImpl (DeletedBlockLogImpl.java:commitTransactions(249)) - Transaction txId=5 commit by dnId=d9bae50b-7f91-4fa0-a494-505c1b3af8a6 for containerID=#5 failed. Corresponding entry not found.
2022-10-11 12:48:33,990 [EventQueue-DeleteBlockStatusForDeletedBlockLogImpl] DEBUG block.DeletedBlockLogImpl (DeletedBlockLogImpl.java:isTransactionFailed(303)) - Got block deletion ACK from datanode, TXIDs=6, success=true
2022-10-11 12:48:33,990 [EventQueue-DeleteBlockStatusForDeletedBlockLogImpl] DEBUG block.DeletedBlockLogImpl (DeletedBlockLogImpl.java:commitTransactions(249)) - Transaction txId=6 commit by dnId=d9bae50b-7f91-4fa0-a494-505c1b3af8a6 for containerID=#6 failed. Corresponding entry not found.
2022-10-11 12:48:33,990 [EventQueue-DeleteBlockStatusForDeletedBlockLogImpl] DEBUG block.DeletedBlockLogImpl (DeletedBlockLogImpl.java:isTransactionFailed(303)) - Got block deletion ACK from datanode, TXIDs=7, success=true
2022-10-11 12:48:33,990 [EventQueue-DeleteBlockStatusForDeletedBlockLogImpl] DEBUG block.DeletedBlockLogImpl (DeletedBlockLogImpl.java:commitTransactions(249)) - Transaction txId=7 commit by dnId=d9bae50b-7f91-4fa0-a494-505c1b3af8a6 for containerID=#7 failed. Corresponding entry not found.
2022-10-11 12:48:33,990 [EventQueue-DeleteBlockStatusForDeletedBlockLogImpl] DEBUG block.DeletedBlockLogImpl (DeletedBlockLogImpl.java:isTransactionFailed(303)) - Got block deletion ACK from datanode, TXIDs=8, success=true
2022-10-11 12:48:33,990 [EventQueue-DeleteBlockStatusForDeletedBlockLogImpl] DEBUG block.DeletedBlockLogImpl (DeletedBlockLogImpl.java:commitTransactions(249)) - Transaction txId=8 commit by dnId=d9bae50b-7f91-4fa0-a494-505c1b3af8a6 for containerID=#8 failed. Corresponding entry not found.
2022-10-11 12:48:33,990 [EventQueue-DeleteBlockStatusForDeletedBlockLogImpl] DEBUG block.DeletedBlockLogImpl (DeletedBlockLogImpl.java:isTransactionFailed(303)) - Got block deletion ACK from datanode, TXIDs=9, success=true
2022-10-11 12:48:33,990 [EventQueue-DeleteBlockStatusForDeletedBlockLogImpl] DEBUG block.DeletedBlockLogImpl (DeletedBlockLogImpl.java:commitTransactions(249)) - Transaction txId=9 commit by dnId=d9bae50b-7f91-4fa0-a494-505c1b3af8a6 for containerID=#9 failed. Corresponding entry not found.
2022-10-11 12:48:33,990 [EventQueue-DeleteBlockStatusForDeletedBlockLogImpl] DEBUG block.DeletedBlockLogImpl (DeletedBlockLogImpl.java:isTransactionFailed(303)) - Got block deletion ACK from datanode, TXIDs=10, success=true
2022-10-11 12:48:33,990 [EventQueue-DeleteBlockStatusForDeletedBlockLogImpl] DEBUG block.DeletedBlockLogImpl (DeletedBlockLogImpl.java:commitTransactions(249)) - Transaction txId=10 commit by dnId=d9bae50b-7f91-4fa0-a494-505c1b3af8a6 for containerID=#10 failed. Corresponding entry not found.
2022-10-11 12:48:33,990 [EventQueue-DeleteBlockStatusForDeletedBlockLogImpl] DEBUG block.DeletedBlockLogImpl (DeletedBlockLogImpl.java:isTransactionFailed(303)) - Got block deletion ACK from datanode, TXIDs=1, success=true
2022-10-11 12:48:33,990 [EventQueue-DeleteBlockStatusForDeletedBlockLogImpl] DEBUG block.DeletedBlockLogImpl (DeletedBlockLogImpl.java:commitTransactions(249)) - Transaction txId=1 commit by dnId=d9bae50b-7f91-4fa0-a494-505c1b3af8a6 for containerID=#1 failed. Corresponding entry not found.
2022-10-11 12:48:33,990 [EventQueue-DeleteBlockStatusForDeletedBlockLogImpl] DEBUG block.DeletedBlockLogImpl (DeletedBlockLogImpl.java:isTransactionFailed(303)) - Got block deletion ACK from datanode, TXIDs=2, success=true
2022-10-11 12:48:33,990 [EventQueue-DeleteBlockStatusForDeletedBlockLogImpl] DEBUG block.DeletedBlockLogImpl (DeletedBlockLogImpl.java:commitTransactions(249)) - Transaction txId=2 commit by dnId=d9bae50b-7f91-4fa0-a494-505c1b3af8a6 for containerID=#2 failed. Corresponding entry not found.
2022-10-11 12:48:33,990 [EventQueue-DeleteBlockStatusForDeletedBlockLogImpl] DEBUG block.DeletedBlockLogImpl (DeletedBlockLogImpl.java:isTransactionFailed(303)) - Got block deletion ACK from datanode, TXIDs=3, success=true
2022-10-11 12:48:33,990 [EventQueue-DeleteBlockStatusForDeletedBlockLogImpl] DEBUG block.DeletedBlockLogImpl (DeletedBlockLogImpl.java:commitTransactions(249)) - Transaction txId=3 commit by dnId=d9bae50b-7f91-4fa0-a494-505c1b3af8a6 for containerID=#3 failed. Corresponding entry not found.
2022-10-11 12:48:33,990 [EventQueue-DeleteBlockStatusForDeletedBlockLogImpl] DEBUG block.DeletedBlockLogImpl (DeletedBlockLogImpl.java:isTransactionFailed(303)) - Got block deletion ACK from datanode, TXIDs=4, success=true
2022-10-11 12:48:33,991 [EventQueue-DeleteBlockStatusForDeletedBlockLogImpl] DEBUG block.DeletedBlockLogImpl (DeletedBlockLogImpl.java:commitTransactions(249)) - Transaction txId=4 commit by dnId=d9bae50b-7f91-4fa0-a494-505c1b3af8a6 for containerID=#4 failed. Corresponding entry not found.
2022-10-11 12:48:33,991 [EventQueue-DeleteBlockStatusForDeletedBlockLogImpl] DEBUG block.DeletedBlockLogImpl (DeletedBlockLogImpl.java:isTransactionFailed(303)) - Got block deletion ACK from datanode, TXIDs=5, success=true
2022-10-11 12:48:33,991 [EventQueue-DeleteBlockStatusForDeletedBlockLogImpl] DEBUG block.DeletedBlockLogImpl (DeletedBlockLogImpl.java:commitTransactions(249)) - Transaction txId=5 commit by dnId=d9bae50b-7f91-4fa0-a494-505c1b3af8a6 for containerID=#5 failed. Corresponding entry not found.
2022-10-11 12:48:33,991 [EventQueue-DeleteBlockStatusForDeletedBlockLogImpl] DEBUG block.DeletedBlockLogImpl (DeletedBlockLogImpl.java:isTransactionFailed(303)) - Got block deletion ACK from datanode, TXIDs=6, success=true
2022-10-11 12:48:33,991 [EventQueue-DeleteBlockStatusForDeletedBlockLogImpl] DEBUG block.DeletedBlockLogImpl (DeletedBlockLogImpl.java:commitTransactions(249)) - Transaction txId=6 commit by dnId=d9bae50b-7f91-4fa0-a494-505c1b3af8a6 for containerID=#6 failed. Corresponding entry not found.
2022-10-11 12:48:33,991 [EventQueue-DeleteBlockStatusForDeletedBlockLogImpl] DEBUG block.DeletedBlockLogImpl (DeletedBlockLogImpl.java:isTransactionFailed(303)) - Got block deletion ACK from datanode, TXIDs=7, success=true
2022-10-11 12:48:33,991 [EventQueue-DeleteBlockStatusForDeletedBlockLogImpl] DEBUG block.DeletedBlockLogImpl (DeletedBlockLogImpl.java:commitTransactions(249)) - Transaction txId=7 commit by dnId=d9bae50b-7f91-4fa0-a494-505c1b3af8a6 for containerID=#7 failed. Corresponding entry not found.
2022-10-11 12:48:33,991 [EventQueue-DeleteBlockStatusForDeletedBlockLogImpl] DEBUG block.DeletedBlockLogImpl (DeletedBlockLogImpl.java:isTransactionFailed(303)) - Got block deletion ACK from datanode, TXIDs=8, success=true
2022-10-11 12:48:33,991 [EventQueue-DeleteBlockStatusForDeletedBlockLogImpl] DEBUG block.DeletedBlockLogImpl (DeletedBlockLogImpl.java:commitTransactions(249)) - Transaction txId=8 commit by dnId=d9bae50b-7f91-4fa0-a494-505c1b3af8a6 for containerID=#8 failed. Corresponding entry not found.
2022-10-11 12:48:33,991 [EventQueue-DeleteBlockStatusForDeletedBlockLogImpl] DEBUG block.DeletedBlockLogImpl (DeletedBlockLogImpl.java:isTransactionFailed(303)) - Got block deletion ACK from datanode, TXIDs=9, success=true
2022-10-11 12:48:33,991 [EventQueue-DeleteBlockStatusForDeletedBlockLogImpl] DEBUG block.DeletedBlockLogImpl (DeletedBlockLogImpl.java:commitTransactions(249)) - Transaction txId=9 commit by dnId=d9bae50b-7f91-4fa0-a494-505c1b3af8a6 for containerID=#9 failed. Corresponding entry not found.
2022-10-11 12:48:33,991 [EventQueue-DeleteBlockStatusForDeletedBlockLogImpl] DEBUG block.DeletedBlockLogImpl (DeletedBlockLogImpl.java:isTransactionFailed(303)) - Got block deletion ACK from datanode, TXIDs=10, success=true
2022-10-11 12:48:33,991 [EventQueue-DeleteBlockStatusForDeletedBlockLogImpl] DEBUG block.DeletedBlockLogImpl (DeletedBlockLogImpl.java:commitTransactions(249)) - Transaction txId=10 commit by dnId=d9bae50b-7f91-4fa0-a494-505c1b3af8a6 for containerID=#10 failed. Corresponding entry not found.
2022-10-11 12:48:33,991 [EventQueue-DeleteBlockStatusForDeletedBlockLogImpl] DEBUG block.DeletedBlockLogImpl (DeletedBlockLogImpl.java:isTransactionFailed(303)) - Got block deletion ACK from datanode, TXIDs=1, success=true
2022-10-11 12:48:33,991 [EventQueue-DeleteBlockStatusForDeletedBlockLogImpl] DEBUG block.DeletedBlockLogImpl (DeletedBlockLogImpl.java:commitTransactions(249)) - Transaction txId=1 commit by dnId=d9bae50b-7f91-4fa0-a494-505c1b3af8a6 for containerID=#1 failed. Corresponding entry not found.
2022-10-11 12:48:33,991 [EventQueue-DeleteBlockStatusForDeletedBlockLogImpl] DEBUG block.DeletedBlockLogImpl (DeletedBlockLogImpl.java:isTransactionFailed(303)) - Got block deletion ACK from datanode, TXIDs=2, success=true
2022-10-11 12:48:33,991 [EventQueue-DeleteBlockStatusForDeletedBlockLogImpl] DEBUG block.DeletedBlockLogImpl (DeletedBlockLogImpl.java:commitTransactions(249)) - Transaction txId=2 commit by dnId=d9bae50b-7f91-4fa0-a494-505c1b3af8a6 for containerID=#2 failed. Corresponding entry not found.
2022-10-11 12:48:33,992 [EventQueue-DeleteBlockStatusForDeletedBlockLogImpl] DEBUG block.DeletedBlockLogImpl (DeletedBlockLogImpl.java:isTransactionFailed(303)) - Got block deletion ACK from datanode, TXIDs=3, success=true
2022-10-11 12:48:33,992 [EventQueue-DeleteBlockStatusForDeletedBlockLogImpl] DEBUG block.DeletedBlockLogImpl (DeletedBlockLogImpl.java:commitTransactions(249)) - Transaction txId=3 commit by dnId=d9bae50b-7f91-4fa0-a494-505c1b3af8a6 for containerID=#3 failed. Corresponding entry not found.
2022-10-11 12:48:33,993 [EventQueue-DeleteBlockStatusForDeletedBlockLogImpl] DEBUG block.DeletedBlockLogImpl (DeletedBlockLogImpl.java:isTransactionFailed(303)) - Got block deletion ACK from datanode, TXIDs=4, success=true
2022-10-11 12:48:33,993 [EventQueue-DeleteBlockStatusForDeletedBlockLogImpl] DEBUG block.DeletedBlockLogImpl (DeletedBlockLogImpl.java:commitTransactions(249)) - Transaction txId=4 commit by dnId=d9bae50b-7f91-4fa0-a494-505c1b3af8a6 for containerID=#4 failed. Corresponding entry not found.
2022-10-11 12:48:33,993 [EventQueue-DeleteBlockStatusForDeletedBlockLogImpl] DEBUG block.DeletedBlockLogImpl (DeletedBlockLogImpl.java:isTransactionFailed(303)) - Got block deletion ACK from datanode, TXIDs=5, success=true
2022-10-11 12:48:33,993 [EventQueue-DeleteBlockStatusForDeletedBlockLogImpl] DEBUG block.DeletedBlockLogImpl (DeletedBlockLogImpl.java:commitTransactions(249)) - Transaction txId=5 commit by dnId=d9bae50b-7f91-4fa0-a494-505c1b3af8a6 for containerID=#5 failed. Corresponding entry not found.
2022-10-11 12:48:33,993 [EventQueue-DeleteBlockStatusForDeletedBlockLogImpl] DEBUG block.DeletedBlockLogImpl (DeletedBlockLogImpl.java:isTransactionFailed(303)) - Got block deletion ACK from datanode, TXIDs=6, success=true
2022-10-11 12:48:33,993 [EventQueue-DeleteBlockStatusForDeletedBlockLogImpl] DEBUG block.DeletedBlockLogImpl (DeletedBlockLogImpl.java:commitTransactions(249)) - Transaction txId=6 commit by dnId=d9bae50b-7f91-4fa0-a494-505c1b3af8a6 for containerID=#6 failed. Corresponding entry not found.
2022-10-11 12:48:33,993 [EventQueue-DeleteBlockStatusForDeletedBlockLogImpl] DEBUG block.DeletedBlockLogImpl (DeletedBlockLogImpl.java:isTransactionFailed(303)) - Got block deletion ACK from datanode, TXIDs=7, success=true
2022-10-11 12:48:33,993 [EventQueue-DeleteBlockStatusForDeletedBlockLogImpl] DEBUG block.DeletedBlockLogImpl (DeletedBlockLogImpl.java:commitTransactions(249)) - Transaction txId=7 commit by dnId=d9bae50b-7f91-4fa0-a494-505c1b3af8a6 for containerID=#7 failed. Corresponding entry not found.
2022-10-11 12:48:33,993 [EventQueue-DeleteBlockStatusForDeletedBlockLogImpl] DEBUG block.DeletedBlockLogImpl (DeletedBlockLogImpl.java:isTransactionFailed(303)) - Got block deletion ACK from datanode, TXIDs=8, success=true
2022-10-11 12:48:33,993 [EventQueue-DeleteBlockStatusForDeletedBlockLogImpl] DEBUG block.DeletedBlockLogImpl (DeletedBlockLogImpl.java:commitTransactions(249)) - Transaction txId=8 commit by dnId=d9bae50b-7f91-4fa0-a494-505c1b3af8a6 for containerID=#8 failed. Corresponding entry not found.
2022-10-11 12:48:33,993 [EventQueue-DeleteBlockStatusForDeletedBlockLogImpl] DEBUG block.DeletedBlockLogImpl (DeletedBlockLogImpl.java:isTransactionFailed(303)) - Got block deletion ACK from datanode, TXIDs=9, success=true
2022-10-11 12:48:33,993 [EventQueue-DeleteBlockStatusForDeletedBlockLogImpl] DEBUG block.DeletedBlockLogImpl (DeletedBlockLogImpl.java:commitTransactions(249)) - Transaction txId=9 commit by dnId=d9bae50b-7f91-4fa0-a494-505c1b3af8a6 for containerID=#9 failed. Corresponding entry not found.
2022-10-11 12:48:33,993 [EventQueue-DeleteBlockStatusForDeletedBlockLogImpl] DEBUG block.DeletedBlockLogImpl (DeletedBlockLogImpl.java:isTransactionFailed(303)) - Got block deletion ACK from datanode, TXIDs=10, success=true
2022-10-11 12:48:33,993 [EventQueue-DeleteBlockStatusForDeletedBlockLogImpl] DEBUG block.DeletedBlockLogImpl (DeletedBlockLogImpl.java:commitTransactions(249)) - Transaction txId=10 commit by dnId=d9bae50b-7f91-4fa0-a494-505c1b3af8a6 for containerID=#10 failed. Corresponding entry not found.
2022-10-11 12:48:34,052 [SCMBlockDeletingService#0] DEBUG block.SCMBlockDeletingService (SCMBlockDeletingService.java:call(131)) - Running DeletedBlockTransactionScanner
2022-10-11 12:48:34,152 [SCMBlockDeletingService#0] DEBUG block.SCMBlockDeletingService (SCMBlockDeletingService.java:call(131)) - Running DeletedBlockTransactionScanner
2022-10-11 12:48:34,253 [SCMBlockDeletingService#0] DEBUG block.SCMBlockDeletingService (SCMBlockDeletingService.java:call(131)) - Running DeletedBlockTransactionScanner
2022-10-11 12:48:34,353 [SCMBlockDeletingService#0] DEBUG block.SCMBlockDeletingService (SCMBlockDeletingService.java:call(131)) - Running DeletedBlockTransactionScanner
2022-10-11 12:48:34,394 [grpc-default-executor-1] WARN  server.GrpcLogAppender (LogUtils.java:warn(122)) - d9bae50b-7f91-4fa0-a494-505c1b3af8a6@group-F98106D389A8->9db450c2-c065-4fcc-a5b2-7f05d2839b90-AppendLogResponseHandler: Failed appendEntries: org.apache.ratis.thirdparty.io.grpc.StatusRuntimeException: UNAVAILABLE: io exception
2022-10-11 12:48:34,396 [grpc-default-executor-1] INFO  leader.FollowerInfo (FollowerInfoImpl.java:lambda$new$0(48)) - d9bae50b-7f91-4fa0-a494-505c1b3af8a6@group-F98106D389A8->9db450c2-c065-4fcc-a5b2-7f05d2839b90: nextIndex: updateUnconditionally 55 -> 54
2022-10-11 12:48:34,396 [grpc-default-executor-0] WARN  server.GrpcLogAppender (LogUtils.java:warn(122)) - d9bae50b-7f91-4fa0-a494-505c1b3af8a6@group-F98106D389A8->0b6ae373-df17-43b9-8f38-34bc24a5586b-AppendLogResponseHandler: Failed appendEntries: org.apache.ratis.thirdparty.io.grpc.StatusRuntimeException: UNAVAILABLE: io exception
2022-10-11 12:48:34,397 [grpc-default-executor-0] INFO  leader.FollowerInfo (FollowerInfoImpl.java:lambda$new$0(48)) - d9bae50b-7f91-4fa0-a494-505c1b3af8a6@group-F98106D389A8->0b6ae373-df17-43b9-8f38-34bc24a5586b: nextIndex: updateUnconditionally 55 -> 54
2022-10-11 12:48:34,453 [SCMBlockDeletingService#0] DEBUG block.SCMBlockDeletingService (SCMBlockDeletingService.java:call(131)) - Running DeletedBlockTransactionScanner
2022-10-11 12:48:34,553 [SCMBlockDeletingService#0] DEBUG block.SCMBlockDeletingService (SCMBlockDeletingService.java:call(131)) - Running DeletedBlockTransactionScanner
2022-10-11 12:48:34,600 [org.apache.hadoop.ozone.container.common.statemachine.commandhandler.DeleteBlocksCommandHandler$DeleteCmdWorker@7229e508] INFO  commandhandler.DeleteBlocksCommandHandler (DeleteBlocksCommandHandler.java:processCmd(271)) - Start to delete container blocks, TXIDs=[1(18),2(18),3(18),4(18),5(18),6(15),7(15),8(15),9(15),10(15)], numOfContainers=10, numOfBlocks=10
2022-10-11 12:48:34,601 [org.apache.hadoop.ozone.container.common.statemachine.commandhandler.DeleteBlocksCommandHandler$DeleteCmdWorker@7229e508] INFO  commandhandler.DeleteBlocksCommandHandler (DeleteBlocksCommandHandler.java:processCmd(271)) - Start to delete container blocks, TXIDs=[1(18),2(18),3(18),4(18),5(18),6(15),7(15),8(15),9(15),10(15)], numOfContainers=10, numOfBlocks=10
2022-10-11 12:48:34,601 [org.apache.hadoop.ozone.container.common.statemachine.commandhandler.DeleteBlocksCommandHandler$DeleteCmdWorker@7229e508] INFO  commandhandler.DeleteBlocksCommandHandler (DeleteBlocksCommandHandler.java:processCmd(271)) - Start to delete container blocks, TXIDs=[1(24),2(24),3(24),4(24),5(24),6(21),7(21),8(21),9(21),10(21)], numOfContainers=10, numOfBlocks=10
2022-10-11 12:48:34,602 [org.apache.hadoop.ozone.container.common.statemachine.commandhandler.DeleteBlocksCommandHandler$DeleteCmdWorker@7229e508] INFO  commandhandler.DeleteBlocksCommandHandler (DeleteBlocksCommandHandler.java:processCmd(271)) - Start to delete container blocks, TXIDs=[1(24),2(24),3(24),4(24),5(24),6(21),7(21),8(21),9(21),10(21)], numOfContainers=10, numOfBlocks=10
2022-10-11 12:48:34,602 [org.apache.hadoop.ozone.container.common.statemachine.commandhandler.DeleteBlocksCommandHandler$DeleteCmdWorker@7229e508] INFO  commandhandler.DeleteBlocksCommandHandler (DeleteBlocksCommandHandler.java:processCmd(271)) - Start to delete container blocks, TXIDs=[1(30),2(30),3(30),4(30),5(30),6(27),7(27),8(27),9(27),10(27)], numOfContainers=10, numOfBlocks=10
2022-10-11 12:48:34,602 [org.apache.hadoop.ozone.container.common.statemachine.commandhandler.DeleteBlocksCommandHandler$DeleteCmdWorker@7229e508] INFO  commandhandler.DeleteBlocksCommandHandler (DeleteBlocksCommandHandler.java:processCmd(271)) - Start to delete container blocks, TXIDs=[1(30),2(30),3(30),4(30),5(30),6(27),7(27),8(27),9(27),10(27)], numOfContainers=10, numOfBlocks=10
2022-10-11 12:48:34,602 [org.apache.hadoop.ozone.container.common.statemachine.commandhandler.DeleteBlocksCommandHandler$DeleteCmdWorker@7229e508] INFO  commandhandler.DeleteBlocksCommandHandler (DeleteBlocksCommandHandler.java:processCmd(271)) - Start to delete container blocks, TXIDs=[1(34),2(34),3(34),4(34),5(34),6(31),7(31),8(31),9(31),10(31)], numOfContainers=10, numOfBlocks=10
2022-10-11 12:48:34,603 [org.apache.hadoop.ozone.container.common.statemachine.commandhandler.DeleteBlocksCommandHandler$DeleteCmdWorker@7229e508] INFO  commandhandler.DeleteBlocksCommandHandler (DeleteBlocksCommandHandler.java:processCmd(271)) - Start to delete container blocks, TXIDs=[1(34),2(34),3(34),4(34),5(34),6(31),7(31),8(31),9(31),10(31)], numOfContainers=10, numOfBlocks=10
2022-10-11 12:48:34,603 [org.apache.hadoop.ozone.container.common.statemachine.commandhandler.DeleteBlocksCommandHandler$DeleteCmdWorker@7229e508] INFO  commandhandler.DeleteBlocksCommandHandler (DeleteBlocksCommandHandler.java:processCmd(271)) - Start to delete container blocks, TXIDs=[1(38),2(38),3(38),4(38),5(38),6(35),7(35),8(35),9(35),10(35)], numOfContainers=10, numOfBlocks=10
2022-10-11 12:48:34,603 [org.apache.hadoop.ozone.container.common.statemachine.commandhandler.DeleteBlocksCommandHandler$DeleteCmdWorker@7229e508] INFO  commandhandler.DeleteBlocksCommandHandler (DeleteBlocksCommandHandler.java:processCmd(271)) - Start to delete container blocks, TXIDs=[1(38),2(38),3(38),4(38),5(38),6(35),7(35),8(35),9(35),10(35)], numOfContainers=10, numOfBlocks=10
2022-10-11 12:48:34,603 [org.apache.hadoop.ozone.container.common.statemachine.commandhandler.DeleteBlocksCommandHandler$DeleteCmdWorker@7229e508] INFO  commandhandler.DeleteBlocksCommandHandler (DeleteBlocksCommandHandler.java:processCmd(271)) - Start to delete container blocks, TXIDs=[1(42),2(42),3(42),4(42),5(42),6(39),7(39),8(39),9(39),10(39)], numOfContainers=10, numOfBlocks=10
2022-10-11 12:48:34,604 [org.apache.hadoop.ozone.container.common.statemachine.commandhandler.DeleteBlocksCommandHandler$DeleteCmdWorker@7229e508] INFO  commandhandler.DeleteBlocksCommandHandler (DeleteBlocksCommandHandler.java:processCmd(271)) - Start to delete container blocks, TXIDs=[1(42),2(42),3(42),4(42),5(42),6(39),7(39),8(39),9(39),10(39)], numOfContainers=10, numOfBlocks=10
2022-10-11 12:48:34,653 [SCMBlockDeletingService#0] DEBUG block.SCMBlockDeletingService (SCMBlockDeletingService.java:call(131)) - Running DeletedBlockTransactionScanner
2022-10-11 12:48:34,753 [SCMBlockDeletingService#0] DEBUG block.SCMBlockDeletingService (SCMBlockDeletingService.java:call(131)) - Running DeletedBlockTransactionScanner
2022-10-11 12:48:34,854 [SCMBlockDeletingService#0] DEBUG block.SCMBlockDeletingService (SCMBlockDeletingService.java:call(131)) - Running DeletedBlockTransactionScanner
2022-10-11 12:48:34,954 [SCMBlockDeletingService#0] DEBUG block.SCMBlockDeletingService (SCMBlockDeletingService.java:call(131)) - Running DeletedBlockTransactionScanner
2022-10-11 12:48:35,054 [SCMBlockDeletingService#0] DEBUG block.SCMBlockDeletingService (SCMBlockDeletingService.java:call(131)) - Running DeletedBlockTransactionScanner
2022-10-11 12:48:35,154 [SCMBlockDeletingService#0] DEBUG block.SCMBlockDeletingService (SCMBlockDeletingService.java:call(131)) - Running DeletedBlockTransactionScanner
2022-10-11 12:48:35,254 [SCMBlockDeletingService#0] DEBUG block.SCMBlockDeletingService (SCMBlockDeletingService.java:call(131)) - Running DeletedBlockTransactionScanner
2022-10-11 12:48:35,354 [SCMBlockDeletingService#0] DEBUG block.SCMBlockDeletingService (SCMBlockDeletingService.java:call(131)) - Running DeletedBlockTransactionScanner
2022-10-11 12:48:35,454 [SCMBlockDeletingService#0] DEBUG block.SCMBlockDeletingService (SCMBlockDeletingService.java:call(131)) - Running DeletedBlockTransactionScanner
2022-10-11 12:48:35,554 [SCMBlockDeletingService#0] DEBUG block.SCMBlockDeletingService (SCMBlockDeletingService.java:call(131)) - Running DeletedBlockTransactionScanner
2022-10-11 12:48:35,600 [Listener at 127.0.0.1/38717] INFO  utils.BackgroundService (BackgroundService.java:shutdown(141)) - Shutting down service BlockDeletingService
2022-10-11 12:48:35,602 [Listener at 127.0.0.1/38717] INFO  utils.BackgroundService (BackgroundService.java:shutdown(141)) - Shutting down service StaleRecoveringContainerScrubbingService
2022-10-11 12:48:35,605 [Listener at 127.0.0.1/38717] INFO  statemachine.DatanodeStateMachine (DatanodeStateMachine.java:stopDaemon(580)) - Ozone container server stopped.
2022-10-11 12:48:35,620 [ForkJoinPool.commonPool-worker-1] INFO  utils.BackgroundService (BackgroundService.java:shutdown(141)) - Shutting down service BlockDeletingService
2022-10-11 12:48:35,622 [ForkJoinPool.commonPool-worker-1] INFO  utils.BackgroundService (BackgroundService.java:shutdown(141)) - Shutting down service StaleRecoveringContainerScrubbingService
2022-10-11 12:48:35,629 [Listener at 127.0.0.1/38717] INFO  handler.ContextHandler (ContextHandler.java:doStop(1153)) - Stopped o.e.j.w.WebAppContext@7f4fbfb9{hddsDatanode,/,null,STOPPED}{jar:file:/home/runner/.m2/repository/org/apache/ozone/hdds-container-service/1.3.0-SNAPSHOT/hdds-container-service-1.3.0-SNAPSHOT.jar!/webapps/hddsDatanode}
2022-10-11 12:48:35,630 [Listener at 127.0.0.1/38717] INFO  server.AbstractConnector (AbstractConnector.java:doStop(381)) - Stopped ServerConnector@556f00f1{HTTP/1.1, (http/1.1)}{0.0.0.0:0}
2022-10-11 12:48:35,630 [Listener at 127.0.0.1/38717] INFO  server.session (HouseKeeper.java:stopScavenging(149)) - node0 Stopped scavenging
2022-10-11 12:48:35,631 [Listener at 127.0.0.1/38717] INFO  handler.ContextHandler (ContextHandler.java:doStop(1153)) - Stopped o.e.j.s.ServletContextHandler@57eab3f5{static,/static,jar:file:/home/runner/.m2/repository/org/apache/ozone/hdds-container-service/1.3.0-SNAPSHOT/hdds-container-service-1.3.0-SNAPSHOT.jar!/webapps/static,STOPPED}
2022-10-11 12:48:35,631 [ForkJoinPool.commonPool-worker-1] INFO  statemachine.DatanodeStateMachine (DatanodeStateMachine.java:stopDaemon(580)) - Ozone container server stopped.
2022-10-11 12:48:35,634 [Listener at 127.0.0.1/38717] INFO  handler.ContextHandler (ContextHandler.java:doStop(1153)) - Stopped o.e.j.s.ServletContextHandler@6e4667af{logs,/logs,file:///home/runner/work/ozone/ozone/hadoop-ozone/integration-test/target/log,STOPPED}
2022-10-11 12:48:35,645 [grpc-default-executor-0] WARN  server.GrpcLogAppender (LogUtils.java:warn(122)) - d9bae50b-7f91-4fa0-a494-505c1b3af8a6@group-F98106D389A8->9db450c2-c065-4fcc-a5b2-7f05d2839b90-AppendLogResponseHandler: Failed appendEntries: org.apache.ratis.thirdparty.io.grpc.StatusRuntimeException: UNAVAILABLE: io exception
2022-10-11 12:48:35,646 [grpc-default-executor-0] INFO  leader.FollowerInfo (FollowerInfoImpl.java:lambda$new$0(48)) - d9bae50b-7f91-4fa0-a494-505c1b3af8a6@group-F98106D389A8->9db450c2-c065-4fcc-a5b2-7f05d2839b90: nextIndex: updateUnconditionally 55 -> 54
2022-10-11 12:48:35,646 [grpc-default-executor-0] WARN  server.GrpcLogAppender (LogUtils.java:warn(122)) - d9bae50b-7f91-4fa0-a494-505c1b3af8a6@group-F98106D389A8->0b6ae373-df17-43b9-8f38-34bc24a5586b-AppendLogResponseHandler: Failed appendEntries: org.apache.ratis.thirdparty.io.grpc.StatusRuntimeException: UNAVAILABLE: io exception
2022-10-11 12:48:35,648 [grpc-default-executor-0] INFO  leader.FollowerInfo (FollowerInfoImpl.java:lambda$new$0(48)) - d9bae50b-7f91-4fa0-a494-505c1b3af8a6@group-F98106D389A8->0b6ae373-df17-43b9-8f38-34bc24a5586b: nextIndex: updateUnconditionally 55 -> 54
2022-10-11 12:48:35,652 [Listener at 127.0.0.1/38717] INFO  ozoneimpl.OzoneContainer (OzoneContainer.java:stop(400)) - Attempting to stop container services.
2022-10-11 12:48:35,655 [SCMBlockDeletingService#0] DEBUG block.SCMBlockDeletingService (SCMBlockDeletingService.java:call(131)) - Running DeletedBlockTransactionScanner
2022-10-11 12:48:35,655 [Listener at 127.0.0.1/38717] INFO  server.RaftServer (RaftServerProxy.java:lambda$close$7(398)) - d9bae50b-7f91-4fa0-a494-505c1b3af8a6: close
2022-10-11 12:48:35,655 [Listener at 127.0.0.1/38717] INFO  server.RaftServer$Division (RaftServerImpl.java:lambda$close$4(434)) - d9bae50b-7f91-4fa0-a494-505c1b3af8a6@group-F98106D389A8: shutdown
2022-10-11 12:48:35,656 [Listener at 127.0.0.1/38717] INFO  util.JmxRegister (JmxRegister.java:unregister(73)) - Successfully un-registered JMX Bean with object name Ratis:service=RaftServer,group=group-F98106D389A8,id=d9bae50b-7f91-4fa0-a494-505c1b3af8a6
2022-10-11 12:48:35,656 [Listener at 127.0.0.1/38717] INFO  impl.RoleInfo (RoleInfo.java:shutdownLeaderState(93)) - d9bae50b-7f91-4fa0-a494-505c1b3af8a6: shutdown d9bae50b-7f91-4fa0-a494-505c1b3af8a6@group-F98106D389A8-LeaderStateImpl
2022-10-11 12:48:35,656 [Listener at 127.0.0.1/38717] INFO  impl.PendingRequests (PendingRequests.java:sendNotLeaderResponses(282)) - d9bae50b-7f91-4fa0-a494-505c1b3af8a6@group-F98106D389A8-PendingRequests: sendNotLeaderResponses
2022-10-11 12:48:35,657 [d9bae50b-7f91-4fa0-a494-505c1b3af8a6@group-F98106D389A8->0b6ae373-df17-43b9-8f38-34bc24a5586b-GrpcLogAppender-LogAppenderDaemon] WARN  server.GrpcLogAppender (GrpcLogAppender.java:mayWait(171)) - d9bae50b-7f91-4fa0-a494-505c1b3af8a6@group-F98106D389A8->0b6ae373-df17-43b9-8f38-34bc24a5586b-GrpcLogAppender: Wait interrupted by java.lang.InterruptedException
2022-10-11 12:48:35,659 [d9bae50b-7f91-4fa0-a494-505c1b3af8a6@group-F98106D389A8->9db450c2-c065-4fcc-a5b2-7f05d2839b90-GrpcLogAppender-LogAppenderDaemon] WARN  server.GrpcLogAppender (GrpcLogAppender.java:mayWait(171)) - d9bae50b-7f91-4fa0-a494-505c1b3af8a6@group-F98106D389A8->9db450c2-c065-4fcc-a5b2-7f05d2839b90-GrpcLogAppender: Wait interrupted by java.lang.InterruptedException
2022-10-11 12:48:35,659 [ForkJoinPool.commonPool-worker-1] INFO  handler.ContextHandler (ContextHandler.java:doStop(1153)) - Stopped o.e.j.w.WebAppContext@72690306{hddsDatanode,/,null,STOPPED}{jar:file:/home/runner/.m2/repository/org/apache/ozone/hdds-container-service/1.3.0-SNAPSHOT/hdds-container-service-1.3.0-SNAPSHOT.jar!/webapps/hddsDatanode}
2022-10-11 12:48:35,664 [ForkJoinPool.commonPool-worker-1] INFO  server.AbstractConnector (AbstractConnector.java:doStop(381)) - Stopped ServerConnector@15050e17{HTTP/1.1, (http/1.1)}{0.0.0.0:0}
2022-10-11 12:48:35,665 [ForkJoinPool.commonPool-worker-1] INFO  server.session (HouseKeeper.java:stopScavenging(149)) - node0 Stopped scavenging
2022-10-11 12:48:35,669 [ForkJoinPool.commonPool-worker-1] INFO  handler.ContextHandler (ContextHandler.java:doStop(1153)) - Stopped o.e.j.s.ServletContextHandler@5d52508e{static,/static,jar:file:/home/runner/.m2/repository/org/apache/ozone/hdds-container-service/1.3.0-SNAPSHOT/hdds-container-service-1.3.0-SNAPSHOT.jar!/webapps/static,STOPPED}
2022-10-11 12:48:35,670 [ForkJoinPool.commonPool-worker-1] INFO  handler.ContextHandler (ContextHandler.java:doStop(1153)) - Stopped o.e.j.s.ServletContextHandler@242573cf{logs,/logs,file:///home/runner/work/ozone/ozone/hadoop-ozone/integration-test/target/log,STOPPED}
2022-10-11 12:48:35,670 [d9bae50b-7f91-4fa0-a494-505c1b3af8a6@group-F98106D389A8-StateMachineUpdater] INFO  ratis.ContainerStateMachine (ContainerStateMachine.java:takeSnapshot(304)) - group-F98106D389A8: Taking a snapshot at:(t:5, i:54) file /home/runner/work/ozone/ozone/hadoop-ozone/integration-test/target/test-dir/MiniOzoneClusterImpl-5a0413bf-988c-4d76-bc8c-b64486c0eb5e/datanode-2/data/ratis/5d832645-cbd1-4476-91c5-f98106d389a8/sm/snapshot.5_54
2022-10-11 12:48:35,671 [Listener at 127.0.0.1/38717] INFO  impl.StateMachineUpdater (StateMachineUpdater.java:stopAndJoin(153)) - d9bae50b-7f91-4fa0-a494-505c1b3af8a6@group-F98106D389A8-StateMachineUpdater: set stopIndex = 54
2022-10-11 12:48:35,677 [d9bae50b-7f91-4fa0-a494-505c1b3af8a6@group-F98106D389A8-StateMachineUpdater] INFO  ratis.ContainerStateMachine (ContainerStateMachine.java:takeSnapshot(315)) - group-F98106D389A8: Finished taking a snapshot at:(t:5, i:54) file:/home/runner/work/ozone/ozone/hadoop-ozone/integration-test/target/test-dir/MiniOzoneClusterImpl-5a0413bf-988c-4d76-bc8c-b64486c0eb5e/datanode-2/data/ratis/5d832645-cbd1-4476-91c5-f98106d389a8/sm/snapshot.5_54 took: 6 ms
2022-10-11 12:48:35,677 [d9bae50b-7f91-4fa0-a494-505c1b3af8a6@group-F98106D389A8-StateMachineUpdater] INFO  impl.StateMachineUpdater (StateMachineUpdater.java:takeSnapshot(287)) - d9bae50b-7f91-4fa0-a494-505c1b3af8a6@group-F98106D389A8-StateMachineUpdater: Took a snapshot at index 54
2022-10-11 12:48:35,677 [d9bae50b-7f91-4fa0-a494-505c1b3af8a6@group-F98106D389A8-StateMachineUpdater] INFO  impl.StateMachineUpdater (StateMachineUpdater.java:lambda$new$0(92)) - d9bae50b-7f91-4fa0-a494-505c1b3af8a6@group-F98106D389A8-StateMachineUpdater: snapshotIndex: updateIncreasingly -1 -> 54
2022-10-11 12:48:35,678 [Listener at 127.0.0.1/38717] INFO  server.RaftServer$Division (ServerState.java:close(429)) - d9bae50b-7f91-4fa0-a494-505c1b3af8a6@group-F98106D389A8: closes. applyIndex: 54
2022-10-11 12:48:35,678 [d9bae50b-7f91-4fa0-a494-505c1b3af8a6@group-F98106D389A8-SegmentedRaftLogWorker] INFO  segmented.SegmentedRaftLogWorker (SegmentedRaftLogWorker.java:run(336)) - d9bae50b-7f91-4fa0-a494-505c1b3af8a6@group-F98106D389A8-SegmentedRaftLogWorker was interrupted, exiting. There are 0 tasks remaining in the queue.
2022-10-11 12:48:35,684 [Listener at 127.0.0.1/38717] INFO  segmented.SegmentedRaftLogWorker (SegmentedRaftLogWorker.java:close(246)) - d9bae50b-7f91-4fa0-a494-505c1b3af8a6@group-F98106D389A8-SegmentedRaftLogWorker close()
2022-10-11 12:48:35,685 [Listener at 127.0.0.1/38717] INFO  server.GrpcService (GrpcService.java:closeImpl(269)) - d9bae50b-7f91-4fa0-a494-505c1b3af8a6: shutdown server with port 36785 now
2022-10-11 12:48:35,686 [grpc-default-executor-1] WARN  server.GrpcClientProtocolService (LogUtils.java:warn(122)) - 1-UnorderedRequestStreamObserver1: onError: org.apache.ratis.thirdparty.io.grpc.StatusRuntimeException: CANCELLED: client cancelled
2022-10-11 12:48:35,699 [Listener at 127.0.0.1/38717] INFO  server.GrpcService (GrpcService.java:closeImpl(278)) - d9bae50b-7f91-4fa0-a494-505c1b3af8a6: shutdown server with port 36785 successfully
2022-10-11 12:48:35,700 [org.apache.ratis.util.JvmPauseMonitor$$Lambda$703/795293305@29b25216] INFO  util.JvmPauseMonitor (JvmPauseMonitor.java:run(109)) - JvmPauseMonitor-d9bae50b-7f91-4fa0-a494-505c1b3af8a6: Stopped
2022-10-11 12:48:35,755 [SCMBlockDeletingService#0] DEBUG block.SCMBlockDeletingService (SCMBlockDeletingService.java:call(131)) - Running DeletedBlockTransactionScanner
2022-10-11 12:48:35,855 [SCMBlockDeletingService#0] DEBUG block.SCMBlockDeletingService (SCMBlockDeletingService.java:call(131)) - Running DeletedBlockTransactionScanner
2022-10-11 12:48:35,955 [SCMBlockDeletingService#0] DEBUG block.SCMBlockDeletingService (SCMBlockDeletingService.java:call(131)) - Running DeletedBlockTransactionScanner
2022-10-11 12:48:36,055 [SCMBlockDeletingService#0] DEBUG block.SCMBlockDeletingService (SCMBlockDeletingService.java:call(131)) - Running DeletedBlockTransactionScanner
2022-10-11 12:48:36,155 [SCMBlockDeletingService#0] DEBUG block.SCMBlockDeletingService (SCMBlockDeletingService.java:call(131)) - Running DeletedBlockTransactionScanner
2022-10-11 12:48:36,255 [SCMBlockDeletingService#0] DEBUG block.SCMBlockDeletingService (SCMBlockDeletingService.java:call(131)) - Running DeletedBlockTransactionScanner
2022-10-11 12:48:36,356 [SCMBlockDeletingService#0] DEBUG block.SCMBlockDeletingService (SCMBlockDeletingService.java:call(131)) - Running DeletedBlockTransactionScanner
2022-10-11 12:48:36,456 [SCMBlockDeletingService#0] DEBUG block.SCMBlockDeletingService (SCMBlockDeletingService.java:call(131)) - Running DeletedBlockTransactionScanner
2022-10-11 12:48:36,460 [EventQueue-StaleNodeForStaleNodeHandler] INFO  node.StaleNodeHandler (StaleNodeHandler.java:onMessage(59)) - Datanode 9db450c2-c065-4fcc-a5b2-7f05d2839b90{ip: 10.1.1.98, host: fv-az570-546.srgqcr2moziuvm0qev4lajleyh.dx.internal.cloudapp.net, ports: [REPLICATION=39399, RATIS=45715, RATIS_ADMIN=45715, RATIS_SERVER=45715, STANDALONE=39615], networkLocation: /default-rack, certSerialId: null, persistedOpState: IN_SERVICE, persistedOpStateExpiryEpochSec: 0} moved to stale state. Finalizing its pipelines [PipelineID=5d832645-cbd1-4476-91c5-f98106d389a8]
2022-10-11 12:48:36,461 [EventQueue-StaleNodeForStaleNodeHandler] INFO  pipeline.PipelineManagerImpl (PipelineManagerImpl.java:closePipeline(442)) - Pipeline Pipeline[ Id: 5d832645-cbd1-4476-91c5-f98106d389a8, Nodes: d9bae50b-7f91-4fa0-a494-505c1b3af8a6{ip: 10.1.1.98, host: fv-az570-546.srgqcr2moziuvm0qev4lajleyh.dx.internal.cloudapp.net, ports: [REPLICATION=36585, RATIS=36785, RATIS_ADMIN=36785, RATIS_SERVER=36785, STANDALONE=38633], networkLocation: /default-rack, certSerialId: null, persistedOpState: IN_SERVICE, persistedOpStateExpiryEpochSec: 0}9db450c2-c065-4fcc-a5b2-7f05d2839b90{ip: 10.1.1.98, host: fv-az570-546.srgqcr2moziuvm0qev4lajleyh.dx.internal.cloudapp.net, ports: [REPLICATION=39399, RATIS=45715, RATIS_ADMIN=45715, RATIS_SERVER=45715, STANDALONE=39615], networkLocation: /default-rack, certSerialId: null, persistedOpState: IN_SERVICE, persistedOpStateExpiryEpochSec: 0}0b6ae373-df17-43b9-8f38-34bc24a5586b{ip: 10.1.1.98, host: fv-az570-546.srgqcr2moziuvm0qev4lajleyh.dx.internal.cloudapp.net, ports: [REPLICATION=43823, RATIS=34467, RATIS_ADMIN=34467, RATIS_SERVER=34467, STANDALONE=44477], networkLocation: /default-rack, certSerialId: null, persistedOpState: IN_SERVICE, persistedOpStateExpiryEpochSec: 0}, ReplicationConfig: RATIS/THREE, State:OPEN, leaderId:d9bae50b-7f91-4fa0-a494-505c1b3af8a6, CreationTimestamp2022-10-11T12:47:57.937Z[Etc/UTC]] moved to CLOSED state
2022-10-11 12:48:36,461 [EventQueue-StaleNodeForStaleNodeHandler] INFO  node.StaleNodeHandler (StaleNodeHandler.java:onMessage(59)) - Datanode 0b6ae373-df17-43b9-8f38-34bc24a5586b{ip: 10.1.1.98, host: fv-az570-546.srgqcr2moziuvm0qev4lajleyh.dx.internal.cloudapp.net, ports: [REPLICATION=43823, RATIS=34467, RATIS_ADMIN=34467, RATIS_SERVER=34467, STANDALONE=44477], networkLocation: /default-rack, certSerialId: null, persistedOpState: IN_SERVICE, persistedOpStateExpiryEpochSec: 0} moved to stale state. Finalizing its pipelines [PipelineID=5d832645-cbd1-4476-91c5-f98106d389a8]
2022-10-11 12:48:36,556 [SCMBlockDeletingService#0] DEBUG block.SCMBlockDeletingService (SCMBlockDeletingService.java:call(131)) - Running DeletedBlockTransactionScanner
2022-10-11 12:48:36,656 [SCMBlockDeletingService#0] DEBUG block.SCMBlockDeletingService (SCMBlockDeletingService.java:call(131)) - Running DeletedBlockTransactionScanner
2022-10-11 12:48:36,756 [SCMBlockDeletingService#0] DEBUG block.SCMBlockDeletingService (SCMBlockDeletingService.java:call(131)) - Running DeletedBlockTransactionScanner
2022-10-11 12:48:36,856 [SCMBlockDeletingService#0] DEBUG block.SCMBlockDeletingService (SCMBlockDeletingService.java:call(131)) - Running DeletedBlockTransactionScanner
2022-10-11 12:48:36,957 [SCMBlockDeletingService#0] DEBUG block.SCMBlockDeletingService (SCMBlockDeletingService.java:call(131)) - Running DeletedBlockTransactionScanner
2022-10-11 12:48:37,057 [SCMBlockDeletingService#0] DEBUG block.SCMBlockDeletingService (SCMBlockDeletingService.java:call(131)) - Running DeletedBlockTransactionScanner
2022-10-11 12:48:37,157 [SCMBlockDeletingService#0] DEBUG block.SCMBlockDeletingService (SCMBlockDeletingService.java:call(131)) - Running DeletedBlockTransactionScanner
2022-10-11 12:48:37,257 [SCMBlockDeletingService#0] DEBUG block.SCMBlockDeletingService (SCMBlockDeletingService.java:call(131)) - Running DeletedBlockTransactionScanner
2022-10-11 12:48:37,357 [SCMBlockDeletingService#0] DEBUG block.SCMBlockDeletingService (SCMBlockDeletingService.java:call(131)) - Running DeletedBlockTransactionScanner
2022-10-11 12:48:37,458 [SCMBlockDeletingService#0] DEBUG block.SCMBlockDeletingService (SCMBlockDeletingService.java:call(131)) - Running DeletedBlockTransactionScanner
2022-10-11 12:48:37,558 [SCMBlockDeletingService#0] DEBUG block.SCMBlockDeletingService (SCMBlockDeletingService.java:call(131)) - Running DeletedBlockTransactionScanner
2022-10-11 12:48:37,658 [SCMBlockDeletingService#0] DEBUG block.SCMBlockDeletingService (SCMBlockDeletingService.java:call(131)) - Running DeletedBlockTransactionScanner
2022-10-11 12:48:37,706 [Listener at 127.0.0.1/38717] INFO  utils.BackgroundService (BackgroundService.java:shutdown(141)) - Shutting down service BlockDeletingService
2022-10-11 12:48:37,709 [Listener at 127.0.0.1/38717] INFO  utils.BackgroundService (BackgroundService.java:shutdown(141)) - Shutting down service StaleRecoveringContainerScrubbingService
2022-10-11 12:48:37,711 [Listener at 127.0.0.1/38717] INFO  statemachine.DatanodeStateMachine (DatanodeStateMachine.java:stopDaemon(580)) - Ozone container server stopped.
2022-10-11 12:48:37,722 [Listener at 127.0.0.1/38717] INFO  handler.ContextHandler (ContextHandler.java:doStop(1153)) - Stopped o.e.j.w.WebAppContext@3b51334c{hddsDatanode,/,null,STOPPED}{jar:file:/home/runner/.m2/repository/org/apache/ozone/hdds-container-service/1.3.0-SNAPSHOT/hdds-container-service-1.3.0-SNAPSHOT.jar!/webapps/hddsDatanode}
2022-10-11 12:48:37,723 [Listener at 127.0.0.1/38717] INFO  server.AbstractConnector (AbstractConnector.java:doStop(381)) - Stopped ServerConnector@53319879{HTTP/1.1, (http/1.1)}{0.0.0.0:0}
2022-10-11 12:48:37,723 [Listener at 127.0.0.1/38717] INFO  server.session (HouseKeeper.java:stopScavenging(149)) - node0 Stopped scavenging
2022-10-11 12:48:37,723 [Listener at 127.0.0.1/38717] INFO  handler.ContextHandler (ContextHandler.java:doStop(1153)) - Stopped o.e.j.s.ServletContextHandler@6d653110{static,/static,jar:file:/home/runner/.m2/repository/org/apache/ozone/hdds-container-service/1.3.0-SNAPSHOT/hdds-container-service-1.3.0-SNAPSHOT.jar!/webapps/static,STOPPED}
2022-10-11 12:48:37,724 [Listener at 127.0.0.1/38717] INFO  handler.ContextHandler (ContextHandler.java:doStop(1153)) - Stopped o.e.j.s.ServletContextHandler@67d5075b{logs,/logs,file:///home/runner/work/ozone/ozone/hadoop-ozone/integration-test/target/log,STOPPED}
2022-10-11 12:48:37,726 [Listener at 127.0.0.1/38717] INFO  ozone.MiniOzoneClusterImpl (MiniOzoneClusterImpl.java:stopSCM(537)) - Stopping the StorageContainerManager
2022-10-11 12:48:37,726 [Listener at 127.0.0.1/38717] INFO  server.StorageContainerManager (StorageContainerManager.java:stop(1528)) - Container Balancer is not running.
2022-10-11 12:48:37,726 [Listener at 127.0.0.1/38717] INFO  server.StorageContainerManager (StorageContainerManager.java:stop(1535)) - Stopping Replication Manager Service.
2022-10-11 12:48:37,727 [Listener at 127.0.0.1/38717] INFO  replication.ReplicationManager (ReplicationManager.java:stop(257)) - Stopping Replication Monitor Thread.
2022-10-11 12:48:37,727 [Over Replicated Processor] WARN  replication.OverReplicatedProcessor (OverReplicatedProcessor.java:run(137)) - Over Replicated Processor interrupted. Exiting...
2022-10-11 12:48:37,727 [Under Replicated Processor] WARN  replication.UnderReplicatedProcessor (UnderReplicatedProcessor.java:run(148)) - Under Replicated Processor interrupted. Exiting...
2022-10-11 12:48:37,727 [Listener at 127.0.0.1/38717] INFO  server.StorageContainerManager (StorageContainerManager.java:stop(1542)) - Stopping the Datanode Admin Monitor.
2022-10-11 12:48:37,727 [ReplicationMonitor] INFO  replication.ReplicationManager (ReplicationManager.java:run(509)) - Replication Monitor Thread is stopped
2022-10-11 12:48:37,727 [Listener at 127.0.0.1/38717] INFO  server.StorageContainerManager (StorageContainerManager.java:stop(1549)) - Stopping Lease Manager of the command watchers
2022-10-11 12:48:37,728 [Listener at 127.0.0.1/38717] INFO  server.StorageContainerManager (StorageContainerManager.java:stop(1556)) - Stopping datanode service RPC server
2022-10-11 12:48:37,728 [Listener at 127.0.0.1/38717] INFO  server.SCMDatanodeProtocolServer (SCMDatanodeProtocolServer.java:stop(414)) - Stopping the RPC server for DataNodes
2022-10-11 12:48:37,728 [Listener at 127.0.0.1/38717] INFO  ipc.Server (Server.java:stop(3414)) - Stopping server on 33093
2022-10-11 12:48:37,730 [IPC Server listener on 0] INFO  ipc.Server (Server.java:run(1376)) - Stopping IPC Server listener on 0
2022-10-11 12:48:37,732 [IPC Server Responder] INFO  ipc.Server (Server.java:run(1512)) - Stopping IPC Server Responder
2022-10-11 12:48:37,758 [SCMBlockDeletingService#0] DEBUG block.SCMBlockDeletingService (SCMBlockDeletingService.java:call(131)) - Running DeletedBlockTransactionScanner
2022-10-11 12:48:37,762 [SCM Heartbeat Processing Thread - 0] WARN  node.NodeStateManager (NodeStateManager.java:scheduleNextHealthCheck(870)) - Current Thread is interrupted, shutting down HB processing thread for Node Manager.
2022-10-11 12:48:37,762 [Listener at 127.0.0.1/38717] INFO  server.StorageContainerManager (StorageContainerManager.java:stop(1564)) - Stopping block service RPC server
2022-10-11 12:48:37,762 [Listener at 127.0.0.1/38717] INFO  server.SCMBlockProtocolServer (SCMBlockProtocolServer.java:stop(161)) - Stopping the RPC server for Block Protocol
2022-10-11 12:48:37,762 [Listener at 127.0.0.1/38717] INFO  ipc.Server (Server.java:stop(3414)) - Stopping server on 42503
2022-10-11 12:48:37,763 [IPC Server listener on 0] INFO  ipc.Server (Server.java:run(1376)) - Stopping IPC Server listener on 0
2022-10-11 12:48:37,765 [IPC Server Responder] INFO  ipc.Server (Server.java:run(1512)) - Stopping IPC Server Responder
2022-10-11 12:48:37,766 [Listener at 127.0.0.1/38717] INFO  server.StorageContainerManager (StorageContainerManager.java:stop(1571)) - Stopping the StorageContainerLocationProtocol RPC server
2022-10-11 12:48:37,766 [Listener at 127.0.0.1/38717] INFO  server.SCMClientProtocolServer (SCMClientProtocolServer.java:stop(179)) - Stopping the RPC server for Client Protocol
2022-10-11 12:48:37,766 [Listener at 127.0.0.1/38717] INFO  ipc.Server (Server.java:stop(3414)) - Stopping server on 42443
2022-10-11 12:48:37,768 [IPC Server listener on 0] INFO  ipc.Server (Server.java:run(1376)) - Stopping IPC Server listener on 0
2022-10-11 12:48:37,769 [IPC Server Responder] INFO  ipc.Server (Server.java:run(1512)) - Stopping IPC Server Responder
2022-10-11 12:48:37,769 [Listener at 127.0.0.1/38717] INFO  server.StorageContainerManager (StorageContainerManager.java:stop(1578)) - Stopping Storage Container Manager HTTP server.
2022-10-11 12:48:37,770 [Listener at 127.0.0.1/38717] INFO  handler.ContextHandler (ContextHandler.java:doStop(1153)) - Stopped o.e.j.w.WebAppContext@4cc4f6bd{scm,/,null,STOPPED}{file:/home/runner/work/ozone/ozone/hadoop-ozone/integration-test/target/test-classes/webapps/scm}
2022-10-11 12:48:37,770 [Listener at 127.0.0.1/38717] INFO  server.AbstractConnector (AbstractConnector.java:doStop(381)) - Stopped ServerConnector@1e65c4d{HTTP/1.1, (http/1.1)}{0.0.0.0:0}
2022-10-11 12:48:37,770 [Listener at 127.0.0.1/38717] INFO  server.session (HouseKeeper.java:stopScavenging(149)) - node0 Stopped scavenging
2022-10-11 12:48:37,771 [Listener at 127.0.0.1/38717] INFO  handler.ContextHandler (ContextHandler.java:doStop(1153)) - Stopped o.e.j.s.ServletContextHandler@679886ad{static,/static,file:///home/runner/work/ozone/ozone/hadoop-ozone/integration-test/target/test-classes/webapps/static,STOPPED}
2022-10-11 12:48:37,771 [Listener at 127.0.0.1/38717] INFO  handler.ContextHandler (ContextHandler.java:doStop(1153)) - Stopped o.e.j.s.ServletContextHandler@93c66ef{logs,/logs,file:///home/runner/work/ozone/ozone/hadoop-ozone/integration-test/target/log,STOPPED}
2022-10-11 12:48:37,772 [Listener at 127.0.0.1/38717] INFO  server.StorageContainerManager (StorageContainerManager.java:stop(1584)) - Stopping SCM LayoutVersionManager Service.
2022-10-11 12:48:37,772 [Listener at 127.0.0.1/38717] INFO  server.StorageContainerManager (StorageContainerManager.java:stop(1592)) - Stopping Block Manager Service.
2022-10-11 12:48:37,772 [Listener at 127.0.0.1/38717] INFO  utils.BackgroundService (BackgroundService.java:shutdown(141)) - Shutting down service SCMBlockDeletingService
2022-10-11 12:48:37,773 [Listener at 127.0.0.1/38717] INFO  utils.BackgroundService (BackgroundService.java:shutdown(141)) - Shutting down service SCMBlockDeletingService
2022-10-11 12:48:37,773 [Listener at 127.0.0.1/38717] INFO  server.StorageContainerManager (StorageContainerManager.java:stop(1619)) - Stopping SCM Event Queue.
2022-10-11 12:48:37,776 [Listener at 127.0.0.1/38717] INFO  server.StorageContainerManager (StorageContainerManager.java:stop(1630)) - Stopping SCM HA services.
2022-10-11 12:48:37,776 [Listener at 127.0.0.1/38717] INFO  pipeline.BackgroundPipelineCreator (BackgroundPipelineCreator.java:stop(149)) - Stopping RatisPipelineUtilsThread.
2022-10-11 12:48:37,777 [RatisPipelineUtilsThread - 0] WARN  pipeline.BackgroundPipelineCreator (BackgroundPipelineCreator.java:run(180)) - RatisPipelineUtilsThread is interrupted.
2022-10-11 12:48:37,779 [Listener at 127.0.0.1/38717] INFO  BackgroundPipelineScrubber (BackgroundSCMService.java:stop(131)) - Stopping BackgroundPipelineScrubber Service.
2022-10-11 12:48:37,779 [BackgroundPipelineScrubberThread] WARN  BackgroundPipelineScrubber (BackgroundSCMService.java:run(115)) - BackgroundPipelineScrubber is interrupted, exit
2022-10-11 12:48:37,779 [Listener at 127.0.0.1/38717] INFO  server.StorageContainerManager (StorageContainerManager.java:stop(1640)) - Stopping SCM MetadataStore.
2022-10-11 12:48:37,782 [Listener at 127.0.0.1/38717] INFO  impl.MetricsSystemImpl (MetricsSystemImpl.java:stop(210)) - Stopping XceiverClientMetrics metrics system...
2022-10-11 12:48:37,785 [prometheus] INFO  impl.MetricsSinkAdapter (MetricsSinkAdapter.java:publishMetricsFromQueue(141)) - prometheus thread interrupted.
2022-10-11 12:48:37,785 [Listener at 127.0.0.1/38717] INFO  impl.MetricsSystemImpl (MetricsSystemImpl.java:stop(216)) - XceiverClientMetrics metrics system stopped.
2022-10-11 12:48:37,786 [Listener at 127.0.0.1/38717] WARN  pipeline.BackgroundPipelineCreator (BackgroundPipelineCreator.java:stop(145)) - RatisPipelineUtilsThread is not running, just ignore.
2022-10-11 12:48:37,786 [Listener at 127.0.0.1/38717] INFO  BackgroundPipelineScrubber (BackgroundSCMService.java:stop(126)) - BackgroundPipelineScrubber Service is not running, skip stop.
2022-10-11 12:48:37,786 [Listener at 127.0.0.1/38717] INFO  ExpiredContainerReplicaOpScrubber (BackgroundSCMService.java:stop(131)) - Stopping ExpiredContainerReplicaOpScrubber Service.
2022-10-11 12:48:37,786 [ExpiredContainerReplicaOpScrubberThread] WARN  ExpiredContainerReplicaOpScrubber (BackgroundSCMService.java:run(115)) - ExpiredContainerReplicaOpScrubber is interrupted, exit
2022-10-11 12:48:37,786 [Listener at 127.0.0.1/38717] INFO  utils.BackgroundService (BackgroundService.java:shutdown(141)) - Shutting down service SCMBlockDeletingService
2022-10-11 12:48:37,786 [Listener at 127.0.0.1/38717] INFO  replication.ReplicationManager (ReplicationManager.java:stop(265)) - Replication Monitor Thread is not running.
2022-10-11 12:48:37,786 [Listener at 127.0.0.1/38717] WARN  balancer.ContainerBalancer (ContainerBalancer.java:stop(1096)) - Cannot stop Container Balancer because it's not running
]]></system-out>
  </testcase>
  <testcase name="testContainerStatisticsAfterDelete" classname="org.apache.hadoop.ozone.container.common.statemachine.commandhandler.TestBlockDeletion" time="54.478">
    <error type="java.util.concurrent.TimeoutException"><![CDATA[java.util.concurrent.TimeoutException: 
Timed out waiting for condition. Thread diagnostics:
Timestamp: 2022-10-11 12:49:30,167

"BlockDeletingService#2" daemon prio=5 tid=2838 in Object.wait()
java.lang.Thread.State: WAITING (on object monitor)
        at sun.misc.Unsafe.park(Native Method)
        at java.util.concurrent.locks.LockSupport.park(LockSupport.java:175)
        at java.util.concurrent.locks.AbstractQueuedSynchronizer$ConditionObject.await(AbstractQueuedSynchronizer.java:2044)
        at java.util.concurrent.ScheduledThreadPoolExecutor$DelayedWorkQueue.take(ScheduledThreadPoolExecutor.java:1088)
        at java.util.concurrent.ScheduledThreadPoolExecutor$DelayedWorkQueue.take(ScheduledThreadPoolExecutor.java:809)
        at java.util.concurrent.ThreadPoolExecutor.getTask(ThreadPoolExecutor.java:1074)
        at java.util.concurrent.ThreadPoolExecutor.runWorker(ThreadPoolExecutor.java:1134)
        at java.util.concurrent.ThreadPoolExecutor$Worker.run(ThreadPoolExecutor.java:624)
        at java.lang.Thread.run(Thread.java:750)
"qtp1588559443-2748" daemon prio=5 tid=2748 timed_waiting
java.lang.Thread.State: TIMED_WAITING
        at sun.misc.Unsafe.park(Native Method)
        at java.util.concurrent.locks.LockSupport.parkNanos(LockSupport.java:215)
        at java.util.concurrent.locks.AbstractQueuedSynchronizer$ConditionObject.awaitNanos(AbstractQueuedSynchronizer.java:2083)
        at org.eclipse.jetty.util.BlockingArrayQueue.poll(BlockingArrayQueue.java:382)
        at org.eclipse.jetty.util.thread.QueuedThreadPool$Runner.idleJobPoll(QueuedThreadPool.java:974)
        at org.eclipse.jetty.util.thread.QueuedThreadPool$Runner.run(QueuedThreadPool.java:1018)
        at java.lang.Thread.run(Thread.java:750)
"IPC Server handler 18 on default port 37873" daemon prio=5 tid=2706 timed_waiting
java.lang.Thread.State: TIMED_WAITING
        at sun.misc.Unsafe.park(Native Method)
        at java.util.concurrent.locks.LockSupport.parkNanos(LockSupport.java:215)
        at java.util.concurrent.locks.AbstractQueuedSynchronizer$ConditionObject.awaitNanos(AbstractQueuedSynchronizer.java:2083)
        at java.util.concurrent.LinkedBlockingQueue.poll(LinkedBlockingQueue.java:467)
        at org.apache.hadoop.ipc.CallQueueManager.take(CallQueueManager.java:317)
        at org.apache.hadoop.ipc.Server$Handler.run(Server.java:2932)
"IPC Server handler 16 on default port 41673" daemon prio=5 tid=2641 timed_waiting
java.lang.Thread.State: TIMED_WAITING
        at sun.misc.Unsafe.park(Native Method)
        at java.util.concurrent.locks.LockSupport.parkNanos(LockSupport.java:215)
        at java.util.concurrent.locks.AbstractQueuedSynchronizer$ConditionObject.awaitNanos(AbstractQueuedSynchronizer.java:2083)
        at java.util.concurrent.LinkedBlockingQueue.poll(LinkedBlockingQueue.java:467)
        at org.apache.hadoop.ipc.CallQueueManager.take(CallQueueManager.java:317)
        at org.apache.hadoop.ipc.Server$Handler.run(Server.java:2932)
"Datanode State Machine Daemon Thread" daemon prio=5 tid=2780 timed_waiting
java.lang.Thread.State: TIMED_WAITING
        at java.lang.Thread.sleep(Native Method)
        at org.apache.hadoop.ozone.container.common.statemachine.DatanodeStateMachine.startStateMachineThread(DatanodeStateMachine.java:313)
        at org.apache.hadoop.ozone.container.common.statemachine.DatanodeStateMachine.lambda$startDaemon$0(DatanodeStateMachine.java:493)
        at org.apache.hadoop.ozone.container.common.statemachine.DatanodeStateMachine$$Lambda$746/1301792983.run(Unknown Source)
        at java.lang.Thread.run(Thread.java:750)
"Periodic HDDS volume checker" daemon prio=5 tid=2736 timed_waiting
java.lang.Thread.State: TIMED_WAITING
        at sun.misc.Unsafe.park(Native Method)
        at java.util.concurrent.locks.LockSupport.parkNanos(LockSupport.java:215)
        at java.util.concurrent.locks.AbstractQueuedSynchronizer$ConditionObject.awaitNanos(AbstractQueuedSynchronizer.java:2083)
        at java.util.concurrent.ScheduledThreadPoolExecutor$DelayedWorkQueue.take(ScheduledThreadPoolExecutor.java:1093)
        at java.util.concurrent.ScheduledThreadPoolExecutor$DelayedWorkQueue.take(ScheduledThreadPoolExecutor.java:809)
        at java.util.concurrent.ThreadPoolExecutor.getTask(ThreadPoolExecutor.java:1074)
        at java.util.concurrent.ThreadPoolExecutor.runWorker(ThreadPoolExecutor.java:1134)
        at java.util.concurrent.ThreadPoolExecutor$Worker.run(ThreadPoolExecutor.java:624)
        at java.lang.Thread.run(Thread.java:750)
"IPC Server handler 17 on default port 33273" daemon prio=5 tid=2622 timed_waiting
java.lang.Thread.State: TIMED_WAITING
        at sun.misc.Unsafe.park(Native Method)
        at java.util.concurrent.locks.LockSupport.parkNanos(LockSupport.java:215)
        at java.util.concurrent.locks.AbstractQueuedSynchronizer$ConditionObject.awaitNanos(AbstractQueuedSynchronizer.java:2083)
        at java.util.concurrent.LinkedBlockingQueue.poll(LinkedBlockingQueue.java:467)
        at org.apache.hadoop.ipc.CallQueueManager.take(CallQueueManager.java:317)
        at org.apache.hadoop.ipc.Server$Handler.run(Server.java:2932)
"pool-396-thread-1"  prio=5 tid=2768 timed_waiting
java.lang.Thread.State: TIMED_WAITING
        at sun.misc.Unsafe.park(Native Method)
        at java.util.concurrent.locks.LockSupport.parkNanos(LockSupport.java:215)
        at java.util.concurrent.locks.AbstractQueuedSynchronizer$ConditionObject.awaitNanos(AbstractQueuedSynchronizer.java:2083)
        at java.util.concurrent.ScheduledThreadPoolExecutor$DelayedWorkQueue.take(ScheduledThreadPoolExecutor.java:1093)
        at java.util.concurrent.ScheduledThreadPoolExecutor$DelayedWorkQueue.take(ScheduledThreadPoolExecutor.java:809)
        at java.util.concurrent.ThreadPoolExecutor.getTask(ThreadPoolExecutor.java:1074)
        at java.util.concurrent.ThreadPoolExecutor.runWorker(ThreadPoolExecutor.java:1134)
        at java.util.concurrent.ThreadPoolExecutor$Worker.run(ThreadPoolExecutor.java:624)
        at java.lang.Thread.run(Thread.java:750)
"IPC Server idle connection scanner for port 40561" daemon prio=5 tid=2580 timed_waiting
java.lang.Thread.State: TIMED_WAITING
        at java.lang.Object.wait(Native Method)
        at java.util.TimerThread.mainLoop(Timer.java:552)
        at java.util.TimerThread.run(Timer.java:505)
"qtp937214461-2649-acceptor-0@283a33b1-ServerConnector@40fdbd2f{HTTP/1.1, (http/1.1)}{0.0.0.0:41187}" daemon prio=3 tid=2649 runnable
java.lang.Thread.State: RUNNABLE
        at sun.nio.ch.ServerSocketChannelImpl.accept0(Native Method)
        at sun.nio.ch.ServerSocketChannelImpl.accept(ServerSocketChannelImpl.java:421)
        at sun.nio.ch.ServerSocketChannelImpl.accept(ServerSocketChannelImpl.java:249)
        at org.eclipse.jetty.server.ServerConnector.accept(ServerConnector.java:388)
        at org.eclipse.jetty.server.AbstractConnector$Acceptor.run(AbstractConnector.java:702)
        at org.eclipse.jetty.util.thread.QueuedThreadPool.runJob(QueuedThreadPool.java:883)
        at org.eclipse.jetty.util.thread.QueuedThreadPool$Runner.run(QueuedThreadPool.java:1034)
        at java.lang.Thread.run(Thread.java:750)
"ReplicationMonitor" daemon prio=5 tid=2566 timed_waiting
java.lang.Thread.State: TIMED_WAITING
        at java.lang.Object.wait(Native Method)
        at org.apache.hadoop.hdds.scm.container.replication.ReplicationManager.run(ReplicationManager.java:505)
        at org.apache.hadoop.hdds.scm.container.replication.ReplicationManager$$Lambda$403/673797460.run(Unknown Source)
        at java.lang.Thread.run(Thread.java:750)
"ExpiredContainerReplicaOpScrubberThread" daemon prio=5 tid=2565 timed_waiting
java.lang.Thread.State: TIMED_WAITING
        at java.lang.Object.wait(Native Method)
        at org.apache.hadoop.hdds.scm.ha.BackgroundSCMService.run(BackgroundSCMService.java:110)
        at org.apache.hadoop.hdds.scm.ha.BackgroundSCMService$$Lambda$396/739935529.run(Unknown Source)
        at java.lang.Thread.run(Thread.java:750)
"grpc-default-executor-3" daemon prio=5 tid=412 timed_waiting
java.lang.Thread.State: TIMED_WAITING
        at sun.misc.Unsafe.park(Native Method)
        at java.util.concurrent.locks.LockSupport.parkNanos(LockSupport.java:215)
        at java.util.concurrent.SynchronousQueue$TransferStack.awaitFulfill(SynchronousQueue.java:460)
        at java.util.concurrent.SynchronousQueue$TransferStack.transfer(SynchronousQueue.java:362)
        at java.util.concurrent.SynchronousQueue.poll(SynchronousQueue.java:941)
        at java.util.concurrent.ThreadPoolExecutor.getTask(ThreadPoolExecutor.java:1073)
        at java.util.concurrent.ThreadPoolExecutor.runWorker(ThreadPoolExecutor.java:1134)
        at java.util.concurrent.ThreadPoolExecutor$Worker.run(ThreadPoolExecutor.java:624)
        at java.lang.Thread.run(Thread.java:750)
"IPC Server handler 11 on default port 33273" daemon prio=5 tid=2616 timed_waiting
java.lang.Thread.State: TIMED_WAITING
        at sun.misc.Unsafe.park(Native Method)
        at java.util.concurrent.locks.LockSupport.parkNanos(LockSupport.java:215)
        at java.util.concurrent.locks.AbstractQueuedSynchronizer$ConditionObject.awaitNanos(AbstractQueuedSynchronizer.java:2083)
        at java.util.concurrent.LinkedBlockingQueue.poll(LinkedBlockingQueue.java:467)
        at org.apache.hadoop.ipc.CallQueueManager.take(CallQueueManager.java:317)
        at org.apache.hadoop.ipc.Server$Handler.run(Server.java:2932)
"IPC Server handler 8 on default port 33273" daemon prio=5 tid=2613 timed_waiting
java.lang.Thread.State: TIMED_WAITING
        at sun.misc.Unsafe.park(Native Method)
        at java.util.concurrent.locks.LockSupport.parkNanos(LockSupport.java:215)
        at java.util.concurrent.locks.AbstractQueuedSynchronizer$ConditionObject.awaitNanos(AbstractQueuedSynchronizer.java:2083)
        at java.util.concurrent.LinkedBlockingQueue.poll(LinkedBlockingQueue.java:467)
        at org.apache.hadoop.ipc.CallQueueManager.take(CallQueueManager.java:317)
        at org.apache.hadoop.ipc.Server$Handler.run(Server.java:2932)
"DeleteContainerThread-0"  prio=5 tid=3268 in Object.wait()
java.lang.Thread.State: WAITING (on object monitor)
        at sun.misc.Unsafe.park(Native Method)
        at java.util.concurrent.locks.LockSupport.park(LockSupport.java:175)
        at java.util.concurrent.locks.AbstractQueuedSynchronizer$ConditionObject.await(AbstractQueuedSynchronizer.java:2044)
        at java.util.concurrent.LinkedBlockingQueue.take(LinkedBlockingQueue.java:442)
        at java.util.concurrent.ThreadPoolExecutor.getTask(ThreadPoolExecutor.java:1074)
        at java.util.concurrent.ThreadPoolExecutor.runWorker(ThreadPoolExecutor.java:1134)
        at java.util.concurrent.ThreadPoolExecutor$Worker.run(ThreadPoolExecutor.java:624)
        at java.lang.Thread.run(Thread.java:750)
"om1-impl-thread1"  prio=5 tid=2661 timed_waiting
java.lang.Thread.State: TIMED_WAITING
        at sun.misc.Unsafe.park(Native Method)
        at java.util.concurrent.locks.LockSupport.parkNanos(LockSupport.java:215)
        at java.util.concurrent.SynchronousQueue$TransferStack.awaitFulfill(SynchronousQueue.java:460)
        at java.util.concurrent.SynchronousQueue$TransferStack.transfer(SynchronousQueue.java:362)
        at java.util.concurrent.SynchronousQueue.poll(SynchronousQueue.java:941)
        at java.util.concurrent.ThreadPoolExecutor.getTask(ThreadPoolExecutor.java:1073)
        at java.util.concurrent.ThreadPoolExecutor.runWorker(ThreadPoolExecutor.java:1134)
        at java.util.concurrent.ThreadPoolExecutor$Worker.run(ThreadPoolExecutor.java:624)
        at java.lang.Thread.run(Thread.java:750)
"Over Replicated Processor" daemon prio=5 tid=2568 timed_waiting
java.lang.Thread.State: TIMED_WAITING
        at java.lang.Object.wait(Native Method)
        at org.apache.hadoop.hdds.scm.container.replication.OverReplicatedProcessor.run(OverReplicatedProcessor.java:131)
        at java.lang.Thread.run(Thread.java:750)
"PartialTableCache Cleanup Thread - 0" daemon prio=5 tid=2969 in Object.wait()
java.lang.Thread.State: WAITING (on object monitor)
        at sun.misc.Unsafe.park(Native Method)
        at java.util.concurrent.locks.LockSupport.park(LockSupport.java:175)
        at java.util.concurrent.locks.AbstractQueuedSynchronizer$ConditionObject.await(AbstractQueuedSynchronizer.java:2044)
        at java.util.concurrent.LinkedBlockingQueue.take(LinkedBlockingQueue.java:442)
        at java.util.concurrent.ThreadPoolExecutor.getTask(ThreadPoolExecutor.java:1074)
        at java.util.concurrent.ThreadPoolExecutor.runWorker(ThreadPoolExecutor.java:1134)
        at java.util.concurrent.ThreadPoolExecutor$Worker.run(ThreadPoolExecutor.java:624)
        at java.lang.Thread.run(Thread.java:750)
"qtp1588559443-2745" daemon prio=5 tid=2745 timed_waiting
java.lang.Thread.State: TIMED_WAITING
        at sun.misc.Unsafe.park(Native Method)
        at java.util.concurrent.locks.LockSupport.parkNanos(LockSupport.java:215)
        at java.util.concurrent.locks.AbstractQueuedSynchronizer$ConditionObject.awaitNanos(AbstractQueuedSynchronizer.java:2083)
        at org.eclipse.jetty.util.BlockingArrayQueue.poll(BlockingArrayQueue.java:382)
        at org.eclipse.jetty.util.thread.QueuedThreadPool$Runner.idleJobPoll(QueuedThreadPool.java:974)
        at org.eclipse.jetty.util.thread.QueuedThreadPool$Runner.run(QueuedThreadPool.java:1018)
        at java.lang.Thread.run(Thread.java:750)
"qtp1624799476-2769" daemon prio=5 tid=2769 runnable
java.lang.Thread.State: RUNNABLE
        at sun.nio.ch.EPollArrayWrapper.epollWait(Native Method)
        at sun.nio.ch.EPollArrayWrapper.poll(EPollArrayWrapper.java:269)
        at sun.nio.ch.EPollSelectorImpl.doSelect(EPollSelectorImpl.java:93)
        at sun.nio.ch.SelectorImpl.lockAndDoSelect(SelectorImpl.java:86)
        at sun.nio.ch.SelectorImpl.select(SelectorImpl.java:97)
        at sun.nio.ch.SelectorImpl.select(SelectorImpl.java:101)
        at org.eclipse.jetty.io.ManagedSelector.nioSelect(ManagedSelector.java:183)
        at org.eclipse.jetty.io.ManagedSelector.select(ManagedSelector.java:190)
        at org.eclipse.jetty.io.ManagedSelector$SelectorProducer.select(ManagedSelector.java:606)
        at org.eclipse.jetty.io.ManagedSelector$SelectorProducer.produce(ManagedSelector.java:543)
        at org.eclipse.jetty.util.thread.strategy.EatWhatYouKill.produceTask(EatWhatYouKill.java:362)
        at org.eclipse.jetty.util.thread.strategy.EatWhatYouKill.doProduce(EatWhatYouKill.java:186)
        at org.eclipse.jetty.util.thread.strategy.EatWhatYouKill.tryProduce(EatWhatYouKill.java:173)
        at org.eclipse.jetty.util.thread.strategy.EatWhatYouKill.produce(EatWhatYouKill.java:137)
        at org.eclipse.jetty.io.ManagedSelector$$Lambda$464/1278700356.run(Unknown Source)
        at org.eclipse.jetty.util.thread.QueuedThreadPool.runJob(QueuedThreadPool.java:883)
        at org.eclipse.jetty.util.thread.QueuedThreadPool$Runner.run(QueuedThreadPool.java:1034)
        at java.lang.Thread.run(Thread.java:750)
"qtp1588559443-2746" daemon prio=5 tid=2746 timed_waiting
java.lang.Thread.State: TIMED_WAITING
        at sun.misc.Unsafe.park(Native Method)
        at java.util.concurrent.locks.LockSupport.parkNanos(LockSupport.java:215)
        at java.util.concurrent.locks.AbstractQueuedSynchronizer$ConditionObject.awaitNanos(AbstractQueuedSynchronizer.java:2083)
        at org.eclipse.jetty.util.BlockingArrayQueue.poll(BlockingArrayQueue.java:382)
        at org.eclipse.jetty.util.thread.QueuedThreadPool$Runner.idleJobPoll(QueuedThreadPool.java:974)
        at org.eclipse.jetty.util.thread.QueuedThreadPool$Runner.run(QueuedThreadPool.java:1018)
        at java.lang.Thread.run(Thread.java:750)
"IPC Server handler 1 on default port 41673" daemon prio=5 tid=2626 timed_waiting
java.lang.Thread.State: TIMED_WAITING
        at sun.misc.Unsafe.park(Native Method)
        at java.util.concurrent.locks.LockSupport.parkNanos(LockSupport.java:215)
        at java.util.concurrent.locks.AbstractQueuedSynchronizer$ConditionObject.awaitNanos(AbstractQueuedSynchronizer.java:2083)
        at java.util.concurrent.LinkedBlockingQueue.poll(LinkedBlockingQueue.java:467)
        at org.apache.hadoop.ipc.CallQueueManager.take(CallQueueManager.java:317)
        at org.apache.hadoop.ipc.Server$Handler.run(Server.java:2932)
"IPC Server handler 8 on default port 37873" daemon prio=5 tid=2696 timed_waiting
java.lang.Thread.State: TIMED_WAITING
        at sun.misc.Unsafe.park(Native Method)
        at java.util.concurrent.locks.LockSupport.parkNanos(LockSupport.java:215)
        at java.util.concurrent.locks.AbstractQueuedSynchronizer$ConditionObject.awaitNanos(AbstractQueuedSynchronizer.java:2083)
        at java.util.concurrent.LinkedBlockingQueue.poll(LinkedBlockingQueue.java:467)
        at org.apache.hadoop.ipc.CallQueueManager.take(CallQueueManager.java:317)
        at org.apache.hadoop.ipc.Server$Handler.run(Server.java:2932)
"IPC Server handler 7 on default port 40561" daemon prio=5 tid=2592 timed_waiting
java.lang.Thread.State: TIMED_WAITING
        at sun.misc.Unsafe.park(Native Method)
        at java.util.concurrent.locks.LockSupport.parkNanos(LockSupport.java:215)
        at java.util.concurrent.locks.AbstractQueuedSynchronizer$ConditionObject.awaitNanos(AbstractQueuedSynchronizer.java:2083)
        at java.util.concurrent.LinkedBlockingQueue.poll(LinkedBlockingQueue.java:467)
        at org.apache.hadoop.ipc.CallQueueManager.take(CallQueueManager.java:317)
        at org.apache.hadoop.ipc.Server$Handler.run(Server.java:2932)
"org.apache.hadoop.util.JvmPauseMonitor$Monitor@70b78bb5" daemon prio=5 tid=2787 timed_waiting
java.lang.Thread.State: TIMED_WAITING
        at java.lang.Thread.sleep(Native Method)
        at org.apache.hadoop.util.JvmPauseMonitor$Monitor.run(JvmPauseMonitor.java:192)
        at java.lang.Thread.run(Thread.java:750)
"IPC Server handler 0 on default port 33273" daemon prio=5 tid=2605 timed_waiting
java.lang.Thread.State: TIMED_WAITING
        at sun.misc.Unsafe.park(Native Method)
        at java.util.concurrent.locks.LockSupport.parkNanos(LockSupport.java:215)
        at java.util.concurrent.locks.AbstractQueuedSynchronizer$ConditionObject.awaitNanos(AbstractQueuedSynchronizer.java:2083)
        at java.util.concurrent.LinkedBlockingQueue.poll(LinkedBlockingQueue.java:467)
        at org.apache.hadoop.ipc.CallQueueManager.take(CallQueueManager.java:317)
        at org.apache.hadoop.ipc.Server$Handler.run(Server.java:2932)
"ChunkReader-ELG-0" daemon prio=5 tid=2812 runnable
java.lang.Thread.State: RUNNABLE
        at org.apache.ratis.thirdparty.io.netty.channel.epoll.Native.epollWait(Native Method)
        at org.apache.ratis.thirdparty.io.netty.channel.epoll.Native.epollWait(Native.java:193)
        at org.apache.ratis.thirdparty.io.netty.channel.epoll.Native.epollWait(Native.java:186)
        at org.apache.ratis.thirdparty.io.netty.channel.epoll.EpollEventLoop.epollWaitNoTimerChange(EpollEventLoop.java:290)
        at org.apache.ratis.thirdparty.io.netty.channel.epoll.EpollEventLoop.run(EpollEventLoop.java:347)
        at org.apache.ratis.thirdparty.io.netty.util.concurrent.SingleThreadEventExecutor$4.run(SingleThreadEventExecutor.java:986)
        at org.apache.ratis.thirdparty.io.netty.util.internal.ThreadExecutorMap$2.run(ThreadExecutorMap.java:74)
        at java.lang.Thread.run(Thread.java:750)
"IPC Server handler 15 on default port 33273" daemon prio=5 tid=2620 timed_waiting
java.lang.Thread.State: TIMED_WAITING
        at sun.misc.Unsafe.park(Native Method)
        at java.util.concurrent.locks.LockSupport.parkNanos(LockSupport.java:215)
        at java.util.concurrent.locks.AbstractQueuedSynchronizer$ConditionObject.awaitNanos(AbstractQueuedSynchronizer.java:2083)
        at java.util.concurrent.LinkedBlockingQueue.poll(LinkedBlockingQueue.java:467)
        at org.apache.hadoop.ipc.CallQueueManager.take(CallQueueManager.java:317)
        at org.apache.hadoop.ipc.Server$Handler.run(Server.java:2932)
"0605c384-8e0d-4fdb-ab87-e69b89fa9455@group-BBDFD469DB51->4444cbf4-fd79-4bf9-9a85-9dbe318480e0-GrpcLogAppender-LogAppenderDaemon" daemon prio=5 tid=2908 timed_waiting
java.lang.Thread.State: TIMED_WAITING
        at sun.misc.Unsafe.park(Native Method)
        at java.util.concurrent.locks.LockSupport.parkNanos(LockSupport.java:215)
        at java.util.concurrent.CompletableFuture$Signaller.block(CompletableFuture.java:1709)
        at java.util.concurrent.ForkJoinPool.managedBlock(ForkJoinPool.java:3323)
        at java.util.concurrent.CompletableFuture.timedGet(CompletableFuture.java:1788)
        at java.util.concurrent.CompletableFuture.get(CompletableFuture.java:1928)
        at org.apache.ratis.util.AwaitForSignal.await(AwaitForSignal.java:56)
        at org.apache.ratis.grpc.server.GrpcLogAppender.mayWait(GrpcLogAppender.java:169)
        at org.apache.ratis.grpc.server.GrpcLogAppender.run(GrpcLogAppender.java:128)
        at org.apache.ratis.server.leader.LogAppenderDaemon.run(LogAppenderDaemon.java:77)
        at org.apache.ratis.server.leader.LogAppenderDaemon$$Lambda$1022/1036710210.run(Unknown Source)
        at java.lang.Thread.run(Thread.java:750)
"IPC Server handler 19 on default port 37873" daemon prio=5 tid=2707 timed_waiting
java.lang.Thread.State: TIMED_WAITING
        at sun.misc.Unsafe.park(Native Method)
        at java.util.concurrent.locks.LockSupport.parkNanos(LockSupport.java:215)
        at java.util.concurrent.locks.AbstractQueuedSynchronizer$ConditionObject.awaitNanos(AbstractQueuedSynchronizer.java:2083)
        at java.util.concurrent.LinkedBlockingQueue.poll(LinkedBlockingQueue.java:467)
        at org.apache.hadoop.ipc.CallQueueManager.take(CallQueueManager.java:317)
        at org.apache.hadoop.ipc.Server$Handler.run(Server.java:2932)
"DeleteContainerThread-0"  prio=5 tid=3269 in Object.wait()
java.lang.Thread.State: WAITING (on object monitor)
        at sun.misc.Unsafe.park(Native Method)
        at java.util.concurrent.locks.LockSupport.park(LockSupport.java:175)
        at java.util.concurrent.locks.AbstractQueuedSynchronizer$ConditionObject.await(AbstractQueuedSynchronizer.java:2044)
        at java.util.concurrent.LinkedBlockingQueue.take(LinkedBlockingQueue.java:442)
        at java.util.concurrent.ThreadPoolExecutor.getTask(ThreadPoolExecutor.java:1074)
        at java.util.concurrent.ThreadPoolExecutor.runWorker(ThreadPoolExecutor.java:1134)
        at java.util.concurrent.ThreadPoolExecutor$Worker.run(ThreadPoolExecutor.java:624)
        at java.lang.Thread.run(Thread.java:750)
"IPC Server handler 4 on default port 37873" daemon prio=5 tid=2692 timed_waiting
java.lang.Thread.State: TIMED_WAITING
        at sun.misc.Unsafe.park(Native Method)
        at java.util.concurrent.locks.LockSupport.parkNanos(LockSupport.java:215)
        at java.util.concurrent.locks.AbstractQueuedSynchronizer$ConditionObject.awaitNanos(AbstractQueuedSynchronizer.java:2083)
        at java.util.concurrent.LinkedBlockingQueue.poll(LinkedBlockingQueue.java:467)
        at org.apache.hadoop.ipc.CallQueueManager.take(CallQueueManager.java:317)
        at org.apache.hadoop.ipc.Server$Handler.run(Server.java:2932)
"Datanode ReportManager Thread - 0" daemon prio=5 tid=2781 in Object.wait()
java.lang.Thread.State: WAITING (on object monitor)
        at sun.misc.Unsafe.park(Native Method)
        at java.util.concurrent.locks.LockSupport.park(LockSupport.java:175)
        at java.util.concurrent.locks.AbstractQueuedSynchronizer$ConditionObject.await(AbstractQueuedSynchronizer.java:2044)
        at java.util.concurrent.ScheduledThreadPoolExecutor$DelayedWorkQueue.take(ScheduledThreadPoolExecutor.java:1088)
        at java.util.concurrent.ScheduledThreadPoolExecutor$DelayedWorkQueue.take(ScheduledThreadPoolExecutor.java:809)
        at java.util.concurrent.ThreadPoolExecutor.getTask(ThreadPoolExecutor.java:1074)
        at java.util.concurrent.ThreadPoolExecutor.runWorker(ThreadPoolExecutor.java:1134)
        at java.util.concurrent.ThreadPoolExecutor$Worker.run(ThreadPoolExecutor.java:624)
        at java.lang.Thread.run(Thread.java:750)
"4444cbf4-fd79-4bf9-9a85-9dbe318480e0@group-BBDFD469DB51-StateMachineUpdater" daemon prio=5 tid=2865 timed_waiting
java.lang.Thread.State: TIMED_WAITING
        at sun.misc.Unsafe.park(Native Method)
        at java.util.concurrent.locks.LockSupport.parkNanos(LockSupport.java:215)
        at java.util.concurrent.CompletableFuture$Signaller.block(CompletableFuture.java:1709)
        at java.util.concurrent.ForkJoinPool.managedBlock(ForkJoinPool.java:3323)
        at java.util.concurrent.CompletableFuture.timedGet(CompletableFuture.java:1788)
        at java.util.concurrent.CompletableFuture.get(CompletableFuture.java:1928)
        at org.apache.ratis.util.AwaitForSignal.await(AwaitForSignal.java:56)
        at org.apache.ratis.server.impl.StateMachineUpdater.waitForCommit(StateMachineUpdater.java:207)
        at org.apache.ratis.server.impl.StateMachineUpdater.run(StateMachineUpdater.java:176)
        at java.lang.Thread.run(Thread.java:750)
"pool-364-thread-1"  prio=5 tid=2863 in Object.wait()
java.lang.Thread.State: WAITING (on object monitor)
        at sun.misc.Unsafe.park(Native Method)
        at java.util.concurrent.locks.LockSupport.park(LockSupport.java:175)
        at java.util.concurrent.locks.AbstractQueuedSynchronizer$ConditionObject.await(AbstractQueuedSynchronizer.java:2044)
        at java.util.concurrent.LinkedBlockingQueue.take(LinkedBlockingQueue.java:442)
        at java.util.concurrent.ThreadPoolExecutor.getTask(ThreadPoolExecutor.java:1074)
        at java.util.concurrent.ThreadPoolExecutor.runWorker(ThreadPoolExecutor.java:1134)
        at java.util.concurrent.ThreadPoolExecutor$Worker.run(ThreadPoolExecutor.java:624)
        at java.lang.Thread.run(Thread.java:750)
"EventQueue-NodeRegistrationContainerReportForContainerSafeModeRule" daemon prio=5 tid=2852 in Object.wait()
java.lang.Thread.State: WAITING (on object monitor)
        at sun.misc.Unsafe.park(Native Method)
        at java.util.concurrent.locks.LockSupport.park(LockSupport.java:175)
        at java.util.concurrent.locks.AbstractQueuedSynchronizer$ConditionObject.await(AbstractQueuedSynchronizer.java:2044)
        at java.util.concurrent.LinkedBlockingQueue.take(LinkedBlockingQueue.java:442)
        at java.util.concurrent.ThreadPoolExecutor.getTask(ThreadPoolExecutor.java:1074)
        at java.util.concurrent.ThreadPoolExecutor.runWorker(ThreadPoolExecutor.java:1134)
        at java.util.concurrent.ThreadPoolExecutor$Worker.run(ThreadPoolExecutor.java:624)
        at java.lang.Thread.run(Thread.java:750)
"org.apache.hadoop.util.JvmPauseMonitor$Monitor@61ee044" daemon prio=5 tid=2759 timed_waiting
java.lang.Thread.State: TIMED_WAITING
        at java.lang.Thread.sleep(Native Method)
        at org.apache.hadoop.util.JvmPauseMonitor$Monitor.run(JvmPauseMonitor.java:192)
        at java.lang.Thread.run(Thread.java:750)
"EventQueue-NodeRegistrationContainerReportForDataNodeSafeModeRule" daemon prio=5 tid=2853 in Object.wait()
java.lang.Thread.State: WAITING (on object monitor)
        at sun.misc.Unsafe.park(Native Method)
        at java.util.concurrent.locks.LockSupport.park(LockSupport.java:175)
        at java.util.concurrent.locks.AbstractQueuedSynchronizer$ConditionObject.await(AbstractQueuedSynchronizer.java:2044)
        at java.util.concurrent.LinkedBlockingQueue.take(LinkedBlockingQueue.java:442)
        at java.util.concurrent.ThreadPoolExecutor.getTask(ThreadPoolExecutor.java:1074)
        at java.util.concurrent.ThreadPoolExecutor.runWorker(ThreadPoolExecutor.java:1134)
        at java.util.concurrent.ThreadPoolExecutor$Worker.run(ThreadPoolExecutor.java:624)
        at java.lang.Thread.run(Thread.java:750)
"IPC Server handler 16 on default port 37873" daemon prio=5 tid=2704 timed_waiting
java.lang.Thread.State: TIMED_WAITING
        at sun.misc.Unsafe.park(Native Method)
        at java.util.concurrent.locks.LockSupport.parkNanos(LockSupport.java:215)
        at java.util.concurrent.locks.AbstractQueuedSynchronizer$ConditionObject.awaitNanos(AbstractQueuedSynchronizer.java:2083)
        at java.util.concurrent.LinkedBlockingQueue.poll(LinkedBlockingQueue.java:467)
        at org.apache.hadoop.ipc.CallQueueManager.take(CallQueueManager.java:317)
        at org.apache.hadoop.ipc.Server$Handler.run(Server.java:2932)
"IPC Server handler 18 on default port 41673" daemon prio=5 tid=2643 timed_waiting
java.lang.Thread.State: TIMED_WAITING
        at sun.misc.Unsafe.park(Native Method)
        at java.util.concurrent.locks.LockSupport.parkNanos(LockSupport.java:215)
        at java.util.concurrent.locks.AbstractQueuedSynchronizer$ConditionObject.awaitNanos(AbstractQueuedSynchronizer.java:2083)
        at java.util.concurrent.LinkedBlockingQueue.poll(LinkedBlockingQueue.java:467)
        at org.apache.hadoop.ipc.CallQueueManager.take(CallQueueManager.java:317)
        at org.apache.hadoop.ipc.Server$Handler.run(Server.java:2932)
"ChunkWriter-3-0" daemon prio=5 tid=2828 in Object.wait()
java.lang.Thread.State: WAITING (on object monitor)
        at sun.misc.Unsafe.park(Native Method)
        at java.util.concurrent.locks.LockSupport.park(LockSupport.java:175)
        at java.util.concurrent.locks.AbstractQueuedSynchronizer$ConditionObject.await(AbstractQueuedSynchronizer.java:2044)
        at java.util.concurrent.LinkedBlockingDeque.takeFirst(LinkedBlockingDeque.java:492)
        at java.util.concurrent.LinkedBlockingDeque.take(LinkedBlockingDeque.java:680)
        at java.util.concurrent.ThreadPoolExecutor.getTask(ThreadPoolExecutor.java:1074)
        at java.util.concurrent.ThreadPoolExecutor.runWorker(ThreadPoolExecutor.java:1134)
        at java.util.concurrent.ThreadPoolExecutor$Worker.run(ThreadPoolExecutor.java:624)
        at java.lang.Thread.run(Thread.java:750)
"BlockDeletingService#5" daemon prio=5 tid=2836 in Object.wait()
java.lang.Thread.State: WAITING (on object monitor)
        at sun.misc.Unsafe.park(Native Method)
        at java.util.concurrent.locks.LockSupport.park(LockSupport.java:175)
        at java.util.concurrent.locks.AbstractQueuedSynchronizer$ConditionObject.await(AbstractQueuedSynchronizer.java:2044)
        at java.util.concurrent.ScheduledThreadPoolExecutor$DelayedWorkQueue.take(ScheduledThreadPoolExecutor.java:1088)
        at java.util.concurrent.ScheduledThreadPoolExecutor$DelayedWorkQueue.take(ScheduledThreadPoolExecutor.java:809)
        at java.util.concurrent.ThreadPoolExecutor.getTask(ThreadPoolExecutor.java:1074)
        at java.util.concurrent.ThreadPoolExecutor.runWorker(ThreadPoolExecutor.java:1134)
        at java.util.concurrent.ThreadPoolExecutor$Worker.run(ThreadPoolExecutor.java:624)
        at java.lang.Thread.run(Thread.java:750)
"IPC Server handler 17 on default port 41673" daemon prio=5 tid=2642 timed_waiting
java.lang.Thread.State: TIMED_WAITING
        at sun.misc.Unsafe.park(Native Method)
        at java.util.concurrent.locks.LockSupport.parkNanos(LockSupport.java:215)
        at java.util.concurrent.locks.AbstractQueuedSynchronizer$ConditionObject.awaitNanos(AbstractQueuedSynchronizer.java:2083)
        at java.util.concurrent.LinkedBlockingQueue.poll(LinkedBlockingQueue.java:467)
        at org.apache.hadoop.ipc.CallQueueManager.take(CallQueueManager.java:317)
        at org.apache.hadoop.ipc.Server$Handler.run(Server.java:2932)
"pool-373-thread-1"  prio=5 tid=2742 timed_waiting
java.lang.Thread.State: TIMED_WAITING
        at sun.misc.Unsafe.park(Native Method)
        at java.util.concurrent.locks.LockSupport.parkNanos(LockSupport.java:215)
        at java.util.concurrent.locks.AbstractQueuedSynchronizer$ConditionObject.awaitNanos(AbstractQueuedSynchronizer.java:2083)
        at java.util.concurrent.ScheduledThreadPoolExecutor$DelayedWorkQueue.take(ScheduledThreadPoolExecutor.java:1093)
        at java.util.concurrent.ScheduledThreadPoolExecutor$DelayedWorkQueue.take(ScheduledThreadPoolExecutor.java:809)
        at java.util.concurrent.ThreadPoolExecutor.getTask(ThreadPoolExecutor.java:1074)
        at java.util.concurrent.ThreadPoolExecutor.runWorker(ThreadPoolExecutor.java:1134)
        at java.util.concurrent.ThreadPoolExecutor$Worker.run(ThreadPoolExecutor.java:624)
        at java.lang.Thread.run(Thread.java:750)
"DeleteBlocksCommandHandlerThread-3"  prio=5 tid=3062 in Object.wait()
java.lang.Thread.State: WAITING (on object monitor)
        at sun.misc.Unsafe.park(Native Method)
        at java.util.concurrent.locks.LockSupport.park(LockSupport.java:175)
        at java.util.concurrent.locks.AbstractQueuedSynchronizer$ConditionObject.await(AbstractQueuedSynchronizer.java:2044)
        at java.util.concurrent.LinkedBlockingQueue.take(LinkedBlockingQueue.java:442)
        at java.util.concurrent.ThreadPoolExecutor.getTask(ThreadPoolExecutor.java:1074)
        at java.util.concurrent.ThreadPoolExecutor.runWorker(ThreadPoolExecutor.java:1134)
        at java.util.concurrent.ThreadPoolExecutor$Worker.run(ThreadPoolExecutor.java:624)
        at java.lang.Thread.run(Thread.java:750)
"pool-327-thread-1"  prio=5 tid=2662 in Object.wait()
java.lang.Thread.State: WAITING (on object monitor)
        at sun.misc.Unsafe.park(Native Method)
        at java.util.concurrent.locks.LockSupport.park(LockSupport.java:175)
        at java.util.concurrent.locks.AbstractQueuedSynchronizer$ConditionObject.await(AbstractQueuedSynchronizer.java:2044)
        at java.util.concurrent.LinkedBlockingQueue.take(LinkedBlockingQueue.java:442)
        at java.util.concurrent.ThreadPoolExecutor.getTask(ThreadPoolExecutor.java:1074)
        at java.util.concurrent.ThreadPoolExecutor.runWorker(ThreadPoolExecutor.java:1134)
        at java.util.concurrent.ThreadPoolExecutor$Worker.run(ThreadPoolExecutor.java:624)
        at java.lang.Thread.run(Thread.java:750)
"BackgroundPipelineScrubberThread" daemon prio=5 tid=2564 timed_waiting
java.lang.Thread.State: TIMED_WAITING
        at java.lang.Object.wait(Native Method)
        at org.apache.hadoop.hdds.scm.ha.BackgroundSCMService.run(BackgroundSCMService.java:110)
        at org.apache.hadoop.hdds.scm.ha.BackgroundSCMService$$Lambda$396/739935529.run(Unknown Source)
        at java.lang.Thread.run(Thread.java:750)
"IPC Server handler 15 on default port 37873" daemon prio=5 tid=2703 timed_waiting
java.lang.Thread.State: TIMED_WAITING
        at sun.misc.Unsafe.park(Native Method)
        at java.util.concurrent.locks.LockSupport.parkNanos(LockSupport.java:215)
        at java.util.concurrent.locks.AbstractQueuedSynchronizer$ConditionObject.awaitNanos(AbstractQueuedSynchronizer.java:2083)
        at java.util.concurrent.LinkedBlockingQueue.poll(LinkedBlockingQueue.java:467)
        at org.apache.hadoop.ipc.CallQueueManager.take(CallQueueManager.java:317)
        at org.apache.hadoop.ipc.Server$Handler.run(Server.java:2932)
"IPC Server handler 0 on default port 41673" daemon prio=5 tid=2625 timed_waiting
java.lang.Thread.State: TIMED_WAITING
        at sun.misc.Unsafe.park(Native Method)
        at java.util.concurrent.locks.LockSupport.parkNanos(LockSupport.java:215)
        at java.util.concurrent.locks.AbstractQueuedSynchronizer$ConditionObject.awaitNanos(AbstractQueuedSynchronizer.java:2083)
        at java.util.concurrent.LinkedBlockingQueue.poll(LinkedBlockingQueue.java:467)
        at org.apache.hadoop.ipc.CallQueueManager.take(CallQueueManager.java:317)
        at org.apache.hadoop.ipc.Server$Handler.run(Server.java:2932)
"IPC Server handler 10 on default port 40561" daemon prio=5 tid=2595 timed_waiting
java.lang.Thread.State: TIMED_WAITING
        at sun.misc.Unsafe.park(Native Method)
        at java.util.concurrent.locks.LockSupport.parkNanos(LockSupport.java:215)
        at java.util.concurrent.locks.AbstractQueuedSynchronizer$ConditionObject.awaitNanos(AbstractQueuedSynchronizer.java:2083)
        at java.util.concurrent.LinkedBlockingQueue.poll(LinkedBlockingQueue.java:467)
        at org.apache.hadoop.ipc.CallQueueManager.take(CallQueueManager.java:317)
        at org.apache.hadoop.ipc.Server$Handler.run(Server.java:2932)
"OpenKeyCleanupService#0" daemon prio=5 tid=2677 timed_waiting
java.lang.Thread.State: TIMED_WAITING
        at sun.misc.Unsafe.park(Native Method)
        at java.util.concurrent.locks.LockSupport.parkNanos(LockSupport.java:215)
        at java.util.concurrent.locks.AbstractQueuedSynchronizer$ConditionObject.awaitNanos(AbstractQueuedSynchronizer.java:2083)
        at java.util.concurrent.ScheduledThreadPoolExecutor$DelayedWorkQueue.take(ScheduledThreadPoolExecutor.java:1093)
        at java.util.concurrent.ScheduledThreadPoolExecutor$DelayedWorkQueue.take(ScheduledThreadPoolExecutor.java:809)
        at java.util.concurrent.ThreadPoolExecutor.getTask(ThreadPoolExecutor.java:1074)
        at java.util.concurrent.ThreadPoolExecutor.runWorker(ThreadPoolExecutor.java:1134)
        at java.util.concurrent.ThreadPoolExecutor$Worker.run(ThreadPoolExecutor.java:624)
        at java.lang.Thread.run(Thread.java:750)
"qtp937214461-2650" daemon prio=5 tid=2650 timed_waiting
java.lang.Thread.State: TIMED_WAITING
        at sun.misc.Unsafe.park(Native Method)
        at java.util.concurrent.locks.LockSupport.parkNanos(LockSupport.java:215)
        at java.util.concurrent.locks.AbstractQueuedSynchronizer$ConditionObject.awaitNanos(AbstractQueuedSynchronizer.java:2083)
        at org.eclipse.jetty.util.BlockingArrayQueue.poll(BlockingArrayQueue.java:382)
        at org.eclipse.jetty.util.thread.QueuedThreadPool$Runner.idleJobPoll(QueuedThreadPool.java:974)
        at org.eclipse.jetty.util.thread.QueuedThreadPool$Runner.run(QueuedThreadPool.java:1018)
        at java.lang.Thread.run(Thread.java:750)
"EndpointStateMachine task thread for /0.0.0.0:41673 - 0 "  prio=5 tid=2805 in Object.wait()
java.lang.Thread.State: WAITING (on object monitor)
        at sun.misc.Unsafe.park(Native Method)
        at java.util.concurrent.locks.LockSupport.park(LockSupport.java:175)
        at java.util.concurrent.locks.AbstractQueuedSynchronizer$ConditionObject.await(AbstractQueuedSynchronizer.java:2044)
        at java.util.concurrent.LinkedBlockingQueue.take(LinkedBlockingQueue.java:442)
        at java.util.concurrent.ThreadPoolExecutor.getTask(ThreadPoolExecutor.java:1074)
        at java.util.concurrent.ThreadPoolExecutor.runWorker(ThreadPoolExecutor.java:1134)
        at java.util.concurrent.ThreadPoolExecutor$Worker.run(ThreadPoolExecutor.java:624)
        at java.lang.Thread.run(Thread.java:750)
"ContainerOp-98c00462-3050-4d4b-b576-bbdfd469db51-2"  prio=5 tid=2943 in Object.wait()
java.lang.Thread.State: WAITING (on object monitor)
        at sun.misc.Unsafe.park(Native Method)
        at java.util.concurrent.locks.LockSupport.park(LockSupport.java:175)
        at java.util.concurrent.locks.AbstractQueuedSynchronizer$ConditionObject.await(AbstractQueuedSynchronizer.java:2044)
        at java.util.concurrent.LinkedBlockingQueue.take(LinkedBlockingQueue.java:442)
        at java.util.concurrent.ThreadPoolExecutor.getTask(ThreadPoolExecutor.java:1074)
        at java.util.concurrent.ThreadPoolExecutor.runWorker(ThreadPoolExecutor.java:1134)
        at java.util.concurrent.ThreadPoolExecutor$Worker.run(ThreadPoolExecutor.java:624)
        at java.lang.Thread.run(Thread.java:750)
"Session-HouseKeeper-3fd6b82-1"  prio=5 tid=2656 timed_waiting
java.lang.Thread.State: TIMED_WAITING
        at sun.misc.Unsafe.park(Native Method)
        at java.util.concurrent.locks.LockSupport.parkNanos(LockSupport.java:215)
        at java.util.concurrent.locks.AbstractQueuedSynchronizer$ConditionObject.awaitNanos(AbstractQueuedSynchronizer.java:2083)
        at java.util.concurrent.ScheduledThreadPoolExecutor$DelayedWorkQueue.take(ScheduledThreadPoolExecutor.java:1093)
        at java.util.concurrent.ScheduledThreadPoolExecutor$DelayedWorkQueue.take(ScheduledThreadPoolExecutor.java:809)
        at java.util.concurrent.ThreadPoolExecutor.getTask(ThreadPoolExecutor.java:1074)
        at java.util.concurrent.ThreadPoolExecutor.runWorker(ThreadPoolExecutor.java:1134)
        at java.util.concurrent.ThreadPoolExecutor$Worker.run(ThreadPoolExecutor.java:624)
        at java.lang.Thread.run(Thread.java:750)
"grpc-default-worker-ELG-3-1" daemon prio=5 tid=320 runnable
java.lang.Thread.State: RUNNABLE
        at org.apache.ratis.thirdparty.io.netty.channel.epoll.Native.epollWait(Native Method)
        at org.apache.ratis.thirdparty.io.netty.channel.epoll.Native.epollWait(Native.java:193)
        at org.apache.ratis.thirdparty.io.netty.channel.epoll.Native.epollWait(Native.java:186)
        at org.apache.ratis.thirdparty.io.netty.channel.epoll.EpollEventLoop.epollWaitNoTimerChange(EpollEventLoop.java:290)
        at org.apache.ratis.thirdparty.io.netty.channel.epoll.EpollEventLoop.run(EpollEventLoop.java:347)
        at org.apache.ratis.thirdparty.io.netty.util.concurrent.SingleThreadEventExecutor$4.run(SingleThreadEventExecutor.java:986)
        at org.apache.ratis.thirdparty.io.netty.util.internal.ThreadExecutorMap$2.run(ThreadExecutorMap.java:74)
        at org.apache.ratis.thirdparty.io.netty.util.concurrent.FastThreadLocalRunnable.run(FastThreadLocalRunnable.java:30)
        at java.lang.Thread.run(Thread.java:750)
"ChunkWriter-1-0" daemon prio=5 tid=2808 in Object.wait()
java.lang.Thread.State: WAITING (on object monitor)
        at sun.misc.Unsafe.park(Native Method)
        at java.util.concurrent.locks.LockSupport.park(LockSupport.java:175)
        at java.util.concurrent.locks.AbstractQueuedSynchronizer$ConditionObject.await(AbstractQueuedSynchronizer.java:2044)
        at java.util.concurrent.LinkedBlockingDeque.takeFirst(LinkedBlockingDeque.java:492)
        at java.util.concurrent.LinkedBlockingDeque.take(LinkedBlockingDeque.java:680)
        at java.util.concurrent.ThreadPoolExecutor.getTask(ThreadPoolExecutor.java:1074)
        at java.util.concurrent.ThreadPoolExecutor.runWorker(ThreadPoolExecutor.java:1134)
        at java.util.concurrent.ThreadPoolExecutor$Worker.run(ThreadPoolExecutor.java:624)
        at java.lang.Thread.run(Thread.java:750)
"IPC Server handler 12 on default port 40561" daemon prio=5 tid=2597 timed_waiting
java.lang.Thread.State: TIMED_WAITING
        at sun.misc.Unsafe.park(Native Method)
        at java.util.concurrent.locks.LockSupport.parkNanos(LockSupport.java:215)
        at java.util.concurrent.locks.AbstractQueuedSynchronizer$ConditionObject.awaitNanos(AbstractQueuedSynchronizer.java:2083)
        at java.util.concurrent.LinkedBlockingQueue.poll(LinkedBlockingQueue.java:467)
        at org.apache.hadoop.ipc.CallQueueManager.take(CallQueueManager.java:317)
        at org.apache.hadoop.ipc.Server$Handler.run(Server.java:2932)
"IPC Server handler 13 on default port 33273" daemon prio=5 tid=2618 timed_waiting
java.lang.Thread.State: TIMED_WAITING
        at sun.misc.Unsafe.park(Native Method)
        at java.util.concurrent.locks.LockSupport.parkNanos(LockSupport.java:215)
        at java.util.concurrent.locks.AbstractQueuedSynchronizer$ConditionObject.awaitNanos(AbstractQueuedSynchronizer.java:2083)
        at java.util.concurrent.LinkedBlockingQueue.poll(LinkedBlockingQueue.java:467)
        at org.apache.hadoop.ipc.CallQueueManager.take(CallQueueManager.java:317)
        at org.apache.hadoop.ipc.Server$Handler.run(Server.java:2932)
"IPC Server handler 8 on default port 41673" daemon prio=5 tid=2633 timed_waiting
java.lang.Thread.State: TIMED_WAITING
        at sun.misc.Unsafe.park(Native Method)
        at java.util.concurrent.locks.LockSupport.parkNanos(LockSupport.java:215)
        at java.util.concurrent.locks.AbstractQueuedSynchronizer$ConditionObject.awaitNanos(AbstractQueuedSynchronizer.java:2083)
        at java.util.concurrent.LinkedBlockingQueue.poll(LinkedBlockingQueue.java:467)
        at org.apache.hadoop.ipc.CallQueueManager.take(CallQueueManager.java:317)
        at org.apache.hadoop.ipc.Server$Handler.run(Server.java:2932)
"qtp1632629072-2682" daemon prio=5 tid=2682 timed_waiting
java.lang.Thread.State: TIMED_WAITING
        at sun.misc.Unsafe.park(Native Method)
        at java.util.concurrent.locks.LockSupport.parkNanos(LockSupport.java:215)
        at java.util.concurrent.locks.AbstractQueuedSynchronizer$ConditionObject.awaitNanos(AbstractQueuedSynchronizer.java:2083)
        at org.eclipse.jetty.util.BlockingArrayQueue.poll(BlockingArrayQueue.java:382)
        at org.eclipse.jetty.util.thread.QueuedThreadPool$Runner.idleJobPoll(QueuedThreadPool.java:974)
        at org.eclipse.jetty.util.thread.QueuedThreadPool$Runner.run(QueuedThreadPool.java:1018)
        at java.lang.Thread.run(Thread.java:750)
"IPC Server handler 9 on default port 40561" daemon prio=5 tid=2594 timed_waiting
java.lang.Thread.State: TIMED_WAITING
        at sun.misc.Unsafe.park(Native Method)
        at java.util.concurrent.locks.LockSupport.parkNanos(LockSupport.java:215)
        at java.util.concurrent.locks.AbstractQueuedSynchronizer$ConditionObject.awaitNanos(AbstractQueuedSynchronizer.java:2083)
        at java.util.concurrent.LinkedBlockingQueue.poll(LinkedBlockingQueue.java:467)
        at org.apache.hadoop.ipc.CallQueueManager.take(CallQueueManager.java:317)
        at org.apache.hadoop.ipc.Server$Handler.run(Server.java:2932)
"RatisPipelineUtilsThread - 0"  prio=5 tid=2563 timed_waiting
java.lang.Thread.State: TIMED_WAITING
        at java.lang.Object.wait(Native Method)
        at org.apache.hadoop.hdds.scm.pipeline.BackgroundPipelineCreator.run(BackgroundPipelineCreator.java:176)
        at org.apache.hadoop.hdds.scm.pipeline.BackgroundPipelineCreator$$Lambda$393/1934424193.run(Unknown Source)
        at java.lang.Thread.run(Thread.java:750)
"IPC Server handler 10 on default port 41673" daemon prio=5 tid=2635 timed_waiting
java.lang.Thread.State: TIMED_WAITING
        at sun.misc.Unsafe.park(Native Method)
        at java.util.concurrent.locks.LockSupport.parkNanos(LockSupport.java:215)
        at java.util.concurrent.locks.AbstractQueuedSynchronizer$ConditionObject.awaitNanos(AbstractQueuedSynchronizer.java:2083)
        at java.util.concurrent.LinkedBlockingQueue.poll(LinkedBlockingQueue.java:467)
        at org.apache.hadoop.ipc.CallQueueManager.take(CallQueueManager.java:317)
        at org.apache.hadoop.ipc.Server$Handler.run(Server.java:2932)
"IPC Server handler 2 on default port 33273" daemon prio=5 tid=2607 timed_waiting
java.lang.Thread.State: TIMED_WAITING
        at sun.misc.Unsafe.park(Native Method)
        at java.util.concurrent.locks.LockSupport.parkNanos(LockSupport.java:215)
        at java.util.concurrent.locks.AbstractQueuedSynchronizer$ConditionObject.awaitNanos(AbstractQueuedSynchronizer.java:2083)
        at java.util.concurrent.LinkedBlockingQueue.poll(LinkedBlockingQueue.java:467)
        at org.apache.hadoop.ipc.CallQueueManager.take(CallQueueManager.java:317)
        at org.apache.hadoop.ipc.Server$Handler.run(Server.java:2932)
"IPC Server handler 9 on default port 33273" daemon prio=5 tid=2614 timed_waiting
java.lang.Thread.State: TIMED_WAITING
        at sun.misc.Unsafe.park(Native Method)
        at java.util.concurrent.locks.LockSupport.parkNanos(LockSupport.java:215)
        at java.util.concurrent.locks.AbstractQueuedSynchronizer$ConditionObject.awaitNanos(AbstractQueuedSynchronizer.java:2083)
        at java.util.concurrent.LinkedBlockingQueue.poll(LinkedBlockingQueue.java:467)
        at org.apache.hadoop.ipc.CallQueueManager.take(CallQueueManager.java:317)
        at org.apache.hadoop.ipc.Server$Handler.run(Server.java:2932)
"ChunkWriter-2-0" daemon prio=5 tid=2827 in Object.wait()
java.lang.Thread.State: WAITING (on object monitor)
        at sun.misc.Unsafe.park(Native Method)
        at java.util.concurrent.locks.LockSupport.park(LockSupport.java:175)
        at java.util.concurrent.locks.AbstractQueuedSynchronizer$ConditionObject.await(AbstractQueuedSynchronizer.java:2044)
        at java.util.concurrent.LinkedBlockingDeque.takeFirst(LinkedBlockingDeque.java:492)
        at java.util.concurrent.LinkedBlockingDeque.take(LinkedBlockingDeque.java:680)
        at java.util.concurrent.ThreadPoolExecutor.getTask(ThreadPoolExecutor.java:1074)
        at java.util.concurrent.ThreadPoolExecutor.runWorker(ThreadPoolExecutor.java:1134)
        at java.util.concurrent.ThreadPoolExecutor$Worker.run(ThreadPoolExecutor.java:624)
        at java.lang.Thread.run(Thread.java:750)
"BlockDeletingService#9" daemon prio=5 tid=2849 in Object.wait()
java.lang.Thread.State: WAITING (on object monitor)
        at sun.misc.Unsafe.park(Native Method)
        at java.util.concurrent.locks.LockSupport.park(LockSupport.java:175)
        at java.util.concurrent.locks.AbstractQueuedSynchronizer$ConditionObject.await(AbstractQueuedSynchronizer.java:2044)
        at java.util.concurrent.ScheduledThreadPoolExecutor$DelayedWorkQueue.take(ScheduledThreadPoolExecutor.java:1088)
        at java.util.concurrent.ScheduledThreadPoolExecutor$DelayedWorkQueue.take(ScheduledThreadPoolExecutor.java:809)
        at java.util.concurrent.ThreadPoolExecutor.getTask(ThreadPoolExecutor.java:1074)
        at java.util.concurrent.ThreadPoolExecutor.runWorker(ThreadPoolExecutor.java:1134)
        at java.util.concurrent.ThreadPoolExecutor$Worker.run(ThreadPoolExecutor.java:624)
        at java.lang.Thread.run(Thread.java:750)
"ContainerOp-98c00462-3050-4d4b-b576-bbdfd469db51-6"  prio=5 tid=2980 in Object.wait()
java.lang.Thread.State: WAITING (on object monitor)
        at sun.misc.Unsafe.park(Native Method)
        at java.util.concurrent.locks.LockSupport.park(LockSupport.java:175)
        at java.util.concurrent.locks.AbstractQueuedSynchronizer$ConditionObject.await(AbstractQueuedSynchronizer.java:2044)
        at java.util.concurrent.LinkedBlockingQueue.take(LinkedBlockingQueue.java:442)
        at java.util.concurrent.ThreadPoolExecutor.getTask(ThreadPoolExecutor.java:1074)
        at java.util.concurrent.ThreadPoolExecutor.runWorker(ThreadPoolExecutor.java:1134)
        at java.util.concurrent.ThreadPoolExecutor$Worker.run(ThreadPoolExecutor.java:624)
        at java.lang.Thread.run(Thread.java:750)
"Datanode ReportManager Thread - 4" daemon prio=5 tid=2785 in Object.wait()
java.lang.Thread.State: WAITING (on object monitor)
        at sun.misc.Unsafe.park(Native Method)
        at java.util.concurrent.locks.LockSupport.park(LockSupport.java:175)
        at java.util.concurrent.locks.AbstractQueuedSynchronizer$ConditionObject.await(AbstractQueuedSynchronizer.java:2044)
        at java.util.concurrent.ScheduledThreadPoolExecutor$DelayedWorkQueue.take(ScheduledThreadPoolExecutor.java:1088)
        at java.util.concurrent.ScheduledThreadPoolExecutor$DelayedWorkQueue.take(ScheduledThreadPoolExecutor.java:809)
        at java.util.concurrent.ThreadPoolExecutor.getTask(ThreadPoolExecutor.java:1074)
        at java.util.concurrent.ThreadPoolExecutor.runWorker(ThreadPoolExecutor.java:1134)
        at java.util.concurrent.ThreadPoolExecutor$Worker.run(ThreadPoolExecutor.java:624)
        at java.lang.Thread.run(Thread.java:750)
"FullTableCache Cleanup Thread - 0" daemon prio=5 tid=388 in Object.wait()
java.lang.Thread.State: WAITING (on object monitor)
        at sun.misc.Unsafe.park(Native Method)
        at java.util.concurrent.locks.LockSupport.park(LockSupport.java:175)
        at java.util.concurrent.locks.AbstractQueuedSynchronizer$ConditionObject.await(AbstractQueuedSynchronizer.java:2044)
        at java.util.concurrent.LinkedBlockingQueue.take(LinkedBlockingQueue.java:442)
        at java.util.concurrent.ThreadPoolExecutor.getTask(ThreadPoolExecutor.java:1074)
        at java.util.concurrent.ThreadPoolExecutor.runWorker(ThreadPoolExecutor.java:1134)
        at java.util.concurrent.ThreadPoolExecutor$Worker.run(ThreadPoolExecutor.java:624)
        at java.lang.Thread.run(Thread.java:750)
"4444cbf4-fd79-4bf9-9a85-9dbe318480e0-client-thread1" daemon prio=5 tid=2976 timed_waiting
java.lang.Thread.State: TIMED_WAITING
        at sun.misc.Unsafe.park(Native Method)
        at java.util.concurrent.locks.LockSupport.parkNanos(LockSupport.java:215)
        at java.util.concurrent.SynchronousQueue$TransferStack.awaitFulfill(SynchronousQueue.java:460)
        at java.util.concurrent.SynchronousQueue$TransferStack.transfer(SynchronousQueue.java:362)
        at java.util.concurrent.SynchronousQueue.poll(SynchronousQueue.java:941)
        at java.util.concurrent.ThreadPoolExecutor.getTask(ThreadPoolExecutor.java:1073)
        at java.util.concurrent.ThreadPoolExecutor.runWorker(ThreadPoolExecutor.java:1134)
        at java.util.concurrent.ThreadPoolExecutor$Worker.run(ThreadPoolExecutor.java:624)
        at java.lang.Thread.run(Thread.java:750)
"ChunkWriter-2-0" daemon prio=5 tid=2809 in Object.wait()
java.lang.Thread.State: WAITING (on object monitor)
        at sun.misc.Unsafe.park(Native Method)
        at java.util.concurrent.locks.LockSupport.park(LockSupport.java:175)
        at java.util.concurrent.locks.AbstractQueuedSynchronizer$ConditionObject.await(AbstractQueuedSynchronizer.java:2044)
        at java.util.concurrent.LinkedBlockingDeque.takeFirst(LinkedBlockingDeque.java:492)
        at java.util.concurrent.LinkedBlockingDeque.take(LinkedBlockingDeque.java:680)
        at java.util.concurrent.ThreadPoolExecutor.getTask(ThreadPoolExecutor.java:1074)
        at java.util.concurrent.ThreadPoolExecutor.runWorker(ThreadPoolExecutor.java:1134)
        at java.util.concurrent.ThreadPoolExecutor$Worker.run(ThreadPoolExecutor.java:624)
        at java.lang.Thread.run(Thread.java:750)
"IPC Server handler 17 on default port 37873" daemon prio=5 tid=2705 timed_waiting
java.lang.Thread.State: TIMED_WAITING
        at sun.misc.Unsafe.park(Native Method)
        at java.util.concurrent.locks.LockSupport.parkNanos(LockSupport.java:215)
        at java.util.concurrent.locks.AbstractQueuedSynchronizer$ConditionObject.awaitNanos(AbstractQueuedSynchronizer.java:2083)
        at java.util.concurrent.LinkedBlockingQueue.poll(LinkedBlockingQueue.java:467)
        at org.apache.hadoop.ipc.CallQueueManager.take(CallQueueManager.java:317)
        at org.apache.hadoop.ipc.Server$Handler.run(Server.java:2932)
"Listener at 127.0.0.1/37873"  prio=5 tid=1 runnable
java.lang.Thread.State: RUNNABLE
        at java.lang.Thread.dumpThreads(Native Method)
        at java.lang.Thread.getAllStackTraces(Thread.java:1615)
        at org.apache.ozone.test.TimedOutTestsListener.buildThreadDump(TimedOutTestsListener.java:93)
        at org.apache.ozone.test.TimedOutTestsListener.buildThreadDiagnosticString(TimedOutTestsListener.java:79)
        at org.apache.ozone.test.GenericTestUtils.waitFor(GenericTestUtils.java:224)
        at org.apache.hadoop.ozone.container.common.statemachine.commandhandler.TestBlockDeletion.testContainerStatisticsAfterDelete(TestBlockDeletion.java:372)
        at sun.reflect.NativeMethodAccessorImpl.invoke0(Native Method)
        at sun.reflect.NativeMethodAccessorImpl.invoke(NativeMethodAccessorImpl.java:62)
        at sun.reflect.DelegatingMethodAccessorImpl.invoke(DelegatingMethodAccessorImpl.java:43)
        at java.lang.reflect.Method.invoke(Method.java:498)
        at org.junit.platform.commons.util.ReflectionUtils.invokeMethod(ReflectionUtils.java:725)
        at org.junit.jupiter.engine.execution.MethodInvocation.proceed(MethodInvocation.java:60)
        at org.junit.jupiter.engine.execution.InvocationInterceptorChain$ValidatingInvocation.proceed(InvocationInterceptorChain.java:131)
        at org.junit.jupiter.engine.extension.TimeoutExtension.intercept(TimeoutExtension.java:149)
        at org.junit.jupiter.engine.extension.TimeoutExtension.interceptTestableMethod(TimeoutExtension.java:140)
        at org.junit.jupiter.engine.extension.TimeoutExtension.interceptTestMethod(TimeoutExtension.java:84)
        at org.junit.jupiter.engine.descriptor.TestMethodTestDescriptor$$Lambda$163/842179210.apply(Unknown Source)
        at org.junit.jupiter.engine.execution.ExecutableInvoker$ReflectiveInterceptorCall.lambda$ofVoidMethod$0(ExecutableInvoker.java:115)
        at org.junit.jupiter.engine.execution.ExecutableInvoker$ReflectiveInterceptorCall$$Lambda$164/1839337592.apply(Unknown Source)
        at org.junit.jupiter.engine.execution.ExecutableInvoker.lambda$invoke$0(ExecutableInvoker.java:105)
        at org.junit.jupiter.engine.execution.ExecutableInvoker$$Lambda$318/1245593227.apply(Unknown Source)
        at org.junit.jupiter.engine.execution.InvocationInterceptorChain$InterceptedInvocation.proceed(InvocationInterceptorChain.java:106)
        at org.junit.jupiter.engine.execution.InvocationInterceptorChain.proceed(InvocationInterceptorChain.java:64)
        at org.junit.jupiter.engine.execution.InvocationInterceptorChain.chainAndInvoke(InvocationInterceptorChain.java:45)
        at org.junit.jupiter.engine.execution.InvocationInterceptorChain.invoke(InvocationInterceptorChain.java:37)
        at org.junit.jupiter.engine.execution.ExecutableInvoker.invoke(ExecutableInvoker.java:104)
        at org.junit.jupiter.engine.execution.ExecutableInvoker.invoke(ExecutableInvoker.java:98)
        at org.junit.jupiter.engine.descriptor.TestMethodTestDescriptor.lambda$invokeTestMethod$7(TestMethodTestDescriptor.java:214)
        at org.junit.jupiter.engine.descriptor.TestMethodTestDescriptor$$Lambda$1086/989251906.execute(Unknown Source)
        at org.junit.platform.engine.support.hierarchical.ThrowableCollector.execute(ThrowableCollector.java:73)
        at org.junit.jupiter.engine.descriptor.TestMethodTestDescriptor.invokeTestMethod(TestMethodTestDescriptor.java:210)
        at org.junit.jupiter.engine.descriptor.TestMethodTestDescriptor.execute(TestMethodTestDescriptor.java:135)
        at org.junit.jupiter.engine.descriptor.TestMethodTestDescriptor.execute(TestMethodTestDescriptor.java:66)
        at org.junit.platform.engine.support.hierarchical.NodeTestTask.lambda$executeRecursively$6(NodeTestTask.java:151)
        at org.junit.platform.engine.support.hierarchical.NodeTestTask$$Lambda$259/1603177117.execute(Unknown Source)
        at org.junit.platform.engine.support.hierarchical.ThrowableCollector.execute(ThrowableCollector.java:73)
        at org.junit.platform.engine.support.hierarchical.NodeTestTask.lambda$executeRecursively$8(NodeTestTask.java:141)
        at org.junit.platform.engine.support.hierarchical.NodeTestTask$$Lambda$258/770010802.invoke(Unknown Source)
        at org.junit.platform.engine.support.hierarchical.Node.around(Node.java:137)
        at org.junit.platform.engine.support.hierarchical.NodeTestTask.lambda$executeRecursively$9(NodeTestTask.java:139)
        at org.junit.platform.engine.support.hierarchical.NodeTestTask$$Lambda$257/2077742806.execute(Unknown Source)
        at org.junit.platform.engine.support.hierarchical.ThrowableCollector.execute(ThrowableCollector.java:73)
        at org.junit.platform.engine.support.hierarchical.NodeTestTask.executeRecursively(NodeTestTask.java:138)
        at org.junit.platform.engine.support.hierarchical.NodeTestTask.execute(NodeTestTask.java:95)
        at org.junit.platform.engine.support.hierarchical.SameThreadHierarchicalTestExecutorService$$Lambda$263/1530446316.accept(Unknown Source)
        at java.util.ArrayList.forEach(ArrayList.java:1259)
        at org.junit.platform.engine.support.hierarchical.SameThreadHierarchicalTestExecutorService.invokeAll(SameThreadHierarchicalTestExecutorService.java:41)
        at org.junit.platform.engine.support.hierarchical.NodeTestTask.lambda$executeRecursively$6(NodeTestTask.java:155)
        at org.junit.platform.engine.support.hierarchical.NodeTestTask$$Lambda$259/1603177117.execute(Unknown Source)
        at org.junit.platform.engine.support.hierarchical.ThrowableCollector.execute(ThrowableCollector.java:73)
        at org.junit.platform.engine.support.hierarchical.NodeTestTask.lambda$executeRecursively$8(NodeTestTask.java:141)
        at org.junit.platform.engine.support.hierarchical.NodeTestTask$$Lambda$258/770010802.invoke(Unknown Source)
        at org.junit.platform.engine.support.hierarchical.Node.around(Node.java:137)
        at org.junit.platform.engine.support.hierarchical.NodeTestTask.lambda$executeRecursively$9(NodeTestTask.java:139)
        at org.junit.platform.engine.support.hierarchical.NodeTestTask$$Lambda$257/2077742806.execute(Unknown Source)
        at org.junit.platform.engine.support.hierarchical.ThrowableCollector.execute(ThrowableCollector.java:73)
        at org.junit.platform.engine.support.hierarchical.NodeTestTask.executeRecursively(NodeTestTask.java:138)
        at org.junit.platform.engine.support.hierarchical.NodeTestTask.execute(NodeTestTask.java:95)
        at org.junit.platform.engine.support.hierarchical.SameThreadHierarchicalTestExecutorService$$Lambda$263/1530446316.accept(Unknown Source)
        at java.util.ArrayList.forEach(ArrayList.java:1259)
        at org.junit.platform.engine.support.hierarchical.SameThreadHierarchicalTestExecutorService.invokeAll(SameThreadHierarchicalTestExecutorService.java:41)
        at org.junit.platform.engine.support.hierarchical.NodeTestTask.lambda$executeRecursively$6(NodeTestTask.java:155)
        at org.junit.platform.engine.support.hierarchical.NodeTestTask$$Lambda$259/1603177117.execute(Unknown Source)
        at org.junit.platform.engine.support.hierarchical.ThrowableCollector.execute(ThrowableCollector.java:73)
        at org.junit.platform.engine.support.hierarchical.NodeTestTask.lambda$executeRecursively$8(NodeTestTask.java:141)
        at org.junit.platform.engine.support.hierarchical.NodeTestTask$$Lambda$258/770010802.invoke(Unknown Source)
        at org.junit.platform.engine.support.hierarchical.Node.around(Node.java:137)
        at org.junit.platform.engine.support.hierarchical.NodeTestTask.lambda$executeRecursively$9(NodeTestTask.java:139)
        at org.junit.platform.engine.support.hierarchical.NodeTestTask$$Lambda$257/2077742806.execute(Unknown Source)
        at org.junit.platform.engine.support.hierarchical.ThrowableCollector.execute(ThrowableCollector.java:73)
        at org.junit.platform.engine.support.hierarchical.NodeTestTask.executeRecursively(NodeTestTask.java:138)
        at org.junit.platform.engine.support.hierarchical.NodeTestTask.execute(NodeTestTask.java:95)
        at org.junit.platform.engine.support.hierarchical.SameThreadHierarchicalTestExecutorService.submit(SameThreadHierarchicalTestExecutorService.java:35)
        at org.junit.platform.engine.support.hierarchical.HierarchicalTestExecutor.execute(HierarchicalTestExecutor.java:57)
        at org.junit.platform.engine.support.hierarchical.HierarchicalTestEngine.execute(HierarchicalTestEngine.java:54)
        at org.junit.platform.launcher.core.EngineExecutionOrchestrator.execute(EngineExecutionOrchestrator.java:107)
        at org.junit.platform.launcher.core.EngineExecutionOrchestrator.execute(EngineExecutionOrchestrator.java:88)
        at org.junit.platform.launcher.core.EngineExecutionOrchestrator.lambda$execute$0(EngineExecutionOrchestrator.java:54)
        at org.junit.platform.launcher.core.EngineExecutionOrchestrator$$Lambda$215/1150963491.accept(Unknown Source)
        at org.junit.platform.launcher.core.EngineExecutionOrchestrator.withInterceptedStreams(EngineExecutionOrchestrator.java:67)
        at org.junit.platform.launcher.core.EngineExecutionOrchestrator.execute(EngineExecutionOrchestrator.java:52)
        at org.junit.platform.launcher.core.DefaultLauncher.execute(DefaultLauncher.java:114)
        at org.junit.platform.launcher.core.DefaultLauncher.execute(DefaultLauncher.java:86)
        at org.junit.platform.launcher.core.DefaultLauncherSession$DelegatingLauncher.execute(DefaultLauncherSession.java:86)
        at org.junit.platform.launcher.core.SessionPerRequestLauncher.execute(SessionPerRequestLauncher.java:53)
        at org.apache.maven.surefire.junitplatform.JUnitPlatformProvider.execute(JUnitPlatformProvider.java:188)
        at org.apache.maven.surefire.junitplatform.JUnitPlatformProvider.invokeAllTests(JUnitPlatformProvider.java:154)
        at org.apache.maven.surefire.junitplatform.JUnitPlatformProvider.invoke(JUnitPlatformProvider.java:124)
        at org.apache.maven.surefire.booter.ForkedBooter.runSuitesInProcess(ForkedBooter.java:428)
        at org.apache.maven.surefire.booter.ForkedBooter.execute(ForkedBooter.java:162)
        at org.apache.maven.surefire.booter.ForkedBooter.run(ForkedBooter.java:562)
        at org.apache.maven.surefire.booter.ForkedBooter.main(ForkedBooter.java:548)
"IPC Server Responder" daemon prio=5 tid=2670 runnable
java.lang.Thread.State: RUNNABLE
        at sun.nio.ch.EPollArrayWrapper.epollWait(Native Method)
        at sun.nio.ch.EPollArrayWrapper.poll(EPollArrayWrapper.java:269)
        at sun.nio.ch.EPollSelectorImpl.doSelect(EPollSelectorImpl.java:93)
        at sun.nio.ch.SelectorImpl.lockAndDoSelect(SelectorImpl.java:86)
        at sun.nio.ch.SelectorImpl.select(SelectorImpl.java:97)
        at org.apache.hadoop.ipc.Server$Responder.doRunLoop(Server.java:1527)
        at org.apache.hadoop.ipc.Server$Responder.run(Server.java:1510)
"4444cbf4-fd79-4bf9-9a85-9dbe318480e0-server-thread1" daemon prio=5 tid=2912 timed_waiting
java.lang.Thread.State: TIMED_WAITING
        at sun.misc.Unsafe.park(Native Method)
        at java.util.concurrent.locks.LockSupport.parkNanos(LockSupport.java:215)
        at java.util.concurrent.SynchronousQueue$TransferStack.awaitFulfill(SynchronousQueue.java:460)
        at java.util.concurrent.SynchronousQueue$TransferStack.transfer(SynchronousQueue.java:362)
        at java.util.concurrent.SynchronousQueue.poll(SynchronousQueue.java:941)
        at java.util.concurrent.ThreadPoolExecutor.getTask(ThreadPoolExecutor.java:1073)
        at java.util.concurrent.ThreadPoolExecutor.runWorker(ThreadPoolExecutor.java:1134)
        at java.util.concurrent.ThreadPoolExecutor$Worker.run(ThreadPoolExecutor.java:624)
        at java.lang.Thread.run(Thread.java:750)
"ChunkWriter-1-0" daemon prio=5 tid=2826 in Object.wait()
java.lang.Thread.State: WAITING (on object monitor)
        at sun.misc.Unsafe.park(Native Method)
        at java.util.concurrent.locks.LockSupport.park(LockSupport.java:175)
        at java.util.concurrent.locks.AbstractQueuedSynchronizer$ConditionObject.await(AbstractQueuedSynchronizer.java:2044)
        at java.util.concurrent.LinkedBlockingDeque.takeFirst(LinkedBlockingDeque.java:492)
        at java.util.concurrent.LinkedBlockingDeque.take(LinkedBlockingDeque.java:680)
        at java.util.concurrent.ThreadPoolExecutor.getTask(ThreadPoolExecutor.java:1074)
        at java.util.concurrent.ThreadPoolExecutor.runWorker(ThreadPoolExecutor.java:1134)
        at java.util.concurrent.ThreadPoolExecutor$Worker.run(ThreadPoolExecutor.java:624)
        at java.lang.Thread.run(Thread.java:750)
"EventQueue-PipelineReportForOneReplicaPipelineSafeModeRule" daemon prio=5 tid=2854 in Object.wait()
java.lang.Thread.State: WAITING (on object monitor)
        at sun.misc.Unsafe.park(Native Method)
        at java.util.concurrent.locks.LockSupport.park(LockSupport.java:175)
        at java.util.concurrent.locks.AbstractQueuedSynchronizer$ConditionObject.await(AbstractQueuedSynchronizer.java:2044)
        at java.util.concurrent.LinkedBlockingQueue.take(LinkedBlockingQueue.java:442)
        at java.util.concurrent.ThreadPoolExecutor.getTask(ThreadPoolExecutor.java:1074)
        at java.util.concurrent.ThreadPoolExecutor.runWorker(ThreadPoolExecutor.java:1134)
        at java.util.concurrent.ThreadPoolExecutor$Worker.run(ThreadPoolExecutor.java:624)
        at java.lang.Thread.run(Thread.java:750)
"BlockDeletingService#7" daemon prio=5 tid=2841 in Object.wait()
java.lang.Thread.State: WAITING (on object monitor)
        at sun.misc.Unsafe.park(Native Method)
        at java.util.concurrent.locks.LockSupport.park(LockSupport.java:175)
        at java.util.concurrent.locks.AbstractQueuedSynchronizer$ConditionObject.await(AbstractQueuedSynchronizer.java:2044)
        at java.util.concurrent.ScheduledThreadPoolExecutor$DelayedWorkQueue.take(ScheduledThreadPoolExecutor.java:1088)
        at java.util.concurrent.ScheduledThreadPoolExecutor$DelayedWorkQueue.take(ScheduledThreadPoolExecutor.java:809)
        at java.util.concurrent.ThreadPoolExecutor.getTask(ThreadPoolExecutor.java:1074)
        at java.util.concurrent.ThreadPoolExecutor.runWorker(ThreadPoolExecutor.java:1134)
        at java.util.concurrent.ThreadPoolExecutor$Worker.run(ThreadPoolExecutor.java:624)
        at java.lang.Thread.run(Thread.java:750)
"Datanode State Machine Daemon Thread" daemon prio=5 tid=2752 timed_waiting
java.lang.Thread.State: TIMED_WAITING
        at java.lang.Thread.sleep(Native Method)
        at org.apache.hadoop.ozone.container.common.statemachine.DatanodeStateMachine.startStateMachineThread(DatanodeStateMachine.java:313)
        at org.apache.hadoop.ozone.container.common.statemachine.DatanodeStateMachine.lambda$startDaemon$0(DatanodeStateMachine.java:493)
        at org.apache.hadoop.ozone.container.common.statemachine.DatanodeStateMachine$$Lambda$746/1301792983.run(Unknown Source)
        at java.lang.Thread.run(Thread.java:750)
"EventQueue-CloseContainerForCloseContainerEventHandler"  prio=5 tid=2975 in Object.wait()
java.lang.Thread.State: WAITING (on object monitor)
        at sun.misc.Unsafe.park(Native Method)
        at java.util.concurrent.locks.LockSupport.park(LockSupport.java:175)
        at java.util.concurrent.locks.AbstractQueuedSynchronizer$ConditionObject.await(AbstractQueuedSynchronizer.java:2044)
        at java.util.concurrent.LinkedBlockingQueue.take(LinkedBlockingQueue.java:442)
        at java.util.concurrent.ThreadPoolExecutor.getTask(ThreadPoolExecutor.java:1074)
        at java.util.concurrent.ThreadPoolExecutor.runWorker(ThreadPoolExecutor.java:1134)
        at java.util.concurrent.ThreadPoolExecutor$Worker.run(ThreadPoolExecutor.java:624)
        at java.lang.Thread.run(Thread.java:750)
"IPC Server listener on 0" daemon prio=5 tid=2578 runnable
java.lang.Thread.State: RUNNABLE
        at sun.nio.ch.EPollArrayWrapper.epollWait(Native Method)
        at sun.nio.ch.EPollArrayWrapper.poll(EPollArrayWrapper.java:269)
        at sun.nio.ch.EPollSelectorImpl.doSelect(EPollSelectorImpl.java:93)
        at sun.nio.ch.SelectorImpl.lockAndDoSelect(SelectorImpl.java:86)
        at sun.nio.ch.SelectorImpl.select(SelectorImpl.java:97)
        at sun.nio.ch.SelectorImpl.select(SelectorImpl.java:101)
        at org.apache.hadoop.ipc.Server$Listener.run(Server.java:1350)
"IPC Server handler 19 on default port 41673" daemon prio=5 tid=2644 timed_waiting
java.lang.Thread.State: TIMED_WAITING
        at sun.misc.Unsafe.park(Native Method)
        at java.util.concurrent.locks.LockSupport.parkNanos(LockSupport.java:215)
        at java.util.concurrent.locks.AbstractQueuedSynchronizer$ConditionObject.awaitNanos(AbstractQueuedSynchronizer.java:2083)
        at java.util.concurrent.LinkedBlockingQueue.poll(LinkedBlockingQueue.java:467)
        at org.apache.hadoop.ipc.CallQueueManager.take(CallQueueManager.java:317)
        at org.apache.hadoop.ipc.Server$Handler.run(Server.java:2932)
"Datanode ReportManager Thread - 1" daemon prio=5 tid=2754 in Object.wait()
java.lang.Thread.State: WAITING (on object monitor)
        at sun.misc.Unsafe.park(Native Method)
        at java.util.concurrent.locks.LockSupport.park(LockSupport.java:175)
        at java.util.concurrent.locks.AbstractQueuedSynchronizer$ConditionObject.await(AbstractQueuedSynchronizer.java:2044)
        at java.util.concurrent.ScheduledThreadPoolExecutor$DelayedWorkQueue.take(ScheduledThreadPoolExecutor.java:1088)
        at java.util.concurrent.ScheduledThreadPoolExecutor$DelayedWorkQueue.take(ScheduledThreadPoolExecutor.java:809)
        at java.util.concurrent.ThreadPoolExecutor.getTask(ThreadPoolExecutor.java:1074)
        at java.util.concurrent.ThreadPoolExecutor.runWorker(ThreadPoolExecutor.java:1134)
        at java.util.concurrent.ThreadPoolExecutor$Worker.run(ThreadPoolExecutor.java:624)
        at java.lang.Thread.run(Thread.java:750)
"DataNode DiskChecker thread 0" daemon prio=5 tid=2763 timed_waiting
java.lang.Thread.State: TIMED_WAITING
        at sun.misc.Unsafe.park(Native Method)
        at java.util.concurrent.locks.LockSupport.parkNanos(LockSupport.java:215)
        at java.util.concurrent.SynchronousQueue$TransferStack.awaitFulfill(SynchronousQueue.java:460)
        at java.util.concurrent.SynchronousQueue$TransferStack.transfer(SynchronousQueue.java:362)
        at java.util.concurrent.SynchronousQueue.poll(SynchronousQueue.java:941)
        at java.util.concurrent.ThreadPoolExecutor.getTask(ThreadPoolExecutor.java:1073)
        at java.util.concurrent.ThreadPoolExecutor.runWorker(ThreadPoolExecutor.java:1134)
        at java.util.concurrent.ThreadPoolExecutor$Worker.run(ThreadPoolExecutor.java:624)
        at java.lang.Thread.run(Thread.java:750)
"IPC Server handler 5 on default port 37873" daemon prio=5 tid=2693 timed_waiting
java.lang.Thread.State: TIMED_WAITING
        at sun.misc.Unsafe.park(Native Method)
        at java.util.concurrent.locks.LockSupport.parkNanos(LockSupport.java:215)
        at java.util.concurrent.locks.AbstractQueuedSynchronizer$ConditionObject.awaitNanos(AbstractQueuedSynchronizer.java:2083)
        at java.util.concurrent.LinkedBlockingQueue.poll(LinkedBlockingQueue.java:467)
        at org.apache.hadoop.ipc.CallQueueManager.take(CallQueueManager.java:317)
        at org.apache.hadoop.ipc.Server$Handler.run(Server.java:2932)
"qtp1632629072-2685" daemon prio=5 tid=2685 timed_waiting
java.lang.Thread.State: TIMED_WAITING
        at sun.misc.Unsafe.park(Native Method)
        at java.util.concurrent.locks.LockSupport.parkNanos(LockSupport.java:215)
        at java.util.concurrent.locks.AbstractQueuedSynchronizer$ConditionObject.awaitNanos(AbstractQueuedSynchronizer.java:2083)
        at org.eclipse.jetty.util.BlockingArrayQueue.poll(BlockingArrayQueue.java:382)
        at org.eclipse.jetty.util.thread.QueuedThreadPool$Runner.idleJobPoll(QueuedThreadPool.java:974)
        at org.eclipse.jetty.util.thread.QueuedThreadPool$Runner.run(QueuedThreadPool.java:1018)
        at java.lang.Thread.run(Thread.java:750)
"qtp937214461-2652" daemon prio=5 tid=2652 timed_waiting
java.lang.Thread.State: TIMED_WAITING
        at sun.misc.Unsafe.park(Native Method)
        at java.util.concurrent.locks.LockSupport.parkNanos(LockSupport.java:215)
        at java.util.concurrent.locks.AbstractQueuedSynchronizer$ConditionObject.awaitNanos(AbstractQueuedSynchronizer.java:2083)
        at org.eclipse.jetty.util.BlockingArrayQueue.poll(BlockingArrayQueue.java:382)
        at org.eclipse.jetty.util.thread.QueuedThreadPool$Runner.idleJobPoll(QueuedThreadPool.java:974)
        at org.eclipse.jetty.util.thread.QueuedThreadPool$Runner.run(QueuedThreadPool.java:1018)
        at java.lang.Thread.run(Thread.java:750)
"Datanode ReportManager Thread - 2" daemon prio=5 tid=2755 timed_waiting
java.lang.Thread.State: TIMED_WAITING
        at sun.misc.Unsafe.park(Native Method)
        at java.util.concurrent.locks.LockSupport.parkNanos(LockSupport.java:215)
        at java.util.concurrent.locks.AbstractQueuedSynchronizer$ConditionObject.awaitNanos(AbstractQueuedSynchronizer.java:2083)
        at java.util.concurrent.ScheduledThreadPoolExecutor$DelayedWorkQueue.take(ScheduledThreadPoolExecutor.java:1093)
        at java.util.concurrent.ScheduledThreadPoolExecutor$DelayedWorkQueue.take(ScheduledThreadPoolExecutor.java:809)
        at java.util.concurrent.ThreadPoolExecutor.getTask(ThreadPoolExecutor.java:1074)
        at java.util.concurrent.ThreadPoolExecutor.runWorker(ThreadPoolExecutor.java:1134)
        at java.util.concurrent.ThreadPoolExecutor$Worker.run(ThreadPoolExecutor.java:624)
        at java.lang.Thread.run(Thread.java:750)
"om1-client-thread1" daemon prio=5 tid=2919 timed_waiting
java.lang.Thread.State: TIMED_WAITING
        at sun.misc.Unsafe.park(Native Method)
        at java.util.concurrent.locks.LockSupport.parkNanos(LockSupport.java:215)
        at java.util.concurrent.SynchronousQueue$TransferStack.awaitFulfill(SynchronousQueue.java:460)
        at java.util.concurrent.SynchronousQueue$TransferStack.transfer(SynchronousQueue.java:362)
        at java.util.concurrent.SynchronousQueue.poll(SynchronousQueue.java:941)
        at java.util.concurrent.ThreadPoolExecutor.getTask(ThreadPoolExecutor.java:1073)
        at java.util.concurrent.ThreadPoolExecutor.runWorker(ThreadPoolExecutor.java:1134)
        at java.util.concurrent.ThreadPoolExecutor$Worker.run(ThreadPoolExecutor.java:624)
        at java.lang.Thread.run(Thread.java:750)
"StaleRecoveringContainerScrubbingService#0" daemon prio=5 tid=2814 timed_waiting
java.lang.Thread.State: TIMED_WAITING
        at sun.misc.Unsafe.park(Native Method)
        at java.util.concurrent.locks.LockSupport.parkNanos(LockSupport.java:215)
        at java.util.concurrent.locks.AbstractQueuedSynchronizer$ConditionObject.awaitNanos(AbstractQueuedSynchronizer.java:2083)
        at java.util.concurrent.ScheduledThreadPoolExecutor$DelayedWorkQueue.take(ScheduledThreadPoolExecutor.java:1093)
        at java.util.concurrent.ScheduledThreadPoolExecutor$DelayedWorkQueue.take(ScheduledThreadPoolExecutor.java:809)
        at java.util.concurrent.ThreadPoolExecutor.getTask(ThreadPoolExecutor.java:1074)
        at java.util.concurrent.ThreadPoolExecutor.runWorker(ThreadPoolExecutor.java:1134)
        at java.util.concurrent.ThreadPoolExecutor$Worker.run(ThreadPoolExecutor.java:624)
        at java.lang.Thread.run(Thread.java:750)
"IPC Server handler 18 on default port 40561" daemon prio=5 tid=2603 timed_waiting
java.lang.Thread.State: TIMED_WAITING
        at sun.misc.Unsafe.park(Native Method)
        at java.util.concurrent.locks.LockSupport.parkNanos(LockSupport.java:215)
        at java.util.concurrent.locks.AbstractQueuedSynchronizer$ConditionObject.awaitNanos(AbstractQueuedSynchronizer.java:2083)
        at java.util.concurrent.LinkedBlockingQueue.poll(LinkedBlockingQueue.java:467)
        at org.apache.hadoop.ipc.CallQueueManager.take(CallQueueManager.java:317)
        at org.apache.hadoop.ipc.Server$Handler.run(Server.java:2932)
"Datanode ReportManager Thread - 1" daemon prio=5 tid=2782 timed_waiting
java.lang.Thread.State: TIMED_WAITING
        at sun.misc.Unsafe.park(Native Method)
        at java.util.concurrent.locks.LockSupport.parkNanos(LockSupport.java:215)
        at java.util.concurrent.locks.AbstractQueuedSynchronizer$ConditionObject.awaitNanos(AbstractQueuedSynchronizer.java:2083)
        at java.util.concurrent.ScheduledThreadPoolExecutor$DelayedWorkQueue.take(ScheduledThreadPoolExecutor.java:1093)
        at java.util.concurrent.ScheduledThreadPoolExecutor$DelayedWorkQueue.take(ScheduledThreadPoolExecutor.java:809)
        at java.util.concurrent.ThreadPoolExecutor.getTask(ThreadPoolExecutor.java:1074)
        at java.util.concurrent.ThreadPoolExecutor.runWorker(ThreadPoolExecutor.java:1134)
        at java.util.concurrent.ThreadPoolExecutor$Worker.run(ThreadPoolExecutor.java:624)
        at java.lang.Thread.run(Thread.java:750)
"org.apache.hadoop.ozone.container.common.statemachine.commandhandler.DeleteBlocksCommandHandler$DeleteCmdWorker@587d19d7" daemon prio=5 tid=2767 timed_waiting
java.lang.Thread.State: TIMED_WAITING
        at java.lang.Thread.sleep(Native Method)
        at org.apache.hadoop.ozone.container.common.statemachine.commandhandler.DeleteBlocksCommandHandler$DeleteCmdWorker.run(DeleteBlocksCommandHandler.java:183)
        at java.lang.Thread.run(Thread.java:750)
"IPC Server handler 19 on default port 40561" daemon prio=5 tid=2604 timed_waiting
java.lang.Thread.State: TIMED_WAITING
        at sun.misc.Unsafe.park(Native Method)
        at java.util.concurrent.locks.LockSupport.parkNanos(LockSupport.java:215)
        at java.util.concurrent.locks.AbstractQueuedSynchronizer$ConditionObject.awaitNanos(AbstractQueuedSynchronizer.java:2083)
        at java.util.concurrent.LinkedBlockingQueue.poll(LinkedBlockingQueue.java:467)
        at org.apache.hadoop.ipc.CallQueueManager.take(CallQueueManager.java:317)
        at org.apache.hadoop.ipc.Server$Handler.run(Server.java:2932)
"qtp1588559443-2749" daemon prio=5 tid=2749 timed_waiting
java.lang.Thread.State: TIMED_WAITING
        at sun.misc.Unsafe.park(Native Method)
        at java.util.concurrent.locks.LockSupport.parkNanos(LockSupport.java:215)
        at java.util.concurrent.locks.AbstractQueuedSynchronizer$ConditionObject.awaitNanos(AbstractQueuedSynchronizer.java:2083)
        at org.eclipse.jetty.util.BlockingArrayQueue.poll(BlockingArrayQueue.java:382)
        at org.eclipse.jetty.util.thread.QueuedThreadPool$Runner.idleJobPoll(QueuedThreadPool.java:974)
        at org.eclipse.jetty.util.thread.QueuedThreadPool$Runner.run(QueuedThreadPool.java:1018)
        at java.lang.Thread.run(Thread.java:750)
"Datanode ReportManager Thread - 4" daemon prio=5 tid=2757 in Object.wait()
java.lang.Thread.State: WAITING (on object monitor)
        at sun.misc.Unsafe.park(Native Method)
        at java.util.concurrent.locks.LockSupport.park(LockSupport.java:175)
        at java.util.concurrent.locks.AbstractQueuedSynchronizer$ConditionObject.await(AbstractQueuedSynchronizer.java:2044)
        at java.util.concurrent.ScheduledThreadPoolExecutor$DelayedWorkQueue.take(ScheduledThreadPoolExecutor.java:1088)
        at java.util.concurrent.ScheduledThreadPoolExecutor$DelayedWorkQueue.take(ScheduledThreadPoolExecutor.java:809)
        at java.util.concurrent.ThreadPoolExecutor.getTask(ThreadPoolExecutor.java:1074)
        at java.util.concurrent.ThreadPoolExecutor.runWorker(ThreadPoolExecutor.java:1134)
        at java.util.concurrent.ThreadPoolExecutor$Worker.run(ThreadPoolExecutor.java:624)
        at java.lang.Thread.run(Thread.java:750)
"IPC Server handler 14 on default port 33273" daemon prio=5 tid=2619 timed_waiting
java.lang.Thread.State: TIMED_WAITING
        at sun.misc.Unsafe.park(Native Method)
        at java.util.concurrent.locks.LockSupport.parkNanos(LockSupport.java:215)
        at java.util.concurrent.locks.AbstractQueuedSynchronizer$ConditionObject.awaitNanos(AbstractQueuedSynchronizer.java:2083)
        at java.util.concurrent.LinkedBlockingQueue.poll(LinkedBlockingQueue.java:467)
        at org.apache.hadoop.ipc.CallQueueManager.take(CallQueueManager.java:317)
        at org.apache.hadoop.ipc.Server$Handler.run(Server.java:2932)
"BlockDeletingService#2" daemon prio=5 tid=2818 timed_waiting
java.lang.Thread.State: TIMED_WAITING
        at sun.misc.Unsafe.park(Native Method)
        at java.util.concurrent.locks.LockSupport.parkNanos(LockSupport.java:215)
        at java.util.concurrent.locks.AbstractQueuedSynchronizer$ConditionObject.awaitNanos(AbstractQueuedSynchronizer.java:2083)
        at java.util.concurrent.ScheduledThreadPoolExecutor$DelayedWorkQueue.take(ScheduledThreadPoolExecutor.java:1093)
        at java.util.concurrent.ScheduledThreadPoolExecutor$DelayedWorkQueue.take(ScheduledThreadPoolExecutor.java:809)
        at java.util.concurrent.ThreadPoolExecutor.getTask(ThreadPoolExecutor.java:1074)
        at java.util.concurrent.ThreadPoolExecutor.runWorker(ThreadPoolExecutor.java:1134)
        at java.util.concurrent.ThreadPoolExecutor$Worker.run(ThreadPoolExecutor.java:624)
        at java.lang.Thread.run(Thread.java:750)
"FullTableCache Cleanup Thread - 0" daemon prio=5 tid=2922 in Object.wait()
java.lang.Thread.State: WAITING (on object monitor)
        at sun.misc.Unsafe.park(Native Method)
        at java.util.concurrent.locks.LockSupport.park(LockSupport.java:175)
        at java.util.concurrent.locks.AbstractQueuedSynchronizer$ConditionObject.await(AbstractQueuedSynchronizer.java:2044)
        at java.util.concurrent.LinkedBlockingQueue.take(LinkedBlockingQueue.java:442)
        at java.util.concurrent.ThreadPoolExecutor.getTask(ThreadPoolExecutor.java:1074)
        at java.util.concurrent.ThreadPoolExecutor.runWorker(ThreadPoolExecutor.java:1134)
        at java.util.concurrent.ThreadPoolExecutor$Worker.run(ThreadPoolExecutor.java:624)
        at java.lang.Thread.run(Thread.java:750)
"Socket Reader #1 for port 0"  prio=5 tid=2575 runnable
java.lang.Thread.State: RUNNABLE
        at sun.nio.ch.EPollArrayWrapper.epollWait(Native Method)
        at sun.nio.ch.EPollArrayWrapper.poll(EPollArrayWrapper.java:269)
        at sun.nio.ch.EPollSelectorImpl.doSelect(EPollSelectorImpl.java:93)
        at sun.nio.ch.SelectorImpl.lockAndDoSelect(SelectorImpl.java:86)
        at sun.nio.ch.SelectorImpl.select(SelectorImpl.java:97)
        at sun.nio.ch.SelectorImpl.select(SelectorImpl.java:101)
        at org.apache.hadoop.ipc.Server$Listener$Reader.doRunLoop(Server.java:1288)
        at org.apache.hadoop.ipc.Server$Listener$Reader.run(Server.java:1267)
"ContainerOp-98c00462-3050-4d4b-b576-bbdfd469db51-0"  prio=5 tid=2936 in Object.wait()
java.lang.Thread.State: WAITING (on object monitor)
        at sun.misc.Unsafe.park(Native Method)
        at java.util.concurrent.locks.LockSupport.park(LockSupport.java:175)
        at java.util.concurrent.locks.AbstractQueuedSynchronizer$ConditionObject.await(AbstractQueuedSynchronizer.java:2044)
        at java.util.concurrent.LinkedBlockingQueue.take(LinkedBlockingQueue.java:442)
        at java.util.concurrent.ThreadPoolExecutor.getTask(ThreadPoolExecutor.java:1074)
        at java.util.concurrent.ThreadPoolExecutor.runWorker(ThreadPoolExecutor.java:1134)
        at java.util.concurrent.ThreadPoolExecutor$Worker.run(ThreadPoolExecutor.java:624)
        at java.lang.Thread.run(Thread.java:750)
"CommandWatcher-LeaseManager#LeaseMonitor" daemon prio=5 tid=2584 timed_waiting
java.lang.Thread.State: TIMED_WAITING
        at java.lang.Object.wait(Native Method)
        at org.apache.hadoop.ozone.lease.LeaseManager$LeaseMonitor.run(LeaseManager.java:238)
        at java.lang.Thread.run(Thread.java:750)
"DirectoryDeletingService#0" daemon prio=5 tid=2676 timed_waiting
java.lang.Thread.State: TIMED_WAITING
        at sun.misc.Unsafe.park(Native Method)
        at java.util.concurrent.locks.LockSupport.parkNanos(LockSupport.java:215)
        at java.util.concurrent.locks.AbstractQueuedSynchronizer$ConditionObject.awaitNanos(AbstractQueuedSynchronizer.java:2083)
        at java.util.concurrent.ScheduledThreadPoolExecutor$DelayedWorkQueue.take(ScheduledThreadPoolExecutor.java:1093)
        at java.util.concurrent.ScheduledThreadPoolExecutor$DelayedWorkQueue.take(ScheduledThreadPoolExecutor.java:809)
        at java.util.concurrent.ThreadPoolExecutor.getTask(ThreadPoolExecutor.java:1074)
        at java.util.concurrent.ThreadPoolExecutor.runWorker(ThreadPoolExecutor.java:1134)
        at java.util.concurrent.ThreadPoolExecutor$Worker.run(ThreadPoolExecutor.java:624)
        at java.lang.Thread.run(Thread.java:750)
"Finalizer" daemon prio=8 tid=3 in Object.wait()
java.lang.Thread.State: WAITING (on object monitor)
        at java.lang.Object.wait(Native Method)
        at java.lang.ref.ReferenceQueue.remove(ReferenceQueue.java:144)
        at java.lang.ref.ReferenceQueue.remove(ReferenceQueue.java:165)
        at java.lang.ref.Finalizer$FinalizerThread.run(Finalizer.java:216)
"0605c384-8e0d-4fdb-ab87-e69b89fa9455-impl-thread1"  prio=5 tid=2766 timed_waiting
java.lang.Thread.State: TIMED_WAITING
        at sun.misc.Unsafe.park(Native Method)
        at java.util.concurrent.locks.LockSupport.parkNanos(LockSupport.java:215)
        at java.util.concurrent.SynchronousQueue$TransferStack.awaitFulfill(SynchronousQueue.java:460)
        at java.util.concurrent.SynchronousQueue$TransferStack.transfer(SynchronousQueue.java:362)
        at java.util.concurrent.SynchronousQueue.poll(SynchronousQueue.java:941)
        at java.util.concurrent.ThreadPoolExecutor.getTask(ThreadPoolExecutor.java:1073)
        at java.util.concurrent.ThreadPoolExecutor.runWorker(ThreadPoolExecutor.java:1134)
        at java.util.concurrent.ThreadPoolExecutor$Worker.run(ThreadPoolExecutor.java:624)
        at java.lang.Thread.run(Thread.java:750)
"IPC Server handler 5 on default port 33273" daemon prio=5 tid=2610 timed_waiting
java.lang.Thread.State: TIMED_WAITING
        at sun.misc.Unsafe.park(Native Method)
        at java.util.concurrent.locks.LockSupport.parkNanos(LockSupport.java:215)
        at java.util.concurrent.locks.AbstractQueuedSynchronizer$ConditionObject.awaitNanos(AbstractQueuedSynchronizer.java:2083)
        at java.util.concurrent.LinkedBlockingQueue.poll(LinkedBlockingQueue.java:467)
        at org.apache.hadoop.ipc.CallQueueManager.take(CallQueueManager.java:317)
        at org.apache.hadoop.ipc.Server$Handler.run(Server.java:2932)
"qtp1624799476-2772" daemon prio=5 tid=2772 timed_waiting
java.lang.Thread.State: TIMED_WAITING
        at sun.misc.Unsafe.park(Native Method)
        at java.util.concurrent.locks.LockSupport.parkNanos(LockSupport.java:215)
        at java.util.concurrent.locks.AbstractQueuedSynchronizer$ConditionObject.awaitNanos(AbstractQueuedSynchronizer.java:2083)
        at org.eclipse.jetty.util.BlockingArrayQueue.poll(BlockingArrayQueue.java:382)
        at org.eclipse.jetty.util.thread.QueuedThreadPool$Runner.idleJobPoll(QueuedThreadPool.java:974)
        at org.eclipse.jetty.util.thread.QueuedThreadPool$Runner.run(QueuedThreadPool.java:1018)
        at java.lang.Thread.run(Thread.java:750)
"EventQueue-NewNodeForNewNodeHandler" daemon prio=5 tid=2850 in Object.wait()
java.lang.Thread.State: WAITING (on object monitor)
        at sun.misc.Unsafe.park(Native Method)
        at java.util.concurrent.locks.LockSupport.park(LockSupport.java:175)
        at java.util.concurrent.locks.AbstractQueuedSynchronizer$ConditionObject.await(AbstractQueuedSynchronizer.java:2044)
        at java.util.concurrent.LinkedBlockingQueue.take(LinkedBlockingQueue.java:442)
        at java.util.concurrent.ThreadPoolExecutor.getTask(ThreadPoolExecutor.java:1074)
        at java.util.concurrent.ThreadPoolExecutor.runWorker(ThreadPoolExecutor.java:1134)
        at java.util.concurrent.ThreadPoolExecutor$Worker.run(ThreadPoolExecutor.java:624)
        at java.lang.Thread.run(Thread.java:750)
"BlockDeletingService#7" daemon prio=5 tid=2847 in Object.wait()
java.lang.Thread.State: WAITING (on object monitor)
        at sun.misc.Unsafe.park(Native Method)
        at java.util.concurrent.locks.LockSupport.park(LockSupport.java:175)
        at java.util.concurrent.locks.AbstractQueuedSynchronizer$ConditionObject.await(AbstractQueuedSynchronizer.java:2044)
        at java.util.concurrent.ScheduledThreadPoolExecutor$DelayedWorkQueue.take(ScheduledThreadPoolExecutor.java:1088)
        at java.util.concurrent.ScheduledThreadPoolExecutor$DelayedWorkQueue.take(ScheduledThreadPoolExecutor.java:809)
        at java.util.concurrent.ThreadPoolExecutor.getTask(ThreadPoolExecutor.java:1074)
        at java.util.concurrent.ThreadPoolExecutor.runWorker(ThreadPoolExecutor.java:1134)
        at java.util.concurrent.ThreadPoolExecutor$Worker.run(ThreadPoolExecutor.java:624)
        at java.lang.Thread.run(Thread.java:750)
"IPC Server handler 6 on default port 37873" daemon prio=5 tid=2694 timed_waiting
java.lang.Thread.State: TIMED_WAITING
        at sun.misc.Unsafe.park(Native Method)
        at java.util.concurrent.locks.LockSupport.parkNanos(LockSupport.java:215)
        at java.util.concurrent.locks.AbstractQueuedSynchronizer$ConditionObject.awaitNanos(AbstractQueuedSynchronizer.java:2083)
        at java.util.concurrent.LinkedBlockingQueue.poll(LinkedBlockingQueue.java:467)
        at org.apache.hadoop.ipc.CallQueueManager.take(CallQueueManager.java:317)
        at org.apache.hadoop.ipc.Server$Handler.run(Server.java:2932)
"IPC Server handler 12 on default port 41673" daemon prio=5 tid=2637 timed_waiting
java.lang.Thread.State: TIMED_WAITING
        at sun.misc.Unsafe.park(Native Method)
        at java.util.concurrent.locks.LockSupport.parkNanos(LockSupport.java:215)
        at java.util.concurrent.locks.AbstractQueuedSynchronizer$ConditionObject.awaitNanos(AbstractQueuedSynchronizer.java:2083)
        at java.util.concurrent.LinkedBlockingQueue.poll(LinkedBlockingQueue.java:467)
        at org.apache.hadoop.ipc.CallQueueManager.take(CallQueueManager.java:317)
        at org.apache.hadoop.ipc.Server$Handler.run(Server.java:2932)
"Command processor thread" daemon prio=5 tid=2786 timed_waiting
java.lang.Thread.State: TIMED_WAITING
        at java.lang.Thread.sleep(Native Method)
        at org.apache.hadoop.ozone.container.common.statemachine.DatanodeStateMachine.lambda$initCommandHandlerThread$3(DatanodeStateMachine.java:628)
        at org.apache.hadoop.ozone.container.common.statemachine.DatanodeStateMachine$$Lambda$748/2088321874.run(Unknown Source)
        at java.lang.Thread.run(Thread.java:750)
"IPC Client (380146513) connection to /0.0.0.0:41673 from runner" daemon prio=5 tid=2791 timed_waiting
java.lang.Thread.State: TIMED_WAITING
        at java.lang.Object.wait(Native Method)
        at org.apache.hadoop.ipc.Client$Connection.waitForWork(Client.java:1053)
        at org.apache.hadoop.ipc.Client$Connection.run(Client.java:1097)
"KeyDeletingService#0" daemon prio=5 tid=2675 timed_waiting
java.lang.Thread.State: TIMED_WAITING
        at sun.misc.Unsafe.park(Native Method)
        at java.util.concurrent.locks.LockSupport.parkNanos(LockSupport.java:215)
        at java.util.concurrent.locks.AbstractQueuedSynchronizer$ConditionObject.awaitNanos(AbstractQueuedSynchronizer.java:2083)
        at java.util.concurrent.ScheduledThreadPoolExecutor$DelayedWorkQueue.take(ScheduledThreadPoolExecutor.java:1093)
        at java.util.concurrent.ScheduledThreadPoolExecutor$DelayedWorkQueue.take(ScheduledThreadPoolExecutor.java:809)
        at java.util.concurrent.ThreadPoolExecutor.getTask(ThreadPoolExecutor.java:1074)
        at java.util.concurrent.ThreadPoolExecutor.runWorker(ThreadPoolExecutor.java:1134)
        at java.util.concurrent.ThreadPoolExecutor$Worker.run(ThreadPoolExecutor.java:624)
        at java.lang.Thread.run(Thread.java:750)
"DatanodeAdminManager-0" daemon prio=5 tid=2569 timed_waiting
java.lang.Thread.State: TIMED_WAITING
        at sun.misc.Unsafe.park(Native Method)
        at java.util.concurrent.locks.LockSupport.parkNanos(LockSupport.java:215)
        at java.util.concurrent.locks.AbstractQueuedSynchronizer$ConditionObject.awaitNanos(AbstractQueuedSynchronizer.java:2083)
        at java.util.concurrent.ScheduledThreadPoolExecutor$DelayedWorkQueue.take(ScheduledThreadPoolExecutor.java:1093)
        at java.util.concurrent.ScheduledThreadPoolExecutor$DelayedWorkQueue.take(ScheduledThreadPoolExecutor.java:809)
        at java.util.concurrent.ThreadPoolExecutor.getTask(ThreadPoolExecutor.java:1074)
        at java.util.concurrent.ThreadPoolExecutor.runWorker(ThreadPoolExecutor.java:1134)
        at java.util.concurrent.ThreadPoolExecutor$Worker.run(ThreadPoolExecutor.java:624)
        at java.lang.Thread.run(Thread.java:750)
"ContainerOp-98c00462-3050-4d4b-b576-bbdfd469db51-3"  prio=5 tid=2950 in Object.wait()
java.lang.Thread.State: WAITING (on object monitor)
        at sun.misc.Unsafe.park(Native Method)
        at java.util.concurrent.locks.LockSupport.park(LockSupport.java:175)
        at java.util.concurrent.locks.AbstractQueuedSynchronizer$ConditionObject.await(AbstractQueuedSynchronizer.java:2044)
        at java.util.concurrent.LinkedBlockingQueue.take(LinkedBlockingQueue.java:442)
        at java.util.concurrent.ThreadPoolExecutor.getTask(ThreadPoolExecutor.java:1074)
        at java.util.concurrent.ThreadPoolExecutor.runWorker(ThreadPoolExecutor.java:1134)
        at java.util.concurrent.ThreadPoolExecutor$Worker.run(ThreadPoolExecutor.java:624)
        at java.lang.Thread.run(Thread.java:750)
"IPC Server listener on 0" daemon prio=5 tid=2574 runnable
java.lang.Thread.State: RUNNABLE
        at sun.nio.ch.EPollArrayWrapper.epollWait(Native Method)
        at sun.nio.ch.EPollArrayWrapper.poll(EPollArrayWrapper.java:269)
        at sun.nio.ch.EPollSelectorImpl.doSelect(EPollSelectorImpl.java:93)
        at sun.nio.ch.SelectorImpl.lockAndDoSelect(SelectorImpl.java:86)
        at sun.nio.ch.SelectorImpl.select(SelectorImpl.java:97)
        at sun.nio.ch.SelectorImpl.select(SelectorImpl.java:101)
        at org.apache.hadoop.ipc.Server$Listener.run(Server.java:1350)
"FixedThreadPoolWithAffinityExecutor-1-0" daemon prio=5 tid=2856 in Object.wait()
java.lang.Thread.State: WAITING (on object monitor)
        at sun.misc.Unsafe.park(Native Method)
        at java.util.concurrent.locks.LockSupport.park(LockSupport.java:175)
        at java.util.concurrent.locks.AbstractQueuedSynchronizer$ConditionObject.await(AbstractQueuedSynchronizer.java:2044)
        at java.util.concurrent.LinkedBlockingDeque.takeFirst(LinkedBlockingDeque.java:492)
        at java.util.concurrent.LinkedBlockingDeque.take(LinkedBlockingDeque.java:680)
        at java.util.concurrent.ThreadPoolExecutor.getTask(ThreadPoolExecutor.java:1074)
        at java.util.concurrent.ThreadPoolExecutor.runWorker(ThreadPoolExecutor.java:1134)
        at java.util.concurrent.ThreadPoolExecutor$Worker.run(ThreadPoolExecutor.java:624)
        at java.lang.Thread.run(Thread.java:750)
"0605c384-8e0d-4fdb-ab87-e69b89fa9455-client-thread1" daemon prio=5 tid=2926 timed_waiting
java.lang.Thread.State: TIMED_WAITING
        at sun.misc.Unsafe.park(Native Method)
        at java.util.concurrent.locks.LockSupport.parkNanos(LockSupport.java:215)
        at java.util.concurrent.SynchronousQueue$TransferStack.awaitFulfill(SynchronousQueue.java:460)
        at java.util.concurrent.SynchronousQueue$TransferStack.transfer(SynchronousQueue.java:362)
        at java.util.concurrent.SynchronousQueue.poll(SynchronousQueue.java:941)
        at java.util.concurrent.ThreadPoolExecutor.getTask(ThreadPoolExecutor.java:1073)
        at java.util.concurrent.ThreadPoolExecutor.runWorker(ThreadPoolExecutor.java:1134)
        at java.util.concurrent.ThreadPoolExecutor$Worker.run(ThreadPoolExecutor.java:624)
        at java.lang.Thread.run(Thread.java:750)
"IPC Server handler 7 on default port 33273" daemon prio=5 tid=2612 timed_waiting
java.lang.Thread.State: TIMED_WAITING
        at sun.misc.Unsafe.park(Native Method)
        at java.util.concurrent.locks.LockSupport.parkNanos(LockSupport.java:215)
        at java.util.concurrent.locks.AbstractQueuedSynchronizer$ConditionObject.awaitNanos(AbstractQueuedSynchronizer.java:2083)
        at java.util.concurrent.LinkedBlockingQueue.poll(LinkedBlockingQueue.java:467)
        at org.apache.hadoop.ipc.CallQueueManager.take(CallQueueManager.java:317)
        at org.apache.hadoop.ipc.Server$Handler.run(Server.java:2932)
"prometheus" daemon prio=5 tid=2583 in Object.wait()
java.lang.Thread.State: WAITING (on object monitor)
        at java.lang.Object.wait(Native Method)
        at java.lang.Object.wait(Object.java:502)
        at org.apache.hadoop.metrics2.impl.SinkQueue.waitForData(SinkQueue.java:114)
        at org.apache.hadoop.metrics2.impl.SinkQueue.consumeAll(SinkQueue.java:83)
        at org.apache.hadoop.metrics2.impl.MetricsSinkAdapter.publishMetricsFromQueue(MetricsSinkAdapter.java:135)
        at org.apache.hadoop.metrics2.impl.MetricsSinkAdapter$1.run(MetricsSinkAdapter.java:89)
"BlockDeletingService#6" daemon prio=5 tid=2839 in Object.wait()
java.lang.Thread.State: WAITING (on object monitor)
        at sun.misc.Unsafe.park(Native Method)
        at java.util.concurrent.locks.LockSupport.park(LockSupport.java:175)
        at java.util.concurrent.locks.AbstractQueuedSynchronizer$ConditionObject.await(AbstractQueuedSynchronizer.java:2044)
        at java.util.concurrent.ScheduledThreadPoolExecutor$DelayedWorkQueue.take(ScheduledThreadPoolExecutor.java:1088)
        at java.util.concurrent.ScheduledThreadPoolExecutor$DelayedWorkQueue.take(ScheduledThreadPoolExecutor.java:809)
        at java.util.concurrent.ThreadPoolExecutor.getTask(ThreadPoolExecutor.java:1074)
        at java.util.concurrent.ThreadPoolExecutor.runWorker(ThreadPoolExecutor.java:1134)
        at java.util.concurrent.ThreadPoolExecutor$Worker.run(ThreadPoolExecutor.java:624)
        at java.lang.Thread.run(Thread.java:750)
"ChunkReader-ELG-0" daemon prio=5 tid=2831 runnable
java.lang.Thread.State: RUNNABLE
        at org.apache.ratis.thirdparty.io.netty.channel.epoll.Native.epollWait(Native Method)
        at org.apache.ratis.thirdparty.io.netty.channel.epoll.Native.epollWait(Native.java:193)
        at org.apache.ratis.thirdparty.io.netty.channel.epoll.Native.epollWait(Native.java:186)
        at org.apache.ratis.thirdparty.io.netty.channel.epoll.EpollEventLoop.epollWaitNoTimerChange(EpollEventLoop.java:290)
        at org.apache.ratis.thirdparty.io.netty.channel.epoll.EpollEventLoop.run(EpollEventLoop.java:347)
        at org.apache.ratis.thirdparty.io.netty.util.concurrent.SingleThreadEventExecutor$4.run(SingleThreadEventExecutor.java:986)
        at org.apache.ratis.thirdparty.io.netty.util.internal.ThreadExecutorMap$2.run(ThreadExecutorMap.java:74)
        at java.lang.Thread.run(Thread.java:750)
"FullTableCache Cleanup Thread - 0" daemon prio=5 tid=2921 in Object.wait()
java.lang.Thread.State: WAITING (on object monitor)
        at sun.misc.Unsafe.park(Native Method)
        at java.util.concurrent.locks.LockSupport.park(LockSupport.java:175)
        at java.util.concurrent.locks.AbstractQueuedSynchronizer$ConditionObject.await(AbstractQueuedSynchronizer.java:2044)
        at java.util.concurrent.LinkedBlockingQueue.take(LinkedBlockingQueue.java:442)
        at java.util.concurrent.ThreadPoolExecutor.getTask(ThreadPoolExecutor.java:1074)
        at java.util.concurrent.ThreadPoolExecutor.runWorker(ThreadPoolExecutor.java:1134)
        at java.util.concurrent.ThreadPoolExecutor$Worker.run(ThreadPoolExecutor.java:624)
        at java.lang.Thread.run(Thread.java:750)
"pool-329-thread-1"  prio=5 tid=2678 timed_waiting
java.lang.Thread.State: TIMED_WAITING
        at sun.misc.Unsafe.park(Native Method)
        at java.util.concurrent.locks.LockSupport.parkNanos(LockSupport.java:215)
        at java.util.concurrent.locks.AbstractQueuedSynchronizer$ConditionObject.awaitNanos(AbstractQueuedSynchronizer.java:2083)
        at java.util.concurrent.ScheduledThreadPoolExecutor$DelayedWorkQueue.take(ScheduledThreadPoolExecutor.java:1093)
        at java.util.concurrent.ScheduledThreadPoolExecutor$DelayedWorkQueue.take(ScheduledThreadPoolExecutor.java:809)
        at java.util.concurrent.ThreadPoolExecutor.getTask(ThreadPoolExecutor.java:1074)
        at java.util.concurrent.ThreadPoolExecutor.runWorker(ThreadPoolExecutor.java:1134)
        at java.util.concurrent.ThreadPoolExecutor$Worker.run(ThreadPoolExecutor.java:624)
        at java.lang.Thread.run(Thread.java:750)
"IPC Server handler 6 on default port 40561" daemon prio=5 tid=2591 timed_waiting
java.lang.Thread.State: TIMED_WAITING
        at sun.misc.Unsafe.park(Native Method)
        at java.util.concurrent.locks.LockSupport.parkNanos(LockSupport.java:215)
        at java.util.concurrent.locks.AbstractQueuedSynchronizer$ConditionObject.awaitNanos(AbstractQueuedSynchronizer.java:2083)
        at java.util.concurrent.LinkedBlockingQueue.poll(LinkedBlockingQueue.java:467)
        at org.apache.hadoop.ipc.CallQueueManager.take(CallQueueManager.java:317)
        at org.apache.hadoop.ipc.Server$Handler.run(Server.java:2932)
"StaleRecoveringContainerScrubbingService#0" daemon prio=5 tid=2833 timed_waiting
java.lang.Thread.State: TIMED_WAITING
        at sun.misc.Unsafe.park(Native Method)
        at java.util.concurrent.locks.LockSupport.parkNanos(LockSupport.java:215)
        at java.util.concurrent.locks.AbstractQueuedSynchronizer$ConditionObject.awaitNanos(AbstractQueuedSynchronizer.java:2083)
        at java.util.concurrent.ScheduledThreadPoolExecutor$DelayedWorkQueue.take(ScheduledThreadPoolExecutor.java:1093)
        at java.util.concurrent.ScheduledThreadPoolExecutor$DelayedWorkQueue.take(ScheduledThreadPoolExecutor.java:809)
        at java.util.concurrent.ThreadPoolExecutor.getTask(ThreadPoolExecutor.java:1074)
        at java.util.concurrent.ThreadPoolExecutor.runWorker(ThreadPoolExecutor.java:1134)
        at java.util.concurrent.ThreadPoolExecutor$Worker.run(ThreadPoolExecutor.java:624)
        at java.lang.Thread.run(Thread.java:750)
"qtp1588559443-2744-acceptor-0@55d49ab2-ServerConnector@377623e9{HTTP/1.1, (http/1.1)}{0.0.0.0:44165}" daemon prio=3 tid=2744 runnable
java.lang.Thread.State: RUNNABLE
        at sun.nio.ch.ServerSocketChannelImpl.accept0(Native Method)
        at sun.nio.ch.ServerSocketChannelImpl.accept(ServerSocketChannelImpl.java:421)
        at sun.nio.ch.ServerSocketChannelImpl.accept(ServerSocketChannelImpl.java:249)
        at org.eclipse.jetty.server.ServerConnector.accept(ServerConnector.java:388)
        at org.eclipse.jetty.server.AbstractConnector$Acceptor.run(AbstractConnector.java:702)
        at org.eclipse.jetty.util.thread.QueuedThreadPool.runJob(QueuedThreadPool.java:883)
        at org.eclipse.jetty.util.thread.QueuedThreadPool$Runner.run(QueuedThreadPool.java:1034)
        at java.lang.Thread.run(Thread.java:750)
"BlockDeletingService#6" daemon prio=5 tid=2846 in Object.wait()
java.lang.Thread.State: WAITING (on object monitor)
        at sun.misc.Unsafe.park(Native Method)
        at java.util.concurrent.locks.LockSupport.park(LockSupport.java:175)
        at java.util.concurrent.locks.AbstractQueuedSynchronizer$ConditionObject.await(AbstractQueuedSynchronizer.java:2044)
        at java.util.concurrent.ScheduledThreadPoolExecutor$DelayedWorkQueue.take(ScheduledThreadPoolExecutor.java:1088)
        at java.util.concurrent.ScheduledThreadPoolExecutor$DelayedWorkQueue.take(ScheduledThreadPoolExecutor.java:809)
        at java.util.concurrent.ThreadPoolExecutor.getTask(ThreadPoolExecutor.java:1074)
        at java.util.concurrent.ThreadPoolExecutor.runWorker(ThreadPoolExecutor.java:1134)
        at java.util.concurrent.ThreadPoolExecutor$Worker.run(ThreadPoolExecutor.java:624)
        at java.lang.Thread.run(Thread.java:750)
"IPC Server handler 11 on default port 37873" daemon prio=5 tid=2699 timed_waiting
java.lang.Thread.State: TIMED_WAITING
        at sun.misc.Unsafe.park(Native Method)
        at java.util.concurrent.locks.LockSupport.parkNanos(LockSupport.java:215)
        at java.util.concurrent.locks.AbstractQueuedSynchronizer$ConditionObject.awaitNanos(AbstractQueuedSynchronizer.java:2083)
        at java.util.concurrent.LinkedBlockingQueue.poll(LinkedBlockingQueue.java:467)
        at org.apache.hadoop.ipc.CallQueueManager.take(CallQueueManager.java:317)
        at org.apache.hadoop.ipc.Server$Handler.run(Server.java:2932)
"qtp1632629072-2683" daemon prio=5 tid=2683 timed_waiting
java.lang.Thread.State: TIMED_WAITING
        at sun.misc.Unsafe.park(Native Method)
        at java.util.concurrent.locks.LockSupport.parkNanos(LockSupport.java:215)
        at java.util.concurrent.locks.AbstractQueuedSynchronizer$ConditionObject.awaitNanos(AbstractQueuedSynchronizer.java:2083)
        at org.eclipse.jetty.util.BlockingArrayQueue.poll(BlockingArrayQueue.java:382)
        at org.eclipse.jetty.util.thread.QueuedThreadPool$Runner.idleJobPoll(QueuedThreadPool.java:974)
        at org.eclipse.jetty.util.thread.QueuedThreadPool$Runner.run(QueuedThreadPool.java:1018)
        at java.lang.Thread.run(Thread.java:750)
"om1@group-C5BA1605619E-SegmentedRaftLogWorker"  prio=5 tid=2665 timed_waiting
java.lang.Thread.State: TIMED_WAITING
        at sun.misc.Unsafe.park(Native Method)
        at java.util.concurrent.locks.LockSupport.parkNanos(LockSupport.java:215)
        at java.util.concurrent.locks.AbstractQueuedSynchronizer$ConditionObject.awaitNanos(AbstractQueuedSynchronizer.java:2083)
        at org.apache.ratis.util.DataBlockingQueue.poll(DataBlockingQueue.java:148)
        at org.apache.ratis.server.raftlog.segmented.SegmentedRaftLogWorker.run(SegmentedRaftLogWorker.java:301)
        at org.apache.ratis.server.raftlog.segmented.SegmentedRaftLogWorker$$Lambda$631/1954568581.run(Unknown Source)
        at java.lang.Thread.run(Thread.java:750)
"DeleteBlocksCommandHandlerThread-2"  prio=5 tid=3081 in Object.wait()
java.lang.Thread.State: WAITING (on object monitor)
        at sun.misc.Unsafe.park(Native Method)
        at java.util.concurrent.locks.LockSupport.park(LockSupport.java:175)
        at java.util.concurrent.locks.AbstractQueuedSynchronizer$ConditionObject.await(AbstractQueuedSynchronizer.java:2044)
        at java.util.concurrent.LinkedBlockingQueue.take(LinkedBlockingQueue.java:442)
        at java.util.concurrent.ThreadPoolExecutor.getTask(ThreadPoolExecutor.java:1074)
        at java.util.concurrent.ThreadPoolExecutor.runWorker(ThreadPoolExecutor.java:1134)
        at java.util.concurrent.ThreadPoolExecutor$Worker.run(ThreadPoolExecutor.java:624)
        at java.lang.Thread.run(Thread.java:750)
"IPC Server handler 4 on default port 41673" daemon prio=5 tid=2629 timed_waiting
java.lang.Thread.State: TIMED_WAITING
        at sun.misc.Unsafe.park(Native Method)
        at java.util.concurrent.locks.LockSupport.parkNanos(LockSupport.java:215)
        at java.util.concurrent.locks.AbstractQueuedSynchronizer$ConditionObject.awaitNanos(AbstractQueuedSynchronizer.java:2083)
        at java.util.concurrent.LinkedBlockingQueue.poll(LinkedBlockingQueue.java:467)
        at org.apache.hadoop.ipc.CallQueueManager.take(CallQueueManager.java:317)
        at org.apache.hadoop.ipc.Server$Handler.run(Server.java:2932)
"0605c384-8e0d-4fdb-ab87-e69b89fa9455@group-BBDFD469DB51-StateMachineUpdater" daemon prio=5 tid=2871 timed_waiting
java.lang.Thread.State: TIMED_WAITING
        at sun.misc.Unsafe.park(Native Method)
        at java.util.concurrent.locks.LockSupport.parkNanos(LockSupport.java:215)
        at java.util.concurrent.CompletableFuture$Signaller.block(CompletableFuture.java:1709)
        at java.util.concurrent.ForkJoinPool.managedBlock(ForkJoinPool.java:3323)
        at java.util.concurrent.CompletableFuture.timedGet(CompletableFuture.java:1788)
        at java.util.concurrent.CompletableFuture.get(CompletableFuture.java:1928)
        at org.apache.ratis.util.AwaitForSignal.await(AwaitForSignal.java:56)
        at org.apache.ratis.server.impl.StateMachineUpdater.waitForCommit(StateMachineUpdater.java:207)
        at org.apache.ratis.server.impl.StateMachineUpdater.run(StateMachineUpdater.java:176)
        at java.lang.Thread.run(Thread.java:750)
"IPC Server handler 15 on default port 40561" daemon prio=5 tid=2600 timed_waiting
java.lang.Thread.State: TIMED_WAITING
        at sun.misc.Unsafe.park(Native Method)
        at java.util.concurrent.locks.LockSupport.parkNanos(LockSupport.java:215)
        at java.util.concurrent.locks.AbstractQueuedSynchronizer$ConditionObject.awaitNanos(AbstractQueuedSynchronizer.java:2083)
        at java.util.concurrent.LinkedBlockingQueue.poll(LinkedBlockingQueue.java:467)
        at org.apache.hadoop.ipc.CallQueueManager.take(CallQueueManager.java:317)
        at org.apache.hadoop.ipc.Server$Handler.run(Server.java:2932)
"qtp1624799476-2774" daemon prio=5 tid=2774 timed_waiting
java.lang.Thread.State: TIMED_WAITING
        at sun.misc.Unsafe.park(Native Method)
        at java.util.concurrent.locks.LockSupport.parkNanos(LockSupport.java:215)
        at java.util.concurrent.locks.AbstractQueuedSynchronizer$ConditionObject.awaitNanos(AbstractQueuedSynchronizer.java:2083)
        at org.eclipse.jetty.util.BlockingArrayQueue.poll(BlockingArrayQueue.java:382)
        at org.eclipse.jetty.util.thread.QueuedThreadPool$Runner.idleJobPoll(QueuedThreadPool.java:974)
        at org.eclipse.jetty.util.thread.QueuedThreadPool$Runner.run(QueuedThreadPool.java:1018)
        at java.lang.Thread.run(Thread.java:750)
"IPC Server handler 9 on default port 37873" daemon prio=5 tid=2697 timed_waiting
java.lang.Thread.State: TIMED_WAITING
        at sun.misc.Unsafe.park(Native Method)
        at java.util.concurrent.locks.LockSupport.parkNanos(LockSupport.java:215)
        at java.util.concurrent.locks.AbstractQueuedSynchronizer$ConditionObject.awaitNanos(AbstractQueuedSynchronizer.java:2083)
        at java.util.concurrent.LinkedBlockingQueue.poll(LinkedBlockingQueue.java:467)
        at org.apache.hadoop.ipc.CallQueueManager.take(CallQueueManager.java:317)
        at org.apache.hadoop.ipc.Server$Handler.run(Server.java:2932)
"StaleRecoveringContainerScrubbingService#1" daemon prio=5 tid=2816 in Object.wait()
java.lang.Thread.State: WAITING (on object monitor)
        at sun.misc.Unsafe.park(Native Method)
        at java.util.concurrent.locks.LockSupport.park(LockSupport.java:175)
        at java.util.concurrent.locks.AbstractQueuedSynchronizer$ConditionObject.await(AbstractQueuedSynchronizer.java:2044)
        at java.util.concurrent.ScheduledThreadPoolExecutor$DelayedWorkQueue.take(ScheduledThreadPoolExecutor.java:1088)
        at java.util.concurrent.ScheduledThreadPoolExecutor$DelayedWorkQueue.take(ScheduledThreadPoolExecutor.java:809)
        at java.util.concurrent.ThreadPoolExecutor.getTask(ThreadPoolExecutor.java:1074)
        at java.util.concurrent.ThreadPoolExecutor.runWorker(ThreadPoolExecutor.java:1134)
        at java.util.concurrent.ThreadPoolExecutor$Worker.run(ThreadPoolExecutor.java:624)
        at java.lang.Thread.run(Thread.java:750)
"qtp1632629072-2681" daemon prio=5 tid=2681 timed_waiting
java.lang.Thread.State: TIMED_WAITING
        at sun.misc.Unsafe.park(Native Method)
        at java.util.concurrent.locks.LockSupport.parkNanos(LockSupport.java:215)
        at java.util.concurrent.locks.AbstractQueuedSynchronizer$ConditionObject.awaitNanos(AbstractQueuedSynchronizer.java:2083)
        at org.eclipse.jetty.util.BlockingArrayQueue.poll(BlockingArrayQueue.java:382)
        at org.eclipse.jetty.util.thread.QueuedThreadPool$Runner.idleJobPoll(QueuedThreadPool.java:974)
        at org.eclipse.jetty.util.thread.QueuedThreadPool$Runner.run(QueuedThreadPool.java:1018)
        at java.lang.Thread.run(Thread.java:750)
"Under Replicated Processor" daemon prio=5 tid=2567 timed_waiting
java.lang.Thread.State: TIMED_WAITING
        at java.lang.Object.wait(Native Method)
        at org.apache.hadoop.hdds.scm.container.replication.UnderReplicatedProcessor.run(UnderReplicatedProcessor.java:142)
        at java.lang.Thread.run(Thread.java:750)
"EventQueue-PipelineReportForPipelineReportHandler" daemon prio=5 tid=2855 in Object.wait()
java.lang.Thread.State: WAITING (on object monitor)
        at sun.misc.Unsafe.park(Native Method)
        at java.util.concurrent.locks.LockSupport.park(LockSupport.java:175)
        at java.util.concurrent.locks.AbstractQueuedSynchronizer$ConditionObject.await(AbstractQueuedSynchronizer.java:2044)
        at java.util.concurrent.LinkedBlockingQueue.take(LinkedBlockingQueue.java:442)
        at java.util.concurrent.ThreadPoolExecutor.getTask(ThreadPoolExecutor.java:1074)
        at java.util.concurrent.ThreadPoolExecutor.runWorker(ThreadPoolExecutor.java:1134)
        at java.util.concurrent.ThreadPoolExecutor$Worker.run(ThreadPoolExecutor.java:624)
        at java.lang.Thread.run(Thread.java:750)
"Periodic HDDS volume checker" daemon prio=5 tid=2762 timed_waiting
java.lang.Thread.State: TIMED_WAITING
        at sun.misc.Unsafe.park(Native Method)
        at java.util.concurrent.locks.LockSupport.parkNanos(LockSupport.java:215)
        at java.util.concurrent.locks.AbstractQueuedSynchronizer$ConditionObject.awaitNanos(AbstractQueuedSynchronizer.java:2083)
        at java.util.concurrent.ScheduledThreadPoolExecutor$DelayedWorkQueue.take(ScheduledThreadPoolExecutor.java:1093)
        at java.util.concurrent.ScheduledThreadPoolExecutor$DelayedWorkQueue.take(ScheduledThreadPoolExecutor.java:809)
        at java.util.concurrent.ThreadPoolExecutor.getTask(ThreadPoolExecutor.java:1074)
        at java.util.concurrent.ThreadPoolExecutor.runWorker(ThreadPoolExecutor.java:1134)
        at java.util.concurrent.ThreadPoolExecutor$Worker.run(ThreadPoolExecutor.java:624)
        at java.lang.Thread.run(Thread.java:750)
"IPC Server handler 10 on default port 33273" daemon prio=5 tid=2615 timed_waiting
java.lang.Thread.State: TIMED_WAITING
        at sun.misc.Unsafe.park(Native Method)
        at java.util.concurrent.locks.LockSupport.parkNanos(LockSupport.java:215)
        at java.util.concurrent.locks.AbstractQueuedSynchronizer$ConditionObject.awaitNanos(AbstractQueuedSynchronizer.java:2083)
        at java.util.concurrent.LinkedBlockingQueue.poll(LinkedBlockingQueue.java:467)
        at org.apache.hadoop.ipc.CallQueueManager.take(CallQueueManager.java:317)
        at org.apache.hadoop.ipc.Server$Handler.run(Server.java:2932)
"BlockDeletingService#1" daemon prio=5 tid=2815 in Object.wait()
java.lang.Thread.State: WAITING (on object monitor)
        at sun.misc.Unsafe.park(Native Method)
        at java.util.concurrent.locks.LockSupport.park(LockSupport.java:175)
        at java.util.concurrent.locks.AbstractQueuedSynchronizer$ConditionObject.await(AbstractQueuedSynchronizer.java:2044)
        at java.util.concurrent.ScheduledThreadPoolExecutor$DelayedWorkQueue.take(ScheduledThreadPoolExecutor.java:1088)
        at java.util.concurrent.ScheduledThreadPoolExecutor$DelayedWorkQueue.take(ScheduledThreadPoolExecutor.java:809)
        at java.util.concurrent.ThreadPoolExecutor.getTask(ThreadPoolExecutor.java:1074)
        at java.util.concurrent.ThreadPoolExecutor.runWorker(ThreadPoolExecutor.java:1134)
        at java.util.concurrent.ThreadPoolExecutor$Worker.run(ThreadPoolExecutor.java:624)
        at java.lang.Thread.run(Thread.java:750)
"IPC Server handler 3 on default port 40561" daemon prio=5 tid=2588 timed_waiting
java.lang.Thread.State: TIMED_WAITING
        at sun.misc.Unsafe.park(Native Method)
        at java.util.concurrent.locks.LockSupport.parkNanos(LockSupport.java:215)
        at java.util.concurrent.locks.AbstractQueuedSynchronizer$ConditionObject.awaitNanos(AbstractQueuedSynchronizer.java:2083)
        at java.util.concurrent.LinkedBlockingQueue.poll(LinkedBlockingQueue.java:467)
        at org.apache.hadoop.ipc.CallQueueManager.take(CallQueueManager.java:317)
        at org.apache.hadoop.ipc.Server$Handler.run(Server.java:2932)
"IPC Server handler 14 on default port 40561" daemon prio=5 tid=2599 timed_waiting
java.lang.Thread.State: TIMED_WAITING
        at sun.misc.Unsafe.park(Native Method)
        at java.util.concurrent.locks.LockSupport.parkNanos(LockSupport.java:215)
        at java.util.concurrent.locks.AbstractQueuedSynchronizer$ConditionObject.awaitNanos(AbstractQueuedSynchronizer.java:2083)
        at java.util.concurrent.LinkedBlockingQueue.poll(LinkedBlockingQueue.java:467)
        at org.apache.hadoop.ipc.CallQueueManager.take(CallQueueManager.java:317)
        at org.apache.hadoop.ipc.Server$Handler.run(Server.java:2932)
"StaleRecoveringContainerScrubbingService#1" daemon prio=5 tid=2835 in Object.wait()
java.lang.Thread.State: WAITING (on object monitor)
        at sun.misc.Unsafe.park(Native Method)
        at java.util.concurrent.locks.LockSupport.park(LockSupport.java:175)
        at java.util.concurrent.locks.AbstractQueuedSynchronizer$ConditionObject.await(AbstractQueuedSynchronizer.java:2044)
        at java.util.concurrent.ScheduledThreadPoolExecutor$DelayedWorkQueue.take(ScheduledThreadPoolExecutor.java:1088)
        at java.util.concurrent.ScheduledThreadPoolExecutor$DelayedWorkQueue.take(ScheduledThreadPoolExecutor.java:809)
        at java.util.concurrent.ThreadPoolExecutor.getTask(ThreadPoolExecutor.java:1074)
        at java.util.concurrent.ThreadPoolExecutor.runWorker(ThreadPoolExecutor.java:1134)
        at java.util.concurrent.ThreadPoolExecutor$Worker.run(ThreadPoolExecutor.java:624)
        at java.lang.Thread.run(Thread.java:750)
"ContainerOp-98c00462-3050-4d4b-b576-bbdfd469db51-3"  prio=5 tid=2947 in Object.wait()
java.lang.Thread.State: WAITING (on object monitor)
        at sun.misc.Unsafe.park(Native Method)
        at java.util.concurrent.locks.LockSupport.park(LockSupport.java:175)
        at java.util.concurrent.locks.AbstractQueuedSynchronizer$ConditionObject.await(AbstractQueuedSynchronizer.java:2044)
        at java.util.concurrent.LinkedBlockingQueue.take(LinkedBlockingQueue.java:442)
        at java.util.concurrent.ThreadPoolExecutor.getTask(ThreadPoolExecutor.java:1074)
        at java.util.concurrent.ThreadPoolExecutor.runWorker(ThreadPoolExecutor.java:1134)
        at java.util.concurrent.ThreadPoolExecutor$Worker.run(ThreadPoolExecutor.java:624)
        at java.lang.Thread.run(Thread.java:750)
"org.apache.ratis.util.JvmPauseMonitor$$Lambda$703/795293305@7767c493" daemon prio=5 tid=2673 timed_waiting
java.lang.Thread.State: TIMED_WAITING
        at java.lang.Thread.sleep(Native Method)
        at java.lang.Thread.sleep(Thread.java:342)
        at java.util.concurrent.TimeUnit.sleep(TimeUnit.java:386)
        at org.apache.ratis.util.TimeDuration.sleep(TimeDuration.java:325)
        at org.apache.ratis.util.TimeDuration.sleep(TimeDuration.java:310)
        at org.apache.ratis.util.JvmPauseMonitor.detectPause(JvmPauseMonitor.java:117)
        at org.apache.ratis.util.JvmPauseMonitor.run(JvmPauseMonitor.java:106)
        at org.apache.ratis.util.JvmPauseMonitor$$Lambda$703/795293305.run(Unknown Source)
        at java.lang.Thread.run(Thread.java:750)
"Datanode State Machine Task Thread - 0"  prio=5 tid=2788 in Object.wait()
java.lang.Thread.State: WAITING (on object monitor)
        at sun.misc.Unsafe.park(Native Method)
        at java.util.concurrent.locks.LockSupport.park(LockSupport.java:175)
        at java.util.concurrent.locks.AbstractQueuedSynchronizer$ConditionObject.await(AbstractQueuedSynchronizer.java:2044)
        at java.util.concurrent.LinkedBlockingQueue.take(LinkedBlockingQueue.java:442)
        at java.util.concurrent.ThreadPoolExecutor.getTask(ThreadPoolExecutor.java:1074)
        at java.util.concurrent.ThreadPoolExecutor.runWorker(ThreadPoolExecutor.java:1134)
        at java.util.concurrent.ThreadPoolExecutor$Worker.run(ThreadPoolExecutor.java:624)
        at java.lang.Thread.run(Thread.java:750)
"BlockDeletingService#9" daemon prio=5 tid=2845 in Object.wait()
java.lang.Thread.State: WAITING (on object monitor)
        at sun.misc.Unsafe.park(Native Method)
        at java.util.concurrent.locks.LockSupport.park(LockSupport.java:175)
        at java.util.concurrent.locks.AbstractQueuedSynchronizer$ConditionObject.await(AbstractQueuedSynchronizer.java:2044)
        at java.util.concurrent.ScheduledThreadPoolExecutor$DelayedWorkQueue.take(ScheduledThreadPoolExecutor.java:1088)
        at java.util.concurrent.ScheduledThreadPoolExecutor$DelayedWorkQueue.take(ScheduledThreadPoolExecutor.java:809)
        at java.util.concurrent.ThreadPoolExecutor.getTask(ThreadPoolExecutor.java:1074)
        at java.util.concurrent.ThreadPoolExecutor.runWorker(ThreadPoolExecutor.java:1134)
        at java.util.concurrent.ThreadPoolExecutor$Worker.run(ThreadPoolExecutor.java:624)
        at java.lang.Thread.run(Thread.java:750)
"qtp937214461-2648" daemon prio=5 tid=2648 runnable
java.lang.Thread.State: RUNNABLE
        at sun.nio.ch.EPollArrayWrapper.epollWait(Native Method)
        at sun.nio.ch.EPollArrayWrapper.poll(EPollArrayWrapper.java:269)
        at sun.nio.ch.EPollSelectorImpl.doSelect(EPollSelectorImpl.java:93)
        at sun.nio.ch.SelectorImpl.lockAndDoSelect(SelectorImpl.java:86)
        at sun.nio.ch.SelectorImpl.select(SelectorImpl.java:97)
        at sun.nio.ch.SelectorImpl.select(SelectorImpl.java:101)
        at org.eclipse.jetty.io.ManagedSelector.nioSelect(ManagedSelector.java:183)
        at org.eclipse.jetty.io.ManagedSelector.select(ManagedSelector.java:190)
        at org.eclipse.jetty.io.ManagedSelector$SelectorProducer.select(ManagedSelector.java:606)
        at org.eclipse.jetty.io.ManagedSelector$SelectorProducer.produce(ManagedSelector.java:543)
        at org.eclipse.jetty.util.thread.strategy.EatWhatYouKill.produceTask(EatWhatYouKill.java:362)
        at org.eclipse.jetty.util.thread.strategy.EatWhatYouKill.doProduce(EatWhatYouKill.java:186)
        at org.eclipse.jetty.util.thread.strategy.EatWhatYouKill.tryProduce(EatWhatYouKill.java:173)
        at org.eclipse.jetty.util.thread.strategy.EatWhatYouKill.produce(EatWhatYouKill.java:137)
        at org.eclipse.jetty.io.ManagedSelector$$Lambda$464/1278700356.run(Unknown Source)
        at org.eclipse.jetty.util.thread.QueuedThreadPool.runJob(QueuedThreadPool.java:883)
        at org.eclipse.jetty.util.thread.QueuedThreadPool$Runner.run(QueuedThreadPool.java:1034)
        at java.lang.Thread.run(Thread.java:750)
"Datanode ReportManager Thread - 2" daemon prio=5 tid=2783 in Object.wait()
java.lang.Thread.State: WAITING (on object monitor)
        at sun.misc.Unsafe.park(Native Method)
        at java.util.concurrent.locks.LockSupport.park(LockSupport.java:175)
        at java.util.concurrent.locks.AbstractQueuedSynchronizer$ConditionObject.await(AbstractQueuedSynchronizer.java:2044)
        at java.util.concurrent.ScheduledThreadPoolExecutor$DelayedWorkQueue.take(ScheduledThreadPoolExecutor.java:1088)
        at java.util.concurrent.ScheduledThreadPoolExecutor$DelayedWorkQueue.take(ScheduledThreadPoolExecutor.java:809)
        at java.util.concurrent.ThreadPoolExecutor.getTask(ThreadPoolExecutor.java:1074)
        at java.util.concurrent.ThreadPoolExecutor.runWorker(ThreadPoolExecutor.java:1134)
        at java.util.concurrent.ThreadPoolExecutor$Worker.run(ThreadPoolExecutor.java:624)
        at java.lang.Thread.run(Thread.java:750)
"pool-304-thread-1"  prio=5 tid=2647 timed_waiting
java.lang.Thread.State: TIMED_WAITING
        at sun.misc.Unsafe.park(Native Method)
        at java.util.concurrent.locks.LockSupport.parkNanos(LockSupport.java:215)
        at java.util.concurrent.locks.AbstractQueuedSynchronizer$ConditionObject.awaitNanos(AbstractQueuedSynchronizer.java:2083)
        at java.util.concurrent.ScheduledThreadPoolExecutor$DelayedWorkQueue.take(ScheduledThreadPoolExecutor.java:1093)
        at java.util.concurrent.ScheduledThreadPoolExecutor$DelayedWorkQueue.take(ScheduledThreadPoolExecutor.java:809)
        at java.util.concurrent.ThreadPoolExecutor.getTask(ThreadPoolExecutor.java:1074)
        at java.util.concurrent.ThreadPoolExecutor.runWorker(ThreadPoolExecutor.java:1134)
        at java.util.concurrent.ThreadPoolExecutor$Worker.run(ThreadPoolExecutor.java:624)
        at java.lang.Thread.run(Thread.java:750)
"IPC Server idle connection scanner for port 33273" daemon prio=5 tid=2576 timed_waiting
java.lang.Thread.State: TIMED_WAITING
        at java.lang.Object.wait(Native Method)
        at java.util.TimerThread.mainLoop(Timer.java:552)
        at java.util.TimerThread.run(Timer.java:505)
"EventQueue-OpenPipelineForHealthyPipelineSafeModeRule" daemon prio=5 tid=2906 in Object.wait()
java.lang.Thread.State: WAITING (on object monitor)
        at sun.misc.Unsafe.park(Native Method)
        at java.util.concurrent.locks.LockSupport.park(LockSupport.java:175)
        at java.util.concurrent.locks.AbstractQueuedSynchronizer$ConditionObject.await(AbstractQueuedSynchronizer.java:2044)
        at java.util.concurrent.LinkedBlockingQueue.take(LinkedBlockingQueue.java:442)
        at java.util.concurrent.ThreadPoolExecutor.getTask(ThreadPoolExecutor.java:1074)
        at java.util.concurrent.ThreadPoolExecutor.runWorker(ThreadPoolExecutor.java:1134)
        at java.util.concurrent.ThreadPoolExecutor$Worker.run(ThreadPoolExecutor.java:624)
        at java.lang.Thread.run(Thread.java:750)
"IPC Server handler 2 on default port 37873" daemon prio=5 tid=2690 timed_waiting
java.lang.Thread.State: TIMED_WAITING
        at sun.misc.Unsafe.park(Native Method)
        at java.util.concurrent.locks.LockSupport.parkNanos(LockSupport.java:215)
        at java.util.concurrent.locks.AbstractQueuedSynchronizer$ConditionObject.awaitNanos(AbstractQueuedSynchronizer.java:2083)
        at java.util.concurrent.LinkedBlockingQueue.poll(LinkedBlockingQueue.java:467)
        at org.apache.hadoop.ipc.CallQueueManager.take(CallQueueManager.java:317)
        at org.apache.hadoop.ipc.Server$Handler.run(Server.java:2932)
"IPC Server handler 1 on default port 40561" daemon prio=5 tid=2586 timed_waiting
java.lang.Thread.State: TIMED_WAITING
        at sun.misc.Unsafe.park(Native Method)
        at java.util.concurrent.locks.LockSupport.parkNanos(LockSupport.java:215)
        at java.util.concurrent.locks.AbstractQueuedSynchronizer$ConditionObject.awaitNanos(AbstractQueuedSynchronizer.java:2083)
        at java.util.concurrent.LinkedBlockingQueue.poll(LinkedBlockingQueue.java:467)
        at org.apache.hadoop.ipc.CallQueueManager.take(CallQueueManager.java:317)
        at org.apache.hadoop.ipc.Server$Handler.run(Server.java:2932)
"grpc-default-worker-ELG-3-2" daemon prio=5 tid=322 runnable
java.lang.Thread.State: RUNNABLE
        at org.apache.ratis.thirdparty.io.netty.channel.epoll.Native.epollWait(Native Method)
        at org.apache.ratis.thirdparty.io.netty.channel.epoll.Native.epollWait(Native.java:193)
        at org.apache.ratis.thirdparty.io.netty.channel.epoll.Native.epollWait(Native.java:186)
        at org.apache.ratis.thirdparty.io.netty.channel.epoll.EpollEventLoop.epollWaitNoTimerChange(EpollEventLoop.java:290)
        at org.apache.ratis.thirdparty.io.netty.channel.epoll.EpollEventLoop.run(EpollEventLoop.java:347)
        at org.apache.ratis.thirdparty.io.netty.util.concurrent.SingleThreadEventExecutor$4.run(SingleThreadEventExecutor.java:986)
        at org.apache.ratis.thirdparty.io.netty.util.internal.ThreadExecutorMap$2.run(ThreadExecutorMap.java:74)
        at org.apache.ratis.thirdparty.io.netty.util.concurrent.FastThreadLocalRunnable.run(FastThreadLocalRunnable.java:30)
        at java.lang.Thread.run(Thread.java:750)
"ContainerOp-98c00462-3050-4d4b-b576-bbdfd469db51-4"  prio=5 tid=2956 in Object.wait()
java.lang.Thread.State: WAITING (on object monitor)
        at sun.misc.Unsafe.park(Native Method)
        at java.util.concurrent.locks.LockSupport.park(LockSupport.java:175)
        at java.util.concurrent.locks.AbstractQueuedSynchronizer$ConditionObject.await(AbstractQueuedSynchronizer.java:2044)
        at java.util.concurrent.LinkedBlockingQueue.take(LinkedBlockingQueue.java:442)
        at java.util.concurrent.ThreadPoolExecutor.getTask(ThreadPoolExecutor.java:1074)
        at java.util.concurrent.ThreadPoolExecutor.runWorker(ThreadPoolExecutor.java:1134)
        at java.util.concurrent.ThreadPoolExecutor$Worker.run(ThreadPoolExecutor.java:624)
        at java.lang.Thread.run(Thread.java:750)
"4444cbf4-fd79-4bf9-9a85-9dbe318480e0-impl-thread1"  prio=5 tid=2740 timed_waiting
java.lang.Thread.State: TIMED_WAITING
        at sun.misc.Unsafe.park(Native Method)
        at java.util.concurrent.locks.LockSupport.parkNanos(LockSupport.java:215)
        at java.util.concurrent.SynchronousQueue$TransferStack.awaitFulfill(SynchronousQueue.java:460)
        at java.util.concurrent.SynchronousQueue$TransferStack.transfer(SynchronousQueue.java:362)
        at java.util.concurrent.SynchronousQueue.poll(SynchronousQueue.java:941)
        at java.util.concurrent.ThreadPoolExecutor.getTask(ThreadPoolExecutor.java:1073)
        at java.util.concurrent.ThreadPoolExecutor.runWorker(ThreadPoolExecutor.java:1134)
        at java.util.concurrent.ThreadPoolExecutor$Worker.run(ThreadPoolExecutor.java:624)
        at java.lang.Thread.run(Thread.java:750)
"BlockDeletingService#8" daemon prio=5 tid=2843 in Object.wait()
java.lang.Thread.State: WAITING (on object monitor)
        at sun.misc.Unsafe.park(Native Method)
        at java.util.concurrent.locks.LockSupport.park(LockSupport.java:175)
        at java.util.concurrent.locks.AbstractQueuedSynchronizer$ConditionObject.await(AbstractQueuedSynchronizer.java:2044)
        at java.util.concurrent.ScheduledThreadPoolExecutor$DelayedWorkQueue.take(ScheduledThreadPoolExecutor.java:1088)
        at java.util.concurrent.ScheduledThreadPoolExecutor$DelayedWorkQueue.take(ScheduledThreadPoolExecutor.java:809)
        at java.util.concurrent.ThreadPoolExecutor.getTask(ThreadPoolExecutor.java:1074)
        at java.util.concurrent.ThreadPoolExecutor.runWorker(ThreadPoolExecutor.java:1134)
        at java.util.concurrent.ThreadPoolExecutor$Worker.run(ThreadPoolExecutor.java:624)
        at java.lang.Thread.run(Thread.java:750)
"BlockDeletingService#0" daemon prio=5 tid=2832 in Object.wait()
java.lang.Thread.State: WAITING (on object monitor)
        at sun.misc.Unsafe.park(Native Method)
        at java.util.concurrent.locks.LockSupport.park(LockSupport.java:175)
        at java.util.concurrent.locks.AbstractQueuedSynchronizer$ConditionObject.await(AbstractQueuedSynchronizer.java:2044)
        at java.util.concurrent.ScheduledThreadPoolExecutor$DelayedWorkQueue.take(ScheduledThreadPoolExecutor.java:1088)
        at java.util.concurrent.ScheduledThreadPoolExecutor$DelayedWorkQueue.take(ScheduledThreadPoolExecutor.java:809)
        at java.util.concurrent.ThreadPoolExecutor.getTask(ThreadPoolExecutor.java:1074)
        at java.util.concurrent.ThreadPoolExecutor.runWorker(ThreadPoolExecutor.java:1134)
        at java.util.concurrent.ThreadPoolExecutor$Worker.run(ThreadPoolExecutor.java:624)
        at java.lang.Thread.run(Thread.java:750)
"IPC Server handler 16 on default port 33273" daemon prio=5 tid=2621 timed_waiting
java.lang.Thread.State: TIMED_WAITING
        at sun.misc.Unsafe.park(Native Method)
        at java.util.concurrent.locks.LockSupport.parkNanos(LockSupport.java:215)
        at java.util.concurrent.locks.AbstractQueuedSynchronizer$ConditionObject.awaitNanos(AbstractQueuedSynchronizer.java:2083)
        at java.util.concurrent.LinkedBlockingQueue.poll(LinkedBlockingQueue.java:467)
        at org.apache.hadoop.ipc.CallQueueManager.take(CallQueueManager.java:317)
        at org.apache.hadoop.ipc.Server$Handler.run(Server.java:2932)
"qtp1624799476-2773" daemon prio=5 tid=2773 timed_waiting
java.lang.Thread.State: TIMED_WAITING
        at sun.misc.Unsafe.park(Native Method)
        at java.util.concurrent.locks.LockSupport.parkNanos(LockSupport.java:215)
        at java.util.concurrent.locks.AbstractQueuedSynchronizer$ConditionObject.awaitNanos(AbstractQueuedSynchronizer.java:2083)
        at org.eclipse.jetty.util.BlockingArrayQueue.poll(BlockingArrayQueue.java:382)
        at org.eclipse.jetty.util.thread.QueuedThreadPool$Runner.idleJobPoll(QueuedThreadPool.java:974)
        at org.eclipse.jetty.util.thread.QueuedThreadPool$Runner.run(QueuedThreadPool.java:1018)
        at java.lang.Thread.run(Thread.java:750)
"0605c384-8e0d-4fdb-ab87-e69b89fa9455@group-BBDFD469DB51-SegmentedRaftLogWorker"  prio=5 tid=2870 timed_waiting
java.lang.Thread.State: TIMED_WAITING
        at sun.misc.Unsafe.park(Native Method)
        at java.util.concurrent.locks.LockSupport.parkNanos(LockSupport.java:215)
        at java.util.concurrent.locks.AbstractQueuedSynchronizer$ConditionObject.awaitNanos(AbstractQueuedSynchronizer.java:2083)
        at org.apache.ratis.util.DataBlockingQueue.poll(DataBlockingQueue.java:148)
        at org.apache.ratis.server.raftlog.segmented.SegmentedRaftLogWorker.run(SegmentedRaftLogWorker.java:301)
        at org.apache.ratis.server.raftlog.segmented.SegmentedRaftLogWorker$$Lambda$631/1954568581.run(Unknown Source)
        at java.lang.Thread.run(Thread.java:750)
"qtp1588559443-2750" daemon prio=5 tid=2750 timed_waiting
java.lang.Thread.State: TIMED_WAITING
        at sun.misc.Unsafe.park(Native Method)
        at java.util.concurrent.locks.LockSupport.parkNanos(LockSupport.java:215)
        at java.util.concurrent.locks.AbstractQueuedSynchronizer$ConditionObject.awaitNanos(AbstractQueuedSynchronizer.java:2083)
        at org.eclipse.jetty.util.BlockingArrayQueue.poll(BlockingArrayQueue.java:382)
        at org.eclipse.jetty.util.thread.QueuedThreadPool$Runner.idleJobPoll(QueuedThreadPool.java:974)
        at org.eclipse.jetty.util.thread.QueuedThreadPool$Runner.run(QueuedThreadPool.java:1018)
        at java.lang.Thread.run(Thread.java:750)
"org.apache.hadoop.util.JvmPauseMonitor$Monitor@3be9074" daemon prio=5 tid=2646 timed_waiting
java.lang.Thread.State: TIMED_WAITING
        at java.lang.Thread.sleep(Native Method)
        at org.apache.hadoop.util.JvmPauseMonitor$Monitor.run(JvmPauseMonitor.java:192)
        at java.lang.Thread.run(Thread.java:750)
"BlockDeletingService#1" daemon prio=5 tid=2834 timed_waiting
java.lang.Thread.State: TIMED_WAITING
        at sun.misc.Unsafe.park(Native Method)
        at java.util.concurrent.locks.LockSupport.parkNanos(LockSupport.java:215)
        at java.util.concurrent.locks.AbstractQueuedSynchronizer$ConditionObject.awaitNanos(AbstractQueuedSynchronizer.java:2083)
        at java.util.concurrent.ScheduledThreadPoolExecutor$DelayedWorkQueue.take(ScheduledThreadPoolExecutor.java:1093)
        at java.util.concurrent.ScheduledThreadPoolExecutor$DelayedWorkQueue.take(ScheduledThreadPoolExecutor.java:809)
        at java.util.concurrent.ThreadPoolExecutor.getTask(ThreadPoolExecutor.java:1074)
        at java.util.concurrent.ThreadPoolExecutor.runWorker(ThreadPoolExecutor.java:1134)
        at java.util.concurrent.ThreadPoolExecutor$Worker.run(ThreadPoolExecutor.java:624)
        at java.lang.Thread.run(Thread.java:750)
"BlockDeletingService#0" daemon prio=5 tid=2813 in Object.wait()
java.lang.Thread.State: WAITING (on object monitor)
        at sun.misc.Unsafe.park(Native Method)
        at java.util.concurrent.locks.LockSupport.park(LockSupport.java:175)
        at java.util.concurrent.locks.AbstractQueuedSynchronizer$ConditionObject.await(AbstractQueuedSynchronizer.java:2044)
        at java.util.concurrent.ScheduledThreadPoolExecutor$DelayedWorkQueue.take(ScheduledThreadPoolExecutor.java:1088)
        at java.util.concurrent.ScheduledThreadPoolExecutor$DelayedWorkQueue.take(ScheduledThreadPoolExecutor.java:809)
        at java.util.concurrent.ThreadPoolExecutor.getTask(ThreadPoolExecutor.java:1074)
        at java.util.concurrent.ThreadPoolExecutor.runWorker(ThreadPoolExecutor.java:1134)
        at java.util.concurrent.ThreadPoolExecutor$Worker.run(ThreadPoolExecutor.java:624)
        at java.lang.Thread.run(Thread.java:750)
"DeleteBlocksCommandHandlerThread-3"  prio=5 tid=3082 in Object.wait()
java.lang.Thread.State: WAITING (on object monitor)
        at sun.misc.Unsafe.park(Native Method)
        at java.util.concurrent.locks.LockSupport.park(LockSupport.java:175)
        at java.util.concurrent.locks.AbstractQueuedSynchronizer$ConditionObject.await(AbstractQueuedSynchronizer.java:2044)
        at java.util.concurrent.LinkedBlockingQueue.take(LinkedBlockingQueue.java:442)
        at java.util.concurrent.ThreadPoolExecutor.getTask(ThreadPoolExecutor.java:1074)
        at java.util.concurrent.ThreadPoolExecutor.runWorker(ThreadPoolExecutor.java:1134)
        at java.util.concurrent.ThreadPoolExecutor$Worker.run(ThreadPoolExecutor.java:624)
        at java.lang.Thread.run(Thread.java:750)
"DeleteBlocksCommandHandlerThread-4"  prio=5 tid=3083 in Object.wait()
java.lang.Thread.State: WAITING (on object monitor)
        at sun.misc.Unsafe.park(Native Method)
        at java.util.concurrent.locks.LockSupport.park(LockSupport.java:175)
        at java.util.concurrent.locks.AbstractQueuedSynchronizer$ConditionObject.await(AbstractQueuedSynchronizer.java:2044)
        at java.util.concurrent.LinkedBlockingQueue.take(LinkedBlockingQueue.java:442)
        at java.util.concurrent.ThreadPoolExecutor.getTask(ThreadPoolExecutor.java:1074)
        at java.util.concurrent.ThreadPoolExecutor.runWorker(ThreadPoolExecutor.java:1134)
        at java.util.concurrent.ThreadPoolExecutor$Worker.run(ThreadPoolExecutor.java:624)
        at java.lang.Thread.run(Thread.java:750)
"EventQueue-DeleteBlockStatusForDeletedBlockLogImpl" daemon prio=5 tid=3072 in Object.wait()
java.lang.Thread.State: WAITING (on object monitor)
        at sun.misc.Unsafe.park(Native Method)
        at java.util.concurrent.locks.LockSupport.park(LockSupport.java:175)
        at java.util.concurrent.locks.AbstractQueuedSynchronizer$ConditionObject.await(AbstractQueuedSynchronizer.java:2044)
        at java.util.concurrent.LinkedBlockingQueue.take(LinkedBlockingQueue.java:442)
        at java.util.concurrent.ThreadPoolExecutor.getTask(ThreadPoolExecutor.java:1074)
        at java.util.concurrent.ThreadPoolExecutor.runWorker(ThreadPoolExecutor.java:1134)
        at java.util.concurrent.ThreadPoolExecutor$Worker.run(ThreadPoolExecutor.java:624)
        at java.lang.Thread.run(Thread.java:750)
"qtp1624799476-2775" daemon prio=5 tid=2775 timed_waiting
java.lang.Thread.State: TIMED_WAITING
        at sun.misc.Unsafe.park(Native Method)
        at java.util.concurrent.locks.LockSupport.parkNanos(LockSupport.java:215)
        at java.util.concurrent.locks.AbstractQueuedSynchronizer$ConditionObject.awaitNanos(AbstractQueuedSynchronizer.java:2083)
        at org.eclipse.jetty.util.BlockingArrayQueue.poll(BlockingArrayQueue.java:382)
        at org.eclipse.jetty.util.thread.QueuedThreadPool$Runner.idleJobPoll(QueuedThreadPool.java:974)
        at org.eclipse.jetty.util.thread.QueuedThreadPool$Runner.run(QueuedThreadPool.java:1018)
        at java.lang.Thread.run(Thread.java:750)
"DeleteBlocksCommandHandlerThread-0"  prio=5 tid=3079 in Object.wait()
java.lang.Thread.State: WAITING (on object monitor)
        at sun.misc.Unsafe.park(Native Method)
        at java.util.concurrent.locks.LockSupport.park(LockSupport.java:175)
        at java.util.concurrent.locks.AbstractQueuedSynchronizer$ConditionObject.await(AbstractQueuedSynchronizer.java:2044)
        at java.util.concurrent.LinkedBlockingQueue.take(LinkedBlockingQueue.java:442)
        at java.util.concurrent.ThreadPoolExecutor.getTask(ThreadPoolExecutor.java:1074)
        at java.util.concurrent.ThreadPoolExecutor.runWorker(ThreadPoolExecutor.java:1134)
        at java.util.concurrent.ThreadPoolExecutor$Worker.run(ThreadPoolExecutor.java:624)
        at java.lang.Thread.run(Thread.java:750)
"Datanode ReportManager Thread - 3" daemon prio=5 tid=2756 in Object.wait()
java.lang.Thread.State: WAITING (on object monitor)
        at sun.misc.Unsafe.park(Native Method)
        at java.util.concurrent.locks.LockSupport.park(LockSupport.java:175)
        at java.util.concurrent.locks.AbstractQueuedSynchronizer$ConditionObject.await(AbstractQueuedSynchronizer.java:2044)
        at java.util.concurrent.ScheduledThreadPoolExecutor$DelayedWorkQueue.take(ScheduledThreadPoolExecutor.java:1088)
        at java.util.concurrent.ScheduledThreadPoolExecutor$DelayedWorkQueue.take(ScheduledThreadPoolExecutor.java:809)
        at java.util.concurrent.ThreadPoolExecutor.getTask(ThreadPoolExecutor.java:1074)
        at java.util.concurrent.ThreadPoolExecutor.runWorker(ThreadPoolExecutor.java:1134)
        at java.util.concurrent.ThreadPoolExecutor$Worker.run(ThreadPoolExecutor.java:624)
        at java.lang.Thread.run(Thread.java:750)
"qtp1632629072-2680-acceptor-0@7c5c79ae-ServerConnector@bb08766{HTTP/1.1, (http/1.1)}{0.0.0.0:33589}" daemon prio=3 tid=2680 runnable
java.lang.Thread.State: RUNNABLE
        at sun.nio.ch.ServerSocketChannelImpl.accept0(Native Method)
        at sun.nio.ch.ServerSocketChannelImpl.accept(ServerSocketChannelImpl.java:421)
        at sun.nio.ch.ServerSocketChannelImpl.accept(ServerSocketChannelImpl.java:249)
        at org.eclipse.jetty.server.ServerConnector.accept(ServerConnector.java:388)
        at org.eclipse.jetty.server.AbstractConnector$Acceptor.run(AbstractConnector.java:702)
        at org.eclipse.jetty.util.thread.QueuedThreadPool.runJob(QueuedThreadPool.java:883)
        at org.eclipse.jetty.util.thread.QueuedThreadPool$Runner.run(QueuedThreadPool.java:1034)
        at java.lang.Thread.run(Thread.java:750)
"IPC Server listener on 0" daemon prio=5 tid=2570 runnable
java.lang.Thread.State: RUNNABLE
        at sun.nio.ch.EPollArrayWrapper.epollWait(Native Method)
        at sun.nio.ch.EPollArrayWrapper.poll(EPollArrayWrapper.java:269)
        at sun.nio.ch.EPollSelectorImpl.doSelect(EPollSelectorImpl.java:93)
        at sun.nio.ch.SelectorImpl.lockAndDoSelect(SelectorImpl.java:86)
        at sun.nio.ch.SelectorImpl.select(SelectorImpl.java:97)
        at sun.nio.ch.SelectorImpl.select(SelectorImpl.java:101)
        at org.apache.hadoop.ipc.Server$Listener.run(Server.java:1350)
"DeleteBlocksCommandHandlerThread-4"  prio=5 tid=3063 in Object.wait()
java.lang.Thread.State: WAITING (on object monitor)
        at sun.misc.Unsafe.park(Native Method)
        at java.util.concurrent.locks.LockSupport.park(LockSupport.java:175)
        at java.util.concurrent.locks.AbstractQueuedSynchronizer$ConditionObject.await(AbstractQueuedSynchronizer.java:2044)
        at java.util.concurrent.LinkedBlockingQueue.take(LinkedBlockingQueue.java:442)
        at java.util.concurrent.ThreadPoolExecutor.getTask(ThreadPoolExecutor.java:1074)
        at java.util.concurrent.ThreadPoolExecutor.runWorker(ThreadPoolExecutor.java:1134)
        at java.util.concurrent.ThreadPoolExecutor$Worker.run(ThreadPoolExecutor.java:624)
        at java.lang.Thread.run(Thread.java:750)
"IPC Server handler 12 on default port 37873" daemon prio=5 tid=2700 timed_waiting
java.lang.Thread.State: TIMED_WAITING
        at sun.misc.Unsafe.park(Native Method)
        at java.util.concurrent.locks.LockSupport.parkNanos(LockSupport.java:215)
        at java.util.concurrent.locks.AbstractQueuedSynchronizer$ConditionObject.awaitNanos(AbstractQueuedSynchronizer.java:2083)
        at java.util.concurrent.LinkedBlockingQueue.poll(LinkedBlockingQueue.java:467)
        at org.apache.hadoop.ipc.CallQueueManager.take(CallQueueManager.java:317)
        at org.apache.hadoop.ipc.Server$Handler.run(Server.java:2932)
"qtp1624799476-2770-acceptor-0@436b8940-ServerConnector@1eb3b8c0{HTTP/1.1, (http/1.1)}{0.0.0.0:33999}" daemon prio=3 tid=2770 runnable
java.lang.Thread.State: RUNNABLE
        at sun.nio.ch.ServerSocketChannelImpl.accept0(Native Method)
        at sun.nio.ch.ServerSocketChannelImpl.accept(ServerSocketChannelImpl.java:421)
        at sun.nio.ch.ServerSocketChannelImpl.accept(ServerSocketChannelImpl.java:249)
        at org.eclipse.jetty.server.ServerConnector.accept(ServerConnector.java:388)
        at org.eclipse.jetty.server.AbstractConnector$Acceptor.run(AbstractConnector.java:702)
        at org.eclipse.jetty.util.thread.QueuedThreadPool.runJob(QueuedThreadPool.java:883)
        at org.eclipse.jetty.util.thread.QueuedThreadPool$Runner.run(QueuedThreadPool.java:1034)
        at java.lang.Thread.run(Thread.java:750)
"Datanode ReportManager Thread - 0" daemon prio=5 tid=2753 in Object.wait()
java.lang.Thread.State: WAITING (on object monitor)
        at sun.misc.Unsafe.park(Native Method)
        at java.util.concurrent.locks.LockSupport.park(LockSupport.java:175)
        at java.util.concurrent.locks.AbstractQueuedSynchronizer$ConditionObject.await(AbstractQueuedSynchronizer.java:2044)
        at java.util.concurrent.ScheduledThreadPoolExecutor$DelayedWorkQueue.take(ScheduledThreadPoolExecutor.java:1088)
        at java.util.concurrent.ScheduledThreadPoolExecutor$DelayedWorkQueue.take(ScheduledThreadPoolExecutor.java:809)
        at java.util.concurrent.ThreadPoolExecutor.getTask(ThreadPoolExecutor.java:1074)
        at java.util.concurrent.ThreadPoolExecutor.runWorker(ThreadPoolExecutor.java:1134)
        at java.util.concurrent.ThreadPoolExecutor$Worker.run(ThreadPoolExecutor.java:624)
        at java.lang.Thread.run(Thread.java:750)
"IPC Server handler 14 on default port 41673" daemon prio=5 tid=2639 timed_waiting
java.lang.Thread.State: TIMED_WAITING
        at sun.misc.Unsafe.park(Native Method)
        at java.util.concurrent.locks.LockSupport.parkNanos(LockSupport.java:215)
        at java.util.concurrent.locks.AbstractQueuedSynchronizer$ConditionObject.awaitNanos(AbstractQueuedSynchronizer.java:2083)
        at java.util.concurrent.LinkedBlockingQueue.poll(LinkedBlockingQueue.java:467)
        at org.apache.hadoop.ipc.CallQueueManager.take(CallQueueManager.java:317)
        at org.apache.hadoop.ipc.Server$Handler.run(Server.java:2932)
"PartialTableCache Cleanup Thread - 0" daemon prio=5 tid=391 in Object.wait()
java.lang.Thread.State: WAITING (on object monitor)
        at sun.misc.Unsafe.park(Native Method)
        at java.util.concurrent.locks.LockSupport.park(LockSupport.java:175)
        at java.util.concurrent.locks.AbstractQueuedSynchronizer$ConditionObject.await(AbstractQueuedSynchronizer.java:2044)
        at java.util.concurrent.LinkedBlockingQueue.take(LinkedBlockingQueue.java:442)
        at java.util.concurrent.ThreadPoolExecutor.getTask(ThreadPoolExecutor.java:1074)
        at java.util.concurrent.ThreadPoolExecutor.runWorker(ThreadPoolExecutor.java:1134)
        at java.util.concurrent.ThreadPoolExecutor$Worker.run(ThreadPoolExecutor.java:624)
        at java.lang.Thread.run(Thread.java:750)
"IPC Server handler 7 on default port 37873" daemon prio=5 tid=2695 timed_waiting
java.lang.Thread.State: TIMED_WAITING
        at sun.misc.Unsafe.park(Native Method)
        at java.util.concurrent.locks.LockSupport.parkNanos(LockSupport.java:215)
        at java.util.concurrent.locks.AbstractQueuedSynchronizer$ConditionObject.awaitNanos(AbstractQueuedSynchronizer.java:2083)
        at java.util.concurrent.LinkedBlockingQueue.poll(LinkedBlockingQueue.java:467)
        at org.apache.hadoop.ipc.CallQueueManager.take(CallQueueManager.java:317)
        at org.apache.hadoop.ipc.Server$Handler.run(Server.java:2932)
"pool-380-thread-1" daemon prio=5 tid=2764 timed_waiting
java.lang.Thread.State: TIMED_WAITING
        at sun.misc.Unsafe.park(Native Method)
        at java.util.concurrent.locks.LockSupport.parkNanos(LockSupport.java:215)
        at java.util.concurrent.locks.AbstractQueuedSynchronizer$ConditionObject.awaitNanos(AbstractQueuedSynchronizer.java:2083)
        at java.util.concurrent.ScheduledThreadPoolExecutor$DelayedWorkQueue.take(ScheduledThreadPoolExecutor.java:1093)
        at java.util.concurrent.ScheduledThreadPoolExecutor$DelayedWorkQueue.take(ScheduledThreadPoolExecutor.java:809)
        at java.util.concurrent.ThreadPoolExecutor.getTask(ThreadPoolExecutor.java:1074)
        at java.util.concurrent.ThreadPoolExecutor.runWorker(ThreadPoolExecutor.java:1134)
        at java.util.concurrent.ThreadPoolExecutor$Worker.run(ThreadPoolExecutor.java:624)
        at java.lang.Thread.run(Thread.java:750)
"IPC Server handler 0 on default port 40561" daemon prio=5 tid=2585 timed_waiting
java.lang.Thread.State: TIMED_WAITING
        at sun.misc.Unsafe.park(Native Method)
        at java.util.concurrent.locks.LockSupport.parkNanos(LockSupport.java:215)
        at java.util.concurrent.locks.AbstractQueuedSynchronizer$ConditionObject.awaitNanos(AbstractQueuedSynchronizer.java:2083)
        at java.util.concurrent.LinkedBlockingQueue.poll(LinkedBlockingQueue.java:467)
        at org.apache.hadoop.ipc.CallQueueManager.take(CallQueueManager.java:317)
        at org.apache.hadoop.ipc.Server$Handler.run(Server.java:2932)
"org.apache.ratis.util.JvmPauseMonitor$$Lambda$703/795293305@6e49f1a2" daemon prio=5 tid=2830 timed_waiting
java.lang.Thread.State: TIMED_WAITING
        at java.lang.Thread.sleep(Native Method)
        at java.lang.Thread.sleep(Thread.java:342)
        at java.util.concurrent.TimeUnit.sleep(TimeUnit.java:386)
        at org.apache.ratis.util.TimeDuration.sleep(TimeDuration.java:325)
        at org.apache.ratis.util.TimeDuration.sleep(TimeDuration.java:310)
        at org.apache.ratis.util.JvmPauseMonitor.detectPause(JvmPauseMonitor.java:117)
        at org.apache.ratis.util.JvmPauseMonitor.run(JvmPauseMonitor.java:106)
        at org.apache.ratis.util.JvmPauseMonitor$$Lambda$703/795293305.run(Unknown Source)
        at java.lang.Thread.run(Thread.java:750)
"SCM Heartbeat Processing Thread - 0" daemon prio=5 tid=2562 timed_waiting
java.lang.Thread.State: TIMED_WAITING
        at sun.misc.Unsafe.park(Native Method)
        at java.util.concurrent.locks.LockSupport.parkNanos(LockSupport.java:215)
        at java.util.concurrent.locks.AbstractQueuedSynchronizer$ConditionObject.awaitNanos(AbstractQueuedSynchronizer.java:2083)
        at java.util.concurrent.ScheduledThreadPoolExecutor$DelayedWorkQueue.take(ScheduledThreadPoolExecutor.java:1093)
        at java.util.concurrent.ScheduledThreadPoolExecutor$DelayedWorkQueue.take(ScheduledThreadPoolExecutor.java:809)
        at java.util.concurrent.ThreadPoolExecutor.getTask(ThreadPoolExecutor.java:1074)
        at java.util.concurrent.ThreadPoolExecutor.runWorker(ThreadPoolExecutor.java:1134)
        at java.util.concurrent.ThreadPoolExecutor$Worker.run(ThreadPoolExecutor.java:624)
        at java.lang.Thread.run(Thread.java:750)
"DeleteBlocksCommandHandlerThread-1"  prio=5 tid=3060 in Object.wait()
java.lang.Thread.State: WAITING (on object monitor)
        at sun.misc.Unsafe.park(Native Method)
        at java.util.concurrent.locks.LockSupport.park(LockSupport.java:175)
        at java.util.concurrent.locks.AbstractQueuedSynchronizer$ConditionObject.await(AbstractQueuedSynchronizer.java:2044)
        at java.util.concurrent.LinkedBlockingQueue.take(LinkedBlockingQueue.java:442)
        at java.util.concurrent.ThreadPoolExecutor.getTask(ThreadPoolExecutor.java:1074)
        at java.util.concurrent.ThreadPoolExecutor.runWorker(ThreadPoolExecutor.java:1134)
        at java.util.concurrent.ThreadPoolExecutor$Worker.run(ThreadPoolExecutor.java:624)
        at java.lang.Thread.run(Thread.java:750)
"BlockDeletingService#4" daemon prio=5 tid=2842 in Object.wait()
java.lang.Thread.State: WAITING (on object monitor)
        at sun.misc.Unsafe.park(Native Method)
        at java.util.concurrent.locks.LockSupport.park(LockSupport.java:175)
        at java.util.concurrent.locks.AbstractQueuedSynchronizer$ConditionObject.await(AbstractQueuedSynchronizer.java:2044)
        at java.util.concurrent.ScheduledThreadPoolExecutor$DelayedWorkQueue.take(ScheduledThreadPoolExecutor.java:1088)
        at java.util.concurrent.ScheduledThreadPoolExecutor$DelayedWorkQueue.take(ScheduledThreadPoolExecutor.java:809)
        at java.util.concurrent.ThreadPoolExecutor.getTask(ThreadPoolExecutor.java:1074)
        at java.util.concurrent.ThreadPoolExecutor.runWorker(ThreadPoolExecutor.java:1134)
        at java.util.concurrent.ThreadPoolExecutor$Worker.run(ThreadPoolExecutor.java:624)
        at java.lang.Thread.run(Thread.java:750)
"Datanode ReportManager Thread - 3" daemon prio=5 tid=2784 in Object.wait()
java.lang.Thread.State: WAITING (on object monitor)
        at sun.misc.Unsafe.park(Native Method)
        at java.util.concurrent.locks.LockSupport.park(LockSupport.java:175)
        at java.util.concurrent.locks.AbstractQueuedSynchronizer$ConditionObject.await(AbstractQueuedSynchronizer.java:2044)
        at java.util.concurrent.ScheduledThreadPoolExecutor$DelayedWorkQueue.take(ScheduledThreadPoolExecutor.java:1088)
        at java.util.concurrent.ScheduledThreadPoolExecutor$DelayedWorkQueue.take(ScheduledThreadPoolExecutor.java:809)
        at java.util.concurrent.ThreadPoolExecutor.getTask(ThreadPoolExecutor.java:1074)
        at java.util.concurrent.ThreadPoolExecutor.runWorker(ThreadPoolExecutor.java:1134)
        at java.util.concurrent.ThreadPoolExecutor$Worker.run(ThreadPoolExecutor.java:624)
        at java.lang.Thread.run(Thread.java:750)
"ContainerOp-98c00462-3050-4d4b-b576-bbdfd469db51-0"  prio=5 tid=2942 in Object.wait()
java.lang.Thread.State: WAITING (on object monitor)
        at sun.misc.Unsafe.park(Native Method)
        at java.util.concurrent.locks.LockSupport.park(LockSupport.java:175)
        at java.util.concurrent.locks.AbstractQueuedSynchronizer$ConditionObject.await(AbstractQueuedSynchronizer.java:2044)
        at java.util.concurrent.LinkedBlockingQueue.take(LinkedBlockingQueue.java:442)
        at java.util.concurrent.ThreadPoolExecutor.getTask(ThreadPoolExecutor.java:1074)
        at java.util.concurrent.ThreadPoolExecutor.runWorker(ThreadPoolExecutor.java:1134)
        at java.util.concurrent.ThreadPoolExecutor$Worker.run(ThreadPoolExecutor.java:624)
        at java.lang.Thread.run(Thread.java:750)
"ChunkWriter-0-0" daemon prio=5 tid=2807 in Object.wait()
java.lang.Thread.State: WAITING (on object monitor)
        at sun.misc.Unsafe.park(Native Method)
        at java.util.concurrent.locks.LockSupport.park(LockSupport.java:175)
        at java.util.concurrent.locks.AbstractQueuedSynchronizer$ConditionObject.await(AbstractQueuedSynchronizer.java:2044)
        at java.util.concurrent.LinkedBlockingDeque.takeFirst(LinkedBlockingDeque.java:492)
        at java.util.concurrent.LinkedBlockingDeque.take(LinkedBlockingDeque.java:680)
        at java.util.concurrent.ThreadPoolExecutor.getTask(ThreadPoolExecutor.java:1074)
        at java.util.concurrent.ThreadPoolExecutor.runWorker(ThreadPoolExecutor.java:1134)
        at java.util.concurrent.ThreadPoolExecutor$Worker.run(ThreadPoolExecutor.java:624)
        at java.lang.Thread.run(Thread.java:750)
"ContainerOp-98c00462-3050-4d4b-b576-bbdfd469db51-4"  prio=5 tid=2965 in Object.wait()
java.lang.Thread.State: WAITING (on object monitor)
        at sun.misc.Unsafe.park(Native Method)
        at java.util.concurrent.locks.LockSupport.park(LockSupport.java:175)
        at java.util.concurrent.locks.AbstractQueuedSynchronizer$ConditionObject.await(AbstractQueuedSynchronizer.java:2044)
        at java.util.concurrent.LinkedBlockingQueue.take(LinkedBlockingQueue.java:442)
        at java.util.concurrent.ThreadPoolExecutor.getTask(ThreadPoolExecutor.java:1074)
        at java.util.concurrent.ThreadPoolExecutor.runWorker(ThreadPoolExecutor.java:1134)
        at java.util.concurrent.ThreadPoolExecutor$Worker.run(ThreadPoolExecutor.java:624)
        at java.lang.Thread.run(Thread.java:750)
"SCMBlockDeletingService#0" daemon prio=5 tid=2645 timed_waiting
java.lang.Thread.State: TIMED_WAITING
        at sun.misc.Unsafe.park(Native Method)
        at java.util.concurrent.locks.LockSupport.parkNanos(LockSupport.java:215)
        at java.util.concurrent.locks.AbstractQueuedSynchronizer$ConditionObject.awaitNanos(AbstractQueuedSynchronizer.java:2083)
        at java.util.concurrent.ScheduledThreadPoolExecutor$DelayedWorkQueue.take(ScheduledThreadPoolExecutor.java:1093)
        at java.util.concurrent.ScheduledThreadPoolExecutor$DelayedWorkQueue.take(ScheduledThreadPoolExecutor.java:809)
        at java.util.concurrent.ThreadPoolExecutor.getTask(ThreadPoolExecutor.java:1074)
        at java.util.concurrent.ThreadPoolExecutor.runWorker(ThreadPoolExecutor.java:1134)
        at java.util.concurrent.ThreadPoolExecutor$Worker.run(ThreadPoolExecutor.java:624)
        at java.lang.Thread.run(Thread.java:750)
"0605c384-8e0d-4fdb-ab87-e69b89fa9455@group-BBDFD469DB51->47102196-0f4d-4140-8200-18f0777f7bc2-GrpcLogAppender-LogAppenderDaemon" daemon prio=5 tid=2909 timed_waiting
java.lang.Thread.State: TIMED_WAITING
        at sun.misc.Unsafe.park(Native Method)
        at java.util.concurrent.locks.LockSupport.parkNanos(LockSupport.java:215)
        at java.util.concurrent.CompletableFuture$Signaller.block(CompletableFuture.java:1709)
        at java.util.concurrent.ForkJoinPool.managedBlock(ForkJoinPool.java:3323)
        at java.util.concurrent.CompletableFuture.timedGet(CompletableFuture.java:1788)
        at java.util.concurrent.CompletableFuture.get(CompletableFuture.java:1928)
        at org.apache.ratis.util.AwaitForSignal.await(AwaitForSignal.java:56)
        at org.apache.ratis.grpc.server.GrpcLogAppender.mayWait(GrpcLogAppender.java:169)
        at org.apache.ratis.grpc.server.GrpcLogAppender.run(GrpcLogAppender.java:128)
        at org.apache.ratis.server.leader.LogAppenderDaemon.run(LogAppenderDaemon.java:77)
        at org.apache.ratis.server.leader.LogAppenderDaemon$$Lambda$1022/1036710210.run(Unknown Source)
        at java.lang.Thread.run(Thread.java:750)
"IPC Server handler 0 on default port 37873" daemon prio=5 tid=2688 timed_waiting
java.lang.Thread.State: TIMED_WAITING
        at sun.misc.Unsafe.park(Native Method)
        at java.util.concurrent.locks.LockSupport.parkNanos(LockSupport.java:215)
        at java.util.concurrent.locks.AbstractQueuedSynchronizer$ConditionObject.awaitNanos(AbstractQueuedSynchronizer.java:2083)
        at java.util.concurrent.LinkedBlockingQueue.poll(LinkedBlockingQueue.java:467)
        at org.apache.hadoop.ipc.CallQueueManager.take(CallQueueManager.java:317)
        at org.apache.hadoop.ipc.Server$Handler.run(Server.java:2932)
"Datanode State Machine Task Thread - 1"  prio=5 tid=2823 in Object.wait()
java.lang.Thread.State: WAITING (on object monitor)
        at sun.misc.Unsafe.park(Native Method)
        at java.util.concurrent.locks.LockSupport.park(LockSupport.java:175)
        at java.util.concurrent.locks.AbstractQueuedSynchronizer$ConditionObject.await(AbstractQueuedSynchronizer.java:2044)
        at java.util.concurrent.LinkedBlockingQueue.take(LinkedBlockingQueue.java:442)
        at java.util.concurrent.ThreadPoolExecutor.getTask(ThreadPoolExecutor.java:1074)
        at java.util.concurrent.ThreadPoolExecutor.runWorker(ThreadPoolExecutor.java:1134)
        at java.util.concurrent.ThreadPoolExecutor$Worker.run(ThreadPoolExecutor.java:624)
        at java.lang.Thread.run(Thread.java:750)
"Session-HouseKeeper-595f32d0-1"  prio=5 tid=2687 timed_waiting
java.lang.Thread.State: TIMED_WAITING
        at sun.misc.Unsafe.park(Native Method)
        at java.util.concurrent.locks.LockSupport.parkNanos(LockSupport.java:215)
        at java.util.concurrent.locks.AbstractQueuedSynchronizer$ConditionObject.awaitNanos(AbstractQueuedSynchronizer.java:2083)
        at java.util.concurrent.ScheduledThreadPoolExecutor$DelayedWorkQueue.take(ScheduledThreadPoolExecutor.java:1093)
        at java.util.concurrent.ScheduledThreadPoolExecutor$DelayedWorkQueue.take(ScheduledThreadPoolExecutor.java:809)
        at java.util.concurrent.ThreadPoolExecutor.getTask(ThreadPoolExecutor.java:1074)
        at java.util.concurrent.ThreadPoolExecutor.runWorker(ThreadPoolExecutor.java:1134)
        at java.util.concurrent.ThreadPoolExecutor$Worker.run(ThreadPoolExecutor.java:624)
        at java.lang.Thread.run(Thread.java:750)
"surefire-forkedjvm-command-thread" daemon prio=5 tid=10 runnable
java.lang.Thread.State: RUNNABLE
        at java.io.FileInputStream.readBytes(Native Method)
        at java.io.FileInputStream.read(FileInputStream.java:255)
        at java.io.BufferedInputStream.read1(BufferedInputStream.java:284)
        at java.io.BufferedInputStream.read(BufferedInputStream.java:345)
        at java.io.BufferedInputStream.fill(BufferedInputStream.java:246)
        at java.io.BufferedInputStream.read1(BufferedInputStream.java:286)
        at java.io.BufferedInputStream.read(BufferedInputStream.java:345)
        at org.apache.maven.surefire.api.util.internal.Channels$3.readImpl(Channels.java:214)
        at org.apache.maven.surefire.api.util.internal.AbstractNoninterruptibleReadableChannel.read(AbstractNoninterruptibleReadableChannel.java:54)
        at org.apache.maven.surefire.booter.spi.LegacyMasterProcessChannelDecoder.decode(LegacyMasterProcessChannelDecoder.java:80)
        at org.apache.maven.surefire.booter.CommandReader$CommandRunnable.run(CommandReader.java:343)
        at java.lang.Thread.run(Thread.java:750)
"qtp1588559443-2743" daemon prio=5 tid=2743 runnable
java.lang.Thread.State: RUNNABLE
        at sun.nio.ch.EPollArrayWrapper.epollWait(Native Method)
        at sun.nio.ch.EPollArrayWrapper.poll(EPollArrayWrapper.java:269)
        at sun.nio.ch.EPollSelectorImpl.doSelect(EPollSelectorImpl.java:93)
        at sun.nio.ch.SelectorImpl.lockAndDoSelect(SelectorImpl.java:86)
        at sun.nio.ch.SelectorImpl.select(SelectorImpl.java:97)
        at sun.nio.ch.SelectorImpl.select(SelectorImpl.java:101)
        at org.eclipse.jetty.io.ManagedSelector.nioSelect(ManagedSelector.java:183)
        at org.eclipse.jetty.io.ManagedSelector.select(ManagedSelector.java:190)
        at org.eclipse.jetty.io.ManagedSelector$SelectorProducer.select(ManagedSelector.java:606)
        at org.eclipse.jetty.io.ManagedSelector$SelectorProducer.produce(ManagedSelector.java:543)
        at org.eclipse.jetty.util.thread.strategy.EatWhatYouKill.produceTask(EatWhatYouKill.java:362)
        at org.eclipse.jetty.util.thread.strategy.EatWhatYouKill.doProduce(EatWhatYouKill.java:186)
        at org.eclipse.jetty.util.thread.strategy.EatWhatYouKill.tryProduce(EatWhatYouKill.java:173)
        at org.eclipse.jetty.util.thread.strategy.EatWhatYouKill.produce(EatWhatYouKill.java:137)
        at org.eclipse.jetty.io.ManagedSelector$$Lambda$464/1278700356.run(Unknown Source)
        at org.eclipse.jetty.util.thread.QueuedThreadPool.runJob(QueuedThreadPool.java:883)
        at org.eclipse.jetty.util.thread.QueuedThreadPool$Runner.run(QueuedThreadPool.java:1034)
        at java.lang.Thread.run(Thread.java:750)
"IPC Server idle connection scanner for port 41673" daemon prio=5 tid=2572 timed_waiting
java.lang.Thread.State: TIMED_WAITING
        at java.lang.Object.wait(Native Method)
        at java.util.TimerThread.mainLoop(Timer.java:552)
        at java.util.TimerThread.run(Timer.java:505)
"qtp1632629072-2684" daemon prio=5 tid=2684 timed_waiting
java.lang.Thread.State: TIMED_WAITING
        at sun.misc.Unsafe.park(Native Method)
        at java.util.concurrent.locks.LockSupport.parkNanos(LockSupport.java:215)
        at java.util.concurrent.locks.AbstractQueuedSynchronizer$ConditionObject.awaitNanos(AbstractQueuedSynchronizer.java:2083)
        at org.eclipse.jetty.util.BlockingArrayQueue.poll(BlockingArrayQueue.java:382)
        at org.eclipse.jetty.util.thread.QueuedThreadPool$Runner.idleJobPoll(QueuedThreadPool.java:974)
        at org.eclipse.jetty.util.thread.QueuedThreadPool$Runner.run(QueuedThreadPool.java:1018)
        at java.lang.Thread.run(Thread.java:750)
"Session-HouseKeeper-32980ac8-1"  prio=5 tid=2751 timed_waiting
java.lang.Thread.State: TIMED_WAITING
        at sun.misc.Unsafe.park(Native Method)
        at java.util.concurrent.locks.LockSupport.parkNanos(LockSupport.java:215)
        at java.util.concurrent.locks.AbstractQueuedSynchronizer$ConditionObject.awaitNanos(AbstractQueuedSynchronizer.java:2083)
        at java.util.concurrent.ScheduledThreadPoolExecutor$DelayedWorkQueue.take(ScheduledThreadPoolExecutor.java:1093)
        at java.util.concurrent.ScheduledThreadPoolExecutor$DelayedWorkQueue.take(ScheduledThreadPoolExecutor.java:809)
        at java.util.concurrent.ThreadPoolExecutor.getTask(ThreadPoolExecutor.java:1074)
        at java.util.concurrent.ThreadPoolExecutor.runWorker(ThreadPoolExecutor.java:1134)
        at java.util.concurrent.ThreadPoolExecutor$Worker.run(ThreadPoolExecutor.java:624)
        at java.lang.Thread.run(Thread.java:750)
"Signal Dispatcher" daemon prio=9 tid=4 runnable
java.lang.Thread.State: RUNNABLE
"ChunkWriter-3-0" daemon prio=5 tid=2810 in Object.wait()
java.lang.Thread.State: WAITING (on object monitor)
        at sun.misc.Unsafe.park(Native Method)
        at java.util.concurrent.locks.LockSupport.park(LockSupport.java:175)
        at java.util.concurrent.locks.AbstractQueuedSynchronizer$ConditionObject.await(AbstractQueuedSynchronizer.java:2044)
        at java.util.concurrent.LinkedBlockingDeque.takeFirst(LinkedBlockingDeque.java:492)
        at java.util.concurrent.LinkedBlockingDeque.take(LinkedBlockingDeque.java:680)
        at java.util.concurrent.ThreadPoolExecutor.getTask(ThreadPoolExecutor.java:1074)
        at java.util.concurrent.ThreadPoolExecutor.runWorker(ThreadPoolExecutor.java:1134)
        at java.util.concurrent.ThreadPoolExecutor$Worker.run(ThreadPoolExecutor.java:624)
        at java.lang.Thread.run(Thread.java:750)
"grpc-default-executor-1" daemon prio=5 tid=339 timed_waiting
java.lang.Thread.State: TIMED_WAITING
        at sun.misc.Unsafe.park(Native Method)
        at java.util.concurrent.locks.LockSupport.parkNanos(LockSupport.java:215)
        at java.util.concurrent.SynchronousQueue$TransferStack.awaitFulfill(SynchronousQueue.java:460)
        at java.util.concurrent.SynchronousQueue$TransferStack.transfer(SynchronousQueue.java:362)
        at java.util.concurrent.SynchronousQueue.poll(SynchronousQueue.java:941)
        at java.util.concurrent.ThreadPoolExecutor.getTask(ThreadPoolExecutor.java:1073)
        at java.util.concurrent.ThreadPoolExecutor.runWorker(ThreadPoolExecutor.java:1134)
        at java.util.concurrent.ThreadPoolExecutor$Worker.run(ThreadPoolExecutor.java:624)
        at java.lang.Thread.run(Thread.java:750)
"IPC Server handler 2 on default port 41673" daemon prio=5 tid=2627 timed_waiting
java.lang.Thread.State: TIMED_WAITING
        at sun.misc.Unsafe.park(Native Method)
        at java.util.concurrent.locks.LockSupport.parkNanos(LockSupport.java:215)
        at java.util.concurrent.locks.AbstractQueuedSynchronizer$ConditionObject.awaitNanos(AbstractQueuedSynchronizer.java:2083)
        at java.util.concurrent.LinkedBlockingQueue.poll(LinkedBlockingQueue.java:467)
        at org.apache.hadoop.ipc.CallQueueManager.take(CallQueueManager.java:317)
        at org.apache.hadoop.ipc.Server$Handler.run(Server.java:2932)
"IPC Server handler 14 on default port 37873" daemon prio=5 tid=2702 timed_waiting
java.lang.Thread.State: TIMED_WAITING
        at sun.misc.Unsafe.park(Native Method)
        at java.util.concurrent.locks.LockSupport.parkNanos(LockSupport.java:215)
        at java.util.concurrent.locks.AbstractQueuedSynchronizer$ConditionObject.awaitNanos(AbstractQueuedSynchronizer.java:2083)
        at java.util.concurrent.LinkedBlockingQueue.poll(LinkedBlockingQueue.java:467)
        at org.apache.hadoop.ipc.CallQueueManager.take(CallQueueManager.java:317)
        at org.apache.hadoop.ipc.Server$Handler.run(Server.java:2932)
"Command processor thread" daemon prio=5 tid=2758 timed_waiting
java.lang.Thread.State: TIMED_WAITING
        at java.lang.Thread.sleep(Native Method)
        at org.apache.hadoop.ozone.container.common.statemachine.DatanodeStateMachine.lambda$initCommandHandlerThread$3(DatanodeStateMachine.java:628)
        at org.apache.hadoop.ozone.container.common.statemachine.DatanodeStateMachine$$Lambda$748/2088321874.run(Unknown Source)
        at java.lang.Thread.run(Thread.java:750)
"Socket Reader #1 for port 0"  prio=5 tid=2668 runnable
java.lang.Thread.State: RUNNABLE
        at sun.nio.ch.EPollArrayWrapper.epollWait(Native Method)
        at sun.nio.ch.EPollArrayWrapper.poll(EPollArrayWrapper.java:269)
        at sun.nio.ch.EPollSelectorImpl.doSelect(EPollSelectorImpl.java:93)
        at sun.nio.ch.SelectorImpl.lockAndDoSelect(SelectorImpl.java:86)
        at sun.nio.ch.SelectorImpl.select(SelectorImpl.java:97)
        at sun.nio.ch.SelectorImpl.select(SelectorImpl.java:101)
        at org.apache.hadoop.ipc.Server$Listener$Reader.doRunLoop(Server.java:1288)
        at org.apache.hadoop.ipc.Server$Listener$Reader.run(Server.java:1267)
"EventQueue-CommandQueueReportForCommandQueueReportHandler" daemon prio=5 tid=2858 in Object.wait()
java.lang.Thread.State: WAITING (on object monitor)
        at sun.misc.Unsafe.park(Native Method)
        at java.util.concurrent.locks.LockSupport.park(LockSupport.java:175)
        at java.util.concurrent.locks.AbstractQueuedSynchronizer$ConditionObject.await(AbstractQueuedSynchronizer.java:2044)
        at java.util.concurrent.LinkedBlockingQueue.take(LinkedBlockingQueue.java:442)
        at java.util.concurrent.ThreadPoolExecutor.getTask(ThreadPoolExecutor.java:1074)
        at java.util.concurrent.ThreadPoolExecutor.runWorker(ThreadPoolExecutor.java:1134)
        at java.util.concurrent.ThreadPoolExecutor$Worker.run(ThreadPoolExecutor.java:624)
        at java.lang.Thread.run(Thread.java:750)
"IPC Server handler 2 on default port 40561" daemon prio=5 tid=2587 timed_waiting
java.lang.Thread.State: TIMED_WAITING
        at sun.misc.Unsafe.park(Native Method)
        at java.util.concurrent.locks.LockSupport.parkNanos(LockSupport.java:215)
        at java.util.concurrent.locks.AbstractQueuedSynchronizer$ConditionObject.awaitNanos(AbstractQueuedSynchronizer.java:2083)
        at java.util.concurrent.LinkedBlockingQueue.poll(LinkedBlockingQueue.java:467)
        at org.apache.hadoop.ipc.CallQueueManager.take(CallQueueManager.java:317)
        at org.apache.hadoop.ipc.Server$Handler.run(Server.java:2932)
"om1@group-C5BA1605619E-LeaderStateImpl" daemon prio=5 tid=2779 timed_waiting
java.lang.Thread.State: TIMED_WAITING
        at sun.misc.Unsafe.park(Native Method)
        at java.util.concurrent.locks.LockSupport.parkNanos(LockSupport.java:215)
        at java.util.concurrent.locks.AbstractQueuedSynchronizer$ConditionObject.awaitNanos(AbstractQueuedSynchronizer.java:2083)
        at java.util.concurrent.ArrayBlockingQueue.poll(ArrayBlockingQueue.java:418)
        at org.apache.ratis.server.impl.LeaderStateImpl$EventQueue.poll(LeaderStateImpl.java:159)
        at org.apache.ratis.server.impl.LeaderStateImpl$EventProcessor.run(LeaderStateImpl.java:630)
"EventQueue-CmdStatusReportForCommandStatusReportHandler" daemon prio=5 tid=3071 in Object.wait()
java.lang.Thread.State: WAITING (on object monitor)
        at sun.misc.Unsafe.park(Native Method)
        at java.util.concurrent.locks.LockSupport.park(LockSupport.java:175)
        at java.util.concurrent.locks.AbstractQueuedSynchronizer$ConditionObject.await(AbstractQueuedSynchronizer.java:2044)
        at java.util.concurrent.LinkedBlockingQueue.take(LinkedBlockingQueue.java:442)
        at java.util.concurrent.ThreadPoolExecutor.getTask(ThreadPoolExecutor.java:1074)
        at java.util.concurrent.ThreadPoolExecutor.runWorker(ThreadPoolExecutor.java:1134)
        at java.util.concurrent.ThreadPoolExecutor$Worker.run(ThreadPoolExecutor.java:624)
        at java.lang.Thread.run(Thread.java:750)
"IPC Server handler 18 on default port 33273" daemon prio=5 tid=2623 timed_waiting
java.lang.Thread.State: TIMED_WAITING
        at sun.misc.Unsafe.park(Native Method)
        at java.util.concurrent.locks.LockSupport.parkNanos(LockSupport.java:215)
        at java.util.concurrent.locks.AbstractQueuedSynchronizer$ConditionObject.awaitNanos(AbstractQueuedSynchronizer.java:2083)
        at java.util.concurrent.LinkedBlockingQueue.poll(LinkedBlockingQueue.java:467)
        at org.apache.hadoop.ipc.CallQueueManager.take(CallQueueManager.java:317)
        at org.apache.hadoop.ipc.Server$Handler.run(Server.java:2932)
"grpc-default-executor-2" daemon prio=5 tid=358 timed_waiting
java.lang.Thread.State: TIMED_WAITING
        at sun.misc.Unsafe.park(Native Method)
        at java.util.concurrent.locks.LockSupport.parkNanos(LockSupport.java:215)
        at java.util.concurrent.SynchronousQueue$TransferStack.awaitFulfill(SynchronousQueue.java:460)
        at java.util.concurrent.SynchronousQueue$TransferStack.transfer(SynchronousQueue.java:362)
        at java.util.concurrent.SynchronousQueue.poll(SynchronousQueue.java:941)
        at java.util.concurrent.ThreadPoolExecutor.getTask(ThreadPoolExecutor.java:1073)
        at java.util.concurrent.ThreadPoolExecutor.runWorker(ThreadPoolExecutor.java:1134)
        at java.util.concurrent.ThreadPoolExecutor$Worker.run(ThreadPoolExecutor.java:624)
        at java.lang.Thread.run(Thread.java:750)
"EndpointStateMachine task thread for /0.0.0.0:41673 - 0 "  prio=5 tid=2824 in Object.wait()
java.lang.Thread.State: WAITING (on object monitor)
        at sun.misc.Unsafe.park(Native Method)
        at java.util.concurrent.locks.LockSupport.park(LockSupport.java:175)
        at java.util.concurrent.locks.AbstractQueuedSynchronizer$ConditionObject.await(AbstractQueuedSynchronizer.java:2044)
        at java.util.concurrent.LinkedBlockingQueue.take(LinkedBlockingQueue.java:442)
        at java.util.concurrent.ThreadPoolExecutor.getTask(ThreadPoolExecutor.java:1074)
        at java.util.concurrent.ThreadPoolExecutor.runWorker(ThreadPoolExecutor.java:1134)
        at java.util.concurrent.ThreadPoolExecutor$Worker.run(ThreadPoolExecutor.java:624)
        at java.lang.Thread.run(Thread.java:750)
"4444cbf4-fd79-4bf9-9a85-9dbe318480e0@group-BBDFD469DB51-FollowerState" daemon prio=5 tid=2907 timed_waiting
java.lang.Thread.State: TIMED_WAITING
        at java.lang.Thread.sleep(Native Method)
        at java.lang.Thread.sleep(Thread.java:342)
        at java.util.concurrent.TimeUnit.sleep(TimeUnit.java:386)
        at org.apache.ratis.util.TimeDuration.sleep(TimeDuration.java:325)
        at org.apache.ratis.util.TimeDuration.sleep(TimeDuration.java:310)
        at org.apache.ratis.server.impl.FollowerState.run(FollowerState.java:128)
"qtp937214461-2654" daemon prio=5 tid=2654 timed_waiting
java.lang.Thread.State: TIMED_WAITING
        at sun.misc.Unsafe.park(Native Method)
        at java.util.concurrent.locks.LockSupport.parkNanos(LockSupport.java:215)
        at java.util.concurrent.locks.AbstractQueuedSynchronizer$ConditionObject.awaitNanos(AbstractQueuedSynchronizer.java:2083)
        at org.eclipse.jetty.util.BlockingArrayQueue.poll(BlockingArrayQueue.java:382)
        at org.eclipse.jetty.util.thread.QueuedThreadPool$Runner.idleJobPoll(QueuedThreadPool.java:974)
        at org.eclipse.jetty.util.thread.QueuedThreadPool$Runner.run(QueuedThreadPool.java:1018)
        at java.lang.Thread.run(Thread.java:750)
"IPC Server listener on 0" daemon prio=5 tid=2667 runnable
java.lang.Thread.State: RUNNABLE
        at sun.nio.ch.EPollArrayWrapper.epollWait(Native Method)
        at sun.nio.ch.EPollArrayWrapper.poll(EPollArrayWrapper.java:269)
        at sun.nio.ch.EPollSelectorImpl.doSelect(EPollSelectorImpl.java:93)
        at sun.nio.ch.SelectorImpl.lockAndDoSelect(SelectorImpl.java:86)
        at sun.nio.ch.SelectorImpl.select(SelectorImpl.java:97)
        at sun.nio.ch.SelectorImpl.select(SelectorImpl.java:101)
        at org.apache.hadoop.ipc.Server$Listener.run(Server.java:1350)
"Timer for 'StorageContainerManager' metrics system" daemon prio=5 tid=2582 timed_waiting
java.lang.Thread.State: TIMED_WAITING
        at java.lang.Object.wait(Native Method)
        at java.util.TimerThread.mainLoop(Timer.java:552)
        at java.util.TimerThread.run(Timer.java:505)
"IPC Server handler 7 on default port 41673" daemon prio=5 tid=2632 timed_waiting
java.lang.Thread.State: TIMED_WAITING
        at sun.misc.Unsafe.park(Native Method)
        at java.util.concurrent.locks.LockSupport.parkNanos(LockSupport.java:215)
        at java.util.concurrent.locks.AbstractQueuedSynchronizer$ConditionObject.awaitNanos(AbstractQueuedSynchronizer.java:2083)
        at java.util.concurrent.LinkedBlockingQueue.poll(LinkedBlockingQueue.java:467)
        at org.apache.hadoop.ipc.CallQueueManager.take(CallQueueManager.java:317)
        at org.apache.hadoop.ipc.Server$Handler.run(Server.java:2932)
"4444cbf4-fd79-4bf9-9a85-9dbe318480e0@group-BBDFD469DB51-SegmentedRaftLogWorker"  prio=5 tid=2864 timed_waiting
java.lang.Thread.State: TIMED_WAITING
        at sun.misc.Unsafe.park(Native Method)
        at java.util.concurrent.locks.LockSupport.parkNanos(LockSupport.java:215)
        at java.util.concurrent.locks.AbstractQueuedSynchronizer$ConditionObject.awaitNanos(AbstractQueuedSynchronizer.java:2083)
        at org.apache.ratis.util.DataBlockingQueue.poll(DataBlockingQueue.java:148)
        at org.apache.ratis.server.raftlog.segmented.SegmentedRaftLogWorker.run(SegmentedRaftLogWorker.java:301)
        at org.apache.ratis.server.raftlog.segmented.SegmentedRaftLogWorker$$Lambda$631/1954568581.run(Unknown Source)
        at java.lang.Thread.run(Thread.java:750)
"org.apache.hadoop.ozone.container.common.statemachine.commandhandler.DeleteBlocksCommandHandler$DeleteCmdWorker@26d2ef95" daemon prio=5 tid=2741 timed_waiting
java.lang.Thread.State: TIMED_WAITING
        at java.lang.Thread.sleep(Native Method)
        at org.apache.hadoop.ozone.container.common.statemachine.commandhandler.DeleteBlocksCommandHandler$DeleteCmdWorker.run(DeleteBlocksCommandHandler.java:183)
        at java.lang.Thread.run(Thread.java:750)
"Timer-1"  prio=5 tid=2674 timed_waiting
java.lang.Thread.State: TIMED_WAITING
        at java.lang.Object.wait(Native Method)
        at java.util.TimerThread.mainLoop(Timer.java:552)
        at java.util.TimerThread.run(Timer.java:505)
"org.apache.ratis.util.JvmPauseMonitor$$Lambda$703/795293305@21bc2e6b" daemon prio=5 tid=2811 timed_waiting
java.lang.Thread.State: TIMED_WAITING
        at java.lang.Thread.sleep(Native Method)
        at java.lang.Thread.sleep(Thread.java:342)
        at java.util.concurrent.TimeUnit.sleep(TimeUnit.java:386)
        at org.apache.ratis.util.TimeDuration.sleep(TimeDuration.java:325)
        at org.apache.ratis.util.TimeDuration.sleep(TimeDuration.java:310)
        at org.apache.ratis.util.JvmPauseMonitor.detectPause(JvmPauseMonitor.java:117)
        at org.apache.ratis.util.JvmPauseMonitor.run(JvmPauseMonitor.java:106)
        at org.apache.ratis.util.JvmPauseMonitor$$Lambda$703/795293305.run(Unknown Source)
        at java.lang.Thread.run(Thread.java:750)
"BlockDeletingService#3" daemon prio=5 tid=2820 in Object.wait()
java.lang.Thread.State: WAITING (on object monitor)
        at sun.misc.Unsafe.park(Native Method)
        at java.util.concurrent.locks.LockSupport.park(LockSupport.java:175)
        at java.util.concurrent.locks.AbstractQueuedSynchronizer$ConditionObject.await(AbstractQueuedSynchronizer.java:2044)
        at java.util.concurrent.ScheduledThreadPoolExecutor$DelayedWorkQueue.take(ScheduledThreadPoolExecutor.java:1088)
        at java.util.concurrent.ScheduledThreadPoolExecutor$DelayedWorkQueue.take(ScheduledThreadPoolExecutor.java:809)
        at java.util.concurrent.ThreadPoolExecutor.getTask(ThreadPoolExecutor.java:1074)
        at java.util.concurrent.ThreadPoolExecutor.runWorker(ThreadPoolExecutor.java:1134)
        at java.util.concurrent.ThreadPoolExecutor$Worker.run(ThreadPoolExecutor.java:624)
        at java.lang.Thread.run(Thread.java:750)
"IPC Server handler 3 on default port 33273" daemon prio=5 tid=2608 timed_waiting
java.lang.Thread.State: TIMED_WAITING
        at sun.misc.Unsafe.park(Native Method)
        at java.util.concurrent.locks.LockSupport.parkNanos(LockSupport.java:215)
        at java.util.concurrent.locks.AbstractQueuedSynchronizer$ConditionObject.awaitNanos(AbstractQueuedSynchronizer.java:2083)
        at java.util.concurrent.LinkedBlockingQueue.poll(LinkedBlockingQueue.java:467)
        at org.apache.hadoop.ipc.CallQueueManager.take(CallQueueManager.java:317)
        at org.apache.hadoop.ipc.Server$Handler.run(Server.java:2932)
"IPC Server handler 11 on default port 41673" daemon prio=5 tid=2636 timed_waiting
java.lang.Thread.State: TIMED_WAITING
        at sun.misc.Unsafe.park(Native Method)
        at java.util.concurrent.locks.LockSupport.parkNanos(LockSupport.java:215)
        at java.util.concurrent.locks.AbstractQueuedSynchronizer$ConditionObject.awaitNanos(AbstractQueuedSynchronizer.java:2083)
        at java.util.concurrent.LinkedBlockingQueue.poll(LinkedBlockingQueue.java:467)
        at org.apache.hadoop.ipc.CallQueueManager.take(CallQueueManager.java:317)
        at org.apache.hadoop.ipc.Server$Handler.run(Server.java:2932)
"IPC Server idle connection scanner for port 37873" daemon prio=5 tid=2669 timed_waiting
java.lang.Thread.State: TIMED_WAITING
        at java.lang.Object.wait(Native Method)
        at java.util.TimerThread.mainLoop(Timer.java:552)
        at java.util.TimerThread.run(Timer.java:505)
"qtp1632629072-2686" daemon prio=5 tid=2686 timed_waiting
java.lang.Thread.State: TIMED_WAITING
        at sun.misc.Unsafe.park(Native Method)
        at java.util.concurrent.locks.LockSupport.parkNanos(LockSupport.java:215)
        at java.util.concurrent.locks.AbstractQueuedSynchronizer$ConditionObject.awaitNanos(AbstractQueuedSynchronizer.java:2083)
        at org.eclipse.jetty.util.BlockingArrayQueue.poll(BlockingArrayQueue.java:382)
        at org.eclipse.jetty.util.thread.QueuedThreadPool$Runner.idleJobPoll(QueuedThreadPool.java:974)
        at org.eclipse.jetty.util.thread.QueuedThreadPool$Runner.run(QueuedThreadPool.java:1018)
        at java.lang.Thread.run(Thread.java:750)
"IPC Server handler 4 on default port 40561" daemon prio=5 tid=2589 timed_waiting
java.lang.Thread.State: TIMED_WAITING
        at sun.misc.Unsafe.park(Native Method)
        at java.util.concurrent.locks.LockSupport.parkNanos(LockSupport.java:215)
        at java.util.concurrent.locks.AbstractQueuedSynchronizer$ConditionObject.awaitNanos(AbstractQueuedSynchronizer.java:2083)
        at java.util.concurrent.LinkedBlockingQueue.poll(LinkedBlockingQueue.java:467)
        at org.apache.hadoop.ipc.CallQueueManager.take(CallQueueManager.java:317)
        at org.apache.hadoop.ipc.Server$Handler.run(Server.java:2932)
"IPC Server Responder" daemon prio=5 tid=2577 runnable
java.lang.Thread.State: RUNNABLE
        at sun.nio.ch.EPollArrayWrapper.epollWait(Native Method)
        at sun.nio.ch.EPollArrayWrapper.poll(EPollArrayWrapper.java:269)
        at sun.nio.ch.EPollSelectorImpl.doSelect(EPollSelectorImpl.java:93)
        at sun.nio.ch.SelectorImpl.lockAndDoSelect(SelectorImpl.java:86)
        at sun.nio.ch.SelectorImpl.select(SelectorImpl.java:97)
        at org.apache.hadoop.ipc.Server$Responder.doRunLoop(Server.java:1527)
        at org.apache.hadoop.ipc.Server$Responder.run(Server.java:1510)
"IPC Server handler 12 on default port 33273" daemon prio=5 tid=2617 timed_waiting
java.lang.Thread.State: TIMED_WAITING
        at sun.misc.Unsafe.park(Native Method)
        at java.util.concurrent.locks.LockSupport.parkNanos(LockSupport.java:215)
        at java.util.concurrent.locks.AbstractQueuedSynchronizer$ConditionObject.awaitNanos(AbstractQueuedSynchronizer.java:2083)
        at java.util.concurrent.LinkedBlockingQueue.poll(LinkedBlockingQueue.java:467)
        at org.apache.hadoop.ipc.CallQueueManager.take(CallQueueManager.java:317)
        at org.apache.hadoop.ipc.Server$Handler.run(Server.java:2932)
"qtp1632629072-2679" daemon prio=5 tid=2679 runnable
java.lang.Thread.State: RUNNABLE
        at sun.nio.ch.EPollArrayWrapper.epollWait(Native Method)
        at sun.nio.ch.EPollArrayWrapper.poll(EPollArrayWrapper.java:269)
        at sun.nio.ch.EPollSelectorImpl.doSelect(EPollSelectorImpl.java:93)
        at sun.nio.ch.SelectorImpl.lockAndDoSelect(SelectorImpl.java:86)
        at sun.nio.ch.SelectorImpl.select(SelectorImpl.java:97)
        at sun.nio.ch.SelectorImpl.select(SelectorImpl.java:101)
        at org.eclipse.jetty.io.ManagedSelector.nioSelect(ManagedSelector.java:183)
        at org.eclipse.jetty.io.ManagedSelector.select(ManagedSelector.java:190)
        at org.eclipse.jetty.io.ManagedSelector$SelectorProducer.select(ManagedSelector.java:606)
        at org.eclipse.jetty.io.ManagedSelector$SelectorProducer.produce(ManagedSelector.java:543)
        at org.eclipse.jetty.util.thread.strategy.EatWhatYouKill.produceTask(EatWhatYouKill.java:362)
        at org.eclipse.jetty.util.thread.strategy.EatWhatYouKill.doProduce(EatWhatYouKill.java:186)
        at org.eclipse.jetty.util.thread.strategy.EatWhatYouKill.tryProduce(EatWhatYouKill.java:173)
        at org.eclipse.jetty.util.thread.strategy.EatWhatYouKill.produce(EatWhatYouKill.java:137)
        at org.eclipse.jetty.io.ManagedSelector$$Lambda$464/1278700356.run(Unknown Source)
        at org.eclipse.jetty.util.thread.QueuedThreadPool.runJob(QueuedThreadPool.java:883)
        at org.eclipse.jetty.util.thread.QueuedThreadPool$Runner.run(QueuedThreadPool.java:1034)
        at java.lang.Thread.run(Thread.java:750)
"IPC Server handler 10 on default port 37873" daemon prio=5 tid=2698 timed_waiting
java.lang.Thread.State: TIMED_WAITING
        at sun.misc.Unsafe.park(Native Method)
        at java.util.concurrent.locks.LockSupport.parkNanos(LockSupport.java:215)
        at java.util.concurrent.locks.AbstractQueuedSynchronizer$ConditionObject.awaitNanos(AbstractQueuedSynchronizer.java:2083)
        at java.util.concurrent.LinkedBlockingQueue.poll(LinkedBlockingQueue.java:467)
        at org.apache.hadoop.ipc.CallQueueManager.take(CallQueueManager.java:317)
        at org.apache.hadoop.ipc.Server$Handler.run(Server.java:2932)
"IPC Server handler 11 on default port 40561" daemon prio=5 tid=2596 timed_waiting
java.lang.Thread.State: TIMED_WAITING
        at sun.misc.Unsafe.park(Native Method)
        at java.util.concurrent.locks.LockSupport.parkNanos(LockSupport.java:215)
        at java.util.concurrent.locks.AbstractQueuedSynchronizer$ConditionObject.awaitNanos(AbstractQueuedSynchronizer.java:2083)
        at java.util.concurrent.LinkedBlockingQueue.poll(LinkedBlockingQueue.java:467)
        at org.apache.hadoop.ipc.CallQueueManager.take(CallQueueManager.java:317)
        at org.apache.hadoop.ipc.Server$Handler.run(Server.java:2932)
"grpc-default-executor-0" daemon prio=5 tid=321 timed_waiting
java.lang.Thread.State: TIMED_WAITING
        at sun.misc.Unsafe.park(Native Method)
        at java.util.concurrent.locks.LockSupport.parkNanos(LockSupport.java:215)
        at java.util.concurrent.SynchronousQueue$TransferStack.awaitFulfill(SynchronousQueue.java:460)
        at java.util.concurrent.SynchronousQueue$TransferStack.transfer(SynchronousQueue.java:362)
        at java.util.concurrent.SynchronousQueue.poll(SynchronousQueue.java:941)
        at java.util.concurrent.ThreadPoolExecutor.getTask(ThreadPoolExecutor.java:1073)
        at java.util.concurrent.ThreadPoolExecutor.runWorker(ThreadPoolExecutor.java:1134)
        at java.util.concurrent.ThreadPoolExecutor$Worker.run(ThreadPoolExecutor.java:624)
        at java.lang.Thread.run(Thread.java:750)
"DeleteBlocksCommandHandlerThread-0"  prio=5 tid=3059 in Object.wait()
java.lang.Thread.State: WAITING (on object monitor)
        at sun.misc.Unsafe.park(Native Method)
        at java.util.concurrent.locks.LockSupport.park(LockSupport.java:175)
        at java.util.concurrent.locks.AbstractQueuedSynchronizer$ConditionObject.await(AbstractQueuedSynchronizer.java:2044)
        at java.util.concurrent.LinkedBlockingQueue.take(LinkedBlockingQueue.java:442)
        at java.util.concurrent.ThreadPoolExecutor.getTask(ThreadPoolExecutor.java:1074)
        at java.util.concurrent.ThreadPoolExecutor.runWorker(ThreadPoolExecutor.java:1134)
        at java.util.concurrent.ThreadPoolExecutor$Worker.run(ThreadPoolExecutor.java:624)
        at java.lang.Thread.run(Thread.java:750)
"IPC Server handler 15 on default port 41673" daemon prio=5 tid=2640 timed_waiting
java.lang.Thread.State: TIMED_WAITING
        at sun.misc.Unsafe.park(Native Method)
        at java.util.concurrent.locks.LockSupport.parkNanos(LockSupport.java:215)
        at java.util.concurrent.locks.AbstractQueuedSynchronizer$ConditionObject.awaitNanos(AbstractQueuedSynchronizer.java:2083)
        at java.util.concurrent.LinkedBlockingQueue.poll(LinkedBlockingQueue.java:467)
        at org.apache.hadoop.ipc.CallQueueManager.take(CallQueueManager.java:317)
        at org.apache.hadoop.ipc.Server$Handler.run(Server.java:2932)
"qtp1624799476-2771" daemon prio=5 tid=2771 timed_waiting
java.lang.Thread.State: TIMED_WAITING
        at sun.misc.Unsafe.park(Native Method)
        at java.util.concurrent.locks.LockSupport.parkNanos(LockSupport.java:215)
        at java.util.concurrent.locks.AbstractQueuedSynchronizer$ConditionObject.awaitNanos(AbstractQueuedSynchronizer.java:2083)
        at org.eclipse.jetty.util.BlockingArrayQueue.poll(BlockingArrayQueue.java:382)
        at org.eclipse.jetty.util.thread.QueuedThreadPool$Runner.idleJobPoll(QueuedThreadPool.java:974)
        at org.eclipse.jetty.util.thread.QueuedThreadPool$Runner.run(QueuedThreadPool.java:1018)
        at java.lang.Thread.run(Thread.java:750)
"BlockDeletingService#4" daemon prio=5 tid=2822 in Object.wait()
java.lang.Thread.State: WAITING (on object monitor)
        at sun.misc.Unsafe.park(Native Method)
        at java.util.concurrent.locks.LockSupport.park(LockSupport.java:175)
        at java.util.concurrent.locks.AbstractQueuedSynchronizer$ConditionObject.await(AbstractQueuedSynchronizer.java:2044)
        at java.util.concurrent.ScheduledThreadPoolExecutor$DelayedWorkQueue.take(ScheduledThreadPoolExecutor.java:1088)
        at java.util.concurrent.ScheduledThreadPoolExecutor$DelayedWorkQueue.take(ScheduledThreadPoolExecutor.java:809)
        at java.util.concurrent.ThreadPoolExecutor.getTask(ThreadPoolExecutor.java:1074)
        at java.util.concurrent.ThreadPoolExecutor.runWorker(ThreadPoolExecutor.java:1134)
        at java.util.concurrent.ThreadPoolExecutor$Worker.run(ThreadPoolExecutor.java:624)
        at java.lang.Thread.run(Thread.java:750)
"ChunkWriter-0-0" daemon prio=5 tid=2825 in Object.wait()
java.lang.Thread.State: WAITING (on object monitor)
        at sun.misc.Unsafe.park(Native Method)
        at java.util.concurrent.locks.LockSupport.park(LockSupport.java:175)
        at java.util.concurrent.locks.AbstractQueuedSynchronizer$ConditionObject.await(AbstractQueuedSynchronizer.java:2044)
        at java.util.concurrent.LinkedBlockingDeque.takeFirst(LinkedBlockingDeque.java:492)
        at java.util.concurrent.LinkedBlockingDeque.take(LinkedBlockingDeque.java:680)
        at java.util.concurrent.ThreadPoolExecutor.getTask(ThreadPoolExecutor.java:1074)
        at java.util.concurrent.ThreadPoolExecutor.runWorker(ThreadPoolExecutor.java:1134)
        at java.util.concurrent.ThreadPoolExecutor$Worker.run(ThreadPoolExecutor.java:624)
        at java.lang.Thread.run(Thread.java:750)
"ContainerOp-98c00462-3050-4d4b-b576-bbdfd469db51-1"  prio=5 tid=2946 in Object.wait()
java.lang.Thread.State: WAITING (on object monitor)
        at sun.misc.Unsafe.park(Native Method)
        at java.util.concurrent.locks.LockSupport.park(LockSupport.java:175)
        at java.util.concurrent.locks.AbstractQueuedSynchronizer$ConditionObject.await(AbstractQueuedSynchronizer.java:2044)
        at java.util.concurrent.LinkedBlockingQueue.take(LinkedBlockingQueue.java:442)
        at java.util.concurrent.ThreadPoolExecutor.getTask(ThreadPoolExecutor.java:1074)
        at java.util.concurrent.ThreadPoolExecutor.runWorker(ThreadPoolExecutor.java:1134)
        at java.util.concurrent.ThreadPoolExecutor$Worker.run(ThreadPoolExecutor.java:624)
        at java.lang.Thread.run(Thread.java:750)
"IPC Server handler 19 on default port 33273" daemon prio=5 tid=2624 timed_waiting
java.lang.Thread.State: TIMED_WAITING
        at sun.misc.Unsafe.park(Native Method)
        at java.util.concurrent.locks.LockSupport.parkNanos(LockSupport.java:215)
        at java.util.concurrent.locks.AbstractQueuedSynchronizer$ConditionObject.awaitNanos(AbstractQueuedSynchronizer.java:2083)
        at java.util.concurrent.LinkedBlockingQueue.poll(LinkedBlockingQueue.java:467)
        at org.apache.hadoop.ipc.CallQueueManager.take(CallQueueManager.java:317)
        at org.apache.hadoop.ipc.Server$Handler.run(Server.java:2932)
"ContainerOp-98c00462-3050-4d4b-b576-bbdfd469db51-5"  prio=5 tid=2967 in Object.wait()
java.lang.Thread.State: WAITING (on object monitor)
        at sun.misc.Unsafe.park(Native Method)
        at java.util.concurrent.locks.LockSupport.park(LockSupport.java:175)
        at java.util.concurrent.locks.AbstractQueuedSynchronizer$ConditionObject.await(AbstractQueuedSynchronizer.java:2044)
        at java.util.concurrent.LinkedBlockingQueue.take(LinkedBlockingQueue.java:442)
        at java.util.concurrent.ThreadPoolExecutor.getTask(ThreadPoolExecutor.java:1074)
        at java.util.concurrent.ThreadPoolExecutor.runWorker(ThreadPoolExecutor.java:1134)
        at java.util.concurrent.ThreadPoolExecutor$Worker.run(ThreadPoolExecutor.java:624)
        at java.lang.Thread.run(Thread.java:750)
"IPC Server handler 17 on default port 40561" daemon prio=5 tid=2602 timed_waiting
java.lang.Thread.State: TIMED_WAITING
        at sun.misc.Unsafe.park(Native Method)
        at java.util.concurrent.locks.LockSupport.parkNanos(LockSupport.java:215)
        at java.util.concurrent.locks.AbstractQueuedSynchronizer$ConditionObject.awaitNanos(AbstractQueuedSynchronizer.java:2083)
        at java.util.concurrent.LinkedBlockingQueue.poll(LinkedBlockingQueue.java:467)
        at org.apache.hadoop.ipc.CallQueueManager.take(CallQueueManager.java:317)
        at org.apache.hadoop.ipc.Server$Handler.run(Server.java:2932)
"Datanode State Machine Task Thread - 0"  prio=5 tid=2760 in Object.wait()
java.lang.Thread.State: WAITING (on object monitor)
        at sun.misc.Unsafe.park(Native Method)
        at java.util.concurrent.locks.LockSupport.park(LockSupport.java:175)
        at java.util.concurrent.locks.AbstractQueuedSynchronizer$ConditionObject.await(AbstractQueuedSynchronizer.java:2044)
        at java.util.concurrent.LinkedBlockingQueue.take(LinkedBlockingQueue.java:442)
        at java.util.concurrent.ThreadPoolExecutor.getTask(ThreadPoolExecutor.java:1074)
        at java.util.concurrent.ThreadPoolExecutor.runWorker(ThreadPoolExecutor.java:1134)
        at java.util.concurrent.ThreadPoolExecutor$Worker.run(ThreadPoolExecutor.java:624)
        at java.lang.Thread.run(Thread.java:750)
"pool-357-thread-1" daemon prio=5 tid=2738 timed_waiting
java.lang.Thread.State: TIMED_WAITING
        at sun.misc.Unsafe.park(Native Method)
        at java.util.concurrent.locks.LockSupport.parkNanos(LockSupport.java:215)
        at java.util.concurrent.locks.AbstractQueuedSynchronizer$ConditionObject.awaitNanos(AbstractQueuedSynchronizer.java:2083)
        at java.util.concurrent.ScheduledThreadPoolExecutor$DelayedWorkQueue.take(ScheduledThreadPoolExecutor.java:1093)
        at java.util.concurrent.ScheduledThreadPoolExecutor$DelayedWorkQueue.take(ScheduledThreadPoolExecutor.java:809)
        at java.util.concurrent.ThreadPoolExecutor.getTask(ThreadPoolExecutor.java:1074)
        at java.util.concurrent.ThreadPoolExecutor.runWorker(ThreadPoolExecutor.java:1134)
        at java.util.concurrent.ThreadPoolExecutor$Worker.run(ThreadPoolExecutor.java:624)
        at java.lang.Thread.run(Thread.java:750)
"ContainerOp-98c00462-3050-4d4b-b576-bbdfd469db51-2"  prio=5 tid=2949 in Object.wait()
java.lang.Thread.State: WAITING (on object monitor)
        at sun.misc.Unsafe.park(Native Method)
        at java.util.concurrent.locks.LockSupport.park(LockSupport.java:175)
        at java.util.concurrent.locks.AbstractQueuedSynchronizer$ConditionObject.await(AbstractQueuedSynchronizer.java:2044)
        at java.util.concurrent.LinkedBlockingQueue.take(LinkedBlockingQueue.java:442)
        at java.util.concurrent.ThreadPoolExecutor.getTask(ThreadPoolExecutor.java:1074)
        at java.util.concurrent.ThreadPoolExecutor.runWorker(ThreadPoolExecutor.java:1134)
        at java.util.concurrent.ThreadPoolExecutor$Worker.run(ThreadPoolExecutor.java:624)
        at java.lang.Thread.run(Thread.java:750)
"BlockDeletingService#5" daemon prio=5 tid=2844 in Object.wait()
java.lang.Thread.State: WAITING (on object monitor)
        at sun.misc.Unsafe.park(Native Method)
        at java.util.concurrent.locks.LockSupport.park(LockSupport.java:175)
        at java.util.concurrent.locks.AbstractQueuedSynchronizer$ConditionObject.await(AbstractQueuedSynchronizer.java:2044)
        at java.util.concurrent.ScheduledThreadPoolExecutor$DelayedWorkQueue.take(ScheduledThreadPoolExecutor.java:1088)
        at java.util.concurrent.ScheduledThreadPoolExecutor$DelayedWorkQueue.take(ScheduledThreadPoolExecutor.java:809)
        at java.util.concurrent.ThreadPoolExecutor.getTask(ThreadPoolExecutor.java:1074)
        at java.util.concurrent.ThreadPoolExecutor.runWorker(ThreadPoolExecutor.java:1134)
        at java.util.concurrent.ThreadPoolExecutor$Worker.run(ThreadPoolExecutor.java:624)
        at java.lang.Thread.run(Thread.java:750)
"IPC Server handler 13 on default port 37873" daemon prio=5 tid=2701 timed_waiting
java.lang.Thread.State: TIMED_WAITING
        at sun.misc.Unsafe.park(Native Method)
        at java.util.concurrent.locks.LockSupport.parkNanos(LockSupport.java:215)
        at java.util.concurrent.locks.AbstractQueuedSynchronizer$ConditionObject.awaitNanos(AbstractQueuedSynchronizer.java:2083)
        at java.util.concurrent.LinkedBlockingQueue.poll(LinkedBlockingQueue.java:467)
        at org.apache.hadoop.ipc.CallQueueManager.take(CallQueueManager.java:317)
        at org.apache.hadoop.ipc.Server$Handler.run(Server.java:2932)
"qtp937214461-2651" daemon prio=5 tid=2651 timed_waiting
java.lang.Thread.State: TIMED_WAITING
        at sun.misc.Unsafe.park(Native Method)
        at java.util.concurrent.locks.LockSupport.parkNanos(LockSupport.java:215)
        at java.util.concurrent.locks.AbstractQueuedSynchronizer$ConditionObject.awaitNanos(AbstractQueuedSynchronizer.java:2083)
        at org.eclipse.jetty.util.BlockingArrayQueue.poll(BlockingArrayQueue.java:382)
        at org.eclipse.jetty.util.thread.QueuedThreadPool$Runner.idleJobPoll(QueuedThreadPool.java:974)
        at org.eclipse.jetty.util.thread.QueuedThreadPool$Runner.run(QueuedThreadPool.java:1018)
        at java.lang.Thread.run(Thread.java:750)
"IPC Server handler 13 on default port 41673" daemon prio=5 tid=2638 timed_waiting
java.lang.Thread.State: TIMED_WAITING
        at sun.misc.Unsafe.park(Native Method)
        at java.util.concurrent.locks.LockSupport.parkNanos(LockSupport.java:215)
        at java.util.concurrent.locks.AbstractQueuedSynchronizer$ConditionObject.awaitNanos(AbstractQueuedSynchronizer.java:2083)
        at java.util.concurrent.LinkedBlockingQueue.poll(LinkedBlockingQueue.java:467)
        at org.apache.hadoop.ipc.CallQueueManager.take(CallQueueManager.java:317)
        at org.apache.hadoop.ipc.Server$Handler.run(Server.java:2932)
"IPC Server handler 6 on default port 33273" daemon prio=5 tid=2611 timed_waiting
java.lang.Thread.State: TIMED_WAITING
        at sun.misc.Unsafe.park(Native Method)
        at java.util.concurrent.locks.LockSupport.parkNanos(LockSupport.java:215)
        at java.util.concurrent.locks.AbstractQueuedSynchronizer$ConditionObject.awaitNanos(AbstractQueuedSynchronizer.java:2083)
        at java.util.concurrent.LinkedBlockingQueue.poll(LinkedBlockingQueue.java:467)
        at org.apache.hadoop.ipc.CallQueueManager.take(CallQueueManager.java:317)
        at org.apache.hadoop.ipc.Server$Handler.run(Server.java:2932)
"OM StateMachine ApplyTransaction Thread - 0" daemon prio=5 tid=2920 in Object.wait()
java.lang.Thread.State: WAITING (on object monitor)
        at sun.misc.Unsafe.park(Native Method)
        at java.util.concurrent.locks.LockSupport.park(LockSupport.java:175)
        at java.util.concurrent.locks.AbstractQueuedSynchronizer$ConditionObject.await(AbstractQueuedSynchronizer.java:2044)
        at java.util.concurrent.LinkedBlockingQueue.take(LinkedBlockingQueue.java:442)
        at java.util.concurrent.ThreadPoolExecutor.getTask(ThreadPoolExecutor.java:1074)
        at java.util.concurrent.ThreadPoolExecutor.runWorker(ThreadPoolExecutor.java:1134)
        at java.util.concurrent.ThreadPoolExecutor$Worker.run(ThreadPoolExecutor.java:624)
        at java.lang.Thread.run(Thread.java:750)
"DeleteBlocksCommandHandlerThread-1"  prio=5 tid=3080 in Object.wait()
java.lang.Thread.State: WAITING (on object monitor)
        at sun.misc.Unsafe.park(Native Method)
        at java.util.concurrent.locks.LockSupport.park(LockSupport.java:175)
        at java.util.concurrent.locks.AbstractQueuedSynchronizer$ConditionObject.await(AbstractQueuedSynchronizer.java:2044)
        at java.util.concurrent.LinkedBlockingQueue.take(LinkedBlockingQueue.java:442)
        at java.util.concurrent.ThreadPoolExecutor.getTask(ThreadPoolExecutor.java:1074)
        at java.util.concurrent.ThreadPoolExecutor.runWorker(ThreadPoolExecutor.java:1134)
        at java.util.concurrent.ThreadPoolExecutor$Worker.run(ThreadPoolExecutor.java:624)
        at java.lang.Thread.run(Thread.java:750)
"BlockDeletingService#8" daemon prio=5 tid=2848 in Object.wait()
java.lang.Thread.State: WAITING (on object monitor)
        at sun.misc.Unsafe.park(Native Method)
        at java.util.concurrent.locks.LockSupport.park(LockSupport.java:175)
        at java.util.concurrent.locks.AbstractQueuedSynchronizer$ConditionObject.await(AbstractQueuedSynchronizer.java:2044)
        at java.util.concurrent.ScheduledThreadPoolExecutor$DelayedWorkQueue.take(ScheduledThreadPoolExecutor.java:1088)
        at java.util.concurrent.ScheduledThreadPoolExecutor$DelayedWorkQueue.take(ScheduledThreadPoolExecutor.java:809)
        at java.util.concurrent.ThreadPoolExecutor.getTask(ThreadPoolExecutor.java:1074)
        at java.util.concurrent.ThreadPoolExecutor.runWorker(ThreadPoolExecutor.java:1134)
        at java.util.concurrent.ThreadPoolExecutor$Worker.run(ThreadPoolExecutor.java:624)
        at java.lang.Thread.run(Thread.java:750)
"IPC Parameter Sending Thread #1" daemon prio=5 tid=972 timed_waiting
java.lang.Thread.State: TIMED_WAITING
        at sun.misc.Unsafe.park(Native Method)
        at java.util.concurrent.locks.LockSupport.parkNanos(LockSupport.java:215)
        at java.util.concurrent.SynchronousQueue$TransferStack.awaitFulfill(SynchronousQueue.java:460)
        at java.util.concurrent.SynchronousQueue$TransferStack.transfer(SynchronousQueue.java:362)
        at java.util.concurrent.SynchronousQueue.poll(SynchronousQueue.java:941)
        at java.util.concurrent.ThreadPoolExecutor.getTask(ThreadPoolExecutor.java:1073)
        at java.util.concurrent.ThreadPoolExecutor.runWorker(ThreadPoolExecutor.java:1134)
        at java.util.concurrent.ThreadPoolExecutor$Worker.run(ThreadPoolExecutor.java:624)
        at java.lang.Thread.run(Thread.java:750)
"IPC Server handler 5 on default port 41673" daemon prio=5 tid=2630 timed_waiting
java.lang.Thread.State: TIMED_WAITING
        at sun.misc.Unsafe.park(Native Method)
        at java.util.concurrent.locks.LockSupport.parkNanos(LockSupport.java:215)
        at java.util.concurrent.locks.AbstractQueuedSynchronizer$ConditionObject.awaitNanos(AbstractQueuedSynchronizer.java:2083)
        at java.util.concurrent.LinkedBlockingQueue.poll(LinkedBlockingQueue.java:467)
        at org.apache.hadoop.ipc.CallQueueManager.take(CallQueueManager.java:317)
        at org.apache.hadoop.ipc.Server$Handler.run(Server.java:2932)
"IPC Server handler 6 on default port 41673" daemon prio=5 tid=2631 timed_waiting
java.lang.Thread.State: TIMED_WAITING
        at sun.misc.Unsafe.park(Native Method)
        at java.util.concurrent.locks.LockSupport.parkNanos(LockSupport.java:215)
        at java.util.concurrent.locks.AbstractQueuedSynchronizer$ConditionObject.awaitNanos(AbstractQueuedSynchronizer.java:2083)
        at java.util.concurrent.LinkedBlockingQueue.poll(LinkedBlockingQueue.java:467)
        at org.apache.hadoop.ipc.CallQueueManager.take(CallQueueManager.java:317)
        at org.apache.hadoop.ipc.Server$Handler.run(Server.java:2932)
"ContainerOp-98c00462-3050-4d4b-b576-bbdfd469db51-6"  prio=5 tid=2981 in Object.wait()
java.lang.Thread.State: WAITING (on object monitor)
        at sun.misc.Unsafe.park(Native Method)
        at java.util.concurrent.locks.LockSupport.park(LockSupport.java:175)
        at java.util.concurrent.locks.AbstractQueuedSynchronizer$ConditionObject.await(AbstractQueuedSynchronizer.java:2044)
        at java.util.concurrent.LinkedBlockingQueue.take(LinkedBlockingQueue.java:442)
        at java.util.concurrent.ThreadPoolExecutor.getTask(ThreadPoolExecutor.java:1074)
        at java.util.concurrent.ThreadPoolExecutor.runWorker(ThreadPoolExecutor.java:1134)
        at java.util.concurrent.ThreadPoolExecutor$Worker.run(ThreadPoolExecutor.java:624)
        at java.lang.Thread.run(Thread.java:750)
"IPC Server handler 16 on default port 40561" daemon prio=5 tid=2601 timed_waiting
java.lang.Thread.State: TIMED_WAITING
        at sun.misc.Unsafe.park(Native Method)
        at java.util.concurrent.locks.LockSupport.parkNanos(LockSupport.java:215)
        at java.util.concurrent.locks.AbstractQueuedSynchronizer$ConditionObject.awaitNanos(AbstractQueuedSynchronizer.java:2083)
        at java.util.concurrent.LinkedBlockingQueue.poll(LinkedBlockingQueue.java:467)
        at org.apache.hadoop.ipc.CallQueueManager.take(CallQueueManager.java:317)
        at org.apache.hadoop.ipc.Server$Handler.run(Server.java:2932)
"IPC Parameter Sending Thread #0" daemon prio=5 tid=113 timed_waiting
java.lang.Thread.State: TIMED_WAITING
        at sun.misc.Unsafe.park(Native Method)
        at java.util.concurrent.locks.LockSupport.parkNanos(LockSupport.java:215)
        at java.util.concurrent.SynchronousQueue$TransferStack.awaitFulfill(SynchronousQueue.java:460)
        at java.util.concurrent.SynchronousQueue$TransferStack.transfer(SynchronousQueue.java:362)
        at java.util.concurrent.SynchronousQueue.poll(SynchronousQueue.java:941)
        at java.util.concurrent.ThreadPoolExecutor.getTask(ThreadPoolExecutor.java:1073)
        at java.util.concurrent.ThreadPoolExecutor.runWorker(ThreadPoolExecutor.java:1134)
        at java.util.concurrent.ThreadPoolExecutor$Worker.run(ThreadPoolExecutor.java:624)
        at java.lang.Thread.run(Thread.java:750)
"Reference Handler" daemon prio=10 tid=2 in Object.wait()
java.lang.Thread.State: WAITING (on object monitor)
        at java.lang.Object.wait(Native Method)
        at java.lang.Object.wait(Object.java:502)
        at java.lang.ref.Reference.tryHandlePending(Reference.java:191)
        at java.lang.ref.Reference$ReferenceHandler.run(Reference.java:153)
"pool-387-thread-1"  prio=5 tid=2869 in Object.wait()
java.lang.Thread.State: WAITING (on object monitor)
        at sun.misc.Unsafe.park(Native Method)
        at java.util.concurrent.locks.LockSupport.park(LockSupport.java:175)
        at java.util.concurrent.locks.AbstractQueuedSynchronizer$ConditionObject.await(AbstractQueuedSynchronizer.java:2044)
        at java.util.concurrent.LinkedBlockingQueue.take(LinkedBlockingQueue.java:442)
        at java.util.concurrent.ThreadPoolExecutor.getTask(ThreadPoolExecutor.java:1074)
        at java.util.concurrent.ThreadPoolExecutor.runWorker(ThreadPoolExecutor.java:1134)
        at java.util.concurrent.ThreadPoolExecutor$Worker.run(ThreadPoolExecutor.java:624)
        at java.lang.Thread.run(Thread.java:750)
"qtp1588559443-2747" daemon prio=5 tid=2747 timed_waiting
java.lang.Thread.State: TIMED_WAITING
        at sun.misc.Unsafe.park(Native Method)
        at java.util.concurrent.locks.LockSupport.parkNanos(LockSupport.java:215)
        at java.util.concurrent.locks.AbstractQueuedSynchronizer$ConditionObject.awaitNanos(AbstractQueuedSynchronizer.java:2083)
        at org.eclipse.jetty.util.BlockingArrayQueue.poll(BlockingArrayQueue.java:382)
        at org.eclipse.jetty.util.thread.QueuedThreadPool$Runner.idleJobPoll(QueuedThreadPool.java:974)
        at org.eclipse.jetty.util.thread.QueuedThreadPool$Runner.run(QueuedThreadPool.java:1018)
        at java.lang.Thread.run(Thread.java:750)
"Socket Reader #1 for port 0"  prio=5 tid=2579 runnable
java.lang.Thread.State: RUNNABLE
        at sun.nio.ch.EPollArrayWrapper.epollWait(Native Method)
        at sun.nio.ch.EPollArrayWrapper.poll(EPollArrayWrapper.java:269)
        at sun.nio.ch.EPollSelectorImpl.doSelect(EPollSelectorImpl.java:93)
        at sun.nio.ch.SelectorImpl.lockAndDoSelect(SelectorImpl.java:86)
        at sun.nio.ch.SelectorImpl.select(SelectorImpl.java:97)
        at sun.nio.ch.SelectorImpl.select(SelectorImpl.java:101)
        at org.apache.hadoop.ipc.Server$Listener$Reader.doRunLoop(Server.java:1288)
        at org.apache.hadoop.ipc.Server$Listener$Reader.run(Server.java:1267)
"DataNode DiskChecker thread 0" daemon prio=5 tid=2737 timed_waiting
java.lang.Thread.State: TIMED_WAITING
        at sun.misc.Unsafe.park(Native Method)
        at java.util.concurrent.locks.LockSupport.parkNanos(LockSupport.java:215)
        at java.util.concurrent.SynchronousQueue$TransferStack.awaitFulfill(SynchronousQueue.java:460)
        at java.util.concurrent.SynchronousQueue$TransferStack.transfer(SynchronousQueue.java:362)
        at java.util.concurrent.SynchronousQueue.poll(SynchronousQueue.java:941)
        at java.util.concurrent.ThreadPoolExecutor.getTask(ThreadPoolExecutor.java:1073)
        at java.util.concurrent.ThreadPoolExecutor.runWorker(ThreadPoolExecutor.java:1134)
        at java.util.concurrent.ThreadPoolExecutor$Worker.run(ThreadPoolExecutor.java:624)
        at java.lang.Thread.run(Thread.java:750)
"IPC Server handler 3 on default port 41673" daemon prio=5 tid=2628 timed_waiting
java.lang.Thread.State: TIMED_WAITING
        at sun.misc.Unsafe.park(Native Method)
        at java.util.concurrent.locks.LockSupport.parkNanos(LockSupport.java:215)
        at java.util.concurrent.locks.AbstractQueuedSynchronizer$ConditionObject.awaitNanos(AbstractQueuedSynchronizer.java:2083)
        at java.util.concurrent.LinkedBlockingQueue.poll(LinkedBlockingQueue.java:467)
        at org.apache.hadoop.ipc.CallQueueManager.take(CallQueueManager.java:317)
        at org.apache.hadoop.ipc.Server$Handler.run(Server.java:2932)
"OMDoubleBufferFlushThread" daemon prio=5 tid=2660 timed_waiting
java.lang.Thread.State: TIMED_WAITING
        at java.lang.Object.wait(Native Method)
        at org.apache.hadoop.ozone.om.ratis.OzoneManagerDoubleBuffer.canFlush(OzoneManagerDoubleBuffer.java:538)
        at org.apache.hadoop.ozone.om.ratis.OzoneManagerDoubleBuffer.flushTransactions(OzoneManagerDoubleBuffer.java:268)
        at org.apache.hadoop.ozone.om.ratis.OzoneManagerDoubleBuffer$$Lambda$519/278898914.run(Unknown Source)
        at java.lang.Thread.run(Thread.java:750)
"IPC Server handler 8 on default port 40561" daemon prio=5 tid=2593 timed_waiting
java.lang.Thread.State: TIMED_WAITING
        at sun.misc.Unsafe.park(Native Method)
        at java.util.concurrent.locks.LockSupport.parkNanos(LockSupport.java:215)
        at java.util.concurrent.locks.AbstractQueuedSynchronizer$ConditionObject.awaitNanos(AbstractQueuedSynchronizer.java:2083)
        at java.util.concurrent.LinkedBlockingQueue.poll(LinkedBlockingQueue.java:467)
        at org.apache.hadoop.ipc.CallQueueManager.take(CallQueueManager.java:317)
        at org.apache.hadoop.ipc.Server$Handler.run(Server.java:2932)
"0605c384-8e0d-4fdb-ab87-e69b89fa9455@group-BBDFD469DB51-LeaderStateImpl" daemon prio=5 tid=2905 timed_waiting
java.lang.Thread.State: TIMED_WAITING
        at sun.misc.Unsafe.park(Native Method)
        at java.util.concurrent.locks.LockSupport.parkNanos(LockSupport.java:215)
        at java.util.concurrent.locks.AbstractQueuedSynchronizer$ConditionObject.awaitNanos(AbstractQueuedSynchronizer.java:2083)
        at java.util.concurrent.ArrayBlockingQueue.poll(ArrayBlockingQueue.java:418)
        at org.apache.ratis.server.impl.LeaderStateImpl$EventQueue.poll(LeaderStateImpl.java:159)
        at org.apache.ratis.server.impl.LeaderStateImpl$EventProcessor.run(LeaderStateImpl.java:630)
"null-request--thread1" daemon prio=5 tid=2927 timed_waiting
java.lang.Thread.State: TIMED_WAITING
        at sun.misc.Unsafe.park(Native Method)
        at java.util.concurrent.locks.LockSupport.parkNanos(LockSupport.java:215)
        at java.util.concurrent.locks.AbstractQueuedSynchronizer$ConditionObject.awaitNanos(AbstractQueuedSynchronizer.java:2083)
        at java.util.concurrent.LinkedBlockingQueue.poll(LinkedBlockingQueue.java:467)
        at java.util.concurrent.ThreadPoolExecutor.getTask(ThreadPoolExecutor.java:1073)
        at java.util.concurrent.ThreadPoolExecutor.runWorker(ThreadPoolExecutor.java:1134)
        at java.util.concurrent.ThreadPoolExecutor$Worker.run(ThreadPoolExecutor.java:624)
        at java.lang.Thread.run(Thread.java:750)
"qtp937214461-2653" daemon prio=5 tid=2653 timed_waiting
java.lang.Thread.State: TIMED_WAITING
        at sun.misc.Unsafe.park(Native Method)
        at java.util.concurrent.locks.LockSupport.parkNanos(LockSupport.java:215)
        at java.util.concurrent.locks.AbstractQueuedSynchronizer$ConditionObject.awaitNanos(AbstractQueuedSynchronizer.java:2083)
        at org.eclipse.jetty.util.BlockingArrayQueue.poll(BlockingArrayQueue.java:382)
        at org.eclipse.jetty.util.thread.QueuedThreadPool$Runner.idleJobPoll(QueuedThreadPool.java:974)
        at org.eclipse.jetty.util.thread.QueuedThreadPool$Runner.run(QueuedThreadPool.java:1018)
        at java.lang.Thread.run(Thread.java:750)
"IPC Server handler 13 on default port 40561" daemon prio=5 tid=2598 timed_waiting
java.lang.Thread.State: TIMED_WAITING
        at sun.misc.Unsafe.park(Native Method)
        at java.util.concurrent.locks.LockSupport.parkNanos(LockSupport.java:215)
        at java.util.concurrent.locks.AbstractQueuedSynchronizer$ConditionObject.awaitNanos(AbstractQueuedSynchronizer.java:2083)
        at java.util.concurrent.LinkedBlockingQueue.poll(LinkedBlockingQueue.java:467)
        at org.apache.hadoop.ipc.CallQueueManager.take(CallQueueManager.java:317)
        at org.apache.hadoop.ipc.Server$Handler.run(Server.java:2932)
"ContainerOp-98c00462-3050-4d4b-b576-bbdfd469db51-5"  prio=5 tid=2960 in Object.wait()
java.lang.Thread.State: WAITING (on object monitor)
        at sun.misc.Unsafe.park(Native Method)
        at java.util.concurrent.locks.LockSupport.park(LockSupport.java:175)
        at java.util.concurrent.locks.AbstractQueuedSynchronizer$ConditionObject.await(AbstractQueuedSynchronizer.java:2044)
        at java.util.concurrent.LinkedBlockingQueue.take(LinkedBlockingQueue.java:442)
        at java.util.concurrent.ThreadPoolExecutor.getTask(ThreadPoolExecutor.java:1074)
        at java.util.concurrent.ThreadPoolExecutor.runWorker(ThreadPoolExecutor.java:1134)
        at java.util.concurrent.ThreadPoolExecutor$Worker.run(ThreadPoolExecutor.java:624)
        at java.lang.Thread.run(Thread.java:750)
"IPC Server handler 9 on default port 41673" daemon prio=5 tid=2634 timed_waiting
java.lang.Thread.State: TIMED_WAITING
        at sun.misc.Unsafe.park(Native Method)
        at java.util.concurrent.locks.LockSupport.parkNanos(LockSupport.java:215)
        at java.util.concurrent.locks.AbstractQueuedSynchronizer$ConditionObject.awaitNanos(AbstractQueuedSynchronizer.java:2083)
        at java.util.concurrent.LinkedBlockingQueue.poll(LinkedBlockingQueue.java:467)
        at org.apache.hadoop.ipc.CallQueueManager.take(CallQueueManager.java:317)
        at org.apache.hadoop.ipc.Server$Handler.run(Server.java:2932)
"om1@group-C5BA1605619E-StateMachineUpdater" daemon prio=5 tid=2666 timed_waiting
java.lang.Thread.State: TIMED_WAITING
        at sun.misc.Unsafe.park(Native Method)
        at java.util.concurrent.locks.LockSupport.parkNanos(LockSupport.java:215)
        at java.util.concurrent.CompletableFuture$Signaller.block(CompletableFuture.java:1709)
        at java.util.concurrent.ForkJoinPool.managedBlock(ForkJoinPool.java:3323)
        at java.util.concurrent.CompletableFuture.timedGet(CompletableFuture.java:1788)
        at java.util.concurrent.CompletableFuture.get(CompletableFuture.java:1928)
        at org.apache.ratis.util.AwaitForSignal.await(AwaitForSignal.java:56)
        at org.apache.ratis.server.impl.StateMachineUpdater.waitForCommit(StateMachineUpdater.java:207)
        at org.apache.ratis.server.impl.StateMachineUpdater.run(StateMachineUpdater.java:176)
        at java.lang.Thread.run(Thread.java:750)
"IPC Server handler 3 on default port 37873" daemon prio=5 tid=2691 timed_waiting
java.lang.Thread.State: TIMED_WAITING
        at sun.misc.Unsafe.park(Native Method)
        at java.util.concurrent.locks.LockSupport.parkNanos(LockSupport.java:215)
        at java.util.concurrent.locks.AbstractQueuedSynchronizer$ConditionObject.awaitNanos(AbstractQueuedSynchronizer.java:2083)
        at java.util.concurrent.LinkedBlockingQueue.poll(LinkedBlockingQueue.java:467)
        at org.apache.hadoop.ipc.CallQueueManager.take(CallQueueManager.java:317)
        at org.apache.hadoop.ipc.Server$Handler.run(Server.java:2932)
"IPC Server handler 1 on default port 37873" daemon prio=5 tid=2689 timed_waiting
java.lang.Thread.State: TIMED_WAITING
        at sun.misc.Unsafe.park(Native Method)
        at java.util.concurrent.locks.LockSupport.parkNanos(LockSupport.java:215)
        at java.util.concurrent.locks.AbstractQueuedSynchronizer$ConditionObject.awaitNanos(AbstractQueuedSynchronizer.java:2083)
        at java.util.concurrent.LinkedBlockingQueue.poll(LinkedBlockingQueue.java:467)
        at org.apache.hadoop.ipc.CallQueueManager.take(CallQueueManager.java:317)
        at org.apache.hadoop.ipc.Server$Handler.run(Server.java:2932)
"PartialTableCache Cleanup Thread - 0" daemon prio=5 tid=2925 in Object.wait()
java.lang.Thread.State: WAITING (on object monitor)
        at sun.misc.Unsafe.park(Native Method)
        at java.util.concurrent.locks.LockSupport.park(LockSupport.java:175)
        at java.util.concurrent.locks.AbstractQueuedSynchronizer$ConditionObject.await(AbstractQueuedSynchronizer.java:2044)
        at java.util.concurrent.LinkedBlockingQueue.take(LinkedBlockingQueue.java:442)
        at java.util.concurrent.ThreadPoolExecutor.getTask(ThreadPoolExecutor.java:1074)
        at java.util.concurrent.ThreadPoolExecutor.runWorker(ThreadPoolExecutor.java:1134)
        at java.util.concurrent.ThreadPoolExecutor$Worker.run(ThreadPoolExecutor.java:624)
        at java.lang.Thread.run(Thread.java:750)
"EventQueue-StaleNodeForStaleNodeHandler" daemon prio=5 tid=3264 in Object.wait()
java.lang.Thread.State: WAITING (on object monitor)
        at sun.misc.Unsafe.park(Native Method)
        at java.util.concurrent.locks.LockSupport.park(LockSupport.java:175)
        at java.util.concurrent.locks.AbstractQueuedSynchronizer$ConditionObject.await(AbstractQueuedSynchronizer.java:2044)
        at java.util.concurrent.LinkedBlockingQueue.take(LinkedBlockingQueue.java:442)
        at java.util.concurrent.ThreadPoolExecutor.getTask(ThreadPoolExecutor.java:1074)
        at java.util.concurrent.ThreadPoolExecutor.runWorker(ThreadPoolExecutor.java:1134)
        at java.util.concurrent.ThreadPoolExecutor$Worker.run(ThreadPoolExecutor.java:624)
        at java.lang.Thread.run(Thread.java:750)
"grpc-shared-destroyer-0" daemon prio=5 tid=2358 in Object.wait()
java.lang.Thread.State: WAITING (on object monitor)
        at sun.misc.Unsafe.park(Native Method)
        at java.util.concurrent.locks.LockSupport.park(LockSupport.java:175)
        at java.util.concurrent.locks.AbstractQueuedSynchronizer$ConditionObject.await(AbstractQueuedSynchronizer.java:2044)
        at java.util.concurrent.ScheduledThreadPoolExecutor$DelayedWorkQueue.take(ScheduledThreadPoolExecutor.java:1081)
        at java.util.concurrent.ScheduledThreadPoolExecutor$DelayedWorkQueue.take(ScheduledThreadPoolExecutor.java:809)
        at java.util.concurrent.ThreadPoolExecutor.getTask(ThreadPoolExecutor.java:1074)
        at java.util.concurrent.ThreadPoolExecutor.runWorker(ThreadPoolExecutor.java:1134)
        at java.util.concurrent.ThreadPoolExecutor$Worker.run(ThreadPoolExecutor.java:624)
        at java.lang.Thread.run(Thread.java:750)
"PartialTableCache Cleanup Thread - 0" daemon prio=5 tid=392 in Object.wait()
java.lang.Thread.State: WAITING (on object monitor)
        at sun.misc.Unsafe.park(Native Method)
        at java.util.concurrent.locks.LockSupport.park(LockSupport.java:175)
        at java.util.concurrent.locks.AbstractQueuedSynchronizer$ConditionObject.await(AbstractQueuedSynchronizer.java:2044)
        at java.util.concurrent.LinkedBlockingQueue.take(LinkedBlockingQueue.java:442)
        at java.util.concurrent.ThreadPoolExecutor.getTask(ThreadPoolExecutor.java:1074)
        at java.util.concurrent.ThreadPoolExecutor.runWorker(ThreadPoolExecutor.java:1134)
        at java.util.concurrent.ThreadPoolExecutor$Worker.run(ThreadPoolExecutor.java:624)
        at java.lang.Thread.run(Thread.java:750)
"Session-HouseKeeper-5173402e-1"  prio=5 tid=2777 timed_waiting
java.lang.Thread.State: TIMED_WAITING
        at sun.misc.Unsafe.park(Native Method)
        at java.util.concurrent.locks.LockSupport.parkNanos(LockSupport.java:215)
        at java.util.concurrent.locks.AbstractQueuedSynchronizer$ConditionObject.awaitNanos(AbstractQueuedSynchronizer.java:2083)
        at java.util.concurrent.ScheduledThreadPoolExecutor$DelayedWorkQueue.take(ScheduledThreadPoolExecutor.java:1093)
        at java.util.concurrent.ScheduledThreadPoolExecutor$DelayedWorkQueue.take(ScheduledThreadPoolExecutor.java:809)
        at java.util.concurrent.ThreadPoolExecutor.getTask(ThreadPoolExecutor.java:1074)
        at java.util.concurrent.ThreadPoolExecutor.runWorker(ThreadPoolExecutor.java:1134)
        at java.util.concurrent.ThreadPoolExecutor$Worker.run(ThreadPoolExecutor.java:624)
        at java.lang.Thread.run(Thread.java:750)
"IPC Server handler 1 on default port 33273" daemon prio=5 tid=2606 timed_waiting
java.lang.Thread.State: TIMED_WAITING
        at sun.misc.Unsafe.park(Native Method)
        at java.util.concurrent.locks.LockSupport.parkNanos(LockSupport.java:215)
        at java.util.concurrent.locks.AbstractQueuedSynchronizer$ConditionObject.awaitNanos(AbstractQueuedSynchronizer.java:2083)
        at java.util.concurrent.LinkedBlockingQueue.poll(LinkedBlockingQueue.java:467)
        at org.apache.hadoop.ipc.CallQueueManager.take(CallQueueManager.java:317)
        at org.apache.hadoop.ipc.Server$Handler.run(Server.java:2932)
"qtp937214461-2655" daemon prio=5 tid=2655 timed_waiting
java.lang.Thread.State: TIMED_WAITING
        at sun.misc.Unsafe.park(Native Method)
        at java.util.concurrent.locks.LockSupport.parkNanos(LockSupport.java:215)
        at java.util.concurrent.locks.AbstractQueuedSynchronizer$ConditionObject.awaitNanos(AbstractQueuedSynchronizer.java:2083)
        at org.eclipse.jetty.util.BlockingArrayQueue.poll(BlockingArrayQueue.java:382)
        at org.eclipse.jetty.util.thread.QueuedThreadPool$Runner.idleJobPoll(QueuedThreadPool.java:974)
        at org.eclipse.jetty.util.thread.QueuedThreadPool$Runner.run(QueuedThreadPool.java:1018)
        at java.lang.Thread.run(Thread.java:750)
"IPC Server handler 4 on default port 33273" daemon prio=5 tid=2609 timed_waiting
java.lang.Thread.State: TIMED_WAITING
        at sun.misc.Unsafe.park(Native Method)
        at java.util.concurrent.locks.LockSupport.parkNanos(LockSupport.java:215)
        at java.util.concurrent.locks.AbstractQueuedSynchronizer$ConditionObject.awaitNanos(AbstractQueuedSynchronizer.java:2083)
        at java.util.concurrent.LinkedBlockingQueue.poll(LinkedBlockingQueue.java:467)
        at org.apache.hadoop.ipc.CallQueueManager.take(CallQueueManager.java:317)
        at org.apache.hadoop.ipc.Server$Handler.run(Server.java:2932)
"qtp1624799476-2776" daemon prio=5 tid=2776 timed_waiting
java.lang.Thread.State: TIMED_WAITING
        at sun.misc.Unsafe.park(Native Method)
        at java.util.concurrent.locks.LockSupport.parkNanos(LockSupport.java:215)
        at java.util.concurrent.locks.AbstractQueuedSynchronizer$ConditionObject.awaitNanos(AbstractQueuedSynchronizer.java:2083)
        at org.eclipse.jetty.util.BlockingArrayQueue.poll(BlockingArrayQueue.java:382)
        at org.eclipse.jetty.util.thread.QueuedThreadPool$Runner.idleJobPoll(QueuedThreadPool.java:974)
        at org.eclipse.jetty.util.thread.QueuedThreadPool$Runner.run(QueuedThreadPool.java:1018)
        at java.lang.Thread.run(Thread.java:750)
"ContainerOp-98c00462-3050-4d4b-b576-bbdfd469db51-1"  prio=5 tid=2937 in Object.wait()
java.lang.Thread.State: WAITING (on object monitor)
        at sun.misc.Unsafe.park(Native Method)
        at java.util.concurrent.locks.LockSupport.park(LockSupport.java:175)
        at java.util.concurrent.locks.AbstractQueuedSynchronizer$ConditionObject.await(AbstractQueuedSynchronizer.java:2044)
        at java.util.concurrent.LinkedBlockingQueue.take(LinkedBlockingQueue.java:442)
        at java.util.concurrent.ThreadPoolExecutor.getTask(ThreadPoolExecutor.java:1074)
        at java.util.concurrent.ThreadPoolExecutor.runWorker(ThreadPoolExecutor.java:1134)
        at java.util.concurrent.ThreadPoolExecutor$Worker.run(ThreadPoolExecutor.java:624)
        at java.lang.Thread.run(Thread.java:750)
"FixedThreadPoolWithAffinityExecutor-0-0" daemon prio=5 tid=2851 in Object.wait()
java.lang.Thread.State: WAITING (on object monitor)
        at sun.misc.Unsafe.park(Native Method)
        at java.util.concurrent.locks.LockSupport.park(LockSupport.java:175)
        at java.util.concurrent.locks.AbstractQueuedSynchronizer$ConditionObject.await(AbstractQueuedSynchronizer.java:2044)
        at java.util.concurrent.LinkedBlockingDeque.takeFirst(LinkedBlockingDeque.java:492)
        at java.util.concurrent.LinkedBlockingDeque.take(LinkedBlockingDeque.java:680)
        at java.util.concurrent.ThreadPoolExecutor.getTask(ThreadPoolExecutor.java:1074)
        at java.util.concurrent.ThreadPoolExecutor.runWorker(ThreadPoolExecutor.java:1134)
        at java.util.concurrent.ThreadPoolExecutor$Worker.run(ThreadPoolExecutor.java:624)
        at java.lang.Thread.run(Thread.java:750)
"FullTableCache Cleanup Thread - 0" daemon prio=5 tid=389 in Object.wait()
java.lang.Thread.State: WAITING (on object monitor)
        at sun.misc.Unsafe.park(Native Method)
        at java.util.concurrent.locks.LockSupport.park(LockSupport.java:175)
        at java.util.concurrent.locks.AbstractQueuedSynchronizer$ConditionObject.await(AbstractQueuedSynchronizer.java:2044)
        at java.util.concurrent.LinkedBlockingQueue.take(LinkedBlockingQueue.java:442)
        at java.util.concurrent.ThreadPoolExecutor.getTask(ThreadPoolExecutor.java:1074)
        at java.util.concurrent.ThreadPoolExecutor.runWorker(ThreadPoolExecutor.java:1134)
        at java.util.concurrent.ThreadPoolExecutor$Worker.run(ThreadPoolExecutor.java:624)
        at java.lang.Thread.run(Thread.java:750)
"java.util.concurrent.ThreadPoolExecutor$Worker@5b3ccb18[State = -1, empty queue]" daemon prio=5 tid=380 timed_waiting
java.lang.Thread.State: TIMED_WAITING
        at sun.misc.Unsafe.park(Native Method)
        at java.util.concurrent.locks.LockSupport.parkNanos(LockSupport.java:215)
        at java.util.concurrent.locks.AbstractQueuedSynchronizer$ConditionObject.awaitNanos(AbstractQueuedSynchronizer.java:2083)
        at java.util.concurrent.ScheduledThreadPoolExecutor$DelayedWorkQueue.take(ScheduledThreadPoolExecutor.java:1093)
        at java.util.concurrent.ScheduledThreadPoolExecutor$DelayedWorkQueue.take(ScheduledThreadPoolExecutor.java:809)
        at java.util.concurrent.ThreadPoolExecutor.getTask(ThreadPoolExecutor.java:1074)
        at java.util.concurrent.ThreadPoolExecutor.runWorker(ThreadPoolExecutor.java:1134)
        at java.util.concurrent.ThreadPoolExecutor$Worker.run(ThreadPoolExecutor.java:624)
        at java.lang.Thread.run(Thread.java:750)
"IPC Server Responder" daemon prio=5 tid=2581 runnable
java.lang.Thread.State: RUNNABLE
        at sun.nio.ch.EPollArrayWrapper.epollWait(Native Method)
        at sun.nio.ch.EPollArrayWrapper.poll(EPollArrayWrapper.java:269)
        at sun.nio.ch.EPollSelectorImpl.doSelect(EPollSelectorImpl.java:93)
        at sun.nio.ch.SelectorImpl.lockAndDoSelect(SelectorImpl.java:86)
        at sun.nio.ch.SelectorImpl.select(SelectorImpl.java:97)
        at org.apache.hadoop.ipc.Server$Responder.doRunLoop(Server.java:1527)
        at org.apache.hadoop.ipc.Server$Responder.run(Server.java:1510)
"PartialTableCache Cleanup Thread - 0" daemon prio=5 tid=411 in Object.wait()
java.lang.Thread.State: WAITING (on object monitor)
        at sun.misc.Unsafe.park(Native Method)
        at java.util.concurrent.locks.LockSupport.park(LockSupport.java:175)
        at java.util.concurrent.locks.AbstractQueuedSynchronizer$ConditionObject.await(AbstractQueuedSynchronizer.java:2044)
        at java.util.concurrent.LinkedBlockingQueue.take(LinkedBlockingQueue.java:442)
        at java.util.concurrent.ThreadPoolExecutor.getTask(ThreadPoolExecutor.java:1074)
        at java.util.concurrent.ThreadPoolExecutor.runWorker(ThreadPoolExecutor.java:1134)
        at java.util.concurrent.ThreadPoolExecutor$Worker.run(ThreadPoolExecutor.java:624)
        at java.lang.Thread.run(Thread.java:750)
"EventQueue-DatanodeCommandForSCMNodeManager"  prio=5 tid=2857 in Object.wait()
java.lang.Thread.State: WAITING (on object monitor)
        at sun.misc.Unsafe.park(Native Method)
        at java.util.concurrent.locks.LockSupport.park(LockSupport.java:175)
        at java.util.concurrent.locks.AbstractQueuedSynchronizer$ConditionObject.await(AbstractQueuedSynchronizer.java:2044)
        at java.util.concurrent.LinkedBlockingQueue.take(LinkedBlockingQueue.java:442)
        at java.util.concurrent.ThreadPoolExecutor.getTask(ThreadPoolExecutor.java:1074)
        at java.util.concurrent.ThreadPoolExecutor.runWorker(ThreadPoolExecutor.java:1134)
        at java.util.concurrent.ThreadPoolExecutor$Worker.run(ThreadPoolExecutor.java:624)
        at java.lang.Thread.run(Thread.java:750)
"DeleteBlocksCommandHandlerThread-2"  prio=5 tid=3061 in Object.wait()
java.lang.Thread.State: WAITING (on object monitor)
        at sun.misc.Unsafe.park(Native Method)
        at java.util.concurrent.locks.LockSupport.park(LockSupport.java:175)
        at java.util.concurrent.locks.AbstractQueuedSynchronizer$ConditionObject.await(AbstractQueuedSynchronizer.java:2044)
        at java.util.concurrent.LinkedBlockingQueue.take(LinkedBlockingQueue.java:442)
        at java.util.concurrent.ThreadPoolExecutor.getTask(ThreadPoolExecutor.java:1074)
        at java.util.concurrent.ThreadPoolExecutor.runWorker(ThreadPoolExecutor.java:1134)
        at java.util.concurrent.ThreadPoolExecutor$Worker.run(ThreadPoolExecutor.java:624)
        at java.lang.Thread.run(Thread.java:750)
"PartialTableCache Cleanup Thread - 0" daemon prio=5 tid=2924 in Object.wait()
java.lang.Thread.State: WAITING (on object monitor)
        at sun.misc.Unsafe.park(Native Method)
        at java.util.concurrent.locks.LockSupport.park(LockSupport.java:175)
        at java.util.concurrent.locks.AbstractQueuedSynchronizer$ConditionObject.await(AbstractQueuedSynchronizer.java:2044)
        at java.util.concurrent.LinkedBlockingQueue.take(LinkedBlockingQueue.java:442)
        at java.util.concurrent.ThreadPoolExecutor.getTask(ThreadPoolExecutor.java:1074)
        at java.util.concurrent.ThreadPoolExecutor.runWorker(ThreadPoolExecutor.java:1134)
        at java.util.concurrent.ThreadPoolExecutor$Worker.run(ThreadPoolExecutor.java:624)
        at java.lang.Thread.run(Thread.java:750)
"org.apache.hadoop.util.JvmPauseMonitor$Monitor@1161beb2" daemon prio=5 tid=2708 timed_waiting
java.lang.Thread.State: TIMED_WAITING
        at java.lang.Thread.sleep(Native Method)
        at org.apache.hadoop.util.JvmPauseMonitor$Monitor.run(JvmPauseMonitor.java:192)
        at java.lang.Thread.run(Thread.java:750)
"grpc-default-boss-ELG-4-1" daemon prio=5 tid=2672 runnable
java.lang.Thread.State: RUNNABLE
        at org.apache.ratis.thirdparty.io.netty.channel.epoll.Native.epollWait(Native Method)
        at org.apache.ratis.thirdparty.io.netty.channel.epoll.Native.epollWait(Native.java:193)
        at org.apache.ratis.thirdparty.io.netty.channel.epoll.Native.epollWait(Native.java:186)
        at org.apache.ratis.thirdparty.io.netty.channel.epoll.EpollEventLoop.epollWaitNoTimerChange(EpollEventLoop.java:290)
        at org.apache.ratis.thirdparty.io.netty.channel.epoll.EpollEventLoop.run(EpollEventLoop.java:347)
        at org.apache.ratis.thirdparty.io.netty.util.concurrent.SingleThreadEventExecutor$4.run(SingleThreadEventExecutor.java:986)
        at org.apache.ratis.thirdparty.io.netty.util.internal.ThreadExecutorMap$2.run(ThreadExecutorMap.java:74)
        at org.apache.ratis.thirdparty.io.netty.util.concurrent.FastThreadLocalRunnable.run(FastThreadLocalRunnable.java:30)
        at java.lang.Thread.run(Thread.java:750)
"BlockDeletingService#3" daemon prio=5 tid=2840 in Object.wait()
java.lang.Thread.State: WAITING (on object monitor)
        at sun.misc.Unsafe.park(Native Method)
        at java.util.concurrent.locks.LockSupport.park(LockSupport.java:175)
        at java.util.concurrent.locks.AbstractQueuedSynchronizer$ConditionObject.await(AbstractQueuedSynchronizer.java:2044)
        at java.util.concurrent.ScheduledThreadPoolExecutor$DelayedWorkQueue.take(ScheduledThreadPoolExecutor.java:1088)
        at java.util.concurrent.ScheduledThreadPoolExecutor$DelayedWorkQueue.take(ScheduledThreadPoolExecutor.java:809)
        at java.util.concurrent.ThreadPoolExecutor.getTask(ThreadPoolExecutor.java:1074)
        at java.util.concurrent.ThreadPoolExecutor.runWorker(ThreadPoolExecutor.java:1134)
        at java.util.concurrent.ThreadPoolExecutor$Worker.run(ThreadPoolExecutor.java:624)
        at java.lang.Thread.run(Thread.java:750)
"java.util.concurrent.ThreadPoolExecutor$Worker@222fadf[State = -1, empty queue]" daemon prio=5 tid=2910 timed_waiting
java.lang.Thread.State: TIMED_WAITING
        at sun.misc.Unsafe.park(Native Method)
        at java.util.concurrent.locks.LockSupport.parkNanos(LockSupport.java:215)
        at java.util.concurrent.locks.AbstractQueuedSynchronizer$ConditionObject.awaitNanos(AbstractQueuedSynchronizer.java:2083)
        at java.util.concurrent.ScheduledThreadPoolExecutor$DelayedWorkQueue.take(ScheduledThreadPoolExecutor.java:1093)
        at java.util.concurrent.ScheduledThreadPoolExecutor$DelayedWorkQueue.take(ScheduledThreadPoolExecutor.java:809)
        at java.util.concurrent.ThreadPoolExecutor.getTask(ThreadPoolExecutor.java:1074)
        at java.util.concurrent.ThreadPoolExecutor.runWorker(ThreadPoolExecutor.java:1134)
        at java.util.concurrent.ThreadPoolExecutor$Worker.run(ThreadPoolExecutor.java:624)
        at java.lang.Thread.run(Thread.java:750)
"IPC Server handler 5 on default port 40561" daemon prio=5 tid=2590 timed_waiting
java.lang.Thread.State: TIMED_WAITING
        at sun.misc.Unsafe.park(Native Method)
        at java.util.concurrent.locks.LockSupport.parkNanos(LockSupport.java:215)
        at java.util.concurrent.locks.AbstractQueuedSynchronizer$ConditionObject.awaitNanos(AbstractQueuedSynchronizer.java:2083)
        at java.util.concurrent.LinkedBlockingQueue.poll(LinkedBlockingQueue.java:467)
        at org.apache.hadoop.ipc.CallQueueManager.take(CallQueueManager.java:317)
        at org.apache.hadoop.ipc.Server$Handler.run(Server.java:2932)
"Socket Reader #1 for port 0"  prio=5 tid=2571 runnable
java.lang.Thread.State: RUNNABLE
        at sun.nio.ch.EPollArrayWrapper.epollWait(Native Method)
        at sun.nio.ch.EPollArrayWrapper.poll(EPollArrayWrapper.java:269)
        at sun.nio.ch.EPollSelectorImpl.doSelect(EPollSelectorImpl.java:93)
        at sun.nio.ch.SelectorImpl.lockAndDoSelect(SelectorImpl.java:86)
        at sun.nio.ch.SelectorImpl.select(SelectorImpl.java:97)
        at sun.nio.ch.SelectorImpl.select(SelectorImpl.java:101)
        at org.apache.hadoop.ipc.Server$Listener$Reader.doRunLoop(Server.java:1288)
        at org.apache.hadoop.ipc.Server$Listener$Reader.run(Server.java:1267)
"Datanode State Machine Task Thread - 1"  prio=5 tid=2804 in Object.wait()
java.lang.Thread.State: WAITING (on object monitor)
        at sun.misc.Unsafe.park(Native Method)
        at java.util.concurrent.locks.LockSupport.park(LockSupport.java:175)
        at java.util.concurrent.locks.AbstractQueuedSynchronizer$ConditionObject.await(AbstractQueuedSynchronizer.java:2044)
        at java.util.concurrent.LinkedBlockingQueue.take(LinkedBlockingQueue.java:442)
        at java.util.concurrent.ThreadPoolExecutor.getTask(ThreadPoolExecutor.java:1074)
        at java.util.concurrent.ThreadPoolExecutor.runWorker(ThreadPoolExecutor.java:1134)
        at java.util.concurrent.ThreadPoolExecutor$Worker.run(ThreadPoolExecutor.java:624)
        at java.lang.Thread.run(Thread.java:750)
"IPC Server Responder" daemon prio=5 tid=2573 runnable
java.lang.Thread.State: RUNNABLE
        at sun.nio.ch.EPollArrayWrapper.epollWait(Native Method)
        at sun.nio.ch.EPollArrayWrapper.poll(EPollArrayWrapper.java:269)
        at sun.nio.ch.EPollSelectorImpl.doSelect(EPollSelectorImpl.java:93)
        at sun.nio.ch.SelectorImpl.lockAndDoSelect(SelectorImpl.java:86)
        at sun.nio.ch.SelectorImpl.select(SelectorImpl.java:97)
        at org.apache.hadoop.ipc.Server$Responder.doRunLoop(Server.java:1527)
        at org.apache.hadoop.ipc.Server$Responder.run(Server.java:1510)


	at org.apache.ozone.test.GenericTestUtils.waitFor(GenericTestUtils.java:224)
	at org.apache.hadoop.ozone.container.common.statemachine.commandhandler.TestBlockDeletion.testContainerStatisticsAfterDelete(TestBlockDeletion.java:372)
	at sun.reflect.NativeMethodAccessorImpl.invoke0(Native Method)
	at sun.reflect.NativeMethodAccessorImpl.invoke(NativeMethodAccessorImpl.java:62)
	at sun.reflect.DelegatingMethodAccessorImpl.invoke(DelegatingMethodAccessorImpl.java:43)
	at java.lang.reflect.Method.invoke(Method.java:498)
	at org.junit.platform.commons.util.ReflectionUtils.invokeMethod(ReflectionUtils.java:725)
	at org.junit.jupiter.engine.execution.MethodInvocation.proceed(MethodInvocation.java:60)
	at org.junit.jupiter.engine.execution.InvocationInterceptorChain$ValidatingInvocation.proceed(InvocationInterceptorChain.java:131)
	at org.junit.jupiter.engine.extension.TimeoutExtension.intercept(TimeoutExtension.java:149)
	at org.junit.jupiter.engine.extension.TimeoutExtension.interceptTestableMethod(TimeoutExtension.java:140)
	at org.junit.jupiter.engine.extension.TimeoutExtension.interceptTestMethod(TimeoutExtension.java:84)
	at org.junit.jupiter.engine.execution.ExecutableInvoker$ReflectiveInterceptorCall.lambda$ofVoidMethod$0(ExecutableInvoker.java:115)
	at org.junit.jupiter.engine.execution.ExecutableInvoker.lambda$invoke$0(ExecutableInvoker.java:105)
	at org.junit.jupiter.engine.execution.InvocationInterceptorChain$InterceptedInvocation.proceed(InvocationInterceptorChain.java:106)
	at org.junit.jupiter.engine.execution.InvocationInterceptorChain.proceed(InvocationInterceptorChain.java:64)
	at org.junit.jupiter.engine.execution.InvocationInterceptorChain.chainAndInvoke(InvocationInterceptorChain.java:45)
	at org.junit.jupiter.engine.execution.InvocationInterceptorChain.invoke(InvocationInterceptorChain.java:37)
	at org.junit.jupiter.engine.execution.ExecutableInvoker.invoke(ExecutableInvoker.java:104)
	at org.junit.jupiter.engine.execution.ExecutableInvoker.invoke(ExecutableInvoker.java:98)
	at org.junit.jupiter.engine.descriptor.TestMethodTestDescriptor.lambda$invokeTestMethod$7(TestMethodTestDescriptor.java:214)
	at org.junit.platform.engine.support.hierarchical.ThrowableCollector.execute(ThrowableCollector.java:73)
	at org.junit.jupiter.engine.descriptor.TestMethodTestDescriptor.invokeTestMethod(TestMethodTestDescriptor.java:210)
	at org.junit.jupiter.engine.descriptor.TestMethodTestDescriptor.execute(TestMethodTestDescriptor.java:135)
	at org.junit.jupiter.engine.descriptor.TestMethodTestDescriptor.execute(TestMethodTestDescriptor.java:66)
	at org.junit.platform.engine.support.hierarchical.NodeTestTask.lambda$executeRecursively$6(NodeTestTask.java:151)
	at org.junit.platform.engine.support.hierarchical.ThrowableCollector.execute(ThrowableCollector.java:73)
	at org.junit.platform.engine.support.hierarchical.NodeTestTask.lambda$executeRecursively$8(NodeTestTask.java:141)
	at org.junit.platform.engine.support.hierarchical.Node.around(Node.java:137)
	at org.junit.platform.engine.support.hierarchical.NodeTestTask.lambda$executeRecursively$9(NodeTestTask.java:139)
	at org.junit.platform.engine.support.hierarchical.ThrowableCollector.execute(ThrowableCollector.java:73)
	at org.junit.platform.engine.support.hierarchical.NodeTestTask.executeRecursively(NodeTestTask.java:138)
	at org.junit.platform.engine.support.hierarchical.NodeTestTask.execute(NodeTestTask.java:95)
	at java.util.ArrayList.forEach(ArrayList.java:1259)
	at org.junit.platform.engine.support.hierarchical.SameThreadHierarchicalTestExecutorService.invokeAll(SameThreadHierarchicalTestExecutorService.java:41)
	at org.junit.platform.engine.support.hierarchical.NodeTestTask.lambda$executeRecursively$6(NodeTestTask.java:155)
	at org.junit.platform.engine.support.hierarchical.ThrowableCollector.execute(ThrowableCollector.java:73)
	at org.junit.platform.engine.support.hierarchical.NodeTestTask.lambda$executeRecursively$8(NodeTestTask.java:141)
	at org.junit.platform.engine.support.hierarchical.Node.around(Node.java:137)
	at org.junit.platform.engine.support.hierarchical.NodeTestTask.lambda$executeRecursively$9(NodeTestTask.java:139)
	at org.junit.platform.engine.support.hierarchical.ThrowableCollector.execute(ThrowableCollector.java:73)
	at org.junit.platform.engine.support.hierarchical.NodeTestTask.executeRecursively(NodeTestTask.java:138)
	at org.junit.platform.engine.support.hierarchical.NodeTestTask.execute(NodeTestTask.java:95)
	at java.util.ArrayList.forEach(ArrayList.java:1259)
	at org.junit.platform.engine.support.hierarchical.SameThreadHierarchicalTestExecutorService.invokeAll(SameThreadHierarchicalTestExecutorService.java:41)
	at org.junit.platform.engine.support.hierarchical.NodeTestTask.lambda$executeRecursively$6(NodeTestTask.java:155)
	at org.junit.platform.engine.support.hierarchical.ThrowableCollector.execute(ThrowableCollector.java:73)
	at org.junit.platform.engine.support.hierarchical.NodeTestTask.lambda$executeRecursively$8(NodeTestTask.java:141)
	at org.junit.platform.engine.support.hierarchical.Node.around(Node.java:137)
	at org.junit.platform.engine.support.hierarchical.NodeTestTask.lambda$executeRecursively$9(NodeTestTask.java:139)
	at org.junit.platform.engine.support.hierarchical.ThrowableCollector.execute(ThrowableCollector.java:73)
	at org.junit.platform.engine.support.hierarchical.NodeTestTask.executeRecursively(NodeTestTask.java:138)
	at org.junit.platform.engine.support.hierarchical.NodeTestTask.execute(NodeTestTask.java:95)
	at org.junit.platform.engine.support.hierarchical.SameThreadHierarchicalTestExecutorService.submit(SameThreadHierarchicalTestExecutorService.java:35)
	at org.junit.platform.engine.support.hierarchical.HierarchicalTestExecutor.execute(HierarchicalTestExecutor.java:57)
	at org.junit.platform.engine.support.hierarchical.HierarchicalTestEngine.execute(HierarchicalTestEngine.java:54)
	at org.junit.platform.launcher.core.EngineExecutionOrchestrator.execute(EngineExecutionOrchestrator.java:107)
	at org.junit.platform.launcher.core.EngineExecutionOrchestrator.execute(EngineExecutionOrchestrator.java:88)
	at org.junit.platform.launcher.core.EngineExecutionOrchestrator.lambda$execute$0(EngineExecutionOrchestrator.java:54)
	at org.junit.platform.launcher.core.EngineExecutionOrchestrator.withInterceptedStreams(EngineExecutionOrchestrator.java:67)
	at org.junit.platform.launcher.core.EngineExecutionOrchestrator.execute(EngineExecutionOrchestrator.java:52)
	at org.junit.platform.launcher.core.DefaultLauncher.execute(DefaultLauncher.java:114)
	at org.junit.platform.launcher.core.DefaultLauncher.execute(DefaultLauncher.java:86)
	at org.junit.platform.launcher.core.DefaultLauncherSession$DelegatingLauncher.execute(DefaultLauncherSession.java:86)
	at org.junit.platform.launcher.core.SessionPerRequestLauncher.execute(SessionPerRequestLauncher.java:53)
	at org.apache.maven.surefire.junitplatform.JUnitPlatformProvider.execute(JUnitPlatformProvider.java:188)
	at org.apache.maven.surefire.junitplatform.JUnitPlatformProvider.invokeAllTests(JUnitPlatformProvider.java:154)
	at org.apache.maven.surefire.junitplatform.JUnitPlatformProvider.invoke(JUnitPlatformProvider.java:124)
	at org.apache.maven.surefire.booter.ForkedBooter.runSuitesInProcess(ForkedBooter.java:428)
	at org.apache.maven.surefire.booter.ForkedBooter.execute(ForkedBooter.java:162)
	at org.apache.maven.surefire.booter.ForkedBooter.run(ForkedBooter.java:562)
	at org.apache.maven.surefire.booter.ForkedBooter.main(ForkedBooter.java:548)
]]></error>
    <system-out><![CDATA[2022-10-11 12:48:37,917 [Listener at 127.0.0.1/38717] WARN  server.ServerUtils (ServerUtils.java:getScmDbDir(148)) - ozone.scm.db.dirs is not configured. We recommend adding this setting. Falling back to ozone.metadata.dirs instead.
2022-10-11 12:48:37,923 [Listener at 127.0.0.1/38717] WARN  server.ServerUtils (ServerUtils.java:getScmDbDir(148)) - ozone.scm.db.dirs is not configured. We recommend adding this setting. Falling back to ozone.metadata.dirs instead.
2022-10-11 12:48:37,924 [Listener at 127.0.0.1/38717] INFO  ha.SCMHANodeDetails (SCMHANodeDetails.java:loadSCMHAConfig(209)) - ServiceID for StorageContainerManager is null
2022-10-11 12:48:37,924 [Listener at 127.0.0.1/38717] INFO  ha.SCMHANodeDetails (SCMHANodeDetails.java:loadSCMHAConfig(214)) - ozone.scm.default.service.id is not defined, falling back to ozone.scm.service.ids to find serviceID for StorageContainerManager if it is HA enabled cluster
2022-10-11 12:48:37,925 [Listener at 127.0.0.1/38717] WARN  utils.HAUtils (HAUtils.java:getMetaDir(342)) - ozone.scm.db.dirs is not configured. We recommend adding this setting. Falling back to ozone.metadata.dirs instead.
2022-10-11 12:48:37,925 [Listener at 127.0.0.1/38717] WARN  db.DBStoreBuilder (DBStoreBuilder.java:applyDBDefinition(144)) - ozone.scm.db.dirs is not configured. We recommend adding this setting. Falling back to ozone.metadata.dirs instead.
2022-10-11 12:48:38,051 [Listener at 127.0.0.1/38717] INFO  net.NodeSchemaLoader (NodeSchemaLoader.java:loadSchemaFromFile(129)) - Loading schema from [jar:file:/home/runner/.m2/repository/org/apache/ozone/hdds-common/1.3.0-SNAPSHOT/hdds-common-1.3.0-SNAPSHOT.jar!/network-topology-default.xml]
2022-10-11 12:48:38,051 [Listener at 127.0.0.1/38717] INFO  net.NodeSchemaLoader (NodeSchemaLoader.java:loadSchema(176)) - Loading network topology layer schema file
2022-10-11 12:48:38,054 [Listener at 127.0.0.1/38717] INFO  upgrade.AbstractLayoutVersionManager (AbstractLayoutVersionManager.java:init(83)) - Initializing Layout version manager with metadata layout = DATANODE_SCHEMA_V3 (version = 4), software layout = DATANODE_SCHEMA_V3 (version = 4)
2022-10-11 12:48:38,109 [Listener at 127.0.0.1/38717] INFO  reflections.Reflections (Reflections.java:scan(232)) - Reflections took 52 ms to scan 7 urls, producing 137 keys and 328 values 
2022-10-11 12:48:38,112 [Listener at 127.0.0.1/38717] INFO  ha.SequenceIdGenerator (SequenceIdGenerator.java:upgradeToSequenceId(349)) - upgrade localId to 109611004723200000
2022-10-11 12:48:38,112 [Listener at 127.0.0.1/38717] INFO  ha.SequenceIdGenerator (SequenceIdGenerator.java:upgradeToSequenceId(359)) - upgrade delTxnId to 0
2022-10-11 12:48:38,112 [Listener at 127.0.0.1/38717] INFO  ha.SequenceIdGenerator (SequenceIdGenerator.java:upgradeToSequenceId(376)) - upgrade containerId to 0
2022-10-11 12:48:38,112 [Listener at 127.0.0.1/38717] INFO  ha.SequenceIdGenerator (SequenceIdGenerator.java:<init>(220)) - Init the HA SequenceIdGenerator.
2022-10-11 12:48:38,115 [Listener at 127.0.0.1/38717] INFO  node.SCMNodeManager (SCMNodeManager.java:<init>(149)) - Entering startup safe mode.
2022-10-11 12:48:38,116 [Listener at 127.0.0.1/38717] INFO  algorithms.ContainerPlacementPolicyFactory (ContainerPlacementPolicyFactory.java:getPolicyInternal(86)) - Create container placement policy of type org.apache.hadoop.hdds.scm.container.placement.algorithms.SCMContainerPlacementRandom
2022-10-11 12:48:38,116 [Listener at 127.0.0.1/38717] INFO  algorithms.ContainerPlacementPolicyFactory (ContainerPlacementPolicyFactory.java:getPolicyInternal(86)) - Create container placement policy of type org.apache.hadoop.hdds.scm.container.placement.algorithms.SCMContainerPlacementRackScatter
2022-10-11 12:48:38,116 [Listener at 127.0.0.1/38717] INFO  pipeline.PipelineStateManagerImpl (PipelineStateManagerImpl.java:initialize(78)) - No pipeline exists in current db
2022-10-11 12:48:38,116 [Listener at 127.0.0.1/38717] INFO  algorithms.LeaderChoosePolicyFactory (LeaderChoosePolicyFactory.java:getPolicy(57)) - Create leader choose policy of type org.apache.hadoop.hdds.scm.pipeline.leader.choose.algorithms.MinLeaderCountChoosePolicy
2022-10-11 12:48:38,117 [Listener at 127.0.0.1/38717] INFO  algorithms.ContainerPlacementPolicyFactory (ContainerPlacementPolicyFactory.java:getPolicyInternal(86)) - Create container placement policy of type org.apache.hadoop.hdds.scm.container.placement.algorithms.SCMContainerPlacementRackScatter
2022-10-11 12:48:38,117 [Listener at 127.0.0.1/38717] INFO  ha.SCMServiceManager (SCMServiceManager.java:register(42)) - Registering service BackgroundPipelineCreator.
2022-10-11 12:48:38,117 [Listener at 127.0.0.1/38717] INFO  pipeline.BackgroundPipelineCreator (BackgroundPipelineCreator.java:start(124)) - Starting RatisPipelineUtilsThread.
2022-10-11 12:48:38,118 [Listener at 127.0.0.1/38717] INFO  BackgroundPipelineScrubber (BackgroundSCMService.java:start(68)) - Starting BackgroundPipelineScrubber Service.
2022-10-11 12:48:38,118 [Listener at 127.0.0.1/38717] INFO  ha.SCMServiceManager (SCMServiceManager.java:register(42)) - Registering service BackgroundPipelineScrubber.
2022-10-11 12:48:38,118 [Listener at 127.0.0.1/38717] INFO  ExpiredContainerReplicaOpScrubber (BackgroundSCMService.java:start(68)) - Starting ExpiredContainerReplicaOpScrubber Service.
2022-10-11 12:48:38,119 [Listener at 127.0.0.1/38717] INFO  ha.SCMServiceManager (SCMServiceManager.java:register(42)) - Registering service ExpiredContainerReplicaOpScrubber.
2022-10-11 12:48:38,120 [Listener at 127.0.0.1/38717] INFO  algorithms.PipelineChoosePolicyFactory (PipelineChoosePolicyFactory.java:createPipelineChoosePolicyFromClass(73)) - Create pipeline choose policy of type org.apache.hadoop.hdds.scm.pipeline.choose.algorithms.RandomPipelineChoosePolicy
2022-10-11 12:48:38,121 [Listener at 127.0.0.1/38717] INFO  ha.SCMServiceManager (SCMServiceManager.java:register(42)) - Registering service SCMBlockDeletingService.
2022-10-11 12:48:38,121 [Listener at 127.0.0.1/38717] INFO  replication.ReplicationManager (ReplicationManager.java:start(223)) - Starting Replication Monitor Thread.
2022-10-11 12:48:38,123 [Listener at 127.0.0.1/38717] INFO  ha.SCMServiceManager (SCMServiceManager.java:register(42)) - Registering service ReplicationManager.
2022-10-11 12:48:38,123 [Listener at 127.0.0.1/38717] INFO  safemode.ContainerSafeModeRule (ContainerSafeModeRule.java:<init>(89)) - containers with one replica threshold count 0
2022-10-11 12:48:38,124 [Listener at 127.0.0.1/38717] INFO  safemode.HealthyPipelineSafeModeRule (HealthyPipelineSafeModeRule.java:initializeRule(169)) - Total pipeline count is 0, healthy pipeline threshold count is 1
2022-10-11 12:48:38,124 [Listener at 127.0.0.1/38717] INFO  safemode.OneReplicaPipelineSafeModeRule (OneReplicaPipelineSafeModeRule.java:initializeRule(180)) - Total pipeline count is 0, pipeline's with at least one datanode reported threshold count is 0
2022-10-11 12:48:38,126 [Listener at 127.0.0.1/38717] INFO  ipc.CallQueueManager (CallQueueManager.java:<init>(90)) - Using callQueue: class java.util.concurrent.LinkedBlockingQueue, queueCapacity: 2000, scheduler: class org.apache.hadoop.ipc.DefaultRpcScheduler, ipcBackoff: false.
2022-10-11 12:48:38,127 [Socket Reader #1 for port 0] INFO  ipc.Server (Server.java:run(1265)) - Starting Socket Reader #1 for port 0
2022-10-11 12:48:38,128 [Listener at 0.0.0.0/41673] INFO  ipc.CallQueueManager (CallQueueManager.java:<init>(90)) - Using callQueue: class java.util.concurrent.LinkedBlockingQueue, queueCapacity: 2000, scheduler: class org.apache.hadoop.ipc.DefaultRpcScheduler, ipcBackoff: false.
2022-10-11 12:48:38,129 [ReplicationMonitor] INFO  replication.ReplicationManager (ReplicationManager.java:processAll(291)) - Replication Manager is not ready to run until 3000ms after safemode exit
2022-10-11 12:48:38,129 [Socket Reader #1 for port 0] INFO  ipc.Server (Server.java:run(1265)) - Starting Socket Reader #1 for port 0
2022-10-11 12:48:38,130 [Listener at 0.0.0.0/33273] INFO  ipc.CallQueueManager (CallQueueManager.java:<init>(90)) - Using callQueue: class java.util.concurrent.LinkedBlockingQueue, queueCapacity: 2000, scheduler: class org.apache.hadoop.ipc.DefaultRpcScheduler, ipcBackoff: false.
2022-10-11 12:48:38,131 [Socket Reader #1 for port 0] INFO  ipc.Server (Server.java:run(1265)) - Starting Socket Reader #1 for port 0
2022-10-11 12:48:38,151 [Listener at 0.0.0.0/40561] INFO  ha.SCMServiceManager (SCMServiceManager.java:register(42)) - Registering service ContainerBalancer.
2022-10-11 12:48:38,152 [Listener at 0.0.0.0/40561] INFO  server.StorageContainerManager (StorageContainerManager.java:<init>(410)) - 
Container Balancer status:
Key                            Value
Running                        false
Container Balancer Configuration values:
Key                                                Value
Threshold                                          10
Max Datanodes to Involve per Iteration(percent)    20
Max Size to Move per Iteration                     500GB
Max Size Entering Target per Iteration             26GB
Max Size Leaving Source per Iteration              26GB

2022-10-11 12:48:38,152 [Listener at 0.0.0.0/40561] WARN  events.EventQueue (EventQueue.java:fireEvent(216)) - No event handler registered for event TypedEvent{payloadType=SafeModeStatus, name='Safe mode status'}
2022-10-11 12:48:38,152 [Listener at 0.0.0.0/40561] INFO  ha.SCMContext (SCMContext.java:updateSafeModeStatus(228)) - Update SafeModeStatus from SafeModeStatus{safeModeStatus=true, preCheckPassed=false} to SafeModeStatus{safeModeStatus=true, preCheckPassed=false}.
2022-10-11 12:48:38,153 [Listener at 0.0.0.0/40561] INFO  server.StorageContainerManager (StorageContainerManager.java:start(1436)) - StorageContainerLocationProtocol RPC server is listening at /0.0.0.0:40561
2022-10-11 12:48:38,154 [Listener at 0.0.0.0/40561] WARN  impl.MetricsConfig (MetricsConfig.java:loadFirst(136)) - Cannot locate configuration: tried hadoop-metrics2-storagecontainermanager.properties,hadoop-metrics2.properties
2022-10-11 12:48:38,155 [Listener at 0.0.0.0/40561] INFO  impl.MetricsSystemImpl (MetricsSystemImpl.java:startTimer(378)) - Scheduled Metric snapshot period at 10 second(s).
2022-10-11 12:48:38,155 [Listener at 0.0.0.0/40561] INFO  impl.MetricsSystemImpl (MetricsSystemImpl.java:start(191)) - StorageContainerManager metrics system started
2022-10-11 12:48:38,170 [Listener at 0.0.0.0/40561] INFO  impl.MetricsSinkAdapter (MetricsSinkAdapter.java:start(204)) - Sink prometheus started
2022-10-11 12:48:38,171 [Listener at 0.0.0.0/40561] INFO  impl.MetricsSystemImpl (MetricsSystemImpl.java:registerSink(305)) - Registered sink prometheus
2022-10-11 12:48:38,187 [Listener at 0.0.0.0/40561] INFO  server.SCMClientProtocolServer (SCMClientProtocolServer.java:start(170)) - RPC server for Client  is listening at /0.0.0.0:40561
2022-10-11 12:48:38,188 [IPC Server Responder] INFO  ipc.Server (Server.java:run(1507)) - IPC Server Responder: starting
2022-10-11 12:48:38,198 [Listener at 0.0.0.0/40561] INFO  server.StorageContainerManager (StorageContainerManager.java:start(1451)) - ScmBlockLocationProtocol RPC server is listening at /0.0.0.0:33273
2022-10-11 12:48:38,203 [Listener at 0.0.0.0/40561] INFO  server.SCMBlockProtocolServer (SCMBlockProtocolServer.java:start(152)) - RPC server for Block Protocol is listening at /0.0.0.0:33273
2022-10-11 12:48:38,188 [IPC Server listener on 0] INFO  ipc.Server (Server.java:run(1344)) - IPC Server listener on 0: starting
2022-10-11 12:48:38,205 [IPC Server Responder] INFO  ipc.Server (Server.java:run(1507)) - IPC Server Responder: starting
2022-10-11 12:48:38,205 [IPC Server listener on 0] INFO  ipc.Server (Server.java:run(1344)) - IPC Server listener on 0: starting
2022-10-11 12:48:38,215 [Listener at 0.0.0.0/40561] INFO  server.SCMDatanodeProtocolServer (SCMDatanodeProtocolServer.java:start(186)) - ScmDatanodeProtocol RPC server for DataNodes is listening at /0.0.0.0:41673
2022-10-11 12:48:38,216 [IPC Server Responder] INFO  ipc.Server (Server.java:run(1507)) - IPC Server Responder: starting
2022-10-11 12:48:38,217 [IPC Server listener on 0] INFO  ipc.Server (Server.java:run(1344)) - IPC Server listener on 0: starting
2022-10-11 12:48:38,220 [org.apache.hadoop.util.JvmPauseMonitor$Monitor@3be9074] INFO  util.JvmPauseMonitor (JvmPauseMonitor.java:run(188)) - Starting JVM pause monitor
2022-10-11 12:48:38,221 [Listener at 0.0.0.0/40561] INFO  http.BaseHttpServer (BaseHttpServer.java:newHttpServer2BuilderForOzone(213)) - Starting Web-server for scm at: http://0.0.0.0:0
2022-10-11 12:48:38,223 [Listener at 0.0.0.0/40561] INFO  http.BaseHttpServer (BaseHttpServer.java:<init>(108)) - Hadoop Security Enabled: false Ozone Security Enabled: false Ozone HTTP Security Enabled: false 
2022-10-11 12:48:38,225 [Listener at 0.0.0.0/40561] INFO  server.AuthenticationFilter (AuthenticationFilter.java:constructSecretProvider(240)) - Unable to initialize FileSignerSecretProvider, falling back to use random secrets.
2022-10-11 12:48:38,228 [Listener at 0.0.0.0/40561] WARN  http.HttpRequestLog (HttpRequestLog.java:getRequestLog(103)) - Jetty request log can only be enabled using Log4j
2022-10-11 12:48:38,229 [Listener at 0.0.0.0/40561] INFO  http.HttpServer2 (HttpServer2.java:addGlobalFilter(1031)) - Added global filter 'safety' (class=org.apache.hadoop.hdds.server.http.HttpServer2$QuotingInputFilter)
2022-10-11 12:48:38,230 [Listener at 0.0.0.0/40561] INFO  http.HttpServer2 (HttpServer2.java:addFilter(1007)) - Added filter static_user_filter (class=org.apache.hadoop.http.lib.StaticUserWebFilter$StaticUserFilter) to context scm
2022-10-11 12:48:38,231 [Listener at 0.0.0.0/40561] INFO  http.HttpServer2 (HttpServer2.java:addFilter(1015)) - Added filter static_user_filter (class=org.apache.hadoop.http.lib.StaticUserWebFilter$StaticUserFilter) to context static
2022-10-11 12:48:38,231 [Listener at 0.0.0.0/40561] INFO  http.HttpServer2 (HttpServer2.java:addFilter(1015)) - Added filter static_user_filter (class=org.apache.hadoop.http.lib.StaticUserWebFilter$StaticUserFilter) to context logs
2022-10-11 12:48:38,232 [Listener at 0.0.0.0/40561] INFO  http.HttpServer2 (HttpServer2.java:bindListener(1250)) - Jetty bound to port 41187
2022-10-11 12:48:38,232 [Listener at 0.0.0.0/40561] INFO  server.Server (Server.java:doStart(375)) - jetty-9.4.43.v20210629; built: 2021-06-30T11:07:22.254Z; git: 526006ecfa3af7f1a27ef3a288e2bef7ea9dd7e8; jvm 1.8.0_345-b01
2022-10-11 12:48:38,234 [Listener at 0.0.0.0/40561] INFO  server.session (DefaultSessionIdManager.java:doStart(334)) - DefaultSessionIdManager workerName=node0
2022-10-11 12:48:38,234 [Listener at 0.0.0.0/40561] INFO  server.session (DefaultSessionIdManager.java:doStart(339)) - No SessionScavenger set, using defaults
2022-10-11 12:48:38,234 [Listener at 0.0.0.0/40561] INFO  server.session (HouseKeeper.java:startScavenging(132)) - node0 Scavenging every 660000ms
2022-10-11 12:48:38,235 [Listener at 0.0.0.0/40561] INFO  handler.ContextHandler (ContextHandler.java:doStart(915)) - Started o.e.j.s.ServletContextHandler@62f1a74d{logs,/logs,file:///home/runner/work/ozone/ozone/hadoop-ozone/integration-test/target/log,AVAILABLE}
2022-10-11 12:48:38,236 [Listener at 0.0.0.0/40561] INFO  handler.ContextHandler (ContextHandler.java:doStart(915)) - Started o.e.j.s.ServletContextHandler@310d9735{static,/static,file:///home/runner/work/ozone/ozone/hadoop-ozone/integration-test/target/test-classes/webapps/static,AVAILABLE}
2022-10-11 12:48:38,241 [Listener at 0.0.0.0/40561] INFO  handler.ContextHandler (ContextHandler.java:doStart(915)) - Started o.e.j.w.WebAppContext@48b2a764{scm,/,file:///home/runner/work/ozone/ozone/hadoop-ozone/integration-test/target/test-classes/webapps/scm/,AVAILABLE}{file:/home/runner/work/ozone/ozone/hadoop-ozone/integration-test/target/test-classes/webapps/scm}
2022-10-11 12:48:38,242 [Listener at 0.0.0.0/40561] INFO  server.AbstractConnector (AbstractConnector.java:doStart(331)) - Started ServerConnector@40fdbd2f{HTTP/1.1, (http/1.1)}{0.0.0.0:41187}
2022-10-11 12:48:38,242 [Listener at 0.0.0.0/40561] INFO  server.Server (Server.java:doStart(415)) - Started @55247ms
2022-10-11 12:48:38,242 [Listener at 0.0.0.0/40561] WARN  impl.MetricsSystemImpl (MetricsSystemImpl.java:register(279)) - Sink prometheus already exists!
2022-10-11 12:48:38,243 [Listener at 0.0.0.0/40561] INFO  http.BaseHttpServer (BaseHttpServer.java:updateConnectorAddress(333)) - HTTP server of scm listening at http://0.0.0.0:41187
2022-10-11 12:48:38,243 [Listener at 0.0.0.0/40561] WARN  server.ServerUtils (ServerUtils.java:getDBPath(225)) - ozone.om.db.dirs is not configured. We recommend adding this setting. Falling back to ozone.metadata.dirs instead.
2022-10-11 12:48:38,245 [Listener at 0.0.0.0/40561] INFO  ha.OMHANodeDetails (OMHANodeDetails.java:loadOMHAConfig(115)) - ozone.om.internal.service.id is not defined, falling back to ozone.om.service.ids to find serviceID for OzoneManager if it is HA enabled cluster
2022-10-11 12:48:38,245 [Listener at 0.0.0.0/40561] INFO  ha.OMHANodeDetails (OMHANodeDetails.java:loadOMHAConfig(226)) - Configuration does not have ozone.om.address set. Falling back to the default OM address /127.0.0.1:0
2022-10-11 12:48:38,246 [Listener at 0.0.0.0/40561] INFO  ha.OMHANodeDetails (OMHANodeDetails.java:getOMNodeDetailsForNonHA(254)) - OM Service ID is not set. Setting it to the default ID: omServiceIdDefault
2022-10-11 12:48:38,246 [Listener at 0.0.0.0/40561] INFO  ha.OMHANodeDetails (OMHANodeDetails.java:getOMNodeDetailsForNonHA(261)) - OM Node ID is not set. Setting it to the default ID: om1
2022-10-11 12:48:38,246 [Listener at 0.0.0.0/40561] WARN  server.ServerUtils (ServerUtils.java:getDBPath(225)) - ozone.om.db.dirs is not configured. We recommend adding this setting. Falling back to ozone.metadata.dirs instead.
2022-10-11 12:48:38,246 [Listener at 0.0.0.0/40561] INFO  upgrade.AbstractLayoutVersionManager (AbstractLayoutVersionManager.java:init(83)) - Initializing Layout version manager with metadata layout = MULTITENANCY_SCHEMA (version = 3), software layout = MULTITENANCY_SCHEMA (version = 3)
2022-10-11 12:48:38,334 [Listener at 0.0.0.0/40561] INFO  reflections.Reflections (Reflections.java:scan(232)) - Reflections took 87 ms to scan 2 urls, producing 154 keys and 428 values [using 2 cores]
2022-10-11 12:48:38,335 [Listener at 0.0.0.0/40561] INFO  upgrade.OMLayoutVersionManager (OMLayoutVersionManager.java:lambda$0(115)) - Skipping Upgrade Action MockOmUpgradeAction since it has been finalized.
2022-10-11 12:48:38,335 [Listener at 0.0.0.0/40561] WARN  server.ServerUtils (ServerUtils.java:getDBPath(225)) - ozone.om.db.dirs is not configured. We recommend adding this setting. Falling back to ozone.metadata.dirs instead.
2022-10-11 12:48:38,336 [Listener at 0.0.0.0/40561] INFO  proxy.SCMBlockLocationFailoverProxyProvider (SCMBlockLocationFailoverProxyProvider.java:<init>(114)) - Created block location fail-over proxy with 1 nodes: [nodeId=scmNodeId,nodeAddress=/0.0.0.0:33273]
2022-10-11 12:48:38,337 [Listener at 0.0.0.0/40561] INFO  proxy.SCMBlockLocationFailoverProxyProvider (SCMBlockLocationFailoverProxyProvider.java:<init>(114)) - Created block location fail-over proxy with 1 nodes: [nodeId=scmNodeId,nodeAddress=/0.0.0.0:33273]
2022-10-11 12:48:38,351 [Listener at 0.0.0.0/40561] WARN  server.ServerUtils (ServerUtils.java:getDBPath(225)) - ozone.om.db.dirs is not configured. We recommend adding this setting. Falling back to ozone.metadata.dirs instead.
2022-10-11 12:48:38,352 [Listener at 0.0.0.0/40561] INFO  codec.OmKeyInfoCodec (OmKeyInfoCodec.java:<init>(49)) - OmKeyInfoCodec ignorePipeline = true
2022-10-11 12:48:38,352 [Listener at 0.0.0.0/40561] INFO  codec.RepeatedOmKeyInfoCodec (RepeatedOmKeyInfoCodec.java:<init>(41)) - RepeatedOmKeyInfoCodec ignorePipeline = true
2022-10-11 12:48:38,537 [Listener at 0.0.0.0/40561] INFO  om.OzoneManager (OzoneManager.java:instantiateServices(712)) - S3 Multi-Tenancy is disabled
2022-10-11 12:48:38,539 [Listener at 0.0.0.0/40561] INFO  om.OzoneManager (OzoneManager.java:addS3GVolumeToDB(4389)) - Created Volume s3v With Owner runner required for S3Gateway operations.
2022-10-11 12:48:38,539 [Listener at 0.0.0.0/40561] WARN  server.ServerUtils (ServerUtils.java:getDefaultRatisDirectory(237)) - Storage directory for Ratis is not configured. It is a good idea to map this to an SSD disk. Falling back to ozone.metadata.dirs
2022-10-11 12:48:38,539 [Listener at 0.0.0.0/40561] WARN  utils.OzoneManagerRatisUtils (OzoneManagerRatisUtils.java:getOMRatisSnapshotDirectory(434)) - ozone.om.ratis.snapshot.dir is not configured. Falling back to ozone.metadata.dirs config
2022-10-11 12:48:38,540 [Listener at 0.0.0.0/40561] WARN  server.ServerUtils (ServerUtils.java:getDefaultRatisDirectory(237)) - Storage directory for Ratis is not configured. It is a good idea to map this to an SSD disk. Falling back to ozone.metadata.dirs
2022-10-11 12:48:38,541 [Listener at 0.0.0.0/40561] INFO  ratis.OzoneManagerRatisServer (OzoneManagerRatisServer.java:<init>(160)) - Instantiating OM Ratis server with groupID: omServiceIdDefault and peers: localhost:9872
2022-10-11 12:48:38,542 [Listener at 0.0.0.0/40561] INFO  ratis.OzoneManagerStateMachine (OzoneManagerStateMachine.java:loadSnapshotInfoFromDB(632)) - LastAppliedIndex is set from TransactionInfo from OM DB as (t:0, i:~)
2022-10-11 12:48:38,542 [Listener at 0.0.0.0/40561] INFO  server.RaftServer (ConfUtils.java:logGet(46)) - raft.rpc.type = GRPC (default)
2022-10-11 12:48:38,542 [Listener at 0.0.0.0/40561] INFO  grpc.GrpcFactory (GrpcFactory.java:checkPooledByteBufAllocatorUseCacheForAllThreads(48)) - PERFORMANCE WARNING: useCacheForAllThreads is true that may cause Netty to create a lot garbage objects and, as a result, trigger GC.
	It is recommended to disable useCacheForAllThreads by setting -Dorg.apache.ratis.thirdparty.io.netty.allocator.useCacheForAllThreads=false in command line.
2022-10-11 12:48:38,543 [Listener at 0.0.0.0/40561] INFO  grpc.GrpcConfigKeys (ConfUtils.java:logGet(46)) - raft.grpc.admin.port = -1 (default)
2022-10-11 12:48:38,543 [Listener at 0.0.0.0/40561] INFO  grpc.GrpcConfigKeys (ConfUtils.java:logGet(46)) - raft.grpc.server.port = 9872 (custom)
2022-10-11 12:48:38,543 [Listener at 0.0.0.0/40561] INFO  grpc.GrpcConfigKeys (ConfUtils.java:logGet(46)) - raft.grpc.client.port = -1 (default)
2022-10-11 12:48:38,544 [Listener at 0.0.0.0/40561] INFO  grpc.GrpcConfigKeys (ConfUtils.java:logGet(46)) - raft.grpc.server.port = 9872 (custom)
2022-10-11 12:48:38,544 [Listener at 0.0.0.0/40561] INFO  grpc.GrpcConfigKeys (ConfUtils.java:logGet(46)) - raft.grpc.server.port = 9872 (custom)
2022-10-11 12:48:38,544 [Listener at 0.0.0.0/40561] INFO  server.GrpcService (ConfUtils.java:logGet(46)) - raft.grpc.message.size.max = 33554432 (custom)
2022-10-11 12:48:38,544 [Listener at 0.0.0.0/40561] INFO  server.RaftServerConfigKeys (ConfUtils.java:logGet(46)) - raft.server.log.appender.buffer.byte-limit = 33554432 (custom)
2022-10-11 12:48:38,544 [Listener at 0.0.0.0/40561] INFO  server.GrpcService (ConfUtils.java:logGet(46)) - raft.grpc.flow.control.window = 1MB (=1048576) (default)
2022-10-11 12:48:38,545 [Listener at 0.0.0.0/40561] INFO  server.RaftServerConfigKeys (ConfUtils.java:logGet(46)) - raft.server.rpc.request.timeout = 3000ms (default)
2022-10-11 12:48:38,545 [Listener at 0.0.0.0/40561] INFO  grpc.GrpcConfigKeys (ConfUtils.java:logGet(46)) - raft.grpc.server.async.request.thread.pool.cached = true (default)
2022-10-11 12:48:38,545 [Listener at 0.0.0.0/40561] INFO  grpc.GrpcConfigKeys (ConfUtils.java:logGet(46)) - raft.grpc.server.async.request.thread.pool.size = 32 (default)
2022-10-11 12:48:38,546 [Listener at 0.0.0.0/40561] INFO  impl.DataStreamServerImpl (ConfUtils.java:logGet(46)) - raft.datastream.type = DISABLED (default)
2022-10-11 12:48:38,547 [Listener at 0.0.0.0/40561] INFO  server.RaftServerConfigKeys (ConfUtils.java:logGet(46)) - raft.server.threadpool.proxy.cached = true (default)
2022-10-11 12:48:38,547 [Listener at 0.0.0.0/40561] INFO  server.RaftServerConfigKeys (ConfUtils.java:logGet(46)) - raft.server.threadpool.proxy.size = 0 (default)
2022-10-11 12:48:38,547 [Listener at 0.0.0.0/40561] INFO  server.RaftServerConfigKeys (ConfUtils.java:logGet(46)) - raft.server.rpc.slowness.timeout = 120s (custom)
2022-10-11 12:48:38,547 [Listener at 0.0.0.0/40561] INFO  server.RaftServerConfigKeys (ConfUtils.java:logGet(46)) - raft.server.leaderelection.leader.step-down.wait-time = 10s (default)
2022-10-11 12:48:38,548 [Listener at 0.0.0.0/40561] INFO  server.RaftServerConfigKeys (ConfUtils.java:logGet(46)) - raft.server.storage.dir = [/home/runner/work/ozone/ozone/hadoop-ozone/integration-test/target/test-dir/MiniOzoneClusterImpl-5cb71319-a8c8-4762-aa0c-8f2be259135d/ozone-meta/ratis] (custom)
2022-10-11 12:48:38,548 [Listener at 0.0.0.0/40561] INFO  server.RaftServer (RaftServerProxy.java:addNew(96)) - om1: addNew group-C5BA1605619E:[om1|rpc:localhost:9872|priority:0] returns group-C5BA1605619E:java.util.concurrent.CompletableFuture@2cca0a50[Not completed]
2022-10-11 12:48:38,549 [Listener at 0.0.0.0/40561] INFO  om.OzoneManager (OzoneManager.java:initializeRatisServer(1979)) - OzoneManager Ratis server initialized at port 9872
2022-10-11 12:48:38,550 [Listener at 0.0.0.0/40561] INFO  om.OzoneManager (OzoneManager.java:getRpcServer(1102)) - Creating RPC Server
2022-10-11 12:48:38,548 [pool-327-thread-1] INFO  server.RaftServer$Division (RaftServerImpl.java:<init>(190)) - om1: new RaftServerImpl for group-C5BA1605619E:[om1|rpc:localhost:9872|priority:0] with OzoneManagerStateMachine:uninitialized
2022-10-11 12:48:38,551 [pool-327-thread-1] INFO  server.RaftServerConfigKeys (ConfUtils.java:logGet(46)) - raft.server.rpc.timeout.min = 1s (custom)
2022-10-11 12:48:38,551 [pool-327-thread-1] INFO  server.RaftServerConfigKeys (ConfUtils.java:logGet(46)) - raft.server.rpc.timeout.max = 1200ms (custom)
2022-10-11 12:48:38,551 [pool-327-thread-1] INFO  server.RaftServerConfigKeys (ConfUtils.java:logGet(46)) - raft.server.rpc.sleep.time = 25ms (default)
2022-10-11 12:48:38,551 [pool-327-thread-1] INFO  server.RaftServerConfigKeys (ConfUtils.java:logGet(46)) - raft.server.rpc.slowness.timeout = 120s (custom)
2022-10-11 12:48:38,551 [pool-327-thread-1] INFO  server.RaftServerConfigKeys (ConfUtils.java:logGet(46)) - raft.server.leaderelection.leader.step-down.wait-time = 10s (default)
2022-10-11 12:48:38,552 [pool-327-thread-1] INFO  server.RaftServerConfigKeys (ConfUtils.java:logGet(46)) - raft.server.sleep.deviation.threshold = 300ms (default)
2022-10-11 12:48:38,552 [pool-327-thread-1] INFO  server.RaftServer$Division (ServerState.java:<init>(107)) - om1@group-C5BA1605619E: ConfigurationManager, init=-1: [om1|rpc:localhost:9872|priority:0], old=null, confs=<EMPTY_MAP>
2022-10-11 12:48:38,552 [pool-327-thread-1] INFO  server.RaftServerConfigKeys (ConfUtils.java:logGet(46)) - raft.server.storage.dir = [/home/runner/work/ozone/ozone/hadoop-ozone/integration-test/target/test-dir/MiniOzoneClusterImpl-5cb71319-a8c8-4762-aa0c-8f2be259135d/ozone-meta/ratis] (custom)
2022-10-11 12:48:38,552 [pool-327-thread-1] INFO  server.RaftServerConfigKeys (ConfUtils.java:logGet(46)) - raft.server.log.corruption.policy = EXCEPTION (default)
2022-10-11 12:48:38,552 [pool-327-thread-1] INFO  server.RaftServerConfigKeys (ConfUtils.java:logGet(46)) - raft.server.storage.free-space.min = 0MB (=0) (default)
2022-10-11 12:48:38,552 [pool-327-thread-1] INFO  storage.RaftStorageDirectory (RaftStorageDirectoryImpl.java:analyzeStorage(135)) - The storage directory /home/runner/work/ozone/ozone/hadoop-ozone/integration-test/target/test-dir/MiniOzoneClusterImpl-5cb71319-a8c8-4762-aa0c-8f2be259135d/ozone-meta/ratis/bf265839-605b-3f16-9796-c5ba1605619e does not exist. Creating ...
2022-10-11 12:48:38,554 [pool-327-thread-1] INFO  storage.RaftStorageDirectory (RaftStorageDirectoryImpl.java:tryLock(230)) - Lock on /home/runner/work/ozone/ozone/hadoop-ozone/integration-test/target/test-dir/MiniOzoneClusterImpl-5cb71319-a8c8-4762-aa0c-8f2be259135d/ozone-meta/ratis/bf265839-605b-3f16-9796-c5ba1605619e/in_use.lock acquired by nodename 36499@fv-az570-546
2022-10-11 12:48:38,556 [pool-327-thread-1] INFO  storage.RaftStorage (RaftStorageImpl.java:format(89)) - Storage directory /home/runner/work/ozone/ozone/hadoop-ozone/integration-test/target/test-dir/MiniOzoneClusterImpl-5cb71319-a8c8-4762-aa0c-8f2be259135d/ozone-meta/ratis/bf265839-605b-3f16-9796-c5ba1605619e has been successfully formatted.
2022-10-11 12:48:38,556 [pool-327-thread-1] INFO  server.RaftServerConfigKeys (ConfUtils.java:logGet(46)) - raft.server.notification.no-leader.timeout = 120s (custom)
2022-10-11 12:48:38,556 [pool-327-thread-1] INFO  server.RaftServerConfigKeys (ConfUtils.java:logGet(46)) - raft.server.log.use.memory = false (default)
2022-10-11 12:48:38,556 [pool-327-thread-1] INFO  server.RaftServerConfigKeys (ConfUtils.java:logGet(46)) - raft.server.log.purge.gap = 1000000 (custom)
2022-10-11 12:48:38,556 [pool-327-thread-1] INFO  server.RaftServerConfigKeys (ConfUtils.java:logGet(46)) - raft.server.log.appender.buffer.byte-limit = 33554432 (custom)
2022-10-11 12:48:38,594 [pool-327-thread-1] INFO  server.RaftServerConfigKeys (ConfUtils.java:logGet(46)) - raft.server.log.statemachine.data.read.timeout = 1000ms (default)
2022-10-11 12:48:38,608 [pool-327-thread-1] INFO  server.RaftServerConfigKeys (ConfUtils.java:logGet(46)) - raft.server.log.segment.size.max = 4194304 (custom)
2022-10-11 12:48:38,608 [pool-327-thread-1] INFO  server.RaftServerConfigKeys (ConfUtils.java:logGet(46)) - raft.server.log.segment.cache.num.max = 2 (custom)
2022-10-11 12:48:38,608 [pool-327-thread-1] INFO  server.RaftServerConfigKeys (ConfUtils.java:logGet(46)) - raft.server.log.segment.cache.size.max = 200MB (=209715200) (default)
2022-10-11 12:48:38,608 [pool-327-thread-1] INFO  segmented.SegmentedRaftLogWorker (SegmentedRaftLogWorker.java:<init>(187)) - new om1@group-C5BA1605619E-SegmentedRaftLogWorker for RaftStorageImpl:Storage Directory /home/runner/work/ozone/ozone/hadoop-ozone/integration-test/target/test-dir/MiniOzoneClusterImpl-5cb71319-a8c8-4762-aa0c-8f2be259135d/ozone-meta/ratis/bf265839-605b-3f16-9796-c5ba1605619e
2022-10-11 12:48:38,608 [pool-327-thread-1] INFO  server.RaftServerConfigKeys (ConfUtils.java:logGet(46)) - raft.server.log.queue.byte-limit = 64MB (=67108864) (default)
2022-10-11 12:48:38,608 [pool-327-thread-1] INFO  server.RaftServerConfigKeys (ConfUtils.java:logGet(46)) - raft.server.log.queue.element-limit = 4096 (default)
2022-10-11 12:48:38,609 [pool-327-thread-1] INFO  server.RaftServerConfigKeys (ConfUtils.java:logGet(46)) - raft.server.log.segment.size.max = 4194304 (custom)
2022-10-11 12:48:38,609 [pool-327-thread-1] INFO  server.RaftServerConfigKeys (ConfUtils.java:logGet(46)) - raft.server.log.preallocated.size = 4194304 (custom)
2022-10-11 12:48:38,609 [pool-327-thread-1] INFO  server.RaftServerConfigKeys (ConfUtils.java:logGet(46)) - raft.server.log.force.sync.num = 128 (default)
2022-10-11 12:48:38,609 [pool-327-thread-1] INFO  server.RaftServerConfigKeys (ConfUtils.java:logGet(46)) - raft.server.log.statemachine.data.sync = true (default)
2022-10-11 12:48:38,609 [pool-327-thread-1] INFO  server.RaftServerConfigKeys (ConfUtils.java:logGet(46)) - raft.server.log.statemachine.data.sync.timeout = 10s (default)
2022-10-11 12:48:38,609 [pool-327-thread-1] INFO  server.RaftServerConfigKeys (ConfUtils.java:logGet(46)) - raft.server.log.statemachine.data.sync.timeout.retry = -1 (default)
2022-10-11 12:48:38,610 [pool-327-thread-1] INFO  server.RaftServerConfigKeys (ConfUtils.java:logGet(46)) - raft.server.log.write.buffer.size = 64KB (=65536) (default)
2022-10-11 12:48:38,610 [pool-327-thread-1] INFO  server.RaftServerConfigKeys (ConfUtils.java:logGet(46)) - raft.server.log.unsafe-flush.enabled = false (default)
2022-10-11 12:48:38,610 [pool-327-thread-1] INFO  server.RaftServerConfigKeys (ConfUtils.java:logGet(46)) - raft.server.log.statemachine.data.caching.enabled = false (default)
2022-10-11 12:48:38,611 [pool-327-thread-1] INFO  segmented.SegmentedRaftLogWorker (SegmentedRaftLogWorker.java:lambda$new$0(135)) - om1@group-C5BA1605619E-SegmentedRaftLogWorker: flushIndex: setUnconditionally 0 -> -1
2022-10-11 12:48:38,611 [pool-327-thread-1] INFO  segmented.SegmentedRaftLogWorker (SegmentedRaftLogWorker.java:lambda$new$0(135)) - om1@group-C5BA1605619E-SegmentedRaftLogWorker: safeCacheEvictIndex: setUnconditionally 0 -> -1
2022-10-11 12:48:38,614 [pool-327-thread-1] INFO  server.RaftServerConfigKeys (ConfUtils.java:logGet(46)) - raft.server.snapshot.auto.trigger.enabled = true (custom)
2022-10-11 12:48:38,614 [pool-327-thread-1] INFO  server.RaftServerConfigKeys (ConfUtils.java:logGet(46)) - raft.server.snapshot.auto.trigger.threshold = 400000 (default)
2022-10-11 12:48:38,614 [pool-327-thread-1] INFO  server.RaftServerConfigKeys (ConfUtils.java:logGet(46)) - raft.server.snapshot.retention.file.num = -1 (default)
2022-10-11 12:48:38,614 [pool-327-thread-1] INFO  server.RaftServerConfigKeys (ConfUtils.java:logGet(46)) - raft.server.log.purge.upto.snapshot.index = true (custom)
2022-10-11 12:48:38,615 [pool-327-thread-1] INFO  server.RaftServerConfigKeys (ConfUtils.java:logGet(46)) - raft.server.retrycache.expirytime = 300s (custom)
2022-10-11 12:48:38,615 [pool-327-thread-1] INFO  server.RaftServerConfigKeys (ConfUtils.java:logGet(46)) - raft.server.retrycache.statistics.expirytime = 100μs (default)
2022-10-11 12:48:38,617 [pool-327-thread-1] INFO  server.RaftServerConfigKeys (ConfUtils.java:logGet(46)) - raft.server.log.appender.install.snapshot.enabled = false (custom)
2022-10-11 12:48:38,617 [pool-327-thread-1] INFO  server.RaftServerConfigKeys (ConfUtils.java:logGet(46)) - raft.server.threadpool.server.cached = true (default)
2022-10-11 12:48:38,617 [pool-327-thread-1] INFO  server.RaftServerConfigKeys (ConfUtils.java:logGet(46)) - raft.server.threadpool.server.size = 0 (default)
2022-10-11 12:48:38,617 [pool-327-thread-1] INFO  server.RaftServerConfigKeys (ConfUtils.java:logGet(46)) - raft.server.threadpool.client.cached = true (default)
2022-10-11 12:48:38,618 [pool-327-thread-1] INFO  server.RaftServerConfigKeys (ConfUtils.java:logGet(46)) - raft.server.threadpool.client.size = 0 (default)
2022-10-11 12:48:39,025 [Listener at 0.0.0.0/40561] INFO  reflections.Reflections (Reflections.java:scan(232)) - Reflections took 474 ms to scan 19 urls, producing 67 keys and 4227 values [using 2 cores]
2022-10-11 12:48:39,027 [Listener at 0.0.0.0/40561] INFO  ipc.CallQueueManager (CallQueueManager.java:<init>(90)) - Using callQueue: class java.util.concurrent.LinkedBlockingQueue, queueCapacity: 2000, scheduler: class org.apache.hadoop.ipc.DefaultRpcScheduler, ipcBackoff: false.
2022-10-11 12:48:39,028 [Socket Reader #1 for port 0] INFO  ipc.Server (Server.java:run(1265)) - Starting Socket Reader #1 for port 0
2022-10-11 12:48:39,050 [Listener at 127.0.0.1/37873] INFO  impl.MetricsSystemImpl (MetricsSystemImpl.java:init(158)) - OzoneManager metrics system started (again)
2022-10-11 12:48:39,063 [Listener at 127.0.0.1/37873] INFO  om.OzoneManager (OzoneManager.java:start(1486)) - OzoneManager RPC server is listening at localhost/127.0.0.1:37873
2022-10-11 12:48:39,063 [Listener at 127.0.0.1/37873] INFO  ratis.OzoneManagerRatisServer (OzoneManagerRatisServer.java:start(555)) - Starting OzoneManagerRatisServer om1 at port 9872
2022-10-11 12:48:39,064 [om1-impl-thread1] INFO  server.RaftServer$Division (RaftServerImpl.java:start(310)) - om1@group-C5BA1605619E: start as a follower, conf=-1: [om1|rpc:localhost:9872|priority:0], old=null
2022-10-11 12:48:39,064 [om1-impl-thread1] INFO  server.RaftServer$Division (RaftServerImpl.java:setRole(299)) - om1@group-C5BA1605619E: changes role from      null to FOLLOWER at term 0 for startAsFollower
2022-10-11 12:48:39,064 [om1-impl-thread1] INFO  impl.RoleInfo (RoleInfo.java:updateAndGet(139)) - om1: start om1@group-C5BA1605619E-FollowerState
2022-10-11 12:48:39,065 [om1-impl-thread1] INFO  util.JmxRegister (JmxRegister.java:tryRegister(44)) - Successfully registered JMX Bean with object name Ratis:service=RaftServer,group=group-C5BA1605619E,id=om1
2022-10-11 12:48:39,066 [Listener at 127.0.0.1/37873] INFO  server.RaftServer (RaftServerProxy.java:lambda$start$6(382)) - om1: start RPC server
2022-10-11 12:48:39,068 [Listener at 127.0.0.1/37873] INFO  server.GrpcService (GrpcService.java:startImpl(260)) - om1: GrpcService started, listening on 9872
2022-10-11 12:48:39,068 [Listener at 127.0.0.1/37873] INFO  om.OzoneManager (OzoneManager.java:start(1502)) - Version File has different layout version (3) than OM DB (null). That is expected if this OM has never been finalized to a newer layout version.
2022-10-11 12:48:39,068 [org.apache.ratis.util.JvmPauseMonitor$$Lambda$703/795293305@7767c493] INFO  util.JvmPauseMonitor (JvmPauseMonitor.java:run(103)) - JvmPauseMonitor-om1: Started
2022-10-11 12:48:39,074 [Listener at 127.0.0.1/37873] INFO  http.BaseHttpServer (BaseHttpServer.java:newHttpServer2BuilderForOzone(213)) - Starting Web-server for ozoneManager at: http://0.0.0.0:0
2022-10-11 12:48:39,074 [Listener at 127.0.0.1/37873] INFO  http.BaseHttpServer (BaseHttpServer.java:<init>(108)) - Hadoop Security Enabled: false Ozone Security Enabled: false Ozone HTTP Security Enabled: false 
2022-10-11 12:48:39,076 [Listener at 127.0.0.1/37873] INFO  server.AuthenticationFilter (AuthenticationFilter.java:constructSecretProvider(240)) - Unable to initialize FileSignerSecretProvider, falling back to use random secrets.
2022-10-11 12:48:39,076 [Listener at 127.0.0.1/37873] WARN  http.HttpRequestLog (HttpRequestLog.java:getRequestLog(103)) - Jetty request log can only be enabled using Log4j
2022-10-11 12:48:39,078 [Listener at 127.0.0.1/37873] INFO  http.HttpServer2 (HttpServer2.java:addGlobalFilter(1031)) - Added global filter 'safety' (class=org.apache.hadoop.hdds.server.http.HttpServer2$QuotingInputFilter)
2022-10-11 12:48:39,079 [Listener at 127.0.0.1/37873] INFO  http.HttpServer2 (HttpServer2.java:addFilter(1007)) - Added filter static_user_filter (class=org.apache.hadoop.http.lib.StaticUserWebFilter$StaticUserFilter) to context ozoneManager
2022-10-11 12:48:39,079 [Listener at 127.0.0.1/37873] INFO  http.HttpServer2 (HttpServer2.java:addFilter(1015)) - Added filter static_user_filter (class=org.apache.hadoop.http.lib.StaticUserWebFilter$StaticUserFilter) to context static
2022-10-11 12:48:39,079 [Listener at 127.0.0.1/37873] INFO  http.HttpServer2 (HttpServer2.java:addFilter(1015)) - Added filter static_user_filter (class=org.apache.hadoop.http.lib.StaticUserWebFilter$StaticUserFilter) to context logs
2022-10-11 12:48:39,080 [Listener at 127.0.0.1/37873] INFO  http.HttpServer2 (HttpServer2.java:bindListener(1250)) - Jetty bound to port 33589
2022-10-11 12:48:39,080 [Listener at 127.0.0.1/37873] INFO  server.Server (Server.java:doStart(375)) - jetty-9.4.43.v20210629; built: 2021-06-30T11:07:22.254Z; git: 526006ecfa3af7f1a27ef3a288e2bef7ea9dd7e8; jvm 1.8.0_345-b01
2022-10-11 12:48:39,082 [Listener at 127.0.0.1/37873] INFO  server.session (DefaultSessionIdManager.java:doStart(334)) - DefaultSessionIdManager workerName=node0
2022-10-11 12:48:39,082 [Listener at 127.0.0.1/37873] INFO  server.session (DefaultSessionIdManager.java:doStart(339)) - No SessionScavenger set, using defaults
2022-10-11 12:48:39,082 [Listener at 127.0.0.1/37873] INFO  server.session (HouseKeeper.java:startScavenging(132)) - node0 Scavenging every 660000ms
2022-10-11 12:48:39,083 [Listener at 127.0.0.1/37873] INFO  handler.ContextHandler (ContextHandler.java:doStart(915)) - Started o.e.j.s.ServletContextHandler@466d9a63{logs,/logs,file:///home/runner/work/ozone/ozone/hadoop-ozone/integration-test/target/log,AVAILABLE}
2022-10-11 12:48:39,084 [Listener at 127.0.0.1/37873] INFO  handler.ContextHandler (ContextHandler.java:doStart(915)) - Started o.e.j.s.ServletContextHandler@43e9173{static,/static,file:///home/runner/work/ozone/ozone/hadoop-ozone/integration-test/target/test-classes/webapps/static,AVAILABLE}
2022-10-11 12:48:39,088 [Listener at 127.0.0.1/37873] INFO  handler.ContextHandler (ContextHandler.java:doStart(915)) - Started o.e.j.w.WebAppContext@d9b8325{ozoneManager,/,file:///home/runner/work/ozone/ozone/hadoop-ozone/integration-test/target/test-classes/webapps/ozoneManager/,AVAILABLE}{file:/home/runner/work/ozone/ozone/hadoop-ozone/integration-test/target/test-classes/webapps/ozoneManager}
2022-10-11 12:48:39,090 [Listener at 127.0.0.1/37873] INFO  server.AbstractConnector (AbstractConnector.java:doStart(331)) - Started ServerConnector@bb08766{HTTP/1.1, (http/1.1)}{0.0.0.0:33589}
2022-10-11 12:48:39,090 [Listener at 127.0.0.1/37873] INFO  server.Server (Server.java:doStart(415)) - Started @56095ms
2022-10-11 12:48:39,090 [Listener at 127.0.0.1/37873] WARN  impl.MetricsSystemImpl (MetricsSystemImpl.java:register(279)) - Sink prometheus already exists!
2022-10-11 12:48:39,091 [Listener at 127.0.0.1/37873] INFO  http.BaseHttpServer (BaseHttpServer.java:updateConnectorAddress(333)) - HTTP server of ozoneManager listening at http://0.0.0.0:33589
2022-10-11 12:48:39,091 [IPC Server Responder] INFO  ipc.Server (Server.java:run(1507)) - IPC Server Responder: starting
2022-10-11 12:48:39,092 [IPC Server listener on 0] INFO  ipc.Server (Server.java:run(1344)) - IPC Server listener on 0: starting
2022-10-11 12:48:39,096 [Listener at 127.0.0.1/37873] INFO  om.OzoneManager (OzoneManager.java:startTrashEmptier(1923)) - Trash Interval set to 0. Files deleted won't move to trash
2022-10-11 12:48:39,105 [org.apache.hadoop.util.JvmPauseMonitor$Monitor@1161beb2] INFO  util.JvmPauseMonitor (JvmPauseMonitor.java:run(188)) - Starting JVM pause monitor
2022-10-11 12:48:39,116 [Listener at 127.0.0.1/37873] WARN  impl.MetricRegistriesImpl (MetricRegistriesImpl.java:addReporterRegistration(111)) - New reporters are added after registries were created. Some metrics will be missing from the reporter. Please add reporter before adding any new registry.
2022-10-11 12:48:39,116 [Listener at 127.0.0.1/37873] WARN  impl.MetricRegistriesImpl (MetricRegistriesImpl.java:addReporterRegistration(111)) - New reporters are added after registries were created. Some metrics will be missing from the reporter. Please add reporter before adding any new registry.
2022-10-11 12:48:39,116 [Listener at 127.0.0.1/37873] INFO  impl.MetricsSystemImpl (MetricsSystemImpl.java:init(158)) - HddsDatanode metrics system started (again)
2022-10-11 12:48:39,129 [Listener at 127.0.0.1/37873] INFO  ozone.HddsDatanodeService (HddsDatanodeService.java:start(236)) - HddsDatanodeService host:fv-az570-546.srgqcr2moziuvm0qev4lajleyh.dx.internal.cloudapp.net ip:10.1.1.98
2022-10-11 12:48:39,154 [Listener at 127.0.0.1/37873] INFO  upgrade.AbstractLayoutVersionManager (AbstractLayoutVersionManager.java:init(83)) - Initializing Layout version manager with metadata layout = DATANODE_SCHEMA_V3 (version = 4), software layout = DATANODE_SCHEMA_V3 (version = 4)
2022-10-11 12:48:39,208 [Listener at 127.0.0.1/37873] INFO  reflections.Reflections (Reflections.java:scan(232)) - Reflections took 51 ms to scan 7 urls, producing 137 keys and 328 values 
2022-10-11 12:48:39,212 [Listener at 127.0.0.1/37873] INFO  statemachine.DatanodeStateMachine (DatanodeStateMachine.java:getEndPointTaskThreadPoolSize(237)) - Datanode State Machine Task Thread Pool size 2
2022-10-11 12:48:39,218 [Listener at 127.0.0.1/37873] INFO  volume.HddsVolume (HddsVolume.java:<init>(117)) - Creating HddsVolume: /home/runner/work/ozone/ozone/hadoop-ozone/integration-test/target/test-dir/MiniOzoneClusterImpl-5cb71319-a8c8-4762-aa0c-8f2be259135d/datanode-0/data-0/containers/hdds of storage type : DISK capacity : 9223372036854775807
2022-10-11 12:48:39,218 [Listener at 127.0.0.1/37873] INFO  volume.MutableVolumeSet (MutableVolumeSet.java:initializeVolumeSet(174)) - Added Volume : /home/runner/work/ozone/ozone/hadoop-ozone/integration-test/target/test-dir/MiniOzoneClusterImpl-5cb71319-a8c8-4762-aa0c-8f2be259135d/datanode-0/data-0/containers/hdds to VolumeSet
2022-10-11 12:48:39,219 [Listener at 127.0.0.1/37873] INFO  volume.ThrottledAsyncChecker (ThrottledAsyncChecker.java:schedule(141)) - Scheduling a check for /home/runner/work/ozone/ozone/hadoop-ozone/integration-test/target/test-dir/MiniOzoneClusterImpl-5cb71319-a8c8-4762-aa0c-8f2be259135d/datanode-0/data-0/containers/hdds
2022-10-11 12:48:39,219 [Listener at 127.0.0.1/37873] INFO  volume.StorageVolumeChecker (StorageVolumeChecker.java:checkAllVolumes(202)) - Scheduled health check for volume /home/runner/work/ozone/ozone/hadoop-ozone/integration-test/target/test-dir/MiniOzoneClusterImpl-5cb71319-a8c8-4762-aa0c-8f2be259135d/datanode-0/data-0/containers/hdds
2022-10-11 12:48:39,232 [Listener at 127.0.0.1/37873] INFO  volume.MutableVolumeSet (MutableVolumeSet.java:initializeVolumeSet(174)) - Added Volume : /home/runner/work/ozone/ozone/hadoop-ozone/integration-test/target/test-dir/MiniOzoneClusterImpl-5cb71319-a8c8-4762-aa0c-8f2be259135d/datanode-0/data/ratis to VolumeSet
2022-10-11 12:48:39,232 [Listener at 127.0.0.1/37873] INFO  volume.ThrottledAsyncChecker (ThrottledAsyncChecker.java:schedule(141)) - Scheduling a check for /home/runner/work/ozone/ozone/hadoop-ozone/integration-test/target/test-dir/MiniOzoneClusterImpl-5cb71319-a8c8-4762-aa0c-8f2be259135d/datanode-0/data/ratis
2022-10-11 12:48:39,233 [Listener at 127.0.0.1/37873] INFO  volume.StorageVolumeChecker (StorageVolumeChecker.java:checkAllVolumes(202)) - Scheduled health check for volume /home/runner/work/ozone/ozone/hadoop-ozone/integration-test/target/test-dir/MiniOzoneClusterImpl-5cb71319-a8c8-4762-aa0c-8f2be259135d/datanode-0/data/ratis
2022-10-11 12:48:39,247 [Thread-2517] INFO  ozoneimpl.ContainerReader (ContainerReader.java:readVolume(175)) - Finish verifying containers on volume /home/runner/work/ozone/ozone/hadoop-ozone/integration-test/target/test-dir/MiniOzoneClusterImpl-5cb71319-a8c8-4762-aa0c-8f2be259135d/datanode-0/data-0/containers/hdds
2022-10-11 12:48:39,247 [Listener at 127.0.0.1/37873] INFO  ozoneimpl.OzoneContainer (OzoneContainer.java:buildContainerSet(300)) - Build ContainerSet costs 0s
2022-10-11 12:48:39,250 [Listener at 127.0.0.1/37873] INFO  server.RaftServer (ConfUtils.java:logGet(46)) - raft.rpc.type = GRPC (default)
2022-10-11 12:48:39,251 [Listener at 127.0.0.1/37873] INFO  grpc.GrpcFactory (GrpcFactory.java:checkPooledByteBufAllocatorUseCacheForAllThreads(48)) - PERFORMANCE WARNING: useCacheForAllThreads is true that may cause Netty to create a lot garbage objects and, as a result, trigger GC.
	It is recommended to disable useCacheForAllThreads by setting -Dorg.apache.ratis.thirdparty.io.netty.allocator.useCacheForAllThreads=false in command line.
2022-10-11 12:48:39,251 [Listener at 127.0.0.1/37873] INFO  grpc.GrpcConfigKeys (ConfUtils.java:logGet(46)) - raft.grpc.admin.port = 0 (custom)
2022-10-11 12:48:39,251 [Listener at 127.0.0.1/37873] INFO  grpc.GrpcConfigKeys (ConfUtils.java:logGet(46)) - raft.grpc.client.port = 0 (custom)
2022-10-11 12:48:39,251 [Listener at 127.0.0.1/37873] INFO  grpc.GrpcConfigKeys (ConfUtils.java:logGet(46)) - raft.grpc.server.port = 0 (default)
2022-10-11 12:48:39,251 [Listener at 127.0.0.1/37873] INFO  server.GrpcService (ConfUtils.java:logGet(46)) - raft.grpc.message.size.max = 32MB (=33554432) (custom)
2022-10-11 12:48:39,252 [Listener at 127.0.0.1/37873] INFO  server.RaftServerConfigKeys (ConfUtils.java:logGet(46)) - raft.server.log.appender.buffer.byte-limit = 33554432 (custom)
2022-10-11 12:48:39,252 [Listener at 127.0.0.1/37873] INFO  server.GrpcService (ConfUtils.java:logGet(46)) - raft.grpc.flow.control.window = 5MB (=5242880) (custom)
2022-10-11 12:48:39,252 [Listener at 127.0.0.1/37873] INFO  server.RaftServerConfigKeys (ConfUtils.java:logGet(46)) - raft.server.rpc.request.timeout = 60s (custom)
2022-10-11 12:48:39,252 [Listener at 127.0.0.1/37873] INFO  grpc.GrpcConfigKeys (ConfUtils.java:logGet(46)) - raft.grpc.server.async.request.thread.pool.cached = true (default)
2022-10-11 12:48:39,253 [Listener at 127.0.0.1/37873] INFO  grpc.GrpcConfigKeys (ConfUtils.java:logGet(46)) - raft.grpc.server.async.request.thread.pool.size = 32 (default)
2022-10-11 12:48:39,254 [Listener at 127.0.0.1/37873] INFO  impl.DataStreamServerImpl (ConfUtils.java:logGet(46)) - raft.datastream.type = DISABLED (default)
2022-10-11 12:48:39,254 [Listener at 127.0.0.1/37873] INFO  server.RaftServerConfigKeys (ConfUtils.java:logGet(46)) - raft.server.threadpool.proxy.cached = true (default)
2022-10-11 12:48:39,255 [Listener at 127.0.0.1/37873] INFO  server.RaftServerConfigKeys (ConfUtils.java:logGet(46)) - raft.server.threadpool.proxy.size = 0 (default)
2022-10-11 12:48:39,255 [Listener at 127.0.0.1/37873] INFO  server.RaftServerConfigKeys (ConfUtils.java:logGet(46)) - raft.server.rpc.slowness.timeout = 300s (custom)
2022-10-11 12:48:39,255 [Listener at 127.0.0.1/37873] INFO  server.RaftServerConfigKeys (ConfUtils.java:logGet(46)) - raft.server.leaderelection.leader.step-down.wait-time = 10s (default)
2022-10-11 12:48:39,255 [Listener at 127.0.0.1/37873] INFO  server.RaftServerConfigKeys (ConfUtils.java:logGet(46)) - raft.server.storage.dir = [/home/runner/work/ozone/ozone/hadoop-ozone/integration-test/target/test-dir/MiniOzoneClusterImpl-5cb71319-a8c8-4762-aa0c-8f2be259135d/datanode-0/data/ratis] (custom)
2022-10-11 12:48:39,257 [Listener at 127.0.0.1/37873] INFO  server.XceiverServerGrpc (XceiverServerGrpc.java:<init>(132)) - GrpcServer channel type EpollServerSocketChannel
2022-10-11 12:48:39,260 [Listener at 127.0.0.1/37873] INFO  http.BaseHttpServer (BaseHttpServer.java:newHttpServer2BuilderForOzone(213)) - Starting Web-server for hddsDatanode at: http://0.0.0.0:0
2022-10-11 12:48:39,261 [Listener at 127.0.0.1/37873] INFO  http.BaseHttpServer (BaseHttpServer.java:<init>(108)) - Hadoop Security Enabled: false Ozone Security Enabled: false Ozone HTTP Security Enabled: false 
2022-10-11 12:48:39,262 [Listener at 127.0.0.1/37873] INFO  server.AuthenticationFilter (AuthenticationFilter.java:constructSecretProvider(240)) - Unable to initialize FileSignerSecretProvider, falling back to use random secrets.
2022-10-11 12:48:39,263 [Listener at 127.0.0.1/37873] WARN  http.HttpRequestLog (HttpRequestLog.java:getRequestLog(103)) - Jetty request log can only be enabled using Log4j
2022-10-11 12:48:39,264 [Listener at 127.0.0.1/37873] INFO  http.HttpServer2 (HttpServer2.java:addGlobalFilter(1031)) - Added global filter 'safety' (class=org.apache.hadoop.hdds.server.http.HttpServer2$QuotingInputFilter)
2022-10-11 12:48:39,265 [Listener at 127.0.0.1/37873] INFO  http.HttpServer2 (HttpServer2.java:addFilter(1007)) - Added filter static_user_filter (class=org.apache.hadoop.http.lib.StaticUserWebFilter$StaticUserFilter) to context hddsDatanode
2022-10-11 12:48:39,265 [Listener at 127.0.0.1/37873] INFO  http.HttpServer2 (HttpServer2.java:addFilter(1015)) - Added filter static_user_filter (class=org.apache.hadoop.http.lib.StaticUserWebFilter$StaticUserFilter) to context logs
2022-10-11 12:48:39,265 [Listener at 127.0.0.1/37873] INFO  http.HttpServer2 (HttpServer2.java:addFilter(1015)) - Added filter static_user_filter (class=org.apache.hadoop.http.lib.StaticUserWebFilter$StaticUserFilter) to context static
2022-10-11 12:48:39,266 [Listener at 127.0.0.1/37873] INFO  http.HttpServer2 (HttpServer2.java:bindListener(1250)) - Jetty bound to port 45951
2022-10-11 12:48:39,266 [Listener at 127.0.0.1/37873] INFO  server.Server (Server.java:doStart(375)) - jetty-9.4.43.v20210629; built: 2021-06-30T11:07:22.254Z; git: 526006ecfa3af7f1a27ef3a288e2bef7ea9dd7e8; jvm 1.8.0_345-b01
2022-10-11 12:48:39,268 [Listener at 127.0.0.1/37873] INFO  server.session (DefaultSessionIdManager.java:doStart(334)) - DefaultSessionIdManager workerName=node0
2022-10-11 12:48:39,268 [Listener at 127.0.0.1/37873] INFO  server.session (DefaultSessionIdManager.java:doStart(339)) - No SessionScavenger set, using defaults
2022-10-11 12:48:39,269 [Listener at 127.0.0.1/37873] INFO  server.session (HouseKeeper.java:startScavenging(132)) - node0 Scavenging every 660000ms
2022-10-11 12:48:39,269 [Listener at 127.0.0.1/37873] INFO  handler.ContextHandler (ContextHandler.java:doStart(915)) - Started o.e.j.s.ServletContextHandler@e48560a{logs,/logs,file:///home/runner/work/ozone/ozone/hadoop-ozone/integration-test/target/log,AVAILABLE}
2022-10-11 12:48:39,270 [Listener at 127.0.0.1/37873] INFO  handler.ContextHandler (ContextHandler.java:doStart(915)) - Started o.e.j.s.ServletContextHandler@3d1d12d7{static,/static,jar:file:/home/runner/.m2/repository/org/apache/ozone/hdds-container-service/1.3.0-SNAPSHOT/hdds-container-service-1.3.0-SNAPSHOT.jar!/webapps/static,AVAILABLE}
2022-10-11 12:48:39,489 [Listener at 127.0.0.1/37873] INFO  handler.ContextHandler (ContextHandler.java:doStart(915)) - Started o.e.j.w.WebAppContext@22860851{hddsDatanode,/,file:///tmp/jetty-0_0_0_0-45951-hdds-container-service-1_3_0-SNAPSHOT_jar-_-any-1344374121437713197/webapp/,AVAILABLE}{jar:file:/home/runner/.m2/repository/org/apache/ozone/hdds-container-service/1.3.0-SNAPSHOT/hdds-container-service-1.3.0-SNAPSHOT.jar!/webapps/hddsDatanode}
2022-10-11 12:48:39,491 [Listener at 127.0.0.1/37873] INFO  server.AbstractConnector (AbstractConnector.java:doStart(331)) - Started ServerConnector@7ca73193{HTTP/1.1, (http/1.1)}{0.0.0.0:45951}
2022-10-11 12:48:39,491 [Listener at 127.0.0.1/37873] INFO  server.Server (Server.java:doStart(415)) - Started @56497ms
2022-10-11 12:48:39,492 [Listener at 127.0.0.1/37873] WARN  impl.MetricsSystemImpl (MetricsSystemImpl.java:register(279)) - Sink prometheus already exists!
2022-10-11 12:48:39,492 [Listener at 127.0.0.1/37873] INFO  http.BaseHttpServer (BaseHttpServer.java:updateConnectorAddress(333)) - HTTP server of hddsDatanode listening at http://0.0.0.0:45951
2022-10-11 12:48:39,493 [Datanode State Machine Daemon Thread] INFO  statemachine.DatanodeStateMachine (DatanodeStateMachine.java:lambda$startDaemon$0(492)) - Ozone container server started.
2022-10-11 12:48:39,494 [Listener at 127.0.0.1/37873] WARN  impl.MetricRegistriesImpl (MetricRegistriesImpl.java:addReporterRegistration(111)) - New reporters are added after registries were created. Some metrics will be missing from the reporter. Please add reporter before adding any new registry.
2022-10-11 12:48:39,495 [Listener at 127.0.0.1/37873] WARN  impl.MetricRegistriesImpl (MetricRegistriesImpl.java:addReporterRegistration(111)) - New reporters are added after registries were created. Some metrics will be missing from the reporter. Please add reporter before adding any new registry.
2022-10-11 12:48:39,495 [Listener at 127.0.0.1/37873] INFO  impl.MetricsSystemImpl (MetricsSystemImpl.java:init(158)) - HddsDatanode metrics system started (again)
2022-10-11 12:48:39,507 [org.apache.hadoop.util.JvmPauseMonitor$Monitor@40ffcbcc] INFO  util.JvmPauseMonitor (JvmPauseMonitor.java:run(188)) - Starting JVM pause monitor
2022-10-11 12:48:39,509 [Datanode State Machine Task Thread - 0] INFO  datanode.InitDatanodeState (InitDatanodeState.java:persistContainerDatanodeDetails(138)) - DatanodeDetails is persisted to /home/runner/work/ozone/ozone/hadoop-ozone/integration-test/target/test-dir/MiniOzoneClusterImpl-5cb71319-a8c8-4762-aa0c-8f2be259135d/datanode-0/meta/datanode.id
2022-10-11 12:48:39,510 [Listener at 127.0.0.1/37873] INFO  ozone.HddsDatanodeService (HddsDatanodeService.java:start(236)) - HddsDatanodeService host:fv-az570-546.srgqcr2moziuvm0qev4lajleyh.dx.internal.cloudapp.net ip:10.1.1.98
2022-10-11 12:48:39,538 [Listener at 127.0.0.1/37873] INFO  upgrade.AbstractLayoutVersionManager (AbstractLayoutVersionManager.java:init(83)) - Initializing Layout version manager with metadata layout = DATANODE_SCHEMA_V3 (version = 4), software layout = DATANODE_SCHEMA_V3 (version = 4)
2022-10-11 12:48:39,591 [Listener at 127.0.0.1/37873] INFO  reflections.Reflections (Reflections.java:scan(232)) - Reflections took 51 ms to scan 7 urls, producing 137 keys and 328 values 
2022-10-11 12:48:39,593 [Listener at 127.0.0.1/37873] INFO  statemachine.DatanodeStateMachine (DatanodeStateMachine.java:getEndPointTaskThreadPoolSize(237)) - Datanode State Machine Task Thread Pool size 2
2022-10-11 12:48:39,595 [Listener at 127.0.0.1/37873] INFO  volume.HddsVolume (HddsVolume.java:<init>(117)) - Creating HddsVolume: /home/runner/work/ozone/ozone/hadoop-ozone/integration-test/target/test-dir/MiniOzoneClusterImpl-5cb71319-a8c8-4762-aa0c-8f2be259135d/datanode-1/data-0/containers/hdds of storage type : DISK capacity : 9223372036854775807
2022-10-11 12:48:39,596 [Listener at 127.0.0.1/37873] INFO  volume.MutableVolumeSet (MutableVolumeSet.java:initializeVolumeSet(174)) - Added Volume : /home/runner/work/ozone/ozone/hadoop-ozone/integration-test/target/test-dir/MiniOzoneClusterImpl-5cb71319-a8c8-4762-aa0c-8f2be259135d/datanode-1/data-0/containers/hdds to VolumeSet
2022-10-11 12:48:39,596 [Listener at 127.0.0.1/37873] INFO  volume.ThrottledAsyncChecker (ThrottledAsyncChecker.java:schedule(141)) - Scheduling a check for /home/runner/work/ozone/ozone/hadoop-ozone/integration-test/target/test-dir/MiniOzoneClusterImpl-5cb71319-a8c8-4762-aa0c-8f2be259135d/datanode-1/data-0/containers/hdds
2022-10-11 12:48:39,596 [Listener at 127.0.0.1/37873] INFO  volume.StorageVolumeChecker (StorageVolumeChecker.java:checkAllVolumes(202)) - Scheduled health check for volume /home/runner/work/ozone/ozone/hadoop-ozone/integration-test/target/test-dir/MiniOzoneClusterImpl-5cb71319-a8c8-4762-aa0c-8f2be259135d/datanode-1/data-0/containers/hdds
2022-10-11 12:48:39,609 [Listener at 127.0.0.1/37873] INFO  volume.MutableVolumeSet (MutableVolumeSet.java:initializeVolumeSet(174)) - Added Volume : /home/runner/work/ozone/ozone/hadoop-ozone/integration-test/target/test-dir/MiniOzoneClusterImpl-5cb71319-a8c8-4762-aa0c-8f2be259135d/datanode-1/data/ratis to VolumeSet
2022-10-11 12:48:39,609 [Listener at 127.0.0.1/37873] INFO  volume.ThrottledAsyncChecker (ThrottledAsyncChecker.java:schedule(141)) - Scheduling a check for /home/runner/work/ozone/ozone/hadoop-ozone/integration-test/target/test-dir/MiniOzoneClusterImpl-5cb71319-a8c8-4762-aa0c-8f2be259135d/datanode-1/data/ratis
2022-10-11 12:48:39,609 [Listener at 127.0.0.1/37873] INFO  volume.StorageVolumeChecker (StorageVolumeChecker.java:checkAllVolumes(202)) - Scheduled health check for volume /home/runner/work/ozone/ozone/hadoop-ozone/integration-test/target/test-dir/MiniOzoneClusterImpl-5cb71319-a8c8-4762-aa0c-8f2be259135d/datanode-1/data/ratis
2022-10-11 12:48:39,622 [Thread-2530] INFO  ozoneimpl.ContainerReader (ContainerReader.java:readVolume(175)) - Finish verifying containers on volume /home/runner/work/ozone/ozone/hadoop-ozone/integration-test/target/test-dir/MiniOzoneClusterImpl-5cb71319-a8c8-4762-aa0c-8f2be259135d/datanode-1/data-0/containers/hdds
2022-10-11 12:48:39,622 [Listener at 127.0.0.1/37873] INFO  ozoneimpl.OzoneContainer (OzoneContainer.java:buildContainerSet(300)) - Build ContainerSet costs 0s
2022-10-11 12:48:39,626 [Listener at 127.0.0.1/37873] INFO  server.RaftServer (ConfUtils.java:logGet(46)) - raft.rpc.type = GRPC (default)
2022-10-11 12:48:39,626 [Listener at 127.0.0.1/37873] INFO  grpc.GrpcFactory (GrpcFactory.java:checkPooledByteBufAllocatorUseCacheForAllThreads(48)) - PERFORMANCE WARNING: useCacheForAllThreads is true that may cause Netty to create a lot garbage objects and, as a result, trigger GC.
	It is recommended to disable useCacheForAllThreads by setting -Dorg.apache.ratis.thirdparty.io.netty.allocator.useCacheForAllThreads=false in command line.
2022-10-11 12:48:39,626 [Listener at 127.0.0.1/37873] INFO  grpc.GrpcConfigKeys (ConfUtils.java:logGet(46)) - raft.grpc.admin.port = 0 (custom)
2022-10-11 12:48:39,626 [Listener at 127.0.0.1/37873] INFO  grpc.GrpcConfigKeys (ConfUtils.java:logGet(46)) - raft.grpc.client.port = 0 (custom)
2022-10-11 12:48:39,627 [Listener at 127.0.0.1/37873] INFO  grpc.GrpcConfigKeys (ConfUtils.java:logGet(46)) - raft.grpc.server.port = 0 (default)
2022-10-11 12:48:39,627 [Listener at 127.0.0.1/37873] INFO  server.GrpcService (ConfUtils.java:logGet(46)) - raft.grpc.message.size.max = 32MB (=33554432) (custom)
2022-10-11 12:48:39,627 [Listener at 127.0.0.1/37873] INFO  server.RaftServerConfigKeys (ConfUtils.java:logGet(46)) - raft.server.log.appender.buffer.byte-limit = 33554432 (custom)
2022-10-11 12:48:39,627 [Listener at 127.0.0.1/37873] INFO  server.GrpcService (ConfUtils.java:logGet(46)) - raft.grpc.flow.control.window = 5MB (=5242880) (custom)
2022-10-11 12:48:39,628 [Listener at 127.0.0.1/37873] INFO  server.RaftServerConfigKeys (ConfUtils.java:logGet(46)) - raft.server.rpc.request.timeout = 60s (custom)
2022-10-11 12:48:39,628 [Listener at 127.0.0.1/37873] INFO  grpc.GrpcConfigKeys (ConfUtils.java:logGet(46)) - raft.grpc.server.async.request.thread.pool.cached = true (default)
2022-10-11 12:48:39,628 [Listener at 127.0.0.1/37873] INFO  grpc.GrpcConfigKeys (ConfUtils.java:logGet(46)) - raft.grpc.server.async.request.thread.pool.size = 32 (default)
2022-10-11 12:48:39,629 [Listener at 127.0.0.1/37873] INFO  impl.DataStreamServerImpl (ConfUtils.java:logGet(46)) - raft.datastream.type = DISABLED (default)
2022-10-11 12:48:39,629 [Listener at 127.0.0.1/37873] INFO  server.RaftServerConfigKeys (ConfUtils.java:logGet(46)) - raft.server.threadpool.proxy.cached = true (default)
2022-10-11 12:48:39,630 [Listener at 127.0.0.1/37873] INFO  server.RaftServerConfigKeys (ConfUtils.java:logGet(46)) - raft.server.threadpool.proxy.size = 0 (default)
2022-10-11 12:48:39,630 [Listener at 127.0.0.1/37873] INFO  server.RaftServerConfigKeys (ConfUtils.java:logGet(46)) - raft.server.rpc.slowness.timeout = 300s (custom)
2022-10-11 12:48:39,630 [Listener at 127.0.0.1/37873] INFO  server.RaftServerConfigKeys (ConfUtils.java:logGet(46)) - raft.server.leaderelection.leader.step-down.wait-time = 10s (default)
2022-10-11 12:48:39,630 [Listener at 127.0.0.1/37873] INFO  server.RaftServerConfigKeys (ConfUtils.java:logGet(46)) - raft.server.storage.dir = [/home/runner/work/ozone/ozone/hadoop-ozone/integration-test/target/test-dir/MiniOzoneClusterImpl-5cb71319-a8c8-4762-aa0c-8f2be259135d/datanode-1/data/ratis] (custom)
2022-10-11 12:48:39,632 [Listener at 127.0.0.1/37873] INFO  server.XceiverServerGrpc (XceiverServerGrpc.java:<init>(132)) - GrpcServer channel type EpollServerSocketChannel
2022-10-11 12:48:39,638 [Listener at 127.0.0.1/37873] INFO  http.BaseHttpServer (BaseHttpServer.java:newHttpServer2BuilderForOzone(213)) - Starting Web-server for hddsDatanode at: http://0.0.0.0:0
2022-10-11 12:48:39,638 [Listener at 127.0.0.1/37873] INFO  http.BaseHttpServer (BaseHttpServer.java:<init>(108)) - Hadoop Security Enabled: false Ozone Security Enabled: false Ozone HTTP Security Enabled: false 
2022-10-11 12:48:39,640 [Listener at 127.0.0.1/37873] INFO  server.AuthenticationFilter (AuthenticationFilter.java:constructSecretProvider(240)) - Unable to initialize FileSignerSecretProvider, falling back to use random secrets.
2022-10-11 12:48:39,640 [Listener at 127.0.0.1/37873] WARN  http.HttpRequestLog (HttpRequestLog.java:getRequestLog(103)) - Jetty request log can only be enabled using Log4j
2022-10-11 12:48:39,642 [Listener at 127.0.0.1/37873] INFO  http.HttpServer2 (HttpServer2.java:addGlobalFilter(1031)) - Added global filter 'safety' (class=org.apache.hadoop.hdds.server.http.HttpServer2$QuotingInputFilter)
2022-10-11 12:48:39,643 [Listener at 127.0.0.1/37873] INFO  http.HttpServer2 (HttpServer2.java:addFilter(1007)) - Added filter static_user_filter (class=org.apache.hadoop.http.lib.StaticUserWebFilter$StaticUserFilter) to context hddsDatanode
2022-10-11 12:48:39,643 [Listener at 127.0.0.1/37873] INFO  http.HttpServer2 (HttpServer2.java:addFilter(1015)) - Added filter static_user_filter (class=org.apache.hadoop.http.lib.StaticUserWebFilter$StaticUserFilter) to context logs
2022-10-11 12:48:39,643 [Listener at 127.0.0.1/37873] INFO  http.HttpServer2 (HttpServer2.java:addFilter(1015)) - Added filter static_user_filter (class=org.apache.hadoop.http.lib.StaticUserWebFilter$StaticUserFilter) to context static
2022-10-11 12:48:39,644 [Listener at 127.0.0.1/37873] INFO  http.HttpServer2 (HttpServer2.java:bindListener(1250)) - Jetty bound to port 44165
2022-10-11 12:48:39,644 [Listener at 127.0.0.1/37873] INFO  server.Server (Server.java:doStart(375)) - jetty-9.4.43.v20210629; built: 2021-06-30T11:07:22.254Z; git: 526006ecfa3af7f1a27ef3a288e2bef7ea9dd7e8; jvm 1.8.0_345-b01
2022-10-11 12:48:39,646 [Listener at 127.0.0.1/37873] INFO  server.session (DefaultSessionIdManager.java:doStart(334)) - DefaultSessionIdManager workerName=node0
2022-10-11 12:48:39,646 [Listener at 127.0.0.1/37873] INFO  server.session (DefaultSessionIdManager.java:doStart(339)) - No SessionScavenger set, using defaults
2022-10-11 12:48:39,646 [Listener at 127.0.0.1/37873] INFO  server.session (HouseKeeper.java:startScavenging(132)) - node0 Scavenging every 660000ms
2022-10-11 12:48:39,647 [Listener at 127.0.0.1/37873] INFO  handler.ContextHandler (ContextHandler.java:doStart(915)) - Started o.e.j.s.ServletContextHandler@a4d762e{logs,/logs,file:///home/runner/work/ozone/ozone/hadoop-ozone/integration-test/target/log,AVAILABLE}
2022-10-11 12:48:39,647 [Listener at 127.0.0.1/37873] INFO  handler.ContextHandler (ContextHandler.java:doStart(915)) - Started o.e.j.s.ServletContextHandler@3b806f13{static,/static,jar:file:/home/runner/.m2/repository/org/apache/ozone/hdds-container-service/1.3.0-SNAPSHOT/hdds-container-service-1.3.0-SNAPSHOT.jar!/webapps/static,AVAILABLE}
2022-10-11 12:48:39,843 [Listener at 127.0.0.1/37873] INFO  handler.ContextHandler (ContextHandler.java:doStart(915)) - Started o.e.j.w.WebAppContext@50b6bf32{hddsDatanode,/,file:///tmp/jetty-0_0_0_0-44165-hdds-container-service-1_3_0-SNAPSHOT_jar-_-any-5177353893694196624/webapp/,AVAILABLE}{jar:file:/home/runner/.m2/repository/org/apache/ozone/hdds-container-service/1.3.0-SNAPSHOT/hdds-container-service-1.3.0-SNAPSHOT.jar!/webapps/hddsDatanode}
2022-10-11 12:48:39,844 [Listener at 127.0.0.1/37873] INFO  server.AbstractConnector (AbstractConnector.java:doStart(331)) - Started ServerConnector@377623e9{HTTP/1.1, (http/1.1)}{0.0.0.0:44165}
2022-10-11 12:48:39,845 [Listener at 127.0.0.1/37873] INFO  server.Server (Server.java:doStart(415)) - Started @56850ms
2022-10-11 12:48:39,845 [Listener at 127.0.0.1/37873] WARN  impl.MetricsSystemImpl (MetricsSystemImpl.java:register(279)) - Sink prometheus already exists!
2022-10-11 12:48:39,846 [Listener at 127.0.0.1/37873] INFO  http.BaseHttpServer (BaseHttpServer.java:updateConnectorAddress(333)) - HTTP server of hddsDatanode listening at http://0.0.0.0:44165
2022-10-11 12:48:39,846 [Datanode State Machine Daemon Thread] INFO  statemachine.DatanodeStateMachine (DatanodeStateMachine.java:lambda$startDaemon$0(492)) - Ozone container server started.
2022-10-11 12:48:39,847 [Listener at 127.0.0.1/37873] WARN  impl.MetricRegistriesImpl (MetricRegistriesImpl.java:addReporterRegistration(111)) - New reporters are added after registries were created. Some metrics will be missing from the reporter. Please add reporter before adding any new registry.
2022-10-11 12:48:39,848 [Listener at 127.0.0.1/37873] WARN  impl.MetricRegistriesImpl (MetricRegistriesImpl.java:addReporterRegistration(111)) - New reporters are added after registries were created. Some metrics will be missing from the reporter. Please add reporter before adding any new registry.
2022-10-11 12:48:39,848 [Listener at 127.0.0.1/37873] INFO  impl.MetricsSystemImpl (MetricsSystemImpl.java:init(158)) - HddsDatanode metrics system started (again)
2022-10-11 12:48:39,859 [org.apache.hadoop.util.JvmPauseMonitor$Monitor@61ee044] INFO  util.JvmPauseMonitor (JvmPauseMonitor.java:run(188)) - Starting JVM pause monitor
2022-10-11 12:48:39,861 [Datanode State Machine Task Thread - 0] INFO  datanode.InitDatanodeState (InitDatanodeState.java:persistContainerDatanodeDetails(138)) - DatanodeDetails is persisted to /home/runner/work/ozone/ozone/hadoop-ozone/integration-test/target/test-dir/MiniOzoneClusterImpl-5cb71319-a8c8-4762-aa0c-8f2be259135d/datanode-1/meta/datanode.id
2022-10-11 12:48:39,862 [Listener at 127.0.0.1/37873] INFO  ozone.HddsDatanodeService (HddsDatanodeService.java:start(236)) - HddsDatanodeService host:fv-az570-546.srgqcr2moziuvm0qev4lajleyh.dx.internal.cloudapp.net ip:10.1.1.98
2022-10-11 12:48:39,892 [Listener at 127.0.0.1/37873] INFO  upgrade.AbstractLayoutVersionManager (AbstractLayoutVersionManager.java:init(83)) - Initializing Layout version manager with metadata layout = DATANODE_SCHEMA_V3 (version = 4), software layout = DATANODE_SCHEMA_V3 (version = 4)
2022-10-11 12:48:39,941 [Listener at 127.0.0.1/37873] INFO  reflections.Reflections (Reflections.java:scan(232)) - Reflections took 48 ms to scan 7 urls, producing 137 keys and 328 values 
2022-10-11 12:48:39,942 [Listener at 127.0.0.1/37873] INFO  statemachine.DatanodeStateMachine (DatanodeStateMachine.java:getEndPointTaskThreadPoolSize(237)) - Datanode State Machine Task Thread Pool size 2
2022-10-11 12:48:39,948 [Listener at 127.0.0.1/37873] INFO  volume.HddsVolume (HddsVolume.java:<init>(117)) - Creating HddsVolume: /home/runner/work/ozone/ozone/hadoop-ozone/integration-test/target/test-dir/MiniOzoneClusterImpl-5cb71319-a8c8-4762-aa0c-8f2be259135d/datanode-2/data-0/containers/hdds of storage type : DISK capacity : 9223372036854775807
2022-10-11 12:48:39,949 [Listener at 127.0.0.1/37873] INFO  volume.MutableVolumeSet (MutableVolumeSet.java:initializeVolumeSet(174)) - Added Volume : /home/runner/work/ozone/ozone/hadoop-ozone/integration-test/target/test-dir/MiniOzoneClusterImpl-5cb71319-a8c8-4762-aa0c-8f2be259135d/datanode-2/data-0/containers/hdds to VolumeSet
2022-10-11 12:48:39,949 [Listener at 127.0.0.1/37873] INFO  volume.ThrottledAsyncChecker (ThrottledAsyncChecker.java:schedule(141)) - Scheduling a check for /home/runner/work/ozone/ozone/hadoop-ozone/integration-test/target/test-dir/MiniOzoneClusterImpl-5cb71319-a8c8-4762-aa0c-8f2be259135d/datanode-2/data-0/containers/hdds
2022-10-11 12:48:39,950 [Listener at 127.0.0.1/37873] INFO  volume.StorageVolumeChecker (StorageVolumeChecker.java:checkAllVolumes(202)) - Scheduled health check for volume /home/runner/work/ozone/ozone/hadoop-ozone/integration-test/target/test-dir/MiniOzoneClusterImpl-5cb71319-a8c8-4762-aa0c-8f2be259135d/datanode-2/data-0/containers/hdds
2022-10-11 12:48:39,961 [Listener at 127.0.0.1/37873] INFO  volume.MutableVolumeSet (MutableVolumeSet.java:initializeVolumeSet(174)) - Added Volume : /home/runner/work/ozone/ozone/hadoop-ozone/integration-test/target/test-dir/MiniOzoneClusterImpl-5cb71319-a8c8-4762-aa0c-8f2be259135d/datanode-2/data/ratis to VolumeSet
2022-10-11 12:48:39,962 [Listener at 127.0.0.1/37873] INFO  volume.ThrottledAsyncChecker (ThrottledAsyncChecker.java:schedule(141)) - Scheduling a check for /home/runner/work/ozone/ozone/hadoop-ozone/integration-test/target/test-dir/MiniOzoneClusterImpl-5cb71319-a8c8-4762-aa0c-8f2be259135d/datanode-2/data/ratis
2022-10-11 12:48:39,962 [Listener at 127.0.0.1/37873] INFO  volume.StorageVolumeChecker (StorageVolumeChecker.java:checkAllVolumes(202)) - Scheduled health check for volume /home/runner/work/ozone/ozone/hadoop-ozone/integration-test/target/test-dir/MiniOzoneClusterImpl-5cb71319-a8c8-4762-aa0c-8f2be259135d/datanode-2/data/ratis
2022-10-11 12:48:39,975 [Thread-2543] INFO  ozoneimpl.ContainerReader (ContainerReader.java:readVolume(175)) - Finish verifying containers on volume /home/runner/work/ozone/ozone/hadoop-ozone/integration-test/target/test-dir/MiniOzoneClusterImpl-5cb71319-a8c8-4762-aa0c-8f2be259135d/datanode-2/data-0/containers/hdds
2022-10-11 12:48:39,975 [Listener at 127.0.0.1/37873] INFO  ozoneimpl.OzoneContainer (OzoneContainer.java:buildContainerSet(300)) - Build ContainerSet costs 0s
2022-10-11 12:48:39,977 [Listener at 127.0.0.1/37873] INFO  server.RaftServer (ConfUtils.java:logGet(46)) - raft.rpc.type = GRPC (default)
2022-10-11 12:48:39,978 [Listener at 127.0.0.1/37873] INFO  grpc.GrpcFactory (GrpcFactory.java:checkPooledByteBufAllocatorUseCacheForAllThreads(48)) - PERFORMANCE WARNING: useCacheForAllThreads is true that may cause Netty to create a lot garbage objects and, as a result, trigger GC.
	It is recommended to disable useCacheForAllThreads by setting -Dorg.apache.ratis.thirdparty.io.netty.allocator.useCacheForAllThreads=false in command line.
2022-10-11 12:48:39,978 [Listener at 127.0.0.1/37873] INFO  grpc.GrpcConfigKeys (ConfUtils.java:logGet(46)) - raft.grpc.admin.port = 0 (custom)
2022-10-11 12:48:39,978 [Listener at 127.0.0.1/37873] INFO  grpc.GrpcConfigKeys (ConfUtils.java:logGet(46)) - raft.grpc.client.port = 0 (custom)
2022-10-11 12:48:39,978 [Listener at 127.0.0.1/37873] INFO  grpc.GrpcConfigKeys (ConfUtils.java:logGet(46)) - raft.grpc.server.port = 0 (default)
2022-10-11 12:48:39,979 [Listener at 127.0.0.1/37873] INFO  server.GrpcService (ConfUtils.java:logGet(46)) - raft.grpc.message.size.max = 32MB (=33554432) (custom)
2022-10-11 12:48:39,979 [Listener at 127.0.0.1/37873] INFO  server.RaftServerConfigKeys (ConfUtils.java:logGet(46)) - raft.server.log.appender.buffer.byte-limit = 33554432 (custom)
2022-10-11 12:48:39,979 [Listener at 127.0.0.1/37873] INFO  server.GrpcService (ConfUtils.java:logGet(46)) - raft.grpc.flow.control.window = 5MB (=5242880) (custom)
2022-10-11 12:48:39,979 [Listener at 127.0.0.1/37873] INFO  server.RaftServerConfigKeys (ConfUtils.java:logGet(46)) - raft.server.rpc.request.timeout = 60s (custom)
2022-10-11 12:48:39,979 [Listener at 127.0.0.1/37873] INFO  grpc.GrpcConfigKeys (ConfUtils.java:logGet(46)) - raft.grpc.server.async.request.thread.pool.cached = true (default)
2022-10-11 12:48:39,980 [Listener at 127.0.0.1/37873] INFO  grpc.GrpcConfigKeys (ConfUtils.java:logGet(46)) - raft.grpc.server.async.request.thread.pool.size = 32 (default)
2022-10-11 12:48:39,981 [Listener at 127.0.0.1/37873] INFO  impl.DataStreamServerImpl (ConfUtils.java:logGet(46)) - raft.datastream.type = DISABLED (default)
2022-10-11 12:48:39,982 [Listener at 127.0.0.1/37873] INFO  server.RaftServerConfigKeys (ConfUtils.java:logGet(46)) - raft.server.threadpool.proxy.cached = true (default)
2022-10-11 12:48:39,982 [Listener at 127.0.0.1/37873] INFO  server.RaftServerConfigKeys (ConfUtils.java:logGet(46)) - raft.server.threadpool.proxy.size = 0 (default)
2022-10-11 12:48:39,982 [Listener at 127.0.0.1/37873] INFO  server.RaftServerConfigKeys (ConfUtils.java:logGet(46)) - raft.server.rpc.slowness.timeout = 300s (custom)
2022-10-11 12:48:39,982 [Listener at 127.0.0.1/37873] INFO  server.RaftServerConfigKeys (ConfUtils.java:logGet(46)) - raft.server.leaderelection.leader.step-down.wait-time = 10s (default)
2022-10-11 12:48:39,982 [Listener at 127.0.0.1/37873] INFO  server.RaftServerConfigKeys (ConfUtils.java:logGet(46)) - raft.server.storage.dir = [/home/runner/work/ozone/ozone/hadoop-ozone/integration-test/target/test-dir/MiniOzoneClusterImpl-5cb71319-a8c8-4762-aa0c-8f2be259135d/datanode-2/data/ratis] (custom)
2022-10-11 12:48:39,984 [Listener at 127.0.0.1/37873] INFO  server.XceiverServerGrpc (XceiverServerGrpc.java:<init>(132)) - GrpcServer channel type EpollServerSocketChannel
2022-10-11 12:48:39,989 [Listener at 127.0.0.1/37873] INFO  http.BaseHttpServer (BaseHttpServer.java:newHttpServer2BuilderForOzone(213)) - Starting Web-server for hddsDatanode at: http://0.0.0.0:0
2022-10-11 12:48:39,989 [Listener at 127.0.0.1/37873] INFO  http.BaseHttpServer (BaseHttpServer.java:<init>(108)) - Hadoop Security Enabled: false Ozone Security Enabled: false Ozone HTTP Security Enabled: false 
2022-10-11 12:48:39,990 [Listener at 127.0.0.1/37873] INFO  server.AuthenticationFilter (AuthenticationFilter.java:constructSecretProvider(240)) - Unable to initialize FileSignerSecretProvider, falling back to use random secrets.
2022-10-11 12:48:39,992 [Listener at 127.0.0.1/37873] WARN  http.HttpRequestLog (HttpRequestLog.java:getRequestLog(103)) - Jetty request log can only be enabled using Log4j
2022-10-11 12:48:39,993 [Listener at 127.0.0.1/37873] INFO  http.HttpServer2 (HttpServer2.java:addGlobalFilter(1031)) - Added global filter 'safety' (class=org.apache.hadoop.hdds.server.http.HttpServer2$QuotingInputFilter)
2022-10-11 12:48:40,000 [Listener at 127.0.0.1/37873] INFO  http.HttpServer2 (HttpServer2.java:addFilter(1007)) - Added filter static_user_filter (class=org.apache.hadoop.http.lib.StaticUserWebFilter$StaticUserFilter) to context hddsDatanode
2022-10-11 12:48:40,000 [Listener at 127.0.0.1/37873] INFO  http.HttpServer2 (HttpServer2.java:addFilter(1015)) - Added filter static_user_filter (class=org.apache.hadoop.http.lib.StaticUserWebFilter$StaticUserFilter) to context static
2022-10-11 12:48:40,000 [Listener at 127.0.0.1/37873] INFO  http.HttpServer2 (HttpServer2.java:addFilter(1015)) - Added filter static_user_filter (class=org.apache.hadoop.http.lib.StaticUserWebFilter$StaticUserFilter) to context logs
2022-10-11 12:48:40,001 [Listener at 127.0.0.1/37873] INFO  http.HttpServer2 (HttpServer2.java:bindListener(1250)) - Jetty bound to port 33999
2022-10-11 12:48:40,001 [Listener at 127.0.0.1/37873] INFO  server.Server (Server.java:doStart(375)) - jetty-9.4.43.v20210629; built: 2021-06-30T11:07:22.254Z; git: 526006ecfa3af7f1a27ef3a288e2bef7ea9dd7e8; jvm 1.8.0_345-b01
2022-10-11 12:48:40,003 [Listener at 127.0.0.1/37873] INFO  server.session (DefaultSessionIdManager.java:doStart(334)) - DefaultSessionIdManager workerName=node0
2022-10-11 12:48:40,004 [Listener at 127.0.0.1/37873] INFO  server.session (DefaultSessionIdManager.java:doStart(339)) - No SessionScavenger set, using defaults
2022-10-11 12:48:40,004 [Listener at 127.0.0.1/37873] INFO  server.session (HouseKeeper.java:startScavenging(132)) - node0 Scavenging every 660000ms
2022-10-11 12:48:40,005 [Listener at 127.0.0.1/37873] INFO  handler.ContextHandler (ContextHandler.java:doStart(915)) - Started o.e.j.s.ServletContextHandler@2b367dc3{logs,/logs,file:///home/runner/work/ozone/ozone/hadoop-ozone/integration-test/target/log,AVAILABLE}
2022-10-11 12:48:40,005 [Listener at 127.0.0.1/37873] INFO  handler.ContextHandler (ContextHandler.java:doStart(915)) - Started o.e.j.s.ServletContextHandler@3e5b1239{static,/static,jar:file:/home/runner/.m2/repository/org/apache/ozone/hdds-container-service/1.3.0-SNAPSHOT/hdds-container-service-1.3.0-SNAPSHOT.jar!/webapps/static,AVAILABLE}
2022-10-11 12:48:40,135 [om1@group-C5BA1605619E-FollowerState] INFO  impl.FollowerState (FollowerState.java:run(143)) - om1@group-C5BA1605619E-FollowerState: change to CANDIDATE, lastRpcElapsedTime:1071467753ns, electionTimeout:1071ms
2022-10-11 12:48:40,136 [om1@group-C5BA1605619E-FollowerState] INFO  impl.RoleInfo (RoleInfo.java:shutdownFollowerState(110)) - om1: shutdown om1@group-C5BA1605619E-FollowerState
2022-10-11 12:48:40,136 [om1@group-C5BA1605619E-FollowerState] INFO  server.RaftServer$Division (RaftServerImpl.java:setRole(299)) - om1@group-C5BA1605619E: changes role from  FOLLOWER to CANDIDATE at term 0 for changeToCandidate
2022-10-11 12:48:40,136 [om1@group-C5BA1605619E-FollowerState] INFO  server.RaftServerConfigKeys (ConfUtils.java:logGet(46)) - raft.server.leaderelection.pre-vote = false (custom)
2022-10-11 12:48:40,136 [om1@group-C5BA1605619E-FollowerState] INFO  impl.RoleInfo (RoleInfo.java:updateAndGet(139)) - om1: start om1@group-C5BA1605619E-LeaderElection9
2022-10-11 12:48:40,141 [om1@group-C5BA1605619E-LeaderElection9] INFO  impl.LeaderElection (LeaderElection.java:askForVotes(310)) - om1@group-C5BA1605619E-LeaderElection9 ELECTION round 0: submit vote requests at term 1 for -1: [om1|rpc:localhost:9872|priority:0], old=null
2022-10-11 12:48:40,141 [om1@group-C5BA1605619E-LeaderElection9] INFO  impl.LeaderElection (LeaderElection.java:askForVotes(312)) - om1@group-C5BA1605619E-LeaderElection9 ELECTION round 0: result PASSED (term=1)
2022-10-11 12:48:40,141 [om1@group-C5BA1605619E-LeaderElection9] INFO  impl.RoleInfo (RoleInfo.java:shutdownLeaderElection(130)) - om1: shutdown om1@group-C5BA1605619E-LeaderElection9
2022-10-11 12:48:40,142 [om1@group-C5BA1605619E-LeaderElection9] INFO  server.RaftServer$Division (RaftServerImpl.java:setRole(299)) - om1@group-C5BA1605619E: changes role from CANDIDATE to LEADER at term 1 for changeToLeader
2022-10-11 12:48:40,142 [om1@group-C5BA1605619E-LeaderElection9] INFO  server.RaftServer$Division (ServerState.java:setLeader(287)) - om1@group-C5BA1605619E: change Leader from null to om1 at term 1 for becomeLeader, leader elected after 1586ms
2022-10-11 12:48:40,142 [om1@group-C5BA1605619E-LeaderElection9] INFO  server.RaftServerConfigKeys (ConfUtils.java:logGet(46)) - raft.server.staging.catchup.gap = 1000 (default)
2022-10-11 12:48:40,142 [om1@group-C5BA1605619E-LeaderElection9] INFO  server.RaftServerConfigKeys (ConfUtils.java:logGet(46)) - raft.server.write.element-limit = 4096 (default)
2022-10-11 12:48:40,143 [om1@group-C5BA1605619E-LeaderElection9] INFO  server.RaftServerConfigKeys (ConfUtils.java:logGet(46)) - raft.server.write.byte-limit = 64MB (=67108864) (default)
2022-10-11 12:48:40,143 [om1@group-C5BA1605619E-LeaderElection9] INFO  server.RaftServerConfigKeys (ConfUtils.java:logGet(46)) - raft.server.watch.timeout = 10s (default)
2022-10-11 12:48:40,145 [om1@group-C5BA1605619E-LeaderElection9] INFO  server.RaftServerConfigKeys (ConfUtils.java:logGet(46)) - raft.server.watch.timeout.denomination = 1s (default)
2022-10-11 12:48:40,145 [om1@group-C5BA1605619E-LeaderElection9] INFO  server.RaftServerConfigKeys (ConfUtils.java:logGet(46)) - raft.server.watch.element-limit = 65536 (default)
2022-10-11 12:48:40,145 [om1@group-C5BA1605619E-LeaderElection9] INFO  server.RaftServerConfigKeys (ConfUtils.java:logGet(46)) - raft.server.write.element-limit = 4096 (default)
2022-10-11 12:48:40,146 [om1@group-C5BA1605619E-LeaderElection9] INFO  server.RaftServerConfigKeys (ConfUtils.java:logGet(46)) - raft.server.write.follower.gap.ratio.max = -1.0 (default)
2022-10-11 12:48:40,146 [om1@group-C5BA1605619E-LeaderElection9] INFO  impl.RoleInfo (RoleInfo.java:updateAndGet(139)) - om1: start om1@group-C5BA1605619E-LeaderStateImpl
2022-10-11 12:48:40,146 [om1@group-C5BA1605619E-LeaderElection9] INFO  segmented.SegmentedRaftLogWorker (SegmentedRaftLogWorker.java:startLogSegment(425)) - om1@group-C5BA1605619E-SegmentedRaftLogWorker: Starting segment from index:0
2022-10-11 12:48:40,148 [om1@group-C5BA1605619E-LeaderElection9] INFO  server.RaftServer$Division (ServerState.java:setRaftConf(393)) - om1@group-C5BA1605619E: set configuration 0: [om1|rpc:localhost:9872|admin:|client:|dataStream:|priority:0], old=null
2022-10-11 12:48:40,160 [om1@group-C5BA1605619E-SegmentedRaftLogWorker] INFO  segmented.SegmentedRaftLogWorker (SegmentedRaftLogWorker.java:execute(629)) - om1@group-C5BA1605619E-SegmentedRaftLogWorker: created new log segment /home/runner/work/ozone/ozone/hadoop-ozone/integration-test/target/test-dir/MiniOzoneClusterImpl-5cb71319-a8c8-4762-aa0c-8f2be259135d/ozone-meta/ratis/bf265839-605b-3f16-9796-c5ba1605619e/current/log_inprogress_0
2022-10-11 12:48:40,162 [om1@group-C5BA1605619E-StateMachineUpdater] INFO  ratis.OzoneManagerStateMachine (OzoneManagerStateMachine.java:notifyConfigurationChanged(192)) - Received Configuration change notification from Ratis. New Peer list:
[id: "om1"
address: "localhost:9872"
]
2022-10-11 12:48:40,223 [Listener at 127.0.0.1/37873] INFO  handler.ContextHandler (ContextHandler.java:doStart(915)) - Started o.e.j.w.WebAppContext@578e869{hddsDatanode,/,file:///tmp/jetty-0_0_0_0-33999-hdds-container-service-1_3_0-SNAPSHOT_jar-_-any-197603429160344919/webapp/,AVAILABLE}{jar:file:/home/runner/.m2/repository/org/apache/ozone/hdds-container-service/1.3.0-SNAPSHOT/hdds-container-service-1.3.0-SNAPSHOT.jar!/webapps/hddsDatanode}
2022-10-11 12:48:40,227 [Listener at 127.0.0.1/37873] INFO  server.AbstractConnector (AbstractConnector.java:doStart(331)) - Started ServerConnector@1eb3b8c0{HTTP/1.1, (http/1.1)}{0.0.0.0:33999}
2022-10-11 12:48:40,228 [Listener at 127.0.0.1/37873] INFO  server.Server (Server.java:doStart(415)) - Started @57233ms
2022-10-11 12:48:40,228 [Listener at 127.0.0.1/37873] WARN  impl.MetricsSystemImpl (MetricsSystemImpl.java:register(279)) - Sink prometheus already exists!
2022-10-11 12:48:40,229 [Listener at 127.0.0.1/37873] INFO  http.BaseHttpServer (BaseHttpServer.java:updateConnectorAddress(333)) - HTTP server of hddsDatanode listening at http://0.0.0.0:33999
2022-10-11 12:48:40,229 [Datanode State Machine Daemon Thread] INFO  statemachine.DatanodeStateMachine (DatanodeStateMachine.java:lambda$startDaemon$0(492)) - Ozone container server started.
2022-10-11 12:48:40,231 [Listener at 127.0.0.1/37873] INFO  ozone.MiniOzoneClusterImpl (MiniOzoneClusterImpl.java:lambda$waitForClusterToBeReady$0(216)) - Waiting for nodes to be ready. Got 0 of 3 DN Heartbeats.
2022-10-11 12:48:40,231 [Listener at 127.0.0.1/37873] INFO  ozone.MiniOzoneClusterImpl (MiniOzoneClusterImpl.java:lambda$waitForClusterToBeReady$0(219)) - Waiting for cluster to exit safe mode
2022-10-11 12:48:40,231 [Listener at 127.0.0.1/37873] INFO  ozone.MiniOzoneClusterImpl (MiniOzoneClusterImpl.java:lambda$waitForClusterToBeReady$0(221)) - SCM became leader
2022-10-11 12:48:40,232 [org.apache.hadoop.util.JvmPauseMonitor$Monitor@70b78bb5] INFO  util.JvmPauseMonitor (JvmPauseMonitor.java:run(188)) - Starting JVM pause monitor
2022-10-11 12:48:40,233 [Datanode State Machine Task Thread - 0] INFO  datanode.InitDatanodeState (InitDatanodeState.java:persistContainerDatanodeDetails(138)) - DatanodeDetails is persisted to /home/runner/work/ozone/ozone/hadoop-ozone/integration-test/target/test-dir/MiniOzoneClusterImpl-5cb71319-a8c8-4762-aa0c-8f2be259135d/datanode-2/meta/datanode.id
2022-10-11 12:48:41,232 [Listener at 127.0.0.1/37873] INFO  ozone.MiniOzoneClusterImpl (MiniOzoneClusterImpl.java:lambda$waitForClusterToBeReady$0(216)) - Waiting for nodes to be ready. Got 0 of 3 DN Heartbeats.
2022-10-11 12:48:41,232 [Listener at 127.0.0.1/37873] INFO  ozone.MiniOzoneClusterImpl (MiniOzoneClusterImpl.java:lambda$waitForClusterToBeReady$0(219)) - Waiting for cluster to exit safe mode
2022-10-11 12:48:41,232 [Listener at 127.0.0.1/37873] INFO  ozone.MiniOzoneClusterImpl (MiniOzoneClusterImpl.java:lambda$waitForClusterToBeReady$0(221)) - SCM became leader
2022-10-11 12:48:41,557 [EndpointStateMachine task thread for /0.0.0.0:41673 - 0 ] INFO  volume.HddsVolume (HddsVolume.java:createDbStore(307)) - SchemaV3 db is created and loaded at /home/runner/work/ozone/ozone/hadoop-ozone/integration-test/target/test-dir/MiniOzoneClusterImpl-5cb71319-a8c8-4762-aa0c-8f2be259135d/datanode-0/data-0/containers/hdds/5cb71319-a8c8-4762-aa0c-8f2be259135d/DS-1a3fc485-97e6-4bbe-a9a1-a590bedede9a/container.db for volume DS-1a3fc485-97e6-4bbe-a9a1-a590bedede9a
2022-10-11 12:48:41,559 [EndpointStateMachine task thread for /0.0.0.0:41673 - 0 ] INFO  volume.HddsVolume (HddsVolume.java:closeDbStore(338)) - SchemaV3 db is stopped at /home/runner/work/ozone/ozone/hadoop-ozone/integration-test/target/test-dir/MiniOzoneClusterImpl-5cb71319-a8c8-4762-aa0c-8f2be259135d/datanode-0/data-0/containers/hdds/5cb71319-a8c8-4762-aa0c-8f2be259135d/DS-1a3fc485-97e6-4bbe-a9a1-a590bedede9a/container.db for volume DS-1a3fc485-97e6-4bbe-a9a1-a590bedede9a
2022-10-11 12:48:41,559 [EndpointStateMachine task thread for /0.0.0.0:41673 - 0 ] INFO  ozoneimpl.OzoneContainer (OzoneContainer.java:start(378)) - Attempting to start container services.
2022-10-11 12:48:41,559 [EndpointStateMachine task thread for /0.0.0.0:41673 - 0 ] INFO  ozoneimpl.OzoneContainer (OzoneContainer.java:startContainerScrub(313)) - Background container scanner has been disabled.
2022-10-11 12:48:41,562 [EndpointStateMachine task thread for /0.0.0.0:41673 - 0 ] INFO  replication.ReplicationServer (ReplicationServer.java:start(111)) - ReplicationServer is started using port 32779
2022-10-11 12:48:41,563 [EndpointStateMachine task thread for /0.0.0.0:41673 - 0 ] INFO  ratis.XceiverServerRatis (XceiverServerRatis.java:start(481)) - Starting XceiverServerRatis 47102196-0f4d-4140-8200-18f0777f7bc2
2022-10-11 12:48:41,563 [EndpointStateMachine task thread for /0.0.0.0:41673 - 0 ] INFO  server.RaftServer (RaftServerProxy.java:lambda$start$6(382)) - 47102196-0f4d-4140-8200-18f0777f7bc2: start RPC server
2022-10-11 12:48:41,565 [EndpointStateMachine task thread for /0.0.0.0:41673 - 0 ] INFO  server.GrpcService (GrpcService.java:startImpl(260)) - 47102196-0f4d-4140-8200-18f0777f7bc2: GrpcService started, listening on 34445
2022-10-11 12:48:41,565 [EndpointStateMachine task thread for /0.0.0.0:41673 - 0 ] INFO  ratis.XceiverServerRatis (XceiverServerRatis.java:getRealPort(502)) - XceiverServerRatis 47102196-0f4d-4140-8200-18f0777f7bc2 is started using port 34445 for RATIS
2022-10-11 12:48:41,566 [org.apache.ratis.util.JvmPauseMonitor$$Lambda$703/795293305@1d83bb66] INFO  util.JvmPauseMonitor (JvmPauseMonitor.java:run(103)) - JvmPauseMonitor-47102196-0f4d-4140-8200-18f0777f7bc2: Started
2022-10-11 12:48:41,567 [EndpointStateMachine task thread for /0.0.0.0:41673 - 0 ] INFO  ratis.XceiverServerRatis (XceiverServerRatis.java:getRealPort(502)) - XceiverServerRatis 47102196-0f4d-4140-8200-18f0777f7bc2 is started using port 34445 for RATIS_ADMIN
2022-10-11 12:48:41,567 [EndpointStateMachine task thread for /0.0.0.0:41673 - 0 ] INFO  ratis.XceiverServerRatis (XceiverServerRatis.java:getRealPort(502)) - XceiverServerRatis 47102196-0f4d-4140-8200-18f0777f7bc2 is started using port 34445 for RATIS_SERVER
2022-10-11 12:48:41,570 [EndpointStateMachine task thread for /0.0.0.0:41673 - 0 ] INFO  server.XceiverServerGrpc (XceiverServerGrpc.java:start(180)) - XceiverServerGrpc 47102196-0f4d-4140-8200-18f0777f7bc2 is started using port 33757
2022-10-11 12:48:41,911 [EndpointStateMachine task thread for /0.0.0.0:41673 - 0 ] INFO  volume.HddsVolume (HddsVolume.java:createDbStore(307)) - SchemaV3 db is created and loaded at /home/runner/work/ozone/ozone/hadoop-ozone/integration-test/target/test-dir/MiniOzoneClusterImpl-5cb71319-a8c8-4762-aa0c-8f2be259135d/datanode-1/data-0/containers/hdds/5cb71319-a8c8-4762-aa0c-8f2be259135d/DS-5066a837-d683-4d09-bfb1-f2e016e999df/container.db for volume DS-5066a837-d683-4d09-bfb1-f2e016e999df
2022-10-11 12:48:41,912 [EndpointStateMachine task thread for /0.0.0.0:41673 - 0 ] INFO  volume.HddsVolume (HddsVolume.java:closeDbStore(338)) - SchemaV3 db is stopped at /home/runner/work/ozone/ozone/hadoop-ozone/integration-test/target/test-dir/MiniOzoneClusterImpl-5cb71319-a8c8-4762-aa0c-8f2be259135d/datanode-1/data-0/containers/hdds/5cb71319-a8c8-4762-aa0c-8f2be259135d/DS-5066a837-d683-4d09-bfb1-f2e016e999df/container.db for volume DS-5066a837-d683-4d09-bfb1-f2e016e999df
2022-10-11 12:48:41,912 [EndpointStateMachine task thread for /0.0.0.0:41673 - 0 ] INFO  ozoneimpl.OzoneContainer (OzoneContainer.java:start(378)) - Attempting to start container services.
2022-10-11 12:48:41,912 [EndpointStateMachine task thread for /0.0.0.0:41673 - 0 ] INFO  ozoneimpl.OzoneContainer (OzoneContainer.java:startContainerScrub(313)) - Background container scanner has been disabled.
2022-10-11 12:48:41,914 [EndpointStateMachine task thread for /0.0.0.0:41673 - 0 ] INFO  replication.ReplicationServer (ReplicationServer.java:start(111)) - ReplicationServer is started using port 35863
2022-10-11 12:48:41,915 [EndpointStateMachine task thread for /0.0.0.0:41673 - 0 ] INFO  ratis.XceiverServerRatis (XceiverServerRatis.java:start(481)) - Starting XceiverServerRatis 4444cbf4-fd79-4bf9-9a85-9dbe318480e0
2022-10-11 12:48:41,916 [EndpointStateMachine task thread for /0.0.0.0:41673 - 0 ] INFO  server.RaftServer (RaftServerProxy.java:lambda$start$6(382)) - 4444cbf4-fd79-4bf9-9a85-9dbe318480e0: start RPC server
2022-10-11 12:48:41,919 [EndpointStateMachine task thread for /0.0.0.0:41673 - 0 ] INFO  server.GrpcService (GrpcService.java:startImpl(260)) - 4444cbf4-fd79-4bf9-9a85-9dbe318480e0: GrpcService started, listening on 44895
2022-10-11 12:48:41,919 [EndpointStateMachine task thread for /0.0.0.0:41673 - 0 ] INFO  ratis.XceiverServerRatis (XceiverServerRatis.java:getRealPort(502)) - XceiverServerRatis 4444cbf4-fd79-4bf9-9a85-9dbe318480e0 is started using port 44895 for RATIS
2022-10-11 12:48:41,920 [org.apache.ratis.util.JvmPauseMonitor$$Lambda$703/795293305@21bc2e6b] INFO  util.JvmPauseMonitor (JvmPauseMonitor.java:run(103)) - JvmPauseMonitor-4444cbf4-fd79-4bf9-9a85-9dbe318480e0: Started
2022-10-11 12:48:41,920 [EndpointStateMachine task thread for /0.0.0.0:41673 - 0 ] INFO  ratis.XceiverServerRatis (XceiverServerRatis.java:getRealPort(502)) - XceiverServerRatis 4444cbf4-fd79-4bf9-9a85-9dbe318480e0 is started using port 44895 for RATIS_ADMIN
2022-10-11 12:48:41,920 [EndpointStateMachine task thread for /0.0.0.0:41673 - 0 ] INFO  ratis.XceiverServerRatis (XceiverServerRatis.java:getRealPort(502)) - XceiverServerRatis 4444cbf4-fd79-4bf9-9a85-9dbe318480e0 is started using port 44895 for RATIS_SERVER
2022-10-11 12:48:41,922 [EndpointStateMachine task thread for /0.0.0.0:41673 - 0 ] INFO  server.XceiverServerGrpc (XceiverServerGrpc.java:start(180)) - XceiverServerGrpc 4444cbf4-fd79-4bf9-9a85-9dbe318480e0 is started using port 39423
2022-10-11 12:48:42,232 [Listener at 127.0.0.1/37873] INFO  ozone.MiniOzoneClusterImpl (MiniOzoneClusterImpl.java:lambda$waitForClusterToBeReady$0(216)) - Waiting for nodes to be ready. Got 0 of 3 DN Heartbeats.
2022-10-11 12:48:42,233 [Listener at 127.0.0.1/37873] INFO  ozone.MiniOzoneClusterImpl (MiniOzoneClusterImpl.java:lambda$waitForClusterToBeReady$0(219)) - Waiting for cluster to exit safe mode
2022-10-11 12:48:42,233 [Listener at 127.0.0.1/37873] INFO  ozone.MiniOzoneClusterImpl (MiniOzoneClusterImpl.java:lambda$waitForClusterToBeReady$0(221)) - SCM became leader
2022-10-11 12:48:42,273 [EndpointStateMachine task thread for /0.0.0.0:41673 - 0 ] INFO  volume.HddsVolume (HddsVolume.java:createDbStore(307)) - SchemaV3 db is created and loaded at /home/runner/work/ozone/ozone/hadoop-ozone/integration-test/target/test-dir/MiniOzoneClusterImpl-5cb71319-a8c8-4762-aa0c-8f2be259135d/datanode-2/data-0/containers/hdds/5cb71319-a8c8-4762-aa0c-8f2be259135d/DS-f4c22263-2181-40b0-a375-720e874e72ec/container.db for volume DS-f4c22263-2181-40b0-a375-720e874e72ec
2022-10-11 12:48:42,274 [EndpointStateMachine task thread for /0.0.0.0:41673 - 0 ] INFO  volume.HddsVolume (HddsVolume.java:closeDbStore(338)) - SchemaV3 db is stopped at /home/runner/work/ozone/ozone/hadoop-ozone/integration-test/target/test-dir/MiniOzoneClusterImpl-5cb71319-a8c8-4762-aa0c-8f2be259135d/datanode-2/data-0/containers/hdds/5cb71319-a8c8-4762-aa0c-8f2be259135d/DS-f4c22263-2181-40b0-a375-720e874e72ec/container.db for volume DS-f4c22263-2181-40b0-a375-720e874e72ec
2022-10-11 12:48:42,274 [EndpointStateMachine task thread for /0.0.0.0:41673 - 0 ] INFO  ozoneimpl.OzoneContainer (OzoneContainer.java:start(378)) - Attempting to start container services.
2022-10-11 12:48:42,274 [EndpointStateMachine task thread for /0.0.0.0:41673 - 0 ] INFO  ozoneimpl.OzoneContainer (OzoneContainer.java:startContainerScrub(313)) - Background container scanner has been disabled.
2022-10-11 12:48:42,276 [EndpointStateMachine task thread for /0.0.0.0:41673 - 0 ] INFO  replication.ReplicationServer (ReplicationServer.java:start(111)) - ReplicationServer is started using port 34551
2022-10-11 12:48:42,277 [EndpointStateMachine task thread for /0.0.0.0:41673 - 0 ] INFO  ratis.XceiverServerRatis (XceiverServerRatis.java:start(481)) - Starting XceiverServerRatis 0605c384-8e0d-4fdb-ab87-e69b89fa9455
2022-10-11 12:48:42,277 [EndpointStateMachine task thread for /0.0.0.0:41673 - 0 ] INFO  server.RaftServer (RaftServerProxy.java:lambda$start$6(382)) - 0605c384-8e0d-4fdb-ab87-e69b89fa9455: start RPC server
2022-10-11 12:48:42,283 [EndpointStateMachine task thread for /0.0.0.0:41673 - 0 ] INFO  server.GrpcService (GrpcService.java:startImpl(260)) - 0605c384-8e0d-4fdb-ab87-e69b89fa9455: GrpcService started, listening on 35731
2022-10-11 12:48:42,283 [EndpointStateMachine task thread for /0.0.0.0:41673 - 0 ] INFO  ratis.XceiverServerRatis (XceiverServerRatis.java:getRealPort(502)) - XceiverServerRatis 0605c384-8e0d-4fdb-ab87-e69b89fa9455 is started using port 35731 for RATIS
2022-10-11 12:48:42,283 [org.apache.ratis.util.JvmPauseMonitor$$Lambda$703/795293305@6e49f1a2] INFO  util.JvmPauseMonitor (JvmPauseMonitor.java:run(103)) - JvmPauseMonitor-0605c384-8e0d-4fdb-ab87-e69b89fa9455: Started
2022-10-11 12:48:42,283 [EndpointStateMachine task thread for /0.0.0.0:41673 - 0 ] INFO  ratis.XceiverServerRatis (XceiverServerRatis.java:getRealPort(502)) - XceiverServerRatis 0605c384-8e0d-4fdb-ab87-e69b89fa9455 is started using port 35731 for RATIS_ADMIN
2022-10-11 12:48:42,283 [EndpointStateMachine task thread for /0.0.0.0:41673 - 0 ] INFO  ratis.XceiverServerRatis (XceiverServerRatis.java:getRealPort(502)) - XceiverServerRatis 0605c384-8e0d-4fdb-ab87-e69b89fa9455 is started using port 35731 for RATIS_SERVER
2022-10-11 12:48:42,288 [EndpointStateMachine task thread for /0.0.0.0:41673 - 0 ] INFO  server.XceiverServerGrpc (XceiverServerGrpc.java:start(180)) - XceiverServerGrpc 0605c384-8e0d-4fdb-ab87-e69b89fa9455 is started using port 37983
2022-10-11 12:48:43,233 [Listener at 127.0.0.1/37873] INFO  ozone.MiniOzoneClusterImpl (MiniOzoneClusterImpl.java:lambda$waitForClusterToBeReady$0(216)) - Waiting for nodes to be ready. Got 0 of 3 DN Heartbeats.
2022-10-11 12:48:43,234 [Listener at 127.0.0.1/37873] INFO  ozone.MiniOzoneClusterImpl (MiniOzoneClusterImpl.java:lambda$waitForClusterToBeReady$0(219)) - Waiting for cluster to exit safe mode
2022-10-11 12:48:43,234 [Listener at 127.0.0.1/37873] INFO  ozone.MiniOzoneClusterImpl (MiniOzoneClusterImpl.java:lambda$waitForClusterToBeReady$0(221)) - SCM became leader
2022-10-11 12:48:43,509 [IPC Server handler 2 on default port 41673] INFO  net.NetworkTopologyImpl (NetworkTopologyImpl.java:add(112)) - Added a new node: /default-rack/47102196-0f4d-4140-8200-18f0777f7bc2
2022-10-11 12:48:43,510 [IPC Server handler 2 on default port 41673] INFO  node.SCMNodeManager (SCMNodeManager.java:register(397)) - Registered Data node : 47102196-0f4d-4140-8200-18f0777f7bc2{ip: 10.1.1.98, host: fv-az570-546.srgqcr2moziuvm0qev4lajleyh.dx.internal.cloudapp.net, ports: [REPLICATION=32779, RATIS=34445, RATIS_ADMIN=34445, RATIS_SERVER=34445, STANDALONE=33757], networkLocation: /default-rack, certSerialId: null, persistedOpState: null, persistedOpStateExpiryEpochSec: 0}
2022-10-11 12:48:43,512 [EventQueue-NewNodeForNewNodeHandler] INFO  pipeline.BackgroundPipelineCreator (BackgroundPipelineCreator.java:notifyEventTriggered(276)) - trigger a one-shot run on RatisPipelineUtilsThread.
2022-10-11 12:48:43,513 [EventQueue-NodeRegistrationContainerReportForContainerSafeModeRule] INFO  safemode.SCMSafeModeManager (SCMSafeModeManager.java:validateSafeModeExitRules(204)) - ContainerSafeModeRule rule is successfully validated
2022-10-11 12:48:43,513 [EventQueue-NodeRegistrationContainerReportForDataNodeSafeModeRule] INFO  safemode.SCMSafeModeManager (DataNodeSafeModeRule.java:process(71)) - SCM in safe mode. 1 DataNodes registered, 3 required.
2022-10-11 12:48:43,514 [EventQueue-PipelineReportForOneReplicaPipelineSafeModeRule] INFO  safemode.SCMSafeModeManager (SCMSafeModeManager.java:validateSafeModeExitRules(204)) - AtleastOneDatanodeReportedRule rule is successfully validated
2022-10-11 12:48:43,861 [IPC Server handler 1 on default port 41673] INFO  net.NetworkTopologyImpl (NetworkTopologyImpl.java:add(112)) - Added a new node: /default-rack/4444cbf4-fd79-4bf9-9a85-9dbe318480e0
2022-10-11 12:48:43,861 [IPC Server handler 1 on default port 41673] INFO  node.SCMNodeManager (SCMNodeManager.java:register(397)) - Registered Data node : 4444cbf4-fd79-4bf9-9a85-9dbe318480e0{ip: 10.1.1.98, host: fv-az570-546.srgqcr2moziuvm0qev4lajleyh.dx.internal.cloudapp.net, ports: [REPLICATION=35863, RATIS=44895, RATIS_ADMIN=44895, RATIS_SERVER=44895, STANDALONE=39423], networkLocation: /default-rack, certSerialId: null, persistedOpState: null, persistedOpStateExpiryEpochSec: 0}
2022-10-11 12:48:43,861 [EventQueue-NewNodeForNewNodeHandler] INFO  pipeline.BackgroundPipelineCreator (BackgroundPipelineCreator.java:notifyEventTriggered(276)) - trigger a one-shot run on RatisPipelineUtilsThread.
2022-10-11 12:48:43,862 [EventQueue-NodeRegistrationContainerReportForDataNodeSafeModeRule] INFO  safemode.SCMSafeModeManager (DataNodeSafeModeRule.java:process(71)) - SCM in safe mode. 2 DataNodes registered, 3 required.
2022-10-11 12:48:44,234 [IPC Server handler 0 on default port 41673] INFO  net.NetworkTopologyImpl (NetworkTopologyImpl.java:add(112)) - Added a new node: /default-rack/0605c384-8e0d-4fdb-ab87-e69b89fa9455
2022-10-11 12:48:44,234 [IPC Server handler 0 on default port 41673] INFO  node.SCMNodeManager (SCMNodeManager.java:register(397)) - Registered Data node : 0605c384-8e0d-4fdb-ab87-e69b89fa9455{ip: 10.1.1.98, host: fv-az570-546.srgqcr2moziuvm0qev4lajleyh.dx.internal.cloudapp.net, ports: [REPLICATION=34551, RATIS=35731, RATIS_ADMIN=35731, RATIS_SERVER=35731, STANDALONE=37983], networkLocation: /default-rack, certSerialId: null, persistedOpState: null, persistedOpStateExpiryEpochSec: 0}
2022-10-11 12:48:44,234 [Listener at 127.0.0.1/37873] INFO  ozone.MiniOzoneClusterImpl (MiniOzoneClusterImpl.java:lambda$waitForClusterToBeReady$0(216)) - Nodes are ready. Got 3 of 3 DN Heartbeats.
2022-10-11 12:48:44,235 [Listener at 127.0.0.1/37873] INFO  ozone.MiniOzoneClusterImpl (MiniOzoneClusterImpl.java:lambda$waitForClusterToBeReady$0(219)) - Waiting for cluster to exit safe mode
2022-10-11 12:48:44,235 [Listener at 127.0.0.1/37873] INFO  ozone.MiniOzoneClusterImpl (MiniOzoneClusterImpl.java:lambda$waitForClusterToBeReady$0(221)) - SCM became leader
2022-10-11 12:48:44,235 [EventQueue-NodeRegistrationContainerReportForDataNodeSafeModeRule] INFO  safemode.SCMSafeModeManager (DataNodeSafeModeRule.java:process(71)) - SCM in safe mode. 3 DataNodes registered, 3 required.
2022-10-11 12:48:44,235 [EventQueue-NodeRegistrationContainerReportForDataNodeSafeModeRule] INFO  safemode.SCMSafeModeManager (SCMSafeModeManager.java:validateSafeModeExitRules(204)) - DataNodeSafeModeRule rule is successfully validated
2022-10-11 12:48:44,235 [EventQueue-NodeRegistrationContainerReportForDataNodeSafeModeRule] INFO  safemode.SCMSafeModeManager (SCMSafeModeManager.java:completePreCheck(233)) - All SCM safe mode pre check rules have passed
2022-10-11 12:48:44,235 [EventQueue-NodeRegistrationContainerReportForDataNodeSafeModeRule] WARN  events.EventQueue (EventQueue.java:fireEvent(216)) - No event handler registered for event TypedEvent{payloadType=SafeModeStatus, name='Safe mode status'}
2022-10-11 12:48:44,235 [EventQueue-NodeRegistrationContainerReportForDataNodeSafeModeRule] INFO  ha.SCMContext (SCMContext.java:updateSafeModeStatus(228)) - Update SafeModeStatus from SafeModeStatus{safeModeStatus=true, preCheckPassed=false} to SafeModeStatus{safeModeStatus=true, preCheckPassed=true}.
2022-10-11 12:48:44,235 [EventQueue-NewNodeForNewNodeHandler] INFO  pipeline.BackgroundPipelineCreator (BackgroundPipelineCreator.java:notifyEventTriggered(276)) - trigger a one-shot run on RatisPipelineUtilsThread.
2022-10-11 12:48:44,235 [EventQueue-NodeRegistrationContainerReportForDataNodeSafeModeRule] INFO  pipeline.BackgroundPipelineCreator (BackgroundPipelineCreator.java:notifyEventTriggered(276)) - trigger a one-shot run on RatisPipelineUtilsThread.
2022-10-11 12:48:44,236 [RatisPipelineUtilsThread - 0] INFO  pipeline.RatisPipelineProvider (RatisPipelineProvider.java:lambda$create$0(195)) - Sending CreatePipelineCommand for pipeline:PipelineID=98c00462-3050-4d4b-b576-bbdfd469db51 to datanode:4444cbf4-fd79-4bf9-9a85-9dbe318480e0
2022-10-11 12:48:44,236 [RatisPipelineUtilsThread - 0] INFO  pipeline.RatisPipelineProvider (RatisPipelineProvider.java:lambda$create$0(195)) - Sending CreatePipelineCommand for pipeline:PipelineID=98c00462-3050-4d4b-b576-bbdfd469db51 to datanode:47102196-0f4d-4140-8200-18f0777f7bc2
2022-10-11 12:48:44,236 [RatisPipelineUtilsThread - 0] INFO  pipeline.RatisPipelineProvider (RatisPipelineProvider.java:lambda$create$0(195)) - Sending CreatePipelineCommand for pipeline:PipelineID=98c00462-3050-4d4b-b576-bbdfd469db51 to datanode:0605c384-8e0d-4fdb-ab87-e69b89fa9455
2022-10-11 12:48:44,237 [RatisPipelineUtilsThread - 0] INFO  pipeline.PipelineStateManagerImpl (PipelineStateManagerImpl.java:addPipeline(103)) - Created pipeline Pipeline[ Id: 98c00462-3050-4d4b-b576-bbdfd469db51, Nodes: 4444cbf4-fd79-4bf9-9a85-9dbe318480e0{ip: 10.1.1.98, host: fv-az570-546.srgqcr2moziuvm0qev4lajleyh.dx.internal.cloudapp.net, ports: [REPLICATION=35863, RATIS=44895, RATIS_ADMIN=44895, RATIS_SERVER=44895, STANDALONE=39423], networkLocation: /default-rack, certSerialId: null, persistedOpState: IN_SERVICE, persistedOpStateExpiryEpochSec: 0}47102196-0f4d-4140-8200-18f0777f7bc2{ip: 10.1.1.98, host: fv-az570-546.srgqcr2moziuvm0qev4lajleyh.dx.internal.cloudapp.net, ports: [REPLICATION=32779, RATIS=34445, RATIS_ADMIN=34445, RATIS_SERVER=34445, STANDALONE=33757], networkLocation: /default-rack, certSerialId: null, persistedOpState: IN_SERVICE, persistedOpStateExpiryEpochSec: 0}0605c384-8e0d-4fdb-ab87-e69b89fa9455{ip: 10.1.1.98, host: fv-az570-546.srgqcr2moziuvm0qev4lajleyh.dx.internal.cloudapp.net, ports: [REPLICATION=34551, RATIS=35731, RATIS_ADMIN=35731, RATIS_SERVER=35731, STANDALONE=37983], networkLocation: /default-rack, certSerialId: null, persistedOpState: IN_SERVICE, persistedOpStateExpiryEpochSec: 0}, ReplicationConfig: RATIS/THREE, State:ALLOCATED, leaderId:, CreationTimestamp2022-10-11T12:48:44.236Z[Etc/UTC]].
2022-10-11 12:48:45,235 [Listener at 127.0.0.1/37873] INFO  ozone.MiniOzoneClusterImpl (MiniOzoneClusterImpl.java:lambda$waitForClusterToBeReady$0(216)) - Nodes are ready. Got 3 of 3 DN Heartbeats.
2022-10-11 12:48:45,235 [Listener at 127.0.0.1/37873] INFO  ozone.MiniOzoneClusterImpl (MiniOzoneClusterImpl.java:lambda$waitForClusterToBeReady$0(219)) - Waiting for cluster to exit safe mode
2022-10-11 12:48:45,235 [Listener at 127.0.0.1/37873] INFO  ozone.MiniOzoneClusterImpl (MiniOzoneClusterImpl.java:lambda$waitForClusterToBeReady$0(221)) - SCM became leader
2022-10-11 12:48:46,236 [Listener at 127.0.0.1/37873] INFO  ozone.MiniOzoneClusterImpl (MiniOzoneClusterImpl.java:lambda$waitForClusterToBeReady$0(216)) - Nodes are ready. Got 3 of 3 DN Heartbeats.
2022-10-11 12:48:46,236 [Listener at 127.0.0.1/37873] INFO  ozone.MiniOzoneClusterImpl (MiniOzoneClusterImpl.java:lambda$waitForClusterToBeReady$0(219)) - Waiting for cluster to exit safe mode
2022-10-11 12:48:46,236 [Listener at 127.0.0.1/37873] INFO  ozone.MiniOzoneClusterImpl (MiniOzoneClusterImpl.java:lambda$waitForClusterToBeReady$0(221)) - SCM became leader
2022-10-11 12:48:46,509 [Command processor thread] INFO  server.RaftServer (RaftServerProxy.java:addNew(96)) - 47102196-0f4d-4140-8200-18f0777f7bc2: addNew group-BBDFD469DB51:[4444cbf4-fd79-4bf9-9a85-9dbe318480e0|rpc:10.1.1.98:44895|priority:0, 0605c384-8e0d-4fdb-ab87-e69b89fa9455|rpc:10.1.1.98:35731|priority:1, 47102196-0f4d-4140-8200-18f0777f7bc2|rpc:10.1.1.98:34445|priority:0] returns group-BBDFD469DB51:java.util.concurrent.CompletableFuture@3091761b[Not completed]
2022-10-11 12:48:46,513 [pool-341-thread-1] INFO  server.RaftServer$Division (RaftServerImpl.java:<init>(190)) - 47102196-0f4d-4140-8200-18f0777f7bc2: new RaftServerImpl for group-BBDFD469DB51:[4444cbf4-fd79-4bf9-9a85-9dbe318480e0|rpc:10.1.1.98:44895|priority:0, 0605c384-8e0d-4fdb-ab87-e69b89fa9455|rpc:10.1.1.98:35731|priority:1, 47102196-0f4d-4140-8200-18f0777f7bc2|rpc:10.1.1.98:34445|priority:0] with ContainerStateMachine:uninitialized
2022-10-11 12:48:46,513 [pool-341-thread-1] INFO  server.RaftServerConfigKeys (ConfUtils.java:logGet(46)) - raft.server.rpc.timeout.min = 5s (custom)
2022-10-11 12:48:46,513 [pool-341-thread-1] INFO  server.RaftServerConfigKeys (ConfUtils.java:logGet(46)) - raft.server.rpc.timeout.max = 5200ms (custom)
2022-10-11 12:48:46,513 [pool-341-thread-1] INFO  server.RaftServerConfigKeys (ConfUtils.java:logGet(46)) - raft.server.rpc.sleep.time = 25ms (default)
2022-10-11 12:48:46,513 [pool-341-thread-1] INFO  server.RaftServerConfigKeys (ConfUtils.java:logGet(46)) - raft.server.rpc.slowness.timeout = 300s (custom)
2022-10-11 12:48:46,513 [pool-341-thread-1] INFO  server.RaftServerConfigKeys (ConfUtils.java:logGet(46)) - raft.server.leaderelection.leader.step-down.wait-time = 10s (default)
2022-10-11 12:48:46,513 [pool-341-thread-1] INFO  server.RaftServerConfigKeys (ConfUtils.java:logGet(46)) - raft.server.sleep.deviation.threshold = 300ms (default)
2022-10-11 12:48:46,513 [pool-341-thread-1] INFO  server.RaftServer$Division (ServerState.java:<init>(107)) - 47102196-0f4d-4140-8200-18f0777f7bc2@group-BBDFD469DB51: ConfigurationManager, init=-1: [4444cbf4-fd79-4bf9-9a85-9dbe318480e0|rpc:10.1.1.98:44895|priority:0, 0605c384-8e0d-4fdb-ab87-e69b89fa9455|rpc:10.1.1.98:35731|priority:1, 47102196-0f4d-4140-8200-18f0777f7bc2|rpc:10.1.1.98:34445|priority:0], old=null, confs=<EMPTY_MAP>
2022-10-11 12:48:46,513 [pool-341-thread-1] INFO  server.RaftServerConfigKeys (ConfUtils.java:logGet(46)) - raft.server.storage.dir = [/home/runner/work/ozone/ozone/hadoop-ozone/integration-test/target/test-dir/MiniOzoneClusterImpl-5cb71319-a8c8-4762-aa0c-8f2be259135d/datanode-0/data/ratis] (custom)
2022-10-11 12:48:46,514 [pool-341-thread-1] INFO  server.RaftServerConfigKeys (ConfUtils.java:logGet(46)) - raft.server.log.corruption.policy = EXCEPTION (default)
2022-10-11 12:48:46,514 [pool-341-thread-1] INFO  server.RaftServerConfigKeys (ConfUtils.java:logGet(46)) - raft.server.storage.free-space.min = 0MB (=0) (default)
2022-10-11 12:48:46,514 [pool-341-thread-1] INFO  storage.RaftStorageDirectory (RaftStorageDirectoryImpl.java:analyzeStorage(135)) - The storage directory /home/runner/work/ozone/ozone/hadoop-ozone/integration-test/target/test-dir/MiniOzoneClusterImpl-5cb71319-a8c8-4762-aa0c-8f2be259135d/datanode-0/data/ratis/98c00462-3050-4d4b-b576-bbdfd469db51 does not exist. Creating ...
2022-10-11 12:48:46,516 [pool-341-thread-1] INFO  storage.RaftStorageDirectory (RaftStorageDirectoryImpl.java:tryLock(230)) - Lock on /home/runner/work/ozone/ozone/hadoop-ozone/integration-test/target/test-dir/MiniOzoneClusterImpl-5cb71319-a8c8-4762-aa0c-8f2be259135d/datanode-0/data/ratis/98c00462-3050-4d4b-b576-bbdfd469db51/in_use.lock acquired by nodename 36499@fv-az570-546
2022-10-11 12:48:46,518 [pool-341-thread-1] INFO  storage.RaftStorage (RaftStorageImpl.java:format(89)) - Storage directory /home/runner/work/ozone/ozone/hadoop-ozone/integration-test/target/test-dir/MiniOzoneClusterImpl-5cb71319-a8c8-4762-aa0c-8f2be259135d/datanode-0/data/ratis/98c00462-3050-4d4b-b576-bbdfd469db51 has been successfully formatted.
2022-10-11 12:48:46,518 [pool-341-thread-1] INFO  ratis.ContainerStateMachine (ContainerStateMachine.java:loadSnapshot(236)) - group-BBDFD469DB51: The snapshot info is null. Setting the last applied indexto:(t:0, i:~)
2022-10-11 12:48:46,518 [pool-341-thread-1] INFO  server.RaftServerConfigKeys (ConfUtils.java:logGet(46)) - raft.server.notification.no-leader.timeout = 300s (custom)
2022-10-11 12:48:46,518 [pool-341-thread-1] INFO  server.RaftServerConfigKeys (ConfUtils.java:logGet(46)) - raft.server.log.use.memory = false (default)
2022-10-11 12:48:46,518 [pool-341-thread-1] INFO  server.RaftServerConfigKeys (ConfUtils.java:logGet(46)) - raft.server.log.purge.gap = 1000000 (custom)
2022-10-11 12:48:46,518 [pool-341-thread-1] INFO  server.RaftServerConfigKeys (ConfUtils.java:logGet(46)) - raft.server.log.appender.buffer.byte-limit = 33554432 (custom)
2022-10-11 12:48:46,518 [pool-341-thread-1] INFO  server.RaftServerConfigKeys (ConfUtils.java:logGet(46)) - raft.server.log.statemachine.data.read.timeout = 1000ms (default)
2022-10-11 12:48:46,519 [pool-341-thread-1] INFO  server.RaftServerConfigKeys (ConfUtils.java:logGet(46)) - raft.server.log.segment.size.max = 1048576 (custom)
2022-10-11 12:48:46,519 [pool-341-thread-1] INFO  server.RaftServerConfigKeys (ConfUtils.java:logGet(46)) - raft.server.log.segment.cache.num.max = 2 (custom)
2022-10-11 12:48:46,519 [pool-341-thread-1] INFO  server.RaftServerConfigKeys (ConfUtils.java:logGet(46)) - raft.server.log.segment.cache.size.max = 200MB (=209715200) (default)
2022-10-11 12:48:46,520 [pool-341-thread-1] INFO  segmented.SegmentedRaftLogWorker (SegmentedRaftLogWorker.java:<init>(187)) - new 47102196-0f4d-4140-8200-18f0777f7bc2@group-BBDFD469DB51-SegmentedRaftLogWorker for RaftStorageImpl:Storage Directory /home/runner/work/ozone/ozone/hadoop-ozone/integration-test/target/test-dir/MiniOzoneClusterImpl-5cb71319-a8c8-4762-aa0c-8f2be259135d/datanode-0/data/ratis/98c00462-3050-4d4b-b576-bbdfd469db51
2022-10-11 12:48:46,520 [pool-341-thread-1] INFO  server.RaftServerConfigKeys (ConfUtils.java:logGet(46)) - raft.server.log.queue.byte-limit = 4294967296 (custom)
2022-10-11 12:48:46,520 [pool-341-thread-1] INFO  server.RaftServerConfigKeys (ConfUtils.java:logGet(46)) - raft.server.log.queue.element-limit = 1024 (custom)
2022-10-11 12:48:46,520 [pool-341-thread-1] INFO  server.RaftServerConfigKeys (ConfUtils.java:logGet(46)) - raft.server.log.segment.size.max = 1048576 (custom)
2022-10-11 12:48:46,520 [pool-341-thread-1] INFO  server.RaftServerConfigKeys (ConfUtils.java:logGet(46)) - raft.server.log.preallocated.size = 16384 (custom)
2022-10-11 12:48:46,520 [pool-341-thread-1] INFO  server.RaftServerConfigKeys (ConfUtils.java:logGet(46)) - raft.server.log.force.sync.num = 128 (default)
2022-10-11 12:48:46,520 [pool-341-thread-1] INFO  server.RaftServerConfigKeys (ConfUtils.java:logGet(46)) - raft.server.log.statemachine.data.sync = true (default)
2022-10-11 12:48:46,520 [pool-341-thread-1] INFO  server.RaftServerConfigKeys (ConfUtils.java:logGet(46)) - raft.server.log.statemachine.data.sync.timeout = 10s (default)
2022-10-11 12:48:46,520 [pool-341-thread-1] INFO  server.RaftServerConfigKeys (ConfUtils.java:logGet(46)) - raft.server.log.statemachine.data.sync.timeout.retry = -1 (default)
2022-10-11 12:48:46,521 [pool-341-thread-1] INFO  server.RaftServerConfigKeys (ConfUtils.java:logGet(46)) - raft.server.log.write.buffer.size = 1048576 (custom)
2022-10-11 12:48:46,522 [pool-341-thread-1] INFO  server.RaftServerConfigKeys (ConfUtils.java:logGet(46)) - raft.server.log.unsafe-flush.enabled = false (default)
2022-10-11 12:48:46,522 [pool-341-thread-1] INFO  server.RaftServerConfigKeys (ConfUtils.java:logGet(46)) - raft.server.log.statemachine.data.caching.enabled = true (custom)
2022-10-11 12:48:46,522 [pool-341-thread-1] INFO  segmented.SegmentedRaftLogWorker (SegmentedRaftLogWorker.java:lambda$new$0(135)) - 47102196-0f4d-4140-8200-18f0777f7bc2@group-BBDFD469DB51-SegmentedRaftLogWorker: flushIndex: setUnconditionally 0 -> -1
2022-10-11 12:48:46,522 [pool-341-thread-1] INFO  segmented.SegmentedRaftLogWorker (SegmentedRaftLogWorker.java:lambda$new$0(135)) - 47102196-0f4d-4140-8200-18f0777f7bc2@group-BBDFD469DB51-SegmentedRaftLogWorker: safeCacheEvictIndex: setUnconditionally 0 -> -1
2022-10-11 12:48:46,522 [pool-341-thread-1] INFO  server.RaftServerConfigKeys (ConfUtils.java:logGet(46)) - raft.server.snapshot.auto.trigger.enabled = true (custom)
2022-10-11 12:48:46,523 [pool-341-thread-1] INFO  server.RaftServerConfigKeys (ConfUtils.java:logGet(46)) - raft.server.snapshot.auto.trigger.threshold = 10000 (custom)
2022-10-11 12:48:46,523 [pool-341-thread-1] INFO  server.RaftServerConfigKeys (ConfUtils.java:logGet(46)) - raft.server.snapshot.retention.file.num = 5 (custom)
2022-10-11 12:48:46,523 [pool-341-thread-1] INFO  server.RaftServerConfigKeys (ConfUtils.java:logGet(46)) - raft.server.log.purge.upto.snapshot.index = false (default)
2022-10-11 12:48:46,523 [pool-341-thread-1] INFO  server.RaftServerConfigKeys (ConfUtils.java:logGet(46)) - raft.server.retrycache.expirytime = 600000ms (custom)
2022-10-11 12:48:46,523 [pool-341-thread-1] INFO  server.RaftServerConfigKeys (ConfUtils.java:logGet(46)) - raft.server.retrycache.statistics.expirytime = 100μs (default)
2022-10-11 12:48:46,524 [pool-341-thread-1] INFO  server.RaftServerConfigKeys (ConfUtils.java:logGet(46)) - raft.server.log.appender.install.snapshot.enabled = false (custom)
2022-10-11 12:48:46,524 [pool-341-thread-1] INFO  server.RaftServerConfigKeys (ConfUtils.java:logGet(46)) - raft.server.threadpool.server.cached = true (default)
2022-10-11 12:48:46,525 [pool-341-thread-1] INFO  server.RaftServerConfigKeys (ConfUtils.java:logGet(46)) - raft.server.threadpool.server.size = 0 (default)
2022-10-11 12:48:46,525 [pool-341-thread-1] INFO  server.RaftServerConfigKeys (ConfUtils.java:logGet(46)) - raft.server.threadpool.client.cached = true (default)
2022-10-11 12:48:46,525 [pool-341-thread-1] INFO  server.RaftServerConfigKeys (ConfUtils.java:logGet(46)) - raft.server.threadpool.client.size = 0 (default)
2022-10-11 12:48:46,525 [pool-341-thread-1] INFO  server.RaftServer$Division (RaftServerImpl.java:start(310)) - 47102196-0f4d-4140-8200-18f0777f7bc2@group-BBDFD469DB51: start as a follower, conf=-1: [4444cbf4-fd79-4bf9-9a85-9dbe318480e0|rpc:10.1.1.98:44895|priority:0, 0605c384-8e0d-4fdb-ab87-e69b89fa9455|rpc:10.1.1.98:35731|priority:1, 47102196-0f4d-4140-8200-18f0777f7bc2|rpc:10.1.1.98:34445|priority:0], old=null
2022-10-11 12:48:46,525 [pool-341-thread-1] INFO  server.RaftServer$Division (RaftServerImpl.java:setRole(299)) - 47102196-0f4d-4140-8200-18f0777f7bc2@group-BBDFD469DB51: changes role from      null to FOLLOWER at term 0 for startAsFollower
2022-10-11 12:48:46,525 [pool-341-thread-1] INFO  impl.RoleInfo (RoleInfo.java:updateAndGet(139)) - 47102196-0f4d-4140-8200-18f0777f7bc2: start 47102196-0f4d-4140-8200-18f0777f7bc2@group-BBDFD469DB51-FollowerState
2022-10-11 12:48:46,525 [pool-341-thread-1] INFO  util.JmxRegister (JmxRegister.java:tryRegister(44)) - Successfully registered JMX Bean with object name Ratis:service=RaftServer,group=group-BBDFD469DB51,id=47102196-0f4d-4140-8200-18f0777f7bc2
2022-10-11 12:48:46,527 [Command processor thread] INFO  ratis.XceiverServerRatis (XceiverServerRatis.java:addGroup(765)) - Created group PipelineID=98c00462-3050-4d4b-b576-bbdfd469db51
2022-10-11 12:48:46,539 [grpc-default-executor-0] INFO  server.RaftServer (RaftServerProxy.java:addNew(96)) - 4444cbf4-fd79-4bf9-9a85-9dbe318480e0: addNew group-BBDFD469DB51:[4444cbf4-fd79-4bf9-9a85-9dbe318480e0|rpc:10.1.1.98:44895|dataStream:|priority:0, 0605c384-8e0d-4fdb-ab87-e69b89fa9455|rpc:10.1.1.98:35731|dataStream:|priority:1, 47102196-0f4d-4140-8200-18f0777f7bc2|rpc:10.1.1.98:34445|dataStream:|priority:0] returns group-BBDFD469DB51:java.util.concurrent.CompletableFuture@39e0af8d[Not completed]
2022-10-11 12:48:46,540 [pool-364-thread-1] INFO  server.RaftServer$Division (RaftServerImpl.java:<init>(190)) - 4444cbf4-fd79-4bf9-9a85-9dbe318480e0: new RaftServerImpl for group-BBDFD469DB51:[4444cbf4-fd79-4bf9-9a85-9dbe318480e0|rpc:10.1.1.98:44895|dataStream:|priority:0, 0605c384-8e0d-4fdb-ab87-e69b89fa9455|rpc:10.1.1.98:35731|dataStream:|priority:1, 47102196-0f4d-4140-8200-18f0777f7bc2|rpc:10.1.1.98:34445|dataStream:|priority:0] with ContainerStateMachine:uninitialized
2022-10-11 12:48:46,540 [pool-364-thread-1] INFO  server.RaftServerConfigKeys (ConfUtils.java:logGet(46)) - raft.server.rpc.timeout.min = 5s (custom)
2022-10-11 12:48:46,541 [pool-364-thread-1] INFO  server.RaftServerConfigKeys (ConfUtils.java:logGet(46)) - raft.server.rpc.timeout.max = 5200ms (custom)
2022-10-11 12:48:46,541 [pool-364-thread-1] INFO  server.RaftServerConfigKeys (ConfUtils.java:logGet(46)) - raft.server.rpc.sleep.time = 25ms (default)
2022-10-11 12:48:46,541 [pool-364-thread-1] INFO  server.RaftServerConfigKeys (ConfUtils.java:logGet(46)) - raft.server.rpc.slowness.timeout = 300s (custom)
2022-10-11 12:48:46,541 [pool-364-thread-1] INFO  server.RaftServerConfigKeys (ConfUtils.java:logGet(46)) - raft.server.leaderelection.leader.step-down.wait-time = 10s (default)
2022-10-11 12:48:46,541 [pool-364-thread-1] INFO  server.RaftServerConfigKeys (ConfUtils.java:logGet(46)) - raft.server.sleep.deviation.threshold = 300ms (default)
2022-10-11 12:48:46,541 [pool-364-thread-1] INFO  server.RaftServer$Division (ServerState.java:<init>(107)) - 4444cbf4-fd79-4bf9-9a85-9dbe318480e0@group-BBDFD469DB51: ConfigurationManager, init=-1: [4444cbf4-fd79-4bf9-9a85-9dbe318480e0|rpc:10.1.1.98:44895|dataStream:|priority:0, 0605c384-8e0d-4fdb-ab87-e69b89fa9455|rpc:10.1.1.98:35731|dataStream:|priority:1, 47102196-0f4d-4140-8200-18f0777f7bc2|rpc:10.1.1.98:34445|dataStream:|priority:0], old=null, confs=<EMPTY_MAP>
2022-10-11 12:48:46,541 [pool-364-thread-1] INFO  server.RaftServerConfigKeys (ConfUtils.java:logGet(46)) - raft.server.storage.dir = [/home/runner/work/ozone/ozone/hadoop-ozone/integration-test/target/test-dir/MiniOzoneClusterImpl-5cb71319-a8c8-4762-aa0c-8f2be259135d/datanode-1/data/ratis] (custom)
2022-10-11 12:48:46,541 [pool-364-thread-1] INFO  server.RaftServerConfigKeys (ConfUtils.java:logGet(46)) - raft.server.log.corruption.policy = EXCEPTION (default)
2022-10-11 12:48:46,541 [pool-364-thread-1] INFO  server.RaftServerConfigKeys (ConfUtils.java:logGet(46)) - raft.server.storage.free-space.min = 0MB (=0) (default)
2022-10-11 12:48:46,541 [pool-364-thread-1] INFO  storage.RaftStorageDirectory (RaftStorageDirectoryImpl.java:analyzeStorage(135)) - The storage directory /home/runner/work/ozone/ozone/hadoop-ozone/integration-test/target/test-dir/MiniOzoneClusterImpl-5cb71319-a8c8-4762-aa0c-8f2be259135d/datanode-1/data/ratis/98c00462-3050-4d4b-b576-bbdfd469db51 does not exist. Creating ...
2022-10-11 12:48:46,543 [pool-364-thread-1] INFO  storage.RaftStorageDirectory (RaftStorageDirectoryImpl.java:tryLock(230)) - Lock on /home/runner/work/ozone/ozone/hadoop-ozone/integration-test/target/test-dir/MiniOzoneClusterImpl-5cb71319-a8c8-4762-aa0c-8f2be259135d/datanode-1/data/ratis/98c00462-3050-4d4b-b576-bbdfd469db51/in_use.lock acquired by nodename 36499@fv-az570-546
2022-10-11 12:48:46,545 [pool-364-thread-1] INFO  storage.RaftStorage (RaftStorageImpl.java:format(89)) - Storage directory /home/runner/work/ozone/ozone/hadoop-ozone/integration-test/target/test-dir/MiniOzoneClusterImpl-5cb71319-a8c8-4762-aa0c-8f2be259135d/datanode-1/data/ratis/98c00462-3050-4d4b-b576-bbdfd469db51 has been successfully formatted.
2022-10-11 12:48:46,545 [pool-364-thread-1] INFO  ratis.ContainerStateMachine (ContainerStateMachine.java:loadSnapshot(236)) - group-BBDFD469DB51: The snapshot info is null. Setting the last applied indexto:(t:0, i:~)
2022-10-11 12:48:46,545 [pool-364-thread-1] INFO  server.RaftServerConfigKeys (ConfUtils.java:logGet(46)) - raft.server.notification.no-leader.timeout = 300s (custom)
2022-10-11 12:48:46,548 [pool-364-thread-1] INFO  server.RaftServerConfigKeys (ConfUtils.java:logGet(46)) - raft.server.log.use.memory = false (default)
2022-10-11 12:48:46,549 [pool-364-thread-1] INFO  server.RaftServerConfigKeys (ConfUtils.java:logGet(46)) - raft.server.log.purge.gap = 1000000 (custom)
2022-10-11 12:48:46,549 [pool-364-thread-1] INFO  server.RaftServerConfigKeys (ConfUtils.java:logGet(46)) - raft.server.log.appender.buffer.byte-limit = 33554432 (custom)
2022-10-11 12:48:46,549 [pool-364-thread-1] INFO  server.RaftServerConfigKeys (ConfUtils.java:logGet(46)) - raft.server.log.statemachine.data.read.timeout = 1000ms (default)
2022-10-11 12:48:46,549 [pool-364-thread-1] INFO  server.RaftServerConfigKeys (ConfUtils.java:logGet(46)) - raft.server.log.segment.size.max = 1048576 (custom)
2022-10-11 12:48:46,550 [pool-364-thread-1] INFO  server.RaftServerConfigKeys (ConfUtils.java:logGet(46)) - raft.server.log.segment.cache.num.max = 2 (custom)
2022-10-11 12:48:46,550 [pool-364-thread-1] INFO  server.RaftServerConfigKeys (ConfUtils.java:logGet(46)) - raft.server.log.segment.cache.size.max = 200MB (=209715200) (default)
2022-10-11 12:48:46,550 [pool-364-thread-1] INFO  segmented.SegmentedRaftLogWorker (SegmentedRaftLogWorker.java:<init>(187)) - new 4444cbf4-fd79-4bf9-9a85-9dbe318480e0@group-BBDFD469DB51-SegmentedRaftLogWorker for RaftStorageImpl:Storage Directory /home/runner/work/ozone/ozone/hadoop-ozone/integration-test/target/test-dir/MiniOzoneClusterImpl-5cb71319-a8c8-4762-aa0c-8f2be259135d/datanode-1/data/ratis/98c00462-3050-4d4b-b576-bbdfd469db51
2022-10-11 12:48:46,550 [pool-364-thread-1] INFO  server.RaftServerConfigKeys (ConfUtils.java:logGet(46)) - raft.server.log.queue.byte-limit = 4294967296 (custom)
2022-10-11 12:48:46,550 [pool-364-thread-1] INFO  server.RaftServerConfigKeys (ConfUtils.java:logGet(46)) - raft.server.log.queue.element-limit = 1024 (custom)
2022-10-11 12:48:46,550 [pool-364-thread-1] INFO  server.RaftServerConfigKeys (ConfUtils.java:logGet(46)) - raft.server.log.segment.size.max = 1048576 (custom)
2022-10-11 12:48:46,550 [pool-364-thread-1] INFO  server.RaftServerConfigKeys (ConfUtils.java:logGet(46)) - raft.server.log.preallocated.size = 16384 (custom)
2022-10-11 12:48:46,550 [pool-364-thread-1] INFO  server.RaftServerConfigKeys (ConfUtils.java:logGet(46)) - raft.server.log.force.sync.num = 128 (default)
2022-10-11 12:48:46,551 [pool-364-thread-1] INFO  server.RaftServerConfigKeys (ConfUtils.java:logGet(46)) - raft.server.log.statemachine.data.sync = true (default)
2022-10-11 12:48:46,551 [pool-364-thread-1] INFO  server.RaftServerConfigKeys (ConfUtils.java:logGet(46)) - raft.server.log.statemachine.data.sync.timeout = 10s (default)
2022-10-11 12:48:46,551 [pool-364-thread-1] INFO  server.RaftServerConfigKeys (ConfUtils.java:logGet(46)) - raft.server.log.statemachine.data.sync.timeout.retry = -1 (default)
2022-10-11 12:48:46,552 [pool-364-thread-1] INFO  server.RaftServerConfigKeys (ConfUtils.java:logGet(46)) - raft.server.log.write.buffer.size = 1048576 (custom)
2022-10-11 12:48:46,553 [pool-364-thread-1] INFO  server.RaftServerConfigKeys (ConfUtils.java:logGet(46)) - raft.server.log.unsafe-flush.enabled = false (default)
2022-10-11 12:48:46,553 [pool-364-thread-1] INFO  server.RaftServerConfigKeys (ConfUtils.java:logGet(46)) - raft.server.log.statemachine.data.caching.enabled = true (custom)
2022-10-11 12:48:46,553 [pool-364-thread-1] INFO  segmented.SegmentedRaftLogWorker (SegmentedRaftLogWorker.java:lambda$new$0(135)) - 4444cbf4-fd79-4bf9-9a85-9dbe318480e0@group-BBDFD469DB51-SegmentedRaftLogWorker: flushIndex: setUnconditionally 0 -> -1
2022-10-11 12:48:46,553 [pool-364-thread-1] INFO  segmented.SegmentedRaftLogWorker (SegmentedRaftLogWorker.java:lambda$new$0(135)) - 4444cbf4-fd79-4bf9-9a85-9dbe318480e0@group-BBDFD469DB51-SegmentedRaftLogWorker: safeCacheEvictIndex: setUnconditionally 0 -> -1
2022-10-11 12:48:46,553 [pool-364-thread-1] INFO  server.RaftServerConfigKeys (ConfUtils.java:logGet(46)) - raft.server.snapshot.auto.trigger.enabled = true (custom)
2022-10-11 12:48:46,553 [pool-364-thread-1] INFO  server.RaftServerConfigKeys (ConfUtils.java:logGet(46)) - raft.server.snapshot.auto.trigger.threshold = 10000 (custom)
2022-10-11 12:48:46,553 [pool-364-thread-1] INFO  server.RaftServerConfigKeys (ConfUtils.java:logGet(46)) - raft.server.snapshot.retention.file.num = 5 (custom)
2022-10-11 12:48:46,554 [pool-364-thread-1] INFO  server.RaftServerConfigKeys (ConfUtils.java:logGet(46)) - raft.server.log.purge.upto.snapshot.index = false (default)
2022-10-11 12:48:46,554 [pool-364-thread-1] INFO  server.RaftServerConfigKeys (ConfUtils.java:logGet(46)) - raft.server.retrycache.expirytime = 600000ms (custom)
2022-10-11 12:48:46,554 [pool-364-thread-1] INFO  server.RaftServerConfigKeys (ConfUtils.java:logGet(46)) - raft.server.retrycache.statistics.expirytime = 100μs (default)
2022-10-11 12:48:46,555 [pool-364-thread-1] INFO  server.RaftServerConfigKeys (ConfUtils.java:logGet(46)) - raft.server.log.appender.install.snapshot.enabled = false (custom)
2022-10-11 12:48:46,555 [pool-364-thread-1] INFO  server.RaftServerConfigKeys (ConfUtils.java:logGet(46)) - raft.server.threadpool.server.cached = true (default)
2022-10-11 12:48:46,556 [pool-364-thread-1] INFO  server.RaftServerConfigKeys (ConfUtils.java:logGet(46)) - raft.server.threadpool.server.size = 0 (default)
2022-10-11 12:48:46,556 [pool-364-thread-1] INFO  server.RaftServerConfigKeys (ConfUtils.java:logGet(46)) - raft.server.threadpool.client.cached = true (default)
2022-10-11 12:48:46,556 [pool-364-thread-1] INFO  server.RaftServerConfigKeys (ConfUtils.java:logGet(46)) - raft.server.threadpool.client.size = 0 (default)
2022-10-11 12:48:46,556 [pool-364-thread-1] INFO  server.RaftServer$Division (RaftServerImpl.java:start(310)) - 4444cbf4-fd79-4bf9-9a85-9dbe318480e0@group-BBDFD469DB51: start as a follower, conf=-1: [4444cbf4-fd79-4bf9-9a85-9dbe318480e0|rpc:10.1.1.98:44895|dataStream:|priority:0, 0605c384-8e0d-4fdb-ab87-e69b89fa9455|rpc:10.1.1.98:35731|dataStream:|priority:1, 47102196-0f4d-4140-8200-18f0777f7bc2|rpc:10.1.1.98:34445|dataStream:|priority:0], old=null
2022-10-11 12:48:46,556 [pool-364-thread-1] INFO  server.RaftServer$Division (RaftServerImpl.java:setRole(299)) - 4444cbf4-fd79-4bf9-9a85-9dbe318480e0@group-BBDFD469DB51: changes role from      null to FOLLOWER at term 0 for startAsFollower
2022-10-11 12:48:46,556 [pool-364-thread-1] INFO  impl.RoleInfo (RoleInfo.java:updateAndGet(139)) - 4444cbf4-fd79-4bf9-9a85-9dbe318480e0: start 4444cbf4-fd79-4bf9-9a85-9dbe318480e0@group-BBDFD469DB51-FollowerState
2022-10-11 12:48:46,557 [pool-364-thread-1] INFO  util.JmxRegister (JmxRegister.java:tryRegister(44)) - Successfully registered JMX Bean with object name Ratis:service=RaftServer,group=group-BBDFD469DB51,id=4444cbf4-fd79-4bf9-9a85-9dbe318480e0
2022-10-11 12:48:46,575 [grpc-default-executor-0] INFO  server.RaftServer (RaftServerProxy.java:addNew(96)) - 0605c384-8e0d-4fdb-ab87-e69b89fa9455: addNew group-BBDFD469DB51:[4444cbf4-fd79-4bf9-9a85-9dbe318480e0|rpc:10.1.1.98:44895|dataStream:|priority:0, 0605c384-8e0d-4fdb-ab87-e69b89fa9455|rpc:10.1.1.98:35731|dataStream:|priority:1, 47102196-0f4d-4140-8200-18f0777f7bc2|rpc:10.1.1.98:34445|dataStream:|priority:0] returns group-BBDFD469DB51:java.util.concurrent.CompletableFuture@4978ebde[Not completed]
2022-10-11 12:48:46,577 [pool-387-thread-1] INFO  server.RaftServer$Division (RaftServerImpl.java:<init>(190)) - 0605c384-8e0d-4fdb-ab87-e69b89fa9455: new RaftServerImpl for group-BBDFD469DB51:[4444cbf4-fd79-4bf9-9a85-9dbe318480e0|rpc:10.1.1.98:44895|dataStream:|priority:0, 0605c384-8e0d-4fdb-ab87-e69b89fa9455|rpc:10.1.1.98:35731|dataStream:|priority:1, 47102196-0f4d-4140-8200-18f0777f7bc2|rpc:10.1.1.98:34445|dataStream:|priority:0] with ContainerStateMachine:uninitialized
2022-10-11 12:48:46,577 [pool-387-thread-1] INFO  server.RaftServerConfigKeys (ConfUtils.java:logGet(46)) - raft.server.rpc.timeout.min = 5s (custom)
2022-10-11 12:48:46,577 [pool-387-thread-1] INFO  server.RaftServerConfigKeys (ConfUtils.java:logGet(46)) - raft.server.rpc.timeout.max = 5200ms (custom)
2022-10-11 12:48:46,577 [pool-387-thread-1] INFO  server.RaftServerConfigKeys (ConfUtils.java:logGet(46)) - raft.server.rpc.sleep.time = 25ms (default)
2022-10-11 12:48:46,577 [pool-387-thread-1] INFO  server.RaftServerConfigKeys (ConfUtils.java:logGet(46)) - raft.server.rpc.slowness.timeout = 300s (custom)
2022-10-11 12:48:46,577 [pool-387-thread-1] INFO  server.RaftServerConfigKeys (ConfUtils.java:logGet(46)) - raft.server.leaderelection.leader.step-down.wait-time = 10s (default)
2022-10-11 12:48:46,578 [pool-387-thread-1] INFO  server.RaftServerConfigKeys (ConfUtils.java:logGet(46)) - raft.server.sleep.deviation.threshold = 300ms (default)
2022-10-11 12:48:46,578 [pool-387-thread-1] INFO  server.RaftServer$Division (ServerState.java:<init>(107)) - 0605c384-8e0d-4fdb-ab87-e69b89fa9455@group-BBDFD469DB51: ConfigurationManager, init=-1: [4444cbf4-fd79-4bf9-9a85-9dbe318480e0|rpc:10.1.1.98:44895|dataStream:|priority:0, 0605c384-8e0d-4fdb-ab87-e69b89fa9455|rpc:10.1.1.98:35731|dataStream:|priority:1, 47102196-0f4d-4140-8200-18f0777f7bc2|rpc:10.1.1.98:34445|dataStream:|priority:0], old=null, confs=<EMPTY_MAP>
2022-10-11 12:48:46,578 [pool-387-thread-1] INFO  server.RaftServerConfigKeys (ConfUtils.java:logGet(46)) - raft.server.storage.dir = [/home/runner/work/ozone/ozone/hadoop-ozone/integration-test/target/test-dir/MiniOzoneClusterImpl-5cb71319-a8c8-4762-aa0c-8f2be259135d/datanode-2/data/ratis] (custom)
2022-10-11 12:48:46,578 [pool-387-thread-1] INFO  server.RaftServerConfigKeys (ConfUtils.java:logGet(46)) - raft.server.log.corruption.policy = EXCEPTION (default)
2022-10-11 12:48:46,578 [pool-387-thread-1] INFO  server.RaftServerConfigKeys (ConfUtils.java:logGet(46)) - raft.server.storage.free-space.min = 0MB (=0) (default)
2022-10-11 12:48:46,578 [pool-387-thread-1] INFO  storage.RaftStorageDirectory (RaftStorageDirectoryImpl.java:analyzeStorage(135)) - The storage directory /home/runner/work/ozone/ozone/hadoop-ozone/integration-test/target/test-dir/MiniOzoneClusterImpl-5cb71319-a8c8-4762-aa0c-8f2be259135d/datanode-2/data/ratis/98c00462-3050-4d4b-b576-bbdfd469db51 does not exist. Creating ...
2022-10-11 12:48:46,579 [pool-387-thread-1] INFO  storage.RaftStorageDirectory (RaftStorageDirectoryImpl.java:tryLock(230)) - Lock on /home/runner/work/ozone/ozone/hadoop-ozone/integration-test/target/test-dir/MiniOzoneClusterImpl-5cb71319-a8c8-4762-aa0c-8f2be259135d/datanode-2/data/ratis/98c00462-3050-4d4b-b576-bbdfd469db51/in_use.lock acquired by nodename 36499@fv-az570-546
2022-10-11 12:48:46,581 [pool-387-thread-1] INFO  storage.RaftStorage (RaftStorageImpl.java:format(89)) - Storage directory /home/runner/work/ozone/ozone/hadoop-ozone/integration-test/target/test-dir/MiniOzoneClusterImpl-5cb71319-a8c8-4762-aa0c-8f2be259135d/datanode-2/data/ratis/98c00462-3050-4d4b-b576-bbdfd469db51 has been successfully formatted.
2022-10-11 12:48:46,581 [pool-387-thread-1] INFO  ratis.ContainerStateMachine (ContainerStateMachine.java:loadSnapshot(236)) - group-BBDFD469DB51: The snapshot info is null. Setting the last applied indexto:(t:0, i:~)
2022-10-11 12:48:46,582 [pool-387-thread-1] INFO  server.RaftServerConfigKeys (ConfUtils.java:logGet(46)) - raft.server.notification.no-leader.timeout = 300s (custom)
2022-10-11 12:48:46,582 [pool-387-thread-1] INFO  server.RaftServerConfigKeys (ConfUtils.java:logGet(46)) - raft.server.log.use.memory = false (default)
2022-10-11 12:48:46,582 [pool-387-thread-1] INFO  server.RaftServerConfigKeys (ConfUtils.java:logGet(46)) - raft.server.log.purge.gap = 1000000 (custom)
2022-10-11 12:48:46,582 [pool-387-thread-1] INFO  server.RaftServerConfigKeys (ConfUtils.java:logGet(46)) - raft.server.log.appender.buffer.byte-limit = 33554432 (custom)
2022-10-11 12:48:46,582 [pool-387-thread-1] INFO  server.RaftServerConfigKeys (ConfUtils.java:logGet(46)) - raft.server.log.statemachine.data.read.timeout = 1000ms (default)
2022-10-11 12:48:46,582 [pool-387-thread-1] INFO  server.RaftServerConfigKeys (ConfUtils.java:logGet(46)) - raft.server.log.segment.size.max = 1048576 (custom)
2022-10-11 12:48:46,583 [pool-387-thread-1] INFO  server.RaftServerConfigKeys (ConfUtils.java:logGet(46)) - raft.server.log.segment.cache.num.max = 2 (custom)
2022-10-11 12:48:46,583 [pool-387-thread-1] INFO  server.RaftServerConfigKeys (ConfUtils.java:logGet(46)) - raft.server.log.segment.cache.size.max = 200MB (=209715200) (default)
2022-10-11 12:48:46,583 [pool-387-thread-1] INFO  segmented.SegmentedRaftLogWorker (SegmentedRaftLogWorker.java:<init>(187)) - new 0605c384-8e0d-4fdb-ab87-e69b89fa9455@group-BBDFD469DB51-SegmentedRaftLogWorker for RaftStorageImpl:Storage Directory /home/runner/work/ozone/ozone/hadoop-ozone/integration-test/target/test-dir/MiniOzoneClusterImpl-5cb71319-a8c8-4762-aa0c-8f2be259135d/datanode-2/data/ratis/98c00462-3050-4d4b-b576-bbdfd469db51
2022-10-11 12:48:46,583 [pool-387-thread-1] INFO  server.RaftServerConfigKeys (ConfUtils.java:logGet(46)) - raft.server.log.queue.byte-limit = 4294967296 (custom)
2022-10-11 12:48:46,583 [pool-387-thread-1] INFO  server.RaftServerConfigKeys (ConfUtils.java:logGet(46)) - raft.server.log.queue.element-limit = 1024 (custom)
2022-10-11 12:48:46,583 [pool-387-thread-1] INFO  server.RaftServerConfigKeys (ConfUtils.java:logGet(46)) - raft.server.log.segment.size.max = 1048576 (custom)
2022-10-11 12:48:46,584 [pool-387-thread-1] INFO  server.RaftServerConfigKeys (ConfUtils.java:logGet(46)) - raft.server.log.preallocated.size = 16384 (custom)
2022-10-11 12:48:46,584 [pool-387-thread-1] INFO  server.RaftServerConfigKeys (ConfUtils.java:logGet(46)) - raft.server.log.force.sync.num = 128 (default)
2022-10-11 12:48:46,584 [pool-387-thread-1] INFO  server.RaftServerConfigKeys (ConfUtils.java:logGet(46)) - raft.server.log.statemachine.data.sync = true (default)
2022-10-11 12:48:46,584 [pool-387-thread-1] INFO  server.RaftServerConfigKeys (ConfUtils.java:logGet(46)) - raft.server.log.statemachine.data.sync.timeout = 10s (default)
2022-10-11 12:48:46,584 [pool-387-thread-1] INFO  server.RaftServerConfigKeys (ConfUtils.java:logGet(46)) - raft.server.log.statemachine.data.sync.timeout.retry = -1 (default)
2022-10-11 12:48:46,585 [pool-387-thread-1] INFO  server.RaftServerConfigKeys (ConfUtils.java:logGet(46)) - raft.server.log.write.buffer.size = 1048576 (custom)
2022-10-11 12:48:46,585 [pool-387-thread-1] INFO  server.RaftServerConfigKeys (ConfUtils.java:logGet(46)) - raft.server.log.unsafe-flush.enabled = false (default)
2022-10-11 12:48:46,585 [pool-387-thread-1] INFO  server.RaftServerConfigKeys (ConfUtils.java:logGet(46)) - raft.server.log.statemachine.data.caching.enabled = true (custom)
2022-10-11 12:48:46,586 [pool-387-thread-1] INFO  segmented.SegmentedRaftLogWorker (SegmentedRaftLogWorker.java:lambda$new$0(135)) - 0605c384-8e0d-4fdb-ab87-e69b89fa9455@group-BBDFD469DB51-SegmentedRaftLogWorker: flushIndex: setUnconditionally 0 -> -1
2022-10-11 12:48:46,586 [pool-387-thread-1] INFO  segmented.SegmentedRaftLogWorker (SegmentedRaftLogWorker.java:lambda$new$0(135)) - 0605c384-8e0d-4fdb-ab87-e69b89fa9455@group-BBDFD469DB51-SegmentedRaftLogWorker: safeCacheEvictIndex: setUnconditionally 0 -> -1
2022-10-11 12:48:46,586 [pool-387-thread-1] INFO  server.RaftServerConfigKeys (ConfUtils.java:logGet(46)) - raft.server.snapshot.auto.trigger.enabled = true (custom)
2022-10-11 12:48:46,586 [pool-387-thread-1] INFO  server.RaftServerConfigKeys (ConfUtils.java:logGet(46)) - raft.server.snapshot.auto.trigger.threshold = 10000 (custom)
2022-10-11 12:48:46,586 [pool-387-thread-1] INFO  server.RaftServerConfigKeys (ConfUtils.java:logGet(46)) - raft.server.snapshot.retention.file.num = 5 (custom)
2022-10-11 12:48:46,586 [pool-387-thread-1] INFO  server.RaftServerConfigKeys (ConfUtils.java:logGet(46)) - raft.server.log.purge.upto.snapshot.index = false (default)
2022-10-11 12:48:46,586 [pool-387-thread-1] INFO  server.RaftServerConfigKeys (ConfUtils.java:logGet(46)) - raft.server.retrycache.expirytime = 600000ms (custom)
2022-10-11 12:48:46,586 [pool-387-thread-1] INFO  server.RaftServerConfigKeys (ConfUtils.java:logGet(46)) - raft.server.retrycache.statistics.expirytime = 100μs (default)
2022-10-11 12:48:46,588 [pool-387-thread-1] INFO  server.RaftServerConfigKeys (ConfUtils.java:logGet(46)) - raft.server.log.appender.install.snapshot.enabled = false (custom)
2022-10-11 12:48:46,588 [pool-387-thread-1] INFO  server.RaftServerConfigKeys (ConfUtils.java:logGet(46)) - raft.server.threadpool.server.cached = true (default)
2022-10-11 12:48:46,588 [pool-387-thread-1] INFO  server.RaftServerConfigKeys (ConfUtils.java:logGet(46)) - raft.server.threadpool.server.size = 0 (default)
2022-10-11 12:48:46,588 [pool-387-thread-1] INFO  server.RaftServerConfigKeys (ConfUtils.java:logGet(46)) - raft.server.threadpool.client.cached = true (default)
2022-10-11 12:48:46,588 [pool-387-thread-1] INFO  server.RaftServerConfigKeys (ConfUtils.java:logGet(46)) - raft.server.threadpool.client.size = 0 (default)
2022-10-11 12:48:46,588 [pool-387-thread-1] INFO  server.RaftServer$Division (RaftServerImpl.java:start(310)) - 0605c384-8e0d-4fdb-ab87-e69b89fa9455@group-BBDFD469DB51: start as a follower, conf=-1: [4444cbf4-fd79-4bf9-9a85-9dbe318480e0|rpc:10.1.1.98:44895|dataStream:|priority:0, 0605c384-8e0d-4fdb-ab87-e69b89fa9455|rpc:10.1.1.98:35731|dataStream:|priority:1, 47102196-0f4d-4140-8200-18f0777f7bc2|rpc:10.1.1.98:34445|dataStream:|priority:0], old=null
2022-10-11 12:48:46,588 [pool-387-thread-1] INFO  server.RaftServer$Division (RaftServerImpl.java:setRole(299)) - 0605c384-8e0d-4fdb-ab87-e69b89fa9455@group-BBDFD469DB51: changes role from      null to FOLLOWER at term 0 for startAsFollower
2022-10-11 12:48:46,589 [pool-387-thread-1] INFO  impl.RoleInfo (RoleInfo.java:updateAndGet(139)) - 0605c384-8e0d-4fdb-ab87-e69b89fa9455: start 0605c384-8e0d-4fdb-ab87-e69b89fa9455@group-BBDFD469DB51-FollowerState
2022-10-11 12:48:46,595 [pool-387-thread-1] INFO  util.JmxRegister (JmxRegister.java:tryRegister(44)) - Successfully registered JMX Bean with object name Ratis:service=RaftServer,group=group-BBDFD469DB51,id=0605c384-8e0d-4fdb-ab87-e69b89fa9455
2022-10-11 12:48:46,602 [Command processor thread] INFO  commandhandler.CreatePipelineCommandHandler (CreatePipelineCommandHandler.java:handle(113)) - Created Pipeline RATIS THREE PipelineID=98c00462-3050-4d4b-b576-bbdfd469db51.
2022-10-11 12:48:47,236 [Listener at 127.0.0.1/37873] INFO  ozone.MiniOzoneClusterImpl (MiniOzoneClusterImpl.java:lambda$waitForClusterToBeReady$0(216)) - Nodes are ready. Got 3 of 3 DN Heartbeats.
2022-10-11 12:48:47,237 [Listener at 127.0.0.1/37873] INFO  ozone.MiniOzoneClusterImpl (MiniOzoneClusterImpl.java:lambda$waitForClusterToBeReady$0(219)) - Waiting for cluster to exit safe mode
2022-10-11 12:48:47,237 [Listener at 127.0.0.1/37873] INFO  ozone.MiniOzoneClusterImpl (MiniOzoneClusterImpl.java:lambda$waitForClusterToBeReady$0(221)) - SCM became leader
2022-10-11 12:48:48,237 [Listener at 127.0.0.1/37873] INFO  ozone.MiniOzoneClusterImpl (MiniOzoneClusterImpl.java:lambda$waitForClusterToBeReady$0(216)) - Nodes are ready. Got 3 of 3 DN Heartbeats.
2022-10-11 12:48:48,237 [Listener at 127.0.0.1/37873] INFO  ozone.MiniOzoneClusterImpl (MiniOzoneClusterImpl.java:lambda$waitForClusterToBeReady$0(219)) - Waiting for cluster to exit safe mode
2022-10-11 12:48:48,238 [Listener at 127.0.0.1/37873] INFO  ozone.MiniOzoneClusterImpl (MiniOzoneClusterImpl.java:lambda$waitForClusterToBeReady$0(221)) - SCM became leader
2022-10-11 12:48:49,238 [Listener at 127.0.0.1/37873] INFO  ozone.MiniOzoneClusterImpl (MiniOzoneClusterImpl.java:lambda$waitForClusterToBeReady$0(216)) - Nodes are ready. Got 3 of 3 DN Heartbeats.
2022-10-11 12:48:49,238 [Listener at 127.0.0.1/37873] INFO  ozone.MiniOzoneClusterImpl (MiniOzoneClusterImpl.java:lambda$waitForClusterToBeReady$0(219)) - Waiting for cluster to exit safe mode
2022-10-11 12:48:49,238 [Listener at 127.0.0.1/37873] INFO  ozone.MiniOzoneClusterImpl (MiniOzoneClusterImpl.java:lambda$waitForClusterToBeReady$0(221)) - SCM became leader
2022-10-11 12:48:50,239 [Listener at 127.0.0.1/37873] INFO  ozone.MiniOzoneClusterImpl (MiniOzoneClusterImpl.java:lambda$waitForClusterToBeReady$0(216)) - Nodes are ready. Got 3 of 3 DN Heartbeats.
2022-10-11 12:48:50,239 [Listener at 127.0.0.1/37873] INFO  ozone.MiniOzoneClusterImpl (MiniOzoneClusterImpl.java:lambda$waitForClusterToBeReady$0(219)) - Waiting for cluster to exit safe mode
2022-10-11 12:48:50,239 [Listener at 127.0.0.1/37873] INFO  ozone.MiniOzoneClusterImpl (MiniOzoneClusterImpl.java:lambda$waitForClusterToBeReady$0(221)) - SCM became leader
2022-10-11 12:48:51,239 [Listener at 127.0.0.1/37873] INFO  ozone.MiniOzoneClusterImpl (MiniOzoneClusterImpl.java:lambda$waitForClusterToBeReady$0(216)) - Nodes are ready. Got 3 of 3 DN Heartbeats.
2022-10-11 12:48:51,240 [Listener at 127.0.0.1/37873] INFO  ozone.MiniOzoneClusterImpl (MiniOzoneClusterImpl.java:lambda$waitForClusterToBeReady$0(219)) - Waiting for cluster to exit safe mode
2022-10-11 12:48:51,240 [Listener at 127.0.0.1/37873] INFO  ozone.MiniOzoneClusterImpl (MiniOzoneClusterImpl.java:lambda$waitForClusterToBeReady$0(221)) - SCM became leader
2022-10-11 12:48:51,576 [47102196-0f4d-4140-8200-18f0777f7bc2@group-BBDFD469DB51-FollowerState] INFO  impl.FollowerState (FollowerState.java:run(143)) - 47102196-0f4d-4140-8200-18f0777f7bc2@group-BBDFD469DB51-FollowerState: change to CANDIDATE, lastRpcElapsedTime:5051238280ns, electionTimeout:5050ms
2022-10-11 12:48:51,577 [47102196-0f4d-4140-8200-18f0777f7bc2@group-BBDFD469DB51-FollowerState] INFO  impl.RoleInfo (RoleInfo.java:shutdownFollowerState(110)) - 47102196-0f4d-4140-8200-18f0777f7bc2: shutdown 47102196-0f4d-4140-8200-18f0777f7bc2@group-BBDFD469DB51-FollowerState
2022-10-11 12:48:51,577 [47102196-0f4d-4140-8200-18f0777f7bc2@group-BBDFD469DB51-FollowerState] INFO  server.RaftServer$Division (RaftServerImpl.java:setRole(299)) - 47102196-0f4d-4140-8200-18f0777f7bc2@group-BBDFD469DB51: changes role from  FOLLOWER to CANDIDATE at term 0 for changeToCandidate
2022-10-11 12:48:51,577 [47102196-0f4d-4140-8200-18f0777f7bc2@group-BBDFD469DB51-FollowerState] INFO  server.RaftServerConfigKeys (ConfUtils.java:logGet(46)) - raft.server.leaderelection.pre-vote = false (custom)
2022-10-11 12:48:51,577 [47102196-0f4d-4140-8200-18f0777f7bc2@group-BBDFD469DB51-FollowerState] INFO  impl.RoleInfo (RoleInfo.java:updateAndGet(139)) - 47102196-0f4d-4140-8200-18f0777f7bc2: start 47102196-0f4d-4140-8200-18f0777f7bc2@group-BBDFD469DB51-LeaderElection10
2022-10-11 12:48:51,582 [47102196-0f4d-4140-8200-18f0777f7bc2@group-BBDFD469DB51-LeaderElection10] INFO  impl.LeaderElection (LeaderElection.java:askForVotes(310)) - 47102196-0f4d-4140-8200-18f0777f7bc2@group-BBDFD469DB51-LeaderElection10 ELECTION round 0: submit vote requests at term 1 for -1: [4444cbf4-fd79-4bf9-9a85-9dbe318480e0|rpc:10.1.1.98:44895|priority:0, 0605c384-8e0d-4fdb-ab87-e69b89fa9455|rpc:10.1.1.98:35731|priority:1, 47102196-0f4d-4140-8200-18f0777f7bc2|rpc:10.1.1.98:34445|priority:0], old=null
2022-10-11 12:48:51,598 [grpc-default-executor-0] INFO  server.RaftServer$Division (RaftServerImpl.java:requestVote(1152)) - 4444cbf4-fd79-4bf9-9a85-9dbe318480e0@group-BBDFD469DB51: receive requestVote(ELECTION, 47102196-0f4d-4140-8200-18f0777f7bc2, group-BBDFD469DB51, 1, (t:0, i:0))
2022-10-11 12:48:51,599 [grpc-default-executor-0] INFO  impl.VoteContext (VoteContext.java:log(48)) - 4444cbf4-fd79-4bf9-9a85-9dbe318480e0@group-BBDFD469DB51-FOLLOWER: accept ELECTION from 47102196-0f4d-4140-8200-18f0777f7bc2: our priority 0 <= candidate's priority 0
2022-10-11 12:48:51,599 [grpc-default-executor-0] INFO  server.RaftServer$Division (RaftServerImpl.java:setRole(299)) - 4444cbf4-fd79-4bf9-9a85-9dbe318480e0@group-BBDFD469DB51: changes role from  FOLLOWER to FOLLOWER at term 1 for candidate:47102196-0f4d-4140-8200-18f0777f7bc2
2022-10-11 12:48:51,599 [grpc-default-executor-0] INFO  impl.RoleInfo (RoleInfo.java:shutdownFollowerState(110)) - 4444cbf4-fd79-4bf9-9a85-9dbe318480e0: shutdown 4444cbf4-fd79-4bf9-9a85-9dbe318480e0@group-BBDFD469DB51-FollowerState
2022-10-11 12:48:51,599 [grpc-default-executor-0] INFO  impl.RoleInfo (RoleInfo.java:updateAndGet(139)) - 4444cbf4-fd79-4bf9-9a85-9dbe318480e0: start 4444cbf4-fd79-4bf9-9a85-9dbe318480e0@group-BBDFD469DB51-FollowerState
2022-10-11 12:48:51,599 [4444cbf4-fd79-4bf9-9a85-9dbe318480e0@group-BBDFD469DB51-FollowerState] INFO  impl.FollowerState (FollowerState.java:run(152)) - 4444cbf4-fd79-4bf9-9a85-9dbe318480e0@group-BBDFD469DB51-FollowerState was interrupted
2022-10-11 12:48:51,604 [grpc-default-executor-0] INFO  server.RaftServer$Division (RaftServerImpl.java:requestVote(1184)) - 4444cbf4-fd79-4bf9-9a85-9dbe318480e0@group-BBDFD469DB51 replies to ELECTION vote request: 47102196-0f4d-4140-8200-18f0777f7bc2<-4444cbf4-fd79-4bf9-9a85-9dbe318480e0#0:OK-t1. Peer's state: 4444cbf4-fd79-4bf9-9a85-9dbe318480e0@group-BBDFD469DB51:t1, leader=null, voted=47102196-0f4d-4140-8200-18f0777f7bc2, raftlog=4444cbf4-fd79-4bf9-9a85-9dbe318480e0@group-BBDFD469DB51-SegmentedRaftLog:OPENED:c-1, conf=-1: [4444cbf4-fd79-4bf9-9a85-9dbe318480e0|rpc:10.1.1.98:44895|dataStream:|priority:0, 0605c384-8e0d-4fdb-ab87-e69b89fa9455|rpc:10.1.1.98:35731|dataStream:|priority:1, 47102196-0f4d-4140-8200-18f0777f7bc2|rpc:10.1.1.98:34445|dataStream:|priority:0], old=null
2022-10-11 12:48:51,608 [grpc-default-executor-0] INFO  server.RaftServer$Division (RaftServerImpl.java:requestVote(1152)) - 0605c384-8e0d-4fdb-ab87-e69b89fa9455@group-BBDFD469DB51: receive requestVote(ELECTION, 47102196-0f4d-4140-8200-18f0777f7bc2, group-BBDFD469DB51, 1, (t:0, i:0))
2022-10-11 12:48:51,608 [grpc-default-executor-0] INFO  impl.VoteContext (VoteContext.java:log(48)) - 0605c384-8e0d-4fdb-ab87-e69b89fa9455@group-BBDFD469DB51-FOLLOWER: reject ELECTION from 47102196-0f4d-4140-8200-18f0777f7bc2: our priority 1 > candidate's priority 0
2022-10-11 12:48:51,608 [grpc-default-executor-0] INFO  server.RaftServer$Division (RaftServerImpl.java:setRole(299)) - 0605c384-8e0d-4fdb-ab87-e69b89fa9455@group-BBDFD469DB51: changes role from  FOLLOWER to FOLLOWER at term 1 for candidate:47102196-0f4d-4140-8200-18f0777f7bc2
2022-10-11 12:48:51,608 [grpc-default-executor-0] INFO  impl.RoleInfo (RoleInfo.java:shutdownFollowerState(110)) - 0605c384-8e0d-4fdb-ab87-e69b89fa9455: shutdown 0605c384-8e0d-4fdb-ab87-e69b89fa9455@group-BBDFD469DB51-FollowerState
2022-10-11 12:48:51,608 [grpc-default-executor-0] INFO  impl.RoleInfo (RoleInfo.java:updateAndGet(139)) - 0605c384-8e0d-4fdb-ab87-e69b89fa9455: start 0605c384-8e0d-4fdb-ab87-e69b89fa9455@group-BBDFD469DB51-FollowerState
2022-10-11 12:48:51,609 [0605c384-8e0d-4fdb-ab87-e69b89fa9455@group-BBDFD469DB51-FollowerState] INFO  impl.FollowerState (FollowerState.java:run(152)) - 0605c384-8e0d-4fdb-ab87-e69b89fa9455@group-BBDFD469DB51-FollowerState was interrupted
2022-10-11 12:48:51,612 [grpc-default-executor-0] INFO  server.RaftServer$Division (RaftServerImpl.java:requestVote(1184)) - 0605c384-8e0d-4fdb-ab87-e69b89fa9455@group-BBDFD469DB51 replies to ELECTION vote request: 47102196-0f4d-4140-8200-18f0777f7bc2<-0605c384-8e0d-4fdb-ab87-e69b89fa9455#0:FAIL-t1. Peer's state: 0605c384-8e0d-4fdb-ab87-e69b89fa9455@group-BBDFD469DB51:t1, leader=null, voted=null, raftlog=0605c384-8e0d-4fdb-ab87-e69b89fa9455@group-BBDFD469DB51-SegmentedRaftLog:OPENED:c-1, conf=-1: [4444cbf4-fd79-4bf9-9a85-9dbe318480e0|rpc:10.1.1.98:44895|dataStream:|priority:0, 0605c384-8e0d-4fdb-ab87-e69b89fa9455|rpc:10.1.1.98:35731|dataStream:|priority:1, 47102196-0f4d-4140-8200-18f0777f7bc2|rpc:10.1.1.98:34445|dataStream:|priority:0], old=null
2022-10-11 12:48:51,614 [47102196-0f4d-4140-8200-18f0777f7bc2@group-BBDFD469DB51-LeaderElection10] INFO  impl.LeaderElection (LeaderElection.java:logAndReturn(90)) - 47102196-0f4d-4140-8200-18f0777f7bc2@group-BBDFD469DB51-LeaderElection10: ELECTION REJECTED received 2 response(s) and 0 exception(s):
2022-10-11 12:48:51,614 [47102196-0f4d-4140-8200-18f0777f7bc2@group-BBDFD469DB51-LeaderElection10] INFO  impl.LeaderElection (LeaderElection.java:logAndReturn(94)) -   Response 0: 47102196-0f4d-4140-8200-18f0777f7bc2<-4444cbf4-fd79-4bf9-9a85-9dbe318480e0#0:OK-t1
2022-10-11 12:48:51,614 [47102196-0f4d-4140-8200-18f0777f7bc2@group-BBDFD469DB51-LeaderElection10] INFO  impl.LeaderElection (LeaderElection.java:logAndReturn(94)) -   Response 1: 47102196-0f4d-4140-8200-18f0777f7bc2<-0605c384-8e0d-4fdb-ab87-e69b89fa9455#0:FAIL-t1
2022-10-11 12:48:51,614 [47102196-0f4d-4140-8200-18f0777f7bc2@group-BBDFD469DB51-LeaderElection10] INFO  impl.LeaderElection (LeaderElection.java:askForVotes(312)) - 47102196-0f4d-4140-8200-18f0777f7bc2@group-BBDFD469DB51-LeaderElection10 ELECTION round 0: result REJECTED
2022-10-11 12:48:51,614 [47102196-0f4d-4140-8200-18f0777f7bc2@group-BBDFD469DB51-LeaderElection10] INFO  server.RaftServer$Division (RaftServerImpl.java:setRole(299)) - 47102196-0f4d-4140-8200-18f0777f7bc2@group-BBDFD469DB51: changes role from CANDIDATE to FOLLOWER at term 1 for REJECTED
2022-10-11 12:48:51,614 [47102196-0f4d-4140-8200-18f0777f7bc2@group-BBDFD469DB51-LeaderElection10] INFO  impl.RoleInfo (RoleInfo.java:shutdownLeaderElection(130)) - 47102196-0f4d-4140-8200-18f0777f7bc2: shutdown 47102196-0f4d-4140-8200-18f0777f7bc2@group-BBDFD469DB51-LeaderElection10
2022-10-11 12:48:51,614 [47102196-0f4d-4140-8200-18f0777f7bc2@group-BBDFD469DB51-LeaderElection10] INFO  impl.RoleInfo (RoleInfo.java:updateAndGet(139)) - 47102196-0f4d-4140-8200-18f0777f7bc2: start 47102196-0f4d-4140-8200-18f0777f7bc2@group-BBDFD469DB51-FollowerState
2022-10-11 12:48:52,240 [Listener at 127.0.0.1/37873] INFO  ozone.MiniOzoneClusterImpl (MiniOzoneClusterImpl.java:lambda$waitForClusterToBeReady$0(216)) - Nodes are ready. Got 3 of 3 DN Heartbeats.
2022-10-11 12:48:52,241 [Listener at 127.0.0.1/37873] INFO  ozone.MiniOzoneClusterImpl (MiniOzoneClusterImpl.java:lambda$waitForClusterToBeReady$0(219)) - Waiting for cluster to exit safe mode
2022-10-11 12:48:52,241 [Listener at 127.0.0.1/37873] INFO  ozone.MiniOzoneClusterImpl (MiniOzoneClusterImpl.java:lambda$waitForClusterToBeReady$0(221)) - SCM became leader
2022-10-11 12:48:53,242 [Listener at 127.0.0.1/37873] INFO  ozone.MiniOzoneClusterImpl (MiniOzoneClusterImpl.java:lambda$waitForClusterToBeReady$0(216)) - Nodes are ready. Got 3 of 3 DN Heartbeats.
2022-10-11 12:48:53,242 [Listener at 127.0.0.1/37873] INFO  ozone.MiniOzoneClusterImpl (MiniOzoneClusterImpl.java:lambda$waitForClusterToBeReady$0(219)) - Waiting for cluster to exit safe mode
2022-10-11 12:48:53,243 [Listener at 127.0.0.1/37873] INFO  ozone.MiniOzoneClusterImpl (MiniOzoneClusterImpl.java:lambda$waitForClusterToBeReady$0(221)) - SCM became leader
2022-10-11 12:48:54,243 [Listener at 127.0.0.1/37873] INFO  ozone.MiniOzoneClusterImpl (MiniOzoneClusterImpl.java:lambda$waitForClusterToBeReady$0(216)) - Nodes are ready. Got 3 of 3 DN Heartbeats.
2022-10-11 12:48:54,243 [Listener at 127.0.0.1/37873] INFO  ozone.MiniOzoneClusterImpl (MiniOzoneClusterImpl.java:lambda$waitForClusterToBeReady$0(219)) - Waiting for cluster to exit safe mode
2022-10-11 12:48:54,243 [Listener at 127.0.0.1/37873] INFO  ozone.MiniOzoneClusterImpl (MiniOzoneClusterImpl.java:lambda$waitForClusterToBeReady$0(221)) - SCM became leader
2022-10-11 12:48:55,244 [Listener at 127.0.0.1/37873] INFO  ozone.MiniOzoneClusterImpl (MiniOzoneClusterImpl.java:lambda$waitForClusterToBeReady$0(216)) - Nodes are ready. Got 3 of 3 DN Heartbeats.
2022-10-11 12:48:55,244 [Listener at 127.0.0.1/37873] INFO  ozone.MiniOzoneClusterImpl (MiniOzoneClusterImpl.java:lambda$waitForClusterToBeReady$0(219)) - Waiting for cluster to exit safe mode
2022-10-11 12:48:55,244 [Listener at 127.0.0.1/37873] INFO  ozone.MiniOzoneClusterImpl (MiniOzoneClusterImpl.java:lambda$waitForClusterToBeReady$0(221)) - SCM became leader
2022-10-11 12:48:56,245 [Listener at 127.0.0.1/37873] INFO  ozone.MiniOzoneClusterImpl (MiniOzoneClusterImpl.java:lambda$waitForClusterToBeReady$0(216)) - Nodes are ready. Got 3 of 3 DN Heartbeats.
2022-10-11 12:48:56,245 [Listener at 127.0.0.1/37873] INFO  ozone.MiniOzoneClusterImpl (MiniOzoneClusterImpl.java:lambda$waitForClusterToBeReady$0(219)) - Waiting for cluster to exit safe mode
2022-10-11 12:48:56,245 [Listener at 127.0.0.1/37873] INFO  ozone.MiniOzoneClusterImpl (MiniOzoneClusterImpl.java:lambda$waitForClusterToBeReady$0(221)) - SCM became leader
2022-10-11 12:48:56,660 [47102196-0f4d-4140-8200-18f0777f7bc2@group-BBDFD469DB51-FollowerState] INFO  impl.FollowerState (FollowerState.java:run(143)) - 47102196-0f4d-4140-8200-18f0777f7bc2@group-BBDFD469DB51-FollowerState: change to CANDIDATE, lastRpcElapsedTime:5045520945ns, electionTimeout:5045ms
2022-10-11 12:48:56,660 [47102196-0f4d-4140-8200-18f0777f7bc2@group-BBDFD469DB51-FollowerState] INFO  impl.RoleInfo (RoleInfo.java:shutdownFollowerState(110)) - 47102196-0f4d-4140-8200-18f0777f7bc2: shutdown 47102196-0f4d-4140-8200-18f0777f7bc2@group-BBDFD469DB51-FollowerState
2022-10-11 12:48:56,660 [47102196-0f4d-4140-8200-18f0777f7bc2@group-BBDFD469DB51-FollowerState] INFO  server.RaftServer$Division (RaftServerImpl.java:setRole(299)) - 47102196-0f4d-4140-8200-18f0777f7bc2@group-BBDFD469DB51: changes role from  FOLLOWER to CANDIDATE at term 1 for changeToCandidate
2022-10-11 12:48:56,660 [47102196-0f4d-4140-8200-18f0777f7bc2@group-BBDFD469DB51-FollowerState] INFO  server.RaftServerConfigKeys (ConfUtils.java:logGet(46)) - raft.server.leaderelection.pre-vote = false (custom)
2022-10-11 12:48:56,660 [47102196-0f4d-4140-8200-18f0777f7bc2@group-BBDFD469DB51-FollowerState] INFO  impl.RoleInfo (RoleInfo.java:updateAndGet(139)) - 47102196-0f4d-4140-8200-18f0777f7bc2: start 47102196-0f4d-4140-8200-18f0777f7bc2@group-BBDFD469DB51-LeaderElection11
2022-10-11 12:48:56,665 [47102196-0f4d-4140-8200-18f0777f7bc2@group-BBDFD469DB51-LeaderElection11] INFO  impl.LeaderElection (LeaderElection.java:askForVotes(310)) - 47102196-0f4d-4140-8200-18f0777f7bc2@group-BBDFD469DB51-LeaderElection11 ELECTION round 0: submit vote requests at term 2 for -1: [4444cbf4-fd79-4bf9-9a85-9dbe318480e0|rpc:10.1.1.98:44895|priority:0, 0605c384-8e0d-4fdb-ab87-e69b89fa9455|rpc:10.1.1.98:35731|priority:1, 47102196-0f4d-4140-8200-18f0777f7bc2|rpc:10.1.1.98:34445|priority:0], old=null
2022-10-11 12:48:56,669 [grpc-default-executor-0] INFO  server.RaftServer$Division (RaftServerImpl.java:requestVote(1152)) - 4444cbf4-fd79-4bf9-9a85-9dbe318480e0@group-BBDFD469DB51: receive requestVote(ELECTION, 47102196-0f4d-4140-8200-18f0777f7bc2, group-BBDFD469DB51, 2, (t:0, i:0))
2022-10-11 12:48:56,669 [grpc-default-executor-0] INFO  impl.VoteContext (VoteContext.java:log(48)) - 4444cbf4-fd79-4bf9-9a85-9dbe318480e0@group-BBDFD469DB51-FOLLOWER: accept ELECTION from 47102196-0f4d-4140-8200-18f0777f7bc2: our priority 0 <= candidate's priority 0
2022-10-11 12:48:56,669 [grpc-default-executor-0] INFO  server.RaftServer$Division (RaftServerImpl.java:setRole(299)) - 4444cbf4-fd79-4bf9-9a85-9dbe318480e0@group-BBDFD469DB51: changes role from  FOLLOWER to FOLLOWER at term 2 for candidate:47102196-0f4d-4140-8200-18f0777f7bc2
2022-10-11 12:48:56,669 [grpc-default-executor-0] INFO  impl.RoleInfo (RoleInfo.java:shutdownFollowerState(110)) - 4444cbf4-fd79-4bf9-9a85-9dbe318480e0: shutdown 4444cbf4-fd79-4bf9-9a85-9dbe318480e0@group-BBDFD469DB51-FollowerState
2022-10-11 12:48:56,669 [grpc-default-executor-0] INFO  impl.RoleInfo (RoleInfo.java:updateAndGet(139)) - 4444cbf4-fd79-4bf9-9a85-9dbe318480e0: start 4444cbf4-fd79-4bf9-9a85-9dbe318480e0@group-BBDFD469DB51-FollowerState
2022-10-11 12:48:56,669 [4444cbf4-fd79-4bf9-9a85-9dbe318480e0@group-BBDFD469DB51-FollowerState] INFO  impl.FollowerState (FollowerState.java:run(152)) - 4444cbf4-fd79-4bf9-9a85-9dbe318480e0@group-BBDFD469DB51-FollowerState was interrupted
2022-10-11 12:48:56,671 [grpc-default-executor-1] INFO  server.RaftServer$Division (RaftServerImpl.java:requestVote(1152)) - 0605c384-8e0d-4fdb-ab87-e69b89fa9455@group-BBDFD469DB51: receive requestVote(ELECTION, 47102196-0f4d-4140-8200-18f0777f7bc2, group-BBDFD469DB51, 2, (t:0, i:0))
2022-10-11 12:48:56,671 [grpc-default-executor-1] INFO  impl.VoteContext (VoteContext.java:log(48)) - 0605c384-8e0d-4fdb-ab87-e69b89fa9455@group-BBDFD469DB51-FOLLOWER: reject ELECTION from 47102196-0f4d-4140-8200-18f0777f7bc2: our priority 1 > candidate's priority 0
2022-10-11 12:48:56,672 [grpc-default-executor-1] INFO  server.RaftServer$Division (RaftServerImpl.java:setRole(299)) - 0605c384-8e0d-4fdb-ab87-e69b89fa9455@group-BBDFD469DB51: changes role from  FOLLOWER to FOLLOWER at term 2 for candidate:47102196-0f4d-4140-8200-18f0777f7bc2
2022-10-11 12:48:56,672 [grpc-default-executor-1] INFO  impl.RoleInfo (RoleInfo.java:shutdownFollowerState(110)) - 0605c384-8e0d-4fdb-ab87-e69b89fa9455: shutdown 0605c384-8e0d-4fdb-ab87-e69b89fa9455@group-BBDFD469DB51-FollowerState
2022-10-11 12:48:56,672 [grpc-default-executor-1] INFO  impl.RoleInfo (RoleInfo.java:updateAndGet(139)) - 0605c384-8e0d-4fdb-ab87-e69b89fa9455: start 0605c384-8e0d-4fdb-ab87-e69b89fa9455@group-BBDFD469DB51-FollowerState
2022-10-11 12:48:56,672 [0605c384-8e0d-4fdb-ab87-e69b89fa9455@group-BBDFD469DB51-FollowerState] INFO  impl.FollowerState (FollowerState.java:run(152)) - 0605c384-8e0d-4fdb-ab87-e69b89fa9455@group-BBDFD469DB51-FollowerState was interrupted
2022-10-11 12:48:56,672 [grpc-default-executor-0] INFO  server.RaftServer$Division (RaftServerImpl.java:requestVote(1184)) - 4444cbf4-fd79-4bf9-9a85-9dbe318480e0@group-BBDFD469DB51 replies to ELECTION vote request: 47102196-0f4d-4140-8200-18f0777f7bc2<-4444cbf4-fd79-4bf9-9a85-9dbe318480e0#0:OK-t2. Peer's state: 4444cbf4-fd79-4bf9-9a85-9dbe318480e0@group-BBDFD469DB51:t2, leader=null, voted=47102196-0f4d-4140-8200-18f0777f7bc2, raftlog=4444cbf4-fd79-4bf9-9a85-9dbe318480e0@group-BBDFD469DB51-SegmentedRaftLog:OPENED:c-1, conf=-1: [4444cbf4-fd79-4bf9-9a85-9dbe318480e0|rpc:10.1.1.98:44895|dataStream:|priority:0, 0605c384-8e0d-4fdb-ab87-e69b89fa9455|rpc:10.1.1.98:35731|dataStream:|priority:1, 47102196-0f4d-4140-8200-18f0777f7bc2|rpc:10.1.1.98:34445|dataStream:|priority:0], old=null
2022-10-11 12:48:56,676 [grpc-default-executor-1] INFO  server.RaftServer$Division (RaftServerImpl.java:requestVote(1184)) - 0605c384-8e0d-4fdb-ab87-e69b89fa9455@group-BBDFD469DB51 replies to ELECTION vote request: 47102196-0f4d-4140-8200-18f0777f7bc2<-0605c384-8e0d-4fdb-ab87-e69b89fa9455#0:FAIL-t2. Peer's state: 0605c384-8e0d-4fdb-ab87-e69b89fa9455@group-BBDFD469DB51:t2, leader=null, voted=null, raftlog=0605c384-8e0d-4fdb-ab87-e69b89fa9455@group-BBDFD469DB51-SegmentedRaftLog:OPENED:c-1, conf=-1: [4444cbf4-fd79-4bf9-9a85-9dbe318480e0|rpc:10.1.1.98:44895|dataStream:|priority:0, 0605c384-8e0d-4fdb-ab87-e69b89fa9455|rpc:10.1.1.98:35731|dataStream:|priority:1, 47102196-0f4d-4140-8200-18f0777f7bc2|rpc:10.1.1.98:34445|dataStream:|priority:0], old=null
2022-10-11 12:48:56,678 [47102196-0f4d-4140-8200-18f0777f7bc2@group-BBDFD469DB51-LeaderElection11] INFO  impl.LeaderElection (LeaderElection.java:logAndReturn(90)) - 47102196-0f4d-4140-8200-18f0777f7bc2@group-BBDFD469DB51-LeaderElection11: ELECTION REJECTED received 2 response(s) and 0 exception(s):
2022-10-11 12:48:56,678 [47102196-0f4d-4140-8200-18f0777f7bc2@group-BBDFD469DB51-LeaderElection11] INFO  impl.LeaderElection (LeaderElection.java:logAndReturn(94)) -   Response 0: 47102196-0f4d-4140-8200-18f0777f7bc2<-4444cbf4-fd79-4bf9-9a85-9dbe318480e0#0:OK-t2
2022-10-11 12:48:56,678 [47102196-0f4d-4140-8200-18f0777f7bc2@group-BBDFD469DB51-LeaderElection11] INFO  impl.LeaderElection (LeaderElection.java:logAndReturn(94)) -   Response 1: 47102196-0f4d-4140-8200-18f0777f7bc2<-0605c384-8e0d-4fdb-ab87-e69b89fa9455#0:FAIL-t2
2022-10-11 12:48:56,678 [47102196-0f4d-4140-8200-18f0777f7bc2@group-BBDFD469DB51-LeaderElection11] INFO  impl.LeaderElection (LeaderElection.java:askForVotes(312)) - 47102196-0f4d-4140-8200-18f0777f7bc2@group-BBDFD469DB51-LeaderElection11 ELECTION round 0: result REJECTED
2022-10-11 12:48:56,679 [47102196-0f4d-4140-8200-18f0777f7bc2@group-BBDFD469DB51-LeaderElection11] INFO  server.RaftServer$Division (RaftServerImpl.java:setRole(299)) - 47102196-0f4d-4140-8200-18f0777f7bc2@group-BBDFD469DB51: changes role from CANDIDATE to FOLLOWER at term 2 for REJECTED
2022-10-11 12:48:56,679 [47102196-0f4d-4140-8200-18f0777f7bc2@group-BBDFD469DB51-LeaderElection11] INFO  impl.RoleInfo (RoleInfo.java:shutdownLeaderElection(130)) - 47102196-0f4d-4140-8200-18f0777f7bc2: shutdown 47102196-0f4d-4140-8200-18f0777f7bc2@group-BBDFD469DB51-LeaderElection11
2022-10-11 12:48:56,679 [47102196-0f4d-4140-8200-18f0777f7bc2@group-BBDFD469DB51-LeaderElection11] INFO  impl.RoleInfo (RoleInfo.java:updateAndGet(139)) - 47102196-0f4d-4140-8200-18f0777f7bc2: start 47102196-0f4d-4140-8200-18f0777f7bc2@group-BBDFD469DB51-FollowerState
2022-10-11 12:48:57,245 [Listener at 127.0.0.1/37873] INFO  ozone.MiniOzoneClusterImpl (MiniOzoneClusterImpl.java:lambda$waitForClusterToBeReady$0(216)) - Nodes are ready. Got 3 of 3 DN Heartbeats.
2022-10-11 12:48:57,247 [Listener at 127.0.0.1/37873] INFO  ozone.MiniOzoneClusterImpl (MiniOzoneClusterImpl.java:lambda$waitForClusterToBeReady$0(219)) - Waiting for cluster to exit safe mode
2022-10-11 12:48:57,247 [Listener at 127.0.0.1/37873] INFO  ozone.MiniOzoneClusterImpl (MiniOzoneClusterImpl.java:lambda$waitForClusterToBeReady$0(221)) - SCM became leader
2022-10-11 12:48:58,247 [Listener at 127.0.0.1/37873] INFO  ozone.MiniOzoneClusterImpl (MiniOzoneClusterImpl.java:lambda$waitForClusterToBeReady$0(216)) - Nodes are ready. Got 3 of 3 DN Heartbeats.
2022-10-11 12:48:58,247 [Listener at 127.0.0.1/37873] INFO  ozone.MiniOzoneClusterImpl (MiniOzoneClusterImpl.java:lambda$waitForClusterToBeReady$0(219)) - Waiting for cluster to exit safe mode
2022-10-11 12:48:58,248 [Listener at 127.0.0.1/37873] INFO  ozone.MiniOzoneClusterImpl (MiniOzoneClusterImpl.java:lambda$waitForClusterToBeReady$0(221)) - SCM became leader
2022-10-11 12:48:59,248 [Listener at 127.0.0.1/37873] INFO  ozone.MiniOzoneClusterImpl (MiniOzoneClusterImpl.java:lambda$waitForClusterToBeReady$0(216)) - Nodes are ready. Got 3 of 3 DN Heartbeats.
2022-10-11 12:48:59,248 [Listener at 127.0.0.1/37873] INFO  ozone.MiniOzoneClusterImpl (MiniOzoneClusterImpl.java:lambda$waitForClusterToBeReady$0(219)) - Waiting for cluster to exit safe mode
2022-10-11 12:48:59,248 [Listener at 127.0.0.1/37873] INFO  ozone.MiniOzoneClusterImpl (MiniOzoneClusterImpl.java:lambda$waitForClusterToBeReady$0(221)) - SCM became leader
2022-10-11 12:49:00,249 [Listener at 127.0.0.1/37873] INFO  ozone.MiniOzoneClusterImpl (MiniOzoneClusterImpl.java:lambda$waitForClusterToBeReady$0(216)) - Nodes are ready. Got 3 of 3 DN Heartbeats.
2022-10-11 12:49:00,249 [Listener at 127.0.0.1/37873] INFO  ozone.MiniOzoneClusterImpl (MiniOzoneClusterImpl.java:lambda$waitForClusterToBeReady$0(219)) - Waiting for cluster to exit safe mode
2022-10-11 12:49:00,249 [Listener at 127.0.0.1/37873] INFO  ozone.MiniOzoneClusterImpl (MiniOzoneClusterImpl.java:lambda$waitForClusterToBeReady$0(221)) - SCM became leader
2022-10-11 12:49:01,249 [Listener at 127.0.0.1/37873] INFO  ozone.MiniOzoneClusterImpl (MiniOzoneClusterImpl.java:lambda$waitForClusterToBeReady$0(216)) - Nodes are ready. Got 3 of 3 DN Heartbeats.
2022-10-11 12:49:01,250 [Listener at 127.0.0.1/37873] INFO  ozone.MiniOzoneClusterImpl (MiniOzoneClusterImpl.java:lambda$waitForClusterToBeReady$0(219)) - Waiting for cluster to exit safe mode
2022-10-11 12:49:01,250 [Listener at 127.0.0.1/37873] INFO  ozone.MiniOzoneClusterImpl (MiniOzoneClusterImpl.java:lambda$waitForClusterToBeReady$0(221)) - SCM became leader
2022-10-11 12:49:01,712 [4444cbf4-fd79-4bf9-9a85-9dbe318480e0@group-BBDFD469DB51-FollowerState] INFO  impl.FollowerState (FollowerState.java:run(143)) - 4444cbf4-fd79-4bf9-9a85-9dbe318480e0@group-BBDFD469DB51-FollowerState: change to CANDIDATE, lastRpcElapsedTime:5040098653ns, electionTimeout:5040ms
2022-10-11 12:49:01,712 [4444cbf4-fd79-4bf9-9a85-9dbe318480e0@group-BBDFD469DB51-FollowerState] INFO  impl.RoleInfo (RoleInfo.java:shutdownFollowerState(110)) - 4444cbf4-fd79-4bf9-9a85-9dbe318480e0: shutdown 4444cbf4-fd79-4bf9-9a85-9dbe318480e0@group-BBDFD469DB51-FollowerState
2022-10-11 12:49:01,712 [4444cbf4-fd79-4bf9-9a85-9dbe318480e0@group-BBDFD469DB51-FollowerState] INFO  server.RaftServer$Division (RaftServerImpl.java:setRole(299)) - 4444cbf4-fd79-4bf9-9a85-9dbe318480e0@group-BBDFD469DB51: changes role from  FOLLOWER to CANDIDATE at term 2 for changeToCandidate
2022-10-11 12:49:01,712 [4444cbf4-fd79-4bf9-9a85-9dbe318480e0@group-BBDFD469DB51-FollowerState] INFO  server.RaftServerConfigKeys (ConfUtils.java:logGet(46)) - raft.server.leaderelection.pre-vote = false (custom)
2022-10-11 12:49:01,712 [4444cbf4-fd79-4bf9-9a85-9dbe318480e0@group-BBDFD469DB51-FollowerState] INFO  impl.RoleInfo (RoleInfo.java:updateAndGet(139)) - 4444cbf4-fd79-4bf9-9a85-9dbe318480e0: start 4444cbf4-fd79-4bf9-9a85-9dbe318480e0@group-BBDFD469DB51-LeaderElection12
2022-10-11 12:49:01,715 [4444cbf4-fd79-4bf9-9a85-9dbe318480e0@group-BBDFD469DB51-LeaderElection12] INFO  impl.LeaderElection (LeaderElection.java:askForVotes(310)) - 4444cbf4-fd79-4bf9-9a85-9dbe318480e0@group-BBDFD469DB51-LeaderElection12 ELECTION round 0: submit vote requests at term 3 for -1: [4444cbf4-fd79-4bf9-9a85-9dbe318480e0|rpc:10.1.1.98:44895|dataStream:|priority:0, 0605c384-8e0d-4fdb-ab87-e69b89fa9455|rpc:10.1.1.98:35731|dataStream:|priority:1, 47102196-0f4d-4140-8200-18f0777f7bc2|rpc:10.1.1.98:34445|dataStream:|priority:0], old=null
2022-10-11 12:49:01,732 [grpc-default-executor-0] INFO  server.RaftServer$Division (RaftServerImpl.java:requestVote(1152)) - 0605c384-8e0d-4fdb-ab87-e69b89fa9455@group-BBDFD469DB51: receive requestVote(ELECTION, 4444cbf4-fd79-4bf9-9a85-9dbe318480e0, group-BBDFD469DB51, 3, (t:0, i:0))
2022-10-11 12:49:01,732 [grpc-default-executor-0] INFO  impl.VoteContext (VoteContext.java:log(48)) - 0605c384-8e0d-4fdb-ab87-e69b89fa9455@group-BBDFD469DB51-FOLLOWER: reject ELECTION from 4444cbf4-fd79-4bf9-9a85-9dbe318480e0: our priority 1 > candidate's priority 0
2022-10-11 12:49:01,732 [grpc-default-executor-0] INFO  server.RaftServer$Division (RaftServerImpl.java:setRole(299)) - 0605c384-8e0d-4fdb-ab87-e69b89fa9455@group-BBDFD469DB51: changes role from  FOLLOWER to FOLLOWER at term 3 for candidate:4444cbf4-fd79-4bf9-9a85-9dbe318480e0
2022-10-11 12:49:01,732 [grpc-default-executor-0] INFO  impl.RoleInfo (RoleInfo.java:shutdownFollowerState(110)) - 0605c384-8e0d-4fdb-ab87-e69b89fa9455: shutdown 0605c384-8e0d-4fdb-ab87-e69b89fa9455@group-BBDFD469DB51-FollowerState
2022-10-11 12:49:01,732 [grpc-default-executor-0] INFO  impl.RoleInfo (RoleInfo.java:updateAndGet(139)) - 0605c384-8e0d-4fdb-ab87-e69b89fa9455: start 0605c384-8e0d-4fdb-ab87-e69b89fa9455@group-BBDFD469DB51-FollowerState
2022-10-11 12:49:01,732 [0605c384-8e0d-4fdb-ab87-e69b89fa9455@group-BBDFD469DB51-FollowerState] INFO  impl.FollowerState (FollowerState.java:run(152)) - 0605c384-8e0d-4fdb-ab87-e69b89fa9455@group-BBDFD469DB51-FollowerState was interrupted
2022-10-11 12:49:01,738 [grpc-default-executor-1] INFO  server.RaftServer$Division (RaftServerImpl.java:requestVote(1152)) - 47102196-0f4d-4140-8200-18f0777f7bc2@group-BBDFD469DB51: receive requestVote(ELECTION, 4444cbf4-fd79-4bf9-9a85-9dbe318480e0, group-BBDFD469DB51, 3, (t:0, i:0))
2022-10-11 12:49:01,738 [grpc-default-executor-1] INFO  impl.VoteContext (VoteContext.java:log(48)) - 47102196-0f4d-4140-8200-18f0777f7bc2@group-BBDFD469DB51-FOLLOWER: accept ELECTION from 4444cbf4-fd79-4bf9-9a85-9dbe318480e0: our priority 0 <= candidate's priority 0
2022-10-11 12:49:01,738 [grpc-default-executor-1] INFO  server.RaftServer$Division (RaftServerImpl.java:setRole(299)) - 47102196-0f4d-4140-8200-18f0777f7bc2@group-BBDFD469DB51: changes role from  FOLLOWER to FOLLOWER at term 3 for candidate:4444cbf4-fd79-4bf9-9a85-9dbe318480e0
2022-10-11 12:49:01,738 [grpc-default-executor-1] INFO  impl.RoleInfo (RoleInfo.java:shutdownFollowerState(110)) - 47102196-0f4d-4140-8200-18f0777f7bc2: shutdown 47102196-0f4d-4140-8200-18f0777f7bc2@group-BBDFD469DB51-FollowerState
2022-10-11 12:49:01,738 [grpc-default-executor-1] INFO  impl.RoleInfo (RoleInfo.java:updateAndGet(139)) - 47102196-0f4d-4140-8200-18f0777f7bc2: start 47102196-0f4d-4140-8200-18f0777f7bc2@group-BBDFD469DB51-FollowerState
2022-10-11 12:49:01,738 [47102196-0f4d-4140-8200-18f0777f7bc2@group-BBDFD469DB51-FollowerState] INFO  impl.FollowerState (FollowerState.java:run(152)) - 47102196-0f4d-4140-8200-18f0777f7bc2@group-BBDFD469DB51-FollowerState was interrupted
2022-10-11 12:49:01,738 [grpc-default-executor-0] INFO  server.RaftServer$Division (RaftServerImpl.java:requestVote(1184)) - 0605c384-8e0d-4fdb-ab87-e69b89fa9455@group-BBDFD469DB51 replies to ELECTION vote request: 4444cbf4-fd79-4bf9-9a85-9dbe318480e0<-0605c384-8e0d-4fdb-ab87-e69b89fa9455#0:FAIL-t3. Peer's state: 0605c384-8e0d-4fdb-ab87-e69b89fa9455@group-BBDFD469DB51:t3, leader=null, voted=null, raftlog=0605c384-8e0d-4fdb-ab87-e69b89fa9455@group-BBDFD469DB51-SegmentedRaftLog:OPENED:c-1, conf=-1: [4444cbf4-fd79-4bf9-9a85-9dbe318480e0|rpc:10.1.1.98:44895|dataStream:|priority:0, 0605c384-8e0d-4fdb-ab87-e69b89fa9455|rpc:10.1.1.98:35731|dataStream:|priority:1, 47102196-0f4d-4140-8200-18f0777f7bc2|rpc:10.1.1.98:34445|dataStream:|priority:0], old=null
2022-10-11 12:49:01,741 [4444cbf4-fd79-4bf9-9a85-9dbe318480e0@group-BBDFD469DB51-LeaderElection12] INFO  impl.LeaderElection (LeaderElection.java:logAndReturn(90)) - 4444cbf4-fd79-4bf9-9a85-9dbe318480e0@group-BBDFD469DB51-LeaderElection12: ELECTION REJECTED received 1 response(s) and 0 exception(s):
2022-10-11 12:49:01,741 [4444cbf4-fd79-4bf9-9a85-9dbe318480e0@group-BBDFD469DB51-LeaderElection12] INFO  impl.LeaderElection (LeaderElection.java:logAndReturn(94)) -   Response 0: 4444cbf4-fd79-4bf9-9a85-9dbe318480e0<-0605c384-8e0d-4fdb-ab87-e69b89fa9455#0:FAIL-t3
2022-10-11 12:49:01,741 [4444cbf4-fd79-4bf9-9a85-9dbe318480e0@group-BBDFD469DB51-LeaderElection12] INFO  impl.LeaderElection (LeaderElection.java:askForVotes(312)) - 4444cbf4-fd79-4bf9-9a85-9dbe318480e0@group-BBDFD469DB51-LeaderElection12 ELECTION round 0: result REJECTED
2022-10-11 12:49:01,741 [4444cbf4-fd79-4bf9-9a85-9dbe318480e0@group-BBDFD469DB51-LeaderElection12] INFO  server.RaftServer$Division (RaftServerImpl.java:setRole(299)) - 4444cbf4-fd79-4bf9-9a85-9dbe318480e0@group-BBDFD469DB51: changes role from CANDIDATE to FOLLOWER at term 3 for REJECTED
2022-10-11 12:49:01,741 [4444cbf4-fd79-4bf9-9a85-9dbe318480e0@group-BBDFD469DB51-LeaderElection12] INFO  impl.RoleInfo (RoleInfo.java:shutdownLeaderElection(130)) - 4444cbf4-fd79-4bf9-9a85-9dbe318480e0: shutdown 4444cbf4-fd79-4bf9-9a85-9dbe318480e0@group-BBDFD469DB51-LeaderElection12
2022-10-11 12:49:01,741 [4444cbf4-fd79-4bf9-9a85-9dbe318480e0@group-BBDFD469DB51-LeaderElection12] INFO  impl.RoleInfo (RoleInfo.java:updateAndGet(139)) - 4444cbf4-fd79-4bf9-9a85-9dbe318480e0: start 4444cbf4-fd79-4bf9-9a85-9dbe318480e0@group-BBDFD469DB51-FollowerState
2022-10-11 12:49:01,741 [grpc-default-executor-1] INFO  server.RaftServer$Division (RaftServerImpl.java:requestVote(1184)) - 47102196-0f4d-4140-8200-18f0777f7bc2@group-BBDFD469DB51 replies to ELECTION vote request: 4444cbf4-fd79-4bf9-9a85-9dbe318480e0<-47102196-0f4d-4140-8200-18f0777f7bc2#0:OK-t3. Peer's state: 47102196-0f4d-4140-8200-18f0777f7bc2@group-BBDFD469DB51:t3, leader=null, voted=4444cbf4-fd79-4bf9-9a85-9dbe318480e0, raftlog=47102196-0f4d-4140-8200-18f0777f7bc2@group-BBDFD469DB51-SegmentedRaftLog:OPENED:c-1, conf=-1: [4444cbf4-fd79-4bf9-9a85-9dbe318480e0|rpc:10.1.1.98:44895|priority:0, 0605c384-8e0d-4fdb-ab87-e69b89fa9455|rpc:10.1.1.98:35731|priority:1, 47102196-0f4d-4140-8200-18f0777f7bc2|rpc:10.1.1.98:34445|priority:0], old=null
2022-10-11 12:49:02,250 [Listener at 127.0.0.1/37873] INFO  ozone.MiniOzoneClusterImpl (MiniOzoneClusterImpl.java:lambda$waitForClusterToBeReady$0(216)) - Nodes are ready. Got 3 of 3 DN Heartbeats.
2022-10-11 12:49:02,250 [Listener at 127.0.0.1/37873] INFO  ozone.MiniOzoneClusterImpl (MiniOzoneClusterImpl.java:lambda$waitForClusterToBeReady$0(219)) - Waiting for cluster to exit safe mode
2022-10-11 12:49:02,250 [Listener at 127.0.0.1/37873] INFO  ozone.MiniOzoneClusterImpl (MiniOzoneClusterImpl.java:lambda$waitForClusterToBeReady$0(221)) - SCM became leader
2022-10-11 12:49:03,251 [Listener at 127.0.0.1/37873] INFO  ozone.MiniOzoneClusterImpl (MiniOzoneClusterImpl.java:lambda$waitForClusterToBeReady$0(216)) - Nodes are ready. Got 3 of 3 DN Heartbeats.
2022-10-11 12:49:03,251 [Listener at 127.0.0.1/37873] INFO  ozone.MiniOzoneClusterImpl (MiniOzoneClusterImpl.java:lambda$waitForClusterToBeReady$0(219)) - Waiting for cluster to exit safe mode
2022-10-11 12:49:03,251 [Listener at 127.0.0.1/37873] INFO  ozone.MiniOzoneClusterImpl (MiniOzoneClusterImpl.java:lambda$waitForClusterToBeReady$0(221)) - SCM became leader
2022-10-11 12:49:04,252 [Listener at 127.0.0.1/37873] INFO  ozone.MiniOzoneClusterImpl (MiniOzoneClusterImpl.java:lambda$waitForClusterToBeReady$0(216)) - Nodes are ready. Got 3 of 3 DN Heartbeats.
2022-10-11 12:49:04,252 [Listener at 127.0.0.1/37873] INFO  ozone.MiniOzoneClusterImpl (MiniOzoneClusterImpl.java:lambda$waitForClusterToBeReady$0(219)) - Waiting for cluster to exit safe mode
2022-10-11 12:49:04,252 [Listener at 127.0.0.1/37873] INFO  ozone.MiniOzoneClusterImpl (MiniOzoneClusterImpl.java:lambda$waitForClusterToBeReady$0(221)) - SCM became leader
2022-10-11 12:49:05,252 [Listener at 127.0.0.1/37873] INFO  ozone.MiniOzoneClusterImpl (MiniOzoneClusterImpl.java:lambda$waitForClusterToBeReady$0(216)) - Nodes are ready. Got 3 of 3 DN Heartbeats.
2022-10-11 12:49:05,253 [Listener at 127.0.0.1/37873] INFO  ozone.MiniOzoneClusterImpl (MiniOzoneClusterImpl.java:lambda$waitForClusterToBeReady$0(219)) - Waiting for cluster to exit safe mode
2022-10-11 12:49:05,253 [Listener at 127.0.0.1/37873] INFO  ozone.MiniOzoneClusterImpl (MiniOzoneClusterImpl.java:lambda$waitForClusterToBeReady$0(221)) - SCM became leader
2022-10-11 12:49:06,253 [Listener at 127.0.0.1/37873] INFO  ozone.MiniOzoneClusterImpl (MiniOzoneClusterImpl.java:lambda$waitForClusterToBeReady$0(216)) - Nodes are ready. Got 3 of 3 DN Heartbeats.
2022-10-11 12:49:06,253 [Listener at 127.0.0.1/37873] INFO  ozone.MiniOzoneClusterImpl (MiniOzoneClusterImpl.java:lambda$waitForClusterToBeReady$0(219)) - Waiting for cluster to exit safe mode
2022-10-11 12:49:06,253 [Listener at 127.0.0.1/37873] INFO  ozone.MiniOzoneClusterImpl (MiniOzoneClusterImpl.java:lambda$waitForClusterToBeReady$0(221)) - SCM became leader
2022-10-11 12:49:06,742 [4444cbf4-fd79-4bf9-9a85-9dbe318480e0@group-BBDFD469DB51-FollowerState] INFO  impl.FollowerState (FollowerState.java:run(143)) - 4444cbf4-fd79-4bf9-9a85-9dbe318480e0@group-BBDFD469DB51-FollowerState: change to CANDIDATE, lastRpcElapsedTime:5001426664ns, electionTimeout:5001ms
2022-10-11 12:49:06,743 [4444cbf4-fd79-4bf9-9a85-9dbe318480e0@group-BBDFD469DB51-FollowerState] INFO  impl.RoleInfo (RoleInfo.java:shutdownFollowerState(110)) - 4444cbf4-fd79-4bf9-9a85-9dbe318480e0: shutdown 4444cbf4-fd79-4bf9-9a85-9dbe318480e0@group-BBDFD469DB51-FollowerState
2022-10-11 12:49:06,744 [4444cbf4-fd79-4bf9-9a85-9dbe318480e0@group-BBDFD469DB51-FollowerState] INFO  server.RaftServer$Division (RaftServerImpl.java:setRole(299)) - 4444cbf4-fd79-4bf9-9a85-9dbe318480e0@group-BBDFD469DB51: changes role from  FOLLOWER to CANDIDATE at term 3 for changeToCandidate
2022-10-11 12:49:06,744 [4444cbf4-fd79-4bf9-9a85-9dbe318480e0@group-BBDFD469DB51-FollowerState] INFO  server.RaftServerConfigKeys (ConfUtils.java:logGet(46)) - raft.server.leaderelection.pre-vote = false (custom)
2022-10-11 12:49:06,744 [4444cbf4-fd79-4bf9-9a85-9dbe318480e0@group-BBDFD469DB51-FollowerState] INFO  impl.RoleInfo (RoleInfo.java:updateAndGet(139)) - 4444cbf4-fd79-4bf9-9a85-9dbe318480e0: start 4444cbf4-fd79-4bf9-9a85-9dbe318480e0@group-BBDFD469DB51-LeaderElection13
2022-10-11 12:49:06,747 [4444cbf4-fd79-4bf9-9a85-9dbe318480e0@group-BBDFD469DB51-LeaderElection13] INFO  impl.LeaderElection (LeaderElection.java:askForVotes(310)) - 4444cbf4-fd79-4bf9-9a85-9dbe318480e0@group-BBDFD469DB51-LeaderElection13 ELECTION round 0: submit vote requests at term 4 for -1: [4444cbf4-fd79-4bf9-9a85-9dbe318480e0|rpc:10.1.1.98:44895|dataStream:|priority:0, 0605c384-8e0d-4fdb-ab87-e69b89fa9455|rpc:10.1.1.98:35731|dataStream:|priority:1, 47102196-0f4d-4140-8200-18f0777f7bc2|rpc:10.1.1.98:34445|dataStream:|priority:0], old=null
2022-10-11 12:49:06,749 [grpc-default-executor-1] INFO  server.RaftServer$Division (RaftServerImpl.java:requestVote(1152)) - 0605c384-8e0d-4fdb-ab87-e69b89fa9455@group-BBDFD469DB51: receive requestVote(ELECTION, 4444cbf4-fd79-4bf9-9a85-9dbe318480e0, group-BBDFD469DB51, 4, (t:0, i:0))
2022-10-11 12:49:06,750 [grpc-default-executor-1] INFO  impl.VoteContext (VoteContext.java:log(48)) - 0605c384-8e0d-4fdb-ab87-e69b89fa9455@group-BBDFD469DB51-FOLLOWER: reject ELECTION from 4444cbf4-fd79-4bf9-9a85-9dbe318480e0: our priority 1 > candidate's priority 0
2022-10-11 12:49:06,750 [grpc-default-executor-1] INFO  server.RaftServer$Division (RaftServerImpl.java:setRole(299)) - 0605c384-8e0d-4fdb-ab87-e69b89fa9455@group-BBDFD469DB51: changes role from  FOLLOWER to FOLLOWER at term 4 for candidate:4444cbf4-fd79-4bf9-9a85-9dbe318480e0
2022-10-11 12:49:06,750 [grpc-default-executor-1] INFO  impl.RoleInfo (RoleInfo.java:shutdownFollowerState(110)) - 0605c384-8e0d-4fdb-ab87-e69b89fa9455: shutdown 0605c384-8e0d-4fdb-ab87-e69b89fa9455@group-BBDFD469DB51-FollowerState
2022-10-11 12:49:06,750 [grpc-default-executor-1] INFO  impl.RoleInfo (RoleInfo.java:updateAndGet(139)) - 0605c384-8e0d-4fdb-ab87-e69b89fa9455: start 0605c384-8e0d-4fdb-ab87-e69b89fa9455@group-BBDFD469DB51-FollowerState
2022-10-11 12:49:06,750 [0605c384-8e0d-4fdb-ab87-e69b89fa9455@group-BBDFD469DB51-FollowerState] INFO  impl.FollowerState (FollowerState.java:run(152)) - 0605c384-8e0d-4fdb-ab87-e69b89fa9455@group-BBDFD469DB51-FollowerState was interrupted
2022-10-11 12:49:06,751 [grpc-default-executor-1] INFO  server.RaftServer$Division (RaftServerImpl.java:requestVote(1184)) - 0605c384-8e0d-4fdb-ab87-e69b89fa9455@group-BBDFD469DB51 replies to ELECTION vote request: 4444cbf4-fd79-4bf9-9a85-9dbe318480e0<-0605c384-8e0d-4fdb-ab87-e69b89fa9455#0:FAIL-t4. Peer's state: 0605c384-8e0d-4fdb-ab87-e69b89fa9455@group-BBDFD469DB51:t4, leader=null, voted=null, raftlog=0605c384-8e0d-4fdb-ab87-e69b89fa9455@group-BBDFD469DB51-SegmentedRaftLog:OPENED:c-1, conf=-1: [4444cbf4-fd79-4bf9-9a85-9dbe318480e0|rpc:10.1.1.98:44895|dataStream:|priority:0, 0605c384-8e0d-4fdb-ab87-e69b89fa9455|rpc:10.1.1.98:35731|dataStream:|priority:1, 47102196-0f4d-4140-8200-18f0777f7bc2|rpc:10.1.1.98:34445|dataStream:|priority:0], old=null
2022-10-11 12:49:06,753 [grpc-default-executor-0] INFO  server.RaftServer$Division (RaftServerImpl.java:requestVote(1152)) - 47102196-0f4d-4140-8200-18f0777f7bc2@group-BBDFD469DB51: receive requestVote(ELECTION, 4444cbf4-fd79-4bf9-9a85-9dbe318480e0, group-BBDFD469DB51, 4, (t:0, i:0))
2022-10-11 12:49:06,753 [grpc-default-executor-0] INFO  impl.VoteContext (VoteContext.java:log(48)) - 47102196-0f4d-4140-8200-18f0777f7bc2@group-BBDFD469DB51-FOLLOWER: accept ELECTION from 4444cbf4-fd79-4bf9-9a85-9dbe318480e0: our priority 0 <= candidate's priority 0
2022-10-11 12:49:06,753 [grpc-default-executor-0] INFO  server.RaftServer$Division (RaftServerImpl.java:setRole(299)) - 47102196-0f4d-4140-8200-18f0777f7bc2@group-BBDFD469DB51: changes role from  FOLLOWER to FOLLOWER at term 4 for candidate:4444cbf4-fd79-4bf9-9a85-9dbe318480e0
2022-10-11 12:49:06,753 [grpc-default-executor-0] INFO  impl.RoleInfo (RoleInfo.java:shutdownFollowerState(110)) - 47102196-0f4d-4140-8200-18f0777f7bc2: shutdown 47102196-0f4d-4140-8200-18f0777f7bc2@group-BBDFD469DB51-FollowerState
2022-10-11 12:49:06,753 [grpc-default-executor-0] INFO  impl.RoleInfo (RoleInfo.java:updateAndGet(139)) - 47102196-0f4d-4140-8200-18f0777f7bc2: start 47102196-0f4d-4140-8200-18f0777f7bc2@group-BBDFD469DB51-FollowerState
2022-10-11 12:49:06,753 [47102196-0f4d-4140-8200-18f0777f7bc2@group-BBDFD469DB51-FollowerState] INFO  impl.FollowerState (FollowerState.java:run(152)) - 47102196-0f4d-4140-8200-18f0777f7bc2@group-BBDFD469DB51-FollowerState was interrupted
2022-10-11 12:49:06,755 [4444cbf4-fd79-4bf9-9a85-9dbe318480e0@group-BBDFD469DB51-LeaderElection13] INFO  impl.LeaderElection (LeaderElection.java:logAndReturn(90)) - 4444cbf4-fd79-4bf9-9a85-9dbe318480e0@group-BBDFD469DB51-LeaderElection13: ELECTION REJECTED received 1 response(s) and 0 exception(s):
2022-10-11 12:49:06,755 [4444cbf4-fd79-4bf9-9a85-9dbe318480e0@group-BBDFD469DB51-LeaderElection13] INFO  impl.LeaderElection (LeaderElection.java:logAndReturn(94)) -   Response 0: 4444cbf4-fd79-4bf9-9a85-9dbe318480e0<-0605c384-8e0d-4fdb-ab87-e69b89fa9455#0:FAIL-t4
2022-10-11 12:49:06,756 [4444cbf4-fd79-4bf9-9a85-9dbe318480e0@group-BBDFD469DB51-LeaderElection13] INFO  impl.LeaderElection (LeaderElection.java:askForVotes(312)) - 4444cbf4-fd79-4bf9-9a85-9dbe318480e0@group-BBDFD469DB51-LeaderElection13 ELECTION round 0: result REJECTED
2022-10-11 12:49:06,756 [4444cbf4-fd79-4bf9-9a85-9dbe318480e0@group-BBDFD469DB51-LeaderElection13] INFO  server.RaftServer$Division (RaftServerImpl.java:setRole(299)) - 4444cbf4-fd79-4bf9-9a85-9dbe318480e0@group-BBDFD469DB51: changes role from CANDIDATE to FOLLOWER at term 4 for REJECTED
2022-10-11 12:49:06,756 [4444cbf4-fd79-4bf9-9a85-9dbe318480e0@group-BBDFD469DB51-LeaderElection13] INFO  impl.RoleInfo (RoleInfo.java:shutdownLeaderElection(130)) - 4444cbf4-fd79-4bf9-9a85-9dbe318480e0: shutdown 4444cbf4-fd79-4bf9-9a85-9dbe318480e0@group-BBDFD469DB51-LeaderElection13
2022-10-11 12:49:06,756 [4444cbf4-fd79-4bf9-9a85-9dbe318480e0@group-BBDFD469DB51-LeaderElection13] INFO  impl.RoleInfo (RoleInfo.java:updateAndGet(139)) - 4444cbf4-fd79-4bf9-9a85-9dbe318480e0: start 4444cbf4-fd79-4bf9-9a85-9dbe318480e0@group-BBDFD469DB51-FollowerState
2022-10-11 12:49:06,760 [grpc-default-executor-0] INFO  server.RaftServer$Division (RaftServerImpl.java:requestVote(1184)) - 47102196-0f4d-4140-8200-18f0777f7bc2@group-BBDFD469DB51 replies to ELECTION vote request: 4444cbf4-fd79-4bf9-9a85-9dbe318480e0<-47102196-0f4d-4140-8200-18f0777f7bc2#0:OK-t4. Peer's state: 47102196-0f4d-4140-8200-18f0777f7bc2@group-BBDFD469DB51:t4, leader=null, voted=4444cbf4-fd79-4bf9-9a85-9dbe318480e0, raftlog=47102196-0f4d-4140-8200-18f0777f7bc2@group-BBDFD469DB51-SegmentedRaftLog:OPENED:c-1, conf=-1: [4444cbf4-fd79-4bf9-9a85-9dbe318480e0|rpc:10.1.1.98:44895|priority:0, 0605c384-8e0d-4fdb-ab87-e69b89fa9455|rpc:10.1.1.98:35731|priority:1, 47102196-0f4d-4140-8200-18f0777f7bc2|rpc:10.1.1.98:34445|priority:0], old=null
2022-10-11 12:49:07,254 [Listener at 127.0.0.1/37873] INFO  ozone.MiniOzoneClusterImpl (MiniOzoneClusterImpl.java:lambda$waitForClusterToBeReady$0(216)) - Nodes are ready. Got 3 of 3 DN Heartbeats.
2022-10-11 12:49:07,254 [Listener at 127.0.0.1/37873] INFO  ozone.MiniOzoneClusterImpl (MiniOzoneClusterImpl.java:lambda$waitForClusterToBeReady$0(219)) - Waiting for cluster to exit safe mode
2022-10-11 12:49:07,254 [Listener at 127.0.0.1/37873] INFO  ozone.MiniOzoneClusterImpl (MiniOzoneClusterImpl.java:lambda$waitForClusterToBeReady$0(221)) - SCM became leader
2022-10-11 12:49:08,254 [Listener at 127.0.0.1/37873] INFO  ozone.MiniOzoneClusterImpl (MiniOzoneClusterImpl.java:lambda$waitForClusterToBeReady$0(216)) - Nodes are ready. Got 3 of 3 DN Heartbeats.
2022-10-11 12:49:08,255 [Listener at 127.0.0.1/37873] INFO  ozone.MiniOzoneClusterImpl (MiniOzoneClusterImpl.java:lambda$waitForClusterToBeReady$0(219)) - Waiting for cluster to exit safe mode
2022-10-11 12:49:08,255 [Listener at 127.0.0.1/37873] INFO  ozone.MiniOzoneClusterImpl (MiniOzoneClusterImpl.java:lambda$waitForClusterToBeReady$0(221)) - SCM became leader
2022-10-11 12:49:09,255 [Listener at 127.0.0.1/37873] INFO  ozone.MiniOzoneClusterImpl (MiniOzoneClusterImpl.java:lambda$waitForClusterToBeReady$0(216)) - Nodes are ready. Got 3 of 3 DN Heartbeats.
2022-10-11 12:49:09,256 [Listener at 127.0.0.1/37873] INFO  ozone.MiniOzoneClusterImpl (MiniOzoneClusterImpl.java:lambda$waitForClusterToBeReady$0(219)) - Waiting for cluster to exit safe mode
2022-10-11 12:49:09,256 [Listener at 127.0.0.1/37873] INFO  ozone.MiniOzoneClusterImpl (MiniOzoneClusterImpl.java:lambda$waitForClusterToBeReady$0(221)) - SCM became leader
2022-10-11 12:49:10,256 [Listener at 127.0.0.1/37873] INFO  ozone.MiniOzoneClusterImpl (MiniOzoneClusterImpl.java:lambda$waitForClusterToBeReady$0(216)) - Nodes are ready. Got 3 of 3 DN Heartbeats.
2022-10-11 12:49:10,256 [Listener at 127.0.0.1/37873] INFO  ozone.MiniOzoneClusterImpl (MiniOzoneClusterImpl.java:lambda$waitForClusterToBeReady$0(219)) - Waiting for cluster to exit safe mode
2022-10-11 12:49:10,256 [Listener at 127.0.0.1/37873] INFO  ozone.MiniOzoneClusterImpl (MiniOzoneClusterImpl.java:lambda$waitForClusterToBeReady$0(221)) - SCM became leader
2022-10-11 12:49:11,257 [Listener at 127.0.0.1/37873] INFO  ozone.MiniOzoneClusterImpl (MiniOzoneClusterImpl.java:lambda$waitForClusterToBeReady$0(216)) - Nodes are ready. Got 3 of 3 DN Heartbeats.
2022-10-11 12:49:11,257 [Listener at 127.0.0.1/37873] INFO  ozone.MiniOzoneClusterImpl (MiniOzoneClusterImpl.java:lambda$waitForClusterToBeReady$0(219)) - Waiting for cluster to exit safe mode
2022-10-11 12:49:11,257 [Listener at 127.0.0.1/37873] INFO  ozone.MiniOzoneClusterImpl (MiniOzoneClusterImpl.java:lambda$waitForClusterToBeReady$0(221)) - SCM became leader
2022-10-11 12:49:11,843 [0605c384-8e0d-4fdb-ab87-e69b89fa9455@group-BBDFD469DB51-FollowerState] INFO  impl.FollowerState (FollowerState.java:run(143)) - 0605c384-8e0d-4fdb-ab87-e69b89fa9455@group-BBDFD469DB51-FollowerState: change to CANDIDATE, lastRpcElapsedTime:5092823071ns, electionTimeout:5091ms
2022-10-11 12:49:11,844 [0605c384-8e0d-4fdb-ab87-e69b89fa9455@group-BBDFD469DB51-FollowerState] INFO  impl.RoleInfo (RoleInfo.java:shutdownFollowerState(110)) - 0605c384-8e0d-4fdb-ab87-e69b89fa9455: shutdown 0605c384-8e0d-4fdb-ab87-e69b89fa9455@group-BBDFD469DB51-FollowerState
2022-10-11 12:49:11,844 [0605c384-8e0d-4fdb-ab87-e69b89fa9455@group-BBDFD469DB51-FollowerState] INFO  server.RaftServer$Division (RaftServerImpl.java:setRole(299)) - 0605c384-8e0d-4fdb-ab87-e69b89fa9455@group-BBDFD469DB51: changes role from  FOLLOWER to CANDIDATE at term 4 for changeToCandidate
2022-10-11 12:49:11,844 [0605c384-8e0d-4fdb-ab87-e69b89fa9455@group-BBDFD469DB51-FollowerState] INFO  server.RaftServerConfigKeys (ConfUtils.java:logGet(46)) - raft.server.leaderelection.pre-vote = false (custom)
2022-10-11 12:49:11,844 [0605c384-8e0d-4fdb-ab87-e69b89fa9455@group-BBDFD469DB51-FollowerState] INFO  impl.RoleInfo (RoleInfo.java:updateAndGet(139)) - 0605c384-8e0d-4fdb-ab87-e69b89fa9455: start 0605c384-8e0d-4fdb-ab87-e69b89fa9455@group-BBDFD469DB51-LeaderElection14
2022-10-11 12:49:11,848 [0605c384-8e0d-4fdb-ab87-e69b89fa9455@group-BBDFD469DB51-LeaderElection14] INFO  impl.LeaderElection (LeaderElection.java:askForVotes(310)) - 0605c384-8e0d-4fdb-ab87-e69b89fa9455@group-BBDFD469DB51-LeaderElection14 ELECTION round 0: submit vote requests at term 5 for -1: [4444cbf4-fd79-4bf9-9a85-9dbe318480e0|rpc:10.1.1.98:44895|dataStream:|priority:0, 0605c384-8e0d-4fdb-ab87-e69b89fa9455|rpc:10.1.1.98:35731|dataStream:|priority:1, 47102196-0f4d-4140-8200-18f0777f7bc2|rpc:10.1.1.98:34445|dataStream:|priority:0], old=null
2022-10-11 12:49:11,856 [4444cbf4-fd79-4bf9-9a85-9dbe318480e0@group-BBDFD469DB51-FollowerState] INFO  impl.FollowerState (FollowerState.java:run(143)) - 4444cbf4-fd79-4bf9-9a85-9dbe318480e0@group-BBDFD469DB51-FollowerState: change to CANDIDATE, lastRpcElapsedTime:5100305496ns, electionTimeout:5096ms
2022-10-11 12:49:11,856 [4444cbf4-fd79-4bf9-9a85-9dbe318480e0@group-BBDFD469DB51-FollowerState] INFO  impl.RoleInfo (RoleInfo.java:shutdownFollowerState(110)) - 4444cbf4-fd79-4bf9-9a85-9dbe318480e0: shutdown 4444cbf4-fd79-4bf9-9a85-9dbe318480e0@group-BBDFD469DB51-FollowerState
2022-10-11 12:49:11,856 [4444cbf4-fd79-4bf9-9a85-9dbe318480e0@group-BBDFD469DB51-FollowerState] INFO  server.RaftServer$Division (RaftServerImpl.java:setRole(299)) - 4444cbf4-fd79-4bf9-9a85-9dbe318480e0@group-BBDFD469DB51: changes role from  FOLLOWER to CANDIDATE at term 4 for changeToCandidate
2022-10-11 12:49:11,856 [4444cbf4-fd79-4bf9-9a85-9dbe318480e0@group-BBDFD469DB51-FollowerState] INFO  server.RaftServerConfigKeys (ConfUtils.java:logGet(46)) - raft.server.leaderelection.pre-vote = false (custom)
2022-10-11 12:49:11,856 [4444cbf4-fd79-4bf9-9a85-9dbe318480e0@group-BBDFD469DB51-FollowerState] INFO  impl.RoleInfo (RoleInfo.java:updateAndGet(139)) - 4444cbf4-fd79-4bf9-9a85-9dbe318480e0: start 4444cbf4-fd79-4bf9-9a85-9dbe318480e0@group-BBDFD469DB51-LeaderElection15
2022-10-11 12:49:11,867 [4444cbf4-fd79-4bf9-9a85-9dbe318480e0@group-BBDFD469DB51-LeaderElection15] INFO  impl.LeaderElection (LeaderElection.java:askForVotes(310)) - 4444cbf4-fd79-4bf9-9a85-9dbe318480e0@group-BBDFD469DB51-LeaderElection15 ELECTION round 0: submit vote requests at term 5 for -1: [4444cbf4-fd79-4bf9-9a85-9dbe318480e0|rpc:10.1.1.98:44895|dataStream:|priority:0, 0605c384-8e0d-4fdb-ab87-e69b89fa9455|rpc:10.1.1.98:35731|dataStream:|priority:1, 47102196-0f4d-4140-8200-18f0777f7bc2|rpc:10.1.1.98:34445|dataStream:|priority:0], old=null
2022-10-11 12:49:11,868 [grpc-default-executor-0] INFO  server.RaftServer$Division (RaftServerImpl.java:requestVote(1152)) - 4444cbf4-fd79-4bf9-9a85-9dbe318480e0@group-BBDFD469DB51: receive requestVote(ELECTION, 0605c384-8e0d-4fdb-ab87-e69b89fa9455, group-BBDFD469DB51, 5, (t:0, i:0))
2022-10-11 12:49:11,868 [grpc-default-executor-0] INFO  impl.VoteContext (VoteContext.java:log(48)) - 4444cbf4-fd79-4bf9-9a85-9dbe318480e0@group-BBDFD469DB51-CANDIDATE: reject ELECTION from 0605c384-8e0d-4fdb-ab87-e69b89fa9455: already has voted for 4444cbf4-fd79-4bf9-9a85-9dbe318480e0 at current term 5
2022-10-11 12:49:11,868 [grpc-default-executor-0] INFO  server.RaftServer$Division (RaftServerImpl.java:requestVote(1184)) - 4444cbf4-fd79-4bf9-9a85-9dbe318480e0@group-BBDFD469DB51 replies to ELECTION vote request: 0605c384-8e0d-4fdb-ab87-e69b89fa9455<-4444cbf4-fd79-4bf9-9a85-9dbe318480e0#0:FAIL-t5. Peer's state: 4444cbf4-fd79-4bf9-9a85-9dbe318480e0@group-BBDFD469DB51:t5, leader=null, voted=4444cbf4-fd79-4bf9-9a85-9dbe318480e0, raftlog=4444cbf4-fd79-4bf9-9a85-9dbe318480e0@group-BBDFD469DB51-SegmentedRaftLog:OPENED:c-1, conf=-1: [4444cbf4-fd79-4bf9-9a85-9dbe318480e0|rpc:10.1.1.98:44895|dataStream:|priority:0, 0605c384-8e0d-4fdb-ab87-e69b89fa9455|rpc:10.1.1.98:35731|dataStream:|priority:1, 47102196-0f4d-4140-8200-18f0777f7bc2|rpc:10.1.1.98:34445|dataStream:|priority:0], old=null
2022-10-11 12:49:11,868 [grpc-default-executor-1] INFO  server.RaftServer$Division (RaftServerImpl.java:requestVote(1152)) - 47102196-0f4d-4140-8200-18f0777f7bc2@group-BBDFD469DB51: receive requestVote(ELECTION, 0605c384-8e0d-4fdb-ab87-e69b89fa9455, group-BBDFD469DB51, 5, (t:0, i:0))
2022-10-11 12:49:11,881 [grpc-default-executor-1] INFO  impl.VoteContext (VoteContext.java:log(48)) - 47102196-0f4d-4140-8200-18f0777f7bc2@group-BBDFD469DB51-FOLLOWER: accept ELECTION from 0605c384-8e0d-4fdb-ab87-e69b89fa9455: our priority 0 <= candidate's priority 1
2022-10-11 12:49:11,881 [grpc-default-executor-1] INFO  server.RaftServer$Division (RaftServerImpl.java:setRole(299)) - 47102196-0f4d-4140-8200-18f0777f7bc2@group-BBDFD469DB51: changes role from  FOLLOWER to FOLLOWER at term 5 for candidate:0605c384-8e0d-4fdb-ab87-e69b89fa9455
2022-10-11 12:49:11,881 [grpc-default-executor-1] INFO  impl.RoleInfo (RoleInfo.java:shutdownFollowerState(110)) - 47102196-0f4d-4140-8200-18f0777f7bc2: shutdown 47102196-0f4d-4140-8200-18f0777f7bc2@group-BBDFD469DB51-FollowerState
2022-10-11 12:49:11,882 [grpc-default-executor-1] INFO  impl.RoleInfo (RoleInfo.java:updateAndGet(139)) - 47102196-0f4d-4140-8200-18f0777f7bc2: start 47102196-0f4d-4140-8200-18f0777f7bc2@group-BBDFD469DB51-FollowerState
2022-10-11 12:49:11,882 [47102196-0f4d-4140-8200-18f0777f7bc2@group-BBDFD469DB51-FollowerState] INFO  impl.FollowerState (FollowerState.java:run(152)) - 47102196-0f4d-4140-8200-18f0777f7bc2@group-BBDFD469DB51-FollowerState was interrupted
2022-10-11 12:49:11,882 [grpc-default-executor-0] INFO  server.RaftServer$Division (RaftServerImpl.java:requestVote(1152)) - 0605c384-8e0d-4fdb-ab87-e69b89fa9455@group-BBDFD469DB51: receive requestVote(ELECTION, 4444cbf4-fd79-4bf9-9a85-9dbe318480e0, group-BBDFD469DB51, 5, (t:0, i:0))
2022-10-11 12:49:11,884 [grpc-default-executor-0] INFO  impl.VoteContext (VoteContext.java:log(48)) - 0605c384-8e0d-4fdb-ab87-e69b89fa9455@group-BBDFD469DB51-CANDIDATE: reject ELECTION from 4444cbf4-fd79-4bf9-9a85-9dbe318480e0: already has voted for 0605c384-8e0d-4fdb-ab87-e69b89fa9455 at current term 5
2022-10-11 12:49:11,884 [grpc-default-executor-1] INFO  server.RaftServer$Division (RaftServerImpl.java:requestVote(1184)) - 47102196-0f4d-4140-8200-18f0777f7bc2@group-BBDFD469DB51 replies to ELECTION vote request: 0605c384-8e0d-4fdb-ab87-e69b89fa9455<-47102196-0f4d-4140-8200-18f0777f7bc2#0:OK-t5. Peer's state: 47102196-0f4d-4140-8200-18f0777f7bc2@group-BBDFD469DB51:t5, leader=null, voted=0605c384-8e0d-4fdb-ab87-e69b89fa9455, raftlog=47102196-0f4d-4140-8200-18f0777f7bc2@group-BBDFD469DB51-SegmentedRaftLog:OPENED:c-1, conf=-1: [4444cbf4-fd79-4bf9-9a85-9dbe318480e0|rpc:10.1.1.98:44895|priority:0, 0605c384-8e0d-4fdb-ab87-e69b89fa9455|rpc:10.1.1.98:35731|priority:1, 47102196-0f4d-4140-8200-18f0777f7bc2|rpc:10.1.1.98:34445|priority:0], old=null
2022-10-11 12:49:11,885 [grpc-default-executor-3] INFO  server.RaftServer$Division (RaftServerImpl.java:requestVote(1152)) - 47102196-0f4d-4140-8200-18f0777f7bc2@group-BBDFD469DB51: receive requestVote(ELECTION, 4444cbf4-fd79-4bf9-9a85-9dbe318480e0, group-BBDFD469DB51, 5, (t:0, i:0))
2022-10-11 12:49:11,885 [grpc-default-executor-3] INFO  impl.VoteContext (VoteContext.java:log(48)) - 47102196-0f4d-4140-8200-18f0777f7bc2@group-BBDFD469DB51-FOLLOWER: reject ELECTION from 4444cbf4-fd79-4bf9-9a85-9dbe318480e0: already has voted for 0605c384-8e0d-4fdb-ab87-e69b89fa9455 at current term 5
2022-10-11 12:49:11,885 [grpc-default-executor-3] INFO  server.RaftServer$Division (RaftServerImpl.java:requestVote(1184)) - 47102196-0f4d-4140-8200-18f0777f7bc2@group-BBDFD469DB51 replies to ELECTION vote request: 4444cbf4-fd79-4bf9-9a85-9dbe318480e0<-47102196-0f4d-4140-8200-18f0777f7bc2#0:FAIL-t5. Peer's state: 47102196-0f4d-4140-8200-18f0777f7bc2@group-BBDFD469DB51:t5, leader=null, voted=0605c384-8e0d-4fdb-ab87-e69b89fa9455, raftlog=47102196-0f4d-4140-8200-18f0777f7bc2@group-BBDFD469DB51-SegmentedRaftLog:OPENED:c-1, conf=-1: [4444cbf4-fd79-4bf9-9a85-9dbe318480e0|rpc:10.1.1.98:44895|priority:0, 0605c384-8e0d-4fdb-ab87-e69b89fa9455|rpc:10.1.1.98:35731|priority:1, 47102196-0f4d-4140-8200-18f0777f7bc2|rpc:10.1.1.98:34445|priority:0], old=null
2022-10-11 12:49:11,884 [grpc-default-executor-0] INFO  server.RaftServer$Division (RaftServerImpl.java:requestVote(1184)) - 0605c384-8e0d-4fdb-ab87-e69b89fa9455@group-BBDFD469DB51 replies to ELECTION vote request: 4444cbf4-fd79-4bf9-9a85-9dbe318480e0<-0605c384-8e0d-4fdb-ab87-e69b89fa9455#0:FAIL-t5. Peer's state: 0605c384-8e0d-4fdb-ab87-e69b89fa9455@group-BBDFD469DB51:t5, leader=null, voted=0605c384-8e0d-4fdb-ab87-e69b89fa9455, raftlog=0605c384-8e0d-4fdb-ab87-e69b89fa9455@group-BBDFD469DB51-SegmentedRaftLog:OPENED:c-1, conf=-1: [4444cbf4-fd79-4bf9-9a85-9dbe318480e0|rpc:10.1.1.98:44895|dataStream:|priority:0, 0605c384-8e0d-4fdb-ab87-e69b89fa9455|rpc:10.1.1.98:35731|dataStream:|priority:1, 47102196-0f4d-4140-8200-18f0777f7bc2|rpc:10.1.1.98:34445|dataStream:|priority:0], old=null
2022-10-11 12:49:11,886 [0605c384-8e0d-4fdb-ab87-e69b89fa9455@group-BBDFD469DB51-LeaderElection14] INFO  impl.LeaderElection (LeaderElection.java:logAndReturn(90)) - 0605c384-8e0d-4fdb-ab87-e69b89fa9455@group-BBDFD469DB51-LeaderElection14: ELECTION PASSED received 2 response(s) and 0 exception(s):
2022-10-11 12:49:11,889 [0605c384-8e0d-4fdb-ab87-e69b89fa9455@group-BBDFD469DB51-LeaderElection14] INFO  impl.LeaderElection (LeaderElection.java:logAndReturn(94)) -   Response 0: 0605c384-8e0d-4fdb-ab87-e69b89fa9455<-4444cbf4-fd79-4bf9-9a85-9dbe318480e0#0:FAIL-t5
2022-10-11 12:49:11,889 [0605c384-8e0d-4fdb-ab87-e69b89fa9455@group-BBDFD469DB51-LeaderElection14] INFO  impl.LeaderElection (LeaderElection.java:logAndReturn(94)) -   Response 1: 0605c384-8e0d-4fdb-ab87-e69b89fa9455<-47102196-0f4d-4140-8200-18f0777f7bc2#0:OK-t5
2022-10-11 12:49:11,889 [0605c384-8e0d-4fdb-ab87-e69b89fa9455@group-BBDFD469DB51-LeaderElection14] INFO  impl.LeaderElection (LeaderElection.java:askForVotes(312)) - 0605c384-8e0d-4fdb-ab87-e69b89fa9455@group-BBDFD469DB51-LeaderElection14 ELECTION round 0: result PASSED
2022-10-11 12:49:11,889 [0605c384-8e0d-4fdb-ab87-e69b89fa9455@group-BBDFD469DB51-LeaderElection14] INFO  impl.RoleInfo (RoleInfo.java:shutdownLeaderElection(130)) - 0605c384-8e0d-4fdb-ab87-e69b89fa9455: shutdown 0605c384-8e0d-4fdb-ab87-e69b89fa9455@group-BBDFD469DB51-LeaderElection14
2022-10-11 12:49:11,889 [0605c384-8e0d-4fdb-ab87-e69b89fa9455@group-BBDFD469DB51-LeaderElection14] INFO  server.RaftServer$Division (RaftServerImpl.java:setRole(299)) - 0605c384-8e0d-4fdb-ab87-e69b89fa9455@group-BBDFD469DB51: changes role from CANDIDATE to LEADER at term 5 for changeToLeader
2022-10-11 12:49:11,889 [0605c384-8e0d-4fdb-ab87-e69b89fa9455@group-BBDFD469DB51-LeaderElection14] INFO  ratis.XceiverServerRatis (XceiverServerRatis.java:handleLeaderChangedNotification(863)) - Leader change notification received for group: group-BBDFD469DB51 with new leaderId: 0605c384-8e0d-4fdb-ab87-e69b89fa9455
2022-10-11 12:49:11,889 [0605c384-8e0d-4fdb-ab87-e69b89fa9455@group-BBDFD469DB51-LeaderElection14] INFO  server.RaftServer$Division (ServerState.java:setLeader(287)) - 0605c384-8e0d-4fdb-ab87-e69b89fa9455@group-BBDFD469DB51: change Leader from null to 0605c384-8e0d-4fdb-ab87-e69b89fa9455 at term 5 for becomeLeader, leader elected after 25307ms
2022-10-11 12:49:11,890 [0605c384-8e0d-4fdb-ab87-e69b89fa9455@group-BBDFD469DB51-LeaderElection14] INFO  server.RaftServerConfigKeys (ConfUtils.java:logGet(46)) - raft.server.staging.catchup.gap = 1000 (default)
2022-10-11 12:49:11,890 [0605c384-8e0d-4fdb-ab87-e69b89fa9455@group-BBDFD469DB51-LeaderElection14] INFO  server.RaftServerConfigKeys (ConfUtils.java:logGet(46)) - raft.server.write.element-limit = 1024 (custom)
2022-10-11 12:49:11,890 [0605c384-8e0d-4fdb-ab87-e69b89fa9455@group-BBDFD469DB51-LeaderElection14] INFO  server.RaftServerConfigKeys (ConfUtils.java:logGet(46)) - raft.server.write.byte-limit = 1024 M (=1073741824) (custom)
2022-10-11 12:49:11,890 [0605c384-8e0d-4fdb-ab87-e69b89fa9455@group-BBDFD469DB51-LeaderElection14] INFO  server.RaftServerConfigKeys (ConfUtils.java:logGet(46)) - raft.server.watch.timeout = 180s (custom)
2022-10-11 12:49:11,891 [0605c384-8e0d-4fdb-ab87-e69b89fa9455@group-BBDFD469DB51-LeaderElection14] INFO  server.RaftServerConfigKeys (ConfUtils.java:logGet(46)) - raft.server.watch.timeout.denomination = 1s (default)
2022-10-11 12:49:11,891 [0605c384-8e0d-4fdb-ab87-e69b89fa9455@group-BBDFD469DB51-LeaderElection14] INFO  server.RaftServerConfigKeys (ConfUtils.java:logGet(46)) - raft.server.watch.element-limit = 65536 (default)
2022-10-11 12:49:11,891 [0605c384-8e0d-4fdb-ab87-e69b89fa9455@group-BBDFD469DB51-LeaderElection14] INFO  server.RaftServerConfigKeys (ConfUtils.java:logGet(46)) - raft.server.write.element-limit = 1024 (custom)
2022-10-11 12:49:11,891 [0605c384-8e0d-4fdb-ab87-e69b89fa9455@group-BBDFD469DB51-LeaderElection14] INFO  server.RaftServerConfigKeys (ConfUtils.java:logGet(46)) - raft.server.write.follower.gap.ratio.max = -1.0 (default)
2022-10-11 12:49:11,892 [EventQueue-PipelineReportForPipelineReportHandler] INFO  pipeline.PipelineManagerImpl (PipelineManagerImpl.java:openPipeline(367)) - Pipeline Pipeline[ Id: 98c00462-3050-4d4b-b576-bbdfd469db51, Nodes: 4444cbf4-fd79-4bf9-9a85-9dbe318480e0{ip: 10.1.1.98, host: fv-az570-546.srgqcr2moziuvm0qev4lajleyh.dx.internal.cloudapp.net, ports: [REPLICATION=35863, RATIS=44895, RATIS_ADMIN=44895, RATIS_SERVER=44895, STANDALONE=39423], networkLocation: /default-rack, certSerialId: null, persistedOpState: IN_SERVICE, persistedOpStateExpiryEpochSec: 0}47102196-0f4d-4140-8200-18f0777f7bc2{ip: 10.1.1.98, host: fv-az570-546.srgqcr2moziuvm0qev4lajleyh.dx.internal.cloudapp.net, ports: [REPLICATION=32779, RATIS=34445, RATIS_ADMIN=34445, RATIS_SERVER=34445, STANDALONE=33757], networkLocation: /default-rack, certSerialId: null, persistedOpState: IN_SERVICE, persistedOpStateExpiryEpochSec: 0}0605c384-8e0d-4fdb-ab87-e69b89fa9455{ip: 10.1.1.98, host: fv-az570-546.srgqcr2moziuvm0qev4lajleyh.dx.internal.cloudapp.net, ports: [REPLICATION=34551, RATIS=35731, RATIS_ADMIN=35731, RATIS_SERVER=35731, STANDALONE=37983], networkLocation: /default-rack, certSerialId: null, persistedOpState: IN_SERVICE, persistedOpStateExpiryEpochSec: 0}, ReplicationConfig: RATIS/THREE, State:ALLOCATED, leaderId:0605c384-8e0d-4fdb-ab87-e69b89fa9455, CreationTimestamp2022-10-11T12:48:44.236Z[Etc/UTC]] moved to OPEN state
2022-10-11 12:49:11,893 [0605c384-8e0d-4fdb-ab87-e69b89fa9455@group-BBDFD469DB51-LeaderElection14] INFO  server.RaftServerConfigKeys (ConfUtils.java:logGet(46)) - raft.server.log.appender.snapshot.chunk.size.max = 16MB (=16777216) (default)
2022-10-11 12:49:11,893 [4444cbf4-fd79-4bf9-9a85-9dbe318480e0@group-BBDFD469DB51-LeaderElection15] INFO  impl.LeaderElection (LeaderElection.java:logAndReturn(90)) - 4444cbf4-fd79-4bf9-9a85-9dbe318480e0@group-BBDFD469DB51-LeaderElection15: ELECTION REJECTED received 2 response(s) and 0 exception(s):
2022-10-11 12:49:11,897 [0605c384-8e0d-4fdb-ab87-e69b89fa9455@group-BBDFD469DB51-LeaderElection14] INFO  server.RaftServerConfigKeys (ConfUtils.java:logGet(46)) - raft.server.log.appender.buffer.byte-limit = 33554432 (custom)
2022-10-11 12:49:11,897 [0605c384-8e0d-4fdb-ab87-e69b89fa9455@group-BBDFD469DB51-LeaderElection14] INFO  server.RaftServerConfigKeys (ConfUtils.java:logGet(46)) - raft.server.log.appender.buffer.element-limit = 1 (custom)
2022-10-11 12:49:11,897 [4444cbf4-fd79-4bf9-9a85-9dbe318480e0@group-BBDFD469DB51-LeaderElection15] INFO  impl.LeaderElection (LeaderElection.java:logAndReturn(94)) -   Response 0: 4444cbf4-fd79-4bf9-9a85-9dbe318480e0<-0605c384-8e0d-4fdb-ab87-e69b89fa9455#0:FAIL-t5
2022-10-11 12:49:11,898 [4444cbf4-fd79-4bf9-9a85-9dbe318480e0@group-BBDFD469DB51-LeaderElection15] INFO  impl.LeaderElection (LeaderElection.java:logAndReturn(94)) -   Response 1: 4444cbf4-fd79-4bf9-9a85-9dbe318480e0<-47102196-0f4d-4140-8200-18f0777f7bc2#0:FAIL-t5
2022-10-11 12:49:11,898 [4444cbf4-fd79-4bf9-9a85-9dbe318480e0@group-BBDFD469DB51-LeaderElection15] INFO  impl.LeaderElection (LeaderElection.java:askForVotes(312)) - 4444cbf4-fd79-4bf9-9a85-9dbe318480e0@group-BBDFD469DB51-LeaderElection15 ELECTION round 0: result REJECTED
2022-10-11 12:49:11,898 [4444cbf4-fd79-4bf9-9a85-9dbe318480e0@group-BBDFD469DB51-LeaderElection15] INFO  server.RaftServer$Division (RaftServerImpl.java:setRole(299)) - 4444cbf4-fd79-4bf9-9a85-9dbe318480e0@group-BBDFD469DB51: changes role from CANDIDATE to FOLLOWER at term 5 for REJECTED
2022-10-11 12:49:11,898 [4444cbf4-fd79-4bf9-9a85-9dbe318480e0@group-BBDFD469DB51-LeaderElection15] INFO  impl.RoleInfo (RoleInfo.java:shutdownLeaderElection(130)) - 4444cbf4-fd79-4bf9-9a85-9dbe318480e0: shutdown 4444cbf4-fd79-4bf9-9a85-9dbe318480e0@group-BBDFD469DB51-LeaderElection15
2022-10-11 12:49:11,898 [4444cbf4-fd79-4bf9-9a85-9dbe318480e0@group-BBDFD469DB51-LeaderElection15] INFO  impl.RoleInfo (RoleInfo.java:updateAndGet(139)) - 4444cbf4-fd79-4bf9-9a85-9dbe318480e0: start 4444cbf4-fd79-4bf9-9a85-9dbe318480e0@group-BBDFD469DB51-FollowerState
2022-10-11 12:49:11,904 [0605c384-8e0d-4fdb-ab87-e69b89fa9455@group-BBDFD469DB51-LeaderElection14] INFO  grpc.GrpcConfigKeys (ConfUtils.java:logGet(46)) - raft.grpc.server.leader.outstanding.appends.max = 128 (default)
2022-10-11 12:49:11,904 [0605c384-8e0d-4fdb-ab87-e69b89fa9455@group-BBDFD469DB51-LeaderElection14] INFO  server.RaftServerConfigKeys (ConfUtils.java:logGet(46)) - raft.server.rpc.request.timeout = 60s (custom)
2022-10-11 12:49:11,904 [EventQueue-OpenPipelineForHealthyPipelineSafeModeRule] INFO  safemode.SCMSafeModeManager (HealthyPipelineSafeModeRule.java:process(137)) - SCM in safe mode. Healthy pipelines reported count is 1, required healthy pipeline reported count is 1
2022-10-11 12:49:11,904 [EventQueue-OpenPipelineForHealthyPipelineSafeModeRule] INFO  safemode.SCMSafeModeManager (SCMSafeModeManager.java:validateSafeModeExitRules(204)) - HealthyPipelineSafeModeRule rule is successfully validated
2022-10-11 12:49:11,904 [EventQueue-OpenPipelineForHealthyPipelineSafeModeRule] INFO  safemode.SCMSafeModeManager (SCMSafeModeManager.java:validateSafeModeExitRules(219)) - ScmSafeModeManager, all rules are successfully validated
2022-10-11 12:49:11,905 [EventQueue-OpenPipelineForHealthyPipelineSafeModeRule] INFO  safemode.SCMSafeModeManager (SCMSafeModeManager.java:exitSafeMode(248)) - SCM exiting safe mode.
2022-10-11 12:49:11,905 [EventQueue-OpenPipelineForHealthyPipelineSafeModeRule] WARN  events.EventQueue (EventQueue.java:fireEvent(216)) - No event handler registered for event TypedEvent{payloadType=SafeModeStatus, name='Safe mode status'}
2022-10-11 12:49:11,905 [EventQueue-OpenPipelineForHealthyPipelineSafeModeRule] INFO  ha.SCMContext (SCMContext.java:updateSafeModeStatus(228)) - Update SafeModeStatus from SafeModeStatus{safeModeStatus=true, preCheckPassed=true} to SafeModeStatus{safeModeStatus=false, preCheckPassed=true}.
2022-10-11 12:49:11,905 [EventQueue-OpenPipelineForHealthyPipelineSafeModeRule] INFO  pipeline.BackgroundPipelineCreator (BackgroundPipelineCreator.java:notifyStatusChanged(254)) - Service BackgroundPipelineCreator transitions to RUNNING.
2022-10-11 12:49:11,905 [EventQueue-OpenPipelineForHealthyPipelineSafeModeRule] INFO  BackgroundPipelineScrubber (BackgroundSCMService.java:notifyStatusChanged(82)) - Service BackgroundPipelineScrubber transitions to RUNNING.
2022-10-11 12:49:11,905 [EventQueue-OpenPipelineForHealthyPipelineSafeModeRule] INFO  ExpiredContainerReplicaOpScrubber (BackgroundSCMService.java:notifyStatusChanged(82)) - Service ExpiredContainerReplicaOpScrubber transitions to RUNNING.
2022-10-11 12:49:11,905 [EventQueue-OpenPipelineForHealthyPipelineSafeModeRule] INFO  replication.ReplicationManager (ReplicationManager.java:notifyStatusChanged(728)) - Service ReplicationManager transitions to RUNNING.
2022-10-11 12:49:11,905 [EventQueue-OpenPipelineForHealthyPipelineSafeModeRule] WARN  balancer.ContainerBalancer (ContainerBalancer.java:shouldRun(936)) - Could not find persisted configuration for ContainerBalancer when checking if ContainerBalancer should run. ContainerBalancer should not run now.
2022-10-11 12:49:11,904 [0605c384-8e0d-4fdb-ab87-e69b89fa9455@group-BBDFD469DB51-LeaderElection14] INFO  server.RaftServerConfigKeys (ConfUtils.java:logGet(46)) - raft.server.log.appender.install.snapshot.enabled = false (custom)
2022-10-11 12:49:11,908 [0605c384-8e0d-4fdb-ab87-e69b89fa9455@group-BBDFD469DB51-LeaderElection14] INFO  server.RaftServerConfigKeys (ConfUtils.java:logGet(46)) - raft.server.log.appender.snapshot.chunk.size.max = 16MB (=16777216) (default)
2022-10-11 12:49:11,908 [0605c384-8e0d-4fdb-ab87-e69b89fa9455@group-BBDFD469DB51-LeaderElection14] INFO  server.RaftServerConfigKeys (ConfUtils.java:logGet(46)) - raft.server.log.appender.buffer.byte-limit = 33554432 (custom)
2022-10-11 12:49:11,908 [0605c384-8e0d-4fdb-ab87-e69b89fa9455@group-BBDFD469DB51-LeaderElection14] INFO  server.RaftServerConfigKeys (ConfUtils.java:logGet(46)) - raft.server.log.appender.buffer.element-limit = 1 (custom)
2022-10-11 12:49:11,908 [0605c384-8e0d-4fdb-ab87-e69b89fa9455@group-BBDFD469DB51-LeaderElection14] INFO  grpc.GrpcConfigKeys (ConfUtils.java:logGet(46)) - raft.grpc.server.leader.outstanding.appends.max = 128 (default)
2022-10-11 12:49:11,908 [0605c384-8e0d-4fdb-ab87-e69b89fa9455@group-BBDFD469DB51-LeaderElection14] INFO  server.RaftServerConfigKeys (ConfUtils.java:logGet(46)) - raft.server.rpc.request.timeout = 60s (custom)
2022-10-11 12:49:11,909 [0605c384-8e0d-4fdb-ab87-e69b89fa9455@group-BBDFD469DB51-LeaderElection14] INFO  server.RaftServerConfigKeys (ConfUtils.java:logGet(46)) - raft.server.log.appender.install.snapshot.enabled = false (custom)
2022-10-11 12:49:11,909 [0605c384-8e0d-4fdb-ab87-e69b89fa9455@group-BBDFD469DB51-LeaderElection14] INFO  impl.RoleInfo (RoleInfo.java:updateAndGet(139)) - 0605c384-8e0d-4fdb-ab87-e69b89fa9455: start 0605c384-8e0d-4fdb-ab87-e69b89fa9455@group-BBDFD469DB51-LeaderStateImpl
2022-10-11 12:49:11,909 [0605c384-8e0d-4fdb-ab87-e69b89fa9455@group-BBDFD469DB51-LeaderElection14] INFO  segmented.SegmentedRaftLogWorker (SegmentedRaftLogWorker.java:startLogSegment(425)) - 0605c384-8e0d-4fdb-ab87-e69b89fa9455@group-BBDFD469DB51-SegmentedRaftLogWorker: Starting segment from index:0
2022-10-11 12:49:11,914 [0605c384-8e0d-4fdb-ab87-e69b89fa9455@group-BBDFD469DB51-SegmentedRaftLogWorker] INFO  segmented.SegmentedRaftLogWorker (SegmentedRaftLogWorker.java:execute(629)) - 0605c384-8e0d-4fdb-ab87-e69b89fa9455@group-BBDFD469DB51-SegmentedRaftLogWorker: created new log segment /home/runner/work/ozone/ozone/hadoop-ozone/integration-test/target/test-dir/MiniOzoneClusterImpl-5cb71319-a8c8-4762-aa0c-8f2be259135d/datanode-2/data/ratis/98c00462-3050-4d4b-b576-bbdfd469db51/current/log_inprogress_0
2022-10-11 12:49:11,916 [0605c384-8e0d-4fdb-ab87-e69b89fa9455@group-BBDFD469DB51-LeaderElection14] INFO  server.RaftServer$Division (ServerState.java:setRaftConf(393)) - 0605c384-8e0d-4fdb-ab87-e69b89fa9455@group-BBDFD469DB51: set configuration 0: [4444cbf4-fd79-4bf9-9a85-9dbe318480e0|rpc:10.1.1.98:44895|dataStream:|priority:0, 0605c384-8e0d-4fdb-ab87-e69b89fa9455|rpc:10.1.1.98:35731|dataStream:|priority:1, 47102196-0f4d-4140-8200-18f0777f7bc2|rpc:10.1.1.98:34445|dataStream:|priority:0], old=null
2022-10-11 12:49:11,934 [47102196-0f4d-4140-8200-18f0777f7bc2-server-thread1] INFO  ratis.XceiverServerRatis (XceiverServerRatis.java:handleLeaderChangedNotification(863)) - Leader change notification received for group: group-BBDFD469DB51 with new leaderId: 0605c384-8e0d-4fdb-ab87-e69b89fa9455
2022-10-11 12:49:11,934 [47102196-0f4d-4140-8200-18f0777f7bc2-server-thread1] INFO  server.RaftServer$Division (ServerState.java:setLeader(287)) - 47102196-0f4d-4140-8200-18f0777f7bc2@group-BBDFD469DB51: change Leader from null to 0605c384-8e0d-4fdb-ab87-e69b89fa9455 at term 5 for appendEntries, leader elected after 25415ms
2022-10-11 12:49:11,936 [4444cbf4-fd79-4bf9-9a85-9dbe318480e0-server-thread1] INFO  ratis.XceiverServerRatis (XceiverServerRatis.java:handleLeaderChangedNotification(863)) - Leader change notification received for group: group-BBDFD469DB51 with new leaderId: 0605c384-8e0d-4fdb-ab87-e69b89fa9455
2022-10-11 12:49:11,936 [4444cbf4-fd79-4bf9-9a85-9dbe318480e0-server-thread1] INFO  server.RaftServer$Division (ServerState.java:setLeader(287)) - 4444cbf4-fd79-4bf9-9a85-9dbe318480e0@group-BBDFD469DB51: change Leader from null to 0605c384-8e0d-4fdb-ab87-e69b89fa9455 at term 5 for appendEntries, leader elected after 25390ms
2022-10-11 12:49:11,943 [4444cbf4-fd79-4bf9-9a85-9dbe318480e0-server-thread1] INFO  server.RaftServer$Division (ServerState.java:setRaftConf(393)) - 4444cbf4-fd79-4bf9-9a85-9dbe318480e0@group-BBDFD469DB51: set configuration 0: [4444cbf4-fd79-4bf9-9a85-9dbe318480e0|rpc:10.1.1.98:44895|dataStream:|priority:0, 0605c384-8e0d-4fdb-ab87-e69b89fa9455|rpc:10.1.1.98:35731|dataStream:|priority:1, 47102196-0f4d-4140-8200-18f0777f7bc2|rpc:10.1.1.98:34445|dataStream:|priority:0], old=null
2022-10-11 12:49:11,943 [47102196-0f4d-4140-8200-18f0777f7bc2-server-thread1] INFO  server.RaftServer$Division (ServerState.java:setRaftConf(393)) - 47102196-0f4d-4140-8200-18f0777f7bc2@group-BBDFD469DB51: set configuration 0: [4444cbf4-fd79-4bf9-9a85-9dbe318480e0|rpc:10.1.1.98:44895|dataStream:|priority:0, 0605c384-8e0d-4fdb-ab87-e69b89fa9455|rpc:10.1.1.98:35731|dataStream:|priority:1, 47102196-0f4d-4140-8200-18f0777f7bc2|rpc:10.1.1.98:34445|dataStream:|priority:0], old=null
2022-10-11 12:49:11,948 [4444cbf4-fd79-4bf9-9a85-9dbe318480e0-server-thread1] INFO  segmented.SegmentedRaftLogWorker (SegmentedRaftLogWorker.java:startLogSegment(425)) - 4444cbf4-fd79-4bf9-9a85-9dbe318480e0@group-BBDFD469DB51-SegmentedRaftLogWorker: Starting segment from index:0
2022-10-11 12:49:11,948 [47102196-0f4d-4140-8200-18f0777f7bc2-server-thread1] INFO  segmented.SegmentedRaftLogWorker (SegmentedRaftLogWorker.java:startLogSegment(425)) - 47102196-0f4d-4140-8200-18f0777f7bc2@group-BBDFD469DB51-SegmentedRaftLogWorker: Starting segment from index:0
2022-10-11 12:49:11,951 [4444cbf4-fd79-4bf9-9a85-9dbe318480e0@group-BBDFD469DB51-SegmentedRaftLogWorker] INFO  segmented.SegmentedRaftLogWorker (SegmentedRaftLogWorker.java:execute(629)) - 4444cbf4-fd79-4bf9-9a85-9dbe318480e0@group-BBDFD469DB51-SegmentedRaftLogWorker: created new log segment /home/runner/work/ozone/ozone/hadoop-ozone/integration-test/target/test-dir/MiniOzoneClusterImpl-5cb71319-a8c8-4762-aa0c-8f2be259135d/datanode-1/data/ratis/98c00462-3050-4d4b-b576-bbdfd469db51/current/log_inprogress_0
2022-10-11 12:49:11,952 [47102196-0f4d-4140-8200-18f0777f7bc2@group-BBDFD469DB51-SegmentedRaftLogWorker] INFO  segmented.SegmentedRaftLogWorker (SegmentedRaftLogWorker.java:execute(629)) - 47102196-0f4d-4140-8200-18f0777f7bc2@group-BBDFD469DB51-SegmentedRaftLogWorker: created new log segment /home/runner/work/ozone/ozone/hadoop-ozone/integration-test/target/test-dir/MiniOzoneClusterImpl-5cb71319-a8c8-4762-aa0c-8f2be259135d/datanode-0/data/ratis/98c00462-3050-4d4b-b576-bbdfd469db51/current/log_inprogress_0
2022-10-11 12:49:11,992 [SCMBlockDeletingService#0] DEBUG block.SCMBlockDeletingService (SCMBlockDeletingService.java:call(131)) - Running DeletedBlockTransactionScanner
2022-10-11 12:49:12,092 [SCMBlockDeletingService#0] DEBUG block.SCMBlockDeletingService (SCMBlockDeletingService.java:call(131)) - Running DeletedBlockTransactionScanner
2022-10-11 12:49:12,192 [SCMBlockDeletingService#0] DEBUG block.SCMBlockDeletingService (SCMBlockDeletingService.java:call(131)) - Running DeletedBlockTransactionScanner
2022-10-11 12:49:12,258 [Listener at 127.0.0.1/37873] INFO  ozone.MiniOzoneClusterImpl (MiniOzoneClusterImpl.java:lambda$waitForClusterToBeReady$0(216)) - Nodes are ready. Got 3 of 3 DN Heartbeats.
2022-10-11 12:49:12,258 [Listener at 127.0.0.1/37873] INFO  ozone.MiniOzoneClusterImpl (MiniOzoneClusterImpl.java:lambda$waitForClusterToBeReady$0(219)) - Cluster exits safe mode
2022-10-11 12:49:12,258 [Listener at 127.0.0.1/37873] INFO  ozone.MiniOzoneClusterImpl (MiniOzoneClusterImpl.java:lambda$waitForClusterToBeReady$0(221)) - SCM became leader
2022-10-11 12:49:12,292 [SCMBlockDeletingService#0] DEBUG block.SCMBlockDeletingService (SCMBlockDeletingService.java:call(131)) - Running DeletedBlockTransactionScanner
2022-10-11 12:49:12,393 [SCMBlockDeletingService#0] DEBUG block.SCMBlockDeletingService (SCMBlockDeletingService.java:call(131)) - Running DeletedBlockTransactionScanner
2022-10-11 12:49:12,458 [Listener at 127.0.0.1/37873] INFO  rpc.RpcClient (RpcClient.java:createVolume(471)) - Creating Volume: 58967084-3fbf-4db1-ac74-d00b631e8970, with runner as owner and space quota set to -1 bytes, counts quota set to -1
2022-10-11 12:49:12,466 [OM StateMachine ApplyTransaction Thread - 0] INFO  volume.OMVolumeCreateRequest (OMVolumeCreateRequest.java:validateAndUpdateCache(195)) - created volume:58967084-3fbf-4db1-ac74-d00b631e8970 for user:runner
2022-10-11 12:49:12,473 [Listener at 127.0.0.1/37873] INFO  rpc.RpcClient (RpcClient.java:createBucket(674)) - Creating Bucket: 58967084-3fbf-4db1-ac74-d00b631e8970/55d63ad1-32a0-4f84-8c42-417770f5a711, with server-side default bucket layout, runner as owner, Versioning false, Storage Type set to DISK and Encryption set to false 
2022-10-11 12:49:12,481 [OM StateMachine ApplyTransaction Thread - 0] INFO  bucket.OMBucketCreateRequest (OMBucketCreateRequest.java:validateAndUpdateCache(260)) - created bucket: 55d63ad1-32a0-4f84-8c42-417770f5a711 of layout LEGACY in volume: 58967084-3fbf-4db1-ac74-d00b631e8970
2022-10-11 12:49:12,493 [SCMBlockDeletingService#0] DEBUG block.SCMBlockDeletingService (SCMBlockDeletingService.java:call(131)) - Running DeletedBlockTransactionScanner
2022-10-11 12:49:12,507 [IPC Server handler 1 on default port 33273] INFO  ha.SequenceIdGenerator (SequenceIdGenerator.java:getNextId(128)) - Allocate a batch for containerId, change lastId from 0 to 1000.
2022-10-11 12:49:12,508 [IPC Server handler 1 on default port 33273] WARN  ha.SequenceIdGenerator (SequenceIdGenerator.java:allocateBatch(237)) - Failed to allocate a batch for localId, expected lastId is 0, actual lastId is 109611004723200000.
2022-10-11 12:49:12,508 [IPC Server handler 1 on default port 33273] INFO  ha.SequenceIdGenerator (SequenceIdGenerator.java:getNextId(128)) - Allocate a batch for localId, change lastId from 109611004723200000 to 109611004723201000.
2022-10-11 12:49:12,593 [SCMBlockDeletingService#0] DEBUG block.SCMBlockDeletingService (SCMBlockDeletingService.java:call(131)) - Running DeletedBlockTransactionScanner
2022-10-11 12:49:12,693 [SCMBlockDeletingService#0] DEBUG block.SCMBlockDeletingService (SCMBlockDeletingService.java:call(131)) - Running DeletedBlockTransactionScanner
2022-10-11 12:49:12,795 [SCMBlockDeletingService#0] DEBUG block.SCMBlockDeletingService (SCMBlockDeletingService.java:call(131)) - Running DeletedBlockTransactionScanner
2022-10-11 12:49:12,895 [SCMBlockDeletingService#0] DEBUG block.SCMBlockDeletingService (SCMBlockDeletingService.java:call(131)) - Running DeletedBlockTransactionScanner
2022-10-11 12:49:12,996 [SCMBlockDeletingService#0] DEBUG block.SCMBlockDeletingService (SCMBlockDeletingService.java:call(131)) - Running DeletedBlockTransactionScanner
2022-10-11 12:49:13,096 [SCMBlockDeletingService#0] DEBUG block.SCMBlockDeletingService (SCMBlockDeletingService.java:call(131)) - Running DeletedBlockTransactionScanner
2022-10-11 12:49:13,196 [SCMBlockDeletingService#0] DEBUG block.SCMBlockDeletingService (SCMBlockDeletingService.java:call(131)) - Running DeletedBlockTransactionScanner
2022-10-11 12:49:13,296 [SCMBlockDeletingService#0] DEBUG block.SCMBlockDeletingService (SCMBlockDeletingService.java:call(131)) - Running DeletedBlockTransactionScanner
2022-10-11 12:49:13,396 [SCMBlockDeletingService#0] DEBUG block.SCMBlockDeletingService (SCMBlockDeletingService.java:call(131)) - Running DeletedBlockTransactionScanner
2022-10-11 12:49:13,496 [SCMBlockDeletingService#0] DEBUG block.SCMBlockDeletingService (SCMBlockDeletingService.java:call(131)) - Running DeletedBlockTransactionScanner
2022-10-11 12:49:13,596 [SCMBlockDeletingService#0] DEBUG block.SCMBlockDeletingService (SCMBlockDeletingService.java:call(131)) - Running DeletedBlockTransactionScanner
2022-10-11 12:49:13,696 [SCMBlockDeletingService#0] DEBUG block.SCMBlockDeletingService (SCMBlockDeletingService.java:call(131)) - Running DeletedBlockTransactionScanner
2022-10-11 12:49:13,796 [SCMBlockDeletingService#0] DEBUG block.SCMBlockDeletingService (SCMBlockDeletingService.java:call(131)) - Running DeletedBlockTransactionScanner
2022-10-11 12:49:13,897 [SCMBlockDeletingService#0] DEBUG block.SCMBlockDeletingService (SCMBlockDeletingService.java:call(131)) - Running DeletedBlockTransactionScanner
2022-10-11 12:49:13,997 [SCMBlockDeletingService#0] DEBUG block.SCMBlockDeletingService (SCMBlockDeletingService.java:call(131)) - Running DeletedBlockTransactionScanner
2022-10-11 12:49:14,097 [SCMBlockDeletingService#0] DEBUG block.SCMBlockDeletingService (SCMBlockDeletingService.java:call(131)) - Running DeletedBlockTransactionScanner
2022-10-11 12:49:14,197 [SCMBlockDeletingService#0] DEBUG block.SCMBlockDeletingService (SCMBlockDeletingService.java:call(131)) - Running DeletedBlockTransactionScanner
2022-10-11 12:49:14,297 [SCMBlockDeletingService#0] DEBUG block.SCMBlockDeletingService (SCMBlockDeletingService.java:call(131)) - Running DeletedBlockTransactionScanner
2022-10-11 12:49:14,397 [SCMBlockDeletingService#0] DEBUG block.SCMBlockDeletingService (SCMBlockDeletingService.java:call(131)) - Running DeletedBlockTransactionScanner
2022-10-11 12:49:14,497 [SCMBlockDeletingService#0] DEBUG block.SCMBlockDeletingService (SCMBlockDeletingService.java:call(131)) - Running DeletedBlockTransactionScanner
2022-10-11 12:49:14,597 [SCMBlockDeletingService#0] DEBUG block.SCMBlockDeletingService (SCMBlockDeletingService.java:call(131)) - Running DeletedBlockTransactionScanner
2022-10-11 12:49:14,698 [SCMBlockDeletingService#0] DEBUG block.SCMBlockDeletingService (SCMBlockDeletingService.java:call(131)) - Running DeletedBlockTransactionScanner
2022-10-11 12:49:14,798 [SCMBlockDeletingService#0] DEBUG block.SCMBlockDeletingService (SCMBlockDeletingService.java:call(131)) - Running DeletedBlockTransactionScanner
2022-10-11 12:49:14,898 [SCMBlockDeletingService#0] DEBUG block.SCMBlockDeletingService (SCMBlockDeletingService.java:call(131)) - Running DeletedBlockTransactionScanner
2022-10-11 12:49:14,998 [SCMBlockDeletingService#0] DEBUG block.SCMBlockDeletingService (SCMBlockDeletingService.java:call(131)) - Running DeletedBlockTransactionScanner
2022-10-11 12:49:15,098 [SCMBlockDeletingService#0] DEBUG block.SCMBlockDeletingService (SCMBlockDeletingService.java:call(131)) - Running DeletedBlockTransactionScanner
2022-10-11 12:49:15,198 [SCMBlockDeletingService#0] DEBUG block.SCMBlockDeletingService (SCMBlockDeletingService.java:call(131)) - Running DeletedBlockTransactionScanner
2022-10-11 12:49:15,298 [SCMBlockDeletingService#0] DEBUG block.SCMBlockDeletingService (SCMBlockDeletingService.java:call(131)) - Running DeletedBlockTransactionScanner
2022-10-11 12:49:15,398 [SCMBlockDeletingService#0] DEBUG block.SCMBlockDeletingService (SCMBlockDeletingService.java:call(131)) - Running DeletedBlockTransactionScanner
2022-10-11 12:49:15,498 [SCMBlockDeletingService#0] DEBUG block.SCMBlockDeletingService (SCMBlockDeletingService.java:call(131)) - Running DeletedBlockTransactionScanner
2022-10-11 12:49:15,599 [SCMBlockDeletingService#0] DEBUG block.SCMBlockDeletingService (SCMBlockDeletingService.java:call(131)) - Running DeletedBlockTransactionScanner
2022-10-11 12:49:15,699 [SCMBlockDeletingService#0] DEBUG block.SCMBlockDeletingService (SCMBlockDeletingService.java:call(131)) - Running DeletedBlockTransactionScanner
2022-10-11 12:49:15,799 [SCMBlockDeletingService#0] DEBUG block.SCMBlockDeletingService (SCMBlockDeletingService.java:call(131)) - Running DeletedBlockTransactionScanner
2022-10-11 12:49:15,899 [SCMBlockDeletingService#0] DEBUG block.SCMBlockDeletingService (SCMBlockDeletingService.java:call(131)) - Running DeletedBlockTransactionScanner
2022-10-11 12:49:15,999 [SCMBlockDeletingService#0] DEBUG block.SCMBlockDeletingService (SCMBlockDeletingService.java:call(131)) - Running DeletedBlockTransactionScanner
2022-10-11 12:49:16,099 [SCMBlockDeletingService#0] DEBUG block.SCMBlockDeletingService (SCMBlockDeletingService.java:call(131)) - Running DeletedBlockTransactionScanner
2022-10-11 12:49:16,199 [SCMBlockDeletingService#0] DEBUG block.SCMBlockDeletingService (SCMBlockDeletingService.java:call(131)) - Running DeletedBlockTransactionScanner
2022-10-11 12:49:16,299 [SCMBlockDeletingService#0] DEBUG block.SCMBlockDeletingService (SCMBlockDeletingService.java:call(131)) - Running DeletedBlockTransactionScanner
2022-10-11 12:49:16,400 [SCMBlockDeletingService#0] DEBUG block.SCMBlockDeletingService (SCMBlockDeletingService.java:call(131)) - Running DeletedBlockTransactionScanner
2022-10-11 12:49:16,500 [SCMBlockDeletingService#0] DEBUG block.SCMBlockDeletingService (SCMBlockDeletingService.java:call(131)) - Running DeletedBlockTransactionScanner
2022-10-11 12:49:16,600 [SCMBlockDeletingService#0] DEBUG block.SCMBlockDeletingService (SCMBlockDeletingService.java:call(131)) - Running DeletedBlockTransactionScanner
2022-10-11 12:49:16,700 [SCMBlockDeletingService#0] DEBUG block.SCMBlockDeletingService (SCMBlockDeletingService.java:call(131)) - Running DeletedBlockTransactionScanner
2022-10-11 12:49:16,800 [SCMBlockDeletingService#0] DEBUG block.SCMBlockDeletingService (SCMBlockDeletingService.java:call(131)) - Running DeletedBlockTransactionScanner
2022-10-11 12:49:16,900 [SCMBlockDeletingService#0] DEBUG block.SCMBlockDeletingService (SCMBlockDeletingService.java:call(131)) - Running DeletedBlockTransactionScanner
2022-10-11 12:49:17,000 [SCMBlockDeletingService#0] DEBUG block.SCMBlockDeletingService (SCMBlockDeletingService.java:call(131)) - Running DeletedBlockTransactionScanner
2022-10-11 12:49:17,100 [SCMBlockDeletingService#0] DEBUG block.SCMBlockDeletingService (SCMBlockDeletingService.java:call(131)) - Running DeletedBlockTransactionScanner
2022-10-11 12:49:17,201 [SCMBlockDeletingService#0] DEBUG block.SCMBlockDeletingService (SCMBlockDeletingService.java:call(131)) - Running DeletedBlockTransactionScanner
2022-10-11 12:49:17,301 [SCMBlockDeletingService#0] DEBUG block.SCMBlockDeletingService (SCMBlockDeletingService.java:call(131)) - Running DeletedBlockTransactionScanner
2022-10-11 12:49:17,401 [SCMBlockDeletingService#0] DEBUG block.SCMBlockDeletingService (SCMBlockDeletingService.java:call(131)) - Running DeletedBlockTransactionScanner
2022-10-11 12:49:17,501 [SCMBlockDeletingService#0] DEBUG block.SCMBlockDeletingService (SCMBlockDeletingService.java:call(131)) - Running DeletedBlockTransactionScanner
2022-10-11 12:49:17,601 [SCMBlockDeletingService#0] DEBUG block.SCMBlockDeletingService (SCMBlockDeletingService.java:call(131)) - Running DeletedBlockTransactionScanner
2022-10-11 12:49:17,701 [SCMBlockDeletingService#0] DEBUG block.SCMBlockDeletingService (SCMBlockDeletingService.java:call(131)) - Running DeletedBlockTransactionScanner
2022-10-11 12:49:17,801 [SCMBlockDeletingService#0] DEBUG block.SCMBlockDeletingService (SCMBlockDeletingService.java:call(131)) - Running DeletedBlockTransactionScanner
2022-10-11 12:49:17,902 [SCMBlockDeletingService#0] DEBUG block.SCMBlockDeletingService (SCMBlockDeletingService.java:call(131)) - Running DeletedBlockTransactionScanner
2022-10-11 12:49:18,002 [SCMBlockDeletingService#0] DEBUG block.SCMBlockDeletingService (SCMBlockDeletingService.java:call(131)) - Running DeletedBlockTransactionScanner
2022-10-11 12:49:18,082 [EventQueue-CloseContainerForCloseContainerEventHandler] INFO  container.CloseContainerEventHandler (CloseContainerEventHandler.java:onMessage(71)) - Close container Event triggered for container : #1
2022-10-11 12:49:18,102 [SCMBlockDeletingService#0] DEBUG block.SCMBlockDeletingService (SCMBlockDeletingService.java:call(131)) - Running DeletedBlockTransactionScanner
2022-10-11 12:49:18,202 [SCMBlockDeletingService#0] DEBUG block.SCMBlockDeletingService (SCMBlockDeletingService.java:call(131)) - Running DeletedBlockTransactionScanner
2022-10-11 12:49:18,302 [SCMBlockDeletingService#0] DEBUG block.SCMBlockDeletingService (SCMBlockDeletingService.java:call(131)) - Running DeletedBlockTransactionScanner
2022-10-11 12:49:18,402 [SCMBlockDeletingService#0] DEBUG block.SCMBlockDeletingService (SCMBlockDeletingService.java:call(131)) - Running DeletedBlockTransactionScanner
2022-10-11 12:49:18,502 [SCMBlockDeletingService#0] DEBUG block.SCMBlockDeletingService (SCMBlockDeletingService.java:call(131)) - Running DeletedBlockTransactionScanner
2022-10-11 12:49:18,603 [SCMBlockDeletingService#0] DEBUG block.SCMBlockDeletingService (SCMBlockDeletingService.java:call(131)) - Running DeletedBlockTransactionScanner
2022-10-11 12:49:18,703 [SCMBlockDeletingService#0] DEBUG block.SCMBlockDeletingService (SCMBlockDeletingService.java:call(131)) - Running DeletedBlockTransactionScanner
2022-10-11 12:49:18,803 [SCMBlockDeletingService#0] DEBUG block.SCMBlockDeletingService (SCMBlockDeletingService.java:call(131)) - Running DeletedBlockTransactionScanner
2022-10-11 12:49:18,903 [SCMBlockDeletingService#0] DEBUG block.SCMBlockDeletingService (SCMBlockDeletingService.java:call(131)) - Running DeletedBlockTransactionScanner
2022-10-11 12:49:19,003 [SCMBlockDeletingService#0] DEBUG block.SCMBlockDeletingService (SCMBlockDeletingService.java:call(131)) - Running DeletedBlockTransactionScanner
2022-10-11 12:49:19,103 [SCMBlockDeletingService#0] DEBUG block.SCMBlockDeletingService (SCMBlockDeletingService.java:call(131)) - Running DeletedBlockTransactionScanner
2022-10-11 12:49:19,164 [ContainerOp-98c00462-3050-4d4b-b576-bbdfd469db51-6] INFO  keyvalue.KeyValueContainer (KeyValueContainer.java:flushAndSyncDB(436)) - Container 1 is synced with bcsId 8.
2022-10-11 12:49:19,164 [ContainerOp-98c00462-3050-4d4b-b576-bbdfd469db51-6] INFO  keyvalue.KeyValueContainer (KeyValueContainer.java:flushAndSyncDB(436)) - Container 1 is synced with bcsId 8.
2022-10-11 12:49:19,166 [ContainerOp-98c00462-3050-4d4b-b576-bbdfd469db51-6] INFO  keyvalue.KeyValueContainer (KeyValueContainer.java:flushAndSyncDB(436)) - Container 1 is synced with bcsId 8.
2022-10-11 12:49:19,166 [ContainerOp-98c00462-3050-4d4b-b576-bbdfd469db51-6] INFO  keyvalue.KeyValueContainer (KeyValueContainer.java:flushAndSyncDB(436)) - Container 1 is synced with bcsId 8.
2022-10-11 12:49:19,168 [ContainerOp-98c00462-3050-4d4b-b576-bbdfd469db51-6] INFO  keyvalue.KeyValueContainer (KeyValueContainer.java:close(351)) - Container 1 is closed with bcsId 8.
2022-10-11 12:49:19,169 [ContainerOp-98c00462-3050-4d4b-b576-bbdfd469db51-6] INFO  keyvalue.KeyValueContainer (KeyValueContainer.java:flushAndSyncDB(436)) - Container 1 is synced with bcsId 8.
2022-10-11 12:49:19,169 [ContainerOp-98c00462-3050-4d4b-b576-bbdfd469db51-6] INFO  keyvalue.KeyValueContainer (KeyValueContainer.java:flushAndSyncDB(436)) - Container 1 is synced with bcsId 8.
2022-10-11 12:49:19,169 [FixedThreadPoolWithAffinityExecutor-1-0] INFO  container.IncrementalContainerReportHandler (AbstractContainerReportHandler.java:updateContainerState(292)) - Moving container #1 to CLOSED state, datanode 0605c384-8e0d-4fdb-ab87-e69b89fa9455{ip: 10.1.1.98, host: fv-az570-546.srgqcr2moziuvm0qev4lajleyh.dx.internal.cloudapp.net, ports: [REPLICATION=34551, RATIS=35731, RATIS_ADMIN=35731, RATIS_SERVER=35731, STANDALONE=37983], networkLocation: /default-rack, certSerialId: null, persistedOpState: IN_SERVICE, persistedOpStateExpiryEpochSec: 0} reported CLOSED replica.
2022-10-11 12:49:19,170 [ContainerOp-98c00462-3050-4d4b-b576-bbdfd469db51-6] INFO  keyvalue.KeyValueContainer (KeyValueContainer.java:close(351)) - Container 1 is closed with bcsId 8.
2022-10-11 12:49:19,175 [ContainerOp-98c00462-3050-4d4b-b576-bbdfd469db51-6] INFO  keyvalue.KeyValueContainer (KeyValueContainer.java:close(351)) - Container 1 is closed with bcsId 8.
2022-10-11 12:49:19,203 [SCMBlockDeletingService#0] DEBUG block.SCMBlockDeletingService (SCMBlockDeletingService.java:call(131)) - Running DeletedBlockTransactionScanner
2022-10-11 12:49:19,303 [SCMBlockDeletingService#0] DEBUG block.SCMBlockDeletingService (SCMBlockDeletingService.java:call(131)) - Running DeletedBlockTransactionScanner
2022-10-11 12:49:19,404 [SCMBlockDeletingService#0] DEBUG block.SCMBlockDeletingService (SCMBlockDeletingService.java:call(131)) - Running DeletedBlockTransactionScanner
2022-10-11 12:49:19,504 [SCMBlockDeletingService#0] DEBUG block.SCMBlockDeletingService (SCMBlockDeletingService.java:call(131)) - Running DeletedBlockTransactionScanner
2022-10-11 12:49:19,604 [SCMBlockDeletingService#0] DEBUG block.SCMBlockDeletingService (SCMBlockDeletingService.java:call(131)) - Running DeletedBlockTransactionScanner
2022-10-11 12:49:19,704 [SCMBlockDeletingService#0] DEBUG block.SCMBlockDeletingService (SCMBlockDeletingService.java:call(131)) - Running DeletedBlockTransactionScanner
2022-10-11 12:49:19,804 [SCMBlockDeletingService#0] DEBUG block.SCMBlockDeletingService (SCMBlockDeletingService.java:call(131)) - Running DeletedBlockTransactionScanner
2022-10-11 12:49:19,904 [SCMBlockDeletingService#0] DEBUG block.SCMBlockDeletingService (SCMBlockDeletingService.java:call(131)) - Running DeletedBlockTransactionScanner
2022-10-11 12:49:20,004 [SCMBlockDeletingService#0] DEBUG block.SCMBlockDeletingService (SCMBlockDeletingService.java:call(131)) - Running DeletedBlockTransactionScanner
2022-10-11 12:49:20,104 [SCMBlockDeletingService#0] DEBUG block.SCMBlockDeletingService (SCMBlockDeletingService.java:call(131)) - Running DeletedBlockTransactionScanner
2022-10-11 12:49:20,128 [IPC Server handler 2 on default port 33273] INFO  ha.SequenceIdGenerator (SequenceIdGenerator.java:getNextId(128)) - Allocate a batch for delTxnId, change lastId from 0 to 1000.
2022-10-11 12:49:20,205 [SCMBlockDeletingService#0] DEBUG block.SCMBlockDeletingService (SCMBlockDeletingService.java:call(131)) - Running DeletedBlockTransactionScanner
2022-10-11 12:49:20,205 [SCMBlockDeletingService#0] DEBUG block.SCMBlockDeletingService (DatanodeDeletedBlockTransactions.java:addTransactionToDN(50)) - Transaction added: 4444cbf4-fd79-4bf9-9a85-9dbe318480e0 <- TX(1)
2022-10-11 12:49:20,205 [SCMBlockDeletingService#0] DEBUG block.SCMBlockDeletingService (DatanodeDeletedBlockTransactions.java:addTransactionToDN(50)) - Transaction added: 0605c384-8e0d-4fdb-ab87-e69b89fa9455 <- TX(1)
2022-10-11 12:49:20,205 [SCMBlockDeletingService#0] DEBUG block.SCMBlockDeletingService (DatanodeDeletedBlockTransactions.java:addTransactionToDN(50)) - Transaction added: 47102196-0f4d-4140-8200-18f0777f7bc2 <- TX(1)
2022-10-11 12:49:20,205 [SCMBlockDeletingService#0] DEBUG block.SCMBlockDeletingService (SCMBlockDeletingService.java:call(162)) - Added delete block command for datanode 0605c384-8e0d-4fdb-ab87-e69b89fa9455 in the queue, number of delete block transactions: 1
2022-10-11 12:49:20,205 [SCMBlockDeletingService#0] DEBUG block.SCMBlockDeletingService (SCMBlockDeletingService.java:call(162)) - Added delete block command for datanode 47102196-0f4d-4140-8200-18f0777f7bc2 in the queue, number of delete block transactions: 1
2022-10-11 12:49:20,205 [SCMBlockDeletingService#0] DEBUG block.SCMBlockDeletingService (SCMBlockDeletingService.java:call(162)) - Added delete block command for datanode 4444cbf4-fd79-4bf9-9a85-9dbe318480e0 in the queue, number of delete block transactions: 1
2022-10-11 12:49:20,205 [SCMBlockDeletingService#0] INFO  block.SCMBlockDeletingService (SCMBlockDeletingService.java:call(172)) - Totally added 3 blocks to be deleted for 3 datanodes, task elapsed time: 1ms
2022-10-11 12:49:20,305 [SCMBlockDeletingService#0] DEBUG block.SCMBlockDeletingService (SCMBlockDeletingService.java:call(131)) - Running DeletedBlockTransactionScanner
2022-10-11 12:49:20,305 [SCMBlockDeletingService#0] DEBUG block.SCMBlockDeletingService (DatanodeDeletedBlockTransactions.java:addTransactionToDN(50)) - Transaction added: 4444cbf4-fd79-4bf9-9a85-9dbe318480e0 <- TX(1)
2022-10-11 12:49:20,305 [SCMBlockDeletingService#0] DEBUG block.SCMBlockDeletingService (DatanodeDeletedBlockTransactions.java:addTransactionToDN(50)) - Transaction added: 0605c384-8e0d-4fdb-ab87-e69b89fa9455 <- TX(1)
2022-10-11 12:49:20,305 [SCMBlockDeletingService#0] DEBUG block.SCMBlockDeletingService (DatanodeDeletedBlockTransactions.java:addTransactionToDN(50)) - Transaction added: 47102196-0f4d-4140-8200-18f0777f7bc2 <- TX(1)
2022-10-11 12:49:20,306 [SCMBlockDeletingService#0] DEBUG block.SCMBlockDeletingService (SCMBlockDeletingService.java:call(162)) - Added delete block command for datanode 0605c384-8e0d-4fdb-ab87-e69b89fa9455 in the queue, number of delete block transactions: 1
2022-10-11 12:49:20,306 [SCMBlockDeletingService#0] DEBUG block.SCMBlockDeletingService (SCMBlockDeletingService.java:call(162)) - Added delete block command for datanode 47102196-0f4d-4140-8200-18f0777f7bc2 in the queue, number of delete block transactions: 1
2022-10-11 12:49:20,306 [SCMBlockDeletingService#0] DEBUG block.SCMBlockDeletingService (SCMBlockDeletingService.java:call(162)) - Added delete block command for datanode 4444cbf4-fd79-4bf9-9a85-9dbe318480e0 in the queue, number of delete block transactions: 1
2022-10-11 12:49:20,306 [SCMBlockDeletingService#0] INFO  block.SCMBlockDeletingService (SCMBlockDeletingService.java:call(172)) - Totally added 3 blocks to be deleted for 3 datanodes, task elapsed time: 1ms
2022-10-11 12:49:20,405 [SCMBlockDeletingService#0] DEBUG block.SCMBlockDeletingService (SCMBlockDeletingService.java:call(131)) - Running DeletedBlockTransactionScanner
2022-10-11 12:49:20,405 [SCMBlockDeletingService#0] DEBUG block.SCMBlockDeletingService (DatanodeDeletedBlockTransactions.java:addTransactionToDN(50)) - Transaction added: 4444cbf4-fd79-4bf9-9a85-9dbe318480e0 <- TX(1)
2022-10-11 12:49:20,405 [SCMBlockDeletingService#0] DEBUG block.SCMBlockDeletingService (DatanodeDeletedBlockTransactions.java:addTransactionToDN(50)) - Transaction added: 0605c384-8e0d-4fdb-ab87-e69b89fa9455 <- TX(1)
2022-10-11 12:49:20,405 [SCMBlockDeletingService#0] DEBUG block.SCMBlockDeletingService (DatanodeDeletedBlockTransactions.java:addTransactionToDN(50)) - Transaction added: 47102196-0f4d-4140-8200-18f0777f7bc2 <- TX(1)
2022-10-11 12:49:20,405 [SCMBlockDeletingService#0] DEBUG block.SCMBlockDeletingService (SCMBlockDeletingService.java:call(162)) - Added delete block command for datanode 0605c384-8e0d-4fdb-ab87-e69b89fa9455 in the queue, number of delete block transactions: 1
2022-10-11 12:49:20,406 [SCMBlockDeletingService#0] DEBUG block.SCMBlockDeletingService (SCMBlockDeletingService.java:call(162)) - Added delete block command for datanode 47102196-0f4d-4140-8200-18f0777f7bc2 in the queue, number of delete block transactions: 1
2022-10-11 12:49:20,406 [SCMBlockDeletingService#0] DEBUG block.SCMBlockDeletingService (SCMBlockDeletingService.java:call(162)) - Added delete block command for datanode 4444cbf4-fd79-4bf9-9a85-9dbe318480e0 in the queue, number of delete block transactions: 1
2022-10-11 12:49:20,406 [SCMBlockDeletingService#0] INFO  block.SCMBlockDeletingService (SCMBlockDeletingService.java:call(172)) - Totally added 3 blocks to be deleted for 3 datanodes, task elapsed time: 1ms
2022-10-11 12:49:20,505 [SCMBlockDeletingService#0] DEBUG block.SCMBlockDeletingService (SCMBlockDeletingService.java:call(131)) - Running DeletedBlockTransactionScanner
2022-10-11 12:49:20,505 [SCMBlockDeletingService#0] DEBUG block.SCMBlockDeletingService (DatanodeDeletedBlockTransactions.java:addTransactionToDN(50)) - Transaction added: 4444cbf4-fd79-4bf9-9a85-9dbe318480e0 <- TX(1)
2022-10-11 12:49:20,506 [SCMBlockDeletingService#0] DEBUG block.SCMBlockDeletingService (DatanodeDeletedBlockTransactions.java:addTransactionToDN(50)) - Transaction added: 0605c384-8e0d-4fdb-ab87-e69b89fa9455 <- TX(1)
2022-10-11 12:49:20,506 [SCMBlockDeletingService#0] DEBUG block.SCMBlockDeletingService (DatanodeDeletedBlockTransactions.java:addTransactionToDN(50)) - Transaction added: 47102196-0f4d-4140-8200-18f0777f7bc2 <- TX(1)
2022-10-11 12:49:20,506 [SCMBlockDeletingService#0] DEBUG block.SCMBlockDeletingService (SCMBlockDeletingService.java:call(162)) - Added delete block command for datanode 0605c384-8e0d-4fdb-ab87-e69b89fa9455 in the queue, number of delete block transactions: 1
2022-10-11 12:49:20,506 [SCMBlockDeletingService#0] DEBUG block.SCMBlockDeletingService (SCMBlockDeletingService.java:call(162)) - Added delete block command for datanode 47102196-0f4d-4140-8200-18f0777f7bc2 in the queue, number of delete block transactions: 1
2022-10-11 12:49:20,506 [SCMBlockDeletingService#0] DEBUG block.SCMBlockDeletingService (SCMBlockDeletingService.java:call(162)) - Added delete block command for datanode 4444cbf4-fd79-4bf9-9a85-9dbe318480e0 in the queue, number of delete block transactions: 1
2022-10-11 12:49:20,506 [SCMBlockDeletingService#0] INFO  block.SCMBlockDeletingService (SCMBlockDeletingService.java:call(172)) - Totally added 3 blocks to be deleted for 3 datanodes, task elapsed time: 0ms
2022-10-11 12:49:20,605 [SCMBlockDeletingService#0] DEBUG block.SCMBlockDeletingService (SCMBlockDeletingService.java:call(131)) - Running DeletedBlockTransactionScanner
2022-10-11 12:49:20,605 [SCMBlockDeletingService#0] DEBUG block.SCMBlockDeletingService (DatanodeDeletedBlockTransactions.java:addTransactionToDN(50)) - Transaction added: 4444cbf4-fd79-4bf9-9a85-9dbe318480e0 <- TX(1)
2022-10-11 12:49:20,606 [SCMBlockDeletingService#0] DEBUG block.SCMBlockDeletingService (DatanodeDeletedBlockTransactions.java:addTransactionToDN(50)) - Transaction added: 0605c384-8e0d-4fdb-ab87-e69b89fa9455 <- TX(1)
2022-10-11 12:49:20,606 [SCMBlockDeletingService#0] DEBUG block.SCMBlockDeletingService (DatanodeDeletedBlockTransactions.java:addTransactionToDN(50)) - Transaction added: 47102196-0f4d-4140-8200-18f0777f7bc2 <- TX(1)
2022-10-11 12:49:20,606 [SCMBlockDeletingService#0] DEBUG block.SCMBlockDeletingService (SCMBlockDeletingService.java:call(162)) - Added delete block command for datanode 0605c384-8e0d-4fdb-ab87-e69b89fa9455 in the queue, number of delete block transactions: 1
2022-10-11 12:49:20,606 [SCMBlockDeletingService#0] DEBUG block.SCMBlockDeletingService (SCMBlockDeletingService.java:call(162)) - Added delete block command for datanode 47102196-0f4d-4140-8200-18f0777f7bc2 in the queue, number of delete block transactions: 1
2022-10-11 12:49:20,606 [SCMBlockDeletingService#0] DEBUG block.SCMBlockDeletingService (SCMBlockDeletingService.java:call(162)) - Added delete block command for datanode 4444cbf4-fd79-4bf9-9a85-9dbe318480e0 in the queue, number of delete block transactions: 1
2022-10-11 12:49:20,606 [SCMBlockDeletingService#0] INFO  block.SCMBlockDeletingService (SCMBlockDeletingService.java:call(172)) - Totally added 3 blocks to be deleted for 3 datanodes, task elapsed time: 0ms
2022-10-11 12:49:20,705 [SCMBlockDeletingService#0] DEBUG block.SCMBlockDeletingService (SCMBlockDeletingService.java:call(131)) - Running DeletedBlockTransactionScanner
2022-10-11 12:49:20,706 [SCMBlockDeletingService#0] DEBUG block.SCMBlockDeletingService (DatanodeDeletedBlockTransactions.java:addTransactionToDN(50)) - Transaction added: 4444cbf4-fd79-4bf9-9a85-9dbe318480e0 <- TX(1)
2022-10-11 12:49:20,706 [SCMBlockDeletingService#0] DEBUG block.SCMBlockDeletingService (DatanodeDeletedBlockTransactions.java:addTransactionToDN(50)) - Transaction added: 0605c384-8e0d-4fdb-ab87-e69b89fa9455 <- TX(1)
2022-10-11 12:49:20,706 [SCMBlockDeletingService#0] DEBUG block.SCMBlockDeletingService (DatanodeDeletedBlockTransactions.java:addTransactionToDN(50)) - Transaction added: 47102196-0f4d-4140-8200-18f0777f7bc2 <- TX(1)
2022-10-11 12:49:20,706 [SCMBlockDeletingService#0] DEBUG block.SCMBlockDeletingService (SCMBlockDeletingService.java:call(162)) - Added delete block command for datanode 0605c384-8e0d-4fdb-ab87-e69b89fa9455 in the queue, number of delete block transactions: 1
2022-10-11 12:49:20,706 [SCMBlockDeletingService#0] DEBUG block.SCMBlockDeletingService (SCMBlockDeletingService.java:call(162)) - Added delete block command for datanode 47102196-0f4d-4140-8200-18f0777f7bc2 in the queue, number of delete block transactions: 1
2022-10-11 12:49:20,706 [SCMBlockDeletingService#0] DEBUG block.SCMBlockDeletingService (SCMBlockDeletingService.java:call(162)) - Added delete block command for datanode 4444cbf4-fd79-4bf9-9a85-9dbe318480e0 in the queue, number of delete block transactions: 1
2022-10-11 12:49:20,706 [SCMBlockDeletingService#0] INFO  block.SCMBlockDeletingService (SCMBlockDeletingService.java:call(172)) - Totally added 3 blocks to be deleted for 3 datanodes, task elapsed time: 1ms
2022-10-11 12:49:20,805 [SCMBlockDeletingService#0] DEBUG block.SCMBlockDeletingService (SCMBlockDeletingService.java:call(131)) - Running DeletedBlockTransactionScanner
2022-10-11 12:49:20,806 [SCMBlockDeletingService#0] DEBUG block.SCMBlockDeletingService (DatanodeDeletedBlockTransactions.java:addTransactionToDN(50)) - Transaction added: 4444cbf4-fd79-4bf9-9a85-9dbe318480e0 <- TX(1)
2022-10-11 12:49:20,806 [SCMBlockDeletingService#0] DEBUG block.SCMBlockDeletingService (DatanodeDeletedBlockTransactions.java:addTransactionToDN(50)) - Transaction added: 0605c384-8e0d-4fdb-ab87-e69b89fa9455 <- TX(1)
2022-10-11 12:49:20,806 [SCMBlockDeletingService#0] DEBUG block.SCMBlockDeletingService (DatanodeDeletedBlockTransactions.java:addTransactionToDN(50)) - Transaction added: 47102196-0f4d-4140-8200-18f0777f7bc2 <- TX(1)
2022-10-11 12:49:20,806 [SCMBlockDeletingService#0] DEBUG block.SCMBlockDeletingService (SCMBlockDeletingService.java:call(162)) - Added delete block command for datanode 0605c384-8e0d-4fdb-ab87-e69b89fa9455 in the queue, number of delete block transactions: 1
2022-10-11 12:49:20,806 [SCMBlockDeletingService#0] DEBUG block.SCMBlockDeletingService (SCMBlockDeletingService.java:call(162)) - Added delete block command for datanode 47102196-0f4d-4140-8200-18f0777f7bc2 in the queue, number of delete block transactions: 1
2022-10-11 12:49:20,806 [SCMBlockDeletingService#0] DEBUG block.SCMBlockDeletingService (SCMBlockDeletingService.java:call(162)) - Added delete block command for datanode 4444cbf4-fd79-4bf9-9a85-9dbe318480e0 in the queue, number of delete block transactions: 1
2022-10-11 12:49:20,806 [SCMBlockDeletingService#0] INFO  block.SCMBlockDeletingService (SCMBlockDeletingService.java:call(172)) - Totally added 3 blocks to be deleted for 3 datanodes, task elapsed time: 1ms
2022-10-11 12:49:20,905 [SCMBlockDeletingService#0] DEBUG block.SCMBlockDeletingService (SCMBlockDeletingService.java:call(131)) - Running DeletedBlockTransactionScanner
2022-10-11 12:49:20,906 [SCMBlockDeletingService#0] DEBUG block.SCMBlockDeletingService (DatanodeDeletedBlockTransactions.java:addTransactionToDN(50)) - Transaction added: 4444cbf4-fd79-4bf9-9a85-9dbe318480e0 <- TX(1)
2022-10-11 12:49:20,906 [SCMBlockDeletingService#0] DEBUG block.SCMBlockDeletingService (DatanodeDeletedBlockTransactions.java:addTransactionToDN(50)) - Transaction added: 0605c384-8e0d-4fdb-ab87-e69b89fa9455 <- TX(1)
2022-10-11 12:49:20,906 [SCMBlockDeletingService#0] DEBUG block.SCMBlockDeletingService (DatanodeDeletedBlockTransactions.java:addTransactionToDN(50)) - Transaction added: 47102196-0f4d-4140-8200-18f0777f7bc2 <- TX(1)
2022-10-11 12:49:20,906 [SCMBlockDeletingService#0] DEBUG block.SCMBlockDeletingService (SCMBlockDeletingService.java:call(162)) - Added delete block command for datanode 0605c384-8e0d-4fdb-ab87-e69b89fa9455 in the queue, number of delete block transactions: 1
2022-10-11 12:49:20,906 [SCMBlockDeletingService#0] DEBUG block.SCMBlockDeletingService (SCMBlockDeletingService.java:call(162)) - Added delete block command for datanode 47102196-0f4d-4140-8200-18f0777f7bc2 in the queue, number of delete block transactions: 1
2022-10-11 12:49:20,906 [SCMBlockDeletingService#0] DEBUG block.SCMBlockDeletingService (SCMBlockDeletingService.java:call(162)) - Added delete block command for datanode 4444cbf4-fd79-4bf9-9a85-9dbe318480e0 in the queue, number of delete block transactions: 1
2022-10-11 12:49:20,906 [SCMBlockDeletingService#0] INFO  block.SCMBlockDeletingService (SCMBlockDeletingService.java:call(172)) - Totally added 3 blocks to be deleted for 3 datanodes, task elapsed time: 1ms
2022-10-11 12:49:21,006 [SCMBlockDeletingService#0] DEBUG block.SCMBlockDeletingService (SCMBlockDeletingService.java:call(131)) - Running DeletedBlockTransactionScanner
2022-10-11 12:49:21,006 [SCMBlockDeletingService#0] DEBUG block.SCMBlockDeletingService (DatanodeDeletedBlockTransactions.java:addTransactionToDN(50)) - Transaction added: 4444cbf4-fd79-4bf9-9a85-9dbe318480e0 <- TX(1)
2022-10-11 12:49:21,006 [SCMBlockDeletingService#0] DEBUG block.SCMBlockDeletingService (DatanodeDeletedBlockTransactions.java:addTransactionToDN(50)) - Transaction added: 0605c384-8e0d-4fdb-ab87-e69b89fa9455 <- TX(1)
2022-10-11 12:49:21,006 [SCMBlockDeletingService#0] DEBUG block.SCMBlockDeletingService (DatanodeDeletedBlockTransactions.java:addTransactionToDN(50)) - Transaction added: 47102196-0f4d-4140-8200-18f0777f7bc2 <- TX(1)
2022-10-11 12:49:21,006 [SCMBlockDeletingService#0] DEBUG block.SCMBlockDeletingService (SCMBlockDeletingService.java:call(162)) - Added delete block command for datanode 0605c384-8e0d-4fdb-ab87-e69b89fa9455 in the queue, number of delete block transactions: 1
2022-10-11 12:49:21,006 [SCMBlockDeletingService#0] DEBUG block.SCMBlockDeletingService (SCMBlockDeletingService.java:call(162)) - Added delete block command for datanode 47102196-0f4d-4140-8200-18f0777f7bc2 in the queue, number of delete block transactions: 1
2022-10-11 12:49:21,006 [SCMBlockDeletingService#0] DEBUG block.SCMBlockDeletingService (SCMBlockDeletingService.java:call(162)) - Added delete block command for datanode 4444cbf4-fd79-4bf9-9a85-9dbe318480e0 in the queue, number of delete block transactions: 1
2022-10-11 12:49:21,006 [SCMBlockDeletingService#0] INFO  block.SCMBlockDeletingService (SCMBlockDeletingService.java:call(172)) - Totally added 3 blocks to be deleted for 3 datanodes, task elapsed time: 1ms
2022-10-11 12:49:21,106 [SCMBlockDeletingService#0] DEBUG block.SCMBlockDeletingService (SCMBlockDeletingService.java:call(131)) - Running DeletedBlockTransactionScanner
2022-10-11 12:49:21,106 [SCMBlockDeletingService#0] DEBUG block.SCMBlockDeletingService (DatanodeDeletedBlockTransactions.java:addTransactionToDN(50)) - Transaction added: 4444cbf4-fd79-4bf9-9a85-9dbe318480e0 <- TX(1)
2022-10-11 12:49:21,106 [SCMBlockDeletingService#0] DEBUG block.SCMBlockDeletingService (DatanodeDeletedBlockTransactions.java:addTransactionToDN(50)) - Transaction added: 0605c384-8e0d-4fdb-ab87-e69b89fa9455 <- TX(1)
2022-10-11 12:49:21,106 [SCMBlockDeletingService#0] DEBUG block.SCMBlockDeletingService (DatanodeDeletedBlockTransactions.java:addTransactionToDN(50)) - Transaction added: 47102196-0f4d-4140-8200-18f0777f7bc2 <- TX(1)
2022-10-11 12:49:21,106 [SCMBlockDeletingService#0] DEBUG block.SCMBlockDeletingService (SCMBlockDeletingService.java:call(162)) - Added delete block command for datanode 0605c384-8e0d-4fdb-ab87-e69b89fa9455 in the queue, number of delete block transactions: 1
2022-10-11 12:49:21,107 [SCMBlockDeletingService#0] DEBUG block.SCMBlockDeletingService (SCMBlockDeletingService.java:call(162)) - Added delete block command for datanode 47102196-0f4d-4140-8200-18f0777f7bc2 in the queue, number of delete block transactions: 1
2022-10-11 12:49:21,107 [SCMBlockDeletingService#0] DEBUG block.SCMBlockDeletingService (SCMBlockDeletingService.java:call(162)) - Added delete block command for datanode 4444cbf4-fd79-4bf9-9a85-9dbe318480e0 in the queue, number of delete block transactions: 1
2022-10-11 12:49:21,107 [SCMBlockDeletingService#0] INFO  block.SCMBlockDeletingService (SCMBlockDeletingService.java:call(172)) - Totally added 3 blocks to be deleted for 3 datanodes, task elapsed time: 1ms
2022-10-11 12:49:21,206 [SCMBlockDeletingService#0] DEBUG block.SCMBlockDeletingService (SCMBlockDeletingService.java:call(131)) - Running DeletedBlockTransactionScanner
2022-10-11 12:49:21,206 [SCMBlockDeletingService#0] DEBUG block.SCMBlockDeletingService (DatanodeDeletedBlockTransactions.java:addTransactionToDN(50)) - Transaction added: 4444cbf4-fd79-4bf9-9a85-9dbe318480e0 <- TX(1)
2022-10-11 12:49:21,206 [SCMBlockDeletingService#0] DEBUG block.SCMBlockDeletingService (DatanodeDeletedBlockTransactions.java:addTransactionToDN(50)) - Transaction added: 0605c384-8e0d-4fdb-ab87-e69b89fa9455 <- TX(1)
2022-10-11 12:49:21,206 [SCMBlockDeletingService#0] DEBUG block.SCMBlockDeletingService (DatanodeDeletedBlockTransactions.java:addTransactionToDN(50)) - Transaction added: 47102196-0f4d-4140-8200-18f0777f7bc2 <- TX(1)
2022-10-11 12:49:21,206 [SCMBlockDeletingService#0] DEBUG block.SCMBlockDeletingService (SCMBlockDeletingService.java:call(162)) - Added delete block command for datanode 0605c384-8e0d-4fdb-ab87-e69b89fa9455 in the queue, number of delete block transactions: 1
2022-10-11 12:49:21,206 [SCMBlockDeletingService#0] DEBUG block.SCMBlockDeletingService (SCMBlockDeletingService.java:call(162)) - Added delete block command for datanode 47102196-0f4d-4140-8200-18f0777f7bc2 in the queue, number of delete block transactions: 1
2022-10-11 12:49:21,207 [SCMBlockDeletingService#0] DEBUG block.SCMBlockDeletingService (SCMBlockDeletingService.java:call(162)) - Added delete block command for datanode 4444cbf4-fd79-4bf9-9a85-9dbe318480e0 in the queue, number of delete block transactions: 1
2022-10-11 12:49:21,207 [SCMBlockDeletingService#0] INFO  block.SCMBlockDeletingService (SCMBlockDeletingService.java:call(172)) - Totally added 3 blocks to be deleted for 3 datanodes, task elapsed time: 1ms
2022-10-11 12:49:21,306 [SCMBlockDeletingService#0] DEBUG block.SCMBlockDeletingService (SCMBlockDeletingService.java:call(131)) - Running DeletedBlockTransactionScanner
2022-10-11 12:49:21,306 [SCMBlockDeletingService#0] DEBUG block.SCMBlockDeletingService (DatanodeDeletedBlockTransactions.java:addTransactionToDN(50)) - Transaction added: 4444cbf4-fd79-4bf9-9a85-9dbe318480e0 <- TX(1)
2022-10-11 12:49:21,306 [SCMBlockDeletingService#0] DEBUG block.SCMBlockDeletingService (DatanodeDeletedBlockTransactions.java:addTransactionToDN(50)) - Transaction added: 0605c384-8e0d-4fdb-ab87-e69b89fa9455 <- TX(1)
2022-10-11 12:49:21,306 [SCMBlockDeletingService#0] DEBUG block.SCMBlockDeletingService (DatanodeDeletedBlockTransactions.java:addTransactionToDN(50)) - Transaction added: 47102196-0f4d-4140-8200-18f0777f7bc2 <- TX(1)
2022-10-11 12:49:21,307 [SCMBlockDeletingService#0] DEBUG block.SCMBlockDeletingService (SCMBlockDeletingService.java:call(162)) - Added delete block command for datanode 0605c384-8e0d-4fdb-ab87-e69b89fa9455 in the queue, number of delete block transactions: 1
2022-10-11 12:49:21,307 [SCMBlockDeletingService#0] DEBUG block.SCMBlockDeletingService (SCMBlockDeletingService.java:call(162)) - Added delete block command for datanode 47102196-0f4d-4140-8200-18f0777f7bc2 in the queue, number of delete block transactions: 1
2022-10-11 12:49:21,307 [SCMBlockDeletingService#0] DEBUG block.SCMBlockDeletingService (SCMBlockDeletingService.java:call(162)) - Added delete block command for datanode 4444cbf4-fd79-4bf9-9a85-9dbe318480e0 in the queue, number of delete block transactions: 1
2022-10-11 12:49:21,307 [SCMBlockDeletingService#0] INFO  block.SCMBlockDeletingService (SCMBlockDeletingService.java:call(172)) - Totally added 3 blocks to be deleted for 3 datanodes, task elapsed time: 1ms
2022-10-11 12:49:21,406 [SCMBlockDeletingService#0] DEBUG block.SCMBlockDeletingService (SCMBlockDeletingService.java:call(131)) - Running DeletedBlockTransactionScanner
2022-10-11 12:49:21,406 [SCMBlockDeletingService#0] DEBUG block.SCMBlockDeletingService (DatanodeDeletedBlockTransactions.java:addTransactionToDN(50)) - Transaction added: 4444cbf4-fd79-4bf9-9a85-9dbe318480e0 <- TX(1)
2022-10-11 12:49:21,406 [SCMBlockDeletingService#0] DEBUG block.SCMBlockDeletingService (DatanodeDeletedBlockTransactions.java:addTransactionToDN(50)) - Transaction added: 0605c384-8e0d-4fdb-ab87-e69b89fa9455 <- TX(1)
2022-10-11 12:49:21,407 [SCMBlockDeletingService#0] DEBUG block.SCMBlockDeletingService (DatanodeDeletedBlockTransactions.java:addTransactionToDN(50)) - Transaction added: 47102196-0f4d-4140-8200-18f0777f7bc2 <- TX(1)
2022-10-11 12:49:21,407 [SCMBlockDeletingService#0] DEBUG block.SCMBlockDeletingService (SCMBlockDeletingService.java:call(162)) - Added delete block command for datanode 0605c384-8e0d-4fdb-ab87-e69b89fa9455 in the queue, number of delete block transactions: 1
2022-10-11 12:49:21,407 [SCMBlockDeletingService#0] DEBUG block.SCMBlockDeletingService (SCMBlockDeletingService.java:call(162)) - Added delete block command for datanode 47102196-0f4d-4140-8200-18f0777f7bc2 in the queue, number of delete block transactions: 1
2022-10-11 12:49:21,407 [SCMBlockDeletingService#0] DEBUG block.SCMBlockDeletingService (SCMBlockDeletingService.java:call(162)) - Added delete block command for datanode 4444cbf4-fd79-4bf9-9a85-9dbe318480e0 in the queue, number of delete block transactions: 1
2022-10-11 12:49:21,407 [SCMBlockDeletingService#0] INFO  block.SCMBlockDeletingService (SCMBlockDeletingService.java:call(172)) - Totally added 3 blocks to be deleted for 3 datanodes, task elapsed time: 0ms
2022-10-11 12:49:21,506 [SCMBlockDeletingService#0] DEBUG block.SCMBlockDeletingService (SCMBlockDeletingService.java:call(131)) - Running DeletedBlockTransactionScanner
2022-10-11 12:49:21,507 [SCMBlockDeletingService#0] DEBUG block.SCMBlockDeletingService (DatanodeDeletedBlockTransactions.java:addTransactionToDN(50)) - Transaction added: 4444cbf4-fd79-4bf9-9a85-9dbe318480e0 <- TX(1)
2022-10-11 12:49:21,507 [SCMBlockDeletingService#0] DEBUG block.SCMBlockDeletingService (DatanodeDeletedBlockTransactions.java:addTransactionToDN(50)) - Transaction added: 0605c384-8e0d-4fdb-ab87-e69b89fa9455 <- TX(1)
2022-10-11 12:49:21,507 [SCMBlockDeletingService#0] DEBUG block.SCMBlockDeletingService (DatanodeDeletedBlockTransactions.java:addTransactionToDN(50)) - Transaction added: 47102196-0f4d-4140-8200-18f0777f7bc2 <- TX(1)
2022-10-11 12:49:21,507 [SCMBlockDeletingService#0] DEBUG block.SCMBlockDeletingService (SCMBlockDeletingService.java:call(162)) - Added delete block command for datanode 0605c384-8e0d-4fdb-ab87-e69b89fa9455 in the queue, number of delete block transactions: 1
2022-10-11 12:49:21,507 [SCMBlockDeletingService#0] DEBUG block.SCMBlockDeletingService (SCMBlockDeletingService.java:call(162)) - Added delete block command for datanode 47102196-0f4d-4140-8200-18f0777f7bc2 in the queue, number of delete block transactions: 1
2022-10-11 12:49:21,507 [SCMBlockDeletingService#0] DEBUG block.SCMBlockDeletingService (SCMBlockDeletingService.java:call(162)) - Added delete block command for datanode 4444cbf4-fd79-4bf9-9a85-9dbe318480e0 in the queue, number of delete block transactions: 1
2022-10-11 12:49:21,507 [SCMBlockDeletingService#0] INFO  block.SCMBlockDeletingService (SCMBlockDeletingService.java:call(172)) - Totally added 3 blocks to be deleted for 3 datanodes, task elapsed time: 1ms
2022-10-11 12:49:21,606 [SCMBlockDeletingService#0] DEBUG block.SCMBlockDeletingService (SCMBlockDeletingService.java:call(131)) - Running DeletedBlockTransactionScanner
2022-10-11 12:49:21,607 [SCMBlockDeletingService#0] DEBUG block.SCMBlockDeletingService (DatanodeDeletedBlockTransactions.java:addTransactionToDN(50)) - Transaction added: 4444cbf4-fd79-4bf9-9a85-9dbe318480e0 <- TX(1)
2022-10-11 12:49:21,607 [SCMBlockDeletingService#0] DEBUG block.SCMBlockDeletingService (DatanodeDeletedBlockTransactions.java:addTransactionToDN(50)) - Transaction added: 0605c384-8e0d-4fdb-ab87-e69b89fa9455 <- TX(1)
2022-10-11 12:49:21,607 [SCMBlockDeletingService#0] DEBUG block.SCMBlockDeletingService (DatanodeDeletedBlockTransactions.java:addTransactionToDN(50)) - Transaction added: 47102196-0f4d-4140-8200-18f0777f7bc2 <- TX(1)
2022-10-11 12:49:21,607 [SCMBlockDeletingService#0] DEBUG block.SCMBlockDeletingService (SCMBlockDeletingService.java:call(162)) - Added delete block command for datanode 0605c384-8e0d-4fdb-ab87-e69b89fa9455 in the queue, number of delete block transactions: 1
2022-10-11 12:49:21,607 [SCMBlockDeletingService#0] DEBUG block.SCMBlockDeletingService (SCMBlockDeletingService.java:call(162)) - Added delete block command for datanode 47102196-0f4d-4140-8200-18f0777f7bc2 in the queue, number of delete block transactions: 1
2022-10-11 12:49:21,607 [SCMBlockDeletingService#0] DEBUG block.SCMBlockDeletingService (SCMBlockDeletingService.java:call(162)) - Added delete block command for datanode 4444cbf4-fd79-4bf9-9a85-9dbe318480e0 in the queue, number of delete block transactions: 1
2022-10-11 12:49:21,607 [SCMBlockDeletingService#0] INFO  block.SCMBlockDeletingService (SCMBlockDeletingService.java:call(172)) - Totally added 3 blocks to be deleted for 3 datanodes, task elapsed time: 1ms
2022-10-11 12:49:21,640 [org.apache.hadoop.ozone.container.common.statemachine.commandhandler.DeleteBlocksCommandHandler$DeleteCmdWorker@26d2ef95] INFO  commandhandler.DeleteBlocksCommandHandler (DeleteBlocksCommandHandler.java:processCmd(271)) - Start to delete container blocks, TXIDs=[1(0)], numOfContainers=1, numOfBlocks=1
2022-10-11 12:49:21,641 [org.apache.hadoop.ozone.container.common.statemachine.commandhandler.DeleteBlocksCommandHandler$DeleteCmdWorker@26d2ef95] INFO  commandhandler.DeleteBlocksCommandHandler (DeleteBlocksCommandHandler.java:processCmd(271)) - Start to delete container blocks, TXIDs=[1(0)], numOfContainers=1, numOfBlocks=1
2022-10-11 12:49:21,641 [org.apache.hadoop.ozone.container.common.statemachine.commandhandler.DeleteBlocksCommandHandler$DeleteCmdWorker@26d2ef95] INFO  commandhandler.DeleteBlocksCommandHandler (DeleteBlocksCommandHandler.java:processCmd(271)) - Start to delete container blocks, TXIDs=[1(6)], numOfContainers=1, numOfBlocks=1
2022-10-11 12:49:21,642 [org.apache.hadoop.ozone.container.common.statemachine.commandhandler.DeleteBlocksCommandHandler$DeleteCmdWorker@26d2ef95] INFO  commandhandler.DeleteBlocksCommandHandler (DeleteBlocksCommandHandler.java:processCmd(271)) - Start to delete container blocks, TXIDs=[1(6)], numOfContainers=1, numOfBlocks=1
2022-10-11 12:49:21,642 [org.apache.hadoop.ozone.container.common.statemachine.commandhandler.DeleteBlocksCommandHandler$DeleteCmdWorker@26d2ef95] INFO  commandhandler.DeleteBlocksCommandHandler (DeleteBlocksCommandHandler.java:processCmd(271)) - Start to delete container blocks, TXIDs=[1(12)], numOfContainers=1, numOfBlocks=1
2022-10-11 12:49:21,642 [org.apache.hadoop.ozone.container.common.statemachine.commandhandler.DeleteBlocksCommandHandler$DeleteCmdWorker@26d2ef95] INFO  commandhandler.DeleteBlocksCommandHandler (DeleteBlocksCommandHandler.java:processCmd(271)) - Start to delete container blocks, TXIDs=[1(12)], numOfContainers=1, numOfBlocks=1
2022-10-11 12:49:21,643 [org.apache.hadoop.ozone.container.common.statemachine.commandhandler.DeleteBlocksCommandHandler$DeleteCmdWorker@26d2ef95] INFO  commandhandler.DeleteBlocksCommandHandler (DeleteBlocksCommandHandler.java:processCmd(271)) - Start to delete container blocks, TXIDs=[1(18)], numOfContainers=1, numOfBlocks=1
2022-10-11 12:49:21,643 [org.apache.hadoop.ozone.container.common.statemachine.commandhandler.DeleteBlocksCommandHandler$DeleteCmdWorker@26d2ef95] INFO  commandhandler.DeleteBlocksCommandHandler (DeleteBlocksCommandHandler.java:processCmd(271)) - Start to delete container blocks, TXIDs=[1(18)], numOfContainers=1, numOfBlocks=1
2022-10-11 12:49:21,643 [org.apache.hadoop.ozone.container.common.statemachine.commandhandler.DeleteBlocksCommandHandler$DeleteCmdWorker@26d2ef95] INFO  commandhandler.DeleteBlocksCommandHandler (DeleteBlocksCommandHandler.java:processCmd(271)) - Start to delete container blocks, TXIDs=[1(24)], numOfContainers=1, numOfBlocks=1
2022-10-11 12:49:21,643 [org.apache.hadoop.ozone.container.common.statemachine.commandhandler.DeleteBlocksCommandHandler$DeleteCmdWorker@26d2ef95] INFO  commandhandler.DeleteBlocksCommandHandler (DeleteBlocksCommandHandler.java:processCmd(271)) - Start to delete container blocks, TXIDs=[1(24)], numOfContainers=1, numOfBlocks=1
2022-10-11 12:49:21,706 [SCMBlockDeletingService#0] DEBUG block.SCMBlockDeletingService (SCMBlockDeletingService.java:call(131)) - Running DeletedBlockTransactionScanner
2022-10-11 12:49:21,707 [SCMBlockDeletingService#0] DEBUG block.SCMBlockDeletingService (DatanodeDeletedBlockTransactions.java:addTransactionToDN(50)) - Transaction added: 4444cbf4-fd79-4bf9-9a85-9dbe318480e0 <- TX(1)
2022-10-11 12:49:21,707 [SCMBlockDeletingService#0] DEBUG block.SCMBlockDeletingService (DatanodeDeletedBlockTransactions.java:addTransactionToDN(50)) - Transaction added: 0605c384-8e0d-4fdb-ab87-e69b89fa9455 <- TX(1)
2022-10-11 12:49:21,707 [SCMBlockDeletingService#0] DEBUG block.SCMBlockDeletingService (DatanodeDeletedBlockTransactions.java:addTransactionToDN(50)) - Transaction added: 47102196-0f4d-4140-8200-18f0777f7bc2 <- TX(1)
2022-10-11 12:49:21,707 [SCMBlockDeletingService#0] DEBUG block.SCMBlockDeletingService (SCMBlockDeletingService.java:call(162)) - Added delete block command for datanode 0605c384-8e0d-4fdb-ab87-e69b89fa9455 in the queue, number of delete block transactions: 1
2022-10-11 12:49:21,707 [SCMBlockDeletingService#0] DEBUG block.SCMBlockDeletingService (SCMBlockDeletingService.java:call(162)) - Added delete block command for datanode 47102196-0f4d-4140-8200-18f0777f7bc2 in the queue, number of delete block transactions: 1
2022-10-11 12:49:21,707 [SCMBlockDeletingService#0] DEBUG block.SCMBlockDeletingService (SCMBlockDeletingService.java:call(162)) - Added delete block command for datanode 4444cbf4-fd79-4bf9-9a85-9dbe318480e0 in the queue, number of delete block transactions: 1
2022-10-11 12:49:21,707 [SCMBlockDeletingService#0] INFO  block.SCMBlockDeletingService (SCMBlockDeletingService.java:call(172)) - Totally added 3 blocks to be deleted for 3 datanodes, task elapsed time: 1ms
2022-10-11 12:49:21,727 [BlockDeletingService#3] INFO  impl.FilePerBlockStrategy (FilePerBlockStrategy.java:deleteChunk(232)) - Deleted block file: /home/runner/work/ozone/ozone/hadoop-ozone/integration-test/target/test-dir/MiniOzoneClusterImpl-5cb71319-a8c8-4762-aa0c-8f2be259135d/datanode-1/data-0/containers/hdds/5cb71319-a8c8-4762-aa0c-8f2be259135d/current/containerDir0/1/chunks/109611004723200001.block
2022-10-11 12:49:21,776 [EventQueue-DeleteBlockStatusForDeletedBlockLogImpl] DEBUG block.DeletedBlockLogImpl (DeletedBlockLogImpl.java:isTransactionFailed(303)) - Got block deletion ACK from datanode, TXIDs=1, success=true
2022-10-11 12:49:21,776 [EventQueue-DeleteBlockStatusForDeletedBlockLogImpl] DEBUG block.DeletedBlockLogImpl (DeletedBlockLogImpl.java:commitTransactions(281)) - Datanode txId=1 containerId=#1 committed by dnId=4444cbf4-fd79-4bf9-9a85-9dbe318480e0
2022-10-11 12:49:21,776 [EventQueue-DeleteBlockStatusForDeletedBlockLogImpl] DEBUG block.DeletedBlockLogImpl (DeletedBlockLogImpl.java:isTransactionFailed(303)) - Got block deletion ACK from datanode, TXIDs=1, success=true
2022-10-11 12:49:21,776 [EventQueue-DeleteBlockStatusForDeletedBlockLogImpl] DEBUG block.DeletedBlockLogImpl (DeletedBlockLogImpl.java:commitTransactions(281)) - Datanode txId=1 containerId=#1 committed by dnId=4444cbf4-fd79-4bf9-9a85-9dbe318480e0
2022-10-11 12:49:21,776 [EventQueue-DeleteBlockStatusForDeletedBlockLogImpl] DEBUG block.DeletedBlockLogImpl (DeletedBlockLogImpl.java:isTransactionFailed(303)) - Got block deletion ACK from datanode, TXIDs=1, success=true
2022-10-11 12:49:21,776 [EventQueue-DeleteBlockStatusForDeletedBlockLogImpl] DEBUG block.DeletedBlockLogImpl (DeletedBlockLogImpl.java:commitTransactions(281)) - Datanode txId=1 containerId=#1 committed by dnId=4444cbf4-fd79-4bf9-9a85-9dbe318480e0
2022-10-11 12:49:21,776 [EventQueue-DeleteBlockStatusForDeletedBlockLogImpl] DEBUG block.DeletedBlockLogImpl (DeletedBlockLogImpl.java:isTransactionFailed(303)) - Got block deletion ACK from datanode, TXIDs=1, success=true
2022-10-11 12:49:21,776 [EventQueue-DeleteBlockStatusForDeletedBlockLogImpl] DEBUG block.DeletedBlockLogImpl (DeletedBlockLogImpl.java:commitTransactions(281)) - Datanode txId=1 containerId=#1 committed by dnId=4444cbf4-fd79-4bf9-9a85-9dbe318480e0
2022-10-11 12:49:21,777 [EventQueue-DeleteBlockStatusForDeletedBlockLogImpl] DEBUG block.DeletedBlockLogImpl (DeletedBlockLogImpl.java:isTransactionFailed(303)) - Got block deletion ACK from datanode, TXIDs=1, success=true
2022-10-11 12:49:21,777 [EventQueue-DeleteBlockStatusForDeletedBlockLogImpl] DEBUG block.DeletedBlockLogImpl (DeletedBlockLogImpl.java:commitTransactions(281)) - Datanode txId=1 containerId=#1 committed by dnId=4444cbf4-fd79-4bf9-9a85-9dbe318480e0
2022-10-11 12:49:21,777 [EventQueue-DeleteBlockStatusForDeletedBlockLogImpl] DEBUG block.DeletedBlockLogImpl (DeletedBlockLogImpl.java:isTransactionFailed(303)) - Got block deletion ACK from datanode, TXIDs=1, success=true
2022-10-11 12:49:21,777 [EventQueue-DeleteBlockStatusForDeletedBlockLogImpl] DEBUG block.DeletedBlockLogImpl (DeletedBlockLogImpl.java:commitTransactions(281)) - Datanode txId=1 containerId=#1 committed by dnId=4444cbf4-fd79-4bf9-9a85-9dbe318480e0
2022-10-11 12:49:21,777 [EventQueue-DeleteBlockStatusForDeletedBlockLogImpl] DEBUG block.DeletedBlockLogImpl (DeletedBlockLogImpl.java:isTransactionFailed(303)) - Got block deletion ACK from datanode, TXIDs=1, success=true
2022-10-11 12:49:21,777 [EventQueue-DeleteBlockStatusForDeletedBlockLogImpl] DEBUG block.DeletedBlockLogImpl (DeletedBlockLogImpl.java:commitTransactions(281)) - Datanode txId=1 containerId=#1 committed by dnId=4444cbf4-fd79-4bf9-9a85-9dbe318480e0
2022-10-11 12:49:21,777 [EventQueue-DeleteBlockStatusForDeletedBlockLogImpl] DEBUG block.DeletedBlockLogImpl (DeletedBlockLogImpl.java:isTransactionFailed(303)) - Got block deletion ACK from datanode, TXIDs=1, success=true
2022-10-11 12:49:21,777 [EventQueue-DeleteBlockStatusForDeletedBlockLogImpl] DEBUG block.DeletedBlockLogImpl (DeletedBlockLogImpl.java:commitTransactions(281)) - Datanode txId=1 containerId=#1 committed by dnId=4444cbf4-fd79-4bf9-9a85-9dbe318480e0
2022-10-11 12:49:21,777 [EventQueue-DeleteBlockStatusForDeletedBlockLogImpl] DEBUG block.DeletedBlockLogImpl (DeletedBlockLogImpl.java:isTransactionFailed(303)) - Got block deletion ACK from datanode, TXIDs=1, success=true
2022-10-11 12:49:21,777 [EventQueue-DeleteBlockStatusForDeletedBlockLogImpl] DEBUG block.DeletedBlockLogImpl (DeletedBlockLogImpl.java:commitTransactions(281)) - Datanode txId=1 containerId=#1 committed by dnId=4444cbf4-fd79-4bf9-9a85-9dbe318480e0
2022-10-11 12:49:21,778 [EventQueue-DeleteBlockStatusForDeletedBlockLogImpl] DEBUG block.DeletedBlockLogImpl (DeletedBlockLogImpl.java:isTransactionFailed(303)) - Got block deletion ACK from datanode, TXIDs=1, success=true
2022-10-11 12:49:21,778 [EventQueue-DeleteBlockStatusForDeletedBlockLogImpl] DEBUG block.DeletedBlockLogImpl (DeletedBlockLogImpl.java:commitTransactions(281)) - Datanode txId=1 containerId=#1 committed by dnId=4444cbf4-fd79-4bf9-9a85-9dbe318480e0
2022-10-11 12:49:21,807 [SCMBlockDeletingService#0] DEBUG block.SCMBlockDeletingService (SCMBlockDeletingService.java:call(131)) - Running DeletedBlockTransactionScanner
2022-10-11 12:49:21,807 [SCMBlockDeletingService#0] DEBUG block.SCMBlockDeletingService (DatanodeDeletedBlockTransactions.java:addTransactionToDN(50)) - Transaction added: 0605c384-8e0d-4fdb-ab87-e69b89fa9455 <- TX(1)
2022-10-11 12:49:21,807 [SCMBlockDeletingService#0] DEBUG block.SCMBlockDeletingService (DatanodeDeletedBlockTransactions.java:addTransactionToDN(50)) - Transaction added: 47102196-0f4d-4140-8200-18f0777f7bc2 <- TX(1)
2022-10-11 12:49:21,807 [SCMBlockDeletingService#0] DEBUG block.SCMBlockDeletingService (SCMBlockDeletingService.java:call(162)) - Added delete block command for datanode 0605c384-8e0d-4fdb-ab87-e69b89fa9455 in the queue, number of delete block transactions: 1
2022-10-11 12:49:21,807 [SCMBlockDeletingService#0] DEBUG block.SCMBlockDeletingService (SCMBlockDeletingService.java:call(162)) - Added delete block command for datanode 47102196-0f4d-4140-8200-18f0777f7bc2 in the queue, number of delete block transactions: 1
2022-10-11 12:49:21,807 [SCMBlockDeletingService#0] INFO  block.SCMBlockDeletingService (SCMBlockDeletingService.java:call(172)) - Totally added 2 blocks to be deleted for 2 datanodes, task elapsed time: 1ms
2022-10-11 12:49:21,907 [SCMBlockDeletingService#0] DEBUG block.SCMBlockDeletingService (SCMBlockDeletingService.java:call(131)) - Running DeletedBlockTransactionScanner
2022-10-11 12:49:21,907 [SCMBlockDeletingService#0] DEBUG block.SCMBlockDeletingService (DatanodeDeletedBlockTransactions.java:addTransactionToDN(50)) - Transaction added: 0605c384-8e0d-4fdb-ab87-e69b89fa9455 <- TX(1)
2022-10-11 12:49:21,907 [SCMBlockDeletingService#0] DEBUG block.SCMBlockDeletingService (DatanodeDeletedBlockTransactions.java:addTransactionToDN(50)) - Transaction added: 47102196-0f4d-4140-8200-18f0777f7bc2 <- TX(1)
2022-10-11 12:49:21,907 [SCMBlockDeletingService#0] DEBUG block.SCMBlockDeletingService (SCMBlockDeletingService.java:call(162)) - Added delete block command for datanode 0605c384-8e0d-4fdb-ab87-e69b89fa9455 in the queue, number of delete block transactions: 1
2022-10-11 12:49:21,907 [SCMBlockDeletingService#0] DEBUG block.SCMBlockDeletingService (SCMBlockDeletingService.java:call(162)) - Added delete block command for datanode 47102196-0f4d-4140-8200-18f0777f7bc2 in the queue, number of delete block transactions: 1
2022-10-11 12:49:21,908 [SCMBlockDeletingService#0] INFO  block.SCMBlockDeletingService (SCMBlockDeletingService.java:call(172)) - Totally added 2 blocks to be deleted for 2 datanodes, task elapsed time: 1ms
2022-10-11 12:49:21,994 [org.apache.hadoop.ozone.container.common.statemachine.commandhandler.DeleteBlocksCommandHandler$DeleteCmdWorker@587d19d7] INFO  commandhandler.DeleteBlocksCommandHandler (DeleteBlocksCommandHandler.java:processCmd(271)) - Start to delete container blocks, TXIDs=[1(0)], numOfContainers=1, numOfBlocks=1
2022-10-11 12:49:21,995 [org.apache.hadoop.ozone.container.common.statemachine.commandhandler.DeleteBlocksCommandHandler$DeleteCmdWorker@587d19d7] INFO  commandhandler.DeleteBlocksCommandHandler (DeleteBlocksCommandHandler.java:processCmd(271)) - Start to delete container blocks, TXIDs=[1(0)], numOfContainers=1, numOfBlocks=1
2022-10-11 12:49:21,995 [org.apache.hadoop.ozone.container.common.statemachine.commandhandler.DeleteBlocksCommandHandler$DeleteCmdWorker@587d19d7] INFO  commandhandler.DeleteBlocksCommandHandler (DeleteBlocksCommandHandler.java:processCmd(271)) - Start to delete container blocks, TXIDs=[1(6)], numOfContainers=1, numOfBlocks=1
2022-10-11 12:49:21,995 [org.apache.hadoop.ozone.container.common.statemachine.commandhandler.DeleteBlocksCommandHandler$DeleteCmdWorker@587d19d7] INFO  commandhandler.DeleteBlocksCommandHandler (DeleteBlocksCommandHandler.java:processCmd(271)) - Start to delete container blocks, TXIDs=[1(6)], numOfContainers=1, numOfBlocks=1
2022-10-11 12:49:21,996 [org.apache.hadoop.ozone.container.common.statemachine.commandhandler.DeleteBlocksCommandHandler$DeleteCmdWorker@587d19d7] INFO  commandhandler.DeleteBlocksCommandHandler (DeleteBlocksCommandHandler.java:processCmd(271)) - Start to delete container blocks, TXIDs=[1(12)], numOfContainers=1, numOfBlocks=1
2022-10-11 12:49:21,996 [org.apache.hadoop.ozone.container.common.statemachine.commandhandler.DeleteBlocksCommandHandler$DeleteCmdWorker@587d19d7] INFO  commandhandler.DeleteBlocksCommandHandler (DeleteBlocksCommandHandler.java:processCmd(271)) - Start to delete container blocks, TXIDs=[1(12)], numOfContainers=1, numOfBlocks=1
2022-10-11 12:49:21,996 [org.apache.hadoop.ozone.container.common.statemachine.commandhandler.DeleteBlocksCommandHandler$DeleteCmdWorker@587d19d7] INFO  commandhandler.DeleteBlocksCommandHandler (DeleteBlocksCommandHandler.java:processCmd(271)) - Start to delete container blocks, TXIDs=[1(18)], numOfContainers=1, numOfBlocks=1
2022-10-11 12:49:21,999 [org.apache.hadoop.ozone.container.common.statemachine.commandhandler.DeleteBlocksCommandHandler$DeleteCmdWorker@587d19d7] INFO  commandhandler.DeleteBlocksCommandHandler (DeleteBlocksCommandHandler.java:processCmd(271)) - Start to delete container blocks, TXIDs=[1(18)], numOfContainers=1, numOfBlocks=1
2022-10-11 12:49:22,000 [org.apache.hadoop.ozone.container.common.statemachine.commandhandler.DeleteBlocksCommandHandler$DeleteCmdWorker@587d19d7] INFO  commandhandler.DeleteBlocksCommandHandler (DeleteBlocksCommandHandler.java:processCmd(271)) - Start to delete container blocks, TXIDs=[1(24)], numOfContainers=1, numOfBlocks=1
2022-10-11 12:49:22,000 [org.apache.hadoop.ozone.container.common.statemachine.commandhandler.DeleteBlocksCommandHandler$DeleteCmdWorker@587d19d7] INFO  commandhandler.DeleteBlocksCommandHandler (DeleteBlocksCommandHandler.java:processCmd(271)) - Start to delete container blocks, TXIDs=[1(24)], numOfContainers=1, numOfBlocks=1
2022-10-11 12:49:22,007 [SCMBlockDeletingService#0] DEBUG block.SCMBlockDeletingService (SCMBlockDeletingService.java:call(131)) - Running DeletedBlockTransactionScanner
2022-10-11 12:49:22,007 [SCMBlockDeletingService#0] DEBUG block.SCMBlockDeletingService (DatanodeDeletedBlockTransactions.java:addTransactionToDN(50)) - Transaction added: 0605c384-8e0d-4fdb-ab87-e69b89fa9455 <- TX(1)
2022-10-11 12:49:22,007 [SCMBlockDeletingService#0] DEBUG block.SCMBlockDeletingService (DatanodeDeletedBlockTransactions.java:addTransactionToDN(50)) - Transaction added: 47102196-0f4d-4140-8200-18f0777f7bc2 <- TX(1)
2022-10-11 12:49:22,007 [SCMBlockDeletingService#0] DEBUG block.SCMBlockDeletingService (SCMBlockDeletingService.java:call(162)) - Added delete block command for datanode 0605c384-8e0d-4fdb-ab87-e69b89fa9455 in the queue, number of delete block transactions: 1
2022-10-11 12:49:22,007 [SCMBlockDeletingService#0] DEBUG block.SCMBlockDeletingService (SCMBlockDeletingService.java:call(162)) - Added delete block command for datanode 47102196-0f4d-4140-8200-18f0777f7bc2 in the queue, number of delete block transactions: 1
2022-10-11 12:49:22,008 [SCMBlockDeletingService#0] INFO  block.SCMBlockDeletingService (SCMBlockDeletingService.java:call(172)) - Totally added 2 blocks to be deleted for 2 datanodes, task elapsed time: 1ms
2022-10-11 12:49:22,060 [BlockDeletingService#6] INFO  impl.FilePerBlockStrategy (FilePerBlockStrategy.java:deleteChunk(232)) - Deleted block file: /home/runner/work/ozone/ozone/hadoop-ozone/integration-test/target/test-dir/MiniOzoneClusterImpl-5cb71319-a8c8-4762-aa0c-8f2be259135d/datanode-2/data-0/containers/hdds/5cb71319-a8c8-4762-aa0c-8f2be259135d/current/containerDir0/1/chunks/109611004723200001.block
2022-10-11 12:49:22,107 [SCMBlockDeletingService#0] DEBUG block.SCMBlockDeletingService (SCMBlockDeletingService.java:call(131)) - Running DeletedBlockTransactionScanner
2022-10-11 12:49:22,107 [SCMBlockDeletingService#0] DEBUG block.SCMBlockDeletingService (DatanodeDeletedBlockTransactions.java:addTransactionToDN(50)) - Transaction added: 0605c384-8e0d-4fdb-ab87-e69b89fa9455 <- TX(1)
2022-10-11 12:49:22,107 [SCMBlockDeletingService#0] DEBUG block.SCMBlockDeletingService (DatanodeDeletedBlockTransactions.java:addTransactionToDN(50)) - Transaction added: 47102196-0f4d-4140-8200-18f0777f7bc2 <- TX(1)
2022-10-11 12:49:22,108 [SCMBlockDeletingService#0] DEBUG block.SCMBlockDeletingService (SCMBlockDeletingService.java:call(162)) - Added delete block command for datanode 0605c384-8e0d-4fdb-ab87-e69b89fa9455 in the queue, number of delete block transactions: 1
2022-10-11 12:49:22,108 [SCMBlockDeletingService#0] DEBUG block.SCMBlockDeletingService (SCMBlockDeletingService.java:call(162)) - Added delete block command for datanode 47102196-0f4d-4140-8200-18f0777f7bc2 in the queue, number of delete block transactions: 1
2022-10-11 12:49:22,108 [SCMBlockDeletingService#0] INFO  block.SCMBlockDeletingService (SCMBlockDeletingService.java:call(172)) - Totally added 2 blocks to be deleted for 2 datanodes, task elapsed time: 0ms
2022-10-11 12:49:22,173 [EventQueue-DeleteBlockStatusForDeletedBlockLogImpl] DEBUG block.DeletedBlockLogImpl (DeletedBlockLogImpl.java:isTransactionFailed(303)) - Got block deletion ACK from datanode, TXIDs=1, success=true
2022-10-11 12:49:22,173 [EventQueue-DeleteBlockStatusForDeletedBlockLogImpl] DEBUG block.DeletedBlockLogImpl (DeletedBlockLogImpl.java:commitTransactions(281)) - Datanode txId=1 containerId=#1 committed by dnId=0605c384-8e0d-4fdb-ab87-e69b89fa9455
2022-10-11 12:49:22,173 [EventQueue-DeleteBlockStatusForDeletedBlockLogImpl] DEBUG block.DeletedBlockLogImpl (DeletedBlockLogImpl.java:isTransactionFailed(303)) - Got block deletion ACK from datanode, TXIDs=1, success=true
2022-10-11 12:49:22,173 [EventQueue-DeleteBlockStatusForDeletedBlockLogImpl] DEBUG block.DeletedBlockLogImpl (DeletedBlockLogImpl.java:commitTransactions(281)) - Datanode txId=1 containerId=#1 committed by dnId=0605c384-8e0d-4fdb-ab87-e69b89fa9455
2022-10-11 12:49:22,173 [EventQueue-DeleteBlockStatusForDeletedBlockLogImpl] DEBUG block.DeletedBlockLogImpl (DeletedBlockLogImpl.java:isTransactionFailed(303)) - Got block deletion ACK from datanode, TXIDs=1, success=true
2022-10-11 12:49:22,174 [EventQueue-DeleteBlockStatusForDeletedBlockLogImpl] DEBUG block.DeletedBlockLogImpl (DeletedBlockLogImpl.java:commitTransactions(281)) - Datanode txId=1 containerId=#1 committed by dnId=0605c384-8e0d-4fdb-ab87-e69b89fa9455
2022-10-11 12:49:22,174 [EventQueue-DeleteBlockStatusForDeletedBlockLogImpl] DEBUG block.DeletedBlockLogImpl (DeletedBlockLogImpl.java:isTransactionFailed(303)) - Got block deletion ACK from datanode, TXIDs=1, success=true
2022-10-11 12:49:22,174 [EventQueue-DeleteBlockStatusForDeletedBlockLogImpl] DEBUG block.DeletedBlockLogImpl (DeletedBlockLogImpl.java:commitTransactions(281)) - Datanode txId=1 containerId=#1 committed by dnId=0605c384-8e0d-4fdb-ab87-e69b89fa9455
2022-10-11 12:49:22,174 [EventQueue-DeleteBlockStatusForDeletedBlockLogImpl] DEBUG block.DeletedBlockLogImpl (DeletedBlockLogImpl.java:isTransactionFailed(303)) - Got block deletion ACK from datanode, TXIDs=1, success=true
2022-10-11 12:49:22,174 [EventQueue-DeleteBlockStatusForDeletedBlockLogImpl] DEBUG block.DeletedBlockLogImpl (DeletedBlockLogImpl.java:commitTransactions(281)) - Datanode txId=1 containerId=#1 committed by dnId=0605c384-8e0d-4fdb-ab87-e69b89fa9455
2022-10-11 12:49:22,174 [EventQueue-DeleteBlockStatusForDeletedBlockLogImpl] DEBUG block.DeletedBlockLogImpl (DeletedBlockLogImpl.java:isTransactionFailed(303)) - Got block deletion ACK from datanode, TXIDs=1, success=true
2022-10-11 12:49:22,174 [EventQueue-DeleteBlockStatusForDeletedBlockLogImpl] DEBUG block.DeletedBlockLogImpl (DeletedBlockLogImpl.java:commitTransactions(281)) - Datanode txId=1 containerId=#1 committed by dnId=0605c384-8e0d-4fdb-ab87-e69b89fa9455
2022-10-11 12:49:22,174 [EventQueue-DeleteBlockStatusForDeletedBlockLogImpl] DEBUG block.DeletedBlockLogImpl (DeletedBlockLogImpl.java:isTransactionFailed(303)) - Got block deletion ACK from datanode, TXIDs=1, success=true
2022-10-11 12:49:22,174 [EventQueue-DeleteBlockStatusForDeletedBlockLogImpl] DEBUG block.DeletedBlockLogImpl (DeletedBlockLogImpl.java:commitTransactions(281)) - Datanode txId=1 containerId=#1 committed by dnId=0605c384-8e0d-4fdb-ab87-e69b89fa9455
2022-10-11 12:49:22,174 [EventQueue-DeleteBlockStatusForDeletedBlockLogImpl] DEBUG block.DeletedBlockLogImpl (DeletedBlockLogImpl.java:isTransactionFailed(303)) - Got block deletion ACK from datanode, TXIDs=1, success=true
2022-10-11 12:49:22,174 [EventQueue-DeleteBlockStatusForDeletedBlockLogImpl] DEBUG block.DeletedBlockLogImpl (DeletedBlockLogImpl.java:commitTransactions(281)) - Datanode txId=1 containerId=#1 committed by dnId=0605c384-8e0d-4fdb-ab87-e69b89fa9455
2022-10-11 12:49:22,174 [EventQueue-DeleteBlockStatusForDeletedBlockLogImpl] DEBUG block.DeletedBlockLogImpl (DeletedBlockLogImpl.java:isTransactionFailed(303)) - Got block deletion ACK from datanode, TXIDs=1, success=true
2022-10-11 12:49:22,174 [EventQueue-DeleteBlockStatusForDeletedBlockLogImpl] DEBUG block.DeletedBlockLogImpl (DeletedBlockLogImpl.java:commitTransactions(281)) - Datanode txId=1 containerId=#1 committed by dnId=0605c384-8e0d-4fdb-ab87-e69b89fa9455
2022-10-11 12:49:22,174 [EventQueue-DeleteBlockStatusForDeletedBlockLogImpl] DEBUG block.DeletedBlockLogImpl (DeletedBlockLogImpl.java:isTransactionFailed(303)) - Got block deletion ACK from datanode, TXIDs=1, success=true
2022-10-11 12:49:22,174 [EventQueue-DeleteBlockStatusForDeletedBlockLogImpl] DEBUG block.DeletedBlockLogImpl (DeletedBlockLogImpl.java:commitTransactions(281)) - Datanode txId=1 containerId=#1 committed by dnId=0605c384-8e0d-4fdb-ab87-e69b89fa9455
2022-10-11 12:49:22,207 [SCMBlockDeletingService#0] DEBUG block.SCMBlockDeletingService (SCMBlockDeletingService.java:call(131)) - Running DeletedBlockTransactionScanner
2022-10-11 12:49:22,207 [SCMBlockDeletingService#0] DEBUG block.SCMBlockDeletingService (DatanodeDeletedBlockTransactions.java:addTransactionToDN(50)) - Transaction added: 47102196-0f4d-4140-8200-18f0777f7bc2 <- TX(1)
2022-10-11 12:49:22,208 [SCMBlockDeletingService#0] DEBUG block.SCMBlockDeletingService (SCMBlockDeletingService.java:call(162)) - Added delete block command for datanode 47102196-0f4d-4140-8200-18f0777f7bc2 in the queue, number of delete block transactions: 1
2022-10-11 12:49:22,208 [SCMBlockDeletingService#0] INFO  block.SCMBlockDeletingService (SCMBlockDeletingService.java:call(172)) - Totally added 1 blocks to be deleted for 1 datanodes, task elapsed time: 0ms
2022-10-11 12:49:22,307 [SCMBlockDeletingService#0] DEBUG block.SCMBlockDeletingService (SCMBlockDeletingService.java:call(131)) - Running DeletedBlockTransactionScanner
2022-10-11 12:49:22,308 [SCMBlockDeletingService#0] DEBUG block.SCMBlockDeletingService (DatanodeDeletedBlockTransactions.java:addTransactionToDN(50)) - Transaction added: 47102196-0f4d-4140-8200-18f0777f7bc2 <- TX(1)
2022-10-11 12:49:22,308 [SCMBlockDeletingService#0] DEBUG block.SCMBlockDeletingService (SCMBlockDeletingService.java:call(162)) - Added delete block command for datanode 47102196-0f4d-4140-8200-18f0777f7bc2 in the queue, number of delete block transactions: 1
2022-10-11 12:49:22,308 [SCMBlockDeletingService#0] INFO  block.SCMBlockDeletingService (SCMBlockDeletingService.java:call(172)) - Totally added 1 blocks to be deleted for 1 datanodes, task elapsed time: 0ms
2022-10-11 12:49:22,407 [SCMBlockDeletingService#0] DEBUG block.SCMBlockDeletingService (SCMBlockDeletingService.java:call(131)) - Running DeletedBlockTransactionScanner
2022-10-11 12:49:22,408 [SCMBlockDeletingService#0] DEBUG block.SCMBlockDeletingService (DatanodeDeletedBlockTransactions.java:addTransactionToDN(50)) - Transaction added: 47102196-0f4d-4140-8200-18f0777f7bc2 <- TX(1)
2022-10-11 12:49:22,408 [SCMBlockDeletingService#0] DEBUG block.SCMBlockDeletingService (SCMBlockDeletingService.java:call(162)) - Added delete block command for datanode 47102196-0f4d-4140-8200-18f0777f7bc2 in the queue, number of delete block transactions: 1
2022-10-11 12:49:22,408 [SCMBlockDeletingService#0] INFO  block.SCMBlockDeletingService (SCMBlockDeletingService.java:call(172)) - Totally added 1 blocks to be deleted for 1 datanodes, task elapsed time: 1ms
2022-10-11 12:49:22,508 [SCMBlockDeletingService#0] DEBUG block.SCMBlockDeletingService (SCMBlockDeletingService.java:call(131)) - Running DeletedBlockTransactionScanner
2022-10-11 12:49:22,508 [SCMBlockDeletingService#0] DEBUG block.SCMBlockDeletingService (DatanodeDeletedBlockTransactions.java:addTransactionToDN(50)) - Transaction added: 47102196-0f4d-4140-8200-18f0777f7bc2 <- TX(1)
2022-10-11 12:49:22,508 [SCMBlockDeletingService#0] DEBUG block.SCMBlockDeletingService (SCMBlockDeletingService.java:call(162)) - Added delete block command for datanode 47102196-0f4d-4140-8200-18f0777f7bc2 in the queue, number of delete block transactions: 1
2022-10-11 12:49:22,508 [SCMBlockDeletingService#0] INFO  block.SCMBlockDeletingService (SCMBlockDeletingService.java:call(172)) - Totally added 1 blocks to be deleted for 1 datanodes, task elapsed time: 1ms
2022-10-11 12:49:22,608 [SCMBlockDeletingService#0] DEBUG block.SCMBlockDeletingService (SCMBlockDeletingService.java:call(131)) - Running DeletedBlockTransactionScanner
2022-10-11 12:49:22,608 [SCMBlockDeletingService#0] DEBUG block.SCMBlockDeletingService (DatanodeDeletedBlockTransactions.java:addTransactionToDN(50)) - Transaction added: 47102196-0f4d-4140-8200-18f0777f7bc2 <- TX(1)
2022-10-11 12:49:22,608 [SCMBlockDeletingService#0] DEBUG block.SCMBlockDeletingService (SCMBlockDeletingService.java:call(162)) - Added delete block command for datanode 47102196-0f4d-4140-8200-18f0777f7bc2 in the queue, number of delete block transactions: 1
2022-10-11 12:49:22,608 [SCMBlockDeletingService#0] INFO  block.SCMBlockDeletingService (SCMBlockDeletingService.java:call(172)) - Totally added 1 blocks to be deleted for 1 datanodes, task elapsed time: 1ms
2022-10-11 12:49:22,708 [SCMBlockDeletingService#0] DEBUG block.SCMBlockDeletingService (SCMBlockDeletingService.java:call(131)) - Running DeletedBlockTransactionScanner
2022-10-11 12:49:22,708 [SCMBlockDeletingService#0] DEBUG block.SCMBlockDeletingService (DatanodeDeletedBlockTransactions.java:addTransactionToDN(50)) - Transaction added: 47102196-0f4d-4140-8200-18f0777f7bc2 <- TX(1)
2022-10-11 12:49:22,708 [SCMBlockDeletingService#0] DEBUG block.SCMBlockDeletingService (SCMBlockDeletingService.java:call(162)) - Added delete block command for datanode 47102196-0f4d-4140-8200-18f0777f7bc2 in the queue, number of delete block transactions: 1
2022-10-11 12:49:22,708 [SCMBlockDeletingService#0] INFO  block.SCMBlockDeletingService (SCMBlockDeletingService.java:call(172)) - Totally added 1 blocks to be deleted for 1 datanodes, task elapsed time: 1ms
2022-10-11 12:49:22,808 [SCMBlockDeletingService#0] DEBUG block.SCMBlockDeletingService (SCMBlockDeletingService.java:call(131)) - Running DeletedBlockTransactionScanner
2022-10-11 12:49:22,808 [SCMBlockDeletingService#0] DEBUG block.SCMBlockDeletingService (DatanodeDeletedBlockTransactions.java:addTransactionToDN(50)) - Transaction added: 47102196-0f4d-4140-8200-18f0777f7bc2 <- TX(1)
2022-10-11 12:49:22,808 [SCMBlockDeletingService#0] DEBUG block.SCMBlockDeletingService (SCMBlockDeletingService.java:call(162)) - Added delete block command for datanode 47102196-0f4d-4140-8200-18f0777f7bc2 in the queue, number of delete block transactions: 1
2022-10-11 12:49:22,809 [SCMBlockDeletingService#0] INFO  block.SCMBlockDeletingService (SCMBlockDeletingService.java:call(172)) - Totally added 1 blocks to be deleted for 1 datanodes, task elapsed time: 1ms
2022-10-11 12:49:22,908 [SCMBlockDeletingService#0] DEBUG block.SCMBlockDeletingService (SCMBlockDeletingService.java:call(131)) - Running DeletedBlockTransactionScanner
2022-10-11 12:49:22,908 [SCMBlockDeletingService#0] DEBUG block.SCMBlockDeletingService (DatanodeDeletedBlockTransactions.java:addTransactionToDN(50)) - Transaction added: 47102196-0f4d-4140-8200-18f0777f7bc2 <- TX(1)
2022-10-11 12:49:22,909 [SCMBlockDeletingService#0] DEBUG block.SCMBlockDeletingService (SCMBlockDeletingService.java:call(162)) - Added delete block command for datanode 47102196-0f4d-4140-8200-18f0777f7bc2 in the queue, number of delete block transactions: 1
2022-10-11 12:49:22,909 [SCMBlockDeletingService#0] INFO  block.SCMBlockDeletingService (SCMBlockDeletingService.java:call(172)) - Totally added 1 blocks to be deleted for 1 datanodes, task elapsed time: 0ms
2022-10-11 12:49:23,008 [SCMBlockDeletingService#0] DEBUG block.SCMBlockDeletingService (SCMBlockDeletingService.java:call(131)) - Running DeletedBlockTransactionScanner
2022-10-11 12:49:23,009 [SCMBlockDeletingService#0] DEBUG block.SCMBlockDeletingService (DatanodeDeletedBlockTransactions.java:addTransactionToDN(50)) - Transaction added: 47102196-0f4d-4140-8200-18f0777f7bc2 <- TX(1)
2022-10-11 12:49:23,009 [SCMBlockDeletingService#0] DEBUG block.SCMBlockDeletingService (SCMBlockDeletingService.java:call(162)) - Added delete block command for datanode 47102196-0f4d-4140-8200-18f0777f7bc2 in the queue, number of delete block transactions: 1
2022-10-11 12:49:23,009 [SCMBlockDeletingService#0] INFO  block.SCMBlockDeletingService (SCMBlockDeletingService.java:call(172)) - Totally added 1 blocks to be deleted for 1 datanodes, task elapsed time: 0ms
2022-10-11 12:49:23,108 [SCMBlockDeletingService#0] DEBUG block.SCMBlockDeletingService (SCMBlockDeletingService.java:call(131)) - Running DeletedBlockTransactionScanner
2022-10-11 12:49:23,109 [SCMBlockDeletingService#0] DEBUG block.SCMBlockDeletingService (DatanodeDeletedBlockTransactions.java:addTransactionToDN(50)) - Transaction added: 47102196-0f4d-4140-8200-18f0777f7bc2 <- TX(1)
2022-10-11 12:49:23,109 [SCMBlockDeletingService#0] DEBUG block.SCMBlockDeletingService (SCMBlockDeletingService.java:call(162)) - Added delete block command for datanode 47102196-0f4d-4140-8200-18f0777f7bc2 in the queue, number of delete block transactions: 1
2022-10-11 12:49:23,109 [SCMBlockDeletingService#0] INFO  block.SCMBlockDeletingService (SCMBlockDeletingService.java:call(172)) - Totally added 1 blocks to be deleted for 1 datanodes, task elapsed time: 1ms
2022-10-11 12:49:23,208 [SCMBlockDeletingService#0] DEBUG block.SCMBlockDeletingService (SCMBlockDeletingService.java:call(131)) - Running DeletedBlockTransactionScanner
2022-10-11 12:49:23,209 [SCMBlockDeletingService#0] DEBUG block.SCMBlockDeletingService (DatanodeDeletedBlockTransactions.java:addTransactionToDN(50)) - Transaction added: 47102196-0f4d-4140-8200-18f0777f7bc2 <- TX(1)
2022-10-11 12:49:23,209 [SCMBlockDeletingService#0] DEBUG block.SCMBlockDeletingService (SCMBlockDeletingService.java:call(162)) - Added delete block command for datanode 47102196-0f4d-4140-8200-18f0777f7bc2 in the queue, number of delete block transactions: 1
2022-10-11 12:49:23,209 [SCMBlockDeletingService#0] INFO  block.SCMBlockDeletingService (SCMBlockDeletingService.java:call(172)) - Totally added 1 blocks to be deleted for 1 datanodes, task elapsed time: 1ms
2022-10-11 12:49:23,265 [org.apache.hadoop.ozone.container.common.statemachine.commandhandler.DeleteBlocksCommandHandler$DeleteCmdWorker@12dda1b8] INFO  commandhandler.DeleteBlocksCommandHandler (DeleteBlocksCommandHandler.java:processCmd(271)) - Start to delete container blocks, TXIDs=[1(0)], numOfContainers=1, numOfBlocks=1
2022-10-11 12:49:23,266 [org.apache.hadoop.ozone.container.common.statemachine.commandhandler.DeleteBlocksCommandHandler$DeleteCmdWorker@12dda1b8] INFO  commandhandler.DeleteBlocksCommandHandler (DeleteBlocksCommandHandler.java:processCmd(271)) - Start to delete container blocks, TXIDs=[1(0)], numOfContainers=1, numOfBlocks=1
2022-10-11 12:49:23,266 [org.apache.hadoop.ozone.container.common.statemachine.commandhandler.DeleteBlocksCommandHandler$DeleteCmdWorker@12dda1b8] INFO  commandhandler.DeleteBlocksCommandHandler (DeleteBlocksCommandHandler.java:processCmd(271)) - Start to delete container blocks, TXIDs=[1(6)], numOfContainers=1, numOfBlocks=1
2022-10-11 12:49:23,267 [org.apache.hadoop.ozone.container.common.statemachine.commandhandler.DeleteBlocksCommandHandler$DeleteCmdWorker@12dda1b8] INFO  commandhandler.DeleteBlocksCommandHandler (DeleteBlocksCommandHandler.java:processCmd(271)) - Start to delete container blocks, TXIDs=[1(6)], numOfContainers=1, numOfBlocks=1
2022-10-11 12:49:23,267 [org.apache.hadoop.ozone.container.common.statemachine.commandhandler.DeleteBlocksCommandHandler$DeleteCmdWorker@12dda1b8] INFO  commandhandler.DeleteBlocksCommandHandler (DeleteBlocksCommandHandler.java:processCmd(271)) - Start to delete container blocks, TXIDs=[1(12)], numOfContainers=1, numOfBlocks=1
2022-10-11 12:49:23,267 [org.apache.hadoop.ozone.container.common.statemachine.commandhandler.DeleteBlocksCommandHandler$DeleteCmdWorker@12dda1b8] INFO  commandhandler.DeleteBlocksCommandHandler (DeleteBlocksCommandHandler.java:processCmd(271)) - Start to delete container blocks, TXIDs=[1(12)], numOfContainers=1, numOfBlocks=1
2022-10-11 12:49:23,268 [org.apache.hadoop.ozone.container.common.statemachine.commandhandler.DeleteBlocksCommandHandler$DeleteCmdWorker@12dda1b8] INFO  commandhandler.DeleteBlocksCommandHandler (DeleteBlocksCommandHandler.java:processCmd(271)) - Start to delete container blocks, TXIDs=[1(18)], numOfContainers=1, numOfBlocks=1
2022-10-11 12:49:23,268 [org.apache.hadoop.ozone.container.common.statemachine.commandhandler.DeleteBlocksCommandHandler$DeleteCmdWorker@12dda1b8] INFO  commandhandler.DeleteBlocksCommandHandler (DeleteBlocksCommandHandler.java:processCmd(271)) - Start to delete container blocks, TXIDs=[1(18)], numOfContainers=1, numOfBlocks=1
2022-10-11 12:49:23,268 [org.apache.hadoop.ozone.container.common.statemachine.commandhandler.DeleteBlocksCommandHandler$DeleteCmdWorker@12dda1b8] INFO  commandhandler.DeleteBlocksCommandHandler (DeleteBlocksCommandHandler.java:processCmd(271)) - Start to delete container blocks, TXIDs=[1(24)], numOfContainers=1, numOfBlocks=1
2022-10-11 12:49:23,268 [org.apache.hadoop.ozone.container.common.statemachine.commandhandler.DeleteBlocksCommandHandler$DeleteCmdWorker@12dda1b8] INFO  commandhandler.DeleteBlocksCommandHandler (DeleteBlocksCommandHandler.java:processCmd(271)) - Start to delete container blocks, TXIDs=[1(24)], numOfContainers=1, numOfBlocks=1
2022-10-11 12:49:23,268 [org.apache.hadoop.ozone.container.common.statemachine.commandhandler.DeleteBlocksCommandHandler$DeleteCmdWorker@12dda1b8] INFO  commandhandler.DeleteBlocksCommandHandler (DeleteBlocksCommandHandler.java:processCmd(271)) - Start to delete container blocks, TXIDs=[1(30)], numOfContainers=1, numOfBlocks=1
2022-10-11 12:49:23,268 [org.apache.hadoop.ozone.container.common.statemachine.commandhandler.DeleteBlocksCommandHandler$DeleteCmdWorker@12dda1b8] INFO  commandhandler.DeleteBlocksCommandHandler (DeleteBlocksCommandHandler.java:processCmd(271)) - Start to delete container blocks, TXIDs=[1(30)], numOfContainers=1, numOfBlocks=1
2022-10-11 12:49:23,268 [org.apache.hadoop.ozone.container.common.statemachine.commandhandler.DeleteBlocksCommandHandler$DeleteCmdWorker@12dda1b8] INFO  commandhandler.DeleteBlocksCommandHandler (DeleteBlocksCommandHandler.java:processCmd(271)) - Start to delete container blocks, TXIDs=[1(36)], numOfContainers=1, numOfBlocks=1
2022-10-11 12:49:23,269 [org.apache.hadoop.ozone.container.common.statemachine.commandhandler.DeleteBlocksCommandHandler$DeleteCmdWorker@12dda1b8] INFO  commandhandler.DeleteBlocksCommandHandler (DeleteBlocksCommandHandler.java:processCmd(271)) - Start to delete container blocks, TXIDs=[1(36)], numOfContainers=1, numOfBlocks=1
2022-10-11 12:49:23,269 [org.apache.hadoop.ozone.container.common.statemachine.commandhandler.DeleteBlocksCommandHandler$DeleteCmdWorker@12dda1b8] INFO  commandhandler.DeleteBlocksCommandHandler (DeleteBlocksCommandHandler.java:processCmd(271)) - Start to delete container blocks, TXIDs=[1(42)], numOfContainers=1, numOfBlocks=1
2022-10-11 12:49:23,269 [org.apache.hadoop.ozone.container.common.statemachine.commandhandler.DeleteBlocksCommandHandler$DeleteCmdWorker@12dda1b8] INFO  commandhandler.DeleteBlocksCommandHandler (DeleteBlocksCommandHandler.java:processCmd(271)) - Start to delete container blocks, TXIDs=[1(42)], numOfContainers=1, numOfBlocks=1
2022-10-11 12:49:23,269 [org.apache.hadoop.ozone.container.common.statemachine.commandhandler.DeleteBlocksCommandHandler$DeleteCmdWorker@12dda1b8] INFO  commandhandler.DeleteBlocksCommandHandler (DeleteBlocksCommandHandler.java:processCmd(271)) - Start to delete container blocks, TXIDs=[1(48)], numOfContainers=1, numOfBlocks=1
2022-10-11 12:49:23,269 [org.apache.hadoop.ozone.container.common.statemachine.commandhandler.DeleteBlocksCommandHandler$DeleteCmdWorker@12dda1b8] INFO  commandhandler.DeleteBlocksCommandHandler (DeleteBlocksCommandHandler.java:processCmd(271)) - Start to delete container blocks, TXIDs=[1(48)], numOfContainers=1, numOfBlocks=1
2022-10-11 12:49:23,269 [org.apache.hadoop.ozone.container.common.statemachine.commandhandler.DeleteBlocksCommandHandler$DeleteCmdWorker@12dda1b8] INFO  commandhandler.DeleteBlocksCommandHandler (DeleteBlocksCommandHandler.java:processCmd(271)) - Start to delete container blocks, TXIDs=[1(52)], numOfContainers=1, numOfBlocks=1
2022-10-11 12:49:23,269 [org.apache.hadoop.ozone.container.common.statemachine.commandhandler.DeleteBlocksCommandHandler$DeleteCmdWorker@12dda1b8] INFO  commandhandler.DeleteBlocksCommandHandler (DeleteBlocksCommandHandler.java:processCmd(271)) - Start to delete container blocks, TXIDs=[1(52)], numOfContainers=1, numOfBlocks=1
2022-10-11 12:49:23,308 [SCMBlockDeletingService#0] DEBUG block.SCMBlockDeletingService (SCMBlockDeletingService.java:call(131)) - Running DeletedBlockTransactionScanner
2022-10-11 12:49:23,309 [SCMBlockDeletingService#0] DEBUG block.SCMBlockDeletingService (DatanodeDeletedBlockTransactions.java:addTransactionToDN(50)) - Transaction added: 47102196-0f4d-4140-8200-18f0777f7bc2 <- TX(1)
2022-10-11 12:49:23,309 [SCMBlockDeletingService#0] DEBUG block.SCMBlockDeletingService (SCMBlockDeletingService.java:call(162)) - Added delete block command for datanode 47102196-0f4d-4140-8200-18f0777f7bc2 in the queue, number of delete block transactions: 1
2022-10-11 12:49:23,309 [SCMBlockDeletingService#0] INFO  block.SCMBlockDeletingService (SCMBlockDeletingService.java:call(172)) - Totally added 1 blocks to be deleted for 1 datanodes, task elapsed time: 1ms
2022-10-11 12:49:23,349 [BlockDeletingService#2] INFO  impl.FilePerBlockStrategy (FilePerBlockStrategy.java:deleteChunk(232)) - Deleted block file: /home/runner/work/ozone/ozone/hadoop-ozone/integration-test/target/test-dir/MiniOzoneClusterImpl-5cb71319-a8c8-4762-aa0c-8f2be259135d/datanode-0/data-0/containers/hdds/5cb71319-a8c8-4762-aa0c-8f2be259135d/current/containerDir0/1/chunks/109611004723200001.block
2022-10-11 12:49:23,380 [EventQueue-DeleteBlockStatusForDeletedBlockLogImpl] DEBUG block.DeletedBlockLogImpl (DeletedBlockLogImpl.java:isTransactionFailed(303)) - Got block deletion ACK from datanode, TXIDs=1, success=true
2022-10-11 12:49:23,380 [EventQueue-DeleteBlockStatusForDeletedBlockLogImpl] DEBUG block.DeletedBlockLogImpl (DeletedBlockLogImpl.java:commitTransactions(275)) - Purging txId=1 from block deletion log
2022-10-11 12:49:23,380 [EventQueue-DeleteBlockStatusForDeletedBlockLogImpl] DEBUG block.DeletedBlockLogImpl (DeletedBlockLogImpl.java:commitTransactions(281)) - Datanode txId=1 containerId=#1 committed by dnId=47102196-0f4d-4140-8200-18f0777f7bc2
2022-10-11 12:49:23,380 [EventQueue-DeleteBlockStatusForDeletedBlockLogImpl] DEBUG block.DeletedBlockLogImpl (DeletedBlockLogImpl.java:isTransactionFailed(303)) - Got block deletion ACK from datanode, TXIDs=1, success=true
2022-10-11 12:49:23,380 [EventQueue-DeleteBlockStatusForDeletedBlockLogImpl] DEBUG block.DeletedBlockLogImpl (DeletedBlockLogImpl.java:commitTransactions(249)) - Transaction txId=1 commit by dnId=47102196-0f4d-4140-8200-18f0777f7bc2 for containerID=#1 failed. Corresponding entry not found.
2022-10-11 12:49:23,380 [EventQueue-DeleteBlockStatusForDeletedBlockLogImpl] DEBUG block.DeletedBlockLogImpl (DeletedBlockLogImpl.java:isTransactionFailed(303)) - Got block deletion ACK from datanode, TXIDs=1, success=true
2022-10-11 12:49:23,380 [EventQueue-DeleteBlockStatusForDeletedBlockLogImpl] DEBUG block.DeletedBlockLogImpl (DeletedBlockLogImpl.java:commitTransactions(249)) - Transaction txId=1 commit by dnId=47102196-0f4d-4140-8200-18f0777f7bc2 for containerID=#1 failed. Corresponding entry not found.
2022-10-11 12:49:23,380 [EventQueue-DeleteBlockStatusForDeletedBlockLogImpl] DEBUG block.DeletedBlockLogImpl (DeletedBlockLogImpl.java:isTransactionFailed(303)) - Got block deletion ACK from datanode, TXIDs=1, success=true
2022-10-11 12:49:23,380 [EventQueue-DeleteBlockStatusForDeletedBlockLogImpl] DEBUG block.DeletedBlockLogImpl (DeletedBlockLogImpl.java:commitTransactions(249)) - Transaction txId=1 commit by dnId=47102196-0f4d-4140-8200-18f0777f7bc2 for containerID=#1 failed. Corresponding entry not found.
2022-10-11 12:49:23,380 [EventQueue-DeleteBlockStatusForDeletedBlockLogImpl] DEBUG block.DeletedBlockLogImpl (DeletedBlockLogImpl.java:isTransactionFailed(303)) - Got block deletion ACK from datanode, TXIDs=1, success=true
2022-10-11 12:49:23,380 [EventQueue-DeleteBlockStatusForDeletedBlockLogImpl] DEBUG block.DeletedBlockLogImpl (DeletedBlockLogImpl.java:commitTransactions(249)) - Transaction txId=1 commit by dnId=47102196-0f4d-4140-8200-18f0777f7bc2 for containerID=#1 failed. Corresponding entry not found.
2022-10-11 12:49:23,381 [EventQueue-DeleteBlockStatusForDeletedBlockLogImpl] DEBUG block.DeletedBlockLogImpl (DeletedBlockLogImpl.java:isTransactionFailed(303)) - Got block deletion ACK from datanode, TXIDs=1, success=true
2022-10-11 12:49:23,381 [EventQueue-DeleteBlockStatusForDeletedBlockLogImpl] DEBUG block.DeletedBlockLogImpl (DeletedBlockLogImpl.java:commitTransactions(249)) - Transaction txId=1 commit by dnId=47102196-0f4d-4140-8200-18f0777f7bc2 for containerID=#1 failed. Corresponding entry not found.
2022-10-11 12:49:23,381 [EventQueue-DeleteBlockStatusForDeletedBlockLogImpl] DEBUG block.DeletedBlockLogImpl (DeletedBlockLogImpl.java:isTransactionFailed(303)) - Got block deletion ACK from datanode, TXIDs=1, success=true
2022-10-11 12:49:23,381 [EventQueue-DeleteBlockStatusForDeletedBlockLogImpl] DEBUG block.DeletedBlockLogImpl (DeletedBlockLogImpl.java:commitTransactions(249)) - Transaction txId=1 commit by dnId=47102196-0f4d-4140-8200-18f0777f7bc2 for containerID=#1 failed. Corresponding entry not found.
2022-10-11 12:49:23,381 [EventQueue-DeleteBlockStatusForDeletedBlockLogImpl] DEBUG block.DeletedBlockLogImpl (DeletedBlockLogImpl.java:isTransactionFailed(303)) - Got block deletion ACK from datanode, TXIDs=1, success=true
2022-10-11 12:49:23,381 [EventQueue-DeleteBlockStatusForDeletedBlockLogImpl] DEBUG block.DeletedBlockLogImpl (DeletedBlockLogImpl.java:commitTransactions(249)) - Transaction txId=1 commit by dnId=47102196-0f4d-4140-8200-18f0777f7bc2 for containerID=#1 failed. Corresponding entry not found.
2022-10-11 12:49:23,381 [EventQueue-DeleteBlockStatusForDeletedBlockLogImpl] DEBUG block.DeletedBlockLogImpl (DeletedBlockLogImpl.java:isTransactionFailed(303)) - Got block deletion ACK from datanode, TXIDs=1, success=true
2022-10-11 12:49:23,381 [EventQueue-DeleteBlockStatusForDeletedBlockLogImpl] DEBUG block.DeletedBlockLogImpl (DeletedBlockLogImpl.java:commitTransactions(249)) - Transaction txId=1 commit by dnId=47102196-0f4d-4140-8200-18f0777f7bc2 for containerID=#1 failed. Corresponding entry not found.
2022-10-11 12:49:23,381 [EventQueue-DeleteBlockStatusForDeletedBlockLogImpl] DEBUG block.DeletedBlockLogImpl (DeletedBlockLogImpl.java:isTransactionFailed(303)) - Got block deletion ACK from datanode, TXIDs=1, success=true
2022-10-11 12:49:23,381 [EventQueue-DeleteBlockStatusForDeletedBlockLogImpl] DEBUG block.DeletedBlockLogImpl (DeletedBlockLogImpl.java:commitTransactions(249)) - Transaction txId=1 commit by dnId=47102196-0f4d-4140-8200-18f0777f7bc2 for containerID=#1 failed. Corresponding entry not found.
2022-10-11 12:49:23,381 [EventQueue-DeleteBlockStatusForDeletedBlockLogImpl] DEBUG block.DeletedBlockLogImpl (DeletedBlockLogImpl.java:isTransactionFailed(303)) - Got block deletion ACK from datanode, TXIDs=1, success=true
2022-10-11 12:49:23,381 [EventQueue-DeleteBlockStatusForDeletedBlockLogImpl] DEBUG block.DeletedBlockLogImpl (DeletedBlockLogImpl.java:commitTransactions(249)) - Transaction txId=1 commit by dnId=47102196-0f4d-4140-8200-18f0777f7bc2 for containerID=#1 failed. Corresponding entry not found.
2022-10-11 12:49:23,381 [EventQueue-DeleteBlockStatusForDeletedBlockLogImpl] DEBUG block.DeletedBlockLogImpl (DeletedBlockLogImpl.java:isTransactionFailed(303)) - Got block deletion ACK from datanode, TXIDs=1, success=true
2022-10-11 12:49:23,381 [EventQueue-DeleteBlockStatusForDeletedBlockLogImpl] DEBUG block.DeletedBlockLogImpl (DeletedBlockLogImpl.java:commitTransactions(249)) - Transaction txId=1 commit by dnId=47102196-0f4d-4140-8200-18f0777f7bc2 for containerID=#1 failed. Corresponding entry not found.
2022-10-11 12:49:23,381 [EventQueue-DeleteBlockStatusForDeletedBlockLogImpl] DEBUG block.DeletedBlockLogImpl (DeletedBlockLogImpl.java:isTransactionFailed(303)) - Got block deletion ACK from datanode, TXIDs=1, success=true
2022-10-11 12:49:23,381 [EventQueue-DeleteBlockStatusForDeletedBlockLogImpl] DEBUG block.DeletedBlockLogImpl (DeletedBlockLogImpl.java:commitTransactions(249)) - Transaction txId=1 commit by dnId=47102196-0f4d-4140-8200-18f0777f7bc2 for containerID=#1 failed. Corresponding entry not found.
2022-10-11 12:49:23,381 [EventQueue-DeleteBlockStatusForDeletedBlockLogImpl] DEBUG block.DeletedBlockLogImpl (DeletedBlockLogImpl.java:isTransactionFailed(303)) - Got block deletion ACK from datanode, TXIDs=1, success=true
2022-10-11 12:49:23,381 [EventQueue-DeleteBlockStatusForDeletedBlockLogImpl] DEBUG block.DeletedBlockLogImpl (DeletedBlockLogImpl.java:commitTransactions(249)) - Transaction txId=1 commit by dnId=47102196-0f4d-4140-8200-18f0777f7bc2 for containerID=#1 failed. Corresponding entry not found.
2022-10-11 12:49:23,381 [EventQueue-DeleteBlockStatusForDeletedBlockLogImpl] DEBUG block.DeletedBlockLogImpl (DeletedBlockLogImpl.java:isTransactionFailed(303)) - Got block deletion ACK from datanode, TXIDs=1, success=true
2022-10-11 12:49:23,381 [EventQueue-DeleteBlockStatusForDeletedBlockLogImpl] DEBUG block.DeletedBlockLogImpl (DeletedBlockLogImpl.java:commitTransactions(249)) - Transaction txId=1 commit by dnId=47102196-0f4d-4140-8200-18f0777f7bc2 for containerID=#1 failed. Corresponding entry not found.
2022-10-11 12:49:23,382 [EventQueue-DeleteBlockStatusForDeletedBlockLogImpl] DEBUG block.DeletedBlockLogImpl (DeletedBlockLogImpl.java:isTransactionFailed(303)) - Got block deletion ACK from datanode, TXIDs=1, success=true
2022-10-11 12:49:23,382 [EventQueue-DeleteBlockStatusForDeletedBlockLogImpl] DEBUG block.DeletedBlockLogImpl (DeletedBlockLogImpl.java:commitTransactions(249)) - Transaction txId=1 commit by dnId=47102196-0f4d-4140-8200-18f0777f7bc2 for containerID=#1 failed. Corresponding entry not found.
2022-10-11 12:49:23,382 [EventQueue-DeleteBlockStatusForDeletedBlockLogImpl] DEBUG block.DeletedBlockLogImpl (DeletedBlockLogImpl.java:isTransactionFailed(303)) - Got block deletion ACK from datanode, TXIDs=1, success=true
2022-10-11 12:49:23,382 [EventQueue-DeleteBlockStatusForDeletedBlockLogImpl] DEBUG block.DeletedBlockLogImpl (DeletedBlockLogImpl.java:commitTransactions(249)) - Transaction txId=1 commit by dnId=47102196-0f4d-4140-8200-18f0777f7bc2 for containerID=#1 failed. Corresponding entry not found.
2022-10-11 12:49:23,382 [EventQueue-DeleteBlockStatusForDeletedBlockLogImpl] DEBUG block.DeletedBlockLogImpl (DeletedBlockLogImpl.java:isTransactionFailed(303)) - Got block deletion ACK from datanode, TXIDs=1, success=true
2022-10-11 12:49:23,382 [EventQueue-DeleteBlockStatusForDeletedBlockLogImpl] DEBUG block.DeletedBlockLogImpl (DeletedBlockLogImpl.java:commitTransactions(249)) - Transaction txId=1 commit by dnId=47102196-0f4d-4140-8200-18f0777f7bc2 for containerID=#1 failed. Corresponding entry not found.
2022-10-11 12:49:23,382 [EventQueue-DeleteBlockStatusForDeletedBlockLogImpl] DEBUG block.DeletedBlockLogImpl (DeletedBlockLogImpl.java:isTransactionFailed(303)) - Got block deletion ACK from datanode, TXIDs=1, success=true
2022-10-11 12:49:23,382 [EventQueue-DeleteBlockStatusForDeletedBlockLogImpl] DEBUG block.DeletedBlockLogImpl (DeletedBlockLogImpl.java:commitTransactions(249)) - Transaction txId=1 commit by dnId=47102196-0f4d-4140-8200-18f0777f7bc2 for containerID=#1 failed. Corresponding entry not found.
2022-10-11 12:49:23,382 [EventQueue-DeleteBlockStatusForDeletedBlockLogImpl] DEBUG block.DeletedBlockLogImpl (DeletedBlockLogImpl.java:isTransactionFailed(303)) - Got block deletion ACK from datanode, TXIDs=1, success=true
2022-10-11 12:49:23,382 [EventQueue-DeleteBlockStatusForDeletedBlockLogImpl] DEBUG block.DeletedBlockLogImpl (DeletedBlockLogImpl.java:commitTransactions(249)) - Transaction txId=1 commit by dnId=47102196-0f4d-4140-8200-18f0777f7bc2 for containerID=#1 failed. Corresponding entry not found.
2022-10-11 12:49:23,409 [SCMBlockDeletingService#0] DEBUG block.SCMBlockDeletingService (SCMBlockDeletingService.java:call(131)) - Running DeletedBlockTransactionScanner
2022-10-11 12:49:23,509 [SCMBlockDeletingService#0] DEBUG block.SCMBlockDeletingService (SCMBlockDeletingService.java:call(131)) - Running DeletedBlockTransactionScanner
2022-10-11 12:49:23,609 [SCMBlockDeletingService#0] DEBUG block.SCMBlockDeletingService (SCMBlockDeletingService.java:call(131)) - Running DeletedBlockTransactionScanner
2022-10-11 12:49:23,643 [org.apache.hadoop.ozone.container.common.statemachine.commandhandler.DeleteBlocksCommandHandler$DeleteCmdWorker@26d2ef95] INFO  commandhandler.DeleteBlocksCommandHandler (DeleteBlocksCommandHandler.java:processCmd(271)) - Start to delete container blocks, TXIDs=[1(30)], numOfContainers=1, numOfBlocks=1
2022-10-11 12:49:23,643 [org.apache.hadoop.ozone.container.common.statemachine.commandhandler.DeleteBlocksCommandHandler$DeleteCmdWorker@26d2ef95] INFO  commandhandler.DeleteBlocksCommandHandler (DeleteBlocksCommandHandler.java:processCmd(271)) - Start to delete container blocks, TXIDs=[1(30)], numOfContainers=1, numOfBlocks=1
2022-10-11 12:49:23,644 [org.apache.hadoop.ozone.container.common.statemachine.commandhandler.DeleteBlocksCommandHandler$DeleteCmdWorker@26d2ef95] INFO  commandhandler.DeleteBlocksCommandHandler (DeleteBlocksCommandHandler.java:processCmd(271)) - Start to delete container blocks, TXIDs=[1(36)], numOfContainers=1, numOfBlocks=1
2022-10-11 12:49:23,644 [org.apache.hadoop.ozone.container.common.statemachine.commandhandler.DeleteBlocksCommandHandler$DeleteCmdWorker@26d2ef95] INFO  commandhandler.DeleteBlocksCommandHandler (DeleteBlocksCommandHandler.java:processCmd(271)) - Start to delete container blocks, TXIDs=[1(36)], numOfContainers=1, numOfBlocks=1
2022-10-11 12:49:23,644 [org.apache.hadoop.ozone.container.common.statemachine.commandhandler.DeleteBlocksCommandHandler$DeleteCmdWorker@26d2ef95] INFO  commandhandler.DeleteBlocksCommandHandler (DeleteBlocksCommandHandler.java:processCmd(271)) - Start to delete container blocks, TXIDs=[1(42)], numOfContainers=1, numOfBlocks=1
2022-10-11 12:49:23,644 [org.apache.hadoop.ozone.container.common.statemachine.commandhandler.DeleteBlocksCommandHandler$DeleteCmdWorker@26d2ef95] INFO  commandhandler.DeleteBlocksCommandHandler (DeleteBlocksCommandHandler.java:processCmd(271)) - Start to delete container blocks, TXIDs=[1(42)], numOfContainers=1, numOfBlocks=1
2022-10-11 12:49:23,709 [SCMBlockDeletingService#0] DEBUG block.SCMBlockDeletingService (SCMBlockDeletingService.java:call(131)) - Running DeletedBlockTransactionScanner
2022-10-11 12:49:23,775 [EventQueue-DeleteBlockStatusForDeletedBlockLogImpl] DEBUG block.DeletedBlockLogImpl (DeletedBlockLogImpl.java:isTransactionFailed(303)) - Got block deletion ACK from datanode, TXIDs=1, success=true
2022-10-11 12:49:23,776 [EventQueue-DeleteBlockStatusForDeletedBlockLogImpl] DEBUG block.DeletedBlockLogImpl (DeletedBlockLogImpl.java:commitTransactions(249)) - Transaction txId=1 commit by dnId=4444cbf4-fd79-4bf9-9a85-9dbe318480e0 for containerID=#1 failed. Corresponding entry not found.
2022-10-11 12:49:23,776 [EventQueue-DeleteBlockStatusForDeletedBlockLogImpl] DEBUG block.DeletedBlockLogImpl (DeletedBlockLogImpl.java:isTransactionFailed(303)) - Got block deletion ACK from datanode, TXIDs=1, success=true
2022-10-11 12:49:23,776 [EventQueue-DeleteBlockStatusForDeletedBlockLogImpl] DEBUG block.DeletedBlockLogImpl (DeletedBlockLogImpl.java:commitTransactions(249)) - Transaction txId=1 commit by dnId=4444cbf4-fd79-4bf9-9a85-9dbe318480e0 for containerID=#1 failed. Corresponding entry not found.
2022-10-11 12:49:23,776 [EventQueue-DeleteBlockStatusForDeletedBlockLogImpl] DEBUG block.DeletedBlockLogImpl (DeletedBlockLogImpl.java:isTransactionFailed(303)) - Got block deletion ACK from datanode, TXIDs=1, success=true
2022-10-11 12:49:23,776 [EventQueue-DeleteBlockStatusForDeletedBlockLogImpl] DEBUG block.DeletedBlockLogImpl (DeletedBlockLogImpl.java:commitTransactions(249)) - Transaction txId=1 commit by dnId=4444cbf4-fd79-4bf9-9a85-9dbe318480e0 for containerID=#1 failed. Corresponding entry not found.
2022-10-11 12:49:23,776 [EventQueue-DeleteBlockStatusForDeletedBlockLogImpl] DEBUG block.DeletedBlockLogImpl (DeletedBlockLogImpl.java:isTransactionFailed(303)) - Got block deletion ACK from datanode, TXIDs=1, success=true
2022-10-11 12:49:23,776 [EventQueue-DeleteBlockStatusForDeletedBlockLogImpl] DEBUG block.DeletedBlockLogImpl (DeletedBlockLogImpl.java:commitTransactions(249)) - Transaction txId=1 commit by dnId=4444cbf4-fd79-4bf9-9a85-9dbe318480e0 for containerID=#1 failed. Corresponding entry not found.
2022-10-11 12:49:23,776 [EventQueue-DeleteBlockStatusForDeletedBlockLogImpl] DEBUG block.DeletedBlockLogImpl (DeletedBlockLogImpl.java:isTransactionFailed(303)) - Got block deletion ACK from datanode, TXIDs=1, success=true
2022-10-11 12:49:23,776 [EventQueue-DeleteBlockStatusForDeletedBlockLogImpl] DEBUG block.DeletedBlockLogImpl (DeletedBlockLogImpl.java:commitTransactions(249)) - Transaction txId=1 commit by dnId=4444cbf4-fd79-4bf9-9a85-9dbe318480e0 for containerID=#1 failed. Corresponding entry not found.
2022-10-11 12:49:23,776 [EventQueue-DeleteBlockStatusForDeletedBlockLogImpl] DEBUG block.DeletedBlockLogImpl (DeletedBlockLogImpl.java:isTransactionFailed(303)) - Got block deletion ACK from datanode, TXIDs=1, success=true
2022-10-11 12:49:23,776 [EventQueue-DeleteBlockStatusForDeletedBlockLogImpl] DEBUG block.DeletedBlockLogImpl (DeletedBlockLogImpl.java:commitTransactions(249)) - Transaction txId=1 commit by dnId=4444cbf4-fd79-4bf9-9a85-9dbe318480e0 for containerID=#1 failed. Corresponding entry not found.
2022-10-11 12:49:23,809 [SCMBlockDeletingService#0] DEBUG block.SCMBlockDeletingService (SCMBlockDeletingService.java:call(131)) - Running DeletedBlockTransactionScanner
2022-10-11 12:49:23,909 [SCMBlockDeletingService#0] DEBUG block.SCMBlockDeletingService (SCMBlockDeletingService.java:call(131)) - Running DeletedBlockTransactionScanner
2022-10-11 12:49:24,000 [org.apache.hadoop.ozone.container.common.statemachine.commandhandler.DeleteBlocksCommandHandler$DeleteCmdWorker@587d19d7] INFO  commandhandler.DeleteBlocksCommandHandler (DeleteBlocksCommandHandler.java:processCmd(271)) - Start to delete container blocks, TXIDs=[1(30)], numOfContainers=1, numOfBlocks=1
2022-10-11 12:49:24,001 [org.apache.hadoop.ozone.container.common.statemachine.commandhandler.DeleteBlocksCommandHandler$DeleteCmdWorker@587d19d7] INFO  commandhandler.DeleteBlocksCommandHandler (DeleteBlocksCommandHandler.java:processCmd(271)) - Start to delete container blocks, TXIDs=[1(30)], numOfContainers=1, numOfBlocks=1
2022-10-11 12:49:24,001 [org.apache.hadoop.ozone.container.common.statemachine.commandhandler.DeleteBlocksCommandHandler$DeleteCmdWorker@587d19d7] INFO  commandhandler.DeleteBlocksCommandHandler (DeleteBlocksCommandHandler.java:processCmd(271)) - Start to delete container blocks, TXIDs=[1(36)], numOfContainers=1, numOfBlocks=1
2022-10-11 12:49:24,001 [org.apache.hadoop.ozone.container.common.statemachine.commandhandler.DeleteBlocksCommandHandler$DeleteCmdWorker@587d19d7] INFO  commandhandler.DeleteBlocksCommandHandler (DeleteBlocksCommandHandler.java:processCmd(271)) - Start to delete container blocks, TXIDs=[1(36)], numOfContainers=1, numOfBlocks=1
2022-10-11 12:49:24,001 [org.apache.hadoop.ozone.container.common.statemachine.commandhandler.DeleteBlocksCommandHandler$DeleteCmdWorker@587d19d7] INFO  commandhandler.DeleteBlocksCommandHandler (DeleteBlocksCommandHandler.java:processCmd(271)) - Start to delete container blocks, TXIDs=[1(42)], numOfContainers=1, numOfBlocks=1
2022-10-11 12:49:24,001 [org.apache.hadoop.ozone.container.common.statemachine.commandhandler.DeleteBlocksCommandHandler$DeleteCmdWorker@587d19d7] INFO  commandhandler.DeleteBlocksCommandHandler (DeleteBlocksCommandHandler.java:processCmd(271)) - Start to delete container blocks, TXIDs=[1(42)], numOfContainers=1, numOfBlocks=1
2022-10-11 12:49:24,002 [org.apache.hadoop.ozone.container.common.statemachine.commandhandler.DeleteBlocksCommandHandler$DeleteCmdWorker@587d19d7] INFO  commandhandler.DeleteBlocksCommandHandler (DeleteBlocksCommandHandler.java:processCmd(271)) - Start to delete container blocks, TXIDs=[1(48)], numOfContainers=1, numOfBlocks=1
2022-10-11 12:49:24,002 [org.apache.hadoop.ozone.container.common.statemachine.commandhandler.DeleteBlocksCommandHandler$DeleteCmdWorker@587d19d7] INFO  commandhandler.DeleteBlocksCommandHandler (DeleteBlocksCommandHandler.java:processCmd(271)) - Start to delete container blocks, TXIDs=[1(48)], numOfContainers=1, numOfBlocks=1
2022-10-11 12:49:24,002 [org.apache.hadoop.ozone.container.common.statemachine.commandhandler.DeleteBlocksCommandHandler$DeleteCmdWorker@587d19d7] INFO  commandhandler.DeleteBlocksCommandHandler (DeleteBlocksCommandHandler.java:processCmd(271)) - Start to delete container blocks, TXIDs=[1(52)], numOfContainers=1, numOfBlocks=1
2022-10-11 12:49:24,002 [org.apache.hadoop.ozone.container.common.statemachine.commandhandler.DeleteBlocksCommandHandler$DeleteCmdWorker@587d19d7] INFO  commandhandler.DeleteBlocksCommandHandler (DeleteBlocksCommandHandler.java:processCmd(271)) - Start to delete container blocks, TXIDs=[1(52)], numOfContainers=1, numOfBlocks=1
2022-10-11 12:49:24,009 [SCMBlockDeletingService#0] DEBUG block.SCMBlockDeletingService (SCMBlockDeletingService.java:call(131)) - Running DeletedBlockTransactionScanner
2022-10-11 12:49:24,109 [SCMBlockDeletingService#0] DEBUG block.SCMBlockDeletingService (SCMBlockDeletingService.java:call(131)) - Running DeletedBlockTransactionScanner
2022-10-11 12:49:24,174 [EventQueue-DeleteBlockStatusForDeletedBlockLogImpl] DEBUG block.DeletedBlockLogImpl (DeletedBlockLogImpl.java:isTransactionFailed(303)) - Got block deletion ACK from datanode, TXIDs=1, success=true
2022-10-11 12:49:24,174 [EventQueue-DeleteBlockStatusForDeletedBlockLogImpl] DEBUG block.DeletedBlockLogImpl (DeletedBlockLogImpl.java:commitTransactions(249)) - Transaction txId=1 commit by dnId=0605c384-8e0d-4fdb-ab87-e69b89fa9455 for containerID=#1 failed. Corresponding entry not found.
2022-10-11 12:49:24,174 [EventQueue-DeleteBlockStatusForDeletedBlockLogImpl] DEBUG block.DeletedBlockLogImpl (DeletedBlockLogImpl.java:isTransactionFailed(303)) - Got block deletion ACK from datanode, TXIDs=1, success=true
2022-10-11 12:49:24,174 [EventQueue-DeleteBlockStatusForDeletedBlockLogImpl] DEBUG block.DeletedBlockLogImpl (DeletedBlockLogImpl.java:commitTransactions(249)) - Transaction txId=1 commit by dnId=0605c384-8e0d-4fdb-ab87-e69b89fa9455 for containerID=#1 failed. Corresponding entry not found.
2022-10-11 12:49:24,174 [EventQueue-DeleteBlockStatusForDeletedBlockLogImpl] DEBUG block.DeletedBlockLogImpl (DeletedBlockLogImpl.java:isTransactionFailed(303)) - Got block deletion ACK from datanode, TXIDs=1, success=true
2022-10-11 12:49:24,174 [EventQueue-DeleteBlockStatusForDeletedBlockLogImpl] DEBUG block.DeletedBlockLogImpl (DeletedBlockLogImpl.java:commitTransactions(249)) - Transaction txId=1 commit by dnId=0605c384-8e0d-4fdb-ab87-e69b89fa9455 for containerID=#1 failed. Corresponding entry not found.
2022-10-11 12:49:24,174 [EventQueue-DeleteBlockStatusForDeletedBlockLogImpl] DEBUG block.DeletedBlockLogImpl (DeletedBlockLogImpl.java:isTransactionFailed(303)) - Got block deletion ACK from datanode, TXIDs=1, success=true
2022-10-11 12:49:24,174 [EventQueue-DeleteBlockStatusForDeletedBlockLogImpl] DEBUG block.DeletedBlockLogImpl (DeletedBlockLogImpl.java:commitTransactions(249)) - Transaction txId=1 commit by dnId=0605c384-8e0d-4fdb-ab87-e69b89fa9455 for containerID=#1 failed. Corresponding entry not found.
2022-10-11 12:49:24,174 [EventQueue-DeleteBlockStatusForDeletedBlockLogImpl] DEBUG block.DeletedBlockLogImpl (DeletedBlockLogImpl.java:isTransactionFailed(303)) - Got block deletion ACK from datanode, TXIDs=1, success=true
2022-10-11 12:49:24,174 [EventQueue-DeleteBlockStatusForDeletedBlockLogImpl] DEBUG block.DeletedBlockLogImpl (DeletedBlockLogImpl.java:commitTransactions(249)) - Transaction txId=1 commit by dnId=0605c384-8e0d-4fdb-ab87-e69b89fa9455 for containerID=#1 failed. Corresponding entry not found.
2022-10-11 12:49:24,174 [EventQueue-DeleteBlockStatusForDeletedBlockLogImpl] DEBUG block.DeletedBlockLogImpl (DeletedBlockLogImpl.java:isTransactionFailed(303)) - Got block deletion ACK from datanode, TXIDs=1, success=true
2022-10-11 12:49:24,174 [EventQueue-DeleteBlockStatusForDeletedBlockLogImpl] DEBUG block.DeletedBlockLogImpl (DeletedBlockLogImpl.java:commitTransactions(249)) - Transaction txId=1 commit by dnId=0605c384-8e0d-4fdb-ab87-e69b89fa9455 for containerID=#1 failed. Corresponding entry not found.
2022-10-11 12:49:24,174 [EventQueue-DeleteBlockStatusForDeletedBlockLogImpl] DEBUG block.DeletedBlockLogImpl (DeletedBlockLogImpl.java:isTransactionFailed(303)) - Got block deletion ACK from datanode, TXIDs=1, success=true
2022-10-11 12:49:24,175 [EventQueue-DeleteBlockStatusForDeletedBlockLogImpl] DEBUG block.DeletedBlockLogImpl (DeletedBlockLogImpl.java:commitTransactions(249)) - Transaction txId=1 commit by dnId=0605c384-8e0d-4fdb-ab87-e69b89fa9455 for containerID=#1 failed. Corresponding entry not found.
2022-10-11 12:49:24,175 [EventQueue-DeleteBlockStatusForDeletedBlockLogImpl] DEBUG block.DeletedBlockLogImpl (DeletedBlockLogImpl.java:isTransactionFailed(303)) - Got block deletion ACK from datanode, TXIDs=1, success=true
2022-10-11 12:49:24,175 [EventQueue-DeleteBlockStatusForDeletedBlockLogImpl] DEBUG block.DeletedBlockLogImpl (DeletedBlockLogImpl.java:commitTransactions(249)) - Transaction txId=1 commit by dnId=0605c384-8e0d-4fdb-ab87-e69b89fa9455 for containerID=#1 failed. Corresponding entry not found.
2022-10-11 12:49:24,175 [EventQueue-DeleteBlockStatusForDeletedBlockLogImpl] DEBUG block.DeletedBlockLogImpl (DeletedBlockLogImpl.java:isTransactionFailed(303)) - Got block deletion ACK from datanode, TXIDs=1, success=true
2022-10-11 12:49:24,175 [EventQueue-DeleteBlockStatusForDeletedBlockLogImpl] DEBUG block.DeletedBlockLogImpl (DeletedBlockLogImpl.java:commitTransactions(249)) - Transaction txId=1 commit by dnId=0605c384-8e0d-4fdb-ab87-e69b89fa9455 for containerID=#1 failed. Corresponding entry not found.
2022-10-11 12:49:24,175 [EventQueue-DeleteBlockStatusForDeletedBlockLogImpl] DEBUG block.DeletedBlockLogImpl (DeletedBlockLogImpl.java:isTransactionFailed(303)) - Got block deletion ACK from datanode, TXIDs=1, success=true
2022-10-11 12:49:24,175 [EventQueue-DeleteBlockStatusForDeletedBlockLogImpl] DEBUG block.DeletedBlockLogImpl (DeletedBlockLogImpl.java:commitTransactions(249)) - Transaction txId=1 commit by dnId=0605c384-8e0d-4fdb-ab87-e69b89fa9455 for containerID=#1 failed. Corresponding entry not found.
2022-10-11 12:49:24,210 [SCMBlockDeletingService#0] DEBUG block.SCMBlockDeletingService (SCMBlockDeletingService.java:call(131)) - Running DeletedBlockTransactionScanner
2022-10-11 12:49:24,310 [SCMBlockDeletingService#0] DEBUG block.SCMBlockDeletingService (SCMBlockDeletingService.java:call(131)) - Running DeletedBlockTransactionScanner
2022-10-11 12:49:24,410 [SCMBlockDeletingService#0] DEBUG block.SCMBlockDeletingService (SCMBlockDeletingService.java:call(131)) - Running DeletedBlockTransactionScanner
2022-10-11 12:49:24,510 [SCMBlockDeletingService#0] DEBUG block.SCMBlockDeletingService (SCMBlockDeletingService.java:call(131)) - Running DeletedBlockTransactionScanner
2022-10-11 12:49:24,610 [SCMBlockDeletingService#0] DEBUG block.SCMBlockDeletingService (SCMBlockDeletingService.java:call(131)) - Running DeletedBlockTransactionScanner
2022-10-11 12:49:24,710 [SCMBlockDeletingService#0] DEBUG block.SCMBlockDeletingService (SCMBlockDeletingService.java:call(131)) - Running DeletedBlockTransactionScanner
2022-10-11 12:49:24,810 [SCMBlockDeletingService#0] DEBUG block.SCMBlockDeletingService (SCMBlockDeletingService.java:call(131)) - Running DeletedBlockTransactionScanner
2022-10-11 12:49:24,911 [SCMBlockDeletingService#0] DEBUG block.SCMBlockDeletingService (SCMBlockDeletingService.java:call(131)) - Running DeletedBlockTransactionScanner
2022-10-11 12:49:25,011 [SCMBlockDeletingService#0] DEBUG block.SCMBlockDeletingService (SCMBlockDeletingService.java:call(131)) - Running DeletedBlockTransactionScanner
2022-10-11 12:49:25,091 [Listener at 127.0.0.1/37873] INFO  ozoneimpl.OzoneContainer (OzoneContainer.java:stop(400)) - Attempting to stop container services.
2022-10-11 12:49:25,092 [Listener at 127.0.0.1/37873] INFO  server.RaftServer (RaftServerProxy.java:lambda$close$7(398)) - 47102196-0f4d-4140-8200-18f0777f7bc2: close
2022-10-11 12:49:25,093 [Listener at 127.0.0.1/37873] INFO  server.RaftServer$Division (RaftServerImpl.java:lambda$close$4(434)) - 47102196-0f4d-4140-8200-18f0777f7bc2@group-BBDFD469DB51: shutdown
2022-10-11 12:49:25,093 [Listener at 127.0.0.1/37873] INFO  util.JmxRegister (JmxRegister.java:unregister(73)) - Successfully un-registered JMX Bean with object name Ratis:service=RaftServer,group=group-BBDFD469DB51,id=47102196-0f4d-4140-8200-18f0777f7bc2
2022-10-11 12:49:25,093 [Listener at 127.0.0.1/37873] INFO  impl.RoleInfo (RoleInfo.java:shutdownFollowerState(110)) - 47102196-0f4d-4140-8200-18f0777f7bc2: shutdown 47102196-0f4d-4140-8200-18f0777f7bc2@group-BBDFD469DB51-FollowerState
2022-10-11 12:49:25,093 [47102196-0f4d-4140-8200-18f0777f7bc2@group-BBDFD469DB51-FollowerState] INFO  impl.FollowerState (FollowerState.java:run(152)) - 47102196-0f4d-4140-8200-18f0777f7bc2@group-BBDFD469DB51-FollowerState was interrupted
2022-10-11 12:49:25,095 [47102196-0f4d-4140-8200-18f0777f7bc2@group-BBDFD469DB51-StateMachineUpdater] INFO  ratis.ContainerStateMachine (ContainerStateMachine.java:takeSnapshot(304)) - group-BBDFD469DB51: Taking a snapshot at:(t:5, i:12) file /home/runner/work/ozone/ozone/hadoop-ozone/integration-test/target/test-dir/MiniOzoneClusterImpl-5cb71319-a8c8-4762-aa0c-8f2be259135d/datanode-0/data/ratis/98c00462-3050-4d4b-b576-bbdfd469db51/sm/snapshot.5_12
2022-10-11 12:49:25,095 [Listener at 127.0.0.1/37873] INFO  impl.StateMachineUpdater (StateMachineUpdater.java:stopAndJoin(153)) - 47102196-0f4d-4140-8200-18f0777f7bc2@group-BBDFD469DB51-StateMachineUpdater: set stopIndex = 12
2022-10-11 12:49:25,096 [47102196-0f4d-4140-8200-18f0777f7bc2@group-BBDFD469DB51-StateMachineUpdater] INFO  ratis.ContainerStateMachine (ContainerStateMachine.java:takeSnapshot(315)) - group-BBDFD469DB51: Finished taking a snapshot at:(t:5, i:12) file:/home/runner/work/ozone/ozone/hadoop-ozone/integration-test/target/test-dir/MiniOzoneClusterImpl-5cb71319-a8c8-4762-aa0c-8f2be259135d/datanode-0/data/ratis/98c00462-3050-4d4b-b576-bbdfd469db51/sm/snapshot.5_12 took: 2 ms
2022-10-11 12:49:25,096 [47102196-0f4d-4140-8200-18f0777f7bc2@group-BBDFD469DB51-StateMachineUpdater] INFO  impl.StateMachineUpdater (StateMachineUpdater.java:takeSnapshot(287)) - 47102196-0f4d-4140-8200-18f0777f7bc2@group-BBDFD469DB51-StateMachineUpdater: Took a snapshot at index 12
2022-10-11 12:49:25,096 [47102196-0f4d-4140-8200-18f0777f7bc2@group-BBDFD469DB51-StateMachineUpdater] INFO  impl.StateMachineUpdater (StateMachineUpdater.java:lambda$new$0(92)) - 47102196-0f4d-4140-8200-18f0777f7bc2@group-BBDFD469DB51-StateMachineUpdater: snapshotIndex: updateIncreasingly -1 -> 12
2022-10-11 12:49:25,097 [Listener at 127.0.0.1/37873] INFO  server.RaftServer$Division (ServerState.java:close(429)) - 47102196-0f4d-4140-8200-18f0777f7bc2@group-BBDFD469DB51: closes. applyIndex: 12
2022-10-11 12:49:25,097 [47102196-0f4d-4140-8200-18f0777f7bc2@group-BBDFD469DB51-SegmentedRaftLogWorker] INFO  segmented.SegmentedRaftLogWorker (SegmentedRaftLogWorker.java:run(336)) - 47102196-0f4d-4140-8200-18f0777f7bc2@group-BBDFD469DB51-SegmentedRaftLogWorker was interrupted, exiting. There are 0 tasks remaining in the queue.
2022-10-11 12:49:25,100 [Listener at 127.0.0.1/37873] INFO  segmented.SegmentedRaftLogWorker (SegmentedRaftLogWorker.java:close(246)) - 47102196-0f4d-4140-8200-18f0777f7bc2@group-BBDFD469DB51-SegmentedRaftLogWorker close()
2022-10-11 12:49:25,101 [Listener at 127.0.0.1/37873] INFO  server.GrpcService (GrpcService.java:closeImpl(269)) - 47102196-0f4d-4140-8200-18f0777f7bc2: shutdown server with port 34445 now
2022-10-11 12:49:25,103 [grpc-default-executor-3] WARN  server.GrpcServerProtocolService (LogUtils.java:warn(122)) - 47102196-0f4d-4140-8200-18f0777f7bc2: installSnapshot onError, lastRequest: 0605c384-8e0d-4fdb-ab87-e69b89fa9455->47102196-0f4d-4140-8200-18f0777f7bc2#280-t5,previous=(t:5, i:11),leaderCommit=11,initializing? true,entries: size=1, first=(t:5, i:12), METADATAENTRY(c:11): org.apache.ratis.thirdparty.io.grpc.StatusRuntimeException: CANCELLED: client cancelled
2022-10-11 12:49:25,105 [grpc-default-executor-0] WARN  server.GrpcLogAppender (LogUtils.java:warn(122)) - 0605c384-8e0d-4fdb-ab87-e69b89fa9455@group-BBDFD469DB51->47102196-0f4d-4140-8200-18f0777f7bc2-AppendLogResponseHandler: Failed appendEntries: org.apache.ratis.thirdparty.io.grpc.StatusRuntimeException: CANCELLED: RST_STREAM closed stream. HTTP/2 error code: CANCEL
2022-10-11 12:49:25,105 [grpc-default-executor-0] INFO  leader.FollowerInfo (FollowerInfoImpl.java:lambda$new$0(48)) - 0605c384-8e0d-4fdb-ab87-e69b89fa9455@group-BBDFD469DB51->47102196-0f4d-4140-8200-18f0777f7bc2: nextIndex: updateUnconditionally 13 -> 12
2022-10-11 12:49:25,111 [SCMBlockDeletingService#0] DEBUG block.SCMBlockDeletingService (SCMBlockDeletingService.java:call(131)) - Running DeletedBlockTransactionScanner
2022-10-11 12:49:25,112 [Listener at 127.0.0.1/37873] INFO  server.GrpcService (GrpcService.java:closeImpl(278)) - 47102196-0f4d-4140-8200-18f0777f7bc2: shutdown server with port 34445 successfully
2022-10-11 12:49:25,112 [org.apache.ratis.util.JvmPauseMonitor$$Lambda$703/795293305@1d83bb66] INFO  util.JvmPauseMonitor (JvmPauseMonitor.java:run(109)) - JvmPauseMonitor-47102196-0f4d-4140-8200-18f0777f7bc2: Stopped
2022-10-11 12:49:25,117 [grpc-default-executor-2] WARN  server.GrpcLogAppender (LogUtils.java:warn(122)) - 0605c384-8e0d-4fdb-ab87-e69b89fa9455@group-BBDFD469DB51->47102196-0f4d-4140-8200-18f0777f7bc2-AppendLogResponseHandler: Failed appendEntries: org.apache.ratis.thirdparty.io.grpc.StatusRuntimeException: UNAVAILABLE: io exception
2022-10-11 12:49:25,118 [grpc-default-executor-2] INFO  leader.FollowerInfo (FollowerInfoImpl.java:lambda$new$0(48)) - 0605c384-8e0d-4fdb-ab87-e69b89fa9455@group-BBDFD469DB51->47102196-0f4d-4140-8200-18f0777f7bc2: nextIndex: updateUnconditionally 13 -> 12
2022-10-11 12:49:25,211 [SCMBlockDeletingService#0] DEBUG block.SCMBlockDeletingService (SCMBlockDeletingService.java:call(131)) - Running DeletedBlockTransactionScanner
2022-10-11 12:49:25,270 [org.apache.hadoop.ozone.container.common.statemachine.commandhandler.DeleteBlocksCommandHandler$DeleteCmdWorker@12dda1b8] INFO  commandhandler.DeleteBlocksCommandHandler (DeleteBlocksCommandHandler.java:processCmd(271)) - Start to delete container blocks, TXIDs=[1(56)], numOfContainers=1, numOfBlocks=1
2022-10-11 12:49:25,270 [org.apache.hadoop.ozone.container.common.statemachine.commandhandler.DeleteBlocksCommandHandler$DeleteCmdWorker@12dda1b8] INFO  commandhandler.DeleteBlocksCommandHandler (DeleteBlocksCommandHandler.java:processCmd(271)) - Start to delete container blocks, TXIDs=[1(56)], numOfContainers=1, numOfBlocks=1
2022-10-11 12:49:25,270 [org.apache.hadoop.ozone.container.common.statemachine.commandhandler.DeleteBlocksCommandHandler$DeleteCmdWorker@12dda1b8] INFO  commandhandler.DeleteBlocksCommandHandler (DeleteBlocksCommandHandler.java:processCmd(271)) - Start to delete container blocks, TXIDs=[1(58)], numOfContainers=1, numOfBlocks=1
2022-10-11 12:49:25,270 [org.apache.hadoop.ozone.container.common.statemachine.commandhandler.DeleteBlocksCommandHandler$DeleteCmdWorker@12dda1b8] INFO  commandhandler.DeleteBlocksCommandHandler (DeleteBlocksCommandHandler.java:processCmd(271)) - Start to delete container blocks, TXIDs=[1(58)], numOfContainers=1, numOfBlocks=1
2022-10-11 12:49:25,270 [org.apache.hadoop.ozone.container.common.statemachine.commandhandler.DeleteBlocksCommandHandler$DeleteCmdWorker@12dda1b8] INFO  commandhandler.DeleteBlocksCommandHandler (DeleteBlocksCommandHandler.java:processCmd(271)) - Start to delete container blocks, TXIDs=[1(60)], numOfContainers=1, numOfBlocks=1
2022-10-11 12:49:25,271 [org.apache.hadoop.ozone.container.common.statemachine.commandhandler.DeleteBlocksCommandHandler$DeleteCmdWorker@12dda1b8] INFO  commandhandler.DeleteBlocksCommandHandler (DeleteBlocksCommandHandler.java:processCmd(271)) - Start to delete container blocks, TXIDs=[1(60)], numOfContainers=1, numOfBlocks=1
2022-10-11 12:49:25,271 [org.apache.hadoop.ozone.container.common.statemachine.commandhandler.DeleteBlocksCommandHandler$DeleteCmdWorker@12dda1b8] INFO  commandhandler.DeleteBlocksCommandHandler (DeleteBlocksCommandHandler.java:processCmd(271)) - Start to delete container blocks, TXIDs=[1(62)], numOfContainers=1, numOfBlocks=1
2022-10-11 12:49:25,271 [org.apache.hadoop.ozone.container.common.statemachine.commandhandler.DeleteBlocksCommandHandler$DeleteCmdWorker@12dda1b8] INFO  commandhandler.DeleteBlocksCommandHandler (DeleteBlocksCommandHandler.java:processCmd(271)) - Start to delete container blocks, TXIDs=[1(62)], numOfContainers=1, numOfBlocks=1
2022-10-11 12:49:25,271 [org.apache.hadoop.ozone.container.common.statemachine.commandhandler.DeleteBlocksCommandHandler$DeleteCmdWorker@12dda1b8] INFO  commandhandler.DeleteBlocksCommandHandler (DeleteBlocksCommandHandler.java:processCmd(271)) - Start to delete container blocks, TXIDs=[1(64)], numOfContainers=1, numOfBlocks=1
2022-10-11 12:49:25,271 [org.apache.hadoop.ozone.container.common.statemachine.commandhandler.DeleteBlocksCommandHandler$DeleteCmdWorker@12dda1b8] INFO  commandhandler.DeleteBlocksCommandHandler (DeleteBlocksCommandHandler.java:processCmd(271)) - Start to delete container blocks, TXIDs=[1(64)], numOfContainers=1, numOfBlocks=1
2022-10-11 12:49:25,271 [org.apache.hadoop.ozone.container.common.statemachine.commandhandler.DeleteBlocksCommandHandler$DeleteCmdWorker@12dda1b8] INFO  commandhandler.DeleteBlocksCommandHandler (DeleteBlocksCommandHandler.java:processCmd(271)) - Start to delete container blocks, TXIDs=[1(66)], numOfContainers=1, numOfBlocks=1
2022-10-11 12:49:25,272 [org.apache.hadoop.ozone.container.common.statemachine.commandhandler.DeleteBlocksCommandHandler$DeleteCmdWorker@12dda1b8] INFO  commandhandler.DeleteBlocksCommandHandler (DeleteBlocksCommandHandler.java:processCmd(271)) - Start to delete container blocks, TXIDs=[1(66)], numOfContainers=1, numOfBlocks=1
2022-10-11 12:49:25,311 [SCMBlockDeletingService#0] DEBUG block.SCMBlockDeletingService (SCMBlockDeletingService.java:call(131)) - Running DeletedBlockTransactionScanner
2022-10-11 12:49:25,411 [SCMBlockDeletingService#0] DEBUG block.SCMBlockDeletingService (SCMBlockDeletingService.java:call(131)) - Running DeletedBlockTransactionScanner
2022-10-11 12:49:25,511 [SCMBlockDeletingService#0] DEBUG block.SCMBlockDeletingService (SCMBlockDeletingService.java:call(131)) - Running DeletedBlockTransactionScanner
2022-10-11 12:49:25,611 [SCMBlockDeletingService#0] DEBUG block.SCMBlockDeletingService (SCMBlockDeletingService.java:call(131)) - Running DeletedBlockTransactionScanner
2022-10-11 12:49:25,712 [SCMBlockDeletingService#0] DEBUG block.SCMBlockDeletingService (SCMBlockDeletingService.java:call(131)) - Running DeletedBlockTransactionScanner
2022-10-11 12:49:25,812 [SCMBlockDeletingService#0] DEBUG block.SCMBlockDeletingService (SCMBlockDeletingService.java:call(131)) - Running DeletedBlockTransactionScanner
2022-10-11 12:49:25,912 [SCMBlockDeletingService#0] DEBUG block.SCMBlockDeletingService (SCMBlockDeletingService.java:call(131)) - Running DeletedBlockTransactionScanner
2022-10-11 12:49:26,012 [SCMBlockDeletingService#0] DEBUG block.SCMBlockDeletingService (SCMBlockDeletingService.java:call(131)) - Running DeletedBlockTransactionScanner
2022-10-11 12:49:26,112 [SCMBlockDeletingService#0] DEBUG block.SCMBlockDeletingService (SCMBlockDeletingService.java:call(131)) - Running DeletedBlockTransactionScanner
2022-10-11 12:49:26,212 [SCMBlockDeletingService#0] DEBUG block.SCMBlockDeletingService (SCMBlockDeletingService.java:call(131)) - Running DeletedBlockTransactionScanner
2022-10-11 12:49:26,312 [SCMBlockDeletingService#0] DEBUG block.SCMBlockDeletingService (SCMBlockDeletingService.java:call(131)) - Running DeletedBlockTransactionScanner
2022-10-11 12:49:26,412 [SCMBlockDeletingService#0] DEBUG block.SCMBlockDeletingService (SCMBlockDeletingService.java:call(131)) - Running DeletedBlockTransactionScanner
2022-10-11 12:49:26,513 [SCMBlockDeletingService#0] DEBUG block.SCMBlockDeletingService (SCMBlockDeletingService.java:call(131)) - Running DeletedBlockTransactionScanner
2022-10-11 12:49:26,613 [SCMBlockDeletingService#0] DEBUG block.SCMBlockDeletingService (SCMBlockDeletingService.java:call(131)) - Running DeletedBlockTransactionScanner
2022-10-11 12:49:26,663 [grpc-default-executor-2] WARN  server.GrpcLogAppender (LogUtils.java:warn(122)) - 0605c384-8e0d-4fdb-ab87-e69b89fa9455@group-BBDFD469DB51->47102196-0f4d-4140-8200-18f0777f7bc2-AppendLogResponseHandler: Failed appendEntries: org.apache.ratis.thirdparty.io.grpc.StatusRuntimeException: UNAVAILABLE: io exception
2022-10-11 12:49:26,663 [grpc-default-executor-2] INFO  leader.FollowerInfo (FollowerInfoImpl.java:lambda$new$0(48)) - 0605c384-8e0d-4fdb-ab87-e69b89fa9455@group-BBDFD469DB51->47102196-0f4d-4140-8200-18f0777f7bc2: nextIndex: updateUnconditionally 13 -> 12
2022-10-11 12:49:26,713 [SCMBlockDeletingService#0] DEBUG block.SCMBlockDeletingService (SCMBlockDeletingService.java:call(131)) - Running DeletedBlockTransactionScanner
2022-10-11 12:49:26,813 [SCMBlockDeletingService#0] DEBUG block.SCMBlockDeletingService (SCMBlockDeletingService.java:call(131)) - Running DeletedBlockTransactionScanner
2022-10-11 12:49:26,913 [SCMBlockDeletingService#0] DEBUG block.SCMBlockDeletingService (SCMBlockDeletingService.java:call(131)) - Running DeletedBlockTransactionScanner
2022-10-11 12:49:27,013 [SCMBlockDeletingService#0] DEBUG block.SCMBlockDeletingService (SCMBlockDeletingService.java:call(131)) - Running DeletedBlockTransactionScanner
2022-10-11 12:49:27,113 [SCMBlockDeletingService#0] DEBUG block.SCMBlockDeletingService (SCMBlockDeletingService.java:call(131)) - Running DeletedBlockTransactionScanner
2022-10-11 12:49:27,125 [Listener at 127.0.0.1/37873] INFO  utils.BackgroundService (BackgroundService.java:shutdown(141)) - Shutting down service BlockDeletingService
2022-10-11 12:49:27,127 [Listener at 127.0.0.1/37873] INFO  utils.BackgroundService (BackgroundService.java:shutdown(141)) - Shutting down service StaleRecoveringContainerScrubbingService
2022-10-11 12:49:27,130 [Listener at 127.0.0.1/37873] INFO  statemachine.DatanodeStateMachine (DatanodeStateMachine.java:stopDaemon(580)) - Ozone container server stopped.
2022-10-11 12:49:27,143 [Listener at 127.0.0.1/37873] INFO  handler.ContextHandler (ContextHandler.java:doStop(1153)) - Stopped o.e.j.w.WebAppContext@22860851{hddsDatanode,/,null,STOPPED}{jar:file:/home/runner/.m2/repository/org/apache/ozone/hdds-container-service/1.3.0-SNAPSHOT/hdds-container-service-1.3.0-SNAPSHOT.jar!/webapps/hddsDatanode}
2022-10-11 12:49:27,143 [Listener at 127.0.0.1/37873] INFO  server.AbstractConnector (AbstractConnector.java:doStop(381)) - Stopped ServerConnector@7ca73193{HTTP/1.1, (http/1.1)}{0.0.0.0:0}
2022-10-11 12:49:27,143 [Listener at 127.0.0.1/37873] INFO  server.session (HouseKeeper.java:stopScavenging(149)) - node0 Stopped scavenging
2022-10-11 12:49:27,144 [Listener at 127.0.0.1/37873] INFO  handler.ContextHandler (ContextHandler.java:doStop(1153)) - Stopped o.e.j.s.ServletContextHandler@3d1d12d7{static,/static,jar:file:/home/runner/.m2/repository/org/apache/ozone/hdds-container-service/1.3.0-SNAPSHOT/hdds-container-service-1.3.0-SNAPSHOT.jar!/webapps/static,STOPPED}
2022-10-11 12:49:27,144 [Listener at 127.0.0.1/37873] INFO  handler.ContextHandler (ContextHandler.java:doStop(1153)) - Stopped o.e.j.s.ServletContextHandler@e48560a{logs,/logs,file:///home/runner/work/ozone/ozone/hadoop-ozone/integration-test/target/log,STOPPED}
2022-10-11 12:49:27,155 [Listener at 127.0.0.1/37873] INFO  replication.LegacyReplicationManager (LegacyReplicationManager.java:sendDeleteCommand(1587)) - Sending delete container command for container #1 to datanode 4444cbf4-fd79-4bf9-9a85-9dbe318480e0{ip: 10.1.1.98, host: fv-az570-546.srgqcr2moziuvm0qev4lajleyh.dx.internal.cloudapp.net, ports: [REPLICATION=35863, RATIS=44895, RATIS_ADMIN=44895, RATIS_SERVER=44895, STANDALONE=39423], networkLocation: /default-rack, certSerialId: null, persistedOpState: IN_SERVICE, persistedOpStateExpiryEpochSec: 0}
2022-10-11 12:49:27,157 [Listener at 127.0.0.1/37873] INFO  replication.LegacyReplicationManager (LegacyReplicationManager.java:sendDeleteCommand(1587)) - Sending delete container command for container #1 to datanode 0605c384-8e0d-4fdb-ab87-e69b89fa9455{ip: 10.1.1.98, host: fv-az570-546.srgqcr2moziuvm0qev4lajleyh.dx.internal.cloudapp.net, ports: [REPLICATION=34551, RATIS=35731, RATIS_ADMIN=35731, RATIS_SERVER=35731, STANDALONE=37983], networkLocation: /default-rack, certSerialId: null, persistedOpState: IN_SERVICE, persistedOpStateExpiryEpochSec: 0}
2022-10-11 12:49:27,157 [Listener at 127.0.0.1/37873] INFO  replication.LegacyReplicationManager (LegacyReplicationManager.java:sendDeleteCommand(1587)) - Sending delete container command for container #1 to datanode 47102196-0f4d-4140-8200-18f0777f7bc2{ip: 10.1.1.98, host: fv-az570-546.srgqcr2moziuvm0qev4lajleyh.dx.internal.cloudapp.net, ports: [REPLICATION=32779, RATIS=34445, RATIS_ADMIN=34445, RATIS_SERVER=34445, STANDALONE=33757], networkLocation: /default-rack, certSerialId: null, persistedOpState: IN_SERVICE, persistedOpStateExpiryEpochSec: 0}
2022-10-11 12:49:27,157 [Listener at 127.0.0.1/37873] DEBUG replication.LegacyReplicationManager (LegacyReplicationManager.java:deleteContainerReplicas(1050)) - Deleting empty container replicas for ContainerInfo{id=#1, state=DELETING, pipelineID=PipelineID=98c00462-3050-4d4b-b576-bbdfd469db51, stateEnterTime=2022-10-11T12:49:12.507Z, owner=om1},
2022-10-11 12:49:27,158 [Listener at 127.0.0.1/37873] INFO  replication.ReplicationManager (ReplicationManager.java:processAll(324)) - Replication Monitor Thread took 11 milliseconds for processing 1 containers.
2022-10-11 12:49:27,162 [Listener at 127.0.0.1/37873] INFO  replication.ReplicationManager (ReplicationManager.java:processAll(324)) - Replication Monitor Thread took 1 milliseconds for processing 1 containers.
2022-10-11 12:49:27,213 [SCMBlockDeletingService#0] DEBUG block.SCMBlockDeletingService (SCMBlockDeletingService.java:call(131)) - Running DeletedBlockTransactionScanner
2022-10-11 12:49:27,313 [SCMBlockDeletingService#0] DEBUG block.SCMBlockDeletingService (SCMBlockDeletingService.java:call(131)) - Running DeletedBlockTransactionScanner
2022-10-11 12:49:27,414 [SCMBlockDeletingService#0] DEBUG block.SCMBlockDeletingService (SCMBlockDeletingService.java:call(131)) - Running DeletedBlockTransactionScanner
2022-10-11 12:49:27,514 [SCMBlockDeletingService#0] DEBUG block.SCMBlockDeletingService (SCMBlockDeletingService.java:call(131)) - Running DeletedBlockTransactionScanner
2022-10-11 12:49:27,614 [SCMBlockDeletingService#0] DEBUG block.SCMBlockDeletingService (SCMBlockDeletingService.java:call(131)) - Running DeletedBlockTransactionScanner
2022-10-11 12:49:27,714 [SCMBlockDeletingService#0] DEBUG block.SCMBlockDeletingService (SCMBlockDeletingService.java:call(131)) - Running DeletedBlockTransactionScanner
2022-10-11 12:49:27,814 [SCMBlockDeletingService#0] DEBUG block.SCMBlockDeletingService (SCMBlockDeletingService.java:call(131)) - Running DeletedBlockTransactionScanner
2022-10-11 12:49:27,913 [grpc-default-executor-2] WARN  server.GrpcLogAppender (LogUtils.java:warn(122)) - 0605c384-8e0d-4fdb-ab87-e69b89fa9455@group-BBDFD469DB51->47102196-0f4d-4140-8200-18f0777f7bc2-AppendLogResponseHandler: Failed appendEntries: org.apache.ratis.thirdparty.io.grpc.StatusRuntimeException: UNAVAILABLE: io exception
2022-10-11 12:49:27,914 [grpc-default-executor-2] INFO  leader.FollowerInfo (FollowerInfoImpl.java:lambda$new$0(48)) - 0605c384-8e0d-4fdb-ab87-e69b89fa9455@group-BBDFD469DB51->47102196-0f4d-4140-8200-18f0777f7bc2: nextIndex: updateUnconditionally 13 -> 12
2022-10-11 12:49:27,914 [SCMBlockDeletingService#0] DEBUG block.SCMBlockDeletingService (SCMBlockDeletingService.java:call(131)) - Running DeletedBlockTransactionScanner
2022-10-11 12:49:28,015 [SCMBlockDeletingService#0] DEBUG block.SCMBlockDeletingService (SCMBlockDeletingService.java:call(131)) - Running DeletedBlockTransactionScanner
2022-10-11 12:49:28,024 [EventQueue-StaleNodeForStaleNodeHandler] INFO  node.StaleNodeHandler (StaleNodeHandler.java:onMessage(59)) - Datanode 47102196-0f4d-4140-8200-18f0777f7bc2{ip: 10.1.1.98, host: fv-az570-546.srgqcr2moziuvm0qev4lajleyh.dx.internal.cloudapp.net, ports: [REPLICATION=32779, RATIS=34445, RATIS_ADMIN=34445, RATIS_SERVER=34445, STANDALONE=33757], networkLocation: /default-rack, certSerialId: null, persistedOpState: IN_SERVICE, persistedOpStateExpiryEpochSec: 0} moved to stale state. Finalizing its pipelines [PipelineID=98c00462-3050-4d4b-b576-bbdfd469db51]
2022-10-11 12:49:28,025 [EventQueue-StaleNodeForStaleNodeHandler] INFO  pipeline.PipelineManagerImpl (PipelineManagerImpl.java:closePipeline(442)) - Pipeline Pipeline[ Id: 98c00462-3050-4d4b-b576-bbdfd469db51, Nodes: 4444cbf4-fd79-4bf9-9a85-9dbe318480e0{ip: 10.1.1.98, host: fv-az570-546.srgqcr2moziuvm0qev4lajleyh.dx.internal.cloudapp.net, ports: [REPLICATION=35863, RATIS=44895, RATIS_ADMIN=44895, RATIS_SERVER=44895, STANDALONE=39423], networkLocation: /default-rack, certSerialId: null, persistedOpState: IN_SERVICE, persistedOpStateExpiryEpochSec: 0}47102196-0f4d-4140-8200-18f0777f7bc2{ip: 10.1.1.98, host: fv-az570-546.srgqcr2moziuvm0qev4lajleyh.dx.internal.cloudapp.net, ports: [REPLICATION=32779, RATIS=34445, RATIS_ADMIN=34445, RATIS_SERVER=34445, STANDALONE=33757], networkLocation: /default-rack, certSerialId: null, persistedOpState: IN_SERVICE, persistedOpStateExpiryEpochSec: 0}0605c384-8e0d-4fdb-ab87-e69b89fa9455{ip: 10.1.1.98, host: fv-az570-546.srgqcr2moziuvm0qev4lajleyh.dx.internal.cloudapp.net, ports: [REPLICATION=34551, RATIS=35731, RATIS_ADMIN=35731, RATIS_SERVER=35731, STANDALONE=37983], networkLocation: /default-rack, certSerialId: null, persistedOpState: IN_SERVICE, persistedOpStateExpiryEpochSec: 0}, ReplicationConfig: RATIS/THREE, State:OPEN, leaderId:0605c384-8e0d-4fdb-ab87-e69b89fa9455, CreationTimestamp2022-10-11T12:48:44.236Z[Etc/UTC]] moved to CLOSED state
2022-10-11 12:49:28,115 [SCMBlockDeletingService#0] DEBUG block.SCMBlockDeletingService (SCMBlockDeletingService.java:call(131)) - Running DeletedBlockTransactionScanner
2022-10-11 12:49:28,215 [SCMBlockDeletingService#0] DEBUG block.SCMBlockDeletingService (SCMBlockDeletingService.java:call(131)) - Running DeletedBlockTransactionScanner
2022-10-11 12:49:28,315 [SCMBlockDeletingService#0] DEBUG block.SCMBlockDeletingService (SCMBlockDeletingService.java:call(131)) - Running DeletedBlockTransactionScanner
2022-10-11 12:49:28,415 [SCMBlockDeletingService#0] DEBUG block.SCMBlockDeletingService (SCMBlockDeletingService.java:call(131)) - Running DeletedBlockTransactionScanner
2022-10-11 12:49:28,515 [SCMBlockDeletingService#0] DEBUG block.SCMBlockDeletingService (SCMBlockDeletingService.java:call(131)) - Running DeletedBlockTransactionScanner
2022-10-11 12:49:28,615 [SCMBlockDeletingService#0] DEBUG block.SCMBlockDeletingService (SCMBlockDeletingService.java:call(131)) - Running DeletedBlockTransactionScanner
2022-10-11 12:49:28,715 [SCMBlockDeletingService#0] DEBUG block.SCMBlockDeletingService (SCMBlockDeletingService.java:call(131)) - Running DeletedBlockTransactionScanner
2022-10-11 12:49:28,816 [SCMBlockDeletingService#0] DEBUG block.SCMBlockDeletingService (SCMBlockDeletingService.java:call(131)) - Running DeletedBlockTransactionScanner
2022-10-11 12:49:28,916 [SCMBlockDeletingService#0] DEBUG block.SCMBlockDeletingService (SCMBlockDeletingService.java:call(131)) - Running DeletedBlockTransactionScanner
2022-10-11 12:49:29,016 [SCMBlockDeletingService#0] DEBUG block.SCMBlockDeletingService (SCMBlockDeletingService.java:call(131)) - Running DeletedBlockTransactionScanner
2022-10-11 12:49:29,116 [SCMBlockDeletingService#0] DEBUG block.SCMBlockDeletingService (SCMBlockDeletingService.java:call(131)) - Running DeletedBlockTransactionScanner
2022-10-11 12:49:29,164 [grpc-default-executor-3] WARN  server.GrpcLogAppender (LogUtils.java:warn(122)) - 0605c384-8e0d-4fdb-ab87-e69b89fa9455@group-BBDFD469DB51->47102196-0f4d-4140-8200-18f0777f7bc2-AppendLogResponseHandler: Failed appendEntries: org.apache.ratis.thirdparty.io.grpc.StatusRuntimeException: UNAVAILABLE: io exception
2022-10-11 12:49:29,168 [grpc-default-executor-3] INFO  leader.FollowerInfo (FollowerInfoImpl.java:lambda$new$0(48)) - 0605c384-8e0d-4fdb-ab87-e69b89fa9455@group-BBDFD469DB51->47102196-0f4d-4140-8200-18f0777f7bc2: nextIndex: updateUnconditionally 13 -> 12
2022-10-11 12:49:29,216 [SCMBlockDeletingService#0] DEBUG block.SCMBlockDeletingService (SCMBlockDeletingService.java:call(131)) - Running DeletedBlockTransactionScanner
2022-10-11 12:49:29,316 [SCMBlockDeletingService#0] DEBUG block.SCMBlockDeletingService (SCMBlockDeletingService.java:call(131)) - Running DeletedBlockTransactionScanner
2022-10-11 12:49:29,416 [SCMBlockDeletingService#0] DEBUG block.SCMBlockDeletingService (SCMBlockDeletingService.java:call(131)) - Running DeletedBlockTransactionScanner
2022-10-11 12:49:29,516 [SCMBlockDeletingService#0] DEBUG block.SCMBlockDeletingService (SCMBlockDeletingService.java:call(131)) - Running DeletedBlockTransactionScanner
2022-10-11 12:49:29,617 [SCMBlockDeletingService#0] DEBUG block.SCMBlockDeletingService (SCMBlockDeletingService.java:call(131)) - Running DeletedBlockTransactionScanner
2022-10-11 12:49:29,717 [SCMBlockDeletingService#0] DEBUG block.SCMBlockDeletingService (SCMBlockDeletingService.java:call(131)) - Running DeletedBlockTransactionScanner
2022-10-11 12:49:29,817 [SCMBlockDeletingService#0] DEBUG block.SCMBlockDeletingService (SCMBlockDeletingService.java:call(131)) - Running DeletedBlockTransactionScanner
2022-10-11 12:49:29,917 [SCMBlockDeletingService#0] DEBUG block.SCMBlockDeletingService (SCMBlockDeletingService.java:call(131)) - Running DeletedBlockTransactionScanner
2022-10-11 12:49:30,017 [SCMBlockDeletingService#0] DEBUG block.SCMBlockDeletingService (SCMBlockDeletingService.java:call(131)) - Running DeletedBlockTransactionScanner
2022-10-11 12:49:30,117 [SCMBlockDeletingService#0] DEBUG block.SCMBlockDeletingService (SCMBlockDeletingService.java:call(131)) - Running DeletedBlockTransactionScanner
2022-10-11 12:49:30,195 [Listener at 127.0.0.1/37873] INFO  ozone.MiniOzoneClusterImpl (MiniOzoneClusterImpl.java:shutdown(448)) - Shutting down the Mini Ozone Cluster
2022-10-11 12:49:30,196 [Listener at 127.0.0.1/37873] INFO  ozone.MiniOzoneClusterImpl (MiniOzoneClusterImpl.java:stop(463)) - Stopping the Mini Ozone Cluster
2022-10-11 12:49:30,196 [Listener at 127.0.0.1/37873] INFO  ozone.MiniOzoneClusterImpl (MiniOzoneClusterImpl.java:stopOM(545)) - Stopping the OzoneManager
2022-10-11 12:49:30,196 [Listener at 127.0.0.1/37873] INFO  om.OzoneManager (OzoneManager.java:stop(2038)) - om1[localhost:0]: Stopping Ozone Manager
2022-10-11 12:49:30,196 [Listener at 127.0.0.1/37873] INFO  ipc.Server (Server.java:stop(3414)) - Stopping server on 37873
2022-10-11 12:49:30,198 [IPC Server listener on 0] INFO  ipc.Server (Server.java:run(1376)) - Stopping IPC Server listener on 0
2022-10-11 12:49:30,199 [IPC Server Responder] INFO  ipc.Server (Server.java:run(1512)) - Stopping IPC Server Responder
2022-10-11 12:49:30,200 [Listener at 127.0.0.1/37873] INFO  server.RaftServer (RaftServerProxy.java:lambda$close$7(398)) - om1: close
2022-10-11 12:49:30,200 [Listener at 127.0.0.1/37873] INFO  server.RaftServer$Division (RaftServerImpl.java:lambda$close$4(434)) - om1@group-C5BA1605619E: shutdown
2022-10-11 12:49:30,200 [Listener at 127.0.0.1/37873] INFO  util.JmxRegister (JmxRegister.java:unregister(73)) - Successfully un-registered JMX Bean with object name Ratis:service=RaftServer,group=group-C5BA1605619E,id=om1
2022-10-11 12:49:30,200 [Listener at 127.0.0.1/37873] INFO  impl.RoleInfo (RoleInfo.java:shutdownLeaderState(93)) - om1: shutdown om1@group-C5BA1605619E-LeaderStateImpl
2022-10-11 12:49:30,200 [Listener at 127.0.0.1/37873] INFO  impl.PendingRequests (PendingRequests.java:sendNotLeaderResponses(282)) - om1@group-C5BA1605619E-PendingRequests: sendNotLeaderResponses
2022-10-11 12:49:30,204 [Listener at 127.0.0.1/37873] INFO  impl.StateMachineUpdater (StateMachineUpdater.java:stopAndJoin(153)) - om1@group-C5BA1605619E-StateMachineUpdater: set stopIndex = 12
2022-10-11 12:49:30,204 [om1@group-C5BA1605619E-StateMachineUpdater] INFO  ratis.OzoneManagerStateMachine (OzoneManagerStateMachine.java:takeSnapshot(441)) - Current Snapshot Index (t:1, i:12)
2022-10-11 12:49:30,207 [om1@group-C5BA1605619E-StateMachineUpdater] INFO  impl.StateMachineUpdater (StateMachineUpdater.java:takeSnapshot(287)) - om1@group-C5BA1605619E-StateMachineUpdater: Took a snapshot at index 12
2022-10-11 12:49:30,207 [om1@group-C5BA1605619E-StateMachineUpdater] INFO  impl.StateMachineUpdater (StateMachineUpdater.java:lambda$new$0(92)) - om1@group-C5BA1605619E-StateMachineUpdater: snapshotIndex: updateIncreasingly -1 -> 12
2022-10-11 12:49:30,207 [om1@group-C5BA1605619E-StateMachineUpdater] INFO  ratis.OzoneManagerStateMachine (OzoneManagerStateMachine.java:close(495)) - StateMachine has shutdown. Shutdown OzoneManager if not already shutdown.
2022-10-11 12:49:30,207 [om1@group-C5BA1605619E-StateMachineUpdater] INFO  ratis.OzoneManagerDoubleBuffer (OzoneManagerDoubleBuffer.java:stop(466)) - Stopping OMDoubleBuffer flush thread
2022-10-11 12:49:30,207 [OMDoubleBufferFlushThread] INFO  ratis.OzoneManagerDoubleBuffer (OzoneManagerDoubleBuffer.java:flushTransactions(385)) - OMDoubleBuffer flush thread OMDoubleBufferFlushThread is interrupted and will exit.
2022-10-11 12:49:30,208 [Listener at 127.0.0.1/37873] INFO  server.RaftServer$Division (ServerState.java:close(429)) - om1@group-C5BA1605619E: closes. applyIndex: 12
2022-10-11 12:49:30,208 [om1@group-C5BA1605619E-SegmentedRaftLogWorker] INFO  segmented.SegmentedRaftLogWorker (SegmentedRaftLogWorker.java:run(336)) - om1@group-C5BA1605619E-SegmentedRaftLogWorker was interrupted, exiting. There are 0 tasks remaining in the queue.
2022-10-11 12:49:30,210 [Listener at 127.0.0.1/37873] INFO  segmented.SegmentedRaftLogWorker (SegmentedRaftLogWorker.java:close(246)) - om1@group-C5BA1605619E-SegmentedRaftLogWorker close()
2022-10-11 12:49:30,211 [Listener at 127.0.0.1/37873] INFO  server.GrpcService (GrpcService.java:closeImpl(269)) - om1: shutdown server with port 9872 now
2022-10-11 12:49:30,213 [Listener at 127.0.0.1/37873] INFO  server.GrpcService (GrpcService.java:closeImpl(278)) - om1: shutdown server with port 9872 successfully
2022-10-11 12:49:30,213 [org.apache.ratis.util.JvmPauseMonitor$$Lambda$703/795293305@7767c493] INFO  util.JvmPauseMonitor (JvmPauseMonitor.java:run(109)) - JvmPauseMonitor-om1: Stopped
2022-10-11 12:49:30,213 [Listener at 127.0.0.1/37873] INFO  ratis.OzoneManagerStateMachine (OzoneManagerStateMachine.java:close(495)) - StateMachine has shutdown. Shutdown OzoneManager if not already shutdown.
2022-10-11 12:49:30,213 [Listener at 127.0.0.1/37873] INFO  ratis.OzoneManagerDoubleBuffer (OzoneManagerDoubleBuffer.java:stop(478)) - OMDoubleBuffer flush thread is not running.
2022-10-11 12:49:30,214 [Listener at 127.0.0.1/37873] INFO  utils.BackgroundService (BackgroundService.java:shutdown(141)) - Shutting down service KeyDeletingService
2022-10-11 12:49:30,214 [Listener at 127.0.0.1/37873] INFO  utils.BackgroundService (BackgroundService.java:shutdown(141)) - Shutting down service DirectoryDeletingService
2022-10-11 12:49:30,214 [Listener at 127.0.0.1/37873] INFO  utils.BackgroundService (BackgroundService.java:shutdown(141)) - Shutting down service OpenKeyCleanupService
2022-10-11 12:49:30,217 [Listener at 127.0.0.1/37873] INFO  handler.ContextHandler (ContextHandler.java:doStop(1153)) - Stopped o.e.j.w.WebAppContext@d9b8325{ozoneManager,/,null,STOPPED}{file:/home/runner/work/ozone/ozone/hadoop-ozone/integration-test/target/test-classes/webapps/ozoneManager}
2022-10-11 12:49:30,217 [SCMBlockDeletingService#0] DEBUG block.SCMBlockDeletingService (SCMBlockDeletingService.java:call(131)) - Running DeletedBlockTransactionScanner
2022-10-11 12:49:30,218 [Listener at 127.0.0.1/37873] INFO  server.AbstractConnector (AbstractConnector.java:doStop(381)) - Stopped ServerConnector@bb08766{HTTP/1.1, (http/1.1)}{0.0.0.0:0}
2022-10-11 12:49:30,218 [Listener at 127.0.0.1/37873] INFO  server.session (HouseKeeper.java:stopScavenging(149)) - node0 Stopped scavenging
2022-10-11 12:49:30,218 [Listener at 127.0.0.1/37873] INFO  handler.ContextHandler (ContextHandler.java:doStop(1153)) - Stopped o.e.j.s.ServletContextHandler@43e9173{static,/static,file:///home/runner/work/ozone/ozone/hadoop-ozone/integration-test/target/test-classes/webapps/static,STOPPED}
2022-10-11 12:49:30,219 [Listener at 127.0.0.1/37873] INFO  handler.ContextHandler (ContextHandler.java:doStop(1153)) - Stopped o.e.j.s.ServletContextHandler@466d9a63{logs,/logs,file:///home/runner/work/ozone/ozone/hadoop-ozone/integration-test/target/log,STOPPED}
2022-10-11 12:49:30,223 [Listener at 127.0.0.1/37873] INFO  ozone.MiniOzoneClusterImpl (MiniOzoneClusterImpl.java:stopDatanodes(522)) - Stopping the HddsDatanodes
2022-10-11 12:49:30,229 [Listener at 127.0.0.1/37873] INFO  ozoneimpl.OzoneContainer (OzoneContainer.java:stop(400)) - Attempting to stop container services.
2022-10-11 12:49:30,230 [Listener at 127.0.0.1/37873] INFO  server.RaftServer (RaftServerProxy.java:lambda$close$7(398)) - 4444cbf4-fd79-4bf9-9a85-9dbe318480e0: close
2022-10-11 12:49:30,230 [Listener at 127.0.0.1/37873] INFO  server.RaftServer$Division (RaftServerImpl.java:lambda$close$4(434)) - 4444cbf4-fd79-4bf9-9a85-9dbe318480e0@group-BBDFD469DB51: shutdown
2022-10-11 12:49:30,230 [Listener at 127.0.0.1/37873] INFO  util.JmxRegister (JmxRegister.java:unregister(73)) - Successfully un-registered JMX Bean with object name Ratis:service=RaftServer,group=group-BBDFD469DB51,id=4444cbf4-fd79-4bf9-9a85-9dbe318480e0
2022-10-11 12:49:30,231 [Listener at 127.0.0.1/37873] INFO  impl.RoleInfo (RoleInfo.java:shutdownFollowerState(110)) - 4444cbf4-fd79-4bf9-9a85-9dbe318480e0: shutdown 4444cbf4-fd79-4bf9-9a85-9dbe318480e0@group-BBDFD469DB51-FollowerState
2022-10-11 12:49:30,231 [4444cbf4-fd79-4bf9-9a85-9dbe318480e0@group-BBDFD469DB51-FollowerState] INFO  impl.FollowerState (FollowerState.java:run(152)) - 4444cbf4-fd79-4bf9-9a85-9dbe318480e0@group-BBDFD469DB51-FollowerState was interrupted
2022-10-11 12:49:30,231 [4444cbf4-fd79-4bf9-9a85-9dbe318480e0@group-BBDFD469DB51-StateMachineUpdater] INFO  ratis.ContainerStateMachine (ContainerStateMachine.java:takeSnapshot(304)) - group-BBDFD469DB51: Taking a snapshot at:(t:5, i:12) file /home/runner/work/ozone/ozone/hadoop-ozone/integration-test/target/test-dir/MiniOzoneClusterImpl-5cb71319-a8c8-4762-aa0c-8f2be259135d/datanode-1/data/ratis/98c00462-3050-4d4b-b576-bbdfd469db51/sm/snapshot.5_12
2022-10-11 12:49:30,232 [Listener at 127.0.0.1/37873] INFO  impl.StateMachineUpdater (StateMachineUpdater.java:stopAndJoin(153)) - 4444cbf4-fd79-4bf9-9a85-9dbe318480e0@group-BBDFD469DB51-StateMachineUpdater: set stopIndex = 12
2022-10-11 12:49:30,233 [4444cbf4-fd79-4bf9-9a85-9dbe318480e0@group-BBDFD469DB51-StateMachineUpdater] INFO  ratis.ContainerStateMachine (ContainerStateMachine.java:takeSnapshot(315)) - group-BBDFD469DB51: Finished taking a snapshot at:(t:5, i:12) file:/home/runner/work/ozone/ozone/hadoop-ozone/integration-test/target/test-dir/MiniOzoneClusterImpl-5cb71319-a8c8-4762-aa0c-8f2be259135d/datanode-1/data/ratis/98c00462-3050-4d4b-b576-bbdfd469db51/sm/snapshot.5_12 took: 2 ms
2022-10-11 12:49:30,234 [4444cbf4-fd79-4bf9-9a85-9dbe318480e0@group-BBDFD469DB51-StateMachineUpdater] INFO  impl.StateMachineUpdater (StateMachineUpdater.java:takeSnapshot(287)) - 4444cbf4-fd79-4bf9-9a85-9dbe318480e0@group-BBDFD469DB51-StateMachineUpdater: Took a snapshot at index 12
2022-10-11 12:49:30,235 [4444cbf4-fd79-4bf9-9a85-9dbe318480e0@group-BBDFD469DB51-StateMachineUpdater] INFO  impl.StateMachineUpdater (StateMachineUpdater.java:lambda$new$0(92)) - 4444cbf4-fd79-4bf9-9a85-9dbe318480e0@group-BBDFD469DB51-StateMachineUpdater: snapshotIndex: updateIncreasingly -1 -> 12
2022-10-11 12:49:30,236 [Listener at 127.0.0.1/37873] INFO  server.RaftServer$Division (ServerState.java:close(429)) - 4444cbf4-fd79-4bf9-9a85-9dbe318480e0@group-BBDFD469DB51: closes. applyIndex: 12
2022-10-11 12:49:30,236 [4444cbf4-fd79-4bf9-9a85-9dbe318480e0@group-BBDFD469DB51-SegmentedRaftLogWorker] INFO  segmented.SegmentedRaftLogWorker (SegmentedRaftLogWorker.java:run(336)) - 4444cbf4-fd79-4bf9-9a85-9dbe318480e0@group-BBDFD469DB51-SegmentedRaftLogWorker was interrupted, exiting. There are 0 tasks remaining in the queue.
2022-10-11 12:49:30,234 [ForkJoinPool.commonPool-worker-1] INFO  ozoneimpl.OzoneContainer (OzoneContainer.java:stop(400)) - Attempting to stop container services.
2022-10-11 12:49:30,237 [Listener at 127.0.0.1/37873] INFO  segmented.SegmentedRaftLogWorker (SegmentedRaftLogWorker.java:close(246)) - 4444cbf4-fd79-4bf9-9a85-9dbe318480e0@group-BBDFD469DB51-SegmentedRaftLogWorker close()
2022-10-11 12:49:30,241 [Listener at 127.0.0.1/37873] INFO  server.GrpcService (GrpcService.java:closeImpl(269)) - 4444cbf4-fd79-4bf9-9a85-9dbe318480e0: shutdown server with port 44895 now
2022-10-11 12:49:30,241 [ForkJoinPool.commonPool-worker-1] INFO  server.RaftServer (RaftServerProxy.java:lambda$close$7(398)) - 0605c384-8e0d-4fdb-ab87-e69b89fa9455: close
2022-10-11 12:49:30,242 [grpc-default-executor-0] WARN  server.GrpcLogAppender (LogUtils.java:warn(122)) - 0605c384-8e0d-4fdb-ab87-e69b89fa9455@group-BBDFD469DB51->4444cbf4-fd79-4bf9-9a85-9dbe318480e0-AppendLogResponseHandler: Failed appendEntries: org.apache.ratis.thirdparty.io.grpc.StatusRuntimeException: CANCELLED: RST_STREAM closed stream. HTTP/2 error code: CANCEL
2022-10-11 12:49:30,242 [grpc-default-executor-3] WARN  server.GrpcServerProtocolService (LogUtils.java:warn(122)) - 4444cbf4-fd79-4bf9-9a85-9dbe318480e0: installSnapshot onError, lastRequest: 0605c384-8e0d-4fdb-ab87-e69b89fa9455->4444cbf4-fd79-4bf9-9a85-9dbe318480e0#279-t5,previous=(t:5, i:11),leaderCommit=11,initializing? true,entries: size=1, first=(t:5, i:12), METADATAENTRY(c:11): org.apache.ratis.thirdparty.io.grpc.StatusRuntimeException: CANCELLED: client cancelled
2022-10-11 12:49:30,243 [grpc-default-executor-0] INFO  leader.FollowerInfo (FollowerInfoImpl.java:lambda$new$0(48)) - 0605c384-8e0d-4fdb-ab87-e69b89fa9455@group-BBDFD469DB51->4444cbf4-fd79-4bf9-9a85-9dbe318480e0: nextIndex: updateUnconditionally 13 -> 12
2022-10-11 12:49:30,243 [ForkJoinPool.commonPool-worker-1] INFO  server.RaftServer$Division (RaftServerImpl.java:lambda$close$4(434)) - 0605c384-8e0d-4fdb-ab87-e69b89fa9455@group-BBDFD469DB51: shutdown
2022-10-11 12:49:30,245 [Listener at 127.0.0.1/37873] INFO  server.GrpcService (GrpcService.java:closeImpl(278)) - 4444cbf4-fd79-4bf9-9a85-9dbe318480e0: shutdown server with port 44895 successfully
2022-10-11 12:49:30,246 [ForkJoinPool.commonPool-worker-1] INFO  util.JmxRegister (JmxRegister.java:unregister(73)) - Successfully un-registered JMX Bean with object name Ratis:service=RaftServer,group=group-BBDFD469DB51,id=0605c384-8e0d-4fdb-ab87-e69b89fa9455
2022-10-11 12:49:30,246 [org.apache.ratis.util.JvmPauseMonitor$$Lambda$703/795293305@21bc2e6b] INFO  util.JvmPauseMonitor (JvmPauseMonitor.java:run(109)) - JvmPauseMonitor-4444cbf4-fd79-4bf9-9a85-9dbe318480e0: Stopped
2022-10-11 12:49:30,246 [ForkJoinPool.commonPool-worker-1] INFO  impl.RoleInfo (RoleInfo.java:shutdownLeaderState(93)) - 0605c384-8e0d-4fdb-ab87-e69b89fa9455: shutdown 0605c384-8e0d-4fdb-ab87-e69b89fa9455@group-BBDFD469DB51-LeaderStateImpl
2022-10-11 12:49:30,246 [0605c384-8e0d-4fdb-ab87-e69b89fa9455@group-BBDFD469DB51->4444cbf4-fd79-4bf9-9a85-9dbe318480e0-GrpcLogAppender-LogAppenderDaemon] WARN  server.GrpcLogAppender (GrpcLogAppender.java:mayWait(171)) - 0605c384-8e0d-4fdb-ab87-e69b89fa9455@group-BBDFD469DB51->4444cbf4-fd79-4bf9-9a85-9dbe318480e0-GrpcLogAppender: Wait interrupted by java.lang.InterruptedException
2022-10-11 12:49:30,247 [0605c384-8e0d-4fdb-ab87-e69b89fa9455@group-BBDFD469DB51->47102196-0f4d-4140-8200-18f0777f7bc2-GrpcLogAppender-LogAppenderDaemon] WARN  server.GrpcLogAppender (GrpcLogAppender.java:mayWait(171)) - 0605c384-8e0d-4fdb-ab87-e69b89fa9455@group-BBDFD469DB51->47102196-0f4d-4140-8200-18f0777f7bc2-GrpcLogAppender: Wait interrupted by java.lang.InterruptedException
2022-10-11 12:49:30,246 [ForkJoinPool.commonPool-worker-1] INFO  impl.PendingRequests (PendingRequests.java:sendNotLeaderResponses(282)) - 0605c384-8e0d-4fdb-ab87-e69b89fa9455@group-BBDFD469DB51-PendingRequests: sendNotLeaderResponses
2022-10-11 12:49:30,251 [ForkJoinPool.commonPool-worker-1] INFO  impl.StateMachineUpdater (StateMachineUpdater.java:stopAndJoin(153)) - 0605c384-8e0d-4fdb-ab87-e69b89fa9455@group-BBDFD469DB51-StateMachineUpdater: set stopIndex = 12
2022-10-11 12:49:30,251 [0605c384-8e0d-4fdb-ab87-e69b89fa9455@group-BBDFD469DB51-StateMachineUpdater] INFO  ratis.ContainerStateMachine (ContainerStateMachine.java:takeSnapshot(304)) - group-BBDFD469DB51: Taking a snapshot at:(t:5, i:12) file /home/runner/work/ozone/ozone/hadoop-ozone/integration-test/target/test-dir/MiniOzoneClusterImpl-5cb71319-a8c8-4762-aa0c-8f2be259135d/datanode-2/data/ratis/98c00462-3050-4d4b-b576-bbdfd469db51/sm/snapshot.5_12
2022-10-11 12:49:30,253 [0605c384-8e0d-4fdb-ab87-e69b89fa9455@group-BBDFD469DB51-StateMachineUpdater] INFO  ratis.ContainerStateMachine (ContainerStateMachine.java:takeSnapshot(315)) - group-BBDFD469DB51: Finished taking a snapshot at:(t:5, i:12) file:/home/runner/work/ozone/ozone/hadoop-ozone/integration-test/target/test-dir/MiniOzoneClusterImpl-5cb71319-a8c8-4762-aa0c-8f2be259135d/datanode-2/data/ratis/98c00462-3050-4d4b-b576-bbdfd469db51/sm/snapshot.5_12 took: 2 ms
2022-10-11 12:49:30,253 [0605c384-8e0d-4fdb-ab87-e69b89fa9455@group-BBDFD469DB51-StateMachineUpdater] INFO  impl.StateMachineUpdater (StateMachineUpdater.java:takeSnapshot(287)) - 0605c384-8e0d-4fdb-ab87-e69b89fa9455@group-BBDFD469DB51-StateMachineUpdater: Took a snapshot at index 12
2022-10-11 12:49:30,253 [0605c384-8e0d-4fdb-ab87-e69b89fa9455@group-BBDFD469DB51-StateMachineUpdater] INFO  impl.StateMachineUpdater (StateMachineUpdater.java:lambda$new$0(92)) - 0605c384-8e0d-4fdb-ab87-e69b89fa9455@group-BBDFD469DB51-StateMachineUpdater: snapshotIndex: updateIncreasingly -1 -> 12
2022-10-11 12:49:30,254 [ForkJoinPool.commonPool-worker-1] INFO  server.RaftServer$Division (ServerState.java:close(429)) - 0605c384-8e0d-4fdb-ab87-e69b89fa9455@group-BBDFD469DB51: closes. applyIndex: 12
2022-10-11 12:49:30,254 [0605c384-8e0d-4fdb-ab87-e69b89fa9455@group-BBDFD469DB51-SegmentedRaftLogWorker] INFO  segmented.SegmentedRaftLogWorker (SegmentedRaftLogWorker.java:run(336)) - 0605c384-8e0d-4fdb-ab87-e69b89fa9455@group-BBDFD469DB51-SegmentedRaftLogWorker was interrupted, exiting. There are 0 tasks remaining in the queue.
2022-10-11 12:49:30,255 [ForkJoinPool.commonPool-worker-1] INFO  segmented.SegmentedRaftLogWorker (SegmentedRaftLogWorker.java:close(246)) - 0605c384-8e0d-4fdb-ab87-e69b89fa9455@group-BBDFD469DB51-SegmentedRaftLogWorker close()
2022-10-11 12:49:30,257 [ForkJoinPool.commonPool-worker-1] INFO  server.GrpcService (GrpcService.java:closeImpl(269)) - 0605c384-8e0d-4fdb-ab87-e69b89fa9455: shutdown server with port 35731 now
2022-10-11 12:49:30,257 [grpc-default-executor-3] WARN  server.GrpcClientProtocolService (LogUtils.java:warn(122)) - 1-UnorderedRequestStreamObserver1: onError: org.apache.ratis.thirdparty.io.grpc.StatusRuntimeException: CANCELLED: client cancelled
2022-10-11 12:49:30,262 [ForkJoinPool.commonPool-worker-1] INFO  server.GrpcService (GrpcService.java:closeImpl(278)) - 0605c384-8e0d-4fdb-ab87-e69b89fa9455: shutdown server with port 35731 successfully
2022-10-11 12:49:30,262 [org.apache.ratis.util.JvmPauseMonitor$$Lambda$703/795293305@6e49f1a2] INFO  util.JvmPauseMonitor (JvmPauseMonitor.java:run(109)) - JvmPauseMonitor-0605c384-8e0d-4fdb-ab87-e69b89fa9455: Stopped
2022-10-11 12:49:30,317 [SCMBlockDeletingService#0] DEBUG block.SCMBlockDeletingService (SCMBlockDeletingService.java:call(131)) - Running DeletedBlockTransactionScanner
2022-10-11 12:49:30,418 [SCMBlockDeletingService#0] DEBUG block.SCMBlockDeletingService (SCMBlockDeletingService.java:call(131)) - Running DeletedBlockTransactionScanner
2022-10-11 12:49:30,518 [SCMBlockDeletingService#0] DEBUG block.SCMBlockDeletingService (SCMBlockDeletingService.java:call(131)) - Running DeletedBlockTransactionScanner
2022-10-11 12:49:30,618 [SCMBlockDeletingService#0] DEBUG block.SCMBlockDeletingService (SCMBlockDeletingService.java:call(131)) - Running DeletedBlockTransactionScanner
2022-10-11 12:49:30,718 [SCMBlockDeletingService#0] DEBUG block.SCMBlockDeletingService (SCMBlockDeletingService.java:call(131)) - Running DeletedBlockTransactionScanner
2022-10-11 12:49:30,818 [SCMBlockDeletingService#0] DEBUG block.SCMBlockDeletingService (SCMBlockDeletingService.java:call(131)) - Running DeletedBlockTransactionScanner
2022-10-11 12:49:30,918 [SCMBlockDeletingService#0] DEBUG block.SCMBlockDeletingService (SCMBlockDeletingService.java:call(131)) - Running DeletedBlockTransactionScanner
2022-10-11 12:49:31,018 [SCMBlockDeletingService#0] DEBUG block.SCMBlockDeletingService (SCMBlockDeletingService.java:call(131)) - Running DeletedBlockTransactionScanner
2022-10-11 12:49:31,119 [SCMBlockDeletingService#0] DEBUG block.SCMBlockDeletingService (SCMBlockDeletingService.java:call(131)) - Running DeletedBlockTransactionScanner
2022-10-11 12:49:31,219 [SCMBlockDeletingService#0] DEBUG block.SCMBlockDeletingService (SCMBlockDeletingService.java:call(131)) - Running DeletedBlockTransactionScanner
2022-10-11 12:49:31,319 [SCMBlockDeletingService#0] DEBUG block.SCMBlockDeletingService (SCMBlockDeletingService.java:call(131)) - Running DeletedBlockTransactionScanner
2022-10-11 12:49:31,419 [SCMBlockDeletingService#0] DEBUG block.SCMBlockDeletingService (SCMBlockDeletingService.java:call(131)) - Running DeletedBlockTransactionScanner
2022-10-11 12:49:31,519 [SCMBlockDeletingService#0] DEBUG block.SCMBlockDeletingService (SCMBlockDeletingService.java:call(131)) - Running DeletedBlockTransactionScanner
2022-10-11 12:49:31,619 [SCMBlockDeletingService#0] DEBUG block.SCMBlockDeletingService (SCMBlockDeletingService.java:call(131)) - Running DeletedBlockTransactionScanner
2022-10-11 12:49:31,719 [SCMBlockDeletingService#0] DEBUG block.SCMBlockDeletingService (SCMBlockDeletingService.java:call(131)) - Running DeletedBlockTransactionScanner
2022-10-11 12:49:31,819 [SCMBlockDeletingService#0] DEBUG block.SCMBlockDeletingService (SCMBlockDeletingService.java:call(131)) - Running DeletedBlockTransactionScanner
2022-10-11 12:49:31,920 [SCMBlockDeletingService#0] DEBUG block.SCMBlockDeletingService (SCMBlockDeletingService.java:call(131)) - Running DeletedBlockTransactionScanner
2022-10-11 12:49:32,020 [SCMBlockDeletingService#0] DEBUG block.SCMBlockDeletingService (SCMBlockDeletingService.java:call(131)) - Running DeletedBlockTransactionScanner
2022-10-11 12:49:32,120 [SCMBlockDeletingService#0] DEBUG block.SCMBlockDeletingService (SCMBlockDeletingService.java:call(131)) - Running DeletedBlockTransactionScanner
2022-10-11 12:49:32,220 [SCMBlockDeletingService#0] DEBUG block.SCMBlockDeletingService (SCMBlockDeletingService.java:call(131)) - Running DeletedBlockTransactionScanner
2022-10-11 12:49:32,253 [Listener at 127.0.0.1/37873] INFO  utils.BackgroundService (BackgroundService.java:shutdown(141)) - Shutting down service BlockDeletingService
2022-10-11 12:49:32,256 [Listener at 127.0.0.1/37873] INFO  utils.BackgroundService (BackgroundService.java:shutdown(141)) - Shutting down service StaleRecoveringContainerScrubbingService
2022-10-11 12:49:32,258 [Listener at 127.0.0.1/37873] INFO  statemachine.DatanodeStateMachine (DatanodeStateMachine.java:stopDaemon(580)) - Ozone container server stopped.
2022-10-11 12:49:32,271 [ForkJoinPool.commonPool-worker-1] INFO  utils.BackgroundService (BackgroundService.java:shutdown(141)) - Shutting down service BlockDeletingService
2022-10-11 12:49:32,272 [ForkJoinPool.commonPool-worker-1] INFO  utils.BackgroundService (BackgroundService.java:shutdown(141)) - Shutting down service StaleRecoveringContainerScrubbingService
2022-10-11 12:49:32,274 [ForkJoinPool.commonPool-worker-1] INFO  statemachine.DatanodeStateMachine (DatanodeStateMachine.java:stopDaemon(580)) - Ozone container server stopped.
2022-10-11 12:49:32,276 [Listener at 127.0.0.1/37873] INFO  handler.ContextHandler (ContextHandler.java:doStop(1153)) - Stopped o.e.j.w.WebAppContext@50b6bf32{hddsDatanode,/,null,STOPPED}{jar:file:/home/runner/.m2/repository/org/apache/ozone/hdds-container-service/1.3.0-SNAPSHOT/hdds-container-service-1.3.0-SNAPSHOT.jar!/webapps/hddsDatanode}
2022-10-11 12:49:32,277 [Listener at 127.0.0.1/37873] INFO  server.AbstractConnector (AbstractConnector.java:doStop(381)) - Stopped ServerConnector@377623e9{HTTP/1.1, (http/1.1)}{0.0.0.0:0}
2022-10-11 12:49:32,277 [Listener at 127.0.0.1/37873] INFO  server.session (HouseKeeper.java:stopScavenging(149)) - node0 Stopped scavenging
2022-10-11 12:49:32,278 [Listener at 127.0.0.1/37873] INFO  handler.ContextHandler (ContextHandler.java:doStop(1153)) - Stopped o.e.j.s.ServletContextHandler@3b806f13{static,/static,jar:file:/home/runner/.m2/repository/org/apache/ozone/hdds-container-service/1.3.0-SNAPSHOT/hdds-container-service-1.3.0-SNAPSHOT.jar!/webapps/static,STOPPED}
2022-10-11 12:49:32,278 [Listener at 127.0.0.1/37873] INFO  handler.ContextHandler (ContextHandler.java:doStop(1153)) - Stopped o.e.j.s.ServletContextHandler@a4d762e{logs,/logs,file:///home/runner/work/ozone/ozone/hadoop-ozone/integration-test/target/log,STOPPED}
2022-10-11 12:49:32,292 [ForkJoinPool.commonPool-worker-1] INFO  handler.ContextHandler (ContextHandler.java:doStop(1153)) - Stopped o.e.j.w.WebAppContext@578e869{hddsDatanode,/,null,STOPPED}{jar:file:/home/runner/.m2/repository/org/apache/ozone/hdds-container-service/1.3.0-SNAPSHOT/hdds-container-service-1.3.0-SNAPSHOT.jar!/webapps/hddsDatanode}
2022-10-11 12:49:32,294 [ForkJoinPool.commonPool-worker-1] INFO  server.AbstractConnector (AbstractConnector.java:doStop(381)) - Stopped ServerConnector@1eb3b8c0{HTTP/1.1, (http/1.1)}{0.0.0.0:0}
2022-10-11 12:49:32,294 [ForkJoinPool.commonPool-worker-1] INFO  server.session (HouseKeeper.java:stopScavenging(149)) - node0 Stopped scavenging
2022-10-11 12:49:32,295 [ForkJoinPool.commonPool-worker-1] INFO  handler.ContextHandler (ContextHandler.java:doStop(1153)) - Stopped o.e.j.s.ServletContextHandler@3e5b1239{static,/static,jar:file:/home/runner/.m2/repository/org/apache/ozone/hdds-container-service/1.3.0-SNAPSHOT/hdds-container-service-1.3.0-SNAPSHOT.jar!/webapps/static,STOPPED}
2022-10-11 12:49:32,296 [ForkJoinPool.commonPool-worker-1] INFO  handler.ContextHandler (ContextHandler.java:doStop(1153)) - Stopped o.e.j.s.ServletContextHandler@2b367dc3{logs,/logs,file:///home/runner/work/ozone/ozone/hadoop-ozone/integration-test/target/log,STOPPED}
2022-10-11 12:49:32,298 [Listener at 127.0.0.1/37873] INFO  ozone.MiniOzoneClusterImpl (MiniOzoneClusterImpl.java:stopSCM(537)) - Stopping the StorageContainerManager
2022-10-11 12:49:32,298 [Listener at 127.0.0.1/37873] INFO  server.StorageContainerManager (StorageContainerManager.java:stop(1528)) - Container Balancer is not running.
2022-10-11 12:49:32,298 [Listener at 127.0.0.1/37873] INFO  server.StorageContainerManager (StorageContainerManager.java:stop(1535)) - Stopping Replication Manager Service.
2022-10-11 12:49:32,298 [Listener at 127.0.0.1/37873] INFO  replication.ReplicationManager (ReplicationManager.java:stop(257)) - Stopping Replication Monitor Thread.
2022-10-11 12:49:32,298 [Over Replicated Processor] WARN  replication.OverReplicatedProcessor (OverReplicatedProcessor.java:run(137)) - Over Replicated Processor interrupted. Exiting...
2022-10-11 12:49:32,298 [Under Replicated Processor] WARN  replication.UnderReplicatedProcessor (UnderReplicatedProcessor.java:run(148)) - Under Replicated Processor interrupted. Exiting...
2022-10-11 12:49:32,298 [Listener at 127.0.0.1/37873] INFO  server.StorageContainerManager (StorageContainerManager.java:stop(1542)) - Stopping the Datanode Admin Monitor.
2022-10-11 12:49:32,299 [ReplicationMonitor] INFO  replication.ReplicationManager (ReplicationManager.java:run(509)) - Replication Monitor Thread is stopped
2022-10-11 12:49:32,299 [Listener at 127.0.0.1/37873] INFO  server.StorageContainerManager (StorageContainerManager.java:stop(1549)) - Stopping Lease Manager of the command watchers
2022-10-11 12:49:32,299 [Listener at 127.0.0.1/37873] INFO  server.StorageContainerManager (StorageContainerManager.java:stop(1556)) - Stopping datanode service RPC server
2022-10-11 12:49:32,299 [Listener at 127.0.0.1/37873] INFO  server.SCMDatanodeProtocolServer (SCMDatanodeProtocolServer.java:stop(414)) - Stopping the RPC server for DataNodes
2022-10-11 12:49:32,299 [Listener at 127.0.0.1/37873] INFO  ipc.Server (Server.java:stop(3414)) - Stopping server on 41673
2022-10-11 12:49:32,301 [IPC Server listener on 0] INFO  ipc.Server (Server.java:run(1376)) - Stopping IPC Server listener on 0
2022-10-11 12:49:32,304 [IPC Server Responder] INFO  ipc.Server (Server.java:run(1512)) - Stopping IPC Server Responder
2022-10-11 12:49:32,320 [SCMBlockDeletingService#0] DEBUG block.SCMBlockDeletingService (SCMBlockDeletingService.java:call(131)) - Running DeletedBlockTransactionScanner
2022-10-11 12:49:32,331 [SCM Heartbeat Processing Thread - 0] WARN  node.NodeStateManager (NodeStateManager.java:scheduleNextHealthCheck(870)) - Current Thread is interrupted, shutting down HB processing thread for Node Manager.
2022-10-11 12:49:32,331 [Listener at 127.0.0.1/37873] INFO  server.StorageContainerManager (StorageContainerManager.java:stop(1564)) - Stopping block service RPC server
2022-10-11 12:49:32,331 [Listener at 127.0.0.1/37873] INFO  server.SCMBlockProtocolServer (SCMBlockProtocolServer.java:stop(161)) - Stopping the RPC server for Block Protocol
2022-10-11 12:49:32,331 [Listener at 127.0.0.1/37873] INFO  ipc.Server (Server.java:stop(3414)) - Stopping server on 33273
2022-10-11 12:49:32,333 [IPC Server listener on 0] INFO  ipc.Server (Server.java:run(1376)) - Stopping IPC Server listener on 0
2022-10-11 12:49:32,334 [IPC Server Responder] INFO  ipc.Server (Server.java:run(1512)) - Stopping IPC Server Responder
2022-10-11 12:49:32,334 [Listener at 127.0.0.1/37873] INFO  server.StorageContainerManager (StorageContainerManager.java:stop(1571)) - Stopping the StorageContainerLocationProtocol RPC server
2022-10-11 12:49:32,334 [Listener at 127.0.0.1/37873] INFO  server.SCMClientProtocolServer (SCMClientProtocolServer.java:stop(179)) - Stopping the RPC server for Client Protocol
2022-10-11 12:49:32,334 [Listener at 127.0.0.1/37873] INFO  ipc.Server (Server.java:stop(3414)) - Stopping server on 40561
2022-10-11 12:49:32,336 [IPC Server listener on 0] INFO  ipc.Server (Server.java:run(1376)) - Stopping IPC Server listener on 0
2022-10-11 12:49:32,337 [IPC Server Responder] INFO  ipc.Server (Server.java:run(1512)) - Stopping IPC Server Responder
2022-10-11 12:49:32,337 [Listener at 127.0.0.1/37873] INFO  server.StorageContainerManager (StorageContainerManager.java:stop(1578)) - Stopping Storage Container Manager HTTP server.
2022-10-11 12:49:32,339 [Listener at 127.0.0.1/37873] INFO  handler.ContextHandler (ContextHandler.java:doStop(1153)) - Stopped o.e.j.w.WebAppContext@48b2a764{scm,/,null,STOPPED}{file:/home/runner/work/ozone/ozone/hadoop-ozone/integration-test/target/test-classes/webapps/scm}
2022-10-11 12:49:32,339 [Listener at 127.0.0.1/37873] INFO  server.AbstractConnector (AbstractConnector.java:doStop(381)) - Stopped ServerConnector@40fdbd2f{HTTP/1.1, (http/1.1)}{0.0.0.0:0}
2022-10-11 12:49:32,340 [Listener at 127.0.0.1/37873] INFO  server.session (HouseKeeper.java:stopScavenging(149)) - node0 Stopped scavenging
2022-10-11 12:49:32,341 [Listener at 127.0.0.1/37873] INFO  handler.ContextHandler (ContextHandler.java:doStop(1153)) - Stopped o.e.j.s.ServletContextHandler@310d9735{static,/static,file:///home/runner/work/ozone/ozone/hadoop-ozone/integration-test/target/test-classes/webapps/static,STOPPED}
2022-10-11 12:49:32,341 [Listener at 127.0.0.1/37873] INFO  handler.ContextHandler (ContextHandler.java:doStop(1153)) - Stopped o.e.j.s.ServletContextHandler@62f1a74d{logs,/logs,file:///home/runner/work/ozone/ozone/hadoop-ozone/integration-test/target/log,STOPPED}
2022-10-11 12:49:32,342 [Listener at 127.0.0.1/37873] INFO  server.StorageContainerManager (StorageContainerManager.java:stop(1584)) - Stopping SCM LayoutVersionManager Service.
2022-10-11 12:49:32,343 [Listener at 127.0.0.1/37873] INFO  server.StorageContainerManager (StorageContainerManager.java:stop(1592)) - Stopping Block Manager Service.
2022-10-11 12:49:32,343 [Listener at 127.0.0.1/37873] INFO  utils.BackgroundService (BackgroundService.java:shutdown(141)) - Shutting down service SCMBlockDeletingService
2022-10-11 12:49:32,343 [Listener at 127.0.0.1/37873] INFO  utils.BackgroundService (BackgroundService.java:shutdown(141)) - Shutting down service SCMBlockDeletingService
2022-10-11 12:49:32,343 [Listener at 127.0.0.1/37873] INFO  server.StorageContainerManager (StorageContainerManager.java:stop(1619)) - Stopping SCM Event Queue.
2022-10-11 12:49:32,345 [Listener at 127.0.0.1/37873] INFO  server.StorageContainerManager (StorageContainerManager.java:stop(1630)) - Stopping SCM HA services.
2022-10-11 12:49:32,346 [Listener at 127.0.0.1/37873] INFO  pipeline.BackgroundPipelineCreator (BackgroundPipelineCreator.java:stop(149)) - Stopping RatisPipelineUtilsThread.
2022-10-11 12:49:32,346 [RatisPipelineUtilsThread - 0] WARN  pipeline.BackgroundPipelineCreator (BackgroundPipelineCreator.java:run(180)) - RatisPipelineUtilsThread is interrupted.
2022-10-11 12:49:32,346 [Listener at 127.0.0.1/37873] INFO  BackgroundPipelineScrubber (BackgroundSCMService.java:stop(131)) - Stopping BackgroundPipelineScrubber Service.
2022-10-11 12:49:32,346 [BackgroundPipelineScrubberThread] WARN  BackgroundPipelineScrubber (BackgroundSCMService.java:run(115)) - BackgroundPipelineScrubber is interrupted, exit
2022-10-11 12:49:32,346 [Listener at 127.0.0.1/37873] INFO  server.StorageContainerManager (StorageContainerManager.java:stop(1640)) - Stopping SCM MetadataStore.
2022-10-11 12:49:32,348 [Listener at 127.0.0.1/37873] INFO  impl.MetricsSystemImpl (MetricsSystemImpl.java:stop(210)) - Stopping HddsDatanode metrics system...
2022-10-11 12:49:32,350 [prometheus] INFO  impl.MetricsSinkAdapter (MetricsSinkAdapter.java:publishMetricsFromQueue(141)) - prometheus thread interrupted.
2022-10-11 12:49:32,350 [Listener at 127.0.0.1/37873] INFO  impl.MetricsSystemImpl (MetricsSystemImpl.java:stop(216)) - HddsDatanode metrics system stopped.
2022-10-11 12:49:32,351 [Listener at 127.0.0.1/37873] WARN  pipeline.BackgroundPipelineCreator (BackgroundPipelineCreator.java:stop(145)) - RatisPipelineUtilsThread is not running, just ignore.
2022-10-11 12:49:32,351 [Listener at 127.0.0.1/37873] INFO  BackgroundPipelineScrubber (BackgroundSCMService.java:stop(126)) - BackgroundPipelineScrubber Service is not running, skip stop.
2022-10-11 12:49:32,351 [Listener at 127.0.0.1/37873] INFO  ExpiredContainerReplicaOpScrubber (BackgroundSCMService.java:stop(131)) - Stopping ExpiredContainerReplicaOpScrubber Service.
2022-10-11 12:49:32,351 [Listener at 127.0.0.1/37873] INFO  utils.BackgroundService (BackgroundService.java:shutdown(141)) - Shutting down service SCMBlockDeletingService
2022-10-11 12:49:32,351 [ExpiredContainerReplicaOpScrubberThread] WARN  ExpiredContainerReplicaOpScrubber (BackgroundSCMService.java:run(115)) - ExpiredContainerReplicaOpScrubber is interrupted, exit
2022-10-11 12:49:32,351 [Listener at 127.0.0.1/37873] INFO  replication.ReplicationManager (ReplicationManager.java:stop(265)) - Replication Monitor Thread is not running.
2022-10-11 12:49:32,351 [Listener at 127.0.0.1/37873] WARN  balancer.ContainerBalancer (ContainerBalancer.java:stop(1096)) - Cannot stop Container Balancer because it's not running
]]></system-out>
  </testcase>
  <testcase name="testBlockDeletion(ReplicationConfig)[1]" classname="org.apache.hadoop.ozone.container.common.statemachine.commandhandler.TestBlockDeletion" time="69.451">
    <system-out><![CDATA[2022-10-11 12:49:32,459 [Listener at 127.0.0.1/37873] WARN  server.ServerUtils (ServerUtils.java:getScmDbDir(148)) - ozone.scm.db.dirs is not configured. We recommend adding this setting. Falling back to ozone.metadata.dirs instead.
2022-10-11 12:49:32,464 [Listener at 127.0.0.1/37873] WARN  server.ServerUtils (ServerUtils.java:getScmDbDir(148)) - ozone.scm.db.dirs is not configured. We recommend adding this setting. Falling back to ozone.metadata.dirs instead.
2022-10-11 12:49:32,464 [Listener at 127.0.0.1/37873] INFO  ha.SCMHANodeDetails (SCMHANodeDetails.java:loadSCMHAConfig(209)) - ServiceID for StorageContainerManager is null
2022-10-11 12:49:32,465 [Listener at 127.0.0.1/37873] INFO  ha.SCMHANodeDetails (SCMHANodeDetails.java:loadSCMHAConfig(214)) - ozone.scm.default.service.id is not defined, falling back to ozone.scm.service.ids to find serviceID for StorageContainerManager if it is HA enabled cluster
2022-10-11 12:49:32,466 [Listener at 127.0.0.1/37873] WARN  utils.HAUtils (HAUtils.java:getMetaDir(342)) - ozone.scm.db.dirs is not configured. We recommend adding this setting. Falling back to ozone.metadata.dirs instead.
2022-10-11 12:49:32,466 [Listener at 127.0.0.1/37873] WARN  db.DBStoreBuilder (DBStoreBuilder.java:applyDBDefinition(144)) - ozone.scm.db.dirs is not configured. We recommend adding this setting. Falling back to ozone.metadata.dirs instead.
2022-10-11 12:49:32,601 [Listener at 127.0.0.1/37873] INFO  net.NodeSchemaLoader (NodeSchemaLoader.java:loadSchemaFromFile(129)) - Loading schema from [jar:file:/home/runner/.m2/repository/org/apache/ozone/hdds-common/1.3.0-SNAPSHOT/hdds-common-1.3.0-SNAPSHOT.jar!/network-topology-default.xml]
2022-10-11 12:49:32,601 [Listener at 127.0.0.1/37873] INFO  net.NodeSchemaLoader (NodeSchemaLoader.java:loadSchema(176)) - Loading network topology layer schema file
2022-10-11 12:49:32,604 [Listener at 127.0.0.1/37873] INFO  upgrade.AbstractLayoutVersionManager (AbstractLayoutVersionManager.java:init(83)) - Initializing Layout version manager with metadata layout = DATANODE_SCHEMA_V3 (version = 4), software layout = DATANODE_SCHEMA_V3 (version = 4)
2022-10-11 12:49:32,651 [Listener at 127.0.0.1/37873] INFO  reflections.Reflections (Reflections.java:scan(232)) - Reflections took 46 ms to scan 7 urls, producing 137 keys and 328 values 
2022-10-11 12:49:32,653 [Listener at 127.0.0.1/37873] INFO  ha.SequenceIdGenerator (SequenceIdGenerator.java:upgradeToSequenceId(349)) - upgrade localId to 109611004723200000
2022-10-11 12:49:32,653 [Listener at 127.0.0.1/37873] INFO  ha.SequenceIdGenerator (SequenceIdGenerator.java:upgradeToSequenceId(359)) - upgrade delTxnId to 0
2022-10-11 12:49:32,653 [Listener at 127.0.0.1/37873] INFO  ha.SequenceIdGenerator (SequenceIdGenerator.java:upgradeToSequenceId(376)) - upgrade containerId to 0
2022-10-11 12:49:32,653 [Listener at 127.0.0.1/37873] INFO  ha.SequenceIdGenerator (SequenceIdGenerator.java:<init>(220)) - Init the HA SequenceIdGenerator.
2022-10-11 12:49:32,654 [Listener at 127.0.0.1/37873] INFO  node.SCMNodeManager (SCMNodeManager.java:<init>(149)) - Entering startup safe mode.
2022-10-11 12:49:32,655 [Listener at 127.0.0.1/37873] INFO  algorithms.ContainerPlacementPolicyFactory (ContainerPlacementPolicyFactory.java:getPolicyInternal(86)) - Create container placement policy of type org.apache.hadoop.hdds.scm.container.placement.algorithms.SCMContainerPlacementRandom
2022-10-11 12:49:32,655 [Listener at 127.0.0.1/37873] INFO  algorithms.ContainerPlacementPolicyFactory (ContainerPlacementPolicyFactory.java:getPolicyInternal(86)) - Create container placement policy of type org.apache.hadoop.hdds.scm.container.placement.algorithms.SCMContainerPlacementRackScatter
2022-10-11 12:49:32,656 [Listener at 127.0.0.1/37873] INFO  pipeline.PipelineStateManagerImpl (PipelineStateManagerImpl.java:initialize(78)) - No pipeline exists in current db
2022-10-11 12:49:32,656 [Listener at 127.0.0.1/37873] INFO  algorithms.LeaderChoosePolicyFactory (LeaderChoosePolicyFactory.java:getPolicy(57)) - Create leader choose policy of type org.apache.hadoop.hdds.scm.pipeline.leader.choose.algorithms.MinLeaderCountChoosePolicy
2022-10-11 12:49:32,656 [Listener at 127.0.0.1/37873] INFO  algorithms.ContainerPlacementPolicyFactory (ContainerPlacementPolicyFactory.java:getPolicyInternal(86)) - Create container placement policy of type org.apache.hadoop.hdds.scm.container.placement.algorithms.SCMContainerPlacementRackScatter
2022-10-11 12:49:32,657 [Listener at 127.0.0.1/37873] INFO  ha.SCMServiceManager (SCMServiceManager.java:register(42)) - Registering service BackgroundPipelineCreator.
2022-10-11 12:49:32,657 [Listener at 127.0.0.1/37873] INFO  pipeline.BackgroundPipelineCreator (BackgroundPipelineCreator.java:start(124)) - Starting RatisPipelineUtilsThread.
2022-10-11 12:49:32,657 [Listener at 127.0.0.1/37873] INFO  BackgroundPipelineScrubber (BackgroundSCMService.java:start(68)) - Starting BackgroundPipelineScrubber Service.
2022-10-11 12:49:32,658 [Listener at 127.0.0.1/37873] INFO  ha.SCMServiceManager (SCMServiceManager.java:register(42)) - Registering service BackgroundPipelineScrubber.
2022-10-11 12:49:32,658 [Listener at 127.0.0.1/37873] INFO  ExpiredContainerReplicaOpScrubber (BackgroundSCMService.java:start(68)) - Starting ExpiredContainerReplicaOpScrubber Service.
2022-10-11 12:49:32,658 [Listener at 127.0.0.1/37873] INFO  ha.SCMServiceManager (SCMServiceManager.java:register(42)) - Registering service ExpiredContainerReplicaOpScrubber.
2022-10-11 12:49:32,660 [Listener at 127.0.0.1/37873] INFO  algorithms.PipelineChoosePolicyFactory (PipelineChoosePolicyFactory.java:createPipelineChoosePolicyFromClass(73)) - Create pipeline choose policy of type org.apache.hadoop.hdds.scm.pipeline.choose.algorithms.RandomPipelineChoosePolicy
2022-10-11 12:49:32,661 [Listener at 127.0.0.1/37873] INFO  ha.SCMServiceManager (SCMServiceManager.java:register(42)) - Registering service SCMBlockDeletingService.
2022-10-11 12:49:32,661 [Listener at 127.0.0.1/37873] INFO  replication.ReplicationManager (ReplicationManager.java:start(223)) - Starting Replication Monitor Thread.
2022-10-11 12:49:32,662 [Listener at 127.0.0.1/37873] INFO  ha.SCMServiceManager (SCMServiceManager.java:register(42)) - Registering service ReplicationManager.
2022-10-11 12:49:32,663 [Listener at 127.0.0.1/37873] INFO  safemode.ContainerSafeModeRule (ContainerSafeModeRule.java:<init>(89)) - containers with one replica threshold count 0
2022-10-11 12:49:32,663 [Listener at 127.0.0.1/37873] INFO  safemode.HealthyPipelineSafeModeRule (HealthyPipelineSafeModeRule.java:initializeRule(169)) - Total pipeline count is 0, healthy pipeline threshold count is 1
2022-10-11 12:49:32,663 [Listener at 127.0.0.1/37873] INFO  safemode.OneReplicaPipelineSafeModeRule (OneReplicaPipelineSafeModeRule.java:initializeRule(180)) - Total pipeline count is 0, pipeline's with at least one datanode reported threshold count is 0
2022-10-11 12:49:32,665 [Listener at 127.0.0.1/37873] INFO  ipc.CallQueueManager (CallQueueManager.java:<init>(90)) - Using callQueue: class java.util.concurrent.LinkedBlockingQueue, queueCapacity: 2000, scheduler: class org.apache.hadoop.ipc.DefaultRpcScheduler, ipcBackoff: false.
2022-10-11 12:49:32,665 [Socket Reader #1 for port 0] INFO  ipc.Server (Server.java:run(1265)) - Starting Socket Reader #1 for port 0
2022-10-11 12:49:32,666 [Listener at 0.0.0.0/38647] INFO  ipc.CallQueueManager (CallQueueManager.java:<init>(90)) - Using callQueue: class java.util.concurrent.LinkedBlockingQueue, queueCapacity: 2000, scheduler: class org.apache.hadoop.ipc.DefaultRpcScheduler, ipcBackoff: false.
2022-10-11 12:49:32,667 [ReplicationMonitor] INFO  replication.ReplicationManager (ReplicationManager.java:processAll(291)) - Replication Manager is not ready to run until 3000ms after safemode exit
2022-10-11 12:49:32,667 [Socket Reader #1 for port 0] INFO  ipc.Server (Server.java:run(1265)) - Starting Socket Reader #1 for port 0
2022-10-11 12:49:32,668 [Listener at 0.0.0.0/34137] INFO  ipc.CallQueueManager (CallQueueManager.java:<init>(90)) - Using callQueue: class java.util.concurrent.LinkedBlockingQueue, queueCapacity: 2000, scheduler: class org.apache.hadoop.ipc.DefaultRpcScheduler, ipcBackoff: false.
2022-10-11 12:49:32,669 [Socket Reader #1 for port 0] INFO  ipc.Server (Server.java:run(1265)) - Starting Socket Reader #1 for port 0
2022-10-11 12:49:32,692 [Listener at 0.0.0.0/43591] INFO  ha.SCMServiceManager (SCMServiceManager.java:register(42)) - Registering service ContainerBalancer.
2022-10-11 12:49:32,692 [Listener at 0.0.0.0/43591] INFO  server.StorageContainerManager (StorageContainerManager.java:<init>(410)) - 
Container Balancer status:
Key                            Value
Running                        false
Container Balancer Configuration values:
Key                                                Value
Threshold                                          10
Max Datanodes to Involve per Iteration(percent)    20
Max Size to Move per Iteration                     500GB
Max Size Entering Target per Iteration             26GB
Max Size Leaving Source per Iteration              26GB

2022-10-11 12:49:32,692 [Listener at 0.0.0.0/43591] WARN  events.EventQueue (EventQueue.java:fireEvent(216)) - No event handler registered for event TypedEvent{payloadType=SafeModeStatus, name='Safe mode status'}
2022-10-11 12:49:32,693 [Listener at 0.0.0.0/43591] INFO  ha.SCMContext (SCMContext.java:updateSafeModeStatus(228)) - Update SafeModeStatus from SafeModeStatus{safeModeStatus=true, preCheckPassed=false} to SafeModeStatus{safeModeStatus=true, preCheckPassed=false}.
2022-10-11 12:49:32,693 [Listener at 0.0.0.0/43591] INFO  server.StorageContainerManager (StorageContainerManager.java:start(1436)) - StorageContainerLocationProtocol RPC server is listening at /0.0.0.0:43591
2022-10-11 12:49:32,694 [Listener at 0.0.0.0/43591] WARN  impl.MetricsConfig (MetricsConfig.java:loadFirst(136)) - Cannot locate configuration: tried hadoop-metrics2-storagecontainermanager.properties,hadoop-metrics2.properties
2022-10-11 12:49:32,698 [Listener at 0.0.0.0/43591] INFO  impl.MetricsSystemImpl (MetricsSystemImpl.java:startTimer(378)) - Scheduled Metric snapshot period at 10 second(s).
2022-10-11 12:49:32,698 [Listener at 0.0.0.0/43591] INFO  impl.MetricsSystemImpl (MetricsSystemImpl.java:start(191)) - StorageContainerManager metrics system started
2022-10-11 12:49:32,715 [Listener at 0.0.0.0/43591] INFO  impl.MetricsSinkAdapter (MetricsSinkAdapter.java:start(204)) - Sink prometheus started
2022-10-11 12:49:32,715 [Listener at 0.0.0.0/43591] INFO  impl.MetricsSystemImpl (MetricsSystemImpl.java:registerSink(305)) - Registered sink prometheus
2022-10-11 12:49:32,730 [Listener at 0.0.0.0/43591] INFO  server.SCMClientProtocolServer (SCMClientProtocolServer.java:start(170)) - RPC server for Client  is listening at /0.0.0.0:43591
2022-10-11 12:49:32,731 [IPC Server Responder] INFO  ipc.Server (Server.java:run(1507)) - IPC Server Responder: starting
2022-10-11 12:49:32,736 [IPC Server listener on 0] INFO  ipc.Server (Server.java:run(1344)) - IPC Server listener on 0: starting
2022-10-11 12:49:32,741 [Listener at 0.0.0.0/43591] INFO  server.StorageContainerManager (StorageContainerManager.java:start(1451)) - ScmBlockLocationProtocol RPC server is listening at /0.0.0.0:34137
2022-10-11 12:49:32,742 [Listener at 0.0.0.0/43591] INFO  server.SCMBlockProtocolServer (SCMBlockProtocolServer.java:start(152)) - RPC server for Block Protocol is listening at /0.0.0.0:34137
2022-10-11 12:49:32,742 [IPC Server Responder] INFO  ipc.Server (Server.java:run(1507)) - IPC Server Responder: starting
2022-10-11 12:49:32,744 [IPC Server listener on 0] INFO  ipc.Server (Server.java:run(1344)) - IPC Server listener on 0: starting
2022-10-11 12:49:32,750 [Listener at 0.0.0.0/43591] INFO  server.SCMDatanodeProtocolServer (SCMDatanodeProtocolServer.java:start(186)) - ScmDatanodeProtocol RPC server for DataNodes is listening at /0.0.0.0:38647
2022-10-11 12:49:32,751 [IPC Server Responder] INFO  ipc.Server (Server.java:run(1507)) - IPC Server Responder: starting
2022-10-11 12:49:32,751 [IPC Server listener on 0] INFO  ipc.Server (Server.java:run(1344)) - IPC Server listener on 0: starting
2022-10-11 12:49:32,762 [org.apache.hadoop.util.JvmPauseMonitor$Monitor@44e69710] INFO  util.JvmPauseMonitor (JvmPauseMonitor.java:run(188)) - Starting JVM pause monitor
2022-10-11 12:49:32,763 [Listener at 0.0.0.0/43591] INFO  http.BaseHttpServer (BaseHttpServer.java:newHttpServer2BuilderForOzone(213)) - Starting Web-server for scm at: http://0.0.0.0:0
2022-10-11 12:49:32,763 [Listener at 0.0.0.0/43591] INFO  http.BaseHttpServer (BaseHttpServer.java:<init>(108)) - Hadoop Security Enabled: false Ozone Security Enabled: false Ozone HTTP Security Enabled: false 
2022-10-11 12:49:32,764 [Listener at 0.0.0.0/43591] INFO  server.AuthenticationFilter (AuthenticationFilter.java:constructSecretProvider(240)) - Unable to initialize FileSignerSecretProvider, falling back to use random secrets.
2022-10-11 12:49:32,766 [Listener at 0.0.0.0/43591] WARN  http.HttpRequestLog (HttpRequestLog.java:getRequestLog(103)) - Jetty request log can only be enabled using Log4j
2022-10-11 12:49:32,768 [Listener at 0.0.0.0/43591] INFO  http.HttpServer2 (HttpServer2.java:addGlobalFilter(1031)) - Added global filter 'safety' (class=org.apache.hadoop.hdds.server.http.HttpServer2$QuotingInputFilter)
2022-10-11 12:49:32,769 [Listener at 0.0.0.0/43591] INFO  http.HttpServer2 (HttpServer2.java:addFilter(1007)) - Added filter static_user_filter (class=org.apache.hadoop.http.lib.StaticUserWebFilter$StaticUserFilter) to context scm
2022-10-11 12:49:32,769 [Listener at 0.0.0.0/43591] INFO  http.HttpServer2 (HttpServer2.java:addFilter(1015)) - Added filter static_user_filter (class=org.apache.hadoop.http.lib.StaticUserWebFilter$StaticUserFilter) to context static
2022-10-11 12:49:32,769 [Listener at 0.0.0.0/43591] INFO  http.HttpServer2 (HttpServer2.java:addFilter(1015)) - Added filter static_user_filter (class=org.apache.hadoop.http.lib.StaticUserWebFilter$StaticUserFilter) to context logs
2022-10-11 12:49:32,770 [Listener at 0.0.0.0/43591] INFO  http.HttpServer2 (HttpServer2.java:bindListener(1250)) - Jetty bound to port 36841
2022-10-11 12:49:32,770 [Listener at 0.0.0.0/43591] INFO  server.Server (Server.java:doStart(375)) - jetty-9.4.43.v20210629; built: 2021-06-30T11:07:22.254Z; git: 526006ecfa3af7f1a27ef3a288e2bef7ea9dd7e8; jvm 1.8.0_345-b01
2022-10-11 12:49:32,772 [Listener at 0.0.0.0/43591] INFO  server.session (DefaultSessionIdManager.java:doStart(334)) - DefaultSessionIdManager workerName=node0
2022-10-11 12:49:32,772 [Listener at 0.0.0.0/43591] INFO  server.session (DefaultSessionIdManager.java:doStart(339)) - No SessionScavenger set, using defaults
2022-10-11 12:49:32,772 [Listener at 0.0.0.0/43591] INFO  server.session (HouseKeeper.java:startScavenging(132)) - node0 Scavenging every 660000ms
2022-10-11 12:49:32,773 [Listener at 0.0.0.0/43591] INFO  handler.ContextHandler (ContextHandler.java:doStart(915)) - Started o.e.j.s.ServletContextHandler@38e77cad{logs,/logs,file:///home/runner/work/ozone/ozone/hadoop-ozone/integration-test/target/log,AVAILABLE}
2022-10-11 12:49:32,774 [Listener at 0.0.0.0/43591] INFO  handler.ContextHandler (ContextHandler.java:doStart(915)) - Started o.e.j.s.ServletContextHandler@272bea02{static,/static,file:///home/runner/work/ozone/ozone/hadoop-ozone/integration-test/target/test-classes/webapps/static,AVAILABLE}
2022-10-11 12:49:32,778 [Listener at 0.0.0.0/43591] INFO  handler.ContextHandler (ContextHandler.java:doStart(915)) - Started o.e.j.w.WebAppContext@23c0b6b{scm,/,file:///home/runner/work/ozone/ozone/hadoop-ozone/integration-test/target/test-classes/webapps/scm/,AVAILABLE}{file:/home/runner/work/ozone/ozone/hadoop-ozone/integration-test/target/test-classes/webapps/scm}
2022-10-11 12:49:32,779 [Listener at 0.0.0.0/43591] INFO  server.AbstractConnector (AbstractConnector.java:doStart(331)) - Started ServerConnector@264a62a9{HTTP/1.1, (http/1.1)}{0.0.0.0:36841}
2022-10-11 12:49:32,779 [Listener at 0.0.0.0/43591] INFO  server.Server (Server.java:doStart(415)) - Started @109785ms
2022-10-11 12:49:32,780 [Listener at 0.0.0.0/43591] WARN  impl.MetricsSystemImpl (MetricsSystemImpl.java:register(279)) - Sink prometheus already exists!
2022-10-11 12:49:32,780 [Listener at 0.0.0.0/43591] INFO  http.BaseHttpServer (BaseHttpServer.java:updateConnectorAddress(333)) - HTTP server of scm listening at http://0.0.0.0:36841
2022-10-11 12:49:32,781 [Listener at 0.0.0.0/43591] WARN  server.ServerUtils (ServerUtils.java:getDBPath(225)) - ozone.om.db.dirs is not configured. We recommend adding this setting. Falling back to ozone.metadata.dirs instead.
2022-10-11 12:49:32,783 [Listener at 0.0.0.0/43591] INFO  ha.OMHANodeDetails (OMHANodeDetails.java:loadOMHAConfig(115)) - ozone.om.internal.service.id is not defined, falling back to ozone.om.service.ids to find serviceID for OzoneManager if it is HA enabled cluster
2022-10-11 12:49:32,783 [Listener at 0.0.0.0/43591] INFO  ha.OMHANodeDetails (OMHANodeDetails.java:loadOMHAConfig(226)) - Configuration does not have ozone.om.address set. Falling back to the default OM address /127.0.0.1:0
2022-10-11 12:49:32,783 [Listener at 0.0.0.0/43591] INFO  ha.OMHANodeDetails (OMHANodeDetails.java:getOMNodeDetailsForNonHA(254)) - OM Service ID is not set. Setting it to the default ID: omServiceIdDefault
2022-10-11 12:49:32,784 [Listener at 0.0.0.0/43591] INFO  ha.OMHANodeDetails (OMHANodeDetails.java:getOMNodeDetailsForNonHA(261)) - OM Node ID is not set. Setting it to the default ID: om1
2022-10-11 12:49:32,784 [Listener at 0.0.0.0/43591] WARN  server.ServerUtils (ServerUtils.java:getDBPath(225)) - ozone.om.db.dirs is not configured. We recommend adding this setting. Falling back to ozone.metadata.dirs instead.
2022-10-11 12:49:32,784 [Listener at 0.0.0.0/43591] INFO  upgrade.AbstractLayoutVersionManager (AbstractLayoutVersionManager.java:init(83)) - Initializing Layout version manager with metadata layout = MULTITENANCY_SCHEMA (version = 3), software layout = MULTITENANCY_SCHEMA (version = 3)
2022-10-11 12:49:32,851 [Listener at 0.0.0.0/43591] INFO  reflections.Reflections (Reflections.java:scan(232)) - Reflections took 66 ms to scan 2 urls, producing 154 keys and 428 values [using 2 cores]
2022-10-11 12:49:32,852 [Listener at 0.0.0.0/43591] INFO  upgrade.OMLayoutVersionManager (OMLayoutVersionManager.java:lambda$0(115)) - Skipping Upgrade Action MockOmUpgradeAction since it has been finalized.
2022-10-11 12:49:32,852 [Listener at 0.0.0.0/43591] WARN  server.ServerUtils (ServerUtils.java:getDBPath(225)) - ozone.om.db.dirs is not configured. We recommend adding this setting. Falling back to ozone.metadata.dirs instead.
2022-10-11 12:49:32,854 [Listener at 0.0.0.0/43591] INFO  proxy.SCMBlockLocationFailoverProxyProvider (SCMBlockLocationFailoverProxyProvider.java:<init>(114)) - Created block location fail-over proxy with 1 nodes: [nodeId=scmNodeId,nodeAddress=/0.0.0.0:34137]
2022-10-11 12:49:32,856 [Listener at 0.0.0.0/43591] INFO  proxy.SCMBlockLocationFailoverProxyProvider (SCMBlockLocationFailoverProxyProvider.java:<init>(114)) - Created block location fail-over proxy with 1 nodes: [nodeId=scmNodeId,nodeAddress=/0.0.0.0:34137]
2022-10-11 12:49:32,863 [Listener at 0.0.0.0/43591] WARN  server.ServerUtils (ServerUtils.java:getDBPath(225)) - ozone.om.db.dirs is not configured. We recommend adding this setting. Falling back to ozone.metadata.dirs instead.
2022-10-11 12:49:32,864 [Listener at 0.0.0.0/43591] INFO  codec.OmKeyInfoCodec (OmKeyInfoCodec.java:<init>(49)) - OmKeyInfoCodec ignorePipeline = true
2022-10-11 12:49:32,864 [Listener at 0.0.0.0/43591] INFO  codec.RepeatedOmKeyInfoCodec (RepeatedOmKeyInfoCodec.java:<init>(41)) - RepeatedOmKeyInfoCodec ignorePipeline = true
2022-10-11 12:49:33,046 [Listener at 0.0.0.0/43591] INFO  om.OzoneManager (OzoneManager.java:instantiateServices(712)) - S3 Multi-Tenancy is disabled
2022-10-11 12:49:33,047 [Listener at 0.0.0.0/43591] INFO  om.OzoneManager (OzoneManager.java:addS3GVolumeToDB(4389)) - Created Volume s3v With Owner runner required for S3Gateway operations.
2022-10-11 12:49:33,048 [Listener at 0.0.0.0/43591] WARN  server.ServerUtils (ServerUtils.java:getDefaultRatisDirectory(237)) - Storage directory for Ratis is not configured. It is a good idea to map this to an SSD disk. Falling back to ozone.metadata.dirs
2022-10-11 12:49:33,048 [Listener at 0.0.0.0/43591] WARN  utils.OzoneManagerRatisUtils (OzoneManagerRatisUtils.java:getOMRatisSnapshotDirectory(434)) - ozone.om.ratis.snapshot.dir is not configured. Falling back to ozone.metadata.dirs config
2022-10-11 12:49:33,049 [Listener at 0.0.0.0/43591] WARN  server.ServerUtils (ServerUtils.java:getDefaultRatisDirectory(237)) - Storage directory for Ratis is not configured. It is a good idea to map this to an SSD disk. Falling back to ozone.metadata.dirs
2022-10-11 12:49:33,050 [Listener at 0.0.0.0/43591] INFO  ratis.OzoneManagerRatisServer (OzoneManagerRatisServer.java:<init>(160)) - Instantiating OM Ratis server with groupID: omServiceIdDefault and peers: localhost:9872
2022-10-11 12:49:33,050 [Listener at 0.0.0.0/43591] INFO  ratis.OzoneManagerStateMachine (OzoneManagerStateMachine.java:loadSnapshotInfoFromDB(632)) - LastAppliedIndex is set from TransactionInfo from OM DB as (t:0, i:~)
2022-10-11 12:49:33,051 [Listener at 0.0.0.0/43591] INFO  server.RaftServer (ConfUtils.java:logGet(46)) - raft.rpc.type = GRPC (default)
2022-10-11 12:49:33,051 [Listener at 0.0.0.0/43591] INFO  grpc.GrpcFactory (GrpcFactory.java:checkPooledByteBufAllocatorUseCacheForAllThreads(48)) - PERFORMANCE WARNING: useCacheForAllThreads is true that may cause Netty to create a lot garbage objects and, as a result, trigger GC.
	It is recommended to disable useCacheForAllThreads by setting -Dorg.apache.ratis.thirdparty.io.netty.allocator.useCacheForAllThreads=false in command line.
2022-10-11 12:49:33,051 [Listener at 0.0.0.0/43591] INFO  grpc.GrpcConfigKeys (ConfUtils.java:logGet(46)) - raft.grpc.admin.port = -1 (default)
2022-10-11 12:49:33,052 [Listener at 0.0.0.0/43591] INFO  grpc.GrpcConfigKeys (ConfUtils.java:logGet(46)) - raft.grpc.server.port = 9872 (custom)
2022-10-11 12:49:33,052 [Listener at 0.0.0.0/43591] INFO  grpc.GrpcConfigKeys (ConfUtils.java:logGet(46)) - raft.grpc.client.port = -1 (default)
2022-10-11 12:49:33,052 [Listener at 0.0.0.0/43591] INFO  grpc.GrpcConfigKeys (ConfUtils.java:logGet(46)) - raft.grpc.server.port = 9872 (custom)
2022-10-11 12:49:33,052 [Listener at 0.0.0.0/43591] INFO  grpc.GrpcConfigKeys (ConfUtils.java:logGet(46)) - raft.grpc.server.port = 9872 (custom)
2022-10-11 12:49:33,053 [Listener at 0.0.0.0/43591] INFO  server.GrpcService (ConfUtils.java:logGet(46)) - raft.grpc.message.size.max = 33554432 (custom)
2022-10-11 12:49:33,053 [Listener at 0.0.0.0/43591] INFO  server.RaftServerConfigKeys (ConfUtils.java:logGet(46)) - raft.server.log.appender.buffer.byte-limit = 33554432 (custom)
2022-10-11 12:49:33,053 [Listener at 0.0.0.0/43591] INFO  server.GrpcService (ConfUtils.java:logGet(46)) - raft.grpc.flow.control.window = 1MB (=1048576) (default)
2022-10-11 12:49:33,055 [Listener at 0.0.0.0/43591] INFO  server.RaftServerConfigKeys (ConfUtils.java:logGet(46)) - raft.server.rpc.request.timeout = 3000ms (default)
2022-10-11 12:49:33,055 [Listener at 0.0.0.0/43591] INFO  grpc.GrpcConfigKeys (ConfUtils.java:logGet(46)) - raft.grpc.server.async.request.thread.pool.cached = true (default)
2022-10-11 12:49:33,056 [Listener at 0.0.0.0/43591] INFO  grpc.GrpcConfigKeys (ConfUtils.java:logGet(46)) - raft.grpc.server.async.request.thread.pool.size = 32 (default)
2022-10-11 12:49:33,057 [Listener at 0.0.0.0/43591] INFO  impl.DataStreamServerImpl (ConfUtils.java:logGet(46)) - raft.datastream.type = DISABLED (default)
2022-10-11 12:49:33,058 [Listener at 0.0.0.0/43591] INFO  server.RaftServerConfigKeys (ConfUtils.java:logGet(46)) - raft.server.threadpool.proxy.cached = true (default)
2022-10-11 12:49:33,058 [Listener at 0.0.0.0/43591] INFO  server.RaftServerConfigKeys (ConfUtils.java:logGet(46)) - raft.server.threadpool.proxy.size = 0 (default)
2022-10-11 12:49:33,058 [Listener at 0.0.0.0/43591] INFO  server.RaftServerConfigKeys (ConfUtils.java:logGet(46)) - raft.server.rpc.slowness.timeout = 120s (custom)
2022-10-11 12:49:33,058 [Listener at 0.0.0.0/43591] INFO  server.RaftServerConfigKeys (ConfUtils.java:logGet(46)) - raft.server.leaderelection.leader.step-down.wait-time = 10s (default)
2022-10-11 12:49:33,059 [Listener at 0.0.0.0/43591] INFO  server.RaftServerConfigKeys (ConfUtils.java:logGet(46)) - raft.server.storage.dir = [/home/runner/work/ozone/ozone/hadoop-ozone/integration-test/target/test-dir/MiniOzoneClusterImpl-db539a0e-d368-4ad2-95d9-5fcc718fd6eb/ozone-meta/ratis] (custom)
2022-10-11 12:49:33,060 [Listener at 0.0.0.0/43591] INFO  server.RaftServer (RaftServerProxy.java:addNew(96)) - om1: addNew group-C5BA1605619E:[om1|rpc:localhost:9872|priority:0] returns group-C5BA1605619E:java.util.concurrent.CompletableFuture@484b0c43[Not completed]
2022-10-11 12:49:33,060 [pool-478-thread-1] INFO  server.RaftServer$Division (RaftServerImpl.java:<init>(190)) - om1: new RaftServerImpl for group-C5BA1605619E:[om1|rpc:localhost:9872|priority:0] with OzoneManagerStateMachine:uninitialized
2022-10-11 12:49:33,060 [Listener at 0.0.0.0/43591] INFO  om.OzoneManager (OzoneManager.java:initializeRatisServer(1979)) - OzoneManager Ratis server initialized at port 9872
2022-10-11 12:49:33,060 [pool-478-thread-1] INFO  server.RaftServerConfigKeys (ConfUtils.java:logGet(46)) - raft.server.rpc.timeout.min = 1s (custom)
2022-10-11 12:49:33,060 [pool-478-thread-1] INFO  server.RaftServerConfigKeys (ConfUtils.java:logGet(46)) - raft.server.rpc.timeout.max = 1200ms (custom)
2022-10-11 12:49:33,060 [pool-478-thread-1] INFO  server.RaftServerConfigKeys (ConfUtils.java:logGet(46)) - raft.server.rpc.sleep.time = 25ms (default)
2022-10-11 12:49:33,060 [pool-478-thread-1] INFO  server.RaftServerConfigKeys (ConfUtils.java:logGet(46)) - raft.server.rpc.slowness.timeout = 120s (custom)
2022-10-11 12:49:33,060 [pool-478-thread-1] INFO  server.RaftServerConfigKeys (ConfUtils.java:logGet(46)) - raft.server.leaderelection.leader.step-down.wait-time = 10s (default)
2022-10-11 12:49:33,061 [pool-478-thread-1] INFO  server.RaftServerConfigKeys (ConfUtils.java:logGet(46)) - raft.server.sleep.deviation.threshold = 300ms (default)
2022-10-11 12:49:33,061 [pool-478-thread-1] INFO  server.RaftServer$Division (ServerState.java:<init>(107)) - om1@group-C5BA1605619E: ConfigurationManager, init=-1: [om1|rpc:localhost:9872|priority:0], old=null, confs=<EMPTY_MAP>
2022-10-11 12:49:33,067 [pool-478-thread-1] INFO  server.RaftServerConfigKeys (ConfUtils.java:logGet(46)) - raft.server.storage.dir = [/home/runner/work/ozone/ozone/hadoop-ozone/integration-test/target/test-dir/MiniOzoneClusterImpl-db539a0e-d368-4ad2-95d9-5fcc718fd6eb/ozone-meta/ratis] (custom)
2022-10-11 12:49:33,067 [pool-478-thread-1] INFO  server.RaftServerConfigKeys (ConfUtils.java:logGet(46)) - raft.server.log.corruption.policy = EXCEPTION (default)
2022-10-11 12:49:33,068 [pool-478-thread-1] INFO  server.RaftServerConfigKeys (ConfUtils.java:logGet(46)) - raft.server.storage.free-space.min = 0MB (=0) (default)
2022-10-11 12:49:33,068 [pool-478-thread-1] INFO  storage.RaftStorageDirectory (RaftStorageDirectoryImpl.java:analyzeStorage(135)) - The storage directory /home/runner/work/ozone/ozone/hadoop-ozone/integration-test/target/test-dir/MiniOzoneClusterImpl-db539a0e-d368-4ad2-95d9-5fcc718fd6eb/ozone-meta/ratis/bf265839-605b-3f16-9796-c5ba1605619e does not exist. Creating ...
2022-10-11 12:49:33,061 [Listener at 0.0.0.0/43591] INFO  om.OzoneManager (OzoneManager.java:getRpcServer(1102)) - Creating RPC Server
2022-10-11 12:49:33,071 [pool-478-thread-1] INFO  storage.RaftStorageDirectory (RaftStorageDirectoryImpl.java:tryLock(230)) - Lock on /home/runner/work/ozone/ozone/hadoop-ozone/integration-test/target/test-dir/MiniOzoneClusterImpl-db539a0e-d368-4ad2-95d9-5fcc718fd6eb/ozone-meta/ratis/bf265839-605b-3f16-9796-c5ba1605619e/in_use.lock acquired by nodename 36499@fv-az570-546
2022-10-11 12:49:33,073 [pool-478-thread-1] INFO  storage.RaftStorage (RaftStorageImpl.java:format(89)) - Storage directory /home/runner/work/ozone/ozone/hadoop-ozone/integration-test/target/test-dir/MiniOzoneClusterImpl-db539a0e-d368-4ad2-95d9-5fcc718fd6eb/ozone-meta/ratis/bf265839-605b-3f16-9796-c5ba1605619e has been successfully formatted.
2022-10-11 12:49:33,074 [pool-478-thread-1] INFO  server.RaftServerConfigKeys (ConfUtils.java:logGet(46)) - raft.server.notification.no-leader.timeout = 120s (custom)
2022-10-11 12:49:33,074 [pool-478-thread-1] INFO  server.RaftServerConfigKeys (ConfUtils.java:logGet(46)) - raft.server.log.use.memory = false (default)
2022-10-11 12:49:33,074 [pool-478-thread-1] INFO  server.RaftServerConfigKeys (ConfUtils.java:logGet(46)) - raft.server.log.purge.gap = 1000000 (custom)
2022-10-11 12:49:33,074 [pool-478-thread-1] INFO  server.RaftServerConfigKeys (ConfUtils.java:logGet(46)) - raft.server.log.appender.buffer.byte-limit = 33554432 (custom)
2022-10-11 12:49:33,074 [pool-478-thread-1] INFO  server.RaftServerConfigKeys (ConfUtils.java:logGet(46)) - raft.server.log.statemachine.data.read.timeout = 1000ms (default)
2022-10-11 12:49:33,074 [pool-478-thread-1] INFO  server.RaftServerConfigKeys (ConfUtils.java:logGet(46)) - raft.server.log.segment.size.max = 4194304 (custom)
2022-10-11 12:49:33,075 [pool-478-thread-1] INFO  server.RaftServerConfigKeys (ConfUtils.java:logGet(46)) - raft.server.log.segment.cache.num.max = 2 (custom)
2022-10-11 12:49:33,075 [pool-478-thread-1] INFO  server.RaftServerConfigKeys (ConfUtils.java:logGet(46)) - raft.server.log.segment.cache.size.max = 200MB (=209715200) (default)
2022-10-11 12:49:33,075 [pool-478-thread-1] INFO  segmented.SegmentedRaftLogWorker (SegmentedRaftLogWorker.java:<init>(187)) - new om1@group-C5BA1605619E-SegmentedRaftLogWorker for RaftStorageImpl:Storage Directory /home/runner/work/ozone/ozone/hadoop-ozone/integration-test/target/test-dir/MiniOzoneClusterImpl-db539a0e-d368-4ad2-95d9-5fcc718fd6eb/ozone-meta/ratis/bf265839-605b-3f16-9796-c5ba1605619e
2022-10-11 12:49:33,075 [pool-478-thread-1] INFO  server.RaftServerConfigKeys (ConfUtils.java:logGet(46)) - raft.server.log.queue.byte-limit = 64MB (=67108864) (default)
2022-10-11 12:49:33,075 [pool-478-thread-1] INFO  server.RaftServerConfigKeys (ConfUtils.java:logGet(46)) - raft.server.log.queue.element-limit = 4096 (default)
2022-10-11 12:49:33,075 [pool-478-thread-1] INFO  server.RaftServerConfigKeys (ConfUtils.java:logGet(46)) - raft.server.log.segment.size.max = 4194304 (custom)
2022-10-11 12:49:33,075 [pool-478-thread-1] INFO  server.RaftServerConfigKeys (ConfUtils.java:logGet(46)) - raft.server.log.preallocated.size = 4194304 (custom)
2022-10-11 12:49:33,075 [pool-478-thread-1] INFO  server.RaftServerConfigKeys (ConfUtils.java:logGet(46)) - raft.server.log.force.sync.num = 128 (default)
2022-10-11 12:49:33,075 [pool-478-thread-1] INFO  server.RaftServerConfigKeys (ConfUtils.java:logGet(46)) - raft.server.log.statemachine.data.sync = true (default)
2022-10-11 12:49:33,075 [pool-478-thread-1] INFO  server.RaftServerConfigKeys (ConfUtils.java:logGet(46)) - raft.server.log.statemachine.data.sync.timeout = 10s (default)
2022-10-11 12:49:33,075 [pool-478-thread-1] INFO  server.RaftServerConfigKeys (ConfUtils.java:logGet(46)) - raft.server.log.statemachine.data.sync.timeout.retry = -1 (default)
2022-10-11 12:49:33,079 [pool-478-thread-1] INFO  server.RaftServerConfigKeys (ConfUtils.java:logGet(46)) - raft.server.log.write.buffer.size = 64KB (=65536) (default)
2022-10-11 12:49:33,079 [pool-478-thread-1] INFO  server.RaftServerConfigKeys (ConfUtils.java:logGet(46)) - raft.server.log.unsafe-flush.enabled = false (default)
2022-10-11 12:49:33,079 [pool-478-thread-1] INFO  server.RaftServerConfigKeys (ConfUtils.java:logGet(46)) - raft.server.log.statemachine.data.caching.enabled = false (default)
2022-10-11 12:49:33,079 [pool-478-thread-1] INFO  segmented.SegmentedRaftLogWorker (SegmentedRaftLogWorker.java:lambda$new$0(135)) - om1@group-C5BA1605619E-SegmentedRaftLogWorker: flushIndex: setUnconditionally 0 -> -1
2022-10-11 12:49:33,079 [pool-478-thread-1] INFO  segmented.SegmentedRaftLogWorker (SegmentedRaftLogWorker.java:lambda$new$0(135)) - om1@group-C5BA1605619E-SegmentedRaftLogWorker: safeCacheEvictIndex: setUnconditionally 0 -> -1
2022-10-11 12:49:33,084 [pool-478-thread-1] INFO  server.RaftServerConfigKeys (ConfUtils.java:logGet(46)) - raft.server.snapshot.auto.trigger.enabled = true (custom)
2022-10-11 12:49:33,084 [pool-478-thread-1] INFO  server.RaftServerConfigKeys (ConfUtils.java:logGet(46)) - raft.server.snapshot.auto.trigger.threshold = 400000 (default)
2022-10-11 12:49:33,084 [pool-478-thread-1] INFO  server.RaftServerConfigKeys (ConfUtils.java:logGet(46)) - raft.server.snapshot.retention.file.num = -1 (default)
2022-10-11 12:49:33,084 [pool-478-thread-1] INFO  server.RaftServerConfigKeys (ConfUtils.java:logGet(46)) - raft.server.log.purge.upto.snapshot.index = true (custom)
2022-10-11 12:49:33,084 [pool-478-thread-1] INFO  server.RaftServerConfigKeys (ConfUtils.java:logGet(46)) - raft.server.retrycache.expirytime = 300s (custom)
2022-10-11 12:49:33,084 [pool-478-thread-1] INFO  server.RaftServerConfigKeys (ConfUtils.java:logGet(46)) - raft.server.retrycache.statistics.expirytime = 100μs (default)
2022-10-11 12:49:33,086 [pool-478-thread-1] INFO  server.RaftServerConfigKeys (ConfUtils.java:logGet(46)) - raft.server.log.appender.install.snapshot.enabled = false (custom)
2022-10-11 12:49:33,087 [pool-478-thread-1] INFO  server.RaftServerConfigKeys (ConfUtils.java:logGet(46)) - raft.server.threadpool.server.cached = true (default)
2022-10-11 12:49:33,087 [pool-478-thread-1] INFO  server.RaftServerConfigKeys (ConfUtils.java:logGet(46)) - raft.server.threadpool.server.size = 0 (default)
2022-10-11 12:49:33,087 [pool-478-thread-1] INFO  server.RaftServerConfigKeys (ConfUtils.java:logGet(46)) - raft.server.threadpool.client.cached = true (default)
2022-10-11 12:49:33,087 [pool-478-thread-1] INFO  server.RaftServerConfigKeys (ConfUtils.java:logGet(46)) - raft.server.threadpool.client.size = 0 (default)
2022-10-11 12:49:33,554 [Listener at 0.0.0.0/43591] INFO  reflections.Reflections (Reflections.java:scan(232)) - Reflections took 485 ms to scan 19 urls, producing 67 keys and 4227 values [using 2 cores]
2022-10-11 12:49:33,556 [Listener at 0.0.0.0/43591] INFO  ipc.CallQueueManager (CallQueueManager.java:<init>(90)) - Using callQueue: class java.util.concurrent.LinkedBlockingQueue, queueCapacity: 2000, scheduler: class org.apache.hadoop.ipc.DefaultRpcScheduler, ipcBackoff: false.
2022-10-11 12:49:33,557 [Socket Reader #1 for port 0] INFO  ipc.Server (Server.java:run(1265)) - Starting Socket Reader #1 for port 0
2022-10-11 12:49:33,576 [Listener at 127.0.0.1/44985] INFO  impl.MetricsSystemImpl (MetricsSystemImpl.java:init(158)) - OzoneManager metrics system started (again)
2022-10-11 12:49:33,586 [Listener at 127.0.0.1/44985] INFO  om.OzoneManager (OzoneManager.java:start(1486)) - OzoneManager RPC server is listening at localhost/127.0.0.1:44985
2022-10-11 12:49:33,586 [Listener at 127.0.0.1/44985] INFO  ratis.OzoneManagerRatisServer (OzoneManagerRatisServer.java:start(555)) - Starting OzoneManagerRatisServer om1 at port 9872
2022-10-11 12:49:33,587 [om1-impl-thread1] INFO  server.RaftServer$Division (RaftServerImpl.java:start(310)) - om1@group-C5BA1605619E: start as a follower, conf=-1: [om1|rpc:localhost:9872|priority:0], old=null
2022-10-11 12:49:33,587 [om1-impl-thread1] INFO  server.RaftServer$Division (RaftServerImpl.java:setRole(299)) - om1@group-C5BA1605619E: changes role from      null to FOLLOWER at term 0 for startAsFollower
2022-10-11 12:49:33,587 [om1-impl-thread1] INFO  impl.RoleInfo (RoleInfo.java:updateAndGet(139)) - om1: start om1@group-C5BA1605619E-FollowerState
2022-10-11 12:49:33,588 [om1-impl-thread1] INFO  util.JmxRegister (JmxRegister.java:tryRegister(44)) - Successfully registered JMX Bean with object name Ratis:service=RaftServer,group=group-C5BA1605619E,id=om1
2022-10-11 12:49:33,589 [Listener at 127.0.0.1/44985] INFO  server.RaftServer (RaftServerProxy.java:lambda$start$6(382)) - om1: start RPC server
2022-10-11 12:49:33,591 [Listener at 127.0.0.1/44985] INFO  server.GrpcService (GrpcService.java:startImpl(260)) - om1: GrpcService started, listening on 9872
2022-10-11 12:49:33,591 [Listener at 127.0.0.1/44985] INFO  om.OzoneManager (OzoneManager.java:start(1502)) - Version File has different layout version (3) than OM DB (null). That is expected if this OM has never been finalized to a newer layout version.
2022-10-11 12:49:33,591 [org.apache.ratis.util.JvmPauseMonitor$$Lambda$703/795293305@2379d848] INFO  util.JvmPauseMonitor (JvmPauseMonitor.java:run(103)) - JvmPauseMonitor-om1: Started
2022-10-11 12:49:33,594 [Listener at 127.0.0.1/44985] INFO  http.BaseHttpServer (BaseHttpServer.java:newHttpServer2BuilderForOzone(213)) - Starting Web-server for ozoneManager at: http://0.0.0.0:0
2022-10-11 12:49:33,594 [Listener at 127.0.0.1/44985] INFO  http.BaseHttpServer (BaseHttpServer.java:<init>(108)) - Hadoop Security Enabled: false Ozone Security Enabled: false Ozone HTTP Security Enabled: false 
2022-10-11 12:49:33,595 [Listener at 127.0.0.1/44985] INFO  server.AuthenticationFilter (AuthenticationFilter.java:constructSecretProvider(240)) - Unable to initialize FileSignerSecretProvider, falling back to use random secrets.
2022-10-11 12:49:33,596 [Listener at 127.0.0.1/44985] WARN  http.HttpRequestLog (HttpRequestLog.java:getRequestLog(103)) - Jetty request log can only be enabled using Log4j
2022-10-11 12:49:33,598 [Listener at 127.0.0.1/44985] INFO  http.HttpServer2 (HttpServer2.java:addGlobalFilter(1031)) - Added global filter 'safety' (class=org.apache.hadoop.hdds.server.http.HttpServer2$QuotingInputFilter)
2022-10-11 12:49:33,598 [Listener at 127.0.0.1/44985] INFO  http.HttpServer2 (HttpServer2.java:addFilter(1007)) - Added filter static_user_filter (class=org.apache.hadoop.http.lib.StaticUserWebFilter$StaticUserFilter) to context ozoneManager
2022-10-11 12:49:33,599 [Listener at 127.0.0.1/44985] INFO  http.HttpServer2 (HttpServer2.java:addFilter(1015)) - Added filter static_user_filter (class=org.apache.hadoop.http.lib.StaticUserWebFilter$StaticUserFilter) to context static
2022-10-11 12:49:33,599 [Listener at 127.0.0.1/44985] INFO  http.HttpServer2 (HttpServer2.java:addFilter(1015)) - Added filter static_user_filter (class=org.apache.hadoop.http.lib.StaticUserWebFilter$StaticUserFilter) to context logs
2022-10-11 12:49:33,600 [Listener at 127.0.0.1/44985] INFO  http.HttpServer2 (HttpServer2.java:bindListener(1250)) - Jetty bound to port 41553
2022-10-11 12:49:33,600 [Listener at 127.0.0.1/44985] INFO  server.Server (Server.java:doStart(375)) - jetty-9.4.43.v20210629; built: 2021-06-30T11:07:22.254Z; git: 526006ecfa3af7f1a27ef3a288e2bef7ea9dd7e8; jvm 1.8.0_345-b01
2022-10-11 12:49:33,601 [Listener at 127.0.0.1/44985] INFO  server.session (DefaultSessionIdManager.java:doStart(334)) - DefaultSessionIdManager workerName=node0
2022-10-11 12:49:33,602 [Listener at 127.0.0.1/44985] INFO  server.session (DefaultSessionIdManager.java:doStart(339)) - No SessionScavenger set, using defaults
2022-10-11 12:49:33,602 [Listener at 127.0.0.1/44985] INFO  server.session (HouseKeeper.java:startScavenging(132)) - node0 Scavenging every 660000ms
2022-10-11 12:49:33,603 [Listener at 127.0.0.1/44985] INFO  handler.ContextHandler (ContextHandler.java:doStart(915)) - Started o.e.j.s.ServletContextHandler@72d59aa9{logs,/logs,file:///home/runner/work/ozone/ozone/hadoop-ozone/integration-test/target/log,AVAILABLE}
2022-10-11 12:49:33,603 [Listener at 127.0.0.1/44985] INFO  handler.ContextHandler (ContextHandler.java:doStart(915)) - Started o.e.j.s.ServletContextHandler@42192f93{static,/static,file:///home/runner/work/ozone/ozone/hadoop-ozone/integration-test/target/test-classes/webapps/static,AVAILABLE}
2022-10-11 12:49:33,608 [Listener at 127.0.0.1/44985] INFO  handler.ContextHandler (ContextHandler.java:doStart(915)) - Started o.e.j.w.WebAppContext@1aae0f81{ozoneManager,/,file:///home/runner/work/ozone/ozone/hadoop-ozone/integration-test/target/test-classes/webapps/ozoneManager/,AVAILABLE}{file:/home/runner/work/ozone/ozone/hadoop-ozone/integration-test/target/test-classes/webapps/ozoneManager}
2022-10-11 12:49:33,612 [Listener at 127.0.0.1/44985] INFO  server.AbstractConnector (AbstractConnector.java:doStart(331)) - Started ServerConnector@7f0f12a9{HTTP/1.1, (http/1.1)}{0.0.0.0:41553}
2022-10-11 12:49:33,612 [Listener at 127.0.0.1/44985] INFO  server.Server (Server.java:doStart(415)) - Started @110617ms
2022-10-11 12:49:33,612 [Listener at 127.0.0.1/44985] WARN  impl.MetricsSystemImpl (MetricsSystemImpl.java:register(279)) - Sink prometheus already exists!
2022-10-11 12:49:33,613 [Listener at 127.0.0.1/44985] INFO  http.BaseHttpServer (BaseHttpServer.java:updateConnectorAddress(333)) - HTTP server of ozoneManager listening at http://0.0.0.0:41553
2022-10-11 12:49:33,613 [IPC Server Responder] INFO  ipc.Server (Server.java:run(1507)) - IPC Server Responder: starting
2022-10-11 12:49:33,614 [IPC Server listener on 0] INFO  ipc.Server (Server.java:run(1344)) - IPC Server listener on 0: starting
2022-10-11 12:49:33,622 [Listener at 127.0.0.1/44985] INFO  om.OzoneManager (OzoneManager.java:startTrashEmptier(1923)) - Trash Interval set to 0. Files deleted won't move to trash
2022-10-11 12:49:33,625 [org.apache.hadoop.util.JvmPauseMonitor$Monitor@d267e5d] INFO  util.JvmPauseMonitor (JvmPauseMonitor.java:run(188)) - Starting JVM pause monitor
2022-10-11 12:49:33,633 [Listener at 127.0.0.1/44985] WARN  impl.MetricRegistriesImpl (MetricRegistriesImpl.java:addReporterRegistration(111)) - New reporters are added after registries were created. Some metrics will be missing from the reporter. Please add reporter before adding any new registry.
2022-10-11 12:49:33,633 [Listener at 127.0.0.1/44985] WARN  impl.MetricRegistriesImpl (MetricRegistriesImpl.java:addReporterRegistration(111)) - New reporters are added after registries were created. Some metrics will be missing from the reporter. Please add reporter before adding any new registry.
2022-10-11 12:49:33,633 [Listener at 127.0.0.1/44985] INFO  impl.MetricsSystemImpl (MetricsSystemImpl.java:init(158)) - HddsDatanode metrics system started (again)
2022-10-11 12:49:33,645 [Listener at 127.0.0.1/44985] INFO  ozone.HddsDatanodeService (HddsDatanodeService.java:start(236)) - HddsDatanodeService host:fv-az570-546.srgqcr2moziuvm0qev4lajleyh.dx.internal.cloudapp.net ip:10.1.1.98
2022-10-11 12:49:33,671 [Listener at 127.0.0.1/44985] INFO  upgrade.AbstractLayoutVersionManager (AbstractLayoutVersionManager.java:init(83)) - Initializing Layout version manager with metadata layout = DATANODE_SCHEMA_V3 (version = 4), software layout = DATANODE_SCHEMA_V3 (version = 4)
2022-10-11 12:49:33,719 [Listener at 127.0.0.1/44985] INFO  reflections.Reflections (Reflections.java:scan(232)) - Reflections took 47 ms to scan 7 urls, producing 137 keys and 328 values 
2022-10-11 12:49:33,721 [Listener at 127.0.0.1/44985] INFO  statemachine.DatanodeStateMachine (DatanodeStateMachine.java:getEndPointTaskThreadPoolSize(237)) - Datanode State Machine Task Thread Pool size 2
2022-10-11 12:49:33,726 [Listener at 127.0.0.1/44985] INFO  volume.HddsVolume (HddsVolume.java:<init>(117)) - Creating HddsVolume: /home/runner/work/ozone/ozone/hadoop-ozone/integration-test/target/test-dir/MiniOzoneClusterImpl-db539a0e-d368-4ad2-95d9-5fcc718fd6eb/datanode-0/data-0/containers/hdds of storage type : DISK capacity : 9223372036854775807
2022-10-11 12:49:33,726 [Listener at 127.0.0.1/44985] INFO  volume.MutableVolumeSet (MutableVolumeSet.java:initializeVolumeSet(174)) - Added Volume : /home/runner/work/ozone/ozone/hadoop-ozone/integration-test/target/test-dir/MiniOzoneClusterImpl-db539a0e-d368-4ad2-95d9-5fcc718fd6eb/datanode-0/data-0/containers/hdds to VolumeSet
2022-10-11 12:49:33,726 [Listener at 127.0.0.1/44985] INFO  volume.ThrottledAsyncChecker (ThrottledAsyncChecker.java:schedule(141)) - Scheduling a check for /home/runner/work/ozone/ozone/hadoop-ozone/integration-test/target/test-dir/MiniOzoneClusterImpl-db539a0e-d368-4ad2-95d9-5fcc718fd6eb/datanode-0/data-0/containers/hdds
2022-10-11 12:49:33,728 [Listener at 127.0.0.1/44985] INFO  volume.StorageVolumeChecker (StorageVolumeChecker.java:checkAllVolumes(202)) - Scheduled health check for volume /home/runner/work/ozone/ozone/hadoop-ozone/integration-test/target/test-dir/MiniOzoneClusterImpl-db539a0e-d368-4ad2-95d9-5fcc718fd6eb/datanode-0/data-0/containers/hdds
2022-10-11 12:49:33,740 [Listener at 127.0.0.1/44985] INFO  volume.MutableVolumeSet (MutableVolumeSet.java:initializeVolumeSet(174)) - Added Volume : /home/runner/work/ozone/ozone/hadoop-ozone/integration-test/target/test-dir/MiniOzoneClusterImpl-db539a0e-d368-4ad2-95d9-5fcc718fd6eb/datanode-0/data/ratis to VolumeSet
2022-10-11 12:49:33,740 [Listener at 127.0.0.1/44985] INFO  volume.ThrottledAsyncChecker (ThrottledAsyncChecker.java:schedule(141)) - Scheduling a check for /home/runner/work/ozone/ozone/hadoop-ozone/integration-test/target/test-dir/MiniOzoneClusterImpl-db539a0e-d368-4ad2-95d9-5fcc718fd6eb/datanode-0/data/ratis
2022-10-11 12:49:33,741 [Listener at 127.0.0.1/44985] INFO  volume.StorageVolumeChecker (StorageVolumeChecker.java:checkAllVolumes(202)) - Scheduled health check for volume /home/runner/work/ozone/ozone/hadoop-ozone/integration-test/target/test-dir/MiniOzoneClusterImpl-db539a0e-d368-4ad2-95d9-5fcc718fd6eb/datanode-0/data/ratis
2022-10-11 12:49:33,759 [Thread-3091] INFO  ozoneimpl.ContainerReader (ContainerReader.java:readVolume(175)) - Finish verifying containers on volume /home/runner/work/ozone/ozone/hadoop-ozone/integration-test/target/test-dir/MiniOzoneClusterImpl-db539a0e-d368-4ad2-95d9-5fcc718fd6eb/datanode-0/data-0/containers/hdds
2022-10-11 12:49:33,759 [Listener at 127.0.0.1/44985] INFO  ozoneimpl.OzoneContainer (OzoneContainer.java:buildContainerSet(300)) - Build ContainerSet costs 0s
2022-10-11 12:49:33,762 [Listener at 127.0.0.1/44985] INFO  server.RaftServer (ConfUtils.java:logGet(46)) - raft.rpc.type = GRPC (default)
2022-10-11 12:49:33,762 [Listener at 127.0.0.1/44985] INFO  grpc.GrpcFactory (GrpcFactory.java:checkPooledByteBufAllocatorUseCacheForAllThreads(48)) - PERFORMANCE WARNING: useCacheForAllThreads is true that may cause Netty to create a lot garbage objects and, as a result, trigger GC.
	It is recommended to disable useCacheForAllThreads by setting -Dorg.apache.ratis.thirdparty.io.netty.allocator.useCacheForAllThreads=false in command line.
2022-10-11 12:49:33,762 [Listener at 127.0.0.1/44985] INFO  grpc.GrpcConfigKeys (ConfUtils.java:logGet(46)) - raft.grpc.admin.port = 0 (custom)
2022-10-11 12:49:33,763 [Listener at 127.0.0.1/44985] INFO  grpc.GrpcConfigKeys (ConfUtils.java:logGet(46)) - raft.grpc.client.port = 0 (custom)
2022-10-11 12:49:33,763 [Listener at 127.0.0.1/44985] INFO  grpc.GrpcConfigKeys (ConfUtils.java:logGet(46)) - raft.grpc.server.port = 0 (default)
2022-10-11 12:49:33,763 [Listener at 127.0.0.1/44985] INFO  server.GrpcService (ConfUtils.java:logGet(46)) - raft.grpc.message.size.max = 32MB (=33554432) (custom)
2022-10-11 12:49:33,764 [Listener at 127.0.0.1/44985] INFO  server.RaftServerConfigKeys (ConfUtils.java:logGet(46)) - raft.server.log.appender.buffer.byte-limit = 33554432 (custom)
2022-10-11 12:49:33,764 [Listener at 127.0.0.1/44985] INFO  server.GrpcService (ConfUtils.java:logGet(46)) - raft.grpc.flow.control.window = 5MB (=5242880) (custom)
2022-10-11 12:49:33,764 [Listener at 127.0.0.1/44985] INFO  server.RaftServerConfigKeys (ConfUtils.java:logGet(46)) - raft.server.rpc.request.timeout = 60s (custom)
2022-10-11 12:49:33,764 [Listener at 127.0.0.1/44985] INFO  grpc.GrpcConfigKeys (ConfUtils.java:logGet(46)) - raft.grpc.server.async.request.thread.pool.cached = true (default)
2022-10-11 12:49:33,765 [Listener at 127.0.0.1/44985] INFO  grpc.GrpcConfigKeys (ConfUtils.java:logGet(46)) - raft.grpc.server.async.request.thread.pool.size = 32 (default)
2022-10-11 12:49:33,766 [Listener at 127.0.0.1/44985] INFO  impl.DataStreamServerImpl (ConfUtils.java:logGet(46)) - raft.datastream.type = DISABLED (default)
2022-10-11 12:49:33,766 [Listener at 127.0.0.1/44985] INFO  server.RaftServerConfigKeys (ConfUtils.java:logGet(46)) - raft.server.threadpool.proxy.cached = true (default)
2022-10-11 12:49:33,767 [Listener at 127.0.0.1/44985] INFO  server.RaftServerConfigKeys (ConfUtils.java:logGet(46)) - raft.server.threadpool.proxy.size = 0 (default)
2022-10-11 12:49:33,767 [Listener at 127.0.0.1/44985] INFO  server.RaftServerConfigKeys (ConfUtils.java:logGet(46)) - raft.server.rpc.slowness.timeout = 300s (custom)
2022-10-11 12:49:33,767 [Listener at 127.0.0.1/44985] INFO  server.RaftServerConfigKeys (ConfUtils.java:logGet(46)) - raft.server.leaderelection.leader.step-down.wait-time = 10s (default)
2022-10-11 12:49:33,768 [Listener at 127.0.0.1/44985] INFO  server.RaftServerConfigKeys (ConfUtils.java:logGet(46)) - raft.server.storage.dir = [/home/runner/work/ozone/ozone/hadoop-ozone/integration-test/target/test-dir/MiniOzoneClusterImpl-db539a0e-d368-4ad2-95d9-5fcc718fd6eb/datanode-0/data/ratis] (custom)
2022-10-11 12:49:33,769 [Listener at 127.0.0.1/44985] INFO  server.XceiverServerGrpc (XceiverServerGrpc.java:<init>(132)) - GrpcServer channel type EpollServerSocketChannel
2022-10-11 12:49:33,772 [Listener at 127.0.0.1/44985] INFO  http.BaseHttpServer (BaseHttpServer.java:newHttpServer2BuilderForOzone(213)) - Starting Web-server for hddsDatanode at: http://0.0.0.0:0
2022-10-11 12:49:33,772 [Listener at 127.0.0.1/44985] INFO  http.BaseHttpServer (BaseHttpServer.java:<init>(108)) - Hadoop Security Enabled: false Ozone Security Enabled: false Ozone HTTP Security Enabled: false 
2022-10-11 12:49:33,774 [Listener at 127.0.0.1/44985] INFO  server.AuthenticationFilter (AuthenticationFilter.java:constructSecretProvider(240)) - Unable to initialize FileSignerSecretProvider, falling back to use random secrets.
2022-10-11 12:49:33,774 [Listener at 127.0.0.1/44985] WARN  http.HttpRequestLog (HttpRequestLog.java:getRequestLog(103)) - Jetty request log can only be enabled using Log4j
2022-10-11 12:49:33,776 [Listener at 127.0.0.1/44985] INFO  http.HttpServer2 (HttpServer2.java:addGlobalFilter(1031)) - Added global filter 'safety' (class=org.apache.hadoop.hdds.server.http.HttpServer2$QuotingInputFilter)
2022-10-11 12:49:33,777 [Listener at 127.0.0.1/44985] INFO  http.HttpServer2 (HttpServer2.java:addFilter(1007)) - Added filter static_user_filter (class=org.apache.hadoop.http.lib.StaticUserWebFilter$StaticUserFilter) to context hddsDatanode
2022-10-11 12:49:33,777 [Listener at 127.0.0.1/44985] INFO  http.HttpServer2 (HttpServer2.java:addFilter(1015)) - Added filter static_user_filter (class=org.apache.hadoop.http.lib.StaticUserWebFilter$StaticUserFilter) to context logs
2022-10-11 12:49:33,777 [Listener at 127.0.0.1/44985] INFO  http.HttpServer2 (HttpServer2.java:addFilter(1015)) - Added filter static_user_filter (class=org.apache.hadoop.http.lib.StaticUserWebFilter$StaticUserFilter) to context static
2022-10-11 12:49:33,778 [Listener at 127.0.0.1/44985] INFO  http.HttpServer2 (HttpServer2.java:bindListener(1250)) - Jetty bound to port 37701
2022-10-11 12:49:33,778 [Listener at 127.0.0.1/44985] INFO  server.Server (Server.java:doStart(375)) - jetty-9.4.43.v20210629; built: 2021-06-30T11:07:22.254Z; git: 526006ecfa3af7f1a27ef3a288e2bef7ea9dd7e8; jvm 1.8.0_345-b01
2022-10-11 12:49:33,780 [Listener at 127.0.0.1/44985] INFO  server.session (DefaultSessionIdManager.java:doStart(334)) - DefaultSessionIdManager workerName=node0
2022-10-11 12:49:33,780 [Listener at 127.0.0.1/44985] INFO  server.session (DefaultSessionIdManager.java:doStart(339)) - No SessionScavenger set, using defaults
2022-10-11 12:49:33,780 [Listener at 127.0.0.1/44985] INFO  server.session (HouseKeeper.java:startScavenging(132)) - node0 Scavenging every 660000ms
2022-10-11 12:49:33,781 [Listener at 127.0.0.1/44985] INFO  handler.ContextHandler (ContextHandler.java:doStart(915)) - Started o.e.j.s.ServletContextHandler@51798f82{logs,/logs,file:///home/runner/work/ozone/ozone/hadoop-ozone/integration-test/target/log,AVAILABLE}
2022-10-11 12:49:33,781 [Listener at 127.0.0.1/44985] INFO  handler.ContextHandler (ContextHandler.java:doStart(915)) - Started o.e.j.s.ServletContextHandler@6a966b4d{static,/static,jar:file:/home/runner/.m2/repository/org/apache/ozone/hdds-container-service/1.3.0-SNAPSHOT/hdds-container-service-1.3.0-SNAPSHOT.jar!/webapps/static,AVAILABLE}
2022-10-11 12:49:33,970 [Listener at 127.0.0.1/44985] INFO  handler.ContextHandler (ContextHandler.java:doStart(915)) - Started o.e.j.w.WebAppContext@787eae84{hddsDatanode,/,file:///tmp/jetty-0_0_0_0-37701-hdds-container-service-1_3_0-SNAPSHOT_jar-_-any-1585637717521691640/webapp/,AVAILABLE}{jar:file:/home/runner/.m2/repository/org/apache/ozone/hdds-container-service/1.3.0-SNAPSHOT/hdds-container-service-1.3.0-SNAPSHOT.jar!/webapps/hddsDatanode}
2022-10-11 12:49:33,971 [Listener at 127.0.0.1/44985] INFO  server.AbstractConnector (AbstractConnector.java:doStart(331)) - Started ServerConnector@2bfc86e1{HTTP/1.1, (http/1.1)}{0.0.0.0:37701}
2022-10-11 12:49:33,972 [Listener at 127.0.0.1/44985] INFO  server.Server (Server.java:doStart(415)) - Started @110977ms
2022-10-11 12:49:33,972 [Listener at 127.0.0.1/44985] WARN  impl.MetricsSystemImpl (MetricsSystemImpl.java:register(279)) - Sink prometheus already exists!
2022-10-11 12:49:33,973 [Listener at 127.0.0.1/44985] INFO  http.BaseHttpServer (BaseHttpServer.java:updateConnectorAddress(333)) - HTTP server of hddsDatanode listening at http://0.0.0.0:37701
2022-10-11 12:49:33,973 [Datanode State Machine Daemon Thread] INFO  statemachine.DatanodeStateMachine (DatanodeStateMachine.java:lambda$startDaemon$0(492)) - Ozone container server started.
2022-10-11 12:49:33,976 [Listener at 127.0.0.1/44985] WARN  impl.MetricRegistriesImpl (MetricRegistriesImpl.java:addReporterRegistration(111)) - New reporters are added after registries were created. Some metrics will be missing from the reporter. Please add reporter before adding any new registry.
2022-10-11 12:49:33,976 [Listener at 127.0.0.1/44985] WARN  impl.MetricRegistriesImpl (MetricRegistriesImpl.java:addReporterRegistration(111)) - New reporters are added after registries were created. Some metrics will be missing from the reporter. Please add reporter before adding any new registry.
2022-10-11 12:49:33,977 [Listener at 127.0.0.1/44985] INFO  impl.MetricsSystemImpl (MetricsSystemImpl.java:init(158)) - HddsDatanode metrics system started (again)
2022-10-11 12:49:33,987 [org.apache.hadoop.util.JvmPauseMonitor$Monitor@4da4def4] INFO  util.JvmPauseMonitor (JvmPauseMonitor.java:run(188)) - Starting JVM pause monitor
2022-10-11 12:49:33,988 [Listener at 127.0.0.1/44985] INFO  ozone.HddsDatanodeService (HddsDatanodeService.java:start(236)) - HddsDatanodeService host:fv-az570-546.srgqcr2moziuvm0qev4lajleyh.dx.internal.cloudapp.net ip:10.1.1.98
2022-10-11 12:49:33,989 [Datanode State Machine Task Thread - 0] INFO  datanode.InitDatanodeState (InitDatanodeState.java:persistContainerDatanodeDetails(138)) - DatanodeDetails is persisted to /home/runner/work/ozone/ozone/hadoop-ozone/integration-test/target/test-dir/MiniOzoneClusterImpl-db539a0e-d368-4ad2-95d9-5fcc718fd6eb/datanode-0/meta/datanode.id
2022-10-11 12:49:34,016 [Listener at 127.0.0.1/44985] INFO  upgrade.AbstractLayoutVersionManager (AbstractLayoutVersionManager.java:init(83)) - Initializing Layout version manager with metadata layout = DATANODE_SCHEMA_V3 (version = 4), software layout = DATANODE_SCHEMA_V3 (version = 4)
2022-10-11 12:49:34,063 [Listener at 127.0.0.1/44985] INFO  reflections.Reflections (Reflections.java:scan(232)) - Reflections took 46 ms to scan 7 urls, producing 137 keys and 328 values 
2022-10-11 12:49:34,064 [Listener at 127.0.0.1/44985] INFO  statemachine.DatanodeStateMachine (DatanodeStateMachine.java:getEndPointTaskThreadPoolSize(237)) - Datanode State Machine Task Thread Pool size 2
2022-10-11 12:49:34,066 [Listener at 127.0.0.1/44985] INFO  volume.HddsVolume (HddsVolume.java:<init>(117)) - Creating HddsVolume: /home/runner/work/ozone/ozone/hadoop-ozone/integration-test/target/test-dir/MiniOzoneClusterImpl-db539a0e-d368-4ad2-95d9-5fcc718fd6eb/datanode-1/data-0/containers/hdds of storage type : DISK capacity : 9223372036854775807
2022-10-11 12:49:34,067 [Listener at 127.0.0.1/44985] INFO  volume.MutableVolumeSet (MutableVolumeSet.java:initializeVolumeSet(174)) - Added Volume : /home/runner/work/ozone/ozone/hadoop-ozone/integration-test/target/test-dir/MiniOzoneClusterImpl-db539a0e-d368-4ad2-95d9-5fcc718fd6eb/datanode-1/data-0/containers/hdds to VolumeSet
2022-10-11 12:49:34,067 [Listener at 127.0.0.1/44985] INFO  volume.ThrottledAsyncChecker (ThrottledAsyncChecker.java:schedule(141)) - Scheduling a check for /home/runner/work/ozone/ozone/hadoop-ozone/integration-test/target/test-dir/MiniOzoneClusterImpl-db539a0e-d368-4ad2-95d9-5fcc718fd6eb/datanode-1/data-0/containers/hdds
2022-10-11 12:49:34,068 [Listener at 127.0.0.1/44985] INFO  volume.StorageVolumeChecker (StorageVolumeChecker.java:checkAllVolumes(202)) - Scheduled health check for volume /home/runner/work/ozone/ozone/hadoop-ozone/integration-test/target/test-dir/MiniOzoneClusterImpl-db539a0e-d368-4ad2-95d9-5fcc718fd6eb/datanode-1/data-0/containers/hdds
2022-10-11 12:49:34,080 [Listener at 127.0.0.1/44985] INFO  volume.MutableVolumeSet (MutableVolumeSet.java:initializeVolumeSet(174)) - Added Volume : /home/runner/work/ozone/ozone/hadoop-ozone/integration-test/target/test-dir/MiniOzoneClusterImpl-db539a0e-d368-4ad2-95d9-5fcc718fd6eb/datanode-1/data/ratis to VolumeSet
2022-10-11 12:49:34,080 [Listener at 127.0.0.1/44985] INFO  volume.ThrottledAsyncChecker (ThrottledAsyncChecker.java:schedule(141)) - Scheduling a check for /home/runner/work/ozone/ozone/hadoop-ozone/integration-test/target/test-dir/MiniOzoneClusterImpl-db539a0e-d368-4ad2-95d9-5fcc718fd6eb/datanode-1/data/ratis
2022-10-11 12:49:34,080 [Listener at 127.0.0.1/44985] INFO  volume.StorageVolumeChecker (StorageVolumeChecker.java:checkAllVolumes(202)) - Scheduled health check for volume /home/runner/work/ozone/ozone/hadoop-ozone/integration-test/target/test-dir/MiniOzoneClusterImpl-db539a0e-d368-4ad2-95d9-5fcc718fd6eb/datanode-1/data/ratis
2022-10-11 12:49:34,094 [Thread-3104] INFO  ozoneimpl.ContainerReader (ContainerReader.java:readVolume(175)) - Finish verifying containers on volume /home/runner/work/ozone/ozone/hadoop-ozone/integration-test/target/test-dir/MiniOzoneClusterImpl-db539a0e-d368-4ad2-95d9-5fcc718fd6eb/datanode-1/data-0/containers/hdds
2022-10-11 12:49:34,095 [Listener at 127.0.0.1/44985] INFO  ozoneimpl.OzoneContainer (OzoneContainer.java:buildContainerSet(300)) - Build ContainerSet costs 0s
2022-10-11 12:49:34,097 [Listener at 127.0.0.1/44985] INFO  server.RaftServer (ConfUtils.java:logGet(46)) - raft.rpc.type = GRPC (default)
2022-10-11 12:49:34,098 [Listener at 127.0.0.1/44985] INFO  grpc.GrpcFactory (GrpcFactory.java:checkPooledByteBufAllocatorUseCacheForAllThreads(48)) - PERFORMANCE WARNING: useCacheForAllThreads is true that may cause Netty to create a lot garbage objects and, as a result, trigger GC.
	It is recommended to disable useCacheForAllThreads by setting -Dorg.apache.ratis.thirdparty.io.netty.allocator.useCacheForAllThreads=false in command line.
2022-10-11 12:49:34,098 [Listener at 127.0.0.1/44985] INFO  grpc.GrpcConfigKeys (ConfUtils.java:logGet(46)) - raft.grpc.admin.port = 0 (custom)
2022-10-11 12:49:34,098 [Listener at 127.0.0.1/44985] INFO  grpc.GrpcConfigKeys (ConfUtils.java:logGet(46)) - raft.grpc.client.port = 0 (custom)
2022-10-11 12:49:34,099 [Listener at 127.0.0.1/44985] INFO  grpc.GrpcConfigKeys (ConfUtils.java:logGet(46)) - raft.grpc.server.port = 0 (default)
2022-10-11 12:49:34,099 [Listener at 127.0.0.1/44985] INFO  server.GrpcService (ConfUtils.java:logGet(46)) - raft.grpc.message.size.max = 32MB (=33554432) (custom)
2022-10-11 12:49:34,099 [Listener at 127.0.0.1/44985] INFO  server.RaftServerConfigKeys (ConfUtils.java:logGet(46)) - raft.server.log.appender.buffer.byte-limit = 33554432 (custom)
2022-10-11 12:49:34,100 [Listener at 127.0.0.1/44985] INFO  server.GrpcService (ConfUtils.java:logGet(46)) - raft.grpc.flow.control.window = 5MB (=5242880) (custom)
2022-10-11 12:49:34,100 [Listener at 127.0.0.1/44985] INFO  server.RaftServerConfigKeys (ConfUtils.java:logGet(46)) - raft.server.rpc.request.timeout = 60s (custom)
2022-10-11 12:49:34,100 [Listener at 127.0.0.1/44985] INFO  grpc.GrpcConfigKeys (ConfUtils.java:logGet(46)) - raft.grpc.server.async.request.thread.pool.cached = true (default)
2022-10-11 12:49:34,101 [Listener at 127.0.0.1/44985] INFO  grpc.GrpcConfigKeys (ConfUtils.java:logGet(46)) - raft.grpc.server.async.request.thread.pool.size = 32 (default)
2022-10-11 12:49:34,102 [Listener at 127.0.0.1/44985] INFO  impl.DataStreamServerImpl (ConfUtils.java:logGet(46)) - raft.datastream.type = DISABLED (default)
2022-10-11 12:49:34,102 [Listener at 127.0.0.1/44985] INFO  server.RaftServerConfigKeys (ConfUtils.java:logGet(46)) - raft.server.threadpool.proxy.cached = true (default)
2022-10-11 12:49:34,102 [Listener at 127.0.0.1/44985] INFO  server.RaftServerConfigKeys (ConfUtils.java:logGet(46)) - raft.server.threadpool.proxy.size = 0 (default)
2022-10-11 12:49:34,103 [Listener at 127.0.0.1/44985] INFO  server.RaftServerConfigKeys (ConfUtils.java:logGet(46)) - raft.server.rpc.slowness.timeout = 300s (custom)
2022-10-11 12:49:34,103 [Listener at 127.0.0.1/44985] INFO  server.RaftServerConfigKeys (ConfUtils.java:logGet(46)) - raft.server.leaderelection.leader.step-down.wait-time = 10s (default)
2022-10-11 12:49:34,103 [Listener at 127.0.0.1/44985] INFO  server.RaftServerConfigKeys (ConfUtils.java:logGet(46)) - raft.server.storage.dir = [/home/runner/work/ozone/ozone/hadoop-ozone/integration-test/target/test-dir/MiniOzoneClusterImpl-db539a0e-d368-4ad2-95d9-5fcc718fd6eb/datanode-1/data/ratis] (custom)
2022-10-11 12:49:34,105 [Listener at 127.0.0.1/44985] INFO  server.XceiverServerGrpc (XceiverServerGrpc.java:<init>(132)) - GrpcServer channel type EpollServerSocketChannel
2022-10-11 12:49:34,109 [Listener at 127.0.0.1/44985] INFO  http.BaseHttpServer (BaseHttpServer.java:newHttpServer2BuilderForOzone(213)) - Starting Web-server for hddsDatanode at: http://0.0.0.0:0
2022-10-11 12:49:34,109 [Listener at 127.0.0.1/44985] INFO  http.BaseHttpServer (BaseHttpServer.java:<init>(108)) - Hadoop Security Enabled: false Ozone Security Enabled: false Ozone HTTP Security Enabled: false 
2022-10-11 12:49:34,111 [Listener at 127.0.0.1/44985] INFO  server.AuthenticationFilter (AuthenticationFilter.java:constructSecretProvider(240)) - Unable to initialize FileSignerSecretProvider, falling back to use random secrets.
2022-10-11 12:49:34,111 [Listener at 127.0.0.1/44985] WARN  http.HttpRequestLog (HttpRequestLog.java:getRequestLog(103)) - Jetty request log can only be enabled using Log4j
2022-10-11 12:49:34,113 [Listener at 127.0.0.1/44985] INFO  http.HttpServer2 (HttpServer2.java:addGlobalFilter(1031)) - Added global filter 'safety' (class=org.apache.hadoop.hdds.server.http.HttpServer2$QuotingInputFilter)
2022-10-11 12:49:34,113 [Listener at 127.0.0.1/44985] INFO  http.HttpServer2 (HttpServer2.java:addFilter(1007)) - Added filter static_user_filter (class=org.apache.hadoop.http.lib.StaticUserWebFilter$StaticUserFilter) to context hddsDatanode
2022-10-11 12:49:34,114 [Listener at 127.0.0.1/44985] INFO  http.HttpServer2 (HttpServer2.java:addFilter(1015)) - Added filter static_user_filter (class=org.apache.hadoop.http.lib.StaticUserWebFilter$StaticUserFilter) to context static
2022-10-11 12:49:34,114 [Listener at 127.0.0.1/44985] INFO  http.HttpServer2 (HttpServer2.java:addFilter(1015)) - Added filter static_user_filter (class=org.apache.hadoop.http.lib.StaticUserWebFilter$StaticUserFilter) to context logs
2022-10-11 12:49:34,114 [Listener at 127.0.0.1/44985] INFO  http.HttpServer2 (HttpServer2.java:bindListener(1250)) - Jetty bound to port 46061
2022-10-11 12:49:34,115 [Listener at 127.0.0.1/44985] INFO  server.Server (Server.java:doStart(375)) - jetty-9.4.43.v20210629; built: 2021-06-30T11:07:22.254Z; git: 526006ecfa3af7f1a27ef3a288e2bef7ea9dd7e8; jvm 1.8.0_345-b01
2022-10-11 12:49:34,116 [Listener at 127.0.0.1/44985] INFO  server.session (DefaultSessionIdManager.java:doStart(334)) - DefaultSessionIdManager workerName=node0
2022-10-11 12:49:34,117 [Listener at 127.0.0.1/44985] INFO  server.session (DefaultSessionIdManager.java:doStart(339)) - No SessionScavenger set, using defaults
2022-10-11 12:49:34,117 [Listener at 127.0.0.1/44985] INFO  server.session (HouseKeeper.java:startScavenging(132)) - node0 Scavenging every 600000ms
2022-10-11 12:49:34,118 [Listener at 127.0.0.1/44985] INFO  handler.ContextHandler (ContextHandler.java:doStart(915)) - Started o.e.j.s.ServletContextHandler@b368cf3{logs,/logs,file:///home/runner/work/ozone/ozone/hadoop-ozone/integration-test/target/log,AVAILABLE}
2022-10-11 12:49:34,118 [Listener at 127.0.0.1/44985] INFO  handler.ContextHandler (ContextHandler.java:doStart(915)) - Started o.e.j.s.ServletContextHandler@658ccbb8{static,/static,jar:file:/home/runner/.m2/repository/org/apache/ozone/hdds-container-service/1.3.0-SNAPSHOT/hdds-container-service-1.3.0-SNAPSHOT.jar!/webapps/static,AVAILABLE}
2022-10-11 12:49:34,334 [Listener at 127.0.0.1/44985] INFO  handler.ContextHandler (ContextHandler.java:doStart(915)) - Started o.e.j.w.WebAppContext@2e236ed1{hddsDatanode,/,file:///tmp/jetty-0_0_0_0-46061-hdds-container-service-1_3_0-SNAPSHOT_jar-_-any-5809731916496773401/webapp/,AVAILABLE}{jar:file:/home/runner/.m2/repository/org/apache/ozone/hdds-container-service/1.3.0-SNAPSHOT/hdds-container-service-1.3.0-SNAPSHOT.jar!/webapps/hddsDatanode}
2022-10-11 12:49:34,336 [Listener at 127.0.0.1/44985] INFO  server.AbstractConnector (AbstractConnector.java:doStart(331)) - Started ServerConnector@6ef0f24a{HTTP/1.1, (http/1.1)}{0.0.0.0:46061}
2022-10-11 12:49:34,336 [Listener at 127.0.0.1/44985] INFO  server.Server (Server.java:doStart(415)) - Started @111341ms
2022-10-11 12:49:34,336 [Listener at 127.0.0.1/44985] WARN  impl.MetricsSystemImpl (MetricsSystemImpl.java:register(279)) - Sink prometheus already exists!
2022-10-11 12:49:34,337 [Listener at 127.0.0.1/44985] INFO  http.BaseHttpServer (BaseHttpServer.java:updateConnectorAddress(333)) - HTTP server of hddsDatanode listening at http://0.0.0.0:46061
2022-10-11 12:49:34,338 [Listener at 127.0.0.1/44985] WARN  impl.MetricRegistriesImpl (MetricRegistriesImpl.java:addReporterRegistration(111)) - New reporters are added after registries were created. Some metrics will be missing from the reporter. Please add reporter before adding any new registry.
2022-10-11 12:49:34,338 [Listener at 127.0.0.1/44985] WARN  impl.MetricRegistriesImpl (MetricRegistriesImpl.java:addReporterRegistration(111)) - New reporters are added after registries were created. Some metrics will be missing from the reporter. Please add reporter before adding any new registry.
2022-10-11 12:49:34,338 [Listener at 127.0.0.1/44985] INFO  impl.MetricsSystemImpl (MetricsSystemImpl.java:init(158)) - HddsDatanode metrics system started (again)
2022-10-11 12:49:34,345 [Datanode State Machine Daemon Thread] INFO  statemachine.DatanodeStateMachine (DatanodeStateMachine.java:lambda$startDaemon$0(492)) - Ozone container server started.
2022-10-11 12:49:34,351 [Listener at 127.0.0.1/44985] INFO  ozone.HddsDatanodeService (HddsDatanodeService.java:start(236)) - HddsDatanodeService host:fv-az570-546.srgqcr2moziuvm0qev4lajleyh.dx.internal.cloudapp.net ip:10.1.1.98
2022-10-11 12:49:34,352 [org.apache.hadoop.util.JvmPauseMonitor$Monitor@15ce382e] INFO  util.JvmPauseMonitor (JvmPauseMonitor.java:run(188)) - Starting JVM pause monitor
2022-10-11 12:49:34,356 [Datanode State Machine Task Thread - 0] INFO  datanode.InitDatanodeState (InitDatanodeState.java:persistContainerDatanodeDetails(138)) - DatanodeDetails is persisted to /home/runner/work/ozone/ozone/hadoop-ozone/integration-test/target/test-dir/MiniOzoneClusterImpl-db539a0e-d368-4ad2-95d9-5fcc718fd6eb/datanode-1/meta/datanode.id
2022-10-11 12:49:34,377 [Listener at 127.0.0.1/44985] INFO  upgrade.AbstractLayoutVersionManager (AbstractLayoutVersionManager.java:init(83)) - Initializing Layout version manager with metadata layout = DATANODE_SCHEMA_V3 (version = 4), software layout = DATANODE_SCHEMA_V3 (version = 4)
2022-10-11 12:49:34,425 [Listener at 127.0.0.1/44985] INFO  reflections.Reflections (Reflections.java:scan(232)) - Reflections took 46 ms to scan 7 urls, producing 137 keys and 328 values 
2022-10-11 12:49:34,426 [Listener at 127.0.0.1/44985] INFO  statemachine.DatanodeStateMachine (DatanodeStateMachine.java:getEndPointTaskThreadPoolSize(237)) - Datanode State Machine Task Thread Pool size 2
2022-10-11 12:49:34,432 [Listener at 127.0.0.1/44985] INFO  volume.HddsVolume (HddsVolume.java:<init>(117)) - Creating HddsVolume: /home/runner/work/ozone/ozone/hadoop-ozone/integration-test/target/test-dir/MiniOzoneClusterImpl-db539a0e-d368-4ad2-95d9-5fcc718fd6eb/datanode-2/data-0/containers/hdds of storage type : DISK capacity : 9223372036854775807
2022-10-11 12:49:34,433 [Listener at 127.0.0.1/44985] INFO  volume.MutableVolumeSet (MutableVolumeSet.java:initializeVolumeSet(174)) - Added Volume : /home/runner/work/ozone/ozone/hadoop-ozone/integration-test/target/test-dir/MiniOzoneClusterImpl-db539a0e-d368-4ad2-95d9-5fcc718fd6eb/datanode-2/data-0/containers/hdds to VolumeSet
2022-10-11 12:49:34,433 [Listener at 127.0.0.1/44985] INFO  volume.ThrottledAsyncChecker (ThrottledAsyncChecker.java:schedule(141)) - Scheduling a check for /home/runner/work/ozone/ozone/hadoop-ozone/integration-test/target/test-dir/MiniOzoneClusterImpl-db539a0e-d368-4ad2-95d9-5fcc718fd6eb/datanode-2/data-0/containers/hdds
2022-10-11 12:49:34,434 [Listener at 127.0.0.1/44985] INFO  volume.StorageVolumeChecker (StorageVolumeChecker.java:checkAllVolumes(202)) - Scheduled health check for volume /home/runner/work/ozone/ozone/hadoop-ozone/integration-test/target/test-dir/MiniOzoneClusterImpl-db539a0e-d368-4ad2-95d9-5fcc718fd6eb/datanode-2/data-0/containers/hdds
2022-10-11 12:49:34,449 [Listener at 127.0.0.1/44985] INFO  volume.MutableVolumeSet (MutableVolumeSet.java:initializeVolumeSet(174)) - Added Volume : /home/runner/work/ozone/ozone/hadoop-ozone/integration-test/target/test-dir/MiniOzoneClusterImpl-db539a0e-d368-4ad2-95d9-5fcc718fd6eb/datanode-2/data/ratis to VolumeSet
2022-10-11 12:49:34,449 [Listener at 127.0.0.1/44985] INFO  volume.ThrottledAsyncChecker (ThrottledAsyncChecker.java:schedule(141)) - Scheduling a check for /home/runner/work/ozone/ozone/hadoop-ozone/integration-test/target/test-dir/MiniOzoneClusterImpl-db539a0e-d368-4ad2-95d9-5fcc718fd6eb/datanode-2/data/ratis
2022-10-11 12:49:34,450 [Listener at 127.0.0.1/44985] INFO  volume.StorageVolumeChecker (StorageVolumeChecker.java:checkAllVolumes(202)) - Scheduled health check for volume /home/runner/work/ozone/ozone/hadoop-ozone/integration-test/target/test-dir/MiniOzoneClusterImpl-db539a0e-d368-4ad2-95d9-5fcc718fd6eb/datanode-2/data/ratis
2022-10-11 12:49:34,462 [Thread-3117] INFO  ozoneimpl.ContainerReader (ContainerReader.java:readVolume(175)) - Finish verifying containers on volume /home/runner/work/ozone/ozone/hadoop-ozone/integration-test/target/test-dir/MiniOzoneClusterImpl-db539a0e-d368-4ad2-95d9-5fcc718fd6eb/datanode-2/data-0/containers/hdds
2022-10-11 12:49:34,462 [Listener at 127.0.0.1/44985] INFO  ozoneimpl.OzoneContainer (OzoneContainer.java:buildContainerSet(300)) - Build ContainerSet costs 0s
2022-10-11 12:49:34,464 [Listener at 127.0.0.1/44985] INFO  server.RaftServer (ConfUtils.java:logGet(46)) - raft.rpc.type = GRPC (default)
2022-10-11 12:49:34,465 [Listener at 127.0.0.1/44985] INFO  grpc.GrpcFactory (GrpcFactory.java:checkPooledByteBufAllocatorUseCacheForAllThreads(48)) - PERFORMANCE WARNING: useCacheForAllThreads is true that may cause Netty to create a lot garbage objects and, as a result, trigger GC.
	It is recommended to disable useCacheForAllThreads by setting -Dorg.apache.ratis.thirdparty.io.netty.allocator.useCacheForAllThreads=false in command line.
2022-10-11 12:49:34,465 [Listener at 127.0.0.1/44985] INFO  grpc.GrpcConfigKeys (ConfUtils.java:logGet(46)) - raft.grpc.admin.port = 0 (custom)
2022-10-11 12:49:34,465 [Listener at 127.0.0.1/44985] INFO  grpc.GrpcConfigKeys (ConfUtils.java:logGet(46)) - raft.grpc.client.port = 0 (custom)
2022-10-11 12:49:34,466 [Listener at 127.0.0.1/44985] INFO  grpc.GrpcConfigKeys (ConfUtils.java:logGet(46)) - raft.grpc.server.port = 0 (default)
2022-10-11 12:49:34,466 [Listener at 127.0.0.1/44985] INFO  server.GrpcService (ConfUtils.java:logGet(46)) - raft.grpc.message.size.max = 32MB (=33554432) (custom)
2022-10-11 12:49:34,466 [Listener at 127.0.0.1/44985] INFO  server.RaftServerConfigKeys (ConfUtils.java:logGet(46)) - raft.server.log.appender.buffer.byte-limit = 33554432 (custom)
2022-10-11 12:49:34,466 [Listener at 127.0.0.1/44985] INFO  server.GrpcService (ConfUtils.java:logGet(46)) - raft.grpc.flow.control.window = 5MB (=5242880) (custom)
2022-10-11 12:49:34,467 [Listener at 127.0.0.1/44985] INFO  server.RaftServerConfigKeys (ConfUtils.java:logGet(46)) - raft.server.rpc.request.timeout = 60s (custom)
2022-10-11 12:49:34,467 [Listener at 127.0.0.1/44985] INFO  grpc.GrpcConfigKeys (ConfUtils.java:logGet(46)) - raft.grpc.server.async.request.thread.pool.cached = true (default)
2022-10-11 12:49:34,469 [Listener at 127.0.0.1/44985] INFO  grpc.GrpcConfigKeys (ConfUtils.java:logGet(46)) - raft.grpc.server.async.request.thread.pool.size = 32 (default)
2022-10-11 12:49:34,471 [Listener at 127.0.0.1/44985] INFO  impl.DataStreamServerImpl (ConfUtils.java:logGet(46)) - raft.datastream.type = DISABLED (default)
2022-10-11 12:49:34,471 [Listener at 127.0.0.1/44985] INFO  server.RaftServerConfigKeys (ConfUtils.java:logGet(46)) - raft.server.threadpool.proxy.cached = true (default)
2022-10-11 12:49:34,471 [Listener at 127.0.0.1/44985] INFO  server.RaftServerConfigKeys (ConfUtils.java:logGet(46)) - raft.server.threadpool.proxy.size = 0 (default)
2022-10-11 12:49:34,471 [Listener at 127.0.0.1/44985] INFO  server.RaftServerConfigKeys (ConfUtils.java:logGet(46)) - raft.server.rpc.slowness.timeout = 300s (custom)
2022-10-11 12:49:34,472 [Listener at 127.0.0.1/44985] INFO  server.RaftServerConfigKeys (ConfUtils.java:logGet(46)) - raft.server.leaderelection.leader.step-down.wait-time = 10s (default)
2022-10-11 12:49:34,472 [Listener at 127.0.0.1/44985] INFO  server.RaftServerConfigKeys (ConfUtils.java:logGet(46)) - raft.server.storage.dir = [/home/runner/work/ozone/ozone/hadoop-ozone/integration-test/target/test-dir/MiniOzoneClusterImpl-db539a0e-d368-4ad2-95d9-5fcc718fd6eb/datanode-2/data/ratis] (custom)
2022-10-11 12:49:34,474 [Listener at 127.0.0.1/44985] INFO  server.XceiverServerGrpc (XceiverServerGrpc.java:<init>(132)) - GrpcServer channel type EpollServerSocketChannel
2022-10-11 12:49:34,479 [Listener at 127.0.0.1/44985] INFO  http.BaseHttpServer (BaseHttpServer.java:newHttpServer2BuilderForOzone(213)) - Starting Web-server for hddsDatanode at: http://0.0.0.0:0
2022-10-11 12:49:34,480 [Listener at 127.0.0.1/44985] INFO  http.BaseHttpServer (BaseHttpServer.java:<init>(108)) - Hadoop Security Enabled: false Ozone Security Enabled: false Ozone HTTP Security Enabled: false 
2022-10-11 12:49:34,481 [Listener at 127.0.0.1/44985] INFO  server.AuthenticationFilter (AuthenticationFilter.java:constructSecretProvider(240)) - Unable to initialize FileSignerSecretProvider, falling back to use random secrets.
2022-10-11 12:49:34,481 [Listener at 127.0.0.1/44985] WARN  http.HttpRequestLog (HttpRequestLog.java:getRequestLog(103)) - Jetty request log can only be enabled using Log4j
2022-10-11 12:49:34,483 [Listener at 127.0.0.1/44985] INFO  http.HttpServer2 (HttpServer2.java:addGlobalFilter(1031)) - Added global filter 'safety' (class=org.apache.hadoop.hdds.server.http.HttpServer2$QuotingInputFilter)
2022-10-11 12:49:34,484 [Listener at 127.0.0.1/44985] INFO  http.HttpServer2 (HttpServer2.java:addFilter(1007)) - Added filter static_user_filter (class=org.apache.hadoop.http.lib.StaticUserWebFilter$StaticUserFilter) to context hddsDatanode
2022-10-11 12:49:34,484 [Listener at 127.0.0.1/44985] INFO  http.HttpServer2 (HttpServer2.java:addFilter(1015)) - Added filter static_user_filter (class=org.apache.hadoop.http.lib.StaticUserWebFilter$StaticUserFilter) to context static
2022-10-11 12:49:34,484 [Listener at 127.0.0.1/44985] INFO  http.HttpServer2 (HttpServer2.java:addFilter(1015)) - Added filter static_user_filter (class=org.apache.hadoop.http.lib.StaticUserWebFilter$StaticUserFilter) to context logs
2022-10-11 12:49:34,485 [Listener at 127.0.0.1/44985] INFO  http.HttpServer2 (HttpServer2.java:bindListener(1250)) - Jetty bound to port 44249
2022-10-11 12:49:34,485 [Listener at 127.0.0.1/44985] INFO  server.Server (Server.java:doStart(375)) - jetty-9.4.43.v20210629; built: 2021-06-30T11:07:22.254Z; git: 526006ecfa3af7f1a27ef3a288e2bef7ea9dd7e8; jvm 1.8.0_345-b01
2022-10-11 12:49:34,487 [Listener at 127.0.0.1/44985] INFO  server.session (DefaultSessionIdManager.java:doStart(334)) - DefaultSessionIdManager workerName=node0
2022-10-11 12:49:34,487 [Listener at 127.0.0.1/44985] INFO  server.session (DefaultSessionIdManager.java:doStart(339)) - No SessionScavenger set, using defaults
2022-10-11 12:49:34,488 [Listener at 127.0.0.1/44985] INFO  server.session (HouseKeeper.java:startScavenging(132)) - node0 Scavenging every 600000ms
2022-10-11 12:49:34,488 [Listener at 127.0.0.1/44985] INFO  handler.ContextHandler (ContextHandler.java:doStart(915)) - Started o.e.j.s.ServletContextHandler@6b31915f{logs,/logs,file:///home/runner/work/ozone/ozone/hadoop-ozone/integration-test/target/log,AVAILABLE}
2022-10-11 12:49:34,489 [Listener at 127.0.0.1/44985] INFO  handler.ContextHandler (ContextHandler.java:doStart(915)) - Started o.e.j.s.ServletContextHandler@7833eb0a{static,/static,jar:file:/home/runner/.m2/repository/org/apache/ozone/hdds-container-service/1.3.0-SNAPSHOT/hdds-container-service-1.3.0-SNAPSHOT.jar!/webapps/static,AVAILABLE}
2022-10-11 12:49:34,668 [om1@group-C5BA1605619E-FollowerState] INFO  impl.FollowerState (FollowerState.java:run(143)) - om1@group-C5BA1605619E-FollowerState: change to CANDIDATE, lastRpcElapsedTime:1081445481ns, electionTimeout:1081ms
2022-10-11 12:49:34,669 [om1@group-C5BA1605619E-FollowerState] INFO  impl.RoleInfo (RoleInfo.java:shutdownFollowerState(110)) - om1: shutdown om1@group-C5BA1605619E-FollowerState
2022-10-11 12:49:34,669 [om1@group-C5BA1605619E-FollowerState] INFO  server.RaftServer$Division (RaftServerImpl.java:setRole(299)) - om1@group-C5BA1605619E: changes role from  FOLLOWER to CANDIDATE at term 0 for changeToCandidate
2022-10-11 12:49:34,669 [om1@group-C5BA1605619E-FollowerState] INFO  server.RaftServerConfigKeys (ConfUtils.java:logGet(46)) - raft.server.leaderelection.pre-vote = false (custom)
2022-10-11 12:49:34,669 [om1@group-C5BA1605619E-FollowerState] INFO  impl.RoleInfo (RoleInfo.java:updateAndGet(139)) - om1: start om1@group-C5BA1605619E-LeaderElection16
2022-10-11 12:49:34,682 [om1@group-C5BA1605619E-LeaderElection16] INFO  impl.LeaderElection (LeaderElection.java:askForVotes(310)) - om1@group-C5BA1605619E-LeaderElection16 ELECTION round 0: submit vote requests at term 1 for -1: [om1|rpc:localhost:9872|priority:0], old=null
2022-10-11 12:49:34,682 [om1@group-C5BA1605619E-LeaderElection16] INFO  impl.LeaderElection (LeaderElection.java:askForVotes(312)) - om1@group-C5BA1605619E-LeaderElection16 ELECTION round 0: result PASSED (term=1)
2022-10-11 12:49:34,682 [om1@group-C5BA1605619E-LeaderElection16] INFO  impl.RoleInfo (RoleInfo.java:shutdownLeaderElection(130)) - om1: shutdown om1@group-C5BA1605619E-LeaderElection16
2022-10-11 12:49:34,682 [om1@group-C5BA1605619E-LeaderElection16] INFO  server.RaftServer$Division (RaftServerImpl.java:setRole(299)) - om1@group-C5BA1605619E: changes role from CANDIDATE to LEADER at term 1 for changeToLeader
2022-10-11 12:49:34,682 [om1@group-C5BA1605619E-LeaderElection16] INFO  server.RaftServer$Division (ServerState.java:setLeader(287)) - om1@group-C5BA1605619E: change Leader from null to om1 at term 1 for becomeLeader, leader elected after 1608ms
2022-10-11 12:49:34,682 [om1@group-C5BA1605619E-LeaderElection16] INFO  server.RaftServerConfigKeys (ConfUtils.java:logGet(46)) - raft.server.staging.catchup.gap = 1000 (default)
2022-10-11 12:49:34,682 [om1@group-C5BA1605619E-LeaderElection16] INFO  server.RaftServerConfigKeys (ConfUtils.java:logGet(46)) - raft.server.write.element-limit = 4096 (default)
2022-10-11 12:49:34,682 [om1@group-C5BA1605619E-LeaderElection16] INFO  server.RaftServerConfigKeys (ConfUtils.java:logGet(46)) - raft.server.write.byte-limit = 64MB (=67108864) (default)
2022-10-11 12:49:34,683 [om1@group-C5BA1605619E-LeaderElection16] INFO  server.RaftServerConfigKeys (ConfUtils.java:logGet(46)) - raft.server.watch.timeout = 10s (default)
2022-10-11 12:49:34,685 [om1@group-C5BA1605619E-LeaderElection16] INFO  server.RaftServerConfigKeys (ConfUtils.java:logGet(46)) - raft.server.watch.timeout.denomination = 1s (default)
2022-10-11 12:49:34,685 [om1@group-C5BA1605619E-LeaderElection16] INFO  server.RaftServerConfigKeys (ConfUtils.java:logGet(46)) - raft.server.watch.element-limit = 65536 (default)
2022-10-11 12:49:34,685 [om1@group-C5BA1605619E-LeaderElection16] INFO  server.RaftServerConfigKeys (ConfUtils.java:logGet(46)) - raft.server.write.element-limit = 4096 (default)
2022-10-11 12:49:34,685 [om1@group-C5BA1605619E-LeaderElection16] INFO  server.RaftServerConfigKeys (ConfUtils.java:logGet(46)) - raft.server.write.follower.gap.ratio.max = -1.0 (default)
2022-10-11 12:49:34,685 [om1@group-C5BA1605619E-LeaderElection16] INFO  impl.RoleInfo (RoleInfo.java:updateAndGet(139)) - om1: start om1@group-C5BA1605619E-LeaderStateImpl
2022-10-11 12:49:34,686 [om1@group-C5BA1605619E-LeaderElection16] INFO  segmented.SegmentedRaftLogWorker (SegmentedRaftLogWorker.java:startLogSegment(425)) - om1@group-C5BA1605619E-SegmentedRaftLogWorker: Starting segment from index:0
2022-10-11 12:49:34,690 [Listener at 127.0.0.1/44985] INFO  handler.ContextHandler (ContextHandler.java:doStart(915)) - Started o.e.j.w.WebAppContext@ed2eced{hddsDatanode,/,file:///tmp/jetty-0_0_0_0-44249-hdds-container-service-1_3_0-SNAPSHOT_jar-_-any-8120216664333310324/webapp/,AVAILABLE}{jar:file:/home/runner/.m2/repository/org/apache/ozone/hdds-container-service/1.3.0-SNAPSHOT/hdds-container-service-1.3.0-SNAPSHOT.jar!/webapps/hddsDatanode}
2022-10-11 12:49:34,691 [om1@group-C5BA1605619E-LeaderElection16] INFO  server.RaftServer$Division (ServerState.java:setRaftConf(393)) - om1@group-C5BA1605619E: set configuration 0: [om1|rpc:localhost:9872|admin:|client:|dataStream:|priority:0], old=null
2022-10-11 12:49:34,695 [Listener at 127.0.0.1/44985] INFO  server.AbstractConnector (AbstractConnector.java:doStart(331)) - Started ServerConnector@3a439ff7{HTTP/1.1, (http/1.1)}{0.0.0.0:44249}
2022-10-11 12:49:34,696 [Listener at 127.0.0.1/44985] INFO  server.Server (Server.java:doStart(415)) - Started @111701ms
2022-10-11 12:49:34,696 [Listener at 127.0.0.1/44985] WARN  impl.MetricsSystemImpl (MetricsSystemImpl.java:register(279)) - Sink prometheus already exists!
2022-10-11 12:49:34,697 [Listener at 127.0.0.1/44985] INFO  http.BaseHttpServer (BaseHttpServer.java:updateConnectorAddress(333)) - HTTP server of hddsDatanode listening at http://0.0.0.0:44249
2022-10-11 12:49:34,698 [om1@group-C5BA1605619E-SegmentedRaftLogWorker] INFO  segmented.SegmentedRaftLogWorker (SegmentedRaftLogWorker.java:execute(629)) - om1@group-C5BA1605619E-SegmentedRaftLogWorker: created new log segment /home/runner/work/ozone/ozone/hadoop-ozone/integration-test/target/test-dir/MiniOzoneClusterImpl-db539a0e-d368-4ad2-95d9-5fcc718fd6eb/ozone-meta/ratis/bf265839-605b-3f16-9796-c5ba1605619e/current/log_inprogress_0
2022-10-11 12:49:34,703 [Listener at 127.0.0.1/44985] INFO  ozone.MiniOzoneClusterImpl (MiniOzoneClusterImpl.java:lambda$waitForClusterToBeReady$0(216)) - Waiting for nodes to be ready. Got 0 of 3 DN Heartbeats.
2022-10-11 12:49:34,704 [Listener at 127.0.0.1/44985] INFO  ozone.MiniOzoneClusterImpl (MiniOzoneClusterImpl.java:lambda$waitForClusterToBeReady$0(219)) - Waiting for cluster to exit safe mode
2022-10-11 12:49:34,704 [Listener at 127.0.0.1/44985] INFO  ozone.MiniOzoneClusterImpl (MiniOzoneClusterImpl.java:lambda$waitForClusterToBeReady$0(221)) - SCM became leader
2022-10-11 12:49:34,704 [Datanode State Machine Daemon Thread] INFO  statemachine.DatanodeStateMachine (DatanodeStateMachine.java:lambda$startDaemon$0(492)) - Ozone container server started.
2022-10-11 12:49:34,706 [om1@group-C5BA1605619E-StateMachineUpdater] INFO  ratis.OzoneManagerStateMachine (OzoneManagerStateMachine.java:notifyConfigurationChanged(192)) - Received Configuration change notification from Ratis. New Peer list:
[id: "om1"
address: "localhost:9872"
]
2022-10-11 12:49:34,718 [org.apache.hadoop.util.JvmPauseMonitor$Monitor@5dbe70a] INFO  util.JvmPauseMonitor (JvmPauseMonitor.java:run(188)) - Starting JVM pause monitor
2022-10-11 12:49:34,719 [Datanode State Machine Task Thread - 0] INFO  datanode.InitDatanodeState (InitDatanodeState.java:persistContainerDatanodeDetails(138)) - DatanodeDetails is persisted to /home/runner/work/ozone/ozone/hadoop-ozone/integration-test/target/test-dir/MiniOzoneClusterImpl-db539a0e-d368-4ad2-95d9-5fcc718fd6eb/datanode-2/meta/datanode.id
2022-10-11 12:49:35,704 [Listener at 127.0.0.1/44985] INFO  ozone.MiniOzoneClusterImpl (MiniOzoneClusterImpl.java:lambda$waitForClusterToBeReady$0(216)) - Waiting for nodes to be ready. Got 0 of 3 DN Heartbeats.
2022-10-11 12:49:35,705 [Listener at 127.0.0.1/44985] INFO  ozone.MiniOzoneClusterImpl (MiniOzoneClusterImpl.java:lambda$waitForClusterToBeReady$0(219)) - Waiting for cluster to exit safe mode
2022-10-11 12:49:35,705 [Listener at 127.0.0.1/44985] INFO  ozone.MiniOzoneClusterImpl (MiniOzoneClusterImpl.java:lambda$waitForClusterToBeReady$0(221)) - SCM became leader
2022-10-11 12:49:36,030 [EndpointStateMachine task thread for /0.0.0.0:38647 - 0 ] INFO  volume.HddsVolume (HddsVolume.java:createDbStore(307)) - SchemaV3 db is created and loaded at /home/runner/work/ozone/ozone/hadoop-ozone/integration-test/target/test-dir/MiniOzoneClusterImpl-db539a0e-d368-4ad2-95d9-5fcc718fd6eb/datanode-0/data-0/containers/hdds/db539a0e-d368-4ad2-95d9-5fcc718fd6eb/DS-307db237-8060-4444-a4fc-37ab6c7fa505/container.db for volume DS-307db237-8060-4444-a4fc-37ab6c7fa505
2022-10-11 12:49:36,033 [EndpointStateMachine task thread for /0.0.0.0:38647 - 0 ] INFO  volume.HddsVolume (HddsVolume.java:closeDbStore(338)) - SchemaV3 db is stopped at /home/runner/work/ozone/ozone/hadoop-ozone/integration-test/target/test-dir/MiniOzoneClusterImpl-db539a0e-d368-4ad2-95d9-5fcc718fd6eb/datanode-0/data-0/containers/hdds/db539a0e-d368-4ad2-95d9-5fcc718fd6eb/DS-307db237-8060-4444-a4fc-37ab6c7fa505/container.db for volume DS-307db237-8060-4444-a4fc-37ab6c7fa505
2022-10-11 12:49:36,033 [EndpointStateMachine task thread for /0.0.0.0:38647 - 0 ] INFO  ozoneimpl.OzoneContainer (OzoneContainer.java:start(378)) - Attempting to start container services.
2022-10-11 12:49:36,033 [EndpointStateMachine task thread for /0.0.0.0:38647 - 0 ] INFO  ozoneimpl.OzoneContainer (OzoneContainer.java:startContainerScrub(313)) - Background container scanner has been disabled.
2022-10-11 12:49:36,036 [EndpointStateMachine task thread for /0.0.0.0:38647 - 0 ] INFO  replication.ReplicationServer (ReplicationServer.java:start(111)) - ReplicationServer is started using port 43129
2022-10-11 12:49:36,038 [EndpointStateMachine task thread for /0.0.0.0:38647 - 0 ] INFO  ratis.XceiverServerRatis (XceiverServerRatis.java:start(481)) - Starting XceiverServerRatis d15f22e6-7d13-4df8-997b-1dbc14b1c401
2022-10-11 12:49:36,038 [EndpointStateMachine task thread for /0.0.0.0:38647 - 0 ] INFO  server.RaftServer (RaftServerProxy.java:lambda$start$6(382)) - d15f22e6-7d13-4df8-997b-1dbc14b1c401: start RPC server
2022-10-11 12:49:36,040 [EndpointStateMachine task thread for /0.0.0.0:38647 - 0 ] INFO  server.GrpcService (GrpcService.java:startImpl(260)) - d15f22e6-7d13-4df8-997b-1dbc14b1c401: GrpcService started, listening on 39053
2022-10-11 12:49:36,040 [EndpointStateMachine task thread for /0.0.0.0:38647 - 0 ] INFO  ratis.XceiverServerRatis (XceiverServerRatis.java:getRealPort(502)) - XceiverServerRatis d15f22e6-7d13-4df8-997b-1dbc14b1c401 is started using port 39053 for RATIS
2022-10-11 12:49:36,040 [org.apache.ratis.util.JvmPauseMonitor$$Lambda$703/795293305@610c4d65] INFO  util.JvmPauseMonitor (JvmPauseMonitor.java:run(103)) - JvmPauseMonitor-d15f22e6-7d13-4df8-997b-1dbc14b1c401: Started
2022-10-11 12:49:36,040 [EndpointStateMachine task thread for /0.0.0.0:38647 - 0 ] INFO  ratis.XceiverServerRatis (XceiverServerRatis.java:getRealPort(502)) - XceiverServerRatis d15f22e6-7d13-4df8-997b-1dbc14b1c401 is started using port 39053 for RATIS_ADMIN
2022-10-11 12:49:36,040 [EndpointStateMachine task thread for /0.0.0.0:38647 - 0 ] INFO  ratis.XceiverServerRatis (XceiverServerRatis.java:getRealPort(502)) - XceiverServerRatis d15f22e6-7d13-4df8-997b-1dbc14b1c401 is started using port 39053 for RATIS_SERVER
2022-10-11 12:49:36,042 [EndpointStateMachine task thread for /0.0.0.0:38647 - 0 ] INFO  server.XceiverServerGrpc (XceiverServerGrpc.java:start(180)) - XceiverServerGrpc d15f22e6-7d13-4df8-997b-1dbc14b1c401 is started using port 36949
2022-10-11 12:49:36,394 [EndpointStateMachine task thread for /0.0.0.0:38647 - 0 ] INFO  volume.HddsVolume (HddsVolume.java:createDbStore(307)) - SchemaV3 db is created and loaded at /home/runner/work/ozone/ozone/hadoop-ozone/integration-test/target/test-dir/MiniOzoneClusterImpl-db539a0e-d368-4ad2-95d9-5fcc718fd6eb/datanode-1/data-0/containers/hdds/db539a0e-d368-4ad2-95d9-5fcc718fd6eb/DS-2832b0a4-e8d3-407c-a6de-1280d8cd86a1/container.db for volume DS-2832b0a4-e8d3-407c-a6de-1280d8cd86a1
2022-10-11 12:49:36,395 [EndpointStateMachine task thread for /0.0.0.0:38647 - 0 ] INFO  volume.HddsVolume (HddsVolume.java:closeDbStore(338)) - SchemaV3 db is stopped at /home/runner/work/ozone/ozone/hadoop-ozone/integration-test/target/test-dir/MiniOzoneClusterImpl-db539a0e-d368-4ad2-95d9-5fcc718fd6eb/datanode-1/data-0/containers/hdds/db539a0e-d368-4ad2-95d9-5fcc718fd6eb/DS-2832b0a4-e8d3-407c-a6de-1280d8cd86a1/container.db for volume DS-2832b0a4-e8d3-407c-a6de-1280d8cd86a1
2022-10-11 12:49:36,395 [EndpointStateMachine task thread for /0.0.0.0:38647 - 0 ] INFO  ozoneimpl.OzoneContainer (OzoneContainer.java:start(378)) - Attempting to start container services.
2022-10-11 12:49:36,395 [EndpointStateMachine task thread for /0.0.0.0:38647 - 0 ] INFO  ozoneimpl.OzoneContainer (OzoneContainer.java:startContainerScrub(313)) - Background container scanner has been disabled.
2022-10-11 12:49:36,397 [EndpointStateMachine task thread for /0.0.0.0:38647 - 0 ] INFO  replication.ReplicationServer (ReplicationServer.java:start(111)) - ReplicationServer is started using port 40459
2022-10-11 12:49:36,398 [EndpointStateMachine task thread for /0.0.0.0:38647 - 0 ] INFO  ratis.XceiverServerRatis (XceiverServerRatis.java:start(481)) - Starting XceiverServerRatis 398056ab-e960-4ebd-a652-556788d1cc35
2022-10-11 12:49:36,399 [EndpointStateMachine task thread for /0.0.0.0:38647 - 0 ] INFO  server.RaftServer (RaftServerProxy.java:lambda$start$6(382)) - 398056ab-e960-4ebd-a652-556788d1cc35: start RPC server
2022-10-11 12:49:36,404 [EndpointStateMachine task thread for /0.0.0.0:38647 - 0 ] INFO  server.GrpcService (GrpcService.java:startImpl(260)) - 398056ab-e960-4ebd-a652-556788d1cc35: GrpcService started, listening on 37527
2022-10-11 12:49:36,404 [EndpointStateMachine task thread for /0.0.0.0:38647 - 0 ] INFO  ratis.XceiverServerRatis (XceiverServerRatis.java:getRealPort(502)) - XceiverServerRatis 398056ab-e960-4ebd-a652-556788d1cc35 is started using port 37527 for RATIS
2022-10-11 12:49:36,404 [EndpointStateMachine task thread for /0.0.0.0:38647 - 0 ] INFO  ratis.XceiverServerRatis (XceiverServerRatis.java:getRealPort(502)) - XceiverServerRatis 398056ab-e960-4ebd-a652-556788d1cc35 is started using port 37527 for RATIS_ADMIN
2022-10-11 12:49:36,404 [EndpointStateMachine task thread for /0.0.0.0:38647 - 0 ] INFO  ratis.XceiverServerRatis (XceiverServerRatis.java:getRealPort(502)) - XceiverServerRatis 398056ab-e960-4ebd-a652-556788d1cc35 is started using port 37527 for RATIS_SERVER
2022-10-11 12:49:36,404 [org.apache.ratis.util.JvmPauseMonitor$$Lambda$703/795293305@3acf1196] INFO  util.JvmPauseMonitor (JvmPauseMonitor.java:run(103)) - JvmPauseMonitor-398056ab-e960-4ebd-a652-556788d1cc35: Started
2022-10-11 12:49:36,408 [EndpointStateMachine task thread for /0.0.0.0:38647 - 0 ] INFO  server.XceiverServerGrpc (XceiverServerGrpc.java:start(180)) - XceiverServerGrpc 398056ab-e960-4ebd-a652-556788d1cc35 is started using port 38655
2022-10-11 12:49:36,705 [Listener at 127.0.0.1/44985] INFO  ozone.MiniOzoneClusterImpl (MiniOzoneClusterImpl.java:lambda$waitForClusterToBeReady$0(216)) - Waiting for nodes to be ready. Got 0 of 3 DN Heartbeats.
2022-10-11 12:49:36,706 [Listener at 127.0.0.1/44985] INFO  ozone.MiniOzoneClusterImpl (MiniOzoneClusterImpl.java:lambda$waitForClusterToBeReady$0(219)) - Waiting for cluster to exit safe mode
2022-10-11 12:49:36,706 [Listener at 127.0.0.1/44985] INFO  ozone.MiniOzoneClusterImpl (MiniOzoneClusterImpl.java:lambda$waitForClusterToBeReady$0(221)) - SCM became leader
2022-10-11 12:49:36,758 [EndpointStateMachine task thread for /0.0.0.0:38647 - 0 ] INFO  volume.HddsVolume (HddsVolume.java:createDbStore(307)) - SchemaV3 db is created and loaded at /home/runner/work/ozone/ozone/hadoop-ozone/integration-test/target/test-dir/MiniOzoneClusterImpl-db539a0e-d368-4ad2-95d9-5fcc718fd6eb/datanode-2/data-0/containers/hdds/db539a0e-d368-4ad2-95d9-5fcc718fd6eb/DS-851b3f58-b313-4ca6-97b7-f66fb9f67185/container.db for volume DS-851b3f58-b313-4ca6-97b7-f66fb9f67185
2022-10-11 12:49:36,759 [EndpointStateMachine task thread for /0.0.0.0:38647 - 0 ] INFO  volume.HddsVolume (HddsVolume.java:closeDbStore(338)) - SchemaV3 db is stopped at /home/runner/work/ozone/ozone/hadoop-ozone/integration-test/target/test-dir/MiniOzoneClusterImpl-db539a0e-d368-4ad2-95d9-5fcc718fd6eb/datanode-2/data-0/containers/hdds/db539a0e-d368-4ad2-95d9-5fcc718fd6eb/DS-851b3f58-b313-4ca6-97b7-f66fb9f67185/container.db for volume DS-851b3f58-b313-4ca6-97b7-f66fb9f67185
2022-10-11 12:49:36,759 [EndpointStateMachine task thread for /0.0.0.0:38647 - 0 ] INFO  ozoneimpl.OzoneContainer (OzoneContainer.java:start(378)) - Attempting to start container services.
2022-10-11 12:49:36,759 [EndpointStateMachine task thread for /0.0.0.0:38647 - 0 ] INFO  ozoneimpl.OzoneContainer (OzoneContainer.java:startContainerScrub(313)) - Background container scanner has been disabled.
2022-10-11 12:49:36,765 [EndpointStateMachine task thread for /0.0.0.0:38647 - 0 ] INFO  replication.ReplicationServer (ReplicationServer.java:start(111)) - ReplicationServer is started using port 40519
2022-10-11 12:49:36,766 [EndpointStateMachine task thread for /0.0.0.0:38647 - 0 ] INFO  ratis.XceiverServerRatis (XceiverServerRatis.java:start(481)) - Starting XceiverServerRatis a5f5a137-50fd-4e34-893e-bbf5e2017a41
2022-10-11 12:49:36,771 [EndpointStateMachine task thread for /0.0.0.0:38647 - 0 ] INFO  server.RaftServer (RaftServerProxy.java:lambda$start$6(382)) - a5f5a137-50fd-4e34-893e-bbf5e2017a41: start RPC server
2022-10-11 12:49:36,773 [EndpointStateMachine task thread for /0.0.0.0:38647 - 0 ] INFO  server.GrpcService (GrpcService.java:startImpl(260)) - a5f5a137-50fd-4e34-893e-bbf5e2017a41: GrpcService started, listening on 36959
2022-10-11 12:49:36,773 [EndpointStateMachine task thread for /0.0.0.0:38647 - 0 ] INFO  ratis.XceiverServerRatis (XceiverServerRatis.java:getRealPort(502)) - XceiverServerRatis a5f5a137-50fd-4e34-893e-bbf5e2017a41 is started using port 36959 for RATIS
2022-10-11 12:49:36,773 [org.apache.ratis.util.JvmPauseMonitor$$Lambda$703/795293305@4163a509] INFO  util.JvmPauseMonitor (JvmPauseMonitor.java:run(103)) - JvmPauseMonitor-a5f5a137-50fd-4e34-893e-bbf5e2017a41: Started
2022-10-11 12:49:36,773 [EndpointStateMachine task thread for /0.0.0.0:38647 - 0 ] INFO  ratis.XceiverServerRatis (XceiverServerRatis.java:getRealPort(502)) - XceiverServerRatis a5f5a137-50fd-4e34-893e-bbf5e2017a41 is started using port 36959 for RATIS_ADMIN
2022-10-11 12:49:36,773 [EndpointStateMachine task thread for /0.0.0.0:38647 - 0 ] INFO  ratis.XceiverServerRatis (XceiverServerRatis.java:getRealPort(502)) - XceiverServerRatis a5f5a137-50fd-4e34-893e-bbf5e2017a41 is started using port 36959 for RATIS_SERVER
2022-10-11 12:49:36,778 [EndpointStateMachine task thread for /0.0.0.0:38647 - 0 ] INFO  server.XceiverServerGrpc (XceiverServerGrpc.java:start(180)) - XceiverServerGrpc a5f5a137-50fd-4e34-893e-bbf5e2017a41 is started using port 43037
2022-10-11 12:49:37,706 [Listener at 127.0.0.1/44985] INFO  ozone.MiniOzoneClusterImpl (MiniOzoneClusterImpl.java:lambda$waitForClusterToBeReady$0(216)) - Waiting for nodes to be ready. Got 0 of 3 DN Heartbeats.
2022-10-11 12:49:37,707 [Listener at 127.0.0.1/44985] INFO  ozone.MiniOzoneClusterImpl (MiniOzoneClusterImpl.java:lambda$waitForClusterToBeReady$0(219)) - Waiting for cluster to exit safe mode
2022-10-11 12:49:37,707 [Listener at 127.0.0.1/44985] INFO  ozone.MiniOzoneClusterImpl (MiniOzoneClusterImpl.java:lambda$waitForClusterToBeReady$0(221)) - SCM became leader
2022-10-11 12:49:37,990 [IPC Server handler 0 on default port 38647] INFO  net.NetworkTopologyImpl (NetworkTopologyImpl.java:add(112)) - Added a new node: /default-rack/d15f22e6-7d13-4df8-997b-1dbc14b1c401
2022-10-11 12:49:37,990 [IPC Server handler 0 on default port 38647] INFO  node.SCMNodeManager (SCMNodeManager.java:register(397)) - Registered Data node : d15f22e6-7d13-4df8-997b-1dbc14b1c401{ip: 10.1.1.98, host: fv-az570-546.srgqcr2moziuvm0qev4lajleyh.dx.internal.cloudapp.net, ports: [REPLICATION=43129, RATIS=39053, RATIS_ADMIN=39053, RATIS_SERVER=39053, STANDALONE=36949], networkLocation: /default-rack, certSerialId: null, persistedOpState: null, persistedOpStateExpiryEpochSec: 0}
2022-10-11 12:49:37,992 [EventQueue-NewNodeForNewNodeHandler] INFO  pipeline.BackgroundPipelineCreator (BackgroundPipelineCreator.java:notifyEventTriggered(276)) - trigger a one-shot run on RatisPipelineUtilsThread.
2022-10-11 12:49:37,992 [EventQueue-NodeRegistrationContainerReportForContainerSafeModeRule] INFO  safemode.SCMSafeModeManager (SCMSafeModeManager.java:validateSafeModeExitRules(204)) - ContainerSafeModeRule rule is successfully validated
2022-10-11 12:49:37,993 [EventQueue-NodeRegistrationContainerReportForDataNodeSafeModeRule] INFO  safemode.SCMSafeModeManager (DataNodeSafeModeRule.java:process(71)) - SCM in safe mode. 1 DataNodes registered, 3 required.
2022-10-11 12:49:37,994 [EventQueue-PipelineReportForOneReplicaPipelineSafeModeRule] INFO  safemode.SCMSafeModeManager (SCMSafeModeManager.java:validateSafeModeExitRules(204)) - AtleastOneDatanodeReportedRule rule is successfully validated
2022-10-11 12:49:38,362 [IPC Server handler 2 on default port 38647] INFO  net.NetworkTopologyImpl (NetworkTopologyImpl.java:add(112)) - Added a new node: /default-rack/398056ab-e960-4ebd-a652-556788d1cc35
2022-10-11 12:49:38,362 [IPC Server handler 2 on default port 38647] INFO  node.SCMNodeManager (SCMNodeManager.java:register(397)) - Registered Data node : 398056ab-e960-4ebd-a652-556788d1cc35{ip: 10.1.1.98, host: fv-az570-546.srgqcr2moziuvm0qev4lajleyh.dx.internal.cloudapp.net, ports: [REPLICATION=40459, RATIS=37527, RATIS_ADMIN=37527, RATIS_SERVER=37527, STANDALONE=38655], networkLocation: /default-rack, certSerialId: null, persistedOpState: null, persistedOpStateExpiryEpochSec: 0}
2022-10-11 12:49:38,363 [EventQueue-NewNodeForNewNodeHandler] INFO  pipeline.BackgroundPipelineCreator (BackgroundPipelineCreator.java:notifyEventTriggered(276)) - trigger a one-shot run on RatisPipelineUtilsThread.
2022-10-11 12:49:38,363 [EventQueue-NodeRegistrationContainerReportForDataNodeSafeModeRule] INFO  safemode.SCMSafeModeManager (DataNodeSafeModeRule.java:process(71)) - SCM in safe mode. 2 DataNodes registered, 3 required.
2022-10-11 12:49:38,707 [Listener at 127.0.0.1/44985] INFO  ozone.MiniOzoneClusterImpl (MiniOzoneClusterImpl.java:lambda$waitForClusterToBeReady$0(216)) - Waiting for nodes to be ready. Got 2 of 3 DN Heartbeats.
2022-10-11 12:49:38,708 [Listener at 127.0.0.1/44985] INFO  ozone.MiniOzoneClusterImpl (MiniOzoneClusterImpl.java:lambda$waitForClusterToBeReady$0(219)) - Waiting for cluster to exit safe mode
2022-10-11 12:49:38,709 [Listener at 127.0.0.1/44985] INFO  ozone.MiniOzoneClusterImpl (MiniOzoneClusterImpl.java:lambda$waitForClusterToBeReady$0(221)) - SCM became leader
2022-10-11 12:49:38,720 [IPC Server handler 3 on default port 38647] INFO  net.NetworkTopologyImpl (NetworkTopologyImpl.java:add(112)) - Added a new node: /default-rack/a5f5a137-50fd-4e34-893e-bbf5e2017a41
2022-10-11 12:49:38,721 [IPC Server handler 3 on default port 38647] INFO  node.SCMNodeManager (SCMNodeManager.java:register(397)) - Registered Data node : a5f5a137-50fd-4e34-893e-bbf5e2017a41{ip: 10.1.1.98, host: fv-az570-546.srgqcr2moziuvm0qev4lajleyh.dx.internal.cloudapp.net, ports: [REPLICATION=40519, RATIS=36959, RATIS_ADMIN=36959, RATIS_SERVER=36959, STANDALONE=43037], networkLocation: /default-rack, certSerialId: null, persistedOpState: null, persistedOpStateExpiryEpochSec: 0}
2022-10-11 12:49:38,722 [EventQueue-NewNodeForNewNodeHandler] INFO  pipeline.BackgroundPipelineCreator (BackgroundPipelineCreator.java:notifyEventTriggered(276)) - trigger a one-shot run on RatisPipelineUtilsThread.
2022-10-11 12:49:38,722 [EventQueue-NodeRegistrationContainerReportForDataNodeSafeModeRule] INFO  safemode.SCMSafeModeManager (DataNodeSafeModeRule.java:process(71)) - SCM in safe mode. 3 DataNodes registered, 3 required.
2022-10-11 12:49:38,722 [EventQueue-NodeRegistrationContainerReportForDataNodeSafeModeRule] INFO  safemode.SCMSafeModeManager (SCMSafeModeManager.java:validateSafeModeExitRules(204)) - DataNodeSafeModeRule rule is successfully validated
2022-10-11 12:49:38,722 [EventQueue-NodeRegistrationContainerReportForDataNodeSafeModeRule] INFO  safemode.SCMSafeModeManager (SCMSafeModeManager.java:completePreCheck(233)) - All SCM safe mode pre check rules have passed
2022-10-11 12:49:38,722 [EventQueue-NodeRegistrationContainerReportForDataNodeSafeModeRule] WARN  events.EventQueue (EventQueue.java:fireEvent(216)) - No event handler registered for event TypedEvent{payloadType=SafeModeStatus, name='Safe mode status'}
2022-10-11 12:49:38,723 [EventQueue-NodeRegistrationContainerReportForDataNodeSafeModeRule] INFO  ha.SCMContext (SCMContext.java:updateSafeModeStatus(228)) - Update SafeModeStatus from SafeModeStatus{safeModeStatus=true, preCheckPassed=false} to SafeModeStatus{safeModeStatus=true, preCheckPassed=true}.
2022-10-11 12:49:38,723 [EventQueue-NodeRegistrationContainerReportForDataNodeSafeModeRule] INFO  pipeline.BackgroundPipelineCreator (BackgroundPipelineCreator.java:notifyEventTriggered(276)) - trigger a one-shot run on RatisPipelineUtilsThread.
2022-10-11 12:49:38,723 [RatisPipelineUtilsThread - 0] INFO  pipeline.RatisPipelineProvider (RatisPipelineProvider.java:lambda$create$0(195)) - Sending CreatePipelineCommand for pipeline:PipelineID=4f4812e9-8800-420a-9801-6843776d4dcd to datanode:a5f5a137-50fd-4e34-893e-bbf5e2017a41
2022-10-11 12:49:38,724 [RatisPipelineUtilsThread - 0] INFO  pipeline.RatisPipelineProvider (RatisPipelineProvider.java:lambda$create$0(195)) - Sending CreatePipelineCommand for pipeline:PipelineID=4f4812e9-8800-420a-9801-6843776d4dcd to datanode:d15f22e6-7d13-4df8-997b-1dbc14b1c401
2022-10-11 12:49:38,724 [RatisPipelineUtilsThread - 0] INFO  pipeline.RatisPipelineProvider (RatisPipelineProvider.java:lambda$create$0(195)) - Sending CreatePipelineCommand for pipeline:PipelineID=4f4812e9-8800-420a-9801-6843776d4dcd to datanode:398056ab-e960-4ebd-a652-556788d1cc35
2022-10-11 12:49:38,727 [RatisPipelineUtilsThread - 0] INFO  pipeline.PipelineStateManagerImpl (PipelineStateManagerImpl.java:addPipeline(103)) - Created pipeline Pipeline[ Id: 4f4812e9-8800-420a-9801-6843776d4dcd, Nodes: a5f5a137-50fd-4e34-893e-bbf5e2017a41{ip: 10.1.1.98, host: fv-az570-546.srgqcr2moziuvm0qev4lajleyh.dx.internal.cloudapp.net, ports: [REPLICATION=40519, RATIS=36959, RATIS_ADMIN=36959, RATIS_SERVER=36959, STANDALONE=43037], networkLocation: /default-rack, certSerialId: null, persistedOpState: IN_SERVICE, persistedOpStateExpiryEpochSec: 0}d15f22e6-7d13-4df8-997b-1dbc14b1c401{ip: 10.1.1.98, host: fv-az570-546.srgqcr2moziuvm0qev4lajleyh.dx.internal.cloudapp.net, ports: [REPLICATION=43129, RATIS=39053, RATIS_ADMIN=39053, RATIS_SERVER=39053, STANDALONE=36949], networkLocation: /default-rack, certSerialId: null, persistedOpState: IN_SERVICE, persistedOpStateExpiryEpochSec: 0}398056ab-e960-4ebd-a652-556788d1cc35{ip: 10.1.1.98, host: fv-az570-546.srgqcr2moziuvm0qev4lajleyh.dx.internal.cloudapp.net, ports: [REPLICATION=40459, RATIS=37527, RATIS_ADMIN=37527, RATIS_SERVER=37527, STANDALONE=38655], networkLocation: /default-rack, certSerialId: null, persistedOpState: IN_SERVICE, persistedOpStateExpiryEpochSec: 0}, ReplicationConfig: RATIS/THREE, State:ALLOCATED, leaderId:, CreationTimestamp2022-10-11T12:49:38.723Z[Etc/UTC]].
2022-10-11 12:49:39,709 [Listener at 127.0.0.1/44985] INFO  ozone.MiniOzoneClusterImpl (MiniOzoneClusterImpl.java:lambda$waitForClusterToBeReady$0(216)) - Nodes are ready. Got 3 of 3 DN Heartbeats.
2022-10-11 12:49:39,709 [Listener at 127.0.0.1/44985] INFO  ozone.MiniOzoneClusterImpl (MiniOzoneClusterImpl.java:lambda$waitForClusterToBeReady$0(219)) - Waiting for cluster to exit safe mode
2022-10-11 12:49:39,710 [Listener at 127.0.0.1/44985] INFO  ozone.MiniOzoneClusterImpl (MiniOzoneClusterImpl.java:lambda$waitForClusterToBeReady$0(221)) - SCM became leader
2022-10-11 12:49:40,710 [Listener at 127.0.0.1/44985] INFO  ozone.MiniOzoneClusterImpl (MiniOzoneClusterImpl.java:lambda$waitForClusterToBeReady$0(216)) - Nodes are ready. Got 3 of 3 DN Heartbeats.
2022-10-11 12:49:40,710 [Listener at 127.0.0.1/44985] INFO  ozone.MiniOzoneClusterImpl (MiniOzoneClusterImpl.java:lambda$waitForClusterToBeReady$0(219)) - Waiting for cluster to exit safe mode
2022-10-11 12:49:40,711 [Listener at 127.0.0.1/44985] INFO  ozone.MiniOzoneClusterImpl (MiniOzoneClusterImpl.java:lambda$waitForClusterToBeReady$0(221)) - SCM became leader
2022-10-11 12:49:40,990 [Command processor thread] INFO  server.RaftServer (RaftServerProxy.java:addNew(96)) - d15f22e6-7d13-4df8-997b-1dbc14b1c401: addNew group-6843776D4DCD:[398056ab-e960-4ebd-a652-556788d1cc35|rpc:10.1.1.98:37527|priority:0, d15f22e6-7d13-4df8-997b-1dbc14b1c401|rpc:10.1.1.98:39053|priority:0, a5f5a137-50fd-4e34-893e-bbf5e2017a41|rpc:10.1.1.98:36959|priority:1] returns group-6843776D4DCD:java.util.concurrent.CompletableFuture@609e9ba3[Not completed]
2022-10-11 12:49:40,995 [pool-492-thread-1] INFO  server.RaftServer$Division (RaftServerImpl.java:<init>(190)) - d15f22e6-7d13-4df8-997b-1dbc14b1c401: new RaftServerImpl for group-6843776D4DCD:[398056ab-e960-4ebd-a652-556788d1cc35|rpc:10.1.1.98:37527|priority:0, d15f22e6-7d13-4df8-997b-1dbc14b1c401|rpc:10.1.1.98:39053|priority:0, a5f5a137-50fd-4e34-893e-bbf5e2017a41|rpc:10.1.1.98:36959|priority:1] with ContainerStateMachine:uninitialized
2022-10-11 12:49:40,995 [pool-492-thread-1] INFO  server.RaftServerConfigKeys (ConfUtils.java:logGet(46)) - raft.server.rpc.timeout.min = 5s (custom)
2022-10-11 12:49:40,995 [pool-492-thread-1] INFO  server.RaftServerConfigKeys (ConfUtils.java:logGet(46)) - raft.server.rpc.timeout.max = 5200ms (custom)
2022-10-11 12:49:40,995 [pool-492-thread-1] INFO  server.RaftServerConfigKeys (ConfUtils.java:logGet(46)) - raft.server.rpc.sleep.time = 25ms (default)
2022-10-11 12:49:40,995 [pool-492-thread-1] INFO  server.RaftServerConfigKeys (ConfUtils.java:logGet(46)) - raft.server.rpc.slowness.timeout = 300s (custom)
2022-10-11 12:49:40,995 [pool-492-thread-1] INFO  server.RaftServerConfigKeys (ConfUtils.java:logGet(46)) - raft.server.leaderelection.leader.step-down.wait-time = 10s (default)
2022-10-11 12:49:40,995 [pool-492-thread-1] INFO  server.RaftServerConfigKeys (ConfUtils.java:logGet(46)) - raft.server.sleep.deviation.threshold = 300ms (default)
2022-10-11 12:49:40,995 [pool-492-thread-1] INFO  server.RaftServer$Division (ServerState.java:<init>(107)) - d15f22e6-7d13-4df8-997b-1dbc14b1c401@group-6843776D4DCD: ConfigurationManager, init=-1: [398056ab-e960-4ebd-a652-556788d1cc35|rpc:10.1.1.98:37527|priority:0, d15f22e6-7d13-4df8-997b-1dbc14b1c401|rpc:10.1.1.98:39053|priority:0, a5f5a137-50fd-4e34-893e-bbf5e2017a41|rpc:10.1.1.98:36959|priority:1], old=null, confs=<EMPTY_MAP>
2022-10-11 12:49:40,995 [pool-492-thread-1] INFO  server.RaftServerConfigKeys (ConfUtils.java:logGet(46)) - raft.server.storage.dir = [/home/runner/work/ozone/ozone/hadoop-ozone/integration-test/target/test-dir/MiniOzoneClusterImpl-db539a0e-d368-4ad2-95d9-5fcc718fd6eb/datanode-0/data/ratis] (custom)
2022-10-11 12:49:40,996 [pool-492-thread-1] INFO  server.RaftServerConfigKeys (ConfUtils.java:logGet(46)) - raft.server.log.corruption.policy = EXCEPTION (default)
2022-10-11 12:49:40,996 [pool-492-thread-1] INFO  server.RaftServerConfigKeys (ConfUtils.java:logGet(46)) - raft.server.storage.free-space.min = 0MB (=0) (default)
2022-10-11 12:49:40,996 [pool-492-thread-1] INFO  storage.RaftStorageDirectory (RaftStorageDirectoryImpl.java:analyzeStorage(135)) - The storage directory /home/runner/work/ozone/ozone/hadoop-ozone/integration-test/target/test-dir/MiniOzoneClusterImpl-db539a0e-d368-4ad2-95d9-5fcc718fd6eb/datanode-0/data/ratis/4f4812e9-8800-420a-9801-6843776d4dcd does not exist. Creating ...
2022-10-11 12:49:40,998 [pool-492-thread-1] INFO  storage.RaftStorageDirectory (RaftStorageDirectoryImpl.java:tryLock(230)) - Lock on /home/runner/work/ozone/ozone/hadoop-ozone/integration-test/target/test-dir/MiniOzoneClusterImpl-db539a0e-d368-4ad2-95d9-5fcc718fd6eb/datanode-0/data/ratis/4f4812e9-8800-420a-9801-6843776d4dcd/in_use.lock acquired by nodename 36499@fv-az570-546
2022-10-11 12:49:41,000 [pool-492-thread-1] INFO  storage.RaftStorage (RaftStorageImpl.java:format(89)) - Storage directory /home/runner/work/ozone/ozone/hadoop-ozone/integration-test/target/test-dir/MiniOzoneClusterImpl-db539a0e-d368-4ad2-95d9-5fcc718fd6eb/datanode-0/data/ratis/4f4812e9-8800-420a-9801-6843776d4dcd has been successfully formatted.
2022-10-11 12:49:41,000 [pool-492-thread-1] INFO  ratis.ContainerStateMachine (ContainerStateMachine.java:loadSnapshot(236)) - group-6843776D4DCD: The snapshot info is null. Setting the last applied indexto:(t:0, i:~)
2022-10-11 12:49:41,000 [pool-492-thread-1] INFO  server.RaftServerConfigKeys (ConfUtils.java:logGet(46)) - raft.server.notification.no-leader.timeout = 300s (custom)
2022-10-11 12:49:41,000 [pool-492-thread-1] INFO  server.RaftServerConfigKeys (ConfUtils.java:logGet(46)) - raft.server.log.use.memory = false (default)
2022-10-11 12:49:41,000 [pool-492-thread-1] INFO  server.RaftServerConfigKeys (ConfUtils.java:logGet(46)) - raft.server.log.purge.gap = 1000000 (custom)
2022-10-11 12:49:41,000 [pool-492-thread-1] INFO  server.RaftServerConfigKeys (ConfUtils.java:logGet(46)) - raft.server.log.appender.buffer.byte-limit = 33554432 (custom)
2022-10-11 12:49:41,001 [pool-492-thread-1] INFO  server.RaftServerConfigKeys (ConfUtils.java:logGet(46)) - raft.server.log.statemachine.data.read.timeout = 1000ms (default)
2022-10-11 12:49:41,001 [pool-492-thread-1] INFO  server.RaftServerConfigKeys (ConfUtils.java:logGet(46)) - raft.server.log.segment.size.max = 1048576 (custom)
2022-10-11 12:49:41,002 [pool-492-thread-1] INFO  server.RaftServerConfigKeys (ConfUtils.java:logGet(46)) - raft.server.log.segment.cache.num.max = 2 (custom)
2022-10-11 12:49:41,002 [pool-492-thread-1] INFO  server.RaftServerConfigKeys (ConfUtils.java:logGet(46)) - raft.server.log.segment.cache.size.max = 200MB (=209715200) (default)
2022-10-11 12:49:41,002 [pool-492-thread-1] INFO  segmented.SegmentedRaftLogWorker (SegmentedRaftLogWorker.java:<init>(187)) - new d15f22e6-7d13-4df8-997b-1dbc14b1c401@group-6843776D4DCD-SegmentedRaftLogWorker for RaftStorageImpl:Storage Directory /home/runner/work/ozone/ozone/hadoop-ozone/integration-test/target/test-dir/MiniOzoneClusterImpl-db539a0e-d368-4ad2-95d9-5fcc718fd6eb/datanode-0/data/ratis/4f4812e9-8800-420a-9801-6843776d4dcd
2022-10-11 12:49:41,002 [pool-492-thread-1] INFO  server.RaftServerConfigKeys (ConfUtils.java:logGet(46)) - raft.server.log.queue.byte-limit = 4294967296 (custom)
2022-10-11 12:49:41,002 [pool-492-thread-1] INFO  server.RaftServerConfigKeys (ConfUtils.java:logGet(46)) - raft.server.log.queue.element-limit = 1024 (custom)
2022-10-11 12:49:41,002 [pool-492-thread-1] INFO  server.RaftServerConfigKeys (ConfUtils.java:logGet(46)) - raft.server.log.segment.size.max = 1048576 (custom)
2022-10-11 12:49:41,002 [pool-492-thread-1] INFO  server.RaftServerConfigKeys (ConfUtils.java:logGet(46)) - raft.server.log.preallocated.size = 16384 (custom)
2022-10-11 12:49:41,002 [pool-492-thread-1] INFO  server.RaftServerConfigKeys (ConfUtils.java:logGet(46)) - raft.server.log.force.sync.num = 128 (default)
2022-10-11 12:49:41,002 [pool-492-thread-1] INFO  server.RaftServerConfigKeys (ConfUtils.java:logGet(46)) - raft.server.log.statemachine.data.sync = true (default)
2022-10-11 12:49:41,002 [pool-492-thread-1] INFO  server.RaftServerConfigKeys (ConfUtils.java:logGet(46)) - raft.server.log.statemachine.data.sync.timeout = 10s (default)
2022-10-11 12:49:41,002 [pool-492-thread-1] INFO  server.RaftServerConfigKeys (ConfUtils.java:logGet(46)) - raft.server.log.statemachine.data.sync.timeout.retry = -1 (default)
2022-10-11 12:49:41,004 [pool-492-thread-1] INFO  server.RaftServerConfigKeys (ConfUtils.java:logGet(46)) - raft.server.log.write.buffer.size = 1048576 (custom)
2022-10-11 12:49:41,004 [pool-492-thread-1] INFO  server.RaftServerConfigKeys (ConfUtils.java:logGet(46)) - raft.server.log.unsafe-flush.enabled = false (default)
2022-10-11 12:49:41,005 [pool-492-thread-1] INFO  server.RaftServerConfigKeys (ConfUtils.java:logGet(46)) - raft.server.log.statemachine.data.caching.enabled = true (custom)
2022-10-11 12:49:41,005 [pool-492-thread-1] INFO  segmented.SegmentedRaftLogWorker (SegmentedRaftLogWorker.java:lambda$new$0(135)) - d15f22e6-7d13-4df8-997b-1dbc14b1c401@group-6843776D4DCD-SegmentedRaftLogWorker: flushIndex: setUnconditionally 0 -> -1
2022-10-11 12:49:41,005 [pool-492-thread-1] INFO  segmented.SegmentedRaftLogWorker (SegmentedRaftLogWorker.java:lambda$new$0(135)) - d15f22e6-7d13-4df8-997b-1dbc14b1c401@group-6843776D4DCD-SegmentedRaftLogWorker: safeCacheEvictIndex: setUnconditionally 0 -> -1
2022-10-11 12:49:41,005 [pool-492-thread-1] INFO  server.RaftServerConfigKeys (ConfUtils.java:logGet(46)) - raft.server.snapshot.auto.trigger.enabled = true (custom)
2022-10-11 12:49:41,005 [pool-492-thread-1] INFO  server.RaftServerConfigKeys (ConfUtils.java:logGet(46)) - raft.server.snapshot.auto.trigger.threshold = 10000 (custom)
2022-10-11 12:49:41,005 [pool-492-thread-1] INFO  server.RaftServerConfigKeys (ConfUtils.java:logGet(46)) - raft.server.snapshot.retention.file.num = 5 (custom)
2022-10-11 12:49:41,005 [pool-492-thread-1] INFO  server.RaftServerConfigKeys (ConfUtils.java:logGet(46)) - raft.server.log.purge.upto.snapshot.index = false (default)
2022-10-11 12:49:41,005 [pool-492-thread-1] INFO  server.RaftServerConfigKeys (ConfUtils.java:logGet(46)) - raft.server.retrycache.expirytime = 600000ms (custom)
2022-10-11 12:49:41,005 [pool-492-thread-1] INFO  server.RaftServerConfigKeys (ConfUtils.java:logGet(46)) - raft.server.retrycache.statistics.expirytime = 100μs (default)
2022-10-11 12:49:41,007 [pool-492-thread-1] INFO  server.RaftServerConfigKeys (ConfUtils.java:logGet(46)) - raft.server.log.appender.install.snapshot.enabled = false (custom)
2022-10-11 12:49:41,007 [pool-492-thread-1] INFO  server.RaftServerConfigKeys (ConfUtils.java:logGet(46)) - raft.server.threadpool.server.cached = true (default)
2022-10-11 12:49:41,007 [pool-492-thread-1] INFO  server.RaftServerConfigKeys (ConfUtils.java:logGet(46)) - raft.server.threadpool.server.size = 0 (default)
2022-10-11 12:49:41,007 [pool-492-thread-1] INFO  server.RaftServerConfigKeys (ConfUtils.java:logGet(46)) - raft.server.threadpool.client.cached = true (default)
2022-10-11 12:49:41,007 [pool-492-thread-1] INFO  server.RaftServerConfigKeys (ConfUtils.java:logGet(46)) - raft.server.threadpool.client.size = 0 (default)
2022-10-11 12:49:41,007 [pool-492-thread-1] INFO  server.RaftServer$Division (RaftServerImpl.java:start(310)) - d15f22e6-7d13-4df8-997b-1dbc14b1c401@group-6843776D4DCD: start as a follower, conf=-1: [398056ab-e960-4ebd-a652-556788d1cc35|rpc:10.1.1.98:37527|priority:0, d15f22e6-7d13-4df8-997b-1dbc14b1c401|rpc:10.1.1.98:39053|priority:0, a5f5a137-50fd-4e34-893e-bbf5e2017a41|rpc:10.1.1.98:36959|priority:1], old=null
2022-10-11 12:49:41,008 [pool-492-thread-1] INFO  server.RaftServer$Division (RaftServerImpl.java:setRole(299)) - d15f22e6-7d13-4df8-997b-1dbc14b1c401@group-6843776D4DCD: changes role from      null to FOLLOWER at term 0 for startAsFollower
2022-10-11 12:49:41,008 [pool-492-thread-1] INFO  impl.RoleInfo (RoleInfo.java:updateAndGet(139)) - d15f22e6-7d13-4df8-997b-1dbc14b1c401: start d15f22e6-7d13-4df8-997b-1dbc14b1c401@group-6843776D4DCD-FollowerState
2022-10-11 12:49:41,008 [pool-492-thread-1] INFO  util.JmxRegister (JmxRegister.java:tryRegister(44)) - Successfully registered JMX Bean with object name Ratis:service=RaftServer,group=group-6843776D4DCD,id=d15f22e6-7d13-4df8-997b-1dbc14b1c401
2022-10-11 12:49:41,009 [Command processor thread] INFO  ratis.XceiverServerRatis (XceiverServerRatis.java:addGroup(765)) - Created group PipelineID=4f4812e9-8800-420a-9801-6843776d4dcd
2022-10-11 12:49:41,033 [grpc-default-executor-2] INFO  server.RaftServer (RaftServerProxy.java:addNew(96)) - a5f5a137-50fd-4e34-893e-bbf5e2017a41: addNew group-6843776D4DCD:[398056ab-e960-4ebd-a652-556788d1cc35|rpc:10.1.1.98:37527|dataStream:|priority:0, d15f22e6-7d13-4df8-997b-1dbc14b1c401|rpc:10.1.1.98:39053|dataStream:|priority:0, a5f5a137-50fd-4e34-893e-bbf5e2017a41|rpc:10.1.1.98:36959|dataStream:|priority:1] returns group-6843776D4DCD:java.util.concurrent.CompletableFuture@522d5bc7[Not completed]
2022-10-11 12:49:41,035 [pool-538-thread-1] INFO  server.RaftServer$Division (RaftServerImpl.java:<init>(190)) - a5f5a137-50fd-4e34-893e-bbf5e2017a41: new RaftServerImpl for group-6843776D4DCD:[398056ab-e960-4ebd-a652-556788d1cc35|rpc:10.1.1.98:37527|dataStream:|priority:0, d15f22e6-7d13-4df8-997b-1dbc14b1c401|rpc:10.1.1.98:39053|dataStream:|priority:0, a5f5a137-50fd-4e34-893e-bbf5e2017a41|rpc:10.1.1.98:36959|dataStream:|priority:1] with ContainerStateMachine:uninitialized
2022-10-11 12:49:41,035 [pool-538-thread-1] INFO  server.RaftServerConfigKeys (ConfUtils.java:logGet(46)) - raft.server.rpc.timeout.min = 5s (custom)
2022-10-11 12:49:41,035 [pool-538-thread-1] INFO  server.RaftServerConfigKeys (ConfUtils.java:logGet(46)) - raft.server.rpc.timeout.max = 5200ms (custom)
2022-10-11 12:49:41,035 [pool-538-thread-1] INFO  server.RaftServerConfigKeys (ConfUtils.java:logGet(46)) - raft.server.rpc.sleep.time = 25ms (default)
2022-10-11 12:49:41,035 [pool-538-thread-1] INFO  server.RaftServerConfigKeys (ConfUtils.java:logGet(46)) - raft.server.rpc.slowness.timeout = 300s (custom)
2022-10-11 12:49:41,035 [pool-538-thread-1] INFO  server.RaftServerConfigKeys (ConfUtils.java:logGet(46)) - raft.server.leaderelection.leader.step-down.wait-time = 10s (default)
2022-10-11 12:49:41,035 [pool-538-thread-1] INFO  server.RaftServerConfigKeys (ConfUtils.java:logGet(46)) - raft.server.sleep.deviation.threshold = 300ms (default)
2022-10-11 12:49:41,036 [pool-538-thread-1] INFO  server.RaftServer$Division (ServerState.java:<init>(107)) - a5f5a137-50fd-4e34-893e-bbf5e2017a41@group-6843776D4DCD: ConfigurationManager, init=-1: [398056ab-e960-4ebd-a652-556788d1cc35|rpc:10.1.1.98:37527|dataStream:|priority:0, d15f22e6-7d13-4df8-997b-1dbc14b1c401|rpc:10.1.1.98:39053|dataStream:|priority:0, a5f5a137-50fd-4e34-893e-bbf5e2017a41|rpc:10.1.1.98:36959|dataStream:|priority:1], old=null, confs=<EMPTY_MAP>
2022-10-11 12:49:41,036 [pool-538-thread-1] INFO  server.RaftServerConfigKeys (ConfUtils.java:logGet(46)) - raft.server.storage.dir = [/home/runner/work/ozone/ozone/hadoop-ozone/integration-test/target/test-dir/MiniOzoneClusterImpl-db539a0e-d368-4ad2-95d9-5fcc718fd6eb/datanode-2/data/ratis] (custom)
2022-10-11 12:49:41,036 [pool-538-thread-1] INFO  server.RaftServerConfigKeys (ConfUtils.java:logGet(46)) - raft.server.log.corruption.policy = EXCEPTION (default)
2022-10-11 12:49:41,036 [pool-538-thread-1] INFO  server.RaftServerConfigKeys (ConfUtils.java:logGet(46)) - raft.server.storage.free-space.min = 0MB (=0) (default)
2022-10-11 12:49:41,036 [pool-538-thread-1] INFO  storage.RaftStorageDirectory (RaftStorageDirectoryImpl.java:analyzeStorage(135)) - The storage directory /home/runner/work/ozone/ozone/hadoop-ozone/integration-test/target/test-dir/MiniOzoneClusterImpl-db539a0e-d368-4ad2-95d9-5fcc718fd6eb/datanode-2/data/ratis/4f4812e9-8800-420a-9801-6843776d4dcd does not exist. Creating ...
2022-10-11 12:49:41,038 [pool-538-thread-1] INFO  storage.RaftStorageDirectory (RaftStorageDirectoryImpl.java:tryLock(230)) - Lock on /home/runner/work/ozone/ozone/hadoop-ozone/integration-test/target/test-dir/MiniOzoneClusterImpl-db539a0e-d368-4ad2-95d9-5fcc718fd6eb/datanode-2/data/ratis/4f4812e9-8800-420a-9801-6843776d4dcd/in_use.lock acquired by nodename 36499@fv-az570-546
2022-10-11 12:49:41,039 [pool-538-thread-1] INFO  storage.RaftStorage (RaftStorageImpl.java:format(89)) - Storage directory /home/runner/work/ozone/ozone/hadoop-ozone/integration-test/target/test-dir/MiniOzoneClusterImpl-db539a0e-d368-4ad2-95d9-5fcc718fd6eb/datanode-2/data/ratis/4f4812e9-8800-420a-9801-6843776d4dcd has been successfully formatted.
2022-10-11 12:49:41,040 [pool-538-thread-1] INFO  ratis.ContainerStateMachine (ContainerStateMachine.java:loadSnapshot(236)) - group-6843776D4DCD: The snapshot info is null. Setting the last applied indexto:(t:0, i:~)
2022-10-11 12:49:41,040 [pool-538-thread-1] INFO  server.RaftServerConfigKeys (ConfUtils.java:logGet(46)) - raft.server.notification.no-leader.timeout = 300s (custom)
2022-10-11 12:49:41,041 [pool-538-thread-1] INFO  server.RaftServerConfigKeys (ConfUtils.java:logGet(46)) - raft.server.log.use.memory = false (default)
2022-10-11 12:49:41,041 [pool-538-thread-1] INFO  server.RaftServerConfigKeys (ConfUtils.java:logGet(46)) - raft.server.log.purge.gap = 1000000 (custom)
2022-10-11 12:49:41,042 [pool-538-thread-1] INFO  server.RaftServerConfigKeys (ConfUtils.java:logGet(46)) - raft.server.log.appender.buffer.byte-limit = 33554432 (custom)
2022-10-11 12:49:41,042 [pool-538-thread-1] INFO  server.RaftServerConfigKeys (ConfUtils.java:logGet(46)) - raft.server.log.statemachine.data.read.timeout = 1000ms (default)
2022-10-11 12:49:41,043 [pool-538-thread-1] INFO  server.RaftServerConfigKeys (ConfUtils.java:logGet(46)) - raft.server.log.segment.size.max = 1048576 (custom)
2022-10-11 12:49:41,044 [pool-538-thread-1] INFO  server.RaftServerConfigKeys (ConfUtils.java:logGet(46)) - raft.server.log.segment.cache.num.max = 2 (custom)
2022-10-11 12:49:41,044 [pool-538-thread-1] INFO  server.RaftServerConfigKeys (ConfUtils.java:logGet(46)) - raft.server.log.segment.cache.size.max = 200MB (=209715200) (default)
2022-10-11 12:49:41,044 [pool-538-thread-1] INFO  segmented.SegmentedRaftLogWorker (SegmentedRaftLogWorker.java:<init>(187)) - new a5f5a137-50fd-4e34-893e-bbf5e2017a41@group-6843776D4DCD-SegmentedRaftLogWorker for RaftStorageImpl:Storage Directory /home/runner/work/ozone/ozone/hadoop-ozone/integration-test/target/test-dir/MiniOzoneClusterImpl-db539a0e-d368-4ad2-95d9-5fcc718fd6eb/datanode-2/data/ratis/4f4812e9-8800-420a-9801-6843776d4dcd
2022-10-11 12:49:41,044 [pool-538-thread-1] INFO  server.RaftServerConfigKeys (ConfUtils.java:logGet(46)) - raft.server.log.queue.byte-limit = 4294967296 (custom)
2022-10-11 12:49:41,044 [pool-538-thread-1] INFO  server.RaftServerConfigKeys (ConfUtils.java:logGet(46)) - raft.server.log.queue.element-limit = 1024 (custom)
2022-10-11 12:49:41,044 [pool-538-thread-1] INFO  server.RaftServerConfigKeys (ConfUtils.java:logGet(46)) - raft.server.log.segment.size.max = 1048576 (custom)
2022-10-11 12:49:41,044 [pool-538-thread-1] INFO  server.RaftServerConfigKeys (ConfUtils.java:logGet(46)) - raft.server.log.preallocated.size = 16384 (custom)
2022-10-11 12:49:41,044 [pool-538-thread-1] INFO  server.RaftServerConfigKeys (ConfUtils.java:logGet(46)) - raft.server.log.force.sync.num = 128 (default)
2022-10-11 12:49:41,044 [pool-538-thread-1] INFO  server.RaftServerConfigKeys (ConfUtils.java:logGet(46)) - raft.server.log.statemachine.data.sync = true (default)
2022-10-11 12:49:41,044 [pool-538-thread-1] INFO  server.RaftServerConfigKeys (ConfUtils.java:logGet(46)) - raft.server.log.statemachine.data.sync.timeout = 10s (default)
2022-10-11 12:49:41,044 [pool-538-thread-1] INFO  server.RaftServerConfigKeys (ConfUtils.java:logGet(46)) - raft.server.log.statemachine.data.sync.timeout.retry = -1 (default)
2022-10-11 12:49:41,046 [pool-538-thread-1] INFO  server.RaftServerConfigKeys (ConfUtils.java:logGet(46)) - raft.server.log.write.buffer.size = 1048576 (custom)
2022-10-11 12:49:41,047 [pool-538-thread-1] INFO  server.RaftServerConfigKeys (ConfUtils.java:logGet(46)) - raft.server.log.unsafe-flush.enabled = false (default)
2022-10-11 12:49:41,047 [pool-538-thread-1] INFO  server.RaftServerConfigKeys (ConfUtils.java:logGet(46)) - raft.server.log.statemachine.data.caching.enabled = true (custom)
2022-10-11 12:49:41,047 [pool-538-thread-1] INFO  segmented.SegmentedRaftLogWorker (SegmentedRaftLogWorker.java:lambda$new$0(135)) - a5f5a137-50fd-4e34-893e-bbf5e2017a41@group-6843776D4DCD-SegmentedRaftLogWorker: flushIndex: setUnconditionally 0 -> -1
2022-10-11 12:49:41,047 [pool-538-thread-1] INFO  segmented.SegmentedRaftLogWorker (SegmentedRaftLogWorker.java:lambda$new$0(135)) - a5f5a137-50fd-4e34-893e-bbf5e2017a41@group-6843776D4DCD-SegmentedRaftLogWorker: safeCacheEvictIndex: setUnconditionally 0 -> -1
2022-10-11 12:49:41,047 [pool-538-thread-1] INFO  server.RaftServerConfigKeys (ConfUtils.java:logGet(46)) - raft.server.snapshot.auto.trigger.enabled = true (custom)
2022-10-11 12:49:41,047 [pool-538-thread-1] INFO  server.RaftServerConfigKeys (ConfUtils.java:logGet(46)) - raft.server.snapshot.auto.trigger.threshold = 10000 (custom)
2022-10-11 12:49:41,048 [pool-538-thread-1] INFO  server.RaftServerConfigKeys (ConfUtils.java:logGet(46)) - raft.server.snapshot.retention.file.num = 5 (custom)
2022-10-11 12:49:41,048 [pool-538-thread-1] INFO  server.RaftServerConfigKeys (ConfUtils.java:logGet(46)) - raft.server.log.purge.upto.snapshot.index = false (default)
2022-10-11 12:49:41,048 [pool-538-thread-1] INFO  server.RaftServerConfigKeys (ConfUtils.java:logGet(46)) - raft.server.retrycache.expirytime = 600000ms (custom)
2022-10-11 12:49:41,048 [pool-538-thread-1] INFO  server.RaftServerConfigKeys (ConfUtils.java:logGet(46)) - raft.server.retrycache.statistics.expirytime = 100μs (default)
2022-10-11 12:49:41,050 [pool-538-thread-1] INFO  server.RaftServerConfigKeys (ConfUtils.java:logGet(46)) - raft.server.log.appender.install.snapshot.enabled = false (custom)
2022-10-11 12:49:41,050 [pool-538-thread-1] INFO  server.RaftServerConfigKeys (ConfUtils.java:logGet(46)) - raft.server.threadpool.server.cached = true (default)
2022-10-11 12:49:41,050 [pool-538-thread-1] INFO  server.RaftServerConfigKeys (ConfUtils.java:logGet(46)) - raft.server.threadpool.server.size = 0 (default)
2022-10-11 12:49:41,050 [pool-538-thread-1] INFO  server.RaftServerConfigKeys (ConfUtils.java:logGet(46)) - raft.server.threadpool.client.cached = true (default)
2022-10-11 12:49:41,050 [pool-538-thread-1] INFO  server.RaftServerConfigKeys (ConfUtils.java:logGet(46)) - raft.server.threadpool.client.size = 0 (default)
2022-10-11 12:49:41,050 [pool-538-thread-1] INFO  server.RaftServer$Division (RaftServerImpl.java:start(310)) - a5f5a137-50fd-4e34-893e-bbf5e2017a41@group-6843776D4DCD: start as a follower, conf=-1: [398056ab-e960-4ebd-a652-556788d1cc35|rpc:10.1.1.98:37527|dataStream:|priority:0, d15f22e6-7d13-4df8-997b-1dbc14b1c401|rpc:10.1.1.98:39053|dataStream:|priority:0, a5f5a137-50fd-4e34-893e-bbf5e2017a41|rpc:10.1.1.98:36959|dataStream:|priority:1], old=null
2022-10-11 12:49:41,050 [pool-538-thread-1] INFO  server.RaftServer$Division (RaftServerImpl.java:setRole(299)) - a5f5a137-50fd-4e34-893e-bbf5e2017a41@group-6843776D4DCD: changes role from      null to FOLLOWER at term 0 for startAsFollower
2022-10-11 12:49:41,050 [pool-538-thread-1] INFO  impl.RoleInfo (RoleInfo.java:updateAndGet(139)) - a5f5a137-50fd-4e34-893e-bbf5e2017a41: start a5f5a137-50fd-4e34-893e-bbf5e2017a41@group-6843776D4DCD-FollowerState
2022-10-11 12:49:41,051 [pool-538-thread-1] INFO  util.JmxRegister (JmxRegister.java:tryRegister(44)) - Successfully registered JMX Bean with object name Ratis:service=RaftServer,group=group-6843776D4DCD,id=a5f5a137-50fd-4e34-893e-bbf5e2017a41
2022-10-11 12:49:41,075 [grpc-default-executor-2] INFO  server.RaftServer (RaftServerProxy.java:addNew(96)) - 398056ab-e960-4ebd-a652-556788d1cc35: addNew group-6843776D4DCD:[398056ab-e960-4ebd-a652-556788d1cc35|rpc:10.1.1.98:37527|dataStream:|priority:0, d15f22e6-7d13-4df8-997b-1dbc14b1c401|rpc:10.1.1.98:39053|dataStream:|priority:0, a5f5a137-50fd-4e34-893e-bbf5e2017a41|rpc:10.1.1.98:36959|dataStream:|priority:1] returns group-6843776D4DCD:java.util.concurrent.CompletableFuture@139bc954[Not completed]
2022-10-11 12:49:41,076 [pool-515-thread-1] INFO  server.RaftServer$Division (RaftServerImpl.java:<init>(190)) - 398056ab-e960-4ebd-a652-556788d1cc35: new RaftServerImpl for group-6843776D4DCD:[398056ab-e960-4ebd-a652-556788d1cc35|rpc:10.1.1.98:37527|dataStream:|priority:0, d15f22e6-7d13-4df8-997b-1dbc14b1c401|rpc:10.1.1.98:39053|dataStream:|priority:0, a5f5a137-50fd-4e34-893e-bbf5e2017a41|rpc:10.1.1.98:36959|dataStream:|priority:1] with ContainerStateMachine:uninitialized
2022-10-11 12:49:41,077 [pool-515-thread-1] INFO  server.RaftServerConfigKeys (ConfUtils.java:logGet(46)) - raft.server.rpc.timeout.min = 5s (custom)
2022-10-11 12:49:41,077 [pool-515-thread-1] INFO  server.RaftServerConfigKeys (ConfUtils.java:logGet(46)) - raft.server.rpc.timeout.max = 5200ms (custom)
2022-10-11 12:49:41,077 [pool-515-thread-1] INFO  server.RaftServerConfigKeys (ConfUtils.java:logGet(46)) - raft.server.rpc.sleep.time = 25ms (default)
2022-10-11 12:49:41,077 [pool-515-thread-1] INFO  server.RaftServerConfigKeys (ConfUtils.java:logGet(46)) - raft.server.rpc.slowness.timeout = 300s (custom)
2022-10-11 12:49:41,077 [pool-515-thread-1] INFO  server.RaftServerConfigKeys (ConfUtils.java:logGet(46)) - raft.server.leaderelection.leader.step-down.wait-time = 10s (default)
2022-10-11 12:49:41,077 [pool-515-thread-1] INFO  server.RaftServerConfigKeys (ConfUtils.java:logGet(46)) - raft.server.sleep.deviation.threshold = 300ms (default)
2022-10-11 12:49:41,077 [pool-515-thread-1] INFO  server.RaftServer$Division (ServerState.java:<init>(107)) - 398056ab-e960-4ebd-a652-556788d1cc35@group-6843776D4DCD: ConfigurationManager, init=-1: [398056ab-e960-4ebd-a652-556788d1cc35|rpc:10.1.1.98:37527|dataStream:|priority:0, d15f22e6-7d13-4df8-997b-1dbc14b1c401|rpc:10.1.1.98:39053|dataStream:|priority:0, a5f5a137-50fd-4e34-893e-bbf5e2017a41|rpc:10.1.1.98:36959|dataStream:|priority:1], old=null, confs=<EMPTY_MAP>
2022-10-11 12:49:41,077 [pool-515-thread-1] INFO  server.RaftServerConfigKeys (ConfUtils.java:logGet(46)) - raft.server.storage.dir = [/home/runner/work/ozone/ozone/hadoop-ozone/integration-test/target/test-dir/MiniOzoneClusterImpl-db539a0e-d368-4ad2-95d9-5fcc718fd6eb/datanode-1/data/ratis] (custom)
2022-10-11 12:49:41,077 [pool-515-thread-1] INFO  server.RaftServerConfigKeys (ConfUtils.java:logGet(46)) - raft.server.log.corruption.policy = EXCEPTION (default)
2022-10-11 12:49:41,077 [pool-515-thread-1] INFO  server.RaftServerConfigKeys (ConfUtils.java:logGet(46)) - raft.server.storage.free-space.min = 0MB (=0) (default)
2022-10-11 12:49:41,078 [pool-515-thread-1] INFO  storage.RaftStorageDirectory (RaftStorageDirectoryImpl.java:analyzeStorage(135)) - The storage directory /home/runner/work/ozone/ozone/hadoop-ozone/integration-test/target/test-dir/MiniOzoneClusterImpl-db539a0e-d368-4ad2-95d9-5fcc718fd6eb/datanode-1/data/ratis/4f4812e9-8800-420a-9801-6843776d4dcd does not exist. Creating ...
2022-10-11 12:49:41,079 [pool-515-thread-1] INFO  storage.RaftStorageDirectory (RaftStorageDirectoryImpl.java:tryLock(230)) - Lock on /home/runner/work/ozone/ozone/hadoop-ozone/integration-test/target/test-dir/MiniOzoneClusterImpl-db539a0e-d368-4ad2-95d9-5fcc718fd6eb/datanode-1/data/ratis/4f4812e9-8800-420a-9801-6843776d4dcd/in_use.lock acquired by nodename 36499@fv-az570-546
2022-10-11 12:49:41,081 [pool-515-thread-1] INFO  storage.RaftStorage (RaftStorageImpl.java:format(89)) - Storage directory /home/runner/work/ozone/ozone/hadoop-ozone/integration-test/target/test-dir/MiniOzoneClusterImpl-db539a0e-d368-4ad2-95d9-5fcc718fd6eb/datanode-1/data/ratis/4f4812e9-8800-420a-9801-6843776d4dcd has been successfully formatted.
2022-10-11 12:49:41,082 [pool-515-thread-1] INFO  ratis.ContainerStateMachine (ContainerStateMachine.java:loadSnapshot(236)) - group-6843776D4DCD: The snapshot info is null. Setting the last applied indexto:(t:0, i:~)
2022-10-11 12:49:41,083 [pool-515-thread-1] INFO  server.RaftServerConfigKeys (ConfUtils.java:logGet(46)) - raft.server.notification.no-leader.timeout = 300s (custom)
2022-10-11 12:49:41,083 [pool-515-thread-1] INFO  server.RaftServerConfigKeys (ConfUtils.java:logGet(46)) - raft.server.log.use.memory = false (default)
2022-10-11 12:49:41,083 [pool-515-thread-1] INFO  server.RaftServerConfigKeys (ConfUtils.java:logGet(46)) - raft.server.log.purge.gap = 1000000 (custom)
2022-10-11 12:49:41,083 [pool-515-thread-1] INFO  server.RaftServerConfigKeys (ConfUtils.java:logGet(46)) - raft.server.log.appender.buffer.byte-limit = 33554432 (custom)
2022-10-11 12:49:41,083 [pool-515-thread-1] INFO  server.RaftServerConfigKeys (ConfUtils.java:logGet(46)) - raft.server.log.statemachine.data.read.timeout = 1000ms (default)
2022-10-11 12:49:41,083 [pool-515-thread-1] INFO  server.RaftServerConfigKeys (ConfUtils.java:logGet(46)) - raft.server.log.segment.size.max = 1048576 (custom)
2022-10-11 12:49:41,084 [pool-515-thread-1] INFO  server.RaftServerConfigKeys (ConfUtils.java:logGet(46)) - raft.server.log.segment.cache.num.max = 2 (custom)
2022-10-11 12:49:41,084 [pool-515-thread-1] INFO  server.RaftServerConfigKeys (ConfUtils.java:logGet(46)) - raft.server.log.segment.cache.size.max = 200MB (=209715200) (default)
2022-10-11 12:49:41,084 [pool-515-thread-1] INFO  segmented.SegmentedRaftLogWorker (SegmentedRaftLogWorker.java:<init>(187)) - new 398056ab-e960-4ebd-a652-556788d1cc35@group-6843776D4DCD-SegmentedRaftLogWorker for RaftStorageImpl:Storage Directory /home/runner/work/ozone/ozone/hadoop-ozone/integration-test/target/test-dir/MiniOzoneClusterImpl-db539a0e-d368-4ad2-95d9-5fcc718fd6eb/datanode-1/data/ratis/4f4812e9-8800-420a-9801-6843776d4dcd
2022-10-11 12:49:41,084 [pool-515-thread-1] INFO  server.RaftServerConfigKeys (ConfUtils.java:logGet(46)) - raft.server.log.queue.byte-limit = 4294967296 (custom)
2022-10-11 12:49:41,084 [pool-515-thread-1] INFO  server.RaftServerConfigKeys (ConfUtils.java:logGet(46)) - raft.server.log.queue.element-limit = 1024 (custom)
2022-10-11 12:49:41,084 [pool-515-thread-1] INFO  server.RaftServerConfigKeys (ConfUtils.java:logGet(46)) - raft.server.log.segment.size.max = 1048576 (custom)
2022-10-11 12:49:41,084 [pool-515-thread-1] INFO  server.RaftServerConfigKeys (ConfUtils.java:logGet(46)) - raft.server.log.preallocated.size = 16384 (custom)
2022-10-11 12:49:41,084 [pool-515-thread-1] INFO  server.RaftServerConfigKeys (ConfUtils.java:logGet(46)) - raft.server.log.force.sync.num = 128 (default)
2022-10-11 12:49:41,084 [pool-515-thread-1] INFO  server.RaftServerConfigKeys (ConfUtils.java:logGet(46)) - raft.server.log.statemachine.data.sync = true (default)
2022-10-11 12:49:41,084 [pool-515-thread-1] INFO  server.RaftServerConfigKeys (ConfUtils.java:logGet(46)) - raft.server.log.statemachine.data.sync.timeout = 10s (default)
2022-10-11 12:49:41,085 [pool-515-thread-1] INFO  server.RaftServerConfigKeys (ConfUtils.java:logGet(46)) - raft.server.log.statemachine.data.sync.timeout.retry = -1 (default)
2022-10-11 12:49:41,086 [pool-515-thread-1] INFO  server.RaftServerConfigKeys (ConfUtils.java:logGet(46)) - raft.server.log.write.buffer.size = 1048576 (custom)
2022-10-11 12:49:41,087 [pool-515-thread-1] INFO  server.RaftServerConfigKeys (ConfUtils.java:logGet(46)) - raft.server.log.unsafe-flush.enabled = false (default)
2022-10-11 12:49:41,087 [pool-515-thread-1] INFO  server.RaftServerConfigKeys (ConfUtils.java:logGet(46)) - raft.server.log.statemachine.data.caching.enabled = true (custom)
2022-10-11 12:49:41,087 [pool-515-thread-1] INFO  segmented.SegmentedRaftLogWorker (SegmentedRaftLogWorker.java:lambda$new$0(135)) - 398056ab-e960-4ebd-a652-556788d1cc35@group-6843776D4DCD-SegmentedRaftLogWorker: flushIndex: setUnconditionally 0 -> -1
2022-10-11 12:49:41,087 [pool-515-thread-1] INFO  segmented.SegmentedRaftLogWorker (SegmentedRaftLogWorker.java:lambda$new$0(135)) - 398056ab-e960-4ebd-a652-556788d1cc35@group-6843776D4DCD-SegmentedRaftLogWorker: safeCacheEvictIndex: setUnconditionally 0 -> -1
2022-10-11 12:49:41,087 [pool-515-thread-1] INFO  server.RaftServerConfigKeys (ConfUtils.java:logGet(46)) - raft.server.snapshot.auto.trigger.enabled = true (custom)
2022-10-11 12:49:41,087 [pool-515-thread-1] INFO  server.RaftServerConfigKeys (ConfUtils.java:logGet(46)) - raft.server.snapshot.auto.trigger.threshold = 10000 (custom)
2022-10-11 12:49:41,087 [pool-515-thread-1] INFO  server.RaftServerConfigKeys (ConfUtils.java:logGet(46)) - raft.server.snapshot.retention.file.num = 5 (custom)
2022-10-11 12:49:41,087 [pool-515-thread-1] INFO  server.RaftServerConfigKeys (ConfUtils.java:logGet(46)) - raft.server.log.purge.upto.snapshot.index = false (default)
2022-10-11 12:49:41,087 [pool-515-thread-1] INFO  server.RaftServerConfigKeys (ConfUtils.java:logGet(46)) - raft.server.retrycache.expirytime = 600000ms (custom)
2022-10-11 12:49:41,088 [pool-515-thread-1] INFO  server.RaftServerConfigKeys (ConfUtils.java:logGet(46)) - raft.server.retrycache.statistics.expirytime = 100μs (default)
2022-10-11 12:49:41,089 [pool-515-thread-1] INFO  server.RaftServerConfigKeys (ConfUtils.java:logGet(46)) - raft.server.log.appender.install.snapshot.enabled = false (custom)
2022-10-11 12:49:41,089 [pool-515-thread-1] INFO  server.RaftServerConfigKeys (ConfUtils.java:logGet(46)) - raft.server.threadpool.server.cached = true (default)
2022-10-11 12:49:41,089 [pool-515-thread-1] INFO  server.RaftServerConfigKeys (ConfUtils.java:logGet(46)) - raft.server.threadpool.server.size = 0 (default)
2022-10-11 12:49:41,089 [pool-515-thread-1] INFO  server.RaftServerConfigKeys (ConfUtils.java:logGet(46)) - raft.server.threadpool.client.cached = true (default)
2022-10-11 12:49:41,089 [pool-515-thread-1] INFO  server.RaftServerConfigKeys (ConfUtils.java:logGet(46)) - raft.server.threadpool.client.size = 0 (default)
2022-10-11 12:49:41,090 [pool-515-thread-1] INFO  server.RaftServer$Division (RaftServerImpl.java:start(310)) - 398056ab-e960-4ebd-a652-556788d1cc35@group-6843776D4DCD: start as a follower, conf=-1: [398056ab-e960-4ebd-a652-556788d1cc35|rpc:10.1.1.98:37527|dataStream:|priority:0, d15f22e6-7d13-4df8-997b-1dbc14b1c401|rpc:10.1.1.98:39053|dataStream:|priority:0, a5f5a137-50fd-4e34-893e-bbf5e2017a41|rpc:10.1.1.98:36959|dataStream:|priority:1], old=null
2022-10-11 12:49:41,090 [pool-515-thread-1] INFO  server.RaftServer$Division (RaftServerImpl.java:setRole(299)) - 398056ab-e960-4ebd-a652-556788d1cc35@group-6843776D4DCD: changes role from      null to FOLLOWER at term 0 for startAsFollower
2022-10-11 12:49:41,090 [pool-515-thread-1] INFO  impl.RoleInfo (RoleInfo.java:updateAndGet(139)) - 398056ab-e960-4ebd-a652-556788d1cc35: start 398056ab-e960-4ebd-a652-556788d1cc35@group-6843776D4DCD-FollowerState
2022-10-11 12:49:41,090 [pool-515-thread-1] INFO  util.JmxRegister (JmxRegister.java:tryRegister(44)) - Successfully registered JMX Bean with object name Ratis:service=RaftServer,group=group-6843776D4DCD,id=398056ab-e960-4ebd-a652-556788d1cc35
2022-10-11 12:49:41,095 [Command processor thread] INFO  commandhandler.CreatePipelineCommandHandler (CreatePipelineCommandHandler.java:handle(113)) - Created Pipeline RATIS THREE PipelineID=4f4812e9-8800-420a-9801-6843776d4dcd.
2022-10-11 12:49:41,711 [Listener at 127.0.0.1/44985] INFO  ozone.MiniOzoneClusterImpl (MiniOzoneClusterImpl.java:lambda$waitForClusterToBeReady$0(216)) - Nodes are ready. Got 3 of 3 DN Heartbeats.
2022-10-11 12:49:41,711 [Listener at 127.0.0.1/44985] INFO  ozone.MiniOzoneClusterImpl (MiniOzoneClusterImpl.java:lambda$waitForClusterToBeReady$0(219)) - Waiting for cluster to exit safe mode
2022-10-11 12:49:41,711 [Listener at 127.0.0.1/44985] INFO  ozone.MiniOzoneClusterImpl (MiniOzoneClusterImpl.java:lambda$waitForClusterToBeReady$0(221)) - SCM became leader
2022-10-11 12:49:42,721 [Listener at 127.0.0.1/44985] INFO  ozone.MiniOzoneClusterImpl (MiniOzoneClusterImpl.java:lambda$waitForClusterToBeReady$0(216)) - Nodes are ready. Got 3 of 3 DN Heartbeats.
2022-10-11 12:49:42,721 [Listener at 127.0.0.1/44985] INFO  ozone.MiniOzoneClusterImpl (MiniOzoneClusterImpl.java:lambda$waitForClusterToBeReady$0(219)) - Waiting for cluster to exit safe mode
2022-10-11 12:49:42,721 [Listener at 127.0.0.1/44985] INFO  ozone.MiniOzoneClusterImpl (MiniOzoneClusterImpl.java:lambda$waitForClusterToBeReady$0(221)) - SCM became leader
2022-10-11 12:49:43,722 [Listener at 127.0.0.1/44985] INFO  ozone.MiniOzoneClusterImpl (MiniOzoneClusterImpl.java:lambda$waitForClusterToBeReady$0(216)) - Nodes are ready. Got 3 of 3 DN Heartbeats.
2022-10-11 12:49:43,722 [Listener at 127.0.0.1/44985] INFO  ozone.MiniOzoneClusterImpl (MiniOzoneClusterImpl.java:lambda$waitForClusterToBeReady$0(219)) - Waiting for cluster to exit safe mode
2022-10-11 12:49:43,722 [Listener at 127.0.0.1/44985] INFO  ozone.MiniOzoneClusterImpl (MiniOzoneClusterImpl.java:lambda$waitForClusterToBeReady$0(221)) - SCM became leader
2022-10-11 12:49:44,723 [Listener at 127.0.0.1/44985] INFO  ozone.MiniOzoneClusterImpl (MiniOzoneClusterImpl.java:lambda$waitForClusterToBeReady$0(216)) - Nodes are ready. Got 3 of 3 DN Heartbeats.
2022-10-11 12:49:44,723 [Listener at 127.0.0.1/44985] INFO  ozone.MiniOzoneClusterImpl (MiniOzoneClusterImpl.java:lambda$waitForClusterToBeReady$0(219)) - Waiting for cluster to exit safe mode
2022-10-11 12:49:44,723 [Listener at 127.0.0.1/44985] INFO  ozone.MiniOzoneClusterImpl (MiniOzoneClusterImpl.java:lambda$waitForClusterToBeReady$0(221)) - SCM became leader
2022-10-11 12:49:45,724 [Listener at 127.0.0.1/44985] INFO  ozone.MiniOzoneClusterImpl (MiniOzoneClusterImpl.java:lambda$waitForClusterToBeReady$0(216)) - Nodes are ready. Got 3 of 3 DN Heartbeats.
2022-10-11 12:49:45,724 [Listener at 127.0.0.1/44985] INFO  ozone.MiniOzoneClusterImpl (MiniOzoneClusterImpl.java:lambda$waitForClusterToBeReady$0(219)) - Waiting for cluster to exit safe mode
2022-10-11 12:49:45,724 [Listener at 127.0.0.1/44985] INFO  ozone.MiniOzoneClusterImpl (MiniOzoneClusterImpl.java:lambda$waitForClusterToBeReady$0(221)) - SCM became leader
2022-10-11 12:49:46,120 [398056ab-e960-4ebd-a652-556788d1cc35@group-6843776D4DCD-FollowerState] INFO  impl.FollowerState (FollowerState.java:run(143)) - 398056ab-e960-4ebd-a652-556788d1cc35@group-6843776D4DCD-FollowerState: change to CANDIDATE, lastRpcElapsedTime:5030096319ns, electionTimeout:5029ms
2022-10-11 12:49:46,120 [398056ab-e960-4ebd-a652-556788d1cc35@group-6843776D4DCD-FollowerState] INFO  impl.RoleInfo (RoleInfo.java:shutdownFollowerState(110)) - 398056ab-e960-4ebd-a652-556788d1cc35: shutdown 398056ab-e960-4ebd-a652-556788d1cc35@group-6843776D4DCD-FollowerState
2022-10-11 12:49:46,120 [398056ab-e960-4ebd-a652-556788d1cc35@group-6843776D4DCD-FollowerState] INFO  server.RaftServer$Division (RaftServerImpl.java:setRole(299)) - 398056ab-e960-4ebd-a652-556788d1cc35@group-6843776D4DCD: changes role from  FOLLOWER to CANDIDATE at term 0 for changeToCandidate
2022-10-11 12:49:46,120 [398056ab-e960-4ebd-a652-556788d1cc35@group-6843776D4DCD-FollowerState] INFO  server.RaftServerConfigKeys (ConfUtils.java:logGet(46)) - raft.server.leaderelection.pre-vote = false (custom)
2022-10-11 12:49:46,120 [398056ab-e960-4ebd-a652-556788d1cc35@group-6843776D4DCD-FollowerState] INFO  impl.RoleInfo (RoleInfo.java:updateAndGet(139)) - 398056ab-e960-4ebd-a652-556788d1cc35: start 398056ab-e960-4ebd-a652-556788d1cc35@group-6843776D4DCD-LeaderElection17
2022-10-11 12:49:46,125 [d15f22e6-7d13-4df8-997b-1dbc14b1c401@group-6843776D4DCD-FollowerState] INFO  impl.FollowerState (FollowerState.java:run(143)) - d15f22e6-7d13-4df8-997b-1dbc14b1c401@group-6843776D4DCD-FollowerState: change to CANDIDATE, lastRpcElapsedTime:5117189301ns, electionTimeout:5116ms
2022-10-11 12:49:46,125 [d15f22e6-7d13-4df8-997b-1dbc14b1c401@group-6843776D4DCD-FollowerState] INFO  impl.RoleInfo (RoleInfo.java:shutdownFollowerState(110)) - d15f22e6-7d13-4df8-997b-1dbc14b1c401: shutdown d15f22e6-7d13-4df8-997b-1dbc14b1c401@group-6843776D4DCD-FollowerState
2022-10-11 12:49:46,125 [d15f22e6-7d13-4df8-997b-1dbc14b1c401@group-6843776D4DCD-FollowerState] INFO  server.RaftServer$Division (RaftServerImpl.java:setRole(299)) - d15f22e6-7d13-4df8-997b-1dbc14b1c401@group-6843776D4DCD: changes role from  FOLLOWER to CANDIDATE at term 0 for changeToCandidate
2022-10-11 12:49:46,125 [d15f22e6-7d13-4df8-997b-1dbc14b1c401@group-6843776D4DCD-FollowerState] INFO  server.RaftServerConfigKeys (ConfUtils.java:logGet(46)) - raft.server.leaderelection.pre-vote = false (custom)
2022-10-11 12:49:46,125 [d15f22e6-7d13-4df8-997b-1dbc14b1c401@group-6843776D4DCD-FollowerState] INFO  impl.RoleInfo (RoleInfo.java:updateAndGet(139)) - d15f22e6-7d13-4df8-997b-1dbc14b1c401: start d15f22e6-7d13-4df8-997b-1dbc14b1c401@group-6843776D4DCD-LeaderElection18
2022-10-11 12:49:46,126 [398056ab-e960-4ebd-a652-556788d1cc35@group-6843776D4DCD-LeaderElection17] INFO  impl.LeaderElection (LeaderElection.java:askForVotes(310)) - 398056ab-e960-4ebd-a652-556788d1cc35@group-6843776D4DCD-LeaderElection17 ELECTION round 0: submit vote requests at term 1 for -1: [398056ab-e960-4ebd-a652-556788d1cc35|rpc:10.1.1.98:37527|dataStream:|priority:0, d15f22e6-7d13-4df8-997b-1dbc14b1c401|rpc:10.1.1.98:39053|dataStream:|priority:0, a5f5a137-50fd-4e34-893e-bbf5e2017a41|rpc:10.1.1.98:36959|dataStream:|priority:1], old=null
2022-10-11 12:49:46,139 [grpc-default-executor-2] INFO  server.RaftServer$Division (RaftServerImpl.java:requestVote(1152)) - a5f5a137-50fd-4e34-893e-bbf5e2017a41@group-6843776D4DCD: receive requestVote(ELECTION, 398056ab-e960-4ebd-a652-556788d1cc35, group-6843776D4DCD, 1, (t:0, i:0))
2022-10-11 12:49:46,140 [grpc-default-executor-2] INFO  impl.VoteContext (VoteContext.java:log(48)) - a5f5a137-50fd-4e34-893e-bbf5e2017a41@group-6843776D4DCD-FOLLOWER: reject ELECTION from 398056ab-e960-4ebd-a652-556788d1cc35: our priority 1 > candidate's priority 0
2022-10-11 12:49:46,140 [grpc-default-executor-2] INFO  server.RaftServer$Division (RaftServerImpl.java:setRole(299)) - a5f5a137-50fd-4e34-893e-bbf5e2017a41@group-6843776D4DCD: changes role from  FOLLOWER to FOLLOWER at term 1 for candidate:398056ab-e960-4ebd-a652-556788d1cc35
2022-10-11 12:49:46,140 [grpc-default-executor-2] INFO  impl.RoleInfo (RoleInfo.java:shutdownFollowerState(110)) - a5f5a137-50fd-4e34-893e-bbf5e2017a41: shutdown a5f5a137-50fd-4e34-893e-bbf5e2017a41@group-6843776D4DCD-FollowerState
2022-10-11 12:49:46,140 [grpc-default-executor-2] INFO  impl.RoleInfo (RoleInfo.java:updateAndGet(139)) - a5f5a137-50fd-4e34-893e-bbf5e2017a41: start a5f5a137-50fd-4e34-893e-bbf5e2017a41@group-6843776D4DCD-FollowerState
2022-10-11 12:49:46,140 [a5f5a137-50fd-4e34-893e-bbf5e2017a41@group-6843776D4DCD-FollowerState] INFO  impl.FollowerState (FollowerState.java:run(152)) - a5f5a137-50fd-4e34-893e-bbf5e2017a41@group-6843776D4DCD-FollowerState was interrupted
2022-10-11 12:49:46,140 [d15f22e6-7d13-4df8-997b-1dbc14b1c401@group-6843776D4DCD-LeaderElection18] INFO  impl.LeaderElection (LeaderElection.java:askForVotes(310)) - d15f22e6-7d13-4df8-997b-1dbc14b1c401@group-6843776D4DCD-LeaderElection18 ELECTION round 0: submit vote requests at term 1 for -1: [398056ab-e960-4ebd-a652-556788d1cc35|rpc:10.1.1.98:37527|priority:0, d15f22e6-7d13-4df8-997b-1dbc14b1c401|rpc:10.1.1.98:39053|priority:0, a5f5a137-50fd-4e34-893e-bbf5e2017a41|rpc:10.1.1.98:36959|priority:1], old=null
2022-10-11 12:49:46,144 [grpc-default-executor-0] INFO  server.RaftServer$Division (RaftServerImpl.java:requestVote(1152)) - d15f22e6-7d13-4df8-997b-1dbc14b1c401@group-6843776D4DCD: receive requestVote(ELECTION, 398056ab-e960-4ebd-a652-556788d1cc35, group-6843776D4DCD, 1, (t:0, i:0))
2022-10-11 12:49:46,144 [grpc-default-executor-0] INFO  impl.VoteContext (VoteContext.java:log(48)) - d15f22e6-7d13-4df8-997b-1dbc14b1c401@group-6843776D4DCD-CANDIDATE: reject ELECTION from 398056ab-e960-4ebd-a652-556788d1cc35: already has voted for d15f22e6-7d13-4df8-997b-1dbc14b1c401 at current term 1
2022-10-11 12:49:46,144 [grpc-default-executor-0] INFO  server.RaftServer$Division (RaftServerImpl.java:requestVote(1184)) - d15f22e6-7d13-4df8-997b-1dbc14b1c401@group-6843776D4DCD replies to ELECTION vote request: 398056ab-e960-4ebd-a652-556788d1cc35<-d15f22e6-7d13-4df8-997b-1dbc14b1c401#0:FAIL-t1. Peer's state: d15f22e6-7d13-4df8-997b-1dbc14b1c401@group-6843776D4DCD:t1, leader=null, voted=d15f22e6-7d13-4df8-997b-1dbc14b1c401, raftlog=d15f22e6-7d13-4df8-997b-1dbc14b1c401@group-6843776D4DCD-SegmentedRaftLog:OPENED:c-1, conf=-1: [398056ab-e960-4ebd-a652-556788d1cc35|rpc:10.1.1.98:37527|priority:0, d15f22e6-7d13-4df8-997b-1dbc14b1c401|rpc:10.1.1.98:39053|priority:0, a5f5a137-50fd-4e34-893e-bbf5e2017a41|rpc:10.1.1.98:36959|priority:1], old=null
2022-10-11 12:49:46,145 [grpc-default-executor-2] INFO  server.RaftServer$Division (RaftServerImpl.java:requestVote(1184)) - a5f5a137-50fd-4e34-893e-bbf5e2017a41@group-6843776D4DCD replies to ELECTION vote request: 398056ab-e960-4ebd-a652-556788d1cc35<-a5f5a137-50fd-4e34-893e-bbf5e2017a41#0:FAIL-t1. Peer's state: a5f5a137-50fd-4e34-893e-bbf5e2017a41@group-6843776D4DCD:t1, leader=null, voted=null, raftlog=a5f5a137-50fd-4e34-893e-bbf5e2017a41@group-6843776D4DCD-SegmentedRaftLog:OPENED:c-1, conf=-1: [398056ab-e960-4ebd-a652-556788d1cc35|rpc:10.1.1.98:37527|dataStream:|priority:0, d15f22e6-7d13-4df8-997b-1dbc14b1c401|rpc:10.1.1.98:39053|dataStream:|priority:0, a5f5a137-50fd-4e34-893e-bbf5e2017a41|rpc:10.1.1.98:36959|dataStream:|priority:1], old=null
2022-10-11 12:49:46,156 [398056ab-e960-4ebd-a652-556788d1cc35@group-6843776D4DCD-LeaderElection17] INFO  impl.LeaderElection (LeaderElection.java:logAndReturn(90)) - 398056ab-e960-4ebd-a652-556788d1cc35@group-6843776D4DCD-LeaderElection17: ELECTION REJECTED received 2 response(s) and 0 exception(s):
2022-10-11 12:49:46,157 [398056ab-e960-4ebd-a652-556788d1cc35@group-6843776D4DCD-LeaderElection17] INFO  impl.LeaderElection (LeaderElection.java:logAndReturn(94)) -   Response 0: 398056ab-e960-4ebd-a652-556788d1cc35<-d15f22e6-7d13-4df8-997b-1dbc14b1c401#0:FAIL-t1
2022-10-11 12:49:46,157 [398056ab-e960-4ebd-a652-556788d1cc35@group-6843776D4DCD-LeaderElection17] INFO  impl.LeaderElection (LeaderElection.java:logAndReturn(94)) -   Response 1: 398056ab-e960-4ebd-a652-556788d1cc35<-a5f5a137-50fd-4e34-893e-bbf5e2017a41#0:FAIL-t1
2022-10-11 12:49:46,157 [398056ab-e960-4ebd-a652-556788d1cc35@group-6843776D4DCD-LeaderElection17] INFO  impl.LeaderElection (LeaderElection.java:askForVotes(312)) - 398056ab-e960-4ebd-a652-556788d1cc35@group-6843776D4DCD-LeaderElection17 ELECTION round 0: result REJECTED
2022-10-11 12:49:46,158 [398056ab-e960-4ebd-a652-556788d1cc35@group-6843776D4DCD-LeaderElection17] INFO  server.RaftServer$Division (RaftServerImpl.java:setRole(299)) - 398056ab-e960-4ebd-a652-556788d1cc35@group-6843776D4DCD: changes role from CANDIDATE to FOLLOWER at term 1 for REJECTED
2022-10-11 12:49:46,158 [398056ab-e960-4ebd-a652-556788d1cc35@group-6843776D4DCD-LeaderElection17] INFO  impl.RoleInfo (RoleInfo.java:shutdownLeaderElection(130)) - 398056ab-e960-4ebd-a652-556788d1cc35: shutdown 398056ab-e960-4ebd-a652-556788d1cc35@group-6843776D4DCD-LeaderElection17
2022-10-11 12:49:46,158 [398056ab-e960-4ebd-a652-556788d1cc35@group-6843776D4DCD-LeaderElection17] INFO  impl.RoleInfo (RoleInfo.java:updateAndGet(139)) - 398056ab-e960-4ebd-a652-556788d1cc35: start 398056ab-e960-4ebd-a652-556788d1cc35@group-6843776D4DCD-FollowerState
2022-10-11 12:49:46,174 [grpc-default-executor-2] INFO  server.RaftServer$Division (RaftServerImpl.java:requestVote(1152)) - 398056ab-e960-4ebd-a652-556788d1cc35@group-6843776D4DCD: receive requestVote(ELECTION, d15f22e6-7d13-4df8-997b-1dbc14b1c401, group-6843776D4DCD, 1, (t:0, i:0))
2022-10-11 12:49:46,175 [grpc-default-executor-2] INFO  impl.VoteContext (VoteContext.java:log(48)) - 398056ab-e960-4ebd-a652-556788d1cc35@group-6843776D4DCD-FOLLOWER: reject ELECTION from d15f22e6-7d13-4df8-997b-1dbc14b1c401: already has voted for 398056ab-e960-4ebd-a652-556788d1cc35 at current term 1
2022-10-11 12:49:46,175 [grpc-default-executor-2] INFO  server.RaftServer$Division (RaftServerImpl.java:requestVote(1184)) - 398056ab-e960-4ebd-a652-556788d1cc35@group-6843776D4DCD replies to ELECTION vote request: d15f22e6-7d13-4df8-997b-1dbc14b1c401<-398056ab-e960-4ebd-a652-556788d1cc35#0:FAIL-t1. Peer's state: 398056ab-e960-4ebd-a652-556788d1cc35@group-6843776D4DCD:t1, leader=null, voted=398056ab-e960-4ebd-a652-556788d1cc35, raftlog=398056ab-e960-4ebd-a652-556788d1cc35@group-6843776D4DCD-SegmentedRaftLog:OPENED:c-1, conf=-1: [398056ab-e960-4ebd-a652-556788d1cc35|rpc:10.1.1.98:37527|dataStream:|priority:0, d15f22e6-7d13-4df8-997b-1dbc14b1c401|rpc:10.1.1.98:39053|dataStream:|priority:0, a5f5a137-50fd-4e34-893e-bbf5e2017a41|rpc:10.1.1.98:36959|dataStream:|priority:1], old=null
2022-10-11 12:49:46,180 [grpc-default-executor-2] INFO  server.RaftServer$Division (RaftServerImpl.java:requestVote(1152)) - a5f5a137-50fd-4e34-893e-bbf5e2017a41@group-6843776D4DCD: receive requestVote(ELECTION, d15f22e6-7d13-4df8-997b-1dbc14b1c401, group-6843776D4DCD, 1, (t:0, i:0))
2022-10-11 12:49:46,180 [grpc-default-executor-2] INFO  impl.VoteContext (VoteContext.java:log(48)) - a5f5a137-50fd-4e34-893e-bbf5e2017a41@group-6843776D4DCD-FOLLOWER: reject ELECTION from d15f22e6-7d13-4df8-997b-1dbc14b1c401: our priority 1 > candidate's priority 0
2022-10-11 12:49:46,180 [grpc-default-executor-2] INFO  server.RaftServer$Division (RaftServerImpl.java:setRole(299)) - a5f5a137-50fd-4e34-893e-bbf5e2017a41@group-6843776D4DCD: changes role from  FOLLOWER to FOLLOWER at term 1 for candidate:d15f22e6-7d13-4df8-997b-1dbc14b1c401
2022-10-11 12:49:46,180 [grpc-default-executor-2] INFO  impl.RoleInfo (RoleInfo.java:shutdownFollowerState(110)) - a5f5a137-50fd-4e34-893e-bbf5e2017a41: shutdown a5f5a137-50fd-4e34-893e-bbf5e2017a41@group-6843776D4DCD-FollowerState
2022-10-11 12:49:46,180 [grpc-default-executor-2] INFO  impl.RoleInfo (RoleInfo.java:updateAndGet(139)) - a5f5a137-50fd-4e34-893e-bbf5e2017a41: start a5f5a137-50fd-4e34-893e-bbf5e2017a41@group-6843776D4DCD-FollowerState
2022-10-11 12:49:46,181 [a5f5a137-50fd-4e34-893e-bbf5e2017a41@group-6843776D4DCD-FollowerState] INFO  impl.FollowerState (FollowerState.java:run(152)) - a5f5a137-50fd-4e34-893e-bbf5e2017a41@group-6843776D4DCD-FollowerState was interrupted
2022-10-11 12:49:46,183 [grpc-default-executor-2] INFO  server.RaftServer$Division (RaftServerImpl.java:requestVote(1184)) - a5f5a137-50fd-4e34-893e-bbf5e2017a41@group-6843776D4DCD replies to ELECTION vote request: d15f22e6-7d13-4df8-997b-1dbc14b1c401<-a5f5a137-50fd-4e34-893e-bbf5e2017a41#0:FAIL-t1. Peer's state: a5f5a137-50fd-4e34-893e-bbf5e2017a41@group-6843776D4DCD:t1, leader=null, voted=null, raftlog=a5f5a137-50fd-4e34-893e-bbf5e2017a41@group-6843776D4DCD-SegmentedRaftLog:OPENED:c-1, conf=-1: [398056ab-e960-4ebd-a652-556788d1cc35|rpc:10.1.1.98:37527|dataStream:|priority:0, d15f22e6-7d13-4df8-997b-1dbc14b1c401|rpc:10.1.1.98:39053|dataStream:|priority:0, a5f5a137-50fd-4e34-893e-bbf5e2017a41|rpc:10.1.1.98:36959|dataStream:|priority:1], old=null
2022-10-11 12:49:46,193 [d15f22e6-7d13-4df8-997b-1dbc14b1c401@group-6843776D4DCD-LeaderElection18] INFO  impl.LeaderElection (LeaderElection.java:logAndReturn(90)) - d15f22e6-7d13-4df8-997b-1dbc14b1c401@group-6843776D4DCD-LeaderElection18: ELECTION REJECTED received 2 response(s) and 0 exception(s):
2022-10-11 12:49:46,193 [d15f22e6-7d13-4df8-997b-1dbc14b1c401@group-6843776D4DCD-LeaderElection18] INFO  impl.LeaderElection (LeaderElection.java:logAndReturn(94)) -   Response 0: d15f22e6-7d13-4df8-997b-1dbc14b1c401<-398056ab-e960-4ebd-a652-556788d1cc35#0:FAIL-t1
2022-10-11 12:49:46,193 [d15f22e6-7d13-4df8-997b-1dbc14b1c401@group-6843776D4DCD-LeaderElection18] INFO  impl.LeaderElection (LeaderElection.java:logAndReturn(94)) -   Response 1: d15f22e6-7d13-4df8-997b-1dbc14b1c401<-a5f5a137-50fd-4e34-893e-bbf5e2017a41#0:FAIL-t1
2022-10-11 12:49:46,193 [d15f22e6-7d13-4df8-997b-1dbc14b1c401@group-6843776D4DCD-LeaderElection18] INFO  impl.LeaderElection (LeaderElection.java:askForVotes(312)) - d15f22e6-7d13-4df8-997b-1dbc14b1c401@group-6843776D4DCD-LeaderElection18 ELECTION round 0: result REJECTED
2022-10-11 12:49:46,193 [d15f22e6-7d13-4df8-997b-1dbc14b1c401@group-6843776D4DCD-LeaderElection18] INFO  server.RaftServer$Division (RaftServerImpl.java:setRole(299)) - d15f22e6-7d13-4df8-997b-1dbc14b1c401@group-6843776D4DCD: changes role from CANDIDATE to FOLLOWER at term 1 for REJECTED
2022-10-11 12:49:46,193 [d15f22e6-7d13-4df8-997b-1dbc14b1c401@group-6843776D4DCD-LeaderElection18] INFO  impl.RoleInfo (RoleInfo.java:shutdownLeaderElection(130)) - d15f22e6-7d13-4df8-997b-1dbc14b1c401: shutdown d15f22e6-7d13-4df8-997b-1dbc14b1c401@group-6843776D4DCD-LeaderElection18
2022-10-11 12:49:46,193 [d15f22e6-7d13-4df8-997b-1dbc14b1c401@group-6843776D4DCD-LeaderElection18] INFO  impl.RoleInfo (RoleInfo.java:updateAndGet(139)) - d15f22e6-7d13-4df8-997b-1dbc14b1c401: start d15f22e6-7d13-4df8-997b-1dbc14b1c401@group-6843776D4DCD-FollowerState
2022-10-11 12:49:46,725 [Listener at 127.0.0.1/44985] INFO  ozone.MiniOzoneClusterImpl (MiniOzoneClusterImpl.java:lambda$waitForClusterToBeReady$0(216)) - Nodes are ready. Got 3 of 3 DN Heartbeats.
2022-10-11 12:49:46,726 [Listener at 127.0.0.1/44985] INFO  ozone.MiniOzoneClusterImpl (MiniOzoneClusterImpl.java:lambda$waitForClusterToBeReady$0(219)) - Waiting for cluster to exit safe mode
2022-10-11 12:49:46,726 [Listener at 127.0.0.1/44985] INFO  ozone.MiniOzoneClusterImpl (MiniOzoneClusterImpl.java:lambda$waitForClusterToBeReady$0(221)) - SCM became leader
2022-10-11 12:49:47,726 [Listener at 127.0.0.1/44985] INFO  ozone.MiniOzoneClusterImpl (MiniOzoneClusterImpl.java:lambda$waitForClusterToBeReady$0(216)) - Nodes are ready. Got 3 of 3 DN Heartbeats.
2022-10-11 12:49:47,727 [Listener at 127.0.0.1/44985] INFO  ozone.MiniOzoneClusterImpl (MiniOzoneClusterImpl.java:lambda$waitForClusterToBeReady$0(219)) - Waiting for cluster to exit safe mode
2022-10-11 12:49:47,727 [Listener at 127.0.0.1/44985] INFO  ozone.MiniOzoneClusterImpl (MiniOzoneClusterImpl.java:lambda$waitForClusterToBeReady$0(221)) - SCM became leader
2022-10-11 12:49:48,727 [Listener at 127.0.0.1/44985] INFO  ozone.MiniOzoneClusterImpl (MiniOzoneClusterImpl.java:lambda$waitForClusterToBeReady$0(216)) - Nodes are ready. Got 3 of 3 DN Heartbeats.
2022-10-11 12:49:48,728 [Listener at 127.0.0.1/44985] INFO  ozone.MiniOzoneClusterImpl (MiniOzoneClusterImpl.java:lambda$waitForClusterToBeReady$0(219)) - Waiting for cluster to exit safe mode
2022-10-11 12:49:48,728 [Listener at 127.0.0.1/44985] INFO  ozone.MiniOzoneClusterImpl (MiniOzoneClusterImpl.java:lambda$waitForClusterToBeReady$0(221)) - SCM became leader
2022-10-11 12:49:49,729 [Listener at 127.0.0.1/44985] INFO  ozone.MiniOzoneClusterImpl (MiniOzoneClusterImpl.java:lambda$waitForClusterToBeReady$0(216)) - Nodes are ready. Got 3 of 3 DN Heartbeats.
2022-10-11 12:49:49,729 [Listener at 127.0.0.1/44985] INFO  ozone.MiniOzoneClusterImpl (MiniOzoneClusterImpl.java:lambda$waitForClusterToBeReady$0(219)) - Waiting for cluster to exit safe mode
2022-10-11 12:49:49,729 [Listener at 127.0.0.1/44985] INFO  ozone.MiniOzoneClusterImpl (MiniOzoneClusterImpl.java:lambda$waitForClusterToBeReady$0(221)) - SCM became leader
2022-10-11 12:49:50,729 [Listener at 127.0.0.1/44985] INFO  ozone.MiniOzoneClusterImpl (MiniOzoneClusterImpl.java:lambda$waitForClusterToBeReady$0(216)) - Nodes are ready. Got 3 of 3 DN Heartbeats.
2022-10-11 12:49:50,730 [Listener at 127.0.0.1/44985] INFO  ozone.MiniOzoneClusterImpl (MiniOzoneClusterImpl.java:lambda$waitForClusterToBeReady$0(219)) - Waiting for cluster to exit safe mode
2022-10-11 12:49:50,730 [Listener at 127.0.0.1/44985] INFO  ozone.MiniOzoneClusterImpl (MiniOzoneClusterImpl.java:lambda$waitForClusterToBeReady$0(221)) - SCM became leader
2022-10-11 12:49:51,282 [d15f22e6-7d13-4df8-997b-1dbc14b1c401@group-6843776D4DCD-FollowerState] INFO  impl.FollowerState (FollowerState.java:run(143)) - d15f22e6-7d13-4df8-997b-1dbc14b1c401@group-6843776D4DCD-FollowerState: change to CANDIDATE, lastRpcElapsedTime:5089132254ns, electionTimeout:5084ms
2022-10-11 12:49:51,283 [d15f22e6-7d13-4df8-997b-1dbc14b1c401@group-6843776D4DCD-FollowerState] INFO  impl.RoleInfo (RoleInfo.java:shutdownFollowerState(110)) - d15f22e6-7d13-4df8-997b-1dbc14b1c401: shutdown d15f22e6-7d13-4df8-997b-1dbc14b1c401@group-6843776D4DCD-FollowerState
2022-10-11 12:49:51,283 [d15f22e6-7d13-4df8-997b-1dbc14b1c401@group-6843776D4DCD-FollowerState] INFO  server.RaftServer$Division (RaftServerImpl.java:setRole(299)) - d15f22e6-7d13-4df8-997b-1dbc14b1c401@group-6843776D4DCD: changes role from  FOLLOWER to CANDIDATE at term 1 for changeToCandidate
2022-10-11 12:49:51,283 [d15f22e6-7d13-4df8-997b-1dbc14b1c401@group-6843776D4DCD-FollowerState] INFO  server.RaftServerConfigKeys (ConfUtils.java:logGet(46)) - raft.server.leaderelection.pre-vote = false (custom)
2022-10-11 12:49:51,283 [d15f22e6-7d13-4df8-997b-1dbc14b1c401@group-6843776D4DCD-FollowerState] INFO  impl.RoleInfo (RoleInfo.java:updateAndGet(139)) - d15f22e6-7d13-4df8-997b-1dbc14b1c401: start d15f22e6-7d13-4df8-997b-1dbc14b1c401@group-6843776D4DCD-LeaderElection19
2022-10-11 12:49:51,286 [d15f22e6-7d13-4df8-997b-1dbc14b1c401@group-6843776D4DCD-LeaderElection19] INFO  impl.LeaderElection (LeaderElection.java:askForVotes(310)) - d15f22e6-7d13-4df8-997b-1dbc14b1c401@group-6843776D4DCD-LeaderElection19 ELECTION round 0: submit vote requests at term 2 for -1: [398056ab-e960-4ebd-a652-556788d1cc35|rpc:10.1.1.98:37527|priority:0, d15f22e6-7d13-4df8-997b-1dbc14b1c401|rpc:10.1.1.98:39053|priority:0, a5f5a137-50fd-4e34-893e-bbf5e2017a41|rpc:10.1.1.98:36959|priority:1], old=null
2022-10-11 12:49:51,296 [grpc-default-executor-2] INFO  server.RaftServer$Division (RaftServerImpl.java:requestVote(1152)) - a5f5a137-50fd-4e34-893e-bbf5e2017a41@group-6843776D4DCD: receive requestVote(ELECTION, d15f22e6-7d13-4df8-997b-1dbc14b1c401, group-6843776D4DCD, 2, (t:0, i:0))
2022-10-11 12:49:51,296 [grpc-default-executor-2] INFO  impl.VoteContext (VoteContext.java:log(48)) - a5f5a137-50fd-4e34-893e-bbf5e2017a41@group-6843776D4DCD-FOLLOWER: reject ELECTION from d15f22e6-7d13-4df8-997b-1dbc14b1c401: our priority 1 > candidate's priority 0
2022-10-11 12:49:51,296 [grpc-default-executor-2] INFO  server.RaftServer$Division (RaftServerImpl.java:setRole(299)) - a5f5a137-50fd-4e34-893e-bbf5e2017a41@group-6843776D4DCD: changes role from  FOLLOWER to FOLLOWER at term 2 for candidate:d15f22e6-7d13-4df8-997b-1dbc14b1c401
2022-10-11 12:49:51,297 [grpc-default-executor-2] INFO  impl.RoleInfo (RoleInfo.java:shutdownFollowerState(110)) - a5f5a137-50fd-4e34-893e-bbf5e2017a41: shutdown a5f5a137-50fd-4e34-893e-bbf5e2017a41@group-6843776D4DCD-FollowerState
2022-10-11 12:49:51,297 [grpc-default-executor-2] INFO  impl.RoleInfo (RoleInfo.java:updateAndGet(139)) - a5f5a137-50fd-4e34-893e-bbf5e2017a41: start a5f5a137-50fd-4e34-893e-bbf5e2017a41@group-6843776D4DCD-FollowerState
2022-10-11 12:49:51,297 [grpc-default-executor-0] INFO  server.RaftServer$Division (RaftServerImpl.java:requestVote(1152)) - 398056ab-e960-4ebd-a652-556788d1cc35@group-6843776D4DCD: receive requestVote(ELECTION, d15f22e6-7d13-4df8-997b-1dbc14b1c401, group-6843776D4DCD, 2, (t:0, i:0))
2022-10-11 12:49:51,297 [grpc-default-executor-0] INFO  impl.VoteContext (VoteContext.java:log(48)) - 398056ab-e960-4ebd-a652-556788d1cc35@group-6843776D4DCD-FOLLOWER: accept ELECTION from d15f22e6-7d13-4df8-997b-1dbc14b1c401: our priority 0 <= candidate's priority 0
2022-10-11 12:49:51,297 [grpc-default-executor-0] INFO  server.RaftServer$Division (RaftServerImpl.java:setRole(299)) - 398056ab-e960-4ebd-a652-556788d1cc35@group-6843776D4DCD: changes role from  FOLLOWER to FOLLOWER at term 2 for candidate:d15f22e6-7d13-4df8-997b-1dbc14b1c401
2022-10-11 12:49:51,297 [grpc-default-executor-0] INFO  impl.RoleInfo (RoleInfo.java:shutdownFollowerState(110)) - 398056ab-e960-4ebd-a652-556788d1cc35: shutdown 398056ab-e960-4ebd-a652-556788d1cc35@group-6843776D4DCD-FollowerState
2022-10-11 12:49:51,298 [a5f5a137-50fd-4e34-893e-bbf5e2017a41@group-6843776D4DCD-FollowerState] INFO  impl.FollowerState (FollowerState.java:run(152)) - a5f5a137-50fd-4e34-893e-bbf5e2017a41@group-6843776D4DCD-FollowerState was interrupted
2022-10-11 12:49:51,298 [grpc-default-executor-0] INFO  impl.RoleInfo (RoleInfo.java:updateAndGet(139)) - 398056ab-e960-4ebd-a652-556788d1cc35: start 398056ab-e960-4ebd-a652-556788d1cc35@group-6843776D4DCD-FollowerState
2022-10-11 12:49:51,299 [398056ab-e960-4ebd-a652-556788d1cc35@group-6843776D4DCD-FollowerState] INFO  impl.FollowerState (FollowerState.java:run(152)) - 398056ab-e960-4ebd-a652-556788d1cc35@group-6843776D4DCD-FollowerState was interrupted
2022-10-11 12:49:51,304 [grpc-default-executor-2] INFO  server.RaftServer$Division (RaftServerImpl.java:requestVote(1184)) - a5f5a137-50fd-4e34-893e-bbf5e2017a41@group-6843776D4DCD replies to ELECTION vote request: d15f22e6-7d13-4df8-997b-1dbc14b1c401<-a5f5a137-50fd-4e34-893e-bbf5e2017a41#0:FAIL-t2. Peer's state: a5f5a137-50fd-4e34-893e-bbf5e2017a41@group-6843776D4DCD:t2, leader=null, voted=null, raftlog=a5f5a137-50fd-4e34-893e-bbf5e2017a41@group-6843776D4DCD-SegmentedRaftLog:OPENED:c-1, conf=-1: [398056ab-e960-4ebd-a652-556788d1cc35|rpc:10.1.1.98:37527|dataStream:|priority:0, d15f22e6-7d13-4df8-997b-1dbc14b1c401|rpc:10.1.1.98:39053|dataStream:|priority:0, a5f5a137-50fd-4e34-893e-bbf5e2017a41|rpc:10.1.1.98:36959|dataStream:|priority:1], old=null
2022-10-11 12:49:51,305 [d15f22e6-7d13-4df8-997b-1dbc14b1c401@group-6843776D4DCD-LeaderElection19] INFO  impl.LeaderElection (LeaderElection.java:logAndReturn(90)) - d15f22e6-7d13-4df8-997b-1dbc14b1c401@group-6843776D4DCD-LeaderElection19: ELECTION REJECTED received 1 response(s) and 0 exception(s):
2022-10-11 12:49:51,305 [d15f22e6-7d13-4df8-997b-1dbc14b1c401@group-6843776D4DCD-LeaderElection19] INFO  impl.LeaderElection (LeaderElection.java:logAndReturn(94)) -   Response 0: d15f22e6-7d13-4df8-997b-1dbc14b1c401<-a5f5a137-50fd-4e34-893e-bbf5e2017a41#0:FAIL-t2
2022-10-11 12:49:51,305 [grpc-default-executor-0] INFO  server.RaftServer$Division (RaftServerImpl.java:requestVote(1184)) - 398056ab-e960-4ebd-a652-556788d1cc35@group-6843776D4DCD replies to ELECTION vote request: d15f22e6-7d13-4df8-997b-1dbc14b1c401<-398056ab-e960-4ebd-a652-556788d1cc35#0:OK-t2. Peer's state: 398056ab-e960-4ebd-a652-556788d1cc35@group-6843776D4DCD:t2, leader=null, voted=d15f22e6-7d13-4df8-997b-1dbc14b1c401, raftlog=398056ab-e960-4ebd-a652-556788d1cc35@group-6843776D4DCD-SegmentedRaftLog:OPENED:c-1, conf=-1: [398056ab-e960-4ebd-a652-556788d1cc35|rpc:10.1.1.98:37527|dataStream:|priority:0, d15f22e6-7d13-4df8-997b-1dbc14b1c401|rpc:10.1.1.98:39053|dataStream:|priority:0, a5f5a137-50fd-4e34-893e-bbf5e2017a41|rpc:10.1.1.98:36959|dataStream:|priority:1], old=null
2022-10-11 12:49:51,305 [d15f22e6-7d13-4df8-997b-1dbc14b1c401@group-6843776D4DCD-LeaderElection19] INFO  impl.LeaderElection (LeaderElection.java:askForVotes(312)) - d15f22e6-7d13-4df8-997b-1dbc14b1c401@group-6843776D4DCD-LeaderElection19 ELECTION round 0: result REJECTED
2022-10-11 12:49:51,306 [d15f22e6-7d13-4df8-997b-1dbc14b1c401@group-6843776D4DCD-LeaderElection19] INFO  server.RaftServer$Division (RaftServerImpl.java:setRole(299)) - d15f22e6-7d13-4df8-997b-1dbc14b1c401@group-6843776D4DCD: changes role from CANDIDATE to FOLLOWER at term 2 for REJECTED
2022-10-11 12:49:51,306 [d15f22e6-7d13-4df8-997b-1dbc14b1c401@group-6843776D4DCD-LeaderElection19] INFO  impl.RoleInfo (RoleInfo.java:shutdownLeaderElection(130)) - d15f22e6-7d13-4df8-997b-1dbc14b1c401: shutdown d15f22e6-7d13-4df8-997b-1dbc14b1c401@group-6843776D4DCD-LeaderElection19
2022-10-11 12:49:51,306 [d15f22e6-7d13-4df8-997b-1dbc14b1c401@group-6843776D4DCD-LeaderElection19] INFO  impl.RoleInfo (RoleInfo.java:updateAndGet(139)) - d15f22e6-7d13-4df8-997b-1dbc14b1c401: start d15f22e6-7d13-4df8-997b-1dbc14b1c401@group-6843776D4DCD-FollowerState
2022-10-11 12:49:51,730 [Listener at 127.0.0.1/44985] INFO  ozone.MiniOzoneClusterImpl (MiniOzoneClusterImpl.java:lambda$waitForClusterToBeReady$0(216)) - Nodes are ready. Got 3 of 3 DN Heartbeats.
2022-10-11 12:49:51,732 [Listener at 127.0.0.1/44985] INFO  ozone.MiniOzoneClusterImpl (MiniOzoneClusterImpl.java:lambda$waitForClusterToBeReady$0(219)) - Waiting for cluster to exit safe mode
2022-10-11 12:49:51,732 [Listener at 127.0.0.1/44985] INFO  ozone.MiniOzoneClusterImpl (MiniOzoneClusterImpl.java:lambda$waitForClusterToBeReady$0(221)) - SCM became leader
2022-10-11 12:49:52,732 [Listener at 127.0.0.1/44985] INFO  ozone.MiniOzoneClusterImpl (MiniOzoneClusterImpl.java:lambda$waitForClusterToBeReady$0(216)) - Nodes are ready. Got 3 of 3 DN Heartbeats.
2022-10-11 12:49:52,732 [Listener at 127.0.0.1/44985] INFO  ozone.MiniOzoneClusterImpl (MiniOzoneClusterImpl.java:lambda$waitForClusterToBeReady$0(219)) - Waiting for cluster to exit safe mode
2022-10-11 12:49:52,733 [Listener at 127.0.0.1/44985] INFO  ozone.MiniOzoneClusterImpl (MiniOzoneClusterImpl.java:lambda$waitForClusterToBeReady$0(221)) - SCM became leader
2022-10-11 12:49:53,733 [Listener at 127.0.0.1/44985] INFO  ozone.MiniOzoneClusterImpl (MiniOzoneClusterImpl.java:lambda$waitForClusterToBeReady$0(216)) - Nodes are ready. Got 3 of 3 DN Heartbeats.
2022-10-11 12:49:53,733 [Listener at 127.0.0.1/44985] INFO  ozone.MiniOzoneClusterImpl (MiniOzoneClusterImpl.java:lambda$waitForClusterToBeReady$0(219)) - Waiting for cluster to exit safe mode
2022-10-11 12:49:53,734 [Listener at 127.0.0.1/44985] INFO  ozone.MiniOzoneClusterImpl (MiniOzoneClusterImpl.java:lambda$waitForClusterToBeReady$0(221)) - SCM became leader
2022-10-11 12:49:54,734 [Listener at 127.0.0.1/44985] INFO  ozone.MiniOzoneClusterImpl (MiniOzoneClusterImpl.java:lambda$waitForClusterToBeReady$0(216)) - Nodes are ready. Got 3 of 3 DN Heartbeats.
2022-10-11 12:49:54,734 [Listener at 127.0.0.1/44985] INFO  ozone.MiniOzoneClusterImpl (MiniOzoneClusterImpl.java:lambda$waitForClusterToBeReady$0(219)) - Waiting for cluster to exit safe mode
2022-10-11 12:49:54,735 [Listener at 127.0.0.1/44985] INFO  ozone.MiniOzoneClusterImpl (MiniOzoneClusterImpl.java:lambda$waitForClusterToBeReady$0(221)) - SCM became leader
2022-10-11 12:49:55,735 [Listener at 127.0.0.1/44985] INFO  ozone.MiniOzoneClusterImpl (MiniOzoneClusterImpl.java:lambda$waitForClusterToBeReady$0(216)) - Nodes are ready. Got 3 of 3 DN Heartbeats.
2022-10-11 12:49:55,735 [Listener at 127.0.0.1/44985] INFO  ozone.MiniOzoneClusterImpl (MiniOzoneClusterImpl.java:lambda$waitForClusterToBeReady$0(219)) - Waiting for cluster to exit safe mode
2022-10-11 12:49:55,736 [Listener at 127.0.0.1/44985] INFO  ozone.MiniOzoneClusterImpl (MiniOzoneClusterImpl.java:lambda$waitForClusterToBeReady$0(221)) - SCM became leader
2022-10-11 12:49:56,374 [d15f22e6-7d13-4df8-997b-1dbc14b1c401@group-6843776D4DCD-FollowerState] INFO  impl.FollowerState (FollowerState.java:run(143)) - d15f22e6-7d13-4df8-997b-1dbc14b1c401@group-6843776D4DCD-FollowerState: change to CANDIDATE, lastRpcElapsedTime:5067411497ns, electionTimeout:5061ms
2022-10-11 12:49:56,374 [d15f22e6-7d13-4df8-997b-1dbc14b1c401@group-6843776D4DCD-FollowerState] INFO  impl.RoleInfo (RoleInfo.java:shutdownFollowerState(110)) - d15f22e6-7d13-4df8-997b-1dbc14b1c401: shutdown d15f22e6-7d13-4df8-997b-1dbc14b1c401@group-6843776D4DCD-FollowerState
2022-10-11 12:49:56,374 [d15f22e6-7d13-4df8-997b-1dbc14b1c401@group-6843776D4DCD-FollowerState] INFO  server.RaftServer$Division (RaftServerImpl.java:setRole(299)) - d15f22e6-7d13-4df8-997b-1dbc14b1c401@group-6843776D4DCD: changes role from  FOLLOWER to CANDIDATE at term 2 for changeToCandidate
2022-10-11 12:49:56,374 [d15f22e6-7d13-4df8-997b-1dbc14b1c401@group-6843776D4DCD-FollowerState] INFO  server.RaftServerConfigKeys (ConfUtils.java:logGet(46)) - raft.server.leaderelection.pre-vote = false (custom)
2022-10-11 12:49:56,374 [d15f22e6-7d13-4df8-997b-1dbc14b1c401@group-6843776D4DCD-FollowerState] INFO  impl.RoleInfo (RoleInfo.java:updateAndGet(139)) - d15f22e6-7d13-4df8-997b-1dbc14b1c401: start d15f22e6-7d13-4df8-997b-1dbc14b1c401@group-6843776D4DCD-LeaderElection20
2022-10-11 12:49:56,377 [d15f22e6-7d13-4df8-997b-1dbc14b1c401@group-6843776D4DCD-LeaderElection20] INFO  impl.LeaderElection (LeaderElection.java:askForVotes(310)) - d15f22e6-7d13-4df8-997b-1dbc14b1c401@group-6843776D4DCD-LeaderElection20 ELECTION round 0: submit vote requests at term 3 for -1: [398056ab-e960-4ebd-a652-556788d1cc35|rpc:10.1.1.98:37527|priority:0, d15f22e6-7d13-4df8-997b-1dbc14b1c401|rpc:10.1.1.98:39053|priority:0, a5f5a137-50fd-4e34-893e-bbf5e2017a41|rpc:10.1.1.98:36959|priority:1], old=null
2022-10-11 12:49:56,382 [grpc-default-executor-0] INFO  server.RaftServer$Division (RaftServerImpl.java:requestVote(1152)) - 398056ab-e960-4ebd-a652-556788d1cc35@group-6843776D4DCD: receive requestVote(ELECTION, d15f22e6-7d13-4df8-997b-1dbc14b1c401, group-6843776D4DCD, 3, (t:0, i:0))
2022-10-11 12:49:56,382 [grpc-default-executor-0] INFO  impl.VoteContext (VoteContext.java:log(48)) - 398056ab-e960-4ebd-a652-556788d1cc35@group-6843776D4DCD-FOLLOWER: accept ELECTION from d15f22e6-7d13-4df8-997b-1dbc14b1c401: our priority 0 <= candidate's priority 0
2022-10-11 12:49:56,382 [grpc-default-executor-0] INFO  server.RaftServer$Division (RaftServerImpl.java:setRole(299)) - 398056ab-e960-4ebd-a652-556788d1cc35@group-6843776D4DCD: changes role from  FOLLOWER to FOLLOWER at term 3 for candidate:d15f22e6-7d13-4df8-997b-1dbc14b1c401
2022-10-11 12:49:56,382 [grpc-default-executor-0] INFO  impl.RoleInfo (RoleInfo.java:shutdownFollowerState(110)) - 398056ab-e960-4ebd-a652-556788d1cc35: shutdown 398056ab-e960-4ebd-a652-556788d1cc35@group-6843776D4DCD-FollowerState
2022-10-11 12:49:56,382 [grpc-default-executor-0] INFO  impl.RoleInfo (RoleInfo.java:updateAndGet(139)) - 398056ab-e960-4ebd-a652-556788d1cc35: start 398056ab-e960-4ebd-a652-556788d1cc35@group-6843776D4DCD-FollowerState
2022-10-11 12:49:56,382 [398056ab-e960-4ebd-a652-556788d1cc35@group-6843776D4DCD-FollowerState] INFO  impl.FollowerState (FollowerState.java:run(152)) - 398056ab-e960-4ebd-a652-556788d1cc35@group-6843776D4DCD-FollowerState was interrupted
2022-10-11 12:49:56,382 [grpc-default-executor-2] INFO  server.RaftServer$Division (RaftServerImpl.java:requestVote(1152)) - a5f5a137-50fd-4e34-893e-bbf5e2017a41@group-6843776D4DCD: receive requestVote(ELECTION, d15f22e6-7d13-4df8-997b-1dbc14b1c401, group-6843776D4DCD, 3, (t:0, i:0))
2022-10-11 12:49:56,382 [grpc-default-executor-2] INFO  impl.VoteContext (VoteContext.java:log(48)) - a5f5a137-50fd-4e34-893e-bbf5e2017a41@group-6843776D4DCD-FOLLOWER: reject ELECTION from d15f22e6-7d13-4df8-997b-1dbc14b1c401: our priority 1 > candidate's priority 0
2022-10-11 12:49:56,382 [grpc-default-executor-2] INFO  server.RaftServer$Division (RaftServerImpl.java:setRole(299)) - a5f5a137-50fd-4e34-893e-bbf5e2017a41@group-6843776D4DCD: changes role from  FOLLOWER to FOLLOWER at term 3 for candidate:d15f22e6-7d13-4df8-997b-1dbc14b1c401
2022-10-11 12:49:56,382 [grpc-default-executor-2] INFO  impl.RoleInfo (RoleInfo.java:shutdownFollowerState(110)) - a5f5a137-50fd-4e34-893e-bbf5e2017a41: shutdown a5f5a137-50fd-4e34-893e-bbf5e2017a41@group-6843776D4DCD-FollowerState
2022-10-11 12:49:56,384 [grpc-default-executor-2] INFO  impl.RoleInfo (RoleInfo.java:updateAndGet(139)) - a5f5a137-50fd-4e34-893e-bbf5e2017a41: start a5f5a137-50fd-4e34-893e-bbf5e2017a41@group-6843776D4DCD-FollowerState
2022-10-11 12:49:56,384 [a5f5a137-50fd-4e34-893e-bbf5e2017a41@group-6843776D4DCD-FollowerState] INFO  impl.FollowerState (FollowerState.java:run(152)) - a5f5a137-50fd-4e34-893e-bbf5e2017a41@group-6843776D4DCD-FollowerState was interrupted
2022-10-11 12:49:56,389 [grpc-default-executor-0] INFO  server.RaftServer$Division (RaftServerImpl.java:requestVote(1184)) - 398056ab-e960-4ebd-a652-556788d1cc35@group-6843776D4DCD replies to ELECTION vote request: d15f22e6-7d13-4df8-997b-1dbc14b1c401<-398056ab-e960-4ebd-a652-556788d1cc35#0:OK-t3. Peer's state: 398056ab-e960-4ebd-a652-556788d1cc35@group-6843776D4DCD:t3, leader=null, voted=d15f22e6-7d13-4df8-997b-1dbc14b1c401, raftlog=398056ab-e960-4ebd-a652-556788d1cc35@group-6843776D4DCD-SegmentedRaftLog:OPENED:c-1, conf=-1: [398056ab-e960-4ebd-a652-556788d1cc35|rpc:10.1.1.98:37527|dataStream:|priority:0, d15f22e6-7d13-4df8-997b-1dbc14b1c401|rpc:10.1.1.98:39053|dataStream:|priority:0, a5f5a137-50fd-4e34-893e-bbf5e2017a41|rpc:10.1.1.98:36959|dataStream:|priority:1], old=null
2022-10-11 12:49:56,389 [grpc-default-executor-2] INFO  server.RaftServer$Division (RaftServerImpl.java:requestVote(1184)) - a5f5a137-50fd-4e34-893e-bbf5e2017a41@group-6843776D4DCD replies to ELECTION vote request: d15f22e6-7d13-4df8-997b-1dbc14b1c401<-a5f5a137-50fd-4e34-893e-bbf5e2017a41#0:FAIL-t3. Peer's state: a5f5a137-50fd-4e34-893e-bbf5e2017a41@group-6843776D4DCD:t3, leader=null, voted=null, raftlog=a5f5a137-50fd-4e34-893e-bbf5e2017a41@group-6843776D4DCD-SegmentedRaftLog:OPENED:c-1, conf=-1: [398056ab-e960-4ebd-a652-556788d1cc35|rpc:10.1.1.98:37527|dataStream:|priority:0, d15f22e6-7d13-4df8-997b-1dbc14b1c401|rpc:10.1.1.98:39053|dataStream:|priority:0, a5f5a137-50fd-4e34-893e-bbf5e2017a41|rpc:10.1.1.98:36959|dataStream:|priority:1], old=null
2022-10-11 12:49:56,391 [d15f22e6-7d13-4df8-997b-1dbc14b1c401@group-6843776D4DCD-LeaderElection20] INFO  impl.LeaderElection (LeaderElection.java:logAndReturn(90)) - d15f22e6-7d13-4df8-997b-1dbc14b1c401@group-6843776D4DCD-LeaderElection20: ELECTION REJECTED received 2 response(s) and 0 exception(s):
2022-10-11 12:49:56,392 [d15f22e6-7d13-4df8-997b-1dbc14b1c401@group-6843776D4DCD-LeaderElection20] INFO  impl.LeaderElection (LeaderElection.java:logAndReturn(94)) -   Response 0: d15f22e6-7d13-4df8-997b-1dbc14b1c401<-398056ab-e960-4ebd-a652-556788d1cc35#0:OK-t3
2022-10-11 12:49:56,392 [d15f22e6-7d13-4df8-997b-1dbc14b1c401@group-6843776D4DCD-LeaderElection20] INFO  impl.LeaderElection (LeaderElection.java:logAndReturn(94)) -   Response 1: d15f22e6-7d13-4df8-997b-1dbc14b1c401<-a5f5a137-50fd-4e34-893e-bbf5e2017a41#0:FAIL-t3
2022-10-11 12:49:56,392 [d15f22e6-7d13-4df8-997b-1dbc14b1c401@group-6843776D4DCD-LeaderElection20] INFO  impl.LeaderElection (LeaderElection.java:askForVotes(312)) - d15f22e6-7d13-4df8-997b-1dbc14b1c401@group-6843776D4DCD-LeaderElection20 ELECTION round 0: result REJECTED
2022-10-11 12:49:56,392 [d15f22e6-7d13-4df8-997b-1dbc14b1c401@group-6843776D4DCD-LeaderElection20] INFO  server.RaftServer$Division (RaftServerImpl.java:setRole(299)) - d15f22e6-7d13-4df8-997b-1dbc14b1c401@group-6843776D4DCD: changes role from CANDIDATE to FOLLOWER at term 3 for REJECTED
2022-10-11 12:49:56,392 [d15f22e6-7d13-4df8-997b-1dbc14b1c401@group-6843776D4DCD-LeaderElection20] INFO  impl.RoleInfo (RoleInfo.java:shutdownLeaderElection(130)) - d15f22e6-7d13-4df8-997b-1dbc14b1c401: shutdown d15f22e6-7d13-4df8-997b-1dbc14b1c401@group-6843776D4DCD-LeaderElection20
2022-10-11 12:49:56,392 [d15f22e6-7d13-4df8-997b-1dbc14b1c401@group-6843776D4DCD-LeaderElection20] INFO  impl.RoleInfo (RoleInfo.java:updateAndGet(139)) - d15f22e6-7d13-4df8-997b-1dbc14b1c401: start d15f22e6-7d13-4df8-997b-1dbc14b1c401@group-6843776D4DCD-FollowerState
2022-10-11 12:49:56,736 [Listener at 127.0.0.1/44985] INFO  ozone.MiniOzoneClusterImpl (MiniOzoneClusterImpl.java:lambda$waitForClusterToBeReady$0(216)) - Nodes are ready. Got 3 of 3 DN Heartbeats.
2022-10-11 12:49:56,737 [Listener at 127.0.0.1/44985] INFO  ozone.MiniOzoneClusterImpl (MiniOzoneClusterImpl.java:lambda$waitForClusterToBeReady$0(219)) - Waiting for cluster to exit safe mode
2022-10-11 12:49:56,738 [Listener at 127.0.0.1/44985] INFO  ozone.MiniOzoneClusterImpl (MiniOzoneClusterImpl.java:lambda$waitForClusterToBeReady$0(221)) - SCM became leader
2022-10-11 12:49:57,738 [Listener at 127.0.0.1/44985] INFO  ozone.MiniOzoneClusterImpl (MiniOzoneClusterImpl.java:lambda$waitForClusterToBeReady$0(216)) - Nodes are ready. Got 3 of 3 DN Heartbeats.
2022-10-11 12:49:57,738 [Listener at 127.0.0.1/44985] INFO  ozone.MiniOzoneClusterImpl (MiniOzoneClusterImpl.java:lambda$waitForClusterToBeReady$0(219)) - Waiting for cluster to exit safe mode
2022-10-11 12:49:57,739 [Listener at 127.0.0.1/44985] INFO  ozone.MiniOzoneClusterImpl (MiniOzoneClusterImpl.java:lambda$waitForClusterToBeReady$0(221)) - SCM became leader
2022-10-11 12:49:58,739 [Listener at 127.0.0.1/44985] INFO  ozone.MiniOzoneClusterImpl (MiniOzoneClusterImpl.java:lambda$waitForClusterToBeReady$0(216)) - Nodes are ready. Got 3 of 3 DN Heartbeats.
2022-10-11 12:49:58,739 [Listener at 127.0.0.1/44985] INFO  ozone.MiniOzoneClusterImpl (MiniOzoneClusterImpl.java:lambda$waitForClusterToBeReady$0(219)) - Waiting for cluster to exit safe mode
2022-10-11 12:49:58,740 [Listener at 127.0.0.1/44985] INFO  ozone.MiniOzoneClusterImpl (MiniOzoneClusterImpl.java:lambda$waitForClusterToBeReady$0(221)) - SCM became leader
2022-10-11 12:49:59,740 [Listener at 127.0.0.1/44985] INFO  ozone.MiniOzoneClusterImpl (MiniOzoneClusterImpl.java:lambda$waitForClusterToBeReady$0(216)) - Nodes are ready. Got 3 of 3 DN Heartbeats.
2022-10-11 12:49:59,740 [Listener at 127.0.0.1/44985] INFO  ozone.MiniOzoneClusterImpl (MiniOzoneClusterImpl.java:lambda$waitForClusterToBeReady$0(219)) - Waiting for cluster to exit safe mode
2022-10-11 12:49:59,740 [Listener at 127.0.0.1/44985] INFO  ozone.MiniOzoneClusterImpl (MiniOzoneClusterImpl.java:lambda$waitForClusterToBeReady$0(221)) - SCM became leader
2022-10-11 12:50:00,741 [Listener at 127.0.0.1/44985] INFO  ozone.MiniOzoneClusterImpl (MiniOzoneClusterImpl.java:lambda$waitForClusterToBeReady$0(216)) - Nodes are ready. Got 3 of 3 DN Heartbeats.
2022-10-11 12:50:00,741 [Listener at 127.0.0.1/44985] INFO  ozone.MiniOzoneClusterImpl (MiniOzoneClusterImpl.java:lambda$waitForClusterToBeReady$0(219)) - Waiting for cluster to exit safe mode
2022-10-11 12:50:00,741 [Listener at 127.0.0.1/44985] INFO  ozone.MiniOzoneClusterImpl (MiniOzoneClusterImpl.java:lambda$waitForClusterToBeReady$0(221)) - SCM became leader
2022-10-11 12:50:01,425 [d15f22e6-7d13-4df8-997b-1dbc14b1c401@group-6843776D4DCD-FollowerState] INFO  impl.FollowerState (FollowerState.java:run(143)) - d15f22e6-7d13-4df8-997b-1dbc14b1c401@group-6843776D4DCD-FollowerState: change to CANDIDATE, lastRpcElapsedTime:5032796784ns, electionTimeout:5025ms
2022-10-11 12:50:01,425 [d15f22e6-7d13-4df8-997b-1dbc14b1c401@group-6843776D4DCD-FollowerState] INFO  impl.RoleInfo (RoleInfo.java:shutdownFollowerState(110)) - d15f22e6-7d13-4df8-997b-1dbc14b1c401: shutdown d15f22e6-7d13-4df8-997b-1dbc14b1c401@group-6843776D4DCD-FollowerState
2022-10-11 12:50:01,425 [d15f22e6-7d13-4df8-997b-1dbc14b1c401@group-6843776D4DCD-FollowerState] INFO  server.RaftServer$Division (RaftServerImpl.java:setRole(299)) - d15f22e6-7d13-4df8-997b-1dbc14b1c401@group-6843776D4DCD: changes role from  FOLLOWER to CANDIDATE at term 3 for changeToCandidate
2022-10-11 12:50:01,425 [d15f22e6-7d13-4df8-997b-1dbc14b1c401@group-6843776D4DCD-FollowerState] INFO  server.RaftServerConfigKeys (ConfUtils.java:logGet(46)) - raft.server.leaderelection.pre-vote = false (custom)
2022-10-11 12:50:01,425 [d15f22e6-7d13-4df8-997b-1dbc14b1c401@group-6843776D4DCD-FollowerState] INFO  impl.RoleInfo (RoleInfo.java:updateAndGet(139)) - d15f22e6-7d13-4df8-997b-1dbc14b1c401: start d15f22e6-7d13-4df8-997b-1dbc14b1c401@group-6843776D4DCD-LeaderElection21
2022-10-11 12:50:01,428 [d15f22e6-7d13-4df8-997b-1dbc14b1c401@group-6843776D4DCD-LeaderElection21] INFO  impl.LeaderElection (LeaderElection.java:askForVotes(310)) - d15f22e6-7d13-4df8-997b-1dbc14b1c401@group-6843776D4DCD-LeaderElection21 ELECTION round 0: submit vote requests at term 4 for -1: [398056ab-e960-4ebd-a652-556788d1cc35|rpc:10.1.1.98:37527|priority:0, d15f22e6-7d13-4df8-997b-1dbc14b1c401|rpc:10.1.1.98:39053|priority:0, a5f5a137-50fd-4e34-893e-bbf5e2017a41|rpc:10.1.1.98:36959|priority:1], old=null
2022-10-11 12:50:01,435 [grpc-default-executor-2] INFO  server.RaftServer$Division (RaftServerImpl.java:requestVote(1152)) - a5f5a137-50fd-4e34-893e-bbf5e2017a41@group-6843776D4DCD: receive requestVote(ELECTION, d15f22e6-7d13-4df8-997b-1dbc14b1c401, group-6843776D4DCD, 4, (t:0, i:0))
2022-10-11 12:50:01,436 [grpc-default-executor-2] INFO  impl.VoteContext (VoteContext.java:log(48)) - a5f5a137-50fd-4e34-893e-bbf5e2017a41@group-6843776D4DCD-FOLLOWER: reject ELECTION from d15f22e6-7d13-4df8-997b-1dbc14b1c401: our priority 1 > candidate's priority 0
2022-10-11 12:50:01,436 [grpc-default-executor-2] INFO  server.RaftServer$Division (RaftServerImpl.java:setRole(299)) - a5f5a137-50fd-4e34-893e-bbf5e2017a41@group-6843776D4DCD: changes role from  FOLLOWER to FOLLOWER at term 4 for candidate:d15f22e6-7d13-4df8-997b-1dbc14b1c401
2022-10-11 12:50:01,436 [grpc-default-executor-2] INFO  impl.RoleInfo (RoleInfo.java:shutdownFollowerState(110)) - a5f5a137-50fd-4e34-893e-bbf5e2017a41: shutdown a5f5a137-50fd-4e34-893e-bbf5e2017a41@group-6843776D4DCD-FollowerState
2022-10-11 12:50:01,436 [grpc-default-executor-2] INFO  impl.RoleInfo (RoleInfo.java:updateAndGet(139)) - a5f5a137-50fd-4e34-893e-bbf5e2017a41: start a5f5a137-50fd-4e34-893e-bbf5e2017a41@group-6843776D4DCD-FollowerState
2022-10-11 12:50:01,436 [a5f5a137-50fd-4e34-893e-bbf5e2017a41@group-6843776D4DCD-FollowerState] INFO  impl.FollowerState (FollowerState.java:run(152)) - a5f5a137-50fd-4e34-893e-bbf5e2017a41@group-6843776D4DCD-FollowerState was interrupted
2022-10-11 12:50:01,439 [grpc-default-executor-0] INFO  server.RaftServer$Division (RaftServerImpl.java:requestVote(1152)) - 398056ab-e960-4ebd-a652-556788d1cc35@group-6843776D4DCD: receive requestVote(ELECTION, d15f22e6-7d13-4df8-997b-1dbc14b1c401, group-6843776D4DCD, 4, (t:0, i:0))
2022-10-11 12:50:01,439 [grpc-default-executor-2] INFO  server.RaftServer$Division (RaftServerImpl.java:requestVote(1184)) - a5f5a137-50fd-4e34-893e-bbf5e2017a41@group-6843776D4DCD replies to ELECTION vote request: d15f22e6-7d13-4df8-997b-1dbc14b1c401<-a5f5a137-50fd-4e34-893e-bbf5e2017a41#0:FAIL-t4. Peer's state: a5f5a137-50fd-4e34-893e-bbf5e2017a41@group-6843776D4DCD:t4, leader=null, voted=null, raftlog=a5f5a137-50fd-4e34-893e-bbf5e2017a41@group-6843776D4DCD-SegmentedRaftLog:OPENED:c-1, conf=-1: [398056ab-e960-4ebd-a652-556788d1cc35|rpc:10.1.1.98:37527|dataStream:|priority:0, d15f22e6-7d13-4df8-997b-1dbc14b1c401|rpc:10.1.1.98:39053|dataStream:|priority:0, a5f5a137-50fd-4e34-893e-bbf5e2017a41|rpc:10.1.1.98:36959|dataStream:|priority:1], old=null
2022-10-11 12:50:01,439 [grpc-default-executor-0] INFO  impl.VoteContext (VoteContext.java:log(48)) - 398056ab-e960-4ebd-a652-556788d1cc35@group-6843776D4DCD-FOLLOWER: accept ELECTION from d15f22e6-7d13-4df8-997b-1dbc14b1c401: our priority 0 <= candidate's priority 0
2022-10-11 12:50:01,439 [grpc-default-executor-0] INFO  server.RaftServer$Division (RaftServerImpl.java:setRole(299)) - 398056ab-e960-4ebd-a652-556788d1cc35@group-6843776D4DCD: changes role from  FOLLOWER to FOLLOWER at term 4 for candidate:d15f22e6-7d13-4df8-997b-1dbc14b1c401
2022-10-11 12:50:01,439 [grpc-default-executor-0] INFO  impl.RoleInfo (RoleInfo.java:shutdownFollowerState(110)) - 398056ab-e960-4ebd-a652-556788d1cc35: shutdown 398056ab-e960-4ebd-a652-556788d1cc35@group-6843776D4DCD-FollowerState
2022-10-11 12:50:01,439 [grpc-default-executor-0] INFO  impl.RoleInfo (RoleInfo.java:updateAndGet(139)) - 398056ab-e960-4ebd-a652-556788d1cc35: start 398056ab-e960-4ebd-a652-556788d1cc35@group-6843776D4DCD-FollowerState
2022-10-11 12:50:01,439 [398056ab-e960-4ebd-a652-556788d1cc35@group-6843776D4DCD-FollowerState] INFO  impl.FollowerState (FollowerState.java:run(152)) - 398056ab-e960-4ebd-a652-556788d1cc35@group-6843776D4DCD-FollowerState was interrupted
2022-10-11 12:50:01,445 [d15f22e6-7d13-4df8-997b-1dbc14b1c401@group-6843776D4DCD-LeaderElection21] INFO  impl.LeaderElection (LeaderElection.java:logAndReturn(90)) - d15f22e6-7d13-4df8-997b-1dbc14b1c401@group-6843776D4DCD-LeaderElection21: ELECTION REJECTED received 1 response(s) and 0 exception(s):
2022-10-11 12:50:01,445 [d15f22e6-7d13-4df8-997b-1dbc14b1c401@group-6843776D4DCD-LeaderElection21] INFO  impl.LeaderElection (LeaderElection.java:logAndReturn(94)) -   Response 0: d15f22e6-7d13-4df8-997b-1dbc14b1c401<-a5f5a137-50fd-4e34-893e-bbf5e2017a41#0:FAIL-t4
2022-10-11 12:50:01,445 [d15f22e6-7d13-4df8-997b-1dbc14b1c401@group-6843776D4DCD-LeaderElection21] INFO  impl.LeaderElection (LeaderElection.java:askForVotes(312)) - d15f22e6-7d13-4df8-997b-1dbc14b1c401@group-6843776D4DCD-LeaderElection21 ELECTION round 0: result REJECTED
2022-10-11 12:50:01,446 [d15f22e6-7d13-4df8-997b-1dbc14b1c401@group-6843776D4DCD-LeaderElection21] INFO  server.RaftServer$Division (RaftServerImpl.java:setRole(299)) - d15f22e6-7d13-4df8-997b-1dbc14b1c401@group-6843776D4DCD: changes role from CANDIDATE to FOLLOWER at term 4 for REJECTED
2022-10-11 12:50:01,446 [d15f22e6-7d13-4df8-997b-1dbc14b1c401@group-6843776D4DCD-LeaderElection21] INFO  impl.RoleInfo (RoleInfo.java:shutdownLeaderElection(130)) - d15f22e6-7d13-4df8-997b-1dbc14b1c401: shutdown d15f22e6-7d13-4df8-997b-1dbc14b1c401@group-6843776D4DCD-LeaderElection21
2022-10-11 12:50:01,446 [d15f22e6-7d13-4df8-997b-1dbc14b1c401@group-6843776D4DCD-LeaderElection21] INFO  impl.RoleInfo (RoleInfo.java:updateAndGet(139)) - d15f22e6-7d13-4df8-997b-1dbc14b1c401: start d15f22e6-7d13-4df8-997b-1dbc14b1c401@group-6843776D4DCD-FollowerState
2022-10-11 12:50:01,446 [grpc-default-executor-0] INFO  server.RaftServer$Division (RaftServerImpl.java:requestVote(1184)) - 398056ab-e960-4ebd-a652-556788d1cc35@group-6843776D4DCD replies to ELECTION vote request: d15f22e6-7d13-4df8-997b-1dbc14b1c401<-398056ab-e960-4ebd-a652-556788d1cc35#0:OK-t4. Peer's state: 398056ab-e960-4ebd-a652-556788d1cc35@group-6843776D4DCD:t4, leader=null, voted=d15f22e6-7d13-4df8-997b-1dbc14b1c401, raftlog=398056ab-e960-4ebd-a652-556788d1cc35@group-6843776D4DCD-SegmentedRaftLog:OPENED:c-1, conf=-1: [398056ab-e960-4ebd-a652-556788d1cc35|rpc:10.1.1.98:37527|dataStream:|priority:0, d15f22e6-7d13-4df8-997b-1dbc14b1c401|rpc:10.1.1.98:39053|dataStream:|priority:0, a5f5a137-50fd-4e34-893e-bbf5e2017a41|rpc:10.1.1.98:36959|dataStream:|priority:1], old=null
2022-10-11 12:50:01,742 [Listener at 127.0.0.1/44985] INFO  ozone.MiniOzoneClusterImpl (MiniOzoneClusterImpl.java:lambda$waitForClusterToBeReady$0(216)) - Nodes are ready. Got 3 of 3 DN Heartbeats.
2022-10-11 12:50:01,742 [Listener at 127.0.0.1/44985] INFO  ozone.MiniOzoneClusterImpl (MiniOzoneClusterImpl.java:lambda$waitForClusterToBeReady$0(219)) - Waiting for cluster to exit safe mode
2022-10-11 12:50:01,742 [Listener at 127.0.0.1/44985] INFO  ozone.MiniOzoneClusterImpl (MiniOzoneClusterImpl.java:lambda$waitForClusterToBeReady$0(221)) - SCM became leader
2022-10-11 12:50:02,743 [Listener at 127.0.0.1/44985] INFO  ozone.MiniOzoneClusterImpl (MiniOzoneClusterImpl.java:lambda$waitForClusterToBeReady$0(216)) - Nodes are ready. Got 3 of 3 DN Heartbeats.
2022-10-11 12:50:02,743 [Listener at 127.0.0.1/44985] INFO  ozone.MiniOzoneClusterImpl (MiniOzoneClusterImpl.java:lambda$waitForClusterToBeReady$0(219)) - Waiting for cluster to exit safe mode
2022-10-11 12:50:02,743 [Listener at 127.0.0.1/44985] INFO  ozone.MiniOzoneClusterImpl (MiniOzoneClusterImpl.java:lambda$waitForClusterToBeReady$0(221)) - SCM became leader
2022-10-11 12:50:03,744 [Listener at 127.0.0.1/44985] INFO  ozone.MiniOzoneClusterImpl (MiniOzoneClusterImpl.java:lambda$waitForClusterToBeReady$0(216)) - Nodes are ready. Got 3 of 3 DN Heartbeats.
2022-10-11 12:50:03,744 [Listener at 127.0.0.1/44985] INFO  ozone.MiniOzoneClusterImpl (MiniOzoneClusterImpl.java:lambda$waitForClusterToBeReady$0(219)) - Waiting for cluster to exit safe mode
2022-10-11 12:50:03,744 [Listener at 127.0.0.1/44985] INFO  ozone.MiniOzoneClusterImpl (MiniOzoneClusterImpl.java:lambda$waitForClusterToBeReady$0(221)) - SCM became leader
2022-10-11 12:50:04,745 [Listener at 127.0.0.1/44985] INFO  ozone.MiniOzoneClusterImpl (MiniOzoneClusterImpl.java:lambda$waitForClusterToBeReady$0(216)) - Nodes are ready. Got 3 of 3 DN Heartbeats.
2022-10-11 12:50:04,745 [Listener at 127.0.0.1/44985] INFO  ozone.MiniOzoneClusterImpl (MiniOzoneClusterImpl.java:lambda$waitForClusterToBeReady$0(219)) - Waiting for cluster to exit safe mode
2022-10-11 12:50:04,745 [Listener at 127.0.0.1/44985] INFO  ozone.MiniOzoneClusterImpl (MiniOzoneClusterImpl.java:lambda$waitForClusterToBeReady$0(221)) - SCM became leader
2022-10-11 12:50:05,746 [Listener at 127.0.0.1/44985] INFO  ozone.MiniOzoneClusterImpl (MiniOzoneClusterImpl.java:lambda$waitForClusterToBeReady$0(216)) - Nodes are ready. Got 3 of 3 DN Heartbeats.
2022-10-11 12:50:05,746 [Listener at 127.0.0.1/44985] INFO  ozone.MiniOzoneClusterImpl (MiniOzoneClusterImpl.java:lambda$waitForClusterToBeReady$0(219)) - Waiting for cluster to exit safe mode
2022-10-11 12:50:05,746 [Listener at 127.0.0.1/44985] INFO  ozone.MiniOzoneClusterImpl (MiniOzoneClusterImpl.java:lambda$waitForClusterToBeReady$0(221)) - SCM became leader
2022-10-11 12:50:06,538 [d15f22e6-7d13-4df8-997b-1dbc14b1c401@group-6843776D4DCD-FollowerState] INFO  impl.FollowerState (FollowerState.java:run(143)) - d15f22e6-7d13-4df8-997b-1dbc14b1c401@group-6843776D4DCD-FollowerState: change to CANDIDATE, lastRpcElapsedTime:5091814106ns, electionTimeout:5082ms
2022-10-11 12:50:06,539 [d15f22e6-7d13-4df8-997b-1dbc14b1c401@group-6843776D4DCD-FollowerState] INFO  impl.RoleInfo (RoleInfo.java:shutdownFollowerState(110)) - d15f22e6-7d13-4df8-997b-1dbc14b1c401: shutdown d15f22e6-7d13-4df8-997b-1dbc14b1c401@group-6843776D4DCD-FollowerState
2022-10-11 12:50:06,539 [d15f22e6-7d13-4df8-997b-1dbc14b1c401@group-6843776D4DCD-FollowerState] INFO  server.RaftServer$Division (RaftServerImpl.java:setRole(299)) - d15f22e6-7d13-4df8-997b-1dbc14b1c401@group-6843776D4DCD: changes role from  FOLLOWER to CANDIDATE at term 4 for changeToCandidate
2022-10-11 12:50:06,539 [d15f22e6-7d13-4df8-997b-1dbc14b1c401@group-6843776D4DCD-FollowerState] INFO  server.RaftServerConfigKeys (ConfUtils.java:logGet(46)) - raft.server.leaderelection.pre-vote = false (custom)
2022-10-11 12:50:06,539 [d15f22e6-7d13-4df8-997b-1dbc14b1c401@group-6843776D4DCD-FollowerState] INFO  impl.RoleInfo (RoleInfo.java:updateAndGet(139)) - d15f22e6-7d13-4df8-997b-1dbc14b1c401: start d15f22e6-7d13-4df8-997b-1dbc14b1c401@group-6843776D4DCD-LeaderElection22
2022-10-11 12:50:06,544 [d15f22e6-7d13-4df8-997b-1dbc14b1c401@group-6843776D4DCD-LeaderElection22] INFO  impl.LeaderElection (LeaderElection.java:askForVotes(310)) - d15f22e6-7d13-4df8-997b-1dbc14b1c401@group-6843776D4DCD-LeaderElection22 ELECTION round 0: submit vote requests at term 5 for -1: [398056ab-e960-4ebd-a652-556788d1cc35|rpc:10.1.1.98:37527|priority:0, d15f22e6-7d13-4df8-997b-1dbc14b1c401|rpc:10.1.1.98:39053|priority:0, a5f5a137-50fd-4e34-893e-bbf5e2017a41|rpc:10.1.1.98:36959|priority:1], old=null
2022-10-11 12:50:06,547 [grpc-default-executor-0] INFO  server.RaftServer$Division (RaftServerImpl.java:requestVote(1152)) - a5f5a137-50fd-4e34-893e-bbf5e2017a41@group-6843776D4DCD: receive requestVote(ELECTION, d15f22e6-7d13-4df8-997b-1dbc14b1c401, group-6843776D4DCD, 5, (t:0, i:0))
2022-10-11 12:50:06,549 [grpc-default-executor-0] INFO  impl.VoteContext (VoteContext.java:log(48)) - a5f5a137-50fd-4e34-893e-bbf5e2017a41@group-6843776D4DCD-FOLLOWER: reject ELECTION from d15f22e6-7d13-4df8-997b-1dbc14b1c401: our priority 1 > candidate's priority 0
2022-10-11 12:50:06,549 [grpc-default-executor-0] INFO  server.RaftServer$Division (RaftServerImpl.java:setRole(299)) - a5f5a137-50fd-4e34-893e-bbf5e2017a41@group-6843776D4DCD: changes role from  FOLLOWER to FOLLOWER at term 5 for candidate:d15f22e6-7d13-4df8-997b-1dbc14b1c401
2022-10-11 12:50:06,549 [grpc-default-executor-0] INFO  impl.RoleInfo (RoleInfo.java:shutdownFollowerState(110)) - a5f5a137-50fd-4e34-893e-bbf5e2017a41: shutdown a5f5a137-50fd-4e34-893e-bbf5e2017a41@group-6843776D4DCD-FollowerState
2022-10-11 12:50:06,549 [grpc-default-executor-0] INFO  impl.RoleInfo (RoleInfo.java:updateAndGet(139)) - a5f5a137-50fd-4e34-893e-bbf5e2017a41: start a5f5a137-50fd-4e34-893e-bbf5e2017a41@group-6843776D4DCD-FollowerState
2022-10-11 12:50:06,550 [a5f5a137-50fd-4e34-893e-bbf5e2017a41@group-6843776D4DCD-FollowerState] INFO  impl.FollowerState (FollowerState.java:run(152)) - a5f5a137-50fd-4e34-893e-bbf5e2017a41@group-6843776D4DCD-FollowerState was interrupted
2022-10-11 12:50:06,556 [grpc-default-executor-0] INFO  server.RaftServer$Division (RaftServerImpl.java:requestVote(1184)) - a5f5a137-50fd-4e34-893e-bbf5e2017a41@group-6843776D4DCD replies to ELECTION vote request: d15f22e6-7d13-4df8-997b-1dbc14b1c401<-a5f5a137-50fd-4e34-893e-bbf5e2017a41#0:FAIL-t5. Peer's state: a5f5a137-50fd-4e34-893e-bbf5e2017a41@group-6843776D4DCD:t5, leader=null, voted=null, raftlog=a5f5a137-50fd-4e34-893e-bbf5e2017a41@group-6843776D4DCD-SegmentedRaftLog:OPENED:c-1, conf=-1: [398056ab-e960-4ebd-a652-556788d1cc35|rpc:10.1.1.98:37527|dataStream:|priority:0, d15f22e6-7d13-4df8-997b-1dbc14b1c401|rpc:10.1.1.98:39053|dataStream:|priority:0, a5f5a137-50fd-4e34-893e-bbf5e2017a41|rpc:10.1.1.98:36959|dataStream:|priority:1], old=null
2022-10-11 12:50:06,557 [d15f22e6-7d13-4df8-997b-1dbc14b1c401@group-6843776D4DCD-LeaderElection22] INFO  impl.LeaderElection (LeaderElection.java:logAndReturn(90)) - d15f22e6-7d13-4df8-997b-1dbc14b1c401@group-6843776D4DCD-LeaderElection22: ELECTION REJECTED received 1 response(s) and 0 exception(s):
2022-10-11 12:50:06,557 [d15f22e6-7d13-4df8-997b-1dbc14b1c401@group-6843776D4DCD-LeaderElection22] INFO  impl.LeaderElection (LeaderElection.java:logAndReturn(94)) -   Response 0: d15f22e6-7d13-4df8-997b-1dbc14b1c401<-a5f5a137-50fd-4e34-893e-bbf5e2017a41#0:FAIL-t5
2022-10-11 12:50:06,558 [d15f22e6-7d13-4df8-997b-1dbc14b1c401@group-6843776D4DCD-LeaderElection22] INFO  impl.LeaderElection (LeaderElection.java:askForVotes(312)) - d15f22e6-7d13-4df8-997b-1dbc14b1c401@group-6843776D4DCD-LeaderElection22 ELECTION round 0: result REJECTED
2022-10-11 12:50:06,558 [d15f22e6-7d13-4df8-997b-1dbc14b1c401@group-6843776D4DCD-LeaderElection22] INFO  server.RaftServer$Division (RaftServerImpl.java:setRole(299)) - d15f22e6-7d13-4df8-997b-1dbc14b1c401@group-6843776D4DCD: changes role from CANDIDATE to FOLLOWER at term 5 for REJECTED
2022-10-11 12:50:06,558 [d15f22e6-7d13-4df8-997b-1dbc14b1c401@group-6843776D4DCD-LeaderElection22] INFO  impl.RoleInfo (RoleInfo.java:shutdownLeaderElection(130)) - d15f22e6-7d13-4df8-997b-1dbc14b1c401: shutdown d15f22e6-7d13-4df8-997b-1dbc14b1c401@group-6843776D4DCD-LeaderElection22
2022-10-11 12:50:06,558 [d15f22e6-7d13-4df8-997b-1dbc14b1c401@group-6843776D4DCD-LeaderElection22] INFO  impl.RoleInfo (RoleInfo.java:updateAndGet(139)) - d15f22e6-7d13-4df8-997b-1dbc14b1c401: start d15f22e6-7d13-4df8-997b-1dbc14b1c401@group-6843776D4DCD-FollowerState
2022-10-11 12:50:06,569 [grpc-default-executor-0] INFO  server.RaftServer$Division (RaftServerImpl.java:requestVote(1152)) - 398056ab-e960-4ebd-a652-556788d1cc35@group-6843776D4DCD: receive requestVote(ELECTION, d15f22e6-7d13-4df8-997b-1dbc14b1c401, group-6843776D4DCD, 5, (t:0, i:0))
2022-10-11 12:50:06,569 [grpc-default-executor-0] INFO  impl.VoteContext (VoteContext.java:log(48)) - 398056ab-e960-4ebd-a652-556788d1cc35@group-6843776D4DCD-FOLLOWER: accept ELECTION from d15f22e6-7d13-4df8-997b-1dbc14b1c401: our priority 0 <= candidate's priority 0
2022-10-11 12:50:06,569 [grpc-default-executor-0] INFO  server.RaftServer$Division (RaftServerImpl.java:setRole(299)) - 398056ab-e960-4ebd-a652-556788d1cc35@group-6843776D4DCD: changes role from  FOLLOWER to FOLLOWER at term 5 for candidate:d15f22e6-7d13-4df8-997b-1dbc14b1c401
2022-10-11 12:50:06,570 [grpc-default-executor-0] INFO  impl.RoleInfo (RoleInfo.java:shutdownFollowerState(110)) - 398056ab-e960-4ebd-a652-556788d1cc35: shutdown 398056ab-e960-4ebd-a652-556788d1cc35@group-6843776D4DCD-FollowerState
2022-10-11 12:50:06,570 [grpc-default-executor-0] INFO  impl.RoleInfo (RoleInfo.java:updateAndGet(139)) - 398056ab-e960-4ebd-a652-556788d1cc35: start 398056ab-e960-4ebd-a652-556788d1cc35@group-6843776D4DCD-FollowerState
2022-10-11 12:50:06,570 [398056ab-e960-4ebd-a652-556788d1cc35@group-6843776D4DCD-FollowerState] INFO  impl.FollowerState (FollowerState.java:run(152)) - 398056ab-e960-4ebd-a652-556788d1cc35@group-6843776D4DCD-FollowerState was interrupted
2022-10-11 12:50:06,572 [grpc-default-executor-0] INFO  server.RaftServer$Division (RaftServerImpl.java:requestVote(1184)) - 398056ab-e960-4ebd-a652-556788d1cc35@group-6843776D4DCD replies to ELECTION vote request: d15f22e6-7d13-4df8-997b-1dbc14b1c401<-398056ab-e960-4ebd-a652-556788d1cc35#0:OK-t5. Peer's state: 398056ab-e960-4ebd-a652-556788d1cc35@group-6843776D4DCD:t5, leader=null, voted=d15f22e6-7d13-4df8-997b-1dbc14b1c401, raftlog=398056ab-e960-4ebd-a652-556788d1cc35@group-6843776D4DCD-SegmentedRaftLog:OPENED:c-1, conf=-1: [398056ab-e960-4ebd-a652-556788d1cc35|rpc:10.1.1.98:37527|dataStream:|priority:0, d15f22e6-7d13-4df8-997b-1dbc14b1c401|rpc:10.1.1.98:39053|dataStream:|priority:0, a5f5a137-50fd-4e34-893e-bbf5e2017a41|rpc:10.1.1.98:36959|dataStream:|priority:1], old=null
2022-10-11 12:50:06,747 [Listener at 127.0.0.1/44985] INFO  ozone.MiniOzoneClusterImpl (MiniOzoneClusterImpl.java:lambda$waitForClusterToBeReady$0(216)) - Nodes are ready. Got 3 of 3 DN Heartbeats.
2022-10-11 12:50:06,747 [Listener at 127.0.0.1/44985] INFO  ozone.MiniOzoneClusterImpl (MiniOzoneClusterImpl.java:lambda$waitForClusterToBeReady$0(219)) - Waiting for cluster to exit safe mode
2022-10-11 12:50:06,747 [Listener at 127.0.0.1/44985] INFO  ozone.MiniOzoneClusterImpl (MiniOzoneClusterImpl.java:lambda$waitForClusterToBeReady$0(221)) - SCM became leader
2022-10-11 12:50:07,748 [Listener at 127.0.0.1/44985] INFO  ozone.MiniOzoneClusterImpl (MiniOzoneClusterImpl.java:lambda$waitForClusterToBeReady$0(216)) - Nodes are ready. Got 3 of 3 DN Heartbeats.
2022-10-11 12:50:07,748 [Listener at 127.0.0.1/44985] INFO  ozone.MiniOzoneClusterImpl (MiniOzoneClusterImpl.java:lambda$waitForClusterToBeReady$0(219)) - Waiting for cluster to exit safe mode
2022-10-11 12:50:07,748 [Listener at 127.0.0.1/44985] INFO  ozone.MiniOzoneClusterImpl (MiniOzoneClusterImpl.java:lambda$waitForClusterToBeReady$0(221)) - SCM became leader
2022-10-11 12:50:08,749 [Listener at 127.0.0.1/44985] INFO  ozone.MiniOzoneClusterImpl (MiniOzoneClusterImpl.java:lambda$waitForClusterToBeReady$0(216)) - Nodes are ready. Got 3 of 3 DN Heartbeats.
2022-10-11 12:50:08,749 [Listener at 127.0.0.1/44985] INFO  ozone.MiniOzoneClusterImpl (MiniOzoneClusterImpl.java:lambda$waitForClusterToBeReady$0(219)) - Waiting for cluster to exit safe mode
2022-10-11 12:50:08,749 [Listener at 127.0.0.1/44985] INFO  ozone.MiniOzoneClusterImpl (MiniOzoneClusterImpl.java:lambda$waitForClusterToBeReady$0(221)) - SCM became leader
2022-10-11 12:50:09,750 [Listener at 127.0.0.1/44985] INFO  ozone.MiniOzoneClusterImpl (MiniOzoneClusterImpl.java:lambda$waitForClusterToBeReady$0(216)) - Nodes are ready. Got 3 of 3 DN Heartbeats.
2022-10-11 12:50:09,750 [Listener at 127.0.0.1/44985] INFO  ozone.MiniOzoneClusterImpl (MiniOzoneClusterImpl.java:lambda$waitForClusterToBeReady$0(219)) - Waiting for cluster to exit safe mode
2022-10-11 12:50:09,750 [Listener at 127.0.0.1/44985] INFO  ozone.MiniOzoneClusterImpl (MiniOzoneClusterImpl.java:lambda$waitForClusterToBeReady$0(221)) - SCM became leader
2022-10-11 12:50:10,751 [Listener at 127.0.0.1/44985] INFO  ozone.MiniOzoneClusterImpl (MiniOzoneClusterImpl.java:lambda$waitForClusterToBeReady$0(216)) - Nodes are ready. Got 3 of 3 DN Heartbeats.
2022-10-11 12:50:10,751 [Listener at 127.0.0.1/44985] INFO  ozone.MiniOzoneClusterImpl (MiniOzoneClusterImpl.java:lambda$waitForClusterToBeReady$0(219)) - Waiting for cluster to exit safe mode
2022-10-11 12:50:10,752 [Listener at 127.0.0.1/44985] INFO  ozone.MiniOzoneClusterImpl (MiniOzoneClusterImpl.java:lambda$waitForClusterToBeReady$0(221)) - SCM became leader
2022-10-11 12:50:11,660 [d15f22e6-7d13-4df8-997b-1dbc14b1c401@group-6843776D4DCD-FollowerState] INFO  impl.FollowerState (FollowerState.java:run(143)) - d15f22e6-7d13-4df8-997b-1dbc14b1c401@group-6843776D4DCD-FollowerState: change to CANDIDATE, lastRpcElapsedTime:5102019390ns, electionTimeout:5091ms
2022-10-11 12:50:11,661 [d15f22e6-7d13-4df8-997b-1dbc14b1c401@group-6843776D4DCD-FollowerState] INFO  impl.RoleInfo (RoleInfo.java:shutdownFollowerState(110)) - d15f22e6-7d13-4df8-997b-1dbc14b1c401: shutdown d15f22e6-7d13-4df8-997b-1dbc14b1c401@group-6843776D4DCD-FollowerState
2022-10-11 12:50:11,661 [d15f22e6-7d13-4df8-997b-1dbc14b1c401@group-6843776D4DCD-FollowerState] INFO  server.RaftServer$Division (RaftServerImpl.java:setRole(299)) - d15f22e6-7d13-4df8-997b-1dbc14b1c401@group-6843776D4DCD: changes role from  FOLLOWER to CANDIDATE at term 5 for changeToCandidate
2022-10-11 12:50:11,661 [d15f22e6-7d13-4df8-997b-1dbc14b1c401@group-6843776D4DCD-FollowerState] INFO  server.RaftServerConfigKeys (ConfUtils.java:logGet(46)) - raft.server.leaderelection.pre-vote = false (custom)
2022-10-11 12:50:11,661 [d15f22e6-7d13-4df8-997b-1dbc14b1c401@group-6843776D4DCD-FollowerState] INFO  impl.RoleInfo (RoleInfo.java:updateAndGet(139)) - d15f22e6-7d13-4df8-997b-1dbc14b1c401: start d15f22e6-7d13-4df8-997b-1dbc14b1c401@group-6843776D4DCD-LeaderElection23
2022-10-11 12:50:11,666 [d15f22e6-7d13-4df8-997b-1dbc14b1c401@group-6843776D4DCD-LeaderElection23] INFO  impl.LeaderElection (LeaderElection.java:askForVotes(310)) - d15f22e6-7d13-4df8-997b-1dbc14b1c401@group-6843776D4DCD-LeaderElection23 ELECTION round 0: submit vote requests at term 6 for -1: [398056ab-e960-4ebd-a652-556788d1cc35|rpc:10.1.1.98:37527|priority:0, d15f22e6-7d13-4df8-997b-1dbc14b1c401|rpc:10.1.1.98:39053|priority:0, a5f5a137-50fd-4e34-893e-bbf5e2017a41|rpc:10.1.1.98:36959|priority:1], old=null
2022-10-11 12:50:11,667 [a5f5a137-50fd-4e34-893e-bbf5e2017a41@group-6843776D4DCD-FollowerState] INFO  impl.FollowerState (FollowerState.java:run(143)) - a5f5a137-50fd-4e34-893e-bbf5e2017a41@group-6843776D4DCD-FollowerState: change to CANDIDATE, lastRpcElapsedTime:5118037542ns, electionTimeout:5111ms
2022-10-11 12:50:11,668 [a5f5a137-50fd-4e34-893e-bbf5e2017a41@group-6843776D4DCD-FollowerState] INFO  impl.RoleInfo (RoleInfo.java:shutdownFollowerState(110)) - a5f5a137-50fd-4e34-893e-bbf5e2017a41: shutdown a5f5a137-50fd-4e34-893e-bbf5e2017a41@group-6843776D4DCD-FollowerState
2022-10-11 12:50:11,668 [a5f5a137-50fd-4e34-893e-bbf5e2017a41@group-6843776D4DCD-FollowerState] INFO  server.RaftServer$Division (RaftServerImpl.java:setRole(299)) - a5f5a137-50fd-4e34-893e-bbf5e2017a41@group-6843776D4DCD: changes role from  FOLLOWER to CANDIDATE at term 5 for changeToCandidate
2022-10-11 12:50:11,668 [a5f5a137-50fd-4e34-893e-bbf5e2017a41@group-6843776D4DCD-FollowerState] INFO  server.RaftServerConfigKeys (ConfUtils.java:logGet(46)) - raft.server.leaderelection.pre-vote = false (custom)
2022-10-11 12:50:11,668 [a5f5a137-50fd-4e34-893e-bbf5e2017a41@group-6843776D4DCD-FollowerState] INFO  impl.RoleInfo (RoleInfo.java:updateAndGet(139)) - a5f5a137-50fd-4e34-893e-bbf5e2017a41: start a5f5a137-50fd-4e34-893e-bbf5e2017a41@group-6843776D4DCD-LeaderElection24
2022-10-11 12:50:11,675 [grpc-default-executor-0] INFO  server.RaftServer$Division (RaftServerImpl.java:requestVote(1152)) - a5f5a137-50fd-4e34-893e-bbf5e2017a41@group-6843776D4DCD: receive requestVote(ELECTION, d15f22e6-7d13-4df8-997b-1dbc14b1c401, group-6843776D4DCD, 6, (t:0, i:0))
2022-10-11 12:50:11,675 [grpc-default-executor-0] INFO  impl.VoteContext (VoteContext.java:log(48)) - a5f5a137-50fd-4e34-893e-bbf5e2017a41@group-6843776D4DCD-CANDIDATE: reject ELECTION from d15f22e6-7d13-4df8-997b-1dbc14b1c401: our priority 1 > candidate's priority 0
2022-10-11 12:50:11,676 [grpc-default-executor-0] INFO  server.RaftServer$Division (RaftServerImpl.java:setRole(299)) - a5f5a137-50fd-4e34-893e-bbf5e2017a41@group-6843776D4DCD: changes role from CANDIDATE to FOLLOWER at term 6 for candidate:d15f22e6-7d13-4df8-997b-1dbc14b1c401
2022-10-11 12:50:11,676 [grpc-default-executor-0] INFO  impl.RoleInfo (RoleInfo.java:shutdownLeaderElection(130)) - a5f5a137-50fd-4e34-893e-bbf5e2017a41: shutdown a5f5a137-50fd-4e34-893e-bbf5e2017a41@group-6843776D4DCD-LeaderElection24
2022-10-11 12:50:11,676 [grpc-default-executor-0] INFO  impl.RoleInfo (RoleInfo.java:updateAndGet(139)) - a5f5a137-50fd-4e34-893e-bbf5e2017a41: start a5f5a137-50fd-4e34-893e-bbf5e2017a41@group-6843776D4DCD-FollowerState
2022-10-11 12:50:11,676 [grpc-default-executor-2] INFO  server.RaftServer$Division (RaftServerImpl.java:requestVote(1152)) - 398056ab-e960-4ebd-a652-556788d1cc35@group-6843776D4DCD: receive requestVote(ELECTION, d15f22e6-7d13-4df8-997b-1dbc14b1c401, group-6843776D4DCD, 6, (t:0, i:0))
2022-10-11 12:50:11,676 [grpc-default-executor-2] INFO  impl.VoteContext (VoteContext.java:log(48)) - 398056ab-e960-4ebd-a652-556788d1cc35@group-6843776D4DCD-FOLLOWER: accept ELECTION from d15f22e6-7d13-4df8-997b-1dbc14b1c401: our priority 0 <= candidate's priority 0
2022-10-11 12:50:11,676 [grpc-default-executor-2] INFO  server.RaftServer$Division (RaftServerImpl.java:setRole(299)) - 398056ab-e960-4ebd-a652-556788d1cc35@group-6843776D4DCD: changes role from  FOLLOWER to FOLLOWER at term 6 for candidate:d15f22e6-7d13-4df8-997b-1dbc14b1c401
2022-10-11 12:50:11,676 [grpc-default-executor-2] INFO  impl.RoleInfo (RoleInfo.java:shutdownFollowerState(110)) - 398056ab-e960-4ebd-a652-556788d1cc35: shutdown 398056ab-e960-4ebd-a652-556788d1cc35@group-6843776D4DCD-FollowerState
2022-10-11 12:50:11,676 [grpc-default-executor-2] INFO  impl.RoleInfo (RoleInfo.java:updateAndGet(139)) - 398056ab-e960-4ebd-a652-556788d1cc35: start 398056ab-e960-4ebd-a652-556788d1cc35@group-6843776D4DCD-FollowerState
2022-10-11 12:50:11,676 [398056ab-e960-4ebd-a652-556788d1cc35@group-6843776D4DCD-FollowerState] INFO  impl.FollowerState (FollowerState.java:run(152)) - 398056ab-e960-4ebd-a652-556788d1cc35@group-6843776D4DCD-FollowerState was interrupted
2022-10-11 12:50:11,677 [a5f5a137-50fd-4e34-893e-bbf5e2017a41@group-6843776D4DCD-LeaderElection24] INFO  impl.LeaderElection (LeaderElection.java:run(231)) - a5f5a137-50fd-4e34-893e-bbf5e2017a41@group-6843776D4DCD-LeaderElection24: skip running since this is already CLOSING
2022-10-11 12:50:11,680 [grpc-default-executor-0] INFO  server.RaftServer$Division (RaftServerImpl.java:requestVote(1184)) - a5f5a137-50fd-4e34-893e-bbf5e2017a41@group-6843776D4DCD replies to ELECTION vote request: d15f22e6-7d13-4df8-997b-1dbc14b1c401<-a5f5a137-50fd-4e34-893e-bbf5e2017a41#0:FAIL-t6. Peer's state: a5f5a137-50fd-4e34-893e-bbf5e2017a41@group-6843776D4DCD:t6, leader=null, voted=null, raftlog=a5f5a137-50fd-4e34-893e-bbf5e2017a41@group-6843776D4DCD-SegmentedRaftLog:OPENED:c-1, conf=-1: [398056ab-e960-4ebd-a652-556788d1cc35|rpc:10.1.1.98:37527|dataStream:|priority:0, d15f22e6-7d13-4df8-997b-1dbc14b1c401|rpc:10.1.1.98:39053|dataStream:|priority:0, a5f5a137-50fd-4e34-893e-bbf5e2017a41|rpc:10.1.1.98:36959|dataStream:|priority:1], old=null
2022-10-11 12:50:11,681 [d15f22e6-7d13-4df8-997b-1dbc14b1c401@group-6843776D4DCD-LeaderElection23] INFO  impl.LeaderElection (LeaderElection.java:logAndReturn(90)) - d15f22e6-7d13-4df8-997b-1dbc14b1c401@group-6843776D4DCD-LeaderElection23: ELECTION REJECTED received 1 response(s) and 0 exception(s):
2022-10-11 12:50:11,681 [d15f22e6-7d13-4df8-997b-1dbc14b1c401@group-6843776D4DCD-LeaderElection23] INFO  impl.LeaderElection (LeaderElection.java:logAndReturn(94)) -   Response 0: d15f22e6-7d13-4df8-997b-1dbc14b1c401<-a5f5a137-50fd-4e34-893e-bbf5e2017a41#0:FAIL-t6
2022-10-11 12:50:11,681 [d15f22e6-7d13-4df8-997b-1dbc14b1c401@group-6843776D4DCD-LeaderElection23] INFO  impl.LeaderElection (LeaderElection.java:askForVotes(312)) - d15f22e6-7d13-4df8-997b-1dbc14b1c401@group-6843776D4DCD-LeaderElection23 ELECTION round 0: result REJECTED
2022-10-11 12:50:11,681 [d15f22e6-7d13-4df8-997b-1dbc14b1c401@group-6843776D4DCD-LeaderElection23] INFO  server.RaftServer$Division (RaftServerImpl.java:setRole(299)) - d15f22e6-7d13-4df8-997b-1dbc14b1c401@group-6843776D4DCD: changes role from CANDIDATE to FOLLOWER at term 6 for REJECTED
2022-10-11 12:50:11,681 [d15f22e6-7d13-4df8-997b-1dbc14b1c401@group-6843776D4DCD-LeaderElection23] INFO  impl.RoleInfo (RoleInfo.java:shutdownLeaderElection(130)) - d15f22e6-7d13-4df8-997b-1dbc14b1c401: shutdown d15f22e6-7d13-4df8-997b-1dbc14b1c401@group-6843776D4DCD-LeaderElection23
2022-10-11 12:50:11,681 [d15f22e6-7d13-4df8-997b-1dbc14b1c401@group-6843776D4DCD-LeaderElection23] INFO  impl.RoleInfo (RoleInfo.java:updateAndGet(139)) - d15f22e6-7d13-4df8-997b-1dbc14b1c401: start d15f22e6-7d13-4df8-997b-1dbc14b1c401@group-6843776D4DCD-FollowerState
2022-10-11 12:50:11,680 [grpc-default-executor-2] INFO  server.RaftServer$Division (RaftServerImpl.java:requestVote(1184)) - 398056ab-e960-4ebd-a652-556788d1cc35@group-6843776D4DCD replies to ELECTION vote request: d15f22e6-7d13-4df8-997b-1dbc14b1c401<-398056ab-e960-4ebd-a652-556788d1cc35#0:OK-t6. Peer's state: 398056ab-e960-4ebd-a652-556788d1cc35@group-6843776D4DCD:t6, leader=null, voted=d15f22e6-7d13-4df8-997b-1dbc14b1c401, raftlog=398056ab-e960-4ebd-a652-556788d1cc35@group-6843776D4DCD-SegmentedRaftLog:OPENED:c-1, conf=-1: [398056ab-e960-4ebd-a652-556788d1cc35|rpc:10.1.1.98:37527|dataStream:|priority:0, d15f22e6-7d13-4df8-997b-1dbc14b1c401|rpc:10.1.1.98:39053|dataStream:|priority:0, a5f5a137-50fd-4e34-893e-bbf5e2017a41|rpc:10.1.1.98:36959|dataStream:|priority:1], old=null
2022-10-11 12:50:11,752 [Listener at 127.0.0.1/44985] INFO  ozone.MiniOzoneClusterImpl (MiniOzoneClusterImpl.java:lambda$waitForClusterToBeReady$0(216)) - Nodes are ready. Got 3 of 3 DN Heartbeats.
2022-10-11 12:50:11,752 [Listener at 127.0.0.1/44985] INFO  ozone.MiniOzoneClusterImpl (MiniOzoneClusterImpl.java:lambda$waitForClusterToBeReady$0(219)) - Waiting for cluster to exit safe mode
2022-10-11 12:50:11,753 [Listener at 127.0.0.1/44985] INFO  ozone.MiniOzoneClusterImpl (MiniOzoneClusterImpl.java:lambda$waitForClusterToBeReady$0(221)) - SCM became leader
2022-10-11 12:50:12,753 [Listener at 127.0.0.1/44985] INFO  ozone.MiniOzoneClusterImpl (MiniOzoneClusterImpl.java:lambda$waitForClusterToBeReady$0(216)) - Nodes are ready. Got 3 of 3 DN Heartbeats.
2022-10-11 12:50:12,753 [Listener at 127.0.0.1/44985] INFO  ozone.MiniOzoneClusterImpl (MiniOzoneClusterImpl.java:lambda$waitForClusterToBeReady$0(219)) - Waiting for cluster to exit safe mode
2022-10-11 12:50:12,754 [Listener at 127.0.0.1/44985] INFO  ozone.MiniOzoneClusterImpl (MiniOzoneClusterImpl.java:lambda$waitForClusterToBeReady$0(221)) - SCM became leader
2022-10-11 12:50:13,754 [Listener at 127.0.0.1/44985] INFO  ozone.MiniOzoneClusterImpl (MiniOzoneClusterImpl.java:lambda$waitForClusterToBeReady$0(216)) - Nodes are ready. Got 3 of 3 DN Heartbeats.
2022-10-11 12:50:13,754 [Listener at 127.0.0.1/44985] INFO  ozone.MiniOzoneClusterImpl (MiniOzoneClusterImpl.java:lambda$waitForClusterToBeReady$0(219)) - Waiting for cluster to exit safe mode
2022-10-11 12:50:13,755 [Listener at 127.0.0.1/44985] INFO  ozone.MiniOzoneClusterImpl (MiniOzoneClusterImpl.java:lambda$waitForClusterToBeReady$0(221)) - SCM became leader
2022-10-11 12:50:14,755 [Listener at 127.0.0.1/44985] INFO  ozone.MiniOzoneClusterImpl (MiniOzoneClusterImpl.java:lambda$waitForClusterToBeReady$0(216)) - Nodes are ready. Got 3 of 3 DN Heartbeats.
2022-10-11 12:50:14,755 [Listener at 127.0.0.1/44985] INFO  ozone.MiniOzoneClusterImpl (MiniOzoneClusterImpl.java:lambda$waitForClusterToBeReady$0(219)) - Waiting for cluster to exit safe mode
2022-10-11 12:50:14,756 [Listener at 127.0.0.1/44985] INFO  ozone.MiniOzoneClusterImpl (MiniOzoneClusterImpl.java:lambda$waitForClusterToBeReady$0(221)) - SCM became leader
2022-10-11 12:50:15,756 [Listener at 127.0.0.1/44985] INFO  ozone.MiniOzoneClusterImpl (MiniOzoneClusterImpl.java:lambda$waitForClusterToBeReady$0(216)) - Nodes are ready. Got 3 of 3 DN Heartbeats.
2022-10-11 12:50:15,756 [Listener at 127.0.0.1/44985] INFO  ozone.MiniOzoneClusterImpl (MiniOzoneClusterImpl.java:lambda$waitForClusterToBeReady$0(219)) - Waiting for cluster to exit safe mode
2022-10-11 12:50:15,756 [Listener at 127.0.0.1/44985] INFO  ozone.MiniOzoneClusterImpl (MiniOzoneClusterImpl.java:lambda$waitForClusterToBeReady$0(221)) - SCM became leader
2022-10-11 12:50:16,713 [a5f5a137-50fd-4e34-893e-bbf5e2017a41@group-6843776D4DCD-FollowerState] INFO  impl.FollowerState (FollowerState.java:run(143)) - a5f5a137-50fd-4e34-893e-bbf5e2017a41@group-6843776D4DCD-FollowerState: change to CANDIDATE, lastRpcElapsedTime:5037452928ns, electionTimeout:5033ms
2022-10-11 12:50:16,714 [a5f5a137-50fd-4e34-893e-bbf5e2017a41@group-6843776D4DCD-FollowerState] INFO  impl.RoleInfo (RoleInfo.java:shutdownFollowerState(110)) - a5f5a137-50fd-4e34-893e-bbf5e2017a41: shutdown a5f5a137-50fd-4e34-893e-bbf5e2017a41@group-6843776D4DCD-FollowerState
2022-10-11 12:50:16,714 [a5f5a137-50fd-4e34-893e-bbf5e2017a41@group-6843776D4DCD-FollowerState] INFO  server.RaftServer$Division (RaftServerImpl.java:setRole(299)) - a5f5a137-50fd-4e34-893e-bbf5e2017a41@group-6843776D4DCD: changes role from  FOLLOWER to CANDIDATE at term 6 for changeToCandidate
2022-10-11 12:50:16,714 [a5f5a137-50fd-4e34-893e-bbf5e2017a41@group-6843776D4DCD-FollowerState] INFO  server.RaftServerConfigKeys (ConfUtils.java:logGet(46)) - raft.server.leaderelection.pre-vote = false (custom)
2022-10-11 12:50:16,714 [a5f5a137-50fd-4e34-893e-bbf5e2017a41@group-6843776D4DCD-FollowerState] INFO  impl.RoleInfo (RoleInfo.java:updateAndGet(139)) - a5f5a137-50fd-4e34-893e-bbf5e2017a41: start a5f5a137-50fd-4e34-893e-bbf5e2017a41@group-6843776D4DCD-LeaderElection25
2022-10-11 12:50:16,718 [a5f5a137-50fd-4e34-893e-bbf5e2017a41@group-6843776D4DCD-LeaderElection25] INFO  impl.LeaderElection (LeaderElection.java:askForVotes(310)) - a5f5a137-50fd-4e34-893e-bbf5e2017a41@group-6843776D4DCD-LeaderElection25 ELECTION round 0: submit vote requests at term 7 for -1: [398056ab-e960-4ebd-a652-556788d1cc35|rpc:10.1.1.98:37527|dataStream:|priority:0, d15f22e6-7d13-4df8-997b-1dbc14b1c401|rpc:10.1.1.98:39053|dataStream:|priority:0, a5f5a137-50fd-4e34-893e-bbf5e2017a41|rpc:10.1.1.98:36959|dataStream:|priority:1], old=null
2022-10-11 12:50:16,728 [grpc-default-executor-2] INFO  server.RaftServer$Division (RaftServerImpl.java:requestVote(1152)) - 398056ab-e960-4ebd-a652-556788d1cc35@group-6843776D4DCD: receive requestVote(ELECTION, a5f5a137-50fd-4e34-893e-bbf5e2017a41, group-6843776D4DCD, 7, (t:0, i:0))
2022-10-11 12:50:16,728 [grpc-default-executor-2] INFO  impl.VoteContext (VoteContext.java:log(48)) - 398056ab-e960-4ebd-a652-556788d1cc35@group-6843776D4DCD-FOLLOWER: accept ELECTION from a5f5a137-50fd-4e34-893e-bbf5e2017a41: our priority 0 <= candidate's priority 1
2022-10-11 12:50:16,728 [grpc-default-executor-2] INFO  server.RaftServer$Division (RaftServerImpl.java:setRole(299)) - 398056ab-e960-4ebd-a652-556788d1cc35@group-6843776D4DCD: changes role from  FOLLOWER to FOLLOWER at term 7 for candidate:a5f5a137-50fd-4e34-893e-bbf5e2017a41
2022-10-11 12:50:16,728 [grpc-default-executor-2] INFO  impl.RoleInfo (RoleInfo.java:shutdownFollowerState(110)) - 398056ab-e960-4ebd-a652-556788d1cc35: shutdown 398056ab-e960-4ebd-a652-556788d1cc35@group-6843776D4DCD-FollowerState
2022-10-11 12:50:16,728 [grpc-default-executor-2] INFO  impl.RoleInfo (RoleInfo.java:updateAndGet(139)) - 398056ab-e960-4ebd-a652-556788d1cc35: start 398056ab-e960-4ebd-a652-556788d1cc35@group-6843776D4DCD-FollowerState
2022-10-11 12:50:16,728 [398056ab-e960-4ebd-a652-556788d1cc35@group-6843776D4DCD-FollowerState] INFO  impl.FollowerState (FollowerState.java:run(152)) - 398056ab-e960-4ebd-a652-556788d1cc35@group-6843776D4DCD-FollowerState was interrupted
2022-10-11 12:50:16,730 [grpc-default-executor-2] INFO  server.RaftServer$Division (RaftServerImpl.java:requestVote(1184)) - 398056ab-e960-4ebd-a652-556788d1cc35@group-6843776D4DCD replies to ELECTION vote request: a5f5a137-50fd-4e34-893e-bbf5e2017a41<-398056ab-e960-4ebd-a652-556788d1cc35#0:OK-t7. Peer's state: 398056ab-e960-4ebd-a652-556788d1cc35@group-6843776D4DCD:t7, leader=null, voted=a5f5a137-50fd-4e34-893e-bbf5e2017a41, raftlog=398056ab-e960-4ebd-a652-556788d1cc35@group-6843776D4DCD-SegmentedRaftLog:OPENED:c-1, conf=-1: [398056ab-e960-4ebd-a652-556788d1cc35|rpc:10.1.1.98:37527|dataStream:|priority:0, d15f22e6-7d13-4df8-997b-1dbc14b1c401|rpc:10.1.1.98:39053|dataStream:|priority:0, a5f5a137-50fd-4e34-893e-bbf5e2017a41|rpc:10.1.1.98:36959|dataStream:|priority:1], old=null
2022-10-11 12:50:16,734 [a5f5a137-50fd-4e34-893e-bbf5e2017a41@group-6843776D4DCD-LeaderElection25] INFO  impl.LeaderElection (LeaderElection.java:logAndReturn(90)) - a5f5a137-50fd-4e34-893e-bbf5e2017a41@group-6843776D4DCD-LeaderElection25: ELECTION PASSED received 1 response(s) and 0 exception(s):
2022-10-11 12:50:16,734 [a5f5a137-50fd-4e34-893e-bbf5e2017a41@group-6843776D4DCD-LeaderElection25] INFO  impl.LeaderElection (LeaderElection.java:logAndReturn(94)) -   Response 0: a5f5a137-50fd-4e34-893e-bbf5e2017a41<-398056ab-e960-4ebd-a652-556788d1cc35#0:OK-t7
2022-10-11 12:50:16,734 [a5f5a137-50fd-4e34-893e-bbf5e2017a41@group-6843776D4DCD-LeaderElection25] INFO  impl.LeaderElection (LeaderElection.java:askForVotes(312)) - a5f5a137-50fd-4e34-893e-bbf5e2017a41@group-6843776D4DCD-LeaderElection25 ELECTION round 0: result PASSED
2022-10-11 12:50:16,734 [a5f5a137-50fd-4e34-893e-bbf5e2017a41@group-6843776D4DCD-LeaderElection25] INFO  impl.RoleInfo (RoleInfo.java:shutdownLeaderElection(130)) - a5f5a137-50fd-4e34-893e-bbf5e2017a41: shutdown a5f5a137-50fd-4e34-893e-bbf5e2017a41@group-6843776D4DCD-LeaderElection25
2022-10-11 12:50:16,734 [a5f5a137-50fd-4e34-893e-bbf5e2017a41@group-6843776D4DCD-LeaderElection25] INFO  server.RaftServer$Division (RaftServerImpl.java:setRole(299)) - a5f5a137-50fd-4e34-893e-bbf5e2017a41@group-6843776D4DCD: changes role from CANDIDATE to LEADER at term 7 for changeToLeader
2022-10-11 12:50:16,734 [a5f5a137-50fd-4e34-893e-bbf5e2017a41@group-6843776D4DCD-LeaderElection25] INFO  ratis.XceiverServerRatis (XceiverServerRatis.java:handleLeaderChangedNotification(863)) - Leader change notification received for group: group-6843776D4DCD with new leaderId: a5f5a137-50fd-4e34-893e-bbf5e2017a41
2022-10-11 12:50:16,734 [a5f5a137-50fd-4e34-893e-bbf5e2017a41@group-6843776D4DCD-LeaderElection25] INFO  server.RaftServer$Division (ServerState.java:setLeader(287)) - a5f5a137-50fd-4e34-893e-bbf5e2017a41@group-6843776D4DCD: change Leader from null to a5f5a137-50fd-4e34-893e-bbf5e2017a41 at term 7 for becomeLeader, leader elected after 35694ms
2022-10-11 12:50:16,734 [a5f5a137-50fd-4e34-893e-bbf5e2017a41@group-6843776D4DCD-LeaderElection25] INFO  server.RaftServerConfigKeys (ConfUtils.java:logGet(46)) - raft.server.staging.catchup.gap = 1000 (default)
2022-10-11 12:50:16,734 [a5f5a137-50fd-4e34-893e-bbf5e2017a41@group-6843776D4DCD-LeaderElection25] INFO  server.RaftServerConfigKeys (ConfUtils.java:logGet(46)) - raft.server.write.element-limit = 1024 (custom)
2022-10-11 12:50:16,734 [a5f5a137-50fd-4e34-893e-bbf5e2017a41@group-6843776D4DCD-LeaderElection25] INFO  server.RaftServerConfigKeys (ConfUtils.java:logGet(46)) - raft.server.write.byte-limit = 1024 M (=1073741824) (custom)
2022-10-11 12:50:16,735 [a5f5a137-50fd-4e34-893e-bbf5e2017a41@group-6843776D4DCD-LeaderElection25] INFO  server.RaftServerConfigKeys (ConfUtils.java:logGet(46)) - raft.server.watch.timeout = 180s (custom)
2022-10-11 12:50:16,735 [a5f5a137-50fd-4e34-893e-bbf5e2017a41@group-6843776D4DCD-LeaderElection25] INFO  server.RaftServerConfigKeys (ConfUtils.java:logGet(46)) - raft.server.watch.timeout.denomination = 1s (default)
2022-10-11 12:50:16,735 [a5f5a137-50fd-4e34-893e-bbf5e2017a41@group-6843776D4DCD-LeaderElection25] INFO  server.RaftServerConfigKeys (ConfUtils.java:logGet(46)) - raft.server.watch.element-limit = 65536 (default)
2022-10-11 12:50:16,735 [a5f5a137-50fd-4e34-893e-bbf5e2017a41@group-6843776D4DCD-LeaderElection25] INFO  server.RaftServerConfigKeys (ConfUtils.java:logGet(46)) - raft.server.write.element-limit = 1024 (custom)
2022-10-11 12:50:16,735 [a5f5a137-50fd-4e34-893e-bbf5e2017a41@group-6843776D4DCD-LeaderElection25] INFO  server.RaftServerConfigKeys (ConfUtils.java:logGet(46)) - raft.server.write.follower.gap.ratio.max = -1.0 (default)
2022-10-11 12:50:16,737 [a5f5a137-50fd-4e34-893e-bbf5e2017a41@group-6843776D4DCD-LeaderElection25] INFO  server.RaftServerConfigKeys (ConfUtils.java:logGet(46)) - raft.server.log.appender.snapshot.chunk.size.max = 16MB (=16777216) (default)
2022-10-11 12:50:16,737 [a5f5a137-50fd-4e34-893e-bbf5e2017a41@group-6843776D4DCD-LeaderElection25] INFO  server.RaftServerConfigKeys (ConfUtils.java:logGet(46)) - raft.server.log.appender.buffer.byte-limit = 33554432 (custom)
2022-10-11 12:50:16,737 [a5f5a137-50fd-4e34-893e-bbf5e2017a41@group-6843776D4DCD-LeaderElection25] INFO  server.RaftServerConfigKeys (ConfUtils.java:logGet(46)) - raft.server.log.appender.buffer.element-limit = 1 (custom)
2022-10-11 12:50:16,737 [a5f5a137-50fd-4e34-893e-bbf5e2017a41@group-6843776D4DCD-LeaderElection25] INFO  grpc.GrpcConfigKeys (ConfUtils.java:logGet(46)) - raft.grpc.server.leader.outstanding.appends.max = 128 (default)
2022-10-11 12:50:16,737 [a5f5a137-50fd-4e34-893e-bbf5e2017a41@group-6843776D4DCD-LeaderElection25] INFO  server.RaftServerConfigKeys (ConfUtils.java:logGet(46)) - raft.server.rpc.request.timeout = 60s (custom)
2022-10-11 12:50:16,737 [a5f5a137-50fd-4e34-893e-bbf5e2017a41@group-6843776D4DCD-LeaderElection25] INFO  server.RaftServerConfigKeys (ConfUtils.java:logGet(46)) - raft.server.log.appender.install.snapshot.enabled = false (custom)
2022-10-11 12:50:16,739 [a5f5a137-50fd-4e34-893e-bbf5e2017a41@group-6843776D4DCD-LeaderElection25] INFO  server.RaftServerConfigKeys (ConfUtils.java:logGet(46)) - raft.server.log.appender.snapshot.chunk.size.max = 16MB (=16777216) (default)
2022-10-11 12:50:16,739 [a5f5a137-50fd-4e34-893e-bbf5e2017a41@group-6843776D4DCD-LeaderElection25] INFO  server.RaftServerConfigKeys (ConfUtils.java:logGet(46)) - raft.server.log.appender.buffer.byte-limit = 33554432 (custom)
2022-10-11 12:50:16,739 [a5f5a137-50fd-4e34-893e-bbf5e2017a41@group-6843776D4DCD-LeaderElection25] INFO  server.RaftServerConfigKeys (ConfUtils.java:logGet(46)) - raft.server.log.appender.buffer.element-limit = 1 (custom)
2022-10-11 12:50:16,739 [a5f5a137-50fd-4e34-893e-bbf5e2017a41@group-6843776D4DCD-LeaderElection25] INFO  grpc.GrpcConfigKeys (ConfUtils.java:logGet(46)) - raft.grpc.server.leader.outstanding.appends.max = 128 (default)
2022-10-11 12:50:16,739 [a5f5a137-50fd-4e34-893e-bbf5e2017a41@group-6843776D4DCD-LeaderElection25] INFO  server.RaftServerConfigKeys (ConfUtils.java:logGet(46)) - raft.server.rpc.request.timeout = 60s (custom)
2022-10-11 12:50:16,739 [a5f5a137-50fd-4e34-893e-bbf5e2017a41@group-6843776D4DCD-LeaderElection25] INFO  server.RaftServerConfigKeys (ConfUtils.java:logGet(46)) - raft.server.log.appender.install.snapshot.enabled = false (custom)
2022-10-11 12:50:16,743 [EventQueue-PipelineReportForPipelineReportHandler] INFO  pipeline.PipelineManagerImpl (PipelineManagerImpl.java:openPipeline(367)) - Pipeline Pipeline[ Id: 4f4812e9-8800-420a-9801-6843776d4dcd, Nodes: a5f5a137-50fd-4e34-893e-bbf5e2017a41{ip: 10.1.1.98, host: fv-az570-546.srgqcr2moziuvm0qev4lajleyh.dx.internal.cloudapp.net, ports: [REPLICATION=40519, RATIS=36959, RATIS_ADMIN=36959, RATIS_SERVER=36959, STANDALONE=43037], networkLocation: /default-rack, certSerialId: null, persistedOpState: IN_SERVICE, persistedOpStateExpiryEpochSec: 0}d15f22e6-7d13-4df8-997b-1dbc14b1c401{ip: 10.1.1.98, host: fv-az570-546.srgqcr2moziuvm0qev4lajleyh.dx.internal.cloudapp.net, ports: [REPLICATION=43129, RATIS=39053, RATIS_ADMIN=39053, RATIS_SERVER=39053, STANDALONE=36949], networkLocation: /default-rack, certSerialId: null, persistedOpState: IN_SERVICE, persistedOpStateExpiryEpochSec: 0}398056ab-e960-4ebd-a652-556788d1cc35{ip: 10.1.1.98, host: fv-az570-546.srgqcr2moziuvm0qev4lajleyh.dx.internal.cloudapp.net, ports: [REPLICATION=40459, RATIS=37527, RATIS_ADMIN=37527, RATIS_SERVER=37527, STANDALONE=38655], networkLocation: /default-rack, certSerialId: null, persistedOpState: IN_SERVICE, persistedOpStateExpiryEpochSec: 0}, ReplicationConfig: RATIS/THREE, State:ALLOCATED, leaderId:a5f5a137-50fd-4e34-893e-bbf5e2017a41, CreationTimestamp2022-10-11T12:49:38.723Z[Etc/UTC]] moved to OPEN state
2022-10-11 12:50:16,744 [a5f5a137-50fd-4e34-893e-bbf5e2017a41@group-6843776D4DCD-LeaderElection25] INFO  impl.RoleInfo (RoleInfo.java:updateAndGet(139)) - a5f5a137-50fd-4e34-893e-bbf5e2017a41: start a5f5a137-50fd-4e34-893e-bbf5e2017a41@group-6843776D4DCD-LeaderStateImpl
2022-10-11 12:50:16,748 [grpc-default-executor-2] INFO  server.RaftServer$Division (RaftServerImpl.java:requestVote(1152)) - d15f22e6-7d13-4df8-997b-1dbc14b1c401@group-6843776D4DCD: receive requestVote(ELECTION, a5f5a137-50fd-4e34-893e-bbf5e2017a41, group-6843776D4DCD, 7, (t:0, i:0))
2022-10-11 12:50:16,748 [grpc-default-executor-2] INFO  impl.VoteContext (VoteContext.java:log(48)) - d15f22e6-7d13-4df8-997b-1dbc14b1c401@group-6843776D4DCD-FOLLOWER: accept ELECTION from a5f5a137-50fd-4e34-893e-bbf5e2017a41: our priority 0 <= candidate's priority 1
2022-10-11 12:50:16,748 [grpc-default-executor-2] INFO  server.RaftServer$Division (RaftServerImpl.java:setRole(299)) - d15f22e6-7d13-4df8-997b-1dbc14b1c401@group-6843776D4DCD: changes role from  FOLLOWER to FOLLOWER at term 7 for candidate:a5f5a137-50fd-4e34-893e-bbf5e2017a41
2022-10-11 12:50:16,748 [grpc-default-executor-2] INFO  impl.RoleInfo (RoleInfo.java:shutdownFollowerState(110)) - d15f22e6-7d13-4df8-997b-1dbc14b1c401: shutdown d15f22e6-7d13-4df8-997b-1dbc14b1c401@group-6843776D4DCD-FollowerState
2022-10-11 12:50:16,749 [grpc-default-executor-2] INFO  impl.RoleInfo (RoleInfo.java:updateAndGet(139)) - d15f22e6-7d13-4df8-997b-1dbc14b1c401: start d15f22e6-7d13-4df8-997b-1dbc14b1c401@group-6843776D4DCD-FollowerState
2022-10-11 12:50:16,749 [d15f22e6-7d13-4df8-997b-1dbc14b1c401@group-6843776D4DCD-FollowerState] INFO  impl.FollowerState (FollowerState.java:run(152)) - d15f22e6-7d13-4df8-997b-1dbc14b1c401@group-6843776D4DCD-FollowerState was interrupted
2022-10-11 12:50:16,751 [grpc-default-executor-2] INFO  server.RaftServer$Division (RaftServerImpl.java:requestVote(1184)) - d15f22e6-7d13-4df8-997b-1dbc14b1c401@group-6843776D4DCD replies to ELECTION vote request: a5f5a137-50fd-4e34-893e-bbf5e2017a41<-d15f22e6-7d13-4df8-997b-1dbc14b1c401#0:OK-t7. Peer's state: d15f22e6-7d13-4df8-997b-1dbc14b1c401@group-6843776D4DCD:t7, leader=null, voted=a5f5a137-50fd-4e34-893e-bbf5e2017a41, raftlog=d15f22e6-7d13-4df8-997b-1dbc14b1c401@group-6843776D4DCD-SegmentedRaftLog:OPENED:c-1, conf=-1: [398056ab-e960-4ebd-a652-556788d1cc35|rpc:10.1.1.98:37527|priority:0, d15f22e6-7d13-4df8-997b-1dbc14b1c401|rpc:10.1.1.98:39053|priority:0, a5f5a137-50fd-4e34-893e-bbf5e2017a41|rpc:10.1.1.98:36959|priority:1], old=null
2022-10-11 12:50:16,757 [Listener at 127.0.0.1/44985] INFO  ozone.MiniOzoneClusterImpl (MiniOzoneClusterImpl.java:lambda$waitForClusterToBeReady$0(216)) - Nodes are ready. Got 3 of 3 DN Heartbeats.
2022-10-11 12:50:16,757 [Listener at 127.0.0.1/44985] INFO  ozone.MiniOzoneClusterImpl (MiniOzoneClusterImpl.java:lambda$waitForClusterToBeReady$0(219)) - Waiting for cluster to exit safe mode
2022-10-11 12:50:16,757 [Listener at 127.0.0.1/44985] INFO  ozone.MiniOzoneClusterImpl (MiniOzoneClusterImpl.java:lambda$waitForClusterToBeReady$0(221)) - SCM became leader
2022-10-11 12:50:16,769 [a5f5a137-50fd-4e34-893e-bbf5e2017a41@group-6843776D4DCD-LeaderElection25] INFO  segmented.SegmentedRaftLogWorker (SegmentedRaftLogWorker.java:startLogSegment(425)) - a5f5a137-50fd-4e34-893e-bbf5e2017a41@group-6843776D4DCD-SegmentedRaftLogWorker: Starting segment from index:0
2022-10-11 12:50:16,770 [EventQueue-OpenPipelineForHealthyPipelineSafeModeRule] INFO  safemode.SCMSafeModeManager (HealthyPipelineSafeModeRule.java:process(137)) - SCM in safe mode. Healthy pipelines reported count is 1, required healthy pipeline reported count is 1
2022-10-11 12:50:16,770 [EventQueue-OpenPipelineForHealthyPipelineSafeModeRule] INFO  safemode.SCMSafeModeManager (SCMSafeModeManager.java:validateSafeModeExitRules(204)) - HealthyPipelineSafeModeRule rule is successfully validated
2022-10-11 12:50:16,770 [EventQueue-OpenPipelineForHealthyPipelineSafeModeRule] INFO  safemode.SCMSafeModeManager (SCMSafeModeManager.java:validateSafeModeExitRules(219)) - ScmSafeModeManager, all rules are successfully validated
2022-10-11 12:50:16,770 [EventQueue-OpenPipelineForHealthyPipelineSafeModeRule] INFO  safemode.SCMSafeModeManager (SCMSafeModeManager.java:exitSafeMode(248)) - SCM exiting safe mode.
2022-10-11 12:50:16,771 [EventQueue-OpenPipelineForHealthyPipelineSafeModeRule] WARN  events.EventQueue (EventQueue.java:fireEvent(216)) - No event handler registered for event TypedEvent{payloadType=SafeModeStatus, name='Safe mode status'}
2022-10-11 12:50:16,771 [EventQueue-OpenPipelineForHealthyPipelineSafeModeRule] INFO  ha.SCMContext (SCMContext.java:updateSafeModeStatus(228)) - Update SafeModeStatus from SafeModeStatus{safeModeStatus=true, preCheckPassed=true} to SafeModeStatus{safeModeStatus=false, preCheckPassed=true}.
2022-10-11 12:50:16,771 [EventQueue-OpenPipelineForHealthyPipelineSafeModeRule] INFO  pipeline.BackgroundPipelineCreator (BackgroundPipelineCreator.java:notifyStatusChanged(254)) - Service BackgroundPipelineCreator transitions to RUNNING.
2022-10-11 12:50:16,771 [EventQueue-OpenPipelineForHealthyPipelineSafeModeRule] INFO  BackgroundPipelineScrubber (BackgroundSCMService.java:notifyStatusChanged(82)) - Service BackgroundPipelineScrubber transitions to RUNNING.
2022-10-11 12:50:16,771 [EventQueue-OpenPipelineForHealthyPipelineSafeModeRule] INFO  ExpiredContainerReplicaOpScrubber (BackgroundSCMService.java:notifyStatusChanged(82)) - Service ExpiredContainerReplicaOpScrubber transitions to RUNNING.
2022-10-11 12:50:16,771 [EventQueue-OpenPipelineForHealthyPipelineSafeModeRule] INFO  replication.ReplicationManager (ReplicationManager.java:notifyStatusChanged(728)) - Service ReplicationManager transitions to RUNNING.
2022-10-11 12:50:16,771 [EventQueue-OpenPipelineForHealthyPipelineSafeModeRule] WARN  balancer.ContainerBalancer (ContainerBalancer.java:shouldRun(936)) - Could not find persisted configuration for ContainerBalancer when checking if ContainerBalancer should run. ContainerBalancer should not run now.
2022-10-11 12:50:16,774 [a5f5a137-50fd-4e34-893e-bbf5e2017a41@group-6843776D4DCD-SegmentedRaftLogWorker] INFO  segmented.SegmentedRaftLogWorker (SegmentedRaftLogWorker.java:execute(629)) - a5f5a137-50fd-4e34-893e-bbf5e2017a41@group-6843776D4DCD-SegmentedRaftLogWorker: created new log segment /home/runner/work/ozone/ozone/hadoop-ozone/integration-test/target/test-dir/MiniOzoneClusterImpl-db539a0e-d368-4ad2-95d9-5fcc718fd6eb/datanode-2/data/ratis/4f4812e9-8800-420a-9801-6843776d4dcd/current/log_inprogress_0
2022-10-11 12:50:16,789 [a5f5a137-50fd-4e34-893e-bbf5e2017a41@group-6843776D4DCD-LeaderElection25] INFO  server.RaftServer$Division (ServerState.java:setRaftConf(393)) - a5f5a137-50fd-4e34-893e-bbf5e2017a41@group-6843776D4DCD: set configuration 0: [398056ab-e960-4ebd-a652-556788d1cc35|rpc:10.1.1.98:37527|dataStream:|priority:0, d15f22e6-7d13-4df8-997b-1dbc14b1c401|rpc:10.1.1.98:39053|dataStream:|priority:0, a5f5a137-50fd-4e34-893e-bbf5e2017a41|rpc:10.1.1.98:36959|dataStream:|priority:1], old=null
2022-10-11 12:50:16,794 [398056ab-e960-4ebd-a652-556788d1cc35-server-thread1] INFO  ratis.XceiverServerRatis (XceiverServerRatis.java:handleLeaderChangedNotification(863)) - Leader change notification received for group: group-6843776D4DCD with new leaderId: a5f5a137-50fd-4e34-893e-bbf5e2017a41
2022-10-11 12:50:16,795 [398056ab-e960-4ebd-a652-556788d1cc35-server-thread1] INFO  server.RaftServer$Division (ServerState.java:setLeader(287)) - 398056ab-e960-4ebd-a652-556788d1cc35@group-6843776D4DCD: change Leader from null to a5f5a137-50fd-4e34-893e-bbf5e2017a41 at term 7 for appendEntries, leader elected after 35711ms
2022-10-11 12:50:16,806 [398056ab-e960-4ebd-a652-556788d1cc35-server-thread1] INFO  server.RaftServer$Division (ServerState.java:setRaftConf(393)) - 398056ab-e960-4ebd-a652-556788d1cc35@group-6843776D4DCD: set configuration 0: [398056ab-e960-4ebd-a652-556788d1cc35|rpc:10.1.1.98:37527|dataStream:|priority:0, d15f22e6-7d13-4df8-997b-1dbc14b1c401|rpc:10.1.1.98:39053|dataStream:|priority:0, a5f5a137-50fd-4e34-893e-bbf5e2017a41|rpc:10.1.1.98:36959|dataStream:|priority:1], old=null
2022-10-11 12:50:16,806 [398056ab-e960-4ebd-a652-556788d1cc35-server-thread1] INFO  segmented.SegmentedRaftLogWorker (SegmentedRaftLogWorker.java:startLogSegment(425)) - 398056ab-e960-4ebd-a652-556788d1cc35@group-6843776D4DCD-SegmentedRaftLogWorker: Starting segment from index:0
2022-10-11 12:50:16,808 [398056ab-e960-4ebd-a652-556788d1cc35@group-6843776D4DCD-SegmentedRaftLogWorker] INFO  segmented.SegmentedRaftLogWorker (SegmentedRaftLogWorker.java:execute(629)) - 398056ab-e960-4ebd-a652-556788d1cc35@group-6843776D4DCD-SegmentedRaftLogWorker: created new log segment /home/runner/work/ozone/ozone/hadoop-ozone/integration-test/target/test-dir/MiniOzoneClusterImpl-db539a0e-d368-4ad2-95d9-5fcc718fd6eb/datanode-1/data/ratis/4f4812e9-8800-420a-9801-6843776d4dcd/current/log_inprogress_0
2022-10-11 12:50:16,809 [d15f22e6-7d13-4df8-997b-1dbc14b1c401-server-thread1] INFO  ratis.XceiverServerRatis (XceiverServerRatis.java:handleLeaderChangedNotification(863)) - Leader change notification received for group: group-6843776D4DCD with new leaderId: a5f5a137-50fd-4e34-893e-bbf5e2017a41
2022-10-11 12:50:16,809 [d15f22e6-7d13-4df8-997b-1dbc14b1c401-server-thread1] INFO  server.RaftServer$Division (ServerState.java:setLeader(287)) - d15f22e6-7d13-4df8-997b-1dbc14b1c401@group-6843776D4DCD: change Leader from null to a5f5a137-50fd-4e34-893e-bbf5e2017a41 at term 7 for appendEntries, leader elected after 35808ms
2022-10-11 12:50:16,817 [d15f22e6-7d13-4df8-997b-1dbc14b1c401-server-thread1] INFO  server.RaftServer$Division (ServerState.java:setRaftConf(393)) - d15f22e6-7d13-4df8-997b-1dbc14b1c401@group-6843776D4DCD: set configuration 0: [398056ab-e960-4ebd-a652-556788d1cc35|rpc:10.1.1.98:37527|dataStream:|priority:0, d15f22e6-7d13-4df8-997b-1dbc14b1c401|rpc:10.1.1.98:39053|dataStream:|priority:0, a5f5a137-50fd-4e34-893e-bbf5e2017a41|rpc:10.1.1.98:36959|dataStream:|priority:1], old=null
2022-10-11 12:50:16,818 [d15f22e6-7d13-4df8-997b-1dbc14b1c401-server-thread1] INFO  segmented.SegmentedRaftLogWorker (SegmentedRaftLogWorker.java:startLogSegment(425)) - d15f22e6-7d13-4df8-997b-1dbc14b1c401@group-6843776D4DCD-SegmentedRaftLogWorker: Starting segment from index:0
2022-10-11 12:50:16,820 [d15f22e6-7d13-4df8-997b-1dbc14b1c401@group-6843776D4DCD-SegmentedRaftLogWorker] INFO  segmented.SegmentedRaftLogWorker (SegmentedRaftLogWorker.java:execute(629)) - d15f22e6-7d13-4df8-997b-1dbc14b1c401@group-6843776D4DCD-SegmentedRaftLogWorker: created new log segment /home/runner/work/ozone/ozone/hadoop-ozone/integration-test/target/test-dir/MiniOzoneClusterImpl-db539a0e-d368-4ad2-95d9-5fcc718fd6eb/datanode-0/data/ratis/4f4812e9-8800-420a-9801-6843776d4dcd/current/log_inprogress_0
2022-10-11 12:50:16,826 [SCMBlockDeletingService#0] DEBUG block.SCMBlockDeletingService (SCMBlockDeletingService.java:call(131)) - Running DeletedBlockTransactionScanner
2022-10-11 12:50:16,926 [SCMBlockDeletingService#0] DEBUG block.SCMBlockDeletingService (SCMBlockDeletingService.java:call(131)) - Running DeletedBlockTransactionScanner
2022-10-11 12:50:17,027 [SCMBlockDeletingService#0] DEBUG block.SCMBlockDeletingService (SCMBlockDeletingService.java:call(131)) - Running DeletedBlockTransactionScanner
2022-10-11 12:50:17,127 [SCMBlockDeletingService#0] DEBUG block.SCMBlockDeletingService (SCMBlockDeletingService.java:call(131)) - Running DeletedBlockTransactionScanner
2022-10-11 12:50:17,227 [SCMBlockDeletingService#0] DEBUG block.SCMBlockDeletingService (SCMBlockDeletingService.java:call(131)) - Running DeletedBlockTransactionScanner
2022-10-11 12:50:17,327 [SCMBlockDeletingService#0] DEBUG block.SCMBlockDeletingService (SCMBlockDeletingService.java:call(131)) - Running DeletedBlockTransactionScanner
2022-10-11 12:50:17,427 [SCMBlockDeletingService#0] DEBUG block.SCMBlockDeletingService (SCMBlockDeletingService.java:call(131)) - Running DeletedBlockTransactionScanner
2022-10-11 12:50:17,527 [SCMBlockDeletingService#0] DEBUG block.SCMBlockDeletingService (SCMBlockDeletingService.java:call(131)) - Running DeletedBlockTransactionScanner
2022-10-11 12:50:17,627 [SCMBlockDeletingService#0] DEBUG block.SCMBlockDeletingService (SCMBlockDeletingService.java:call(131)) - Running DeletedBlockTransactionScanner
2022-10-11 12:50:17,727 [SCMBlockDeletingService#0] DEBUG block.SCMBlockDeletingService (SCMBlockDeletingService.java:call(131)) - Running DeletedBlockTransactionScanner
2022-10-11 12:50:17,758 [Listener at 127.0.0.1/44985] INFO  ozone.MiniOzoneClusterImpl (MiniOzoneClusterImpl.java:lambda$waitForClusterToBeReady$0(216)) - Nodes are ready. Got 3 of 3 DN Heartbeats.
2022-10-11 12:50:17,758 [Listener at 127.0.0.1/44985] INFO  ozone.MiniOzoneClusterImpl (MiniOzoneClusterImpl.java:lambda$waitForClusterToBeReady$0(219)) - Cluster exits safe mode
2022-10-11 12:50:17,758 [Listener at 127.0.0.1/44985] INFO  ozone.MiniOzoneClusterImpl (MiniOzoneClusterImpl.java:lambda$waitForClusterToBeReady$0(221)) - SCM became leader
2022-10-11 12:50:17,827 [SCMBlockDeletingService#0] DEBUG block.SCMBlockDeletingService (SCMBlockDeletingService.java:call(131)) - Running DeletedBlockTransactionScanner
2022-10-11 12:50:17,928 [SCMBlockDeletingService#0] DEBUG block.SCMBlockDeletingService (SCMBlockDeletingService.java:call(131)) - Running DeletedBlockTransactionScanner
2022-10-11 12:50:17,988 [Listener at 127.0.0.1/44985] INFO  rpc.RpcClient (RpcClient.java:createVolume(471)) - Creating Volume: 280b9aa2-dfe5-400a-ae65-8842c80ee455, with runner as owner and space quota set to -1 bytes, counts quota set to -1
2022-10-11 12:50:18,001 [OM StateMachine ApplyTransaction Thread - 0] INFO  volume.OMVolumeCreateRequest (OMVolumeCreateRequest.java:validateAndUpdateCache(195)) - created volume:280b9aa2-dfe5-400a-ae65-8842c80ee455 for user:runner
2022-10-11 12:50:18,010 [Listener at 127.0.0.1/44985] INFO  rpc.RpcClient (RpcClient.java:createBucket(674)) - Creating Bucket: 280b9aa2-dfe5-400a-ae65-8842c80ee455/0dd51443-1d43-4db0-9763-3e73195c22b2, with server-side default bucket layout, runner as owner, Versioning false, Storage Type set to DISK and Encryption set to false 
2022-10-11 12:50:18,013 [OM StateMachine ApplyTransaction Thread - 0] INFO  bucket.OMBucketCreateRequest (OMBucketCreateRequest.java:validateAndUpdateCache(260)) - created bucket: 0dd51443-1d43-4db0-9763-3e73195c22b2 of layout LEGACY in volume: 280b9aa2-dfe5-400a-ae65-8842c80ee455
2022-10-11 12:50:18,028 [SCMBlockDeletingService#0] DEBUG block.SCMBlockDeletingService (SCMBlockDeletingService.java:call(131)) - Running DeletedBlockTransactionScanner
2022-10-11 12:50:18,029 [IPC Server handler 8 on default port 34137] INFO  ha.SequenceIdGenerator (SequenceIdGenerator.java:getNextId(128)) - Allocate a batch for containerId, change lastId from 0 to 1000.
2022-10-11 12:50:18,029 [IPC Server handler 8 on default port 34137] WARN  ha.SequenceIdGenerator (SequenceIdGenerator.java:allocateBatch(237)) - Failed to allocate a batch for localId, expected lastId is 0, actual lastId is 109611004723200000.
2022-10-11 12:50:18,030 [IPC Server handler 8 on default port 34137] INFO  ha.SequenceIdGenerator (SequenceIdGenerator.java:getNextId(128)) - Allocate a batch for localId, change lastId from 109611004723200000 to 109611004723201000.
2022-10-11 12:50:18,128 [SCMBlockDeletingService#0] DEBUG block.SCMBlockDeletingService (SCMBlockDeletingService.java:call(131)) - Running DeletedBlockTransactionScanner
2022-10-11 12:50:18,228 [SCMBlockDeletingService#0] DEBUG block.SCMBlockDeletingService (SCMBlockDeletingService.java:call(131)) - Running DeletedBlockTransactionScanner
2022-10-11 12:50:18,357 [SCMBlockDeletingService#0] DEBUG block.SCMBlockDeletingService (SCMBlockDeletingService.java:call(131)) - Running DeletedBlockTransactionScanner
2022-10-11 12:50:18,460 [SCMBlockDeletingService#0] DEBUG block.SCMBlockDeletingService (SCMBlockDeletingService.java:call(131)) - Running DeletedBlockTransactionScanner
2022-10-11 12:50:18,560 [SCMBlockDeletingService#0] DEBUG block.SCMBlockDeletingService (SCMBlockDeletingService.java:call(131)) - Running DeletedBlockTransactionScanner
2022-10-11 12:50:18,660 [SCMBlockDeletingService#0] DEBUG block.SCMBlockDeletingService (SCMBlockDeletingService.java:call(131)) - Running DeletedBlockTransactionScanner
2022-10-11 12:50:18,761 [SCMBlockDeletingService#0] DEBUG block.SCMBlockDeletingService (SCMBlockDeletingService.java:call(131)) - Running DeletedBlockTransactionScanner
2022-10-11 12:50:18,861 [SCMBlockDeletingService#0] DEBUG block.SCMBlockDeletingService (SCMBlockDeletingService.java:call(131)) - Running DeletedBlockTransactionScanner
2022-10-11 12:50:18,961 [SCMBlockDeletingService#0] DEBUG block.SCMBlockDeletingService (SCMBlockDeletingService.java:call(131)) - Running DeletedBlockTransactionScanner
2022-10-11 12:50:19,061 [SCMBlockDeletingService#0] DEBUG block.SCMBlockDeletingService (SCMBlockDeletingService.java:call(131)) - Running DeletedBlockTransactionScanner
2022-10-11 12:50:19,161 [SCMBlockDeletingService#0] DEBUG block.SCMBlockDeletingService (SCMBlockDeletingService.java:call(131)) - Running DeletedBlockTransactionScanner
2022-10-11 12:50:19,262 [SCMBlockDeletingService#0] DEBUG block.SCMBlockDeletingService (SCMBlockDeletingService.java:call(131)) - Running DeletedBlockTransactionScanner
2022-10-11 12:50:19,362 [SCMBlockDeletingService#0] DEBUG block.SCMBlockDeletingService (SCMBlockDeletingService.java:call(131)) - Running DeletedBlockTransactionScanner
2022-10-11 12:50:19,462 [SCMBlockDeletingService#0] DEBUG block.SCMBlockDeletingService (SCMBlockDeletingService.java:call(131)) - Running DeletedBlockTransactionScanner
2022-10-11 12:50:19,562 [SCMBlockDeletingService#0] DEBUG block.SCMBlockDeletingService (SCMBlockDeletingService.java:call(131)) - Running DeletedBlockTransactionScanner
2022-10-11 12:50:19,662 [SCMBlockDeletingService#0] DEBUG block.SCMBlockDeletingService (SCMBlockDeletingService.java:call(131)) - Running DeletedBlockTransactionScanner
2022-10-11 12:50:19,763 [SCMBlockDeletingService#0] DEBUG block.SCMBlockDeletingService (SCMBlockDeletingService.java:call(131)) - Running DeletedBlockTransactionScanner
2022-10-11 12:50:19,863 [SCMBlockDeletingService#0] DEBUG block.SCMBlockDeletingService (SCMBlockDeletingService.java:call(131)) - Running DeletedBlockTransactionScanner
2022-10-11 12:50:19,964 [SCMBlockDeletingService#0] DEBUG block.SCMBlockDeletingService (SCMBlockDeletingService.java:call(131)) - Running DeletedBlockTransactionScanner
2022-10-11 12:50:19,964 [IPC Server handler 8 on default port 34137] INFO  ha.SequenceIdGenerator (SequenceIdGenerator.java:getNextId(128)) - Allocate a batch for delTxnId, change lastId from 0 to 1000.
2022-10-11 12:50:20,064 [SCMBlockDeletingService#0] DEBUG block.SCMBlockDeletingService (SCMBlockDeletingService.java:call(131)) - Running DeletedBlockTransactionScanner
2022-10-11 12:50:20,164 [SCMBlockDeletingService#0] DEBUG block.SCMBlockDeletingService (SCMBlockDeletingService.java:call(131)) - Running DeletedBlockTransactionScanner
2022-10-11 12:50:20,264 [SCMBlockDeletingService#0] DEBUG block.SCMBlockDeletingService (SCMBlockDeletingService.java:call(131)) - Running DeletedBlockTransactionScanner
2022-10-11 12:50:20,364 [SCMBlockDeletingService#0] DEBUG block.SCMBlockDeletingService (SCMBlockDeletingService.java:call(131)) - Running DeletedBlockTransactionScanner
2022-10-11 12:50:20,464 [SCMBlockDeletingService#0] DEBUG block.SCMBlockDeletingService (SCMBlockDeletingService.java:call(131)) - Running DeletedBlockTransactionScanner
2022-10-11 12:50:20,564 [SCMBlockDeletingService#0] DEBUG block.SCMBlockDeletingService (SCMBlockDeletingService.java:call(131)) - Running DeletedBlockTransactionScanner
2022-10-11 12:50:20,665 [SCMBlockDeletingService#0] DEBUG block.SCMBlockDeletingService (SCMBlockDeletingService.java:call(131)) - Running DeletedBlockTransactionScanner
2022-10-11 12:50:20,765 [SCMBlockDeletingService#0] DEBUG block.SCMBlockDeletingService (SCMBlockDeletingService.java:call(131)) - Running DeletedBlockTransactionScanner
2022-10-11 12:50:20,865 [SCMBlockDeletingService#0] DEBUG block.SCMBlockDeletingService (SCMBlockDeletingService.java:call(131)) - Running DeletedBlockTransactionScanner
2022-10-11 12:50:20,965 [SCMBlockDeletingService#0] DEBUG block.SCMBlockDeletingService (SCMBlockDeletingService.java:call(131)) - Running DeletedBlockTransactionScanner
2022-10-11 12:50:21,065 [SCMBlockDeletingService#0] DEBUG block.SCMBlockDeletingService (SCMBlockDeletingService.java:call(131)) - Running DeletedBlockTransactionScanner
2022-10-11 12:50:21,165 [SCMBlockDeletingService#0] DEBUG block.SCMBlockDeletingService (SCMBlockDeletingService.java:call(131)) - Running DeletedBlockTransactionScanner
2022-10-11 12:50:21,265 [SCMBlockDeletingService#0] DEBUG block.SCMBlockDeletingService (SCMBlockDeletingService.java:call(131)) - Running DeletedBlockTransactionScanner
2022-10-11 12:50:21,365 [SCMBlockDeletingService#0] DEBUG block.SCMBlockDeletingService (SCMBlockDeletingService.java:call(131)) - Running DeletedBlockTransactionScanner
2022-10-11 12:50:21,465 [SCMBlockDeletingService#0] DEBUG block.SCMBlockDeletingService (SCMBlockDeletingService.java:call(131)) - Running DeletedBlockTransactionScanner
2022-10-11 12:50:21,565 [SCMBlockDeletingService#0] DEBUG block.SCMBlockDeletingService (SCMBlockDeletingService.java:call(131)) - Running DeletedBlockTransactionScanner
2022-10-11 12:50:21,666 [SCMBlockDeletingService#0] DEBUG block.SCMBlockDeletingService (SCMBlockDeletingService.java:call(131)) - Running DeletedBlockTransactionScanner
2022-10-11 12:50:21,766 [SCMBlockDeletingService#0] DEBUG block.SCMBlockDeletingService (SCMBlockDeletingService.java:call(131)) - Running DeletedBlockTransactionScanner
2022-10-11 12:50:21,866 [SCMBlockDeletingService#0] DEBUG block.SCMBlockDeletingService (SCMBlockDeletingService.java:call(131)) - Running DeletedBlockTransactionScanner
2022-10-11 12:50:21,966 [SCMBlockDeletingService#0] DEBUG block.SCMBlockDeletingService (SCMBlockDeletingService.java:call(131)) - Running DeletedBlockTransactionScanner
2022-10-11 12:50:22,066 [SCMBlockDeletingService#0] DEBUG block.SCMBlockDeletingService (SCMBlockDeletingService.java:call(131)) - Running DeletedBlockTransactionScanner
2022-10-11 12:50:22,166 [SCMBlockDeletingService#0] DEBUG block.SCMBlockDeletingService (SCMBlockDeletingService.java:call(131)) - Running DeletedBlockTransactionScanner
2022-10-11 12:50:22,266 [SCMBlockDeletingService#0] DEBUG block.SCMBlockDeletingService (SCMBlockDeletingService.java:call(131)) - Running DeletedBlockTransactionScanner
2022-10-11 12:50:22,366 [SCMBlockDeletingService#0] DEBUG block.SCMBlockDeletingService (SCMBlockDeletingService.java:call(131)) - Running DeletedBlockTransactionScanner
2022-10-11 12:50:22,466 [SCMBlockDeletingService#0] DEBUG block.SCMBlockDeletingService (SCMBlockDeletingService.java:call(131)) - Running DeletedBlockTransactionScanner
2022-10-11 12:50:22,567 [SCMBlockDeletingService#0] DEBUG block.SCMBlockDeletingService (SCMBlockDeletingService.java:call(131)) - Running DeletedBlockTransactionScanner
2022-10-11 12:50:22,667 [SCMBlockDeletingService#0] DEBUG block.SCMBlockDeletingService (SCMBlockDeletingService.java:call(131)) - Running DeletedBlockTransactionScanner
2022-10-11 12:50:22,767 [SCMBlockDeletingService#0] DEBUG block.SCMBlockDeletingService (SCMBlockDeletingService.java:call(131)) - Running DeletedBlockTransactionScanner
2022-10-11 12:50:22,867 [SCMBlockDeletingService#0] DEBUG block.SCMBlockDeletingService (SCMBlockDeletingService.java:call(131)) - Running DeletedBlockTransactionScanner
2022-10-11 12:50:22,967 [SCMBlockDeletingService#0] DEBUG block.SCMBlockDeletingService (SCMBlockDeletingService.java:call(131)) - Running DeletedBlockTransactionScanner
2022-10-11 12:50:23,067 [SCMBlockDeletingService#0] DEBUG block.SCMBlockDeletingService (SCMBlockDeletingService.java:call(131)) - Running DeletedBlockTransactionScanner
2022-10-11 12:50:23,167 [SCMBlockDeletingService#0] DEBUG block.SCMBlockDeletingService (SCMBlockDeletingService.java:call(131)) - Running DeletedBlockTransactionScanner
2022-10-11 12:50:23,267 [SCMBlockDeletingService#0] DEBUG block.SCMBlockDeletingService (SCMBlockDeletingService.java:call(131)) - Running DeletedBlockTransactionScanner
2022-10-11 12:50:23,367 [SCMBlockDeletingService#0] DEBUG block.SCMBlockDeletingService (SCMBlockDeletingService.java:call(131)) - Running DeletedBlockTransactionScanner
2022-10-11 12:50:23,468 [SCMBlockDeletingService#0] DEBUG block.SCMBlockDeletingService (SCMBlockDeletingService.java:call(131)) - Running DeletedBlockTransactionScanner
2022-10-11 12:50:23,568 [SCMBlockDeletingService#0] DEBUG block.SCMBlockDeletingService (SCMBlockDeletingService.java:call(131)) - Running DeletedBlockTransactionScanner
2022-10-11 12:50:23,668 [SCMBlockDeletingService#0] DEBUG block.SCMBlockDeletingService (SCMBlockDeletingService.java:call(131)) - Running DeletedBlockTransactionScanner
2022-10-11 12:50:23,768 [SCMBlockDeletingService#0] DEBUG block.SCMBlockDeletingService (SCMBlockDeletingService.java:call(131)) - Running DeletedBlockTransactionScanner
2022-10-11 12:50:23,868 [SCMBlockDeletingService#0] DEBUG block.SCMBlockDeletingService (SCMBlockDeletingService.java:call(131)) - Running DeletedBlockTransactionScanner
2022-10-11 12:50:23,968 [SCMBlockDeletingService#0] DEBUG block.SCMBlockDeletingService (SCMBlockDeletingService.java:call(131)) - Running DeletedBlockTransactionScanner
2022-10-11 12:50:24,068 [SCMBlockDeletingService#0] DEBUG block.SCMBlockDeletingService (SCMBlockDeletingService.java:call(131)) - Running DeletedBlockTransactionScanner
2022-10-11 12:50:24,168 [SCMBlockDeletingService#0] DEBUG block.SCMBlockDeletingService (SCMBlockDeletingService.java:call(131)) - Running DeletedBlockTransactionScanner
2022-10-11 12:50:24,268 [SCMBlockDeletingService#0] DEBUG block.SCMBlockDeletingService (SCMBlockDeletingService.java:call(131)) - Running DeletedBlockTransactionScanner
2022-10-11 12:50:24,369 [SCMBlockDeletingService#0] DEBUG block.SCMBlockDeletingService (SCMBlockDeletingService.java:call(131)) - Running DeletedBlockTransactionScanner
2022-10-11 12:50:24,469 [SCMBlockDeletingService#0] DEBUG block.SCMBlockDeletingService (SCMBlockDeletingService.java:call(131)) - Running DeletedBlockTransactionScanner
2022-10-11 12:50:24,569 [SCMBlockDeletingService#0] DEBUG block.SCMBlockDeletingService (SCMBlockDeletingService.java:call(131)) - Running DeletedBlockTransactionScanner
2022-10-11 12:50:24,669 [SCMBlockDeletingService#0] DEBUG block.SCMBlockDeletingService (SCMBlockDeletingService.java:call(131)) - Running DeletedBlockTransactionScanner
2022-10-11 12:50:24,769 [SCMBlockDeletingService#0] DEBUG block.SCMBlockDeletingService (SCMBlockDeletingService.java:call(131)) - Running DeletedBlockTransactionScanner
2022-10-11 12:50:24,869 [SCMBlockDeletingService#0] DEBUG block.SCMBlockDeletingService (SCMBlockDeletingService.java:call(131)) - Running DeletedBlockTransactionScanner
2022-10-11 12:50:24,873 [EventQueue-CloseContainerForCloseContainerEventHandler] INFO  container.CloseContainerEventHandler (CloseContainerEventHandler.java:onMessage(71)) - Close container Event triggered for container : #1
2022-10-11 12:50:24,875 [EventQueue-CloseContainerForCloseContainerEventHandler] INFO  container.CloseContainerEventHandler (CloseContainerEventHandler.java:onMessage(71)) - Close container Event triggered for container : #2
2022-10-11 12:50:24,875 [EventQueue-CloseContainerForCloseContainerEventHandler] INFO  container.CloseContainerEventHandler (CloseContainerEventHandler.java:onMessage(71)) - Close container Event triggered for container : #3
2022-10-11 12:50:24,876 [EventQueue-CloseContainerForCloseContainerEventHandler] INFO  container.CloseContainerEventHandler (CloseContainerEventHandler.java:onMessage(71)) - Close container Event triggered for container : #4
2022-10-11 12:50:24,876 [EventQueue-CloseContainerForCloseContainerEventHandler] INFO  container.CloseContainerEventHandler (CloseContainerEventHandler.java:onMessage(71)) - Close container Event triggered for container : #5
2022-10-11 12:50:24,877 [EventQueue-CloseContainerForCloseContainerEventHandler] INFO  container.CloseContainerEventHandler (CloseContainerEventHandler.java:onMessage(71)) - Close container Event triggered for container : #6
2022-10-11 12:50:24,969 [SCMBlockDeletingService#0] DEBUG block.SCMBlockDeletingService (SCMBlockDeletingService.java:call(131)) - Running DeletedBlockTransactionScanner
2022-10-11 12:50:25,069 [SCMBlockDeletingService#0] DEBUG block.SCMBlockDeletingService (SCMBlockDeletingService.java:call(131)) - Running DeletedBlockTransactionScanner
2022-10-11 12:50:25,138 [ContainerOp-4f4812e9-8800-420a-9801-6843776d4dcd-3] INFO  keyvalue.KeyValueContainer (KeyValueContainer.java:flushAndSyncDB(436)) - Container 1 is synced with bcsId 14.
2022-10-11 12:50:25,138 [ContainerOp-4f4812e9-8800-420a-9801-6843776d4dcd-3] INFO  keyvalue.KeyValueContainer (KeyValueContainer.java:flushAndSyncDB(436)) - Container 1 is synced with bcsId 14.
2022-10-11 12:50:25,142 [ContainerOp-4f4812e9-8800-420a-9801-6843776d4dcd-3] INFO  keyvalue.KeyValueContainer (KeyValueContainer.java:close(351)) - Container 1 is closed with bcsId 14.
2022-10-11 12:50:25,144 [ContainerOp-4f4812e9-8800-420a-9801-6843776d4dcd-3] INFO  keyvalue.KeyValueContainer (KeyValueContainer.java:flushAndSyncDB(436)) - Container 1 is synced with bcsId 14.
2022-10-11 12:50:25,144 [ContainerOp-4f4812e9-8800-420a-9801-6843776d4dcd-3] INFO  keyvalue.KeyValueContainer (KeyValueContainer.java:flushAndSyncDB(436)) - Container 1 is synced with bcsId 14.
2022-10-11 12:50:25,145 [FixedThreadPoolWithAffinityExecutor-0-0] INFO  container.IncrementalContainerReportHandler (AbstractContainerReportHandler.java:updateContainerState(292)) - Moving container #1 to CLOSED state, datanode a5f5a137-50fd-4e34-893e-bbf5e2017a41{ip: 10.1.1.98, host: fv-az570-546.srgqcr2moziuvm0qev4lajleyh.dx.internal.cloudapp.net, ports: [REPLICATION=40519, RATIS=36959, RATIS_ADMIN=36959, RATIS_SERVER=36959, STANDALONE=43037], networkLocation: /default-rack, certSerialId: null, persistedOpState: IN_SERVICE, persistedOpStateExpiryEpochSec: 0} reported CLOSED replica.
2022-10-11 12:50:25,146 [ContainerOp-4f4812e9-8800-420a-9801-6843776d4dcd-3] INFO  keyvalue.KeyValueContainer (KeyValueContainer.java:flushAndSyncDB(436)) - Container 1 is synced with bcsId 14.
2022-10-11 12:50:25,147 [ContainerOp-4f4812e9-8800-420a-9801-6843776d4dcd-3] INFO  keyvalue.KeyValueContainer (KeyValueContainer.java:close(351)) - Container 1 is closed with bcsId 14.
2022-10-11 12:50:25,147 [ContainerOp-4f4812e9-8800-420a-9801-6843776d4dcd-3] INFO  keyvalue.KeyValueContainer (KeyValueContainer.java:flushAndSyncDB(436)) - Container 1 is synced with bcsId 14.
2022-10-11 12:50:25,152 [ContainerOp-4f4812e9-8800-420a-9801-6843776d4dcd-3] INFO  keyvalue.KeyValueContainer (KeyValueContainer.java:close(351)) - Container 1 is closed with bcsId 14.
2022-10-11 12:50:25,155 [ContainerOp-4f4812e9-8800-420a-9801-6843776d4dcd-4] INFO  keyvalue.KeyValueContainer (KeyValueContainer.java:flushAndSyncDB(436)) - Container 2 is synced with bcsId 32.
2022-10-11 12:50:25,155 [ContainerOp-4f4812e9-8800-420a-9801-6843776d4dcd-4] INFO  keyvalue.KeyValueContainer (KeyValueContainer.java:flushAndSyncDB(436)) - Container 2 is synced with bcsId 32.
2022-10-11 12:50:25,157 [ContainerOp-4f4812e9-8800-420a-9801-6843776d4dcd-4] INFO  keyvalue.KeyValueContainer (KeyValueContainer.java:close(351)) - Container 2 is closed with bcsId 32.
2022-10-11 12:50:25,161 [FixedThreadPoolWithAffinityExecutor-0-0] INFO  container.IncrementalContainerReportHandler (AbstractContainerReportHandler.java:updateContainerState(292)) - Moving container #2 to CLOSED state, datanode a5f5a137-50fd-4e34-893e-bbf5e2017a41{ip: 10.1.1.98, host: fv-az570-546.srgqcr2moziuvm0qev4lajleyh.dx.internal.cloudapp.net, ports: [REPLICATION=40519, RATIS=36959, RATIS_ADMIN=36959, RATIS_SERVER=36959, STANDALONE=43037], networkLocation: /default-rack, certSerialId: null, persistedOpState: IN_SERVICE, persistedOpStateExpiryEpochSec: 0} reported CLOSED replica.
2022-10-11 12:50:25,169 [SCMBlockDeletingService#0] DEBUG block.SCMBlockDeletingService (SCMBlockDeletingService.java:call(131)) - Running DeletedBlockTransactionScanner
2022-10-11 12:50:25,170 [SCMBlockDeletingService#0] DEBUG block.SCMBlockDeletingService (DatanodeDeletedBlockTransactions.java:addTransactionToDN(50)) - Transaction added: d15f22e6-7d13-4df8-997b-1dbc14b1c401 <- TX(1)
2022-10-11 12:50:25,170 [SCMBlockDeletingService#0] DEBUG block.SCMBlockDeletingService (DatanodeDeletedBlockTransactions.java:addTransactionToDN(50)) - Transaction added: a5f5a137-50fd-4e34-893e-bbf5e2017a41 <- TX(1)
2022-10-11 12:50:25,170 [SCMBlockDeletingService#0] DEBUG block.SCMBlockDeletingService (DatanodeDeletedBlockTransactions.java:addTransactionToDN(50)) - Transaction added: 398056ab-e960-4ebd-a652-556788d1cc35 <- TX(1)
2022-10-11 12:50:25,170 [SCMBlockDeletingService#0] DEBUG block.SCMBlockDeletingService (DatanodeDeletedBlockTransactions.java:addTransactionToDN(50)) - Transaction added: 398056ab-e960-4ebd-a652-556788d1cc35 <- TX(2)
2022-10-11 12:50:25,170 [SCMBlockDeletingService#0] DEBUG block.SCMBlockDeletingService (DatanodeDeletedBlockTransactions.java:addTransactionToDN(50)) - Transaction added: d15f22e6-7d13-4df8-997b-1dbc14b1c401 <- TX(2)
2022-10-11 12:50:25,170 [SCMBlockDeletingService#0] DEBUG block.SCMBlockDeletingService (DatanodeDeletedBlockTransactions.java:addTransactionToDN(50)) - Transaction added: a5f5a137-50fd-4e34-893e-bbf5e2017a41 <- TX(2)
2022-10-11 12:50:25,170 [SCMBlockDeletingService#0] DEBUG block.SCMBlockDeletingService (SCMBlockDeletingService.java:call(162)) - Added delete block command for datanode a5f5a137-50fd-4e34-893e-bbf5e2017a41 in the queue, number of delete block transactions: 2
2022-10-11 12:50:25,170 [SCMBlockDeletingService#0] DEBUG block.SCMBlockDeletingService (SCMBlockDeletingService.java:call(162)) - Added delete block command for datanode d15f22e6-7d13-4df8-997b-1dbc14b1c401 in the queue, number of delete block transactions: 2
2022-10-11 12:50:25,170 [SCMBlockDeletingService#0] DEBUG block.SCMBlockDeletingService (SCMBlockDeletingService.java:call(162)) - Added delete block command for datanode 398056ab-e960-4ebd-a652-556788d1cc35 in the queue, number of delete block transactions: 2
2022-10-11 12:50:25,170 [SCMBlockDeletingService#0] INFO  block.SCMBlockDeletingService (SCMBlockDeletingService.java:call(172)) - Totally added 6 blocks to be deleted for 3 datanodes, task elapsed time: 1ms
2022-10-11 12:50:25,178 [ContainerOp-4f4812e9-8800-420a-9801-6843776d4dcd-5] INFO  keyvalue.KeyValueContainer (KeyValueContainer.java:flushAndSyncDB(436)) - Container 3 is synced with bcsId 50.
2022-10-11 12:50:25,186 [ContainerOp-4f4812e9-8800-420a-9801-6843776d4dcd-5] INFO  keyvalue.KeyValueContainer (KeyValueContainer.java:flushAndSyncDB(436)) - Container 3 is synced with bcsId 50.
2022-10-11 12:50:25,187 [ContainerOp-4f4812e9-8800-420a-9801-6843776d4dcd-4] INFO  keyvalue.KeyValueContainer (KeyValueContainer.java:flushAndSyncDB(436)) - Container 2 is synced with bcsId 32.
2022-10-11 12:50:25,187 [ContainerOp-4f4812e9-8800-420a-9801-6843776d4dcd-4] INFO  keyvalue.KeyValueContainer (KeyValueContainer.java:flushAndSyncDB(436)) - Container 2 is synced with bcsId 32.
2022-10-11 12:50:25,189 [ContainerOp-4f4812e9-8800-420a-9801-6843776d4dcd-4] INFO  keyvalue.KeyValueContainer (KeyValueContainer.java:close(351)) - Container 2 is closed with bcsId 32.
2022-10-11 12:50:25,198 [ContainerOp-4f4812e9-8800-420a-9801-6843776d4dcd-4] INFO  keyvalue.KeyValueContainer (KeyValueContainer.java:flushAndSyncDB(436)) - Container 2 is synced with bcsId 32.
2022-10-11 12:50:25,198 [ContainerOp-4f4812e9-8800-420a-9801-6843776d4dcd-4] INFO  keyvalue.KeyValueContainer (KeyValueContainer.java:flushAndSyncDB(436)) - Container 2 is synced with bcsId 32.
2022-10-11 12:50:25,200 [ContainerOp-4f4812e9-8800-420a-9801-6843776d4dcd-5] INFO  keyvalue.KeyValueContainer (KeyValueContainer.java:close(351)) - Container 3 is closed with bcsId 50.
2022-10-11 12:50:25,200 [ContainerOp-4f4812e9-8800-420a-9801-6843776d4dcd-4] INFO  keyvalue.KeyValueContainer (KeyValueContainer.java:close(351)) - Container 2 is closed with bcsId 32.
2022-10-11 12:50:25,202 [ContainerOp-4f4812e9-8800-420a-9801-6843776d4dcd-6] INFO  keyvalue.KeyValueContainer (KeyValueContainer.java:flushAndSyncDB(436)) - Container 3 is synced with bcsId 50.
2022-10-11 12:50:25,202 [ContainerOp-4f4812e9-8800-420a-9801-6843776d4dcd-6] INFO  keyvalue.KeyValueContainer (KeyValueContainer.java:flushAndSyncDB(436)) - Container 3 is synced with bcsId 50.
2022-10-11 12:50:25,204 [ContainerOp-4f4812e9-8800-420a-9801-6843776d4dcd-6] INFO  keyvalue.KeyValueContainer (KeyValueContainer.java:close(351)) - Container 3 is closed with bcsId 50.
2022-10-11 12:50:25,205 [ContainerOp-4f4812e9-8800-420a-9801-6843776d4dcd-5] INFO  keyvalue.KeyValueContainer (KeyValueContainer.java:flushAndSyncDB(436)) - Container 3 is synced with bcsId 50.
2022-10-11 12:50:25,205 [ContainerOp-4f4812e9-8800-420a-9801-6843776d4dcd-5] INFO  keyvalue.KeyValueContainer (KeyValueContainer.java:flushAndSyncDB(436)) - Container 3 is synced with bcsId 50.
2022-10-11 12:50:25,206 [FixedThreadPoolWithAffinityExecutor-0-0] INFO  container.IncrementalContainerReportHandler (AbstractContainerReportHandler.java:updateContainerState(292)) - Moving container #3 to CLOSED state, datanode a5f5a137-50fd-4e34-893e-bbf5e2017a41{ip: 10.1.1.98, host: fv-az570-546.srgqcr2moziuvm0qev4lajleyh.dx.internal.cloudapp.net, ports: [REPLICATION=40519, RATIS=36959, RATIS_ADMIN=36959, RATIS_SERVER=36959, STANDALONE=43037], networkLocation: /default-rack, certSerialId: null, persistedOpState: IN_SERVICE, persistedOpStateExpiryEpochSec: 0} reported CLOSED replica.
2022-10-11 12:50:25,208 [ContainerOp-4f4812e9-8800-420a-9801-6843776d4dcd-5] INFO  keyvalue.KeyValueContainer (KeyValueContainer.java:close(351)) - Container 3 is closed with bcsId 50.
2022-10-11 12:50:25,220 [ContainerOp-4f4812e9-8800-420a-9801-6843776d4dcd-6] INFO  keyvalue.KeyValueContainer (KeyValueContainer.java:flushAndSyncDB(436)) - Container 4 is synced with bcsId 67.
2022-10-11 12:50:25,228 [ContainerOp-4f4812e9-8800-420a-9801-6843776d4dcd-6] INFO  keyvalue.KeyValueContainer (KeyValueContainer.java:flushAndSyncDB(436)) - Container 4 is synced with bcsId 67.
2022-10-11 12:50:25,230 [ContainerOp-4f4812e9-8800-420a-9801-6843776d4dcd-5] INFO  keyvalue.KeyValueContainer (KeyValueContainer.java:flushAndSyncDB(436)) - Container 4 is synced with bcsId 67.
2022-10-11 12:50:25,230 [ContainerOp-4f4812e9-8800-420a-9801-6843776d4dcd-5] INFO  keyvalue.KeyValueContainer (KeyValueContainer.java:flushAndSyncDB(436)) - Container 4 is synced with bcsId 67.
2022-10-11 12:50:25,231 [ContainerOp-4f4812e9-8800-420a-9801-6843776d4dcd-6] INFO  keyvalue.KeyValueContainer (KeyValueContainer.java:close(351)) - Container 4 is closed with bcsId 67.
2022-10-11 12:50:25,232 [FixedThreadPoolWithAffinityExecutor-1-0] INFO  container.IncrementalContainerReportHandler (AbstractContainerReportHandler.java:updateContainerState(292)) - Moving container #4 to CLOSED state, datanode a5f5a137-50fd-4e34-893e-bbf5e2017a41{ip: 10.1.1.98, host: fv-az570-546.srgqcr2moziuvm0qev4lajleyh.dx.internal.cloudapp.net, ports: [REPLICATION=40519, RATIS=36959, RATIS_ADMIN=36959, RATIS_SERVER=36959, STANDALONE=43037], networkLocation: /default-rack, certSerialId: null, persistedOpState: IN_SERVICE, persistedOpStateExpiryEpochSec: 0} reported CLOSED replica.
2022-10-11 12:50:25,234 [ContainerOp-4f4812e9-8800-420a-9801-6843776d4dcd-5] INFO  keyvalue.KeyValueContainer (KeyValueContainer.java:close(351)) - Container 4 is closed with bcsId 67.
2022-10-11 12:50:25,237 [ContainerOp-4f4812e9-8800-420a-9801-6843776d4dcd-6] INFO  keyvalue.KeyValueContainer (KeyValueContainer.java:flushAndSyncDB(436)) - Container 4 is synced with bcsId 67.
2022-10-11 12:50:25,238 [ContainerOp-4f4812e9-8800-420a-9801-6843776d4dcd-6] INFO  keyvalue.KeyValueContainer (KeyValueContainer.java:flushAndSyncDB(436)) - Container 4 is synced with bcsId 67.
2022-10-11 12:50:25,239 [ContainerOp-4f4812e9-8800-420a-9801-6843776d4dcd-6] INFO  keyvalue.KeyValueContainer (KeyValueContainer.java:close(351)) - Container 4 is closed with bcsId 67.
2022-10-11 12:50:25,244 [ContainerOp-4f4812e9-8800-420a-9801-6843776d4dcd-7] INFO  keyvalue.KeyValueContainer (KeyValueContainer.java:flushAndSyncDB(436)) - Container 5 is synced with bcsId 85.
2022-10-11 12:50:25,244 [ContainerOp-4f4812e9-8800-420a-9801-6843776d4dcd-7] INFO  keyvalue.KeyValueContainer (KeyValueContainer.java:flushAndSyncDB(436)) - Container 5 is synced with bcsId 85.
2022-10-11 12:50:25,246 [ContainerOp-4f4812e9-8800-420a-9801-6843776d4dcd-7] INFO  keyvalue.KeyValueContainer (KeyValueContainer.java:close(351)) - Container 5 is closed with bcsId 85.
2022-10-11 12:50:25,250 [FixedThreadPoolWithAffinityExecutor-0-0] INFO  container.IncrementalContainerReportHandler (AbstractContainerReportHandler.java:updateContainerState(292)) - Moving container #5 to CLOSED state, datanode a5f5a137-50fd-4e34-893e-bbf5e2017a41{ip: 10.1.1.98, host: fv-az570-546.srgqcr2moziuvm0qev4lajleyh.dx.internal.cloudapp.net, ports: [REPLICATION=40519, RATIS=36959, RATIS_ADMIN=36959, RATIS_SERVER=36959, STANDALONE=43037], networkLocation: /default-rack, certSerialId: null, persistedOpState: IN_SERVICE, persistedOpStateExpiryEpochSec: 0} reported CLOSED replica.
2022-10-11 12:50:25,257 [ContainerOp-4f4812e9-8800-420a-9801-6843776d4dcd-7] INFO  keyvalue.KeyValueContainer (KeyValueContainer.java:flushAndSyncDB(436)) - Container 5 is synced with bcsId 85.
2022-10-11 12:50:25,257 [ContainerOp-4f4812e9-8800-420a-9801-6843776d4dcd-7] INFO  keyvalue.KeyValueContainer (KeyValueContainer.java:flushAndSyncDB(436)) - Container 5 is synced with bcsId 85.
2022-10-11 12:50:25,260 [ContainerOp-4f4812e9-8800-420a-9801-6843776d4dcd-7] INFO  keyvalue.KeyValueContainer (KeyValueContainer.java:close(351)) - Container 5 is closed with bcsId 85.
2022-10-11 12:50:25,260 [ContainerOp-4f4812e9-8800-420a-9801-6843776d4dcd-7] INFO  keyvalue.KeyValueContainer (KeyValueContainer.java:flushAndSyncDB(436)) - Container 5 is synced with bcsId 85.
2022-10-11 12:50:25,264 [ContainerOp-4f4812e9-8800-420a-9801-6843776d4dcd-7] INFO  keyvalue.KeyValueContainer (KeyValueContainer.java:flushAndSyncDB(436)) - Container 5 is synced with bcsId 85.
2022-10-11 12:50:25,268 [ContainerOp-4f4812e9-8800-420a-9801-6843776d4dcd-8] INFO  keyvalue.KeyValueContainer (KeyValueContainer.java:flushAndSyncDB(436)) - Container 6 is synced with bcsId 95.
2022-10-11 12:50:25,268 [ContainerOp-4f4812e9-8800-420a-9801-6843776d4dcd-8] INFO  keyvalue.KeyValueContainer (KeyValueContainer.java:flushAndSyncDB(436)) - Container 6 is synced with bcsId 95.
2022-10-11 12:50:25,269 [ContainerOp-4f4812e9-8800-420a-9801-6843776d4dcd-7] INFO  keyvalue.KeyValueContainer (KeyValueContainer.java:close(351)) - Container 5 is closed with bcsId 85.
2022-10-11 12:50:25,270 [SCMBlockDeletingService#0] DEBUG block.SCMBlockDeletingService (SCMBlockDeletingService.java:call(131)) - Running DeletedBlockTransactionScanner
2022-10-11 12:50:25,270 [SCMBlockDeletingService#0] DEBUG block.SCMBlockDeletingService (DatanodeDeletedBlockTransactions.java:addTransactionToDN(50)) - Transaction added: d15f22e6-7d13-4df8-997b-1dbc14b1c401 <- TX(1)
2022-10-11 12:50:25,270 [SCMBlockDeletingService#0] DEBUG block.SCMBlockDeletingService (DatanodeDeletedBlockTransactions.java:addTransactionToDN(50)) - Transaction added: a5f5a137-50fd-4e34-893e-bbf5e2017a41 <- TX(1)
2022-10-11 12:50:25,270 [SCMBlockDeletingService#0] DEBUG block.SCMBlockDeletingService (DatanodeDeletedBlockTransactions.java:addTransactionToDN(50)) - Transaction added: 398056ab-e960-4ebd-a652-556788d1cc35 <- TX(1)
2022-10-11 12:50:25,270 [SCMBlockDeletingService#0] DEBUG block.SCMBlockDeletingService (DatanodeDeletedBlockTransactions.java:addTransactionToDN(50)) - Transaction added: 398056ab-e960-4ebd-a652-556788d1cc35 <- TX(2)
2022-10-11 12:50:25,270 [SCMBlockDeletingService#0] DEBUG block.SCMBlockDeletingService (DatanodeDeletedBlockTransactions.java:addTransactionToDN(50)) - Transaction added: d15f22e6-7d13-4df8-997b-1dbc14b1c401 <- TX(2)
2022-10-11 12:50:25,270 [SCMBlockDeletingService#0] DEBUG block.SCMBlockDeletingService (DatanodeDeletedBlockTransactions.java:addTransactionToDN(50)) - Transaction added: a5f5a137-50fd-4e34-893e-bbf5e2017a41 <- TX(2)
2022-10-11 12:50:25,270 [SCMBlockDeletingService#0] DEBUG block.SCMBlockDeletingService (DatanodeDeletedBlockTransactions.java:addTransactionToDN(50)) - Transaction added: d15f22e6-7d13-4df8-997b-1dbc14b1c401 <- TX(3)
2022-10-11 12:50:25,270 [SCMBlockDeletingService#0] DEBUG block.SCMBlockDeletingService (DatanodeDeletedBlockTransactions.java:addTransactionToDN(50)) - Transaction added: a5f5a137-50fd-4e34-893e-bbf5e2017a41 <- TX(3)
2022-10-11 12:50:25,270 [SCMBlockDeletingService#0] DEBUG block.SCMBlockDeletingService (DatanodeDeletedBlockTransactions.java:addTransactionToDN(50)) - Transaction added: 398056ab-e960-4ebd-a652-556788d1cc35 <- TX(3)
2022-10-11 12:50:25,270 [SCMBlockDeletingService#0] DEBUG block.SCMBlockDeletingService (DatanodeDeletedBlockTransactions.java:addTransactionToDN(50)) - Transaction added: 398056ab-e960-4ebd-a652-556788d1cc35 <- TX(4)
2022-10-11 12:50:25,270 [SCMBlockDeletingService#0] DEBUG block.SCMBlockDeletingService (DatanodeDeletedBlockTransactions.java:addTransactionToDN(50)) - Transaction added: d15f22e6-7d13-4df8-997b-1dbc14b1c401 <- TX(4)
2022-10-11 12:50:25,270 [SCMBlockDeletingService#0] DEBUG block.SCMBlockDeletingService (DatanodeDeletedBlockTransactions.java:addTransactionToDN(50)) - Transaction added: a5f5a137-50fd-4e34-893e-bbf5e2017a41 <- TX(4)
2022-10-11 12:50:25,270 [SCMBlockDeletingService#0] DEBUG block.SCMBlockDeletingService (DatanodeDeletedBlockTransactions.java:addTransactionToDN(50)) - Transaction added: d15f22e6-7d13-4df8-997b-1dbc14b1c401 <- TX(5)
2022-10-11 12:50:25,270 [SCMBlockDeletingService#0] DEBUG block.SCMBlockDeletingService (DatanodeDeletedBlockTransactions.java:addTransactionToDN(50)) - Transaction added: a5f5a137-50fd-4e34-893e-bbf5e2017a41 <- TX(5)
2022-10-11 12:50:25,271 [SCMBlockDeletingService#0] DEBUG block.SCMBlockDeletingService (DatanodeDeletedBlockTransactions.java:addTransactionToDN(50)) - Transaction added: 398056ab-e960-4ebd-a652-556788d1cc35 <- TX(5)
2022-10-11 12:50:25,271 [SCMBlockDeletingService#0] DEBUG block.SCMBlockDeletingService (SCMBlockDeletingService.java:call(162)) - Added delete block command for datanode a5f5a137-50fd-4e34-893e-bbf5e2017a41 in the queue, number of delete block transactions: 5
2022-10-11 12:50:25,271 [SCMBlockDeletingService#0] DEBUG block.SCMBlockDeletingService (SCMBlockDeletingService.java:call(162)) - Added delete block command for datanode d15f22e6-7d13-4df8-997b-1dbc14b1c401 in the queue, number of delete block transactions: 5
2022-10-11 12:50:25,271 [SCMBlockDeletingService#0] DEBUG block.SCMBlockDeletingService (SCMBlockDeletingService.java:call(162)) - Added delete block command for datanode 398056ab-e960-4ebd-a652-556788d1cc35 in the queue, number of delete block transactions: 5
2022-10-11 12:50:25,271 [SCMBlockDeletingService#0] INFO  block.SCMBlockDeletingService (SCMBlockDeletingService.java:call(172)) - Totally added 15 blocks to be deleted for 3 datanodes, task elapsed time: 1ms
2022-10-11 12:50:25,272 [ContainerOp-4f4812e9-8800-420a-9801-6843776d4dcd-8] INFO  keyvalue.KeyValueContainer (KeyValueContainer.java:close(351)) - Container 6 is closed with bcsId 95.
2022-10-11 12:50:25,276 [FixedThreadPoolWithAffinityExecutor-1-0] INFO  container.IncrementalContainerReportHandler (AbstractContainerReportHandler.java:updateContainerState(292)) - Moving container #6 to CLOSED state, datanode a5f5a137-50fd-4e34-893e-bbf5e2017a41{ip: 10.1.1.98, host: fv-az570-546.srgqcr2moziuvm0qev4lajleyh.dx.internal.cloudapp.net, ports: [REPLICATION=40519, RATIS=36959, RATIS_ADMIN=36959, RATIS_SERVER=36959, STANDALONE=43037], networkLocation: /default-rack, certSerialId: null, persistedOpState: IN_SERVICE, persistedOpStateExpiryEpochSec: 0} reported CLOSED replica.
2022-10-11 12:50:25,277 [ContainerOp-4f4812e9-8800-420a-9801-6843776d4dcd-8] INFO  keyvalue.KeyValueContainer (KeyValueContainer.java:flushAndSyncDB(436)) - Container 6 is synced with bcsId 95.
2022-10-11 12:50:25,277 [ContainerOp-4f4812e9-8800-420a-9801-6843776d4dcd-8] INFO  keyvalue.KeyValueContainer (KeyValueContainer.java:flushAndSyncDB(436)) - Container 6 is synced with bcsId 95.
2022-10-11 12:50:25,279 [ContainerOp-4f4812e9-8800-420a-9801-6843776d4dcd-8] INFO  keyvalue.KeyValueContainer (KeyValueContainer.java:close(351)) - Container 6 is closed with bcsId 95.
2022-10-11 12:50:25,288 [ContainerOp-4f4812e9-8800-420a-9801-6843776d4dcd-8] INFO  keyvalue.KeyValueContainer (KeyValueContainer.java:flushAndSyncDB(436)) - Container 6 is synced with bcsId 95.
2022-10-11 12:50:25,296 [ContainerOp-4f4812e9-8800-420a-9801-6843776d4dcd-8] INFO  keyvalue.KeyValueContainer (KeyValueContainer.java:flushAndSyncDB(436)) - Container 6 is synced with bcsId 95.
2022-10-11 12:50:25,298 [ContainerOp-4f4812e9-8800-420a-9801-6843776d4dcd-8] INFO  keyvalue.KeyValueContainer (KeyValueContainer.java:close(351)) - Container 6 is closed with bcsId 95.
2022-10-11 12:50:25,370 [SCMBlockDeletingService#0] DEBUG block.SCMBlockDeletingService (SCMBlockDeletingService.java:call(131)) - Running DeletedBlockTransactionScanner
2022-10-11 12:50:25,370 [SCMBlockDeletingService#0] DEBUG block.SCMBlockDeletingService (DatanodeDeletedBlockTransactions.java:addTransactionToDN(50)) - Transaction added: d15f22e6-7d13-4df8-997b-1dbc14b1c401 <- TX(1)
2022-10-11 12:50:25,370 [SCMBlockDeletingService#0] DEBUG block.SCMBlockDeletingService (DatanodeDeletedBlockTransactions.java:addTransactionToDN(50)) - Transaction added: a5f5a137-50fd-4e34-893e-bbf5e2017a41 <- TX(1)
2022-10-11 12:50:25,370 [SCMBlockDeletingService#0] DEBUG block.SCMBlockDeletingService (DatanodeDeletedBlockTransactions.java:addTransactionToDN(50)) - Transaction added: 398056ab-e960-4ebd-a652-556788d1cc35 <- TX(1)
2022-10-11 12:50:25,370 [SCMBlockDeletingService#0] DEBUG block.SCMBlockDeletingService (DatanodeDeletedBlockTransactions.java:addTransactionToDN(50)) - Transaction added: 398056ab-e960-4ebd-a652-556788d1cc35 <- TX(2)
2022-10-11 12:50:25,370 [SCMBlockDeletingService#0] DEBUG block.SCMBlockDeletingService (DatanodeDeletedBlockTransactions.java:addTransactionToDN(50)) - Transaction added: d15f22e6-7d13-4df8-997b-1dbc14b1c401 <- TX(2)
2022-10-11 12:50:25,370 [SCMBlockDeletingService#0] DEBUG block.SCMBlockDeletingService (DatanodeDeletedBlockTransactions.java:addTransactionToDN(50)) - Transaction added: a5f5a137-50fd-4e34-893e-bbf5e2017a41 <- TX(2)
2022-10-11 12:50:25,370 [SCMBlockDeletingService#0] DEBUG block.SCMBlockDeletingService (DatanodeDeletedBlockTransactions.java:addTransactionToDN(50)) - Transaction added: d15f22e6-7d13-4df8-997b-1dbc14b1c401 <- TX(3)
2022-10-11 12:50:25,371 [SCMBlockDeletingService#0] DEBUG block.SCMBlockDeletingService (DatanodeDeletedBlockTransactions.java:addTransactionToDN(50)) - Transaction added: a5f5a137-50fd-4e34-893e-bbf5e2017a41 <- TX(3)
2022-10-11 12:50:25,371 [SCMBlockDeletingService#0] DEBUG block.SCMBlockDeletingService (DatanodeDeletedBlockTransactions.java:addTransactionToDN(50)) - Transaction added: 398056ab-e960-4ebd-a652-556788d1cc35 <- TX(3)
2022-10-11 12:50:25,371 [SCMBlockDeletingService#0] DEBUG block.SCMBlockDeletingService (DatanodeDeletedBlockTransactions.java:addTransactionToDN(50)) - Transaction added: 398056ab-e960-4ebd-a652-556788d1cc35 <- TX(4)
2022-10-11 12:50:25,371 [SCMBlockDeletingService#0] DEBUG block.SCMBlockDeletingService (DatanodeDeletedBlockTransactions.java:addTransactionToDN(50)) - Transaction added: d15f22e6-7d13-4df8-997b-1dbc14b1c401 <- TX(4)
2022-10-11 12:50:25,371 [SCMBlockDeletingService#0] DEBUG block.SCMBlockDeletingService (DatanodeDeletedBlockTransactions.java:addTransactionToDN(50)) - Transaction added: a5f5a137-50fd-4e34-893e-bbf5e2017a41 <- TX(4)
2022-10-11 12:50:25,371 [SCMBlockDeletingService#0] DEBUG block.SCMBlockDeletingService (DatanodeDeletedBlockTransactions.java:addTransactionToDN(50)) - Transaction added: d15f22e6-7d13-4df8-997b-1dbc14b1c401 <- TX(5)
2022-10-11 12:50:25,371 [SCMBlockDeletingService#0] DEBUG block.SCMBlockDeletingService (DatanodeDeletedBlockTransactions.java:addTransactionToDN(50)) - Transaction added: a5f5a137-50fd-4e34-893e-bbf5e2017a41 <- TX(5)
2022-10-11 12:50:25,371 [SCMBlockDeletingService#0] DEBUG block.SCMBlockDeletingService (DatanodeDeletedBlockTransactions.java:addTransactionToDN(50)) - Transaction added: 398056ab-e960-4ebd-a652-556788d1cc35 <- TX(5)
2022-10-11 12:50:25,371 [SCMBlockDeletingService#0] DEBUG block.SCMBlockDeletingService (DatanodeDeletedBlockTransactions.java:addTransactionToDN(50)) - Transaction added: 398056ab-e960-4ebd-a652-556788d1cc35 <- TX(6)
2022-10-11 12:50:25,371 [SCMBlockDeletingService#0] DEBUG block.SCMBlockDeletingService (DatanodeDeletedBlockTransactions.java:addTransactionToDN(50)) - Transaction added: d15f22e6-7d13-4df8-997b-1dbc14b1c401 <- TX(6)
2022-10-11 12:50:25,371 [SCMBlockDeletingService#0] DEBUG block.SCMBlockDeletingService (DatanodeDeletedBlockTransactions.java:addTransactionToDN(50)) - Transaction added: a5f5a137-50fd-4e34-893e-bbf5e2017a41 <- TX(6)
2022-10-11 12:50:25,371 [SCMBlockDeletingService#0] DEBUG block.SCMBlockDeletingService (SCMBlockDeletingService.java:call(162)) - Added delete block command for datanode a5f5a137-50fd-4e34-893e-bbf5e2017a41 in the queue, number of delete block transactions: 6
2022-10-11 12:50:25,371 [SCMBlockDeletingService#0] DEBUG block.SCMBlockDeletingService (SCMBlockDeletingService.java:call(162)) - Added delete block command for datanode d15f22e6-7d13-4df8-997b-1dbc14b1c401 in the queue, number of delete block transactions: 6
2022-10-11 12:50:25,371 [SCMBlockDeletingService#0] DEBUG block.SCMBlockDeletingService (SCMBlockDeletingService.java:call(162)) - Added delete block command for datanode 398056ab-e960-4ebd-a652-556788d1cc35 in the queue, number of delete block transactions: 6
2022-10-11 12:50:25,371 [SCMBlockDeletingService#0] INFO  block.SCMBlockDeletingService (SCMBlockDeletingService.java:call(172)) - Totally added 18 blocks to be deleted for 3 datanodes, task elapsed time: 2ms
2022-10-11 12:50:25,470 [SCMBlockDeletingService#0] DEBUG block.SCMBlockDeletingService (SCMBlockDeletingService.java:call(131)) - Running DeletedBlockTransactionScanner
2022-10-11 12:50:25,470 [SCMBlockDeletingService#0] DEBUG block.SCMBlockDeletingService (DatanodeDeletedBlockTransactions.java:addTransactionToDN(50)) - Transaction added: d15f22e6-7d13-4df8-997b-1dbc14b1c401 <- TX(1)
2022-10-11 12:50:25,470 [SCMBlockDeletingService#0] DEBUG block.SCMBlockDeletingService (DatanodeDeletedBlockTransactions.java:addTransactionToDN(50)) - Transaction added: a5f5a137-50fd-4e34-893e-bbf5e2017a41 <- TX(1)
2022-10-11 12:50:25,470 [SCMBlockDeletingService#0] DEBUG block.SCMBlockDeletingService (DatanodeDeletedBlockTransactions.java:addTransactionToDN(50)) - Transaction added: 398056ab-e960-4ebd-a652-556788d1cc35 <- TX(1)
2022-10-11 12:50:25,470 [SCMBlockDeletingService#0] DEBUG block.SCMBlockDeletingService (DatanodeDeletedBlockTransactions.java:addTransactionToDN(50)) - Transaction added: 398056ab-e960-4ebd-a652-556788d1cc35 <- TX(2)
2022-10-11 12:50:25,470 [SCMBlockDeletingService#0] DEBUG block.SCMBlockDeletingService (DatanodeDeletedBlockTransactions.java:addTransactionToDN(50)) - Transaction added: d15f22e6-7d13-4df8-997b-1dbc14b1c401 <- TX(2)
2022-10-11 12:50:25,471 [SCMBlockDeletingService#0] DEBUG block.SCMBlockDeletingService (DatanodeDeletedBlockTransactions.java:addTransactionToDN(50)) - Transaction added: a5f5a137-50fd-4e34-893e-bbf5e2017a41 <- TX(2)
2022-10-11 12:50:25,471 [SCMBlockDeletingService#0] DEBUG block.SCMBlockDeletingService (DatanodeDeletedBlockTransactions.java:addTransactionToDN(50)) - Transaction added: d15f22e6-7d13-4df8-997b-1dbc14b1c401 <- TX(3)
2022-10-11 12:50:25,471 [SCMBlockDeletingService#0] DEBUG block.SCMBlockDeletingService (DatanodeDeletedBlockTransactions.java:addTransactionToDN(50)) - Transaction added: a5f5a137-50fd-4e34-893e-bbf5e2017a41 <- TX(3)
2022-10-11 12:50:25,471 [SCMBlockDeletingService#0] DEBUG block.SCMBlockDeletingService (DatanodeDeletedBlockTransactions.java:addTransactionToDN(50)) - Transaction added: 398056ab-e960-4ebd-a652-556788d1cc35 <- TX(3)
2022-10-11 12:50:25,471 [SCMBlockDeletingService#0] DEBUG block.SCMBlockDeletingService (DatanodeDeletedBlockTransactions.java:addTransactionToDN(50)) - Transaction added: 398056ab-e960-4ebd-a652-556788d1cc35 <- TX(4)
2022-10-11 12:50:25,471 [SCMBlockDeletingService#0] DEBUG block.SCMBlockDeletingService (DatanodeDeletedBlockTransactions.java:addTransactionToDN(50)) - Transaction added: d15f22e6-7d13-4df8-997b-1dbc14b1c401 <- TX(4)
2022-10-11 12:50:25,471 [SCMBlockDeletingService#0] DEBUG block.SCMBlockDeletingService (DatanodeDeletedBlockTransactions.java:addTransactionToDN(50)) - Transaction added: a5f5a137-50fd-4e34-893e-bbf5e2017a41 <- TX(4)
2022-10-11 12:50:25,471 [SCMBlockDeletingService#0] DEBUG block.SCMBlockDeletingService (DatanodeDeletedBlockTransactions.java:addTransactionToDN(50)) - Transaction added: d15f22e6-7d13-4df8-997b-1dbc14b1c401 <- TX(5)
2022-10-11 12:50:25,471 [SCMBlockDeletingService#0] DEBUG block.SCMBlockDeletingService (DatanodeDeletedBlockTransactions.java:addTransactionToDN(50)) - Transaction added: a5f5a137-50fd-4e34-893e-bbf5e2017a41 <- TX(5)
2022-10-11 12:50:25,471 [SCMBlockDeletingService#0] DEBUG block.SCMBlockDeletingService (DatanodeDeletedBlockTransactions.java:addTransactionToDN(50)) - Transaction added: 398056ab-e960-4ebd-a652-556788d1cc35 <- TX(5)
2022-10-11 12:50:25,471 [SCMBlockDeletingService#0] DEBUG block.SCMBlockDeletingService (DatanodeDeletedBlockTransactions.java:addTransactionToDN(50)) - Transaction added: 398056ab-e960-4ebd-a652-556788d1cc35 <- TX(6)
2022-10-11 12:50:25,471 [SCMBlockDeletingService#0] DEBUG block.SCMBlockDeletingService (DatanodeDeletedBlockTransactions.java:addTransactionToDN(50)) - Transaction added: d15f22e6-7d13-4df8-997b-1dbc14b1c401 <- TX(6)
2022-10-11 12:50:25,471 [SCMBlockDeletingService#0] DEBUG block.SCMBlockDeletingService (DatanodeDeletedBlockTransactions.java:addTransactionToDN(50)) - Transaction added: a5f5a137-50fd-4e34-893e-bbf5e2017a41 <- TX(6)
2022-10-11 12:50:25,472 [SCMBlockDeletingService#0] DEBUG block.SCMBlockDeletingService (SCMBlockDeletingService.java:call(162)) - Added delete block command for datanode a5f5a137-50fd-4e34-893e-bbf5e2017a41 in the queue, number of delete block transactions: 6
2022-10-11 12:50:25,472 [SCMBlockDeletingService#0] DEBUG block.SCMBlockDeletingService (SCMBlockDeletingService.java:call(162)) - Added delete block command for datanode d15f22e6-7d13-4df8-997b-1dbc14b1c401 in the queue, number of delete block transactions: 6
2022-10-11 12:50:25,472 [SCMBlockDeletingService#0] DEBUG block.SCMBlockDeletingService (SCMBlockDeletingService.java:call(162)) - Added delete block command for datanode 398056ab-e960-4ebd-a652-556788d1cc35 in the queue, number of delete block transactions: 6
2022-10-11 12:50:25,472 [SCMBlockDeletingService#0] INFO  block.SCMBlockDeletingService (SCMBlockDeletingService.java:call(172)) - Totally added 18 blocks to be deleted for 3 datanodes, task elapsed time: 2ms
2022-10-11 12:50:25,570 [SCMBlockDeletingService#0] DEBUG block.SCMBlockDeletingService (SCMBlockDeletingService.java:call(131)) - Running DeletedBlockTransactionScanner
2022-10-11 12:50:25,570 [SCMBlockDeletingService#0] DEBUG block.SCMBlockDeletingService (DatanodeDeletedBlockTransactions.java:addTransactionToDN(50)) - Transaction added: d15f22e6-7d13-4df8-997b-1dbc14b1c401 <- TX(1)
2022-10-11 12:50:25,570 [SCMBlockDeletingService#0] DEBUG block.SCMBlockDeletingService (DatanodeDeletedBlockTransactions.java:addTransactionToDN(50)) - Transaction added: a5f5a137-50fd-4e34-893e-bbf5e2017a41 <- TX(1)
2022-10-11 12:50:25,570 [SCMBlockDeletingService#0] DEBUG block.SCMBlockDeletingService (DatanodeDeletedBlockTransactions.java:addTransactionToDN(50)) - Transaction added: 398056ab-e960-4ebd-a652-556788d1cc35 <- TX(1)
2022-10-11 12:50:25,570 [SCMBlockDeletingService#0] DEBUG block.SCMBlockDeletingService (DatanodeDeletedBlockTransactions.java:addTransactionToDN(50)) - Transaction added: 398056ab-e960-4ebd-a652-556788d1cc35 <- TX(2)
2022-10-11 12:50:25,570 [SCMBlockDeletingService#0] DEBUG block.SCMBlockDeletingService (DatanodeDeletedBlockTransactions.java:addTransactionToDN(50)) - Transaction added: d15f22e6-7d13-4df8-997b-1dbc14b1c401 <- TX(2)
2022-10-11 12:50:25,571 [SCMBlockDeletingService#0] DEBUG block.SCMBlockDeletingService (DatanodeDeletedBlockTransactions.java:addTransactionToDN(50)) - Transaction added: a5f5a137-50fd-4e34-893e-bbf5e2017a41 <- TX(2)
2022-10-11 12:50:25,571 [SCMBlockDeletingService#0] DEBUG block.SCMBlockDeletingService (DatanodeDeletedBlockTransactions.java:addTransactionToDN(50)) - Transaction added: d15f22e6-7d13-4df8-997b-1dbc14b1c401 <- TX(3)
2022-10-11 12:50:25,571 [SCMBlockDeletingService#0] DEBUG block.SCMBlockDeletingService (DatanodeDeletedBlockTransactions.java:addTransactionToDN(50)) - Transaction added: a5f5a137-50fd-4e34-893e-bbf5e2017a41 <- TX(3)
2022-10-11 12:50:25,571 [SCMBlockDeletingService#0] DEBUG block.SCMBlockDeletingService (DatanodeDeletedBlockTransactions.java:addTransactionToDN(50)) - Transaction added: 398056ab-e960-4ebd-a652-556788d1cc35 <- TX(3)
2022-10-11 12:50:25,571 [SCMBlockDeletingService#0] DEBUG block.SCMBlockDeletingService (DatanodeDeletedBlockTransactions.java:addTransactionToDN(50)) - Transaction added: 398056ab-e960-4ebd-a652-556788d1cc35 <- TX(4)
2022-10-11 12:50:25,571 [SCMBlockDeletingService#0] DEBUG block.SCMBlockDeletingService (DatanodeDeletedBlockTransactions.java:addTransactionToDN(50)) - Transaction added: d15f22e6-7d13-4df8-997b-1dbc14b1c401 <- TX(4)
2022-10-11 12:50:25,571 [SCMBlockDeletingService#0] DEBUG block.SCMBlockDeletingService (DatanodeDeletedBlockTransactions.java:addTransactionToDN(50)) - Transaction added: a5f5a137-50fd-4e34-893e-bbf5e2017a41 <- TX(4)
2022-10-11 12:50:25,571 [SCMBlockDeletingService#0] DEBUG block.SCMBlockDeletingService (DatanodeDeletedBlockTransactions.java:addTransactionToDN(50)) - Transaction added: d15f22e6-7d13-4df8-997b-1dbc14b1c401 <- TX(5)
2022-10-11 12:50:25,571 [SCMBlockDeletingService#0] DEBUG block.SCMBlockDeletingService (DatanodeDeletedBlockTransactions.java:addTransactionToDN(50)) - Transaction added: a5f5a137-50fd-4e34-893e-bbf5e2017a41 <- TX(5)
2022-10-11 12:50:25,571 [SCMBlockDeletingService#0] DEBUG block.SCMBlockDeletingService (DatanodeDeletedBlockTransactions.java:addTransactionToDN(50)) - Transaction added: 398056ab-e960-4ebd-a652-556788d1cc35 <- TX(5)
2022-10-11 12:50:25,571 [SCMBlockDeletingService#0] DEBUG block.SCMBlockDeletingService (DatanodeDeletedBlockTransactions.java:addTransactionToDN(50)) - Transaction added: 398056ab-e960-4ebd-a652-556788d1cc35 <- TX(6)
2022-10-11 12:50:25,571 [SCMBlockDeletingService#0] DEBUG block.SCMBlockDeletingService (DatanodeDeletedBlockTransactions.java:addTransactionToDN(50)) - Transaction added: d15f22e6-7d13-4df8-997b-1dbc14b1c401 <- TX(6)
2022-10-11 12:50:25,571 [SCMBlockDeletingService#0] DEBUG block.SCMBlockDeletingService (DatanodeDeletedBlockTransactions.java:addTransactionToDN(50)) - Transaction added: a5f5a137-50fd-4e34-893e-bbf5e2017a41 <- TX(6)
2022-10-11 12:50:25,571 [SCMBlockDeletingService#0] DEBUG block.SCMBlockDeletingService (SCMBlockDeletingService.java:call(162)) - Added delete block command for datanode a5f5a137-50fd-4e34-893e-bbf5e2017a41 in the queue, number of delete block transactions: 6
2022-10-11 12:50:25,572 [SCMBlockDeletingService#0] DEBUG block.SCMBlockDeletingService (SCMBlockDeletingService.java:call(162)) - Added delete block command for datanode d15f22e6-7d13-4df8-997b-1dbc14b1c401 in the queue, number of delete block transactions: 6
2022-10-11 12:50:25,572 [SCMBlockDeletingService#0] DEBUG block.SCMBlockDeletingService (SCMBlockDeletingService.java:call(162)) - Added delete block command for datanode 398056ab-e960-4ebd-a652-556788d1cc35 in the queue, number of delete block transactions: 6
2022-10-11 12:50:25,572 [SCMBlockDeletingService#0] INFO  block.SCMBlockDeletingService (SCMBlockDeletingService.java:call(172)) - Totally added 18 blocks to be deleted for 3 datanodes, task elapsed time: 2ms
2022-10-11 12:50:25,670 [SCMBlockDeletingService#0] DEBUG block.SCMBlockDeletingService (SCMBlockDeletingService.java:call(131)) - Running DeletedBlockTransactionScanner
2022-10-11 12:50:25,670 [SCMBlockDeletingService#0] DEBUG block.SCMBlockDeletingService (DatanodeDeletedBlockTransactions.java:addTransactionToDN(50)) - Transaction added: d15f22e6-7d13-4df8-997b-1dbc14b1c401 <- TX(1)
2022-10-11 12:50:25,670 [SCMBlockDeletingService#0] DEBUG block.SCMBlockDeletingService (DatanodeDeletedBlockTransactions.java:addTransactionToDN(50)) - Transaction added: a5f5a137-50fd-4e34-893e-bbf5e2017a41 <- TX(1)
2022-10-11 12:50:25,670 [SCMBlockDeletingService#0] DEBUG block.SCMBlockDeletingService (DatanodeDeletedBlockTransactions.java:addTransactionToDN(50)) - Transaction added: 398056ab-e960-4ebd-a652-556788d1cc35 <- TX(1)
2022-10-11 12:50:25,671 [SCMBlockDeletingService#0] DEBUG block.SCMBlockDeletingService (DatanodeDeletedBlockTransactions.java:addTransactionToDN(50)) - Transaction added: 398056ab-e960-4ebd-a652-556788d1cc35 <- TX(2)
2022-10-11 12:50:25,671 [SCMBlockDeletingService#0] DEBUG block.SCMBlockDeletingService (DatanodeDeletedBlockTransactions.java:addTransactionToDN(50)) - Transaction added: d15f22e6-7d13-4df8-997b-1dbc14b1c401 <- TX(2)
2022-10-11 12:50:25,671 [SCMBlockDeletingService#0] DEBUG block.SCMBlockDeletingService (DatanodeDeletedBlockTransactions.java:addTransactionToDN(50)) - Transaction added: a5f5a137-50fd-4e34-893e-bbf5e2017a41 <- TX(2)
2022-10-11 12:50:25,671 [SCMBlockDeletingService#0] DEBUG block.SCMBlockDeletingService (DatanodeDeletedBlockTransactions.java:addTransactionToDN(50)) - Transaction added: d15f22e6-7d13-4df8-997b-1dbc14b1c401 <- TX(3)
2022-10-11 12:50:25,671 [SCMBlockDeletingService#0] DEBUG block.SCMBlockDeletingService (DatanodeDeletedBlockTransactions.java:addTransactionToDN(50)) - Transaction added: a5f5a137-50fd-4e34-893e-bbf5e2017a41 <- TX(3)
2022-10-11 12:50:25,671 [SCMBlockDeletingService#0] DEBUG block.SCMBlockDeletingService (DatanodeDeletedBlockTransactions.java:addTransactionToDN(50)) - Transaction added: 398056ab-e960-4ebd-a652-556788d1cc35 <- TX(3)
2022-10-11 12:50:25,671 [SCMBlockDeletingService#0] DEBUG block.SCMBlockDeletingService (DatanodeDeletedBlockTransactions.java:addTransactionToDN(50)) - Transaction added: 398056ab-e960-4ebd-a652-556788d1cc35 <- TX(4)
2022-10-11 12:50:25,671 [SCMBlockDeletingService#0] DEBUG block.SCMBlockDeletingService (DatanodeDeletedBlockTransactions.java:addTransactionToDN(50)) - Transaction added: d15f22e6-7d13-4df8-997b-1dbc14b1c401 <- TX(4)
2022-10-11 12:50:25,671 [SCMBlockDeletingService#0] DEBUG block.SCMBlockDeletingService (DatanodeDeletedBlockTransactions.java:addTransactionToDN(50)) - Transaction added: a5f5a137-50fd-4e34-893e-bbf5e2017a41 <- TX(4)
2022-10-11 12:50:25,671 [SCMBlockDeletingService#0] DEBUG block.SCMBlockDeletingService (DatanodeDeletedBlockTransactions.java:addTransactionToDN(50)) - Transaction added: d15f22e6-7d13-4df8-997b-1dbc14b1c401 <- TX(5)
2022-10-11 12:50:25,671 [SCMBlockDeletingService#0] DEBUG block.SCMBlockDeletingService (DatanodeDeletedBlockTransactions.java:addTransactionToDN(50)) - Transaction added: a5f5a137-50fd-4e34-893e-bbf5e2017a41 <- TX(5)
2022-10-11 12:50:25,671 [SCMBlockDeletingService#0] DEBUG block.SCMBlockDeletingService (DatanodeDeletedBlockTransactions.java:addTransactionToDN(50)) - Transaction added: 398056ab-e960-4ebd-a652-556788d1cc35 <- TX(5)
2022-10-11 12:50:25,671 [SCMBlockDeletingService#0] DEBUG block.SCMBlockDeletingService (DatanodeDeletedBlockTransactions.java:addTransactionToDN(50)) - Transaction added: 398056ab-e960-4ebd-a652-556788d1cc35 <- TX(6)
2022-10-11 12:50:25,671 [SCMBlockDeletingService#0] DEBUG block.SCMBlockDeletingService (DatanodeDeletedBlockTransactions.java:addTransactionToDN(50)) - Transaction added: d15f22e6-7d13-4df8-997b-1dbc14b1c401 <- TX(6)
2022-10-11 12:50:25,671 [SCMBlockDeletingService#0] DEBUG block.SCMBlockDeletingService (DatanodeDeletedBlockTransactions.java:addTransactionToDN(50)) - Transaction added: a5f5a137-50fd-4e34-893e-bbf5e2017a41 <- TX(6)
2022-10-11 12:50:25,671 [SCMBlockDeletingService#0] DEBUG block.SCMBlockDeletingService (SCMBlockDeletingService.java:call(162)) - Added delete block command for datanode a5f5a137-50fd-4e34-893e-bbf5e2017a41 in the queue, number of delete block transactions: 6
2022-10-11 12:50:25,672 [SCMBlockDeletingService#0] DEBUG block.SCMBlockDeletingService (SCMBlockDeletingService.java:call(162)) - Added delete block command for datanode d15f22e6-7d13-4df8-997b-1dbc14b1c401 in the queue, number of delete block transactions: 6
2022-10-11 12:50:25,672 [SCMBlockDeletingService#0] DEBUG block.SCMBlockDeletingService (SCMBlockDeletingService.java:call(162)) - Added delete block command for datanode 398056ab-e960-4ebd-a652-556788d1cc35 in the queue, number of delete block transactions: 6
2022-10-11 12:50:25,672 [SCMBlockDeletingService#0] INFO  block.SCMBlockDeletingService (SCMBlockDeletingService.java:call(172)) - Totally added 18 blocks to be deleted for 3 datanodes, task elapsed time: 2ms
2022-10-11 12:50:25,770 [SCMBlockDeletingService#0] DEBUG block.SCMBlockDeletingService (SCMBlockDeletingService.java:call(131)) - Running DeletedBlockTransactionScanner
2022-10-11 12:50:25,770 [SCMBlockDeletingService#0] DEBUG block.SCMBlockDeletingService (DatanodeDeletedBlockTransactions.java:addTransactionToDN(50)) - Transaction added: d15f22e6-7d13-4df8-997b-1dbc14b1c401 <- TX(1)
2022-10-11 12:50:25,771 [SCMBlockDeletingService#0] DEBUG block.SCMBlockDeletingService (DatanodeDeletedBlockTransactions.java:addTransactionToDN(50)) - Transaction added: a5f5a137-50fd-4e34-893e-bbf5e2017a41 <- TX(1)
2022-10-11 12:50:25,771 [SCMBlockDeletingService#0] DEBUG block.SCMBlockDeletingService (DatanodeDeletedBlockTransactions.java:addTransactionToDN(50)) - Transaction added: 398056ab-e960-4ebd-a652-556788d1cc35 <- TX(1)
2022-10-11 12:50:25,771 [SCMBlockDeletingService#0] DEBUG block.SCMBlockDeletingService (DatanodeDeletedBlockTransactions.java:addTransactionToDN(50)) - Transaction added: 398056ab-e960-4ebd-a652-556788d1cc35 <- TX(2)
2022-10-11 12:50:25,771 [SCMBlockDeletingService#0] DEBUG block.SCMBlockDeletingService (DatanodeDeletedBlockTransactions.java:addTransactionToDN(50)) - Transaction added: d15f22e6-7d13-4df8-997b-1dbc14b1c401 <- TX(2)
2022-10-11 12:50:25,771 [SCMBlockDeletingService#0] DEBUG block.SCMBlockDeletingService (DatanodeDeletedBlockTransactions.java:addTransactionToDN(50)) - Transaction added: a5f5a137-50fd-4e34-893e-bbf5e2017a41 <- TX(2)
2022-10-11 12:50:25,771 [SCMBlockDeletingService#0] DEBUG block.SCMBlockDeletingService (DatanodeDeletedBlockTransactions.java:addTransactionToDN(50)) - Transaction added: d15f22e6-7d13-4df8-997b-1dbc14b1c401 <- TX(3)
2022-10-11 12:50:25,771 [SCMBlockDeletingService#0] DEBUG block.SCMBlockDeletingService (DatanodeDeletedBlockTransactions.java:addTransactionToDN(50)) - Transaction added: a5f5a137-50fd-4e34-893e-bbf5e2017a41 <- TX(3)
2022-10-11 12:50:25,771 [SCMBlockDeletingService#0] DEBUG block.SCMBlockDeletingService (DatanodeDeletedBlockTransactions.java:addTransactionToDN(50)) - Transaction added: 398056ab-e960-4ebd-a652-556788d1cc35 <- TX(3)
2022-10-11 12:50:25,771 [SCMBlockDeletingService#0] DEBUG block.SCMBlockDeletingService (DatanodeDeletedBlockTransactions.java:addTransactionToDN(50)) - Transaction added: 398056ab-e960-4ebd-a652-556788d1cc35 <- TX(4)
2022-10-11 12:50:25,771 [SCMBlockDeletingService#0] DEBUG block.SCMBlockDeletingService (DatanodeDeletedBlockTransactions.java:addTransactionToDN(50)) - Transaction added: d15f22e6-7d13-4df8-997b-1dbc14b1c401 <- TX(4)
2022-10-11 12:50:25,771 [SCMBlockDeletingService#0] DEBUG block.SCMBlockDeletingService (DatanodeDeletedBlockTransactions.java:addTransactionToDN(50)) - Transaction added: a5f5a137-50fd-4e34-893e-bbf5e2017a41 <- TX(4)
2022-10-11 12:50:25,771 [SCMBlockDeletingService#0] DEBUG block.SCMBlockDeletingService (DatanodeDeletedBlockTransactions.java:addTransactionToDN(50)) - Transaction added: d15f22e6-7d13-4df8-997b-1dbc14b1c401 <- TX(5)
2022-10-11 12:50:25,771 [SCMBlockDeletingService#0] DEBUG block.SCMBlockDeletingService (DatanodeDeletedBlockTransactions.java:addTransactionToDN(50)) - Transaction added: a5f5a137-50fd-4e34-893e-bbf5e2017a41 <- TX(5)
2022-10-11 12:50:25,771 [SCMBlockDeletingService#0] DEBUG block.SCMBlockDeletingService (DatanodeDeletedBlockTransactions.java:addTransactionToDN(50)) - Transaction added: 398056ab-e960-4ebd-a652-556788d1cc35 <- TX(5)
2022-10-11 12:50:25,771 [SCMBlockDeletingService#0] DEBUG block.SCMBlockDeletingService (DatanodeDeletedBlockTransactions.java:addTransactionToDN(50)) - Transaction added: 398056ab-e960-4ebd-a652-556788d1cc35 <- TX(6)
2022-10-11 12:50:25,771 [SCMBlockDeletingService#0] DEBUG block.SCMBlockDeletingService (DatanodeDeletedBlockTransactions.java:addTransactionToDN(50)) - Transaction added: d15f22e6-7d13-4df8-997b-1dbc14b1c401 <- TX(6)
2022-10-11 12:50:25,772 [SCMBlockDeletingService#0] DEBUG block.SCMBlockDeletingService (DatanodeDeletedBlockTransactions.java:addTransactionToDN(50)) - Transaction added: a5f5a137-50fd-4e34-893e-bbf5e2017a41 <- TX(6)
2022-10-11 12:50:25,772 [SCMBlockDeletingService#0] DEBUG block.SCMBlockDeletingService (SCMBlockDeletingService.java:call(162)) - Added delete block command for datanode a5f5a137-50fd-4e34-893e-bbf5e2017a41 in the queue, number of delete block transactions: 6
2022-10-11 12:50:25,772 [SCMBlockDeletingService#0] DEBUG block.SCMBlockDeletingService (SCMBlockDeletingService.java:call(162)) - Added delete block command for datanode d15f22e6-7d13-4df8-997b-1dbc14b1c401 in the queue, number of delete block transactions: 6
2022-10-11 12:50:25,772 [SCMBlockDeletingService#0] DEBUG block.SCMBlockDeletingService (SCMBlockDeletingService.java:call(162)) - Added delete block command for datanode 398056ab-e960-4ebd-a652-556788d1cc35 in the queue, number of delete block transactions: 6
2022-10-11 12:50:25,772 [SCMBlockDeletingService#0] INFO  block.SCMBlockDeletingService (SCMBlockDeletingService.java:call(172)) - Totally added 18 blocks to be deleted for 3 datanodes, task elapsed time: 1ms
2022-10-11 12:50:25,774 [org.apache.hadoop.ozone.container.common.statemachine.commandhandler.DeleteBlocksCommandHandler$DeleteCmdWorker@7b7e2ddc] INFO  commandhandler.DeleteBlocksCommandHandler (DeleteBlocksCommandHandler.java:processCmd(271)) - Start to delete container blocks, TXIDs=[1(0),2(0)], numOfContainers=2, numOfBlocks=2
2022-10-11 12:50:25,776 [org.apache.hadoop.ozone.container.common.statemachine.commandhandler.DeleteBlocksCommandHandler$DeleteCmdWorker@7b7e2ddc] INFO  commandhandler.DeleteBlocksCommandHandler (DeleteBlocksCommandHandler.java:processCmd(271)) - Start to delete container blocks, TXIDs=[1(3),2(3),3(0),4(0),5(0)], numOfContainers=5, numOfBlocks=5
2022-10-11 12:50:25,777 [org.apache.hadoop.ozone.container.common.statemachine.commandhandler.DeleteBlocksCommandHandler$DeleteCmdWorker@7b7e2ddc] INFO  commandhandler.DeleteBlocksCommandHandler (DeleteBlocksCommandHandler.java:processCmd(271)) - Start to delete container blocks, TXIDs=[1(6),2(6),3(3),4(3),5(3),6(0)], numOfContainers=6, numOfBlocks=6
2022-10-11 12:50:25,777 [org.apache.hadoop.ozone.container.common.statemachine.commandhandler.DeleteBlocksCommandHandler$DeleteCmdWorker@7b7e2ddc] INFO  commandhandler.DeleteBlocksCommandHandler (DeleteBlocksCommandHandler.java:processCmd(271)) - Start to delete container blocks, TXIDs=[1(6),2(6),3(3),4(3),5(3),6(0)], numOfContainers=6, numOfBlocks=6
2022-10-11 12:50:25,816 [BlockDeletingService#3] INFO  impl.FilePerBlockStrategy (FilePerBlockStrategy.java:deleteChunk(232)) - Deleted block file: /home/runner/work/ozone/ozone/hadoop-ozone/integration-test/target/test-dir/MiniOzoneClusterImpl-db539a0e-d368-4ad2-95d9-5fcc718fd6eb/datanode-0/data-0/containers/hdds/db539a0e-d368-4ad2-95d9-5fcc718fd6eb/current/containerDir0/4/chunks/109611004723200004.block
2022-10-11 12:50:25,818 [BlockDeletingService#3] INFO  impl.FilePerBlockStrategy (FilePerBlockStrategy.java:deleteChunk(232)) - Deleted block file: /home/runner/work/ozone/ozone/hadoop-ozone/integration-test/target/test-dir/MiniOzoneClusterImpl-db539a0e-d368-4ad2-95d9-5fcc718fd6eb/datanode-0/data-0/containers/hdds/db539a0e-d368-4ad2-95d9-5fcc718fd6eb/current/containerDir0/3/chunks/109611004723200003.block
2022-10-11 12:50:25,819 [BlockDeletingService#7] INFO  impl.FilePerBlockStrategy (FilePerBlockStrategy.java:deleteChunk(232)) - Deleted block file: /home/runner/work/ozone/ozone/hadoop-ozone/integration-test/target/test-dir/MiniOzoneClusterImpl-db539a0e-d368-4ad2-95d9-5fcc718fd6eb/datanode-0/data-0/containers/hdds/db539a0e-d368-4ad2-95d9-5fcc718fd6eb/current/containerDir0/2/chunks/109611004723200002.block
2022-10-11 12:50:25,819 [BlockDeletingService#2] INFO  impl.FilePerBlockStrategy (FilePerBlockStrategy.java:deleteChunk(232)) - Deleted block file: /home/runner/work/ozone/ozone/hadoop-ozone/integration-test/target/test-dir/MiniOzoneClusterImpl-db539a0e-d368-4ad2-95d9-5fcc718fd6eb/datanode-0/data-0/containers/hdds/db539a0e-d368-4ad2-95d9-5fcc718fd6eb/current/containerDir0/1/chunks/109611004723200001.block
2022-10-11 12:50:25,820 [BlockDeletingService#1] INFO  impl.FilePerBlockStrategy (FilePerBlockStrategy.java:deleteChunk(232)) - Deleted block file: /home/runner/work/ozone/ozone/hadoop-ozone/integration-test/target/test-dir/MiniOzoneClusterImpl-db539a0e-d368-4ad2-95d9-5fcc718fd6eb/datanode-0/data-0/containers/hdds/db539a0e-d368-4ad2-95d9-5fcc718fd6eb/current/containerDir0/6/chunks/109611004723200006.block
2022-10-11 12:50:25,816 [BlockDeletingService#6] INFO  impl.FilePerBlockStrategy (FilePerBlockStrategy.java:deleteChunk(232)) - Deleted block file: /home/runner/work/ozone/ozone/hadoop-ozone/integration-test/target/test-dir/MiniOzoneClusterImpl-db539a0e-d368-4ad2-95d9-5fcc718fd6eb/datanode-0/data-0/containers/hdds/db539a0e-d368-4ad2-95d9-5fcc718fd6eb/current/containerDir0/5/chunks/109611004723200005.block
2022-10-11 12:50:25,870 [SCMBlockDeletingService#0] DEBUG block.SCMBlockDeletingService (SCMBlockDeletingService.java:call(131)) - Running DeletedBlockTransactionScanner
2022-10-11 12:50:25,871 [SCMBlockDeletingService#0] DEBUG block.SCMBlockDeletingService (DatanodeDeletedBlockTransactions.java:addTransactionToDN(50)) - Transaction added: d15f22e6-7d13-4df8-997b-1dbc14b1c401 <- TX(1)
2022-10-11 12:50:25,871 [SCMBlockDeletingService#0] DEBUG block.SCMBlockDeletingService (DatanodeDeletedBlockTransactions.java:addTransactionToDN(50)) - Transaction added: a5f5a137-50fd-4e34-893e-bbf5e2017a41 <- TX(1)
2022-10-11 12:50:25,871 [SCMBlockDeletingService#0] DEBUG block.SCMBlockDeletingService (DatanodeDeletedBlockTransactions.java:addTransactionToDN(50)) - Transaction added: 398056ab-e960-4ebd-a652-556788d1cc35 <- TX(1)
2022-10-11 12:50:25,871 [SCMBlockDeletingService#0] DEBUG block.SCMBlockDeletingService (DatanodeDeletedBlockTransactions.java:addTransactionToDN(50)) - Transaction added: 398056ab-e960-4ebd-a652-556788d1cc35 <- TX(2)
2022-10-11 12:50:25,871 [SCMBlockDeletingService#0] DEBUG block.SCMBlockDeletingService (DatanodeDeletedBlockTransactions.java:addTransactionToDN(50)) - Transaction added: d15f22e6-7d13-4df8-997b-1dbc14b1c401 <- TX(2)
2022-10-11 12:50:25,871 [SCMBlockDeletingService#0] DEBUG block.SCMBlockDeletingService (DatanodeDeletedBlockTransactions.java:addTransactionToDN(50)) - Transaction added: a5f5a137-50fd-4e34-893e-bbf5e2017a41 <- TX(2)
2022-10-11 12:50:25,871 [SCMBlockDeletingService#0] DEBUG block.SCMBlockDeletingService (DatanodeDeletedBlockTransactions.java:addTransactionToDN(50)) - Transaction added: d15f22e6-7d13-4df8-997b-1dbc14b1c401 <- TX(3)
2022-10-11 12:50:25,871 [SCMBlockDeletingService#0] DEBUG block.SCMBlockDeletingService (DatanodeDeletedBlockTransactions.java:addTransactionToDN(50)) - Transaction added: a5f5a137-50fd-4e34-893e-bbf5e2017a41 <- TX(3)
2022-10-11 12:50:25,871 [SCMBlockDeletingService#0] DEBUG block.SCMBlockDeletingService (DatanodeDeletedBlockTransactions.java:addTransactionToDN(50)) - Transaction added: 398056ab-e960-4ebd-a652-556788d1cc35 <- TX(3)
2022-10-11 12:50:25,871 [SCMBlockDeletingService#0] DEBUG block.SCMBlockDeletingService (DatanodeDeletedBlockTransactions.java:addTransactionToDN(50)) - Transaction added: 398056ab-e960-4ebd-a652-556788d1cc35 <- TX(4)
2022-10-11 12:50:25,871 [SCMBlockDeletingService#0] DEBUG block.SCMBlockDeletingService (DatanodeDeletedBlockTransactions.java:addTransactionToDN(50)) - Transaction added: d15f22e6-7d13-4df8-997b-1dbc14b1c401 <- TX(4)
2022-10-11 12:50:25,871 [SCMBlockDeletingService#0] DEBUG block.SCMBlockDeletingService (DatanodeDeletedBlockTransactions.java:addTransactionToDN(50)) - Transaction added: a5f5a137-50fd-4e34-893e-bbf5e2017a41 <- TX(4)
2022-10-11 12:50:25,871 [SCMBlockDeletingService#0] DEBUG block.SCMBlockDeletingService (DatanodeDeletedBlockTransactions.java:addTransactionToDN(50)) - Transaction added: d15f22e6-7d13-4df8-997b-1dbc14b1c401 <- TX(5)
2022-10-11 12:50:25,871 [SCMBlockDeletingService#0] DEBUG block.SCMBlockDeletingService (DatanodeDeletedBlockTransactions.java:addTransactionToDN(50)) - Transaction added: a5f5a137-50fd-4e34-893e-bbf5e2017a41 <- TX(5)
2022-10-11 12:50:25,872 [SCMBlockDeletingService#0] DEBUG block.SCMBlockDeletingService (DatanodeDeletedBlockTransactions.java:addTransactionToDN(50)) - Transaction added: 398056ab-e960-4ebd-a652-556788d1cc35 <- TX(5)
2022-10-11 12:50:25,872 [SCMBlockDeletingService#0] DEBUG block.SCMBlockDeletingService (DatanodeDeletedBlockTransactions.java:addTransactionToDN(50)) - Transaction added: 398056ab-e960-4ebd-a652-556788d1cc35 <- TX(6)
2022-10-11 12:50:25,872 [SCMBlockDeletingService#0] DEBUG block.SCMBlockDeletingService (DatanodeDeletedBlockTransactions.java:addTransactionToDN(50)) - Transaction added: d15f22e6-7d13-4df8-997b-1dbc14b1c401 <- TX(6)
2022-10-11 12:50:25,872 [SCMBlockDeletingService#0] DEBUG block.SCMBlockDeletingService (DatanodeDeletedBlockTransactions.java:addTransactionToDN(50)) - Transaction added: a5f5a137-50fd-4e34-893e-bbf5e2017a41 <- TX(6)
2022-10-11 12:50:25,872 [SCMBlockDeletingService#0] DEBUG block.SCMBlockDeletingService (SCMBlockDeletingService.java:call(162)) - Added delete block command for datanode a5f5a137-50fd-4e34-893e-bbf5e2017a41 in the queue, number of delete block transactions: 6
2022-10-11 12:50:25,872 [SCMBlockDeletingService#0] DEBUG block.SCMBlockDeletingService (SCMBlockDeletingService.java:call(162)) - Added delete block command for datanode d15f22e6-7d13-4df8-997b-1dbc14b1c401 in the queue, number of delete block transactions: 6
2022-10-11 12:50:25,872 [SCMBlockDeletingService#0] DEBUG block.SCMBlockDeletingService (SCMBlockDeletingService.java:call(162)) - Added delete block command for datanode 398056ab-e960-4ebd-a652-556788d1cc35 in the queue, number of delete block transactions: 6
2022-10-11 12:50:25,872 [SCMBlockDeletingService#0] INFO  block.SCMBlockDeletingService (SCMBlockDeletingService.java:call(172)) - Totally added 18 blocks to be deleted for 3 datanodes, task elapsed time: 2ms
2022-10-11 12:50:25,902 [EventQueue-DeleteBlockStatusForDeletedBlockLogImpl] DEBUG block.DeletedBlockLogImpl (DeletedBlockLogImpl.java:isTransactionFailed(303)) - Got block deletion ACK from datanode, TXIDs=1, success=true
2022-10-11 12:50:25,902 [EventQueue-DeleteBlockStatusForDeletedBlockLogImpl] DEBUG block.DeletedBlockLogImpl (DeletedBlockLogImpl.java:commitTransactions(281)) - Datanode txId=1 containerId=#1 committed by dnId=d15f22e6-7d13-4df8-997b-1dbc14b1c401
2022-10-11 12:50:25,902 [EventQueue-DeleteBlockStatusForDeletedBlockLogImpl] DEBUG block.DeletedBlockLogImpl (DeletedBlockLogImpl.java:isTransactionFailed(303)) - Got block deletion ACK from datanode, TXIDs=2, success=true
2022-10-11 12:50:25,902 [EventQueue-DeleteBlockStatusForDeletedBlockLogImpl] DEBUG block.DeletedBlockLogImpl (DeletedBlockLogImpl.java:commitTransactions(281)) - Datanode txId=2 containerId=#2 committed by dnId=d15f22e6-7d13-4df8-997b-1dbc14b1c401
2022-10-11 12:50:25,970 [SCMBlockDeletingService#0] DEBUG block.SCMBlockDeletingService (SCMBlockDeletingService.java:call(131)) - Running DeletedBlockTransactionScanner
2022-10-11 12:50:25,971 [SCMBlockDeletingService#0] DEBUG block.SCMBlockDeletingService (DatanodeDeletedBlockTransactions.java:addTransactionToDN(50)) - Transaction added: a5f5a137-50fd-4e34-893e-bbf5e2017a41 <- TX(1)
2022-10-11 12:50:25,971 [SCMBlockDeletingService#0] DEBUG block.SCMBlockDeletingService (DatanodeDeletedBlockTransactions.java:addTransactionToDN(50)) - Transaction added: 398056ab-e960-4ebd-a652-556788d1cc35 <- TX(1)
2022-10-11 12:50:25,971 [SCMBlockDeletingService#0] DEBUG block.SCMBlockDeletingService (DatanodeDeletedBlockTransactions.java:addTransactionToDN(50)) - Transaction added: 398056ab-e960-4ebd-a652-556788d1cc35 <- TX(2)
2022-10-11 12:50:25,971 [SCMBlockDeletingService#0] DEBUG block.SCMBlockDeletingService (DatanodeDeletedBlockTransactions.java:addTransactionToDN(50)) - Transaction added: a5f5a137-50fd-4e34-893e-bbf5e2017a41 <- TX(2)
2022-10-11 12:50:25,971 [SCMBlockDeletingService#0] DEBUG block.SCMBlockDeletingService (DatanodeDeletedBlockTransactions.java:addTransactionToDN(50)) - Transaction added: d15f22e6-7d13-4df8-997b-1dbc14b1c401 <- TX(3)
2022-10-11 12:50:25,971 [SCMBlockDeletingService#0] DEBUG block.SCMBlockDeletingService (DatanodeDeletedBlockTransactions.java:addTransactionToDN(50)) - Transaction added: a5f5a137-50fd-4e34-893e-bbf5e2017a41 <- TX(3)
2022-10-11 12:50:25,971 [SCMBlockDeletingService#0] DEBUG block.SCMBlockDeletingService (DatanodeDeletedBlockTransactions.java:addTransactionToDN(50)) - Transaction added: 398056ab-e960-4ebd-a652-556788d1cc35 <- TX(3)
2022-10-11 12:50:25,971 [SCMBlockDeletingService#0] DEBUG block.SCMBlockDeletingService (DatanodeDeletedBlockTransactions.java:addTransactionToDN(50)) - Transaction added: 398056ab-e960-4ebd-a652-556788d1cc35 <- TX(4)
2022-10-11 12:50:25,971 [SCMBlockDeletingService#0] DEBUG block.SCMBlockDeletingService (DatanodeDeletedBlockTransactions.java:addTransactionToDN(50)) - Transaction added: d15f22e6-7d13-4df8-997b-1dbc14b1c401 <- TX(4)
2022-10-11 12:50:25,971 [SCMBlockDeletingService#0] DEBUG block.SCMBlockDeletingService (DatanodeDeletedBlockTransactions.java:addTransactionToDN(50)) - Transaction added: a5f5a137-50fd-4e34-893e-bbf5e2017a41 <- TX(4)
2022-10-11 12:50:25,971 [SCMBlockDeletingService#0] DEBUG block.SCMBlockDeletingService (DatanodeDeletedBlockTransactions.java:addTransactionToDN(50)) - Transaction added: d15f22e6-7d13-4df8-997b-1dbc14b1c401 <- TX(5)
2022-10-11 12:50:25,971 [SCMBlockDeletingService#0] DEBUG block.SCMBlockDeletingService (DatanodeDeletedBlockTransactions.java:addTransactionToDN(50)) - Transaction added: a5f5a137-50fd-4e34-893e-bbf5e2017a41 <- TX(5)
2022-10-11 12:50:25,971 [SCMBlockDeletingService#0] DEBUG block.SCMBlockDeletingService (DatanodeDeletedBlockTransactions.java:addTransactionToDN(50)) - Transaction added: 398056ab-e960-4ebd-a652-556788d1cc35 <- TX(5)
2022-10-11 12:50:25,972 [SCMBlockDeletingService#0] DEBUG block.SCMBlockDeletingService (DatanodeDeletedBlockTransactions.java:addTransactionToDN(50)) - Transaction added: 398056ab-e960-4ebd-a652-556788d1cc35 <- TX(6)
2022-10-11 12:50:25,972 [SCMBlockDeletingService#0] DEBUG block.SCMBlockDeletingService (DatanodeDeletedBlockTransactions.java:addTransactionToDN(50)) - Transaction added: d15f22e6-7d13-4df8-997b-1dbc14b1c401 <- TX(6)
2022-10-11 12:50:25,972 [SCMBlockDeletingService#0] DEBUG block.SCMBlockDeletingService (DatanodeDeletedBlockTransactions.java:addTransactionToDN(50)) - Transaction added: a5f5a137-50fd-4e34-893e-bbf5e2017a41 <- TX(6)
2022-10-11 12:50:25,972 [SCMBlockDeletingService#0] DEBUG block.SCMBlockDeletingService (SCMBlockDeletingService.java:call(162)) - Added delete block command for datanode a5f5a137-50fd-4e34-893e-bbf5e2017a41 in the queue, number of delete block transactions: 6
2022-10-11 12:50:25,972 [SCMBlockDeletingService#0] DEBUG block.SCMBlockDeletingService (SCMBlockDeletingService.java:call(162)) - Added delete block command for datanode d15f22e6-7d13-4df8-997b-1dbc14b1c401 in the queue, number of delete block transactions: 4
2022-10-11 12:50:25,972 [SCMBlockDeletingService#0] DEBUG block.SCMBlockDeletingService (SCMBlockDeletingService.java:call(162)) - Added delete block command for datanode 398056ab-e960-4ebd-a652-556788d1cc35 in the queue, number of delete block transactions: 6
2022-10-11 12:50:25,972 [SCMBlockDeletingService#0] INFO  block.SCMBlockDeletingService (SCMBlockDeletingService.java:call(172)) - Totally added 16 blocks to be deleted for 3 datanodes, task elapsed time: 1ms
2022-10-11 12:50:26,070 [SCMBlockDeletingService#0] DEBUG block.SCMBlockDeletingService (SCMBlockDeletingService.java:call(131)) - Running DeletedBlockTransactionScanner
2022-10-11 12:50:26,071 [SCMBlockDeletingService#0] DEBUG block.SCMBlockDeletingService (DatanodeDeletedBlockTransactions.java:addTransactionToDN(50)) - Transaction added: a5f5a137-50fd-4e34-893e-bbf5e2017a41 <- TX(1)
2022-10-11 12:50:26,071 [SCMBlockDeletingService#0] DEBUG block.SCMBlockDeletingService (DatanodeDeletedBlockTransactions.java:addTransactionToDN(50)) - Transaction added: 398056ab-e960-4ebd-a652-556788d1cc35 <- TX(1)
2022-10-11 12:50:26,071 [SCMBlockDeletingService#0] DEBUG block.SCMBlockDeletingService (DatanodeDeletedBlockTransactions.java:addTransactionToDN(50)) - Transaction added: 398056ab-e960-4ebd-a652-556788d1cc35 <- TX(2)
2022-10-11 12:50:26,071 [SCMBlockDeletingService#0] DEBUG block.SCMBlockDeletingService (DatanodeDeletedBlockTransactions.java:addTransactionToDN(50)) - Transaction added: a5f5a137-50fd-4e34-893e-bbf5e2017a41 <- TX(2)
2022-10-11 12:50:26,071 [SCMBlockDeletingService#0] DEBUG block.SCMBlockDeletingService (DatanodeDeletedBlockTransactions.java:addTransactionToDN(50)) - Transaction added: d15f22e6-7d13-4df8-997b-1dbc14b1c401 <- TX(3)
2022-10-11 12:50:26,071 [SCMBlockDeletingService#0] DEBUG block.SCMBlockDeletingService (DatanodeDeletedBlockTransactions.java:addTransactionToDN(50)) - Transaction added: a5f5a137-50fd-4e34-893e-bbf5e2017a41 <- TX(3)
2022-10-11 12:50:26,071 [SCMBlockDeletingService#0] DEBUG block.SCMBlockDeletingService (DatanodeDeletedBlockTransactions.java:addTransactionToDN(50)) - Transaction added: 398056ab-e960-4ebd-a652-556788d1cc35 <- TX(3)
2022-10-11 12:50:26,071 [SCMBlockDeletingService#0] DEBUG block.SCMBlockDeletingService (DatanodeDeletedBlockTransactions.java:addTransactionToDN(50)) - Transaction added: 398056ab-e960-4ebd-a652-556788d1cc35 <- TX(4)
2022-10-11 12:50:26,071 [SCMBlockDeletingService#0] DEBUG block.SCMBlockDeletingService (DatanodeDeletedBlockTransactions.java:addTransactionToDN(50)) - Transaction added: d15f22e6-7d13-4df8-997b-1dbc14b1c401 <- TX(4)
2022-10-11 12:50:26,072 [SCMBlockDeletingService#0] DEBUG block.SCMBlockDeletingService (DatanodeDeletedBlockTransactions.java:addTransactionToDN(50)) - Transaction added: a5f5a137-50fd-4e34-893e-bbf5e2017a41 <- TX(4)
2022-10-11 12:50:26,072 [SCMBlockDeletingService#0] DEBUG block.SCMBlockDeletingService (DatanodeDeletedBlockTransactions.java:addTransactionToDN(50)) - Transaction added: d15f22e6-7d13-4df8-997b-1dbc14b1c401 <- TX(5)
2022-10-11 12:50:26,072 [SCMBlockDeletingService#0] DEBUG block.SCMBlockDeletingService (DatanodeDeletedBlockTransactions.java:addTransactionToDN(50)) - Transaction added: a5f5a137-50fd-4e34-893e-bbf5e2017a41 <- TX(5)
2022-10-11 12:50:26,072 [SCMBlockDeletingService#0] DEBUG block.SCMBlockDeletingService (DatanodeDeletedBlockTransactions.java:addTransactionToDN(50)) - Transaction added: 398056ab-e960-4ebd-a652-556788d1cc35 <- TX(5)
2022-10-11 12:50:26,072 [SCMBlockDeletingService#0] DEBUG block.SCMBlockDeletingService (DatanodeDeletedBlockTransactions.java:addTransactionToDN(50)) - Transaction added: 398056ab-e960-4ebd-a652-556788d1cc35 <- TX(6)
2022-10-11 12:50:26,072 [SCMBlockDeletingService#0] DEBUG block.SCMBlockDeletingService (DatanodeDeletedBlockTransactions.java:addTransactionToDN(50)) - Transaction added: d15f22e6-7d13-4df8-997b-1dbc14b1c401 <- TX(6)
2022-10-11 12:50:26,072 [SCMBlockDeletingService#0] DEBUG block.SCMBlockDeletingService (DatanodeDeletedBlockTransactions.java:addTransactionToDN(50)) - Transaction added: a5f5a137-50fd-4e34-893e-bbf5e2017a41 <- TX(6)
2022-10-11 12:50:26,072 [SCMBlockDeletingService#0] DEBUG block.SCMBlockDeletingService (SCMBlockDeletingService.java:call(162)) - Added delete block command for datanode a5f5a137-50fd-4e34-893e-bbf5e2017a41 in the queue, number of delete block transactions: 6
2022-10-11 12:50:26,072 [SCMBlockDeletingService#0] DEBUG block.SCMBlockDeletingService (SCMBlockDeletingService.java:call(162)) - Added delete block command for datanode d15f22e6-7d13-4df8-997b-1dbc14b1c401 in the queue, number of delete block transactions: 4
2022-10-11 12:50:26,072 [SCMBlockDeletingService#0] DEBUG block.SCMBlockDeletingService (SCMBlockDeletingService.java:call(162)) - Added delete block command for datanode 398056ab-e960-4ebd-a652-556788d1cc35 in the queue, number of delete block transactions: 6
2022-10-11 12:50:26,072 [SCMBlockDeletingService#0] INFO  block.SCMBlockDeletingService (SCMBlockDeletingService.java:call(172)) - Totally added 16 blocks to be deleted for 3 datanodes, task elapsed time: 2ms
2022-10-11 12:50:26,101 [EventQueue-DeleteBlockStatusForDeletedBlockLogImpl] DEBUG block.DeletedBlockLogImpl (DeletedBlockLogImpl.java:isTransactionFailed(303)) - Got block deletion ACK from datanode, TXIDs=1, success=true
2022-10-11 12:50:26,102 [EventQueue-DeleteBlockStatusForDeletedBlockLogImpl] DEBUG block.DeletedBlockLogImpl (DeletedBlockLogImpl.java:commitTransactions(281)) - Datanode txId=1 containerId=#1 committed by dnId=d15f22e6-7d13-4df8-997b-1dbc14b1c401
2022-10-11 12:50:26,102 [EventQueue-DeleteBlockStatusForDeletedBlockLogImpl] DEBUG block.DeletedBlockLogImpl (DeletedBlockLogImpl.java:isTransactionFailed(303)) - Got block deletion ACK from datanode, TXIDs=2, success=true
2022-10-11 12:50:26,102 [EventQueue-DeleteBlockStatusForDeletedBlockLogImpl] DEBUG block.DeletedBlockLogImpl (DeletedBlockLogImpl.java:commitTransactions(281)) - Datanode txId=2 containerId=#2 committed by dnId=d15f22e6-7d13-4df8-997b-1dbc14b1c401
2022-10-11 12:50:26,102 [EventQueue-DeleteBlockStatusForDeletedBlockLogImpl] DEBUG block.DeletedBlockLogImpl (DeletedBlockLogImpl.java:isTransactionFailed(303)) - Got block deletion ACK from datanode, TXIDs=3, success=true
2022-10-11 12:50:26,102 [EventQueue-DeleteBlockStatusForDeletedBlockLogImpl] DEBUG block.DeletedBlockLogImpl (DeletedBlockLogImpl.java:commitTransactions(281)) - Datanode txId=3 containerId=#3 committed by dnId=d15f22e6-7d13-4df8-997b-1dbc14b1c401
2022-10-11 12:50:26,102 [EventQueue-DeleteBlockStatusForDeletedBlockLogImpl] DEBUG block.DeletedBlockLogImpl (DeletedBlockLogImpl.java:isTransactionFailed(303)) - Got block deletion ACK from datanode, TXIDs=4, success=true
2022-10-11 12:50:26,102 [EventQueue-DeleteBlockStatusForDeletedBlockLogImpl] DEBUG block.DeletedBlockLogImpl (DeletedBlockLogImpl.java:commitTransactions(281)) - Datanode txId=4 containerId=#4 committed by dnId=d15f22e6-7d13-4df8-997b-1dbc14b1c401
2022-10-11 12:50:26,102 [EventQueue-DeleteBlockStatusForDeletedBlockLogImpl] DEBUG block.DeletedBlockLogImpl (DeletedBlockLogImpl.java:isTransactionFailed(303)) - Got block deletion ACK from datanode, TXIDs=5, success=true
2022-10-11 12:50:26,102 [EventQueue-DeleteBlockStatusForDeletedBlockLogImpl] DEBUG block.DeletedBlockLogImpl (DeletedBlockLogImpl.java:commitTransactions(281)) - Datanode txId=5 containerId=#5 committed by dnId=d15f22e6-7d13-4df8-997b-1dbc14b1c401
2022-10-11 12:50:26,102 [EventQueue-DeleteBlockStatusForDeletedBlockLogImpl] DEBUG block.DeletedBlockLogImpl (DeletedBlockLogImpl.java:isTransactionFailed(303)) - Got block deletion ACK from datanode, TXIDs=6, success=true
2022-10-11 12:50:26,102 [EventQueue-DeleteBlockStatusForDeletedBlockLogImpl] DEBUG block.DeletedBlockLogImpl (DeletedBlockLogImpl.java:commitTransactions(281)) - Datanode txId=6 containerId=#6 committed by dnId=d15f22e6-7d13-4df8-997b-1dbc14b1c401
2022-10-11 12:50:26,102 [EventQueue-DeleteBlockStatusForDeletedBlockLogImpl] DEBUG block.DeletedBlockLogImpl (DeletedBlockLogImpl.java:isTransactionFailed(303)) - Got block deletion ACK from datanode, TXIDs=1, success=true
2022-10-11 12:50:26,102 [EventQueue-DeleteBlockStatusForDeletedBlockLogImpl] DEBUG block.DeletedBlockLogImpl (DeletedBlockLogImpl.java:commitTransactions(281)) - Datanode txId=1 containerId=#1 committed by dnId=d15f22e6-7d13-4df8-997b-1dbc14b1c401
2022-10-11 12:50:26,102 [EventQueue-DeleteBlockStatusForDeletedBlockLogImpl] DEBUG block.DeletedBlockLogImpl (DeletedBlockLogImpl.java:isTransactionFailed(303)) - Got block deletion ACK from datanode, TXIDs=2, success=true
2022-10-11 12:50:26,102 [EventQueue-DeleteBlockStatusForDeletedBlockLogImpl] DEBUG block.DeletedBlockLogImpl (DeletedBlockLogImpl.java:commitTransactions(281)) - Datanode txId=2 containerId=#2 committed by dnId=d15f22e6-7d13-4df8-997b-1dbc14b1c401
2022-10-11 12:50:26,102 [EventQueue-DeleteBlockStatusForDeletedBlockLogImpl] DEBUG block.DeletedBlockLogImpl (DeletedBlockLogImpl.java:isTransactionFailed(303)) - Got block deletion ACK from datanode, TXIDs=3, success=true
2022-10-11 12:50:26,103 [EventQueue-DeleteBlockStatusForDeletedBlockLogImpl] DEBUG block.DeletedBlockLogImpl (DeletedBlockLogImpl.java:commitTransactions(281)) - Datanode txId=3 containerId=#3 committed by dnId=d15f22e6-7d13-4df8-997b-1dbc14b1c401
2022-10-11 12:50:26,103 [EventQueue-DeleteBlockStatusForDeletedBlockLogImpl] DEBUG block.DeletedBlockLogImpl (DeletedBlockLogImpl.java:isTransactionFailed(303)) - Got block deletion ACK from datanode, TXIDs=4, success=true
2022-10-11 12:50:26,103 [EventQueue-DeleteBlockStatusForDeletedBlockLogImpl] DEBUG block.DeletedBlockLogImpl (DeletedBlockLogImpl.java:commitTransactions(281)) - Datanode txId=4 containerId=#4 committed by dnId=d15f22e6-7d13-4df8-997b-1dbc14b1c401
2022-10-11 12:50:26,103 [EventQueue-DeleteBlockStatusForDeletedBlockLogImpl] DEBUG block.DeletedBlockLogImpl (DeletedBlockLogImpl.java:isTransactionFailed(303)) - Got block deletion ACK from datanode, TXIDs=5, success=true
2022-10-11 12:50:26,103 [EventQueue-DeleteBlockStatusForDeletedBlockLogImpl] DEBUG block.DeletedBlockLogImpl (DeletedBlockLogImpl.java:commitTransactions(281)) - Datanode txId=5 containerId=#5 committed by dnId=d15f22e6-7d13-4df8-997b-1dbc14b1c401
2022-10-11 12:50:26,103 [EventQueue-DeleteBlockStatusForDeletedBlockLogImpl] DEBUG block.DeletedBlockLogImpl (DeletedBlockLogImpl.java:isTransactionFailed(303)) - Got block deletion ACK from datanode, TXIDs=6, success=true
2022-10-11 12:50:26,103 [EventQueue-DeleteBlockStatusForDeletedBlockLogImpl] DEBUG block.DeletedBlockLogImpl (DeletedBlockLogImpl.java:commitTransactions(281)) - Datanode txId=6 containerId=#6 committed by dnId=d15f22e6-7d13-4df8-997b-1dbc14b1c401
2022-10-11 12:50:26,103 [EventQueue-DeleteBlockStatusForDeletedBlockLogImpl] DEBUG block.DeletedBlockLogImpl (DeletedBlockLogImpl.java:isTransactionFailed(303)) - Got block deletion ACK from datanode, TXIDs=1, success=true
2022-10-11 12:50:26,103 [EventQueue-DeleteBlockStatusForDeletedBlockLogImpl] DEBUG block.DeletedBlockLogImpl (DeletedBlockLogImpl.java:commitTransactions(281)) - Datanode txId=1 containerId=#1 committed by dnId=d15f22e6-7d13-4df8-997b-1dbc14b1c401
2022-10-11 12:50:26,103 [EventQueue-DeleteBlockStatusForDeletedBlockLogImpl] DEBUG block.DeletedBlockLogImpl (DeletedBlockLogImpl.java:isTransactionFailed(303)) - Got block deletion ACK from datanode, TXIDs=2, success=true
2022-10-11 12:50:26,103 [EventQueue-DeleteBlockStatusForDeletedBlockLogImpl] DEBUG block.DeletedBlockLogImpl (DeletedBlockLogImpl.java:commitTransactions(281)) - Datanode txId=2 containerId=#2 committed by dnId=d15f22e6-7d13-4df8-997b-1dbc14b1c401
2022-10-11 12:50:26,103 [EventQueue-DeleteBlockStatusForDeletedBlockLogImpl] DEBUG block.DeletedBlockLogImpl (DeletedBlockLogImpl.java:isTransactionFailed(303)) - Got block deletion ACK from datanode, TXIDs=3, success=true
2022-10-11 12:50:26,103 [EventQueue-DeleteBlockStatusForDeletedBlockLogImpl] DEBUG block.DeletedBlockLogImpl (DeletedBlockLogImpl.java:commitTransactions(281)) - Datanode txId=3 containerId=#3 committed by dnId=d15f22e6-7d13-4df8-997b-1dbc14b1c401
2022-10-11 12:50:26,103 [EventQueue-DeleteBlockStatusForDeletedBlockLogImpl] DEBUG block.DeletedBlockLogImpl (DeletedBlockLogImpl.java:isTransactionFailed(303)) - Got block deletion ACK from datanode, TXIDs=4, success=true
2022-10-11 12:50:26,103 [EventQueue-DeleteBlockStatusForDeletedBlockLogImpl] DEBUG block.DeletedBlockLogImpl (DeletedBlockLogImpl.java:commitTransactions(281)) - Datanode txId=4 containerId=#4 committed by dnId=d15f22e6-7d13-4df8-997b-1dbc14b1c401
2022-10-11 12:50:26,103 [EventQueue-DeleteBlockStatusForDeletedBlockLogImpl] DEBUG block.DeletedBlockLogImpl (DeletedBlockLogImpl.java:isTransactionFailed(303)) - Got block deletion ACK from datanode, TXIDs=5, success=true
2022-10-11 12:50:26,103 [EventQueue-DeleteBlockStatusForDeletedBlockLogImpl] DEBUG block.DeletedBlockLogImpl (DeletedBlockLogImpl.java:commitTransactions(281)) - Datanode txId=5 containerId=#5 committed by dnId=d15f22e6-7d13-4df8-997b-1dbc14b1c401
2022-10-11 12:50:26,111 [org.apache.hadoop.ozone.container.common.statemachine.commandhandler.DeleteBlocksCommandHandler$DeleteCmdWorker@13d9360f] INFO  commandhandler.DeleteBlocksCommandHandler (DeleteBlocksCommandHandler.java:processCmd(271)) - Start to delete container blocks, TXIDs=[1(0),2(0)], numOfContainers=2, numOfBlocks=2
2022-10-11 12:50:26,112 [org.apache.hadoop.ozone.container.common.statemachine.commandhandler.DeleteBlocksCommandHandler$DeleteCmdWorker@13d9360f] INFO  commandhandler.DeleteBlocksCommandHandler (DeleteBlocksCommandHandler.java:processCmd(271)) - Start to delete container blocks, TXIDs=[1(3),2(3),3(0),4(0),5(0)], numOfContainers=5, numOfBlocks=5
2022-10-11 12:50:26,114 [org.apache.hadoop.ozone.container.common.statemachine.commandhandler.DeleteBlocksCommandHandler$DeleteCmdWorker@13d9360f] INFO  commandhandler.DeleteBlocksCommandHandler (DeleteBlocksCommandHandler.java:processCmd(271)) - Start to delete container blocks, TXIDs=[1(6),2(6),3(3),4(3),5(3),6(0)], numOfContainers=6, numOfBlocks=6
2022-10-11 12:50:26,114 [org.apache.hadoop.ozone.container.common.statemachine.commandhandler.DeleteBlocksCommandHandler$DeleteCmdWorker@13d9360f] INFO  commandhandler.DeleteBlocksCommandHandler (DeleteBlocksCommandHandler.java:processCmd(271)) - Start to delete container blocks, TXIDs=[1(6),2(6),3(3),4(3),5(3),6(0)], numOfContainers=6, numOfBlocks=6
2022-10-11 12:50:26,114 [org.apache.hadoop.ozone.container.common.statemachine.commandhandler.DeleteBlocksCommandHandler$DeleteCmdWorker@13d9360f] INFO  commandhandler.DeleteBlocksCommandHandler (DeleteBlocksCommandHandler.java:processCmd(271)) - Start to delete container blocks, TXIDs=[1(12),2(12),3(9),4(9),5(9),6(6)], numOfContainers=6, numOfBlocks=6
2022-10-11 12:50:26,114 [org.apache.hadoop.ozone.container.common.statemachine.commandhandler.DeleteBlocksCommandHandler$DeleteCmdWorker@13d9360f] INFO  commandhandler.DeleteBlocksCommandHandler (DeleteBlocksCommandHandler.java:processCmd(271)) - Start to delete container blocks, TXIDs=[1(12),2(12),3(9),4(9),5(9),6(6)], numOfContainers=6, numOfBlocks=6
2022-10-11 12:50:26,141 [BlockDeletingService#2] INFO  impl.FilePerBlockStrategy (FilePerBlockStrategy.java:deleteChunk(232)) - Deleted block file: /home/runner/work/ozone/ozone/hadoop-ozone/integration-test/target/test-dir/MiniOzoneClusterImpl-db539a0e-d368-4ad2-95d9-5fcc718fd6eb/datanode-1/data-0/containers/hdds/db539a0e-d368-4ad2-95d9-5fcc718fd6eb/current/containerDir0/1/chunks/109611004723200001.block
2022-10-11 12:50:26,142 [BlockDeletingService#2] INFO  impl.FilePerBlockStrategy (FilePerBlockStrategy.java:deleteChunk(232)) - Deleted block file: /home/runner/work/ozone/ozone/hadoop-ozone/integration-test/target/test-dir/MiniOzoneClusterImpl-db539a0e-d368-4ad2-95d9-5fcc718fd6eb/datanode-1/data-0/containers/hdds/db539a0e-d368-4ad2-95d9-5fcc718fd6eb/current/containerDir0/6/chunks/109611004723200006.block
2022-10-11 12:50:26,144 [BlockDeletingService#1] INFO  impl.FilePerBlockStrategy (FilePerBlockStrategy.java:deleteChunk(232)) - Deleted block file: /home/runner/work/ozone/ozone/hadoop-ozone/integration-test/target/test-dir/MiniOzoneClusterImpl-db539a0e-d368-4ad2-95d9-5fcc718fd6eb/datanode-1/data-0/containers/hdds/db539a0e-d368-4ad2-95d9-5fcc718fd6eb/current/containerDir0/4/chunks/109611004723200004.block
2022-10-11 12:50:26,145 [BlockDeletingService#6] INFO  impl.FilePerBlockStrategy (FilePerBlockStrategy.java:deleteChunk(232)) - Deleted block file: /home/runner/work/ozone/ozone/hadoop-ozone/integration-test/target/test-dir/MiniOzoneClusterImpl-db539a0e-d368-4ad2-95d9-5fcc718fd6eb/datanode-1/data-0/containers/hdds/db539a0e-d368-4ad2-95d9-5fcc718fd6eb/current/containerDir0/3/chunks/109611004723200003.block
2022-10-11 12:50:26,146 [BlockDeletingService#1] INFO  impl.FilePerBlockStrategy (FilePerBlockStrategy.java:deleteChunk(232)) - Deleted block file: /home/runner/work/ozone/ozone/hadoop-ozone/integration-test/target/test-dir/MiniOzoneClusterImpl-db539a0e-d368-4ad2-95d9-5fcc718fd6eb/datanode-1/data-0/containers/hdds/db539a0e-d368-4ad2-95d9-5fcc718fd6eb/current/containerDir0/2/chunks/109611004723200002.block
2022-10-11 12:50:26,146 [BlockDeletingService#2] INFO  impl.FilePerBlockStrategy (FilePerBlockStrategy.java:deleteChunk(232)) - Deleted block file: /home/runner/work/ozone/ozone/hadoop-ozone/integration-test/target/test-dir/MiniOzoneClusterImpl-db539a0e-d368-4ad2-95d9-5fcc718fd6eb/datanode-1/data-0/containers/hdds/db539a0e-d368-4ad2-95d9-5fcc718fd6eb/current/containerDir0/5/chunks/109611004723200005.block
2022-10-11 12:50:26,171 [SCMBlockDeletingService#0] DEBUG block.SCMBlockDeletingService (SCMBlockDeletingService.java:call(131)) - Running DeletedBlockTransactionScanner
2022-10-11 12:50:26,171 [SCMBlockDeletingService#0] DEBUG block.SCMBlockDeletingService (DatanodeDeletedBlockTransactions.java:addTransactionToDN(50)) - Transaction added: a5f5a137-50fd-4e34-893e-bbf5e2017a41 <- TX(1)
2022-10-11 12:50:26,171 [SCMBlockDeletingService#0] DEBUG block.SCMBlockDeletingService (DatanodeDeletedBlockTransactions.java:addTransactionToDN(50)) - Transaction added: 398056ab-e960-4ebd-a652-556788d1cc35 <- TX(1)
2022-10-11 12:50:26,171 [SCMBlockDeletingService#0] DEBUG block.SCMBlockDeletingService (DatanodeDeletedBlockTransactions.java:addTransactionToDN(50)) - Transaction added: 398056ab-e960-4ebd-a652-556788d1cc35 <- TX(2)
2022-10-11 12:50:26,171 [SCMBlockDeletingService#0] DEBUG block.SCMBlockDeletingService (DatanodeDeletedBlockTransactions.java:addTransactionToDN(50)) - Transaction added: a5f5a137-50fd-4e34-893e-bbf5e2017a41 <- TX(2)
2022-10-11 12:50:26,171 [SCMBlockDeletingService#0] DEBUG block.SCMBlockDeletingService (DatanodeDeletedBlockTransactions.java:addTransactionToDN(50)) - Transaction added: a5f5a137-50fd-4e34-893e-bbf5e2017a41 <- TX(3)
2022-10-11 12:50:26,171 [SCMBlockDeletingService#0] DEBUG block.SCMBlockDeletingService (DatanodeDeletedBlockTransactions.java:addTransactionToDN(50)) - Transaction added: 398056ab-e960-4ebd-a652-556788d1cc35 <- TX(3)
2022-10-11 12:50:26,171 [SCMBlockDeletingService#0] DEBUG block.SCMBlockDeletingService (DatanodeDeletedBlockTransactions.java:addTransactionToDN(50)) - Transaction added: 398056ab-e960-4ebd-a652-556788d1cc35 <- TX(4)
2022-10-11 12:50:26,171 [SCMBlockDeletingService#0] DEBUG block.SCMBlockDeletingService (DatanodeDeletedBlockTransactions.java:addTransactionToDN(50)) - Transaction added: a5f5a137-50fd-4e34-893e-bbf5e2017a41 <- TX(4)
2022-10-11 12:50:26,171 [SCMBlockDeletingService#0] DEBUG block.SCMBlockDeletingService (DatanodeDeletedBlockTransactions.java:addTransactionToDN(50)) - Transaction added: a5f5a137-50fd-4e34-893e-bbf5e2017a41 <- TX(5)
2022-10-11 12:50:26,172 [SCMBlockDeletingService#0] DEBUG block.SCMBlockDeletingService (DatanodeDeletedBlockTransactions.java:addTransactionToDN(50)) - Transaction added: 398056ab-e960-4ebd-a652-556788d1cc35 <- TX(5)
2022-10-11 12:50:26,172 [SCMBlockDeletingService#0] DEBUG block.SCMBlockDeletingService (DatanodeDeletedBlockTransactions.java:addTransactionToDN(50)) - Transaction added: 398056ab-e960-4ebd-a652-556788d1cc35 <- TX(6)
2022-10-11 12:50:26,172 [SCMBlockDeletingService#0] DEBUG block.SCMBlockDeletingService (DatanodeDeletedBlockTransactions.java:addTransactionToDN(50)) - Transaction added: a5f5a137-50fd-4e34-893e-bbf5e2017a41 <- TX(6)
2022-10-11 12:50:26,172 [SCMBlockDeletingService#0] DEBUG block.SCMBlockDeletingService (SCMBlockDeletingService.java:call(162)) - Added delete block command for datanode a5f5a137-50fd-4e34-893e-bbf5e2017a41 in the queue, number of delete block transactions: 6
2022-10-11 12:50:26,172 [SCMBlockDeletingService#0] DEBUG block.SCMBlockDeletingService (SCMBlockDeletingService.java:call(162)) - Added delete block command for datanode 398056ab-e960-4ebd-a652-556788d1cc35 in the queue, number of delete block transactions: 6
2022-10-11 12:50:26,172 [SCMBlockDeletingService#0] INFO  block.SCMBlockDeletingService (SCMBlockDeletingService.java:call(172)) - Totally added 12 blocks to be deleted for 2 datanodes, task elapsed time: 1ms
2022-10-11 12:50:26,271 [SCMBlockDeletingService#0] DEBUG block.SCMBlockDeletingService (SCMBlockDeletingService.java:call(131)) - Running DeletedBlockTransactionScanner
2022-10-11 12:50:26,271 [SCMBlockDeletingService#0] DEBUG block.SCMBlockDeletingService (DatanodeDeletedBlockTransactions.java:addTransactionToDN(50)) - Transaction added: a5f5a137-50fd-4e34-893e-bbf5e2017a41 <- TX(1)
2022-10-11 12:50:26,271 [SCMBlockDeletingService#0] DEBUG block.SCMBlockDeletingService (DatanodeDeletedBlockTransactions.java:addTransactionToDN(50)) - Transaction added: 398056ab-e960-4ebd-a652-556788d1cc35 <- TX(1)
2022-10-11 12:50:26,271 [SCMBlockDeletingService#0] DEBUG block.SCMBlockDeletingService (DatanodeDeletedBlockTransactions.java:addTransactionToDN(50)) - Transaction added: 398056ab-e960-4ebd-a652-556788d1cc35 <- TX(2)
2022-10-11 12:50:26,271 [SCMBlockDeletingService#0] DEBUG block.SCMBlockDeletingService (DatanodeDeletedBlockTransactions.java:addTransactionToDN(50)) - Transaction added: a5f5a137-50fd-4e34-893e-bbf5e2017a41 <- TX(2)
2022-10-11 12:50:26,271 [SCMBlockDeletingService#0] DEBUG block.SCMBlockDeletingService (DatanodeDeletedBlockTransactions.java:addTransactionToDN(50)) - Transaction added: a5f5a137-50fd-4e34-893e-bbf5e2017a41 <- TX(3)
2022-10-11 12:50:26,271 [SCMBlockDeletingService#0] DEBUG block.SCMBlockDeletingService (DatanodeDeletedBlockTransactions.java:addTransactionToDN(50)) - Transaction added: 398056ab-e960-4ebd-a652-556788d1cc35 <- TX(3)
2022-10-11 12:50:26,271 [SCMBlockDeletingService#0] DEBUG block.SCMBlockDeletingService (DatanodeDeletedBlockTransactions.java:addTransactionToDN(50)) - Transaction added: 398056ab-e960-4ebd-a652-556788d1cc35 <- TX(4)
2022-10-11 12:50:26,272 [SCMBlockDeletingService#0] DEBUG block.SCMBlockDeletingService (DatanodeDeletedBlockTransactions.java:addTransactionToDN(50)) - Transaction added: a5f5a137-50fd-4e34-893e-bbf5e2017a41 <- TX(4)
2022-10-11 12:50:26,272 [SCMBlockDeletingService#0] DEBUG block.SCMBlockDeletingService (DatanodeDeletedBlockTransactions.java:addTransactionToDN(50)) - Transaction added: a5f5a137-50fd-4e34-893e-bbf5e2017a41 <- TX(5)
2022-10-11 12:50:26,272 [SCMBlockDeletingService#0] DEBUG block.SCMBlockDeletingService (DatanodeDeletedBlockTransactions.java:addTransactionToDN(50)) - Transaction added: 398056ab-e960-4ebd-a652-556788d1cc35 <- TX(5)
2022-10-11 12:50:26,272 [SCMBlockDeletingService#0] DEBUG block.SCMBlockDeletingService (DatanodeDeletedBlockTransactions.java:addTransactionToDN(50)) - Transaction added: 398056ab-e960-4ebd-a652-556788d1cc35 <- TX(6)
2022-10-11 12:50:26,272 [SCMBlockDeletingService#0] DEBUG block.SCMBlockDeletingService (DatanodeDeletedBlockTransactions.java:addTransactionToDN(50)) - Transaction added: a5f5a137-50fd-4e34-893e-bbf5e2017a41 <- TX(6)
2022-10-11 12:50:26,272 [SCMBlockDeletingService#0] DEBUG block.SCMBlockDeletingService (SCMBlockDeletingService.java:call(162)) - Added delete block command for datanode a5f5a137-50fd-4e34-893e-bbf5e2017a41 in the queue, number of delete block transactions: 6
2022-10-11 12:50:26,272 [SCMBlockDeletingService#0] DEBUG block.SCMBlockDeletingService (SCMBlockDeletingService.java:call(162)) - Added delete block command for datanode 398056ab-e960-4ebd-a652-556788d1cc35 in the queue, number of delete block transactions: 6
2022-10-11 12:50:26,272 [SCMBlockDeletingService#0] INFO  block.SCMBlockDeletingService (SCMBlockDeletingService.java:call(172)) - Totally added 12 blocks to be deleted for 2 datanodes, task elapsed time: 2ms
2022-10-11 12:50:26,288 [EventQueue-DeleteBlockStatusForDeletedBlockLogImpl] DEBUG block.DeletedBlockLogImpl (DeletedBlockLogImpl.java:isTransactionFailed(303)) - Got block deletion ACK from datanode, TXIDs=1, success=true
2022-10-11 12:50:26,288 [EventQueue-DeleteBlockStatusForDeletedBlockLogImpl] DEBUG block.DeletedBlockLogImpl (DeletedBlockLogImpl.java:commitTransactions(281)) - Datanode txId=1 containerId=#1 committed by dnId=398056ab-e960-4ebd-a652-556788d1cc35
2022-10-11 12:50:26,288 [EventQueue-DeleteBlockStatusForDeletedBlockLogImpl] DEBUG block.DeletedBlockLogImpl (DeletedBlockLogImpl.java:isTransactionFailed(303)) - Got block deletion ACK from datanode, TXIDs=2, success=true
2022-10-11 12:50:26,288 [EventQueue-DeleteBlockStatusForDeletedBlockLogImpl] DEBUG block.DeletedBlockLogImpl (DeletedBlockLogImpl.java:commitTransactions(281)) - Datanode txId=2 containerId=#2 committed by dnId=398056ab-e960-4ebd-a652-556788d1cc35
2022-10-11 12:50:26,288 [EventQueue-DeleteBlockStatusForDeletedBlockLogImpl] DEBUG block.DeletedBlockLogImpl (DeletedBlockLogImpl.java:isTransactionFailed(303)) - Got block deletion ACK from datanode, TXIDs=3, success=true
2022-10-11 12:50:26,289 [EventQueue-DeleteBlockStatusForDeletedBlockLogImpl] DEBUG block.DeletedBlockLogImpl (DeletedBlockLogImpl.java:commitTransactions(281)) - Datanode txId=3 containerId=#3 committed by dnId=398056ab-e960-4ebd-a652-556788d1cc35
2022-10-11 12:50:26,289 [EventQueue-DeleteBlockStatusForDeletedBlockLogImpl] DEBUG block.DeletedBlockLogImpl (DeletedBlockLogImpl.java:isTransactionFailed(303)) - Got block deletion ACK from datanode, TXIDs=4, success=true
2022-10-11 12:50:26,289 [EventQueue-DeleteBlockStatusForDeletedBlockLogImpl] DEBUG block.DeletedBlockLogImpl (DeletedBlockLogImpl.java:commitTransactions(281)) - Datanode txId=4 containerId=#4 committed by dnId=398056ab-e960-4ebd-a652-556788d1cc35
2022-10-11 12:50:26,289 [EventQueue-DeleteBlockStatusForDeletedBlockLogImpl] DEBUG block.DeletedBlockLogImpl (DeletedBlockLogImpl.java:isTransactionFailed(303)) - Got block deletion ACK from datanode, TXIDs=5, success=true
2022-10-11 12:50:26,289 [EventQueue-DeleteBlockStatusForDeletedBlockLogImpl] DEBUG block.DeletedBlockLogImpl (DeletedBlockLogImpl.java:commitTransactions(281)) - Datanode txId=5 containerId=#5 committed by dnId=398056ab-e960-4ebd-a652-556788d1cc35
2022-10-11 12:50:26,289 [EventQueue-DeleteBlockStatusForDeletedBlockLogImpl] DEBUG block.DeletedBlockLogImpl (DeletedBlockLogImpl.java:isTransactionFailed(303)) - Got block deletion ACK from datanode, TXIDs=6, success=true
2022-10-11 12:50:26,289 [EventQueue-DeleteBlockStatusForDeletedBlockLogImpl] DEBUG block.DeletedBlockLogImpl (DeletedBlockLogImpl.java:commitTransactions(281)) - Datanode txId=6 containerId=#6 committed by dnId=398056ab-e960-4ebd-a652-556788d1cc35
2022-10-11 12:50:26,289 [EventQueue-DeleteBlockStatusForDeletedBlockLogImpl] DEBUG block.DeletedBlockLogImpl (DeletedBlockLogImpl.java:isTransactionFailed(303)) - Got block deletion ACK from datanode, TXIDs=1, success=true
2022-10-11 12:50:26,289 [EventQueue-DeleteBlockStatusForDeletedBlockLogImpl] DEBUG block.DeletedBlockLogImpl (DeletedBlockLogImpl.java:commitTransactions(281)) - Datanode txId=1 containerId=#1 committed by dnId=398056ab-e960-4ebd-a652-556788d1cc35
2022-10-11 12:50:26,289 [EventQueue-DeleteBlockStatusForDeletedBlockLogImpl] DEBUG block.DeletedBlockLogImpl (DeletedBlockLogImpl.java:isTransactionFailed(303)) - Got block deletion ACK from datanode, TXIDs=2, success=true
2022-10-11 12:50:26,289 [EventQueue-DeleteBlockStatusForDeletedBlockLogImpl] DEBUG block.DeletedBlockLogImpl (DeletedBlockLogImpl.java:commitTransactions(281)) - Datanode txId=2 containerId=#2 committed by dnId=398056ab-e960-4ebd-a652-556788d1cc35
2022-10-11 12:50:26,289 [EventQueue-DeleteBlockStatusForDeletedBlockLogImpl] DEBUG block.DeletedBlockLogImpl (DeletedBlockLogImpl.java:isTransactionFailed(303)) - Got block deletion ACK from datanode, TXIDs=3, success=true
2022-10-11 12:50:26,289 [EventQueue-DeleteBlockStatusForDeletedBlockLogImpl] DEBUG block.DeletedBlockLogImpl (DeletedBlockLogImpl.java:commitTransactions(281)) - Datanode txId=3 containerId=#3 committed by dnId=398056ab-e960-4ebd-a652-556788d1cc35
2022-10-11 12:50:26,289 [EventQueue-DeleteBlockStatusForDeletedBlockLogImpl] DEBUG block.DeletedBlockLogImpl (DeletedBlockLogImpl.java:isTransactionFailed(303)) - Got block deletion ACK from datanode, TXIDs=4, success=true
2022-10-11 12:50:26,289 [EventQueue-DeleteBlockStatusForDeletedBlockLogImpl] DEBUG block.DeletedBlockLogImpl (DeletedBlockLogImpl.java:commitTransactions(281)) - Datanode txId=4 containerId=#4 committed by dnId=398056ab-e960-4ebd-a652-556788d1cc35
2022-10-11 12:50:26,289 [EventQueue-DeleteBlockStatusForDeletedBlockLogImpl] DEBUG block.DeletedBlockLogImpl (DeletedBlockLogImpl.java:isTransactionFailed(303)) - Got block deletion ACK from datanode, TXIDs=5, success=true
2022-10-11 12:50:26,289 [EventQueue-DeleteBlockStatusForDeletedBlockLogImpl] DEBUG block.DeletedBlockLogImpl (DeletedBlockLogImpl.java:commitTransactions(281)) - Datanode txId=5 containerId=#5 committed by dnId=398056ab-e960-4ebd-a652-556788d1cc35
2022-10-11 12:50:26,289 [EventQueue-DeleteBlockStatusForDeletedBlockLogImpl] DEBUG block.DeletedBlockLogImpl (DeletedBlockLogImpl.java:isTransactionFailed(303)) - Got block deletion ACK from datanode, TXIDs=6, success=true
2022-10-11 12:50:26,289 [EventQueue-DeleteBlockStatusForDeletedBlockLogImpl] DEBUG block.DeletedBlockLogImpl (DeletedBlockLogImpl.java:commitTransactions(281)) - Datanode txId=6 containerId=#6 committed by dnId=398056ab-e960-4ebd-a652-556788d1cc35
2022-10-11 12:50:26,289 [EventQueue-DeleteBlockStatusForDeletedBlockLogImpl] DEBUG block.DeletedBlockLogImpl (DeletedBlockLogImpl.java:isTransactionFailed(303)) - Got block deletion ACK from datanode, TXIDs=1, success=true
2022-10-11 12:50:26,289 [EventQueue-DeleteBlockStatusForDeletedBlockLogImpl] DEBUG block.DeletedBlockLogImpl (DeletedBlockLogImpl.java:commitTransactions(281)) - Datanode txId=1 containerId=#1 committed by dnId=398056ab-e960-4ebd-a652-556788d1cc35
2022-10-11 12:50:26,290 [EventQueue-DeleteBlockStatusForDeletedBlockLogImpl] DEBUG block.DeletedBlockLogImpl (DeletedBlockLogImpl.java:isTransactionFailed(303)) - Got block deletion ACK from datanode, TXIDs=2, success=true
2022-10-11 12:50:26,290 [EventQueue-DeleteBlockStatusForDeletedBlockLogImpl] DEBUG block.DeletedBlockLogImpl (DeletedBlockLogImpl.java:commitTransactions(281)) - Datanode txId=2 containerId=#2 committed by dnId=398056ab-e960-4ebd-a652-556788d1cc35
2022-10-11 12:50:26,290 [EventQueue-DeleteBlockStatusForDeletedBlockLogImpl] DEBUG block.DeletedBlockLogImpl (DeletedBlockLogImpl.java:isTransactionFailed(303)) - Got block deletion ACK from datanode, TXIDs=3, success=true
2022-10-11 12:50:26,290 [EventQueue-DeleteBlockStatusForDeletedBlockLogImpl] DEBUG block.DeletedBlockLogImpl (DeletedBlockLogImpl.java:commitTransactions(281)) - Datanode txId=3 containerId=#3 committed by dnId=398056ab-e960-4ebd-a652-556788d1cc35
2022-10-11 12:50:26,290 [EventQueue-DeleteBlockStatusForDeletedBlockLogImpl] DEBUG block.DeletedBlockLogImpl (DeletedBlockLogImpl.java:isTransactionFailed(303)) - Got block deletion ACK from datanode, TXIDs=4, success=true
2022-10-11 12:50:26,290 [EventQueue-DeleteBlockStatusForDeletedBlockLogImpl] DEBUG block.DeletedBlockLogImpl (DeletedBlockLogImpl.java:commitTransactions(281)) - Datanode txId=4 containerId=#4 committed by dnId=398056ab-e960-4ebd-a652-556788d1cc35
2022-10-11 12:50:26,290 [EventQueue-DeleteBlockStatusForDeletedBlockLogImpl] DEBUG block.DeletedBlockLogImpl (DeletedBlockLogImpl.java:isTransactionFailed(303)) - Got block deletion ACK from datanode, TXIDs=5, success=true
2022-10-11 12:50:26,290 [EventQueue-DeleteBlockStatusForDeletedBlockLogImpl] DEBUG block.DeletedBlockLogImpl (DeletedBlockLogImpl.java:commitTransactions(281)) - Datanode txId=5 containerId=#5 committed by dnId=398056ab-e960-4ebd-a652-556788d1cc35
2022-10-11 12:50:26,290 [EventQueue-DeleteBlockStatusForDeletedBlockLogImpl] DEBUG block.DeletedBlockLogImpl (DeletedBlockLogImpl.java:isTransactionFailed(303)) - Got block deletion ACK from datanode, TXIDs=1, success=true
2022-10-11 12:50:26,290 [EventQueue-DeleteBlockStatusForDeletedBlockLogImpl] DEBUG block.DeletedBlockLogImpl (DeletedBlockLogImpl.java:commitTransactions(281)) - Datanode txId=1 containerId=#1 committed by dnId=398056ab-e960-4ebd-a652-556788d1cc35
2022-10-11 12:50:26,290 [EventQueue-DeleteBlockStatusForDeletedBlockLogImpl] DEBUG block.DeletedBlockLogImpl (DeletedBlockLogImpl.java:isTransactionFailed(303)) - Got block deletion ACK from datanode, TXIDs=2, success=true
2022-10-11 12:50:26,290 [EventQueue-DeleteBlockStatusForDeletedBlockLogImpl] DEBUG block.DeletedBlockLogImpl (DeletedBlockLogImpl.java:commitTransactions(281)) - Datanode txId=2 containerId=#2 committed by dnId=398056ab-e960-4ebd-a652-556788d1cc35
2022-10-11 12:50:26,290 [EventQueue-DeleteBlockStatusForDeletedBlockLogImpl] DEBUG block.DeletedBlockLogImpl (DeletedBlockLogImpl.java:isTransactionFailed(303)) - Got block deletion ACK from datanode, TXIDs=3, success=true
2022-10-11 12:50:26,290 [EventQueue-DeleteBlockStatusForDeletedBlockLogImpl] DEBUG block.DeletedBlockLogImpl (DeletedBlockLogImpl.java:commitTransactions(281)) - Datanode txId=3 containerId=#3 committed by dnId=398056ab-e960-4ebd-a652-556788d1cc35
2022-10-11 12:50:26,290 [EventQueue-DeleteBlockStatusForDeletedBlockLogImpl] DEBUG block.DeletedBlockLogImpl (DeletedBlockLogImpl.java:isTransactionFailed(303)) - Got block deletion ACK from datanode, TXIDs=4, success=true
2022-10-11 12:50:26,290 [EventQueue-DeleteBlockStatusForDeletedBlockLogImpl] DEBUG block.DeletedBlockLogImpl (DeletedBlockLogImpl.java:commitTransactions(281)) - Datanode txId=4 containerId=#4 committed by dnId=398056ab-e960-4ebd-a652-556788d1cc35
2022-10-11 12:50:26,290 [EventQueue-DeleteBlockStatusForDeletedBlockLogImpl] DEBUG block.DeletedBlockLogImpl (DeletedBlockLogImpl.java:isTransactionFailed(303)) - Got block deletion ACK from datanode, TXIDs=5, success=true
2022-10-11 12:50:26,290 [EventQueue-DeleteBlockStatusForDeletedBlockLogImpl] DEBUG block.DeletedBlockLogImpl (DeletedBlockLogImpl.java:commitTransactions(281)) - Datanode txId=5 containerId=#5 committed by dnId=398056ab-e960-4ebd-a652-556788d1cc35
2022-10-11 12:50:26,290 [EventQueue-DeleteBlockStatusForDeletedBlockLogImpl] DEBUG block.DeletedBlockLogImpl (DeletedBlockLogImpl.java:isTransactionFailed(303)) - Got block deletion ACK from datanode, TXIDs=6, success=true
2022-10-11 12:50:26,290 [EventQueue-DeleteBlockStatusForDeletedBlockLogImpl] DEBUG block.DeletedBlockLogImpl (DeletedBlockLogImpl.java:commitTransactions(281)) - Datanode txId=6 containerId=#6 committed by dnId=398056ab-e960-4ebd-a652-556788d1cc35
2022-10-11 12:50:26,290 [EventQueue-DeleteBlockStatusForDeletedBlockLogImpl] DEBUG block.DeletedBlockLogImpl (DeletedBlockLogImpl.java:isTransactionFailed(303)) - Got block deletion ACK from datanode, TXIDs=1, success=true
2022-10-11 12:50:26,290 [EventQueue-DeleteBlockStatusForDeletedBlockLogImpl] DEBUG block.DeletedBlockLogImpl (DeletedBlockLogImpl.java:commitTransactions(281)) - Datanode txId=1 containerId=#1 committed by dnId=398056ab-e960-4ebd-a652-556788d1cc35
2022-10-11 12:50:26,290 [EventQueue-DeleteBlockStatusForDeletedBlockLogImpl] DEBUG block.DeletedBlockLogImpl (DeletedBlockLogImpl.java:isTransactionFailed(303)) - Got block deletion ACK from datanode, TXIDs=2, success=true
2022-10-11 12:50:26,291 [EventQueue-DeleteBlockStatusForDeletedBlockLogImpl] DEBUG block.DeletedBlockLogImpl (DeletedBlockLogImpl.java:commitTransactions(281)) - Datanode txId=2 containerId=#2 committed by dnId=398056ab-e960-4ebd-a652-556788d1cc35
2022-10-11 12:50:26,291 [EventQueue-DeleteBlockStatusForDeletedBlockLogImpl] DEBUG block.DeletedBlockLogImpl (DeletedBlockLogImpl.java:isTransactionFailed(303)) - Got block deletion ACK from datanode, TXIDs=1, success=true
2022-10-11 12:50:26,291 [EventQueue-DeleteBlockStatusForDeletedBlockLogImpl] DEBUG block.DeletedBlockLogImpl (DeletedBlockLogImpl.java:commitTransactions(281)) - Datanode txId=1 containerId=#1 committed by dnId=398056ab-e960-4ebd-a652-556788d1cc35
2022-10-11 12:50:26,291 [EventQueue-DeleteBlockStatusForDeletedBlockLogImpl] DEBUG block.DeletedBlockLogImpl (DeletedBlockLogImpl.java:isTransactionFailed(303)) - Got block deletion ACK from datanode, TXIDs=2, success=true
2022-10-11 12:50:26,291 [EventQueue-DeleteBlockStatusForDeletedBlockLogImpl] DEBUG block.DeletedBlockLogImpl (DeletedBlockLogImpl.java:commitTransactions(281)) - Datanode txId=2 containerId=#2 committed by dnId=398056ab-e960-4ebd-a652-556788d1cc35
2022-10-11 12:50:26,291 [EventQueue-DeleteBlockStatusForDeletedBlockLogImpl] DEBUG block.DeletedBlockLogImpl (DeletedBlockLogImpl.java:isTransactionFailed(303)) - Got block deletion ACK from datanode, TXIDs=3, success=true
2022-10-11 12:50:26,291 [EventQueue-DeleteBlockStatusForDeletedBlockLogImpl] DEBUG block.DeletedBlockLogImpl (DeletedBlockLogImpl.java:commitTransactions(281)) - Datanode txId=3 containerId=#3 committed by dnId=398056ab-e960-4ebd-a652-556788d1cc35
2022-10-11 12:50:26,291 [EventQueue-DeleteBlockStatusForDeletedBlockLogImpl] DEBUG block.DeletedBlockLogImpl (DeletedBlockLogImpl.java:isTransactionFailed(303)) - Got block deletion ACK from datanode, TXIDs=4, success=true
2022-10-11 12:50:26,291 [EventQueue-DeleteBlockStatusForDeletedBlockLogImpl] DEBUG block.DeletedBlockLogImpl (DeletedBlockLogImpl.java:commitTransactions(281)) - Datanode txId=4 containerId=#4 committed by dnId=398056ab-e960-4ebd-a652-556788d1cc35
2022-10-11 12:50:26,291 [EventQueue-DeleteBlockStatusForDeletedBlockLogImpl] DEBUG block.DeletedBlockLogImpl (DeletedBlockLogImpl.java:isTransactionFailed(303)) - Got block deletion ACK from datanode, TXIDs=5, success=true
2022-10-11 12:50:26,291 [EventQueue-DeleteBlockStatusForDeletedBlockLogImpl] DEBUG block.DeletedBlockLogImpl (DeletedBlockLogImpl.java:commitTransactions(281)) - Datanode txId=5 containerId=#5 committed by dnId=398056ab-e960-4ebd-a652-556788d1cc35
2022-10-11 12:50:26,291 [EventQueue-DeleteBlockStatusForDeletedBlockLogImpl] DEBUG block.DeletedBlockLogImpl (DeletedBlockLogImpl.java:isTransactionFailed(303)) - Got block deletion ACK from datanode, TXIDs=6, success=true
2022-10-11 12:50:26,291 [EventQueue-DeleteBlockStatusForDeletedBlockLogImpl] DEBUG block.DeletedBlockLogImpl (DeletedBlockLogImpl.java:commitTransactions(281)) - Datanode txId=6 containerId=#6 committed by dnId=398056ab-e960-4ebd-a652-556788d1cc35
2022-10-11 12:50:26,371 [SCMBlockDeletingService#0] DEBUG block.SCMBlockDeletingService (SCMBlockDeletingService.java:call(131)) - Running DeletedBlockTransactionScanner
2022-10-11 12:50:26,371 [SCMBlockDeletingService#0] DEBUG block.SCMBlockDeletingService (DatanodeDeletedBlockTransactions.java:addTransactionToDN(50)) - Transaction added: a5f5a137-50fd-4e34-893e-bbf5e2017a41 <- TX(1)
2022-10-11 12:50:26,371 [SCMBlockDeletingService#0] DEBUG block.SCMBlockDeletingService (DatanodeDeletedBlockTransactions.java:addTransactionToDN(50)) - Transaction added: a5f5a137-50fd-4e34-893e-bbf5e2017a41 <- TX(2)
2022-10-11 12:50:26,371 [SCMBlockDeletingService#0] DEBUG block.SCMBlockDeletingService (DatanodeDeletedBlockTransactions.java:addTransactionToDN(50)) - Transaction added: a5f5a137-50fd-4e34-893e-bbf5e2017a41 <- TX(3)
2022-10-11 12:50:26,371 [SCMBlockDeletingService#0] DEBUG block.SCMBlockDeletingService (DatanodeDeletedBlockTransactions.java:addTransactionToDN(50)) - Transaction added: a5f5a137-50fd-4e34-893e-bbf5e2017a41 <- TX(4)
2022-10-11 12:50:26,372 [SCMBlockDeletingService#0] DEBUG block.SCMBlockDeletingService (DatanodeDeletedBlockTransactions.java:addTransactionToDN(50)) - Transaction added: a5f5a137-50fd-4e34-893e-bbf5e2017a41 <- TX(5)
2022-10-11 12:50:26,372 [SCMBlockDeletingService#0] DEBUG block.SCMBlockDeletingService (DatanodeDeletedBlockTransactions.java:addTransactionToDN(50)) - Transaction added: a5f5a137-50fd-4e34-893e-bbf5e2017a41 <- TX(6)
2022-10-11 12:50:26,372 [SCMBlockDeletingService#0] DEBUG block.SCMBlockDeletingService (SCMBlockDeletingService.java:call(162)) - Added delete block command for datanode a5f5a137-50fd-4e34-893e-bbf5e2017a41 in the queue, number of delete block transactions: 6
2022-10-11 12:50:26,372 [SCMBlockDeletingService#0] INFO  block.SCMBlockDeletingService (SCMBlockDeletingService.java:call(172)) - Totally added 6 blocks to be deleted for 1 datanodes, task elapsed time: 1ms
2022-10-11 12:50:26,471 [SCMBlockDeletingService#0] DEBUG block.SCMBlockDeletingService (SCMBlockDeletingService.java:call(131)) - Running DeletedBlockTransactionScanner
2022-10-11 12:50:26,471 [SCMBlockDeletingService#0] DEBUG block.SCMBlockDeletingService (DatanodeDeletedBlockTransactions.java:addTransactionToDN(50)) - Transaction added: a5f5a137-50fd-4e34-893e-bbf5e2017a41 <- TX(1)
2022-10-11 12:50:26,471 [SCMBlockDeletingService#0] DEBUG block.SCMBlockDeletingService (DatanodeDeletedBlockTransactions.java:addTransactionToDN(50)) - Transaction added: a5f5a137-50fd-4e34-893e-bbf5e2017a41 <- TX(2)
2022-10-11 12:50:26,471 [SCMBlockDeletingService#0] DEBUG block.SCMBlockDeletingService (DatanodeDeletedBlockTransactions.java:addTransactionToDN(50)) - Transaction added: a5f5a137-50fd-4e34-893e-bbf5e2017a41 <- TX(3)
2022-10-11 12:50:26,472 [SCMBlockDeletingService#0] DEBUG block.SCMBlockDeletingService (DatanodeDeletedBlockTransactions.java:addTransactionToDN(50)) - Transaction added: a5f5a137-50fd-4e34-893e-bbf5e2017a41 <- TX(4)
2022-10-11 12:50:26,472 [SCMBlockDeletingService#0] DEBUG block.SCMBlockDeletingService (DatanodeDeletedBlockTransactions.java:addTransactionToDN(50)) - Transaction added: a5f5a137-50fd-4e34-893e-bbf5e2017a41 <- TX(5)
2022-10-11 12:50:26,472 [SCMBlockDeletingService#0] DEBUG block.SCMBlockDeletingService (DatanodeDeletedBlockTransactions.java:addTransactionToDN(50)) - Transaction added: a5f5a137-50fd-4e34-893e-bbf5e2017a41 <- TX(6)
2022-10-11 12:50:26,472 [SCMBlockDeletingService#0] DEBUG block.SCMBlockDeletingService (SCMBlockDeletingService.java:call(162)) - Added delete block command for datanode a5f5a137-50fd-4e34-893e-bbf5e2017a41 in the queue, number of delete block transactions: 6
2022-10-11 12:50:26,472 [SCMBlockDeletingService#0] INFO  block.SCMBlockDeletingService (SCMBlockDeletingService.java:call(172)) - Totally added 6 blocks to be deleted for 1 datanodes, task elapsed time: 1ms
2022-10-11 12:50:26,482 [org.apache.hadoop.ozone.container.common.statemachine.commandhandler.DeleteBlocksCommandHandler$DeleteCmdWorker@41f6e83e] INFO  commandhandler.DeleteBlocksCommandHandler (DeleteBlocksCommandHandler.java:processCmd(271)) - Start to delete container blocks, TXIDs=[1(0),2(0)], numOfContainers=2, numOfBlocks=2
2022-10-11 12:50:26,483 [org.apache.hadoop.ozone.container.common.statemachine.commandhandler.DeleteBlocksCommandHandler$DeleteCmdWorker@41f6e83e] INFO  commandhandler.DeleteBlocksCommandHandler (DeleteBlocksCommandHandler.java:processCmd(271)) - Start to delete container blocks, TXIDs=[1(3),2(3),3(0),4(0),5(0)], numOfContainers=5, numOfBlocks=5
2022-10-11 12:50:26,484 [org.apache.hadoop.ozone.container.common.statemachine.commandhandler.DeleteBlocksCommandHandler$DeleteCmdWorker@41f6e83e] INFO  commandhandler.DeleteBlocksCommandHandler (DeleteBlocksCommandHandler.java:processCmd(271)) - Start to delete container blocks, TXIDs=[1(6),2(6),3(3),4(3),5(3),6(0)], numOfContainers=6, numOfBlocks=6
2022-10-11 12:50:26,484 [org.apache.hadoop.ozone.container.common.statemachine.commandhandler.DeleteBlocksCommandHandler$DeleteCmdWorker@41f6e83e] INFO  commandhandler.DeleteBlocksCommandHandler (DeleteBlocksCommandHandler.java:processCmd(271)) - Start to delete container blocks, TXIDs=[1(6),2(6),3(3),4(3),5(3),6(0)], numOfContainers=6, numOfBlocks=6
2022-10-11 12:50:26,485 [org.apache.hadoop.ozone.container.common.statemachine.commandhandler.DeleteBlocksCommandHandler$DeleteCmdWorker@41f6e83e] INFO  commandhandler.DeleteBlocksCommandHandler (DeleteBlocksCommandHandler.java:processCmd(271)) - Start to delete container blocks, TXIDs=[1(12),2(12),3(9),4(9),5(9),6(6)], numOfContainers=6, numOfBlocks=6
2022-10-11 12:50:26,485 [org.apache.hadoop.ozone.container.common.statemachine.commandhandler.DeleteBlocksCommandHandler$DeleteCmdWorker@41f6e83e] INFO  commandhandler.DeleteBlocksCommandHandler (DeleteBlocksCommandHandler.java:processCmd(271)) - Start to delete container blocks, TXIDs=[1(12),2(12),3(9),4(9),5(9),6(6)], numOfContainers=6, numOfBlocks=6
2022-10-11 12:50:26,485 [org.apache.hadoop.ozone.container.common.statemachine.commandhandler.DeleteBlocksCommandHandler$DeleteCmdWorker@41f6e83e] INFO  commandhandler.DeleteBlocksCommandHandler (DeleteBlocksCommandHandler.java:processCmd(271)) - Start to delete container blocks, TXIDs=[1(18),2(18),3(15),4(15),5(15),6(12)], numOfContainers=6, numOfBlocks=6
2022-10-11 12:50:26,485 [org.apache.hadoop.ozone.container.common.statemachine.commandhandler.DeleteBlocksCommandHandler$DeleteCmdWorker@41f6e83e] INFO  commandhandler.DeleteBlocksCommandHandler (DeleteBlocksCommandHandler.java:processCmd(271)) - Start to delete container blocks, TXIDs=[1(18),2(18),3(15),4(15),5(15),6(12)], numOfContainers=6, numOfBlocks=6
2022-10-11 12:50:26,485 [org.apache.hadoop.ozone.container.common.statemachine.commandhandler.DeleteBlocksCommandHandler$DeleteCmdWorker@41f6e83e] INFO  commandhandler.DeleteBlocksCommandHandler (DeleteBlocksCommandHandler.java:processCmd(271)) - Start to delete container blocks, TXIDs=[1(24),2(24),3(21),4(21),5(21),6(18)], numOfContainers=6, numOfBlocks=6
2022-10-11 12:50:26,485 [org.apache.hadoop.ozone.container.common.statemachine.commandhandler.DeleteBlocksCommandHandler$DeleteCmdWorker@41f6e83e] INFO  commandhandler.DeleteBlocksCommandHandler (DeleteBlocksCommandHandler.java:processCmd(271)) - Start to delete container blocks, TXIDs=[1(24),2(24),3(21),4(21),5(21),6(18)], numOfContainers=6, numOfBlocks=6
2022-10-11 12:50:26,486 [org.apache.hadoop.ozone.container.common.statemachine.commandhandler.DeleteBlocksCommandHandler$DeleteCmdWorker@41f6e83e] INFO  commandhandler.DeleteBlocksCommandHandler (DeleteBlocksCommandHandler.java:processCmd(271)) - Start to delete container blocks, TXIDs=[1(28),2(28),3(27),4(27),5(27),6(24)], numOfContainers=6, numOfBlocks=6
2022-10-11 12:50:26,486 [org.apache.hadoop.ozone.container.common.statemachine.commandhandler.DeleteBlocksCommandHandler$DeleteCmdWorker@41f6e83e] INFO  commandhandler.DeleteBlocksCommandHandler (DeleteBlocksCommandHandler.java:processCmd(271)) - Start to delete container blocks, TXIDs=[1(28),2(28),3(27),4(27),5(27),6(24)], numOfContainers=6, numOfBlocks=6
2022-10-11 12:50:26,524 [BlockDeletingService#1] INFO  impl.FilePerBlockStrategy (FilePerBlockStrategy.java:deleteChunk(232)) - Deleted block file: /home/runner/work/ozone/ozone/hadoop-ozone/integration-test/target/test-dir/MiniOzoneClusterImpl-db539a0e-d368-4ad2-95d9-5fcc718fd6eb/datanode-2/data-0/containers/hdds/db539a0e-d368-4ad2-95d9-5fcc718fd6eb/current/containerDir0/6/chunks/109611004723200006.block
2022-10-11 12:50:26,524 [BlockDeletingService#0] INFO  impl.FilePerBlockStrategy (FilePerBlockStrategy.java:deleteChunk(232)) - Deleted block file: /home/runner/work/ozone/ozone/hadoop-ozone/integration-test/target/test-dir/MiniOzoneClusterImpl-db539a0e-d368-4ad2-95d9-5fcc718fd6eb/datanode-2/data-0/containers/hdds/db539a0e-d368-4ad2-95d9-5fcc718fd6eb/current/containerDir0/1/chunks/109611004723200001.block
2022-10-11 12:50:26,525 [BlockDeletingService#0] INFO  impl.FilePerBlockStrategy (FilePerBlockStrategy.java:deleteChunk(232)) - Deleted block file: /home/runner/work/ozone/ozone/hadoop-ozone/integration-test/target/test-dir/MiniOzoneClusterImpl-db539a0e-d368-4ad2-95d9-5fcc718fd6eb/datanode-2/data-0/containers/hdds/db539a0e-d368-4ad2-95d9-5fcc718fd6eb/current/containerDir0/3/chunks/109611004723200003.block
2022-10-11 12:50:26,525 [BlockDeletingService#6] INFO  impl.FilePerBlockStrategy (FilePerBlockStrategy.java:deleteChunk(232)) - Deleted block file: /home/runner/work/ozone/ozone/hadoop-ozone/integration-test/target/test-dir/MiniOzoneClusterImpl-db539a0e-d368-4ad2-95d9-5fcc718fd6eb/datanode-2/data-0/containers/hdds/db539a0e-d368-4ad2-95d9-5fcc718fd6eb/current/containerDir0/4/chunks/109611004723200004.block
2022-10-11 12:50:26,527 [BlockDeletingService#0] INFO  impl.FilePerBlockStrategy (FilePerBlockStrategy.java:deleteChunk(232)) - Deleted block file: /home/runner/work/ozone/ozone/hadoop-ozone/integration-test/target/test-dir/MiniOzoneClusterImpl-db539a0e-d368-4ad2-95d9-5fcc718fd6eb/datanode-2/data-0/containers/hdds/db539a0e-d368-4ad2-95d9-5fcc718fd6eb/current/containerDir0/2/chunks/109611004723200002.block
2022-10-11 12:50:26,528 [BlockDeletingService#1] INFO  impl.FilePerBlockStrategy (FilePerBlockStrategy.java:deleteChunk(232)) - Deleted block file: /home/runner/work/ozone/ozone/hadoop-ozone/integration-test/target/test-dir/MiniOzoneClusterImpl-db539a0e-d368-4ad2-95d9-5fcc718fd6eb/datanode-2/data-0/containers/hdds/db539a0e-d368-4ad2-95d9-5fcc718fd6eb/current/containerDir0/5/chunks/109611004723200005.block
2022-10-11 12:50:26,571 [SCMBlockDeletingService#0] DEBUG block.SCMBlockDeletingService (SCMBlockDeletingService.java:call(131)) - Running DeletedBlockTransactionScanner
2022-10-11 12:50:26,571 [SCMBlockDeletingService#0] DEBUG block.SCMBlockDeletingService (DatanodeDeletedBlockTransactions.java:addTransactionToDN(50)) - Transaction added: a5f5a137-50fd-4e34-893e-bbf5e2017a41 <- TX(1)
2022-10-11 12:50:26,572 [SCMBlockDeletingService#0] DEBUG block.SCMBlockDeletingService (DatanodeDeletedBlockTransactions.java:addTransactionToDN(50)) - Transaction added: a5f5a137-50fd-4e34-893e-bbf5e2017a41 <- TX(2)
2022-10-11 12:50:26,572 [SCMBlockDeletingService#0] DEBUG block.SCMBlockDeletingService (DatanodeDeletedBlockTransactions.java:addTransactionToDN(50)) - Transaction added: a5f5a137-50fd-4e34-893e-bbf5e2017a41 <- TX(3)
2022-10-11 12:50:26,572 [SCMBlockDeletingService#0] DEBUG block.SCMBlockDeletingService (DatanodeDeletedBlockTransactions.java:addTransactionToDN(50)) - Transaction added: a5f5a137-50fd-4e34-893e-bbf5e2017a41 <- TX(4)
2022-10-11 12:50:26,572 [SCMBlockDeletingService#0] DEBUG block.SCMBlockDeletingService (DatanodeDeletedBlockTransactions.java:addTransactionToDN(50)) - Transaction added: a5f5a137-50fd-4e34-893e-bbf5e2017a41 <- TX(5)
2022-10-11 12:50:26,572 [SCMBlockDeletingService#0] DEBUG block.SCMBlockDeletingService (DatanodeDeletedBlockTransactions.java:addTransactionToDN(50)) - Transaction added: a5f5a137-50fd-4e34-893e-bbf5e2017a41 <- TX(6)
2022-10-11 12:50:26,572 [SCMBlockDeletingService#0] DEBUG block.SCMBlockDeletingService (SCMBlockDeletingService.java:call(162)) - Added delete block command for datanode a5f5a137-50fd-4e34-893e-bbf5e2017a41 in the queue, number of delete block transactions: 6
2022-10-11 12:50:26,572 [SCMBlockDeletingService#0] INFO  block.SCMBlockDeletingService (SCMBlockDeletingService.java:call(172)) - Totally added 6 blocks to be deleted for 1 datanodes, task elapsed time: 1ms
2022-10-11 12:50:26,671 [SCMBlockDeletingService#0] DEBUG block.SCMBlockDeletingService (SCMBlockDeletingService.java:call(131)) - Running DeletedBlockTransactionScanner
2022-10-11 12:50:26,672 [SCMBlockDeletingService#0] DEBUG block.SCMBlockDeletingService (DatanodeDeletedBlockTransactions.java:addTransactionToDN(50)) - Transaction added: a5f5a137-50fd-4e34-893e-bbf5e2017a41 <- TX(1)
2022-10-11 12:50:26,672 [SCMBlockDeletingService#0] DEBUG block.SCMBlockDeletingService (DatanodeDeletedBlockTransactions.java:addTransactionToDN(50)) - Transaction added: a5f5a137-50fd-4e34-893e-bbf5e2017a41 <- TX(2)
2022-10-11 12:50:26,672 [SCMBlockDeletingService#0] DEBUG block.SCMBlockDeletingService (DatanodeDeletedBlockTransactions.java:addTransactionToDN(50)) - Transaction added: a5f5a137-50fd-4e34-893e-bbf5e2017a41 <- TX(3)
2022-10-11 12:50:26,672 [SCMBlockDeletingService#0] DEBUG block.SCMBlockDeletingService (DatanodeDeletedBlockTransactions.java:addTransactionToDN(50)) - Transaction added: a5f5a137-50fd-4e34-893e-bbf5e2017a41 <- TX(4)
2022-10-11 12:50:26,672 [SCMBlockDeletingService#0] DEBUG block.SCMBlockDeletingService (DatanodeDeletedBlockTransactions.java:addTransactionToDN(50)) - Transaction added: a5f5a137-50fd-4e34-893e-bbf5e2017a41 <- TX(5)
2022-10-11 12:50:26,672 [SCMBlockDeletingService#0] DEBUG block.SCMBlockDeletingService (DatanodeDeletedBlockTransactions.java:addTransactionToDN(50)) - Transaction added: a5f5a137-50fd-4e34-893e-bbf5e2017a41 <- TX(6)
2022-10-11 12:50:26,672 [SCMBlockDeletingService#0] DEBUG block.SCMBlockDeletingService (SCMBlockDeletingService.java:call(162)) - Added delete block command for datanode a5f5a137-50fd-4e34-893e-bbf5e2017a41 in the queue, number of delete block transactions: 6
2022-10-11 12:50:26,672 [SCMBlockDeletingService#0] INFO  block.SCMBlockDeletingService (SCMBlockDeletingService.java:call(172)) - Totally added 6 blocks to be deleted for 1 datanodes, task elapsed time: 1ms
2022-10-11 12:50:26,675 [EventQueue-DeleteBlockStatusForDeletedBlockLogImpl] DEBUG block.DeletedBlockLogImpl (DeletedBlockLogImpl.java:isTransactionFailed(303)) - Got block deletion ACK from datanode, TXIDs=1, success=true
2022-10-11 12:50:26,675 [EventQueue-DeleteBlockStatusForDeletedBlockLogImpl] DEBUG block.DeletedBlockLogImpl (DeletedBlockLogImpl.java:commitTransactions(275)) - Purging txId=1 from block deletion log
2022-10-11 12:50:26,675 [EventQueue-DeleteBlockStatusForDeletedBlockLogImpl] DEBUG block.DeletedBlockLogImpl (DeletedBlockLogImpl.java:commitTransactions(281)) - Datanode txId=1 containerId=#1 committed by dnId=a5f5a137-50fd-4e34-893e-bbf5e2017a41
2022-10-11 12:50:26,675 [EventQueue-DeleteBlockStatusForDeletedBlockLogImpl] DEBUG block.DeletedBlockLogImpl (DeletedBlockLogImpl.java:isTransactionFailed(303)) - Got block deletion ACK from datanode, TXIDs=2, success=true
2022-10-11 12:50:26,675 [EventQueue-DeleteBlockStatusForDeletedBlockLogImpl] DEBUG block.DeletedBlockLogImpl (DeletedBlockLogImpl.java:commitTransactions(275)) - Purging txId=2 from block deletion log
2022-10-11 12:50:26,675 [EventQueue-DeleteBlockStatusForDeletedBlockLogImpl] DEBUG block.DeletedBlockLogImpl (DeletedBlockLogImpl.java:commitTransactions(281)) - Datanode txId=2 containerId=#2 committed by dnId=a5f5a137-50fd-4e34-893e-bbf5e2017a41
2022-10-11 12:50:26,675 [EventQueue-DeleteBlockStatusForDeletedBlockLogImpl] DEBUG block.DeletedBlockLogImpl (DeletedBlockLogImpl.java:isTransactionFailed(303)) - Got block deletion ACK from datanode, TXIDs=3, success=true
2022-10-11 12:50:26,675 [EventQueue-DeleteBlockStatusForDeletedBlockLogImpl] DEBUG block.DeletedBlockLogImpl (DeletedBlockLogImpl.java:commitTransactions(275)) - Purging txId=3 from block deletion log
2022-10-11 12:50:26,675 [EventQueue-DeleteBlockStatusForDeletedBlockLogImpl] DEBUG block.DeletedBlockLogImpl (DeletedBlockLogImpl.java:commitTransactions(281)) - Datanode txId=3 containerId=#3 committed by dnId=a5f5a137-50fd-4e34-893e-bbf5e2017a41
2022-10-11 12:50:26,676 [EventQueue-DeleteBlockStatusForDeletedBlockLogImpl] DEBUG block.DeletedBlockLogImpl (DeletedBlockLogImpl.java:isTransactionFailed(303)) - Got block deletion ACK from datanode, TXIDs=4, success=true
2022-10-11 12:50:26,676 [EventQueue-DeleteBlockStatusForDeletedBlockLogImpl] DEBUG block.DeletedBlockLogImpl (DeletedBlockLogImpl.java:commitTransactions(275)) - Purging txId=4 from block deletion log
2022-10-11 12:50:26,676 [EventQueue-DeleteBlockStatusForDeletedBlockLogImpl] DEBUG block.DeletedBlockLogImpl (DeletedBlockLogImpl.java:commitTransactions(281)) - Datanode txId=4 containerId=#4 committed by dnId=a5f5a137-50fd-4e34-893e-bbf5e2017a41
2022-10-11 12:50:26,676 [EventQueue-DeleteBlockStatusForDeletedBlockLogImpl] DEBUG block.DeletedBlockLogImpl (DeletedBlockLogImpl.java:isTransactionFailed(303)) - Got block deletion ACK from datanode, TXIDs=5, success=true
2022-10-11 12:50:26,676 [EventQueue-DeleteBlockStatusForDeletedBlockLogImpl] DEBUG block.DeletedBlockLogImpl (DeletedBlockLogImpl.java:commitTransactions(275)) - Purging txId=5 from block deletion log
2022-10-11 12:50:26,676 [EventQueue-DeleteBlockStatusForDeletedBlockLogImpl] DEBUG block.DeletedBlockLogImpl (DeletedBlockLogImpl.java:commitTransactions(281)) - Datanode txId=5 containerId=#5 committed by dnId=a5f5a137-50fd-4e34-893e-bbf5e2017a41
2022-10-11 12:50:26,676 [EventQueue-DeleteBlockStatusForDeletedBlockLogImpl] DEBUG block.DeletedBlockLogImpl (DeletedBlockLogImpl.java:isTransactionFailed(303)) - Got block deletion ACK from datanode, TXIDs=6, success=true
2022-10-11 12:50:26,676 [EventQueue-DeleteBlockStatusForDeletedBlockLogImpl] DEBUG block.DeletedBlockLogImpl (DeletedBlockLogImpl.java:commitTransactions(275)) - Purging txId=6 from block deletion log
2022-10-11 12:50:26,676 [EventQueue-DeleteBlockStatusForDeletedBlockLogImpl] DEBUG block.DeletedBlockLogImpl (DeletedBlockLogImpl.java:commitTransactions(281)) - Datanode txId=6 containerId=#6 committed by dnId=a5f5a137-50fd-4e34-893e-bbf5e2017a41
2022-10-11 12:50:26,676 [EventQueue-DeleteBlockStatusForDeletedBlockLogImpl] DEBUG block.DeletedBlockLogImpl (DeletedBlockLogImpl.java:isTransactionFailed(303)) - Got block deletion ACK from datanode, TXIDs=1, success=true
2022-10-11 12:50:26,676 [EventQueue-DeleteBlockStatusForDeletedBlockLogImpl] DEBUG block.DeletedBlockLogImpl (DeletedBlockLogImpl.java:commitTransactions(249)) - Transaction txId=1 commit by dnId=a5f5a137-50fd-4e34-893e-bbf5e2017a41 for containerID=#1 failed. Corresponding entry not found.
2022-10-11 12:50:26,676 [EventQueue-DeleteBlockStatusForDeletedBlockLogImpl] DEBUG block.DeletedBlockLogImpl (DeletedBlockLogImpl.java:isTransactionFailed(303)) - Got block deletion ACK from datanode, TXIDs=2, success=true
2022-10-11 12:50:26,676 [EventQueue-DeleteBlockStatusForDeletedBlockLogImpl] DEBUG block.DeletedBlockLogImpl (DeletedBlockLogImpl.java:commitTransactions(249)) - Transaction txId=2 commit by dnId=a5f5a137-50fd-4e34-893e-bbf5e2017a41 for containerID=#2 failed. Corresponding entry not found.
2022-10-11 12:50:26,676 [EventQueue-DeleteBlockStatusForDeletedBlockLogImpl] DEBUG block.DeletedBlockLogImpl (DeletedBlockLogImpl.java:isTransactionFailed(303)) - Got block deletion ACK from datanode, TXIDs=1, success=true
2022-10-11 12:50:26,676 [EventQueue-DeleteBlockStatusForDeletedBlockLogImpl] DEBUG block.DeletedBlockLogImpl (DeletedBlockLogImpl.java:commitTransactions(249)) - Transaction txId=1 commit by dnId=a5f5a137-50fd-4e34-893e-bbf5e2017a41 for containerID=#1 failed. Corresponding entry not found.
2022-10-11 12:50:26,676 [EventQueue-DeleteBlockStatusForDeletedBlockLogImpl] DEBUG block.DeletedBlockLogImpl (DeletedBlockLogImpl.java:isTransactionFailed(303)) - Got block deletion ACK from datanode, TXIDs=2, success=true
2022-10-11 12:50:26,676 [EventQueue-DeleteBlockStatusForDeletedBlockLogImpl] DEBUG block.DeletedBlockLogImpl (DeletedBlockLogImpl.java:commitTransactions(249)) - Transaction txId=2 commit by dnId=a5f5a137-50fd-4e34-893e-bbf5e2017a41 for containerID=#2 failed. Corresponding entry not found.
2022-10-11 12:50:26,677 [EventQueue-DeleteBlockStatusForDeletedBlockLogImpl] DEBUG block.DeletedBlockLogImpl (DeletedBlockLogImpl.java:isTransactionFailed(303)) - Got block deletion ACK from datanode, TXIDs=3, success=true
2022-10-11 12:50:26,677 [EventQueue-DeleteBlockStatusForDeletedBlockLogImpl] DEBUG block.DeletedBlockLogImpl (DeletedBlockLogImpl.java:commitTransactions(249)) - Transaction txId=3 commit by dnId=a5f5a137-50fd-4e34-893e-bbf5e2017a41 for containerID=#3 failed. Corresponding entry not found.
2022-10-11 12:50:26,677 [EventQueue-DeleteBlockStatusForDeletedBlockLogImpl] DEBUG block.DeletedBlockLogImpl (DeletedBlockLogImpl.java:isTransactionFailed(303)) - Got block deletion ACK from datanode, TXIDs=4, success=true
2022-10-11 12:50:26,677 [EventQueue-DeleteBlockStatusForDeletedBlockLogImpl] DEBUG block.DeletedBlockLogImpl (DeletedBlockLogImpl.java:commitTransactions(249)) - Transaction txId=4 commit by dnId=a5f5a137-50fd-4e34-893e-bbf5e2017a41 for containerID=#4 failed. Corresponding entry not found.
2022-10-11 12:50:26,677 [EventQueue-DeleteBlockStatusForDeletedBlockLogImpl] DEBUG block.DeletedBlockLogImpl (DeletedBlockLogImpl.java:isTransactionFailed(303)) - Got block deletion ACK from datanode, TXIDs=5, success=true
2022-10-11 12:50:26,677 [EventQueue-DeleteBlockStatusForDeletedBlockLogImpl] DEBUG block.DeletedBlockLogImpl (DeletedBlockLogImpl.java:commitTransactions(249)) - Transaction txId=5 commit by dnId=a5f5a137-50fd-4e34-893e-bbf5e2017a41 for containerID=#5 failed. Corresponding entry not found.
2022-10-11 12:50:26,677 [EventQueue-DeleteBlockStatusForDeletedBlockLogImpl] DEBUG block.DeletedBlockLogImpl (DeletedBlockLogImpl.java:isTransactionFailed(303)) - Got block deletion ACK from datanode, TXIDs=6, success=true
2022-10-11 12:50:26,677 [EventQueue-DeleteBlockStatusForDeletedBlockLogImpl] DEBUG block.DeletedBlockLogImpl (DeletedBlockLogImpl.java:commitTransactions(249)) - Transaction txId=6 commit by dnId=a5f5a137-50fd-4e34-893e-bbf5e2017a41 for containerID=#6 failed. Corresponding entry not found.
2022-10-11 12:50:26,677 [EventQueue-DeleteBlockStatusForDeletedBlockLogImpl] DEBUG block.DeletedBlockLogImpl (DeletedBlockLogImpl.java:isTransactionFailed(303)) - Got block deletion ACK from datanode, TXIDs=1, success=true
2022-10-11 12:50:26,677 [EventQueue-DeleteBlockStatusForDeletedBlockLogImpl] DEBUG block.DeletedBlockLogImpl (DeletedBlockLogImpl.java:commitTransactions(249)) - Transaction txId=1 commit by dnId=a5f5a137-50fd-4e34-893e-bbf5e2017a41 for containerID=#1 failed. Corresponding entry not found.
2022-10-11 12:50:26,677 [EventQueue-DeleteBlockStatusForDeletedBlockLogImpl] DEBUG block.DeletedBlockLogImpl (DeletedBlockLogImpl.java:isTransactionFailed(303)) - Got block deletion ACK from datanode, TXIDs=2, success=true
2022-10-11 12:50:26,677 [EventQueue-DeleteBlockStatusForDeletedBlockLogImpl] DEBUG block.DeletedBlockLogImpl (DeletedBlockLogImpl.java:commitTransactions(249)) - Transaction txId=2 commit by dnId=a5f5a137-50fd-4e34-893e-bbf5e2017a41 for containerID=#2 failed. Corresponding entry not found.
2022-10-11 12:50:26,677 [EventQueue-DeleteBlockStatusForDeletedBlockLogImpl] DEBUG block.DeletedBlockLogImpl (DeletedBlockLogImpl.java:isTransactionFailed(303)) - Got block deletion ACK from datanode, TXIDs=3, success=true
2022-10-11 12:50:26,677 [EventQueue-DeleteBlockStatusForDeletedBlockLogImpl] DEBUG block.DeletedBlockLogImpl (DeletedBlockLogImpl.java:commitTransactions(249)) - Transaction txId=3 commit by dnId=a5f5a137-50fd-4e34-893e-bbf5e2017a41 for containerID=#3 failed. Corresponding entry not found.
2022-10-11 12:50:26,677 [EventQueue-DeleteBlockStatusForDeletedBlockLogImpl] DEBUG block.DeletedBlockLogImpl (DeletedBlockLogImpl.java:isTransactionFailed(303)) - Got block deletion ACK from datanode, TXIDs=4, success=true
2022-10-11 12:50:26,677 [EventQueue-DeleteBlockStatusForDeletedBlockLogImpl] DEBUG block.DeletedBlockLogImpl (DeletedBlockLogImpl.java:commitTransactions(249)) - Transaction txId=4 commit by dnId=a5f5a137-50fd-4e34-893e-bbf5e2017a41 for containerID=#4 failed. Corresponding entry not found.
2022-10-11 12:50:26,677 [EventQueue-DeleteBlockStatusForDeletedBlockLogImpl] DEBUG block.DeletedBlockLogImpl (DeletedBlockLogImpl.java:isTransactionFailed(303)) - Got block deletion ACK from datanode, TXIDs=5, success=true
2022-10-11 12:50:26,677 [EventQueue-DeleteBlockStatusForDeletedBlockLogImpl] DEBUG block.DeletedBlockLogImpl (DeletedBlockLogImpl.java:commitTransactions(249)) - Transaction txId=5 commit by dnId=a5f5a137-50fd-4e34-893e-bbf5e2017a41 for containerID=#5 failed. Corresponding entry not found.
2022-10-11 12:50:26,677 [EventQueue-DeleteBlockStatusForDeletedBlockLogImpl] DEBUG block.DeletedBlockLogImpl (DeletedBlockLogImpl.java:isTransactionFailed(303)) - Got block deletion ACK from datanode, TXIDs=6, success=true
2022-10-11 12:50:26,677 [EventQueue-DeleteBlockStatusForDeletedBlockLogImpl] DEBUG block.DeletedBlockLogImpl (DeletedBlockLogImpl.java:commitTransactions(249)) - Transaction txId=6 commit by dnId=a5f5a137-50fd-4e34-893e-bbf5e2017a41 for containerID=#6 failed. Corresponding entry not found.
2022-10-11 12:50:26,677 [EventQueue-DeleteBlockStatusForDeletedBlockLogImpl] DEBUG block.DeletedBlockLogImpl (DeletedBlockLogImpl.java:isTransactionFailed(303)) - Got block deletion ACK from datanode, TXIDs=1, success=true
2022-10-11 12:50:26,677 [EventQueue-DeleteBlockStatusForDeletedBlockLogImpl] DEBUG block.DeletedBlockLogImpl (DeletedBlockLogImpl.java:commitTransactions(249)) - Transaction txId=1 commit by dnId=a5f5a137-50fd-4e34-893e-bbf5e2017a41 for containerID=#1 failed. Corresponding entry not found.
2022-10-11 12:50:26,677 [EventQueue-DeleteBlockStatusForDeletedBlockLogImpl] DEBUG block.DeletedBlockLogImpl (DeletedBlockLogImpl.java:isTransactionFailed(303)) - Got block deletion ACK from datanode, TXIDs=2, success=true
2022-10-11 12:50:26,677 [EventQueue-DeleteBlockStatusForDeletedBlockLogImpl] DEBUG block.DeletedBlockLogImpl (DeletedBlockLogImpl.java:commitTransactions(249)) - Transaction txId=2 commit by dnId=a5f5a137-50fd-4e34-893e-bbf5e2017a41 for containerID=#2 failed. Corresponding entry not found.
2022-10-11 12:50:26,677 [EventQueue-DeleteBlockStatusForDeletedBlockLogImpl] DEBUG block.DeletedBlockLogImpl (DeletedBlockLogImpl.java:isTransactionFailed(303)) - Got block deletion ACK from datanode, TXIDs=3, success=true
2022-10-11 12:50:26,677 [EventQueue-DeleteBlockStatusForDeletedBlockLogImpl] DEBUG block.DeletedBlockLogImpl (DeletedBlockLogImpl.java:commitTransactions(249)) - Transaction txId=3 commit by dnId=a5f5a137-50fd-4e34-893e-bbf5e2017a41 for containerID=#3 failed. Corresponding entry not found.
2022-10-11 12:50:26,677 [EventQueue-DeleteBlockStatusForDeletedBlockLogImpl] DEBUG block.DeletedBlockLogImpl (DeletedBlockLogImpl.java:isTransactionFailed(303)) - Got block deletion ACK from datanode, TXIDs=4, success=true
2022-10-11 12:50:26,677 [EventQueue-DeleteBlockStatusForDeletedBlockLogImpl] DEBUG block.DeletedBlockLogImpl (DeletedBlockLogImpl.java:commitTransactions(249)) - Transaction txId=4 commit by dnId=a5f5a137-50fd-4e34-893e-bbf5e2017a41 for containerID=#4 failed. Corresponding entry not found.
2022-10-11 12:50:26,678 [EventQueue-DeleteBlockStatusForDeletedBlockLogImpl] DEBUG block.DeletedBlockLogImpl (DeletedBlockLogImpl.java:isTransactionFailed(303)) - Got block deletion ACK from datanode, TXIDs=5, success=true
2022-10-11 12:50:26,678 [EventQueue-DeleteBlockStatusForDeletedBlockLogImpl] DEBUG block.DeletedBlockLogImpl (DeletedBlockLogImpl.java:commitTransactions(249)) - Transaction txId=5 commit by dnId=a5f5a137-50fd-4e34-893e-bbf5e2017a41 for containerID=#5 failed. Corresponding entry not found.
2022-10-11 12:50:26,678 [EventQueue-DeleteBlockStatusForDeletedBlockLogImpl] DEBUG block.DeletedBlockLogImpl (DeletedBlockLogImpl.java:isTransactionFailed(303)) - Got block deletion ACK from datanode, TXIDs=6, success=true
2022-10-11 12:50:26,678 [EventQueue-DeleteBlockStatusForDeletedBlockLogImpl] DEBUG block.DeletedBlockLogImpl (DeletedBlockLogImpl.java:commitTransactions(249)) - Transaction txId=6 commit by dnId=a5f5a137-50fd-4e34-893e-bbf5e2017a41 for containerID=#6 failed. Corresponding entry not found.
2022-10-11 12:50:26,678 [EventQueue-DeleteBlockStatusForDeletedBlockLogImpl] DEBUG block.DeletedBlockLogImpl (DeletedBlockLogImpl.java:isTransactionFailed(303)) - Got block deletion ACK from datanode, TXIDs=1, success=true
2022-10-11 12:50:26,678 [EventQueue-DeleteBlockStatusForDeletedBlockLogImpl] DEBUG block.DeletedBlockLogImpl (DeletedBlockLogImpl.java:commitTransactions(249)) - Transaction txId=1 commit by dnId=a5f5a137-50fd-4e34-893e-bbf5e2017a41 for containerID=#1 failed. Corresponding entry not found.
2022-10-11 12:50:26,678 [EventQueue-DeleteBlockStatusForDeletedBlockLogImpl] DEBUG block.DeletedBlockLogImpl (DeletedBlockLogImpl.java:isTransactionFailed(303)) - Got block deletion ACK from datanode, TXIDs=2, success=true
2022-10-11 12:50:26,678 [EventQueue-DeleteBlockStatusForDeletedBlockLogImpl] DEBUG block.DeletedBlockLogImpl (DeletedBlockLogImpl.java:commitTransactions(249)) - Transaction txId=2 commit by dnId=a5f5a137-50fd-4e34-893e-bbf5e2017a41 for containerID=#2 failed. Corresponding entry not found.
2022-10-11 12:50:26,678 [EventQueue-DeleteBlockStatusForDeletedBlockLogImpl] DEBUG block.DeletedBlockLogImpl (DeletedBlockLogImpl.java:isTransactionFailed(303)) - Got block deletion ACK from datanode, TXIDs=3, success=true
2022-10-11 12:50:26,678 [EventQueue-DeleteBlockStatusForDeletedBlockLogImpl] DEBUG block.DeletedBlockLogImpl (DeletedBlockLogImpl.java:commitTransactions(249)) - Transaction txId=3 commit by dnId=a5f5a137-50fd-4e34-893e-bbf5e2017a41 for containerID=#3 failed. Corresponding entry not found.
2022-10-11 12:50:26,678 [EventQueue-DeleteBlockStatusForDeletedBlockLogImpl] DEBUG block.DeletedBlockLogImpl (DeletedBlockLogImpl.java:isTransactionFailed(303)) - Got block deletion ACK from datanode, TXIDs=4, success=true
2022-10-11 12:50:26,678 [EventQueue-DeleteBlockStatusForDeletedBlockLogImpl] DEBUG block.DeletedBlockLogImpl (DeletedBlockLogImpl.java:commitTransactions(249)) - Transaction txId=4 commit by dnId=a5f5a137-50fd-4e34-893e-bbf5e2017a41 for containerID=#4 failed. Corresponding entry not found.
2022-10-11 12:50:26,678 [EventQueue-DeleteBlockStatusForDeletedBlockLogImpl] DEBUG block.DeletedBlockLogImpl (DeletedBlockLogImpl.java:isTransactionFailed(303)) - Got block deletion ACK from datanode, TXIDs=5, success=true
2022-10-11 12:50:26,678 [EventQueue-DeleteBlockStatusForDeletedBlockLogImpl] DEBUG block.DeletedBlockLogImpl (DeletedBlockLogImpl.java:commitTransactions(249)) - Transaction txId=5 commit by dnId=a5f5a137-50fd-4e34-893e-bbf5e2017a41 for containerID=#5 failed. Corresponding entry not found.
2022-10-11 12:50:26,678 [EventQueue-DeleteBlockStatusForDeletedBlockLogImpl] DEBUG block.DeletedBlockLogImpl (DeletedBlockLogImpl.java:isTransactionFailed(303)) - Got block deletion ACK from datanode, TXIDs=1, success=true
2022-10-11 12:50:26,678 [EventQueue-DeleteBlockStatusForDeletedBlockLogImpl] DEBUG block.DeletedBlockLogImpl (DeletedBlockLogImpl.java:commitTransactions(249)) - Transaction txId=1 commit by dnId=a5f5a137-50fd-4e34-893e-bbf5e2017a41 for containerID=#1 failed. Corresponding entry not found.
2022-10-11 12:50:26,678 [EventQueue-DeleteBlockStatusForDeletedBlockLogImpl] DEBUG block.DeletedBlockLogImpl (DeletedBlockLogImpl.java:isTransactionFailed(303)) - Got block deletion ACK from datanode, TXIDs=2, success=true
2022-10-11 12:50:26,679 [EventQueue-DeleteBlockStatusForDeletedBlockLogImpl] DEBUG block.DeletedBlockLogImpl (DeletedBlockLogImpl.java:commitTransactions(249)) - Transaction txId=2 commit by dnId=a5f5a137-50fd-4e34-893e-bbf5e2017a41 for containerID=#2 failed. Corresponding entry not found.
2022-10-11 12:50:26,679 [EventQueue-DeleteBlockStatusForDeletedBlockLogImpl] DEBUG block.DeletedBlockLogImpl (DeletedBlockLogImpl.java:isTransactionFailed(303)) - Got block deletion ACK from datanode, TXIDs=3, success=true
2022-10-11 12:50:26,679 [EventQueue-DeleteBlockStatusForDeletedBlockLogImpl] DEBUG block.DeletedBlockLogImpl (DeletedBlockLogImpl.java:commitTransactions(249)) - Transaction txId=3 commit by dnId=a5f5a137-50fd-4e34-893e-bbf5e2017a41 for containerID=#3 failed. Corresponding entry not found.
2022-10-11 12:50:26,679 [EventQueue-DeleteBlockStatusForDeletedBlockLogImpl] DEBUG block.DeletedBlockLogImpl (DeletedBlockLogImpl.java:isTransactionFailed(303)) - Got block deletion ACK from datanode, TXIDs=4, success=true
2022-10-11 12:50:26,679 [EventQueue-DeleteBlockStatusForDeletedBlockLogImpl] DEBUG block.DeletedBlockLogImpl (DeletedBlockLogImpl.java:commitTransactions(249)) - Transaction txId=4 commit by dnId=a5f5a137-50fd-4e34-893e-bbf5e2017a41 for containerID=#4 failed. Corresponding entry not found.
2022-10-11 12:50:26,679 [EventQueue-DeleteBlockStatusForDeletedBlockLogImpl] DEBUG block.DeletedBlockLogImpl (DeletedBlockLogImpl.java:isTransactionFailed(303)) - Got block deletion ACK from datanode, TXIDs=5, success=true
2022-10-11 12:50:26,679 [EventQueue-DeleteBlockStatusForDeletedBlockLogImpl] DEBUG block.DeletedBlockLogImpl (DeletedBlockLogImpl.java:commitTransactions(249)) - Transaction txId=5 commit by dnId=a5f5a137-50fd-4e34-893e-bbf5e2017a41 for containerID=#5 failed. Corresponding entry not found.
2022-10-11 12:50:26,679 [EventQueue-DeleteBlockStatusForDeletedBlockLogImpl] DEBUG block.DeletedBlockLogImpl (DeletedBlockLogImpl.java:isTransactionFailed(303)) - Got block deletion ACK from datanode, TXIDs=6, success=true
2022-10-11 12:50:26,679 [EventQueue-DeleteBlockStatusForDeletedBlockLogImpl] DEBUG block.DeletedBlockLogImpl (DeletedBlockLogImpl.java:commitTransactions(249)) - Transaction txId=6 commit by dnId=a5f5a137-50fd-4e34-893e-bbf5e2017a41 for containerID=#6 failed. Corresponding entry not found.
2022-10-11 12:50:26,679 [EventQueue-DeleteBlockStatusForDeletedBlockLogImpl] DEBUG block.DeletedBlockLogImpl (DeletedBlockLogImpl.java:isTransactionFailed(303)) - Got block deletion ACK from datanode, TXIDs=1, success=true
2022-10-11 12:50:26,679 [EventQueue-DeleteBlockStatusForDeletedBlockLogImpl] DEBUG block.DeletedBlockLogImpl (DeletedBlockLogImpl.java:commitTransactions(249)) - Transaction txId=1 commit by dnId=a5f5a137-50fd-4e34-893e-bbf5e2017a41 for containerID=#1 failed. Corresponding entry not found.
2022-10-11 12:50:26,679 [EventQueue-DeleteBlockStatusForDeletedBlockLogImpl] DEBUG block.DeletedBlockLogImpl (DeletedBlockLogImpl.java:isTransactionFailed(303)) - Got block deletion ACK from datanode, TXIDs=2, success=true
2022-10-11 12:50:26,679 [EventQueue-DeleteBlockStatusForDeletedBlockLogImpl] DEBUG block.DeletedBlockLogImpl (DeletedBlockLogImpl.java:commitTransactions(249)) - Transaction txId=2 commit by dnId=a5f5a137-50fd-4e34-893e-bbf5e2017a41 for containerID=#2 failed. Corresponding entry not found.
2022-10-11 12:50:26,679 [EventQueue-DeleteBlockStatusForDeletedBlockLogImpl] DEBUG block.DeletedBlockLogImpl (DeletedBlockLogImpl.java:isTransactionFailed(303)) - Got block deletion ACK from datanode, TXIDs=3, success=true
2022-10-11 12:50:26,679 [EventQueue-DeleteBlockStatusForDeletedBlockLogImpl] DEBUG block.DeletedBlockLogImpl (DeletedBlockLogImpl.java:commitTransactions(249)) - Transaction txId=3 commit by dnId=a5f5a137-50fd-4e34-893e-bbf5e2017a41 for containerID=#3 failed. Corresponding entry not found.
2022-10-11 12:50:26,679 [EventQueue-DeleteBlockStatusForDeletedBlockLogImpl] DEBUG block.DeletedBlockLogImpl (DeletedBlockLogImpl.java:isTransactionFailed(303)) - Got block deletion ACK from datanode, TXIDs=4, success=true
2022-10-11 12:50:26,679 [EventQueue-DeleteBlockStatusForDeletedBlockLogImpl] DEBUG block.DeletedBlockLogImpl (DeletedBlockLogImpl.java:commitTransactions(249)) - Transaction txId=4 commit by dnId=a5f5a137-50fd-4e34-893e-bbf5e2017a41 for containerID=#4 failed. Corresponding entry not found.
2022-10-11 12:50:26,679 [EventQueue-DeleteBlockStatusForDeletedBlockLogImpl] DEBUG block.DeletedBlockLogImpl (DeletedBlockLogImpl.java:isTransactionFailed(303)) - Got block deletion ACK from datanode, TXIDs=5, success=true
2022-10-11 12:50:26,679 [EventQueue-DeleteBlockStatusForDeletedBlockLogImpl] DEBUG block.DeletedBlockLogImpl (DeletedBlockLogImpl.java:commitTransactions(249)) - Transaction txId=5 commit by dnId=a5f5a137-50fd-4e34-893e-bbf5e2017a41 for containerID=#5 failed. Corresponding entry not found.
2022-10-11 12:50:26,679 [EventQueue-DeleteBlockStatusForDeletedBlockLogImpl] DEBUG block.DeletedBlockLogImpl (DeletedBlockLogImpl.java:isTransactionFailed(303)) - Got block deletion ACK from datanode, TXIDs=6, success=true
2022-10-11 12:50:26,679 [EventQueue-DeleteBlockStatusForDeletedBlockLogImpl] DEBUG block.DeletedBlockLogImpl (DeletedBlockLogImpl.java:commitTransactions(249)) - Transaction txId=6 commit by dnId=a5f5a137-50fd-4e34-893e-bbf5e2017a41 for containerID=#6 failed. Corresponding entry not found.
2022-10-11 12:50:26,679 [EventQueue-DeleteBlockStatusForDeletedBlockLogImpl] DEBUG block.DeletedBlockLogImpl (DeletedBlockLogImpl.java:isTransactionFailed(303)) - Got block deletion ACK from datanode, TXIDs=1, success=true
2022-10-11 12:50:26,679 [EventQueue-DeleteBlockStatusForDeletedBlockLogImpl] DEBUG block.DeletedBlockLogImpl (DeletedBlockLogImpl.java:commitTransactions(249)) - Transaction txId=1 commit by dnId=a5f5a137-50fd-4e34-893e-bbf5e2017a41 for containerID=#1 failed. Corresponding entry not found.
2022-10-11 12:50:26,679 [EventQueue-DeleteBlockStatusForDeletedBlockLogImpl] DEBUG block.DeletedBlockLogImpl (DeletedBlockLogImpl.java:isTransactionFailed(303)) - Got block deletion ACK from datanode, TXIDs=2, success=true
2022-10-11 12:50:26,679 [EventQueue-DeleteBlockStatusForDeletedBlockLogImpl] DEBUG block.DeletedBlockLogImpl (DeletedBlockLogImpl.java:commitTransactions(249)) - Transaction txId=2 commit by dnId=a5f5a137-50fd-4e34-893e-bbf5e2017a41 for containerID=#2 failed. Corresponding entry not found.
2022-10-11 12:50:26,679 [EventQueue-DeleteBlockStatusForDeletedBlockLogImpl] DEBUG block.DeletedBlockLogImpl (DeletedBlockLogImpl.java:isTransactionFailed(303)) - Got block deletion ACK from datanode, TXIDs=3, success=true
2022-10-11 12:50:26,679 [EventQueue-DeleteBlockStatusForDeletedBlockLogImpl] DEBUG block.DeletedBlockLogImpl (DeletedBlockLogImpl.java:commitTransactions(249)) - Transaction txId=3 commit by dnId=a5f5a137-50fd-4e34-893e-bbf5e2017a41 for containerID=#3 failed. Corresponding entry not found.
2022-10-11 12:50:26,680 [EventQueue-DeleteBlockStatusForDeletedBlockLogImpl] DEBUG block.DeletedBlockLogImpl (DeletedBlockLogImpl.java:isTransactionFailed(303)) - Got block deletion ACK from datanode, TXIDs=4, success=true
2022-10-11 12:50:26,680 [EventQueue-DeleteBlockStatusForDeletedBlockLogImpl] DEBUG block.DeletedBlockLogImpl (DeletedBlockLogImpl.java:commitTransactions(249)) - Transaction txId=4 commit by dnId=a5f5a137-50fd-4e34-893e-bbf5e2017a41 for containerID=#4 failed. Corresponding entry not found.
2022-10-11 12:50:26,680 [EventQueue-DeleteBlockStatusForDeletedBlockLogImpl] DEBUG block.DeletedBlockLogImpl (DeletedBlockLogImpl.java:isTransactionFailed(303)) - Got block deletion ACK from datanode, TXIDs=5, success=true
2022-10-11 12:50:26,680 [EventQueue-DeleteBlockStatusForDeletedBlockLogImpl] DEBUG block.DeletedBlockLogImpl (DeletedBlockLogImpl.java:commitTransactions(249)) - Transaction txId=5 commit by dnId=a5f5a137-50fd-4e34-893e-bbf5e2017a41 for containerID=#5 failed. Corresponding entry not found.
2022-10-11 12:50:26,680 [EventQueue-DeleteBlockStatusForDeletedBlockLogImpl] DEBUG block.DeletedBlockLogImpl (DeletedBlockLogImpl.java:isTransactionFailed(303)) - Got block deletion ACK from datanode, TXIDs=6, success=true
2022-10-11 12:50:26,680 [EventQueue-DeleteBlockStatusForDeletedBlockLogImpl] DEBUG block.DeletedBlockLogImpl (DeletedBlockLogImpl.java:commitTransactions(249)) - Transaction txId=6 commit by dnId=a5f5a137-50fd-4e34-893e-bbf5e2017a41 for containerID=#6 failed. Corresponding entry not found.
2022-10-11 12:50:26,680 [EventQueue-DeleteBlockStatusForDeletedBlockLogImpl] DEBUG block.DeletedBlockLogImpl (DeletedBlockLogImpl.java:isTransactionFailed(303)) - Got block deletion ACK from datanode, TXIDs=1, success=true
2022-10-11 12:50:26,680 [EventQueue-DeleteBlockStatusForDeletedBlockLogImpl] DEBUG block.DeletedBlockLogImpl (DeletedBlockLogImpl.java:commitTransactions(249)) - Transaction txId=1 commit by dnId=a5f5a137-50fd-4e34-893e-bbf5e2017a41 for containerID=#1 failed. Corresponding entry not found.
2022-10-11 12:50:26,680 [EventQueue-DeleteBlockStatusForDeletedBlockLogImpl] DEBUG block.DeletedBlockLogImpl (DeletedBlockLogImpl.java:isTransactionFailed(303)) - Got block deletion ACK from datanode, TXIDs=2, success=true
2022-10-11 12:50:26,680 [EventQueue-DeleteBlockStatusForDeletedBlockLogImpl] DEBUG block.DeletedBlockLogImpl (DeletedBlockLogImpl.java:commitTransactions(249)) - Transaction txId=2 commit by dnId=a5f5a137-50fd-4e34-893e-bbf5e2017a41 for containerID=#2 failed. Corresponding entry not found.
2022-10-11 12:50:26,680 [EventQueue-DeleteBlockStatusForDeletedBlockLogImpl] DEBUG block.DeletedBlockLogImpl (DeletedBlockLogImpl.java:isTransactionFailed(303)) - Got block deletion ACK from datanode, TXIDs=3, success=true
2022-10-11 12:50:26,680 [EventQueue-DeleteBlockStatusForDeletedBlockLogImpl] DEBUG block.DeletedBlockLogImpl (DeletedBlockLogImpl.java:commitTransactions(249)) - Transaction txId=3 commit by dnId=a5f5a137-50fd-4e34-893e-bbf5e2017a41 for containerID=#3 failed. Corresponding entry not found.
2022-10-11 12:50:26,680 [EventQueue-DeleteBlockStatusForDeletedBlockLogImpl] DEBUG block.DeletedBlockLogImpl (DeletedBlockLogImpl.java:isTransactionFailed(303)) - Got block deletion ACK from datanode, TXIDs=4, success=true
2022-10-11 12:50:26,680 [EventQueue-DeleteBlockStatusForDeletedBlockLogImpl] DEBUG block.DeletedBlockLogImpl (DeletedBlockLogImpl.java:commitTransactions(249)) - Transaction txId=4 commit by dnId=a5f5a137-50fd-4e34-893e-bbf5e2017a41 for containerID=#4 failed. Corresponding entry not found.
2022-10-11 12:50:26,680 [EventQueue-DeleteBlockStatusForDeletedBlockLogImpl] DEBUG block.DeletedBlockLogImpl (DeletedBlockLogImpl.java:isTransactionFailed(303)) - Got block deletion ACK from datanode, TXIDs=5, success=true
2022-10-11 12:50:26,680 [EventQueue-DeleteBlockStatusForDeletedBlockLogImpl] DEBUG block.DeletedBlockLogImpl (DeletedBlockLogImpl.java:commitTransactions(249)) - Transaction txId=5 commit by dnId=a5f5a137-50fd-4e34-893e-bbf5e2017a41 for containerID=#5 failed. Corresponding entry not found.
2022-10-11 12:50:26,680 [EventQueue-DeleteBlockStatusForDeletedBlockLogImpl] DEBUG block.DeletedBlockLogImpl (DeletedBlockLogImpl.java:isTransactionFailed(303)) - Got block deletion ACK from datanode, TXIDs=6, success=true
2022-10-11 12:50:26,680 [EventQueue-DeleteBlockStatusForDeletedBlockLogImpl] DEBUG block.DeletedBlockLogImpl (DeletedBlockLogImpl.java:commitTransactions(249)) - Transaction txId=6 commit by dnId=a5f5a137-50fd-4e34-893e-bbf5e2017a41 for containerID=#6 failed. Corresponding entry not found.
2022-10-11 12:50:26,680 [EventQueue-DeleteBlockStatusForDeletedBlockLogImpl] DEBUG block.DeletedBlockLogImpl (DeletedBlockLogImpl.java:isTransactionFailed(303)) - Got block deletion ACK from datanode, TXIDs=1, success=true
2022-10-11 12:50:26,680 [EventQueue-DeleteBlockStatusForDeletedBlockLogImpl] DEBUG block.DeletedBlockLogImpl (DeletedBlockLogImpl.java:commitTransactions(249)) - Transaction txId=1 commit by dnId=a5f5a137-50fd-4e34-893e-bbf5e2017a41 for containerID=#1 failed. Corresponding entry not found.
2022-10-11 12:50:26,680 [EventQueue-DeleteBlockStatusForDeletedBlockLogImpl] DEBUG block.DeletedBlockLogImpl (DeletedBlockLogImpl.java:isTransactionFailed(303)) - Got block deletion ACK from datanode, TXIDs=2, success=true
2022-10-11 12:50:26,680 [EventQueue-DeleteBlockStatusForDeletedBlockLogImpl] DEBUG block.DeletedBlockLogImpl (DeletedBlockLogImpl.java:commitTransactions(249)) - Transaction txId=2 commit by dnId=a5f5a137-50fd-4e34-893e-bbf5e2017a41 for containerID=#2 failed. Corresponding entry not found.
2022-10-11 12:50:26,680 [EventQueue-DeleteBlockStatusForDeletedBlockLogImpl] DEBUG block.DeletedBlockLogImpl (DeletedBlockLogImpl.java:isTransactionFailed(303)) - Got block deletion ACK from datanode, TXIDs=3, success=true
2022-10-11 12:50:26,680 [EventQueue-DeleteBlockStatusForDeletedBlockLogImpl] DEBUG block.DeletedBlockLogImpl (DeletedBlockLogImpl.java:commitTransactions(249)) - Transaction txId=3 commit by dnId=a5f5a137-50fd-4e34-893e-bbf5e2017a41 for containerID=#3 failed. Corresponding entry not found.
2022-10-11 12:50:26,680 [EventQueue-DeleteBlockStatusForDeletedBlockLogImpl] DEBUG block.DeletedBlockLogImpl (DeletedBlockLogImpl.java:isTransactionFailed(303)) - Got block deletion ACK from datanode, TXIDs=4, success=true
2022-10-11 12:50:26,680 [EventQueue-DeleteBlockStatusForDeletedBlockLogImpl] DEBUG block.DeletedBlockLogImpl (DeletedBlockLogImpl.java:commitTransactions(249)) - Transaction txId=4 commit by dnId=a5f5a137-50fd-4e34-893e-bbf5e2017a41 for containerID=#4 failed. Corresponding entry not found.
2022-10-11 12:50:26,680 [EventQueue-DeleteBlockStatusForDeletedBlockLogImpl] DEBUG block.DeletedBlockLogImpl (DeletedBlockLogImpl.java:isTransactionFailed(303)) - Got block deletion ACK from datanode, TXIDs=5, success=true
2022-10-11 12:50:26,680 [EventQueue-DeleteBlockStatusForDeletedBlockLogImpl] DEBUG block.DeletedBlockLogImpl (DeletedBlockLogImpl.java:commitTransactions(249)) - Transaction txId=5 commit by dnId=a5f5a137-50fd-4e34-893e-bbf5e2017a41 for containerID=#5 failed. Corresponding entry not found.
2022-10-11 12:50:26,681 [EventQueue-DeleteBlockStatusForDeletedBlockLogImpl] DEBUG block.DeletedBlockLogImpl (DeletedBlockLogImpl.java:isTransactionFailed(303)) - Got block deletion ACK from datanode, TXIDs=6, success=true
2022-10-11 12:50:26,681 [EventQueue-DeleteBlockStatusForDeletedBlockLogImpl] DEBUG block.DeletedBlockLogImpl (DeletedBlockLogImpl.java:commitTransactions(249)) - Transaction txId=6 commit by dnId=a5f5a137-50fd-4e34-893e-bbf5e2017a41 for containerID=#6 failed. Corresponding entry not found.
2022-10-11 12:50:26,681 [EventQueue-DeleteBlockStatusForDeletedBlockLogImpl] DEBUG block.DeletedBlockLogImpl (DeletedBlockLogImpl.java:isTransactionFailed(303)) - Got block deletion ACK from datanode, TXIDs=1, success=true
2022-10-11 12:50:26,681 [EventQueue-DeleteBlockStatusForDeletedBlockLogImpl] DEBUG block.DeletedBlockLogImpl (DeletedBlockLogImpl.java:commitTransactions(249)) - Transaction txId=1 commit by dnId=a5f5a137-50fd-4e34-893e-bbf5e2017a41 for containerID=#1 failed. Corresponding entry not found.
2022-10-11 12:50:26,681 [EventQueue-DeleteBlockStatusForDeletedBlockLogImpl] DEBUG block.DeletedBlockLogImpl (DeletedBlockLogImpl.java:isTransactionFailed(303)) - Got block deletion ACK from datanode, TXIDs=2, success=true
2022-10-11 12:50:26,681 [EventQueue-DeleteBlockStatusForDeletedBlockLogImpl] DEBUG block.DeletedBlockLogImpl (DeletedBlockLogImpl.java:commitTransactions(249)) - Transaction txId=2 commit by dnId=a5f5a137-50fd-4e34-893e-bbf5e2017a41 for containerID=#2 failed. Corresponding entry not found.
2022-10-11 12:50:26,681 [EventQueue-DeleteBlockStatusForDeletedBlockLogImpl] DEBUG block.DeletedBlockLogImpl (DeletedBlockLogImpl.java:isTransactionFailed(303)) - Got block deletion ACK from datanode, TXIDs=3, success=true
2022-10-11 12:50:26,681 [EventQueue-DeleteBlockStatusForDeletedBlockLogImpl] DEBUG block.DeletedBlockLogImpl (DeletedBlockLogImpl.java:commitTransactions(249)) - Transaction txId=3 commit by dnId=a5f5a137-50fd-4e34-893e-bbf5e2017a41 for containerID=#3 failed. Corresponding entry not found.
2022-10-11 12:50:26,681 [EventQueue-DeleteBlockStatusForDeletedBlockLogImpl] DEBUG block.DeletedBlockLogImpl (DeletedBlockLogImpl.java:isTransactionFailed(303)) - Got block deletion ACK from datanode, TXIDs=4, success=true
2022-10-11 12:50:26,681 [EventQueue-DeleteBlockStatusForDeletedBlockLogImpl] DEBUG block.DeletedBlockLogImpl (DeletedBlockLogImpl.java:commitTransactions(249)) - Transaction txId=4 commit by dnId=a5f5a137-50fd-4e34-893e-bbf5e2017a41 for containerID=#4 failed. Corresponding entry not found.
2022-10-11 12:50:26,681 [EventQueue-DeleteBlockStatusForDeletedBlockLogImpl] DEBUG block.DeletedBlockLogImpl (DeletedBlockLogImpl.java:isTransactionFailed(303)) - Got block deletion ACK from datanode, TXIDs=5, success=true
2022-10-11 12:50:26,681 [EventQueue-DeleteBlockStatusForDeletedBlockLogImpl] DEBUG block.DeletedBlockLogImpl (DeletedBlockLogImpl.java:commitTransactions(249)) - Transaction txId=5 commit by dnId=a5f5a137-50fd-4e34-893e-bbf5e2017a41 for containerID=#5 failed. Corresponding entry not found.
2022-10-11 12:50:26,681 [EventQueue-DeleteBlockStatusForDeletedBlockLogImpl] DEBUG block.DeletedBlockLogImpl (DeletedBlockLogImpl.java:isTransactionFailed(303)) - Got block deletion ACK from datanode, TXIDs=6, success=true
2022-10-11 12:50:26,681 [EventQueue-DeleteBlockStatusForDeletedBlockLogImpl] DEBUG block.DeletedBlockLogImpl (DeletedBlockLogImpl.java:commitTransactions(249)) - Transaction txId=6 commit by dnId=a5f5a137-50fd-4e34-893e-bbf5e2017a41 for containerID=#6 failed. Corresponding entry not found.
2022-10-11 12:50:26,771 [SCMBlockDeletingService#0] DEBUG block.SCMBlockDeletingService (SCMBlockDeletingService.java:call(131)) - Running DeletedBlockTransactionScanner
2022-10-11 12:50:26,871 [SCMBlockDeletingService#0] DEBUG block.SCMBlockDeletingService (SCMBlockDeletingService.java:call(131)) - Running DeletedBlockTransactionScanner
2022-10-11 12:50:26,879 [Listener at 127.0.0.1/44985] INFO  ozoneimpl.OzoneContainer (OzoneContainer.java:stop(400)) - Attempting to stop container services.
2022-10-11 12:50:26,881 [Listener at 127.0.0.1/44985] INFO  server.RaftServer (RaftServerProxy.java:lambda$close$7(398)) - d15f22e6-7d13-4df8-997b-1dbc14b1c401: close
2022-10-11 12:50:26,881 [Listener at 127.0.0.1/44985] INFO  server.RaftServer$Division (RaftServerImpl.java:lambda$close$4(434)) - d15f22e6-7d13-4df8-997b-1dbc14b1c401@group-6843776D4DCD: shutdown
2022-10-11 12:50:26,882 [Listener at 127.0.0.1/44985] INFO  util.JmxRegister (JmxRegister.java:unregister(73)) - Successfully un-registered JMX Bean with object name Ratis:service=RaftServer,group=group-6843776D4DCD,id=d15f22e6-7d13-4df8-997b-1dbc14b1c401
2022-10-11 12:50:26,882 [Listener at 127.0.0.1/44985] INFO  impl.RoleInfo (RoleInfo.java:shutdownFollowerState(110)) - d15f22e6-7d13-4df8-997b-1dbc14b1c401: shutdown d15f22e6-7d13-4df8-997b-1dbc14b1c401@group-6843776D4DCD-FollowerState
2022-10-11 12:50:26,882 [d15f22e6-7d13-4df8-997b-1dbc14b1c401@group-6843776D4DCD-FollowerState] INFO  impl.FollowerState (FollowerState.java:run(152)) - d15f22e6-7d13-4df8-997b-1dbc14b1c401@group-6843776D4DCD-FollowerState was interrupted
2022-10-11 12:50:26,883 [d15f22e6-7d13-4df8-997b-1dbc14b1c401@group-6843776D4DCD-StateMachineUpdater] INFO  ratis.ContainerStateMachine (ContainerStateMachine.java:takeSnapshot(304)) - group-6843776D4DCD: Taking a snapshot at:(t:7, i:110) file /home/runner/work/ozone/ozone/hadoop-ozone/integration-test/target/test-dir/MiniOzoneClusterImpl-db539a0e-d368-4ad2-95d9-5fcc718fd6eb/datanode-0/data/ratis/4f4812e9-8800-420a-9801-6843776d4dcd/sm/snapshot.7_110
2022-10-11 12:50:26,884 [Listener at 127.0.0.1/44985] INFO  impl.StateMachineUpdater (StateMachineUpdater.java:stopAndJoin(153)) - d15f22e6-7d13-4df8-997b-1dbc14b1c401@group-6843776D4DCD-StateMachineUpdater: set stopIndex = 110
2022-10-11 12:50:26,885 [d15f22e6-7d13-4df8-997b-1dbc14b1c401@group-6843776D4DCD-StateMachineUpdater] INFO  ratis.ContainerStateMachine (ContainerStateMachine.java:takeSnapshot(315)) - group-6843776D4DCD: Finished taking a snapshot at:(t:7, i:110) file:/home/runner/work/ozone/ozone/hadoop-ozone/integration-test/target/test-dir/MiniOzoneClusterImpl-db539a0e-d368-4ad2-95d9-5fcc718fd6eb/datanode-0/data/ratis/4f4812e9-8800-420a-9801-6843776d4dcd/sm/snapshot.7_110 took: 2 ms
2022-10-11 12:50:26,885 [d15f22e6-7d13-4df8-997b-1dbc14b1c401@group-6843776D4DCD-StateMachineUpdater] INFO  impl.StateMachineUpdater (StateMachineUpdater.java:takeSnapshot(287)) - d15f22e6-7d13-4df8-997b-1dbc14b1c401@group-6843776D4DCD-StateMachineUpdater: Took a snapshot at index 110
2022-10-11 12:50:26,885 [d15f22e6-7d13-4df8-997b-1dbc14b1c401@group-6843776D4DCD-StateMachineUpdater] INFO  impl.StateMachineUpdater (StateMachineUpdater.java:lambda$new$0(92)) - d15f22e6-7d13-4df8-997b-1dbc14b1c401@group-6843776D4DCD-StateMachineUpdater: snapshotIndex: updateIncreasingly -1 -> 110
2022-10-11 12:50:26,887 [Listener at 127.0.0.1/44985] INFO  server.RaftServer$Division (ServerState.java:close(429)) - d15f22e6-7d13-4df8-997b-1dbc14b1c401@group-6843776D4DCD: closes. applyIndex: 110
2022-10-11 12:50:26,887 [d15f22e6-7d13-4df8-997b-1dbc14b1c401@group-6843776D4DCD-SegmentedRaftLogWorker] INFO  segmented.SegmentedRaftLogWorker (SegmentedRaftLogWorker.java:run(336)) - d15f22e6-7d13-4df8-997b-1dbc14b1c401@group-6843776D4DCD-SegmentedRaftLogWorker was interrupted, exiting. There are 0 tasks remaining in the queue.
2022-10-11 12:50:26,888 [Listener at 127.0.0.1/44985] INFO  segmented.SegmentedRaftLogWorker (SegmentedRaftLogWorker.java:close(246)) - d15f22e6-7d13-4df8-997b-1dbc14b1c401@group-6843776D4DCD-SegmentedRaftLogWorker close()
2022-10-11 12:50:26,889 [Listener at 127.0.0.1/44985] INFO  server.GrpcService (GrpcService.java:closeImpl(269)) - d15f22e6-7d13-4df8-997b-1dbc14b1c401: shutdown server with port 39053 now
2022-10-11 12:50:26,898 [grpc-default-executor-5] WARN  server.GrpcLogAppender (LogUtils.java:warn(122)) - a5f5a137-50fd-4e34-893e-bbf5e2017a41@group-6843776D4DCD->d15f22e6-7d13-4df8-997b-1dbc14b1c401-AppendLogResponseHandler: Failed appendEntries: org.apache.ratis.thirdparty.io.grpc.StatusRuntimeException: CANCELLED: RST_STREAM closed stream. HTTP/2 error code: CANCEL
2022-10-11 12:50:26,898 [grpc-default-executor-5] INFO  leader.FollowerInfo (FollowerInfoImpl.java:lambda$new$0(48)) - a5f5a137-50fd-4e34-893e-bbf5e2017a41@group-6843776D4DCD->d15f22e6-7d13-4df8-997b-1dbc14b1c401: nextIndex: updateUnconditionally 112 -> 111
2022-10-11 12:50:26,896 [grpc-default-executor-4] WARN  server.GrpcServerProtocolService (LogUtils.java:warn(122)) - d15f22e6-7d13-4df8-997b-1dbc14b1c401: installSnapshot onError, lastRequest: a5f5a137-50fd-4e34-893e-bbf5e2017a41->d15f22e6-7d13-4df8-997b-1dbc14b1c401#620-t7,previous=(t:7, i:110),leaderCommit=110,initializing? true,entries: size=1, first=(t:7, i:111), METADATAENTRY(c:110): org.apache.ratis.thirdparty.io.grpc.StatusRuntimeException: CANCELLED: client cancelled
2022-10-11 12:50:26,921 [Listener at 127.0.0.1/44985] INFO  server.GrpcService (GrpcService.java:closeImpl(278)) - d15f22e6-7d13-4df8-997b-1dbc14b1c401: shutdown server with port 39053 successfully
2022-10-11 12:50:26,923 [org.apache.ratis.util.JvmPauseMonitor$$Lambda$703/795293305@610c4d65] INFO  util.JvmPauseMonitor (JvmPauseMonitor.java:run(109)) - JvmPauseMonitor-d15f22e6-7d13-4df8-997b-1dbc14b1c401: Stopped
2022-10-11 12:50:26,936 [grpc-default-executor-4] WARN  server.GrpcLogAppender (LogUtils.java:warn(122)) - a5f5a137-50fd-4e34-893e-bbf5e2017a41@group-6843776D4DCD->d15f22e6-7d13-4df8-997b-1dbc14b1c401-AppendLogResponseHandler: Failed appendEntries: org.apache.ratis.thirdparty.io.grpc.StatusRuntimeException: UNAVAILABLE: io exception
2022-10-11 12:50:26,937 [grpc-default-executor-4] INFO  leader.FollowerInfo (FollowerInfoImpl.java:lambda$new$0(48)) - a5f5a137-50fd-4e34-893e-bbf5e2017a41@group-6843776D4DCD->d15f22e6-7d13-4df8-997b-1dbc14b1c401: nextIndex: updateUnconditionally 112 -> 111
2022-10-11 12:50:26,971 [SCMBlockDeletingService#0] DEBUG block.SCMBlockDeletingService (SCMBlockDeletingService.java:call(131)) - Running DeletedBlockTransactionScanner
2022-10-11 12:50:27,072 [SCMBlockDeletingService#0] DEBUG block.SCMBlockDeletingService (SCMBlockDeletingService.java:call(131)) - Running DeletedBlockTransactionScanner
2022-10-11 12:50:27,172 [SCMBlockDeletingService#0] DEBUG block.SCMBlockDeletingService (SCMBlockDeletingService.java:call(131)) - Running DeletedBlockTransactionScanner
2022-10-11 12:50:27,272 [SCMBlockDeletingService#0] DEBUG block.SCMBlockDeletingService (SCMBlockDeletingService.java:call(131)) - Running DeletedBlockTransactionScanner
2022-10-11 12:50:27,372 [SCMBlockDeletingService#0] DEBUG block.SCMBlockDeletingService (SCMBlockDeletingService.java:call(131)) - Running DeletedBlockTransactionScanner
2022-10-11 12:50:27,472 [SCMBlockDeletingService#0] DEBUG block.SCMBlockDeletingService (SCMBlockDeletingService.java:call(131)) - Running DeletedBlockTransactionScanner
2022-10-11 12:50:27,572 [SCMBlockDeletingService#0] DEBUG block.SCMBlockDeletingService (SCMBlockDeletingService.java:call(131)) - Running DeletedBlockTransactionScanner
2022-10-11 12:50:27,672 [SCMBlockDeletingService#0] DEBUG block.SCMBlockDeletingService (SCMBlockDeletingService.java:call(131)) - Running DeletedBlockTransactionScanner
2022-10-11 12:50:27,772 [SCMBlockDeletingService#0] DEBUG block.SCMBlockDeletingService (SCMBlockDeletingService.java:call(131)) - Running DeletedBlockTransactionScanner
2022-10-11 12:50:27,777 [grpc-default-executor-4] WARN  server.GrpcLogAppender (LogUtils.java:warn(122)) - a5f5a137-50fd-4e34-893e-bbf5e2017a41@group-6843776D4DCD->d15f22e6-7d13-4df8-997b-1dbc14b1c401-AppendLogResponseHandler: Failed appendEntries: org.apache.ratis.thirdparty.io.grpc.StatusRuntimeException: UNAVAILABLE: io exception
2022-10-11 12:50:27,778 [grpc-default-executor-4] INFO  leader.FollowerInfo (FollowerInfoImpl.java:lambda$new$0(48)) - a5f5a137-50fd-4e34-893e-bbf5e2017a41@group-6843776D4DCD->d15f22e6-7d13-4df8-997b-1dbc14b1c401: nextIndex: updateUnconditionally 112 -> 111
2022-10-11 12:50:27,778 [org.apache.hadoop.ozone.container.common.statemachine.commandhandler.DeleteBlocksCommandHandler$DeleteCmdWorker@7b7e2ddc] INFO  commandhandler.DeleteBlocksCommandHandler (DeleteBlocksCommandHandler.java:processCmd(271)) - Start to delete container blocks, TXIDs=[1(12),2(12),3(9),4(9),5(9),6(6)], numOfContainers=6, numOfBlocks=6
2022-10-11 12:50:27,779 [org.apache.hadoop.ozone.container.common.statemachine.commandhandler.DeleteBlocksCommandHandler$DeleteCmdWorker@7b7e2ddc] INFO  commandhandler.DeleteBlocksCommandHandler (DeleteBlocksCommandHandler.java:processCmd(271)) - Start to delete container blocks, TXIDs=[1(12),2(12),3(9),4(9),5(9),6(6)], numOfContainers=6, numOfBlocks=6
2022-10-11 12:50:27,780 [org.apache.hadoop.ozone.container.common.statemachine.commandhandler.DeleteBlocksCommandHandler$DeleteCmdWorker@7b7e2ddc] INFO  commandhandler.DeleteBlocksCommandHandler (DeleteBlocksCommandHandler.java:processCmd(271)) - Start to delete container blocks, TXIDs=[1(18),2(18),3(15),4(15),5(15),6(12)], numOfContainers=6, numOfBlocks=6
2022-10-11 12:50:27,781 [org.apache.hadoop.ozone.container.common.statemachine.commandhandler.DeleteBlocksCommandHandler$DeleteCmdWorker@7b7e2ddc] INFO  commandhandler.DeleteBlocksCommandHandler (DeleteBlocksCommandHandler.java:processCmd(271)) - Start to delete container blocks, TXIDs=[1(18),2(18),3(15),4(15),5(15),6(12)], numOfContainers=6, numOfBlocks=6
2022-10-11 12:50:27,781 [org.apache.hadoop.ozone.container.common.statemachine.commandhandler.DeleteBlocksCommandHandler$DeleteCmdWorker@7b7e2ddc] INFO  commandhandler.DeleteBlocksCommandHandler (DeleteBlocksCommandHandler.java:processCmd(271)) - Start to delete container blocks, TXIDs=[3(21),4(21),5(21),6(18)], numOfContainers=4, numOfBlocks=4
2022-10-11 12:50:27,781 [org.apache.hadoop.ozone.container.common.statemachine.commandhandler.DeleteBlocksCommandHandler$DeleteCmdWorker@7b7e2ddc] INFO  commandhandler.DeleteBlocksCommandHandler (DeleteBlocksCommandHandler.java:processCmd(271)) - Start to delete container blocks, TXIDs=[3(21),4(21),5(21),6(18)], numOfContainers=4, numOfBlocks=4
2022-10-11 12:50:27,785 [grpc-default-executor-4] WARN  server.GrpcLogAppender (LogUtils.java:warn(122)) - a5f5a137-50fd-4e34-893e-bbf5e2017a41@group-6843776D4DCD->d15f22e6-7d13-4df8-997b-1dbc14b1c401-AppendLogResponseHandler: Failed appendEntries: org.apache.ratis.thirdparty.io.grpc.StatusRuntimeException: UNAVAILABLE: io exception
2022-10-11 12:50:27,786 [grpc-default-executor-4] INFO  leader.FollowerInfo (FollowerInfoImpl.java:lambda$new$0(48)) - a5f5a137-50fd-4e34-893e-bbf5e2017a41@group-6843776D4DCD->d15f22e6-7d13-4df8-997b-1dbc14b1c401: nextIndex: updateUnconditionally 112 -> 111
2022-10-11 12:50:27,872 [SCMBlockDeletingService#0] DEBUG block.SCMBlockDeletingService (SCMBlockDeletingService.java:call(131)) - Running DeletedBlockTransactionScanner
2022-10-11 12:50:27,973 [SCMBlockDeletingService#0] DEBUG block.SCMBlockDeletingService (SCMBlockDeletingService.java:call(131)) - Running DeletedBlockTransactionScanner
2022-10-11 12:50:28,073 [SCMBlockDeletingService#0] DEBUG block.SCMBlockDeletingService (SCMBlockDeletingService.java:call(131)) - Running DeletedBlockTransactionScanner
2022-10-11 12:50:28,115 [org.apache.hadoop.ozone.container.common.statemachine.commandhandler.DeleteBlocksCommandHandler$DeleteCmdWorker@13d9360f] INFO  commandhandler.DeleteBlocksCommandHandler (DeleteBlocksCommandHandler.java:processCmd(271)) - Start to delete container blocks, TXIDs=[1(18),2(18),3(15),4(15),5(15),6(12)], numOfContainers=6, numOfBlocks=6
2022-10-11 12:50:28,115 [org.apache.hadoop.ozone.container.common.statemachine.commandhandler.DeleteBlocksCommandHandler$DeleteCmdWorker@13d9360f] INFO  commandhandler.DeleteBlocksCommandHandler (DeleteBlocksCommandHandler.java:processCmd(271)) - Start to delete container blocks, TXIDs=[1(18),2(18),3(15),4(15),5(15),6(12)], numOfContainers=6, numOfBlocks=6
2022-10-11 12:50:28,115 [org.apache.hadoop.ozone.container.common.statemachine.commandhandler.DeleteBlocksCommandHandler$DeleteCmdWorker@13d9360f] INFO  commandhandler.DeleteBlocksCommandHandler (DeleteBlocksCommandHandler.java:processCmd(271)) - Start to delete container blocks, TXIDs=[1(24),2(24),3(21),4(21),5(21),6(18)], numOfContainers=6, numOfBlocks=6
2022-10-11 12:50:28,116 [org.apache.hadoop.ozone.container.common.statemachine.commandhandler.DeleteBlocksCommandHandler$DeleteCmdWorker@13d9360f] INFO  commandhandler.DeleteBlocksCommandHandler (DeleteBlocksCommandHandler.java:processCmd(271)) - Start to delete container blocks, TXIDs=[1(24),2(24),3(21),4(21),5(21),6(18)], numOfContainers=6, numOfBlocks=6
2022-10-11 12:50:28,116 [org.apache.hadoop.ozone.container.common.statemachine.commandhandler.DeleteBlocksCommandHandler$DeleteCmdWorker@13d9360f] INFO  commandhandler.DeleteBlocksCommandHandler (DeleteBlocksCommandHandler.java:processCmd(271)) - Start to delete container blocks, TXIDs=[1(28),2(28),3(27),4(27),5(27),6(24)], numOfContainers=6, numOfBlocks=6
2022-10-11 12:50:28,116 [org.apache.hadoop.ozone.container.common.statemachine.commandhandler.DeleteBlocksCommandHandler$DeleteCmdWorker@13d9360f] INFO  commandhandler.DeleteBlocksCommandHandler (DeleteBlocksCommandHandler.java:processCmd(271)) - Start to delete container blocks, TXIDs=[1(28),2(28),3(27),4(27),5(27),6(24)], numOfContainers=6, numOfBlocks=6
2022-10-11 12:50:28,173 [SCMBlockDeletingService#0] DEBUG block.SCMBlockDeletingService (SCMBlockDeletingService.java:call(131)) - Running DeletedBlockTransactionScanner
2022-10-11 12:50:28,273 [SCMBlockDeletingService#0] DEBUG block.SCMBlockDeletingService (SCMBlockDeletingService.java:call(131)) - Running DeletedBlockTransactionScanner
2022-10-11 12:50:28,291 [EventQueue-DeleteBlockStatusForDeletedBlockLogImpl] DEBUG block.DeletedBlockLogImpl (DeletedBlockLogImpl.java:isTransactionFailed(303)) - Got block deletion ACK from datanode, TXIDs=1, success=true
2022-10-11 12:50:28,291 [EventQueue-DeleteBlockStatusForDeletedBlockLogImpl] DEBUG block.DeletedBlockLogImpl (DeletedBlockLogImpl.java:commitTransactions(249)) - Transaction txId=1 commit by dnId=398056ab-e960-4ebd-a652-556788d1cc35 for containerID=#1 failed. Corresponding entry not found.
2022-10-11 12:50:28,291 [EventQueue-DeleteBlockStatusForDeletedBlockLogImpl] DEBUG block.DeletedBlockLogImpl (DeletedBlockLogImpl.java:isTransactionFailed(303)) - Got block deletion ACK from datanode, TXIDs=2, success=true
2022-10-11 12:50:28,291 [EventQueue-DeleteBlockStatusForDeletedBlockLogImpl] DEBUG block.DeletedBlockLogImpl (DeletedBlockLogImpl.java:commitTransactions(249)) - Transaction txId=2 commit by dnId=398056ab-e960-4ebd-a652-556788d1cc35 for containerID=#2 failed. Corresponding entry not found.
2022-10-11 12:50:28,291 [EventQueue-DeleteBlockStatusForDeletedBlockLogImpl] DEBUG block.DeletedBlockLogImpl (DeletedBlockLogImpl.java:isTransactionFailed(303)) - Got block deletion ACK from datanode, TXIDs=3, success=true
2022-10-11 12:50:28,291 [EventQueue-DeleteBlockStatusForDeletedBlockLogImpl] DEBUG block.DeletedBlockLogImpl (DeletedBlockLogImpl.java:commitTransactions(249)) - Transaction txId=3 commit by dnId=398056ab-e960-4ebd-a652-556788d1cc35 for containerID=#3 failed. Corresponding entry not found.
2022-10-11 12:50:28,291 [EventQueue-DeleteBlockStatusForDeletedBlockLogImpl] DEBUG block.DeletedBlockLogImpl (DeletedBlockLogImpl.java:isTransactionFailed(303)) - Got block deletion ACK from datanode, TXIDs=4, success=true
2022-10-11 12:50:28,291 [EventQueue-DeleteBlockStatusForDeletedBlockLogImpl] DEBUG block.DeletedBlockLogImpl (DeletedBlockLogImpl.java:commitTransactions(249)) - Transaction txId=4 commit by dnId=398056ab-e960-4ebd-a652-556788d1cc35 for containerID=#4 failed. Corresponding entry not found.
2022-10-11 12:50:28,291 [EventQueue-DeleteBlockStatusForDeletedBlockLogImpl] DEBUG block.DeletedBlockLogImpl (DeletedBlockLogImpl.java:isTransactionFailed(303)) - Got block deletion ACK from datanode, TXIDs=5, success=true
2022-10-11 12:50:28,291 [EventQueue-DeleteBlockStatusForDeletedBlockLogImpl] DEBUG block.DeletedBlockLogImpl (DeletedBlockLogImpl.java:commitTransactions(249)) - Transaction txId=5 commit by dnId=398056ab-e960-4ebd-a652-556788d1cc35 for containerID=#5 failed. Corresponding entry not found.
2022-10-11 12:50:28,291 [EventQueue-DeleteBlockStatusForDeletedBlockLogImpl] DEBUG block.DeletedBlockLogImpl (DeletedBlockLogImpl.java:isTransactionFailed(303)) - Got block deletion ACK from datanode, TXIDs=6, success=true
2022-10-11 12:50:28,291 [EventQueue-DeleteBlockStatusForDeletedBlockLogImpl] DEBUG block.DeletedBlockLogImpl (DeletedBlockLogImpl.java:commitTransactions(249)) - Transaction txId=6 commit by dnId=398056ab-e960-4ebd-a652-556788d1cc35 for containerID=#6 failed. Corresponding entry not found.
2022-10-11 12:50:28,291 [EventQueue-DeleteBlockStatusForDeletedBlockLogImpl] DEBUG block.DeletedBlockLogImpl (DeletedBlockLogImpl.java:isTransactionFailed(303)) - Got block deletion ACK from datanode, TXIDs=1, success=true
2022-10-11 12:50:28,291 [EventQueue-DeleteBlockStatusForDeletedBlockLogImpl] DEBUG block.DeletedBlockLogImpl (DeletedBlockLogImpl.java:commitTransactions(249)) - Transaction txId=1 commit by dnId=398056ab-e960-4ebd-a652-556788d1cc35 for containerID=#1 failed. Corresponding entry not found.
2022-10-11 12:50:28,291 [EventQueue-DeleteBlockStatusForDeletedBlockLogImpl] DEBUG block.DeletedBlockLogImpl (DeletedBlockLogImpl.java:isTransactionFailed(303)) - Got block deletion ACK from datanode, TXIDs=2, success=true
2022-10-11 12:50:28,291 [EventQueue-DeleteBlockStatusForDeletedBlockLogImpl] DEBUG block.DeletedBlockLogImpl (DeletedBlockLogImpl.java:commitTransactions(249)) - Transaction txId=2 commit by dnId=398056ab-e960-4ebd-a652-556788d1cc35 for containerID=#2 failed. Corresponding entry not found.
2022-10-11 12:50:28,291 [EventQueue-DeleteBlockStatusForDeletedBlockLogImpl] DEBUG block.DeletedBlockLogImpl (DeletedBlockLogImpl.java:isTransactionFailed(303)) - Got block deletion ACK from datanode, TXIDs=3, success=true
2022-10-11 12:50:28,292 [EventQueue-DeleteBlockStatusForDeletedBlockLogImpl] DEBUG block.DeletedBlockLogImpl (DeletedBlockLogImpl.java:commitTransactions(249)) - Transaction txId=3 commit by dnId=398056ab-e960-4ebd-a652-556788d1cc35 for containerID=#3 failed. Corresponding entry not found.
2022-10-11 12:50:28,292 [EventQueue-DeleteBlockStatusForDeletedBlockLogImpl] DEBUG block.DeletedBlockLogImpl (DeletedBlockLogImpl.java:isTransactionFailed(303)) - Got block deletion ACK from datanode, TXIDs=4, success=true
2022-10-11 12:50:28,292 [EventQueue-DeleteBlockStatusForDeletedBlockLogImpl] DEBUG block.DeletedBlockLogImpl (DeletedBlockLogImpl.java:commitTransactions(249)) - Transaction txId=4 commit by dnId=398056ab-e960-4ebd-a652-556788d1cc35 for containerID=#4 failed. Corresponding entry not found.
2022-10-11 12:50:28,292 [EventQueue-DeleteBlockStatusForDeletedBlockLogImpl] DEBUG block.DeletedBlockLogImpl (DeletedBlockLogImpl.java:isTransactionFailed(303)) - Got block deletion ACK from datanode, TXIDs=5, success=true
2022-10-11 12:50:28,292 [EventQueue-DeleteBlockStatusForDeletedBlockLogImpl] DEBUG block.DeletedBlockLogImpl (DeletedBlockLogImpl.java:commitTransactions(249)) - Transaction txId=5 commit by dnId=398056ab-e960-4ebd-a652-556788d1cc35 for containerID=#5 failed. Corresponding entry not found.
2022-10-11 12:50:28,292 [EventQueue-DeleteBlockStatusForDeletedBlockLogImpl] DEBUG block.DeletedBlockLogImpl (DeletedBlockLogImpl.java:isTransactionFailed(303)) - Got block deletion ACK from datanode, TXIDs=6, success=true
2022-10-11 12:50:28,292 [EventQueue-DeleteBlockStatusForDeletedBlockLogImpl] DEBUG block.DeletedBlockLogImpl (DeletedBlockLogImpl.java:commitTransactions(249)) - Transaction txId=6 commit by dnId=398056ab-e960-4ebd-a652-556788d1cc35 for containerID=#6 failed. Corresponding entry not found.
2022-10-11 12:50:28,292 [EventQueue-DeleteBlockStatusForDeletedBlockLogImpl] DEBUG block.DeletedBlockLogImpl (DeletedBlockLogImpl.java:isTransactionFailed(303)) - Got block deletion ACK from datanode, TXIDs=1, success=true
2022-10-11 12:50:28,292 [EventQueue-DeleteBlockStatusForDeletedBlockLogImpl] DEBUG block.DeletedBlockLogImpl (DeletedBlockLogImpl.java:commitTransactions(249)) - Transaction txId=1 commit by dnId=398056ab-e960-4ebd-a652-556788d1cc35 for containerID=#1 failed. Corresponding entry not found.
2022-10-11 12:50:28,292 [EventQueue-DeleteBlockStatusForDeletedBlockLogImpl] DEBUG block.DeletedBlockLogImpl (DeletedBlockLogImpl.java:isTransactionFailed(303)) - Got block deletion ACK from datanode, TXIDs=2, success=true
2022-10-11 12:50:28,292 [EventQueue-DeleteBlockStatusForDeletedBlockLogImpl] DEBUG block.DeletedBlockLogImpl (DeletedBlockLogImpl.java:commitTransactions(249)) - Transaction txId=2 commit by dnId=398056ab-e960-4ebd-a652-556788d1cc35 for containerID=#2 failed. Corresponding entry not found.
2022-10-11 12:50:28,292 [EventQueue-DeleteBlockStatusForDeletedBlockLogImpl] DEBUG block.DeletedBlockLogImpl (DeletedBlockLogImpl.java:isTransactionFailed(303)) - Got block deletion ACK from datanode, TXIDs=3, success=true
2022-10-11 12:50:28,292 [EventQueue-DeleteBlockStatusForDeletedBlockLogImpl] DEBUG block.DeletedBlockLogImpl (DeletedBlockLogImpl.java:commitTransactions(249)) - Transaction txId=3 commit by dnId=398056ab-e960-4ebd-a652-556788d1cc35 for containerID=#3 failed. Corresponding entry not found.
2022-10-11 12:50:28,292 [EventQueue-DeleteBlockStatusForDeletedBlockLogImpl] DEBUG block.DeletedBlockLogImpl (DeletedBlockLogImpl.java:isTransactionFailed(303)) - Got block deletion ACK from datanode, TXIDs=4, success=true
2022-10-11 12:50:28,292 [EventQueue-DeleteBlockStatusForDeletedBlockLogImpl] DEBUG block.DeletedBlockLogImpl (DeletedBlockLogImpl.java:commitTransactions(249)) - Transaction txId=4 commit by dnId=398056ab-e960-4ebd-a652-556788d1cc35 for containerID=#4 failed. Corresponding entry not found.
2022-10-11 12:50:28,292 [EventQueue-DeleteBlockStatusForDeletedBlockLogImpl] DEBUG block.DeletedBlockLogImpl (DeletedBlockLogImpl.java:isTransactionFailed(303)) - Got block deletion ACK from datanode, TXIDs=5, success=true
2022-10-11 12:50:28,292 [EventQueue-DeleteBlockStatusForDeletedBlockLogImpl] DEBUG block.DeletedBlockLogImpl (DeletedBlockLogImpl.java:commitTransactions(249)) - Transaction txId=5 commit by dnId=398056ab-e960-4ebd-a652-556788d1cc35 for containerID=#5 failed. Corresponding entry not found.
2022-10-11 12:50:28,292 [EventQueue-DeleteBlockStatusForDeletedBlockLogImpl] DEBUG block.DeletedBlockLogImpl (DeletedBlockLogImpl.java:isTransactionFailed(303)) - Got block deletion ACK from datanode, TXIDs=6, success=true
2022-10-11 12:50:28,292 [EventQueue-DeleteBlockStatusForDeletedBlockLogImpl] DEBUG block.DeletedBlockLogImpl (DeletedBlockLogImpl.java:commitTransactions(249)) - Transaction txId=6 commit by dnId=398056ab-e960-4ebd-a652-556788d1cc35 for containerID=#6 failed. Corresponding entry not found.
2022-10-11 12:50:28,292 [EventQueue-DeleteBlockStatusForDeletedBlockLogImpl] DEBUG block.DeletedBlockLogImpl (DeletedBlockLogImpl.java:isTransactionFailed(303)) - Got block deletion ACK from datanode, TXIDs=1, success=true
2022-10-11 12:50:28,292 [EventQueue-DeleteBlockStatusForDeletedBlockLogImpl] DEBUG block.DeletedBlockLogImpl (DeletedBlockLogImpl.java:commitTransactions(249)) - Transaction txId=1 commit by dnId=398056ab-e960-4ebd-a652-556788d1cc35 for containerID=#1 failed. Corresponding entry not found.
2022-10-11 12:50:28,292 [EventQueue-DeleteBlockStatusForDeletedBlockLogImpl] DEBUG block.DeletedBlockLogImpl (DeletedBlockLogImpl.java:isTransactionFailed(303)) - Got block deletion ACK from datanode, TXIDs=2, success=true
2022-10-11 12:50:28,292 [EventQueue-DeleteBlockStatusForDeletedBlockLogImpl] DEBUG block.DeletedBlockLogImpl (DeletedBlockLogImpl.java:commitTransactions(249)) - Transaction txId=2 commit by dnId=398056ab-e960-4ebd-a652-556788d1cc35 for containerID=#2 failed. Corresponding entry not found.
2022-10-11 12:50:28,292 [EventQueue-DeleteBlockStatusForDeletedBlockLogImpl] DEBUG block.DeletedBlockLogImpl (DeletedBlockLogImpl.java:isTransactionFailed(303)) - Got block deletion ACK from datanode, TXIDs=3, success=true
2022-10-11 12:50:28,292 [EventQueue-DeleteBlockStatusForDeletedBlockLogImpl] DEBUG block.DeletedBlockLogImpl (DeletedBlockLogImpl.java:commitTransactions(249)) - Transaction txId=3 commit by dnId=398056ab-e960-4ebd-a652-556788d1cc35 for containerID=#3 failed. Corresponding entry not found.
2022-10-11 12:50:28,292 [EventQueue-DeleteBlockStatusForDeletedBlockLogImpl] DEBUG block.DeletedBlockLogImpl (DeletedBlockLogImpl.java:isTransactionFailed(303)) - Got block deletion ACK from datanode, TXIDs=4, success=true
2022-10-11 12:50:28,292 [EventQueue-DeleteBlockStatusForDeletedBlockLogImpl] DEBUG block.DeletedBlockLogImpl (DeletedBlockLogImpl.java:commitTransactions(249)) - Transaction txId=4 commit by dnId=398056ab-e960-4ebd-a652-556788d1cc35 for containerID=#4 failed. Corresponding entry not found.
2022-10-11 12:50:28,292 [EventQueue-DeleteBlockStatusForDeletedBlockLogImpl] DEBUG block.DeletedBlockLogImpl (DeletedBlockLogImpl.java:isTransactionFailed(303)) - Got block deletion ACK from datanode, TXIDs=5, success=true
2022-10-11 12:50:28,292 [EventQueue-DeleteBlockStatusForDeletedBlockLogImpl] DEBUG block.DeletedBlockLogImpl (DeletedBlockLogImpl.java:commitTransactions(249)) - Transaction txId=5 commit by dnId=398056ab-e960-4ebd-a652-556788d1cc35 for containerID=#5 failed. Corresponding entry not found.
2022-10-11 12:50:28,292 [EventQueue-DeleteBlockStatusForDeletedBlockLogImpl] DEBUG block.DeletedBlockLogImpl (DeletedBlockLogImpl.java:isTransactionFailed(303)) - Got block deletion ACK from datanode, TXIDs=6, success=true
2022-10-11 12:50:28,292 [EventQueue-DeleteBlockStatusForDeletedBlockLogImpl] DEBUG block.DeletedBlockLogImpl (DeletedBlockLogImpl.java:commitTransactions(249)) - Transaction txId=6 commit by dnId=398056ab-e960-4ebd-a652-556788d1cc35 for containerID=#6 failed. Corresponding entry not found.
2022-10-11 12:50:28,292 [EventQueue-DeleteBlockStatusForDeletedBlockLogImpl] DEBUG block.DeletedBlockLogImpl (DeletedBlockLogImpl.java:isTransactionFailed(303)) - Got block deletion ACK from datanode, TXIDs=1, success=true
2022-10-11 12:50:28,293 [EventQueue-DeleteBlockStatusForDeletedBlockLogImpl] DEBUG block.DeletedBlockLogImpl (DeletedBlockLogImpl.java:commitTransactions(249)) - Transaction txId=1 commit by dnId=398056ab-e960-4ebd-a652-556788d1cc35 for containerID=#1 failed. Corresponding entry not found.
2022-10-11 12:50:28,293 [EventQueue-DeleteBlockStatusForDeletedBlockLogImpl] DEBUG block.DeletedBlockLogImpl (DeletedBlockLogImpl.java:isTransactionFailed(303)) - Got block deletion ACK from datanode, TXIDs=2, success=true
2022-10-11 12:50:28,293 [EventQueue-DeleteBlockStatusForDeletedBlockLogImpl] DEBUG block.DeletedBlockLogImpl (DeletedBlockLogImpl.java:commitTransactions(249)) - Transaction txId=2 commit by dnId=398056ab-e960-4ebd-a652-556788d1cc35 for containerID=#2 failed. Corresponding entry not found.
2022-10-11 12:50:28,293 [EventQueue-DeleteBlockStatusForDeletedBlockLogImpl] DEBUG block.DeletedBlockLogImpl (DeletedBlockLogImpl.java:isTransactionFailed(303)) - Got block deletion ACK from datanode, TXIDs=3, success=true
2022-10-11 12:50:28,293 [EventQueue-DeleteBlockStatusForDeletedBlockLogImpl] DEBUG block.DeletedBlockLogImpl (DeletedBlockLogImpl.java:commitTransactions(249)) - Transaction txId=3 commit by dnId=398056ab-e960-4ebd-a652-556788d1cc35 for containerID=#3 failed. Corresponding entry not found.
2022-10-11 12:50:28,293 [EventQueue-DeleteBlockStatusForDeletedBlockLogImpl] DEBUG block.DeletedBlockLogImpl (DeletedBlockLogImpl.java:isTransactionFailed(303)) - Got block deletion ACK from datanode, TXIDs=4, success=true
2022-10-11 12:50:28,293 [EventQueue-DeleteBlockStatusForDeletedBlockLogImpl] DEBUG block.DeletedBlockLogImpl (DeletedBlockLogImpl.java:commitTransactions(249)) - Transaction txId=4 commit by dnId=398056ab-e960-4ebd-a652-556788d1cc35 for containerID=#4 failed. Corresponding entry not found.
2022-10-11 12:50:28,293 [EventQueue-DeleteBlockStatusForDeletedBlockLogImpl] DEBUG block.DeletedBlockLogImpl (DeletedBlockLogImpl.java:isTransactionFailed(303)) - Got block deletion ACK from datanode, TXIDs=5, success=true
2022-10-11 12:50:28,293 [EventQueue-DeleteBlockStatusForDeletedBlockLogImpl] DEBUG block.DeletedBlockLogImpl (DeletedBlockLogImpl.java:commitTransactions(249)) - Transaction txId=5 commit by dnId=398056ab-e960-4ebd-a652-556788d1cc35 for containerID=#5 failed. Corresponding entry not found.
2022-10-11 12:50:28,293 [EventQueue-DeleteBlockStatusForDeletedBlockLogImpl] DEBUG block.DeletedBlockLogImpl (DeletedBlockLogImpl.java:isTransactionFailed(303)) - Got block deletion ACK from datanode, TXIDs=6, success=true
2022-10-11 12:50:28,293 [EventQueue-DeleteBlockStatusForDeletedBlockLogImpl] DEBUG block.DeletedBlockLogImpl (DeletedBlockLogImpl.java:commitTransactions(249)) - Transaction txId=6 commit by dnId=398056ab-e960-4ebd-a652-556788d1cc35 for containerID=#6 failed. Corresponding entry not found.
2022-10-11 12:50:28,293 [EventQueue-DeleteBlockStatusForDeletedBlockLogImpl] DEBUG block.DeletedBlockLogImpl (DeletedBlockLogImpl.java:isTransactionFailed(303)) - Got block deletion ACK from datanode, TXIDs=1, success=true
2022-10-11 12:50:28,293 [EventQueue-DeleteBlockStatusForDeletedBlockLogImpl] DEBUG block.DeletedBlockLogImpl (DeletedBlockLogImpl.java:commitTransactions(249)) - Transaction txId=1 commit by dnId=398056ab-e960-4ebd-a652-556788d1cc35 for containerID=#1 failed. Corresponding entry not found.
2022-10-11 12:50:28,293 [EventQueue-DeleteBlockStatusForDeletedBlockLogImpl] DEBUG block.DeletedBlockLogImpl (DeletedBlockLogImpl.java:isTransactionFailed(303)) - Got block deletion ACK from datanode, TXIDs=2, success=true
2022-10-11 12:50:28,293 [EventQueue-DeleteBlockStatusForDeletedBlockLogImpl] DEBUG block.DeletedBlockLogImpl (DeletedBlockLogImpl.java:commitTransactions(249)) - Transaction txId=2 commit by dnId=398056ab-e960-4ebd-a652-556788d1cc35 for containerID=#2 failed. Corresponding entry not found.
2022-10-11 12:50:28,293 [EventQueue-DeleteBlockStatusForDeletedBlockLogImpl] DEBUG block.DeletedBlockLogImpl (DeletedBlockLogImpl.java:isTransactionFailed(303)) - Got block deletion ACK from datanode, TXIDs=3, success=true
2022-10-11 12:50:28,293 [EventQueue-DeleteBlockStatusForDeletedBlockLogImpl] DEBUG block.DeletedBlockLogImpl (DeletedBlockLogImpl.java:commitTransactions(249)) - Transaction txId=3 commit by dnId=398056ab-e960-4ebd-a652-556788d1cc35 for containerID=#3 failed. Corresponding entry not found.
2022-10-11 12:50:28,293 [EventQueue-DeleteBlockStatusForDeletedBlockLogImpl] DEBUG block.DeletedBlockLogImpl (DeletedBlockLogImpl.java:isTransactionFailed(303)) - Got block deletion ACK from datanode, TXIDs=4, success=true
2022-10-11 12:50:28,293 [EventQueue-DeleteBlockStatusForDeletedBlockLogImpl] DEBUG block.DeletedBlockLogImpl (DeletedBlockLogImpl.java:commitTransactions(249)) - Transaction txId=4 commit by dnId=398056ab-e960-4ebd-a652-556788d1cc35 for containerID=#4 failed. Corresponding entry not found.
2022-10-11 12:50:28,293 [EventQueue-DeleteBlockStatusForDeletedBlockLogImpl] DEBUG block.DeletedBlockLogImpl (DeletedBlockLogImpl.java:isTransactionFailed(303)) - Got block deletion ACK from datanode, TXIDs=5, success=true
2022-10-11 12:50:28,293 [EventQueue-DeleteBlockStatusForDeletedBlockLogImpl] DEBUG block.DeletedBlockLogImpl (DeletedBlockLogImpl.java:commitTransactions(249)) - Transaction txId=5 commit by dnId=398056ab-e960-4ebd-a652-556788d1cc35 for containerID=#5 failed. Corresponding entry not found.
2022-10-11 12:50:28,293 [EventQueue-DeleteBlockStatusForDeletedBlockLogImpl] DEBUG block.DeletedBlockLogImpl (DeletedBlockLogImpl.java:isTransactionFailed(303)) - Got block deletion ACK from datanode, TXIDs=6, success=true
2022-10-11 12:50:28,293 [EventQueue-DeleteBlockStatusForDeletedBlockLogImpl] DEBUG block.DeletedBlockLogImpl (DeletedBlockLogImpl.java:commitTransactions(249)) - Transaction txId=6 commit by dnId=398056ab-e960-4ebd-a652-556788d1cc35 for containerID=#6 failed. Corresponding entry not found.
2022-10-11 12:50:28,373 [SCMBlockDeletingService#0] DEBUG block.SCMBlockDeletingService (SCMBlockDeletingService.java:call(131)) - Running DeletedBlockTransactionScanner
2022-10-11 12:50:28,473 [SCMBlockDeletingService#0] DEBUG block.SCMBlockDeletingService (SCMBlockDeletingService.java:call(131)) - Running DeletedBlockTransactionScanner
2022-10-11 12:50:28,486 [org.apache.hadoop.ozone.container.common.statemachine.commandhandler.DeleteBlocksCommandHandler$DeleteCmdWorker@41f6e83e] INFO  commandhandler.DeleteBlocksCommandHandler (DeleteBlocksCommandHandler.java:processCmd(271)) - Start to delete container blocks, TXIDs=[1(32),2(32),3(31),4(31),5(31),6(28)], numOfContainers=6, numOfBlocks=6
2022-10-11 12:50:28,486 [org.apache.hadoop.ozone.container.common.statemachine.commandhandler.DeleteBlocksCommandHandler$DeleteCmdWorker@41f6e83e] INFO  commandhandler.DeleteBlocksCommandHandler (DeleteBlocksCommandHandler.java:processCmd(271)) - Start to delete container blocks, TXIDs=[1(32),2(32),3(31),4(31),5(31),6(28)], numOfContainers=6, numOfBlocks=6
2022-10-11 12:50:28,487 [org.apache.hadoop.ozone.container.common.statemachine.commandhandler.DeleteBlocksCommandHandler$DeleteCmdWorker@41f6e83e] INFO  commandhandler.DeleteBlocksCommandHandler (DeleteBlocksCommandHandler.java:processCmd(271)) - Start to delete container blocks, TXIDs=[1(34),2(34),3(33),4(33),5(33),6(30)], numOfContainers=6, numOfBlocks=6
2022-10-11 12:50:28,487 [org.apache.hadoop.ozone.container.common.statemachine.commandhandler.DeleteBlocksCommandHandler$DeleteCmdWorker@41f6e83e] INFO  commandhandler.DeleteBlocksCommandHandler (DeleteBlocksCommandHandler.java:processCmd(271)) - Start to delete container blocks, TXIDs=[1(34),2(34),3(33),4(33),5(33),6(30)], numOfContainers=6, numOfBlocks=6
2022-10-11 12:50:28,573 [SCMBlockDeletingService#0] DEBUG block.SCMBlockDeletingService (SCMBlockDeletingService.java:call(131)) - Running DeletedBlockTransactionScanner
2022-10-11 12:50:28,673 [SCMBlockDeletingService#0] DEBUG block.SCMBlockDeletingService (SCMBlockDeletingService.java:call(131)) - Running DeletedBlockTransactionScanner
2022-10-11 12:50:28,676 [EventQueue-DeleteBlockStatusForDeletedBlockLogImpl] DEBUG block.DeletedBlockLogImpl (DeletedBlockLogImpl.java:isTransactionFailed(303)) - Got block deletion ACK from datanode, TXIDs=1, success=true
2022-10-11 12:50:28,676 [EventQueue-DeleteBlockStatusForDeletedBlockLogImpl] DEBUG block.DeletedBlockLogImpl (DeletedBlockLogImpl.java:commitTransactions(249)) - Transaction txId=1 commit by dnId=a5f5a137-50fd-4e34-893e-bbf5e2017a41 for containerID=#1 failed. Corresponding entry not found.
2022-10-11 12:50:28,676 [EventQueue-DeleteBlockStatusForDeletedBlockLogImpl] DEBUG block.DeletedBlockLogImpl (DeletedBlockLogImpl.java:isTransactionFailed(303)) - Got block deletion ACK from datanode, TXIDs=2, success=true
2022-10-11 12:50:28,676 [EventQueue-DeleteBlockStatusForDeletedBlockLogImpl] DEBUG block.DeletedBlockLogImpl (DeletedBlockLogImpl.java:commitTransactions(249)) - Transaction txId=2 commit by dnId=a5f5a137-50fd-4e34-893e-bbf5e2017a41 for containerID=#2 failed. Corresponding entry not found.
2022-10-11 12:50:28,676 [EventQueue-DeleteBlockStatusForDeletedBlockLogImpl] DEBUG block.DeletedBlockLogImpl (DeletedBlockLogImpl.java:isTransactionFailed(303)) - Got block deletion ACK from datanode, TXIDs=3, success=true
2022-10-11 12:50:28,676 [EventQueue-DeleteBlockStatusForDeletedBlockLogImpl] DEBUG block.DeletedBlockLogImpl (DeletedBlockLogImpl.java:commitTransactions(249)) - Transaction txId=3 commit by dnId=a5f5a137-50fd-4e34-893e-bbf5e2017a41 for containerID=#3 failed. Corresponding entry not found.
2022-10-11 12:50:28,676 [EventQueue-DeleteBlockStatusForDeletedBlockLogImpl] DEBUG block.DeletedBlockLogImpl (DeletedBlockLogImpl.java:isTransactionFailed(303)) - Got block deletion ACK from datanode, TXIDs=4, success=true
2022-10-11 12:50:28,676 [EventQueue-DeleteBlockStatusForDeletedBlockLogImpl] DEBUG block.DeletedBlockLogImpl (DeletedBlockLogImpl.java:commitTransactions(249)) - Transaction txId=4 commit by dnId=a5f5a137-50fd-4e34-893e-bbf5e2017a41 for containerID=#4 failed. Corresponding entry not found.
2022-10-11 12:50:28,676 [EventQueue-DeleteBlockStatusForDeletedBlockLogImpl] DEBUG block.DeletedBlockLogImpl (DeletedBlockLogImpl.java:isTransactionFailed(303)) - Got block deletion ACK from datanode, TXIDs=5, success=true
2022-10-11 12:50:28,676 [EventQueue-DeleteBlockStatusForDeletedBlockLogImpl] DEBUG block.DeletedBlockLogImpl (DeletedBlockLogImpl.java:commitTransactions(249)) - Transaction txId=5 commit by dnId=a5f5a137-50fd-4e34-893e-bbf5e2017a41 for containerID=#5 failed. Corresponding entry not found.
2022-10-11 12:50:28,676 [EventQueue-DeleteBlockStatusForDeletedBlockLogImpl] DEBUG block.DeletedBlockLogImpl (DeletedBlockLogImpl.java:isTransactionFailed(303)) - Got block deletion ACK from datanode, TXIDs=6, success=true
2022-10-11 12:50:28,676 [EventQueue-DeleteBlockStatusForDeletedBlockLogImpl] DEBUG block.DeletedBlockLogImpl (DeletedBlockLogImpl.java:commitTransactions(249)) - Transaction txId=6 commit by dnId=a5f5a137-50fd-4e34-893e-bbf5e2017a41 for containerID=#6 failed. Corresponding entry not found.
2022-10-11 12:50:28,676 [EventQueue-DeleteBlockStatusForDeletedBlockLogImpl] DEBUG block.DeletedBlockLogImpl (DeletedBlockLogImpl.java:isTransactionFailed(303)) - Got block deletion ACK from datanode, TXIDs=1, success=true
2022-10-11 12:50:28,676 [EventQueue-DeleteBlockStatusForDeletedBlockLogImpl] DEBUG block.DeletedBlockLogImpl (DeletedBlockLogImpl.java:commitTransactions(249)) - Transaction txId=1 commit by dnId=a5f5a137-50fd-4e34-893e-bbf5e2017a41 for containerID=#1 failed. Corresponding entry not found.
2022-10-11 12:50:28,676 [EventQueue-DeleteBlockStatusForDeletedBlockLogImpl] DEBUG block.DeletedBlockLogImpl (DeletedBlockLogImpl.java:isTransactionFailed(303)) - Got block deletion ACK from datanode, TXIDs=2, success=true
2022-10-11 12:50:28,676 [EventQueue-DeleteBlockStatusForDeletedBlockLogImpl] DEBUG block.DeletedBlockLogImpl (DeletedBlockLogImpl.java:commitTransactions(249)) - Transaction txId=2 commit by dnId=a5f5a137-50fd-4e34-893e-bbf5e2017a41 for containerID=#2 failed. Corresponding entry not found.
2022-10-11 12:50:28,676 [EventQueue-DeleteBlockStatusForDeletedBlockLogImpl] DEBUG block.DeletedBlockLogImpl (DeletedBlockLogImpl.java:isTransactionFailed(303)) - Got block deletion ACK from datanode, TXIDs=3, success=true
2022-10-11 12:50:28,676 [EventQueue-DeleteBlockStatusForDeletedBlockLogImpl] DEBUG block.DeletedBlockLogImpl (DeletedBlockLogImpl.java:commitTransactions(249)) - Transaction txId=3 commit by dnId=a5f5a137-50fd-4e34-893e-bbf5e2017a41 for containerID=#3 failed. Corresponding entry not found.
2022-10-11 12:50:28,676 [EventQueue-DeleteBlockStatusForDeletedBlockLogImpl] DEBUG block.DeletedBlockLogImpl (DeletedBlockLogImpl.java:isTransactionFailed(303)) - Got block deletion ACK from datanode, TXIDs=4, success=true
2022-10-11 12:50:28,677 [EventQueue-DeleteBlockStatusForDeletedBlockLogImpl] DEBUG block.DeletedBlockLogImpl (DeletedBlockLogImpl.java:commitTransactions(249)) - Transaction txId=4 commit by dnId=a5f5a137-50fd-4e34-893e-bbf5e2017a41 for containerID=#4 failed. Corresponding entry not found.
2022-10-11 12:50:28,678 [EventQueue-DeleteBlockStatusForDeletedBlockLogImpl] DEBUG block.DeletedBlockLogImpl (DeletedBlockLogImpl.java:isTransactionFailed(303)) - Got block deletion ACK from datanode, TXIDs=5, success=true
2022-10-11 12:50:28,678 [EventQueue-DeleteBlockStatusForDeletedBlockLogImpl] DEBUG block.DeletedBlockLogImpl (DeletedBlockLogImpl.java:commitTransactions(249)) - Transaction txId=5 commit by dnId=a5f5a137-50fd-4e34-893e-bbf5e2017a41 for containerID=#5 failed. Corresponding entry not found.
2022-10-11 12:50:28,678 [EventQueue-DeleteBlockStatusForDeletedBlockLogImpl] DEBUG block.DeletedBlockLogImpl (DeletedBlockLogImpl.java:isTransactionFailed(303)) - Got block deletion ACK from datanode, TXIDs=6, success=true
2022-10-11 12:50:28,679 [EventQueue-DeleteBlockStatusForDeletedBlockLogImpl] DEBUG block.DeletedBlockLogImpl (DeletedBlockLogImpl.java:commitTransactions(249)) - Transaction txId=6 commit by dnId=a5f5a137-50fd-4e34-893e-bbf5e2017a41 for containerID=#6 failed. Corresponding entry not found.
2022-10-11 12:50:28,680 [EventQueue-DeleteBlockStatusForDeletedBlockLogImpl] DEBUG block.DeletedBlockLogImpl (DeletedBlockLogImpl.java:isTransactionFailed(303)) - Got block deletion ACK from datanode, TXIDs=1, success=true
2022-10-11 12:50:28,680 [EventQueue-DeleteBlockStatusForDeletedBlockLogImpl] DEBUG block.DeletedBlockLogImpl (DeletedBlockLogImpl.java:commitTransactions(249)) - Transaction txId=1 commit by dnId=a5f5a137-50fd-4e34-893e-bbf5e2017a41 for containerID=#1 failed. Corresponding entry not found.
2022-10-11 12:50:28,680 [EventQueue-DeleteBlockStatusForDeletedBlockLogImpl] DEBUG block.DeletedBlockLogImpl (DeletedBlockLogImpl.java:isTransactionFailed(303)) - Got block deletion ACK from datanode, TXIDs=2, success=true
2022-10-11 12:50:28,680 [EventQueue-DeleteBlockStatusForDeletedBlockLogImpl] DEBUG block.DeletedBlockLogImpl (DeletedBlockLogImpl.java:commitTransactions(249)) - Transaction txId=2 commit by dnId=a5f5a137-50fd-4e34-893e-bbf5e2017a41 for containerID=#2 failed. Corresponding entry not found.
2022-10-11 12:50:28,680 [EventQueue-DeleteBlockStatusForDeletedBlockLogImpl] DEBUG block.DeletedBlockLogImpl (DeletedBlockLogImpl.java:isTransactionFailed(303)) - Got block deletion ACK from datanode, TXIDs=3, success=true
2022-10-11 12:50:28,680 [EventQueue-DeleteBlockStatusForDeletedBlockLogImpl] DEBUG block.DeletedBlockLogImpl (DeletedBlockLogImpl.java:commitTransactions(249)) - Transaction txId=3 commit by dnId=a5f5a137-50fd-4e34-893e-bbf5e2017a41 for containerID=#3 failed. Corresponding entry not found.
2022-10-11 12:50:28,680 [EventQueue-DeleteBlockStatusForDeletedBlockLogImpl] DEBUG block.DeletedBlockLogImpl (DeletedBlockLogImpl.java:isTransactionFailed(303)) - Got block deletion ACK from datanode, TXIDs=4, success=true
2022-10-11 12:50:28,680 [EventQueue-DeleteBlockStatusForDeletedBlockLogImpl] DEBUG block.DeletedBlockLogImpl (DeletedBlockLogImpl.java:commitTransactions(249)) - Transaction txId=4 commit by dnId=a5f5a137-50fd-4e34-893e-bbf5e2017a41 for containerID=#4 failed. Corresponding entry not found.
2022-10-11 12:50:28,680 [EventQueue-DeleteBlockStatusForDeletedBlockLogImpl] DEBUG block.DeletedBlockLogImpl (DeletedBlockLogImpl.java:isTransactionFailed(303)) - Got block deletion ACK from datanode, TXIDs=5, success=true
2022-10-11 12:50:28,680 [EventQueue-DeleteBlockStatusForDeletedBlockLogImpl] DEBUG block.DeletedBlockLogImpl (DeletedBlockLogImpl.java:commitTransactions(249)) - Transaction txId=5 commit by dnId=a5f5a137-50fd-4e34-893e-bbf5e2017a41 for containerID=#5 failed. Corresponding entry not found.
2022-10-11 12:50:28,680 [EventQueue-DeleteBlockStatusForDeletedBlockLogImpl] DEBUG block.DeletedBlockLogImpl (DeletedBlockLogImpl.java:isTransactionFailed(303)) - Got block deletion ACK from datanode, TXIDs=6, success=true
2022-10-11 12:50:28,680 [EventQueue-DeleteBlockStatusForDeletedBlockLogImpl] DEBUG block.DeletedBlockLogImpl (DeletedBlockLogImpl.java:commitTransactions(249)) - Transaction txId=6 commit by dnId=a5f5a137-50fd-4e34-893e-bbf5e2017a41 for containerID=#6 failed. Corresponding entry not found.
2022-10-11 12:50:28,680 [EventQueue-DeleteBlockStatusForDeletedBlockLogImpl] DEBUG block.DeletedBlockLogImpl (DeletedBlockLogImpl.java:isTransactionFailed(303)) - Got block deletion ACK from datanode, TXIDs=1, success=true
2022-10-11 12:50:28,681 [EventQueue-DeleteBlockStatusForDeletedBlockLogImpl] DEBUG block.DeletedBlockLogImpl (DeletedBlockLogImpl.java:commitTransactions(249)) - Transaction txId=1 commit by dnId=a5f5a137-50fd-4e34-893e-bbf5e2017a41 for containerID=#1 failed. Corresponding entry not found.
2022-10-11 12:50:28,681 [EventQueue-DeleteBlockStatusForDeletedBlockLogImpl] DEBUG block.DeletedBlockLogImpl (DeletedBlockLogImpl.java:isTransactionFailed(303)) - Got block deletion ACK from datanode, TXIDs=2, success=true
2022-10-11 12:50:28,681 [EventQueue-DeleteBlockStatusForDeletedBlockLogImpl] DEBUG block.DeletedBlockLogImpl (DeletedBlockLogImpl.java:commitTransactions(249)) - Transaction txId=2 commit by dnId=a5f5a137-50fd-4e34-893e-bbf5e2017a41 for containerID=#2 failed. Corresponding entry not found.
2022-10-11 12:50:28,681 [EventQueue-DeleteBlockStatusForDeletedBlockLogImpl] DEBUG block.DeletedBlockLogImpl (DeletedBlockLogImpl.java:isTransactionFailed(303)) - Got block deletion ACK from datanode, TXIDs=3, success=true
2022-10-11 12:50:28,681 [EventQueue-DeleteBlockStatusForDeletedBlockLogImpl] DEBUG block.DeletedBlockLogImpl (DeletedBlockLogImpl.java:commitTransactions(249)) - Transaction txId=3 commit by dnId=a5f5a137-50fd-4e34-893e-bbf5e2017a41 for containerID=#3 failed. Corresponding entry not found.
2022-10-11 12:50:28,681 [EventQueue-DeleteBlockStatusForDeletedBlockLogImpl] DEBUG block.DeletedBlockLogImpl (DeletedBlockLogImpl.java:isTransactionFailed(303)) - Got block deletion ACK from datanode, TXIDs=4, success=true
2022-10-11 12:50:28,681 [EventQueue-DeleteBlockStatusForDeletedBlockLogImpl] DEBUG block.DeletedBlockLogImpl (DeletedBlockLogImpl.java:commitTransactions(249)) - Transaction txId=4 commit by dnId=a5f5a137-50fd-4e34-893e-bbf5e2017a41 for containerID=#4 failed. Corresponding entry not found.
2022-10-11 12:50:28,681 [EventQueue-DeleteBlockStatusForDeletedBlockLogImpl] DEBUG block.DeletedBlockLogImpl (DeletedBlockLogImpl.java:isTransactionFailed(303)) - Got block deletion ACK from datanode, TXIDs=5, success=true
2022-10-11 12:50:28,681 [EventQueue-DeleteBlockStatusForDeletedBlockLogImpl] DEBUG block.DeletedBlockLogImpl (DeletedBlockLogImpl.java:commitTransactions(249)) - Transaction txId=5 commit by dnId=a5f5a137-50fd-4e34-893e-bbf5e2017a41 for containerID=#5 failed. Corresponding entry not found.
2022-10-11 12:50:28,681 [EventQueue-DeleteBlockStatusForDeletedBlockLogImpl] DEBUG block.DeletedBlockLogImpl (DeletedBlockLogImpl.java:isTransactionFailed(303)) - Got block deletion ACK from datanode, TXIDs=6, success=true
2022-10-11 12:50:28,681 [EventQueue-DeleteBlockStatusForDeletedBlockLogImpl] DEBUG block.DeletedBlockLogImpl (DeletedBlockLogImpl.java:commitTransactions(249)) - Transaction txId=6 commit by dnId=a5f5a137-50fd-4e34-893e-bbf5e2017a41 for containerID=#6 failed. Corresponding entry not found.
2022-10-11 12:50:28,773 [SCMBlockDeletingService#0] DEBUG block.SCMBlockDeletingService (SCMBlockDeletingService.java:call(131)) - Running DeletedBlockTransactionScanner
2022-10-11 12:50:28,874 [SCMBlockDeletingService#0] DEBUG block.SCMBlockDeletingService (SCMBlockDeletingService.java:call(131)) - Running DeletedBlockTransactionScanner
2022-10-11 12:50:28,942 [Listener at 127.0.0.1/44985] INFO  utils.BackgroundService (BackgroundService.java:shutdown(141)) - Shutting down service BlockDeletingService
2022-10-11 12:50:28,945 [Listener at 127.0.0.1/44985] INFO  utils.BackgroundService (BackgroundService.java:shutdown(141)) - Shutting down service StaleRecoveringContainerScrubbingService
2022-10-11 12:50:28,948 [Listener at 127.0.0.1/44985] INFO  statemachine.DatanodeStateMachine (DatanodeStateMachine.java:stopDaemon(580)) - Ozone container server stopped.
2022-10-11 12:50:28,958 [Listener at 127.0.0.1/44985] INFO  handler.ContextHandler (ContextHandler.java:doStop(1153)) - Stopped o.e.j.w.WebAppContext@787eae84{hddsDatanode,/,null,STOPPED}{jar:file:/home/runner/.m2/repository/org/apache/ozone/hdds-container-service/1.3.0-SNAPSHOT/hdds-container-service-1.3.0-SNAPSHOT.jar!/webapps/hddsDatanode}
2022-10-11 12:50:28,959 [Listener at 127.0.0.1/44985] INFO  server.AbstractConnector (AbstractConnector.java:doStop(381)) - Stopped ServerConnector@2bfc86e1{HTTP/1.1, (http/1.1)}{0.0.0.0:0}
2022-10-11 12:50:28,959 [Listener at 127.0.0.1/44985] INFO  server.session (HouseKeeper.java:stopScavenging(149)) - node0 Stopped scavenging
2022-10-11 12:50:28,960 [Listener at 127.0.0.1/44985] INFO  handler.ContextHandler (ContextHandler.java:doStop(1153)) - Stopped o.e.j.s.ServletContextHandler@6a966b4d{static,/static,jar:file:/home/runner/.m2/repository/org/apache/ozone/hdds-container-service/1.3.0-SNAPSHOT/hdds-container-service-1.3.0-SNAPSHOT.jar!/webapps/static,STOPPED}
2022-10-11 12:50:28,960 [Listener at 127.0.0.1/44985] INFO  handler.ContextHandler (ContextHandler.java:doStop(1153)) - Stopped o.e.j.s.ServletContextHandler@51798f82{logs,/logs,file:///home/runner/work/ozone/ozone/hadoop-ozone/integration-test/target/log,STOPPED}
2022-10-11 12:50:28,962 [Listener at 127.0.0.1/44985] INFO  ozone.MiniOzoneClusterImpl (MiniOzoneClusterImpl.java:lambda$waitForHddsDatanodeToStop$3(381)) - Waiting on datanode to be marked stale.
2022-10-11 12:50:28,974 [SCMBlockDeletingService#0] DEBUG block.SCMBlockDeletingService (SCMBlockDeletingService.java:call(131)) - Running DeletedBlockTransactionScanner
2022-10-11 12:50:29,036 [grpc-default-executor-4] WARN  server.GrpcLogAppender (LogUtils.java:warn(122)) - a5f5a137-50fd-4e34-893e-bbf5e2017a41@group-6843776D4DCD->d15f22e6-7d13-4df8-997b-1dbc14b1c401-AppendLogResponseHandler: Failed appendEntries: org.apache.ratis.thirdparty.io.grpc.StatusRuntimeException: UNAVAILABLE: io exception
2022-10-11 12:50:29,038 [grpc-default-executor-4] INFO  leader.FollowerInfo (FollowerInfoImpl.java:lambda$new$0(48)) - a5f5a137-50fd-4e34-893e-bbf5e2017a41@group-6843776D4DCD->d15f22e6-7d13-4df8-997b-1dbc14b1c401: nextIndex: updateUnconditionally 112 -> 111
2022-10-11 12:50:29,074 [SCMBlockDeletingService#0] DEBUG block.SCMBlockDeletingService (SCMBlockDeletingService.java:call(131)) - Running DeletedBlockTransactionScanner
2022-10-11 12:50:29,174 [SCMBlockDeletingService#0] DEBUG block.SCMBlockDeletingService (SCMBlockDeletingService.java:call(131)) - Running DeletedBlockTransactionScanner
2022-10-11 12:50:29,274 [SCMBlockDeletingService#0] DEBUG block.SCMBlockDeletingService (SCMBlockDeletingService.java:call(131)) - Running DeletedBlockTransactionScanner
2022-10-11 12:50:29,374 [SCMBlockDeletingService#0] DEBUG block.SCMBlockDeletingService (SCMBlockDeletingService.java:call(131)) - Running DeletedBlockTransactionScanner
2022-10-11 12:50:29,474 [SCMBlockDeletingService#0] DEBUG block.SCMBlockDeletingService (SCMBlockDeletingService.java:call(131)) - Running DeletedBlockTransactionScanner
2022-10-11 12:50:29,574 [SCMBlockDeletingService#0] DEBUG block.SCMBlockDeletingService (SCMBlockDeletingService.java:call(131)) - Running DeletedBlockTransactionScanner
2022-10-11 12:50:29,674 [SCMBlockDeletingService#0] DEBUG block.SCMBlockDeletingService (SCMBlockDeletingService.java:call(131)) - Running DeletedBlockTransactionScanner
2022-10-11 12:50:29,775 [SCMBlockDeletingService#0] DEBUG block.SCMBlockDeletingService (SCMBlockDeletingService.java:call(131)) - Running DeletedBlockTransactionScanner
2022-10-11 12:50:29,782 [EventQueue-StaleNodeForStaleNodeHandler] INFO  node.StaleNodeHandler (StaleNodeHandler.java:onMessage(59)) - Datanode d15f22e6-7d13-4df8-997b-1dbc14b1c401{ip: 10.1.1.98, host: fv-az570-546.srgqcr2moziuvm0qev4lajleyh.dx.internal.cloudapp.net, ports: [REPLICATION=43129, RATIS=39053, RATIS_ADMIN=39053, RATIS_SERVER=39053, STANDALONE=36949], networkLocation: /default-rack, certSerialId: null, persistedOpState: IN_SERVICE, persistedOpStateExpiryEpochSec: 0} moved to stale state. Finalizing its pipelines [PipelineID=4f4812e9-8800-420a-9801-6843776d4dcd]
2022-10-11 12:50:29,783 [EventQueue-StaleNodeForStaleNodeHandler] INFO  pipeline.PipelineManagerImpl (PipelineManagerImpl.java:closePipeline(442)) - Pipeline Pipeline[ Id: 4f4812e9-8800-420a-9801-6843776d4dcd, Nodes: a5f5a137-50fd-4e34-893e-bbf5e2017a41{ip: 10.1.1.98, host: fv-az570-546.srgqcr2moziuvm0qev4lajleyh.dx.internal.cloudapp.net, ports: [REPLICATION=40519, RATIS=36959, RATIS_ADMIN=36959, RATIS_SERVER=36959, STANDALONE=43037], networkLocation: /default-rack, certSerialId: null, persistedOpState: IN_SERVICE, persistedOpStateExpiryEpochSec: 0}d15f22e6-7d13-4df8-997b-1dbc14b1c401{ip: 10.1.1.98, host: fv-az570-546.srgqcr2moziuvm0qev4lajleyh.dx.internal.cloudapp.net, ports: [REPLICATION=43129, RATIS=39053, RATIS_ADMIN=39053, RATIS_SERVER=39053, STANDALONE=36949], networkLocation: /default-rack, certSerialId: null, persistedOpState: IN_SERVICE, persistedOpStateExpiryEpochSec: 0}398056ab-e960-4ebd-a652-556788d1cc35{ip: 10.1.1.98, host: fv-az570-546.srgqcr2moziuvm0qev4lajleyh.dx.internal.cloudapp.net, ports: [REPLICATION=40459, RATIS=37527, RATIS_ADMIN=37527, RATIS_SERVER=37527, STANDALONE=38655], networkLocation: /default-rack, certSerialId: null, persistedOpState: IN_SERVICE, persistedOpStateExpiryEpochSec: 0}, ReplicationConfig: RATIS/THREE, State:OPEN, leaderId:a5f5a137-50fd-4e34-893e-bbf5e2017a41, CreationTimestamp2022-10-11T12:49:38.723Z[Etc/UTC]] moved to CLOSED state
2022-10-11 12:50:29,875 [SCMBlockDeletingService#0] DEBUG block.SCMBlockDeletingService (SCMBlockDeletingService.java:call(131)) - Running DeletedBlockTransactionScanner
2022-10-11 12:50:29,967 [Listener at 127.0.0.1/44985] INFO  impl.MetricsSystemImpl (MetricsSystemImpl.java:init(158)) - HddsDatanode metrics system started (again)
2022-10-11 12:50:29,975 [SCMBlockDeletingService#0] DEBUG block.SCMBlockDeletingService (SCMBlockDeletingService.java:call(131)) - Running DeletedBlockTransactionScanner
2022-10-11 12:50:30,017 [Listener at 127.0.0.1/44985] INFO  ozone.HddsDatanodeService (HddsDatanodeService.java:start(236)) - HddsDatanodeService host:fv-az570-546.srgqcr2moziuvm0qev4lajleyh.dx.internal.cloudapp.net ip:10.1.1.98
2022-10-11 12:50:30,035 [Listener at 127.0.0.1/44985] INFO  upgrade.AbstractLayoutVersionManager (AbstractLayoutVersionManager.java:init(83)) - Initializing Layout version manager with metadata layout = DATANODE_SCHEMA_V3 (version = 4), software layout = DATANODE_SCHEMA_V3 (version = 4)
2022-10-11 12:50:30,075 [SCMBlockDeletingService#0] DEBUG block.SCMBlockDeletingService (SCMBlockDeletingService.java:call(131)) - Running DeletedBlockTransactionScanner
2022-10-11 12:50:30,096 [Listener at 127.0.0.1/44985] INFO  reflections.Reflections (Reflections.java:scan(232)) - Reflections took 60 ms to scan 7 urls, producing 137 keys and 328 values 
2022-10-11 12:50:30,097 [Listener at 127.0.0.1/44985] INFO  statemachine.DatanodeStateMachine (DatanodeStateMachine.java:getEndPointTaskThreadPoolSize(237)) - Datanode State Machine Task Thread Pool size 2
2022-10-11 12:50:30,099 [Listener at 127.0.0.1/44985] INFO  volume.HddsVolume (HddsVolume.java:<init>(117)) - Creating HddsVolume: /home/runner/work/ozone/ozone/hadoop-ozone/integration-test/target/test-dir/MiniOzoneClusterImpl-db539a0e-d368-4ad2-95d9-5fcc718fd6eb/datanode-0/data-0/containers/hdds of storage type : DISK capacity : 9223372036854775807
2022-10-11 12:50:30,100 [Listener at 127.0.0.1/44985] INFO  volume.MutableVolumeSet (MutableVolumeSet.java:initializeVolumeSet(174)) - Added Volume : /home/runner/work/ozone/ozone/hadoop-ozone/integration-test/target/test-dir/MiniOzoneClusterImpl-db539a0e-d368-4ad2-95d9-5fcc718fd6eb/datanode-0/data-0/containers/hdds to VolumeSet
2022-10-11 12:50:30,100 [Listener at 127.0.0.1/44985] INFO  volume.ThrottledAsyncChecker (ThrottledAsyncChecker.java:schedule(141)) - Scheduling a check for /home/runner/work/ozone/ozone/hadoop-ozone/integration-test/target/test-dir/MiniOzoneClusterImpl-db539a0e-d368-4ad2-95d9-5fcc718fd6eb/datanode-0/data-0/containers/hdds
2022-10-11 12:50:30,102 [Listener at 127.0.0.1/44985] INFO  volume.StorageVolumeChecker (StorageVolumeChecker.java:checkAllVolumes(202)) - Scheduled health check for volume /home/runner/work/ozone/ozone/hadoop-ozone/integration-test/target/test-dir/MiniOzoneClusterImpl-db539a0e-d368-4ad2-95d9-5fcc718fd6eb/datanode-0/data-0/containers/hdds
2022-10-11 12:50:30,123 [Listener at 127.0.0.1/44985] INFO  volume.MutableVolumeSet (MutableVolumeSet.java:initializeVolumeSet(174)) - Added Volume : /home/runner/work/ozone/ozone/hadoop-ozone/integration-test/target/test-dir/MiniOzoneClusterImpl-db539a0e-d368-4ad2-95d9-5fcc718fd6eb/datanode-0/data/ratis to VolumeSet
2022-10-11 12:50:30,123 [Listener at 127.0.0.1/44985] INFO  volume.ThrottledAsyncChecker (ThrottledAsyncChecker.java:schedule(141)) - Scheduling a check for /home/runner/work/ozone/ozone/hadoop-ozone/integration-test/target/test-dir/MiniOzoneClusterImpl-db539a0e-d368-4ad2-95d9-5fcc718fd6eb/datanode-0/data/ratis
2022-10-11 12:50:30,124 [Listener at 127.0.0.1/44985] INFO  volume.StorageVolumeChecker (StorageVolumeChecker.java:checkAllVolumes(202)) - Scheduled health check for volume /home/runner/work/ozone/ozone/hadoop-ozone/integration-test/target/test-dir/MiniOzoneClusterImpl-db539a0e-d368-4ad2-95d9-5fcc718fd6eb/datanode-0/data/ratis
2022-10-11 12:50:30,142 [Thread-4279] INFO  ozoneimpl.ContainerReader (ContainerReader.java:readVolume(145)) - Start to verify containers on volume /home/runner/work/ozone/ozone/hadoop-ozone/integration-test/target/test-dir/MiniOzoneClusterImpl-db539a0e-d368-4ad2-95d9-5fcc718fd6eb/datanode-0/data-0/containers/hdds
2022-10-11 12:50:30,175 [SCMBlockDeletingService#0] DEBUG block.SCMBlockDeletingService (SCMBlockDeletingService.java:call(131)) - Running DeletedBlockTransactionScanner
2022-10-11 12:50:30,216 [Thread-4279] INFO  ozoneimpl.ContainerReader (ContainerReader.java:readVolume(175)) - Finish verifying containers on volume /home/runner/work/ozone/ozone/hadoop-ozone/integration-test/target/test-dir/MiniOzoneClusterImpl-db539a0e-d368-4ad2-95d9-5fcc718fd6eb/datanode-0/data-0/containers/hdds
2022-10-11 12:50:30,216 [Listener at 127.0.0.1/44985] INFO  ozoneimpl.OzoneContainer (OzoneContainer.java:buildContainerSet(300)) - Build ContainerSet costs 0s
2022-10-11 12:50:30,219 [Listener at 127.0.0.1/44985] INFO  server.RaftServer (ConfUtils.java:logGet(46)) - raft.rpc.type = GRPC (default)
2022-10-11 12:50:30,219 [Listener at 127.0.0.1/44985] INFO  grpc.GrpcFactory (GrpcFactory.java:checkPooledByteBufAllocatorUseCacheForAllThreads(48)) - PERFORMANCE WARNING: useCacheForAllThreads is true that may cause Netty to create a lot garbage objects and, as a result, trigger GC.
	It is recommended to disable useCacheForAllThreads by setting -Dorg.apache.ratis.thirdparty.io.netty.allocator.useCacheForAllThreads=false in command line.
2022-10-11 12:50:30,219 [Listener at 127.0.0.1/44985] INFO  grpc.GrpcConfigKeys (ConfUtils.java:logGet(46)) - raft.grpc.admin.port = 39053 (custom)
2022-10-11 12:50:30,219 [Listener at 127.0.0.1/44985] INFO  grpc.GrpcConfigKeys (ConfUtils.java:logGet(46)) - raft.grpc.client.port = 39053 (custom)
2022-10-11 12:50:30,220 [Listener at 127.0.0.1/44985] INFO  grpc.GrpcConfigKeys (ConfUtils.java:logGet(46)) - raft.grpc.server.port = 39053 (custom)
2022-10-11 12:50:30,220 [Listener at 127.0.0.1/44985] INFO  server.GrpcService (ConfUtils.java:logGet(46)) - raft.grpc.message.size.max = 32MB (=33554432) (custom)
2022-10-11 12:50:30,220 [Listener at 127.0.0.1/44985] INFO  server.RaftServerConfigKeys (ConfUtils.java:logGet(46)) - raft.server.log.appender.buffer.byte-limit = 33554432 (custom)
2022-10-11 12:50:30,220 [Listener at 127.0.0.1/44985] INFO  server.GrpcService (ConfUtils.java:logGet(46)) - raft.grpc.flow.control.window = 5MB (=5242880) (custom)
2022-10-11 12:50:30,221 [Listener at 127.0.0.1/44985] INFO  server.RaftServerConfigKeys (ConfUtils.java:logGet(46)) - raft.server.rpc.request.timeout = 60s (custom)
2022-10-11 12:50:30,221 [Listener at 127.0.0.1/44985] INFO  grpc.GrpcConfigKeys (ConfUtils.java:logGet(46)) - raft.grpc.server.async.request.thread.pool.cached = true (default)
2022-10-11 12:50:30,221 [Listener at 127.0.0.1/44985] INFO  grpc.GrpcConfigKeys (ConfUtils.java:logGet(46)) - raft.grpc.server.async.request.thread.pool.size = 32 (default)
2022-10-11 12:50:30,224 [Listener at 127.0.0.1/44985] INFO  impl.DataStreamServerImpl (ConfUtils.java:logGet(46)) - raft.datastream.type = DISABLED (default)
2022-10-11 12:50:30,224 [Listener at 127.0.0.1/44985] INFO  server.RaftServerConfigKeys (ConfUtils.java:logGet(46)) - raft.server.threadpool.proxy.cached = true (default)
2022-10-11 12:50:30,224 [Listener at 127.0.0.1/44985] INFO  server.RaftServerConfigKeys (ConfUtils.java:logGet(46)) - raft.server.threadpool.proxy.size = 0 (default)
2022-10-11 12:50:30,224 [Listener at 127.0.0.1/44985] INFO  server.RaftServerConfigKeys (ConfUtils.java:logGet(46)) - raft.server.rpc.slowness.timeout = 300s (custom)
2022-10-11 12:50:30,224 [Listener at 127.0.0.1/44985] INFO  server.RaftServerConfigKeys (ConfUtils.java:logGet(46)) - raft.server.leaderelection.leader.step-down.wait-time = 10s (default)
2022-10-11 12:50:30,225 [Listener at 127.0.0.1/44985] INFO  server.RaftServerConfigKeys (ConfUtils.java:logGet(46)) - raft.server.storage.dir = [/home/runner/work/ozone/ozone/hadoop-ozone/integration-test/target/test-dir/MiniOzoneClusterImpl-db539a0e-d368-4ad2-95d9-5fcc718fd6eb/datanode-0/data/ratis] (custom)
2022-10-11 12:50:30,225 [d15f22e6-7d13-4df8-997b-1dbc14b1c401-impl-thread1] INFO  server.RaftServer (RaftServerProxy.java:initGroupDir(247)) - d15f22e6-7d13-4df8-997b-1dbc14b1c401: found a subdirectory /home/runner/work/ozone/ozone/hadoop-ozone/integration-test/target/test-dir/MiniOzoneClusterImpl-db539a0e-d368-4ad2-95d9-5fcc718fd6eb/datanode-0/data/ratis/4f4812e9-8800-420a-9801-6843776d4dcd
2022-10-11 12:50:30,226 [d15f22e6-7d13-4df8-997b-1dbc14b1c401-impl-thread1] INFO  server.RaftServer (RaftServerProxy.java:addNew(96)) - d15f22e6-7d13-4df8-997b-1dbc14b1c401: addNew group-6843776D4DCD:[] returns group-6843776D4DCD:java.util.concurrent.CompletableFuture@57085f4a[Not completed]
2022-10-11 12:50:30,227 [Listener at 127.0.0.1/44985] INFO  server.XceiverServerGrpc (XceiverServerGrpc.java:<init>(132)) - GrpcServer channel type EpollServerSocketChannel
2022-10-11 12:50:30,231 [pool-678-thread-1] INFO  server.RaftServer$Division (RaftServerImpl.java:<init>(190)) - d15f22e6-7d13-4df8-997b-1dbc14b1c401: new RaftServerImpl for group-6843776D4DCD:[] with ContainerStateMachine:uninitialized
2022-10-11 12:50:30,231 [pool-678-thread-1] INFO  server.RaftServerConfigKeys (ConfUtils.java:logGet(46)) - raft.server.rpc.timeout.min = 5s (custom)
2022-10-11 12:50:30,231 [pool-678-thread-1] INFO  server.RaftServerConfigKeys (ConfUtils.java:logGet(46)) - raft.server.rpc.timeout.max = 5200ms (custom)
2022-10-11 12:50:30,231 [pool-678-thread-1] INFO  server.RaftServerConfigKeys (ConfUtils.java:logGet(46)) - raft.server.rpc.sleep.time = 25ms (default)
2022-10-11 12:50:30,231 [pool-678-thread-1] INFO  server.RaftServerConfigKeys (ConfUtils.java:logGet(46)) - raft.server.rpc.slowness.timeout = 300s (custom)
2022-10-11 12:50:30,232 [pool-678-thread-1] INFO  server.RaftServerConfigKeys (ConfUtils.java:logGet(46)) - raft.server.leaderelection.leader.step-down.wait-time = 10s (default)
2022-10-11 12:50:30,232 [pool-678-thread-1] INFO  server.RaftServerConfigKeys (ConfUtils.java:logGet(46)) - raft.server.sleep.deviation.threshold = 300ms (default)
2022-10-11 12:50:30,232 [pool-678-thread-1] INFO  server.RaftServer$Division (ServerState.java:<init>(107)) - d15f22e6-7d13-4df8-997b-1dbc14b1c401@group-6843776D4DCD: ConfigurationManager, init=-1: [], old=null, confs=<EMPTY_MAP>
2022-10-11 12:50:30,232 [pool-678-thread-1] INFO  server.RaftServerConfigKeys (ConfUtils.java:logGet(46)) - raft.server.storage.dir = [/home/runner/work/ozone/ozone/hadoop-ozone/integration-test/target/test-dir/MiniOzoneClusterImpl-db539a0e-d368-4ad2-95d9-5fcc718fd6eb/datanode-0/data/ratis] (custom)
2022-10-11 12:50:30,232 [pool-678-thread-1] INFO  server.RaftServerConfigKeys (ConfUtils.java:logGet(46)) - raft.server.log.corruption.policy = EXCEPTION (default)
2022-10-11 12:50:30,232 [pool-678-thread-1] INFO  server.RaftServerConfigKeys (ConfUtils.java:logGet(46)) - raft.server.storage.free-space.min = 0MB (=0) (default)
2022-10-11 12:50:30,233 [Listener at 127.0.0.1/44985] INFO  http.BaseHttpServer (BaseHttpServer.java:newHttpServer2BuilderForOzone(213)) - Starting Web-server for hddsDatanode at: http://0.0.0.0:37701
2022-10-11 12:50:30,234 [Listener at 127.0.0.1/44985] INFO  http.BaseHttpServer (BaseHttpServer.java:<init>(108)) - Hadoop Security Enabled: false Ozone Security Enabled: false Ozone HTTP Security Enabled: false 
2022-10-11 12:50:30,234 [pool-678-thread-1] INFO  storage.RaftStorageDirectory (RaftStorageDirectoryImpl.java:tryLock(230)) - Lock on /home/runner/work/ozone/ozone/hadoop-ozone/integration-test/target/test-dir/MiniOzoneClusterImpl-db539a0e-d368-4ad2-95d9-5fcc718fd6eb/datanode-0/data/ratis/4f4812e9-8800-420a-9801-6843776d4dcd/in_use.lock acquired by nodename 36499@fv-az570-546
2022-10-11 12:50:30,235 [Listener at 127.0.0.1/44985] INFO  server.AuthenticationFilter (AuthenticationFilter.java:constructSecretProvider(240)) - Unable to initialize FileSignerSecretProvider, falling back to use random secrets.
2022-10-11 12:50:30,237 [pool-678-thread-1] INFO  storage.RaftStorage (RaftStorageImpl.java:analyzeAndRecoverStorage(110)) - Read RaftStorageMetadata{term=7, votedFor=a5f5a137-50fd-4e34-893e-bbf5e2017a41} from /home/runner/work/ozone/ozone/hadoop-ozone/integration-test/target/test-dir/MiniOzoneClusterImpl-db539a0e-d368-4ad2-95d9-5fcc718fd6eb/datanode-0/data/ratis/4f4812e9-8800-420a-9801-6843776d4dcd/current/raft-meta
2022-10-11 12:50:30,239 [Listener at 127.0.0.1/44985] WARN  http.HttpRequestLog (HttpRequestLog.java:getRequestLog(103)) - Jetty request log can only be enabled using Log4j
2022-10-11 12:50:30,240 [Listener at 127.0.0.1/44985] INFO  http.HttpServer2 (HttpServer2.java:addGlobalFilter(1031)) - Added global filter 'safety' (class=org.apache.hadoop.hdds.server.http.HttpServer2$QuotingInputFilter)
2022-10-11 12:50:30,252 [pool-678-thread-1] INFO  ratis.ContainerStateMachine (ContainerStateMachine.java:loadSnapshot(245)) - group-6843776D4DCD: Setting the last applied index to (t:7, i:110)
2022-10-11 12:50:30,256 [Listener at 127.0.0.1/44985] INFO  http.HttpServer2 (HttpServer2.java:addFilter(1007)) - Added filter static_user_filter (class=org.apache.hadoop.http.lib.StaticUserWebFilter$StaticUserFilter) to context hddsDatanode
2022-10-11 12:50:30,256 [Listener at 127.0.0.1/44985] INFO  http.HttpServer2 (HttpServer2.java:addFilter(1015)) - Added filter static_user_filter (class=org.apache.hadoop.http.lib.StaticUserWebFilter$StaticUserFilter) to context logs
2022-10-11 12:50:30,256 [Listener at 127.0.0.1/44985] INFO  http.HttpServer2 (HttpServer2.java:addFilter(1015)) - Added filter static_user_filter (class=org.apache.hadoop.http.lib.StaticUserWebFilter$StaticUserFilter) to context static
2022-10-11 12:50:30,257 [Listener at 127.0.0.1/44985] INFO  http.HttpServer2 (HttpServer2.java:bindListener(1250)) - Jetty bound to port 37701
2022-10-11 12:50:30,257 [Listener at 127.0.0.1/44985] INFO  server.Server (Server.java:doStart(375)) - jetty-9.4.43.v20210629; built: 2021-06-30T11:07:22.254Z; git: 526006ecfa3af7f1a27ef3a288e2bef7ea9dd7e8; jvm 1.8.0_345-b01
2022-10-11 12:50:30,259 [pool-678-thread-1] INFO  server.RaftServer$Division (ServerState.java:setRaftConf(393)) - d15f22e6-7d13-4df8-997b-1dbc14b1c401@group-6843776D4DCD: set configuration 0: [398056ab-e960-4ebd-a652-556788d1cc35|rpc:10.1.1.98:37527|dataStream:|priority:0, d15f22e6-7d13-4df8-997b-1dbc14b1c401|rpc:10.1.1.98:39053|dataStream:|priority:0, a5f5a137-50fd-4e34-893e-bbf5e2017a41|rpc:10.1.1.98:36959|dataStream:|priority:1], old=null
2022-10-11 12:50:30,259 [pool-678-thread-1] INFO  server.RaftServerConfigKeys (ConfUtils.java:logGet(46)) - raft.server.notification.no-leader.timeout = 300s (custom)
2022-10-11 12:50:30,259 [pool-678-thread-1] INFO  server.RaftServerConfigKeys (ConfUtils.java:logGet(46)) - raft.server.log.use.memory = false (default)
2022-10-11 12:50:30,259 [pool-678-thread-1] INFO  server.RaftServerConfigKeys (ConfUtils.java:logGet(46)) - raft.server.log.purge.gap = 1000000 (custom)
2022-10-11 12:50:30,259 [pool-678-thread-1] INFO  server.RaftServerConfigKeys (ConfUtils.java:logGet(46)) - raft.server.log.appender.buffer.byte-limit = 33554432 (custom)
2022-10-11 12:50:30,259 [pool-678-thread-1] INFO  server.RaftServerConfigKeys (ConfUtils.java:logGet(46)) - raft.server.log.statemachine.data.read.timeout = 1000ms (default)
2022-10-11 12:50:30,259 [pool-678-thread-1] INFO  server.RaftServerConfigKeys (ConfUtils.java:logGet(46)) - raft.server.log.segment.size.max = 1048576 (custom)
2022-10-11 12:50:30,260 [pool-678-thread-1] INFO  server.RaftServerConfigKeys (ConfUtils.java:logGet(46)) - raft.server.log.segment.cache.num.max = 2 (custom)
2022-10-11 12:50:30,260 [pool-678-thread-1] INFO  server.RaftServerConfigKeys (ConfUtils.java:logGet(46)) - raft.server.log.segment.cache.size.max = 200MB (=209715200) (default)
2022-10-11 12:50:30,260 [pool-678-thread-1] INFO  segmented.SegmentedRaftLogWorker (SegmentedRaftLogWorker.java:<init>(187)) - new d15f22e6-7d13-4df8-997b-1dbc14b1c401@group-6843776D4DCD-SegmentedRaftLogWorker for RaftStorageImpl:Storage Directory /home/runner/work/ozone/ozone/hadoop-ozone/integration-test/target/test-dir/MiniOzoneClusterImpl-db539a0e-d368-4ad2-95d9-5fcc718fd6eb/datanode-0/data/ratis/4f4812e9-8800-420a-9801-6843776d4dcd
2022-10-11 12:50:30,260 [pool-678-thread-1] INFO  server.RaftServerConfigKeys (ConfUtils.java:logGet(46)) - raft.server.log.queue.byte-limit = 4294967296 (custom)
2022-10-11 12:50:30,260 [pool-678-thread-1] INFO  server.RaftServerConfigKeys (ConfUtils.java:logGet(46)) - raft.server.log.queue.element-limit = 1024 (custom)
2022-10-11 12:50:30,260 [pool-678-thread-1] INFO  server.RaftServerConfigKeys (ConfUtils.java:logGet(46)) - raft.server.log.segment.size.max = 1048576 (custom)
2022-10-11 12:50:30,260 [pool-678-thread-1] INFO  server.RaftServerConfigKeys (ConfUtils.java:logGet(46)) - raft.server.log.preallocated.size = 16384 (custom)
2022-10-11 12:50:30,260 [pool-678-thread-1] INFO  server.RaftServerConfigKeys (ConfUtils.java:logGet(46)) - raft.server.log.force.sync.num = 128 (default)
2022-10-11 12:50:30,260 [pool-678-thread-1] INFO  server.RaftServerConfigKeys (ConfUtils.java:logGet(46)) - raft.server.log.statemachine.data.sync = true (default)
2022-10-11 12:50:30,260 [pool-678-thread-1] INFO  server.RaftServerConfigKeys (ConfUtils.java:logGet(46)) - raft.server.log.statemachine.data.sync.timeout = 10s (default)
2022-10-11 12:50:30,261 [pool-678-thread-1] INFO  server.RaftServerConfigKeys (ConfUtils.java:logGet(46)) - raft.server.log.statemachine.data.sync.timeout.retry = -1 (default)
2022-10-11 12:50:30,265 [pool-678-thread-1] INFO  server.RaftServerConfigKeys (ConfUtils.java:logGet(46)) - raft.server.log.write.buffer.size = 1048576 (custom)
2022-10-11 12:50:30,265 [pool-678-thread-1] INFO  server.RaftServerConfigKeys (ConfUtils.java:logGet(46)) - raft.server.log.unsafe-flush.enabled = false (default)
2022-10-11 12:50:30,265 [pool-678-thread-1] INFO  server.RaftServerConfigKeys (ConfUtils.java:logGet(46)) - raft.server.log.statemachine.data.caching.enabled = true (custom)
2022-10-11 12:50:30,272 [pool-678-thread-1] INFO  server.RaftServer$Division (ServerState.java:setRaftConf(393)) - d15f22e6-7d13-4df8-997b-1dbc14b1c401@group-6843776D4DCD: set configuration 0: [398056ab-e960-4ebd-a652-556788d1cc35|rpc:10.1.1.98:37527|dataStream:|priority:0, d15f22e6-7d13-4df8-997b-1dbc14b1c401|rpc:10.1.1.98:39053|dataStream:|priority:0, a5f5a137-50fd-4e34-893e-bbf5e2017a41|rpc:10.1.1.98:36959|dataStream:|priority:1], old=null
2022-10-11 12:50:30,275 [SCMBlockDeletingService#0] DEBUG block.SCMBlockDeletingService (SCMBlockDeletingService.java:call(131)) - Running DeletedBlockTransactionScanner
2022-10-11 12:50:30,282 [pool-678-thread-1] INFO  segmented.LogSegment (LogSegment.java:loadSegment(173)) - Successfully read 112 entries from segment file /home/runner/work/ozone/ozone/hadoop-ozone/integration-test/target/test-dir/MiniOzoneClusterImpl-db539a0e-d368-4ad2-95d9-5fcc718fd6eb/datanode-0/data/ratis/4f4812e9-8800-420a-9801-6843776d4dcd/current/log_inprogress_0
2022-10-11 12:50:30,282 [pool-678-thread-1] INFO  segmented.SegmentedRaftLogWorker (SegmentedRaftLogWorker.java:lambda$new$0(135)) - d15f22e6-7d13-4df8-997b-1dbc14b1c401@group-6843776D4DCD-SegmentedRaftLogWorker: flushIndex: setUnconditionally 0 -> 111
2022-10-11 12:50:30,282 [pool-678-thread-1] INFO  segmented.SegmentedRaftLogWorker (SegmentedRaftLogWorker.java:lambda$new$0(135)) - d15f22e6-7d13-4df8-997b-1dbc14b1c401@group-6843776D4DCD-SegmentedRaftLogWorker: safeCacheEvictIndex: setUnconditionally 0 -> -1
2022-10-11 12:50:30,283 [pool-678-thread-1] INFO  raftlog.RaftLog (RaftLogBase.java:lambda$new$0(53)) - d15f22e6-7d13-4df8-997b-1dbc14b1c401@group-6843776D4DCD-SegmentedRaftLog: commitIndex: updateToMax old=110, new=110, updated? false
2022-10-11 12:50:30,283 [pool-678-thread-1] INFO  server.RaftServerConfigKeys (ConfUtils.java:logGet(46)) - raft.server.snapshot.auto.trigger.enabled = true (custom)
2022-10-11 12:50:30,284 [pool-678-thread-1] INFO  server.RaftServerConfigKeys (ConfUtils.java:logGet(46)) - raft.server.snapshot.auto.trigger.threshold = 10000 (custom)
2022-10-11 12:50:30,284 [pool-678-thread-1] INFO  server.RaftServerConfigKeys (ConfUtils.java:logGet(46)) - raft.server.snapshot.retention.file.num = 5 (custom)
2022-10-11 12:50:30,284 [pool-678-thread-1] INFO  server.RaftServerConfigKeys (ConfUtils.java:logGet(46)) - raft.server.log.purge.upto.snapshot.index = false (default)
2022-10-11 12:50:30,287 [grpc-default-executor-3] WARN  server.GrpcLogAppender (LogUtils.java:warn(122)) - a5f5a137-50fd-4e34-893e-bbf5e2017a41@group-6843776D4DCD->d15f22e6-7d13-4df8-997b-1dbc14b1c401-AppendLogResponseHandler: Failed appendEntries: org.apache.ratis.thirdparty.io.grpc.StatusRuntimeException: UNAVAILABLE: io exception
2022-10-11 12:50:30,288 [grpc-default-executor-3] INFO  leader.FollowerInfo (FollowerInfoImpl.java:lambda$new$0(48)) - a5f5a137-50fd-4e34-893e-bbf5e2017a41@group-6843776D4DCD->d15f22e6-7d13-4df8-997b-1dbc14b1c401: nextIndex: updateUnconditionally 112 -> 111
2022-10-11 12:50:30,288 [pool-678-thread-1] INFO  server.RaftServerConfigKeys (ConfUtils.java:logGet(46)) - raft.server.retrycache.expirytime = 600000ms (custom)
2022-10-11 12:50:30,288 [pool-678-thread-1] INFO  server.RaftServerConfigKeys (ConfUtils.java:logGet(46)) - raft.server.retrycache.statistics.expirytime = 100μs (default)
2022-10-11 12:50:30,295 [pool-678-thread-1] INFO  server.RaftServerConfigKeys (ConfUtils.java:logGet(46)) - raft.server.log.appender.install.snapshot.enabled = false (custom)
2022-10-11 12:50:30,295 [pool-678-thread-1] INFO  server.RaftServerConfigKeys (ConfUtils.java:logGet(46)) - raft.server.threadpool.server.cached = true (default)
2022-10-11 12:50:30,295 [pool-678-thread-1] INFO  server.RaftServerConfigKeys (ConfUtils.java:logGet(46)) - raft.server.threadpool.server.size = 0 (default)
2022-10-11 12:50:30,295 [pool-678-thread-1] INFO  server.RaftServerConfigKeys (ConfUtils.java:logGet(46)) - raft.server.threadpool.client.cached = true (default)
2022-10-11 12:50:30,295 [pool-678-thread-1] INFO  server.RaftServerConfigKeys (ConfUtils.java:logGet(46)) - raft.server.threadpool.client.size = 0 (default)
2022-10-11 12:50:30,296 [Listener at 127.0.0.1/44985] INFO  server.session (DefaultSessionIdManager.java:doStart(334)) - DefaultSessionIdManager workerName=node0
2022-10-11 12:50:30,296 [Listener at 127.0.0.1/44985] INFO  server.session (DefaultSessionIdManager.java:doStart(339)) - No SessionScavenger set, using defaults
2022-10-11 12:50:30,297 [Listener at 127.0.0.1/44985] INFO  server.session (HouseKeeper.java:startScavenging(132)) - node0 Scavenging every 660000ms
2022-10-11 12:50:30,298 [Listener at 127.0.0.1/44985] INFO  handler.ContextHandler (ContextHandler.java:doStart(915)) - Started o.e.j.s.ServletContextHandler@11e97dff{logs,/logs,file:///home/runner/work/ozone/ozone/hadoop-ozone/integration-test/target/log,AVAILABLE}
2022-10-11 12:50:30,298 [Listener at 127.0.0.1/44985] INFO  handler.ContextHandler (ContextHandler.java:doStart(915)) - Started o.e.j.s.ServletContextHandler@7a48b916{static,/static,jar:file:/home/runner/.m2/repository/org/apache/ozone/hdds-container-service/1.3.0-SNAPSHOT/hdds-container-service-1.3.0-SNAPSHOT.jar!/webapps/static,AVAILABLE}
2022-10-11 12:50:30,375 [SCMBlockDeletingService#0] DEBUG block.SCMBlockDeletingService (SCMBlockDeletingService.java:call(131)) - Running DeletedBlockTransactionScanner
2022-10-11 12:50:30,475 [SCMBlockDeletingService#0] DEBUG block.SCMBlockDeletingService (SCMBlockDeletingService.java:call(131)) - Running DeletedBlockTransactionScanner
2022-10-11 12:50:30,511 [Listener at 127.0.0.1/44985] INFO  handler.ContextHandler (ContextHandler.java:doStart(915)) - Started o.e.j.w.WebAppContext@5ca30d06{hddsDatanode,/,file:///tmp/jetty-0_0_0_0-37701-hdds-container-service-1_3_0-SNAPSHOT_jar-_-any-5368724251361918773/webapp/,AVAILABLE}{jar:file:/home/runner/.m2/repository/org/apache/ozone/hdds-container-service/1.3.0-SNAPSHOT/hdds-container-service-1.3.0-SNAPSHOT.jar!/webapps/hddsDatanode}
2022-10-11 12:50:30,513 [Listener at 127.0.0.1/44985] INFO  server.AbstractConnector (AbstractConnector.java:doStart(331)) - Started ServerConnector@3b575a82{HTTP/1.1, (http/1.1)}{0.0.0.0:37701}
2022-10-11 12:50:30,514 [Listener at 127.0.0.1/44985] INFO  server.Server (Server.java:doStart(415)) - Started @167519ms
2022-10-11 12:50:30,514 [Listener at 127.0.0.1/44985] WARN  impl.MetricsSystemImpl (MetricsSystemImpl.java:register(279)) - Sink prometheus already exists!
2022-10-11 12:50:30,515 [Listener at 127.0.0.1/44985] INFO  http.BaseHttpServer (BaseHttpServer.java:updateConnectorAddress(333)) - HTTP server of hddsDatanode listening at http://0.0.0.0:37701
2022-10-11 12:50:30,515 [Datanode State Machine Daemon Thread] INFO  statemachine.DatanodeStateMachine (DatanodeStateMachine.java:lambda$startDaemon$0(492)) - Ozone container server started.
2022-10-11 12:50:30,516 [Listener at 127.0.0.1/44985] INFO  ozone.MiniOzoneClusterImpl (MiniOzoneClusterImpl.java:lambda$waitForClusterToBeReady$0(216)) - Waiting for nodes to be ready. Got 2 of 3 DN Heartbeats.
2022-10-11 12:50:30,516 [Listener at 127.0.0.1/44985] INFO  ozone.MiniOzoneClusterImpl (MiniOzoneClusterImpl.java:lambda$waitForClusterToBeReady$0(219)) - Cluster exits safe mode
2022-10-11 12:50:30,517 [Listener at 127.0.0.1/44985] INFO  ozone.MiniOzoneClusterImpl (MiniOzoneClusterImpl.java:lambda$waitForClusterToBeReady$0(221)) - SCM became leader
2022-10-11 12:50:30,517 [org.apache.hadoop.util.JvmPauseMonitor$Monitor@24d78936] INFO  util.JvmPauseMonitor (JvmPauseMonitor.java:run(188)) - Starting JVM pause monitor
2022-10-11 12:50:30,518 [Datanode State Machine Task Thread - 0] INFO  datanode.InitDatanodeState (InitDatanodeState.java:persistContainerDatanodeDetails(138)) - DatanodeDetails is persisted to /home/runner/work/ozone/ozone/hadoop-ozone/integration-test/target/test-dir/MiniOzoneClusterImpl-db539a0e-d368-4ad2-95d9-5fcc718fd6eb/datanode-0/meta/datanode.id
2022-10-11 12:50:30,575 [SCMBlockDeletingService#0] DEBUG block.SCMBlockDeletingService (SCMBlockDeletingService.java:call(131)) - Running DeletedBlockTransactionScanner
2022-10-11 12:50:30,675 [SCMBlockDeletingService#0] DEBUG block.SCMBlockDeletingService (SCMBlockDeletingService.java:call(131)) - Running DeletedBlockTransactionScanner
2022-10-11 12:50:30,775 [SCMBlockDeletingService#0] DEBUG block.SCMBlockDeletingService (SCMBlockDeletingService.java:call(131)) - Running DeletedBlockTransactionScanner
2022-10-11 12:50:30,876 [SCMBlockDeletingService#0] DEBUG block.SCMBlockDeletingService (SCMBlockDeletingService.java:call(131)) - Running DeletedBlockTransactionScanner
2022-10-11 12:50:30,976 [SCMBlockDeletingService#0] DEBUG block.SCMBlockDeletingService (SCMBlockDeletingService.java:call(131)) - Running DeletedBlockTransactionScanner
2022-10-11 12:50:31,076 [SCMBlockDeletingService#0] DEBUG block.SCMBlockDeletingService (SCMBlockDeletingService.java:call(131)) - Running DeletedBlockTransactionScanner
2022-10-11 12:50:31,176 [SCMBlockDeletingService#0] DEBUG block.SCMBlockDeletingService (SCMBlockDeletingService.java:call(131)) - Running DeletedBlockTransactionScanner
2022-10-11 12:50:31,276 [SCMBlockDeletingService#0] DEBUG block.SCMBlockDeletingService (SCMBlockDeletingService.java:call(131)) - Running DeletedBlockTransactionScanner
2022-10-11 12:50:31,376 [SCMBlockDeletingService#0] DEBUG block.SCMBlockDeletingService (SCMBlockDeletingService.java:call(131)) - Running DeletedBlockTransactionScanner
2022-10-11 12:50:31,476 [SCMBlockDeletingService#0] DEBUG block.SCMBlockDeletingService (SCMBlockDeletingService.java:call(131)) - Running DeletedBlockTransactionScanner
2022-10-11 12:50:31,517 [Listener at 127.0.0.1/44985] INFO  ozone.MiniOzoneClusterImpl (MiniOzoneClusterImpl.java:lambda$waitForClusterToBeReady$0(216)) - Waiting for nodes to be ready. Got 2 of 3 DN Heartbeats.
2022-10-11 12:50:31,517 [Listener at 127.0.0.1/44985] INFO  ozone.MiniOzoneClusterImpl (MiniOzoneClusterImpl.java:lambda$waitForClusterToBeReady$0(219)) - Cluster exits safe mode
2022-10-11 12:50:31,517 [Listener at 127.0.0.1/44985] INFO  ozone.MiniOzoneClusterImpl (MiniOzoneClusterImpl.java:lambda$waitForClusterToBeReady$0(221)) - SCM became leader
2022-10-11 12:50:31,537 [grpc-default-executor-4] WARN  server.GrpcLogAppender (LogUtils.java:warn(122)) - a5f5a137-50fd-4e34-893e-bbf5e2017a41@group-6843776D4DCD->d15f22e6-7d13-4df8-997b-1dbc14b1c401-AppendLogResponseHandler: Failed appendEntries: org.apache.ratis.thirdparty.io.grpc.StatusRuntimeException: UNAVAILABLE: io exception
2022-10-11 12:50:31,538 [grpc-default-executor-4] INFO  leader.FollowerInfo (FollowerInfoImpl.java:lambda$new$0(48)) - a5f5a137-50fd-4e34-893e-bbf5e2017a41@group-6843776D4DCD->d15f22e6-7d13-4df8-997b-1dbc14b1c401: nextIndex: updateUnconditionally 112 -> 111
2022-10-11 12:50:31,576 [SCMBlockDeletingService#0] DEBUG block.SCMBlockDeletingService (SCMBlockDeletingService.java:call(131)) - Running DeletedBlockTransactionScanner
2022-10-11 12:50:31,676 [SCMBlockDeletingService#0] DEBUG block.SCMBlockDeletingService (SCMBlockDeletingService.java:call(131)) - Running DeletedBlockTransactionScanner
2022-10-11 12:50:31,777 [SCMBlockDeletingService#0] DEBUG block.SCMBlockDeletingService (SCMBlockDeletingService.java:call(131)) - Running DeletedBlockTransactionScanner
2022-10-11 12:50:31,877 [SCMBlockDeletingService#0] DEBUG block.SCMBlockDeletingService (SCMBlockDeletingService.java:call(131)) - Running DeletedBlockTransactionScanner
2022-10-11 12:50:31,977 [SCMBlockDeletingService#0] DEBUG block.SCMBlockDeletingService (SCMBlockDeletingService.java:call(131)) - Running DeletedBlockTransactionScanner
2022-10-11 12:50:32,077 [SCMBlockDeletingService#0] DEBUG block.SCMBlockDeletingService (SCMBlockDeletingService.java:call(131)) - Running DeletedBlockTransactionScanner
2022-10-11 12:50:32,177 [SCMBlockDeletingService#0] DEBUG block.SCMBlockDeletingService (SCMBlockDeletingService.java:call(131)) - Running DeletedBlockTransactionScanner
2022-10-11 12:50:32,277 [SCMBlockDeletingService#0] DEBUG block.SCMBlockDeletingService (SCMBlockDeletingService.java:call(131)) - Running DeletedBlockTransactionScanner
2022-10-11 12:50:32,377 [SCMBlockDeletingService#0] DEBUG block.SCMBlockDeletingService (SCMBlockDeletingService.java:call(131)) - Running DeletedBlockTransactionScanner
2022-10-11 12:50:32,477 [SCMBlockDeletingService#0] DEBUG block.SCMBlockDeletingService (SCMBlockDeletingService.java:call(131)) - Running DeletedBlockTransactionScanner
2022-10-11 12:50:32,518 [EndpointStateMachine task thread for /0.0.0.0:38647 - 0 ] INFO  ozoneimpl.OzoneContainer (OzoneContainer.java:start(378)) - Attempting to start container services.
2022-10-11 12:50:32,518 [Listener at 127.0.0.1/44985] INFO  ozone.MiniOzoneClusterImpl (MiniOzoneClusterImpl.java:lambda$waitForClusterToBeReady$0(216)) - Waiting for nodes to be ready. Got 2 of 3 DN Heartbeats.
2022-10-11 12:50:32,518 [Listener at 127.0.0.1/44985] INFO  ozone.MiniOzoneClusterImpl (MiniOzoneClusterImpl.java:lambda$waitForClusterToBeReady$0(219)) - Cluster exits safe mode
2022-10-11 12:50:32,518 [Listener at 127.0.0.1/44985] INFO  ozone.MiniOzoneClusterImpl (MiniOzoneClusterImpl.java:lambda$waitForClusterToBeReady$0(221)) - SCM became leader
2022-10-11 12:50:32,519 [EndpointStateMachine task thread for /0.0.0.0:38647 - 0 ] INFO  ozoneimpl.OzoneContainer (OzoneContainer.java:startContainerScrub(313)) - Background container scanner has been disabled.
2022-10-11 12:50:32,525 [EndpointStateMachine task thread for /0.0.0.0:38647 - 0 ] INFO  ratis.XceiverServerRatis (XceiverServerRatis.java:start(481)) - Starting XceiverServerRatis d15f22e6-7d13-4df8-997b-1dbc14b1c401
2022-10-11 12:50:32,526 [d15f22e6-7d13-4df8-997b-1dbc14b1c401-impl-thread1] INFO  server.RaftServer$Division (RaftServerImpl.java:start(310)) - d15f22e6-7d13-4df8-997b-1dbc14b1c401@group-6843776D4DCD: start as a follower, conf=0: [398056ab-e960-4ebd-a652-556788d1cc35|rpc:10.1.1.98:37527|dataStream:|priority:0, d15f22e6-7d13-4df8-997b-1dbc14b1c401|rpc:10.1.1.98:39053|dataStream:|priority:0, a5f5a137-50fd-4e34-893e-bbf5e2017a41|rpc:10.1.1.98:36959|dataStream:|priority:1], old=null
2022-10-11 12:50:32,526 [d15f22e6-7d13-4df8-997b-1dbc14b1c401-impl-thread1] INFO  server.RaftServer$Division (RaftServerImpl.java:setRole(299)) - d15f22e6-7d13-4df8-997b-1dbc14b1c401@group-6843776D4DCD: changes role from      null to FOLLOWER at term 7 for startAsFollower
2022-10-11 12:50:32,526 [d15f22e6-7d13-4df8-997b-1dbc14b1c401-impl-thread1] INFO  impl.RoleInfo (RoleInfo.java:updateAndGet(139)) - d15f22e6-7d13-4df8-997b-1dbc14b1c401: start d15f22e6-7d13-4df8-997b-1dbc14b1c401@group-6843776D4DCD-FollowerState
2022-10-11 12:50:32,526 [d15f22e6-7d13-4df8-997b-1dbc14b1c401-impl-thread1] INFO  util.JmxRegister (JmxRegister.java:tryRegister(44)) - Successfully registered JMX Bean with object name Ratis:service=RaftServer,group=group-6843776D4DCD,id=d15f22e6-7d13-4df8-997b-1dbc14b1c401
2022-10-11 12:50:32,530 [EndpointStateMachine task thread for /0.0.0.0:38647 - 0 ] INFO  server.RaftServer (RaftServerProxy.java:lambda$start$6(382)) - d15f22e6-7d13-4df8-997b-1dbc14b1c401: start RPC server
2022-10-11 12:50:32,532 [EndpointStateMachine task thread for /0.0.0.0:38647 - 0 ] INFO  server.GrpcService (GrpcService.java:startImpl(260)) - d15f22e6-7d13-4df8-997b-1dbc14b1c401: GrpcService started, listening on 39053
2022-10-11 12:50:32,532 [EndpointStateMachine task thread for /0.0.0.0:38647 - 0 ] INFO  ratis.XceiverServerRatis (XceiverServerRatis.java:getRealPort(502)) - XceiverServerRatis d15f22e6-7d13-4df8-997b-1dbc14b1c401 is started using port 39053 for RATIS
2022-10-11 12:50:32,533 [org.apache.ratis.util.JvmPauseMonitor$$Lambda$703/795293305@50986f40] INFO  util.JvmPauseMonitor (JvmPauseMonitor.java:run(103)) - JvmPauseMonitor-d15f22e6-7d13-4df8-997b-1dbc14b1c401: Started
2022-10-11 12:50:32,533 [EndpointStateMachine task thread for /0.0.0.0:38647 - 0 ] INFO  ratis.XceiverServerRatis (XceiverServerRatis.java:getRealPort(502)) - XceiverServerRatis d15f22e6-7d13-4df8-997b-1dbc14b1c401 is started using port 39053 for RATIS_ADMIN
2022-10-11 12:50:32,533 [EndpointStateMachine task thread for /0.0.0.0:38647 - 0 ] INFO  ratis.XceiverServerRatis (XceiverServerRatis.java:getRealPort(502)) - XceiverServerRatis d15f22e6-7d13-4df8-997b-1dbc14b1c401 is started using port 39053 for RATIS_SERVER
2022-10-11 12:50:32,577 [SCMBlockDeletingService#0] DEBUG block.SCMBlockDeletingService (SCMBlockDeletingService.java:call(131)) - Running DeletedBlockTransactionScanner
2022-10-11 12:50:32,662 [Under Replicated Processor] INFO  replication.UnderReplicatedProcessor (UnderReplicatedProcessor.java:processAll(92)) - Processed 0 under replicated containers, failed processing 0
2022-10-11 12:50:32,664 [Over Replicated Processor] INFO  replication.OverReplicatedProcessor (OverReplicatedProcessor.java:processAll(90)) - Processed 0 over replicated containers, failed processing 0
2022-10-11 12:50:32,677 [SCMBlockDeletingService#0] DEBUG block.SCMBlockDeletingService (SCMBlockDeletingService.java:call(131)) - Running DeletedBlockTransactionScanner
2022-10-11 12:50:32,778 [SCMBlockDeletingService#0] DEBUG block.SCMBlockDeletingService (SCMBlockDeletingService.java:call(131)) - Running DeletedBlockTransactionScanner
2022-10-11 12:50:32,790 [d15f22e6-7d13-4df8-997b-1dbc14b1c401-server-thread1] INFO  ratis.XceiverServerRatis (XceiverServerRatis.java:handleLeaderChangedNotification(863)) - Leader change notification received for group: group-6843776D4DCD with new leaderId: a5f5a137-50fd-4e34-893e-bbf5e2017a41
2022-10-11 12:50:32,790 [d15f22e6-7d13-4df8-997b-1dbc14b1c401-server-thread1] INFO  server.RaftServer$Division (ServerState.java:setLeader(287)) - d15f22e6-7d13-4df8-997b-1dbc14b1c401@group-6843776D4DCD: change Leader from null to a5f5a137-50fd-4e34-893e-bbf5e2017a41 at term 7 for appendEntries, leader elected after 2531ms
2022-10-11 12:50:32,878 [SCMBlockDeletingService#0] DEBUG block.SCMBlockDeletingService (SCMBlockDeletingService.java:call(131)) - Running DeletedBlockTransactionScanner
2022-10-11 12:50:32,978 [SCMBlockDeletingService#0] DEBUG block.SCMBlockDeletingService (SCMBlockDeletingService.java:call(131)) - Running DeletedBlockTransactionScanner
2022-10-11 12:50:33,078 [SCMBlockDeletingService#0] DEBUG block.SCMBlockDeletingService (SCMBlockDeletingService.java:call(131)) - Running DeletedBlockTransactionScanner
2022-10-11 12:50:33,178 [SCMBlockDeletingService#0] DEBUG block.SCMBlockDeletingService (SCMBlockDeletingService.java:call(131)) - Running DeletedBlockTransactionScanner
2022-10-11 12:50:33,278 [SCMBlockDeletingService#0] DEBUG block.SCMBlockDeletingService (SCMBlockDeletingService.java:call(131)) - Running DeletedBlockTransactionScanner
2022-10-11 12:50:33,378 [SCMBlockDeletingService#0] DEBUG block.SCMBlockDeletingService (SCMBlockDeletingService.java:call(131)) - Running DeletedBlockTransactionScanner
2022-10-11 12:50:33,478 [SCMBlockDeletingService#0] DEBUG block.SCMBlockDeletingService (SCMBlockDeletingService.java:call(131)) - Running DeletedBlockTransactionScanner
2022-10-11 12:50:33,519 [Listener at 127.0.0.1/44985] INFO  ozone.MiniOzoneClusterImpl (MiniOzoneClusterImpl.java:lambda$waitForClusterToBeReady$0(216)) - Waiting for nodes to be ready. Got 2 of 3 DN Heartbeats.
2022-10-11 12:50:33,519 [Listener at 127.0.0.1/44985] INFO  ozone.MiniOzoneClusterImpl (MiniOzoneClusterImpl.java:lambda$waitForClusterToBeReady$0(219)) - Cluster exits safe mode
2022-10-11 12:50:33,519 [Listener at 127.0.0.1/44985] INFO  ozone.MiniOzoneClusterImpl (MiniOzoneClusterImpl.java:lambda$waitForClusterToBeReady$0(221)) - SCM became leader
2022-10-11 12:50:33,578 [SCMBlockDeletingService#0] DEBUG block.SCMBlockDeletingService (SCMBlockDeletingService.java:call(131)) - Running DeletedBlockTransactionScanner
2022-10-11 12:50:33,678 [SCMBlockDeletingService#0] DEBUG block.SCMBlockDeletingService (SCMBlockDeletingService.java:call(131)) - Running DeletedBlockTransactionScanner
2022-10-11 12:50:33,779 [SCMBlockDeletingService#0] DEBUG block.SCMBlockDeletingService (SCMBlockDeletingService.java:call(131)) - Running DeletedBlockTransactionScanner
2022-10-11 12:50:33,879 [SCMBlockDeletingService#0] DEBUG block.SCMBlockDeletingService (SCMBlockDeletingService.java:call(131)) - Running DeletedBlockTransactionScanner
2022-10-11 12:50:33,979 [SCMBlockDeletingService#0] DEBUG block.SCMBlockDeletingService (SCMBlockDeletingService.java:call(131)) - Running DeletedBlockTransactionScanner
2022-10-11 12:50:34,079 [SCMBlockDeletingService#0] DEBUG block.SCMBlockDeletingService (SCMBlockDeletingService.java:call(131)) - Running DeletedBlockTransactionScanner
2022-10-11 12:50:34,179 [SCMBlockDeletingService#0] DEBUG block.SCMBlockDeletingService (SCMBlockDeletingService.java:call(131)) - Running DeletedBlockTransactionScanner
2022-10-11 12:50:34,279 [SCMBlockDeletingService#0] DEBUG block.SCMBlockDeletingService (SCMBlockDeletingService.java:call(131)) - Running DeletedBlockTransactionScanner
2022-10-11 12:50:34,584 [Listener at 127.0.0.1/44985] INFO  ozone.MiniOzoneClusterImpl (MiniOzoneClusterImpl.java:lambda$waitForClusterToBeReady$0(216)) - Waiting for nodes to be ready. Got 2 of 3 DN Heartbeats.
2022-10-11 12:50:34,584 [Listener at 127.0.0.1/44985] INFO  ozone.MiniOzoneClusterImpl (MiniOzoneClusterImpl.java:lambda$waitForClusterToBeReady$0(219)) - Cluster exits safe mode
2022-10-11 12:50:34,584 [Listener at 127.0.0.1/44985] INFO  ozone.MiniOzoneClusterImpl (MiniOzoneClusterImpl.java:lambda$waitForClusterToBeReady$0(221)) - SCM became leader
2022-10-11 12:50:34,585 [org.apache.ratis.util.JvmPauseMonitor$$Lambda$703/795293305@3acf1196] WARN  util.JvmPauseMonitor (JvmPauseMonitor.java:detectPause(124)) - JvmPauseMonitor-398056ab-e960-4ebd-a652-556788d1cc35: Detected pause in JVM or host machine (eg GC): pause of approximately 163102491ns.
GC pool 'PS MarkSweep' had collection(s): count=1 time=197ms
GC pool 'PS Scavenge' had collection(s): count=1 time=36ms
2022-10-11 12:50:34,595 [SCMBlockDeletingService#0] DEBUG block.SCMBlockDeletingService (SCMBlockDeletingService.java:call(131)) - Running DeletedBlockTransactionScanner
2022-10-11 12:50:34,695 [SCMBlockDeletingService#0] DEBUG block.SCMBlockDeletingService (SCMBlockDeletingService.java:call(131)) - Running DeletedBlockTransactionScanner
2022-10-11 12:50:34,795 [SCMBlockDeletingService#0] DEBUG block.SCMBlockDeletingService (SCMBlockDeletingService.java:call(131)) - Running DeletedBlockTransactionScanner
2022-10-11 12:50:34,895 [SCMBlockDeletingService#0] DEBUG block.SCMBlockDeletingService (SCMBlockDeletingService.java:call(131)) - Running DeletedBlockTransactionScanner
2022-10-11 12:50:34,995 [SCMBlockDeletingService#0] DEBUG block.SCMBlockDeletingService (SCMBlockDeletingService.java:call(131)) - Running DeletedBlockTransactionScanner
2022-10-11 12:50:35,095 [SCMBlockDeletingService#0] DEBUG block.SCMBlockDeletingService (SCMBlockDeletingService.java:call(131)) - Running DeletedBlockTransactionScanner
2022-10-11 12:50:35,196 [SCMBlockDeletingService#0] DEBUG block.SCMBlockDeletingService (SCMBlockDeletingService.java:call(131)) - Running DeletedBlockTransactionScanner
2022-10-11 12:50:35,296 [SCMBlockDeletingService#0] DEBUG block.SCMBlockDeletingService (SCMBlockDeletingService.java:call(131)) - Running DeletedBlockTransactionScanner
2022-10-11 12:50:35,396 [SCMBlockDeletingService#0] DEBUG block.SCMBlockDeletingService (SCMBlockDeletingService.java:call(131)) - Running DeletedBlockTransactionScanner
2022-10-11 12:50:35,496 [SCMBlockDeletingService#0] DEBUG block.SCMBlockDeletingService (SCMBlockDeletingService.java:call(131)) - Running DeletedBlockTransactionScanner
2022-10-11 12:50:35,585 [Listener at 127.0.0.1/44985] INFO  ozone.MiniOzoneClusterImpl (MiniOzoneClusterImpl.java:lambda$waitForClusterToBeReady$0(216)) - Waiting for nodes to be ready. Got 2 of 3 DN Heartbeats.
2022-10-11 12:50:35,585 [Listener at 127.0.0.1/44985] INFO  ozone.MiniOzoneClusterImpl (MiniOzoneClusterImpl.java:lambda$waitForClusterToBeReady$0(219)) - Cluster exits safe mode
2022-10-11 12:50:35,585 [Listener at 127.0.0.1/44985] INFO  ozone.MiniOzoneClusterImpl (MiniOzoneClusterImpl.java:lambda$waitForClusterToBeReady$0(221)) - SCM became leader
2022-10-11 12:50:35,596 [SCMBlockDeletingService#0] DEBUG block.SCMBlockDeletingService (SCMBlockDeletingService.java:call(131)) - Running DeletedBlockTransactionScanner
2022-10-11 12:50:35,696 [SCMBlockDeletingService#0] DEBUG block.SCMBlockDeletingService (SCMBlockDeletingService.java:call(131)) - Running DeletedBlockTransactionScanner
2022-10-11 12:50:35,796 [SCMBlockDeletingService#0] DEBUG block.SCMBlockDeletingService (SCMBlockDeletingService.java:call(131)) - Running DeletedBlockTransactionScanner
2022-10-11 12:50:35,896 [SCMBlockDeletingService#0] DEBUG block.SCMBlockDeletingService (SCMBlockDeletingService.java:call(131)) - Running DeletedBlockTransactionScanner
2022-10-11 12:50:35,996 [SCMBlockDeletingService#0] DEBUG block.SCMBlockDeletingService (SCMBlockDeletingService.java:call(131)) - Running DeletedBlockTransactionScanner
2022-10-11 12:50:36,096 [SCMBlockDeletingService#0] DEBUG block.SCMBlockDeletingService (SCMBlockDeletingService.java:call(131)) - Running DeletedBlockTransactionScanner
2022-10-11 12:50:36,197 [SCMBlockDeletingService#0] DEBUG block.SCMBlockDeletingService (SCMBlockDeletingService.java:call(131)) - Running DeletedBlockTransactionScanner
2022-10-11 12:50:36,297 [SCMBlockDeletingService#0] DEBUG block.SCMBlockDeletingService (SCMBlockDeletingService.java:call(131)) - Running DeletedBlockTransactionScanner
2022-10-11 12:50:36,397 [SCMBlockDeletingService#0] DEBUG block.SCMBlockDeletingService (SCMBlockDeletingService.java:call(131)) - Running DeletedBlockTransactionScanner
2022-10-11 12:50:36,497 [SCMBlockDeletingService#0] DEBUG block.SCMBlockDeletingService (SCMBlockDeletingService.java:call(131)) - Running DeletedBlockTransactionScanner
2022-10-11 12:50:36,585 [Listener at 127.0.0.1/44985] INFO  ozone.MiniOzoneClusterImpl (MiniOzoneClusterImpl.java:lambda$waitForClusterToBeReady$0(216)) - Waiting for nodes to be ready. Got 2 of 3 DN Heartbeats.
2022-10-11 12:50:36,586 [Listener at 127.0.0.1/44985] INFO  ozone.MiniOzoneClusterImpl (MiniOzoneClusterImpl.java:lambda$waitForClusterToBeReady$0(219)) - Cluster exits safe mode
2022-10-11 12:50:36,586 [Listener at 127.0.0.1/44985] INFO  ozone.MiniOzoneClusterImpl (MiniOzoneClusterImpl.java:lambda$waitForClusterToBeReady$0(221)) - SCM became leader
2022-10-11 12:50:36,590 [EventQueue-HealthyReadonlyNodeForHealthyReadOnlyNodeHandler] INFO  node.HealthyReadOnlyNodeHandler (HealthyReadOnlyNodeHandler.java:onMessage(56)) - Datanode d15f22e6-7d13-4df8-997b-1dbc14b1c401{ip: 10.1.1.98, host: fv-az570-546.srgqcr2moziuvm0qev4lajleyh.dx.internal.cloudapp.net, ports: [REPLICATION=43129, RATIS=39053, RATIS_ADMIN=39053, RATIS_SERVER=39053, STANDALONE=36949], networkLocation: /default-rack, certSerialId: null, persistedOpState: IN_SERVICE, persistedOpStateExpiryEpochSec: 0} moved to HEALTHY READONLY state.
2022-10-11 12:50:36,590 [EventQueue-HealthyReadonlyNodeForHealthyReadOnlyNodeHandler] INFO  node.HealthyReadOnlyNodeHandler (HealthyReadOnlyNodeHandler.java:onMessage(88)) - Sending close command for pipeline PipelineID=4f4812e9-8800-420a-9801-6843776d4dcd in state CLOSED which uses HEALTHY_READONLY datanode d15f22e6-7d13-4df8-997b-1dbc14b1c401. This will send close commands for its containers.
2022-10-11 12:50:36,597 [SCMBlockDeletingService#0] DEBUG block.SCMBlockDeletingService (SCMBlockDeletingService.java:call(131)) - Running DeletedBlockTransactionScanner
2022-10-11 12:50:36,690 [EventQueue-HealthyReadonlyToHealthyNodeForReadOnlyHealthyToHealthyNodeHandler] INFO  node.ReadOnlyHealthyToHealthyNodeHandler (ReadOnlyHealthyToHealthyNodeHandler.java:onMessage(51)) - Datanode d15f22e6-7d13-4df8-997b-1dbc14b1c401{ip: 10.1.1.98, host: fv-az570-546.srgqcr2moziuvm0qev4lajleyh.dx.internal.cloudapp.net, ports: [REPLICATION=43129, RATIS=39053, RATIS_ADMIN=39053, RATIS_SERVER=39053, STANDALONE=36949], networkLocation: /default-rack, certSerialId: null, persistedOpState: IN_SERVICE, persistedOpStateExpiryEpochSec: 0} moved to HEALTHY state.
2022-10-11 12:50:36,690 [EventQueue-HealthyReadonlyToHealthyNodeForReadOnlyHealthyToHealthyNodeHandler] INFO  pipeline.BackgroundPipelineCreator (BackgroundPipelineCreator.java:notifyEventTriggered(276)) - trigger a one-shot run on RatisPipelineUtilsThread.
2022-10-11 12:50:36,691 [RatisPipelineUtilsThread - 0] INFO  pipeline.RatisPipelineProvider (RatisPipelineProvider.java:lambda$create$0(195)) - Sending CreatePipelineCommand for pipeline:PipelineID=4b4af7ab-24f5-4277-97ca-d2d7521992be to datanode:398056ab-e960-4ebd-a652-556788d1cc35
2022-10-11 12:50:36,692 [RatisPipelineUtilsThread - 0] INFO  pipeline.RatisPipelineProvider (RatisPipelineProvider.java:lambda$create$0(195)) - Sending CreatePipelineCommand for pipeline:PipelineID=4b4af7ab-24f5-4277-97ca-d2d7521992be to datanode:a5f5a137-50fd-4e34-893e-bbf5e2017a41
2022-10-11 12:50:36,692 [RatisPipelineUtilsThread - 0] INFO  pipeline.RatisPipelineProvider (RatisPipelineProvider.java:lambda$create$0(195)) - Sending CreatePipelineCommand for pipeline:PipelineID=4b4af7ab-24f5-4277-97ca-d2d7521992be to datanode:d15f22e6-7d13-4df8-997b-1dbc14b1c401
2022-10-11 12:50:36,692 [RatisPipelineUtilsThread - 0] INFO  pipeline.PipelineStateManagerImpl (PipelineStateManagerImpl.java:addPipeline(103)) - Created pipeline Pipeline[ Id: 4b4af7ab-24f5-4277-97ca-d2d7521992be, Nodes: 398056ab-e960-4ebd-a652-556788d1cc35{ip: 10.1.1.98, host: fv-az570-546.srgqcr2moziuvm0qev4lajleyh.dx.internal.cloudapp.net, ports: [REPLICATION=40459, RATIS=37527, RATIS_ADMIN=37527, RATIS_SERVER=37527, STANDALONE=38655], networkLocation: /default-rack, certSerialId: null, persistedOpState: IN_SERVICE, persistedOpStateExpiryEpochSec: 0}a5f5a137-50fd-4e34-893e-bbf5e2017a41{ip: 10.1.1.98, host: fv-az570-546.srgqcr2moziuvm0qev4lajleyh.dx.internal.cloudapp.net, ports: [REPLICATION=40519, RATIS=36959, RATIS_ADMIN=36959, RATIS_SERVER=36959, STANDALONE=43037], networkLocation: /default-rack, certSerialId: null, persistedOpState: IN_SERVICE, persistedOpStateExpiryEpochSec: 0}d15f22e6-7d13-4df8-997b-1dbc14b1c401{ip: 10.1.1.98, host: fv-az570-546.srgqcr2moziuvm0qev4lajleyh.dx.internal.cloudapp.net, ports: [REPLICATION=43129, RATIS=39053, RATIS_ADMIN=39053, RATIS_SERVER=39053, STANDALONE=36949], networkLocation: /default-rack, certSerialId: null, persistedOpState: IN_SERVICE, persistedOpStateExpiryEpochSec: 0}, ReplicationConfig: RATIS/THREE, State:ALLOCATED, leaderId:, CreationTimestamp2022-10-11T12:50:36.691Z[Etc/UTC]].
2022-10-11 12:50:36,697 [SCMBlockDeletingService#0] DEBUG block.SCMBlockDeletingService (SCMBlockDeletingService.java:call(131)) - Running DeletedBlockTransactionScanner
2022-10-11 12:50:36,797 [SCMBlockDeletingService#0] DEBUG block.SCMBlockDeletingService (SCMBlockDeletingService.java:call(131)) - Running DeletedBlockTransactionScanner
2022-10-11 12:50:36,897 [SCMBlockDeletingService#0] DEBUG block.SCMBlockDeletingService (SCMBlockDeletingService.java:call(131)) - Running DeletedBlockTransactionScanner
2022-10-11 12:50:36,998 [SCMBlockDeletingService#0] DEBUG block.SCMBlockDeletingService (SCMBlockDeletingService.java:call(131)) - Running DeletedBlockTransactionScanner
2022-10-11 12:50:37,098 [SCMBlockDeletingService#0] DEBUG block.SCMBlockDeletingService (SCMBlockDeletingService.java:call(131)) - Running DeletedBlockTransactionScanner
2022-10-11 12:50:37,184 [Command processor thread] INFO  server.RaftServer (RaftServerProxy.java:addNew(96)) - 398056ab-e960-4ebd-a652-556788d1cc35: addNew group-D2D7521992BE:[398056ab-e960-4ebd-a652-556788d1cc35|rpc:10.1.1.98:37527|priority:0, d15f22e6-7d13-4df8-997b-1dbc14b1c401|rpc:10.1.1.98:39053|priority:0, a5f5a137-50fd-4e34-893e-bbf5e2017a41|rpc:10.1.1.98:36959|priority:1] returns group-D2D7521992BE:java.util.concurrent.CompletableFuture@25b7d3a6[Not completed]
2022-10-11 12:50:37,188 [pool-515-thread-1] INFO  server.RaftServer$Division (RaftServerImpl.java:<init>(190)) - 398056ab-e960-4ebd-a652-556788d1cc35: new RaftServerImpl for group-D2D7521992BE:[398056ab-e960-4ebd-a652-556788d1cc35|rpc:10.1.1.98:37527|priority:0, d15f22e6-7d13-4df8-997b-1dbc14b1c401|rpc:10.1.1.98:39053|priority:0, a5f5a137-50fd-4e34-893e-bbf5e2017a41|rpc:10.1.1.98:36959|priority:1] with ContainerStateMachine:uninitialized
2022-10-11 12:50:37,188 [pool-515-thread-1] INFO  server.RaftServerConfigKeys (ConfUtils.java:logGet(46)) - raft.server.rpc.timeout.min = 5s (custom)
2022-10-11 12:50:37,188 [pool-515-thread-1] INFO  server.RaftServerConfigKeys (ConfUtils.java:logGet(46)) - raft.server.rpc.timeout.max = 5200ms (custom)
2022-10-11 12:50:37,188 [pool-515-thread-1] INFO  server.RaftServerConfigKeys (ConfUtils.java:logGet(46)) - raft.server.rpc.sleep.time = 25ms (default)
2022-10-11 12:50:37,188 [pool-515-thread-1] INFO  server.RaftServerConfigKeys (ConfUtils.java:logGet(46)) - raft.server.rpc.slowness.timeout = 300s (custom)
2022-10-11 12:50:37,188 [pool-515-thread-1] INFO  server.RaftServerConfigKeys (ConfUtils.java:logGet(46)) - raft.server.leaderelection.leader.step-down.wait-time = 10s (default)
2022-10-11 12:50:37,188 [pool-515-thread-1] INFO  server.RaftServerConfigKeys (ConfUtils.java:logGet(46)) - raft.server.sleep.deviation.threshold = 300ms (default)
2022-10-11 12:50:37,188 [pool-515-thread-1] INFO  server.RaftServer$Division (ServerState.java:<init>(107)) - 398056ab-e960-4ebd-a652-556788d1cc35@group-D2D7521992BE: ConfigurationManager, init=-1: [398056ab-e960-4ebd-a652-556788d1cc35|rpc:10.1.1.98:37527|priority:0, d15f22e6-7d13-4df8-997b-1dbc14b1c401|rpc:10.1.1.98:39053|priority:0, a5f5a137-50fd-4e34-893e-bbf5e2017a41|rpc:10.1.1.98:36959|priority:1], old=null, confs=<EMPTY_MAP>
2022-10-11 12:50:37,188 [pool-515-thread-1] INFO  server.RaftServerConfigKeys (ConfUtils.java:logGet(46)) - raft.server.storage.dir = [/home/runner/work/ozone/ozone/hadoop-ozone/integration-test/target/test-dir/MiniOzoneClusterImpl-db539a0e-d368-4ad2-95d9-5fcc718fd6eb/datanode-1/data/ratis] (custom)
2022-10-11 12:50:37,189 [pool-515-thread-1] INFO  server.RaftServerConfigKeys (ConfUtils.java:logGet(46)) - raft.server.log.corruption.policy = EXCEPTION (default)
2022-10-11 12:50:37,189 [pool-515-thread-1] INFO  server.RaftServerConfigKeys (ConfUtils.java:logGet(46)) - raft.server.storage.free-space.min = 0MB (=0) (default)
2022-10-11 12:50:37,189 [pool-515-thread-1] INFO  storage.RaftStorageDirectory (RaftStorageDirectoryImpl.java:analyzeStorage(135)) - The storage directory /home/runner/work/ozone/ozone/hadoop-ozone/integration-test/target/test-dir/MiniOzoneClusterImpl-db539a0e-d368-4ad2-95d9-5fcc718fd6eb/datanode-1/data/ratis/4b4af7ab-24f5-4277-97ca-d2d7521992be does not exist. Creating ...
2022-10-11 12:50:37,190 [pool-515-thread-1] INFO  storage.RaftStorageDirectory (RaftStorageDirectoryImpl.java:tryLock(230)) - Lock on /home/runner/work/ozone/ozone/hadoop-ozone/integration-test/target/test-dir/MiniOzoneClusterImpl-db539a0e-d368-4ad2-95d9-5fcc718fd6eb/datanode-1/data/ratis/4b4af7ab-24f5-4277-97ca-d2d7521992be/in_use.lock acquired by nodename 36499@fv-az570-546
2022-10-11 12:50:37,192 [pool-515-thread-1] INFO  storage.RaftStorage (RaftStorageImpl.java:format(89)) - Storage directory /home/runner/work/ozone/ozone/hadoop-ozone/integration-test/target/test-dir/MiniOzoneClusterImpl-db539a0e-d368-4ad2-95d9-5fcc718fd6eb/datanode-1/data/ratis/4b4af7ab-24f5-4277-97ca-d2d7521992be has been successfully formatted.
2022-10-11 12:50:37,193 [pool-515-thread-1] INFO  ratis.ContainerStateMachine (ContainerStateMachine.java:loadSnapshot(236)) - group-D2D7521992BE: The snapshot info is null. Setting the last applied indexto:(t:0, i:~)
2022-10-11 12:50:37,193 [pool-515-thread-1] INFO  server.RaftServerConfigKeys (ConfUtils.java:logGet(46)) - raft.server.notification.no-leader.timeout = 300s (custom)
2022-10-11 12:50:37,193 [pool-515-thread-1] INFO  server.RaftServerConfigKeys (ConfUtils.java:logGet(46)) - raft.server.log.use.memory = false (default)
2022-10-11 12:50:37,193 [pool-515-thread-1] INFO  server.RaftServerConfigKeys (ConfUtils.java:logGet(46)) - raft.server.log.purge.gap = 1000000 (custom)
2022-10-11 12:50:37,193 [pool-515-thread-1] INFO  server.RaftServerConfigKeys (ConfUtils.java:logGet(46)) - raft.server.log.appender.buffer.byte-limit = 33554432 (custom)
2022-10-11 12:50:37,194 [pool-515-thread-1] INFO  server.RaftServerConfigKeys (ConfUtils.java:logGet(46)) - raft.server.log.statemachine.data.read.timeout = 1000ms (default)
2022-10-11 12:50:37,194 [pool-515-thread-1] INFO  server.RaftServerConfigKeys (ConfUtils.java:logGet(46)) - raft.server.log.segment.size.max = 1048576 (custom)
2022-10-11 12:50:37,195 [pool-515-thread-1] INFO  server.RaftServerConfigKeys (ConfUtils.java:logGet(46)) - raft.server.log.segment.cache.num.max = 2 (custom)
2022-10-11 12:50:37,195 [pool-515-thread-1] INFO  server.RaftServerConfigKeys (ConfUtils.java:logGet(46)) - raft.server.log.segment.cache.size.max = 200MB (=209715200) (default)
2022-10-11 12:50:37,195 [pool-515-thread-1] INFO  segmented.SegmentedRaftLogWorker (SegmentedRaftLogWorker.java:<init>(187)) - new 398056ab-e960-4ebd-a652-556788d1cc35@group-D2D7521992BE-SegmentedRaftLogWorker for RaftStorageImpl:Storage Directory /home/runner/work/ozone/ozone/hadoop-ozone/integration-test/target/test-dir/MiniOzoneClusterImpl-db539a0e-d368-4ad2-95d9-5fcc718fd6eb/datanode-1/data/ratis/4b4af7ab-24f5-4277-97ca-d2d7521992be
2022-10-11 12:50:37,195 [pool-515-thread-1] INFO  server.RaftServerConfigKeys (ConfUtils.java:logGet(46)) - raft.server.log.queue.byte-limit = 4294967296 (custom)
2022-10-11 12:50:37,195 [pool-515-thread-1] INFO  server.RaftServerConfigKeys (ConfUtils.java:logGet(46)) - raft.server.log.queue.element-limit = 1024 (custom)
2022-10-11 12:50:37,195 [pool-515-thread-1] INFO  server.RaftServerConfigKeys (ConfUtils.java:logGet(46)) - raft.server.log.segment.size.max = 1048576 (custom)
2022-10-11 12:50:37,195 [pool-515-thread-1] INFO  server.RaftServerConfigKeys (ConfUtils.java:logGet(46)) - raft.server.log.preallocated.size = 16384 (custom)
2022-10-11 12:50:37,195 [pool-515-thread-1] INFO  server.RaftServerConfigKeys (ConfUtils.java:logGet(46)) - raft.server.log.force.sync.num = 128 (default)
2022-10-11 12:50:37,195 [pool-515-thread-1] INFO  server.RaftServerConfigKeys (ConfUtils.java:logGet(46)) - raft.server.log.statemachine.data.sync = true (default)
2022-10-11 12:50:37,195 [pool-515-thread-1] INFO  server.RaftServerConfigKeys (ConfUtils.java:logGet(46)) - raft.server.log.statemachine.data.sync.timeout = 10s (default)
2022-10-11 12:50:37,195 [pool-515-thread-1] INFO  server.RaftServerConfigKeys (ConfUtils.java:logGet(46)) - raft.server.log.statemachine.data.sync.timeout.retry = -1 (default)
2022-10-11 12:50:37,196 [pool-515-thread-1] INFO  server.RaftServerConfigKeys (ConfUtils.java:logGet(46)) - raft.server.log.write.buffer.size = 1048576 (custom)
2022-10-11 12:50:37,197 [pool-515-thread-1] INFO  server.RaftServerConfigKeys (ConfUtils.java:logGet(46)) - raft.server.log.unsafe-flush.enabled = false (default)
2022-10-11 12:50:37,197 [pool-515-thread-1] INFO  server.RaftServerConfigKeys (ConfUtils.java:logGet(46)) - raft.server.log.statemachine.data.caching.enabled = true (custom)
2022-10-11 12:50:37,197 [pool-515-thread-1] INFO  segmented.SegmentedRaftLogWorker (SegmentedRaftLogWorker.java:lambda$new$0(135)) - 398056ab-e960-4ebd-a652-556788d1cc35@group-D2D7521992BE-SegmentedRaftLogWorker: flushIndex: setUnconditionally 0 -> -1
2022-10-11 12:50:37,197 [pool-515-thread-1] INFO  segmented.SegmentedRaftLogWorker (SegmentedRaftLogWorker.java:lambda$new$0(135)) - 398056ab-e960-4ebd-a652-556788d1cc35@group-D2D7521992BE-SegmentedRaftLogWorker: safeCacheEvictIndex: setUnconditionally 0 -> -1
2022-10-11 12:50:37,197 [pool-515-thread-1] INFO  server.RaftServerConfigKeys (ConfUtils.java:logGet(46)) - raft.server.snapshot.auto.trigger.enabled = true (custom)
2022-10-11 12:50:37,197 [pool-515-thread-1] INFO  server.RaftServerConfigKeys (ConfUtils.java:logGet(46)) - raft.server.snapshot.auto.trigger.threshold = 10000 (custom)
2022-10-11 12:50:37,197 [pool-515-thread-1] INFO  server.RaftServerConfigKeys (ConfUtils.java:logGet(46)) - raft.server.snapshot.retention.file.num = 5 (custom)
2022-10-11 12:50:37,197 [pool-515-thread-1] INFO  server.RaftServerConfigKeys (ConfUtils.java:logGet(46)) - raft.server.log.purge.upto.snapshot.index = false (default)
2022-10-11 12:50:37,197 [pool-515-thread-1] INFO  server.RaftServerConfigKeys (ConfUtils.java:logGet(46)) - raft.server.retrycache.expirytime = 600000ms (custom)
2022-10-11 12:50:37,198 [pool-515-thread-1] INFO  server.RaftServerConfigKeys (ConfUtils.java:logGet(46)) - raft.server.retrycache.statistics.expirytime = 100μs (default)
2022-10-11 12:50:37,199 [pool-515-thread-1] INFO  server.RaftServerConfigKeys (ConfUtils.java:logGet(46)) - raft.server.log.appender.install.snapshot.enabled = false (custom)
2022-10-11 12:50:37,199 [pool-515-thread-1] INFO  server.RaftServerConfigKeys (ConfUtils.java:logGet(46)) - raft.server.threadpool.server.cached = true (default)
2022-10-11 12:50:37,199 [pool-515-thread-1] INFO  server.RaftServerConfigKeys (ConfUtils.java:logGet(46)) - raft.server.threadpool.server.size = 0 (default)
2022-10-11 12:50:37,200 [pool-515-thread-1] INFO  server.RaftServerConfigKeys (ConfUtils.java:logGet(46)) - raft.server.threadpool.client.cached = true (default)
2022-10-11 12:50:37,200 [pool-515-thread-1] INFO  server.RaftServerConfigKeys (ConfUtils.java:logGet(46)) - raft.server.threadpool.client.size = 0 (default)
2022-10-11 12:50:37,200 [pool-515-thread-1] INFO  server.RaftServer$Division (RaftServerImpl.java:start(310)) - 398056ab-e960-4ebd-a652-556788d1cc35@group-D2D7521992BE: start as a follower, conf=-1: [398056ab-e960-4ebd-a652-556788d1cc35|rpc:10.1.1.98:37527|priority:0, d15f22e6-7d13-4df8-997b-1dbc14b1c401|rpc:10.1.1.98:39053|priority:0, a5f5a137-50fd-4e34-893e-bbf5e2017a41|rpc:10.1.1.98:36959|priority:1], old=null
2022-10-11 12:50:37,200 [pool-515-thread-1] INFO  server.RaftServer$Division (RaftServerImpl.java:setRole(299)) - 398056ab-e960-4ebd-a652-556788d1cc35@group-D2D7521992BE: changes role from      null to FOLLOWER at term 0 for startAsFollower
2022-10-11 12:50:37,200 [pool-515-thread-1] INFO  impl.RoleInfo (RoleInfo.java:updateAndGet(139)) - 398056ab-e960-4ebd-a652-556788d1cc35: start 398056ab-e960-4ebd-a652-556788d1cc35@group-D2D7521992BE-FollowerState
2022-10-11 12:50:37,200 [SCMBlockDeletingService#0] DEBUG block.SCMBlockDeletingService (SCMBlockDeletingService.java:call(131)) - Running DeletedBlockTransactionScanner
2022-10-11 12:50:37,200 [pool-515-thread-1] INFO  util.JmxRegister (JmxRegister.java:tryRegister(44)) - Successfully registered JMX Bean with object name Ratis:service=RaftServer,group=group-D2D7521992BE,id=398056ab-e960-4ebd-a652-556788d1cc35
2022-10-11 12:50:37,201 [Command processor thread] INFO  ratis.XceiverServerRatis (XceiverServerRatis.java:addGroup(765)) - Created group PipelineID=4b4af7ab-24f5-4277-97ca-d2d7521992be
2022-10-11 12:50:37,213 [grpc-default-executor-3] INFO  server.RaftServer (RaftServerProxy.java:addNew(96)) - a5f5a137-50fd-4e34-893e-bbf5e2017a41: addNew group-D2D7521992BE:[398056ab-e960-4ebd-a652-556788d1cc35|rpc:10.1.1.98:37527|dataStream:|priority:0, d15f22e6-7d13-4df8-997b-1dbc14b1c401|rpc:10.1.1.98:39053|dataStream:|priority:0, a5f5a137-50fd-4e34-893e-bbf5e2017a41|rpc:10.1.1.98:36959|dataStream:|priority:1] returns group-D2D7521992BE:java.util.concurrent.CompletableFuture@292b9a97[Not completed]
2022-10-11 12:50:37,214 [pool-538-thread-1] INFO  server.RaftServer$Division (RaftServerImpl.java:<init>(190)) - a5f5a137-50fd-4e34-893e-bbf5e2017a41: new RaftServerImpl for group-D2D7521992BE:[398056ab-e960-4ebd-a652-556788d1cc35|rpc:10.1.1.98:37527|dataStream:|priority:0, d15f22e6-7d13-4df8-997b-1dbc14b1c401|rpc:10.1.1.98:39053|dataStream:|priority:0, a5f5a137-50fd-4e34-893e-bbf5e2017a41|rpc:10.1.1.98:36959|dataStream:|priority:1] with ContainerStateMachine:uninitialized
2022-10-11 12:50:37,214 [pool-538-thread-1] INFO  server.RaftServerConfigKeys (ConfUtils.java:logGet(46)) - raft.server.rpc.timeout.min = 5s (custom)
2022-10-11 12:50:37,214 [pool-538-thread-1] INFO  server.RaftServerConfigKeys (ConfUtils.java:logGet(46)) - raft.server.rpc.timeout.max = 5200ms (custom)
2022-10-11 12:50:37,214 [pool-538-thread-1] INFO  server.RaftServerConfigKeys (ConfUtils.java:logGet(46)) - raft.server.rpc.sleep.time = 25ms (default)
2022-10-11 12:50:37,214 [pool-538-thread-1] INFO  server.RaftServerConfigKeys (ConfUtils.java:logGet(46)) - raft.server.rpc.slowness.timeout = 300s (custom)
2022-10-11 12:50:37,214 [pool-538-thread-1] INFO  server.RaftServerConfigKeys (ConfUtils.java:logGet(46)) - raft.server.leaderelection.leader.step-down.wait-time = 10s (default)
2022-10-11 12:50:37,214 [pool-538-thread-1] INFO  server.RaftServerConfigKeys (ConfUtils.java:logGet(46)) - raft.server.sleep.deviation.threshold = 300ms (default)
2022-10-11 12:50:37,214 [pool-538-thread-1] INFO  server.RaftServer$Division (ServerState.java:<init>(107)) - a5f5a137-50fd-4e34-893e-bbf5e2017a41@group-D2D7521992BE: ConfigurationManager, init=-1: [398056ab-e960-4ebd-a652-556788d1cc35|rpc:10.1.1.98:37527|dataStream:|priority:0, d15f22e6-7d13-4df8-997b-1dbc14b1c401|rpc:10.1.1.98:39053|dataStream:|priority:0, a5f5a137-50fd-4e34-893e-bbf5e2017a41|rpc:10.1.1.98:36959|dataStream:|priority:1], old=null, confs=<EMPTY_MAP>
2022-10-11 12:50:37,214 [pool-538-thread-1] INFO  server.RaftServerConfigKeys (ConfUtils.java:logGet(46)) - raft.server.storage.dir = [/home/runner/work/ozone/ozone/hadoop-ozone/integration-test/target/test-dir/MiniOzoneClusterImpl-db539a0e-d368-4ad2-95d9-5fcc718fd6eb/datanode-2/data/ratis] (custom)
2022-10-11 12:50:37,214 [pool-538-thread-1] INFO  server.RaftServerConfigKeys (ConfUtils.java:logGet(46)) - raft.server.log.corruption.policy = EXCEPTION (default)
2022-10-11 12:50:37,214 [pool-538-thread-1] INFO  server.RaftServerConfigKeys (ConfUtils.java:logGet(46)) - raft.server.storage.free-space.min = 0MB (=0) (default)
2022-10-11 12:50:37,215 [pool-538-thread-1] INFO  storage.RaftStorageDirectory (RaftStorageDirectoryImpl.java:analyzeStorage(135)) - The storage directory /home/runner/work/ozone/ozone/hadoop-ozone/integration-test/target/test-dir/MiniOzoneClusterImpl-db539a0e-d368-4ad2-95d9-5fcc718fd6eb/datanode-2/data/ratis/4b4af7ab-24f5-4277-97ca-d2d7521992be does not exist. Creating ...
2022-10-11 12:50:37,216 [pool-538-thread-1] INFO  storage.RaftStorageDirectory (RaftStorageDirectoryImpl.java:tryLock(230)) - Lock on /home/runner/work/ozone/ozone/hadoop-ozone/integration-test/target/test-dir/MiniOzoneClusterImpl-db539a0e-d368-4ad2-95d9-5fcc718fd6eb/datanode-2/data/ratis/4b4af7ab-24f5-4277-97ca-d2d7521992be/in_use.lock acquired by nodename 36499@fv-az570-546
2022-10-11 12:50:37,217 [pool-538-thread-1] INFO  storage.RaftStorage (RaftStorageImpl.java:format(89)) - Storage directory /home/runner/work/ozone/ozone/hadoop-ozone/integration-test/target/test-dir/MiniOzoneClusterImpl-db539a0e-d368-4ad2-95d9-5fcc718fd6eb/datanode-2/data/ratis/4b4af7ab-24f5-4277-97ca-d2d7521992be has been successfully formatted.
2022-10-11 12:50:37,218 [pool-538-thread-1] INFO  ratis.ContainerStateMachine (ContainerStateMachine.java:loadSnapshot(236)) - group-D2D7521992BE: The snapshot info is null. Setting the last applied indexto:(t:0, i:~)
2022-10-11 12:50:37,218 [pool-538-thread-1] INFO  server.RaftServerConfigKeys (ConfUtils.java:logGet(46)) - raft.server.notification.no-leader.timeout = 300s (custom)
2022-10-11 12:50:37,218 [pool-538-thread-1] INFO  server.RaftServerConfigKeys (ConfUtils.java:logGet(46)) - raft.server.log.use.memory = false (default)
2022-10-11 12:50:37,218 [pool-538-thread-1] INFO  server.RaftServerConfigKeys (ConfUtils.java:logGet(46)) - raft.server.log.purge.gap = 1000000 (custom)
2022-10-11 12:50:37,219 [pool-538-thread-1] INFO  server.RaftServerConfigKeys (ConfUtils.java:logGet(46)) - raft.server.log.appender.buffer.byte-limit = 33554432 (custom)
2022-10-11 12:50:37,219 [pool-538-thread-1] INFO  server.RaftServerConfigKeys (ConfUtils.java:logGet(46)) - raft.server.log.statemachine.data.read.timeout = 1000ms (default)
2022-10-11 12:50:37,222 [pool-538-thread-1] INFO  server.RaftServerConfigKeys (ConfUtils.java:logGet(46)) - raft.server.log.segment.size.max = 1048576 (custom)
2022-10-11 12:50:37,223 [pool-538-thread-1] INFO  server.RaftServerConfigKeys (ConfUtils.java:logGet(46)) - raft.server.log.segment.cache.num.max = 2 (custom)
2022-10-11 12:50:37,223 [pool-538-thread-1] INFO  server.RaftServerConfigKeys (ConfUtils.java:logGet(46)) - raft.server.log.segment.cache.size.max = 200MB (=209715200) (default)
2022-10-11 12:50:37,223 [pool-538-thread-1] INFO  segmented.SegmentedRaftLogWorker (SegmentedRaftLogWorker.java:<init>(187)) - new a5f5a137-50fd-4e34-893e-bbf5e2017a41@group-D2D7521992BE-SegmentedRaftLogWorker for RaftStorageImpl:Storage Directory /home/runner/work/ozone/ozone/hadoop-ozone/integration-test/target/test-dir/MiniOzoneClusterImpl-db539a0e-d368-4ad2-95d9-5fcc718fd6eb/datanode-2/data/ratis/4b4af7ab-24f5-4277-97ca-d2d7521992be
2022-10-11 12:50:37,223 [pool-538-thread-1] INFO  server.RaftServerConfigKeys (ConfUtils.java:logGet(46)) - raft.server.log.queue.byte-limit = 4294967296 (custom)
2022-10-11 12:50:37,223 [pool-538-thread-1] INFO  server.RaftServerConfigKeys (ConfUtils.java:logGet(46)) - raft.server.log.queue.element-limit = 1024 (custom)
2022-10-11 12:50:37,223 [pool-538-thread-1] INFO  server.RaftServerConfigKeys (ConfUtils.java:logGet(46)) - raft.server.log.segment.size.max = 1048576 (custom)
2022-10-11 12:50:37,223 [pool-538-thread-1] INFO  server.RaftServerConfigKeys (ConfUtils.java:logGet(46)) - raft.server.log.preallocated.size = 16384 (custom)
2022-10-11 12:50:37,223 [pool-538-thread-1] INFO  server.RaftServerConfigKeys (ConfUtils.java:logGet(46)) - raft.server.log.force.sync.num = 128 (default)
2022-10-11 12:50:37,223 [pool-538-thread-1] INFO  server.RaftServerConfigKeys (ConfUtils.java:logGet(46)) - raft.server.log.statemachine.data.sync = true (default)
2022-10-11 12:50:37,223 [pool-538-thread-1] INFO  server.RaftServerConfigKeys (ConfUtils.java:logGet(46)) - raft.server.log.statemachine.data.sync.timeout = 10s (default)
2022-10-11 12:50:37,223 [pool-538-thread-1] INFO  server.RaftServerConfigKeys (ConfUtils.java:logGet(46)) - raft.server.log.statemachine.data.sync.timeout.retry = -1 (default)
2022-10-11 12:50:37,224 [pool-538-thread-1] INFO  server.RaftServerConfigKeys (ConfUtils.java:logGet(46)) - raft.server.log.write.buffer.size = 1048576 (custom)
2022-10-11 12:50:37,225 [pool-538-thread-1] INFO  server.RaftServerConfigKeys (ConfUtils.java:logGet(46)) - raft.server.log.unsafe-flush.enabled = false (default)
2022-10-11 12:50:37,225 [pool-538-thread-1] INFO  server.RaftServerConfigKeys (ConfUtils.java:logGet(46)) - raft.server.log.statemachine.data.caching.enabled = true (custom)
2022-10-11 12:50:37,225 [pool-538-thread-1] INFO  segmented.SegmentedRaftLogWorker (SegmentedRaftLogWorker.java:lambda$new$0(135)) - a5f5a137-50fd-4e34-893e-bbf5e2017a41@group-D2D7521992BE-SegmentedRaftLogWorker: flushIndex: setUnconditionally 0 -> -1
2022-10-11 12:50:37,225 [pool-538-thread-1] INFO  segmented.SegmentedRaftLogWorker (SegmentedRaftLogWorker.java:lambda$new$0(135)) - a5f5a137-50fd-4e34-893e-bbf5e2017a41@group-D2D7521992BE-SegmentedRaftLogWorker: safeCacheEvictIndex: setUnconditionally 0 -> -1
2022-10-11 12:50:37,227 [pool-538-thread-1] INFO  server.RaftServerConfigKeys (ConfUtils.java:logGet(46)) - raft.server.snapshot.auto.trigger.enabled = true (custom)
2022-10-11 12:50:37,227 [pool-538-thread-1] INFO  server.RaftServerConfigKeys (ConfUtils.java:logGet(46)) - raft.server.snapshot.auto.trigger.threshold = 10000 (custom)
2022-10-11 12:50:37,227 [pool-538-thread-1] INFO  server.RaftServerConfigKeys (ConfUtils.java:logGet(46)) - raft.server.snapshot.retention.file.num = 5 (custom)
2022-10-11 12:50:37,227 [pool-538-thread-1] INFO  server.RaftServerConfigKeys (ConfUtils.java:logGet(46)) - raft.server.log.purge.upto.snapshot.index = false (default)
2022-10-11 12:50:37,227 [pool-538-thread-1] INFO  server.RaftServerConfigKeys (ConfUtils.java:logGet(46)) - raft.server.retrycache.expirytime = 600000ms (custom)
2022-10-11 12:50:37,227 [pool-538-thread-1] INFO  server.RaftServerConfigKeys (ConfUtils.java:logGet(46)) - raft.server.retrycache.statistics.expirytime = 100μs (default)
2022-10-11 12:50:37,229 [pool-538-thread-1] INFO  server.RaftServerConfigKeys (ConfUtils.java:logGet(46)) - raft.server.log.appender.install.snapshot.enabled = false (custom)
2022-10-11 12:50:37,229 [pool-538-thread-1] INFO  server.RaftServerConfigKeys (ConfUtils.java:logGet(46)) - raft.server.threadpool.server.cached = true (default)
2022-10-11 12:50:37,229 [pool-538-thread-1] INFO  server.RaftServerConfigKeys (ConfUtils.java:logGet(46)) - raft.server.threadpool.server.size = 0 (default)
2022-10-11 12:50:37,229 [pool-538-thread-1] INFO  server.RaftServerConfigKeys (ConfUtils.java:logGet(46)) - raft.server.threadpool.client.cached = true (default)
2022-10-11 12:50:37,229 [pool-538-thread-1] INFO  server.RaftServerConfigKeys (ConfUtils.java:logGet(46)) - raft.server.threadpool.client.size = 0 (default)
2022-10-11 12:50:37,229 [pool-538-thread-1] INFO  server.RaftServer$Division (RaftServerImpl.java:start(310)) - a5f5a137-50fd-4e34-893e-bbf5e2017a41@group-D2D7521992BE: start as a follower, conf=-1: [398056ab-e960-4ebd-a652-556788d1cc35|rpc:10.1.1.98:37527|dataStream:|priority:0, d15f22e6-7d13-4df8-997b-1dbc14b1c401|rpc:10.1.1.98:39053|dataStream:|priority:0, a5f5a137-50fd-4e34-893e-bbf5e2017a41|rpc:10.1.1.98:36959|dataStream:|priority:1], old=null
2022-10-11 12:50:37,229 [pool-538-thread-1] INFO  server.RaftServer$Division (RaftServerImpl.java:setRole(299)) - a5f5a137-50fd-4e34-893e-bbf5e2017a41@group-D2D7521992BE: changes role from      null to FOLLOWER at term 0 for startAsFollower
2022-10-11 12:50:37,229 [pool-538-thread-1] INFO  impl.RoleInfo (RoleInfo.java:updateAndGet(139)) - a5f5a137-50fd-4e34-893e-bbf5e2017a41: start a5f5a137-50fd-4e34-893e-bbf5e2017a41@group-D2D7521992BE-FollowerState
2022-10-11 12:50:37,230 [pool-538-thread-1] INFO  util.JmxRegister (JmxRegister.java:tryRegister(44)) - Successfully registered JMX Bean with object name Ratis:service=RaftServer,group=group-D2D7521992BE,id=a5f5a137-50fd-4e34-893e-bbf5e2017a41
2022-10-11 12:50:37,260 [grpc-default-executor-3] INFO  server.RaftServer (RaftServerProxy.java:addNew(96)) - d15f22e6-7d13-4df8-997b-1dbc14b1c401: addNew group-D2D7521992BE:[398056ab-e960-4ebd-a652-556788d1cc35|rpc:10.1.1.98:37527|dataStream:|priority:0, d15f22e6-7d13-4df8-997b-1dbc14b1c401|rpc:10.1.1.98:39053|dataStream:|priority:0, a5f5a137-50fd-4e34-893e-bbf5e2017a41|rpc:10.1.1.98:36959|dataStream:|priority:1] returns group-D2D7521992BE:java.util.concurrent.CompletableFuture@48cf8e77[Not completed]
2022-10-11 12:50:37,262 [pool-678-thread-1] INFO  server.RaftServer$Division (RaftServerImpl.java:<init>(190)) - d15f22e6-7d13-4df8-997b-1dbc14b1c401: new RaftServerImpl for group-D2D7521992BE:[398056ab-e960-4ebd-a652-556788d1cc35|rpc:10.1.1.98:37527|dataStream:|priority:0, d15f22e6-7d13-4df8-997b-1dbc14b1c401|rpc:10.1.1.98:39053|dataStream:|priority:0, a5f5a137-50fd-4e34-893e-bbf5e2017a41|rpc:10.1.1.98:36959|dataStream:|priority:1] with ContainerStateMachine:uninitialized
2022-10-11 12:50:37,262 [pool-678-thread-1] INFO  server.RaftServerConfigKeys (ConfUtils.java:logGet(46)) - raft.server.rpc.timeout.min = 5s (custom)
2022-10-11 12:50:37,262 [pool-678-thread-1] INFO  server.RaftServerConfigKeys (ConfUtils.java:logGet(46)) - raft.server.rpc.timeout.max = 5200ms (custom)
2022-10-11 12:50:37,262 [pool-678-thread-1] INFO  server.RaftServerConfigKeys (ConfUtils.java:logGet(46)) - raft.server.rpc.sleep.time = 25ms (default)
2022-10-11 12:50:37,262 [pool-678-thread-1] INFO  server.RaftServerConfigKeys (ConfUtils.java:logGet(46)) - raft.server.rpc.slowness.timeout = 300s (custom)
2022-10-11 12:50:37,262 [pool-678-thread-1] INFO  server.RaftServerConfigKeys (ConfUtils.java:logGet(46)) - raft.server.leaderelection.leader.step-down.wait-time = 10s (default)
2022-10-11 12:50:37,262 [pool-678-thread-1] INFO  server.RaftServerConfigKeys (ConfUtils.java:logGet(46)) - raft.server.sleep.deviation.threshold = 300ms (default)
2022-10-11 12:50:37,262 [pool-678-thread-1] INFO  server.RaftServer$Division (ServerState.java:<init>(107)) - d15f22e6-7d13-4df8-997b-1dbc14b1c401@group-D2D7521992BE: ConfigurationManager, init=-1: [398056ab-e960-4ebd-a652-556788d1cc35|rpc:10.1.1.98:37527|dataStream:|priority:0, d15f22e6-7d13-4df8-997b-1dbc14b1c401|rpc:10.1.1.98:39053|dataStream:|priority:0, a5f5a137-50fd-4e34-893e-bbf5e2017a41|rpc:10.1.1.98:36959|dataStream:|priority:1], old=null, confs=<EMPTY_MAP>
2022-10-11 12:50:37,262 [pool-678-thread-1] INFO  server.RaftServerConfigKeys (ConfUtils.java:logGet(46)) - raft.server.storage.dir = [/home/runner/work/ozone/ozone/hadoop-ozone/integration-test/target/test-dir/MiniOzoneClusterImpl-db539a0e-d368-4ad2-95d9-5fcc718fd6eb/datanode-0/data/ratis] (custom)
2022-10-11 12:50:37,262 [pool-678-thread-1] INFO  server.RaftServerConfigKeys (ConfUtils.java:logGet(46)) - raft.server.log.corruption.policy = EXCEPTION (default)
2022-10-11 12:50:37,262 [pool-678-thread-1] INFO  server.RaftServerConfigKeys (ConfUtils.java:logGet(46)) - raft.server.storage.free-space.min = 0MB (=0) (default)
2022-10-11 12:50:37,263 [pool-678-thread-1] INFO  storage.RaftStorageDirectory (RaftStorageDirectoryImpl.java:analyzeStorage(135)) - The storage directory /home/runner/work/ozone/ozone/hadoop-ozone/integration-test/target/test-dir/MiniOzoneClusterImpl-db539a0e-d368-4ad2-95d9-5fcc718fd6eb/datanode-0/data/ratis/4b4af7ab-24f5-4277-97ca-d2d7521992be does not exist. Creating ...
2022-10-11 12:50:37,266 [pool-678-thread-1] INFO  storage.RaftStorageDirectory (RaftStorageDirectoryImpl.java:tryLock(230)) - Lock on /home/runner/work/ozone/ozone/hadoop-ozone/integration-test/target/test-dir/MiniOzoneClusterImpl-db539a0e-d368-4ad2-95d9-5fcc718fd6eb/datanode-0/data/ratis/4b4af7ab-24f5-4277-97ca-d2d7521992be/in_use.lock acquired by nodename 36499@fv-az570-546
2022-10-11 12:50:37,268 [pool-678-thread-1] INFO  storage.RaftStorage (RaftStorageImpl.java:format(89)) - Storage directory /home/runner/work/ozone/ozone/hadoop-ozone/integration-test/target/test-dir/MiniOzoneClusterImpl-db539a0e-d368-4ad2-95d9-5fcc718fd6eb/datanode-0/data/ratis/4b4af7ab-24f5-4277-97ca-d2d7521992be has been successfully formatted.
2022-10-11 12:50:37,268 [pool-678-thread-1] INFO  ratis.ContainerStateMachine (ContainerStateMachine.java:loadSnapshot(236)) - group-D2D7521992BE: The snapshot info is null. Setting the last applied indexto:(t:0, i:~)
2022-10-11 12:50:37,268 [pool-678-thread-1] INFO  server.RaftServerConfigKeys (ConfUtils.java:logGet(46)) - raft.server.notification.no-leader.timeout = 300s (custom)
2022-10-11 12:50:37,268 [pool-678-thread-1] INFO  server.RaftServerConfigKeys (ConfUtils.java:logGet(46)) - raft.server.log.use.memory = false (default)
2022-10-11 12:50:37,269 [pool-678-thread-1] INFO  server.RaftServerConfigKeys (ConfUtils.java:logGet(46)) - raft.server.log.purge.gap = 1000000 (custom)
2022-10-11 12:50:37,269 [pool-678-thread-1] INFO  server.RaftServerConfigKeys (ConfUtils.java:logGet(46)) - raft.server.log.appender.buffer.byte-limit = 33554432 (custom)
2022-10-11 12:50:37,269 [pool-678-thread-1] INFO  server.RaftServerConfigKeys (ConfUtils.java:logGet(46)) - raft.server.log.statemachine.data.read.timeout = 1000ms (default)
2022-10-11 12:50:37,269 [pool-678-thread-1] INFO  server.RaftServerConfigKeys (ConfUtils.java:logGet(46)) - raft.server.log.segment.size.max = 1048576 (custom)
2022-10-11 12:50:37,270 [pool-678-thread-1] INFO  server.RaftServerConfigKeys (ConfUtils.java:logGet(46)) - raft.server.log.segment.cache.num.max = 2 (custom)
2022-10-11 12:50:37,270 [pool-678-thread-1] INFO  server.RaftServerConfigKeys (ConfUtils.java:logGet(46)) - raft.server.log.segment.cache.size.max = 200MB (=209715200) (default)
2022-10-11 12:50:37,270 [pool-678-thread-1] INFO  segmented.SegmentedRaftLogWorker (SegmentedRaftLogWorker.java:<init>(187)) - new d15f22e6-7d13-4df8-997b-1dbc14b1c401@group-D2D7521992BE-SegmentedRaftLogWorker for RaftStorageImpl:Storage Directory /home/runner/work/ozone/ozone/hadoop-ozone/integration-test/target/test-dir/MiniOzoneClusterImpl-db539a0e-d368-4ad2-95d9-5fcc718fd6eb/datanode-0/data/ratis/4b4af7ab-24f5-4277-97ca-d2d7521992be
2022-10-11 12:50:37,270 [pool-678-thread-1] INFO  server.RaftServerConfigKeys (ConfUtils.java:logGet(46)) - raft.server.log.queue.byte-limit = 4294967296 (custom)
2022-10-11 12:50:37,270 [pool-678-thread-1] INFO  server.RaftServerConfigKeys (ConfUtils.java:logGet(46)) - raft.server.log.queue.element-limit = 1024 (custom)
2022-10-11 12:50:37,270 [pool-678-thread-1] INFO  server.RaftServerConfigKeys (ConfUtils.java:logGet(46)) - raft.server.log.segment.size.max = 1048576 (custom)
2022-10-11 12:50:37,270 [pool-678-thread-1] INFO  server.RaftServerConfigKeys (ConfUtils.java:logGet(46)) - raft.server.log.preallocated.size = 16384 (custom)
2022-10-11 12:50:37,270 [pool-678-thread-1] INFO  server.RaftServerConfigKeys (ConfUtils.java:logGet(46)) - raft.server.log.force.sync.num = 128 (default)
2022-10-11 12:50:37,270 [pool-678-thread-1] INFO  server.RaftServerConfigKeys (ConfUtils.java:logGet(46)) - raft.server.log.statemachine.data.sync = true (default)
2022-10-11 12:50:37,270 [pool-678-thread-1] INFO  server.RaftServerConfigKeys (ConfUtils.java:logGet(46)) - raft.server.log.statemachine.data.sync.timeout = 10s (default)
2022-10-11 12:50:37,271 [pool-678-thread-1] INFO  server.RaftServerConfigKeys (ConfUtils.java:logGet(46)) - raft.server.log.statemachine.data.sync.timeout.retry = -1 (default)
2022-10-11 12:50:37,273 [pool-678-thread-1] INFO  server.RaftServerConfigKeys (ConfUtils.java:logGet(46)) - raft.server.log.write.buffer.size = 1048576 (custom)
2022-10-11 12:50:37,273 [pool-678-thread-1] INFO  server.RaftServerConfigKeys (ConfUtils.java:logGet(46)) - raft.server.log.unsafe-flush.enabled = false (default)
2022-10-11 12:50:37,273 [pool-678-thread-1] INFO  server.RaftServerConfigKeys (ConfUtils.java:logGet(46)) - raft.server.log.statemachine.data.caching.enabled = true (custom)
2022-10-11 12:50:37,273 [pool-678-thread-1] INFO  segmented.SegmentedRaftLogWorker (SegmentedRaftLogWorker.java:lambda$new$0(135)) - d15f22e6-7d13-4df8-997b-1dbc14b1c401@group-D2D7521992BE-SegmentedRaftLogWorker: flushIndex: setUnconditionally 0 -> -1
2022-10-11 12:50:37,273 [pool-678-thread-1] INFO  segmented.SegmentedRaftLogWorker (SegmentedRaftLogWorker.java:lambda$new$0(135)) - d15f22e6-7d13-4df8-997b-1dbc14b1c401@group-D2D7521992BE-SegmentedRaftLogWorker: safeCacheEvictIndex: setUnconditionally 0 -> -1
2022-10-11 12:50:37,275 [pool-678-thread-1] INFO  server.RaftServerConfigKeys (ConfUtils.java:logGet(46)) - raft.server.snapshot.auto.trigger.enabled = true (custom)
2022-10-11 12:50:37,275 [pool-678-thread-1] INFO  server.RaftServerConfigKeys (ConfUtils.java:logGet(46)) - raft.server.snapshot.auto.trigger.threshold = 10000 (custom)
2022-10-11 12:50:37,275 [pool-678-thread-1] INFO  server.RaftServerConfigKeys (ConfUtils.java:logGet(46)) - raft.server.snapshot.retention.file.num = 5 (custom)
2022-10-11 12:50:37,275 [pool-678-thread-1] INFO  server.RaftServerConfigKeys (ConfUtils.java:logGet(46)) - raft.server.log.purge.upto.snapshot.index = false (default)
2022-10-11 12:50:37,275 [pool-678-thread-1] INFO  server.RaftServerConfigKeys (ConfUtils.java:logGet(46)) - raft.server.retrycache.expirytime = 600000ms (custom)
2022-10-11 12:50:37,276 [pool-678-thread-1] INFO  server.RaftServerConfigKeys (ConfUtils.java:logGet(46)) - raft.server.retrycache.statistics.expirytime = 100μs (default)
2022-10-11 12:50:37,277 [pool-678-thread-1] INFO  server.RaftServerConfigKeys (ConfUtils.java:logGet(46)) - raft.server.log.appender.install.snapshot.enabled = false (custom)
2022-10-11 12:50:37,277 [pool-678-thread-1] INFO  server.RaftServerConfigKeys (ConfUtils.java:logGet(46)) - raft.server.threadpool.server.cached = true (default)
2022-10-11 12:50:37,277 [pool-678-thread-1] INFO  server.RaftServerConfigKeys (ConfUtils.java:logGet(46)) - raft.server.threadpool.server.size = 0 (default)
2022-10-11 12:50:37,277 [pool-678-thread-1] INFO  server.RaftServerConfigKeys (ConfUtils.java:logGet(46)) - raft.server.threadpool.client.cached = true (default)
2022-10-11 12:50:37,277 [pool-678-thread-1] INFO  server.RaftServerConfigKeys (ConfUtils.java:logGet(46)) - raft.server.threadpool.client.size = 0 (default)
2022-10-11 12:50:37,277 [pool-678-thread-1] INFO  server.RaftServer$Division (RaftServerImpl.java:start(310)) - d15f22e6-7d13-4df8-997b-1dbc14b1c401@group-D2D7521992BE: start as a follower, conf=-1: [398056ab-e960-4ebd-a652-556788d1cc35|rpc:10.1.1.98:37527|dataStream:|priority:0, d15f22e6-7d13-4df8-997b-1dbc14b1c401|rpc:10.1.1.98:39053|dataStream:|priority:0, a5f5a137-50fd-4e34-893e-bbf5e2017a41|rpc:10.1.1.98:36959|dataStream:|priority:1], old=null
2022-10-11 12:50:37,278 [pool-678-thread-1] INFO  server.RaftServer$Division (RaftServerImpl.java:setRole(299)) - d15f22e6-7d13-4df8-997b-1dbc14b1c401@group-D2D7521992BE: changes role from      null to FOLLOWER at term 0 for startAsFollower
2022-10-11 12:50:37,278 [pool-678-thread-1] INFO  impl.RoleInfo (RoleInfo.java:updateAndGet(139)) - d15f22e6-7d13-4df8-997b-1dbc14b1c401: start d15f22e6-7d13-4df8-997b-1dbc14b1c401@group-D2D7521992BE-FollowerState
2022-10-11 12:50:37,278 [pool-678-thread-1] INFO  util.JmxRegister (JmxRegister.java:tryRegister(44)) - Successfully registered JMX Bean with object name Ratis:service=RaftServer,group=group-D2D7521992BE,id=d15f22e6-7d13-4df8-997b-1dbc14b1c401
2022-10-11 12:50:37,287 [Command processor thread] INFO  commandhandler.CreatePipelineCommandHandler (CreatePipelineCommandHandler.java:handle(113)) - Created Pipeline RATIS THREE PipelineID=4b4af7ab-24f5-4277-97ca-d2d7521992be.
2022-10-11 12:50:37,300 [SCMBlockDeletingService#0] DEBUG block.SCMBlockDeletingService (SCMBlockDeletingService.java:call(131)) - Running DeletedBlockTransactionScanner
2022-10-11 12:50:37,400 [SCMBlockDeletingService#0] DEBUG block.SCMBlockDeletingService (SCMBlockDeletingService.java:call(131)) - Running DeletedBlockTransactionScanner
2022-10-11 12:50:37,500 [SCMBlockDeletingService#0] DEBUG block.SCMBlockDeletingService (SCMBlockDeletingService.java:call(131)) - Running DeletedBlockTransactionScanner
2022-10-11 12:50:37,586 [Listener at 127.0.0.1/44985] INFO  ozone.MiniOzoneClusterImpl (MiniOzoneClusterImpl.java:lambda$waitForClusterToBeReady$0(216)) - Nodes are ready. Got 3 of 3 DN Heartbeats.
2022-10-11 12:50:37,587 [Listener at 127.0.0.1/44985] INFO  ozone.MiniOzoneClusterImpl (MiniOzoneClusterImpl.java:lambda$waitForClusterToBeReady$0(219)) - Cluster exits safe mode
2022-10-11 12:50:37,587 [Listener at 127.0.0.1/44985] INFO  ozone.MiniOzoneClusterImpl (MiniOzoneClusterImpl.java:lambda$waitForClusterToBeReady$0(221)) - SCM became leader
2022-10-11 12:50:37,588 [Listener at 127.0.0.1/44985] INFO  commandhandler.TestBlockDeletion (TestBlockDeletion.java:testBlockDeletion(288)) - numBlockDeletionTransactionCreated = 6	numBlockDeletionTransactionCompleted = 6	numBlockDeletionCommandSent = 38	numBlockDeletionCommandSuccess = 32	numBlockDeletionCommandFailure = 0	numBlockDeletionTransactionSent = 209	numBlockDeletionTransactionSuccess = 177	numBlockDeletionTransactionFailure = 0
2022-10-11 12:50:37,591 [Listener at 127.0.0.1/44985] INFO  ozone.MiniOzoneClusterImpl (MiniOzoneClusterImpl.java:shutdown(448)) - Shutting down the Mini Ozone Cluster
2022-10-11 12:50:37,591 [Listener at 127.0.0.1/44985] INFO  ozone.MiniOzoneClusterImpl (MiniOzoneClusterImpl.java:stop(463)) - Stopping the Mini Ozone Cluster
2022-10-11 12:50:37,591 [Listener at 127.0.0.1/44985] INFO  ozone.MiniOzoneClusterImpl (MiniOzoneClusterImpl.java:stopOM(545)) - Stopping the OzoneManager
2022-10-11 12:50:37,592 [Listener at 127.0.0.1/44985] INFO  om.OzoneManager (OzoneManager.java:stop(2038)) - om1[localhost:0]: Stopping Ozone Manager
2022-10-11 12:50:37,592 [Listener at 127.0.0.1/44985] INFO  ipc.Server (Server.java:stop(3414)) - Stopping server on 44985
2022-10-11 12:50:37,600 [SCMBlockDeletingService#0] DEBUG block.SCMBlockDeletingService (SCMBlockDeletingService.java:call(131)) - Running DeletedBlockTransactionScanner
2022-10-11 12:50:37,601 [IPC Server listener on 0] INFO  ipc.Server (Server.java:run(1376)) - Stopping IPC Server listener on 0
2022-10-11 12:50:37,602 [IPC Server Responder] INFO  ipc.Server (Server.java:run(1512)) - Stopping IPC Server Responder
2022-10-11 12:50:37,603 [Listener at 127.0.0.1/44985] INFO  server.RaftServer (RaftServerProxy.java:lambda$close$7(398)) - om1: close
2022-10-11 12:50:37,603 [Listener at 127.0.0.1/44985] INFO  server.RaftServer$Division (RaftServerImpl.java:lambda$close$4(434)) - om1@group-C5BA1605619E: shutdown
2022-10-11 12:50:37,603 [Listener at 127.0.0.1/44985] INFO  util.JmxRegister (JmxRegister.java:unregister(73)) - Successfully un-registered JMX Bean with object name Ratis:service=RaftServer,group=group-C5BA1605619E,id=om1
2022-10-11 12:50:37,603 [Listener at 127.0.0.1/44985] INFO  impl.RoleInfo (RoleInfo.java:shutdownLeaderState(93)) - om1: shutdown om1@group-C5BA1605619E-LeaderStateImpl
2022-10-11 12:50:37,604 [Listener at 127.0.0.1/44985] INFO  impl.PendingRequests (PendingRequests.java:sendNotLeaderResponses(282)) - om1@group-C5BA1605619E-PendingRequests: sendNotLeaderResponses
2022-10-11 12:50:37,607 [Listener at 127.0.0.1/44985] INFO  impl.StateMachineUpdater (StateMachineUpdater.java:stopAndJoin(153)) - om1@group-C5BA1605619E-StateMachineUpdater: set stopIndex = 22
2022-10-11 12:50:37,611 [om1@group-C5BA1605619E-StateMachineUpdater] INFO  ratis.OzoneManagerStateMachine (OzoneManagerStateMachine.java:takeSnapshot(441)) - Current Snapshot Index (t:1, i:22)
2022-10-11 12:50:37,611 [om1@group-C5BA1605619E-StateMachineUpdater] INFO  impl.StateMachineUpdater (StateMachineUpdater.java:takeSnapshot(287)) - om1@group-C5BA1605619E-StateMachineUpdater: Took a snapshot at index 22
2022-10-11 12:50:37,611 [om1@group-C5BA1605619E-StateMachineUpdater] INFO  impl.StateMachineUpdater (StateMachineUpdater.java:lambda$new$0(92)) - om1@group-C5BA1605619E-StateMachineUpdater: snapshotIndex: updateIncreasingly -1 -> 22
2022-10-11 12:50:37,611 [om1@group-C5BA1605619E-StateMachineUpdater] INFO  ratis.OzoneManagerStateMachine (OzoneManagerStateMachine.java:close(495)) - StateMachine has shutdown. Shutdown OzoneManager if not already shutdown.
2022-10-11 12:50:37,611 [om1@group-C5BA1605619E-StateMachineUpdater] INFO  ratis.OzoneManagerDoubleBuffer (OzoneManagerDoubleBuffer.java:stop(466)) - Stopping OMDoubleBuffer flush thread
2022-10-11 12:50:37,612 [OMDoubleBufferFlushThread] INFO  ratis.OzoneManagerDoubleBuffer (OzoneManagerDoubleBuffer.java:flushTransactions(385)) - OMDoubleBuffer flush thread OMDoubleBufferFlushThread is interrupted and will exit.
2022-10-11 12:50:37,613 [Listener at 127.0.0.1/44985] INFO  server.RaftServer$Division (ServerState.java:close(429)) - om1@group-C5BA1605619E: closes. applyIndex: 22
2022-10-11 12:50:37,613 [om1@group-C5BA1605619E-SegmentedRaftLogWorker] INFO  segmented.SegmentedRaftLogWorker (SegmentedRaftLogWorker.java:run(336)) - om1@group-C5BA1605619E-SegmentedRaftLogWorker was interrupted, exiting. There are 0 tasks remaining in the queue.
2022-10-11 12:50:37,614 [Listener at 127.0.0.1/44985] INFO  segmented.SegmentedRaftLogWorker (SegmentedRaftLogWorker.java:close(246)) - om1@group-C5BA1605619E-SegmentedRaftLogWorker close()
2022-10-11 12:50:37,615 [Listener at 127.0.0.1/44985] INFO  server.GrpcService (GrpcService.java:closeImpl(269)) - om1: shutdown server with port 9872 now
2022-10-11 12:50:37,617 [Listener at 127.0.0.1/44985] INFO  server.GrpcService (GrpcService.java:closeImpl(278)) - om1: shutdown server with port 9872 successfully
2022-10-11 12:50:37,617 [org.apache.ratis.util.JvmPauseMonitor$$Lambda$703/795293305@2379d848] INFO  util.JvmPauseMonitor (JvmPauseMonitor.java:run(109)) - JvmPauseMonitor-om1: Stopped
2022-10-11 12:50:37,617 [Listener at 127.0.0.1/44985] INFO  ratis.OzoneManagerStateMachine (OzoneManagerStateMachine.java:close(495)) - StateMachine has shutdown. Shutdown OzoneManager if not already shutdown.
2022-10-11 12:50:37,618 [Listener at 127.0.0.1/44985] INFO  ratis.OzoneManagerDoubleBuffer (OzoneManagerDoubleBuffer.java:stop(478)) - OMDoubleBuffer flush thread is not running.
2022-10-11 12:50:37,619 [Listener at 127.0.0.1/44985] INFO  utils.BackgroundService (BackgroundService.java:shutdown(141)) - Shutting down service KeyDeletingService
2022-10-11 12:50:37,619 [Listener at 127.0.0.1/44985] INFO  utils.BackgroundService (BackgroundService.java:shutdown(141)) - Shutting down service DirectoryDeletingService
2022-10-11 12:50:37,619 [Listener at 127.0.0.1/44985] INFO  utils.BackgroundService (BackgroundService.java:shutdown(141)) - Shutting down service OpenKeyCleanupService
2022-10-11 12:50:37,621 [Listener at 127.0.0.1/44985] INFO  handler.ContextHandler (ContextHandler.java:doStop(1153)) - Stopped o.e.j.w.WebAppContext@1aae0f81{ozoneManager,/,null,STOPPED}{file:/home/runner/work/ozone/ozone/hadoop-ozone/integration-test/target/test-classes/webapps/ozoneManager}
2022-10-11 12:50:37,621 [Listener at 127.0.0.1/44985] INFO  server.AbstractConnector (AbstractConnector.java:doStop(381)) - Stopped ServerConnector@7f0f12a9{HTTP/1.1, (http/1.1)}{0.0.0.0:0}
2022-10-11 12:50:37,621 [Listener at 127.0.0.1/44985] INFO  server.session (HouseKeeper.java:stopScavenging(149)) - node0 Stopped scavenging
2022-10-11 12:50:37,622 [Listener at 127.0.0.1/44985] INFO  handler.ContextHandler (ContextHandler.java:doStop(1153)) - Stopped o.e.j.s.ServletContextHandler@42192f93{static,/static,file:///home/runner/work/ozone/ozone/hadoop-ozone/integration-test/target/test-classes/webapps/static,STOPPED}
2022-10-11 12:50:37,622 [Listener at 127.0.0.1/44985] INFO  handler.ContextHandler (ContextHandler.java:doStop(1153)) - Stopped o.e.j.s.ServletContextHandler@72d59aa9{logs,/logs,file:///home/runner/work/ozone/ozone/hadoop-ozone/integration-test/target/log,STOPPED}
2022-10-11 12:50:37,626 [Listener at 127.0.0.1/44985] INFO  ozone.MiniOzoneClusterImpl (MiniOzoneClusterImpl.java:stopDatanodes(522)) - Stopping the HddsDatanodes
2022-10-11 12:50:37,632 [ForkJoinPool.commonPool-worker-0] INFO  ozoneimpl.OzoneContainer (OzoneContainer.java:stop(400)) - Attempting to stop container services.
2022-10-11 12:50:37,632 [ForkJoinPool.commonPool-worker-0] INFO  server.RaftServer (RaftServerProxy.java:lambda$close$7(398)) - d15f22e6-7d13-4df8-997b-1dbc14b1c401: close
2022-10-11 12:50:37,633 [ForkJoinPool.commonPool-worker-0] INFO  server.RaftServer$Division (RaftServerImpl.java:lambda$close$4(434)) - d15f22e6-7d13-4df8-997b-1dbc14b1c401@group-6843776D4DCD: shutdown
2022-10-11 12:50:37,633 [ForkJoinPool.commonPool-worker-0] INFO  util.JmxRegister (JmxRegister.java:unregister(73)) - Successfully un-registered JMX Bean with object name Ratis:service=RaftServer,group=group-6843776D4DCD,id=d15f22e6-7d13-4df8-997b-1dbc14b1c401
2022-10-11 12:50:37,633 [ForkJoinPool.commonPool-worker-0] INFO  impl.RoleInfo (RoleInfo.java:shutdownFollowerState(110)) - d15f22e6-7d13-4df8-997b-1dbc14b1c401: shutdown d15f22e6-7d13-4df8-997b-1dbc14b1c401@group-6843776D4DCD-FollowerState
2022-10-11 12:50:37,633 [ForkJoinPool.commonPool-worker-0] INFO  impl.StateMachineUpdater (StateMachineUpdater.java:stopAndJoin(153)) - d15f22e6-7d13-4df8-997b-1dbc14b1c401@group-6843776D4DCD-StateMachineUpdater: set stopIndex = 111
2022-10-11 12:50:37,633 [d15f22e6-7d13-4df8-997b-1dbc14b1c401@group-6843776D4DCD-FollowerState] INFO  impl.FollowerState (FollowerState.java:run(152)) - d15f22e6-7d13-4df8-997b-1dbc14b1c401@group-6843776D4DCD-FollowerState was interrupted
2022-10-11 12:50:37,634 [d15f22e6-7d13-4df8-997b-1dbc14b1c401@group-6843776D4DCD-StateMachineUpdater] INFO  ratis.ContainerStateMachine (ContainerStateMachine.java:takeSnapshot(304)) - group-6843776D4DCD: Taking a snapshot at:(t:7, i:111) file /home/runner/work/ozone/ozone/hadoop-ozone/integration-test/target/test-dir/MiniOzoneClusterImpl-db539a0e-d368-4ad2-95d9-5fcc718fd6eb/datanode-0/data/ratis/4f4812e9-8800-420a-9801-6843776d4dcd/sm/snapshot.7_111
2022-10-11 12:50:37,634 [Listener at 127.0.0.1/44985] INFO  ozoneimpl.OzoneContainer (OzoneContainer.java:stop(400)) - Attempting to stop container services.
2022-10-11 12:50:37,635 [Listener at 127.0.0.1/44985] INFO  server.RaftServer (RaftServerProxy.java:lambda$close$7(398)) - 398056ab-e960-4ebd-a652-556788d1cc35: close
2022-10-11 12:50:37,635 [Listener at 127.0.0.1/44985] INFO  server.RaftServer$Division (RaftServerImpl.java:lambda$close$4(434)) - 398056ab-e960-4ebd-a652-556788d1cc35@group-6843776D4DCD: shutdown
2022-10-11 12:50:37,636 [Listener at 127.0.0.1/44985] INFO  util.JmxRegister (JmxRegister.java:unregister(73)) - Successfully un-registered JMX Bean with object name Ratis:service=RaftServer,group=group-6843776D4DCD,id=398056ab-e960-4ebd-a652-556788d1cc35
2022-10-11 12:50:37,636 [Listener at 127.0.0.1/44985] INFO  impl.RoleInfo (RoleInfo.java:shutdownFollowerState(110)) - 398056ab-e960-4ebd-a652-556788d1cc35: shutdown 398056ab-e960-4ebd-a652-556788d1cc35@group-6843776D4DCD-FollowerState
2022-10-11 12:50:37,636 [398056ab-e960-4ebd-a652-556788d1cc35@group-6843776D4DCD-FollowerState] INFO  impl.FollowerState (FollowerState.java:run(152)) - 398056ab-e960-4ebd-a652-556788d1cc35@group-6843776D4DCD-FollowerState was interrupted
2022-10-11 12:50:37,637 [Listener at 127.0.0.1/44985] INFO  impl.StateMachineUpdater (StateMachineUpdater.java:stopAndJoin(153)) - 398056ab-e960-4ebd-a652-556788d1cc35@group-6843776D4DCD-StateMachineUpdater: set stopIndex = 111
2022-10-11 12:50:37,636 [d15f22e6-7d13-4df8-997b-1dbc14b1c401@group-6843776D4DCD-StateMachineUpdater] INFO  ratis.ContainerStateMachine (ContainerStateMachine.java:takeSnapshot(315)) - group-6843776D4DCD: Finished taking a snapshot at:(t:7, i:111) file:/home/runner/work/ozone/ozone/hadoop-ozone/integration-test/target/test-dir/MiniOzoneClusterImpl-db539a0e-d368-4ad2-95d9-5fcc718fd6eb/datanode-0/data/ratis/4f4812e9-8800-420a-9801-6843776d4dcd/sm/snapshot.7_111 took: 1 ms
2022-10-11 12:50:37,637 [398056ab-e960-4ebd-a652-556788d1cc35@group-6843776D4DCD-StateMachineUpdater] INFO  ratis.ContainerStateMachine (ContainerStateMachine.java:takeSnapshot(304)) - group-6843776D4DCD: Taking a snapshot at:(t:7, i:111) file /home/runner/work/ozone/ozone/hadoop-ozone/integration-test/target/test-dir/MiniOzoneClusterImpl-db539a0e-d368-4ad2-95d9-5fcc718fd6eb/datanode-1/data/ratis/4f4812e9-8800-420a-9801-6843776d4dcd/sm/snapshot.7_111
2022-10-11 12:50:37,638 [d15f22e6-7d13-4df8-997b-1dbc14b1c401@group-6843776D4DCD-StateMachineUpdater] INFO  impl.StateMachineUpdater (StateMachineUpdater.java:takeSnapshot(287)) - d15f22e6-7d13-4df8-997b-1dbc14b1c401@group-6843776D4DCD-StateMachineUpdater: Took a snapshot at index 111
2022-10-11 12:50:37,638 [d15f22e6-7d13-4df8-997b-1dbc14b1c401@group-6843776D4DCD-StateMachineUpdater] INFO  impl.StateMachineUpdater (StateMachineUpdater.java:lambda$new$0(92)) - d15f22e6-7d13-4df8-997b-1dbc14b1c401@group-6843776D4DCD-StateMachineUpdater: snapshotIndex: updateIncreasingly 110 -> 111
2022-10-11 12:50:37,638 [ForkJoinPool.commonPool-worker-0] INFO  server.RaftServer$Division (ServerState.java:close(429)) - d15f22e6-7d13-4df8-997b-1dbc14b1c401@group-6843776D4DCD: closes. applyIndex: 111
2022-10-11 12:50:37,638 [d15f22e6-7d13-4df8-997b-1dbc14b1c401@group-6843776D4DCD-SegmentedRaftLogWorker] INFO  segmented.SegmentedRaftLogWorker (SegmentedRaftLogWorker.java:run(336)) - d15f22e6-7d13-4df8-997b-1dbc14b1c401@group-6843776D4DCD-SegmentedRaftLogWorker was interrupted, exiting. There are 0 tasks remaining in the queue.
2022-10-11 12:50:37,639 [ForkJoinPool.commonPool-worker-0] INFO  segmented.SegmentedRaftLogWorker (SegmentedRaftLogWorker.java:close(246)) - d15f22e6-7d13-4df8-997b-1dbc14b1c401@group-6843776D4DCD-SegmentedRaftLogWorker close()
2022-10-11 12:50:37,639 [398056ab-e960-4ebd-a652-556788d1cc35@group-6843776D4DCD-StateMachineUpdater] INFO  ratis.ContainerStateMachine (ContainerStateMachine.java:takeSnapshot(315)) - group-6843776D4DCD: Finished taking a snapshot at:(t:7, i:111) file:/home/runner/work/ozone/ozone/hadoop-ozone/integration-test/target/test-dir/MiniOzoneClusterImpl-db539a0e-d368-4ad2-95d9-5fcc718fd6eb/datanode-1/data/ratis/4f4812e9-8800-420a-9801-6843776d4dcd/sm/snapshot.7_111 took: 3 ms
2022-10-11 12:50:37,639 [398056ab-e960-4ebd-a652-556788d1cc35@group-6843776D4DCD-StateMachineUpdater] INFO  impl.StateMachineUpdater (StateMachineUpdater.java:takeSnapshot(287)) - 398056ab-e960-4ebd-a652-556788d1cc35@group-6843776D4DCD-StateMachineUpdater: Took a snapshot at index 111
2022-10-11 12:50:37,640 [398056ab-e960-4ebd-a652-556788d1cc35@group-6843776D4DCD-StateMachineUpdater] INFO  impl.StateMachineUpdater (StateMachineUpdater.java:lambda$new$0(92)) - 398056ab-e960-4ebd-a652-556788d1cc35@group-6843776D4DCD-StateMachineUpdater: snapshotIndex: updateIncreasingly -1 -> 111
2022-10-11 12:50:37,641 [Listener at 127.0.0.1/44985] INFO  server.RaftServer$Division (ServerState.java:close(429)) - 398056ab-e960-4ebd-a652-556788d1cc35@group-6843776D4DCD: closes. applyIndex: 111
2022-10-11 12:50:37,642 [ForkJoinPool.commonPool-worker-0] INFO  server.RaftServer$Division (RaftServerImpl.java:lambda$close$4(434)) - d15f22e6-7d13-4df8-997b-1dbc14b1c401@group-D2D7521992BE: shutdown
2022-10-11 12:50:37,642 [ForkJoinPool.commonPool-worker-0] INFO  util.JmxRegister (JmxRegister.java:unregister(73)) - Successfully un-registered JMX Bean with object name Ratis:service=RaftServer,group=group-D2D7521992BE,id=d15f22e6-7d13-4df8-997b-1dbc14b1c401
2022-10-11 12:50:37,642 [ForkJoinPool.commonPool-worker-0] INFO  impl.RoleInfo (RoleInfo.java:shutdownFollowerState(110)) - d15f22e6-7d13-4df8-997b-1dbc14b1c401: shutdown d15f22e6-7d13-4df8-997b-1dbc14b1c401@group-D2D7521992BE-FollowerState
2022-10-11 12:50:37,642 [398056ab-e960-4ebd-a652-556788d1cc35@group-6843776D4DCD-SegmentedRaftLogWorker] INFO  segmented.SegmentedRaftLogWorker (SegmentedRaftLogWorker.java:run(336)) - 398056ab-e960-4ebd-a652-556788d1cc35@group-6843776D4DCD-SegmentedRaftLogWorker was interrupted, exiting. There are 0 tasks remaining in the queue.
2022-10-11 12:50:37,642 [ForkJoinPool.commonPool-worker-0] INFO  impl.StateMachineUpdater (StateMachineUpdater.java:stopAndJoin(153)) - d15f22e6-7d13-4df8-997b-1dbc14b1c401@group-D2D7521992BE-StateMachineUpdater: set stopIndex = -1
2022-10-11 12:50:37,643 [ForkJoinPool.commonPool-worker-0] INFO  server.RaftServer$Division (ServerState.java:close(429)) - d15f22e6-7d13-4df8-997b-1dbc14b1c401@group-D2D7521992BE: closes. applyIndex: -1
2022-10-11 12:50:37,644 [d15f22e6-7d13-4df8-997b-1dbc14b1c401@group-D2D7521992BE-SegmentedRaftLogWorker] INFO  segmented.SegmentedRaftLogWorker (SegmentedRaftLogWorker.java:run(336)) - d15f22e6-7d13-4df8-997b-1dbc14b1c401@group-D2D7521992BE-SegmentedRaftLogWorker was interrupted, exiting. There are 0 tasks remaining in the queue.
2022-10-11 12:50:37,644 [d15f22e6-7d13-4df8-997b-1dbc14b1c401@group-D2D7521992BE-FollowerState] INFO  impl.FollowerState (FollowerState.java:run(152)) - d15f22e6-7d13-4df8-997b-1dbc14b1c401@group-D2D7521992BE-FollowerState was interrupted
2022-10-11 12:50:37,644 [ForkJoinPool.commonPool-worker-0] INFO  segmented.SegmentedRaftLogWorker (SegmentedRaftLogWorker.java:close(246)) - d15f22e6-7d13-4df8-997b-1dbc14b1c401@group-D2D7521992BE-SegmentedRaftLogWorker close()
2022-10-11 12:50:37,645 [ForkJoinPool.commonPool-worker-0] INFO  server.GrpcService (GrpcService.java:closeImpl(269)) - d15f22e6-7d13-4df8-997b-1dbc14b1c401: shutdown server with port 39053 now
2022-10-11 12:50:37,648 [Listener at 127.0.0.1/44985] INFO  segmented.SegmentedRaftLogWorker (SegmentedRaftLogWorker.java:close(246)) - 398056ab-e960-4ebd-a652-556788d1cc35@group-6843776D4DCD-SegmentedRaftLogWorker close()
2022-10-11 12:50:37,648 [ForkJoinPool.commonPool-worker-0] INFO  server.GrpcService (GrpcService.java:closeImpl(278)) - d15f22e6-7d13-4df8-997b-1dbc14b1c401: shutdown server with port 39053 successfully
2022-10-11 12:50:37,649 [grpc-default-executor-5] WARN  server.GrpcLogAppender (LogUtils.java:warn(122)) - a5f5a137-50fd-4e34-893e-bbf5e2017a41@group-6843776D4DCD->d15f22e6-7d13-4df8-997b-1dbc14b1c401-AppendLogResponseHandler: Failed appendEntries: org.apache.ratis.thirdparty.io.grpc.StatusRuntimeException: CANCELLED: RST_STREAM closed stream. HTTP/2 error code: CANCEL
2022-10-11 12:50:37,649 [grpc-default-executor-5] INFO  leader.FollowerInfo (FollowerInfoImpl.java:lambda$new$0(48)) - a5f5a137-50fd-4e34-893e-bbf5e2017a41@group-6843776D4DCD->d15f22e6-7d13-4df8-997b-1dbc14b1c401: nextIndex: updateUnconditionally 112 -> 111
2022-10-11 12:50:37,649 [grpc-default-executor-4] WARN  server.GrpcServerProtocolService (LogUtils.java:warn(122)) - d15f22e6-7d13-4df8-997b-1dbc14b1c401: installSnapshot onError, lastRequest: a5f5a137-50fd-4e34-893e-bbf5e2017a41->d15f22e6-7d13-4df8-997b-1dbc14b1c401#795-t7,previous=(t:7, i:110),leaderCommit=111,initializing? true,entries: size=1, first=(t:7, i:111), METADATAENTRY(c:110): org.apache.ratis.thirdparty.io.grpc.StatusRuntimeException: CANCELLED: client cancelled
2022-10-11 12:50:37,650 [org.apache.ratis.util.JvmPauseMonitor$$Lambda$703/795293305@50986f40] INFO  util.JvmPauseMonitor (JvmPauseMonitor.java:run(109)) - JvmPauseMonitor-d15f22e6-7d13-4df8-997b-1dbc14b1c401: Stopped
2022-10-11 12:50:37,651 [Listener at 127.0.0.1/44985] INFO  server.RaftServer$Division (RaftServerImpl.java:lambda$close$4(434)) - 398056ab-e960-4ebd-a652-556788d1cc35@group-D2D7521992BE: shutdown
2022-10-11 12:50:37,652 [Listener at 127.0.0.1/44985] INFO  util.JmxRegister (JmxRegister.java:unregister(73)) - Successfully un-registered JMX Bean with object name Ratis:service=RaftServer,group=group-D2D7521992BE,id=398056ab-e960-4ebd-a652-556788d1cc35
2022-10-11 12:50:37,653 [Listener at 127.0.0.1/44985] INFO  impl.RoleInfo (RoleInfo.java:shutdownFollowerState(110)) - 398056ab-e960-4ebd-a652-556788d1cc35: shutdown 398056ab-e960-4ebd-a652-556788d1cc35@group-D2D7521992BE-FollowerState
2022-10-11 12:50:37,653 [398056ab-e960-4ebd-a652-556788d1cc35@group-D2D7521992BE-FollowerState] INFO  impl.FollowerState (FollowerState.java:run(152)) - 398056ab-e960-4ebd-a652-556788d1cc35@group-D2D7521992BE-FollowerState was interrupted
2022-10-11 12:50:37,653 [Listener at 127.0.0.1/44985] INFO  impl.StateMachineUpdater (StateMachineUpdater.java:stopAndJoin(153)) - 398056ab-e960-4ebd-a652-556788d1cc35@group-D2D7521992BE-StateMachineUpdater: set stopIndex = -1
2022-10-11 12:50:37,654 [Listener at 127.0.0.1/44985] INFO  server.RaftServer$Division (ServerState.java:close(429)) - 398056ab-e960-4ebd-a652-556788d1cc35@group-D2D7521992BE: closes. applyIndex: -1
2022-10-11 12:50:37,654 [398056ab-e960-4ebd-a652-556788d1cc35@group-D2D7521992BE-SegmentedRaftLogWorker] INFO  segmented.SegmentedRaftLogWorker (SegmentedRaftLogWorker.java:run(336)) - 398056ab-e960-4ebd-a652-556788d1cc35@group-D2D7521992BE-SegmentedRaftLogWorker was interrupted, exiting. There are 0 tasks remaining in the queue.
2022-10-11 12:50:37,655 [Listener at 127.0.0.1/44985] INFO  segmented.SegmentedRaftLogWorker (SegmentedRaftLogWorker.java:close(246)) - 398056ab-e960-4ebd-a652-556788d1cc35@group-D2D7521992BE-SegmentedRaftLogWorker close()
2022-10-11 12:50:37,656 [Listener at 127.0.0.1/44985] INFO  server.GrpcService (GrpcService.java:closeImpl(269)) - 398056ab-e960-4ebd-a652-556788d1cc35: shutdown server with port 37527 now
2022-10-11 12:50:37,660 [grpc-default-executor-3] WARN  server.GrpcServerProtocolService (LogUtils.java:warn(122)) - 398056ab-e960-4ebd-a652-556788d1cc35: installSnapshot onError, lastRequest: a5f5a137-50fd-4e34-893e-bbf5e2017a41->398056ab-e960-4ebd-a652-556788d1cc35#598-t7,previous=(t:7, i:110),leaderCommit=110,initializing? true,entries: size=1, first=(t:7, i:111), METADATAENTRY(c:110): org.apache.ratis.thirdparty.io.grpc.StatusRuntimeException: CANCELLED: client cancelled
2022-10-11 12:50:37,661 [grpc-default-executor-0] WARN  server.GrpcLogAppender (LogUtils.java:warn(122)) - a5f5a137-50fd-4e34-893e-bbf5e2017a41@group-6843776D4DCD->398056ab-e960-4ebd-a652-556788d1cc35-AppendLogResponseHandler: Failed appendEntries: org.apache.ratis.thirdparty.io.grpc.StatusRuntimeException: CANCELLED: RST_STREAM closed stream. HTTP/2 error code: CANCEL
2022-10-11 12:50:37,661 [grpc-default-executor-0] INFO  leader.FollowerInfo (FollowerInfoImpl.java:lambda$new$0(48)) - a5f5a137-50fd-4e34-893e-bbf5e2017a41@group-6843776D4DCD->398056ab-e960-4ebd-a652-556788d1cc35: nextIndex: updateUnconditionally 112 -> 111
2022-10-11 12:50:37,664 [grpc-default-executor-3] WARN  server.GrpcLogAppender (LogUtils.java:warn(122)) - a5f5a137-50fd-4e34-893e-bbf5e2017a41@group-6843776D4DCD->d15f22e6-7d13-4df8-997b-1dbc14b1c401-AppendLogResponseHandler: Failed appendEntries: org.apache.ratis.thirdparty.io.grpc.StatusRuntimeException: UNAVAILABLE: io exception
2022-10-11 12:50:37,665 [grpc-default-executor-3] INFO  leader.FollowerInfo (FollowerInfoImpl.java:lambda$new$0(48)) - a5f5a137-50fd-4e34-893e-bbf5e2017a41@group-6843776D4DCD->d15f22e6-7d13-4df8-997b-1dbc14b1c401: nextIndex: updateUnconditionally 112 -> 111
2022-10-11 12:50:37,669 [Listener at 127.0.0.1/44985] INFO  server.GrpcService (GrpcService.java:closeImpl(278)) - 398056ab-e960-4ebd-a652-556788d1cc35: shutdown server with port 37527 successfully
2022-10-11 12:50:37,670 [org.apache.ratis.util.JvmPauseMonitor$$Lambda$703/795293305@3acf1196] INFO  util.JvmPauseMonitor (JvmPauseMonitor.java:run(109)) - JvmPauseMonitor-398056ab-e960-4ebd-a652-556788d1cc35: Stopped
2022-10-11 12:50:37,672 [grpc-default-executor-5] WARN  server.GrpcLogAppender (LogUtils.java:warn(122)) - a5f5a137-50fd-4e34-893e-bbf5e2017a41@group-6843776D4DCD->398056ab-e960-4ebd-a652-556788d1cc35-AppendLogResponseHandler: Failed appendEntries: org.apache.ratis.thirdparty.io.grpc.StatusRuntimeException: UNAVAILABLE: io exception
2022-10-11 12:50:37,673 [grpc-default-executor-5] INFO  leader.FollowerInfo (FollowerInfoImpl.java:lambda$new$0(48)) - a5f5a137-50fd-4e34-893e-bbf5e2017a41@group-6843776D4DCD->398056ab-e960-4ebd-a652-556788d1cc35: nextIndex: updateUnconditionally 112 -> 111
2022-10-11 12:50:37,700 [SCMBlockDeletingService#0] DEBUG block.SCMBlockDeletingService (SCMBlockDeletingService.java:call(131)) - Running DeletedBlockTransactionScanner
2022-10-11 12:50:37,799 [grpc-default-executor-5] WARN  server.GrpcLogAppender (LogUtils.java:warn(122)) - a5f5a137-50fd-4e34-893e-bbf5e2017a41@group-6843776D4DCD->d15f22e6-7d13-4df8-997b-1dbc14b1c401-AppendLogResponseHandler: Failed appendEntries: org.apache.ratis.thirdparty.io.grpc.StatusRuntimeException: UNAVAILABLE: io exception
2022-10-11 12:50:37,800 [grpc-default-executor-5] INFO  leader.FollowerInfo (FollowerInfoImpl.java:lambda$new$0(48)) - a5f5a137-50fd-4e34-893e-bbf5e2017a41@group-6843776D4DCD->d15f22e6-7d13-4df8-997b-1dbc14b1c401: nextIndex: updateUnconditionally 112 -> 111
2022-10-11 12:50:37,801 [SCMBlockDeletingService#0] DEBUG block.SCMBlockDeletingService (SCMBlockDeletingService.java:call(131)) - Running DeletedBlockTransactionScanner
2022-10-11 12:50:37,846 [grpc-default-executor-5] WARN  server.GrpcLogAppender (LogUtils.java:warn(122)) - a5f5a137-50fd-4e34-893e-bbf5e2017a41@group-6843776D4DCD->398056ab-e960-4ebd-a652-556788d1cc35-AppendLogResponseHandler: Failed appendEntries: org.apache.ratis.thirdparty.io.grpc.StatusRuntimeException: UNAVAILABLE: io exception
2022-10-11 12:50:37,846 [grpc-default-executor-5] INFO  leader.FollowerInfo (FollowerInfoImpl.java:lambda$new$0(48)) - a5f5a137-50fd-4e34-893e-bbf5e2017a41@group-6843776D4DCD->398056ab-e960-4ebd-a652-556788d1cc35: nextIndex: updateUnconditionally 112 -> 111
2022-10-11 12:50:37,901 [SCMBlockDeletingService#0] DEBUG block.SCMBlockDeletingService (SCMBlockDeletingService.java:call(131)) - Running DeletedBlockTransactionScanner
2022-10-11 12:50:38,001 [SCMBlockDeletingService#0] DEBUG block.SCMBlockDeletingService (SCMBlockDeletingService.java:call(131)) - Running DeletedBlockTransactionScanner
2022-10-11 12:50:38,101 [SCMBlockDeletingService#0] DEBUG block.SCMBlockDeletingService (SCMBlockDeletingService.java:call(131)) - Running DeletedBlockTransactionScanner
2022-10-11 12:50:38,201 [SCMBlockDeletingService#0] DEBUG block.SCMBlockDeletingService (SCMBlockDeletingService.java:call(131)) - Running DeletedBlockTransactionScanner
2022-10-11 12:50:38,301 [SCMBlockDeletingService#0] DEBUG block.SCMBlockDeletingService (SCMBlockDeletingService.java:call(131)) - Running DeletedBlockTransactionScanner
2022-10-11 12:50:38,401 [SCMBlockDeletingService#0] DEBUG block.SCMBlockDeletingService (SCMBlockDeletingService.java:call(131)) - Running DeletedBlockTransactionScanner
2022-10-11 12:50:38,502 [SCMBlockDeletingService#0] DEBUG block.SCMBlockDeletingService (SCMBlockDeletingService.java:call(131)) - Running DeletedBlockTransactionScanner
2022-10-11 12:50:38,602 [SCMBlockDeletingService#0] DEBUG block.SCMBlockDeletingService (SCMBlockDeletingService.java:call(131)) - Running DeletedBlockTransactionScanner
2022-10-11 12:50:38,702 [SCMBlockDeletingService#0] DEBUG block.SCMBlockDeletingService (SCMBlockDeletingService.java:call(131)) - Running DeletedBlockTransactionScanner
2022-10-11 12:50:38,802 [SCMBlockDeletingService#0] DEBUG block.SCMBlockDeletingService (SCMBlockDeletingService.java:call(131)) - Running DeletedBlockTransactionScanner
2022-10-11 12:50:38,902 [SCMBlockDeletingService#0] DEBUG block.SCMBlockDeletingService (SCMBlockDeletingService.java:call(131)) - Running DeletedBlockTransactionScanner
2022-10-11 12:50:39,002 [SCMBlockDeletingService#0] DEBUG block.SCMBlockDeletingService (SCMBlockDeletingService.java:call(131)) - Running DeletedBlockTransactionScanner
2022-10-11 12:50:39,049 [grpc-default-executor-5] WARN  server.GrpcLogAppender (LogUtils.java:warn(122)) - a5f5a137-50fd-4e34-893e-bbf5e2017a41@group-6843776D4DCD->d15f22e6-7d13-4df8-997b-1dbc14b1c401-AppendLogResponseHandler: Failed appendEntries: org.apache.ratis.thirdparty.io.grpc.StatusRuntimeException: UNAVAILABLE: io exception
2022-10-11 12:50:39,050 [grpc-default-executor-5] INFO  leader.FollowerInfo (FollowerInfoImpl.java:lambda$new$0(48)) - a5f5a137-50fd-4e34-893e-bbf5e2017a41@group-6843776D4DCD->d15f22e6-7d13-4df8-997b-1dbc14b1c401: nextIndex: updateUnconditionally 112 -> 111
2022-10-11 12:50:39,097 [grpc-default-executor-5] WARN  server.GrpcLogAppender (LogUtils.java:warn(122)) - a5f5a137-50fd-4e34-893e-bbf5e2017a41@group-6843776D4DCD->398056ab-e960-4ebd-a652-556788d1cc35-AppendLogResponseHandler: Failed appendEntries: org.apache.ratis.thirdparty.io.grpc.StatusRuntimeException: UNAVAILABLE: io exception
2022-10-11 12:50:39,097 [grpc-default-executor-5] INFO  leader.FollowerInfo (FollowerInfoImpl.java:lambda$new$0(48)) - a5f5a137-50fd-4e34-893e-bbf5e2017a41@group-6843776D4DCD->398056ab-e960-4ebd-a652-556788d1cc35: nextIndex: updateUnconditionally 112 -> 111
2022-10-11 12:50:39,102 [SCMBlockDeletingService#0] DEBUG block.SCMBlockDeletingService (SCMBlockDeletingService.java:call(131)) - Running DeletedBlockTransactionScanner
2022-10-11 12:50:39,202 [SCMBlockDeletingService#0] DEBUG block.SCMBlockDeletingService (SCMBlockDeletingService.java:call(131)) - Running DeletedBlockTransactionScanner
2022-10-11 12:50:39,302 [SCMBlockDeletingService#0] DEBUG block.SCMBlockDeletingService (SCMBlockDeletingService.java:call(131)) - Running DeletedBlockTransactionScanner
2022-10-11 12:50:39,403 [SCMBlockDeletingService#0] DEBUG block.SCMBlockDeletingService (SCMBlockDeletingService.java:call(131)) - Running DeletedBlockTransactionScanner
2022-10-11 12:50:39,503 [SCMBlockDeletingService#0] DEBUG block.SCMBlockDeletingService (SCMBlockDeletingService.java:call(131)) - Running DeletedBlockTransactionScanner
2022-10-11 12:50:39,603 [SCMBlockDeletingService#0] DEBUG block.SCMBlockDeletingService (SCMBlockDeletingService.java:call(131)) - Running DeletedBlockTransactionScanner
2022-10-11 12:50:39,660 [ForkJoinPool.commonPool-worker-0] INFO  utils.BackgroundService (BackgroundService.java:shutdown(141)) - Shutting down service BlockDeletingService
2022-10-11 12:50:39,661 [ForkJoinPool.commonPool-worker-0] INFO  utils.BackgroundService (BackgroundService.java:shutdown(141)) - Shutting down service StaleRecoveringContainerScrubbingService
2022-10-11 12:50:39,664 [ForkJoinPool.commonPool-worker-0] INFO  statemachine.DatanodeStateMachine (DatanodeStateMachine.java:stopDaemon(580)) - Ozone container server stopped.
2022-10-11 12:50:39,681 [ForkJoinPool.commonPool-worker-0] INFO  handler.ContextHandler (ContextHandler.java:doStop(1153)) - Stopped o.e.j.w.WebAppContext@5ca30d06{hddsDatanode,/,null,STOPPED}{jar:file:/home/runner/.m2/repository/org/apache/ozone/hdds-container-service/1.3.0-SNAPSHOT/hdds-container-service-1.3.0-SNAPSHOT.jar!/webapps/hddsDatanode}
2022-10-11 12:50:39,682 [ForkJoinPool.commonPool-worker-0] INFO  server.AbstractConnector (AbstractConnector.java:doStop(381)) - Stopped ServerConnector@3b575a82{HTTP/1.1, (http/1.1)}{0.0.0.0:37701}
2022-10-11 12:50:39,682 [ForkJoinPool.commonPool-worker-0] INFO  server.session (HouseKeeper.java:stopScavenging(149)) - node0 Stopped scavenging
2022-10-11 12:50:39,682 [Listener at 127.0.0.1/44985] INFO  utils.BackgroundService (BackgroundService.java:shutdown(141)) - Shutting down service BlockDeletingService
2022-10-11 12:50:39,684 [Listener at 127.0.0.1/44985] INFO  utils.BackgroundService (BackgroundService.java:shutdown(141)) - Shutting down service StaleRecoveringContainerScrubbingService
2022-10-11 12:50:39,685 [ForkJoinPool.commonPool-worker-0] INFO  handler.ContextHandler (ContextHandler.java:doStop(1153)) - Stopped o.e.j.s.ServletContextHandler@7a48b916{static,/static,jar:file:/home/runner/.m2/repository/org/apache/ozone/hdds-container-service/1.3.0-SNAPSHOT/hdds-container-service-1.3.0-SNAPSHOT.jar!/webapps/static,STOPPED}
2022-10-11 12:50:39,686 [ForkJoinPool.commonPool-worker-0] INFO  handler.ContextHandler (ContextHandler.java:doStop(1153)) - Stopped o.e.j.s.ServletContextHandler@11e97dff{logs,/logs,file:///home/runner/work/ozone/ozone/hadoop-ozone/integration-test/target/log,STOPPED}
2022-10-11 12:50:39,688 [Listener at 127.0.0.1/44985] INFO  statemachine.DatanodeStateMachine (DatanodeStateMachine.java:stopDaemon(580)) - Ozone container server stopped.
2022-10-11 12:50:39,694 [ForkJoinPool.commonPool-worker-0] INFO  ozoneimpl.OzoneContainer (OzoneContainer.java:stop(400)) - Attempting to stop container services.
2022-10-11 12:50:39,694 [ForkJoinPool.commonPool-worker-0] INFO  server.RaftServer (RaftServerProxy.java:lambda$close$7(398)) - a5f5a137-50fd-4e34-893e-bbf5e2017a41: close
2022-10-11 12:50:39,694 [ForkJoinPool.commonPool-worker-0] INFO  server.RaftServer$Division (RaftServerImpl.java:lambda$close$4(434)) - a5f5a137-50fd-4e34-893e-bbf5e2017a41@group-6843776D4DCD: shutdown
2022-10-11 12:50:39,694 [ForkJoinPool.commonPool-worker-0] INFO  util.JmxRegister (JmxRegister.java:unregister(73)) - Successfully un-registered JMX Bean with object name Ratis:service=RaftServer,group=group-6843776D4DCD,id=a5f5a137-50fd-4e34-893e-bbf5e2017a41
2022-10-11 12:50:39,695 [ForkJoinPool.commonPool-worker-0] INFO  impl.RoleInfo (RoleInfo.java:shutdownLeaderState(93)) - a5f5a137-50fd-4e34-893e-bbf5e2017a41: shutdown a5f5a137-50fd-4e34-893e-bbf5e2017a41@group-6843776D4DCD-LeaderStateImpl
2022-10-11 12:50:39,695 [ForkJoinPool.commonPool-worker-0] INFO  impl.PendingRequests (PendingRequests.java:sendNotLeaderResponses(282)) - a5f5a137-50fd-4e34-893e-bbf5e2017a41@group-6843776D4DCD-PendingRequests: sendNotLeaderResponses
2022-10-11 12:50:39,695 [a5f5a137-50fd-4e34-893e-bbf5e2017a41@group-6843776D4DCD->398056ab-e960-4ebd-a652-556788d1cc35-GrpcLogAppender-LogAppenderDaemon] WARN  server.GrpcLogAppender (GrpcLogAppender.java:mayWait(171)) - a5f5a137-50fd-4e34-893e-bbf5e2017a41@group-6843776D4DCD->398056ab-e960-4ebd-a652-556788d1cc35-GrpcLogAppender: Wait interrupted by java.lang.InterruptedException
2022-10-11 12:50:39,696 [a5f5a137-50fd-4e34-893e-bbf5e2017a41@group-6843776D4DCD->d15f22e6-7d13-4df8-997b-1dbc14b1c401-GrpcLogAppender-LogAppenderDaemon] WARN  server.GrpcLogAppender (GrpcLogAppender.java:mayWait(171)) - a5f5a137-50fd-4e34-893e-bbf5e2017a41@group-6843776D4DCD->d15f22e6-7d13-4df8-997b-1dbc14b1c401-GrpcLogAppender: Wait interrupted by java.lang.InterruptedException
2022-10-11 12:50:39,699 [ForkJoinPool.commonPool-worker-0] INFO  impl.StateMachineUpdater (StateMachineUpdater.java:stopAndJoin(153)) - a5f5a137-50fd-4e34-893e-bbf5e2017a41@group-6843776D4DCD-StateMachineUpdater: set stopIndex = 111
2022-10-11 12:50:39,699 [a5f5a137-50fd-4e34-893e-bbf5e2017a41@group-6843776D4DCD-StateMachineUpdater] INFO  ratis.ContainerStateMachine (ContainerStateMachine.java:takeSnapshot(304)) - group-6843776D4DCD: Taking a snapshot at:(t:7, i:111) file /home/runner/work/ozone/ozone/hadoop-ozone/integration-test/target/test-dir/MiniOzoneClusterImpl-db539a0e-d368-4ad2-95d9-5fcc718fd6eb/datanode-2/data/ratis/4f4812e9-8800-420a-9801-6843776d4dcd/sm/snapshot.7_111
2022-10-11 12:50:39,703 [SCMBlockDeletingService#0] DEBUG block.SCMBlockDeletingService (SCMBlockDeletingService.java:call(131)) - Running DeletedBlockTransactionScanner
2022-10-11 12:50:39,704 [a5f5a137-50fd-4e34-893e-bbf5e2017a41@group-6843776D4DCD-StateMachineUpdater] INFO  ratis.ContainerStateMachine (ContainerStateMachine.java:takeSnapshot(315)) - group-6843776D4DCD: Finished taking a snapshot at:(t:7, i:111) file:/home/runner/work/ozone/ozone/hadoop-ozone/integration-test/target/test-dir/MiniOzoneClusterImpl-db539a0e-d368-4ad2-95d9-5fcc718fd6eb/datanode-2/data/ratis/4f4812e9-8800-420a-9801-6843776d4dcd/sm/snapshot.7_111 took: 4 ms
2022-10-11 12:50:39,704 [a5f5a137-50fd-4e34-893e-bbf5e2017a41@group-6843776D4DCD-StateMachineUpdater] INFO  impl.StateMachineUpdater (StateMachineUpdater.java:takeSnapshot(287)) - a5f5a137-50fd-4e34-893e-bbf5e2017a41@group-6843776D4DCD-StateMachineUpdater: Took a snapshot at index 111
2022-10-11 12:50:39,704 [a5f5a137-50fd-4e34-893e-bbf5e2017a41@group-6843776D4DCD-StateMachineUpdater] INFO  impl.StateMachineUpdater (StateMachineUpdater.java:lambda$new$0(92)) - a5f5a137-50fd-4e34-893e-bbf5e2017a41@group-6843776D4DCD-StateMachineUpdater: snapshotIndex: updateIncreasingly -1 -> 111
2022-10-11 12:50:39,705 [ForkJoinPool.commonPool-worker-0] INFO  server.RaftServer$Division (ServerState.java:close(429)) - a5f5a137-50fd-4e34-893e-bbf5e2017a41@group-6843776D4DCD: closes. applyIndex: 111
2022-10-11 12:50:39,705 [a5f5a137-50fd-4e34-893e-bbf5e2017a41@group-6843776D4DCD-SegmentedRaftLogWorker] INFO  segmented.SegmentedRaftLogWorker (SegmentedRaftLogWorker.java:run(336)) - a5f5a137-50fd-4e34-893e-bbf5e2017a41@group-6843776D4DCD-SegmentedRaftLogWorker was interrupted, exiting. There are 0 tasks remaining in the queue.
2022-10-11 12:50:39,706 [ForkJoinPool.commonPool-worker-0] INFO  segmented.SegmentedRaftLogWorker (SegmentedRaftLogWorker.java:close(246)) - a5f5a137-50fd-4e34-893e-bbf5e2017a41@group-6843776D4DCD-SegmentedRaftLogWorker close()
2022-10-11 12:50:39,708 [ForkJoinPool.commonPool-worker-0] INFO  server.RaftServer$Division (RaftServerImpl.java:lambda$close$4(434)) - a5f5a137-50fd-4e34-893e-bbf5e2017a41@group-D2D7521992BE: shutdown
2022-10-11 12:50:39,708 [ForkJoinPool.commonPool-worker-0] INFO  util.JmxRegister (JmxRegister.java:unregister(73)) - Successfully un-registered JMX Bean with object name Ratis:service=RaftServer,group=group-D2D7521992BE,id=a5f5a137-50fd-4e34-893e-bbf5e2017a41
2022-10-11 12:50:39,708 [ForkJoinPool.commonPool-worker-0] INFO  impl.RoleInfo (RoleInfo.java:shutdownFollowerState(110)) - a5f5a137-50fd-4e34-893e-bbf5e2017a41: shutdown a5f5a137-50fd-4e34-893e-bbf5e2017a41@group-D2D7521992BE-FollowerState
2022-10-11 12:50:39,708 [ForkJoinPool.commonPool-worker-0] INFO  impl.StateMachineUpdater (StateMachineUpdater.java:stopAndJoin(153)) - a5f5a137-50fd-4e34-893e-bbf5e2017a41@group-D2D7521992BE-StateMachineUpdater: set stopIndex = -1
2022-10-11 12:50:39,708 [a5f5a137-50fd-4e34-893e-bbf5e2017a41@group-D2D7521992BE-FollowerState] INFO  impl.FollowerState (FollowerState.java:run(152)) - a5f5a137-50fd-4e34-893e-bbf5e2017a41@group-D2D7521992BE-FollowerState was interrupted
2022-10-11 12:50:39,709 [ForkJoinPool.commonPool-worker-0] INFO  server.RaftServer$Division (ServerState.java:close(429)) - a5f5a137-50fd-4e34-893e-bbf5e2017a41@group-D2D7521992BE: closes. applyIndex: -1
2022-10-11 12:50:39,709 [a5f5a137-50fd-4e34-893e-bbf5e2017a41@group-D2D7521992BE-SegmentedRaftLogWorker] INFO  segmented.SegmentedRaftLogWorker (SegmentedRaftLogWorker.java:run(336)) - a5f5a137-50fd-4e34-893e-bbf5e2017a41@group-D2D7521992BE-SegmentedRaftLogWorker was interrupted, exiting. There are 0 tasks remaining in the queue.
2022-10-11 12:50:39,709 [ForkJoinPool.commonPool-worker-0] INFO  segmented.SegmentedRaftLogWorker (SegmentedRaftLogWorker.java:close(246)) - a5f5a137-50fd-4e34-893e-bbf5e2017a41@group-D2D7521992BE-SegmentedRaftLogWorker close()
2022-10-11 12:50:39,711 [ForkJoinPool.commonPool-worker-0] INFO  server.GrpcService (GrpcService.java:closeImpl(269)) - a5f5a137-50fd-4e34-893e-bbf5e2017a41: shutdown server with port 36959 now
2022-10-11 12:50:39,715 [Listener at 127.0.0.1/44985] INFO  handler.ContextHandler (ContextHandler.java:doStop(1153)) - Stopped o.e.j.w.WebAppContext@2e236ed1{hddsDatanode,/,null,STOPPED}{jar:file:/home/runner/.m2/repository/org/apache/ozone/hdds-container-service/1.3.0-SNAPSHOT/hdds-container-service-1.3.0-SNAPSHOT.jar!/webapps/hddsDatanode}
2022-10-11 12:50:39,716 [grpc-default-executor-5] WARN  server.GrpcClientProtocolService (LogUtils.java:warn(122)) - 1-UnorderedRequestStreamObserver1: onError: org.apache.ratis.thirdparty.io.grpc.StatusRuntimeException: CANCELLED: client cancelled
2022-10-11 12:50:39,720 [ForkJoinPool.commonPool-worker-0] INFO  server.GrpcService (GrpcService.java:closeImpl(278)) - a5f5a137-50fd-4e34-893e-bbf5e2017a41: shutdown server with port 36959 successfully
2022-10-11 12:50:39,720 [Listener at 127.0.0.1/44985] INFO  server.AbstractConnector (AbstractConnector.java:doStop(381)) - Stopped ServerConnector@6ef0f24a{HTTP/1.1, (http/1.1)}{0.0.0.0:0}
2022-10-11 12:50:39,720 [org.apache.ratis.util.JvmPauseMonitor$$Lambda$703/795293305@4163a509] INFO  util.JvmPauseMonitor (JvmPauseMonitor.java:run(109)) - JvmPauseMonitor-a5f5a137-50fd-4e34-893e-bbf5e2017a41: Stopped
2022-10-11 12:50:39,724 [Listener at 127.0.0.1/44985] INFO  server.session (HouseKeeper.java:stopScavenging(149)) - node0 Stopped scavenging
2022-10-11 12:50:39,725 [Listener at 127.0.0.1/44985] INFO  handler.ContextHandler (ContextHandler.java:doStop(1153)) - Stopped o.e.j.s.ServletContextHandler@658ccbb8{static,/static,jar:file:/home/runner/.m2/repository/org/apache/ozone/hdds-container-service/1.3.0-SNAPSHOT/hdds-container-service-1.3.0-SNAPSHOT.jar!/webapps/static,STOPPED}
2022-10-11 12:50:39,725 [Listener at 127.0.0.1/44985] INFO  handler.ContextHandler (ContextHandler.java:doStop(1153)) - Stopped o.e.j.s.ServletContextHandler@b368cf3{logs,/logs,file:///home/runner/work/ozone/ozone/hadoop-ozone/integration-test/target/log,STOPPED}
2022-10-11 12:50:39,803 [SCMBlockDeletingService#0] DEBUG block.SCMBlockDeletingService (SCMBlockDeletingService.java:call(131)) - Running DeletedBlockTransactionScanner
2022-10-11 12:50:39,903 [SCMBlockDeletingService#0] DEBUG block.SCMBlockDeletingService (SCMBlockDeletingService.java:call(131)) - Running DeletedBlockTransactionScanner
2022-10-11 12:50:40,003 [SCMBlockDeletingService#0] DEBUG block.SCMBlockDeletingService (SCMBlockDeletingService.java:call(131)) - Running DeletedBlockTransactionScanner
2022-10-11 12:50:40,103 [SCMBlockDeletingService#0] DEBUG block.SCMBlockDeletingService (SCMBlockDeletingService.java:call(131)) - Running DeletedBlockTransactionScanner
2022-10-11 12:50:40,204 [SCMBlockDeletingService#0] DEBUG block.SCMBlockDeletingService (SCMBlockDeletingService.java:call(131)) - Running DeletedBlockTransactionScanner
2022-10-11 12:50:40,304 [SCMBlockDeletingService#0] DEBUG block.SCMBlockDeletingService (SCMBlockDeletingService.java:call(131)) - Running DeletedBlockTransactionScanner
2022-10-11 12:50:40,404 [SCMBlockDeletingService#0] DEBUG block.SCMBlockDeletingService (SCMBlockDeletingService.java:call(131)) - Running DeletedBlockTransactionScanner
2022-10-11 12:50:40,497 [EventQueue-StaleNodeForStaleNodeHandler] INFO  node.StaleNodeHandler (StaleNodeHandler.java:onMessage(59)) - Datanode d15f22e6-7d13-4df8-997b-1dbc14b1c401{ip: 10.1.1.98, host: fv-az570-546.srgqcr2moziuvm0qev4lajleyh.dx.internal.cloudapp.net, ports: [REPLICATION=43129, RATIS=39053, RATIS_ADMIN=39053, RATIS_SERVER=39053, STANDALONE=36949], networkLocation: /default-rack, certSerialId: null, persistedOpState: IN_SERVICE, persistedOpStateExpiryEpochSec: 0} moved to stale state. Finalizing its pipelines [PipelineID=4f4812e9-8800-420a-9801-6843776d4dcd, PipelineID=4b4af7ab-24f5-4277-97ca-d2d7521992be]
2022-10-11 12:50:40,498 [EventQueue-StaleNodeForStaleNodeHandler] INFO  pipeline.PipelineManagerImpl (PipelineManagerImpl.java:closePipeline(442)) - Pipeline Pipeline[ Id: 4b4af7ab-24f5-4277-97ca-d2d7521992be, Nodes: 398056ab-e960-4ebd-a652-556788d1cc35{ip: 10.1.1.98, host: fv-az570-546.srgqcr2moziuvm0qev4lajleyh.dx.internal.cloudapp.net, ports: [REPLICATION=40459, RATIS=37527, RATIS_ADMIN=37527, RATIS_SERVER=37527, STANDALONE=38655], networkLocation: /default-rack, certSerialId: null, persistedOpState: IN_SERVICE, persistedOpStateExpiryEpochSec: 0}a5f5a137-50fd-4e34-893e-bbf5e2017a41{ip: 10.1.1.98, host: fv-az570-546.srgqcr2moziuvm0qev4lajleyh.dx.internal.cloudapp.net, ports: [REPLICATION=40519, RATIS=36959, RATIS_ADMIN=36959, RATIS_SERVER=36959, STANDALONE=43037], networkLocation: /default-rack, certSerialId: null, persistedOpState: IN_SERVICE, persistedOpStateExpiryEpochSec: 0}d15f22e6-7d13-4df8-997b-1dbc14b1c401{ip: 10.1.1.98, host: fv-az570-546.srgqcr2moziuvm0qev4lajleyh.dx.internal.cloudapp.net, ports: [REPLICATION=43129, RATIS=39053, RATIS_ADMIN=39053, RATIS_SERVER=39053, STANDALONE=36949], networkLocation: /default-rack, certSerialId: null, persistedOpState: IN_SERVICE, persistedOpStateExpiryEpochSec: 0}, ReplicationConfig: RATIS/THREE, State:ALLOCATED, leaderId:, CreationTimestamp2022-10-11T12:50:36.691Z[Etc/UTC]] moved to CLOSED state
2022-10-11 12:50:40,504 [SCMBlockDeletingService#0] DEBUG block.SCMBlockDeletingService (SCMBlockDeletingService.java:call(131)) - Running DeletedBlockTransactionScanner
2022-10-11 12:50:40,597 [EventQueue-StaleNodeForStaleNodeHandler] INFO  node.StaleNodeHandler (StaleNodeHandler.java:onMessage(59)) - Datanode 398056ab-e960-4ebd-a652-556788d1cc35{ip: 10.1.1.98, host: fv-az570-546.srgqcr2moziuvm0qev4lajleyh.dx.internal.cloudapp.net, ports: [REPLICATION=40459, RATIS=37527, RATIS_ADMIN=37527, RATIS_SERVER=37527, STANDALONE=38655], networkLocation: /default-rack, certSerialId: null, persistedOpState: IN_SERVICE, persistedOpStateExpiryEpochSec: 0} moved to stale state. Finalizing its pipelines [PipelineID=4f4812e9-8800-420a-9801-6843776d4dcd, PipelineID=4b4af7ab-24f5-4277-97ca-d2d7521992be]
2022-10-11 12:50:40,604 [SCMBlockDeletingService#0] DEBUG block.SCMBlockDeletingService (SCMBlockDeletingService.java:call(131)) - Running DeletedBlockTransactionScanner
2022-10-11 12:50:40,704 [SCMBlockDeletingService#0] DEBUG block.SCMBlockDeletingService (SCMBlockDeletingService.java:call(131)) - Running DeletedBlockTransactionScanner
2022-10-11 12:50:40,804 [SCMBlockDeletingService#0] DEBUG block.SCMBlockDeletingService (SCMBlockDeletingService.java:call(131)) - Running DeletedBlockTransactionScanner
2022-10-11 12:50:40,904 [SCMBlockDeletingService#0] DEBUG block.SCMBlockDeletingService (SCMBlockDeletingService.java:call(131)) - Running DeletedBlockTransactionScanner
2022-10-11 12:50:41,005 [SCMBlockDeletingService#0] DEBUG block.SCMBlockDeletingService (SCMBlockDeletingService.java:call(131)) - Running DeletedBlockTransactionScanner
2022-10-11 12:50:41,105 [SCMBlockDeletingService#0] DEBUG block.SCMBlockDeletingService (SCMBlockDeletingService.java:call(131)) - Running DeletedBlockTransactionScanner
2022-10-11 12:50:41,205 [SCMBlockDeletingService#0] DEBUG block.SCMBlockDeletingService (SCMBlockDeletingService.java:call(131)) - Running DeletedBlockTransactionScanner
2022-10-11 12:50:41,305 [SCMBlockDeletingService#0] DEBUG block.SCMBlockDeletingService (SCMBlockDeletingService.java:call(131)) - Running DeletedBlockTransactionScanner
2022-10-11 12:50:41,405 [SCMBlockDeletingService#0] DEBUG block.SCMBlockDeletingService (SCMBlockDeletingService.java:call(131)) - Running DeletedBlockTransactionScanner
2022-10-11 12:50:41,505 [SCMBlockDeletingService#0] DEBUG block.SCMBlockDeletingService (SCMBlockDeletingService.java:call(131)) - Running DeletedBlockTransactionScanner
2022-10-11 12:50:41,605 [SCMBlockDeletingService#0] DEBUG block.SCMBlockDeletingService (SCMBlockDeletingService.java:call(131)) - Running DeletedBlockTransactionScanner
2022-10-11 12:50:41,705 [SCMBlockDeletingService#0] DEBUG block.SCMBlockDeletingService (SCMBlockDeletingService.java:call(131)) - Running DeletedBlockTransactionScanner
2022-10-11 12:50:41,730 [ForkJoinPool.commonPool-worker-0] INFO  utils.BackgroundService (BackgroundService.java:shutdown(141)) - Shutting down service BlockDeletingService
2022-10-11 12:50:41,731 [ForkJoinPool.commonPool-worker-0] INFO  utils.BackgroundService (BackgroundService.java:shutdown(141)) - Shutting down service StaleRecoveringContainerScrubbingService
2022-10-11 12:50:41,734 [ForkJoinPool.commonPool-worker-0] INFO  statemachine.DatanodeStateMachine (DatanodeStateMachine.java:stopDaemon(580)) - Ozone container server stopped.
2022-10-11 12:50:41,749 [ForkJoinPool.commonPool-worker-0] INFO  handler.ContextHandler (ContextHandler.java:doStop(1153)) - Stopped o.e.j.w.WebAppContext@ed2eced{hddsDatanode,/,null,STOPPED}{jar:file:/home/runner/.m2/repository/org/apache/ozone/hdds-container-service/1.3.0-SNAPSHOT/hdds-container-service-1.3.0-SNAPSHOT.jar!/webapps/hddsDatanode}
2022-10-11 12:50:41,749 [ForkJoinPool.commonPool-worker-0] INFO  server.AbstractConnector (AbstractConnector.java:doStop(381)) - Stopped ServerConnector@3a439ff7{HTTP/1.1, (http/1.1)}{0.0.0.0:0}
2022-10-11 12:50:41,749 [ForkJoinPool.commonPool-worker-0] INFO  server.session (HouseKeeper.java:stopScavenging(149)) - node0 Stopped scavenging
2022-10-11 12:50:41,751 [ForkJoinPool.commonPool-worker-0] INFO  handler.ContextHandler (ContextHandler.java:doStop(1153)) - Stopped o.e.j.s.ServletContextHandler@7833eb0a{static,/static,jar:file:/home/runner/.m2/repository/org/apache/ozone/hdds-container-service/1.3.0-SNAPSHOT/hdds-container-service-1.3.0-SNAPSHOT.jar!/webapps/static,STOPPED}
2022-10-11 12:50:41,751 [ForkJoinPool.commonPool-worker-0] INFO  handler.ContextHandler (ContextHandler.java:doStop(1153)) - Stopped o.e.j.s.ServletContextHandler@6b31915f{logs,/logs,file:///home/runner/work/ozone/ozone/hadoop-ozone/integration-test/target/log,STOPPED}
2022-10-11 12:50:41,753 [Listener at 127.0.0.1/44985] INFO  ozone.MiniOzoneClusterImpl (MiniOzoneClusterImpl.java:stopSCM(537)) - Stopping the StorageContainerManager
2022-10-11 12:50:41,753 [Listener at 127.0.0.1/44985] INFO  server.StorageContainerManager (StorageContainerManager.java:stop(1528)) - Container Balancer is not running.
2022-10-11 12:50:41,754 [Listener at 127.0.0.1/44985] INFO  server.StorageContainerManager (StorageContainerManager.java:stop(1535)) - Stopping Replication Manager Service.
2022-10-11 12:50:41,754 [Listener at 127.0.0.1/44985] INFO  replication.ReplicationManager (ReplicationManager.java:stop(257)) - Stopping Replication Monitor Thread.
2022-10-11 12:50:41,754 [Listener at 127.0.0.1/44985] INFO  server.StorageContainerManager (StorageContainerManager.java:stop(1542)) - Stopping the Datanode Admin Monitor.
2022-10-11 12:50:41,754 [ReplicationMonitor] INFO  replication.ReplicationManager (ReplicationManager.java:run(509)) - Replication Monitor Thread is stopped
2022-10-11 12:50:41,754 [Over Replicated Processor] WARN  replication.OverReplicatedProcessor (OverReplicatedProcessor.java:run(137)) - Over Replicated Processor interrupted. Exiting...
2022-10-11 12:50:41,754 [Under Replicated Processor] WARN  replication.UnderReplicatedProcessor (UnderReplicatedProcessor.java:run(148)) - Under Replicated Processor interrupted. Exiting...
2022-10-11 12:50:41,754 [Listener at 127.0.0.1/44985] INFO  server.StorageContainerManager (StorageContainerManager.java:stop(1549)) - Stopping Lease Manager of the command watchers
2022-10-11 12:50:41,755 [Listener at 127.0.0.1/44985] INFO  server.StorageContainerManager (StorageContainerManager.java:stop(1556)) - Stopping datanode service RPC server
2022-10-11 12:50:41,755 [Listener at 127.0.0.1/44985] INFO  server.SCMDatanodeProtocolServer (SCMDatanodeProtocolServer.java:stop(414)) - Stopping the RPC server for DataNodes
2022-10-11 12:50:41,755 [Listener at 127.0.0.1/44985] INFO  ipc.Server (Server.java:stop(3414)) - Stopping server on 38647
2022-10-11 12:50:41,758 [IPC Server listener on 0] INFO  ipc.Server (Server.java:run(1376)) - Stopping IPC Server listener on 0
2022-10-11 12:50:41,758 [IPC Server Responder] INFO  ipc.Server (Server.java:run(1512)) - Stopping IPC Server Responder
2022-10-11 12:50:41,799 [SCM Heartbeat Processing Thread - 0] WARN  node.NodeStateManager (NodeStateManager.java:scheduleNextHealthCheck(870)) - Current Thread is interrupted, shutting down HB processing thread for Node Manager.
2022-10-11 12:50:41,799 [Listener at 127.0.0.1/44985] INFO  server.StorageContainerManager (StorageContainerManager.java:stop(1564)) - Stopping block service RPC server
2022-10-11 12:50:41,800 [Listener at 127.0.0.1/44985] INFO  server.SCMBlockProtocolServer (SCMBlockProtocolServer.java:stop(161)) - Stopping the RPC server for Block Protocol
2022-10-11 12:50:41,800 [Listener at 127.0.0.1/44985] INFO  ipc.Server (Server.java:stop(3414)) - Stopping server on 34137
2022-10-11 12:50:41,801 [IPC Server listener on 0] INFO  ipc.Server (Server.java:run(1376)) - Stopping IPC Server listener on 0
2022-10-11 12:50:41,802 [IPC Server Responder] INFO  ipc.Server (Server.java:run(1512)) - Stopping IPC Server Responder
2022-10-11 12:50:41,803 [Listener at 127.0.0.1/44985] INFO  server.StorageContainerManager (StorageContainerManager.java:stop(1571)) - Stopping the StorageContainerLocationProtocol RPC server
2022-10-11 12:50:41,803 [Listener at 127.0.0.1/44985] INFO  server.SCMClientProtocolServer (SCMClientProtocolServer.java:stop(179)) - Stopping the RPC server for Client Protocol
2022-10-11 12:50:41,803 [Listener at 127.0.0.1/44985] INFO  ipc.Server (Server.java:stop(3414)) - Stopping server on 43591
2022-10-11 12:50:41,805 [IPC Server listener on 0] INFO  ipc.Server (Server.java:run(1376)) - Stopping IPC Server listener on 0
2022-10-11 12:50:41,806 [SCMBlockDeletingService#0] DEBUG block.SCMBlockDeletingService (SCMBlockDeletingService.java:call(131)) - Running DeletedBlockTransactionScanner
2022-10-11 12:50:41,806 [Listener at 127.0.0.1/44985] INFO  server.StorageContainerManager (StorageContainerManager.java:stop(1578)) - Stopping Storage Container Manager HTTP server.
2022-10-11 12:50:41,807 [Listener at 127.0.0.1/44985] INFO  handler.ContextHandler (ContextHandler.java:doStop(1153)) - Stopped o.e.j.w.WebAppContext@23c0b6b{scm,/,null,STOPPED}{file:/home/runner/work/ozone/ozone/hadoop-ozone/integration-test/target/test-classes/webapps/scm}
2022-10-11 12:50:41,807 [IPC Server Responder] INFO  ipc.Server (Server.java:run(1512)) - Stopping IPC Server Responder
2022-10-11 12:50:41,808 [Listener at 127.0.0.1/44985] INFO  server.AbstractConnector (AbstractConnector.java:doStop(381)) - Stopped ServerConnector@264a62a9{HTTP/1.1, (http/1.1)}{0.0.0.0:0}
2022-10-11 12:50:41,808 [Listener at 127.0.0.1/44985] INFO  server.session (HouseKeeper.java:stopScavenging(149)) - node0 Stopped scavenging
2022-10-11 12:50:41,809 [Listener at 127.0.0.1/44985] INFO  handler.ContextHandler (ContextHandler.java:doStop(1153)) - Stopped o.e.j.s.ServletContextHandler@272bea02{static,/static,file:///home/runner/work/ozone/ozone/hadoop-ozone/integration-test/target/test-classes/webapps/static,STOPPED}
2022-10-11 12:50:41,809 [Listener at 127.0.0.1/44985] INFO  handler.ContextHandler (ContextHandler.java:doStop(1153)) - Stopped o.e.j.s.ServletContextHandler@38e77cad{logs,/logs,file:///home/runner/work/ozone/ozone/hadoop-ozone/integration-test/target/log,STOPPED}
2022-10-11 12:50:41,810 [Listener at 127.0.0.1/44985] INFO  server.StorageContainerManager (StorageContainerManager.java:stop(1584)) - Stopping SCM LayoutVersionManager Service.
2022-10-11 12:50:41,810 [Listener at 127.0.0.1/44985] INFO  server.StorageContainerManager (StorageContainerManager.java:stop(1592)) - Stopping Block Manager Service.
2022-10-11 12:50:41,811 [Listener at 127.0.0.1/44985] INFO  utils.BackgroundService (BackgroundService.java:shutdown(141)) - Shutting down service SCMBlockDeletingService
2022-10-11 12:50:41,811 [Listener at 127.0.0.1/44985] INFO  utils.BackgroundService (BackgroundService.java:shutdown(141)) - Shutting down service SCMBlockDeletingService
2022-10-11 12:50:41,811 [Listener at 127.0.0.1/44985] INFO  server.StorageContainerManager (StorageContainerManager.java:stop(1619)) - Stopping SCM Event Queue.
2022-10-11 12:50:41,814 [Listener at 127.0.0.1/44985] INFO  server.StorageContainerManager (StorageContainerManager.java:stop(1630)) - Stopping SCM HA services.
2022-10-11 12:50:41,814 [Listener at 127.0.0.1/44985] INFO  pipeline.BackgroundPipelineCreator (BackgroundPipelineCreator.java:stop(149)) - Stopping RatisPipelineUtilsThread.
2022-10-11 12:50:41,814 [RatisPipelineUtilsThread - 0] WARN  pipeline.BackgroundPipelineCreator (BackgroundPipelineCreator.java:run(180)) - RatisPipelineUtilsThread is interrupted.
2022-10-11 12:50:41,814 [Listener at 127.0.0.1/44985] INFO  BackgroundPipelineScrubber (BackgroundSCMService.java:stop(131)) - Stopping BackgroundPipelineScrubber Service.
2022-10-11 12:50:41,815 [BackgroundPipelineScrubberThread] WARN  BackgroundPipelineScrubber (BackgroundSCMService.java:run(115)) - BackgroundPipelineScrubber is interrupted, exit
2022-10-11 12:50:41,815 [Listener at 127.0.0.1/44985] INFO  server.StorageContainerManager (StorageContainerManager.java:stop(1640)) - Stopping SCM MetadataStore.
2022-10-11 12:50:41,817 [Listener at 127.0.0.1/44985] INFO  impl.MetricsSystemImpl (MetricsSystemImpl.java:stop(210)) - Stopping HddsDatanode metrics system...
2022-10-11 12:50:41,826 [prometheus] INFO  impl.MetricsSinkAdapter (MetricsSinkAdapter.java:publishMetricsFromQueue(141)) - prometheus thread interrupted.
2022-10-11 12:50:41,827 [Listener at 127.0.0.1/44985] INFO  impl.MetricsSystemImpl (MetricsSystemImpl.java:stop(216)) - HddsDatanode metrics system stopped.
2022-10-11 12:50:41,828 [Listener at 127.0.0.1/44985] WARN  pipeline.BackgroundPipelineCreator (BackgroundPipelineCreator.java:stop(145)) - RatisPipelineUtilsThread is not running, just ignore.
2022-10-11 12:50:41,828 [Listener at 127.0.0.1/44985] INFO  BackgroundPipelineScrubber (BackgroundSCMService.java:stop(126)) - BackgroundPipelineScrubber Service is not running, skip stop.
2022-10-11 12:50:41,828 [Listener at 127.0.0.1/44985] INFO  ExpiredContainerReplicaOpScrubber (BackgroundSCMService.java:stop(131)) - Stopping ExpiredContainerReplicaOpScrubber Service.
2022-10-11 12:50:41,828 [ExpiredContainerReplicaOpScrubberThread] WARN  ExpiredContainerReplicaOpScrubber (BackgroundSCMService.java:run(115)) - ExpiredContainerReplicaOpScrubber is interrupted, exit
2022-10-11 12:50:41,828 [Listener at 127.0.0.1/44985] INFO  utils.BackgroundService (BackgroundService.java:shutdown(141)) - Shutting down service SCMBlockDeletingService
2022-10-11 12:50:41,829 [Listener at 127.0.0.1/44985] INFO  replication.ReplicationManager (ReplicationManager.java:stop(265)) - Replication Monitor Thread is not running.
2022-10-11 12:50:41,829 [Listener at 127.0.0.1/44985] WARN  balancer.ContainerBalancer (ContainerBalancer.java:stop(1096)) - Cannot stop Container Balancer because it's not running
]]></system-out>
  </testcase>
  <testcase name="testBlockDeletion(ReplicationConfig)[2]" classname="org.apache.hadoop.ozone.container.common.statemachine.commandhandler.TestBlockDeletion" time="53.403">
    <system-out><![CDATA[2022-10-11 12:50:41,911 [Listener at 127.0.0.1/44985] WARN  server.ServerUtils (ServerUtils.java:getScmDbDir(148)) - ozone.scm.db.dirs is not configured. We recommend adding this setting. Falling back to ozone.metadata.dirs instead.
2022-10-11 12:50:41,917 [Listener at 127.0.0.1/44985] WARN  server.ServerUtils (ServerUtils.java:getScmDbDir(148)) - ozone.scm.db.dirs is not configured. We recommend adding this setting. Falling back to ozone.metadata.dirs instead.
2022-10-11 12:50:41,918 [Listener at 127.0.0.1/44985] INFO  ha.SCMHANodeDetails (SCMHANodeDetails.java:loadSCMHAConfig(209)) - ServiceID for StorageContainerManager is null
2022-10-11 12:50:41,918 [Listener at 127.0.0.1/44985] INFO  ha.SCMHANodeDetails (SCMHANodeDetails.java:loadSCMHAConfig(214)) - ozone.scm.default.service.id is not defined, falling back to ozone.scm.service.ids to find serviceID for StorageContainerManager if it is HA enabled cluster
2022-10-11 12:50:41,919 [Listener at 127.0.0.1/44985] WARN  utils.HAUtils (HAUtils.java:getMetaDir(342)) - ozone.scm.db.dirs is not configured. We recommend adding this setting. Falling back to ozone.metadata.dirs instead.
2022-10-11 12:50:41,919 [Listener at 127.0.0.1/44985] WARN  db.DBStoreBuilder (DBStoreBuilder.java:applyDBDefinition(144)) - ozone.scm.db.dirs is not configured. We recommend adding this setting. Falling back to ozone.metadata.dirs instead.
2022-10-11 12:50:42,070 [Listener at 127.0.0.1/44985] INFO  net.NodeSchemaLoader (NodeSchemaLoader.java:loadSchemaFromFile(129)) - Loading schema from [jar:file:/home/runner/.m2/repository/org/apache/ozone/hdds-common/1.3.0-SNAPSHOT/hdds-common-1.3.0-SNAPSHOT.jar!/network-topology-default.xml]
2022-10-11 12:50:42,070 [Listener at 127.0.0.1/44985] INFO  net.NodeSchemaLoader (NodeSchemaLoader.java:loadSchema(176)) - Loading network topology layer schema file
2022-10-11 12:50:42,073 [Listener at 127.0.0.1/44985] INFO  upgrade.AbstractLayoutVersionManager (AbstractLayoutVersionManager.java:init(83)) - Initializing Layout version manager with metadata layout = DATANODE_SCHEMA_V3 (version = 4), software layout = DATANODE_SCHEMA_V3 (version = 4)
2022-10-11 12:50:42,119 [Listener at 127.0.0.1/44985] INFO  reflections.Reflections (Reflections.java:scan(232)) - Reflections took 45 ms to scan 7 urls, producing 137 keys and 328 values 
2022-10-11 12:50:42,121 [Listener at 127.0.0.1/44985] INFO  ha.SequenceIdGenerator (SequenceIdGenerator.java:upgradeToSequenceId(349)) - upgrade localId to 109611004723200000
2022-10-11 12:50:42,122 [Listener at 127.0.0.1/44985] INFO  ha.SequenceIdGenerator (SequenceIdGenerator.java:upgradeToSequenceId(359)) - upgrade delTxnId to 0
2022-10-11 12:50:42,122 [Listener at 127.0.0.1/44985] INFO  ha.SequenceIdGenerator (SequenceIdGenerator.java:upgradeToSequenceId(376)) - upgrade containerId to 0
2022-10-11 12:50:42,122 [Listener at 127.0.0.1/44985] INFO  ha.SequenceIdGenerator (SequenceIdGenerator.java:<init>(220)) - Init the HA SequenceIdGenerator.
2022-10-11 12:50:42,123 [Listener at 127.0.0.1/44985] INFO  node.SCMNodeManager (SCMNodeManager.java:<init>(149)) - Entering startup safe mode.
2022-10-11 12:50:42,123 [Listener at 127.0.0.1/44985] INFO  algorithms.ContainerPlacementPolicyFactory (ContainerPlacementPolicyFactory.java:getPolicyInternal(86)) - Create container placement policy of type org.apache.hadoop.hdds.scm.container.placement.algorithms.SCMContainerPlacementRandom
2022-10-11 12:50:42,124 [Listener at 127.0.0.1/44985] INFO  algorithms.ContainerPlacementPolicyFactory (ContainerPlacementPolicyFactory.java:getPolicyInternal(86)) - Create container placement policy of type org.apache.hadoop.hdds.scm.container.placement.algorithms.SCMContainerPlacementRackScatter
2022-10-11 12:50:42,124 [Listener at 127.0.0.1/44985] INFO  pipeline.PipelineStateManagerImpl (PipelineStateManagerImpl.java:initialize(78)) - No pipeline exists in current db
2022-10-11 12:50:42,124 [Listener at 127.0.0.1/44985] INFO  algorithms.LeaderChoosePolicyFactory (LeaderChoosePolicyFactory.java:getPolicy(57)) - Create leader choose policy of type org.apache.hadoop.hdds.scm.pipeline.leader.choose.algorithms.MinLeaderCountChoosePolicy
2022-10-11 12:50:42,125 [Listener at 127.0.0.1/44985] INFO  algorithms.ContainerPlacementPolicyFactory (ContainerPlacementPolicyFactory.java:getPolicyInternal(86)) - Create container placement policy of type org.apache.hadoop.hdds.scm.container.placement.algorithms.SCMContainerPlacementRackScatter
2022-10-11 12:50:42,125 [Listener at 127.0.0.1/44985] INFO  ha.SCMServiceManager (SCMServiceManager.java:register(42)) - Registering service BackgroundPipelineCreator.
2022-10-11 12:50:42,125 [Listener at 127.0.0.1/44985] INFO  pipeline.BackgroundPipelineCreator (BackgroundPipelineCreator.java:start(124)) - Starting RatisPipelineUtilsThread.
2022-10-11 12:50:42,126 [Listener at 127.0.0.1/44985] INFO  BackgroundPipelineScrubber (BackgroundSCMService.java:start(68)) - Starting BackgroundPipelineScrubber Service.
2022-10-11 12:50:42,126 [Listener at 127.0.0.1/44985] INFO  ha.SCMServiceManager (SCMServiceManager.java:register(42)) - Registering service BackgroundPipelineScrubber.
2022-10-11 12:50:42,127 [Listener at 127.0.0.1/44985] INFO  ExpiredContainerReplicaOpScrubber (BackgroundSCMService.java:start(68)) - Starting ExpiredContainerReplicaOpScrubber Service.
2022-10-11 12:50:42,127 [Listener at 127.0.0.1/44985] INFO  ha.SCMServiceManager (SCMServiceManager.java:register(42)) - Registering service ExpiredContainerReplicaOpScrubber.
2022-10-11 12:50:42,129 [Listener at 127.0.0.1/44985] INFO  algorithms.PipelineChoosePolicyFactory (PipelineChoosePolicyFactory.java:createPipelineChoosePolicyFromClass(73)) - Create pipeline choose policy of type org.apache.hadoop.hdds.scm.pipeline.choose.algorithms.RandomPipelineChoosePolicy
2022-10-11 12:50:42,129 [Listener at 127.0.0.1/44985] INFO  ha.SCMServiceManager (SCMServiceManager.java:register(42)) - Registering service SCMBlockDeletingService.
2022-10-11 12:50:42,130 [Listener at 127.0.0.1/44985] INFO  replication.ReplicationManager (ReplicationManager.java:start(223)) - Starting Replication Monitor Thread.
2022-10-11 12:50:42,131 [Listener at 127.0.0.1/44985] INFO  ha.SCMServiceManager (SCMServiceManager.java:register(42)) - Registering service ReplicationManager.
2022-10-11 12:50:42,132 [Listener at 127.0.0.1/44985] INFO  safemode.ContainerSafeModeRule (ContainerSafeModeRule.java:<init>(89)) - containers with one replica threshold count 0
2022-10-11 12:50:42,133 [Listener at 127.0.0.1/44985] INFO  safemode.HealthyPipelineSafeModeRule (HealthyPipelineSafeModeRule.java:initializeRule(169)) - Total pipeline count is 0, healthy pipeline threshold count is 1
2022-10-11 12:50:42,133 [Listener at 127.0.0.1/44985] INFO  safemode.OneReplicaPipelineSafeModeRule (OneReplicaPipelineSafeModeRule.java:initializeRule(180)) - Total pipeline count is 0, pipeline's with at least one datanode reported threshold count is 0
2022-10-11 12:50:42,133 [ReplicationMonitor] INFO  replication.ReplicationManager (ReplicationManager.java:processAll(291)) - Replication Manager is not ready to run until 3000ms after safemode exit
2022-10-11 12:50:42,134 [Listener at 127.0.0.1/44985] INFO  ipc.CallQueueManager (CallQueueManager.java:<init>(90)) - Using callQueue: class java.util.concurrent.LinkedBlockingQueue, queueCapacity: 2000, scheduler: class org.apache.hadoop.ipc.DefaultRpcScheduler, ipcBackoff: false.
2022-10-11 12:50:42,135 [Socket Reader #1 for port 0] INFO  ipc.Server (Server.java:run(1265)) - Starting Socket Reader #1 for port 0
2022-10-11 12:50:42,135 [Listener at 0.0.0.0/37919] INFO  ipc.CallQueueManager (CallQueueManager.java:<init>(90)) - Using callQueue: class java.util.concurrent.LinkedBlockingQueue, queueCapacity: 2000, scheduler: class org.apache.hadoop.ipc.DefaultRpcScheduler, ipcBackoff: false.
2022-10-11 12:50:42,136 [Socket Reader #1 for port 0] INFO  ipc.Server (Server.java:run(1265)) - Starting Socket Reader #1 for port 0
2022-10-11 12:50:42,137 [Listener at 0.0.0.0/36429] INFO  ipc.CallQueueManager (CallQueueManager.java:<init>(90)) - Using callQueue: class java.util.concurrent.LinkedBlockingQueue, queueCapacity: 2000, scheduler: class org.apache.hadoop.ipc.DefaultRpcScheduler, ipcBackoff: false.
2022-10-11 12:50:42,138 [Socket Reader #1 for port 0] INFO  ipc.Server (Server.java:run(1265)) - Starting Socket Reader #1 for port 0
2022-10-11 12:50:42,157 [Listener at 0.0.0.0/34187] INFO  ha.SCMServiceManager (SCMServiceManager.java:register(42)) - Registering service ContainerBalancer.
2022-10-11 12:50:42,157 [Listener at 0.0.0.0/34187] INFO  server.StorageContainerManager (StorageContainerManager.java:<init>(410)) - 
Container Balancer status:
Key                            Value
Running                        false
Container Balancer Configuration values:
Key                                                Value
Threshold                                          10
Max Datanodes to Involve per Iteration(percent)    20
Max Size to Move per Iteration                     500GB
Max Size Entering Target per Iteration             26GB
Max Size Leaving Source per Iteration              26GB

2022-10-11 12:50:42,158 [Listener at 0.0.0.0/34187] WARN  events.EventQueue (EventQueue.java:fireEvent(216)) - No event handler registered for event TypedEvent{payloadType=SafeModeStatus, name='Safe mode status'}
2022-10-11 12:50:42,158 [Listener at 0.0.0.0/34187] INFO  ha.SCMContext (SCMContext.java:updateSafeModeStatus(228)) - Update SafeModeStatus from SafeModeStatus{safeModeStatus=true, preCheckPassed=false} to SafeModeStatus{safeModeStatus=true, preCheckPassed=false}.
2022-10-11 12:50:42,158 [Listener at 0.0.0.0/34187] INFO  server.StorageContainerManager (StorageContainerManager.java:start(1436)) - StorageContainerLocationProtocol RPC server is listening at /0.0.0.0:34187
2022-10-11 12:50:42,160 [Listener at 0.0.0.0/34187] WARN  impl.MetricsConfig (MetricsConfig.java:loadFirst(136)) - Cannot locate configuration: tried hadoop-metrics2-storagecontainermanager.properties,hadoop-metrics2.properties
2022-10-11 12:50:42,163 [Listener at 0.0.0.0/34187] INFO  impl.MetricsSystemImpl (MetricsSystemImpl.java:startTimer(378)) - Scheduled Metric snapshot period at 10 second(s).
2022-10-11 12:50:42,163 [Listener at 0.0.0.0/34187] INFO  impl.MetricsSystemImpl (MetricsSystemImpl.java:start(191)) - StorageContainerManager metrics system started
2022-10-11 12:50:42,179 [Listener at 0.0.0.0/34187] INFO  impl.MetricsSinkAdapter (MetricsSinkAdapter.java:start(204)) - Sink prometheus started
2022-10-11 12:50:42,180 [Listener at 0.0.0.0/34187] INFO  impl.MetricsSystemImpl (MetricsSystemImpl.java:registerSink(305)) - Registered sink prometheus
2022-10-11 12:50:42,195 [Listener at 0.0.0.0/34187] INFO  server.SCMClientProtocolServer (SCMClientProtocolServer.java:start(170)) - RPC server for Client  is listening at /0.0.0.0:34187
2022-10-11 12:50:42,199 [IPC Server Responder] INFO  ipc.Server (Server.java:run(1507)) - IPC Server Responder: starting
2022-10-11 12:50:42,200 [IPC Server listener on 0] INFO  ipc.Server (Server.java:run(1344)) - IPC Server listener on 0: starting
2022-10-11 12:50:42,215 [Listener at 0.0.0.0/34187] INFO  server.StorageContainerManager (StorageContainerManager.java:start(1451)) - ScmBlockLocationProtocol RPC server is listening at /0.0.0.0:36429
2022-10-11 12:50:42,215 [Listener at 0.0.0.0/34187] INFO  server.SCMBlockProtocolServer (SCMBlockProtocolServer.java:start(152)) - RPC server for Block Protocol is listening at /0.0.0.0:36429
2022-10-11 12:50:42,216 [IPC Server Responder] INFO  ipc.Server (Server.java:run(1507)) - IPC Server Responder: starting
2022-10-11 12:50:42,216 [IPC Server listener on 0] INFO  ipc.Server (Server.java:run(1344)) - IPC Server listener on 0: starting
2022-10-11 12:50:42,219 [Listener at 0.0.0.0/34187] INFO  server.SCMDatanodeProtocolServer (SCMDatanodeProtocolServer.java:start(186)) - ScmDatanodeProtocol RPC server for DataNodes is listening at /0.0.0.0:37919
2022-10-11 12:50:42,219 [IPC Server Responder] INFO  ipc.Server (Server.java:run(1507)) - IPC Server Responder: starting
2022-10-11 12:50:42,219 [IPC Server listener on 0] INFO  ipc.Server (Server.java:run(1344)) - IPC Server listener on 0: starting
2022-10-11 12:50:42,231 [Listener at 0.0.0.0/34187] INFO  http.BaseHttpServer (BaseHttpServer.java:newHttpServer2BuilderForOzone(213)) - Starting Web-server for scm at: http://0.0.0.0:0
2022-10-11 12:50:42,231 [org.apache.hadoop.util.JvmPauseMonitor$Monitor@6d55d0d6] INFO  util.JvmPauseMonitor (JvmPauseMonitor.java:run(188)) - Starting JVM pause monitor
2022-10-11 12:50:42,231 [Listener at 0.0.0.0/34187] INFO  http.BaseHttpServer (BaseHttpServer.java:<init>(108)) - Hadoop Security Enabled: false Ozone Security Enabled: false Ozone HTTP Security Enabled: false 
2022-10-11 12:50:42,233 [Listener at 0.0.0.0/34187] INFO  server.AuthenticationFilter (AuthenticationFilter.java:constructSecretProvider(240)) - Unable to initialize FileSignerSecretProvider, falling back to use random secrets.
2022-10-11 12:50:42,236 [Listener at 0.0.0.0/34187] WARN  http.HttpRequestLog (HttpRequestLog.java:getRequestLog(103)) - Jetty request log can only be enabled using Log4j
2022-10-11 12:50:42,238 [Listener at 0.0.0.0/34187] INFO  http.HttpServer2 (HttpServer2.java:addGlobalFilter(1031)) - Added global filter 'safety' (class=org.apache.hadoop.hdds.server.http.HttpServer2$QuotingInputFilter)
2022-10-11 12:50:42,241 [Listener at 0.0.0.0/34187] INFO  http.HttpServer2 (HttpServer2.java:addFilter(1007)) - Added filter static_user_filter (class=org.apache.hadoop.http.lib.StaticUserWebFilter$StaticUserFilter) to context scm
2022-10-11 12:50:42,241 [Listener at 0.0.0.0/34187] INFO  http.HttpServer2 (HttpServer2.java:addFilter(1015)) - Added filter static_user_filter (class=org.apache.hadoop.http.lib.StaticUserWebFilter$StaticUserFilter) to context logs
2022-10-11 12:50:42,241 [Listener at 0.0.0.0/34187] INFO  http.HttpServer2 (HttpServer2.java:addFilter(1015)) - Added filter static_user_filter (class=org.apache.hadoop.http.lib.StaticUserWebFilter$StaticUserFilter) to context static
2022-10-11 12:50:42,242 [Listener at 0.0.0.0/34187] INFO  http.HttpServer2 (HttpServer2.java:bindListener(1250)) - Jetty bound to port 43795
2022-10-11 12:50:42,242 [Listener at 0.0.0.0/34187] INFO  server.Server (Server.java:doStart(375)) - jetty-9.4.43.v20210629; built: 2021-06-30T11:07:22.254Z; git: 526006ecfa3af7f1a27ef3a288e2bef7ea9dd7e8; jvm 1.8.0_345-b01
2022-10-11 12:50:42,247 [Listener at 0.0.0.0/34187] INFO  server.session (DefaultSessionIdManager.java:doStart(334)) - DefaultSessionIdManager workerName=node0
2022-10-11 12:50:42,248 [Listener at 0.0.0.0/34187] INFO  server.session (DefaultSessionIdManager.java:doStart(339)) - No SessionScavenger set, using defaults
2022-10-11 12:50:42,248 [Listener at 0.0.0.0/34187] INFO  server.session (HouseKeeper.java:startScavenging(132)) - node0 Scavenging every 660000ms
2022-10-11 12:50:42,249 [Listener at 0.0.0.0/34187] INFO  handler.ContextHandler (ContextHandler.java:doStart(915)) - Started o.e.j.s.ServletContextHandler@6b532a5{logs,/logs,file:///home/runner/work/ozone/ozone/hadoop-ozone/integration-test/target/log,AVAILABLE}
2022-10-11 12:50:42,249 [Listener at 0.0.0.0/34187] INFO  handler.ContextHandler (ContextHandler.java:doStart(915)) - Started o.e.j.s.ServletContextHandler@3bbb9611{static,/static,file:///home/runner/work/ozone/ozone/hadoop-ozone/integration-test/target/test-classes/webapps/static,AVAILABLE}
2022-10-11 12:50:42,254 [Listener at 0.0.0.0/34187] INFO  handler.ContextHandler (ContextHandler.java:doStart(915)) - Started o.e.j.w.WebAppContext@338e9c24{scm,/,file:///home/runner/work/ozone/ozone/hadoop-ozone/integration-test/target/test-classes/webapps/scm/,AVAILABLE}{file:/home/runner/work/ozone/ozone/hadoop-ozone/integration-test/target/test-classes/webapps/scm}
2022-10-11 12:50:42,257 [Listener at 0.0.0.0/34187] INFO  server.AbstractConnector (AbstractConnector.java:doStart(331)) - Started ServerConnector@3fc252d7{HTTP/1.1, (http/1.1)}{0.0.0.0:43795}
2022-10-11 12:50:42,257 [Listener at 0.0.0.0/34187] INFO  server.Server (Server.java:doStart(415)) - Started @179262ms
2022-10-11 12:50:42,257 [Listener at 0.0.0.0/34187] WARN  impl.MetricsSystemImpl (MetricsSystemImpl.java:register(279)) - Sink prometheus already exists!
2022-10-11 12:50:42,258 [Listener at 0.0.0.0/34187] INFO  http.BaseHttpServer (BaseHttpServer.java:updateConnectorAddress(333)) - HTTP server of scm listening at http://0.0.0.0:43795
2022-10-11 12:50:42,258 [Listener at 0.0.0.0/34187] WARN  server.ServerUtils (ServerUtils.java:getDBPath(225)) - ozone.om.db.dirs is not configured. We recommend adding this setting. Falling back to ozone.metadata.dirs instead.
2022-10-11 12:50:42,260 [Listener at 0.0.0.0/34187] INFO  ha.OMHANodeDetails (OMHANodeDetails.java:loadOMHAConfig(115)) - ozone.om.internal.service.id is not defined, falling back to ozone.om.service.ids to find serviceID for OzoneManager if it is HA enabled cluster
2022-10-11 12:50:42,260 [Listener at 0.0.0.0/34187] INFO  ha.OMHANodeDetails (OMHANodeDetails.java:loadOMHAConfig(226)) - Configuration does not have ozone.om.address set. Falling back to the default OM address /127.0.0.1:0
2022-10-11 12:50:42,261 [Listener at 0.0.0.0/34187] INFO  ha.OMHANodeDetails (OMHANodeDetails.java:getOMNodeDetailsForNonHA(254)) - OM Service ID is not set. Setting it to the default ID: omServiceIdDefault
2022-10-11 12:50:42,261 [Listener at 0.0.0.0/34187] INFO  ha.OMHANodeDetails (OMHANodeDetails.java:getOMNodeDetailsForNonHA(261)) - OM Node ID is not set. Setting it to the default ID: om1
2022-10-11 12:50:42,261 [Listener at 0.0.0.0/34187] WARN  server.ServerUtils (ServerUtils.java:getDBPath(225)) - ozone.om.db.dirs is not configured. We recommend adding this setting. Falling back to ozone.metadata.dirs instead.
2022-10-11 12:50:42,261 [Listener at 0.0.0.0/34187] INFO  upgrade.AbstractLayoutVersionManager (AbstractLayoutVersionManager.java:init(83)) - Initializing Layout version manager with metadata layout = MULTITENANCY_SCHEMA (version = 3), software layout = MULTITENANCY_SCHEMA (version = 3)
2022-10-11 12:50:42,338 [Listener at 0.0.0.0/34187] INFO  reflections.Reflections (Reflections.java:scan(232)) - Reflections took 76 ms to scan 2 urls, producing 154 keys and 428 values [using 2 cores]
2022-10-11 12:50:42,338 [Listener at 0.0.0.0/34187] INFO  upgrade.OMLayoutVersionManager (OMLayoutVersionManager.java:lambda$0(115)) - Skipping Upgrade Action MockOmUpgradeAction since it has been finalized.
2022-10-11 12:50:42,339 [Listener at 0.0.0.0/34187] WARN  server.ServerUtils (ServerUtils.java:getDBPath(225)) - ozone.om.db.dirs is not configured. We recommend adding this setting. Falling back to ozone.metadata.dirs instead.
2022-10-11 12:50:42,342 [Listener at 0.0.0.0/34187] INFO  proxy.SCMBlockLocationFailoverProxyProvider (SCMBlockLocationFailoverProxyProvider.java:<init>(114)) - Created block location fail-over proxy with 1 nodes: [nodeId=scmNodeId,nodeAddress=/0.0.0.0:36429]
2022-10-11 12:50:42,344 [Listener at 0.0.0.0/34187] INFO  proxy.SCMBlockLocationFailoverProxyProvider (SCMBlockLocationFailoverProxyProvider.java:<init>(114)) - Created block location fail-over proxy with 1 nodes: [nodeId=scmNodeId,nodeAddress=/0.0.0.0:36429]
2022-10-11 12:50:42,356 [Listener at 0.0.0.0/34187] WARN  server.ServerUtils (ServerUtils.java:getDBPath(225)) - ozone.om.db.dirs is not configured. We recommend adding this setting. Falling back to ozone.metadata.dirs instead.
2022-10-11 12:50:42,356 [Listener at 0.0.0.0/34187] INFO  codec.OmKeyInfoCodec (OmKeyInfoCodec.java:<init>(49)) - OmKeyInfoCodec ignorePipeline = true
2022-10-11 12:50:42,356 [Listener at 0.0.0.0/34187] INFO  codec.RepeatedOmKeyInfoCodec (RepeatedOmKeyInfoCodec.java:<init>(41)) - RepeatedOmKeyInfoCodec ignorePipeline = true
2022-10-11 12:50:42,560 [Listener at 0.0.0.0/34187] INFO  om.OzoneManager (OzoneManager.java:instantiateServices(712)) - S3 Multi-Tenancy is disabled
2022-10-11 12:50:42,562 [Listener at 0.0.0.0/34187] INFO  om.OzoneManager (OzoneManager.java:addS3GVolumeToDB(4389)) - Created Volume s3v With Owner runner required for S3Gateway operations.
2022-10-11 12:50:42,562 [Listener at 0.0.0.0/34187] WARN  server.ServerUtils (ServerUtils.java:getDefaultRatisDirectory(237)) - Storage directory for Ratis is not configured. It is a good idea to map this to an SSD disk. Falling back to ozone.metadata.dirs
2022-10-11 12:50:42,562 [Listener at 0.0.0.0/34187] WARN  utils.OzoneManagerRatisUtils (OzoneManagerRatisUtils.java:getOMRatisSnapshotDirectory(434)) - ozone.om.ratis.snapshot.dir is not configured. Falling back to ozone.metadata.dirs config
2022-10-11 12:50:42,563 [Listener at 0.0.0.0/34187] WARN  server.ServerUtils (ServerUtils.java:getDefaultRatisDirectory(237)) - Storage directory for Ratis is not configured. It is a good idea to map this to an SSD disk. Falling back to ozone.metadata.dirs
2022-10-11 12:50:42,564 [Listener at 0.0.0.0/34187] INFO  ratis.OzoneManagerRatisServer (OzoneManagerRatisServer.java:<init>(160)) - Instantiating OM Ratis server with groupID: omServiceIdDefault and peers: localhost:9872
2022-10-11 12:50:42,565 [Listener at 0.0.0.0/34187] INFO  ratis.OzoneManagerStateMachine (OzoneManagerStateMachine.java:loadSnapshotInfoFromDB(632)) - LastAppliedIndex is set from TransactionInfo from OM DB as (t:0, i:~)
2022-10-11 12:50:42,565 [Listener at 0.0.0.0/34187] INFO  server.RaftServer (ConfUtils.java:logGet(46)) - raft.rpc.type = GRPC (default)
2022-10-11 12:50:42,565 [Listener at 0.0.0.0/34187] INFO  grpc.GrpcFactory (GrpcFactory.java:checkPooledByteBufAllocatorUseCacheForAllThreads(48)) - PERFORMANCE WARNING: useCacheForAllThreads is true that may cause Netty to create a lot garbage objects and, as a result, trigger GC.
	It is recommended to disable useCacheForAllThreads by setting -Dorg.apache.ratis.thirdparty.io.netty.allocator.useCacheForAllThreads=false in command line.
2022-10-11 12:50:42,566 [Listener at 0.0.0.0/34187] INFO  grpc.GrpcConfigKeys (ConfUtils.java:logGet(46)) - raft.grpc.admin.port = -1 (default)
2022-10-11 12:50:42,566 [Listener at 0.0.0.0/34187] INFO  grpc.GrpcConfigKeys (ConfUtils.java:logGet(46)) - raft.grpc.server.port = 9872 (custom)
2022-10-11 12:50:42,566 [Listener at 0.0.0.0/34187] INFO  grpc.GrpcConfigKeys (ConfUtils.java:logGet(46)) - raft.grpc.client.port = -1 (default)
2022-10-11 12:50:42,566 [Listener at 0.0.0.0/34187] INFO  grpc.GrpcConfigKeys (ConfUtils.java:logGet(46)) - raft.grpc.server.port = 9872 (custom)
2022-10-11 12:50:42,567 [Listener at 0.0.0.0/34187] INFO  grpc.GrpcConfigKeys (ConfUtils.java:logGet(46)) - raft.grpc.server.port = 9872 (custom)
2022-10-11 12:50:42,567 [Listener at 0.0.0.0/34187] INFO  server.GrpcService (ConfUtils.java:logGet(46)) - raft.grpc.message.size.max = 33554432 (custom)
2022-10-11 12:50:42,567 [Listener at 0.0.0.0/34187] INFO  server.RaftServerConfigKeys (ConfUtils.java:logGet(46)) - raft.server.log.appender.buffer.byte-limit = 33554432 (custom)
2022-10-11 12:50:42,567 [Listener at 0.0.0.0/34187] INFO  server.GrpcService (ConfUtils.java:logGet(46)) - raft.grpc.flow.control.window = 1MB (=1048576) (default)
2022-10-11 12:50:42,568 [Listener at 0.0.0.0/34187] INFO  server.RaftServerConfigKeys (ConfUtils.java:logGet(46)) - raft.server.rpc.request.timeout = 3000ms (default)
2022-10-11 12:50:42,568 [Listener at 0.0.0.0/34187] INFO  grpc.GrpcConfigKeys (ConfUtils.java:logGet(46)) - raft.grpc.server.async.request.thread.pool.cached = true (default)
2022-10-11 12:50:42,568 [Listener at 0.0.0.0/34187] INFO  grpc.GrpcConfigKeys (ConfUtils.java:logGet(46)) - raft.grpc.server.async.request.thread.pool.size = 32 (default)
2022-10-11 12:50:42,570 [Listener at 0.0.0.0/34187] INFO  impl.DataStreamServerImpl (ConfUtils.java:logGet(46)) - raft.datastream.type = DISABLED (default)
2022-10-11 12:50:42,570 [Listener at 0.0.0.0/34187] INFO  server.RaftServerConfigKeys (ConfUtils.java:logGet(46)) - raft.server.threadpool.proxy.cached = true (default)
2022-10-11 12:50:42,570 [Listener at 0.0.0.0/34187] INFO  server.RaftServerConfigKeys (ConfUtils.java:logGet(46)) - raft.server.threadpool.proxy.size = 0 (default)
2022-10-11 12:50:42,571 [Listener at 0.0.0.0/34187] INFO  server.RaftServerConfigKeys (ConfUtils.java:logGet(46)) - raft.server.rpc.slowness.timeout = 120s (custom)
2022-10-11 12:50:42,571 [Listener at 0.0.0.0/34187] INFO  server.RaftServerConfigKeys (ConfUtils.java:logGet(46)) - raft.server.leaderelection.leader.step-down.wait-time = 10s (default)
2022-10-11 12:50:42,571 [Listener at 0.0.0.0/34187] INFO  server.RaftServerConfigKeys (ConfUtils.java:logGet(46)) - raft.server.storage.dir = [/home/runner/work/ozone/ozone/hadoop-ozone/integration-test/target/test-dir/MiniOzoneClusterImpl-86edf0e9-7e2c-4cfe-baf2-13fb9c17952e/ozone-meta/ratis] (custom)
2022-10-11 12:50:42,572 [Listener at 0.0.0.0/34187] INFO  server.RaftServer (RaftServerProxy.java:addNew(96)) - om1: addNew group-C5BA1605619E:[om1|rpc:localhost:9872|priority:0] returns group-C5BA1605619E:java.util.concurrent.CompletableFuture@3b0ca1d1[Not completed]
2022-10-11 12:50:42,572 [pool-745-thread-1] INFO  server.RaftServer$Division (RaftServerImpl.java:<init>(190)) - om1: new RaftServerImpl for group-C5BA1605619E:[om1|rpc:localhost:9872|priority:0] with OzoneManagerStateMachine:uninitialized
2022-10-11 12:50:42,572 [Listener at 0.0.0.0/34187] INFO  om.OzoneManager (OzoneManager.java:initializeRatisServer(1979)) - OzoneManager Ratis server initialized at port 9872
2022-10-11 12:50:42,573 [pool-745-thread-1] INFO  server.RaftServerConfigKeys (ConfUtils.java:logGet(46)) - raft.server.rpc.timeout.min = 1s (custom)
2022-10-11 12:50:42,573 [pool-745-thread-1] INFO  server.RaftServerConfigKeys (ConfUtils.java:logGet(46)) - raft.server.rpc.timeout.max = 1200ms (custom)
2022-10-11 12:50:42,573 [pool-745-thread-1] INFO  server.RaftServerConfigKeys (ConfUtils.java:logGet(46)) - raft.server.rpc.sleep.time = 25ms (default)
2022-10-11 12:50:42,573 [pool-745-thread-1] INFO  server.RaftServerConfigKeys (ConfUtils.java:logGet(46)) - raft.server.rpc.slowness.timeout = 120s (custom)
2022-10-11 12:50:42,573 [pool-745-thread-1] INFO  server.RaftServerConfigKeys (ConfUtils.java:logGet(46)) - raft.server.leaderelection.leader.step-down.wait-time = 10s (default)
2022-10-11 12:50:42,573 [pool-745-thread-1] INFO  server.RaftServerConfigKeys (ConfUtils.java:logGet(46)) - raft.server.sleep.deviation.threshold = 300ms (default)
2022-10-11 12:50:42,573 [pool-745-thread-1] INFO  server.RaftServer$Division (ServerState.java:<init>(107)) - om1@group-C5BA1605619E: ConfigurationManager, init=-1: [om1|rpc:localhost:9872|priority:0], old=null, confs=<EMPTY_MAP>
2022-10-11 12:50:42,573 [pool-745-thread-1] INFO  server.RaftServerConfigKeys (ConfUtils.java:logGet(46)) - raft.server.storage.dir = [/home/runner/work/ozone/ozone/hadoop-ozone/integration-test/target/test-dir/MiniOzoneClusterImpl-86edf0e9-7e2c-4cfe-baf2-13fb9c17952e/ozone-meta/ratis] (custom)
2022-10-11 12:50:42,575 [pool-745-thread-1] INFO  server.RaftServerConfigKeys (ConfUtils.java:logGet(46)) - raft.server.log.corruption.policy = EXCEPTION (default)
2022-10-11 12:50:42,575 [pool-745-thread-1] INFO  server.RaftServerConfigKeys (ConfUtils.java:logGet(46)) - raft.server.storage.free-space.min = 0MB (=0) (default)
2022-10-11 12:50:42,576 [pool-745-thread-1] INFO  storage.RaftStorageDirectory (RaftStorageDirectoryImpl.java:analyzeStorage(135)) - The storage directory /home/runner/work/ozone/ozone/hadoop-ozone/integration-test/target/test-dir/MiniOzoneClusterImpl-86edf0e9-7e2c-4cfe-baf2-13fb9c17952e/ozone-meta/ratis/bf265839-605b-3f16-9796-c5ba1605619e does not exist. Creating ...
2022-10-11 12:50:42,574 [Listener at 0.0.0.0/34187] INFO  om.OzoneManager (OzoneManager.java:getRpcServer(1102)) - Creating RPC Server
2022-10-11 12:50:42,578 [pool-745-thread-1] INFO  storage.RaftStorageDirectory (RaftStorageDirectoryImpl.java:tryLock(230)) - Lock on /home/runner/work/ozone/ozone/hadoop-ozone/integration-test/target/test-dir/MiniOzoneClusterImpl-86edf0e9-7e2c-4cfe-baf2-13fb9c17952e/ozone-meta/ratis/bf265839-605b-3f16-9796-c5ba1605619e/in_use.lock acquired by nodename 36499@fv-az570-546
2022-10-11 12:50:42,579 [pool-745-thread-1] INFO  storage.RaftStorage (RaftStorageImpl.java:format(89)) - Storage directory /home/runner/work/ozone/ozone/hadoop-ozone/integration-test/target/test-dir/MiniOzoneClusterImpl-86edf0e9-7e2c-4cfe-baf2-13fb9c17952e/ozone-meta/ratis/bf265839-605b-3f16-9796-c5ba1605619e has been successfully formatted.
2022-10-11 12:50:42,580 [pool-745-thread-1] INFO  server.RaftServerConfigKeys (ConfUtils.java:logGet(46)) - raft.server.notification.no-leader.timeout = 120s (custom)
2022-10-11 12:50:42,580 [pool-745-thread-1] INFO  server.RaftServerConfigKeys (ConfUtils.java:logGet(46)) - raft.server.log.use.memory = false (default)
2022-10-11 12:50:42,580 [pool-745-thread-1] INFO  server.RaftServerConfigKeys (ConfUtils.java:logGet(46)) - raft.server.log.purge.gap = 1000000 (custom)
2022-10-11 12:50:42,580 [pool-745-thread-1] INFO  server.RaftServerConfigKeys (ConfUtils.java:logGet(46)) - raft.server.log.appender.buffer.byte-limit = 33554432 (custom)
2022-10-11 12:50:42,580 [pool-745-thread-1] INFO  server.RaftServerConfigKeys (ConfUtils.java:logGet(46)) - raft.server.log.statemachine.data.read.timeout = 1000ms (default)
2022-10-11 12:50:42,580 [pool-745-thread-1] INFO  server.RaftServerConfigKeys (ConfUtils.java:logGet(46)) - raft.server.log.segment.size.max = 4194304 (custom)
2022-10-11 12:50:42,581 [pool-745-thread-1] INFO  server.RaftServerConfigKeys (ConfUtils.java:logGet(46)) - raft.server.log.segment.cache.num.max = 2 (custom)
2022-10-11 12:50:42,581 [pool-745-thread-1] INFO  server.RaftServerConfigKeys (ConfUtils.java:logGet(46)) - raft.server.log.segment.cache.size.max = 200MB (=209715200) (default)
2022-10-11 12:50:42,581 [pool-745-thread-1] INFO  segmented.SegmentedRaftLogWorker (SegmentedRaftLogWorker.java:<init>(187)) - new om1@group-C5BA1605619E-SegmentedRaftLogWorker for RaftStorageImpl:Storage Directory /home/runner/work/ozone/ozone/hadoop-ozone/integration-test/target/test-dir/MiniOzoneClusterImpl-86edf0e9-7e2c-4cfe-baf2-13fb9c17952e/ozone-meta/ratis/bf265839-605b-3f16-9796-c5ba1605619e
2022-10-11 12:50:42,581 [pool-745-thread-1] INFO  server.RaftServerConfigKeys (ConfUtils.java:logGet(46)) - raft.server.log.queue.byte-limit = 64MB (=67108864) (default)
2022-10-11 12:50:42,581 [pool-745-thread-1] INFO  server.RaftServerConfigKeys (ConfUtils.java:logGet(46)) - raft.server.log.queue.element-limit = 4096 (default)
2022-10-11 12:50:42,581 [pool-745-thread-1] INFO  server.RaftServerConfigKeys (ConfUtils.java:logGet(46)) - raft.server.log.segment.size.max = 4194304 (custom)
2022-10-11 12:50:42,581 [pool-745-thread-1] INFO  server.RaftServerConfigKeys (ConfUtils.java:logGet(46)) - raft.server.log.preallocated.size = 4194304 (custom)
2022-10-11 12:50:42,581 [pool-745-thread-1] INFO  server.RaftServerConfigKeys (ConfUtils.java:logGet(46)) - raft.server.log.force.sync.num = 128 (default)
2022-10-11 12:50:42,581 [pool-745-thread-1] INFO  server.RaftServerConfigKeys (ConfUtils.java:logGet(46)) - raft.server.log.statemachine.data.sync = true (default)
2022-10-11 12:50:42,581 [pool-745-thread-1] INFO  server.RaftServerConfigKeys (ConfUtils.java:logGet(46)) - raft.server.log.statemachine.data.sync.timeout = 10s (default)
2022-10-11 12:50:42,581 [pool-745-thread-1] INFO  server.RaftServerConfigKeys (ConfUtils.java:logGet(46)) - raft.server.log.statemachine.data.sync.timeout.retry = -1 (default)
2022-10-11 12:50:42,583 [pool-745-thread-1] INFO  server.RaftServerConfigKeys (ConfUtils.java:logGet(46)) - raft.server.log.write.buffer.size = 64KB (=65536) (default)
2022-10-11 12:50:42,583 [pool-745-thread-1] INFO  server.RaftServerConfigKeys (ConfUtils.java:logGet(46)) - raft.server.log.unsafe-flush.enabled = false (default)
2022-10-11 12:50:42,583 [pool-745-thread-1] INFO  server.RaftServerConfigKeys (ConfUtils.java:logGet(46)) - raft.server.log.statemachine.data.caching.enabled = false (default)
2022-10-11 12:50:42,583 [pool-745-thread-1] INFO  segmented.SegmentedRaftLogWorker (SegmentedRaftLogWorker.java:lambda$new$0(135)) - om1@group-C5BA1605619E-SegmentedRaftLogWorker: flushIndex: setUnconditionally 0 -> -1
2022-10-11 12:50:42,584 [pool-745-thread-1] INFO  segmented.SegmentedRaftLogWorker (SegmentedRaftLogWorker.java:lambda$new$0(135)) - om1@group-C5BA1605619E-SegmentedRaftLogWorker: safeCacheEvictIndex: setUnconditionally 0 -> -1
2022-10-11 12:50:42,586 [pool-745-thread-1] INFO  server.RaftServerConfigKeys (ConfUtils.java:logGet(46)) - raft.server.snapshot.auto.trigger.enabled = true (custom)
2022-10-11 12:50:42,586 [pool-745-thread-1] INFO  server.RaftServerConfigKeys (ConfUtils.java:logGet(46)) - raft.server.snapshot.auto.trigger.threshold = 400000 (default)
2022-10-11 12:50:42,586 [pool-745-thread-1] INFO  server.RaftServerConfigKeys (ConfUtils.java:logGet(46)) - raft.server.snapshot.retention.file.num = -1 (default)
2022-10-11 12:50:42,586 [pool-745-thread-1] INFO  server.RaftServerConfigKeys (ConfUtils.java:logGet(46)) - raft.server.log.purge.upto.snapshot.index = true (custom)
2022-10-11 12:50:42,587 [pool-745-thread-1] INFO  server.RaftServerConfigKeys (ConfUtils.java:logGet(46)) - raft.server.retrycache.expirytime = 300s (custom)
2022-10-11 12:50:42,587 [pool-745-thread-1] INFO  server.RaftServerConfigKeys (ConfUtils.java:logGet(46)) - raft.server.retrycache.statistics.expirytime = 100μs (default)
2022-10-11 12:50:42,603 [pool-745-thread-1] INFO  server.RaftServerConfigKeys (ConfUtils.java:logGet(46)) - raft.server.log.appender.install.snapshot.enabled = false (custom)
2022-10-11 12:50:42,604 [pool-745-thread-1] INFO  server.RaftServerConfigKeys (ConfUtils.java:logGet(46)) - raft.server.threadpool.server.cached = true (default)
2022-10-11 12:50:42,604 [pool-745-thread-1] INFO  server.RaftServerConfigKeys (ConfUtils.java:logGet(46)) - raft.server.threadpool.server.size = 0 (default)
2022-10-11 12:50:42,604 [pool-745-thread-1] INFO  server.RaftServerConfigKeys (ConfUtils.java:logGet(46)) - raft.server.threadpool.client.cached = true (default)
2022-10-11 12:50:42,604 [pool-745-thread-1] INFO  server.RaftServerConfigKeys (ConfUtils.java:logGet(46)) - raft.server.threadpool.client.size = 0 (default)
2022-10-11 12:50:43,035 [Listener at 0.0.0.0/34187] INFO  reflections.Reflections (Reflections.java:scan(232)) - Reflections took 458 ms to scan 19 urls, producing 67 keys and 4227 values [using 2 cores]
2022-10-11 12:50:43,038 [Listener at 0.0.0.0/34187] INFO  ipc.CallQueueManager (CallQueueManager.java:<init>(90)) - Using callQueue: class java.util.concurrent.LinkedBlockingQueue, queueCapacity: 2000, scheduler: class org.apache.hadoop.ipc.DefaultRpcScheduler, ipcBackoff: false.
2022-10-11 12:50:43,039 [Socket Reader #1 for port 0] INFO  ipc.Server (Server.java:run(1265)) - Starting Socket Reader #1 for port 0
2022-10-11 12:50:43,057 [Listener at 127.0.0.1/39939] INFO  impl.MetricsSystemImpl (MetricsSystemImpl.java:init(158)) - OzoneManager metrics system started (again)
2022-10-11 12:50:43,068 [Listener at 127.0.0.1/39939] INFO  om.OzoneManager (OzoneManager.java:start(1486)) - OzoneManager RPC server is listening at localhost/127.0.0.1:39939
2022-10-11 12:50:43,068 [Listener at 127.0.0.1/39939] INFO  ratis.OzoneManagerRatisServer (OzoneManagerRatisServer.java:start(555)) - Starting OzoneManagerRatisServer om1 at port 9872
2022-10-11 12:50:43,068 [om1-impl-thread1] INFO  server.RaftServer$Division (RaftServerImpl.java:start(310)) - om1@group-C5BA1605619E: start as a follower, conf=-1: [om1|rpc:localhost:9872|priority:0], old=null
2022-10-11 12:50:43,069 [om1-impl-thread1] INFO  server.RaftServer$Division (RaftServerImpl.java:setRole(299)) - om1@group-C5BA1605619E: changes role from      null to FOLLOWER at term 0 for startAsFollower
2022-10-11 12:50:43,069 [om1-impl-thread1] INFO  impl.RoleInfo (RoleInfo.java:updateAndGet(139)) - om1: start om1@group-C5BA1605619E-FollowerState
2022-10-11 12:50:43,069 [om1-impl-thread1] INFO  util.JmxRegister (JmxRegister.java:tryRegister(44)) - Successfully registered JMX Bean with object name Ratis:service=RaftServer,group=group-C5BA1605619E,id=om1
2022-10-11 12:50:43,070 [Listener at 127.0.0.1/39939] INFO  server.RaftServer (RaftServerProxy.java:lambda$start$6(382)) - om1: start RPC server
2022-10-11 12:50:43,073 [Listener at 127.0.0.1/39939] INFO  server.GrpcService (GrpcService.java:startImpl(260)) - om1: GrpcService started, listening on 9872
2022-10-11 12:50:43,074 [Listener at 127.0.0.1/39939] INFO  om.OzoneManager (OzoneManager.java:start(1502)) - Version File has different layout version (3) than OM DB (null). That is expected if this OM has never been finalized to a newer layout version.
2022-10-11 12:50:43,074 [org.apache.ratis.util.JvmPauseMonitor$$Lambda$703/795293305@34b58147] INFO  util.JvmPauseMonitor (JvmPauseMonitor.java:run(103)) - JvmPauseMonitor-om1: Started
2022-10-11 12:50:43,076 [Listener at 127.0.0.1/39939] INFO  http.BaseHttpServer (BaseHttpServer.java:newHttpServer2BuilderForOzone(213)) - Starting Web-server for ozoneManager at: http://0.0.0.0:0
2022-10-11 12:50:43,076 [Listener at 127.0.0.1/39939] INFO  http.BaseHttpServer (BaseHttpServer.java:<init>(108)) - Hadoop Security Enabled: false Ozone Security Enabled: false Ozone HTTP Security Enabled: false 
2022-10-11 12:50:43,078 [Listener at 127.0.0.1/39939] INFO  server.AuthenticationFilter (AuthenticationFilter.java:constructSecretProvider(240)) - Unable to initialize FileSignerSecretProvider, falling back to use random secrets.
2022-10-11 12:50:43,078 [Listener at 127.0.0.1/39939] WARN  http.HttpRequestLog (HttpRequestLog.java:getRequestLog(103)) - Jetty request log can only be enabled using Log4j
2022-10-11 12:50:43,080 [Listener at 127.0.0.1/39939] INFO  http.HttpServer2 (HttpServer2.java:addGlobalFilter(1031)) - Added global filter 'safety' (class=org.apache.hadoop.hdds.server.http.HttpServer2$QuotingInputFilter)
2022-10-11 12:50:43,081 [Listener at 127.0.0.1/39939] INFO  http.HttpServer2 (HttpServer2.java:addFilter(1007)) - Added filter static_user_filter (class=org.apache.hadoop.http.lib.StaticUserWebFilter$StaticUserFilter) to context ozoneManager
2022-10-11 12:50:43,081 [Listener at 127.0.0.1/39939] INFO  http.HttpServer2 (HttpServer2.java:addFilter(1015)) - Added filter static_user_filter (class=org.apache.hadoop.http.lib.StaticUserWebFilter$StaticUserFilter) to context logs
2022-10-11 12:50:43,081 [Listener at 127.0.0.1/39939] INFO  http.HttpServer2 (HttpServer2.java:addFilter(1015)) - Added filter static_user_filter (class=org.apache.hadoop.http.lib.StaticUserWebFilter$StaticUserFilter) to context static
2022-10-11 12:50:43,082 [Listener at 127.0.0.1/39939] INFO  http.HttpServer2 (HttpServer2.java:bindListener(1250)) - Jetty bound to port 37161
2022-10-11 12:50:43,082 [Listener at 127.0.0.1/39939] INFO  server.Server (Server.java:doStart(375)) - jetty-9.4.43.v20210629; built: 2021-06-30T11:07:22.254Z; git: 526006ecfa3af7f1a27ef3a288e2bef7ea9dd7e8; jvm 1.8.0_345-b01
2022-10-11 12:50:43,084 [Listener at 127.0.0.1/39939] INFO  server.session (DefaultSessionIdManager.java:doStart(334)) - DefaultSessionIdManager workerName=node0
2022-10-11 12:50:43,084 [Listener at 127.0.0.1/39939] INFO  server.session (DefaultSessionIdManager.java:doStart(339)) - No SessionScavenger set, using defaults
2022-10-11 12:50:43,084 [Listener at 127.0.0.1/39939] INFO  server.session (HouseKeeper.java:startScavenging(132)) - node0 Scavenging every 660000ms
2022-10-11 12:50:43,085 [Listener at 127.0.0.1/39939] INFO  handler.ContextHandler (ContextHandler.java:doStart(915)) - Started o.e.j.s.ServletContextHandler@78936e72{logs,/logs,file:///home/runner/work/ozone/ozone/hadoop-ozone/integration-test/target/log,AVAILABLE}
2022-10-11 12:50:43,085 [Listener at 127.0.0.1/39939] INFO  handler.ContextHandler (ContextHandler.java:doStart(915)) - Started o.e.j.s.ServletContextHandler@3c8d38f5{static,/static,file:///home/runner/work/ozone/ozone/hadoop-ozone/integration-test/target/test-classes/webapps/static,AVAILABLE}
2022-10-11 12:50:43,089 [Listener at 127.0.0.1/39939] INFO  handler.ContextHandler (ContextHandler.java:doStart(915)) - Started o.e.j.w.WebAppContext@4c48bafa{ozoneManager,/,file:///home/runner/work/ozone/ozone/hadoop-ozone/integration-test/target/test-classes/webapps/ozoneManager/,AVAILABLE}{file:/home/runner/work/ozone/ozone/hadoop-ozone/integration-test/target/test-classes/webapps/ozoneManager}
2022-10-11 12:50:43,092 [Listener at 127.0.0.1/39939] INFO  server.AbstractConnector (AbstractConnector.java:doStart(331)) - Started ServerConnector@41af157b{HTTP/1.1, (http/1.1)}{0.0.0.0:37161}
2022-10-11 12:50:43,092 [Listener at 127.0.0.1/39939] INFO  server.Server (Server.java:doStart(415)) - Started @180098ms
2022-10-11 12:50:43,093 [Listener at 127.0.0.1/39939] WARN  impl.MetricsSystemImpl (MetricsSystemImpl.java:register(279)) - Sink prometheus already exists!
2022-10-11 12:50:43,093 [Listener at 127.0.0.1/39939] INFO  http.BaseHttpServer (BaseHttpServer.java:updateConnectorAddress(333)) - HTTP server of ozoneManager listening at http://0.0.0.0:37161
2022-10-11 12:50:43,094 [IPC Server Responder] INFO  ipc.Server (Server.java:run(1507)) - IPC Server Responder: starting
2022-10-11 12:50:43,105 [IPC Server listener on 0] INFO  ipc.Server (Server.java:run(1344)) - IPC Server listener on 0: starting
2022-10-11 12:50:43,107 [Listener at 127.0.0.1/39939] INFO  om.OzoneManager (OzoneManager.java:startTrashEmptier(1923)) - Trash Interval set to 0. Files deleted won't move to trash
2022-10-11 12:50:43,107 [org.apache.hadoop.util.JvmPauseMonitor$Monitor@65c9de88] INFO  util.JvmPauseMonitor (JvmPauseMonitor.java:run(188)) - Starting JVM pause monitor
2022-10-11 12:50:43,122 [Listener at 127.0.0.1/39939] WARN  impl.MetricRegistriesImpl (MetricRegistriesImpl.java:addReporterRegistration(111)) - New reporters are added after registries were created. Some metrics will be missing from the reporter. Please add reporter before adding any new registry.
2022-10-11 12:50:43,122 [Listener at 127.0.0.1/39939] WARN  impl.MetricRegistriesImpl (MetricRegistriesImpl.java:addReporterRegistration(111)) - New reporters are added after registries were created. Some metrics will be missing from the reporter. Please add reporter before adding any new registry.
2022-10-11 12:50:43,123 [Listener at 127.0.0.1/39939] INFO  impl.MetricsSystemImpl (MetricsSystemImpl.java:init(158)) - HddsDatanode metrics system started (again)
2022-10-11 12:50:43,134 [Listener at 127.0.0.1/39939] INFO  ozone.HddsDatanodeService (HddsDatanodeService.java:start(236)) - HddsDatanodeService host:fv-az570-546.srgqcr2moziuvm0qev4lajleyh.dx.internal.cloudapp.net ip:10.1.1.98
2022-10-11 12:50:43,158 [Listener at 127.0.0.1/39939] INFO  upgrade.AbstractLayoutVersionManager (AbstractLayoutVersionManager.java:init(83)) - Initializing Layout version manager with metadata layout = DATANODE_SCHEMA_V3 (version = 4), software layout = DATANODE_SCHEMA_V3 (version = 4)
2022-10-11 12:50:43,204 [Listener at 127.0.0.1/39939] INFO  reflections.Reflections (Reflections.java:scan(232)) - Reflections took 45 ms to scan 7 urls, producing 137 keys and 328 values 
2022-10-11 12:50:43,206 [Listener at 127.0.0.1/39939] INFO  statemachine.DatanodeStateMachine (DatanodeStateMachine.java:getEndPointTaskThreadPoolSize(237)) - Datanode State Machine Task Thread Pool size 2
2022-10-11 12:50:43,208 [Listener at 127.0.0.1/39939] INFO  volume.HddsVolume (HddsVolume.java:<init>(117)) - Creating HddsVolume: /home/runner/work/ozone/ozone/hadoop-ozone/integration-test/target/test-dir/MiniOzoneClusterImpl-86edf0e9-7e2c-4cfe-baf2-13fb9c17952e/datanode-0/data-0/containers/hdds of storage type : DISK capacity : 9223372036854775807
2022-10-11 12:50:43,208 [Listener at 127.0.0.1/39939] INFO  volume.MutableVolumeSet (MutableVolumeSet.java:initializeVolumeSet(174)) - Added Volume : /home/runner/work/ozone/ozone/hadoop-ozone/integration-test/target/test-dir/MiniOzoneClusterImpl-86edf0e9-7e2c-4cfe-baf2-13fb9c17952e/datanode-0/data-0/containers/hdds to VolumeSet
2022-10-11 12:50:43,208 [Listener at 127.0.0.1/39939] INFO  volume.ThrottledAsyncChecker (ThrottledAsyncChecker.java:schedule(141)) - Scheduling a check for /home/runner/work/ozone/ozone/hadoop-ozone/integration-test/target/test-dir/MiniOzoneClusterImpl-86edf0e9-7e2c-4cfe-baf2-13fb9c17952e/datanode-0/data-0/containers/hdds
2022-10-11 12:50:43,255 [Listener at 127.0.0.1/39939] INFO  volume.StorageVolumeChecker (StorageVolumeChecker.java:checkAllVolumes(202)) - Scheduled health check for volume /home/runner/work/ozone/ozone/hadoop-ozone/integration-test/target/test-dir/MiniOzoneClusterImpl-86edf0e9-7e2c-4cfe-baf2-13fb9c17952e/datanode-0/data-0/containers/hdds
2022-10-11 12:50:43,268 [Listener at 127.0.0.1/39939] INFO  volume.MutableVolumeSet (MutableVolumeSet.java:initializeVolumeSet(174)) - Added Volume : /home/runner/work/ozone/ozone/hadoop-ozone/integration-test/target/test-dir/MiniOzoneClusterImpl-86edf0e9-7e2c-4cfe-baf2-13fb9c17952e/datanode-0/data/ratis to VolumeSet
2022-10-11 12:50:43,269 [Listener at 127.0.0.1/39939] INFO  volume.ThrottledAsyncChecker (ThrottledAsyncChecker.java:schedule(141)) - Scheduling a check for /home/runner/work/ozone/ozone/hadoop-ozone/integration-test/target/test-dir/MiniOzoneClusterImpl-86edf0e9-7e2c-4cfe-baf2-13fb9c17952e/datanode-0/data/ratis
2022-10-11 12:50:43,269 [Listener at 127.0.0.1/39939] INFO  volume.StorageVolumeChecker (StorageVolumeChecker.java:checkAllVolumes(202)) - Scheduled health check for volume /home/runner/work/ozone/ozone/hadoop-ozone/integration-test/target/test-dir/MiniOzoneClusterImpl-86edf0e9-7e2c-4cfe-baf2-13fb9c17952e/datanode-0/data/ratis
2022-10-11 12:50:43,280 [Thread-6065] INFO  ozoneimpl.ContainerReader (ContainerReader.java:readVolume(175)) - Finish verifying containers on volume /home/runner/work/ozone/ozone/hadoop-ozone/integration-test/target/test-dir/MiniOzoneClusterImpl-86edf0e9-7e2c-4cfe-baf2-13fb9c17952e/datanode-0/data-0/containers/hdds
2022-10-11 12:50:43,280 [Listener at 127.0.0.1/39939] INFO  ozoneimpl.OzoneContainer (OzoneContainer.java:buildContainerSet(300)) - Build ContainerSet costs 0s
2022-10-11 12:50:43,282 [Listener at 127.0.0.1/39939] INFO  server.RaftServer (ConfUtils.java:logGet(46)) - raft.rpc.type = GRPC (default)
2022-10-11 12:50:43,282 [Listener at 127.0.0.1/39939] INFO  grpc.GrpcFactory (GrpcFactory.java:checkPooledByteBufAllocatorUseCacheForAllThreads(48)) - PERFORMANCE WARNING: useCacheForAllThreads is true that may cause Netty to create a lot garbage objects and, as a result, trigger GC.
	It is recommended to disable useCacheForAllThreads by setting -Dorg.apache.ratis.thirdparty.io.netty.allocator.useCacheForAllThreads=false in command line.
2022-10-11 12:50:43,283 [Listener at 127.0.0.1/39939] INFO  grpc.GrpcConfigKeys (ConfUtils.java:logGet(46)) - raft.grpc.admin.port = 0 (custom)
2022-10-11 12:50:43,283 [Listener at 127.0.0.1/39939] INFO  grpc.GrpcConfigKeys (ConfUtils.java:logGet(46)) - raft.grpc.client.port = 0 (custom)
2022-10-11 12:50:43,283 [Listener at 127.0.0.1/39939] INFO  grpc.GrpcConfigKeys (ConfUtils.java:logGet(46)) - raft.grpc.server.port = 0 (default)
2022-10-11 12:50:43,283 [Listener at 127.0.0.1/39939] INFO  server.GrpcService (ConfUtils.java:logGet(46)) - raft.grpc.message.size.max = 32MB (=33554432) (custom)
2022-10-11 12:50:43,284 [Listener at 127.0.0.1/39939] INFO  server.RaftServerConfigKeys (ConfUtils.java:logGet(46)) - raft.server.log.appender.buffer.byte-limit = 33554432 (custom)
2022-10-11 12:50:43,284 [Listener at 127.0.0.1/39939] INFO  server.GrpcService (ConfUtils.java:logGet(46)) - raft.grpc.flow.control.window = 5MB (=5242880) (custom)
2022-10-11 12:50:43,284 [Listener at 127.0.0.1/39939] INFO  server.RaftServerConfigKeys (ConfUtils.java:logGet(46)) - raft.server.rpc.request.timeout = 60s (custom)
2022-10-11 12:50:43,284 [Listener at 127.0.0.1/39939] INFO  grpc.GrpcConfigKeys (ConfUtils.java:logGet(46)) - raft.grpc.server.async.request.thread.pool.cached = true (default)
2022-10-11 12:50:43,285 [Listener at 127.0.0.1/39939] INFO  grpc.GrpcConfigKeys (ConfUtils.java:logGet(46)) - raft.grpc.server.async.request.thread.pool.size = 32 (default)
2022-10-11 12:50:43,286 [Listener at 127.0.0.1/39939] INFO  impl.DataStreamServerImpl (ConfUtils.java:logGet(46)) - raft.datastream.type = DISABLED (default)
2022-10-11 12:50:43,286 [Listener at 127.0.0.1/39939] INFO  server.RaftServerConfigKeys (ConfUtils.java:logGet(46)) - raft.server.threadpool.proxy.cached = true (default)
2022-10-11 12:50:43,286 [Listener at 127.0.0.1/39939] INFO  server.RaftServerConfigKeys (ConfUtils.java:logGet(46)) - raft.server.threadpool.proxy.size = 0 (default)
2022-10-11 12:50:43,287 [Listener at 127.0.0.1/39939] INFO  server.RaftServerConfigKeys (ConfUtils.java:logGet(46)) - raft.server.rpc.slowness.timeout = 300s (custom)
2022-10-11 12:50:43,287 [Listener at 127.0.0.1/39939] INFO  server.RaftServerConfigKeys (ConfUtils.java:logGet(46)) - raft.server.leaderelection.leader.step-down.wait-time = 10s (default)
2022-10-11 12:50:43,287 [Listener at 127.0.0.1/39939] INFO  server.RaftServerConfigKeys (ConfUtils.java:logGet(46)) - raft.server.storage.dir = [/home/runner/work/ozone/ozone/hadoop-ozone/integration-test/target/test-dir/MiniOzoneClusterImpl-86edf0e9-7e2c-4cfe-baf2-13fb9c17952e/datanode-0/data/ratis] (custom)
2022-10-11 12:50:43,289 [Listener at 127.0.0.1/39939] INFO  server.XceiverServerGrpc (XceiverServerGrpc.java:<init>(132)) - GrpcServer channel type EpollServerSocketChannel
2022-10-11 12:50:43,292 [Listener at 127.0.0.1/39939] INFO  http.BaseHttpServer (BaseHttpServer.java:newHttpServer2BuilderForOzone(213)) - Starting Web-server for hddsDatanode at: http://0.0.0.0:0
2022-10-11 12:50:43,293 [Listener at 127.0.0.1/39939] INFO  http.BaseHttpServer (BaseHttpServer.java:<init>(108)) - Hadoop Security Enabled: false Ozone Security Enabled: false Ozone HTTP Security Enabled: false 
2022-10-11 12:50:43,294 [Listener at 127.0.0.1/39939] INFO  server.AuthenticationFilter (AuthenticationFilter.java:constructSecretProvider(240)) - Unable to initialize FileSignerSecretProvider, falling back to use random secrets.
2022-10-11 12:50:43,295 [Listener at 127.0.0.1/39939] WARN  http.HttpRequestLog (HttpRequestLog.java:getRequestLog(103)) - Jetty request log can only be enabled using Log4j
2022-10-11 12:50:43,296 [Listener at 127.0.0.1/39939] INFO  http.HttpServer2 (HttpServer2.java:addGlobalFilter(1031)) - Added global filter 'safety' (class=org.apache.hadoop.hdds.server.http.HttpServer2$QuotingInputFilter)
2022-10-11 12:50:43,296 [Listener at 127.0.0.1/39939] INFO  http.HttpServer2 (HttpServer2.java:addFilter(1007)) - Added filter static_user_filter (class=org.apache.hadoop.http.lib.StaticUserWebFilter$StaticUserFilter) to context hddsDatanode
2022-10-11 12:50:43,297 [Listener at 127.0.0.1/39939] INFO  http.HttpServer2 (HttpServer2.java:addFilter(1015)) - Added filter static_user_filter (class=org.apache.hadoop.http.lib.StaticUserWebFilter$StaticUserFilter) to context logs
2022-10-11 12:50:43,297 [Listener at 127.0.0.1/39939] INFO  http.HttpServer2 (HttpServer2.java:addFilter(1015)) - Added filter static_user_filter (class=org.apache.hadoop.http.lib.StaticUserWebFilter$StaticUserFilter) to context static
2022-10-11 12:50:43,299 [Listener at 127.0.0.1/39939] INFO  http.HttpServer2 (HttpServer2.java:bindListener(1250)) - Jetty bound to port 36913
2022-10-11 12:50:43,299 [Listener at 127.0.0.1/39939] INFO  server.Server (Server.java:doStart(375)) - jetty-9.4.43.v20210629; built: 2021-06-30T11:07:22.254Z; git: 526006ecfa3af7f1a27ef3a288e2bef7ea9dd7e8; jvm 1.8.0_345-b01
2022-10-11 12:50:43,302 [Listener at 127.0.0.1/39939] INFO  server.session (DefaultSessionIdManager.java:doStart(334)) - DefaultSessionIdManager workerName=node0
2022-10-11 12:50:43,302 [Listener at 127.0.0.1/39939] INFO  server.session (DefaultSessionIdManager.java:doStart(339)) - No SessionScavenger set, using defaults
2022-10-11 12:50:43,302 [Listener at 127.0.0.1/39939] INFO  server.session (HouseKeeper.java:startScavenging(132)) - node0 Scavenging every 660000ms
2022-10-11 12:50:43,304 [Listener at 127.0.0.1/39939] INFO  handler.ContextHandler (ContextHandler.java:doStart(915)) - Started o.e.j.s.ServletContextHandler@3303a7a3{logs,/logs,file:///home/runner/work/ozone/ozone/hadoop-ozone/integration-test/target/log,AVAILABLE}
2022-10-11 12:50:43,304 [Listener at 127.0.0.1/39939] INFO  handler.ContextHandler (ContextHandler.java:doStart(915)) - Started o.e.j.s.ServletContextHandler@3705cc33{static,/static,jar:file:/home/runner/.m2/repository/org/apache/ozone/hdds-container-service/1.3.0-SNAPSHOT/hdds-container-service-1.3.0-SNAPSHOT.jar!/webapps/static,AVAILABLE}
2022-10-11 12:50:43,504 [Listener at 127.0.0.1/39939] INFO  handler.ContextHandler (ContextHandler.java:doStart(915)) - Started o.e.j.w.WebAppContext@4c6f729f{hddsDatanode,/,file:///tmp/jetty-0_0_0_0-36913-hdds-container-service-1_3_0-SNAPSHOT_jar-_-any-374767739274001132/webapp/,AVAILABLE}{jar:file:/home/runner/.m2/repository/org/apache/ozone/hdds-container-service/1.3.0-SNAPSHOT/hdds-container-service-1.3.0-SNAPSHOT.jar!/webapps/hddsDatanode}
2022-10-11 12:50:43,505 [Listener at 127.0.0.1/39939] INFO  server.AbstractConnector (AbstractConnector.java:doStart(331)) - Started ServerConnector@701695cb{HTTP/1.1, (http/1.1)}{0.0.0.0:36913}
2022-10-11 12:50:43,505 [Listener at 127.0.0.1/39939] INFO  server.Server (Server.java:doStart(415)) - Started @180511ms
2022-10-11 12:50:43,506 [Listener at 127.0.0.1/39939] WARN  impl.MetricsSystemImpl (MetricsSystemImpl.java:register(279)) - Sink prometheus already exists!
2022-10-11 12:50:43,506 [Listener at 127.0.0.1/39939] INFO  http.BaseHttpServer (BaseHttpServer.java:updateConnectorAddress(333)) - HTTP server of hddsDatanode listening at http://0.0.0.0:36913
2022-10-11 12:50:43,507 [Listener at 127.0.0.1/39939] WARN  impl.MetricRegistriesImpl (MetricRegistriesImpl.java:addReporterRegistration(111)) - New reporters are added after registries were created. Some metrics will be missing from the reporter. Please add reporter before adding any new registry.
2022-10-11 12:50:43,507 [Listener at 127.0.0.1/39939] WARN  impl.MetricRegistriesImpl (MetricRegistriesImpl.java:addReporterRegistration(111)) - New reporters are added after registries were created. Some metrics will be missing from the reporter. Please add reporter before adding any new registry.
2022-10-11 12:50:43,507 [Listener at 127.0.0.1/39939] INFO  impl.MetricsSystemImpl (MetricsSystemImpl.java:init(158)) - HddsDatanode metrics system started (again)
2022-10-11 12:50:43,515 [Datanode State Machine Daemon Thread] INFO  statemachine.DatanodeStateMachine (DatanodeStateMachine.java:lambda$startDaemon$0(492)) - Ozone container server started.
2022-10-11 12:50:43,535 [Listener at 127.0.0.1/39939] INFO  ozone.HddsDatanodeService (HddsDatanodeService.java:start(236)) - HddsDatanodeService host:fv-az570-546.srgqcr2moziuvm0qev4lajleyh.dx.internal.cloudapp.net ip:10.1.1.98
2022-10-11 12:50:43,535 [org.apache.hadoop.util.JvmPauseMonitor$Monitor@4d7304cb] INFO  util.JvmPauseMonitor (JvmPauseMonitor.java:run(188)) - Starting JVM pause monitor
2022-10-11 12:50:43,537 [Datanode State Machine Task Thread - 0] INFO  datanode.InitDatanodeState (InitDatanodeState.java:persistContainerDatanodeDetails(138)) - DatanodeDetails is persisted to /home/runner/work/ozone/ozone/hadoop-ozone/integration-test/target/test-dir/MiniOzoneClusterImpl-86edf0e9-7e2c-4cfe-baf2-13fb9c17952e/datanode-0/meta/datanode.id
2022-10-11 12:50:43,561 [Listener at 127.0.0.1/39939] INFO  upgrade.AbstractLayoutVersionManager (AbstractLayoutVersionManager.java:init(83)) - Initializing Layout version manager with metadata layout = DATANODE_SCHEMA_V3 (version = 4), software layout = DATANODE_SCHEMA_V3 (version = 4)
2022-10-11 12:50:43,607 [Listener at 127.0.0.1/39939] INFO  reflections.Reflections (Reflections.java:scan(232)) - Reflections took 44 ms to scan 7 urls, producing 137 keys and 328 values 
2022-10-11 12:50:43,609 [Listener at 127.0.0.1/39939] INFO  statemachine.DatanodeStateMachine (DatanodeStateMachine.java:getEndPointTaskThreadPoolSize(237)) - Datanode State Machine Task Thread Pool size 2
2022-10-11 12:50:43,611 [Listener at 127.0.0.1/39939] INFO  volume.HddsVolume (HddsVolume.java:<init>(117)) - Creating HddsVolume: /home/runner/work/ozone/ozone/hadoop-ozone/integration-test/target/test-dir/MiniOzoneClusterImpl-86edf0e9-7e2c-4cfe-baf2-13fb9c17952e/datanode-1/data-0/containers/hdds of storage type : DISK capacity : 9223372036854775807
2022-10-11 12:50:43,612 [Listener at 127.0.0.1/39939] INFO  volume.MutableVolumeSet (MutableVolumeSet.java:initializeVolumeSet(174)) - Added Volume : /home/runner/work/ozone/ozone/hadoop-ozone/integration-test/target/test-dir/MiniOzoneClusterImpl-86edf0e9-7e2c-4cfe-baf2-13fb9c17952e/datanode-1/data-0/containers/hdds to VolumeSet
2022-10-11 12:50:43,612 [Listener at 127.0.0.1/39939] INFO  volume.ThrottledAsyncChecker (ThrottledAsyncChecker.java:schedule(141)) - Scheduling a check for /home/runner/work/ozone/ozone/hadoop-ozone/integration-test/target/test-dir/MiniOzoneClusterImpl-86edf0e9-7e2c-4cfe-baf2-13fb9c17952e/datanode-1/data-0/containers/hdds
2022-10-11 12:50:43,613 [Listener at 127.0.0.1/39939] INFO  volume.StorageVolumeChecker (StorageVolumeChecker.java:checkAllVolumes(202)) - Scheduled health check for volume /home/runner/work/ozone/ozone/hadoop-ozone/integration-test/target/test-dir/MiniOzoneClusterImpl-86edf0e9-7e2c-4cfe-baf2-13fb9c17952e/datanode-1/data-0/containers/hdds
2022-10-11 12:50:43,624 [Listener at 127.0.0.1/39939] INFO  volume.MutableVolumeSet (MutableVolumeSet.java:initializeVolumeSet(174)) - Added Volume : /home/runner/work/ozone/ozone/hadoop-ozone/integration-test/target/test-dir/MiniOzoneClusterImpl-86edf0e9-7e2c-4cfe-baf2-13fb9c17952e/datanode-1/data/ratis to VolumeSet
2022-10-11 12:50:43,624 [Listener at 127.0.0.1/39939] INFO  volume.ThrottledAsyncChecker (ThrottledAsyncChecker.java:schedule(141)) - Scheduling a check for /home/runner/work/ozone/ozone/hadoop-ozone/integration-test/target/test-dir/MiniOzoneClusterImpl-86edf0e9-7e2c-4cfe-baf2-13fb9c17952e/datanode-1/data/ratis
2022-10-11 12:50:43,624 [Listener at 127.0.0.1/39939] INFO  volume.StorageVolumeChecker (StorageVolumeChecker.java:checkAllVolumes(202)) - Scheduled health check for volume /home/runner/work/ozone/ozone/hadoop-ozone/integration-test/target/test-dir/MiniOzoneClusterImpl-86edf0e9-7e2c-4cfe-baf2-13fb9c17952e/datanode-1/data/ratis
2022-10-11 12:50:43,635 [Thread-6078] INFO  ozoneimpl.ContainerReader (ContainerReader.java:readVolume(175)) - Finish verifying containers on volume /home/runner/work/ozone/ozone/hadoop-ozone/integration-test/target/test-dir/MiniOzoneClusterImpl-86edf0e9-7e2c-4cfe-baf2-13fb9c17952e/datanode-1/data-0/containers/hdds
2022-10-11 12:50:43,635 [Listener at 127.0.0.1/39939] INFO  ozoneimpl.OzoneContainer (OzoneContainer.java:buildContainerSet(300)) - Build ContainerSet costs 0s
2022-10-11 12:50:43,642 [Listener at 127.0.0.1/39939] INFO  server.RaftServer (ConfUtils.java:logGet(46)) - raft.rpc.type = GRPC (default)
2022-10-11 12:50:43,643 [Listener at 127.0.0.1/39939] INFO  grpc.GrpcFactory (GrpcFactory.java:checkPooledByteBufAllocatorUseCacheForAllThreads(48)) - PERFORMANCE WARNING: useCacheForAllThreads is true that may cause Netty to create a lot garbage objects and, as a result, trigger GC.
	It is recommended to disable useCacheForAllThreads by setting -Dorg.apache.ratis.thirdparty.io.netty.allocator.useCacheForAllThreads=false in command line.
2022-10-11 12:50:43,643 [Listener at 127.0.0.1/39939] INFO  grpc.GrpcConfigKeys (ConfUtils.java:logGet(46)) - raft.grpc.admin.port = 0 (custom)
2022-10-11 12:50:43,643 [Listener at 127.0.0.1/39939] INFO  grpc.GrpcConfigKeys (ConfUtils.java:logGet(46)) - raft.grpc.client.port = 0 (custom)
2022-10-11 12:50:43,643 [Listener at 127.0.0.1/39939] INFO  grpc.GrpcConfigKeys (ConfUtils.java:logGet(46)) - raft.grpc.server.port = 0 (default)
2022-10-11 12:50:43,644 [Listener at 127.0.0.1/39939] INFO  server.GrpcService (ConfUtils.java:logGet(46)) - raft.grpc.message.size.max = 32MB (=33554432) (custom)
2022-10-11 12:50:43,644 [Listener at 127.0.0.1/39939] INFO  server.RaftServerConfigKeys (ConfUtils.java:logGet(46)) - raft.server.log.appender.buffer.byte-limit = 33554432 (custom)
2022-10-11 12:50:43,644 [Listener at 127.0.0.1/39939] INFO  server.GrpcService (ConfUtils.java:logGet(46)) - raft.grpc.flow.control.window = 5MB (=5242880) (custom)
2022-10-11 12:50:43,644 [Listener at 127.0.0.1/39939] INFO  server.RaftServerConfigKeys (ConfUtils.java:logGet(46)) - raft.server.rpc.request.timeout = 60s (custom)
2022-10-11 12:50:43,645 [Listener at 127.0.0.1/39939] INFO  grpc.GrpcConfigKeys (ConfUtils.java:logGet(46)) - raft.grpc.server.async.request.thread.pool.cached = true (default)
2022-10-11 12:50:43,645 [Listener at 127.0.0.1/39939] INFO  grpc.GrpcConfigKeys (ConfUtils.java:logGet(46)) - raft.grpc.server.async.request.thread.pool.size = 32 (default)
2022-10-11 12:50:43,646 [Listener at 127.0.0.1/39939] INFO  impl.DataStreamServerImpl (ConfUtils.java:logGet(46)) - raft.datastream.type = DISABLED (default)
2022-10-11 12:50:43,648 [Listener at 127.0.0.1/39939] INFO  server.RaftServerConfigKeys (ConfUtils.java:logGet(46)) - raft.server.threadpool.proxy.cached = true (default)
2022-10-11 12:50:43,648 [Listener at 127.0.0.1/39939] INFO  server.RaftServerConfigKeys (ConfUtils.java:logGet(46)) - raft.server.threadpool.proxy.size = 0 (default)
2022-10-11 12:50:43,648 [Listener at 127.0.0.1/39939] INFO  server.RaftServerConfigKeys (ConfUtils.java:logGet(46)) - raft.server.rpc.slowness.timeout = 300s (custom)
2022-10-11 12:50:43,648 [Listener at 127.0.0.1/39939] INFO  server.RaftServerConfigKeys (ConfUtils.java:logGet(46)) - raft.server.leaderelection.leader.step-down.wait-time = 10s (default)
2022-10-11 12:50:43,649 [Listener at 127.0.0.1/39939] INFO  server.RaftServerConfigKeys (ConfUtils.java:logGet(46)) - raft.server.storage.dir = [/home/runner/work/ozone/ozone/hadoop-ozone/integration-test/target/test-dir/MiniOzoneClusterImpl-86edf0e9-7e2c-4cfe-baf2-13fb9c17952e/datanode-1/data/ratis] (custom)
2022-10-11 12:50:43,652 [Listener at 127.0.0.1/39939] INFO  server.XceiverServerGrpc (XceiverServerGrpc.java:<init>(132)) - GrpcServer channel type EpollServerSocketChannel
2022-10-11 12:50:43,661 [Listener at 127.0.0.1/39939] INFO  http.BaseHttpServer (BaseHttpServer.java:newHttpServer2BuilderForOzone(213)) - Starting Web-server for hddsDatanode at: http://0.0.0.0:0
2022-10-11 12:50:43,661 [Listener at 127.0.0.1/39939] INFO  http.BaseHttpServer (BaseHttpServer.java:<init>(108)) - Hadoop Security Enabled: false Ozone Security Enabled: false Ozone HTTP Security Enabled: false 
2022-10-11 12:50:43,663 [Listener at 127.0.0.1/39939] INFO  server.AuthenticationFilter (AuthenticationFilter.java:constructSecretProvider(240)) - Unable to initialize FileSignerSecretProvider, falling back to use random secrets.
2022-10-11 12:50:43,664 [Listener at 127.0.0.1/39939] WARN  http.HttpRequestLog (HttpRequestLog.java:getRequestLog(103)) - Jetty request log can only be enabled using Log4j
2022-10-11 12:50:43,665 [Listener at 127.0.0.1/39939] INFO  http.HttpServer2 (HttpServer2.java:addGlobalFilter(1031)) - Added global filter 'safety' (class=org.apache.hadoop.hdds.server.http.HttpServer2$QuotingInputFilter)
2022-10-11 12:50:43,666 [Listener at 127.0.0.1/39939] INFO  http.HttpServer2 (HttpServer2.java:addFilter(1007)) - Added filter static_user_filter (class=org.apache.hadoop.http.lib.StaticUserWebFilter$StaticUserFilter) to context hddsDatanode
2022-10-11 12:50:43,666 [Listener at 127.0.0.1/39939] INFO  http.HttpServer2 (HttpServer2.java:addFilter(1015)) - Added filter static_user_filter (class=org.apache.hadoop.http.lib.StaticUserWebFilter$StaticUserFilter) to context logs
2022-10-11 12:50:43,666 [Listener at 127.0.0.1/39939] INFO  http.HttpServer2 (HttpServer2.java:addFilter(1015)) - Added filter static_user_filter (class=org.apache.hadoop.http.lib.StaticUserWebFilter$StaticUserFilter) to context static
2022-10-11 12:50:43,667 [Listener at 127.0.0.1/39939] INFO  http.HttpServer2 (HttpServer2.java:bindListener(1250)) - Jetty bound to port 33145
2022-10-11 12:50:43,667 [Listener at 127.0.0.1/39939] INFO  server.Server (Server.java:doStart(375)) - jetty-9.4.43.v20210629; built: 2021-06-30T11:07:22.254Z; git: 526006ecfa3af7f1a27ef3a288e2bef7ea9dd7e8; jvm 1.8.0_345-b01
2022-10-11 12:50:43,668 [Listener at 127.0.0.1/39939] INFO  server.session (DefaultSessionIdManager.java:doStart(334)) - DefaultSessionIdManager workerName=node0
2022-10-11 12:50:43,669 [Listener at 127.0.0.1/39939] INFO  server.session (DefaultSessionIdManager.java:doStart(339)) - No SessionScavenger set, using defaults
2022-10-11 12:50:43,670 [Listener at 127.0.0.1/39939] INFO  server.session (HouseKeeper.java:startScavenging(132)) - node0 Scavenging every 600000ms
2022-10-11 12:50:43,671 [Listener at 127.0.0.1/39939] INFO  handler.ContextHandler (ContextHandler.java:doStart(915)) - Started o.e.j.s.ServletContextHandler@4e825977{logs,/logs,file:///home/runner/work/ozone/ozone/hadoop-ozone/integration-test/target/log,AVAILABLE}
2022-10-11 12:50:43,672 [Listener at 127.0.0.1/39939] INFO  handler.ContextHandler (ContextHandler.java:doStart(915)) - Started o.e.j.s.ServletContextHandler@50d0956b{static,/static,jar:file:/home/runner/.m2/repository/org/apache/ozone/hdds-container-service/1.3.0-SNAPSHOT/hdds-container-service-1.3.0-SNAPSHOT.jar!/webapps/static,AVAILABLE}
2022-10-11 12:50:43,874 [Listener at 127.0.0.1/39939] INFO  handler.ContextHandler (ContextHandler.java:doStart(915)) - Started o.e.j.w.WebAppContext@d8d9c7a{hddsDatanode,/,file:///tmp/jetty-0_0_0_0-33145-hdds-container-service-1_3_0-SNAPSHOT_jar-_-any-8398378248005795459/webapp/,AVAILABLE}{jar:file:/home/runner/.m2/repository/org/apache/ozone/hdds-container-service/1.3.0-SNAPSHOT/hdds-container-service-1.3.0-SNAPSHOT.jar!/webapps/hddsDatanode}
2022-10-11 12:50:43,876 [Listener at 127.0.0.1/39939] INFO  server.AbstractConnector (AbstractConnector.java:doStart(331)) - Started ServerConnector@d21057e{HTTP/1.1, (http/1.1)}{0.0.0.0:33145}
2022-10-11 12:50:43,877 [Listener at 127.0.0.1/39939] INFO  server.Server (Server.java:doStart(415)) - Started @180882ms
2022-10-11 12:50:43,877 [Listener at 127.0.0.1/39939] WARN  impl.MetricsSystemImpl (MetricsSystemImpl.java:register(279)) - Sink prometheus already exists!
2022-10-11 12:50:43,878 [Listener at 127.0.0.1/39939] INFO  http.BaseHttpServer (BaseHttpServer.java:updateConnectorAddress(333)) - HTTP server of hddsDatanode listening at http://0.0.0.0:33145
2022-10-11 12:50:43,878 [Datanode State Machine Daemon Thread] INFO  statemachine.DatanodeStateMachine (DatanodeStateMachine.java:lambda$startDaemon$0(492)) - Ozone container server started.
2022-10-11 12:50:43,879 [Listener at 127.0.0.1/39939] WARN  impl.MetricRegistriesImpl (MetricRegistriesImpl.java:addReporterRegistration(111)) - New reporters are added after registries were created. Some metrics will be missing from the reporter. Please add reporter before adding any new registry.
2022-10-11 12:50:43,880 [Listener at 127.0.0.1/39939] WARN  impl.MetricRegistriesImpl (MetricRegistriesImpl.java:addReporterRegistration(111)) - New reporters are added after registries were created. Some metrics will be missing from the reporter. Please add reporter before adding any new registry.
2022-10-11 12:50:43,880 [Listener at 127.0.0.1/39939] INFO  impl.MetricsSystemImpl (MetricsSystemImpl.java:init(158)) - HddsDatanode metrics system started (again)
2022-10-11 12:50:43,887 [org.apache.hadoop.util.JvmPauseMonitor$Monitor@2cba61a6] INFO  util.JvmPauseMonitor (JvmPauseMonitor.java:run(188)) - Starting JVM pause monitor
2022-10-11 12:50:43,891 [Datanode State Machine Task Thread - 0] INFO  datanode.InitDatanodeState (InitDatanodeState.java:persistContainerDatanodeDetails(138)) - DatanodeDetails is persisted to /home/runner/work/ozone/ozone/hadoop-ozone/integration-test/target/test-dir/MiniOzoneClusterImpl-86edf0e9-7e2c-4cfe-baf2-13fb9c17952e/datanode-1/meta/datanode.id
2022-10-11 12:50:43,892 [Listener at 127.0.0.1/39939] INFO  ozone.HddsDatanodeService (HddsDatanodeService.java:start(236)) - HddsDatanodeService host:fv-az570-546.srgqcr2moziuvm0qev4lajleyh.dx.internal.cloudapp.net ip:10.1.1.98
2022-10-11 12:50:43,921 [Listener at 127.0.0.1/39939] INFO  upgrade.AbstractLayoutVersionManager (AbstractLayoutVersionManager.java:init(83)) - Initializing Layout version manager with metadata layout = DATANODE_SCHEMA_V3 (version = 4), software layout = DATANODE_SCHEMA_V3 (version = 4)
2022-10-11 12:50:43,976 [Listener at 127.0.0.1/39939] INFO  reflections.Reflections (Reflections.java:scan(232)) - Reflections took 53 ms to scan 7 urls, producing 137 keys and 328 values 
2022-10-11 12:50:43,978 [Listener at 127.0.0.1/39939] INFO  statemachine.DatanodeStateMachine (DatanodeStateMachine.java:getEndPointTaskThreadPoolSize(237)) - Datanode State Machine Task Thread Pool size 2
2022-10-11 12:50:43,984 [Listener at 127.0.0.1/39939] INFO  volume.HddsVolume (HddsVolume.java:<init>(117)) - Creating HddsVolume: /home/runner/work/ozone/ozone/hadoop-ozone/integration-test/target/test-dir/MiniOzoneClusterImpl-86edf0e9-7e2c-4cfe-baf2-13fb9c17952e/datanode-2/data-0/containers/hdds of storage type : DISK capacity : 9223372036854775807
2022-10-11 12:50:43,985 [Listener at 127.0.0.1/39939] INFO  volume.MutableVolumeSet (MutableVolumeSet.java:initializeVolumeSet(174)) - Added Volume : /home/runner/work/ozone/ozone/hadoop-ozone/integration-test/target/test-dir/MiniOzoneClusterImpl-86edf0e9-7e2c-4cfe-baf2-13fb9c17952e/datanode-2/data-0/containers/hdds to VolumeSet
2022-10-11 12:50:43,985 [Listener at 127.0.0.1/39939] INFO  volume.ThrottledAsyncChecker (ThrottledAsyncChecker.java:schedule(141)) - Scheduling a check for /home/runner/work/ozone/ozone/hadoop-ozone/integration-test/target/test-dir/MiniOzoneClusterImpl-86edf0e9-7e2c-4cfe-baf2-13fb9c17952e/datanode-2/data-0/containers/hdds
2022-10-11 12:50:43,986 [Listener at 127.0.0.1/39939] INFO  volume.StorageVolumeChecker (StorageVolumeChecker.java:checkAllVolumes(202)) - Scheduled health check for volume /home/runner/work/ozone/ozone/hadoop-ozone/integration-test/target/test-dir/MiniOzoneClusterImpl-86edf0e9-7e2c-4cfe-baf2-13fb9c17952e/datanode-2/data-0/containers/hdds
2022-10-11 12:50:44,000 [Listener at 127.0.0.1/39939] INFO  volume.MutableVolumeSet (MutableVolumeSet.java:initializeVolumeSet(174)) - Added Volume : /home/runner/work/ozone/ozone/hadoop-ozone/integration-test/target/test-dir/MiniOzoneClusterImpl-86edf0e9-7e2c-4cfe-baf2-13fb9c17952e/datanode-2/data/ratis to VolumeSet
2022-10-11 12:50:44,000 [Listener at 127.0.0.1/39939] INFO  volume.ThrottledAsyncChecker (ThrottledAsyncChecker.java:schedule(141)) - Scheduling a check for /home/runner/work/ozone/ozone/hadoop-ozone/integration-test/target/test-dir/MiniOzoneClusterImpl-86edf0e9-7e2c-4cfe-baf2-13fb9c17952e/datanode-2/data/ratis
2022-10-11 12:50:44,001 [Listener at 127.0.0.1/39939] INFO  volume.StorageVolumeChecker (StorageVolumeChecker.java:checkAllVolumes(202)) - Scheduled health check for volume /home/runner/work/ozone/ozone/hadoop-ozone/integration-test/target/test-dir/MiniOzoneClusterImpl-86edf0e9-7e2c-4cfe-baf2-13fb9c17952e/datanode-2/data/ratis
2022-10-11 12:50:44,012 [Thread-6091] INFO  ozoneimpl.ContainerReader (ContainerReader.java:readVolume(175)) - Finish verifying containers on volume /home/runner/work/ozone/ozone/hadoop-ozone/integration-test/target/test-dir/MiniOzoneClusterImpl-86edf0e9-7e2c-4cfe-baf2-13fb9c17952e/datanode-2/data-0/containers/hdds
2022-10-11 12:50:44,012 [Listener at 127.0.0.1/39939] INFO  ozoneimpl.OzoneContainer (OzoneContainer.java:buildContainerSet(300)) - Build ContainerSet costs 0s
2022-10-11 12:50:44,014 [Listener at 127.0.0.1/39939] INFO  server.RaftServer (ConfUtils.java:logGet(46)) - raft.rpc.type = GRPC (default)
2022-10-11 12:50:44,015 [Listener at 127.0.0.1/39939] INFO  grpc.GrpcFactory (GrpcFactory.java:checkPooledByteBufAllocatorUseCacheForAllThreads(48)) - PERFORMANCE WARNING: useCacheForAllThreads is true that may cause Netty to create a lot garbage objects and, as a result, trigger GC.
	It is recommended to disable useCacheForAllThreads by setting -Dorg.apache.ratis.thirdparty.io.netty.allocator.useCacheForAllThreads=false in command line.
2022-10-11 12:50:44,015 [Listener at 127.0.0.1/39939] INFO  grpc.GrpcConfigKeys (ConfUtils.java:logGet(46)) - raft.grpc.admin.port = 0 (custom)
2022-10-11 12:50:44,015 [Listener at 127.0.0.1/39939] INFO  grpc.GrpcConfigKeys (ConfUtils.java:logGet(46)) - raft.grpc.client.port = 0 (custom)
2022-10-11 12:50:44,015 [Listener at 127.0.0.1/39939] INFO  grpc.GrpcConfigKeys (ConfUtils.java:logGet(46)) - raft.grpc.server.port = 0 (default)
2022-10-11 12:50:44,016 [Listener at 127.0.0.1/39939] INFO  server.GrpcService (ConfUtils.java:logGet(46)) - raft.grpc.message.size.max = 32MB (=33554432) (custom)
2022-10-11 12:50:44,016 [Listener at 127.0.0.1/39939] INFO  server.RaftServerConfigKeys (ConfUtils.java:logGet(46)) - raft.server.log.appender.buffer.byte-limit = 33554432 (custom)
2022-10-11 12:50:44,016 [Listener at 127.0.0.1/39939] INFO  server.GrpcService (ConfUtils.java:logGet(46)) - raft.grpc.flow.control.window = 5MB (=5242880) (custom)
2022-10-11 12:50:44,016 [Listener at 127.0.0.1/39939] INFO  server.RaftServerConfigKeys (ConfUtils.java:logGet(46)) - raft.server.rpc.request.timeout = 60s (custom)
2022-10-11 12:50:44,017 [Listener at 127.0.0.1/39939] INFO  grpc.GrpcConfigKeys (ConfUtils.java:logGet(46)) - raft.grpc.server.async.request.thread.pool.cached = true (default)
2022-10-11 12:50:44,017 [Listener at 127.0.0.1/39939] INFO  grpc.GrpcConfigKeys (ConfUtils.java:logGet(46)) - raft.grpc.server.async.request.thread.pool.size = 32 (default)
2022-10-11 12:50:44,018 [Listener at 127.0.0.1/39939] INFO  impl.DataStreamServerImpl (ConfUtils.java:logGet(46)) - raft.datastream.type = DISABLED (default)
2022-10-11 12:50:44,018 [Listener at 127.0.0.1/39939] INFO  server.RaftServerConfigKeys (ConfUtils.java:logGet(46)) - raft.server.threadpool.proxy.cached = true (default)
2022-10-11 12:50:44,018 [Listener at 127.0.0.1/39939] INFO  server.RaftServerConfigKeys (ConfUtils.java:logGet(46)) - raft.server.threadpool.proxy.size = 0 (default)
2022-10-11 12:50:44,019 [Listener at 127.0.0.1/39939] INFO  server.RaftServerConfigKeys (ConfUtils.java:logGet(46)) - raft.server.rpc.slowness.timeout = 300s (custom)
2022-10-11 12:50:44,019 [Listener at 127.0.0.1/39939] INFO  server.RaftServerConfigKeys (ConfUtils.java:logGet(46)) - raft.server.leaderelection.leader.step-down.wait-time = 10s (default)
2022-10-11 12:50:44,020 [Listener at 127.0.0.1/39939] INFO  server.RaftServerConfigKeys (ConfUtils.java:logGet(46)) - raft.server.storage.dir = [/home/runner/work/ozone/ozone/hadoop-ozone/integration-test/target/test-dir/MiniOzoneClusterImpl-86edf0e9-7e2c-4cfe-baf2-13fb9c17952e/datanode-2/data/ratis] (custom)
2022-10-11 12:50:44,022 [Listener at 127.0.0.1/39939] INFO  server.XceiverServerGrpc (XceiverServerGrpc.java:<init>(132)) - GrpcServer channel type EpollServerSocketChannel
2022-10-11 12:50:44,027 [Listener at 127.0.0.1/39939] INFO  http.BaseHttpServer (BaseHttpServer.java:newHttpServer2BuilderForOzone(213)) - Starting Web-server for hddsDatanode at: http://0.0.0.0:0
2022-10-11 12:50:44,027 [Listener at 127.0.0.1/39939] INFO  http.BaseHttpServer (BaseHttpServer.java:<init>(108)) - Hadoop Security Enabled: false Ozone Security Enabled: false Ozone HTTP Security Enabled: false 
2022-10-11 12:50:44,029 [Listener at 127.0.0.1/39939] INFO  server.AuthenticationFilter (AuthenticationFilter.java:constructSecretProvider(240)) - Unable to initialize FileSignerSecretProvider, falling back to use random secrets.
2022-10-11 12:50:44,030 [Listener at 127.0.0.1/39939] WARN  http.HttpRequestLog (HttpRequestLog.java:getRequestLog(103)) - Jetty request log can only be enabled using Log4j
2022-10-11 12:50:44,031 [Listener at 127.0.0.1/39939] INFO  http.HttpServer2 (HttpServer2.java:addGlobalFilter(1031)) - Added global filter 'safety' (class=org.apache.hadoop.hdds.server.http.HttpServer2$QuotingInputFilter)
2022-10-11 12:50:44,032 [Listener at 127.0.0.1/39939] INFO  http.HttpServer2 (HttpServer2.java:addFilter(1007)) - Added filter static_user_filter (class=org.apache.hadoop.http.lib.StaticUserWebFilter$StaticUserFilter) to context hddsDatanode
2022-10-11 12:50:44,032 [Listener at 127.0.0.1/39939] INFO  http.HttpServer2 (HttpServer2.java:addFilter(1015)) - Added filter static_user_filter (class=org.apache.hadoop.http.lib.StaticUserWebFilter$StaticUserFilter) to context logs
2022-10-11 12:50:44,033 [Listener at 127.0.0.1/39939] INFO  http.HttpServer2 (HttpServer2.java:addFilter(1015)) - Added filter static_user_filter (class=org.apache.hadoop.http.lib.StaticUserWebFilter$StaticUserFilter) to context static
2022-10-11 12:50:44,036 [Listener at 127.0.0.1/39939] INFO  http.HttpServer2 (HttpServer2.java:bindListener(1250)) - Jetty bound to port 44625
2022-10-11 12:50:44,036 [Listener at 127.0.0.1/39939] INFO  server.Server (Server.java:doStart(375)) - jetty-9.4.43.v20210629; built: 2021-06-30T11:07:22.254Z; git: 526006ecfa3af7f1a27ef3a288e2bef7ea9dd7e8; jvm 1.8.0_345-b01
2022-10-11 12:50:44,038 [Listener at 127.0.0.1/39939] INFO  server.session (DefaultSessionIdManager.java:doStart(334)) - DefaultSessionIdManager workerName=node0
2022-10-11 12:50:44,039 [Listener at 127.0.0.1/39939] INFO  server.session (DefaultSessionIdManager.java:doStart(339)) - No SessionScavenger set, using defaults
2022-10-11 12:50:44,039 [Listener at 127.0.0.1/39939] INFO  server.session (HouseKeeper.java:startScavenging(132)) - node0 Scavenging every 600000ms
2022-10-11 12:50:44,040 [Listener at 127.0.0.1/39939] INFO  handler.ContextHandler (ContextHandler.java:doStart(915)) - Started o.e.j.s.ServletContextHandler@577b739a{logs,/logs,file:///home/runner/work/ozone/ozone/hadoop-ozone/integration-test/target/log,AVAILABLE}
2022-10-11 12:50:44,040 [Listener at 127.0.0.1/39939] INFO  handler.ContextHandler (ContextHandler.java:doStart(915)) - Started o.e.j.s.ServletContextHandler@39b55249{static,/static,jar:file:/home/runner/.m2/repository/org/apache/ozone/hdds-container-service/1.3.0-SNAPSHOT/hdds-container-service-1.3.0-SNAPSHOT.jar!/webapps/static,AVAILABLE}
2022-10-11 12:50:44,173 [om1@group-C5BA1605619E-FollowerState] INFO  impl.FollowerState (FollowerState.java:run(143)) - om1@group-C5BA1605619E-FollowerState: change to CANDIDATE, lastRpcElapsedTime:1104497157ns, electionTimeout:1104ms
2022-10-11 12:50:44,173 [om1@group-C5BA1605619E-FollowerState] INFO  impl.RoleInfo (RoleInfo.java:shutdownFollowerState(110)) - om1: shutdown om1@group-C5BA1605619E-FollowerState
2022-10-11 12:50:44,174 [om1@group-C5BA1605619E-FollowerState] INFO  server.RaftServer$Division (RaftServerImpl.java:setRole(299)) - om1@group-C5BA1605619E: changes role from  FOLLOWER to CANDIDATE at term 0 for changeToCandidate
2022-10-11 12:50:44,174 [om1@group-C5BA1605619E-FollowerState] INFO  server.RaftServerConfigKeys (ConfUtils.java:logGet(46)) - raft.server.leaderelection.pre-vote = false (custom)
2022-10-11 12:50:44,174 [om1@group-C5BA1605619E-FollowerState] INFO  impl.RoleInfo (RoleInfo.java:updateAndGet(139)) - om1: start om1@group-C5BA1605619E-LeaderElection26
2022-10-11 12:50:44,191 [om1@group-C5BA1605619E-LeaderElection26] INFO  impl.LeaderElection (LeaderElection.java:askForVotes(310)) - om1@group-C5BA1605619E-LeaderElection26 ELECTION round 0: submit vote requests at term 1 for -1: [om1|rpc:localhost:9872|priority:0], old=null
2022-10-11 12:50:44,191 [om1@group-C5BA1605619E-LeaderElection26] INFO  impl.LeaderElection (LeaderElection.java:askForVotes(312)) - om1@group-C5BA1605619E-LeaderElection26 ELECTION round 0: result PASSED (term=1)
2022-10-11 12:50:44,191 [om1@group-C5BA1605619E-LeaderElection26] INFO  impl.RoleInfo (RoleInfo.java:shutdownLeaderElection(130)) - om1: shutdown om1@group-C5BA1605619E-LeaderElection26
2022-10-11 12:50:44,191 [om1@group-C5BA1605619E-LeaderElection26] INFO  server.RaftServer$Division (RaftServerImpl.java:setRole(299)) - om1@group-C5BA1605619E: changes role from CANDIDATE to LEADER at term 1 for changeToLeader
2022-10-11 12:50:44,191 [om1@group-C5BA1605619E-LeaderElection26] INFO  server.RaftServer$Division (ServerState.java:setLeader(287)) - om1@group-C5BA1605619E: change Leader from null to om1 at term 1 for becomeLeader, leader elected after 1611ms
2022-10-11 12:50:44,191 [om1@group-C5BA1605619E-LeaderElection26] INFO  server.RaftServerConfigKeys (ConfUtils.java:logGet(46)) - raft.server.staging.catchup.gap = 1000 (default)
2022-10-11 12:50:44,191 [om1@group-C5BA1605619E-LeaderElection26] INFO  server.RaftServerConfigKeys (ConfUtils.java:logGet(46)) - raft.server.write.element-limit = 4096 (default)
2022-10-11 12:50:44,191 [om1@group-C5BA1605619E-LeaderElection26] INFO  server.RaftServerConfigKeys (ConfUtils.java:logGet(46)) - raft.server.write.byte-limit = 64MB (=67108864) (default)
2022-10-11 12:50:44,192 [om1@group-C5BA1605619E-LeaderElection26] INFO  server.RaftServerConfigKeys (ConfUtils.java:logGet(46)) - raft.server.watch.timeout = 10s (default)
2022-10-11 12:50:44,194 [om1@group-C5BA1605619E-LeaderElection26] INFO  server.RaftServerConfigKeys (ConfUtils.java:logGet(46)) - raft.server.watch.timeout.denomination = 1s (default)
2022-10-11 12:50:44,194 [om1@group-C5BA1605619E-LeaderElection26] INFO  server.RaftServerConfigKeys (ConfUtils.java:logGet(46)) - raft.server.watch.element-limit = 65536 (default)
2022-10-11 12:50:44,194 [om1@group-C5BA1605619E-LeaderElection26] INFO  server.RaftServerConfigKeys (ConfUtils.java:logGet(46)) - raft.server.write.element-limit = 4096 (default)
2022-10-11 12:50:44,194 [om1@group-C5BA1605619E-LeaderElection26] INFO  server.RaftServerConfigKeys (ConfUtils.java:logGet(46)) - raft.server.write.follower.gap.ratio.max = -1.0 (default)
2022-10-11 12:50:44,194 [om1@group-C5BA1605619E-LeaderElection26] INFO  impl.RoleInfo (RoleInfo.java:updateAndGet(139)) - om1: start om1@group-C5BA1605619E-LeaderStateImpl
2022-10-11 12:50:44,194 [om1@group-C5BA1605619E-LeaderElection26] INFO  segmented.SegmentedRaftLogWorker (SegmentedRaftLogWorker.java:startLogSegment(425)) - om1@group-C5BA1605619E-SegmentedRaftLogWorker: Starting segment from index:0
2022-10-11 12:50:44,207 [om1@group-C5BA1605619E-SegmentedRaftLogWorker] INFO  segmented.SegmentedRaftLogWorker (SegmentedRaftLogWorker.java:execute(629)) - om1@group-C5BA1605619E-SegmentedRaftLogWorker: created new log segment /home/runner/work/ozone/ozone/hadoop-ozone/integration-test/target/test-dir/MiniOzoneClusterImpl-86edf0e9-7e2c-4cfe-baf2-13fb9c17952e/ozone-meta/ratis/bf265839-605b-3f16-9796-c5ba1605619e/current/log_inprogress_0
2022-10-11 12:50:44,208 [om1@group-C5BA1605619E-LeaderElection26] INFO  server.RaftServer$Division (ServerState.java:setRaftConf(393)) - om1@group-C5BA1605619E: set configuration 0: [om1|rpc:localhost:9872|admin:|client:|dataStream:|priority:0], old=null
2022-10-11 12:50:44,209 [om1@group-C5BA1605619E-StateMachineUpdater] INFO  ratis.OzoneManagerStateMachine (OzoneManagerStateMachine.java:notifyConfigurationChanged(192)) - Received Configuration change notification from Ratis. New Peer list:
[id: "om1"
address: "localhost:9872"
]
2022-10-11 12:50:44,278 [Listener at 127.0.0.1/39939] INFO  handler.ContextHandler (ContextHandler.java:doStart(915)) - Started o.e.j.w.WebAppContext@295be010{hddsDatanode,/,file:///tmp/jetty-0_0_0_0-44625-hdds-container-service-1_3_0-SNAPSHOT_jar-_-any-4242944228267306318/webapp/,AVAILABLE}{jar:file:/home/runner/.m2/repository/org/apache/ozone/hdds-container-service/1.3.0-SNAPSHOT/hdds-container-service-1.3.0-SNAPSHOT.jar!/webapps/hddsDatanode}
2022-10-11 12:50:44,281 [Listener at 127.0.0.1/39939] INFO  server.AbstractConnector (AbstractConnector.java:doStart(331)) - Started ServerConnector@1eb918ed{HTTP/1.1, (http/1.1)}{0.0.0.0:44625}
2022-10-11 12:50:44,281 [Listener at 127.0.0.1/39939] INFO  server.Server (Server.java:doStart(415)) - Started @181286ms
2022-10-11 12:50:44,281 [Listener at 127.0.0.1/39939] WARN  impl.MetricsSystemImpl (MetricsSystemImpl.java:register(279)) - Sink prometheus already exists!
2022-10-11 12:50:44,282 [Listener at 127.0.0.1/39939] INFO  http.BaseHttpServer (BaseHttpServer.java:updateConnectorAddress(333)) - HTTP server of hddsDatanode listening at http://0.0.0.0:44625
2022-10-11 12:50:44,283 [Listener at 127.0.0.1/39939] INFO  ozone.MiniOzoneClusterImpl (MiniOzoneClusterImpl.java:lambda$waitForClusterToBeReady$0(216)) - Waiting for nodes to be ready. Got 0 of 3 DN Heartbeats.
2022-10-11 12:50:44,283 [Listener at 127.0.0.1/39939] INFO  ozone.MiniOzoneClusterImpl (MiniOzoneClusterImpl.java:lambda$waitForClusterToBeReady$0(219)) - Waiting for cluster to exit safe mode
2022-10-11 12:50:44,283 [Listener at 127.0.0.1/39939] INFO  ozone.MiniOzoneClusterImpl (MiniOzoneClusterImpl.java:lambda$waitForClusterToBeReady$0(221)) - SCM became leader
2022-10-11 12:50:44,283 [Datanode State Machine Daemon Thread] INFO  statemachine.DatanodeStateMachine (DatanodeStateMachine.java:lambda$startDaemon$0(492)) - Ozone container server started.
2022-10-11 12:50:44,294 [org.apache.hadoop.util.JvmPauseMonitor$Monitor@6cce6990] INFO  util.JvmPauseMonitor (JvmPauseMonitor.java:run(188)) - Starting JVM pause monitor
2022-10-11 12:50:44,296 [Datanode State Machine Task Thread - 0] INFO  datanode.InitDatanodeState (InitDatanodeState.java:persistContainerDatanodeDetails(138)) - DatanodeDetails is persisted to /home/runner/work/ozone/ozone/hadoop-ozone/integration-test/target/test-dir/MiniOzoneClusterImpl-86edf0e9-7e2c-4cfe-baf2-13fb9c17952e/datanode-2/meta/datanode.id
2022-10-11 12:50:45,283 [Listener at 127.0.0.1/39939] INFO  ozone.MiniOzoneClusterImpl (MiniOzoneClusterImpl.java:lambda$waitForClusterToBeReady$0(216)) - Waiting for nodes to be ready. Got 0 of 3 DN Heartbeats.
2022-10-11 12:50:45,284 [Listener at 127.0.0.1/39939] INFO  ozone.MiniOzoneClusterImpl (MiniOzoneClusterImpl.java:lambda$waitForClusterToBeReady$0(219)) - Waiting for cluster to exit safe mode
2022-10-11 12:50:45,284 [Listener at 127.0.0.1/39939] INFO  ozone.MiniOzoneClusterImpl (MiniOzoneClusterImpl.java:lambda$waitForClusterToBeReady$0(221)) - SCM became leader
2022-10-11 12:50:45,580 [EndpointStateMachine task thread for /0.0.0.0:37919 - 0 ] INFO  volume.HddsVolume (HddsVolume.java:createDbStore(307)) - SchemaV3 db is created and loaded at /home/runner/work/ozone/ozone/hadoop-ozone/integration-test/target/test-dir/MiniOzoneClusterImpl-86edf0e9-7e2c-4cfe-baf2-13fb9c17952e/datanode-0/data-0/containers/hdds/86edf0e9-7e2c-4cfe-baf2-13fb9c17952e/DS-01da6a31-41fd-4d8f-9ada-d05dfedfd9b4/container.db for volume DS-01da6a31-41fd-4d8f-9ada-d05dfedfd9b4
2022-10-11 12:50:45,585 [EndpointStateMachine task thread for /0.0.0.0:37919 - 0 ] INFO  volume.HddsVolume (HddsVolume.java:closeDbStore(338)) - SchemaV3 db is stopped at /home/runner/work/ozone/ozone/hadoop-ozone/integration-test/target/test-dir/MiniOzoneClusterImpl-86edf0e9-7e2c-4cfe-baf2-13fb9c17952e/datanode-0/data-0/containers/hdds/86edf0e9-7e2c-4cfe-baf2-13fb9c17952e/DS-01da6a31-41fd-4d8f-9ada-d05dfedfd9b4/container.db for volume DS-01da6a31-41fd-4d8f-9ada-d05dfedfd9b4
2022-10-11 12:50:45,585 [EndpointStateMachine task thread for /0.0.0.0:37919 - 0 ] INFO  ozoneimpl.OzoneContainer (OzoneContainer.java:start(378)) - Attempting to start container services.
2022-10-11 12:50:45,585 [EndpointStateMachine task thread for /0.0.0.0:37919 - 0 ] INFO  ozoneimpl.OzoneContainer (OzoneContainer.java:startContainerScrub(313)) - Background container scanner has been disabled.
2022-10-11 12:50:45,587 [EndpointStateMachine task thread for /0.0.0.0:37919 - 0 ] INFO  replication.ReplicationServer (ReplicationServer.java:start(111)) - ReplicationServer is started using port 39189
2022-10-11 12:50:45,587 [EndpointStateMachine task thread for /0.0.0.0:37919 - 0 ] INFO  ratis.XceiverServerRatis (XceiverServerRatis.java:start(481)) - Starting XceiverServerRatis 8873ba3e-7da4-46f7-b1d3-8a39f1a1c208
2022-10-11 12:50:45,592 [EndpointStateMachine task thread for /0.0.0.0:37919 - 0 ] INFO  server.RaftServer (RaftServerProxy.java:lambda$start$6(382)) - 8873ba3e-7da4-46f7-b1d3-8a39f1a1c208: start RPC server
2022-10-11 12:50:45,596 [EndpointStateMachine task thread for /0.0.0.0:37919 - 0 ] INFO  server.GrpcService (GrpcService.java:startImpl(260)) - 8873ba3e-7da4-46f7-b1d3-8a39f1a1c208: GrpcService started, listening on 41043
2022-10-11 12:50:45,596 [EndpointStateMachine task thread for /0.0.0.0:37919 - 0 ] INFO  ratis.XceiverServerRatis (XceiverServerRatis.java:getRealPort(502)) - XceiverServerRatis 8873ba3e-7da4-46f7-b1d3-8a39f1a1c208 is started using port 41043 for RATIS
2022-10-11 12:50:45,596 [EndpointStateMachine task thread for /0.0.0.0:37919 - 0 ] INFO  ratis.XceiverServerRatis (XceiverServerRatis.java:getRealPort(502)) - XceiverServerRatis 8873ba3e-7da4-46f7-b1d3-8a39f1a1c208 is started using port 41043 for RATIS_ADMIN
2022-10-11 12:50:45,596 [EndpointStateMachine task thread for /0.0.0.0:37919 - 0 ] INFO  ratis.XceiverServerRatis (XceiverServerRatis.java:getRealPort(502)) - XceiverServerRatis 8873ba3e-7da4-46f7-b1d3-8a39f1a1c208 is started using port 41043 for RATIS_SERVER
2022-10-11 12:50:45,597 [org.apache.ratis.util.JvmPauseMonitor$$Lambda$703/795293305@caf46d5] INFO  util.JvmPauseMonitor (JvmPauseMonitor.java:run(103)) - JvmPauseMonitor-8873ba3e-7da4-46f7-b1d3-8a39f1a1c208: Started
2022-10-11 12:50:45,604 [EndpointStateMachine task thread for /0.0.0.0:37919 - 0 ] INFO  server.XceiverServerGrpc (XceiverServerGrpc.java:start(180)) - XceiverServerGrpc 8873ba3e-7da4-46f7-b1d3-8a39f1a1c208 is started using port 41019
2022-10-11 12:50:45,929 [EndpointStateMachine task thread for /0.0.0.0:37919 - 0 ] INFO  volume.HddsVolume (HddsVolume.java:createDbStore(307)) - SchemaV3 db is created and loaded at /home/runner/work/ozone/ozone/hadoop-ozone/integration-test/target/test-dir/MiniOzoneClusterImpl-86edf0e9-7e2c-4cfe-baf2-13fb9c17952e/datanode-1/data-0/containers/hdds/86edf0e9-7e2c-4cfe-baf2-13fb9c17952e/DS-70d5f13c-5a7f-41e4-b437-d246b94a3f60/container.db for volume DS-70d5f13c-5a7f-41e4-b437-d246b94a3f60
2022-10-11 12:50:45,930 [EndpointStateMachine task thread for /0.0.0.0:37919 - 0 ] INFO  volume.HddsVolume (HddsVolume.java:closeDbStore(338)) - SchemaV3 db is stopped at /home/runner/work/ozone/ozone/hadoop-ozone/integration-test/target/test-dir/MiniOzoneClusterImpl-86edf0e9-7e2c-4cfe-baf2-13fb9c17952e/datanode-1/data-0/containers/hdds/86edf0e9-7e2c-4cfe-baf2-13fb9c17952e/DS-70d5f13c-5a7f-41e4-b437-d246b94a3f60/container.db for volume DS-70d5f13c-5a7f-41e4-b437-d246b94a3f60
2022-10-11 12:50:45,930 [EndpointStateMachine task thread for /0.0.0.0:37919 - 0 ] INFO  ozoneimpl.OzoneContainer (OzoneContainer.java:start(378)) - Attempting to start container services.
2022-10-11 12:50:45,930 [EndpointStateMachine task thread for /0.0.0.0:37919 - 0 ] INFO  ozoneimpl.OzoneContainer (OzoneContainer.java:startContainerScrub(313)) - Background container scanner has been disabled.
2022-10-11 12:50:45,932 [EndpointStateMachine task thread for /0.0.0.0:37919 - 0 ] INFO  replication.ReplicationServer (ReplicationServer.java:start(111)) - ReplicationServer is started using port 39047
2022-10-11 12:50:45,933 [EndpointStateMachine task thread for /0.0.0.0:37919 - 0 ] INFO  ratis.XceiverServerRatis (XceiverServerRatis.java:start(481)) - Starting XceiverServerRatis 9e941ce3-1318-4d07-a6ad-837cafbdd6f8
2022-10-11 12:50:45,933 [EndpointStateMachine task thread for /0.0.0.0:37919 - 0 ] INFO  server.RaftServer (RaftServerProxy.java:lambda$start$6(382)) - 9e941ce3-1318-4d07-a6ad-837cafbdd6f8: start RPC server
2022-10-11 12:50:45,936 [EndpointStateMachine task thread for /0.0.0.0:37919 - 0 ] INFO  server.GrpcService (GrpcService.java:startImpl(260)) - 9e941ce3-1318-4d07-a6ad-837cafbdd6f8: GrpcService started, listening on 33735
2022-10-11 12:50:45,937 [EndpointStateMachine task thread for /0.0.0.0:37919 - 0 ] INFO  ratis.XceiverServerRatis (XceiverServerRatis.java:getRealPort(502)) - XceiverServerRatis 9e941ce3-1318-4d07-a6ad-837cafbdd6f8 is started using port 33735 for RATIS
2022-10-11 12:50:45,937 [org.apache.ratis.util.JvmPauseMonitor$$Lambda$703/795293305@3b015a81] INFO  util.JvmPauseMonitor (JvmPauseMonitor.java:run(103)) - JvmPauseMonitor-9e941ce3-1318-4d07-a6ad-837cafbdd6f8: Started
2022-10-11 12:50:45,937 [EndpointStateMachine task thread for /0.0.0.0:37919 - 0 ] INFO  ratis.XceiverServerRatis (XceiverServerRatis.java:getRealPort(502)) - XceiverServerRatis 9e941ce3-1318-4d07-a6ad-837cafbdd6f8 is started using port 33735 for RATIS_ADMIN
2022-10-11 12:50:45,937 [EndpointStateMachine task thread for /0.0.0.0:37919 - 0 ] INFO  ratis.XceiverServerRatis (XceiverServerRatis.java:getRealPort(502)) - XceiverServerRatis 9e941ce3-1318-4d07-a6ad-837cafbdd6f8 is started using port 33735 for RATIS_SERVER
2022-10-11 12:50:45,940 [EndpointStateMachine task thread for /0.0.0.0:37919 - 0 ] INFO  server.XceiverServerGrpc (XceiverServerGrpc.java:start(180)) - XceiverServerGrpc 9e941ce3-1318-4d07-a6ad-837cafbdd6f8 is started using port 41477
2022-10-11 12:50:46,284 [Listener at 127.0.0.1/39939] INFO  ozone.MiniOzoneClusterImpl (MiniOzoneClusterImpl.java:lambda$waitForClusterToBeReady$0(216)) - Waiting for nodes to be ready. Got 0 of 3 DN Heartbeats.
2022-10-11 12:50:46,285 [Listener at 127.0.0.1/39939] INFO  ozone.MiniOzoneClusterImpl (MiniOzoneClusterImpl.java:lambda$waitForClusterToBeReady$0(219)) - Waiting for cluster to exit safe mode
2022-10-11 12:50:46,285 [Listener at 127.0.0.1/39939] INFO  ozone.MiniOzoneClusterImpl (MiniOzoneClusterImpl.java:lambda$waitForClusterToBeReady$0(221)) - SCM became leader
2022-10-11 12:50:46,331 [EndpointStateMachine task thread for /0.0.0.0:37919 - 0 ] INFO  volume.HddsVolume (HddsVolume.java:createDbStore(307)) - SchemaV3 db is created and loaded at /home/runner/work/ozone/ozone/hadoop-ozone/integration-test/target/test-dir/MiniOzoneClusterImpl-86edf0e9-7e2c-4cfe-baf2-13fb9c17952e/datanode-2/data-0/containers/hdds/86edf0e9-7e2c-4cfe-baf2-13fb9c17952e/DS-9ac235b3-27f7-42c4-8f35-9e854b4a043e/container.db for volume DS-9ac235b3-27f7-42c4-8f35-9e854b4a043e
2022-10-11 12:50:46,331 [EndpointStateMachine task thread for /0.0.0.0:37919 - 0 ] INFO  volume.HddsVolume (HddsVolume.java:closeDbStore(338)) - SchemaV3 db is stopped at /home/runner/work/ozone/ozone/hadoop-ozone/integration-test/target/test-dir/MiniOzoneClusterImpl-86edf0e9-7e2c-4cfe-baf2-13fb9c17952e/datanode-2/data-0/containers/hdds/86edf0e9-7e2c-4cfe-baf2-13fb9c17952e/DS-9ac235b3-27f7-42c4-8f35-9e854b4a043e/container.db for volume DS-9ac235b3-27f7-42c4-8f35-9e854b4a043e
2022-10-11 12:50:46,331 [EndpointStateMachine task thread for /0.0.0.0:37919 - 0 ] INFO  ozoneimpl.OzoneContainer (OzoneContainer.java:start(378)) - Attempting to start container services.
2022-10-11 12:50:46,332 [EndpointStateMachine task thread for /0.0.0.0:37919 - 0 ] INFO  ozoneimpl.OzoneContainer (OzoneContainer.java:startContainerScrub(313)) - Background container scanner has been disabled.
2022-10-11 12:50:46,336 [EndpointStateMachine task thread for /0.0.0.0:37919 - 0 ] INFO  replication.ReplicationServer (ReplicationServer.java:start(111)) - ReplicationServer is started using port 44577
2022-10-11 12:50:46,336 [EndpointStateMachine task thread for /0.0.0.0:37919 - 0 ] INFO  ratis.XceiverServerRatis (XceiverServerRatis.java:start(481)) - Starting XceiverServerRatis 0edcf6db-22cd-4c8c-bdc6-3c11ab3ecd15
2022-10-11 12:50:46,337 [EndpointStateMachine task thread for /0.0.0.0:37919 - 0 ] INFO  server.RaftServer (RaftServerProxy.java:lambda$start$6(382)) - 0edcf6db-22cd-4c8c-bdc6-3c11ab3ecd15: start RPC server
2022-10-11 12:50:46,341 [EndpointStateMachine task thread for /0.0.0.0:37919 - 0 ] INFO  server.GrpcService (GrpcService.java:startImpl(260)) - 0edcf6db-22cd-4c8c-bdc6-3c11ab3ecd15: GrpcService started, listening on 42307
2022-10-11 12:50:46,341 [EndpointStateMachine task thread for /0.0.0.0:37919 - 0 ] INFO  ratis.XceiverServerRatis (XceiverServerRatis.java:getRealPort(502)) - XceiverServerRatis 0edcf6db-22cd-4c8c-bdc6-3c11ab3ecd15 is started using port 42307 for RATIS
2022-10-11 12:50:46,341 [org.apache.ratis.util.JvmPauseMonitor$$Lambda$703/795293305@677bd9a1] INFO  util.JvmPauseMonitor (JvmPauseMonitor.java:run(103)) - JvmPauseMonitor-0edcf6db-22cd-4c8c-bdc6-3c11ab3ecd15: Started
2022-10-11 12:50:46,341 [EndpointStateMachine task thread for /0.0.0.0:37919 - 0 ] INFO  ratis.XceiverServerRatis (XceiverServerRatis.java:getRealPort(502)) - XceiverServerRatis 0edcf6db-22cd-4c8c-bdc6-3c11ab3ecd15 is started using port 42307 for RATIS_ADMIN
2022-10-11 12:50:46,341 [EndpointStateMachine task thread for /0.0.0.0:37919 - 0 ] INFO  ratis.XceiverServerRatis (XceiverServerRatis.java:getRealPort(502)) - XceiverServerRatis 0edcf6db-22cd-4c8c-bdc6-3c11ab3ecd15 is started using port 42307 for RATIS_SERVER
2022-10-11 12:50:46,344 [EndpointStateMachine task thread for /0.0.0.0:37919 - 0 ] INFO  server.XceiverServerGrpc (XceiverServerGrpc.java:start(180)) - XceiverServerGrpc 0edcf6db-22cd-4c8c-bdc6-3c11ab3ecd15 is started using port 44357
2022-10-11 12:50:47,285 [Listener at 127.0.0.1/39939] INFO  ozone.MiniOzoneClusterImpl (MiniOzoneClusterImpl.java:lambda$waitForClusterToBeReady$0(216)) - Waiting for nodes to be ready. Got 0 of 3 DN Heartbeats.
2022-10-11 12:50:47,286 [Listener at 127.0.0.1/39939] INFO  ozone.MiniOzoneClusterImpl (MiniOzoneClusterImpl.java:lambda$waitForClusterToBeReady$0(219)) - Waiting for cluster to exit safe mode
2022-10-11 12:50:47,286 [Listener at 127.0.0.1/39939] INFO  ozone.MiniOzoneClusterImpl (MiniOzoneClusterImpl.java:lambda$waitForClusterToBeReady$0(221)) - SCM became leader
2022-10-11 12:50:47,538 [IPC Server handler 19 on default port 37919] INFO  net.NetworkTopologyImpl (NetworkTopologyImpl.java:add(112)) - Added a new node: /default-rack/8873ba3e-7da4-46f7-b1d3-8a39f1a1c208
2022-10-11 12:50:47,539 [IPC Server handler 19 on default port 37919] INFO  node.SCMNodeManager (SCMNodeManager.java:register(397)) - Registered Data node : 8873ba3e-7da4-46f7-b1d3-8a39f1a1c208{ip: 10.1.1.98, host: fv-az570-546.srgqcr2moziuvm0qev4lajleyh.dx.internal.cloudapp.net, ports: [REPLICATION=39189, RATIS=41043, RATIS_ADMIN=41043, RATIS_SERVER=41043, STANDALONE=41019], networkLocation: /default-rack, certSerialId: null, persistedOpState: null, persistedOpStateExpiryEpochSec: 0}
2022-10-11 12:50:47,541 [EventQueue-NewNodeForNewNodeHandler] INFO  pipeline.BackgroundPipelineCreator (BackgroundPipelineCreator.java:notifyEventTriggered(276)) - trigger a one-shot run on RatisPipelineUtilsThread.
2022-10-11 12:50:47,541 [EventQueue-NodeRegistrationContainerReportForContainerSafeModeRule] INFO  safemode.SCMSafeModeManager (SCMSafeModeManager.java:validateSafeModeExitRules(204)) - ContainerSafeModeRule rule is successfully validated
2022-10-11 12:50:47,541 [EventQueue-NodeRegistrationContainerReportForDataNodeSafeModeRule] INFO  safemode.SCMSafeModeManager (DataNodeSafeModeRule.java:process(71)) - SCM in safe mode. 1 DataNodes registered, 3 required.
2022-10-11 12:50:47,542 [EventQueue-PipelineReportForOneReplicaPipelineSafeModeRule] INFO  safemode.SCMSafeModeManager (SCMSafeModeManager.java:validateSafeModeExitRules(204)) - AtleastOneDatanodeReportedRule rule is successfully validated
2022-10-11 12:50:47,890 [IPC Server handler 11 on default port 37919] INFO  net.NetworkTopologyImpl (NetworkTopologyImpl.java:add(112)) - Added a new node: /default-rack/9e941ce3-1318-4d07-a6ad-837cafbdd6f8
2022-10-11 12:50:47,890 [IPC Server handler 11 on default port 37919] INFO  node.SCMNodeManager (SCMNodeManager.java:register(397)) - Registered Data node : 9e941ce3-1318-4d07-a6ad-837cafbdd6f8{ip: 10.1.1.98, host: fv-az570-546.srgqcr2moziuvm0qev4lajleyh.dx.internal.cloudapp.net, ports: [REPLICATION=39047, RATIS=33735, RATIS_ADMIN=33735, RATIS_SERVER=33735, STANDALONE=41477], networkLocation: /default-rack, certSerialId: null, persistedOpState: null, persistedOpStateExpiryEpochSec: 0}
2022-10-11 12:50:47,890 [EventQueue-NewNodeForNewNodeHandler] INFO  pipeline.BackgroundPipelineCreator (BackgroundPipelineCreator.java:notifyEventTriggered(276)) - trigger a one-shot run on RatisPipelineUtilsThread.
2022-10-11 12:50:47,890 [EventQueue-NodeRegistrationContainerReportForDataNodeSafeModeRule] INFO  safemode.SCMSafeModeManager (DataNodeSafeModeRule.java:process(71)) - SCM in safe mode. 2 DataNodes registered, 3 required.
2022-10-11 12:50:48,287 [Listener at 127.0.0.1/39939] INFO  ozone.MiniOzoneClusterImpl (MiniOzoneClusterImpl.java:lambda$waitForClusterToBeReady$0(216)) - Waiting for nodes to be ready. Got 2 of 3 DN Heartbeats.
2022-10-11 12:50:48,287 [Listener at 127.0.0.1/39939] INFO  ozone.MiniOzoneClusterImpl (MiniOzoneClusterImpl.java:lambda$waitForClusterToBeReady$0(219)) - Waiting for cluster to exit safe mode
2022-10-11 12:50:48,287 [Listener at 127.0.0.1/39939] INFO  ozone.MiniOzoneClusterImpl (MiniOzoneClusterImpl.java:lambda$waitForClusterToBeReady$0(221)) - SCM became leader
2022-10-11 12:50:48,293 [IPC Server handler 18 on default port 37919] INFO  net.NetworkTopologyImpl (NetworkTopologyImpl.java:add(112)) - Added a new node: /default-rack/0edcf6db-22cd-4c8c-bdc6-3c11ab3ecd15
2022-10-11 12:50:48,293 [IPC Server handler 18 on default port 37919] INFO  node.SCMNodeManager (SCMNodeManager.java:register(397)) - Registered Data node : 0edcf6db-22cd-4c8c-bdc6-3c11ab3ecd15{ip: 10.1.1.98, host: fv-az570-546.srgqcr2moziuvm0qev4lajleyh.dx.internal.cloudapp.net, ports: [REPLICATION=44577, RATIS=42307, RATIS_ADMIN=42307, RATIS_SERVER=42307, STANDALONE=44357], networkLocation: /default-rack, certSerialId: null, persistedOpState: null, persistedOpStateExpiryEpochSec: 0}
2022-10-11 12:50:48,294 [EventQueue-NodeRegistrationContainerReportForDataNodeSafeModeRule] INFO  safemode.SCMSafeModeManager (DataNodeSafeModeRule.java:process(71)) - SCM in safe mode. 3 DataNodes registered, 3 required.
2022-10-11 12:50:48,294 [EventQueue-NodeRegistrationContainerReportForDataNodeSafeModeRule] INFO  safemode.SCMSafeModeManager (SCMSafeModeManager.java:validateSafeModeExitRules(204)) - DataNodeSafeModeRule rule is successfully validated
2022-10-11 12:50:48,294 [EventQueue-NodeRegistrationContainerReportForDataNodeSafeModeRule] INFO  safemode.SCMSafeModeManager (SCMSafeModeManager.java:completePreCheck(233)) - All SCM safe mode pre check rules have passed
2022-10-11 12:50:48,294 [EventQueue-NodeRegistrationContainerReportForDataNodeSafeModeRule] WARN  events.EventQueue (EventQueue.java:fireEvent(216)) - No event handler registered for event TypedEvent{payloadType=SafeModeStatus, name='Safe mode status'}
2022-10-11 12:50:48,295 [EventQueue-NodeRegistrationContainerReportForDataNodeSafeModeRule] INFO  ha.SCMContext (SCMContext.java:updateSafeModeStatus(228)) - Update SafeModeStatus from SafeModeStatus{safeModeStatus=true, preCheckPassed=false} to SafeModeStatus{safeModeStatus=true, preCheckPassed=true}.
2022-10-11 12:50:48,295 [EventQueue-NodeRegistrationContainerReportForDataNodeSafeModeRule] INFO  pipeline.BackgroundPipelineCreator (BackgroundPipelineCreator.java:notifyEventTriggered(276)) - trigger a one-shot run on RatisPipelineUtilsThread.
2022-10-11 12:50:48,295 [EventQueue-NewNodeForNewNodeHandler] INFO  pipeline.BackgroundPipelineCreator (BackgroundPipelineCreator.java:notifyEventTriggered(276)) - trigger a one-shot run on RatisPipelineUtilsThread.
2022-10-11 12:50:48,295 [RatisPipelineUtilsThread - 0] INFO  pipeline.RatisPipelineProvider (RatisPipelineProvider.java:lambda$create$0(195)) - Sending CreatePipelineCommand for pipeline:PipelineID=c6e6a251-f79a-43ff-b19e-51d27de71748 to datanode:9e941ce3-1318-4d07-a6ad-837cafbdd6f8
2022-10-11 12:50:48,295 [RatisPipelineUtilsThread - 0] INFO  pipeline.RatisPipelineProvider (RatisPipelineProvider.java:lambda$create$0(195)) - Sending CreatePipelineCommand for pipeline:PipelineID=c6e6a251-f79a-43ff-b19e-51d27de71748 to datanode:0edcf6db-22cd-4c8c-bdc6-3c11ab3ecd15
2022-10-11 12:50:48,295 [RatisPipelineUtilsThread - 0] INFO  pipeline.RatisPipelineProvider (RatisPipelineProvider.java:lambda$create$0(195)) - Sending CreatePipelineCommand for pipeline:PipelineID=c6e6a251-f79a-43ff-b19e-51d27de71748 to datanode:8873ba3e-7da4-46f7-b1d3-8a39f1a1c208
2022-10-11 12:50:48,296 [RatisPipelineUtilsThread - 0] INFO  pipeline.PipelineStateManagerImpl (PipelineStateManagerImpl.java:addPipeline(103)) - Created pipeline Pipeline[ Id: c6e6a251-f79a-43ff-b19e-51d27de71748, Nodes: 9e941ce3-1318-4d07-a6ad-837cafbdd6f8{ip: 10.1.1.98, host: fv-az570-546.srgqcr2moziuvm0qev4lajleyh.dx.internal.cloudapp.net, ports: [REPLICATION=39047, RATIS=33735, RATIS_ADMIN=33735, RATIS_SERVER=33735, STANDALONE=41477], networkLocation: /default-rack, certSerialId: null, persistedOpState: IN_SERVICE, persistedOpStateExpiryEpochSec: 0}0edcf6db-22cd-4c8c-bdc6-3c11ab3ecd15{ip: 10.1.1.98, host: fv-az570-546.srgqcr2moziuvm0qev4lajleyh.dx.internal.cloudapp.net, ports: [REPLICATION=44577, RATIS=42307, RATIS_ADMIN=42307, RATIS_SERVER=42307, STANDALONE=44357], networkLocation: /default-rack, certSerialId: null, persistedOpState: IN_SERVICE, persistedOpStateExpiryEpochSec: 0}8873ba3e-7da4-46f7-b1d3-8a39f1a1c208{ip: 10.1.1.98, host: fv-az570-546.srgqcr2moziuvm0qev4lajleyh.dx.internal.cloudapp.net, ports: [REPLICATION=39189, RATIS=41043, RATIS_ADMIN=41043, RATIS_SERVER=41043, STANDALONE=41019], networkLocation: /default-rack, certSerialId: null, persistedOpState: IN_SERVICE, persistedOpStateExpiryEpochSec: 0}, ReplicationConfig: RATIS/THREE, State:ALLOCATED, leaderId:, CreationTimestamp2022-10-11T12:50:48.295Z[Etc/UTC]].
2022-10-11 12:50:49,288 [Listener at 127.0.0.1/39939] INFO  ozone.MiniOzoneClusterImpl (MiniOzoneClusterImpl.java:lambda$waitForClusterToBeReady$0(216)) - Nodes are ready. Got 3 of 3 DN Heartbeats.
2022-10-11 12:50:49,288 [Listener at 127.0.0.1/39939] INFO  ozone.MiniOzoneClusterImpl (MiniOzoneClusterImpl.java:lambda$waitForClusterToBeReady$0(219)) - Waiting for cluster to exit safe mode
2022-10-11 12:50:49,288 [Listener at 127.0.0.1/39939] INFO  ozone.MiniOzoneClusterImpl (MiniOzoneClusterImpl.java:lambda$waitForClusterToBeReady$0(221)) - SCM became leader
2022-10-11 12:50:50,289 [Listener at 127.0.0.1/39939] INFO  ozone.MiniOzoneClusterImpl (MiniOzoneClusterImpl.java:lambda$waitForClusterToBeReady$0(216)) - Nodes are ready. Got 3 of 3 DN Heartbeats.
2022-10-11 12:50:50,289 [Listener at 127.0.0.1/39939] INFO  ozone.MiniOzoneClusterImpl (MiniOzoneClusterImpl.java:lambda$waitForClusterToBeReady$0(219)) - Waiting for cluster to exit safe mode
2022-10-11 12:50:50,289 [Listener at 127.0.0.1/39939] INFO  ozone.MiniOzoneClusterImpl (MiniOzoneClusterImpl.java:lambda$waitForClusterToBeReady$0(221)) - SCM became leader
2022-10-11 12:50:50,539 [Command processor thread] INFO  server.RaftServer (RaftServerProxy.java:addNew(96)) - 8873ba3e-7da4-46f7-b1d3-8a39f1a1c208: addNew group-51D27DE71748:[8873ba3e-7da4-46f7-b1d3-8a39f1a1c208|rpc:10.1.1.98:41043|priority:0, 0edcf6db-22cd-4c8c-bdc6-3c11ab3ecd15|rpc:10.1.1.98:42307|priority:1, 9e941ce3-1318-4d07-a6ad-837cafbdd6f8|rpc:10.1.1.98:33735|priority:0] returns group-51D27DE71748:java.util.concurrent.CompletableFuture@593cdfb[Not completed]
2022-10-11 12:50:50,545 [pool-759-thread-1] INFO  server.RaftServer$Division (RaftServerImpl.java:<init>(190)) - 8873ba3e-7da4-46f7-b1d3-8a39f1a1c208: new RaftServerImpl for group-51D27DE71748:[8873ba3e-7da4-46f7-b1d3-8a39f1a1c208|rpc:10.1.1.98:41043|priority:0, 0edcf6db-22cd-4c8c-bdc6-3c11ab3ecd15|rpc:10.1.1.98:42307|priority:1, 9e941ce3-1318-4d07-a6ad-837cafbdd6f8|rpc:10.1.1.98:33735|priority:0] with ContainerStateMachine:uninitialized
2022-10-11 12:50:50,545 [pool-759-thread-1] INFO  server.RaftServerConfigKeys (ConfUtils.java:logGet(46)) - raft.server.rpc.timeout.min = 5s (custom)
2022-10-11 12:50:50,545 [pool-759-thread-1] INFO  server.RaftServerConfigKeys (ConfUtils.java:logGet(46)) - raft.server.rpc.timeout.max = 5200ms (custom)
2022-10-11 12:50:50,545 [pool-759-thread-1] INFO  server.RaftServerConfigKeys (ConfUtils.java:logGet(46)) - raft.server.rpc.sleep.time = 25ms (default)
2022-10-11 12:50:50,545 [pool-759-thread-1] INFO  server.RaftServerConfigKeys (ConfUtils.java:logGet(46)) - raft.server.rpc.slowness.timeout = 300s (custom)
2022-10-11 12:50:50,545 [pool-759-thread-1] INFO  server.RaftServerConfigKeys (ConfUtils.java:logGet(46)) - raft.server.leaderelection.leader.step-down.wait-time = 10s (default)
2022-10-11 12:50:50,545 [pool-759-thread-1] INFO  server.RaftServerConfigKeys (ConfUtils.java:logGet(46)) - raft.server.sleep.deviation.threshold = 300ms (default)
2022-10-11 12:50:50,545 [pool-759-thread-1] INFO  server.RaftServer$Division (ServerState.java:<init>(107)) - 8873ba3e-7da4-46f7-b1d3-8a39f1a1c208@group-51D27DE71748: ConfigurationManager, init=-1: [8873ba3e-7da4-46f7-b1d3-8a39f1a1c208|rpc:10.1.1.98:41043|priority:0, 0edcf6db-22cd-4c8c-bdc6-3c11ab3ecd15|rpc:10.1.1.98:42307|priority:1, 9e941ce3-1318-4d07-a6ad-837cafbdd6f8|rpc:10.1.1.98:33735|priority:0], old=null, confs=<EMPTY_MAP>
2022-10-11 12:50:50,546 [pool-759-thread-1] INFO  server.RaftServerConfigKeys (ConfUtils.java:logGet(46)) - raft.server.storage.dir = [/home/runner/work/ozone/ozone/hadoop-ozone/integration-test/target/test-dir/MiniOzoneClusterImpl-86edf0e9-7e2c-4cfe-baf2-13fb9c17952e/datanode-0/data/ratis] (custom)
2022-10-11 12:50:50,546 [pool-759-thread-1] INFO  server.RaftServerConfigKeys (ConfUtils.java:logGet(46)) - raft.server.log.corruption.policy = EXCEPTION (default)
2022-10-11 12:50:50,546 [pool-759-thread-1] INFO  server.RaftServerConfigKeys (ConfUtils.java:logGet(46)) - raft.server.storage.free-space.min = 0MB (=0) (default)
2022-10-11 12:50:50,546 [pool-759-thread-1] INFO  storage.RaftStorageDirectory (RaftStorageDirectoryImpl.java:analyzeStorage(135)) - The storage directory /home/runner/work/ozone/ozone/hadoop-ozone/integration-test/target/test-dir/MiniOzoneClusterImpl-86edf0e9-7e2c-4cfe-baf2-13fb9c17952e/datanode-0/data/ratis/c6e6a251-f79a-43ff-b19e-51d27de71748 does not exist. Creating ...
2022-10-11 12:50:50,547 [pool-759-thread-1] INFO  storage.RaftStorageDirectory (RaftStorageDirectoryImpl.java:tryLock(230)) - Lock on /home/runner/work/ozone/ozone/hadoop-ozone/integration-test/target/test-dir/MiniOzoneClusterImpl-86edf0e9-7e2c-4cfe-baf2-13fb9c17952e/datanode-0/data/ratis/c6e6a251-f79a-43ff-b19e-51d27de71748/in_use.lock acquired by nodename 36499@fv-az570-546
2022-10-11 12:50:50,549 [pool-759-thread-1] INFO  storage.RaftStorage (RaftStorageImpl.java:format(89)) - Storage directory /home/runner/work/ozone/ozone/hadoop-ozone/integration-test/target/test-dir/MiniOzoneClusterImpl-86edf0e9-7e2c-4cfe-baf2-13fb9c17952e/datanode-0/data/ratis/c6e6a251-f79a-43ff-b19e-51d27de71748 has been successfully formatted.
2022-10-11 12:50:50,549 [pool-759-thread-1] INFO  ratis.ContainerStateMachine (ContainerStateMachine.java:loadSnapshot(236)) - group-51D27DE71748: The snapshot info is null. Setting the last applied indexto:(t:0, i:~)
2022-10-11 12:50:50,549 [pool-759-thread-1] INFO  server.RaftServerConfigKeys (ConfUtils.java:logGet(46)) - raft.server.notification.no-leader.timeout = 300s (custom)
2022-10-11 12:50:50,550 [pool-759-thread-1] INFO  server.RaftServerConfigKeys (ConfUtils.java:logGet(46)) - raft.server.log.use.memory = false (default)
2022-10-11 12:50:50,550 [pool-759-thread-1] INFO  server.RaftServerConfigKeys (ConfUtils.java:logGet(46)) - raft.server.log.purge.gap = 1000000 (custom)
2022-10-11 12:50:50,550 [pool-759-thread-1] INFO  server.RaftServerConfigKeys (ConfUtils.java:logGet(46)) - raft.server.log.appender.buffer.byte-limit = 33554432 (custom)
2022-10-11 12:50:50,550 [pool-759-thread-1] INFO  server.RaftServerConfigKeys (ConfUtils.java:logGet(46)) - raft.server.log.statemachine.data.read.timeout = 1000ms (default)
2022-10-11 12:50:50,551 [pool-759-thread-1] INFO  server.RaftServerConfigKeys (ConfUtils.java:logGet(46)) - raft.server.log.segment.size.max = 1048576 (custom)
2022-10-11 12:50:50,551 [pool-759-thread-1] INFO  server.RaftServerConfigKeys (ConfUtils.java:logGet(46)) - raft.server.log.segment.cache.num.max = 2 (custom)
2022-10-11 12:50:50,551 [pool-759-thread-1] INFO  server.RaftServerConfigKeys (ConfUtils.java:logGet(46)) - raft.server.log.segment.cache.size.max = 200MB (=209715200) (default)
2022-10-11 12:50:50,551 [pool-759-thread-1] INFO  segmented.SegmentedRaftLogWorker (SegmentedRaftLogWorker.java:<init>(187)) - new 8873ba3e-7da4-46f7-b1d3-8a39f1a1c208@group-51D27DE71748-SegmentedRaftLogWorker for RaftStorageImpl:Storage Directory /home/runner/work/ozone/ozone/hadoop-ozone/integration-test/target/test-dir/MiniOzoneClusterImpl-86edf0e9-7e2c-4cfe-baf2-13fb9c17952e/datanode-0/data/ratis/c6e6a251-f79a-43ff-b19e-51d27de71748
2022-10-11 12:50:50,551 [pool-759-thread-1] INFO  server.RaftServerConfigKeys (ConfUtils.java:logGet(46)) - raft.server.log.queue.byte-limit = 4294967296 (custom)
2022-10-11 12:50:50,551 [pool-759-thread-1] INFO  server.RaftServerConfigKeys (ConfUtils.java:logGet(46)) - raft.server.log.queue.element-limit = 1024 (custom)
2022-10-11 12:50:50,552 [pool-759-thread-1] INFO  server.RaftServerConfigKeys (ConfUtils.java:logGet(46)) - raft.server.log.segment.size.max = 1048576 (custom)
2022-10-11 12:50:50,552 [pool-759-thread-1] INFO  server.RaftServerConfigKeys (ConfUtils.java:logGet(46)) - raft.server.log.preallocated.size = 16384 (custom)
2022-10-11 12:50:50,552 [pool-759-thread-1] INFO  server.RaftServerConfigKeys (ConfUtils.java:logGet(46)) - raft.server.log.force.sync.num = 128 (default)
2022-10-11 12:50:50,552 [pool-759-thread-1] INFO  server.RaftServerConfigKeys (ConfUtils.java:logGet(46)) - raft.server.log.statemachine.data.sync = true (default)
2022-10-11 12:50:50,552 [pool-759-thread-1] INFO  server.RaftServerConfigKeys (ConfUtils.java:logGet(46)) - raft.server.log.statemachine.data.sync.timeout = 10s (default)
2022-10-11 12:50:50,552 [pool-759-thread-1] INFO  server.RaftServerConfigKeys (ConfUtils.java:logGet(46)) - raft.server.log.statemachine.data.sync.timeout.retry = -1 (default)
2022-10-11 12:50:50,556 [pool-759-thread-1] INFO  server.RaftServerConfigKeys (ConfUtils.java:logGet(46)) - raft.server.log.write.buffer.size = 1048576 (custom)
2022-10-11 12:50:50,556 [pool-759-thread-1] INFO  server.RaftServerConfigKeys (ConfUtils.java:logGet(46)) - raft.server.log.unsafe-flush.enabled = false (default)
2022-10-11 12:50:50,556 [pool-759-thread-1] INFO  server.RaftServerConfigKeys (ConfUtils.java:logGet(46)) - raft.server.log.statemachine.data.caching.enabled = true (custom)
2022-10-11 12:50:50,556 [pool-759-thread-1] INFO  segmented.SegmentedRaftLogWorker (SegmentedRaftLogWorker.java:lambda$new$0(135)) - 8873ba3e-7da4-46f7-b1d3-8a39f1a1c208@group-51D27DE71748-SegmentedRaftLogWorker: flushIndex: setUnconditionally 0 -> -1
2022-10-11 12:50:50,556 [pool-759-thread-1] INFO  segmented.SegmentedRaftLogWorker (SegmentedRaftLogWorker.java:lambda$new$0(135)) - 8873ba3e-7da4-46f7-b1d3-8a39f1a1c208@group-51D27DE71748-SegmentedRaftLogWorker: safeCacheEvictIndex: setUnconditionally 0 -> -1
2022-10-11 12:50:50,556 [pool-759-thread-1] INFO  server.RaftServerConfigKeys (ConfUtils.java:logGet(46)) - raft.server.snapshot.auto.trigger.enabled = true (custom)
2022-10-11 12:50:50,556 [pool-759-thread-1] INFO  server.RaftServerConfigKeys (ConfUtils.java:logGet(46)) - raft.server.snapshot.auto.trigger.threshold = 10000 (custom)
2022-10-11 12:50:50,556 [pool-759-thread-1] INFO  server.RaftServerConfigKeys (ConfUtils.java:logGet(46)) - raft.server.snapshot.retention.file.num = 5 (custom)
2022-10-11 12:50:50,556 [pool-759-thread-1] INFO  server.RaftServerConfigKeys (ConfUtils.java:logGet(46)) - raft.server.log.purge.upto.snapshot.index = false (default)
2022-10-11 12:50:50,557 [pool-759-thread-1] INFO  server.RaftServerConfigKeys (ConfUtils.java:logGet(46)) - raft.server.retrycache.expirytime = 600000ms (custom)
2022-10-11 12:50:50,557 [pool-759-thread-1] INFO  server.RaftServerConfigKeys (ConfUtils.java:logGet(46)) - raft.server.retrycache.statistics.expirytime = 100μs (default)
2022-10-11 12:50:50,558 [pool-759-thread-1] INFO  server.RaftServerConfigKeys (ConfUtils.java:logGet(46)) - raft.server.log.appender.install.snapshot.enabled = false (custom)
2022-10-11 12:50:50,558 [pool-759-thread-1] INFO  server.RaftServerConfigKeys (ConfUtils.java:logGet(46)) - raft.server.threadpool.server.cached = true (default)
2022-10-11 12:50:50,558 [pool-759-thread-1] INFO  server.RaftServerConfigKeys (ConfUtils.java:logGet(46)) - raft.server.threadpool.server.size = 0 (default)
2022-10-11 12:50:50,558 [pool-759-thread-1] INFO  server.RaftServerConfigKeys (ConfUtils.java:logGet(46)) - raft.server.threadpool.client.cached = true (default)
2022-10-11 12:50:50,558 [pool-759-thread-1] INFO  server.RaftServerConfigKeys (ConfUtils.java:logGet(46)) - raft.server.threadpool.client.size = 0 (default)
2022-10-11 12:50:50,558 [pool-759-thread-1] INFO  server.RaftServer$Division (RaftServerImpl.java:start(310)) - 8873ba3e-7da4-46f7-b1d3-8a39f1a1c208@group-51D27DE71748: start as a follower, conf=-1: [8873ba3e-7da4-46f7-b1d3-8a39f1a1c208|rpc:10.1.1.98:41043|priority:0, 0edcf6db-22cd-4c8c-bdc6-3c11ab3ecd15|rpc:10.1.1.98:42307|priority:1, 9e941ce3-1318-4d07-a6ad-837cafbdd6f8|rpc:10.1.1.98:33735|priority:0], old=null
2022-10-11 12:50:50,559 [pool-759-thread-1] INFO  server.RaftServer$Division (RaftServerImpl.java:setRole(299)) - 8873ba3e-7da4-46f7-b1d3-8a39f1a1c208@group-51D27DE71748: changes role from      null to FOLLOWER at term 0 for startAsFollower
2022-10-11 12:50:50,559 [pool-759-thread-1] INFO  impl.RoleInfo (RoleInfo.java:updateAndGet(139)) - 8873ba3e-7da4-46f7-b1d3-8a39f1a1c208: start 8873ba3e-7da4-46f7-b1d3-8a39f1a1c208@group-51D27DE71748-FollowerState
2022-10-11 12:50:50,559 [pool-759-thread-1] INFO  util.JmxRegister (JmxRegister.java:tryRegister(44)) - Successfully registered JMX Bean with object name Ratis:service=RaftServer,group=group-51D27DE71748,id=8873ba3e-7da4-46f7-b1d3-8a39f1a1c208
2022-10-11 12:50:50,560 [Command processor thread] INFO  ratis.XceiverServerRatis (XceiverServerRatis.java:addGroup(765)) - Created group PipelineID=c6e6a251-f79a-43ff-b19e-51d27de71748
2022-10-11 12:50:50,583 [grpc-default-executor-5] INFO  server.RaftServer (RaftServerProxy.java:addNew(96)) - 9e941ce3-1318-4d07-a6ad-837cafbdd6f8: addNew group-51D27DE71748:[8873ba3e-7da4-46f7-b1d3-8a39f1a1c208|rpc:10.1.1.98:41043|dataStream:|priority:0, 0edcf6db-22cd-4c8c-bdc6-3c11ab3ecd15|rpc:10.1.1.98:42307|dataStream:|priority:1, 9e941ce3-1318-4d07-a6ad-837cafbdd6f8|rpc:10.1.1.98:33735|dataStream:|priority:0] returns group-51D27DE71748:java.util.concurrent.CompletableFuture@6aea3da0[Not completed]
2022-10-11 12:50:50,584 [pool-782-thread-1] INFO  server.RaftServer$Division (RaftServerImpl.java:<init>(190)) - 9e941ce3-1318-4d07-a6ad-837cafbdd6f8: new RaftServerImpl for group-51D27DE71748:[8873ba3e-7da4-46f7-b1d3-8a39f1a1c208|rpc:10.1.1.98:41043|dataStream:|priority:0, 0edcf6db-22cd-4c8c-bdc6-3c11ab3ecd15|rpc:10.1.1.98:42307|dataStream:|priority:1, 9e941ce3-1318-4d07-a6ad-837cafbdd6f8|rpc:10.1.1.98:33735|dataStream:|priority:0] with ContainerStateMachine:uninitialized
2022-10-11 12:50:50,584 [pool-782-thread-1] INFO  server.RaftServerConfigKeys (ConfUtils.java:logGet(46)) - raft.server.rpc.timeout.min = 5s (custom)
2022-10-11 12:50:50,584 [pool-782-thread-1] INFO  server.RaftServerConfigKeys (ConfUtils.java:logGet(46)) - raft.server.rpc.timeout.max = 5200ms (custom)
2022-10-11 12:50:50,584 [pool-782-thread-1] INFO  server.RaftServerConfigKeys (ConfUtils.java:logGet(46)) - raft.server.rpc.sleep.time = 25ms (default)
2022-10-11 12:50:50,584 [pool-782-thread-1] INFO  server.RaftServerConfigKeys (ConfUtils.java:logGet(46)) - raft.server.rpc.slowness.timeout = 300s (custom)
2022-10-11 12:50:50,584 [pool-782-thread-1] INFO  server.RaftServerConfigKeys (ConfUtils.java:logGet(46)) - raft.server.leaderelection.leader.step-down.wait-time = 10s (default)
2022-10-11 12:50:50,584 [pool-782-thread-1] INFO  server.RaftServerConfigKeys (ConfUtils.java:logGet(46)) - raft.server.sleep.deviation.threshold = 300ms (default)
2022-10-11 12:50:50,584 [pool-782-thread-1] INFO  server.RaftServer$Division (ServerState.java:<init>(107)) - 9e941ce3-1318-4d07-a6ad-837cafbdd6f8@group-51D27DE71748: ConfigurationManager, init=-1: [8873ba3e-7da4-46f7-b1d3-8a39f1a1c208|rpc:10.1.1.98:41043|dataStream:|priority:0, 0edcf6db-22cd-4c8c-bdc6-3c11ab3ecd15|rpc:10.1.1.98:42307|dataStream:|priority:1, 9e941ce3-1318-4d07-a6ad-837cafbdd6f8|rpc:10.1.1.98:33735|dataStream:|priority:0], old=null, confs=<EMPTY_MAP>
2022-10-11 12:50:50,584 [pool-782-thread-1] INFO  server.RaftServerConfigKeys (ConfUtils.java:logGet(46)) - raft.server.storage.dir = [/home/runner/work/ozone/ozone/hadoop-ozone/integration-test/target/test-dir/MiniOzoneClusterImpl-86edf0e9-7e2c-4cfe-baf2-13fb9c17952e/datanode-1/data/ratis] (custom)
2022-10-11 12:50:50,585 [pool-782-thread-1] INFO  server.RaftServerConfigKeys (ConfUtils.java:logGet(46)) - raft.server.log.corruption.policy = EXCEPTION (default)
2022-10-11 12:50:50,585 [pool-782-thread-1] INFO  server.RaftServerConfigKeys (ConfUtils.java:logGet(46)) - raft.server.storage.free-space.min = 0MB (=0) (default)
2022-10-11 12:50:50,585 [pool-782-thread-1] INFO  storage.RaftStorageDirectory (RaftStorageDirectoryImpl.java:analyzeStorage(135)) - The storage directory /home/runner/work/ozone/ozone/hadoop-ozone/integration-test/target/test-dir/MiniOzoneClusterImpl-86edf0e9-7e2c-4cfe-baf2-13fb9c17952e/datanode-1/data/ratis/c6e6a251-f79a-43ff-b19e-51d27de71748 does not exist. Creating ...
2022-10-11 12:50:50,586 [pool-782-thread-1] INFO  storage.RaftStorageDirectory (RaftStorageDirectoryImpl.java:tryLock(230)) - Lock on /home/runner/work/ozone/ozone/hadoop-ozone/integration-test/target/test-dir/MiniOzoneClusterImpl-86edf0e9-7e2c-4cfe-baf2-13fb9c17952e/datanode-1/data/ratis/c6e6a251-f79a-43ff-b19e-51d27de71748/in_use.lock acquired by nodename 36499@fv-az570-546
2022-10-11 12:50:50,587 [pool-782-thread-1] INFO  storage.RaftStorage (RaftStorageImpl.java:format(89)) - Storage directory /home/runner/work/ozone/ozone/hadoop-ozone/integration-test/target/test-dir/MiniOzoneClusterImpl-86edf0e9-7e2c-4cfe-baf2-13fb9c17952e/datanode-1/data/ratis/c6e6a251-f79a-43ff-b19e-51d27de71748 has been successfully formatted.
2022-10-11 12:50:50,588 [pool-782-thread-1] INFO  ratis.ContainerStateMachine (ContainerStateMachine.java:loadSnapshot(236)) - group-51D27DE71748: The snapshot info is null. Setting the last applied indexto:(t:0, i:~)
2022-10-11 12:50:50,588 [pool-782-thread-1] INFO  server.RaftServerConfigKeys (ConfUtils.java:logGet(46)) - raft.server.notification.no-leader.timeout = 300s (custom)
2022-10-11 12:50:50,590 [pool-782-thread-1] INFO  server.RaftServerConfigKeys (ConfUtils.java:logGet(46)) - raft.server.log.use.memory = false (default)
2022-10-11 12:50:50,590 [pool-782-thread-1] INFO  server.RaftServerConfigKeys (ConfUtils.java:logGet(46)) - raft.server.log.purge.gap = 1000000 (custom)
2022-10-11 12:50:50,591 [pool-782-thread-1] INFO  server.RaftServerConfigKeys (ConfUtils.java:logGet(46)) - raft.server.log.appender.buffer.byte-limit = 33554432 (custom)
2022-10-11 12:50:50,591 [pool-782-thread-1] INFO  server.RaftServerConfigKeys (ConfUtils.java:logGet(46)) - raft.server.log.statemachine.data.read.timeout = 1000ms (default)
2022-10-11 12:50:50,591 [pool-782-thread-1] INFO  server.RaftServerConfigKeys (ConfUtils.java:logGet(46)) - raft.server.log.segment.size.max = 1048576 (custom)
2022-10-11 12:50:50,591 [pool-782-thread-1] INFO  server.RaftServerConfigKeys (ConfUtils.java:logGet(46)) - raft.server.log.segment.cache.num.max = 2 (custom)
2022-10-11 12:50:50,591 [pool-782-thread-1] INFO  server.RaftServerConfigKeys (ConfUtils.java:logGet(46)) - raft.server.log.segment.cache.size.max = 200MB (=209715200) (default)
2022-10-11 12:50:50,592 [pool-782-thread-1] INFO  segmented.SegmentedRaftLogWorker (SegmentedRaftLogWorker.java:<init>(187)) - new 9e941ce3-1318-4d07-a6ad-837cafbdd6f8@group-51D27DE71748-SegmentedRaftLogWorker for RaftStorageImpl:Storage Directory /home/runner/work/ozone/ozone/hadoop-ozone/integration-test/target/test-dir/MiniOzoneClusterImpl-86edf0e9-7e2c-4cfe-baf2-13fb9c17952e/datanode-1/data/ratis/c6e6a251-f79a-43ff-b19e-51d27de71748
2022-10-11 12:50:50,592 [pool-782-thread-1] INFO  server.RaftServerConfigKeys (ConfUtils.java:logGet(46)) - raft.server.log.queue.byte-limit = 4294967296 (custom)
2022-10-11 12:50:50,592 [pool-782-thread-1] INFO  server.RaftServerConfigKeys (ConfUtils.java:logGet(46)) - raft.server.log.queue.element-limit = 1024 (custom)
2022-10-11 12:50:50,592 [pool-782-thread-1] INFO  server.RaftServerConfigKeys (ConfUtils.java:logGet(46)) - raft.server.log.segment.size.max = 1048576 (custom)
2022-10-11 12:50:50,592 [pool-782-thread-1] INFO  server.RaftServerConfigKeys (ConfUtils.java:logGet(46)) - raft.server.log.preallocated.size = 16384 (custom)
2022-10-11 12:50:50,592 [pool-782-thread-1] INFO  server.RaftServerConfigKeys (ConfUtils.java:logGet(46)) - raft.server.log.force.sync.num = 128 (default)
2022-10-11 12:50:50,592 [pool-782-thread-1] INFO  server.RaftServerConfigKeys (ConfUtils.java:logGet(46)) - raft.server.log.statemachine.data.sync = true (default)
2022-10-11 12:50:50,592 [pool-782-thread-1] INFO  server.RaftServerConfigKeys (ConfUtils.java:logGet(46)) - raft.server.log.statemachine.data.sync.timeout = 10s (default)
2022-10-11 12:50:50,592 [pool-782-thread-1] INFO  server.RaftServerConfigKeys (ConfUtils.java:logGet(46)) - raft.server.log.statemachine.data.sync.timeout.retry = -1 (default)
2022-10-11 12:50:50,593 [pool-782-thread-1] INFO  server.RaftServerConfigKeys (ConfUtils.java:logGet(46)) - raft.server.log.write.buffer.size = 1048576 (custom)
2022-10-11 12:50:50,593 [pool-782-thread-1] INFO  server.RaftServerConfigKeys (ConfUtils.java:logGet(46)) - raft.server.log.unsafe-flush.enabled = false (default)
2022-10-11 12:50:50,593 [pool-782-thread-1] INFO  server.RaftServerConfigKeys (ConfUtils.java:logGet(46)) - raft.server.log.statemachine.data.caching.enabled = true (custom)
2022-10-11 12:50:50,594 [pool-782-thread-1] INFO  segmented.SegmentedRaftLogWorker (SegmentedRaftLogWorker.java:lambda$new$0(135)) - 9e941ce3-1318-4d07-a6ad-837cafbdd6f8@group-51D27DE71748-SegmentedRaftLogWorker: flushIndex: setUnconditionally 0 -> -1
2022-10-11 12:50:50,594 [pool-782-thread-1] INFO  segmented.SegmentedRaftLogWorker (SegmentedRaftLogWorker.java:lambda$new$0(135)) - 9e941ce3-1318-4d07-a6ad-837cafbdd6f8@group-51D27DE71748-SegmentedRaftLogWorker: safeCacheEvictIndex: setUnconditionally 0 -> -1
2022-10-11 12:50:50,594 [pool-782-thread-1] INFO  server.RaftServerConfigKeys (ConfUtils.java:logGet(46)) - raft.server.snapshot.auto.trigger.enabled = true (custom)
2022-10-11 12:50:50,594 [pool-782-thread-1] INFO  server.RaftServerConfigKeys (ConfUtils.java:logGet(46)) - raft.server.snapshot.auto.trigger.threshold = 10000 (custom)
2022-10-11 12:50:50,594 [pool-782-thread-1] INFO  server.RaftServerConfigKeys (ConfUtils.java:logGet(46)) - raft.server.snapshot.retention.file.num = 5 (custom)
2022-10-11 12:50:50,594 [pool-782-thread-1] INFO  server.RaftServerConfigKeys (ConfUtils.java:logGet(46)) - raft.server.log.purge.upto.snapshot.index = false (default)
2022-10-11 12:50:50,594 [pool-782-thread-1] INFO  server.RaftServerConfigKeys (ConfUtils.java:logGet(46)) - raft.server.retrycache.expirytime = 600000ms (custom)
2022-10-11 12:50:50,594 [pool-782-thread-1] INFO  server.RaftServerConfigKeys (ConfUtils.java:logGet(46)) - raft.server.retrycache.statistics.expirytime = 100μs (default)
2022-10-11 12:50:50,596 [pool-782-thread-1] INFO  server.RaftServerConfigKeys (ConfUtils.java:logGet(46)) - raft.server.log.appender.install.snapshot.enabled = false (custom)
2022-10-11 12:50:50,596 [pool-782-thread-1] INFO  server.RaftServerConfigKeys (ConfUtils.java:logGet(46)) - raft.server.threadpool.server.cached = true (default)
2022-10-11 12:50:50,596 [pool-782-thread-1] INFO  server.RaftServerConfigKeys (ConfUtils.java:logGet(46)) - raft.server.threadpool.server.size = 0 (default)
2022-10-11 12:50:50,596 [pool-782-thread-1] INFO  server.RaftServerConfigKeys (ConfUtils.java:logGet(46)) - raft.server.threadpool.client.cached = true (default)
2022-10-11 12:50:50,596 [pool-782-thread-1] INFO  server.RaftServerConfigKeys (ConfUtils.java:logGet(46)) - raft.server.threadpool.client.size = 0 (default)
2022-10-11 12:50:50,596 [pool-782-thread-1] INFO  server.RaftServer$Division (RaftServerImpl.java:start(310)) - 9e941ce3-1318-4d07-a6ad-837cafbdd6f8@group-51D27DE71748: start as a follower, conf=-1: [8873ba3e-7da4-46f7-b1d3-8a39f1a1c208|rpc:10.1.1.98:41043|dataStream:|priority:0, 0edcf6db-22cd-4c8c-bdc6-3c11ab3ecd15|rpc:10.1.1.98:42307|dataStream:|priority:1, 9e941ce3-1318-4d07-a6ad-837cafbdd6f8|rpc:10.1.1.98:33735|dataStream:|priority:0], old=null
2022-10-11 12:50:50,596 [pool-782-thread-1] INFO  server.RaftServer$Division (RaftServerImpl.java:setRole(299)) - 9e941ce3-1318-4d07-a6ad-837cafbdd6f8@group-51D27DE71748: changes role from      null to FOLLOWER at term 0 for startAsFollower
2022-10-11 12:50:50,596 [pool-782-thread-1] INFO  impl.RoleInfo (RoleInfo.java:updateAndGet(139)) - 9e941ce3-1318-4d07-a6ad-837cafbdd6f8: start 9e941ce3-1318-4d07-a6ad-837cafbdd6f8@group-51D27DE71748-FollowerState
2022-10-11 12:50:50,596 [pool-782-thread-1] INFO  util.JmxRegister (JmxRegister.java:tryRegister(44)) - Successfully registered JMX Bean with object name Ratis:service=RaftServer,group=group-51D27DE71748,id=9e941ce3-1318-4d07-a6ad-837cafbdd6f8
2022-10-11 12:50:50,615 [grpc-default-executor-5] INFO  server.RaftServer (RaftServerProxy.java:addNew(96)) - 0edcf6db-22cd-4c8c-bdc6-3c11ab3ecd15: addNew group-51D27DE71748:[8873ba3e-7da4-46f7-b1d3-8a39f1a1c208|rpc:10.1.1.98:41043|dataStream:|priority:0, 0edcf6db-22cd-4c8c-bdc6-3c11ab3ecd15|rpc:10.1.1.98:42307|dataStream:|priority:1, 9e941ce3-1318-4d07-a6ad-837cafbdd6f8|rpc:10.1.1.98:33735|dataStream:|priority:0] returns group-51D27DE71748:java.util.concurrent.CompletableFuture@13bb8ae3[Not completed]
2022-10-11 12:50:50,616 [pool-805-thread-1] INFO  server.RaftServer$Division (RaftServerImpl.java:<init>(190)) - 0edcf6db-22cd-4c8c-bdc6-3c11ab3ecd15: new RaftServerImpl for group-51D27DE71748:[8873ba3e-7da4-46f7-b1d3-8a39f1a1c208|rpc:10.1.1.98:41043|dataStream:|priority:0, 0edcf6db-22cd-4c8c-bdc6-3c11ab3ecd15|rpc:10.1.1.98:42307|dataStream:|priority:1, 9e941ce3-1318-4d07-a6ad-837cafbdd6f8|rpc:10.1.1.98:33735|dataStream:|priority:0] with ContainerStateMachine:uninitialized
2022-10-11 12:50:50,616 [pool-805-thread-1] INFO  server.RaftServerConfigKeys (ConfUtils.java:logGet(46)) - raft.server.rpc.timeout.min = 5s (custom)
2022-10-11 12:50:50,616 [pool-805-thread-1] INFO  server.RaftServerConfigKeys (ConfUtils.java:logGet(46)) - raft.server.rpc.timeout.max = 5200ms (custom)
2022-10-11 12:50:50,616 [pool-805-thread-1] INFO  server.RaftServerConfigKeys (ConfUtils.java:logGet(46)) - raft.server.rpc.sleep.time = 25ms (default)
2022-10-11 12:50:50,617 [pool-805-thread-1] INFO  server.RaftServerConfigKeys (ConfUtils.java:logGet(46)) - raft.server.rpc.slowness.timeout = 300s (custom)
2022-10-11 12:50:50,617 [pool-805-thread-1] INFO  server.RaftServerConfigKeys (ConfUtils.java:logGet(46)) - raft.server.leaderelection.leader.step-down.wait-time = 10s (default)
2022-10-11 12:50:50,617 [pool-805-thread-1] INFO  server.RaftServerConfigKeys (ConfUtils.java:logGet(46)) - raft.server.sleep.deviation.threshold = 300ms (default)
2022-10-11 12:50:50,617 [pool-805-thread-1] INFO  server.RaftServer$Division (ServerState.java:<init>(107)) - 0edcf6db-22cd-4c8c-bdc6-3c11ab3ecd15@group-51D27DE71748: ConfigurationManager, init=-1: [8873ba3e-7da4-46f7-b1d3-8a39f1a1c208|rpc:10.1.1.98:41043|dataStream:|priority:0, 0edcf6db-22cd-4c8c-bdc6-3c11ab3ecd15|rpc:10.1.1.98:42307|dataStream:|priority:1, 9e941ce3-1318-4d07-a6ad-837cafbdd6f8|rpc:10.1.1.98:33735|dataStream:|priority:0], old=null, confs=<EMPTY_MAP>
2022-10-11 12:50:50,617 [pool-805-thread-1] INFO  server.RaftServerConfigKeys (ConfUtils.java:logGet(46)) - raft.server.storage.dir = [/home/runner/work/ozone/ozone/hadoop-ozone/integration-test/target/test-dir/MiniOzoneClusterImpl-86edf0e9-7e2c-4cfe-baf2-13fb9c17952e/datanode-2/data/ratis] (custom)
2022-10-11 12:50:50,617 [pool-805-thread-1] INFO  server.RaftServerConfigKeys (ConfUtils.java:logGet(46)) - raft.server.log.corruption.policy = EXCEPTION (default)
2022-10-11 12:50:50,617 [pool-805-thread-1] INFO  server.RaftServerConfigKeys (ConfUtils.java:logGet(46)) - raft.server.storage.free-space.min = 0MB (=0) (default)
2022-10-11 12:50:50,617 [pool-805-thread-1] INFO  storage.RaftStorageDirectory (RaftStorageDirectoryImpl.java:analyzeStorage(135)) - The storage directory /home/runner/work/ozone/ozone/hadoop-ozone/integration-test/target/test-dir/MiniOzoneClusterImpl-86edf0e9-7e2c-4cfe-baf2-13fb9c17952e/datanode-2/data/ratis/c6e6a251-f79a-43ff-b19e-51d27de71748 does not exist. Creating ...
2022-10-11 12:50:50,618 [pool-805-thread-1] INFO  storage.RaftStorageDirectory (RaftStorageDirectoryImpl.java:tryLock(230)) - Lock on /home/runner/work/ozone/ozone/hadoop-ozone/integration-test/target/test-dir/MiniOzoneClusterImpl-86edf0e9-7e2c-4cfe-baf2-13fb9c17952e/datanode-2/data/ratis/c6e6a251-f79a-43ff-b19e-51d27de71748/in_use.lock acquired by nodename 36499@fv-az570-546
2022-10-11 12:50:50,620 [pool-805-thread-1] INFO  storage.RaftStorage (RaftStorageImpl.java:format(89)) - Storage directory /home/runner/work/ozone/ozone/hadoop-ozone/integration-test/target/test-dir/MiniOzoneClusterImpl-86edf0e9-7e2c-4cfe-baf2-13fb9c17952e/datanode-2/data/ratis/c6e6a251-f79a-43ff-b19e-51d27de71748 has been successfully formatted.
2022-10-11 12:50:50,620 [pool-805-thread-1] INFO  ratis.ContainerStateMachine (ContainerStateMachine.java:loadSnapshot(236)) - group-51D27DE71748: The snapshot info is null. Setting the last applied indexto:(t:0, i:~)
2022-10-11 12:50:50,620 [pool-805-thread-1] INFO  server.RaftServerConfigKeys (ConfUtils.java:logGet(46)) - raft.server.notification.no-leader.timeout = 300s (custom)
2022-10-11 12:50:50,620 [pool-805-thread-1] INFO  server.RaftServerConfigKeys (ConfUtils.java:logGet(46)) - raft.server.log.use.memory = false (default)
2022-10-11 12:50:50,621 [pool-805-thread-1] INFO  server.RaftServerConfigKeys (ConfUtils.java:logGet(46)) - raft.server.log.purge.gap = 1000000 (custom)
2022-10-11 12:50:50,622 [pool-805-thread-1] INFO  server.RaftServerConfigKeys (ConfUtils.java:logGet(46)) - raft.server.log.appender.buffer.byte-limit = 33554432 (custom)
2022-10-11 12:50:50,622 [pool-805-thread-1] INFO  server.RaftServerConfigKeys (ConfUtils.java:logGet(46)) - raft.server.log.statemachine.data.read.timeout = 1000ms (default)
2022-10-11 12:50:50,622 [pool-805-thread-1] INFO  server.RaftServerConfigKeys (ConfUtils.java:logGet(46)) - raft.server.log.segment.size.max = 1048576 (custom)
2022-10-11 12:50:50,623 [pool-805-thread-1] INFO  server.RaftServerConfigKeys (ConfUtils.java:logGet(46)) - raft.server.log.segment.cache.num.max = 2 (custom)
2022-10-11 12:50:50,623 [pool-805-thread-1] INFO  server.RaftServerConfigKeys (ConfUtils.java:logGet(46)) - raft.server.log.segment.cache.size.max = 200MB (=209715200) (default)
2022-10-11 12:50:50,623 [pool-805-thread-1] INFO  segmented.SegmentedRaftLogWorker (SegmentedRaftLogWorker.java:<init>(187)) - new 0edcf6db-22cd-4c8c-bdc6-3c11ab3ecd15@group-51D27DE71748-SegmentedRaftLogWorker for RaftStorageImpl:Storage Directory /home/runner/work/ozone/ozone/hadoop-ozone/integration-test/target/test-dir/MiniOzoneClusterImpl-86edf0e9-7e2c-4cfe-baf2-13fb9c17952e/datanode-2/data/ratis/c6e6a251-f79a-43ff-b19e-51d27de71748
2022-10-11 12:50:50,623 [pool-805-thread-1] INFO  server.RaftServerConfigKeys (ConfUtils.java:logGet(46)) - raft.server.log.queue.byte-limit = 4294967296 (custom)
2022-10-11 12:50:50,623 [pool-805-thread-1] INFO  server.RaftServerConfigKeys (ConfUtils.java:logGet(46)) - raft.server.log.queue.element-limit = 1024 (custom)
2022-10-11 12:50:50,623 [pool-805-thread-1] INFO  server.RaftServerConfigKeys (ConfUtils.java:logGet(46)) - raft.server.log.segment.size.max = 1048576 (custom)
2022-10-11 12:50:50,623 [pool-805-thread-1] INFO  server.RaftServerConfigKeys (ConfUtils.java:logGet(46)) - raft.server.log.preallocated.size = 16384 (custom)
2022-10-11 12:50:50,623 [pool-805-thread-1] INFO  server.RaftServerConfigKeys (ConfUtils.java:logGet(46)) - raft.server.log.force.sync.num = 128 (default)
2022-10-11 12:50:50,623 [pool-805-thread-1] INFO  server.RaftServerConfigKeys (ConfUtils.java:logGet(46)) - raft.server.log.statemachine.data.sync = true (default)
2022-10-11 12:50:50,623 [pool-805-thread-1] INFO  server.RaftServerConfigKeys (ConfUtils.java:logGet(46)) - raft.server.log.statemachine.data.sync.timeout = 10s (default)
2022-10-11 12:50:50,623 [pool-805-thread-1] INFO  server.RaftServerConfigKeys (ConfUtils.java:logGet(46)) - raft.server.log.statemachine.data.sync.timeout.retry = -1 (default)
2022-10-11 12:50:50,624 [pool-805-thread-1] INFO  server.RaftServerConfigKeys (ConfUtils.java:logGet(46)) - raft.server.log.write.buffer.size = 1048576 (custom)
2022-10-11 12:50:50,626 [pool-805-thread-1] INFO  server.RaftServerConfigKeys (ConfUtils.java:logGet(46)) - raft.server.log.unsafe-flush.enabled = false (default)
2022-10-11 12:50:50,626 [pool-805-thread-1] INFO  server.RaftServerConfigKeys (ConfUtils.java:logGet(46)) - raft.server.log.statemachine.data.caching.enabled = true (custom)
2022-10-11 12:50:50,626 [pool-805-thread-1] INFO  segmented.SegmentedRaftLogWorker (SegmentedRaftLogWorker.java:lambda$new$0(135)) - 0edcf6db-22cd-4c8c-bdc6-3c11ab3ecd15@group-51D27DE71748-SegmentedRaftLogWorker: flushIndex: setUnconditionally 0 -> -1
2022-10-11 12:50:50,626 [pool-805-thread-1] INFO  segmented.SegmentedRaftLogWorker (SegmentedRaftLogWorker.java:lambda$new$0(135)) - 0edcf6db-22cd-4c8c-bdc6-3c11ab3ecd15@group-51D27DE71748-SegmentedRaftLogWorker: safeCacheEvictIndex: setUnconditionally 0 -> -1
2022-10-11 12:50:50,626 [pool-805-thread-1] INFO  server.RaftServerConfigKeys (ConfUtils.java:logGet(46)) - raft.server.snapshot.auto.trigger.enabled = true (custom)
2022-10-11 12:50:50,626 [pool-805-thread-1] INFO  server.RaftServerConfigKeys (ConfUtils.java:logGet(46)) - raft.server.snapshot.auto.trigger.threshold = 10000 (custom)
2022-10-11 12:50:50,626 [pool-805-thread-1] INFO  server.RaftServerConfigKeys (ConfUtils.java:logGet(46)) - raft.server.snapshot.retention.file.num = 5 (custom)
2022-10-11 12:50:50,626 [pool-805-thread-1] INFO  server.RaftServerConfigKeys (ConfUtils.java:logGet(46)) - raft.server.log.purge.upto.snapshot.index = false (default)
2022-10-11 12:50:50,626 [pool-805-thread-1] INFO  server.RaftServerConfigKeys (ConfUtils.java:logGet(46)) - raft.server.retrycache.expirytime = 600000ms (custom)
2022-10-11 12:50:50,626 [pool-805-thread-1] INFO  server.RaftServerConfigKeys (ConfUtils.java:logGet(46)) - raft.server.retrycache.statistics.expirytime = 100μs (default)
2022-10-11 12:50:50,628 [pool-805-thread-1] INFO  server.RaftServerConfigKeys (ConfUtils.java:logGet(46)) - raft.server.log.appender.install.snapshot.enabled = false (custom)
2022-10-11 12:50:50,628 [pool-805-thread-1] INFO  server.RaftServerConfigKeys (ConfUtils.java:logGet(46)) - raft.server.threadpool.server.cached = true (default)
2022-10-11 12:50:50,628 [pool-805-thread-1] INFO  server.RaftServerConfigKeys (ConfUtils.java:logGet(46)) - raft.server.threadpool.server.size = 0 (default)
2022-10-11 12:50:50,628 [pool-805-thread-1] INFO  server.RaftServerConfigKeys (ConfUtils.java:logGet(46)) - raft.server.threadpool.client.cached = true (default)
2022-10-11 12:50:50,628 [pool-805-thread-1] INFO  server.RaftServerConfigKeys (ConfUtils.java:logGet(46)) - raft.server.threadpool.client.size = 0 (default)
2022-10-11 12:50:50,629 [pool-805-thread-1] INFO  server.RaftServer$Division (RaftServerImpl.java:start(310)) - 0edcf6db-22cd-4c8c-bdc6-3c11ab3ecd15@group-51D27DE71748: start as a follower, conf=-1: [8873ba3e-7da4-46f7-b1d3-8a39f1a1c208|rpc:10.1.1.98:41043|dataStream:|priority:0, 0edcf6db-22cd-4c8c-bdc6-3c11ab3ecd15|rpc:10.1.1.98:42307|dataStream:|priority:1, 9e941ce3-1318-4d07-a6ad-837cafbdd6f8|rpc:10.1.1.98:33735|dataStream:|priority:0], old=null
2022-10-11 12:50:50,629 [pool-805-thread-1] INFO  server.RaftServer$Division (RaftServerImpl.java:setRole(299)) - 0edcf6db-22cd-4c8c-bdc6-3c11ab3ecd15@group-51D27DE71748: changes role from      null to FOLLOWER at term 0 for startAsFollower
2022-10-11 12:50:50,629 [pool-805-thread-1] INFO  impl.RoleInfo (RoleInfo.java:updateAndGet(139)) - 0edcf6db-22cd-4c8c-bdc6-3c11ab3ecd15: start 0edcf6db-22cd-4c8c-bdc6-3c11ab3ecd15@group-51D27DE71748-FollowerState
2022-10-11 12:50:50,635 [pool-805-thread-1] INFO  util.JmxRegister (JmxRegister.java:tryRegister(44)) - Successfully registered JMX Bean with object name Ratis:service=RaftServer,group=group-51D27DE71748,id=0edcf6db-22cd-4c8c-bdc6-3c11ab3ecd15
2022-10-11 12:50:50,641 [Command processor thread] INFO  commandhandler.CreatePipelineCommandHandler (CreatePipelineCommandHandler.java:handle(113)) - Created Pipeline RATIS THREE PipelineID=c6e6a251-f79a-43ff-b19e-51d27de71748.
2022-10-11 12:50:51,290 [Listener at 127.0.0.1/39939] INFO  ozone.MiniOzoneClusterImpl (MiniOzoneClusterImpl.java:lambda$waitForClusterToBeReady$0(216)) - Nodes are ready. Got 3 of 3 DN Heartbeats.
2022-10-11 12:50:51,290 [Listener at 127.0.0.1/39939] INFO  ozone.MiniOzoneClusterImpl (MiniOzoneClusterImpl.java:lambda$waitForClusterToBeReady$0(219)) - Waiting for cluster to exit safe mode
2022-10-11 12:50:51,290 [Listener at 127.0.0.1/39939] INFO  ozone.MiniOzoneClusterImpl (MiniOzoneClusterImpl.java:lambda$waitForClusterToBeReady$0(221)) - SCM became leader
2022-10-11 12:50:52,291 [Listener at 127.0.0.1/39939] INFO  ozone.MiniOzoneClusterImpl (MiniOzoneClusterImpl.java:lambda$waitForClusterToBeReady$0(216)) - Nodes are ready. Got 3 of 3 DN Heartbeats.
2022-10-11 12:50:52,291 [Listener at 127.0.0.1/39939] INFO  ozone.MiniOzoneClusterImpl (MiniOzoneClusterImpl.java:lambda$waitForClusterToBeReady$0(219)) - Waiting for cluster to exit safe mode
2022-10-11 12:50:52,291 [Listener at 127.0.0.1/39939] INFO  ozone.MiniOzoneClusterImpl (MiniOzoneClusterImpl.java:lambda$waitForClusterToBeReady$0(221)) - SCM became leader
2022-10-11 12:50:53,291 [Listener at 127.0.0.1/39939] INFO  ozone.MiniOzoneClusterImpl (MiniOzoneClusterImpl.java:lambda$waitForClusterToBeReady$0(216)) - Nodes are ready. Got 3 of 3 DN Heartbeats.
2022-10-11 12:50:53,292 [Listener at 127.0.0.1/39939] INFO  ozone.MiniOzoneClusterImpl (MiniOzoneClusterImpl.java:lambda$waitForClusterToBeReady$0(219)) - Waiting for cluster to exit safe mode
2022-10-11 12:50:53,292 [Listener at 127.0.0.1/39939] INFO  ozone.MiniOzoneClusterImpl (MiniOzoneClusterImpl.java:lambda$waitForClusterToBeReady$0(221)) - SCM became leader
2022-10-11 12:50:54,292 [Listener at 127.0.0.1/39939] INFO  ozone.MiniOzoneClusterImpl (MiniOzoneClusterImpl.java:lambda$waitForClusterToBeReady$0(216)) - Nodes are ready. Got 3 of 3 DN Heartbeats.
2022-10-11 12:50:54,293 [Listener at 127.0.0.1/39939] INFO  ozone.MiniOzoneClusterImpl (MiniOzoneClusterImpl.java:lambda$waitForClusterToBeReady$0(219)) - Waiting for cluster to exit safe mode
2022-10-11 12:50:54,293 [Listener at 127.0.0.1/39939] INFO  ozone.MiniOzoneClusterImpl (MiniOzoneClusterImpl.java:lambda$waitForClusterToBeReady$0(221)) - SCM became leader
2022-10-11 12:50:55,293 [Listener at 127.0.0.1/39939] INFO  ozone.MiniOzoneClusterImpl (MiniOzoneClusterImpl.java:lambda$waitForClusterToBeReady$0(216)) - Nodes are ready. Got 3 of 3 DN Heartbeats.
2022-10-11 12:50:55,294 [Listener at 127.0.0.1/39939] INFO  ozone.MiniOzoneClusterImpl (MiniOzoneClusterImpl.java:lambda$waitForClusterToBeReady$0(219)) - Waiting for cluster to exit safe mode
2022-10-11 12:50:55,294 [Listener at 127.0.0.1/39939] INFO  ozone.MiniOzoneClusterImpl (MiniOzoneClusterImpl.java:lambda$waitForClusterToBeReady$0(221)) - SCM became leader
2022-10-11 12:50:55,625 [8873ba3e-7da4-46f7-b1d3-8a39f1a1c208@group-51D27DE71748-FollowerState] INFO  impl.FollowerState (FollowerState.java:run(143)) - 8873ba3e-7da4-46f7-b1d3-8a39f1a1c208@group-51D27DE71748-FollowerState: change to CANDIDATE, lastRpcElapsedTime:5066101979ns, electionTimeout:5065ms
2022-10-11 12:50:55,625 [8873ba3e-7da4-46f7-b1d3-8a39f1a1c208@group-51D27DE71748-FollowerState] INFO  impl.RoleInfo (RoleInfo.java:shutdownFollowerState(110)) - 8873ba3e-7da4-46f7-b1d3-8a39f1a1c208: shutdown 8873ba3e-7da4-46f7-b1d3-8a39f1a1c208@group-51D27DE71748-FollowerState
2022-10-11 12:50:55,625 [8873ba3e-7da4-46f7-b1d3-8a39f1a1c208@group-51D27DE71748-FollowerState] INFO  server.RaftServer$Division (RaftServerImpl.java:setRole(299)) - 8873ba3e-7da4-46f7-b1d3-8a39f1a1c208@group-51D27DE71748: changes role from  FOLLOWER to CANDIDATE at term 0 for changeToCandidate
2022-10-11 12:50:55,625 [8873ba3e-7da4-46f7-b1d3-8a39f1a1c208@group-51D27DE71748-FollowerState] INFO  server.RaftServerConfigKeys (ConfUtils.java:logGet(46)) - raft.server.leaderelection.pre-vote = false (custom)
2022-10-11 12:50:55,625 [8873ba3e-7da4-46f7-b1d3-8a39f1a1c208@group-51D27DE71748-FollowerState] INFO  impl.RoleInfo (RoleInfo.java:updateAndGet(139)) - 8873ba3e-7da4-46f7-b1d3-8a39f1a1c208: start 8873ba3e-7da4-46f7-b1d3-8a39f1a1c208@group-51D27DE71748-LeaderElection27
2022-10-11 12:50:55,629 [8873ba3e-7da4-46f7-b1d3-8a39f1a1c208@group-51D27DE71748-LeaderElection27] INFO  impl.LeaderElection (LeaderElection.java:askForVotes(310)) - 8873ba3e-7da4-46f7-b1d3-8a39f1a1c208@group-51D27DE71748-LeaderElection27 ELECTION round 0: submit vote requests at term 1 for -1: [8873ba3e-7da4-46f7-b1d3-8a39f1a1c208|rpc:10.1.1.98:41043|priority:0, 0edcf6db-22cd-4c8c-bdc6-3c11ab3ecd15|rpc:10.1.1.98:42307|priority:1, 9e941ce3-1318-4d07-a6ad-837cafbdd6f8|rpc:10.1.1.98:33735|priority:0], old=null
2022-10-11 12:50:55,640 [9e941ce3-1318-4d07-a6ad-837cafbdd6f8@group-51D27DE71748-FollowerState] INFO  impl.FollowerState (FollowerState.java:run(143)) - 9e941ce3-1318-4d07-a6ad-837cafbdd6f8@group-51D27DE71748-FollowerState: change to CANDIDATE, lastRpcElapsedTime:5044148405ns, electionTimeout:5043ms
2022-10-11 12:50:55,640 [9e941ce3-1318-4d07-a6ad-837cafbdd6f8@group-51D27DE71748-FollowerState] INFO  impl.RoleInfo (RoleInfo.java:shutdownFollowerState(110)) - 9e941ce3-1318-4d07-a6ad-837cafbdd6f8: shutdown 9e941ce3-1318-4d07-a6ad-837cafbdd6f8@group-51D27DE71748-FollowerState
2022-10-11 12:50:55,641 [9e941ce3-1318-4d07-a6ad-837cafbdd6f8@group-51D27DE71748-FollowerState] INFO  server.RaftServer$Division (RaftServerImpl.java:setRole(299)) - 9e941ce3-1318-4d07-a6ad-837cafbdd6f8@group-51D27DE71748: changes role from  FOLLOWER to CANDIDATE at term 0 for changeToCandidate
2022-10-11 12:50:55,641 [9e941ce3-1318-4d07-a6ad-837cafbdd6f8@group-51D27DE71748-FollowerState] INFO  server.RaftServerConfigKeys (ConfUtils.java:logGet(46)) - raft.server.leaderelection.pre-vote = false (custom)
2022-10-11 12:50:55,641 [9e941ce3-1318-4d07-a6ad-837cafbdd6f8@group-51D27DE71748-FollowerState] INFO  impl.RoleInfo (RoleInfo.java:updateAndGet(139)) - 9e941ce3-1318-4d07-a6ad-837cafbdd6f8: start 9e941ce3-1318-4d07-a6ad-837cafbdd6f8@group-51D27DE71748-LeaderElection28
2022-10-11 12:50:55,646 [grpc-default-executor-5] INFO  server.RaftServer$Division (RaftServerImpl.java:requestVote(1152)) - 9e941ce3-1318-4d07-a6ad-837cafbdd6f8@group-51D27DE71748: receive requestVote(ELECTION, 8873ba3e-7da4-46f7-b1d3-8a39f1a1c208, group-51D27DE71748, 1, (t:0, i:0))
2022-10-11 12:50:55,647 [grpc-default-executor-5] INFO  impl.VoteContext (VoteContext.java:log(48)) - 9e941ce3-1318-4d07-a6ad-837cafbdd6f8@group-51D27DE71748-CANDIDATE: accept ELECTION from 8873ba3e-7da4-46f7-b1d3-8a39f1a1c208: our priority 0 <= candidate's priority 0
2022-10-11 12:50:55,647 [grpc-default-executor-5] INFO  server.RaftServer$Division (RaftServerImpl.java:setRole(299)) - 9e941ce3-1318-4d07-a6ad-837cafbdd6f8@group-51D27DE71748: changes role from CANDIDATE to FOLLOWER at term 1 for candidate:8873ba3e-7da4-46f7-b1d3-8a39f1a1c208
2022-10-11 12:50:55,647 [grpc-default-executor-5] INFO  impl.RoleInfo (RoleInfo.java:shutdownLeaderElection(130)) - 9e941ce3-1318-4d07-a6ad-837cafbdd6f8: shutdown 9e941ce3-1318-4d07-a6ad-837cafbdd6f8@group-51D27DE71748-LeaderElection28
2022-10-11 12:50:55,647 [grpc-default-executor-5] INFO  impl.RoleInfo (RoleInfo.java:updateAndGet(139)) - 9e941ce3-1318-4d07-a6ad-837cafbdd6f8: start 9e941ce3-1318-4d07-a6ad-837cafbdd6f8@group-51D27DE71748-FollowerState
2022-10-11 12:50:55,648 [grpc-default-executor-4] INFO  server.RaftServer$Division (RaftServerImpl.java:requestVote(1152)) - 0edcf6db-22cd-4c8c-bdc6-3c11ab3ecd15@group-51D27DE71748: receive requestVote(ELECTION, 8873ba3e-7da4-46f7-b1d3-8a39f1a1c208, group-51D27DE71748, 1, (t:0, i:0))
2022-10-11 12:50:55,648 [grpc-default-executor-4] INFO  impl.VoteContext (VoteContext.java:log(48)) - 0edcf6db-22cd-4c8c-bdc6-3c11ab3ecd15@group-51D27DE71748-FOLLOWER: reject ELECTION from 8873ba3e-7da4-46f7-b1d3-8a39f1a1c208: our priority 1 > candidate's priority 0
2022-10-11 12:50:55,648 [grpc-default-executor-4] INFO  server.RaftServer$Division (RaftServerImpl.java:setRole(299)) - 0edcf6db-22cd-4c8c-bdc6-3c11ab3ecd15@group-51D27DE71748: changes role from  FOLLOWER to FOLLOWER at term 1 for candidate:8873ba3e-7da4-46f7-b1d3-8a39f1a1c208
2022-10-11 12:50:55,648 [grpc-default-executor-4] INFO  impl.RoleInfo (RoleInfo.java:shutdownFollowerState(110)) - 0edcf6db-22cd-4c8c-bdc6-3c11ab3ecd15: shutdown 0edcf6db-22cd-4c8c-bdc6-3c11ab3ecd15@group-51D27DE71748-FollowerState
2022-10-11 12:50:55,649 [grpc-default-executor-4] INFO  impl.RoleInfo (RoleInfo.java:updateAndGet(139)) - 0edcf6db-22cd-4c8c-bdc6-3c11ab3ecd15: start 0edcf6db-22cd-4c8c-bdc6-3c11ab3ecd15@group-51D27DE71748-FollowerState
2022-10-11 12:50:55,649 [0edcf6db-22cd-4c8c-bdc6-3c11ab3ecd15@group-51D27DE71748-FollowerState] INFO  impl.FollowerState (FollowerState.java:run(152)) - 0edcf6db-22cd-4c8c-bdc6-3c11ab3ecd15@group-51D27DE71748-FollowerState was interrupted
2022-10-11 12:50:55,650 [grpc-default-executor-5] INFO  server.RaftServer$Division (RaftServerImpl.java:requestVote(1184)) - 9e941ce3-1318-4d07-a6ad-837cafbdd6f8@group-51D27DE71748 replies to ELECTION vote request: 8873ba3e-7da4-46f7-b1d3-8a39f1a1c208<-9e941ce3-1318-4d07-a6ad-837cafbdd6f8#0:OK-t1. Peer's state: 9e941ce3-1318-4d07-a6ad-837cafbdd6f8@group-51D27DE71748:t1, leader=null, voted=8873ba3e-7da4-46f7-b1d3-8a39f1a1c208, raftlog=9e941ce3-1318-4d07-a6ad-837cafbdd6f8@group-51D27DE71748-SegmentedRaftLog:OPENED:c-1, conf=-1: [8873ba3e-7da4-46f7-b1d3-8a39f1a1c208|rpc:10.1.1.98:41043|dataStream:|priority:0, 0edcf6db-22cd-4c8c-bdc6-3c11ab3ecd15|rpc:10.1.1.98:42307|dataStream:|priority:1, 9e941ce3-1318-4d07-a6ad-837cafbdd6f8|rpc:10.1.1.98:33735|dataStream:|priority:0], old=null
2022-10-11 12:50:55,656 [grpc-default-executor-4] INFO  server.RaftServer$Division (RaftServerImpl.java:requestVote(1184)) - 0edcf6db-22cd-4c8c-bdc6-3c11ab3ecd15@group-51D27DE71748 replies to ELECTION vote request: 8873ba3e-7da4-46f7-b1d3-8a39f1a1c208<-0edcf6db-22cd-4c8c-bdc6-3c11ab3ecd15#0:FAIL-t1. Peer's state: 0edcf6db-22cd-4c8c-bdc6-3c11ab3ecd15@group-51D27DE71748:t1, leader=null, voted=null, raftlog=0edcf6db-22cd-4c8c-bdc6-3c11ab3ecd15@group-51D27DE71748-SegmentedRaftLog:OPENED:c-1, conf=-1: [8873ba3e-7da4-46f7-b1d3-8a39f1a1c208|rpc:10.1.1.98:41043|dataStream:|priority:0, 0edcf6db-22cd-4c8c-bdc6-3c11ab3ecd15|rpc:10.1.1.98:42307|dataStream:|priority:1, 9e941ce3-1318-4d07-a6ad-837cafbdd6f8|rpc:10.1.1.98:33735|dataStream:|priority:0], old=null
2022-10-11 12:50:55,658 [8873ba3e-7da4-46f7-b1d3-8a39f1a1c208@group-51D27DE71748-LeaderElection27] INFO  impl.LeaderElection (LeaderElection.java:logAndReturn(90)) - 8873ba3e-7da4-46f7-b1d3-8a39f1a1c208@group-51D27DE71748-LeaderElection27: ELECTION REJECTED received 2 response(s) and 0 exception(s):
2022-10-11 12:50:55,660 [8873ba3e-7da4-46f7-b1d3-8a39f1a1c208@group-51D27DE71748-LeaderElection27] INFO  impl.LeaderElection (LeaderElection.java:logAndReturn(94)) -   Response 0: 8873ba3e-7da4-46f7-b1d3-8a39f1a1c208<-0edcf6db-22cd-4c8c-bdc6-3c11ab3ecd15#0:FAIL-t1
2022-10-11 12:50:55,660 [8873ba3e-7da4-46f7-b1d3-8a39f1a1c208@group-51D27DE71748-LeaderElection27] INFO  impl.LeaderElection (LeaderElection.java:logAndReturn(94)) -   Response 1: 8873ba3e-7da4-46f7-b1d3-8a39f1a1c208<-9e941ce3-1318-4d07-a6ad-837cafbdd6f8#0:OK-t1
2022-10-11 12:50:55,660 [8873ba3e-7da4-46f7-b1d3-8a39f1a1c208@group-51D27DE71748-LeaderElection27] INFO  impl.LeaderElection (LeaderElection.java:askForVotes(312)) - 8873ba3e-7da4-46f7-b1d3-8a39f1a1c208@group-51D27DE71748-LeaderElection27 ELECTION round 0: result REJECTED
2022-10-11 12:50:55,660 [8873ba3e-7da4-46f7-b1d3-8a39f1a1c208@group-51D27DE71748-LeaderElection27] INFO  server.RaftServer$Division (RaftServerImpl.java:setRole(299)) - 8873ba3e-7da4-46f7-b1d3-8a39f1a1c208@group-51D27DE71748: changes role from CANDIDATE to FOLLOWER at term 1 for REJECTED
2022-10-11 12:50:55,660 [8873ba3e-7da4-46f7-b1d3-8a39f1a1c208@group-51D27DE71748-LeaderElection27] INFO  impl.RoleInfo (RoleInfo.java:shutdownLeaderElection(130)) - 8873ba3e-7da4-46f7-b1d3-8a39f1a1c208: shutdown 8873ba3e-7da4-46f7-b1d3-8a39f1a1c208@group-51D27DE71748-LeaderElection27
2022-10-11 12:50:55,660 [8873ba3e-7da4-46f7-b1d3-8a39f1a1c208@group-51D27DE71748-LeaderElection27] INFO  impl.RoleInfo (RoleInfo.java:updateAndGet(139)) - 8873ba3e-7da4-46f7-b1d3-8a39f1a1c208: start 8873ba3e-7da4-46f7-b1d3-8a39f1a1c208@group-51D27DE71748-FollowerState
2022-10-11 12:50:56,294 [Listener at 127.0.0.1/39939] INFO  ozone.MiniOzoneClusterImpl (MiniOzoneClusterImpl.java:lambda$waitForClusterToBeReady$0(216)) - Nodes are ready. Got 3 of 3 DN Heartbeats.
2022-10-11 12:50:56,296 [Listener at 127.0.0.1/39939] INFO  ozone.MiniOzoneClusterImpl (MiniOzoneClusterImpl.java:lambda$waitForClusterToBeReady$0(219)) - Waiting for cluster to exit safe mode
2022-10-11 12:50:56,296 [Listener at 127.0.0.1/39939] INFO  ozone.MiniOzoneClusterImpl (MiniOzoneClusterImpl.java:lambda$waitForClusterToBeReady$0(221)) - SCM became leader
2022-10-11 12:50:57,296 [Listener at 127.0.0.1/39939] INFO  ozone.MiniOzoneClusterImpl (MiniOzoneClusterImpl.java:lambda$waitForClusterToBeReady$0(216)) - Nodes are ready. Got 3 of 3 DN Heartbeats.
2022-10-11 12:50:57,297 [Listener at 127.0.0.1/39939] INFO  ozone.MiniOzoneClusterImpl (MiniOzoneClusterImpl.java:lambda$waitForClusterToBeReady$0(219)) - Waiting for cluster to exit safe mode
2022-10-11 12:50:57,297 [Listener at 127.0.0.1/39939] INFO  ozone.MiniOzoneClusterImpl (MiniOzoneClusterImpl.java:lambda$waitForClusterToBeReady$0(221)) - SCM became leader
2022-10-11 12:50:58,297 [Listener at 127.0.0.1/39939] INFO  ozone.MiniOzoneClusterImpl (MiniOzoneClusterImpl.java:lambda$waitForClusterToBeReady$0(216)) - Nodes are ready. Got 3 of 3 DN Heartbeats.
2022-10-11 12:50:58,297 [Listener at 127.0.0.1/39939] INFO  ozone.MiniOzoneClusterImpl (MiniOzoneClusterImpl.java:lambda$waitForClusterToBeReady$0(219)) - Waiting for cluster to exit safe mode
2022-10-11 12:50:58,298 [Listener at 127.0.0.1/39939] INFO  ozone.MiniOzoneClusterImpl (MiniOzoneClusterImpl.java:lambda$waitForClusterToBeReady$0(221)) - SCM became leader
2022-10-11 12:50:59,298 [Listener at 127.0.0.1/39939] INFO  ozone.MiniOzoneClusterImpl (MiniOzoneClusterImpl.java:lambda$waitForClusterToBeReady$0(216)) - Nodes are ready. Got 3 of 3 DN Heartbeats.
2022-10-11 12:50:59,298 [Listener at 127.0.0.1/39939] INFO  ozone.MiniOzoneClusterImpl (MiniOzoneClusterImpl.java:lambda$waitForClusterToBeReady$0(219)) - Waiting for cluster to exit safe mode
2022-10-11 12:50:59,299 [Listener at 127.0.0.1/39939] INFO  ozone.MiniOzoneClusterImpl (MiniOzoneClusterImpl.java:lambda$waitForClusterToBeReady$0(221)) - SCM became leader
2022-10-11 12:51:00,299 [Listener at 127.0.0.1/39939] INFO  ozone.MiniOzoneClusterImpl (MiniOzoneClusterImpl.java:lambda$waitForClusterToBeReady$0(216)) - Nodes are ready. Got 3 of 3 DN Heartbeats.
2022-10-11 12:51:00,299 [Listener at 127.0.0.1/39939] INFO  ozone.MiniOzoneClusterImpl (MiniOzoneClusterImpl.java:lambda$waitForClusterToBeReady$0(219)) - Waiting for cluster to exit safe mode
2022-10-11 12:51:00,300 [Listener at 127.0.0.1/39939] INFO  ozone.MiniOzoneClusterImpl (MiniOzoneClusterImpl.java:lambda$waitForClusterToBeReady$0(221)) - SCM became leader
2022-10-11 12:51:00,839 [8873ba3e-7da4-46f7-b1d3-8a39f1a1c208@group-51D27DE71748-FollowerState] INFO  impl.FollowerState (FollowerState.java:run(143)) - 8873ba3e-7da4-46f7-b1d3-8a39f1a1c208@group-51D27DE71748-FollowerState: change to CANDIDATE, lastRpcElapsedTime:5178243171ns, electionTimeout:5169ms
2022-10-11 12:51:00,839 [8873ba3e-7da4-46f7-b1d3-8a39f1a1c208@group-51D27DE71748-FollowerState] INFO  impl.RoleInfo (RoleInfo.java:shutdownFollowerState(110)) - 8873ba3e-7da4-46f7-b1d3-8a39f1a1c208: shutdown 8873ba3e-7da4-46f7-b1d3-8a39f1a1c208@group-51D27DE71748-FollowerState
2022-10-11 12:51:00,839 [8873ba3e-7da4-46f7-b1d3-8a39f1a1c208@group-51D27DE71748-FollowerState] INFO  server.RaftServer$Division (RaftServerImpl.java:setRole(299)) - 8873ba3e-7da4-46f7-b1d3-8a39f1a1c208@group-51D27DE71748: changes role from  FOLLOWER to CANDIDATE at term 1 for changeToCandidate
2022-10-11 12:51:00,839 [8873ba3e-7da4-46f7-b1d3-8a39f1a1c208@group-51D27DE71748-FollowerState] INFO  server.RaftServerConfigKeys (ConfUtils.java:logGet(46)) - raft.server.leaderelection.pre-vote = false (custom)
2022-10-11 12:51:00,839 [8873ba3e-7da4-46f7-b1d3-8a39f1a1c208@group-51D27DE71748-FollowerState] INFO  impl.RoleInfo (RoleInfo.java:updateAndGet(139)) - 8873ba3e-7da4-46f7-b1d3-8a39f1a1c208: start 8873ba3e-7da4-46f7-b1d3-8a39f1a1c208@group-51D27DE71748-LeaderElection29
2022-10-11 12:51:00,842 [0edcf6db-22cd-4c8c-bdc6-3c11ab3ecd15@group-51D27DE71748-FollowerState] INFO  impl.FollowerState (FollowerState.java:run(143)) - 0edcf6db-22cd-4c8c-bdc6-3c11ab3ecd15@group-51D27DE71748-FollowerState: change to CANDIDATE, lastRpcElapsedTime:5193567622ns, electionTimeout:5192ms
2022-10-11 12:51:00,842 [0edcf6db-22cd-4c8c-bdc6-3c11ab3ecd15@group-51D27DE71748-FollowerState] INFO  impl.RoleInfo (RoleInfo.java:shutdownFollowerState(110)) - 0edcf6db-22cd-4c8c-bdc6-3c11ab3ecd15: shutdown 0edcf6db-22cd-4c8c-bdc6-3c11ab3ecd15@group-51D27DE71748-FollowerState
2022-10-11 12:51:00,842 [0edcf6db-22cd-4c8c-bdc6-3c11ab3ecd15@group-51D27DE71748-FollowerState] INFO  server.RaftServer$Division (RaftServerImpl.java:setRole(299)) - 0edcf6db-22cd-4c8c-bdc6-3c11ab3ecd15@group-51D27DE71748: changes role from  FOLLOWER to CANDIDATE at term 1 for changeToCandidate
2022-10-11 12:51:00,842 [0edcf6db-22cd-4c8c-bdc6-3c11ab3ecd15@group-51D27DE71748-FollowerState] INFO  server.RaftServerConfigKeys (ConfUtils.java:logGet(46)) - raft.server.leaderelection.pre-vote = false (custom)
2022-10-11 12:51:00,842 [0edcf6db-22cd-4c8c-bdc6-3c11ab3ecd15@group-51D27DE71748-FollowerState] INFO  impl.RoleInfo (RoleInfo.java:updateAndGet(139)) - 0edcf6db-22cd-4c8c-bdc6-3c11ab3ecd15: start 0edcf6db-22cd-4c8c-bdc6-3c11ab3ecd15@group-51D27DE71748-LeaderElection30
2022-10-11 12:51:00,846 [8873ba3e-7da4-46f7-b1d3-8a39f1a1c208@group-51D27DE71748-LeaderElection29] INFO  impl.LeaderElection (LeaderElection.java:askForVotes(310)) - 8873ba3e-7da4-46f7-b1d3-8a39f1a1c208@group-51D27DE71748-LeaderElection29 ELECTION round 0: submit vote requests at term 2 for -1: [8873ba3e-7da4-46f7-b1d3-8a39f1a1c208|rpc:10.1.1.98:41043|priority:0, 0edcf6db-22cd-4c8c-bdc6-3c11ab3ecd15|rpc:10.1.1.98:42307|priority:1, 9e941ce3-1318-4d07-a6ad-837cafbdd6f8|rpc:10.1.1.98:33735|priority:0], old=null
2022-10-11 12:51:00,846 [0edcf6db-22cd-4c8c-bdc6-3c11ab3ecd15@group-51D27DE71748-LeaderElection30] INFO  impl.LeaderElection (LeaderElection.java:askForVotes(310)) - 0edcf6db-22cd-4c8c-bdc6-3c11ab3ecd15@group-51D27DE71748-LeaderElection30 ELECTION round 0: submit vote requests at term 2 for -1: [8873ba3e-7da4-46f7-b1d3-8a39f1a1c208|rpc:10.1.1.98:41043|dataStream:|priority:0, 0edcf6db-22cd-4c8c-bdc6-3c11ab3ecd15|rpc:10.1.1.98:42307|dataStream:|priority:1, 9e941ce3-1318-4d07-a6ad-837cafbdd6f8|rpc:10.1.1.98:33735|dataStream:|priority:0], old=null
2022-10-11 12:51:00,856 [grpc-default-executor-4] INFO  server.RaftServer$Division (RaftServerImpl.java:requestVote(1152)) - 0edcf6db-22cd-4c8c-bdc6-3c11ab3ecd15@group-51D27DE71748: receive requestVote(ELECTION, 8873ba3e-7da4-46f7-b1d3-8a39f1a1c208, group-51D27DE71748, 2, (t:0, i:0))
2022-10-11 12:51:00,856 [grpc-default-executor-4] INFO  impl.VoteContext (VoteContext.java:log(48)) - 0edcf6db-22cd-4c8c-bdc6-3c11ab3ecd15@group-51D27DE71748-CANDIDATE: reject ELECTION from 8873ba3e-7da4-46f7-b1d3-8a39f1a1c208: already has voted for 0edcf6db-22cd-4c8c-bdc6-3c11ab3ecd15 at current term 2
2022-10-11 12:51:00,856 [grpc-default-executor-4] INFO  server.RaftServer$Division (RaftServerImpl.java:requestVote(1184)) - 0edcf6db-22cd-4c8c-bdc6-3c11ab3ecd15@group-51D27DE71748 replies to ELECTION vote request: 8873ba3e-7da4-46f7-b1d3-8a39f1a1c208<-0edcf6db-22cd-4c8c-bdc6-3c11ab3ecd15#0:FAIL-t2. Peer's state: 0edcf6db-22cd-4c8c-bdc6-3c11ab3ecd15@group-51D27DE71748:t2, leader=null, voted=0edcf6db-22cd-4c8c-bdc6-3c11ab3ecd15, raftlog=0edcf6db-22cd-4c8c-bdc6-3c11ab3ecd15@group-51D27DE71748-SegmentedRaftLog:OPENED:c-1, conf=-1: [8873ba3e-7da4-46f7-b1d3-8a39f1a1c208|rpc:10.1.1.98:41043|dataStream:|priority:0, 0edcf6db-22cd-4c8c-bdc6-3c11ab3ecd15|rpc:10.1.1.98:42307|dataStream:|priority:1, 9e941ce3-1318-4d07-a6ad-837cafbdd6f8|rpc:10.1.1.98:33735|dataStream:|priority:0], old=null
2022-10-11 12:51:00,856 [grpc-default-executor-5] INFO  server.RaftServer$Division (RaftServerImpl.java:requestVote(1152)) - 9e941ce3-1318-4d07-a6ad-837cafbdd6f8@group-51D27DE71748: receive requestVote(ELECTION, 8873ba3e-7da4-46f7-b1d3-8a39f1a1c208, group-51D27DE71748, 2, (t:0, i:0))
2022-10-11 12:51:00,858 [grpc-default-executor-5] INFO  impl.VoteContext (VoteContext.java:log(48)) - 9e941ce3-1318-4d07-a6ad-837cafbdd6f8@group-51D27DE71748-FOLLOWER: accept ELECTION from 8873ba3e-7da4-46f7-b1d3-8a39f1a1c208: our priority 0 <= candidate's priority 0
2022-10-11 12:51:00,858 [grpc-default-executor-5] INFO  server.RaftServer$Division (RaftServerImpl.java:setRole(299)) - 9e941ce3-1318-4d07-a6ad-837cafbdd6f8@group-51D27DE71748: changes role from  FOLLOWER to FOLLOWER at term 2 for candidate:8873ba3e-7da4-46f7-b1d3-8a39f1a1c208
2022-10-11 12:51:00,858 [grpc-default-executor-5] INFO  impl.RoleInfo (RoleInfo.java:shutdownFollowerState(110)) - 9e941ce3-1318-4d07-a6ad-837cafbdd6f8: shutdown 9e941ce3-1318-4d07-a6ad-837cafbdd6f8@group-51D27DE71748-FollowerState
2022-10-11 12:51:00,858 [8873ba3e-7da4-46f7-b1d3-8a39f1a1c208@group-51D27DE71748-LeaderElection29] INFO  impl.LeaderElection (LeaderElection.java:logAndReturn(90)) - 8873ba3e-7da4-46f7-b1d3-8a39f1a1c208@group-51D27DE71748-LeaderElection29: ELECTION REJECTED received 1 response(s) and 0 exception(s):
2022-10-11 12:51:00,859 [8873ba3e-7da4-46f7-b1d3-8a39f1a1c208@group-51D27DE71748-LeaderElection29] INFO  impl.LeaderElection (LeaderElection.java:logAndReturn(94)) -   Response 0: 8873ba3e-7da4-46f7-b1d3-8a39f1a1c208<-0edcf6db-22cd-4c8c-bdc6-3c11ab3ecd15#0:FAIL-t2
2022-10-11 12:51:00,859 [8873ba3e-7da4-46f7-b1d3-8a39f1a1c208@group-51D27DE71748-LeaderElection29] INFO  impl.LeaderElection (LeaderElection.java:askForVotes(312)) - 8873ba3e-7da4-46f7-b1d3-8a39f1a1c208@group-51D27DE71748-LeaderElection29 ELECTION round 0: result REJECTED
2022-10-11 12:51:00,859 [8873ba3e-7da4-46f7-b1d3-8a39f1a1c208@group-51D27DE71748-LeaderElection29] INFO  server.RaftServer$Division (RaftServerImpl.java:setRole(299)) - 8873ba3e-7da4-46f7-b1d3-8a39f1a1c208@group-51D27DE71748: changes role from CANDIDATE to FOLLOWER at term 2 for REJECTED
2022-10-11 12:51:00,859 [8873ba3e-7da4-46f7-b1d3-8a39f1a1c208@group-51D27DE71748-LeaderElection29] INFO  impl.RoleInfo (RoleInfo.java:shutdownLeaderElection(130)) - 8873ba3e-7da4-46f7-b1d3-8a39f1a1c208: shutdown 8873ba3e-7da4-46f7-b1d3-8a39f1a1c208@group-51D27DE71748-LeaderElection29
2022-10-11 12:51:00,859 [8873ba3e-7da4-46f7-b1d3-8a39f1a1c208@group-51D27DE71748-LeaderElection29] INFO  impl.RoleInfo (RoleInfo.java:updateAndGet(139)) - 8873ba3e-7da4-46f7-b1d3-8a39f1a1c208: start 8873ba3e-7da4-46f7-b1d3-8a39f1a1c208@group-51D27DE71748-FollowerState
2022-10-11 12:51:00,858 [grpc-default-executor-5] INFO  impl.RoleInfo (RoleInfo.java:updateAndGet(139)) - 9e941ce3-1318-4d07-a6ad-837cafbdd6f8: start 9e941ce3-1318-4d07-a6ad-837cafbdd6f8@group-51D27DE71748-FollowerState
2022-10-11 12:51:00,862 [9e941ce3-1318-4d07-a6ad-837cafbdd6f8@group-51D27DE71748-FollowerState] INFO  impl.FollowerState (FollowerState.java:run(152)) - 9e941ce3-1318-4d07-a6ad-837cafbdd6f8@group-51D27DE71748-FollowerState was interrupted
2022-10-11 12:51:00,869 [grpc-default-executor-5] INFO  server.RaftServer$Division (RaftServerImpl.java:requestVote(1184)) - 9e941ce3-1318-4d07-a6ad-837cafbdd6f8@group-51D27DE71748 replies to ELECTION vote request: 8873ba3e-7da4-46f7-b1d3-8a39f1a1c208<-9e941ce3-1318-4d07-a6ad-837cafbdd6f8#0:OK-t2. Peer's state: 9e941ce3-1318-4d07-a6ad-837cafbdd6f8@group-51D27DE71748:t2, leader=null, voted=8873ba3e-7da4-46f7-b1d3-8a39f1a1c208, raftlog=9e941ce3-1318-4d07-a6ad-837cafbdd6f8@group-51D27DE71748-SegmentedRaftLog:OPENED:c-1, conf=-1: [8873ba3e-7da4-46f7-b1d3-8a39f1a1c208|rpc:10.1.1.98:41043|dataStream:|priority:0, 0edcf6db-22cd-4c8c-bdc6-3c11ab3ecd15|rpc:10.1.1.98:42307|dataStream:|priority:1, 9e941ce3-1318-4d07-a6ad-837cafbdd6f8|rpc:10.1.1.98:33735|dataStream:|priority:0], old=null
2022-10-11 12:51:00,872 [grpc-default-executor-4] INFO  server.RaftServer$Division (RaftServerImpl.java:requestVote(1152)) - 8873ba3e-7da4-46f7-b1d3-8a39f1a1c208@group-51D27DE71748: receive requestVote(ELECTION, 0edcf6db-22cd-4c8c-bdc6-3c11ab3ecd15, group-51D27DE71748, 2, (t:0, i:0))
2022-10-11 12:51:00,872 [grpc-default-executor-4] INFO  impl.VoteContext (VoteContext.java:log(48)) - 8873ba3e-7da4-46f7-b1d3-8a39f1a1c208@group-51D27DE71748-FOLLOWER: reject ELECTION from 0edcf6db-22cd-4c8c-bdc6-3c11ab3ecd15: already has voted for 8873ba3e-7da4-46f7-b1d3-8a39f1a1c208 at current term 2
2022-10-11 12:51:00,872 [grpc-default-executor-4] INFO  server.RaftServer$Division (RaftServerImpl.java:requestVote(1184)) - 8873ba3e-7da4-46f7-b1d3-8a39f1a1c208@group-51D27DE71748 replies to ELECTION vote request: 0edcf6db-22cd-4c8c-bdc6-3c11ab3ecd15<-8873ba3e-7da4-46f7-b1d3-8a39f1a1c208#0:FAIL-t2. Peer's state: 8873ba3e-7da4-46f7-b1d3-8a39f1a1c208@group-51D27DE71748:t2, leader=null, voted=8873ba3e-7da4-46f7-b1d3-8a39f1a1c208, raftlog=8873ba3e-7da4-46f7-b1d3-8a39f1a1c208@group-51D27DE71748-SegmentedRaftLog:OPENED:c-1, conf=-1: [8873ba3e-7da4-46f7-b1d3-8a39f1a1c208|rpc:10.1.1.98:41043|priority:0, 0edcf6db-22cd-4c8c-bdc6-3c11ab3ecd15|rpc:10.1.1.98:42307|priority:1, 9e941ce3-1318-4d07-a6ad-837cafbdd6f8|rpc:10.1.1.98:33735|priority:0], old=null
2022-10-11 12:51:00,874 [grpc-default-executor-4] INFO  server.RaftServer$Division (RaftServerImpl.java:requestVote(1152)) - 9e941ce3-1318-4d07-a6ad-837cafbdd6f8@group-51D27DE71748: receive requestVote(ELECTION, 0edcf6db-22cd-4c8c-bdc6-3c11ab3ecd15, group-51D27DE71748, 2, (t:0, i:0))
2022-10-11 12:51:00,874 [grpc-default-executor-4] INFO  impl.VoteContext (VoteContext.java:log(48)) - 9e941ce3-1318-4d07-a6ad-837cafbdd6f8@group-51D27DE71748-FOLLOWER: reject ELECTION from 0edcf6db-22cd-4c8c-bdc6-3c11ab3ecd15: already has voted for 8873ba3e-7da4-46f7-b1d3-8a39f1a1c208 at current term 2
2022-10-11 12:51:00,874 [grpc-default-executor-4] INFO  server.RaftServer$Division (RaftServerImpl.java:requestVote(1184)) - 9e941ce3-1318-4d07-a6ad-837cafbdd6f8@group-51D27DE71748 replies to ELECTION vote request: 0edcf6db-22cd-4c8c-bdc6-3c11ab3ecd15<-9e941ce3-1318-4d07-a6ad-837cafbdd6f8#0:FAIL-t2. Peer's state: 9e941ce3-1318-4d07-a6ad-837cafbdd6f8@group-51D27DE71748:t2, leader=null, voted=8873ba3e-7da4-46f7-b1d3-8a39f1a1c208, raftlog=9e941ce3-1318-4d07-a6ad-837cafbdd6f8@group-51D27DE71748-SegmentedRaftLog:OPENED:c-1, conf=-1: [8873ba3e-7da4-46f7-b1d3-8a39f1a1c208|rpc:10.1.1.98:41043|dataStream:|priority:0, 0edcf6db-22cd-4c8c-bdc6-3c11ab3ecd15|rpc:10.1.1.98:42307|dataStream:|priority:1, 9e941ce3-1318-4d07-a6ad-837cafbdd6f8|rpc:10.1.1.98:33735|dataStream:|priority:0], old=null
2022-10-11 12:51:00,875 [0edcf6db-22cd-4c8c-bdc6-3c11ab3ecd15@group-51D27DE71748-LeaderElection30] INFO  impl.LeaderElection (LeaderElection.java:logAndReturn(90)) - 0edcf6db-22cd-4c8c-bdc6-3c11ab3ecd15@group-51D27DE71748-LeaderElection30: ELECTION REJECTED received 2 response(s) and 0 exception(s):
2022-10-11 12:51:00,876 [0edcf6db-22cd-4c8c-bdc6-3c11ab3ecd15@group-51D27DE71748-LeaderElection30] INFO  impl.LeaderElection (LeaderElection.java:logAndReturn(94)) -   Response 0: 0edcf6db-22cd-4c8c-bdc6-3c11ab3ecd15<-8873ba3e-7da4-46f7-b1d3-8a39f1a1c208#0:FAIL-t2
2022-10-11 12:51:00,876 [0edcf6db-22cd-4c8c-bdc6-3c11ab3ecd15@group-51D27DE71748-LeaderElection30] INFO  impl.LeaderElection (LeaderElection.java:logAndReturn(94)) -   Response 1: 0edcf6db-22cd-4c8c-bdc6-3c11ab3ecd15<-9e941ce3-1318-4d07-a6ad-837cafbdd6f8#0:FAIL-t2
2022-10-11 12:51:00,876 [0edcf6db-22cd-4c8c-bdc6-3c11ab3ecd15@group-51D27DE71748-LeaderElection30] INFO  impl.LeaderElection (LeaderElection.java:askForVotes(312)) - 0edcf6db-22cd-4c8c-bdc6-3c11ab3ecd15@group-51D27DE71748-LeaderElection30 ELECTION round 0: result REJECTED
2022-10-11 12:51:00,876 [0edcf6db-22cd-4c8c-bdc6-3c11ab3ecd15@group-51D27DE71748-LeaderElection30] INFO  server.RaftServer$Division (RaftServerImpl.java:setRole(299)) - 0edcf6db-22cd-4c8c-bdc6-3c11ab3ecd15@group-51D27DE71748: changes role from CANDIDATE to FOLLOWER at term 2 for REJECTED
2022-10-11 12:51:00,876 [0edcf6db-22cd-4c8c-bdc6-3c11ab3ecd15@group-51D27DE71748-LeaderElection30] INFO  impl.RoleInfo (RoleInfo.java:shutdownLeaderElection(130)) - 0edcf6db-22cd-4c8c-bdc6-3c11ab3ecd15: shutdown 0edcf6db-22cd-4c8c-bdc6-3c11ab3ecd15@group-51D27DE71748-LeaderElection30
2022-10-11 12:51:00,876 [0edcf6db-22cd-4c8c-bdc6-3c11ab3ecd15@group-51D27DE71748-LeaderElection30] INFO  impl.RoleInfo (RoleInfo.java:updateAndGet(139)) - 0edcf6db-22cd-4c8c-bdc6-3c11ab3ecd15: start 0edcf6db-22cd-4c8c-bdc6-3c11ab3ecd15@group-51D27DE71748-FollowerState
2022-10-11 12:51:01,300 [Listener at 127.0.0.1/39939] INFO  ozone.MiniOzoneClusterImpl (MiniOzoneClusterImpl.java:lambda$waitForClusterToBeReady$0(216)) - Nodes are ready. Got 3 of 3 DN Heartbeats.
2022-10-11 12:51:01,301 [Listener at 127.0.0.1/39939] INFO  ozone.MiniOzoneClusterImpl (MiniOzoneClusterImpl.java:lambda$waitForClusterToBeReady$0(219)) - Waiting for cluster to exit safe mode
2022-10-11 12:51:01,301 [Listener at 127.0.0.1/39939] INFO  ozone.MiniOzoneClusterImpl (MiniOzoneClusterImpl.java:lambda$waitForClusterToBeReady$0(221)) - SCM became leader
2022-10-11 12:51:02,302 [Listener at 127.0.0.1/39939] INFO  ozone.MiniOzoneClusterImpl (MiniOzoneClusterImpl.java:lambda$waitForClusterToBeReady$0(216)) - Nodes are ready. Got 3 of 3 DN Heartbeats.
2022-10-11 12:51:02,302 [Listener at 127.0.0.1/39939] INFO  ozone.MiniOzoneClusterImpl (MiniOzoneClusterImpl.java:lambda$waitForClusterToBeReady$0(219)) - Waiting for cluster to exit safe mode
2022-10-11 12:51:02,302 [Listener at 127.0.0.1/39939] INFO  ozone.MiniOzoneClusterImpl (MiniOzoneClusterImpl.java:lambda$waitForClusterToBeReady$0(221)) - SCM became leader
2022-10-11 12:51:03,303 [Listener at 127.0.0.1/39939] INFO  ozone.MiniOzoneClusterImpl (MiniOzoneClusterImpl.java:lambda$waitForClusterToBeReady$0(216)) - Nodes are ready. Got 3 of 3 DN Heartbeats.
2022-10-11 12:51:03,303 [Listener at 127.0.0.1/39939] INFO  ozone.MiniOzoneClusterImpl (MiniOzoneClusterImpl.java:lambda$waitForClusterToBeReady$0(219)) - Waiting for cluster to exit safe mode
2022-10-11 12:51:03,303 [Listener at 127.0.0.1/39939] INFO  ozone.MiniOzoneClusterImpl (MiniOzoneClusterImpl.java:lambda$waitForClusterToBeReady$0(221)) - SCM became leader
2022-10-11 12:51:04,304 [Listener at 127.0.0.1/39939] INFO  ozone.MiniOzoneClusterImpl (MiniOzoneClusterImpl.java:lambda$waitForClusterToBeReady$0(216)) - Nodes are ready. Got 3 of 3 DN Heartbeats.
2022-10-11 12:51:04,304 [Listener at 127.0.0.1/39939] INFO  ozone.MiniOzoneClusterImpl (MiniOzoneClusterImpl.java:lambda$waitForClusterToBeReady$0(219)) - Waiting for cluster to exit safe mode
2022-10-11 12:51:04,304 [Listener at 127.0.0.1/39939] INFO  ozone.MiniOzoneClusterImpl (MiniOzoneClusterImpl.java:lambda$waitForClusterToBeReady$0(221)) - SCM became leader
2022-10-11 12:51:05,305 [Listener at 127.0.0.1/39939] INFO  ozone.MiniOzoneClusterImpl (MiniOzoneClusterImpl.java:lambda$waitForClusterToBeReady$0(216)) - Nodes are ready. Got 3 of 3 DN Heartbeats.
2022-10-11 12:51:05,305 [Listener at 127.0.0.1/39939] INFO  ozone.MiniOzoneClusterImpl (MiniOzoneClusterImpl.java:lambda$waitForClusterToBeReady$0(219)) - Waiting for cluster to exit safe mode
2022-10-11 12:51:05,305 [Listener at 127.0.0.1/39939] INFO  ozone.MiniOzoneClusterImpl (MiniOzoneClusterImpl.java:lambda$waitForClusterToBeReady$0(221)) - SCM became leader
2022-10-11 12:51:05,917 [8873ba3e-7da4-46f7-b1d3-8a39f1a1c208@group-51D27DE71748-FollowerState] INFO  impl.FollowerState (FollowerState.java:run(143)) - 8873ba3e-7da4-46f7-b1d3-8a39f1a1c208@group-51D27DE71748-FollowerState: change to CANDIDATE, lastRpcElapsedTime:5057909967ns, electionTimeout:5045ms
2022-10-11 12:51:05,917 [8873ba3e-7da4-46f7-b1d3-8a39f1a1c208@group-51D27DE71748-FollowerState] INFO  impl.RoleInfo (RoleInfo.java:shutdownFollowerState(110)) - 8873ba3e-7da4-46f7-b1d3-8a39f1a1c208: shutdown 8873ba3e-7da4-46f7-b1d3-8a39f1a1c208@group-51D27DE71748-FollowerState
2022-10-11 12:51:05,917 [8873ba3e-7da4-46f7-b1d3-8a39f1a1c208@group-51D27DE71748-FollowerState] INFO  server.RaftServer$Division (RaftServerImpl.java:setRole(299)) - 8873ba3e-7da4-46f7-b1d3-8a39f1a1c208@group-51D27DE71748: changes role from  FOLLOWER to CANDIDATE at term 2 for changeToCandidate
2022-10-11 12:51:05,917 [8873ba3e-7da4-46f7-b1d3-8a39f1a1c208@group-51D27DE71748-FollowerState] INFO  server.RaftServerConfigKeys (ConfUtils.java:logGet(46)) - raft.server.leaderelection.pre-vote = false (custom)
2022-10-11 12:51:05,918 [8873ba3e-7da4-46f7-b1d3-8a39f1a1c208@group-51D27DE71748-FollowerState] INFO  impl.RoleInfo (RoleInfo.java:updateAndGet(139)) - 8873ba3e-7da4-46f7-b1d3-8a39f1a1c208: start 8873ba3e-7da4-46f7-b1d3-8a39f1a1c208@group-51D27DE71748-LeaderElection31
2022-10-11 12:51:05,921 [8873ba3e-7da4-46f7-b1d3-8a39f1a1c208@group-51D27DE71748-LeaderElection31] INFO  impl.LeaderElection (LeaderElection.java:askForVotes(310)) - 8873ba3e-7da4-46f7-b1d3-8a39f1a1c208@group-51D27DE71748-LeaderElection31 ELECTION round 0: submit vote requests at term 3 for -1: [8873ba3e-7da4-46f7-b1d3-8a39f1a1c208|rpc:10.1.1.98:41043|priority:0, 0edcf6db-22cd-4c8c-bdc6-3c11ab3ecd15|rpc:10.1.1.98:42307|priority:1, 9e941ce3-1318-4d07-a6ad-837cafbdd6f8|rpc:10.1.1.98:33735|priority:0], old=null
2022-10-11 12:51:05,924 [grpc-default-executor-4] INFO  server.RaftServer$Division (RaftServerImpl.java:requestVote(1152)) - 9e941ce3-1318-4d07-a6ad-837cafbdd6f8@group-51D27DE71748: receive requestVote(ELECTION, 8873ba3e-7da4-46f7-b1d3-8a39f1a1c208, group-51D27DE71748, 3, (t:0, i:0))
2022-10-11 12:51:05,924 [grpc-default-executor-4] INFO  impl.VoteContext (VoteContext.java:log(48)) - 9e941ce3-1318-4d07-a6ad-837cafbdd6f8@group-51D27DE71748-FOLLOWER: accept ELECTION from 8873ba3e-7da4-46f7-b1d3-8a39f1a1c208: our priority 0 <= candidate's priority 0
2022-10-11 12:51:05,924 [grpc-default-executor-4] INFO  server.RaftServer$Division (RaftServerImpl.java:setRole(299)) - 9e941ce3-1318-4d07-a6ad-837cafbdd6f8@group-51D27DE71748: changes role from  FOLLOWER to FOLLOWER at term 3 for candidate:8873ba3e-7da4-46f7-b1d3-8a39f1a1c208
2022-10-11 12:51:05,924 [grpc-default-executor-4] INFO  impl.RoleInfo (RoleInfo.java:shutdownFollowerState(110)) - 9e941ce3-1318-4d07-a6ad-837cafbdd6f8: shutdown 9e941ce3-1318-4d07-a6ad-837cafbdd6f8@group-51D27DE71748-FollowerState
2022-10-11 12:51:05,924 [grpc-default-executor-4] INFO  impl.RoleInfo (RoleInfo.java:updateAndGet(139)) - 9e941ce3-1318-4d07-a6ad-837cafbdd6f8: start 9e941ce3-1318-4d07-a6ad-837cafbdd6f8@group-51D27DE71748-FollowerState
2022-10-11 12:51:05,924 [9e941ce3-1318-4d07-a6ad-837cafbdd6f8@group-51D27DE71748-FollowerState] INFO  impl.FollowerState (FollowerState.java:run(152)) - 9e941ce3-1318-4d07-a6ad-837cafbdd6f8@group-51D27DE71748-FollowerState was interrupted
2022-10-11 12:51:05,930 [grpc-default-executor-5] INFO  server.RaftServer$Division (RaftServerImpl.java:requestVote(1152)) - 0edcf6db-22cd-4c8c-bdc6-3c11ab3ecd15@group-51D27DE71748: receive requestVote(ELECTION, 8873ba3e-7da4-46f7-b1d3-8a39f1a1c208, group-51D27DE71748, 3, (t:0, i:0))
2022-10-11 12:51:05,930 [grpc-default-executor-4] INFO  server.RaftServer$Division (RaftServerImpl.java:requestVote(1184)) - 9e941ce3-1318-4d07-a6ad-837cafbdd6f8@group-51D27DE71748 replies to ELECTION vote request: 8873ba3e-7da4-46f7-b1d3-8a39f1a1c208<-9e941ce3-1318-4d07-a6ad-837cafbdd6f8#0:OK-t3. Peer's state: 9e941ce3-1318-4d07-a6ad-837cafbdd6f8@group-51D27DE71748:t3, leader=null, voted=8873ba3e-7da4-46f7-b1d3-8a39f1a1c208, raftlog=9e941ce3-1318-4d07-a6ad-837cafbdd6f8@group-51D27DE71748-SegmentedRaftLog:OPENED:c-1, conf=-1: [8873ba3e-7da4-46f7-b1d3-8a39f1a1c208|rpc:10.1.1.98:41043|dataStream:|priority:0, 0edcf6db-22cd-4c8c-bdc6-3c11ab3ecd15|rpc:10.1.1.98:42307|dataStream:|priority:1, 9e941ce3-1318-4d07-a6ad-837cafbdd6f8|rpc:10.1.1.98:33735|dataStream:|priority:0], old=null
2022-10-11 12:51:05,930 [grpc-default-executor-5] INFO  impl.VoteContext (VoteContext.java:log(48)) - 0edcf6db-22cd-4c8c-bdc6-3c11ab3ecd15@group-51D27DE71748-FOLLOWER: reject ELECTION from 8873ba3e-7da4-46f7-b1d3-8a39f1a1c208: our priority 1 > candidate's priority 0
2022-10-11 12:51:05,930 [grpc-default-executor-5] INFO  server.RaftServer$Division (RaftServerImpl.java:setRole(299)) - 0edcf6db-22cd-4c8c-bdc6-3c11ab3ecd15@group-51D27DE71748: changes role from  FOLLOWER to FOLLOWER at term 3 for candidate:8873ba3e-7da4-46f7-b1d3-8a39f1a1c208
2022-10-11 12:51:05,930 [grpc-default-executor-5] INFO  impl.RoleInfo (RoleInfo.java:shutdownFollowerState(110)) - 0edcf6db-22cd-4c8c-bdc6-3c11ab3ecd15: shutdown 0edcf6db-22cd-4c8c-bdc6-3c11ab3ecd15@group-51D27DE71748-FollowerState
2022-10-11 12:51:05,931 [grpc-default-executor-5] INFO  impl.RoleInfo (RoleInfo.java:updateAndGet(139)) - 0edcf6db-22cd-4c8c-bdc6-3c11ab3ecd15: start 0edcf6db-22cd-4c8c-bdc6-3c11ab3ecd15@group-51D27DE71748-FollowerState
2022-10-11 12:51:05,931 [0edcf6db-22cd-4c8c-bdc6-3c11ab3ecd15@group-51D27DE71748-FollowerState] INFO  impl.FollowerState (FollowerState.java:run(152)) - 0edcf6db-22cd-4c8c-bdc6-3c11ab3ecd15@group-51D27DE71748-FollowerState was interrupted
2022-10-11 12:51:05,940 [grpc-default-executor-5] INFO  server.RaftServer$Division (RaftServerImpl.java:requestVote(1184)) - 0edcf6db-22cd-4c8c-bdc6-3c11ab3ecd15@group-51D27DE71748 replies to ELECTION vote request: 8873ba3e-7da4-46f7-b1d3-8a39f1a1c208<-0edcf6db-22cd-4c8c-bdc6-3c11ab3ecd15#0:FAIL-t3. Peer's state: 0edcf6db-22cd-4c8c-bdc6-3c11ab3ecd15@group-51D27DE71748:t3, leader=null, voted=null, raftlog=0edcf6db-22cd-4c8c-bdc6-3c11ab3ecd15@group-51D27DE71748-SegmentedRaftLog:OPENED:c-1, conf=-1: [8873ba3e-7da4-46f7-b1d3-8a39f1a1c208|rpc:10.1.1.98:41043|dataStream:|priority:0, 0edcf6db-22cd-4c8c-bdc6-3c11ab3ecd15|rpc:10.1.1.98:42307|dataStream:|priority:1, 9e941ce3-1318-4d07-a6ad-837cafbdd6f8|rpc:10.1.1.98:33735|dataStream:|priority:0], old=null
2022-10-11 12:51:05,941 [8873ba3e-7da4-46f7-b1d3-8a39f1a1c208@group-51D27DE71748-LeaderElection31] INFO  impl.LeaderElection (LeaderElection.java:logAndReturn(90)) - 8873ba3e-7da4-46f7-b1d3-8a39f1a1c208@group-51D27DE71748-LeaderElection31: ELECTION REJECTED received 2 response(s) and 0 exception(s):
2022-10-11 12:51:05,941 [8873ba3e-7da4-46f7-b1d3-8a39f1a1c208@group-51D27DE71748-LeaderElection31] INFO  impl.LeaderElection (LeaderElection.java:logAndReturn(94)) -   Response 0: 8873ba3e-7da4-46f7-b1d3-8a39f1a1c208<-0edcf6db-22cd-4c8c-bdc6-3c11ab3ecd15#0:FAIL-t3
2022-10-11 12:51:05,941 [8873ba3e-7da4-46f7-b1d3-8a39f1a1c208@group-51D27DE71748-LeaderElection31] INFO  impl.LeaderElection (LeaderElection.java:logAndReturn(94)) -   Response 1: 8873ba3e-7da4-46f7-b1d3-8a39f1a1c208<-9e941ce3-1318-4d07-a6ad-837cafbdd6f8#0:OK-t3
2022-10-11 12:51:05,941 [8873ba3e-7da4-46f7-b1d3-8a39f1a1c208@group-51D27DE71748-LeaderElection31] INFO  impl.LeaderElection (LeaderElection.java:askForVotes(312)) - 8873ba3e-7da4-46f7-b1d3-8a39f1a1c208@group-51D27DE71748-LeaderElection31 ELECTION round 0: result REJECTED
2022-10-11 12:51:05,941 [8873ba3e-7da4-46f7-b1d3-8a39f1a1c208@group-51D27DE71748-LeaderElection31] INFO  server.RaftServer$Division (RaftServerImpl.java:setRole(299)) - 8873ba3e-7da4-46f7-b1d3-8a39f1a1c208@group-51D27DE71748: changes role from CANDIDATE to FOLLOWER at term 3 for REJECTED
2022-10-11 12:51:05,942 [8873ba3e-7da4-46f7-b1d3-8a39f1a1c208@group-51D27DE71748-LeaderElection31] INFO  impl.RoleInfo (RoleInfo.java:shutdownLeaderElection(130)) - 8873ba3e-7da4-46f7-b1d3-8a39f1a1c208: shutdown 8873ba3e-7da4-46f7-b1d3-8a39f1a1c208@group-51D27DE71748-LeaderElection31
2022-10-11 12:51:05,942 [8873ba3e-7da4-46f7-b1d3-8a39f1a1c208@group-51D27DE71748-LeaderElection31] INFO  impl.RoleInfo (RoleInfo.java:updateAndGet(139)) - 8873ba3e-7da4-46f7-b1d3-8a39f1a1c208: start 8873ba3e-7da4-46f7-b1d3-8a39f1a1c208@group-51D27DE71748-FollowerState
2022-10-11 12:51:06,306 [Listener at 127.0.0.1/39939] INFO  ozone.MiniOzoneClusterImpl (MiniOzoneClusterImpl.java:lambda$waitForClusterToBeReady$0(216)) - Nodes are ready. Got 3 of 3 DN Heartbeats.
2022-10-11 12:51:06,307 [Listener at 127.0.0.1/39939] INFO  ozone.MiniOzoneClusterImpl (MiniOzoneClusterImpl.java:lambda$waitForClusterToBeReady$0(219)) - Waiting for cluster to exit safe mode
2022-10-11 12:51:06,307 [Listener at 127.0.0.1/39939] INFO  ozone.MiniOzoneClusterImpl (MiniOzoneClusterImpl.java:lambda$waitForClusterToBeReady$0(221)) - SCM became leader
2022-10-11 12:51:07,308 [Listener at 127.0.0.1/39939] INFO  ozone.MiniOzoneClusterImpl (MiniOzoneClusterImpl.java:lambda$waitForClusterToBeReady$0(216)) - Nodes are ready. Got 3 of 3 DN Heartbeats.
2022-10-11 12:51:07,308 [Listener at 127.0.0.1/39939] INFO  ozone.MiniOzoneClusterImpl (MiniOzoneClusterImpl.java:lambda$waitForClusterToBeReady$0(219)) - Waiting for cluster to exit safe mode
2022-10-11 12:51:07,308 [Listener at 127.0.0.1/39939] INFO  ozone.MiniOzoneClusterImpl (MiniOzoneClusterImpl.java:lambda$waitForClusterToBeReady$0(221)) - SCM became leader
2022-10-11 12:51:08,308 [Listener at 127.0.0.1/39939] INFO  ozone.MiniOzoneClusterImpl (MiniOzoneClusterImpl.java:lambda$waitForClusterToBeReady$0(216)) - Nodes are ready. Got 3 of 3 DN Heartbeats.
2022-10-11 12:51:08,309 [Listener at 127.0.0.1/39939] INFO  ozone.MiniOzoneClusterImpl (MiniOzoneClusterImpl.java:lambda$waitForClusterToBeReady$0(219)) - Waiting for cluster to exit safe mode
2022-10-11 12:51:08,309 [Listener at 127.0.0.1/39939] INFO  ozone.MiniOzoneClusterImpl (MiniOzoneClusterImpl.java:lambda$waitForClusterToBeReady$0(221)) - SCM became leader
2022-10-11 12:51:09,309 [Listener at 127.0.0.1/39939] INFO  ozone.MiniOzoneClusterImpl (MiniOzoneClusterImpl.java:lambda$waitForClusterToBeReady$0(216)) - Nodes are ready. Got 3 of 3 DN Heartbeats.
2022-10-11 12:51:09,310 [Listener at 127.0.0.1/39939] INFO  ozone.MiniOzoneClusterImpl (MiniOzoneClusterImpl.java:lambda$waitForClusterToBeReady$0(219)) - Waiting for cluster to exit safe mode
2022-10-11 12:51:09,310 [Listener at 127.0.0.1/39939] INFO  ozone.MiniOzoneClusterImpl (MiniOzoneClusterImpl.java:lambda$waitForClusterToBeReady$0(221)) - SCM became leader
2022-10-11 12:51:10,310 [Listener at 127.0.0.1/39939] INFO  ozone.MiniOzoneClusterImpl (MiniOzoneClusterImpl.java:lambda$waitForClusterToBeReady$0(216)) - Nodes are ready. Got 3 of 3 DN Heartbeats.
2022-10-11 12:51:10,311 [Listener at 127.0.0.1/39939] INFO  ozone.MiniOzoneClusterImpl (MiniOzoneClusterImpl.java:lambda$waitForClusterToBeReady$0(219)) - Waiting for cluster to exit safe mode
2022-10-11 12:51:10,311 [Listener at 127.0.0.1/39939] INFO  ozone.MiniOzoneClusterImpl (MiniOzoneClusterImpl.java:lambda$waitForClusterToBeReady$0(221)) - SCM became leader
2022-10-11 12:51:11,018 [0edcf6db-22cd-4c8c-bdc6-3c11ab3ecd15@group-51D27DE71748-FollowerState] INFO  impl.FollowerState (FollowerState.java:run(143)) - 0edcf6db-22cd-4c8c-bdc6-3c11ab3ecd15@group-51D27DE71748-FollowerState: change to CANDIDATE, lastRpcElapsedTime:5087339830ns, electionTimeout:5076ms
2022-10-11 12:51:11,018 [0edcf6db-22cd-4c8c-bdc6-3c11ab3ecd15@group-51D27DE71748-FollowerState] INFO  impl.RoleInfo (RoleInfo.java:shutdownFollowerState(110)) - 0edcf6db-22cd-4c8c-bdc6-3c11ab3ecd15: shutdown 0edcf6db-22cd-4c8c-bdc6-3c11ab3ecd15@group-51D27DE71748-FollowerState
2022-10-11 12:51:11,018 [0edcf6db-22cd-4c8c-bdc6-3c11ab3ecd15@group-51D27DE71748-FollowerState] INFO  server.RaftServer$Division (RaftServerImpl.java:setRole(299)) - 0edcf6db-22cd-4c8c-bdc6-3c11ab3ecd15@group-51D27DE71748: changes role from  FOLLOWER to CANDIDATE at term 3 for changeToCandidate
2022-10-11 12:51:11,018 [0edcf6db-22cd-4c8c-bdc6-3c11ab3ecd15@group-51D27DE71748-FollowerState] INFO  server.RaftServerConfigKeys (ConfUtils.java:logGet(46)) - raft.server.leaderelection.pre-vote = false (custom)
2022-10-11 12:51:11,018 [0edcf6db-22cd-4c8c-bdc6-3c11ab3ecd15@group-51D27DE71748-FollowerState] INFO  impl.RoleInfo (RoleInfo.java:updateAndGet(139)) - 0edcf6db-22cd-4c8c-bdc6-3c11ab3ecd15: start 0edcf6db-22cd-4c8c-bdc6-3c11ab3ecd15@group-51D27DE71748-LeaderElection32
2022-10-11 12:51:11,022 [0edcf6db-22cd-4c8c-bdc6-3c11ab3ecd15@group-51D27DE71748-LeaderElection32] INFO  impl.LeaderElection (LeaderElection.java:askForVotes(310)) - 0edcf6db-22cd-4c8c-bdc6-3c11ab3ecd15@group-51D27DE71748-LeaderElection32 ELECTION round 0: submit vote requests at term 4 for -1: [8873ba3e-7da4-46f7-b1d3-8a39f1a1c208|rpc:10.1.1.98:41043|dataStream:|priority:0, 0edcf6db-22cd-4c8c-bdc6-3c11ab3ecd15|rpc:10.1.1.98:42307|dataStream:|priority:1, 9e941ce3-1318-4d07-a6ad-837cafbdd6f8|rpc:10.1.1.98:33735|dataStream:|priority:0], old=null
2022-10-11 12:51:11,027 [grpc-default-executor-5] INFO  server.RaftServer$Division (RaftServerImpl.java:requestVote(1152)) - 9e941ce3-1318-4d07-a6ad-837cafbdd6f8@group-51D27DE71748: receive requestVote(ELECTION, 0edcf6db-22cd-4c8c-bdc6-3c11ab3ecd15, group-51D27DE71748, 4, (t:0, i:0))
2022-10-11 12:51:11,027 [grpc-default-executor-5] INFO  impl.VoteContext (VoteContext.java:log(48)) - 9e941ce3-1318-4d07-a6ad-837cafbdd6f8@group-51D27DE71748-FOLLOWER: accept ELECTION from 0edcf6db-22cd-4c8c-bdc6-3c11ab3ecd15: our priority 0 <= candidate's priority 1
2022-10-11 12:51:11,027 [grpc-default-executor-5] INFO  server.RaftServer$Division (RaftServerImpl.java:setRole(299)) - 9e941ce3-1318-4d07-a6ad-837cafbdd6f8@group-51D27DE71748: changes role from  FOLLOWER to FOLLOWER at term 4 for candidate:0edcf6db-22cd-4c8c-bdc6-3c11ab3ecd15
2022-10-11 12:51:11,027 [grpc-default-executor-5] INFO  impl.RoleInfo (RoleInfo.java:shutdownFollowerState(110)) - 9e941ce3-1318-4d07-a6ad-837cafbdd6f8: shutdown 9e941ce3-1318-4d07-a6ad-837cafbdd6f8@group-51D27DE71748-FollowerState
2022-10-11 12:51:11,027 [grpc-default-executor-5] INFO  impl.RoleInfo (RoleInfo.java:updateAndGet(139)) - 9e941ce3-1318-4d07-a6ad-837cafbdd6f8: start 9e941ce3-1318-4d07-a6ad-837cafbdd6f8@group-51D27DE71748-FollowerState
2022-10-11 12:51:11,028 [9e941ce3-1318-4d07-a6ad-837cafbdd6f8@group-51D27DE71748-FollowerState] INFO  impl.FollowerState (FollowerState.java:run(152)) - 9e941ce3-1318-4d07-a6ad-837cafbdd6f8@group-51D27DE71748-FollowerState was interrupted
2022-10-11 12:51:11,036 [grpc-default-executor-4] INFO  server.RaftServer$Division (RaftServerImpl.java:requestVote(1152)) - 8873ba3e-7da4-46f7-b1d3-8a39f1a1c208@group-51D27DE71748: receive requestVote(ELECTION, 0edcf6db-22cd-4c8c-bdc6-3c11ab3ecd15, group-51D27DE71748, 4, (t:0, i:0))
2022-10-11 12:51:11,036 [grpc-default-executor-4] INFO  impl.VoteContext (VoteContext.java:log(48)) - 8873ba3e-7da4-46f7-b1d3-8a39f1a1c208@group-51D27DE71748-FOLLOWER: accept ELECTION from 0edcf6db-22cd-4c8c-bdc6-3c11ab3ecd15: our priority 0 <= candidate's priority 1
2022-10-11 12:51:11,036 [grpc-default-executor-4] INFO  server.RaftServer$Division (RaftServerImpl.java:setRole(299)) - 8873ba3e-7da4-46f7-b1d3-8a39f1a1c208@group-51D27DE71748: changes role from  FOLLOWER to FOLLOWER at term 4 for candidate:0edcf6db-22cd-4c8c-bdc6-3c11ab3ecd15
2022-10-11 12:51:11,036 [grpc-default-executor-4] INFO  impl.RoleInfo (RoleInfo.java:shutdownFollowerState(110)) - 8873ba3e-7da4-46f7-b1d3-8a39f1a1c208: shutdown 8873ba3e-7da4-46f7-b1d3-8a39f1a1c208@group-51D27DE71748-FollowerState
2022-10-11 12:51:11,036 [grpc-default-executor-4] INFO  impl.RoleInfo (RoleInfo.java:updateAndGet(139)) - 8873ba3e-7da4-46f7-b1d3-8a39f1a1c208: start 8873ba3e-7da4-46f7-b1d3-8a39f1a1c208@group-51D27DE71748-FollowerState
2022-10-11 12:51:11,036 [8873ba3e-7da4-46f7-b1d3-8a39f1a1c208@group-51D27DE71748-FollowerState] INFO  impl.FollowerState (FollowerState.java:run(152)) - 8873ba3e-7da4-46f7-b1d3-8a39f1a1c208@group-51D27DE71748-FollowerState was interrupted
2022-10-11 12:51:11,037 [grpc-default-executor-5] INFO  server.RaftServer$Division (RaftServerImpl.java:requestVote(1184)) - 9e941ce3-1318-4d07-a6ad-837cafbdd6f8@group-51D27DE71748 replies to ELECTION vote request: 0edcf6db-22cd-4c8c-bdc6-3c11ab3ecd15<-9e941ce3-1318-4d07-a6ad-837cafbdd6f8#0:OK-t4. Peer's state: 9e941ce3-1318-4d07-a6ad-837cafbdd6f8@group-51D27DE71748:t4, leader=null, voted=0edcf6db-22cd-4c8c-bdc6-3c11ab3ecd15, raftlog=9e941ce3-1318-4d07-a6ad-837cafbdd6f8@group-51D27DE71748-SegmentedRaftLog:OPENED:c-1, conf=-1: [8873ba3e-7da4-46f7-b1d3-8a39f1a1c208|rpc:10.1.1.98:41043|dataStream:|priority:0, 0edcf6db-22cd-4c8c-bdc6-3c11ab3ecd15|rpc:10.1.1.98:42307|dataStream:|priority:1, 9e941ce3-1318-4d07-a6ad-837cafbdd6f8|rpc:10.1.1.98:33735|dataStream:|priority:0], old=null
2022-10-11 12:51:11,038 [grpc-default-executor-4] INFO  server.RaftServer$Division (RaftServerImpl.java:requestVote(1184)) - 8873ba3e-7da4-46f7-b1d3-8a39f1a1c208@group-51D27DE71748 replies to ELECTION vote request: 0edcf6db-22cd-4c8c-bdc6-3c11ab3ecd15<-8873ba3e-7da4-46f7-b1d3-8a39f1a1c208#0:OK-t4. Peer's state: 8873ba3e-7da4-46f7-b1d3-8a39f1a1c208@group-51D27DE71748:t4, leader=null, voted=0edcf6db-22cd-4c8c-bdc6-3c11ab3ecd15, raftlog=8873ba3e-7da4-46f7-b1d3-8a39f1a1c208@group-51D27DE71748-SegmentedRaftLog:OPENED:c-1, conf=-1: [8873ba3e-7da4-46f7-b1d3-8a39f1a1c208|rpc:10.1.1.98:41043|priority:0, 0edcf6db-22cd-4c8c-bdc6-3c11ab3ecd15|rpc:10.1.1.98:42307|priority:1, 9e941ce3-1318-4d07-a6ad-837cafbdd6f8|rpc:10.1.1.98:33735|priority:0], old=null
2022-10-11 12:51:11,040 [0edcf6db-22cd-4c8c-bdc6-3c11ab3ecd15@group-51D27DE71748-LeaderElection32] INFO  impl.LeaderElection (LeaderElection.java:logAndReturn(90)) - 0edcf6db-22cd-4c8c-bdc6-3c11ab3ecd15@group-51D27DE71748-LeaderElection32: ELECTION PASSED received 1 response(s) and 0 exception(s):
2022-10-11 12:51:11,041 [0edcf6db-22cd-4c8c-bdc6-3c11ab3ecd15@group-51D27DE71748-LeaderElection32] INFO  impl.LeaderElection (LeaderElection.java:logAndReturn(94)) -   Response 0: 0edcf6db-22cd-4c8c-bdc6-3c11ab3ecd15<-8873ba3e-7da4-46f7-b1d3-8a39f1a1c208#0:OK-t4
2022-10-11 12:51:11,041 [0edcf6db-22cd-4c8c-bdc6-3c11ab3ecd15@group-51D27DE71748-LeaderElection32] INFO  impl.LeaderElection (LeaderElection.java:askForVotes(312)) - 0edcf6db-22cd-4c8c-bdc6-3c11ab3ecd15@group-51D27DE71748-LeaderElection32 ELECTION round 0: result PASSED
2022-10-11 12:51:11,041 [0edcf6db-22cd-4c8c-bdc6-3c11ab3ecd15@group-51D27DE71748-LeaderElection32] INFO  impl.RoleInfo (RoleInfo.java:shutdownLeaderElection(130)) - 0edcf6db-22cd-4c8c-bdc6-3c11ab3ecd15: shutdown 0edcf6db-22cd-4c8c-bdc6-3c11ab3ecd15@group-51D27DE71748-LeaderElection32
2022-10-11 12:51:11,041 [0edcf6db-22cd-4c8c-bdc6-3c11ab3ecd15@group-51D27DE71748-LeaderElection32] INFO  server.RaftServer$Division (RaftServerImpl.java:setRole(299)) - 0edcf6db-22cd-4c8c-bdc6-3c11ab3ecd15@group-51D27DE71748: changes role from CANDIDATE to LEADER at term 4 for changeToLeader
2022-10-11 12:51:11,041 [0edcf6db-22cd-4c8c-bdc6-3c11ab3ecd15@group-51D27DE71748-LeaderElection32] INFO  ratis.XceiverServerRatis (XceiverServerRatis.java:handleLeaderChangedNotification(863)) - Leader change notification received for group: group-51D27DE71748 with new leaderId: 0edcf6db-22cd-4c8c-bdc6-3c11ab3ecd15
2022-10-11 12:51:11,041 [0edcf6db-22cd-4c8c-bdc6-3c11ab3ecd15@group-51D27DE71748-LeaderElection32] INFO  server.RaftServer$Division (ServerState.java:setLeader(287)) - 0edcf6db-22cd-4c8c-bdc6-3c11ab3ecd15@group-51D27DE71748: change Leader from null to 0edcf6db-22cd-4c8c-bdc6-3c11ab3ecd15 at term 4 for becomeLeader, leader elected after 20420ms
2022-10-11 12:51:11,041 [0edcf6db-22cd-4c8c-bdc6-3c11ab3ecd15@group-51D27DE71748-LeaderElection32] INFO  server.RaftServerConfigKeys (ConfUtils.java:logGet(46)) - raft.server.staging.catchup.gap = 1000 (default)
2022-10-11 12:51:11,041 [0edcf6db-22cd-4c8c-bdc6-3c11ab3ecd15@group-51D27DE71748-LeaderElection32] INFO  server.RaftServerConfigKeys (ConfUtils.java:logGet(46)) - raft.server.write.element-limit = 1024 (custom)
2022-10-11 12:51:11,041 [0edcf6db-22cd-4c8c-bdc6-3c11ab3ecd15@group-51D27DE71748-LeaderElection32] INFO  server.RaftServerConfigKeys (ConfUtils.java:logGet(46)) - raft.server.write.byte-limit = 1024 M (=1073741824) (custom)
2022-10-11 12:51:11,042 [0edcf6db-22cd-4c8c-bdc6-3c11ab3ecd15@group-51D27DE71748-LeaderElection32] INFO  server.RaftServerConfigKeys (ConfUtils.java:logGet(46)) - raft.server.watch.timeout = 180s (custom)
2022-10-11 12:51:11,042 [0edcf6db-22cd-4c8c-bdc6-3c11ab3ecd15@group-51D27DE71748-LeaderElection32] INFO  server.RaftServerConfigKeys (ConfUtils.java:logGet(46)) - raft.server.watch.timeout.denomination = 1s (default)
2022-10-11 12:51:11,042 [0edcf6db-22cd-4c8c-bdc6-3c11ab3ecd15@group-51D27DE71748-LeaderElection32] INFO  server.RaftServerConfigKeys (ConfUtils.java:logGet(46)) - raft.server.watch.element-limit = 65536 (default)
2022-10-11 12:51:11,043 [EventQueue-PipelineReportForPipelineReportHandler] INFO  pipeline.PipelineManagerImpl (PipelineManagerImpl.java:openPipeline(367)) - Pipeline Pipeline[ Id: c6e6a251-f79a-43ff-b19e-51d27de71748, Nodes: 9e941ce3-1318-4d07-a6ad-837cafbdd6f8{ip: 10.1.1.98, host: fv-az570-546.srgqcr2moziuvm0qev4lajleyh.dx.internal.cloudapp.net, ports: [REPLICATION=39047, RATIS=33735, RATIS_ADMIN=33735, RATIS_SERVER=33735, STANDALONE=41477], networkLocation: /default-rack, certSerialId: null, persistedOpState: IN_SERVICE, persistedOpStateExpiryEpochSec: 0}0edcf6db-22cd-4c8c-bdc6-3c11ab3ecd15{ip: 10.1.1.98, host: fv-az570-546.srgqcr2moziuvm0qev4lajleyh.dx.internal.cloudapp.net, ports: [REPLICATION=44577, RATIS=42307, RATIS_ADMIN=42307, RATIS_SERVER=42307, STANDALONE=44357], networkLocation: /default-rack, certSerialId: null, persistedOpState: IN_SERVICE, persistedOpStateExpiryEpochSec: 0}8873ba3e-7da4-46f7-b1d3-8a39f1a1c208{ip: 10.1.1.98, host: fv-az570-546.srgqcr2moziuvm0qev4lajleyh.dx.internal.cloudapp.net, ports: [REPLICATION=39189, RATIS=41043, RATIS_ADMIN=41043, RATIS_SERVER=41043, STANDALONE=41019], networkLocation: /default-rack, certSerialId: null, persistedOpState: IN_SERVICE, persistedOpStateExpiryEpochSec: 0}, ReplicationConfig: RATIS/THREE, State:ALLOCATED, leaderId:0edcf6db-22cd-4c8c-bdc6-3c11ab3ecd15, CreationTimestamp2022-10-11T12:50:48.295Z[Etc/UTC]] moved to OPEN state
2022-10-11 12:51:11,043 [0edcf6db-22cd-4c8c-bdc6-3c11ab3ecd15@group-51D27DE71748-LeaderElection32] INFO  server.RaftServerConfigKeys (ConfUtils.java:logGet(46)) - raft.server.write.element-limit = 1024 (custom)
2022-10-11 12:51:11,045 [0edcf6db-22cd-4c8c-bdc6-3c11ab3ecd15@group-51D27DE71748-LeaderElection32] INFO  server.RaftServerConfigKeys (ConfUtils.java:logGet(46)) - raft.server.write.follower.gap.ratio.max = -1.0 (default)
2022-10-11 12:51:11,045 [EventQueue-OpenPipelineForHealthyPipelineSafeModeRule] INFO  safemode.SCMSafeModeManager (HealthyPipelineSafeModeRule.java:process(137)) - SCM in safe mode. Healthy pipelines reported count is 1, required healthy pipeline reported count is 1
2022-10-11 12:51:11,046 [0edcf6db-22cd-4c8c-bdc6-3c11ab3ecd15@group-51D27DE71748-LeaderElection32] INFO  server.RaftServerConfigKeys (ConfUtils.java:logGet(46)) - raft.server.log.appender.snapshot.chunk.size.max = 16MB (=16777216) (default)
2022-10-11 12:51:11,051 [0edcf6db-22cd-4c8c-bdc6-3c11ab3ecd15@group-51D27DE71748-LeaderElection32] INFO  server.RaftServerConfigKeys (ConfUtils.java:logGet(46)) - raft.server.log.appender.buffer.byte-limit = 33554432 (custom)
2022-10-11 12:51:11,051 [0edcf6db-22cd-4c8c-bdc6-3c11ab3ecd15@group-51D27DE71748-LeaderElection32] INFO  server.RaftServerConfigKeys (ConfUtils.java:logGet(46)) - raft.server.log.appender.buffer.element-limit = 1 (custom)
2022-10-11 12:51:11,052 [0edcf6db-22cd-4c8c-bdc6-3c11ab3ecd15@group-51D27DE71748-LeaderElection32] INFO  grpc.GrpcConfigKeys (ConfUtils.java:logGet(46)) - raft.grpc.server.leader.outstanding.appends.max = 128 (default)
2022-10-11 12:51:11,052 [0edcf6db-22cd-4c8c-bdc6-3c11ab3ecd15@group-51D27DE71748-LeaderElection32] INFO  server.RaftServerConfigKeys (ConfUtils.java:logGet(46)) - raft.server.rpc.request.timeout = 60s (custom)
2022-10-11 12:51:11,052 [0edcf6db-22cd-4c8c-bdc6-3c11ab3ecd15@group-51D27DE71748-LeaderElection32] INFO  server.RaftServerConfigKeys (ConfUtils.java:logGet(46)) - raft.server.log.appender.install.snapshot.enabled = false (custom)
2022-10-11 12:51:11,053 [0edcf6db-22cd-4c8c-bdc6-3c11ab3ecd15@group-51D27DE71748-LeaderElection32] INFO  server.RaftServerConfigKeys (ConfUtils.java:logGet(46)) - raft.server.log.appender.snapshot.chunk.size.max = 16MB (=16777216) (default)
2022-10-11 12:51:11,053 [0edcf6db-22cd-4c8c-bdc6-3c11ab3ecd15@group-51D27DE71748-LeaderElection32] INFO  server.RaftServerConfigKeys (ConfUtils.java:logGet(46)) - raft.server.log.appender.buffer.byte-limit = 33554432 (custom)
2022-10-11 12:51:11,053 [0edcf6db-22cd-4c8c-bdc6-3c11ab3ecd15@group-51D27DE71748-LeaderElection32] INFO  server.RaftServerConfigKeys (ConfUtils.java:logGet(46)) - raft.server.log.appender.buffer.element-limit = 1 (custom)
2022-10-11 12:51:11,053 [0edcf6db-22cd-4c8c-bdc6-3c11ab3ecd15@group-51D27DE71748-LeaderElection32] INFO  grpc.GrpcConfigKeys (ConfUtils.java:logGet(46)) - raft.grpc.server.leader.outstanding.appends.max = 128 (default)
2022-10-11 12:51:11,053 [0edcf6db-22cd-4c8c-bdc6-3c11ab3ecd15@group-51D27DE71748-LeaderElection32] INFO  server.RaftServerConfigKeys (ConfUtils.java:logGet(46)) - raft.server.rpc.request.timeout = 60s (custom)
2022-10-11 12:51:11,053 [0edcf6db-22cd-4c8c-bdc6-3c11ab3ecd15@group-51D27DE71748-LeaderElection32] INFO  server.RaftServerConfigKeys (ConfUtils.java:logGet(46)) - raft.server.log.appender.install.snapshot.enabled = false (custom)
2022-10-11 12:51:11,054 [0edcf6db-22cd-4c8c-bdc6-3c11ab3ecd15@group-51D27DE71748-LeaderElection32] INFO  impl.RoleInfo (RoleInfo.java:updateAndGet(139)) - 0edcf6db-22cd-4c8c-bdc6-3c11ab3ecd15: start 0edcf6db-22cd-4c8c-bdc6-3c11ab3ecd15@group-51D27DE71748-LeaderStateImpl
2022-10-11 12:51:11,054 [EventQueue-OpenPipelineForHealthyPipelineSafeModeRule] INFO  safemode.SCMSafeModeManager (SCMSafeModeManager.java:validateSafeModeExitRules(204)) - HealthyPipelineSafeModeRule rule is successfully validated
2022-10-11 12:51:11,054 [EventQueue-OpenPipelineForHealthyPipelineSafeModeRule] INFO  safemode.SCMSafeModeManager (SCMSafeModeManager.java:validateSafeModeExitRules(219)) - ScmSafeModeManager, all rules are successfully validated
2022-10-11 12:51:11,054 [EventQueue-OpenPipelineForHealthyPipelineSafeModeRule] INFO  safemode.SCMSafeModeManager (SCMSafeModeManager.java:exitSafeMode(248)) - SCM exiting safe mode.
2022-10-11 12:51:11,054 [EventQueue-OpenPipelineForHealthyPipelineSafeModeRule] WARN  events.EventQueue (EventQueue.java:fireEvent(216)) - No event handler registered for event TypedEvent{payloadType=SafeModeStatus, name='Safe mode status'}
2022-10-11 12:51:11,054 [EventQueue-OpenPipelineForHealthyPipelineSafeModeRule] INFO  ha.SCMContext (SCMContext.java:updateSafeModeStatus(228)) - Update SafeModeStatus from SafeModeStatus{safeModeStatus=true, preCheckPassed=true} to SafeModeStatus{safeModeStatus=false, preCheckPassed=true}.
2022-10-11 12:51:11,054 [EventQueue-OpenPipelineForHealthyPipelineSafeModeRule] INFO  pipeline.BackgroundPipelineCreator (BackgroundPipelineCreator.java:notifyStatusChanged(254)) - Service BackgroundPipelineCreator transitions to RUNNING.
2022-10-11 12:51:11,054 [EventQueue-OpenPipelineForHealthyPipelineSafeModeRule] INFO  BackgroundPipelineScrubber (BackgroundSCMService.java:notifyStatusChanged(82)) - Service BackgroundPipelineScrubber transitions to RUNNING.
2022-10-11 12:51:11,054 [EventQueue-OpenPipelineForHealthyPipelineSafeModeRule] INFO  ExpiredContainerReplicaOpScrubber (BackgroundSCMService.java:notifyStatusChanged(82)) - Service ExpiredContainerReplicaOpScrubber transitions to RUNNING.
2022-10-11 12:51:11,054 [EventQueue-OpenPipelineForHealthyPipelineSafeModeRule] INFO  replication.ReplicationManager (ReplicationManager.java:notifyStatusChanged(728)) - Service ReplicationManager transitions to RUNNING.
2022-10-11 12:51:11,054 [0edcf6db-22cd-4c8c-bdc6-3c11ab3ecd15@group-51D27DE71748-LeaderElection32] INFO  segmented.SegmentedRaftLogWorker (SegmentedRaftLogWorker.java:startLogSegment(425)) - 0edcf6db-22cd-4c8c-bdc6-3c11ab3ecd15@group-51D27DE71748-SegmentedRaftLogWorker: Starting segment from index:0
2022-10-11 12:51:11,054 [EventQueue-OpenPipelineForHealthyPipelineSafeModeRule] WARN  balancer.ContainerBalancer (ContainerBalancer.java:shouldRun(936)) - Could not find persisted configuration for ContainerBalancer when checking if ContainerBalancer should run. ContainerBalancer should not run now.
2022-10-11 12:51:11,056 [0edcf6db-22cd-4c8c-bdc6-3c11ab3ecd15@group-51D27DE71748-SegmentedRaftLogWorker] INFO  segmented.SegmentedRaftLogWorker (SegmentedRaftLogWorker.java:execute(629)) - 0edcf6db-22cd-4c8c-bdc6-3c11ab3ecd15@group-51D27DE71748-SegmentedRaftLogWorker: created new log segment /home/runner/work/ozone/ozone/hadoop-ozone/integration-test/target/test-dir/MiniOzoneClusterImpl-86edf0e9-7e2c-4cfe-baf2-13fb9c17952e/datanode-2/data/ratis/c6e6a251-f79a-43ff-b19e-51d27de71748/current/log_inprogress_0
2022-10-11 12:51:11,060 [0edcf6db-22cd-4c8c-bdc6-3c11ab3ecd15@group-51D27DE71748-LeaderElection32] INFO  server.RaftServer$Division (ServerState.java:setRaftConf(393)) - 0edcf6db-22cd-4c8c-bdc6-3c11ab3ecd15@group-51D27DE71748: set configuration 0: [8873ba3e-7da4-46f7-b1d3-8a39f1a1c208|rpc:10.1.1.98:41043|dataStream:|priority:0, 0edcf6db-22cd-4c8c-bdc6-3c11ab3ecd15|rpc:10.1.1.98:42307|dataStream:|priority:1, 9e941ce3-1318-4d07-a6ad-837cafbdd6f8|rpc:10.1.1.98:33735|dataStream:|priority:0], old=null
2022-10-11 12:51:11,061 [8873ba3e-7da4-46f7-b1d3-8a39f1a1c208-server-thread1] INFO  ratis.XceiverServerRatis (XceiverServerRatis.java:handleLeaderChangedNotification(863)) - Leader change notification received for group: group-51D27DE71748 with new leaderId: 0edcf6db-22cd-4c8c-bdc6-3c11ab3ecd15
2022-10-11 12:51:11,061 [8873ba3e-7da4-46f7-b1d3-8a39f1a1c208-server-thread1] INFO  server.RaftServer$Division (ServerState.java:setLeader(287)) - 8873ba3e-7da4-46f7-b1d3-8a39f1a1c208@group-51D27DE71748: change Leader from null to 0edcf6db-22cd-4c8c-bdc6-3c11ab3ecd15 at term 4 for appendEntries, leader elected after 20511ms
2022-10-11 12:51:11,082 [9e941ce3-1318-4d07-a6ad-837cafbdd6f8-server-thread1] INFO  ratis.XceiverServerRatis (XceiverServerRatis.java:handleLeaderChangedNotification(863)) - Leader change notification received for group: group-51D27DE71748 with new leaderId: 0edcf6db-22cd-4c8c-bdc6-3c11ab3ecd15
2022-10-11 12:51:11,082 [9e941ce3-1318-4d07-a6ad-837cafbdd6f8-server-thread1] INFO  server.RaftServer$Division (ServerState.java:setLeader(287)) - 9e941ce3-1318-4d07-a6ad-837cafbdd6f8@group-51D27DE71748: change Leader from null to 0edcf6db-22cd-4c8c-bdc6-3c11ab3ecd15 at term 4 for appendEntries, leader elected after 20493ms
2022-10-11 12:51:11,085 [8873ba3e-7da4-46f7-b1d3-8a39f1a1c208-server-thread1] INFO  server.RaftServer$Division (ServerState.java:setRaftConf(393)) - 8873ba3e-7da4-46f7-b1d3-8a39f1a1c208@group-51D27DE71748: set configuration 0: [8873ba3e-7da4-46f7-b1d3-8a39f1a1c208|rpc:10.1.1.98:41043|dataStream:|priority:0, 0edcf6db-22cd-4c8c-bdc6-3c11ab3ecd15|rpc:10.1.1.98:42307|dataStream:|priority:1, 9e941ce3-1318-4d07-a6ad-837cafbdd6f8|rpc:10.1.1.98:33735|dataStream:|priority:0], old=null
2022-10-11 12:51:11,086 [9e941ce3-1318-4d07-a6ad-837cafbdd6f8-server-thread1] INFO  server.RaftServer$Division (ServerState.java:setRaftConf(393)) - 9e941ce3-1318-4d07-a6ad-837cafbdd6f8@group-51D27DE71748: set configuration 0: [8873ba3e-7da4-46f7-b1d3-8a39f1a1c208|rpc:10.1.1.98:41043|dataStream:|priority:0, 0edcf6db-22cd-4c8c-bdc6-3c11ab3ecd15|rpc:10.1.1.98:42307|dataStream:|priority:1, 9e941ce3-1318-4d07-a6ad-837cafbdd6f8|rpc:10.1.1.98:33735|dataStream:|priority:0], old=null
2022-10-11 12:51:11,087 [8873ba3e-7da4-46f7-b1d3-8a39f1a1c208-server-thread1] INFO  segmented.SegmentedRaftLogWorker (SegmentedRaftLogWorker.java:startLogSegment(425)) - 8873ba3e-7da4-46f7-b1d3-8a39f1a1c208@group-51D27DE71748-SegmentedRaftLogWorker: Starting segment from index:0
2022-10-11 12:51:11,087 [9e941ce3-1318-4d07-a6ad-837cafbdd6f8-server-thread1] INFO  segmented.SegmentedRaftLogWorker (SegmentedRaftLogWorker.java:startLogSegment(425)) - 9e941ce3-1318-4d07-a6ad-837cafbdd6f8@group-51D27DE71748-SegmentedRaftLogWorker: Starting segment from index:0
2022-10-11 12:51:11,087 [SCMBlockDeletingService#0] DEBUG block.SCMBlockDeletingService (SCMBlockDeletingService.java:call(131)) - Running DeletedBlockTransactionScanner
2022-10-11 12:51:11,089 [9e941ce3-1318-4d07-a6ad-837cafbdd6f8@group-51D27DE71748-SegmentedRaftLogWorker] INFO  segmented.SegmentedRaftLogWorker (SegmentedRaftLogWorker.java:execute(629)) - 9e941ce3-1318-4d07-a6ad-837cafbdd6f8@group-51D27DE71748-SegmentedRaftLogWorker: created new log segment /home/runner/work/ozone/ozone/hadoop-ozone/integration-test/target/test-dir/MiniOzoneClusterImpl-86edf0e9-7e2c-4cfe-baf2-13fb9c17952e/datanode-1/data/ratis/c6e6a251-f79a-43ff-b19e-51d27de71748/current/log_inprogress_0
2022-10-11 12:51:11,090 [8873ba3e-7da4-46f7-b1d3-8a39f1a1c208@group-51D27DE71748-SegmentedRaftLogWorker] INFO  segmented.SegmentedRaftLogWorker (SegmentedRaftLogWorker.java:execute(629)) - 8873ba3e-7da4-46f7-b1d3-8a39f1a1c208@group-51D27DE71748-SegmentedRaftLogWorker: created new log segment /home/runner/work/ozone/ozone/hadoop-ozone/integration-test/target/test-dir/MiniOzoneClusterImpl-86edf0e9-7e2c-4cfe-baf2-13fb9c17952e/datanode-0/data/ratis/c6e6a251-f79a-43ff-b19e-51d27de71748/current/log_inprogress_0
2022-10-11 12:51:11,187 [SCMBlockDeletingService#0] DEBUG block.SCMBlockDeletingService (SCMBlockDeletingService.java:call(131)) - Running DeletedBlockTransactionScanner
2022-10-11 12:51:11,287 [SCMBlockDeletingService#0] DEBUG block.SCMBlockDeletingService (SCMBlockDeletingService.java:call(131)) - Running DeletedBlockTransactionScanner
2022-10-11 12:51:11,311 [Listener at 127.0.0.1/39939] INFO  ozone.MiniOzoneClusterImpl (MiniOzoneClusterImpl.java:lambda$waitForClusterToBeReady$0(216)) - Nodes are ready. Got 3 of 3 DN Heartbeats.
2022-10-11 12:51:11,312 [Listener at 127.0.0.1/39939] INFO  ozone.MiniOzoneClusterImpl (MiniOzoneClusterImpl.java:lambda$waitForClusterToBeReady$0(219)) - Cluster exits safe mode
2022-10-11 12:51:11,312 [Listener at 127.0.0.1/39939] INFO  ozone.MiniOzoneClusterImpl (MiniOzoneClusterImpl.java:lambda$waitForClusterToBeReady$0(221)) - SCM became leader
2022-10-11 12:51:11,388 [SCMBlockDeletingService#0] DEBUG block.SCMBlockDeletingService (SCMBlockDeletingService.java:call(131)) - Running DeletedBlockTransactionScanner
2022-10-11 12:51:11,488 [SCMBlockDeletingService#0] DEBUG block.SCMBlockDeletingService (SCMBlockDeletingService.java:call(131)) - Running DeletedBlockTransactionScanner
2022-10-11 12:51:11,558 [Listener at 127.0.0.1/39939] INFO  rpc.RpcClient (RpcClient.java:createVolume(471)) - Creating Volume: 67884f2a-3248-45ab-8504-c6c34596d8ff, with runner as owner and space quota set to -1 bytes, counts quota set to -1
2022-10-11 12:51:11,574 [OM StateMachine ApplyTransaction Thread - 0] INFO  volume.OMVolumeCreateRequest (OMVolumeCreateRequest.java:validateAndUpdateCache(195)) - created volume:67884f2a-3248-45ab-8504-c6c34596d8ff for user:runner
2022-10-11 12:51:11,580 [Listener at 127.0.0.1/39939] INFO  rpc.RpcClient (RpcClient.java:createBucket(674)) - Creating Bucket: 67884f2a-3248-45ab-8504-c6c34596d8ff/0519ee83-3358-4d5d-aa5a-b50d4a91366e, with server-side default bucket layout, runner as owner, Versioning false, Storage Type set to DISK and Encryption set to false 
2022-10-11 12:51:11,583 [OM StateMachine ApplyTransaction Thread - 0] INFO  bucket.OMBucketCreateRequest (OMBucketCreateRequest.java:validateAndUpdateCache(260)) - created bucket: 0519ee83-3358-4d5d-aa5a-b50d4a91366e of layout LEGACY in volume: 67884f2a-3248-45ab-8504-c6c34596d8ff
2022-10-11 12:51:11,588 [SCMBlockDeletingService#0] DEBUG block.SCMBlockDeletingService (SCMBlockDeletingService.java:call(131)) - Running DeletedBlockTransactionScanner
2022-10-11 12:51:11,611 [IPC Server handler 6 on default port 36429] INFO  pipeline.PipelineStateManagerImpl (PipelineStateManagerImpl.java:addPipeline(103)) - Created pipeline Pipeline[ Id: ef60ef7d-ff17-4298-b56d-d87ee6107c40, Nodes: 8873ba3e-7da4-46f7-b1d3-8a39f1a1c208{ip: 10.1.1.98, host: fv-az570-546.srgqcr2moziuvm0qev4lajleyh.dx.internal.cloudapp.net, ports: [REPLICATION=39189, RATIS=41043, RATIS_ADMIN=41043, RATIS_SERVER=41043, STANDALONE=41019], networkLocation: /default-rack, certSerialId: null, persistedOpState: null, persistedOpStateExpiryEpochSec: 0}0edcf6db-22cd-4c8c-bdc6-3c11ab3ecd15{ip: 10.1.1.98, host: fv-az570-546.srgqcr2moziuvm0qev4lajleyh.dx.internal.cloudapp.net, ports: [REPLICATION=44577, RATIS=42307, RATIS_ADMIN=42307, RATIS_SERVER=42307, STANDALONE=44357], networkLocation: /default-rack, certSerialId: null, persistedOpState: null, persistedOpStateExpiryEpochSec: 0}9e941ce3-1318-4d07-a6ad-837cafbdd6f8{ip: 10.1.1.98, host: fv-az570-546.srgqcr2moziuvm0qev4lajleyh.dx.internal.cloudapp.net, ports: [REPLICATION=39047, RATIS=33735, RATIS_ADMIN=33735, RATIS_SERVER=33735, STANDALONE=41477], networkLocation: /default-rack, certSerialId: null, persistedOpState: null, persistedOpStateExpiryEpochSec: 0}, ReplicationConfig: EC/ECReplicationConfig{data=2, parity=1, ecChunkSize=262144, codec=rs}, State:ALLOCATED, leaderId:, CreationTimestamp2022-10-11T12:51:11.609Z[Etc/UTC]].
2022-10-11 12:51:11,611 [IPC Server handler 6 on default port 36429] INFO  ha.SequenceIdGenerator (SequenceIdGenerator.java:getNextId(128)) - Allocate a batch for containerId, change lastId from 0 to 1000.
2022-10-11 12:51:11,612 [IPC Server handler 6 on default port 36429] INFO  pipeline.PipelineManagerImpl (PipelineManagerImpl.java:openPipeline(367)) - Pipeline Pipeline[ Id: ef60ef7d-ff17-4298-b56d-d87ee6107c40, Nodes: 8873ba3e-7da4-46f7-b1d3-8a39f1a1c208{ip: 10.1.1.98, host: fv-az570-546.srgqcr2moziuvm0qev4lajleyh.dx.internal.cloudapp.net, ports: [REPLICATION=39189, RATIS=41043, RATIS_ADMIN=41043, RATIS_SERVER=41043, STANDALONE=41019], networkLocation: /default-rack, certSerialId: null, persistedOpState: null, persistedOpStateExpiryEpochSec: 0}0edcf6db-22cd-4c8c-bdc6-3c11ab3ecd15{ip: 10.1.1.98, host: fv-az570-546.srgqcr2moziuvm0qev4lajleyh.dx.internal.cloudapp.net, ports: [REPLICATION=44577, RATIS=42307, RATIS_ADMIN=42307, RATIS_SERVER=42307, STANDALONE=44357], networkLocation: /default-rack, certSerialId: null, persistedOpState: null, persistedOpStateExpiryEpochSec: 0}9e941ce3-1318-4d07-a6ad-837cafbdd6f8{ip: 10.1.1.98, host: fv-az570-546.srgqcr2moziuvm0qev4lajleyh.dx.internal.cloudapp.net, ports: [REPLICATION=39047, RATIS=33735, RATIS_ADMIN=33735, RATIS_SERVER=33735, STANDALONE=41477], networkLocation: /default-rack, certSerialId: null, persistedOpState: null, persistedOpStateExpiryEpochSec: 0}, ReplicationConfig: EC/ECReplicationConfig{data=2, parity=1, ecChunkSize=262144, codec=rs}, State:ALLOCATED, leaderId:, CreationTimestamp2022-10-11T12:51:11.609Z[Etc/UTC]] moved to OPEN state
2022-10-11 12:51:11,612 [IPC Server handler 6 on default port 36429] WARN  ha.SequenceIdGenerator (SequenceIdGenerator.java:allocateBatch(237)) - Failed to allocate a batch for localId, expected lastId is 0, actual lastId is 109611004723200000.
2022-10-11 12:51:11,612 [IPC Server handler 6 on default port 36429] INFO  ha.SequenceIdGenerator (SequenceIdGenerator.java:getNextId(128)) - Allocate a batch for localId, change lastId from 109611004723200000 to 109611004723201000.
2022-10-11 12:51:11,657 [Listener at 127.0.0.1/39939] WARN  erasurecode.ErasureCodeNative (ErasureCodeNative.java:<clinit>(55)) - ISA-L support is not available in your platform... using builtin-java codec where applicable
2022-10-11 12:51:11,688 [SCMBlockDeletingService#0] DEBUG block.SCMBlockDeletingService (SCMBlockDeletingService.java:call(131)) - Running DeletedBlockTransactionScanner
2022-10-11 12:51:11,788 [SCMBlockDeletingService#0] DEBUG block.SCMBlockDeletingService (SCMBlockDeletingService.java:call(131)) - Running DeletedBlockTransactionScanner
2022-10-11 12:51:11,895 [SCMBlockDeletingService#0] DEBUG block.SCMBlockDeletingService (SCMBlockDeletingService.java:call(131)) - Running DeletedBlockTransactionScanner
2022-10-11 12:51:11,999 [SCMBlockDeletingService#0] DEBUG block.SCMBlockDeletingService (SCMBlockDeletingService.java:call(131)) - Running DeletedBlockTransactionScanner
2022-10-11 12:51:12,100 [SCMBlockDeletingService#0] DEBUG block.SCMBlockDeletingService (SCMBlockDeletingService.java:call(131)) - Running DeletedBlockTransactionScanner
2022-10-11 12:51:12,200 [SCMBlockDeletingService#0] DEBUG block.SCMBlockDeletingService (SCMBlockDeletingService.java:call(131)) - Running DeletedBlockTransactionScanner
2022-10-11 12:51:12,300 [SCMBlockDeletingService#0] DEBUG block.SCMBlockDeletingService (SCMBlockDeletingService.java:call(131)) - Running DeletedBlockTransactionScanner
2022-10-11 12:51:12,331 [IPC Server handler 0 on default port 36429] INFO  pipeline.PipelineStateManagerImpl (PipelineStateManagerImpl.java:addPipeline(103)) - Created pipeline Pipeline[ Id: 4c552024-17a1-4336-8ff8-a3858ffbbf68, Nodes: 8873ba3e-7da4-46f7-b1d3-8a39f1a1c208{ip: 10.1.1.98, host: fv-az570-546.srgqcr2moziuvm0qev4lajleyh.dx.internal.cloudapp.net, ports: [REPLICATION=39189, RATIS=41043, RATIS_ADMIN=41043, RATIS_SERVER=41043, STANDALONE=41019], networkLocation: /default-rack, certSerialId: null, persistedOpState: null, persistedOpStateExpiryEpochSec: 0}9e941ce3-1318-4d07-a6ad-837cafbdd6f8{ip: 10.1.1.98, host: fv-az570-546.srgqcr2moziuvm0qev4lajleyh.dx.internal.cloudapp.net, ports: [REPLICATION=39047, RATIS=33735, RATIS_ADMIN=33735, RATIS_SERVER=33735, STANDALONE=41477], networkLocation: /default-rack, certSerialId: null, persistedOpState: null, persistedOpStateExpiryEpochSec: 0}0edcf6db-22cd-4c8c-bdc6-3c11ab3ecd15{ip: 10.1.1.98, host: fv-az570-546.srgqcr2moziuvm0qev4lajleyh.dx.internal.cloudapp.net, ports: [REPLICATION=44577, RATIS=42307, RATIS_ADMIN=42307, RATIS_SERVER=42307, STANDALONE=44357], networkLocation: /default-rack, certSerialId: null, persistedOpState: null, persistedOpStateExpiryEpochSec: 0}, ReplicationConfig: EC/ECReplicationConfig{data=2, parity=1, ecChunkSize=262144, codec=rs}, State:ALLOCATED, leaderId:, CreationTimestamp2022-10-11T12:51:12.330Z[Etc/UTC]].
2022-10-11 12:51:12,331 [IPC Server handler 0 on default port 36429] INFO  pipeline.PipelineManagerImpl (PipelineManagerImpl.java:openPipeline(367)) - Pipeline Pipeline[ Id: 4c552024-17a1-4336-8ff8-a3858ffbbf68, Nodes: 8873ba3e-7da4-46f7-b1d3-8a39f1a1c208{ip: 10.1.1.98, host: fv-az570-546.srgqcr2moziuvm0qev4lajleyh.dx.internal.cloudapp.net, ports: [REPLICATION=39189, RATIS=41043, RATIS_ADMIN=41043, RATIS_SERVER=41043, STANDALONE=41019], networkLocation: /default-rack, certSerialId: null, persistedOpState: null, persistedOpStateExpiryEpochSec: 0}9e941ce3-1318-4d07-a6ad-837cafbdd6f8{ip: 10.1.1.98, host: fv-az570-546.srgqcr2moziuvm0qev4lajleyh.dx.internal.cloudapp.net, ports: [REPLICATION=39047, RATIS=33735, RATIS_ADMIN=33735, RATIS_SERVER=33735, STANDALONE=41477], networkLocation: /default-rack, certSerialId: null, persistedOpState: null, persistedOpStateExpiryEpochSec: 0}0edcf6db-22cd-4c8c-bdc6-3c11ab3ecd15{ip: 10.1.1.98, host: fv-az570-546.srgqcr2moziuvm0qev4lajleyh.dx.internal.cloudapp.net, ports: [REPLICATION=44577, RATIS=42307, RATIS_ADMIN=42307, RATIS_SERVER=42307, STANDALONE=44357], networkLocation: /default-rack, certSerialId: null, persistedOpState: null, persistedOpStateExpiryEpochSec: 0}, ReplicationConfig: EC/ECReplicationConfig{data=2, parity=1, ecChunkSize=262144, codec=rs}, State:ALLOCATED, leaderId:, CreationTimestamp2022-10-11T12:51:12.330Z[Etc/UTC]] moved to OPEN state
2022-10-11 12:51:12,400 [SCMBlockDeletingService#0] DEBUG block.SCMBlockDeletingService (SCMBlockDeletingService.java:call(131)) - Running DeletedBlockTransactionScanner
2022-10-11 12:51:12,500 [SCMBlockDeletingService#0] DEBUG block.SCMBlockDeletingService (SCMBlockDeletingService.java:call(131)) - Running DeletedBlockTransactionScanner
2022-10-11 12:51:12,600 [SCMBlockDeletingService#0] DEBUG block.SCMBlockDeletingService (SCMBlockDeletingService.java:call(131)) - Running DeletedBlockTransactionScanner
2022-10-11 12:51:12,701 [SCMBlockDeletingService#0] DEBUG block.SCMBlockDeletingService (SCMBlockDeletingService.java:call(131)) - Running DeletedBlockTransactionScanner
2022-10-11 12:51:12,741 [IPC Server handler 19 on default port 36429] INFO  pipeline.PipelineStateManagerImpl (PipelineStateManagerImpl.java:addPipeline(103)) - Created pipeline Pipeline[ Id: d4812542-b01c-4a77-85b6-a3664e569b32, Nodes: 9e941ce3-1318-4d07-a6ad-837cafbdd6f8{ip: 10.1.1.98, host: fv-az570-546.srgqcr2moziuvm0qev4lajleyh.dx.internal.cloudapp.net, ports: [REPLICATION=39047, RATIS=33735, RATIS_ADMIN=33735, RATIS_SERVER=33735, STANDALONE=41477], networkLocation: /default-rack, certSerialId: null, persistedOpState: null, persistedOpStateExpiryEpochSec: 0}0edcf6db-22cd-4c8c-bdc6-3c11ab3ecd15{ip: 10.1.1.98, host: fv-az570-546.srgqcr2moziuvm0qev4lajleyh.dx.internal.cloudapp.net, ports: [REPLICATION=44577, RATIS=42307, RATIS_ADMIN=42307, RATIS_SERVER=42307, STANDALONE=44357], networkLocation: /default-rack, certSerialId: null, persistedOpState: null, persistedOpStateExpiryEpochSec: 0}8873ba3e-7da4-46f7-b1d3-8a39f1a1c208{ip: 10.1.1.98, host: fv-az570-546.srgqcr2moziuvm0qev4lajleyh.dx.internal.cloudapp.net, ports: [REPLICATION=39189, RATIS=41043, RATIS_ADMIN=41043, RATIS_SERVER=41043, STANDALONE=41019], networkLocation: /default-rack, certSerialId: null, persistedOpState: null, persistedOpStateExpiryEpochSec: 0}, ReplicationConfig: EC/ECReplicationConfig{data=2, parity=1, ecChunkSize=262144, codec=rs}, State:ALLOCATED, leaderId:, CreationTimestamp2022-10-11T12:51:12.740Z[Etc/UTC]].
2022-10-11 12:51:12,742 [IPC Server handler 19 on default port 36429] INFO  pipeline.PipelineManagerImpl (PipelineManagerImpl.java:openPipeline(367)) - Pipeline Pipeline[ Id: d4812542-b01c-4a77-85b6-a3664e569b32, Nodes: 9e941ce3-1318-4d07-a6ad-837cafbdd6f8{ip: 10.1.1.98, host: fv-az570-546.srgqcr2moziuvm0qev4lajleyh.dx.internal.cloudapp.net, ports: [REPLICATION=39047, RATIS=33735, RATIS_ADMIN=33735, RATIS_SERVER=33735, STANDALONE=41477], networkLocation: /default-rack, certSerialId: null, persistedOpState: null, persistedOpStateExpiryEpochSec: 0}0edcf6db-22cd-4c8c-bdc6-3c11ab3ecd15{ip: 10.1.1.98, host: fv-az570-546.srgqcr2moziuvm0qev4lajleyh.dx.internal.cloudapp.net, ports: [REPLICATION=44577, RATIS=42307, RATIS_ADMIN=42307, RATIS_SERVER=42307, STANDALONE=44357], networkLocation: /default-rack, certSerialId: null, persistedOpState: null, persistedOpStateExpiryEpochSec: 0}8873ba3e-7da4-46f7-b1d3-8a39f1a1c208{ip: 10.1.1.98, host: fv-az570-546.srgqcr2moziuvm0qev4lajleyh.dx.internal.cloudapp.net, ports: [REPLICATION=39189, RATIS=41043, RATIS_ADMIN=41043, RATIS_SERVER=41043, STANDALONE=41019], networkLocation: /default-rack, certSerialId: null, persistedOpState: null, persistedOpStateExpiryEpochSec: 0}, ReplicationConfig: EC/ECReplicationConfig{data=2, parity=1, ecChunkSize=262144, codec=rs}, State:ALLOCATED, leaderId:, CreationTimestamp2022-10-11T12:51:12.740Z[Etc/UTC]] moved to OPEN state
2022-10-11 12:51:12,801 [SCMBlockDeletingService#0] DEBUG block.SCMBlockDeletingService (SCMBlockDeletingService.java:call(131)) - Running DeletedBlockTransactionScanner
2022-10-11 12:51:12,901 [SCMBlockDeletingService#0] DEBUG block.SCMBlockDeletingService (SCMBlockDeletingService.java:call(131)) - Running DeletedBlockTransactionScanner
2022-10-11 12:51:13,002 [SCMBlockDeletingService#0] DEBUG block.SCMBlockDeletingService (SCMBlockDeletingService.java:call(131)) - Running DeletedBlockTransactionScanner
2022-10-11 12:51:13,102 [SCMBlockDeletingService#0] DEBUG block.SCMBlockDeletingService (SCMBlockDeletingService.java:call(131)) - Running DeletedBlockTransactionScanner
2022-10-11 12:51:13,202 [SCMBlockDeletingService#0] DEBUG block.SCMBlockDeletingService (SCMBlockDeletingService.java:call(131)) - Running DeletedBlockTransactionScanner
2022-10-11 12:51:13,233 [IPC Server handler 12 on default port 36429] INFO  ha.SequenceIdGenerator (SequenceIdGenerator.java:getNextId(128)) - Allocate a batch for delTxnId, change lastId from 0 to 1000.
2022-10-11 12:51:13,302 [SCMBlockDeletingService#0] DEBUG block.SCMBlockDeletingService (SCMBlockDeletingService.java:call(131)) - Running DeletedBlockTransactionScanner
2022-10-11 12:51:13,402 [SCMBlockDeletingService#0] DEBUG block.SCMBlockDeletingService (SCMBlockDeletingService.java:call(131)) - Running DeletedBlockTransactionScanner
2022-10-11 12:51:13,502 [SCMBlockDeletingService#0] DEBUG block.SCMBlockDeletingService (SCMBlockDeletingService.java:call(131)) - Running DeletedBlockTransactionScanner
2022-10-11 12:51:13,603 [SCMBlockDeletingService#0] DEBUG block.SCMBlockDeletingService (SCMBlockDeletingService.java:call(131)) - Running DeletedBlockTransactionScanner
2022-10-11 12:51:13,703 [SCMBlockDeletingService#0] DEBUG block.SCMBlockDeletingService (SCMBlockDeletingService.java:call(131)) - Running DeletedBlockTransactionScanner
2022-10-11 12:51:13,803 [SCMBlockDeletingService#0] DEBUG block.SCMBlockDeletingService (SCMBlockDeletingService.java:call(131)) - Running DeletedBlockTransactionScanner
2022-10-11 12:51:13,903 [SCMBlockDeletingService#0] DEBUG block.SCMBlockDeletingService (SCMBlockDeletingService.java:call(131)) - Running DeletedBlockTransactionScanner
2022-10-11 12:51:14,003 [SCMBlockDeletingService#0] DEBUG block.SCMBlockDeletingService (SCMBlockDeletingService.java:call(131)) - Running DeletedBlockTransactionScanner
2022-10-11 12:51:14,103 [SCMBlockDeletingService#0] DEBUG block.SCMBlockDeletingService (SCMBlockDeletingService.java:call(131)) - Running DeletedBlockTransactionScanner
2022-10-11 12:51:14,203 [SCMBlockDeletingService#0] DEBUG block.SCMBlockDeletingService (SCMBlockDeletingService.java:call(131)) - Running DeletedBlockTransactionScanner
2022-10-11 12:51:14,303 [SCMBlockDeletingService#0] DEBUG block.SCMBlockDeletingService (SCMBlockDeletingService.java:call(131)) - Running DeletedBlockTransactionScanner
2022-10-11 12:51:14,403 [SCMBlockDeletingService#0] DEBUG block.SCMBlockDeletingService (SCMBlockDeletingService.java:call(131)) - Running DeletedBlockTransactionScanner
2022-10-11 12:51:14,504 [SCMBlockDeletingService#0] DEBUG block.SCMBlockDeletingService (SCMBlockDeletingService.java:call(131)) - Running DeletedBlockTransactionScanner
2022-10-11 12:51:14,604 [SCMBlockDeletingService#0] DEBUG block.SCMBlockDeletingService (SCMBlockDeletingService.java:call(131)) - Running DeletedBlockTransactionScanner
2022-10-11 12:51:14,704 [SCMBlockDeletingService#0] DEBUG block.SCMBlockDeletingService (SCMBlockDeletingService.java:call(131)) - Running DeletedBlockTransactionScanner
2022-10-11 12:51:14,804 [SCMBlockDeletingService#0] DEBUG block.SCMBlockDeletingService (SCMBlockDeletingService.java:call(131)) - Running DeletedBlockTransactionScanner
2022-10-11 12:51:14,904 [SCMBlockDeletingService#0] DEBUG block.SCMBlockDeletingService (SCMBlockDeletingService.java:call(131)) - Running DeletedBlockTransactionScanner
2022-10-11 12:51:15,004 [SCMBlockDeletingService#0] DEBUG block.SCMBlockDeletingService (SCMBlockDeletingService.java:call(131)) - Running DeletedBlockTransactionScanner
2022-10-11 12:51:15,104 [SCMBlockDeletingService#0] DEBUG block.SCMBlockDeletingService (SCMBlockDeletingService.java:call(131)) - Running DeletedBlockTransactionScanner
2022-10-11 12:51:15,204 [SCMBlockDeletingService#0] DEBUG block.SCMBlockDeletingService (SCMBlockDeletingService.java:call(131)) - Running DeletedBlockTransactionScanner
2022-10-11 12:51:15,305 [SCMBlockDeletingService#0] DEBUG block.SCMBlockDeletingService (SCMBlockDeletingService.java:call(131)) - Running DeletedBlockTransactionScanner
2022-10-11 12:51:15,405 [SCMBlockDeletingService#0] DEBUG block.SCMBlockDeletingService (SCMBlockDeletingService.java:call(131)) - Running DeletedBlockTransactionScanner
2022-10-11 12:51:15,505 [SCMBlockDeletingService#0] DEBUG block.SCMBlockDeletingService (SCMBlockDeletingService.java:call(131)) - Running DeletedBlockTransactionScanner
2022-10-11 12:51:15,605 [SCMBlockDeletingService#0] DEBUG block.SCMBlockDeletingService (SCMBlockDeletingService.java:call(131)) - Running DeletedBlockTransactionScanner
2022-10-11 12:51:15,705 [SCMBlockDeletingService#0] DEBUG block.SCMBlockDeletingService (SCMBlockDeletingService.java:call(131)) - Running DeletedBlockTransactionScanner
2022-10-11 12:51:15,805 [SCMBlockDeletingService#0] DEBUG block.SCMBlockDeletingService (SCMBlockDeletingService.java:call(131)) - Running DeletedBlockTransactionScanner
2022-10-11 12:51:15,905 [SCMBlockDeletingService#0] DEBUG block.SCMBlockDeletingService (SCMBlockDeletingService.java:call(131)) - Running DeletedBlockTransactionScanner
2022-10-11 12:51:16,005 [SCMBlockDeletingService#0] DEBUG block.SCMBlockDeletingService (SCMBlockDeletingService.java:call(131)) - Running DeletedBlockTransactionScanner
2022-10-11 12:51:16,105 [SCMBlockDeletingService#0] DEBUG block.SCMBlockDeletingService (SCMBlockDeletingService.java:call(131)) - Running DeletedBlockTransactionScanner
2022-10-11 12:51:16,205 [SCMBlockDeletingService#0] DEBUG block.SCMBlockDeletingService (SCMBlockDeletingService.java:call(131)) - Running DeletedBlockTransactionScanner
2022-10-11 12:51:16,306 [SCMBlockDeletingService#0] DEBUG block.SCMBlockDeletingService (SCMBlockDeletingService.java:call(131)) - Running DeletedBlockTransactionScanner
2022-10-11 12:51:16,406 [SCMBlockDeletingService#0] DEBUG block.SCMBlockDeletingService (SCMBlockDeletingService.java:call(131)) - Running DeletedBlockTransactionScanner
2022-10-11 12:51:16,506 [SCMBlockDeletingService#0] DEBUG block.SCMBlockDeletingService (SCMBlockDeletingService.java:call(131)) - Running DeletedBlockTransactionScanner
2022-10-11 12:51:16,606 [SCMBlockDeletingService#0] DEBUG block.SCMBlockDeletingService (SCMBlockDeletingService.java:call(131)) - Running DeletedBlockTransactionScanner
2022-10-11 12:51:16,706 [SCMBlockDeletingService#0] DEBUG block.SCMBlockDeletingService (SCMBlockDeletingService.java:call(131)) - Running DeletedBlockTransactionScanner
2022-10-11 12:51:16,806 [SCMBlockDeletingService#0] DEBUG block.SCMBlockDeletingService (SCMBlockDeletingService.java:call(131)) - Running DeletedBlockTransactionScanner
2022-10-11 12:51:16,906 [SCMBlockDeletingService#0] DEBUG block.SCMBlockDeletingService (SCMBlockDeletingService.java:call(131)) - Running DeletedBlockTransactionScanner
2022-10-11 12:51:17,006 [SCMBlockDeletingService#0] DEBUG block.SCMBlockDeletingService (SCMBlockDeletingService.java:call(131)) - Running DeletedBlockTransactionScanner
2022-10-11 12:51:17,107 [SCMBlockDeletingService#0] DEBUG block.SCMBlockDeletingService (SCMBlockDeletingService.java:call(131)) - Running DeletedBlockTransactionScanner
2022-10-11 12:51:17,207 [SCMBlockDeletingService#0] DEBUG block.SCMBlockDeletingService (SCMBlockDeletingService.java:call(131)) - Running DeletedBlockTransactionScanner
2022-10-11 12:51:17,307 [SCMBlockDeletingService#0] DEBUG block.SCMBlockDeletingService (SCMBlockDeletingService.java:call(131)) - Running DeletedBlockTransactionScanner
2022-10-11 12:51:17,407 [SCMBlockDeletingService#0] DEBUG block.SCMBlockDeletingService (SCMBlockDeletingService.java:call(131)) - Running DeletedBlockTransactionScanner
2022-10-11 12:51:17,507 [SCMBlockDeletingService#0] DEBUG block.SCMBlockDeletingService (SCMBlockDeletingService.java:call(131)) - Running DeletedBlockTransactionScanner
2022-10-11 12:51:17,607 [SCMBlockDeletingService#0] DEBUG block.SCMBlockDeletingService (SCMBlockDeletingService.java:call(131)) - Running DeletedBlockTransactionScanner
2022-10-11 12:51:17,707 [SCMBlockDeletingService#0] DEBUG block.SCMBlockDeletingService (SCMBlockDeletingService.java:call(131)) - Running DeletedBlockTransactionScanner
2022-10-11 12:51:17,807 [SCMBlockDeletingService#0] DEBUG block.SCMBlockDeletingService (SCMBlockDeletingService.java:call(131)) - Running DeletedBlockTransactionScanner
2022-10-11 12:51:17,907 [SCMBlockDeletingService#0] DEBUG block.SCMBlockDeletingService (SCMBlockDeletingService.java:call(131)) - Running DeletedBlockTransactionScanner
2022-10-11 12:51:18,008 [SCMBlockDeletingService#0] DEBUG block.SCMBlockDeletingService (SCMBlockDeletingService.java:call(131)) - Running DeletedBlockTransactionScanner
2022-10-11 12:51:18,108 [SCMBlockDeletingService#0] DEBUG block.SCMBlockDeletingService (SCMBlockDeletingService.java:call(131)) - Running DeletedBlockTransactionScanner
2022-10-11 12:51:18,156 [EventQueue-CloseContainerForCloseContainerEventHandler] INFO  container.CloseContainerEventHandler (CloseContainerEventHandler.java:onMessage(71)) - Close container Event triggered for container : #1
2022-10-11 12:51:18,157 [EventQueue-CloseContainerForCloseContainerEventHandler] INFO  container.CloseContainerEventHandler (CloseContainerEventHandler.java:onMessage(71)) - Close container Event triggered for container : #2
2022-10-11 12:51:18,159 [EventQueue-CloseContainerForCloseContainerEventHandler] INFO  container.CloseContainerEventHandler (CloseContainerEventHandler.java:onMessage(71)) - Close container Event triggered for container : #3
2022-10-11 12:51:18,208 [SCMBlockDeletingService#0] DEBUG block.SCMBlockDeletingService (SCMBlockDeletingService.java:call(131)) - Running DeletedBlockTransactionScanner
2022-10-11 12:51:18,308 [SCMBlockDeletingService#0] DEBUG block.SCMBlockDeletingService (SCMBlockDeletingService.java:call(131)) - Running DeletedBlockTransactionScanner
2022-10-11 12:51:18,408 [SCMBlockDeletingService#0] DEBUG block.SCMBlockDeletingService (SCMBlockDeletingService.java:call(131)) - Running DeletedBlockTransactionScanner
2022-10-11 12:51:18,446 [Command processor thread] INFO  keyvalue.KeyValueContainer (KeyValueContainer.java:flushAndSyncDB(436)) - Container 1 is synced with bcsId 0.
2022-10-11 12:51:18,446 [Command processor thread] INFO  keyvalue.KeyValueContainer (KeyValueContainer.java:flushAndSyncDB(436)) - Container 1 is synced with bcsId 0.
2022-10-11 12:51:18,448 [Command processor thread] INFO  keyvalue.KeyValueContainer (KeyValueContainer.java:close(351)) - Container 1 is closed with bcsId 0.
2022-10-11 12:51:18,449 [FixedThreadPoolWithAffinityExecutor-0-0] INFO  container.IncrementalContainerReportHandler (AbstractContainerReportHandler.java:updateContainerState(292)) - Moving container #1 to CLOSED state, datanode 0edcf6db-22cd-4c8c-bdc6-3c11ab3ecd15{ip: 10.1.1.98, host: fv-az570-546.srgqcr2moziuvm0qev4lajleyh.dx.internal.cloudapp.net, ports: [REPLICATION=44577, RATIS=42307, RATIS_ADMIN=42307, RATIS_SERVER=42307, STANDALONE=44357], networkLocation: /default-rack, certSerialId: null, persistedOpState: IN_SERVICE, persistedOpStateExpiryEpochSec: 0} reported CLOSED replica.
2022-10-11 12:51:18,453 [Command processor thread] INFO  keyvalue.KeyValueContainer (KeyValueContainer.java:flushAndSyncDB(436)) - Container 2 is synced with bcsId 0.
2022-10-11 12:51:18,453 [Command processor thread] INFO  keyvalue.KeyValueContainer (KeyValueContainer.java:flushAndSyncDB(436)) - Container 2 is synced with bcsId 0.
2022-10-11 12:51:18,455 [Command processor thread] INFO  keyvalue.KeyValueContainer (KeyValueContainer.java:close(351)) - Container 2 is closed with bcsId 0.
2022-10-11 12:51:18,456 [FixedThreadPoolWithAffinityExecutor-8-0] INFO  container.IncrementalContainerReportHandler (AbstractContainerReportHandler.java:updateContainerState(292)) - Moving container #2 to CLOSED state, datanode 0edcf6db-22cd-4c8c-bdc6-3c11ab3ecd15{ip: 10.1.1.98, host: fv-az570-546.srgqcr2moziuvm0qev4lajleyh.dx.internal.cloudapp.net, ports: [REPLICATION=44577, RATIS=42307, RATIS_ADMIN=42307, RATIS_SERVER=42307, STANDALONE=44357], networkLocation: /default-rack, certSerialId: null, persistedOpState: IN_SERVICE, persistedOpStateExpiryEpochSec: 0} reported CLOSED replica.
2022-10-11 12:51:18,464 [Command processor thread] INFO  keyvalue.KeyValueContainer (KeyValueContainer.java:flushAndSyncDB(436)) - Container 3 is synced with bcsId 0.
2022-10-11 12:51:18,464 [Command processor thread] INFO  keyvalue.KeyValueContainer (KeyValueContainer.java:flushAndSyncDB(436)) - Container 3 is synced with bcsId 0.
2022-10-11 12:51:18,466 [Command processor thread] INFO  keyvalue.KeyValueContainer (KeyValueContainer.java:close(351)) - Container 3 is closed with bcsId 0.
2022-10-11 12:51:18,467 [FixedThreadPoolWithAffinityExecutor-8-0] INFO  container.IncrementalContainerReportHandler (AbstractContainerReportHandler.java:updateContainerState(292)) - Moving container #3 to CLOSED state, datanode 0edcf6db-22cd-4c8c-bdc6-3c11ab3ecd15{ip: 10.1.1.98, host: fv-az570-546.srgqcr2moziuvm0qev4lajleyh.dx.internal.cloudapp.net, ports: [REPLICATION=44577, RATIS=42307, RATIS_ADMIN=42307, RATIS_SERVER=42307, STANDALONE=44357], networkLocation: /default-rack, certSerialId: null, persistedOpState: IN_SERVICE, persistedOpStateExpiryEpochSec: 0} reported CLOSED replica.
2022-10-11 12:51:18,508 [SCMBlockDeletingService#0] DEBUG block.SCMBlockDeletingService (SCMBlockDeletingService.java:call(131)) - Running DeletedBlockTransactionScanner
2022-10-11 12:51:18,508 [SCMBlockDeletingService#0] DEBUG block.SCMBlockDeletingService (DatanodeDeletedBlockTransactions.java:addTransactionToDN(50)) - Transaction added: 9e941ce3-1318-4d07-a6ad-837cafbdd6f8 <- TX(1)
2022-10-11 12:51:18,509 [SCMBlockDeletingService#0] DEBUG block.SCMBlockDeletingService (DatanodeDeletedBlockTransactions.java:addTransactionToDN(50)) - Transaction added: 0edcf6db-22cd-4c8c-bdc6-3c11ab3ecd15 <- TX(1)
2022-10-11 12:51:18,509 [SCMBlockDeletingService#0] DEBUG block.SCMBlockDeletingService (DatanodeDeletedBlockTransactions.java:addTransactionToDN(50)) - Transaction added: 8873ba3e-7da4-46f7-b1d3-8a39f1a1c208 <- TX(1)
2022-10-11 12:51:18,509 [SCMBlockDeletingService#0] DEBUG block.SCMBlockDeletingService (DatanodeDeletedBlockTransactions.java:addTransactionToDN(50)) - Transaction added: 0edcf6db-22cd-4c8c-bdc6-3c11ab3ecd15 <- TX(2)
2022-10-11 12:51:18,509 [SCMBlockDeletingService#0] DEBUG block.SCMBlockDeletingService (DatanodeDeletedBlockTransactions.java:addTransactionToDN(50)) - Transaction added: 9e941ce3-1318-4d07-a6ad-837cafbdd6f8 <- TX(2)
2022-10-11 12:51:18,509 [SCMBlockDeletingService#0] DEBUG block.SCMBlockDeletingService (DatanodeDeletedBlockTransactions.java:addTransactionToDN(50)) - Transaction added: 8873ba3e-7da4-46f7-b1d3-8a39f1a1c208 <- TX(2)
2022-10-11 12:51:18,509 [SCMBlockDeletingService#0] DEBUG block.SCMBlockDeletingService (DatanodeDeletedBlockTransactions.java:addTransactionToDN(50)) - Transaction added: 0edcf6db-22cd-4c8c-bdc6-3c11ab3ecd15 <- TX(3)
2022-10-11 12:51:18,509 [SCMBlockDeletingService#0] DEBUG block.SCMBlockDeletingService (DatanodeDeletedBlockTransactions.java:addTransactionToDN(50)) - Transaction added: 8873ba3e-7da4-46f7-b1d3-8a39f1a1c208 <- TX(3)
2022-10-11 12:51:18,509 [SCMBlockDeletingService#0] DEBUG block.SCMBlockDeletingService (DatanodeDeletedBlockTransactions.java:addTransactionToDN(50)) - Transaction added: 9e941ce3-1318-4d07-a6ad-837cafbdd6f8 <- TX(3)
2022-10-11 12:51:18,509 [SCMBlockDeletingService#0] DEBUG block.SCMBlockDeletingService (SCMBlockDeletingService.java:call(162)) - Added delete block command for datanode 0edcf6db-22cd-4c8c-bdc6-3c11ab3ecd15 in the queue, number of delete block transactions: 3
2022-10-11 12:51:18,509 [SCMBlockDeletingService#0] DEBUG block.SCMBlockDeletingService (SCMBlockDeletingService.java:call(162)) - Added delete block command for datanode 9e941ce3-1318-4d07-a6ad-837cafbdd6f8 in the queue, number of delete block transactions: 3
2022-10-11 12:51:18,509 [SCMBlockDeletingService#0] DEBUG block.SCMBlockDeletingService (SCMBlockDeletingService.java:call(162)) - Added delete block command for datanode 8873ba3e-7da4-46f7-b1d3-8a39f1a1c208 in the queue, number of delete block transactions: 3
2022-10-11 12:51:18,509 [SCMBlockDeletingService#0] INFO  block.SCMBlockDeletingService (SCMBlockDeletingService.java:call(172)) - Totally added 9 blocks to be deleted for 3 datanodes, task elapsed time: 1ms
2022-10-11 12:51:18,608 [SCMBlockDeletingService#0] DEBUG block.SCMBlockDeletingService (SCMBlockDeletingService.java:call(131)) - Running DeletedBlockTransactionScanner
2022-10-11 12:51:18,609 [SCMBlockDeletingService#0] DEBUG block.SCMBlockDeletingService (DatanodeDeletedBlockTransactions.java:addTransactionToDN(50)) - Transaction added: 9e941ce3-1318-4d07-a6ad-837cafbdd6f8 <- TX(1)
2022-10-11 12:51:18,609 [SCMBlockDeletingService#0] DEBUG block.SCMBlockDeletingService (DatanodeDeletedBlockTransactions.java:addTransactionToDN(50)) - Transaction added: 0edcf6db-22cd-4c8c-bdc6-3c11ab3ecd15 <- TX(1)
2022-10-11 12:51:18,609 [SCMBlockDeletingService#0] DEBUG block.SCMBlockDeletingService (DatanodeDeletedBlockTransactions.java:addTransactionToDN(50)) - Transaction added: 8873ba3e-7da4-46f7-b1d3-8a39f1a1c208 <- TX(1)
2022-10-11 12:51:18,609 [SCMBlockDeletingService#0] DEBUG block.SCMBlockDeletingService (DatanodeDeletedBlockTransactions.java:addTransactionToDN(50)) - Transaction added: 0edcf6db-22cd-4c8c-bdc6-3c11ab3ecd15 <- TX(2)
2022-10-11 12:51:18,609 [SCMBlockDeletingService#0] DEBUG block.SCMBlockDeletingService (DatanodeDeletedBlockTransactions.java:addTransactionToDN(50)) - Transaction added: 9e941ce3-1318-4d07-a6ad-837cafbdd6f8 <- TX(2)
2022-10-11 12:51:18,609 [SCMBlockDeletingService#0] DEBUG block.SCMBlockDeletingService (DatanodeDeletedBlockTransactions.java:addTransactionToDN(50)) - Transaction added: 8873ba3e-7da4-46f7-b1d3-8a39f1a1c208 <- TX(2)
2022-10-11 12:51:18,609 [SCMBlockDeletingService#0] DEBUG block.SCMBlockDeletingService (DatanodeDeletedBlockTransactions.java:addTransactionToDN(50)) - Transaction added: 0edcf6db-22cd-4c8c-bdc6-3c11ab3ecd15 <- TX(3)
2022-10-11 12:51:18,609 [SCMBlockDeletingService#0] DEBUG block.SCMBlockDeletingService (DatanodeDeletedBlockTransactions.java:addTransactionToDN(50)) - Transaction added: 8873ba3e-7da4-46f7-b1d3-8a39f1a1c208 <- TX(3)
2022-10-11 12:51:18,609 [SCMBlockDeletingService#0] DEBUG block.SCMBlockDeletingService (DatanodeDeletedBlockTransactions.java:addTransactionToDN(50)) - Transaction added: 9e941ce3-1318-4d07-a6ad-837cafbdd6f8 <- TX(3)
2022-10-11 12:51:18,609 [SCMBlockDeletingService#0] DEBUG block.SCMBlockDeletingService (SCMBlockDeletingService.java:call(162)) - Added delete block command for datanode 0edcf6db-22cd-4c8c-bdc6-3c11ab3ecd15 in the queue, number of delete block transactions: 3
2022-10-11 12:51:18,609 [SCMBlockDeletingService#0] DEBUG block.SCMBlockDeletingService (SCMBlockDeletingService.java:call(162)) - Added delete block command for datanode 9e941ce3-1318-4d07-a6ad-837cafbdd6f8 in the queue, number of delete block transactions: 3
2022-10-11 12:51:18,609 [SCMBlockDeletingService#0] DEBUG block.SCMBlockDeletingService (SCMBlockDeletingService.java:call(162)) - Added delete block command for datanode 8873ba3e-7da4-46f7-b1d3-8a39f1a1c208 in the queue, number of delete block transactions: 3
2022-10-11 12:51:18,609 [SCMBlockDeletingService#0] INFO  block.SCMBlockDeletingService (SCMBlockDeletingService.java:call(172)) - Totally added 9 blocks to be deleted for 3 datanodes, task elapsed time: 1ms
2022-10-11 12:51:18,708 [SCMBlockDeletingService#0] DEBUG block.SCMBlockDeletingService (SCMBlockDeletingService.java:call(131)) - Running DeletedBlockTransactionScanner
2022-10-11 12:51:18,709 [SCMBlockDeletingService#0] DEBUG block.SCMBlockDeletingService (DatanodeDeletedBlockTransactions.java:addTransactionToDN(50)) - Transaction added: 9e941ce3-1318-4d07-a6ad-837cafbdd6f8 <- TX(1)
2022-10-11 12:51:18,709 [SCMBlockDeletingService#0] DEBUG block.SCMBlockDeletingService (DatanodeDeletedBlockTransactions.java:addTransactionToDN(50)) - Transaction added: 8873ba3e-7da4-46f7-b1d3-8a39f1a1c208 <- TX(1)
2022-10-11 12:51:18,709 [SCMBlockDeletingService#0] DEBUG block.SCMBlockDeletingService (DatanodeDeletedBlockTransactions.java:addTransactionToDN(50)) - Transaction added: 0edcf6db-22cd-4c8c-bdc6-3c11ab3ecd15 <- TX(1)
2022-10-11 12:51:18,709 [SCMBlockDeletingService#0] DEBUG block.SCMBlockDeletingService (DatanodeDeletedBlockTransactions.java:addTransactionToDN(50)) - Transaction added: 0edcf6db-22cd-4c8c-bdc6-3c11ab3ecd15 <- TX(2)
2022-10-11 12:51:18,709 [SCMBlockDeletingService#0] DEBUG block.SCMBlockDeletingService (DatanodeDeletedBlockTransactions.java:addTransactionToDN(50)) - Transaction added: 9e941ce3-1318-4d07-a6ad-837cafbdd6f8 <- TX(2)
2022-10-11 12:51:18,709 [SCMBlockDeletingService#0] DEBUG block.SCMBlockDeletingService (DatanodeDeletedBlockTransactions.java:addTransactionToDN(50)) - Transaction added: 8873ba3e-7da4-46f7-b1d3-8a39f1a1c208 <- TX(2)
2022-10-11 12:51:18,709 [SCMBlockDeletingService#0] DEBUG block.SCMBlockDeletingService (DatanodeDeletedBlockTransactions.java:addTransactionToDN(50)) - Transaction added: 0edcf6db-22cd-4c8c-bdc6-3c11ab3ecd15 <- TX(3)
2022-10-11 12:51:18,709 [SCMBlockDeletingService#0] DEBUG block.SCMBlockDeletingService (DatanodeDeletedBlockTransactions.java:addTransactionToDN(50)) - Transaction added: 8873ba3e-7da4-46f7-b1d3-8a39f1a1c208 <- TX(3)
2022-10-11 12:51:18,709 [SCMBlockDeletingService#0] DEBUG block.SCMBlockDeletingService (DatanodeDeletedBlockTransactions.java:addTransactionToDN(50)) - Transaction added: 9e941ce3-1318-4d07-a6ad-837cafbdd6f8 <- TX(3)
2022-10-11 12:51:18,709 [SCMBlockDeletingService#0] DEBUG block.SCMBlockDeletingService (SCMBlockDeletingService.java:call(162)) - Added delete block command for datanode 0edcf6db-22cd-4c8c-bdc6-3c11ab3ecd15 in the queue, number of delete block transactions: 3
2022-10-11 12:51:18,709 [SCMBlockDeletingService#0] DEBUG block.SCMBlockDeletingService (SCMBlockDeletingService.java:call(162)) - Added delete block command for datanode 9e941ce3-1318-4d07-a6ad-837cafbdd6f8 in the queue, number of delete block transactions: 3
2022-10-11 12:51:18,709 [SCMBlockDeletingService#0] DEBUG block.SCMBlockDeletingService (SCMBlockDeletingService.java:call(162)) - Added delete block command for datanode 8873ba3e-7da4-46f7-b1d3-8a39f1a1c208 in the queue, number of delete block transactions: 3
2022-10-11 12:51:18,709 [SCMBlockDeletingService#0] INFO  block.SCMBlockDeletingService (SCMBlockDeletingService.java:call(172)) - Totally added 9 blocks to be deleted for 3 datanodes, task elapsed time: 1ms
2022-10-11 12:51:18,808 [SCMBlockDeletingService#0] DEBUG block.SCMBlockDeletingService (SCMBlockDeletingService.java:call(131)) - Running DeletedBlockTransactionScanner
2022-10-11 12:51:18,809 [SCMBlockDeletingService#0] DEBUG block.SCMBlockDeletingService (DatanodeDeletedBlockTransactions.java:addTransactionToDN(50)) - Transaction added: 9e941ce3-1318-4d07-a6ad-837cafbdd6f8 <- TX(1)
2022-10-11 12:51:18,809 [SCMBlockDeletingService#0] DEBUG block.SCMBlockDeletingService (DatanodeDeletedBlockTransactions.java:addTransactionToDN(50)) - Transaction added: 8873ba3e-7da4-46f7-b1d3-8a39f1a1c208 <- TX(1)
2022-10-11 12:51:18,809 [SCMBlockDeletingService#0] DEBUG block.SCMBlockDeletingService (DatanodeDeletedBlockTransactions.java:addTransactionToDN(50)) - Transaction added: 0edcf6db-22cd-4c8c-bdc6-3c11ab3ecd15 <- TX(1)
2022-10-11 12:51:18,809 [SCMBlockDeletingService#0] DEBUG block.SCMBlockDeletingService (DatanodeDeletedBlockTransactions.java:addTransactionToDN(50)) - Transaction added: 0edcf6db-22cd-4c8c-bdc6-3c11ab3ecd15 <- TX(2)
2022-10-11 12:51:18,809 [SCMBlockDeletingService#0] DEBUG block.SCMBlockDeletingService (DatanodeDeletedBlockTransactions.java:addTransactionToDN(50)) - Transaction added: 9e941ce3-1318-4d07-a6ad-837cafbdd6f8 <- TX(2)
2022-10-11 12:51:18,809 [SCMBlockDeletingService#0] DEBUG block.SCMBlockDeletingService (DatanodeDeletedBlockTransactions.java:addTransactionToDN(50)) - Transaction added: 8873ba3e-7da4-46f7-b1d3-8a39f1a1c208 <- TX(2)
2022-10-11 12:51:18,809 [SCMBlockDeletingService#0] DEBUG block.SCMBlockDeletingService (DatanodeDeletedBlockTransactions.java:addTransactionToDN(50)) - Transaction added: 0edcf6db-22cd-4c8c-bdc6-3c11ab3ecd15 <- TX(3)
2022-10-11 12:51:18,809 [SCMBlockDeletingService#0] DEBUG block.SCMBlockDeletingService (DatanodeDeletedBlockTransactions.java:addTransactionToDN(50)) - Transaction added: 8873ba3e-7da4-46f7-b1d3-8a39f1a1c208 <- TX(3)
2022-10-11 12:51:18,809 [SCMBlockDeletingService#0] DEBUG block.SCMBlockDeletingService (DatanodeDeletedBlockTransactions.java:addTransactionToDN(50)) - Transaction added: 9e941ce3-1318-4d07-a6ad-837cafbdd6f8 <- TX(3)
2022-10-11 12:51:18,810 [SCMBlockDeletingService#0] DEBUG block.SCMBlockDeletingService (SCMBlockDeletingService.java:call(162)) - Added delete block command for datanode 0edcf6db-22cd-4c8c-bdc6-3c11ab3ecd15 in the queue, number of delete block transactions: 3
2022-10-11 12:51:18,810 [SCMBlockDeletingService#0] DEBUG block.SCMBlockDeletingService (SCMBlockDeletingService.java:call(162)) - Added delete block command for datanode 9e941ce3-1318-4d07-a6ad-837cafbdd6f8 in the queue, number of delete block transactions: 3
2022-10-11 12:51:18,810 [SCMBlockDeletingService#0] DEBUG block.SCMBlockDeletingService (SCMBlockDeletingService.java:call(162)) - Added delete block command for datanode 8873ba3e-7da4-46f7-b1d3-8a39f1a1c208 in the queue, number of delete block transactions: 3
2022-10-11 12:51:18,810 [SCMBlockDeletingService#0] INFO  block.SCMBlockDeletingService (SCMBlockDeletingService.java:call(172)) - Totally added 9 blocks to be deleted for 3 datanodes, task elapsed time: 1ms
2022-10-11 12:51:18,845 [Command processor thread] INFO  keyvalue.KeyValueContainer (KeyValueContainer.java:flushAndSyncDB(436)) - Container 1 is synced with bcsId 0.
2022-10-11 12:51:18,848 [Command processor thread] INFO  keyvalue.KeyValueContainer (KeyValueContainer.java:flushAndSyncDB(436)) - Container 1 is synced with bcsId 0.
2022-10-11 12:51:18,850 [Command processor thread] INFO  keyvalue.KeyValueContainer (KeyValueContainer.java:close(351)) - Container 1 is closed with bcsId 0.
2022-10-11 12:51:18,855 [Command processor thread] INFO  keyvalue.KeyValueContainer (KeyValueContainer.java:flushAndSyncDB(436)) - Container 2 is synced with bcsId 0.
2022-10-11 12:51:18,855 [Command processor thread] INFO  keyvalue.KeyValueContainer (KeyValueContainer.java:flushAndSyncDB(436)) - Container 2 is synced with bcsId 0.
2022-10-11 12:51:18,857 [Command processor thread] INFO  keyvalue.KeyValueContainer (KeyValueContainer.java:close(351)) - Container 2 is closed with bcsId 0.
2022-10-11 12:51:18,863 [Command processor thread] INFO  keyvalue.KeyValueContainer (KeyValueContainer.java:flushAndSyncDB(436)) - Container 3 is synced with bcsId 0.
2022-10-11 12:51:18,863 [Command processor thread] INFO  keyvalue.KeyValueContainer (KeyValueContainer.java:flushAndSyncDB(436)) - Container 3 is synced with bcsId 0.
2022-10-11 12:51:18,866 [Command processor thread] INFO  keyvalue.KeyValueContainer (KeyValueContainer.java:close(351)) - Container 3 is closed with bcsId 0.
2022-10-11 12:51:18,909 [SCMBlockDeletingService#0] DEBUG block.SCMBlockDeletingService (SCMBlockDeletingService.java:call(131)) - Running DeletedBlockTransactionScanner
2022-10-11 12:51:18,910 [SCMBlockDeletingService#0] DEBUG block.SCMBlockDeletingService (DatanodeDeletedBlockTransactions.java:addTransactionToDN(50)) - Transaction added: 9e941ce3-1318-4d07-a6ad-837cafbdd6f8 <- TX(1)
2022-10-11 12:51:18,910 [SCMBlockDeletingService#0] DEBUG block.SCMBlockDeletingService (DatanodeDeletedBlockTransactions.java:addTransactionToDN(50)) - Transaction added: 8873ba3e-7da4-46f7-b1d3-8a39f1a1c208 <- TX(1)
2022-10-11 12:51:18,910 [SCMBlockDeletingService#0] DEBUG block.SCMBlockDeletingService (DatanodeDeletedBlockTransactions.java:addTransactionToDN(50)) - Transaction added: 0edcf6db-22cd-4c8c-bdc6-3c11ab3ecd15 <- TX(1)
2022-10-11 12:51:18,910 [SCMBlockDeletingService#0] DEBUG block.SCMBlockDeletingService (DatanodeDeletedBlockTransactions.java:addTransactionToDN(50)) - Transaction added: 0edcf6db-22cd-4c8c-bdc6-3c11ab3ecd15 <- TX(2)
2022-10-11 12:51:18,910 [SCMBlockDeletingService#0] DEBUG block.SCMBlockDeletingService (DatanodeDeletedBlockTransactions.java:addTransactionToDN(50)) - Transaction added: 9e941ce3-1318-4d07-a6ad-837cafbdd6f8 <- TX(2)
2022-10-11 12:51:18,910 [SCMBlockDeletingService#0] DEBUG block.SCMBlockDeletingService (DatanodeDeletedBlockTransactions.java:addTransactionToDN(50)) - Transaction added: 8873ba3e-7da4-46f7-b1d3-8a39f1a1c208 <- TX(2)
2022-10-11 12:51:18,910 [SCMBlockDeletingService#0] DEBUG block.SCMBlockDeletingService (DatanodeDeletedBlockTransactions.java:addTransactionToDN(50)) - Transaction added: 0edcf6db-22cd-4c8c-bdc6-3c11ab3ecd15 <- TX(3)
2022-10-11 12:51:18,910 [SCMBlockDeletingService#0] DEBUG block.SCMBlockDeletingService (DatanodeDeletedBlockTransactions.java:addTransactionToDN(50)) - Transaction added: 8873ba3e-7da4-46f7-b1d3-8a39f1a1c208 <- TX(3)
2022-10-11 12:51:18,910 [SCMBlockDeletingService#0] DEBUG block.SCMBlockDeletingService (DatanodeDeletedBlockTransactions.java:addTransactionToDN(50)) - Transaction added: 9e941ce3-1318-4d07-a6ad-837cafbdd6f8 <- TX(3)
2022-10-11 12:51:18,910 [SCMBlockDeletingService#0] DEBUG block.SCMBlockDeletingService (SCMBlockDeletingService.java:call(162)) - Added delete block command for datanode 0edcf6db-22cd-4c8c-bdc6-3c11ab3ecd15 in the queue, number of delete block transactions: 3
2022-10-11 12:51:18,910 [SCMBlockDeletingService#0] DEBUG block.SCMBlockDeletingService (SCMBlockDeletingService.java:call(162)) - Added delete block command for datanode 9e941ce3-1318-4d07-a6ad-837cafbdd6f8 in the queue, number of delete block transactions: 3
2022-10-11 12:51:18,910 [SCMBlockDeletingService#0] DEBUG block.SCMBlockDeletingService (SCMBlockDeletingService.java:call(162)) - Added delete block command for datanode 8873ba3e-7da4-46f7-b1d3-8a39f1a1c208 in the queue, number of delete block transactions: 3
2022-10-11 12:51:18,910 [SCMBlockDeletingService#0] INFO  block.SCMBlockDeletingService (SCMBlockDeletingService.java:call(172)) - Totally added 9 blocks to be deleted for 3 datanodes, task elapsed time: 2ms
2022-10-11 12:51:19,009 [SCMBlockDeletingService#0] DEBUG block.SCMBlockDeletingService (SCMBlockDeletingService.java:call(131)) - Running DeletedBlockTransactionScanner
2022-10-11 12:51:19,009 [SCMBlockDeletingService#0] DEBUG block.SCMBlockDeletingService (DatanodeDeletedBlockTransactions.java:addTransactionToDN(50)) - Transaction added: 9e941ce3-1318-4d07-a6ad-837cafbdd6f8 <- TX(1)
2022-10-11 12:51:19,009 [SCMBlockDeletingService#0] DEBUG block.SCMBlockDeletingService (DatanodeDeletedBlockTransactions.java:addTransactionToDN(50)) - Transaction added: 8873ba3e-7da4-46f7-b1d3-8a39f1a1c208 <- TX(1)
2022-10-11 12:51:19,009 [SCMBlockDeletingService#0] DEBUG block.SCMBlockDeletingService (DatanodeDeletedBlockTransactions.java:addTransactionToDN(50)) - Transaction added: 0edcf6db-22cd-4c8c-bdc6-3c11ab3ecd15 <- TX(1)
2022-10-11 12:51:19,009 [SCMBlockDeletingService#0] DEBUG block.SCMBlockDeletingService (DatanodeDeletedBlockTransactions.java:addTransactionToDN(50)) - Transaction added: 0edcf6db-22cd-4c8c-bdc6-3c11ab3ecd15 <- TX(2)
2022-10-11 12:51:19,009 [SCMBlockDeletingService#0] DEBUG block.SCMBlockDeletingService (DatanodeDeletedBlockTransactions.java:addTransactionToDN(50)) - Transaction added: 9e941ce3-1318-4d07-a6ad-837cafbdd6f8 <- TX(2)
2022-10-11 12:51:19,009 [SCMBlockDeletingService#0] DEBUG block.SCMBlockDeletingService (DatanodeDeletedBlockTransactions.java:addTransactionToDN(50)) - Transaction added: 8873ba3e-7da4-46f7-b1d3-8a39f1a1c208 <- TX(2)
2022-10-11 12:51:19,009 [SCMBlockDeletingService#0] DEBUG block.SCMBlockDeletingService (DatanodeDeletedBlockTransactions.java:addTransactionToDN(50)) - Transaction added: 0edcf6db-22cd-4c8c-bdc6-3c11ab3ecd15 <- TX(3)
2022-10-11 12:51:19,009 [SCMBlockDeletingService#0] DEBUG block.SCMBlockDeletingService (DatanodeDeletedBlockTransactions.java:addTransactionToDN(50)) - Transaction added: 8873ba3e-7da4-46f7-b1d3-8a39f1a1c208 <- TX(3)
2022-10-11 12:51:19,009 [SCMBlockDeletingService#0] DEBUG block.SCMBlockDeletingService (DatanodeDeletedBlockTransactions.java:addTransactionToDN(50)) - Transaction added: 9e941ce3-1318-4d07-a6ad-837cafbdd6f8 <- TX(3)
2022-10-11 12:51:19,010 [SCMBlockDeletingService#0] DEBUG block.SCMBlockDeletingService (SCMBlockDeletingService.java:call(162)) - Added delete block command for datanode 0edcf6db-22cd-4c8c-bdc6-3c11ab3ecd15 in the queue, number of delete block transactions: 3
2022-10-11 12:51:19,011 [SCMBlockDeletingService#0] DEBUG block.SCMBlockDeletingService (SCMBlockDeletingService.java:call(162)) - Added delete block command for datanode 9e941ce3-1318-4d07-a6ad-837cafbdd6f8 in the queue, number of delete block transactions: 3
2022-10-11 12:51:19,011 [SCMBlockDeletingService#0] DEBUG block.SCMBlockDeletingService (SCMBlockDeletingService.java:call(162)) - Added delete block command for datanode 8873ba3e-7da4-46f7-b1d3-8a39f1a1c208 in the queue, number of delete block transactions: 3
2022-10-11 12:51:19,011 [SCMBlockDeletingService#0] INFO  block.SCMBlockDeletingService (SCMBlockDeletingService.java:call(172)) - Totally added 9 blocks to be deleted for 3 datanodes, task elapsed time: 2ms
2022-10-11 12:51:19,059 [Command processor thread] INFO  keyvalue.KeyValueContainer (KeyValueContainer.java:flushAndSyncDB(436)) - Container 1 is synced with bcsId 0.
2022-10-11 12:51:19,059 [Command processor thread] INFO  keyvalue.KeyValueContainer (KeyValueContainer.java:flushAndSyncDB(436)) - Container 1 is synced with bcsId 0.
2022-10-11 12:51:19,062 [Command processor thread] INFO  keyvalue.KeyValueContainer (KeyValueContainer.java:close(351)) - Container 1 is closed with bcsId 0.
2022-10-11 12:51:19,066 [Command processor thread] INFO  keyvalue.KeyValueContainer (KeyValueContainer.java:flushAndSyncDB(436)) - Container 2 is synced with bcsId 0.
2022-10-11 12:51:19,066 [Command processor thread] INFO  keyvalue.KeyValueContainer (KeyValueContainer.java:flushAndSyncDB(436)) - Container 2 is synced with bcsId 0.
2022-10-11 12:51:19,069 [Command processor thread] INFO  keyvalue.KeyValueContainer (KeyValueContainer.java:close(351)) - Container 2 is closed with bcsId 0.
2022-10-11 12:51:19,073 [Command processor thread] INFO  keyvalue.KeyValueContainer (KeyValueContainer.java:flushAndSyncDB(436)) - Container 3 is synced with bcsId 0.
2022-10-11 12:51:19,073 [Command processor thread] INFO  keyvalue.KeyValueContainer (KeyValueContainer.java:flushAndSyncDB(436)) - Container 3 is synced with bcsId 0.
2022-10-11 12:51:19,076 [Command processor thread] INFO  keyvalue.KeyValueContainer (KeyValueContainer.java:close(351)) - Container 3 is closed with bcsId 0.
2022-10-11 12:51:19,109 [SCMBlockDeletingService#0] DEBUG block.SCMBlockDeletingService (SCMBlockDeletingService.java:call(131)) - Running DeletedBlockTransactionScanner
2022-10-11 12:51:19,109 [SCMBlockDeletingService#0] DEBUG block.SCMBlockDeletingService (DatanodeDeletedBlockTransactions.java:addTransactionToDN(50)) - Transaction added: 9e941ce3-1318-4d07-a6ad-837cafbdd6f8 <- TX(1)
2022-10-11 12:51:19,109 [SCMBlockDeletingService#0] DEBUG block.SCMBlockDeletingService (DatanodeDeletedBlockTransactions.java:addTransactionToDN(50)) - Transaction added: 8873ba3e-7da4-46f7-b1d3-8a39f1a1c208 <- TX(1)
2022-10-11 12:51:19,109 [SCMBlockDeletingService#0] DEBUG block.SCMBlockDeletingService (DatanodeDeletedBlockTransactions.java:addTransactionToDN(50)) - Transaction added: 0edcf6db-22cd-4c8c-bdc6-3c11ab3ecd15 <- TX(1)
2022-10-11 12:51:19,109 [SCMBlockDeletingService#0] DEBUG block.SCMBlockDeletingService (DatanodeDeletedBlockTransactions.java:addTransactionToDN(50)) - Transaction added: 0edcf6db-22cd-4c8c-bdc6-3c11ab3ecd15 <- TX(2)
2022-10-11 12:51:19,109 [SCMBlockDeletingService#0] DEBUG block.SCMBlockDeletingService (DatanodeDeletedBlockTransactions.java:addTransactionToDN(50)) - Transaction added: 9e941ce3-1318-4d07-a6ad-837cafbdd6f8 <- TX(2)
2022-10-11 12:51:19,109 [SCMBlockDeletingService#0] DEBUG block.SCMBlockDeletingService (DatanodeDeletedBlockTransactions.java:addTransactionToDN(50)) - Transaction added: 8873ba3e-7da4-46f7-b1d3-8a39f1a1c208 <- TX(2)
2022-10-11 12:51:19,109 [SCMBlockDeletingService#0] DEBUG block.SCMBlockDeletingService (DatanodeDeletedBlockTransactions.java:addTransactionToDN(50)) - Transaction added: 0edcf6db-22cd-4c8c-bdc6-3c11ab3ecd15 <- TX(3)
2022-10-11 12:51:19,109 [SCMBlockDeletingService#0] DEBUG block.SCMBlockDeletingService (DatanodeDeletedBlockTransactions.java:addTransactionToDN(50)) - Transaction added: 8873ba3e-7da4-46f7-b1d3-8a39f1a1c208 <- TX(3)
2022-10-11 12:51:19,109 [SCMBlockDeletingService#0] DEBUG block.SCMBlockDeletingService (DatanodeDeletedBlockTransactions.java:addTransactionToDN(50)) - Transaction added: 9e941ce3-1318-4d07-a6ad-837cafbdd6f8 <- TX(3)
2022-10-11 12:51:19,110 [SCMBlockDeletingService#0] DEBUG block.SCMBlockDeletingService (SCMBlockDeletingService.java:call(162)) - Added delete block command for datanode 0edcf6db-22cd-4c8c-bdc6-3c11ab3ecd15 in the queue, number of delete block transactions: 3
2022-10-11 12:51:19,110 [SCMBlockDeletingService#0] DEBUG block.SCMBlockDeletingService (SCMBlockDeletingService.java:call(162)) - Added delete block command for datanode 9e941ce3-1318-4d07-a6ad-837cafbdd6f8 in the queue, number of delete block transactions: 3
2022-10-11 12:51:19,110 [SCMBlockDeletingService#0] DEBUG block.SCMBlockDeletingService (SCMBlockDeletingService.java:call(162)) - Added delete block command for datanode 8873ba3e-7da4-46f7-b1d3-8a39f1a1c208 in the queue, number of delete block transactions: 3
2022-10-11 12:51:19,110 [SCMBlockDeletingService#0] INFO  block.SCMBlockDeletingService (SCMBlockDeletingService.java:call(172)) - Totally added 9 blocks to be deleted for 3 datanodes, task elapsed time: 1ms
2022-10-11 12:51:19,209 [SCMBlockDeletingService#0] DEBUG block.SCMBlockDeletingService (SCMBlockDeletingService.java:call(131)) - Running DeletedBlockTransactionScanner
2022-10-11 12:51:19,209 [SCMBlockDeletingService#0] DEBUG block.SCMBlockDeletingService (DatanodeDeletedBlockTransactions.java:addTransactionToDN(50)) - Transaction added: 9e941ce3-1318-4d07-a6ad-837cafbdd6f8 <- TX(1)
2022-10-11 12:51:19,209 [SCMBlockDeletingService#0] DEBUG block.SCMBlockDeletingService (DatanodeDeletedBlockTransactions.java:addTransactionToDN(50)) - Transaction added: 8873ba3e-7da4-46f7-b1d3-8a39f1a1c208 <- TX(1)
2022-10-11 12:51:19,209 [SCMBlockDeletingService#0] DEBUG block.SCMBlockDeletingService (DatanodeDeletedBlockTransactions.java:addTransactionToDN(50)) - Transaction added: 0edcf6db-22cd-4c8c-bdc6-3c11ab3ecd15 <- TX(1)
2022-10-11 12:51:19,209 [SCMBlockDeletingService#0] DEBUG block.SCMBlockDeletingService (DatanodeDeletedBlockTransactions.java:addTransactionToDN(50)) - Transaction added: 0edcf6db-22cd-4c8c-bdc6-3c11ab3ecd15 <- TX(2)
2022-10-11 12:51:19,210 [SCMBlockDeletingService#0] DEBUG block.SCMBlockDeletingService (DatanodeDeletedBlockTransactions.java:addTransactionToDN(50)) - Transaction added: 9e941ce3-1318-4d07-a6ad-837cafbdd6f8 <- TX(2)
2022-10-11 12:51:19,210 [SCMBlockDeletingService#0] DEBUG block.SCMBlockDeletingService (DatanodeDeletedBlockTransactions.java:addTransactionToDN(50)) - Transaction added: 8873ba3e-7da4-46f7-b1d3-8a39f1a1c208 <- TX(2)
2022-10-11 12:51:19,210 [SCMBlockDeletingService#0] DEBUG block.SCMBlockDeletingService (DatanodeDeletedBlockTransactions.java:addTransactionToDN(50)) - Transaction added: 0edcf6db-22cd-4c8c-bdc6-3c11ab3ecd15 <- TX(3)
2022-10-11 12:51:19,210 [SCMBlockDeletingService#0] DEBUG block.SCMBlockDeletingService (DatanodeDeletedBlockTransactions.java:addTransactionToDN(50)) - Transaction added: 8873ba3e-7da4-46f7-b1d3-8a39f1a1c208 <- TX(3)
2022-10-11 12:51:19,210 [SCMBlockDeletingService#0] DEBUG block.SCMBlockDeletingService (DatanodeDeletedBlockTransactions.java:addTransactionToDN(50)) - Transaction added: 9e941ce3-1318-4d07-a6ad-837cafbdd6f8 <- TX(3)
2022-10-11 12:51:19,210 [SCMBlockDeletingService#0] DEBUG block.SCMBlockDeletingService (SCMBlockDeletingService.java:call(162)) - Added delete block command for datanode 0edcf6db-22cd-4c8c-bdc6-3c11ab3ecd15 in the queue, number of delete block transactions: 3
2022-10-11 12:51:19,210 [SCMBlockDeletingService#0] DEBUG block.SCMBlockDeletingService (SCMBlockDeletingService.java:call(162)) - Added delete block command for datanode 9e941ce3-1318-4d07-a6ad-837cafbdd6f8 in the queue, number of delete block transactions: 3
2022-10-11 12:51:19,210 [SCMBlockDeletingService#0] DEBUG block.SCMBlockDeletingService (SCMBlockDeletingService.java:call(162)) - Added delete block command for datanode 8873ba3e-7da4-46f7-b1d3-8a39f1a1c208 in the queue, number of delete block transactions: 3
2022-10-11 12:51:19,210 [SCMBlockDeletingService#0] INFO  block.SCMBlockDeletingService (SCMBlockDeletingService.java:call(172)) - Totally added 9 blocks to be deleted for 3 datanodes, task elapsed time: 2ms
2022-10-11 12:51:19,297 [org.apache.hadoop.ozone.container.common.statemachine.commandhandler.DeleteBlocksCommandHandler$DeleteCmdWorker@1988dc10] INFO  commandhandler.DeleteBlocksCommandHandler (DeleteBlocksCommandHandler.java:processCmd(271)) - Start to delete container blocks, TXIDs=[1(0),2(0),3(0)], numOfContainers=3, numOfBlocks=3
2022-10-11 12:51:19,298 [org.apache.hadoop.ozone.container.common.statemachine.commandhandler.DeleteBlocksCommandHandler$DeleteCmdWorker@1988dc10] INFO  commandhandler.DeleteBlocksCommandHandler (DeleteBlocksCommandHandler.java:processCmd(271)) - Start to delete container blocks, TXIDs=[1(0),2(0),3(0)], numOfContainers=3, numOfBlocks=3
2022-10-11 12:51:19,298 [org.apache.hadoop.ozone.container.common.statemachine.commandhandler.DeleteBlocksCommandHandler$DeleteCmdWorker@1988dc10] INFO  commandhandler.DeleteBlocksCommandHandler (DeleteBlocksCommandHandler.java:processCmd(271)) - Start to delete container blocks, TXIDs=[1(6),2(6),3(6)], numOfContainers=3, numOfBlocks=3
2022-10-11 12:51:19,298 [org.apache.hadoop.ozone.container.common.statemachine.commandhandler.DeleteBlocksCommandHandler$DeleteCmdWorker@1988dc10] INFO  commandhandler.DeleteBlocksCommandHandler (DeleteBlocksCommandHandler.java:processCmd(271)) - Start to delete container blocks, TXIDs=[1(6),2(6),3(6)], numOfContainers=3, numOfBlocks=3
2022-10-11 12:51:19,299 [org.apache.hadoop.ozone.container.common.statemachine.commandhandler.DeleteBlocksCommandHandler$DeleteCmdWorker@1988dc10] INFO  commandhandler.DeleteBlocksCommandHandler (DeleteBlocksCommandHandler.java:processCmd(271)) - Start to delete container blocks, TXIDs=[1(12),2(12),3(12)], numOfContainers=3, numOfBlocks=3
2022-10-11 12:51:19,299 [org.apache.hadoop.ozone.container.common.statemachine.commandhandler.DeleteBlocksCommandHandler$DeleteCmdWorker@1988dc10] INFO  commandhandler.DeleteBlocksCommandHandler (DeleteBlocksCommandHandler.java:processCmd(271)) - Start to delete container blocks, TXIDs=[1(12),2(12),3(12)], numOfContainers=3, numOfBlocks=3
2022-10-11 12:51:19,309 [SCMBlockDeletingService#0] DEBUG block.SCMBlockDeletingService (SCMBlockDeletingService.java:call(131)) - Running DeletedBlockTransactionScanner
2022-10-11 12:51:19,309 [SCMBlockDeletingService#0] DEBUG block.SCMBlockDeletingService (DatanodeDeletedBlockTransactions.java:addTransactionToDN(50)) - Transaction added: 9e941ce3-1318-4d07-a6ad-837cafbdd6f8 <- TX(1)
2022-10-11 12:51:19,309 [SCMBlockDeletingService#0] DEBUG block.SCMBlockDeletingService (DatanodeDeletedBlockTransactions.java:addTransactionToDN(50)) - Transaction added: 0edcf6db-22cd-4c8c-bdc6-3c11ab3ecd15 <- TX(1)
2022-10-11 12:51:19,309 [SCMBlockDeletingService#0] DEBUG block.SCMBlockDeletingService (DatanodeDeletedBlockTransactions.java:addTransactionToDN(50)) - Transaction added: 8873ba3e-7da4-46f7-b1d3-8a39f1a1c208 <- TX(1)
2022-10-11 12:51:19,309 [SCMBlockDeletingService#0] DEBUG block.SCMBlockDeletingService (DatanodeDeletedBlockTransactions.java:addTransactionToDN(50)) - Transaction added: 0edcf6db-22cd-4c8c-bdc6-3c11ab3ecd15 <- TX(2)
2022-10-11 12:51:19,309 [SCMBlockDeletingService#0] DEBUG block.SCMBlockDeletingService (DatanodeDeletedBlockTransactions.java:addTransactionToDN(50)) - Transaction added: 9e941ce3-1318-4d07-a6ad-837cafbdd6f8 <- TX(2)
2022-10-11 12:51:19,309 [SCMBlockDeletingService#0] DEBUG block.SCMBlockDeletingService (DatanodeDeletedBlockTransactions.java:addTransactionToDN(50)) - Transaction added: 8873ba3e-7da4-46f7-b1d3-8a39f1a1c208 <- TX(2)
2022-10-11 12:51:19,310 [SCMBlockDeletingService#0] DEBUG block.SCMBlockDeletingService (DatanodeDeletedBlockTransactions.java:addTransactionToDN(50)) - Transaction added: 0edcf6db-22cd-4c8c-bdc6-3c11ab3ecd15 <- TX(3)
2022-10-11 12:51:19,310 [SCMBlockDeletingService#0] DEBUG block.SCMBlockDeletingService (DatanodeDeletedBlockTransactions.java:addTransactionToDN(50)) - Transaction added: 8873ba3e-7da4-46f7-b1d3-8a39f1a1c208 <- TX(3)
2022-10-11 12:51:19,310 [SCMBlockDeletingService#0] DEBUG block.SCMBlockDeletingService (DatanodeDeletedBlockTransactions.java:addTransactionToDN(50)) - Transaction added: 9e941ce3-1318-4d07-a6ad-837cafbdd6f8 <- TX(3)
2022-10-11 12:51:19,310 [SCMBlockDeletingService#0] DEBUG block.SCMBlockDeletingService (SCMBlockDeletingService.java:call(162)) - Added delete block command for datanode 0edcf6db-22cd-4c8c-bdc6-3c11ab3ecd15 in the queue, number of delete block transactions: 3
2022-10-11 12:51:19,310 [SCMBlockDeletingService#0] DEBUG block.SCMBlockDeletingService (SCMBlockDeletingService.java:call(162)) - Added delete block command for datanode 9e941ce3-1318-4d07-a6ad-837cafbdd6f8 in the queue, number of delete block transactions: 3
2022-10-11 12:51:19,310 [SCMBlockDeletingService#0] DEBUG block.SCMBlockDeletingService (SCMBlockDeletingService.java:call(162)) - Added delete block command for datanode 8873ba3e-7da4-46f7-b1d3-8a39f1a1c208 in the queue, number of delete block transactions: 3
2022-10-11 12:51:19,310 [SCMBlockDeletingService#0] INFO  block.SCMBlockDeletingService (SCMBlockDeletingService.java:call(172)) - Totally added 9 blocks to be deleted for 3 datanodes, task elapsed time: 0ms
2022-10-11 12:51:19,363 [BlockDeletingService#7] INFO  impl.FilePerBlockStrategy (FilePerBlockStrategy.java:deleteChunk(232)) - Deleted block file: /home/runner/work/ozone/ozone/hadoop-ozone/integration-test/target/test-dir/MiniOzoneClusterImpl-86edf0e9-7e2c-4cfe-baf2-13fb9c17952e/datanode-0/data-0/containers/hdds/86edf0e9-7e2c-4cfe-baf2-13fb9c17952e/current/containerDir0/3/chunks/109611004723200003.block
2022-10-11 12:51:19,365 [BlockDeletingService#0] INFO  impl.FilePerBlockStrategy (FilePerBlockStrategy.java:deleteChunk(232)) - Deleted block file: /home/runner/work/ozone/ozone/hadoop-ozone/integration-test/target/test-dir/MiniOzoneClusterImpl-86edf0e9-7e2c-4cfe-baf2-13fb9c17952e/datanode-0/data-0/containers/hdds/86edf0e9-7e2c-4cfe-baf2-13fb9c17952e/current/containerDir0/2/chunks/109611004723200002.block
2022-10-11 12:51:19,363 [BlockDeletingService#2] INFO  impl.FilePerBlockStrategy (FilePerBlockStrategy.java:deleteChunk(232)) - Deleted block file: /home/runner/work/ozone/ozone/hadoop-ozone/integration-test/target/test-dir/MiniOzoneClusterImpl-86edf0e9-7e2c-4cfe-baf2-13fb9c17952e/datanode-0/data-0/containers/hdds/86edf0e9-7e2c-4cfe-baf2-13fb9c17952e/current/containerDir0/1/chunks/109611004723200001.block
2022-10-11 12:51:19,409 [SCMBlockDeletingService#0] DEBUG block.SCMBlockDeletingService (SCMBlockDeletingService.java:call(131)) - Running DeletedBlockTransactionScanner
2022-10-11 12:51:19,409 [SCMBlockDeletingService#0] DEBUG block.SCMBlockDeletingService (DatanodeDeletedBlockTransactions.java:addTransactionToDN(50)) - Transaction added: 9e941ce3-1318-4d07-a6ad-837cafbdd6f8 <- TX(1)
2022-10-11 12:51:19,410 [SCMBlockDeletingService#0] DEBUG block.SCMBlockDeletingService (DatanodeDeletedBlockTransactions.java:addTransactionToDN(50)) - Transaction added: 0edcf6db-22cd-4c8c-bdc6-3c11ab3ecd15 <- TX(1)
2022-10-11 12:51:19,410 [SCMBlockDeletingService#0] DEBUG block.SCMBlockDeletingService (DatanodeDeletedBlockTransactions.java:addTransactionToDN(50)) - Transaction added: 8873ba3e-7da4-46f7-b1d3-8a39f1a1c208 <- TX(1)
2022-10-11 12:51:19,410 [SCMBlockDeletingService#0] DEBUG block.SCMBlockDeletingService (DatanodeDeletedBlockTransactions.java:addTransactionToDN(50)) - Transaction added: 0edcf6db-22cd-4c8c-bdc6-3c11ab3ecd15 <- TX(2)
2022-10-11 12:51:19,410 [SCMBlockDeletingService#0] DEBUG block.SCMBlockDeletingService (DatanodeDeletedBlockTransactions.java:addTransactionToDN(50)) - Transaction added: 9e941ce3-1318-4d07-a6ad-837cafbdd6f8 <- TX(2)
2022-10-11 12:51:19,410 [SCMBlockDeletingService#0] DEBUG block.SCMBlockDeletingService (DatanodeDeletedBlockTransactions.java:addTransactionToDN(50)) - Transaction added: 8873ba3e-7da4-46f7-b1d3-8a39f1a1c208 <- TX(2)
2022-10-11 12:51:19,410 [SCMBlockDeletingService#0] DEBUG block.SCMBlockDeletingService (DatanodeDeletedBlockTransactions.java:addTransactionToDN(50)) - Transaction added: 0edcf6db-22cd-4c8c-bdc6-3c11ab3ecd15 <- TX(3)
2022-10-11 12:51:19,410 [SCMBlockDeletingService#0] DEBUG block.SCMBlockDeletingService (DatanodeDeletedBlockTransactions.java:addTransactionToDN(50)) - Transaction added: 8873ba3e-7da4-46f7-b1d3-8a39f1a1c208 <- TX(3)
2022-10-11 12:51:19,410 [SCMBlockDeletingService#0] DEBUG block.SCMBlockDeletingService (DatanodeDeletedBlockTransactions.java:addTransactionToDN(50)) - Transaction added: 9e941ce3-1318-4d07-a6ad-837cafbdd6f8 <- TX(3)
2022-10-11 12:51:19,410 [SCMBlockDeletingService#0] DEBUG block.SCMBlockDeletingService (SCMBlockDeletingService.java:call(162)) - Added delete block command for datanode 0edcf6db-22cd-4c8c-bdc6-3c11ab3ecd15 in the queue, number of delete block transactions: 3
2022-10-11 12:51:19,410 [SCMBlockDeletingService#0] DEBUG block.SCMBlockDeletingService (SCMBlockDeletingService.java:call(162)) - Added delete block command for datanode 9e941ce3-1318-4d07-a6ad-837cafbdd6f8 in the queue, number of delete block transactions: 3
2022-10-11 12:51:19,410 [SCMBlockDeletingService#0] DEBUG block.SCMBlockDeletingService (SCMBlockDeletingService.java:call(162)) - Added delete block command for datanode 8873ba3e-7da4-46f7-b1d3-8a39f1a1c208 in the queue, number of delete block transactions: 3
2022-10-11 12:51:19,410 [SCMBlockDeletingService#0] INFO  block.SCMBlockDeletingService (SCMBlockDeletingService.java:call(172)) - Totally added 9 blocks to be deleted for 3 datanodes, task elapsed time: 1ms
2022-10-11 12:51:19,482 [EventQueue-DeleteBlockStatusForDeletedBlockLogImpl] DEBUG block.DeletedBlockLogImpl (DeletedBlockLogImpl.java:isTransactionFailed(303)) - Got block deletion ACK from datanode, TXIDs=1, success=true
2022-10-11 12:51:19,485 [EventQueue-DeleteBlockStatusForDeletedBlockLogImpl] DEBUG block.DeletedBlockLogImpl (DeletedBlockLogImpl.java:commitTransactions(281)) - Datanode txId=1 containerId=#1 committed by dnId=8873ba3e-7da4-46f7-b1d3-8a39f1a1c208
2022-10-11 12:51:19,485 [EventQueue-DeleteBlockStatusForDeletedBlockLogImpl] DEBUG block.DeletedBlockLogImpl (DeletedBlockLogImpl.java:isTransactionFailed(303)) - Got block deletion ACK from datanode, TXIDs=2, success=true
2022-10-11 12:51:19,485 [EventQueue-DeleteBlockStatusForDeletedBlockLogImpl] DEBUG block.DeletedBlockLogImpl (DeletedBlockLogImpl.java:commitTransactions(281)) - Datanode txId=2 containerId=#2 committed by dnId=8873ba3e-7da4-46f7-b1d3-8a39f1a1c208
2022-10-11 12:51:19,485 [EventQueue-DeleteBlockStatusForDeletedBlockLogImpl] DEBUG block.DeletedBlockLogImpl (DeletedBlockLogImpl.java:isTransactionFailed(303)) - Got block deletion ACK from datanode, TXIDs=3, success=true
2022-10-11 12:51:19,485 [EventQueue-DeleteBlockStatusForDeletedBlockLogImpl] DEBUG block.DeletedBlockLogImpl (DeletedBlockLogImpl.java:commitTransactions(281)) - Datanode txId=3 containerId=#3 committed by dnId=8873ba3e-7da4-46f7-b1d3-8a39f1a1c208
2022-10-11 12:51:19,485 [EventQueue-DeleteBlockStatusForDeletedBlockLogImpl] DEBUG block.DeletedBlockLogImpl (DeletedBlockLogImpl.java:isTransactionFailed(303)) - Got block deletion ACK from datanode, TXIDs=1, success=true
2022-10-11 12:51:19,485 [EventQueue-DeleteBlockStatusForDeletedBlockLogImpl] DEBUG block.DeletedBlockLogImpl (DeletedBlockLogImpl.java:commitTransactions(281)) - Datanode txId=1 containerId=#1 committed by dnId=8873ba3e-7da4-46f7-b1d3-8a39f1a1c208
2022-10-11 12:51:19,485 [EventQueue-DeleteBlockStatusForDeletedBlockLogImpl] DEBUG block.DeletedBlockLogImpl (DeletedBlockLogImpl.java:isTransactionFailed(303)) - Got block deletion ACK from datanode, TXIDs=2, success=true
2022-10-11 12:51:19,485 [EventQueue-DeleteBlockStatusForDeletedBlockLogImpl] DEBUG block.DeletedBlockLogImpl (DeletedBlockLogImpl.java:commitTransactions(281)) - Datanode txId=2 containerId=#2 committed by dnId=8873ba3e-7da4-46f7-b1d3-8a39f1a1c208
2022-10-11 12:51:19,485 [EventQueue-DeleteBlockStatusForDeletedBlockLogImpl] DEBUG block.DeletedBlockLogImpl (DeletedBlockLogImpl.java:isTransactionFailed(303)) - Got block deletion ACK from datanode, TXIDs=3, success=true
2022-10-11 12:51:19,485 [EventQueue-DeleteBlockStatusForDeletedBlockLogImpl] DEBUG block.DeletedBlockLogImpl (DeletedBlockLogImpl.java:commitTransactions(281)) - Datanode txId=3 containerId=#3 committed by dnId=8873ba3e-7da4-46f7-b1d3-8a39f1a1c208
2022-10-11 12:51:19,485 [EventQueue-DeleteBlockStatusForDeletedBlockLogImpl] DEBUG block.DeletedBlockLogImpl (DeletedBlockLogImpl.java:isTransactionFailed(303)) - Got block deletion ACK from datanode, TXIDs=1, success=true
2022-10-11 12:51:19,485 [EventQueue-DeleteBlockStatusForDeletedBlockLogImpl] DEBUG block.DeletedBlockLogImpl (DeletedBlockLogImpl.java:commitTransactions(281)) - Datanode txId=1 containerId=#1 committed by dnId=8873ba3e-7da4-46f7-b1d3-8a39f1a1c208
2022-10-11 12:51:19,485 [EventQueue-DeleteBlockStatusForDeletedBlockLogImpl] DEBUG block.DeletedBlockLogImpl (DeletedBlockLogImpl.java:isTransactionFailed(303)) - Got block deletion ACK from datanode, TXIDs=2, success=true
2022-10-11 12:51:19,485 [EventQueue-DeleteBlockStatusForDeletedBlockLogImpl] DEBUG block.DeletedBlockLogImpl (DeletedBlockLogImpl.java:commitTransactions(281)) - Datanode txId=2 containerId=#2 committed by dnId=8873ba3e-7da4-46f7-b1d3-8a39f1a1c208
2022-10-11 12:51:19,485 [EventQueue-DeleteBlockStatusForDeletedBlockLogImpl] DEBUG block.DeletedBlockLogImpl (DeletedBlockLogImpl.java:isTransactionFailed(303)) - Got block deletion ACK from datanode, TXIDs=3, success=true
2022-10-11 12:51:19,485 [EventQueue-DeleteBlockStatusForDeletedBlockLogImpl] DEBUG block.DeletedBlockLogImpl (DeletedBlockLogImpl.java:commitTransactions(281)) - Datanode txId=3 containerId=#3 committed by dnId=8873ba3e-7da4-46f7-b1d3-8a39f1a1c208
2022-10-11 12:51:19,485 [EventQueue-DeleteBlockStatusForDeletedBlockLogImpl] DEBUG block.DeletedBlockLogImpl (DeletedBlockLogImpl.java:isTransactionFailed(303)) - Got block deletion ACK from datanode, TXIDs=1, success=true
2022-10-11 12:51:19,486 [EventQueue-DeleteBlockStatusForDeletedBlockLogImpl] DEBUG block.DeletedBlockLogImpl (DeletedBlockLogImpl.java:commitTransactions(281)) - Datanode txId=1 containerId=#1 committed by dnId=8873ba3e-7da4-46f7-b1d3-8a39f1a1c208
2022-10-11 12:51:19,486 [EventQueue-DeleteBlockStatusForDeletedBlockLogImpl] DEBUG block.DeletedBlockLogImpl (DeletedBlockLogImpl.java:isTransactionFailed(303)) - Got block deletion ACK from datanode, TXIDs=2, success=true
2022-10-11 12:51:19,486 [EventQueue-DeleteBlockStatusForDeletedBlockLogImpl] DEBUG block.DeletedBlockLogImpl (DeletedBlockLogImpl.java:commitTransactions(281)) - Datanode txId=2 containerId=#2 committed by dnId=8873ba3e-7da4-46f7-b1d3-8a39f1a1c208
2022-10-11 12:51:19,486 [EventQueue-DeleteBlockStatusForDeletedBlockLogImpl] DEBUG block.DeletedBlockLogImpl (DeletedBlockLogImpl.java:isTransactionFailed(303)) - Got block deletion ACK from datanode, TXIDs=3, success=true
2022-10-11 12:51:19,486 [EventQueue-DeleteBlockStatusForDeletedBlockLogImpl] DEBUG block.DeletedBlockLogImpl (DeletedBlockLogImpl.java:commitTransactions(281)) - Datanode txId=3 containerId=#3 committed by dnId=8873ba3e-7da4-46f7-b1d3-8a39f1a1c208
2022-10-11 12:51:19,486 [EventQueue-DeleteBlockStatusForDeletedBlockLogImpl] DEBUG block.DeletedBlockLogImpl (DeletedBlockLogImpl.java:isTransactionFailed(303)) - Got block deletion ACK from datanode, TXIDs=1, success=true
2022-10-11 12:51:19,486 [EventQueue-DeleteBlockStatusForDeletedBlockLogImpl] DEBUG block.DeletedBlockLogImpl (DeletedBlockLogImpl.java:commitTransactions(281)) - Datanode txId=1 containerId=#1 committed by dnId=8873ba3e-7da4-46f7-b1d3-8a39f1a1c208
2022-10-11 12:51:19,486 [EventQueue-DeleteBlockStatusForDeletedBlockLogImpl] DEBUG block.DeletedBlockLogImpl (DeletedBlockLogImpl.java:isTransactionFailed(303)) - Got block deletion ACK from datanode, TXIDs=2, success=true
2022-10-11 12:51:19,486 [EventQueue-DeleteBlockStatusForDeletedBlockLogImpl] DEBUG block.DeletedBlockLogImpl (DeletedBlockLogImpl.java:commitTransactions(281)) - Datanode txId=2 containerId=#2 committed by dnId=8873ba3e-7da4-46f7-b1d3-8a39f1a1c208
2022-10-11 12:51:19,486 [EventQueue-DeleteBlockStatusForDeletedBlockLogImpl] DEBUG block.DeletedBlockLogImpl (DeletedBlockLogImpl.java:isTransactionFailed(303)) - Got block deletion ACK from datanode, TXIDs=3, success=true
2022-10-11 12:51:19,486 [EventQueue-DeleteBlockStatusForDeletedBlockLogImpl] DEBUG block.DeletedBlockLogImpl (DeletedBlockLogImpl.java:commitTransactions(281)) - Datanode txId=3 containerId=#3 committed by dnId=8873ba3e-7da4-46f7-b1d3-8a39f1a1c208
2022-10-11 12:51:19,486 [EventQueue-DeleteBlockStatusForDeletedBlockLogImpl] DEBUG block.DeletedBlockLogImpl (DeletedBlockLogImpl.java:isTransactionFailed(303)) - Got block deletion ACK from datanode, TXIDs=1, success=true
2022-10-11 12:51:19,486 [EventQueue-DeleteBlockStatusForDeletedBlockLogImpl] DEBUG block.DeletedBlockLogImpl (DeletedBlockLogImpl.java:commitTransactions(281)) - Datanode txId=1 containerId=#1 committed by dnId=8873ba3e-7da4-46f7-b1d3-8a39f1a1c208
2022-10-11 12:51:19,486 [EventQueue-DeleteBlockStatusForDeletedBlockLogImpl] DEBUG block.DeletedBlockLogImpl (DeletedBlockLogImpl.java:isTransactionFailed(303)) - Got block deletion ACK from datanode, TXIDs=2, success=true
2022-10-11 12:51:19,486 [EventQueue-DeleteBlockStatusForDeletedBlockLogImpl] DEBUG block.DeletedBlockLogImpl (DeletedBlockLogImpl.java:commitTransactions(281)) - Datanode txId=2 containerId=#2 committed by dnId=8873ba3e-7da4-46f7-b1d3-8a39f1a1c208
2022-10-11 12:51:19,486 [EventQueue-DeleteBlockStatusForDeletedBlockLogImpl] DEBUG block.DeletedBlockLogImpl (DeletedBlockLogImpl.java:isTransactionFailed(303)) - Got block deletion ACK from datanode, TXIDs=3, success=true
2022-10-11 12:51:19,486 [EventQueue-DeleteBlockStatusForDeletedBlockLogImpl] DEBUG block.DeletedBlockLogImpl (DeletedBlockLogImpl.java:commitTransactions(281)) - Datanode txId=3 containerId=#3 committed by dnId=8873ba3e-7da4-46f7-b1d3-8a39f1a1c208
2022-10-11 12:51:19,509 [SCMBlockDeletingService#0] DEBUG block.SCMBlockDeletingService (SCMBlockDeletingService.java:call(131)) - Running DeletedBlockTransactionScanner
2022-10-11 12:51:19,510 [SCMBlockDeletingService#0] DEBUG block.SCMBlockDeletingService (DatanodeDeletedBlockTransactions.java:addTransactionToDN(50)) - Transaction added: 9e941ce3-1318-4d07-a6ad-837cafbdd6f8 <- TX(1)
2022-10-11 12:51:19,510 [SCMBlockDeletingService#0] DEBUG block.SCMBlockDeletingService (DatanodeDeletedBlockTransactions.java:addTransactionToDN(50)) - Transaction added: 0edcf6db-22cd-4c8c-bdc6-3c11ab3ecd15 <- TX(1)
2022-10-11 12:51:19,510 [SCMBlockDeletingService#0] DEBUG block.SCMBlockDeletingService (DatanodeDeletedBlockTransactions.java:addTransactionToDN(50)) - Transaction added: 0edcf6db-22cd-4c8c-bdc6-3c11ab3ecd15 <- TX(2)
2022-10-11 12:51:19,510 [SCMBlockDeletingService#0] DEBUG block.SCMBlockDeletingService (DatanodeDeletedBlockTransactions.java:addTransactionToDN(50)) - Transaction added: 9e941ce3-1318-4d07-a6ad-837cafbdd6f8 <- TX(2)
2022-10-11 12:51:19,510 [SCMBlockDeletingService#0] DEBUG block.SCMBlockDeletingService (DatanodeDeletedBlockTransactions.java:addTransactionToDN(50)) - Transaction added: 0edcf6db-22cd-4c8c-bdc6-3c11ab3ecd15 <- TX(3)
2022-10-11 12:51:19,510 [SCMBlockDeletingService#0] DEBUG block.SCMBlockDeletingService (DatanodeDeletedBlockTransactions.java:addTransactionToDN(50)) - Transaction added: 9e941ce3-1318-4d07-a6ad-837cafbdd6f8 <- TX(3)
2022-10-11 12:51:19,510 [SCMBlockDeletingService#0] DEBUG block.SCMBlockDeletingService (SCMBlockDeletingService.java:call(162)) - Added delete block command for datanode 0edcf6db-22cd-4c8c-bdc6-3c11ab3ecd15 in the queue, number of delete block transactions: 3
2022-10-11 12:51:19,510 [SCMBlockDeletingService#0] DEBUG block.SCMBlockDeletingService (SCMBlockDeletingService.java:call(162)) - Added delete block command for datanode 9e941ce3-1318-4d07-a6ad-837cafbdd6f8 in the queue, number of delete block transactions: 3
2022-10-11 12:51:19,510 [SCMBlockDeletingService#0] INFO  block.SCMBlockDeletingService (SCMBlockDeletingService.java:call(172)) - Totally added 6 blocks to be deleted for 2 datanodes, task elapsed time: 1ms
2022-10-11 12:51:19,609 [SCMBlockDeletingService#0] DEBUG block.SCMBlockDeletingService (SCMBlockDeletingService.java:call(131)) - Running DeletedBlockTransactionScanner
2022-10-11 12:51:19,610 [SCMBlockDeletingService#0] DEBUG block.SCMBlockDeletingService (DatanodeDeletedBlockTransactions.java:addTransactionToDN(50)) - Transaction added: 9e941ce3-1318-4d07-a6ad-837cafbdd6f8 <- TX(1)
2022-10-11 12:51:19,610 [SCMBlockDeletingService#0] DEBUG block.SCMBlockDeletingService (DatanodeDeletedBlockTransactions.java:addTransactionToDN(50)) - Transaction added: 0edcf6db-22cd-4c8c-bdc6-3c11ab3ecd15 <- TX(1)
2022-10-11 12:51:19,610 [SCMBlockDeletingService#0] DEBUG block.SCMBlockDeletingService (DatanodeDeletedBlockTransactions.java:addTransactionToDN(50)) - Transaction added: 0edcf6db-22cd-4c8c-bdc6-3c11ab3ecd15 <- TX(2)
2022-10-11 12:51:19,610 [SCMBlockDeletingService#0] DEBUG block.SCMBlockDeletingService (DatanodeDeletedBlockTransactions.java:addTransactionToDN(50)) - Transaction added: 9e941ce3-1318-4d07-a6ad-837cafbdd6f8 <- TX(2)
2022-10-11 12:51:19,610 [SCMBlockDeletingService#0] DEBUG block.SCMBlockDeletingService (DatanodeDeletedBlockTransactions.java:addTransactionToDN(50)) - Transaction added: 0edcf6db-22cd-4c8c-bdc6-3c11ab3ecd15 <- TX(3)
2022-10-11 12:51:19,610 [SCMBlockDeletingService#0] DEBUG block.SCMBlockDeletingService (DatanodeDeletedBlockTransactions.java:addTransactionToDN(50)) - Transaction added: 9e941ce3-1318-4d07-a6ad-837cafbdd6f8 <- TX(3)
2022-10-11 12:51:19,610 [SCMBlockDeletingService#0] DEBUG block.SCMBlockDeletingService (SCMBlockDeletingService.java:call(162)) - Added delete block command for datanode 0edcf6db-22cd-4c8c-bdc6-3c11ab3ecd15 in the queue, number of delete block transactions: 3
2022-10-11 12:51:19,610 [SCMBlockDeletingService#0] DEBUG block.SCMBlockDeletingService (SCMBlockDeletingService.java:call(162)) - Added delete block command for datanode 9e941ce3-1318-4d07-a6ad-837cafbdd6f8 in the queue, number of delete block transactions: 3
2022-10-11 12:51:19,610 [SCMBlockDeletingService#0] INFO  block.SCMBlockDeletingService (SCMBlockDeletingService.java:call(172)) - Totally added 6 blocks to be deleted for 2 datanodes, task elapsed time: 1ms
2022-10-11 12:51:19,671 [org.apache.hadoop.ozone.container.common.statemachine.commandhandler.DeleteBlocksCommandHandler$DeleteCmdWorker@16d11d28] INFO  commandhandler.DeleteBlocksCommandHandler (DeleteBlocksCommandHandler.java:processCmd(271)) - Start to delete container blocks, TXIDs=[1(0),2(0),3(0)], numOfContainers=3, numOfBlocks=3
2022-10-11 12:51:19,675 [org.apache.hadoop.ozone.container.common.statemachine.commandhandler.DeleteBlocksCommandHandler$DeleteCmdWorker@16d11d28] INFO  commandhandler.DeleteBlocksCommandHandler (DeleteBlocksCommandHandler.java:processCmd(271)) - Start to delete container blocks, TXIDs=[1(0),2(0),3(0)], numOfContainers=3, numOfBlocks=3
2022-10-11 12:51:19,675 [org.apache.hadoop.ozone.container.common.statemachine.commandhandler.DeleteBlocksCommandHandler$DeleteCmdWorker@16d11d28] INFO  commandhandler.DeleteBlocksCommandHandler (DeleteBlocksCommandHandler.java:processCmd(271)) - Start to delete container blocks, TXIDs=[1(6),2(6),3(6)], numOfContainers=3, numOfBlocks=3
2022-10-11 12:51:19,675 [org.apache.hadoop.ozone.container.common.statemachine.commandhandler.DeleteBlocksCommandHandler$DeleteCmdWorker@16d11d28] INFO  commandhandler.DeleteBlocksCommandHandler (DeleteBlocksCommandHandler.java:processCmd(271)) - Start to delete container blocks, TXIDs=[1(6),2(6),3(6)], numOfContainers=3, numOfBlocks=3
2022-10-11 12:51:19,699 [BlockDeletingService#7] INFO  impl.FilePerBlockStrategy (FilePerBlockStrategy.java:deleteChunk(232)) - Deleted block file: /home/runner/work/ozone/ozone/hadoop-ozone/integration-test/target/test-dir/MiniOzoneClusterImpl-86edf0e9-7e2c-4cfe-baf2-13fb9c17952e/datanode-1/data-0/containers/hdds/86edf0e9-7e2c-4cfe-baf2-13fb9c17952e/current/containerDir0/3/chunks/109611004723200003.block
2022-10-11 12:51:19,700 [BlockDeletingService#2] INFO  impl.FilePerBlockStrategy (FilePerBlockStrategy.java:deleteChunk(232)) - Deleted block file: /home/runner/work/ozone/ozone/hadoop-ozone/integration-test/target/test-dir/MiniOzoneClusterImpl-86edf0e9-7e2c-4cfe-baf2-13fb9c17952e/datanode-1/data-0/containers/hdds/86edf0e9-7e2c-4cfe-baf2-13fb9c17952e/current/containerDir0/1/chunks/109611004723200001.block
2022-10-11 12:51:19,700 [BlockDeletingService#0] INFO  impl.FilePerBlockStrategy (FilePerBlockStrategy.java:deleteChunk(232)) - Deleted block file: /home/runner/work/ozone/ozone/hadoop-ozone/integration-test/target/test-dir/MiniOzoneClusterImpl-86edf0e9-7e2c-4cfe-baf2-13fb9c17952e/datanode-1/data-0/containers/hdds/86edf0e9-7e2c-4cfe-baf2-13fb9c17952e/current/containerDir0/2/chunks/109611004723200002.block
2022-10-11 12:51:19,709 [SCMBlockDeletingService#0] DEBUG block.SCMBlockDeletingService (SCMBlockDeletingService.java:call(131)) - Running DeletedBlockTransactionScanner
2022-10-11 12:51:19,710 [SCMBlockDeletingService#0] DEBUG block.SCMBlockDeletingService (DatanodeDeletedBlockTransactions.java:addTransactionToDN(50)) - Transaction added: 9e941ce3-1318-4d07-a6ad-837cafbdd6f8 <- TX(1)
2022-10-11 12:51:19,710 [SCMBlockDeletingService#0] DEBUG block.SCMBlockDeletingService (DatanodeDeletedBlockTransactions.java:addTransactionToDN(50)) - Transaction added: 0edcf6db-22cd-4c8c-bdc6-3c11ab3ecd15 <- TX(1)
2022-10-11 12:51:19,710 [SCMBlockDeletingService#0] DEBUG block.SCMBlockDeletingService (DatanodeDeletedBlockTransactions.java:addTransactionToDN(50)) - Transaction added: 0edcf6db-22cd-4c8c-bdc6-3c11ab3ecd15 <- TX(2)
2022-10-11 12:51:19,710 [SCMBlockDeletingService#0] DEBUG block.SCMBlockDeletingService (DatanodeDeletedBlockTransactions.java:addTransactionToDN(50)) - Transaction added: 9e941ce3-1318-4d07-a6ad-837cafbdd6f8 <- TX(2)
2022-10-11 12:51:19,710 [SCMBlockDeletingService#0] DEBUG block.SCMBlockDeletingService (DatanodeDeletedBlockTransactions.java:addTransactionToDN(50)) - Transaction added: 0edcf6db-22cd-4c8c-bdc6-3c11ab3ecd15 <- TX(3)
2022-10-11 12:51:19,710 [SCMBlockDeletingService#0] DEBUG block.SCMBlockDeletingService (DatanodeDeletedBlockTransactions.java:addTransactionToDN(50)) - Transaction added: 9e941ce3-1318-4d07-a6ad-837cafbdd6f8 <- TX(3)
2022-10-11 12:51:19,710 [SCMBlockDeletingService#0] DEBUG block.SCMBlockDeletingService (SCMBlockDeletingService.java:call(162)) - Added delete block command for datanode 0edcf6db-22cd-4c8c-bdc6-3c11ab3ecd15 in the queue, number of delete block transactions: 3
2022-10-11 12:51:19,710 [SCMBlockDeletingService#0] DEBUG block.SCMBlockDeletingService (SCMBlockDeletingService.java:call(162)) - Added delete block command for datanode 9e941ce3-1318-4d07-a6ad-837cafbdd6f8 in the queue, number of delete block transactions: 3
2022-10-11 12:51:19,710 [SCMBlockDeletingService#0] INFO  block.SCMBlockDeletingService (SCMBlockDeletingService.java:call(172)) - Totally added 6 blocks to be deleted for 2 datanodes, task elapsed time: 1ms
2022-10-11 12:51:19,810 [SCMBlockDeletingService#0] DEBUG block.SCMBlockDeletingService (SCMBlockDeletingService.java:call(131)) - Running DeletedBlockTransactionScanner
2022-10-11 12:51:19,810 [SCMBlockDeletingService#0] DEBUG block.SCMBlockDeletingService (DatanodeDeletedBlockTransactions.java:addTransactionToDN(50)) - Transaction added: 9e941ce3-1318-4d07-a6ad-837cafbdd6f8 <- TX(1)
2022-10-11 12:51:19,810 [SCMBlockDeletingService#0] DEBUG block.SCMBlockDeletingService (DatanodeDeletedBlockTransactions.java:addTransactionToDN(50)) - Transaction added: 0edcf6db-22cd-4c8c-bdc6-3c11ab3ecd15 <- TX(1)
2022-10-11 12:51:19,810 [SCMBlockDeletingService#0] DEBUG block.SCMBlockDeletingService (DatanodeDeletedBlockTransactions.java:addTransactionToDN(50)) - Transaction added: 0edcf6db-22cd-4c8c-bdc6-3c11ab3ecd15 <- TX(2)
2022-10-11 12:51:19,810 [SCMBlockDeletingService#0] DEBUG block.SCMBlockDeletingService (DatanodeDeletedBlockTransactions.java:addTransactionToDN(50)) - Transaction added: 9e941ce3-1318-4d07-a6ad-837cafbdd6f8 <- TX(2)
2022-10-11 12:51:19,810 [SCMBlockDeletingService#0] DEBUG block.SCMBlockDeletingService (DatanodeDeletedBlockTransactions.java:addTransactionToDN(50)) - Transaction added: 0edcf6db-22cd-4c8c-bdc6-3c11ab3ecd15 <- TX(3)
2022-10-11 12:51:19,810 [SCMBlockDeletingService#0] DEBUG block.SCMBlockDeletingService (DatanodeDeletedBlockTransactions.java:addTransactionToDN(50)) - Transaction added: 9e941ce3-1318-4d07-a6ad-837cafbdd6f8 <- TX(3)
2022-10-11 12:51:19,810 [SCMBlockDeletingService#0] DEBUG block.SCMBlockDeletingService (SCMBlockDeletingService.java:call(162)) - Added delete block command for datanode 0edcf6db-22cd-4c8c-bdc6-3c11ab3ecd15 in the queue, number of delete block transactions: 3
2022-10-11 12:51:19,810 [SCMBlockDeletingService#0] DEBUG block.SCMBlockDeletingService (SCMBlockDeletingService.java:call(162)) - Added delete block command for datanode 9e941ce3-1318-4d07-a6ad-837cafbdd6f8 in the queue, number of delete block transactions: 3
2022-10-11 12:51:19,810 [SCMBlockDeletingService#0] INFO  block.SCMBlockDeletingService (SCMBlockDeletingService.java:call(172)) - Totally added 6 blocks to be deleted for 2 datanodes, task elapsed time: 1ms
2022-10-11 12:51:19,868 [EventQueue-DeleteBlockStatusForDeletedBlockLogImpl] DEBUG block.DeletedBlockLogImpl (DeletedBlockLogImpl.java:isTransactionFailed(303)) - Got block deletion ACK from datanode, TXIDs=1, success=true
2022-10-11 12:51:19,868 [EventQueue-DeleteBlockStatusForDeletedBlockLogImpl] DEBUG block.DeletedBlockLogImpl (DeletedBlockLogImpl.java:commitTransactions(281)) - Datanode txId=1 containerId=#1 committed by dnId=9e941ce3-1318-4d07-a6ad-837cafbdd6f8
2022-10-11 12:51:19,868 [EventQueue-DeleteBlockStatusForDeletedBlockLogImpl] DEBUG block.DeletedBlockLogImpl (DeletedBlockLogImpl.java:isTransactionFailed(303)) - Got block deletion ACK from datanode, TXIDs=2, success=true
2022-10-11 12:51:19,868 [EventQueue-DeleteBlockStatusForDeletedBlockLogImpl] DEBUG block.DeletedBlockLogImpl (DeletedBlockLogImpl.java:commitTransactions(281)) - Datanode txId=2 containerId=#2 committed by dnId=9e941ce3-1318-4d07-a6ad-837cafbdd6f8
2022-10-11 12:51:19,868 [EventQueue-DeleteBlockStatusForDeletedBlockLogImpl] DEBUG block.DeletedBlockLogImpl (DeletedBlockLogImpl.java:isTransactionFailed(303)) - Got block deletion ACK from datanode, TXIDs=3, success=true
2022-10-11 12:51:19,868 [EventQueue-DeleteBlockStatusForDeletedBlockLogImpl] DEBUG block.DeletedBlockLogImpl (DeletedBlockLogImpl.java:commitTransactions(281)) - Datanode txId=3 containerId=#3 committed by dnId=9e941ce3-1318-4d07-a6ad-837cafbdd6f8
2022-10-11 12:51:19,868 [EventQueue-DeleteBlockStatusForDeletedBlockLogImpl] DEBUG block.DeletedBlockLogImpl (DeletedBlockLogImpl.java:isTransactionFailed(303)) - Got block deletion ACK from datanode, TXIDs=1, success=true
2022-10-11 12:51:19,868 [EventQueue-DeleteBlockStatusForDeletedBlockLogImpl] DEBUG block.DeletedBlockLogImpl (DeletedBlockLogImpl.java:commitTransactions(281)) - Datanode txId=1 containerId=#1 committed by dnId=9e941ce3-1318-4d07-a6ad-837cafbdd6f8
2022-10-11 12:51:19,868 [EventQueue-DeleteBlockStatusForDeletedBlockLogImpl] DEBUG block.DeletedBlockLogImpl (DeletedBlockLogImpl.java:isTransactionFailed(303)) - Got block deletion ACK from datanode, TXIDs=2, success=true
2022-10-11 12:51:19,868 [EventQueue-DeleteBlockStatusForDeletedBlockLogImpl] DEBUG block.DeletedBlockLogImpl (DeletedBlockLogImpl.java:commitTransactions(281)) - Datanode txId=2 containerId=#2 committed by dnId=9e941ce3-1318-4d07-a6ad-837cafbdd6f8
2022-10-11 12:51:19,868 [EventQueue-DeleteBlockStatusForDeletedBlockLogImpl] DEBUG block.DeletedBlockLogImpl (DeletedBlockLogImpl.java:isTransactionFailed(303)) - Got block deletion ACK from datanode, TXIDs=3, success=true
2022-10-11 12:51:19,868 [EventQueue-DeleteBlockStatusForDeletedBlockLogImpl] DEBUG block.DeletedBlockLogImpl (DeletedBlockLogImpl.java:commitTransactions(281)) - Datanode txId=3 containerId=#3 committed by dnId=9e941ce3-1318-4d07-a6ad-837cafbdd6f8
2022-10-11 12:51:19,868 [EventQueue-DeleteBlockStatusForDeletedBlockLogImpl] DEBUG block.DeletedBlockLogImpl (DeletedBlockLogImpl.java:isTransactionFailed(303)) - Got block deletion ACK from datanode, TXIDs=1, success=true
2022-10-11 12:51:19,868 [EventQueue-DeleteBlockStatusForDeletedBlockLogImpl] DEBUG block.DeletedBlockLogImpl (DeletedBlockLogImpl.java:commitTransactions(281)) - Datanode txId=1 containerId=#1 committed by dnId=9e941ce3-1318-4d07-a6ad-837cafbdd6f8
2022-10-11 12:51:19,868 [EventQueue-DeleteBlockStatusForDeletedBlockLogImpl] DEBUG block.DeletedBlockLogImpl (DeletedBlockLogImpl.java:isTransactionFailed(303)) - Got block deletion ACK from datanode, TXIDs=2, success=true
2022-10-11 12:51:19,869 [EventQueue-DeleteBlockStatusForDeletedBlockLogImpl] DEBUG block.DeletedBlockLogImpl (DeletedBlockLogImpl.java:commitTransactions(281)) - Datanode txId=2 containerId=#2 committed by dnId=9e941ce3-1318-4d07-a6ad-837cafbdd6f8
2022-10-11 12:51:19,871 [EventQueue-DeleteBlockStatusForDeletedBlockLogImpl] DEBUG block.DeletedBlockLogImpl (DeletedBlockLogImpl.java:isTransactionFailed(303)) - Got block deletion ACK from datanode, TXIDs=3, success=true
2022-10-11 12:51:19,871 [EventQueue-DeleteBlockStatusForDeletedBlockLogImpl] DEBUG block.DeletedBlockLogImpl (DeletedBlockLogImpl.java:commitTransactions(281)) - Datanode txId=3 containerId=#3 committed by dnId=9e941ce3-1318-4d07-a6ad-837cafbdd6f8
2022-10-11 12:51:19,871 [EventQueue-DeleteBlockStatusForDeletedBlockLogImpl] DEBUG block.DeletedBlockLogImpl (DeletedBlockLogImpl.java:isTransactionFailed(303)) - Got block deletion ACK from datanode, TXIDs=1, success=true
2022-10-11 12:51:19,871 [EventQueue-DeleteBlockStatusForDeletedBlockLogImpl] DEBUG block.DeletedBlockLogImpl (DeletedBlockLogImpl.java:commitTransactions(281)) - Datanode txId=1 containerId=#1 committed by dnId=9e941ce3-1318-4d07-a6ad-837cafbdd6f8
2022-10-11 12:51:19,871 [EventQueue-DeleteBlockStatusForDeletedBlockLogImpl] DEBUG block.DeletedBlockLogImpl (DeletedBlockLogImpl.java:isTransactionFailed(303)) - Got block deletion ACK from datanode, TXIDs=2, success=true
2022-10-11 12:51:19,871 [EventQueue-DeleteBlockStatusForDeletedBlockLogImpl] DEBUG block.DeletedBlockLogImpl (DeletedBlockLogImpl.java:commitTransactions(281)) - Datanode txId=2 containerId=#2 committed by dnId=9e941ce3-1318-4d07-a6ad-837cafbdd6f8
2022-10-11 12:51:19,871 [EventQueue-DeleteBlockStatusForDeletedBlockLogImpl] DEBUG block.DeletedBlockLogImpl (DeletedBlockLogImpl.java:isTransactionFailed(303)) - Got block deletion ACK from datanode, TXIDs=3, success=true
2022-10-11 12:51:19,871 [EventQueue-DeleteBlockStatusForDeletedBlockLogImpl] DEBUG block.DeletedBlockLogImpl (DeletedBlockLogImpl.java:commitTransactions(281)) - Datanode txId=3 containerId=#3 committed by dnId=9e941ce3-1318-4d07-a6ad-837cafbdd6f8
2022-10-11 12:51:19,910 [SCMBlockDeletingService#0] DEBUG block.SCMBlockDeletingService (SCMBlockDeletingService.java:call(131)) - Running DeletedBlockTransactionScanner
2022-10-11 12:51:19,910 [SCMBlockDeletingService#0] DEBUG block.SCMBlockDeletingService (DatanodeDeletedBlockTransactions.java:addTransactionToDN(50)) - Transaction added: 0edcf6db-22cd-4c8c-bdc6-3c11ab3ecd15 <- TX(1)
2022-10-11 12:51:19,910 [SCMBlockDeletingService#0] DEBUG block.SCMBlockDeletingService (DatanodeDeletedBlockTransactions.java:addTransactionToDN(50)) - Transaction added: 0edcf6db-22cd-4c8c-bdc6-3c11ab3ecd15 <- TX(2)
2022-10-11 12:51:19,910 [SCMBlockDeletingService#0] DEBUG block.SCMBlockDeletingService (DatanodeDeletedBlockTransactions.java:addTransactionToDN(50)) - Transaction added: 0edcf6db-22cd-4c8c-bdc6-3c11ab3ecd15 <- TX(3)
2022-10-11 12:51:19,910 [SCMBlockDeletingService#0] DEBUG block.SCMBlockDeletingService (SCMBlockDeletingService.java:call(162)) - Added delete block command for datanode 0edcf6db-22cd-4c8c-bdc6-3c11ab3ecd15 in the queue, number of delete block transactions: 3
2022-10-11 12:51:19,910 [SCMBlockDeletingService#0] INFO  block.SCMBlockDeletingService (SCMBlockDeletingService.java:call(172)) - Totally added 3 blocks to be deleted for 1 datanodes, task elapsed time: 1ms
2022-10-11 12:51:20,010 [SCMBlockDeletingService#0] DEBUG block.SCMBlockDeletingService (SCMBlockDeletingService.java:call(131)) - Running DeletedBlockTransactionScanner
2022-10-11 12:51:20,010 [SCMBlockDeletingService#0] DEBUG block.SCMBlockDeletingService (DatanodeDeletedBlockTransactions.java:addTransactionToDN(50)) - Transaction added: 0edcf6db-22cd-4c8c-bdc6-3c11ab3ecd15 <- TX(1)
2022-10-11 12:51:20,010 [SCMBlockDeletingService#0] DEBUG block.SCMBlockDeletingService (DatanodeDeletedBlockTransactions.java:addTransactionToDN(50)) - Transaction added: 0edcf6db-22cd-4c8c-bdc6-3c11ab3ecd15 <- TX(2)
2022-10-11 12:51:20,010 [SCMBlockDeletingService#0] DEBUG block.SCMBlockDeletingService (DatanodeDeletedBlockTransactions.java:addTransactionToDN(50)) - Transaction added: 0edcf6db-22cd-4c8c-bdc6-3c11ab3ecd15 <- TX(3)
2022-10-11 12:51:20,010 [SCMBlockDeletingService#0] DEBUG block.SCMBlockDeletingService (SCMBlockDeletingService.java:call(162)) - Added delete block command for datanode 0edcf6db-22cd-4c8c-bdc6-3c11ab3ecd15 in the queue, number of delete block transactions: 3
2022-10-11 12:51:20,010 [SCMBlockDeletingService#0] INFO  block.SCMBlockDeletingService (SCMBlockDeletingService.java:call(172)) - Totally added 3 blocks to be deleted for 1 datanodes, task elapsed time: 1ms
2022-10-11 12:51:20,034 [org.apache.hadoop.ozone.container.common.statemachine.commandhandler.DeleteBlocksCommandHandler$DeleteCmdWorker@21c9de09] INFO  commandhandler.DeleteBlocksCommandHandler (DeleteBlocksCommandHandler.java:processCmd(271)) - Start to delete container blocks, TXIDs=[1(0),2(0),3(0)], numOfContainers=3, numOfBlocks=3
2022-10-11 12:51:20,035 [org.apache.hadoop.ozone.container.common.statemachine.commandhandler.DeleteBlocksCommandHandler$DeleteCmdWorker@21c9de09] INFO  commandhandler.DeleteBlocksCommandHandler (DeleteBlocksCommandHandler.java:processCmd(271)) - Start to delete container blocks, TXIDs=[1(0),2(0),3(0)], numOfContainers=3, numOfBlocks=3
2022-10-11 12:51:20,035 [org.apache.hadoop.ozone.container.common.statemachine.commandhandler.DeleteBlocksCommandHandler$DeleteCmdWorker@21c9de09] INFO  commandhandler.DeleteBlocksCommandHandler (DeleteBlocksCommandHandler.java:processCmd(271)) - Start to delete container blocks, TXIDs=[1(6),2(6),3(6)], numOfContainers=3, numOfBlocks=3
2022-10-11 12:51:20,035 [org.apache.hadoop.ozone.container.common.statemachine.commandhandler.DeleteBlocksCommandHandler$DeleteCmdWorker@21c9de09] INFO  commandhandler.DeleteBlocksCommandHandler (DeleteBlocksCommandHandler.java:processCmd(271)) - Start to delete container blocks, TXIDs=[1(6),2(6),3(6)], numOfContainers=3, numOfBlocks=3
2022-10-11 12:51:20,036 [org.apache.hadoop.ozone.container.common.statemachine.commandhandler.DeleteBlocksCommandHandler$DeleteCmdWorker@21c9de09] INFO  commandhandler.DeleteBlocksCommandHandler (DeleteBlocksCommandHandler.java:processCmd(271)) - Start to delete container blocks, TXIDs=[1(12),2(12),3(12)], numOfContainers=3, numOfBlocks=3
2022-10-11 12:51:20,036 [org.apache.hadoop.ozone.container.common.statemachine.commandhandler.DeleteBlocksCommandHandler$DeleteCmdWorker@21c9de09] INFO  commandhandler.DeleteBlocksCommandHandler (DeleteBlocksCommandHandler.java:processCmd(271)) - Start to delete container blocks, TXIDs=[1(12),2(12),3(12)], numOfContainers=3, numOfBlocks=3
2022-10-11 12:51:20,036 [org.apache.hadoop.ozone.container.common.statemachine.commandhandler.DeleteBlocksCommandHandler$DeleteCmdWorker@21c9de09] INFO  commandhandler.DeleteBlocksCommandHandler (DeleteBlocksCommandHandler.java:processCmd(271)) - Start to delete container blocks, TXIDs=[1(18),2(18),3(18)], numOfContainers=3, numOfBlocks=3
2022-10-11 12:51:20,036 [org.apache.hadoop.ozone.container.common.statemachine.commandhandler.DeleteBlocksCommandHandler$DeleteCmdWorker@21c9de09] INFO  commandhandler.DeleteBlocksCommandHandler (DeleteBlocksCommandHandler.java:processCmd(271)) - Start to delete container blocks, TXIDs=[1(18),2(18),3(18)], numOfContainers=3, numOfBlocks=3
2022-10-11 12:51:20,036 [org.apache.hadoop.ozone.container.common.statemachine.commandhandler.DeleteBlocksCommandHandler$DeleteCmdWorker@21c9de09] INFO  commandhandler.DeleteBlocksCommandHandler (DeleteBlocksCommandHandler.java:processCmd(271)) - Start to delete container blocks, TXIDs=[1(24),2(24),3(24)], numOfContainers=3, numOfBlocks=3
2022-10-11 12:51:20,036 [org.apache.hadoop.ozone.container.common.statemachine.commandhandler.DeleteBlocksCommandHandler$DeleteCmdWorker@21c9de09] INFO  commandhandler.DeleteBlocksCommandHandler (DeleteBlocksCommandHandler.java:processCmd(271)) - Start to delete container blocks, TXIDs=[1(24),2(24),3(24)], numOfContainers=3, numOfBlocks=3
2022-10-11 12:51:20,095 [BlockDeletingService#7] INFO  impl.FilePerBlockStrategy (FilePerBlockStrategy.java:deleteChunk(232)) - Deleted block file: /home/runner/work/ozone/ozone/hadoop-ozone/integration-test/target/test-dir/MiniOzoneClusterImpl-86edf0e9-7e2c-4cfe-baf2-13fb9c17952e/datanode-2/data-0/containers/hdds/86edf0e9-7e2c-4cfe-baf2-13fb9c17952e/current/containerDir0/3/chunks/109611004723200003.block
2022-10-11 12:51:20,095 [BlockDeletingService#2] INFO  impl.FilePerBlockStrategy (FilePerBlockStrategy.java:deleteChunk(232)) - Deleted block file: /home/runner/work/ozone/ozone/hadoop-ozone/integration-test/target/test-dir/MiniOzoneClusterImpl-86edf0e9-7e2c-4cfe-baf2-13fb9c17952e/datanode-2/data-0/containers/hdds/86edf0e9-7e2c-4cfe-baf2-13fb9c17952e/current/containerDir0/1/chunks/109611004723200001.block
2022-10-11 12:51:20,097 [BlockDeletingService#7] INFO  impl.FilePerBlockStrategy (FilePerBlockStrategy.java:deleteChunk(232)) - Deleted block file: /home/runner/work/ozone/ozone/hadoop-ozone/integration-test/target/test-dir/MiniOzoneClusterImpl-86edf0e9-7e2c-4cfe-baf2-13fb9c17952e/datanode-2/data-0/containers/hdds/86edf0e9-7e2c-4cfe-baf2-13fb9c17952e/current/containerDir0/2/chunks/109611004723200002.block
2022-10-11 12:51:20,110 [SCMBlockDeletingService#0] DEBUG block.SCMBlockDeletingService (SCMBlockDeletingService.java:call(131)) - Running DeletedBlockTransactionScanner
2022-10-11 12:51:20,110 [SCMBlockDeletingService#0] DEBUG block.SCMBlockDeletingService (DatanodeDeletedBlockTransactions.java:addTransactionToDN(50)) - Transaction added: 0edcf6db-22cd-4c8c-bdc6-3c11ab3ecd15 <- TX(1)
2022-10-11 12:51:20,110 [SCMBlockDeletingService#0] DEBUG block.SCMBlockDeletingService (DatanodeDeletedBlockTransactions.java:addTransactionToDN(50)) - Transaction added: 0edcf6db-22cd-4c8c-bdc6-3c11ab3ecd15 <- TX(2)
2022-10-11 12:51:20,110 [SCMBlockDeletingService#0] DEBUG block.SCMBlockDeletingService (DatanodeDeletedBlockTransactions.java:addTransactionToDN(50)) - Transaction added: 0edcf6db-22cd-4c8c-bdc6-3c11ab3ecd15 <- TX(3)
2022-10-11 12:51:20,110 [SCMBlockDeletingService#0] DEBUG block.SCMBlockDeletingService (SCMBlockDeletingService.java:call(162)) - Added delete block command for datanode 0edcf6db-22cd-4c8c-bdc6-3c11ab3ecd15 in the queue, number of delete block transactions: 3
2022-10-11 12:51:20,110 [SCMBlockDeletingService#0] INFO  block.SCMBlockDeletingService (SCMBlockDeletingService.java:call(172)) - Totally added 3 blocks to be deleted for 1 datanodes, task elapsed time: 1ms
2022-10-11 12:51:20,158 [Listener at 127.0.0.1/39939] INFO  ozoneimpl.OzoneContainer (OzoneContainer.java:stop(400)) - Attempting to stop container services.
2022-10-11 12:51:20,159 [Listener at 127.0.0.1/39939] INFO  server.RaftServer (RaftServerProxy.java:lambda$close$7(398)) - 8873ba3e-7da4-46f7-b1d3-8a39f1a1c208: close
2022-10-11 12:51:20,159 [Listener at 127.0.0.1/39939] INFO  server.RaftServer$Division (RaftServerImpl.java:lambda$close$4(434)) - 8873ba3e-7da4-46f7-b1d3-8a39f1a1c208@group-51D27DE71748: shutdown
2022-10-11 12:51:20,159 [Listener at 127.0.0.1/39939] INFO  util.JmxRegister (JmxRegister.java:unregister(73)) - Successfully un-registered JMX Bean with object name Ratis:service=RaftServer,group=group-51D27DE71748,id=8873ba3e-7da4-46f7-b1d3-8a39f1a1c208
2022-10-11 12:51:20,160 [Listener at 127.0.0.1/39939] INFO  impl.RoleInfo (RoleInfo.java:shutdownFollowerState(110)) - 8873ba3e-7da4-46f7-b1d3-8a39f1a1c208: shutdown 8873ba3e-7da4-46f7-b1d3-8a39f1a1c208@group-51D27DE71748-FollowerState
2022-10-11 12:51:20,160 [Listener at 127.0.0.1/39939] INFO  impl.StateMachineUpdater (StateMachineUpdater.java:stopAndJoin(153)) - 8873ba3e-7da4-46f7-b1d3-8a39f1a1c208@group-51D27DE71748-StateMachineUpdater: set stopIndex = 0
2022-10-11 12:51:20,160 [8873ba3e-7da4-46f7-b1d3-8a39f1a1c208@group-51D27DE71748-StateMachineUpdater] INFO  ratis.ContainerStateMachine (ContainerStateMachine.java:takeSnapshot(304)) - group-51D27DE71748: Taking a snapshot at:(t:4, i:0) file /home/runner/work/ozone/ozone/hadoop-ozone/integration-test/target/test-dir/MiniOzoneClusterImpl-86edf0e9-7e2c-4cfe-baf2-13fb9c17952e/datanode-0/data/ratis/c6e6a251-f79a-43ff-b19e-51d27de71748/sm/snapshot.4_0
2022-10-11 12:51:20,160 [8873ba3e-7da4-46f7-b1d3-8a39f1a1c208@group-51D27DE71748-FollowerState] INFO  impl.FollowerState (FollowerState.java:run(152)) - 8873ba3e-7da4-46f7-b1d3-8a39f1a1c208@group-51D27DE71748-FollowerState was interrupted
2022-10-11 12:51:20,162 [8873ba3e-7da4-46f7-b1d3-8a39f1a1c208@group-51D27DE71748-StateMachineUpdater] INFO  ratis.ContainerStateMachine (ContainerStateMachine.java:takeSnapshot(315)) - group-51D27DE71748: Finished taking a snapshot at:(t:4, i:0) file:/home/runner/work/ozone/ozone/hadoop-ozone/integration-test/target/test-dir/MiniOzoneClusterImpl-86edf0e9-7e2c-4cfe-baf2-13fb9c17952e/datanode-0/data/ratis/c6e6a251-f79a-43ff-b19e-51d27de71748/sm/snapshot.4_0 took: 1 ms
2022-10-11 12:51:20,162 [8873ba3e-7da4-46f7-b1d3-8a39f1a1c208@group-51D27DE71748-StateMachineUpdater] INFO  impl.StateMachineUpdater (StateMachineUpdater.java:takeSnapshot(287)) - 8873ba3e-7da4-46f7-b1d3-8a39f1a1c208@group-51D27DE71748-StateMachineUpdater: Took a snapshot at index 0
2022-10-11 12:51:20,162 [8873ba3e-7da4-46f7-b1d3-8a39f1a1c208@group-51D27DE71748-StateMachineUpdater] INFO  impl.StateMachineUpdater (StateMachineUpdater.java:lambda$new$0(92)) - 8873ba3e-7da4-46f7-b1d3-8a39f1a1c208@group-51D27DE71748-StateMachineUpdater: snapshotIndex: updateIncreasingly -1 -> 0
2022-10-11 12:51:20,162 [Listener at 127.0.0.1/39939] INFO  server.RaftServer$Division (ServerState.java:close(429)) - 8873ba3e-7da4-46f7-b1d3-8a39f1a1c208@group-51D27DE71748: closes. applyIndex: 0
2022-10-11 12:51:20,163 [8873ba3e-7da4-46f7-b1d3-8a39f1a1c208@group-51D27DE71748-SegmentedRaftLogWorker] INFO  segmented.SegmentedRaftLogWorker (SegmentedRaftLogWorker.java:run(336)) - 8873ba3e-7da4-46f7-b1d3-8a39f1a1c208@group-51D27DE71748-SegmentedRaftLogWorker was interrupted, exiting. There are 0 tasks remaining in the queue.
2022-10-11 12:51:20,164 [Listener at 127.0.0.1/39939] INFO  segmented.SegmentedRaftLogWorker (SegmentedRaftLogWorker.java:close(246)) - 8873ba3e-7da4-46f7-b1d3-8a39f1a1c208@group-51D27DE71748-SegmentedRaftLogWorker close()
2022-10-11 12:51:20,166 [Listener at 127.0.0.1/39939] INFO  server.GrpcService (GrpcService.java:closeImpl(269)) - 8873ba3e-7da4-46f7-b1d3-8a39f1a1c208: shutdown server with port 41043 now
2022-10-11 12:51:20,168 [grpc-default-executor-4] WARN  server.GrpcServerProtocolService (LogUtils.java:warn(122)) - 8873ba3e-7da4-46f7-b1d3-8a39f1a1c208: installSnapshot onError, lastRequest: 0edcf6db-22cd-4c8c-bdc6-3c11ab3ecd15->8873ba3e-7da4-46f7-b1d3-8a39f1a1c208#1-t4,previous=(t:0, i:0),leaderCommit=0,initializing? true,entries: size=1, first=(t:4, i:0), CONFIGURATIONENTRY: org.apache.ratis.thirdparty.io.grpc.StatusRuntimeException: CANCELLED: client cancelled
2022-10-11 12:51:20,168 [grpc-default-executor-5] WARN  server.GrpcLogAppender (LogUtils.java:warn(122)) - 0edcf6db-22cd-4c8c-bdc6-3c11ab3ecd15@group-51D27DE71748->8873ba3e-7da4-46f7-b1d3-8a39f1a1c208-AppendLogResponseHandler: Failed appendEntries: org.apache.ratis.thirdparty.io.grpc.StatusRuntimeException: CANCELLED: RST_STREAM closed stream. HTTP/2 error code: CANCEL
2022-10-11 12:51:20,168 [grpc-default-executor-5] WARN  server.GrpcLogAppender (GrpcLogAppender.java:resetClient(111)) - 0edcf6db-22cd-4c8c-bdc6-3c11ab3ecd15@group-51D27DE71748->8873ba3e-7da4-46f7-b1d3-8a39f1a1c208-GrpcLogAppender: Leader has not got in touch with Follower 0edcf6db-22cd-4c8c-bdc6-3c11ab3ecd15@group-51D27DE71748->8873ba3e-7da4-46f7-b1d3-8a39f1a1c208(c0,m0,n1, attendVote=true, lastRpcSendTime=1558, lastRpcResponseTime=1555) yet, just keep nextIndex unchanged and retry.
2022-10-11 12:51:20,172 [Listener at 127.0.0.1/39939] INFO  server.GrpcService (GrpcService.java:closeImpl(278)) - 8873ba3e-7da4-46f7-b1d3-8a39f1a1c208: shutdown server with port 41043 successfully
2022-10-11 12:51:20,173 [org.apache.ratis.util.JvmPauseMonitor$$Lambda$703/795293305@caf46d5] INFO  util.JvmPauseMonitor (JvmPauseMonitor.java:run(109)) - JvmPauseMonitor-8873ba3e-7da4-46f7-b1d3-8a39f1a1c208: Stopped
2022-10-11 12:51:20,210 [SCMBlockDeletingService#0] DEBUG block.SCMBlockDeletingService (SCMBlockDeletingService.java:call(131)) - Running DeletedBlockTransactionScanner
2022-10-11 12:51:20,210 [SCMBlockDeletingService#0] DEBUG block.SCMBlockDeletingService (DatanodeDeletedBlockTransactions.java:addTransactionToDN(50)) - Transaction added: 0edcf6db-22cd-4c8c-bdc6-3c11ab3ecd15 <- TX(1)
2022-10-11 12:51:20,210 [SCMBlockDeletingService#0] DEBUG block.SCMBlockDeletingService (DatanodeDeletedBlockTransactions.java:addTransactionToDN(50)) - Transaction added: 0edcf6db-22cd-4c8c-bdc6-3c11ab3ecd15 <- TX(2)
2022-10-11 12:51:20,210 [SCMBlockDeletingService#0] DEBUG block.SCMBlockDeletingService (DatanodeDeletedBlockTransactions.java:addTransactionToDN(50)) - Transaction added: 0edcf6db-22cd-4c8c-bdc6-3c11ab3ecd15 <- TX(3)
2022-10-11 12:51:20,211 [SCMBlockDeletingService#0] DEBUG block.SCMBlockDeletingService (SCMBlockDeletingService.java:call(162)) - Added delete block command for datanode 0edcf6db-22cd-4c8c-bdc6-3c11ab3ecd15 in the queue, number of delete block transactions: 3
2022-10-11 12:51:20,211 [SCMBlockDeletingService#0] INFO  block.SCMBlockDeletingService (SCMBlockDeletingService.java:call(172)) - Totally added 3 blocks to be deleted for 1 datanodes, task elapsed time: 1ms
2022-10-11 12:51:20,281 [EventQueue-DeleteBlockStatusForDeletedBlockLogImpl] DEBUG block.DeletedBlockLogImpl (DeletedBlockLogImpl.java:isTransactionFailed(303)) - Got block deletion ACK from datanode, TXIDs=1, success=true
2022-10-11 12:51:20,283 [EventQueue-DeleteBlockStatusForDeletedBlockLogImpl] DEBUG block.DeletedBlockLogImpl (DeletedBlockLogImpl.java:commitTransactions(275)) - Purging txId=1 from block deletion log
2022-10-11 12:51:20,283 [EventQueue-DeleteBlockStatusForDeletedBlockLogImpl] DEBUG block.DeletedBlockLogImpl (DeletedBlockLogImpl.java:commitTransactions(281)) - Datanode txId=1 containerId=#1 committed by dnId=0edcf6db-22cd-4c8c-bdc6-3c11ab3ecd15
2022-10-11 12:51:20,283 [EventQueue-DeleteBlockStatusForDeletedBlockLogImpl] DEBUG block.DeletedBlockLogImpl (DeletedBlockLogImpl.java:isTransactionFailed(303)) - Got block deletion ACK from datanode, TXIDs=2, success=true
2022-10-11 12:51:20,283 [EventQueue-DeleteBlockStatusForDeletedBlockLogImpl] DEBUG block.DeletedBlockLogImpl (DeletedBlockLogImpl.java:commitTransactions(275)) - Purging txId=2 from block deletion log
2022-10-11 12:51:20,283 [EventQueue-DeleteBlockStatusForDeletedBlockLogImpl] DEBUG block.DeletedBlockLogImpl (DeletedBlockLogImpl.java:commitTransactions(281)) - Datanode txId=2 containerId=#2 committed by dnId=0edcf6db-22cd-4c8c-bdc6-3c11ab3ecd15
2022-10-11 12:51:20,283 [EventQueue-DeleteBlockStatusForDeletedBlockLogImpl] DEBUG block.DeletedBlockLogImpl (DeletedBlockLogImpl.java:isTransactionFailed(303)) - Got block deletion ACK from datanode, TXIDs=3, success=true
2022-10-11 12:51:20,284 [EventQueue-DeleteBlockStatusForDeletedBlockLogImpl] DEBUG block.DeletedBlockLogImpl (DeletedBlockLogImpl.java:commitTransactions(275)) - Purging txId=3 from block deletion log
2022-10-11 12:51:20,284 [EventQueue-DeleteBlockStatusForDeletedBlockLogImpl] DEBUG block.DeletedBlockLogImpl (DeletedBlockLogImpl.java:commitTransactions(281)) - Datanode txId=3 containerId=#3 committed by dnId=0edcf6db-22cd-4c8c-bdc6-3c11ab3ecd15
2022-10-11 12:51:20,284 [EventQueue-DeleteBlockStatusForDeletedBlockLogImpl] DEBUG block.DeletedBlockLogImpl (DeletedBlockLogImpl.java:isTransactionFailed(303)) - Got block deletion ACK from datanode, TXIDs=1, success=true
2022-10-11 12:51:20,284 [EventQueue-DeleteBlockStatusForDeletedBlockLogImpl] DEBUG block.DeletedBlockLogImpl (DeletedBlockLogImpl.java:commitTransactions(249)) - Transaction txId=1 commit by dnId=0edcf6db-22cd-4c8c-bdc6-3c11ab3ecd15 for containerID=#1 failed. Corresponding entry not found.
2022-10-11 12:51:20,284 [EventQueue-DeleteBlockStatusForDeletedBlockLogImpl] DEBUG block.DeletedBlockLogImpl (DeletedBlockLogImpl.java:isTransactionFailed(303)) - Got block deletion ACK from datanode, TXIDs=2, success=true
2022-10-11 12:51:20,284 [EventQueue-DeleteBlockStatusForDeletedBlockLogImpl] DEBUG block.DeletedBlockLogImpl (DeletedBlockLogImpl.java:commitTransactions(249)) - Transaction txId=2 commit by dnId=0edcf6db-22cd-4c8c-bdc6-3c11ab3ecd15 for containerID=#2 failed. Corresponding entry not found.
2022-10-11 12:51:20,284 [EventQueue-DeleteBlockStatusForDeletedBlockLogImpl] DEBUG block.DeletedBlockLogImpl (DeletedBlockLogImpl.java:isTransactionFailed(303)) - Got block deletion ACK from datanode, TXIDs=3, success=true
2022-10-11 12:51:20,284 [EventQueue-DeleteBlockStatusForDeletedBlockLogImpl] DEBUG block.DeletedBlockLogImpl (DeletedBlockLogImpl.java:commitTransactions(249)) - Transaction txId=3 commit by dnId=0edcf6db-22cd-4c8c-bdc6-3c11ab3ecd15 for containerID=#3 failed. Corresponding entry not found.
2022-10-11 12:51:20,284 [EventQueue-DeleteBlockStatusForDeletedBlockLogImpl] DEBUG block.DeletedBlockLogImpl (DeletedBlockLogImpl.java:isTransactionFailed(303)) - Got block deletion ACK from datanode, TXIDs=1, success=true
2022-10-11 12:51:20,284 [EventQueue-DeleteBlockStatusForDeletedBlockLogImpl] DEBUG block.DeletedBlockLogImpl (DeletedBlockLogImpl.java:commitTransactions(249)) - Transaction txId=1 commit by dnId=0edcf6db-22cd-4c8c-bdc6-3c11ab3ecd15 for containerID=#1 failed. Corresponding entry not found.
2022-10-11 12:51:20,284 [EventQueue-DeleteBlockStatusForDeletedBlockLogImpl] DEBUG block.DeletedBlockLogImpl (DeletedBlockLogImpl.java:isTransactionFailed(303)) - Got block deletion ACK from datanode, TXIDs=2, success=true
2022-10-11 12:51:20,284 [EventQueue-DeleteBlockStatusForDeletedBlockLogImpl] DEBUG block.DeletedBlockLogImpl (DeletedBlockLogImpl.java:commitTransactions(249)) - Transaction txId=2 commit by dnId=0edcf6db-22cd-4c8c-bdc6-3c11ab3ecd15 for containerID=#2 failed. Corresponding entry not found.
2022-10-11 12:51:20,284 [EventQueue-DeleteBlockStatusForDeletedBlockLogImpl] DEBUG block.DeletedBlockLogImpl (DeletedBlockLogImpl.java:isTransactionFailed(303)) - Got block deletion ACK from datanode, TXIDs=3, success=true
2022-10-11 12:51:20,284 [EventQueue-DeleteBlockStatusForDeletedBlockLogImpl] DEBUG block.DeletedBlockLogImpl (DeletedBlockLogImpl.java:commitTransactions(249)) - Transaction txId=3 commit by dnId=0edcf6db-22cd-4c8c-bdc6-3c11ab3ecd15 for containerID=#3 failed. Corresponding entry not found.
2022-10-11 12:51:20,284 [EventQueue-DeleteBlockStatusForDeletedBlockLogImpl] DEBUG block.DeletedBlockLogImpl (DeletedBlockLogImpl.java:isTransactionFailed(303)) - Got block deletion ACK from datanode, TXIDs=1, success=true
2022-10-11 12:51:20,285 [EventQueue-DeleteBlockStatusForDeletedBlockLogImpl] DEBUG block.DeletedBlockLogImpl (DeletedBlockLogImpl.java:commitTransactions(249)) - Transaction txId=1 commit by dnId=0edcf6db-22cd-4c8c-bdc6-3c11ab3ecd15 for containerID=#1 failed. Corresponding entry not found.
2022-10-11 12:51:20,285 [EventQueue-DeleteBlockStatusForDeletedBlockLogImpl] DEBUG block.DeletedBlockLogImpl (DeletedBlockLogImpl.java:isTransactionFailed(303)) - Got block deletion ACK from datanode, TXIDs=2, success=true
2022-10-11 12:51:20,285 [EventQueue-DeleteBlockStatusForDeletedBlockLogImpl] DEBUG block.DeletedBlockLogImpl (DeletedBlockLogImpl.java:commitTransactions(249)) - Transaction txId=2 commit by dnId=0edcf6db-22cd-4c8c-bdc6-3c11ab3ecd15 for containerID=#2 failed. Corresponding entry not found.
2022-10-11 12:51:20,285 [EventQueue-DeleteBlockStatusForDeletedBlockLogImpl] DEBUG block.DeletedBlockLogImpl (DeletedBlockLogImpl.java:isTransactionFailed(303)) - Got block deletion ACK from datanode, TXIDs=3, success=true
2022-10-11 12:51:20,285 [EventQueue-DeleteBlockStatusForDeletedBlockLogImpl] DEBUG block.DeletedBlockLogImpl (DeletedBlockLogImpl.java:commitTransactions(249)) - Transaction txId=3 commit by dnId=0edcf6db-22cd-4c8c-bdc6-3c11ab3ecd15 for containerID=#3 failed. Corresponding entry not found.
2022-10-11 12:51:20,285 [EventQueue-DeleteBlockStatusForDeletedBlockLogImpl] DEBUG block.DeletedBlockLogImpl (DeletedBlockLogImpl.java:isTransactionFailed(303)) - Got block deletion ACK from datanode, TXIDs=1, success=true
2022-10-11 12:51:20,285 [EventQueue-DeleteBlockStatusForDeletedBlockLogImpl] DEBUG block.DeletedBlockLogImpl (DeletedBlockLogImpl.java:commitTransactions(249)) - Transaction txId=1 commit by dnId=0edcf6db-22cd-4c8c-bdc6-3c11ab3ecd15 for containerID=#1 failed. Corresponding entry not found.
2022-10-11 12:51:20,285 [EventQueue-DeleteBlockStatusForDeletedBlockLogImpl] DEBUG block.DeletedBlockLogImpl (DeletedBlockLogImpl.java:isTransactionFailed(303)) - Got block deletion ACK from datanode, TXIDs=2, success=true
2022-10-11 12:51:20,285 [EventQueue-DeleteBlockStatusForDeletedBlockLogImpl] DEBUG block.DeletedBlockLogImpl (DeletedBlockLogImpl.java:commitTransactions(249)) - Transaction txId=2 commit by dnId=0edcf6db-22cd-4c8c-bdc6-3c11ab3ecd15 for containerID=#2 failed. Corresponding entry not found.
2022-10-11 12:51:20,285 [EventQueue-DeleteBlockStatusForDeletedBlockLogImpl] DEBUG block.DeletedBlockLogImpl (DeletedBlockLogImpl.java:isTransactionFailed(303)) - Got block deletion ACK from datanode, TXIDs=3, success=true
2022-10-11 12:51:20,285 [EventQueue-DeleteBlockStatusForDeletedBlockLogImpl] DEBUG block.DeletedBlockLogImpl (DeletedBlockLogImpl.java:commitTransactions(249)) - Transaction txId=3 commit by dnId=0edcf6db-22cd-4c8c-bdc6-3c11ab3ecd15 for containerID=#3 failed. Corresponding entry not found.
2022-10-11 12:51:20,285 [EventQueue-DeleteBlockStatusForDeletedBlockLogImpl] DEBUG block.DeletedBlockLogImpl (DeletedBlockLogImpl.java:isTransactionFailed(303)) - Got block deletion ACK from datanode, TXIDs=1, success=true
2022-10-11 12:51:20,285 [EventQueue-DeleteBlockStatusForDeletedBlockLogImpl] DEBUG block.DeletedBlockLogImpl (DeletedBlockLogImpl.java:commitTransactions(249)) - Transaction txId=1 commit by dnId=0edcf6db-22cd-4c8c-bdc6-3c11ab3ecd15 for containerID=#1 failed. Corresponding entry not found.
2022-10-11 12:51:20,285 [EventQueue-DeleteBlockStatusForDeletedBlockLogImpl] DEBUG block.DeletedBlockLogImpl (DeletedBlockLogImpl.java:isTransactionFailed(303)) - Got block deletion ACK from datanode, TXIDs=2, success=true
2022-10-11 12:51:20,285 [EventQueue-DeleteBlockStatusForDeletedBlockLogImpl] DEBUG block.DeletedBlockLogImpl (DeletedBlockLogImpl.java:commitTransactions(249)) - Transaction txId=2 commit by dnId=0edcf6db-22cd-4c8c-bdc6-3c11ab3ecd15 for containerID=#2 failed. Corresponding entry not found.
2022-10-11 12:51:20,285 [EventQueue-DeleteBlockStatusForDeletedBlockLogImpl] DEBUG block.DeletedBlockLogImpl (DeletedBlockLogImpl.java:isTransactionFailed(303)) - Got block deletion ACK from datanode, TXIDs=3, success=true
2022-10-11 12:51:20,285 [EventQueue-DeleteBlockStatusForDeletedBlockLogImpl] DEBUG block.DeletedBlockLogImpl (DeletedBlockLogImpl.java:commitTransactions(249)) - Transaction txId=3 commit by dnId=0edcf6db-22cd-4c8c-bdc6-3c11ab3ecd15 for containerID=#3 failed. Corresponding entry not found.
2022-10-11 12:51:20,285 [EventQueue-DeleteBlockStatusForDeletedBlockLogImpl] DEBUG block.DeletedBlockLogImpl (DeletedBlockLogImpl.java:isTransactionFailed(303)) - Got block deletion ACK from datanode, TXIDs=1, success=true
2022-10-11 12:51:20,285 [EventQueue-DeleteBlockStatusForDeletedBlockLogImpl] DEBUG block.DeletedBlockLogImpl (DeletedBlockLogImpl.java:commitTransactions(249)) - Transaction txId=1 commit by dnId=0edcf6db-22cd-4c8c-bdc6-3c11ab3ecd15 for containerID=#1 failed. Corresponding entry not found.
2022-10-11 12:51:20,285 [EventQueue-DeleteBlockStatusForDeletedBlockLogImpl] DEBUG block.DeletedBlockLogImpl (DeletedBlockLogImpl.java:isTransactionFailed(303)) - Got block deletion ACK from datanode, TXIDs=2, success=true
2022-10-11 12:51:20,285 [EventQueue-DeleteBlockStatusForDeletedBlockLogImpl] DEBUG block.DeletedBlockLogImpl (DeletedBlockLogImpl.java:commitTransactions(249)) - Transaction txId=2 commit by dnId=0edcf6db-22cd-4c8c-bdc6-3c11ab3ecd15 for containerID=#2 failed. Corresponding entry not found.
2022-10-11 12:51:20,285 [EventQueue-DeleteBlockStatusForDeletedBlockLogImpl] DEBUG block.DeletedBlockLogImpl (DeletedBlockLogImpl.java:isTransactionFailed(303)) - Got block deletion ACK from datanode, TXIDs=3, success=true
2022-10-11 12:51:20,285 [EventQueue-DeleteBlockStatusForDeletedBlockLogImpl] DEBUG block.DeletedBlockLogImpl (DeletedBlockLogImpl.java:commitTransactions(249)) - Transaction txId=3 commit by dnId=0edcf6db-22cd-4c8c-bdc6-3c11ab3ecd15 for containerID=#3 failed. Corresponding entry not found.
2022-10-11 12:51:20,285 [EventQueue-DeleteBlockStatusForDeletedBlockLogImpl] DEBUG block.DeletedBlockLogImpl (DeletedBlockLogImpl.java:isTransactionFailed(303)) - Got block deletion ACK from datanode, TXIDs=1, success=true
2022-10-11 12:51:20,285 [EventQueue-DeleteBlockStatusForDeletedBlockLogImpl] DEBUG block.DeletedBlockLogImpl (DeletedBlockLogImpl.java:commitTransactions(249)) - Transaction txId=1 commit by dnId=0edcf6db-22cd-4c8c-bdc6-3c11ab3ecd15 for containerID=#1 failed. Corresponding entry not found.
2022-10-11 12:51:20,285 [EventQueue-DeleteBlockStatusForDeletedBlockLogImpl] DEBUG block.DeletedBlockLogImpl (DeletedBlockLogImpl.java:isTransactionFailed(303)) - Got block deletion ACK from datanode, TXIDs=2, success=true
2022-10-11 12:51:20,285 [EventQueue-DeleteBlockStatusForDeletedBlockLogImpl] DEBUG block.DeletedBlockLogImpl (DeletedBlockLogImpl.java:commitTransactions(249)) - Transaction txId=2 commit by dnId=0edcf6db-22cd-4c8c-bdc6-3c11ab3ecd15 for containerID=#2 failed. Corresponding entry not found.
2022-10-11 12:51:20,285 [EventQueue-DeleteBlockStatusForDeletedBlockLogImpl] DEBUG block.DeletedBlockLogImpl (DeletedBlockLogImpl.java:isTransactionFailed(303)) - Got block deletion ACK from datanode, TXIDs=3, success=true
2022-10-11 12:51:20,285 [EventQueue-DeleteBlockStatusForDeletedBlockLogImpl] DEBUG block.DeletedBlockLogImpl (DeletedBlockLogImpl.java:commitTransactions(249)) - Transaction txId=3 commit by dnId=0edcf6db-22cd-4c8c-bdc6-3c11ab3ecd15 for containerID=#3 failed. Corresponding entry not found.
2022-10-11 12:51:20,286 [EventQueue-DeleteBlockStatusForDeletedBlockLogImpl] DEBUG block.DeletedBlockLogImpl (DeletedBlockLogImpl.java:isTransactionFailed(303)) - Got block deletion ACK from datanode, TXIDs=1, success=true
2022-10-11 12:51:20,286 [EventQueue-DeleteBlockStatusForDeletedBlockLogImpl] DEBUG block.DeletedBlockLogImpl (DeletedBlockLogImpl.java:commitTransactions(249)) - Transaction txId=1 commit by dnId=0edcf6db-22cd-4c8c-bdc6-3c11ab3ecd15 for containerID=#1 failed. Corresponding entry not found.
2022-10-11 12:51:20,286 [EventQueue-DeleteBlockStatusForDeletedBlockLogImpl] DEBUG block.DeletedBlockLogImpl (DeletedBlockLogImpl.java:isTransactionFailed(303)) - Got block deletion ACK from datanode, TXIDs=2, success=true
2022-10-11 12:51:20,286 [EventQueue-DeleteBlockStatusForDeletedBlockLogImpl] DEBUG block.DeletedBlockLogImpl (DeletedBlockLogImpl.java:commitTransactions(249)) - Transaction txId=2 commit by dnId=0edcf6db-22cd-4c8c-bdc6-3c11ab3ecd15 for containerID=#2 failed. Corresponding entry not found.
2022-10-11 12:51:20,286 [EventQueue-DeleteBlockStatusForDeletedBlockLogImpl] DEBUG block.DeletedBlockLogImpl (DeletedBlockLogImpl.java:isTransactionFailed(303)) - Got block deletion ACK from datanode, TXIDs=3, success=true
2022-10-11 12:51:20,286 [EventQueue-DeleteBlockStatusForDeletedBlockLogImpl] DEBUG block.DeletedBlockLogImpl (DeletedBlockLogImpl.java:commitTransactions(249)) - Transaction txId=3 commit by dnId=0edcf6db-22cd-4c8c-bdc6-3c11ab3ecd15 for containerID=#3 failed. Corresponding entry not found.
2022-10-11 12:51:20,286 [EventQueue-DeleteBlockStatusForDeletedBlockLogImpl] DEBUG block.DeletedBlockLogImpl (DeletedBlockLogImpl.java:isTransactionFailed(303)) - Got block deletion ACK from datanode, TXIDs=1, success=true
2022-10-11 12:51:20,286 [EventQueue-DeleteBlockStatusForDeletedBlockLogImpl] DEBUG block.DeletedBlockLogImpl (DeletedBlockLogImpl.java:commitTransactions(249)) - Transaction txId=1 commit by dnId=0edcf6db-22cd-4c8c-bdc6-3c11ab3ecd15 for containerID=#1 failed. Corresponding entry not found.
2022-10-11 12:51:20,286 [EventQueue-DeleteBlockStatusForDeletedBlockLogImpl] DEBUG block.DeletedBlockLogImpl (DeletedBlockLogImpl.java:isTransactionFailed(303)) - Got block deletion ACK from datanode, TXIDs=2, success=true
2022-10-11 12:51:20,286 [EventQueue-DeleteBlockStatusForDeletedBlockLogImpl] DEBUG block.DeletedBlockLogImpl (DeletedBlockLogImpl.java:commitTransactions(249)) - Transaction txId=2 commit by dnId=0edcf6db-22cd-4c8c-bdc6-3c11ab3ecd15 for containerID=#2 failed. Corresponding entry not found.
2022-10-11 12:51:20,286 [EventQueue-DeleteBlockStatusForDeletedBlockLogImpl] DEBUG block.DeletedBlockLogImpl (DeletedBlockLogImpl.java:isTransactionFailed(303)) - Got block deletion ACK from datanode, TXIDs=3, success=true
2022-10-11 12:51:20,286 [EventQueue-DeleteBlockStatusForDeletedBlockLogImpl] DEBUG block.DeletedBlockLogImpl (DeletedBlockLogImpl.java:commitTransactions(249)) - Transaction txId=3 commit by dnId=0edcf6db-22cd-4c8c-bdc6-3c11ab3ecd15 for containerID=#3 failed. Corresponding entry not found.
2022-10-11 12:51:20,310 [SCMBlockDeletingService#0] DEBUG block.SCMBlockDeletingService (SCMBlockDeletingService.java:call(131)) - Running DeletedBlockTransactionScanner
2022-10-11 12:51:20,410 [SCMBlockDeletingService#0] DEBUG block.SCMBlockDeletingService (SCMBlockDeletingService.java:call(131)) - Running DeletedBlockTransactionScanner
2022-10-11 12:51:20,510 [SCMBlockDeletingService#0] DEBUG block.SCMBlockDeletingService (SCMBlockDeletingService.java:call(131)) - Running DeletedBlockTransactionScanner
2022-10-11 12:51:20,610 [SCMBlockDeletingService#0] DEBUG block.SCMBlockDeletingService (SCMBlockDeletingService.java:call(131)) - Running DeletedBlockTransactionScanner
2022-10-11 12:51:20,710 [SCMBlockDeletingService#0] DEBUG block.SCMBlockDeletingService (SCMBlockDeletingService.java:call(131)) - Running DeletedBlockTransactionScanner
2022-10-11 12:51:20,810 [SCMBlockDeletingService#0] DEBUG block.SCMBlockDeletingService (SCMBlockDeletingService.java:call(131)) - Running DeletedBlockTransactionScanner
2022-10-11 12:51:20,910 [SCMBlockDeletingService#0] DEBUG block.SCMBlockDeletingService (SCMBlockDeletingService.java:call(131)) - Running DeletedBlockTransactionScanner
2022-10-11 12:51:21,011 [SCMBlockDeletingService#0] DEBUG block.SCMBlockDeletingService (SCMBlockDeletingService.java:call(131)) - Running DeletedBlockTransactionScanner
2022-10-11 12:51:21,111 [SCMBlockDeletingService#0] DEBUG block.SCMBlockDeletingService (SCMBlockDeletingService.java:call(131)) - Running DeletedBlockTransactionScanner
2022-10-11 12:51:21,118 [grpc-default-executor-0] WARN  server.GrpcLogAppender (LogUtils.java:warn(122)) - 0edcf6db-22cd-4c8c-bdc6-3c11ab3ecd15@group-51D27DE71748->8873ba3e-7da4-46f7-b1d3-8a39f1a1c208-AppendLogResponseHandler: Failed appendEntries: org.apache.ratis.thirdparty.io.grpc.StatusRuntimeException: UNAVAILABLE: io exception
2022-10-11 12:51:21,119 [grpc-default-executor-0] WARN  server.GrpcLogAppender (GrpcLogAppender.java:resetClient(111)) - 0edcf6db-22cd-4c8c-bdc6-3c11ab3ecd15@group-51D27DE71748->8873ba3e-7da4-46f7-b1d3-8a39f1a1c208-GrpcLogAppender: Leader has not got in touch with Follower 0edcf6db-22cd-4c8c-bdc6-3c11ab3ecd15@group-51D27DE71748->8873ba3e-7da4-46f7-b1d3-8a39f1a1c208(c0,m0,n1, attendVote=true, lastRpcSendTime=5, lastRpcResponseTime=2506) yet, just keep nextIndex unchanged and retry.
2022-10-11 12:51:21,211 [SCMBlockDeletingService#0] DEBUG block.SCMBlockDeletingService (SCMBlockDeletingService.java:call(131)) - Running DeletedBlockTransactionScanner
2022-10-11 12:51:21,311 [SCMBlockDeletingService#0] DEBUG block.SCMBlockDeletingService (SCMBlockDeletingService.java:call(131)) - Running DeletedBlockTransactionScanner
2022-10-11 12:51:21,411 [SCMBlockDeletingService#0] DEBUG block.SCMBlockDeletingService (SCMBlockDeletingService.java:call(131)) - Running DeletedBlockTransactionScanner
2022-10-11 12:51:21,511 [SCMBlockDeletingService#0] DEBUG block.SCMBlockDeletingService (SCMBlockDeletingService.java:call(131)) - Running DeletedBlockTransactionScanner
2022-10-11 12:51:21,611 [SCMBlockDeletingService#0] DEBUG block.SCMBlockDeletingService (SCMBlockDeletingService.java:call(131)) - Running DeletedBlockTransactionScanner
2022-10-11 12:51:21,676 [org.apache.hadoop.ozone.container.common.statemachine.commandhandler.DeleteBlocksCommandHandler$DeleteCmdWorker@16d11d28] INFO  commandhandler.DeleteBlocksCommandHandler (DeleteBlocksCommandHandler.java:processCmd(271)) - Start to delete container blocks, TXIDs=[1(12),2(12),3(12)], numOfContainers=3, numOfBlocks=3
2022-10-11 12:51:21,676 [org.apache.hadoop.ozone.container.common.statemachine.commandhandler.DeleteBlocksCommandHandler$DeleteCmdWorker@16d11d28] INFO  commandhandler.DeleteBlocksCommandHandler (DeleteBlocksCommandHandler.java:processCmd(271)) - Start to delete container blocks, TXIDs=[1(12),2(12),3(12)], numOfContainers=3, numOfBlocks=3
2022-10-11 12:51:21,676 [org.apache.hadoop.ozone.container.common.statemachine.commandhandler.DeleteBlocksCommandHandler$DeleteCmdWorker@16d11d28] INFO  commandhandler.DeleteBlocksCommandHandler (DeleteBlocksCommandHandler.java:processCmd(271)) - Start to delete container blocks, TXIDs=[1(18),2(18),3(18)], numOfContainers=3, numOfBlocks=3
2022-10-11 12:51:21,676 [org.apache.hadoop.ozone.container.common.statemachine.commandhandler.DeleteBlocksCommandHandler$DeleteCmdWorker@16d11d28] INFO  commandhandler.DeleteBlocksCommandHandler (DeleteBlocksCommandHandler.java:processCmd(271)) - Start to delete container blocks, TXIDs=[1(18),2(18),3(18)], numOfContainers=3, numOfBlocks=3
2022-10-11 12:51:21,677 [org.apache.hadoop.ozone.container.common.statemachine.commandhandler.DeleteBlocksCommandHandler$DeleteCmdWorker@16d11d28] INFO  commandhandler.DeleteBlocksCommandHandler (DeleteBlocksCommandHandler.java:processCmd(271)) - Start to delete container blocks, TXIDs=[1(24),2(24),3(24)], numOfContainers=3, numOfBlocks=3
2022-10-11 12:51:21,677 [org.apache.hadoop.ozone.container.common.statemachine.commandhandler.DeleteBlocksCommandHandler$DeleteCmdWorker@16d11d28] INFO  commandhandler.DeleteBlocksCommandHandler (DeleteBlocksCommandHandler.java:processCmd(271)) - Start to delete container blocks, TXIDs=[1(24),2(24),3(24)], numOfContainers=3, numOfBlocks=3
2022-10-11 12:51:21,677 [org.apache.hadoop.ozone.container.common.statemachine.commandhandler.DeleteBlocksCommandHandler$DeleteCmdWorker@16d11d28] INFO  commandhandler.DeleteBlocksCommandHandler (DeleteBlocksCommandHandler.java:processCmd(271)) - Start to delete container blocks, TXIDs=[1(30),2(30),3(30)], numOfContainers=3, numOfBlocks=3
2022-10-11 12:51:21,677 [org.apache.hadoop.ozone.container.common.statemachine.commandhandler.DeleteBlocksCommandHandler$DeleteCmdWorker@16d11d28] INFO  commandhandler.DeleteBlocksCommandHandler (DeleteBlocksCommandHandler.java:processCmd(271)) - Start to delete container blocks, TXIDs=[1(30),2(30),3(30)], numOfContainers=3, numOfBlocks=3
2022-10-11 12:51:21,677 [org.apache.hadoop.ozone.container.common.statemachine.commandhandler.DeleteBlocksCommandHandler$DeleteCmdWorker@16d11d28] INFO  commandhandler.DeleteBlocksCommandHandler (DeleteBlocksCommandHandler.java:processCmd(271)) - Start to delete container blocks, TXIDs=[1(34),2(34),3(34)], numOfContainers=3, numOfBlocks=3
2022-10-11 12:51:21,678 [org.apache.hadoop.ozone.container.common.statemachine.commandhandler.DeleteBlocksCommandHandler$DeleteCmdWorker@16d11d28] INFO  commandhandler.DeleteBlocksCommandHandler (DeleteBlocksCommandHandler.java:processCmd(271)) - Start to delete container blocks, TXIDs=[1(34),2(34),3(34)], numOfContainers=3, numOfBlocks=3
2022-10-11 12:51:21,711 [SCMBlockDeletingService#0] DEBUG block.SCMBlockDeletingService (SCMBlockDeletingService.java:call(131)) - Running DeletedBlockTransactionScanner
2022-10-11 12:51:21,811 [SCMBlockDeletingService#0] DEBUG block.SCMBlockDeletingService (SCMBlockDeletingService.java:call(131)) - Running DeletedBlockTransactionScanner
2022-10-11 12:51:21,868 [EventQueue-DeleteBlockStatusForDeletedBlockLogImpl] DEBUG block.DeletedBlockLogImpl (DeletedBlockLogImpl.java:isTransactionFailed(303)) - Got block deletion ACK from datanode, TXIDs=1, success=true
2022-10-11 12:51:21,868 [EventQueue-DeleteBlockStatusForDeletedBlockLogImpl] DEBUG block.DeletedBlockLogImpl (DeletedBlockLogImpl.java:commitTransactions(249)) - Transaction txId=1 commit by dnId=9e941ce3-1318-4d07-a6ad-837cafbdd6f8 for containerID=#1 failed. Corresponding entry not found.
2022-10-11 12:51:21,868 [EventQueue-DeleteBlockStatusForDeletedBlockLogImpl] DEBUG block.DeletedBlockLogImpl (DeletedBlockLogImpl.java:isTransactionFailed(303)) - Got block deletion ACK from datanode, TXIDs=2, success=true
2022-10-11 12:51:21,868 [EventQueue-DeleteBlockStatusForDeletedBlockLogImpl] DEBUG block.DeletedBlockLogImpl (DeletedBlockLogImpl.java:commitTransactions(249)) - Transaction txId=2 commit by dnId=9e941ce3-1318-4d07-a6ad-837cafbdd6f8 for containerID=#2 failed. Corresponding entry not found.
2022-10-11 12:51:21,868 [EventQueue-DeleteBlockStatusForDeletedBlockLogImpl] DEBUG block.DeletedBlockLogImpl (DeletedBlockLogImpl.java:isTransactionFailed(303)) - Got block deletion ACK from datanode, TXIDs=3, success=true
2022-10-11 12:51:21,868 [EventQueue-DeleteBlockStatusForDeletedBlockLogImpl] DEBUG block.DeletedBlockLogImpl (DeletedBlockLogImpl.java:commitTransactions(249)) - Transaction txId=3 commit by dnId=9e941ce3-1318-4d07-a6ad-837cafbdd6f8 for containerID=#3 failed. Corresponding entry not found.
2022-10-11 12:51:21,868 [EventQueue-DeleteBlockStatusForDeletedBlockLogImpl] DEBUG block.DeletedBlockLogImpl (DeletedBlockLogImpl.java:isTransactionFailed(303)) - Got block deletion ACK from datanode, TXIDs=1, success=true
2022-10-11 12:51:21,868 [EventQueue-DeleteBlockStatusForDeletedBlockLogImpl] DEBUG block.DeletedBlockLogImpl (DeletedBlockLogImpl.java:commitTransactions(249)) - Transaction txId=1 commit by dnId=9e941ce3-1318-4d07-a6ad-837cafbdd6f8 for containerID=#1 failed. Corresponding entry not found.
2022-10-11 12:51:21,868 [EventQueue-DeleteBlockStatusForDeletedBlockLogImpl] DEBUG block.DeletedBlockLogImpl (DeletedBlockLogImpl.java:isTransactionFailed(303)) - Got block deletion ACK from datanode, TXIDs=2, success=true
2022-10-11 12:51:21,868 [EventQueue-DeleteBlockStatusForDeletedBlockLogImpl] DEBUG block.DeletedBlockLogImpl (DeletedBlockLogImpl.java:commitTransactions(249)) - Transaction txId=2 commit by dnId=9e941ce3-1318-4d07-a6ad-837cafbdd6f8 for containerID=#2 failed. Corresponding entry not found.
2022-10-11 12:51:21,868 [EventQueue-DeleteBlockStatusForDeletedBlockLogImpl] DEBUG block.DeletedBlockLogImpl (DeletedBlockLogImpl.java:isTransactionFailed(303)) - Got block deletion ACK from datanode, TXIDs=3, success=true
2022-10-11 12:51:21,868 [EventQueue-DeleteBlockStatusForDeletedBlockLogImpl] DEBUG block.DeletedBlockLogImpl (DeletedBlockLogImpl.java:commitTransactions(249)) - Transaction txId=3 commit by dnId=9e941ce3-1318-4d07-a6ad-837cafbdd6f8 for containerID=#3 failed. Corresponding entry not found.
2022-10-11 12:51:21,868 [EventQueue-DeleteBlockStatusForDeletedBlockLogImpl] DEBUG block.DeletedBlockLogImpl (DeletedBlockLogImpl.java:isTransactionFailed(303)) - Got block deletion ACK from datanode, TXIDs=1, success=true
2022-10-11 12:51:21,868 [EventQueue-DeleteBlockStatusForDeletedBlockLogImpl] DEBUG block.DeletedBlockLogImpl (DeletedBlockLogImpl.java:commitTransactions(249)) - Transaction txId=1 commit by dnId=9e941ce3-1318-4d07-a6ad-837cafbdd6f8 for containerID=#1 failed. Corresponding entry not found.
2022-10-11 12:51:21,868 [EventQueue-DeleteBlockStatusForDeletedBlockLogImpl] DEBUG block.DeletedBlockLogImpl (DeletedBlockLogImpl.java:isTransactionFailed(303)) - Got block deletion ACK from datanode, TXIDs=2, success=true
2022-10-11 12:51:21,868 [EventQueue-DeleteBlockStatusForDeletedBlockLogImpl] DEBUG block.DeletedBlockLogImpl (DeletedBlockLogImpl.java:commitTransactions(249)) - Transaction txId=2 commit by dnId=9e941ce3-1318-4d07-a6ad-837cafbdd6f8 for containerID=#2 failed. Corresponding entry not found.
2022-10-11 12:51:21,868 [EventQueue-DeleteBlockStatusForDeletedBlockLogImpl] DEBUG block.DeletedBlockLogImpl (DeletedBlockLogImpl.java:isTransactionFailed(303)) - Got block deletion ACK from datanode, TXIDs=3, success=true
2022-10-11 12:51:21,868 [EventQueue-DeleteBlockStatusForDeletedBlockLogImpl] DEBUG block.DeletedBlockLogImpl (DeletedBlockLogImpl.java:commitTransactions(249)) - Transaction txId=3 commit by dnId=9e941ce3-1318-4d07-a6ad-837cafbdd6f8 for containerID=#3 failed. Corresponding entry not found.
2022-10-11 12:51:21,868 [EventQueue-DeleteBlockStatusForDeletedBlockLogImpl] DEBUG block.DeletedBlockLogImpl (DeletedBlockLogImpl.java:isTransactionFailed(303)) - Got block deletion ACK from datanode, TXIDs=1, success=true
2022-10-11 12:51:21,869 [EventQueue-DeleteBlockStatusForDeletedBlockLogImpl] DEBUG block.DeletedBlockLogImpl (DeletedBlockLogImpl.java:commitTransactions(249)) - Transaction txId=1 commit by dnId=9e941ce3-1318-4d07-a6ad-837cafbdd6f8 for containerID=#1 failed. Corresponding entry not found.
2022-10-11 12:51:21,869 [EventQueue-DeleteBlockStatusForDeletedBlockLogImpl] DEBUG block.DeletedBlockLogImpl (DeletedBlockLogImpl.java:isTransactionFailed(303)) - Got block deletion ACK from datanode, TXIDs=2, success=true
2022-10-11 12:51:21,869 [EventQueue-DeleteBlockStatusForDeletedBlockLogImpl] DEBUG block.DeletedBlockLogImpl (DeletedBlockLogImpl.java:commitTransactions(249)) - Transaction txId=2 commit by dnId=9e941ce3-1318-4d07-a6ad-837cafbdd6f8 for containerID=#2 failed. Corresponding entry not found.
2022-10-11 12:51:21,869 [EventQueue-DeleteBlockStatusForDeletedBlockLogImpl] DEBUG block.DeletedBlockLogImpl (DeletedBlockLogImpl.java:isTransactionFailed(303)) - Got block deletion ACK from datanode, TXIDs=3, success=true
2022-10-11 12:51:21,869 [EventQueue-DeleteBlockStatusForDeletedBlockLogImpl] DEBUG block.DeletedBlockLogImpl (DeletedBlockLogImpl.java:commitTransactions(249)) - Transaction txId=3 commit by dnId=9e941ce3-1318-4d07-a6ad-837cafbdd6f8 for containerID=#3 failed. Corresponding entry not found.
2022-10-11 12:51:21,869 [EventQueue-DeleteBlockStatusForDeletedBlockLogImpl] DEBUG block.DeletedBlockLogImpl (DeletedBlockLogImpl.java:isTransactionFailed(303)) - Got block deletion ACK from datanode, TXIDs=1, success=true
2022-10-11 12:51:21,869 [EventQueue-DeleteBlockStatusForDeletedBlockLogImpl] DEBUG block.DeletedBlockLogImpl (DeletedBlockLogImpl.java:commitTransactions(249)) - Transaction txId=1 commit by dnId=9e941ce3-1318-4d07-a6ad-837cafbdd6f8 for containerID=#1 failed. Corresponding entry not found.
2022-10-11 12:51:21,869 [EventQueue-DeleteBlockStatusForDeletedBlockLogImpl] DEBUG block.DeletedBlockLogImpl (DeletedBlockLogImpl.java:isTransactionFailed(303)) - Got block deletion ACK from datanode, TXIDs=2, success=true
2022-10-11 12:51:21,869 [EventQueue-DeleteBlockStatusForDeletedBlockLogImpl] DEBUG block.DeletedBlockLogImpl (DeletedBlockLogImpl.java:commitTransactions(249)) - Transaction txId=2 commit by dnId=9e941ce3-1318-4d07-a6ad-837cafbdd6f8 for containerID=#2 failed. Corresponding entry not found.
2022-10-11 12:51:21,869 [EventQueue-DeleteBlockStatusForDeletedBlockLogImpl] DEBUG block.DeletedBlockLogImpl (DeletedBlockLogImpl.java:isTransactionFailed(303)) - Got block deletion ACK from datanode, TXIDs=3, success=true
2022-10-11 12:51:21,869 [EventQueue-DeleteBlockStatusForDeletedBlockLogImpl] DEBUG block.DeletedBlockLogImpl (DeletedBlockLogImpl.java:commitTransactions(249)) - Transaction txId=3 commit by dnId=9e941ce3-1318-4d07-a6ad-837cafbdd6f8 for containerID=#3 failed. Corresponding entry not found.
2022-10-11 12:51:21,869 [EventQueue-DeleteBlockStatusForDeletedBlockLogImpl] DEBUG block.DeletedBlockLogImpl (DeletedBlockLogImpl.java:isTransactionFailed(303)) - Got block deletion ACK from datanode, TXIDs=1, success=true
2022-10-11 12:51:21,869 [EventQueue-DeleteBlockStatusForDeletedBlockLogImpl] DEBUG block.DeletedBlockLogImpl (DeletedBlockLogImpl.java:commitTransactions(249)) - Transaction txId=1 commit by dnId=9e941ce3-1318-4d07-a6ad-837cafbdd6f8 for containerID=#1 failed. Corresponding entry not found.
2022-10-11 12:51:21,869 [EventQueue-DeleteBlockStatusForDeletedBlockLogImpl] DEBUG block.DeletedBlockLogImpl (DeletedBlockLogImpl.java:isTransactionFailed(303)) - Got block deletion ACK from datanode, TXIDs=2, success=true
2022-10-11 12:51:21,869 [EventQueue-DeleteBlockStatusForDeletedBlockLogImpl] DEBUG block.DeletedBlockLogImpl (DeletedBlockLogImpl.java:commitTransactions(249)) - Transaction txId=2 commit by dnId=9e941ce3-1318-4d07-a6ad-837cafbdd6f8 for containerID=#2 failed. Corresponding entry not found.
2022-10-11 12:51:21,869 [EventQueue-DeleteBlockStatusForDeletedBlockLogImpl] DEBUG block.DeletedBlockLogImpl (DeletedBlockLogImpl.java:isTransactionFailed(303)) - Got block deletion ACK from datanode, TXIDs=3, success=true
2022-10-11 12:51:21,869 [EventQueue-DeleteBlockStatusForDeletedBlockLogImpl] DEBUG block.DeletedBlockLogImpl (DeletedBlockLogImpl.java:commitTransactions(249)) - Transaction txId=3 commit by dnId=9e941ce3-1318-4d07-a6ad-837cafbdd6f8 for containerID=#3 failed. Corresponding entry not found.
2022-10-11 12:51:21,869 [EventQueue-DeleteBlockStatusForDeletedBlockLogImpl] DEBUG block.DeletedBlockLogImpl (DeletedBlockLogImpl.java:isTransactionFailed(303)) - Got block deletion ACK from datanode, TXIDs=1, success=true
2022-10-11 12:51:21,869 [EventQueue-DeleteBlockStatusForDeletedBlockLogImpl] DEBUG block.DeletedBlockLogImpl (DeletedBlockLogImpl.java:commitTransactions(249)) - Transaction txId=1 commit by dnId=9e941ce3-1318-4d07-a6ad-837cafbdd6f8 for containerID=#1 failed. Corresponding entry not found.
2022-10-11 12:51:21,869 [EventQueue-DeleteBlockStatusForDeletedBlockLogImpl] DEBUG block.DeletedBlockLogImpl (DeletedBlockLogImpl.java:isTransactionFailed(303)) - Got block deletion ACK from datanode, TXIDs=2, success=true
2022-10-11 12:51:21,869 [EventQueue-DeleteBlockStatusForDeletedBlockLogImpl] DEBUG block.DeletedBlockLogImpl (DeletedBlockLogImpl.java:commitTransactions(249)) - Transaction txId=2 commit by dnId=9e941ce3-1318-4d07-a6ad-837cafbdd6f8 for containerID=#2 failed. Corresponding entry not found.
2022-10-11 12:51:21,869 [EventQueue-DeleteBlockStatusForDeletedBlockLogImpl] DEBUG block.DeletedBlockLogImpl (DeletedBlockLogImpl.java:isTransactionFailed(303)) - Got block deletion ACK from datanode, TXIDs=3, success=true
2022-10-11 12:51:21,869 [EventQueue-DeleteBlockStatusForDeletedBlockLogImpl] DEBUG block.DeletedBlockLogImpl (DeletedBlockLogImpl.java:commitTransactions(249)) - Transaction txId=3 commit by dnId=9e941ce3-1318-4d07-a6ad-837cafbdd6f8 for containerID=#3 failed. Corresponding entry not found.
2022-10-11 12:51:21,869 [EventQueue-DeleteBlockStatusForDeletedBlockLogImpl] DEBUG block.DeletedBlockLogImpl (DeletedBlockLogImpl.java:isTransactionFailed(303)) - Got block deletion ACK from datanode, TXIDs=1, success=true
2022-10-11 12:51:21,869 [EventQueue-DeleteBlockStatusForDeletedBlockLogImpl] DEBUG block.DeletedBlockLogImpl (DeletedBlockLogImpl.java:commitTransactions(249)) - Transaction txId=1 commit by dnId=9e941ce3-1318-4d07-a6ad-837cafbdd6f8 for containerID=#1 failed. Corresponding entry not found.
2022-10-11 12:51:21,869 [EventQueue-DeleteBlockStatusForDeletedBlockLogImpl] DEBUG block.DeletedBlockLogImpl (DeletedBlockLogImpl.java:isTransactionFailed(303)) - Got block deletion ACK from datanode, TXIDs=2, success=true
2022-10-11 12:51:21,869 [EventQueue-DeleteBlockStatusForDeletedBlockLogImpl] DEBUG block.DeletedBlockLogImpl (DeletedBlockLogImpl.java:commitTransactions(249)) - Transaction txId=2 commit by dnId=9e941ce3-1318-4d07-a6ad-837cafbdd6f8 for containerID=#2 failed. Corresponding entry not found.
2022-10-11 12:51:21,869 [EventQueue-DeleteBlockStatusForDeletedBlockLogImpl] DEBUG block.DeletedBlockLogImpl (DeletedBlockLogImpl.java:isTransactionFailed(303)) - Got block deletion ACK from datanode, TXIDs=3, success=true
2022-10-11 12:51:21,869 [EventQueue-DeleteBlockStatusForDeletedBlockLogImpl] DEBUG block.DeletedBlockLogImpl (DeletedBlockLogImpl.java:commitTransactions(249)) - Transaction txId=3 commit by dnId=9e941ce3-1318-4d07-a6ad-837cafbdd6f8 for containerID=#3 failed. Corresponding entry not found.
2022-10-11 12:51:21,869 [EventQueue-DeleteBlockStatusForDeletedBlockLogImpl] DEBUG block.DeletedBlockLogImpl (DeletedBlockLogImpl.java:isTransactionFailed(303)) - Got block deletion ACK from datanode, TXIDs=1, success=true
2022-10-11 12:51:21,869 [EventQueue-DeleteBlockStatusForDeletedBlockLogImpl] DEBUG block.DeletedBlockLogImpl (DeletedBlockLogImpl.java:commitTransactions(249)) - Transaction txId=1 commit by dnId=9e941ce3-1318-4d07-a6ad-837cafbdd6f8 for containerID=#1 failed. Corresponding entry not found.
2022-10-11 12:51:21,869 [EventQueue-DeleteBlockStatusForDeletedBlockLogImpl] DEBUG block.DeletedBlockLogImpl (DeletedBlockLogImpl.java:isTransactionFailed(303)) - Got block deletion ACK from datanode, TXIDs=2, success=true
2022-10-11 12:51:21,870 [EventQueue-DeleteBlockStatusForDeletedBlockLogImpl] DEBUG block.DeletedBlockLogImpl (DeletedBlockLogImpl.java:commitTransactions(249)) - Transaction txId=2 commit by dnId=9e941ce3-1318-4d07-a6ad-837cafbdd6f8 for containerID=#2 failed. Corresponding entry not found.
2022-10-11 12:51:21,870 [EventQueue-DeleteBlockStatusForDeletedBlockLogImpl] DEBUG block.DeletedBlockLogImpl (DeletedBlockLogImpl.java:isTransactionFailed(303)) - Got block deletion ACK from datanode, TXIDs=3, success=true
2022-10-11 12:51:21,870 [EventQueue-DeleteBlockStatusForDeletedBlockLogImpl] DEBUG block.DeletedBlockLogImpl (DeletedBlockLogImpl.java:commitTransactions(249)) - Transaction txId=3 commit by dnId=9e941ce3-1318-4d07-a6ad-837cafbdd6f8 for containerID=#3 failed. Corresponding entry not found.
2022-10-11 12:51:21,870 [EventQueue-DeleteBlockStatusForDeletedBlockLogImpl] DEBUG block.DeletedBlockLogImpl (DeletedBlockLogImpl.java:isTransactionFailed(303)) - Got block deletion ACK from datanode, TXIDs=1, success=true
2022-10-11 12:51:21,870 [EventQueue-DeleteBlockStatusForDeletedBlockLogImpl] DEBUG block.DeletedBlockLogImpl (DeletedBlockLogImpl.java:commitTransactions(249)) - Transaction txId=1 commit by dnId=9e941ce3-1318-4d07-a6ad-837cafbdd6f8 for containerID=#1 failed. Corresponding entry not found.
2022-10-11 12:51:21,870 [EventQueue-DeleteBlockStatusForDeletedBlockLogImpl] DEBUG block.DeletedBlockLogImpl (DeletedBlockLogImpl.java:isTransactionFailed(303)) - Got block deletion ACK from datanode, TXIDs=2, success=true
2022-10-11 12:51:21,870 [EventQueue-DeleteBlockStatusForDeletedBlockLogImpl] DEBUG block.DeletedBlockLogImpl (DeletedBlockLogImpl.java:commitTransactions(249)) - Transaction txId=2 commit by dnId=9e941ce3-1318-4d07-a6ad-837cafbdd6f8 for containerID=#2 failed. Corresponding entry not found.
2022-10-11 12:51:21,870 [EventQueue-DeleteBlockStatusForDeletedBlockLogImpl] DEBUG block.DeletedBlockLogImpl (DeletedBlockLogImpl.java:isTransactionFailed(303)) - Got block deletion ACK from datanode, TXIDs=3, success=true
2022-10-11 12:51:21,870 [EventQueue-DeleteBlockStatusForDeletedBlockLogImpl] DEBUG block.DeletedBlockLogImpl (DeletedBlockLogImpl.java:commitTransactions(249)) - Transaction txId=3 commit by dnId=9e941ce3-1318-4d07-a6ad-837cafbdd6f8 for containerID=#3 failed. Corresponding entry not found.
2022-10-11 12:51:21,912 [SCMBlockDeletingService#0] DEBUG block.SCMBlockDeletingService (SCMBlockDeletingService.java:call(131)) - Running DeletedBlockTransactionScanner
2022-10-11 12:51:22,012 [SCMBlockDeletingService#0] DEBUG block.SCMBlockDeletingService (SCMBlockDeletingService.java:call(131)) - Running DeletedBlockTransactionScanner
2022-10-11 12:51:22,037 [org.apache.hadoop.ozone.container.common.statemachine.commandhandler.DeleteBlocksCommandHandler$DeleteCmdWorker@21c9de09] INFO  commandhandler.DeleteBlocksCommandHandler (DeleteBlocksCommandHandler.java:processCmd(271)) - Start to delete container blocks, TXIDs=[1(30),2(30),3(30)], numOfContainers=3, numOfBlocks=3
2022-10-11 12:51:22,037 [org.apache.hadoop.ozone.container.common.statemachine.commandhandler.DeleteBlocksCommandHandler$DeleteCmdWorker@21c9de09] INFO  commandhandler.DeleteBlocksCommandHandler (DeleteBlocksCommandHandler.java:processCmd(271)) - Start to delete container blocks, TXIDs=[1(30),2(30),3(30)], numOfContainers=3, numOfBlocks=3
2022-10-11 12:51:22,037 [org.apache.hadoop.ozone.container.common.statemachine.commandhandler.DeleteBlocksCommandHandler$DeleteCmdWorker@21c9de09] INFO  commandhandler.DeleteBlocksCommandHandler (DeleteBlocksCommandHandler.java:processCmd(271)) - Start to delete container blocks, TXIDs=[1(34),2(34),3(34)], numOfContainers=3, numOfBlocks=3
2022-10-11 12:51:22,037 [org.apache.hadoop.ozone.container.common.statemachine.commandhandler.DeleteBlocksCommandHandler$DeleteCmdWorker@21c9de09] INFO  commandhandler.DeleteBlocksCommandHandler (DeleteBlocksCommandHandler.java:processCmd(271)) - Start to delete container blocks, TXIDs=[1(34),2(34),3(34)], numOfContainers=3, numOfBlocks=3
2022-10-11 12:51:22,037 [org.apache.hadoop.ozone.container.common.statemachine.commandhandler.DeleteBlocksCommandHandler$DeleteCmdWorker@21c9de09] INFO  commandhandler.DeleteBlocksCommandHandler (DeleteBlocksCommandHandler.java:processCmd(271)) - Start to delete container blocks, TXIDs=[1(38),2(38),3(38)], numOfContainers=3, numOfBlocks=3
2022-10-11 12:51:22,037 [org.apache.hadoop.ozone.container.common.statemachine.commandhandler.DeleteBlocksCommandHandler$DeleteCmdWorker@21c9de09] INFO  commandhandler.DeleteBlocksCommandHandler (DeleteBlocksCommandHandler.java:processCmd(271)) - Start to delete container blocks, TXIDs=[1(38),2(38),3(38)], numOfContainers=3, numOfBlocks=3
2022-10-11 12:51:22,038 [org.apache.hadoop.ozone.container.common.statemachine.commandhandler.DeleteBlocksCommandHandler$DeleteCmdWorker@21c9de09] INFO  commandhandler.DeleteBlocksCommandHandler (DeleteBlocksCommandHandler.java:processCmd(271)) - Start to delete container blocks, TXIDs=[1(40),2(40),3(40)], numOfContainers=3, numOfBlocks=3
2022-10-11 12:51:22,038 [org.apache.hadoop.ozone.container.common.statemachine.commandhandler.DeleteBlocksCommandHandler$DeleteCmdWorker@21c9de09] INFO  commandhandler.DeleteBlocksCommandHandler (DeleteBlocksCommandHandler.java:processCmd(271)) - Start to delete container blocks, TXIDs=[1(40),2(40),3(40)], numOfContainers=3, numOfBlocks=3
2022-10-11 12:51:22,112 [SCMBlockDeletingService#0] DEBUG block.SCMBlockDeletingService (SCMBlockDeletingService.java:call(131)) - Running DeletedBlockTransactionScanner
2022-10-11 12:51:22,221 [Listener at 127.0.0.1/39939] INFO  utils.BackgroundService (BackgroundService.java:shutdown(141)) - Shutting down service BlockDeletingService
2022-10-11 12:51:22,223 [SCMBlockDeletingService#0] DEBUG block.SCMBlockDeletingService (SCMBlockDeletingService.java:call(131)) - Running DeletedBlockTransactionScanner
2022-10-11 12:51:22,224 [Listener at 127.0.0.1/39939] INFO  utils.BackgroundService (BackgroundService.java:shutdown(141)) - Shutting down service StaleRecoveringContainerScrubbingService
2022-10-11 12:51:22,263 [Listener at 127.0.0.1/39939] INFO  statemachine.DatanodeStateMachine (DatanodeStateMachine.java:stopDaemon(580)) - Ozone container server stopped.
2022-10-11 12:51:22,274 [EventQueue-DeleteBlockStatusForDeletedBlockLogImpl] DEBUG block.DeletedBlockLogImpl (DeletedBlockLogImpl.java:isTransactionFailed(303)) - Got block deletion ACK from datanode, TXIDs=1, success=true
2022-10-11 12:51:22,274 [EventQueue-DeleteBlockStatusForDeletedBlockLogImpl] DEBUG block.DeletedBlockLogImpl (DeletedBlockLogImpl.java:commitTransactions(249)) - Transaction txId=1 commit by dnId=0edcf6db-22cd-4c8c-bdc6-3c11ab3ecd15 for containerID=#1 failed. Corresponding entry not found.
2022-10-11 12:51:22,274 [EventQueue-DeleteBlockStatusForDeletedBlockLogImpl] DEBUG block.DeletedBlockLogImpl (DeletedBlockLogImpl.java:isTransactionFailed(303)) - Got block deletion ACK from datanode, TXIDs=2, success=true
2022-10-11 12:51:22,274 [EventQueue-DeleteBlockStatusForDeletedBlockLogImpl] DEBUG block.DeletedBlockLogImpl (DeletedBlockLogImpl.java:commitTransactions(249)) - Transaction txId=2 commit by dnId=0edcf6db-22cd-4c8c-bdc6-3c11ab3ecd15 for containerID=#2 failed. Corresponding entry not found.
2022-10-11 12:51:22,274 [EventQueue-DeleteBlockStatusForDeletedBlockLogImpl] DEBUG block.DeletedBlockLogImpl (DeletedBlockLogImpl.java:isTransactionFailed(303)) - Got block deletion ACK from datanode, TXIDs=3, success=true
2022-10-11 12:51:22,274 [EventQueue-DeleteBlockStatusForDeletedBlockLogImpl] DEBUG block.DeletedBlockLogImpl (DeletedBlockLogImpl.java:commitTransactions(249)) - Transaction txId=3 commit by dnId=0edcf6db-22cd-4c8c-bdc6-3c11ab3ecd15 for containerID=#3 failed. Corresponding entry not found.
2022-10-11 12:51:22,274 [EventQueue-DeleteBlockStatusForDeletedBlockLogImpl] DEBUG block.DeletedBlockLogImpl (DeletedBlockLogImpl.java:isTransactionFailed(303)) - Got block deletion ACK from datanode, TXIDs=1, success=true
2022-10-11 12:51:22,274 [EventQueue-DeleteBlockStatusForDeletedBlockLogImpl] DEBUG block.DeletedBlockLogImpl (DeletedBlockLogImpl.java:commitTransactions(249)) - Transaction txId=1 commit by dnId=0edcf6db-22cd-4c8c-bdc6-3c11ab3ecd15 for containerID=#1 failed. Corresponding entry not found.
2022-10-11 12:51:22,274 [EventQueue-DeleteBlockStatusForDeletedBlockLogImpl] DEBUG block.DeletedBlockLogImpl (DeletedBlockLogImpl.java:isTransactionFailed(303)) - Got block deletion ACK from datanode, TXIDs=2, success=true
2022-10-11 12:51:22,274 [EventQueue-DeleteBlockStatusForDeletedBlockLogImpl] DEBUG block.DeletedBlockLogImpl (DeletedBlockLogImpl.java:commitTransactions(249)) - Transaction txId=2 commit by dnId=0edcf6db-22cd-4c8c-bdc6-3c11ab3ecd15 for containerID=#2 failed. Corresponding entry not found.
2022-10-11 12:51:22,274 [EventQueue-DeleteBlockStatusForDeletedBlockLogImpl] DEBUG block.DeletedBlockLogImpl (DeletedBlockLogImpl.java:isTransactionFailed(303)) - Got block deletion ACK from datanode, TXIDs=3, success=true
2022-10-11 12:51:22,274 [EventQueue-DeleteBlockStatusForDeletedBlockLogImpl] DEBUG block.DeletedBlockLogImpl (DeletedBlockLogImpl.java:commitTransactions(249)) - Transaction txId=3 commit by dnId=0edcf6db-22cd-4c8c-bdc6-3c11ab3ecd15 for containerID=#3 failed. Corresponding entry not found.
2022-10-11 12:51:22,274 [EventQueue-DeleteBlockStatusForDeletedBlockLogImpl] DEBUG block.DeletedBlockLogImpl (DeletedBlockLogImpl.java:isTransactionFailed(303)) - Got block deletion ACK from datanode, TXIDs=1, success=true
2022-10-11 12:51:22,274 [EventQueue-DeleteBlockStatusForDeletedBlockLogImpl] DEBUG block.DeletedBlockLogImpl (DeletedBlockLogImpl.java:commitTransactions(249)) - Transaction txId=1 commit by dnId=0edcf6db-22cd-4c8c-bdc6-3c11ab3ecd15 for containerID=#1 failed. Corresponding entry not found.
2022-10-11 12:51:22,274 [EventQueue-DeleteBlockStatusForDeletedBlockLogImpl] DEBUG block.DeletedBlockLogImpl (DeletedBlockLogImpl.java:isTransactionFailed(303)) - Got block deletion ACK from datanode, TXIDs=2, success=true
2022-10-11 12:51:22,274 [EventQueue-DeleteBlockStatusForDeletedBlockLogImpl] DEBUG block.DeletedBlockLogImpl (DeletedBlockLogImpl.java:commitTransactions(249)) - Transaction txId=2 commit by dnId=0edcf6db-22cd-4c8c-bdc6-3c11ab3ecd15 for containerID=#2 failed. Corresponding entry not found.
2022-10-11 12:51:22,274 [EventQueue-DeleteBlockStatusForDeletedBlockLogImpl] DEBUG block.DeletedBlockLogImpl (DeletedBlockLogImpl.java:isTransactionFailed(303)) - Got block deletion ACK from datanode, TXIDs=3, success=true
2022-10-11 12:51:22,274 [EventQueue-DeleteBlockStatusForDeletedBlockLogImpl] DEBUG block.DeletedBlockLogImpl (DeletedBlockLogImpl.java:commitTransactions(249)) - Transaction txId=3 commit by dnId=0edcf6db-22cd-4c8c-bdc6-3c11ab3ecd15 for containerID=#3 failed. Corresponding entry not found.
2022-10-11 12:51:22,274 [EventQueue-DeleteBlockStatusForDeletedBlockLogImpl] DEBUG block.DeletedBlockLogImpl (DeletedBlockLogImpl.java:isTransactionFailed(303)) - Got block deletion ACK from datanode, TXIDs=1, success=true
2022-10-11 12:51:22,274 [EventQueue-DeleteBlockStatusForDeletedBlockLogImpl] DEBUG block.DeletedBlockLogImpl (DeletedBlockLogImpl.java:commitTransactions(249)) - Transaction txId=1 commit by dnId=0edcf6db-22cd-4c8c-bdc6-3c11ab3ecd15 for containerID=#1 failed. Corresponding entry not found.
2022-10-11 12:51:22,274 [EventQueue-DeleteBlockStatusForDeletedBlockLogImpl] DEBUG block.DeletedBlockLogImpl (DeletedBlockLogImpl.java:isTransactionFailed(303)) - Got block deletion ACK from datanode, TXIDs=2, success=true
2022-10-11 12:51:22,275 [EventQueue-DeleteBlockStatusForDeletedBlockLogImpl] DEBUG block.DeletedBlockLogImpl (DeletedBlockLogImpl.java:commitTransactions(249)) - Transaction txId=2 commit by dnId=0edcf6db-22cd-4c8c-bdc6-3c11ab3ecd15 for containerID=#2 failed. Corresponding entry not found.
2022-10-11 12:51:22,275 [EventQueue-DeleteBlockStatusForDeletedBlockLogImpl] DEBUG block.DeletedBlockLogImpl (DeletedBlockLogImpl.java:isTransactionFailed(303)) - Got block deletion ACK from datanode, TXIDs=3, success=true
2022-10-11 12:51:22,275 [EventQueue-DeleteBlockStatusForDeletedBlockLogImpl] DEBUG block.DeletedBlockLogImpl (DeletedBlockLogImpl.java:commitTransactions(249)) - Transaction txId=3 commit by dnId=0edcf6db-22cd-4c8c-bdc6-3c11ab3ecd15 for containerID=#3 failed. Corresponding entry not found.
2022-10-11 12:51:22,275 [EventQueue-DeleteBlockStatusForDeletedBlockLogImpl] DEBUG block.DeletedBlockLogImpl (DeletedBlockLogImpl.java:isTransactionFailed(303)) - Got block deletion ACK from datanode, TXIDs=1, success=true
2022-10-11 12:51:22,275 [EventQueue-DeleteBlockStatusForDeletedBlockLogImpl] DEBUG block.DeletedBlockLogImpl (DeletedBlockLogImpl.java:commitTransactions(249)) - Transaction txId=1 commit by dnId=0edcf6db-22cd-4c8c-bdc6-3c11ab3ecd15 for containerID=#1 failed. Corresponding entry not found.
2022-10-11 12:51:22,275 [EventQueue-DeleteBlockStatusForDeletedBlockLogImpl] DEBUG block.DeletedBlockLogImpl (DeletedBlockLogImpl.java:isTransactionFailed(303)) - Got block deletion ACK from datanode, TXIDs=2, success=true
2022-10-11 12:51:22,275 [EventQueue-DeleteBlockStatusForDeletedBlockLogImpl] DEBUG block.DeletedBlockLogImpl (DeletedBlockLogImpl.java:commitTransactions(249)) - Transaction txId=2 commit by dnId=0edcf6db-22cd-4c8c-bdc6-3c11ab3ecd15 for containerID=#2 failed. Corresponding entry not found.
2022-10-11 12:51:22,275 [EventQueue-DeleteBlockStatusForDeletedBlockLogImpl] DEBUG block.DeletedBlockLogImpl (DeletedBlockLogImpl.java:isTransactionFailed(303)) - Got block deletion ACK from datanode, TXIDs=3, success=true
2022-10-11 12:51:22,275 [EventQueue-DeleteBlockStatusForDeletedBlockLogImpl] DEBUG block.DeletedBlockLogImpl (DeletedBlockLogImpl.java:commitTransactions(249)) - Transaction txId=3 commit by dnId=0edcf6db-22cd-4c8c-bdc6-3c11ab3ecd15 for containerID=#3 failed. Corresponding entry not found.
2022-10-11 12:51:22,275 [EventQueue-DeleteBlockStatusForDeletedBlockLogImpl] DEBUG block.DeletedBlockLogImpl (DeletedBlockLogImpl.java:isTransactionFailed(303)) - Got block deletion ACK from datanode, TXIDs=1, success=true
2022-10-11 12:51:22,275 [EventQueue-DeleteBlockStatusForDeletedBlockLogImpl] DEBUG block.DeletedBlockLogImpl (DeletedBlockLogImpl.java:commitTransactions(249)) - Transaction txId=1 commit by dnId=0edcf6db-22cd-4c8c-bdc6-3c11ab3ecd15 for containerID=#1 failed. Corresponding entry not found.
2022-10-11 12:51:22,275 [EventQueue-DeleteBlockStatusForDeletedBlockLogImpl] DEBUG block.DeletedBlockLogImpl (DeletedBlockLogImpl.java:isTransactionFailed(303)) - Got block deletion ACK from datanode, TXIDs=2, success=true
2022-10-11 12:51:22,275 [EventQueue-DeleteBlockStatusForDeletedBlockLogImpl] DEBUG block.DeletedBlockLogImpl (DeletedBlockLogImpl.java:commitTransactions(249)) - Transaction txId=2 commit by dnId=0edcf6db-22cd-4c8c-bdc6-3c11ab3ecd15 for containerID=#2 failed. Corresponding entry not found.
2022-10-11 12:51:22,275 [EventQueue-DeleteBlockStatusForDeletedBlockLogImpl] DEBUG block.DeletedBlockLogImpl (DeletedBlockLogImpl.java:isTransactionFailed(303)) - Got block deletion ACK from datanode, TXIDs=3, success=true
2022-10-11 12:51:22,275 [EventQueue-DeleteBlockStatusForDeletedBlockLogImpl] DEBUG block.DeletedBlockLogImpl (DeletedBlockLogImpl.java:commitTransactions(249)) - Transaction txId=3 commit by dnId=0edcf6db-22cd-4c8c-bdc6-3c11ab3ecd15 for containerID=#3 failed. Corresponding entry not found.
2022-10-11 12:51:22,275 [EventQueue-DeleteBlockStatusForDeletedBlockLogImpl] DEBUG block.DeletedBlockLogImpl (DeletedBlockLogImpl.java:isTransactionFailed(303)) - Got block deletion ACK from datanode, TXIDs=1, success=true
2022-10-11 12:51:22,275 [EventQueue-DeleteBlockStatusForDeletedBlockLogImpl] DEBUG block.DeletedBlockLogImpl (DeletedBlockLogImpl.java:commitTransactions(249)) - Transaction txId=1 commit by dnId=0edcf6db-22cd-4c8c-bdc6-3c11ab3ecd15 for containerID=#1 failed. Corresponding entry not found.
2022-10-11 12:51:22,275 [EventQueue-DeleteBlockStatusForDeletedBlockLogImpl] DEBUG block.DeletedBlockLogImpl (DeletedBlockLogImpl.java:isTransactionFailed(303)) - Got block deletion ACK from datanode, TXIDs=2, success=true
2022-10-11 12:51:22,275 [EventQueue-DeleteBlockStatusForDeletedBlockLogImpl] DEBUG block.DeletedBlockLogImpl (DeletedBlockLogImpl.java:commitTransactions(249)) - Transaction txId=2 commit by dnId=0edcf6db-22cd-4c8c-bdc6-3c11ab3ecd15 for containerID=#2 failed. Corresponding entry not found.
2022-10-11 12:51:22,275 [EventQueue-DeleteBlockStatusForDeletedBlockLogImpl] DEBUG block.DeletedBlockLogImpl (DeletedBlockLogImpl.java:isTransactionFailed(303)) - Got block deletion ACK from datanode, TXIDs=3, success=true
2022-10-11 12:51:22,275 [EventQueue-DeleteBlockStatusForDeletedBlockLogImpl] DEBUG block.DeletedBlockLogImpl (DeletedBlockLogImpl.java:commitTransactions(249)) - Transaction txId=3 commit by dnId=0edcf6db-22cd-4c8c-bdc6-3c11ab3ecd15 for containerID=#3 failed. Corresponding entry not found.
2022-10-11 12:51:22,275 [EventQueue-DeleteBlockStatusForDeletedBlockLogImpl] DEBUG block.DeletedBlockLogImpl (DeletedBlockLogImpl.java:isTransactionFailed(303)) - Got block deletion ACK from datanode, TXIDs=1, success=true
2022-10-11 12:51:22,275 [EventQueue-DeleteBlockStatusForDeletedBlockLogImpl] DEBUG block.DeletedBlockLogImpl (DeletedBlockLogImpl.java:commitTransactions(249)) - Transaction txId=1 commit by dnId=0edcf6db-22cd-4c8c-bdc6-3c11ab3ecd15 for containerID=#1 failed. Corresponding entry not found.
2022-10-11 12:51:22,275 [EventQueue-DeleteBlockStatusForDeletedBlockLogImpl] DEBUG block.DeletedBlockLogImpl (DeletedBlockLogImpl.java:isTransactionFailed(303)) - Got block deletion ACK from datanode, TXIDs=2, success=true
2022-10-11 12:51:22,276 [EventQueue-DeleteBlockStatusForDeletedBlockLogImpl] DEBUG block.DeletedBlockLogImpl (DeletedBlockLogImpl.java:commitTransactions(249)) - Transaction txId=2 commit by dnId=0edcf6db-22cd-4c8c-bdc6-3c11ab3ecd15 for containerID=#2 failed. Corresponding entry not found.
2022-10-11 12:51:22,276 [EventQueue-DeleteBlockStatusForDeletedBlockLogImpl] DEBUG block.DeletedBlockLogImpl (DeletedBlockLogImpl.java:isTransactionFailed(303)) - Got block deletion ACK from datanode, TXIDs=3, success=true
2022-10-11 12:51:22,276 [EventQueue-DeleteBlockStatusForDeletedBlockLogImpl] DEBUG block.DeletedBlockLogImpl (DeletedBlockLogImpl.java:commitTransactions(249)) - Transaction txId=3 commit by dnId=0edcf6db-22cd-4c8c-bdc6-3c11ab3ecd15 for containerID=#3 failed. Corresponding entry not found.
2022-10-11 12:51:22,283 [Listener at 127.0.0.1/39939] INFO  handler.ContextHandler (ContextHandler.java:doStop(1153)) - Stopped o.e.j.w.WebAppContext@4c6f729f{hddsDatanode,/,null,STOPPED}{jar:file:/home/runner/.m2/repository/org/apache/ozone/hdds-container-service/1.3.0-SNAPSHOT/hdds-container-service-1.3.0-SNAPSHOT.jar!/webapps/hddsDatanode}
2022-10-11 12:51:22,285 [Listener at 127.0.0.1/39939] INFO  server.AbstractConnector (AbstractConnector.java:doStop(381)) - Stopped ServerConnector@701695cb{HTTP/1.1, (http/1.1)}{0.0.0.0:0}
2022-10-11 12:51:22,285 [Listener at 127.0.0.1/39939] INFO  server.session (HouseKeeper.java:stopScavenging(149)) - node0 Stopped scavenging
2022-10-11 12:51:22,288 [Listener at 127.0.0.1/39939] INFO  handler.ContextHandler (ContextHandler.java:doStop(1153)) - Stopped o.e.j.s.ServletContextHandler@3705cc33{static,/static,jar:file:/home/runner/.m2/repository/org/apache/ozone/hdds-container-service/1.3.0-SNAPSHOT/hdds-container-service-1.3.0-SNAPSHOT.jar!/webapps/static,STOPPED}
2022-10-11 12:51:22,288 [Listener at 127.0.0.1/39939] INFO  handler.ContextHandler (ContextHandler.java:doStop(1153)) - Stopped o.e.j.s.ServletContextHandler@3303a7a3{logs,/logs,file:///home/runner/work/ozone/ozone/hadoop-ozone/integration-test/target/log,STOPPED}
2022-10-11 12:51:22,296 [Listener at 127.0.0.1/39939] INFO  ozone.MiniOzoneClusterImpl (MiniOzoneClusterImpl.java:lambda$waitForHddsDatanodeToStop$3(381)) - Waiting on datanode to be marked stale.
2022-10-11 12:51:22,323 [SCMBlockDeletingService#0] DEBUG block.SCMBlockDeletingService (SCMBlockDeletingService.java:call(131)) - Running DeletedBlockTransactionScanner
2022-10-11 12:51:22,367 [grpc-default-executor-5] WARN  server.GrpcLogAppender (LogUtils.java:warn(122)) - 0edcf6db-22cd-4c8c-bdc6-3c11ab3ecd15@group-51D27DE71748->8873ba3e-7da4-46f7-b1d3-8a39f1a1c208-AppendLogResponseHandler: Failed appendEntries: org.apache.ratis.thirdparty.io.grpc.StatusRuntimeException: UNAVAILABLE: io exception
2022-10-11 12:51:22,367 [grpc-default-executor-5] WARN  server.GrpcLogAppender (GrpcLogAppender.java:resetClient(111)) - 0edcf6db-22cd-4c8c-bdc6-3c11ab3ecd15@group-51D27DE71748->8873ba3e-7da4-46f7-b1d3-8a39f1a1c208-GrpcLogAppender: Leader has not got in touch with Follower 0edcf6db-22cd-4c8c-bdc6-3c11ab3ecd15@group-51D27DE71748->8873ba3e-7da4-46f7-b1d3-8a39f1a1c208(c0,m0,n1, attendVote=true, lastRpcSendTime=3, lastRpcResponseTime=3754) yet, just keep nextIndex unchanged and retry.
2022-10-11 12:51:22,423 [SCMBlockDeletingService#0] DEBUG block.SCMBlockDeletingService (SCMBlockDeletingService.java:call(131)) - Running DeletedBlockTransactionScanner
2022-10-11 12:51:22,524 [SCMBlockDeletingService#0] DEBUG block.SCMBlockDeletingService (SCMBlockDeletingService.java:call(131)) - Running DeletedBlockTransactionScanner
2022-10-11 12:51:22,624 [SCMBlockDeletingService#0] DEBUG block.SCMBlockDeletingService (SCMBlockDeletingService.java:call(131)) - Running DeletedBlockTransactionScanner
2022-10-11 12:51:22,724 [SCMBlockDeletingService#0] DEBUG block.SCMBlockDeletingService (SCMBlockDeletingService.java:call(131)) - Running DeletedBlockTransactionScanner
2022-10-11 12:51:22,824 [SCMBlockDeletingService#0] DEBUG block.SCMBlockDeletingService (SCMBlockDeletingService.java:call(131)) - Running DeletedBlockTransactionScanner
2022-10-11 12:51:22,924 [SCMBlockDeletingService#0] DEBUG block.SCMBlockDeletingService (SCMBlockDeletingService.java:call(131)) - Running DeletedBlockTransactionScanner
2022-10-11 12:51:23,024 [SCMBlockDeletingService#0] DEBUG block.SCMBlockDeletingService (SCMBlockDeletingService.java:call(131)) - Running DeletedBlockTransactionScanner
2022-10-11 12:51:23,113 [EventQueue-StaleNodeForStaleNodeHandler] INFO  node.StaleNodeHandler (StaleNodeHandler.java:onMessage(59)) - Datanode 8873ba3e-7da4-46f7-b1d3-8a39f1a1c208{ip: 10.1.1.98, host: fv-az570-546.srgqcr2moziuvm0qev4lajleyh.dx.internal.cloudapp.net, ports: [REPLICATION=39189, RATIS=41043, RATIS_ADMIN=41043, RATIS_SERVER=41043, STANDALONE=41019], networkLocation: /default-rack, certSerialId: null, persistedOpState: IN_SERVICE, persistedOpStateExpiryEpochSec: 0} moved to stale state. Finalizing its pipelines [PipelineID=c6e6a251-f79a-43ff-b19e-51d27de71748, PipelineID=ef60ef7d-ff17-4298-b56d-d87ee6107c40, PipelineID=4c552024-17a1-4336-8ff8-a3858ffbbf68, PipelineID=d4812542-b01c-4a77-85b6-a3664e569b32]
2022-10-11 12:51:23,113 [EventQueue-StaleNodeForStaleNodeHandler] INFO  pipeline.PipelineManagerImpl (PipelineManagerImpl.java:closePipeline(442)) - Pipeline Pipeline[ Id: c6e6a251-f79a-43ff-b19e-51d27de71748, Nodes: 9e941ce3-1318-4d07-a6ad-837cafbdd6f8{ip: 10.1.1.98, host: fv-az570-546.srgqcr2moziuvm0qev4lajleyh.dx.internal.cloudapp.net, ports: [REPLICATION=39047, RATIS=33735, RATIS_ADMIN=33735, RATIS_SERVER=33735, STANDALONE=41477], networkLocation: /default-rack, certSerialId: null, persistedOpState: IN_SERVICE, persistedOpStateExpiryEpochSec: 0}0edcf6db-22cd-4c8c-bdc6-3c11ab3ecd15{ip: 10.1.1.98, host: fv-az570-546.srgqcr2moziuvm0qev4lajleyh.dx.internal.cloudapp.net, ports: [REPLICATION=44577, RATIS=42307, RATIS_ADMIN=42307, RATIS_SERVER=42307, STANDALONE=44357], networkLocation: /default-rack, certSerialId: null, persistedOpState: IN_SERVICE, persistedOpStateExpiryEpochSec: 0}8873ba3e-7da4-46f7-b1d3-8a39f1a1c208{ip: 10.1.1.98, host: fv-az570-546.srgqcr2moziuvm0qev4lajleyh.dx.internal.cloudapp.net, ports: [REPLICATION=39189, RATIS=41043, RATIS_ADMIN=41043, RATIS_SERVER=41043, STANDALONE=41019], networkLocation: /default-rack, certSerialId: null, persistedOpState: IN_SERVICE, persistedOpStateExpiryEpochSec: 0}, ReplicationConfig: RATIS/THREE, State:OPEN, leaderId:0edcf6db-22cd-4c8c-bdc6-3c11ab3ecd15, CreationTimestamp2022-10-11T12:50:48.295Z[Etc/UTC]] moved to CLOSED state
2022-10-11 12:51:23,114 [EventQueue-StaleNodeForStaleNodeHandler] INFO  pipeline.PipelineManagerImpl (PipelineManagerImpl.java:closePipeline(442)) - Pipeline Pipeline[ Id: ef60ef7d-ff17-4298-b56d-d87ee6107c40, Nodes: 8873ba3e-7da4-46f7-b1d3-8a39f1a1c208{ip: 10.1.1.98, host: fv-az570-546.srgqcr2moziuvm0qev4lajleyh.dx.internal.cloudapp.net, ports: [REPLICATION=39189, RATIS=41043, RATIS_ADMIN=41043, RATIS_SERVER=41043, STANDALONE=41019], networkLocation: /default-rack, certSerialId: null, persistedOpState: null, persistedOpStateExpiryEpochSec: 0}0edcf6db-22cd-4c8c-bdc6-3c11ab3ecd15{ip: 10.1.1.98, host: fv-az570-546.srgqcr2moziuvm0qev4lajleyh.dx.internal.cloudapp.net, ports: [REPLICATION=44577, RATIS=42307, RATIS_ADMIN=42307, RATIS_SERVER=42307, STANDALONE=44357], networkLocation: /default-rack, certSerialId: null, persistedOpState: null, persistedOpStateExpiryEpochSec: 0}9e941ce3-1318-4d07-a6ad-837cafbdd6f8{ip: 10.1.1.98, host: fv-az570-546.srgqcr2moziuvm0qev4lajleyh.dx.internal.cloudapp.net, ports: [REPLICATION=39047, RATIS=33735, RATIS_ADMIN=33735, RATIS_SERVER=33735, STANDALONE=41477], networkLocation: /default-rack, certSerialId: null, persistedOpState: null, persistedOpStateExpiryEpochSec: 0}, ReplicationConfig: EC/ECReplicationConfig{data=2, parity=1, ecChunkSize=262144, codec=rs}, State:OPEN, leaderId:, CreationTimestamp2022-10-11T12:51:11.609Z[Etc/UTC]] moved to CLOSED state
2022-10-11 12:51:23,116 [EventQueue-StaleNodeForStaleNodeHandler] INFO  pipeline.PipelineManagerImpl (PipelineManagerImpl.java:closePipeline(442)) - Pipeline Pipeline[ Id: 4c552024-17a1-4336-8ff8-a3858ffbbf68, Nodes: 8873ba3e-7da4-46f7-b1d3-8a39f1a1c208{ip: 10.1.1.98, host: fv-az570-546.srgqcr2moziuvm0qev4lajleyh.dx.internal.cloudapp.net, ports: [REPLICATION=39189, RATIS=41043, RATIS_ADMIN=41043, RATIS_SERVER=41043, STANDALONE=41019], networkLocation: /default-rack, certSerialId: null, persistedOpState: null, persistedOpStateExpiryEpochSec: 0}9e941ce3-1318-4d07-a6ad-837cafbdd6f8{ip: 10.1.1.98, host: fv-az570-546.srgqcr2moziuvm0qev4lajleyh.dx.internal.cloudapp.net, ports: [REPLICATION=39047, RATIS=33735, RATIS_ADMIN=33735, RATIS_SERVER=33735, STANDALONE=41477], networkLocation: /default-rack, certSerialId: null, persistedOpState: null, persistedOpStateExpiryEpochSec: 0}0edcf6db-22cd-4c8c-bdc6-3c11ab3ecd15{ip: 10.1.1.98, host: fv-az570-546.srgqcr2moziuvm0qev4lajleyh.dx.internal.cloudapp.net, ports: [REPLICATION=44577, RATIS=42307, RATIS_ADMIN=42307, RATIS_SERVER=42307, STANDALONE=44357], networkLocation: /default-rack, certSerialId: null, persistedOpState: null, persistedOpStateExpiryEpochSec: 0}, ReplicationConfig: EC/ECReplicationConfig{data=2, parity=1, ecChunkSize=262144, codec=rs}, State:OPEN, leaderId:, CreationTimestamp2022-10-11T12:51:12.330Z[Etc/UTC]] moved to CLOSED state
2022-10-11 12:51:23,116 [EventQueue-StaleNodeForStaleNodeHandler] INFO  pipeline.PipelineManagerImpl (PipelineManagerImpl.java:closePipeline(442)) - Pipeline Pipeline[ Id: d4812542-b01c-4a77-85b6-a3664e569b32, Nodes: 9e941ce3-1318-4d07-a6ad-837cafbdd6f8{ip: 10.1.1.98, host: fv-az570-546.srgqcr2moziuvm0qev4lajleyh.dx.internal.cloudapp.net, ports: [REPLICATION=39047, RATIS=33735, RATIS_ADMIN=33735, RATIS_SERVER=33735, STANDALONE=41477], networkLocation: /default-rack, certSerialId: null, persistedOpState: null, persistedOpStateExpiryEpochSec: 0}0edcf6db-22cd-4c8c-bdc6-3c11ab3ecd15{ip: 10.1.1.98, host: fv-az570-546.srgqcr2moziuvm0qev4lajleyh.dx.internal.cloudapp.net, ports: [REPLICATION=44577, RATIS=42307, RATIS_ADMIN=42307, RATIS_SERVER=42307, STANDALONE=44357], networkLocation: /default-rack, certSerialId: null, persistedOpState: null, persistedOpStateExpiryEpochSec: 0}8873ba3e-7da4-46f7-b1d3-8a39f1a1c208{ip: 10.1.1.98, host: fv-az570-546.srgqcr2moziuvm0qev4lajleyh.dx.internal.cloudapp.net, ports: [REPLICATION=39189, RATIS=41043, RATIS_ADMIN=41043, RATIS_SERVER=41043, STANDALONE=41019], networkLocation: /default-rack, certSerialId: null, persistedOpState: null, persistedOpStateExpiryEpochSec: 0}, ReplicationConfig: EC/ECReplicationConfig{data=2, parity=1, ecChunkSize=262144, codec=rs}, State:OPEN, leaderId:, CreationTimestamp2022-10-11T12:51:12.740Z[Etc/UTC]] moved to CLOSED state
2022-10-11 12:51:23,124 [SCMBlockDeletingService#0] DEBUG block.SCMBlockDeletingService (SCMBlockDeletingService.java:call(131)) - Running DeletedBlockTransactionScanner
2022-10-11 12:51:23,224 [SCMBlockDeletingService#0] DEBUG block.SCMBlockDeletingService (SCMBlockDeletingService.java:call(131)) - Running DeletedBlockTransactionScanner
2022-10-11 12:51:23,298 [Listener at 127.0.0.1/39939] INFO  impl.MetricsSystemImpl (MetricsSystemImpl.java:init(158)) - HddsDatanode metrics system started (again)
2022-10-11 12:51:23,324 [SCMBlockDeletingService#0] DEBUG block.SCMBlockDeletingService (SCMBlockDeletingService.java:call(131)) - Running DeletedBlockTransactionScanner
2022-10-11 12:51:23,332 [Listener at 127.0.0.1/39939] INFO  ozone.HddsDatanodeService (HddsDatanodeService.java:start(236)) - HddsDatanodeService host:fv-az570-546.srgqcr2moziuvm0qev4lajleyh.dx.internal.cloudapp.net ip:10.1.1.98
2022-10-11 12:51:23,362 [Listener at 127.0.0.1/39939] INFO  upgrade.AbstractLayoutVersionManager (AbstractLayoutVersionManager.java:init(83)) - Initializing Layout version manager with metadata layout = DATANODE_SCHEMA_V3 (version = 4), software layout = DATANODE_SCHEMA_V3 (version = 4)
2022-10-11 12:51:23,424 [SCMBlockDeletingService#0] DEBUG block.SCMBlockDeletingService (SCMBlockDeletingService.java:call(131)) - Running DeletedBlockTransactionScanner
2022-10-11 12:51:23,456 [Listener at 127.0.0.1/39939] INFO  reflections.Reflections (Reflections.java:scan(232)) - Reflections took 90 ms to scan 7 urls, producing 137 keys and 328 values 
2022-10-11 12:51:23,462 [Listener at 127.0.0.1/39939] INFO  statemachine.DatanodeStateMachine (DatanodeStateMachine.java:getEndPointTaskThreadPoolSize(237)) - Datanode State Machine Task Thread Pool size 2
2022-10-11 12:51:23,470 [Listener at 127.0.0.1/39939] INFO  volume.HddsVolume (HddsVolume.java:<init>(117)) - Creating HddsVolume: /home/runner/work/ozone/ozone/hadoop-ozone/integration-test/target/test-dir/MiniOzoneClusterImpl-86edf0e9-7e2c-4cfe-baf2-13fb9c17952e/datanode-0/data-0/containers/hdds of storage type : DISK capacity : 9223372036854775807
2022-10-11 12:51:23,470 [Listener at 127.0.0.1/39939] INFO  volume.MutableVolumeSet (MutableVolumeSet.java:initializeVolumeSet(174)) - Added Volume : /home/runner/work/ozone/ozone/hadoop-ozone/integration-test/target/test-dir/MiniOzoneClusterImpl-86edf0e9-7e2c-4cfe-baf2-13fb9c17952e/datanode-0/data-0/containers/hdds to VolumeSet
2022-10-11 12:51:23,471 [Listener at 127.0.0.1/39939] INFO  volume.ThrottledAsyncChecker (ThrottledAsyncChecker.java:schedule(141)) - Scheduling a check for /home/runner/work/ozone/ozone/hadoop-ozone/integration-test/target/test-dir/MiniOzoneClusterImpl-86edf0e9-7e2c-4cfe-baf2-13fb9c17952e/datanode-0/data-0/containers/hdds
2022-10-11 12:51:23,479 [Listener at 127.0.0.1/39939] INFO  volume.StorageVolumeChecker (StorageVolumeChecker.java:checkAllVolumes(202)) - Scheduled health check for volume /home/runner/work/ozone/ozone/hadoop-ozone/integration-test/target/test-dir/MiniOzoneClusterImpl-86edf0e9-7e2c-4cfe-baf2-13fb9c17952e/datanode-0/data-0/containers/hdds
2022-10-11 12:51:23,491 [Listener at 127.0.0.1/39939] INFO  volume.MutableVolumeSet (MutableVolumeSet.java:initializeVolumeSet(174)) - Added Volume : /home/runner/work/ozone/ozone/hadoop-ozone/integration-test/target/test-dir/MiniOzoneClusterImpl-86edf0e9-7e2c-4cfe-baf2-13fb9c17952e/datanode-0/data/ratis to VolumeSet
2022-10-11 12:51:23,502 [Listener at 127.0.0.1/39939] INFO  volume.ThrottledAsyncChecker (ThrottledAsyncChecker.java:schedule(141)) - Scheduling a check for /home/runner/work/ozone/ozone/hadoop-ozone/integration-test/target/test-dir/MiniOzoneClusterImpl-86edf0e9-7e2c-4cfe-baf2-13fb9c17952e/datanode-0/data/ratis
2022-10-11 12:51:23,502 [Listener at 127.0.0.1/39939] INFO  volume.StorageVolumeChecker (StorageVolumeChecker.java:checkAllVolumes(202)) - Scheduled health check for volume /home/runner/work/ozone/ozone/hadoop-ozone/integration-test/target/test-dir/MiniOzoneClusterImpl-86edf0e9-7e2c-4cfe-baf2-13fb9c17952e/datanode-0/data/ratis
2022-10-11 12:51:23,521 [Thread-6217] INFO  ozoneimpl.ContainerReader (ContainerReader.java:readVolume(145)) - Start to verify containers on volume /home/runner/work/ozone/ozone/hadoop-ozone/integration-test/target/test-dir/MiniOzoneClusterImpl-86edf0e9-7e2c-4cfe-baf2-13fb9c17952e/datanode-0/data-0/containers/hdds
2022-10-11 12:51:23,524 [SCMBlockDeletingService#0] DEBUG block.SCMBlockDeletingService (SCMBlockDeletingService.java:call(131)) - Running DeletedBlockTransactionScanner
2022-10-11 12:51:23,620 [Thread-6217] INFO  ozoneimpl.ContainerReader (ContainerReader.java:readVolume(175)) - Finish verifying containers on volume /home/runner/work/ozone/ozone/hadoop-ozone/integration-test/target/test-dir/MiniOzoneClusterImpl-86edf0e9-7e2c-4cfe-baf2-13fb9c17952e/datanode-0/data-0/containers/hdds
2022-10-11 12:51:23,620 [Listener at 127.0.0.1/39939] INFO  ozoneimpl.OzoneContainer (OzoneContainer.java:buildContainerSet(300)) - Build ContainerSet costs 0s
2022-10-11 12:51:23,622 [Listener at 127.0.0.1/39939] INFO  server.RaftServer (ConfUtils.java:logGet(46)) - raft.rpc.type = GRPC (default)
2022-10-11 12:51:23,622 [Listener at 127.0.0.1/39939] INFO  grpc.GrpcFactory (GrpcFactory.java:checkPooledByteBufAllocatorUseCacheForAllThreads(48)) - PERFORMANCE WARNING: useCacheForAllThreads is true that may cause Netty to create a lot garbage objects and, as a result, trigger GC.
	It is recommended to disable useCacheForAllThreads by setting -Dorg.apache.ratis.thirdparty.io.netty.allocator.useCacheForAllThreads=false in command line.
2022-10-11 12:51:23,623 [Listener at 127.0.0.1/39939] INFO  grpc.GrpcConfigKeys (ConfUtils.java:logGet(46)) - raft.grpc.admin.port = 41043 (custom)
2022-10-11 12:51:23,623 [Listener at 127.0.0.1/39939] INFO  grpc.GrpcConfigKeys (ConfUtils.java:logGet(46)) - raft.grpc.client.port = 41043 (custom)
2022-10-11 12:51:23,623 [Listener at 127.0.0.1/39939] INFO  grpc.GrpcConfigKeys (ConfUtils.java:logGet(46)) - raft.grpc.server.port = 41043 (custom)
2022-10-11 12:51:23,623 [grpc-default-executor-5] WARN  server.GrpcLogAppender (LogUtils.java:warn(122)) - 0edcf6db-22cd-4c8c-bdc6-3c11ab3ecd15@group-51D27DE71748->8873ba3e-7da4-46f7-b1d3-8a39f1a1c208-AppendLogResponseHandler: Failed appendEntries: org.apache.ratis.thirdparty.io.grpc.StatusRuntimeException: UNAVAILABLE: io exception
2022-10-11 12:51:23,624 [grpc-default-executor-5] WARN  server.GrpcLogAppender (GrpcLogAppender.java:resetClient(111)) - 0edcf6db-22cd-4c8c-bdc6-3c11ab3ecd15@group-51D27DE71748->8873ba3e-7da4-46f7-b1d3-8a39f1a1c208-GrpcLogAppender: Leader has not got in touch with Follower 0edcf6db-22cd-4c8c-bdc6-3c11ab3ecd15@group-51D27DE71748->8873ba3e-7da4-46f7-b1d3-8a39f1a1c208(c0,m0,n1, attendVote=true, lastRpcSendTime=3, lastRpcResponseTime=5011) yet, just keep nextIndex unchanged and retry.
2022-10-11 12:51:23,624 [Listener at 127.0.0.1/39939] INFO  server.GrpcService (ConfUtils.java:logGet(46)) - raft.grpc.message.size.max = 32MB (=33554432) (custom)
2022-10-11 12:51:23,625 [Listener at 127.0.0.1/39939] INFO  server.RaftServerConfigKeys (ConfUtils.java:logGet(46)) - raft.server.log.appender.buffer.byte-limit = 33554432 (custom)
2022-10-11 12:51:23,625 [Listener at 127.0.0.1/39939] INFO  server.GrpcService (ConfUtils.java:logGet(46)) - raft.grpc.flow.control.window = 5MB (=5242880) (custom)
2022-10-11 12:51:23,625 [SCMBlockDeletingService#0] DEBUG block.SCMBlockDeletingService (SCMBlockDeletingService.java:call(131)) - Running DeletedBlockTransactionScanner
2022-10-11 12:51:23,625 [Listener at 127.0.0.1/39939] INFO  server.RaftServerConfigKeys (ConfUtils.java:logGet(46)) - raft.server.rpc.request.timeout = 60s (custom)
2022-10-11 12:51:23,628 [Listener at 127.0.0.1/39939] INFO  grpc.GrpcConfigKeys (ConfUtils.java:logGet(46)) - raft.grpc.server.async.request.thread.pool.cached = true (default)
2022-10-11 12:51:23,629 [Listener at 127.0.0.1/39939] INFO  grpc.GrpcConfigKeys (ConfUtils.java:logGet(46)) - raft.grpc.server.async.request.thread.pool.size = 32 (default)
2022-10-11 12:51:23,630 [Listener at 127.0.0.1/39939] INFO  impl.DataStreamServerImpl (ConfUtils.java:logGet(46)) - raft.datastream.type = DISABLED (default)
2022-10-11 12:51:23,630 [Listener at 127.0.0.1/39939] INFO  server.RaftServerConfigKeys (ConfUtils.java:logGet(46)) - raft.server.threadpool.proxy.cached = true (default)
2022-10-11 12:51:23,630 [Listener at 127.0.0.1/39939] INFO  server.RaftServerConfigKeys (ConfUtils.java:logGet(46)) - raft.server.threadpool.proxy.size = 0 (default)
2022-10-11 12:51:23,631 [Listener at 127.0.0.1/39939] INFO  server.RaftServerConfigKeys (ConfUtils.java:logGet(46)) - raft.server.rpc.slowness.timeout = 300s (custom)
2022-10-11 12:51:23,631 [Listener at 127.0.0.1/39939] INFO  server.RaftServerConfigKeys (ConfUtils.java:logGet(46)) - raft.server.leaderelection.leader.step-down.wait-time = 10s (default)
2022-10-11 12:51:23,631 [Listener at 127.0.0.1/39939] INFO  server.RaftServerConfigKeys (ConfUtils.java:logGet(46)) - raft.server.storage.dir = [/home/runner/work/ozone/ozone/hadoop-ozone/integration-test/target/test-dir/MiniOzoneClusterImpl-86edf0e9-7e2c-4cfe-baf2-13fb9c17952e/datanode-0/data/ratis] (custom)
2022-10-11 12:51:23,647 [8873ba3e-7da4-46f7-b1d3-8a39f1a1c208-impl-thread1] INFO  server.RaftServer (RaftServerProxy.java:initGroupDir(247)) - 8873ba3e-7da4-46f7-b1d3-8a39f1a1c208: found a subdirectory /home/runner/work/ozone/ozone/hadoop-ozone/integration-test/target/test-dir/MiniOzoneClusterImpl-86edf0e9-7e2c-4cfe-baf2-13fb9c17952e/datanode-0/data/ratis/c6e6a251-f79a-43ff-b19e-51d27de71748
2022-10-11 12:51:23,655 [8873ba3e-7da4-46f7-b1d3-8a39f1a1c208-impl-thread1] INFO  server.RaftServer (RaftServerProxy.java:addNew(96)) - 8873ba3e-7da4-46f7-b1d3-8a39f1a1c208: addNew group-51D27DE71748:[] returns group-51D27DE71748:java.util.concurrent.CompletableFuture@177557d1[Not completed]
2022-10-11 12:51:23,656 [pool-900-thread-1] INFO  server.RaftServer$Division (RaftServerImpl.java:<init>(190)) - 8873ba3e-7da4-46f7-b1d3-8a39f1a1c208: new RaftServerImpl for group-51D27DE71748:[] with ContainerStateMachine:uninitialized
2022-10-11 12:51:23,656 [pool-900-thread-1] INFO  server.RaftServerConfigKeys (ConfUtils.java:logGet(46)) - raft.server.rpc.timeout.min = 5s (custom)
2022-10-11 12:51:23,656 [pool-900-thread-1] INFO  server.RaftServerConfigKeys (ConfUtils.java:logGet(46)) - raft.server.rpc.timeout.max = 5200ms (custom)
2022-10-11 12:51:23,656 [pool-900-thread-1] INFO  server.RaftServerConfigKeys (ConfUtils.java:logGet(46)) - raft.server.rpc.sleep.time = 25ms (default)
2022-10-11 12:51:23,656 [pool-900-thread-1] INFO  server.RaftServerConfigKeys (ConfUtils.java:logGet(46)) - raft.server.rpc.slowness.timeout = 300s (custom)
2022-10-11 12:51:23,656 [pool-900-thread-1] INFO  server.RaftServerConfigKeys (ConfUtils.java:logGet(46)) - raft.server.leaderelection.leader.step-down.wait-time = 10s (default)
2022-10-11 12:51:23,656 [pool-900-thread-1] INFO  server.RaftServerConfigKeys (ConfUtils.java:logGet(46)) - raft.server.sleep.deviation.threshold = 300ms (default)
2022-10-11 12:51:23,657 [pool-900-thread-1] INFO  server.RaftServer$Division (ServerState.java:<init>(107)) - 8873ba3e-7da4-46f7-b1d3-8a39f1a1c208@group-51D27DE71748: ConfigurationManager, init=-1: [], old=null, confs=<EMPTY_MAP>
2022-10-11 12:51:23,657 [pool-900-thread-1] INFO  server.RaftServerConfigKeys (ConfUtils.java:logGet(46)) - raft.server.storage.dir = [/home/runner/work/ozone/ozone/hadoop-ozone/integration-test/target/test-dir/MiniOzoneClusterImpl-86edf0e9-7e2c-4cfe-baf2-13fb9c17952e/datanode-0/data/ratis] (custom)
2022-10-11 12:51:23,657 [pool-900-thread-1] INFO  server.RaftServerConfigKeys (ConfUtils.java:logGet(46)) - raft.server.log.corruption.policy = EXCEPTION (default)
2022-10-11 12:51:23,657 [pool-900-thread-1] INFO  server.RaftServerConfigKeys (ConfUtils.java:logGet(46)) - raft.server.storage.free-space.min = 0MB (=0) (default)
2022-10-11 12:51:23,657 [Listener at 127.0.0.1/39939] INFO  server.XceiverServerGrpc (XceiverServerGrpc.java:<init>(132)) - GrpcServer channel type EpollServerSocketChannel
2022-10-11 12:51:23,660 [pool-900-thread-1] INFO  storage.RaftStorageDirectory (RaftStorageDirectoryImpl.java:tryLock(230)) - Lock on /home/runner/work/ozone/ozone/hadoop-ozone/integration-test/target/test-dir/MiniOzoneClusterImpl-86edf0e9-7e2c-4cfe-baf2-13fb9c17952e/datanode-0/data/ratis/c6e6a251-f79a-43ff-b19e-51d27de71748/in_use.lock acquired by nodename 36499@fv-az570-546
2022-10-11 12:51:23,660 [pool-900-thread-1] INFO  storage.RaftStorage (RaftStorageImpl.java:analyzeAndRecoverStorage(110)) - Read RaftStorageMetadata{term=4, votedFor=0edcf6db-22cd-4c8c-bdc6-3c11ab3ecd15} from /home/runner/work/ozone/ozone/hadoop-ozone/integration-test/target/test-dir/MiniOzoneClusterImpl-86edf0e9-7e2c-4cfe-baf2-13fb9c17952e/datanode-0/data/ratis/c6e6a251-f79a-43ff-b19e-51d27de71748/current/raft-meta
2022-10-11 12:51:23,667 [pool-900-thread-1] INFO  ratis.ContainerStateMachine (ContainerStateMachine.java:loadSnapshot(245)) - group-51D27DE71748: Setting the last applied index to (t:4, i:0)
2022-10-11 12:51:23,668 [pool-900-thread-1] INFO  server.RaftServer$Division (ServerState.java:setRaftConf(393)) - 8873ba3e-7da4-46f7-b1d3-8a39f1a1c208@group-51D27DE71748: set configuration 0: [8873ba3e-7da4-46f7-b1d3-8a39f1a1c208|rpc:10.1.1.98:41043|dataStream:|priority:0, 0edcf6db-22cd-4c8c-bdc6-3c11ab3ecd15|rpc:10.1.1.98:42307|dataStream:|priority:1, 9e941ce3-1318-4d07-a6ad-837cafbdd6f8|rpc:10.1.1.98:33735|dataStream:|priority:0], old=null
2022-10-11 12:51:23,668 [pool-900-thread-1] INFO  server.RaftServerConfigKeys (ConfUtils.java:logGet(46)) - raft.server.notification.no-leader.timeout = 300s (custom)
2022-10-11 12:51:23,668 [pool-900-thread-1] INFO  server.RaftServerConfigKeys (ConfUtils.java:logGet(46)) - raft.server.log.use.memory = false (default)
2022-10-11 12:51:23,668 [pool-900-thread-1] INFO  server.RaftServerConfigKeys (ConfUtils.java:logGet(46)) - raft.server.log.purge.gap = 1000000 (custom)
2022-10-11 12:51:23,668 [pool-900-thread-1] INFO  server.RaftServerConfigKeys (ConfUtils.java:logGet(46)) - raft.server.log.appender.buffer.byte-limit = 33554432 (custom)
2022-10-11 12:51:23,668 [pool-900-thread-1] INFO  server.RaftServerConfigKeys (ConfUtils.java:logGet(46)) - raft.server.log.statemachine.data.read.timeout = 1000ms (default)
2022-10-11 12:51:23,669 [pool-900-thread-1] INFO  server.RaftServerConfigKeys (ConfUtils.java:logGet(46)) - raft.server.log.segment.size.max = 1048576 (custom)
2022-10-11 12:51:23,669 [Listener at 127.0.0.1/39939] INFO  http.BaseHttpServer (BaseHttpServer.java:newHttpServer2BuilderForOzone(213)) - Starting Web-server for hddsDatanode at: http://0.0.0.0:36913
2022-10-11 12:51:23,669 [Listener at 127.0.0.1/39939] INFO  http.BaseHttpServer (BaseHttpServer.java:<init>(108)) - Hadoop Security Enabled: false Ozone Security Enabled: false Ozone HTTP Security Enabled: false 
2022-10-11 12:51:23,669 [pool-900-thread-1] INFO  server.RaftServerConfigKeys (ConfUtils.java:logGet(46)) - raft.server.log.segment.cache.num.max = 2 (custom)
2022-10-11 12:51:23,670 [pool-900-thread-1] INFO  server.RaftServerConfigKeys (ConfUtils.java:logGet(46)) - raft.server.log.segment.cache.size.max = 200MB (=209715200) (default)
2022-10-11 12:51:23,670 [pool-900-thread-1] INFO  segmented.SegmentedRaftLogWorker (SegmentedRaftLogWorker.java:<init>(187)) - new 8873ba3e-7da4-46f7-b1d3-8a39f1a1c208@group-51D27DE71748-SegmentedRaftLogWorker for RaftStorageImpl:Storage Directory /home/runner/work/ozone/ozone/hadoop-ozone/integration-test/target/test-dir/MiniOzoneClusterImpl-86edf0e9-7e2c-4cfe-baf2-13fb9c17952e/datanode-0/data/ratis/c6e6a251-f79a-43ff-b19e-51d27de71748
2022-10-11 12:51:23,670 [pool-900-thread-1] INFO  server.RaftServerConfigKeys (ConfUtils.java:logGet(46)) - raft.server.log.queue.byte-limit = 4294967296 (custom)
2022-10-11 12:51:23,670 [pool-900-thread-1] INFO  server.RaftServerConfigKeys (ConfUtils.java:logGet(46)) - raft.server.log.queue.element-limit = 1024 (custom)
2022-10-11 12:51:23,670 [pool-900-thread-1] INFO  server.RaftServerConfigKeys (ConfUtils.java:logGet(46)) - raft.server.log.segment.size.max = 1048576 (custom)
2022-10-11 12:51:23,670 [pool-900-thread-1] INFO  server.RaftServerConfigKeys (ConfUtils.java:logGet(46)) - raft.server.log.preallocated.size = 16384 (custom)
2022-10-11 12:51:23,670 [pool-900-thread-1] INFO  server.RaftServerConfigKeys (ConfUtils.java:logGet(46)) - raft.server.log.force.sync.num = 128 (default)
2022-10-11 12:51:23,670 [pool-900-thread-1] INFO  server.RaftServerConfigKeys (ConfUtils.java:logGet(46)) - raft.server.log.statemachine.data.sync = true (default)
2022-10-11 12:51:23,670 [pool-900-thread-1] INFO  server.RaftServerConfigKeys (ConfUtils.java:logGet(46)) - raft.server.log.statemachine.data.sync.timeout = 10s (default)
2022-10-11 12:51:23,670 [pool-900-thread-1] INFO  server.RaftServerConfigKeys (ConfUtils.java:logGet(46)) - raft.server.log.statemachine.data.sync.timeout.retry = -1 (default)
2022-10-11 12:51:23,671 [pool-900-thread-1] INFO  server.RaftServerConfigKeys (ConfUtils.java:logGet(46)) - raft.server.log.write.buffer.size = 1048576 (custom)
2022-10-11 12:51:23,672 [Listener at 127.0.0.1/39939] INFO  server.AuthenticationFilter (AuthenticationFilter.java:constructSecretProvider(240)) - Unable to initialize FileSignerSecretProvider, falling back to use random secrets.
2022-10-11 12:51:23,673 [pool-900-thread-1] INFO  server.RaftServerConfigKeys (ConfUtils.java:logGet(46)) - raft.server.log.unsafe-flush.enabled = false (default)
2022-10-11 12:51:23,673 [pool-900-thread-1] INFO  server.RaftServerConfigKeys (ConfUtils.java:logGet(46)) - raft.server.log.statemachine.data.caching.enabled = true (custom)
2022-10-11 12:51:23,674 [pool-900-thread-1] INFO  server.RaftServer$Division (ServerState.java:setRaftConf(393)) - 8873ba3e-7da4-46f7-b1d3-8a39f1a1c208@group-51D27DE71748: set configuration 0: [8873ba3e-7da4-46f7-b1d3-8a39f1a1c208|rpc:10.1.1.98:41043|dataStream:|priority:0, 0edcf6db-22cd-4c8c-bdc6-3c11ab3ecd15|rpc:10.1.1.98:42307|dataStream:|priority:1, 9e941ce3-1318-4d07-a6ad-837cafbdd6f8|rpc:10.1.1.98:33735|dataStream:|priority:0], old=null
2022-10-11 12:51:23,675 [Listener at 127.0.0.1/39939] WARN  http.HttpRequestLog (HttpRequestLog.java:getRequestLog(103)) - Jetty request log can only be enabled using Log4j
2022-10-11 12:51:23,676 [Listener at 127.0.0.1/39939] INFO  http.HttpServer2 (HttpServer2.java:addGlobalFilter(1031)) - Added global filter 'safety' (class=org.apache.hadoop.hdds.server.http.HttpServer2$QuotingInputFilter)
2022-10-11 12:51:23,677 [Listener at 127.0.0.1/39939] INFO  http.HttpServer2 (HttpServer2.java:addFilter(1007)) - Added filter static_user_filter (class=org.apache.hadoop.http.lib.StaticUserWebFilter$StaticUserFilter) to context hddsDatanode
2022-10-11 12:51:23,677 [Listener at 127.0.0.1/39939] INFO  http.HttpServer2 (HttpServer2.java:addFilter(1015)) - Added filter static_user_filter (class=org.apache.hadoop.http.lib.StaticUserWebFilter$StaticUserFilter) to context logs
2022-10-11 12:51:23,677 [Listener at 127.0.0.1/39939] INFO  http.HttpServer2 (HttpServer2.java:addFilter(1015)) - Added filter static_user_filter (class=org.apache.hadoop.http.lib.StaticUserWebFilter$StaticUserFilter) to context static
2022-10-11 12:51:23,678 [Listener at 127.0.0.1/39939] INFO  http.HttpServer2 (HttpServer2.java:bindListener(1250)) - Jetty bound to port 36913
2022-10-11 12:51:23,678 [Listener at 127.0.0.1/39939] INFO  server.Server (Server.java:doStart(375)) - jetty-9.4.43.v20210629; built: 2021-06-30T11:07:22.254Z; git: 526006ecfa3af7f1a27ef3a288e2bef7ea9dd7e8; jvm 1.8.0_345-b01
2022-10-11 12:51:23,674 [pool-900-thread-1] INFO  segmented.LogSegment (LogSegment.java:loadSegment(173)) - Successfully read 1 entries from segment file /home/runner/work/ozone/ozone/hadoop-ozone/integration-test/target/test-dir/MiniOzoneClusterImpl-86edf0e9-7e2c-4cfe-baf2-13fb9c17952e/datanode-0/data/ratis/c6e6a251-f79a-43ff-b19e-51d27de71748/current/log_inprogress_0
2022-10-11 12:51:23,691 [pool-900-thread-1] INFO  segmented.SegmentedRaftLogWorker (SegmentedRaftLogWorker.java:lambda$new$0(135)) - 8873ba3e-7da4-46f7-b1d3-8a39f1a1c208@group-51D27DE71748-SegmentedRaftLogWorker: flushIndex: setUnconditionally 0 -> 0
2022-10-11 12:51:23,691 [pool-900-thread-1] INFO  segmented.SegmentedRaftLogWorker (SegmentedRaftLogWorker.java:lambda$new$0(135)) - 8873ba3e-7da4-46f7-b1d3-8a39f1a1c208@group-51D27DE71748-SegmentedRaftLogWorker: safeCacheEvictIndex: setUnconditionally 0 -> -1
2022-10-11 12:51:23,700 [pool-900-thread-1] INFO  server.RaftServerConfigKeys (ConfUtils.java:logGet(46)) - raft.server.snapshot.auto.trigger.enabled = true (custom)
2022-10-11 12:51:23,700 [pool-900-thread-1] INFO  server.RaftServerConfigKeys (ConfUtils.java:logGet(46)) - raft.server.snapshot.auto.trigger.threshold = 10000 (custom)
2022-10-11 12:51:23,700 [pool-900-thread-1] INFO  server.RaftServerConfigKeys (ConfUtils.java:logGet(46)) - raft.server.snapshot.retention.file.num = 5 (custom)
2022-10-11 12:51:23,700 [pool-900-thread-1] INFO  server.RaftServerConfigKeys (ConfUtils.java:logGet(46)) - raft.server.log.purge.upto.snapshot.index = false (default)
2022-10-11 12:51:23,701 [pool-900-thread-1] INFO  server.RaftServerConfigKeys (ConfUtils.java:logGet(46)) - raft.server.retrycache.expirytime = 600000ms (custom)
2022-10-11 12:51:23,701 [pool-900-thread-1] INFO  server.RaftServerConfigKeys (ConfUtils.java:logGet(46)) - raft.server.retrycache.statistics.expirytime = 100μs (default)
2022-10-11 12:51:23,702 [pool-900-thread-1] INFO  server.RaftServerConfigKeys (ConfUtils.java:logGet(46)) - raft.server.log.appender.install.snapshot.enabled = false (custom)
2022-10-11 12:51:23,702 [pool-900-thread-1] INFO  server.RaftServerConfigKeys (ConfUtils.java:logGet(46)) - raft.server.threadpool.server.cached = true (default)
2022-10-11 12:51:23,702 [pool-900-thread-1] INFO  server.RaftServerConfigKeys (ConfUtils.java:logGet(46)) - raft.server.threadpool.server.size = 0 (default)
2022-10-11 12:51:23,702 [pool-900-thread-1] INFO  server.RaftServerConfigKeys (ConfUtils.java:logGet(46)) - raft.server.threadpool.client.cached = true (default)
2022-10-11 12:51:23,702 [pool-900-thread-1] INFO  server.RaftServerConfigKeys (ConfUtils.java:logGet(46)) - raft.server.threadpool.client.size = 0 (default)
2022-10-11 12:51:23,728 [SCMBlockDeletingService#0] DEBUG block.SCMBlockDeletingService (SCMBlockDeletingService.java:call(131)) - Running DeletedBlockTransactionScanner
2022-10-11 12:51:23,751 [Listener at 127.0.0.1/39939] INFO  server.session (DefaultSessionIdManager.java:doStart(334)) - DefaultSessionIdManager workerName=node0
2022-10-11 12:51:23,752 [Listener at 127.0.0.1/39939] INFO  server.session (DefaultSessionIdManager.java:doStart(339)) - No SessionScavenger set, using defaults
2022-10-11 12:51:23,752 [Listener at 127.0.0.1/39939] INFO  server.session (HouseKeeper.java:startScavenging(132)) - node0 Scavenging every 660000ms
2022-10-11 12:51:23,756 [Listener at 127.0.0.1/39939] INFO  handler.ContextHandler (ContextHandler.java:doStart(915)) - Started o.e.j.s.ServletContextHandler@311ccf7d{logs,/logs,file:///home/runner/work/ozone/ozone/hadoop-ozone/integration-test/target/log,AVAILABLE}
2022-10-11 12:51:23,756 [Listener at 127.0.0.1/39939] INFO  handler.ContextHandler (ContextHandler.java:doStart(915)) - Started o.e.j.s.ServletContextHandler@120feaf7{static,/static,jar:file:/home/runner/.m2/repository/org/apache/ozone/hdds-container-service/1.3.0-SNAPSHOT/hdds-container-service-1.3.0-SNAPSHOT.jar!/webapps/static,AVAILABLE}
2022-10-11 12:51:23,828 [SCMBlockDeletingService#0] DEBUG block.SCMBlockDeletingService (SCMBlockDeletingService.java:call(131)) - Running DeletedBlockTransactionScanner
2022-10-11 12:51:23,928 [SCMBlockDeletingService#0] DEBUG block.SCMBlockDeletingService (SCMBlockDeletingService.java:call(131)) - Running DeletedBlockTransactionScanner
2022-10-11 12:51:23,959 [Listener at 127.0.0.1/39939] INFO  handler.ContextHandler (ContextHandler.java:doStart(915)) - Started o.e.j.w.WebAppContext@341a3f6f{hddsDatanode,/,file:///tmp/jetty-0_0_0_0-36913-hdds-container-service-1_3_0-SNAPSHOT_jar-_-any-3399331637240360952/webapp/,AVAILABLE}{jar:file:/home/runner/.m2/repository/org/apache/ozone/hdds-container-service/1.3.0-SNAPSHOT/hdds-container-service-1.3.0-SNAPSHOT.jar!/webapps/hddsDatanode}
2022-10-11 12:51:23,961 [Listener at 127.0.0.1/39939] INFO  server.AbstractConnector (AbstractConnector.java:doStart(331)) - Started ServerConnector@760b94dc{HTTP/1.1, (http/1.1)}{0.0.0.0:36913}
2022-10-11 12:51:23,961 [Listener at 127.0.0.1/39939] INFO  server.Server (Server.java:doStart(415)) - Started @220967ms
2022-10-11 12:51:23,962 [Listener at 127.0.0.1/39939] WARN  impl.MetricsSystemImpl (MetricsSystemImpl.java:register(279)) - Sink prometheus already exists!
2022-10-11 12:51:23,962 [Listener at 127.0.0.1/39939] INFO  http.BaseHttpServer (BaseHttpServer.java:updateConnectorAddress(333)) - HTTP server of hddsDatanode listening at http://0.0.0.0:36913
2022-10-11 12:51:23,963 [Listener at 127.0.0.1/39939] INFO  ozone.MiniOzoneClusterImpl (MiniOzoneClusterImpl.java:lambda$waitForClusterToBeReady$0(216)) - Waiting for nodes to be ready. Got 2 of 3 DN Heartbeats.
2022-10-11 12:51:23,963 [Listener at 127.0.0.1/39939] INFO  ozone.MiniOzoneClusterImpl (MiniOzoneClusterImpl.java:lambda$waitForClusterToBeReady$0(219)) - Cluster exits safe mode
2022-10-11 12:51:23,963 [Listener at 127.0.0.1/39939] INFO  ozone.MiniOzoneClusterImpl (MiniOzoneClusterImpl.java:lambda$waitForClusterToBeReady$0(221)) - SCM became leader
2022-10-11 12:51:23,964 [Datanode State Machine Daemon Thread] INFO  statemachine.DatanodeStateMachine (DatanodeStateMachine.java:lambda$startDaemon$0(492)) - Ozone container server started.
2022-10-11 12:51:23,971 [org.apache.hadoop.util.JvmPauseMonitor$Monitor@65b4d253] INFO  util.JvmPauseMonitor (JvmPauseMonitor.java:run(188)) - Starting JVM pause monitor
2022-10-11 12:51:23,972 [Datanode State Machine Task Thread - 0] INFO  datanode.InitDatanodeState (InitDatanodeState.java:persistContainerDatanodeDetails(138)) - DatanodeDetails is persisted to /home/runner/work/ozone/ozone/hadoop-ozone/integration-test/target/test-dir/MiniOzoneClusterImpl-86edf0e9-7e2c-4cfe-baf2-13fb9c17952e/datanode-0/meta/datanode.id
2022-10-11 12:51:24,028 [SCMBlockDeletingService#0] DEBUG block.SCMBlockDeletingService (SCMBlockDeletingService.java:call(131)) - Running DeletedBlockTransactionScanner
2022-10-11 12:51:24,128 [SCMBlockDeletingService#0] DEBUG block.SCMBlockDeletingService (SCMBlockDeletingService.java:call(131)) - Running DeletedBlockTransactionScanner
2022-10-11 12:51:24,228 [SCMBlockDeletingService#0] DEBUG block.SCMBlockDeletingService (SCMBlockDeletingService.java:call(131)) - Running DeletedBlockTransactionScanner
2022-10-11 12:51:24,328 [SCMBlockDeletingService#0] DEBUG block.SCMBlockDeletingService (SCMBlockDeletingService.java:call(131)) - Running DeletedBlockTransactionScanner
2022-10-11 12:51:24,428 [SCMBlockDeletingService#0] DEBUG block.SCMBlockDeletingService (SCMBlockDeletingService.java:call(131)) - Running DeletedBlockTransactionScanner
2022-10-11 12:51:24,528 [SCMBlockDeletingService#0] DEBUG block.SCMBlockDeletingService (SCMBlockDeletingService.java:call(131)) - Running DeletedBlockTransactionScanner
2022-10-11 12:51:24,629 [SCMBlockDeletingService#0] DEBUG block.SCMBlockDeletingService (SCMBlockDeletingService.java:call(131)) - Running DeletedBlockTransactionScanner
2022-10-11 12:51:24,729 [SCMBlockDeletingService#0] DEBUG block.SCMBlockDeletingService (SCMBlockDeletingService.java:call(131)) - Running DeletedBlockTransactionScanner
2022-10-11 12:51:24,829 [SCMBlockDeletingService#0] DEBUG block.SCMBlockDeletingService (SCMBlockDeletingService.java:call(131)) - Running DeletedBlockTransactionScanner
2022-10-11 12:51:24,872 [grpc-default-executor-0] WARN  server.GrpcLogAppender (LogUtils.java:warn(122)) - 0edcf6db-22cd-4c8c-bdc6-3c11ab3ecd15@group-51D27DE71748->8873ba3e-7da4-46f7-b1d3-8a39f1a1c208-AppendLogResponseHandler: Failed appendEntries: org.apache.ratis.thirdparty.io.grpc.StatusRuntimeException: UNAVAILABLE: io exception
2022-10-11 12:51:24,872 [grpc-default-executor-0] WARN  server.GrpcLogAppender (GrpcLogAppender.java:resetClient(111)) - 0edcf6db-22cd-4c8c-bdc6-3c11ab3ecd15@group-51D27DE71748->8873ba3e-7da4-46f7-b1d3-8a39f1a1c208-GrpcLogAppender: Leader has not got in touch with Follower 0edcf6db-22cd-4c8c-bdc6-3c11ab3ecd15@group-51D27DE71748->8873ba3e-7da4-46f7-b1d3-8a39f1a1c208(c0,m0,n1, attendVote=true, lastRpcSendTime=1251, lastRpcResponseTime=6260) yet, just keep nextIndex unchanged and retry.
2022-10-11 12:51:24,929 [SCMBlockDeletingService#0] DEBUG block.SCMBlockDeletingService (SCMBlockDeletingService.java:call(131)) - Running DeletedBlockTransactionScanner
2022-10-11 12:51:24,964 [Listener at 127.0.0.1/39939] INFO  ozone.MiniOzoneClusterImpl (MiniOzoneClusterImpl.java:lambda$waitForClusterToBeReady$0(216)) - Waiting for nodes to be ready. Got 2 of 3 DN Heartbeats.
2022-10-11 12:51:24,964 [Listener at 127.0.0.1/39939] INFO  ozone.MiniOzoneClusterImpl (MiniOzoneClusterImpl.java:lambda$waitForClusterToBeReady$0(219)) - Cluster exits safe mode
2022-10-11 12:51:24,964 [Listener at 127.0.0.1/39939] INFO  ozone.MiniOzoneClusterImpl (MiniOzoneClusterImpl.java:lambda$waitForClusterToBeReady$0(221)) - SCM became leader
2022-10-11 12:51:25,029 [SCMBlockDeletingService#0] DEBUG block.SCMBlockDeletingService (SCMBlockDeletingService.java:call(131)) - Running DeletedBlockTransactionScanner
2022-10-11 12:51:25,129 [SCMBlockDeletingService#0] DEBUG block.SCMBlockDeletingService (SCMBlockDeletingService.java:call(131)) - Running DeletedBlockTransactionScanner
2022-10-11 12:51:25,229 [SCMBlockDeletingService#0] DEBUG block.SCMBlockDeletingService (SCMBlockDeletingService.java:call(131)) - Running DeletedBlockTransactionScanner
2022-10-11 12:51:25,329 [SCMBlockDeletingService#0] DEBUG block.SCMBlockDeletingService (SCMBlockDeletingService.java:call(131)) - Running DeletedBlockTransactionScanner
2022-10-11 12:51:25,429 [SCMBlockDeletingService#0] DEBUG block.SCMBlockDeletingService (SCMBlockDeletingService.java:call(131)) - Running DeletedBlockTransactionScanner
2022-10-11 12:51:25,529 [SCMBlockDeletingService#0] DEBUG block.SCMBlockDeletingService (SCMBlockDeletingService.java:call(131)) - Running DeletedBlockTransactionScanner
2022-10-11 12:51:25,630 [SCMBlockDeletingService#0] DEBUG block.SCMBlockDeletingService (SCMBlockDeletingService.java:call(131)) - Running DeletedBlockTransactionScanner
2022-10-11 12:51:25,742 [SCMBlockDeletingService#0] DEBUG block.SCMBlockDeletingService (SCMBlockDeletingService.java:call(131)) - Running DeletedBlockTransactionScanner
2022-10-11 12:51:25,842 [SCMBlockDeletingService#0] DEBUG block.SCMBlockDeletingService (SCMBlockDeletingService.java:call(131)) - Running DeletedBlockTransactionScanner
2022-10-11 12:51:25,942 [SCMBlockDeletingService#0] DEBUG block.SCMBlockDeletingService (SCMBlockDeletingService.java:call(131)) - Running DeletedBlockTransactionScanner
2022-10-11 12:51:25,965 [Listener at 127.0.0.1/39939] INFO  ozone.MiniOzoneClusterImpl (MiniOzoneClusterImpl.java:lambda$waitForClusterToBeReady$0(216)) - Waiting for nodes to be ready. Got 2 of 3 DN Heartbeats.
2022-10-11 12:51:25,965 [Listener at 127.0.0.1/39939] INFO  ozone.MiniOzoneClusterImpl (MiniOzoneClusterImpl.java:lambda$waitForClusterToBeReady$0(219)) - Cluster exits safe mode
2022-10-11 12:51:25,965 [Listener at 127.0.0.1/39939] INFO  ozone.MiniOzoneClusterImpl (MiniOzoneClusterImpl.java:lambda$waitForClusterToBeReady$0(221)) - SCM became leader
2022-10-11 12:51:25,974 [EndpointStateMachine task thread for /0.0.0.0:37919 - 0 ] INFO  ozoneimpl.OzoneContainer (OzoneContainer.java:start(378)) - Attempting to start container services.
2022-10-11 12:51:25,974 [EndpointStateMachine task thread for /0.0.0.0:37919 - 0 ] INFO  ozoneimpl.OzoneContainer (OzoneContainer.java:startContainerScrub(313)) - Background container scanner has been disabled.
2022-10-11 12:51:25,981 [EndpointStateMachine task thread for /0.0.0.0:37919 - 0 ] INFO  ratis.XceiverServerRatis (XceiverServerRatis.java:start(481)) - Starting XceiverServerRatis 8873ba3e-7da4-46f7-b1d3-8a39f1a1c208
2022-10-11 12:51:25,982 [8873ba3e-7da4-46f7-b1d3-8a39f1a1c208-impl-thread1] INFO  server.RaftServer$Division (RaftServerImpl.java:start(310)) - 8873ba3e-7da4-46f7-b1d3-8a39f1a1c208@group-51D27DE71748: start as a follower, conf=0: [8873ba3e-7da4-46f7-b1d3-8a39f1a1c208|rpc:10.1.1.98:41043|dataStream:|priority:0, 0edcf6db-22cd-4c8c-bdc6-3c11ab3ecd15|rpc:10.1.1.98:42307|dataStream:|priority:1, 9e941ce3-1318-4d07-a6ad-837cafbdd6f8|rpc:10.1.1.98:33735|dataStream:|priority:0], old=null
2022-10-11 12:51:25,982 [8873ba3e-7da4-46f7-b1d3-8a39f1a1c208-impl-thread1] INFO  server.RaftServer$Division (RaftServerImpl.java:setRole(299)) - 8873ba3e-7da4-46f7-b1d3-8a39f1a1c208@group-51D27DE71748: changes role from      null to FOLLOWER at term 4 for startAsFollower
2022-10-11 12:51:25,982 [8873ba3e-7da4-46f7-b1d3-8a39f1a1c208-impl-thread1] INFO  impl.RoleInfo (RoleInfo.java:updateAndGet(139)) - 8873ba3e-7da4-46f7-b1d3-8a39f1a1c208: start 8873ba3e-7da4-46f7-b1d3-8a39f1a1c208@group-51D27DE71748-FollowerState
2022-10-11 12:51:25,983 [8873ba3e-7da4-46f7-b1d3-8a39f1a1c208-impl-thread1] INFO  util.JmxRegister (JmxRegister.java:tryRegister(44)) - Successfully registered JMX Bean with object name Ratis:service=RaftServer,group=group-51D27DE71748,id=8873ba3e-7da4-46f7-b1d3-8a39f1a1c208
2022-10-11 12:51:25,986 [EndpointStateMachine task thread for /0.0.0.0:37919 - 0 ] INFO  server.RaftServer (RaftServerProxy.java:lambda$start$6(382)) - 8873ba3e-7da4-46f7-b1d3-8a39f1a1c208: start RPC server
2022-10-11 12:51:25,989 [EndpointStateMachine task thread for /0.0.0.0:37919 - 0 ] INFO  server.GrpcService (GrpcService.java:startImpl(260)) - 8873ba3e-7da4-46f7-b1d3-8a39f1a1c208: GrpcService started, listening on 41043
2022-10-11 12:51:25,989 [EndpointStateMachine task thread for /0.0.0.0:37919 - 0 ] INFO  ratis.XceiverServerRatis (XceiverServerRatis.java:getRealPort(502)) - XceiverServerRatis 8873ba3e-7da4-46f7-b1d3-8a39f1a1c208 is started using port 41043 for RATIS
2022-10-11 12:51:25,989 [EndpointStateMachine task thread for /0.0.0.0:37919 - 0 ] INFO  ratis.XceiverServerRatis (XceiverServerRatis.java:getRealPort(502)) - XceiverServerRatis 8873ba3e-7da4-46f7-b1d3-8a39f1a1c208 is started using port 41043 for RATIS_ADMIN
2022-10-11 12:51:25,989 [org.apache.ratis.util.JvmPauseMonitor$$Lambda$703/795293305@f41a330] INFO  util.JvmPauseMonitor (JvmPauseMonitor.java:run(103)) - JvmPauseMonitor-8873ba3e-7da4-46f7-b1d3-8a39f1a1c208: Started
2022-10-11 12:51:25,989 [EndpointStateMachine task thread for /0.0.0.0:37919 - 0 ] INFO  ratis.XceiverServerRatis (XceiverServerRatis.java:getRealPort(502)) - XceiverServerRatis 8873ba3e-7da4-46f7-b1d3-8a39f1a1c208 is started using port 41043 for RATIS_SERVER
2022-10-11 12:51:26,043 [SCMBlockDeletingService#0] DEBUG block.SCMBlockDeletingService (SCMBlockDeletingService.java:call(131)) - Running DeletedBlockTransactionScanner
2022-10-11 12:51:26,124 [grpc-default-executor-0] WARN  server.GrpcLogAppender (LogUtils.java:warn(122)) - 0edcf6db-22cd-4c8c-bdc6-3c11ab3ecd15@group-51D27DE71748->8873ba3e-7da4-46f7-b1d3-8a39f1a1c208-AppendLogResponseHandler: Failed appendEntries: org.apache.ratis.thirdparty.io.grpc.StatusRuntimeException: UNAVAILABLE: io exception
2022-10-11 12:51:26,125 [grpc-default-executor-0] WARN  server.GrpcLogAppender (GrpcLogAppender.java:resetClient(111)) - 0edcf6db-22cd-4c8c-bdc6-3c11ab3ecd15@group-51D27DE71748->8873ba3e-7da4-46f7-b1d3-8a39f1a1c208-GrpcLogAppender: Leader has not got in touch with Follower 0edcf6db-22cd-4c8c-bdc6-3c11ab3ecd15@group-51D27DE71748->8873ba3e-7da4-46f7-b1d3-8a39f1a1c208(c0,m0,n1, attendVote=true, lastRpcSendTime=0, lastRpcResponseTime=7512) yet, just keep nextIndex unchanged and retry.
2022-10-11 12:51:26,143 [SCMBlockDeletingService#0] DEBUG block.SCMBlockDeletingService (SCMBlockDeletingService.java:call(131)) - Running DeletedBlockTransactionScanner
2022-10-11 12:51:26,244 [SCMBlockDeletingService#0] DEBUG block.SCMBlockDeletingService (SCMBlockDeletingService.java:call(131)) - Running DeletedBlockTransactionScanner
2022-10-11 12:51:26,344 [SCMBlockDeletingService#0] DEBUG block.SCMBlockDeletingService (SCMBlockDeletingService.java:call(131)) - Running DeletedBlockTransactionScanner
2022-10-11 12:51:26,444 [SCMBlockDeletingService#0] DEBUG block.SCMBlockDeletingService (SCMBlockDeletingService.java:call(131)) - Running DeletedBlockTransactionScanner
2022-10-11 12:51:26,554 [SCMBlockDeletingService#0] DEBUG block.SCMBlockDeletingService (SCMBlockDeletingService.java:call(131)) - Running DeletedBlockTransactionScanner
2022-10-11 12:51:26,655 [SCMBlockDeletingService#0] DEBUG block.SCMBlockDeletingService (SCMBlockDeletingService.java:call(131)) - Running DeletedBlockTransactionScanner
2022-10-11 12:51:26,755 [SCMBlockDeletingService#0] DEBUG block.SCMBlockDeletingService (SCMBlockDeletingService.java:call(131)) - Running DeletedBlockTransactionScanner
2022-10-11 12:51:26,855 [SCMBlockDeletingService#0] DEBUG block.SCMBlockDeletingService (SCMBlockDeletingService.java:call(131)) - Running DeletedBlockTransactionScanner
2022-10-11 12:51:26,955 [SCMBlockDeletingService#0] DEBUG block.SCMBlockDeletingService (SCMBlockDeletingService.java:call(131)) - Running DeletedBlockTransactionScanner
2022-10-11 12:51:26,965 [Listener at 127.0.0.1/39939] INFO  ozone.MiniOzoneClusterImpl (MiniOzoneClusterImpl.java:lambda$waitForClusterToBeReady$0(216)) - Waiting for nodes to be ready. Got 2 of 3 DN Heartbeats.
2022-10-11 12:51:26,966 [Listener at 127.0.0.1/39939] INFO  ozone.MiniOzoneClusterImpl (MiniOzoneClusterImpl.java:lambda$waitForClusterToBeReady$0(219)) - Cluster exits safe mode
2022-10-11 12:51:26,966 [Listener at 127.0.0.1/39939] INFO  ozone.MiniOzoneClusterImpl (MiniOzoneClusterImpl.java:lambda$waitForClusterToBeReady$0(221)) - SCM became leader
2022-10-11 12:51:27,055 [SCMBlockDeletingService#0] DEBUG block.SCMBlockDeletingService (SCMBlockDeletingService.java:call(131)) - Running DeletedBlockTransactionScanner
2022-10-11 12:51:27,155 [SCMBlockDeletingService#0] DEBUG block.SCMBlockDeletingService (SCMBlockDeletingService.java:call(131)) - Running DeletedBlockTransactionScanner
2022-10-11 12:51:27,256 [SCMBlockDeletingService#0] DEBUG block.SCMBlockDeletingService (SCMBlockDeletingService.java:call(131)) - Running DeletedBlockTransactionScanner
2022-10-11 12:51:27,356 [SCMBlockDeletingService#0] DEBUG block.SCMBlockDeletingService (SCMBlockDeletingService.java:call(131)) - Running DeletedBlockTransactionScanner
2022-10-11 12:51:27,379 [8873ba3e-7da4-46f7-b1d3-8a39f1a1c208-server-thread1] INFO  ratis.XceiverServerRatis (XceiverServerRatis.java:handleLeaderChangedNotification(863)) - Leader change notification received for group: group-51D27DE71748 with new leaderId: 0edcf6db-22cd-4c8c-bdc6-3c11ab3ecd15
2022-10-11 12:51:27,379 [8873ba3e-7da4-46f7-b1d3-8a39f1a1c208-server-thread1] INFO  server.RaftServer$Division (ServerState.java:setLeader(287)) - 8873ba3e-7da4-46f7-b1d3-8a39f1a1c208@group-51D27DE71748: change Leader from null to 0edcf6db-22cd-4c8c-bdc6-3c11ab3ecd15 at term 4 for appendEntries, leader elected after 3711ms
2022-10-11 12:51:27,456 [SCMBlockDeletingService#0] DEBUG block.SCMBlockDeletingService (SCMBlockDeletingService.java:call(131)) - Running DeletedBlockTransactionScanner
2022-10-11 12:51:27,556 [SCMBlockDeletingService#0] DEBUG block.SCMBlockDeletingService (SCMBlockDeletingService.java:call(131)) - Running DeletedBlockTransactionScanner
2022-10-11 12:51:27,656 [SCMBlockDeletingService#0] DEBUG block.SCMBlockDeletingService (SCMBlockDeletingService.java:call(131)) - Running DeletedBlockTransactionScanner
2022-10-11 12:51:27,756 [SCMBlockDeletingService#0] DEBUG block.SCMBlockDeletingService (SCMBlockDeletingService.java:call(131)) - Running DeletedBlockTransactionScanner
2022-10-11 12:51:27,856 [SCMBlockDeletingService#0] DEBUG block.SCMBlockDeletingService (SCMBlockDeletingService.java:call(131)) - Running DeletedBlockTransactionScanner
2022-10-11 12:51:27,956 [SCMBlockDeletingService#0] DEBUG block.SCMBlockDeletingService (SCMBlockDeletingService.java:call(131)) - Running DeletedBlockTransactionScanner
2022-10-11 12:51:27,966 [Listener at 127.0.0.1/39939] INFO  ozone.MiniOzoneClusterImpl (MiniOzoneClusterImpl.java:lambda$waitForClusterToBeReady$0(216)) - Waiting for nodes to be ready. Got 2 of 3 DN Heartbeats.
2022-10-11 12:51:27,967 [Listener at 127.0.0.1/39939] INFO  ozone.MiniOzoneClusterImpl (MiniOzoneClusterImpl.java:lambda$waitForClusterToBeReady$0(219)) - Cluster exits safe mode
2022-10-11 12:51:27,967 [Listener at 127.0.0.1/39939] INFO  ozone.MiniOzoneClusterImpl (MiniOzoneClusterImpl.java:lambda$waitForClusterToBeReady$0(221)) - SCM became leader
2022-10-11 12:51:28,056 [SCMBlockDeletingService#0] DEBUG block.SCMBlockDeletingService (SCMBlockDeletingService.java:call(131)) - Running DeletedBlockTransactionScanner
2022-10-11 12:51:28,157 [SCMBlockDeletingService#0] DEBUG block.SCMBlockDeletingService (SCMBlockDeletingService.java:call(131)) - Running DeletedBlockTransactionScanner
2022-10-11 12:51:28,257 [SCMBlockDeletingService#0] DEBUG block.SCMBlockDeletingService (SCMBlockDeletingService.java:call(131)) - Running DeletedBlockTransactionScanner
2022-10-11 12:51:28,357 [SCMBlockDeletingService#0] DEBUG block.SCMBlockDeletingService (SCMBlockDeletingService.java:call(131)) - Running DeletedBlockTransactionScanner
2022-10-11 12:51:28,457 [SCMBlockDeletingService#0] DEBUG block.SCMBlockDeletingService (SCMBlockDeletingService.java:call(131)) - Running DeletedBlockTransactionScanner
2022-10-11 12:51:28,557 [SCMBlockDeletingService#0] DEBUG block.SCMBlockDeletingService (SCMBlockDeletingService.java:call(131)) - Running DeletedBlockTransactionScanner
2022-10-11 12:51:28,657 [SCMBlockDeletingService#0] DEBUG block.SCMBlockDeletingService (SCMBlockDeletingService.java:call(131)) - Running DeletedBlockTransactionScanner
2022-10-11 12:51:28,757 [SCMBlockDeletingService#0] DEBUG block.SCMBlockDeletingService (SCMBlockDeletingService.java:call(131)) - Running DeletedBlockTransactionScanner
2022-10-11 12:51:28,857 [SCMBlockDeletingService#0] DEBUG block.SCMBlockDeletingService (SCMBlockDeletingService.java:call(131)) - Running DeletedBlockTransactionScanner
2022-10-11 12:51:28,958 [SCMBlockDeletingService#0] DEBUG block.SCMBlockDeletingService (SCMBlockDeletingService.java:call(131)) - Running DeletedBlockTransactionScanner
2022-10-11 12:51:28,967 [Listener at 127.0.0.1/39939] INFO  ozone.MiniOzoneClusterImpl (MiniOzoneClusterImpl.java:lambda$waitForClusterToBeReady$0(216)) - Waiting for nodes to be ready. Got 2 of 3 DN Heartbeats.
2022-10-11 12:51:28,967 [Listener at 127.0.0.1/39939] INFO  ozone.MiniOzoneClusterImpl (MiniOzoneClusterImpl.java:lambda$waitForClusterToBeReady$0(219)) - Cluster exits safe mode
2022-10-11 12:51:28,968 [Listener at 127.0.0.1/39939] INFO  ozone.MiniOzoneClusterImpl (MiniOzoneClusterImpl.java:lambda$waitForClusterToBeReady$0(221)) - SCM became leader
2022-10-11 12:51:29,058 [SCMBlockDeletingService#0] DEBUG block.SCMBlockDeletingService (SCMBlockDeletingService.java:call(131)) - Running DeletedBlockTransactionScanner
2022-10-11 12:51:29,158 [SCMBlockDeletingService#0] DEBUG block.SCMBlockDeletingService (SCMBlockDeletingService.java:call(131)) - Running DeletedBlockTransactionScanner
2022-10-11 12:51:29,258 [SCMBlockDeletingService#0] DEBUG block.SCMBlockDeletingService (SCMBlockDeletingService.java:call(131)) - Running DeletedBlockTransactionScanner
2022-10-11 12:51:29,358 [SCMBlockDeletingService#0] DEBUG block.SCMBlockDeletingService (SCMBlockDeletingService.java:call(131)) - Running DeletedBlockTransactionScanner
2022-10-11 12:51:29,458 [SCMBlockDeletingService#0] DEBUG block.SCMBlockDeletingService (SCMBlockDeletingService.java:call(131)) - Running DeletedBlockTransactionScanner
2022-10-11 12:51:29,558 [SCMBlockDeletingService#0] DEBUG block.SCMBlockDeletingService (SCMBlockDeletingService.java:call(131)) - Running DeletedBlockTransactionScanner
2022-10-11 12:51:29,658 [SCMBlockDeletingService#0] DEBUG block.SCMBlockDeletingService (SCMBlockDeletingService.java:call(131)) - Running DeletedBlockTransactionScanner
2022-10-11 12:51:29,758 [SCMBlockDeletingService#0] DEBUG block.SCMBlockDeletingService (SCMBlockDeletingService.java:call(131)) - Running DeletedBlockTransactionScanner
2022-10-11 12:51:29,859 [SCMBlockDeletingService#0] DEBUG block.SCMBlockDeletingService (SCMBlockDeletingService.java:call(131)) - Running DeletedBlockTransactionScanner
2022-10-11 12:51:29,959 [SCMBlockDeletingService#0] DEBUG block.SCMBlockDeletingService (SCMBlockDeletingService.java:call(131)) - Running DeletedBlockTransactionScanner
2022-10-11 12:51:29,968 [Listener at 127.0.0.1/39939] INFO  ozone.MiniOzoneClusterImpl (MiniOzoneClusterImpl.java:lambda$waitForClusterToBeReady$0(216)) - Waiting for nodes to be ready. Got 2 of 3 DN Heartbeats.
2022-10-11 12:51:29,968 [Listener at 127.0.0.1/39939] INFO  ozone.MiniOzoneClusterImpl (MiniOzoneClusterImpl.java:lambda$waitForClusterToBeReady$0(219)) - Cluster exits safe mode
2022-10-11 12:51:29,969 [Listener at 127.0.0.1/39939] INFO  ozone.MiniOzoneClusterImpl (MiniOzoneClusterImpl.java:lambda$waitForClusterToBeReady$0(221)) - SCM became leader
2022-10-11 12:51:30,023 [EventQueue-HealthyReadonlyNodeForHealthyReadOnlyNodeHandler] INFO  node.HealthyReadOnlyNodeHandler (HealthyReadOnlyNodeHandler.java:onMessage(56)) - Datanode 8873ba3e-7da4-46f7-b1d3-8a39f1a1c208{ip: 10.1.1.98, host: fv-az570-546.srgqcr2moziuvm0qev4lajleyh.dx.internal.cloudapp.net, ports: [REPLICATION=39189, RATIS=41043, RATIS_ADMIN=41043, RATIS_SERVER=41043, STANDALONE=41019], networkLocation: /default-rack, certSerialId: null, persistedOpState: IN_SERVICE, persistedOpStateExpiryEpochSec: 0} moved to HEALTHY READONLY state.
2022-10-11 12:51:30,024 [EventQueue-HealthyReadonlyNodeForHealthyReadOnlyNodeHandler] INFO  node.HealthyReadOnlyNodeHandler (HealthyReadOnlyNodeHandler.java:onMessage(88)) - Sending close command for pipeline PipelineID=c6e6a251-f79a-43ff-b19e-51d27de71748 in state CLOSED which uses HEALTHY_READONLY datanode 8873ba3e-7da4-46f7-b1d3-8a39f1a1c208. This will send close commands for its containers.
2022-10-11 12:51:30,024 [EventQueue-HealthyReadonlyNodeForHealthyReadOnlyNodeHandler] INFO  node.HealthyReadOnlyNodeHandler (HealthyReadOnlyNodeHandler.java:onMessage(88)) - Sending close command for pipeline PipelineID=ef60ef7d-ff17-4298-b56d-d87ee6107c40 in state CLOSED which uses HEALTHY_READONLY datanode 8873ba3e-7da4-46f7-b1d3-8a39f1a1c208. This will send close commands for its containers.
2022-10-11 12:51:30,024 [EventQueue-HealthyReadonlyNodeForHealthyReadOnlyNodeHandler] INFO  node.HealthyReadOnlyNodeHandler (HealthyReadOnlyNodeHandler.java:onMessage(88)) - Sending close command for pipeline PipelineID=4c552024-17a1-4336-8ff8-a3858ffbbf68 in state CLOSED which uses HEALTHY_READONLY datanode 8873ba3e-7da4-46f7-b1d3-8a39f1a1c208. This will send close commands for its containers.
2022-10-11 12:51:30,025 [EventQueue-HealthyReadonlyNodeForHealthyReadOnlyNodeHandler] INFO  node.HealthyReadOnlyNodeHandler (HealthyReadOnlyNodeHandler.java:onMessage(88)) - Sending close command for pipeline PipelineID=d4812542-b01c-4a77-85b6-a3664e569b32 in state CLOSED which uses HEALTHY_READONLY datanode 8873ba3e-7da4-46f7-b1d3-8a39f1a1c208. This will send close commands for its containers.
2022-10-11 12:51:30,059 [SCMBlockDeletingService#0] DEBUG block.SCMBlockDeletingService (SCMBlockDeletingService.java:call(131)) - Running DeletedBlockTransactionScanner
2022-10-11 12:51:30,124 [EventQueue-HealthyReadonlyToHealthyNodeForReadOnlyHealthyToHealthyNodeHandler] INFO  node.ReadOnlyHealthyToHealthyNodeHandler (ReadOnlyHealthyToHealthyNodeHandler.java:onMessage(51)) - Datanode 8873ba3e-7da4-46f7-b1d3-8a39f1a1c208{ip: 10.1.1.98, host: fv-az570-546.srgqcr2moziuvm0qev4lajleyh.dx.internal.cloudapp.net, ports: [REPLICATION=39189, RATIS=41043, RATIS_ADMIN=41043, RATIS_SERVER=41043, STANDALONE=41019], networkLocation: /default-rack, certSerialId: null, persistedOpState: IN_SERVICE, persistedOpStateExpiryEpochSec: 0} moved to HEALTHY state.
2022-10-11 12:51:30,125 [EventQueue-HealthyReadonlyToHealthyNodeForReadOnlyHealthyToHealthyNodeHandler] INFO  pipeline.BackgroundPipelineCreator (BackgroundPipelineCreator.java:notifyEventTriggered(276)) - trigger a one-shot run on RatisPipelineUtilsThread.
2022-10-11 12:51:30,125 [RatisPipelineUtilsThread - 0] INFO  pipeline.RatisPipelineProvider (RatisPipelineProvider.java:lambda$create$0(195)) - Sending CreatePipelineCommand for pipeline:PipelineID=c49ac42d-4afd-4404-be1a-040e4a66f38e to datanode:8873ba3e-7da4-46f7-b1d3-8a39f1a1c208
2022-10-11 12:51:30,126 [RatisPipelineUtilsThread - 0] INFO  pipeline.RatisPipelineProvider (RatisPipelineProvider.java:lambda$create$0(195)) - Sending CreatePipelineCommand for pipeline:PipelineID=c49ac42d-4afd-4404-be1a-040e4a66f38e to datanode:9e941ce3-1318-4d07-a6ad-837cafbdd6f8
2022-10-11 12:51:30,126 [RatisPipelineUtilsThread - 0] INFO  pipeline.RatisPipelineProvider (RatisPipelineProvider.java:lambda$create$0(195)) - Sending CreatePipelineCommand for pipeline:PipelineID=c49ac42d-4afd-4404-be1a-040e4a66f38e to datanode:0edcf6db-22cd-4c8c-bdc6-3c11ab3ecd15
2022-10-11 12:51:30,127 [RatisPipelineUtilsThread - 0] INFO  pipeline.PipelineStateManagerImpl (PipelineStateManagerImpl.java:addPipeline(103)) - Created pipeline Pipeline[ Id: c49ac42d-4afd-4404-be1a-040e4a66f38e, Nodes: 8873ba3e-7da4-46f7-b1d3-8a39f1a1c208{ip: 10.1.1.98, host: fv-az570-546.srgqcr2moziuvm0qev4lajleyh.dx.internal.cloudapp.net, ports: [REPLICATION=39189, RATIS=41043, RATIS_ADMIN=41043, RATIS_SERVER=41043, STANDALONE=41019], networkLocation: /default-rack, certSerialId: null, persistedOpState: IN_SERVICE, persistedOpStateExpiryEpochSec: 0}9e941ce3-1318-4d07-a6ad-837cafbdd6f8{ip: 10.1.1.98, host: fv-az570-546.srgqcr2moziuvm0qev4lajleyh.dx.internal.cloudapp.net, ports: [REPLICATION=39047, RATIS=33735, RATIS_ADMIN=33735, RATIS_SERVER=33735, STANDALONE=41477], networkLocation: /default-rack, certSerialId: null, persistedOpState: IN_SERVICE, persistedOpStateExpiryEpochSec: 0}0edcf6db-22cd-4c8c-bdc6-3c11ab3ecd15{ip: 10.1.1.98, host: fv-az570-546.srgqcr2moziuvm0qev4lajleyh.dx.internal.cloudapp.net, ports: [REPLICATION=44577, RATIS=42307, RATIS_ADMIN=42307, RATIS_SERVER=42307, STANDALONE=44357], networkLocation: /default-rack, certSerialId: null, persistedOpState: IN_SERVICE, persistedOpStateExpiryEpochSec: 0}, ReplicationConfig: RATIS/THREE, State:ALLOCATED, leaderId:, CreationTimestamp2022-10-11T12:51:30.125Z[Etc/UTC]].
2022-10-11 12:51:30,159 [SCMBlockDeletingService#0] DEBUG block.SCMBlockDeletingService (SCMBlockDeletingService.java:call(131)) - Running DeletedBlockTransactionScanner
2022-10-11 12:51:30,259 [SCMBlockDeletingService#0] DEBUG block.SCMBlockDeletingService (SCMBlockDeletingService.java:call(131)) - Running DeletedBlockTransactionScanner
2022-10-11 12:51:30,359 [SCMBlockDeletingService#0] DEBUG block.SCMBlockDeletingService (SCMBlockDeletingService.java:call(131)) - Running DeletedBlockTransactionScanner
2022-10-11 12:51:30,459 [SCMBlockDeletingService#0] DEBUG block.SCMBlockDeletingService (SCMBlockDeletingService.java:call(131)) - Running DeletedBlockTransactionScanner
2022-10-11 12:51:30,473 [Command processor thread] INFO  server.RaftServer (RaftServerProxy.java:addNew(96)) - 9e941ce3-1318-4d07-a6ad-837cafbdd6f8: addNew group-040E4A66F38E:[8873ba3e-7da4-46f7-b1d3-8a39f1a1c208|rpc:10.1.1.98:41043|priority:0, 0edcf6db-22cd-4c8c-bdc6-3c11ab3ecd15|rpc:10.1.1.98:42307|priority:1, 9e941ce3-1318-4d07-a6ad-837cafbdd6f8|rpc:10.1.1.98:33735|priority:0] returns group-040E4A66F38E:java.util.concurrent.CompletableFuture@15e04dd7[Not completed]
2022-10-11 12:51:30,475 [pool-782-thread-1] INFO  server.RaftServer$Division (RaftServerImpl.java:<init>(190)) - 9e941ce3-1318-4d07-a6ad-837cafbdd6f8: new RaftServerImpl for group-040E4A66F38E:[8873ba3e-7da4-46f7-b1d3-8a39f1a1c208|rpc:10.1.1.98:41043|priority:0, 0edcf6db-22cd-4c8c-bdc6-3c11ab3ecd15|rpc:10.1.1.98:42307|priority:1, 9e941ce3-1318-4d07-a6ad-837cafbdd6f8|rpc:10.1.1.98:33735|priority:0] with ContainerStateMachine:uninitialized
2022-10-11 12:51:30,475 [pool-782-thread-1] INFO  server.RaftServerConfigKeys (ConfUtils.java:logGet(46)) - raft.server.rpc.timeout.min = 5s (custom)
2022-10-11 12:51:30,475 [pool-782-thread-1] INFO  server.RaftServerConfigKeys (ConfUtils.java:logGet(46)) - raft.server.rpc.timeout.max = 5200ms (custom)
2022-10-11 12:51:30,475 [pool-782-thread-1] INFO  server.RaftServerConfigKeys (ConfUtils.java:logGet(46)) - raft.server.rpc.sleep.time = 25ms (default)
2022-10-11 12:51:30,475 [pool-782-thread-1] INFO  server.RaftServerConfigKeys (ConfUtils.java:logGet(46)) - raft.server.rpc.slowness.timeout = 300s (custom)
2022-10-11 12:51:30,475 [pool-782-thread-1] INFO  server.RaftServerConfigKeys (ConfUtils.java:logGet(46)) - raft.server.leaderelection.leader.step-down.wait-time = 10s (default)
2022-10-11 12:51:30,475 [pool-782-thread-1] INFO  server.RaftServerConfigKeys (ConfUtils.java:logGet(46)) - raft.server.sleep.deviation.threshold = 300ms (default)
2022-10-11 12:51:30,476 [pool-782-thread-1] INFO  server.RaftServer$Division (ServerState.java:<init>(107)) - 9e941ce3-1318-4d07-a6ad-837cafbdd6f8@group-040E4A66F38E: ConfigurationManager, init=-1: [8873ba3e-7da4-46f7-b1d3-8a39f1a1c208|rpc:10.1.1.98:41043|priority:0, 0edcf6db-22cd-4c8c-bdc6-3c11ab3ecd15|rpc:10.1.1.98:42307|priority:1, 9e941ce3-1318-4d07-a6ad-837cafbdd6f8|rpc:10.1.1.98:33735|priority:0], old=null, confs=<EMPTY_MAP>
2022-10-11 12:51:30,476 [pool-782-thread-1] INFO  server.RaftServerConfigKeys (ConfUtils.java:logGet(46)) - raft.server.storage.dir = [/home/runner/work/ozone/ozone/hadoop-ozone/integration-test/target/test-dir/MiniOzoneClusterImpl-86edf0e9-7e2c-4cfe-baf2-13fb9c17952e/datanode-1/data/ratis] (custom)
2022-10-11 12:51:30,476 [pool-782-thread-1] INFO  server.RaftServerConfigKeys (ConfUtils.java:logGet(46)) - raft.server.log.corruption.policy = EXCEPTION (default)
2022-10-11 12:51:30,476 [pool-782-thread-1] INFO  server.RaftServerConfigKeys (ConfUtils.java:logGet(46)) - raft.server.storage.free-space.min = 0MB (=0) (default)
2022-10-11 12:51:30,476 [pool-782-thread-1] INFO  storage.RaftStorageDirectory (RaftStorageDirectoryImpl.java:analyzeStorage(135)) - The storage directory /home/runner/work/ozone/ozone/hadoop-ozone/integration-test/target/test-dir/MiniOzoneClusterImpl-86edf0e9-7e2c-4cfe-baf2-13fb9c17952e/datanode-1/data/ratis/c49ac42d-4afd-4404-be1a-040e4a66f38e does not exist. Creating ...
2022-10-11 12:51:30,477 [pool-782-thread-1] INFO  storage.RaftStorageDirectory (RaftStorageDirectoryImpl.java:tryLock(230)) - Lock on /home/runner/work/ozone/ozone/hadoop-ozone/integration-test/target/test-dir/MiniOzoneClusterImpl-86edf0e9-7e2c-4cfe-baf2-13fb9c17952e/datanode-1/data/ratis/c49ac42d-4afd-4404-be1a-040e4a66f38e/in_use.lock acquired by nodename 36499@fv-az570-546
2022-10-11 12:51:30,478 [Command processor thread] INFO  server.RaftServer (RaftServerProxy.java:addNew(96)) - 0edcf6db-22cd-4c8c-bdc6-3c11ab3ecd15: addNew group-040E4A66F38E:[8873ba3e-7da4-46f7-b1d3-8a39f1a1c208|rpc:10.1.1.98:41043|priority:0, 0edcf6db-22cd-4c8c-bdc6-3c11ab3ecd15|rpc:10.1.1.98:42307|priority:1, 9e941ce3-1318-4d07-a6ad-837cafbdd6f8|rpc:10.1.1.98:33735|priority:0] returns group-040E4A66F38E:java.util.concurrent.CompletableFuture@5914e065[Not completed]
2022-10-11 12:51:30,478 [pool-805-thread-1] INFO  server.RaftServer$Division (RaftServerImpl.java:<init>(190)) - 0edcf6db-22cd-4c8c-bdc6-3c11ab3ecd15: new RaftServerImpl for group-040E4A66F38E:[8873ba3e-7da4-46f7-b1d3-8a39f1a1c208|rpc:10.1.1.98:41043|priority:0, 0edcf6db-22cd-4c8c-bdc6-3c11ab3ecd15|rpc:10.1.1.98:42307|priority:1, 9e941ce3-1318-4d07-a6ad-837cafbdd6f8|rpc:10.1.1.98:33735|priority:0] with ContainerStateMachine:uninitialized
2022-10-11 12:51:30,478 [pool-805-thread-1] INFO  server.RaftServerConfigKeys (ConfUtils.java:logGet(46)) - raft.server.rpc.timeout.min = 5s (custom)
2022-10-11 12:51:30,478 [pool-805-thread-1] INFO  server.RaftServerConfigKeys (ConfUtils.java:logGet(46)) - raft.server.rpc.timeout.max = 5200ms (custom)
2022-10-11 12:51:30,478 [pool-805-thread-1] INFO  server.RaftServerConfigKeys (ConfUtils.java:logGet(46)) - raft.server.rpc.sleep.time = 25ms (default)
2022-10-11 12:51:30,478 [pool-805-thread-1] INFO  server.RaftServerConfigKeys (ConfUtils.java:logGet(46)) - raft.server.rpc.slowness.timeout = 300s (custom)
2022-10-11 12:51:30,478 [pool-805-thread-1] INFO  server.RaftServerConfigKeys (ConfUtils.java:logGet(46)) - raft.server.leaderelection.leader.step-down.wait-time = 10s (default)
2022-10-11 12:51:30,479 [pool-805-thread-1] INFO  server.RaftServerConfigKeys (ConfUtils.java:logGet(46)) - raft.server.sleep.deviation.threshold = 300ms (default)
2022-10-11 12:51:30,479 [pool-805-thread-1] INFO  server.RaftServer$Division (ServerState.java:<init>(107)) - 0edcf6db-22cd-4c8c-bdc6-3c11ab3ecd15@group-040E4A66F38E: ConfigurationManager, init=-1: [8873ba3e-7da4-46f7-b1d3-8a39f1a1c208|rpc:10.1.1.98:41043|priority:0, 0edcf6db-22cd-4c8c-bdc6-3c11ab3ecd15|rpc:10.1.1.98:42307|priority:1, 9e941ce3-1318-4d07-a6ad-837cafbdd6f8|rpc:10.1.1.98:33735|priority:0], old=null, confs=<EMPTY_MAP>
2022-10-11 12:51:30,479 [pool-805-thread-1] INFO  server.RaftServerConfigKeys (ConfUtils.java:logGet(46)) - raft.server.storage.dir = [/home/runner/work/ozone/ozone/hadoop-ozone/integration-test/target/test-dir/MiniOzoneClusterImpl-86edf0e9-7e2c-4cfe-baf2-13fb9c17952e/datanode-2/data/ratis] (custom)
2022-10-11 12:51:30,479 [pool-805-thread-1] INFO  server.RaftServerConfigKeys (ConfUtils.java:logGet(46)) - raft.server.log.corruption.policy = EXCEPTION (default)
2022-10-11 12:51:30,479 [pool-805-thread-1] INFO  server.RaftServerConfigKeys (ConfUtils.java:logGet(46)) - raft.server.storage.free-space.min = 0MB (=0) (default)
2022-10-11 12:51:30,479 [pool-805-thread-1] INFO  storage.RaftStorageDirectory (RaftStorageDirectoryImpl.java:analyzeStorage(135)) - The storage directory /home/runner/work/ozone/ozone/hadoop-ozone/integration-test/target/test-dir/MiniOzoneClusterImpl-86edf0e9-7e2c-4cfe-baf2-13fb9c17952e/datanode-2/data/ratis/c49ac42d-4afd-4404-be1a-040e4a66f38e does not exist. Creating ...
2022-10-11 12:51:30,481 [pool-805-thread-1] INFO  storage.RaftStorageDirectory (RaftStorageDirectoryImpl.java:tryLock(230)) - Lock on /home/runner/work/ozone/ozone/hadoop-ozone/integration-test/target/test-dir/MiniOzoneClusterImpl-86edf0e9-7e2c-4cfe-baf2-13fb9c17952e/datanode-2/data/ratis/c49ac42d-4afd-4404-be1a-040e4a66f38e/in_use.lock acquired by nodename 36499@fv-az570-546
2022-10-11 12:51:30,482 [pool-782-thread-1] INFO  storage.RaftStorage (RaftStorageImpl.java:format(89)) - Storage directory /home/runner/work/ozone/ozone/hadoop-ozone/integration-test/target/test-dir/MiniOzoneClusterImpl-86edf0e9-7e2c-4cfe-baf2-13fb9c17952e/datanode-1/data/ratis/c49ac42d-4afd-4404-be1a-040e4a66f38e has been successfully formatted.
2022-10-11 12:51:30,482 [pool-805-thread-1] INFO  storage.RaftStorage (RaftStorageImpl.java:format(89)) - Storage directory /home/runner/work/ozone/ozone/hadoop-ozone/integration-test/target/test-dir/MiniOzoneClusterImpl-86edf0e9-7e2c-4cfe-baf2-13fb9c17952e/datanode-2/data/ratis/c49ac42d-4afd-4404-be1a-040e4a66f38e has been successfully formatted.
2022-10-11 12:51:30,483 [pool-805-thread-1] INFO  ratis.ContainerStateMachine (ContainerStateMachine.java:loadSnapshot(236)) - group-040E4A66F38E: The snapshot info is null. Setting the last applied indexto:(t:0, i:~)
2022-10-11 12:51:30,483 [pool-805-thread-1] INFO  server.RaftServerConfigKeys (ConfUtils.java:logGet(46)) - raft.server.notification.no-leader.timeout = 300s (custom)
2022-10-11 12:51:30,483 [pool-805-thread-1] INFO  server.RaftServerConfigKeys (ConfUtils.java:logGet(46)) - raft.server.log.use.memory = false (default)
2022-10-11 12:51:30,483 [pool-805-thread-1] INFO  server.RaftServerConfigKeys (ConfUtils.java:logGet(46)) - raft.server.log.purge.gap = 1000000 (custom)
2022-10-11 12:51:30,483 [pool-805-thread-1] INFO  server.RaftServerConfigKeys (ConfUtils.java:logGet(46)) - raft.server.log.appender.buffer.byte-limit = 33554432 (custom)
2022-10-11 12:51:30,483 [pool-805-thread-1] INFO  server.RaftServerConfigKeys (ConfUtils.java:logGet(46)) - raft.server.log.statemachine.data.read.timeout = 1000ms (default)
2022-10-11 12:51:30,484 [pool-805-thread-1] INFO  server.RaftServerConfigKeys (ConfUtils.java:logGet(46)) - raft.server.log.segment.size.max = 1048576 (custom)
2022-10-11 12:51:30,484 [pool-805-thread-1] INFO  server.RaftServerConfigKeys (ConfUtils.java:logGet(46)) - raft.server.log.segment.cache.num.max = 2 (custom)
2022-10-11 12:51:30,484 [pool-805-thread-1] INFO  server.RaftServerConfigKeys (ConfUtils.java:logGet(46)) - raft.server.log.segment.cache.size.max = 200MB (=209715200) (default)
2022-10-11 12:51:30,484 [pool-805-thread-1] INFO  segmented.SegmentedRaftLogWorker (SegmentedRaftLogWorker.java:<init>(187)) - new 0edcf6db-22cd-4c8c-bdc6-3c11ab3ecd15@group-040E4A66F38E-SegmentedRaftLogWorker for RaftStorageImpl:Storage Directory /home/runner/work/ozone/ozone/hadoop-ozone/integration-test/target/test-dir/MiniOzoneClusterImpl-86edf0e9-7e2c-4cfe-baf2-13fb9c17952e/datanode-2/data/ratis/c49ac42d-4afd-4404-be1a-040e4a66f38e
2022-10-11 12:51:30,484 [pool-805-thread-1] INFO  server.RaftServerConfigKeys (ConfUtils.java:logGet(46)) - raft.server.log.queue.byte-limit = 4294967296 (custom)
2022-10-11 12:51:30,484 [pool-805-thread-1] INFO  server.RaftServerConfigKeys (ConfUtils.java:logGet(46)) - raft.server.log.queue.element-limit = 1024 (custom)
2022-10-11 12:51:30,484 [pool-805-thread-1] INFO  server.RaftServerConfigKeys (ConfUtils.java:logGet(46)) - raft.server.log.segment.size.max = 1048576 (custom)
2022-10-11 12:51:30,485 [pool-805-thread-1] INFO  server.RaftServerConfigKeys (ConfUtils.java:logGet(46)) - raft.server.log.preallocated.size = 16384 (custom)
2022-10-11 12:51:30,485 [pool-805-thread-1] INFO  server.RaftServerConfigKeys (ConfUtils.java:logGet(46)) - raft.server.log.force.sync.num = 128 (default)
2022-10-11 12:51:30,485 [pool-805-thread-1] INFO  server.RaftServerConfigKeys (ConfUtils.java:logGet(46)) - raft.server.log.statemachine.data.sync = true (default)
2022-10-11 12:51:30,485 [pool-805-thread-1] INFO  server.RaftServerConfigKeys (ConfUtils.java:logGet(46)) - raft.server.log.statemachine.data.sync.timeout = 10s (default)
2022-10-11 12:51:30,485 [pool-805-thread-1] INFO  server.RaftServerConfigKeys (ConfUtils.java:logGet(46)) - raft.server.log.statemachine.data.sync.timeout.retry = -1 (default)
2022-10-11 12:51:30,486 [pool-805-thread-1] INFO  server.RaftServerConfigKeys (ConfUtils.java:logGet(46)) - raft.server.log.write.buffer.size = 1048576 (custom)
2022-10-11 12:51:30,486 [pool-805-thread-1] INFO  server.RaftServerConfigKeys (ConfUtils.java:logGet(46)) - raft.server.log.unsafe-flush.enabled = false (default)
2022-10-11 12:51:30,486 [pool-805-thread-1] INFO  server.RaftServerConfigKeys (ConfUtils.java:logGet(46)) - raft.server.log.statemachine.data.caching.enabled = true (custom)
2022-10-11 12:51:30,487 [pool-805-thread-1] INFO  segmented.SegmentedRaftLogWorker (SegmentedRaftLogWorker.java:lambda$new$0(135)) - 0edcf6db-22cd-4c8c-bdc6-3c11ab3ecd15@group-040E4A66F38E-SegmentedRaftLogWorker: flushIndex: setUnconditionally 0 -> -1
2022-10-11 12:51:30,487 [pool-805-thread-1] INFO  segmented.SegmentedRaftLogWorker (SegmentedRaftLogWorker.java:lambda$new$0(135)) - 0edcf6db-22cd-4c8c-bdc6-3c11ab3ecd15@group-040E4A66F38E-SegmentedRaftLogWorker: safeCacheEvictIndex: setUnconditionally 0 -> -1
2022-10-11 12:51:30,484 [pool-782-thread-1] INFO  ratis.ContainerStateMachine (ContainerStateMachine.java:loadSnapshot(236)) - group-040E4A66F38E: The snapshot info is null. Setting the last applied indexto:(t:0, i:~)
2022-10-11 12:51:30,487 [pool-782-thread-1] INFO  server.RaftServerConfigKeys (ConfUtils.java:logGet(46)) - raft.server.notification.no-leader.timeout = 300s (custom)
2022-10-11 12:51:30,487 [pool-782-thread-1] INFO  server.RaftServerConfigKeys (ConfUtils.java:logGet(46)) - raft.server.log.use.memory = false (default)
2022-10-11 12:51:30,487 [pool-782-thread-1] INFO  server.RaftServerConfigKeys (ConfUtils.java:logGet(46)) - raft.server.log.purge.gap = 1000000 (custom)
2022-10-11 12:51:30,487 [pool-782-thread-1] INFO  server.RaftServerConfigKeys (ConfUtils.java:logGet(46)) - raft.server.log.appender.buffer.byte-limit = 33554432 (custom)
2022-10-11 12:51:30,487 [pool-782-thread-1] INFO  server.RaftServerConfigKeys (ConfUtils.java:logGet(46)) - raft.server.log.statemachine.data.read.timeout = 1000ms (default)
2022-10-11 12:51:30,487 [pool-782-thread-1] INFO  server.RaftServerConfigKeys (ConfUtils.java:logGet(46)) - raft.server.log.segment.size.max = 1048576 (custom)
2022-10-11 12:51:30,488 [pool-782-thread-1] INFO  server.RaftServerConfigKeys (ConfUtils.java:logGet(46)) - raft.server.log.segment.cache.num.max = 2 (custom)
2022-10-11 12:51:30,488 [pool-782-thread-1] INFO  server.RaftServerConfigKeys (ConfUtils.java:logGet(46)) - raft.server.log.segment.cache.size.max = 200MB (=209715200) (default)
2022-10-11 12:51:30,488 [pool-782-thread-1] INFO  segmented.SegmentedRaftLogWorker (SegmentedRaftLogWorker.java:<init>(187)) - new 9e941ce3-1318-4d07-a6ad-837cafbdd6f8@group-040E4A66F38E-SegmentedRaftLogWorker for RaftStorageImpl:Storage Directory /home/runner/work/ozone/ozone/hadoop-ozone/integration-test/target/test-dir/MiniOzoneClusterImpl-86edf0e9-7e2c-4cfe-baf2-13fb9c17952e/datanode-1/data/ratis/c49ac42d-4afd-4404-be1a-040e4a66f38e
2022-10-11 12:51:30,488 [pool-782-thread-1] INFO  server.RaftServerConfigKeys (ConfUtils.java:logGet(46)) - raft.server.log.queue.byte-limit = 4294967296 (custom)
2022-10-11 12:51:30,488 [pool-782-thread-1] INFO  server.RaftServerConfigKeys (ConfUtils.java:logGet(46)) - raft.server.log.queue.element-limit = 1024 (custom)
2022-10-11 12:51:30,488 [pool-782-thread-1] INFO  server.RaftServerConfigKeys (ConfUtils.java:logGet(46)) - raft.server.log.segment.size.max = 1048576 (custom)
2022-10-11 12:51:30,488 [pool-782-thread-1] INFO  server.RaftServerConfigKeys (ConfUtils.java:logGet(46)) - raft.server.log.preallocated.size = 16384 (custom)
2022-10-11 12:51:30,488 [pool-782-thread-1] INFO  server.RaftServerConfigKeys (ConfUtils.java:logGet(46)) - raft.server.log.force.sync.num = 128 (default)
2022-10-11 12:51:30,488 [pool-782-thread-1] INFO  server.RaftServerConfigKeys (ConfUtils.java:logGet(46)) - raft.server.log.statemachine.data.sync = true (default)
2022-10-11 12:51:30,488 [pool-782-thread-1] INFO  server.RaftServerConfigKeys (ConfUtils.java:logGet(46)) - raft.server.log.statemachine.data.sync.timeout = 10s (default)
2022-10-11 12:51:30,488 [pool-782-thread-1] INFO  server.RaftServerConfigKeys (ConfUtils.java:logGet(46)) - raft.server.log.statemachine.data.sync.timeout.retry = -1 (default)
2022-10-11 12:51:30,490 [pool-782-thread-1] INFO  server.RaftServerConfigKeys (ConfUtils.java:logGet(46)) - raft.server.log.write.buffer.size = 1048576 (custom)
2022-10-11 12:51:30,490 [pool-782-thread-1] INFO  server.RaftServerConfigKeys (ConfUtils.java:logGet(46)) - raft.server.log.unsafe-flush.enabled = false (default)
2022-10-11 12:51:30,490 [pool-782-thread-1] INFO  server.RaftServerConfigKeys (ConfUtils.java:logGet(46)) - raft.server.log.statemachine.data.caching.enabled = true (custom)
2022-10-11 12:51:30,491 [pool-782-thread-1] INFO  segmented.SegmentedRaftLogWorker (SegmentedRaftLogWorker.java:lambda$new$0(135)) - 9e941ce3-1318-4d07-a6ad-837cafbdd6f8@group-040E4A66F38E-SegmentedRaftLogWorker: flushIndex: setUnconditionally 0 -> -1
2022-10-11 12:51:30,491 [pool-782-thread-1] INFO  segmented.SegmentedRaftLogWorker (SegmentedRaftLogWorker.java:lambda$new$0(135)) - 9e941ce3-1318-4d07-a6ad-837cafbdd6f8@group-040E4A66F38E-SegmentedRaftLogWorker: safeCacheEvictIndex: setUnconditionally 0 -> -1
2022-10-11 12:51:30,491 [pool-782-thread-1] INFO  server.RaftServerConfigKeys (ConfUtils.java:logGet(46)) - raft.server.snapshot.auto.trigger.enabled = true (custom)
2022-10-11 12:51:30,491 [pool-782-thread-1] INFO  server.RaftServerConfigKeys (ConfUtils.java:logGet(46)) - raft.server.snapshot.auto.trigger.threshold = 10000 (custom)
2022-10-11 12:51:30,491 [pool-782-thread-1] INFO  server.RaftServerConfigKeys (ConfUtils.java:logGet(46)) - raft.server.snapshot.retention.file.num = 5 (custom)
2022-10-11 12:51:30,491 [pool-782-thread-1] INFO  server.RaftServerConfigKeys (ConfUtils.java:logGet(46)) - raft.server.log.purge.upto.snapshot.index = false (default)
2022-10-11 12:51:30,491 [pool-782-thread-1] INFO  server.RaftServerConfigKeys (ConfUtils.java:logGet(46)) - raft.server.retrycache.expirytime = 600000ms (custom)
2022-10-11 12:51:30,491 [pool-782-thread-1] INFO  server.RaftServerConfigKeys (ConfUtils.java:logGet(46)) - raft.server.retrycache.statistics.expirytime = 100μs (default)
2022-10-11 12:51:30,493 [pool-782-thread-1] INFO  server.RaftServerConfigKeys (ConfUtils.java:logGet(46)) - raft.server.log.appender.install.snapshot.enabled = false (custom)
2022-10-11 12:51:30,493 [pool-782-thread-1] INFO  server.RaftServerConfigKeys (ConfUtils.java:logGet(46)) - raft.server.threadpool.server.cached = true (default)
2022-10-11 12:51:30,493 [pool-782-thread-1] INFO  server.RaftServerConfigKeys (ConfUtils.java:logGet(46)) - raft.server.threadpool.server.size = 0 (default)
2022-10-11 12:51:30,493 [pool-782-thread-1] INFO  server.RaftServerConfigKeys (ConfUtils.java:logGet(46)) - raft.server.threadpool.client.cached = true (default)
2022-10-11 12:51:30,493 [pool-782-thread-1] INFO  server.RaftServerConfigKeys (ConfUtils.java:logGet(46)) - raft.server.threadpool.client.size = 0 (default)
2022-10-11 12:51:30,493 [pool-782-thread-1] INFO  server.RaftServer$Division (RaftServerImpl.java:start(310)) - 9e941ce3-1318-4d07-a6ad-837cafbdd6f8@group-040E4A66F38E: start as a follower, conf=-1: [8873ba3e-7da4-46f7-b1d3-8a39f1a1c208|rpc:10.1.1.98:41043|priority:0, 0edcf6db-22cd-4c8c-bdc6-3c11ab3ecd15|rpc:10.1.1.98:42307|priority:1, 9e941ce3-1318-4d07-a6ad-837cafbdd6f8|rpc:10.1.1.98:33735|priority:0], old=null
2022-10-11 12:51:30,493 [pool-782-thread-1] INFO  server.RaftServer$Division (RaftServerImpl.java:setRole(299)) - 9e941ce3-1318-4d07-a6ad-837cafbdd6f8@group-040E4A66F38E: changes role from      null to FOLLOWER at term 0 for startAsFollower
2022-10-11 12:51:30,493 [pool-782-thread-1] INFO  impl.RoleInfo (RoleInfo.java:updateAndGet(139)) - 9e941ce3-1318-4d07-a6ad-837cafbdd6f8: start 9e941ce3-1318-4d07-a6ad-837cafbdd6f8@group-040E4A66F38E-FollowerState
2022-10-11 12:51:30,494 [pool-782-thread-1] INFO  util.JmxRegister (JmxRegister.java:tryRegister(44)) - Successfully registered JMX Bean with object name Ratis:service=RaftServer,group=group-040E4A66F38E,id=9e941ce3-1318-4d07-a6ad-837cafbdd6f8
2022-10-11 12:51:30,495 [pool-805-thread-1] INFO  server.RaftServerConfigKeys (ConfUtils.java:logGet(46)) - raft.server.snapshot.auto.trigger.enabled = true (custom)
2022-10-11 12:51:30,495 [pool-805-thread-1] INFO  server.RaftServerConfigKeys (ConfUtils.java:logGet(46)) - raft.server.snapshot.auto.trigger.threshold = 10000 (custom)
2022-10-11 12:51:30,495 [pool-805-thread-1] INFO  server.RaftServerConfigKeys (ConfUtils.java:logGet(46)) - raft.server.snapshot.retention.file.num = 5 (custom)
2022-10-11 12:51:30,495 [pool-805-thread-1] INFO  server.RaftServerConfigKeys (ConfUtils.java:logGet(46)) - raft.server.log.purge.upto.snapshot.index = false (default)
2022-10-11 12:51:30,495 [Command processor thread] INFO  ratis.XceiverServerRatis (XceiverServerRatis.java:addGroup(765)) - Created group PipelineID=c49ac42d-4afd-4404-be1a-040e4a66f38e
2022-10-11 12:51:30,496 [pool-805-thread-1] INFO  server.RaftServerConfigKeys (ConfUtils.java:logGet(46)) - raft.server.retrycache.expirytime = 600000ms (custom)
2022-10-11 12:51:30,496 [pool-805-thread-1] INFO  server.RaftServerConfigKeys (ConfUtils.java:logGet(46)) - raft.server.retrycache.statistics.expirytime = 100μs (default)
2022-10-11 12:51:30,497 [pool-805-thread-1] INFO  server.RaftServerConfigKeys (ConfUtils.java:logGet(46)) - raft.server.log.appender.install.snapshot.enabled = false (custom)
2022-10-11 12:51:30,497 [pool-805-thread-1] INFO  server.RaftServerConfigKeys (ConfUtils.java:logGet(46)) - raft.server.threadpool.server.cached = true (default)
2022-10-11 12:51:30,497 [pool-805-thread-1] INFO  server.RaftServerConfigKeys (ConfUtils.java:logGet(46)) - raft.server.threadpool.server.size = 0 (default)
2022-10-11 12:51:30,497 [pool-805-thread-1] INFO  server.RaftServerConfigKeys (ConfUtils.java:logGet(46)) - raft.server.threadpool.client.cached = true (default)
2022-10-11 12:51:30,497 [pool-805-thread-1] INFO  server.RaftServerConfigKeys (ConfUtils.java:logGet(46)) - raft.server.threadpool.client.size = 0 (default)
2022-10-11 12:51:30,497 [pool-805-thread-1] INFO  server.RaftServer$Division (RaftServerImpl.java:start(310)) - 0edcf6db-22cd-4c8c-bdc6-3c11ab3ecd15@group-040E4A66F38E: start as a follower, conf=-1: [8873ba3e-7da4-46f7-b1d3-8a39f1a1c208|rpc:10.1.1.98:41043|priority:0, 0edcf6db-22cd-4c8c-bdc6-3c11ab3ecd15|rpc:10.1.1.98:42307|priority:1, 9e941ce3-1318-4d07-a6ad-837cafbdd6f8|rpc:10.1.1.98:33735|priority:0], old=null
2022-10-11 12:51:30,497 [pool-805-thread-1] INFO  server.RaftServer$Division (RaftServerImpl.java:setRole(299)) - 0edcf6db-22cd-4c8c-bdc6-3c11ab3ecd15@group-040E4A66F38E: changes role from      null to FOLLOWER at term 0 for startAsFollower
2022-10-11 12:51:30,497 [pool-805-thread-1] INFO  impl.RoleInfo (RoleInfo.java:updateAndGet(139)) - 0edcf6db-22cd-4c8c-bdc6-3c11ab3ecd15: start 0edcf6db-22cd-4c8c-bdc6-3c11ab3ecd15@group-040E4A66F38E-FollowerState
2022-10-11 12:51:30,504 [pool-805-thread-1] INFO  util.JmxRegister (JmxRegister.java:tryRegister(44)) - Successfully registered JMX Bean with object name Ratis:service=RaftServer,group=group-040E4A66F38E,id=0edcf6db-22cd-4c8c-bdc6-3c11ab3ecd15
2022-10-11 12:51:30,511 [grpc-default-executor-5] INFO  server.RaftServer (RaftServerProxy.java:addNew(96)) - 8873ba3e-7da4-46f7-b1d3-8a39f1a1c208: addNew group-040E4A66F38E:[8873ba3e-7da4-46f7-b1d3-8a39f1a1c208|rpc:10.1.1.98:41043|dataStream:|priority:0, 0edcf6db-22cd-4c8c-bdc6-3c11ab3ecd15|rpc:10.1.1.98:42307|dataStream:|priority:1, 9e941ce3-1318-4d07-a6ad-837cafbdd6f8|rpc:10.1.1.98:33735|dataStream:|priority:0] returns group-040E4A66F38E:java.util.concurrent.CompletableFuture@523c0f46[Not completed]
2022-10-11 12:51:30,512 [pool-900-thread-1] INFO  server.RaftServer$Division (RaftServerImpl.java:<init>(190)) - 8873ba3e-7da4-46f7-b1d3-8a39f1a1c208: new RaftServerImpl for group-040E4A66F38E:[8873ba3e-7da4-46f7-b1d3-8a39f1a1c208|rpc:10.1.1.98:41043|dataStream:|priority:0, 0edcf6db-22cd-4c8c-bdc6-3c11ab3ecd15|rpc:10.1.1.98:42307|dataStream:|priority:1, 9e941ce3-1318-4d07-a6ad-837cafbdd6f8|rpc:10.1.1.98:33735|dataStream:|priority:0] with ContainerStateMachine:uninitialized
2022-10-11 12:51:30,512 [pool-900-thread-1] INFO  server.RaftServerConfigKeys (ConfUtils.java:logGet(46)) - raft.server.rpc.timeout.min = 5s (custom)
2022-10-11 12:51:30,512 [pool-900-thread-1] INFO  server.RaftServerConfigKeys (ConfUtils.java:logGet(46)) - raft.server.rpc.timeout.max = 5200ms (custom)
2022-10-11 12:51:30,512 [pool-900-thread-1] INFO  server.RaftServerConfigKeys (ConfUtils.java:logGet(46)) - raft.server.rpc.sleep.time = 25ms (default)
2022-10-11 12:51:30,513 [pool-900-thread-1] INFO  server.RaftServerConfigKeys (ConfUtils.java:logGet(46)) - raft.server.rpc.slowness.timeout = 300s (custom)
2022-10-11 12:51:30,513 [pool-900-thread-1] INFO  server.RaftServerConfigKeys (ConfUtils.java:logGet(46)) - raft.server.leaderelection.leader.step-down.wait-time = 10s (default)
2022-10-11 12:51:30,513 [pool-900-thread-1] INFO  server.RaftServerConfigKeys (ConfUtils.java:logGet(46)) - raft.server.sleep.deviation.threshold = 300ms (default)
2022-10-11 12:51:30,513 [pool-900-thread-1] INFO  server.RaftServer$Division (ServerState.java:<init>(107)) - 8873ba3e-7da4-46f7-b1d3-8a39f1a1c208@group-040E4A66F38E: ConfigurationManager, init=-1: [8873ba3e-7da4-46f7-b1d3-8a39f1a1c208|rpc:10.1.1.98:41043|dataStream:|priority:0, 0edcf6db-22cd-4c8c-bdc6-3c11ab3ecd15|rpc:10.1.1.98:42307|dataStream:|priority:1, 9e941ce3-1318-4d07-a6ad-837cafbdd6f8|rpc:10.1.1.98:33735|dataStream:|priority:0], old=null, confs=<EMPTY_MAP>
2022-10-11 12:51:30,513 [pool-900-thread-1] INFO  server.RaftServerConfigKeys (ConfUtils.java:logGet(46)) - raft.server.storage.dir = [/home/runner/work/ozone/ozone/hadoop-ozone/integration-test/target/test-dir/MiniOzoneClusterImpl-86edf0e9-7e2c-4cfe-baf2-13fb9c17952e/datanode-0/data/ratis] (custom)
2022-10-11 12:51:30,513 [pool-900-thread-1] INFO  server.RaftServerConfigKeys (ConfUtils.java:logGet(46)) - raft.server.log.corruption.policy = EXCEPTION (default)
2022-10-11 12:51:30,513 [pool-900-thread-1] INFO  server.RaftServerConfigKeys (ConfUtils.java:logGet(46)) - raft.server.storage.free-space.min = 0MB (=0) (default)
2022-10-11 12:51:30,513 [pool-900-thread-1] INFO  storage.RaftStorageDirectory (RaftStorageDirectoryImpl.java:analyzeStorage(135)) - The storage directory /home/runner/work/ozone/ozone/hadoop-ozone/integration-test/target/test-dir/MiniOzoneClusterImpl-86edf0e9-7e2c-4cfe-baf2-13fb9c17952e/datanode-0/data/ratis/c49ac42d-4afd-4404-be1a-040e4a66f38e does not exist. Creating ...
2022-10-11 12:51:30,514 [Command processor thread] INFO  ratis.XceiverServerRatis (XceiverServerRatis.java:addGroup(765)) - Created group PipelineID=c49ac42d-4afd-4404-be1a-040e4a66f38e
2022-10-11 12:51:30,518 [pool-900-thread-1] INFO  storage.RaftStorageDirectory (RaftStorageDirectoryImpl.java:tryLock(230)) - Lock on /home/runner/work/ozone/ozone/hadoop-ozone/integration-test/target/test-dir/MiniOzoneClusterImpl-86edf0e9-7e2c-4cfe-baf2-13fb9c17952e/datanode-0/data/ratis/c49ac42d-4afd-4404-be1a-040e4a66f38e/in_use.lock acquired by nodename 36499@fv-az570-546
2022-10-11 12:51:30,520 [pool-900-thread-1] INFO  storage.RaftStorage (RaftStorageImpl.java:format(89)) - Storage directory /home/runner/work/ozone/ozone/hadoop-ozone/integration-test/target/test-dir/MiniOzoneClusterImpl-86edf0e9-7e2c-4cfe-baf2-13fb9c17952e/datanode-0/data/ratis/c49ac42d-4afd-4404-be1a-040e4a66f38e has been successfully formatted.
2022-10-11 12:51:30,523 [pool-900-thread-1] INFO  ratis.ContainerStateMachine (ContainerStateMachine.java:loadSnapshot(236)) - group-040E4A66F38E: The snapshot info is null. Setting the last applied indexto:(t:0, i:~)
2022-10-11 12:51:30,523 [pool-900-thread-1] INFO  server.RaftServerConfigKeys (ConfUtils.java:logGet(46)) - raft.server.notification.no-leader.timeout = 300s (custom)
2022-10-11 12:51:30,523 [pool-900-thread-1] INFO  server.RaftServerConfigKeys (ConfUtils.java:logGet(46)) - raft.server.log.use.memory = false (default)
2022-10-11 12:51:30,524 [pool-900-thread-1] INFO  server.RaftServerConfigKeys (ConfUtils.java:logGet(46)) - raft.server.log.purge.gap = 1000000 (custom)
2022-10-11 12:51:30,524 [pool-900-thread-1] INFO  server.RaftServerConfigKeys (ConfUtils.java:logGet(46)) - raft.server.log.appender.buffer.byte-limit = 33554432 (custom)
2022-10-11 12:51:30,524 [pool-900-thread-1] INFO  server.RaftServerConfigKeys (ConfUtils.java:logGet(46)) - raft.server.log.statemachine.data.read.timeout = 1000ms (default)
2022-10-11 12:51:30,524 [pool-900-thread-1] INFO  server.RaftServerConfigKeys (ConfUtils.java:logGet(46)) - raft.server.log.segment.size.max = 1048576 (custom)
2022-10-11 12:51:30,525 [pool-900-thread-1] INFO  server.RaftServerConfigKeys (ConfUtils.java:logGet(46)) - raft.server.log.segment.cache.num.max = 2 (custom)
2022-10-11 12:51:30,525 [pool-900-thread-1] INFO  server.RaftServerConfigKeys (ConfUtils.java:logGet(46)) - raft.server.log.segment.cache.size.max = 200MB (=209715200) (default)
2022-10-11 12:51:30,525 [pool-900-thread-1] INFO  segmented.SegmentedRaftLogWorker (SegmentedRaftLogWorker.java:<init>(187)) - new 8873ba3e-7da4-46f7-b1d3-8a39f1a1c208@group-040E4A66F38E-SegmentedRaftLogWorker for RaftStorageImpl:Storage Directory /home/runner/work/ozone/ozone/hadoop-ozone/integration-test/target/test-dir/MiniOzoneClusterImpl-86edf0e9-7e2c-4cfe-baf2-13fb9c17952e/datanode-0/data/ratis/c49ac42d-4afd-4404-be1a-040e4a66f38e
2022-10-11 12:51:30,525 [pool-900-thread-1] INFO  server.RaftServerConfigKeys (ConfUtils.java:logGet(46)) - raft.server.log.queue.byte-limit = 4294967296 (custom)
2022-10-11 12:51:30,525 [pool-900-thread-1] INFO  server.RaftServerConfigKeys (ConfUtils.java:logGet(46)) - raft.server.log.queue.element-limit = 1024 (custom)
2022-10-11 12:51:30,525 [pool-900-thread-1] INFO  server.RaftServerConfigKeys (ConfUtils.java:logGet(46)) - raft.server.log.segment.size.max = 1048576 (custom)
2022-10-11 12:51:30,525 [pool-900-thread-1] INFO  server.RaftServerConfigKeys (ConfUtils.java:logGet(46)) - raft.server.log.preallocated.size = 16384 (custom)
2022-10-11 12:51:30,525 [pool-900-thread-1] INFO  server.RaftServerConfigKeys (ConfUtils.java:logGet(46)) - raft.server.log.force.sync.num = 128 (default)
2022-10-11 12:51:30,525 [pool-900-thread-1] INFO  server.RaftServerConfigKeys (ConfUtils.java:logGet(46)) - raft.server.log.statemachine.data.sync = true (default)
2022-10-11 12:51:30,525 [pool-900-thread-1] INFO  server.RaftServerConfigKeys (ConfUtils.java:logGet(46)) - raft.server.log.statemachine.data.sync.timeout = 10s (default)
2022-10-11 12:51:30,525 [pool-900-thread-1] INFO  server.RaftServerConfigKeys (ConfUtils.java:logGet(46)) - raft.server.log.statemachine.data.sync.timeout.retry = -1 (default)
2022-10-11 12:51:30,526 [pool-900-thread-1] INFO  server.RaftServerConfigKeys (ConfUtils.java:logGet(46)) - raft.server.log.write.buffer.size = 1048576 (custom)
2022-10-11 12:51:30,527 [pool-900-thread-1] INFO  server.RaftServerConfigKeys (ConfUtils.java:logGet(46)) - raft.server.log.unsafe-flush.enabled = false (default)
2022-10-11 12:51:30,527 [pool-900-thread-1] INFO  server.RaftServerConfigKeys (ConfUtils.java:logGet(46)) - raft.server.log.statemachine.data.caching.enabled = true (custom)
2022-10-11 12:51:30,527 [pool-900-thread-1] INFO  segmented.SegmentedRaftLogWorker (SegmentedRaftLogWorker.java:lambda$new$0(135)) - 8873ba3e-7da4-46f7-b1d3-8a39f1a1c208@group-040E4A66F38E-SegmentedRaftLogWorker: flushIndex: setUnconditionally 0 -> -1
2022-10-11 12:51:30,527 [pool-900-thread-1] INFO  segmented.SegmentedRaftLogWorker (SegmentedRaftLogWorker.java:lambda$new$0(135)) - 8873ba3e-7da4-46f7-b1d3-8a39f1a1c208@group-040E4A66F38E-SegmentedRaftLogWorker: safeCacheEvictIndex: setUnconditionally 0 -> -1
2022-10-11 12:51:30,529 [pool-900-thread-1] INFO  server.RaftServerConfigKeys (ConfUtils.java:logGet(46)) - raft.server.snapshot.auto.trigger.enabled = true (custom)
2022-10-11 12:51:30,529 [pool-900-thread-1] INFO  server.RaftServerConfigKeys (ConfUtils.java:logGet(46)) - raft.server.snapshot.auto.trigger.threshold = 10000 (custom)
2022-10-11 12:51:30,529 [pool-900-thread-1] INFO  server.RaftServerConfigKeys (ConfUtils.java:logGet(46)) - raft.server.snapshot.retention.file.num = 5 (custom)
2022-10-11 12:51:30,529 [pool-900-thread-1] INFO  server.RaftServerConfigKeys (ConfUtils.java:logGet(46)) - raft.server.log.purge.upto.snapshot.index = false (default)
2022-10-11 12:51:30,529 [pool-900-thread-1] INFO  server.RaftServerConfigKeys (ConfUtils.java:logGet(46)) - raft.server.retrycache.expirytime = 600000ms (custom)
2022-10-11 12:51:30,529 [pool-900-thread-1] INFO  server.RaftServerConfigKeys (ConfUtils.java:logGet(46)) - raft.server.retrycache.statistics.expirytime = 100μs (default)
2022-10-11 12:51:30,531 [pool-900-thread-1] INFO  server.RaftServerConfigKeys (ConfUtils.java:logGet(46)) - raft.server.log.appender.install.snapshot.enabled = false (custom)
2022-10-11 12:51:30,531 [pool-900-thread-1] INFO  server.RaftServerConfigKeys (ConfUtils.java:logGet(46)) - raft.server.threadpool.server.cached = true (default)
2022-10-11 12:51:30,531 [pool-900-thread-1] INFO  server.RaftServerConfigKeys (ConfUtils.java:logGet(46)) - raft.server.threadpool.server.size = 0 (default)
2022-10-11 12:51:30,531 [pool-900-thread-1] INFO  server.RaftServerConfigKeys (ConfUtils.java:logGet(46)) - raft.server.threadpool.client.cached = true (default)
2022-10-11 12:51:30,531 [pool-900-thread-1] INFO  server.RaftServerConfigKeys (ConfUtils.java:logGet(46)) - raft.server.threadpool.client.size = 0 (default)
2022-10-11 12:51:30,531 [pool-900-thread-1] INFO  server.RaftServer$Division (RaftServerImpl.java:start(310)) - 8873ba3e-7da4-46f7-b1d3-8a39f1a1c208@group-040E4A66F38E: start as a follower, conf=-1: [8873ba3e-7da4-46f7-b1d3-8a39f1a1c208|rpc:10.1.1.98:41043|dataStream:|priority:0, 0edcf6db-22cd-4c8c-bdc6-3c11ab3ecd15|rpc:10.1.1.98:42307|dataStream:|priority:1, 9e941ce3-1318-4d07-a6ad-837cafbdd6f8|rpc:10.1.1.98:33735|dataStream:|priority:0], old=null
2022-10-11 12:51:30,531 [pool-900-thread-1] INFO  server.RaftServer$Division (RaftServerImpl.java:setRole(299)) - 8873ba3e-7da4-46f7-b1d3-8a39f1a1c208@group-040E4A66F38E: changes role from      null to FOLLOWER at term 0 for startAsFollower
2022-10-11 12:51:30,531 [pool-900-thread-1] INFO  impl.RoleInfo (RoleInfo.java:updateAndGet(139)) - 8873ba3e-7da4-46f7-b1d3-8a39f1a1c208: start 8873ba3e-7da4-46f7-b1d3-8a39f1a1c208@group-040E4A66F38E-FollowerState
2022-10-11 12:51:30,531 [pool-900-thread-1] INFO  util.JmxRegister (JmxRegister.java:tryRegister(44)) - Successfully registered JMX Bean with object name Ratis:service=RaftServer,group=group-040E4A66F38E,id=8873ba3e-7da4-46f7-b1d3-8a39f1a1c208
2022-10-11 12:51:30,559 [SCMBlockDeletingService#0] DEBUG block.SCMBlockDeletingService (SCMBlockDeletingService.java:call(131)) - Running DeletedBlockTransactionScanner
2022-10-11 12:51:30,570 [Command processor thread] INFO  commandhandler.CreatePipelineCommandHandler (CreatePipelineCommandHandler.java:handle(113)) - Created Pipeline RATIS THREE PipelineID=c49ac42d-4afd-4404-be1a-040e4a66f38e.
2022-10-11 12:51:30,577 [Command processor thread] INFO  commandhandler.CreatePipelineCommandHandler (CreatePipelineCommandHandler.java:handle(113)) - Created Pipeline RATIS THREE PipelineID=c49ac42d-4afd-4404-be1a-040e4a66f38e.
2022-10-11 12:51:30,659 [SCMBlockDeletingService#0] DEBUG block.SCMBlockDeletingService (SCMBlockDeletingService.java:call(131)) - Running DeletedBlockTransactionScanner
2022-10-11 12:51:30,759 [SCMBlockDeletingService#0] DEBUG block.SCMBlockDeletingService (SCMBlockDeletingService.java:call(131)) - Running DeletedBlockTransactionScanner
2022-10-11 12:51:30,860 [SCMBlockDeletingService#0] DEBUG block.SCMBlockDeletingService (SCMBlockDeletingService.java:call(131)) - Running DeletedBlockTransactionScanner
2022-10-11 12:51:30,960 [SCMBlockDeletingService#0] DEBUG block.SCMBlockDeletingService (SCMBlockDeletingService.java:call(131)) - Running DeletedBlockTransactionScanner
2022-10-11 12:51:30,969 [Listener at 127.0.0.1/39939] INFO  ozone.MiniOzoneClusterImpl (MiniOzoneClusterImpl.java:lambda$waitForClusterToBeReady$0(216)) - Nodes are ready. Got 3 of 3 DN Heartbeats.
2022-10-11 12:51:30,969 [Listener at 127.0.0.1/39939] INFO  ozone.MiniOzoneClusterImpl (MiniOzoneClusterImpl.java:lambda$waitForClusterToBeReady$0(219)) - Cluster exits safe mode
2022-10-11 12:51:30,969 [Listener at 127.0.0.1/39939] INFO  ozone.MiniOzoneClusterImpl (MiniOzoneClusterImpl.java:lambda$waitForClusterToBeReady$0(221)) - SCM became leader
2022-10-11 12:51:30,970 [Listener at 127.0.0.1/39939] INFO  commandhandler.TestBlockDeletion (TestBlockDeletion.java:testBlockDeletion(288)) - numBlockDeletionTransactionCreated = 3	numBlockDeletionTransactionCompleted = 3	numBlockDeletionCommandSent = 42	numBlockDeletionCommandSuccess = 38	numBlockDeletionCommandFailure = 0	numBlockDeletionTransactionSent = 126	numBlockDeletionTransactionSuccess = 114	numBlockDeletionTransactionFailure = 0
2022-10-11 12:51:30,970 [Listener at 127.0.0.1/39939] INFO  ozone.MiniOzoneClusterImpl (MiniOzoneClusterImpl.java:shutdown(448)) - Shutting down the Mini Ozone Cluster
2022-10-11 12:51:30,970 [Listener at 127.0.0.1/39939] INFO  ozone.MiniOzoneClusterImpl (MiniOzoneClusterImpl.java:stop(463)) - Stopping the Mini Ozone Cluster
2022-10-11 12:51:30,971 [Listener at 127.0.0.1/39939] INFO  ozone.MiniOzoneClusterImpl (MiniOzoneClusterImpl.java:stopOM(545)) - Stopping the OzoneManager
2022-10-11 12:51:30,971 [Listener at 127.0.0.1/39939] INFO  om.OzoneManager (OzoneManager.java:stop(2038)) - om1[localhost:0]: Stopping Ozone Manager
2022-10-11 12:51:30,971 [Listener at 127.0.0.1/39939] INFO  ipc.Server (Server.java:stop(3414)) - Stopping server on 39939
2022-10-11 12:51:30,978 [IPC Server listener on 0] INFO  ipc.Server (Server.java:run(1376)) - Stopping IPC Server listener on 0
2022-10-11 12:51:30,979 [IPC Server Responder] INFO  ipc.Server (Server.java:run(1512)) - Stopping IPC Server Responder
2022-10-11 12:51:30,980 [Listener at 127.0.0.1/39939] INFO  server.RaftServer (RaftServerProxy.java:lambda$close$7(398)) - om1: close
2022-10-11 12:51:30,980 [Listener at 127.0.0.1/39939] INFO  server.RaftServer$Division (RaftServerImpl.java:lambda$close$4(434)) - om1@group-C5BA1605619E: shutdown
2022-10-11 12:51:30,980 [Listener at 127.0.0.1/39939] INFO  util.JmxRegister (JmxRegister.java:unregister(73)) - Successfully un-registered JMX Bean with object name Ratis:service=RaftServer,group=group-C5BA1605619E,id=om1
2022-10-11 12:51:30,980 [Listener at 127.0.0.1/39939] INFO  impl.RoleInfo (RoleInfo.java:shutdownLeaderState(93)) - om1: shutdown om1@group-C5BA1605619E-LeaderStateImpl
2022-10-11 12:51:30,981 [Listener at 127.0.0.1/39939] INFO  impl.PendingRequests (PendingRequests.java:sendNotLeaderResponses(282)) - om1@group-C5BA1605619E-PendingRequests: sendNotLeaderResponses
2022-10-11 12:51:30,986 [Listener at 127.0.0.1/39939] INFO  impl.StateMachineUpdater (StateMachineUpdater.java:stopAndJoin(153)) - om1@group-C5BA1605619E-StateMachineUpdater: set stopIndex = 16
2022-10-11 12:51:30,986 [om1@group-C5BA1605619E-StateMachineUpdater] INFO  ratis.OzoneManagerStateMachine (OzoneManagerStateMachine.java:takeSnapshot(441)) - Current Snapshot Index (t:1, i:16)
2022-10-11 12:51:30,987 [om1@group-C5BA1605619E-StateMachineUpdater] INFO  impl.StateMachineUpdater (StateMachineUpdater.java:takeSnapshot(287)) - om1@group-C5BA1605619E-StateMachineUpdater: Took a snapshot at index 16
2022-10-11 12:51:30,987 [om1@group-C5BA1605619E-StateMachineUpdater] INFO  impl.StateMachineUpdater (StateMachineUpdater.java:lambda$new$0(92)) - om1@group-C5BA1605619E-StateMachineUpdater: snapshotIndex: updateIncreasingly -1 -> 16
2022-10-11 12:51:30,987 [om1@group-C5BA1605619E-StateMachineUpdater] INFO  ratis.OzoneManagerStateMachine (OzoneManagerStateMachine.java:close(495)) - StateMachine has shutdown. Shutdown OzoneManager if not already shutdown.
2022-10-11 12:51:30,987 [om1@group-C5BA1605619E-StateMachineUpdater] INFO  ratis.OzoneManagerDoubleBuffer (OzoneManagerDoubleBuffer.java:stop(466)) - Stopping OMDoubleBuffer flush thread
2022-10-11 12:51:30,987 [OMDoubleBufferFlushThread] INFO  ratis.OzoneManagerDoubleBuffer (OzoneManagerDoubleBuffer.java:flushTransactions(385)) - OMDoubleBuffer flush thread OMDoubleBufferFlushThread is interrupted and will exit.
2022-10-11 12:51:30,988 [Listener at 127.0.0.1/39939] INFO  server.RaftServer$Division (ServerState.java:close(429)) - om1@group-C5BA1605619E: closes. applyIndex: 16
2022-10-11 12:51:30,988 [om1@group-C5BA1605619E-SegmentedRaftLogWorker] INFO  segmented.SegmentedRaftLogWorker (SegmentedRaftLogWorker.java:run(336)) - om1@group-C5BA1605619E-SegmentedRaftLogWorker was interrupted, exiting. There are 0 tasks remaining in the queue.
2022-10-11 12:51:30,989 [Listener at 127.0.0.1/39939] INFO  segmented.SegmentedRaftLogWorker (SegmentedRaftLogWorker.java:close(246)) - om1@group-C5BA1605619E-SegmentedRaftLogWorker close()
2022-10-11 12:51:30,991 [Listener at 127.0.0.1/39939] INFO  server.GrpcService (GrpcService.java:closeImpl(269)) - om1: shutdown server with port 9872 now
2022-10-11 12:51:30,991 [Listener at 127.0.0.1/39939] INFO  server.GrpcService (GrpcService.java:closeImpl(278)) - om1: shutdown server with port 9872 successfully
2022-10-11 12:51:30,992 [org.apache.ratis.util.JvmPauseMonitor$$Lambda$703/795293305@34b58147] INFO  util.JvmPauseMonitor (JvmPauseMonitor.java:run(109)) - JvmPauseMonitor-om1: Stopped
2022-10-11 12:51:30,992 [Listener at 127.0.0.1/39939] INFO  ratis.OzoneManagerStateMachine (OzoneManagerStateMachine.java:close(495)) - StateMachine has shutdown. Shutdown OzoneManager if not already shutdown.
2022-10-11 12:51:30,993 [Listener at 127.0.0.1/39939] INFO  ratis.OzoneManagerDoubleBuffer (OzoneManagerDoubleBuffer.java:stop(478)) - OMDoubleBuffer flush thread is not running.
2022-10-11 12:51:30,993 [Listener at 127.0.0.1/39939] INFO  utils.BackgroundService (BackgroundService.java:shutdown(141)) - Shutting down service KeyDeletingService
2022-10-11 12:51:30,994 [Listener at 127.0.0.1/39939] INFO  utils.BackgroundService (BackgroundService.java:shutdown(141)) - Shutting down service DirectoryDeletingService
2022-10-11 12:51:30,994 [Listener at 127.0.0.1/39939] INFO  utils.BackgroundService (BackgroundService.java:shutdown(141)) - Shutting down service OpenKeyCleanupService
2022-10-11 12:51:30,995 [Listener at 127.0.0.1/39939] INFO  handler.ContextHandler (ContextHandler.java:doStop(1153)) - Stopped o.e.j.w.WebAppContext@4c48bafa{ozoneManager,/,null,STOPPED}{file:/home/runner/work/ozone/ozone/hadoop-ozone/integration-test/target/test-classes/webapps/ozoneManager}
2022-10-11 12:51:30,996 [Listener at 127.0.0.1/39939] INFO  server.AbstractConnector (AbstractConnector.java:doStop(381)) - Stopped ServerConnector@41af157b{HTTP/1.1, (http/1.1)}{0.0.0.0:0}
2022-10-11 12:51:30,996 [Listener at 127.0.0.1/39939] INFO  server.session (HouseKeeper.java:stopScavenging(149)) - node0 Stopped scavenging
2022-10-11 12:51:30,996 [Listener at 127.0.0.1/39939] INFO  handler.ContextHandler (ContextHandler.java:doStop(1153)) - Stopped o.e.j.s.ServletContextHandler@3c8d38f5{static,/static,file:///home/runner/work/ozone/ozone/hadoop-ozone/integration-test/target/test-classes/webapps/static,STOPPED}
2022-10-11 12:51:30,996 [Listener at 127.0.0.1/39939] INFO  handler.ContextHandler (ContextHandler.java:doStop(1153)) - Stopped o.e.j.s.ServletContextHandler@78936e72{logs,/logs,file:///home/runner/work/ozone/ozone/hadoop-ozone/integration-test/target/log,STOPPED}
2022-10-11 12:51:30,999 [Listener at 127.0.0.1/39939] INFO  ozone.MiniOzoneClusterImpl (MiniOzoneClusterImpl.java:stopDatanodes(522)) - Stopping the HddsDatanodes
2022-10-11 12:51:31,002 [ForkJoinPool.commonPool-worker-0] INFO  ozoneimpl.OzoneContainer (OzoneContainer.java:stop(400)) - Attempting to stop container services.
2022-10-11 12:51:31,004 [Listener at 127.0.0.1/39939] INFO  ozoneimpl.OzoneContainer (OzoneContainer.java:stop(400)) - Attempting to stop container services.
2022-10-11 12:51:31,005 [ForkJoinPool.commonPool-worker-0] INFO  server.RaftServer (RaftServerProxy.java:lambda$close$7(398)) - 8873ba3e-7da4-46f7-b1d3-8a39f1a1c208: close
2022-10-11 12:51:31,005 [ForkJoinPool.commonPool-worker-0] INFO  server.RaftServer$Division (RaftServerImpl.java:lambda$close$4(434)) - 8873ba3e-7da4-46f7-b1d3-8a39f1a1c208@group-51D27DE71748: shutdown
2022-10-11 12:51:31,005 [ForkJoinPool.commonPool-worker-0] INFO  util.JmxRegister (JmxRegister.java:unregister(73)) - Successfully un-registered JMX Bean with object name Ratis:service=RaftServer,group=group-51D27DE71748,id=8873ba3e-7da4-46f7-b1d3-8a39f1a1c208
2022-10-11 12:51:31,005 [ForkJoinPool.commonPool-worker-0] INFO  impl.RoleInfo (RoleInfo.java:shutdownFollowerState(110)) - 8873ba3e-7da4-46f7-b1d3-8a39f1a1c208: shutdown 8873ba3e-7da4-46f7-b1d3-8a39f1a1c208@group-51D27DE71748-FollowerState
2022-10-11 12:51:31,005 [ForkJoinPool.commonPool-worker-0] INFO  impl.StateMachineUpdater (StateMachineUpdater.java:stopAndJoin(153)) - 8873ba3e-7da4-46f7-b1d3-8a39f1a1c208@group-51D27DE71748-StateMachineUpdater: set stopIndex = 0
2022-10-11 12:51:31,005 [8873ba3e-7da4-46f7-b1d3-8a39f1a1c208@group-51D27DE71748-FollowerState] INFO  impl.FollowerState (FollowerState.java:run(152)) - 8873ba3e-7da4-46f7-b1d3-8a39f1a1c208@group-51D27DE71748-FollowerState was interrupted
2022-10-11 12:51:31,007 [ForkJoinPool.commonPool-worker-0] INFO  server.RaftServer$Division (ServerState.java:close(429)) - 8873ba3e-7da4-46f7-b1d3-8a39f1a1c208@group-51D27DE71748: closes. applyIndex: 0
2022-10-11 12:51:31,007 [8873ba3e-7da4-46f7-b1d3-8a39f1a1c208@group-51D27DE71748-SegmentedRaftLogWorker] INFO  segmented.SegmentedRaftLogWorker (SegmentedRaftLogWorker.java:run(336)) - 8873ba3e-7da4-46f7-b1d3-8a39f1a1c208@group-51D27DE71748-SegmentedRaftLogWorker was interrupted, exiting. There are 0 tasks remaining in the queue.
2022-10-11 12:51:31,008 [Listener at 127.0.0.1/39939] INFO  server.RaftServer (RaftServerProxy.java:lambda$close$7(398)) - 9e941ce3-1318-4d07-a6ad-837cafbdd6f8: close
2022-10-11 12:51:31,008 [ForkJoinPool.commonPool-worker-0] INFO  segmented.SegmentedRaftLogWorker (SegmentedRaftLogWorker.java:close(246)) - 8873ba3e-7da4-46f7-b1d3-8a39f1a1c208@group-51D27DE71748-SegmentedRaftLogWorker close()
2022-10-11 12:51:31,008 [Listener at 127.0.0.1/39939] INFO  server.RaftServer$Division (RaftServerImpl.java:lambda$close$4(434)) - 9e941ce3-1318-4d07-a6ad-837cafbdd6f8@group-51D27DE71748: shutdown
2022-10-11 12:51:31,009 [Listener at 127.0.0.1/39939] INFO  util.JmxRegister (JmxRegister.java:unregister(73)) - Successfully un-registered JMX Bean with object name Ratis:service=RaftServer,group=group-51D27DE71748,id=9e941ce3-1318-4d07-a6ad-837cafbdd6f8
2022-10-11 12:51:31,009 [Listener at 127.0.0.1/39939] INFO  impl.RoleInfo (RoleInfo.java:shutdownFollowerState(110)) - 9e941ce3-1318-4d07-a6ad-837cafbdd6f8: shutdown 9e941ce3-1318-4d07-a6ad-837cafbdd6f8@group-51D27DE71748-FollowerState
2022-10-11 12:51:31,009 [Listener at 127.0.0.1/39939] INFO  impl.StateMachineUpdater (StateMachineUpdater.java:stopAndJoin(153)) - 9e941ce3-1318-4d07-a6ad-837cafbdd6f8@group-51D27DE71748-StateMachineUpdater: set stopIndex = 0
2022-10-11 12:51:31,009 [9e941ce3-1318-4d07-a6ad-837cafbdd6f8@group-51D27DE71748-FollowerState] INFO  impl.FollowerState (FollowerState.java:run(152)) - 9e941ce3-1318-4d07-a6ad-837cafbdd6f8@group-51D27DE71748-FollowerState was interrupted
2022-10-11 12:51:31,010 [9e941ce3-1318-4d07-a6ad-837cafbdd6f8@group-51D27DE71748-StateMachineUpdater] INFO  ratis.ContainerStateMachine (ContainerStateMachine.java:takeSnapshot(304)) - group-51D27DE71748: Taking a snapshot at:(t:4, i:0) file /home/runner/work/ozone/ozone/hadoop-ozone/integration-test/target/test-dir/MiniOzoneClusterImpl-86edf0e9-7e2c-4cfe-baf2-13fb9c17952e/datanode-1/data/ratis/c6e6a251-f79a-43ff-b19e-51d27de71748/sm/snapshot.4_0
2022-10-11 12:51:31,012 [ForkJoinPool.commonPool-worker-0] INFO  server.RaftServer$Division (RaftServerImpl.java:lambda$close$4(434)) - 8873ba3e-7da4-46f7-b1d3-8a39f1a1c208@group-040E4A66F38E: shutdown
2022-10-11 12:51:31,012 [ForkJoinPool.commonPool-worker-0] INFO  util.JmxRegister (JmxRegister.java:unregister(73)) - Successfully un-registered JMX Bean with object name Ratis:service=RaftServer,group=group-040E4A66F38E,id=8873ba3e-7da4-46f7-b1d3-8a39f1a1c208
2022-10-11 12:51:31,012 [ForkJoinPool.commonPool-worker-0] INFO  impl.RoleInfo (RoleInfo.java:shutdownFollowerState(110)) - 8873ba3e-7da4-46f7-b1d3-8a39f1a1c208: shutdown 8873ba3e-7da4-46f7-b1d3-8a39f1a1c208@group-040E4A66F38E-FollowerState
2022-10-11 12:51:31,012 [9e941ce3-1318-4d07-a6ad-837cafbdd6f8@group-51D27DE71748-StateMachineUpdater] INFO  ratis.ContainerStateMachine (ContainerStateMachine.java:takeSnapshot(315)) - group-51D27DE71748: Finished taking a snapshot at:(t:4, i:0) file:/home/runner/work/ozone/ozone/hadoop-ozone/integration-test/target/test-dir/MiniOzoneClusterImpl-86edf0e9-7e2c-4cfe-baf2-13fb9c17952e/datanode-1/data/ratis/c6e6a251-f79a-43ff-b19e-51d27de71748/sm/snapshot.4_0 took: 3 ms
2022-10-11 12:51:31,012 [8873ba3e-7da4-46f7-b1d3-8a39f1a1c208@group-040E4A66F38E-FollowerState] INFO  impl.FollowerState (FollowerState.java:run(152)) - 8873ba3e-7da4-46f7-b1d3-8a39f1a1c208@group-040E4A66F38E-FollowerState was interrupted
2022-10-11 12:51:31,013 [9e941ce3-1318-4d07-a6ad-837cafbdd6f8@group-51D27DE71748-StateMachineUpdater] INFO  impl.StateMachineUpdater (StateMachineUpdater.java:takeSnapshot(287)) - 9e941ce3-1318-4d07-a6ad-837cafbdd6f8@group-51D27DE71748-StateMachineUpdater: Took a snapshot at index 0
2022-10-11 12:51:31,013 [9e941ce3-1318-4d07-a6ad-837cafbdd6f8@group-51D27DE71748-StateMachineUpdater] INFO  impl.StateMachineUpdater (StateMachineUpdater.java:lambda$new$0(92)) - 9e941ce3-1318-4d07-a6ad-837cafbdd6f8@group-51D27DE71748-StateMachineUpdater: snapshotIndex: updateIncreasingly -1 -> 0
2022-10-11 12:51:31,013 [Listener at 127.0.0.1/39939] INFO  server.RaftServer$Division (ServerState.java:close(429)) - 9e941ce3-1318-4d07-a6ad-837cafbdd6f8@group-51D27DE71748: closes. applyIndex: 0
2022-10-11 12:51:31,013 [ForkJoinPool.commonPool-worker-0] INFO  impl.StateMachineUpdater (StateMachineUpdater.java:stopAndJoin(153)) - 8873ba3e-7da4-46f7-b1d3-8a39f1a1c208@group-040E4A66F38E-StateMachineUpdater: set stopIndex = -1
2022-10-11 12:51:31,014 [9e941ce3-1318-4d07-a6ad-837cafbdd6f8@group-51D27DE71748-SegmentedRaftLogWorker] INFO  segmented.SegmentedRaftLogWorker (SegmentedRaftLogWorker.java:run(336)) - 9e941ce3-1318-4d07-a6ad-837cafbdd6f8@group-51D27DE71748-SegmentedRaftLogWorker was interrupted, exiting. There are 0 tasks remaining in the queue.
2022-10-11 12:51:31,014 [ForkJoinPool.commonPool-worker-0] INFO  server.RaftServer$Division (ServerState.java:close(429)) - 8873ba3e-7da4-46f7-b1d3-8a39f1a1c208@group-040E4A66F38E: closes. applyIndex: -1
2022-10-11 12:51:31,015 [8873ba3e-7da4-46f7-b1d3-8a39f1a1c208@group-040E4A66F38E-SegmentedRaftLogWorker] INFO  segmented.SegmentedRaftLogWorker (SegmentedRaftLogWorker.java:run(336)) - 8873ba3e-7da4-46f7-b1d3-8a39f1a1c208@group-040E4A66F38E-SegmentedRaftLogWorker was interrupted, exiting. There are 0 tasks remaining in the queue.
2022-10-11 12:51:31,015 [ForkJoinPool.commonPool-worker-0] INFO  segmented.SegmentedRaftLogWorker (SegmentedRaftLogWorker.java:close(246)) - 8873ba3e-7da4-46f7-b1d3-8a39f1a1c208@group-040E4A66F38E-SegmentedRaftLogWorker close()
2022-10-11 12:51:31,015 [Listener at 127.0.0.1/39939] INFO  segmented.SegmentedRaftLogWorker (SegmentedRaftLogWorker.java:close(246)) - 9e941ce3-1318-4d07-a6ad-837cafbdd6f8@group-51D27DE71748-SegmentedRaftLogWorker close()
2022-10-11 12:51:31,017 [ForkJoinPool.commonPool-worker-0] INFO  server.GrpcService (GrpcService.java:closeImpl(269)) - 8873ba3e-7da4-46f7-b1d3-8a39f1a1c208: shutdown server with port 41043 now
2022-10-11 12:51:31,018 [Listener at 127.0.0.1/39939] INFO  server.RaftServer$Division (RaftServerImpl.java:lambda$close$4(434)) - 9e941ce3-1318-4d07-a6ad-837cafbdd6f8@group-040E4A66F38E: shutdown
2022-10-11 12:51:31,018 [grpc-default-executor-0] WARN  server.GrpcServerProtocolService (LogUtils.java:warn(122)) - 8873ba3e-7da4-46f7-b1d3-8a39f1a1c208: installSnapshot onError, lastRequest: null: org.apache.ratis.thirdparty.io.grpc.StatusRuntimeException: CANCELLED: client cancelled
2022-10-11 12:51:31,019 [Listener at 127.0.0.1/39939] INFO  util.JmxRegister (JmxRegister.java:unregister(73)) - Successfully un-registered JMX Bean with object name Ratis:service=RaftServer,group=group-040E4A66F38E,id=9e941ce3-1318-4d07-a6ad-837cafbdd6f8
2022-10-11 12:51:31,020 [Listener at 127.0.0.1/39939] INFO  impl.RoleInfo (RoleInfo.java:shutdownFollowerState(110)) - 9e941ce3-1318-4d07-a6ad-837cafbdd6f8: shutdown 9e941ce3-1318-4d07-a6ad-837cafbdd6f8@group-040E4A66F38E-FollowerState
2022-10-11 12:51:31,019 [grpc-default-executor-0] WARN  server.GrpcLogAppender (LogUtils.java:warn(122)) - 0edcf6db-22cd-4c8c-bdc6-3c11ab3ecd15@group-51D27DE71748->8873ba3e-7da4-46f7-b1d3-8a39f1a1c208-AppendLogResponseHandler: Failed appendEntries: org.apache.ratis.thirdparty.io.grpc.StatusRuntimeException: CANCELLED: RST_STREAM closed stream. HTTP/2 error code: CANCEL
2022-10-11 12:51:31,019 [ForkJoinPool.commonPool-worker-0] INFO  server.GrpcService (GrpcService.java:closeImpl(278)) - 8873ba3e-7da4-46f7-b1d3-8a39f1a1c208: shutdown server with port 41043 successfully
2022-10-11 12:51:31,020 [9e941ce3-1318-4d07-a6ad-837cafbdd6f8@group-040E4A66F38E-FollowerState] INFO  impl.FollowerState (FollowerState.java:run(152)) - 9e941ce3-1318-4d07-a6ad-837cafbdd6f8@group-040E4A66F38E-FollowerState was interrupted
2022-10-11 12:51:31,021 [org.apache.ratis.util.JvmPauseMonitor$$Lambda$703/795293305@f41a330] INFO  util.JvmPauseMonitor (JvmPauseMonitor.java:run(109)) - JvmPauseMonitor-8873ba3e-7da4-46f7-b1d3-8a39f1a1c208: Stopped
2022-10-11 12:51:31,020 [grpc-default-executor-0] WARN  server.GrpcLogAppender (GrpcLogAppender.java:resetClient(111)) - 0edcf6db-22cd-4c8c-bdc6-3c11ab3ecd15@group-51D27DE71748->8873ba3e-7da4-46f7-b1d3-8a39f1a1c208-GrpcLogAppender: Leader has not got in touch with Follower 0edcf6db-22cd-4c8c-bdc6-3c11ab3ecd15@group-51D27DE71748->8873ba3e-7da4-46f7-b1d3-8a39f1a1c208(c0,m0,n1, attendVote=true, lastRpcSendTime=1138, lastRpcResponseTime=1136) yet, just keep nextIndex unchanged and retry.
2022-10-11 12:51:31,020 [Listener at 127.0.0.1/39939] INFO  impl.StateMachineUpdater (StateMachineUpdater.java:stopAndJoin(153)) - 9e941ce3-1318-4d07-a6ad-837cafbdd6f8@group-040E4A66F38E-StateMachineUpdater: set stopIndex = -1
2022-10-11 12:51:31,021 [Listener at 127.0.0.1/39939] INFO  server.RaftServer$Division (ServerState.java:close(429)) - 9e941ce3-1318-4d07-a6ad-837cafbdd6f8@group-040E4A66F38E: closes. applyIndex: -1
2022-10-11 12:51:31,022 [9e941ce3-1318-4d07-a6ad-837cafbdd6f8@group-040E4A66F38E-SegmentedRaftLogWorker] INFO  segmented.SegmentedRaftLogWorker (SegmentedRaftLogWorker.java:run(336)) - 9e941ce3-1318-4d07-a6ad-837cafbdd6f8@group-040E4A66F38E-SegmentedRaftLogWorker was interrupted, exiting. There are 0 tasks remaining in the queue.
2022-10-11 12:51:31,022 [Listener at 127.0.0.1/39939] INFO  segmented.SegmentedRaftLogWorker (SegmentedRaftLogWorker.java:close(246)) - 9e941ce3-1318-4d07-a6ad-837cafbdd6f8@group-040E4A66F38E-SegmentedRaftLogWorker close()
2022-10-11 12:51:31,024 [Listener at 127.0.0.1/39939] INFO  server.GrpcService (GrpcService.java:closeImpl(269)) - 9e941ce3-1318-4d07-a6ad-837cafbdd6f8: shutdown server with port 33735 now
2022-10-11 12:51:31,025 [Listener at 127.0.0.1/39939] INFO  server.GrpcService (GrpcService.java:closeImpl(278)) - 9e941ce3-1318-4d07-a6ad-837cafbdd6f8: shutdown server with port 33735 successfully
2022-10-11 12:51:31,027 [grpc-default-executor-4] WARN  server.GrpcLogAppender (LogUtils.java:warn(122)) - 0edcf6db-22cd-4c8c-bdc6-3c11ab3ecd15@group-51D27DE71748->9e941ce3-1318-4d07-a6ad-837cafbdd6f8-AppendLogResponseHandler: Failed appendEntries: org.apache.ratis.thirdparty.io.grpc.StatusRuntimeException: CANCELLED: RST_STREAM closed stream. HTTP/2 error code: CANCEL
2022-10-11 12:51:31,027 [grpc-default-executor-4] WARN  server.GrpcLogAppender (GrpcLogAppender.java:resetClient(111)) - 0edcf6db-22cd-4c8c-bdc6-3c11ab3ecd15@group-51D27DE71748->9e941ce3-1318-4d07-a6ad-837cafbdd6f8-GrpcLogAppender: Leader has not got in touch with Follower 0edcf6db-22cd-4c8c-bdc6-3c11ab3ecd15@group-51D27DE71748->9e941ce3-1318-4d07-a6ad-837cafbdd6f8(c0,m0,n1, attendVote=true, lastRpcSendTime=2395, lastRpcResponseTime=2394) yet, just keep nextIndex unchanged and retry.
2022-10-11 12:51:31,027 [org.apache.ratis.util.JvmPauseMonitor$$Lambda$703/795293305@3b015a81] INFO  util.JvmPauseMonitor (JvmPauseMonitor.java:run(109)) - JvmPauseMonitor-9e941ce3-1318-4d07-a6ad-837cafbdd6f8: Stopped
2022-10-11 12:51:31,026 [grpc-default-executor-5] WARN  server.GrpcServerProtocolService (LogUtils.java:warn(122)) - 9e941ce3-1318-4d07-a6ad-837cafbdd6f8: installSnapshot onError, lastRequest: 0edcf6db-22cd-4c8c-bdc6-3c11ab3ecd15->9e941ce3-1318-4d07-a6ad-837cafbdd6f8#1-t4,previous=(t:0, i:0),leaderCommit=0,initializing? true,entries: size=1, first=(t:4, i:0), CONFIGURATIONENTRY: org.apache.ratis.thirdparty.io.grpc.StatusRuntimeException: CANCELLED: client cancelled
2022-10-11 12:51:31,060 [SCMBlockDeletingService#0] DEBUG block.SCMBlockDeletingService (SCMBlockDeletingService.java:call(131)) - Running DeletedBlockTransactionScanner
2022-10-11 12:51:31,144 [grpc-default-executor-5] WARN  server.GrpcLogAppender (LogUtils.java:warn(122)) - 0edcf6db-22cd-4c8c-bdc6-3c11ab3ecd15@group-51D27DE71748->9e941ce3-1318-4d07-a6ad-837cafbdd6f8-AppendLogResponseHandler: Failed appendEntries: org.apache.ratis.thirdparty.io.grpc.StatusRuntimeException: UNAVAILABLE: io exception
2022-10-11 12:51:31,145 [grpc-default-executor-5] WARN  server.GrpcLogAppender (GrpcLogAppender.java:resetClient(111)) - 0edcf6db-22cd-4c8c-bdc6-3c11ab3ecd15@group-51D27DE71748->9e941ce3-1318-4d07-a6ad-837cafbdd6f8-GrpcLogAppender: Leader has not got in touch with Follower 0edcf6db-22cd-4c8c-bdc6-3c11ab3ecd15@group-51D27DE71748->9e941ce3-1318-4d07-a6ad-837cafbdd6f8(c0,m0,n1, attendVote=true, lastRpcSendTime=2513, lastRpcResponseTime=2512) yet, just keep nextIndex unchanged and retry.
2022-10-11 12:51:31,160 [SCMBlockDeletingService#0] DEBUG block.SCMBlockDeletingService (SCMBlockDeletingService.java:call(131)) - Running DeletedBlockTransactionScanner
2022-10-11 12:51:31,260 [SCMBlockDeletingService#0] DEBUG block.SCMBlockDeletingService (SCMBlockDeletingService.java:call(131)) - Running DeletedBlockTransactionScanner
2022-10-11 12:51:31,360 [SCMBlockDeletingService#0] DEBUG block.SCMBlockDeletingService (SCMBlockDeletingService.java:call(131)) - Running DeletedBlockTransactionScanner
2022-10-11 12:51:31,460 [SCMBlockDeletingService#0] DEBUG block.SCMBlockDeletingService (SCMBlockDeletingService.java:call(131)) - Running DeletedBlockTransactionScanner
2022-10-11 12:51:31,560 [SCMBlockDeletingService#0] DEBUG block.SCMBlockDeletingService (SCMBlockDeletingService.java:call(131)) - Running DeletedBlockTransactionScanner
2022-10-11 12:51:31,660 [SCMBlockDeletingService#0] DEBUG block.SCMBlockDeletingService (SCMBlockDeletingService.java:call(131)) - Running DeletedBlockTransactionScanner
2022-10-11 12:51:31,760 [SCMBlockDeletingService#0] DEBUG block.SCMBlockDeletingService (SCMBlockDeletingService.java:call(131)) - Running DeletedBlockTransactionScanner
2022-10-11 12:51:31,861 [SCMBlockDeletingService#0] DEBUG block.SCMBlockDeletingService (SCMBlockDeletingService.java:call(131)) - Running DeletedBlockTransactionScanner
2022-10-11 12:51:31,961 [SCMBlockDeletingService#0] DEBUG block.SCMBlockDeletingService (SCMBlockDeletingService.java:call(131)) - Running DeletedBlockTransactionScanner
2022-10-11 12:51:32,061 [SCMBlockDeletingService#0] DEBUG block.SCMBlockDeletingService (SCMBlockDeletingService.java:call(131)) - Running DeletedBlockTransactionScanner
2022-10-11 12:51:32,161 [SCMBlockDeletingService#0] DEBUG block.SCMBlockDeletingService (SCMBlockDeletingService.java:call(131)) - Running DeletedBlockTransactionScanner
2022-10-11 12:51:32,261 [SCMBlockDeletingService#0] DEBUG block.SCMBlockDeletingService (SCMBlockDeletingService.java:call(131)) - Running DeletedBlockTransactionScanner
2022-10-11 12:51:32,361 [SCMBlockDeletingService#0] DEBUG block.SCMBlockDeletingService (SCMBlockDeletingService.java:call(131)) - Running DeletedBlockTransactionScanner
2022-10-11 12:51:32,392 [grpc-default-executor-5] WARN  server.GrpcLogAppender (LogUtils.java:warn(122)) - 0edcf6db-22cd-4c8c-bdc6-3c11ab3ecd15@group-51D27DE71748->8873ba3e-7da4-46f7-b1d3-8a39f1a1c208-AppendLogResponseHandler: Failed appendEntries: org.apache.ratis.thirdparty.io.grpc.StatusRuntimeException: UNAVAILABLE: io exception
2022-10-11 12:51:32,392 [grpc-default-executor-5] WARN  server.GrpcLogAppender (GrpcLogAppender.java:resetClient(111)) - 0edcf6db-22cd-4c8c-bdc6-3c11ab3ecd15@group-51D27DE71748->8873ba3e-7da4-46f7-b1d3-8a39f1a1c208-GrpcLogAppender: Leader has not got in touch with Follower 0edcf6db-22cd-4c8c-bdc6-3c11ab3ecd15@group-51D27DE71748->8873ba3e-7da4-46f7-b1d3-8a39f1a1c208(c0,m0,n1, attendVote=true, lastRpcSendTime=0, lastRpcResponseTime=2509) yet, just keep nextIndex unchanged and retry.
2022-10-11 12:51:32,401 [grpc-default-executor-5] WARN  server.GrpcLogAppender (LogUtils.java:warn(122)) - 0edcf6db-22cd-4c8c-bdc6-3c11ab3ecd15@group-51D27DE71748->9e941ce3-1318-4d07-a6ad-837cafbdd6f8-AppendLogResponseHandler: Failed appendEntries: org.apache.ratis.thirdparty.io.grpc.StatusRuntimeException: UNAVAILABLE: io exception
2022-10-11 12:51:32,402 [grpc-default-executor-5] WARN  server.GrpcLogAppender (GrpcLogAppender.java:resetClient(111)) - 0edcf6db-22cd-4c8c-bdc6-3c11ab3ecd15@group-51D27DE71748->9e941ce3-1318-4d07-a6ad-837cafbdd6f8-GrpcLogAppender: Leader has not got in touch with Follower 0edcf6db-22cd-4c8c-bdc6-3c11ab3ecd15@group-51D27DE71748->9e941ce3-1318-4d07-a6ad-837cafbdd6f8(c0,m0,n1, attendVote=true, lastRpcSendTime=1, lastRpcResponseTime=3769) yet, just keep nextIndex unchanged and retry.
2022-10-11 12:51:32,461 [SCMBlockDeletingService#0] DEBUG block.SCMBlockDeletingService (SCMBlockDeletingService.java:call(131)) - Running DeletedBlockTransactionScanner
2022-10-11 12:51:32,561 [SCMBlockDeletingService#0] DEBUG block.SCMBlockDeletingService (SCMBlockDeletingService.java:call(131)) - Running DeletedBlockTransactionScanner
2022-10-11 12:51:32,661 [SCMBlockDeletingService#0] DEBUG block.SCMBlockDeletingService (SCMBlockDeletingService.java:call(131)) - Running DeletedBlockTransactionScanner
2022-10-11 12:51:32,761 [SCMBlockDeletingService#0] DEBUG block.SCMBlockDeletingService (SCMBlockDeletingService.java:call(131)) - Running DeletedBlockTransactionScanner
2022-10-11 12:51:32,861 [SCMBlockDeletingService#0] DEBUG block.SCMBlockDeletingService (SCMBlockDeletingService.java:call(131)) - Running DeletedBlockTransactionScanner
2022-10-11 12:51:32,969 [SCMBlockDeletingService#0] DEBUG block.SCMBlockDeletingService (SCMBlockDeletingService.java:call(131)) - Running DeletedBlockTransactionScanner
2022-10-11 12:51:33,060 [ForkJoinPool.commonPool-worker-0] INFO  utils.BackgroundService (BackgroundService.java:shutdown(141)) - Shutting down service BlockDeletingService
2022-10-11 12:51:33,062 [ForkJoinPool.commonPool-worker-0] INFO  utils.BackgroundService (BackgroundService.java:shutdown(141)) - Shutting down service StaleRecoveringContainerScrubbingService
2022-10-11 12:51:33,069 [SCMBlockDeletingService#0] DEBUG block.SCMBlockDeletingService (SCMBlockDeletingService.java:call(131)) - Running DeletedBlockTransactionScanner
2022-10-11 12:51:33,077 [ForkJoinPool.commonPool-worker-0] INFO  statemachine.DatanodeStateMachine (DatanodeStateMachine.java:stopDaemon(580)) - Ozone container server stopped.
2022-10-11 12:51:33,084 [Listener at 127.0.0.1/39939] INFO  utils.BackgroundService (BackgroundService.java:shutdown(141)) - Shutting down service BlockDeletingService
2022-10-11 12:51:33,087 [Listener at 127.0.0.1/39939] INFO  utils.BackgroundService (BackgroundService.java:shutdown(141)) - Shutting down service StaleRecoveringContainerScrubbingService
2022-10-11 12:51:33,115 [Listener at 127.0.0.1/39939] INFO  statemachine.DatanodeStateMachine (DatanodeStateMachine.java:stopDaemon(580)) - Ozone container server stopped.
2022-10-11 12:51:33,120 [ForkJoinPool.commonPool-worker-0] INFO  handler.ContextHandler (ContextHandler.java:doStop(1153)) - Stopped o.e.j.w.WebAppContext@341a3f6f{hddsDatanode,/,null,STOPPED}{jar:file:/home/runner/.m2/repository/org/apache/ozone/hdds-container-service/1.3.0-SNAPSHOT/hdds-container-service-1.3.0-SNAPSHOT.jar!/webapps/hddsDatanode}
2022-10-11 12:51:33,121 [ForkJoinPool.commonPool-worker-0] INFO  server.AbstractConnector (AbstractConnector.java:doStop(381)) - Stopped ServerConnector@760b94dc{HTTP/1.1, (http/1.1)}{0.0.0.0:36913}
2022-10-11 12:51:33,121 [ForkJoinPool.commonPool-worker-0] INFO  server.session (HouseKeeper.java:stopScavenging(149)) - node0 Stopped scavenging
2022-10-11 12:51:33,129 [ForkJoinPool.commonPool-worker-0] INFO  handler.ContextHandler (ContextHandler.java:doStop(1153)) - Stopped o.e.j.s.ServletContextHandler@120feaf7{static,/static,jar:file:/home/runner/.m2/repository/org/apache/ozone/hdds-container-service/1.3.0-SNAPSHOT/hdds-container-service-1.3.0-SNAPSHOT.jar!/webapps/static,STOPPED}
2022-10-11 12:51:33,130 [ForkJoinPool.commonPool-worker-0] INFO  handler.ContextHandler (ContextHandler.java:doStop(1153)) - Stopped o.e.j.s.ServletContextHandler@311ccf7d{logs,/logs,file:///home/runner/work/ozone/ozone/hadoop-ozone/integration-test/target/log,STOPPED}
2022-10-11 12:51:33,137 [ForkJoinPool.commonPool-worker-0] INFO  ozoneimpl.OzoneContainer (OzoneContainer.java:stop(400)) - Attempting to stop container services.
2022-10-11 12:51:33,138 [ForkJoinPool.commonPool-worker-0] INFO  server.RaftServer (RaftServerProxy.java:lambda$close$7(398)) - 0edcf6db-22cd-4c8c-bdc6-3c11ab3ecd15: close
2022-10-11 12:51:33,138 [ForkJoinPool.commonPool-worker-0] INFO  server.RaftServer$Division (RaftServerImpl.java:lambda$close$4(434)) - 0edcf6db-22cd-4c8c-bdc6-3c11ab3ecd15@group-51D27DE71748: shutdown
2022-10-11 12:51:33,138 [ForkJoinPool.commonPool-worker-0] INFO  util.JmxRegister (JmxRegister.java:unregister(73)) - Successfully un-registered JMX Bean with object name Ratis:service=RaftServer,group=group-51D27DE71748,id=0edcf6db-22cd-4c8c-bdc6-3c11ab3ecd15
2022-10-11 12:51:33,138 [ForkJoinPool.commonPool-worker-0] INFO  impl.RoleInfo (RoleInfo.java:shutdownLeaderState(93)) - 0edcf6db-22cd-4c8c-bdc6-3c11ab3ecd15: shutdown 0edcf6db-22cd-4c8c-bdc6-3c11ab3ecd15@group-51D27DE71748-LeaderStateImpl
2022-10-11 12:51:33,138 [ForkJoinPool.commonPool-worker-0] INFO  impl.PendingRequests (PendingRequests.java:sendNotLeaderResponses(282)) - 0edcf6db-22cd-4c8c-bdc6-3c11ab3ecd15@group-51D27DE71748-PendingRequests: sendNotLeaderResponses
2022-10-11 12:51:33,141 [ForkJoinPool.commonPool-worker-0] INFO  impl.StateMachineUpdater (StateMachineUpdater.java:stopAndJoin(153)) - 0edcf6db-22cd-4c8c-bdc6-3c11ab3ecd15@group-51D27DE71748-StateMachineUpdater: set stopIndex = 0
2022-10-11 12:51:33,140 [Listener at 127.0.0.1/39939] INFO  handler.ContextHandler (ContextHandler.java:doStop(1153)) - Stopped o.e.j.w.WebAppContext@d8d9c7a{hddsDatanode,/,null,STOPPED}{jar:file:/home/runner/.m2/repository/org/apache/ozone/hdds-container-service/1.3.0-SNAPSHOT/hdds-container-service-1.3.0-SNAPSHOT.jar!/webapps/hddsDatanode}
2022-10-11 12:51:33,142 [0edcf6db-22cd-4c8c-bdc6-3c11ab3ecd15@group-51D27DE71748-StateMachineUpdater] INFO  ratis.ContainerStateMachine (ContainerStateMachine.java:takeSnapshot(304)) - group-51D27DE71748: Taking a snapshot at:(t:4, i:0) file /home/runner/work/ozone/ozone/hadoop-ozone/integration-test/target/test-dir/MiniOzoneClusterImpl-86edf0e9-7e2c-4cfe-baf2-13fb9c17952e/datanode-2/data/ratis/c6e6a251-f79a-43ff-b19e-51d27de71748/sm/snapshot.4_0
2022-10-11 12:51:33,143 [Listener at 127.0.0.1/39939] INFO  server.AbstractConnector (AbstractConnector.java:doStop(381)) - Stopped ServerConnector@d21057e{HTTP/1.1, (http/1.1)}{0.0.0.0:0}
2022-10-11 12:51:33,143 [Listener at 127.0.0.1/39939] INFO  server.session (HouseKeeper.java:stopScavenging(149)) - node0 Stopped scavenging
2022-10-11 12:51:33,145 [Listener at 127.0.0.1/39939] INFO  handler.ContextHandler (ContextHandler.java:doStop(1153)) - Stopped o.e.j.s.ServletContextHandler@50d0956b{static,/static,jar:file:/home/runner/.m2/repository/org/apache/ozone/hdds-container-service/1.3.0-SNAPSHOT/hdds-container-service-1.3.0-SNAPSHOT.jar!/webapps/static,STOPPED}
2022-10-11 12:51:33,146 [Listener at 127.0.0.1/39939] INFO  handler.ContextHandler (ContextHandler.java:doStop(1153)) - Stopped o.e.j.s.ServletContextHandler@4e825977{logs,/logs,file:///home/runner/work/ozone/ozone/hadoop-ozone/integration-test/target/log,STOPPED}
2022-10-11 12:51:33,146 [0edcf6db-22cd-4c8c-bdc6-3c11ab3ecd15@group-51D27DE71748-StateMachineUpdater] INFO  ratis.ContainerStateMachine (ContainerStateMachine.java:takeSnapshot(315)) - group-51D27DE71748: Finished taking a snapshot at:(t:4, i:0) file:/home/runner/work/ozone/ozone/hadoop-ozone/integration-test/target/test-dir/MiniOzoneClusterImpl-86edf0e9-7e2c-4cfe-baf2-13fb9c17952e/datanode-2/data/ratis/c6e6a251-f79a-43ff-b19e-51d27de71748/sm/snapshot.4_0 took: 4 ms
2022-10-11 12:51:33,147 [0edcf6db-22cd-4c8c-bdc6-3c11ab3ecd15@group-51D27DE71748-StateMachineUpdater] INFO  impl.StateMachineUpdater (StateMachineUpdater.java:takeSnapshot(287)) - 0edcf6db-22cd-4c8c-bdc6-3c11ab3ecd15@group-51D27DE71748-StateMachineUpdater: Took a snapshot at index 0
2022-10-11 12:51:33,147 [0edcf6db-22cd-4c8c-bdc6-3c11ab3ecd15@group-51D27DE71748-StateMachineUpdater] INFO  impl.StateMachineUpdater (StateMachineUpdater.java:lambda$new$0(92)) - 0edcf6db-22cd-4c8c-bdc6-3c11ab3ecd15@group-51D27DE71748-StateMachineUpdater: snapshotIndex: updateIncreasingly -1 -> 0
2022-10-11 12:51:33,147 [ForkJoinPool.commonPool-worker-0] INFO  server.RaftServer$Division (ServerState.java:close(429)) - 0edcf6db-22cd-4c8c-bdc6-3c11ab3ecd15@group-51D27DE71748: closes. applyIndex: 0
2022-10-11 12:51:33,148 [0edcf6db-22cd-4c8c-bdc6-3c11ab3ecd15@group-51D27DE71748-SegmentedRaftLogWorker] INFO  segmented.SegmentedRaftLogWorker (SegmentedRaftLogWorker.java:run(336)) - 0edcf6db-22cd-4c8c-bdc6-3c11ab3ecd15@group-51D27DE71748-SegmentedRaftLogWorker was interrupted, exiting. There are 0 tasks remaining in the queue.
2022-10-11 12:51:33,150 [ForkJoinPool.commonPool-worker-0] INFO  segmented.SegmentedRaftLogWorker (SegmentedRaftLogWorker.java:close(246)) - 0edcf6db-22cd-4c8c-bdc6-3c11ab3ecd15@group-51D27DE71748-SegmentedRaftLogWorker close()
2022-10-11 12:51:33,150 [ForkJoinPool.commonPool-worker-0] INFO  server.RaftServer$Division (RaftServerImpl.java:lambda$close$4(434)) - 0edcf6db-22cd-4c8c-bdc6-3c11ab3ecd15@group-040E4A66F38E: shutdown
2022-10-11 12:51:33,150 [ForkJoinPool.commonPool-worker-0] INFO  util.JmxRegister (JmxRegister.java:unregister(73)) - Successfully un-registered JMX Bean with object name Ratis:service=RaftServer,group=group-040E4A66F38E,id=0edcf6db-22cd-4c8c-bdc6-3c11ab3ecd15
2022-10-11 12:51:33,151 [ForkJoinPool.commonPool-worker-0] INFO  impl.RoleInfo (RoleInfo.java:shutdownFollowerState(110)) - 0edcf6db-22cd-4c8c-bdc6-3c11ab3ecd15: shutdown 0edcf6db-22cd-4c8c-bdc6-3c11ab3ecd15@group-040E4A66F38E-FollowerState
2022-10-11 12:51:33,151 [0edcf6db-22cd-4c8c-bdc6-3c11ab3ecd15@group-040E4A66F38E-FollowerState] INFO  impl.FollowerState (FollowerState.java:run(152)) - 0edcf6db-22cd-4c8c-bdc6-3c11ab3ecd15@group-040E4A66F38E-FollowerState was interrupted
2022-10-11 12:51:33,152 [ForkJoinPool.commonPool-worker-0] INFO  impl.StateMachineUpdater (StateMachineUpdater.java:stopAndJoin(153)) - 0edcf6db-22cd-4c8c-bdc6-3c11ab3ecd15@group-040E4A66F38E-StateMachineUpdater: set stopIndex = -1
2022-10-11 12:51:33,152 [ForkJoinPool.commonPool-worker-0] INFO  server.RaftServer$Division (ServerState.java:close(429)) - 0edcf6db-22cd-4c8c-bdc6-3c11ab3ecd15@group-040E4A66F38E: closes. applyIndex: -1
2022-10-11 12:51:33,152 [0edcf6db-22cd-4c8c-bdc6-3c11ab3ecd15@group-040E4A66F38E-SegmentedRaftLogWorker] INFO  segmented.SegmentedRaftLogWorker (SegmentedRaftLogWorker.java:run(336)) - 0edcf6db-22cd-4c8c-bdc6-3c11ab3ecd15@group-040E4A66F38E-SegmentedRaftLogWorker was interrupted, exiting. There are 0 tasks remaining in the queue.
2022-10-11 12:51:33,152 [ForkJoinPool.commonPool-worker-0] INFO  segmented.SegmentedRaftLogWorker (SegmentedRaftLogWorker.java:close(246)) - 0edcf6db-22cd-4c8c-bdc6-3c11ab3ecd15@group-040E4A66F38E-SegmentedRaftLogWorker close()
2022-10-11 12:51:33,152 [ForkJoinPool.commonPool-worker-0] INFO  server.GrpcService (GrpcService.java:closeImpl(269)) - 0edcf6db-22cd-4c8c-bdc6-3c11ab3ecd15: shutdown server with port 42307 now
2022-10-11 12:51:33,153 [ForkJoinPool.commonPool-worker-0] INFO  server.GrpcService (GrpcService.java:closeImpl(278)) - 0edcf6db-22cd-4c8c-bdc6-3c11ab3ecd15: shutdown server with port 42307 successfully
2022-10-11 12:51:33,154 [org.apache.ratis.util.JvmPauseMonitor$$Lambda$703/795293305@677bd9a1] INFO  util.JvmPauseMonitor (JvmPauseMonitor.java:run(109)) - JvmPauseMonitor-0edcf6db-22cd-4c8c-bdc6-3c11ab3ecd15: Stopped
2022-10-11 12:51:33,169 [SCMBlockDeletingService#0] DEBUG block.SCMBlockDeletingService (SCMBlockDeletingService.java:call(131)) - Running DeletedBlockTransactionScanner
2022-10-11 12:51:33,269 [SCMBlockDeletingService#0] DEBUG block.SCMBlockDeletingService (SCMBlockDeletingService.java:call(131)) - Running DeletedBlockTransactionScanner
2022-10-11 12:51:33,369 [SCMBlockDeletingService#0] DEBUG block.SCMBlockDeletingService (SCMBlockDeletingService.java:call(131)) - Running DeletedBlockTransactionScanner
2022-10-11 12:51:33,469 [SCMBlockDeletingService#0] DEBUG block.SCMBlockDeletingService (SCMBlockDeletingService.java:call(131)) - Running DeletedBlockTransactionScanner
2022-10-11 12:51:33,569 [SCMBlockDeletingService#0] DEBUG block.SCMBlockDeletingService (SCMBlockDeletingService.java:call(131)) - Running DeletedBlockTransactionScanner
2022-10-11 12:51:33,670 [SCMBlockDeletingService#0] DEBUG block.SCMBlockDeletingService (SCMBlockDeletingService.java:call(131)) - Running DeletedBlockTransactionScanner
2022-10-11 12:51:33,770 [SCMBlockDeletingService#0] DEBUG block.SCMBlockDeletingService (SCMBlockDeletingService.java:call(131)) - Running DeletedBlockTransactionScanner
2022-10-11 12:51:33,870 [SCMBlockDeletingService#0] DEBUG block.SCMBlockDeletingService (SCMBlockDeletingService.java:call(131)) - Running DeletedBlockTransactionScanner
2022-10-11 12:51:33,932 [EventQueue-StaleNodeForStaleNodeHandler] INFO  node.StaleNodeHandler (StaleNodeHandler.java:onMessage(59)) - Datanode 9e941ce3-1318-4d07-a6ad-837cafbdd6f8{ip: 10.1.1.98, host: fv-az570-546.srgqcr2moziuvm0qev4lajleyh.dx.internal.cloudapp.net, ports: [REPLICATION=39047, RATIS=33735, RATIS_ADMIN=33735, RATIS_SERVER=33735, STANDALONE=41477], networkLocation: /default-rack, certSerialId: null, persistedOpState: IN_SERVICE, persistedOpStateExpiryEpochSec: 0} moved to stale state. Finalizing its pipelines [PipelineID=c6e6a251-f79a-43ff-b19e-51d27de71748, PipelineID=ef60ef7d-ff17-4298-b56d-d87ee6107c40, PipelineID=c49ac42d-4afd-4404-be1a-040e4a66f38e, PipelineID=4c552024-17a1-4336-8ff8-a3858ffbbf68, PipelineID=d4812542-b01c-4a77-85b6-a3664e569b32]
2022-10-11 12:51:33,933 [EventQueue-StaleNodeForStaleNodeHandler] INFO  pipeline.PipelineManagerImpl (PipelineManagerImpl.java:closePipeline(442)) - Pipeline Pipeline[ Id: c49ac42d-4afd-4404-be1a-040e4a66f38e, Nodes: 8873ba3e-7da4-46f7-b1d3-8a39f1a1c208{ip: 10.1.1.98, host: fv-az570-546.srgqcr2moziuvm0qev4lajleyh.dx.internal.cloudapp.net, ports: [REPLICATION=39189, RATIS=41043, RATIS_ADMIN=41043, RATIS_SERVER=41043, STANDALONE=41019], networkLocation: /default-rack, certSerialId: null, persistedOpState: IN_SERVICE, persistedOpStateExpiryEpochSec: 0}9e941ce3-1318-4d07-a6ad-837cafbdd6f8{ip: 10.1.1.98, host: fv-az570-546.srgqcr2moziuvm0qev4lajleyh.dx.internal.cloudapp.net, ports: [REPLICATION=39047, RATIS=33735, RATIS_ADMIN=33735, RATIS_SERVER=33735, STANDALONE=41477], networkLocation: /default-rack, certSerialId: null, persistedOpState: IN_SERVICE, persistedOpStateExpiryEpochSec: 0}0edcf6db-22cd-4c8c-bdc6-3c11ab3ecd15{ip: 10.1.1.98, host: fv-az570-546.srgqcr2moziuvm0qev4lajleyh.dx.internal.cloudapp.net, ports: [REPLICATION=44577, RATIS=42307, RATIS_ADMIN=42307, RATIS_SERVER=42307, STANDALONE=44357], networkLocation: /default-rack, certSerialId: null, persistedOpState: IN_SERVICE, persistedOpStateExpiryEpochSec: 0}, ReplicationConfig: RATIS/THREE, State:ALLOCATED, leaderId:, CreationTimestamp2022-10-11T12:51:30.125Z[Etc/UTC]] moved to CLOSED state
2022-10-11 12:51:33,933 [EventQueue-StaleNodeForStaleNodeHandler] INFO  node.StaleNodeHandler (StaleNodeHandler.java:onMessage(59)) - Datanode 8873ba3e-7da4-46f7-b1d3-8a39f1a1c208{ip: 10.1.1.98, host: fv-az570-546.srgqcr2moziuvm0qev4lajleyh.dx.internal.cloudapp.net, ports: [REPLICATION=39189, RATIS=41043, RATIS_ADMIN=41043, RATIS_SERVER=41043, STANDALONE=41019], networkLocation: /default-rack, certSerialId: null, persistedOpState: IN_SERVICE, persistedOpStateExpiryEpochSec: 0} moved to stale state. Finalizing its pipelines [PipelineID=c6e6a251-f79a-43ff-b19e-51d27de71748, PipelineID=ef60ef7d-ff17-4298-b56d-d87ee6107c40, PipelineID=c49ac42d-4afd-4404-be1a-040e4a66f38e, PipelineID=4c552024-17a1-4336-8ff8-a3858ffbbf68, PipelineID=d4812542-b01c-4a77-85b6-a3664e569b32]
2022-10-11 12:51:33,970 [SCMBlockDeletingService#0] DEBUG block.SCMBlockDeletingService (SCMBlockDeletingService.java:call(131)) - Running DeletedBlockTransactionScanner
2022-10-11 12:51:34,070 [SCMBlockDeletingService#0] DEBUG block.SCMBlockDeletingService (SCMBlockDeletingService.java:call(131)) - Running DeletedBlockTransactionScanner
2022-10-11 12:51:34,170 [SCMBlockDeletingService#0] DEBUG block.SCMBlockDeletingService (SCMBlockDeletingService.java:call(131)) - Running DeletedBlockTransactionScanner
2022-10-11 12:51:34,270 [SCMBlockDeletingService#0] DEBUG block.SCMBlockDeletingService (SCMBlockDeletingService.java:call(131)) - Running DeletedBlockTransactionScanner
2022-10-11 12:51:34,370 [SCMBlockDeletingService#0] DEBUG block.SCMBlockDeletingService (SCMBlockDeletingService.java:call(131)) - Running DeletedBlockTransactionScanner
2022-10-11 12:51:34,471 [SCMBlockDeletingService#0] DEBUG block.SCMBlockDeletingService (SCMBlockDeletingService.java:call(131)) - Running DeletedBlockTransactionScanner
2022-10-11 12:51:34,571 [SCMBlockDeletingService#0] DEBUG block.SCMBlockDeletingService (SCMBlockDeletingService.java:call(131)) - Running DeletedBlockTransactionScanner
2022-10-11 12:51:34,671 [SCMBlockDeletingService#0] DEBUG block.SCMBlockDeletingService (SCMBlockDeletingService.java:call(131)) - Running DeletedBlockTransactionScanner
2022-10-11 12:51:34,771 [SCMBlockDeletingService#0] DEBUG block.SCMBlockDeletingService (SCMBlockDeletingService.java:call(131)) - Running DeletedBlockTransactionScanner
2022-10-11 12:51:34,871 [SCMBlockDeletingService#0] DEBUG block.SCMBlockDeletingService (SCMBlockDeletingService.java:call(131)) - Running DeletedBlockTransactionScanner
2022-10-11 12:51:34,971 [SCMBlockDeletingService#0] DEBUG block.SCMBlockDeletingService (SCMBlockDeletingService.java:call(131)) - Running DeletedBlockTransactionScanner
2022-10-11 12:51:35,071 [SCMBlockDeletingService#0] DEBUG block.SCMBlockDeletingService (SCMBlockDeletingService.java:call(131)) - Running DeletedBlockTransactionScanner
2022-10-11 12:51:35,172 [SCMBlockDeletingService#0] DEBUG block.SCMBlockDeletingService (SCMBlockDeletingService.java:call(131)) - Running DeletedBlockTransactionScanner
2022-10-11 12:51:35,172 [ForkJoinPool.commonPool-worker-0] INFO  utils.BackgroundService (BackgroundService.java:shutdown(141)) - Shutting down service BlockDeletingService
2022-10-11 12:51:35,177 [ForkJoinPool.commonPool-worker-0] INFO  utils.BackgroundService (BackgroundService.java:shutdown(141)) - Shutting down service StaleRecoveringContainerScrubbingService
2022-10-11 12:51:35,179 [ForkJoinPool.commonPool-worker-0] INFO  statemachine.DatanodeStateMachine (DatanodeStateMachine.java:stopDaemon(580)) - Ozone container server stopped.
2022-10-11 12:51:35,194 [ForkJoinPool.commonPool-worker-0] INFO  handler.ContextHandler (ContextHandler.java:doStop(1153)) - Stopped o.e.j.w.WebAppContext@295be010{hddsDatanode,/,null,STOPPED}{jar:file:/home/runner/.m2/repository/org/apache/ozone/hdds-container-service/1.3.0-SNAPSHOT/hdds-container-service-1.3.0-SNAPSHOT.jar!/webapps/hddsDatanode}
2022-10-11 12:51:35,194 [ForkJoinPool.commonPool-worker-0] INFO  server.AbstractConnector (AbstractConnector.java:doStop(381)) - Stopped ServerConnector@1eb918ed{HTTP/1.1, (http/1.1)}{0.0.0.0:0}
2022-10-11 12:51:35,194 [ForkJoinPool.commonPool-worker-0] INFO  server.session (HouseKeeper.java:stopScavenging(149)) - node0 Stopped scavenging
2022-10-11 12:51:35,195 [ForkJoinPool.commonPool-worker-0] INFO  handler.ContextHandler (ContextHandler.java:doStop(1153)) - Stopped o.e.j.s.ServletContextHandler@39b55249{static,/static,jar:file:/home/runner/.m2/repository/org/apache/ozone/hdds-container-service/1.3.0-SNAPSHOT/hdds-container-service-1.3.0-SNAPSHOT.jar!/webapps/static,STOPPED}
2022-10-11 12:51:35,195 [ForkJoinPool.commonPool-worker-0] INFO  handler.ContextHandler (ContextHandler.java:doStop(1153)) - Stopped o.e.j.s.ServletContextHandler@577b739a{logs,/logs,file:///home/runner/work/ozone/ozone/hadoop-ozone/integration-test/target/log,STOPPED}
2022-10-11 12:51:35,197 [Listener at 127.0.0.1/39939] INFO  ozone.MiniOzoneClusterImpl (MiniOzoneClusterImpl.java:stopSCM(537)) - Stopping the StorageContainerManager
2022-10-11 12:51:35,198 [Listener at 127.0.0.1/39939] INFO  server.StorageContainerManager (StorageContainerManager.java:stop(1528)) - Container Balancer is not running.
2022-10-11 12:51:35,198 [Listener at 127.0.0.1/39939] INFO  server.StorageContainerManager (StorageContainerManager.java:stop(1535)) - Stopping Replication Manager Service.
2022-10-11 12:51:35,198 [Listener at 127.0.0.1/39939] INFO  replication.ReplicationManager (ReplicationManager.java:stop(257)) - Stopping Replication Monitor Thread.
2022-10-11 12:51:35,198 [Listener at 127.0.0.1/39939] INFO  server.StorageContainerManager (StorageContainerManager.java:stop(1542)) - Stopping the Datanode Admin Monitor.
2022-10-11 12:51:35,198 [Under Replicated Processor] WARN  replication.UnderReplicatedProcessor (UnderReplicatedProcessor.java:run(148)) - Under Replicated Processor interrupted. Exiting...
2022-10-11 12:51:35,199 [Over Replicated Processor] WARN  replication.OverReplicatedProcessor (OverReplicatedProcessor.java:run(137)) - Over Replicated Processor interrupted. Exiting...
2022-10-11 12:51:35,199 [ReplicationMonitor] INFO  replication.ReplicationManager (ReplicationManager.java:run(509)) - Replication Monitor Thread is stopped
2022-10-11 12:51:35,198 [Listener at 127.0.0.1/39939] INFO  server.StorageContainerManager (StorageContainerManager.java:stop(1549)) - Stopping Lease Manager of the command watchers
2022-10-11 12:51:35,199 [Listener at 127.0.0.1/39939] INFO  server.StorageContainerManager (StorageContainerManager.java:stop(1556)) - Stopping datanode service RPC server
2022-10-11 12:51:35,200 [Listener at 127.0.0.1/39939] INFO  server.SCMDatanodeProtocolServer (SCMDatanodeProtocolServer.java:stop(414)) - Stopping the RPC server for DataNodes
2022-10-11 12:51:35,200 [Listener at 127.0.0.1/39939] INFO  ipc.Server (Server.java:stop(3414)) - Stopping server on 37919
2022-10-11 12:51:35,204 [IPC Server listener on 0] INFO  ipc.Server (Server.java:run(1376)) - Stopping IPC Server listener on 0
2022-10-11 12:51:35,205 [IPC Server Responder] INFO  ipc.Server (Server.java:run(1512)) - Stopping IPC Server Responder
2022-10-11 12:51:35,233 [SCM Heartbeat Processing Thread - 0] WARN  node.NodeStateManager (NodeStateManager.java:scheduleNextHealthCheck(870)) - Current Thread is interrupted, shutting down HB processing thread for Node Manager.
2022-10-11 12:51:35,233 [Listener at 127.0.0.1/39939] INFO  server.StorageContainerManager (StorageContainerManager.java:stop(1564)) - Stopping block service RPC server
2022-10-11 12:51:35,234 [Listener at 127.0.0.1/39939] INFO  server.SCMBlockProtocolServer (SCMBlockProtocolServer.java:stop(161)) - Stopping the RPC server for Block Protocol
2022-10-11 12:51:35,234 [Listener at 127.0.0.1/39939] INFO  ipc.Server (Server.java:stop(3414)) - Stopping server on 36429
2022-10-11 12:51:35,235 [IPC Server Responder] INFO  ipc.Server (Server.java:run(1512)) - Stopping IPC Server Responder
2022-10-11 12:51:35,235 [IPC Server listener on 0] INFO  ipc.Server (Server.java:run(1376)) - Stopping IPC Server listener on 0
2022-10-11 12:51:35,236 [Listener at 127.0.0.1/39939] INFO  server.StorageContainerManager (StorageContainerManager.java:stop(1571)) - Stopping the StorageContainerLocationProtocol RPC server
2022-10-11 12:51:35,236 [Listener at 127.0.0.1/39939] INFO  server.SCMClientProtocolServer (SCMClientProtocolServer.java:stop(179)) - Stopping the RPC server for Client Protocol
2022-10-11 12:51:35,237 [Listener at 127.0.0.1/39939] INFO  ipc.Server (Server.java:stop(3414)) - Stopping server on 34187
2022-10-11 12:51:35,239 [IPC Server Responder] INFO  ipc.Server (Server.java:run(1512)) - Stopping IPC Server Responder
2022-10-11 12:51:35,239 [IPC Server listener on 0] INFO  ipc.Server (Server.java:run(1376)) - Stopping IPC Server listener on 0
2022-10-11 12:51:35,239 [Listener at 127.0.0.1/39939] INFO  server.StorageContainerManager (StorageContainerManager.java:stop(1578)) - Stopping Storage Container Manager HTTP server.
2022-10-11 12:51:35,241 [Listener at 127.0.0.1/39939] INFO  handler.ContextHandler (ContextHandler.java:doStop(1153)) - Stopped o.e.j.w.WebAppContext@338e9c24{scm,/,null,STOPPED}{file:/home/runner/work/ozone/ozone/hadoop-ozone/integration-test/target/test-classes/webapps/scm}
2022-10-11 12:51:35,241 [Listener at 127.0.0.1/39939] INFO  server.AbstractConnector (AbstractConnector.java:doStop(381)) - Stopped ServerConnector@3fc252d7{HTTP/1.1, (http/1.1)}{0.0.0.0:0}
2022-10-11 12:51:35,242 [Listener at 127.0.0.1/39939] INFO  server.session (HouseKeeper.java:stopScavenging(149)) - node0 Stopped scavenging
2022-10-11 12:51:35,242 [Listener at 127.0.0.1/39939] INFO  handler.ContextHandler (ContextHandler.java:doStop(1153)) - Stopped o.e.j.s.ServletContextHandler@3bbb9611{static,/static,file:///home/runner/work/ozone/ozone/hadoop-ozone/integration-test/target/test-classes/webapps/static,STOPPED}
2022-10-11 12:51:35,243 [Listener at 127.0.0.1/39939] INFO  handler.ContextHandler (ContextHandler.java:doStop(1153)) - Stopped o.e.j.s.ServletContextHandler@6b532a5{logs,/logs,file:///home/runner/work/ozone/ozone/hadoop-ozone/integration-test/target/log,STOPPED}
2022-10-11 12:51:35,244 [Listener at 127.0.0.1/39939] INFO  server.StorageContainerManager (StorageContainerManager.java:stop(1584)) - Stopping SCM LayoutVersionManager Service.
2022-10-11 12:51:35,244 [Listener at 127.0.0.1/39939] INFO  server.StorageContainerManager (StorageContainerManager.java:stop(1592)) - Stopping Block Manager Service.
2022-10-11 12:51:35,244 [Listener at 127.0.0.1/39939] INFO  utils.BackgroundService (BackgroundService.java:shutdown(141)) - Shutting down service SCMBlockDeletingService
2022-10-11 12:51:35,245 [Listener at 127.0.0.1/39939] INFO  utils.BackgroundService (BackgroundService.java:shutdown(141)) - Shutting down service SCMBlockDeletingService
2022-10-11 12:51:35,245 [Listener at 127.0.0.1/39939] INFO  server.StorageContainerManager (StorageContainerManager.java:stop(1619)) - Stopping SCM Event Queue.
2022-10-11 12:51:35,247 [Listener at 127.0.0.1/39939] INFO  server.StorageContainerManager (StorageContainerManager.java:stop(1630)) - Stopping SCM HA services.
2022-10-11 12:51:35,247 [Listener at 127.0.0.1/39939] INFO  pipeline.BackgroundPipelineCreator (BackgroundPipelineCreator.java:stop(149)) - Stopping RatisPipelineUtilsThread.
2022-10-11 12:51:35,248 [RatisPipelineUtilsThread - 0] WARN  pipeline.BackgroundPipelineCreator (BackgroundPipelineCreator.java:run(180)) - RatisPipelineUtilsThread is interrupted.
2022-10-11 12:51:35,248 [Listener at 127.0.0.1/39939] INFO  BackgroundPipelineScrubber (BackgroundSCMService.java:stop(131)) - Stopping BackgroundPipelineScrubber Service.
2022-10-11 12:51:35,248 [BackgroundPipelineScrubberThread] WARN  BackgroundPipelineScrubber (BackgroundSCMService.java:run(115)) - BackgroundPipelineScrubber is interrupted, exit
2022-10-11 12:51:35,248 [Listener at 127.0.0.1/39939] INFO  server.StorageContainerManager (StorageContainerManager.java:stop(1640)) - Stopping SCM MetadataStore.
2022-10-11 12:51:35,250 [Listener at 127.0.0.1/39939] INFO  impl.MetricsSystemImpl (MetricsSystemImpl.java:stop(210)) - Stopping HddsDatanode metrics system...
2022-10-11 12:51:35,253 [prometheus] INFO  impl.MetricsSinkAdapter (MetricsSinkAdapter.java:publishMetricsFromQueue(141)) - prometheus thread interrupted.
2022-10-11 12:51:35,253 [Listener at 127.0.0.1/39939] INFO  impl.MetricsSystemImpl (MetricsSystemImpl.java:stop(216)) - HddsDatanode metrics system stopped.
2022-10-11 12:51:35,253 [Listener at 127.0.0.1/39939] WARN  pipeline.BackgroundPipelineCreator (BackgroundPipelineCreator.java:stop(145)) - RatisPipelineUtilsThread is not running, just ignore.
2022-10-11 12:51:35,254 [Listener at 127.0.0.1/39939] INFO  BackgroundPipelineScrubber (BackgroundSCMService.java:stop(126)) - BackgroundPipelineScrubber Service is not running, skip stop.
2022-10-11 12:51:35,254 [Listener at 127.0.0.1/39939] INFO  ExpiredContainerReplicaOpScrubber (BackgroundSCMService.java:stop(131)) - Stopping ExpiredContainerReplicaOpScrubber Service.
2022-10-11 12:51:35,254 [Listener at 127.0.0.1/39939] INFO  utils.BackgroundService (BackgroundService.java:shutdown(141)) - Shutting down service SCMBlockDeletingService
2022-10-11 12:51:35,254 [ExpiredContainerReplicaOpScrubberThread] WARN  ExpiredContainerReplicaOpScrubber (BackgroundSCMService.java:run(115)) - ExpiredContainerReplicaOpScrubber is interrupted, exit
2022-10-11 12:51:35,254 [Listener at 127.0.0.1/39939] INFO  replication.ReplicationManager (ReplicationManager.java:stop(265)) - Replication Monitor Thread is not running.
2022-10-11 12:51:35,255 [Listener at 127.0.0.1/39939] WARN  balancer.ContainerBalancer (ContainerBalancer.java:stop(1096)) - Cannot stop Container Balancer because it's not running
]]></system-out>
  </testcase>
</testsuite>