<?xml version="1.0" encoding="UTF-8"?>
<testsuite xmlns:xsi="http://www.w3.org/2001/XMLSchema-instance" xsi:noNamespaceSchemaLocation="https://maven.apache.org/surefire/maven-surefire-plugin/xsd/surefire-test-report-3.0.xsd" version="3.0" name="org.apache.hadoop.ozone.parser.TestOzoneHARatisLogParser" time="81.192" tests="1" errors="1" skipped="0" failures="0">
  <properties>
    <property name="awt.toolkit" value="sun.awt.X11.XToolkit"/>
    <property name="file.encoding.pkg" value="sun.io"/>
    <property name="java.specification.version" value="1.8"/>
    <property name="sun.cpu.isalist" value=""/>
    <property name="sun.jnu.encoding" value="UTF-8"/>
    <property name="java.class.path" value="/home/runner/work/ozone/ozone/hadoop-ozone/integration-test/target/test-classes:/home/runner/work/ozone/ozone/hadoop-ozone/integration-test/target/classes:/home/runner/.m2/repository/org/apache/ozone/ozone-common/1.3.0-SNAPSHOT/ozone-common-1.3.0-SNAPSHOT.jar:/home/runner/.m2/repository/io/grpc/grpc-netty/1.48.1/grpc-netty-1.48.1.jar:/home/runner/.m2/repository/io/grpc/grpc-core/1.48.1/grpc-core-1.48.1.jar:/home/runner/.m2/repository/com/google/android/annotations/4.1.1.4/annotations-4.1.1.4.jar:/home/runner/.m2/repository/org/codehaus/mojo/animal-sniffer-annotations/1.21/animal-sniffer-annotations-1.21.jar:/home/runner/.m2/repository/com/google/errorprone/error_prone_annotations/2.2.0/error_prone_annotations-2.2.0.jar:/home/runner/.m2/repository/io/perfmark/perfmark-api/0.25.0/perfmark-api-0.25.0.jar:/home/runner/.m2/repository/io/netty/netty-codec-http2/4.1.79.Final/netty-codec-http2-4.1.79.Final.jar:/home/runner/.m2/repository/io/netty/netty-common/4.1.79.Final/netty-common-4.1.79.Final.jar:/home/runner/.m2/repository/io/netty/netty-buffer/4.1.79.Final/netty-buffer-4.1.79.Final.jar:/home/runner/.m2/repository/io/netty/netty-codec-http/4.1.79.Final/netty-codec-http-4.1.79.Final.jar:/home/runner/.m2/repository/io/netty/netty-handler-proxy/4.1.79.Final/netty-handler-proxy-4.1.79.Final.jar:/home/runner/.m2/repository/io/netty/netty-codec-socks/4.1.79.Final/netty-codec-socks-4.1.79.Final.jar:/home/runner/.m2/repository/io/netty/netty-tcnative-boringssl-static/2.0.53.Final/netty-tcnative-boringssl-static-2.0.53.Final.jar:/home/runner/.m2/repository/io/netty/netty-tcnative-classes/2.0.53.Final/netty-tcnative-classes-2.0.53.Final.jar:/home/runner/.m2/repository/io/netty/netty-tcnative-boringssl-static/2.0.53.Final/netty-tcnative-boringssl-static-2.0.53.Final-linux-x86_64.jar:/home/runner/.m2/repository/io/netty/netty-tcnative-boringssl-static/2.0.53.Final/netty-tcnative-boringssl-static-2.0.53.Final-linux-aarch_64.jar:/home/runner/.m2/repository/io/netty/netty-tcnative-boringssl-static/2.0.53.Final/netty-tcnative-boringssl-static-2.0.53.Final-osx-x86_64.jar:/home/runner/.m2/repository/io/netty/netty-tcnative-boringssl-static/2.0.53.Final/netty-tcnative-boringssl-static-2.0.53.Final-osx-aarch_64.jar:/home/runner/.m2/repository/io/netty/netty-tcnative-boringssl-static/2.0.53.Final/netty-tcnative-boringssl-static-2.0.53.Final-windows-x86_64.jar:/home/runner/.m2/repository/org/apache/commons/commons-compress/1.21/commons-compress-1.21.jar:/home/runner/.m2/repository/org/apache/ozone/hdds-common/1.3.0-SNAPSHOT/hdds-common-1.3.0-SNAPSHOT.jar:/home/runner/.m2/repository/org/apache/ozone/hdds-client/1.3.0-SNAPSHOT/hdds-client-1.3.0-SNAPSHOT.jar:/home/runner/.m2/repository/org/apache/ozone/ozone-interface-client/1.3.0-SNAPSHOT/ozone-interface-client-1.3.0-SNAPSHOT.jar:/home/runner/.m2/repository/org/apache/ozone/hdds-test-utils/1.3.0-SNAPSHOT/hdds-test-utils-1.3.0-SNAPSHOT.jar:/home/runner/.m2/repository/com/google/guava/guava/31.1-jre/guava-31.1-jre.jar:/home/runner/.m2/repository/com/google/guava/failureaccess/1.0.1/failureaccess-1.0.1.jar:/home/runner/.m2/repository/com/google/guava/listenablefuture/9999.0-empty-to-avoid-conflict-with-guava/listenablefuture-9999.0-empty-to-avoid-conflict-with-guava.jar:/home/runner/.m2/repository/com/google/code/findbugs/jsr305/3.0.0/jsr305-3.0.0.jar:/home/runner/.m2/repository/org/checkerframework/checker-qual/3.12.0/checker-qual-3.12.0.jar:/home/runner/.m2/repository/com/google/j2objc/j2objc-annotations/1.3/j2objc-annotations-1.3.jar:/home/runner/.m2/repository/commons-io/commons-io/2.11.0/commons-io-2.11.0.jar:/home/runner/.m2/repository/commons-logging/commons-logging/1.2/commons-logging-1.2.jar:/home/runner/.m2/repository/ch/qos/reload4j/reload4j/1.2.22/reload4j-1.2.22.jar:/home/runner/.m2/repository/org/slf4j/slf4j-api/1.7.36/slf4j-api-1.7.36.jar:/home/runner/.m2/repository/org/apache/ozone/hdds-server-scm/1.3.0-SNAPSHOT/hdds-server-scm-1.3.0-SNAPSHOT.jar:/home/runner/.m2/repository/org/apache/ozone/hdds-container-service/1.3.0-SNAPSHOT/hdds-container-service-1.3.0-SNAPSHOT.jar:/home/runner/.m2/repository/org/apache/ozone/hdds-hadoop-dependency-server/1.3.0-SNAPSHOT/hdds-hadoop-dependency-server-1.3.0-SNAPSHOT.jar:/home/runner/.m2/repository/org/apache/hadoop/hadoop-hdfs/3.3.1/hadoop-hdfs-3.3.1.jar:/home/runner/.m2/repository/org/eclipse/jetty/jetty-util-ajax/9.4.43.v20210629/jetty-util-ajax-9.4.43.v20210629.jar:/home/runner/.m2/repository/commons-daemon/commons-daemon/1.0.13/commons-daemon-1.0.13.jar:/home/runner/.m2/repository/org/apache/ozone/hdds-server-framework/1.3.0-SNAPSHOT/hdds-server-framework-1.3.0-SNAPSHOT.jar:/home/runner/.m2/repository/org/apache/ozone/hdds-interface-server/1.3.0-SNAPSHOT/hdds-interface-server-1.3.0-SNAPSHOT.jar:/home/runner/.m2/repository/org/apache/logging/log4j/log4j-core/2.17.1/log4j-core-2.17.1.jar:/home/runner/.m2/repository/com/lmax/disruptor/3.4.2/disruptor-3.4.2.jar:/home/runner/.m2/repository/org/eclipse/jetty/jetty-servlet/9.4.43.v20210629/jetty-servlet-9.4.43.v20210629.jar:/home/runner/.m2/repository/org/eclipse/jetty/jetty-security/9.4.43.v20210629/jetty-security-9.4.43.v20210629.jar:/home/runner/.m2/repository/org/rocksdb/rocksdbjni/7.4.5/rocksdbjni-7.4.5.jar:/home/runner/.m2/repository/io/prometheus/simpleclient_dropwizard/0.7.0/simpleclient_dropwizard-0.7.0.jar:/home/runner/.m2/repository/io/prometheus/simpleclient/0.7.0/simpleclient-0.7.0.jar:/home/runner/.m2/repository/io/prometheus/simpleclient_common/0.7.0/simpleclient_common-0.7.0.jar:/home/runner/.m2/repository/io/dropwizard/metrics/metrics-core/3.2.4/metrics-core-3.2.4.jar:/home/runner/.m2/repository/org/apache/hadoop/hadoop-hdfs-client/3.3.1/hadoop-hdfs-client-3.3.1.jar:/home/runner/.m2/repository/org/bouncycastle/bcprov-jdk15on/1.67/bcprov-jdk15on-1.67.jar:/home/runner/.m2/repository/com/google/protobuf/protobuf-java/2.5.0/protobuf-java-2.5.0.jar:/home/runner/.m2/repository/org/apache/ozone/ozone-manager/1.3.0-SNAPSHOT/ozone-manager-1.3.0-SNAPSHOT.jar:/home/runner/.m2/repository/org/aspectj/aspectjrt/1.9.7/aspectjrt-1.9.7.jar:/home/runner/.m2/repository/org/aspectj/aspectjweaver/1.9.7/aspectjweaver-1.9.7.jar:/home/runner/.m2/repository/org/apache/ozone/hdds-interface-client/1.3.0-SNAPSHOT/hdds-interface-client-1.3.0-SNAPSHOT.jar:/home/runner/.m2/repository/org/apache/hadoop/thirdparty/hadoop-shaded-protobuf_3_7/1.1.1/hadoop-shaded-protobuf_3_7-1.1.1.jar:/home/runner/.m2/repository/org/apache/ozone/ozone-interface-storage/1.3.0-SNAPSHOT/ozone-interface-storage-1.3.0-SNAPSHOT.jar:/home/runner/.m2/repository/org/reflections/reflections/0.9.11/reflections-0.9.11.jar:/home/runner/.m2/repository/com/sun/jersey/jersey-client/1.19/jersey-client-1.19.jar:/home/runner/.m2/repository/org/apache/ranger/ranger-intg/2.3.0/ranger-intg-2.3.0.jar:/home/runner/.m2/repository/org/apache/ranger/ranger-plugins-common/2.3.0/ranger-plugins-common-2.3.0.jar:/home/runner/.m2/repository/commons-lang/commons-lang/2.6/commons-lang-2.6.jar:/home/runner/.m2/repository/org/codehaus/jackson/jackson-jaxrs/1.9.13/jackson-jaxrs-1.9.13.jar:/home/runner/.m2/repository/org/apache/ranger/ranger-plugins-cred/2.3.0/ranger-plugins-cred-2.3.0.jar:/home/runner/.m2/repository/org/apache/ranger/ranger-plugins-audit/2.3.0/ranger-plugins-audit-2.3.0.jar:/home/runner/.m2/repository/org/eclipse/jetty/jetty-client/9.4.31.v20200723/jetty-client-9.4.31.v20200723.jar:/home/runner/.m2/repository/org/apache/httpcomponents/httpmime/4.5.6/httpmime-4.5.6.jar:/home/runner/.m2/repository/org/apache/httpcomponents/httpcore-nio/4.4.6/httpcore-nio-4.4.6.jar:/home/runner/.m2/repository/org/apache/httpcomponents/httpasyncclient/4.1.3/httpasyncclient-4.1.3.jar:/home/runner/.m2/repository/com/carrotsearch/hppc/0.8.0/hppc-0.8.0.jar:/home/runner/.m2/repository/org/apache/orc/orc-core/1.5.8/orc-core-1.5.8.jar:/home/runner/.m2/repository/net/java/dev/jna/jna/5.2.0/jna-5.2.0.jar:/home/runner/.m2/repository/net/java/dev/jna/jna-platform/5.2.0/jna-platform-5.2.0.jar:/home/runner/.m2/repository/com/kstruct/gethostname4j/0.0.2/gethostname4j-0.0.2.jar:/home/runner/.m2/repository/org/apache/ranger/ranger-plugin-classloader/2.3.0/ranger-plugin-classloader-2.3.0.jar:/home/runner/.m2/repository/org/apache/hadoop/hadoop-minikdc/3.3.1/hadoop-minikdc-3.3.1.jar:/home/runner/.m2/repository/org/apache/kerby/kerb-simplekdc/1.0.1/kerb-simplekdc-1.0.1.jar:/home/runner/.m2/repository/org/apache/kerby/kerb-client/1.0.1/kerb-client-1.0.1.jar:/home/runner/.m2/repository/org/apache/kerby/kerby-config/1.0.1/kerby-config-1.0.1.jar:/home/runner/.m2/repository/org/apache/kerby/kerb-common/1.0.1/kerb-common-1.0.1.jar:/home/runner/.m2/repository/org/apache/kerby/kerb-crypto/1.0.1/kerb-crypto-1.0.1.jar:/home/runner/.m2/repository/org/apache/kerby/kerb-util/1.0.1/kerb-util-1.0.1.jar:/home/runner/.m2/repository/org/apache/kerby/token-provider/1.0.1/token-provider-1.0.1.jar:/home/runner/.m2/repository/org/apache/kerby/kerb-admin/1.0.1/kerb-admin-1.0.1.jar:/home/runner/.m2/repository/org/apache/kerby/kerb-server/1.0.1/kerb-server-1.0.1.jar:/home/runner/.m2/repository/org/apache/kerby/kerb-identity/1.0.1/kerb-identity-1.0.1.jar:/home/runner/.m2/repository/org/apache/kerby/kerby-xdr/1.0.1/kerby-xdr-1.0.1.jar:/home/runner/.m2/repository/org/apache/ozone/ozone-s3gateway/1.3.0-SNAPSHOT/ozone-s3gateway-1.3.0-SNAPSHOT.jar:/home/runner/.m2/repository/org/javassist/javassist/3.21.0-GA/javassist-3.21.0-GA.jar:/home/runner/.m2/repository/org/jboss/weld/servlet/weld-servlet/2.4.7.Final/weld-servlet-2.4.7.Final.jar:/home/runner/.m2/repository/org/glassfish/jersey/containers/jersey-container-servlet-core/2.34/jersey-container-servlet-core-2.34.jar:/home/runner/.m2/repository/org/glassfish/hk2/external/jakarta.inject/2.6.1/jakarta.inject-2.6.1.jar:/home/runner/.m2/repository/org/glassfish/jersey/core/jersey-common/2.34/jersey-common-2.34.jar:/home/runner/.m2/repository/jakarta/ws/rs/jakarta.ws.rs-api/2.1.6/jakarta.ws.rs-api-2.1.6.jar:/home/runner/.m2/repository/org/glassfish/jersey/ext/cdi/jersey-cdi1x/2.34/jersey-cdi1x-2.34.jar:/home/runner/.m2/repository/org/glassfish/jersey/inject/jersey-hk2/2.34/jersey-hk2-2.34.jar:/home/runner/.m2/repository/org/glassfish/hk2/hk2-locator/2.6.1/hk2-locator-2.6.1.jar:/home/runner/.m2/repository/org/glassfish/jersey/media/jersey-media-jaxb/2.34/jersey-media-jaxb-2.34.jar:/home/runner/.m2/repository/org/glassfish/hk2/osgi-resource-locator/1.0.3/osgi-resource-locator-1.0.3.jar:/home/runner/.m2/repository/org/glassfish/hk2/hk2-api/2.5.0/hk2-api-2.5.0.jar:/home/runner/.m2/repository/org/glassfish/hk2/hk2-utils/2.5.0/hk2-utils-2.5.0.jar:/home/runner/.m2/repository/org/glassfish/hk2/external/aopalliance-repackaged/2.5.0/aopalliance-repackaged-2.5.0.jar:/home/runner/.m2/repository/com/fasterxml/jackson/dataformat/jackson-dataformat-xml/2.13.4/jackson-dataformat-xml-2.13.4.jar:/home/runner/.m2/repository/com/fasterxml/jackson/core/jackson-core/2.13.4/jackson-core-2.13.4.jar:/home/runner/.m2/repository/org/codehaus/woodstox/stax2-api/3.1.4/stax2-api-3.1.4.jar:/home/runner/.m2/repository/com/fasterxml/woodstox/woodstox-core/5.0.3/woodstox-core-5.0.3.jar:/home/runner/.m2/repository/com/fasterxml/jackson/module/jackson-module-jaxb-annotations/2.13.4/jackson-module-jaxb-annotations-2.13.4.jar:/home/runner/.m2/repository/jakarta/xml/bind/jakarta.xml.bind-api/2.3.3/jakarta.xml.bind-api-2.3.3.jar:/home/runner/.m2/repository/jakarta/activation/jakarta.activation-api/1.2.1/jakarta.activation-api-1.2.1.jar:/home/runner/.m2/repository/javax/enterprise/cdi-api/1.2/cdi-api-1.2.jar:/home/runner/.m2/repository/javax/el/javax.el-api/3.0.0/javax.el-api-3.0.0.jar:/home/runner/.m2/repository/javax/interceptor/javax.interceptor-api/1.2/javax.interceptor-api-1.2.jar:/home/runner/.m2/repository/javax/inject/javax.inject/1/javax.inject-1.jar:/home/runner/.m2/repository/javax/xml/bind/jaxb-api/2.3.0/jaxb-api-2.3.0.jar:/home/runner/.m2/repository/org/glassfish/jaxb/jaxb-runtime/2.3.0.1/jaxb-runtime-2.3.0.1.jar:/home/runner/.m2/repository/org/glassfish/jaxb/jaxb-core/2.3.0.1/jaxb-core-2.3.0.1.jar:/home/runner/.m2/repository/org/glassfish/jaxb/txw2/2.3.0.1/txw2-2.3.0.1.jar:/home/runner/.m2/repository/com/sun/istack/istack-commons-runtime/3.0.5/istack-commons-runtime-3.0.5.jar:/home/runner/.m2/repository/org/jvnet/staxex/stax-ex/1.7.8/stax-ex-1.7.8.jar:/home/runner/.m2/repository/com/sun/xml/fastinfoset/FastInfoset/1.2.13/FastInfoset-1.2.13.jar:/home/runner/.m2/repository/javax/activation/activation/1.1.1/activation-1.1.1.jar:/home/runner/.m2/repository/io/grpc/grpc-protobuf/1.48.1/grpc-protobuf-1.48.1.jar:/home/runner/.m2/repository/io/grpc/grpc-api/1.48.1/grpc-api-1.48.1.jar:/home/runner/.m2/repository/io/grpc/grpc-context/1.48.1/grpc-context-1.48.1.jar:/home/runner/.m2/repository/com/google/api/grpc/proto-google-common-protos/2.9.0/proto-google-common-protos-2.9.0.jar:/home/runner/.m2/repository/io/grpc/grpc-protobuf-lite/1.48.1/grpc-protobuf-lite-1.48.1.jar:/home/runner/.m2/repository/io/grpc/grpc-stub/1.48.1/grpc-stub-1.48.1.jar:/home/runner/.m2/repository/io/netty/netty-transport/4.1.79.Final/netty-transport-4.1.79.Final.jar:/home/runner/.m2/repository/io/netty/netty-resolver/4.1.79.Final/netty-resolver-4.1.79.Final.jar:/home/runner/.m2/repository/org/apache/ozone/ozone-csi/1.3.0-SNAPSHOT/ozone-csi-1.3.0-SNAPSHOT.jar:/home/runner/.m2/repository/com/google/protobuf/protobuf-java-util/3.19.2/protobuf-java-util-3.19.2.jar:/home/runner/.m2/repository/com/google/code/gson/gson/2.9.0/gson-2.9.0.jar:/home/runner/.m2/repository/org/apache/ozone/hdds-config/1.3.0-SNAPSHOT/hdds-config-1.3.0-SNAPSHOT.jar:/home/runner/.m2/repository/io/netty/netty-transport-native-epoll/4.1.79.Final/netty-transport-native-epoll-4.1.79.Final-linux-x86_64.jar:/home/runner/.m2/repository/io/netty/netty-transport-classes-epoll/4.1.79.Final/netty-transport-classes-epoll-4.1.79.Final.jar:/home/runner/.m2/repository/io/netty/netty-transport-native-unix-common/4.1.79.Final/netty-transport-native-unix-common-4.1.79.Final.jar:/home/runner/.m2/repository/org/slf4j/slf4j-reload4j/1.7.36/slf4j-reload4j-1.7.36.jar:/home/runner/.m2/repository/org/apache/ozone/ozone-recon/1.3.0-SNAPSHOT/ozone-recon-1.3.0-SNAPSHOT.jar:/home/runner/.m2/repository/org/apache/ozone/ozone-reconcodegen/1.3.0-SNAPSHOT/ozone-reconcodegen-1.3.0-SNAPSHOT.jar:/home/runner/.m2/repository/com/google/inject/extensions/guice-multibindings/4.0/guice-multibindings-4.0.jar:/home/runner/.m2/repository/com/google/inject/guice/4.0/guice-4.0.jar:/home/runner/.m2/repository/aopalliance/aopalliance/1.0/aopalliance-1.0.jar:/home/runner/.m2/repository/com/google/inject/extensions/guice-assistedinject/4.0/guice-assistedinject-4.0.jar:/home/runner/.m2/repository/com/google/inject/extensions/guice-servlet/4.0/guice-servlet-4.0.jar:/home/runner/.m2/repository/org/glassfish/jersey/containers/jersey-container-servlet/2.34/jersey-container-servlet-2.34.jar:/home/runner/.m2/repository/org/glassfish/hk2/guice-bridge/2.5.0/guice-bridge-2.5.0.jar:/home/runner/.m2/repository/org/glassfish/jersey/core/jersey-server/2.34/jersey-server-2.34.jar:/home/runner/.m2/repository/org/glassfish/jersey/core/jersey-client/2.34/jersey-client-2.34.jar:/home/runner/.m2/repository/jakarta/annotation/jakarta.annotation-api/1.3.5/jakarta.annotation-api-1.3.5.jar:/home/runner/.m2/repository/jakarta/validation/jakarta.validation-api/2.0.2/jakarta.validation-api-2.0.2.jar:/home/runner/.m2/repository/org/glassfish/jersey/media/jersey-media-json-jackson/2.34/jersey-media-json-jackson-2.34.jar:/home/runner/.m2/repository/org/glassfish/jersey/ext/jersey-entity-filtering/2.34/jersey-entity-filtering-2.34.jar:/home/runner/.m2/repository/org/jooq/jooq/3.11.10/jooq-3.11.10.jar:/home/runner/.m2/repository/org/jooq/jooq-meta/3.11.10/jooq-meta-3.11.10.jar:/home/runner/.m2/repository/org/jooq/jooq-codegen/3.11.10/jooq-codegen-3.11.10.jar:/home/runner/.m2/repository/com/jolbox/bonecp/0.8.0.RELEASE/bonecp-0.8.0.RELEASE.jar:/home/runner/.m2/repository/org/apache/derby/derby/10.14.2.0/derby-10.14.2.0.jar:/home/runner/.m2/repository/org/xerial/sqlite-jdbc/3.25.2/sqlite-jdbc-3.25.2.jar:/home/runner/.m2/repository/org/springframework/spring-jdbc/5.2.20.RELEASE/spring-jdbc-5.2.20.RELEASE.jar:/home/runner/.m2/repository/org/springframework/spring-beans/5.2.20.RELEASE/spring-beans-5.2.20.RELEASE.jar:/home/runner/.m2/repository/org/springframework/spring-core/5.2.20.RELEASE/spring-core-5.2.20.RELEASE.jar:/home/runner/.m2/repository/org/springframework/spring-jcl/5.2.20.RELEASE/spring-jcl-5.2.20.RELEASE.jar:/home/runner/.m2/repository/org/springframework/spring-tx/5.2.20.RELEASE/spring-tx-5.2.20.RELEASE.jar:/home/runner/.m2/repository/org/apache/ozone/ozone-client/1.3.0-SNAPSHOT/ozone-client-1.3.0-SNAPSHOT.jar:/home/runner/.m2/repository/org/apache/ozone/hdds-erasurecode/1.3.0-SNAPSHOT/hdds-erasurecode-1.3.0-SNAPSHOT.jar:/home/runner/.m2/repository/com/github/spotbugs/spotbugs-annotations/3.1.12/spotbugs-annotations-3.1.12.jar:/home/runner/.m2/repository/org/apache/ozone/ozone-filesystem/1.3.0-SNAPSHOT/ozone-filesystem-1.3.0-SNAPSHOT.jar:/home/runner/.m2/repository/org/apache/ozone/ozone-filesystem-common/1.3.0-SNAPSHOT/ozone-filesystem-common-1.3.0-SNAPSHOT.jar:/home/runner/.m2/repository/org/apache/ozone/ozone-tools/1.3.0-SNAPSHOT/ozone-tools-1.3.0-SNAPSHOT.jar:/home/runner/.m2/repository/org/apache/ratis/ratis-tools/2.3.0/ratis-tools-2.3.0.jar:/home/runner/.m2/repository/com/amazonaws/aws-java-sdk-core/1.12.261/aws-java-sdk-core-1.12.261.jar:/home/runner/.m2/repository/org/apache/httpcomponents/httpclient/4.5.13/httpclient-4.5.13.jar:/home/runner/.m2/repository/org/apache/httpcomponents/httpcore/4.4.13/httpcore-4.4.13.jar:/home/runner/.m2/repository/software/amazon/ion/ion-java/1.0.2/ion-java-1.0.2.jar:/home/runner/.m2/repository/com/fasterxml/jackson/dataformat/jackson-dataformat-cbor/2.13.4/jackson-dataformat-cbor-2.13.4.jar:/home/runner/.m2/repository/joda-time/joda-time/2.8.1/joda-time-2.8.1.jar:/home/runner/.m2/repository/com/amazonaws/aws-java-sdk-s3/1.12.261/aws-java-sdk-s3-1.12.261.jar:/home/runner/.m2/repository/com/amazonaws/aws-java-sdk-kms/1.12.261/aws-java-sdk-kms-1.12.261.jar:/home/runner/.m2/repository/com/amazonaws/jmespath-java/1.12.261/jmespath-java-1.12.261.jar:/home/runner/.m2/repository/org/kohsuke/metainf-services/metainf-services/1.8/metainf-services-1.8.jar:/home/runner/.m2/repository/org/apache/ozone/hdds-tools/1.3.0-SNAPSHOT/hdds-tools-1.3.0-SNAPSHOT.jar:/home/runner/.m2/repository/commons-cli/commons-cli/1.2/commons-cli-1.2.jar:/home/runner/.m2/repository/org/apache/commons/commons-lang3/3.7/commons-lang3-3.7.jar:/home/runner/.m2/repository/org/apache/ozone/ozone-manager/1.3.0-SNAPSHOT/ozone-manager-1.3.0-SNAPSHOT-tests.jar:/home/runner/.m2/repository/org/apache/ozone/hdds-common/1.3.0-SNAPSHOT/hdds-common-1.3.0-SNAPSHOT-tests.jar:/home/runner/.m2/repository/org/apache/ozone/hdds-hadoop-dependency-client/1.3.0-SNAPSHOT/hdds-hadoop-dependency-client-1.3.0-SNAPSHOT.jar:/home/runner/.m2/repository/info/picocli/picocli/4.6.1/picocli-4.6.1.jar:/home/runner/.m2/repository/com/fasterxml/jackson/core/jackson-annotations/2.13.4/jackson-annotations-2.13.4.jar:/home/runner/.m2/repository/com/fasterxml/jackson/datatype/jackson-datatype-jsr310/2.13.4/jackson-datatype-jsr310-2.13.4.jar:/home/runner/.m2/repository/org/apache/ozone/hdds-annotation-processing/1.3.0-SNAPSHOT/hdds-annotation-processing-1.3.0-SNAPSHOT.jar:/home/runner/.m2/repository/javax/annotation/javax.annotation-api/1.2/javax.annotation-api-1.2.jar:/home/runner/.m2/repository/org/apache/ratis/ratis-server/2.3.0/ratis-server-2.3.0.jar:/home/runner/.m2/repository/org/apache/ratis/ratis-client/2.3.0/ratis-client-2.3.0.jar:/home/runner/.m2/repository/org/apache/ratis/ratis-server-api/2.3.0/ratis-server-api-2.3.0.jar:/home/runner/.m2/repository/org/apache/ratis/ratis-metrics/2.3.0/ratis-metrics-2.3.0.jar:/home/runner/.m2/repository/org/apache/ratis/ratis-netty/2.3.0/ratis-netty-2.3.0.jar:/home/runner/.m2/repository/org/apache/ratis/ratis-grpc/2.3.0/ratis-grpc-2.3.0.jar:/home/runner/.m2/repository/org/apache/logging/log4j/log4j-api/2.17.1/log4j-api-2.17.1.jar:/home/runner/.m2/repository/org/apache/commons/commons-pool2/2.6.0/commons-pool2-2.6.0.jar:/home/runner/.m2/repository/org/bouncycastle/bcpkix-jdk15on/1.67/bcpkix-jdk15on-1.67.jar:/home/runner/.m2/repository/commons-validator/commons-validator/1.6/commons-validator-1.6.jar:/home/runner/.m2/repository/commons-beanutils/commons-beanutils/1.9.4/commons-beanutils-1.9.4.jar:/home/runner/.m2/repository/commons-digester/commons-digester/1.8.1/commons-digester-1.8.1.jar:/home/runner/.m2/repository/commons-collections/commons-collections/3.2.2/commons-collections-3.2.2.jar:/home/runner/.m2/repository/io/jaegertracing/jaeger-client/1.6.0/jaeger-client-1.6.0.jar:/home/runner/.m2/repository/io/jaegertracing/jaeger-thrift/1.6.0/jaeger-thrift-1.6.0.jar:/home/runner/.m2/repository/org/apache/thrift/libthrift/0.14.1/libthrift-0.14.1.jar:/home/runner/.m2/repository/com/squareup/okhttp3/okhttp/4.9.0/okhttp-4.9.0.jar:/home/runner/.m2/repository/com/squareup/okio/okio/2.8.0/okio-2.8.0.jar:/home/runner/.m2/repository/io/jaegertracing/jaeger-core/1.6.0/jaeger-core-1.6.0.jar:/home/runner/.m2/repository/io/jaegertracing/jaeger-tracerresolver/1.6.0/jaeger-tracerresolver-1.6.0.jar:/home/runner/.m2/repository/io/opentracing/contrib/opentracing-tracerresolver/0.1.8/opentracing-tracerresolver-0.1.8.jar:/home/runner/.m2/repository/org/jetbrains/kotlin/kotlin-stdlib/1.6.21/kotlin-stdlib-1.6.21.jar:/home/runner/.m2/repository/org/jetbrains/kotlin/kotlin-stdlib-common/1.6.21/kotlin-stdlib-common-1.6.21.jar:/home/runner/.m2/repository/org/jetbrains/annotations/13.0/annotations-13.0.jar:/home/runner/.m2/repository/io/opentracing/opentracing-util/0.33.0/opentracing-util-0.33.0.jar:/home/runner/.m2/repository/io/opentracing/opentracing-api/0.33.0/opentracing-api-0.33.0.jar:/home/runner/.m2/repository/io/opentracing/opentracing-noop/0.33.0/opentracing-noop-0.33.0.jar:/home/runner/.m2/repository/org/yaml/snakeyaml/1.32/snakeyaml-1.32.jar:/home/runner/.m2/repository/org/apache/ozone/hdds-interface-admin/1.3.0-SNAPSHOT/hdds-interface-admin-1.3.0-SNAPSHOT.jar:/home/runner/.m2/repository/junit/junit/4.13.1/junit-4.13.1.jar:/home/runner/.m2/repository/org/hamcrest/hamcrest-core/1.3/hamcrest-core-1.3.jar:/home/runner/.m2/repository/org/junit/jupiter/junit-jupiter-api/5.8.2/junit-jupiter-api-5.8.2.jar:/home/runner/.m2/repository/org/opentest4j/opentest4j/1.2.0/opentest4j-1.2.0.jar:/home/runner/.m2/repository/org/junit/platform/junit-platform-commons/1.8.2/junit-platform-commons-1.8.2.jar:/home/runner/.m2/repository/org/apiguardian/apiguardian-api/1.1.2/apiguardian-api-1.1.2.jar:/home/runner/.m2/repository/org/junit/jupiter/junit-jupiter-params/5.8.2/junit-jupiter-params-5.8.2.jar:/home/runner/.m2/repository/org/junit/jupiter/junit-jupiter-migrationsupport/5.8.2/junit-jupiter-migrationsupport-5.8.2.jar:/home/runner/.m2/repository/org/junit/jupiter/junit-jupiter-engine/5.8.2/junit-jupiter-engine-5.8.2.jar:/home/runner/.m2/repository/org/junit/platform/junit-platform-engine/1.8.2/junit-platform-engine-1.8.2.jar:/home/runner/.m2/repository/org/junit/vintage/junit-vintage-engine/5.8.2/junit-vintage-engine-5.8.2.jar:/home/runner/.m2/repository/org/junit/platform/junit-platform-launcher/1.8.2/junit-platform-launcher-1.8.2.jar:/home/runner/.m2/repository/org/mockito/mockito-core/2.28.2/mockito-core-2.28.2.jar:/home/runner/.m2/repository/net/bytebuddy/byte-buddy/1.9.10/byte-buddy-1.9.10.jar:/home/runner/.m2/repository/net/bytebuddy/byte-buddy-agent/1.9.10/byte-buddy-agent-1.9.10.jar:/home/runner/.m2/repository/org/objenesis/objenesis/1.0/objenesis-1.0.jar:/home/runner/.m2/repository/org/apache/hadoop/hadoop-kms/3.3.1/hadoop-kms-3.3.1.jar:/home/runner/.m2/repository/org/apache/hadoop/hadoop-auth/3.3.1/hadoop-auth-3.3.1.jar:/home/runner/.m2/repository/com/nimbusds/nimbus-jose-jwt/7.9/nimbus-jose-jwt-7.9.jar:/home/runner/.m2/repository/com/github/stephenc/jcip/jcip-annotations/1.0-1/jcip-annotations-1.0-1.jar:/home/runner/.m2/repository/net/minidev/json-smart/2.4.7/json-smart-2.4.7.jar:/home/runner/.m2/repository/net/minidev/accessors-smart/2.4.7/accessors-smart-2.4.7.jar:/home/runner/.m2/repository/org/ow2/asm/asm/5.0.4/asm-5.0.4.jar:/home/runner/.m2/repository/org/apache/zookeeper/zookeeper/3.5.6/zookeeper-3.5.6.jar:/home/runner/.m2/repository/org/apache/zookeeper/zookeeper-jute/3.5.6/zookeeper-jute-3.5.6.jar:/home/runner/.m2/repository/org/apache/yetus/audience-annotations/0.5.0/audience-annotations-0.5.0.jar:/home/runner/.m2/repository/org/apache/curator/curator-framework/4.2.0/curator-framework-4.2.0.jar:/home/runner/.m2/repository/org/apache/hadoop/thirdparty/hadoop-shaded-guava/1.1.1/hadoop-shaded-guava-1.1.1.jar:/home/runner/.m2/repository/com/sun/jersey/jersey-core/1.19/jersey-core-1.19.jar:/home/runner/.m2/repository/javax/ws/rs/jsr311-api/1.1.1/jsr311-api-1.1.1.jar:/home/runner/.m2/repository/com/sun/jersey/jersey-server/1.19/jersey-server-1.19.jar:/home/runner/.m2/repository/javax/servlet/javax.servlet-api/3.1.0/javax.servlet-api-3.1.0.jar:/home/runner/.m2/repository/org/eclipse/jetty/jetty-server/9.4.43.v20210629/jetty-server-9.4.43.v20210629.jar:/home/runner/.m2/repository/org/eclipse/jetty/jetty-http/9.4.43.v20210629/jetty-http-9.4.43.v20210629.jar:/home/runner/.m2/repository/org/eclipse/jetty/jetty-io/9.4.43.v20210629/jetty-io-9.4.43.v20210629.jar:/home/runner/.m2/repository/org/eclipse/jetty/jetty-webapp/9.4.43.v20210629/jetty-webapp-9.4.43.v20210629.jar:/home/runner/.m2/repository/org/eclipse/jetty/jetty-xml/9.4.43.v20210629/jetty-xml-9.4.43.v20210629.jar:/home/runner/.m2/repository/org/apache/hadoop/hadoop-common/3.3.1/hadoop-common-3.3.1.jar:/home/runner/.m2/repository/org/apache/commons/commons-math3/3.1.1/commons-math3-3.1.1.jar:/home/runner/.m2/repository/commons-net/commons-net/3.6/commons-net-3.6.jar:/home/runner/.m2/repository/com/sun/jersey/jersey-servlet/1.19/jersey-servlet-1.19.jar:/home/runner/.m2/repository/com/sun/jersey/jersey-json/1.19/jersey-json-1.19.jar:/home/runner/.m2/repository/org/codehaus/jettison/jettison/1.1/jettison-1.1.jar:/home/runner/.m2/repository/com/sun/xml/bind/jaxb-impl/2.2.3-1/jaxb-impl-2.2.3-1.jar:/home/runner/.m2/repository/org/codehaus/jackson/jackson-xc/1.9.2/jackson-xc-1.9.2.jar:/home/runner/.m2/repository/org/apache/commons/commons-configuration2/2.1.1/commons-configuration2-2.1.1.jar:/home/runner/.m2/repository/org/apache/commons/commons-text/1.4/commons-text-1.4.jar:/home/runner/.m2/repository/com/google/re2j/re2j/1.1/re2j-1.1.jar:/home/runner/.m2/repository/com/jcraft/jsch/0.1.54/jsch-0.1.54.jar:/home/runner/.m2/repository/org/apache/curator/curator-client/4.2.0/curator-client-4.2.0.jar:/home/runner/.m2/repository/org/apache/curator/curator-recipes/4.2.0/curator-recipes-4.2.0.jar:/home/runner/.m2/repository/org/apache/htrace/htrace-core4/4.1.0-incubating/htrace-core4-4.1.0-incubating.jar:/home/runner/.m2/repository/org/apache/kerby/kerb-core/1.0.1/kerb-core-1.0.1.jar:/home/runner/.m2/repository/org/apache/kerby/kerby-pkix/1.0.1/kerby-pkix-1.0.1.jar:/home/runner/.m2/repository/org/apache/kerby/kerby-asn1/1.0.1/kerby-asn1-1.0.1.jar:/home/runner/.m2/repository/org/apache/kerby/kerby-util/1.0.1/kerby-util-1.0.1.jar:/home/runner/.m2/repository/dnsjava/dnsjava/2.1.7/dnsjava-2.1.7.jar:/home/runner/.m2/repository/org/xerial/snappy/snappy-java/1.1.8.2/snappy-java-1.1.8.2.jar:/home/runner/.m2/repository/org/eclipse/jetty/jetty-util/9.4.43.v20210629/jetty-util-9.4.43.v20210629.jar:/home/runner/.m2/repository/com/fasterxml/jackson/core/jackson-databind/2.13.4/jackson-databind-2.13.4.jar:/home/runner/.m2/repository/org/apache/hadoop/hadoop-kms/3.3.1/hadoop-kms-3.3.1-tests.jar:/home/runner/.m2/repository/org/apache/ozone/hdds-server-scm/1.3.0-SNAPSHOT/hdds-server-scm-1.3.0-SNAPSHOT-tests.jar:/home/runner/.m2/repository/org/apache/ozone/hdds-container-service/1.3.0-SNAPSHOT/hdds-container-service-1.3.0-SNAPSHOT-tests.jar:/home/runner/.m2/repository/commons-codec/commons-codec/1.11/commons-codec-1.11.jar:/home/runner/.m2/repository/io/netty/netty-codec/4.1.79.Final/netty-codec-4.1.79.Final.jar:/home/runner/.m2/repository/io/netty/netty-handler/4.1.79.Final/netty-handler-4.1.79.Final.jar:/home/runner/.m2/repository/org/apache/ozone/hdds-hadoop-dependency-test/1.3.0-SNAPSHOT/hdds-hadoop-dependency-test-1.3.0-SNAPSHOT.jar:/home/runner/.m2/repository/org/apache/hadoop/hadoop-common/3.3.1/hadoop-common-3.3.1-tests.jar:/home/runner/.m2/repository/org/apache/hadoop/hadoop-hdfs/3.3.1/hadoop-hdfs-3.3.1-tests.jar:/home/runner/.m2/repository/org/assertj/assertj-core/3.12.2/assertj-core-3.12.2.jar:/home/runner/.m2/repository/org/apache/hadoop/hadoop-distcp/3.3.1/hadoop-distcp-3.3.1.jar:/home/runner/.m2/repository/org/apache/hadoop/hadoop-mapreduce-client-jobclient/3.3.1/hadoop-mapreduce-client-jobclient-3.3.1.jar:/home/runner/.m2/repository/org/apache/hadoop/hadoop-mapreduce-client-common/3.3.1/hadoop-mapreduce-client-common-3.3.1.jar:/home/runner/.m2/repository/org/apache/hadoop/hadoop-yarn-common/3.3.1/hadoop-yarn-common-3.3.1.jar:/home/runner/.m2/repository/org/apache/hadoop/hadoop-yarn-api/3.3.1/hadoop-yarn-api-3.3.1.jar:/home/runner/.m2/repository/com/sun/jersey/contribs/jersey-guice/1.19/jersey-guice-1.19.jar:/home/runner/.m2/repository/com/fasterxml/jackson/jaxrs/jackson-jaxrs-json-provider/2.13.4/jackson-jaxrs-json-provider-2.13.4.jar:/home/runner/.m2/repository/com/fasterxml/jackson/jaxrs/jackson-jaxrs-base/2.13.4/jackson-jaxrs-base-2.13.4.jar:/home/runner/.m2/repository/org/apache/hadoop/hadoop-yarn-client/3.3.1/hadoop-yarn-client-3.3.1.jar:/home/runner/.m2/repository/org/eclipse/jetty/websocket/websocket-client/9.4.40.v20210413/websocket-client-9.4.40.v20210413.jar:/home/runner/.m2/repository/org/eclipse/jetty/websocket/websocket-common/9.4.40.v20210413/websocket-common-9.4.40.v20210413.jar:/home/runner/.m2/repository/org/eclipse/jetty/websocket/websocket-api/9.4.40.v20210413/websocket-api-9.4.40.v20210413.jar:/home/runner/.m2/repository/org/jline/jline/3.9.0/jline-3.9.0.jar:/home/runner/.m2/repository/org/apache/hadoop/hadoop-mapreduce-client-core/3.3.1/hadoop-mapreduce-client-core-3.3.1.jar:/home/runner/.m2/repository/org/apache/avro/avro/1.7.7/avro-1.7.7.jar:/home/runner/.m2/repository/org/codehaus/jackson/jackson-core-asl/1.9.13/jackson-core-asl-1.9.13.jar:/home/runner/.m2/repository/org/codehaus/jackson/jackson-mapper-asl/1.9.13/jackson-mapper-asl-1.9.13.jar:/home/runner/.m2/repository/com/thoughtworks/paranamer/paranamer/2.3/paranamer-2.3.jar:/home/runner/.m2/repository/org/apache/hadoop/hadoop-annotations/3.3.1/hadoop-annotations-3.3.1.jar:/opt/hostedtoolcache/jdk/8.0.345/x64/jre/../lib/tools.jar:/home/runner/.m2/repository/io/netty/netty/3.10.6.Final/netty-3.10.6.Final.jar:/home/runner/.m2/repository/org/apache/hadoop/hadoop-distcp/3.3.1/hadoop-distcp-3.3.1-tests.jar:/home/runner/.m2/repository/org/slf4j/jul-to-slf4j/1.7.36/jul-to-slf4j-1.7.36.jar:/home/runner/.m2/repository/org/apache/ratis/ratis-common/2.3.0/ratis-common-2.3.0.jar:/home/runner/.m2/repository/org/apache/ratis/ratis-thirdparty-misc/1.0.0/ratis-thirdparty-misc-1.0.0.jar:/home/runner/.m2/repository/org/apache/ratis/ratis-proto/2.3.0/ratis-proto-2.3.0.jar:"/>
    <property name="java.vm.vendor" value="Azul Systems, Inc."/>
    <property name="sun.arch.data.model" value="64"/>
    <property name="test.build.dir" value="/home/runner/work/ozone/ozone/hadoop-ozone/integration-test/target/test-dir"/>
    <property name="test.cache.data" value=""/>
    <property name="java.vendor.url" value="http://www.azul.com/"/>
    <property name="user.timezone" value="Etc/UTC"/>
    <property name="java.vm.specification.version" value="1.8"/>
    <property name="os.name" value="Linux"/>
    <property name="test.build.data" value="/home/runner/work/ozone/ozone/hadoop-ozone/integration-test/target/test-dir"/>
    <property name="sun.java.launcher" value="SUN_STANDARD"/>
    <property name="sun.boot.library.path" value="/opt/hostedtoolcache/jdk/8.0.345/x64/jre/lib/amd64"/>
    <property name="sun.java.command" value="/home/runner/work/ozone/ozone/hadoop-ozone/integration-test/target/surefire/surefirebooter2259634739254329143.jar /home/runner/work/ozone/ozone/hadoop-ozone/integration-test/target/surefire 2022-10-11T17-17-57_392-jvmRun1 surefire2872587967311061500tmp surefire_178196575260843482821tmp"/>
    <property name="surefire.test.class.path" value="/home/runner/work/ozone/ozone/hadoop-ozone/integration-test/target/test-classes:/home/runner/work/ozone/ozone/hadoop-ozone/integration-test/target/classes:/home/runner/.m2/repository/org/apache/ozone/ozone-common/1.3.0-SNAPSHOT/ozone-common-1.3.0-SNAPSHOT.jar:/home/runner/.m2/repository/io/grpc/grpc-netty/1.48.1/grpc-netty-1.48.1.jar:/home/runner/.m2/repository/io/grpc/grpc-core/1.48.1/grpc-core-1.48.1.jar:/home/runner/.m2/repository/com/google/android/annotations/4.1.1.4/annotations-4.1.1.4.jar:/home/runner/.m2/repository/org/codehaus/mojo/animal-sniffer-annotations/1.21/animal-sniffer-annotations-1.21.jar:/home/runner/.m2/repository/com/google/errorprone/error_prone_annotations/2.2.0/error_prone_annotations-2.2.0.jar:/home/runner/.m2/repository/io/perfmark/perfmark-api/0.25.0/perfmark-api-0.25.0.jar:/home/runner/.m2/repository/io/netty/netty-codec-http2/4.1.79.Final/netty-codec-http2-4.1.79.Final.jar:/home/runner/.m2/repository/io/netty/netty-common/4.1.79.Final/netty-common-4.1.79.Final.jar:/home/runner/.m2/repository/io/netty/netty-buffer/4.1.79.Final/netty-buffer-4.1.79.Final.jar:/home/runner/.m2/repository/io/netty/netty-codec-http/4.1.79.Final/netty-codec-http-4.1.79.Final.jar:/home/runner/.m2/repository/io/netty/netty-handler-proxy/4.1.79.Final/netty-handler-proxy-4.1.79.Final.jar:/home/runner/.m2/repository/io/netty/netty-codec-socks/4.1.79.Final/netty-codec-socks-4.1.79.Final.jar:/home/runner/.m2/repository/io/netty/netty-tcnative-boringssl-static/2.0.53.Final/netty-tcnative-boringssl-static-2.0.53.Final.jar:/home/runner/.m2/repository/io/netty/netty-tcnative-classes/2.0.53.Final/netty-tcnative-classes-2.0.53.Final.jar:/home/runner/.m2/repository/io/netty/netty-tcnative-boringssl-static/2.0.53.Final/netty-tcnative-boringssl-static-2.0.53.Final-linux-x86_64.jar:/home/runner/.m2/repository/io/netty/netty-tcnative-boringssl-static/2.0.53.Final/netty-tcnative-boringssl-static-2.0.53.Final-linux-aarch_64.jar:/home/runner/.m2/repository/io/netty/netty-tcnative-boringssl-static/2.0.53.Final/netty-tcnative-boringssl-static-2.0.53.Final-osx-x86_64.jar:/home/runner/.m2/repository/io/netty/netty-tcnative-boringssl-static/2.0.53.Final/netty-tcnative-boringssl-static-2.0.53.Final-osx-aarch_64.jar:/home/runner/.m2/repository/io/netty/netty-tcnative-boringssl-static/2.0.53.Final/netty-tcnative-boringssl-static-2.0.53.Final-windows-x86_64.jar:/home/runner/.m2/repository/org/apache/commons/commons-compress/1.21/commons-compress-1.21.jar:/home/runner/.m2/repository/org/apache/ozone/hdds-common/1.3.0-SNAPSHOT/hdds-common-1.3.0-SNAPSHOT.jar:/home/runner/.m2/repository/org/apache/ozone/hdds-client/1.3.0-SNAPSHOT/hdds-client-1.3.0-SNAPSHOT.jar:/home/runner/.m2/repository/org/apache/ozone/ozone-interface-client/1.3.0-SNAPSHOT/ozone-interface-client-1.3.0-SNAPSHOT.jar:/home/runner/.m2/repository/org/apache/ozone/hdds-test-utils/1.3.0-SNAPSHOT/hdds-test-utils-1.3.0-SNAPSHOT.jar:/home/runner/.m2/repository/com/google/guava/guava/31.1-jre/guava-31.1-jre.jar:/home/runner/.m2/repository/com/google/guava/failureaccess/1.0.1/failureaccess-1.0.1.jar:/home/runner/.m2/repository/com/google/guava/listenablefuture/9999.0-empty-to-avoid-conflict-with-guava/listenablefuture-9999.0-empty-to-avoid-conflict-with-guava.jar:/home/runner/.m2/repository/com/google/code/findbugs/jsr305/3.0.0/jsr305-3.0.0.jar:/home/runner/.m2/repository/org/checkerframework/checker-qual/3.12.0/checker-qual-3.12.0.jar:/home/runner/.m2/repository/com/google/j2objc/j2objc-annotations/1.3/j2objc-annotations-1.3.jar:/home/runner/.m2/repository/commons-io/commons-io/2.11.0/commons-io-2.11.0.jar:/home/runner/.m2/repository/commons-logging/commons-logging/1.2/commons-logging-1.2.jar:/home/runner/.m2/repository/ch/qos/reload4j/reload4j/1.2.22/reload4j-1.2.22.jar:/home/runner/.m2/repository/org/slf4j/slf4j-api/1.7.36/slf4j-api-1.7.36.jar:/home/runner/.m2/repository/org/apache/ozone/hdds-server-scm/1.3.0-SNAPSHOT/hdds-server-scm-1.3.0-SNAPSHOT.jar:/home/runner/.m2/repository/org/apache/ozone/hdds-container-service/1.3.0-SNAPSHOT/hdds-container-service-1.3.0-SNAPSHOT.jar:/home/runner/.m2/repository/org/apache/ozone/hdds-hadoop-dependency-server/1.3.0-SNAPSHOT/hdds-hadoop-dependency-server-1.3.0-SNAPSHOT.jar:/home/runner/.m2/repository/org/apache/hadoop/hadoop-hdfs/3.3.1/hadoop-hdfs-3.3.1.jar:/home/runner/.m2/repository/org/eclipse/jetty/jetty-util-ajax/9.4.43.v20210629/jetty-util-ajax-9.4.43.v20210629.jar:/home/runner/.m2/repository/commons-daemon/commons-daemon/1.0.13/commons-daemon-1.0.13.jar:/home/runner/.m2/repository/org/apache/ozone/hdds-server-framework/1.3.0-SNAPSHOT/hdds-server-framework-1.3.0-SNAPSHOT.jar:/home/runner/.m2/repository/org/apache/ozone/hdds-interface-server/1.3.0-SNAPSHOT/hdds-interface-server-1.3.0-SNAPSHOT.jar:/home/runner/.m2/repository/org/apache/logging/log4j/log4j-core/2.17.1/log4j-core-2.17.1.jar:/home/runner/.m2/repository/com/lmax/disruptor/3.4.2/disruptor-3.4.2.jar:/home/runner/.m2/repository/org/eclipse/jetty/jetty-servlet/9.4.43.v20210629/jetty-servlet-9.4.43.v20210629.jar:/home/runner/.m2/repository/org/eclipse/jetty/jetty-security/9.4.43.v20210629/jetty-security-9.4.43.v20210629.jar:/home/runner/.m2/repository/org/rocksdb/rocksdbjni/7.4.5/rocksdbjni-7.4.5.jar:/home/runner/.m2/repository/io/prometheus/simpleclient_dropwizard/0.7.0/simpleclient_dropwizard-0.7.0.jar:/home/runner/.m2/repository/io/prometheus/simpleclient/0.7.0/simpleclient-0.7.0.jar:/home/runner/.m2/repository/io/prometheus/simpleclient_common/0.7.0/simpleclient_common-0.7.0.jar:/home/runner/.m2/repository/io/dropwizard/metrics/metrics-core/3.2.4/metrics-core-3.2.4.jar:/home/runner/.m2/repository/org/apache/hadoop/hadoop-hdfs-client/3.3.1/hadoop-hdfs-client-3.3.1.jar:/home/runner/.m2/repository/org/bouncycastle/bcprov-jdk15on/1.67/bcprov-jdk15on-1.67.jar:/home/runner/.m2/repository/com/google/protobuf/protobuf-java/2.5.0/protobuf-java-2.5.0.jar:/home/runner/.m2/repository/org/apache/ozone/ozone-manager/1.3.0-SNAPSHOT/ozone-manager-1.3.0-SNAPSHOT.jar:/home/runner/.m2/repository/org/aspectj/aspectjrt/1.9.7/aspectjrt-1.9.7.jar:/home/runner/.m2/repository/org/aspectj/aspectjweaver/1.9.7/aspectjweaver-1.9.7.jar:/home/runner/.m2/repository/org/apache/ozone/hdds-interface-client/1.3.0-SNAPSHOT/hdds-interface-client-1.3.0-SNAPSHOT.jar:/home/runner/.m2/repository/org/apache/hadoop/thirdparty/hadoop-shaded-protobuf_3_7/1.1.1/hadoop-shaded-protobuf_3_7-1.1.1.jar:/home/runner/.m2/repository/org/apache/ozone/ozone-interface-storage/1.3.0-SNAPSHOT/ozone-interface-storage-1.3.0-SNAPSHOT.jar:/home/runner/.m2/repository/org/reflections/reflections/0.9.11/reflections-0.9.11.jar:/home/runner/.m2/repository/com/sun/jersey/jersey-client/1.19/jersey-client-1.19.jar:/home/runner/.m2/repository/org/apache/ranger/ranger-intg/2.3.0/ranger-intg-2.3.0.jar:/home/runner/.m2/repository/org/apache/ranger/ranger-plugins-common/2.3.0/ranger-plugins-common-2.3.0.jar:/home/runner/.m2/repository/commons-lang/commons-lang/2.6/commons-lang-2.6.jar:/home/runner/.m2/repository/org/codehaus/jackson/jackson-jaxrs/1.9.13/jackson-jaxrs-1.9.13.jar:/home/runner/.m2/repository/org/apache/ranger/ranger-plugins-cred/2.3.0/ranger-plugins-cred-2.3.0.jar:/home/runner/.m2/repository/org/apache/ranger/ranger-plugins-audit/2.3.0/ranger-plugins-audit-2.3.0.jar:/home/runner/.m2/repository/org/eclipse/jetty/jetty-client/9.4.31.v20200723/jetty-client-9.4.31.v20200723.jar:/home/runner/.m2/repository/org/apache/httpcomponents/httpmime/4.5.6/httpmime-4.5.6.jar:/home/runner/.m2/repository/org/apache/httpcomponents/httpcore-nio/4.4.6/httpcore-nio-4.4.6.jar:/home/runner/.m2/repository/org/apache/httpcomponents/httpasyncclient/4.1.3/httpasyncclient-4.1.3.jar:/home/runner/.m2/repository/com/carrotsearch/hppc/0.8.0/hppc-0.8.0.jar:/home/runner/.m2/repository/org/apache/orc/orc-core/1.5.8/orc-core-1.5.8.jar:/home/runner/.m2/repository/net/java/dev/jna/jna/5.2.0/jna-5.2.0.jar:/home/runner/.m2/repository/net/java/dev/jna/jna-platform/5.2.0/jna-platform-5.2.0.jar:/home/runner/.m2/repository/com/kstruct/gethostname4j/0.0.2/gethostname4j-0.0.2.jar:/home/runner/.m2/repository/org/apache/ranger/ranger-plugin-classloader/2.3.0/ranger-plugin-classloader-2.3.0.jar:/home/runner/.m2/repository/org/apache/hadoop/hadoop-minikdc/3.3.1/hadoop-minikdc-3.3.1.jar:/home/runner/.m2/repository/org/apache/kerby/kerb-simplekdc/1.0.1/kerb-simplekdc-1.0.1.jar:/home/runner/.m2/repository/org/apache/kerby/kerb-client/1.0.1/kerb-client-1.0.1.jar:/home/runner/.m2/repository/org/apache/kerby/kerby-config/1.0.1/kerby-config-1.0.1.jar:/home/runner/.m2/repository/org/apache/kerby/kerb-common/1.0.1/kerb-common-1.0.1.jar:/home/runner/.m2/repository/org/apache/kerby/kerb-crypto/1.0.1/kerb-crypto-1.0.1.jar:/home/runner/.m2/repository/org/apache/kerby/kerb-util/1.0.1/kerb-util-1.0.1.jar:/home/runner/.m2/repository/org/apache/kerby/token-provider/1.0.1/token-provider-1.0.1.jar:/home/runner/.m2/repository/org/apache/kerby/kerb-admin/1.0.1/kerb-admin-1.0.1.jar:/home/runner/.m2/repository/org/apache/kerby/kerb-server/1.0.1/kerb-server-1.0.1.jar:/home/runner/.m2/repository/org/apache/kerby/kerb-identity/1.0.1/kerb-identity-1.0.1.jar:/home/runner/.m2/repository/org/apache/kerby/kerby-xdr/1.0.1/kerby-xdr-1.0.1.jar:/home/runner/.m2/repository/org/apache/ozone/ozone-s3gateway/1.3.0-SNAPSHOT/ozone-s3gateway-1.3.0-SNAPSHOT.jar:/home/runner/.m2/repository/org/javassist/javassist/3.21.0-GA/javassist-3.21.0-GA.jar:/home/runner/.m2/repository/org/jboss/weld/servlet/weld-servlet/2.4.7.Final/weld-servlet-2.4.7.Final.jar:/home/runner/.m2/repository/org/glassfish/jersey/containers/jersey-container-servlet-core/2.34/jersey-container-servlet-core-2.34.jar:/home/runner/.m2/repository/org/glassfish/hk2/external/jakarta.inject/2.6.1/jakarta.inject-2.6.1.jar:/home/runner/.m2/repository/org/glassfish/jersey/core/jersey-common/2.34/jersey-common-2.34.jar:/home/runner/.m2/repository/jakarta/ws/rs/jakarta.ws.rs-api/2.1.6/jakarta.ws.rs-api-2.1.6.jar:/home/runner/.m2/repository/org/glassfish/jersey/ext/cdi/jersey-cdi1x/2.34/jersey-cdi1x-2.34.jar:/home/runner/.m2/repository/org/glassfish/jersey/inject/jersey-hk2/2.34/jersey-hk2-2.34.jar:/home/runner/.m2/repository/org/glassfish/hk2/hk2-locator/2.6.1/hk2-locator-2.6.1.jar:/home/runner/.m2/repository/org/glassfish/jersey/media/jersey-media-jaxb/2.34/jersey-media-jaxb-2.34.jar:/home/runner/.m2/repository/org/glassfish/hk2/osgi-resource-locator/1.0.3/osgi-resource-locator-1.0.3.jar:/home/runner/.m2/repository/org/glassfish/hk2/hk2-api/2.5.0/hk2-api-2.5.0.jar:/home/runner/.m2/repository/org/glassfish/hk2/hk2-utils/2.5.0/hk2-utils-2.5.0.jar:/home/runner/.m2/repository/org/glassfish/hk2/external/aopalliance-repackaged/2.5.0/aopalliance-repackaged-2.5.0.jar:/home/runner/.m2/repository/com/fasterxml/jackson/dataformat/jackson-dataformat-xml/2.13.4/jackson-dataformat-xml-2.13.4.jar:/home/runner/.m2/repository/com/fasterxml/jackson/core/jackson-core/2.13.4/jackson-core-2.13.4.jar:/home/runner/.m2/repository/org/codehaus/woodstox/stax2-api/3.1.4/stax2-api-3.1.4.jar:/home/runner/.m2/repository/com/fasterxml/woodstox/woodstox-core/5.0.3/woodstox-core-5.0.3.jar:/home/runner/.m2/repository/com/fasterxml/jackson/module/jackson-module-jaxb-annotations/2.13.4/jackson-module-jaxb-annotations-2.13.4.jar:/home/runner/.m2/repository/jakarta/xml/bind/jakarta.xml.bind-api/2.3.3/jakarta.xml.bind-api-2.3.3.jar:/home/runner/.m2/repository/jakarta/activation/jakarta.activation-api/1.2.1/jakarta.activation-api-1.2.1.jar:/home/runner/.m2/repository/javax/enterprise/cdi-api/1.2/cdi-api-1.2.jar:/home/runner/.m2/repository/javax/el/javax.el-api/3.0.0/javax.el-api-3.0.0.jar:/home/runner/.m2/repository/javax/interceptor/javax.interceptor-api/1.2/javax.interceptor-api-1.2.jar:/home/runner/.m2/repository/javax/inject/javax.inject/1/javax.inject-1.jar:/home/runner/.m2/repository/javax/xml/bind/jaxb-api/2.3.0/jaxb-api-2.3.0.jar:/home/runner/.m2/repository/org/glassfish/jaxb/jaxb-runtime/2.3.0.1/jaxb-runtime-2.3.0.1.jar:/home/runner/.m2/repository/org/glassfish/jaxb/jaxb-core/2.3.0.1/jaxb-core-2.3.0.1.jar:/home/runner/.m2/repository/org/glassfish/jaxb/txw2/2.3.0.1/txw2-2.3.0.1.jar:/home/runner/.m2/repository/com/sun/istack/istack-commons-runtime/3.0.5/istack-commons-runtime-3.0.5.jar:/home/runner/.m2/repository/org/jvnet/staxex/stax-ex/1.7.8/stax-ex-1.7.8.jar:/home/runner/.m2/repository/com/sun/xml/fastinfoset/FastInfoset/1.2.13/FastInfoset-1.2.13.jar:/home/runner/.m2/repository/javax/activation/activation/1.1.1/activation-1.1.1.jar:/home/runner/.m2/repository/io/grpc/grpc-protobuf/1.48.1/grpc-protobuf-1.48.1.jar:/home/runner/.m2/repository/io/grpc/grpc-api/1.48.1/grpc-api-1.48.1.jar:/home/runner/.m2/repository/io/grpc/grpc-context/1.48.1/grpc-context-1.48.1.jar:/home/runner/.m2/repository/com/google/api/grpc/proto-google-common-protos/2.9.0/proto-google-common-protos-2.9.0.jar:/home/runner/.m2/repository/io/grpc/grpc-protobuf-lite/1.48.1/grpc-protobuf-lite-1.48.1.jar:/home/runner/.m2/repository/io/grpc/grpc-stub/1.48.1/grpc-stub-1.48.1.jar:/home/runner/.m2/repository/io/netty/netty-transport/4.1.79.Final/netty-transport-4.1.79.Final.jar:/home/runner/.m2/repository/io/netty/netty-resolver/4.1.79.Final/netty-resolver-4.1.79.Final.jar:/home/runner/.m2/repository/org/apache/ozone/ozone-csi/1.3.0-SNAPSHOT/ozone-csi-1.3.0-SNAPSHOT.jar:/home/runner/.m2/repository/com/google/protobuf/protobuf-java-util/3.19.2/protobuf-java-util-3.19.2.jar:/home/runner/.m2/repository/com/google/code/gson/gson/2.9.0/gson-2.9.0.jar:/home/runner/.m2/repository/org/apache/ozone/hdds-config/1.3.0-SNAPSHOT/hdds-config-1.3.0-SNAPSHOT.jar:/home/runner/.m2/repository/io/netty/netty-transport-native-epoll/4.1.79.Final/netty-transport-native-epoll-4.1.79.Final-linux-x86_64.jar:/home/runner/.m2/repository/io/netty/netty-transport-classes-epoll/4.1.79.Final/netty-transport-classes-epoll-4.1.79.Final.jar:/home/runner/.m2/repository/io/netty/netty-transport-native-unix-common/4.1.79.Final/netty-transport-native-unix-common-4.1.79.Final.jar:/home/runner/.m2/repository/org/slf4j/slf4j-reload4j/1.7.36/slf4j-reload4j-1.7.36.jar:/home/runner/.m2/repository/org/apache/ozone/ozone-recon/1.3.0-SNAPSHOT/ozone-recon-1.3.0-SNAPSHOT.jar:/home/runner/.m2/repository/org/apache/ozone/ozone-reconcodegen/1.3.0-SNAPSHOT/ozone-reconcodegen-1.3.0-SNAPSHOT.jar:/home/runner/.m2/repository/com/google/inject/extensions/guice-multibindings/4.0/guice-multibindings-4.0.jar:/home/runner/.m2/repository/com/google/inject/guice/4.0/guice-4.0.jar:/home/runner/.m2/repository/aopalliance/aopalliance/1.0/aopalliance-1.0.jar:/home/runner/.m2/repository/com/google/inject/extensions/guice-assistedinject/4.0/guice-assistedinject-4.0.jar:/home/runner/.m2/repository/com/google/inject/extensions/guice-servlet/4.0/guice-servlet-4.0.jar:/home/runner/.m2/repository/org/glassfish/jersey/containers/jersey-container-servlet/2.34/jersey-container-servlet-2.34.jar:/home/runner/.m2/repository/org/glassfish/hk2/guice-bridge/2.5.0/guice-bridge-2.5.0.jar:/home/runner/.m2/repository/org/glassfish/jersey/core/jersey-server/2.34/jersey-server-2.34.jar:/home/runner/.m2/repository/org/glassfish/jersey/core/jersey-client/2.34/jersey-client-2.34.jar:/home/runner/.m2/repository/jakarta/annotation/jakarta.annotation-api/1.3.5/jakarta.annotation-api-1.3.5.jar:/home/runner/.m2/repository/jakarta/validation/jakarta.validation-api/2.0.2/jakarta.validation-api-2.0.2.jar:/home/runner/.m2/repository/org/glassfish/jersey/media/jersey-media-json-jackson/2.34/jersey-media-json-jackson-2.34.jar:/home/runner/.m2/repository/org/glassfish/jersey/ext/jersey-entity-filtering/2.34/jersey-entity-filtering-2.34.jar:/home/runner/.m2/repository/org/jooq/jooq/3.11.10/jooq-3.11.10.jar:/home/runner/.m2/repository/org/jooq/jooq-meta/3.11.10/jooq-meta-3.11.10.jar:/home/runner/.m2/repository/org/jooq/jooq-codegen/3.11.10/jooq-codegen-3.11.10.jar:/home/runner/.m2/repository/com/jolbox/bonecp/0.8.0.RELEASE/bonecp-0.8.0.RELEASE.jar:/home/runner/.m2/repository/org/apache/derby/derby/10.14.2.0/derby-10.14.2.0.jar:/home/runner/.m2/repository/org/xerial/sqlite-jdbc/3.25.2/sqlite-jdbc-3.25.2.jar:/home/runner/.m2/repository/org/springframework/spring-jdbc/5.2.20.RELEASE/spring-jdbc-5.2.20.RELEASE.jar:/home/runner/.m2/repository/org/springframework/spring-beans/5.2.20.RELEASE/spring-beans-5.2.20.RELEASE.jar:/home/runner/.m2/repository/org/springframework/spring-core/5.2.20.RELEASE/spring-core-5.2.20.RELEASE.jar:/home/runner/.m2/repository/org/springframework/spring-jcl/5.2.20.RELEASE/spring-jcl-5.2.20.RELEASE.jar:/home/runner/.m2/repository/org/springframework/spring-tx/5.2.20.RELEASE/spring-tx-5.2.20.RELEASE.jar:/home/runner/.m2/repository/org/apache/ozone/ozone-client/1.3.0-SNAPSHOT/ozone-client-1.3.0-SNAPSHOT.jar:/home/runner/.m2/repository/org/apache/ozone/hdds-erasurecode/1.3.0-SNAPSHOT/hdds-erasurecode-1.3.0-SNAPSHOT.jar:/home/runner/.m2/repository/com/github/spotbugs/spotbugs-annotations/3.1.12/spotbugs-annotations-3.1.12.jar:/home/runner/.m2/repository/org/apache/ozone/ozone-filesystem/1.3.0-SNAPSHOT/ozone-filesystem-1.3.0-SNAPSHOT.jar:/home/runner/.m2/repository/org/apache/ozone/ozone-filesystem-common/1.3.0-SNAPSHOT/ozone-filesystem-common-1.3.0-SNAPSHOT.jar:/home/runner/.m2/repository/org/apache/ozone/ozone-tools/1.3.0-SNAPSHOT/ozone-tools-1.3.0-SNAPSHOT.jar:/home/runner/.m2/repository/org/apache/ratis/ratis-tools/2.3.0/ratis-tools-2.3.0.jar:/home/runner/.m2/repository/com/amazonaws/aws-java-sdk-core/1.12.261/aws-java-sdk-core-1.12.261.jar:/home/runner/.m2/repository/org/apache/httpcomponents/httpclient/4.5.13/httpclient-4.5.13.jar:/home/runner/.m2/repository/org/apache/httpcomponents/httpcore/4.4.13/httpcore-4.4.13.jar:/home/runner/.m2/repository/software/amazon/ion/ion-java/1.0.2/ion-java-1.0.2.jar:/home/runner/.m2/repository/com/fasterxml/jackson/dataformat/jackson-dataformat-cbor/2.13.4/jackson-dataformat-cbor-2.13.4.jar:/home/runner/.m2/repository/joda-time/joda-time/2.8.1/joda-time-2.8.1.jar:/home/runner/.m2/repository/com/amazonaws/aws-java-sdk-s3/1.12.261/aws-java-sdk-s3-1.12.261.jar:/home/runner/.m2/repository/com/amazonaws/aws-java-sdk-kms/1.12.261/aws-java-sdk-kms-1.12.261.jar:/home/runner/.m2/repository/com/amazonaws/jmespath-java/1.12.261/jmespath-java-1.12.261.jar:/home/runner/.m2/repository/org/kohsuke/metainf-services/metainf-services/1.8/metainf-services-1.8.jar:/home/runner/.m2/repository/org/apache/ozone/hdds-tools/1.3.0-SNAPSHOT/hdds-tools-1.3.0-SNAPSHOT.jar:/home/runner/.m2/repository/commons-cli/commons-cli/1.2/commons-cli-1.2.jar:/home/runner/.m2/repository/org/apache/commons/commons-lang3/3.7/commons-lang3-3.7.jar:/home/runner/.m2/repository/org/apache/ozone/ozone-manager/1.3.0-SNAPSHOT/ozone-manager-1.3.0-SNAPSHOT-tests.jar:/home/runner/.m2/repository/org/apache/ozone/hdds-common/1.3.0-SNAPSHOT/hdds-common-1.3.0-SNAPSHOT-tests.jar:/home/runner/.m2/repository/org/apache/ozone/hdds-hadoop-dependency-client/1.3.0-SNAPSHOT/hdds-hadoop-dependency-client-1.3.0-SNAPSHOT.jar:/home/runner/.m2/repository/info/picocli/picocli/4.6.1/picocli-4.6.1.jar:/home/runner/.m2/repository/com/fasterxml/jackson/core/jackson-annotations/2.13.4/jackson-annotations-2.13.4.jar:/home/runner/.m2/repository/com/fasterxml/jackson/datatype/jackson-datatype-jsr310/2.13.4/jackson-datatype-jsr310-2.13.4.jar:/home/runner/.m2/repository/org/apache/ozone/hdds-annotation-processing/1.3.0-SNAPSHOT/hdds-annotation-processing-1.3.0-SNAPSHOT.jar:/home/runner/.m2/repository/javax/annotation/javax.annotation-api/1.2/javax.annotation-api-1.2.jar:/home/runner/.m2/repository/org/apache/ratis/ratis-server/2.3.0/ratis-server-2.3.0.jar:/home/runner/.m2/repository/org/apache/ratis/ratis-client/2.3.0/ratis-client-2.3.0.jar:/home/runner/.m2/repository/org/apache/ratis/ratis-server-api/2.3.0/ratis-server-api-2.3.0.jar:/home/runner/.m2/repository/org/apache/ratis/ratis-metrics/2.3.0/ratis-metrics-2.3.0.jar:/home/runner/.m2/repository/org/apache/ratis/ratis-netty/2.3.0/ratis-netty-2.3.0.jar:/home/runner/.m2/repository/org/apache/ratis/ratis-grpc/2.3.0/ratis-grpc-2.3.0.jar:/home/runner/.m2/repository/org/apache/logging/log4j/log4j-api/2.17.1/log4j-api-2.17.1.jar:/home/runner/.m2/repository/org/apache/commons/commons-pool2/2.6.0/commons-pool2-2.6.0.jar:/home/runner/.m2/repository/org/bouncycastle/bcpkix-jdk15on/1.67/bcpkix-jdk15on-1.67.jar:/home/runner/.m2/repository/commons-validator/commons-validator/1.6/commons-validator-1.6.jar:/home/runner/.m2/repository/commons-beanutils/commons-beanutils/1.9.4/commons-beanutils-1.9.4.jar:/home/runner/.m2/repository/commons-digester/commons-digester/1.8.1/commons-digester-1.8.1.jar:/home/runner/.m2/repository/commons-collections/commons-collections/3.2.2/commons-collections-3.2.2.jar:/home/runner/.m2/repository/io/jaegertracing/jaeger-client/1.6.0/jaeger-client-1.6.0.jar:/home/runner/.m2/repository/io/jaegertracing/jaeger-thrift/1.6.0/jaeger-thrift-1.6.0.jar:/home/runner/.m2/repository/org/apache/thrift/libthrift/0.14.1/libthrift-0.14.1.jar:/home/runner/.m2/repository/com/squareup/okhttp3/okhttp/4.9.0/okhttp-4.9.0.jar:/home/runner/.m2/repository/com/squareup/okio/okio/2.8.0/okio-2.8.0.jar:/home/runner/.m2/repository/io/jaegertracing/jaeger-core/1.6.0/jaeger-core-1.6.0.jar:/home/runner/.m2/repository/io/jaegertracing/jaeger-tracerresolver/1.6.0/jaeger-tracerresolver-1.6.0.jar:/home/runner/.m2/repository/io/opentracing/contrib/opentracing-tracerresolver/0.1.8/opentracing-tracerresolver-0.1.8.jar:/home/runner/.m2/repository/org/jetbrains/kotlin/kotlin-stdlib/1.6.21/kotlin-stdlib-1.6.21.jar:/home/runner/.m2/repository/org/jetbrains/kotlin/kotlin-stdlib-common/1.6.21/kotlin-stdlib-common-1.6.21.jar:/home/runner/.m2/repository/org/jetbrains/annotations/13.0/annotations-13.0.jar:/home/runner/.m2/repository/io/opentracing/opentracing-util/0.33.0/opentracing-util-0.33.0.jar:/home/runner/.m2/repository/io/opentracing/opentracing-api/0.33.0/opentracing-api-0.33.0.jar:/home/runner/.m2/repository/io/opentracing/opentracing-noop/0.33.0/opentracing-noop-0.33.0.jar:/home/runner/.m2/repository/org/yaml/snakeyaml/1.32/snakeyaml-1.32.jar:/home/runner/.m2/repository/org/apache/ozone/hdds-interface-admin/1.3.0-SNAPSHOT/hdds-interface-admin-1.3.0-SNAPSHOT.jar:/home/runner/.m2/repository/junit/junit/4.13.1/junit-4.13.1.jar:/home/runner/.m2/repository/org/hamcrest/hamcrest-core/1.3/hamcrest-core-1.3.jar:/home/runner/.m2/repository/org/junit/jupiter/junit-jupiter-api/5.8.2/junit-jupiter-api-5.8.2.jar:/home/runner/.m2/repository/org/opentest4j/opentest4j/1.2.0/opentest4j-1.2.0.jar:/home/runner/.m2/repository/org/junit/platform/junit-platform-commons/1.8.2/junit-platform-commons-1.8.2.jar:/home/runner/.m2/repository/org/apiguardian/apiguardian-api/1.1.2/apiguardian-api-1.1.2.jar:/home/runner/.m2/repository/org/junit/jupiter/junit-jupiter-params/5.8.2/junit-jupiter-params-5.8.2.jar:/home/runner/.m2/repository/org/junit/jupiter/junit-jupiter-migrationsupport/5.8.2/junit-jupiter-migrationsupport-5.8.2.jar:/home/runner/.m2/repository/org/junit/jupiter/junit-jupiter-engine/5.8.2/junit-jupiter-engine-5.8.2.jar:/home/runner/.m2/repository/org/junit/platform/junit-platform-engine/1.8.2/junit-platform-engine-1.8.2.jar:/home/runner/.m2/repository/org/junit/vintage/junit-vintage-engine/5.8.2/junit-vintage-engine-5.8.2.jar:/home/runner/.m2/repository/org/junit/platform/junit-platform-launcher/1.8.2/junit-platform-launcher-1.8.2.jar:/home/runner/.m2/repository/org/mockito/mockito-core/2.28.2/mockito-core-2.28.2.jar:/home/runner/.m2/repository/net/bytebuddy/byte-buddy/1.9.10/byte-buddy-1.9.10.jar:/home/runner/.m2/repository/net/bytebuddy/byte-buddy-agent/1.9.10/byte-buddy-agent-1.9.10.jar:/home/runner/.m2/repository/org/objenesis/objenesis/1.0/objenesis-1.0.jar:/home/runner/.m2/repository/org/apache/hadoop/hadoop-kms/3.3.1/hadoop-kms-3.3.1.jar:/home/runner/.m2/repository/org/apache/hadoop/hadoop-auth/3.3.1/hadoop-auth-3.3.1.jar:/home/runner/.m2/repository/com/nimbusds/nimbus-jose-jwt/7.9/nimbus-jose-jwt-7.9.jar:/home/runner/.m2/repository/com/github/stephenc/jcip/jcip-annotations/1.0-1/jcip-annotations-1.0-1.jar:/home/runner/.m2/repository/net/minidev/json-smart/2.4.7/json-smart-2.4.7.jar:/home/runner/.m2/repository/net/minidev/accessors-smart/2.4.7/accessors-smart-2.4.7.jar:/home/runner/.m2/repository/org/ow2/asm/asm/5.0.4/asm-5.0.4.jar:/home/runner/.m2/repository/org/apache/zookeeper/zookeeper/3.5.6/zookeeper-3.5.6.jar:/home/runner/.m2/repository/org/apache/zookeeper/zookeeper-jute/3.5.6/zookeeper-jute-3.5.6.jar:/home/runner/.m2/repository/org/apache/yetus/audience-annotations/0.5.0/audience-annotations-0.5.0.jar:/home/runner/.m2/repository/org/apache/curator/curator-framework/4.2.0/curator-framework-4.2.0.jar:/home/runner/.m2/repository/org/apache/hadoop/thirdparty/hadoop-shaded-guava/1.1.1/hadoop-shaded-guava-1.1.1.jar:/home/runner/.m2/repository/com/sun/jersey/jersey-core/1.19/jersey-core-1.19.jar:/home/runner/.m2/repository/javax/ws/rs/jsr311-api/1.1.1/jsr311-api-1.1.1.jar:/home/runner/.m2/repository/com/sun/jersey/jersey-server/1.19/jersey-server-1.19.jar:/home/runner/.m2/repository/javax/servlet/javax.servlet-api/3.1.0/javax.servlet-api-3.1.0.jar:/home/runner/.m2/repository/org/eclipse/jetty/jetty-server/9.4.43.v20210629/jetty-server-9.4.43.v20210629.jar:/home/runner/.m2/repository/org/eclipse/jetty/jetty-http/9.4.43.v20210629/jetty-http-9.4.43.v20210629.jar:/home/runner/.m2/repository/org/eclipse/jetty/jetty-io/9.4.43.v20210629/jetty-io-9.4.43.v20210629.jar:/home/runner/.m2/repository/org/eclipse/jetty/jetty-webapp/9.4.43.v20210629/jetty-webapp-9.4.43.v20210629.jar:/home/runner/.m2/repository/org/eclipse/jetty/jetty-xml/9.4.43.v20210629/jetty-xml-9.4.43.v20210629.jar:/home/runner/.m2/repository/org/apache/hadoop/hadoop-common/3.3.1/hadoop-common-3.3.1.jar:/home/runner/.m2/repository/org/apache/commons/commons-math3/3.1.1/commons-math3-3.1.1.jar:/home/runner/.m2/repository/commons-net/commons-net/3.6/commons-net-3.6.jar:/home/runner/.m2/repository/com/sun/jersey/jersey-servlet/1.19/jersey-servlet-1.19.jar:/home/runner/.m2/repository/com/sun/jersey/jersey-json/1.19/jersey-json-1.19.jar:/home/runner/.m2/repository/org/codehaus/jettison/jettison/1.1/jettison-1.1.jar:/home/runner/.m2/repository/com/sun/xml/bind/jaxb-impl/2.2.3-1/jaxb-impl-2.2.3-1.jar:/home/runner/.m2/repository/org/codehaus/jackson/jackson-xc/1.9.2/jackson-xc-1.9.2.jar:/home/runner/.m2/repository/org/apache/commons/commons-configuration2/2.1.1/commons-configuration2-2.1.1.jar:/home/runner/.m2/repository/org/apache/commons/commons-text/1.4/commons-text-1.4.jar:/home/runner/.m2/repository/com/google/re2j/re2j/1.1/re2j-1.1.jar:/home/runner/.m2/repository/com/jcraft/jsch/0.1.54/jsch-0.1.54.jar:/home/runner/.m2/repository/org/apache/curator/curator-client/4.2.0/curator-client-4.2.0.jar:/home/runner/.m2/repository/org/apache/curator/curator-recipes/4.2.0/curator-recipes-4.2.0.jar:/home/runner/.m2/repository/org/apache/htrace/htrace-core4/4.1.0-incubating/htrace-core4-4.1.0-incubating.jar:/home/runner/.m2/repository/org/apache/kerby/kerb-core/1.0.1/kerb-core-1.0.1.jar:/home/runner/.m2/repository/org/apache/kerby/kerby-pkix/1.0.1/kerby-pkix-1.0.1.jar:/home/runner/.m2/repository/org/apache/kerby/kerby-asn1/1.0.1/kerby-asn1-1.0.1.jar:/home/runner/.m2/repository/org/apache/kerby/kerby-util/1.0.1/kerby-util-1.0.1.jar:/home/runner/.m2/repository/dnsjava/dnsjava/2.1.7/dnsjava-2.1.7.jar:/home/runner/.m2/repository/org/xerial/snappy/snappy-java/1.1.8.2/snappy-java-1.1.8.2.jar:/home/runner/.m2/repository/org/eclipse/jetty/jetty-util/9.4.43.v20210629/jetty-util-9.4.43.v20210629.jar:/home/runner/.m2/repository/com/fasterxml/jackson/core/jackson-databind/2.13.4/jackson-databind-2.13.4.jar:/home/runner/.m2/repository/org/apache/hadoop/hadoop-kms/3.3.1/hadoop-kms-3.3.1-tests.jar:/home/runner/.m2/repository/org/apache/ozone/hdds-server-scm/1.3.0-SNAPSHOT/hdds-server-scm-1.3.0-SNAPSHOT-tests.jar:/home/runner/.m2/repository/org/apache/ozone/hdds-container-service/1.3.0-SNAPSHOT/hdds-container-service-1.3.0-SNAPSHOT-tests.jar:/home/runner/.m2/repository/commons-codec/commons-codec/1.11/commons-codec-1.11.jar:/home/runner/.m2/repository/io/netty/netty-codec/4.1.79.Final/netty-codec-4.1.79.Final.jar:/home/runner/.m2/repository/io/netty/netty-handler/4.1.79.Final/netty-handler-4.1.79.Final.jar:/home/runner/.m2/repository/org/apache/ozone/hdds-hadoop-dependency-test/1.3.0-SNAPSHOT/hdds-hadoop-dependency-test-1.3.0-SNAPSHOT.jar:/home/runner/.m2/repository/org/apache/hadoop/hadoop-common/3.3.1/hadoop-common-3.3.1-tests.jar:/home/runner/.m2/repository/org/apache/hadoop/hadoop-hdfs/3.3.1/hadoop-hdfs-3.3.1-tests.jar:/home/runner/.m2/repository/org/assertj/assertj-core/3.12.2/assertj-core-3.12.2.jar:/home/runner/.m2/repository/org/apache/hadoop/hadoop-distcp/3.3.1/hadoop-distcp-3.3.1.jar:/home/runner/.m2/repository/org/apache/hadoop/hadoop-mapreduce-client-jobclient/3.3.1/hadoop-mapreduce-client-jobclient-3.3.1.jar:/home/runner/.m2/repository/org/apache/hadoop/hadoop-mapreduce-client-common/3.3.1/hadoop-mapreduce-client-common-3.3.1.jar:/home/runner/.m2/repository/org/apache/hadoop/hadoop-yarn-common/3.3.1/hadoop-yarn-common-3.3.1.jar:/home/runner/.m2/repository/org/apache/hadoop/hadoop-yarn-api/3.3.1/hadoop-yarn-api-3.3.1.jar:/home/runner/.m2/repository/com/sun/jersey/contribs/jersey-guice/1.19/jersey-guice-1.19.jar:/home/runner/.m2/repository/com/fasterxml/jackson/jaxrs/jackson-jaxrs-json-provider/2.13.4/jackson-jaxrs-json-provider-2.13.4.jar:/home/runner/.m2/repository/com/fasterxml/jackson/jaxrs/jackson-jaxrs-base/2.13.4/jackson-jaxrs-base-2.13.4.jar:/home/runner/.m2/repository/org/apache/hadoop/hadoop-yarn-client/3.3.1/hadoop-yarn-client-3.3.1.jar:/home/runner/.m2/repository/org/eclipse/jetty/websocket/websocket-client/9.4.40.v20210413/websocket-client-9.4.40.v20210413.jar:/home/runner/.m2/repository/org/eclipse/jetty/websocket/websocket-common/9.4.40.v20210413/websocket-common-9.4.40.v20210413.jar:/home/runner/.m2/repository/org/eclipse/jetty/websocket/websocket-api/9.4.40.v20210413/websocket-api-9.4.40.v20210413.jar:/home/runner/.m2/repository/org/jline/jline/3.9.0/jline-3.9.0.jar:/home/runner/.m2/repository/org/apache/hadoop/hadoop-mapreduce-client-core/3.3.1/hadoop-mapreduce-client-core-3.3.1.jar:/home/runner/.m2/repository/org/apache/avro/avro/1.7.7/avro-1.7.7.jar:/home/runner/.m2/repository/org/codehaus/jackson/jackson-core-asl/1.9.13/jackson-core-asl-1.9.13.jar:/home/runner/.m2/repository/org/codehaus/jackson/jackson-mapper-asl/1.9.13/jackson-mapper-asl-1.9.13.jar:/home/runner/.m2/repository/com/thoughtworks/paranamer/paranamer/2.3/paranamer-2.3.jar:/home/runner/.m2/repository/org/apache/hadoop/hadoop-annotations/3.3.1/hadoop-annotations-3.3.1.jar:/opt/hostedtoolcache/jdk/8.0.345/x64/jre/../lib/tools.jar:/home/runner/.m2/repository/io/netty/netty/3.10.6.Final/netty-3.10.6.Final.jar:/home/runner/.m2/repository/org/apache/hadoop/hadoop-distcp/3.3.1/hadoop-distcp-3.3.1-tests.jar:/home/runner/.m2/repository/org/slf4j/jul-to-slf4j/1.7.36/jul-to-slf4j-1.7.36.jar:/home/runner/.m2/repository/org/apache/ratis/ratis-common/2.3.0/ratis-common-2.3.0.jar:/home/runner/.m2/repository/org/apache/ratis/ratis-thirdparty-misc/1.0.0/ratis-thirdparty-misc-1.0.0.jar:/home/runner/.m2/repository/org/apache/ratis/ratis-proto/2.3.0/ratis-proto-2.3.0.jar:"/>
    <property name="sun.cpu.endian" value="little"/>
    <property name="user.home" value="/home/runner"/>
    <property name="user.language" value="en"/>
    <property name="java.specification.vendor" value="Oracle Corporation"/>
    <property name="java.home" value="/opt/hostedtoolcache/jdk/8.0.345/x64/jre"/>
    <property name="java.security.krb5.conf" value="/home/runner/work/ozone/ozone/hadoop-ozone/integration-test/target/test-classes/krb5.conf"/>
    <property name="basedir" value="/home/runner/work/ozone/ozone/hadoop-ozone/integration-test"/>
    <property name="file.separator" value="/"/>
    <property name="line.separator" value="&#10;"/>
    <property name="jdk.vendor.version" value="Zulu 8.64.0.19-CA-linux64"/>
    <property name="java.vm.specification.vendor" value="Oracle Corporation"/>
    <property name="java.specification.name" value="Java Platform API Specification"/>
    <property name="java.awt.graphicsenv" value="sun.awt.X11GraphicsEnvironment"/>
    <property name="skip.installnpx" value="true"/>
    <property name="surefire.real.class.path" value="/home/runner/work/ozone/ozone/hadoop-ozone/integration-test/target/surefire/surefirebooter2259634739254329143.jar:/home/runner/.m2/repository/org/jacoco/org.jacoco.agent/0.8.5/org.jacoco.agent-0.8.5-runtime.jar"/>
    <property name="hadoop.log.dir" value="/home/runner/work/ozone/ozone/hadoop-ozone/integration-test/target/log"/>
    <property name="sun.boot.class.path" value="/opt/hostedtoolcache/jdk/8.0.345/x64/jre/lib/resources.jar:/opt/hostedtoolcache/jdk/8.0.345/x64/jre/lib/rt.jar:/opt/hostedtoolcache/jdk/8.0.345/x64/jre/lib/sunrsasign.jar:/opt/hostedtoolcache/jdk/8.0.345/x64/jre/lib/jsse.jar:/opt/hostedtoolcache/jdk/8.0.345/x64/jre/lib/jce.jar:/opt/hostedtoolcache/jdk/8.0.345/x64/jre/lib/charsets.jar:/opt/hostedtoolcache/jdk/8.0.345/x64/jre/lib/jfr.jar:/opt/hostedtoolcache/jdk/8.0.345/x64/jre/lib/cat.jar:/opt/hostedtoolcache/jdk/8.0.345/x64/jre/classes"/>
    <property name="sun.management.compiler" value="HotSpot 64-Bit Tiered Compilers"/>
    <property name="skip.npx" value="true"/>
    <property name="java.runtime.version" value="1.8.0_345-b01"/>
    <property name="java.net.preferIPv4Stack" value="true"/>
    <property name="user.name" value="runner"/>
    <property name="path.separator" value=":"/>
    <property name="java.security.egd" value="file:///dev/urandom"/>
    <property name="os.version" value="5.15.0-1020-azure"/>
    <property name="java.endorsed.dirs" value="/opt/hostedtoolcache/jdk/8.0.345/x64/jre/lib/endorsed"/>
    <property name="java.runtime.name" value="OpenJDK Runtime Environment"/>
    <property name="file.encoding" value="UTF-8"/>
    <property name="java.vm.name" value="OpenJDK 64-Bit Server VM"/>
    <property name="test.build.webapps" value=""/>
    <property name="localRepository" value="/home/runner/.m2/repository"/>
    <property name="jetty.git.hash" value="526006ecfa3af7f1a27ef3a288e2bef7ea9dd7e8"/>
    <property name="java.vendor.url.bug" value="http://www.azul.com/support/"/>
    <property name="java.io.tmpdir" value="/tmp"/>
    <property name="require.test.libhadoop" value=""/>
    <property name="java.version" value="1.8.0_345"/>
    <property name="user.dir" value="/home/runner/work/ozone/ozone/hadoop-ozone/integration-test"/>
    <property name="os.arch" value="amd64"/>
    <property name="java.vm.specification.name" value="Java Virtual Machine Specification"/>
    <property name="test.build.classes" value="/home/runner/work/ozone/ozone/hadoop-ozone/integration-test/target/test-classes"/>
    <property name="java.awt.printerjob" value="sun.print.PSPrinterJob"/>
    <property name="sun.os.patch.level" value="unknown"/>
    <property name="hadoop.tmp.dir" value="/home/runner/work/ozone/ozone/hadoop-ozone/integration-test/target/tmp"/>
    <property name="java.library.path" value="/usr/java/packages/lib/amd64:/usr/lib64:/lib64:/lib:/usr/lib"/>
    <property name="java.vm.info" value="mixed mode"/>
    <property name="java.vendor" value="Azul Systems, Inc."/>
    <property name="java.vm.version" value="25.345-b01"/>
    <property name="java.ext.dirs" value="/opt/hostedtoolcache/jdk/8.0.345/x64/jre/lib/ext:/usr/java/packages/lib/ext"/>
    <property name="sun.io.unicode.encoding" value="UnicodeLittle"/>
    <property name="java.class.version" value="52.0"/>
  </properties>
  <testcase name="testRatisLogParsing" classname="org.apache.hadoop.ozone.parser.TestOzoneHARatisLogParser" time="81.144">
    <error type="java.util.concurrent.TimeoutException"><![CDATA[java.util.concurrent.TimeoutException: 
Timed out waiting for condition. Thread diagnostics:
Timestamp: 2022-10-11 05:34:16,823

"EndpointStateMachine task thread for /127.0.0.1:35983 - 0 "  prio=5 tid=914 blocked
java.lang.Thread.State: BLOCKED
        at org.apache.hadoop.ipc.Client$Connection.addCall(Client.java:522)
        at org.apache.hadoop.ipc.Client$Connection.access$3700(Client.java:414)
        at org.apache.hadoop.ipc.Client.getConnection(Client.java:1634)
        at org.apache.hadoop.ipc.Client.call(Client.java:1463)
        at org.apache.hadoop.ipc.Client.call(Client.java:1416)
        at org.apache.hadoop.ipc.ProtobufRpcEngine$Invoker.invoke(ProtobufRpcEngine.java:236)
        at org.apache.hadoop.ipc.ProtobufRpcEngine$Invoker.invoke(ProtobufRpcEngine.java:123)
        at com.sun.proxy.$Proxy51.submitRequest(Unknown Source)
        at org.apache.hadoop.ozone.protocolPB.StorageContainerDatanodeProtocolClientSideTranslatorPB.submitRequest(StorageContainerDatanodeProtocolClientSideTranslatorPB.java:117)
        at org.apache.hadoop.ozone.protocolPB.StorageContainerDatanodeProtocolClientSideTranslatorPB.sendHeartbeat(StorageContainerDatanodeProtocolClientSideTranslatorPB.java:149)
        at org.apache.hadoop.ozone.container.common.states.endpoint.HeartbeatEndpointTask.call(HeartbeatEndpointTask.java:185)
        at org.apache.hadoop.ozone.container.common.states.endpoint.HeartbeatEndpointTask.call(HeartbeatEndpointTask.java:87)
        at java.util.concurrent.FutureTask.run(FutureTask.java:266)
        at java.util.concurrent.ThreadPoolExecutor.runWorker(ThreadPoolExecutor.java:1149)
        at java.util.concurrent.ThreadPoolExecutor$Worker.run(ThreadPoolExecutor.java:624)
        at java.lang.Thread.run(Thread.java:750)
"Datanode ReportManager Thread - 3" daemon prio=5 tid=841 in Object.wait()
java.lang.Thread.State: WAITING (on object monitor)
        at sun.misc.Unsafe.park(Native Method)
        at java.util.concurrent.locks.LockSupport.park(LockSupport.java:175)
        at java.util.concurrent.locks.AbstractQueuedSynchronizer$ConditionObject.await(AbstractQueuedSynchronizer.java:2044)
        at java.util.concurrent.ScheduledThreadPoolExecutor$DelayedWorkQueue.take(ScheduledThreadPoolExecutor.java:1088)
        at java.util.concurrent.ScheduledThreadPoolExecutor$DelayedWorkQueue.take(ScheduledThreadPoolExecutor.java:809)
        at java.util.concurrent.ThreadPoolExecutor.getTask(ThreadPoolExecutor.java:1074)
        at java.util.concurrent.ThreadPoolExecutor.runWorker(ThreadPoolExecutor.java:1134)
        at java.util.concurrent.ThreadPoolExecutor$Worker.run(ThreadPoolExecutor.java:624)
        at java.lang.Thread.run(Thread.java:750)
"FullTableCache Cleanup Thread - 0" daemon prio=5 tid=1171 in Object.wait()
java.lang.Thread.State: WAITING (on object monitor)
        at sun.misc.Unsafe.park(Native Method)
        at java.util.concurrent.locks.LockSupport.park(LockSupport.java:175)
        at java.util.concurrent.locks.AbstractQueuedSynchronizer$ConditionObject.await(AbstractQueuedSynchronizer.java:2044)
        at java.util.concurrent.LinkedBlockingQueue.take(LinkedBlockingQueue.java:442)
        at java.util.concurrent.ThreadPoolExecutor.getTask(ThreadPoolExecutor.java:1074)
        at java.util.concurrent.ThreadPoolExecutor.runWorker(ThreadPoolExecutor.java:1134)
        at java.util.concurrent.ThreadPoolExecutor$Worker.run(ThreadPoolExecutor.java:624)
        at java.lang.Thread.run(Thread.java:750)
"Datanode ReportManager Thread - 1" daemon prio=5 tid=865 timed_waiting
java.lang.Thread.State: TIMED_WAITING
        at sun.misc.Unsafe.park(Native Method)
        at java.util.concurrent.locks.LockSupport.parkNanos(LockSupport.java:215)
        at java.util.concurrent.locks.AbstractQueuedSynchronizer$ConditionObject.awaitNanos(AbstractQueuedSynchronizer.java:2083)
        at java.util.concurrent.ScheduledThreadPoolExecutor$DelayedWorkQueue.take(ScheduledThreadPoolExecutor.java:1093)
        at java.util.concurrent.ScheduledThreadPoolExecutor$DelayedWorkQueue.take(ScheduledThreadPoolExecutor.java:809)
        at java.util.concurrent.ThreadPoolExecutor.getTask(ThreadPoolExecutor.java:1074)
        at java.util.concurrent.ThreadPoolExecutor.runWorker(ThreadPoolExecutor.java:1134)
        at java.util.concurrent.ThreadPoolExecutor$Worker.run(ThreadPoolExecutor.java:624)
        at java.lang.Thread.run(Thread.java:750)
"Datanode ReportManager Thread - 2" daemon prio=5 tid=840 in Object.wait()
java.lang.Thread.State: WAITING (on object monitor)
        at sun.misc.Unsafe.park(Native Method)
        at java.util.concurrent.locks.LockSupport.park(LockSupport.java:175)
        at java.util.concurrent.locks.AbstractQueuedSynchronizer$ConditionObject.await(AbstractQueuedSynchronizer.java:2044)
        at java.util.concurrent.ScheduledThreadPoolExecutor$DelayedWorkQueue.take(ScheduledThreadPoolExecutor.java:1088)
        at java.util.concurrent.ScheduledThreadPoolExecutor$DelayedWorkQueue.take(ScheduledThreadPoolExecutor.java:809)
        at java.util.concurrent.ThreadPoolExecutor.getTask(ThreadPoolExecutor.java:1074)
        at java.util.concurrent.ThreadPoolExecutor.runWorker(ThreadPoolExecutor.java:1134)
        at java.util.concurrent.ThreadPoolExecutor$Worker.run(ThreadPoolExecutor.java:624)
        at java.lang.Thread.run(Thread.java:750)
"Datanode ReportManager Thread - 0" daemon prio=5 tid=838 timed_waiting
java.lang.Thread.State: TIMED_WAITING
        at sun.misc.Unsafe.park(Native Method)
        at java.util.concurrent.locks.LockSupport.parkNanos(LockSupport.java:215)
        at java.util.concurrent.locks.AbstractQueuedSynchronizer$ConditionObject.awaitNanos(AbstractQueuedSynchronizer.java:2083)
        at java.util.concurrent.ScheduledThreadPoolExecutor$DelayedWorkQueue.take(ScheduledThreadPoolExecutor.java:1093)
        at java.util.concurrent.ScheduledThreadPoolExecutor$DelayedWorkQueue.take(ScheduledThreadPoolExecutor.java:809)
        at java.util.concurrent.ThreadPoolExecutor.getTask(ThreadPoolExecutor.java:1074)
        at java.util.concurrent.ThreadPoolExecutor.runWorker(ThreadPoolExecutor.java:1134)
        at java.util.concurrent.ThreadPoolExecutor$Worker.run(ThreadPoolExecutor.java:624)
        at java.lang.Thread.run(Thread.java:750)
"Datanode ReportManager Thread - 3" daemon prio=5 tid=867 in Object.wait()
java.lang.Thread.State: WAITING (on object monitor)
        at sun.misc.Unsafe.park(Native Method)
        at java.util.concurrent.locks.LockSupport.park(LockSupport.java:175)
        at java.util.concurrent.locks.AbstractQueuedSynchronizer$ConditionObject.await(AbstractQueuedSynchronizer.java:2044)
        at java.util.concurrent.ScheduledThreadPoolExecutor$DelayedWorkQueue.take(ScheduledThreadPoolExecutor.java:1088)
        at java.util.concurrent.ScheduledThreadPoolExecutor$DelayedWorkQueue.take(ScheduledThreadPoolExecutor.java:809)
        at java.util.concurrent.ThreadPoolExecutor.getTask(ThreadPoolExecutor.java:1074)
        at java.util.concurrent.ThreadPoolExecutor.runWorker(ThreadPoolExecutor.java:1134)
        at java.util.concurrent.ThreadPoolExecutor$Worker.run(ThreadPoolExecutor.java:624)
        at java.lang.Thread.run(Thread.java:750)
"FullTableCache Cleanup Thread - 0" daemon prio=5 tid=1178 in Object.wait()
java.lang.Thread.State: WAITING (on object monitor)
        at sun.misc.Unsafe.park(Native Method)
        at java.util.concurrent.locks.LockSupport.park(LockSupport.java:175)
        at java.util.concurrent.locks.AbstractQueuedSynchronizer$ConditionObject.await(AbstractQueuedSynchronizer.java:2044)
        at java.util.concurrent.LinkedBlockingQueue.take(LinkedBlockingQueue.java:442)
        at java.util.concurrent.ThreadPoolExecutor.getTask(ThreadPoolExecutor.java:1074)
        at java.util.concurrent.ThreadPoolExecutor.runWorker(ThreadPoolExecutor.java:1134)
        at java.util.concurrent.ThreadPoolExecutor$Worker.run(ThreadPoolExecutor.java:624)
        at java.lang.Thread.run(Thread.java:750)
"Datanode ReportManager Thread - 0" daemon prio=5 tid=864 in Object.wait()
java.lang.Thread.State: WAITING (on object monitor)
        at sun.misc.Unsafe.park(Native Method)
        at java.util.concurrent.locks.LockSupport.park(LockSupport.java:175)
        at java.util.concurrent.locks.AbstractQueuedSynchronizer$ConditionObject.await(AbstractQueuedSynchronizer.java:2044)
        at java.util.concurrent.ScheduledThreadPoolExecutor$DelayedWorkQueue.take(ScheduledThreadPoolExecutor.java:1088)
        at java.util.concurrent.ScheduledThreadPoolExecutor$DelayedWorkQueue.take(ScheduledThreadPoolExecutor.java:809)
        at java.util.concurrent.ThreadPoolExecutor.getTask(ThreadPoolExecutor.java:1074)
        at java.util.concurrent.ThreadPoolExecutor.runWorker(ThreadPoolExecutor.java:1134)
        at java.util.concurrent.ThreadPoolExecutor$Worker.run(ThreadPoolExecutor.java:624)
        at java.lang.Thread.run(Thread.java:750)
"EndpointStateMachine task thread for /127.0.0.1:35983 - 0 "  prio=5 tid=933 timed_waiting
java.lang.Thread.State: TIMED_WAITING
        at java.lang.Thread.sleep(Native Method)
        at org.apache.hadoop.ipc.Client$Connection.handleConnectionFailure(Client.java:972)
        at org.apache.hadoop.ipc.Client$Connection.setupConnection(Client.java:724)
        at org.apache.hadoop.ipc.Client$Connection.setupIOstreams(Client.java:822)
        at org.apache.hadoop.ipc.Client$Connection.access$3800(Client.java:414)
        at org.apache.hadoop.ipc.Client.getConnection(Client.java:1647)
        at org.apache.hadoop.ipc.Client.call(Client.java:1463)
        at org.apache.hadoop.ipc.Client.call(Client.java:1416)
        at org.apache.hadoop.ipc.ProtobufRpcEngine$Invoker.invoke(ProtobufRpcEngine.java:236)
        at org.apache.hadoop.ipc.ProtobufRpcEngine$Invoker.invoke(ProtobufRpcEngine.java:123)
        at com.sun.proxy.$Proxy51.submitRequest(Unknown Source)
        at org.apache.hadoop.ozone.protocolPB.StorageContainerDatanodeProtocolClientSideTranslatorPB.submitRequest(StorageContainerDatanodeProtocolClientSideTranslatorPB.java:117)
        at org.apache.hadoop.ozone.protocolPB.StorageContainerDatanodeProtocolClientSideTranslatorPB.sendHeartbeat(StorageContainerDatanodeProtocolClientSideTranslatorPB.java:149)
        at org.apache.hadoop.ozone.container.common.states.endpoint.HeartbeatEndpointTask.call(HeartbeatEndpointTask.java:185)
        at org.apache.hadoop.ozone.container.common.states.endpoint.HeartbeatEndpointTask.call(HeartbeatEndpointTask.java:87)
        at java.util.concurrent.FutureTask.run(FutureTask.java:266)
        at java.util.concurrent.ThreadPoolExecutor.runWorker(ThreadPoolExecutor.java:1149)
        at java.util.concurrent.ThreadPoolExecutor$Worker.run(ThreadPoolExecutor.java:624)
        at java.lang.Thread.run(Thread.java:750)
"SSL Certificates Store Monitor" daemon prio=5 tid=719 in Object.wait()
java.lang.Thread.State: WAITING (on object monitor)
        at java.lang.Object.wait(Native Method)
        at java.lang.Object.wait(Object.java:502)
        at java.util.TimerThread.mainLoop(Timer.java:526)
        at java.util.TimerThread.run(Timer.java:505)
"surefire-forkedjvm-command-thread" daemon prio=5 tid=10 runnable
java.lang.Thread.State: RUNNABLE
        at java.io.FileInputStream.readBytes(Native Method)
        at java.io.FileInputStream.read(FileInputStream.java:255)
        at java.io.BufferedInputStream.read1(BufferedInputStream.java:284)
        at java.io.BufferedInputStream.read(BufferedInputStream.java:345)
        at java.io.BufferedInputStream.fill(BufferedInputStream.java:246)
        at java.io.BufferedInputStream.read1(BufferedInputStream.java:286)
        at java.io.BufferedInputStream.read(BufferedInputStream.java:345)
        at org.apache.maven.surefire.api.util.internal.Channels$3.readImpl(Channels.java:214)
        at org.apache.maven.surefire.api.util.internal.AbstractNoninterruptibleReadableChannel.read(AbstractNoninterruptibleReadableChannel.java:54)
        at org.apache.maven.surefire.booter.spi.LegacyMasterProcessChannelDecoder.decode(LegacyMasterProcessChannelDecoder.java:80)
        at org.apache.maven.surefire.booter.CommandReader$CommandRunnable.run(CommandReader.java:343)
        at java.lang.Thread.run(Thread.java:750)
"Signal Dispatcher" daemon prio=9 tid=4 runnable
java.lang.Thread.State: RUNNABLE
"EndpointStateMachine task thread for /127.0.0.1:44887 - 0 "  prio=5 tid=893 blocked
java.lang.Thread.State: BLOCKED
        at org.apache.hadoop.ipc.Client$Connection.addCall(Client.java:522)
        at org.apache.hadoop.ipc.Client$Connection.access$3700(Client.java:414)
        at org.apache.hadoop.ipc.Client.getConnection(Client.java:1634)
        at org.apache.hadoop.ipc.Client.call(Client.java:1463)
        at org.apache.hadoop.ipc.Client.call(Client.java:1416)
        at org.apache.hadoop.ipc.ProtobufRpcEngine$Invoker.invoke(ProtobufRpcEngine.java:236)
        at org.apache.hadoop.ipc.ProtobufRpcEngine$Invoker.invoke(ProtobufRpcEngine.java:123)
        at com.sun.proxy.$Proxy51.submitRequest(Unknown Source)
        at org.apache.hadoop.ozone.protocolPB.StorageContainerDatanodeProtocolClientSideTranslatorPB.submitRequest(StorageContainerDatanodeProtocolClientSideTranslatorPB.java:117)
        at org.apache.hadoop.ozone.protocolPB.StorageContainerDatanodeProtocolClientSideTranslatorPB.sendHeartbeat(StorageContainerDatanodeProtocolClientSideTranslatorPB.java:149)
        at org.apache.hadoop.ozone.container.common.states.endpoint.HeartbeatEndpointTask.call(HeartbeatEndpointTask.java:185)
        at org.apache.hadoop.ozone.container.common.states.endpoint.HeartbeatEndpointTask.call(HeartbeatEndpointTask.java:87)
        at java.util.concurrent.FutureTask.run(FutureTask.java:266)
        at java.util.concurrent.ThreadPoolExecutor.runWorker(ThreadPoolExecutor.java:1149)
        at java.util.concurrent.ThreadPoolExecutor$Worker.run(ThreadPoolExecutor.java:624)
        at java.lang.Thread.run(Thread.java:750)
"EndpointStateMachine task thread for /127.0.0.1:44349 - 0 "  prio=5 tid=935 timed_waiting
java.lang.Thread.State: TIMED_WAITING
        at java.lang.Thread.sleep(Native Method)
        at org.apache.hadoop.ipc.Client$Connection.handleConnectionFailure(Client.java:972)
        at org.apache.hadoop.ipc.Client$Connection.setupConnection(Client.java:724)
        at org.apache.hadoop.ipc.Client$Connection.setupIOstreams(Client.java:822)
        at org.apache.hadoop.ipc.Client$Connection.access$3800(Client.java:414)
        at org.apache.hadoop.ipc.Client.getConnection(Client.java:1647)
        at org.apache.hadoop.ipc.Client.call(Client.java:1463)
        at org.apache.hadoop.ipc.Client.call(Client.java:1416)
        at org.apache.hadoop.ipc.ProtobufRpcEngine$Invoker.invoke(ProtobufRpcEngine.java:236)
        at org.apache.hadoop.ipc.ProtobufRpcEngine$Invoker.invoke(ProtobufRpcEngine.java:123)
        at com.sun.proxy.$Proxy51.submitRequest(Unknown Source)
        at org.apache.hadoop.ozone.protocolPB.StorageContainerDatanodeProtocolClientSideTranslatorPB.submitRequest(StorageContainerDatanodeProtocolClientSideTranslatorPB.java:117)
        at org.apache.hadoop.ozone.protocolPB.StorageContainerDatanodeProtocolClientSideTranslatorPB.sendHeartbeat(StorageContainerDatanodeProtocolClientSideTranslatorPB.java:149)
        at org.apache.hadoop.ozone.container.common.states.endpoint.HeartbeatEndpointTask.call(HeartbeatEndpointTask.java:185)
        at org.apache.hadoop.ozone.container.common.states.endpoint.HeartbeatEndpointTask.call(HeartbeatEndpointTask.java:87)
        at java.util.concurrent.FutureTask.run(FutureTask.java:266)
        at java.util.concurrent.ThreadPoolExecutor.runWorker(ThreadPoolExecutor.java:1149)
        at java.util.concurrent.ThreadPoolExecutor$Worker.run(ThreadPoolExecutor.java:624)
        at java.lang.Thread.run(Thread.java:750)
"ExpiredContainerReplicaOpScrubberThread" daemon prio=5 tid=384 timed_waiting
java.lang.Thread.State: TIMED_WAITING
        at java.lang.Object.wait(Native Method)
        at org.apache.hadoop.hdds.scm.ha.BackgroundSCMService.run(BackgroundSCMService.java:110)
        at org.apache.hadoop.hdds.scm.ha.BackgroundSCMService$$Lambda$677/803323744.run(Unknown Source)
        at java.lang.Thread.run(Thread.java:750)
"ExpiredContainerReplicaOpScrubberThread" daemon prio=5 tid=35 timed_waiting
java.lang.Thread.State: TIMED_WAITING
        at java.lang.Object.wait(Native Method)
        at org.apache.hadoop.hdds.scm.ha.BackgroundSCMService.run(BackgroundSCMService.java:110)
        at org.apache.hadoop.hdds.scm.ha.BackgroundSCMService$$Lambda$677/803323744.run(Unknown Source)
        at java.lang.Thread.run(Thread.java:750)
"Datanode ReportManager Thread - 4" daemon prio=5 tid=842 in Object.wait()
java.lang.Thread.State: WAITING (on object monitor)
        at sun.misc.Unsafe.park(Native Method)
        at java.util.concurrent.locks.LockSupport.park(LockSupport.java:175)
        at java.util.concurrent.locks.AbstractQueuedSynchronizer$ConditionObject.await(AbstractQueuedSynchronizer.java:2044)
        at java.util.concurrent.ScheduledThreadPoolExecutor$DelayedWorkQueue.take(ScheduledThreadPoolExecutor.java:1088)
        at java.util.concurrent.ScheduledThreadPoolExecutor$DelayedWorkQueue.take(ScheduledThreadPoolExecutor.java:809)
        at java.util.concurrent.ThreadPoolExecutor.getTask(ThreadPoolExecutor.java:1074)
        at java.util.concurrent.ThreadPoolExecutor.runWorker(ThreadPoolExecutor.java:1134)
        at java.util.concurrent.ThreadPoolExecutor$Worker.run(ThreadPoolExecutor.java:624)
        at java.lang.Thread.run(Thread.java:750)
"org.apache.hadoop.ozone.container.common.statemachine.commandhandler.DeleteBlocksCommandHandler$DeleteCmdWorker@3216dd66" daemon prio=5 tid=795 runnable
java.lang.Thread.State: RUNNABLE
        at java.lang.Thread.sleep(Native Method)
        at org.apache.hadoop.ozone.container.common.statemachine.commandhandler.DeleteBlocksCommandHandler$DeleteCmdWorker.run(DeleteBlocksCommandHandler.java:183)
        at java.lang.Thread.run(Thread.java:750)
"ExpiredContainerReplicaOpScrubberThread" daemon prio=5 tid=498 timed_waiting
java.lang.Thread.State: TIMED_WAITING
        at java.lang.Object.wait(Native Method)
        at org.apache.hadoop.hdds.scm.ha.BackgroundSCMService.run(BackgroundSCMService.java:110)
        at org.apache.hadoop.hdds.scm.ha.BackgroundSCMService$$Lambda$677/803323744.run(Unknown Source)
        at java.lang.Thread.run(Thread.java:750)
"Datanode ReportManager Thread - 1" daemon prio=5 tid=839 in Object.wait()
java.lang.Thread.State: WAITING (on object monitor)
        at sun.misc.Unsafe.park(Native Method)
        at java.util.concurrent.locks.LockSupport.park(LockSupport.java:175)
        at java.util.concurrent.locks.AbstractQueuedSynchronizer$ConditionObject.await(AbstractQueuedSynchronizer.java:2044)
        at java.util.concurrent.ScheduledThreadPoolExecutor$DelayedWorkQueue.take(ScheduledThreadPoolExecutor.java:1088)
        at java.util.concurrent.ScheduledThreadPoolExecutor$DelayedWorkQueue.take(ScheduledThreadPoolExecutor.java:809)
        at java.util.concurrent.ThreadPoolExecutor.getTask(ThreadPoolExecutor.java:1074)
        at java.util.concurrent.ThreadPoolExecutor.runWorker(ThreadPoolExecutor.java:1134)
        at java.util.concurrent.ThreadPoolExecutor$Worker.run(ThreadPoolExecutor.java:624)
        at java.lang.Thread.run(Thread.java:750)
"EndpointStateMachine task thread for /127.0.0.1:35983 - 0 "  prio=5 tid=892 blocked
java.lang.Thread.State: BLOCKED
        at org.apache.hadoop.ipc.Client$Connection.addCall(Client.java:522)
        at org.apache.hadoop.ipc.Client$Connection.access$3700(Client.java:414)
        at org.apache.hadoop.ipc.Client.getConnection(Client.java:1634)
        at org.apache.hadoop.ipc.Client.call(Client.java:1463)
        at org.apache.hadoop.ipc.Client.call(Client.java:1416)
        at org.apache.hadoop.ipc.ProtobufRpcEngine$Invoker.invoke(ProtobufRpcEngine.java:236)
        at org.apache.hadoop.ipc.ProtobufRpcEngine$Invoker.invoke(ProtobufRpcEngine.java:123)
        at com.sun.proxy.$Proxy51.submitRequest(Unknown Source)
        at org.apache.hadoop.ozone.protocolPB.StorageContainerDatanodeProtocolClientSideTranslatorPB.submitRequest(StorageContainerDatanodeProtocolClientSideTranslatorPB.java:117)
        at org.apache.hadoop.ozone.protocolPB.StorageContainerDatanodeProtocolClientSideTranslatorPB.sendHeartbeat(StorageContainerDatanodeProtocolClientSideTranslatorPB.java:149)
        at org.apache.hadoop.ozone.container.common.states.endpoint.HeartbeatEndpointTask.call(HeartbeatEndpointTask.java:185)
        at org.apache.hadoop.ozone.container.common.states.endpoint.HeartbeatEndpointTask.call(HeartbeatEndpointTask.java:87)
        at java.util.concurrent.FutureTask.run(FutureTask.java:266)
        at java.util.concurrent.ThreadPoolExecutor.runWorker(ThreadPoolExecutor.java:1149)
        at java.util.concurrent.ThreadPoolExecutor$Worker.run(ThreadPoolExecutor.java:624)
        at java.lang.Thread.run(Thread.java:750)
"SSL Certificates Store Monitor" daemon prio=5 tid=606 in Object.wait()
java.lang.Thread.State: WAITING (on object monitor)
        at java.lang.Object.wait(Native Method)
        at java.lang.Object.wait(Object.java:502)
        at java.util.TimerThread.mainLoop(Timer.java:526)
        at java.util.TimerThread.run(Timer.java:505)
"EndpointStateMachine task thread for /127.0.0.1:44887 - 0 "  prio=5 tid=934 blocked
java.lang.Thread.State: BLOCKED
        at org.apache.hadoop.ipc.Client$Connection.addCall(Client.java:522)
        at org.apache.hadoop.ipc.Client$Connection.access$3700(Client.java:414)
        at org.apache.hadoop.ipc.Client.getConnection(Client.java:1634)
        at org.apache.hadoop.ipc.Client.call(Client.java:1463)
        at org.apache.hadoop.ipc.Client.call(Client.java:1416)
        at org.apache.hadoop.ipc.ProtobufRpcEngine$Invoker.invoke(ProtobufRpcEngine.java:236)
        at org.apache.hadoop.ipc.ProtobufRpcEngine$Invoker.invoke(ProtobufRpcEngine.java:123)
        at com.sun.proxy.$Proxy51.submitRequest(Unknown Source)
        at org.apache.hadoop.ozone.protocolPB.StorageContainerDatanodeProtocolClientSideTranslatorPB.submitRequest(StorageContainerDatanodeProtocolClientSideTranslatorPB.java:117)
        at org.apache.hadoop.ozone.protocolPB.StorageContainerDatanodeProtocolClientSideTranslatorPB.sendHeartbeat(StorageContainerDatanodeProtocolClientSideTranslatorPB.java:149)
        at org.apache.hadoop.ozone.container.common.states.endpoint.HeartbeatEndpointTask.call(HeartbeatEndpointTask.java:185)
        at org.apache.hadoop.ozone.container.common.states.endpoint.HeartbeatEndpointTask.call(HeartbeatEndpointTask.java:87)
        at java.util.concurrent.FutureTask.run(FutureTask.java:266)
        at java.util.concurrent.ThreadPoolExecutor.runWorker(ThreadPoolExecutor.java:1149)
        at java.util.concurrent.ThreadPoolExecutor$Worker.run(ThreadPoolExecutor.java:624)
        at java.lang.Thread.run(Thread.java:750)
"Finalizer" daemon prio=8 tid=3 in Object.wait()
java.lang.Thread.State: WAITING (on object monitor)
        at java.lang.Object.wait(Native Method)
        at java.lang.ref.ReferenceQueue.remove(ReferenceQueue.java:144)
        at java.lang.ref.ReferenceQueue.remove(ReferenceQueue.java:165)
        at java.lang.ref.Finalizer$FinalizerThread.run(Finalizer.java:216)
"Reference Handler" daemon prio=10 tid=2 blocked
java.lang.Thread.State: BLOCKED
        at java.lang.Object.wait(Native Method)
        at java.lang.Object.wait(Object.java:502)
        at java.lang.ref.Reference.tryHandlePending(Reference.java:191)
        at java.lang.ref.Reference$ReferenceHandler.run(Reference.java:153)
"Datanode ReportManager Thread - 2" daemon prio=5 tid=809 in Object.wait()
java.lang.Thread.State: WAITING (on object monitor)
        at sun.misc.Unsafe.park(Native Method)
        at java.util.concurrent.locks.LockSupport.park(LockSupport.java:175)
        at java.util.concurrent.locks.AbstractQueuedSynchronizer$ConditionObject.await(AbstractQueuedSynchronizer.java:2044)
        at java.util.concurrent.ScheduledThreadPoolExecutor$DelayedWorkQueue.take(ScheduledThreadPoolExecutor.java:1088)
        at java.util.concurrent.ScheduledThreadPoolExecutor$DelayedWorkQueue.take(ScheduledThreadPoolExecutor.java:809)
        at java.util.concurrent.ThreadPoolExecutor.getTask(ThreadPoolExecutor.java:1074)
        at java.util.concurrent.ThreadPoolExecutor.runWorker(ThreadPoolExecutor.java:1134)
        at java.util.concurrent.ThreadPoolExecutor$Worker.run(ThreadPoolExecutor.java:624)
        at java.lang.Thread.run(Thread.java:750)
"IPC Parameter Sending Thread #0" daemon prio=5 tid=272 timed_waiting
java.lang.Thread.State: TIMED_WAITING
        at sun.misc.Unsafe.park(Native Method)
        at java.util.concurrent.locks.LockSupport.parkNanos(LockSupport.java:215)
        at java.util.concurrent.SynchronousQueue$TransferStack.awaitFulfill(SynchronousQueue.java:460)
        at java.util.concurrent.SynchronousQueue$TransferStack.transfer(SynchronousQueue.java:362)
        at java.util.concurrent.SynchronousQueue.poll(SynchronousQueue.java:941)
        at java.util.concurrent.ThreadPoolExecutor.getTask(ThreadPoolExecutor.java:1073)
        at java.util.concurrent.ThreadPoolExecutor.runWorker(ThreadPoolExecutor.java:1134)
        at java.util.concurrent.ThreadPoolExecutor$Worker.run(ThreadPoolExecutor.java:624)
        at java.lang.Thread.run(Thread.java:750)
"FullTableCache Cleanup Thread - 0" daemon prio=5 tid=1177 in Object.wait()
java.lang.Thread.State: WAITING (on object monitor)
        at sun.misc.Unsafe.park(Native Method)
        at java.util.concurrent.locks.LockSupport.park(LockSupport.java:175)
        at java.util.concurrent.locks.AbstractQueuedSynchronizer$ConditionObject.await(AbstractQueuedSynchronizer.java:2044)
        at java.util.concurrent.LinkedBlockingQueue.take(LinkedBlockingQueue.java:442)
        at java.util.concurrent.ThreadPoolExecutor.getTask(ThreadPoolExecutor.java:1074)
        at java.util.concurrent.ThreadPoolExecutor.runWorker(ThreadPoolExecutor.java:1134)
        at java.util.concurrent.ThreadPoolExecutor$Worker.run(ThreadPoolExecutor.java:624)
        at java.lang.Thread.run(Thread.java:750)
"Datanode ReportManager Thread - 1" daemon prio=5 tid=808 in Object.wait()
java.lang.Thread.State: WAITING (on object monitor)
        at sun.misc.Unsafe.park(Native Method)
        at java.util.concurrent.locks.LockSupport.park(LockSupport.java:175)
        at java.util.concurrent.locks.AbstractQueuedSynchronizer$ConditionObject.await(AbstractQueuedSynchronizer.java:2044)
        at java.util.concurrent.ScheduledThreadPoolExecutor$DelayedWorkQueue.take(ScheduledThreadPoolExecutor.java:1088)
        at java.util.concurrent.ScheduledThreadPoolExecutor$DelayedWorkQueue.take(ScheduledThreadPoolExecutor.java:809)
        at java.util.concurrent.ThreadPoolExecutor.getTask(ThreadPoolExecutor.java:1074)
        at java.util.concurrent.ThreadPoolExecutor.runWorker(ThreadPoolExecutor.java:1134)
        at java.util.concurrent.ThreadPoolExecutor$Worker.run(ThreadPoolExecutor.java:624)
        at java.lang.Thread.run(Thread.java:750)
"org.apache.hadoop.ozone.container.common.statemachine.commandhandler.DeleteBlocksCommandHandler$DeleteCmdWorker@788fb3ed" daemon prio=5 tid=826 runnable
java.lang.Thread.State: RUNNABLE
        at java.lang.Thread.sleep(Native Method)
        at org.apache.hadoop.ozone.container.common.statemachine.commandhandler.DeleteBlocksCommandHandler$DeleteCmdWorker.run(DeleteBlocksCommandHandler.java:183)
        at java.lang.Thread.run(Thread.java:750)
"FullTableCache Cleanup Thread - 0" daemon prio=5 tid=1169 in Object.wait()
java.lang.Thread.State: WAITING (on object monitor)
        at sun.misc.Unsafe.park(Native Method)
        at java.util.concurrent.locks.LockSupport.park(LockSupport.java:175)
        at java.util.concurrent.locks.AbstractQueuedSynchronizer$ConditionObject.await(AbstractQueuedSynchronizer.java:2044)
        at java.util.concurrent.LinkedBlockingQueue.take(LinkedBlockingQueue.java:442)
        at java.util.concurrent.ThreadPoolExecutor.getTask(ThreadPoolExecutor.java:1074)
        at java.util.concurrent.ThreadPoolExecutor.runWorker(ThreadPoolExecutor.java:1134)
        at java.util.concurrent.ThreadPoolExecutor$Worker.run(ThreadPoolExecutor.java:624)
        at java.lang.Thread.run(Thread.java:750)
"Datanode ReportManager Thread - 2" daemon prio=5 tid=866 in Object.wait()
java.lang.Thread.State: WAITING (on object monitor)
        at sun.misc.Unsafe.park(Native Method)
        at java.util.concurrent.locks.LockSupport.park(LockSupport.java:175)
        at java.util.concurrent.locks.AbstractQueuedSynchronizer$ConditionObject.await(AbstractQueuedSynchronizer.java:2044)
        at java.util.concurrent.ScheduledThreadPoolExecutor$DelayedWorkQueue.take(ScheduledThreadPoolExecutor.java:1088)
        at java.util.concurrent.ScheduledThreadPoolExecutor$DelayedWorkQueue.take(ScheduledThreadPoolExecutor.java:809)
        at java.util.concurrent.ThreadPoolExecutor.getTask(ThreadPoolExecutor.java:1074)
        at java.util.concurrent.ThreadPoolExecutor.runWorker(ThreadPoolExecutor.java:1134)
        at java.util.concurrent.ThreadPoolExecutor$Worker.run(ThreadPoolExecutor.java:624)
        at java.lang.Thread.run(Thread.java:750)
"EndpointStateMachine task thread for /127.0.0.1:44887 - 0 "  prio=5 tid=917 timed_waiting
java.lang.Thread.State: TIMED_WAITING
        at java.lang.Thread.sleep(Native Method)
        at org.apache.hadoop.ipc.Client$Connection.handleConnectionFailure(Client.java:972)
        at org.apache.hadoop.ipc.Client$Connection.setupConnection(Client.java:724)
        at org.apache.hadoop.ipc.Client$Connection.setupIOstreams(Client.java:822)
        at org.apache.hadoop.ipc.Client$Connection.access$3800(Client.java:414)
        at org.apache.hadoop.ipc.Client.getConnection(Client.java:1647)
        at org.apache.hadoop.ipc.Client.call(Client.java:1463)
        at org.apache.hadoop.ipc.Client.call(Client.java:1416)
        at org.apache.hadoop.ipc.ProtobufRpcEngine$Invoker.invoke(ProtobufRpcEngine.java:236)
        at org.apache.hadoop.ipc.ProtobufRpcEngine$Invoker.invoke(ProtobufRpcEngine.java:123)
        at com.sun.proxy.$Proxy51.submitRequest(Unknown Source)
        at org.apache.hadoop.ozone.protocolPB.StorageContainerDatanodeProtocolClientSideTranslatorPB.submitRequest(StorageContainerDatanodeProtocolClientSideTranslatorPB.java:117)
        at org.apache.hadoop.ozone.protocolPB.StorageContainerDatanodeProtocolClientSideTranslatorPB.sendHeartbeat(StorageContainerDatanodeProtocolClientSideTranslatorPB.java:149)
        at org.apache.hadoop.ozone.container.common.states.endpoint.HeartbeatEndpointTask.call(HeartbeatEndpointTask.java:185)
        at org.apache.hadoop.ozone.container.common.states.endpoint.HeartbeatEndpointTask.call(HeartbeatEndpointTask.java:87)
        at java.util.concurrent.FutureTask.run(FutureTask.java:266)
        at java.util.concurrent.ThreadPoolExecutor.runWorker(ThreadPoolExecutor.java:1149)
        at java.util.concurrent.ThreadPoolExecutor$Worker.run(ThreadPoolExecutor.java:624)
        at java.lang.Thread.run(Thread.java:750)
"EndpointStateMachine task thread for /127.0.0.1:44349 - 0 "  prio=5 tid=916 blocked
java.lang.Thread.State: BLOCKED
        at org.apache.hadoop.ipc.Client$Connection.addCall(Client.java:522)
        at org.apache.hadoop.ipc.Client$Connection.access$3700(Client.java:414)
        at org.apache.hadoop.ipc.Client.getConnection(Client.java:1634)
        at org.apache.hadoop.ipc.Client.call(Client.java:1463)
        at org.apache.hadoop.ipc.Client.call(Client.java:1416)
        at org.apache.hadoop.ipc.ProtobufRpcEngine$Invoker.invoke(ProtobufRpcEngine.java:236)
        at org.apache.hadoop.ipc.ProtobufRpcEngine$Invoker.invoke(ProtobufRpcEngine.java:123)
        at com.sun.proxy.$Proxy51.submitRequest(Unknown Source)
        at org.apache.hadoop.ozone.protocolPB.StorageContainerDatanodeProtocolClientSideTranslatorPB.submitRequest(StorageContainerDatanodeProtocolClientSideTranslatorPB.java:117)
        at org.apache.hadoop.ozone.protocolPB.StorageContainerDatanodeProtocolClientSideTranslatorPB.sendHeartbeat(StorageContainerDatanodeProtocolClientSideTranslatorPB.java:149)
        at org.apache.hadoop.ozone.container.common.states.endpoint.HeartbeatEndpointTask.call(HeartbeatEndpointTask.java:185)
        at org.apache.hadoop.ozone.container.common.states.endpoint.HeartbeatEndpointTask.call(HeartbeatEndpointTask.java:87)
        at java.util.concurrent.FutureTask.run(FutureTask.java:266)
        at java.util.concurrent.ThreadPoolExecutor.runWorker(ThreadPoolExecutor.java:1149)
        at java.util.concurrent.ThreadPoolExecutor$Worker.run(ThreadPoolExecutor.java:624)
        at java.lang.Thread.run(Thread.java:750)
"FullTableCache Cleanup Thread - 0" daemon prio=5 tid=1170 in Object.wait()
java.lang.Thread.State: WAITING (on object monitor)
        at sun.misc.Unsafe.park(Native Method)
        at java.util.concurrent.locks.LockSupport.park(LockSupport.java:175)
        at java.util.concurrent.locks.AbstractQueuedSynchronizer$ConditionObject.await(AbstractQueuedSynchronizer.java:2044)
        at java.util.concurrent.LinkedBlockingQueue.take(LinkedBlockingQueue.java:442)
        at java.util.concurrent.ThreadPoolExecutor.getTask(ThreadPoolExecutor.java:1074)
        at java.util.concurrent.ThreadPoolExecutor.runWorker(ThreadPoolExecutor.java:1134)
        at java.util.concurrent.ThreadPoolExecutor$Worker.run(ThreadPoolExecutor.java:624)
        at java.lang.Thread.run(Thread.java:750)
"main"  prio=5 tid=1 timed_waiting
java.lang.Thread.State: TIMED_WAITING
        at sun.misc.Unsafe.park(Native Method)
        at java.util.concurrent.locks.LockSupport.parkNanos(LockSupport.java:215)
        at java.util.concurrent.FutureTask.awaitDone(FutureTask.java:426)
        at java.util.concurrent.FutureTask.get(FutureTask.java:204)
        at org.junit.internal.runners.statements.FailOnTimeout.getResult(FailOnTimeout.java:156)
        at org.junit.internal.runners.statements.FailOnTimeout.evaluate(FailOnTimeout.java:129)
        at org.junit.runners.ParentRunner$3.evaluate(ParentRunner.java:306)
        at org.junit.runners.BlockJUnit4ClassRunner$1.evaluate(BlockJUnit4ClassRunner.java:100)
        at org.junit.runners.ParentRunner.runLeaf(ParentRunner.java:366)
        at org.junit.runners.BlockJUnit4ClassRunner.runChild(BlockJUnit4ClassRunner.java:103)
        at org.junit.runners.BlockJUnit4ClassRunner.runChild(BlockJUnit4ClassRunner.java:63)
        at org.junit.runners.ParentRunner$4.run(ParentRunner.java:331)
        at org.junit.runners.ParentRunner$1.schedule(ParentRunner.java:79)
        at org.junit.runners.ParentRunner.runChildren(ParentRunner.java:329)
        at org.junit.runners.ParentRunner.access$100(ParentRunner.java:66)
        at org.junit.runners.ParentRunner$2.evaluate(ParentRunner.java:293)
        at org.junit.runners.ParentRunner$3.evaluate(ParentRunner.java:306)
        at org.junit.runners.ParentRunner.run(ParentRunner.java:413)
        at org.junit.runner.JUnitCore.run(JUnitCore.java:137)
        at org.junit.runner.JUnitCore.run(JUnitCore.java:115)
        at org.junit.vintage.engine.execution.RunnerExecutor.execute(RunnerExecutor.java:42)
        at org.junit.vintage.engine.VintageTestEngine.executeAllChildren(VintageTestEngine.java:80)
        at org.junit.vintage.engine.VintageTestEngine.execute(VintageTestEngine.java:72)
        at org.junit.platform.launcher.core.EngineExecutionOrchestrator.execute(EngineExecutionOrchestrator.java:107)
        at org.junit.platform.launcher.core.EngineExecutionOrchestrator.execute(EngineExecutionOrchestrator.java:88)
        at org.junit.platform.launcher.core.EngineExecutionOrchestrator.lambda$execute$0(EngineExecutionOrchestrator.java:54)
        at org.junit.platform.launcher.core.EngineExecutionOrchestrator$$Lambda$188/1112414583.accept(Unknown Source)
        at org.junit.platform.launcher.core.EngineExecutionOrchestrator.withInterceptedStreams(EngineExecutionOrchestrator.java:67)
        at org.junit.platform.launcher.core.EngineExecutionOrchestrator.execute(EngineExecutionOrchestrator.java:52)
        at org.junit.platform.launcher.core.DefaultLauncher.execute(DefaultLauncher.java:114)
        at org.junit.platform.launcher.core.DefaultLauncher.execute(DefaultLauncher.java:86)
        at org.junit.platform.launcher.core.DefaultLauncherSession$DelegatingLauncher.execute(DefaultLauncherSession.java:86)
        at org.junit.platform.launcher.core.SessionPerRequestLauncher.execute(SessionPerRequestLauncher.java:53)
        at org.apache.maven.surefire.junitplatform.JUnitPlatformProvider.execute(JUnitPlatformProvider.java:188)
        at org.apache.maven.surefire.junitplatform.JUnitPlatformProvider.invokeAllTests(JUnitPlatformProvider.java:154)
        at org.apache.maven.surefire.junitplatform.JUnitPlatformProvider.invoke(JUnitPlatformProvider.java:124)
        at org.apache.maven.surefire.booter.ForkedBooter.runSuitesInProcess(ForkedBooter.java:428)
        at org.apache.maven.surefire.booter.ForkedBooter.execute(ForkedBooter.java:162)
        at org.apache.maven.surefire.booter.ForkedBooter.run(ForkedBooter.java:562)
        at org.apache.maven.surefire.booter.ForkedBooter.main(ForkedBooter.java:548)
"java.util.concurrent.ThreadPoolExecutor$Worker@340cefca[State = -1, empty queue]" daemon prio=5 tid=1059 timed_waiting
java.lang.Thread.State: TIMED_WAITING
        at sun.misc.Unsafe.park(Native Method)
        at java.util.concurrent.locks.LockSupport.parkNanos(LockSupport.java:215)
        at java.util.concurrent.locks.AbstractQueuedSynchronizer$ConditionObject.awaitNanos(AbstractQueuedSynchronizer.java:2083)
        at java.util.concurrent.ScheduledThreadPoolExecutor$DelayedWorkQueue.take(ScheduledThreadPoolExecutor.java:1093)
        at java.util.concurrent.ScheduledThreadPoolExecutor$DelayedWorkQueue.take(ScheduledThreadPoolExecutor.java:809)
        at java.util.concurrent.ThreadPoolExecutor.getTask(ThreadPoolExecutor.java:1074)
        at java.util.concurrent.ThreadPoolExecutor.runWorker(ThreadPoolExecutor.java:1134)
        at java.util.concurrent.ThreadPoolExecutor$Worker.run(ThreadPoolExecutor.java:624)
        at java.lang.Thread.run(Thread.java:750)
"Listener at 127.0.0.1/46797" daemon prio=5 tid=12 runnable
java.lang.Thread.State: RUNNABLE
        at java.lang.Thread.dumpThreads(Native Method)
        at java.lang.Thread.getAllStackTraces(Thread.java:1615)
        at org.apache.ozone.test.TimedOutTestsListener.buildThreadDump(TimedOutTestsListener.java:93)
        at org.apache.ozone.test.TimedOutTestsListener.buildThreadDiagnosticString(TimedOutTestsListener.java:79)
        at org.apache.ozone.test.GenericTestUtils.waitFor(GenericTestUtils.java:224)
        at org.apache.hadoop.ozone.parser.TestOzoneHARatisLogParser.testRatisLogParsing(TestOzoneHARatisLogParser.java:129)
        at sun.reflect.NativeMethodAccessorImpl.invoke0(Native Method)
        at sun.reflect.NativeMethodAccessorImpl.invoke(NativeMethodAccessorImpl.java:62)
        at sun.reflect.DelegatingMethodAccessorImpl.invoke(DelegatingMethodAccessorImpl.java:43)
        at java.lang.reflect.Method.invoke(Method.java:498)
        at org.junit.runners.model.FrameworkMethod$1.runReflectiveCall(FrameworkMethod.java:59)
        at org.junit.internal.runners.model.ReflectiveCallable.run(ReflectiveCallable.java:12)
        at org.junit.runners.model.FrameworkMethod.invokeExplosively(FrameworkMethod.java:56)
        at org.junit.internal.runners.statements.InvokeMethod.evaluate(InvokeMethod.java:17)
        at org.junit.internal.runners.statements.RunBefores.evaluate(RunBefores.java:26)
        at org.junit.internal.runners.statements.RunAfters.evaluate(RunAfters.java:27)
        at org.junit.internal.runners.statements.FailOnTimeout$CallableStatement.call(FailOnTimeout.java:288)
        at org.junit.internal.runners.statements.FailOnTimeout$CallableStatement.call(FailOnTimeout.java:282)
        at java.util.concurrent.FutureTask.run(FutureTask.java:266)
        at java.lang.Thread.run(Thread.java:750)
"Datanode ReportManager Thread - 4" daemon prio=5 tid=812 timed_waiting
java.lang.Thread.State: TIMED_WAITING
        at sun.misc.Unsafe.park(Native Method)
        at java.util.concurrent.locks.LockSupport.parkNanos(LockSupport.java:215)
        at java.util.concurrent.locks.AbstractQueuedSynchronizer$ConditionObject.awaitNanos(AbstractQueuedSynchronizer.java:2083)
        at java.util.concurrent.ScheduledThreadPoolExecutor$DelayedWorkQueue.take(ScheduledThreadPoolExecutor.java:1093)
        at java.util.concurrent.ScheduledThreadPoolExecutor$DelayedWorkQueue.take(ScheduledThreadPoolExecutor.java:809)
        at java.util.concurrent.ThreadPoolExecutor.getTask(ThreadPoolExecutor.java:1074)
        at java.util.concurrent.ThreadPoolExecutor.runWorker(ThreadPoolExecutor.java:1134)
        at java.util.concurrent.ThreadPoolExecutor$Worker.run(ThreadPoolExecutor.java:624)
        at java.lang.Thread.run(Thread.java:750)
"Datanode ReportManager Thread - 4" daemon prio=5 tid=868 in Object.wait()
java.lang.Thread.State: WAITING (on object monitor)
        at sun.misc.Unsafe.park(Native Method)
        at java.util.concurrent.locks.LockSupport.park(LockSupport.java:175)
        at java.util.concurrent.locks.AbstractQueuedSynchronizer$ConditionObject.await(AbstractQueuedSynchronizer.java:2044)
        at java.util.concurrent.ScheduledThreadPoolExecutor$DelayedWorkQueue.take(ScheduledThreadPoolExecutor.java:1088)
        at java.util.concurrent.ScheduledThreadPoolExecutor$DelayedWorkQueue.take(ScheduledThreadPoolExecutor.java:809)
        at java.util.concurrent.ThreadPoolExecutor.getTask(ThreadPoolExecutor.java:1074)
        at java.util.concurrent.ThreadPoolExecutor.runWorker(ThreadPoolExecutor.java:1134)
        at java.util.concurrent.ThreadPoolExecutor$Worker.run(ThreadPoolExecutor.java:624)
        at java.lang.Thread.run(Thread.java:750)
"Datanode ReportManager Thread - 3" daemon prio=5 tid=810 in Object.wait()
java.lang.Thread.State: WAITING (on object monitor)
        at sun.misc.Unsafe.park(Native Method)
        at java.util.concurrent.locks.LockSupport.park(LockSupport.java:175)
        at java.util.concurrent.locks.AbstractQueuedSynchronizer$ConditionObject.await(AbstractQueuedSynchronizer.java:2044)
        at java.util.concurrent.ScheduledThreadPoolExecutor$DelayedWorkQueue.take(ScheduledThreadPoolExecutor.java:1088)
        at java.util.concurrent.ScheduledThreadPoolExecutor$DelayedWorkQueue.take(ScheduledThreadPoolExecutor.java:809)
        at java.util.concurrent.ThreadPoolExecutor.getTask(ThreadPoolExecutor.java:1074)
        at java.util.concurrent.ThreadPoolExecutor.runWorker(ThreadPoolExecutor.java:1134)
        at java.util.concurrent.ThreadPoolExecutor$Worker.run(ThreadPoolExecutor.java:624)
        at java.lang.Thread.run(Thread.java:750)
"EndpointStateMachine task thread for /127.0.0.1:44349 - 0 "  prio=5 tid=894 blocked
java.lang.Thread.State: BLOCKED
        at org.apache.hadoop.ipc.Client$Connection.addCall(Client.java:522)
        at org.apache.hadoop.ipc.Client$Connection.access$3700(Client.java:414)
        at org.apache.hadoop.ipc.Client.getConnection(Client.java:1634)
        at org.apache.hadoop.ipc.Client.call(Client.java:1463)
        at org.apache.hadoop.ipc.Client.call(Client.java:1416)
        at org.apache.hadoop.ipc.ProtobufRpcEngine$Invoker.invoke(ProtobufRpcEngine.java:236)
        at org.apache.hadoop.ipc.ProtobufRpcEngine$Invoker.invoke(ProtobufRpcEngine.java:123)
        at com.sun.proxy.$Proxy51.submitRequest(Unknown Source)
        at org.apache.hadoop.ozone.protocolPB.StorageContainerDatanodeProtocolClientSideTranslatorPB.submitRequest(StorageContainerDatanodeProtocolClientSideTranslatorPB.java:117)
        at org.apache.hadoop.ozone.protocolPB.StorageContainerDatanodeProtocolClientSideTranslatorPB.sendHeartbeat(StorageContainerDatanodeProtocolClientSideTranslatorPB.java:149)
        at org.apache.hadoop.ozone.container.common.states.endpoint.HeartbeatEndpointTask.call(HeartbeatEndpointTask.java:185)
        at org.apache.hadoop.ozone.container.common.states.endpoint.HeartbeatEndpointTask.call(HeartbeatEndpointTask.java:87)
        at java.util.concurrent.FutureTask.run(FutureTask.java:266)
        at java.util.concurrent.ThreadPoolExecutor.runWorker(ThreadPoolExecutor.java:1149)
        at java.util.concurrent.ThreadPoolExecutor$Worker.run(ThreadPoolExecutor.java:624)
        at java.lang.Thread.run(Thread.java:750)
"Datanode ReportManager Thread - 0" daemon prio=5 tid=807 in Object.wait()
java.lang.Thread.State: WAITING (on object monitor)
        at sun.misc.Unsafe.park(Native Method)
        at java.util.concurrent.locks.LockSupport.park(LockSupport.java:175)
        at java.util.concurrent.locks.AbstractQueuedSynchronizer$ConditionObject.await(AbstractQueuedSynchronizer.java:2044)
        at java.util.concurrent.ScheduledThreadPoolExecutor$DelayedWorkQueue.take(ScheduledThreadPoolExecutor.java:1088)
        at java.util.concurrent.ScheduledThreadPoolExecutor$DelayedWorkQueue.take(ScheduledThreadPoolExecutor.java:809)
        at java.util.concurrent.ThreadPoolExecutor.getTask(ThreadPoolExecutor.java:1074)
        at java.util.concurrent.ThreadPoolExecutor.runWorker(ThreadPoolExecutor.java:1134)
        at java.util.concurrent.ThreadPoolExecutor$Worker.run(ThreadPoolExecutor.java:624)
        at java.lang.Thread.run(Thread.java:750)
"FullTableCache Cleanup Thread - 0" daemon prio=5 tid=1176 in Object.wait()
java.lang.Thread.State: WAITING (on object monitor)
        at sun.misc.Unsafe.park(Native Method)
        at java.util.concurrent.locks.LockSupport.park(LockSupport.java:175)
        at java.util.concurrent.locks.AbstractQueuedSynchronizer$ConditionObject.await(AbstractQueuedSynchronizer.java:2044)
        at java.util.concurrent.LinkedBlockingQueue.take(LinkedBlockingQueue.java:442)
        at java.util.concurrent.ThreadPoolExecutor.getTask(ThreadPoolExecutor.java:1074)
        at java.util.concurrent.ThreadPoolExecutor.runWorker(ThreadPoolExecutor.java:1134)
        at java.util.concurrent.ThreadPoolExecutor$Worker.run(ThreadPoolExecutor.java:624)
        at java.lang.Thread.run(Thread.java:750)
"org.apache.hadoop.ozone.container.common.statemachine.commandhandler.DeleteBlocksCommandHandler$DeleteCmdWorker@10fd8f73" daemon prio=5 tid=852 runnable
java.lang.Thread.State: RUNNABLE
        at java.lang.Thread.sleep(Native Method)
        at org.apache.hadoop.ozone.container.common.statemachine.commandhandler.DeleteBlocksCommandHandler$DeleteCmdWorker.run(DeleteBlocksCommandHandler.java:183)
        at java.lang.Thread.run(Thread.java:750)
"IPC Parameter Sending Thread #2" daemon prio=5 tid=899 timed_waiting
java.lang.Thread.State: TIMED_WAITING
        at sun.misc.Unsafe.park(Native Method)
        at java.util.concurrent.locks.LockSupport.parkNanos(LockSupport.java:215)
        at java.util.concurrent.SynchronousQueue$TransferStack.awaitFulfill(SynchronousQueue.java:460)
        at java.util.concurrent.SynchronousQueue$TransferStack.transfer(SynchronousQueue.java:362)
        at java.util.concurrent.SynchronousQueue.poll(SynchronousQueue.java:941)
        at java.util.concurrent.ThreadPoolExecutor.getTask(ThreadPoolExecutor.java:1073)
        at java.util.concurrent.ThreadPoolExecutor.runWorker(ThreadPoolExecutor.java:1134)
        at java.util.concurrent.ThreadPoolExecutor$Worker.run(ThreadPoolExecutor.java:624)
        at java.lang.Thread.run(Thread.java:750)
"IPC Parameter Sending Thread #1" daemon prio=5 tid=898 timed_waiting
java.lang.Thread.State: TIMED_WAITING
        at sun.misc.Unsafe.park(Native Method)
        at java.util.concurrent.locks.LockSupport.parkNanos(LockSupport.java:215)
        at java.util.concurrent.SynchronousQueue$TransferStack.awaitFulfill(SynchronousQueue.java:460)
        at java.util.concurrent.SynchronousQueue$TransferStack.transfer(SynchronousQueue.java:362)
        at java.util.concurrent.SynchronousQueue.poll(SynchronousQueue.java:941)
        at java.util.concurrent.ThreadPoolExecutor.getTask(ThreadPoolExecutor.java:1073)
        at java.util.concurrent.ThreadPoolExecutor.runWorker(ThreadPoolExecutor.java:1134)
        at java.util.concurrent.ThreadPoolExecutor$Worker.run(ThreadPoolExecutor.java:624)
        at java.lang.Thread.run(Thread.java:750)
"SSL Certificates Store Monitor" daemon prio=5 tid=662 in Object.wait()
java.lang.Thread.State: WAITING (on object monitor)
        at java.lang.Object.wait(Native Method)
        at java.lang.Object.wait(Object.java:502)
        at java.util.TimerThread.mainLoop(Timer.java:526)
        at java.util.TimerThread.run(Timer.java:505)


	at org.apache.ozone.test.GenericTestUtils.waitFor(GenericTestUtils.java:224)
	at org.apache.hadoop.ozone.parser.TestOzoneHARatisLogParser.testRatisLogParsing(TestOzoneHARatisLogParser.java:129)
	at sun.reflect.NativeMethodAccessorImpl.invoke0(Native Method)
	at sun.reflect.NativeMethodAccessorImpl.invoke(NativeMethodAccessorImpl.java:62)
	at sun.reflect.DelegatingMethodAccessorImpl.invoke(DelegatingMethodAccessorImpl.java:43)
	at java.lang.reflect.Method.invoke(Method.java:498)
	at org.junit.runners.model.FrameworkMethod$1.runReflectiveCall(FrameworkMethod.java:59)
	at org.junit.internal.runners.model.ReflectiveCallable.run(ReflectiveCallable.java:12)
	at org.junit.runners.model.FrameworkMethod.invokeExplosively(FrameworkMethod.java:56)
	at org.junit.internal.runners.statements.InvokeMethod.evaluate(InvokeMethod.java:17)
	at org.junit.internal.runners.statements.RunBefores.evaluate(RunBefores.java:26)
	at org.junit.internal.runners.statements.RunAfters.evaluate(RunAfters.java:27)
	at org.junit.internal.runners.statements.FailOnTimeout$CallableStatement.call(FailOnTimeout.java:288)
	at org.junit.internal.runners.statements.FailOnTimeout$CallableStatement.call(FailOnTimeout.java:282)
	at java.util.concurrent.FutureTask.run(FutureTask.java:266)
	at java.lang.Thread.run(Thread.java:750)
]]></error>
    <system-out><![CDATA[2022-10-11 17:32:56,444 [Time-limited test] WARN  server.ServerUtils (ServerUtils.java:getScmDbDir(148)) - ozone.scm.db.dirs is not configured. We recommend adding this setting. Falling back to ozone.metadata.dirs instead.
2022-10-11 17:32:56,503 [Time-limited test] INFO  ha.SCMHANodeDetails (SCMHANodeDetails.java:loadSCMHAConfig(209)) - ServiceID for StorageContainerManager is scmServiceId
2022-10-11 17:32:56,517 [Time-limited test] INFO  ha.SCMHANodeDetails (SCMHANodeDetails.java:loadSCMHAConfig(220)) - ServiceID for StorageContainerManager is scmServiceId
2022-10-11 17:32:56,623 [Time-limited test] WARN  scm.ScmUtils (ScmUtils.java:logWarn(179)) - ConfigKey ozone.scm.block.client.address is deprecated, For configuring different ports for each SCM use PortConfigKey ozone.scm.block.client.port appended with serviceId and nodeId. If want to configure same port configure ozone.scm.block.client.port
2022-10-11 17:32:56,624 [Time-limited test] WARN  scm.ScmUtils (ScmUtils.java:logWarn(179)) - ConfigKey ozone.scm.client.address is deprecated, For configuring different ports for each SCM use PortConfigKey ozone.scm.client.port appended with serviceId and nodeId. If want to configure same port configure ozone.scm.client.port
2022-10-11 17:32:56,624 [Time-limited test] WARN  scm.ScmUtils (ScmUtils.java:logWarn(179)) - ConfigKey ozone.scm.datanode.address is deprecated, For configuring different ports for each SCM use PortConfigKey ozone.scm.datanode.port appended with serviceId and nodeId. If want to configure same port configure ozone.scm.datanode.port
2022-10-11 17:32:56,628 [Time-limited test] WARN  scm.ScmUtils (ScmUtils.java:logWarn(179)) - ConfigKey ozone.scm.block.client.address is deprecated, For configuring different ports for each SCM use PortConfigKey ozone.scm.block.client.port appended with serviceId and nodeId. If want to configure same port configure ozone.scm.block.client.port
2022-10-11 17:32:56,629 [Time-limited test] WARN  scm.ScmUtils (ScmUtils.java:logWarn(179)) - ConfigKey ozone.scm.client.address is deprecated, For configuring different ports for each SCM use PortConfigKey ozone.scm.client.port appended with serviceId and nodeId. If want to configure same port configure ozone.scm.client.port
2022-10-11 17:32:56,629 [Time-limited test] WARN  scm.ScmUtils (ScmUtils.java:logWarn(179)) - ConfigKey ozone.scm.datanode.address is deprecated, For configuring different ports for each SCM use PortConfigKey ozone.scm.datanode.port appended with serviceId and nodeId. If want to configure same port configure ozone.scm.datanode.port
2022-10-11 17:32:56,630 [Time-limited test] INFO  ha.SCMHANodeDetails (SCMHANodeDetails.java:loadSCMHAConfig(307)) - Found matching SCM address with SCMServiceId: scmServiceId, SCMNodeId: scmNode-1, RPC Address: localhost:39163 and Ratis port: 39163
2022-10-11 17:32:56,630 [Time-limited test] INFO  ha.SCMHANodeDetails (ConfUtils.java:setNodeSpecificConfigs(97)) - Setting configuration key ozone.scm.datanode.address with value of key ozone.scm.datanode.address.scmServiceId.scmNode-1: 127.0.0.1:35983
2022-10-11 17:32:56,630 [Time-limited test] INFO  ha.SCMHANodeDetails (ConfUtils.java:setNodeSpecificConfigs(97)) - Setting configuration key ozone.scm.block.client.address with value of key ozone.scm.block.client.address.scmServiceId.scmNode-1: 127.0.0.1:43079
2022-10-11 17:32:56,631 [Time-limited test] INFO  ha.SCMHANodeDetails (ConfUtils.java:setNodeSpecificConfigs(97)) - Setting configuration key ozone.scm.client.address with value of key ozone.scm.client.address.scmServiceId.scmNode-1: 127.0.0.1:36803
2022-10-11 17:32:56,632 [Time-limited test] INFO  ha.SCMHANodeDetails (ConfUtils.java:setNodeSpecificConfigs(97)) - Setting configuration key ozone.scm.ratis.port with value of key ozone.scm.ratis.port.scmServiceId.scmNode-1: 39163
2022-10-11 17:32:56,633 [Time-limited test] INFO  ha.SCMHANodeDetails (ConfUtils.java:setNodeSpecificConfigs(97)) - Setting configuration key ozone.scm.grpc.port with value of key ozone.scm.grpc.port.scmServiceId.scmNode-1: 33051
2022-10-11 17:32:56,636 [Time-limited test] INFO  ha.SCMHANodeDetails (ConfUtils.java:setNodeSpecificConfigs(97)) - Setting configuration key ozone.scm.http-address with value of key ozone.scm.http-address.scmServiceId.scmNode-1: 127.0.0.1:46533
2022-10-11 17:32:56,636 [Time-limited test] INFO  ha.SCMHANodeDetails (ConfUtils.java:setNodeSpecificConfigs(97)) - Setting configuration key ozone.scm.https-address with value of key ozone.scm.https-address.scmServiceId.scmNode-1: 127.0.0.1:45135
2022-10-11 17:32:56,637 [Time-limited test] INFO  ha.SCMHANodeDetails (ConfUtils.java:setNodeSpecificConfigs(97)) - Setting configuration key ozone.scm.address with value of key ozone.scm.address.scmServiceId.scmNode-1: 127.0.0.1
2022-10-11 17:32:56,637 [Time-limited test] WARN  scm.ScmUtils (ScmUtils.java:logWarn(179)) - ConfigKey ozone.scm.block.client.address is deprecated, For configuring different ports for each SCM use PortConfigKey ozone.scm.block.client.port appended with serviceId and nodeId. If want to configure same port configure ozone.scm.block.client.port
2022-10-11 17:32:56,639 [Time-limited test] WARN  scm.ScmUtils (ScmUtils.java:logWarn(179)) - ConfigKey ozone.scm.client.address is deprecated, For configuring different ports for each SCM use PortConfigKey ozone.scm.client.port appended with serviceId and nodeId. If want to configure same port configure ozone.scm.client.port
2022-10-11 17:32:56,641 [Time-limited test] WARN  scm.ScmUtils (ScmUtils.java:logWarn(179)) - ConfigKey ozone.scm.datanode.address is deprecated, For configuring different ports for each SCM use PortConfigKey ozone.scm.datanode.port appended with serviceId and nodeId. If want to configure same port configure ozone.scm.datanode.port
2022-10-11 17:32:56,797 [Time-limited test] INFO  server.RaftServer (ConfUtils.java:logGet(46)) - raft.rpc.type = GRPC (default)
2022-10-11 17:32:56,904 [Time-limited test] INFO  grpc.GrpcFactory (GrpcFactory.java:checkPooledByteBufAllocatorUseCacheForAllThreads(48)) - PERFORMANCE WARNING: useCacheForAllThreads is true that may cause Netty to create a lot garbage objects and, as a result, trigger GC.
	It is recommended to disable useCacheForAllThreads by setting -Dorg.apache.ratis.thirdparty.io.netty.allocator.useCacheForAllThreads=false in command line.
2022-10-11 17:32:56,909 [Time-limited test] INFO  grpc.GrpcConfigKeys (ConfUtils.java:logGet(46)) - raft.grpc.admin.port = -1 (default)
2022-10-11 17:32:56,910 [Time-limited test] INFO  grpc.GrpcConfigKeys (ConfUtils.java:logGet(46)) - raft.grpc.server.port = 39163 (custom)
2022-10-11 17:32:56,911 [Time-limited test] INFO  grpc.GrpcConfigKeys (ConfUtils.java:logGet(46)) - raft.grpc.client.port = -1 (default)
2022-10-11 17:32:56,911 [Time-limited test] INFO  grpc.GrpcConfigKeys (ConfUtils.java:logGet(46)) - raft.grpc.server.port = 39163 (custom)
2022-10-11 17:32:56,911 [Time-limited test] INFO  grpc.GrpcConfigKeys (ConfUtils.java:logGet(46)) - raft.grpc.server.port = 39163 (custom)
2022-10-11 17:32:56,912 [Time-limited test] INFO  server.GrpcService (ConfUtils.java:logGet(46)) - raft.grpc.message.size.max = 32m (=33554432) (custom)
2022-10-11 17:32:56,916 [Time-limited test] INFO  server.RaftServerConfigKeys (ConfUtils.java:logGet(46)) - raft.server.log.appender.buffer.byte-limit = 33554432 (custom)
2022-10-11 17:32:56,917 [Time-limited test] INFO  server.GrpcService (ConfUtils.java:logGet(46)) - raft.grpc.flow.control.window = 1MB (=1048576) (default)
2022-10-11 17:32:56,918 [Time-limited test] INFO  server.RaftServerConfigKeys (ConfUtils.java:logGet(46)) - raft.server.rpc.request.timeout = 30000ms (custom)
2022-10-11 17:32:56,950 [Time-limited test] INFO  grpc.GrpcConfigKeys (ConfUtils.java:logGet(46)) - raft.grpc.server.async.request.thread.pool.cached = true (default)
2022-10-11 17:32:56,951 [Time-limited test] INFO  grpc.GrpcConfigKeys (ConfUtils.java:logGet(46)) - raft.grpc.server.async.request.thread.pool.size = 32 (default)
2022-10-11 17:32:57,360 [Time-limited test] INFO  impl.DataStreamServerImpl (ConfUtils.java:logGet(46)) - raft.datastream.type = DISABLED (default)
2022-10-11 17:32:57,363 [Time-limited test] INFO  server.RaftServerConfigKeys (ConfUtils.java:logGet(46)) - raft.server.threadpool.proxy.cached = true (default)
2022-10-11 17:32:57,364 [Time-limited test] INFO  server.RaftServerConfigKeys (ConfUtils.java:logGet(46)) - raft.server.threadpool.proxy.size = 0 (default)
2022-10-11 17:32:57,364 [Time-limited test] INFO  server.RaftServerConfigKeys (ConfUtils.java:logGet(46)) - raft.server.rpc.slowness.timeout = 120000ms (custom)
2022-10-11 17:32:57,364 [Time-limited test] INFO  server.RaftServerConfigKeys (ConfUtils.java:logGet(46)) - raft.server.leaderelection.leader.step-down.wait-time = 10s (default)
2022-10-11 17:32:57,368 [Time-limited test] INFO  server.RaftServerConfigKeys (ConfUtils.java:logGet(46)) - raft.server.storage.dir = [/home/runner/work/ozone/ozone/hadoop-ozone/integration-test/target/test-dir/MiniOzoneClusterImpl-a53f0994-8d29-48d7-8b80-9abc5033b6e0/scmNode-1/scm-ha] (custom)
2022-10-11 17:32:57,376 [Time-limited test] INFO  server.RaftServer (RaftServerProxy.java:addNew(96)) - eedbf36c-d765-4127-a253-f087b7af9e5f: addNew group-9ABC5033B6E0:[eedbf36c-d765-4127-a253-f087b7af9e5f|rpc:localhost:39163|priority:0] returns group-9ABC5033B6E0:java.util.concurrent.CompletableFuture@4888051f[Not completed]
2022-10-11 17:32:57,400 [pool-2-thread-1] INFO  server.RaftServer$Division (RaftServerImpl.java:<init>(190)) - eedbf36c-d765-4127-a253-f087b7af9e5f: new RaftServerImpl for group-9ABC5033B6E0:[eedbf36c-d765-4127-a253-f087b7af9e5f|rpc:localhost:39163|priority:0] with SCMStateMachine:uninitialized
2022-10-11 17:32:57,403 [pool-2-thread-1] INFO  server.RaftServerConfigKeys (ConfUtils.java:logGet(46)) - raft.server.rpc.timeout.min = 5000ms (custom)
2022-10-11 17:32:57,403 [pool-2-thread-1] INFO  server.RaftServerConfigKeys (ConfUtils.java:logGet(46)) - raft.server.rpc.timeout.max = 5200ms (custom)
2022-10-11 17:32:57,403 [pool-2-thread-1] INFO  server.RaftServerConfigKeys (ConfUtils.java:logGet(46)) - raft.server.rpc.sleep.time = 25ms (default)
2022-10-11 17:32:57,403 [pool-2-thread-1] INFO  server.RaftServerConfigKeys (ConfUtils.java:logGet(46)) - raft.server.rpc.slowness.timeout = 120000ms (custom)
2022-10-11 17:32:57,404 [pool-2-thread-1] INFO  server.RaftServerConfigKeys (ConfUtils.java:logGet(46)) - raft.server.leaderelection.leader.step-down.wait-time = 10s (default)
2022-10-11 17:32:57,404 [pool-2-thread-1] INFO  server.RaftServerConfigKeys (ConfUtils.java:logGet(46)) - raft.server.sleep.deviation.threshold = 300ms (default)
2022-10-11 17:32:57,412 [pool-2-thread-1] INFO  server.RaftServer$Division (ServerState.java:<init>(107)) - eedbf36c-d765-4127-a253-f087b7af9e5f@group-9ABC5033B6E0: ConfigurationManager, init=-1: [eedbf36c-d765-4127-a253-f087b7af9e5f|rpc:localhost:39163|priority:0], old=null, confs=<EMPTY_MAP>
2022-10-11 17:32:57,412 [pool-2-thread-1] INFO  server.RaftServerConfigKeys (ConfUtils.java:logGet(46)) - raft.server.storage.dir = [/home/runner/work/ozone/ozone/hadoop-ozone/integration-test/target/test-dir/MiniOzoneClusterImpl-a53f0994-8d29-48d7-8b80-9abc5033b6e0/scmNode-1/scm-ha] (custom)
2022-10-11 17:32:57,428 [pool-2-thread-1] INFO  server.RaftServerConfigKeys (ConfUtils.java:logGet(46)) - raft.server.log.corruption.policy = EXCEPTION (default)
2022-10-11 17:32:57,432 [pool-2-thread-1] INFO  server.RaftServerConfigKeys (ConfUtils.java:logGet(46)) - raft.server.storage.free-space.min = 0MB (=0) (default)
2022-10-11 17:32:57,434 [pool-2-thread-1] INFO  storage.RaftStorageDirectory (RaftStorageDirectoryImpl.java:analyzeStorage(135)) - The storage directory /home/runner/work/ozone/ozone/hadoop-ozone/integration-test/target/test-dir/MiniOzoneClusterImpl-a53f0994-8d29-48d7-8b80-9abc5033b6e0/scmNode-1/scm-ha/a53f0994-8d29-48d7-8b80-9abc5033b6e0 does not exist. Creating ...
2022-10-11 17:32:57,440 [pool-2-thread-1] INFO  storage.RaftStorageDirectory (RaftStorageDirectoryImpl.java:tryLock(230)) - Lock on /home/runner/work/ozone/ozone/hadoop-ozone/integration-test/target/test-dir/MiniOzoneClusterImpl-a53f0994-8d29-48d7-8b80-9abc5033b6e0/scmNode-1/scm-ha/a53f0994-8d29-48d7-8b80-9abc5033b6e0/in_use.lock acquired by nodename 23825@fv-az255-813
2022-10-11 17:32:57,462 [pool-2-thread-1] INFO  storage.RaftStorage (RaftStorageImpl.java:format(89)) - Storage directory /home/runner/work/ozone/ozone/hadoop-ozone/integration-test/target/test-dir/MiniOzoneClusterImpl-a53f0994-8d29-48d7-8b80-9abc5033b6e0/scmNode-1/scm-ha/a53f0994-8d29-48d7-8b80-9abc5033b6e0 has been successfully formatted.
2022-10-11 17:32:57,467 [pool-2-thread-1] INFO  server.RaftServerConfigKeys (ConfUtils.java:logGet(46)) - raft.server.notification.no-leader.timeout = 60s (default)
2022-10-11 17:32:57,469 [pool-2-thread-1] INFO  server.RaftServerConfigKeys (ConfUtils.java:logGet(46)) - raft.server.log.use.memory = false (default)
2022-10-11 17:32:57,480 [pool-2-thread-1] INFO  server.RaftServerConfigKeys (ConfUtils.java:logGet(46)) - raft.server.log.purge.gap = 1000000 (custom)
2022-10-11 17:32:57,481 [pool-2-thread-1] INFO  server.RaftServerConfigKeys (ConfUtils.java:logGet(46)) - raft.server.log.appender.buffer.byte-limit = 33554432 (custom)
2022-10-11 17:32:57,483 [pool-2-thread-1] INFO  server.RaftServerConfigKeys (ConfUtils.java:logGet(46)) - raft.server.log.statemachine.data.read.timeout = 1000ms (default)
2022-10-11 17:32:57,494 [pool-2-thread-1] INFO  metrics.MetricRegistries (MetricRegistriesLoader.java:load(64)) - Loaded MetricRegistries class org.apache.ratis.metrics.impl.MetricRegistriesImpl
2022-10-11 17:32:57,592 [pool-2-thread-1] INFO  server.RaftServerConfigKeys (ConfUtils.java:logGet(46)) - raft.server.log.segment.size.max = 4194304 (custom)
2022-10-11 17:32:57,601 [pool-2-thread-1] INFO  server.RaftServerConfigKeys (ConfUtils.java:logGet(46)) - raft.server.log.segment.cache.num.max = 2 (custom)
2022-10-11 17:32:57,602 [pool-2-thread-1] INFO  server.RaftServerConfigKeys (ConfUtils.java:logGet(46)) - raft.server.log.segment.cache.size.max = 200MB (=209715200) (default)
2022-10-11 17:32:57,609 [pool-2-thread-1] INFO  segmented.SegmentedRaftLogWorker (SegmentedRaftLogWorker.java:<init>(187)) - new eedbf36c-d765-4127-a253-f087b7af9e5f@group-9ABC5033B6E0-SegmentedRaftLogWorker for RaftStorageImpl:Storage Directory /home/runner/work/ozone/ozone/hadoop-ozone/integration-test/target/test-dir/MiniOzoneClusterImpl-a53f0994-8d29-48d7-8b80-9abc5033b6e0/scmNode-1/scm-ha/a53f0994-8d29-48d7-8b80-9abc5033b6e0
2022-10-11 17:32:57,609 [pool-2-thread-1] INFO  server.RaftServerConfigKeys (ConfUtils.java:logGet(46)) - raft.server.log.queue.byte-limit = 64MB (=67108864) (default)
2022-10-11 17:32:57,610 [pool-2-thread-1] INFO  server.RaftServerConfigKeys (ConfUtils.java:logGet(46)) - raft.server.log.queue.element-limit = 4096 (default)
2022-10-11 17:32:57,611 [pool-2-thread-1] INFO  server.RaftServerConfigKeys (ConfUtils.java:logGet(46)) - raft.server.log.segment.size.max = 4194304 (custom)
2022-10-11 17:32:57,612 [pool-2-thread-1] INFO  server.RaftServerConfigKeys (ConfUtils.java:logGet(46)) - raft.server.log.preallocated.size = 4194304 (custom)
2022-10-11 17:32:57,612 [pool-2-thread-1] INFO  server.RaftServerConfigKeys (ConfUtils.java:logGet(46)) - raft.server.log.force.sync.num = 128 (default)
2022-10-11 17:32:57,613 [pool-2-thread-1] INFO  server.RaftServerConfigKeys (ConfUtils.java:logGet(46)) - raft.server.log.statemachine.data.sync = true (default)
2022-10-11 17:32:57,614 [pool-2-thread-1] INFO  server.RaftServerConfigKeys (ConfUtils.java:logGet(46)) - raft.server.log.statemachine.data.sync.timeout = 10s (default)
2022-10-11 17:32:57,614 [pool-2-thread-1] INFO  server.RaftServerConfigKeys (ConfUtils.java:logGet(46)) - raft.server.log.statemachine.data.sync.timeout.retry = -1 (default)
2022-10-11 17:32:57,632 [pool-2-thread-1] INFO  server.RaftServerConfigKeys (ConfUtils.java:logGet(46)) - raft.server.log.write.buffer.size = 64KB (=65536) (default)
2022-10-11 17:32:57,634 [pool-2-thread-1] INFO  server.RaftServerConfigKeys (ConfUtils.java:logGet(46)) - raft.server.log.unsafe-flush.enabled = false (default)
2022-10-11 17:32:57,634 [pool-2-thread-1] INFO  server.RaftServerConfigKeys (ConfUtils.java:logGet(46)) - raft.server.log.statemachine.data.caching.enabled = false (default)
2022-10-11 17:32:57,642 [pool-2-thread-1] INFO  segmented.SegmentedRaftLogWorker (SegmentedRaftLogWorker.java:lambda$new$0(135)) - eedbf36c-d765-4127-a253-f087b7af9e5f@group-9ABC5033B6E0-SegmentedRaftLogWorker: flushIndex: setUnconditionally 0 -> -1
2022-10-11 17:32:57,643 [pool-2-thread-1] INFO  segmented.SegmentedRaftLogWorker (SegmentedRaftLogWorker.java:lambda$new$0(135)) - eedbf36c-d765-4127-a253-f087b7af9e5f@group-9ABC5033B6E0-SegmentedRaftLogWorker: safeCacheEvictIndex: setUnconditionally 0 -> -1
2022-10-11 17:32:57,652 [pool-2-thread-1] INFO  server.RaftServerConfigKeys (ConfUtils.java:logGet(46)) - raft.server.snapshot.auto.trigger.enabled = true (custom)
2022-10-11 17:32:57,653 [pool-2-thread-1] INFO  server.RaftServerConfigKeys (ConfUtils.java:logGet(46)) - raft.server.snapshot.auto.trigger.threshold = 1000 (custom)
2022-10-11 17:32:57,654 [pool-2-thread-1] INFO  server.RaftServerConfigKeys (ConfUtils.java:logGet(46)) - raft.server.snapshot.retention.file.num = -1 (default)
2022-10-11 17:32:57,655 [pool-2-thread-1] INFO  server.RaftServerConfigKeys (ConfUtils.java:logGet(46)) - raft.server.log.purge.upto.snapshot.index = false (default)
2022-10-11 17:32:57,657 [pool-2-thread-1] INFO  server.RaftServerConfigKeys (ConfUtils.java:logGet(46)) - raft.server.retrycache.expirytime = 60000ms (default)
2022-10-11 17:32:57,657 [pool-2-thread-1] INFO  server.RaftServerConfigKeys (ConfUtils.java:logGet(46)) - raft.server.retrycache.statistics.expirytime = 100μs (default)
2022-10-11 17:32:57,723 [pool-2-thread-1] INFO  server.RaftServerConfigKeys (ConfUtils.java:logGet(46)) - raft.server.log.appender.install.snapshot.enabled = false (custom)
2022-10-11 17:32:57,724 [pool-2-thread-1] INFO  server.RaftServerConfigKeys (ConfUtils.java:logGet(46)) - raft.server.threadpool.server.cached = true (default)
2022-10-11 17:32:57,726 [pool-2-thread-1] INFO  server.RaftServerConfigKeys (ConfUtils.java:logGet(46)) - raft.server.threadpool.server.size = 0 (default)
2022-10-11 17:32:57,727 [pool-2-thread-1] INFO  server.RaftServerConfigKeys (ConfUtils.java:logGet(46)) - raft.server.threadpool.client.cached = true (default)
2022-10-11 17:32:57,727 [pool-2-thread-1] INFO  server.RaftServerConfigKeys (ConfUtils.java:logGet(46)) - raft.server.threadpool.client.size = 0 (default)
2022-10-11 17:32:57,729 [eedbf36c-d765-4127-a253-f087b7af9e5f-impl-thread1] INFO  server.RaftServer$Division (RaftServerImpl.java:start(310)) - eedbf36c-d765-4127-a253-f087b7af9e5f@group-9ABC5033B6E0: start as a follower, conf=-1: [eedbf36c-d765-4127-a253-f087b7af9e5f|rpc:localhost:39163|priority:0], old=null
2022-10-11 17:32:57,730 [eedbf36c-d765-4127-a253-f087b7af9e5f-impl-thread1] INFO  server.RaftServer$Division (RaftServerImpl.java:setRole(299)) - eedbf36c-d765-4127-a253-f087b7af9e5f@group-9ABC5033B6E0: changes role from      null to FOLLOWER at term 0 for startAsFollower
2022-10-11 17:32:57,731 [eedbf36c-d765-4127-a253-f087b7af9e5f-impl-thread1] INFO  impl.RoleInfo (RoleInfo.java:updateAndGet(139)) - eedbf36c-d765-4127-a253-f087b7af9e5f: start eedbf36c-d765-4127-a253-f087b7af9e5f@group-9ABC5033B6E0-FollowerState
2022-10-11 17:32:57,733 [eedbf36c-d765-4127-a253-f087b7af9e5f-impl-thread1] INFO  util.JmxRegister (JmxRegister.java:tryRegister(44)) - Successfully registered JMX Bean with object name Ratis:service=RaftServer,group=group-9ABC5033B6E0,id=eedbf36c-d765-4127-a253-f087b7af9e5f
2022-10-11 17:32:57,742 [Time-limited test] INFO  server.RaftServer (RaftServerProxy.java:lambda$start$6(382)) - eedbf36c-d765-4127-a253-f087b7af9e5f: start RPC server
2022-10-11 17:32:57,823 [Time-limited test] INFO  server.GrpcService (GrpcService.java:startImpl(260)) - eedbf36c-d765-4127-a253-f087b7af9e5f: GrpcService started, listening on 39163
2022-10-11 17:32:57,832 [org.apache.ratis.util.JvmPauseMonitor$$Lambda$519/1644506233@4da56a69] INFO  util.JvmPauseMonitor (JvmPauseMonitor.java:run(103)) - JvmPauseMonitor-eedbf36c-d765-4127-a253-f087b7af9e5f: Started
2022-10-11 17:33:02,812 [eedbf36c-d765-4127-a253-f087b7af9e5f@group-9ABC5033B6E0-FollowerState] INFO  impl.FollowerState (FollowerState.java:run(143)) - eedbf36c-d765-4127-a253-f087b7af9e5f@group-9ABC5033B6E0-FollowerState: change to CANDIDATE, lastRpcElapsedTime:5081205660ns, electionTimeout:5074ms
2022-10-11 17:33:02,813 [eedbf36c-d765-4127-a253-f087b7af9e5f@group-9ABC5033B6E0-FollowerState] INFO  impl.RoleInfo (RoleInfo.java:shutdownFollowerState(110)) - eedbf36c-d765-4127-a253-f087b7af9e5f: shutdown eedbf36c-d765-4127-a253-f087b7af9e5f@group-9ABC5033B6E0-FollowerState
2022-10-11 17:33:02,814 [eedbf36c-d765-4127-a253-f087b7af9e5f@group-9ABC5033B6E0-FollowerState] INFO  server.RaftServer$Division (RaftServerImpl.java:setRole(299)) - eedbf36c-d765-4127-a253-f087b7af9e5f@group-9ABC5033B6E0: changes role from  FOLLOWER to CANDIDATE at term 0 for changeToCandidate
2022-10-11 17:33:02,817 [eedbf36c-d765-4127-a253-f087b7af9e5f@group-9ABC5033B6E0-FollowerState] INFO  server.RaftServerConfigKeys (ConfUtils.java:logGet(46)) - raft.server.leaderelection.pre-vote = false (custom)
2022-10-11 17:33:02,817 [eedbf36c-d765-4127-a253-f087b7af9e5f@group-9ABC5033B6E0-FollowerState] INFO  impl.RoleInfo (RoleInfo.java:updateAndGet(139)) - eedbf36c-d765-4127-a253-f087b7af9e5f: start eedbf36c-d765-4127-a253-f087b7af9e5f@group-9ABC5033B6E0-LeaderElection1
2022-10-11 17:33:02,821 [eedbf36c-d765-4127-a253-f087b7af9e5f@group-9ABC5033B6E0-LeaderElection1] INFO  impl.LeaderElection (LeaderElection.java:askForVotes(310)) - eedbf36c-d765-4127-a253-f087b7af9e5f@group-9ABC5033B6E0-LeaderElection1 ELECTION round 0: submit vote requests at term 1 for -1: [eedbf36c-d765-4127-a253-f087b7af9e5f|rpc:localhost:39163|priority:0], old=null
2022-10-11 17:33:02,822 [eedbf36c-d765-4127-a253-f087b7af9e5f@group-9ABC5033B6E0-LeaderElection1] INFO  impl.LeaderElection (LeaderElection.java:askForVotes(312)) - eedbf36c-d765-4127-a253-f087b7af9e5f@group-9ABC5033B6E0-LeaderElection1 ELECTION round 0: result PASSED (term=1)
2022-10-11 17:33:02,823 [eedbf36c-d765-4127-a253-f087b7af9e5f@group-9ABC5033B6E0-LeaderElection1] INFO  impl.RoleInfo (RoleInfo.java:shutdownLeaderElection(130)) - eedbf36c-d765-4127-a253-f087b7af9e5f: shutdown eedbf36c-d765-4127-a253-f087b7af9e5f@group-9ABC5033B6E0-LeaderElection1
2022-10-11 17:33:02,823 [eedbf36c-d765-4127-a253-f087b7af9e5f@group-9ABC5033B6E0-LeaderElection1] INFO  server.RaftServer$Division (RaftServerImpl.java:setRole(299)) - eedbf36c-d765-4127-a253-f087b7af9e5f@group-9ABC5033B6E0: changes role from CANDIDATE to LEADER at term 1 for changeToLeader
2022-10-11 17:33:02,824 [eedbf36c-d765-4127-a253-f087b7af9e5f@group-9ABC5033B6E0-LeaderElection1] INFO  server.RaftServer$Division (ServerState.java:setLeader(287)) - eedbf36c-d765-4127-a253-f087b7af9e5f@group-9ABC5033B6E0: change Leader from null to eedbf36c-d765-4127-a253-f087b7af9e5f at term 1 for becomeLeader, leader elected after 5357ms
2022-10-11 17:33:02,830 [eedbf36c-d765-4127-a253-f087b7af9e5f@group-9ABC5033B6E0-LeaderElection1] INFO  server.RaftServerConfigKeys (ConfUtils.java:logGet(46)) - raft.server.staging.catchup.gap = 1000 (default)
2022-10-11 17:33:02,836 [eedbf36c-d765-4127-a253-f087b7af9e5f@group-9ABC5033B6E0-LeaderElection1] INFO  server.RaftServerConfigKeys (ConfUtils.java:logGet(46)) - raft.server.write.element-limit = 4096 (default)
2022-10-11 17:33:02,836 [eedbf36c-d765-4127-a253-f087b7af9e5f@group-9ABC5033B6E0-LeaderElection1] INFO  server.RaftServerConfigKeys (ConfUtils.java:logGet(46)) - raft.server.write.byte-limit = 64MB (=67108864) (default)
2022-10-11 17:33:02,844 [eedbf36c-d765-4127-a253-f087b7af9e5f@group-9ABC5033B6E0-LeaderElection1] INFO  server.RaftServerConfigKeys (ConfUtils.java:logGet(46)) - raft.server.watch.timeout = 10s (default)
2022-10-11 17:33:02,844 [eedbf36c-d765-4127-a253-f087b7af9e5f@group-9ABC5033B6E0-LeaderElection1] INFO  server.RaftServerConfigKeys (ConfUtils.java:logGet(46)) - raft.server.watch.timeout.denomination = 1s (default)
2022-10-11 17:33:02,845 [eedbf36c-d765-4127-a253-f087b7af9e5f@group-9ABC5033B6E0-LeaderElection1] INFO  server.RaftServerConfigKeys (ConfUtils.java:logGet(46)) - raft.server.watch.element-limit = 65536 (default)
2022-10-11 17:33:02,850 [eedbf36c-d765-4127-a253-f087b7af9e5f@group-9ABC5033B6E0-LeaderElection1] INFO  server.RaftServerConfigKeys (ConfUtils.java:logGet(46)) - raft.server.write.element-limit = 4096 (default)
2022-10-11 17:33:02,852 [eedbf36c-d765-4127-a253-f087b7af9e5f@group-9ABC5033B6E0-LeaderElection1] INFO  server.RaftServerConfigKeys (ConfUtils.java:logGet(46)) - raft.server.write.follower.gap.ratio.max = -1.0 (default)
2022-10-11 17:33:02,855 [eedbf36c-d765-4127-a253-f087b7af9e5f@group-9ABC5033B6E0-LeaderElection1] INFO  impl.RoleInfo (RoleInfo.java:updateAndGet(139)) - eedbf36c-d765-4127-a253-f087b7af9e5f: start eedbf36c-d765-4127-a253-f087b7af9e5f@group-9ABC5033B6E0-LeaderStateImpl
2022-10-11 17:33:02,884 [eedbf36c-d765-4127-a253-f087b7af9e5f@group-9ABC5033B6E0-LeaderElection1] INFO  segmented.SegmentedRaftLogWorker (SegmentedRaftLogWorker.java:startLogSegment(425)) - eedbf36c-d765-4127-a253-f087b7af9e5f@group-9ABC5033B6E0-SegmentedRaftLogWorker: Starting segment from index:0
2022-10-11 17:33:02,917 [eedbf36c-d765-4127-a253-f087b7af9e5f@group-9ABC5033B6E0-LeaderElection1] INFO  server.RaftServer$Division (ServerState.java:setRaftConf(393)) - eedbf36c-d765-4127-a253-f087b7af9e5f@group-9ABC5033B6E0: set configuration 0: [eedbf36c-d765-4127-a253-f087b7af9e5f|rpc:localhost:39163|admin:|client:|dataStream:|priority:0], old=null
2022-10-11 17:33:02,991 [eedbf36c-d765-4127-a253-f087b7af9e5f@group-9ABC5033B6E0-SegmentedRaftLogWorker] INFO  segmented.SegmentedRaftLogWorker (SegmentedRaftLogWorker.java:execute(629)) - eedbf36c-d765-4127-a253-f087b7af9e5f@group-9ABC5033B6E0-SegmentedRaftLogWorker: created new log segment /home/runner/work/ozone/ozone/hadoop-ozone/integration-test/target/test-dir/MiniOzoneClusterImpl-a53f0994-8d29-48d7-8b80-9abc5033b6e0/scmNode-1/scm-ha/a53f0994-8d29-48d7-8b80-9abc5033b6e0/current/log_inprogress_0
2022-10-11 17:33:03,832 [Time-limited test] INFO  server.RaftServer (RaftServerProxy.java:lambda$close$7(398)) - eedbf36c-d765-4127-a253-f087b7af9e5f: close
2022-10-11 17:33:03,834 [Time-limited test] INFO  server.RaftServer$Division (RaftServerImpl.java:lambda$close$4(434)) - eedbf36c-d765-4127-a253-f087b7af9e5f@group-9ABC5033B6E0: shutdown
2022-10-11 17:33:03,834 [Time-limited test] INFO  util.JmxRegister (JmxRegister.java:unregister(73)) - Successfully un-registered JMX Bean with object name Ratis:service=RaftServer,group=group-9ABC5033B6E0,id=eedbf36c-d765-4127-a253-f087b7af9e5f
2022-10-11 17:33:03,835 [Time-limited test] INFO  impl.RoleInfo (RoleInfo.java:shutdownLeaderState(93)) - eedbf36c-d765-4127-a253-f087b7af9e5f: shutdown eedbf36c-d765-4127-a253-f087b7af9e5f@group-9ABC5033B6E0-LeaderStateImpl
2022-10-11 17:33:03,841 [Time-limited test] INFO  impl.PendingRequests (PendingRequests.java:sendNotLeaderResponses(282)) - eedbf36c-d765-4127-a253-f087b7af9e5f@group-9ABC5033B6E0-PendingRequests: sendNotLeaderResponses
2022-10-11 17:33:03,843 [Time-limited test] INFO  impl.StateMachineUpdater (StateMachineUpdater.java:stopAndJoin(153)) - eedbf36c-d765-4127-a253-f087b7af9e5f@group-9ABC5033B6E0-StateMachineUpdater: set stopIndex = 0
2022-10-11 17:33:03,845 [eedbf36c-d765-4127-a253-f087b7af9e5f@group-9ABC5033B6E0-StateMachineUpdater] INFO  impl.StateMachineUpdater (StateMachineUpdater.java:takeSnapshot(287)) - eedbf36c-d765-4127-a253-f087b7af9e5f@group-9ABC5033B6E0-StateMachineUpdater: Took a snapshot at index 0
2022-10-11 17:33:03,845 [eedbf36c-d765-4127-a253-f087b7af9e5f@group-9ABC5033B6E0-StateMachineUpdater] INFO  impl.StateMachineUpdater (StateMachineUpdater.java:lambda$new$0(92)) - eedbf36c-d765-4127-a253-f087b7af9e5f@group-9ABC5033B6E0-StateMachineUpdater: snapshotIndex: updateIncreasingly -1 -> 0
2022-10-11 17:33:03,847 [Time-limited test] INFO  server.RaftServer$Division (ServerState.java:close(429)) - eedbf36c-d765-4127-a253-f087b7af9e5f@group-9ABC5033B6E0: closes. applyIndex: 0
2022-10-11 17:33:03,849 [eedbf36c-d765-4127-a253-f087b7af9e5f@group-9ABC5033B6E0-SegmentedRaftLogWorker] INFO  segmented.SegmentedRaftLogWorker (SegmentedRaftLogWorker.java:run(336)) - eedbf36c-d765-4127-a253-f087b7af9e5f@group-9ABC5033B6E0-SegmentedRaftLogWorker was interrupted, exiting. There are 0 tasks remaining in the queue.
2022-10-11 17:33:03,852 [Time-limited test] INFO  segmented.SegmentedRaftLogWorker (SegmentedRaftLogWorker.java:close(246)) - eedbf36c-d765-4127-a253-f087b7af9e5f@group-9ABC5033B6E0-SegmentedRaftLogWorker close()
2022-10-11 17:33:03,854 [Time-limited test] INFO  server.GrpcService (GrpcService.java:closeImpl(269)) - eedbf36c-d765-4127-a253-f087b7af9e5f: shutdown server with port 39163 now
2022-10-11 17:33:03,870 [Time-limited test] INFO  server.GrpcService (GrpcService.java:closeImpl(278)) - eedbf36c-d765-4127-a253-f087b7af9e5f: shutdown server with port 39163 successfully
2022-10-11 17:33:03,872 [org.apache.ratis.util.JvmPauseMonitor$$Lambda$519/1644506233@4da56a69] INFO  util.JvmPauseMonitor (JvmPauseMonitor.java:run(109)) - JvmPauseMonitor-eedbf36c-d765-4127-a253-f087b7af9e5f: Stopped
2022-10-11 17:33:03,872 [Time-limited test] WARN  server.ServerUtils (ServerUtils.java:getScmDbDir(148)) - ozone.scm.db.dirs is not configured. We recommend adding this setting. Falling back to ozone.metadata.dirs instead.
2022-10-11 17:33:03,876 [Time-limited test] INFO  server.StorageContainerManager (StorageContainerManager.java:scmInit(1216)) - SCM initialization succeeded. Current cluster id for sd=/home/runner/work/ozone/ozone/hadoop-ozone/integration-test/target/test-dir/MiniOzoneClusterImpl-a53f0994-8d29-48d7-8b80-9abc5033b6e0/scmNode-1/scm; cid=a53f0994-8d29-48d7-8b80-9abc5033b6e0; layoutVersion=4; scmId=eedbf36c-d765-4127-a253-f087b7af9e5f
2022-10-11 17:33:03,892 [Time-limited test] WARN  server.ServerUtils (ServerUtils.java:getScmDbDir(148)) - ozone.scm.db.dirs is not configured. We recommend adding this setting. Falling back to ozone.metadata.dirs instead.
2022-10-11 17:33:03,892 [Time-limited test] INFO  ha.SCMHANodeDetails (SCMHANodeDetails.java:loadSCMHAConfig(209)) - ServiceID for StorageContainerManager is scmServiceId
2022-10-11 17:33:03,892 [Time-limited test] INFO  ha.SCMHANodeDetails (SCMHANodeDetails.java:loadSCMHAConfig(220)) - ServiceID for StorageContainerManager is scmServiceId
2022-10-11 17:33:03,894 [Time-limited test] WARN  scm.ScmUtils (ScmUtils.java:logWarn(179)) - ConfigKey ozone.scm.block.client.address is deprecated, For configuring different ports for each SCM use PortConfigKey ozone.scm.block.client.port appended with serviceId and nodeId. If want to configure same port configure ozone.scm.block.client.port
2022-10-11 17:33:03,894 [Time-limited test] WARN  scm.ScmUtils (ScmUtils.java:logWarn(179)) - ConfigKey ozone.scm.client.address is deprecated, For configuring different ports for each SCM use PortConfigKey ozone.scm.client.port appended with serviceId and nodeId. If want to configure same port configure ozone.scm.client.port
2022-10-11 17:33:03,894 [Time-limited test] WARN  scm.ScmUtils (ScmUtils.java:logWarn(179)) - ConfigKey ozone.scm.datanode.address is deprecated, For configuring different ports for each SCM use PortConfigKey ozone.scm.datanode.port appended with serviceId and nodeId. If want to configure same port configure ozone.scm.datanode.port
2022-10-11 17:33:03,894 [Time-limited test] WARN  scm.ScmUtils (ScmUtils.java:logWarn(179)) - ConfigKey ozone.scm.block.client.address is deprecated, For configuring different ports for each SCM use PortConfigKey ozone.scm.block.client.port appended with serviceId and nodeId. If want to configure same port configure ozone.scm.block.client.port
2022-10-11 17:33:03,895 [Time-limited test] WARN  scm.ScmUtils (ScmUtils.java:logWarn(179)) - ConfigKey ozone.scm.client.address is deprecated, For configuring different ports for each SCM use PortConfigKey ozone.scm.client.port appended with serviceId and nodeId. If want to configure same port configure ozone.scm.client.port
2022-10-11 17:33:03,898 [Time-limited test] WARN  scm.ScmUtils (ScmUtils.java:logWarn(179)) - ConfigKey ozone.scm.datanode.address is deprecated, For configuring different ports for each SCM use PortConfigKey ozone.scm.datanode.port appended with serviceId and nodeId. If want to configure same port configure ozone.scm.datanode.port
2022-10-11 17:33:03,898 [Time-limited test] INFO  ha.SCMHANodeDetails (SCMHANodeDetails.java:loadSCMHAConfig(307)) - Found matching SCM address with SCMServiceId: scmServiceId, SCMNodeId: scmNode-1, RPC Address: localhost:39163 and Ratis port: 39163
2022-10-11 17:33:03,899 [Time-limited test] INFO  ha.SCMHANodeDetails (ConfUtils.java:setNodeSpecificConfigs(97)) - Setting configuration key ozone.scm.datanode.address with value of key ozone.scm.datanode.address.scmServiceId.scmNode-1: 127.0.0.1:35983
2022-10-11 17:33:03,899 [Time-limited test] INFO  ha.SCMHANodeDetails (ConfUtils.java:setNodeSpecificConfigs(97)) - Setting configuration key ozone.scm.block.client.address with value of key ozone.scm.block.client.address.scmServiceId.scmNode-1: 127.0.0.1:43079
2022-10-11 17:33:03,899 [Time-limited test] INFO  ha.SCMHANodeDetails (ConfUtils.java:setNodeSpecificConfigs(97)) - Setting configuration key ozone.scm.client.address with value of key ozone.scm.client.address.scmServiceId.scmNode-1: 127.0.0.1:36803
2022-10-11 17:33:03,900 [Time-limited test] INFO  ha.SCMHANodeDetails (ConfUtils.java:setNodeSpecificConfigs(97)) - Setting configuration key ozone.scm.ratis.port with value of key ozone.scm.ratis.port.scmServiceId.scmNode-1: 39163
2022-10-11 17:33:03,901 [Time-limited test] INFO  ha.SCMHANodeDetails (ConfUtils.java:setNodeSpecificConfigs(97)) - Setting configuration key ozone.scm.grpc.port with value of key ozone.scm.grpc.port.scmServiceId.scmNode-1: 33051
2022-10-11 17:33:03,901 [Time-limited test] INFO  ha.SCMHANodeDetails (ConfUtils.java:setNodeSpecificConfigs(97)) - Setting configuration key ozone.scm.http-address with value of key ozone.scm.http-address.scmServiceId.scmNode-1: 127.0.0.1:46533
2022-10-11 17:33:03,902 [Time-limited test] INFO  ha.SCMHANodeDetails (ConfUtils.java:setNodeSpecificConfigs(97)) - Setting configuration key ozone.scm.https-address with value of key ozone.scm.https-address.scmServiceId.scmNode-1: 127.0.0.1:45135
2022-10-11 17:33:03,902 [Time-limited test] INFO  ha.SCMHANodeDetails (ConfUtils.java:setNodeSpecificConfigs(97)) - Setting configuration key ozone.scm.address with value of key ozone.scm.address.scmServiceId.scmNode-1: 127.0.0.1
2022-10-11 17:33:03,902 [Time-limited test] WARN  scm.ScmUtils (ScmUtils.java:logWarn(179)) - ConfigKey ozone.scm.block.client.address is deprecated, For configuring different ports for each SCM use PortConfigKey ozone.scm.block.client.port appended with serviceId and nodeId. If want to configure same port configure ozone.scm.block.client.port
2022-10-11 17:33:03,902 [Time-limited test] WARN  scm.ScmUtils (ScmUtils.java:logWarn(179)) - ConfigKey ozone.scm.client.address is deprecated, For configuring different ports for each SCM use PortConfigKey ozone.scm.client.port appended with serviceId and nodeId. If want to configure same port configure ozone.scm.client.port
2022-10-11 17:33:03,902 [Time-limited test] WARN  scm.ScmUtils (ScmUtils.java:logWarn(179)) - ConfigKey ozone.scm.datanode.address is deprecated, For configuring different ports for each SCM use PortConfigKey ozone.scm.datanode.port appended with serviceId and nodeId. If want to configure same port configure ozone.scm.datanode.port
2022-10-11 17:33:04,399 [Time-limited test] WARN  utils.HAUtils (HAUtils.java:getMetaDir(342)) - ozone.scm.db.dirs is not configured. We recommend adding this setting. Falling back to ozone.metadata.dirs instead.
2022-10-11 17:33:04,557 [Time-limited test] WARN  db.DBStoreBuilder (DBStoreBuilder.java:applyDBDefinition(144)) - ozone.scm.db.dirs is not configured. We recommend adding this setting. Falling back to ozone.metadata.dirs instead.
2022-10-11 17:33:04,814 [Time-limited test] INFO  net.NodeSchemaLoader (NodeSchemaLoader.java:loadSchemaFromFile(129)) - Loading schema from [jar:file:/home/runner/.m2/repository/org/apache/ozone/hdds-common/1.3.0-SNAPSHOT/hdds-common-1.3.0-SNAPSHOT.jar!/network-topology-default.xml]
2022-10-11 17:33:04,815 [Time-limited test] INFO  net.NodeSchemaLoader (NodeSchemaLoader.java:loadSchema(176)) - Loading network topology layer schema file
2022-10-11 17:33:05,001 [Time-limited test] INFO  ha.SCMRatisServerImpl (SCMRatisServerImpl.java:<init>(87)) - starting Raft server for scm:eedbf36c-d765-4127-a253-f087b7af9e5f
2022-10-11 17:33:05,005 [Time-limited test] INFO  server.RaftServer (ConfUtils.java:logGet(46)) - raft.rpc.type = GRPC (default)
2022-10-11 17:33:05,005 [Time-limited test] INFO  grpc.GrpcFactory (GrpcFactory.java:checkPooledByteBufAllocatorUseCacheForAllThreads(48)) - PERFORMANCE WARNING: useCacheForAllThreads is true that may cause Netty to create a lot garbage objects and, as a result, trigger GC.
	It is recommended to disable useCacheForAllThreads by setting -Dorg.apache.ratis.thirdparty.io.netty.allocator.useCacheForAllThreads=false in command line.
2022-10-11 17:33:05,006 [Time-limited test] INFO  grpc.GrpcConfigKeys (ConfUtils.java:logGet(46)) - raft.grpc.admin.port = -1 (default)
2022-10-11 17:33:05,006 [Time-limited test] INFO  grpc.GrpcConfigKeys (ConfUtils.java:logGet(46)) - raft.grpc.server.port = 39163 (custom)
2022-10-11 17:33:05,006 [Time-limited test] INFO  grpc.GrpcConfigKeys (ConfUtils.java:logGet(46)) - raft.grpc.client.port = -1 (default)
2022-10-11 17:33:05,006 [Time-limited test] INFO  grpc.GrpcConfigKeys (ConfUtils.java:logGet(46)) - raft.grpc.server.port = 39163 (custom)
2022-10-11 17:33:05,006 [Time-limited test] INFO  grpc.GrpcConfigKeys (ConfUtils.java:logGet(46)) - raft.grpc.server.port = 39163 (custom)
2022-10-11 17:33:05,006 [Time-limited test] INFO  server.GrpcService (ConfUtils.java:logGet(46)) - raft.grpc.message.size.max = 32m (=33554432) (custom)
2022-10-11 17:33:05,007 [Time-limited test] INFO  server.RaftServerConfigKeys (ConfUtils.java:logGet(46)) - raft.server.log.appender.buffer.byte-limit = 33554432 (custom)
2022-10-11 17:33:05,007 [Time-limited test] INFO  server.GrpcService (ConfUtils.java:logGet(46)) - raft.grpc.flow.control.window = 1MB (=1048576) (default)
2022-10-11 17:33:05,007 [Time-limited test] INFO  server.RaftServerConfigKeys (ConfUtils.java:logGet(46)) - raft.server.rpc.request.timeout = 30000ms (custom)
2022-10-11 17:33:05,007 [Time-limited test] INFO  grpc.GrpcConfigKeys (ConfUtils.java:logGet(46)) - raft.grpc.server.async.request.thread.pool.cached = true (default)
2022-10-11 17:33:05,007 [Time-limited test] INFO  grpc.GrpcConfigKeys (ConfUtils.java:logGet(46)) - raft.grpc.server.async.request.thread.pool.size = 32 (default)
2022-10-11 17:33:05,009 [Time-limited test] INFO  impl.DataStreamServerImpl (ConfUtils.java:logGet(46)) - raft.datastream.type = DISABLED (default)
2022-10-11 17:33:05,010 [Time-limited test] INFO  server.RaftServerConfigKeys (ConfUtils.java:logGet(46)) - raft.server.threadpool.proxy.cached = true (default)
2022-10-11 17:33:05,010 [Time-limited test] INFO  server.RaftServerConfigKeys (ConfUtils.java:logGet(46)) - raft.server.threadpool.proxy.size = 0 (default)
2022-10-11 17:33:05,010 [Time-limited test] INFO  server.RaftServerConfigKeys (ConfUtils.java:logGet(46)) - raft.server.rpc.slowness.timeout = 120000ms (custom)
2022-10-11 17:33:05,010 [Time-limited test] INFO  server.RaftServerConfigKeys (ConfUtils.java:logGet(46)) - raft.server.leaderelection.leader.step-down.wait-time = 10s (default)
2022-10-11 17:33:05,011 [Time-limited test] INFO  server.RaftServerConfigKeys (ConfUtils.java:logGet(46)) - raft.server.storage.dir = [/home/runner/work/ozone/ozone/hadoop-ozone/integration-test/target/test-dir/MiniOzoneClusterImpl-a53f0994-8d29-48d7-8b80-9abc5033b6e0/scmNode-1/scm-ha] (custom)
2022-10-11 17:33:05,011 [eedbf36c-d765-4127-a253-f087b7af9e5f-impl-thread1] INFO  server.RaftServer (RaftServerProxy.java:initGroupDir(247)) - eedbf36c-d765-4127-a253-f087b7af9e5f: found a subdirectory /home/runner/work/ozone/ozone/hadoop-ozone/integration-test/target/test-dir/MiniOzoneClusterImpl-a53f0994-8d29-48d7-8b80-9abc5033b6e0/scmNode-1/scm-ha/a53f0994-8d29-48d7-8b80-9abc5033b6e0
2022-10-11 17:33:05,012 [Time-limited test] INFO  server.RaftServer (RaftServerProxy.java:addNew(96)) - eedbf36c-d765-4127-a253-f087b7af9e5f: addNew group-9ABC5033B6E0:[] returns group-9ABC5033B6E0:java.util.concurrent.CompletableFuture@6d425f4c[Not completed]
2022-10-11 17:33:05,015 [pool-19-thread-1] INFO  server.RaftServer$Division (RaftServerImpl.java:<init>(190)) - eedbf36c-d765-4127-a253-f087b7af9e5f: new RaftServerImpl for group-9ABC5033B6E0:[] with SCMStateMachine:uninitialized
2022-10-11 17:33:05,018 [pool-19-thread-1] INFO  server.RaftServerConfigKeys (ConfUtils.java:logGet(46)) - raft.server.rpc.timeout.min = 5000ms (custom)
2022-10-11 17:33:05,018 [pool-19-thread-1] INFO  server.RaftServerConfigKeys (ConfUtils.java:logGet(46)) - raft.server.rpc.timeout.max = 5200ms (custom)
2022-10-11 17:33:05,018 [pool-19-thread-1] INFO  server.RaftServerConfigKeys (ConfUtils.java:logGet(46)) - raft.server.rpc.sleep.time = 25ms (default)
2022-10-11 17:33:05,018 [pool-19-thread-1] INFO  server.RaftServerConfigKeys (ConfUtils.java:logGet(46)) - raft.server.rpc.slowness.timeout = 120000ms (custom)
2022-10-11 17:33:05,018 [pool-19-thread-1] INFO  server.RaftServerConfigKeys (ConfUtils.java:logGet(46)) - raft.server.leaderelection.leader.step-down.wait-time = 10s (default)
2022-10-11 17:33:05,019 [pool-19-thread-1] INFO  server.RaftServerConfigKeys (ConfUtils.java:logGet(46)) - raft.server.sleep.deviation.threshold = 300ms (default)
2022-10-11 17:33:05,019 [pool-19-thread-1] INFO  server.RaftServer$Division (ServerState.java:<init>(107)) - eedbf36c-d765-4127-a253-f087b7af9e5f@group-9ABC5033B6E0: ConfigurationManager, init=-1: [], old=null, confs=<EMPTY_MAP>
2022-10-11 17:33:05,019 [pool-19-thread-1] INFO  server.RaftServerConfigKeys (ConfUtils.java:logGet(46)) - raft.server.storage.dir = [/home/runner/work/ozone/ozone/hadoop-ozone/integration-test/target/test-dir/MiniOzoneClusterImpl-a53f0994-8d29-48d7-8b80-9abc5033b6e0/scmNode-1/scm-ha] (custom)
2022-10-11 17:33:05,019 [pool-19-thread-1] INFO  server.RaftServerConfigKeys (ConfUtils.java:logGet(46)) - raft.server.log.corruption.policy = EXCEPTION (default)
2022-10-11 17:33:05,019 [pool-19-thread-1] INFO  server.RaftServerConfigKeys (ConfUtils.java:logGet(46)) - raft.server.storage.free-space.min = 0MB (=0) (default)
2022-10-11 17:33:05,021 [pool-19-thread-1] INFO  storage.RaftStorageDirectory (RaftStorageDirectoryImpl.java:tryLock(230)) - Lock on /home/runner/work/ozone/ozone/hadoop-ozone/integration-test/target/test-dir/MiniOzoneClusterImpl-a53f0994-8d29-48d7-8b80-9abc5033b6e0/scmNode-1/scm-ha/a53f0994-8d29-48d7-8b80-9abc5033b6e0/in_use.lock acquired by nodename 23825@fv-az255-813
2022-10-11 17:33:05,022 [pool-19-thread-1] INFO  storage.RaftStorage (RaftStorageImpl.java:analyzeAndRecoverStorage(110)) - Read RaftStorageMetadata{term=1, votedFor=eedbf36c-d765-4127-a253-f087b7af9e5f} from /home/runner/work/ozone/ozone/hadoop-ozone/integration-test/target/test-dir/MiniOzoneClusterImpl-a53f0994-8d29-48d7-8b80-9abc5033b6e0/scmNode-1/scm-ha/a53f0994-8d29-48d7-8b80-9abc5033b6e0/current/raft-meta
2022-10-11 17:33:05,030 [pool-19-thread-1] INFO  server.RaftServer$Division (ServerState.java:setRaftConf(393)) - eedbf36c-d765-4127-a253-f087b7af9e5f@group-9ABC5033B6E0: set configuration 0: [eedbf36c-d765-4127-a253-f087b7af9e5f|rpc:localhost:39163|admin:|client:|dataStream:|priority:0], old=null
2022-10-11 17:33:05,030 [pool-19-thread-1] INFO  server.RaftServerConfigKeys (ConfUtils.java:logGet(46)) - raft.server.notification.no-leader.timeout = 60s (default)
2022-10-11 17:33:05,031 [pool-19-thread-1] INFO  server.RaftServerConfigKeys (ConfUtils.java:logGet(46)) - raft.server.log.use.memory = false (default)
2022-10-11 17:33:05,031 [pool-19-thread-1] INFO  server.RaftServerConfigKeys (ConfUtils.java:logGet(46)) - raft.server.log.purge.gap = 1000000 (custom)
2022-10-11 17:33:05,031 [pool-19-thread-1] INFO  server.RaftServerConfigKeys (ConfUtils.java:logGet(46)) - raft.server.log.appender.buffer.byte-limit = 33554432 (custom)
2022-10-11 17:33:05,031 [pool-19-thread-1] INFO  server.RaftServerConfigKeys (ConfUtils.java:logGet(46)) - raft.server.log.statemachine.data.read.timeout = 1000ms (default)
2022-10-11 17:33:05,034 [pool-19-thread-1] INFO  server.RaftServerConfigKeys (ConfUtils.java:logGet(46)) - raft.server.log.segment.size.max = 4194304 (custom)
2022-10-11 17:33:05,035 [pool-19-thread-1] INFO  server.RaftServerConfigKeys (ConfUtils.java:logGet(46)) - raft.server.log.segment.cache.num.max = 2 (custom)
2022-10-11 17:33:05,035 [pool-19-thread-1] INFO  server.RaftServerConfigKeys (ConfUtils.java:logGet(46)) - raft.server.log.segment.cache.size.max = 200MB (=209715200) (default)
2022-10-11 17:33:05,035 [pool-19-thread-1] INFO  segmented.SegmentedRaftLogWorker (SegmentedRaftLogWorker.java:<init>(187)) - new eedbf36c-d765-4127-a253-f087b7af9e5f@group-9ABC5033B6E0-SegmentedRaftLogWorker for RaftStorageImpl:Storage Directory /home/runner/work/ozone/ozone/hadoop-ozone/integration-test/target/test-dir/MiniOzoneClusterImpl-a53f0994-8d29-48d7-8b80-9abc5033b6e0/scmNode-1/scm-ha/a53f0994-8d29-48d7-8b80-9abc5033b6e0
2022-10-11 17:33:05,035 [pool-19-thread-1] INFO  server.RaftServerConfigKeys (ConfUtils.java:logGet(46)) - raft.server.log.queue.byte-limit = 64MB (=67108864) (default)
2022-10-11 17:33:05,035 [pool-19-thread-1] INFO  server.RaftServerConfigKeys (ConfUtils.java:logGet(46)) - raft.server.log.queue.element-limit = 4096 (default)
2022-10-11 17:33:05,036 [pool-19-thread-1] INFO  server.RaftServerConfigKeys (ConfUtils.java:logGet(46)) - raft.server.log.segment.size.max = 4194304 (custom)
2022-10-11 17:33:05,036 [pool-19-thread-1] INFO  server.RaftServerConfigKeys (ConfUtils.java:logGet(46)) - raft.server.log.preallocated.size = 4194304 (custom)
2022-10-11 17:33:05,036 [pool-19-thread-1] INFO  server.RaftServerConfigKeys (ConfUtils.java:logGet(46)) - raft.server.log.force.sync.num = 128 (default)
2022-10-11 17:33:05,036 [pool-19-thread-1] INFO  server.RaftServerConfigKeys (ConfUtils.java:logGet(46)) - raft.server.log.statemachine.data.sync = true (default)
2022-10-11 17:33:05,036 [pool-19-thread-1] INFO  server.RaftServerConfigKeys (ConfUtils.java:logGet(46)) - raft.server.log.statemachine.data.sync.timeout = 10s (default)
2022-10-11 17:33:05,036 [pool-19-thread-1] INFO  server.RaftServerConfigKeys (ConfUtils.java:logGet(46)) - raft.server.log.statemachine.data.sync.timeout.retry = -1 (default)
2022-10-11 17:33:05,038 [pool-19-thread-1] INFO  server.RaftServerConfigKeys (ConfUtils.java:logGet(46)) - raft.server.log.write.buffer.size = 64KB (=65536) (default)
2022-10-11 17:33:05,038 [pool-19-thread-1] INFO  server.RaftServerConfigKeys (ConfUtils.java:logGet(46)) - raft.server.log.unsafe-flush.enabled = false (default)
2022-10-11 17:33:05,038 [pool-19-thread-1] INFO  server.RaftServerConfigKeys (ConfUtils.java:logGet(46)) - raft.server.log.statemachine.data.caching.enabled = false (default)
2022-10-11 17:33:05,045 [pool-19-thread-1] INFO  server.RaftServer$Division (ServerState.java:setRaftConf(393)) - eedbf36c-d765-4127-a253-f087b7af9e5f@group-9ABC5033B6E0: set configuration 0: [eedbf36c-d765-4127-a253-f087b7af9e5f|rpc:localhost:39163|admin:|client:|dataStream:|priority:0], old=null
2022-10-11 17:33:05,046 [pool-19-thread-1] INFO  segmented.LogSegment (LogSegment.java:loadSegment(173)) - Successfully read 1 entries from segment file /home/runner/work/ozone/ozone/hadoop-ozone/integration-test/target/test-dir/MiniOzoneClusterImpl-a53f0994-8d29-48d7-8b80-9abc5033b6e0/scmNode-1/scm-ha/a53f0994-8d29-48d7-8b80-9abc5033b6e0/current/log_inprogress_0
2022-10-11 17:33:05,046 [pool-19-thread-1] INFO  segmented.SegmentedRaftLogWorker (SegmentedRaftLogWorker.java:lambda$new$0(135)) - eedbf36c-d765-4127-a253-f087b7af9e5f@group-9ABC5033B6E0-SegmentedRaftLogWorker: flushIndex: setUnconditionally 0 -> 0
2022-10-11 17:33:05,046 [pool-19-thread-1] INFO  segmented.SegmentedRaftLogWorker (SegmentedRaftLogWorker.java:lambda$new$0(135)) - eedbf36c-d765-4127-a253-f087b7af9e5f@group-9ABC5033B6E0-SegmentedRaftLogWorker: safeCacheEvictIndex: setUnconditionally 0 -> -1
2022-10-11 17:33:05,046 [pool-19-thread-1] INFO  server.RaftServerConfigKeys (ConfUtils.java:logGet(46)) - raft.server.snapshot.auto.trigger.enabled = true (custom)
2022-10-11 17:33:05,047 [pool-19-thread-1] INFO  server.RaftServerConfigKeys (ConfUtils.java:logGet(46)) - raft.server.snapshot.auto.trigger.threshold = 1000 (custom)
2022-10-11 17:33:05,047 [pool-19-thread-1] INFO  server.RaftServerConfigKeys (ConfUtils.java:logGet(46)) - raft.server.snapshot.retention.file.num = -1 (default)
2022-10-11 17:33:05,047 [pool-19-thread-1] INFO  server.RaftServerConfigKeys (ConfUtils.java:logGet(46)) - raft.server.log.purge.upto.snapshot.index = false (default)
2022-10-11 17:33:05,047 [pool-19-thread-1] INFO  server.RaftServerConfigKeys (ConfUtils.java:logGet(46)) - raft.server.retrycache.expirytime = 60000ms (default)
2022-10-11 17:33:05,047 [pool-19-thread-1] INFO  server.RaftServerConfigKeys (ConfUtils.java:logGet(46)) - raft.server.retrycache.statistics.expirytime = 100μs (default)
2022-10-11 17:33:05,049 [pool-19-thread-1] INFO  server.RaftServerConfigKeys (ConfUtils.java:logGet(46)) - raft.server.log.appender.install.snapshot.enabled = false (custom)
2022-10-11 17:33:05,049 [pool-19-thread-1] INFO  server.RaftServerConfigKeys (ConfUtils.java:logGet(46)) - raft.server.threadpool.server.cached = true (default)
2022-10-11 17:33:05,049 [pool-19-thread-1] INFO  server.RaftServerConfigKeys (ConfUtils.java:logGet(46)) - raft.server.threadpool.server.size = 0 (default)
2022-10-11 17:33:05,049 [pool-19-thread-1] INFO  server.RaftServerConfigKeys (ConfUtils.java:logGet(46)) - raft.server.threadpool.client.cached = true (default)
2022-10-11 17:33:05,049 [pool-19-thread-1] INFO  server.RaftServerConfigKeys (ConfUtils.java:logGet(46)) - raft.server.threadpool.client.size = 0 (default)
2022-10-11 17:33:05,051 [Time-limited test] INFO  ha.SCMSnapshotProvider (SCMSnapshotProvider.java:<init>(66)) - Initializing SCM Snapshot Provider
2022-10-11 17:33:05,052 [Time-limited test] WARN  server.ServerUtils (ServerUtils.java:getDefaultRatisDirectory(237)) - Storage directory for Ratis is not configured. It is a good idea to map this to an SSD disk. Falling back to ozone.metadata.dirs
2022-10-11 17:33:05,052 [Time-limited test] WARN  ha.SCMHAUtils (SCMHAUtils.java:getSCMRatisSnapshotDirectory(153)) - SCM snapshot dir is not configured. Falling back to ozone.metadata.dirs config
2022-10-11 17:33:05,086 [Time-limited test] INFO  upgrade.AbstractLayoutVersionManager (AbstractLayoutVersionManager.java:init(83)) - Initializing Layout version manager with metadata layout = DATANODE_SCHEMA_V3 (version = 4), software layout = DATANODE_SCHEMA_V3 (version = 4)
2022-10-11 17:33:05,289 [Time-limited test] INFO  reflections.Reflections (Reflections.java:scan(232)) - Reflections took 168 ms to scan 7 urls, producing 137 keys and 328 values 
2022-10-11 17:33:05,409 [Time-limited test] INFO  ha.SequenceIdGenerator (SequenceIdGenerator.java:upgradeToSequenceId(349)) - upgrade localId to 109611004723200000
2022-10-11 17:33:05,409 [Time-limited test] INFO  ha.SequenceIdGenerator (SequenceIdGenerator.java:upgradeToSequenceId(359)) - upgrade delTxnId to 0
2022-10-11 17:33:05,414 [Time-limited test] INFO  ha.SequenceIdGenerator (SequenceIdGenerator.java:upgradeToSequenceId(376)) - upgrade containerId to 0
2022-10-11 17:33:05,419 [Time-limited test] INFO  ha.SequenceIdGenerator (SequenceIdGenerator.java:<init>(220)) - Init the HA SequenceIdGenerator.
2022-10-11 17:33:05,485 [Time-limited test] INFO  node.SCMNodeManager (SCMNodeManager.java:<init>(149)) - Entering startup safe mode.
2022-10-11 17:33:05,570 [Time-limited test] INFO  algorithms.ContainerPlacementPolicyFactory (ContainerPlacementPolicyFactory.java:getPolicyInternal(86)) - Create container placement policy of type org.apache.hadoop.hdds.scm.container.placement.algorithms.SCMContainerPlacementRandom
2022-10-11 17:33:05,572 [Time-limited test] INFO  algorithms.ContainerPlacementPolicyFactory (ContainerPlacementPolicyFactory.java:getPolicyInternal(86)) - Create container placement policy of type org.apache.hadoop.hdds.scm.container.placement.algorithms.SCMContainerPlacementRackScatter
2022-10-11 17:33:05,587 [Time-limited test] INFO  pipeline.PipelineStateManagerImpl (PipelineStateManagerImpl.java:initialize(78)) - No pipeline exists in current db
2022-10-11 17:33:05,633 [Time-limited test] INFO  algorithms.LeaderChoosePolicyFactory (LeaderChoosePolicyFactory.java:getPolicy(57)) - Create leader choose policy of type org.apache.hadoop.hdds.scm.pipeline.leader.choose.algorithms.MinLeaderCountChoosePolicy
2022-10-11 17:33:05,633 [Time-limited test] INFO  algorithms.ContainerPlacementPolicyFactory (ContainerPlacementPolicyFactory.java:getPolicyInternal(86)) - Create container placement policy of type org.apache.hadoop.hdds.scm.container.placement.algorithms.SCMContainerPlacementRackScatter
2022-10-11 17:33:05,642 [Time-limited test] INFO  ha.SCMServiceManager (SCMServiceManager.java:register(42)) - Registering service BackgroundPipelineCreator.
2022-10-11 17:33:05,642 [Time-limited test] INFO  pipeline.BackgroundPipelineCreator (BackgroundPipelineCreator.java:start(124)) - Starting RatisPipelineUtilsThread.
2022-10-11 17:33:05,645 [Time-limited test] INFO  BackgroundPipelineScrubber (BackgroundSCMService.java:start(68)) - Starting BackgroundPipelineScrubber Service.
2022-10-11 17:33:05,646 [Time-limited test] INFO  ha.SCMServiceManager (SCMServiceManager.java:register(42)) - Registering service BackgroundPipelineScrubber.
2022-10-11 17:33:05,654 [Time-limited test] INFO  ExpiredContainerReplicaOpScrubber (BackgroundSCMService.java:start(68)) - Starting ExpiredContainerReplicaOpScrubber Service.
2022-10-11 17:33:05,654 [Time-limited test] INFO  ha.SCMServiceManager (SCMServiceManager.java:register(42)) - Registering service ExpiredContainerReplicaOpScrubber.
2022-10-11 17:33:05,717 [Time-limited test] INFO  algorithms.PipelineChoosePolicyFactory (PipelineChoosePolicyFactory.java:createPipelineChoosePolicyFromClass(73)) - Create pipeline choose policy of type org.apache.hadoop.hdds.scm.pipeline.choose.algorithms.RandomPipelineChoosePolicy
2022-10-11 17:33:05,741 [Time-limited test] INFO  ha.SCMServiceManager (SCMServiceManager.java:register(42)) - Registering service SCMBlockDeletingService.
2022-10-11 17:33:05,812 [Time-limited test] INFO  replication.ReplicationManager (ReplicationManager.java:start(223)) - Starting Replication Monitor Thread.
2022-10-11 17:33:05,825 [Time-limited test] INFO  ha.SCMServiceManager (SCMServiceManager.java:register(42)) - Registering service ReplicationManager.
2022-10-11 17:33:05,837 [ReplicationMonitor] INFO  replication.ReplicationManager (ReplicationManager.java:processAll(291)) - Replication Manager is not ready to run until 300000ms after safemode exit
2022-10-11 17:33:05,843 [Time-limited test] INFO  safemode.ContainerSafeModeRule (ContainerSafeModeRule.java:<init>(89)) - containers with one replica threshold count 0
2022-10-11 17:33:05,848 [Time-limited test] INFO  safemode.HealthyPipelineSafeModeRule (HealthyPipelineSafeModeRule.java:initializeRule(169)) - Total pipeline count is 0, healthy pipeline threshold count is 1
2022-10-11 17:33:05,850 [Time-limited test] INFO  safemode.OneReplicaPipelineSafeModeRule (OneReplicaPipelineSafeModeRule.java:initializeRule(180)) - Total pipeline count is 0, pipeline's with at least one datanode reported threshold count is 0
2022-10-11 17:33:06,289 [Time-limited test] INFO  audit.AuditLogger (AuditLogger.java:refreshDebugCmdSet(126)) - Refresh DebugCmdSet for SCMAudit to [].
2022-10-11 17:33:06,360 [Time-limited test] INFO  ipc.CallQueueManager (CallQueueManager.java:<init>(90)) - Using callQueue: class java.util.concurrent.LinkedBlockingQueue, queueCapacity: 10000, scheduler: class org.apache.hadoop.ipc.DefaultRpcScheduler, ipcBackoff: false.
2022-10-11 17:33:06,411 [Socket Reader #1 for port 35983] INFO  ipc.Server (Server.java:run(1265)) - Starting Socket Reader #1 for port 35983
2022-10-11 17:33:06,481 [Listener at 0.0.0.0/35983] INFO  audit.AuditLogger (AuditLogger.java:refreshDebugCmdSet(126)) - Refresh DebugCmdSet for SCMAudit to [].
2022-10-11 17:33:06,488 [Listener at 0.0.0.0/35983] INFO  ipc.CallQueueManager (CallQueueManager.java:<init>(90)) - Using callQueue: class java.util.concurrent.LinkedBlockingQueue, queueCapacity: 10000, scheduler: class org.apache.hadoop.ipc.DefaultRpcScheduler, ipcBackoff: false.
2022-10-11 17:33:06,489 [Socket Reader #1 for port 43079] INFO  ipc.Server (Server.java:run(1265)) - Starting Socket Reader #1 for port 43079
2022-10-11 17:33:06,529 [Listener at 0.0.0.0/43079] INFO  audit.AuditLogger (AuditLogger.java:refreshDebugCmdSet(126)) - Refresh DebugCmdSet for SCMAudit to [].
2022-10-11 17:33:06,543 [Listener at 0.0.0.0/43079] INFO  ipc.CallQueueManager (CallQueueManager.java:<init>(90)) - Using callQueue: class java.util.concurrent.LinkedBlockingQueue, queueCapacity: 10000, scheduler: class org.apache.hadoop.ipc.DefaultRpcScheduler, ipcBackoff: false.
2022-10-11 17:33:06,544 [Socket Reader #1 for port 36803] INFO  ipc.Server (Server.java:run(1265)) - Starting Socket Reader #1 for port 36803
2022-10-11 17:33:06,632 [Listener at 0.0.0.0/36803] INFO  ha.SCMServiceManager (SCMServiceManager.java:register(42)) - Registering service ContainerBalancer.
2022-10-11 17:33:06,633 [Listener at 0.0.0.0/36803] INFO  server.StorageContainerManager (StorageContainerManager.java:<init>(410)) - 
Container Balancer status:
Key                            Value
Running                        false
Container Balancer Configuration values:
Key                                                Value
Threshold                                          10
Max Datanodes to Involve per Iteration(percent)    20
Max Size to Move per Iteration                     500GB
Max Size Entering Target per Iteration             26GB
Max Size Leaving Source per Iteration              26GB

2022-10-11 17:33:06,633 [Listener at 0.0.0.0/36803] WARN  events.EventQueue (EventQueue.java:fireEvent(216)) - No event handler registered for event TypedEvent{payloadType=SafeModeStatus, name='Safe mode status'}
2022-10-11 17:33:06,633 [Listener at 0.0.0.0/36803] INFO  ha.SCMContext (SCMContext.java:updateSafeModeStatus(228)) - Update SafeModeStatus from SafeModeStatus{safeModeStatus=true, preCheckPassed=false} to SafeModeStatus{safeModeStatus=true, preCheckPassed=false}.
2022-10-11 17:33:06,638 [Listener at 0.0.0.0/36803] INFO  server.StorageContainerManager (StorageContainerManager.java:start(1436)) - StorageContainerLocationProtocol RPC server is listening at /0.0.0.0:36803
2022-10-11 17:33:06,639 [Listener at 0.0.0.0/36803] INFO  ha.SCMRatisServerImpl (SCMRatisServerImpl.java:start(178)) - starting ratis server 0.0.0.0:39163
2022-10-11 17:33:06,639 [eedbf36c-d765-4127-a253-f087b7af9e5f-impl-thread1] INFO  server.RaftServer$Division (RaftServerImpl.java:start(310)) - eedbf36c-d765-4127-a253-f087b7af9e5f@group-9ABC5033B6E0: start as a follower, conf=0: [eedbf36c-d765-4127-a253-f087b7af9e5f|rpc:localhost:39163|admin:|client:|dataStream:|priority:0], old=null
2022-10-11 17:33:06,640 [eedbf36c-d765-4127-a253-f087b7af9e5f-impl-thread1] INFO  server.RaftServer$Division (RaftServerImpl.java:setRole(299)) - eedbf36c-d765-4127-a253-f087b7af9e5f@group-9ABC5033B6E0: changes role from      null to FOLLOWER at term 1 for startAsFollower
2022-10-11 17:33:06,640 [eedbf36c-d765-4127-a253-f087b7af9e5f-impl-thread1] INFO  impl.RoleInfo (RoleInfo.java:updateAndGet(139)) - eedbf36c-d765-4127-a253-f087b7af9e5f: start eedbf36c-d765-4127-a253-f087b7af9e5f@group-9ABC5033B6E0-FollowerState
2022-10-11 17:33:06,640 [eedbf36c-d765-4127-a253-f087b7af9e5f-impl-thread1] INFO  util.JmxRegister (JmxRegister.java:tryRegister(44)) - Successfully registered JMX Bean with object name Ratis:service=RaftServer,group=group-9ABC5033B6E0,id=eedbf36c-d765-4127-a253-f087b7af9e5f
2022-10-11 17:33:06,641 [Listener at 0.0.0.0/36803] INFO  server.RaftServer (RaftServerProxy.java:lambda$start$6(382)) - eedbf36c-d765-4127-a253-f087b7af9e5f: start RPC server
2022-10-11 17:33:06,644 [Listener at 0.0.0.0/36803] INFO  server.GrpcService (GrpcService.java:startImpl(260)) - eedbf36c-d765-4127-a253-f087b7af9e5f: GrpcService started, listening on 39163
2022-10-11 17:33:06,644 [Listener at 0.0.0.0/36803] INFO  ha.SCMHAManagerImpl (SCMHAManagerImpl.java:start(121)) -  scm role is FOLLOWER peers [eedbf36c-d765-4127-a253-f087b7af9e5f|rpc:localhost:39163|admin:|client:|dataStream:|priority:0]
2022-10-11 17:33:06,644 [Listener at 0.0.0.0/36803] INFO  ha.InterSCMGrpcService (InterSCMGrpcProtocolService.java:start(94)) - Starting SCM Grpc Service at port 33051
2022-10-11 17:33:06,645 [org.apache.ratis.util.JvmPauseMonitor$$Lambda$519/1644506233@6ef6ec63] INFO  util.JvmPauseMonitor (JvmPauseMonitor.java:run(103)) - JvmPauseMonitor-eedbf36c-d765-4127-a253-f087b7af9e5f: Started
2022-10-11 17:33:06,724 [Listener at 0.0.0.0/36803] WARN  impl.MetricsConfig (MetricsConfig.java:loadFirst(136)) - Cannot locate configuration: tried hadoop-metrics2-storagecontainermanager.properties,hadoop-metrics2.properties
2022-10-11 17:33:06,743 [Listener at 0.0.0.0/36803] INFO  impl.MetricsSystemImpl (MetricsSystemImpl.java:startTimer(378)) - Scheduled Metric snapshot period at 10 second(s).
2022-10-11 17:33:06,743 [Listener at 0.0.0.0/36803] INFO  impl.MetricsSystemImpl (MetricsSystemImpl.java:start(191)) - StorageContainerManager metrics system started
2022-10-11 17:33:07,048 [Listener at 0.0.0.0/36803] INFO  server.SCMClientProtocolServer (SCMClientProtocolServer.java:start(170)) - RPC server for Client  is listening at /0.0.0.0:36803
2022-10-11 17:33:07,051 [IPC Server Responder] INFO  ipc.Server (Server.java:run(1507)) - IPC Server Responder: starting
2022-10-11 17:33:07,075 [Listener at 0.0.0.0/36803] INFO  server.StorageContainerManager (StorageContainerManager.java:start(1451)) - ScmBlockLocationProtocol RPC server is listening at /0.0.0.0:43079
2022-10-11 17:33:07,076 [Listener at 0.0.0.0/36803] INFO  server.SCMBlockProtocolServer (SCMBlockProtocolServer.java:start(152)) - RPC server for Block Protocol is listening at /0.0.0.0:43079
2022-10-11 17:33:07,099 [IPC Server listener on 36803] INFO  ipc.Server (Server.java:run(1344)) - IPC Server listener on 36803: starting
2022-10-11 17:33:07,101 [IPC Server listener on 43079] INFO  ipc.Server (Server.java:run(1344)) - IPC Server listener on 43079: starting
2022-10-11 17:33:07,101 [IPC Server Responder] INFO  ipc.Server (Server.java:run(1507)) - IPC Server Responder: starting
2022-10-11 17:33:07,180 [org.apache.hadoop.util.JvmPauseMonitor$Monitor@1f63f7f] INFO  util.JvmPauseMonitor (JvmPauseMonitor.java:run(188)) - Starting JVM pause monitor
2022-10-11 17:33:07,200 [Listener at 0.0.0.0/36803] INFO  http.BaseHttpServer (BaseHttpServer.java:newHttpServer2BuilderForOzone(213)) - Starting Web-server for scm at: http://0.0.0.0:46533
2022-10-11 17:33:07,200 [Listener at 0.0.0.0/36803] INFO  http.BaseHttpServer (BaseHttpServer.java:<init>(108)) - Hadoop Security Enabled: false Ozone Security Enabled: false Ozone HTTP Security Enabled: false 
2022-10-11 17:33:07,232 [Listener at 0.0.0.0/36803] INFO  util.log (Log.java:initialized(170)) - Logging initialized @12563ms to org.eclipse.jetty.util.log.Slf4jLog
2022-10-11 17:33:07,347 [Listener at 0.0.0.0/36803] INFO  server.AuthenticationFilter (AuthenticationFilter.java:constructSecretProvider(240)) - Unable to initialize FileSignerSecretProvider, falling back to use random secrets.
2022-10-11 17:33:07,355 [Listener at 0.0.0.0/36803] WARN  http.HttpRequestLog (HttpRequestLog.java:getRequestLog(103)) - Jetty request log can only be enabled using Log4j
2022-10-11 17:33:07,362 [Listener at 0.0.0.0/36803] INFO  http.HttpServer2 (HttpServer2.java:addGlobalFilter(1031)) - Added global filter 'safety' (class=org.apache.hadoop.hdds.server.http.HttpServer2$QuotingInputFilter)
2022-10-11 17:33:07,365 [Listener at 0.0.0.0/36803] INFO  http.HttpServer2 (HttpServer2.java:addFilter(1007)) - Added filter static_user_filter (class=org.apache.hadoop.http.lib.StaticUserWebFilter$StaticUserFilter) to context scm
2022-10-11 17:33:07,365 [Listener at 0.0.0.0/36803] INFO  http.HttpServer2 (HttpServer2.java:addFilter(1015)) - Added filter static_user_filter (class=org.apache.hadoop.http.lib.StaticUserWebFilter$StaticUserFilter) to context logs
2022-10-11 17:33:07,365 [Listener at 0.0.0.0/36803] INFO  http.HttpServer2 (HttpServer2.java:addFilter(1015)) - Added filter static_user_filter (class=org.apache.hadoop.http.lib.StaticUserWebFilter$StaticUserFilter) to context static
2022-10-11 17:33:07,414 [Listener at 0.0.0.0/36803] INFO  http.HttpServer2 (HttpServer2.java:bindListener(1250)) - Jetty bound to port 46533
2022-10-11 17:33:07,416 [Listener at 0.0.0.0/36803] INFO  server.Server (Server.java:doStart(375)) - jetty-9.4.43.v20210629; built: 2021-06-30T11:07:22.254Z; git: 526006ecfa3af7f1a27ef3a288e2bef7ea9dd7e8; jvm 1.8.0_345-b01
2022-10-11 17:33:07,453 [Listener at 0.0.0.0/36803] INFO  server.session (DefaultSessionIdManager.java:doStart(334)) - DefaultSessionIdManager workerName=node0
2022-10-11 17:33:07,453 [Listener at 0.0.0.0/36803] INFO  server.session (DefaultSessionIdManager.java:doStart(339)) - No SessionScavenger set, using defaults
2022-10-11 17:33:07,455 [Listener at 0.0.0.0/36803] INFO  server.session (HouseKeeper.java:startScavenging(132)) - node0 Scavenging every 660000ms
2022-10-11 17:33:07,470 [Listener at 0.0.0.0/36803] INFO  handler.ContextHandler (ContextHandler.java:doStart(915)) - Started o.e.j.s.ServletContextHandler@f0a7716{logs,/logs,file:///home/runner/work/ozone/ozone/hadoop-ozone/integration-test/target/log,AVAILABLE}
2022-10-11 17:33:07,471 [Listener at 0.0.0.0/36803] INFO  handler.ContextHandler (ContextHandler.java:doStart(915)) - Started o.e.j.s.ServletContextHandler@e91517{static,/static,file:///home/runner/work/ozone/ozone/hadoop-ozone/integration-test/target/test-classes/webapps/static,AVAILABLE}
2022-10-11 17:33:07,531 [Listener at 0.0.0.0/36803] INFO  handler.ContextHandler (ContextHandler.java:doStart(915)) - Started o.e.j.w.WebAppContext@1b4dfa7c{scm,/,file:///home/runner/work/ozone/ozone/hadoop-ozone/integration-test/target/test-classes/webapps/scm/,AVAILABLE}{file:/home/runner/work/ozone/ozone/hadoop-ozone/integration-test/target/test-classes/webapps/scm}
2022-10-11 17:33:07,542 [Listener at 0.0.0.0/36803] INFO  server.AbstractConnector (AbstractConnector.java:doStart(331)) - Started ServerConnector@79d4ebee{HTTP/1.1, (http/1.1)}{0.0.0.0:46533}
2022-10-11 17:33:07,543 [Listener at 0.0.0.0/36803] INFO  server.Server (Server.java:doStart(415)) - Started @12874ms
2022-10-11 17:33:07,546 [Listener at 0.0.0.0/36803] INFO  impl.MetricsSinkAdapter (MetricsSinkAdapter.java:start(204)) - Sink prometheus started
2022-10-11 17:33:07,546 [Listener at 0.0.0.0/36803] INFO  impl.MetricsSystemImpl (MetricsSystemImpl.java:registerSink(305)) - Registered sink prometheus
2022-10-11 17:33:07,548 [Listener at 0.0.0.0/36803] INFO  http.BaseHttpServer (BaseHttpServer.java:updateConnectorAddress(333)) - HTTP server of scm listening at http://0.0.0.0:46533
2022-10-11 17:33:07,548 [Listener at 0.0.0.0/36803] INFO  ozone.MiniOzoneHAClusterImpl (MiniOzoneHAClusterImpl.java:createSCMService(606)) - Started SCM RPC server at /0.0.0.0:36803
2022-10-11 17:33:07,568 [Listener at 0.0.0.0/36803] WARN  server.ServerUtils (ServerUtils.java:getScmDbDir(148)) - ozone.scm.db.dirs is not configured. We recommend adding this setting. Falling back to ozone.metadata.dirs instead.
2022-10-11 17:33:07,568 [Listener at 0.0.0.0/36803] INFO  ha.SCMHANodeDetails (SCMHANodeDetails.java:loadSCMHAConfig(209)) - ServiceID for StorageContainerManager is scmServiceId
2022-10-11 17:33:07,568 [Listener at 0.0.0.0/36803] INFO  ha.SCMHANodeDetails (SCMHANodeDetails.java:loadSCMHAConfig(220)) - ServiceID for StorageContainerManager is scmServiceId
2022-10-11 17:33:07,569 [Listener at 0.0.0.0/36803] WARN  scm.ScmUtils (ScmUtils.java:logWarn(179)) - ConfigKey ozone.scm.block.client.address is deprecated, For configuring different ports for each SCM use PortConfigKey ozone.scm.block.client.port appended with serviceId and nodeId. If want to configure same port configure ozone.scm.block.client.port
2022-10-11 17:33:07,569 [Listener at 0.0.0.0/36803] WARN  scm.ScmUtils (ScmUtils.java:logWarn(179)) - ConfigKey ozone.scm.client.address is deprecated, For configuring different ports for each SCM use PortConfigKey ozone.scm.client.port appended with serviceId and nodeId. If want to configure same port configure ozone.scm.client.port
2022-10-11 17:33:07,569 [Listener at 0.0.0.0/36803] WARN  scm.ScmUtils (ScmUtils.java:logWarn(179)) - ConfigKey ozone.scm.datanode.address is deprecated, For configuring different ports for each SCM use PortConfigKey ozone.scm.datanode.port appended with serviceId and nodeId. If want to configure same port configure ozone.scm.datanode.port
2022-10-11 17:33:07,570 [Listener at 0.0.0.0/36803] WARN  scm.ScmUtils (ScmUtils.java:logWarn(179)) - ConfigKey ozone.scm.block.client.address is deprecated, For configuring different ports for each SCM use PortConfigKey ozone.scm.block.client.port appended with serviceId and nodeId. If want to configure same port configure ozone.scm.block.client.port
2022-10-11 17:33:07,570 [Listener at 0.0.0.0/36803] WARN  scm.ScmUtils (ScmUtils.java:logWarn(179)) - ConfigKey ozone.scm.client.address is deprecated, For configuring different ports for each SCM use PortConfigKey ozone.scm.client.port appended with serviceId and nodeId. If want to configure same port configure ozone.scm.client.port
2022-10-11 17:33:07,570 [Listener at 0.0.0.0/36803] WARN  scm.ScmUtils (ScmUtils.java:logWarn(179)) - ConfigKey ozone.scm.datanode.address is deprecated, For configuring different ports for each SCM use PortConfigKey ozone.scm.datanode.port appended with serviceId and nodeId. If want to configure same port configure ozone.scm.datanode.port
2022-10-11 17:33:07,570 [Listener at 0.0.0.0/36803] INFO  ha.SCMHANodeDetails (SCMHANodeDetails.java:loadSCMHAConfig(307)) - Found matching SCM address with SCMServiceId: scmServiceId, SCMNodeId: scmNode-2, RPC Address: localhost:33821 and Ratis port: 33821
2022-10-11 17:33:07,571 [Listener at 0.0.0.0/36803] INFO  ha.SCMHANodeDetails (ConfUtils.java:setNodeSpecificConfigs(97)) - Setting configuration key ozone.scm.datanode.address with value of key ozone.scm.datanode.address.scmServiceId.scmNode-2: 127.0.0.1:44349
2022-10-11 17:33:07,571 [Listener at 0.0.0.0/36803] INFO  ha.SCMHANodeDetails (ConfUtils.java:setNodeSpecificConfigs(97)) - Setting configuration key ozone.scm.block.client.address with value of key ozone.scm.block.client.address.scmServiceId.scmNode-2: 127.0.0.1:40463
2022-10-11 17:33:07,571 [Listener at 0.0.0.0/36803] INFO  ha.SCMHANodeDetails (ConfUtils.java:setNodeSpecificConfigs(97)) - Setting configuration key ozone.scm.client.address with value of key ozone.scm.client.address.scmServiceId.scmNode-2: 127.0.0.1:34009
2022-10-11 17:33:07,571 [Listener at 0.0.0.0/36803] INFO  ha.SCMHANodeDetails (ConfUtils.java:setNodeSpecificConfigs(97)) - Setting configuration key ozone.scm.ratis.port with value of key ozone.scm.ratis.port.scmServiceId.scmNode-2: 33821
2022-10-11 17:33:07,572 [Listener at 0.0.0.0/36803] INFO  ha.SCMHANodeDetails (ConfUtils.java:setNodeSpecificConfigs(97)) - Setting configuration key ozone.scm.grpc.port with value of key ozone.scm.grpc.port.scmServiceId.scmNode-2: 37997
2022-10-11 17:33:07,572 [Listener at 0.0.0.0/36803] INFO  ha.SCMHANodeDetails (ConfUtils.java:setNodeSpecificConfigs(97)) - Setting configuration key ozone.scm.http-address with value of key ozone.scm.http-address.scmServiceId.scmNode-2: 127.0.0.1:39877
2022-10-11 17:33:07,572 [Listener at 0.0.0.0/36803] INFO  ha.SCMHANodeDetails (ConfUtils.java:setNodeSpecificConfigs(97)) - Setting configuration key ozone.scm.https-address with value of key ozone.scm.https-address.scmServiceId.scmNode-2: 127.0.0.1:42097
2022-10-11 17:33:07,572 [Listener at 0.0.0.0/36803] INFO  ha.SCMHANodeDetails (ConfUtils.java:setNodeSpecificConfigs(97)) - Setting configuration key ozone.scm.address with value of key ozone.scm.address.scmServiceId.scmNode-2: 127.0.0.1
2022-10-11 17:33:07,572 [Listener at 0.0.0.0/36803] WARN  scm.ScmUtils (ScmUtils.java:logWarn(179)) - ConfigKey ozone.scm.block.client.address is deprecated, For configuring different ports for each SCM use PortConfigKey ozone.scm.block.client.port appended with serviceId and nodeId. If want to configure same port configure ozone.scm.block.client.port
2022-10-11 17:33:07,573 [Listener at 0.0.0.0/36803] WARN  scm.ScmUtils (ScmUtils.java:logWarn(179)) - ConfigKey ozone.scm.client.address is deprecated, For configuring different ports for each SCM use PortConfigKey ozone.scm.client.port appended with serviceId and nodeId. If want to configure same port configure ozone.scm.client.port
2022-10-11 17:33:07,573 [Listener at 0.0.0.0/36803] WARN  scm.ScmUtils (ScmUtils.java:logWarn(179)) - ConfigKey ozone.scm.datanode.address is deprecated, For configuring different ports for each SCM use PortConfigKey ozone.scm.datanode.port appended with serviceId and nodeId. If want to configure same port configure ozone.scm.datanode.port
2022-10-11 17:33:07,581 [Listener at 0.0.0.0/36803] INFO  ha.SCMNodeInfo (SCMNodeInfo.java:getPort(197)) - ConfigKey ozone.scm.client.address is deprecated, For configuring different ports for each SCM use PortConfigKey ozone.scm.client.port appended with serviceId and nodeId
2022-10-11 17:33:07,582 [Listener at 0.0.0.0/36803] INFO  ha.SCMNodeInfo (SCMNodeInfo.java:getPort(197)) - ConfigKey ozone.scm.block.client.address is deprecated, For configuring different ports for each SCM use PortConfigKey ozone.scm.block.client.port appended with serviceId and nodeId
2022-10-11 17:33:07,582 [Listener at 0.0.0.0/36803] INFO  ha.SCMNodeInfo (SCMNodeInfo.java:getPort(197)) - ConfigKey ozone.scm.datanode.address is deprecated, For configuring different ports for each SCM use PortConfigKey ozone.scm.datanode.port appended with serviceId and nodeId
2022-10-11 17:33:07,584 [Listener at 0.0.0.0/36803] INFO  ha.SCMNodeInfo (SCMNodeInfo.java:getPort(197)) - ConfigKey ozone.scm.client.address is deprecated, For configuring different ports for each SCM use PortConfigKey ozone.scm.client.port appended with serviceId and nodeId
2022-10-11 17:33:07,584 [Listener at 0.0.0.0/36803] INFO  ha.SCMNodeInfo (SCMNodeInfo.java:getPort(197)) - ConfigKey ozone.scm.block.client.address is deprecated, For configuring different ports for each SCM use PortConfigKey ozone.scm.block.client.port appended with serviceId and nodeId
2022-10-11 17:33:07,586 [Listener at 0.0.0.0/36803] INFO  ha.SCMNodeInfo (SCMNodeInfo.java:getPort(197)) - ConfigKey ozone.scm.datanode.address is deprecated, For configuring different ports for each SCM use PortConfigKey ozone.scm.datanode.port appended with serviceId and nodeId
2022-10-11 17:33:07,588 [Listener at 0.0.0.0/36803] INFO  proxy.SCMBlockLocationFailoverProxyProvider (SCMBlockLocationFailoverProxyProvider.java:<init>(114)) - Created block location fail-over proxy with 2 nodes: [nodeId=scmNode-3,nodeAddress=/127.0.0.1:43519, nodeId=scmNode-1,nodeAddress=/127.0.0.1:43079]
2022-10-11 17:33:09,862 [Listener at 0.0.0.0/36803] INFO  retry.RetryInvocationHandler (RetryInvocationHandler.java:log(411)) - com.google.protobuf.ServiceException: java.net.ConnectException: Call From fv-az255-813/10.1.1.28 to localhost:43519 failed on connection exception: java.net.ConnectException: Connection refused; For more details see:  http://wiki.apache.org/hadoop/ConnectionRefused, while invoking $Proxy41.send over nodeId=scmNode-3,nodeAddress=/127.0.0.1:43519 after 1 failover attempts. Trying to failover after sleeping for 2000ms.
2022-10-11 17:33:11,717 [eedbf36c-d765-4127-a253-f087b7af9e5f@group-9ABC5033B6E0-FollowerState] INFO  impl.FollowerState (FollowerState.java:run(143)) - eedbf36c-d765-4127-a253-f087b7af9e5f@group-9ABC5033B6E0-FollowerState: change to CANDIDATE, lastRpcElapsedTime:5077620476ns, electionTimeout:5077ms
2022-10-11 17:33:11,718 [eedbf36c-d765-4127-a253-f087b7af9e5f@group-9ABC5033B6E0-FollowerState] INFO  impl.RoleInfo (RoleInfo.java:shutdownFollowerState(110)) - eedbf36c-d765-4127-a253-f087b7af9e5f: shutdown eedbf36c-d765-4127-a253-f087b7af9e5f@group-9ABC5033B6E0-FollowerState
2022-10-11 17:33:11,718 [eedbf36c-d765-4127-a253-f087b7af9e5f@group-9ABC5033B6E0-FollowerState] INFO  server.RaftServer$Division (RaftServerImpl.java:setRole(299)) - eedbf36c-d765-4127-a253-f087b7af9e5f@group-9ABC5033B6E0: changes role from  FOLLOWER to CANDIDATE at term 1 for changeToCandidate
2022-10-11 17:33:11,719 [eedbf36c-d765-4127-a253-f087b7af9e5f@group-9ABC5033B6E0-FollowerState] INFO  server.RaftServerConfigKeys (ConfUtils.java:logGet(46)) - raft.server.leaderelection.pre-vote = false (custom)
2022-10-11 17:33:11,719 [eedbf36c-d765-4127-a253-f087b7af9e5f@group-9ABC5033B6E0-FollowerState] INFO  impl.RoleInfo (RoleInfo.java:updateAndGet(139)) - eedbf36c-d765-4127-a253-f087b7af9e5f: start eedbf36c-d765-4127-a253-f087b7af9e5f@group-9ABC5033B6E0-LeaderElection2
2022-10-11 17:33:11,724 [eedbf36c-d765-4127-a253-f087b7af9e5f@group-9ABC5033B6E0-LeaderElection2] INFO  impl.LeaderElection (LeaderElection.java:askForVotes(310)) - eedbf36c-d765-4127-a253-f087b7af9e5f@group-9ABC5033B6E0-LeaderElection2 ELECTION round 0: submit vote requests at term 2 for 0: [eedbf36c-d765-4127-a253-f087b7af9e5f|rpc:localhost:39163|admin:|client:|dataStream:|priority:0], old=null
2022-10-11 17:33:11,725 [eedbf36c-d765-4127-a253-f087b7af9e5f@group-9ABC5033B6E0-LeaderElection2] INFO  impl.LeaderElection (LeaderElection.java:askForVotes(312)) - eedbf36c-d765-4127-a253-f087b7af9e5f@group-9ABC5033B6E0-LeaderElection2 ELECTION round 0: result PASSED (term=2)
2022-10-11 17:33:11,725 [eedbf36c-d765-4127-a253-f087b7af9e5f@group-9ABC5033B6E0-LeaderElection2] INFO  impl.RoleInfo (RoleInfo.java:shutdownLeaderElection(130)) - eedbf36c-d765-4127-a253-f087b7af9e5f: shutdown eedbf36c-d765-4127-a253-f087b7af9e5f@group-9ABC5033B6E0-LeaderElection2
2022-10-11 17:33:11,725 [eedbf36c-d765-4127-a253-f087b7af9e5f@group-9ABC5033B6E0-LeaderElection2] INFO  server.RaftServer$Division (RaftServerImpl.java:setRole(299)) - eedbf36c-d765-4127-a253-f087b7af9e5f@group-9ABC5033B6E0: changes role from CANDIDATE to LEADER at term 2 for changeToLeader
2022-10-11 17:33:11,725 [eedbf36c-d765-4127-a253-f087b7af9e5f@group-9ABC5033B6E0-LeaderElection2] INFO  ha.SCMStateMachine (SCMStateMachine.java:notifyLeaderChanged(259)) - current SCM becomes leader of term 2.
2022-10-11 17:33:11,726 [eedbf36c-d765-4127-a253-f087b7af9e5f@group-9ABC5033B6E0-LeaderElection2] INFO  ha.SCMContext (SCMContext.java:updateLeaderAndTerm(99)) - update <isLeader,term> from <false,0> to <true,2>
2022-10-11 17:33:11,729 [eedbf36c-d765-4127-a253-f087b7af9e5f@group-9ABC5033B6E0-LeaderElection2] INFO  server.RaftServer$Division (ServerState.java:setLeader(287)) - eedbf36c-d765-4127-a253-f087b7af9e5f@group-9ABC5033B6E0: change Leader from null to eedbf36c-d765-4127-a253-f087b7af9e5f at term 2 for becomeLeader, leader elected after 6695ms
2022-10-11 17:33:11,729 [eedbf36c-d765-4127-a253-f087b7af9e5f@group-9ABC5033B6E0-LeaderElection2] INFO  server.RaftServerConfigKeys (ConfUtils.java:logGet(46)) - raft.server.staging.catchup.gap = 1000 (default)
2022-10-11 17:33:11,729 [eedbf36c-d765-4127-a253-f087b7af9e5f@group-9ABC5033B6E0-LeaderElection2] INFO  server.RaftServerConfigKeys (ConfUtils.java:logGet(46)) - raft.server.write.element-limit = 4096 (default)
2022-10-11 17:33:11,729 [eedbf36c-d765-4127-a253-f087b7af9e5f@group-9ABC5033B6E0-LeaderElection2] INFO  server.RaftServerConfigKeys (ConfUtils.java:logGet(46)) - raft.server.write.byte-limit = 64MB (=67108864) (default)
2022-10-11 17:33:11,730 [eedbf36c-d765-4127-a253-f087b7af9e5f@group-9ABC5033B6E0-LeaderElection2] INFO  server.RaftServerConfigKeys (ConfUtils.java:logGet(46)) - raft.server.watch.timeout = 10s (default)
2022-10-11 17:33:11,730 [eedbf36c-d765-4127-a253-f087b7af9e5f@group-9ABC5033B6E0-LeaderElection2] INFO  server.RaftServerConfigKeys (ConfUtils.java:logGet(46)) - raft.server.watch.timeout.denomination = 1s (default)
2022-10-11 17:33:11,730 [eedbf36c-d765-4127-a253-f087b7af9e5f@group-9ABC5033B6E0-LeaderElection2] INFO  server.RaftServerConfigKeys (ConfUtils.java:logGet(46)) - raft.server.watch.element-limit = 65536 (default)
2022-10-11 17:33:11,730 [eedbf36c-d765-4127-a253-f087b7af9e5f@group-9ABC5033B6E0-LeaderElection2] INFO  server.RaftServerConfigKeys (ConfUtils.java:logGet(46)) - raft.server.write.element-limit = 4096 (default)
2022-10-11 17:33:11,730 [eedbf36c-d765-4127-a253-f087b7af9e5f@group-9ABC5033B6E0-LeaderElection2] INFO  server.RaftServerConfigKeys (ConfUtils.java:logGet(46)) - raft.server.write.follower.gap.ratio.max = -1.0 (default)
2022-10-11 17:33:11,731 [eedbf36c-d765-4127-a253-f087b7af9e5f@group-9ABC5033B6E0-LeaderElection2] INFO  impl.RoleInfo (RoleInfo.java:updateAndGet(139)) - eedbf36c-d765-4127-a253-f087b7af9e5f: start eedbf36c-d765-4127-a253-f087b7af9e5f@group-9ABC5033B6E0-LeaderStateImpl
2022-10-11 17:33:11,731 [eedbf36c-d765-4127-a253-f087b7af9e5f@group-9ABC5033B6E0-LeaderElection2] INFO  segmented.SegmentedRaftLogWorker (SegmentedRaftLogWorker.java:rollLogSegment(430)) - eedbf36c-d765-4127-a253-f087b7af9e5f@group-9ABC5033B6E0-SegmentedRaftLogWorker: Rolling segment log-0_0 to index:0
2022-10-11 17:33:11,735 [eedbf36c-d765-4127-a253-f087b7af9e5f@group-9ABC5033B6E0-LeaderElection2] INFO  server.RaftServer$Division (ServerState.java:setRaftConf(393)) - eedbf36c-d765-4127-a253-f087b7af9e5f@group-9ABC5033B6E0: set configuration 1: [eedbf36c-d765-4127-a253-f087b7af9e5f|rpc:localhost:39163|admin:|client:|dataStream:|priority:0], old=null
2022-10-11 17:33:11,743 [eedbf36c-d765-4127-a253-f087b7af9e5f@group-9ABC5033B6E0-SegmentedRaftLogWorker] INFO  segmented.SegmentedRaftLogWorker (SegmentedRaftLogWorker.java:execute(586)) - eedbf36c-d765-4127-a253-f087b7af9e5f@group-9ABC5033B6E0-SegmentedRaftLogWorker: Rolled log segment from /home/runner/work/ozone/ozone/hadoop-ozone/integration-test/target/test-dir/MiniOzoneClusterImpl-a53f0994-8d29-48d7-8b80-9abc5033b6e0/scmNode-1/scm-ha/a53f0994-8d29-48d7-8b80-9abc5033b6e0/current/log_inprogress_0 to /home/runner/work/ozone/ozone/hadoop-ozone/integration-test/target/test-dir/MiniOzoneClusterImpl-a53f0994-8d29-48d7-8b80-9abc5033b6e0/scmNode-1/scm-ha/a53f0994-8d29-48d7-8b80-9abc5033b6e0/current/log_0-0
2022-10-11 17:33:11,757 [eedbf36c-d765-4127-a253-f087b7af9e5f@group-9ABC5033B6E0-SegmentedRaftLogWorker] INFO  segmented.SegmentedRaftLogWorker (SegmentedRaftLogWorker.java:execute(629)) - eedbf36c-d765-4127-a253-f087b7af9e5f@group-9ABC5033B6E0-SegmentedRaftLogWorker: created new log segment /home/runner/work/ozone/ozone/hadoop-ozone/integration-test/target/test-dir/MiniOzoneClusterImpl-a53f0994-8d29-48d7-8b80-9abc5033b6e0/scmNode-1/scm-ha/a53f0994-8d29-48d7-8b80-9abc5033b6e0/current/log_inprogress_1
2022-10-11 17:33:11,759 [eedbf36c-d765-4127-a253-f087b7af9e5f@group-9ABC5033B6E0-StateMachineUpdater] INFO  ha.SCMContext (SCMContext.java:setLeaderReady(126)) - update <isLeaderReady> from <false> to <true>
2022-10-11 17:33:11,760 [eedbf36c-d765-4127-a253-f087b7af9e5f@group-9ABC5033B6E0-StateMachineUpdater] INFO  pipeline.BackgroundPipelineCreator (BackgroundPipelineCreator.java:notifyStatusChanged(254)) - Service BackgroundPipelineCreator transitions to RUNNING.
2022-10-11 17:33:11,767 [eedbf36c-d765-4127-a253-f087b7af9e5f@group-9ABC5033B6E0-StateMachineUpdater] INFO  safemode.HealthyPipelineSafeModeRule (HealthyPipelineSafeModeRule.java:initializeRule(165)) - Refreshed total pipeline count is 0, healthy pipeline threshold count is 1
2022-10-11 17:33:11,771 [eedbf36c-d765-4127-a253-f087b7af9e5f@group-9ABC5033B6E0-StateMachineUpdater] INFO  safemode.ContainerSafeModeRule (ContainerSafeModeRule.java:reInitializeRule(177)) - Refreshed one replica container threshold 0, currentThreshold 0
2022-10-11 17:33:11,772 [eedbf36c-d765-4127-a253-f087b7af9e5f@group-9ABC5033B6E0-StateMachineUpdater] INFO  safemode.OneReplicaPipelineSafeModeRule (OneReplicaPipelineSafeModeRule.java:initializeRule(176)) - Refreshed Total pipeline count is 0, pipeline's with at least one datanode reported threshold count is 0
2022-10-11 17:33:11,773 [eedbf36c-d765-4127-a253-f087b7af9e5f@group-9ABC5033B6E0-StateMachineUpdater] INFO  server.SCMDatanodeProtocolServer (SCMDatanodeProtocolServer.java:start(186)) - ScmDatanodeProtocol RPC server for DataNodes is listening at /0.0.0.0:35983
2022-10-11 17:33:11,779 [IPC Server listener on 35983] INFO  ipc.Server (Server.java:run(1344)) - IPC Server listener on 35983: starting
2022-10-11 17:33:11,782 [IPC Server Responder] INFO  ipc.Server (Server.java:run(1507)) - IPC Server Responder: starting
2022-10-11 17:33:11,899 [Listener at 0.0.0.0/36803] INFO  server.StorageContainerManager (StorageContainerManager.java:scmBootstrap(1119)) - SCM BootStrap  is successful for ClusterID a53f0994-8d29-48d7-8b80-9abc5033b6e0, SCMID 26594dbf-7a18-4bd8-acec-1f08b91ad5e5
2022-10-11 17:33:11,899 [Listener at 0.0.0.0/36803] INFO  server.StorageContainerManager (StorageContainerManager.java:scmBootstrap(1121)) - Primary SCM Node ID eedbf36c-d765-4127-a253-f087b7af9e5f
2022-10-11 17:33:11,899 [Listener at 0.0.0.0/36803] WARN  server.ServerUtils (ServerUtils.java:getScmDbDir(148)) - ozone.scm.db.dirs is not configured. We recommend adding this setting. Falling back to ozone.metadata.dirs instead.
2022-10-11 17:33:11,900 [Listener at 0.0.0.0/36803] INFO  ha.SCMHANodeDetails (SCMHANodeDetails.java:loadSCMHAConfig(209)) - ServiceID for StorageContainerManager is scmServiceId
2022-10-11 17:33:11,900 [Listener at 0.0.0.0/36803] INFO  ha.SCMHANodeDetails (SCMHANodeDetails.java:loadSCMHAConfig(220)) - ServiceID for StorageContainerManager is scmServiceId
2022-10-11 17:33:11,901 [Listener at 0.0.0.0/36803] WARN  scm.ScmUtils (ScmUtils.java:logWarn(179)) - ConfigKey ozone.scm.block.client.address is deprecated, For configuring different ports for each SCM use PortConfigKey ozone.scm.block.client.port appended with serviceId and nodeId. If want to configure same port configure ozone.scm.block.client.port
2022-10-11 17:33:11,901 [Listener at 0.0.0.0/36803] WARN  scm.ScmUtils (ScmUtils.java:logWarn(179)) - ConfigKey ozone.scm.client.address is deprecated, For configuring different ports for each SCM use PortConfigKey ozone.scm.client.port appended with serviceId and nodeId. If want to configure same port configure ozone.scm.client.port
2022-10-11 17:33:11,901 [Listener at 0.0.0.0/36803] WARN  scm.ScmUtils (ScmUtils.java:logWarn(179)) - ConfigKey ozone.scm.datanode.address is deprecated, For configuring different ports for each SCM use PortConfigKey ozone.scm.datanode.port appended with serviceId and nodeId. If want to configure same port configure ozone.scm.datanode.port
2022-10-11 17:33:11,902 [Listener at 0.0.0.0/36803] WARN  scm.ScmUtils (ScmUtils.java:logWarn(179)) - ConfigKey ozone.scm.block.client.address is deprecated, For configuring different ports for each SCM use PortConfigKey ozone.scm.block.client.port appended with serviceId and nodeId. If want to configure same port configure ozone.scm.block.client.port
2022-10-11 17:33:11,902 [Listener at 0.0.0.0/36803] WARN  scm.ScmUtils (ScmUtils.java:logWarn(179)) - ConfigKey ozone.scm.client.address is deprecated, For configuring different ports for each SCM use PortConfigKey ozone.scm.client.port appended with serviceId and nodeId. If want to configure same port configure ozone.scm.client.port
2022-10-11 17:33:11,902 [Listener at 0.0.0.0/36803] WARN  scm.ScmUtils (ScmUtils.java:logWarn(179)) - ConfigKey ozone.scm.datanode.address is deprecated, For configuring different ports for each SCM use PortConfigKey ozone.scm.datanode.port appended with serviceId and nodeId. If want to configure same port configure ozone.scm.datanode.port
2022-10-11 17:33:11,902 [Listener at 0.0.0.0/36803] INFO  ha.SCMHANodeDetails (SCMHANodeDetails.java:loadSCMHAConfig(307)) - Found matching SCM address with SCMServiceId: scmServiceId, SCMNodeId: scmNode-2, RPC Address: localhost:33821 and Ratis port: 33821
2022-10-11 17:33:11,902 [Listener at 0.0.0.0/36803] INFO  ha.SCMHANodeDetails (ConfUtils.java:setNodeSpecificConfigs(97)) - Setting configuration key ozone.scm.datanode.address with value of key ozone.scm.datanode.address.scmServiceId.scmNode-2: 127.0.0.1:44349
2022-10-11 17:33:11,903 [Listener at 0.0.0.0/36803] INFO  ha.SCMHANodeDetails (ConfUtils.java:setNodeSpecificConfigs(97)) - Setting configuration key ozone.scm.block.client.address with value of key ozone.scm.block.client.address.scmServiceId.scmNode-2: 127.0.0.1:40463
2022-10-11 17:33:11,903 [Listener at 0.0.0.0/36803] INFO  ha.SCMHANodeDetails (ConfUtils.java:setNodeSpecificConfigs(97)) - Setting configuration key ozone.scm.client.address with value of key ozone.scm.client.address.scmServiceId.scmNode-2: 127.0.0.1:34009
2022-10-11 17:33:11,903 [Listener at 0.0.0.0/36803] INFO  ha.SCMHANodeDetails (ConfUtils.java:setNodeSpecificConfigs(97)) - Setting configuration key ozone.scm.ratis.port with value of key ozone.scm.ratis.port.scmServiceId.scmNode-2: 33821
2022-10-11 17:33:11,903 [Listener at 0.0.0.0/36803] INFO  ha.SCMHANodeDetails (ConfUtils.java:setNodeSpecificConfigs(97)) - Setting configuration key ozone.scm.grpc.port with value of key ozone.scm.grpc.port.scmServiceId.scmNode-2: 37997
2022-10-11 17:33:11,903 [Listener at 0.0.0.0/36803] INFO  ha.SCMHANodeDetails (ConfUtils.java:setNodeSpecificConfigs(97)) - Setting configuration key ozone.scm.http-address with value of key ozone.scm.http-address.scmServiceId.scmNode-2: 127.0.0.1:39877
2022-10-11 17:33:11,903 [Listener at 0.0.0.0/36803] INFO  ha.SCMHANodeDetails (ConfUtils.java:setNodeSpecificConfigs(97)) - Setting configuration key ozone.scm.https-address with value of key ozone.scm.https-address.scmServiceId.scmNode-2: 127.0.0.1:42097
2022-10-11 17:33:11,903 [Listener at 0.0.0.0/36803] INFO  ha.SCMHANodeDetails (ConfUtils.java:setNodeSpecificConfigs(97)) - Setting configuration key ozone.scm.address with value of key ozone.scm.address.scmServiceId.scmNode-2: 127.0.0.1
2022-10-11 17:33:11,903 [Listener at 0.0.0.0/36803] WARN  scm.ScmUtils (ScmUtils.java:logWarn(179)) - ConfigKey ozone.scm.block.client.address is deprecated, For configuring different ports for each SCM use PortConfigKey ozone.scm.block.client.port appended with serviceId and nodeId. If want to configure same port configure ozone.scm.block.client.port
2022-10-11 17:33:11,904 [Listener at 0.0.0.0/36803] WARN  scm.ScmUtils (ScmUtils.java:logWarn(179)) - ConfigKey ozone.scm.client.address is deprecated, For configuring different ports for each SCM use PortConfigKey ozone.scm.client.port appended with serviceId and nodeId. If want to configure same port configure ozone.scm.client.port
2022-10-11 17:33:11,904 [Listener at 0.0.0.0/36803] WARN  scm.ScmUtils (ScmUtils.java:logWarn(179)) - ConfigKey ozone.scm.datanode.address is deprecated, For configuring different ports for each SCM use PortConfigKey ozone.scm.datanode.port appended with serviceId and nodeId. If want to configure same port configure ozone.scm.datanode.port
2022-10-11 17:33:11,908 [Listener at 0.0.0.0/36803] WARN  utils.HAUtils (HAUtils.java:getMetaDir(342)) - ozone.scm.db.dirs is not configured. We recommend adding this setting. Falling back to ozone.metadata.dirs instead.
2022-10-11 17:33:11,909 [Listener at 0.0.0.0/36803] WARN  db.DBStoreBuilder (DBStoreBuilder.java:applyDBDefinition(144)) - ozone.scm.db.dirs is not configured. We recommend adding this setting. Falling back to ozone.metadata.dirs instead.
2022-10-11 17:33:12,040 [Listener at 0.0.0.0/36803] INFO  net.NodeSchemaLoader (NodeSchemaLoader.java:loadSchemaFromFile(129)) - Loading schema from [jar:file:/home/runner/.m2/repository/org/apache/ozone/hdds-common/1.3.0-SNAPSHOT/hdds-common-1.3.0-SNAPSHOT.jar!/network-topology-default.xml]
2022-10-11 17:33:12,040 [Listener at 0.0.0.0/36803] INFO  net.NodeSchemaLoader (NodeSchemaLoader.java:loadSchema(176)) - Loading network topology layer schema file
2022-10-11 17:33:12,043 [Listener at 0.0.0.0/36803] WARN  impl.MetricRegistriesImpl (MetricRegistriesImpl.java:addReporterRegistration(111)) - New reporters are added after registries were created. Some metrics will be missing from the reporter. Please add reporter before adding any new registry.
2022-10-11 17:33:12,043 [Listener at 0.0.0.0/36803] WARN  impl.MetricRegistriesImpl (MetricRegistriesImpl.java:addReporterRegistration(111)) - New reporters are added after registries were created. Some metrics will be missing from the reporter. Please add reporter before adding any new registry.
2022-10-11 17:33:12,045 [Listener at 0.0.0.0/36803] INFO  ha.SCMRatisServerImpl (SCMRatisServerImpl.java:<init>(87)) - starting Raft server for scm:26594dbf-7a18-4bd8-acec-1f08b91ad5e5
2022-10-11 17:33:12,046 [Listener at 0.0.0.0/36803] INFO  server.RaftServer (ConfUtils.java:logGet(46)) - raft.rpc.type = GRPC (default)
2022-10-11 17:33:12,046 [Listener at 0.0.0.0/36803] INFO  grpc.GrpcFactory (GrpcFactory.java:checkPooledByteBufAllocatorUseCacheForAllThreads(48)) - PERFORMANCE WARNING: useCacheForAllThreads is true that may cause Netty to create a lot garbage objects and, as a result, trigger GC.
	It is recommended to disable useCacheForAllThreads by setting -Dorg.apache.ratis.thirdparty.io.netty.allocator.useCacheForAllThreads=false in command line.
2022-10-11 17:33:12,046 [Listener at 0.0.0.0/36803] INFO  grpc.GrpcConfigKeys (ConfUtils.java:logGet(46)) - raft.grpc.admin.port = -1 (default)
2022-10-11 17:33:12,046 [Listener at 0.0.0.0/36803] INFO  grpc.GrpcConfigKeys (ConfUtils.java:logGet(46)) - raft.grpc.server.port = 33821 (custom)
2022-10-11 17:33:12,046 [Listener at 0.0.0.0/36803] INFO  grpc.GrpcConfigKeys (ConfUtils.java:logGet(46)) - raft.grpc.client.port = -1 (default)
2022-10-11 17:33:12,047 [Listener at 0.0.0.0/36803] INFO  grpc.GrpcConfigKeys (ConfUtils.java:logGet(46)) - raft.grpc.server.port = 33821 (custom)
2022-10-11 17:33:12,047 [Listener at 0.0.0.0/36803] INFO  grpc.GrpcConfigKeys (ConfUtils.java:logGet(46)) - raft.grpc.server.port = 33821 (custom)
2022-10-11 17:33:12,047 [Listener at 0.0.0.0/36803] INFO  server.GrpcService (ConfUtils.java:logGet(46)) - raft.grpc.message.size.max = 32m (=33554432) (custom)
2022-10-11 17:33:12,047 [Listener at 0.0.0.0/36803] INFO  server.RaftServerConfigKeys (ConfUtils.java:logGet(46)) - raft.server.log.appender.buffer.byte-limit = 33554432 (custom)
2022-10-11 17:33:12,047 [Listener at 0.0.0.0/36803] INFO  server.GrpcService (ConfUtils.java:logGet(46)) - raft.grpc.flow.control.window = 1MB (=1048576) (default)
2022-10-11 17:33:12,047 [Listener at 0.0.0.0/36803] INFO  server.RaftServerConfigKeys (ConfUtils.java:logGet(46)) - raft.server.rpc.request.timeout = 30000ms (custom)
2022-10-11 17:33:12,048 [Listener at 0.0.0.0/36803] INFO  grpc.GrpcConfigKeys (ConfUtils.java:logGet(46)) - raft.grpc.server.async.request.thread.pool.cached = true (default)
2022-10-11 17:33:12,048 [Listener at 0.0.0.0/36803] INFO  grpc.GrpcConfigKeys (ConfUtils.java:logGet(46)) - raft.grpc.server.async.request.thread.pool.size = 32 (default)
2022-10-11 17:33:12,049 [Listener at 0.0.0.0/36803] INFO  impl.DataStreamServerImpl (ConfUtils.java:logGet(46)) - raft.datastream.type = DISABLED (default)
2022-10-11 17:33:12,049 [Listener at 0.0.0.0/36803] INFO  server.RaftServerConfigKeys (ConfUtils.java:logGet(46)) - raft.server.threadpool.proxy.cached = true (default)
2022-10-11 17:33:12,050 [Listener at 0.0.0.0/36803] INFO  server.RaftServerConfigKeys (ConfUtils.java:logGet(46)) - raft.server.threadpool.proxy.size = 0 (default)
2022-10-11 17:33:12,050 [Listener at 0.0.0.0/36803] INFO  server.RaftServerConfigKeys (ConfUtils.java:logGet(46)) - raft.server.rpc.slowness.timeout = 120000ms (custom)
2022-10-11 17:33:12,050 [Listener at 0.0.0.0/36803] INFO  server.RaftServerConfigKeys (ConfUtils.java:logGet(46)) - raft.server.leaderelection.leader.step-down.wait-time = 10s (default)
2022-10-11 17:33:12,050 [Listener at 0.0.0.0/36803] INFO  server.RaftServerConfigKeys (ConfUtils.java:logGet(46)) - raft.server.storage.dir = [/home/runner/work/ozone/ozone/hadoop-ozone/integration-test/target/test-dir/MiniOzoneClusterImpl-a53f0994-8d29-48d7-8b80-9abc5033b6e0/scmNode-2/scm-ha] (custom)
2022-10-11 17:33:12,055 [Listener at 0.0.0.0/36803] INFO  server.RaftServer (RaftServerProxy.java:addNew(96)) - 26594dbf-7a18-4bd8-acec-1f08b91ad5e5: addNew group-9ABC5033B6E0:[] returns group-9ABC5033B6E0:java.util.concurrent.CompletableFuture@1b535c29[Not completed]
2022-10-11 17:33:12,055 [pool-54-thread-1] INFO  server.RaftServer$Division (RaftServerImpl.java:<init>(190)) - 26594dbf-7a18-4bd8-acec-1f08b91ad5e5: new RaftServerImpl for group-9ABC5033B6E0:[] with SCMStateMachine:uninitialized
2022-10-11 17:33:12,055 [pool-54-thread-1] INFO  server.RaftServerConfigKeys (ConfUtils.java:logGet(46)) - raft.server.rpc.timeout.min = 5000ms (custom)
2022-10-11 17:33:12,055 [pool-54-thread-1] INFO  server.RaftServerConfigKeys (ConfUtils.java:logGet(46)) - raft.server.rpc.timeout.max = 5200ms (custom)
2022-10-11 17:33:12,055 [pool-54-thread-1] INFO  server.RaftServerConfigKeys (ConfUtils.java:logGet(46)) - raft.server.rpc.sleep.time = 25ms (default)
2022-10-11 17:33:12,055 [pool-54-thread-1] INFO  server.RaftServerConfigKeys (ConfUtils.java:logGet(46)) - raft.server.rpc.slowness.timeout = 120000ms (custom)
2022-10-11 17:33:12,056 [pool-54-thread-1] INFO  server.RaftServerConfigKeys (ConfUtils.java:logGet(46)) - raft.server.leaderelection.leader.step-down.wait-time = 10s (default)
2022-10-11 17:33:12,056 [pool-54-thread-1] INFO  server.RaftServerConfigKeys (ConfUtils.java:logGet(46)) - raft.server.sleep.deviation.threshold = 300ms (default)
2022-10-11 17:33:12,056 [pool-54-thread-1] INFO  server.RaftServer$Division (ServerState.java:<init>(107)) - 26594dbf-7a18-4bd8-acec-1f08b91ad5e5@group-9ABC5033B6E0: ConfigurationManager, init=-1: [], old=null, confs=<EMPTY_MAP>
2022-10-11 17:33:12,056 [pool-54-thread-1] INFO  server.RaftServerConfigKeys (ConfUtils.java:logGet(46)) - raft.server.storage.dir = [/home/runner/work/ozone/ozone/hadoop-ozone/integration-test/target/test-dir/MiniOzoneClusterImpl-a53f0994-8d29-48d7-8b80-9abc5033b6e0/scmNode-2/scm-ha] (custom)
2022-10-11 17:33:12,056 [pool-54-thread-1] INFO  server.RaftServerConfigKeys (ConfUtils.java:logGet(46)) - raft.server.log.corruption.policy = EXCEPTION (default)
2022-10-11 17:33:12,057 [pool-54-thread-1] INFO  server.RaftServerConfigKeys (ConfUtils.java:logGet(46)) - raft.server.storage.free-space.min = 0MB (=0) (default)
2022-10-11 17:33:12,057 [pool-54-thread-1] INFO  storage.RaftStorageDirectory (RaftStorageDirectoryImpl.java:analyzeStorage(135)) - The storage directory /home/runner/work/ozone/ozone/hadoop-ozone/integration-test/target/test-dir/MiniOzoneClusterImpl-a53f0994-8d29-48d7-8b80-9abc5033b6e0/scmNode-2/scm-ha/a53f0994-8d29-48d7-8b80-9abc5033b6e0 does not exist. Creating ...
2022-10-11 17:33:12,059 [pool-54-thread-1] INFO  storage.RaftStorageDirectory (RaftStorageDirectoryImpl.java:tryLock(230)) - Lock on /home/runner/work/ozone/ozone/hadoop-ozone/integration-test/target/test-dir/MiniOzoneClusterImpl-a53f0994-8d29-48d7-8b80-9abc5033b6e0/scmNode-2/scm-ha/a53f0994-8d29-48d7-8b80-9abc5033b6e0/in_use.lock acquired by nodename 23825@fv-az255-813
2022-10-11 17:33:12,061 [pool-54-thread-1] INFO  storage.RaftStorage (RaftStorageImpl.java:format(89)) - Storage directory /home/runner/work/ozone/ozone/hadoop-ozone/integration-test/target/test-dir/MiniOzoneClusterImpl-a53f0994-8d29-48d7-8b80-9abc5033b6e0/scmNode-2/scm-ha/a53f0994-8d29-48d7-8b80-9abc5033b6e0 has been successfully formatted.
2022-10-11 17:33:12,062 [pool-54-thread-1] INFO  server.RaftServerConfigKeys (ConfUtils.java:logGet(46)) - raft.server.notification.no-leader.timeout = 60s (default)
2022-10-11 17:33:12,062 [pool-54-thread-1] INFO  server.RaftServerConfigKeys (ConfUtils.java:logGet(46)) - raft.server.log.use.memory = false (default)
2022-10-11 17:33:12,062 [pool-54-thread-1] INFO  server.RaftServerConfigKeys (ConfUtils.java:logGet(46)) - raft.server.log.purge.gap = 1000000 (custom)
2022-10-11 17:33:12,062 [pool-54-thread-1] INFO  server.RaftServerConfigKeys (ConfUtils.java:logGet(46)) - raft.server.log.appender.buffer.byte-limit = 33554432 (custom)
2022-10-11 17:33:12,062 [pool-54-thread-1] INFO  server.RaftServerConfigKeys (ConfUtils.java:logGet(46)) - raft.server.log.statemachine.data.read.timeout = 1000ms (default)
2022-10-11 17:33:12,063 [pool-54-thread-1] INFO  server.RaftServerConfigKeys (ConfUtils.java:logGet(46)) - raft.server.log.segment.size.max = 4194304 (custom)
2022-10-11 17:33:12,064 [pool-54-thread-1] INFO  server.RaftServerConfigKeys (ConfUtils.java:logGet(46)) - raft.server.log.segment.cache.num.max = 2 (custom)
2022-10-11 17:33:12,064 [pool-54-thread-1] INFO  server.RaftServerConfigKeys (ConfUtils.java:logGet(46)) - raft.server.log.segment.cache.size.max = 200MB (=209715200) (default)
2022-10-11 17:33:12,064 [pool-54-thread-1] INFO  segmented.SegmentedRaftLogWorker (SegmentedRaftLogWorker.java:<init>(187)) - new 26594dbf-7a18-4bd8-acec-1f08b91ad5e5@group-9ABC5033B6E0-SegmentedRaftLogWorker for RaftStorageImpl:Storage Directory /home/runner/work/ozone/ozone/hadoop-ozone/integration-test/target/test-dir/MiniOzoneClusterImpl-a53f0994-8d29-48d7-8b80-9abc5033b6e0/scmNode-2/scm-ha/a53f0994-8d29-48d7-8b80-9abc5033b6e0
2022-10-11 17:33:12,064 [pool-54-thread-1] INFO  server.RaftServerConfigKeys (ConfUtils.java:logGet(46)) - raft.server.log.queue.byte-limit = 64MB (=67108864) (default)
2022-10-11 17:33:12,064 [pool-54-thread-1] INFO  server.RaftServerConfigKeys (ConfUtils.java:logGet(46)) - raft.server.log.queue.element-limit = 4096 (default)
2022-10-11 17:33:12,064 [pool-54-thread-1] INFO  server.RaftServerConfigKeys (ConfUtils.java:logGet(46)) - raft.server.log.segment.size.max = 4194304 (custom)
2022-10-11 17:33:12,065 [pool-54-thread-1] INFO  server.RaftServerConfigKeys (ConfUtils.java:logGet(46)) - raft.server.log.preallocated.size = 4194304 (custom)
2022-10-11 17:33:12,065 [pool-54-thread-1] INFO  server.RaftServerConfigKeys (ConfUtils.java:logGet(46)) - raft.server.log.force.sync.num = 128 (default)
2022-10-11 17:33:12,065 [pool-54-thread-1] INFO  server.RaftServerConfigKeys (ConfUtils.java:logGet(46)) - raft.server.log.statemachine.data.sync = true (default)
2022-10-11 17:33:12,065 [pool-54-thread-1] INFO  server.RaftServerConfigKeys (ConfUtils.java:logGet(46)) - raft.server.log.statemachine.data.sync.timeout = 10s (default)
2022-10-11 17:33:12,065 [pool-54-thread-1] INFO  server.RaftServerConfigKeys (ConfUtils.java:logGet(46)) - raft.server.log.statemachine.data.sync.timeout.retry = -1 (default)
2022-10-11 17:33:12,067 [pool-54-thread-1] INFO  server.RaftServerConfigKeys (ConfUtils.java:logGet(46)) - raft.server.log.write.buffer.size = 64KB (=65536) (default)
2022-10-11 17:33:12,067 [pool-54-thread-1] INFO  server.RaftServerConfigKeys (ConfUtils.java:logGet(46)) - raft.server.log.unsafe-flush.enabled = false (default)
2022-10-11 17:33:12,067 [pool-54-thread-1] INFO  server.RaftServerConfigKeys (ConfUtils.java:logGet(46)) - raft.server.log.statemachine.data.caching.enabled = false (default)
2022-10-11 17:33:12,067 [pool-54-thread-1] INFO  segmented.SegmentedRaftLogWorker (SegmentedRaftLogWorker.java:lambda$new$0(135)) - 26594dbf-7a18-4bd8-acec-1f08b91ad5e5@group-9ABC5033B6E0-SegmentedRaftLogWorker: flushIndex: setUnconditionally 0 -> -1
2022-10-11 17:33:12,067 [pool-54-thread-1] INFO  segmented.SegmentedRaftLogWorker (SegmentedRaftLogWorker.java:lambda$new$0(135)) - 26594dbf-7a18-4bd8-acec-1f08b91ad5e5@group-9ABC5033B6E0-SegmentedRaftLogWorker: safeCacheEvictIndex: setUnconditionally 0 -> -1
2022-10-11 17:33:12,068 [pool-54-thread-1] INFO  server.RaftServerConfigKeys (ConfUtils.java:logGet(46)) - raft.server.snapshot.auto.trigger.enabled = true (custom)
2022-10-11 17:33:12,068 [pool-54-thread-1] INFO  server.RaftServerConfigKeys (ConfUtils.java:logGet(46)) - raft.server.snapshot.auto.trigger.threshold = 1000 (custom)
2022-10-11 17:33:12,068 [pool-54-thread-1] INFO  server.RaftServerConfigKeys (ConfUtils.java:logGet(46)) - raft.server.snapshot.retention.file.num = -1 (default)
2022-10-11 17:33:12,068 [pool-54-thread-1] INFO  server.RaftServerConfigKeys (ConfUtils.java:logGet(46)) - raft.server.log.purge.upto.snapshot.index = false (default)
2022-10-11 17:33:12,068 [pool-54-thread-1] INFO  server.RaftServerConfigKeys (ConfUtils.java:logGet(46)) - raft.server.retrycache.expirytime = 60000ms (default)
2022-10-11 17:33:12,068 [pool-54-thread-1] INFO  server.RaftServerConfigKeys (ConfUtils.java:logGet(46)) - raft.server.retrycache.statistics.expirytime = 100μs (default)
2022-10-11 17:33:12,071 [pool-54-thread-1] INFO  server.RaftServerConfigKeys (ConfUtils.java:logGet(46)) - raft.server.log.appender.install.snapshot.enabled = false (custom)
2022-10-11 17:33:12,071 [pool-54-thread-1] INFO  server.RaftServerConfigKeys (ConfUtils.java:logGet(46)) - raft.server.threadpool.server.cached = true (default)
2022-10-11 17:33:12,071 [pool-54-thread-1] INFO  server.RaftServerConfigKeys (ConfUtils.java:logGet(46)) - raft.server.threadpool.server.size = 0 (default)
2022-10-11 17:33:12,071 [pool-54-thread-1] INFO  server.RaftServerConfigKeys (ConfUtils.java:logGet(46)) - raft.server.threadpool.client.cached = true (default)
2022-10-11 17:33:12,071 [pool-54-thread-1] INFO  server.RaftServerConfigKeys (ConfUtils.java:logGet(46)) - raft.server.threadpool.client.size = 0 (default)
2022-10-11 17:33:12,071 [Listener at 0.0.0.0/36803] INFO  ha.SCMSnapshotProvider (SCMSnapshotProvider.java:<init>(66)) - Initializing SCM Snapshot Provider
2022-10-11 17:33:12,072 [Listener at 0.0.0.0/36803] WARN  server.ServerUtils (ServerUtils.java:getDefaultRatisDirectory(237)) - Storage directory for Ratis is not configured. It is a good idea to map this to an SSD disk. Falling back to ozone.metadata.dirs
2022-10-11 17:33:12,072 [Listener at 0.0.0.0/36803] WARN  ha.SCMHAUtils (SCMHAUtils.java:getSCMRatisSnapshotDirectory(153)) - SCM snapshot dir is not configured. Falling back to ozone.metadata.dirs config
2022-10-11 17:33:12,073 [Listener at 0.0.0.0/36803] INFO  upgrade.AbstractLayoutVersionManager (AbstractLayoutVersionManager.java:init(83)) - Initializing Layout version manager with metadata layout = DATANODE_SCHEMA_V3 (version = 4), software layout = DATANODE_SCHEMA_V3 (version = 4)
2022-10-11 17:33:12,156 [Listener at 0.0.0.0/36803] INFO  reflections.Reflections (Reflections.java:scan(232)) - Reflections took 81 ms to scan 7 urls, producing 137 keys and 328 values 
2022-10-11 17:33:12,159 [Listener at 0.0.0.0/36803] INFO  ha.SequenceIdGenerator (SequenceIdGenerator.java:upgradeToSequenceId(349)) - upgrade localId to 109611004723200000
2022-10-11 17:33:12,160 [Listener at 0.0.0.0/36803] INFO  ha.SequenceIdGenerator (SequenceIdGenerator.java:upgradeToSequenceId(359)) - upgrade delTxnId to 0
2022-10-11 17:33:12,160 [Listener at 0.0.0.0/36803] INFO  ha.SequenceIdGenerator (SequenceIdGenerator.java:upgradeToSequenceId(376)) - upgrade containerId to 0
2022-10-11 17:33:12,160 [Listener at 0.0.0.0/36803] INFO  ha.SequenceIdGenerator (SequenceIdGenerator.java:<init>(220)) - Init the HA SequenceIdGenerator.
2022-10-11 17:33:12,161 [Listener at 0.0.0.0/36803] WARN  server.ServerUtils (ServerUtils.java:sanitizeUserArgs(73)) - ozone.scm.stale.node.interval value = 300000 is larger than max = 100000 based on the key value of ozone.scm.heartbeat.thread.interval, reset to the max value 100000.
2022-10-11 17:33:12,161 [Listener at 0.0.0.0/36803] WARN  server.ServerUtils (ServerUtils.java:sanitizeUserArgs(73)) - ozone.scm.stale.node.interval value = 300000 is larger than max = 100000 based on the key value of ozone.scm.heartbeat.thread.interval, reset to the max value 100000.
2022-10-11 17:33:12,161 [Listener at 0.0.0.0/36803] INFO  node.SCMNodeManager (SCMNodeManager.java:<init>(149)) - Entering startup safe mode.
2022-10-11 17:33:12,162 [Listener at 0.0.0.0/36803] INFO  algorithms.ContainerPlacementPolicyFactory (ContainerPlacementPolicyFactory.java:getPolicyInternal(86)) - Create container placement policy of type org.apache.hadoop.hdds.scm.container.placement.algorithms.SCMContainerPlacementRandom
2022-10-11 17:33:12,162 [Listener at 0.0.0.0/36803] INFO  algorithms.ContainerPlacementPolicyFactory (ContainerPlacementPolicyFactory.java:getPolicyInternal(86)) - Create container placement policy of type org.apache.hadoop.hdds.scm.container.placement.algorithms.SCMContainerPlacementRackScatter
2022-10-11 17:33:12,163 [Listener at 0.0.0.0/36803] INFO  pipeline.PipelineStateManagerImpl (PipelineStateManagerImpl.java:initialize(78)) - No pipeline exists in current db
2022-10-11 17:33:12,163 [Listener at 0.0.0.0/36803] INFO  algorithms.LeaderChoosePolicyFactory (LeaderChoosePolicyFactory.java:getPolicy(57)) - Create leader choose policy of type org.apache.hadoop.hdds.scm.pipeline.leader.choose.algorithms.MinLeaderCountChoosePolicy
2022-10-11 17:33:12,163 [Listener at 0.0.0.0/36803] INFO  algorithms.ContainerPlacementPolicyFactory (ContainerPlacementPolicyFactory.java:getPolicyInternal(86)) - Create container placement policy of type org.apache.hadoop.hdds.scm.container.placement.algorithms.SCMContainerPlacementRackScatter
2022-10-11 17:33:12,163 [Listener at 0.0.0.0/36803] INFO  ha.SCMServiceManager (SCMServiceManager.java:register(42)) - Registering service BackgroundPipelineCreator.
2022-10-11 17:33:12,164 [Listener at 0.0.0.0/36803] INFO  pipeline.BackgroundPipelineCreator (BackgroundPipelineCreator.java:start(124)) - Starting RatisPipelineUtilsThread.
2022-10-11 17:33:12,166 [Listener at 0.0.0.0/36803] INFO  BackgroundPipelineScrubber (BackgroundSCMService.java:start(68)) - Starting BackgroundPipelineScrubber Service.
2022-10-11 17:33:12,174 [Listener at 0.0.0.0/36803] INFO  ha.SCMServiceManager (SCMServiceManager.java:register(42)) - Registering service BackgroundPipelineScrubber.
2022-10-11 17:33:12,175 [Listener at 0.0.0.0/36803] INFO  ExpiredContainerReplicaOpScrubber (BackgroundSCMService.java:start(68)) - Starting ExpiredContainerReplicaOpScrubber Service.
2022-10-11 17:33:12,175 [Listener at 0.0.0.0/36803] INFO  ha.SCMServiceManager (SCMServiceManager.java:register(42)) - Registering service ExpiredContainerReplicaOpScrubber.
2022-10-11 17:33:12,177 [Listener at 0.0.0.0/36803] INFO  algorithms.PipelineChoosePolicyFactory (PipelineChoosePolicyFactory.java:createPipelineChoosePolicyFromClass(73)) - Create pipeline choose policy of type org.apache.hadoop.hdds.scm.pipeline.choose.algorithms.RandomPipelineChoosePolicy
2022-10-11 17:33:12,177 [Listener at 0.0.0.0/36803] INFO  ha.SCMServiceManager (SCMServiceManager.java:register(42)) - Registering service SCMBlockDeletingService.
2022-10-11 17:33:12,178 [Listener at 0.0.0.0/36803] INFO  replication.ReplicationManager (ReplicationManager.java:start(223)) - Starting Replication Monitor Thread.
2022-10-11 17:33:12,195 [Listener at 0.0.0.0/36803] INFO  ha.SCMServiceManager (SCMServiceManager.java:register(42)) - Registering service ReplicationManager.
2022-10-11 17:33:12,196 [Listener at 0.0.0.0/36803] INFO  safemode.ContainerSafeModeRule (ContainerSafeModeRule.java:<init>(89)) - containers with one replica threshold count 0
2022-10-11 17:33:12,197 [Listener at 0.0.0.0/36803] INFO  safemode.HealthyPipelineSafeModeRule (HealthyPipelineSafeModeRule.java:initializeRule(169)) - Total pipeline count is 0, healthy pipeline threshold count is 1
2022-10-11 17:33:12,198 [Listener at 0.0.0.0/36803] INFO  safemode.OneReplicaPipelineSafeModeRule (OneReplicaPipelineSafeModeRule.java:initializeRule(180)) - Total pipeline count is 0, pipeline's with at least one datanode reported threshold count is 0
2022-10-11 17:33:12,201 [ReplicationMonitor] INFO  replication.ReplicationManager (ReplicationManager.java:processAll(291)) - Replication Manager is not ready to run until 3000ms after safemode exit
2022-10-11 17:33:12,202 [Listener at 0.0.0.0/36803] INFO  ipc.CallQueueManager (CallQueueManager.java:<init>(90)) - Using callQueue: class java.util.concurrent.LinkedBlockingQueue, queueCapacity: 2000, scheduler: class org.apache.hadoop.ipc.DefaultRpcScheduler, ipcBackoff: false.
2022-10-11 17:33:12,203 [Socket Reader #1 for port 44349] INFO  ipc.Server (Server.java:run(1265)) - Starting Socket Reader #1 for port 44349
2022-10-11 17:33:12,204 [Listener at 0.0.0.0/44349] INFO  ipc.CallQueueManager (CallQueueManager.java:<init>(90)) - Using callQueue: class java.util.concurrent.LinkedBlockingQueue, queueCapacity: 2000, scheduler: class org.apache.hadoop.ipc.DefaultRpcScheduler, ipcBackoff: false.
2022-10-11 17:33:12,206 [Socket Reader #1 for port 40463] INFO  ipc.Server (Server.java:run(1265)) - Starting Socket Reader #1 for port 40463
2022-10-11 17:33:12,217 [Listener at 0.0.0.0/40463] INFO  ipc.CallQueueManager (CallQueueManager.java:<init>(90)) - Using callQueue: class java.util.concurrent.LinkedBlockingQueue, queueCapacity: 2000, scheduler: class org.apache.hadoop.ipc.DefaultRpcScheduler, ipcBackoff: false.
2022-10-11 17:33:12,220 [Socket Reader #1 for port 34009] INFO  ipc.Server (Server.java:run(1265)) - Starting Socket Reader #1 for port 34009
2022-10-11 17:33:12,258 [Listener at 0.0.0.0/34009] INFO  ha.SCMServiceManager (SCMServiceManager.java:register(42)) - Registering service ContainerBalancer.
2022-10-11 17:33:12,259 [Listener at 0.0.0.0/34009] INFO  server.StorageContainerManager (StorageContainerManager.java:<init>(410)) - 
Container Balancer status:
Key                            Value
Running                        false
Container Balancer Configuration values:
Key                                                Value
Threshold                                          10
Max Datanodes to Involve per Iteration(percent)    20
Max Size to Move per Iteration                     500GB
Max Size Entering Target per Iteration             26GB
Max Size Leaving Source per Iteration              26GB

2022-10-11 17:33:12,259 [Listener at 0.0.0.0/34009] WARN  events.EventQueue (EventQueue.java:fireEvent(216)) - No event handler registered for event TypedEvent{payloadType=SafeModeStatus, name='Safe mode status'}
2022-10-11 17:33:12,259 [Listener at 0.0.0.0/34009] INFO  ha.SCMContext (SCMContext.java:updateSafeModeStatus(228)) - Update SafeModeStatus from SafeModeStatus{safeModeStatus=true, preCheckPassed=false} to SafeModeStatus{safeModeStatus=true, preCheckPassed=false}.
2022-10-11 17:33:12,260 [Listener at 0.0.0.0/34009] INFO  server.StorageContainerManager (StorageContainerManager.java:start(1436)) - StorageContainerLocationProtocol RPC server is listening at /0.0.0.0:34009
2022-10-11 17:33:12,260 [Listener at 0.0.0.0/34009] INFO  ha.SCMRatisServerImpl (SCMRatisServerImpl.java:start(178)) - starting ratis server 0.0.0.0:33821
2022-10-11 17:33:12,261 [26594dbf-7a18-4bd8-acec-1f08b91ad5e5-impl-thread1] INFO  server.RaftServer$Division (RaftServerImpl.java:start(316)) - 26594dbf-7a18-4bd8-acec-1f08b91ad5e5@group-9ABC5033B6E0: start with initializing state, conf=-1: [], old=null
2022-10-11 17:33:12,262 [26594dbf-7a18-4bd8-acec-1f08b91ad5e5-impl-thread1] INFO  server.RaftServer$Division (RaftServerImpl.java:setRole(299)) - 26594dbf-7a18-4bd8-acec-1f08b91ad5e5@group-9ABC5033B6E0: changes role from      null to FOLLOWER at term 0 for startInitializing
2022-10-11 17:33:12,262 [26594dbf-7a18-4bd8-acec-1f08b91ad5e5-impl-thread1] INFO  util.JmxRegister (JmxRegister.java:tryRegister(44)) - Successfully registered JMX Bean with object name Ratis:service=RaftServer,group=group-9ABC5033B6E0,id=26594dbf-7a18-4bd8-acec-1f08b91ad5e5
2022-10-11 17:33:12,264 [Listener at 0.0.0.0/34009] INFO  server.RaftServer (RaftServerProxy.java:lambda$start$6(382)) - 26594dbf-7a18-4bd8-acec-1f08b91ad5e5: start RPC server
2022-10-11 17:33:12,267 [Listener at 0.0.0.0/34009] INFO  server.GrpcService (GrpcService.java:startImpl(260)) - 26594dbf-7a18-4bd8-acec-1f08b91ad5e5: GrpcService started, listening on 33821
2022-10-11 17:33:12,273 [Listener at 0.0.0.0/34009] INFO  ha.SCMNodeInfo (SCMNodeInfo.java:getPort(197)) - ConfigKey ozone.scm.client.address is deprecated, For configuring different ports for each SCM use PortConfigKey ozone.scm.client.port appended with serviceId and nodeId
2022-10-11 17:33:12,273 [Listener at 0.0.0.0/34009] INFO  ha.SCMNodeInfo (SCMNodeInfo.java:getPort(197)) - ConfigKey ozone.scm.block.client.address is deprecated, For configuring different ports for each SCM use PortConfigKey ozone.scm.block.client.port appended with serviceId and nodeId
2022-10-11 17:33:12,273 [Listener at 0.0.0.0/34009] INFO  ha.SCMNodeInfo (SCMNodeInfo.java:getPort(197)) - ConfigKey ozone.scm.datanode.address is deprecated, For configuring different ports for each SCM use PortConfigKey ozone.scm.datanode.port appended with serviceId and nodeId
2022-10-11 17:33:12,273 [Listener at 0.0.0.0/34009] INFO  ha.SCMNodeInfo (SCMNodeInfo.java:getPort(197)) - ConfigKey ozone.scm.client.address is deprecated, For configuring different ports for each SCM use PortConfigKey ozone.scm.client.port appended with serviceId and nodeId
2022-10-11 17:33:12,273 [Listener at 0.0.0.0/34009] INFO  ha.SCMNodeInfo (SCMNodeInfo.java:getPort(197)) - ConfigKey ozone.scm.block.client.address is deprecated, For configuring different ports for each SCM use PortConfigKey ozone.scm.block.client.port appended with serviceId and nodeId
2022-10-11 17:33:12,273 [Listener at 0.0.0.0/34009] INFO  ha.SCMNodeInfo (SCMNodeInfo.java:getPort(197)) - ConfigKey ozone.scm.datanode.address is deprecated, For configuring different ports for each SCM use PortConfigKey ozone.scm.datanode.port appended with serviceId and nodeId
2022-10-11 17:33:12,276 [Listener at 0.0.0.0/34009] INFO  proxy.SCMBlockLocationFailoverProxyProvider (SCMBlockLocationFailoverProxyProvider.java:<init>(114)) - Created block location fail-over proxy with 2 nodes: [nodeId=scmNode-3,nodeAddress=/127.0.0.1:43519, nodeId=scmNode-1,nodeAddress=/127.0.0.1:43079]
2022-10-11 17:33:12,281 [org.apache.ratis.util.JvmPauseMonitor$$Lambda$519/1644506233@24c095c7] INFO  util.JvmPauseMonitor (JvmPauseMonitor.java:run(103)) - JvmPauseMonitor-26594dbf-7a18-4bd8-acec-1f08b91ad5e5: Started
2022-10-11 17:33:12,292 [IPC Server handler 32 on default port 43079] INFO  ha.SCMRatisServerImpl (SCMRatisServerImpl.java:addSCM(298)) - eedbf36c-d765-4127-a253-f087b7af9e5f: Submitting SetConfiguration request to Ratis server with new SCM peers list: [eedbf36c-d765-4127-a253-f087b7af9e5f|rpc:localhost:39163|admin:|client:|dataStream:|priority:0, 26594dbf-7a18-4bd8-acec-1f08b91ad5e5|rpc:localhost:33821|priority:0]
2022-10-11 17:33:12,310 [IPC Server handler 32 on default port 43079] INFO  server.RaftServer$Division (RaftServerImpl.java:setConfigurationAsync(1080)) - eedbf36c-d765-4127-a253-f087b7af9e5f@group-9ABC5033B6E0: receive setConfiguration SetConfigurationRequest:client-64A90A239213->eedbf36c-d765-4127-a253-f087b7af9e5f@group-9ABC5033B6E0, cid=0, seq=0, RW, null, peers:[eedbf36c-d765-4127-a253-f087b7af9e5f|rpc:localhost:39163|admin:|client:|dataStream:|priority:0, 26594dbf-7a18-4bd8-acec-1f08b91ad5e5|rpc:localhost:33821|priority:0]
2022-10-11 17:33:12,312 [IPC Server handler 32 on default port 43079] INFO  server.RaftServer$Division (LeaderStateImpl.java:startSetConfiguration(368)) - eedbf36c-d765-4127-a253-f087b7af9e5f@group-9ABC5033B6E0-LeaderStateImpl: startSetConfiguration SetConfigurationRequest:client-64A90A239213->eedbf36c-d765-4127-a253-f087b7af9e5f@group-9ABC5033B6E0, cid=0, seq=0, RW, null, peers:[eedbf36c-d765-4127-a253-f087b7af9e5f|rpc:localhost:39163|admin:|client:|dataStream:|priority:0, 26594dbf-7a18-4bd8-acec-1f08b91ad5e5|rpc:localhost:33821|priority:0]
2022-10-11 17:33:12,326 [IPC Server handler 32 on default port 43079] INFO  server.RaftServerConfigKeys (ConfUtils.java:logGet(46)) - raft.server.log.appender.snapshot.chunk.size.max = 16MB (=16777216) (default)
2022-10-11 17:33:12,327 [IPC Server handler 32 on default port 43079] INFO  server.RaftServerConfigKeys (ConfUtils.java:logGet(46)) - raft.server.log.appender.buffer.byte-limit = 33554432 (custom)
2022-10-11 17:33:12,327 [IPC Server handler 32 on default port 43079] INFO  server.RaftServerConfigKeys (ConfUtils.java:logGet(46)) - raft.server.log.appender.buffer.element-limit = 1024 (custom)
2022-10-11 17:33:12,331 [IPC Server handler 32 on default port 43079] INFO  grpc.GrpcConfigKeys (ConfUtils.java:logGet(46)) - raft.grpc.server.leader.outstanding.appends.max = 128 (default)
2022-10-11 17:33:12,332 [IPC Server handler 32 on default port 43079] INFO  server.RaftServerConfigKeys (ConfUtils.java:logGet(46)) - raft.server.rpc.request.timeout = 30000ms (custom)
2022-10-11 17:33:12,332 [IPC Server handler 32 on default port 43079] INFO  server.RaftServerConfigKeys (ConfUtils.java:logGet(46)) - raft.server.log.appender.install.snapshot.enabled = false (custom)
2022-10-11 17:33:12,340 [eedbf36c-d765-4127-a253-f087b7af9e5f@group-9ABC5033B6E0->26594dbf-7a18-4bd8-acec-1f08b91ad5e5-GrpcLogAppender-LogAppenderDaemon] INFO  server.GrpcLogAppender (GrpcLogAppender.java:installSnapshot(541)) - eedbf36c-d765-4127-a253-f087b7af9e5f@group-9ABC5033B6E0->26594dbf-7a18-4bd8-acec-1f08b91ad5e5-GrpcLogAppender: followerNextIndex = 0 but logStartIndex = 0, notify follower to install snapshot-(t:1, i:0)
2022-10-11 17:33:12,368 [eedbf36c-d765-4127-a253-f087b7af9e5f@group-9ABC5033B6E0->26594dbf-7a18-4bd8-acec-1f08b91ad5e5-GrpcLogAppender-LogAppenderDaemon] INFO  server.GrpcLogAppender (GrpcLogAppender.java:installSnapshot(549)) - eedbf36c-d765-4127-a253-f087b7af9e5f@group-9ABC5033B6E0->26594dbf-7a18-4bd8-acec-1f08b91ad5e5-GrpcLogAppender: send eedbf36c-d765-4127-a253-f087b7af9e5f->26594dbf-7a18-4bd8-acec-1f08b91ad5e5#0-t2,notify:(t:1, i:0)
2022-10-11 17:33:12,990 [grpc-default-executor-0] INFO  impl.SnapshotInstallationHandler (SnapshotInstallationHandler.java:installSnapshot(84)) - 26594dbf-7a18-4bd8-acec-1f08b91ad5e5@group-9ABC5033B6E0: receive installSnapshot: eedbf36c-d765-4127-a253-f087b7af9e5f->26594dbf-7a18-4bd8-acec-1f08b91ad5e5#0-t2,notify:(t:1, i:0)
2022-10-11 17:33:12,995 [grpc-default-executor-0] INFO  ha.SCMStateMachine (SCMStateMachine.java:notifyLeaderChanged(255)) - leader changed, yet current SCM is still follower.
2022-10-11 17:33:12,995 [grpc-default-executor-0] INFO  server.RaftServer$Division (ServerState.java:setLeader(287)) - 26594dbf-7a18-4bd8-acec-1f08b91ad5e5@group-9ABC5033B6E0: change Leader from null to eedbf36c-d765-4127-a253-f087b7af9e5f at term 2 for installSnapshot, leader elected after 933ms
2022-10-11 17:33:12,997 [grpc-default-executor-0] INFO  impl.SnapshotInstallationHandler (SnapshotInstallationHandler.java:notifyStateMachineToInstallSnapshot(215)) - 26594dbf-7a18-4bd8-acec-1f08b91ad5e5@group-9ABC5033B6E0: Received notification to install snapshot at index 0
2022-10-11 17:33:12,998 [grpc-default-executor-0] INFO  impl.SnapshotInstallationHandler (SnapshotInstallationHandler.java:notifyStateMachineToInstallSnapshot(224)) - 26594dbf-7a18-4bd8-acec-1f08b91ad5e5@group-9ABC5033B6E0: InstallSnapshot notification result: ALREADY_INSTALLED, current snapshot index: -1
2022-10-11 17:33:13,103 [grpc-default-executor-0] INFO  impl.SnapshotInstallationHandler (SnapshotInstallationHandler.java:installSnapshotImpl(129)) - 26594dbf-7a18-4bd8-acec-1f08b91ad5e5@group-9ABC5033B6E0: set new configuration index: 1
configurationEntry {
  peers {
    id: "eedbf36c-d765-4127-a253-f087b7af9e5f"
    address: "localhost:39163"
  }
}
 from snapshot
2022-10-11 17:33:13,104 [grpc-default-executor-0] INFO  server.RaftServer$Division (ServerState.java:setRaftConf(393)) - 26594dbf-7a18-4bd8-acec-1f08b91ad5e5@group-9ABC5033B6E0: set configuration 1: [eedbf36c-d765-4127-a253-f087b7af9e5f|rpc:localhost:39163|admin:|client:|dataStream:|priority:0], old=null
2022-10-11 17:33:13,105 [grpc-default-executor-0] INFO  impl.SnapshotInstallationHandler (SnapshotInstallationHandler.java:installSnapshot(95)) - 26594dbf-7a18-4bd8-acec-1f08b91ad5e5@group-9ABC5033B6E0: reply installSnapshot: eedbf36c-d765-4127-a253-f087b7af9e5f<-26594dbf-7a18-4bd8-acec-1f08b91ad5e5#0:FAIL-t0,ALREADY_INSTALLED
2022-10-11 17:33:13,108 [grpc-default-executor-0] INFO  server.GrpcServerProtocolService (GrpcServerProtocolService.java:onCompleted(140)) - 26594dbf-7a18-4bd8-acec-1f08b91ad5e5: Completed INSTALL_SNAPSHOT, lastRequest: eedbf36c-d765-4127-a253-f087b7af9e5f->26594dbf-7a18-4bd8-acec-1f08b91ad5e5#0-t2,notify:(t:1, i:0)
2022-10-11 17:33:13,117 [grpc-default-executor-2] INFO  server.GrpcLogAppender (GrpcLogAppender.java:onNext(403)) - eedbf36c-d765-4127-a253-f087b7af9e5f@group-9ABC5033B6E0->26594dbf-7a18-4bd8-acec-1f08b91ad5e5-InstallSnapshotResponseHandler: received the first reply eedbf36c-d765-4127-a253-f087b7af9e5f<-26594dbf-7a18-4bd8-acec-1f08b91ad5e5#0:FAIL-t0,ALREADY_INSTALLED
2022-10-11 17:33:13,119 [grpc-default-executor-2] INFO  server.GrpcLogAppender (GrpcLogAppender.java:onNext(426)) - eedbf36c-d765-4127-a253-f087b7af9e5f@group-9ABC5033B6E0->26594dbf-7a18-4bd8-acec-1f08b91ad5e5-InstallSnapshotResponseHandler: Follower snapshot is already at index 0.
2022-10-11 17:33:13,120 [grpc-default-executor-2] INFO  leader.FollowerInfo (FollowerInfoImpl.java:lambda$new$0(48)) - eedbf36c-d765-4127-a253-f087b7af9e5f@group-9ABC5033B6E0->26594dbf-7a18-4bd8-acec-1f08b91ad5e5: snapshotIndex: setUnconditionally 0 -> 0
2022-10-11 17:33:13,120 [grpc-default-executor-2] INFO  leader.FollowerInfo (FollowerInfoImpl.java:lambda$new$0(48)) - eedbf36c-d765-4127-a253-f087b7af9e5f@group-9ABC5033B6E0->26594dbf-7a18-4bd8-acec-1f08b91ad5e5: matchIndex: setUnconditionally 0 -> 0
2022-10-11 17:33:13,120 [grpc-default-executor-2] INFO  leader.FollowerInfo (FollowerInfoImpl.java:lambda$new$0(48)) - eedbf36c-d765-4127-a253-f087b7af9e5f@group-9ABC5033B6E0->26594dbf-7a18-4bd8-acec-1f08b91ad5e5: nextIndex: setUnconditionally 0 -> 1
2022-10-11 17:33:13,120 [grpc-default-executor-2] INFO  leader.FollowerInfo (FollowerInfoImpl.java:setAttemptedToInstallSnapshot(118)) - Follower eedbf36c-d765-4127-a253-f087b7af9e5f@group-9ABC5033B6E0->26594dbf-7a18-4bd8-acec-1f08b91ad5e5 acknowledged installing snapshot
2022-10-11 17:33:13,120 [grpc-default-executor-2] INFO  leader.FollowerInfo (FollowerInfoImpl.java:lambda$new$0(48)) - eedbf36c-d765-4127-a253-f087b7af9e5f@group-9ABC5033B6E0->26594dbf-7a18-4bd8-acec-1f08b91ad5e5: nextIndex: updateToMax old=1, new=1, updated? false
2022-10-11 17:33:13,151 [26594dbf-7a18-4bd8-acec-1f08b91ad5e5-server-thread1] INFO  impl.RoleInfo (RoleInfo.java:updateAndGet(139)) - 26594dbf-7a18-4bd8-acec-1f08b91ad5e5: start 26594dbf-7a18-4bd8-acec-1f08b91ad5e5@group-9ABC5033B6E0-FollowerState
2022-10-11 17:33:13,152 [26594dbf-7a18-4bd8-acec-1f08b91ad5e5-server-thread1] INFO  server.RaftServer$Division (RaftServerImpl.java:checkInconsistentAppendEntries(1424)) - 26594dbf-7a18-4bd8-acec-1f08b91ad5e5@group-9ABC5033B6E0: Failed appendEntries as previous log entry ((t:1, i:0)) is not found
2022-10-11 17:33:13,154 [26594dbf-7a18-4bd8-acec-1f08b91ad5e5-server-thread1] INFO  server.RaftServer$Division (RaftServerImpl.java:checkInconsistentAppendEntries(1394)) - 26594dbf-7a18-4bd8-acec-1f08b91ad5e5@group-9ABC5033B6E0: inconsistency entries. Reply:eedbf36c-d765-4127-a253-f087b7af9e5f<-26594dbf-7a18-4bd8-acec-1f08b91ad5e5#0:FAIL-t2,INCONSISTENCY,nextIndex=0,followerCommit=-1
2022-10-11 17:33:13,162 [26594dbf-7a18-4bd8-acec-1f08b91ad5e5-server-thread1] INFO  server.RaftServer$Division (RaftServerImpl.java:checkInconsistentAppendEntries(1424)) - 26594dbf-7a18-4bd8-acec-1f08b91ad5e5@group-9ABC5033B6E0: Failed appendEntries as previous log entry ((t:1, i:0)) is not found
2022-10-11 17:33:13,162 [26594dbf-7a18-4bd8-acec-1f08b91ad5e5-server-thread1] INFO  server.RaftServer$Division (RaftServerImpl.java:checkInconsistentAppendEntries(1394)) - 26594dbf-7a18-4bd8-acec-1f08b91ad5e5@group-9ABC5033B6E0: inconsistency entries. Reply:eedbf36c-d765-4127-a253-f087b7af9e5f<-26594dbf-7a18-4bd8-acec-1f08b91ad5e5#1:FAIL-t2,INCONSISTENCY,nextIndex=0,followerCommit=-1
2022-10-11 17:33:13,162 [grpc-default-executor-0] INFO  leader.FollowerInfo (FollowerInfoImpl.java:lambda$new$0(48)) - eedbf36c-d765-4127-a253-f087b7af9e5f@group-9ABC5033B6E0->26594dbf-7a18-4bd8-acec-1f08b91ad5e5: nextIndex: updateUnconditionally 3 -> 0
2022-10-11 17:33:13,165 [grpc-default-executor-0] INFO  leader.FollowerInfo (FollowerInfoImpl.java:lambda$new$0(48)) - eedbf36c-d765-4127-a253-f087b7af9e5f@group-9ABC5033B6E0->26594dbf-7a18-4bd8-acec-1f08b91ad5e5: nextIndex: updateUnconditionally 0 -> 0
2022-10-11 17:33:13,171 [26594dbf-7a18-4bd8-acec-1f08b91ad5e5-server-thread1] INFO  server.RaftServer$Division (ServerState.java:setRaftConf(393)) - 26594dbf-7a18-4bd8-acec-1f08b91ad5e5@group-9ABC5033B6E0: set configuration 0: [eedbf36c-d765-4127-a253-f087b7af9e5f|rpc:localhost:39163|admin:|client:|dataStream:|priority:0], old=null
2022-10-11 17:33:13,172 [26594dbf-7a18-4bd8-acec-1f08b91ad5e5-server-thread1] INFO  server.RaftServer$Division (ServerState.java:setRaftConf(393)) - 26594dbf-7a18-4bd8-acec-1f08b91ad5e5@group-9ABC5033B6E0: set configuration 1: [eedbf36c-d765-4127-a253-f087b7af9e5f|rpc:localhost:39163|admin:|client:|dataStream:|priority:0], old=null
2022-10-11 17:33:13,174 [26594dbf-7a18-4bd8-acec-1f08b91ad5e5-server-thread1] INFO  segmented.SegmentedRaftLogWorker (SegmentedRaftLogWorker.java:startLogSegment(425)) - 26594dbf-7a18-4bd8-acec-1f08b91ad5e5@group-9ABC5033B6E0-SegmentedRaftLogWorker: Starting segment from index:0
2022-10-11 17:33:13,174 [26594dbf-7a18-4bd8-acec-1f08b91ad5e5-server-thread1] INFO  segmented.SegmentedRaftLogWorker (SegmentedRaftLogWorker.java:rollLogSegment(430)) - 26594dbf-7a18-4bd8-acec-1f08b91ad5e5@group-9ABC5033B6E0-SegmentedRaftLogWorker: Rolling segment log-0_0 to index:0
2022-10-11 17:33:13,187 [26594dbf-7a18-4bd8-acec-1f08b91ad5e5@group-9ABC5033B6E0-SegmentedRaftLogWorker] INFO  segmented.SegmentedRaftLogWorker (SegmentedRaftLogWorker.java:execute(629)) - 26594dbf-7a18-4bd8-acec-1f08b91ad5e5@group-9ABC5033B6E0-SegmentedRaftLogWorker: created new log segment /home/runner/work/ozone/ozone/hadoop-ozone/integration-test/target/test-dir/MiniOzoneClusterImpl-a53f0994-8d29-48d7-8b80-9abc5033b6e0/scmNode-2/scm-ha/a53f0994-8d29-48d7-8b80-9abc5033b6e0/current/log_inprogress_0
2022-10-11 17:33:13,194 [26594dbf-7a18-4bd8-acec-1f08b91ad5e5@group-9ABC5033B6E0-SegmentedRaftLogWorker] INFO  segmented.SegmentedRaftLogWorker (SegmentedRaftLogWorker.java:execute(586)) - 26594dbf-7a18-4bd8-acec-1f08b91ad5e5@group-9ABC5033B6E0-SegmentedRaftLogWorker: Rolled log segment from /home/runner/work/ozone/ozone/hadoop-ozone/integration-test/target/test-dir/MiniOzoneClusterImpl-a53f0994-8d29-48d7-8b80-9abc5033b6e0/scmNode-2/scm-ha/a53f0994-8d29-48d7-8b80-9abc5033b6e0/current/log_inprogress_0 to /home/runner/work/ozone/ozone/hadoop-ozone/integration-test/target/test-dir/MiniOzoneClusterImpl-a53f0994-8d29-48d7-8b80-9abc5033b6e0/scmNode-2/scm-ha/a53f0994-8d29-48d7-8b80-9abc5033b6e0/current/log_0-0
2022-10-11 17:33:13,206 [26594dbf-7a18-4bd8-acec-1f08b91ad5e5@group-9ABC5033B6E0-SegmentedRaftLogWorker] INFO  segmented.SegmentedRaftLogWorker (SegmentedRaftLogWorker.java:execute(629)) - 26594dbf-7a18-4bd8-acec-1f08b91ad5e5@group-9ABC5033B6E0-SegmentedRaftLogWorker: created new log segment /home/runner/work/ozone/ozone/hadoop-ozone/integration-test/target/test-dir/MiniOzoneClusterImpl-a53f0994-8d29-48d7-8b80-9abc5033b6e0/scmNode-2/scm-ha/a53f0994-8d29-48d7-8b80-9abc5033b6e0/current/log_inprogress_1
2022-10-11 17:33:13,209 [26594dbf-7a18-4bd8-acec-1f08b91ad5e5@group-9ABC5033B6E0-StateMachineUpdater] INFO  safemode.HealthyPipelineSafeModeRule (HealthyPipelineSafeModeRule.java:initializeRule(165)) - Refreshed total pipeline count is 0, healthy pipeline threshold count is 1
2022-10-11 17:33:13,210 [26594dbf-7a18-4bd8-acec-1f08b91ad5e5@group-9ABC5033B6E0-StateMachineUpdater] INFO  safemode.ContainerSafeModeRule (ContainerSafeModeRule.java:reInitializeRule(177)) - Refreshed one replica container threshold 0, currentThreshold 0
2022-10-11 17:33:13,210 [26594dbf-7a18-4bd8-acec-1f08b91ad5e5@group-9ABC5033B6E0-StateMachineUpdater] INFO  safemode.OneReplicaPipelineSafeModeRule (OneReplicaPipelineSafeModeRule.java:initializeRule(176)) - Refreshed Total pipeline count is 0, pipeline's with at least one datanode reported threshold count is 0
2022-10-11 17:33:13,210 [26594dbf-7a18-4bd8-acec-1f08b91ad5e5@group-9ABC5033B6E0-StateMachineUpdater] INFO  server.SCMDatanodeProtocolServer (SCMDatanodeProtocolServer.java:start(186)) - ScmDatanodeProtocol RPC server for DataNodes is listening at /0.0.0.0:44349
2022-10-11 17:33:13,227 [IPC Server Responder] INFO  ipc.Server (Server.java:run(1507)) - IPC Server Responder: starting
2022-10-11 17:33:13,227 [IPC Server listener on 44349] INFO  ipc.Server (Server.java:run(1344)) - IPC Server listener on 44349: starting
2022-10-11 17:33:13,233 [eedbf36c-d765-4127-a253-f087b7af9e5f@group-9ABC5033B6E0-LeaderStateImpl] INFO  server.RaftServer$Division (ServerState.java:setRaftConf(393)) - eedbf36c-d765-4127-a253-f087b7af9e5f@group-9ABC5033B6E0: set configuration 3: [26594dbf-7a18-4bd8-acec-1f08b91ad5e5|rpc:localhost:33821|priority:0, eedbf36c-d765-4127-a253-f087b7af9e5f|rpc:localhost:39163|admin:|client:|dataStream:|priority:0], old=[eedbf36c-d765-4127-a253-f087b7af9e5f|rpc:localhost:39163|admin:|client:|dataStream:|priority:0]
2022-10-11 17:33:13,248 [26594dbf-7a18-4bd8-acec-1f08b91ad5e5-server-thread1] INFO  server.RaftServer$Division (ServerState.java:setRaftConf(393)) - 26594dbf-7a18-4bd8-acec-1f08b91ad5e5@group-9ABC5033B6E0: set configuration 3: [26594dbf-7a18-4bd8-acec-1f08b91ad5e5|rpc:localhost:33821|admin:|client:|dataStream:|priority:0, eedbf36c-d765-4127-a253-f087b7af9e5f|rpc:localhost:39163|admin:|client:|dataStream:|priority:0], old=[eedbf36c-d765-4127-a253-f087b7af9e5f|rpc:localhost:39163|admin:|client:|dataStream:|priority:0]
2022-10-11 17:33:13,257 [eedbf36c-d765-4127-a253-f087b7af9e5f@group-9ABC5033B6E0-LeaderStateImpl] INFO  server.RaftServer$Division (ServerState.java:setRaftConf(393)) - eedbf36c-d765-4127-a253-f087b7af9e5f@group-9ABC5033B6E0: set configuration 5: [26594dbf-7a18-4bd8-acec-1f08b91ad5e5|rpc:localhost:33821|priority:0, eedbf36c-d765-4127-a253-f087b7af9e5f|rpc:localhost:39163|admin:|client:|dataStream:|priority:0], old=null
2022-10-11 17:33:13,263 [26594dbf-7a18-4bd8-acec-1f08b91ad5e5-server-thread1] INFO  server.RaftServer$Division (ServerState.java:setRaftConf(393)) - 26594dbf-7a18-4bd8-acec-1f08b91ad5e5@group-9ABC5033B6E0: set configuration 5: [26594dbf-7a18-4bd8-acec-1f08b91ad5e5|rpc:localhost:33821|admin:|client:|dataStream:|priority:0, eedbf36c-d765-4127-a253-f087b7af9e5f|rpc:localhost:39163|admin:|client:|dataStream:|priority:0], old=null
2022-10-11 17:33:13,281 [IPC Server handler 32 on default port 43079] INFO  ha.SCMRatisServerImpl (SCMRatisServerImpl.java:addSCM(309)) - Successfully added new SCM: 26594dbf-7a18-4bd8-acec-1f08b91ad5e5.
2022-10-11 17:33:13,291 [Listener at 0.0.0.0/34009] INFO  ha.SCMHAManagerImpl (SCMHAManagerImpl.java:start(117)) - Successfully added SCM scmNode-2 to group group-9ABC5033B6E0:[26594dbf-7a18-4bd8-acec-1f08b91ad5e5|rpc:localhost:33821|admin:|client:|dataStream:|priority:0, eedbf36c-d765-4127-a253-f087b7af9e5f|rpc:localhost:39163|admin:|client:|dataStream:|priority:0]
2022-10-11 17:33:13,291 [Listener at 0.0.0.0/34009] INFO  ha.InterSCMGrpcService (InterSCMGrpcProtocolService.java:start(94)) - Starting SCM Grpc Service at port 37997
2022-10-11 17:33:13,298 [Listener at 0.0.0.0/34009] INFO  impl.MetricsSystemImpl (MetricsSystemImpl.java:init(158)) - StorageContainerManager metrics system started (again)
2022-10-11 17:33:13,320 [Listener at 0.0.0.0/34009] INFO  server.SCMClientProtocolServer (SCMClientProtocolServer.java:start(170)) - RPC server for Client  is listening at /0.0.0.0:34009
2022-10-11 17:33:13,325 [IPC Server Responder] INFO  ipc.Server (Server.java:run(1507)) - IPC Server Responder: starting
2022-10-11 17:33:13,326 [IPC Server listener on 34009] INFO  ipc.Server (Server.java:run(1344)) - IPC Server listener on 34009: starting
2022-10-11 17:33:13,331 [Listener at 0.0.0.0/34009] INFO  server.StorageContainerManager (StorageContainerManager.java:start(1451)) - ScmBlockLocationProtocol RPC server is listening at /0.0.0.0:40463
2022-10-11 17:33:13,331 [Listener at 0.0.0.0/34009] INFO  server.SCMBlockProtocolServer (SCMBlockProtocolServer.java:start(152)) - RPC server for Block Protocol is listening at /0.0.0.0:40463
2022-10-11 17:33:13,332 [IPC Server Responder] INFO  ipc.Server (Server.java:run(1507)) - IPC Server Responder: starting
2022-10-11 17:33:13,332 [IPC Server listener on 40463] INFO  ipc.Server (Server.java:run(1344)) - IPC Server listener on 40463: starting
2022-10-11 17:33:13,339 [Listener at 0.0.0.0/34009] INFO  http.BaseHttpServer (BaseHttpServer.java:newHttpServer2BuilderForOzone(213)) - Starting Web-server for scm at: http://0.0.0.0:39877
2022-10-11 17:33:13,339 [Listener at 0.0.0.0/34009] INFO  http.BaseHttpServer (BaseHttpServer.java:<init>(108)) - Hadoop Security Enabled: false Ozone Security Enabled: false Ozone HTTP Security Enabled: false 
2022-10-11 17:33:13,340 [Listener at 0.0.0.0/34009] INFO  server.AuthenticationFilter (AuthenticationFilter.java:constructSecretProvider(240)) - Unable to initialize FileSignerSecretProvider, falling back to use random secrets.
2022-10-11 17:33:13,341 [Listener at 0.0.0.0/34009] WARN  http.HttpRequestLog (HttpRequestLog.java:getRequestLog(103)) - Jetty request log can only be enabled using Log4j
2022-10-11 17:33:13,343 [org.apache.hadoop.util.JvmPauseMonitor$Monitor@5cb76b6d] INFO  util.JvmPauseMonitor (JvmPauseMonitor.java:run(188)) - Starting JVM pause monitor
2022-10-11 17:33:13,347 [Listener at 0.0.0.0/34009] INFO  http.HttpServer2 (HttpServer2.java:addGlobalFilter(1031)) - Added global filter 'safety' (class=org.apache.hadoop.hdds.server.http.HttpServer2$QuotingInputFilter)
2022-10-11 17:33:13,349 [Listener at 0.0.0.0/34009] INFO  http.HttpServer2 (HttpServer2.java:addFilter(1007)) - Added filter static_user_filter (class=org.apache.hadoop.http.lib.StaticUserWebFilter$StaticUserFilter) to context scm
2022-10-11 17:33:13,349 [Listener at 0.0.0.0/34009] INFO  http.HttpServer2 (HttpServer2.java:addFilter(1015)) - Added filter static_user_filter (class=org.apache.hadoop.http.lib.StaticUserWebFilter$StaticUserFilter) to context logs
2022-10-11 17:33:13,349 [Listener at 0.0.0.0/34009] INFO  http.HttpServer2 (HttpServer2.java:addFilter(1015)) - Added filter static_user_filter (class=org.apache.hadoop.http.lib.StaticUserWebFilter$StaticUserFilter) to context static
2022-10-11 17:33:13,350 [Listener at 0.0.0.0/34009] INFO  http.HttpServer2 (HttpServer2.java:bindListener(1250)) - Jetty bound to port 39877
2022-10-11 17:33:13,350 [Listener at 0.0.0.0/34009] INFO  server.Server (Server.java:doStart(375)) - jetty-9.4.43.v20210629; built: 2021-06-30T11:07:22.254Z; git: 526006ecfa3af7f1a27ef3a288e2bef7ea9dd7e8; jvm 1.8.0_345-b01
2022-10-11 17:33:13,360 [Listener at 0.0.0.0/34009] INFO  server.session (DefaultSessionIdManager.java:doStart(334)) - DefaultSessionIdManager workerName=node0
2022-10-11 17:33:13,360 [Listener at 0.0.0.0/34009] INFO  server.session (DefaultSessionIdManager.java:doStart(339)) - No SessionScavenger set, using defaults
2022-10-11 17:33:13,360 [Listener at 0.0.0.0/34009] INFO  server.session (HouseKeeper.java:startScavenging(132)) - node0 Scavenging every 660000ms
2022-10-11 17:33:13,362 [Listener at 0.0.0.0/34009] INFO  handler.ContextHandler (ContextHandler.java:doStart(915)) - Started o.e.j.s.ServletContextHandler@4512f8b2{logs,/logs,file:///home/runner/work/ozone/ozone/hadoop-ozone/integration-test/target/log,AVAILABLE}
2022-10-11 17:33:13,362 [Listener at 0.0.0.0/34009] INFO  handler.ContextHandler (ContextHandler.java:doStart(915)) - Started o.e.j.s.ServletContextHandler@45ed124f{static,/static,file:///home/runner/work/ozone/ozone/hadoop-ozone/integration-test/target/test-classes/webapps/static,AVAILABLE}
2022-10-11 17:33:13,367 [Listener at 0.0.0.0/34009] INFO  handler.ContextHandler (ContextHandler.java:doStart(915)) - Started o.e.j.w.WebAppContext@3a771beb{scm,/,file:///home/runner/work/ozone/ozone/hadoop-ozone/integration-test/target/test-classes/webapps/scm/,AVAILABLE}{file:/home/runner/work/ozone/ozone/hadoop-ozone/integration-test/target/test-classes/webapps/scm}
2022-10-11 17:33:13,368 [Listener at 0.0.0.0/34009] INFO  server.AbstractConnector (AbstractConnector.java:doStart(331)) - Started ServerConnector@784f3a4c{HTTP/1.1, (http/1.1)}{0.0.0.0:39877}
2022-10-11 17:33:13,368 [Listener at 0.0.0.0/34009] INFO  server.Server (Server.java:doStart(415)) - Started @18699ms
2022-10-11 17:33:13,368 [Listener at 0.0.0.0/34009] WARN  impl.MetricsSystemImpl (MetricsSystemImpl.java:register(279)) - Sink prometheus already exists!
2022-10-11 17:33:13,369 [Listener at 0.0.0.0/34009] INFO  http.BaseHttpServer (BaseHttpServer.java:updateConnectorAddress(333)) - HTTP server of scm listening at http://0.0.0.0:39877
2022-10-11 17:33:13,369 [Listener at 0.0.0.0/34009] INFO  ozone.MiniOzoneHAClusterImpl (MiniOzoneHAClusterImpl.java:createSCMService(606)) - Started SCM RPC server at /0.0.0.0:34009
2022-10-11 17:33:13,370 [Listener at 0.0.0.0/34009] WARN  server.ServerUtils (ServerUtils.java:getScmDbDir(148)) - ozone.scm.db.dirs is not configured. We recommend adding this setting. Falling back to ozone.metadata.dirs instead.
2022-10-11 17:33:13,370 [Listener at 0.0.0.0/34009] INFO  ha.SCMHANodeDetails (SCMHANodeDetails.java:loadSCMHAConfig(209)) - ServiceID for StorageContainerManager is scmServiceId
2022-10-11 17:33:13,370 [Listener at 0.0.0.0/34009] INFO  ha.SCMHANodeDetails (SCMHANodeDetails.java:loadSCMHAConfig(220)) - ServiceID for StorageContainerManager is scmServiceId
2022-10-11 17:33:13,371 [Listener at 0.0.0.0/34009] WARN  scm.ScmUtils (ScmUtils.java:logWarn(179)) - ConfigKey ozone.scm.block.client.address is deprecated, For configuring different ports for each SCM use PortConfigKey ozone.scm.block.client.port appended with serviceId and nodeId. If want to configure same port configure ozone.scm.block.client.port
2022-10-11 17:33:13,371 [Listener at 0.0.0.0/34009] WARN  scm.ScmUtils (ScmUtils.java:logWarn(179)) - ConfigKey ozone.scm.client.address is deprecated, For configuring different ports for each SCM use PortConfigKey ozone.scm.client.port appended with serviceId and nodeId. If want to configure same port configure ozone.scm.client.port
2022-10-11 17:33:13,371 [Listener at 0.0.0.0/34009] WARN  scm.ScmUtils (ScmUtils.java:logWarn(179)) - ConfigKey ozone.scm.datanode.address is deprecated, For configuring different ports for each SCM use PortConfigKey ozone.scm.datanode.port appended with serviceId and nodeId. If want to configure same port configure ozone.scm.datanode.port
2022-10-11 17:33:13,372 [Listener at 0.0.0.0/34009] WARN  scm.ScmUtils (ScmUtils.java:logWarn(179)) - ConfigKey ozone.scm.block.client.address is deprecated, For configuring different ports for each SCM use PortConfigKey ozone.scm.block.client.port appended with serviceId and nodeId. If want to configure same port configure ozone.scm.block.client.port
2022-10-11 17:33:13,372 [Listener at 0.0.0.0/34009] WARN  scm.ScmUtils (ScmUtils.java:logWarn(179)) - ConfigKey ozone.scm.client.address is deprecated, For configuring different ports for each SCM use PortConfigKey ozone.scm.client.port appended with serviceId and nodeId. If want to configure same port configure ozone.scm.client.port
2022-10-11 17:33:13,372 [Listener at 0.0.0.0/34009] WARN  scm.ScmUtils (ScmUtils.java:logWarn(179)) - ConfigKey ozone.scm.datanode.address is deprecated, For configuring different ports for each SCM use PortConfigKey ozone.scm.datanode.port appended with serviceId and nodeId. If want to configure same port configure ozone.scm.datanode.port
2022-10-11 17:33:13,372 [Listener at 0.0.0.0/34009] INFO  ha.SCMHANodeDetails (SCMHANodeDetails.java:loadSCMHAConfig(307)) - Found matching SCM address with SCMServiceId: scmServiceId, SCMNodeId: scmNode-3, RPC Address: localhost:42091 and Ratis port: 42091
2022-10-11 17:33:13,373 [Listener at 0.0.0.0/34009] INFO  ha.SCMHANodeDetails (ConfUtils.java:setNodeSpecificConfigs(97)) - Setting configuration key ozone.scm.datanode.address with value of key ozone.scm.datanode.address.scmServiceId.scmNode-3: 127.0.0.1:44887
2022-10-11 17:33:13,373 [Listener at 0.0.0.0/34009] INFO  ha.SCMHANodeDetails (ConfUtils.java:setNodeSpecificConfigs(97)) - Setting configuration key ozone.scm.block.client.address with value of key ozone.scm.block.client.address.scmServiceId.scmNode-3: 127.0.0.1:43519
2022-10-11 17:33:13,374 [Listener at 0.0.0.0/34009] INFO  ha.SCMHANodeDetails (ConfUtils.java:setNodeSpecificConfigs(97)) - Setting configuration key ozone.scm.client.address with value of key ozone.scm.client.address.scmServiceId.scmNode-3: 127.0.0.1:34653
2022-10-11 17:33:13,374 [Listener at 0.0.0.0/34009] INFO  ha.SCMHANodeDetails (ConfUtils.java:setNodeSpecificConfigs(97)) - Setting configuration key ozone.scm.ratis.port with value of key ozone.scm.ratis.port.scmServiceId.scmNode-3: 42091
2022-10-11 17:33:13,374 [Listener at 0.0.0.0/34009] INFO  ha.SCMHANodeDetails (ConfUtils.java:setNodeSpecificConfigs(97)) - Setting configuration key ozone.scm.grpc.port with value of key ozone.scm.grpc.port.scmServiceId.scmNode-3: 35965
2022-10-11 17:33:13,374 [Listener at 0.0.0.0/34009] INFO  ha.SCMHANodeDetails (ConfUtils.java:setNodeSpecificConfigs(97)) - Setting configuration key ozone.scm.http-address with value of key ozone.scm.http-address.scmServiceId.scmNode-3: 127.0.0.1:41181
2022-10-11 17:33:13,375 [Listener at 0.0.0.0/34009] INFO  ha.SCMHANodeDetails (ConfUtils.java:setNodeSpecificConfigs(97)) - Setting configuration key ozone.scm.https-address with value of key ozone.scm.https-address.scmServiceId.scmNode-3: 127.0.0.1:42499
2022-10-11 17:33:13,375 [Listener at 0.0.0.0/34009] INFO  ha.SCMHANodeDetails (ConfUtils.java:setNodeSpecificConfigs(97)) - Setting configuration key ozone.scm.address with value of key ozone.scm.address.scmServiceId.scmNode-3: 127.0.0.1
2022-10-11 17:33:13,376 [Listener at 0.0.0.0/34009] WARN  scm.ScmUtils (ScmUtils.java:logWarn(179)) - ConfigKey ozone.scm.block.client.address is deprecated, For configuring different ports for each SCM use PortConfigKey ozone.scm.block.client.port appended with serviceId and nodeId. If want to configure same port configure ozone.scm.block.client.port
2022-10-11 17:33:13,376 [Listener at 0.0.0.0/34009] WARN  scm.ScmUtils (ScmUtils.java:logWarn(179)) - ConfigKey ozone.scm.client.address is deprecated, For configuring different ports for each SCM use PortConfigKey ozone.scm.client.port appended with serviceId and nodeId. If want to configure same port configure ozone.scm.client.port
2022-10-11 17:33:13,376 [Listener at 0.0.0.0/34009] WARN  scm.ScmUtils (ScmUtils.java:logWarn(179)) - ConfigKey ozone.scm.datanode.address is deprecated, For configuring different ports for each SCM use PortConfigKey ozone.scm.datanode.port appended with serviceId and nodeId. If want to configure same port configure ozone.scm.datanode.port
2022-10-11 17:33:13,379 [Listener at 0.0.0.0/34009] INFO  ha.SCMNodeInfo (SCMNodeInfo.java:getPort(197)) - ConfigKey ozone.scm.client.address is deprecated, For configuring different ports for each SCM use PortConfigKey ozone.scm.client.port appended with serviceId and nodeId
2022-10-11 17:33:13,379 [Listener at 0.0.0.0/34009] INFO  ha.SCMNodeInfo (SCMNodeInfo.java:getPort(197)) - ConfigKey ozone.scm.block.client.address is deprecated, For configuring different ports for each SCM use PortConfigKey ozone.scm.block.client.port appended with serviceId and nodeId
2022-10-11 17:33:13,380 [Listener at 0.0.0.0/34009] INFO  ha.SCMNodeInfo (SCMNodeInfo.java:getPort(197)) - ConfigKey ozone.scm.datanode.address is deprecated, For configuring different ports for each SCM use PortConfigKey ozone.scm.datanode.port appended with serviceId and nodeId
2022-10-11 17:33:13,386 [Listener at 0.0.0.0/34009] INFO  ha.SCMNodeInfo (SCMNodeInfo.java:getPort(197)) - ConfigKey ozone.scm.client.address is deprecated, For configuring different ports for each SCM use PortConfigKey ozone.scm.client.port appended with serviceId and nodeId
2022-10-11 17:33:13,386 [Listener at 0.0.0.0/34009] INFO  ha.SCMNodeInfo (SCMNodeInfo.java:getPort(197)) - ConfigKey ozone.scm.block.client.address is deprecated, For configuring different ports for each SCM use PortConfigKey ozone.scm.block.client.port appended with serviceId and nodeId
2022-10-11 17:33:13,386 [Listener at 0.0.0.0/34009] INFO  ha.SCMNodeInfo (SCMNodeInfo.java:getPort(197)) - ConfigKey ozone.scm.datanode.address is deprecated, For configuring different ports for each SCM use PortConfigKey ozone.scm.datanode.port appended with serviceId and nodeId
2022-10-11 17:33:13,386 [Listener at 0.0.0.0/34009] INFO  proxy.SCMBlockLocationFailoverProxyProvider (SCMBlockLocationFailoverProxyProvider.java:<init>(114)) - Created block location fail-over proxy with 2 nodes: [nodeId=scmNode-2,nodeAddress=/127.0.0.1:40463, nodeId=scmNode-1,nodeAddress=/127.0.0.1:43079]
2022-10-11 17:33:13,396 [Listener at 0.0.0.0/34009] INFO  server.StorageContainerManager (StorageContainerManager.java:scmBootstrap(1119)) - SCM BootStrap  is successful for ClusterID a53f0994-8d29-48d7-8b80-9abc5033b6e0, SCMID fa895461-6123-4d7e-a25c-be7d0086d09c
2022-10-11 17:33:13,397 [Listener at 0.0.0.0/34009] INFO  server.StorageContainerManager (StorageContainerManager.java:scmBootstrap(1121)) - Primary SCM Node ID eedbf36c-d765-4127-a253-f087b7af9e5f
2022-10-11 17:33:13,397 [Listener at 0.0.0.0/34009] WARN  server.ServerUtils (ServerUtils.java:getScmDbDir(148)) - ozone.scm.db.dirs is not configured. We recommend adding this setting. Falling back to ozone.metadata.dirs instead.
2022-10-11 17:33:13,397 [Listener at 0.0.0.0/34009] INFO  ha.SCMHANodeDetails (SCMHANodeDetails.java:loadSCMHAConfig(209)) - ServiceID for StorageContainerManager is scmServiceId
2022-10-11 17:33:13,397 [Listener at 0.0.0.0/34009] INFO  ha.SCMHANodeDetails (SCMHANodeDetails.java:loadSCMHAConfig(220)) - ServiceID for StorageContainerManager is scmServiceId
2022-10-11 17:33:13,398 [Listener at 0.0.0.0/34009] WARN  scm.ScmUtils (ScmUtils.java:logWarn(179)) - ConfigKey ozone.scm.block.client.address is deprecated, For configuring different ports for each SCM use PortConfigKey ozone.scm.block.client.port appended with serviceId and nodeId. If want to configure same port configure ozone.scm.block.client.port
2022-10-11 17:33:13,398 [Listener at 0.0.0.0/34009] WARN  scm.ScmUtils (ScmUtils.java:logWarn(179)) - ConfigKey ozone.scm.client.address is deprecated, For configuring different ports for each SCM use PortConfigKey ozone.scm.client.port appended with serviceId and nodeId. If want to configure same port configure ozone.scm.client.port
2022-10-11 17:33:13,398 [Listener at 0.0.0.0/34009] WARN  scm.ScmUtils (ScmUtils.java:logWarn(179)) - ConfigKey ozone.scm.datanode.address is deprecated, For configuring different ports for each SCM use PortConfigKey ozone.scm.datanode.port appended with serviceId and nodeId. If want to configure same port configure ozone.scm.datanode.port
2022-10-11 17:33:13,398 [Listener at 0.0.0.0/34009] WARN  scm.ScmUtils (ScmUtils.java:logWarn(179)) - ConfigKey ozone.scm.block.client.address is deprecated, For configuring different ports for each SCM use PortConfigKey ozone.scm.block.client.port appended with serviceId and nodeId. If want to configure same port configure ozone.scm.block.client.port
2022-10-11 17:33:13,398 [Listener at 0.0.0.0/34009] WARN  scm.ScmUtils (ScmUtils.java:logWarn(179)) - ConfigKey ozone.scm.client.address is deprecated, For configuring different ports for each SCM use PortConfigKey ozone.scm.client.port appended with serviceId and nodeId. If want to configure same port configure ozone.scm.client.port
2022-10-11 17:33:13,398 [Listener at 0.0.0.0/34009] WARN  scm.ScmUtils (ScmUtils.java:logWarn(179)) - ConfigKey ozone.scm.datanode.address is deprecated, For configuring different ports for each SCM use PortConfigKey ozone.scm.datanode.port appended with serviceId and nodeId. If want to configure same port configure ozone.scm.datanode.port
2022-10-11 17:33:13,399 [Listener at 0.0.0.0/34009] INFO  ha.SCMHANodeDetails (SCMHANodeDetails.java:loadSCMHAConfig(307)) - Found matching SCM address with SCMServiceId: scmServiceId, SCMNodeId: scmNode-3, RPC Address: localhost:42091 and Ratis port: 42091
2022-10-11 17:33:13,399 [Listener at 0.0.0.0/34009] INFO  ha.SCMHANodeDetails (ConfUtils.java:setNodeSpecificConfigs(97)) - Setting configuration key ozone.scm.datanode.address with value of key ozone.scm.datanode.address.scmServiceId.scmNode-3: 127.0.0.1:44887
2022-10-11 17:33:13,399 [Listener at 0.0.0.0/34009] INFO  ha.SCMHANodeDetails (ConfUtils.java:setNodeSpecificConfigs(97)) - Setting configuration key ozone.scm.block.client.address with value of key ozone.scm.block.client.address.scmServiceId.scmNode-3: 127.0.0.1:43519
2022-10-11 17:33:13,399 [Listener at 0.0.0.0/34009] INFO  ha.SCMHANodeDetails (ConfUtils.java:setNodeSpecificConfigs(97)) - Setting configuration key ozone.scm.client.address with value of key ozone.scm.client.address.scmServiceId.scmNode-3: 127.0.0.1:34653
2022-10-11 17:33:13,399 [Listener at 0.0.0.0/34009] INFO  ha.SCMHANodeDetails (ConfUtils.java:setNodeSpecificConfigs(97)) - Setting configuration key ozone.scm.ratis.port with value of key ozone.scm.ratis.port.scmServiceId.scmNode-3: 42091
2022-10-11 17:33:13,399 [Listener at 0.0.0.0/34009] INFO  ha.SCMHANodeDetails (ConfUtils.java:setNodeSpecificConfigs(97)) - Setting configuration key ozone.scm.grpc.port with value of key ozone.scm.grpc.port.scmServiceId.scmNode-3: 35965
2022-10-11 17:33:13,399 [Listener at 0.0.0.0/34009] INFO  ha.SCMHANodeDetails (ConfUtils.java:setNodeSpecificConfigs(97)) - Setting configuration key ozone.scm.http-address with value of key ozone.scm.http-address.scmServiceId.scmNode-3: 127.0.0.1:41181
2022-10-11 17:33:13,399 [Listener at 0.0.0.0/34009] INFO  ha.SCMHANodeDetails (ConfUtils.java:setNodeSpecificConfigs(97)) - Setting configuration key ozone.scm.https-address with value of key ozone.scm.https-address.scmServiceId.scmNode-3: 127.0.0.1:42499
2022-10-11 17:33:13,399 [Listener at 0.0.0.0/34009] INFO  ha.SCMHANodeDetails (ConfUtils.java:setNodeSpecificConfigs(97)) - Setting configuration key ozone.scm.address with value of key ozone.scm.address.scmServiceId.scmNode-3: 127.0.0.1
2022-10-11 17:33:13,399 [Listener at 0.0.0.0/34009] WARN  scm.ScmUtils (ScmUtils.java:logWarn(179)) - ConfigKey ozone.scm.block.client.address is deprecated, For configuring different ports for each SCM use PortConfigKey ozone.scm.block.client.port appended with serviceId and nodeId. If want to configure same port configure ozone.scm.block.client.port
2022-10-11 17:33:13,399 [Listener at 0.0.0.0/34009] WARN  scm.ScmUtils (ScmUtils.java:logWarn(179)) - ConfigKey ozone.scm.client.address is deprecated, For configuring different ports for each SCM use PortConfigKey ozone.scm.client.port appended with serviceId and nodeId. If want to configure same port configure ozone.scm.client.port
2022-10-11 17:33:13,400 [Listener at 0.0.0.0/34009] WARN  scm.ScmUtils (ScmUtils.java:logWarn(179)) - ConfigKey ozone.scm.datanode.address is deprecated, For configuring different ports for each SCM use PortConfigKey ozone.scm.datanode.port appended with serviceId and nodeId. If want to configure same port configure ozone.scm.datanode.port
2022-10-11 17:33:13,401 [Listener at 0.0.0.0/34009] WARN  utils.HAUtils (HAUtils.java:getMetaDir(342)) - ozone.scm.db.dirs is not configured. We recommend adding this setting. Falling back to ozone.metadata.dirs instead.
2022-10-11 17:33:13,402 [Listener at 0.0.0.0/34009] WARN  db.DBStoreBuilder (DBStoreBuilder.java:applyDBDefinition(144)) - ozone.scm.db.dirs is not configured. We recommend adding this setting. Falling back to ozone.metadata.dirs instead.
2022-10-11 17:33:13,521 [Listener at 0.0.0.0/34009] INFO  net.NodeSchemaLoader (NodeSchemaLoader.java:loadSchemaFromFile(129)) - Loading schema from [jar:file:/home/runner/.m2/repository/org/apache/ozone/hdds-common/1.3.0-SNAPSHOT/hdds-common-1.3.0-SNAPSHOT.jar!/network-topology-default.xml]
2022-10-11 17:33:13,521 [Listener at 0.0.0.0/34009] INFO  net.NodeSchemaLoader (NodeSchemaLoader.java:loadSchema(176)) - Loading network topology layer schema file
2022-10-11 17:33:13,524 [Listener at 0.0.0.0/34009] WARN  impl.MetricRegistriesImpl (MetricRegistriesImpl.java:addReporterRegistration(111)) - New reporters are added after registries were created. Some metrics will be missing from the reporter. Please add reporter before adding any new registry.
2022-10-11 17:33:13,524 [Listener at 0.0.0.0/34009] WARN  impl.MetricRegistriesImpl (MetricRegistriesImpl.java:addReporterRegistration(111)) - New reporters are added after registries were created. Some metrics will be missing from the reporter. Please add reporter before adding any new registry.
2022-10-11 17:33:13,525 [Listener at 0.0.0.0/34009] INFO  ha.SCMRatisServerImpl (SCMRatisServerImpl.java:<init>(87)) - starting Raft server for scm:fa895461-6123-4d7e-a25c-be7d0086d09c
2022-10-11 17:33:13,526 [Listener at 0.0.0.0/34009] INFO  server.RaftServer (ConfUtils.java:logGet(46)) - raft.rpc.type = GRPC (default)
2022-10-11 17:33:13,526 [Listener at 0.0.0.0/34009] INFO  grpc.GrpcFactory (GrpcFactory.java:checkPooledByteBufAllocatorUseCacheForAllThreads(48)) - PERFORMANCE WARNING: useCacheForAllThreads is true that may cause Netty to create a lot garbage objects and, as a result, trigger GC.
	It is recommended to disable useCacheForAllThreads by setting -Dorg.apache.ratis.thirdparty.io.netty.allocator.useCacheForAllThreads=false in command line.
2022-10-11 17:33:13,526 [Listener at 0.0.0.0/34009] INFO  grpc.GrpcConfigKeys (ConfUtils.java:logGet(46)) - raft.grpc.admin.port = -1 (default)
2022-10-11 17:33:13,527 [Listener at 0.0.0.0/34009] INFO  grpc.GrpcConfigKeys (ConfUtils.java:logGet(46)) - raft.grpc.server.port = 42091 (custom)
2022-10-11 17:33:13,527 [Listener at 0.0.0.0/34009] INFO  grpc.GrpcConfigKeys (ConfUtils.java:logGet(46)) - raft.grpc.client.port = -1 (default)
2022-10-11 17:33:13,527 [Listener at 0.0.0.0/34009] INFO  grpc.GrpcConfigKeys (ConfUtils.java:logGet(46)) - raft.grpc.server.port = 42091 (custom)
2022-10-11 17:33:13,527 [Listener at 0.0.0.0/34009] INFO  grpc.GrpcConfigKeys (ConfUtils.java:logGet(46)) - raft.grpc.server.port = 42091 (custom)
2022-10-11 17:33:13,527 [Listener at 0.0.0.0/34009] INFO  server.GrpcService (ConfUtils.java:logGet(46)) - raft.grpc.message.size.max = 32m (=33554432) (custom)
2022-10-11 17:33:13,527 [Listener at 0.0.0.0/34009] INFO  server.RaftServerConfigKeys (ConfUtils.java:logGet(46)) - raft.server.log.appender.buffer.byte-limit = 33554432 (custom)
2022-10-11 17:33:13,527 [Listener at 0.0.0.0/34009] INFO  server.GrpcService (ConfUtils.java:logGet(46)) - raft.grpc.flow.control.window = 1MB (=1048576) (default)
2022-10-11 17:33:13,527 [Listener at 0.0.0.0/34009] INFO  server.RaftServerConfigKeys (ConfUtils.java:logGet(46)) - raft.server.rpc.request.timeout = 30000ms (custom)
2022-10-11 17:33:13,528 [Listener at 0.0.0.0/34009] INFO  grpc.GrpcConfigKeys (ConfUtils.java:logGet(46)) - raft.grpc.server.async.request.thread.pool.cached = true (default)
2022-10-11 17:33:13,528 [Listener at 0.0.0.0/34009] INFO  grpc.GrpcConfigKeys (ConfUtils.java:logGet(46)) - raft.grpc.server.async.request.thread.pool.size = 32 (default)
2022-10-11 17:33:13,529 [Listener at 0.0.0.0/34009] INFO  impl.DataStreamServerImpl (ConfUtils.java:logGet(46)) - raft.datastream.type = DISABLED (default)
2022-10-11 17:33:13,529 [Listener at 0.0.0.0/34009] INFO  server.RaftServerConfigKeys (ConfUtils.java:logGet(46)) - raft.server.threadpool.proxy.cached = true (default)
2022-10-11 17:33:13,529 [Listener at 0.0.0.0/34009] INFO  server.RaftServerConfigKeys (ConfUtils.java:logGet(46)) - raft.server.threadpool.proxy.size = 0 (default)
2022-10-11 17:33:13,529 [Listener at 0.0.0.0/34009] INFO  server.RaftServerConfigKeys (ConfUtils.java:logGet(46)) - raft.server.rpc.slowness.timeout = 120000ms (custom)
2022-10-11 17:33:13,529 [Listener at 0.0.0.0/34009] INFO  server.RaftServerConfigKeys (ConfUtils.java:logGet(46)) - raft.server.leaderelection.leader.step-down.wait-time = 10s (default)
2022-10-11 17:33:13,530 [Listener at 0.0.0.0/34009] INFO  server.RaftServerConfigKeys (ConfUtils.java:logGet(46)) - raft.server.storage.dir = [/home/runner/work/ozone/ozone/hadoop-ozone/integration-test/target/test-dir/MiniOzoneClusterImpl-a53f0994-8d29-48d7-8b80-9abc5033b6e0/scmNode-3/scm-ha] (custom)
2022-10-11 17:33:13,533 [Listener at 0.0.0.0/34009] INFO  server.RaftServer (RaftServerProxy.java:addNew(96)) - fa895461-6123-4d7e-a25c-be7d0086d09c: addNew group-9ABC5033B6E0:[] returns group-9ABC5033B6E0:java.util.concurrent.CompletableFuture@20312e93[Not completed]
2022-10-11 17:33:13,534 [pool-85-thread-1] INFO  server.RaftServer$Division (RaftServerImpl.java:<init>(190)) - fa895461-6123-4d7e-a25c-be7d0086d09c: new RaftServerImpl for group-9ABC5033B6E0:[] with SCMStateMachine:uninitialized
2022-10-11 17:33:13,534 [pool-85-thread-1] INFO  server.RaftServerConfigKeys (ConfUtils.java:logGet(46)) - raft.server.rpc.timeout.min = 5000ms (custom)
2022-10-11 17:33:13,534 [pool-85-thread-1] INFO  server.RaftServerConfigKeys (ConfUtils.java:logGet(46)) - raft.server.rpc.timeout.max = 5200ms (custom)
2022-10-11 17:33:13,534 [pool-85-thread-1] INFO  server.RaftServerConfigKeys (ConfUtils.java:logGet(46)) - raft.server.rpc.sleep.time = 25ms (default)
2022-10-11 17:33:13,534 [pool-85-thread-1] INFO  server.RaftServerConfigKeys (ConfUtils.java:logGet(46)) - raft.server.rpc.slowness.timeout = 120000ms (custom)
2022-10-11 17:33:13,534 [pool-85-thread-1] INFO  server.RaftServerConfigKeys (ConfUtils.java:logGet(46)) - raft.server.leaderelection.leader.step-down.wait-time = 10s (default)
2022-10-11 17:33:13,534 [pool-85-thread-1] INFO  server.RaftServerConfigKeys (ConfUtils.java:logGet(46)) - raft.server.sleep.deviation.threshold = 300ms (default)
2022-10-11 17:33:13,534 [pool-85-thread-1] INFO  server.RaftServer$Division (ServerState.java:<init>(107)) - fa895461-6123-4d7e-a25c-be7d0086d09c@group-9ABC5033B6E0: ConfigurationManager, init=-1: [], old=null, confs=<EMPTY_MAP>
2022-10-11 17:33:13,535 [pool-85-thread-1] INFO  server.RaftServerConfigKeys (ConfUtils.java:logGet(46)) - raft.server.storage.dir = [/home/runner/work/ozone/ozone/hadoop-ozone/integration-test/target/test-dir/MiniOzoneClusterImpl-a53f0994-8d29-48d7-8b80-9abc5033b6e0/scmNode-3/scm-ha] (custom)
2022-10-11 17:33:13,535 [pool-85-thread-1] INFO  server.RaftServerConfigKeys (ConfUtils.java:logGet(46)) - raft.server.log.corruption.policy = EXCEPTION (default)
2022-10-11 17:33:13,535 [pool-85-thread-1] INFO  server.RaftServerConfigKeys (ConfUtils.java:logGet(46)) - raft.server.storage.free-space.min = 0MB (=0) (default)
2022-10-11 17:33:13,535 [pool-85-thread-1] INFO  storage.RaftStorageDirectory (RaftStorageDirectoryImpl.java:analyzeStorage(135)) - The storage directory /home/runner/work/ozone/ozone/hadoop-ozone/integration-test/target/test-dir/MiniOzoneClusterImpl-a53f0994-8d29-48d7-8b80-9abc5033b6e0/scmNode-3/scm-ha/a53f0994-8d29-48d7-8b80-9abc5033b6e0 does not exist. Creating ...
2022-10-11 17:33:13,537 [pool-85-thread-1] INFO  storage.RaftStorageDirectory (RaftStorageDirectoryImpl.java:tryLock(230)) - Lock on /home/runner/work/ozone/ozone/hadoop-ozone/integration-test/target/test-dir/MiniOzoneClusterImpl-a53f0994-8d29-48d7-8b80-9abc5033b6e0/scmNode-3/scm-ha/a53f0994-8d29-48d7-8b80-9abc5033b6e0/in_use.lock acquired by nodename 23825@fv-az255-813
2022-10-11 17:33:13,538 [pool-85-thread-1] INFO  storage.RaftStorage (RaftStorageImpl.java:format(89)) - Storage directory /home/runner/work/ozone/ozone/hadoop-ozone/integration-test/target/test-dir/MiniOzoneClusterImpl-a53f0994-8d29-48d7-8b80-9abc5033b6e0/scmNode-3/scm-ha/a53f0994-8d29-48d7-8b80-9abc5033b6e0 has been successfully formatted.
2022-10-11 17:33:13,539 [pool-85-thread-1] INFO  server.RaftServerConfigKeys (ConfUtils.java:logGet(46)) - raft.server.notification.no-leader.timeout = 60s (default)
2022-10-11 17:33:13,539 [pool-85-thread-1] INFO  server.RaftServerConfigKeys (ConfUtils.java:logGet(46)) - raft.server.log.use.memory = false (default)
2022-10-11 17:33:13,541 [pool-85-thread-1] INFO  server.RaftServerConfigKeys (ConfUtils.java:logGet(46)) - raft.server.log.purge.gap = 1000000 (custom)
2022-10-11 17:33:13,541 [pool-85-thread-1] INFO  server.RaftServerConfigKeys (ConfUtils.java:logGet(46)) - raft.server.log.appender.buffer.byte-limit = 33554432 (custom)
2022-10-11 17:33:13,541 [pool-85-thread-1] INFO  server.RaftServerConfigKeys (ConfUtils.java:logGet(46)) - raft.server.log.statemachine.data.read.timeout = 1000ms (default)
2022-10-11 17:33:13,541 [pool-85-thread-1] INFO  server.RaftServerConfigKeys (ConfUtils.java:logGet(46)) - raft.server.log.segment.size.max = 4194304 (custom)
2022-10-11 17:33:13,549 [pool-85-thread-1] INFO  server.RaftServerConfigKeys (ConfUtils.java:logGet(46)) - raft.server.log.segment.cache.num.max = 2 (custom)
2022-10-11 17:33:13,550 [pool-85-thread-1] INFO  server.RaftServerConfigKeys (ConfUtils.java:logGet(46)) - raft.server.log.segment.cache.size.max = 200MB (=209715200) (default)
2022-10-11 17:33:13,550 [pool-85-thread-1] INFO  segmented.SegmentedRaftLogWorker (SegmentedRaftLogWorker.java:<init>(187)) - new fa895461-6123-4d7e-a25c-be7d0086d09c@group-9ABC5033B6E0-SegmentedRaftLogWorker for RaftStorageImpl:Storage Directory /home/runner/work/ozone/ozone/hadoop-ozone/integration-test/target/test-dir/MiniOzoneClusterImpl-a53f0994-8d29-48d7-8b80-9abc5033b6e0/scmNode-3/scm-ha/a53f0994-8d29-48d7-8b80-9abc5033b6e0
2022-10-11 17:33:13,550 [pool-85-thread-1] INFO  server.RaftServerConfigKeys (ConfUtils.java:logGet(46)) - raft.server.log.queue.byte-limit = 64MB (=67108864) (default)
2022-10-11 17:33:13,550 [pool-85-thread-1] INFO  server.RaftServerConfigKeys (ConfUtils.java:logGet(46)) - raft.server.log.queue.element-limit = 4096 (default)
2022-10-11 17:33:13,550 [pool-85-thread-1] INFO  server.RaftServerConfigKeys (ConfUtils.java:logGet(46)) - raft.server.log.segment.size.max = 4194304 (custom)
2022-10-11 17:33:13,550 [pool-85-thread-1] INFO  server.RaftServerConfigKeys (ConfUtils.java:logGet(46)) - raft.server.log.preallocated.size = 4194304 (custom)
2022-10-11 17:33:13,550 [pool-85-thread-1] INFO  server.RaftServerConfigKeys (ConfUtils.java:logGet(46)) - raft.server.log.force.sync.num = 128 (default)
2022-10-11 17:33:13,550 [pool-85-thread-1] INFO  server.RaftServerConfigKeys (ConfUtils.java:logGet(46)) - raft.server.log.statemachine.data.sync = true (default)
2022-10-11 17:33:13,550 [pool-85-thread-1] INFO  server.RaftServerConfigKeys (ConfUtils.java:logGet(46)) - raft.server.log.statemachine.data.sync.timeout = 10s (default)
2022-10-11 17:33:13,550 [pool-85-thread-1] INFO  server.RaftServerConfigKeys (ConfUtils.java:logGet(46)) - raft.server.log.statemachine.data.sync.timeout.retry = -1 (default)
2022-10-11 17:33:13,552 [pool-85-thread-1] INFO  server.RaftServerConfigKeys (ConfUtils.java:logGet(46)) - raft.server.log.write.buffer.size = 64KB (=65536) (default)
2022-10-11 17:33:13,552 [pool-85-thread-1] INFO  server.RaftServerConfigKeys (ConfUtils.java:logGet(46)) - raft.server.log.unsafe-flush.enabled = false (default)
2022-10-11 17:33:13,552 [pool-85-thread-1] INFO  server.RaftServerConfigKeys (ConfUtils.java:logGet(46)) - raft.server.log.statemachine.data.caching.enabled = false (default)
2022-10-11 17:33:13,552 [pool-85-thread-1] INFO  segmented.SegmentedRaftLogWorker (SegmentedRaftLogWorker.java:lambda$new$0(135)) - fa895461-6123-4d7e-a25c-be7d0086d09c@group-9ABC5033B6E0-SegmentedRaftLogWorker: flushIndex: setUnconditionally 0 -> -1
2022-10-11 17:33:13,552 [pool-85-thread-1] INFO  segmented.SegmentedRaftLogWorker (SegmentedRaftLogWorker.java:lambda$new$0(135)) - fa895461-6123-4d7e-a25c-be7d0086d09c@group-9ABC5033B6E0-SegmentedRaftLogWorker: safeCacheEvictIndex: setUnconditionally 0 -> -1
2022-10-11 17:33:13,555 [pool-85-thread-1] INFO  server.RaftServerConfigKeys (ConfUtils.java:logGet(46)) - raft.server.snapshot.auto.trigger.enabled = true (custom)
2022-10-11 17:33:13,555 [pool-85-thread-1] INFO  server.RaftServerConfigKeys (ConfUtils.java:logGet(46)) - raft.server.snapshot.auto.trigger.threshold = 1000 (custom)
2022-10-11 17:33:13,555 [pool-85-thread-1] INFO  server.RaftServerConfigKeys (ConfUtils.java:logGet(46)) - raft.server.snapshot.retention.file.num = -1 (default)
2022-10-11 17:33:13,555 [pool-85-thread-1] INFO  server.RaftServerConfigKeys (ConfUtils.java:logGet(46)) - raft.server.log.purge.upto.snapshot.index = false (default)
2022-10-11 17:33:13,555 [pool-85-thread-1] INFO  server.RaftServerConfigKeys (ConfUtils.java:logGet(46)) - raft.server.retrycache.expirytime = 60000ms (default)
2022-10-11 17:33:13,555 [pool-85-thread-1] INFO  server.RaftServerConfigKeys (ConfUtils.java:logGet(46)) - raft.server.retrycache.statistics.expirytime = 100μs (default)
2022-10-11 17:33:13,558 [pool-85-thread-1] INFO  server.RaftServerConfigKeys (ConfUtils.java:logGet(46)) - raft.server.log.appender.install.snapshot.enabled = false (custom)
2022-10-11 17:33:13,558 [pool-85-thread-1] INFO  server.RaftServerConfigKeys (ConfUtils.java:logGet(46)) - raft.server.threadpool.server.cached = true (default)
2022-10-11 17:33:13,558 [pool-85-thread-1] INFO  server.RaftServerConfigKeys (ConfUtils.java:logGet(46)) - raft.server.threadpool.server.size = 0 (default)
2022-10-11 17:33:13,558 [pool-85-thread-1] INFO  server.RaftServerConfigKeys (ConfUtils.java:logGet(46)) - raft.server.threadpool.client.cached = true (default)
2022-10-11 17:33:13,558 [pool-85-thread-1] INFO  server.RaftServerConfigKeys (ConfUtils.java:logGet(46)) - raft.server.threadpool.client.size = 0 (default)
2022-10-11 17:33:13,558 [Listener at 0.0.0.0/34009] INFO  ha.SCMSnapshotProvider (SCMSnapshotProvider.java:<init>(66)) - Initializing SCM Snapshot Provider
2022-10-11 17:33:13,558 [Listener at 0.0.0.0/34009] WARN  server.ServerUtils (ServerUtils.java:getDefaultRatisDirectory(237)) - Storage directory for Ratis is not configured. It is a good idea to map this to an SSD disk. Falling back to ozone.metadata.dirs
2022-10-11 17:33:13,559 [Listener at 0.0.0.0/34009] WARN  ha.SCMHAUtils (SCMHAUtils.java:getSCMRatisSnapshotDirectory(153)) - SCM snapshot dir is not configured. Falling back to ozone.metadata.dirs config
2022-10-11 17:33:13,560 [Listener at 0.0.0.0/34009] INFO  upgrade.AbstractLayoutVersionManager (AbstractLayoutVersionManager.java:init(83)) - Initializing Layout version manager with metadata layout = DATANODE_SCHEMA_V3 (version = 4), software layout = DATANODE_SCHEMA_V3 (version = 4)
2022-10-11 17:33:13,616 [Listener at 0.0.0.0/34009] INFO  reflections.Reflections (Reflections.java:scan(232)) - Reflections took 55 ms to scan 7 urls, producing 137 keys and 328 values 
2022-10-11 17:33:13,619 [Listener at 0.0.0.0/34009] INFO  ha.SequenceIdGenerator (SequenceIdGenerator.java:upgradeToSequenceId(349)) - upgrade localId to 109611004723200000
2022-10-11 17:33:13,619 [Listener at 0.0.0.0/34009] INFO  ha.SequenceIdGenerator (SequenceIdGenerator.java:upgradeToSequenceId(359)) - upgrade delTxnId to 0
2022-10-11 17:33:13,619 [Listener at 0.0.0.0/34009] INFO  ha.SequenceIdGenerator (SequenceIdGenerator.java:upgradeToSequenceId(376)) - upgrade containerId to 0
2022-10-11 17:33:13,619 [Listener at 0.0.0.0/34009] INFO  ha.SequenceIdGenerator (SequenceIdGenerator.java:<init>(220)) - Init the HA SequenceIdGenerator.
2022-10-11 17:33:13,620 [Listener at 0.0.0.0/34009] WARN  server.ServerUtils (ServerUtils.java:sanitizeUserArgs(73)) - ozone.scm.stale.node.interval value = 300000 is larger than max = 100000 based on the key value of ozone.scm.heartbeat.thread.interval, reset to the max value 100000.
2022-10-11 17:33:13,620 [Listener at 0.0.0.0/34009] WARN  server.ServerUtils (ServerUtils.java:sanitizeUserArgs(73)) - ozone.scm.stale.node.interval value = 300000 is larger than max = 100000 based on the key value of ozone.scm.heartbeat.thread.interval, reset to the max value 100000.
2022-10-11 17:33:13,620 [Listener at 0.0.0.0/34009] INFO  node.SCMNodeManager (SCMNodeManager.java:<init>(149)) - Entering startup safe mode.
2022-10-11 17:33:13,621 [Listener at 0.0.0.0/34009] INFO  algorithms.ContainerPlacementPolicyFactory (ContainerPlacementPolicyFactory.java:getPolicyInternal(86)) - Create container placement policy of type org.apache.hadoop.hdds.scm.container.placement.algorithms.SCMContainerPlacementRandom
2022-10-11 17:33:13,622 [Listener at 0.0.0.0/34009] INFO  algorithms.ContainerPlacementPolicyFactory (ContainerPlacementPolicyFactory.java:getPolicyInternal(86)) - Create container placement policy of type org.apache.hadoop.hdds.scm.container.placement.algorithms.SCMContainerPlacementRackScatter
2022-10-11 17:33:13,622 [Listener at 0.0.0.0/34009] INFO  pipeline.PipelineStateManagerImpl (PipelineStateManagerImpl.java:initialize(78)) - No pipeline exists in current db
2022-10-11 17:33:13,622 [Listener at 0.0.0.0/34009] INFO  algorithms.LeaderChoosePolicyFactory (LeaderChoosePolicyFactory.java:getPolicy(57)) - Create leader choose policy of type org.apache.hadoop.hdds.scm.pipeline.leader.choose.algorithms.MinLeaderCountChoosePolicy
2022-10-11 17:33:13,622 [Listener at 0.0.0.0/34009] INFO  algorithms.ContainerPlacementPolicyFactory (ContainerPlacementPolicyFactory.java:getPolicyInternal(86)) - Create container placement policy of type org.apache.hadoop.hdds.scm.container.placement.algorithms.SCMContainerPlacementRackScatter
2022-10-11 17:33:13,622 [Listener at 0.0.0.0/34009] INFO  ha.SCMServiceManager (SCMServiceManager.java:register(42)) - Registering service BackgroundPipelineCreator.
2022-10-11 17:33:13,623 [Listener at 0.0.0.0/34009] INFO  pipeline.BackgroundPipelineCreator (BackgroundPipelineCreator.java:start(124)) - Starting RatisPipelineUtilsThread.
2022-10-11 17:33:13,630 [Listener at 0.0.0.0/34009] INFO  BackgroundPipelineScrubber (BackgroundSCMService.java:start(68)) - Starting BackgroundPipelineScrubber Service.
2022-10-11 17:33:13,631 [Listener at 0.0.0.0/34009] INFO  ha.SCMServiceManager (SCMServiceManager.java:register(42)) - Registering service BackgroundPipelineScrubber.
2022-10-11 17:33:13,631 [Listener at 0.0.0.0/34009] INFO  ExpiredContainerReplicaOpScrubber (BackgroundSCMService.java:start(68)) - Starting ExpiredContainerReplicaOpScrubber Service.
2022-10-11 17:33:13,633 [Listener at 0.0.0.0/34009] INFO  ha.SCMServiceManager (SCMServiceManager.java:register(42)) - Registering service ExpiredContainerReplicaOpScrubber.
2022-10-11 17:33:13,634 [Listener at 0.0.0.0/34009] INFO  algorithms.PipelineChoosePolicyFactory (PipelineChoosePolicyFactory.java:createPipelineChoosePolicyFromClass(73)) - Create pipeline choose policy of type org.apache.hadoop.hdds.scm.pipeline.choose.algorithms.RandomPipelineChoosePolicy
2022-10-11 17:33:13,635 [Listener at 0.0.0.0/34009] INFO  ha.SCMServiceManager (SCMServiceManager.java:register(42)) - Registering service SCMBlockDeletingService.
2022-10-11 17:33:13,635 [Listener at 0.0.0.0/34009] INFO  replication.ReplicationManager (ReplicationManager.java:start(223)) - Starting Replication Monitor Thread.
2022-10-11 17:33:13,639 [Listener at 0.0.0.0/34009] INFO  ha.SCMServiceManager (SCMServiceManager.java:register(42)) - Registering service ReplicationManager.
2022-10-11 17:33:13,639 [ReplicationMonitor] INFO  replication.ReplicationManager (ReplicationManager.java:processAll(291)) - Replication Manager is not ready to run until 3000ms after safemode exit
2022-10-11 17:33:13,639 [Listener at 0.0.0.0/34009] INFO  safemode.ContainerSafeModeRule (ContainerSafeModeRule.java:<init>(89)) - containers with one replica threshold count 0
2022-10-11 17:33:13,640 [Listener at 0.0.0.0/34009] INFO  safemode.HealthyPipelineSafeModeRule (HealthyPipelineSafeModeRule.java:initializeRule(169)) - Total pipeline count is 0, healthy pipeline threshold count is 1
2022-10-11 17:33:13,641 [Listener at 0.0.0.0/34009] INFO  safemode.OneReplicaPipelineSafeModeRule (OneReplicaPipelineSafeModeRule.java:initializeRule(180)) - Total pipeline count is 0, pipeline's with at least one datanode reported threshold count is 0
2022-10-11 17:33:13,644 [Listener at 0.0.0.0/34009] INFO  ipc.CallQueueManager (CallQueueManager.java:<init>(90)) - Using callQueue: class java.util.concurrent.LinkedBlockingQueue, queueCapacity: 2000, scheduler: class org.apache.hadoop.ipc.DefaultRpcScheduler, ipcBackoff: false.
2022-10-11 17:33:13,659 [Socket Reader #1 for port 44887] INFO  ipc.Server (Server.java:run(1265)) - Starting Socket Reader #1 for port 44887
2022-10-11 17:33:13,662 [Listener at 0.0.0.0/44887] INFO  ipc.CallQueueManager (CallQueueManager.java:<init>(90)) - Using callQueue: class java.util.concurrent.LinkedBlockingQueue, queueCapacity: 2000, scheduler: class org.apache.hadoop.ipc.DefaultRpcScheduler, ipcBackoff: false.
2022-10-11 17:33:13,664 [Socket Reader #1 for port 43519] INFO  ipc.Server (Server.java:run(1265)) - Starting Socket Reader #1 for port 43519
2022-10-11 17:33:13,666 [Listener at 0.0.0.0/43519] INFO  ipc.CallQueueManager (CallQueueManager.java:<init>(90)) - Using callQueue: class java.util.concurrent.LinkedBlockingQueue, queueCapacity: 2000, scheduler: class org.apache.hadoop.ipc.DefaultRpcScheduler, ipcBackoff: false.
2022-10-11 17:33:13,669 [Socket Reader #1 for port 34653] INFO  ipc.Server (Server.java:run(1265)) - Starting Socket Reader #1 for port 34653
2022-10-11 17:33:13,715 [Listener at 0.0.0.0/34653] INFO  ha.SCMServiceManager (SCMServiceManager.java:register(42)) - Registering service ContainerBalancer.
2022-10-11 17:33:13,715 [Listener at 0.0.0.0/34653] INFO  server.StorageContainerManager (StorageContainerManager.java:<init>(410)) - 
Container Balancer status:
Key                            Value
Running                        false
Container Balancer Configuration values:
Key                                                Value
Threshold                                          10
Max Datanodes to Involve per Iteration(percent)    20
Max Size to Move per Iteration                     500GB
Max Size Entering Target per Iteration             26GB
Max Size Leaving Source per Iteration              26GB

2022-10-11 17:33:13,715 [Listener at 0.0.0.0/34653] WARN  events.EventQueue (EventQueue.java:fireEvent(216)) - No event handler registered for event TypedEvent{payloadType=SafeModeStatus, name='Safe mode status'}
2022-10-11 17:33:13,716 [Listener at 0.0.0.0/34653] INFO  ha.SCMContext (SCMContext.java:updateSafeModeStatus(228)) - Update SafeModeStatus from SafeModeStatus{safeModeStatus=true, preCheckPassed=false} to SafeModeStatus{safeModeStatus=true, preCheckPassed=false}.
2022-10-11 17:33:13,717 [Listener at 0.0.0.0/34653] INFO  server.StorageContainerManager (StorageContainerManager.java:start(1436)) - StorageContainerLocationProtocol RPC server is listening at /0.0.0.0:34653
2022-10-11 17:33:13,717 [Listener at 0.0.0.0/34653] INFO  ha.SCMRatisServerImpl (SCMRatisServerImpl.java:start(178)) - starting ratis server 0.0.0.0:42091
2022-10-11 17:33:13,717 [fa895461-6123-4d7e-a25c-be7d0086d09c-impl-thread1] INFO  server.RaftServer$Division (RaftServerImpl.java:start(316)) - fa895461-6123-4d7e-a25c-be7d0086d09c@group-9ABC5033B6E0: start with initializing state, conf=-1: [], old=null
2022-10-11 17:33:13,718 [fa895461-6123-4d7e-a25c-be7d0086d09c-impl-thread1] INFO  server.RaftServer$Division (RaftServerImpl.java:setRole(299)) - fa895461-6123-4d7e-a25c-be7d0086d09c@group-9ABC5033B6E0: changes role from      null to FOLLOWER at term 0 for startInitializing
2022-10-11 17:33:13,718 [fa895461-6123-4d7e-a25c-be7d0086d09c-impl-thread1] INFO  util.JmxRegister (JmxRegister.java:tryRegister(44)) - Successfully registered JMX Bean with object name Ratis:service=RaftServer,group=group-9ABC5033B6E0,id=fa895461-6123-4d7e-a25c-be7d0086d09c
2022-10-11 17:33:13,721 [Listener at 0.0.0.0/34653] INFO  server.RaftServer (RaftServerProxy.java:lambda$start$6(382)) - fa895461-6123-4d7e-a25c-be7d0086d09c: start RPC server
2022-10-11 17:33:13,723 [Listener at 0.0.0.0/34653] INFO  server.GrpcService (GrpcService.java:startImpl(260)) - fa895461-6123-4d7e-a25c-be7d0086d09c: GrpcService started, listening on 42091
2022-10-11 17:33:13,727 [Listener at 0.0.0.0/34653] INFO  ha.SCMNodeInfo (SCMNodeInfo.java:getPort(197)) - ConfigKey ozone.scm.client.address is deprecated, For configuring different ports for each SCM use PortConfigKey ozone.scm.client.port appended with serviceId and nodeId
2022-10-11 17:33:13,728 [Listener at 0.0.0.0/34653] INFO  ha.SCMNodeInfo (SCMNodeInfo.java:getPort(197)) - ConfigKey ozone.scm.block.client.address is deprecated, For configuring different ports for each SCM use PortConfigKey ozone.scm.block.client.port appended with serviceId and nodeId
2022-10-11 17:33:13,728 [Listener at 0.0.0.0/34653] INFO  ha.SCMNodeInfo (SCMNodeInfo.java:getPort(197)) - ConfigKey ozone.scm.datanode.address is deprecated, For configuring different ports for each SCM use PortConfigKey ozone.scm.datanode.port appended with serviceId and nodeId
2022-10-11 17:33:13,728 [Listener at 0.0.0.0/34653] INFO  ha.SCMNodeInfo (SCMNodeInfo.java:getPort(197)) - ConfigKey ozone.scm.client.address is deprecated, For configuring different ports for each SCM use PortConfigKey ozone.scm.client.port appended with serviceId and nodeId
2022-10-11 17:33:13,728 [Listener at 0.0.0.0/34653] INFO  ha.SCMNodeInfo (SCMNodeInfo.java:getPort(197)) - ConfigKey ozone.scm.block.client.address is deprecated, For configuring different ports for each SCM use PortConfigKey ozone.scm.block.client.port appended with serviceId and nodeId
2022-10-11 17:33:13,728 [Listener at 0.0.0.0/34653] INFO  ha.SCMNodeInfo (SCMNodeInfo.java:getPort(197)) - ConfigKey ozone.scm.datanode.address is deprecated, For configuring different ports for each SCM use PortConfigKey ozone.scm.datanode.port appended with serviceId and nodeId
2022-10-11 17:33:13,728 [Listener at 0.0.0.0/34653] INFO  proxy.SCMBlockLocationFailoverProxyProvider (SCMBlockLocationFailoverProxyProvider.java:<init>(114)) - Created block location fail-over proxy with 2 nodes: [nodeId=scmNode-2,nodeAddress=/127.0.0.1:40463, nodeId=scmNode-1,nodeAddress=/127.0.0.1:43079]
2022-10-11 17:33:13,729 [org.apache.ratis.util.JvmPauseMonitor$$Lambda$519/1644506233@62a564a8] INFO  util.JvmPauseMonitor (JvmPauseMonitor.java:run(103)) - JvmPauseMonitor-fa895461-6123-4d7e-a25c-be7d0086d09c: Started
2022-10-11 17:33:13,739 [IPC Server handler 36 on default port 43079] INFO  ha.SCMRatisServerImpl (SCMRatisServerImpl.java:addSCM(298)) - eedbf36c-d765-4127-a253-f087b7af9e5f: Submitting SetConfiguration request to Ratis server with new SCM peers list: [26594dbf-7a18-4bd8-acec-1f08b91ad5e5|rpc:localhost:33821|priority:0, eedbf36c-d765-4127-a253-f087b7af9e5f|rpc:localhost:39163|admin:|client:|dataStream:|priority:0, fa895461-6123-4d7e-a25c-be7d0086d09c|rpc:localhost:42091|priority:0]
2022-10-11 17:33:13,740 [IPC Server handler 36 on default port 43079] INFO  server.RaftServer$Division (RaftServerImpl.java:setConfigurationAsync(1080)) - eedbf36c-d765-4127-a253-f087b7af9e5f@group-9ABC5033B6E0: receive setConfiguration SetConfigurationRequest:client-64A90A239213->eedbf36c-d765-4127-a253-f087b7af9e5f@group-9ABC5033B6E0, cid=1, seq=0, RW, null, peers:[26594dbf-7a18-4bd8-acec-1f08b91ad5e5|rpc:localhost:33821|priority:0, eedbf36c-d765-4127-a253-f087b7af9e5f|rpc:localhost:39163|admin:|client:|dataStream:|priority:0, fa895461-6123-4d7e-a25c-be7d0086d09c|rpc:localhost:42091|priority:0]
2022-10-11 17:33:13,740 [IPC Server handler 36 on default port 43079] INFO  server.RaftServer$Division (LeaderStateImpl.java:startSetConfiguration(368)) - eedbf36c-d765-4127-a253-f087b7af9e5f@group-9ABC5033B6E0-LeaderStateImpl: startSetConfiguration SetConfigurationRequest:client-64A90A239213->eedbf36c-d765-4127-a253-f087b7af9e5f@group-9ABC5033B6E0, cid=1, seq=0, RW, null, peers:[26594dbf-7a18-4bd8-acec-1f08b91ad5e5|rpc:localhost:33821|priority:0, eedbf36c-d765-4127-a253-f087b7af9e5f|rpc:localhost:39163|admin:|client:|dataStream:|priority:0, fa895461-6123-4d7e-a25c-be7d0086d09c|rpc:localhost:42091|priority:0]
2022-10-11 17:33:13,741 [IPC Server handler 36 on default port 43079] INFO  server.RaftServerConfigKeys (ConfUtils.java:logGet(46)) - raft.server.log.appender.snapshot.chunk.size.max = 16MB (=16777216) (default)
2022-10-11 17:33:13,741 [IPC Server handler 36 on default port 43079] INFO  server.RaftServerConfigKeys (ConfUtils.java:logGet(46)) - raft.server.log.appender.buffer.byte-limit = 33554432 (custom)
2022-10-11 17:33:13,741 [IPC Server handler 36 on default port 43079] INFO  server.RaftServerConfigKeys (ConfUtils.java:logGet(46)) - raft.server.log.appender.buffer.element-limit = 1024 (custom)
2022-10-11 17:33:13,742 [IPC Server handler 36 on default port 43079] INFO  grpc.GrpcConfigKeys (ConfUtils.java:logGet(46)) - raft.grpc.server.leader.outstanding.appends.max = 128 (default)
2022-10-11 17:33:13,742 [IPC Server handler 36 on default port 43079] INFO  server.RaftServerConfigKeys (ConfUtils.java:logGet(46)) - raft.server.rpc.request.timeout = 30000ms (custom)
2022-10-11 17:33:13,742 [IPC Server handler 36 on default port 43079] INFO  server.RaftServerConfigKeys (ConfUtils.java:logGet(46)) - raft.server.log.appender.install.snapshot.enabled = false (custom)
2022-10-11 17:33:13,743 [eedbf36c-d765-4127-a253-f087b7af9e5f@group-9ABC5033B6E0->fa895461-6123-4d7e-a25c-be7d0086d09c-GrpcLogAppender-LogAppenderDaemon] INFO  server.GrpcLogAppender (GrpcLogAppender.java:installSnapshot(541)) - eedbf36c-d765-4127-a253-f087b7af9e5f@group-9ABC5033B6E0->fa895461-6123-4d7e-a25c-be7d0086d09c-GrpcLogAppender: followerNextIndex = 0 but logStartIndex = 0, notify follower to install snapshot-(t:1, i:0)
2022-10-11 17:33:13,744 [eedbf36c-d765-4127-a253-f087b7af9e5f@group-9ABC5033B6E0->fa895461-6123-4d7e-a25c-be7d0086d09c-GrpcLogAppender-LogAppenderDaemon] INFO  server.GrpcLogAppender (GrpcLogAppender.java:installSnapshot(549)) - eedbf36c-d765-4127-a253-f087b7af9e5f@group-9ABC5033B6E0->fa895461-6123-4d7e-a25c-be7d0086d09c-GrpcLogAppender: send eedbf36c-d765-4127-a253-f087b7af9e5f->fa895461-6123-4d7e-a25c-be7d0086d09c#0-t2,notify:(t:1, i:0)
2022-10-11 17:33:13,765 [grpc-default-executor-2] INFO  impl.SnapshotInstallationHandler (SnapshotInstallationHandler.java:installSnapshot(84)) - fa895461-6123-4d7e-a25c-be7d0086d09c@group-9ABC5033B6E0: receive installSnapshot: eedbf36c-d765-4127-a253-f087b7af9e5f->fa895461-6123-4d7e-a25c-be7d0086d09c#0-t2,notify:(t:1, i:0)
2022-10-11 17:33:13,767 [grpc-default-executor-2] INFO  ha.SCMStateMachine (SCMStateMachine.java:notifyLeaderChanged(255)) - leader changed, yet current SCM is still follower.
2022-10-11 17:33:13,767 [grpc-default-executor-2] INFO  server.RaftServer$Division (ServerState.java:setLeader(287)) - fa895461-6123-4d7e-a25c-be7d0086d09c@group-9ABC5033B6E0: change Leader from null to eedbf36c-d765-4127-a253-f087b7af9e5f at term 2 for installSnapshot, leader elected after 228ms
2022-10-11 17:33:13,767 [grpc-default-executor-2] INFO  impl.SnapshotInstallationHandler (SnapshotInstallationHandler.java:notifyStateMachineToInstallSnapshot(215)) - fa895461-6123-4d7e-a25c-be7d0086d09c@group-9ABC5033B6E0: Received notification to install snapshot at index 0
2022-10-11 17:33:13,767 [grpc-default-executor-2] INFO  impl.SnapshotInstallationHandler (SnapshotInstallationHandler.java:notifyStateMachineToInstallSnapshot(224)) - fa895461-6123-4d7e-a25c-be7d0086d09c@group-9ABC5033B6E0: InstallSnapshot notification result: ALREADY_INSTALLED, current snapshot index: -1
2022-10-11 17:33:13,768 [grpc-default-executor-2] INFO  impl.SnapshotInstallationHandler (SnapshotInstallationHandler.java:installSnapshotImpl(129)) - fa895461-6123-4d7e-a25c-be7d0086d09c@group-9ABC5033B6E0: set new configuration index: 5
configurationEntry {
  peers {
    id: "26594dbf-7a18-4bd8-acec-1f08b91ad5e5"
    address: "localhost:33821"
  }
  peers {
    id: "eedbf36c-d765-4127-a253-f087b7af9e5f"
    address: "localhost:39163"
  }
}
 from snapshot
2022-10-11 17:33:13,768 [grpc-default-executor-2] INFO  server.RaftServer$Division (ServerState.java:setRaftConf(393)) - fa895461-6123-4d7e-a25c-be7d0086d09c@group-9ABC5033B6E0: set configuration 5: [26594dbf-7a18-4bd8-acec-1f08b91ad5e5|rpc:localhost:33821|admin:|client:|dataStream:|priority:0, eedbf36c-d765-4127-a253-f087b7af9e5f|rpc:localhost:39163|admin:|client:|dataStream:|priority:0], old=null
2022-10-11 17:33:13,769 [grpc-default-executor-2] INFO  impl.SnapshotInstallationHandler (SnapshotInstallationHandler.java:installSnapshot(95)) - fa895461-6123-4d7e-a25c-be7d0086d09c@group-9ABC5033B6E0: reply installSnapshot: eedbf36c-d765-4127-a253-f087b7af9e5f<-fa895461-6123-4d7e-a25c-be7d0086d09c#0:FAIL-t0,ALREADY_INSTALLED
2022-10-11 17:33:13,769 [grpc-default-executor-2] INFO  server.GrpcServerProtocolService (GrpcServerProtocolService.java:onCompleted(140)) - fa895461-6123-4d7e-a25c-be7d0086d09c: Completed INSTALL_SNAPSHOT, lastRequest: eedbf36c-d765-4127-a253-f087b7af9e5f->fa895461-6123-4d7e-a25c-be7d0086d09c#0-t2,notify:(t:1, i:0)
2022-10-11 17:33:13,773 [grpc-default-executor-2] INFO  server.GrpcLogAppender (GrpcLogAppender.java:onNext(403)) - eedbf36c-d765-4127-a253-f087b7af9e5f@group-9ABC5033B6E0->fa895461-6123-4d7e-a25c-be7d0086d09c-InstallSnapshotResponseHandler: received the first reply eedbf36c-d765-4127-a253-f087b7af9e5f<-fa895461-6123-4d7e-a25c-be7d0086d09c#0:FAIL-t0,ALREADY_INSTALLED
2022-10-11 17:33:13,773 [grpc-default-executor-2] INFO  server.GrpcLogAppender (GrpcLogAppender.java:onNext(426)) - eedbf36c-d765-4127-a253-f087b7af9e5f@group-9ABC5033B6E0->fa895461-6123-4d7e-a25c-be7d0086d09c-InstallSnapshotResponseHandler: Follower snapshot is already at index 0.
2022-10-11 17:33:13,773 [grpc-default-executor-2] INFO  leader.FollowerInfo (FollowerInfoImpl.java:lambda$new$0(48)) - eedbf36c-d765-4127-a253-f087b7af9e5f@group-9ABC5033B6E0->fa895461-6123-4d7e-a25c-be7d0086d09c: snapshotIndex: setUnconditionally 0 -> 0
2022-10-11 17:33:13,773 [grpc-default-executor-2] INFO  leader.FollowerInfo (FollowerInfoImpl.java:lambda$new$0(48)) - eedbf36c-d765-4127-a253-f087b7af9e5f@group-9ABC5033B6E0->fa895461-6123-4d7e-a25c-be7d0086d09c: matchIndex: setUnconditionally 0 -> 0
2022-10-11 17:33:13,774 [grpc-default-executor-2] INFO  leader.FollowerInfo (FollowerInfoImpl.java:lambda$new$0(48)) - eedbf36c-d765-4127-a253-f087b7af9e5f@group-9ABC5033B6E0->fa895461-6123-4d7e-a25c-be7d0086d09c: nextIndex: setUnconditionally 0 -> 1
2022-10-11 17:33:13,774 [grpc-default-executor-2] INFO  leader.FollowerInfo (FollowerInfoImpl.java:setAttemptedToInstallSnapshot(118)) - Follower eedbf36c-d765-4127-a253-f087b7af9e5f@group-9ABC5033B6E0->fa895461-6123-4d7e-a25c-be7d0086d09c acknowledged installing snapshot
2022-10-11 17:33:13,774 [grpc-default-executor-2] INFO  leader.FollowerInfo (FollowerInfoImpl.java:lambda$new$0(48)) - eedbf36c-d765-4127-a253-f087b7af9e5f@group-9ABC5033B6E0->fa895461-6123-4d7e-a25c-be7d0086d09c: nextIndex: updateToMax old=1, new=1, updated? false
2022-10-11 17:33:13,781 [fa895461-6123-4d7e-a25c-be7d0086d09c-server-thread1] INFO  impl.RoleInfo (RoleInfo.java:updateAndGet(139)) - fa895461-6123-4d7e-a25c-be7d0086d09c: start fa895461-6123-4d7e-a25c-be7d0086d09c@group-9ABC5033B6E0-FollowerState
2022-10-11 17:33:13,781 [fa895461-6123-4d7e-a25c-be7d0086d09c-server-thread1] INFO  server.RaftServer$Division (RaftServerImpl.java:checkInconsistentAppendEntries(1424)) - fa895461-6123-4d7e-a25c-be7d0086d09c@group-9ABC5033B6E0: Failed appendEntries as previous log entry ((t:1, i:0)) is not found
2022-10-11 17:33:13,782 [fa895461-6123-4d7e-a25c-be7d0086d09c-server-thread1] INFO  server.RaftServer$Division (RaftServerImpl.java:checkInconsistentAppendEntries(1394)) - fa895461-6123-4d7e-a25c-be7d0086d09c@group-9ABC5033B6E0: inconsistency entries. Reply:eedbf36c-d765-4127-a253-f087b7af9e5f<-fa895461-6123-4d7e-a25c-be7d0086d09c#0:FAIL-t2,INCONSISTENCY,nextIndex=0,followerCommit=-1
2022-10-11 17:33:13,794 [grpc-default-executor-0] INFO  leader.FollowerInfo (FollowerInfoImpl.java:lambda$new$0(48)) - eedbf36c-d765-4127-a253-f087b7af9e5f@group-9ABC5033B6E0->fa895461-6123-4d7e-a25c-be7d0086d09c: nextIndex: updateUnconditionally 7 -> 0
2022-10-11 17:33:13,795 [fa895461-6123-4d7e-a25c-be7d0086d09c-server-thread1] INFO  server.RaftServer$Division (RaftServerImpl.java:checkInconsistentAppendEntries(1424)) - fa895461-6123-4d7e-a25c-be7d0086d09c@group-9ABC5033B6E0: Failed appendEntries as previous log entry ((t:1, i:0)) is not found
2022-10-11 17:33:13,795 [fa895461-6123-4d7e-a25c-be7d0086d09c-server-thread1] INFO  server.RaftServer$Division (RaftServerImpl.java:checkInconsistentAppendEntries(1394)) - fa895461-6123-4d7e-a25c-be7d0086d09c@group-9ABC5033B6E0: inconsistency entries. Reply:eedbf36c-d765-4127-a253-f087b7af9e5f<-fa895461-6123-4d7e-a25c-be7d0086d09c#1:FAIL-t2,INCONSISTENCY,nextIndex=0,followerCommit=-1
2022-10-11 17:33:13,802 [fa895461-6123-4d7e-a25c-be7d0086d09c-server-thread1] INFO  server.RaftServer$Division (ServerState.java:setRaftConf(393)) - fa895461-6123-4d7e-a25c-be7d0086d09c@group-9ABC5033B6E0: set configuration 0: [eedbf36c-d765-4127-a253-f087b7af9e5f|rpc:localhost:39163|admin:|client:|dataStream:|priority:0], old=null
2022-10-11 17:33:13,803 [fa895461-6123-4d7e-a25c-be7d0086d09c-server-thread1] INFO  server.RaftServer$Division (ServerState.java:setRaftConf(393)) - fa895461-6123-4d7e-a25c-be7d0086d09c@group-9ABC5033B6E0: set configuration 1: [eedbf36c-d765-4127-a253-f087b7af9e5f|rpc:localhost:39163|admin:|client:|dataStream:|priority:0], old=null
2022-10-11 17:33:13,803 [fa895461-6123-4d7e-a25c-be7d0086d09c-server-thread1] INFO  server.RaftServer$Division (ServerState.java:setRaftConf(393)) - fa895461-6123-4d7e-a25c-be7d0086d09c@group-9ABC5033B6E0: set configuration 3: [26594dbf-7a18-4bd8-acec-1f08b91ad5e5|rpc:localhost:33821|admin:|client:|dataStream:|priority:0, eedbf36c-d765-4127-a253-f087b7af9e5f|rpc:localhost:39163|admin:|client:|dataStream:|priority:0], old=[eedbf36c-d765-4127-a253-f087b7af9e5f|rpc:localhost:39163|admin:|client:|dataStream:|priority:0]
2022-10-11 17:33:13,803 [fa895461-6123-4d7e-a25c-be7d0086d09c-server-thread1] INFO  server.RaftServer$Division (ServerState.java:setRaftConf(393)) - fa895461-6123-4d7e-a25c-be7d0086d09c@group-9ABC5033B6E0: set configuration 5: [26594dbf-7a18-4bd8-acec-1f08b91ad5e5|rpc:localhost:33821|admin:|client:|dataStream:|priority:0, eedbf36c-d765-4127-a253-f087b7af9e5f|rpc:localhost:39163|admin:|client:|dataStream:|priority:0], old=null
2022-10-11 17:33:13,803 [fa895461-6123-4d7e-a25c-be7d0086d09c-server-thread1] INFO  segmented.SegmentedRaftLogWorker (SegmentedRaftLogWorker.java:startLogSegment(425)) - fa895461-6123-4d7e-a25c-be7d0086d09c@group-9ABC5033B6E0-SegmentedRaftLogWorker: Starting segment from index:0
2022-10-11 17:33:13,804 [fa895461-6123-4d7e-a25c-be7d0086d09c-server-thread1] INFO  segmented.SegmentedRaftLogWorker (SegmentedRaftLogWorker.java:rollLogSegment(430)) - fa895461-6123-4d7e-a25c-be7d0086d09c@group-9ABC5033B6E0-SegmentedRaftLogWorker: Rolling segment log-0_0 to index:0
2022-10-11 17:33:13,807 [grpc-default-executor-2] INFO  leader.FollowerInfo (FollowerInfoImpl.java:lambda$new$0(48)) - eedbf36c-d765-4127-a253-f087b7af9e5f@group-9ABC5033B6E0->fa895461-6123-4d7e-a25c-be7d0086d09c: nextIndex: updateUnconditionally 7 -> 0
2022-10-11 17:33:13,818 [fa895461-6123-4d7e-a25c-be7d0086d09c-server-thread1] INFO  server.RaftServer$Division (ServerState.java:setRaftConf(393)) - fa895461-6123-4d7e-a25c-be7d0086d09c@group-9ABC5033B6E0: set configuration 0: [eedbf36c-d765-4127-a253-f087b7af9e5f|rpc:localhost:39163|admin:|client:|dataStream:|priority:0], old=null
2022-10-11 17:33:13,819 [fa895461-6123-4d7e-a25c-be7d0086d09c-server-thread1] INFO  server.RaftServer$Division (ServerState.java:setRaftConf(393)) - fa895461-6123-4d7e-a25c-be7d0086d09c@group-9ABC5033B6E0: set configuration 1: [eedbf36c-d765-4127-a253-f087b7af9e5f|rpc:localhost:39163|admin:|client:|dataStream:|priority:0], old=null
2022-10-11 17:33:13,819 [fa895461-6123-4d7e-a25c-be7d0086d09c-server-thread1] INFO  server.RaftServer$Division (ServerState.java:setRaftConf(393)) - fa895461-6123-4d7e-a25c-be7d0086d09c@group-9ABC5033B6E0: set configuration 3: [26594dbf-7a18-4bd8-acec-1f08b91ad5e5|rpc:localhost:33821|admin:|client:|dataStream:|priority:0, eedbf36c-d765-4127-a253-f087b7af9e5f|rpc:localhost:39163|admin:|client:|dataStream:|priority:0], old=[eedbf36c-d765-4127-a253-f087b7af9e5f|rpc:localhost:39163|admin:|client:|dataStream:|priority:0]
2022-10-11 17:33:13,819 [fa895461-6123-4d7e-a25c-be7d0086d09c-server-thread1] INFO  server.RaftServer$Division (ServerState.java:setRaftConf(393)) - fa895461-6123-4d7e-a25c-be7d0086d09c@group-9ABC5033B6E0: set configuration 5: [26594dbf-7a18-4bd8-acec-1f08b91ad5e5|rpc:localhost:33821|admin:|client:|dataStream:|priority:0, eedbf36c-d765-4127-a253-f087b7af9e5f|rpc:localhost:39163|admin:|client:|dataStream:|priority:0], old=null
2022-10-11 17:33:13,819 [fa895461-6123-4d7e-a25c-be7d0086d09c@group-9ABC5033B6E0-SegmentedRaftLogWorker] INFO  segmented.SegmentedRaftLogWorker (SegmentedRaftLogWorker.java:execute(629)) - fa895461-6123-4d7e-a25c-be7d0086d09c@group-9ABC5033B6E0-SegmentedRaftLogWorker: created new log segment /home/runner/work/ozone/ozone/hadoop-ozone/integration-test/target/test-dir/MiniOzoneClusterImpl-a53f0994-8d29-48d7-8b80-9abc5033b6e0/scmNode-3/scm-ha/a53f0994-8d29-48d7-8b80-9abc5033b6e0/current/log_inprogress_0
2022-10-11 17:33:13,839 [fa895461-6123-4d7e-a25c-be7d0086d09c@group-9ABC5033B6E0-SegmentedRaftLogWorker] INFO  segmented.SegmentedRaftLogWorker (SegmentedRaftLogWorker.java:execute(586)) - fa895461-6123-4d7e-a25c-be7d0086d09c@group-9ABC5033B6E0-SegmentedRaftLogWorker: Rolled log segment from /home/runner/work/ozone/ozone/hadoop-ozone/integration-test/target/test-dir/MiniOzoneClusterImpl-a53f0994-8d29-48d7-8b80-9abc5033b6e0/scmNode-3/scm-ha/a53f0994-8d29-48d7-8b80-9abc5033b6e0/current/log_inprogress_0 to /home/runner/work/ozone/ozone/hadoop-ozone/integration-test/target/test-dir/MiniOzoneClusterImpl-a53f0994-8d29-48d7-8b80-9abc5033b6e0/scmNode-3/scm-ha/a53f0994-8d29-48d7-8b80-9abc5033b6e0/current/log_0-0
2022-10-11 17:33:13,853 [fa895461-6123-4d7e-a25c-be7d0086d09c@group-9ABC5033B6E0-SegmentedRaftLogWorker] INFO  segmented.SegmentedRaftLogWorker (SegmentedRaftLogWorker.java:execute(629)) - fa895461-6123-4d7e-a25c-be7d0086d09c@group-9ABC5033B6E0-SegmentedRaftLogWorker: created new log segment /home/runner/work/ozone/ozone/hadoop-ozone/integration-test/target/test-dir/MiniOzoneClusterImpl-a53f0994-8d29-48d7-8b80-9abc5033b6e0/scmNode-3/scm-ha/a53f0994-8d29-48d7-8b80-9abc5033b6e0/current/log_inprogress_1
2022-10-11 17:33:13,861 [fa895461-6123-4d7e-a25c-be7d0086d09c@group-9ABC5033B6E0-StateMachineUpdater] INFO  safemode.HealthyPipelineSafeModeRule (HealthyPipelineSafeModeRule.java:initializeRule(165)) - Refreshed total pipeline count is 0, healthy pipeline threshold count is 1
2022-10-11 17:33:13,862 [fa895461-6123-4d7e-a25c-be7d0086d09c@group-9ABC5033B6E0-StateMachineUpdater] INFO  safemode.ContainerSafeModeRule (ContainerSafeModeRule.java:reInitializeRule(177)) - Refreshed one replica container threshold 0, currentThreshold 0
2022-10-11 17:33:13,862 [fa895461-6123-4d7e-a25c-be7d0086d09c@group-9ABC5033B6E0-StateMachineUpdater] INFO  safemode.OneReplicaPipelineSafeModeRule (OneReplicaPipelineSafeModeRule.java:initializeRule(176)) - Refreshed Total pipeline count is 0, pipeline's with at least one datanode reported threshold count is 0
2022-10-11 17:33:13,862 [fa895461-6123-4d7e-a25c-be7d0086d09c@group-9ABC5033B6E0-StateMachineUpdater] INFO  server.SCMDatanodeProtocolServer (SCMDatanodeProtocolServer.java:start(186)) - ScmDatanodeProtocol RPC server for DataNodes is listening at /0.0.0.0:44887
2022-10-11 17:33:13,867 [IPC Server listener on 44887] INFO  ipc.Server (Server.java:run(1344)) - IPC Server listener on 44887: starting
2022-10-11 17:33:13,867 [IPC Server Responder] INFO  ipc.Server (Server.java:run(1507)) - IPC Server Responder: starting
2022-10-11 17:33:13,878 [eedbf36c-d765-4127-a253-f087b7af9e5f@group-9ABC5033B6E0-LeaderStateImpl] INFO  server.RaftServer$Division (ServerState.java:setRaftConf(393)) - eedbf36c-d765-4127-a253-f087b7af9e5f@group-9ABC5033B6E0: set configuration 7: [fa895461-6123-4d7e-a25c-be7d0086d09c|rpc:localhost:42091|priority:0, 26594dbf-7a18-4bd8-acec-1f08b91ad5e5|rpc:localhost:33821|priority:0, eedbf36c-d765-4127-a253-f087b7af9e5f|rpc:localhost:39163|admin:|client:|dataStream:|priority:0], old=[26594dbf-7a18-4bd8-acec-1f08b91ad5e5|rpc:localhost:33821|priority:0, eedbf36c-d765-4127-a253-f087b7af9e5f|rpc:localhost:39163|admin:|client:|dataStream:|priority:0]
2022-10-11 17:33:13,884 [26594dbf-7a18-4bd8-acec-1f08b91ad5e5-server-thread1] INFO  server.RaftServer$Division (ServerState.java:setRaftConf(393)) - 26594dbf-7a18-4bd8-acec-1f08b91ad5e5@group-9ABC5033B6E0: set configuration 7: [fa895461-6123-4d7e-a25c-be7d0086d09c|rpc:localhost:42091|admin:|client:|dataStream:|priority:0, 26594dbf-7a18-4bd8-acec-1f08b91ad5e5|rpc:localhost:33821|admin:|client:|dataStream:|priority:0, eedbf36c-d765-4127-a253-f087b7af9e5f|rpc:localhost:39163|admin:|client:|dataStream:|priority:0], old=[26594dbf-7a18-4bd8-acec-1f08b91ad5e5|rpc:localhost:33821|admin:|client:|dataStream:|priority:0, eedbf36c-d765-4127-a253-f087b7af9e5f|rpc:localhost:39163|admin:|client:|dataStream:|priority:0]
2022-10-11 17:33:13,891 [fa895461-6123-4d7e-a25c-be7d0086d09c-server-thread1] INFO  server.RaftServer$Division (ServerState.java:setRaftConf(393)) - fa895461-6123-4d7e-a25c-be7d0086d09c@group-9ABC5033B6E0: set configuration 7: [fa895461-6123-4d7e-a25c-be7d0086d09c|rpc:localhost:42091|admin:|client:|dataStream:|priority:0, 26594dbf-7a18-4bd8-acec-1f08b91ad5e5|rpc:localhost:33821|admin:|client:|dataStream:|priority:0, eedbf36c-d765-4127-a253-f087b7af9e5f|rpc:localhost:39163|admin:|client:|dataStream:|priority:0], old=[26594dbf-7a18-4bd8-acec-1f08b91ad5e5|rpc:localhost:33821|admin:|client:|dataStream:|priority:0, eedbf36c-d765-4127-a253-f087b7af9e5f|rpc:localhost:39163|admin:|client:|dataStream:|priority:0]
2022-10-11 17:33:13,897 [eedbf36c-d765-4127-a253-f087b7af9e5f@group-9ABC5033B6E0-LeaderStateImpl] INFO  server.RaftServer$Division (ServerState.java:setRaftConf(393)) - eedbf36c-d765-4127-a253-f087b7af9e5f@group-9ABC5033B6E0: set configuration 9: [fa895461-6123-4d7e-a25c-be7d0086d09c|rpc:localhost:42091|priority:0, 26594dbf-7a18-4bd8-acec-1f08b91ad5e5|rpc:localhost:33821|priority:0, eedbf36c-d765-4127-a253-f087b7af9e5f|rpc:localhost:39163|admin:|client:|dataStream:|priority:0], old=null
2022-10-11 17:33:13,910 [fa895461-6123-4d7e-a25c-be7d0086d09c-server-thread1] INFO  server.RaftServer$Division (ServerState.java:setRaftConf(393)) - fa895461-6123-4d7e-a25c-be7d0086d09c@group-9ABC5033B6E0: set configuration 9: [fa895461-6123-4d7e-a25c-be7d0086d09c|rpc:localhost:42091|admin:|client:|dataStream:|priority:0, 26594dbf-7a18-4bd8-acec-1f08b91ad5e5|rpc:localhost:33821|admin:|client:|dataStream:|priority:0, eedbf36c-d765-4127-a253-f087b7af9e5f|rpc:localhost:39163|admin:|client:|dataStream:|priority:0], old=null
2022-10-11 17:33:13,911 [26594dbf-7a18-4bd8-acec-1f08b91ad5e5-server-thread1] INFO  server.RaftServer$Division (ServerState.java:setRaftConf(393)) - 26594dbf-7a18-4bd8-acec-1f08b91ad5e5@group-9ABC5033B6E0: set configuration 9: [fa895461-6123-4d7e-a25c-be7d0086d09c|rpc:localhost:42091|admin:|client:|dataStream:|priority:0, 26594dbf-7a18-4bd8-acec-1f08b91ad5e5|rpc:localhost:33821|admin:|client:|dataStream:|priority:0, eedbf36c-d765-4127-a253-f087b7af9e5f|rpc:localhost:39163|admin:|client:|dataStream:|priority:0], old=null
2022-10-11 17:33:13,918 [IPC Server handler 36 on default port 43079] INFO  ha.SCMRatisServerImpl (SCMRatisServerImpl.java:addSCM(309)) - Successfully added new SCM: fa895461-6123-4d7e-a25c-be7d0086d09c.
2022-10-11 17:33:13,926 [Listener at 0.0.0.0/34653] INFO  ha.SCMHAManagerImpl (SCMHAManagerImpl.java:start(117)) - Successfully added SCM scmNode-3 to group group-9ABC5033B6E0:[fa895461-6123-4d7e-a25c-be7d0086d09c|rpc:localhost:42091|admin:|client:|dataStream:|priority:0, 26594dbf-7a18-4bd8-acec-1f08b91ad5e5|rpc:localhost:33821|admin:|client:|dataStream:|priority:0, eedbf36c-d765-4127-a253-f087b7af9e5f|rpc:localhost:39163|admin:|client:|dataStream:|priority:0]
2022-10-11 17:33:13,935 [Listener at 0.0.0.0/34653] INFO  ha.InterSCMGrpcService (InterSCMGrpcProtocolService.java:start(94)) - Starting SCM Grpc Service at port 35965
2022-10-11 17:33:13,938 [Listener at 0.0.0.0/34653] INFO  impl.MetricsSystemImpl (MetricsSystemImpl.java:init(158)) - StorageContainerManager metrics system started (again)
2022-10-11 17:33:13,955 [Listener at 0.0.0.0/34653] INFO  server.SCMClientProtocolServer (SCMClientProtocolServer.java:start(170)) - RPC server for Client  is listening at /0.0.0.0:34653
2022-10-11 17:33:13,955 [IPC Server Responder] INFO  ipc.Server (Server.java:run(1507)) - IPC Server Responder: starting
2022-10-11 17:33:13,971 [Listener at 0.0.0.0/34653] INFO  server.StorageContainerManager (StorageContainerManager.java:start(1451)) - ScmBlockLocationProtocol RPC server is listening at /0.0.0.0:43519
2022-10-11 17:33:13,971 [Listener at 0.0.0.0/34653] INFO  server.SCMBlockProtocolServer (SCMBlockProtocolServer.java:start(152)) - RPC server for Block Protocol is listening at /0.0.0.0:43519
2022-10-11 17:33:13,972 [IPC Server Responder] INFO  ipc.Server (Server.java:run(1507)) - IPC Server Responder: starting
2022-10-11 17:33:13,972 [IPC Server listener on 43519] INFO  ipc.Server (Server.java:run(1344)) - IPC Server listener on 43519: starting
2022-10-11 17:33:13,976 [IPC Server listener on 34653] INFO  ipc.Server (Server.java:run(1344)) - IPC Server listener on 34653: starting
2022-10-11 17:33:13,982 [Listener at 0.0.0.0/34653] INFO  http.BaseHttpServer (BaseHttpServer.java:newHttpServer2BuilderForOzone(213)) - Starting Web-server for scm at: http://0.0.0.0:41181
2022-10-11 17:33:13,982 [Listener at 0.0.0.0/34653] INFO  http.BaseHttpServer (BaseHttpServer.java:<init>(108)) - Hadoop Security Enabled: false Ozone Security Enabled: false Ozone HTTP Security Enabled: false 
2022-10-11 17:33:13,982 [org.apache.hadoop.util.JvmPauseMonitor$Monitor@5c1f5ed0] INFO  util.JvmPauseMonitor (JvmPauseMonitor.java:run(188)) - Starting JVM pause monitor
2022-10-11 17:33:13,983 [Listener at 0.0.0.0/34653] INFO  server.AuthenticationFilter (AuthenticationFilter.java:constructSecretProvider(240)) - Unable to initialize FileSignerSecretProvider, falling back to use random secrets.
2022-10-11 17:33:13,985 [Listener at 0.0.0.0/34653] WARN  http.HttpRequestLog (HttpRequestLog.java:getRequestLog(103)) - Jetty request log can only be enabled using Log4j
2022-10-11 17:33:13,987 [Listener at 0.0.0.0/34653] INFO  http.HttpServer2 (HttpServer2.java:addGlobalFilter(1031)) - Added global filter 'safety' (class=org.apache.hadoop.hdds.server.http.HttpServer2$QuotingInputFilter)
2022-10-11 17:33:13,988 [Listener at 0.0.0.0/34653] INFO  http.HttpServer2 (HttpServer2.java:addFilter(1007)) - Added filter static_user_filter (class=org.apache.hadoop.http.lib.StaticUserWebFilter$StaticUserFilter) to context scm
2022-10-11 17:33:13,988 [Listener at 0.0.0.0/34653] INFO  http.HttpServer2 (HttpServer2.java:addFilter(1015)) - Added filter static_user_filter (class=org.apache.hadoop.http.lib.StaticUserWebFilter$StaticUserFilter) to context static
2022-10-11 17:33:13,988 [Listener at 0.0.0.0/34653] INFO  http.HttpServer2 (HttpServer2.java:addFilter(1015)) - Added filter static_user_filter (class=org.apache.hadoop.http.lib.StaticUserWebFilter$StaticUserFilter) to context logs
2022-10-11 17:33:13,990 [Listener at 0.0.0.0/34653] INFO  http.HttpServer2 (HttpServer2.java:bindListener(1250)) - Jetty bound to port 41181
2022-10-11 17:33:13,990 [Listener at 0.0.0.0/34653] INFO  server.Server (Server.java:doStart(375)) - jetty-9.4.43.v20210629; built: 2021-06-30T11:07:22.254Z; git: 526006ecfa3af7f1a27ef3a288e2bef7ea9dd7e8; jvm 1.8.0_345-b01
2022-10-11 17:33:14,002 [Listener at 0.0.0.0/34653] INFO  server.session (DefaultSessionIdManager.java:doStart(334)) - DefaultSessionIdManager workerName=node0
2022-10-11 17:33:14,002 [Listener at 0.0.0.0/34653] INFO  server.session (DefaultSessionIdManager.java:doStart(339)) - No SessionScavenger set, using defaults
2022-10-11 17:33:14,002 [Listener at 0.0.0.0/34653] INFO  server.session (HouseKeeper.java:startScavenging(132)) - node0 Scavenging every 660000ms
2022-10-11 17:33:14,003 [Listener at 0.0.0.0/34653] INFO  handler.ContextHandler (ContextHandler.java:doStart(915)) - Started o.e.j.s.ServletContextHandler@726a7312{logs,/logs,file:///home/runner/work/ozone/ozone/hadoop-ozone/integration-test/target/log,AVAILABLE}
2022-10-11 17:33:14,004 [Listener at 0.0.0.0/34653] INFO  handler.ContextHandler (ContextHandler.java:doStart(915)) - Started o.e.j.s.ServletContextHandler@43aeaf5c{static,/static,file:///home/runner/work/ozone/ozone/hadoop-ozone/integration-test/target/test-classes/webapps/static,AVAILABLE}
2022-10-11 17:33:14,009 [Listener at 0.0.0.0/34653] INFO  handler.ContextHandler (ContextHandler.java:doStart(915)) - Started o.e.j.w.WebAppContext@503ff12f{scm,/,file:///home/runner/work/ozone/ozone/hadoop-ozone/integration-test/target/test-classes/webapps/scm/,AVAILABLE}{file:/home/runner/work/ozone/ozone/hadoop-ozone/integration-test/target/test-classes/webapps/scm}
2022-10-11 17:33:14,011 [Listener at 0.0.0.0/34653] INFO  server.AbstractConnector (AbstractConnector.java:doStart(331)) - Started ServerConnector@25a65020{HTTP/1.1, (http/1.1)}{0.0.0.0:41181}
2022-10-11 17:33:14,011 [Listener at 0.0.0.0/34653] INFO  server.Server (Server.java:doStart(415)) - Started @19342ms
2022-10-11 17:33:14,011 [Listener at 0.0.0.0/34653] WARN  impl.MetricsSystemImpl (MetricsSystemImpl.java:register(279)) - Sink prometheus already exists!
2022-10-11 17:33:14,012 [Listener at 0.0.0.0/34653] INFO  http.BaseHttpServer (BaseHttpServer.java:updateConnectorAddress(333)) - HTTP server of scm listening at http://0.0.0.0:41181
2022-10-11 17:33:14,012 [Listener at 0.0.0.0/34653] INFO  ozone.MiniOzoneHAClusterImpl (MiniOzoneHAClusterImpl.java:createSCMService(606)) - Started SCM RPC server at /0.0.0.0:34653
2022-10-11 17:33:14,086 [Listener at 0.0.0.0/34653] INFO  audit.AuditLogger (AuditLogger.java:refreshDebugCmdSet(126)) - Refresh DebugCmdSet for OMAudit to [].
2022-10-11 17:33:14,190 [Listener at 0.0.0.0/34653] INFO  ha.OMHANodeDetails (OMHANodeDetails.java:loadOMHAConfig(121)) - ServiceID for OzoneManager is omServiceId1
2022-10-11 17:33:14,197 [Listener at 0.0.0.0/34653] INFO  ha.OMHANodeDetails (OMHANodeDetails.java:loadOMHAConfig(201)) - Found matching OM address with OMServiceId: omServiceId1, OMNodeId: omNode-1, RPC Address: localhost:39581 and Ratis port: 44389
2022-10-11 17:33:14,197 [Listener at 0.0.0.0/34653] INFO  ha.OMHANodeDetails (ConfUtils.java:setNodeSpecificConfigs(97)) - Setting configuration key ozone.om.http-address with value of key ozone.om.http-address.omServiceId1.omNode-1: 127.0.0.1:33815
2022-10-11 17:33:14,197 [Listener at 0.0.0.0/34653] INFO  ha.OMHANodeDetails (ConfUtils.java:setNodeSpecificConfigs(97)) - Setting configuration key ozone.om.https-address with value of key ozone.om.https-address.omServiceId1.omNode-1: 127.0.0.1:40675
2022-10-11 17:33:14,197 [Listener at 0.0.0.0/34653] INFO  ha.OMHANodeDetails (ConfUtils.java:setNodeSpecificConfigs(97)) - Setting configuration key ozone.om.address with value of key ozone.om.address.omServiceId1.omNode-1: 127.0.0.1:39581
2022-10-11 17:33:14,198 [Listener at 0.0.0.0/34653] WARN  server.ServerUtils (ServerUtils.java:getDBPath(225)) - ozone.om.db.dirs is not configured. We recommend adding this setting. Falling back to ozone.metadata.dirs instead.
2022-10-11 17:33:14,208 [Listener at 0.0.0.0/34653] INFO  ha.SCMNodeInfo (SCMNodeInfo.java:getPort(197)) - ConfigKey ozone.scm.client.address is deprecated, For configuring different ports for each SCM use PortConfigKey ozone.scm.client.port appended with serviceId and nodeId
2022-10-11 17:33:14,208 [Listener at 0.0.0.0/34653] INFO  ha.SCMNodeInfo (SCMNodeInfo.java:getPort(197)) - ConfigKey ozone.scm.block.client.address is deprecated, For configuring different ports for each SCM use PortConfigKey ozone.scm.block.client.port appended with serviceId and nodeId
2022-10-11 17:33:14,208 [Listener at 0.0.0.0/34653] INFO  ha.SCMNodeInfo (SCMNodeInfo.java:getPort(197)) - ConfigKey ozone.scm.datanode.address is deprecated, For configuring different ports for each SCM use PortConfigKey ozone.scm.datanode.port appended with serviceId and nodeId
2022-10-11 17:33:14,208 [Listener at 0.0.0.0/34653] INFO  ha.SCMNodeInfo (SCMNodeInfo.java:getPort(197)) - ConfigKey ozone.scm.client.address is deprecated, For configuring different ports for each SCM use PortConfigKey ozone.scm.client.port appended with serviceId and nodeId
2022-10-11 17:33:14,208 [Listener at 0.0.0.0/34653] INFO  ha.SCMNodeInfo (SCMNodeInfo.java:getPort(197)) - ConfigKey ozone.scm.block.client.address is deprecated, For configuring different ports for each SCM use PortConfigKey ozone.scm.block.client.port appended with serviceId and nodeId
2022-10-11 17:33:14,208 [Listener at 0.0.0.0/34653] INFO  ha.SCMNodeInfo (SCMNodeInfo.java:getPort(197)) - ConfigKey ozone.scm.datanode.address is deprecated, For configuring different ports for each SCM use PortConfigKey ozone.scm.datanode.port appended with serviceId and nodeId
2022-10-11 17:33:14,209 [Listener at 0.0.0.0/34653] INFO  ha.SCMNodeInfo (SCMNodeInfo.java:getPort(197)) - ConfigKey ozone.scm.client.address is deprecated, For configuring different ports for each SCM use PortConfigKey ozone.scm.client.port appended with serviceId and nodeId
2022-10-11 17:33:14,209 [Listener at 0.0.0.0/34653] INFO  ha.SCMNodeInfo (SCMNodeInfo.java:getPort(197)) - ConfigKey ozone.scm.block.client.address is deprecated, For configuring different ports for each SCM use PortConfigKey ozone.scm.block.client.port appended with serviceId and nodeId
2022-10-11 17:33:14,209 [Listener at 0.0.0.0/34653] INFO  ha.SCMNodeInfo (SCMNodeInfo.java:getPort(197)) - ConfigKey ozone.scm.datanode.address is deprecated, For configuring different ports for each SCM use PortConfigKey ozone.scm.datanode.port appended with serviceId and nodeId
2022-10-11 17:33:14,209 [Listener at 0.0.0.0/34653] INFO  proxy.SCMBlockLocationFailoverProxyProvider (SCMBlockLocationFailoverProxyProvider.java:<init>(114)) - Created block location fail-over proxy with 3 nodes: [nodeId=scmNode-2,nodeAddress=/127.0.0.1:40463, nodeId=scmNode-3,nodeAddress=/127.0.0.1:43519, nodeId=scmNode-1,nodeAddress=/127.0.0.1:43079]
OM initialization succeeded.Current cluster id for sd=/home/runner/work/ozone/ozone/hadoop-ozone/integration-test/target/test-dir/MiniOzoneClusterImpl-a53f0994-8d29-48d7-8b80-9abc5033b6e0/omNode-1/om;cid=a53f0994-8d29-48d7-8b80-9abc5033b6e0;layoutVersion=3
2022-10-11 17:33:14,221 [Listener at 0.0.0.0/34653] INFO  ha.OMHANodeDetails (OMHANodeDetails.java:loadOMHAConfig(121)) - ServiceID for OzoneManager is omServiceId1
2022-10-11 17:33:14,222 [Listener at 0.0.0.0/34653] INFO  ha.OMHANodeDetails (OMHANodeDetails.java:loadOMHAConfig(201)) - Found matching OM address with OMServiceId: omServiceId1, OMNodeId: omNode-1, RPC Address: localhost:39581 and Ratis port: 44389
2022-10-11 17:33:14,222 [Listener at 0.0.0.0/34653] INFO  ha.OMHANodeDetails (ConfUtils.java:setNodeSpecificConfigs(97)) - Setting configuration key ozone.om.http-address with value of key ozone.om.http-address.omServiceId1.omNode-1: 127.0.0.1:33815
2022-10-11 17:33:14,222 [Listener at 0.0.0.0/34653] INFO  ha.OMHANodeDetails (ConfUtils.java:setNodeSpecificConfigs(97)) - Setting configuration key ozone.om.https-address with value of key ozone.om.https-address.omServiceId1.omNode-1: 127.0.0.1:40675
2022-10-11 17:33:14,222 [Listener at 0.0.0.0/34653] INFO  ha.OMHANodeDetails (ConfUtils.java:setNodeSpecificConfigs(97)) - Setting configuration key ozone.om.address with value of key ozone.om.address.omServiceId1.omNode-1: 127.0.0.1:39581
2022-10-11 17:33:14,222 [Listener at 0.0.0.0/34653] WARN  server.ServerUtils (ServerUtils.java:getDBPath(225)) - ozone.om.db.dirs is not configured. We recommend adding this setting. Falling back to ozone.metadata.dirs instead.
2022-10-11 17:33:14,225 [Listener at 0.0.0.0/34653] INFO  upgrade.AbstractLayoutVersionManager (AbstractLayoutVersionManager.java:init(83)) - Initializing Layout version manager with metadata layout = MULTITENANCY_SCHEMA (version = 3), software layout = MULTITENANCY_SCHEMA (version = 3)
2022-10-11 17:33:14,360 [Listener at 0.0.0.0/34653] INFO  reflections.Reflections (Reflections.java:scan(232)) - Reflections took 129 ms to scan 2 urls, producing 154 keys and 428 values [using 2 cores]
2022-10-11 17:33:14,372 [Listener at 0.0.0.0/34653] INFO  upgrade.OMLayoutVersionManager (OMLayoutVersionManager.java:lambda$0(115)) - Skipping Upgrade Action MockOmUpgradeAction since it has been finalized.
2022-10-11 17:33:14,373 [Listener at 0.0.0.0/34653] WARN  server.ServerUtils (ServerUtils.java:getDBPath(225)) - ozone.om.db.dirs is not configured. We recommend adding this setting. Falling back to ozone.metadata.dirs instead.
2022-10-11 17:33:14,389 [Listener at 0.0.0.0/34653] INFO  ha.SCMNodeInfo (SCMNodeInfo.java:getPort(197)) - ConfigKey ozone.scm.client.address is deprecated, For configuring different ports for each SCM use PortConfigKey ozone.scm.client.port appended with serviceId and nodeId
2022-10-11 17:33:14,389 [Listener at 0.0.0.0/34653] INFO  ha.SCMNodeInfo (SCMNodeInfo.java:getPort(197)) - ConfigKey ozone.scm.block.client.address is deprecated, For configuring different ports for each SCM use PortConfigKey ozone.scm.block.client.port appended with serviceId and nodeId
2022-10-11 17:33:14,389 [Listener at 0.0.0.0/34653] INFO  ha.SCMNodeInfo (SCMNodeInfo.java:getPort(197)) - ConfigKey ozone.scm.datanode.address is deprecated, For configuring different ports for each SCM use PortConfigKey ozone.scm.datanode.port appended with serviceId and nodeId
2022-10-11 17:33:14,389 [Listener at 0.0.0.0/34653] INFO  ha.SCMNodeInfo (SCMNodeInfo.java:getPort(197)) - ConfigKey ozone.scm.client.address is deprecated, For configuring different ports for each SCM use PortConfigKey ozone.scm.client.port appended with serviceId and nodeId
2022-10-11 17:33:14,389 [Listener at 0.0.0.0/34653] INFO  ha.SCMNodeInfo (SCMNodeInfo.java:getPort(197)) - ConfigKey ozone.scm.block.client.address is deprecated, For configuring different ports for each SCM use PortConfigKey ozone.scm.block.client.port appended with serviceId and nodeId
2022-10-11 17:33:14,389 [Listener at 0.0.0.0/34653] INFO  ha.SCMNodeInfo (SCMNodeInfo.java:getPort(197)) - ConfigKey ozone.scm.datanode.address is deprecated, For configuring different ports for each SCM use PortConfigKey ozone.scm.datanode.port appended with serviceId and nodeId
2022-10-11 17:33:14,389 [Listener at 0.0.0.0/34653] INFO  ha.SCMNodeInfo (SCMNodeInfo.java:getPort(197)) - ConfigKey ozone.scm.client.address is deprecated, For configuring different ports for each SCM use PortConfigKey ozone.scm.client.port appended with serviceId and nodeId
2022-10-11 17:33:14,389 [Listener at 0.0.0.0/34653] INFO  ha.SCMNodeInfo (SCMNodeInfo.java:getPort(197)) - ConfigKey ozone.scm.block.client.address is deprecated, For configuring different ports for each SCM use PortConfigKey ozone.scm.block.client.port appended with serviceId and nodeId
2022-10-11 17:33:14,389 [Listener at 0.0.0.0/34653] INFO  ha.SCMNodeInfo (SCMNodeInfo.java:getPort(197)) - ConfigKey ozone.scm.datanode.address is deprecated, For configuring different ports for each SCM use PortConfigKey ozone.scm.datanode.port appended with serviceId and nodeId
2022-10-11 17:33:14,555 [Listener at 0.0.0.0/34653] INFO  ha.SCMNodeInfo (SCMNodeInfo.java:getPort(197)) - ConfigKey ozone.scm.client.address is deprecated, For configuring different ports for each SCM use PortConfigKey ozone.scm.client.port appended with serviceId and nodeId
2022-10-11 17:33:14,555 [Listener at 0.0.0.0/34653] INFO  ha.SCMNodeInfo (SCMNodeInfo.java:getPort(197)) - ConfigKey ozone.scm.block.client.address is deprecated, For configuring different ports for each SCM use PortConfigKey ozone.scm.block.client.port appended with serviceId and nodeId
2022-10-11 17:33:14,555 [Listener at 0.0.0.0/34653] INFO  ha.SCMNodeInfo (SCMNodeInfo.java:getPort(197)) - ConfigKey ozone.scm.datanode.address is deprecated, For configuring different ports for each SCM use PortConfigKey ozone.scm.datanode.port appended with serviceId and nodeId
2022-10-11 17:33:14,555 [Listener at 0.0.0.0/34653] INFO  ha.SCMNodeInfo (SCMNodeInfo.java:getPort(197)) - ConfigKey ozone.scm.client.address is deprecated, For configuring different ports for each SCM use PortConfigKey ozone.scm.client.port appended with serviceId and nodeId
2022-10-11 17:33:14,555 [Listener at 0.0.0.0/34653] INFO  ha.SCMNodeInfo (SCMNodeInfo.java:getPort(197)) - ConfigKey ozone.scm.block.client.address is deprecated, For configuring different ports for each SCM use PortConfigKey ozone.scm.block.client.port appended with serviceId and nodeId
2022-10-11 17:33:14,556 [Listener at 0.0.0.0/34653] INFO  ha.SCMNodeInfo (SCMNodeInfo.java:getPort(197)) - ConfigKey ozone.scm.datanode.address is deprecated, For configuring different ports for each SCM use PortConfigKey ozone.scm.datanode.port appended with serviceId and nodeId
2022-10-11 17:33:14,556 [Listener at 0.0.0.0/34653] INFO  ha.SCMNodeInfo (SCMNodeInfo.java:getPort(197)) - ConfigKey ozone.scm.client.address is deprecated, For configuring different ports for each SCM use PortConfigKey ozone.scm.client.port appended with serviceId and nodeId
2022-10-11 17:33:14,556 [Listener at 0.0.0.0/34653] INFO  ha.SCMNodeInfo (SCMNodeInfo.java:getPort(197)) - ConfigKey ozone.scm.block.client.address is deprecated, For configuring different ports for each SCM use PortConfigKey ozone.scm.block.client.port appended with serviceId and nodeId
2022-10-11 17:33:14,556 [Listener at 0.0.0.0/34653] INFO  ha.SCMNodeInfo (SCMNodeInfo.java:getPort(197)) - ConfigKey ozone.scm.datanode.address is deprecated, For configuring different ports for each SCM use PortConfigKey ozone.scm.datanode.port appended with serviceId and nodeId
2022-10-11 17:33:14,556 [Listener at 0.0.0.0/34653] INFO  proxy.SCMBlockLocationFailoverProxyProvider (SCMBlockLocationFailoverProxyProvider.java:<init>(114)) - Created block location fail-over proxy with 3 nodes: [nodeId=scmNode-2,nodeAddress=/127.0.0.1:40463, nodeId=scmNode-3,nodeAddress=/127.0.0.1:43519, nodeId=scmNode-1,nodeAddress=/127.0.0.1:43079]
2022-10-11 17:33:14,561 [Listener at 0.0.0.0/34653] INFO  ha.SCMNodeInfo (SCMNodeInfo.java:getPort(197)) - ConfigKey ozone.scm.client.address is deprecated, For configuring different ports for each SCM use PortConfigKey ozone.scm.client.port appended with serviceId and nodeId
2022-10-11 17:33:14,561 [Listener at 0.0.0.0/34653] INFO  ha.SCMNodeInfo (SCMNodeInfo.java:getPort(197)) - ConfigKey ozone.scm.block.client.address is deprecated, For configuring different ports for each SCM use PortConfigKey ozone.scm.block.client.port appended with serviceId and nodeId
2022-10-11 17:33:14,561 [Listener at 0.0.0.0/34653] INFO  ha.SCMNodeInfo (SCMNodeInfo.java:getPort(197)) - ConfigKey ozone.scm.datanode.address is deprecated, For configuring different ports for each SCM use PortConfigKey ozone.scm.datanode.port appended with serviceId and nodeId
2022-10-11 17:33:14,561 [Listener at 0.0.0.0/34653] INFO  ha.SCMNodeInfo (SCMNodeInfo.java:getPort(197)) - ConfigKey ozone.scm.client.address is deprecated, For configuring different ports for each SCM use PortConfigKey ozone.scm.client.port appended with serviceId and nodeId
2022-10-11 17:33:14,561 [Listener at 0.0.0.0/34653] INFO  ha.SCMNodeInfo (SCMNodeInfo.java:getPort(197)) - ConfigKey ozone.scm.block.client.address is deprecated, For configuring different ports for each SCM use PortConfigKey ozone.scm.block.client.port appended with serviceId and nodeId
2022-10-11 17:33:14,562 [Listener at 0.0.0.0/34653] INFO  ha.SCMNodeInfo (SCMNodeInfo.java:getPort(197)) - ConfigKey ozone.scm.datanode.address is deprecated, For configuring different ports for each SCM use PortConfigKey ozone.scm.datanode.port appended with serviceId and nodeId
2022-10-11 17:33:14,562 [Listener at 0.0.0.0/34653] INFO  ha.SCMNodeInfo (SCMNodeInfo.java:getPort(197)) - ConfigKey ozone.scm.client.address is deprecated, For configuring different ports for each SCM use PortConfigKey ozone.scm.client.port appended with serviceId and nodeId
2022-10-11 17:33:14,562 [Listener at 0.0.0.0/34653] INFO  ha.SCMNodeInfo (SCMNodeInfo.java:getPort(197)) - ConfigKey ozone.scm.block.client.address is deprecated, For configuring different ports for each SCM use PortConfigKey ozone.scm.block.client.port appended with serviceId and nodeId
2022-10-11 17:33:14,562 [Listener at 0.0.0.0/34653] INFO  ha.SCMNodeInfo (SCMNodeInfo.java:getPort(197)) - ConfigKey ozone.scm.datanode.address is deprecated, For configuring different ports for each SCM use PortConfigKey ozone.scm.datanode.port appended with serviceId and nodeId
2022-10-11 17:33:14,562 [Listener at 0.0.0.0/34653] INFO  proxy.SCMBlockLocationFailoverProxyProvider (SCMBlockLocationFailoverProxyProvider.java:<init>(114)) - Created block location fail-over proxy with 3 nodes: [nodeId=scmNode-2,nodeAddress=/127.0.0.1:40463, nodeId=scmNode-3,nodeAddress=/127.0.0.1:43519, nodeId=scmNode-1,nodeAddress=/127.0.0.1:43079]
2022-10-11 17:33:14,590 [Listener at 0.0.0.0/34653] WARN  server.ServerUtils (ServerUtils.java:getDBPath(225)) - ozone.om.db.dirs is not configured. We recommend adding this setting. Falling back to ozone.metadata.dirs instead.
2022-10-11 17:33:14,598 [Listener at 0.0.0.0/34653] INFO  codec.OmKeyInfoCodec (OmKeyInfoCodec.java:<init>(49)) - OmKeyInfoCodec ignorePipeline = true
2022-10-11 17:33:14,599 [Listener at 0.0.0.0/34653] INFO  codec.RepeatedOmKeyInfoCodec (RepeatedOmKeyInfoCodec.java:<init>(41)) - RepeatedOmKeyInfoCodec ignorePipeline = true
2022-10-11 17:33:14,820 [Listener at 0.0.0.0/34653] INFO  om.OzoneManager (OzoneManager.java:instantiateServices(712)) - S3 Multi-Tenancy is disabled
2022-10-11 17:33:14,928 [Listener at 0.0.0.0/34653] INFO  om.OzoneManager (OzoneManager.java:addS3GVolumeToDB(4388)) - Created Volume s3v With Owner runner required for S3Gateway operations.
2022-10-11 17:33:15,002 [Listener at 0.0.0.0/34653] WARN  server.ServerUtils (ServerUtils.java:getDefaultRatisDirectory(237)) - Storage directory for Ratis is not configured. It is a good idea to map this to an SSD disk. Falling back to ozone.metadata.dirs
2022-10-11 17:33:15,002 [Listener at 0.0.0.0/34653] WARN  utils.OzoneManagerRatisUtils (OzoneManagerRatisUtils.java:getOMRatisSnapshotDirectory(434)) - ozone.om.ratis.snapshot.dir is not configured. Falling back to ozone.metadata.dirs config
2022-10-11 17:33:15,008 [Listener at 0.0.0.0/34653] INFO  snapshot.OzoneManagerSnapshotProvider (OzoneManagerSnapshotProvider.java:<init>(76)) - Initializing OM Snapshot Provider
2022-10-11 17:33:15,157 [Listener at 0.0.0.0/34653] WARN  impl.MetricRegistriesImpl (MetricRegistriesImpl.java:addReporterRegistration(111)) - New reporters are added after registries were created. Some metrics will be missing from the reporter. Please add reporter before adding any new registry.
2022-10-11 17:33:15,157 [Listener at 0.0.0.0/34653] WARN  impl.MetricRegistriesImpl (MetricRegistriesImpl.java:addReporterRegistration(111)) - New reporters are added after registries were created. Some metrics will be missing from the reporter. Please add reporter before adding any new registry.
2022-10-11 17:33:15,157 [Listener at 0.0.0.0/34653] WARN  server.ServerUtils (ServerUtils.java:getDefaultRatisDirectory(237)) - Storage directory for Ratis is not configured. It is a good idea to map this to an SSD disk. Falling back to ozone.metadata.dirs
2022-10-11 17:33:15,160 [Listener at 0.0.0.0/34653] INFO  ratis.OzoneManagerRatisServer (OzoneManagerRatisServer.java:<init>(160)) - Instantiating OM Ratis server with groupID: omServiceId1 and peers: localhost:44389, localhost:39447, localhost:44407
2022-10-11 17:33:15,165 [Listener at 0.0.0.0/34653] INFO  ratis.OzoneManagerStateMachine (OzoneManagerStateMachine.java:loadSnapshotInfoFromDB(632)) - LastAppliedIndex is set from TransactionInfo from OM DB as (t:0, i:~)
2022-10-11 17:33:15,205 [Listener at 0.0.0.0/34653] INFO  server.RaftServer (ConfUtils.java:logGet(46)) - raft.rpc.type = GRPC (default)
2022-10-11 17:33:15,205 [Listener at 0.0.0.0/34653] INFO  grpc.GrpcFactory (GrpcFactory.java:checkPooledByteBufAllocatorUseCacheForAllThreads(48)) - PERFORMANCE WARNING: useCacheForAllThreads is true that may cause Netty to create a lot garbage objects and, as a result, trigger GC.
	It is recommended to disable useCacheForAllThreads by setting -Dorg.apache.ratis.thirdparty.io.netty.allocator.useCacheForAllThreads=false in command line.
2022-10-11 17:33:15,205 [Listener at 0.0.0.0/34653] INFO  grpc.GrpcConfigKeys (ConfUtils.java:logGet(46)) - raft.grpc.admin.port = -1 (default)
2022-10-11 17:33:15,205 [Listener at 0.0.0.0/34653] INFO  grpc.GrpcConfigKeys (ConfUtils.java:logGet(46)) - raft.grpc.server.port = 44389 (custom)
2022-10-11 17:33:15,206 [Listener at 0.0.0.0/34653] INFO  grpc.GrpcConfigKeys (ConfUtils.java:logGet(46)) - raft.grpc.client.port = -1 (default)
2022-10-11 17:33:15,206 [Listener at 0.0.0.0/34653] INFO  grpc.GrpcConfigKeys (ConfUtils.java:logGet(46)) - raft.grpc.server.port = 44389 (custom)
2022-10-11 17:33:15,206 [Listener at 0.0.0.0/34653] INFO  grpc.GrpcConfigKeys (ConfUtils.java:logGet(46)) - raft.grpc.server.port = 44389 (custom)
2022-10-11 17:33:15,206 [Listener at 0.0.0.0/34653] INFO  server.GrpcService (ConfUtils.java:logGet(46)) - raft.grpc.message.size.max = 33554432 (custom)
2022-10-11 17:33:15,206 [Listener at 0.0.0.0/34653] INFO  server.RaftServerConfigKeys (ConfUtils.java:logGet(46)) - raft.server.log.appender.buffer.byte-limit = 33554432 (custom)
2022-10-11 17:33:15,206 [Listener at 0.0.0.0/34653] INFO  server.GrpcService (ConfUtils.java:logGet(46)) - raft.grpc.flow.control.window = 1MB (=1048576) (default)
2022-10-11 17:33:15,206 [Listener at 0.0.0.0/34653] INFO  server.RaftServerConfigKeys (ConfUtils.java:logGet(46)) - raft.server.rpc.request.timeout = 3000ms (default)
2022-10-11 17:33:15,206 [Listener at 0.0.0.0/34653] INFO  grpc.GrpcConfigKeys (ConfUtils.java:logGet(46)) - raft.grpc.server.async.request.thread.pool.cached = true (default)
2022-10-11 17:33:15,207 [Listener at 0.0.0.0/34653] INFO  grpc.GrpcConfigKeys (ConfUtils.java:logGet(46)) - raft.grpc.server.async.request.thread.pool.size = 32 (default)
2022-10-11 17:33:15,208 [Listener at 0.0.0.0/34653] INFO  impl.DataStreamServerImpl (ConfUtils.java:logGet(46)) - raft.datastream.type = DISABLED (default)
2022-10-11 17:33:15,208 [Listener at 0.0.0.0/34653] INFO  server.RaftServerConfigKeys (ConfUtils.java:logGet(46)) - raft.server.threadpool.proxy.cached = true (default)
2022-10-11 17:33:15,208 [Listener at 0.0.0.0/34653] INFO  server.RaftServerConfigKeys (ConfUtils.java:logGet(46)) - raft.server.threadpool.proxy.size = 0 (default)
2022-10-11 17:33:15,208 [Listener at 0.0.0.0/34653] INFO  server.RaftServerConfigKeys (ConfUtils.java:logGet(46)) - raft.server.rpc.slowness.timeout = 2s (custom)
2022-10-11 17:33:15,208 [Listener at 0.0.0.0/34653] INFO  server.RaftServerConfigKeys (ConfUtils.java:logGet(46)) - raft.server.leaderelection.leader.step-down.wait-time = 10s (default)
2022-10-11 17:33:15,209 [Listener at 0.0.0.0/34653] INFO  server.RaftServerConfigKeys (ConfUtils.java:logGet(46)) - raft.server.storage.dir = [/home/runner/work/ozone/ozone/hadoop-ozone/integration-test/target/test-dir/MiniOzoneClusterImpl-a53f0994-8d29-48d7-8b80-9abc5033b6e0/omNode-1/ratis] (custom)
2022-10-11 17:33:15,213 [Listener at 0.0.0.0/34653] INFO  server.RaftServer (RaftServerProxy.java:addNew(96)) - omNode-1: addNew group-6C22E66A003A:[omNode-3|rpc:localhost:39447|priority:0, omNode-1|rpc:localhost:44389|priority:0, omNode-2|rpc:localhost:44407|priority:0] returns group-6C22E66A003A:java.util.concurrent.CompletableFuture@34aba1e1[Not completed]
2022-10-11 17:33:15,213 [Listener at 0.0.0.0/34653] INFO  om.OzoneManager (OzoneManager.java:initializeRatisServer(1979)) - OzoneManager Ratis server initialized at port 44389
2022-10-11 17:33:15,213 [pool-124-thread-1] INFO  server.RaftServer$Division (RaftServerImpl.java:<init>(190)) - omNode-1: new RaftServerImpl for group-6C22E66A003A:[omNode-3|rpc:localhost:39447|priority:0, omNode-1|rpc:localhost:44389|priority:0, omNode-2|rpc:localhost:44407|priority:0] with OzoneManagerStateMachine:uninitialized
2022-10-11 17:33:15,215 [pool-124-thread-1] INFO  server.RaftServerConfigKeys (ConfUtils.java:logGet(46)) - raft.server.rpc.timeout.min = 1s (custom)
2022-10-11 17:33:15,215 [pool-124-thread-1] INFO  server.RaftServerConfigKeys (ConfUtils.java:logGet(46)) - raft.server.rpc.timeout.max = 1200ms (custom)
2022-10-11 17:33:15,215 [pool-124-thread-1] INFO  server.RaftServerConfigKeys (ConfUtils.java:logGet(46)) - raft.server.rpc.sleep.time = 25ms (default)
2022-10-11 17:33:15,215 [pool-124-thread-1] INFO  server.RaftServerConfigKeys (ConfUtils.java:logGet(46)) - raft.server.rpc.slowness.timeout = 2s (custom)
2022-10-11 17:33:15,215 [pool-124-thread-1] INFO  server.RaftServerConfigKeys (ConfUtils.java:logGet(46)) - raft.server.leaderelection.leader.step-down.wait-time = 10s (default)
2022-10-11 17:33:15,215 [pool-124-thread-1] INFO  server.RaftServerConfigKeys (ConfUtils.java:logGet(46)) - raft.server.sleep.deviation.threshold = 300ms (default)
2022-10-11 17:33:15,215 [pool-124-thread-1] INFO  server.RaftServer$Division (ServerState.java:<init>(107)) - omNode-1@group-6C22E66A003A: ConfigurationManager, init=-1: [omNode-3|rpc:localhost:39447|priority:0, omNode-1|rpc:localhost:44389|priority:0, omNode-2|rpc:localhost:44407|priority:0], old=null, confs=<EMPTY_MAP>
2022-10-11 17:33:15,216 [pool-124-thread-1] INFO  server.RaftServerConfigKeys (ConfUtils.java:logGet(46)) - raft.server.storage.dir = [/home/runner/work/ozone/ozone/hadoop-ozone/integration-test/target/test-dir/MiniOzoneClusterImpl-a53f0994-8d29-48d7-8b80-9abc5033b6e0/omNode-1/ratis] (custom)
2022-10-11 17:33:15,216 [pool-124-thread-1] INFO  server.RaftServerConfigKeys (ConfUtils.java:logGet(46)) - raft.server.log.corruption.policy = EXCEPTION (default)
2022-10-11 17:33:15,216 [pool-124-thread-1] INFO  server.RaftServerConfigKeys (ConfUtils.java:logGet(46)) - raft.server.storage.free-space.min = 0MB (=0) (default)
2022-10-11 17:33:15,217 [pool-124-thread-1] INFO  storage.RaftStorageDirectory (RaftStorageDirectoryImpl.java:analyzeStorage(135)) - The storage directory /home/runner/work/ozone/ozone/hadoop-ozone/integration-test/target/test-dir/MiniOzoneClusterImpl-a53f0994-8d29-48d7-8b80-9abc5033b6e0/omNode-1/ratis/9c9825ce-8ba7-3ee6-a7c3-6c22e66a003a does not exist. Creating ...
2022-10-11 17:33:15,219 [pool-124-thread-1] INFO  storage.RaftStorageDirectory (RaftStorageDirectoryImpl.java:tryLock(230)) - Lock on /home/runner/work/ozone/ozone/hadoop-ozone/integration-test/target/test-dir/MiniOzoneClusterImpl-a53f0994-8d29-48d7-8b80-9abc5033b6e0/omNode-1/ratis/9c9825ce-8ba7-3ee6-a7c3-6c22e66a003a/in_use.lock acquired by nodename 23825@fv-az255-813
2022-10-11 17:33:15,221 [pool-124-thread-1] INFO  storage.RaftStorage (RaftStorageImpl.java:format(89)) - Storage directory /home/runner/work/ozone/ozone/hadoop-ozone/integration-test/target/test-dir/MiniOzoneClusterImpl-a53f0994-8d29-48d7-8b80-9abc5033b6e0/omNode-1/ratis/9c9825ce-8ba7-3ee6-a7c3-6c22e66a003a has been successfully formatted.
2022-10-11 17:33:15,227 [Listener at 0.0.0.0/34653] INFO  om.OzoneManager (OzoneManager.java:getRpcServer(1102)) - Creating RPC Server
2022-10-11 17:33:15,228 [pool-124-thread-1] INFO  server.RaftServerConfigKeys (ConfUtils.java:logGet(46)) - raft.server.notification.no-leader.timeout = 2s (custom)
2022-10-11 17:33:15,228 [pool-124-thread-1] INFO  server.RaftServerConfigKeys (ConfUtils.java:logGet(46)) - raft.server.log.use.memory = false (default)
2022-10-11 17:33:15,228 [pool-124-thread-1] INFO  server.RaftServerConfigKeys (ConfUtils.java:logGet(46)) - raft.server.log.purge.gap = 1000000 (custom)
2022-10-11 17:33:15,228 [pool-124-thread-1] INFO  server.RaftServerConfigKeys (ConfUtils.java:logGet(46)) - raft.server.log.appender.buffer.byte-limit = 33554432 (custom)
2022-10-11 17:33:15,229 [pool-124-thread-1] INFO  server.RaftServerConfigKeys (ConfUtils.java:logGet(46)) - raft.server.log.statemachine.data.read.timeout = 1000ms (default)
2022-10-11 17:33:15,229 [pool-124-thread-1] INFO  server.RaftServerConfigKeys (ConfUtils.java:logGet(46)) - raft.server.log.segment.size.max = 4194304 (custom)
2022-10-11 17:33:15,229 [pool-124-thread-1] INFO  server.RaftServerConfigKeys (ConfUtils.java:logGet(46)) - raft.server.log.segment.cache.num.max = 2 (custom)
2022-10-11 17:33:15,235 [pool-124-thread-1] INFO  server.RaftServerConfigKeys (ConfUtils.java:logGet(46)) - raft.server.log.segment.cache.size.max = 200MB (=209715200) (default)
2022-10-11 17:33:15,235 [pool-124-thread-1] INFO  segmented.SegmentedRaftLogWorker (SegmentedRaftLogWorker.java:<init>(187)) - new omNode-1@group-6C22E66A003A-SegmentedRaftLogWorker for RaftStorageImpl:Storage Directory /home/runner/work/ozone/ozone/hadoop-ozone/integration-test/target/test-dir/MiniOzoneClusterImpl-a53f0994-8d29-48d7-8b80-9abc5033b6e0/omNode-1/ratis/9c9825ce-8ba7-3ee6-a7c3-6c22e66a003a
2022-10-11 17:33:15,236 [pool-124-thread-1] INFO  server.RaftServerConfigKeys (ConfUtils.java:logGet(46)) - raft.server.log.queue.byte-limit = 64MB (=67108864) (default)
2022-10-11 17:33:15,236 [pool-124-thread-1] INFO  server.RaftServerConfigKeys (ConfUtils.java:logGet(46)) - raft.server.log.queue.element-limit = 4096 (default)
2022-10-11 17:33:15,236 [pool-124-thread-1] INFO  server.RaftServerConfigKeys (ConfUtils.java:logGet(46)) - raft.server.log.segment.size.max = 4194304 (custom)
2022-10-11 17:33:15,236 [pool-124-thread-1] INFO  server.RaftServerConfigKeys (ConfUtils.java:logGet(46)) - raft.server.log.preallocated.size = 4194304 (custom)
2022-10-11 17:33:15,236 [pool-124-thread-1] INFO  server.RaftServerConfigKeys (ConfUtils.java:logGet(46)) - raft.server.log.force.sync.num = 128 (default)
2022-10-11 17:33:15,236 [pool-124-thread-1] INFO  server.RaftServerConfigKeys (ConfUtils.java:logGet(46)) - raft.server.log.statemachine.data.sync = true (default)
2022-10-11 17:33:15,236 [pool-124-thread-1] INFO  server.RaftServerConfigKeys (ConfUtils.java:logGet(46)) - raft.server.log.statemachine.data.sync.timeout = 10s (default)
2022-10-11 17:33:15,236 [pool-124-thread-1] INFO  server.RaftServerConfigKeys (ConfUtils.java:logGet(46)) - raft.server.log.statemachine.data.sync.timeout.retry = -1 (default)
2022-10-11 17:33:15,238 [pool-124-thread-1] INFO  server.RaftServerConfigKeys (ConfUtils.java:logGet(46)) - raft.server.log.write.buffer.size = 64KB (=65536) (default)
2022-10-11 17:33:15,238 [pool-124-thread-1] INFO  server.RaftServerConfigKeys (ConfUtils.java:logGet(46)) - raft.server.log.unsafe-flush.enabled = false (default)
2022-10-11 17:33:15,238 [pool-124-thread-1] INFO  server.RaftServerConfigKeys (ConfUtils.java:logGet(46)) - raft.server.log.statemachine.data.caching.enabled = false (default)
2022-10-11 17:33:15,238 [pool-124-thread-1] INFO  segmented.SegmentedRaftLogWorker (SegmentedRaftLogWorker.java:lambda$new$0(135)) - omNode-1@group-6C22E66A003A-SegmentedRaftLogWorker: flushIndex: setUnconditionally 0 -> -1
2022-10-11 17:33:15,238 [pool-124-thread-1] INFO  segmented.SegmentedRaftLogWorker (SegmentedRaftLogWorker.java:lambda$new$0(135)) - omNode-1@group-6C22E66A003A-SegmentedRaftLogWorker: safeCacheEvictIndex: setUnconditionally 0 -> -1
2022-10-11 17:33:15,246 [pool-124-thread-1] INFO  server.RaftServerConfigKeys (ConfUtils.java:logGet(46)) - raft.server.snapshot.auto.trigger.enabled = true (custom)
2022-10-11 17:33:15,246 [pool-124-thread-1] INFO  server.RaftServerConfigKeys (ConfUtils.java:logGet(46)) - raft.server.snapshot.auto.trigger.threshold = 400000 (default)
2022-10-11 17:33:15,246 [pool-124-thread-1] INFO  server.RaftServerConfigKeys (ConfUtils.java:logGet(46)) - raft.server.snapshot.retention.file.num = -1 (default)
2022-10-11 17:33:15,246 [pool-124-thread-1] INFO  server.RaftServerConfigKeys (ConfUtils.java:logGet(46)) - raft.server.log.purge.upto.snapshot.index = true (custom)
2022-10-11 17:33:15,246 [pool-124-thread-1] INFO  server.RaftServerConfigKeys (ConfUtils.java:logGet(46)) - raft.server.retrycache.expirytime = 300s (custom)
2022-10-11 17:33:15,246 [pool-124-thread-1] INFO  server.RaftServerConfigKeys (ConfUtils.java:logGet(46)) - raft.server.retrycache.statistics.expirytime = 100μs (default)
2022-10-11 17:33:15,248 [pool-124-thread-1] INFO  server.RaftServerConfigKeys (ConfUtils.java:logGet(46)) - raft.server.log.appender.install.snapshot.enabled = false (custom)
2022-10-11 17:33:15,248 [pool-124-thread-1] INFO  server.RaftServerConfigKeys (ConfUtils.java:logGet(46)) - raft.server.threadpool.server.cached = true (default)
2022-10-11 17:33:15,248 [pool-124-thread-1] INFO  server.RaftServerConfigKeys (ConfUtils.java:logGet(46)) - raft.server.threadpool.server.size = 0 (default)
2022-10-11 17:33:15,248 [pool-124-thread-1] INFO  server.RaftServerConfigKeys (ConfUtils.java:logGet(46)) - raft.server.threadpool.client.cached = true (default)
2022-10-11 17:33:15,248 [pool-124-thread-1] INFO  server.RaftServerConfigKeys (ConfUtils.java:logGet(46)) - raft.server.threadpool.client.size = 0 (default)
2022-10-11 17:33:15,985 [Listener at 0.0.0.0/34653] INFO  reflections.Reflections (Reflections.java:scan(232)) - Reflections took 708 ms to scan 19 urls, producing 67 keys and 4227 values [using 2 cores]
2022-10-11 17:33:16,189 [Listener at 0.0.0.0/34653] INFO  ipc.CallQueueManager (CallQueueManager.java:<init>(90)) - Using callQueue: class java.util.concurrent.LinkedBlockingQueue, queueCapacity: 2000, scheduler: class org.apache.hadoop.ipc.DefaultRpcScheduler, ipcBackoff: false.
2022-10-11 17:33:16,190 [Socket Reader #1 for port 39581] INFO  ipc.Server (Server.java:run(1265)) - Starting Socket Reader #1 for port 39581
2022-10-11 17:33:16,220 [Listener at 127.0.0.1/39581] INFO  impl.MetricsSystemImpl (MetricsSystemImpl.java:init(158)) - OzoneManager metrics system started (again)
2022-10-11 17:33:16,232 [Listener at 127.0.0.1/39581] INFO  om.OzoneManager (OzoneManager.java:start(1486)) - OzoneManager RPC server is listening at localhost/127.0.0.1:39581
2022-10-11 17:33:16,232 [Listener at 127.0.0.1/39581] INFO  ratis.OzoneManagerRatisServer (OzoneManagerRatisServer.java:start(555)) - Starting OzoneManagerRatisServer omNode-1 at port 44389
2022-10-11 17:33:16,232 [omNode-1-impl-thread1] INFO  server.RaftServer$Division (RaftServerImpl.java:start(310)) - omNode-1@group-6C22E66A003A: start as a follower, conf=-1: [omNode-3|rpc:localhost:39447|priority:0, omNode-1|rpc:localhost:44389|priority:0, omNode-2|rpc:localhost:44407|priority:0], old=null
2022-10-11 17:33:16,232 [omNode-1-impl-thread1] INFO  server.RaftServer$Division (RaftServerImpl.java:setRole(299)) - omNode-1@group-6C22E66A003A: changes role from      null to FOLLOWER at term 0 for startAsFollower
2022-10-11 17:33:16,232 [omNode-1-impl-thread1] INFO  impl.RoleInfo (RoleInfo.java:updateAndGet(139)) - omNode-1: start omNode-1@group-6C22E66A003A-FollowerState
2022-10-11 17:33:16,235 [omNode-1-impl-thread1] INFO  util.JmxRegister (JmxRegister.java:tryRegister(44)) - Successfully registered JMX Bean with object name Ratis:service=RaftServer,group=group-6C22E66A003A,id=omNode-1
2022-10-11 17:33:16,239 [Listener at 127.0.0.1/39581] INFO  server.RaftServer (RaftServerProxy.java:lambda$start$6(382)) - omNode-1: start RPC server
2022-10-11 17:33:16,242 [Listener at 127.0.0.1/39581] INFO  server.GrpcService (GrpcService.java:startImpl(260)) - omNode-1: GrpcService started, listening on 44389
2022-10-11 17:33:16,243 [Listener at 127.0.0.1/39581] INFO  om.OzoneManager (OzoneManager.java:start(1502)) - Version File has different layout version (3) than OM DB (null). That is expected if this OM has never been finalized to a newer layout version.
2022-10-11 17:33:16,245 [org.apache.ratis.util.JvmPauseMonitor$$Lambda$519/1644506233@734f01ca] INFO  util.JvmPauseMonitor (JvmPauseMonitor.java:run(103)) - JvmPauseMonitor-omNode-1: Started
2022-10-11 17:33:16,262 [Listener at 127.0.0.1/39581] INFO  http.BaseHttpServer (BaseHttpServer.java:newHttpServer2BuilderForOzone(213)) - Starting Web-server for ozoneManager at: http://0.0.0.0:33815
2022-10-11 17:33:16,262 [Listener at 127.0.0.1/39581] INFO  http.BaseHttpServer (BaseHttpServer.java:<init>(108)) - Hadoop Security Enabled: false Ozone Security Enabled: false Ozone HTTP Security Enabled: false 
2022-10-11 17:33:16,264 [Listener at 127.0.0.1/39581] INFO  server.AuthenticationFilter (AuthenticationFilter.java:constructSecretProvider(240)) - Unable to initialize FileSignerSecretProvider, falling back to use random secrets.
2022-10-11 17:33:16,265 [Listener at 127.0.0.1/39581] WARN  http.HttpRequestLog (HttpRequestLog.java:getRequestLog(103)) - Jetty request log can only be enabled using Log4j
2022-10-11 17:33:16,266 [Listener at 127.0.0.1/39581] INFO  http.HttpServer2 (HttpServer2.java:addGlobalFilter(1031)) - Added global filter 'safety' (class=org.apache.hadoop.hdds.server.http.HttpServer2$QuotingInputFilter)
2022-10-11 17:33:16,267 [Listener at 127.0.0.1/39581] INFO  http.HttpServer2 (HttpServer2.java:addFilter(1007)) - Added filter static_user_filter (class=org.apache.hadoop.http.lib.StaticUserWebFilter$StaticUserFilter) to context ozoneManager
2022-10-11 17:33:16,267 [Listener at 127.0.0.1/39581] INFO  http.HttpServer2 (HttpServer2.java:addFilter(1015)) - Added filter static_user_filter (class=org.apache.hadoop.http.lib.StaticUserWebFilter$StaticUserFilter) to context static
2022-10-11 17:33:16,267 [Listener at 127.0.0.1/39581] INFO  http.HttpServer2 (HttpServer2.java:addFilter(1015)) - Added filter static_user_filter (class=org.apache.hadoop.http.lib.StaticUserWebFilter$StaticUserFilter) to context logs
2022-10-11 17:33:16,269 [Listener at 127.0.0.1/39581] INFO  http.HttpServer2 (HttpServer2.java:bindListener(1250)) - Jetty bound to port 33815
2022-10-11 17:33:16,269 [Listener at 127.0.0.1/39581] INFO  server.Server (Server.java:doStart(375)) - jetty-9.4.43.v20210629; built: 2021-06-30T11:07:22.254Z; git: 526006ecfa3af7f1a27ef3a288e2bef7ea9dd7e8; jvm 1.8.0_345-b01
2022-10-11 17:33:16,273 [Listener at 127.0.0.1/39581] INFO  server.session (DefaultSessionIdManager.java:doStart(334)) - DefaultSessionIdManager workerName=node0
2022-10-11 17:33:16,273 [Listener at 127.0.0.1/39581] INFO  server.session (DefaultSessionIdManager.java:doStart(339)) - No SessionScavenger set, using defaults
2022-10-11 17:33:16,273 [Listener at 127.0.0.1/39581] INFO  server.session (HouseKeeper.java:startScavenging(132)) - node0 Scavenging every 600000ms
2022-10-11 17:33:16,274 [Listener at 127.0.0.1/39581] INFO  handler.ContextHandler (ContextHandler.java:doStart(915)) - Started o.e.j.s.ServletContextHandler@276623fb{logs,/logs,file:///home/runner/work/ozone/ozone/hadoop-ozone/integration-test/target/log,AVAILABLE}
2022-10-11 17:33:16,275 [Listener at 127.0.0.1/39581] INFO  handler.ContextHandler (ContextHandler.java:doStart(915)) - Started o.e.j.s.ServletContextHandler@8741283{static,/static,file:///home/runner/work/ozone/ozone/hadoop-ozone/integration-test/target/test-classes/webapps/static,AVAILABLE}
2022-10-11 17:33:16,283 [Listener at 127.0.0.1/39581] INFO  handler.ContextHandler (ContextHandler.java:doStart(915)) - Started o.e.j.w.WebAppContext@5ed7b86f{ozoneManager,/,file:///home/runner/work/ozone/ozone/hadoop-ozone/integration-test/target/test-classes/webapps/ozoneManager/,AVAILABLE}{file:/home/runner/work/ozone/ozone/hadoop-ozone/integration-test/target/test-classes/webapps/ozoneManager}
2022-10-11 17:33:16,285 [Listener at 127.0.0.1/39581] INFO  server.AbstractConnector (AbstractConnector.java:doStart(331)) - Started ServerConnector@275d3c5d{HTTP/1.1, (http/1.1)}{0.0.0.0:33815}
2022-10-11 17:33:16,285 [Listener at 127.0.0.1/39581] INFO  server.Server (Server.java:doStart(415)) - Started @21616ms
2022-10-11 17:33:16,285 [Listener at 127.0.0.1/39581] WARN  impl.MetricsSystemImpl (MetricsSystemImpl.java:register(279)) - Sink prometheus already exists!
2022-10-11 17:33:16,286 [Listener at 127.0.0.1/39581] INFO  http.BaseHttpServer (BaseHttpServer.java:updateConnectorAddress(333)) - HTTP server of ozoneManager listening at http://0.0.0.0:33815
2022-10-11 17:33:16,287 [IPC Server Responder] INFO  ipc.Server (Server.java:run(1507)) - IPC Server Responder: starting
2022-10-11 17:33:16,289 [IPC Server listener on 39581] INFO  ipc.Server (Server.java:run(1344)) - IPC Server listener on 39581: starting
2022-10-11 17:33:16,292 [Listener at 127.0.0.1/39581] INFO  om.OzoneManager (OzoneManager.java:startTrashEmptier(1923)) - Trash Interval set to 0. Files deleted won't move to trash
2022-10-11 17:33:16,293 [Listener at 127.0.0.1/39581] INFO  ozone.MiniOzoneHAClusterImpl (MiniOzoneHAClusterImpl.java:createOMService(527)) - Started OzoneManager omNode-1 RPC server at localhost/127.0.0.1:39581
2022-10-11 17:33:16,294 [Listener at 127.0.0.1/39581] INFO  ha.OMHANodeDetails (OMHANodeDetails.java:loadOMHAConfig(121)) - ServiceID for OzoneManager is omServiceId1
2022-10-11 17:33:16,295 [Listener at 127.0.0.1/39581] INFO  ha.OMHANodeDetails (OMHANodeDetails.java:loadOMHAConfig(201)) - Found matching OM address with OMServiceId: omServiceId1, OMNodeId: omNode-2, RPC Address: localhost:38391 and Ratis port: 44407
2022-10-11 17:33:16,295 [Listener at 127.0.0.1/39581] INFO  ha.OMHANodeDetails (ConfUtils.java:setNodeSpecificConfigs(97)) - Setting configuration key ozone.om.http-address with value of key ozone.om.http-address.omServiceId1.omNode-2: 127.0.0.1:43507
2022-10-11 17:33:16,295 [Listener at 127.0.0.1/39581] INFO  ha.OMHANodeDetails (ConfUtils.java:setNodeSpecificConfigs(97)) - Setting configuration key ozone.om.https-address with value of key ozone.om.https-address.omServiceId1.omNode-2: 127.0.0.1:34139
2022-10-11 17:33:16,295 [Listener at 127.0.0.1/39581] INFO  ha.OMHANodeDetails (ConfUtils.java:setNodeSpecificConfigs(97)) - Setting configuration key ozone.om.address with value of key ozone.om.address.omServiceId1.omNode-2: 127.0.0.1:38391
2022-10-11 17:33:16,295 [Listener at 127.0.0.1/39581] WARN  server.ServerUtils (ServerUtils.java:getDBPath(225)) - ozone.om.db.dirs is not configured. We recommend adding this setting. Falling back to ozone.metadata.dirs instead.
2022-10-11 17:33:16,305 [Listener at 127.0.0.1/39581] INFO  ha.SCMNodeInfo (SCMNodeInfo.java:getPort(197)) - ConfigKey ozone.scm.client.address is deprecated, For configuring different ports for each SCM use PortConfigKey ozone.scm.client.port appended with serviceId and nodeId
2022-10-11 17:33:16,305 [Listener at 127.0.0.1/39581] INFO  ha.SCMNodeInfo (SCMNodeInfo.java:getPort(197)) - ConfigKey ozone.scm.block.client.address is deprecated, For configuring different ports for each SCM use PortConfigKey ozone.scm.block.client.port appended with serviceId and nodeId
2022-10-11 17:33:16,306 [Listener at 127.0.0.1/39581] INFO  ha.SCMNodeInfo (SCMNodeInfo.java:getPort(197)) - ConfigKey ozone.scm.datanode.address is deprecated, For configuring different ports for each SCM use PortConfigKey ozone.scm.datanode.port appended with serviceId and nodeId
2022-10-11 17:33:16,306 [Listener at 127.0.0.1/39581] INFO  ha.SCMNodeInfo (SCMNodeInfo.java:getPort(197)) - ConfigKey ozone.scm.client.address is deprecated, For configuring different ports for each SCM use PortConfigKey ozone.scm.client.port appended with serviceId and nodeId
2022-10-11 17:33:16,306 [Listener at 127.0.0.1/39581] INFO  ha.SCMNodeInfo (SCMNodeInfo.java:getPort(197)) - ConfigKey ozone.scm.block.client.address is deprecated, For configuring different ports for each SCM use PortConfigKey ozone.scm.block.client.port appended with serviceId and nodeId
2022-10-11 17:33:16,306 [Listener at 127.0.0.1/39581] INFO  ha.SCMNodeInfo (SCMNodeInfo.java:getPort(197)) - ConfigKey ozone.scm.datanode.address is deprecated, For configuring different ports for each SCM use PortConfigKey ozone.scm.datanode.port appended with serviceId and nodeId
2022-10-11 17:33:16,306 [Listener at 127.0.0.1/39581] INFO  ha.SCMNodeInfo (SCMNodeInfo.java:getPort(197)) - ConfigKey ozone.scm.client.address is deprecated, For configuring different ports for each SCM use PortConfigKey ozone.scm.client.port appended with serviceId and nodeId
2022-10-11 17:33:16,306 [Listener at 127.0.0.1/39581] INFO  ha.SCMNodeInfo (SCMNodeInfo.java:getPort(197)) - ConfigKey ozone.scm.block.client.address is deprecated, For configuring different ports for each SCM use PortConfigKey ozone.scm.block.client.port appended with serviceId and nodeId
2022-10-11 17:33:16,306 [Listener at 127.0.0.1/39581] INFO  ha.SCMNodeInfo (SCMNodeInfo.java:getPort(197)) - ConfigKey ozone.scm.datanode.address is deprecated, For configuring different ports for each SCM use PortConfigKey ozone.scm.datanode.port appended with serviceId and nodeId
2022-10-11 17:33:16,306 [Listener at 127.0.0.1/39581] INFO  proxy.SCMBlockLocationFailoverProxyProvider (SCMBlockLocationFailoverProxyProvider.java:<init>(114)) - Created block location fail-over proxy with 3 nodes: [nodeId=scmNode-2,nodeAddress=/127.0.0.1:40463, nodeId=scmNode-3,nodeAddress=/127.0.0.1:43519, nodeId=scmNode-1,nodeAddress=/127.0.0.1:43079]
2022-10-11 17:33:16,309 [org.apache.hadoop.util.JvmPauseMonitor$Monitor@5feeba52] INFO  util.JvmPauseMonitor (JvmPauseMonitor.java:run(188)) - Starting JVM pause monitor
OM initialization succeeded.Current cluster id for sd=/home/runner/work/ozone/ozone/hadoop-ozone/integration-test/target/test-dir/MiniOzoneClusterImpl-a53f0994-8d29-48d7-8b80-9abc5033b6e0/omNode-2/om;cid=a53f0994-8d29-48d7-8b80-9abc5033b6e0;layoutVersion=3
2022-10-11 17:33:16,321 [Listener at 127.0.0.1/39581] INFO  ha.OMHANodeDetails (OMHANodeDetails.java:loadOMHAConfig(121)) - ServiceID for OzoneManager is omServiceId1
2022-10-11 17:33:16,321 [Listener at 127.0.0.1/39581] INFO  ha.OMHANodeDetails (OMHANodeDetails.java:loadOMHAConfig(201)) - Found matching OM address with OMServiceId: omServiceId1, OMNodeId: omNode-2, RPC Address: localhost:38391 and Ratis port: 44407
2022-10-11 17:33:16,322 [Listener at 127.0.0.1/39581] INFO  ha.OMHANodeDetails (ConfUtils.java:setNodeSpecificConfigs(97)) - Setting configuration key ozone.om.http-address with value of key ozone.om.http-address.omServiceId1.omNode-2: 127.0.0.1:43507
2022-10-11 17:33:16,322 [Listener at 127.0.0.1/39581] INFO  ha.OMHANodeDetails (ConfUtils.java:setNodeSpecificConfigs(97)) - Setting configuration key ozone.om.https-address with value of key ozone.om.https-address.omServiceId1.omNode-2: 127.0.0.1:34139
2022-10-11 17:33:16,322 [Listener at 127.0.0.1/39581] INFO  ha.OMHANodeDetails (ConfUtils.java:setNodeSpecificConfigs(97)) - Setting configuration key ozone.om.address with value of key ozone.om.address.omServiceId1.omNode-2: 127.0.0.1:38391
2022-10-11 17:33:16,322 [Listener at 127.0.0.1/39581] WARN  server.ServerUtils (ServerUtils.java:getDBPath(225)) - ozone.om.db.dirs is not configured. We recommend adding this setting. Falling back to ozone.metadata.dirs instead.
2022-10-11 17:33:16,322 [Listener at 127.0.0.1/39581] INFO  upgrade.AbstractLayoutVersionManager (AbstractLayoutVersionManager.java:init(83)) - Initializing Layout version manager with metadata layout = MULTITENANCY_SCHEMA (version = 3), software layout = MULTITENANCY_SCHEMA (version = 3)
2022-10-11 17:33:16,427 [Listener at 127.0.0.1/39581] INFO  reflections.Reflections (Reflections.java:scan(232)) - Reflections took 103 ms to scan 2 urls, producing 154 keys and 428 values [using 2 cores]
2022-10-11 17:33:16,427 [Listener at 127.0.0.1/39581] INFO  upgrade.OMLayoutVersionManager (OMLayoutVersionManager.java:lambda$0(115)) - Skipping Upgrade Action MockOmUpgradeAction since it has been finalized.
2022-10-11 17:33:16,427 [Listener at 127.0.0.1/39581] WARN  server.ServerUtils (ServerUtils.java:getDBPath(225)) - ozone.om.db.dirs is not configured. We recommend adding this setting. Falling back to ozone.metadata.dirs instead.
2022-10-11 17:33:16,428 [Listener at 127.0.0.1/39581] INFO  ha.SCMNodeInfo (SCMNodeInfo.java:getPort(197)) - ConfigKey ozone.scm.client.address is deprecated, For configuring different ports for each SCM use PortConfigKey ozone.scm.client.port appended with serviceId and nodeId
2022-10-11 17:33:16,428 [Listener at 127.0.0.1/39581] INFO  ha.SCMNodeInfo (SCMNodeInfo.java:getPort(197)) - ConfigKey ozone.scm.block.client.address is deprecated, For configuring different ports for each SCM use PortConfigKey ozone.scm.block.client.port appended with serviceId and nodeId
2022-10-11 17:33:16,428 [Listener at 127.0.0.1/39581] INFO  ha.SCMNodeInfo (SCMNodeInfo.java:getPort(197)) - ConfigKey ozone.scm.datanode.address is deprecated, For configuring different ports for each SCM use PortConfigKey ozone.scm.datanode.port appended with serviceId and nodeId
2022-10-11 17:33:16,428 [Listener at 127.0.0.1/39581] INFO  ha.SCMNodeInfo (SCMNodeInfo.java:getPort(197)) - ConfigKey ozone.scm.client.address is deprecated, For configuring different ports for each SCM use PortConfigKey ozone.scm.client.port appended with serviceId and nodeId
2022-10-11 17:33:16,428 [Listener at 127.0.0.1/39581] INFO  ha.SCMNodeInfo (SCMNodeInfo.java:getPort(197)) - ConfigKey ozone.scm.block.client.address is deprecated, For configuring different ports for each SCM use PortConfigKey ozone.scm.block.client.port appended with serviceId and nodeId
2022-10-11 17:33:16,428 [Listener at 127.0.0.1/39581] INFO  ha.SCMNodeInfo (SCMNodeInfo.java:getPort(197)) - ConfigKey ozone.scm.datanode.address is deprecated, For configuring different ports for each SCM use PortConfigKey ozone.scm.datanode.port appended with serviceId and nodeId
2022-10-11 17:33:16,429 [Listener at 127.0.0.1/39581] INFO  ha.SCMNodeInfo (SCMNodeInfo.java:getPort(197)) - ConfigKey ozone.scm.client.address is deprecated, For configuring different ports for each SCM use PortConfigKey ozone.scm.client.port appended with serviceId and nodeId
2022-10-11 17:33:16,429 [Listener at 127.0.0.1/39581] INFO  ha.SCMNodeInfo (SCMNodeInfo.java:getPort(197)) - ConfigKey ozone.scm.block.client.address is deprecated, For configuring different ports for each SCM use PortConfigKey ozone.scm.block.client.port appended with serviceId and nodeId
2022-10-11 17:33:16,429 [Listener at 127.0.0.1/39581] INFO  ha.SCMNodeInfo (SCMNodeInfo.java:getPort(197)) - ConfigKey ozone.scm.datanode.address is deprecated, For configuring different ports for each SCM use PortConfigKey ozone.scm.datanode.port appended with serviceId and nodeId
2022-10-11 17:33:16,429 [Listener at 127.0.0.1/39581] INFO  ha.SCMNodeInfo (SCMNodeInfo.java:getPort(197)) - ConfigKey ozone.scm.client.address is deprecated, For configuring different ports for each SCM use PortConfigKey ozone.scm.client.port appended with serviceId and nodeId
2022-10-11 17:33:16,429 [Listener at 127.0.0.1/39581] INFO  ha.SCMNodeInfo (SCMNodeInfo.java:getPort(197)) - ConfigKey ozone.scm.block.client.address is deprecated, For configuring different ports for each SCM use PortConfigKey ozone.scm.block.client.port appended with serviceId and nodeId
2022-10-11 17:33:16,429 [Listener at 127.0.0.1/39581] INFO  ha.SCMNodeInfo (SCMNodeInfo.java:getPort(197)) - ConfigKey ozone.scm.datanode.address is deprecated, For configuring different ports for each SCM use PortConfigKey ozone.scm.datanode.port appended with serviceId and nodeId
2022-10-11 17:33:16,430 [Listener at 127.0.0.1/39581] INFO  ha.SCMNodeInfo (SCMNodeInfo.java:getPort(197)) - ConfigKey ozone.scm.client.address is deprecated, For configuring different ports for each SCM use PortConfigKey ozone.scm.client.port appended with serviceId and nodeId
2022-10-11 17:33:16,430 [Listener at 127.0.0.1/39581] INFO  ha.SCMNodeInfo (SCMNodeInfo.java:getPort(197)) - ConfigKey ozone.scm.block.client.address is deprecated, For configuring different ports for each SCM use PortConfigKey ozone.scm.block.client.port appended with serviceId and nodeId
2022-10-11 17:33:16,430 [Listener at 127.0.0.1/39581] INFO  ha.SCMNodeInfo (SCMNodeInfo.java:getPort(197)) - ConfigKey ozone.scm.datanode.address is deprecated, For configuring different ports for each SCM use PortConfigKey ozone.scm.datanode.port appended with serviceId and nodeId
2022-10-11 17:33:16,430 [Listener at 127.0.0.1/39581] INFO  ha.SCMNodeInfo (SCMNodeInfo.java:getPort(197)) - ConfigKey ozone.scm.client.address is deprecated, For configuring different ports for each SCM use PortConfigKey ozone.scm.client.port appended with serviceId and nodeId
2022-10-11 17:33:16,430 [Listener at 127.0.0.1/39581] INFO  ha.SCMNodeInfo (SCMNodeInfo.java:getPort(197)) - ConfigKey ozone.scm.block.client.address is deprecated, For configuring different ports for each SCM use PortConfigKey ozone.scm.block.client.port appended with serviceId and nodeId
2022-10-11 17:33:16,430 [Listener at 127.0.0.1/39581] INFO  ha.SCMNodeInfo (SCMNodeInfo.java:getPort(197)) - ConfigKey ozone.scm.datanode.address is deprecated, For configuring different ports for each SCM use PortConfigKey ozone.scm.datanode.port appended with serviceId and nodeId
2022-10-11 17:33:16,430 [Listener at 127.0.0.1/39581] INFO  proxy.SCMBlockLocationFailoverProxyProvider (SCMBlockLocationFailoverProxyProvider.java:<init>(114)) - Created block location fail-over proxy with 3 nodes: [nodeId=scmNode-2,nodeAddress=/127.0.0.1:40463, nodeId=scmNode-3,nodeAddress=/127.0.0.1:43519, nodeId=scmNode-1,nodeAddress=/127.0.0.1:43079]
2022-10-11 17:33:16,432 [Listener at 127.0.0.1/39581] INFO  ha.SCMNodeInfo (SCMNodeInfo.java:getPort(197)) - ConfigKey ozone.scm.client.address is deprecated, For configuring different ports for each SCM use PortConfigKey ozone.scm.client.port appended with serviceId and nodeId
2022-10-11 17:33:16,432 [Listener at 127.0.0.1/39581] INFO  ha.SCMNodeInfo (SCMNodeInfo.java:getPort(197)) - ConfigKey ozone.scm.block.client.address is deprecated, For configuring different ports for each SCM use PortConfigKey ozone.scm.block.client.port appended with serviceId and nodeId
2022-10-11 17:33:16,432 [Listener at 127.0.0.1/39581] INFO  ha.SCMNodeInfo (SCMNodeInfo.java:getPort(197)) - ConfigKey ozone.scm.datanode.address is deprecated, For configuring different ports for each SCM use PortConfigKey ozone.scm.datanode.port appended with serviceId and nodeId
2022-10-11 17:33:16,432 [Listener at 127.0.0.1/39581] INFO  ha.SCMNodeInfo (SCMNodeInfo.java:getPort(197)) - ConfigKey ozone.scm.client.address is deprecated, For configuring different ports for each SCM use PortConfigKey ozone.scm.client.port appended with serviceId and nodeId
2022-10-11 17:33:16,432 [Listener at 127.0.0.1/39581] INFO  ha.SCMNodeInfo (SCMNodeInfo.java:getPort(197)) - ConfigKey ozone.scm.block.client.address is deprecated, For configuring different ports for each SCM use PortConfigKey ozone.scm.block.client.port appended with serviceId and nodeId
2022-10-11 17:33:16,432 [Listener at 127.0.0.1/39581] INFO  ha.SCMNodeInfo (SCMNodeInfo.java:getPort(197)) - ConfigKey ozone.scm.datanode.address is deprecated, For configuring different ports for each SCM use PortConfigKey ozone.scm.datanode.port appended with serviceId and nodeId
2022-10-11 17:33:16,432 [Listener at 127.0.0.1/39581] INFO  ha.SCMNodeInfo (SCMNodeInfo.java:getPort(197)) - ConfigKey ozone.scm.client.address is deprecated, For configuring different ports for each SCM use PortConfigKey ozone.scm.client.port appended with serviceId and nodeId
2022-10-11 17:33:16,432 [Listener at 127.0.0.1/39581] INFO  ha.SCMNodeInfo (SCMNodeInfo.java:getPort(197)) - ConfigKey ozone.scm.block.client.address is deprecated, For configuring different ports for each SCM use PortConfigKey ozone.scm.block.client.port appended with serviceId and nodeId
2022-10-11 17:33:16,432 [Listener at 127.0.0.1/39581] INFO  ha.SCMNodeInfo (SCMNodeInfo.java:getPort(197)) - ConfigKey ozone.scm.datanode.address is deprecated, For configuring different ports for each SCM use PortConfigKey ozone.scm.datanode.port appended with serviceId and nodeId
2022-10-11 17:33:16,432 [Listener at 127.0.0.1/39581] INFO  proxy.SCMBlockLocationFailoverProxyProvider (SCMBlockLocationFailoverProxyProvider.java:<init>(114)) - Created block location fail-over proxy with 3 nodes: [nodeId=scmNode-2,nodeAddress=/127.0.0.1:40463, nodeId=scmNode-3,nodeAddress=/127.0.0.1:43519, nodeId=scmNode-1,nodeAddress=/127.0.0.1:43079]
2022-10-11 17:33:16,444 [Listener at 127.0.0.1/39581] WARN  server.ServerUtils (ServerUtils.java:getDBPath(225)) - ozone.om.db.dirs is not configured. We recommend adding this setting. Falling back to ozone.metadata.dirs instead.
2022-10-11 17:33:16,444 [Listener at 127.0.0.1/39581] INFO  codec.OmKeyInfoCodec (OmKeyInfoCodec.java:<init>(49)) - OmKeyInfoCodec ignorePipeline = true
2022-10-11 17:33:16,444 [Listener at 127.0.0.1/39581] INFO  codec.RepeatedOmKeyInfoCodec (RepeatedOmKeyInfoCodec.java:<init>(41)) - RepeatedOmKeyInfoCodec ignorePipeline = true
2022-10-11 17:33:16,631 [Listener at 127.0.0.1/39581] INFO  om.OzoneManager (OzoneManager.java:instantiateServices(712)) - S3 Multi-Tenancy is disabled
2022-10-11 17:33:16,633 [Listener at 127.0.0.1/39581] INFO  om.OzoneManager (OzoneManager.java:addS3GVolumeToDB(4388)) - Created Volume s3v With Owner runner required for S3Gateway operations.
2022-10-11 17:33:16,633 [Listener at 127.0.0.1/39581] WARN  server.ServerUtils (ServerUtils.java:getDefaultRatisDirectory(237)) - Storage directory for Ratis is not configured. It is a good idea to map this to an SSD disk. Falling back to ozone.metadata.dirs
2022-10-11 17:33:16,634 [Listener at 127.0.0.1/39581] WARN  utils.OzoneManagerRatisUtils (OzoneManagerRatisUtils.java:getOMRatisSnapshotDirectory(434)) - ozone.om.ratis.snapshot.dir is not configured. Falling back to ozone.metadata.dirs config
2022-10-11 17:33:16,634 [Listener at 127.0.0.1/39581] INFO  snapshot.OzoneManagerSnapshotProvider (OzoneManagerSnapshotProvider.java:<init>(76)) - Initializing OM Snapshot Provider
2022-10-11 17:33:16,636 [Listener at 127.0.0.1/39581] WARN  impl.MetricRegistriesImpl (MetricRegistriesImpl.java:addReporterRegistration(111)) - New reporters are added after registries were created. Some metrics will be missing from the reporter. Please add reporter before adding any new registry.
2022-10-11 17:33:16,636 [Listener at 127.0.0.1/39581] WARN  impl.MetricRegistriesImpl (MetricRegistriesImpl.java:addReporterRegistration(111)) - New reporters are added after registries were created. Some metrics will be missing from the reporter. Please add reporter before adding any new registry.
2022-10-11 17:33:16,636 [Listener at 127.0.0.1/39581] WARN  server.ServerUtils (ServerUtils.java:getDefaultRatisDirectory(237)) - Storage directory for Ratis is not configured. It is a good idea to map this to an SSD disk. Falling back to ozone.metadata.dirs
2022-10-11 17:33:16,637 [Listener at 127.0.0.1/39581] INFO  ratis.OzoneManagerRatisServer (OzoneManagerRatisServer.java:<init>(160)) - Instantiating OM Ratis server with groupID: omServiceId1 and peers: localhost:44407, localhost:39447, localhost:44389
2022-10-11 17:33:16,638 [Listener at 127.0.0.1/39581] INFO  ratis.OzoneManagerStateMachine (OzoneManagerStateMachine.java:loadSnapshotInfoFromDB(632)) - LastAppliedIndex is set from TransactionInfo from OM DB as (t:0, i:~)
2022-10-11 17:33:16,643 [Listener at 127.0.0.1/39581] INFO  server.RaftServer (ConfUtils.java:logGet(46)) - raft.rpc.type = GRPC (default)
2022-10-11 17:33:16,644 [Listener at 127.0.0.1/39581] INFO  grpc.GrpcFactory (GrpcFactory.java:checkPooledByteBufAllocatorUseCacheForAllThreads(48)) - PERFORMANCE WARNING: useCacheForAllThreads is true that may cause Netty to create a lot garbage objects and, as a result, trigger GC.
	It is recommended to disable useCacheForAllThreads by setting -Dorg.apache.ratis.thirdparty.io.netty.allocator.useCacheForAllThreads=false in command line.
2022-10-11 17:33:16,644 [Listener at 127.0.0.1/39581] INFO  grpc.GrpcConfigKeys (ConfUtils.java:logGet(46)) - raft.grpc.admin.port = -1 (default)
2022-10-11 17:33:16,644 [Listener at 127.0.0.1/39581] INFO  grpc.GrpcConfigKeys (ConfUtils.java:logGet(46)) - raft.grpc.server.port = 44407 (custom)
2022-10-11 17:33:16,644 [Listener at 127.0.0.1/39581] INFO  grpc.GrpcConfigKeys (ConfUtils.java:logGet(46)) - raft.grpc.client.port = -1 (default)
2022-10-11 17:33:16,644 [Listener at 127.0.0.1/39581] INFO  grpc.GrpcConfigKeys (ConfUtils.java:logGet(46)) - raft.grpc.server.port = 44407 (custom)
2022-10-11 17:33:16,644 [Listener at 127.0.0.1/39581] INFO  grpc.GrpcConfigKeys (ConfUtils.java:logGet(46)) - raft.grpc.server.port = 44407 (custom)
2022-10-11 17:33:16,644 [Listener at 127.0.0.1/39581] INFO  server.GrpcService (ConfUtils.java:logGet(46)) - raft.grpc.message.size.max = 33554432 (custom)
2022-10-11 17:33:16,645 [Listener at 127.0.0.1/39581] INFO  server.RaftServerConfigKeys (ConfUtils.java:logGet(46)) - raft.server.log.appender.buffer.byte-limit = 33554432 (custom)
2022-10-11 17:33:16,645 [Listener at 127.0.0.1/39581] INFO  server.GrpcService (ConfUtils.java:logGet(46)) - raft.grpc.flow.control.window = 1MB (=1048576) (default)
2022-10-11 17:33:16,645 [Listener at 127.0.0.1/39581] INFO  server.RaftServerConfigKeys (ConfUtils.java:logGet(46)) - raft.server.rpc.request.timeout = 3000ms (default)
2022-10-11 17:33:16,645 [Listener at 127.0.0.1/39581] INFO  grpc.GrpcConfigKeys (ConfUtils.java:logGet(46)) - raft.grpc.server.async.request.thread.pool.cached = true (default)
2022-10-11 17:33:16,645 [Listener at 127.0.0.1/39581] INFO  grpc.GrpcConfigKeys (ConfUtils.java:logGet(46)) - raft.grpc.server.async.request.thread.pool.size = 32 (default)
2022-10-11 17:33:16,646 [Listener at 127.0.0.1/39581] INFO  impl.DataStreamServerImpl (ConfUtils.java:logGet(46)) - raft.datastream.type = DISABLED (default)
2022-10-11 17:33:16,646 [Listener at 127.0.0.1/39581] INFO  server.RaftServerConfigKeys (ConfUtils.java:logGet(46)) - raft.server.threadpool.proxy.cached = true (default)
2022-10-11 17:33:16,647 [Listener at 127.0.0.1/39581] INFO  server.RaftServerConfigKeys (ConfUtils.java:logGet(46)) - raft.server.threadpool.proxy.size = 0 (default)
2022-10-11 17:33:16,647 [Listener at 127.0.0.1/39581] INFO  server.RaftServerConfigKeys (ConfUtils.java:logGet(46)) - raft.server.rpc.slowness.timeout = 2s (custom)
2022-10-11 17:33:16,647 [Listener at 127.0.0.1/39581] INFO  server.RaftServerConfigKeys (ConfUtils.java:logGet(46)) - raft.server.leaderelection.leader.step-down.wait-time = 10s (default)
2022-10-11 17:33:16,647 [Listener at 127.0.0.1/39581] INFO  server.RaftServerConfigKeys (ConfUtils.java:logGet(46)) - raft.server.storage.dir = [/home/runner/work/ozone/ozone/hadoop-ozone/integration-test/target/test-dir/MiniOzoneClusterImpl-a53f0994-8d29-48d7-8b80-9abc5033b6e0/omNode-2/ratis] (custom)
2022-10-11 17:33:16,648 [Listener at 127.0.0.1/39581] INFO  server.RaftServer (RaftServerProxy.java:addNew(96)) - omNode-2: addNew group-6C22E66A003A:[omNode-3|rpc:localhost:39447|priority:0, omNode-1|rpc:localhost:44389|priority:0, omNode-2|rpc:localhost:44407|priority:0] returns group-6C22E66A003A:java.util.concurrent.CompletableFuture@2eb877c8[Not completed]
2022-10-11 17:33:16,648 [Listener at 127.0.0.1/39581] INFO  om.OzoneManager (OzoneManager.java:initializeRatisServer(1979)) - OzoneManager Ratis server initialized at port 44407
2022-10-11 17:33:16,650 [Listener at 127.0.0.1/39581] INFO  om.OzoneManager (OzoneManager.java:getRpcServer(1102)) - Creating RPC Server
2022-10-11 17:33:16,652 [pool-150-thread-1] INFO  server.RaftServer$Division (RaftServerImpl.java:<init>(190)) - omNode-2: new RaftServerImpl for group-6C22E66A003A:[omNode-3|rpc:localhost:39447|priority:0, omNode-1|rpc:localhost:44389|priority:0, omNode-2|rpc:localhost:44407|priority:0] with OzoneManagerStateMachine:uninitialized
2022-10-11 17:33:16,652 [pool-150-thread-1] INFO  server.RaftServerConfigKeys (ConfUtils.java:logGet(46)) - raft.server.rpc.timeout.min = 1s (custom)
2022-10-11 17:33:16,653 [pool-150-thread-1] INFO  server.RaftServerConfigKeys (ConfUtils.java:logGet(46)) - raft.server.rpc.timeout.max = 1200ms (custom)
2022-10-11 17:33:16,653 [pool-150-thread-1] INFO  server.RaftServerConfigKeys (ConfUtils.java:logGet(46)) - raft.server.rpc.sleep.time = 25ms (default)
2022-10-11 17:33:16,653 [pool-150-thread-1] INFO  server.RaftServerConfigKeys (ConfUtils.java:logGet(46)) - raft.server.rpc.slowness.timeout = 2s (custom)
2022-10-11 17:33:16,653 [pool-150-thread-1] INFO  server.RaftServerConfigKeys (ConfUtils.java:logGet(46)) - raft.server.leaderelection.leader.step-down.wait-time = 10s (default)
2022-10-11 17:33:16,653 [pool-150-thread-1] INFO  server.RaftServerConfigKeys (ConfUtils.java:logGet(46)) - raft.server.sleep.deviation.threshold = 300ms (default)
2022-10-11 17:33:16,653 [pool-150-thread-1] INFO  server.RaftServer$Division (ServerState.java:<init>(107)) - omNode-2@group-6C22E66A003A: ConfigurationManager, init=-1: [omNode-3|rpc:localhost:39447|priority:0, omNode-1|rpc:localhost:44389|priority:0, omNode-2|rpc:localhost:44407|priority:0], old=null, confs=<EMPTY_MAP>
2022-10-11 17:33:16,653 [pool-150-thread-1] INFO  server.RaftServerConfigKeys (ConfUtils.java:logGet(46)) - raft.server.storage.dir = [/home/runner/work/ozone/ozone/hadoop-ozone/integration-test/target/test-dir/MiniOzoneClusterImpl-a53f0994-8d29-48d7-8b80-9abc5033b6e0/omNode-2/ratis] (custom)
2022-10-11 17:33:16,653 [pool-150-thread-1] INFO  server.RaftServerConfigKeys (ConfUtils.java:logGet(46)) - raft.server.log.corruption.policy = EXCEPTION (default)
2022-10-11 17:33:16,653 [pool-150-thread-1] INFO  server.RaftServerConfigKeys (ConfUtils.java:logGet(46)) - raft.server.storage.free-space.min = 0MB (=0) (default)
2022-10-11 17:33:16,654 [pool-150-thread-1] INFO  storage.RaftStorageDirectory (RaftStorageDirectoryImpl.java:analyzeStorage(135)) - The storage directory /home/runner/work/ozone/ozone/hadoop-ozone/integration-test/target/test-dir/MiniOzoneClusterImpl-a53f0994-8d29-48d7-8b80-9abc5033b6e0/omNode-2/ratis/9c9825ce-8ba7-3ee6-a7c3-6c22e66a003a does not exist. Creating ...
2022-10-11 17:33:16,655 [pool-150-thread-1] INFO  storage.RaftStorageDirectory (RaftStorageDirectoryImpl.java:tryLock(230)) - Lock on /home/runner/work/ozone/ozone/hadoop-ozone/integration-test/target/test-dir/MiniOzoneClusterImpl-a53f0994-8d29-48d7-8b80-9abc5033b6e0/omNode-2/ratis/9c9825ce-8ba7-3ee6-a7c3-6c22e66a003a/in_use.lock acquired by nodename 23825@fv-az255-813
2022-10-11 17:33:16,667 [pool-150-thread-1] INFO  storage.RaftStorage (RaftStorageImpl.java:format(89)) - Storage directory /home/runner/work/ozone/ozone/hadoop-ozone/integration-test/target/test-dir/MiniOzoneClusterImpl-a53f0994-8d29-48d7-8b80-9abc5033b6e0/omNode-2/ratis/9c9825ce-8ba7-3ee6-a7c3-6c22e66a003a has been successfully formatted.
2022-10-11 17:33:16,667 [pool-150-thread-1] INFO  server.RaftServerConfigKeys (ConfUtils.java:logGet(46)) - raft.server.notification.no-leader.timeout = 2s (custom)
2022-10-11 17:33:16,667 [pool-150-thread-1] INFO  server.RaftServerConfigKeys (ConfUtils.java:logGet(46)) - raft.server.log.use.memory = false (default)
2022-10-11 17:33:16,667 [pool-150-thread-1] INFO  server.RaftServerConfigKeys (ConfUtils.java:logGet(46)) - raft.server.log.purge.gap = 1000000 (custom)
2022-10-11 17:33:16,667 [pool-150-thread-1] INFO  server.RaftServerConfigKeys (ConfUtils.java:logGet(46)) - raft.server.log.appender.buffer.byte-limit = 33554432 (custom)
2022-10-11 17:33:16,667 [pool-150-thread-1] INFO  server.RaftServerConfigKeys (ConfUtils.java:logGet(46)) - raft.server.log.statemachine.data.read.timeout = 1000ms (default)
2022-10-11 17:33:16,668 [pool-150-thread-1] INFO  server.RaftServerConfigKeys (ConfUtils.java:logGet(46)) - raft.server.log.segment.size.max = 4194304 (custom)
2022-10-11 17:33:16,668 [pool-150-thread-1] INFO  server.RaftServerConfigKeys (ConfUtils.java:logGet(46)) - raft.server.log.segment.cache.num.max = 2 (custom)
2022-10-11 17:33:16,668 [pool-150-thread-1] INFO  server.RaftServerConfigKeys (ConfUtils.java:logGet(46)) - raft.server.log.segment.cache.size.max = 200MB (=209715200) (default)
2022-10-11 17:33:16,668 [pool-150-thread-1] INFO  segmented.SegmentedRaftLogWorker (SegmentedRaftLogWorker.java:<init>(187)) - new omNode-2@group-6C22E66A003A-SegmentedRaftLogWorker for RaftStorageImpl:Storage Directory /home/runner/work/ozone/ozone/hadoop-ozone/integration-test/target/test-dir/MiniOzoneClusterImpl-a53f0994-8d29-48d7-8b80-9abc5033b6e0/omNode-2/ratis/9c9825ce-8ba7-3ee6-a7c3-6c22e66a003a
2022-10-11 17:33:16,668 [pool-150-thread-1] INFO  server.RaftServerConfigKeys (ConfUtils.java:logGet(46)) - raft.server.log.queue.byte-limit = 64MB (=67108864) (default)
2022-10-11 17:33:16,668 [pool-150-thread-1] INFO  server.RaftServerConfigKeys (ConfUtils.java:logGet(46)) - raft.server.log.queue.element-limit = 4096 (default)
2022-10-11 17:33:16,669 [pool-150-thread-1] INFO  server.RaftServerConfigKeys (ConfUtils.java:logGet(46)) - raft.server.log.segment.size.max = 4194304 (custom)
2022-10-11 17:33:16,669 [pool-150-thread-1] INFO  server.RaftServerConfigKeys (ConfUtils.java:logGet(46)) - raft.server.log.preallocated.size = 4194304 (custom)
2022-10-11 17:33:16,669 [pool-150-thread-1] INFO  server.RaftServerConfigKeys (ConfUtils.java:logGet(46)) - raft.server.log.force.sync.num = 128 (default)
2022-10-11 17:33:16,669 [pool-150-thread-1] INFO  server.RaftServerConfigKeys (ConfUtils.java:logGet(46)) - raft.server.log.statemachine.data.sync = true (default)
2022-10-11 17:33:16,669 [pool-150-thread-1] INFO  server.RaftServerConfigKeys (ConfUtils.java:logGet(46)) - raft.server.log.statemachine.data.sync.timeout = 10s (default)
2022-10-11 17:33:16,669 [pool-150-thread-1] INFO  server.RaftServerConfigKeys (ConfUtils.java:logGet(46)) - raft.server.log.statemachine.data.sync.timeout.retry = -1 (default)
2022-10-11 17:33:16,674 [pool-150-thread-1] INFO  server.RaftServerConfigKeys (ConfUtils.java:logGet(46)) - raft.server.log.write.buffer.size = 64KB (=65536) (default)
2022-10-11 17:33:16,674 [pool-150-thread-1] INFO  server.RaftServerConfigKeys (ConfUtils.java:logGet(46)) - raft.server.log.unsafe-flush.enabled = false (default)
2022-10-11 17:33:16,674 [pool-150-thread-1] INFO  server.RaftServerConfigKeys (ConfUtils.java:logGet(46)) - raft.server.log.statemachine.data.caching.enabled = false (default)
2022-10-11 17:33:16,674 [pool-150-thread-1] INFO  segmented.SegmentedRaftLogWorker (SegmentedRaftLogWorker.java:lambda$new$0(135)) - omNode-2@group-6C22E66A003A-SegmentedRaftLogWorker: flushIndex: setUnconditionally 0 -> -1
2022-10-11 17:33:16,674 [pool-150-thread-1] INFO  segmented.SegmentedRaftLogWorker (SegmentedRaftLogWorker.java:lambda$new$0(135)) - omNode-2@group-6C22E66A003A-SegmentedRaftLogWorker: safeCacheEvictIndex: setUnconditionally 0 -> -1
2022-10-11 17:33:16,675 [pool-150-thread-1] INFO  server.RaftServerConfigKeys (ConfUtils.java:logGet(46)) - raft.server.snapshot.auto.trigger.enabled = true (custom)
2022-10-11 17:33:16,675 [pool-150-thread-1] INFO  server.RaftServerConfigKeys (ConfUtils.java:logGet(46)) - raft.server.snapshot.auto.trigger.threshold = 400000 (default)
2022-10-11 17:33:16,675 [pool-150-thread-1] INFO  server.RaftServerConfigKeys (ConfUtils.java:logGet(46)) - raft.server.snapshot.retention.file.num = -1 (default)
2022-10-11 17:33:16,675 [pool-150-thread-1] INFO  server.RaftServerConfigKeys (ConfUtils.java:logGet(46)) - raft.server.log.purge.upto.snapshot.index = true (custom)
2022-10-11 17:33:16,675 [pool-150-thread-1] INFO  server.RaftServerConfigKeys (ConfUtils.java:logGet(46)) - raft.server.retrycache.expirytime = 300s (custom)
2022-10-11 17:33:16,675 [pool-150-thread-1] INFO  server.RaftServerConfigKeys (ConfUtils.java:logGet(46)) - raft.server.retrycache.statistics.expirytime = 100μs (default)
2022-10-11 17:33:16,677 [pool-150-thread-1] INFO  server.RaftServerConfigKeys (ConfUtils.java:logGet(46)) - raft.server.log.appender.install.snapshot.enabled = false (custom)
2022-10-11 17:33:16,677 [pool-150-thread-1] INFO  server.RaftServerConfigKeys (ConfUtils.java:logGet(46)) - raft.server.threadpool.server.cached = true (default)
2022-10-11 17:33:16,677 [pool-150-thread-1] INFO  server.RaftServerConfigKeys (ConfUtils.java:logGet(46)) - raft.server.threadpool.server.size = 0 (default)
2022-10-11 17:33:16,677 [pool-150-thread-1] INFO  server.RaftServerConfigKeys (ConfUtils.java:logGet(46)) - raft.server.threadpool.client.cached = true (default)
2022-10-11 17:33:16,677 [pool-150-thread-1] INFO  server.RaftServerConfigKeys (ConfUtils.java:logGet(46)) - raft.server.threadpool.client.size = 0 (default)
2022-10-11 17:33:17,276 [omNode-1@group-6C22E66A003A-FollowerState] INFO  impl.FollowerState (FollowerState.java:run(143)) - omNode-1@group-6C22E66A003A-FollowerState: change to CANDIDATE, lastRpcElapsedTime:1044003016ns, electionTimeout:1037ms
2022-10-11 17:33:17,277 [omNode-1@group-6C22E66A003A-FollowerState] INFO  impl.RoleInfo (RoleInfo.java:shutdownFollowerState(110)) - omNode-1: shutdown omNode-1@group-6C22E66A003A-FollowerState
2022-10-11 17:33:17,277 [omNode-1@group-6C22E66A003A-FollowerState] INFO  server.RaftServer$Division (RaftServerImpl.java:setRole(299)) - omNode-1@group-6C22E66A003A: changes role from  FOLLOWER to CANDIDATE at term 0 for changeToCandidate
2022-10-11 17:33:17,280 [omNode-1@group-6C22E66A003A-FollowerState] INFO  server.RaftServerConfigKeys (ConfUtils.java:logGet(46)) - raft.server.leaderelection.pre-vote = false (custom)
2022-10-11 17:33:17,280 [omNode-1@group-6C22E66A003A-FollowerState] INFO  impl.RoleInfo (RoleInfo.java:updateAndGet(139)) - omNode-1: start omNode-1@group-6C22E66A003A-LeaderElection3
2022-10-11 17:33:17,287 [omNode-1@group-6C22E66A003A-LeaderElection3] INFO  impl.LeaderElection (LeaderElection.java:askForVotes(310)) - omNode-1@group-6C22E66A003A-LeaderElection3 ELECTION round 0: submit vote requests at term 1 for -1: [omNode-3|rpc:localhost:39447|priority:0, omNode-1|rpc:localhost:44389|priority:0, omNode-2|rpc:localhost:44407|priority:0], old=null
2022-10-11 17:33:17,321 [omNode-1@group-6C22E66A003A-LeaderElection3] INFO  impl.LeaderElection (LogUtils.java:infoOrTrace(137)) - omNode-1@group-6C22E66A003A-LeaderElection3 got exception when requesting votes: java.util.concurrent.ExecutionException: org.apache.ratis.thirdparty.io.grpc.StatusRuntimeException: UNAVAILABLE: io exception
2022-10-11 17:33:17,333 [omNode-1@group-6C22E66A003A-LeaderElection3] INFO  impl.LeaderElection (LogUtils.java:infoOrTrace(137)) - omNode-1@group-6C22E66A003A-LeaderElection3 got exception when requesting votes: java.util.concurrent.ExecutionException: org.apache.ratis.thirdparty.io.grpc.StatusRuntimeException: UNAVAILABLE: io exception
2022-10-11 17:33:17,334 [omNode-1@group-6C22E66A003A-LeaderElection3] INFO  impl.LeaderElection (LeaderElection.java:logAndReturn(90)) - omNode-1@group-6C22E66A003A-LeaderElection3: ELECTION REJECTED received 0 response(s) and 2 exception(s):
2022-10-11 17:33:17,334 [omNode-1@group-6C22E66A003A-LeaderElection3] INFO  impl.LeaderElection (LogUtils.java:infoOrTrace(137)) -   Exception 0: java.util.concurrent.ExecutionException: org.apache.ratis.thirdparty.io.grpc.StatusRuntimeException: UNAVAILABLE: io exception
2022-10-11 17:33:17,334 [omNode-1@group-6C22E66A003A-LeaderElection3] INFO  impl.LeaderElection (LogUtils.java:infoOrTrace(137)) -   Exception 1: java.util.concurrent.ExecutionException: org.apache.ratis.thirdparty.io.grpc.StatusRuntimeException: UNAVAILABLE: io exception
2022-10-11 17:33:17,334 [omNode-1@group-6C22E66A003A-LeaderElection3] INFO  impl.LeaderElection (LeaderElection.java:askForVotes(312)) - omNode-1@group-6C22E66A003A-LeaderElection3 ELECTION round 0: result REJECTED
2022-10-11 17:33:17,334 [omNode-1@group-6C22E66A003A-LeaderElection3] INFO  server.RaftServer$Division (RaftServerImpl.java:setRole(299)) - omNode-1@group-6C22E66A003A: changes role from CANDIDATE to FOLLOWER at term 1 for REJECTED
2022-10-11 17:33:17,334 [omNode-1@group-6C22E66A003A-LeaderElection3] INFO  impl.RoleInfo (RoleInfo.java:shutdownLeaderElection(130)) - omNode-1: shutdown omNode-1@group-6C22E66A003A-LeaderElection3
2022-10-11 17:33:17,335 [omNode-1@group-6C22E66A003A-LeaderElection3] INFO  impl.RoleInfo (RoleInfo.java:updateAndGet(139)) - omNode-1: start omNode-1@group-6C22E66A003A-FollowerState
2022-10-11 17:33:17,410 [Listener at 127.0.0.1/39581] INFO  reflections.Reflections (Reflections.java:scan(232)) - Reflections took 758 ms to scan 19 urls, producing 67 keys and 4227 values [using 2 cores]
2022-10-11 17:33:17,412 [Listener at 127.0.0.1/39581] INFO  ipc.CallQueueManager (CallQueueManager.java:<init>(90)) - Using callQueue: class java.util.concurrent.LinkedBlockingQueue, queueCapacity: 2000, scheduler: class org.apache.hadoop.ipc.DefaultRpcScheduler, ipcBackoff: false.
2022-10-11 17:33:17,415 [Socket Reader #1 for port 38391] INFO  ipc.Server (Server.java:run(1265)) - Starting Socket Reader #1 for port 38391
2022-10-11 17:33:17,450 [Listener at 127.0.0.1/38391] INFO  impl.MetricsSystemImpl (MetricsSystemImpl.java:init(158)) - OzoneManager metrics system started (again)
2022-10-11 17:33:17,462 [Listener at 127.0.0.1/38391] INFO  om.OzoneManager (OzoneManager.java:start(1486)) - OzoneManager RPC server is listening at localhost/127.0.0.1:38391
2022-10-11 17:33:17,462 [Listener at 127.0.0.1/38391] INFO  ratis.OzoneManagerRatisServer (OzoneManagerRatisServer.java:start(555)) - Starting OzoneManagerRatisServer omNode-2 at port 44407
2022-10-11 17:33:17,463 [omNode-2-impl-thread1] INFO  server.RaftServer$Division (RaftServerImpl.java:start(310)) - omNode-2@group-6C22E66A003A: start as a follower, conf=-1: [omNode-3|rpc:localhost:39447|priority:0, omNode-1|rpc:localhost:44389|priority:0, omNode-2|rpc:localhost:44407|priority:0], old=null
2022-10-11 17:33:17,463 [omNode-2-impl-thread1] INFO  server.RaftServer$Division (RaftServerImpl.java:setRole(299)) - omNode-2@group-6C22E66A003A: changes role from      null to FOLLOWER at term 0 for startAsFollower
2022-10-11 17:33:17,463 [omNode-2-impl-thread1] INFO  impl.RoleInfo (RoleInfo.java:updateAndGet(139)) - omNode-2: start omNode-2@group-6C22E66A003A-FollowerState
2022-10-11 17:33:17,463 [omNode-2-impl-thread1] INFO  util.JmxRegister (JmxRegister.java:tryRegister(44)) - Successfully registered JMX Bean with object name Ratis:service=RaftServer,group=group-6C22E66A003A,id=omNode-2
2022-10-11 17:33:17,470 [Listener at 127.0.0.1/38391] INFO  server.RaftServer (RaftServerProxy.java:lambda$start$6(382)) - omNode-2: start RPC server
2022-10-11 17:33:17,474 [Listener at 127.0.0.1/38391] INFO  server.GrpcService (GrpcService.java:startImpl(260)) - omNode-2: GrpcService started, listening on 44407
2022-10-11 17:33:17,474 [Listener at 127.0.0.1/38391] INFO  om.OzoneManager (OzoneManager.java:start(1502)) - Version File has different layout version (3) than OM DB (null). That is expected if this OM has never been finalized to a newer layout version.
2022-10-11 17:33:17,475 [org.apache.ratis.util.JvmPauseMonitor$$Lambda$519/1644506233@d8a71c1] INFO  util.JvmPauseMonitor (JvmPauseMonitor.java:run(103)) - JvmPauseMonitor-omNode-2: Started
2022-10-11 17:33:17,479 [Listener at 127.0.0.1/38391] INFO  http.BaseHttpServer (BaseHttpServer.java:newHttpServer2BuilderForOzone(213)) - Starting Web-server for ozoneManager at: http://0.0.0.0:43507
2022-10-11 17:33:17,479 [Listener at 127.0.0.1/38391] INFO  http.BaseHttpServer (BaseHttpServer.java:<init>(108)) - Hadoop Security Enabled: false Ozone Security Enabled: false Ozone HTTP Security Enabled: false 
2022-10-11 17:33:17,481 [Listener at 127.0.0.1/38391] INFO  server.AuthenticationFilter (AuthenticationFilter.java:constructSecretProvider(240)) - Unable to initialize FileSignerSecretProvider, falling back to use random secrets.
2022-10-11 17:33:17,483 [Listener at 127.0.0.1/38391] WARN  http.HttpRequestLog (HttpRequestLog.java:getRequestLog(103)) - Jetty request log can only be enabled using Log4j
2022-10-11 17:33:17,485 [Listener at 127.0.0.1/38391] INFO  http.HttpServer2 (HttpServer2.java:addGlobalFilter(1031)) - Added global filter 'safety' (class=org.apache.hadoop.hdds.server.http.HttpServer2$QuotingInputFilter)
2022-10-11 17:33:17,485 [Listener at 127.0.0.1/38391] INFO  http.HttpServer2 (HttpServer2.java:addFilter(1007)) - Added filter static_user_filter (class=org.apache.hadoop.http.lib.StaticUserWebFilter$StaticUserFilter) to context ozoneManager
2022-10-11 17:33:17,486 [Listener at 127.0.0.1/38391] INFO  http.HttpServer2 (HttpServer2.java:addFilter(1015)) - Added filter static_user_filter (class=org.apache.hadoop.http.lib.StaticUserWebFilter$StaticUserFilter) to context logs
2022-10-11 17:33:17,486 [Listener at 127.0.0.1/38391] INFO  http.HttpServer2 (HttpServer2.java:addFilter(1015)) - Added filter static_user_filter (class=org.apache.hadoop.http.lib.StaticUserWebFilter$StaticUserFilter) to context static
2022-10-11 17:33:17,488 [Listener at 127.0.0.1/38391] INFO  http.HttpServer2 (HttpServer2.java:bindListener(1250)) - Jetty bound to port 43507
2022-10-11 17:33:17,489 [Listener at 127.0.0.1/38391] INFO  server.Server (Server.java:doStart(375)) - jetty-9.4.43.v20210629; built: 2021-06-30T11:07:22.254Z; git: 526006ecfa3af7f1a27ef3a288e2bef7ea9dd7e8; jvm 1.8.0_345-b01
2022-10-11 17:33:17,491 [Listener at 127.0.0.1/38391] INFO  server.session (DefaultSessionIdManager.java:doStart(334)) - DefaultSessionIdManager workerName=node0
2022-10-11 17:33:17,491 [Listener at 127.0.0.1/38391] INFO  server.session (DefaultSessionIdManager.java:doStart(339)) - No SessionScavenger set, using defaults
2022-10-11 17:33:17,491 [Listener at 127.0.0.1/38391] INFO  server.session (HouseKeeper.java:startScavenging(132)) - node0 Scavenging every 600000ms
2022-10-11 17:33:17,492 [Listener at 127.0.0.1/38391] INFO  handler.ContextHandler (ContextHandler.java:doStart(915)) - Started o.e.j.s.ServletContextHandler@9518983{logs,/logs,file:///home/runner/work/ozone/ozone/hadoop-ozone/integration-test/target/log,AVAILABLE}
2022-10-11 17:33:17,492 [Listener at 127.0.0.1/38391] INFO  handler.ContextHandler (ContextHandler.java:doStart(915)) - Started o.e.j.s.ServletContextHandler@21d21ead{static,/static,file:///home/runner/work/ozone/ozone/hadoop-ozone/integration-test/target/test-classes/webapps/static,AVAILABLE}
2022-10-11 17:33:17,496 [Listener at 127.0.0.1/38391] INFO  handler.ContextHandler (ContextHandler.java:doStart(915)) - Started o.e.j.w.WebAppContext@114fabdf{ozoneManager,/,file:///home/runner/work/ozone/ozone/hadoop-ozone/integration-test/target/test-classes/webapps/ozoneManager/,AVAILABLE}{file:/home/runner/work/ozone/ozone/hadoop-ozone/integration-test/target/test-classes/webapps/ozoneManager}
2022-10-11 17:33:17,500 [Listener at 127.0.0.1/38391] INFO  server.AbstractConnector (AbstractConnector.java:doStart(331)) - Started ServerConnector@49ad1133{HTTP/1.1, (http/1.1)}{0.0.0.0:43507}
2022-10-11 17:33:17,500 [Listener at 127.0.0.1/38391] INFO  server.Server (Server.java:doStart(415)) - Started @22831ms
2022-10-11 17:33:17,500 [Listener at 127.0.0.1/38391] WARN  impl.MetricsSystemImpl (MetricsSystemImpl.java:register(279)) - Sink prometheus already exists!
2022-10-11 17:33:17,500 [Listener at 127.0.0.1/38391] INFO  http.BaseHttpServer (BaseHttpServer.java:updateConnectorAddress(333)) - HTTP server of ozoneManager listening at http://0.0.0.0:43507
2022-10-11 17:33:17,501 [IPC Server Responder] INFO  ipc.Server (Server.java:run(1507)) - IPC Server Responder: starting
2022-10-11 17:33:17,503 [IPC Server listener on 38391] INFO  ipc.Server (Server.java:run(1344)) - IPC Server listener on 38391: starting
2022-10-11 17:33:17,505 [Listener at 127.0.0.1/38391] INFO  om.OzoneManager (OzoneManager.java:startTrashEmptier(1923)) - Trash Interval set to 0. Files deleted won't move to trash
2022-10-11 17:33:17,506 [Listener at 127.0.0.1/38391] INFO  ozone.MiniOzoneHAClusterImpl (MiniOzoneHAClusterImpl.java:createOMService(527)) - Started OzoneManager omNode-2 RPC server at localhost/127.0.0.1:38391
2022-10-11 17:33:17,506 [Listener at 127.0.0.1/38391] INFO  ha.OMHANodeDetails (OMHANodeDetails.java:loadOMHAConfig(121)) - ServiceID for OzoneManager is omServiceId1
2022-10-11 17:33:17,508 [org.apache.hadoop.util.JvmPauseMonitor$Monitor@52230df6] INFO  util.JvmPauseMonitor (JvmPauseMonitor.java:run(188)) - Starting JVM pause monitor
2022-10-11 17:33:17,509 [Listener at 127.0.0.1/38391] INFO  ha.OMHANodeDetails (OMHANodeDetails.java:loadOMHAConfig(201)) - Found matching OM address with OMServiceId: omServiceId1, OMNodeId: omNode-3, RPC Address: localhost:46797 and Ratis port: 39447
2022-10-11 17:33:17,509 [Listener at 127.0.0.1/38391] INFO  ha.OMHANodeDetails (ConfUtils.java:setNodeSpecificConfigs(97)) - Setting configuration key ozone.om.http-address with value of key ozone.om.http-address.omServiceId1.omNode-3: 127.0.0.1:43301
2022-10-11 17:33:17,509 [Listener at 127.0.0.1/38391] INFO  ha.OMHANodeDetails (ConfUtils.java:setNodeSpecificConfigs(97)) - Setting configuration key ozone.om.https-address with value of key ozone.om.https-address.omServiceId1.omNode-3: 127.0.0.1:46685
2022-10-11 17:33:17,510 [Listener at 127.0.0.1/38391] INFO  ha.OMHANodeDetails (ConfUtils.java:setNodeSpecificConfigs(97)) - Setting configuration key ozone.om.address with value of key ozone.om.address.omServiceId1.omNode-3: 127.0.0.1:46797
2022-10-11 17:33:17,510 [Listener at 127.0.0.1/38391] WARN  server.ServerUtils (ServerUtils.java:getDBPath(225)) - ozone.om.db.dirs is not configured. We recommend adding this setting. Falling back to ozone.metadata.dirs instead.
2022-10-11 17:33:17,511 [Listener at 127.0.0.1/38391] INFO  ha.SCMNodeInfo (SCMNodeInfo.java:getPort(197)) - ConfigKey ozone.scm.client.address is deprecated, For configuring different ports for each SCM use PortConfigKey ozone.scm.client.port appended with serviceId and nodeId
2022-10-11 17:33:17,511 [Listener at 127.0.0.1/38391] INFO  ha.SCMNodeInfo (SCMNodeInfo.java:getPort(197)) - ConfigKey ozone.scm.block.client.address is deprecated, For configuring different ports for each SCM use PortConfigKey ozone.scm.block.client.port appended with serviceId and nodeId
2022-10-11 17:33:17,511 [Listener at 127.0.0.1/38391] INFO  ha.SCMNodeInfo (SCMNodeInfo.java:getPort(197)) - ConfigKey ozone.scm.datanode.address is deprecated, For configuring different ports for each SCM use PortConfigKey ozone.scm.datanode.port appended with serviceId and nodeId
2022-10-11 17:33:17,511 [Listener at 127.0.0.1/38391] INFO  ha.SCMNodeInfo (SCMNodeInfo.java:getPort(197)) - ConfigKey ozone.scm.client.address is deprecated, For configuring different ports for each SCM use PortConfigKey ozone.scm.client.port appended with serviceId and nodeId
2022-10-11 17:33:17,511 [Listener at 127.0.0.1/38391] INFO  ha.SCMNodeInfo (SCMNodeInfo.java:getPort(197)) - ConfigKey ozone.scm.block.client.address is deprecated, For configuring different ports for each SCM use PortConfigKey ozone.scm.block.client.port appended with serviceId and nodeId
2022-10-11 17:33:17,511 [Listener at 127.0.0.1/38391] INFO  ha.SCMNodeInfo (SCMNodeInfo.java:getPort(197)) - ConfigKey ozone.scm.datanode.address is deprecated, For configuring different ports for each SCM use PortConfigKey ozone.scm.datanode.port appended with serviceId and nodeId
2022-10-11 17:33:17,511 [Listener at 127.0.0.1/38391] INFO  ha.SCMNodeInfo (SCMNodeInfo.java:getPort(197)) - ConfigKey ozone.scm.client.address is deprecated, For configuring different ports for each SCM use PortConfigKey ozone.scm.client.port appended with serviceId and nodeId
2022-10-11 17:33:17,512 [Listener at 127.0.0.1/38391] INFO  ha.SCMNodeInfo (SCMNodeInfo.java:getPort(197)) - ConfigKey ozone.scm.block.client.address is deprecated, For configuring different ports for each SCM use PortConfigKey ozone.scm.block.client.port appended with serviceId and nodeId
2022-10-11 17:33:17,512 [Listener at 127.0.0.1/38391] INFO  ha.SCMNodeInfo (SCMNodeInfo.java:getPort(197)) - ConfigKey ozone.scm.datanode.address is deprecated, For configuring different ports for each SCM use PortConfigKey ozone.scm.datanode.port appended with serviceId and nodeId
2022-10-11 17:33:17,512 [Listener at 127.0.0.1/38391] INFO  proxy.SCMBlockLocationFailoverProxyProvider (SCMBlockLocationFailoverProxyProvider.java:<init>(114)) - Created block location fail-over proxy with 3 nodes: [nodeId=scmNode-2,nodeAddress=/127.0.0.1:40463, nodeId=scmNode-3,nodeAddress=/127.0.0.1:43519, nodeId=scmNode-1,nodeAddress=/127.0.0.1:43079]
OM initialization succeeded.Current cluster id for sd=/home/runner/work/ozone/ozone/hadoop-ozone/integration-test/target/test-dir/MiniOzoneClusterImpl-a53f0994-8d29-48d7-8b80-9abc5033b6e0/omNode-3/om;cid=a53f0994-8d29-48d7-8b80-9abc5033b6e0;layoutVersion=3
2022-10-11 17:33:17,523 [Listener at 127.0.0.1/38391] INFO  ha.OMHANodeDetails (OMHANodeDetails.java:loadOMHAConfig(121)) - ServiceID for OzoneManager is omServiceId1
2022-10-11 17:33:17,524 [Listener at 127.0.0.1/38391] INFO  ha.OMHANodeDetails (OMHANodeDetails.java:loadOMHAConfig(201)) - Found matching OM address with OMServiceId: omServiceId1, OMNodeId: omNode-3, RPC Address: localhost:46797 and Ratis port: 39447
2022-10-11 17:33:17,524 [Listener at 127.0.0.1/38391] INFO  ha.OMHANodeDetails (ConfUtils.java:setNodeSpecificConfigs(97)) - Setting configuration key ozone.om.http-address with value of key ozone.om.http-address.omServiceId1.omNode-3: 127.0.0.1:43301
2022-10-11 17:33:17,524 [Listener at 127.0.0.1/38391] INFO  ha.OMHANodeDetails (ConfUtils.java:setNodeSpecificConfigs(97)) - Setting configuration key ozone.om.https-address with value of key ozone.om.https-address.omServiceId1.omNode-3: 127.0.0.1:46685
2022-10-11 17:33:17,524 [Listener at 127.0.0.1/38391] INFO  ha.OMHANodeDetails (ConfUtils.java:setNodeSpecificConfigs(97)) - Setting configuration key ozone.om.address with value of key ozone.om.address.omServiceId1.omNode-3: 127.0.0.1:46797
2022-10-11 17:33:17,524 [Listener at 127.0.0.1/38391] WARN  server.ServerUtils (ServerUtils.java:getDBPath(225)) - ozone.om.db.dirs is not configured. We recommend adding this setting. Falling back to ozone.metadata.dirs instead.
2022-10-11 17:33:17,525 [Listener at 127.0.0.1/38391] INFO  upgrade.AbstractLayoutVersionManager (AbstractLayoutVersionManager.java:init(83)) - Initializing Layout version manager with metadata layout = MULTITENANCY_SCHEMA (version = 3), software layout = MULTITENANCY_SCHEMA (version = 3)
2022-10-11 17:33:17,591 [Listener at 127.0.0.1/38391] INFO  reflections.Reflections (Reflections.java:scan(232)) - Reflections took 65 ms to scan 2 urls, producing 154 keys and 428 values [using 2 cores]
2022-10-11 17:33:17,592 [Listener at 127.0.0.1/38391] INFO  upgrade.OMLayoutVersionManager (OMLayoutVersionManager.java:lambda$0(115)) - Skipping Upgrade Action MockOmUpgradeAction since it has been finalized.
2022-10-11 17:33:17,592 [Listener at 127.0.0.1/38391] WARN  server.ServerUtils (ServerUtils.java:getDBPath(225)) - ozone.om.db.dirs is not configured. We recommend adding this setting. Falling back to ozone.metadata.dirs instead.
2022-10-11 17:33:17,592 [Listener at 127.0.0.1/38391] INFO  ha.SCMNodeInfo (SCMNodeInfo.java:getPort(197)) - ConfigKey ozone.scm.client.address is deprecated, For configuring different ports for each SCM use PortConfigKey ozone.scm.client.port appended with serviceId and nodeId
2022-10-11 17:33:17,593 [Listener at 127.0.0.1/38391] INFO  ha.SCMNodeInfo (SCMNodeInfo.java:getPort(197)) - ConfigKey ozone.scm.block.client.address is deprecated, For configuring different ports for each SCM use PortConfigKey ozone.scm.block.client.port appended with serviceId and nodeId
2022-10-11 17:33:17,593 [Listener at 127.0.0.1/38391] INFO  ha.SCMNodeInfo (SCMNodeInfo.java:getPort(197)) - ConfigKey ozone.scm.datanode.address is deprecated, For configuring different ports for each SCM use PortConfigKey ozone.scm.datanode.port appended with serviceId and nodeId
2022-10-11 17:33:17,593 [Listener at 127.0.0.1/38391] INFO  ha.SCMNodeInfo (SCMNodeInfo.java:getPort(197)) - ConfigKey ozone.scm.client.address is deprecated, For configuring different ports for each SCM use PortConfigKey ozone.scm.client.port appended with serviceId and nodeId
2022-10-11 17:33:17,593 [Listener at 127.0.0.1/38391] INFO  ha.SCMNodeInfo (SCMNodeInfo.java:getPort(197)) - ConfigKey ozone.scm.block.client.address is deprecated, For configuring different ports for each SCM use PortConfigKey ozone.scm.block.client.port appended with serviceId and nodeId
2022-10-11 17:33:17,593 [Listener at 127.0.0.1/38391] INFO  ha.SCMNodeInfo (SCMNodeInfo.java:getPort(197)) - ConfigKey ozone.scm.datanode.address is deprecated, For configuring different ports for each SCM use PortConfigKey ozone.scm.datanode.port appended with serviceId and nodeId
2022-10-11 17:33:17,593 [Listener at 127.0.0.1/38391] INFO  ha.SCMNodeInfo (SCMNodeInfo.java:getPort(197)) - ConfigKey ozone.scm.client.address is deprecated, For configuring different ports for each SCM use PortConfigKey ozone.scm.client.port appended with serviceId and nodeId
2022-10-11 17:33:17,593 [Listener at 127.0.0.1/38391] INFO  ha.SCMNodeInfo (SCMNodeInfo.java:getPort(197)) - ConfigKey ozone.scm.block.client.address is deprecated, For configuring different ports for each SCM use PortConfigKey ozone.scm.block.client.port appended with serviceId and nodeId
2022-10-11 17:33:17,593 [Listener at 127.0.0.1/38391] INFO  ha.SCMNodeInfo (SCMNodeInfo.java:getPort(197)) - ConfigKey ozone.scm.datanode.address is deprecated, For configuring different ports for each SCM use PortConfigKey ozone.scm.datanode.port appended with serviceId and nodeId
2022-10-11 17:33:17,594 [Listener at 127.0.0.1/38391] INFO  ha.SCMNodeInfo (SCMNodeInfo.java:getPort(197)) - ConfigKey ozone.scm.client.address is deprecated, For configuring different ports for each SCM use PortConfigKey ozone.scm.client.port appended with serviceId and nodeId
2022-10-11 17:33:17,594 [Listener at 127.0.0.1/38391] INFO  ha.SCMNodeInfo (SCMNodeInfo.java:getPort(197)) - ConfigKey ozone.scm.block.client.address is deprecated, For configuring different ports for each SCM use PortConfigKey ozone.scm.block.client.port appended with serviceId and nodeId
2022-10-11 17:33:17,594 [Listener at 127.0.0.1/38391] INFO  ha.SCMNodeInfo (SCMNodeInfo.java:getPort(197)) - ConfigKey ozone.scm.datanode.address is deprecated, For configuring different ports for each SCM use PortConfigKey ozone.scm.datanode.port appended with serviceId and nodeId
2022-10-11 17:33:17,594 [Listener at 127.0.0.1/38391] INFO  ha.SCMNodeInfo (SCMNodeInfo.java:getPort(197)) - ConfigKey ozone.scm.client.address is deprecated, For configuring different ports for each SCM use PortConfigKey ozone.scm.client.port appended with serviceId and nodeId
2022-10-11 17:33:17,594 [Listener at 127.0.0.1/38391] INFO  ha.SCMNodeInfo (SCMNodeInfo.java:getPort(197)) - ConfigKey ozone.scm.block.client.address is deprecated, For configuring different ports for each SCM use PortConfigKey ozone.scm.block.client.port appended with serviceId and nodeId
2022-10-11 17:33:17,594 [Listener at 127.0.0.1/38391] INFO  ha.SCMNodeInfo (SCMNodeInfo.java:getPort(197)) - ConfigKey ozone.scm.datanode.address is deprecated, For configuring different ports for each SCM use PortConfigKey ozone.scm.datanode.port appended with serviceId and nodeId
2022-10-11 17:33:17,594 [Listener at 127.0.0.1/38391] INFO  ha.SCMNodeInfo (SCMNodeInfo.java:getPort(197)) - ConfigKey ozone.scm.client.address is deprecated, For configuring different ports for each SCM use PortConfigKey ozone.scm.client.port appended with serviceId and nodeId
2022-10-11 17:33:17,594 [Listener at 127.0.0.1/38391] INFO  ha.SCMNodeInfo (SCMNodeInfo.java:getPort(197)) - ConfigKey ozone.scm.block.client.address is deprecated, For configuring different ports for each SCM use PortConfigKey ozone.scm.block.client.port appended with serviceId and nodeId
2022-10-11 17:33:17,595 [Listener at 127.0.0.1/38391] INFO  ha.SCMNodeInfo (SCMNodeInfo.java:getPort(197)) - ConfigKey ozone.scm.datanode.address is deprecated, For configuring different ports for each SCM use PortConfigKey ozone.scm.datanode.port appended with serviceId and nodeId
2022-10-11 17:33:17,595 [Listener at 127.0.0.1/38391] INFO  proxy.SCMBlockLocationFailoverProxyProvider (SCMBlockLocationFailoverProxyProvider.java:<init>(114)) - Created block location fail-over proxy with 3 nodes: [nodeId=scmNode-2,nodeAddress=/127.0.0.1:40463, nodeId=scmNode-3,nodeAddress=/127.0.0.1:43519, nodeId=scmNode-1,nodeAddress=/127.0.0.1:43079]
2022-10-11 17:33:17,597 [Listener at 127.0.0.1/38391] INFO  ha.SCMNodeInfo (SCMNodeInfo.java:getPort(197)) - ConfigKey ozone.scm.client.address is deprecated, For configuring different ports for each SCM use PortConfigKey ozone.scm.client.port appended with serviceId and nodeId
2022-10-11 17:33:17,597 [Listener at 127.0.0.1/38391] INFO  ha.SCMNodeInfo (SCMNodeInfo.java:getPort(197)) - ConfigKey ozone.scm.block.client.address is deprecated, For configuring different ports for each SCM use PortConfigKey ozone.scm.block.client.port appended with serviceId and nodeId
2022-10-11 17:33:17,597 [Listener at 127.0.0.1/38391] INFO  ha.SCMNodeInfo (SCMNodeInfo.java:getPort(197)) - ConfigKey ozone.scm.datanode.address is deprecated, For configuring different ports for each SCM use PortConfigKey ozone.scm.datanode.port appended with serviceId and nodeId
2022-10-11 17:33:17,597 [Listener at 127.0.0.1/38391] INFO  ha.SCMNodeInfo (SCMNodeInfo.java:getPort(197)) - ConfigKey ozone.scm.client.address is deprecated, For configuring different ports for each SCM use PortConfigKey ozone.scm.client.port appended with serviceId and nodeId
2022-10-11 17:33:17,597 [Listener at 127.0.0.1/38391] INFO  ha.SCMNodeInfo (SCMNodeInfo.java:getPort(197)) - ConfigKey ozone.scm.block.client.address is deprecated, For configuring different ports for each SCM use PortConfigKey ozone.scm.block.client.port appended with serviceId and nodeId
2022-10-11 17:33:17,597 [Listener at 127.0.0.1/38391] INFO  ha.SCMNodeInfo (SCMNodeInfo.java:getPort(197)) - ConfigKey ozone.scm.datanode.address is deprecated, For configuring different ports for each SCM use PortConfigKey ozone.scm.datanode.port appended with serviceId and nodeId
2022-10-11 17:33:17,597 [Listener at 127.0.0.1/38391] INFO  ha.SCMNodeInfo (SCMNodeInfo.java:getPort(197)) - ConfigKey ozone.scm.client.address is deprecated, For configuring different ports for each SCM use PortConfigKey ozone.scm.client.port appended with serviceId and nodeId
2022-10-11 17:33:17,597 [Listener at 127.0.0.1/38391] INFO  ha.SCMNodeInfo (SCMNodeInfo.java:getPort(197)) - ConfigKey ozone.scm.block.client.address is deprecated, For configuring different ports for each SCM use PortConfigKey ozone.scm.block.client.port appended with serviceId and nodeId
2022-10-11 17:33:17,597 [Listener at 127.0.0.1/38391] INFO  ha.SCMNodeInfo (SCMNodeInfo.java:getPort(197)) - ConfigKey ozone.scm.datanode.address is deprecated, For configuring different ports for each SCM use PortConfigKey ozone.scm.datanode.port appended with serviceId and nodeId
2022-10-11 17:33:17,597 [Listener at 127.0.0.1/38391] INFO  proxy.SCMBlockLocationFailoverProxyProvider (SCMBlockLocationFailoverProxyProvider.java:<init>(114)) - Created block location fail-over proxy with 3 nodes: [nodeId=scmNode-2,nodeAddress=/127.0.0.1:40463, nodeId=scmNode-3,nodeAddress=/127.0.0.1:43519, nodeId=scmNode-1,nodeAddress=/127.0.0.1:43079]
2022-10-11 17:33:17,606 [Listener at 127.0.0.1/38391] WARN  server.ServerUtils (ServerUtils.java:getDBPath(225)) - ozone.om.db.dirs is not configured. We recommend adding this setting. Falling back to ozone.metadata.dirs instead.
2022-10-11 17:33:17,607 [Listener at 127.0.0.1/38391] INFO  codec.OmKeyInfoCodec (OmKeyInfoCodec.java:<init>(49)) - OmKeyInfoCodec ignorePipeline = true
2022-10-11 17:33:17,607 [Listener at 127.0.0.1/38391] INFO  codec.RepeatedOmKeyInfoCodec (RepeatedOmKeyInfoCodec.java:<init>(41)) - RepeatedOmKeyInfoCodec ignorePipeline = true
2022-10-11 17:33:17,834 [Listener at 127.0.0.1/38391] INFO  om.OzoneManager (OzoneManager.java:instantiateServices(712)) - S3 Multi-Tenancy is disabled
2022-10-11 17:33:17,836 [Listener at 127.0.0.1/38391] INFO  om.OzoneManager (OzoneManager.java:addS3GVolumeToDB(4388)) - Created Volume s3v With Owner runner required for S3Gateway operations.
2022-10-11 17:33:17,836 [Listener at 127.0.0.1/38391] WARN  server.ServerUtils (ServerUtils.java:getDefaultRatisDirectory(237)) - Storage directory for Ratis is not configured. It is a good idea to map this to an SSD disk. Falling back to ozone.metadata.dirs
2022-10-11 17:33:17,837 [Listener at 127.0.0.1/38391] WARN  utils.OzoneManagerRatisUtils (OzoneManagerRatisUtils.java:getOMRatisSnapshotDirectory(434)) - ozone.om.ratis.snapshot.dir is not configured. Falling back to ozone.metadata.dirs config
2022-10-11 17:33:17,837 [Listener at 127.0.0.1/38391] INFO  snapshot.OzoneManagerSnapshotProvider (OzoneManagerSnapshotProvider.java:<init>(76)) - Initializing OM Snapshot Provider
2022-10-11 17:33:17,838 [Listener at 127.0.0.1/38391] WARN  impl.MetricRegistriesImpl (MetricRegistriesImpl.java:addReporterRegistration(111)) - New reporters are added after registries were created. Some metrics will be missing from the reporter. Please add reporter before adding any new registry.
2022-10-11 17:33:17,838 [Listener at 127.0.0.1/38391] WARN  impl.MetricRegistriesImpl (MetricRegistriesImpl.java:addReporterRegistration(111)) - New reporters are added after registries were created. Some metrics will be missing from the reporter. Please add reporter before adding any new registry.
2022-10-11 17:33:17,839 [Listener at 127.0.0.1/38391] WARN  server.ServerUtils (ServerUtils.java:getDefaultRatisDirectory(237)) - Storage directory for Ratis is not configured. It is a good idea to map this to an SSD disk. Falling back to ozone.metadata.dirs
2022-10-11 17:33:17,840 [Listener at 127.0.0.1/38391] INFO  ratis.OzoneManagerRatisServer (OzoneManagerRatisServer.java:<init>(160)) - Instantiating OM Ratis server with groupID: omServiceId1 and peers: localhost:39447, localhost:44389, localhost:44407
2022-10-11 17:33:17,840 [Listener at 127.0.0.1/38391] INFO  ratis.OzoneManagerStateMachine (OzoneManagerStateMachine.java:loadSnapshotInfoFromDB(632)) - LastAppliedIndex is set from TransactionInfo from OM DB as (t:0, i:~)
2022-10-11 17:33:17,841 [Listener at 127.0.0.1/38391] INFO  server.RaftServer (ConfUtils.java:logGet(46)) - raft.rpc.type = GRPC (default)
2022-10-11 17:33:17,841 [Listener at 127.0.0.1/38391] INFO  grpc.GrpcFactory (GrpcFactory.java:checkPooledByteBufAllocatorUseCacheForAllThreads(48)) - PERFORMANCE WARNING: useCacheForAllThreads is true that may cause Netty to create a lot garbage objects and, as a result, trigger GC.
	It is recommended to disable useCacheForAllThreads by setting -Dorg.apache.ratis.thirdparty.io.netty.allocator.useCacheForAllThreads=false in command line.
2022-10-11 17:33:17,841 [Listener at 127.0.0.1/38391] INFO  grpc.GrpcConfigKeys (ConfUtils.java:logGet(46)) - raft.grpc.admin.port = -1 (default)
2022-10-11 17:33:17,841 [Listener at 127.0.0.1/38391] INFO  grpc.GrpcConfigKeys (ConfUtils.java:logGet(46)) - raft.grpc.server.port = 39447 (custom)
2022-10-11 17:33:17,841 [Listener at 127.0.0.1/38391] INFO  grpc.GrpcConfigKeys (ConfUtils.java:logGet(46)) - raft.grpc.client.port = -1 (default)
2022-10-11 17:33:17,841 [Listener at 127.0.0.1/38391] INFO  grpc.GrpcConfigKeys (ConfUtils.java:logGet(46)) - raft.grpc.server.port = 39447 (custom)
2022-10-11 17:33:17,842 [Listener at 127.0.0.1/38391] INFO  grpc.GrpcConfigKeys (ConfUtils.java:logGet(46)) - raft.grpc.server.port = 39447 (custom)
2022-10-11 17:33:17,842 [Listener at 127.0.0.1/38391] INFO  server.GrpcService (ConfUtils.java:logGet(46)) - raft.grpc.message.size.max = 33554432 (custom)
2022-10-11 17:33:17,842 [Listener at 127.0.0.1/38391] INFO  server.RaftServerConfigKeys (ConfUtils.java:logGet(46)) - raft.server.log.appender.buffer.byte-limit = 33554432 (custom)
2022-10-11 17:33:17,842 [Listener at 127.0.0.1/38391] INFO  server.GrpcService (ConfUtils.java:logGet(46)) - raft.grpc.flow.control.window = 1MB (=1048576) (default)
2022-10-11 17:33:17,842 [Listener at 127.0.0.1/38391] INFO  server.RaftServerConfigKeys (ConfUtils.java:logGet(46)) - raft.server.rpc.request.timeout = 3000ms (default)
2022-10-11 17:33:17,842 [Listener at 127.0.0.1/38391] INFO  grpc.GrpcConfigKeys (ConfUtils.java:logGet(46)) - raft.grpc.server.async.request.thread.pool.cached = true (default)
2022-10-11 17:33:17,842 [Listener at 127.0.0.1/38391] INFO  grpc.GrpcConfigKeys (ConfUtils.java:logGet(46)) - raft.grpc.server.async.request.thread.pool.size = 32 (default)
2022-10-11 17:33:17,844 [Listener at 127.0.0.1/38391] INFO  impl.DataStreamServerImpl (ConfUtils.java:logGet(46)) - raft.datastream.type = DISABLED (default)
2022-10-11 17:33:17,844 [Listener at 127.0.0.1/38391] INFO  server.RaftServerConfigKeys (ConfUtils.java:logGet(46)) - raft.server.threadpool.proxy.cached = true (default)
2022-10-11 17:33:17,844 [Listener at 127.0.0.1/38391] INFO  server.RaftServerConfigKeys (ConfUtils.java:logGet(46)) - raft.server.threadpool.proxy.size = 0 (default)
2022-10-11 17:33:17,844 [Listener at 127.0.0.1/38391] INFO  server.RaftServerConfigKeys (ConfUtils.java:logGet(46)) - raft.server.rpc.slowness.timeout = 2s (custom)
2022-10-11 17:33:17,844 [Listener at 127.0.0.1/38391] INFO  server.RaftServerConfigKeys (ConfUtils.java:logGet(46)) - raft.server.leaderelection.leader.step-down.wait-time = 10s (default)
2022-10-11 17:33:17,845 [Listener at 127.0.0.1/38391] INFO  server.RaftServerConfigKeys (ConfUtils.java:logGet(46)) - raft.server.storage.dir = [/home/runner/work/ozone/ozone/hadoop-ozone/integration-test/target/test-dir/MiniOzoneClusterImpl-a53f0994-8d29-48d7-8b80-9abc5033b6e0/omNode-3/ratis] (custom)
2022-10-11 17:33:17,845 [Listener at 127.0.0.1/38391] INFO  server.RaftServer (RaftServerProxy.java:addNew(96)) - omNode-3: addNew group-6C22E66A003A:[omNode-3|rpc:localhost:39447|priority:0, omNode-1|rpc:localhost:44389|priority:0, omNode-2|rpc:localhost:44407|priority:0] returns group-6C22E66A003A:java.util.concurrent.CompletableFuture@22ab1d4d[Not completed]
2022-10-11 17:33:17,846 [pool-175-thread-1] INFO  server.RaftServer$Division (RaftServerImpl.java:<init>(190)) - omNode-3: new RaftServerImpl for group-6C22E66A003A:[omNode-3|rpc:localhost:39447|priority:0, omNode-1|rpc:localhost:44389|priority:0, omNode-2|rpc:localhost:44407|priority:0] with OzoneManagerStateMachine:uninitialized
2022-10-11 17:33:17,846 [Listener at 127.0.0.1/38391] INFO  om.OzoneManager (OzoneManager.java:initializeRatisServer(1979)) - OzoneManager Ratis server initialized at port 39447
2022-10-11 17:33:17,846 [pool-175-thread-1] INFO  server.RaftServerConfigKeys (ConfUtils.java:logGet(46)) - raft.server.rpc.timeout.min = 1s (custom)
2022-10-11 17:33:17,846 [pool-175-thread-1] INFO  server.RaftServerConfigKeys (ConfUtils.java:logGet(46)) - raft.server.rpc.timeout.max = 1200ms (custom)
2022-10-11 17:33:17,846 [pool-175-thread-1] INFO  server.RaftServerConfigKeys (ConfUtils.java:logGet(46)) - raft.server.rpc.sleep.time = 25ms (default)
2022-10-11 17:33:17,846 [pool-175-thread-1] INFO  server.RaftServerConfigKeys (ConfUtils.java:logGet(46)) - raft.server.rpc.slowness.timeout = 2s (custom)
2022-10-11 17:33:17,846 [pool-175-thread-1] INFO  server.RaftServerConfigKeys (ConfUtils.java:logGet(46)) - raft.server.leaderelection.leader.step-down.wait-time = 10s (default)
2022-10-11 17:33:17,846 [pool-175-thread-1] INFO  server.RaftServerConfigKeys (ConfUtils.java:logGet(46)) - raft.server.sleep.deviation.threshold = 300ms (default)
2022-10-11 17:33:17,846 [pool-175-thread-1] INFO  server.RaftServer$Division (ServerState.java:<init>(107)) - omNode-3@group-6C22E66A003A: ConfigurationManager, init=-1: [omNode-3|rpc:localhost:39447|priority:0, omNode-1|rpc:localhost:44389|priority:0, omNode-2|rpc:localhost:44407|priority:0], old=null, confs=<EMPTY_MAP>
2022-10-11 17:33:17,846 [pool-175-thread-1] INFO  server.RaftServerConfigKeys (ConfUtils.java:logGet(46)) - raft.server.storage.dir = [/home/runner/work/ozone/ozone/hadoop-ozone/integration-test/target/test-dir/MiniOzoneClusterImpl-a53f0994-8d29-48d7-8b80-9abc5033b6e0/omNode-3/ratis] (custom)
2022-10-11 17:33:17,847 [pool-175-thread-1] INFO  server.RaftServerConfigKeys (ConfUtils.java:logGet(46)) - raft.server.log.corruption.policy = EXCEPTION (default)
2022-10-11 17:33:17,847 [pool-175-thread-1] INFO  server.RaftServerConfigKeys (ConfUtils.java:logGet(46)) - raft.server.storage.free-space.min = 0MB (=0) (default)
2022-10-11 17:33:17,847 [pool-175-thread-1] INFO  storage.RaftStorageDirectory (RaftStorageDirectoryImpl.java:analyzeStorage(135)) - The storage directory /home/runner/work/ozone/ozone/hadoop-ozone/integration-test/target/test-dir/MiniOzoneClusterImpl-a53f0994-8d29-48d7-8b80-9abc5033b6e0/omNode-3/ratis/9c9825ce-8ba7-3ee6-a7c3-6c22e66a003a does not exist. Creating ...
2022-10-11 17:33:17,847 [Listener at 127.0.0.1/38391] INFO  om.OzoneManager (OzoneManager.java:getRpcServer(1102)) - Creating RPC Server
2022-10-11 17:33:17,851 [pool-175-thread-1] INFO  storage.RaftStorageDirectory (RaftStorageDirectoryImpl.java:tryLock(230)) - Lock on /home/runner/work/ozone/ozone/hadoop-ozone/integration-test/target/test-dir/MiniOzoneClusterImpl-a53f0994-8d29-48d7-8b80-9abc5033b6e0/omNode-3/ratis/9c9825ce-8ba7-3ee6-a7c3-6c22e66a003a/in_use.lock acquired by nodename 23825@fv-az255-813
2022-10-11 17:33:17,853 [pool-175-thread-1] INFO  storage.RaftStorage (RaftStorageImpl.java:format(89)) - Storage directory /home/runner/work/ozone/ozone/hadoop-ozone/integration-test/target/test-dir/MiniOzoneClusterImpl-a53f0994-8d29-48d7-8b80-9abc5033b6e0/omNode-3/ratis/9c9825ce-8ba7-3ee6-a7c3-6c22e66a003a has been successfully formatted.
2022-10-11 17:33:17,853 [pool-175-thread-1] INFO  server.RaftServerConfigKeys (ConfUtils.java:logGet(46)) - raft.server.notification.no-leader.timeout = 2s (custom)
2022-10-11 17:33:17,853 [pool-175-thread-1] INFO  server.RaftServerConfigKeys (ConfUtils.java:logGet(46)) - raft.server.log.use.memory = false (default)
2022-10-11 17:33:17,853 [pool-175-thread-1] INFO  server.RaftServerConfigKeys (ConfUtils.java:logGet(46)) - raft.server.log.purge.gap = 1000000 (custom)
2022-10-11 17:33:17,853 [pool-175-thread-1] INFO  server.RaftServerConfigKeys (ConfUtils.java:logGet(46)) - raft.server.log.appender.buffer.byte-limit = 33554432 (custom)
2022-10-11 17:33:17,853 [pool-175-thread-1] INFO  server.RaftServerConfigKeys (ConfUtils.java:logGet(46)) - raft.server.log.statemachine.data.read.timeout = 1000ms (default)
2022-10-11 17:33:17,854 [pool-175-thread-1] INFO  server.RaftServerConfigKeys (ConfUtils.java:logGet(46)) - raft.server.log.segment.size.max = 4194304 (custom)
2022-10-11 17:33:17,854 [pool-175-thread-1] INFO  server.RaftServerConfigKeys (ConfUtils.java:logGet(46)) - raft.server.log.segment.cache.num.max = 2 (custom)
2022-10-11 17:33:17,854 [pool-175-thread-1] INFO  server.RaftServerConfigKeys (ConfUtils.java:logGet(46)) - raft.server.log.segment.cache.size.max = 200MB (=209715200) (default)
2022-10-11 17:33:17,854 [pool-175-thread-1] INFO  segmented.SegmentedRaftLogWorker (SegmentedRaftLogWorker.java:<init>(187)) - new omNode-3@group-6C22E66A003A-SegmentedRaftLogWorker for RaftStorageImpl:Storage Directory /home/runner/work/ozone/ozone/hadoop-ozone/integration-test/target/test-dir/MiniOzoneClusterImpl-a53f0994-8d29-48d7-8b80-9abc5033b6e0/omNode-3/ratis/9c9825ce-8ba7-3ee6-a7c3-6c22e66a003a
2022-10-11 17:33:17,855 [pool-175-thread-1] INFO  server.RaftServerConfigKeys (ConfUtils.java:logGet(46)) - raft.server.log.queue.byte-limit = 64MB (=67108864) (default)
2022-10-11 17:33:17,855 [pool-175-thread-1] INFO  server.RaftServerConfigKeys (ConfUtils.java:logGet(46)) - raft.server.log.queue.element-limit = 4096 (default)
2022-10-11 17:33:17,855 [pool-175-thread-1] INFO  server.RaftServerConfigKeys (ConfUtils.java:logGet(46)) - raft.server.log.segment.size.max = 4194304 (custom)
2022-10-11 17:33:17,855 [pool-175-thread-1] INFO  server.RaftServerConfigKeys (ConfUtils.java:logGet(46)) - raft.server.log.preallocated.size = 4194304 (custom)
2022-10-11 17:33:17,855 [pool-175-thread-1] INFO  server.RaftServerConfigKeys (ConfUtils.java:logGet(46)) - raft.server.log.force.sync.num = 128 (default)
2022-10-11 17:33:17,855 [pool-175-thread-1] INFO  server.RaftServerConfigKeys (ConfUtils.java:logGet(46)) - raft.server.log.statemachine.data.sync = true (default)
2022-10-11 17:33:17,855 [pool-175-thread-1] INFO  server.RaftServerConfigKeys (ConfUtils.java:logGet(46)) - raft.server.log.statemachine.data.sync.timeout = 10s (default)
2022-10-11 17:33:17,855 [pool-175-thread-1] INFO  server.RaftServerConfigKeys (ConfUtils.java:logGet(46)) - raft.server.log.statemachine.data.sync.timeout.retry = -1 (default)
2022-10-11 17:33:17,860 [pool-175-thread-1] INFO  server.RaftServerConfigKeys (ConfUtils.java:logGet(46)) - raft.server.log.write.buffer.size = 64KB (=65536) (default)
2022-10-11 17:33:17,860 [pool-175-thread-1] INFO  server.RaftServerConfigKeys (ConfUtils.java:logGet(46)) - raft.server.log.unsafe-flush.enabled = false (default)
2022-10-11 17:33:17,860 [pool-175-thread-1] INFO  server.RaftServerConfigKeys (ConfUtils.java:logGet(46)) - raft.server.log.statemachine.data.caching.enabled = false (default)
2022-10-11 17:33:17,860 [pool-175-thread-1] INFO  segmented.SegmentedRaftLogWorker (SegmentedRaftLogWorker.java:lambda$new$0(135)) - omNode-3@group-6C22E66A003A-SegmentedRaftLogWorker: flushIndex: setUnconditionally 0 -> -1
2022-10-11 17:33:17,860 [pool-175-thread-1] INFO  segmented.SegmentedRaftLogWorker (SegmentedRaftLogWorker.java:lambda$new$0(135)) - omNode-3@group-6C22E66A003A-SegmentedRaftLogWorker: safeCacheEvictIndex: setUnconditionally 0 -> -1
2022-10-11 17:33:17,868 [pool-175-thread-1] INFO  server.RaftServerConfigKeys (ConfUtils.java:logGet(46)) - raft.server.snapshot.auto.trigger.enabled = true (custom)
2022-10-11 17:33:17,868 [pool-175-thread-1] INFO  server.RaftServerConfigKeys (ConfUtils.java:logGet(46)) - raft.server.snapshot.auto.trigger.threshold = 400000 (default)
2022-10-11 17:33:17,868 [pool-175-thread-1] INFO  server.RaftServerConfigKeys (ConfUtils.java:logGet(46)) - raft.server.snapshot.retention.file.num = -1 (default)
2022-10-11 17:33:17,868 [pool-175-thread-1] INFO  server.RaftServerConfigKeys (ConfUtils.java:logGet(46)) - raft.server.log.purge.upto.snapshot.index = true (custom)
2022-10-11 17:33:17,868 [pool-175-thread-1] INFO  server.RaftServerConfigKeys (ConfUtils.java:logGet(46)) - raft.server.retrycache.expirytime = 300s (custom)
2022-10-11 17:33:17,868 [pool-175-thread-1] INFO  server.RaftServerConfigKeys (ConfUtils.java:logGet(46)) - raft.server.retrycache.statistics.expirytime = 100μs (default)
2022-10-11 17:33:17,870 [pool-175-thread-1] INFO  server.RaftServerConfigKeys (ConfUtils.java:logGet(46)) - raft.server.log.appender.install.snapshot.enabled = false (custom)
2022-10-11 17:33:17,870 [pool-175-thread-1] INFO  server.RaftServerConfigKeys (ConfUtils.java:logGet(46)) - raft.server.threadpool.server.cached = true (default)
2022-10-11 17:33:17,870 [pool-175-thread-1] INFO  server.RaftServerConfigKeys (ConfUtils.java:logGet(46)) - raft.server.threadpool.server.size = 0 (default)
2022-10-11 17:33:17,870 [pool-175-thread-1] INFO  server.RaftServerConfigKeys (ConfUtils.java:logGet(46)) - raft.server.threadpool.client.cached = true (default)
2022-10-11 17:33:17,870 [pool-175-thread-1] INFO  server.RaftServerConfigKeys (ConfUtils.java:logGet(46)) - raft.server.threadpool.client.size = 0 (default)
2022-10-11 17:33:18,333 [Listener at 127.0.0.1/38391] INFO  reflections.Reflections (Reflections.java:scan(232)) - Reflections took 485 ms to scan 19 urls, producing 67 keys and 4227 values [using 2 cores]
2022-10-11 17:33:18,335 [Listener at 127.0.0.1/38391] INFO  ipc.CallQueueManager (CallQueueManager.java:<init>(90)) - Using callQueue: class java.util.concurrent.LinkedBlockingQueue, queueCapacity: 2000, scheduler: class org.apache.hadoop.ipc.DefaultRpcScheduler, ipcBackoff: false.
2022-10-11 17:33:18,336 [Socket Reader #1 for port 46797] INFO  ipc.Server (Server.java:run(1265)) - Starting Socket Reader #1 for port 46797
2022-10-11 17:33:18,360 [Listener at 127.0.0.1/46797] INFO  impl.MetricsSystemImpl (MetricsSystemImpl.java:init(158)) - OzoneManager metrics system started (again)
2022-10-11 17:33:18,371 [Listener at 127.0.0.1/46797] INFO  om.OzoneManager (OzoneManager.java:start(1486)) - OzoneManager RPC server is listening at localhost/127.0.0.1:46797
2022-10-11 17:33:18,371 [Listener at 127.0.0.1/46797] INFO  ratis.OzoneManagerRatisServer (OzoneManagerRatisServer.java:start(555)) - Starting OzoneManagerRatisServer omNode-3 at port 39447
2022-10-11 17:33:18,371 [omNode-3-impl-thread1] INFO  server.RaftServer$Division (RaftServerImpl.java:start(310)) - omNode-3@group-6C22E66A003A: start as a follower, conf=-1: [omNode-3|rpc:localhost:39447|priority:0, omNode-1|rpc:localhost:44389|priority:0, omNode-2|rpc:localhost:44407|priority:0], old=null
2022-10-11 17:33:18,372 [omNode-3-impl-thread1] INFO  server.RaftServer$Division (RaftServerImpl.java:setRole(299)) - omNode-3@group-6C22E66A003A: changes role from      null to FOLLOWER at term 0 for startAsFollower
2022-10-11 17:33:18,372 [omNode-3-impl-thread1] INFO  impl.RoleInfo (RoleInfo.java:updateAndGet(139)) - omNode-3: start omNode-3@group-6C22E66A003A-FollowerState
2022-10-11 17:33:18,372 [omNode-3-impl-thread1] INFO  util.JmxRegister (JmxRegister.java:tryRegister(44)) - Successfully registered JMX Bean with object name Ratis:service=RaftServer,group=group-6C22E66A003A,id=omNode-3
2022-10-11 17:33:18,376 [Listener at 127.0.0.1/46797] INFO  server.RaftServer (RaftServerProxy.java:lambda$start$6(382)) - omNode-3: start RPC server
2022-10-11 17:33:18,381 [Listener at 127.0.0.1/46797] INFO  server.GrpcService (GrpcService.java:startImpl(260)) - omNode-3: GrpcService started, listening on 39447
2022-10-11 17:33:18,381 [Listener at 127.0.0.1/46797] INFO  om.OzoneManager (OzoneManager.java:start(1502)) - Version File has different layout version (3) than OM DB (null). That is expected if this OM has never been finalized to a newer layout version.
2022-10-11 17:33:18,382 [org.apache.ratis.util.JvmPauseMonitor$$Lambda$519/1644506233@60577575] INFO  util.JvmPauseMonitor (JvmPauseMonitor.java:run(103)) - JvmPauseMonitor-omNode-3: Started
2022-10-11 17:33:18,387 [Listener at 127.0.0.1/46797] INFO  http.BaseHttpServer (BaseHttpServer.java:newHttpServer2BuilderForOzone(213)) - Starting Web-server for ozoneManager at: http://0.0.0.0:43301
2022-10-11 17:33:18,387 [Listener at 127.0.0.1/46797] INFO  http.BaseHttpServer (BaseHttpServer.java:<init>(108)) - Hadoop Security Enabled: false Ozone Security Enabled: false Ozone HTTP Security Enabled: false 
2022-10-11 17:33:18,389 [Listener at 127.0.0.1/46797] INFO  server.AuthenticationFilter (AuthenticationFilter.java:constructSecretProvider(240)) - Unable to initialize FileSignerSecretProvider, falling back to use random secrets.
2022-10-11 17:33:18,390 [Listener at 127.0.0.1/46797] WARN  http.HttpRequestLog (HttpRequestLog.java:getRequestLog(103)) - Jetty request log can only be enabled using Log4j
2022-10-11 17:33:18,391 [Listener at 127.0.0.1/46797] INFO  http.HttpServer2 (HttpServer2.java:addGlobalFilter(1031)) - Added global filter 'safety' (class=org.apache.hadoop.hdds.server.http.HttpServer2$QuotingInputFilter)
2022-10-11 17:33:18,392 [Listener at 127.0.0.1/46797] INFO  http.HttpServer2 (HttpServer2.java:addFilter(1007)) - Added filter static_user_filter (class=org.apache.hadoop.http.lib.StaticUserWebFilter$StaticUserFilter) to context ozoneManager
2022-10-11 17:33:18,392 [Listener at 127.0.0.1/46797] INFO  http.HttpServer2 (HttpServer2.java:addFilter(1015)) - Added filter static_user_filter (class=org.apache.hadoop.http.lib.StaticUserWebFilter$StaticUserFilter) to context static
2022-10-11 17:33:18,393 [Listener at 127.0.0.1/46797] INFO  http.HttpServer2 (HttpServer2.java:addFilter(1015)) - Added filter static_user_filter (class=org.apache.hadoop.http.lib.StaticUserWebFilter$StaticUserFilter) to context logs
2022-10-11 17:33:18,393 [Listener at 127.0.0.1/46797] INFO  http.HttpServer2 (HttpServer2.java:bindListener(1250)) - Jetty bound to port 43301
2022-10-11 17:33:18,393 [Listener at 127.0.0.1/46797] INFO  server.Server (Server.java:doStart(375)) - jetty-9.4.43.v20210629; built: 2021-06-30T11:07:22.254Z; git: 526006ecfa3af7f1a27ef3a288e2bef7ea9dd7e8; jvm 1.8.0_345-b01
2022-10-11 17:33:18,395 [Listener at 127.0.0.1/46797] INFO  server.session (DefaultSessionIdManager.java:doStart(334)) - DefaultSessionIdManager workerName=node0
2022-10-11 17:33:18,396 [Listener at 127.0.0.1/46797] INFO  server.session (DefaultSessionIdManager.java:doStart(339)) - No SessionScavenger set, using defaults
2022-10-11 17:33:18,396 [Listener at 127.0.0.1/46797] INFO  server.session (HouseKeeper.java:startScavenging(132)) - node0 Scavenging every 660000ms
2022-10-11 17:33:18,398 [Listener at 127.0.0.1/46797] INFO  handler.ContextHandler (ContextHandler.java:doStart(915)) - Started o.e.j.s.ServletContextHandler@2d1485d{logs,/logs,file:///home/runner/work/ozone/ozone/hadoop-ozone/integration-test/target/log,AVAILABLE}
2022-10-11 17:33:18,399 [Listener at 127.0.0.1/46797] INFO  handler.ContextHandler (ContextHandler.java:doStart(915)) - Started o.e.j.s.ServletContextHandler@4539858f{static,/static,file:///home/runner/work/ozone/ozone/hadoop-ozone/integration-test/target/test-classes/webapps/static,AVAILABLE}
2022-10-11 17:33:18,405 [Listener at 127.0.0.1/46797] INFO  handler.ContextHandler (ContextHandler.java:doStart(915)) - Started o.e.j.w.WebAppContext@6cec37bf{ozoneManager,/,file:///home/runner/work/ozone/ozone/hadoop-ozone/integration-test/target/test-classes/webapps/ozoneManager/,AVAILABLE}{file:/home/runner/work/ozone/ozone/hadoop-ozone/integration-test/target/test-classes/webapps/ozoneManager}
2022-10-11 17:33:18,407 [Listener at 127.0.0.1/46797] INFO  server.AbstractConnector (AbstractConnector.java:doStart(331)) - Started ServerConnector@1413df41{HTTP/1.1, (http/1.1)}{0.0.0.0:43301}
2022-10-11 17:33:18,407 [Listener at 127.0.0.1/46797] INFO  server.Server (Server.java:doStart(415)) - Started @23738ms
2022-10-11 17:33:18,407 [Listener at 127.0.0.1/46797] WARN  impl.MetricsSystemImpl (MetricsSystemImpl.java:register(279)) - Sink prometheus already exists!
2022-10-11 17:33:18,408 [Listener at 127.0.0.1/46797] INFO  http.BaseHttpServer (BaseHttpServer.java:updateConnectorAddress(333)) - HTTP server of ozoneManager listening at http://0.0.0.0:43301
2022-10-11 17:33:18,411 [IPC Server Responder] INFO  ipc.Server (Server.java:run(1507)) - IPC Server Responder: starting
2022-10-11 17:33:18,411 [IPC Server listener on 46797] INFO  ipc.Server (Server.java:run(1344)) - IPC Server listener on 46797: starting
2022-10-11 17:33:18,414 [Listener at 127.0.0.1/46797] INFO  om.OzoneManager (OzoneManager.java:startTrashEmptier(1923)) - Trash Interval set to 0. Files deleted won't move to trash
2022-10-11 17:33:18,414 [Listener at 127.0.0.1/46797] INFO  ozone.MiniOzoneHAClusterImpl (MiniOzoneHAClusterImpl.java:createOMService(527)) - Started OzoneManager omNode-3 RPC server at localhost/127.0.0.1:46797
2022-10-11 17:33:18,426 [org.apache.hadoop.util.JvmPauseMonitor$Monitor@7b9e7eda] INFO  util.JvmPauseMonitor (JvmPauseMonitor.java:run(188)) - Starting JVM pause monitor
2022-10-11 17:33:18,448 [omNode-1@group-6C22E66A003A-FollowerState] INFO  impl.FollowerState (FollowerState.java:run(143)) - omNode-1@group-6C22E66A003A-FollowerState: change to CANDIDATE, lastRpcElapsedTime:1113478118ns, electionTimeout:1104ms
2022-10-11 17:33:18,448 [omNode-1@group-6C22E66A003A-FollowerState] INFO  impl.RoleInfo (RoleInfo.java:shutdownFollowerState(110)) - omNode-1: shutdown omNode-1@group-6C22E66A003A-FollowerState
2022-10-11 17:33:18,448 [omNode-1@group-6C22E66A003A-FollowerState] INFO  server.RaftServer$Division (RaftServerImpl.java:setRole(299)) - omNode-1@group-6C22E66A003A: changes role from  FOLLOWER to CANDIDATE at term 1 for changeToCandidate
2022-10-11 17:33:18,449 [omNode-1@group-6C22E66A003A-FollowerState] INFO  server.RaftServerConfigKeys (ConfUtils.java:logGet(46)) - raft.server.leaderelection.pre-vote = false (custom)
2022-10-11 17:33:18,449 [omNode-1@group-6C22E66A003A-FollowerState] INFO  impl.RoleInfo (RoleInfo.java:updateAndGet(139)) - omNode-1: start omNode-1@group-6C22E66A003A-LeaderElection4
2022-10-11 17:33:18,459 [omNode-1@group-6C22E66A003A-LeaderElection4] INFO  impl.LeaderElection (LeaderElection.java:askForVotes(310)) - omNode-1@group-6C22E66A003A-LeaderElection4 ELECTION round 0: submit vote requests at term 2 for -1: [omNode-3|rpc:localhost:39447|priority:0, omNode-1|rpc:localhost:44389|priority:0, omNode-2|rpc:localhost:44407|priority:0], old=null
2022-10-11 17:33:18,475 [omNode-1@group-6C22E66A003A-LeaderElection4] INFO  impl.LeaderElection (LogUtils.java:infoOrTrace(137)) - omNode-1@group-6C22E66A003A-LeaderElection4 got exception when requesting votes: java.util.concurrent.ExecutionException: org.apache.ratis.thirdparty.io.grpc.StatusRuntimeException: UNAVAILABLE: io exception
2022-10-11 17:33:18,475 [omNode-1@group-6C22E66A003A-LeaderElection4] INFO  impl.LeaderElection (LogUtils.java:infoOrTrace(137)) - omNode-1@group-6C22E66A003A-LeaderElection4 got exception when requesting votes: java.util.concurrent.ExecutionException: org.apache.ratis.thirdparty.io.grpc.StatusRuntimeException: UNAVAILABLE: io exception
2022-10-11 17:33:18,475 [omNode-1@group-6C22E66A003A-LeaderElection4] INFO  impl.LeaderElection (LeaderElection.java:logAndReturn(90)) - omNode-1@group-6C22E66A003A-LeaderElection4: ELECTION REJECTED received 0 response(s) and 2 exception(s):
2022-10-11 17:33:18,475 [omNode-1@group-6C22E66A003A-LeaderElection4] INFO  impl.LeaderElection (LogUtils.java:infoOrTrace(137)) -   Exception 0: java.util.concurrent.ExecutionException: org.apache.ratis.thirdparty.io.grpc.StatusRuntimeException: UNAVAILABLE: io exception
2022-10-11 17:33:18,475 [omNode-1@group-6C22E66A003A-LeaderElection4] INFO  impl.LeaderElection (LogUtils.java:infoOrTrace(137)) -   Exception 1: java.util.concurrent.ExecutionException: org.apache.ratis.thirdparty.io.grpc.StatusRuntimeException: UNAVAILABLE: io exception
2022-10-11 17:33:18,475 [omNode-1@group-6C22E66A003A-LeaderElection4] INFO  impl.LeaderElection (LeaderElection.java:askForVotes(312)) - omNode-1@group-6C22E66A003A-LeaderElection4 ELECTION round 0: result REJECTED
2022-10-11 17:33:18,476 [omNode-1@group-6C22E66A003A-LeaderElection4] INFO  server.RaftServer$Division (RaftServerImpl.java:setRole(299)) - omNode-1@group-6C22E66A003A: changes role from CANDIDATE to FOLLOWER at term 2 for REJECTED
2022-10-11 17:33:18,476 [omNode-1@group-6C22E66A003A-LeaderElection4] INFO  impl.RoleInfo (RoleInfo.java:shutdownLeaderElection(130)) - omNode-1: shutdown omNode-1@group-6C22E66A003A-LeaderElection4
2022-10-11 17:33:18,477 [omNode-1@group-6C22E66A003A-LeaderElection4] INFO  impl.RoleInfo (RoleInfo.java:updateAndGet(139)) - omNode-1: start omNode-1@group-6C22E66A003A-FollowerState
2022-10-11 17:33:18,534 [omNode-2@group-6C22E66A003A-FollowerState] INFO  impl.FollowerState (FollowerState.java:run(143)) - omNode-2@group-6C22E66A003A-FollowerState: change to CANDIDATE, lastRpcElapsedTime:1070877937ns, electionTimeout:1063ms
2022-10-11 17:33:18,534 [omNode-2@group-6C22E66A003A-FollowerState] INFO  impl.RoleInfo (RoleInfo.java:shutdownFollowerState(110)) - omNode-2: shutdown omNode-2@group-6C22E66A003A-FollowerState
2022-10-11 17:33:18,534 [omNode-2@group-6C22E66A003A-FollowerState] INFO  server.RaftServer$Division (RaftServerImpl.java:setRole(299)) - omNode-2@group-6C22E66A003A: changes role from  FOLLOWER to CANDIDATE at term 0 for changeToCandidate
2022-10-11 17:33:18,534 [omNode-2@group-6C22E66A003A-FollowerState] INFO  server.RaftServerConfigKeys (ConfUtils.java:logGet(46)) - raft.server.leaderelection.pre-vote = false (custom)
2022-10-11 17:33:18,534 [omNode-2@group-6C22E66A003A-FollowerState] INFO  impl.RoleInfo (RoleInfo.java:updateAndGet(139)) - omNode-2: start omNode-2@group-6C22E66A003A-LeaderElection5
2022-10-11 17:33:18,554 [omNode-2@group-6C22E66A003A-LeaderElection5] INFO  impl.LeaderElection (LeaderElection.java:askForVotes(310)) - omNode-2@group-6C22E66A003A-LeaderElection5 ELECTION round 0: submit vote requests at term 1 for -1: [omNode-3|rpc:localhost:39447|priority:0, omNode-1|rpc:localhost:44389|priority:0, omNode-2|rpc:localhost:44407|priority:0], old=null
2022-10-11 17:33:18,612 [grpc-default-executor-0] INFO  server.RaftServer$Division (RaftServerImpl.java:requestVote(1152)) - omNode-3@group-6C22E66A003A: receive requestVote(ELECTION, omNode-2, group-6C22E66A003A, 1, (t:0, i:~))
2022-10-11 17:33:18,614 [grpc-default-executor-0] INFO  impl.VoteContext (VoteContext.java:log(48)) - omNode-3@group-6C22E66A003A-FOLLOWER: accept ELECTION from omNode-2: our priority 0 <= candidate's priority 0
2022-10-11 17:33:18,614 [grpc-default-executor-0] INFO  server.RaftServer$Division (RaftServerImpl.java:setRole(299)) - omNode-3@group-6C22E66A003A: changes role from  FOLLOWER to FOLLOWER at term 1 for candidate:omNode-2
2022-10-11 17:33:18,614 [grpc-default-executor-0] INFO  impl.RoleInfo (RoleInfo.java:shutdownFollowerState(110)) - omNode-3: shutdown omNode-3@group-6C22E66A003A-FollowerState
2022-10-11 17:33:18,614 [omNode-3@group-6C22E66A003A-FollowerState] INFO  impl.FollowerState (FollowerState.java:run(152)) - omNode-3@group-6C22E66A003A-FollowerState was interrupted
2022-10-11 17:33:18,614 [grpc-default-executor-0] INFO  impl.RoleInfo (RoleInfo.java:updateAndGet(139)) - omNode-3: start omNode-3@group-6C22E66A003A-FollowerState
2022-10-11 17:33:18,619 [grpc-default-executor-2] INFO  server.RaftServer$Division (RaftServerImpl.java:requestVote(1152)) - omNode-1@group-6C22E66A003A: receive requestVote(ELECTION, omNode-2, group-6C22E66A003A, 1, (t:0, i:~))
2022-10-11 17:33:18,622 [grpc-default-executor-0] INFO  server.RaftServer$Division (RaftServerImpl.java:requestVote(1184)) - omNode-3@group-6C22E66A003A replies to ELECTION vote request: omNode-2<-omNode-3#0:OK-t1. Peer's state: omNode-3@group-6C22E66A003A:t1, leader=null, voted=omNode-2, raftlog=omNode-3@group-6C22E66A003A-SegmentedRaftLog:OPENED:c-1, conf=-1: [omNode-3|rpc:localhost:39447|priority:0, omNode-1|rpc:localhost:44389|priority:0, omNode-2|rpc:localhost:44407|priority:0], old=null
2022-10-11 17:33:18,620 [grpc-default-executor-2] INFO  impl.VoteContext (VoteContext.java:log(48)) - omNode-1@group-6C22E66A003A-FOLLOWER: reject ELECTION from omNode-2: current term 2 > candidate's term 1
2022-10-11 17:33:18,624 [grpc-default-executor-2] INFO  server.RaftServer$Division (RaftServerImpl.java:requestVote(1184)) - omNode-1@group-6C22E66A003A replies to ELECTION vote request: omNode-2<-omNode-1#0:FAIL-t2. Peer's state: omNode-1@group-6C22E66A003A:t2, leader=null, voted=omNode-1, raftlog=omNode-1@group-6C22E66A003A-SegmentedRaftLog:OPENED:c-1, conf=-1: [omNode-3|rpc:localhost:39447|priority:0, omNode-1|rpc:localhost:44389|priority:0, omNode-2|rpc:localhost:44407|priority:0], old=null
2022-10-11 17:33:18,626 [omNode-2@group-6C22E66A003A-LeaderElection5] INFO  impl.LeaderElection (LeaderElection.java:logAndReturn(90)) - omNode-2@group-6C22E66A003A-LeaderElection5: ELECTION PASSED received 1 response(s) and 0 exception(s):
2022-10-11 17:33:18,626 [omNode-2@group-6C22E66A003A-LeaderElection5] INFO  impl.LeaderElection (LeaderElection.java:logAndReturn(94)) -   Response 0: omNode-2<-omNode-3#0:OK-t1
2022-10-11 17:33:18,626 [omNode-2@group-6C22E66A003A-LeaderElection5] INFO  impl.LeaderElection (LeaderElection.java:askForVotes(312)) - omNode-2@group-6C22E66A003A-LeaderElection5 ELECTION round 0: result PASSED
2022-10-11 17:33:18,626 [omNode-2@group-6C22E66A003A-LeaderElection5] INFO  impl.RoleInfo (RoleInfo.java:shutdownLeaderElection(130)) - omNode-2: shutdown omNode-2@group-6C22E66A003A-LeaderElection5
2022-10-11 17:33:18,626 [omNode-2@group-6C22E66A003A-LeaderElection5] INFO  server.RaftServer$Division (RaftServerImpl.java:setRole(299)) - omNode-2@group-6C22E66A003A: changes role from CANDIDATE to LEADER at term 1 for changeToLeader
2022-10-11 17:33:18,626 [omNode-2@group-6C22E66A003A-LeaderElection5] INFO  server.RaftServer$Division (ServerState.java:setLeader(287)) - omNode-2@group-6C22E66A003A: change Leader from null to omNode-2 at term 1 for becomeLeader, leader elected after 1959ms
2022-10-11 17:33:18,626 [omNode-2@group-6C22E66A003A-LeaderElection5] INFO  server.RaftServerConfigKeys (ConfUtils.java:logGet(46)) - raft.server.staging.catchup.gap = 1000 (default)
2022-10-11 17:33:18,626 [omNode-2@group-6C22E66A003A-LeaderElection5] INFO  server.RaftServerConfigKeys (ConfUtils.java:logGet(46)) - raft.server.write.element-limit = 4096 (default)
2022-10-11 17:33:18,627 [omNode-2@group-6C22E66A003A-LeaderElection5] INFO  server.RaftServerConfigKeys (ConfUtils.java:logGet(46)) - raft.server.write.byte-limit = 64MB (=67108864) (default)
2022-10-11 17:33:18,627 [omNode-2@group-6C22E66A003A-LeaderElection5] INFO  server.RaftServerConfigKeys (ConfUtils.java:logGet(46)) - raft.server.watch.timeout = 10s (default)
2022-10-11 17:33:18,627 [omNode-2@group-6C22E66A003A-LeaderElection5] INFO  server.RaftServerConfigKeys (ConfUtils.java:logGet(46)) - raft.server.watch.timeout.denomination = 1s (default)
2022-10-11 17:33:18,627 [omNode-2@group-6C22E66A003A-LeaderElection5] INFO  server.RaftServerConfigKeys (ConfUtils.java:logGet(46)) - raft.server.watch.element-limit = 65536 (default)
2022-10-11 17:33:18,627 [omNode-2@group-6C22E66A003A-LeaderElection5] INFO  server.RaftServerConfigKeys (ConfUtils.java:logGet(46)) - raft.server.write.element-limit = 4096 (default)
2022-10-11 17:33:18,627 [omNode-2@group-6C22E66A003A-LeaderElection5] INFO  server.RaftServerConfigKeys (ConfUtils.java:logGet(46)) - raft.server.write.follower.gap.ratio.max = -1.0 (default)
2022-10-11 17:33:18,628 [omNode-2@group-6C22E66A003A-LeaderElection5] INFO  server.RaftServerConfigKeys (ConfUtils.java:logGet(46)) - raft.server.log.appender.snapshot.chunk.size.max = 16MB (=16777216) (default)
2022-10-11 17:33:18,628 [omNode-2@group-6C22E66A003A-LeaderElection5] INFO  server.RaftServerConfigKeys (ConfUtils.java:logGet(46)) - raft.server.log.appender.buffer.byte-limit = 33554432 (custom)
2022-10-11 17:33:18,628 [omNode-2@group-6C22E66A003A-LeaderElection5] INFO  server.RaftServerConfigKeys (ConfUtils.java:logGet(46)) - raft.server.log.appender.buffer.element-limit = 1024 (custom)
2022-10-11 17:33:18,628 [omNode-2@group-6C22E66A003A-LeaderElection5] INFO  grpc.GrpcConfigKeys (ConfUtils.java:logGet(46)) - raft.grpc.server.leader.outstanding.appends.max = 128 (default)
2022-10-11 17:33:18,629 [omNode-2@group-6C22E66A003A-LeaderElection5] INFO  server.RaftServerConfigKeys (ConfUtils.java:logGet(46)) - raft.server.rpc.request.timeout = 3000ms (default)
2022-10-11 17:33:18,629 [omNode-2@group-6C22E66A003A-LeaderElection5] INFO  server.RaftServerConfigKeys (ConfUtils.java:logGet(46)) - raft.server.log.appender.install.snapshot.enabled = false (custom)
2022-10-11 17:33:18,629 [omNode-2@group-6C22E66A003A-LeaderElection5] INFO  server.RaftServerConfigKeys (ConfUtils.java:logGet(46)) - raft.server.log.appender.snapshot.chunk.size.max = 16MB (=16777216) (default)
2022-10-11 17:33:18,630 [omNode-2@group-6C22E66A003A-LeaderElection5] INFO  server.RaftServerConfigKeys (ConfUtils.java:logGet(46)) - raft.server.log.appender.buffer.byte-limit = 33554432 (custom)
2022-10-11 17:33:18,630 [omNode-2@group-6C22E66A003A-LeaderElection5] INFO  server.RaftServerConfigKeys (ConfUtils.java:logGet(46)) - raft.server.log.appender.buffer.element-limit = 1024 (custom)
2022-10-11 17:33:18,630 [omNode-2@group-6C22E66A003A-LeaderElection5] INFO  grpc.GrpcConfigKeys (ConfUtils.java:logGet(46)) - raft.grpc.server.leader.outstanding.appends.max = 128 (default)
2022-10-11 17:33:18,630 [omNode-2@group-6C22E66A003A-LeaderElection5] INFO  server.RaftServerConfigKeys (ConfUtils.java:logGet(46)) - raft.server.rpc.request.timeout = 3000ms (default)
2022-10-11 17:33:18,630 [omNode-2@group-6C22E66A003A-LeaderElection5] INFO  server.RaftServerConfigKeys (ConfUtils.java:logGet(46)) - raft.server.log.appender.install.snapshot.enabled = false (custom)
2022-10-11 17:33:18,630 [omNode-2@group-6C22E66A003A-LeaderElection5] INFO  impl.RoleInfo (RoleInfo.java:updateAndGet(139)) - omNode-2: start omNode-2@group-6C22E66A003A-LeaderStateImpl
2022-10-11 17:33:18,632 [omNode-2@group-6C22E66A003A-LeaderElection5] INFO  segmented.SegmentedRaftLogWorker (SegmentedRaftLogWorker.java:startLogSegment(425)) - omNode-2@group-6C22E66A003A-SegmentedRaftLogWorker: Starting segment from index:0
2022-10-11 17:33:18,656 [omNode-2@group-6C22E66A003A-LeaderElection5] INFO  server.RaftServer$Division (ServerState.java:setRaftConf(393)) - omNode-2@group-6C22E66A003A: set configuration 0: [omNode-3|rpc:localhost:39447|admin:|client:|dataStream:|priority:0, omNode-1|rpc:localhost:44389|admin:|client:|dataStream:|priority:0, omNode-2|rpc:localhost:44407|admin:|client:|dataStream:|priority:0], old=null
2022-10-11 17:33:18,663 [omNode-2@group-6C22E66A003A-SegmentedRaftLogWorker] INFO  segmented.SegmentedRaftLogWorker (SegmentedRaftLogWorker.java:execute(629)) - omNode-2@group-6C22E66A003A-SegmentedRaftLogWorker: created new log segment /home/runner/work/ozone/ozone/hadoop-ozone/integration-test/target/test-dir/MiniOzoneClusterImpl-a53f0994-8d29-48d7-8b80-9abc5033b6e0/omNode-2/ratis/9c9825ce-8ba7-3ee6-a7c3-6c22e66a003a/current/log_inprogress_0
2022-10-11 17:33:18,671 [omNode-2@group-6C22E66A003A-StateMachineUpdater] INFO  ratis.OzoneManagerStateMachine (OzoneManagerStateMachine.java:notifyConfigurationChanged(192)) - Received Configuration change notification from Ratis. New Peer list:
[id: "omNode-3"
address: "localhost:39447"
, id: "omNode-1"
address: "localhost:44389"
, id: "omNode-2"
address: "localhost:44407"
]
2022-10-11 17:33:18,687 [omNode-2@group-6C22E66A003A-LeaderStateImpl] INFO  server.RaftServer$Division (ServerState.java:setLeader(287)) - omNode-2@group-6C22E66A003A: change Leader from omNode-2 to null at term 2 for updateCurrentTerm
2022-10-11 17:33:18,687 [omNode-2@group-6C22E66A003A-LeaderStateImpl] INFO  server.RaftServer$Division (RaftServerImpl.java:setRole(299)) - omNode-2@group-6C22E66A003A: changes role from    LEADER to FOLLOWER at term 2 for StepDownReason:HIGHER_TERM
2022-10-11 17:33:18,688 [omNode-2@group-6C22E66A003A-LeaderStateImpl] INFO  impl.RoleInfo (RoleInfo.java:shutdownLeaderState(93)) - omNode-2: shutdown omNode-2@group-6C22E66A003A-LeaderStateImpl
2022-10-11 17:33:18,688 [omNode-2@group-6C22E66A003A->omNode-1-GrpcLogAppender-LogAppenderDaemon] WARN  server.GrpcLogAppender (GrpcLogAppender.java:mayWait(171)) - omNode-2@group-6C22E66A003A->omNode-1-GrpcLogAppender: Wait interrupted by java.lang.InterruptedException
2022-10-11 17:33:18,689 [omNode-2@group-6C22E66A003A->omNode-3-GrpcLogAppender-LogAppenderDaemon] WARN  server.GrpcLogAppender (GrpcLogAppender.java:mayWait(171)) - omNode-2@group-6C22E66A003A->omNode-3-GrpcLogAppender: Wait interrupted by java.lang.InterruptedException
2022-10-11 17:33:18,673 [omNode-3-server-thread1] INFO  server.RaftServer$Division (ServerState.java:setLeader(287)) - omNode-3@group-6C22E66A003A: change Leader from null to omNode-2 at term 1 for appendEntries, leader elected after 820ms
2022-10-11 17:33:18,689 [omNode-2@group-6C22E66A003A-LeaderStateImpl] INFO  impl.PendingRequests (PendingRequests.java:sendNotLeaderResponses(282)) - omNode-2@group-6C22E66A003A-PendingRequests: sendNotLeaderResponses
2022-10-11 17:33:18,695 [omNode-2@group-6C22E66A003A-LeaderStateImpl] INFO  impl.RoleInfo (RoleInfo.java:updateAndGet(139)) - omNode-2: start omNode-2@group-6C22E66A003A-FollowerState
2022-10-11 17:33:18,696 [grpc-default-executor-0] INFO  server.GrpcServerProtocolService (GrpcServerProtocolService.java:onCompleted(140)) - omNode-1: Completed APPEND_ENTRIES, lastRequest: omNode-2->omNode-1#1-t1,previous=(t:0, i:0),leaderCommit=-1,initializing? true,entries: size=1, first=(t:1, i:0), CONFIGURATIONENTRY
2022-10-11 17:33:18,707 [omNode-3-server-thread1] INFO  server.RaftServer$Division (ServerState.java:setRaftConf(393)) - omNode-3@group-6C22E66A003A: set configuration 0: [omNode-3|rpc:localhost:39447|admin:|client:|dataStream:|priority:0, omNode-1|rpc:localhost:44389|admin:|client:|dataStream:|priority:0, omNode-2|rpc:localhost:44407|admin:|client:|dataStream:|priority:0], old=null
2022-10-11 17:33:18,708 [omNode-3-server-thread1] INFO  segmented.SegmentedRaftLogWorker (SegmentedRaftLogWorker.java:startLogSegment(425)) - omNode-3@group-6C22E66A003A-SegmentedRaftLogWorker: Starting segment from index:0
2022-10-11 17:33:18,716 [grpc-default-executor-2] INFO  server.GrpcLogAppender (GrpcLogAppender.java:onCompleted(339)) - omNode-2@group-6C22E66A003A->omNode-1-AppendLogResponseHandler: follower responses appendEntries COMPLETED
2022-10-11 17:33:18,720 [omNode-3@group-6C22E66A003A-SegmentedRaftLogWorker] INFO  segmented.SegmentedRaftLogWorker (SegmentedRaftLogWorker.java:execute(629)) - omNode-3@group-6C22E66A003A-SegmentedRaftLogWorker: created new log segment /home/runner/work/ozone/ozone/hadoop-ozone/integration-test/target/test-dir/MiniOzoneClusterImpl-a53f0994-8d29-48d7-8b80-9abc5033b6e0/omNode-3/ratis/9c9825ce-8ba7-3ee6-a7c3-6c22e66a003a/current/log_inprogress_0
2022-10-11 17:33:18,729 [grpc-default-executor-3] INFO  server.GrpcServerProtocolService (GrpcServerProtocolService.java:onCompleted(140)) - omNode-3: Completed APPEND_ENTRIES, lastRequest: omNode-2->omNode-3#1-t1,previous=(t:0, i:0),leaderCommit=-1,initializing? true,entries: size=1, first=(t:1, i:0), CONFIGURATIONENTRY
2022-10-11 17:33:18,731 [grpc-default-executor-1] INFO  server.GrpcLogAppender (GrpcLogAppender.java:onCompleted(339)) - omNode-2@group-6C22E66A003A->omNode-3-AppendLogResponseHandler: follower responses appendEntries COMPLETED
2022-10-11 17:33:18,746 [grpc-default-executor-2] INFO  leader.FollowerInfo (FollowerInfoImpl.java:lambda$new$0(48)) - omNode-2@group-6C22E66A003A->omNode-1: nextIndex: updateUnconditionally 1 -> 0
2022-10-11 17:33:18,746 [grpc-default-executor-1] INFO  leader.FollowerInfo (FollowerInfoImpl.java:lambda$new$0(48)) - omNode-2@group-6C22E66A003A->omNode-3: nextIndex: updateUnconditionally 1 -> 0
2022-10-11 17:33:18,763 [Listener at 127.0.0.1/46797] WARN  impl.MetricRegistriesImpl (MetricRegistriesImpl.java:addReporterRegistration(111)) - New reporters are added after registries were created. Some metrics will be missing from the reporter. Please add reporter before adding any new registry.
2022-10-11 17:33:18,763 [Listener at 127.0.0.1/46797] WARN  impl.MetricRegistriesImpl (MetricRegistriesImpl.java:addReporterRegistration(111)) - New reporters are added after registries were created. Some metrics will be missing from the reporter. Please add reporter before adding any new registry.
2022-10-11 17:33:18,763 [Listener at 127.0.0.1/46797] INFO  impl.MetricsSystemImpl (MetricsSystemImpl.java:init(158)) - HddsDatanode metrics system started (again)
2022-10-11 17:33:18,780 [Listener at 127.0.0.1/46797] INFO  ozone.HddsDatanodeService (HddsDatanodeService.java:start(236)) - HddsDatanodeService host:fv-az255-813.sbdzdnwsxtye1lzl1wgdhvzhwg.dx.internal.cloudapp.net ip:10.1.1.28
2022-10-11 17:33:18,822 [Listener at 127.0.0.1/46797] INFO  upgrade.AbstractLayoutVersionManager (AbstractLayoutVersionManager.java:init(83)) - Initializing Layout version manager with metadata layout = DATANODE_SCHEMA_V3 (version = 4), software layout = DATANODE_SCHEMA_V3 (version = 4)
2022-10-11 17:33:18,875 [Listener at 127.0.0.1/46797] INFO  reflections.Reflections (Reflections.java:scan(232)) - Reflections took 52 ms to scan 7 urls, producing 137 keys and 328 values 
2022-10-11 17:33:18,883 [Listener at 127.0.0.1/46797] INFO  ha.SCMNodeInfo (SCMNodeInfo.java:getPort(197)) - ConfigKey ozone.scm.client.address is deprecated, For configuring different ports for each SCM use PortConfigKey ozone.scm.client.port appended with serviceId and nodeId
2022-10-11 17:33:18,883 [Listener at 127.0.0.1/46797] INFO  ha.SCMNodeInfo (SCMNodeInfo.java:getPort(197)) - ConfigKey ozone.scm.block.client.address is deprecated, For configuring different ports for each SCM use PortConfigKey ozone.scm.block.client.port appended with serviceId and nodeId
2022-10-11 17:33:18,883 [Listener at 127.0.0.1/46797] INFO  ha.SCMNodeInfo (SCMNodeInfo.java:getPort(197)) - ConfigKey ozone.scm.datanode.address is deprecated, For configuring different ports for each SCM use PortConfigKey ozone.scm.datanode.port appended with serviceId and nodeId
2022-10-11 17:33:18,883 [Listener at 127.0.0.1/46797] INFO  ha.SCMNodeInfo (SCMNodeInfo.java:getPort(197)) - ConfigKey ozone.scm.client.address is deprecated, For configuring different ports for each SCM use PortConfigKey ozone.scm.client.port appended with serviceId and nodeId
2022-10-11 17:33:18,883 [Listener at 127.0.0.1/46797] INFO  ha.SCMNodeInfo (SCMNodeInfo.java:getPort(197)) - ConfigKey ozone.scm.block.client.address is deprecated, For configuring different ports for each SCM use PortConfigKey ozone.scm.block.client.port appended with serviceId and nodeId
2022-10-11 17:33:18,883 [Listener at 127.0.0.1/46797] INFO  ha.SCMNodeInfo (SCMNodeInfo.java:getPort(197)) - ConfigKey ozone.scm.datanode.address is deprecated, For configuring different ports for each SCM use PortConfigKey ozone.scm.datanode.port appended with serviceId and nodeId
2022-10-11 17:33:18,883 [Listener at 127.0.0.1/46797] INFO  ha.SCMNodeInfo (SCMNodeInfo.java:getPort(197)) - ConfigKey ozone.scm.client.address is deprecated, For configuring different ports for each SCM use PortConfigKey ozone.scm.client.port appended with serviceId and nodeId
2022-10-11 17:33:18,883 [Listener at 127.0.0.1/46797] INFO  ha.SCMNodeInfo (SCMNodeInfo.java:getPort(197)) - ConfigKey ozone.scm.block.client.address is deprecated, For configuring different ports for each SCM use PortConfigKey ozone.scm.block.client.port appended with serviceId and nodeId
2022-10-11 17:33:18,883 [Listener at 127.0.0.1/46797] INFO  ha.SCMNodeInfo (SCMNodeInfo.java:getPort(197)) - ConfigKey ozone.scm.datanode.address is deprecated, For configuring different ports for each SCM use PortConfigKey ozone.scm.datanode.port appended with serviceId and nodeId
2022-10-11 17:33:18,883 [Listener at 127.0.0.1/46797] INFO  statemachine.DatanodeStateMachine (DatanodeStateMachine.java:getEndPointTaskThreadPoolSize(237)) - Datanode State Machine Task Thread Pool size 4
2022-10-11 17:33:18,962 [Listener at 127.0.0.1/46797] INFO  volume.HddsVolume (HddsVolume.java:<init>(117)) - Creating HddsVolume: /home/runner/work/ozone/ozone/hadoop-ozone/integration-test/target/test-dir/MiniOzoneClusterImpl-a53f0994-8d29-48d7-8b80-9abc5033b6e0/datanode-0/data-0/containers/hdds of storage type : DISK capacity : 9223372036854775807
2022-10-11 17:33:18,965 [Listener at 127.0.0.1/46797] INFO  volume.MutableVolumeSet (MutableVolumeSet.java:initializeVolumeSet(174)) - Added Volume : /home/runner/work/ozone/ozone/hadoop-ozone/integration-test/target/test-dir/MiniOzoneClusterImpl-a53f0994-8d29-48d7-8b80-9abc5033b6e0/datanode-0/data-0/containers/hdds to VolumeSet
2022-10-11 17:33:18,966 [Listener at 127.0.0.1/46797] INFO  volume.ThrottledAsyncChecker (ThrottledAsyncChecker.java:schedule(141)) - Scheduling a check for /home/runner/work/ozone/ozone/hadoop-ozone/integration-test/target/test-dir/MiniOzoneClusterImpl-a53f0994-8d29-48d7-8b80-9abc5033b6e0/datanode-0/data-0/containers/hdds
2022-10-11 17:33:18,989 [Listener at 127.0.0.1/46797] INFO  volume.StorageVolumeChecker (StorageVolumeChecker.java:checkAllVolumes(202)) - Scheduled health check for volume /home/runner/work/ozone/ozone/hadoop-ozone/integration-test/target/test-dir/MiniOzoneClusterImpl-a53f0994-8d29-48d7-8b80-9abc5033b6e0/datanode-0/data-0/containers/hdds
2022-10-11 17:33:19,008 [Listener at 127.0.0.1/46797] INFO  volume.MutableVolumeSet (MutableVolumeSet.java:initializeVolumeSet(174)) - Added Volume : /home/runner/work/ozone/ozone/hadoop-ozone/integration-test/target/test-dir/MiniOzoneClusterImpl-a53f0994-8d29-48d7-8b80-9abc5033b6e0/datanode-0/data/ratis to VolumeSet
2022-10-11 17:33:19,008 [Listener at 127.0.0.1/46797] INFO  volume.ThrottledAsyncChecker (ThrottledAsyncChecker.java:schedule(141)) - Scheduling a check for /home/runner/work/ozone/ozone/hadoop-ozone/integration-test/target/test-dir/MiniOzoneClusterImpl-a53f0994-8d29-48d7-8b80-9abc5033b6e0/datanode-0/data/ratis
2022-10-11 17:33:19,008 [Listener at 127.0.0.1/46797] INFO  volume.StorageVolumeChecker (StorageVolumeChecker.java:checkAllVolumes(202)) - Scheduled health check for volume /home/runner/work/ozone/ozone/hadoop-ozone/integration-test/target/test-dir/MiniOzoneClusterImpl-a53f0994-8d29-48d7-8b80-9abc5033b6e0/datanode-0/data/ratis
2022-10-11 17:33:19,036 [Thread-704] INFO  ozoneimpl.ContainerReader (ContainerReader.java:readVolume(175)) - Finish verifying containers on volume /home/runner/work/ozone/ozone/hadoop-ozone/integration-test/target/test-dir/MiniOzoneClusterImpl-a53f0994-8d29-48d7-8b80-9abc5033b6e0/datanode-0/data-0/containers/hdds
2022-10-11 17:33:19,036 [Listener at 127.0.0.1/46797] INFO  ozoneimpl.OzoneContainer (OzoneContainer.java:buildContainerSet(300)) - Build ContainerSet costs 0s
2022-10-11 17:33:19,091 [Listener at 127.0.0.1/46797] INFO  audit.AuditLogger (AuditLogger.java:refreshDebugCmdSet(126)) - Refresh DebugCmdSet for DNAudit to [].
2022-10-11 17:33:19,126 [Listener at 127.0.0.1/46797] INFO  server.RaftServer (ConfUtils.java:logGet(46)) - raft.rpc.type = GRPC (default)
2022-10-11 17:33:19,126 [Listener at 127.0.0.1/46797] INFO  grpc.GrpcFactory (GrpcFactory.java:checkPooledByteBufAllocatorUseCacheForAllThreads(48)) - PERFORMANCE WARNING: useCacheForAllThreads is true that may cause Netty to create a lot garbage objects and, as a result, trigger GC.
	It is recommended to disable useCacheForAllThreads by setting -Dorg.apache.ratis.thirdparty.io.netty.allocator.useCacheForAllThreads=false in command line.
2022-10-11 17:33:19,126 [Listener at 127.0.0.1/46797] INFO  grpc.GrpcConfigKeys (ConfUtils.java:logGet(46)) - raft.grpc.admin.port = 0 (custom)
2022-10-11 17:33:19,126 [Listener at 127.0.0.1/46797] INFO  grpc.GrpcConfigKeys (ConfUtils.java:logGet(46)) - raft.grpc.client.port = 0 (custom)
2022-10-11 17:33:19,126 [Listener at 127.0.0.1/46797] INFO  grpc.GrpcConfigKeys (ConfUtils.java:logGet(46)) - raft.grpc.server.port = 0 (default)
2022-10-11 17:33:19,126 [Listener at 127.0.0.1/46797] INFO  server.GrpcService (ConfUtils.java:logGet(46)) - raft.grpc.message.size.max = 32MB (=33554432) (custom)
2022-10-11 17:33:19,127 [Listener at 127.0.0.1/46797] INFO  server.RaftServerConfigKeys (ConfUtils.java:logGet(46)) - raft.server.log.appender.buffer.byte-limit = 33554432 (custom)
2022-10-11 17:33:19,127 [Listener at 127.0.0.1/46797] INFO  server.GrpcService (ConfUtils.java:logGet(46)) - raft.grpc.flow.control.window = 5MB (=5242880) (custom)
2022-10-11 17:33:19,127 [Listener at 127.0.0.1/46797] INFO  server.RaftServerConfigKeys (ConfUtils.java:logGet(46)) - raft.server.rpc.request.timeout = 60s (custom)
2022-10-11 17:33:19,127 [Listener at 127.0.0.1/46797] INFO  grpc.GrpcConfigKeys (ConfUtils.java:logGet(46)) - raft.grpc.server.async.request.thread.pool.cached = true (default)
2022-10-11 17:33:19,127 [Listener at 127.0.0.1/46797] INFO  grpc.GrpcConfigKeys (ConfUtils.java:logGet(46)) - raft.grpc.server.async.request.thread.pool.size = 32 (default)
2022-10-11 17:33:19,128 [Listener at 127.0.0.1/46797] INFO  impl.DataStreamServerImpl (ConfUtils.java:logGet(46)) - raft.datastream.type = DISABLED (default)
2022-10-11 17:33:19,129 [Listener at 127.0.0.1/46797] INFO  server.RaftServerConfigKeys (ConfUtils.java:logGet(46)) - raft.server.threadpool.proxy.cached = true (default)
2022-10-11 17:33:19,129 [Listener at 127.0.0.1/46797] INFO  server.RaftServerConfigKeys (ConfUtils.java:logGet(46)) - raft.server.threadpool.proxy.size = 0 (default)
2022-10-11 17:33:19,129 [Listener at 127.0.0.1/46797] INFO  server.RaftServerConfigKeys (ConfUtils.java:logGet(46)) - raft.server.rpc.slowness.timeout = 300s (custom)
2022-10-11 17:33:19,129 [Listener at 127.0.0.1/46797] INFO  server.RaftServerConfigKeys (ConfUtils.java:logGet(46)) - raft.server.leaderelection.leader.step-down.wait-time = 10s (default)
2022-10-11 17:33:19,129 [Listener at 127.0.0.1/46797] INFO  server.RaftServerConfigKeys (ConfUtils.java:logGet(46)) - raft.server.storage.dir = [/home/runner/work/ozone/ozone/hadoop-ozone/integration-test/target/test-dir/MiniOzoneClusterImpl-a53f0994-8d29-48d7-8b80-9abc5033b6e0/datanode-0/data/ratis] (custom)
2022-10-11 17:33:19,152 [Listener at 127.0.0.1/46797] INFO  server.XceiverServerGrpc (XceiverServerGrpc.java:<init>(132)) - GrpcServer channel type EpollServerSocketChannel
2022-10-11 17:33:19,234 [Listener at 127.0.0.1/46797] INFO  http.BaseHttpServer (BaseHttpServer.java:newHttpServer2BuilderForOzone(213)) - Starting Web-server for hddsDatanode at: http://0.0.0.0:0
2022-10-11 17:33:19,234 [Listener at 127.0.0.1/46797] INFO  http.BaseHttpServer (BaseHttpServer.java:<init>(108)) - Hadoop Security Enabled: false Ozone Security Enabled: false Ozone HTTP Security Enabled: false 
2022-10-11 17:33:19,236 [Listener at 127.0.0.1/46797] INFO  server.AuthenticationFilter (AuthenticationFilter.java:constructSecretProvider(240)) - Unable to initialize FileSignerSecretProvider, falling back to use random secrets.
2022-10-11 17:33:19,237 [Listener at 127.0.0.1/46797] WARN  http.HttpRequestLog (HttpRequestLog.java:getRequestLog(103)) - Jetty request log can only be enabled using Log4j
2022-10-11 17:33:19,239 [Listener at 127.0.0.1/46797] INFO  http.HttpServer2 (HttpServer2.java:addGlobalFilter(1031)) - Added global filter 'safety' (class=org.apache.hadoop.hdds.server.http.HttpServer2$QuotingInputFilter)
2022-10-11 17:33:19,239 [Listener at 127.0.0.1/46797] INFO  http.HttpServer2 (HttpServer2.java:addFilter(1007)) - Added filter static_user_filter (class=org.apache.hadoop.http.lib.StaticUserWebFilter$StaticUserFilter) to context hddsDatanode
2022-10-11 17:33:19,240 [Listener at 127.0.0.1/46797] INFO  http.HttpServer2 (HttpServer2.java:addFilter(1015)) - Added filter static_user_filter (class=org.apache.hadoop.http.lib.StaticUserWebFilter$StaticUserFilter) to context static
2022-10-11 17:33:19,240 [Listener at 127.0.0.1/46797] INFO  http.HttpServer2 (HttpServer2.java:addFilter(1015)) - Added filter static_user_filter (class=org.apache.hadoop.http.lib.StaticUserWebFilter$StaticUserFilter) to context logs
2022-10-11 17:33:19,240 [Listener at 127.0.0.1/46797] INFO  http.HttpServer2 (HttpServer2.java:bindListener(1250)) - Jetty bound to port 36541
2022-10-11 17:33:19,240 [Listener at 127.0.0.1/46797] INFO  server.Server (Server.java:doStart(375)) - jetty-9.4.43.v20210629; built: 2021-06-30T11:07:22.254Z; git: 526006ecfa3af7f1a27ef3a288e2bef7ea9dd7e8; jvm 1.8.0_345-b01
2022-10-11 17:33:19,242 [Listener at 127.0.0.1/46797] INFO  server.session (DefaultSessionIdManager.java:doStart(334)) - DefaultSessionIdManager workerName=node0
2022-10-11 17:33:19,242 [Listener at 127.0.0.1/46797] INFO  server.session (DefaultSessionIdManager.java:doStart(339)) - No SessionScavenger set, using defaults
2022-10-11 17:33:19,242 [Listener at 127.0.0.1/46797] INFO  server.session (HouseKeeper.java:startScavenging(132)) - node0 Scavenging every 660000ms
2022-10-11 17:33:19,243 [Listener at 127.0.0.1/46797] INFO  handler.ContextHandler (ContextHandler.java:doStart(915)) - Started o.e.j.s.ServletContextHandler@2cd9f146{logs,/logs,file:///home/runner/work/ozone/ozone/hadoop-ozone/integration-test/target/log,AVAILABLE}
2022-10-11 17:33:19,243 [Listener at 127.0.0.1/46797] INFO  handler.ContextHandler (ContextHandler.java:doStart(915)) - Started o.e.j.s.ServletContextHandler@3ab63abb{static,/static,jar:file:/home/runner/.m2/repository/org/apache/ozone/hdds-container-service/1.3.0-SNAPSHOT/hdds-container-service-1.3.0-SNAPSHOT.jar!/webapps/static,AVAILABLE}
2022-10-11 17:33:19,473 [Listener at 127.0.0.1/46797] INFO  handler.ContextHandler (ContextHandler.java:doStart(915)) - Started o.e.j.w.WebAppContext@740d49eb{hddsDatanode,/,file:///tmp/jetty-0_0_0_0-36541-hdds-container-service-1_3_0-SNAPSHOT_jar-_-any-5808724439419510137/webapp/,AVAILABLE}{jar:file:/home/runner/.m2/repository/org/apache/ozone/hdds-container-service/1.3.0-SNAPSHOT/hdds-container-service-1.3.0-SNAPSHOT.jar!/webapps/hddsDatanode}
2022-10-11 17:33:19,475 [Listener at 127.0.0.1/46797] INFO  server.AbstractConnector (AbstractConnector.java:doStart(331)) - Started ServerConnector@adadb7e{HTTP/1.1, (http/1.1)}{0.0.0.0:36541}
2022-10-11 17:33:19,475 [Listener at 127.0.0.1/46797] INFO  server.Server (Server.java:doStart(415)) - Started @24807ms
2022-10-11 17:33:19,476 [Listener at 127.0.0.1/46797] WARN  impl.MetricsSystemImpl (MetricsSystemImpl.java:register(279)) - Sink prometheus already exists!
2022-10-11 17:33:19,476 [Listener at 127.0.0.1/46797] INFO  http.BaseHttpServer (BaseHttpServer.java:updateConnectorAddress(333)) - HTTP server of hddsDatanode listening at http://0.0.0.0:36541
2022-10-11 17:33:19,481 [Listener at 127.0.0.1/46797] WARN  impl.MetricRegistriesImpl (MetricRegistriesImpl.java:addReporterRegistration(111)) - New reporters are added after registries were created. Some metrics will be missing from the reporter. Please add reporter before adding any new registry.
2022-10-11 17:33:19,481 [Listener at 127.0.0.1/46797] WARN  impl.MetricRegistriesImpl (MetricRegistriesImpl.java:addReporterRegistration(111)) - New reporters are added after registries were created. Some metrics will be missing from the reporter. Please add reporter before adding any new registry.
2022-10-11 17:33:19,482 [Listener at 127.0.0.1/46797] INFO  impl.MetricsSystemImpl (MetricsSystemImpl.java:init(158)) - HddsDatanode metrics system started (again)
2022-10-11 17:33:19,488 [Datanode State Machine Daemon Thread] INFO  statemachine.DatanodeStateMachine (DatanodeStateMachine.java:lambda$startDaemon$0(492)) - Ozone container server started.
2022-10-11 17:33:19,500 [omNode-1@group-6C22E66A003A-FollowerState] INFO  impl.FollowerState (FollowerState.java:run(143)) - omNode-1@group-6C22E66A003A-FollowerState: change to CANDIDATE, lastRpcElapsedTime:1023690428ns, electionTimeout:1000ms
2022-10-11 17:33:19,500 [omNode-1@group-6C22E66A003A-FollowerState] INFO  impl.RoleInfo (RoleInfo.java:shutdownFollowerState(110)) - omNode-1: shutdown omNode-1@group-6C22E66A003A-FollowerState
2022-10-11 17:33:19,500 [omNode-1@group-6C22E66A003A-FollowerState] INFO  server.RaftServer$Division (RaftServerImpl.java:setRole(299)) - omNode-1@group-6C22E66A003A: changes role from  FOLLOWER to CANDIDATE at term 2 for changeToCandidate
2022-10-11 17:33:19,500 [Listener at 127.0.0.1/46797] INFO  ozone.HddsDatanodeService (HddsDatanodeService.java:start(236)) - HddsDatanodeService host:fv-az255-813.sbdzdnwsxtye1lzl1wgdhvzhwg.dx.internal.cloudapp.net ip:10.1.1.28
2022-10-11 17:33:19,502 [omNode-1@group-6C22E66A003A-FollowerState] INFO  server.RaftServerConfigKeys (ConfUtils.java:logGet(46)) - raft.server.leaderelection.pre-vote = false (custom)
2022-10-11 17:33:19,502 [omNode-1@group-6C22E66A003A-FollowerState] INFO  impl.RoleInfo (RoleInfo.java:updateAndGet(139)) - omNode-1: start omNode-1@group-6C22E66A003A-LeaderElection6
2022-10-11 17:33:19,519 [omNode-1@group-6C22E66A003A-LeaderElection6] INFO  impl.LeaderElection (LeaderElection.java:askForVotes(310)) - omNode-1@group-6C22E66A003A-LeaderElection6 ELECTION round 0: submit vote requests at term 3 for -1: [omNode-3|rpc:localhost:39447|priority:0, omNode-1|rpc:localhost:44389|priority:0, omNode-2|rpc:localhost:44407|priority:0], old=null
2022-10-11 17:33:19,533 [Listener at 127.0.0.1/46797] INFO  upgrade.AbstractLayoutVersionManager (AbstractLayoutVersionManager.java:init(83)) - Initializing Layout version manager with metadata layout = DATANODE_SCHEMA_V3 (version = 4), software layout = DATANODE_SCHEMA_V3 (version = 4)
2022-10-11 17:33:19,547 [omNode-1@group-6C22E66A003A-LeaderElection6] INFO  impl.LeaderElection (LogUtils.java:infoOrTrace(137)) - omNode-1@group-6C22E66A003A-LeaderElection6 got exception when requesting votes: java.util.concurrent.ExecutionException: org.apache.ratis.thirdparty.io.grpc.StatusRuntimeException: UNAVAILABLE: io exception
2022-10-11 17:33:19,556 [grpc-default-executor-1] INFO  server.RaftServer$Division (RaftServerImpl.java:requestVote(1152)) - omNode-2@group-6C22E66A003A: receive requestVote(ELECTION, omNode-1, group-6C22E66A003A, 3, (t:0, i:~))
2022-10-11 17:33:19,556 [grpc-default-executor-1] INFO  impl.VoteContext (VoteContext.java:log(48)) - omNode-2@group-6C22E66A003A-FOLLOWER: reject ELECTION from omNode-1: our last entry (t:1, i:0) > candidate's last entry (t:0, i:~)
2022-10-11 17:33:19,556 [grpc-default-executor-1] INFO  server.RaftServer$Division (RaftServerImpl.java:setRole(299)) - omNode-2@group-6C22E66A003A: changes role from  FOLLOWER to FOLLOWER at term 3 for candidate:omNode-1
2022-10-11 17:33:19,556 [grpc-default-executor-1] INFO  impl.RoleInfo (RoleInfo.java:shutdownFollowerState(110)) - omNode-2: shutdown omNode-2@group-6C22E66A003A-FollowerState
2022-10-11 17:33:19,556 [omNode-2@group-6C22E66A003A-FollowerState] INFO  impl.FollowerState (FollowerState.java:run(152)) - omNode-2@group-6C22E66A003A-FollowerState was interrupted
2022-10-11 17:33:19,556 [grpc-default-executor-1] INFO  impl.RoleInfo (RoleInfo.java:updateAndGet(139)) - omNode-2: start omNode-2@group-6C22E66A003A-FollowerState
2022-10-11 17:33:19,567 [org.apache.hadoop.util.JvmPauseMonitor$Monitor@173a7e63] INFO  util.JvmPauseMonitor (JvmPauseMonitor.java:run(188)) - Starting JVM pause monitor
2022-10-11 17:33:19,580 [grpc-default-executor-1] INFO  server.RaftServer$Division (RaftServerImpl.java:requestVote(1184)) - omNode-2@group-6C22E66A003A replies to ELECTION vote request: omNode-1<-omNode-2#0:FAIL-t3. Peer's state: omNode-2@group-6C22E66A003A:t3, leader=null, voted=null, raftlog=omNode-2@group-6C22E66A003A-SegmentedRaftLog:OPENED:c0, conf=0: [omNode-3|rpc:localhost:39447|admin:|client:|dataStream:|priority:0, omNode-1|rpc:localhost:44389|admin:|client:|dataStream:|priority:0, omNode-2|rpc:localhost:44407|admin:|client:|dataStream:|priority:0], old=null
2022-10-11 17:33:19,601 [omNode-1@group-6C22E66A003A-LeaderElection6] INFO  impl.LeaderElection (LeaderElection.java:logAndReturn(90)) - omNode-1@group-6C22E66A003A-LeaderElection6: ELECTION REJECTED received 1 response(s) and 1 exception(s):
2022-10-11 17:33:19,602 [omNode-1@group-6C22E66A003A-LeaderElection6] INFO  impl.LeaderElection (LeaderElection.java:logAndReturn(94)) -   Response 0: omNode-1<-omNode-2#0:FAIL-t3
2022-10-11 17:33:19,602 [omNode-1@group-6C22E66A003A-LeaderElection6] INFO  impl.LeaderElection (LogUtils.java:infoOrTrace(137)) -   Exception 1: java.util.concurrent.ExecutionException: org.apache.ratis.thirdparty.io.grpc.StatusRuntimeException: UNAVAILABLE: io exception
2022-10-11 17:33:19,602 [omNode-1@group-6C22E66A003A-LeaderElection6] INFO  impl.LeaderElection (LeaderElection.java:askForVotes(312)) - omNode-1@group-6C22E66A003A-LeaderElection6 ELECTION round 0: result REJECTED
2022-10-11 17:33:19,602 [omNode-1@group-6C22E66A003A-LeaderElection6] INFO  server.RaftServer$Division (RaftServerImpl.java:setRole(299)) - omNode-1@group-6C22E66A003A: changes role from CANDIDATE to FOLLOWER at term 3 for REJECTED
2022-10-11 17:33:19,602 [omNode-1@group-6C22E66A003A-LeaderElection6] INFO  impl.RoleInfo (RoleInfo.java:shutdownLeaderElection(130)) - omNode-1: shutdown omNode-1@group-6C22E66A003A-LeaderElection6
2022-10-11 17:33:19,602 [omNode-1@group-6C22E66A003A-LeaderElection6] INFO  impl.RoleInfo (RoleInfo.java:updateAndGet(139)) - omNode-1: start omNode-1@group-6C22E66A003A-FollowerState
2022-10-11 17:33:19,600 [Datanode State Machine Task Thread - 0] INFO  ha.SCMNodeInfo (SCMNodeInfo.java:getPort(197)) - ConfigKey ozone.scm.client.address is deprecated, For configuring different ports for each SCM use PortConfigKey ozone.scm.client.port appended with serviceId and nodeId
2022-10-11 17:33:19,611 [Datanode State Machine Task Thread - 0] INFO  ha.SCMNodeInfo (SCMNodeInfo.java:getPort(197)) - ConfigKey ozone.scm.block.client.address is deprecated, For configuring different ports for each SCM use PortConfigKey ozone.scm.block.client.port appended with serviceId and nodeId
2022-10-11 17:33:19,611 [Datanode State Machine Task Thread - 0] INFO  ha.SCMNodeInfo (SCMNodeInfo.java:getPort(197)) - ConfigKey ozone.scm.datanode.address is deprecated, For configuring different ports for each SCM use PortConfigKey ozone.scm.datanode.port appended with serviceId and nodeId
2022-10-11 17:33:19,611 [Datanode State Machine Task Thread - 0] INFO  ha.SCMNodeInfo (SCMNodeInfo.java:getPort(197)) - ConfigKey ozone.scm.client.address is deprecated, For configuring different ports for each SCM use PortConfigKey ozone.scm.client.port appended with serviceId and nodeId
2022-10-11 17:33:19,611 [Datanode State Machine Task Thread - 0] INFO  ha.SCMNodeInfo (SCMNodeInfo.java:getPort(197)) - ConfigKey ozone.scm.block.client.address is deprecated, For configuring different ports for each SCM use PortConfigKey ozone.scm.block.client.port appended with serviceId and nodeId
2022-10-11 17:33:19,611 [Datanode State Machine Task Thread - 0] INFO  ha.SCMNodeInfo (SCMNodeInfo.java:getPort(197)) - ConfigKey ozone.scm.datanode.address is deprecated, For configuring different ports for each SCM use PortConfigKey ozone.scm.datanode.port appended with serviceId and nodeId
2022-10-11 17:33:19,611 [Datanode State Machine Task Thread - 0] INFO  ha.SCMNodeInfo (SCMNodeInfo.java:getPort(197)) - ConfigKey ozone.scm.client.address is deprecated, For configuring different ports for each SCM use PortConfigKey ozone.scm.client.port appended with serviceId and nodeId
2022-10-11 17:33:19,611 [Datanode State Machine Task Thread - 0] INFO  ha.SCMNodeInfo (SCMNodeInfo.java:getPort(197)) - ConfigKey ozone.scm.block.client.address is deprecated, For configuring different ports for each SCM use PortConfigKey ozone.scm.block.client.port appended with serviceId and nodeId
2022-10-11 17:33:19,611 [Datanode State Machine Task Thread - 0] INFO  ha.SCMNodeInfo (SCMNodeInfo.java:getPort(197)) - ConfigKey ozone.scm.datanode.address is deprecated, For configuring different ports for each SCM use PortConfigKey ozone.scm.datanode.port appended with serviceId and nodeId
2022-10-11 17:33:19,649 [Listener at 127.0.0.1/46797] INFO  reflections.Reflections (Reflections.java:scan(232)) - Reflections took 115 ms to scan 7 urls, producing 137 keys and 328 values 
2022-10-11 17:33:19,659 [Listener at 127.0.0.1/46797] INFO  ha.SCMNodeInfo (SCMNodeInfo.java:getPort(197)) - ConfigKey ozone.scm.client.address is deprecated, For configuring different ports for each SCM use PortConfigKey ozone.scm.client.port appended with serviceId and nodeId
2022-10-11 17:33:19,659 [Listener at 127.0.0.1/46797] INFO  ha.SCMNodeInfo (SCMNodeInfo.java:getPort(197)) - ConfigKey ozone.scm.block.client.address is deprecated, For configuring different ports for each SCM use PortConfigKey ozone.scm.block.client.port appended with serviceId and nodeId
2022-10-11 17:33:19,659 [Listener at 127.0.0.1/46797] INFO  ha.SCMNodeInfo (SCMNodeInfo.java:getPort(197)) - ConfigKey ozone.scm.datanode.address is deprecated, For configuring different ports for each SCM use PortConfigKey ozone.scm.datanode.port appended with serviceId and nodeId
2022-10-11 17:33:19,659 [Listener at 127.0.0.1/46797] INFO  ha.SCMNodeInfo (SCMNodeInfo.java:getPort(197)) - ConfigKey ozone.scm.client.address is deprecated, For configuring different ports for each SCM use PortConfigKey ozone.scm.client.port appended with serviceId and nodeId
2022-10-11 17:33:19,659 [Listener at 127.0.0.1/46797] INFO  ha.SCMNodeInfo (SCMNodeInfo.java:getPort(197)) - ConfigKey ozone.scm.block.client.address is deprecated, For configuring different ports for each SCM use PortConfigKey ozone.scm.block.client.port appended with serviceId and nodeId
2022-10-11 17:33:19,660 [Listener at 127.0.0.1/46797] INFO  ha.SCMNodeInfo (SCMNodeInfo.java:getPort(197)) - ConfigKey ozone.scm.datanode.address is deprecated, For configuring different ports for each SCM use PortConfigKey ozone.scm.datanode.port appended with serviceId and nodeId
2022-10-11 17:33:19,660 [Listener at 127.0.0.1/46797] INFO  ha.SCMNodeInfo (SCMNodeInfo.java:getPort(197)) - ConfigKey ozone.scm.client.address is deprecated, For configuring different ports for each SCM use PortConfigKey ozone.scm.client.port appended with serviceId and nodeId
2022-10-11 17:33:19,660 [Listener at 127.0.0.1/46797] INFO  ha.SCMNodeInfo (SCMNodeInfo.java:getPort(197)) - ConfigKey ozone.scm.block.client.address is deprecated, For configuring different ports for each SCM use PortConfigKey ozone.scm.block.client.port appended with serviceId and nodeId
2022-10-11 17:33:19,660 [Listener at 127.0.0.1/46797] INFO  ha.SCMNodeInfo (SCMNodeInfo.java:getPort(197)) - ConfigKey ozone.scm.datanode.address is deprecated, For configuring different ports for each SCM use PortConfigKey ozone.scm.datanode.port appended with serviceId and nodeId
2022-10-11 17:33:19,660 [Listener at 127.0.0.1/46797] INFO  statemachine.DatanodeStateMachine (DatanodeStateMachine.java:getEndPointTaskThreadPoolSize(237)) - Datanode State Machine Task Thread Pool size 4
2022-10-11 17:33:19,664 [Listener at 127.0.0.1/46797] INFO  volume.HddsVolume (HddsVolume.java:<init>(117)) - Creating HddsVolume: /home/runner/work/ozone/ozone/hadoop-ozone/integration-test/target/test-dir/MiniOzoneClusterImpl-a53f0994-8d29-48d7-8b80-9abc5033b6e0/datanode-1/data-0/containers/hdds of storage type : DISK capacity : 9223372036854775807
2022-10-11 17:33:19,664 [Listener at 127.0.0.1/46797] INFO  volume.MutableVolumeSet (MutableVolumeSet.java:initializeVolumeSet(174)) - Added Volume : /home/runner/work/ozone/ozone/hadoop-ozone/integration-test/target/test-dir/MiniOzoneClusterImpl-a53f0994-8d29-48d7-8b80-9abc5033b6e0/datanode-1/data-0/containers/hdds to VolumeSet
2022-10-11 17:33:19,664 [Listener at 127.0.0.1/46797] INFO  volume.ThrottledAsyncChecker (ThrottledAsyncChecker.java:schedule(141)) - Scheduling a check for /home/runner/work/ozone/ozone/hadoop-ozone/integration-test/target/test-dir/MiniOzoneClusterImpl-a53f0994-8d29-48d7-8b80-9abc5033b6e0/datanode-1/data-0/containers/hdds
2022-10-11 17:33:19,669 [Listener at 127.0.0.1/46797] INFO  volume.StorageVolumeChecker (StorageVolumeChecker.java:checkAllVolumes(202)) - Scheduled health check for volume /home/runner/work/ozone/ozone/hadoop-ozone/integration-test/target/test-dir/MiniOzoneClusterImpl-a53f0994-8d29-48d7-8b80-9abc5033b6e0/datanode-1/data-0/containers/hdds
2022-10-11 17:33:19,693 [Listener at 127.0.0.1/46797] INFO  volume.MutableVolumeSet (MutableVolumeSet.java:initializeVolumeSet(174)) - Added Volume : /home/runner/work/ozone/ozone/hadoop-ozone/integration-test/target/test-dir/MiniOzoneClusterImpl-a53f0994-8d29-48d7-8b80-9abc5033b6e0/datanode-1/data/ratis to VolumeSet
2022-10-11 17:33:19,693 [Listener at 127.0.0.1/46797] INFO  volume.ThrottledAsyncChecker (ThrottledAsyncChecker.java:schedule(141)) - Scheduling a check for /home/runner/work/ozone/ozone/hadoop-ozone/integration-test/target/test-dir/MiniOzoneClusterImpl-a53f0994-8d29-48d7-8b80-9abc5033b6e0/datanode-1/data/ratis
2022-10-11 17:33:19,693 [Listener at 127.0.0.1/46797] INFO  volume.StorageVolumeChecker (StorageVolumeChecker.java:checkAllVolumes(202)) - Scheduled health check for volume /home/runner/work/ozone/ozone/hadoop-ozone/integration-test/target/test-dir/MiniOzoneClusterImpl-a53f0994-8d29-48d7-8b80-9abc5033b6e0/datanode-1/data/ratis
2022-10-11 17:33:19,709 [Thread-722] INFO  ozoneimpl.ContainerReader (ContainerReader.java:readVolume(175)) - Finish verifying containers on volume /home/runner/work/ozone/ozone/hadoop-ozone/integration-test/target/test-dir/MiniOzoneClusterImpl-a53f0994-8d29-48d7-8b80-9abc5033b6e0/datanode-1/data-0/containers/hdds
2022-10-11 17:33:19,712 [Listener at 127.0.0.1/46797] INFO  ozoneimpl.OzoneContainer (OzoneContainer.java:buildContainerSet(300)) - Build ContainerSet costs 0s
2022-10-11 17:33:19,718 [Listener at 127.0.0.1/46797] INFO  server.RaftServer (ConfUtils.java:logGet(46)) - raft.rpc.type = GRPC (default)
2022-10-11 17:33:19,719 [Listener at 127.0.0.1/46797] INFO  grpc.GrpcFactory (GrpcFactory.java:checkPooledByteBufAllocatorUseCacheForAllThreads(48)) - PERFORMANCE WARNING: useCacheForAllThreads is true that may cause Netty to create a lot garbage objects and, as a result, trigger GC.
	It is recommended to disable useCacheForAllThreads by setting -Dorg.apache.ratis.thirdparty.io.netty.allocator.useCacheForAllThreads=false in command line.
2022-10-11 17:33:19,719 [Listener at 127.0.0.1/46797] INFO  grpc.GrpcConfigKeys (ConfUtils.java:logGet(46)) - raft.grpc.admin.port = 0 (custom)
2022-10-11 17:33:19,719 [Listener at 127.0.0.1/46797] INFO  grpc.GrpcConfigKeys (ConfUtils.java:logGet(46)) - raft.grpc.client.port = 0 (custom)
2022-10-11 17:33:19,719 [Listener at 127.0.0.1/46797] INFO  grpc.GrpcConfigKeys (ConfUtils.java:logGet(46)) - raft.grpc.server.port = 0 (default)
2022-10-11 17:33:19,719 [Listener at 127.0.0.1/46797] INFO  server.GrpcService (ConfUtils.java:logGet(46)) - raft.grpc.message.size.max = 32MB (=33554432) (custom)
2022-10-11 17:33:19,719 [Listener at 127.0.0.1/46797] INFO  server.RaftServerConfigKeys (ConfUtils.java:logGet(46)) - raft.server.log.appender.buffer.byte-limit = 33554432 (custom)
2022-10-11 17:33:19,719 [Listener at 127.0.0.1/46797] INFO  server.GrpcService (ConfUtils.java:logGet(46)) - raft.grpc.flow.control.window = 5MB (=5242880) (custom)
2022-10-11 17:33:19,720 [Listener at 127.0.0.1/46797] INFO  server.RaftServerConfigKeys (ConfUtils.java:logGet(46)) - raft.server.rpc.request.timeout = 60s (custom)
2022-10-11 17:33:19,720 [Listener at 127.0.0.1/46797] INFO  grpc.GrpcConfigKeys (ConfUtils.java:logGet(46)) - raft.grpc.server.async.request.thread.pool.cached = true (default)
2022-10-11 17:33:19,720 [Listener at 127.0.0.1/46797] INFO  grpc.GrpcConfigKeys (ConfUtils.java:logGet(46)) - raft.grpc.server.async.request.thread.pool.size = 32 (default)
2022-10-11 17:33:19,721 [Listener at 127.0.0.1/46797] INFO  impl.DataStreamServerImpl (ConfUtils.java:logGet(46)) - raft.datastream.type = DISABLED (default)
2022-10-11 17:33:19,721 [Listener at 127.0.0.1/46797] INFO  server.RaftServerConfigKeys (ConfUtils.java:logGet(46)) - raft.server.threadpool.proxy.cached = true (default)
2022-10-11 17:33:19,721 [Listener at 127.0.0.1/46797] INFO  server.RaftServerConfigKeys (ConfUtils.java:logGet(46)) - raft.server.threadpool.proxy.size = 0 (default)
2022-10-11 17:33:19,721 [Listener at 127.0.0.1/46797] INFO  server.RaftServerConfigKeys (ConfUtils.java:logGet(46)) - raft.server.rpc.slowness.timeout = 300s (custom)
2022-10-11 17:33:19,723 [Listener at 127.0.0.1/46797] INFO  server.RaftServerConfigKeys (ConfUtils.java:logGet(46)) - raft.server.leaderelection.leader.step-down.wait-time = 10s (default)
2022-10-11 17:33:19,724 [Listener at 127.0.0.1/46797] INFO  server.RaftServerConfigKeys (ConfUtils.java:logGet(46)) - raft.server.storage.dir = [/home/runner/work/ozone/ozone/hadoop-ozone/integration-test/target/test-dir/MiniOzoneClusterImpl-a53f0994-8d29-48d7-8b80-9abc5033b6e0/datanode-1/data/ratis] (custom)
2022-10-11 17:33:19,725 [Listener at 127.0.0.1/46797] INFO  server.XceiverServerGrpc (XceiverServerGrpc.java:<init>(132)) - GrpcServer channel type EpollServerSocketChannel
2022-10-11 17:33:19,729 [Listener at 127.0.0.1/46797] INFO  http.BaseHttpServer (BaseHttpServer.java:newHttpServer2BuilderForOzone(213)) - Starting Web-server for hddsDatanode at: http://0.0.0.0:0
2022-10-11 17:33:19,729 [Listener at 127.0.0.1/46797] INFO  http.BaseHttpServer (BaseHttpServer.java:<init>(108)) - Hadoop Security Enabled: false Ozone Security Enabled: false Ozone HTTP Security Enabled: false 
2022-10-11 17:33:19,731 [Listener at 127.0.0.1/46797] INFO  server.AuthenticationFilter (AuthenticationFilter.java:constructSecretProvider(240)) - Unable to initialize FileSignerSecretProvider, falling back to use random secrets.
2022-10-11 17:33:19,734 [Listener at 127.0.0.1/46797] WARN  http.HttpRequestLog (HttpRequestLog.java:getRequestLog(103)) - Jetty request log can only be enabled using Log4j
2022-10-11 17:33:19,736 [Listener at 127.0.0.1/46797] INFO  http.HttpServer2 (HttpServer2.java:addGlobalFilter(1031)) - Added global filter 'safety' (class=org.apache.hadoop.hdds.server.http.HttpServer2$QuotingInputFilter)
2022-10-11 17:33:19,736 [Listener at 127.0.0.1/46797] INFO  http.HttpServer2 (HttpServer2.java:addFilter(1007)) - Added filter static_user_filter (class=org.apache.hadoop.http.lib.StaticUserWebFilter$StaticUserFilter) to context hddsDatanode
2022-10-11 17:33:19,737 [Listener at 127.0.0.1/46797] INFO  http.HttpServer2 (HttpServer2.java:addFilter(1015)) - Added filter static_user_filter (class=org.apache.hadoop.http.lib.StaticUserWebFilter$StaticUserFilter) to context logs
2022-10-11 17:33:19,737 [Listener at 127.0.0.1/46797] INFO  http.HttpServer2 (HttpServer2.java:addFilter(1015)) - Added filter static_user_filter (class=org.apache.hadoop.http.lib.StaticUserWebFilter$StaticUserFilter) to context static
2022-10-11 17:33:19,737 [Listener at 127.0.0.1/46797] INFO  http.HttpServer2 (HttpServer2.java:bindListener(1250)) - Jetty bound to port 33773
2022-10-11 17:33:19,737 [Listener at 127.0.0.1/46797] INFO  server.Server (Server.java:doStart(375)) - jetty-9.4.43.v20210629; built: 2021-06-30T11:07:22.254Z; git: 526006ecfa3af7f1a27ef3a288e2bef7ea9dd7e8; jvm 1.8.0_345-b01
2022-10-11 17:33:19,779 [Listener at 127.0.0.1/46797] INFO  server.session (DefaultSessionIdManager.java:doStart(334)) - DefaultSessionIdManager workerName=node0
2022-10-11 17:33:19,779 [Listener at 127.0.0.1/46797] INFO  server.session (DefaultSessionIdManager.java:doStart(339)) - No SessionScavenger set, using defaults
2022-10-11 17:33:19,779 [Listener at 127.0.0.1/46797] INFO  server.session (HouseKeeper.java:startScavenging(132)) - node0 Scavenging every 600000ms
2022-10-11 17:33:19,783 [Datanode State Machine Task Thread - 0] INFO  datanode.InitDatanodeState (InitDatanodeState.java:persistContainerDatanodeDetails(138)) - DatanodeDetails is persisted to /home/runner/work/ozone/ozone/hadoop-ozone/integration-test/target/test-dir/MiniOzoneClusterImpl-a53f0994-8d29-48d7-8b80-9abc5033b6e0/datanode-0/meta/datanode.id
2022-10-11 17:33:19,784 [Listener at 127.0.0.1/46797] INFO  handler.ContextHandler (ContextHandler.java:doStart(915)) - Started o.e.j.s.ServletContextHandler@6f040734{logs,/logs,file:///home/runner/work/ozone/ozone/hadoop-ozone/integration-test/target/log,AVAILABLE}
2022-10-11 17:33:19,784 [Listener at 127.0.0.1/46797] INFO  handler.ContextHandler (ContextHandler.java:doStart(915)) - Started o.e.j.s.ServletContextHandler@533dd2b4{static,/static,jar:file:/home/runner/.m2/repository/org/apache/ozone/hdds-container-service/1.3.0-SNAPSHOT/hdds-container-service-1.3.0-SNAPSHOT.jar!/webapps/static,AVAILABLE}
2022-10-11 17:33:19,994 [Listener at 127.0.0.1/46797] INFO  handler.ContextHandler (ContextHandler.java:doStart(915)) - Started o.e.j.w.WebAppContext@5f34b90c{hddsDatanode,/,file:///tmp/jetty-0_0_0_0-33773-hdds-container-service-1_3_0-SNAPSHOT_jar-_-any-7234272379295483069/webapp/,AVAILABLE}{jar:file:/home/runner/.m2/repository/org/apache/ozone/hdds-container-service/1.3.0-SNAPSHOT/hdds-container-service-1.3.0-SNAPSHOT.jar!/webapps/hddsDatanode}
2022-10-11 17:33:19,996 [Listener at 127.0.0.1/46797] INFO  server.AbstractConnector (AbstractConnector.java:doStart(331)) - Started ServerConnector@76d86393{HTTP/1.1, (http/1.1)}{0.0.0.0:33773}
2022-10-11 17:33:19,997 [Listener at 127.0.0.1/46797] INFO  server.Server (Server.java:doStart(415)) - Started @25328ms
2022-10-11 17:33:19,997 [Listener at 127.0.0.1/46797] WARN  impl.MetricsSystemImpl (MetricsSystemImpl.java:register(279)) - Sink prometheus already exists!
2022-10-11 17:33:19,997 [Listener at 127.0.0.1/46797] INFO  http.BaseHttpServer (BaseHttpServer.java:updateConnectorAddress(333)) - HTTP server of hddsDatanode listening at http://0.0.0.0:33773
2022-10-11 17:33:19,998 [Listener at 127.0.0.1/46797] WARN  impl.MetricRegistriesImpl (MetricRegistriesImpl.java:addReporterRegistration(111)) - New reporters are added after registries were created. Some metrics will be missing from the reporter. Please add reporter before adding any new registry.
2022-10-11 17:33:19,998 [Listener at 127.0.0.1/46797] WARN  impl.MetricRegistriesImpl (MetricRegistriesImpl.java:addReporterRegistration(111)) - New reporters are added after registries were created. Some metrics will be missing from the reporter. Please add reporter before adding any new registry.
2022-10-11 17:33:19,998 [Listener at 127.0.0.1/46797] INFO  impl.MetricsSystemImpl (MetricsSystemImpl.java:init(158)) - HddsDatanode metrics system started (again)
2022-10-11 17:33:20,001 [Datanode State Machine Daemon Thread] INFO  statemachine.DatanodeStateMachine (DatanodeStateMachine.java:lambda$startDaemon$0(492)) - Ozone container server started.
2022-10-11 17:33:20,009 [org.apache.hadoop.util.JvmPauseMonitor$Monitor@5fd656c3] INFO  util.JvmPauseMonitor (JvmPauseMonitor.java:run(188)) - Starting JVM pause monitor
2022-10-11 17:33:20,010 [Datanode State Machine Task Thread - 0] INFO  ha.SCMNodeInfo (SCMNodeInfo.java:getPort(197)) - ConfigKey ozone.scm.client.address is deprecated, For configuring different ports for each SCM use PortConfigKey ozone.scm.client.port appended with serviceId and nodeId
2022-10-11 17:33:20,010 [Datanode State Machine Task Thread - 0] INFO  ha.SCMNodeInfo (SCMNodeInfo.java:getPort(197)) - ConfigKey ozone.scm.block.client.address is deprecated, For configuring different ports for each SCM use PortConfigKey ozone.scm.block.client.port appended with serviceId and nodeId
2022-10-11 17:33:20,010 [Datanode State Machine Task Thread - 0] INFO  ha.SCMNodeInfo (SCMNodeInfo.java:getPort(197)) - ConfigKey ozone.scm.datanode.address is deprecated, For configuring different ports for each SCM use PortConfigKey ozone.scm.datanode.port appended with serviceId and nodeId
2022-10-11 17:33:20,010 [Datanode State Machine Task Thread - 0] INFO  ha.SCMNodeInfo (SCMNodeInfo.java:getPort(197)) - ConfigKey ozone.scm.client.address is deprecated, For configuring different ports for each SCM use PortConfigKey ozone.scm.client.port appended with serviceId and nodeId
2022-10-11 17:33:20,010 [Datanode State Machine Task Thread - 0] INFO  ha.SCMNodeInfo (SCMNodeInfo.java:getPort(197)) - ConfigKey ozone.scm.block.client.address is deprecated, For configuring different ports for each SCM use PortConfigKey ozone.scm.block.client.port appended with serviceId and nodeId
2022-10-11 17:33:20,010 [Datanode State Machine Task Thread - 0] INFO  ha.SCMNodeInfo (SCMNodeInfo.java:getPort(197)) - ConfigKey ozone.scm.datanode.address is deprecated, For configuring different ports for each SCM use PortConfigKey ozone.scm.datanode.port appended with serviceId and nodeId
2022-10-11 17:33:20,010 [Datanode State Machine Task Thread - 0] INFO  ha.SCMNodeInfo (SCMNodeInfo.java:getPort(197)) - ConfigKey ozone.scm.client.address is deprecated, For configuring different ports for each SCM use PortConfigKey ozone.scm.client.port appended with serviceId and nodeId
2022-10-11 17:33:20,010 [Datanode State Machine Task Thread - 0] INFO  ha.SCMNodeInfo (SCMNodeInfo.java:getPort(197)) - ConfigKey ozone.scm.block.client.address is deprecated, For configuring different ports for each SCM use PortConfigKey ozone.scm.block.client.port appended with serviceId and nodeId
2022-10-11 17:33:20,010 [Datanode State Machine Task Thread - 0] INFO  ha.SCMNodeInfo (SCMNodeInfo.java:getPort(197)) - ConfigKey ozone.scm.datanode.address is deprecated, For configuring different ports for each SCM use PortConfigKey ozone.scm.datanode.port appended with serviceId and nodeId
2022-10-11 17:33:20,023 [Datanode State Machine Task Thread - 0] INFO  datanode.InitDatanodeState (InitDatanodeState.java:persistContainerDatanodeDetails(138)) - DatanodeDetails is persisted to /home/runner/work/ozone/ozone/hadoop-ozone/integration-test/target/test-dir/MiniOzoneClusterImpl-a53f0994-8d29-48d7-8b80-9abc5033b6e0/datanode-1/meta/datanode.id
2022-10-11 17:33:20,029 [Listener at 127.0.0.1/46797] INFO  ozone.HddsDatanodeService (HddsDatanodeService.java:start(236)) - HddsDatanodeService host:fv-az255-813.sbdzdnwsxtye1lzl1wgdhvzhwg.dx.internal.cloudapp.net ip:10.1.1.28
2022-10-11 17:33:20,063 [Listener at 127.0.0.1/46797] INFO  upgrade.AbstractLayoutVersionManager (AbstractLayoutVersionManager.java:init(83)) - Initializing Layout version manager with metadata layout = DATANODE_SCHEMA_V3 (version = 4), software layout = DATANODE_SCHEMA_V3 (version = 4)
2022-10-11 17:33:20,118 [Listener at 127.0.0.1/46797] INFO  reflections.Reflections (Reflections.java:scan(232)) - Reflections took 52 ms to scan 7 urls, producing 137 keys and 328 values 
2022-10-11 17:33:20,121 [Listener at 127.0.0.1/46797] INFO  ha.SCMNodeInfo (SCMNodeInfo.java:getPort(197)) - ConfigKey ozone.scm.client.address is deprecated, For configuring different ports for each SCM use PortConfigKey ozone.scm.client.port appended with serviceId and nodeId
2022-10-11 17:33:20,121 [Listener at 127.0.0.1/46797] INFO  ha.SCMNodeInfo (SCMNodeInfo.java:getPort(197)) - ConfigKey ozone.scm.block.client.address is deprecated, For configuring different ports for each SCM use PortConfigKey ozone.scm.block.client.port appended with serviceId and nodeId
2022-10-11 17:33:20,121 [Listener at 127.0.0.1/46797] INFO  ha.SCMNodeInfo (SCMNodeInfo.java:getPort(197)) - ConfigKey ozone.scm.datanode.address is deprecated, For configuring different ports for each SCM use PortConfigKey ozone.scm.datanode.port appended with serviceId and nodeId
2022-10-11 17:33:20,121 [Listener at 127.0.0.1/46797] INFO  ha.SCMNodeInfo (SCMNodeInfo.java:getPort(197)) - ConfigKey ozone.scm.client.address is deprecated, For configuring different ports for each SCM use PortConfigKey ozone.scm.client.port appended with serviceId and nodeId
2022-10-11 17:33:20,121 [Listener at 127.0.0.1/46797] INFO  ha.SCMNodeInfo (SCMNodeInfo.java:getPort(197)) - ConfigKey ozone.scm.block.client.address is deprecated, For configuring different ports for each SCM use PortConfigKey ozone.scm.block.client.port appended with serviceId and nodeId
2022-10-11 17:33:20,121 [Listener at 127.0.0.1/46797] INFO  ha.SCMNodeInfo (SCMNodeInfo.java:getPort(197)) - ConfigKey ozone.scm.datanode.address is deprecated, For configuring different ports for each SCM use PortConfigKey ozone.scm.datanode.port appended with serviceId and nodeId
2022-10-11 17:33:20,122 [Listener at 127.0.0.1/46797] INFO  ha.SCMNodeInfo (SCMNodeInfo.java:getPort(197)) - ConfigKey ozone.scm.client.address is deprecated, For configuring different ports for each SCM use PortConfigKey ozone.scm.client.port appended with serviceId and nodeId
2022-10-11 17:33:20,122 [Listener at 127.0.0.1/46797] INFO  ha.SCMNodeInfo (SCMNodeInfo.java:getPort(197)) - ConfigKey ozone.scm.block.client.address is deprecated, For configuring different ports for each SCM use PortConfigKey ozone.scm.block.client.port appended with serviceId and nodeId
2022-10-11 17:33:20,122 [Listener at 127.0.0.1/46797] INFO  ha.SCMNodeInfo (SCMNodeInfo.java:getPort(197)) - ConfigKey ozone.scm.datanode.address is deprecated, For configuring different ports for each SCM use PortConfigKey ozone.scm.datanode.port appended with serviceId and nodeId
2022-10-11 17:33:20,122 [Listener at 127.0.0.1/46797] INFO  statemachine.DatanodeStateMachine (DatanodeStateMachine.java:getEndPointTaskThreadPoolSize(237)) - Datanode State Machine Task Thread Pool size 4
2022-10-11 17:33:20,132 [Listener at 127.0.0.1/46797] INFO  volume.HddsVolume (HddsVolume.java:<init>(117)) - Creating HddsVolume: /home/runner/work/ozone/ozone/hadoop-ozone/integration-test/target/test-dir/MiniOzoneClusterImpl-a53f0994-8d29-48d7-8b80-9abc5033b6e0/datanode-2/data-0/containers/hdds of storage type : DISK capacity : 9223372036854775807
2022-10-11 17:33:20,134 [Listener at 127.0.0.1/46797] INFO  volume.MutableVolumeSet (MutableVolumeSet.java:initializeVolumeSet(174)) - Added Volume : /home/runner/work/ozone/ozone/hadoop-ozone/integration-test/target/test-dir/MiniOzoneClusterImpl-a53f0994-8d29-48d7-8b80-9abc5033b6e0/datanode-2/data-0/containers/hdds to VolumeSet
2022-10-11 17:33:20,134 [Listener at 127.0.0.1/46797] INFO  volume.ThrottledAsyncChecker (ThrottledAsyncChecker.java:schedule(141)) - Scheduling a check for /home/runner/work/ozone/ozone/hadoop-ozone/integration-test/target/test-dir/MiniOzoneClusterImpl-a53f0994-8d29-48d7-8b80-9abc5033b6e0/datanode-2/data-0/containers/hdds
2022-10-11 17:33:20,136 [Listener at 127.0.0.1/46797] INFO  volume.StorageVolumeChecker (StorageVolumeChecker.java:checkAllVolumes(202)) - Scheduled health check for volume /home/runner/work/ozone/ozone/hadoop-ozone/integration-test/target/test-dir/MiniOzoneClusterImpl-a53f0994-8d29-48d7-8b80-9abc5033b6e0/datanode-2/data-0/containers/hdds
2022-10-11 17:33:20,149 [Listener at 127.0.0.1/46797] INFO  volume.MutableVolumeSet (MutableVolumeSet.java:initializeVolumeSet(174)) - Added Volume : /home/runner/work/ozone/ozone/hadoop-ozone/integration-test/target/test-dir/MiniOzoneClusterImpl-a53f0994-8d29-48d7-8b80-9abc5033b6e0/datanode-2/data/ratis to VolumeSet
2022-10-11 17:33:20,149 [Listener at 127.0.0.1/46797] INFO  volume.ThrottledAsyncChecker (ThrottledAsyncChecker.java:schedule(141)) - Scheduling a check for /home/runner/work/ozone/ozone/hadoop-ozone/integration-test/target/test-dir/MiniOzoneClusterImpl-a53f0994-8d29-48d7-8b80-9abc5033b6e0/datanode-2/data/ratis
2022-10-11 17:33:20,150 [Listener at 127.0.0.1/46797] INFO  volume.StorageVolumeChecker (StorageVolumeChecker.java:checkAllVolumes(202)) - Scheduled health check for volume /home/runner/work/ozone/ozone/hadoop-ozone/integration-test/target/test-dir/MiniOzoneClusterImpl-a53f0994-8d29-48d7-8b80-9abc5033b6e0/datanode-2/data/ratis
2022-10-11 17:33:20,161 [Thread-735] INFO  ozoneimpl.ContainerReader (ContainerReader.java:readVolume(175)) - Finish verifying containers on volume /home/runner/work/ozone/ozone/hadoop-ozone/integration-test/target/test-dir/MiniOzoneClusterImpl-a53f0994-8d29-48d7-8b80-9abc5033b6e0/datanode-2/data-0/containers/hdds
2022-10-11 17:33:20,162 [Listener at 127.0.0.1/46797] INFO  ozoneimpl.OzoneContainer (OzoneContainer.java:buildContainerSet(300)) - Build ContainerSet costs 0s
2022-10-11 17:33:20,165 [Listener at 127.0.0.1/46797] INFO  server.RaftServer (ConfUtils.java:logGet(46)) - raft.rpc.type = GRPC (default)
2022-10-11 17:33:20,165 [Listener at 127.0.0.1/46797] INFO  grpc.GrpcFactory (GrpcFactory.java:checkPooledByteBufAllocatorUseCacheForAllThreads(48)) - PERFORMANCE WARNING: useCacheForAllThreads is true that may cause Netty to create a lot garbage objects and, as a result, trigger GC.
	It is recommended to disable useCacheForAllThreads by setting -Dorg.apache.ratis.thirdparty.io.netty.allocator.useCacheForAllThreads=false in command line.
2022-10-11 17:33:20,165 [Listener at 127.0.0.1/46797] INFO  grpc.GrpcConfigKeys (ConfUtils.java:logGet(46)) - raft.grpc.admin.port = 0 (custom)
2022-10-11 17:33:20,165 [Listener at 127.0.0.1/46797] INFO  grpc.GrpcConfigKeys (ConfUtils.java:logGet(46)) - raft.grpc.client.port = 0 (custom)
2022-10-11 17:33:20,165 [Listener at 127.0.0.1/46797] INFO  grpc.GrpcConfigKeys (ConfUtils.java:logGet(46)) - raft.grpc.server.port = 0 (default)
2022-10-11 17:33:20,165 [Listener at 127.0.0.1/46797] INFO  server.GrpcService (ConfUtils.java:logGet(46)) - raft.grpc.message.size.max = 32MB (=33554432) (custom)
2022-10-11 17:33:20,165 [Listener at 127.0.0.1/46797] INFO  server.RaftServerConfigKeys (ConfUtils.java:logGet(46)) - raft.server.log.appender.buffer.byte-limit = 33554432 (custom)
2022-10-11 17:33:20,166 [Listener at 127.0.0.1/46797] INFO  server.GrpcService (ConfUtils.java:logGet(46)) - raft.grpc.flow.control.window = 5MB (=5242880) (custom)
2022-10-11 17:33:20,166 [Listener at 127.0.0.1/46797] INFO  server.RaftServerConfigKeys (ConfUtils.java:logGet(46)) - raft.server.rpc.request.timeout = 60s (custom)
2022-10-11 17:33:20,166 [Listener at 127.0.0.1/46797] INFO  grpc.GrpcConfigKeys (ConfUtils.java:logGet(46)) - raft.grpc.server.async.request.thread.pool.cached = true (default)
2022-10-11 17:33:20,166 [Listener at 127.0.0.1/46797] INFO  grpc.GrpcConfigKeys (ConfUtils.java:logGet(46)) - raft.grpc.server.async.request.thread.pool.size = 32 (default)
2022-10-11 17:33:20,167 [Listener at 127.0.0.1/46797] INFO  impl.DataStreamServerImpl (ConfUtils.java:logGet(46)) - raft.datastream.type = DISABLED (default)
2022-10-11 17:33:20,167 [Listener at 127.0.0.1/46797] INFO  server.RaftServerConfigKeys (ConfUtils.java:logGet(46)) - raft.server.threadpool.proxy.cached = true (default)
2022-10-11 17:33:20,168 [Listener at 127.0.0.1/46797] INFO  server.RaftServerConfigKeys (ConfUtils.java:logGet(46)) - raft.server.threadpool.proxy.size = 0 (default)
2022-10-11 17:33:20,168 [Listener at 127.0.0.1/46797] INFO  server.RaftServerConfigKeys (ConfUtils.java:logGet(46)) - raft.server.rpc.slowness.timeout = 300s (custom)
2022-10-11 17:33:20,168 [Listener at 127.0.0.1/46797] INFO  server.RaftServerConfigKeys (ConfUtils.java:logGet(46)) - raft.server.leaderelection.leader.step-down.wait-time = 10s (default)
2022-10-11 17:33:20,168 [Listener at 127.0.0.1/46797] INFO  server.RaftServerConfigKeys (ConfUtils.java:logGet(46)) - raft.server.storage.dir = [/home/runner/work/ozone/ozone/hadoop-ozone/integration-test/target/test-dir/MiniOzoneClusterImpl-a53f0994-8d29-48d7-8b80-9abc5033b6e0/datanode-2/data/ratis] (custom)
2022-10-11 17:33:20,170 [Listener at 127.0.0.1/46797] INFO  server.XceiverServerGrpc (XceiverServerGrpc.java:<init>(132)) - GrpcServer channel type EpollServerSocketChannel
2022-10-11 17:33:20,173 [Listener at 127.0.0.1/46797] INFO  http.BaseHttpServer (BaseHttpServer.java:newHttpServer2BuilderForOzone(213)) - Starting Web-server for hddsDatanode at: http://0.0.0.0:0
2022-10-11 17:33:20,173 [Listener at 127.0.0.1/46797] INFO  http.BaseHttpServer (BaseHttpServer.java:<init>(108)) - Hadoop Security Enabled: false Ozone Security Enabled: false Ozone HTTP Security Enabled: false 
2022-10-11 17:33:20,175 [Listener at 127.0.0.1/46797] INFO  server.AuthenticationFilter (AuthenticationFilter.java:constructSecretProvider(240)) - Unable to initialize FileSignerSecretProvider, falling back to use random secrets.
2022-10-11 17:33:20,175 [Listener at 127.0.0.1/46797] WARN  http.HttpRequestLog (HttpRequestLog.java:getRequestLog(103)) - Jetty request log can only be enabled using Log4j
2022-10-11 17:33:20,177 [Listener at 127.0.0.1/46797] INFO  http.HttpServer2 (HttpServer2.java:addGlobalFilter(1031)) - Added global filter 'safety' (class=org.apache.hadoop.hdds.server.http.HttpServer2$QuotingInputFilter)
2022-10-11 17:33:20,177 [Listener at 127.0.0.1/46797] INFO  http.HttpServer2 (HttpServer2.java:addFilter(1007)) - Added filter static_user_filter (class=org.apache.hadoop.http.lib.StaticUserWebFilter$StaticUserFilter) to context hddsDatanode
2022-10-11 17:33:20,178 [Listener at 127.0.0.1/46797] INFO  http.HttpServer2 (HttpServer2.java:addFilter(1015)) - Added filter static_user_filter (class=org.apache.hadoop.http.lib.StaticUserWebFilter$StaticUserFilter) to context logs
2022-10-11 17:33:20,178 [Listener at 127.0.0.1/46797] INFO  http.HttpServer2 (HttpServer2.java:addFilter(1015)) - Added filter static_user_filter (class=org.apache.hadoop.http.lib.StaticUserWebFilter$StaticUserFilter) to context static
2022-10-11 17:33:20,178 [Listener at 127.0.0.1/46797] INFO  http.HttpServer2 (HttpServer2.java:bindListener(1250)) - Jetty bound to port 41947
2022-10-11 17:33:20,178 [Listener at 127.0.0.1/46797] INFO  server.Server (Server.java:doStart(375)) - jetty-9.4.43.v20210629; built: 2021-06-30T11:07:22.254Z; git: 526006ecfa3af7f1a27ef3a288e2bef7ea9dd7e8; jvm 1.8.0_345-b01
2022-10-11 17:33:20,189 [Listener at 127.0.0.1/46797] INFO  server.session (DefaultSessionIdManager.java:doStart(334)) - DefaultSessionIdManager workerName=node0
2022-10-11 17:33:20,189 [Listener at 127.0.0.1/46797] INFO  server.session (DefaultSessionIdManager.java:doStart(339)) - No SessionScavenger set, using defaults
2022-10-11 17:33:20,189 [Listener at 127.0.0.1/46797] INFO  server.session (HouseKeeper.java:startScavenging(132)) - node0 Scavenging every 600000ms
2022-10-11 17:33:20,191 [Listener at 127.0.0.1/46797] INFO  handler.ContextHandler (ContextHandler.java:doStart(915)) - Started o.e.j.s.ServletContextHandler@2e0f8fe8{logs,/logs,file:///home/runner/work/ozone/ozone/hadoop-ozone/integration-test/target/log,AVAILABLE}
2022-10-11 17:33:20,191 [Listener at 127.0.0.1/46797] INFO  handler.ContextHandler (ContextHandler.java:doStart(915)) - Started o.e.j.s.ServletContextHandler@7ddf20b6{static,/static,jar:file:/home/runner/.m2/repository/org/apache/ozone/hdds-container-service/1.3.0-SNAPSHOT/hdds-container-service-1.3.0-SNAPSHOT.jar!/webapps/static,AVAILABLE}
2022-10-11 17:33:20,396 [Listener at 127.0.0.1/46797] INFO  handler.ContextHandler (ContextHandler.java:doStart(915)) - Started o.e.j.w.WebAppContext@532e93f3{hddsDatanode,/,file:///tmp/jetty-0_0_0_0-41947-hdds-container-service-1_3_0-SNAPSHOT_jar-_-any-2954982167296082325/webapp/,AVAILABLE}{jar:file:/home/runner/.m2/repository/org/apache/ozone/hdds-container-service/1.3.0-SNAPSHOT/hdds-container-service-1.3.0-SNAPSHOT.jar!/webapps/hddsDatanode}
2022-10-11 17:33:20,399 [Listener at 127.0.0.1/46797] INFO  server.AbstractConnector (AbstractConnector.java:doStart(331)) - Started ServerConnector@f666e6{HTTP/1.1, (http/1.1)}{0.0.0.0:41947}
2022-10-11 17:33:20,399 [Listener at 127.0.0.1/46797] INFO  server.Server (Server.java:doStart(415)) - Started @25730ms
2022-10-11 17:33:20,399 [Listener at 127.0.0.1/46797] WARN  impl.MetricsSystemImpl (MetricsSystemImpl.java:register(279)) - Sink prometheus already exists!
2022-10-11 17:33:20,400 [Listener at 127.0.0.1/46797] INFO  http.BaseHttpServer (BaseHttpServer.java:updateConnectorAddress(333)) - HTTP server of hddsDatanode listening at http://0.0.0.0:41947
2022-10-11 17:33:20,402 [Listener at 127.0.0.1/46797] INFO  ozone.MiniOzoneClusterImpl (MiniOzoneClusterImpl.java:lambda$waitForClusterToBeReady$0(216)) - Waiting for nodes to be ready. Got 0 of 3 DN Heartbeats.
2022-10-11 17:33:20,402 [Listener at 127.0.0.1/46797] INFO  ozone.MiniOzoneClusterImpl (MiniOzoneClusterImpl.java:lambda$waitForClusterToBeReady$0(219)) - Waiting for cluster to exit safe mode
2022-10-11 17:33:20,402 [Listener at 127.0.0.1/46797] INFO  ozone.MiniOzoneClusterImpl (MiniOzoneClusterImpl.java:lambda$waitForClusterToBeReady$0(221)) - SCM became leader
2022-10-11 17:33:20,402 [Datanode State Machine Daemon Thread] INFO  statemachine.DatanodeStateMachine (DatanodeStateMachine.java:lambda$startDaemon$0(492)) - Ozone container server started.
2022-10-11 17:33:20,409 [org.apache.hadoop.util.JvmPauseMonitor$Monitor@4dd81b34] INFO  util.JvmPauseMonitor (JvmPauseMonitor.java:run(188)) - Starting JVM pause monitor
2022-10-11 17:33:20,409 [Datanode State Machine Task Thread - 0] INFO  ha.SCMNodeInfo (SCMNodeInfo.java:getPort(197)) - ConfigKey ozone.scm.client.address is deprecated, For configuring different ports for each SCM use PortConfigKey ozone.scm.client.port appended with serviceId and nodeId
2022-10-11 17:33:20,409 [Datanode State Machine Task Thread - 0] INFO  ha.SCMNodeInfo (SCMNodeInfo.java:getPort(197)) - ConfigKey ozone.scm.block.client.address is deprecated, For configuring different ports for each SCM use PortConfigKey ozone.scm.block.client.port appended with serviceId and nodeId
2022-10-11 17:33:20,409 [Datanode State Machine Task Thread - 0] INFO  ha.SCMNodeInfo (SCMNodeInfo.java:getPort(197)) - ConfigKey ozone.scm.datanode.address is deprecated, For configuring different ports for each SCM use PortConfigKey ozone.scm.datanode.port appended with serviceId and nodeId
2022-10-11 17:33:20,409 [Datanode State Machine Task Thread - 0] INFO  ha.SCMNodeInfo (SCMNodeInfo.java:getPort(197)) - ConfigKey ozone.scm.client.address is deprecated, For configuring different ports for each SCM use PortConfigKey ozone.scm.client.port appended with serviceId and nodeId
2022-10-11 17:33:20,409 [Datanode State Machine Task Thread - 0] INFO  ha.SCMNodeInfo (SCMNodeInfo.java:getPort(197)) - ConfigKey ozone.scm.block.client.address is deprecated, For configuring different ports for each SCM use PortConfigKey ozone.scm.block.client.port appended with serviceId and nodeId
2022-10-11 17:33:20,409 [Datanode State Machine Task Thread - 0] INFO  ha.SCMNodeInfo (SCMNodeInfo.java:getPort(197)) - ConfigKey ozone.scm.datanode.address is deprecated, For configuring different ports for each SCM use PortConfigKey ozone.scm.datanode.port appended with serviceId and nodeId
2022-10-11 17:33:20,409 [Datanode State Machine Task Thread - 0] INFO  ha.SCMNodeInfo (SCMNodeInfo.java:getPort(197)) - ConfigKey ozone.scm.client.address is deprecated, For configuring different ports for each SCM use PortConfigKey ozone.scm.client.port appended with serviceId and nodeId
2022-10-11 17:33:20,410 [Datanode State Machine Task Thread - 0] INFO  ha.SCMNodeInfo (SCMNodeInfo.java:getPort(197)) - ConfigKey ozone.scm.block.client.address is deprecated, For configuring different ports for each SCM use PortConfigKey ozone.scm.block.client.port appended with serviceId and nodeId
2022-10-11 17:33:20,410 [Datanode State Machine Task Thread - 0] INFO  ha.SCMNodeInfo (SCMNodeInfo.java:getPort(197)) - ConfigKey ozone.scm.datanode.address is deprecated, For configuring different ports for each SCM use PortConfigKey ozone.scm.datanode.port appended with serviceId and nodeId
2022-10-11 17:33:20,417 [Datanode State Machine Task Thread - 0] INFO  datanode.InitDatanodeState (InitDatanodeState.java:persistContainerDatanodeDetails(138)) - DatanodeDetails is persisted to /home/runner/work/ozone/ozone/hadoop-ozone/integration-test/target/test-dir/MiniOzoneClusterImpl-a53f0994-8d29-48d7-8b80-9abc5033b6e0/datanode-2/meta/datanode.id
2022-10-11 17:33:20,636 [omNode-2@group-6C22E66A003A-FollowerState] INFO  impl.FollowerState (FollowerState.java:run(143)) - omNode-2@group-6C22E66A003A-FollowerState: change to CANDIDATE, lastRpcElapsedTime:1079385194ns, electionTimeout:1056ms
2022-10-11 17:33:20,636 [omNode-2@group-6C22E66A003A-FollowerState] INFO  impl.RoleInfo (RoleInfo.java:shutdownFollowerState(110)) - omNode-2: shutdown omNode-2@group-6C22E66A003A-FollowerState
2022-10-11 17:33:20,636 [omNode-2@group-6C22E66A003A-FollowerState] INFO  server.RaftServer$Division (RaftServerImpl.java:setRole(299)) - omNode-2@group-6C22E66A003A: changes role from  FOLLOWER to CANDIDATE at term 3 for changeToCandidate
2022-10-11 17:33:20,636 [omNode-2@group-6C22E66A003A-FollowerState] INFO  server.RaftServerConfigKeys (ConfUtils.java:logGet(46)) - raft.server.leaderelection.pre-vote = false (custom)
2022-10-11 17:33:20,636 [omNode-2@group-6C22E66A003A-FollowerState] INFO  impl.RoleInfo (RoleInfo.java:updateAndGet(139)) - omNode-2: start omNode-2@group-6C22E66A003A-LeaderElection7
2022-10-11 17:33:20,641 [omNode-2@group-6C22E66A003A-LeaderElection7] INFO  impl.LeaderElection (LeaderElection.java:askForVotes(310)) - omNode-2@group-6C22E66A003A-LeaderElection7 ELECTION round 0: submit vote requests at term 4 for 0: [omNode-3|rpc:localhost:39447|admin:|client:|dataStream:|priority:0, omNode-1|rpc:localhost:44389|admin:|client:|dataStream:|priority:0, omNode-2|rpc:localhost:44407|admin:|client:|dataStream:|priority:0], old=null
2022-10-11 17:33:20,651 [grpc-default-executor-1] INFO  server.RaftServer$Division (RaftServerImpl.java:requestVote(1152)) - omNode-1@group-6C22E66A003A: receive requestVote(ELECTION, omNode-2, group-6C22E66A003A, 4, (t:1, i:0))
2022-10-11 17:33:20,652 [grpc-default-executor-1] INFO  impl.VoteContext (VoteContext.java:log(48)) - omNode-1@group-6C22E66A003A-FOLLOWER: accept ELECTION from omNode-2: our last entry (t:0, i:~) < candidate's last entry (t:1, i:0)
2022-10-11 17:33:20,652 [grpc-default-executor-1] INFO  server.RaftServer$Division (RaftServerImpl.java:setRole(299)) - omNode-1@group-6C22E66A003A: changes role from  FOLLOWER to FOLLOWER at term 4 for candidate:omNode-2
2022-10-11 17:33:20,652 [grpc-default-executor-1] INFO  impl.RoleInfo (RoleInfo.java:shutdownFollowerState(110)) - omNode-1: shutdown omNode-1@group-6C22E66A003A-FollowerState
2022-10-11 17:33:20,652 [grpc-default-executor-1] INFO  impl.RoleInfo (RoleInfo.java:updateAndGet(139)) - omNode-1: start omNode-1@group-6C22E66A003A-FollowerState
2022-10-11 17:33:20,652 [omNode-1@group-6C22E66A003A-FollowerState] INFO  impl.FollowerState (FollowerState.java:run(152)) - omNode-1@group-6C22E66A003A-FollowerState was interrupted
2022-10-11 17:33:20,651 [grpc-default-executor-2] INFO  server.RaftServer$Division (RaftServerImpl.java:requestVote(1152)) - omNode-3@group-6C22E66A003A: receive requestVote(ELECTION, omNode-2, group-6C22E66A003A, 4, (t:1, i:0))
2022-10-11 17:33:20,652 [grpc-default-executor-2] INFO  impl.VoteContext (VoteContext.java:log(48)) - omNode-3@group-6C22E66A003A-FOLLOWER: accept ELECTION from omNode-2: our priority 0 <= candidate's priority 0
2022-10-11 17:33:20,652 [grpc-default-executor-2] INFO  server.RaftServer$Division (ServerState.java:setLeader(287)) - omNode-3@group-6C22E66A003A: change Leader from omNode-2 to null at term 4 for updateCurrentTerm
2022-10-11 17:33:20,652 [grpc-default-executor-2] INFO  server.RaftServer$Division (RaftServerImpl.java:setRole(299)) - omNode-3@group-6C22E66A003A: changes role from  FOLLOWER to FOLLOWER at term 4 for candidate:omNode-2
2022-10-11 17:33:20,653 [grpc-default-executor-2] INFO  impl.RoleInfo (RoleInfo.java:shutdownFollowerState(110)) - omNode-3: shutdown omNode-3@group-6C22E66A003A-FollowerState
2022-10-11 17:33:20,653 [omNode-3@group-6C22E66A003A-FollowerState] INFO  impl.FollowerState (FollowerState.java:run(152)) - omNode-3@group-6C22E66A003A-FollowerState was interrupted
2022-10-11 17:33:20,653 [grpc-default-executor-2] INFO  impl.RoleInfo (RoleInfo.java:updateAndGet(139)) - omNode-3: start omNode-3@group-6C22E66A003A-FollowerState
2022-10-11 17:33:20,654 [grpc-default-executor-1] INFO  server.RaftServer$Division (RaftServerImpl.java:requestVote(1184)) - omNode-1@group-6C22E66A003A replies to ELECTION vote request: omNode-2<-omNode-1#0:OK-t4. Peer's state: omNode-1@group-6C22E66A003A:t4, leader=null, voted=omNode-2, raftlog=omNode-1@group-6C22E66A003A-SegmentedRaftLog:OPENED:c-1, conf=-1: [omNode-3|rpc:localhost:39447|priority:0, omNode-1|rpc:localhost:44389|priority:0, omNode-2|rpc:localhost:44407|priority:0], old=null
2022-10-11 17:33:20,657 [omNode-2@group-6C22E66A003A-LeaderElection7] INFO  impl.LeaderElection (LeaderElection.java:logAndReturn(90)) - omNode-2@group-6C22E66A003A-LeaderElection7: ELECTION PASSED received 1 response(s) and 0 exception(s):
2022-10-11 17:33:20,657 [omNode-2@group-6C22E66A003A-LeaderElection7] INFO  impl.LeaderElection (LeaderElection.java:logAndReturn(94)) -   Response 0: omNode-2<-omNode-1#0:OK-t4
2022-10-11 17:33:20,657 [omNode-2@group-6C22E66A003A-LeaderElection7] INFO  impl.LeaderElection (LeaderElection.java:askForVotes(312)) - omNode-2@group-6C22E66A003A-LeaderElection7 ELECTION round 0: result PASSED
2022-10-11 17:33:20,657 [omNode-2@group-6C22E66A003A-LeaderElection7] INFO  impl.RoleInfo (RoleInfo.java:shutdownLeaderElection(130)) - omNode-2: shutdown omNode-2@group-6C22E66A003A-LeaderElection7
2022-10-11 17:33:20,658 [omNode-2@group-6C22E66A003A-LeaderElection7] INFO  server.RaftServer$Division (RaftServerImpl.java:setRole(299)) - omNode-2@group-6C22E66A003A: changes role from CANDIDATE to LEADER at term 4 for changeToLeader
2022-10-11 17:33:20,658 [omNode-2@group-6C22E66A003A-LeaderElection7] INFO  server.RaftServer$Division (ServerState.java:setLeader(287)) - omNode-2@group-6C22E66A003A: change Leader from null to omNode-2 at term 4 for becomeLeader, leader elected after 1970ms
2022-10-11 17:33:20,658 [omNode-2@group-6C22E66A003A-LeaderElection7] INFO  server.RaftServerConfigKeys (ConfUtils.java:logGet(46)) - raft.server.staging.catchup.gap = 1000 (default)
2022-10-11 17:33:20,658 [omNode-2@group-6C22E66A003A-LeaderElection7] INFO  server.RaftServerConfigKeys (ConfUtils.java:logGet(46)) - raft.server.write.element-limit = 4096 (default)
2022-10-11 17:33:20,658 [omNode-2@group-6C22E66A003A-LeaderElection7] INFO  server.RaftServerConfigKeys (ConfUtils.java:logGet(46)) - raft.server.write.byte-limit = 64MB (=67108864) (default)
2022-10-11 17:33:20,659 [omNode-2@group-6C22E66A003A-LeaderElection7] INFO  server.RaftServerConfigKeys (ConfUtils.java:logGet(46)) - raft.server.watch.timeout = 10s (default)
2022-10-11 17:33:20,659 [omNode-2@group-6C22E66A003A-LeaderElection7] INFO  server.RaftServerConfigKeys (ConfUtils.java:logGet(46)) - raft.server.watch.timeout.denomination = 1s (default)
2022-10-11 17:33:20,659 [omNode-2@group-6C22E66A003A-LeaderElection7] INFO  server.RaftServerConfigKeys (ConfUtils.java:logGet(46)) - raft.server.watch.element-limit = 65536 (default)
2022-10-11 17:33:20,659 [omNode-2@group-6C22E66A003A-LeaderElection7] INFO  server.RaftServerConfigKeys (ConfUtils.java:logGet(46)) - raft.server.write.element-limit = 4096 (default)
2022-10-11 17:33:20,659 [omNode-2@group-6C22E66A003A-LeaderElection7] INFO  server.RaftServerConfigKeys (ConfUtils.java:logGet(46)) - raft.server.write.follower.gap.ratio.max = -1.0 (default)
2022-10-11 17:33:20,660 [omNode-2@group-6C22E66A003A-LeaderElection7] INFO  server.RaftServerConfigKeys (ConfUtils.java:logGet(46)) - raft.server.log.appender.snapshot.chunk.size.max = 16MB (=16777216) (default)
2022-10-11 17:33:20,660 [omNode-2@group-6C22E66A003A-LeaderElection7] INFO  server.RaftServerConfigKeys (ConfUtils.java:logGet(46)) - raft.server.log.appender.buffer.byte-limit = 33554432 (custom)
2022-10-11 17:33:20,660 [omNode-2@group-6C22E66A003A-LeaderElection7] INFO  server.RaftServerConfigKeys (ConfUtils.java:logGet(46)) - raft.server.log.appender.buffer.element-limit = 1024 (custom)
2022-10-11 17:33:20,660 [grpc-default-executor-2] INFO  server.RaftServer$Division (RaftServerImpl.java:requestVote(1184)) - omNode-3@group-6C22E66A003A replies to ELECTION vote request: omNode-2<-omNode-3#0:OK-t4. Peer's state: omNode-3@group-6C22E66A003A:t4, leader=null, voted=omNode-2, raftlog=omNode-3@group-6C22E66A003A-SegmentedRaftLog:OPENED:c-1, conf=0: [omNode-3|rpc:localhost:39447|admin:|client:|dataStream:|priority:0, omNode-1|rpc:localhost:44389|admin:|client:|dataStream:|priority:0, omNode-2|rpc:localhost:44407|admin:|client:|dataStream:|priority:0], old=null
2022-10-11 17:33:20,661 [omNode-2@group-6C22E66A003A-LeaderElection7] INFO  grpc.GrpcConfigKeys (ConfUtils.java:logGet(46)) - raft.grpc.server.leader.outstanding.appends.max = 128 (default)
2022-10-11 17:33:20,661 [omNode-2@group-6C22E66A003A-LeaderElection7] INFO  server.RaftServerConfigKeys (ConfUtils.java:logGet(46)) - raft.server.rpc.request.timeout = 3000ms (default)
2022-10-11 17:33:20,661 [omNode-2@group-6C22E66A003A-LeaderElection7] INFO  server.RaftServerConfigKeys (ConfUtils.java:logGet(46)) - raft.server.log.appender.install.snapshot.enabled = false (custom)
2022-10-11 17:33:20,663 [omNode-2@group-6C22E66A003A-LeaderElection7] INFO  server.RaftServerConfigKeys (ConfUtils.java:logGet(46)) - raft.server.log.appender.snapshot.chunk.size.max = 16MB (=16777216) (default)
2022-10-11 17:33:20,663 [omNode-2@group-6C22E66A003A-LeaderElection7] INFO  server.RaftServerConfigKeys (ConfUtils.java:logGet(46)) - raft.server.log.appender.buffer.byte-limit = 33554432 (custom)
2022-10-11 17:33:20,663 [omNode-2@group-6C22E66A003A-LeaderElection7] INFO  server.RaftServerConfigKeys (ConfUtils.java:logGet(46)) - raft.server.log.appender.buffer.element-limit = 1024 (custom)
2022-10-11 17:33:20,663 [omNode-2@group-6C22E66A003A-LeaderElection7] INFO  grpc.GrpcConfigKeys (ConfUtils.java:logGet(46)) - raft.grpc.server.leader.outstanding.appends.max = 128 (default)
2022-10-11 17:33:20,664 [omNode-2@group-6C22E66A003A-LeaderElection7] INFO  server.RaftServerConfigKeys (ConfUtils.java:logGet(46)) - raft.server.rpc.request.timeout = 3000ms (default)
2022-10-11 17:33:20,664 [omNode-2@group-6C22E66A003A-LeaderElection7] INFO  server.RaftServerConfigKeys (ConfUtils.java:logGet(46)) - raft.server.log.appender.install.snapshot.enabled = false (custom)
2022-10-11 17:33:20,664 [omNode-2@group-6C22E66A003A-LeaderElection7] INFO  impl.RoleInfo (RoleInfo.java:updateAndGet(139)) - omNode-2: start omNode-2@group-6C22E66A003A-LeaderStateImpl
2022-10-11 17:33:20,664 [omNode-2@group-6C22E66A003A-LeaderElection7] INFO  segmented.SegmentedRaftLogWorker (SegmentedRaftLogWorker.java:rollLogSegment(430)) - omNode-2@group-6C22E66A003A-SegmentedRaftLogWorker: Rolling segment log-0_0 to index:0
2022-10-11 17:33:20,665 [omNode-2@group-6C22E66A003A-SegmentedRaftLogWorker] INFO  segmented.SegmentedRaftLogWorker (SegmentedRaftLogWorker.java:execute(586)) - omNode-2@group-6C22E66A003A-SegmentedRaftLogWorker: Rolled log segment from /home/runner/work/ozone/ozone/hadoop-ozone/integration-test/target/test-dir/MiniOzoneClusterImpl-a53f0994-8d29-48d7-8b80-9abc5033b6e0/omNode-2/ratis/9c9825ce-8ba7-3ee6-a7c3-6c22e66a003a/current/log_inprogress_0 to /home/runner/work/ozone/ozone/hadoop-ozone/integration-test/target/test-dir/MiniOzoneClusterImpl-a53f0994-8d29-48d7-8b80-9abc5033b6e0/omNode-2/ratis/9c9825ce-8ba7-3ee6-a7c3-6c22e66a003a/current/log_0-0
2022-10-11 17:33:20,679 [omNode-3-server-thread1] INFO  server.RaftServer$Division (ServerState.java:setLeader(287)) - omNode-3@group-6C22E66A003A: change Leader from null to omNode-2 at term 4 for appendEntries, leader elected after 26ms
2022-10-11 17:33:20,680 [omNode-2@group-6C22E66A003A-LeaderElection7] INFO  server.RaftServer$Division (ServerState.java:setRaftConf(393)) - omNode-2@group-6C22E66A003A: set configuration 1: [omNode-3|rpc:localhost:39447|admin:|client:|dataStream:|priority:0, omNode-1|rpc:localhost:44389|admin:|client:|dataStream:|priority:0, omNode-2|rpc:localhost:44407|admin:|client:|dataStream:|priority:0], old=null
2022-10-11 17:33:20,684 [omNode-2@group-6C22E66A003A-SegmentedRaftLogWorker] INFO  segmented.SegmentedRaftLogWorker (SegmentedRaftLogWorker.java:execute(629)) - omNode-2@group-6C22E66A003A-SegmentedRaftLogWorker: created new log segment /home/runner/work/ozone/ozone/hadoop-ozone/integration-test/target/test-dir/MiniOzoneClusterImpl-a53f0994-8d29-48d7-8b80-9abc5033b6e0/omNode-2/ratis/9c9825ce-8ba7-3ee6-a7c3-6c22e66a003a/current/log_inprogress_1
2022-10-11 17:33:20,688 [omNode-3-server-thread1] INFO  server.RaftServer$Division (ServerState.java:setRaftConf(393)) - omNode-3@group-6C22E66A003A: set configuration 1: [omNode-3|rpc:localhost:39447|admin:|client:|dataStream:|priority:0, omNode-1|rpc:localhost:44389|admin:|client:|dataStream:|priority:0, omNode-2|rpc:localhost:44407|admin:|client:|dataStream:|priority:0], old=null
2022-10-11 17:33:20,688 [omNode-3-server-thread1] INFO  segmented.SegmentedRaftLogWorker (SegmentedRaftLogWorker.java:rollLogSegment(430)) - omNode-3@group-6C22E66A003A-SegmentedRaftLogWorker: Rolling segment log-0_0 to index:0
2022-10-11 17:33:20,689 [omNode-3@group-6C22E66A003A-SegmentedRaftLogWorker] INFO  segmented.SegmentedRaftLogWorker (SegmentedRaftLogWorker.java:execute(586)) - omNode-3@group-6C22E66A003A-SegmentedRaftLogWorker: Rolled log segment from /home/runner/work/ozone/ozone/hadoop-ozone/integration-test/target/test-dir/MiniOzoneClusterImpl-a53f0994-8d29-48d7-8b80-9abc5033b6e0/omNode-3/ratis/9c9825ce-8ba7-3ee6-a7c3-6c22e66a003a/current/log_inprogress_0 to /home/runner/work/ozone/ozone/hadoop-ozone/integration-test/target/test-dir/MiniOzoneClusterImpl-a53f0994-8d29-48d7-8b80-9abc5033b6e0/omNode-3/ratis/9c9825ce-8ba7-3ee6-a7c3-6c22e66a003a/current/log_0-0
2022-10-11 17:33:20,690 [omNode-3@group-6C22E66A003A-StateMachineUpdater] INFO  ratis.OzoneManagerStateMachine (OzoneManagerStateMachine.java:notifyConfigurationChanged(192)) - Received Configuration change notification from Ratis. New Peer list:
[id: "omNode-3"
address: "localhost:39447"
, id: "omNode-1"
address: "localhost:44389"
, id: "omNode-2"
address: "localhost:44407"
]
2022-10-11 17:33:20,691 [omNode-1-server-thread1] INFO  server.RaftServer$Division (ServerState.java:setLeader(287)) - omNode-1@group-6C22E66A003A: change Leader from null to omNode-2 at term 4 for appendEntries, leader elected after 5462ms
2022-10-11 17:33:20,692 [omNode-1-server-thread1] INFO  server.RaftServer$Division (RaftServerImpl.java:checkInconsistentAppendEntries(1424)) - omNode-1@group-6C22E66A003A: Failed appendEntries as previous log entry ((t:1, i:0)) is not found
2022-10-11 17:33:20,692 [omNode-1-server-thread1] INFO  server.RaftServer$Division (RaftServerImpl.java:checkInconsistentAppendEntries(1394)) - omNode-1@group-6C22E66A003A: inconsistency entries. Reply:omNode-2<-omNode-1#0:FAIL-t4,INCONSISTENCY,nextIndex=0,followerCommit=-1
2022-10-11 17:33:20,694 [grpc-default-executor-2] INFO  leader.FollowerInfo (FollowerInfoImpl.java:lambda$new$0(48)) - omNode-2@group-6C22E66A003A->omNode-1: nextIndex: updateUnconditionally 2 -> 0
2022-10-11 17:33:20,695 [omNode-1-server-thread1] INFO  server.RaftServer$Division (RaftServerImpl.java:checkInconsistentAppendEntries(1424)) - omNode-1@group-6C22E66A003A: Failed appendEntries as previous log entry ((t:1, i:0)) is not found
2022-10-11 17:33:20,696 [omNode-1-server-thread1] INFO  server.RaftServer$Division (RaftServerImpl.java:checkInconsistentAppendEntries(1394)) - omNode-1@group-6C22E66A003A: inconsistency entries. Reply:omNode-2<-omNode-1#1:FAIL-t4,INCONSISTENCY,nextIndex=0,followerCommit=-1
2022-10-11 17:33:20,698 [grpc-default-executor-2] INFO  leader.FollowerInfo (FollowerInfoImpl.java:lambda$new$0(48)) - omNode-2@group-6C22E66A003A->omNode-1: nextIndex: updateUnconditionally 0 -> 0
2022-10-11 17:33:20,700 [omNode-1-server-thread1] INFO  server.RaftServer$Division (ServerState.java:setRaftConf(393)) - omNode-1@group-6C22E66A003A: set configuration 0: [omNode-3|rpc:localhost:39447|admin:|client:|dataStream:|priority:0, omNode-1|rpc:localhost:44389|admin:|client:|dataStream:|priority:0, omNode-2|rpc:localhost:44407|admin:|client:|dataStream:|priority:0], old=null
2022-10-11 17:33:20,701 [omNode-1-server-thread1] INFO  server.RaftServer$Division (ServerState.java:setRaftConf(393)) - omNode-1@group-6C22E66A003A: set configuration 1: [omNode-3|rpc:localhost:39447|admin:|client:|dataStream:|priority:0, omNode-1|rpc:localhost:44389|admin:|client:|dataStream:|priority:0, omNode-2|rpc:localhost:44407|admin:|client:|dataStream:|priority:0], old=null
2022-10-11 17:33:20,701 [omNode-1-server-thread1] INFO  segmented.SegmentedRaftLogWorker (SegmentedRaftLogWorker.java:startLogSegment(425)) - omNode-1@group-6C22E66A003A-SegmentedRaftLogWorker: Starting segment from index:0
2022-10-11 17:33:20,702 [omNode-1-server-thread1] INFO  segmented.SegmentedRaftLogWorker (SegmentedRaftLogWorker.java:rollLogSegment(430)) - omNode-1@group-6C22E66A003A-SegmentedRaftLogWorker: Rolling segment log-0_0 to index:0
2022-10-11 17:33:20,715 [omNode-3@group-6C22E66A003A-SegmentedRaftLogWorker] INFO  segmented.SegmentedRaftLogWorker (SegmentedRaftLogWorker.java:execute(629)) - omNode-3@group-6C22E66A003A-SegmentedRaftLogWorker: created new log segment /home/runner/work/ozone/ozone/hadoop-ozone/integration-test/target/test-dir/MiniOzoneClusterImpl-a53f0994-8d29-48d7-8b80-9abc5033b6e0/omNode-3/ratis/9c9825ce-8ba7-3ee6-a7c3-6c22e66a003a/current/log_inprogress_1
2022-10-11 17:33:20,717 [omNode-1@group-6C22E66A003A-SegmentedRaftLogWorker] INFO  segmented.SegmentedRaftLogWorker (SegmentedRaftLogWorker.java:execute(629)) - omNode-1@group-6C22E66A003A-SegmentedRaftLogWorker: created new log segment /home/runner/work/ozone/ozone/hadoop-ozone/integration-test/target/test-dir/MiniOzoneClusterImpl-a53f0994-8d29-48d7-8b80-9abc5033b6e0/omNode-1/ratis/9c9825ce-8ba7-3ee6-a7c3-6c22e66a003a/current/log_inprogress_0
2022-10-11 17:33:20,719 [omNode-1@group-6C22E66A003A-SegmentedRaftLogWorker] INFO  segmented.SegmentedRaftLogWorker (SegmentedRaftLogWorker.java:execute(586)) - omNode-1@group-6C22E66A003A-SegmentedRaftLogWorker: Rolled log segment from /home/runner/work/ozone/ozone/hadoop-ozone/integration-test/target/test-dir/MiniOzoneClusterImpl-a53f0994-8d29-48d7-8b80-9abc5033b6e0/omNode-1/ratis/9c9825ce-8ba7-3ee6-a7c3-6c22e66a003a/current/log_inprogress_0 to /home/runner/work/ozone/ozone/hadoop-ozone/integration-test/target/test-dir/MiniOzoneClusterImpl-a53f0994-8d29-48d7-8b80-9abc5033b6e0/omNode-1/ratis/9c9825ce-8ba7-3ee6-a7c3-6c22e66a003a/current/log_0-0
2022-10-11 17:33:20,724 [omNode-2@group-6C22E66A003A-StateMachineUpdater] INFO  ratis.OzoneManagerStateMachine (OzoneManagerStateMachine.java:notifyConfigurationChanged(192)) - Received Configuration change notification from Ratis. New Peer list:
[id: "omNode-3"
address: "localhost:39447"
, id: "omNode-1"
address: "localhost:44389"
, id: "omNode-2"
address: "localhost:44407"
]
2022-10-11 17:33:20,729 [omNode-3@group-6C22E66A003A-StateMachineUpdater] INFO  ratis.OzoneManagerStateMachine (OzoneManagerStateMachine.java:notifyConfigurationChanged(192)) - Received Configuration change notification from Ratis. New Peer list:
[id: "omNode-3"
address: "localhost:39447"
, id: "omNode-1"
address: "localhost:44389"
, id: "omNode-2"
address: "localhost:44407"
]
2022-10-11 17:33:20,737 [omNode-1@group-6C22E66A003A-SegmentedRaftLogWorker] INFO  segmented.SegmentedRaftLogWorker (SegmentedRaftLogWorker.java:execute(629)) - omNode-1@group-6C22E66A003A-SegmentedRaftLogWorker: created new log segment /home/runner/work/ozone/ozone/hadoop-ozone/integration-test/target/test-dir/MiniOzoneClusterImpl-a53f0994-8d29-48d7-8b80-9abc5033b6e0/omNode-1/ratis/9c9825ce-8ba7-3ee6-a7c3-6c22e66a003a/current/log_inprogress_1
2022-10-11 17:33:20,743 [omNode-1@group-6C22E66A003A-StateMachineUpdater] INFO  ratis.OzoneManagerStateMachine (OzoneManagerStateMachine.java:notifyConfigurationChanged(192)) - Received Configuration change notification from Ratis. New Peer list:
[id: "omNode-3"
address: "localhost:39447"
, id: "omNode-1"
address: "localhost:44389"
, id: "omNode-2"
address: "localhost:44407"
]
2022-10-11 17:33:20,746 [omNode-1@group-6C22E66A003A-StateMachineUpdater] INFO  ratis.OzoneManagerStateMachine (OzoneManagerStateMachine.java:notifyConfigurationChanged(192)) - Received Configuration change notification from Ratis. New Peer list:
[id: "omNode-3"
address: "localhost:39447"
, id: "omNode-1"
address: "localhost:44389"
, id: "omNode-2"
address: "localhost:44407"
]
2022-10-11 17:33:21,403 [Listener at 127.0.0.1/46797] INFO  ozone.MiniOzoneClusterImpl (MiniOzoneClusterImpl.java:lambda$waitForClusterToBeReady$0(216)) - Waiting for nodes to be ready. Got 0 of 3 DN Heartbeats.
2022-10-11 17:33:21,403 [Listener at 127.0.0.1/46797] INFO  ozone.MiniOzoneClusterImpl (MiniOzoneClusterImpl.java:lambda$waitForClusterToBeReady$0(219)) - Waiting for cluster to exit safe mode
2022-10-11 17:33:21,403 [Listener at 127.0.0.1/46797] INFO  ozone.MiniOzoneClusterImpl (MiniOzoneClusterImpl.java:lambda$waitForClusterToBeReady$0(221)) - SCM became leader
2022-10-11 17:33:21,709 [EndpointStateMachine task thread for /127.0.0.1:44887 - 0 ] INFO  volume.HddsVolume (HddsVolume.java:createDbStore(307)) - SchemaV3 db is created and loaded at /home/runner/work/ozone/ozone/hadoop-ozone/integration-test/target/test-dir/MiniOzoneClusterImpl-a53f0994-8d29-48d7-8b80-9abc5033b6e0/datanode-0/data-0/containers/hdds/a53f0994-8d29-48d7-8b80-9abc5033b6e0/DS-aeea051b-195f-4d60-b039-a7e8d0090f2a/container.db for volume DS-aeea051b-195f-4d60-b039-a7e8d0090f2a
2022-10-11 17:33:21,720 [EndpointStateMachine task thread for /127.0.0.1:44887 - 0 ] INFO  volume.HddsVolume (HddsVolume.java:closeDbStore(338)) - SchemaV3 db is stopped at /home/runner/work/ozone/ozone/hadoop-ozone/integration-test/target/test-dir/MiniOzoneClusterImpl-a53f0994-8d29-48d7-8b80-9abc5033b6e0/datanode-0/data-0/containers/hdds/a53f0994-8d29-48d7-8b80-9abc5033b6e0/DS-aeea051b-195f-4d60-b039-a7e8d0090f2a/container.db for volume DS-aeea051b-195f-4d60-b039-a7e8d0090f2a
2022-10-11 17:33:21,720 [EndpointStateMachine task thread for /127.0.0.1:44887 - 0 ] INFO  ozoneimpl.OzoneContainer (OzoneContainer.java:start(378)) - Attempting to start container services.
2022-10-11 17:33:21,724 [EndpointStateMachine task thread for /127.0.0.1:44887 - 0 ] INFO  ozoneimpl.OzoneContainer (OzoneContainer.java:startContainerScrub(313)) - Background container scanner has been disabled.
2022-10-11 17:33:21,731 [EndpointStateMachine task thread for /127.0.0.1:44887 - 0 ] INFO  replication.ReplicationServer (ReplicationServer.java:start(111)) - ReplicationServer is started using port 43157
2022-10-11 17:33:21,735 [EndpointStateMachine task thread for /127.0.0.1:44887 - 0 ] INFO  ratis.XceiverServerRatis (XceiverServerRatis.java:start(481)) - Starting XceiverServerRatis c6f9d5d6-ce23-4a05-8f31-e64b02be19f7
2022-10-11 17:33:21,736 [EndpointStateMachine task thread for /127.0.0.1:44887 - 0 ] INFO  server.RaftServer (RaftServerProxy.java:lambda$start$6(382)) - c6f9d5d6-ce23-4a05-8f31-e64b02be19f7: start RPC server
2022-10-11 17:33:21,741 [EndpointStateMachine task thread for /127.0.0.1:44887 - 0 ] INFO  server.GrpcService (GrpcService.java:startImpl(260)) - c6f9d5d6-ce23-4a05-8f31-e64b02be19f7: GrpcService started, listening on 42011
2022-10-11 17:33:21,742 [EndpointStateMachine task thread for /127.0.0.1:44887 - 0 ] INFO  ratis.XceiverServerRatis (XceiverServerRatis.java:getRealPort(502)) - XceiverServerRatis c6f9d5d6-ce23-4a05-8f31-e64b02be19f7 is started using port 42011 for RATIS
2022-10-11 17:33:21,742 [org.apache.ratis.util.JvmPauseMonitor$$Lambda$519/1644506233@2d58615e] INFO  util.JvmPauseMonitor (JvmPauseMonitor.java:run(103)) - JvmPauseMonitor-c6f9d5d6-ce23-4a05-8f31-e64b02be19f7: Started
2022-10-11 17:33:21,742 [EndpointStateMachine task thread for /127.0.0.1:44887 - 0 ] INFO  ratis.XceiverServerRatis (XceiverServerRatis.java:getRealPort(502)) - XceiverServerRatis c6f9d5d6-ce23-4a05-8f31-e64b02be19f7 is started using port 42011 for RATIS_ADMIN
2022-10-11 17:33:21,742 [EndpointStateMachine task thread for /127.0.0.1:44887 - 0 ] INFO  ratis.XceiverServerRatis (XceiverServerRatis.java:getRealPort(502)) - XceiverServerRatis c6f9d5d6-ce23-4a05-8f31-e64b02be19f7 is started using port 42011 for RATIS_SERVER
2022-10-11 17:33:21,751 [EndpointStateMachine task thread for /127.0.0.1:44887 - 0 ] INFO  server.XceiverServerGrpc (XceiverServerGrpc.java:start(180)) - XceiverServerGrpc c6f9d5d6-ce23-4a05-8f31-e64b02be19f7 is started using port 44391
2022-10-11 17:33:21,758 [EndpointStateMachine task thread for /127.0.0.1:44349 - 0 ] INFO  ozoneimpl.OzoneContainer (OzoneContainer.java:start(374)) - Ignore. OzoneContainer already started.
2022-10-11 17:33:21,758 [EndpointStateMachine task thread for /127.0.0.1:35983 - 0 ] INFO  ozoneimpl.OzoneContainer (OzoneContainer.java:start(374)) - Ignore. OzoneContainer already started.
2022-10-11 17:33:22,061 [EndpointStateMachine task thread for /127.0.0.1:35983 - 0 ] INFO  volume.HddsVolume (HddsVolume.java:createDbStore(307)) - SchemaV3 db is created and loaded at /home/runner/work/ozone/ozone/hadoop-ozone/integration-test/target/test-dir/MiniOzoneClusterImpl-a53f0994-8d29-48d7-8b80-9abc5033b6e0/datanode-1/data-0/containers/hdds/a53f0994-8d29-48d7-8b80-9abc5033b6e0/DS-35e5e5a5-bd7d-4644-8ee0-1020fe573af1/container.db for volume DS-35e5e5a5-bd7d-4644-8ee0-1020fe573af1
2022-10-11 17:33:22,064 [EndpointStateMachine task thread for /127.0.0.1:35983 - 0 ] INFO  volume.HddsVolume (HddsVolume.java:closeDbStore(338)) - SchemaV3 db is stopped at /home/runner/work/ozone/ozone/hadoop-ozone/integration-test/target/test-dir/MiniOzoneClusterImpl-a53f0994-8d29-48d7-8b80-9abc5033b6e0/datanode-1/data-0/containers/hdds/a53f0994-8d29-48d7-8b80-9abc5033b6e0/DS-35e5e5a5-bd7d-4644-8ee0-1020fe573af1/container.db for volume DS-35e5e5a5-bd7d-4644-8ee0-1020fe573af1
2022-10-11 17:33:22,064 [EndpointStateMachine task thread for /127.0.0.1:44349 - 0 ] INFO  ozoneimpl.OzoneContainer (OzoneContainer.java:start(378)) - Attempting to start container services.
2022-10-11 17:33:22,064 [EndpointStateMachine task thread for /127.0.0.1:44349 - 0 ] INFO  ozoneimpl.OzoneContainer (OzoneContainer.java:startContainerScrub(313)) - Background container scanner has been disabled.
2022-10-11 17:33:22,069 [EndpointStateMachine task thread for /127.0.0.1:44349 - 0 ] INFO  replication.ReplicationServer (ReplicationServer.java:start(111)) - ReplicationServer is started using port 40615
2022-10-11 17:33:22,070 [EndpointStateMachine task thread for /127.0.0.1:44349 - 0 ] INFO  ratis.XceiverServerRatis (XceiverServerRatis.java:start(481)) - Starting XceiverServerRatis a4eb97e2-c085-4a03-847a-2990f025d514
2022-10-11 17:33:22,072 [EndpointStateMachine task thread for /127.0.0.1:44349 - 0 ] INFO  server.RaftServer (RaftServerProxy.java:lambda$start$6(382)) - a4eb97e2-c085-4a03-847a-2990f025d514: start RPC server
2022-10-11 17:33:22,077 [EndpointStateMachine task thread for /127.0.0.1:44349 - 0 ] INFO  server.GrpcService (GrpcService.java:startImpl(260)) - a4eb97e2-c085-4a03-847a-2990f025d514: GrpcService started, listening on 43867
2022-10-11 17:33:22,077 [EndpointStateMachine task thread for /127.0.0.1:44349 - 0 ] INFO  ratis.XceiverServerRatis (XceiverServerRatis.java:getRealPort(502)) - XceiverServerRatis a4eb97e2-c085-4a03-847a-2990f025d514 is started using port 43867 for RATIS
2022-10-11 17:33:22,078 [EndpointStateMachine task thread for /127.0.0.1:44349 - 0 ] INFO  ratis.XceiverServerRatis (XceiverServerRatis.java:getRealPort(502)) - XceiverServerRatis a4eb97e2-c085-4a03-847a-2990f025d514 is started using port 43867 for RATIS_ADMIN
2022-10-11 17:33:22,078 [EndpointStateMachine task thread for /127.0.0.1:44349 - 0 ] INFO  ratis.XceiverServerRatis (XceiverServerRatis.java:getRealPort(502)) - XceiverServerRatis a4eb97e2-c085-4a03-847a-2990f025d514 is started using port 43867 for RATIS_SERVER
2022-10-11 17:33:22,078 [org.apache.ratis.util.JvmPauseMonitor$$Lambda$519/1644506233@151b7721] INFO  util.JvmPauseMonitor (JvmPauseMonitor.java:run(103)) - JvmPauseMonitor-a4eb97e2-c085-4a03-847a-2990f025d514: Started
2022-10-11 17:33:22,084 [EndpointStateMachine task thread for /127.0.0.1:44349 - 0 ] INFO  server.XceiverServerGrpc (XceiverServerGrpc.java:start(180)) - XceiverServerGrpc a4eb97e2-c085-4a03-847a-2990f025d514 is started using port 42241
2022-10-11 17:33:22,087 [EndpointStateMachine task thread for /127.0.0.1:44887 - 0 ] INFO  ozoneimpl.OzoneContainer (OzoneContainer.java:start(374)) - Ignore. OzoneContainer already started.
2022-10-11 17:33:22,087 [EndpointStateMachine task thread for /127.0.0.1:35983 - 0 ] INFO  ozoneimpl.OzoneContainer (OzoneContainer.java:start(374)) - Ignore. OzoneContainer already started.
2022-10-11 17:33:22,403 [Listener at 127.0.0.1/46797] INFO  ozone.MiniOzoneClusterImpl (MiniOzoneClusterImpl.java:lambda$waitForClusterToBeReady$0(216)) - Waiting for nodes to be ready. Got 0 of 3 DN Heartbeats.
2022-10-11 17:33:22,403 [Listener at 127.0.0.1/46797] INFO  ozone.MiniOzoneClusterImpl (MiniOzoneClusterImpl.java:lambda$waitForClusterToBeReady$0(219)) - Waiting for cluster to exit safe mode
2022-10-11 17:33:22,403 [Listener at 127.0.0.1/46797] INFO  ozone.MiniOzoneClusterImpl (MiniOzoneClusterImpl.java:lambda$waitForClusterToBeReady$0(221)) - SCM became leader
2022-10-11 17:33:22,465 [EndpointStateMachine task thread for /127.0.0.1:44887 - 0 ] INFO  volume.HddsVolume (HddsVolume.java:createDbStore(307)) - SchemaV3 db is created and loaded at /home/runner/work/ozone/ozone/hadoop-ozone/integration-test/target/test-dir/MiniOzoneClusterImpl-a53f0994-8d29-48d7-8b80-9abc5033b6e0/datanode-2/data-0/containers/hdds/a53f0994-8d29-48d7-8b80-9abc5033b6e0/DS-bc0fd1cb-f80e-4611-b2e1-cb9e134c33fa/container.db for volume DS-bc0fd1cb-f80e-4611-b2e1-cb9e134c33fa
2022-10-11 17:33:22,467 [EndpointStateMachine task thread for /127.0.0.1:44887 - 0 ] INFO  volume.HddsVolume (HddsVolume.java:closeDbStore(338)) - SchemaV3 db is stopped at /home/runner/work/ozone/ozone/hadoop-ozone/integration-test/target/test-dir/MiniOzoneClusterImpl-a53f0994-8d29-48d7-8b80-9abc5033b6e0/datanode-2/data-0/containers/hdds/a53f0994-8d29-48d7-8b80-9abc5033b6e0/DS-bc0fd1cb-f80e-4611-b2e1-cb9e134c33fa/container.db for volume DS-bc0fd1cb-f80e-4611-b2e1-cb9e134c33fa
2022-10-11 17:33:22,467 [EndpointStateMachine task thread for /127.0.0.1:44887 - 0 ] INFO  ozoneimpl.OzoneContainer (OzoneContainer.java:start(378)) - Attempting to start container services.
2022-10-11 17:33:22,467 [EndpointStateMachine task thread for /127.0.0.1:44887 - 0 ] INFO  ozoneimpl.OzoneContainer (OzoneContainer.java:startContainerScrub(313)) - Background container scanner has been disabled.
2022-10-11 17:33:22,472 [EndpointStateMachine task thread for /127.0.0.1:44887 - 0 ] INFO  replication.ReplicationServer (ReplicationServer.java:start(111)) - ReplicationServer is started using port 44965
2022-10-11 17:33:22,473 [EndpointStateMachine task thread for /127.0.0.1:44887 - 0 ] INFO  ratis.XceiverServerRatis (XceiverServerRatis.java:start(481)) - Starting XceiverServerRatis 0de9eb11-3db5-450a-a624-fd6bf12412f3
2022-10-11 17:33:22,476 [EndpointStateMachine task thread for /127.0.0.1:44887 - 0 ] INFO  server.RaftServer (RaftServerProxy.java:lambda$start$6(382)) - 0de9eb11-3db5-450a-a624-fd6bf12412f3: start RPC server
2022-10-11 17:33:22,479 [EndpointStateMachine task thread for /127.0.0.1:44887 - 0 ] INFO  server.GrpcService (GrpcService.java:startImpl(260)) - 0de9eb11-3db5-450a-a624-fd6bf12412f3: GrpcService started, listening on 38277
2022-10-11 17:33:22,479 [EndpointStateMachine task thread for /127.0.0.1:44887 - 0 ] INFO  ratis.XceiverServerRatis (XceiverServerRatis.java:getRealPort(502)) - XceiverServerRatis 0de9eb11-3db5-450a-a624-fd6bf12412f3 is started using port 38277 for RATIS
2022-10-11 17:33:22,479 [org.apache.ratis.util.JvmPauseMonitor$$Lambda$519/1644506233@4ea4a847] INFO  util.JvmPauseMonitor (JvmPauseMonitor.java:run(103)) - JvmPauseMonitor-0de9eb11-3db5-450a-a624-fd6bf12412f3: Started
2022-10-11 17:33:22,479 [EndpointStateMachine task thread for /127.0.0.1:44887 - 0 ] INFO  ratis.XceiverServerRatis (XceiverServerRatis.java:getRealPort(502)) - XceiverServerRatis 0de9eb11-3db5-450a-a624-fd6bf12412f3 is started using port 38277 for RATIS_ADMIN
2022-10-11 17:33:22,479 [EndpointStateMachine task thread for /127.0.0.1:44887 - 0 ] INFO  ratis.XceiverServerRatis (XceiverServerRatis.java:getRealPort(502)) - XceiverServerRatis 0de9eb11-3db5-450a-a624-fd6bf12412f3 is started using port 38277 for RATIS_SERVER
2022-10-11 17:33:22,487 [EndpointStateMachine task thread for /127.0.0.1:44887 - 0 ] INFO  server.XceiverServerGrpc (XceiverServerGrpc.java:start(180)) - XceiverServerGrpc 0de9eb11-3db5-450a-a624-fd6bf12412f3 is started using port 43201
2022-10-11 17:33:22,492 [EndpointStateMachine task thread for /127.0.0.1:35983 - 0 ] INFO  ozoneimpl.OzoneContainer (OzoneContainer.java:start(374)) - Ignore. OzoneContainer already started.
2022-10-11 17:33:22,492 [EndpointStateMachine task thread for /127.0.0.1:44349 - 0 ] INFO  ozoneimpl.OzoneContainer (OzoneContainer.java:start(374)) - Ignore. OzoneContainer already started.
2022-10-11 17:33:23,404 [Listener at 127.0.0.1/46797] INFO  ozone.MiniOzoneClusterImpl (MiniOzoneClusterImpl.java:lambda$waitForClusterToBeReady$0(216)) - Waiting for nodes to be ready. Got 0 of 3 DN Heartbeats.
2022-10-11 17:33:23,404 [Listener at 127.0.0.1/46797] INFO  ozone.MiniOzoneClusterImpl (MiniOzoneClusterImpl.java:lambda$waitForClusterToBeReady$0(219)) - Waiting for cluster to exit safe mode
2022-10-11 17:33:23,404 [Listener at 127.0.0.1/46797] INFO  ozone.MiniOzoneClusterImpl (MiniOzoneClusterImpl.java:lambda$waitForClusterToBeReady$0(221)) - SCM became leader
2022-10-11 17:33:23,606 [IPC Server handler 1 on default port 44349] INFO  net.NetworkTopologyImpl (NetworkTopologyImpl.java:add(112)) - Added a new node: /default-rack/c6f9d5d6-ce23-4a05-8f31-e64b02be19f7
2022-10-11 17:33:23,606 [IPC Server handler 0 on default port 35983] INFO  net.NetworkTopologyImpl (NetworkTopologyImpl.java:add(112)) - Added a new node: /default-rack/c6f9d5d6-ce23-4a05-8f31-e64b02be19f7
2022-10-11 17:33:23,610 [IPC Server handler 7 on default port 44887] INFO  net.NetworkTopologyImpl (NetworkTopologyImpl.java:add(112)) - Added a new node: /default-rack/c6f9d5d6-ce23-4a05-8f31-e64b02be19f7
2022-10-11 17:33:23,612 [IPC Server handler 1 on default port 44349] INFO  node.SCMNodeManager (SCMNodeManager.java:register(397)) - Registered Data node : c6f9d5d6-ce23-4a05-8f31-e64b02be19f7{ip: 127.0.0.1, host: localhost, ports: [REPLICATION=43157, RATIS=42011, RATIS_ADMIN=42011, RATIS_SERVER=42011, STANDALONE=44391], networkLocation: /default-rack, certSerialId: null, persistedOpState: null, persistedOpStateExpiryEpochSec: 0}
2022-10-11 17:33:23,612 [IPC Server handler 7 on default port 44887] INFO  node.SCMNodeManager (SCMNodeManager.java:register(397)) - Registered Data node : c6f9d5d6-ce23-4a05-8f31-e64b02be19f7{ip: 127.0.0.1, host: localhost, ports: [REPLICATION=43157, RATIS=42011, RATIS_ADMIN=42011, RATIS_SERVER=42011, STANDALONE=44391], networkLocation: /default-rack, certSerialId: null, persistedOpState: null, persistedOpStateExpiryEpochSec: 0}
2022-10-11 17:33:23,616 [IPC Server handler 0 on default port 35983] INFO  node.SCMNodeManager (SCMNodeManager.java:register(397)) - Registered Data node : c6f9d5d6-ce23-4a05-8f31-e64b02be19f7{ip: 127.0.0.1, host: localhost, ports: [REPLICATION=43157, RATIS=42011, RATIS_ADMIN=42011, RATIS_SERVER=42011, STANDALONE=44391], networkLocation: /default-rack, certSerialId: null, persistedOpState: null, persistedOpStateExpiryEpochSec: 0}
2022-10-11 17:33:23,622 [EventQueue-NewNodeForNewNodeHandler] INFO  pipeline.BackgroundPipelineCreator (BackgroundPipelineCreator.java:notifyEventTriggered(269)) - ignore, not leader SCM.
2022-10-11 17:33:23,623 [EventQueue-NodeRegistrationContainerReportForDataNodeSafeModeRule] INFO  safemode.SCMSafeModeManager (DataNodeSafeModeRule.java:process(71)) - SCM in safe mode. 1 DataNodes registered, 3 required.
2022-10-11 17:33:23,624 [EventQueue-NewNodeForNewNodeHandler] INFO  pipeline.BackgroundPipelineCreator (BackgroundPipelineCreator.java:notifyEventTriggered(276)) - trigger a one-shot run on RatisPipelineUtilsThread.
2022-10-11 17:33:23,636 [EventQueue-NewNodeForNewNodeHandler] INFO  pipeline.BackgroundPipelineCreator (BackgroundPipelineCreator.java:notifyEventTriggered(269)) - ignore, not leader SCM.
2022-10-11 17:33:23,625 [EventQueue-NodeRegistrationContainerReportForDataNodeSafeModeRule] INFO  safemode.SCMSafeModeManager (DataNodeSafeModeRule.java:process(71)) - SCM in safe mode. 1 DataNodes registered, 3 required.
2022-10-11 17:33:23,636 [EventQueue-NodeRegistrationContainerReportForContainerSafeModeRule] INFO  safemode.SCMSafeModeManager (SCMSafeModeManager.java:validateSafeModeExitRules(204)) - ContainerSafeModeRule rule is successfully validated
2022-10-11 17:33:23,641 [RatisPipelineUtilsThread - 0] INFO  pipeline.RatisPipelineProvider (RatisPipelineProvider.java:lambda$create$0(195)) - Sending CreatePipelineCommand for pipeline:PipelineID=dc897bd4-b8eb-4979-81bd-8067fed13d63 to datanode:c6f9d5d6-ce23-4a05-8f31-e64b02be19f7
2022-10-11 17:33:23,641 [EventQueue-NodeRegistrationContainerReportForContainerSafeModeRule] INFO  safemode.SCMSafeModeManager (SCMSafeModeManager.java:validateSafeModeExitRules(204)) - ContainerSafeModeRule rule is successfully validated
2022-10-11 17:33:23,654 [EventQueue-PipelineReportForOneReplicaPipelineSafeModeRule] INFO  safemode.SCMSafeModeManager (SCMSafeModeManager.java:validateSafeModeExitRules(204)) - AtleastOneDatanodeReportedRule rule is successfully validated
2022-10-11 17:33:23,654 [EventQueue-PipelineReportForOneReplicaPipelineSafeModeRule] INFO  safemode.SCMSafeModeManager (SCMSafeModeManager.java:validateSafeModeExitRules(204)) - AtleastOneDatanodeReportedRule rule is successfully validated
2022-10-11 17:33:23,662 [EventQueue-NodeRegistrationContainerReportForDataNodeSafeModeRule] INFO  safemode.SCMSafeModeManager (DataNodeSafeModeRule.java:process(71)) - SCM in safe mode. 1 DataNodes registered, 3 required.
2022-10-11 17:33:23,679 [EventQueue-NodeRegistrationContainerReportForContainerSafeModeRule] INFO  safemode.SCMSafeModeManager (SCMSafeModeManager.java:validateSafeModeExitRules(204)) - ContainerSafeModeRule rule is successfully validated
2022-10-11 17:33:23,681 [EventQueue-PipelineReportForOneReplicaPipelineSafeModeRule] INFO  safemode.SCMSafeModeManager (SCMSafeModeManager.java:validateSafeModeExitRules(204)) - AtleastOneDatanodeReportedRule rule is successfully validated
2022-10-11 17:33:23,743 [fa895461-6123-4d7e-a25c-be7d0086d09c@group-9ABC5033B6E0-StateMachineUpdater] INFO  pipeline.PipelineStateManagerImpl (PipelineStateManagerImpl.java:addPipeline(103)) - Created pipeline Pipeline[ Id: dc897bd4-b8eb-4979-81bd-8067fed13d63, Nodes: c6f9d5d6-ce23-4a05-8f31-e64b02be19f7{ip: 127.0.0.1, host: localhost, ports: [REPLICATION=43157, RATIS=42011, RATIS_ADMIN=42011, RATIS_SERVER=42011, STANDALONE=44391], networkLocation: /default-rack, certSerialId: null, persistedOpState: IN_SERVICE, persistedOpStateExpiryEpochSec: 0}, ReplicationConfig: RATIS/ONE, State:ALLOCATED, leaderId:, CreationTimestamp2022-10-11T17:33:23.640Z[Etc/UTC]].
2022-10-11 17:33:23,744 [fa895461-6123-4d7e-a25c-be7d0086d09c@group-9ABC5033B6E0-StateMachineUpdater] INFO  safemode.HealthyPipelineSafeModeRule (HealthyPipelineSafeModeRule.java:initializeRule(165)) - Refreshed total pipeline count is 0, healthy pipeline threshold count is 1
2022-10-11 17:33:23,748 [eedbf36c-d765-4127-a253-f087b7af9e5f@group-9ABC5033B6E0-StateMachineUpdater] INFO  pipeline.PipelineStateManagerImpl (PipelineStateManagerImpl.java:addPipeline(103)) - Created pipeline Pipeline[ Id: dc897bd4-b8eb-4979-81bd-8067fed13d63, Nodes: c6f9d5d6-ce23-4a05-8f31-e64b02be19f7{ip: 127.0.0.1, host: localhost, ports: [REPLICATION=43157, RATIS=42011, RATIS_ADMIN=42011, RATIS_SERVER=42011, STANDALONE=44391], networkLocation: /default-rack, certSerialId: null, persistedOpState: IN_SERVICE, persistedOpStateExpiryEpochSec: 0}, ReplicationConfig: RATIS/ONE, State:ALLOCATED, leaderId:, CreationTimestamp2022-10-11T17:33:23.640Z[Etc/UTC]].
2022-10-11 17:33:23,752 [eedbf36c-d765-4127-a253-f087b7af9e5f@group-9ABC5033B6E0-StateMachineUpdater] INFO  safemode.HealthyPipelineSafeModeRule (HealthyPipelineSafeModeRule.java:initializeRule(165)) - Refreshed total pipeline count is 0, healthy pipeline threshold count is 1
2022-10-11 17:33:23,749 [26594dbf-7a18-4bd8-acec-1f08b91ad5e5@group-9ABC5033B6E0-StateMachineUpdater] INFO  pipeline.PipelineStateManagerImpl (PipelineStateManagerImpl.java:addPipeline(103)) - Created pipeline Pipeline[ Id: dc897bd4-b8eb-4979-81bd-8067fed13d63, Nodes: c6f9d5d6-ce23-4a05-8f31-e64b02be19f7{ip: 127.0.0.1, host: localhost, ports: [REPLICATION=43157, RATIS=42011, RATIS_ADMIN=42011, RATIS_SERVER=42011, STANDALONE=44391], networkLocation: /default-rack, certSerialId: null, persistedOpState: IN_SERVICE, persistedOpStateExpiryEpochSec: 0}, ReplicationConfig: RATIS/ONE, State:ALLOCATED, leaderId:, CreationTimestamp2022-10-11T17:33:23.640Z[Etc/UTC]].
2022-10-11 17:33:23,758 [26594dbf-7a18-4bd8-acec-1f08b91ad5e5@group-9ABC5033B6E0-StateMachineUpdater] INFO  safemode.HealthyPipelineSafeModeRule (HealthyPipelineSafeModeRule.java:initializeRule(165)) - Refreshed total pipeline count is 0, healthy pipeline threshold count is 1
2022-10-11 17:33:24,017 [IPC Server handler 5 on default port 44887] INFO  net.NetworkTopologyImpl (NetworkTopologyImpl.java:add(112)) - Added a new node: /default-rack/a4eb97e2-c085-4a03-847a-2990f025d514
2022-10-11 17:33:24,018 [IPC Server handler 5 on default port 44887] INFO  node.SCMNodeManager (SCMNodeManager.java:register(397)) - Registered Data node : a4eb97e2-c085-4a03-847a-2990f025d514{ip: 127.0.0.1, host: localhost, ports: [REPLICATION=40615, RATIS=43867, RATIS_ADMIN=43867, RATIS_SERVER=43867, STANDALONE=42241], networkLocation: /default-rack, certSerialId: null, persistedOpState: null, persistedOpStateExpiryEpochSec: 0}
2022-10-11 17:33:24,019 [IPC Server handler 5 on default port 35983] INFO  net.NetworkTopologyImpl (NetworkTopologyImpl.java:add(112)) - Added a new node: /default-rack/a4eb97e2-c085-4a03-847a-2990f025d514
2022-10-11 17:33:24,019 [IPC Server handler 5 on default port 35983] INFO  node.SCMNodeManager (SCMNodeManager.java:register(397)) - Registered Data node : a4eb97e2-c085-4a03-847a-2990f025d514{ip: 127.0.0.1, host: localhost, ports: [REPLICATION=40615, RATIS=43867, RATIS_ADMIN=43867, RATIS_SERVER=43867, STANDALONE=42241], networkLocation: /default-rack, certSerialId: null, persistedOpState: null, persistedOpStateExpiryEpochSec: 0}
2022-10-11 17:33:24,020 [EventQueue-NodeRegistrationContainerReportForDataNodeSafeModeRule] INFO  safemode.SCMSafeModeManager (DataNodeSafeModeRule.java:process(71)) - SCM in safe mode. 2 DataNodes registered, 3 required.
2022-10-11 17:33:24,020 [EventQueue-NewNodeForNewNodeHandler] INFO  pipeline.BackgroundPipelineCreator (BackgroundPipelineCreator.java:notifyEventTriggered(276)) - trigger a one-shot run on RatisPipelineUtilsThread.
2022-10-11 17:33:24,020 [IPC Server handler 2 on default port 44349] INFO  net.NetworkTopologyImpl (NetworkTopologyImpl.java:add(112)) - Added a new node: /default-rack/a4eb97e2-c085-4a03-847a-2990f025d514
2022-10-11 17:33:24,020 [IPC Server handler 2 on default port 44349] INFO  node.SCMNodeManager (SCMNodeManager.java:register(397)) - Registered Data node : a4eb97e2-c085-4a03-847a-2990f025d514{ip: 127.0.0.1, host: localhost, ports: [REPLICATION=40615, RATIS=43867, RATIS_ADMIN=43867, RATIS_SERVER=43867, STANDALONE=42241], networkLocation: /default-rack, certSerialId: null, persistedOpState: null, persistedOpStateExpiryEpochSec: 0}
2022-10-11 17:33:24,022 [EventQueue-NewNodeForNewNodeHandler] INFO  pipeline.BackgroundPipelineCreator (BackgroundPipelineCreator.java:notifyEventTriggered(269)) - ignore, not leader SCM.
2022-10-11 17:33:24,023 [EventQueue-NewNodeForNewNodeHandler] INFO  pipeline.BackgroundPipelineCreator (BackgroundPipelineCreator.java:notifyEventTriggered(269)) - ignore, not leader SCM.
2022-10-11 17:33:24,023 [EventQueue-NodeRegistrationContainerReportForDataNodeSafeModeRule] INFO  safemode.SCMSafeModeManager (DataNodeSafeModeRule.java:process(71)) - SCM in safe mode. 2 DataNodes registered, 3 required.
2022-10-11 17:33:24,023 [EventQueue-NodeRegistrationContainerReportForDataNodeSafeModeRule] INFO  safemode.SCMSafeModeManager (DataNodeSafeModeRule.java:process(71)) - SCM in safe mode. 2 DataNodes registered, 3 required.
2022-10-11 17:33:24,024 [RatisPipelineUtilsThread - 0] INFO  pipeline.RatisPipelineProvider (RatisPipelineProvider.java:lambda$create$0(195)) - Sending CreatePipelineCommand for pipeline:PipelineID=373eba6a-abf2-4e32-b279-21ca35c768c7 to datanode:a4eb97e2-c085-4a03-847a-2990f025d514
2022-10-11 17:33:24,032 [eedbf36c-d765-4127-a253-f087b7af9e5f@group-9ABC5033B6E0-StateMachineUpdater] INFO  pipeline.PipelineStateManagerImpl (PipelineStateManagerImpl.java:addPipeline(103)) - Created pipeline Pipeline[ Id: 373eba6a-abf2-4e32-b279-21ca35c768c7, Nodes: a4eb97e2-c085-4a03-847a-2990f025d514{ip: 127.0.0.1, host: localhost, ports: [REPLICATION=40615, RATIS=43867, RATIS_ADMIN=43867, RATIS_SERVER=43867, STANDALONE=42241], networkLocation: /default-rack, certSerialId: null, persistedOpState: IN_SERVICE, persistedOpStateExpiryEpochSec: 0}, ReplicationConfig: RATIS/ONE, State:ALLOCATED, leaderId:, CreationTimestamp2022-10-11T17:33:24.024Z[Etc/UTC]].
2022-10-11 17:33:24,033 [eedbf36c-d765-4127-a253-f087b7af9e5f@group-9ABC5033B6E0-StateMachineUpdater] INFO  safemode.HealthyPipelineSafeModeRule (HealthyPipelineSafeModeRule.java:initializeRule(165)) - Refreshed total pipeline count is 0, healthy pipeline threshold count is 1
2022-10-11 17:33:24,036 [26594dbf-7a18-4bd8-acec-1f08b91ad5e5@group-9ABC5033B6E0-StateMachineUpdater] INFO  pipeline.PipelineStateManagerImpl (PipelineStateManagerImpl.java:addPipeline(103)) - Created pipeline Pipeline[ Id: 373eba6a-abf2-4e32-b279-21ca35c768c7, Nodes: a4eb97e2-c085-4a03-847a-2990f025d514{ip: 127.0.0.1, host: localhost, ports: [REPLICATION=40615, RATIS=43867, RATIS_ADMIN=43867, RATIS_SERVER=43867, STANDALONE=42241], networkLocation: /default-rack, certSerialId: null, persistedOpState: IN_SERVICE, persistedOpStateExpiryEpochSec: 0}, ReplicationConfig: RATIS/ONE, State:ALLOCATED, leaderId:, CreationTimestamp2022-10-11T17:33:24.024Z[Etc/UTC]].
2022-10-11 17:33:24,052 [26594dbf-7a18-4bd8-acec-1f08b91ad5e5@group-9ABC5033B6E0-StateMachineUpdater] INFO  safemode.HealthyPipelineSafeModeRule (HealthyPipelineSafeModeRule.java:initializeRule(165)) - Refreshed total pipeline count is 0, healthy pipeline threshold count is 1
2022-10-11 17:33:24,054 [fa895461-6123-4d7e-a25c-be7d0086d09c@group-9ABC5033B6E0-StateMachineUpdater] INFO  pipeline.PipelineStateManagerImpl (PipelineStateManagerImpl.java:addPipeline(103)) - Created pipeline Pipeline[ Id: 373eba6a-abf2-4e32-b279-21ca35c768c7, Nodes: a4eb97e2-c085-4a03-847a-2990f025d514{ip: 127.0.0.1, host: localhost, ports: [REPLICATION=40615, RATIS=43867, RATIS_ADMIN=43867, RATIS_SERVER=43867, STANDALONE=42241], networkLocation: /default-rack, certSerialId: null, persistedOpState: IN_SERVICE, persistedOpStateExpiryEpochSec: 0}, ReplicationConfig: RATIS/ONE, State:ALLOCATED, leaderId:, CreationTimestamp2022-10-11T17:33:24.024Z[Etc/UTC]].
2022-10-11 17:33:24,055 [fa895461-6123-4d7e-a25c-be7d0086d09c@group-9ABC5033B6E0-StateMachineUpdater] INFO  safemode.HealthyPipelineSafeModeRule (HealthyPipelineSafeModeRule.java:initializeRule(165)) - Refreshed total pipeline count is 0, healthy pipeline threshold count is 1
2022-10-11 17:33:24,404 [Listener at 127.0.0.1/46797] INFO  ozone.MiniOzoneClusterImpl (MiniOzoneClusterImpl.java:lambda$waitForClusterToBeReady$0(216)) - Waiting for nodes to be ready. Got 2 of 3 DN Heartbeats.
2022-10-11 17:33:24,406 [Listener at 127.0.0.1/46797] INFO  ozone.MiniOzoneClusterImpl (MiniOzoneClusterImpl.java:lambda$waitForClusterToBeReady$0(219)) - Waiting for cluster to exit safe mode
2022-10-11 17:33:24,406 [Listener at 127.0.0.1/46797] INFO  ozone.MiniOzoneClusterImpl (MiniOzoneClusterImpl.java:lambda$waitForClusterToBeReady$0(221)) - SCM became leader
2022-10-11 17:33:24,414 [IPC Server handler 2 on default port 35983] INFO  net.NetworkTopologyImpl (NetworkTopologyImpl.java:add(112)) - Added a new node: /default-rack/0de9eb11-3db5-450a-a624-fd6bf12412f3
2022-10-11 17:33:24,414 [IPC Server handler 2 on default port 35983] INFO  node.SCMNodeManager (SCMNodeManager.java:register(397)) - Registered Data node : 0de9eb11-3db5-450a-a624-fd6bf12412f3{ip: 127.0.0.1, host: localhost, ports: [REPLICATION=44965, RATIS=38277, RATIS_ADMIN=38277, RATIS_SERVER=38277, STANDALONE=43201], networkLocation: /default-rack, certSerialId: null, persistedOpState: null, persistedOpStateExpiryEpochSec: 0}
2022-10-11 17:33:24,414 [IPC Server handler 19 on default port 44887] INFO  net.NetworkTopologyImpl (NetworkTopologyImpl.java:add(112)) - Added a new node: /default-rack/0de9eb11-3db5-450a-a624-fd6bf12412f3
2022-10-11 17:33:24,415 [IPC Server handler 19 on default port 44887] INFO  node.SCMNodeManager (SCMNodeManager.java:register(397)) - Registered Data node : 0de9eb11-3db5-450a-a624-fd6bf12412f3{ip: 127.0.0.1, host: localhost, ports: [REPLICATION=44965, RATIS=38277, RATIS_ADMIN=38277, RATIS_SERVER=38277, STANDALONE=43201], networkLocation: /default-rack, certSerialId: null, persistedOpState: null, persistedOpStateExpiryEpochSec: 0}
2022-10-11 17:33:24,415 [EventQueue-NewNodeForNewNodeHandler] INFO  pipeline.BackgroundPipelineCreator (BackgroundPipelineCreator.java:notifyEventTriggered(276)) - trigger a one-shot run on RatisPipelineUtilsThread.
2022-10-11 17:33:24,415 [EventQueue-NodeRegistrationContainerReportForDataNodeSafeModeRule] INFO  safemode.SCMSafeModeManager (DataNodeSafeModeRule.java:process(71)) - SCM in safe mode. 3 DataNodes registered, 3 required.
2022-10-11 17:33:24,415 [EventQueue-NodeRegistrationContainerReportForDataNodeSafeModeRule] INFO  safemode.SCMSafeModeManager (SCMSafeModeManager.java:validateSafeModeExitRules(204)) - DataNodeSafeModeRule rule is successfully validated
2022-10-11 17:33:24,415 [EventQueue-NodeRegistrationContainerReportForDataNodeSafeModeRule] INFO  safemode.SCMSafeModeManager (SCMSafeModeManager.java:completePreCheck(233)) - All SCM safe mode pre check rules have passed
2022-10-11 17:33:24,415 [EventQueue-NodeRegistrationContainerReportForDataNodeSafeModeRule] WARN  events.EventQueue (EventQueue.java:fireEvent(216)) - No event handler registered for event TypedEvent{payloadType=SafeModeStatus, name='Safe mode status'}
2022-10-11 17:33:24,415 [EventQueue-NewNodeForNewNodeHandler] INFO  pipeline.BackgroundPipelineCreator (BackgroundPipelineCreator.java:notifyEventTriggered(269)) - ignore, not leader SCM.
2022-10-11 17:33:24,416 [EventQueue-NodeRegistrationContainerReportForDataNodeSafeModeRule] INFO  safemode.SCMSafeModeManager (DataNodeSafeModeRule.java:process(71)) - SCM in safe mode. 3 DataNodes registered, 3 required.
2022-10-11 17:33:24,414 [IPC Server handler 0 on default port 44349] INFO  net.NetworkTopologyImpl (NetworkTopologyImpl.java:add(112)) - Added a new node: /default-rack/0de9eb11-3db5-450a-a624-fd6bf12412f3
2022-10-11 17:33:24,416 [IPC Server handler 0 on default port 44349] INFO  node.SCMNodeManager (SCMNodeManager.java:register(397)) - Registered Data node : 0de9eb11-3db5-450a-a624-fd6bf12412f3{ip: 127.0.0.1, host: localhost, ports: [REPLICATION=44965, RATIS=38277, RATIS_ADMIN=38277, RATIS_SERVER=38277, STANDALONE=43201], networkLocation: /default-rack, certSerialId: null, persistedOpState: null, persistedOpStateExpiryEpochSec: 0}
2022-10-11 17:33:24,416 [EventQueue-NewNodeForNewNodeHandler] INFO  pipeline.BackgroundPipelineCreator (BackgroundPipelineCreator.java:notifyEventTriggered(269)) - ignore, not leader SCM.
2022-10-11 17:33:24,416 [EventQueue-NodeRegistrationContainerReportForDataNodeSafeModeRule] INFO  safemode.SCMSafeModeManager (SCMSafeModeManager.java:validateSafeModeExitRules(204)) - DataNodeSafeModeRule rule is successfully validated
2022-10-11 17:33:24,416 [EventQueue-NodeRegistrationContainerReportForDataNodeSafeModeRule] INFO  safemode.SCMSafeModeManager (SCMSafeModeManager.java:completePreCheck(233)) - All SCM safe mode pre check rules have passed
2022-10-11 17:33:24,415 [EventQueue-NodeRegistrationContainerReportForDataNodeSafeModeRule] INFO  ha.SCMContext (SCMContext.java:updateSafeModeStatus(228)) - Update SafeModeStatus from SafeModeStatus{safeModeStatus=true, preCheckPassed=false} to SafeModeStatus{safeModeStatus=true, preCheckPassed=true}.
2022-10-11 17:33:24,416 [EventQueue-NodeRegistrationContainerReportForDataNodeSafeModeRule] INFO  pipeline.BackgroundPipelineCreator (BackgroundPipelineCreator.java:notifyEventTriggered(276)) - trigger a one-shot run on RatisPipelineUtilsThread.
2022-10-11 17:33:24,416 [EventQueue-NodeRegistrationContainerReportForDataNodeSafeModeRule] INFO  safemode.SCMSafeModeManager (DataNodeSafeModeRule.java:process(71)) - SCM in safe mode. 3 DataNodes registered, 3 required.
2022-10-11 17:33:24,416 [EventQueue-NodeRegistrationContainerReportForDataNodeSafeModeRule] INFO  safemode.SCMSafeModeManager (SCMSafeModeManager.java:validateSafeModeExitRules(204)) - DataNodeSafeModeRule rule is successfully validated
2022-10-11 17:33:24,417 [EventQueue-NodeRegistrationContainerReportForDataNodeSafeModeRule] INFO  safemode.SCMSafeModeManager (SCMSafeModeManager.java:completePreCheck(233)) - All SCM safe mode pre check rules have passed
2022-10-11 17:33:24,417 [RatisPipelineUtilsThread - 0] INFO  pipeline.RatisPipelineProvider (RatisPipelineProvider.java:lambda$create$0(195)) - Sending CreatePipelineCommand for pipeline:PipelineID=24e50f28-e6ce-45c8-91e9-731d26cd063c to datanode:0de9eb11-3db5-450a-a624-fd6bf12412f3
2022-10-11 17:33:24,416 [EventQueue-NodeRegistrationContainerReportForDataNodeSafeModeRule] WARN  events.EventQueue (EventQueue.java:fireEvent(216)) - No event handler registered for event TypedEvent{payloadType=SafeModeStatus, name='Safe mode status'}
2022-10-11 17:33:24,421 [EventQueue-NodeRegistrationContainerReportForDataNodeSafeModeRule] INFO  ha.SCMContext (SCMContext.java:updateSafeModeStatus(228)) - Update SafeModeStatus from SafeModeStatus{safeModeStatus=true, preCheckPassed=false} to SafeModeStatus{safeModeStatus=true, preCheckPassed=true}.
2022-10-11 17:33:24,421 [EventQueue-NodeRegistrationContainerReportForDataNodeSafeModeRule] INFO  pipeline.BackgroundPipelineCreator (BackgroundPipelineCreator.java:notifyEventTriggered(269)) - ignore, not leader SCM.
2022-10-11 17:33:24,417 [EventQueue-NodeRegistrationContainerReportForDataNodeSafeModeRule] WARN  events.EventQueue (EventQueue.java:fireEvent(216)) - No event handler registered for event TypedEvent{payloadType=SafeModeStatus, name='Safe mode status'}
2022-10-11 17:33:24,421 [EventQueue-NodeRegistrationContainerReportForDataNodeSafeModeRule] INFO  ha.SCMContext (SCMContext.java:updateSafeModeStatus(228)) - Update SafeModeStatus from SafeModeStatus{safeModeStatus=true, preCheckPassed=false} to SafeModeStatus{safeModeStatus=true, preCheckPassed=true}.
2022-10-11 17:33:24,421 [EventQueue-NodeRegistrationContainerReportForDataNodeSafeModeRule] INFO  pipeline.BackgroundPipelineCreator (BackgroundPipelineCreator.java:notifyEventTriggered(269)) - ignore, not leader SCM.
2022-10-11 17:33:24,424 [eedbf36c-d765-4127-a253-f087b7af9e5f@group-9ABC5033B6E0-StateMachineUpdater] INFO  pipeline.PipelineStateManagerImpl (PipelineStateManagerImpl.java:addPipeline(103)) - Created pipeline Pipeline[ Id: 24e50f28-e6ce-45c8-91e9-731d26cd063c, Nodes: 0de9eb11-3db5-450a-a624-fd6bf12412f3{ip: 127.0.0.1, host: localhost, ports: [REPLICATION=44965, RATIS=38277, RATIS_ADMIN=38277, RATIS_SERVER=38277, STANDALONE=43201], networkLocation: /default-rack, certSerialId: null, persistedOpState: IN_SERVICE, persistedOpStateExpiryEpochSec: 0}, ReplicationConfig: RATIS/ONE, State:ALLOCATED, leaderId:, CreationTimestamp2022-10-11T17:33:24.417Z[Etc/UTC]].
2022-10-11 17:33:24,424 [eedbf36c-d765-4127-a253-f087b7af9e5f@group-9ABC5033B6E0-StateMachineUpdater] INFO  safemode.HealthyPipelineSafeModeRule (HealthyPipelineSafeModeRule.java:initializeRule(165)) - Refreshed total pipeline count is 0, healthy pipeline threshold count is 1
2022-10-11 17:33:24,431 [RatisPipelineUtilsThread - 0] INFO  pipeline.RatisPipelineProvider (RatisPipelineProvider.java:lambda$create$0(195)) - Sending CreatePipelineCommand for pipeline:PipelineID=6dbf8586-66ec-4cb6-9950-e436aa9d509d to datanode:a4eb97e2-c085-4a03-847a-2990f025d514
2022-10-11 17:33:24,433 [RatisPipelineUtilsThread - 0] INFO  pipeline.RatisPipelineProvider (RatisPipelineProvider.java:lambda$create$0(195)) - Sending CreatePipelineCommand for pipeline:PipelineID=6dbf8586-66ec-4cb6-9950-e436aa9d509d to datanode:c6f9d5d6-ce23-4a05-8f31-e64b02be19f7
2022-10-11 17:33:24,434 [fa895461-6123-4d7e-a25c-be7d0086d09c@group-9ABC5033B6E0-StateMachineUpdater] INFO  pipeline.PipelineStateManagerImpl (PipelineStateManagerImpl.java:addPipeline(103)) - Created pipeline Pipeline[ Id: 24e50f28-e6ce-45c8-91e9-731d26cd063c, Nodes: 0de9eb11-3db5-450a-a624-fd6bf12412f3{ip: 127.0.0.1, host: localhost, ports: [REPLICATION=44965, RATIS=38277, RATIS_ADMIN=38277, RATIS_SERVER=38277, STANDALONE=43201], networkLocation: /default-rack, certSerialId: null, persistedOpState: IN_SERVICE, persistedOpStateExpiryEpochSec: 0}, ReplicationConfig: RATIS/ONE, State:ALLOCATED, leaderId:, CreationTimestamp2022-10-11T17:33:24.417Z[Etc/UTC]].
2022-10-11 17:33:24,434 [fa895461-6123-4d7e-a25c-be7d0086d09c@group-9ABC5033B6E0-StateMachineUpdater] INFO  safemode.HealthyPipelineSafeModeRule (HealthyPipelineSafeModeRule.java:initializeRule(165)) - Refreshed total pipeline count is 0, healthy pipeline threshold count is 1
2022-10-11 17:33:24,434 [RatisPipelineUtilsThread - 0] INFO  pipeline.RatisPipelineProvider (RatisPipelineProvider.java:lambda$create$0(195)) - Sending CreatePipelineCommand for pipeline:PipelineID=6dbf8586-66ec-4cb6-9950-e436aa9d509d to datanode:0de9eb11-3db5-450a-a624-fd6bf12412f3
2022-10-11 17:33:24,436 [26594dbf-7a18-4bd8-acec-1f08b91ad5e5@group-9ABC5033B6E0-StateMachineUpdater] INFO  pipeline.PipelineStateManagerImpl (PipelineStateManagerImpl.java:addPipeline(103)) - Created pipeline Pipeline[ Id: 24e50f28-e6ce-45c8-91e9-731d26cd063c, Nodes: 0de9eb11-3db5-450a-a624-fd6bf12412f3{ip: 127.0.0.1, host: localhost, ports: [REPLICATION=44965, RATIS=38277, RATIS_ADMIN=38277, RATIS_SERVER=38277, STANDALONE=43201], networkLocation: /default-rack, certSerialId: null, persistedOpState: IN_SERVICE, persistedOpStateExpiryEpochSec: 0}, ReplicationConfig: RATIS/ONE, State:ALLOCATED, leaderId:, CreationTimestamp2022-10-11T17:33:24.417Z[Etc/UTC]].
2022-10-11 17:33:24,439 [26594dbf-7a18-4bd8-acec-1f08b91ad5e5@group-9ABC5033B6E0-StateMachineUpdater] INFO  safemode.HealthyPipelineSafeModeRule (HealthyPipelineSafeModeRule.java:initializeRule(165)) - Refreshed total pipeline count is 0, healthy pipeline threshold count is 1
2022-10-11 17:33:24,447 [eedbf36c-d765-4127-a253-f087b7af9e5f@group-9ABC5033B6E0-StateMachineUpdater] INFO  pipeline.PipelineStateManagerImpl (PipelineStateManagerImpl.java:addPipeline(103)) - Created pipeline Pipeline[ Id: 6dbf8586-66ec-4cb6-9950-e436aa9d509d, Nodes: a4eb97e2-c085-4a03-847a-2990f025d514{ip: 127.0.0.1, host: localhost, ports: [REPLICATION=40615, RATIS=43867, RATIS_ADMIN=43867, RATIS_SERVER=43867, STANDALONE=42241], networkLocation: /default-rack, certSerialId: null, persistedOpState: IN_SERVICE, persistedOpStateExpiryEpochSec: 0}c6f9d5d6-ce23-4a05-8f31-e64b02be19f7{ip: 127.0.0.1, host: localhost, ports: [REPLICATION=43157, RATIS=42011, RATIS_ADMIN=42011, RATIS_SERVER=42011, STANDALONE=44391], networkLocation: /default-rack, certSerialId: null, persistedOpState: IN_SERVICE, persistedOpStateExpiryEpochSec: 0}0de9eb11-3db5-450a-a624-fd6bf12412f3{ip: 127.0.0.1, host: localhost, ports: [REPLICATION=44965, RATIS=38277, RATIS_ADMIN=38277, RATIS_SERVER=38277, STANDALONE=43201], networkLocation: /default-rack, certSerialId: null, persistedOpState: IN_SERVICE, persistedOpStateExpiryEpochSec: 0}, ReplicationConfig: RATIS/THREE, State:ALLOCATED, leaderId:, CreationTimestamp2022-10-11T17:33:24.431Z[Etc/UTC]].
2022-10-11 17:33:24,460 [eedbf36c-d765-4127-a253-f087b7af9e5f@group-9ABC5033B6E0-StateMachineUpdater] INFO  safemode.HealthyPipelineSafeModeRule (HealthyPipelineSafeModeRule.java:initializeRule(165)) - Refreshed total pipeline count is 0, healthy pipeline threshold count is 1
2022-10-11 17:33:24,461 [fa895461-6123-4d7e-a25c-be7d0086d09c@group-9ABC5033B6E0-StateMachineUpdater] INFO  pipeline.PipelineStateManagerImpl (PipelineStateManagerImpl.java:addPipeline(103)) - Created pipeline Pipeline[ Id: 6dbf8586-66ec-4cb6-9950-e436aa9d509d, Nodes: a4eb97e2-c085-4a03-847a-2990f025d514{ip: 127.0.0.1, host: localhost, ports: [REPLICATION=40615, RATIS=43867, RATIS_ADMIN=43867, RATIS_SERVER=43867, STANDALONE=42241], networkLocation: /default-rack, certSerialId: null, persistedOpState: IN_SERVICE, persistedOpStateExpiryEpochSec: 0}c6f9d5d6-ce23-4a05-8f31-e64b02be19f7{ip: 127.0.0.1, host: localhost, ports: [REPLICATION=43157, RATIS=42011, RATIS_ADMIN=42011, RATIS_SERVER=42011, STANDALONE=44391], networkLocation: /default-rack, certSerialId: null, persistedOpState: IN_SERVICE, persistedOpStateExpiryEpochSec: 0}0de9eb11-3db5-450a-a624-fd6bf12412f3{ip: 127.0.0.1, host: localhost, ports: [REPLICATION=44965, RATIS=38277, RATIS_ADMIN=38277, RATIS_SERVER=38277, STANDALONE=43201], networkLocation: /default-rack, certSerialId: null, persistedOpState: IN_SERVICE, persistedOpStateExpiryEpochSec: 0}, ReplicationConfig: RATIS/THREE, State:ALLOCATED, leaderId:, CreationTimestamp2022-10-11T17:33:24.431Z[Etc/UTC]].
2022-10-11 17:33:24,462 [fa895461-6123-4d7e-a25c-be7d0086d09c@group-9ABC5033B6E0-StateMachineUpdater] INFO  safemode.HealthyPipelineSafeModeRule (HealthyPipelineSafeModeRule.java:initializeRule(165)) - Refreshed total pipeline count is 0, healthy pipeline threshold count is 1
2022-10-11 17:33:24,465 [RatisPipelineUtilsThread - 0] INFO  pipeline.RatisPipelineProvider (RatisPipelineProvider.java:lambda$create$0(195)) - Sending CreatePipelineCommand for pipeline:PipelineID=6a5c9305-feb4-4d3b-b1e8-7ec0b1f630c1 to datanode:c6f9d5d6-ce23-4a05-8f31-e64b02be19f7
2022-10-11 17:33:24,467 [RatisPipelineUtilsThread - 0] INFO  pipeline.RatisPipelineProvider (RatisPipelineProvider.java:lambda$create$0(195)) - Sending CreatePipelineCommand for pipeline:PipelineID=6a5c9305-feb4-4d3b-b1e8-7ec0b1f630c1 to datanode:a4eb97e2-c085-4a03-847a-2990f025d514
2022-10-11 17:33:24,467 [RatisPipelineUtilsThread - 0] INFO  pipeline.RatisPipelineProvider (RatisPipelineProvider.java:lambda$create$0(195)) - Sending CreatePipelineCommand for pipeline:PipelineID=6a5c9305-feb4-4d3b-b1e8-7ec0b1f630c1 to datanode:0de9eb11-3db5-450a-a624-fd6bf12412f3
2022-10-11 17:33:24,465 [26594dbf-7a18-4bd8-acec-1f08b91ad5e5@group-9ABC5033B6E0-StateMachineUpdater] INFO  pipeline.PipelineStateManagerImpl (PipelineStateManagerImpl.java:addPipeline(103)) - Created pipeline Pipeline[ Id: 6dbf8586-66ec-4cb6-9950-e436aa9d509d, Nodes: a4eb97e2-c085-4a03-847a-2990f025d514{ip: 127.0.0.1, host: localhost, ports: [REPLICATION=40615, RATIS=43867, RATIS_ADMIN=43867, RATIS_SERVER=43867, STANDALONE=42241], networkLocation: /default-rack, certSerialId: null, persistedOpState: IN_SERVICE, persistedOpStateExpiryEpochSec: 0}c6f9d5d6-ce23-4a05-8f31-e64b02be19f7{ip: 127.0.0.1, host: localhost, ports: [REPLICATION=43157, RATIS=42011, RATIS_ADMIN=42011, RATIS_SERVER=42011, STANDALONE=44391], networkLocation: /default-rack, certSerialId: null, persistedOpState: IN_SERVICE, persistedOpStateExpiryEpochSec: 0}0de9eb11-3db5-450a-a624-fd6bf12412f3{ip: 127.0.0.1, host: localhost, ports: [REPLICATION=44965, RATIS=38277, RATIS_ADMIN=38277, RATIS_SERVER=38277, STANDALONE=43201], networkLocation: /default-rack, certSerialId: null, persistedOpState: IN_SERVICE, persistedOpStateExpiryEpochSec: 0}, ReplicationConfig: RATIS/THREE, State:ALLOCATED, leaderId:, CreationTimestamp2022-10-11T17:33:24.431Z[Etc/UTC]].
2022-10-11 17:33:24,468 [26594dbf-7a18-4bd8-acec-1f08b91ad5e5@group-9ABC5033B6E0-StateMachineUpdater] INFO  safemode.HealthyPipelineSafeModeRule (HealthyPipelineSafeModeRule.java:initializeRule(165)) - Refreshed total pipeline count is 0, healthy pipeline threshold count is 1
2022-10-11 17:33:24,477 [eedbf36c-d765-4127-a253-f087b7af9e5f@group-9ABC5033B6E0-StateMachineUpdater] INFO  pipeline.PipelineStateManagerImpl (PipelineStateManagerImpl.java:addPipeline(103)) - Created pipeline Pipeline[ Id: 6a5c9305-feb4-4d3b-b1e8-7ec0b1f630c1, Nodes: c6f9d5d6-ce23-4a05-8f31-e64b02be19f7{ip: 127.0.0.1, host: localhost, ports: [REPLICATION=43157, RATIS=42011, RATIS_ADMIN=42011, RATIS_SERVER=42011, STANDALONE=44391], networkLocation: /default-rack, certSerialId: null, persistedOpState: IN_SERVICE, persistedOpStateExpiryEpochSec: 0}a4eb97e2-c085-4a03-847a-2990f025d514{ip: 127.0.0.1, host: localhost, ports: [REPLICATION=40615, RATIS=43867, RATIS_ADMIN=43867, RATIS_SERVER=43867, STANDALONE=42241], networkLocation: /default-rack, certSerialId: null, persistedOpState: IN_SERVICE, persistedOpStateExpiryEpochSec: 0}0de9eb11-3db5-450a-a624-fd6bf12412f3{ip: 127.0.0.1, host: localhost, ports: [REPLICATION=44965, RATIS=38277, RATIS_ADMIN=38277, RATIS_SERVER=38277, STANDALONE=43201], networkLocation: /default-rack, certSerialId: null, persistedOpState: IN_SERVICE, persistedOpStateExpiryEpochSec: 0}, ReplicationConfig: RATIS/THREE, State:ALLOCATED, leaderId:, CreationTimestamp2022-10-11T17:33:24.465Z[Etc/UTC]].
2022-10-11 17:33:24,479 [eedbf36c-d765-4127-a253-f087b7af9e5f@group-9ABC5033B6E0-StateMachineUpdater] INFO  safemode.HealthyPipelineSafeModeRule (HealthyPipelineSafeModeRule.java:initializeRule(165)) - Refreshed total pipeline count is 0, healthy pipeline threshold count is 1
2022-10-11 17:33:24,480 [RatisPipelineUtilsThread - 0] INFO  pipeline.PipelineManagerImpl (PipelineManagerImpl.java:recordMetricsForPipeline(796)) - Pipeline: PipelineID=6a5c9305-feb4-4d3b-b1e8-7ec0b1f630c1 contains same datanodes as previous pipelines: PipelineID=6dbf8586-66ec-4cb6-9950-e436aa9d509d nodeIds: c6f9d5d6-ce23-4a05-8f31-e64b02be19f7, a4eb97e2-c085-4a03-847a-2990f025d514, 0de9eb11-3db5-450a-a624-fd6bf12412f3
2022-10-11 17:33:24,483 [fa895461-6123-4d7e-a25c-be7d0086d09c@group-9ABC5033B6E0-StateMachineUpdater] INFO  pipeline.PipelineStateManagerImpl (PipelineStateManagerImpl.java:addPipeline(103)) - Created pipeline Pipeline[ Id: 6a5c9305-feb4-4d3b-b1e8-7ec0b1f630c1, Nodes: c6f9d5d6-ce23-4a05-8f31-e64b02be19f7{ip: 127.0.0.1, host: localhost, ports: [REPLICATION=43157, RATIS=42011, RATIS_ADMIN=42011, RATIS_SERVER=42011, STANDALONE=44391], networkLocation: /default-rack, certSerialId: null, persistedOpState: IN_SERVICE, persistedOpStateExpiryEpochSec: 0}a4eb97e2-c085-4a03-847a-2990f025d514{ip: 127.0.0.1, host: localhost, ports: [REPLICATION=40615, RATIS=43867, RATIS_ADMIN=43867, RATIS_SERVER=43867, STANDALONE=42241], networkLocation: /default-rack, certSerialId: null, persistedOpState: IN_SERVICE, persistedOpStateExpiryEpochSec: 0}0de9eb11-3db5-450a-a624-fd6bf12412f3{ip: 127.0.0.1, host: localhost, ports: [REPLICATION=44965, RATIS=38277, RATIS_ADMIN=38277, RATIS_SERVER=38277, STANDALONE=43201], networkLocation: /default-rack, certSerialId: null, persistedOpState: IN_SERVICE, persistedOpStateExpiryEpochSec: 0}, ReplicationConfig: RATIS/THREE, State:ALLOCATED, leaderId:, CreationTimestamp2022-10-11T17:33:24.465Z[Etc/UTC]].
2022-10-11 17:33:24,488 [fa895461-6123-4d7e-a25c-be7d0086d09c@group-9ABC5033B6E0-StateMachineUpdater] INFO  safemode.HealthyPipelineSafeModeRule (HealthyPipelineSafeModeRule.java:initializeRule(165)) - Refreshed total pipeline count is 0, healthy pipeline threshold count is 1
2022-10-11 17:33:24,492 [26594dbf-7a18-4bd8-acec-1f08b91ad5e5@group-9ABC5033B6E0-StateMachineUpdater] INFO  pipeline.PipelineStateManagerImpl (PipelineStateManagerImpl.java:addPipeline(103)) - Created pipeline Pipeline[ Id: 6a5c9305-feb4-4d3b-b1e8-7ec0b1f630c1, Nodes: c6f9d5d6-ce23-4a05-8f31-e64b02be19f7{ip: 127.0.0.1, host: localhost, ports: [REPLICATION=43157, RATIS=42011, RATIS_ADMIN=42011, RATIS_SERVER=42011, STANDALONE=44391], networkLocation: /default-rack, certSerialId: null, persistedOpState: IN_SERVICE, persistedOpStateExpiryEpochSec: 0}a4eb97e2-c085-4a03-847a-2990f025d514{ip: 127.0.0.1, host: localhost, ports: [REPLICATION=40615, RATIS=43867, RATIS_ADMIN=43867, RATIS_SERVER=43867, STANDALONE=42241], networkLocation: /default-rack, certSerialId: null, persistedOpState: IN_SERVICE, persistedOpStateExpiryEpochSec: 0}0de9eb11-3db5-450a-a624-fd6bf12412f3{ip: 127.0.0.1, host: localhost, ports: [REPLICATION=44965, RATIS=38277, RATIS_ADMIN=38277, RATIS_SERVER=38277, STANDALONE=43201], networkLocation: /default-rack, certSerialId: null, persistedOpState: IN_SERVICE, persistedOpStateExpiryEpochSec: 0}, ReplicationConfig: RATIS/THREE, State:ALLOCATED, leaderId:, CreationTimestamp2022-10-11T17:33:24.465Z[Etc/UTC]].
2022-10-11 17:33:24,493 [26594dbf-7a18-4bd8-acec-1f08b91ad5e5@group-9ABC5033B6E0-StateMachineUpdater] INFO  safemode.HealthyPipelineSafeModeRule (HealthyPipelineSafeModeRule.java:initializeRule(165)) - Refreshed total pipeline count is 0, healthy pipeline threshold count is 1
2022-10-11 17:33:25,407 [Listener at 127.0.0.1/46797] INFO  ozone.MiniOzoneClusterImpl (MiniOzoneClusterImpl.java:lambda$waitForClusterToBeReady$0(216)) - Nodes are ready. Got 3 of 3 DN Heartbeats.
2022-10-11 17:33:25,409 [Listener at 127.0.0.1/46797] INFO  ozone.MiniOzoneClusterImpl (MiniOzoneClusterImpl.java:lambda$waitForClusterToBeReady$0(219)) - Waiting for cluster to exit safe mode
2022-10-11 17:33:25,409 [Listener at 127.0.0.1/46797] INFO  ozone.MiniOzoneClusterImpl (MiniOzoneClusterImpl.java:lambda$waitForClusterToBeReady$0(221)) - SCM became leader
2022-10-11 17:33:26,418 [Listener at 127.0.0.1/46797] INFO  ozone.MiniOzoneClusterImpl (MiniOzoneClusterImpl.java:lambda$waitForClusterToBeReady$0(216)) - Nodes are ready. Got 3 of 3 DN Heartbeats.
2022-10-11 17:33:26,418 [Listener at 127.0.0.1/46797] INFO  ozone.MiniOzoneClusterImpl (MiniOzoneClusterImpl.java:lambda$waitForClusterToBeReady$0(219)) - Waiting for cluster to exit safe mode
2022-10-11 17:33:26,418 [Listener at 127.0.0.1/46797] INFO  ozone.MiniOzoneClusterImpl (MiniOzoneClusterImpl.java:lambda$waitForClusterToBeReady$0(221)) - SCM became leader
2022-10-11 17:33:26,589 [Command processor thread] INFO  server.RaftServer (RaftServerProxy.java:addNew(96)) - c6f9d5d6-ce23-4a05-8f31-e64b02be19f7: addNew group-8067FED13D63:[c6f9d5d6-ce23-4a05-8f31-e64b02be19f7|rpc:127.0.0.1:42011|priority:1] returns group-8067FED13D63:java.util.concurrent.CompletableFuture@2153ebb[Not completed]
2022-10-11 17:33:26,606 [pool-190-thread-1] INFO  server.RaftServer$Division (RaftServerImpl.java:<init>(190)) - c6f9d5d6-ce23-4a05-8f31-e64b02be19f7: new RaftServerImpl for group-8067FED13D63:[c6f9d5d6-ce23-4a05-8f31-e64b02be19f7|rpc:127.0.0.1:42011|priority:1] with ContainerStateMachine:uninitialized
2022-10-11 17:33:26,606 [pool-190-thread-1] INFO  server.RaftServerConfigKeys (ConfUtils.java:logGet(46)) - raft.server.rpc.timeout.min = 5s (custom)
2022-10-11 17:33:26,606 [pool-190-thread-1] INFO  server.RaftServerConfigKeys (ConfUtils.java:logGet(46)) - raft.server.rpc.timeout.max = 5200ms (custom)
2022-10-11 17:33:26,606 [pool-190-thread-1] INFO  server.RaftServerConfigKeys (ConfUtils.java:logGet(46)) - raft.server.rpc.sleep.time = 25ms (default)
2022-10-11 17:33:26,606 [pool-190-thread-1] INFO  server.RaftServerConfigKeys (ConfUtils.java:logGet(46)) - raft.server.rpc.slowness.timeout = 300s (custom)
2022-10-11 17:33:26,606 [pool-190-thread-1] INFO  server.RaftServerConfigKeys (ConfUtils.java:logGet(46)) - raft.server.leaderelection.leader.step-down.wait-time = 10s (default)
2022-10-11 17:33:26,606 [pool-190-thread-1] INFO  server.RaftServerConfigKeys (ConfUtils.java:logGet(46)) - raft.server.sleep.deviation.threshold = 300ms (default)
2022-10-11 17:33:26,607 [pool-190-thread-1] INFO  server.RaftServer$Division (ServerState.java:<init>(107)) - c6f9d5d6-ce23-4a05-8f31-e64b02be19f7@group-8067FED13D63: ConfigurationManager, init=-1: [c6f9d5d6-ce23-4a05-8f31-e64b02be19f7|rpc:127.0.0.1:42011|priority:1], old=null, confs=<EMPTY_MAP>
2022-10-11 17:33:26,607 [pool-190-thread-1] INFO  server.RaftServerConfigKeys (ConfUtils.java:logGet(46)) - raft.server.storage.dir = [/home/runner/work/ozone/ozone/hadoop-ozone/integration-test/target/test-dir/MiniOzoneClusterImpl-a53f0994-8d29-48d7-8b80-9abc5033b6e0/datanode-0/data/ratis] (custom)
2022-10-11 17:33:26,607 [pool-190-thread-1] INFO  server.RaftServerConfigKeys (ConfUtils.java:logGet(46)) - raft.server.log.corruption.policy = EXCEPTION (default)
2022-10-11 17:33:26,607 [pool-190-thread-1] INFO  server.RaftServerConfigKeys (ConfUtils.java:logGet(46)) - raft.server.storage.free-space.min = 0MB (=0) (default)
2022-10-11 17:33:26,607 [pool-190-thread-1] INFO  storage.RaftStorageDirectory (RaftStorageDirectoryImpl.java:analyzeStorage(135)) - The storage directory /home/runner/work/ozone/ozone/hadoop-ozone/integration-test/target/test-dir/MiniOzoneClusterImpl-a53f0994-8d29-48d7-8b80-9abc5033b6e0/datanode-0/data/ratis/dc897bd4-b8eb-4979-81bd-8067fed13d63 does not exist. Creating ...
2022-10-11 17:33:26,609 [pool-190-thread-1] INFO  storage.RaftStorageDirectory (RaftStorageDirectoryImpl.java:tryLock(230)) - Lock on /home/runner/work/ozone/ozone/hadoop-ozone/integration-test/target/test-dir/MiniOzoneClusterImpl-a53f0994-8d29-48d7-8b80-9abc5033b6e0/datanode-0/data/ratis/dc897bd4-b8eb-4979-81bd-8067fed13d63/in_use.lock acquired by nodename 23825@fv-az255-813
2022-10-11 17:33:26,612 [pool-190-thread-1] INFO  storage.RaftStorage (RaftStorageImpl.java:format(89)) - Storage directory /home/runner/work/ozone/ozone/hadoop-ozone/integration-test/target/test-dir/MiniOzoneClusterImpl-a53f0994-8d29-48d7-8b80-9abc5033b6e0/datanode-0/data/ratis/dc897bd4-b8eb-4979-81bd-8067fed13d63 has been successfully formatted.
2022-10-11 17:33:26,616 [pool-190-thread-1] INFO  ratis.ContainerStateMachine (ContainerStateMachine.java:loadSnapshot(236)) - group-8067FED13D63: The snapshot info is null. Setting the last applied indexto:(t:0, i:~)
2022-10-11 17:33:26,617 [pool-190-thread-1] INFO  server.RaftServerConfigKeys (ConfUtils.java:logGet(46)) - raft.server.notification.no-leader.timeout = 300s (custom)
2022-10-11 17:33:26,617 [pool-190-thread-1] INFO  server.RaftServerConfigKeys (ConfUtils.java:logGet(46)) - raft.server.log.use.memory = false (default)
2022-10-11 17:33:26,617 [pool-190-thread-1] INFO  server.RaftServerConfigKeys (ConfUtils.java:logGet(46)) - raft.server.log.purge.gap = 1000000 (custom)
2022-10-11 17:33:26,617 [pool-190-thread-1] INFO  server.RaftServerConfigKeys (ConfUtils.java:logGet(46)) - raft.server.log.appender.buffer.byte-limit = 33554432 (custom)
2022-10-11 17:33:26,617 [pool-190-thread-1] INFO  server.RaftServerConfigKeys (ConfUtils.java:logGet(46)) - raft.server.log.statemachine.data.read.timeout = 1000ms (default)
2022-10-11 17:33:26,630 [pool-190-thread-1] INFO  server.RaftServerConfigKeys (ConfUtils.java:logGet(46)) - raft.server.log.segment.size.max = 1048576 (custom)
2022-10-11 17:33:26,630 [pool-190-thread-1] INFO  server.RaftServerConfigKeys (ConfUtils.java:logGet(46)) - raft.server.log.segment.cache.num.max = 2 (custom)
2022-10-11 17:33:26,630 [pool-190-thread-1] INFO  server.RaftServerConfigKeys (ConfUtils.java:logGet(46)) - raft.server.log.segment.cache.size.max = 200MB (=209715200) (default)
2022-10-11 17:33:26,630 [pool-190-thread-1] INFO  segmented.SegmentedRaftLogWorker (SegmentedRaftLogWorker.java:<init>(187)) - new c6f9d5d6-ce23-4a05-8f31-e64b02be19f7@group-8067FED13D63-SegmentedRaftLogWorker for RaftStorageImpl:Storage Directory /home/runner/work/ozone/ozone/hadoop-ozone/integration-test/target/test-dir/MiniOzoneClusterImpl-a53f0994-8d29-48d7-8b80-9abc5033b6e0/datanode-0/data/ratis/dc897bd4-b8eb-4979-81bd-8067fed13d63
2022-10-11 17:33:26,630 [pool-190-thread-1] INFO  server.RaftServerConfigKeys (ConfUtils.java:logGet(46)) - raft.server.log.queue.byte-limit = 4294967296 (custom)
2022-10-11 17:33:26,630 [pool-190-thread-1] INFO  server.RaftServerConfigKeys (ConfUtils.java:logGet(46)) - raft.server.log.queue.element-limit = 1024 (custom)
2022-10-11 17:33:26,631 [pool-190-thread-1] INFO  server.RaftServerConfigKeys (ConfUtils.java:logGet(46)) - raft.server.log.segment.size.max = 1048576 (custom)
2022-10-11 17:33:26,631 [pool-190-thread-1] INFO  server.RaftServerConfigKeys (ConfUtils.java:logGet(46)) - raft.server.log.preallocated.size = 16384 (custom)
2022-10-11 17:33:26,631 [pool-190-thread-1] INFO  server.RaftServerConfigKeys (ConfUtils.java:logGet(46)) - raft.server.log.force.sync.num = 128 (default)
2022-10-11 17:33:26,631 [pool-190-thread-1] INFO  server.RaftServerConfigKeys (ConfUtils.java:logGet(46)) - raft.server.log.statemachine.data.sync = true (default)
2022-10-11 17:33:26,631 [pool-190-thread-1] INFO  server.RaftServerConfigKeys (ConfUtils.java:logGet(46)) - raft.server.log.statemachine.data.sync.timeout = 10s (default)
2022-10-11 17:33:26,631 [pool-190-thread-1] INFO  server.RaftServerConfigKeys (ConfUtils.java:logGet(46)) - raft.server.log.statemachine.data.sync.timeout.retry = -1 (default)
2022-10-11 17:33:26,632 [pool-190-thread-1] INFO  server.RaftServerConfigKeys (ConfUtils.java:logGet(46)) - raft.server.log.write.buffer.size = 1048576 (custom)
2022-10-11 17:33:26,633 [pool-190-thread-1] INFO  server.RaftServerConfigKeys (ConfUtils.java:logGet(46)) - raft.server.log.unsafe-flush.enabled = false (default)
2022-10-11 17:33:26,633 [pool-190-thread-1] INFO  server.RaftServerConfigKeys (ConfUtils.java:logGet(46)) - raft.server.log.statemachine.data.caching.enabled = true (custom)
2022-10-11 17:33:26,633 [pool-190-thread-1] INFO  segmented.SegmentedRaftLogWorker (SegmentedRaftLogWorker.java:lambda$new$0(135)) - c6f9d5d6-ce23-4a05-8f31-e64b02be19f7@group-8067FED13D63-SegmentedRaftLogWorker: flushIndex: setUnconditionally 0 -> -1
2022-10-11 17:33:26,633 [pool-190-thread-1] INFO  segmented.SegmentedRaftLogWorker (SegmentedRaftLogWorker.java:lambda$new$0(135)) - c6f9d5d6-ce23-4a05-8f31-e64b02be19f7@group-8067FED13D63-SegmentedRaftLogWorker: safeCacheEvictIndex: setUnconditionally 0 -> -1
2022-10-11 17:33:26,633 [pool-190-thread-1] INFO  server.RaftServerConfigKeys (ConfUtils.java:logGet(46)) - raft.server.snapshot.auto.trigger.enabled = true (custom)
2022-10-11 17:33:26,634 [pool-190-thread-1] INFO  server.RaftServerConfigKeys (ConfUtils.java:logGet(46)) - raft.server.snapshot.auto.trigger.threshold = 10000 (custom)
2022-10-11 17:33:26,634 [pool-190-thread-1] INFO  server.RaftServerConfigKeys (ConfUtils.java:logGet(46)) - raft.server.snapshot.retention.file.num = 5 (custom)
2022-10-11 17:33:26,634 [pool-190-thread-1] INFO  server.RaftServerConfigKeys (ConfUtils.java:logGet(46)) - raft.server.log.purge.upto.snapshot.index = false (default)
2022-10-11 17:33:26,634 [pool-190-thread-1] INFO  server.RaftServerConfigKeys (ConfUtils.java:logGet(46)) - raft.server.retrycache.expirytime = 600000ms (custom)
2022-10-11 17:33:26,634 [pool-190-thread-1] INFO  server.RaftServerConfigKeys (ConfUtils.java:logGet(46)) - raft.server.retrycache.statistics.expirytime = 100μs (default)
2022-10-11 17:33:26,635 [pool-190-thread-1] INFO  server.RaftServerConfigKeys (ConfUtils.java:logGet(46)) - raft.server.log.appender.install.snapshot.enabled = false (custom)
2022-10-11 17:33:26,636 [pool-190-thread-1] INFO  server.RaftServerConfigKeys (ConfUtils.java:logGet(46)) - raft.server.threadpool.server.cached = true (default)
2022-10-11 17:33:26,636 [pool-190-thread-1] INFO  server.RaftServerConfigKeys (ConfUtils.java:logGet(46)) - raft.server.threadpool.server.size = 0 (default)
2022-10-11 17:33:26,636 [pool-190-thread-1] INFO  server.RaftServerConfigKeys (ConfUtils.java:logGet(46)) - raft.server.threadpool.client.cached = true (default)
2022-10-11 17:33:26,636 [pool-190-thread-1] INFO  server.RaftServerConfigKeys (ConfUtils.java:logGet(46)) - raft.server.threadpool.client.size = 0 (default)
2022-10-11 17:33:26,636 [pool-190-thread-1] INFO  server.RaftServer$Division (RaftServerImpl.java:start(310)) - c6f9d5d6-ce23-4a05-8f31-e64b02be19f7@group-8067FED13D63: start as a follower, conf=-1: [c6f9d5d6-ce23-4a05-8f31-e64b02be19f7|rpc:127.0.0.1:42011|priority:1], old=null
2022-10-11 17:33:26,636 [pool-190-thread-1] INFO  server.RaftServer$Division (RaftServerImpl.java:setRole(299)) - c6f9d5d6-ce23-4a05-8f31-e64b02be19f7@group-8067FED13D63: changes role from      null to FOLLOWER at term 0 for startAsFollower
2022-10-11 17:33:26,636 [pool-190-thread-1] INFO  impl.RoleInfo (RoleInfo.java:updateAndGet(139)) - c6f9d5d6-ce23-4a05-8f31-e64b02be19f7: start c6f9d5d6-ce23-4a05-8f31-e64b02be19f7@group-8067FED13D63-FollowerState
2022-10-11 17:33:26,639 [pool-190-thread-1] INFO  util.JmxRegister (JmxRegister.java:tryRegister(44)) - Successfully registered JMX Bean with object name Ratis:service=RaftServer,group=group-8067FED13D63,id=c6f9d5d6-ce23-4a05-8f31-e64b02be19f7
2022-10-11 17:33:26,643 [EventQueue-PipelineReportForPipelineReportHandler] INFO  pipeline.PipelineManagerImpl (PipelineManagerImpl.java:openPipeline(367)) - Pipeline Pipeline[ Id: dc897bd4-b8eb-4979-81bd-8067fed13d63, Nodes: c6f9d5d6-ce23-4a05-8f31-e64b02be19f7{ip: 127.0.0.1, host: localhost, ports: [REPLICATION=43157, RATIS=42011, RATIS_ADMIN=42011, RATIS_SERVER=42011, STANDALONE=44391], networkLocation: /default-rack, certSerialId: null, persistedOpState: IN_SERVICE, persistedOpStateExpiryEpochSec: 0}, ReplicationConfig: RATIS/ONE, State:ALLOCATED, leaderId:c6f9d5d6-ce23-4a05-8f31-e64b02be19f7, CreationTimestamp2022-10-11T17:33:23.640Z[Etc/UTC]] moved to OPEN state
2022-10-11 17:33:26,641 [EventQueue-PipelineReportForPipelineReportHandler] INFO  pipeline.PipelineManagerImpl (PipelineManagerImpl.java:openPipeline(367)) - Pipeline Pipeline[ Id: dc897bd4-b8eb-4979-81bd-8067fed13d63, Nodes: c6f9d5d6-ce23-4a05-8f31-e64b02be19f7{ip: 127.0.0.1, host: localhost, ports: [REPLICATION=43157, RATIS=42011, RATIS_ADMIN=42011, RATIS_SERVER=42011, STANDALONE=44391], networkLocation: /default-rack, certSerialId: null, persistedOpState: IN_SERVICE, persistedOpStateExpiryEpochSec: 0}, ReplicationConfig: RATIS/ONE, State:ALLOCATED, leaderId:c6f9d5d6-ce23-4a05-8f31-e64b02be19f7, CreationTimestamp2022-10-11T17:33:23.640Z[Etc/UTC]] moved to OPEN state
2022-10-11 17:33:26,641 [EventQueue-PipelineReportForPipelineReportHandler] INFO  pipeline.PipelineManagerImpl (PipelineManagerImpl.java:openPipeline(367)) - Pipeline Pipeline[ Id: dc897bd4-b8eb-4979-81bd-8067fed13d63, Nodes: c6f9d5d6-ce23-4a05-8f31-e64b02be19f7{ip: 127.0.0.1, host: localhost, ports: [REPLICATION=43157, RATIS=42011, RATIS_ADMIN=42011, RATIS_SERVER=42011, STANDALONE=44391], networkLocation: /default-rack, certSerialId: null, persistedOpState: IN_SERVICE, persistedOpStateExpiryEpochSec: 0}, ReplicationConfig: RATIS/ONE, State:ALLOCATED, leaderId:c6f9d5d6-ce23-4a05-8f31-e64b02be19f7, CreationTimestamp2022-10-11T17:33:23.640Z[Etc/UTC]] moved to OPEN state
2022-10-11 17:33:26,656 [Command processor thread] INFO  ratis.XceiverServerRatis (XceiverServerRatis.java:addGroup(765)) - Created group PipelineID=dc897bd4-b8eb-4979-81bd-8067fed13d63
2022-10-11 17:33:26,656 [Command processor thread] INFO  commandhandler.CreatePipelineCommandHandler (CreatePipelineCommandHandler.java:handle(113)) - Created Pipeline RATIS ONE PipelineID=dc897bd4-b8eb-4979-81bd-8067fed13d63.
2022-10-11 17:33:26,657 [Command processor thread] INFO  server.RaftServer (RaftServerProxy.java:addNew(96)) - c6f9d5d6-ce23-4a05-8f31-e64b02be19f7: addNew group-E436AA9D509D:[c6f9d5d6-ce23-4a05-8f31-e64b02be19f7|rpc:127.0.0.1:42011|priority:0, 0de9eb11-3db5-450a-a624-fd6bf12412f3|rpc:127.0.0.1:38277|priority:0, a4eb97e2-c085-4a03-847a-2990f025d514|rpc:127.0.0.1:43867|priority:1] returns group-E436AA9D509D:java.util.concurrent.CompletableFuture@6d566220[Not completed]
2022-10-11 17:33:26,658 [pool-190-thread-1] INFO  server.RaftServer$Division (RaftServerImpl.java:<init>(190)) - c6f9d5d6-ce23-4a05-8f31-e64b02be19f7: new RaftServerImpl for group-E436AA9D509D:[c6f9d5d6-ce23-4a05-8f31-e64b02be19f7|rpc:127.0.0.1:42011|priority:0, 0de9eb11-3db5-450a-a624-fd6bf12412f3|rpc:127.0.0.1:38277|priority:0, a4eb97e2-c085-4a03-847a-2990f025d514|rpc:127.0.0.1:43867|priority:1] with ContainerStateMachine:uninitialized
2022-10-11 17:33:26,658 [pool-190-thread-1] INFO  server.RaftServerConfigKeys (ConfUtils.java:logGet(46)) - raft.server.rpc.timeout.min = 5s (custom)
2022-10-11 17:33:26,658 [pool-190-thread-1] INFO  server.RaftServerConfigKeys (ConfUtils.java:logGet(46)) - raft.server.rpc.timeout.max = 5200ms (custom)
2022-10-11 17:33:26,658 [pool-190-thread-1] INFO  server.RaftServerConfigKeys (ConfUtils.java:logGet(46)) - raft.server.rpc.sleep.time = 25ms (default)
2022-10-11 17:33:26,658 [pool-190-thread-1] INFO  server.RaftServerConfigKeys (ConfUtils.java:logGet(46)) - raft.server.rpc.slowness.timeout = 300s (custom)
2022-10-11 17:33:26,659 [pool-190-thread-1] INFO  server.RaftServerConfigKeys (ConfUtils.java:logGet(46)) - raft.server.leaderelection.leader.step-down.wait-time = 10s (default)
2022-10-11 17:33:26,659 [pool-190-thread-1] INFO  server.RaftServerConfigKeys (ConfUtils.java:logGet(46)) - raft.server.sleep.deviation.threshold = 300ms (default)
2022-10-11 17:33:26,659 [pool-190-thread-1] INFO  server.RaftServer$Division (ServerState.java:<init>(107)) - c6f9d5d6-ce23-4a05-8f31-e64b02be19f7@group-E436AA9D509D: ConfigurationManager, init=-1: [c6f9d5d6-ce23-4a05-8f31-e64b02be19f7|rpc:127.0.0.1:42011|priority:0, 0de9eb11-3db5-450a-a624-fd6bf12412f3|rpc:127.0.0.1:38277|priority:0, a4eb97e2-c085-4a03-847a-2990f025d514|rpc:127.0.0.1:43867|priority:1], old=null, confs=<EMPTY_MAP>
2022-10-11 17:33:26,659 [pool-190-thread-1] INFO  server.RaftServerConfigKeys (ConfUtils.java:logGet(46)) - raft.server.storage.dir = [/home/runner/work/ozone/ozone/hadoop-ozone/integration-test/target/test-dir/MiniOzoneClusterImpl-a53f0994-8d29-48d7-8b80-9abc5033b6e0/datanode-0/data/ratis] (custom)
2022-10-11 17:33:26,661 [pool-190-thread-1] INFO  server.RaftServerConfigKeys (ConfUtils.java:logGet(46)) - raft.server.log.corruption.policy = EXCEPTION (default)
2022-10-11 17:33:26,661 [pool-190-thread-1] INFO  server.RaftServerConfigKeys (ConfUtils.java:logGet(46)) - raft.server.storage.free-space.min = 0MB (=0) (default)
2022-10-11 17:33:26,661 [pool-190-thread-1] INFO  storage.RaftStorageDirectory (RaftStorageDirectoryImpl.java:analyzeStorage(135)) - The storage directory /home/runner/work/ozone/ozone/hadoop-ozone/integration-test/target/test-dir/MiniOzoneClusterImpl-a53f0994-8d29-48d7-8b80-9abc5033b6e0/datanode-0/data/ratis/6dbf8586-66ec-4cb6-9950-e436aa9d509d does not exist. Creating ...
2022-10-11 17:33:26,663 [pool-190-thread-1] INFO  storage.RaftStorageDirectory (RaftStorageDirectoryImpl.java:tryLock(230)) - Lock on /home/runner/work/ozone/ozone/hadoop-ozone/integration-test/target/test-dir/MiniOzoneClusterImpl-a53f0994-8d29-48d7-8b80-9abc5033b6e0/datanode-0/data/ratis/6dbf8586-66ec-4cb6-9950-e436aa9d509d/in_use.lock acquired by nodename 23825@fv-az255-813
2022-10-11 17:33:26,665 [pool-190-thread-1] INFO  storage.RaftStorage (RaftStorageImpl.java:format(89)) - Storage directory /home/runner/work/ozone/ozone/hadoop-ozone/integration-test/target/test-dir/MiniOzoneClusterImpl-a53f0994-8d29-48d7-8b80-9abc5033b6e0/datanode-0/data/ratis/6dbf8586-66ec-4cb6-9950-e436aa9d509d has been successfully formatted.
2022-10-11 17:33:26,667 [pool-190-thread-1] INFO  ratis.ContainerStateMachine (ContainerStateMachine.java:loadSnapshot(236)) - group-E436AA9D509D: The snapshot info is null. Setting the last applied indexto:(t:0, i:~)
2022-10-11 17:33:26,667 [pool-190-thread-1] INFO  server.RaftServerConfigKeys (ConfUtils.java:logGet(46)) - raft.server.notification.no-leader.timeout = 300s (custom)
2022-10-11 17:33:26,667 [pool-190-thread-1] INFO  server.RaftServerConfigKeys (ConfUtils.java:logGet(46)) - raft.server.log.use.memory = false (default)
2022-10-11 17:33:26,667 [pool-190-thread-1] INFO  server.RaftServerConfigKeys (ConfUtils.java:logGet(46)) - raft.server.log.purge.gap = 1000000 (custom)
2022-10-11 17:33:26,668 [pool-190-thread-1] INFO  server.RaftServerConfigKeys (ConfUtils.java:logGet(46)) - raft.server.log.appender.buffer.byte-limit = 33554432 (custom)
2022-10-11 17:33:26,668 [pool-190-thread-1] INFO  server.RaftServerConfigKeys (ConfUtils.java:logGet(46)) - raft.server.log.statemachine.data.read.timeout = 1000ms (default)
2022-10-11 17:33:26,668 [pool-190-thread-1] INFO  server.RaftServerConfigKeys (ConfUtils.java:logGet(46)) - raft.server.log.segment.size.max = 1048576 (custom)
2022-10-11 17:33:26,668 [pool-190-thread-1] INFO  server.RaftServerConfigKeys (ConfUtils.java:logGet(46)) - raft.server.log.segment.cache.num.max = 2 (custom)
2022-10-11 17:33:26,669 [pool-190-thread-1] INFO  server.RaftServerConfigKeys (ConfUtils.java:logGet(46)) - raft.server.log.segment.cache.size.max = 200MB (=209715200) (default)
2022-10-11 17:33:26,669 [pool-190-thread-1] INFO  segmented.SegmentedRaftLogWorker (SegmentedRaftLogWorker.java:<init>(187)) - new c6f9d5d6-ce23-4a05-8f31-e64b02be19f7@group-E436AA9D509D-SegmentedRaftLogWorker for RaftStorageImpl:Storage Directory /home/runner/work/ozone/ozone/hadoop-ozone/integration-test/target/test-dir/MiniOzoneClusterImpl-a53f0994-8d29-48d7-8b80-9abc5033b6e0/datanode-0/data/ratis/6dbf8586-66ec-4cb6-9950-e436aa9d509d
2022-10-11 17:33:26,689 [pool-190-thread-1] INFO  server.RaftServerConfigKeys (ConfUtils.java:logGet(46)) - raft.server.log.queue.byte-limit = 4294967296 (custom)
2022-10-11 17:33:26,689 [pool-190-thread-1] INFO  server.RaftServerConfigKeys (ConfUtils.java:logGet(46)) - raft.server.log.queue.element-limit = 1024 (custom)
2022-10-11 17:33:26,689 [pool-190-thread-1] INFO  server.RaftServerConfigKeys (ConfUtils.java:logGet(46)) - raft.server.log.segment.size.max = 1048576 (custom)
2022-10-11 17:33:26,689 [pool-190-thread-1] INFO  server.RaftServerConfigKeys (ConfUtils.java:logGet(46)) - raft.server.log.preallocated.size = 16384 (custom)
2022-10-11 17:33:26,689 [pool-190-thread-1] INFO  server.RaftServerConfigKeys (ConfUtils.java:logGet(46)) - raft.server.log.force.sync.num = 128 (default)
2022-10-11 17:33:26,689 [pool-190-thread-1] INFO  server.RaftServerConfigKeys (ConfUtils.java:logGet(46)) - raft.server.log.statemachine.data.sync = true (default)
2022-10-11 17:33:26,690 [pool-190-thread-1] INFO  server.RaftServerConfigKeys (ConfUtils.java:logGet(46)) - raft.server.log.statemachine.data.sync.timeout = 10s (default)
2022-10-11 17:33:26,690 [pool-190-thread-1] INFO  server.RaftServerConfigKeys (ConfUtils.java:logGet(46)) - raft.server.log.statemachine.data.sync.timeout.retry = -1 (default)
2022-10-11 17:33:26,689 [fa895461-6123-4d7e-a25c-be7d0086d09c@group-9ABC5033B6E0-StateMachineUpdater] INFO  safemode.HealthyPipelineSafeModeRule (HealthyPipelineSafeModeRule.java:initializeRule(165)) - Refreshed total pipeline count is 0, healthy pipeline threshold count is 1
2022-10-11 17:33:26,677 [eedbf36c-d765-4127-a253-f087b7af9e5f@group-9ABC5033B6E0-StateMachineUpdater] INFO  safemode.HealthyPipelineSafeModeRule (HealthyPipelineSafeModeRule.java:initializeRule(165)) - Refreshed total pipeline count is 0, healthy pipeline threshold count is 1
2022-10-11 17:33:26,699 [EventQueue-OpenPipelineForHealthyPipelineSafeModeRule] INFO  safemode.SCMSafeModeManager (HealthyPipelineSafeModeRule.java:process(137)) - SCM in safe mode. Healthy pipelines reported count is 0, required healthy pipeline reported count is 1
2022-10-11 17:33:26,699 [EventQueue-OpenPipelineForHealthyPipelineSafeModeRule] INFO  safemode.SCMSafeModeManager (HealthyPipelineSafeModeRule.java:process(137)) - SCM in safe mode. Healthy pipelines reported count is 0, required healthy pipeline reported count is 1
2022-10-11 17:33:26,699 [pool-190-thread-1] INFO  server.RaftServerConfigKeys (ConfUtils.java:logGet(46)) - raft.server.log.write.buffer.size = 1048576 (custom)
2022-10-11 17:33:26,700 [pool-190-thread-1] INFO  server.RaftServerConfigKeys (ConfUtils.java:logGet(46)) - raft.server.log.unsafe-flush.enabled = false (default)
2022-10-11 17:33:26,700 [pool-190-thread-1] INFO  server.RaftServerConfigKeys (ConfUtils.java:logGet(46)) - raft.server.log.statemachine.data.caching.enabled = true (custom)
2022-10-11 17:33:26,700 [pool-190-thread-1] INFO  segmented.SegmentedRaftLogWorker (SegmentedRaftLogWorker.java:lambda$new$0(135)) - c6f9d5d6-ce23-4a05-8f31-e64b02be19f7@group-E436AA9D509D-SegmentedRaftLogWorker: flushIndex: setUnconditionally 0 -> -1
2022-10-11 17:33:26,700 [pool-190-thread-1] INFO  segmented.SegmentedRaftLogWorker (SegmentedRaftLogWorker.java:lambda$new$0(135)) - c6f9d5d6-ce23-4a05-8f31-e64b02be19f7@group-E436AA9D509D-SegmentedRaftLogWorker: safeCacheEvictIndex: setUnconditionally 0 -> -1
2022-10-11 17:33:26,701 [pool-190-thread-1] INFO  server.RaftServerConfigKeys (ConfUtils.java:logGet(46)) - raft.server.snapshot.auto.trigger.enabled = true (custom)
2022-10-11 17:33:26,701 [pool-190-thread-1] INFO  server.RaftServerConfigKeys (ConfUtils.java:logGet(46)) - raft.server.snapshot.auto.trigger.threshold = 10000 (custom)
2022-10-11 17:33:26,701 [pool-190-thread-1] INFO  server.RaftServerConfigKeys (ConfUtils.java:logGet(46)) - raft.server.snapshot.retention.file.num = 5 (custom)
2022-10-11 17:33:26,701 [pool-190-thread-1] INFO  server.RaftServerConfigKeys (ConfUtils.java:logGet(46)) - raft.server.log.purge.upto.snapshot.index = false (default)
2022-10-11 17:33:26,701 [pool-190-thread-1] INFO  server.RaftServerConfigKeys (ConfUtils.java:logGet(46)) - raft.server.retrycache.expirytime = 600000ms (custom)
2022-10-11 17:33:26,701 [pool-190-thread-1] INFO  server.RaftServerConfigKeys (ConfUtils.java:logGet(46)) - raft.server.retrycache.statistics.expirytime = 100μs (default)
2022-10-11 17:33:26,703 [pool-190-thread-1] INFO  server.RaftServerConfigKeys (ConfUtils.java:logGet(46)) - raft.server.log.appender.install.snapshot.enabled = false (custom)
2022-10-11 17:33:26,703 [pool-190-thread-1] INFO  server.RaftServerConfigKeys (ConfUtils.java:logGet(46)) - raft.server.threadpool.server.cached = true (default)
2022-10-11 17:33:26,703 [pool-190-thread-1] INFO  server.RaftServerConfigKeys (ConfUtils.java:logGet(46)) - raft.server.threadpool.server.size = 0 (default)
2022-10-11 17:33:26,703 [pool-190-thread-1] INFO  server.RaftServerConfigKeys (ConfUtils.java:logGet(46)) - raft.server.threadpool.client.cached = true (default)
2022-10-11 17:33:26,703 [pool-190-thread-1] INFO  server.RaftServerConfigKeys (ConfUtils.java:logGet(46)) - raft.server.threadpool.client.size = 0 (default)
2022-10-11 17:33:26,703 [pool-190-thread-1] INFO  server.RaftServer$Division (RaftServerImpl.java:start(310)) - c6f9d5d6-ce23-4a05-8f31-e64b02be19f7@group-E436AA9D509D: start as a follower, conf=-1: [c6f9d5d6-ce23-4a05-8f31-e64b02be19f7|rpc:127.0.0.1:42011|priority:0, 0de9eb11-3db5-450a-a624-fd6bf12412f3|rpc:127.0.0.1:38277|priority:0, a4eb97e2-c085-4a03-847a-2990f025d514|rpc:127.0.0.1:43867|priority:1], old=null
2022-10-11 17:33:26,703 [pool-190-thread-1] INFO  server.RaftServer$Division (RaftServerImpl.java:setRole(299)) - c6f9d5d6-ce23-4a05-8f31-e64b02be19f7@group-E436AA9D509D: changes role from      null to FOLLOWER at term 0 for startAsFollower
2022-10-11 17:33:26,703 [pool-190-thread-1] INFO  impl.RoleInfo (RoleInfo.java:updateAndGet(139)) - c6f9d5d6-ce23-4a05-8f31-e64b02be19f7: start c6f9d5d6-ce23-4a05-8f31-e64b02be19f7@group-E436AA9D509D-FollowerState
2022-10-11 17:33:26,703 [pool-190-thread-1] INFO  util.JmxRegister (JmxRegister.java:tryRegister(44)) - Successfully registered JMX Bean with object name Ratis:service=RaftServer,group=group-E436AA9D509D,id=c6f9d5d6-ce23-4a05-8f31-e64b02be19f7
2022-10-11 17:33:26,704 [Command processor thread] INFO  ratis.XceiverServerRatis (XceiverServerRatis.java:addGroup(765)) - Created group PipelineID=6dbf8586-66ec-4cb6-9950-e436aa9d509d
2022-10-11 17:33:26,732 [26594dbf-7a18-4bd8-acec-1f08b91ad5e5@group-9ABC5033B6E0-StateMachineUpdater] INFO  safemode.HealthyPipelineSafeModeRule (HealthyPipelineSafeModeRule.java:initializeRule(165)) - Refreshed total pipeline count is 0, healthy pipeline threshold count is 1
2022-10-11 17:33:26,740 [EventQueue-OpenPipelineForHealthyPipelineSafeModeRule] INFO  safemode.SCMSafeModeManager (HealthyPipelineSafeModeRule.java:process(137)) - SCM in safe mode. Healthy pipelines reported count is 0, required healthy pipeline reported count is 1
2022-10-11 17:33:26,743 [EventQueue-OpenPipelineForHealthyPipelineSafeModeRule] INFO  safemode.SCMSafeModeManager (HealthyPipelineSafeModeRule.java:process(137)) - SCM in safe mode. Healthy pipelines reported count is 0, required healthy pipeline reported count is 1
2022-10-11 17:33:26,897 [grpc-default-executor-2] INFO  server.RaftServer (RaftServerProxy.java:addNew(96)) - a4eb97e2-c085-4a03-847a-2990f025d514: addNew group-E436AA9D509D:[c6f9d5d6-ce23-4a05-8f31-e64b02be19f7|rpc:127.0.0.1:42011|dataStream:|priority:0, 0de9eb11-3db5-450a-a624-fd6bf12412f3|rpc:127.0.0.1:38277|dataStream:|priority:0, a4eb97e2-c085-4a03-847a-2990f025d514|rpc:127.0.0.1:43867|dataStream:|priority:1] returns group-E436AA9D509D:java.util.concurrent.CompletableFuture@1403bfe8[Not completed]
2022-10-11 17:33:26,899 [pool-215-thread-1] INFO  server.RaftServer$Division (RaftServerImpl.java:<init>(190)) - a4eb97e2-c085-4a03-847a-2990f025d514: new RaftServerImpl for group-E436AA9D509D:[c6f9d5d6-ce23-4a05-8f31-e64b02be19f7|rpc:127.0.0.1:42011|dataStream:|priority:0, 0de9eb11-3db5-450a-a624-fd6bf12412f3|rpc:127.0.0.1:38277|dataStream:|priority:0, a4eb97e2-c085-4a03-847a-2990f025d514|rpc:127.0.0.1:43867|dataStream:|priority:1] with ContainerStateMachine:uninitialized
2022-10-11 17:33:26,899 [pool-215-thread-1] INFO  server.RaftServerConfigKeys (ConfUtils.java:logGet(46)) - raft.server.rpc.timeout.min = 5s (custom)
2022-10-11 17:33:26,899 [pool-215-thread-1] INFO  server.RaftServerConfigKeys (ConfUtils.java:logGet(46)) - raft.server.rpc.timeout.max = 5200ms (custom)
2022-10-11 17:33:26,899 [pool-215-thread-1] INFO  server.RaftServerConfigKeys (ConfUtils.java:logGet(46)) - raft.server.rpc.sleep.time = 25ms (default)
2022-10-11 17:33:26,899 [pool-215-thread-1] INFO  server.RaftServerConfigKeys (ConfUtils.java:logGet(46)) - raft.server.rpc.slowness.timeout = 300s (custom)
2022-10-11 17:33:26,899 [pool-215-thread-1] INFO  server.RaftServerConfigKeys (ConfUtils.java:logGet(46)) - raft.server.leaderelection.leader.step-down.wait-time = 10s (default)
2022-10-11 17:33:26,899 [pool-215-thread-1] INFO  server.RaftServerConfigKeys (ConfUtils.java:logGet(46)) - raft.server.sleep.deviation.threshold = 300ms (default)
2022-10-11 17:33:26,899 [pool-215-thread-1] INFO  server.RaftServer$Division (ServerState.java:<init>(107)) - a4eb97e2-c085-4a03-847a-2990f025d514@group-E436AA9D509D: ConfigurationManager, init=-1: [c6f9d5d6-ce23-4a05-8f31-e64b02be19f7|rpc:127.0.0.1:42011|dataStream:|priority:0, 0de9eb11-3db5-450a-a624-fd6bf12412f3|rpc:127.0.0.1:38277|dataStream:|priority:0, a4eb97e2-c085-4a03-847a-2990f025d514|rpc:127.0.0.1:43867|dataStream:|priority:1], old=null, confs=<EMPTY_MAP>
2022-10-11 17:33:26,899 [pool-215-thread-1] INFO  server.RaftServerConfigKeys (ConfUtils.java:logGet(46)) - raft.server.storage.dir = [/home/runner/work/ozone/ozone/hadoop-ozone/integration-test/target/test-dir/MiniOzoneClusterImpl-a53f0994-8d29-48d7-8b80-9abc5033b6e0/datanode-1/data/ratis] (custom)
2022-10-11 17:33:26,900 [pool-215-thread-1] INFO  server.RaftServerConfigKeys (ConfUtils.java:logGet(46)) - raft.server.log.corruption.policy = EXCEPTION (default)
2022-10-11 17:33:26,900 [pool-215-thread-1] INFO  server.RaftServerConfigKeys (ConfUtils.java:logGet(46)) - raft.server.storage.free-space.min = 0MB (=0) (default)
2022-10-11 17:33:26,900 [pool-215-thread-1] INFO  storage.RaftStorageDirectory (RaftStorageDirectoryImpl.java:analyzeStorage(135)) - The storage directory /home/runner/work/ozone/ozone/hadoop-ozone/integration-test/target/test-dir/MiniOzoneClusterImpl-a53f0994-8d29-48d7-8b80-9abc5033b6e0/datanode-1/data/ratis/6dbf8586-66ec-4cb6-9950-e436aa9d509d does not exist. Creating ...
2022-10-11 17:33:26,902 [pool-215-thread-1] INFO  storage.RaftStorageDirectory (RaftStorageDirectoryImpl.java:tryLock(230)) - Lock on /home/runner/work/ozone/ozone/hadoop-ozone/integration-test/target/test-dir/MiniOzoneClusterImpl-a53f0994-8d29-48d7-8b80-9abc5033b6e0/datanode-1/data/ratis/6dbf8586-66ec-4cb6-9950-e436aa9d509d/in_use.lock acquired by nodename 23825@fv-az255-813
2022-10-11 17:33:26,903 [pool-215-thread-1] INFO  storage.RaftStorage (RaftStorageImpl.java:format(89)) - Storage directory /home/runner/work/ozone/ozone/hadoop-ozone/integration-test/target/test-dir/MiniOzoneClusterImpl-a53f0994-8d29-48d7-8b80-9abc5033b6e0/datanode-1/data/ratis/6dbf8586-66ec-4cb6-9950-e436aa9d509d has been successfully formatted.
2022-10-11 17:33:26,904 [pool-215-thread-1] INFO  ratis.ContainerStateMachine (ContainerStateMachine.java:loadSnapshot(236)) - group-E436AA9D509D: The snapshot info is null. Setting the last applied indexto:(t:0, i:~)
2022-10-11 17:33:26,906 [pool-215-thread-1] INFO  server.RaftServerConfigKeys (ConfUtils.java:logGet(46)) - raft.server.notification.no-leader.timeout = 300s (custom)
2022-10-11 17:33:26,906 [pool-215-thread-1] INFO  server.RaftServerConfigKeys (ConfUtils.java:logGet(46)) - raft.server.log.use.memory = false (default)
2022-10-11 17:33:26,906 [pool-215-thread-1] INFO  server.RaftServerConfigKeys (ConfUtils.java:logGet(46)) - raft.server.log.purge.gap = 1000000 (custom)
2022-10-11 17:33:26,906 [pool-215-thread-1] INFO  server.RaftServerConfigKeys (ConfUtils.java:logGet(46)) - raft.server.log.appender.buffer.byte-limit = 33554432 (custom)
2022-10-11 17:33:26,906 [pool-215-thread-1] INFO  server.RaftServerConfigKeys (ConfUtils.java:logGet(46)) - raft.server.log.statemachine.data.read.timeout = 1000ms (default)
2022-10-11 17:33:26,906 [pool-215-thread-1] INFO  server.RaftServerConfigKeys (ConfUtils.java:logGet(46)) - raft.server.log.segment.size.max = 1048576 (custom)
2022-10-11 17:33:26,907 [pool-215-thread-1] INFO  server.RaftServerConfigKeys (ConfUtils.java:logGet(46)) - raft.server.log.segment.cache.num.max = 2 (custom)
2022-10-11 17:33:26,907 [pool-215-thread-1] INFO  server.RaftServerConfigKeys (ConfUtils.java:logGet(46)) - raft.server.log.segment.cache.size.max = 200MB (=209715200) (default)
2022-10-11 17:33:26,907 [pool-215-thread-1] INFO  segmented.SegmentedRaftLogWorker (SegmentedRaftLogWorker.java:<init>(187)) - new a4eb97e2-c085-4a03-847a-2990f025d514@group-E436AA9D509D-SegmentedRaftLogWorker for RaftStorageImpl:Storage Directory /home/runner/work/ozone/ozone/hadoop-ozone/integration-test/target/test-dir/MiniOzoneClusterImpl-a53f0994-8d29-48d7-8b80-9abc5033b6e0/datanode-1/data/ratis/6dbf8586-66ec-4cb6-9950-e436aa9d509d
2022-10-11 17:33:26,907 [pool-215-thread-1] INFO  server.RaftServerConfigKeys (ConfUtils.java:logGet(46)) - raft.server.log.queue.byte-limit = 4294967296 (custom)
2022-10-11 17:33:26,907 [pool-215-thread-1] INFO  server.RaftServerConfigKeys (ConfUtils.java:logGet(46)) - raft.server.log.queue.element-limit = 1024 (custom)
2022-10-11 17:33:26,907 [pool-215-thread-1] INFO  server.RaftServerConfigKeys (ConfUtils.java:logGet(46)) - raft.server.log.segment.size.max = 1048576 (custom)
2022-10-11 17:33:26,907 [pool-215-thread-1] INFO  server.RaftServerConfigKeys (ConfUtils.java:logGet(46)) - raft.server.log.preallocated.size = 16384 (custom)
2022-10-11 17:33:26,907 [pool-215-thread-1] INFO  server.RaftServerConfigKeys (ConfUtils.java:logGet(46)) - raft.server.log.force.sync.num = 128 (default)
2022-10-11 17:33:26,907 [pool-215-thread-1] INFO  server.RaftServerConfigKeys (ConfUtils.java:logGet(46)) - raft.server.log.statemachine.data.sync = true (default)
2022-10-11 17:33:26,908 [pool-215-thread-1] INFO  server.RaftServerConfigKeys (ConfUtils.java:logGet(46)) - raft.server.log.statemachine.data.sync.timeout = 10s (default)
2022-10-11 17:33:26,908 [pool-215-thread-1] INFO  server.RaftServerConfigKeys (ConfUtils.java:logGet(46)) - raft.server.log.statemachine.data.sync.timeout.retry = -1 (default)
2022-10-11 17:33:26,909 [pool-215-thread-1] INFO  server.RaftServerConfigKeys (ConfUtils.java:logGet(46)) - raft.server.log.write.buffer.size = 1048576 (custom)
2022-10-11 17:33:26,911 [pool-215-thread-1] INFO  server.RaftServerConfigKeys (ConfUtils.java:logGet(46)) - raft.server.log.unsafe-flush.enabled = false (default)
2022-10-11 17:33:26,911 [pool-215-thread-1] INFO  server.RaftServerConfigKeys (ConfUtils.java:logGet(46)) - raft.server.log.statemachine.data.caching.enabled = true (custom)
2022-10-11 17:33:26,911 [pool-215-thread-1] INFO  segmented.SegmentedRaftLogWorker (SegmentedRaftLogWorker.java:lambda$new$0(135)) - a4eb97e2-c085-4a03-847a-2990f025d514@group-E436AA9D509D-SegmentedRaftLogWorker: flushIndex: setUnconditionally 0 -> -1
2022-10-11 17:33:26,912 [pool-215-thread-1] INFO  segmented.SegmentedRaftLogWorker (SegmentedRaftLogWorker.java:lambda$new$0(135)) - a4eb97e2-c085-4a03-847a-2990f025d514@group-E436AA9D509D-SegmentedRaftLogWorker: safeCacheEvictIndex: setUnconditionally 0 -> -1
2022-10-11 17:33:26,912 [pool-215-thread-1] INFO  server.RaftServerConfigKeys (ConfUtils.java:logGet(46)) - raft.server.snapshot.auto.trigger.enabled = true (custom)
2022-10-11 17:33:26,912 [pool-215-thread-1] INFO  server.RaftServerConfigKeys (ConfUtils.java:logGet(46)) - raft.server.snapshot.auto.trigger.threshold = 10000 (custom)
2022-10-11 17:33:26,912 [pool-215-thread-1] INFO  server.RaftServerConfigKeys (ConfUtils.java:logGet(46)) - raft.server.snapshot.retention.file.num = 5 (custom)
2022-10-11 17:33:26,912 [pool-215-thread-1] INFO  server.RaftServerConfigKeys (ConfUtils.java:logGet(46)) - raft.server.log.purge.upto.snapshot.index = false (default)
2022-10-11 17:33:26,912 [pool-215-thread-1] INFO  server.RaftServerConfigKeys (ConfUtils.java:logGet(46)) - raft.server.retrycache.expirytime = 600000ms (custom)
2022-10-11 17:33:26,912 [pool-215-thread-1] INFO  server.RaftServerConfigKeys (ConfUtils.java:logGet(46)) - raft.server.retrycache.statistics.expirytime = 100μs (default)
2022-10-11 17:33:26,914 [pool-215-thread-1] INFO  server.RaftServerConfigKeys (ConfUtils.java:logGet(46)) - raft.server.log.appender.install.snapshot.enabled = false (custom)
2022-10-11 17:33:26,914 [pool-215-thread-1] INFO  server.RaftServerConfigKeys (ConfUtils.java:logGet(46)) - raft.server.threadpool.server.cached = true (default)
2022-10-11 17:33:26,914 [pool-215-thread-1] INFO  server.RaftServerConfigKeys (ConfUtils.java:logGet(46)) - raft.server.threadpool.server.size = 0 (default)
2022-10-11 17:33:26,914 [pool-215-thread-1] INFO  server.RaftServerConfigKeys (ConfUtils.java:logGet(46)) - raft.server.threadpool.client.cached = true (default)
2022-10-11 17:33:26,914 [pool-215-thread-1] INFO  server.RaftServerConfigKeys (ConfUtils.java:logGet(46)) - raft.server.threadpool.client.size = 0 (default)
2022-10-11 17:33:26,914 [pool-215-thread-1] INFO  server.RaftServer$Division (RaftServerImpl.java:start(310)) - a4eb97e2-c085-4a03-847a-2990f025d514@group-E436AA9D509D: start as a follower, conf=-1: [c6f9d5d6-ce23-4a05-8f31-e64b02be19f7|rpc:127.0.0.1:42011|dataStream:|priority:0, 0de9eb11-3db5-450a-a624-fd6bf12412f3|rpc:127.0.0.1:38277|dataStream:|priority:0, a4eb97e2-c085-4a03-847a-2990f025d514|rpc:127.0.0.1:43867|dataStream:|priority:1], old=null
2022-10-11 17:33:26,914 [pool-215-thread-1] INFO  server.RaftServer$Division (RaftServerImpl.java:setRole(299)) - a4eb97e2-c085-4a03-847a-2990f025d514@group-E436AA9D509D: changes role from      null to FOLLOWER at term 0 for startAsFollower
2022-10-11 17:33:26,914 [pool-215-thread-1] INFO  impl.RoleInfo (RoleInfo.java:updateAndGet(139)) - a4eb97e2-c085-4a03-847a-2990f025d514: start a4eb97e2-c085-4a03-847a-2990f025d514@group-E436AA9D509D-FollowerState
2022-10-11 17:33:26,920 [pool-215-thread-1] INFO  util.JmxRegister (JmxRegister.java:tryRegister(44)) - Successfully registered JMX Bean with object name Ratis:service=RaftServer,group=group-E436AA9D509D,id=a4eb97e2-c085-4a03-847a-2990f025d514
2022-10-11 17:33:27,014 [grpc-default-executor-2] INFO  server.RaftServer (RaftServerProxy.java:addNew(96)) - 0de9eb11-3db5-450a-a624-fd6bf12412f3: addNew group-E436AA9D509D:[c6f9d5d6-ce23-4a05-8f31-e64b02be19f7|rpc:127.0.0.1:42011|dataStream:|priority:0, 0de9eb11-3db5-450a-a624-fd6bf12412f3|rpc:127.0.0.1:38277|dataStream:|priority:0, a4eb97e2-c085-4a03-847a-2990f025d514|rpc:127.0.0.1:43867|dataStream:|priority:1] returns group-E436AA9D509D:java.util.concurrent.CompletableFuture@752ada95[Not completed]
2022-10-11 17:33:27,019 [Command processor thread] INFO  server.RaftServer (RaftServerProxy.java:addNew(96)) - a4eb97e2-c085-4a03-847a-2990f025d514: addNew group-21CA35C768C7:[a4eb97e2-c085-4a03-847a-2990f025d514|rpc:127.0.0.1:43867|priority:1] returns group-21CA35C768C7:java.util.concurrent.CompletableFuture@78aabb53[Not completed]
2022-10-11 17:33:27,021 [pool-215-thread-1] INFO  server.RaftServer$Division (RaftServerImpl.java:<init>(190)) - a4eb97e2-c085-4a03-847a-2990f025d514: new RaftServerImpl for group-21CA35C768C7:[a4eb97e2-c085-4a03-847a-2990f025d514|rpc:127.0.0.1:43867|priority:1] with ContainerStateMachine:uninitialized
2022-10-11 17:33:27,021 [pool-215-thread-1] INFO  server.RaftServerConfigKeys (ConfUtils.java:logGet(46)) - raft.server.rpc.timeout.min = 5s (custom)
2022-10-11 17:33:27,021 [pool-215-thread-1] INFO  server.RaftServerConfigKeys (ConfUtils.java:logGet(46)) - raft.server.rpc.timeout.max = 5200ms (custom)
2022-10-11 17:33:27,021 [pool-215-thread-1] INFO  server.RaftServerConfigKeys (ConfUtils.java:logGet(46)) - raft.server.rpc.sleep.time = 25ms (default)
2022-10-11 17:33:27,021 [pool-215-thread-1] INFO  server.RaftServerConfigKeys (ConfUtils.java:logGet(46)) - raft.server.rpc.slowness.timeout = 300s (custom)
2022-10-11 17:33:27,021 [pool-215-thread-1] INFO  server.RaftServerConfigKeys (ConfUtils.java:logGet(46)) - raft.server.leaderelection.leader.step-down.wait-time = 10s (default)
2022-10-11 17:33:27,021 [pool-215-thread-1] INFO  server.RaftServerConfigKeys (ConfUtils.java:logGet(46)) - raft.server.sleep.deviation.threshold = 300ms (default)
2022-10-11 17:33:27,021 [pool-215-thread-1] INFO  server.RaftServer$Division (ServerState.java:<init>(107)) - a4eb97e2-c085-4a03-847a-2990f025d514@group-21CA35C768C7: ConfigurationManager, init=-1: [a4eb97e2-c085-4a03-847a-2990f025d514|rpc:127.0.0.1:43867|priority:1], old=null, confs=<EMPTY_MAP>
2022-10-11 17:33:27,021 [pool-215-thread-1] INFO  server.RaftServerConfigKeys (ConfUtils.java:logGet(46)) - raft.server.storage.dir = [/home/runner/work/ozone/ozone/hadoop-ozone/integration-test/target/test-dir/MiniOzoneClusterImpl-a53f0994-8d29-48d7-8b80-9abc5033b6e0/datanode-1/data/ratis] (custom)
2022-10-11 17:33:27,022 [pool-215-thread-1] INFO  server.RaftServerConfigKeys (ConfUtils.java:logGet(46)) - raft.server.log.corruption.policy = EXCEPTION (default)
2022-10-11 17:33:27,022 [pool-215-thread-1] INFO  server.RaftServerConfigKeys (ConfUtils.java:logGet(46)) - raft.server.storage.free-space.min = 0MB (=0) (default)
2022-10-11 17:33:27,022 [pool-215-thread-1] INFO  storage.RaftStorageDirectory (RaftStorageDirectoryImpl.java:analyzeStorage(135)) - The storage directory /home/runner/work/ozone/ozone/hadoop-ozone/integration-test/target/test-dir/MiniOzoneClusterImpl-a53f0994-8d29-48d7-8b80-9abc5033b6e0/datanode-1/data/ratis/373eba6a-abf2-4e32-b279-21ca35c768c7 does not exist. Creating ...
2022-10-11 17:33:27,023 [pool-215-thread-1] INFO  storage.RaftStorageDirectory (RaftStorageDirectoryImpl.java:tryLock(230)) - Lock on /home/runner/work/ozone/ozone/hadoop-ozone/integration-test/target/test-dir/MiniOzoneClusterImpl-a53f0994-8d29-48d7-8b80-9abc5033b6e0/datanode-1/data/ratis/373eba6a-abf2-4e32-b279-21ca35c768c7/in_use.lock acquired by nodename 23825@fv-az255-813
2022-10-11 17:33:27,025 [pool-215-thread-1] INFO  storage.RaftStorage (RaftStorageImpl.java:format(89)) - Storage directory /home/runner/work/ozone/ozone/hadoop-ozone/integration-test/target/test-dir/MiniOzoneClusterImpl-a53f0994-8d29-48d7-8b80-9abc5033b6e0/datanode-1/data/ratis/373eba6a-abf2-4e32-b279-21ca35c768c7 has been successfully formatted.
2022-10-11 17:33:27,027 [pool-215-thread-1] INFO  ratis.ContainerStateMachine (ContainerStateMachine.java:loadSnapshot(236)) - group-21CA35C768C7: The snapshot info is null. Setting the last applied indexto:(t:0, i:~)
2022-10-11 17:33:27,027 [pool-215-thread-1] INFO  server.RaftServerConfigKeys (ConfUtils.java:logGet(46)) - raft.server.notification.no-leader.timeout = 300s (custom)
2022-10-11 17:33:27,027 [pool-215-thread-1] INFO  server.RaftServerConfigKeys (ConfUtils.java:logGet(46)) - raft.server.log.use.memory = false (default)
2022-10-11 17:33:27,027 [pool-215-thread-1] INFO  server.RaftServerConfigKeys (ConfUtils.java:logGet(46)) - raft.server.log.purge.gap = 1000000 (custom)
2022-10-11 17:33:27,027 [pool-215-thread-1] INFO  server.RaftServerConfigKeys (ConfUtils.java:logGet(46)) - raft.server.log.appender.buffer.byte-limit = 33554432 (custom)
2022-10-11 17:33:27,028 [pool-215-thread-1] INFO  server.RaftServerConfigKeys (ConfUtils.java:logGet(46)) - raft.server.log.statemachine.data.read.timeout = 1000ms (default)
2022-10-11 17:33:27,028 [pool-215-thread-1] INFO  server.RaftServerConfigKeys (ConfUtils.java:logGet(46)) - raft.server.log.segment.size.max = 1048576 (custom)
2022-10-11 17:33:27,029 [pool-215-thread-1] INFO  server.RaftServerConfigKeys (ConfUtils.java:logGet(46)) - raft.server.log.segment.cache.num.max = 2 (custom)
2022-10-11 17:33:27,029 [pool-215-thread-1] INFO  server.RaftServerConfigKeys (ConfUtils.java:logGet(46)) - raft.server.log.segment.cache.size.max = 200MB (=209715200) (default)
2022-10-11 17:33:27,029 [pool-215-thread-1] INFO  segmented.SegmentedRaftLogWorker (SegmentedRaftLogWorker.java:<init>(187)) - new a4eb97e2-c085-4a03-847a-2990f025d514@group-21CA35C768C7-SegmentedRaftLogWorker for RaftStorageImpl:Storage Directory /home/runner/work/ozone/ozone/hadoop-ozone/integration-test/target/test-dir/MiniOzoneClusterImpl-a53f0994-8d29-48d7-8b80-9abc5033b6e0/datanode-1/data/ratis/373eba6a-abf2-4e32-b279-21ca35c768c7
2022-10-11 17:33:27,029 [pool-215-thread-1] INFO  server.RaftServerConfigKeys (ConfUtils.java:logGet(46)) - raft.server.log.queue.byte-limit = 4294967296 (custom)
2022-10-11 17:33:27,029 [pool-215-thread-1] INFO  server.RaftServerConfigKeys (ConfUtils.java:logGet(46)) - raft.server.log.queue.element-limit = 1024 (custom)
2022-10-11 17:33:27,029 [pool-215-thread-1] INFO  server.RaftServerConfigKeys (ConfUtils.java:logGet(46)) - raft.server.log.segment.size.max = 1048576 (custom)
2022-10-11 17:33:27,030 [pool-215-thread-1] INFO  server.RaftServerConfigKeys (ConfUtils.java:logGet(46)) - raft.server.log.preallocated.size = 16384 (custom)
2022-10-11 17:33:27,030 [pool-215-thread-1] INFO  server.RaftServerConfigKeys (ConfUtils.java:logGet(46)) - raft.server.log.force.sync.num = 128 (default)
2022-10-11 17:33:27,030 [pool-215-thread-1] INFO  server.RaftServerConfigKeys (ConfUtils.java:logGet(46)) - raft.server.log.statemachine.data.sync = true (default)
2022-10-11 17:33:27,030 [pool-215-thread-1] INFO  server.RaftServerConfigKeys (ConfUtils.java:logGet(46)) - raft.server.log.statemachine.data.sync.timeout = 10s (default)
2022-10-11 17:33:27,030 [pool-215-thread-1] INFO  server.RaftServerConfigKeys (ConfUtils.java:logGet(46)) - raft.server.log.statemachine.data.sync.timeout.retry = -1 (default)
2022-10-11 17:33:27,031 [EventQueue-PipelineReportForPipelineReportHandler] INFO  pipeline.PipelineManagerImpl (PipelineManagerImpl.java:openPipeline(367)) - Pipeline Pipeline[ Id: 373eba6a-abf2-4e32-b279-21ca35c768c7, Nodes: a4eb97e2-c085-4a03-847a-2990f025d514{ip: 127.0.0.1, host: localhost, ports: [REPLICATION=40615, RATIS=43867, RATIS_ADMIN=43867, RATIS_SERVER=43867, STANDALONE=42241], networkLocation: /default-rack, certSerialId: null, persistedOpState: IN_SERVICE, persistedOpStateExpiryEpochSec: 0}, ReplicationConfig: RATIS/ONE, State:ALLOCATED, leaderId:a4eb97e2-c085-4a03-847a-2990f025d514, CreationTimestamp2022-10-11T17:33:24.024Z[Etc/UTC]] moved to OPEN state
2022-10-11 17:33:27,031 [EventQueue-PipelineReportForPipelineReportHandler] INFO  pipeline.PipelineManagerImpl (PipelineManagerImpl.java:openPipeline(367)) - Pipeline Pipeline[ Id: 373eba6a-abf2-4e32-b279-21ca35c768c7, Nodes: a4eb97e2-c085-4a03-847a-2990f025d514{ip: 127.0.0.1, host: localhost, ports: [REPLICATION=40615, RATIS=43867, RATIS_ADMIN=43867, RATIS_SERVER=43867, STANDALONE=42241], networkLocation: /default-rack, certSerialId: null, persistedOpState: IN_SERVICE, persistedOpStateExpiryEpochSec: 0}, ReplicationConfig: RATIS/ONE, State:ALLOCATED, leaderId:a4eb97e2-c085-4a03-847a-2990f025d514, CreationTimestamp2022-10-11T17:33:24.024Z[Etc/UTC]] moved to OPEN state
2022-10-11 17:33:27,032 [pool-240-thread-1] INFO  server.RaftServer$Division (RaftServerImpl.java:<init>(190)) - 0de9eb11-3db5-450a-a624-fd6bf12412f3: new RaftServerImpl for group-E436AA9D509D:[c6f9d5d6-ce23-4a05-8f31-e64b02be19f7|rpc:127.0.0.1:42011|dataStream:|priority:0, 0de9eb11-3db5-450a-a624-fd6bf12412f3|rpc:127.0.0.1:38277|dataStream:|priority:0, a4eb97e2-c085-4a03-847a-2990f025d514|rpc:127.0.0.1:43867|dataStream:|priority:1] with ContainerStateMachine:uninitialized
2022-10-11 17:33:27,032 [pool-240-thread-1] INFO  server.RaftServerConfigKeys (ConfUtils.java:logGet(46)) - raft.server.rpc.timeout.min = 5s (custom)
2022-10-11 17:33:27,033 [pool-240-thread-1] INFO  server.RaftServerConfigKeys (ConfUtils.java:logGet(46)) - raft.server.rpc.timeout.max = 5200ms (custom)
2022-10-11 17:33:27,033 [pool-240-thread-1] INFO  server.RaftServerConfigKeys (ConfUtils.java:logGet(46)) - raft.server.rpc.sleep.time = 25ms (default)
2022-10-11 17:33:27,031 [EventQueue-PipelineReportForPipelineReportHandler] INFO  pipeline.PipelineManagerImpl (PipelineManagerImpl.java:openPipeline(367)) - Pipeline Pipeline[ Id: 373eba6a-abf2-4e32-b279-21ca35c768c7, Nodes: a4eb97e2-c085-4a03-847a-2990f025d514{ip: 127.0.0.1, host: localhost, ports: [REPLICATION=40615, RATIS=43867, RATIS_ADMIN=43867, RATIS_SERVER=43867, STANDALONE=42241], networkLocation: /default-rack, certSerialId: null, persistedOpState: IN_SERVICE, persistedOpStateExpiryEpochSec: 0}, ReplicationConfig: RATIS/ONE, State:ALLOCATED, leaderId:a4eb97e2-c085-4a03-847a-2990f025d514, CreationTimestamp2022-10-11T17:33:24.024Z[Etc/UTC]] moved to OPEN state
2022-10-11 17:33:27,034 [pool-240-thread-1] INFO  server.RaftServerConfigKeys (ConfUtils.java:logGet(46)) - raft.server.rpc.slowness.timeout = 300s (custom)
2022-10-11 17:33:27,034 [pool-240-thread-1] INFO  server.RaftServerConfigKeys (ConfUtils.java:logGet(46)) - raft.server.leaderelection.leader.step-down.wait-time = 10s (default)
2022-10-11 17:33:27,034 [pool-240-thread-1] INFO  server.RaftServerConfigKeys (ConfUtils.java:logGet(46)) - raft.server.sleep.deviation.threshold = 300ms (default)
2022-10-11 17:33:27,034 [pool-240-thread-1] INFO  server.RaftServer$Division (ServerState.java:<init>(107)) - 0de9eb11-3db5-450a-a624-fd6bf12412f3@group-E436AA9D509D: ConfigurationManager, init=-1: [c6f9d5d6-ce23-4a05-8f31-e64b02be19f7|rpc:127.0.0.1:42011|dataStream:|priority:0, 0de9eb11-3db5-450a-a624-fd6bf12412f3|rpc:127.0.0.1:38277|dataStream:|priority:0, a4eb97e2-c085-4a03-847a-2990f025d514|rpc:127.0.0.1:43867|dataStream:|priority:1], old=null, confs=<EMPTY_MAP>
2022-10-11 17:33:27,034 [pool-240-thread-1] INFO  server.RaftServerConfigKeys (ConfUtils.java:logGet(46)) - raft.server.storage.dir = [/home/runner/work/ozone/ozone/hadoop-ozone/integration-test/target/test-dir/MiniOzoneClusterImpl-a53f0994-8d29-48d7-8b80-9abc5033b6e0/datanode-2/data/ratis] (custom)
2022-10-11 17:33:27,035 [pool-240-thread-1] INFO  server.RaftServerConfigKeys (ConfUtils.java:logGet(46)) - raft.server.log.corruption.policy = EXCEPTION (default)
2022-10-11 17:33:27,035 [pool-240-thread-1] INFO  server.RaftServerConfigKeys (ConfUtils.java:logGet(46)) - raft.server.storage.free-space.min = 0MB (=0) (default)
2022-10-11 17:33:27,037 [pool-240-thread-1] INFO  storage.RaftStorageDirectory (RaftStorageDirectoryImpl.java:analyzeStorage(135)) - The storage directory /home/runner/work/ozone/ozone/hadoop-ozone/integration-test/target/test-dir/MiniOzoneClusterImpl-a53f0994-8d29-48d7-8b80-9abc5033b6e0/datanode-2/data/ratis/6dbf8586-66ec-4cb6-9950-e436aa9d509d does not exist. Creating ...
2022-10-11 17:33:27,038 [pool-215-thread-1] INFO  server.RaftServerConfigKeys (ConfUtils.java:logGet(46)) - raft.server.log.write.buffer.size = 1048576 (custom)
2022-10-11 17:33:27,039 [pool-240-thread-1] INFO  storage.RaftStorageDirectory (RaftStorageDirectoryImpl.java:tryLock(230)) - Lock on /home/runner/work/ozone/ozone/hadoop-ozone/integration-test/target/test-dir/MiniOzoneClusterImpl-a53f0994-8d29-48d7-8b80-9abc5033b6e0/datanode-2/data/ratis/6dbf8586-66ec-4cb6-9950-e436aa9d509d/in_use.lock acquired by nodename 23825@fv-az255-813
2022-10-11 17:33:27,039 [pool-215-thread-1] INFO  server.RaftServerConfigKeys (ConfUtils.java:logGet(46)) - raft.server.log.unsafe-flush.enabled = false (default)
2022-10-11 17:33:27,039 [pool-215-thread-1] INFO  server.RaftServerConfigKeys (ConfUtils.java:logGet(46)) - raft.server.log.statemachine.data.caching.enabled = true (custom)
2022-10-11 17:33:27,041 [pool-215-thread-1] INFO  segmented.SegmentedRaftLogWorker (SegmentedRaftLogWorker.java:lambda$new$0(135)) - a4eb97e2-c085-4a03-847a-2990f025d514@group-21CA35C768C7-SegmentedRaftLogWorker: flushIndex: setUnconditionally 0 -> -1
2022-10-11 17:33:27,041 [pool-215-thread-1] INFO  segmented.SegmentedRaftLogWorker (SegmentedRaftLogWorker.java:lambda$new$0(135)) - a4eb97e2-c085-4a03-847a-2990f025d514@group-21CA35C768C7-SegmentedRaftLogWorker: safeCacheEvictIndex: setUnconditionally 0 -> -1
2022-10-11 17:33:27,041 [pool-240-thread-1] INFO  storage.RaftStorage (RaftStorageImpl.java:format(89)) - Storage directory /home/runner/work/ozone/ozone/hadoop-ozone/integration-test/target/test-dir/MiniOzoneClusterImpl-a53f0994-8d29-48d7-8b80-9abc5033b6e0/datanode-2/data/ratis/6dbf8586-66ec-4cb6-9950-e436aa9d509d has been successfully formatted.
2022-10-11 17:33:27,043 [eedbf36c-d765-4127-a253-f087b7af9e5f@group-9ABC5033B6E0-StateMachineUpdater] INFO  safemode.HealthyPipelineSafeModeRule (HealthyPipelineSafeModeRule.java:initializeRule(165)) - Refreshed total pipeline count is 0, healthy pipeline threshold count is 1
2022-10-11 17:33:27,049 [EventQueue-OpenPipelineForHealthyPipelineSafeModeRule] INFO  safemode.SCMSafeModeManager (HealthyPipelineSafeModeRule.java:process(137)) - SCM in safe mode. Healthy pipelines reported count is 0, required healthy pipeline reported count is 1
2022-10-11 17:33:27,049 [pool-240-thread-1] INFO  ratis.ContainerStateMachine (ContainerStateMachine.java:loadSnapshot(236)) - group-E436AA9D509D: The snapshot info is null. Setting the last applied indexto:(t:0, i:~)
2022-10-11 17:33:27,049 [pool-240-thread-1] INFO  server.RaftServerConfigKeys (ConfUtils.java:logGet(46)) - raft.server.notification.no-leader.timeout = 300s (custom)
2022-10-11 17:33:27,050 [pool-240-thread-1] INFO  server.RaftServerConfigKeys (ConfUtils.java:logGet(46)) - raft.server.log.use.memory = false (default)
2022-10-11 17:33:27,050 [pool-240-thread-1] INFO  server.RaftServerConfigKeys (ConfUtils.java:logGet(46)) - raft.server.log.purge.gap = 1000000 (custom)
2022-10-11 17:33:27,050 [pool-240-thread-1] INFO  server.RaftServerConfigKeys (ConfUtils.java:logGet(46)) - raft.server.log.appender.buffer.byte-limit = 33554432 (custom)
2022-10-11 17:33:27,050 [pool-240-thread-1] INFO  server.RaftServerConfigKeys (ConfUtils.java:logGet(46)) - raft.server.log.statemachine.data.read.timeout = 1000ms (default)
2022-10-11 17:33:27,052 [pool-240-thread-1] INFO  server.RaftServerConfigKeys (ConfUtils.java:logGet(46)) - raft.server.log.segment.size.max = 1048576 (custom)
2022-10-11 17:33:27,052 [pool-240-thread-1] INFO  server.RaftServerConfigKeys (ConfUtils.java:logGet(46)) - raft.server.log.segment.cache.num.max = 2 (custom)
2022-10-11 17:33:27,052 [pool-240-thread-1] INFO  server.RaftServerConfigKeys (ConfUtils.java:logGet(46)) - raft.server.log.segment.cache.size.max = 200MB (=209715200) (default)
2022-10-11 17:33:27,053 [pool-240-thread-1] INFO  segmented.SegmentedRaftLogWorker (SegmentedRaftLogWorker.java:<init>(187)) - new 0de9eb11-3db5-450a-a624-fd6bf12412f3@group-E436AA9D509D-SegmentedRaftLogWorker for RaftStorageImpl:Storage Directory /home/runner/work/ozone/ozone/hadoop-ozone/integration-test/target/test-dir/MiniOzoneClusterImpl-a53f0994-8d29-48d7-8b80-9abc5033b6e0/datanode-2/data/ratis/6dbf8586-66ec-4cb6-9950-e436aa9d509d
2022-10-11 17:33:27,053 [pool-240-thread-1] INFO  server.RaftServerConfigKeys (ConfUtils.java:logGet(46)) - raft.server.log.queue.byte-limit = 4294967296 (custom)
2022-10-11 17:33:27,053 [pool-240-thread-1] INFO  server.RaftServerConfigKeys (ConfUtils.java:logGet(46)) - raft.server.log.queue.element-limit = 1024 (custom)
2022-10-11 17:33:27,054 [26594dbf-7a18-4bd8-acec-1f08b91ad5e5@group-9ABC5033B6E0-StateMachineUpdater] INFO  safemode.HealthyPipelineSafeModeRule (HealthyPipelineSafeModeRule.java:initializeRule(165)) - Refreshed total pipeline count is 0, healthy pipeline threshold count is 1
2022-10-11 17:33:27,054 [pool-215-thread-1] INFO  server.RaftServerConfigKeys (ConfUtils.java:logGet(46)) - raft.server.snapshot.auto.trigger.enabled = true (custom)
2022-10-11 17:33:27,054 [pool-215-thread-1] INFO  server.RaftServerConfigKeys (ConfUtils.java:logGet(46)) - raft.server.snapshot.auto.trigger.threshold = 10000 (custom)
2022-10-11 17:33:27,054 [pool-215-thread-1] INFO  server.RaftServerConfigKeys (ConfUtils.java:logGet(46)) - raft.server.snapshot.retention.file.num = 5 (custom)
2022-10-11 17:33:27,054 [pool-215-thread-1] INFO  server.RaftServerConfigKeys (ConfUtils.java:logGet(46)) - raft.server.log.purge.upto.snapshot.index = false (default)
2022-10-11 17:33:27,054 [pool-215-thread-1] INFO  server.RaftServerConfigKeys (ConfUtils.java:logGet(46)) - raft.server.retrycache.expirytime = 600000ms (custom)
2022-10-11 17:33:27,055 [pool-215-thread-1] INFO  server.RaftServerConfigKeys (ConfUtils.java:logGet(46)) - raft.server.retrycache.statistics.expirytime = 100μs (default)
2022-10-11 17:33:27,056 [pool-215-thread-1] INFO  server.RaftServerConfigKeys (ConfUtils.java:logGet(46)) - raft.server.log.appender.install.snapshot.enabled = false (custom)
2022-10-11 17:33:27,056 [pool-215-thread-1] INFO  server.RaftServerConfigKeys (ConfUtils.java:logGet(46)) - raft.server.threadpool.server.cached = true (default)
2022-10-11 17:33:27,056 [pool-215-thread-1] INFO  server.RaftServerConfigKeys (ConfUtils.java:logGet(46)) - raft.server.threadpool.server.size = 0 (default)
2022-10-11 17:33:27,056 [pool-215-thread-1] INFO  server.RaftServerConfigKeys (ConfUtils.java:logGet(46)) - raft.server.threadpool.client.cached = true (default)
2022-10-11 17:33:27,059 [pool-215-thread-1] INFO  server.RaftServerConfigKeys (ConfUtils.java:logGet(46)) - raft.server.threadpool.client.size = 0 (default)
2022-10-11 17:33:27,056 [pool-240-thread-1] INFO  server.RaftServerConfigKeys (ConfUtils.java:logGet(46)) - raft.server.log.segment.size.max = 1048576 (custom)
2022-10-11 17:33:27,059 [pool-215-thread-1] INFO  server.RaftServer$Division (RaftServerImpl.java:start(310)) - a4eb97e2-c085-4a03-847a-2990f025d514@group-21CA35C768C7: start as a follower, conf=-1: [a4eb97e2-c085-4a03-847a-2990f025d514|rpc:127.0.0.1:43867|priority:1], old=null
2022-10-11 17:33:27,068 [pool-215-thread-1] INFO  server.RaftServer$Division (RaftServerImpl.java:setRole(299)) - a4eb97e2-c085-4a03-847a-2990f025d514@group-21CA35C768C7: changes role from      null to FOLLOWER at term 0 for startAsFollower
2022-10-11 17:33:27,068 [pool-215-thread-1] INFO  impl.RoleInfo (RoleInfo.java:updateAndGet(139)) - a4eb97e2-c085-4a03-847a-2990f025d514: start a4eb97e2-c085-4a03-847a-2990f025d514@group-21CA35C768C7-FollowerState
2022-10-11 17:33:27,067 [fa895461-6123-4d7e-a25c-be7d0086d09c@group-9ABC5033B6E0-StateMachineUpdater] INFO  safemode.HealthyPipelineSafeModeRule (HealthyPipelineSafeModeRule.java:initializeRule(165)) - Refreshed total pipeline count is 0, healthy pipeline threshold count is 1
2022-10-11 17:33:27,069 [pool-215-thread-1] INFO  util.JmxRegister (JmxRegister.java:tryRegister(44)) - Successfully registered JMX Bean with object name Ratis:service=RaftServer,group=group-21CA35C768C7,id=a4eb97e2-c085-4a03-847a-2990f025d514
2022-10-11 17:33:27,075 [Command processor thread] INFO  ratis.XceiverServerRatis (XceiverServerRatis.java:addGroup(765)) - Created group PipelineID=373eba6a-abf2-4e32-b279-21ca35c768c7
2022-10-11 17:33:27,075 [Command processor thread] INFO  commandhandler.CreatePipelineCommandHandler (CreatePipelineCommandHandler.java:handle(113)) - Created Pipeline RATIS ONE PipelineID=373eba6a-abf2-4e32-b279-21ca35c768c7.
2022-10-11 17:33:27,076 [Command processor thread] INFO  server.RaftServer (RaftServerProxy.java:addNew(96)) - a4eb97e2-c085-4a03-847a-2990f025d514: addNew group-7EC0B1F630C1:[c6f9d5d6-ce23-4a05-8f31-e64b02be19f7|rpc:127.0.0.1:42011|priority:1, 0de9eb11-3db5-450a-a624-fd6bf12412f3|rpc:127.0.0.1:38277|priority:0, a4eb97e2-c085-4a03-847a-2990f025d514|rpc:127.0.0.1:43867|priority:0] returns group-7EC0B1F630C1:java.util.concurrent.CompletableFuture@766d4a36[Not completed]
2022-10-11 17:33:27,078 [pool-240-thread-1] INFO  server.RaftServerConfigKeys (ConfUtils.java:logGet(46)) - raft.server.log.preallocated.size = 16384 (custom)
2022-10-11 17:33:27,078 [pool-240-thread-1] INFO  server.RaftServerConfigKeys (ConfUtils.java:logGet(46)) - raft.server.log.force.sync.num = 128 (default)
2022-10-11 17:33:27,078 [pool-240-thread-1] INFO  server.RaftServerConfigKeys (ConfUtils.java:logGet(46)) - raft.server.log.statemachine.data.sync = true (default)
2022-10-11 17:33:27,078 [pool-240-thread-1] INFO  server.RaftServerConfigKeys (ConfUtils.java:logGet(46)) - raft.server.log.statemachine.data.sync.timeout = 10s (default)
2022-10-11 17:33:27,078 [pool-240-thread-1] INFO  server.RaftServerConfigKeys (ConfUtils.java:logGet(46)) - raft.server.log.statemachine.data.sync.timeout.retry = -1 (default)
2022-10-11 17:33:27,079 [pool-240-thread-1] INFO  server.RaftServerConfigKeys (ConfUtils.java:logGet(46)) - raft.server.log.write.buffer.size = 1048576 (custom)
2022-10-11 17:33:27,082 [pool-215-thread-1] INFO  server.RaftServer$Division (RaftServerImpl.java:<init>(190)) - a4eb97e2-c085-4a03-847a-2990f025d514: new RaftServerImpl for group-7EC0B1F630C1:[c6f9d5d6-ce23-4a05-8f31-e64b02be19f7|rpc:127.0.0.1:42011|priority:1, 0de9eb11-3db5-450a-a624-fd6bf12412f3|rpc:127.0.0.1:38277|priority:0, a4eb97e2-c085-4a03-847a-2990f025d514|rpc:127.0.0.1:43867|priority:0] with ContainerStateMachine:uninitialized
2022-10-11 17:33:27,082 [pool-215-thread-1] INFO  server.RaftServerConfigKeys (ConfUtils.java:logGet(46)) - raft.server.rpc.timeout.min = 5s (custom)
2022-10-11 17:33:27,082 [pool-215-thread-1] INFO  server.RaftServerConfigKeys (ConfUtils.java:logGet(46)) - raft.server.rpc.timeout.max = 5200ms (custom)
2022-10-11 17:33:27,082 [pool-215-thread-1] INFO  server.RaftServerConfigKeys (ConfUtils.java:logGet(46)) - raft.server.rpc.sleep.time = 25ms (default)
2022-10-11 17:33:27,082 [pool-215-thread-1] INFO  server.RaftServerConfigKeys (ConfUtils.java:logGet(46)) - raft.server.rpc.slowness.timeout = 300s (custom)
2022-10-11 17:33:27,082 [pool-215-thread-1] INFO  server.RaftServerConfigKeys (ConfUtils.java:logGet(46)) - raft.server.leaderelection.leader.step-down.wait-time = 10s (default)
2022-10-11 17:33:27,082 [pool-215-thread-1] INFO  server.RaftServerConfigKeys (ConfUtils.java:logGet(46)) - raft.server.sleep.deviation.threshold = 300ms (default)
2022-10-11 17:33:27,082 [pool-215-thread-1] INFO  server.RaftServer$Division (ServerState.java:<init>(107)) - a4eb97e2-c085-4a03-847a-2990f025d514@group-7EC0B1F630C1: ConfigurationManager, init=-1: [c6f9d5d6-ce23-4a05-8f31-e64b02be19f7|rpc:127.0.0.1:42011|priority:1, 0de9eb11-3db5-450a-a624-fd6bf12412f3|rpc:127.0.0.1:38277|priority:0, a4eb97e2-c085-4a03-847a-2990f025d514|rpc:127.0.0.1:43867|priority:0], old=null, confs=<EMPTY_MAP>
2022-10-11 17:33:27,082 [pool-215-thread-1] INFO  server.RaftServerConfigKeys (ConfUtils.java:logGet(46)) - raft.server.storage.dir = [/home/runner/work/ozone/ozone/hadoop-ozone/integration-test/target/test-dir/MiniOzoneClusterImpl-a53f0994-8d29-48d7-8b80-9abc5033b6e0/datanode-1/data/ratis] (custom)
2022-10-11 17:33:27,083 [pool-240-thread-1] INFO  server.RaftServerConfigKeys (ConfUtils.java:logGet(46)) - raft.server.log.unsafe-flush.enabled = false (default)
2022-10-11 17:33:27,083 [pool-215-thread-1] INFO  server.RaftServerConfigKeys (ConfUtils.java:logGet(46)) - raft.server.log.corruption.policy = EXCEPTION (default)
2022-10-11 17:33:27,083 [pool-240-thread-1] INFO  server.RaftServerConfigKeys (ConfUtils.java:logGet(46)) - raft.server.log.statemachine.data.caching.enabled = true (custom)
2022-10-11 17:33:27,083 [pool-215-thread-1] INFO  server.RaftServerConfigKeys (ConfUtils.java:logGet(46)) - raft.server.storage.free-space.min = 0MB (=0) (default)
2022-10-11 17:33:27,083 [pool-240-thread-1] INFO  segmented.SegmentedRaftLogWorker (SegmentedRaftLogWorker.java:lambda$new$0(135)) - 0de9eb11-3db5-450a-a624-fd6bf12412f3@group-E436AA9D509D-SegmentedRaftLogWorker: flushIndex: setUnconditionally 0 -> -1
2022-10-11 17:33:27,083 [pool-215-thread-1] INFO  storage.RaftStorageDirectory (RaftStorageDirectoryImpl.java:analyzeStorage(135)) - The storage directory /home/runner/work/ozone/ozone/hadoop-ozone/integration-test/target/test-dir/MiniOzoneClusterImpl-a53f0994-8d29-48d7-8b80-9abc5033b6e0/datanode-1/data/ratis/6a5c9305-feb4-4d3b-b1e8-7ec0b1f630c1 does not exist. Creating ...
2022-10-11 17:33:27,083 [pool-240-thread-1] INFO  segmented.SegmentedRaftLogWorker (SegmentedRaftLogWorker.java:lambda$new$0(135)) - 0de9eb11-3db5-450a-a624-fd6bf12412f3@group-E436AA9D509D-SegmentedRaftLogWorker: safeCacheEvictIndex: setUnconditionally 0 -> -1
2022-10-11 17:33:27,084 [pool-215-thread-1] INFO  storage.RaftStorageDirectory (RaftStorageDirectoryImpl.java:tryLock(230)) - Lock on /home/runner/work/ozone/ozone/hadoop-ozone/integration-test/target/test-dir/MiniOzoneClusterImpl-a53f0994-8d29-48d7-8b80-9abc5033b6e0/datanode-1/data/ratis/6a5c9305-feb4-4d3b-b1e8-7ec0b1f630c1/in_use.lock acquired by nodename 23825@fv-az255-813
2022-10-11 17:33:27,086 [pool-215-thread-1] INFO  storage.RaftStorage (RaftStorageImpl.java:format(89)) - Storage directory /home/runner/work/ozone/ozone/hadoop-ozone/integration-test/target/test-dir/MiniOzoneClusterImpl-a53f0994-8d29-48d7-8b80-9abc5033b6e0/datanode-1/data/ratis/6a5c9305-feb4-4d3b-b1e8-7ec0b1f630c1 has been successfully formatted.
2022-10-11 17:33:27,087 [pool-240-thread-1] INFO  server.RaftServerConfigKeys (ConfUtils.java:logGet(46)) - raft.server.snapshot.auto.trigger.enabled = true (custom)
2022-10-11 17:33:27,087 [pool-240-thread-1] INFO  server.RaftServerConfigKeys (ConfUtils.java:logGet(46)) - raft.server.snapshot.auto.trigger.threshold = 10000 (custom)
2022-10-11 17:33:27,087 [pool-240-thread-1] INFO  server.RaftServerConfigKeys (ConfUtils.java:logGet(46)) - raft.server.snapshot.retention.file.num = 5 (custom)
2022-10-11 17:33:27,087 [pool-240-thread-1] INFO  server.RaftServerConfigKeys (ConfUtils.java:logGet(46)) - raft.server.log.purge.upto.snapshot.index = false (default)
2022-10-11 17:33:27,091 [pool-240-thread-1] INFO  server.RaftServerConfigKeys (ConfUtils.java:logGet(46)) - raft.server.retrycache.expirytime = 600000ms (custom)
2022-10-11 17:33:27,091 [pool-240-thread-1] INFO  server.RaftServerConfigKeys (ConfUtils.java:logGet(46)) - raft.server.retrycache.statistics.expirytime = 100μs (default)
2022-10-11 17:33:27,091 [EventQueue-OpenPipelineForHealthyPipelineSafeModeRule] INFO  safemode.SCMSafeModeManager (HealthyPipelineSafeModeRule.java:process(137)) - SCM in safe mode. Healthy pipelines reported count is 0, required healthy pipeline reported count is 1
2022-10-11 17:33:27,092 [pool-240-thread-1] INFO  server.RaftServerConfigKeys (ConfUtils.java:logGet(46)) - raft.server.log.appender.install.snapshot.enabled = false (custom)
2022-10-11 17:33:27,092 [pool-240-thread-1] INFO  server.RaftServerConfigKeys (ConfUtils.java:logGet(46)) - raft.server.threadpool.server.cached = true (default)
2022-10-11 17:33:27,092 [pool-240-thread-1] INFO  server.RaftServerConfigKeys (ConfUtils.java:logGet(46)) - raft.server.threadpool.server.size = 0 (default)
2022-10-11 17:33:27,092 [pool-240-thread-1] INFO  server.RaftServerConfigKeys (ConfUtils.java:logGet(46)) - raft.server.threadpool.client.cached = true (default)
2022-10-11 17:33:27,092 [pool-240-thread-1] INFO  server.RaftServerConfigKeys (ConfUtils.java:logGet(46)) - raft.server.threadpool.client.size = 0 (default)
2022-10-11 17:33:27,092 [pool-240-thread-1] INFO  server.RaftServer$Division (RaftServerImpl.java:start(310)) - 0de9eb11-3db5-450a-a624-fd6bf12412f3@group-E436AA9D509D: start as a follower, conf=-1: [c6f9d5d6-ce23-4a05-8f31-e64b02be19f7|rpc:127.0.0.1:42011|dataStream:|priority:0, 0de9eb11-3db5-450a-a624-fd6bf12412f3|rpc:127.0.0.1:38277|dataStream:|priority:0, a4eb97e2-c085-4a03-847a-2990f025d514|rpc:127.0.0.1:43867|dataStream:|priority:1], old=null
2022-10-11 17:33:27,092 [pool-240-thread-1] INFO  server.RaftServer$Division (RaftServerImpl.java:setRole(299)) - 0de9eb11-3db5-450a-a624-fd6bf12412f3@group-E436AA9D509D: changes role from      null to FOLLOWER at term 0 for startAsFollower
2022-10-11 17:33:27,093 [pool-240-thread-1] INFO  impl.RoleInfo (RoleInfo.java:updateAndGet(139)) - 0de9eb11-3db5-450a-a624-fd6bf12412f3: start 0de9eb11-3db5-450a-a624-fd6bf12412f3@group-E436AA9D509D-FollowerState
2022-10-11 17:33:27,093 [EventQueue-OpenPipelineForHealthyPipelineSafeModeRule] INFO  safemode.SCMSafeModeManager (HealthyPipelineSafeModeRule.java:process(137)) - SCM in safe mode. Healthy pipelines reported count is 0, required healthy pipeline reported count is 1
2022-10-11 17:33:27,094 [pool-215-thread-1] INFO  ratis.ContainerStateMachine (ContainerStateMachine.java:loadSnapshot(236)) - group-7EC0B1F630C1: The snapshot info is null. Setting the last applied indexto:(t:0, i:~)
2022-10-11 17:33:27,094 [pool-215-thread-1] INFO  server.RaftServerConfigKeys (ConfUtils.java:logGet(46)) - raft.server.notification.no-leader.timeout = 300s (custom)
2022-10-11 17:33:27,094 [pool-215-thread-1] INFO  server.RaftServerConfigKeys (ConfUtils.java:logGet(46)) - raft.server.log.use.memory = false (default)
2022-10-11 17:33:27,094 [pool-215-thread-1] INFO  server.RaftServerConfigKeys (ConfUtils.java:logGet(46)) - raft.server.log.purge.gap = 1000000 (custom)
2022-10-11 17:33:27,094 [pool-215-thread-1] INFO  server.RaftServerConfigKeys (ConfUtils.java:logGet(46)) - raft.server.log.appender.buffer.byte-limit = 33554432 (custom)
2022-10-11 17:33:27,094 [pool-215-thread-1] INFO  server.RaftServerConfigKeys (ConfUtils.java:logGet(46)) - raft.server.log.statemachine.data.read.timeout = 1000ms (default)
2022-10-11 17:33:27,094 [pool-215-thread-1] INFO  server.RaftServerConfigKeys (ConfUtils.java:logGet(46)) - raft.server.log.segment.size.max = 1048576 (custom)
2022-10-11 17:33:27,095 [pool-215-thread-1] INFO  server.RaftServerConfigKeys (ConfUtils.java:logGet(46)) - raft.server.log.segment.cache.num.max = 2 (custom)
2022-10-11 17:33:27,095 [pool-215-thread-1] INFO  server.RaftServerConfigKeys (ConfUtils.java:logGet(46)) - raft.server.log.segment.cache.size.max = 200MB (=209715200) (default)
2022-10-11 17:33:27,095 [pool-215-thread-1] INFO  segmented.SegmentedRaftLogWorker (SegmentedRaftLogWorker.java:<init>(187)) - new a4eb97e2-c085-4a03-847a-2990f025d514@group-7EC0B1F630C1-SegmentedRaftLogWorker for RaftStorageImpl:Storage Directory /home/runner/work/ozone/ozone/hadoop-ozone/integration-test/target/test-dir/MiniOzoneClusterImpl-a53f0994-8d29-48d7-8b80-9abc5033b6e0/datanode-1/data/ratis/6a5c9305-feb4-4d3b-b1e8-7ec0b1f630c1
2022-10-11 17:33:27,095 [pool-215-thread-1] INFO  server.RaftServerConfigKeys (ConfUtils.java:logGet(46)) - raft.server.log.queue.byte-limit = 4294967296 (custom)
2022-10-11 17:33:27,095 [pool-215-thread-1] INFO  server.RaftServerConfigKeys (ConfUtils.java:logGet(46)) - raft.server.log.queue.element-limit = 1024 (custom)
2022-10-11 17:33:27,095 [pool-215-thread-1] INFO  server.RaftServerConfigKeys (ConfUtils.java:logGet(46)) - raft.server.log.segment.size.max = 1048576 (custom)
2022-10-11 17:33:27,095 [pool-215-thread-1] INFO  server.RaftServerConfigKeys (ConfUtils.java:logGet(46)) - raft.server.log.preallocated.size = 16384 (custom)
2022-10-11 17:33:27,095 [pool-215-thread-1] INFO  server.RaftServerConfigKeys (ConfUtils.java:logGet(46)) - raft.server.log.force.sync.num = 128 (default)
2022-10-11 17:33:27,095 [pool-215-thread-1] INFO  server.RaftServerConfigKeys (ConfUtils.java:logGet(46)) - raft.server.log.statemachine.data.sync = true (default)
2022-10-11 17:33:27,096 [pool-215-thread-1] INFO  server.RaftServerConfigKeys (ConfUtils.java:logGet(46)) - raft.server.log.statemachine.data.sync.timeout = 10s (default)
2022-10-11 17:33:27,096 [pool-215-thread-1] INFO  server.RaftServerConfigKeys (ConfUtils.java:logGet(46)) - raft.server.log.statemachine.data.sync.timeout.retry = -1 (default)
2022-10-11 17:33:27,097 [pool-240-thread-1] INFO  util.JmxRegister (JmxRegister.java:tryRegister(44)) - Successfully registered JMX Bean with object name Ratis:service=RaftServer,group=group-E436AA9D509D,id=0de9eb11-3db5-450a-a624-fd6bf12412f3
2022-10-11 17:33:27,099 [EventQueue-OpenPipelineForHealthyPipelineSafeModeRule] INFO  safemode.SCMSafeModeManager (HealthyPipelineSafeModeRule.java:process(137)) - SCM in safe mode. Healthy pipelines reported count is 0, required healthy pipeline reported count is 1
2022-10-11 17:33:27,101 [pool-215-thread-1] INFO  server.RaftServerConfigKeys (ConfUtils.java:logGet(46)) - raft.server.log.write.buffer.size = 1048576 (custom)
2022-10-11 17:33:27,101 [pool-215-thread-1] INFO  server.RaftServerConfigKeys (ConfUtils.java:logGet(46)) - raft.server.log.unsafe-flush.enabled = false (default)
2022-10-11 17:33:27,102 [pool-215-thread-1] INFO  server.RaftServerConfigKeys (ConfUtils.java:logGet(46)) - raft.server.log.statemachine.data.caching.enabled = true (custom)
2022-10-11 17:33:27,102 [pool-215-thread-1] INFO  segmented.SegmentedRaftLogWorker (SegmentedRaftLogWorker.java:lambda$new$0(135)) - a4eb97e2-c085-4a03-847a-2990f025d514@group-7EC0B1F630C1-SegmentedRaftLogWorker: flushIndex: setUnconditionally 0 -> -1
2022-10-11 17:33:27,102 [pool-215-thread-1] INFO  segmented.SegmentedRaftLogWorker (SegmentedRaftLogWorker.java:lambda$new$0(135)) - a4eb97e2-c085-4a03-847a-2990f025d514@group-7EC0B1F630C1-SegmentedRaftLogWorker: safeCacheEvictIndex: setUnconditionally 0 -> -1
2022-10-11 17:33:27,110 [pool-215-thread-1] INFO  server.RaftServerConfigKeys (ConfUtils.java:logGet(46)) - raft.server.snapshot.auto.trigger.enabled = true (custom)
2022-10-11 17:33:27,110 [pool-215-thread-1] INFO  server.RaftServerConfigKeys (ConfUtils.java:logGet(46)) - raft.server.snapshot.auto.trigger.threshold = 10000 (custom)
2022-10-11 17:33:27,110 [pool-215-thread-1] INFO  server.RaftServerConfigKeys (ConfUtils.java:logGet(46)) - raft.server.snapshot.retention.file.num = 5 (custom)
2022-10-11 17:33:27,110 [pool-215-thread-1] INFO  server.RaftServerConfigKeys (ConfUtils.java:logGet(46)) - raft.server.log.purge.upto.snapshot.index = false (default)
2022-10-11 17:33:27,110 [pool-215-thread-1] INFO  server.RaftServerConfigKeys (ConfUtils.java:logGet(46)) - raft.server.retrycache.expirytime = 600000ms (custom)
2022-10-11 17:33:27,110 [pool-215-thread-1] INFO  server.RaftServerConfigKeys (ConfUtils.java:logGet(46)) - raft.server.retrycache.statistics.expirytime = 100μs (default)
2022-10-11 17:33:27,120 [pool-215-thread-1] INFO  server.RaftServerConfigKeys (ConfUtils.java:logGet(46)) - raft.server.log.appender.install.snapshot.enabled = false (custom)
2022-10-11 17:33:27,120 [pool-215-thread-1] INFO  server.RaftServerConfigKeys (ConfUtils.java:logGet(46)) - raft.server.threadpool.server.cached = true (default)
2022-10-11 17:33:27,121 [pool-215-thread-1] INFO  server.RaftServerConfigKeys (ConfUtils.java:logGet(46)) - raft.server.threadpool.server.size = 0 (default)
2022-10-11 17:33:27,121 [pool-215-thread-1] INFO  server.RaftServerConfigKeys (ConfUtils.java:logGet(46)) - raft.server.threadpool.client.cached = true (default)
2022-10-11 17:33:27,121 [pool-215-thread-1] INFO  server.RaftServerConfigKeys (ConfUtils.java:logGet(46)) - raft.server.threadpool.client.size = 0 (default)
2022-10-11 17:33:27,121 [pool-215-thread-1] INFO  server.RaftServer$Division (RaftServerImpl.java:start(310)) - a4eb97e2-c085-4a03-847a-2990f025d514@group-7EC0B1F630C1: start as a follower, conf=-1: [c6f9d5d6-ce23-4a05-8f31-e64b02be19f7|rpc:127.0.0.1:42011|priority:1, 0de9eb11-3db5-450a-a624-fd6bf12412f3|rpc:127.0.0.1:38277|priority:0, a4eb97e2-c085-4a03-847a-2990f025d514|rpc:127.0.0.1:43867|priority:0], old=null
2022-10-11 17:33:27,121 [pool-215-thread-1] INFO  server.RaftServer$Division (RaftServerImpl.java:setRole(299)) - a4eb97e2-c085-4a03-847a-2990f025d514@group-7EC0B1F630C1: changes role from      null to FOLLOWER at term 0 for startAsFollower
2022-10-11 17:33:27,121 [pool-215-thread-1] INFO  impl.RoleInfo (RoleInfo.java:updateAndGet(139)) - a4eb97e2-c085-4a03-847a-2990f025d514: start a4eb97e2-c085-4a03-847a-2990f025d514@group-7EC0B1F630C1-FollowerState
2022-10-11 17:33:27,121 [pool-215-thread-1] INFO  util.JmxRegister (JmxRegister.java:tryRegister(44)) - Successfully registered JMX Bean with object name Ratis:service=RaftServer,group=group-7EC0B1F630C1,id=a4eb97e2-c085-4a03-847a-2990f025d514
2022-10-11 17:33:27,121 [Command processor thread] INFO  commandhandler.CreatePipelineCommandHandler (CreatePipelineCommandHandler.java:handle(113)) - Created Pipeline RATIS THREE PipelineID=6dbf8586-66ec-4cb6-9950-e436aa9d509d.
2022-10-11 17:33:27,122 [Command processor thread] INFO  server.RaftServer (RaftServerProxy.java:addNew(96)) - c6f9d5d6-ce23-4a05-8f31-e64b02be19f7: addNew group-7EC0B1F630C1:[c6f9d5d6-ce23-4a05-8f31-e64b02be19f7|rpc:127.0.0.1:42011|priority:1, 0de9eb11-3db5-450a-a624-fd6bf12412f3|rpc:127.0.0.1:38277|priority:0, a4eb97e2-c085-4a03-847a-2990f025d514|rpc:127.0.0.1:43867|priority:0] returns group-7EC0B1F630C1:java.util.concurrent.CompletableFuture@46aa272e[Not completed]
2022-10-11 17:33:27,123 [Command processor thread] INFO  ratis.XceiverServerRatis (XceiverServerRatis.java:addGroup(765)) - Created group PipelineID=6a5c9305-feb4-4d3b-b1e8-7ec0b1f630c1
2022-10-11 17:33:27,128 [pool-190-thread-1] INFO  server.RaftServer$Division (RaftServerImpl.java:<init>(190)) - c6f9d5d6-ce23-4a05-8f31-e64b02be19f7: new RaftServerImpl for group-7EC0B1F630C1:[c6f9d5d6-ce23-4a05-8f31-e64b02be19f7|rpc:127.0.0.1:42011|priority:1, 0de9eb11-3db5-450a-a624-fd6bf12412f3|rpc:127.0.0.1:38277|priority:0, a4eb97e2-c085-4a03-847a-2990f025d514|rpc:127.0.0.1:43867|priority:0] with ContainerStateMachine:uninitialized
2022-10-11 17:33:27,128 [pool-190-thread-1] INFO  server.RaftServerConfigKeys (ConfUtils.java:logGet(46)) - raft.server.rpc.timeout.min = 5s (custom)
2022-10-11 17:33:27,128 [pool-190-thread-1] INFO  server.RaftServerConfigKeys (ConfUtils.java:logGet(46)) - raft.server.rpc.timeout.max = 5200ms (custom)
2022-10-11 17:33:27,128 [pool-190-thread-1] INFO  server.RaftServerConfigKeys (ConfUtils.java:logGet(46)) - raft.server.rpc.sleep.time = 25ms (default)
2022-10-11 17:33:27,128 [pool-190-thread-1] INFO  server.RaftServerConfigKeys (ConfUtils.java:logGet(46)) - raft.server.rpc.slowness.timeout = 300s (custom)
2022-10-11 17:33:27,128 [pool-190-thread-1] INFO  server.RaftServerConfigKeys (ConfUtils.java:logGet(46)) - raft.server.leaderelection.leader.step-down.wait-time = 10s (default)
2022-10-11 17:33:27,128 [pool-190-thread-1] INFO  server.RaftServerConfigKeys (ConfUtils.java:logGet(46)) - raft.server.sleep.deviation.threshold = 300ms (default)
2022-10-11 17:33:27,128 [pool-190-thread-1] INFO  server.RaftServer$Division (ServerState.java:<init>(107)) - c6f9d5d6-ce23-4a05-8f31-e64b02be19f7@group-7EC0B1F630C1: ConfigurationManager, init=-1: [c6f9d5d6-ce23-4a05-8f31-e64b02be19f7|rpc:127.0.0.1:42011|priority:1, 0de9eb11-3db5-450a-a624-fd6bf12412f3|rpc:127.0.0.1:38277|priority:0, a4eb97e2-c085-4a03-847a-2990f025d514|rpc:127.0.0.1:43867|priority:0], old=null, confs=<EMPTY_MAP>
2022-10-11 17:33:27,129 [pool-190-thread-1] INFO  server.RaftServerConfigKeys (ConfUtils.java:logGet(46)) - raft.server.storage.dir = [/home/runner/work/ozone/ozone/hadoop-ozone/integration-test/target/test-dir/MiniOzoneClusterImpl-a53f0994-8d29-48d7-8b80-9abc5033b6e0/datanode-0/data/ratis] (custom)
2022-10-11 17:33:27,129 [pool-190-thread-1] INFO  server.RaftServerConfigKeys (ConfUtils.java:logGet(46)) - raft.server.log.corruption.policy = EXCEPTION (default)
2022-10-11 17:33:27,129 [pool-190-thread-1] INFO  server.RaftServerConfigKeys (ConfUtils.java:logGet(46)) - raft.server.storage.free-space.min = 0MB (=0) (default)
2022-10-11 17:33:27,129 [pool-190-thread-1] INFO  storage.RaftStorageDirectory (RaftStorageDirectoryImpl.java:analyzeStorage(135)) - The storage directory /home/runner/work/ozone/ozone/hadoop-ozone/integration-test/target/test-dir/MiniOzoneClusterImpl-a53f0994-8d29-48d7-8b80-9abc5033b6e0/datanode-0/data/ratis/6a5c9305-feb4-4d3b-b1e8-7ec0b1f630c1 does not exist. Creating ...
2022-10-11 17:33:27,133 [pool-190-thread-1] INFO  storage.RaftStorageDirectory (RaftStorageDirectoryImpl.java:tryLock(230)) - Lock on /home/runner/work/ozone/ozone/hadoop-ozone/integration-test/target/test-dir/MiniOzoneClusterImpl-a53f0994-8d29-48d7-8b80-9abc5033b6e0/datanode-0/data/ratis/6a5c9305-feb4-4d3b-b1e8-7ec0b1f630c1/in_use.lock acquired by nodename 23825@fv-az255-813
2022-10-11 17:33:27,137 [pool-190-thread-1] INFO  storage.RaftStorage (RaftStorageImpl.java:format(89)) - Storage directory /home/runner/work/ozone/ozone/hadoop-ozone/integration-test/target/test-dir/MiniOzoneClusterImpl-a53f0994-8d29-48d7-8b80-9abc5033b6e0/datanode-0/data/ratis/6a5c9305-feb4-4d3b-b1e8-7ec0b1f630c1 has been successfully formatted.
2022-10-11 17:33:27,137 [pool-190-thread-1] INFO  ratis.ContainerStateMachine (ContainerStateMachine.java:loadSnapshot(236)) - group-7EC0B1F630C1: The snapshot info is null. Setting the last applied indexto:(t:0, i:~)
2022-10-11 17:33:27,138 [pool-190-thread-1] INFO  server.RaftServerConfigKeys (ConfUtils.java:logGet(46)) - raft.server.notification.no-leader.timeout = 300s (custom)
2022-10-11 17:33:27,141 [pool-190-thread-1] INFO  server.RaftServerConfigKeys (ConfUtils.java:logGet(46)) - raft.server.log.use.memory = false (default)
2022-10-11 17:33:27,141 [pool-190-thread-1] INFO  server.RaftServerConfigKeys (ConfUtils.java:logGet(46)) - raft.server.log.purge.gap = 1000000 (custom)
2022-10-11 17:33:27,141 [pool-190-thread-1] INFO  server.RaftServerConfigKeys (ConfUtils.java:logGet(46)) - raft.server.log.appender.buffer.byte-limit = 33554432 (custom)
2022-10-11 17:33:27,141 [pool-190-thread-1] INFO  server.RaftServerConfigKeys (ConfUtils.java:logGet(46)) - raft.server.log.statemachine.data.read.timeout = 1000ms (default)
2022-10-11 17:33:27,141 [pool-190-thread-1] INFO  server.RaftServerConfigKeys (ConfUtils.java:logGet(46)) - raft.server.log.segment.size.max = 1048576 (custom)
2022-10-11 17:33:27,142 [pool-190-thread-1] INFO  server.RaftServerConfigKeys (ConfUtils.java:logGet(46)) - raft.server.log.segment.cache.num.max = 2 (custom)
2022-10-11 17:33:27,142 [pool-190-thread-1] INFO  server.RaftServerConfigKeys (ConfUtils.java:logGet(46)) - raft.server.log.segment.cache.size.max = 200MB (=209715200) (default)
2022-10-11 17:33:27,142 [pool-190-thread-1] INFO  segmented.SegmentedRaftLogWorker (SegmentedRaftLogWorker.java:<init>(187)) - new c6f9d5d6-ce23-4a05-8f31-e64b02be19f7@group-7EC0B1F630C1-SegmentedRaftLogWorker for RaftStorageImpl:Storage Directory /home/runner/work/ozone/ozone/hadoop-ozone/integration-test/target/test-dir/MiniOzoneClusterImpl-a53f0994-8d29-48d7-8b80-9abc5033b6e0/datanode-0/data/ratis/6a5c9305-feb4-4d3b-b1e8-7ec0b1f630c1
2022-10-11 17:33:27,142 [pool-190-thread-1] INFO  server.RaftServerConfigKeys (ConfUtils.java:logGet(46)) - raft.server.log.queue.byte-limit = 4294967296 (custom)
2022-10-11 17:33:27,142 [pool-190-thread-1] INFO  server.RaftServerConfigKeys (ConfUtils.java:logGet(46)) - raft.server.log.queue.element-limit = 1024 (custom)
2022-10-11 17:33:27,142 [pool-190-thread-1] INFO  server.RaftServerConfigKeys (ConfUtils.java:logGet(46)) - raft.server.log.segment.size.max = 1048576 (custom)
2022-10-11 17:33:27,142 [pool-190-thread-1] INFO  server.RaftServerConfigKeys (ConfUtils.java:logGet(46)) - raft.server.log.preallocated.size = 16384 (custom)
2022-10-11 17:33:27,142 [pool-190-thread-1] INFO  server.RaftServerConfigKeys (ConfUtils.java:logGet(46)) - raft.server.log.force.sync.num = 128 (default)
2022-10-11 17:33:27,145 [EventQueue-OpenPipelineForHealthyPipelineSafeModeRule] INFO  safemode.SCMSafeModeManager (HealthyPipelineSafeModeRule.java:process(137)) - SCM in safe mode. Healthy pipelines reported count is 0, required healthy pipeline reported count is 1
2022-10-11 17:33:27,145 [EventQueue-OpenPipelineForHealthyPipelineSafeModeRule] INFO  safemode.SCMSafeModeManager (HealthyPipelineSafeModeRule.java:process(137)) - SCM in safe mode. Healthy pipelines reported count is 0, required healthy pipeline reported count is 1
2022-10-11 17:33:27,144 [EventQueue-OpenPipelineForHealthyPipelineSafeModeRule] INFO  safemode.SCMSafeModeManager (HealthyPipelineSafeModeRule.java:process(137)) - SCM in safe mode. Healthy pipelines reported count is 0, required healthy pipeline reported count is 1
2022-10-11 17:33:27,149 [pool-190-thread-1] INFO  server.RaftServerConfigKeys (ConfUtils.java:logGet(46)) - raft.server.log.statemachine.data.sync = true (default)
2022-10-11 17:33:27,150 [pool-190-thread-1] INFO  server.RaftServerConfigKeys (ConfUtils.java:logGet(46)) - raft.server.log.statemachine.data.sync.timeout = 10s (default)
2022-10-11 17:33:27,150 [pool-190-thread-1] INFO  server.RaftServerConfigKeys (ConfUtils.java:logGet(46)) - raft.server.log.statemachine.data.sync.timeout.retry = -1 (default)
2022-10-11 17:33:27,152 [pool-190-thread-1] INFO  server.RaftServerConfigKeys (ConfUtils.java:logGet(46)) - raft.server.log.write.buffer.size = 1048576 (custom)
2022-10-11 17:33:27,152 [pool-190-thread-1] INFO  server.RaftServerConfigKeys (ConfUtils.java:logGet(46)) - raft.server.log.unsafe-flush.enabled = false (default)
2022-10-11 17:33:27,152 [pool-190-thread-1] INFO  server.RaftServerConfigKeys (ConfUtils.java:logGet(46)) - raft.server.log.statemachine.data.caching.enabled = true (custom)
2022-10-11 17:33:27,153 [pool-190-thread-1] INFO  segmented.SegmentedRaftLogWorker (SegmentedRaftLogWorker.java:lambda$new$0(135)) - c6f9d5d6-ce23-4a05-8f31-e64b02be19f7@group-7EC0B1F630C1-SegmentedRaftLogWorker: flushIndex: setUnconditionally 0 -> -1
2022-10-11 17:33:27,153 [pool-190-thread-1] INFO  segmented.SegmentedRaftLogWorker (SegmentedRaftLogWorker.java:lambda$new$0(135)) - c6f9d5d6-ce23-4a05-8f31-e64b02be19f7@group-7EC0B1F630C1-SegmentedRaftLogWorker: safeCacheEvictIndex: setUnconditionally 0 -> -1
2022-10-11 17:33:27,160 [pool-190-thread-1] INFO  server.RaftServerConfigKeys (ConfUtils.java:logGet(46)) - raft.server.snapshot.auto.trigger.enabled = true (custom)
2022-10-11 17:33:27,160 [pool-190-thread-1] INFO  server.RaftServerConfigKeys (ConfUtils.java:logGet(46)) - raft.server.snapshot.auto.trigger.threshold = 10000 (custom)
2022-10-11 17:33:27,160 [pool-190-thread-1] INFO  server.RaftServerConfigKeys (ConfUtils.java:logGet(46)) - raft.server.snapshot.retention.file.num = 5 (custom)
2022-10-11 17:33:27,160 [pool-190-thread-1] INFO  server.RaftServerConfigKeys (ConfUtils.java:logGet(46)) - raft.server.log.purge.upto.snapshot.index = false (default)
2022-10-11 17:33:27,160 [pool-190-thread-1] INFO  server.RaftServerConfigKeys (ConfUtils.java:logGet(46)) - raft.server.retrycache.expirytime = 600000ms (custom)
2022-10-11 17:33:27,160 [pool-190-thread-1] INFO  server.RaftServerConfigKeys (ConfUtils.java:logGet(46)) - raft.server.retrycache.statistics.expirytime = 100μs (default)
2022-10-11 17:33:27,162 [pool-190-thread-1] INFO  server.RaftServerConfigKeys (ConfUtils.java:logGet(46)) - raft.server.log.appender.install.snapshot.enabled = false (custom)
2022-10-11 17:33:27,162 [pool-190-thread-1] INFO  server.RaftServerConfigKeys (ConfUtils.java:logGet(46)) - raft.server.threadpool.server.cached = true (default)
2022-10-11 17:33:27,162 [pool-190-thread-1] INFO  server.RaftServerConfigKeys (ConfUtils.java:logGet(46)) - raft.server.threadpool.server.size = 0 (default)
2022-10-11 17:33:27,162 [pool-190-thread-1] INFO  server.RaftServerConfigKeys (ConfUtils.java:logGet(46)) - raft.server.threadpool.client.cached = true (default)
2022-10-11 17:33:27,162 [pool-190-thread-1] INFO  server.RaftServerConfigKeys (ConfUtils.java:logGet(46)) - raft.server.threadpool.client.size = 0 (default)
2022-10-11 17:33:27,162 [pool-190-thread-1] INFO  server.RaftServer$Division (RaftServerImpl.java:start(310)) - c6f9d5d6-ce23-4a05-8f31-e64b02be19f7@group-7EC0B1F630C1: start as a follower, conf=-1: [c6f9d5d6-ce23-4a05-8f31-e64b02be19f7|rpc:127.0.0.1:42011|priority:1, 0de9eb11-3db5-450a-a624-fd6bf12412f3|rpc:127.0.0.1:38277|priority:0, a4eb97e2-c085-4a03-847a-2990f025d514|rpc:127.0.0.1:43867|priority:0], old=null
2022-10-11 17:33:27,162 [pool-190-thread-1] INFO  server.RaftServer$Division (RaftServerImpl.java:setRole(299)) - c6f9d5d6-ce23-4a05-8f31-e64b02be19f7@group-7EC0B1F630C1: changes role from      null to FOLLOWER at term 0 for startAsFollower
2022-10-11 17:33:27,162 [pool-190-thread-1] INFO  impl.RoleInfo (RoleInfo.java:updateAndGet(139)) - c6f9d5d6-ce23-4a05-8f31-e64b02be19f7: start c6f9d5d6-ce23-4a05-8f31-e64b02be19f7@group-7EC0B1F630C1-FollowerState
2022-10-11 17:33:27,167 [pool-190-thread-1] INFO  util.JmxRegister (JmxRegister.java:tryRegister(44)) - Successfully registered JMX Bean with object name Ratis:service=RaftServer,group=group-7EC0B1F630C1,id=c6f9d5d6-ce23-4a05-8f31-e64b02be19f7
2022-10-11 17:33:27,169 [Command processor thread] INFO  ratis.XceiverServerRatis (XceiverServerRatis.java:addGroup(765)) - Created group PipelineID=6a5c9305-feb4-4d3b-b1e8-7ec0b1f630c1
2022-10-11 17:33:27,254 [grpc-default-executor-1] INFO  server.RaftServer (RaftServerProxy.java:addNew(96)) - 0de9eb11-3db5-450a-a624-fd6bf12412f3: addNew group-7EC0B1F630C1:[c6f9d5d6-ce23-4a05-8f31-e64b02be19f7|rpc:127.0.0.1:42011|dataStream:|priority:1, 0de9eb11-3db5-450a-a624-fd6bf12412f3|rpc:127.0.0.1:38277|dataStream:|priority:0, a4eb97e2-c085-4a03-847a-2990f025d514|rpc:127.0.0.1:43867|dataStream:|priority:0] returns group-7EC0B1F630C1:java.util.concurrent.CompletableFuture@10beb9d3[Not completed]
2022-10-11 17:33:27,257 [pool-240-thread-1] INFO  server.RaftServer$Division (RaftServerImpl.java:<init>(190)) - 0de9eb11-3db5-450a-a624-fd6bf12412f3: new RaftServerImpl for group-7EC0B1F630C1:[c6f9d5d6-ce23-4a05-8f31-e64b02be19f7|rpc:127.0.0.1:42011|dataStream:|priority:1, 0de9eb11-3db5-450a-a624-fd6bf12412f3|rpc:127.0.0.1:38277|dataStream:|priority:0, a4eb97e2-c085-4a03-847a-2990f025d514|rpc:127.0.0.1:43867|dataStream:|priority:0] with ContainerStateMachine:uninitialized
2022-10-11 17:33:27,257 [pool-240-thread-1] INFO  server.RaftServerConfigKeys (ConfUtils.java:logGet(46)) - raft.server.rpc.timeout.min = 5s (custom)
2022-10-11 17:33:27,257 [pool-240-thread-1] INFO  server.RaftServerConfigKeys (ConfUtils.java:logGet(46)) - raft.server.rpc.timeout.max = 5200ms (custom)
2022-10-11 17:33:27,257 [pool-240-thread-1] INFO  server.RaftServerConfigKeys (ConfUtils.java:logGet(46)) - raft.server.rpc.sleep.time = 25ms (default)
2022-10-11 17:33:27,257 [pool-240-thread-1] INFO  server.RaftServerConfigKeys (ConfUtils.java:logGet(46)) - raft.server.rpc.slowness.timeout = 300s (custom)
2022-10-11 17:33:27,257 [pool-240-thread-1] INFO  server.RaftServerConfigKeys (ConfUtils.java:logGet(46)) - raft.server.leaderelection.leader.step-down.wait-time = 10s (default)
2022-10-11 17:33:27,257 [pool-240-thread-1] INFO  server.RaftServerConfigKeys (ConfUtils.java:logGet(46)) - raft.server.sleep.deviation.threshold = 300ms (default)
2022-10-11 17:33:27,257 [pool-240-thread-1] INFO  server.RaftServer$Division (ServerState.java:<init>(107)) - 0de9eb11-3db5-450a-a624-fd6bf12412f3@group-7EC0B1F630C1: ConfigurationManager, init=-1: [c6f9d5d6-ce23-4a05-8f31-e64b02be19f7|rpc:127.0.0.1:42011|dataStream:|priority:1, 0de9eb11-3db5-450a-a624-fd6bf12412f3|rpc:127.0.0.1:38277|dataStream:|priority:0, a4eb97e2-c085-4a03-847a-2990f025d514|rpc:127.0.0.1:43867|dataStream:|priority:0], old=null, confs=<EMPTY_MAP>
2022-10-11 17:33:27,258 [pool-240-thread-1] INFO  server.RaftServerConfigKeys (ConfUtils.java:logGet(46)) - raft.server.storage.dir = [/home/runner/work/ozone/ozone/hadoop-ozone/integration-test/target/test-dir/MiniOzoneClusterImpl-a53f0994-8d29-48d7-8b80-9abc5033b6e0/datanode-2/data/ratis] (custom)
2022-10-11 17:33:27,258 [pool-240-thread-1] INFO  server.RaftServerConfigKeys (ConfUtils.java:logGet(46)) - raft.server.log.corruption.policy = EXCEPTION (default)
2022-10-11 17:33:27,258 [pool-240-thread-1] INFO  server.RaftServerConfigKeys (ConfUtils.java:logGet(46)) - raft.server.storage.free-space.min = 0MB (=0) (default)
2022-10-11 17:33:27,258 [pool-240-thread-1] INFO  storage.RaftStorageDirectory (RaftStorageDirectoryImpl.java:analyzeStorage(135)) - The storage directory /home/runner/work/ozone/ozone/hadoop-ozone/integration-test/target/test-dir/MiniOzoneClusterImpl-a53f0994-8d29-48d7-8b80-9abc5033b6e0/datanode-2/data/ratis/6a5c9305-feb4-4d3b-b1e8-7ec0b1f630c1 does not exist. Creating ...
2022-10-11 17:33:27,260 [pool-240-thread-1] INFO  storage.RaftStorageDirectory (RaftStorageDirectoryImpl.java:tryLock(230)) - Lock on /home/runner/work/ozone/ozone/hadoop-ozone/integration-test/target/test-dir/MiniOzoneClusterImpl-a53f0994-8d29-48d7-8b80-9abc5033b6e0/datanode-2/data/ratis/6a5c9305-feb4-4d3b-b1e8-7ec0b1f630c1/in_use.lock acquired by nodename 23825@fv-az255-813
2022-10-11 17:33:27,261 [pool-240-thread-1] INFO  storage.RaftStorage (RaftStorageImpl.java:format(89)) - Storage directory /home/runner/work/ozone/ozone/hadoop-ozone/integration-test/target/test-dir/MiniOzoneClusterImpl-a53f0994-8d29-48d7-8b80-9abc5033b6e0/datanode-2/data/ratis/6a5c9305-feb4-4d3b-b1e8-7ec0b1f630c1 has been successfully formatted.
2022-10-11 17:33:27,265 [pool-240-thread-1] INFO  ratis.ContainerStateMachine (ContainerStateMachine.java:loadSnapshot(236)) - group-7EC0B1F630C1: The snapshot info is null. Setting the last applied indexto:(t:0, i:~)
2022-10-11 17:33:27,266 [pool-240-thread-1] INFO  server.RaftServerConfigKeys (ConfUtils.java:logGet(46)) - raft.server.notification.no-leader.timeout = 300s (custom)
2022-10-11 17:33:27,266 [pool-240-thread-1] INFO  server.RaftServerConfigKeys (ConfUtils.java:logGet(46)) - raft.server.log.use.memory = false (default)
2022-10-11 17:33:27,266 [pool-240-thread-1] INFO  server.RaftServerConfigKeys (ConfUtils.java:logGet(46)) - raft.server.log.purge.gap = 1000000 (custom)
2022-10-11 17:33:27,266 [pool-240-thread-1] INFO  server.RaftServerConfigKeys (ConfUtils.java:logGet(46)) - raft.server.log.appender.buffer.byte-limit = 33554432 (custom)
2022-10-11 17:33:27,266 [pool-240-thread-1] INFO  server.RaftServerConfigKeys (ConfUtils.java:logGet(46)) - raft.server.log.statemachine.data.read.timeout = 1000ms (default)
2022-10-11 17:33:27,266 [pool-240-thread-1] INFO  server.RaftServerConfigKeys (ConfUtils.java:logGet(46)) - raft.server.log.segment.size.max = 1048576 (custom)
2022-10-11 17:33:27,267 [pool-240-thread-1] INFO  server.RaftServerConfigKeys (ConfUtils.java:logGet(46)) - raft.server.log.segment.cache.num.max = 2 (custom)
2022-10-11 17:33:27,267 [pool-240-thread-1] INFO  server.RaftServerConfigKeys (ConfUtils.java:logGet(46)) - raft.server.log.segment.cache.size.max = 200MB (=209715200) (default)
2022-10-11 17:33:27,267 [pool-240-thread-1] INFO  segmented.SegmentedRaftLogWorker (SegmentedRaftLogWorker.java:<init>(187)) - new 0de9eb11-3db5-450a-a624-fd6bf12412f3@group-7EC0B1F630C1-SegmentedRaftLogWorker for RaftStorageImpl:Storage Directory /home/runner/work/ozone/ozone/hadoop-ozone/integration-test/target/test-dir/MiniOzoneClusterImpl-a53f0994-8d29-48d7-8b80-9abc5033b6e0/datanode-2/data/ratis/6a5c9305-feb4-4d3b-b1e8-7ec0b1f630c1
2022-10-11 17:33:27,267 [pool-240-thread-1] INFO  server.RaftServerConfigKeys (ConfUtils.java:logGet(46)) - raft.server.log.queue.byte-limit = 4294967296 (custom)
2022-10-11 17:33:27,267 [pool-240-thread-1] INFO  server.RaftServerConfigKeys (ConfUtils.java:logGet(46)) - raft.server.log.queue.element-limit = 1024 (custom)
2022-10-11 17:33:27,267 [pool-240-thread-1] INFO  server.RaftServerConfigKeys (ConfUtils.java:logGet(46)) - raft.server.log.segment.size.max = 1048576 (custom)
2022-10-11 17:33:27,267 [pool-240-thread-1] INFO  server.RaftServerConfigKeys (ConfUtils.java:logGet(46)) - raft.server.log.preallocated.size = 16384 (custom)
2022-10-11 17:33:27,267 [pool-240-thread-1] INFO  server.RaftServerConfigKeys (ConfUtils.java:logGet(46)) - raft.server.log.force.sync.num = 128 (default)
2022-10-11 17:33:27,268 [pool-240-thread-1] INFO  server.RaftServerConfigKeys (ConfUtils.java:logGet(46)) - raft.server.log.statemachine.data.sync = true (default)
2022-10-11 17:33:27,268 [pool-240-thread-1] INFO  server.RaftServerConfigKeys (ConfUtils.java:logGet(46)) - raft.server.log.statemachine.data.sync.timeout = 10s (default)
2022-10-11 17:33:27,268 [pool-240-thread-1] INFO  server.RaftServerConfigKeys (ConfUtils.java:logGet(46)) - raft.server.log.statemachine.data.sync.timeout.retry = -1 (default)
2022-10-11 17:33:27,269 [pool-240-thread-1] INFO  server.RaftServerConfigKeys (ConfUtils.java:logGet(46)) - raft.server.log.write.buffer.size = 1048576 (custom)
2022-10-11 17:33:27,269 [pool-240-thread-1] INFO  server.RaftServerConfigKeys (ConfUtils.java:logGet(46)) - raft.server.log.unsafe-flush.enabled = false (default)
2022-10-11 17:33:27,269 [pool-240-thread-1] INFO  server.RaftServerConfigKeys (ConfUtils.java:logGet(46)) - raft.server.log.statemachine.data.caching.enabled = true (custom)
2022-10-11 17:33:27,270 [pool-240-thread-1] INFO  segmented.SegmentedRaftLogWorker (SegmentedRaftLogWorker.java:lambda$new$0(135)) - 0de9eb11-3db5-450a-a624-fd6bf12412f3@group-7EC0B1F630C1-SegmentedRaftLogWorker: flushIndex: setUnconditionally 0 -> -1
2022-10-11 17:33:27,270 [pool-240-thread-1] INFO  segmented.SegmentedRaftLogWorker (SegmentedRaftLogWorker.java:lambda$new$0(135)) - 0de9eb11-3db5-450a-a624-fd6bf12412f3@group-7EC0B1F630C1-SegmentedRaftLogWorker: safeCacheEvictIndex: setUnconditionally 0 -> -1
2022-10-11 17:33:27,270 [pool-240-thread-1] INFO  server.RaftServerConfigKeys (ConfUtils.java:logGet(46)) - raft.server.snapshot.auto.trigger.enabled = true (custom)
2022-10-11 17:33:27,270 [pool-240-thread-1] INFO  server.RaftServerConfigKeys (ConfUtils.java:logGet(46)) - raft.server.snapshot.auto.trigger.threshold = 10000 (custom)
2022-10-11 17:33:27,270 [pool-240-thread-1] INFO  server.RaftServerConfigKeys (ConfUtils.java:logGet(46)) - raft.server.snapshot.retention.file.num = 5 (custom)
2022-10-11 17:33:27,270 [pool-240-thread-1] INFO  server.RaftServerConfigKeys (ConfUtils.java:logGet(46)) - raft.server.log.purge.upto.snapshot.index = false (default)
2022-10-11 17:33:27,270 [pool-240-thread-1] INFO  server.RaftServerConfigKeys (ConfUtils.java:logGet(46)) - raft.server.retrycache.expirytime = 600000ms (custom)
2022-10-11 17:33:27,271 [pool-240-thread-1] INFO  server.RaftServerConfigKeys (ConfUtils.java:logGet(46)) - raft.server.retrycache.statistics.expirytime = 100μs (default)
2022-10-11 17:33:27,272 [pool-240-thread-1] INFO  server.RaftServerConfigKeys (ConfUtils.java:logGet(46)) - raft.server.log.appender.install.snapshot.enabled = false (custom)
2022-10-11 17:33:27,272 [pool-240-thread-1] INFO  server.RaftServerConfigKeys (ConfUtils.java:logGet(46)) - raft.server.threadpool.server.cached = true (default)
2022-10-11 17:33:27,272 [pool-240-thread-1] INFO  server.RaftServerConfigKeys (ConfUtils.java:logGet(46)) - raft.server.threadpool.server.size = 0 (default)
2022-10-11 17:33:27,272 [pool-240-thread-1] INFO  server.RaftServerConfigKeys (ConfUtils.java:logGet(46)) - raft.server.threadpool.client.cached = true (default)
2022-10-11 17:33:27,272 [pool-240-thread-1] INFO  server.RaftServerConfigKeys (ConfUtils.java:logGet(46)) - raft.server.threadpool.client.size = 0 (default)
2022-10-11 17:33:27,272 [pool-240-thread-1] INFO  server.RaftServer$Division (RaftServerImpl.java:start(310)) - 0de9eb11-3db5-450a-a624-fd6bf12412f3@group-7EC0B1F630C1: start as a follower, conf=-1: [c6f9d5d6-ce23-4a05-8f31-e64b02be19f7|rpc:127.0.0.1:42011|dataStream:|priority:1, 0de9eb11-3db5-450a-a624-fd6bf12412f3|rpc:127.0.0.1:38277|dataStream:|priority:0, a4eb97e2-c085-4a03-847a-2990f025d514|rpc:127.0.0.1:43867|dataStream:|priority:0], old=null
2022-10-11 17:33:27,272 [pool-240-thread-1] INFO  server.RaftServer$Division (RaftServerImpl.java:setRole(299)) - 0de9eb11-3db5-450a-a624-fd6bf12412f3@group-7EC0B1F630C1: changes role from      null to FOLLOWER at term 0 for startAsFollower
2022-10-11 17:33:27,273 [pool-240-thread-1] INFO  impl.RoleInfo (RoleInfo.java:updateAndGet(139)) - 0de9eb11-3db5-450a-a624-fd6bf12412f3: start 0de9eb11-3db5-450a-a624-fd6bf12412f3@group-7EC0B1F630C1-FollowerState
2022-10-11 17:33:27,281 [pool-240-thread-1] INFO  util.JmxRegister (JmxRegister.java:tryRegister(44)) - Successfully registered JMX Bean with object name Ratis:service=RaftServer,group=group-7EC0B1F630C1,id=0de9eb11-3db5-450a-a624-fd6bf12412f3
2022-10-11 17:33:27,296 [Command processor thread] INFO  commandhandler.CreatePipelineCommandHandler (CreatePipelineCommandHandler.java:handle(113)) - Created Pipeline RATIS THREE PipelineID=6a5c9305-feb4-4d3b-b1e8-7ec0b1f630c1.
2022-10-11 17:33:27,299 [Command processor thread] INFO  commandhandler.CreatePipelineCommandHandler (CreatePipelineCommandHandler.java:handle(113)) - Created Pipeline RATIS THREE PipelineID=6a5c9305-feb4-4d3b-b1e8-7ec0b1f630c1.
2022-10-11 17:33:27,409 [Command processor thread] INFO  server.RaftServer (RaftServerProxy.java:addNew(96)) - 0de9eb11-3db5-450a-a624-fd6bf12412f3: addNew group-731D26CD063C:[0de9eb11-3db5-450a-a624-fd6bf12412f3|rpc:127.0.0.1:38277|priority:1] returns group-731D26CD063C:java.util.concurrent.CompletableFuture@3922c79d[Not completed]
2022-10-11 17:33:27,410 [pool-240-thread-1] INFO  server.RaftServer$Division (RaftServerImpl.java:<init>(190)) - 0de9eb11-3db5-450a-a624-fd6bf12412f3: new RaftServerImpl for group-731D26CD063C:[0de9eb11-3db5-450a-a624-fd6bf12412f3|rpc:127.0.0.1:38277|priority:1] with ContainerStateMachine:uninitialized
2022-10-11 17:33:27,410 [pool-240-thread-1] INFO  server.RaftServerConfigKeys (ConfUtils.java:logGet(46)) - raft.server.rpc.timeout.min = 5s (custom)
2022-10-11 17:33:27,410 [pool-240-thread-1] INFO  server.RaftServerConfigKeys (ConfUtils.java:logGet(46)) - raft.server.rpc.timeout.max = 5200ms (custom)
2022-10-11 17:33:27,410 [pool-240-thread-1] INFO  server.RaftServerConfigKeys (ConfUtils.java:logGet(46)) - raft.server.rpc.sleep.time = 25ms (default)
2022-10-11 17:33:27,410 [pool-240-thread-1] INFO  server.RaftServerConfigKeys (ConfUtils.java:logGet(46)) - raft.server.rpc.slowness.timeout = 300s (custom)
2022-10-11 17:33:27,410 [pool-240-thread-1] INFO  server.RaftServerConfigKeys (ConfUtils.java:logGet(46)) - raft.server.leaderelection.leader.step-down.wait-time = 10s (default)
2022-10-11 17:33:27,410 [pool-240-thread-1] INFO  server.RaftServerConfigKeys (ConfUtils.java:logGet(46)) - raft.server.sleep.deviation.threshold = 300ms (default)
2022-10-11 17:33:27,411 [pool-240-thread-1] INFO  server.RaftServer$Division (ServerState.java:<init>(107)) - 0de9eb11-3db5-450a-a624-fd6bf12412f3@group-731D26CD063C: ConfigurationManager, init=-1: [0de9eb11-3db5-450a-a624-fd6bf12412f3|rpc:127.0.0.1:38277|priority:1], old=null, confs=<EMPTY_MAP>
2022-10-11 17:33:27,411 [pool-240-thread-1] INFO  server.RaftServerConfigKeys (ConfUtils.java:logGet(46)) - raft.server.storage.dir = [/home/runner/work/ozone/ozone/hadoop-ozone/integration-test/target/test-dir/MiniOzoneClusterImpl-a53f0994-8d29-48d7-8b80-9abc5033b6e0/datanode-2/data/ratis] (custom)
2022-10-11 17:33:27,411 [pool-240-thread-1] INFO  server.RaftServerConfigKeys (ConfUtils.java:logGet(46)) - raft.server.log.corruption.policy = EXCEPTION (default)
2022-10-11 17:33:27,411 [pool-240-thread-1] INFO  server.RaftServerConfigKeys (ConfUtils.java:logGet(46)) - raft.server.storage.free-space.min = 0MB (=0) (default)
2022-10-11 17:33:27,411 [pool-240-thread-1] INFO  storage.RaftStorageDirectory (RaftStorageDirectoryImpl.java:analyzeStorage(135)) - The storage directory /home/runner/work/ozone/ozone/hadoop-ozone/integration-test/target/test-dir/MiniOzoneClusterImpl-a53f0994-8d29-48d7-8b80-9abc5033b6e0/datanode-2/data/ratis/24e50f28-e6ce-45c8-91e9-731d26cd063c does not exist. Creating ...
2022-10-11 17:33:27,413 [pool-240-thread-1] INFO  storage.RaftStorageDirectory (RaftStorageDirectoryImpl.java:tryLock(230)) - Lock on /home/runner/work/ozone/ozone/hadoop-ozone/integration-test/target/test-dir/MiniOzoneClusterImpl-a53f0994-8d29-48d7-8b80-9abc5033b6e0/datanode-2/data/ratis/24e50f28-e6ce-45c8-91e9-731d26cd063c/in_use.lock acquired by nodename 23825@fv-az255-813
2022-10-11 17:33:27,414 [pool-240-thread-1] INFO  storage.RaftStorage (RaftStorageImpl.java:format(89)) - Storage directory /home/runner/work/ozone/ozone/hadoop-ozone/integration-test/target/test-dir/MiniOzoneClusterImpl-a53f0994-8d29-48d7-8b80-9abc5033b6e0/datanode-2/data/ratis/24e50f28-e6ce-45c8-91e9-731d26cd063c has been successfully formatted.
2022-10-11 17:33:27,414 [pool-240-thread-1] INFO  ratis.ContainerStateMachine (ContainerStateMachine.java:loadSnapshot(236)) - group-731D26CD063C: The snapshot info is null. Setting the last applied indexto:(t:0, i:~)
2022-10-11 17:33:27,415 [pool-240-thread-1] INFO  server.RaftServerConfigKeys (ConfUtils.java:logGet(46)) - raft.server.notification.no-leader.timeout = 300s (custom)
2022-10-11 17:33:27,415 [pool-240-thread-1] INFO  server.RaftServerConfigKeys (ConfUtils.java:logGet(46)) - raft.server.log.use.memory = false (default)
2022-10-11 17:33:27,415 [pool-240-thread-1] INFO  server.RaftServerConfigKeys (ConfUtils.java:logGet(46)) - raft.server.log.purge.gap = 1000000 (custom)
2022-10-11 17:33:27,415 [pool-240-thread-1] INFO  server.RaftServerConfigKeys (ConfUtils.java:logGet(46)) - raft.server.log.appender.buffer.byte-limit = 33554432 (custom)
2022-10-11 17:33:27,418 [EventQueue-PipelineReportForPipelineReportHandler] INFO  pipeline.PipelineManagerImpl (PipelineManagerImpl.java:openPipeline(367)) - Pipeline Pipeline[ Id: 24e50f28-e6ce-45c8-91e9-731d26cd063c, Nodes: 0de9eb11-3db5-450a-a624-fd6bf12412f3{ip: 127.0.0.1, host: localhost, ports: [REPLICATION=44965, RATIS=38277, RATIS_ADMIN=38277, RATIS_SERVER=38277, STANDALONE=43201], networkLocation: /default-rack, certSerialId: null, persistedOpState: IN_SERVICE, persistedOpStateExpiryEpochSec: 0}, ReplicationConfig: RATIS/ONE, State:ALLOCATED, leaderId:0de9eb11-3db5-450a-a624-fd6bf12412f3, CreationTimestamp2022-10-11T17:33:24.417Z[Etc/UTC]] moved to OPEN state
2022-10-11 17:33:27,418 [EventQueue-PipelineReportForPipelineReportHandler] INFO  pipeline.PipelineManagerImpl (PipelineManagerImpl.java:openPipeline(367)) - Pipeline Pipeline[ Id: 24e50f28-e6ce-45c8-91e9-731d26cd063c, Nodes: 0de9eb11-3db5-450a-a624-fd6bf12412f3{ip: 127.0.0.1, host: localhost, ports: [REPLICATION=44965, RATIS=38277, RATIS_ADMIN=38277, RATIS_SERVER=38277, STANDALONE=43201], networkLocation: /default-rack, certSerialId: null, persistedOpState: IN_SERVICE, persistedOpStateExpiryEpochSec: 0}, ReplicationConfig: RATIS/ONE, State:ALLOCATED, leaderId:0de9eb11-3db5-450a-a624-fd6bf12412f3, CreationTimestamp2022-10-11T17:33:24.417Z[Etc/UTC]] moved to OPEN state
2022-10-11 17:33:27,417 [EventQueue-PipelineReportForPipelineReportHandler] INFO  pipeline.PipelineManagerImpl (PipelineManagerImpl.java:openPipeline(367)) - Pipeline Pipeline[ Id: 24e50f28-e6ce-45c8-91e9-731d26cd063c, Nodes: 0de9eb11-3db5-450a-a624-fd6bf12412f3{ip: 127.0.0.1, host: localhost, ports: [REPLICATION=44965, RATIS=38277, RATIS_ADMIN=38277, RATIS_SERVER=38277, STANDALONE=43201], networkLocation: /default-rack, certSerialId: null, persistedOpState: IN_SERVICE, persistedOpStateExpiryEpochSec: 0}, ReplicationConfig: RATIS/ONE, State:ALLOCATED, leaderId:0de9eb11-3db5-450a-a624-fd6bf12412f3, CreationTimestamp2022-10-11T17:33:24.417Z[Etc/UTC]] moved to OPEN state
2022-10-11 17:33:27,420 [pool-240-thread-1] INFO  server.RaftServerConfigKeys (ConfUtils.java:logGet(46)) - raft.server.log.statemachine.data.read.timeout = 1000ms (default)
2022-10-11 17:33:27,420 [pool-240-thread-1] INFO  server.RaftServerConfigKeys (ConfUtils.java:logGet(46)) - raft.server.log.segment.size.max = 1048576 (custom)
2022-10-11 17:33:27,420 [Listener at 127.0.0.1/46797] INFO  ozone.MiniOzoneClusterImpl (MiniOzoneClusterImpl.java:lambda$waitForClusterToBeReady$0(216)) - Nodes are ready. Got 3 of 3 DN Heartbeats.
2022-10-11 17:33:27,421 [Listener at 127.0.0.1/46797] INFO  ozone.MiniOzoneClusterImpl (MiniOzoneClusterImpl.java:lambda$waitForClusterToBeReady$0(219)) - Waiting for cluster to exit safe mode
2022-10-11 17:33:27,421 [Listener at 127.0.0.1/46797] INFO  ozone.MiniOzoneClusterImpl (MiniOzoneClusterImpl.java:lambda$waitForClusterToBeReady$0(221)) - SCM became leader
2022-10-11 17:33:27,420 [pool-240-thread-1] INFO  server.RaftServerConfigKeys (ConfUtils.java:logGet(46)) - raft.server.log.segment.cache.num.max = 2 (custom)
2022-10-11 17:33:27,422 [pool-240-thread-1] INFO  server.RaftServerConfigKeys (ConfUtils.java:logGet(46)) - raft.server.log.segment.cache.size.max = 200MB (=209715200) (default)
2022-10-11 17:33:27,422 [pool-240-thread-1] INFO  segmented.SegmentedRaftLogWorker (SegmentedRaftLogWorker.java:<init>(187)) - new 0de9eb11-3db5-450a-a624-fd6bf12412f3@group-731D26CD063C-SegmentedRaftLogWorker for RaftStorageImpl:Storage Directory /home/runner/work/ozone/ozone/hadoop-ozone/integration-test/target/test-dir/MiniOzoneClusterImpl-a53f0994-8d29-48d7-8b80-9abc5033b6e0/datanode-2/data/ratis/24e50f28-e6ce-45c8-91e9-731d26cd063c
2022-10-11 17:33:27,422 [pool-240-thread-1] INFO  server.RaftServerConfigKeys (ConfUtils.java:logGet(46)) - raft.server.log.queue.byte-limit = 4294967296 (custom)
2022-10-11 17:33:27,422 [pool-240-thread-1] INFO  server.RaftServerConfigKeys (ConfUtils.java:logGet(46)) - raft.server.log.queue.element-limit = 1024 (custom)
2022-10-11 17:33:27,422 [pool-240-thread-1] INFO  server.RaftServerConfigKeys (ConfUtils.java:logGet(46)) - raft.server.log.segment.size.max = 1048576 (custom)
2022-10-11 17:33:27,422 [pool-240-thread-1] INFO  server.RaftServerConfigKeys (ConfUtils.java:logGet(46)) - raft.server.log.preallocated.size = 16384 (custom)
2022-10-11 17:33:27,424 [pool-240-thread-1] INFO  server.RaftServerConfigKeys (ConfUtils.java:logGet(46)) - raft.server.log.force.sync.num = 128 (default)
2022-10-11 17:33:27,424 [pool-240-thread-1] INFO  server.RaftServerConfigKeys (ConfUtils.java:logGet(46)) - raft.server.log.statemachine.data.sync = true (default)
2022-10-11 17:33:27,425 [pool-240-thread-1] INFO  server.RaftServerConfigKeys (ConfUtils.java:logGet(46)) - raft.server.log.statemachine.data.sync.timeout = 10s (default)
2022-10-11 17:33:27,425 [pool-240-thread-1] INFO  server.RaftServerConfigKeys (ConfUtils.java:logGet(46)) - raft.server.log.statemachine.data.sync.timeout.retry = -1 (default)
2022-10-11 17:33:27,427 [eedbf36c-d765-4127-a253-f087b7af9e5f@group-9ABC5033B6E0-StateMachineUpdater] INFO  safemode.HealthyPipelineSafeModeRule (HealthyPipelineSafeModeRule.java:initializeRule(165)) - Refreshed total pipeline count is 0, healthy pipeline threshold count is 1
2022-10-11 17:33:27,428 [EventQueue-OpenPipelineForHealthyPipelineSafeModeRule] INFO  safemode.SCMSafeModeManager (HealthyPipelineSafeModeRule.java:process(137)) - SCM in safe mode. Healthy pipelines reported count is 0, required healthy pipeline reported count is 1
2022-10-11 17:33:27,430 [fa895461-6123-4d7e-a25c-be7d0086d09c@group-9ABC5033B6E0-StateMachineUpdater] INFO  safemode.HealthyPipelineSafeModeRule (HealthyPipelineSafeModeRule.java:initializeRule(165)) - Refreshed total pipeline count is 0, healthy pipeline threshold count is 1
2022-10-11 17:33:27,431 [pool-240-thread-1] INFO  server.RaftServerConfigKeys (ConfUtils.java:logGet(46)) - raft.server.log.write.buffer.size = 1048576 (custom)
2022-10-11 17:33:27,434 [pool-240-thread-1] INFO  server.RaftServerConfigKeys (ConfUtils.java:logGet(46)) - raft.server.log.unsafe-flush.enabled = false (default)
2022-10-11 17:33:27,434 [pool-240-thread-1] INFO  server.RaftServerConfigKeys (ConfUtils.java:logGet(46)) - raft.server.log.statemachine.data.caching.enabled = true (custom)
2022-10-11 17:33:27,434 [pool-240-thread-1] INFO  segmented.SegmentedRaftLogWorker (SegmentedRaftLogWorker.java:lambda$new$0(135)) - 0de9eb11-3db5-450a-a624-fd6bf12412f3@group-731D26CD063C-SegmentedRaftLogWorker: flushIndex: setUnconditionally 0 -> -1
2022-10-11 17:33:27,434 [pool-240-thread-1] INFO  segmented.SegmentedRaftLogWorker (SegmentedRaftLogWorker.java:lambda$new$0(135)) - 0de9eb11-3db5-450a-a624-fd6bf12412f3@group-731D26CD063C-SegmentedRaftLogWorker: safeCacheEvictIndex: setUnconditionally 0 -> -1
2022-10-11 17:33:27,435 [pool-240-thread-1] INFO  server.RaftServerConfigKeys (ConfUtils.java:logGet(46)) - raft.server.snapshot.auto.trigger.enabled = true (custom)
2022-10-11 17:33:27,435 [pool-240-thread-1] INFO  server.RaftServerConfigKeys (ConfUtils.java:logGet(46)) - raft.server.snapshot.auto.trigger.threshold = 10000 (custom)
2022-10-11 17:33:27,436 [pool-240-thread-1] INFO  server.RaftServerConfigKeys (ConfUtils.java:logGet(46)) - raft.server.snapshot.retention.file.num = 5 (custom)
2022-10-11 17:33:27,440 [pool-240-thread-1] INFO  server.RaftServerConfigKeys (ConfUtils.java:logGet(46)) - raft.server.log.purge.upto.snapshot.index = false (default)
2022-10-11 17:33:27,441 [26594dbf-7a18-4bd8-acec-1f08b91ad5e5@group-9ABC5033B6E0-StateMachineUpdater] INFO  safemode.HealthyPipelineSafeModeRule (HealthyPipelineSafeModeRule.java:initializeRule(165)) - Refreshed total pipeline count is 0, healthy pipeline threshold count is 1
2022-10-11 17:33:27,442 [pool-240-thread-1] INFO  server.RaftServerConfigKeys (ConfUtils.java:logGet(46)) - raft.server.retrycache.expirytime = 600000ms (custom)
2022-10-11 17:33:27,442 [pool-240-thread-1] INFO  server.RaftServerConfigKeys (ConfUtils.java:logGet(46)) - raft.server.retrycache.statistics.expirytime = 100μs (default)
2022-10-11 17:33:27,443 [pool-240-thread-1] INFO  server.RaftServerConfigKeys (ConfUtils.java:logGet(46)) - raft.server.log.appender.install.snapshot.enabled = false (custom)
2022-10-11 17:33:27,443 [pool-240-thread-1] INFO  server.RaftServerConfigKeys (ConfUtils.java:logGet(46)) - raft.server.threadpool.server.cached = true (default)
2022-10-11 17:33:27,443 [pool-240-thread-1] INFO  server.RaftServerConfigKeys (ConfUtils.java:logGet(46)) - raft.server.threadpool.server.size = 0 (default)
2022-10-11 17:33:27,443 [pool-240-thread-1] INFO  server.RaftServerConfigKeys (ConfUtils.java:logGet(46)) - raft.server.threadpool.client.cached = true (default)
2022-10-11 17:33:27,443 [pool-240-thread-1] INFO  server.RaftServerConfigKeys (ConfUtils.java:logGet(46)) - raft.server.threadpool.client.size = 0 (default)
2022-10-11 17:33:27,444 [pool-240-thread-1] INFO  server.RaftServer$Division (RaftServerImpl.java:start(310)) - 0de9eb11-3db5-450a-a624-fd6bf12412f3@group-731D26CD063C: start as a follower, conf=-1: [0de9eb11-3db5-450a-a624-fd6bf12412f3|rpc:127.0.0.1:38277|priority:1], old=null
2022-10-11 17:33:27,444 [pool-240-thread-1] INFO  server.RaftServer$Division (RaftServerImpl.java:setRole(299)) - 0de9eb11-3db5-450a-a624-fd6bf12412f3@group-731D26CD063C: changes role from      null to FOLLOWER at term 0 for startAsFollower
2022-10-11 17:33:27,444 [pool-240-thread-1] INFO  impl.RoleInfo (RoleInfo.java:updateAndGet(139)) - 0de9eb11-3db5-450a-a624-fd6bf12412f3: start 0de9eb11-3db5-450a-a624-fd6bf12412f3@group-731D26CD063C-FollowerState
2022-10-11 17:33:27,444 [pool-240-thread-1] INFO  util.JmxRegister (JmxRegister.java:tryRegister(44)) - Successfully registered JMX Bean with object name Ratis:service=RaftServer,group=group-731D26CD063C,id=0de9eb11-3db5-450a-a624-fd6bf12412f3
2022-10-11 17:33:27,445 [Command processor thread] INFO  ratis.XceiverServerRatis (XceiverServerRatis.java:addGroup(765)) - Created group PipelineID=24e50f28-e6ce-45c8-91e9-731d26cd063c
2022-10-11 17:33:27,445 [Command processor thread] INFO  commandhandler.CreatePipelineCommandHandler (CreatePipelineCommandHandler.java:handle(113)) - Created Pipeline RATIS ONE PipelineID=24e50f28-e6ce-45c8-91e9-731d26cd063c.
2022-10-11 17:33:28,421 [Listener at 127.0.0.1/46797] INFO  ozone.MiniOzoneClusterImpl (MiniOzoneClusterImpl.java:lambda$waitForClusterToBeReady$0(216)) - Nodes are ready. Got 3 of 3 DN Heartbeats.
2022-10-11 17:33:28,421 [Listener at 127.0.0.1/46797] INFO  ozone.MiniOzoneClusterImpl (MiniOzoneClusterImpl.java:lambda$waitForClusterToBeReady$0(219)) - Waiting for cluster to exit safe mode
2022-10-11 17:33:28,421 [Listener at 127.0.0.1/46797] INFO  ozone.MiniOzoneClusterImpl (MiniOzoneClusterImpl.java:lambda$waitForClusterToBeReady$0(221)) - SCM became leader
2022-10-11 17:33:29,422 [Listener at 127.0.0.1/46797] INFO  ozone.MiniOzoneClusterImpl (MiniOzoneClusterImpl.java:lambda$waitForClusterToBeReady$0(216)) - Nodes are ready. Got 3 of 3 DN Heartbeats.
2022-10-11 17:33:29,422 [Listener at 127.0.0.1/46797] INFO  ozone.MiniOzoneClusterImpl (MiniOzoneClusterImpl.java:lambda$waitForClusterToBeReady$0(219)) - Waiting for cluster to exit safe mode
2022-10-11 17:33:29,422 [Listener at 127.0.0.1/46797] INFO  ozone.MiniOzoneClusterImpl (MiniOzoneClusterImpl.java:lambda$waitForClusterToBeReady$0(221)) - SCM became leader
2022-10-11 17:33:30,422 [Listener at 127.0.0.1/46797] INFO  ozone.MiniOzoneClusterImpl (MiniOzoneClusterImpl.java:lambda$waitForClusterToBeReady$0(216)) - Nodes are ready. Got 3 of 3 DN Heartbeats.
2022-10-11 17:33:30,422 [Listener at 127.0.0.1/46797] INFO  ozone.MiniOzoneClusterImpl (MiniOzoneClusterImpl.java:lambda$waitForClusterToBeReady$0(219)) - Waiting for cluster to exit safe mode
2022-10-11 17:33:30,422 [Listener at 127.0.0.1/46797] INFO  ozone.MiniOzoneClusterImpl (MiniOzoneClusterImpl.java:lambda$waitForClusterToBeReady$0(221)) - SCM became leader
2022-10-11 17:33:31,423 [Listener at 127.0.0.1/46797] INFO  ozone.MiniOzoneClusterImpl (MiniOzoneClusterImpl.java:lambda$waitForClusterToBeReady$0(216)) - Nodes are ready. Got 3 of 3 DN Heartbeats.
2022-10-11 17:33:31,423 [Listener at 127.0.0.1/46797] INFO  ozone.MiniOzoneClusterImpl (MiniOzoneClusterImpl.java:lambda$waitForClusterToBeReady$0(219)) - Waiting for cluster to exit safe mode
2022-10-11 17:33:31,423 [Listener at 127.0.0.1/46797] INFO  ozone.MiniOzoneClusterImpl (MiniOzoneClusterImpl.java:lambda$waitForClusterToBeReady$0(221)) - SCM became leader
2022-10-11 17:33:31,771 [c6f9d5d6-ce23-4a05-8f31-e64b02be19f7@group-8067FED13D63-FollowerState] INFO  impl.FollowerState (FollowerState.java:run(143)) - c6f9d5d6-ce23-4a05-8f31-e64b02be19f7@group-8067FED13D63-FollowerState: change to CANDIDATE, lastRpcElapsedTime:5134471402ns, electionTimeout:5131ms
2022-10-11 17:33:31,771 [c6f9d5d6-ce23-4a05-8f31-e64b02be19f7@group-8067FED13D63-FollowerState] INFO  impl.RoleInfo (RoleInfo.java:shutdownFollowerState(110)) - c6f9d5d6-ce23-4a05-8f31-e64b02be19f7: shutdown c6f9d5d6-ce23-4a05-8f31-e64b02be19f7@group-8067FED13D63-FollowerState
2022-10-11 17:33:31,771 [c6f9d5d6-ce23-4a05-8f31-e64b02be19f7@group-8067FED13D63-FollowerState] INFO  server.RaftServer$Division (RaftServerImpl.java:setRole(299)) - c6f9d5d6-ce23-4a05-8f31-e64b02be19f7@group-8067FED13D63: changes role from  FOLLOWER to CANDIDATE at term 0 for changeToCandidate
2022-10-11 17:33:31,771 [c6f9d5d6-ce23-4a05-8f31-e64b02be19f7@group-8067FED13D63-FollowerState] INFO  server.RaftServerConfigKeys (ConfUtils.java:logGet(46)) - raft.server.leaderelection.pre-vote = false (custom)
2022-10-11 17:33:31,771 [c6f9d5d6-ce23-4a05-8f31-e64b02be19f7@group-8067FED13D63-FollowerState] INFO  impl.RoleInfo (RoleInfo.java:updateAndGet(139)) - c6f9d5d6-ce23-4a05-8f31-e64b02be19f7: start c6f9d5d6-ce23-4a05-8f31-e64b02be19f7@group-8067FED13D63-LeaderElection8
2022-10-11 17:33:31,777 [c6f9d5d6-ce23-4a05-8f31-e64b02be19f7@group-8067FED13D63-LeaderElection8] INFO  impl.LeaderElection (LeaderElection.java:askForVotes(310)) - c6f9d5d6-ce23-4a05-8f31-e64b02be19f7@group-8067FED13D63-LeaderElection8 ELECTION round 0: submit vote requests at term 1 for -1: [c6f9d5d6-ce23-4a05-8f31-e64b02be19f7|rpc:127.0.0.1:42011|priority:1], old=null
2022-10-11 17:33:31,777 [c6f9d5d6-ce23-4a05-8f31-e64b02be19f7@group-8067FED13D63-LeaderElection8] INFO  impl.LeaderElection (LeaderElection.java:askForVotes(312)) - c6f9d5d6-ce23-4a05-8f31-e64b02be19f7@group-8067FED13D63-LeaderElection8 ELECTION round 0: result PASSED (term=1)
2022-10-11 17:33:31,777 [c6f9d5d6-ce23-4a05-8f31-e64b02be19f7@group-8067FED13D63-LeaderElection8] INFO  impl.RoleInfo (RoleInfo.java:shutdownLeaderElection(130)) - c6f9d5d6-ce23-4a05-8f31-e64b02be19f7: shutdown c6f9d5d6-ce23-4a05-8f31-e64b02be19f7@group-8067FED13D63-LeaderElection8
2022-10-11 17:33:31,777 [c6f9d5d6-ce23-4a05-8f31-e64b02be19f7@group-8067FED13D63-LeaderElection8] INFO  server.RaftServer$Division (RaftServerImpl.java:setRole(299)) - c6f9d5d6-ce23-4a05-8f31-e64b02be19f7@group-8067FED13D63: changes role from CANDIDATE to LEADER at term 1 for changeToLeader
2022-10-11 17:33:31,777 [c6f9d5d6-ce23-4a05-8f31-e64b02be19f7@group-8067FED13D63-LeaderElection8] INFO  ratis.XceiverServerRatis (XceiverServerRatis.java:handleLeaderChangedNotification(863)) - Leader change notification received for group: group-8067FED13D63 with new leaderId: c6f9d5d6-ce23-4a05-8f31-e64b02be19f7
2022-10-11 17:33:31,777 [c6f9d5d6-ce23-4a05-8f31-e64b02be19f7@group-8067FED13D63-LeaderElection8] INFO  server.RaftServer$Division (ServerState.java:setLeader(287)) - c6f9d5d6-ce23-4a05-8f31-e64b02be19f7@group-8067FED13D63: change Leader from null to c6f9d5d6-ce23-4a05-8f31-e64b02be19f7 at term 1 for becomeLeader, leader elected after 5160ms
2022-10-11 17:33:31,777 [c6f9d5d6-ce23-4a05-8f31-e64b02be19f7@group-8067FED13D63-LeaderElection8] INFO  server.RaftServerConfigKeys (ConfUtils.java:logGet(46)) - raft.server.staging.catchup.gap = 1000 (default)
2022-10-11 17:33:31,778 [c6f9d5d6-ce23-4a05-8f31-e64b02be19f7@group-8067FED13D63-LeaderElection8] INFO  server.RaftServerConfigKeys (ConfUtils.java:logGet(46)) - raft.server.write.element-limit = 1024 (custom)
2022-10-11 17:33:31,778 [c6f9d5d6-ce23-4a05-8f31-e64b02be19f7@group-8067FED13D63-LeaderElection8] INFO  server.RaftServerConfigKeys (ConfUtils.java:logGet(46)) - raft.server.write.byte-limit = 1024 M (=1073741824) (custom)
2022-10-11 17:33:31,778 [c6f9d5d6-ce23-4a05-8f31-e64b02be19f7@group-8067FED13D63-LeaderElection8] INFO  server.RaftServerConfigKeys (ConfUtils.java:logGet(46)) - raft.server.watch.timeout = 180s (custom)
2022-10-11 17:33:31,778 [c6f9d5d6-ce23-4a05-8f31-e64b02be19f7@group-8067FED13D63-LeaderElection8] INFO  server.RaftServerConfigKeys (ConfUtils.java:logGet(46)) - raft.server.watch.timeout.denomination = 1s (default)
2022-10-11 17:33:31,778 [c6f9d5d6-ce23-4a05-8f31-e64b02be19f7@group-8067FED13D63-LeaderElection8] INFO  server.RaftServerConfigKeys (ConfUtils.java:logGet(46)) - raft.server.watch.element-limit = 65536 (default)
2022-10-11 17:33:31,778 [c6f9d5d6-ce23-4a05-8f31-e64b02be19f7@group-8067FED13D63-LeaderElection8] INFO  server.RaftServerConfigKeys (ConfUtils.java:logGet(46)) - raft.server.write.element-limit = 1024 (custom)
2022-10-11 17:33:31,778 [c6f9d5d6-ce23-4a05-8f31-e64b02be19f7@group-8067FED13D63-LeaderElection8] INFO  server.RaftServerConfigKeys (ConfUtils.java:logGet(46)) - raft.server.write.follower.gap.ratio.max = -1.0 (default)
2022-10-11 17:33:31,779 [c6f9d5d6-ce23-4a05-8f31-e64b02be19f7@group-8067FED13D63-LeaderElection8] INFO  impl.RoleInfo (RoleInfo.java:updateAndGet(139)) - c6f9d5d6-ce23-4a05-8f31-e64b02be19f7: start c6f9d5d6-ce23-4a05-8f31-e64b02be19f7@group-8067FED13D63-LeaderStateImpl
2022-10-11 17:33:31,779 [c6f9d5d6-ce23-4a05-8f31-e64b02be19f7@group-8067FED13D63-LeaderElection8] INFO  segmented.SegmentedRaftLogWorker (SegmentedRaftLogWorker.java:startLogSegment(425)) - c6f9d5d6-ce23-4a05-8f31-e64b02be19f7@group-8067FED13D63-SegmentedRaftLogWorker: Starting segment from index:0
2022-10-11 17:33:31,780 [c6f9d5d6-ce23-4a05-8f31-e64b02be19f7@group-8067FED13D63-SegmentedRaftLogWorker] INFO  segmented.SegmentedRaftLogWorker (SegmentedRaftLogWorker.java:execute(629)) - c6f9d5d6-ce23-4a05-8f31-e64b02be19f7@group-8067FED13D63-SegmentedRaftLogWorker: created new log segment /home/runner/work/ozone/ozone/hadoop-ozone/integration-test/target/test-dir/MiniOzoneClusterImpl-a53f0994-8d29-48d7-8b80-9abc5033b6e0/datanode-0/data/ratis/dc897bd4-b8eb-4979-81bd-8067fed13d63/current/log_inprogress_0
2022-10-11 17:33:31,783 [EventQueue-OpenPipelineForHealthyPipelineSafeModeRule] INFO  safemode.SCMSafeModeManager (HealthyPipelineSafeModeRule.java:process(137)) - SCM in safe mode. Healthy pipelines reported count is 0, required healthy pipeline reported count is 1
2022-10-11 17:33:31,783 [EventQueue-OpenPipelineForHealthyPipelineSafeModeRule] INFO  safemode.SCMSafeModeManager (HealthyPipelineSafeModeRule.java:process(137)) - SCM in safe mode. Healthy pipelines reported count is 0, required healthy pipeline reported count is 1
2022-10-11 17:33:31,784 [EventQueue-OpenPipelineForHealthyPipelineSafeModeRule] INFO  safemode.SCMSafeModeManager (HealthyPipelineSafeModeRule.java:process(137)) - SCM in safe mode. Healthy pipelines reported count is 0, required healthy pipeline reported count is 1
2022-10-11 17:33:31,786 [c6f9d5d6-ce23-4a05-8f31-e64b02be19f7@group-8067FED13D63-LeaderElection8] INFO  server.RaftServer$Division (ServerState.java:setRaftConf(393)) - c6f9d5d6-ce23-4a05-8f31-e64b02be19f7@group-8067FED13D63: set configuration 0: [c6f9d5d6-ce23-4a05-8f31-e64b02be19f7|rpc:127.0.0.1:42011|dataStream:|priority:1], old=null
2022-10-11 17:33:31,884 [c6f9d5d6-ce23-4a05-8f31-e64b02be19f7@group-E436AA9D509D-FollowerState] INFO  impl.FollowerState (FollowerState.java:run(143)) - c6f9d5d6-ce23-4a05-8f31-e64b02be19f7@group-E436AA9D509D-FollowerState: change to CANDIDATE, lastRpcElapsedTime:5181167706ns, electionTimeout:5180ms
2022-10-11 17:33:31,885 [c6f9d5d6-ce23-4a05-8f31-e64b02be19f7@group-E436AA9D509D-FollowerState] INFO  impl.RoleInfo (RoleInfo.java:shutdownFollowerState(110)) - c6f9d5d6-ce23-4a05-8f31-e64b02be19f7: shutdown c6f9d5d6-ce23-4a05-8f31-e64b02be19f7@group-E436AA9D509D-FollowerState
2022-10-11 17:33:31,885 [c6f9d5d6-ce23-4a05-8f31-e64b02be19f7@group-E436AA9D509D-FollowerState] INFO  server.RaftServer$Division (RaftServerImpl.java:setRole(299)) - c6f9d5d6-ce23-4a05-8f31-e64b02be19f7@group-E436AA9D509D: changes role from  FOLLOWER to CANDIDATE at term 0 for changeToCandidate
2022-10-11 17:33:31,885 [c6f9d5d6-ce23-4a05-8f31-e64b02be19f7@group-E436AA9D509D-FollowerState] INFO  server.RaftServerConfigKeys (ConfUtils.java:logGet(46)) - raft.server.leaderelection.pre-vote = false (custom)
2022-10-11 17:33:31,885 [c6f9d5d6-ce23-4a05-8f31-e64b02be19f7@group-E436AA9D509D-FollowerState] INFO  impl.RoleInfo (RoleInfo.java:updateAndGet(139)) - c6f9d5d6-ce23-4a05-8f31-e64b02be19f7: start c6f9d5d6-ce23-4a05-8f31-e64b02be19f7@group-E436AA9D509D-LeaderElection9
2022-10-11 17:33:31,890 [c6f9d5d6-ce23-4a05-8f31-e64b02be19f7@group-E436AA9D509D-LeaderElection9] INFO  impl.LeaderElection (LeaderElection.java:askForVotes(310)) - c6f9d5d6-ce23-4a05-8f31-e64b02be19f7@group-E436AA9D509D-LeaderElection9 ELECTION round 0: submit vote requests at term 1 for -1: [c6f9d5d6-ce23-4a05-8f31-e64b02be19f7|rpc:127.0.0.1:42011|priority:0, 0de9eb11-3db5-450a-a624-fd6bf12412f3|rpc:127.0.0.1:38277|priority:0, a4eb97e2-c085-4a03-847a-2990f025d514|rpc:127.0.0.1:43867|priority:1], old=null
2022-10-11 17:33:31,907 [grpc-default-executor-2] INFO  server.RaftServer$Division (RaftServerImpl.java:requestVote(1152)) - a4eb97e2-c085-4a03-847a-2990f025d514@group-E436AA9D509D: receive requestVote(ELECTION, c6f9d5d6-ce23-4a05-8f31-e64b02be19f7, group-E436AA9D509D, 1, (t:0, i:0))
2022-10-11 17:33:31,907 [grpc-default-executor-1] INFO  server.RaftServer$Division (RaftServerImpl.java:requestVote(1152)) - 0de9eb11-3db5-450a-a624-fd6bf12412f3@group-E436AA9D509D: receive requestVote(ELECTION, c6f9d5d6-ce23-4a05-8f31-e64b02be19f7, group-E436AA9D509D, 1, (t:0, i:0))
2022-10-11 17:33:31,907 [grpc-default-executor-2] INFO  impl.VoteContext (VoteContext.java:log(48)) - a4eb97e2-c085-4a03-847a-2990f025d514@group-E436AA9D509D-FOLLOWER: reject ELECTION from c6f9d5d6-ce23-4a05-8f31-e64b02be19f7: our priority 1 > candidate's priority 0
2022-10-11 17:33:31,907 [grpc-default-executor-1] INFO  impl.VoteContext (VoteContext.java:log(48)) - 0de9eb11-3db5-450a-a624-fd6bf12412f3@group-E436AA9D509D-FOLLOWER: accept ELECTION from c6f9d5d6-ce23-4a05-8f31-e64b02be19f7: our priority 0 <= candidate's priority 0
2022-10-11 17:33:31,907 [grpc-default-executor-1] INFO  server.RaftServer$Division (RaftServerImpl.java:setRole(299)) - 0de9eb11-3db5-450a-a624-fd6bf12412f3@group-E436AA9D509D: changes role from  FOLLOWER to FOLLOWER at term 1 for candidate:c6f9d5d6-ce23-4a05-8f31-e64b02be19f7
2022-10-11 17:33:31,908 [grpc-default-executor-1] INFO  impl.RoleInfo (RoleInfo.java:shutdownFollowerState(110)) - 0de9eb11-3db5-450a-a624-fd6bf12412f3: shutdown 0de9eb11-3db5-450a-a624-fd6bf12412f3@group-E436AA9D509D-FollowerState
2022-10-11 17:33:31,907 [grpc-default-executor-2] INFO  server.RaftServer$Division (RaftServerImpl.java:setRole(299)) - a4eb97e2-c085-4a03-847a-2990f025d514@group-E436AA9D509D: changes role from  FOLLOWER to FOLLOWER at term 1 for candidate:c6f9d5d6-ce23-4a05-8f31-e64b02be19f7
2022-10-11 17:33:31,909 [grpc-default-executor-1] INFO  impl.RoleInfo (RoleInfo.java:updateAndGet(139)) - 0de9eb11-3db5-450a-a624-fd6bf12412f3: start 0de9eb11-3db5-450a-a624-fd6bf12412f3@group-E436AA9D509D-FollowerState
2022-10-11 17:33:31,909 [grpc-default-executor-2] INFO  impl.RoleInfo (RoleInfo.java:shutdownFollowerState(110)) - a4eb97e2-c085-4a03-847a-2990f025d514: shutdown a4eb97e2-c085-4a03-847a-2990f025d514@group-E436AA9D509D-FollowerState
2022-10-11 17:33:31,909 [0de9eb11-3db5-450a-a624-fd6bf12412f3@group-E436AA9D509D-FollowerState] INFO  impl.FollowerState (FollowerState.java:run(152)) - 0de9eb11-3db5-450a-a624-fd6bf12412f3@group-E436AA9D509D-FollowerState was interrupted
2022-10-11 17:33:31,916 [a4eb97e2-c085-4a03-847a-2990f025d514@group-E436AA9D509D-FollowerState] INFO  impl.FollowerState (FollowerState.java:run(152)) - a4eb97e2-c085-4a03-847a-2990f025d514@group-E436AA9D509D-FollowerState was interrupted
2022-10-11 17:33:31,916 [grpc-default-executor-2] INFO  impl.RoleInfo (RoleInfo.java:updateAndGet(139)) - a4eb97e2-c085-4a03-847a-2990f025d514: start a4eb97e2-c085-4a03-847a-2990f025d514@group-E436AA9D509D-FollowerState
2022-10-11 17:33:31,917 [grpc-default-executor-1] INFO  server.RaftServer$Division (RaftServerImpl.java:requestVote(1184)) - 0de9eb11-3db5-450a-a624-fd6bf12412f3@group-E436AA9D509D replies to ELECTION vote request: c6f9d5d6-ce23-4a05-8f31-e64b02be19f7<-0de9eb11-3db5-450a-a624-fd6bf12412f3#0:OK-t1. Peer's state: 0de9eb11-3db5-450a-a624-fd6bf12412f3@group-E436AA9D509D:t1, leader=null, voted=c6f9d5d6-ce23-4a05-8f31-e64b02be19f7, raftlog=0de9eb11-3db5-450a-a624-fd6bf12412f3@group-E436AA9D509D-SegmentedRaftLog:OPENED:c-1, conf=-1: [c6f9d5d6-ce23-4a05-8f31-e64b02be19f7|rpc:127.0.0.1:42011|dataStream:|priority:0, 0de9eb11-3db5-450a-a624-fd6bf12412f3|rpc:127.0.0.1:38277|dataStream:|priority:0, a4eb97e2-c085-4a03-847a-2990f025d514|rpc:127.0.0.1:43867|dataStream:|priority:1], old=null
2022-10-11 17:33:31,919 [grpc-default-executor-2] INFO  server.RaftServer$Division (RaftServerImpl.java:requestVote(1184)) - a4eb97e2-c085-4a03-847a-2990f025d514@group-E436AA9D509D replies to ELECTION vote request: c6f9d5d6-ce23-4a05-8f31-e64b02be19f7<-a4eb97e2-c085-4a03-847a-2990f025d514#0:FAIL-t1. Peer's state: a4eb97e2-c085-4a03-847a-2990f025d514@group-E436AA9D509D:t1, leader=null, voted=null, raftlog=a4eb97e2-c085-4a03-847a-2990f025d514@group-E436AA9D509D-SegmentedRaftLog:OPENED:c-1, conf=-1: [c6f9d5d6-ce23-4a05-8f31-e64b02be19f7|rpc:127.0.0.1:42011|dataStream:|priority:0, 0de9eb11-3db5-450a-a624-fd6bf12412f3|rpc:127.0.0.1:38277|dataStream:|priority:0, a4eb97e2-c085-4a03-847a-2990f025d514|rpc:127.0.0.1:43867|dataStream:|priority:1], old=null
2022-10-11 17:33:31,922 [c6f9d5d6-ce23-4a05-8f31-e64b02be19f7@group-E436AA9D509D-LeaderElection9] INFO  impl.LeaderElection (LeaderElection.java:logAndReturn(90)) - c6f9d5d6-ce23-4a05-8f31-e64b02be19f7@group-E436AA9D509D-LeaderElection9: ELECTION REJECTED received 1 response(s) and 0 exception(s):
2022-10-11 17:33:31,922 [c6f9d5d6-ce23-4a05-8f31-e64b02be19f7@group-E436AA9D509D-LeaderElection9] INFO  impl.LeaderElection (LeaderElection.java:logAndReturn(94)) -   Response 0: c6f9d5d6-ce23-4a05-8f31-e64b02be19f7<-a4eb97e2-c085-4a03-847a-2990f025d514#0:FAIL-t1
2022-10-11 17:33:31,923 [c6f9d5d6-ce23-4a05-8f31-e64b02be19f7@group-E436AA9D509D-LeaderElection9] INFO  impl.LeaderElection (LeaderElection.java:askForVotes(312)) - c6f9d5d6-ce23-4a05-8f31-e64b02be19f7@group-E436AA9D509D-LeaderElection9 ELECTION round 0: result REJECTED
2022-10-11 17:33:31,923 [c6f9d5d6-ce23-4a05-8f31-e64b02be19f7@group-E436AA9D509D-LeaderElection9] INFO  server.RaftServer$Division (RaftServerImpl.java:setRole(299)) - c6f9d5d6-ce23-4a05-8f31-e64b02be19f7@group-E436AA9D509D: changes role from CANDIDATE to FOLLOWER at term 1 for REJECTED
2022-10-11 17:33:31,923 [c6f9d5d6-ce23-4a05-8f31-e64b02be19f7@group-E436AA9D509D-LeaderElection9] INFO  impl.RoleInfo (RoleInfo.java:shutdownLeaderElection(130)) - c6f9d5d6-ce23-4a05-8f31-e64b02be19f7: shutdown c6f9d5d6-ce23-4a05-8f31-e64b02be19f7@group-E436AA9D509D-LeaderElection9
2022-10-11 17:33:31,923 [c6f9d5d6-ce23-4a05-8f31-e64b02be19f7@group-E436AA9D509D-LeaderElection9] INFO  impl.RoleInfo (RoleInfo.java:updateAndGet(139)) - c6f9d5d6-ce23-4a05-8f31-e64b02be19f7: start c6f9d5d6-ce23-4a05-8f31-e64b02be19f7@group-E436AA9D509D-FollowerState
2022-10-11 17:33:32,123 [a4eb97e2-c085-4a03-847a-2990f025d514@group-7EC0B1F630C1-FollowerState] INFO  impl.FollowerState (FollowerState.java:run(143)) - a4eb97e2-c085-4a03-847a-2990f025d514@group-7EC0B1F630C1-FollowerState: change to CANDIDATE, lastRpcElapsedTime:5002087941ns, electionTimeout:5001ms
2022-10-11 17:33:32,124 [a4eb97e2-c085-4a03-847a-2990f025d514@group-7EC0B1F630C1-FollowerState] INFO  impl.RoleInfo (RoleInfo.java:shutdownFollowerState(110)) - a4eb97e2-c085-4a03-847a-2990f025d514: shutdown a4eb97e2-c085-4a03-847a-2990f025d514@group-7EC0B1F630C1-FollowerState
2022-10-11 17:33:32,124 [a4eb97e2-c085-4a03-847a-2990f025d514@group-7EC0B1F630C1-FollowerState] INFO  server.RaftServer$Division (RaftServerImpl.java:setRole(299)) - a4eb97e2-c085-4a03-847a-2990f025d514@group-7EC0B1F630C1: changes role from  FOLLOWER to CANDIDATE at term 0 for changeToCandidate
2022-10-11 17:33:32,125 [a4eb97e2-c085-4a03-847a-2990f025d514@group-7EC0B1F630C1-FollowerState] INFO  server.RaftServerConfigKeys (ConfUtils.java:logGet(46)) - raft.server.leaderelection.pre-vote = false (custom)
2022-10-11 17:33:32,125 [a4eb97e2-c085-4a03-847a-2990f025d514@group-7EC0B1F630C1-FollowerState] INFO  impl.RoleInfo (RoleInfo.java:updateAndGet(139)) - a4eb97e2-c085-4a03-847a-2990f025d514: start a4eb97e2-c085-4a03-847a-2990f025d514@group-7EC0B1F630C1-LeaderElection10
2022-10-11 17:33:32,130 [a4eb97e2-c085-4a03-847a-2990f025d514@group-7EC0B1F630C1-LeaderElection10] INFO  impl.LeaderElection (LeaderElection.java:askForVotes(310)) - a4eb97e2-c085-4a03-847a-2990f025d514@group-7EC0B1F630C1-LeaderElection10 ELECTION round 0: submit vote requests at term 1 for -1: [c6f9d5d6-ce23-4a05-8f31-e64b02be19f7|rpc:127.0.0.1:42011|priority:1, 0de9eb11-3db5-450a-a624-fd6bf12412f3|rpc:127.0.0.1:38277|priority:0, a4eb97e2-c085-4a03-847a-2990f025d514|rpc:127.0.0.1:43867|priority:0], old=null
2022-10-11 17:33:32,148 [grpc-default-executor-2] INFO  server.RaftServer$Division (RaftServerImpl.java:requestVote(1152)) - 0de9eb11-3db5-450a-a624-fd6bf12412f3@group-7EC0B1F630C1: receive requestVote(ELECTION, a4eb97e2-c085-4a03-847a-2990f025d514, group-7EC0B1F630C1, 1, (t:0, i:0))
2022-10-11 17:33:32,148 [grpc-default-executor-2] INFO  impl.VoteContext (VoteContext.java:log(48)) - 0de9eb11-3db5-450a-a624-fd6bf12412f3@group-7EC0B1F630C1-FOLLOWER: accept ELECTION from a4eb97e2-c085-4a03-847a-2990f025d514: our priority 0 <= candidate's priority 0
2022-10-11 17:33:32,148 [grpc-default-executor-2] INFO  server.RaftServer$Division (RaftServerImpl.java:setRole(299)) - 0de9eb11-3db5-450a-a624-fd6bf12412f3@group-7EC0B1F630C1: changes role from  FOLLOWER to FOLLOWER at term 1 for candidate:a4eb97e2-c085-4a03-847a-2990f025d514
2022-10-11 17:33:32,148 [grpc-default-executor-2] INFO  impl.RoleInfo (RoleInfo.java:shutdownFollowerState(110)) - 0de9eb11-3db5-450a-a624-fd6bf12412f3: shutdown 0de9eb11-3db5-450a-a624-fd6bf12412f3@group-7EC0B1F630C1-FollowerState
2022-10-11 17:33:32,149 [0de9eb11-3db5-450a-a624-fd6bf12412f3@group-7EC0B1F630C1-FollowerState] INFO  impl.FollowerState (FollowerState.java:run(152)) - 0de9eb11-3db5-450a-a624-fd6bf12412f3@group-7EC0B1F630C1-FollowerState was interrupted
2022-10-11 17:33:32,149 [grpc-default-executor-2] INFO  impl.RoleInfo (RoleInfo.java:updateAndGet(139)) - 0de9eb11-3db5-450a-a624-fd6bf12412f3: start 0de9eb11-3db5-450a-a624-fd6bf12412f3@group-7EC0B1F630C1-FollowerState
2022-10-11 17:33:32,151 [grpc-default-executor-2] INFO  server.RaftServer$Division (RaftServerImpl.java:requestVote(1184)) - 0de9eb11-3db5-450a-a624-fd6bf12412f3@group-7EC0B1F630C1 replies to ELECTION vote request: a4eb97e2-c085-4a03-847a-2990f025d514<-0de9eb11-3db5-450a-a624-fd6bf12412f3#0:OK-t1. Peer's state: 0de9eb11-3db5-450a-a624-fd6bf12412f3@group-7EC0B1F630C1:t1, leader=null, voted=a4eb97e2-c085-4a03-847a-2990f025d514, raftlog=0de9eb11-3db5-450a-a624-fd6bf12412f3@group-7EC0B1F630C1-SegmentedRaftLog:OPENED:c-1, conf=-1: [c6f9d5d6-ce23-4a05-8f31-e64b02be19f7|rpc:127.0.0.1:42011|dataStream:|priority:1, 0de9eb11-3db5-450a-a624-fd6bf12412f3|rpc:127.0.0.1:38277|dataStream:|priority:0, a4eb97e2-c085-4a03-847a-2990f025d514|rpc:127.0.0.1:43867|dataStream:|priority:0], old=null
2022-10-11 17:33:32,161 [grpc-default-executor-2] INFO  server.RaftServer$Division (RaftServerImpl.java:requestVote(1152)) - c6f9d5d6-ce23-4a05-8f31-e64b02be19f7@group-7EC0B1F630C1: receive requestVote(ELECTION, a4eb97e2-c085-4a03-847a-2990f025d514, group-7EC0B1F630C1, 1, (t:0, i:0))
2022-10-11 17:33:32,161 [grpc-default-executor-2] INFO  impl.VoteContext (VoteContext.java:log(48)) - c6f9d5d6-ce23-4a05-8f31-e64b02be19f7@group-7EC0B1F630C1-FOLLOWER: reject ELECTION from a4eb97e2-c085-4a03-847a-2990f025d514: our priority 1 > candidate's priority 0
2022-10-11 17:33:32,161 [grpc-default-executor-2] INFO  server.RaftServer$Division (RaftServerImpl.java:setRole(299)) - c6f9d5d6-ce23-4a05-8f31-e64b02be19f7@group-7EC0B1F630C1: changes role from  FOLLOWER to FOLLOWER at term 1 for candidate:a4eb97e2-c085-4a03-847a-2990f025d514
2022-10-11 17:33:32,161 [grpc-default-executor-2] INFO  impl.RoleInfo (RoleInfo.java:shutdownFollowerState(110)) - c6f9d5d6-ce23-4a05-8f31-e64b02be19f7: shutdown c6f9d5d6-ce23-4a05-8f31-e64b02be19f7@group-7EC0B1F630C1-FollowerState
2022-10-11 17:33:32,161 [grpc-default-executor-2] INFO  impl.RoleInfo (RoleInfo.java:updateAndGet(139)) - c6f9d5d6-ce23-4a05-8f31-e64b02be19f7: start c6f9d5d6-ce23-4a05-8f31-e64b02be19f7@group-7EC0B1F630C1-FollowerState
2022-10-11 17:33:32,161 [c6f9d5d6-ce23-4a05-8f31-e64b02be19f7@group-7EC0B1F630C1-FollowerState] INFO  impl.FollowerState (FollowerState.java:run(152)) - c6f9d5d6-ce23-4a05-8f31-e64b02be19f7@group-7EC0B1F630C1-FollowerState was interrupted
2022-10-11 17:33:32,167 [grpc-default-executor-2] INFO  server.RaftServer$Division (RaftServerImpl.java:requestVote(1184)) - c6f9d5d6-ce23-4a05-8f31-e64b02be19f7@group-7EC0B1F630C1 replies to ELECTION vote request: a4eb97e2-c085-4a03-847a-2990f025d514<-c6f9d5d6-ce23-4a05-8f31-e64b02be19f7#0:FAIL-t1. Peer's state: c6f9d5d6-ce23-4a05-8f31-e64b02be19f7@group-7EC0B1F630C1:t1, leader=null, voted=null, raftlog=c6f9d5d6-ce23-4a05-8f31-e64b02be19f7@group-7EC0B1F630C1-SegmentedRaftLog:OPENED:c-1, conf=-1: [c6f9d5d6-ce23-4a05-8f31-e64b02be19f7|rpc:127.0.0.1:42011|priority:1, 0de9eb11-3db5-450a-a624-fd6bf12412f3|rpc:127.0.0.1:38277|priority:0, a4eb97e2-c085-4a03-847a-2990f025d514|rpc:127.0.0.1:43867|priority:0], old=null
2022-10-11 17:33:32,169 [a4eb97e2-c085-4a03-847a-2990f025d514@group-7EC0B1F630C1-LeaderElection10] INFO  impl.LeaderElection (LeaderElection.java:logAndReturn(90)) - a4eb97e2-c085-4a03-847a-2990f025d514@group-7EC0B1F630C1-LeaderElection10: ELECTION REJECTED received 2 response(s) and 0 exception(s):
2022-10-11 17:33:32,169 [a4eb97e2-c085-4a03-847a-2990f025d514@group-7EC0B1F630C1-LeaderElection10] INFO  impl.LeaderElection (LeaderElection.java:logAndReturn(94)) -   Response 0: a4eb97e2-c085-4a03-847a-2990f025d514<-0de9eb11-3db5-450a-a624-fd6bf12412f3#0:OK-t1
2022-10-11 17:33:32,170 [a4eb97e2-c085-4a03-847a-2990f025d514@group-7EC0B1F630C1-LeaderElection10] INFO  impl.LeaderElection (LeaderElection.java:logAndReturn(94)) -   Response 1: a4eb97e2-c085-4a03-847a-2990f025d514<-c6f9d5d6-ce23-4a05-8f31-e64b02be19f7#0:FAIL-t1
2022-10-11 17:33:32,170 [a4eb97e2-c085-4a03-847a-2990f025d514@group-7EC0B1F630C1-LeaderElection10] INFO  impl.LeaderElection (LeaderElection.java:askForVotes(312)) - a4eb97e2-c085-4a03-847a-2990f025d514@group-7EC0B1F630C1-LeaderElection10 ELECTION round 0: result REJECTED
2022-10-11 17:33:32,170 [a4eb97e2-c085-4a03-847a-2990f025d514@group-7EC0B1F630C1-LeaderElection10] INFO  server.RaftServer$Division (RaftServerImpl.java:setRole(299)) - a4eb97e2-c085-4a03-847a-2990f025d514@group-7EC0B1F630C1: changes role from CANDIDATE to FOLLOWER at term 1 for REJECTED
2022-10-11 17:33:32,170 [a4eb97e2-c085-4a03-847a-2990f025d514@group-7EC0B1F630C1-LeaderElection10] INFO  impl.RoleInfo (RoleInfo.java:shutdownLeaderElection(130)) - a4eb97e2-c085-4a03-847a-2990f025d514: shutdown a4eb97e2-c085-4a03-847a-2990f025d514@group-7EC0B1F630C1-LeaderElection10
2022-10-11 17:33:32,170 [a4eb97e2-c085-4a03-847a-2990f025d514@group-7EC0B1F630C1-LeaderElection10] INFO  impl.RoleInfo (RoleInfo.java:updateAndGet(139)) - a4eb97e2-c085-4a03-847a-2990f025d514: start a4eb97e2-c085-4a03-847a-2990f025d514@group-7EC0B1F630C1-FollowerState
2022-10-11 17:33:32,206 [a4eb97e2-c085-4a03-847a-2990f025d514@group-21CA35C768C7-FollowerState] INFO  impl.FollowerState (FollowerState.java:run(143)) - a4eb97e2-c085-4a03-847a-2990f025d514@group-21CA35C768C7-FollowerState: change to CANDIDATE, lastRpcElapsedTime:5137855124ns, electionTimeout:5135ms
2022-10-11 17:33:32,206 [a4eb97e2-c085-4a03-847a-2990f025d514@group-21CA35C768C7-FollowerState] INFO  impl.RoleInfo (RoleInfo.java:shutdownFollowerState(110)) - a4eb97e2-c085-4a03-847a-2990f025d514: shutdown a4eb97e2-c085-4a03-847a-2990f025d514@group-21CA35C768C7-FollowerState
2022-10-11 17:33:32,207 [a4eb97e2-c085-4a03-847a-2990f025d514@group-21CA35C768C7-FollowerState] INFO  server.RaftServer$Division (RaftServerImpl.java:setRole(299)) - a4eb97e2-c085-4a03-847a-2990f025d514@group-21CA35C768C7: changes role from  FOLLOWER to CANDIDATE at term 0 for changeToCandidate
2022-10-11 17:33:32,207 [a4eb97e2-c085-4a03-847a-2990f025d514@group-21CA35C768C7-FollowerState] INFO  server.RaftServerConfigKeys (ConfUtils.java:logGet(46)) - raft.server.leaderelection.pre-vote = false (custom)
2022-10-11 17:33:32,207 [a4eb97e2-c085-4a03-847a-2990f025d514@group-21CA35C768C7-FollowerState] INFO  impl.RoleInfo (RoleInfo.java:updateAndGet(139)) - a4eb97e2-c085-4a03-847a-2990f025d514: start a4eb97e2-c085-4a03-847a-2990f025d514@group-21CA35C768C7-LeaderElection11
2022-10-11 17:33:32,211 [a4eb97e2-c085-4a03-847a-2990f025d514@group-21CA35C768C7-LeaderElection11] INFO  impl.LeaderElection (LeaderElection.java:askForVotes(310)) - a4eb97e2-c085-4a03-847a-2990f025d514@group-21CA35C768C7-LeaderElection11 ELECTION round 0: submit vote requests at term 1 for -1: [a4eb97e2-c085-4a03-847a-2990f025d514|rpc:127.0.0.1:43867|priority:1], old=null
2022-10-11 17:33:32,211 [a4eb97e2-c085-4a03-847a-2990f025d514@group-21CA35C768C7-LeaderElection11] INFO  impl.LeaderElection (LeaderElection.java:askForVotes(312)) - a4eb97e2-c085-4a03-847a-2990f025d514@group-21CA35C768C7-LeaderElection11 ELECTION round 0: result PASSED (term=1)
2022-10-11 17:33:32,211 [a4eb97e2-c085-4a03-847a-2990f025d514@group-21CA35C768C7-LeaderElection11] INFO  impl.RoleInfo (RoleInfo.java:shutdownLeaderElection(130)) - a4eb97e2-c085-4a03-847a-2990f025d514: shutdown a4eb97e2-c085-4a03-847a-2990f025d514@group-21CA35C768C7-LeaderElection11
2022-10-11 17:33:32,211 [a4eb97e2-c085-4a03-847a-2990f025d514@group-21CA35C768C7-LeaderElection11] INFO  server.RaftServer$Division (RaftServerImpl.java:setRole(299)) - a4eb97e2-c085-4a03-847a-2990f025d514@group-21CA35C768C7: changes role from CANDIDATE to LEADER at term 1 for changeToLeader
2022-10-11 17:33:32,212 [a4eb97e2-c085-4a03-847a-2990f025d514@group-21CA35C768C7-LeaderElection11] INFO  ratis.XceiverServerRatis (XceiverServerRatis.java:handleLeaderChangedNotification(863)) - Leader change notification received for group: group-21CA35C768C7 with new leaderId: a4eb97e2-c085-4a03-847a-2990f025d514
2022-10-11 17:33:32,212 [a4eb97e2-c085-4a03-847a-2990f025d514@group-21CA35C768C7-LeaderElection11] INFO  server.RaftServer$Division (ServerState.java:setLeader(287)) - a4eb97e2-c085-4a03-847a-2990f025d514@group-21CA35C768C7: change Leader from null to a4eb97e2-c085-4a03-847a-2990f025d514 at term 1 for becomeLeader, leader elected after 5184ms
2022-10-11 17:33:32,212 [a4eb97e2-c085-4a03-847a-2990f025d514@group-21CA35C768C7-LeaderElection11] INFO  server.RaftServerConfigKeys (ConfUtils.java:logGet(46)) - raft.server.staging.catchup.gap = 1000 (default)
2022-10-11 17:33:32,213 [a4eb97e2-c085-4a03-847a-2990f025d514@group-21CA35C768C7-LeaderElection11] INFO  server.RaftServerConfigKeys (ConfUtils.java:logGet(46)) - raft.server.write.element-limit = 1024 (custom)
2022-10-11 17:33:32,213 [a4eb97e2-c085-4a03-847a-2990f025d514@group-21CA35C768C7-LeaderElection11] INFO  server.RaftServerConfigKeys (ConfUtils.java:logGet(46)) - raft.server.write.byte-limit = 1024 M (=1073741824) (custom)
2022-10-11 17:33:32,214 [a4eb97e2-c085-4a03-847a-2990f025d514@group-21CA35C768C7-LeaderElection11] INFO  server.RaftServerConfigKeys (ConfUtils.java:logGet(46)) - raft.server.watch.timeout = 180s (custom)
2022-10-11 17:33:32,214 [a4eb97e2-c085-4a03-847a-2990f025d514@group-21CA35C768C7-LeaderElection11] INFO  server.RaftServerConfigKeys (ConfUtils.java:logGet(46)) - raft.server.watch.timeout.denomination = 1s (default)
2022-10-11 17:33:32,214 [a4eb97e2-c085-4a03-847a-2990f025d514@group-21CA35C768C7-LeaderElection11] INFO  server.RaftServerConfigKeys (ConfUtils.java:logGet(46)) - raft.server.watch.element-limit = 65536 (default)
2022-10-11 17:33:32,214 [a4eb97e2-c085-4a03-847a-2990f025d514@group-21CA35C768C7-LeaderElection11] INFO  server.RaftServerConfigKeys (ConfUtils.java:logGet(46)) - raft.server.write.element-limit = 1024 (custom)
2022-10-11 17:33:32,214 [a4eb97e2-c085-4a03-847a-2990f025d514@group-21CA35C768C7-LeaderElection11] INFO  server.RaftServerConfigKeys (ConfUtils.java:logGet(46)) - raft.server.write.follower.gap.ratio.max = -1.0 (default)
2022-10-11 17:33:32,215 [EventQueue-OpenPipelineForHealthyPipelineSafeModeRule] INFO  safemode.SCMSafeModeManager (HealthyPipelineSafeModeRule.java:process(137)) - SCM in safe mode. Healthy pipelines reported count is 0, required healthy pipeline reported count is 1
2022-10-11 17:33:32,215 [a4eb97e2-c085-4a03-847a-2990f025d514@group-21CA35C768C7-LeaderElection11] INFO  impl.RoleInfo (RoleInfo.java:updateAndGet(139)) - a4eb97e2-c085-4a03-847a-2990f025d514: start a4eb97e2-c085-4a03-847a-2990f025d514@group-21CA35C768C7-LeaderStateImpl
2022-10-11 17:33:32,215 [EventQueue-OpenPipelineForHealthyPipelineSafeModeRule] INFO  safemode.SCMSafeModeManager (HealthyPipelineSafeModeRule.java:process(137)) - SCM in safe mode. Healthy pipelines reported count is 0, required healthy pipeline reported count is 1
2022-10-11 17:33:32,215 [a4eb97e2-c085-4a03-847a-2990f025d514@group-21CA35C768C7-LeaderElection11] INFO  segmented.SegmentedRaftLogWorker (SegmentedRaftLogWorker.java:startLogSegment(425)) - a4eb97e2-c085-4a03-847a-2990f025d514@group-21CA35C768C7-SegmentedRaftLogWorker: Starting segment from index:0
2022-10-11 17:33:32,216 [EventQueue-OpenPipelineForHealthyPipelineSafeModeRule] INFO  safemode.SCMSafeModeManager (HealthyPipelineSafeModeRule.java:process(137)) - SCM in safe mode. Healthy pipelines reported count is 0, required healthy pipeline reported count is 1
2022-10-11 17:33:32,219 [a4eb97e2-c085-4a03-847a-2990f025d514@group-21CA35C768C7-LeaderElection11] INFO  server.RaftServer$Division (ServerState.java:setRaftConf(393)) - a4eb97e2-c085-4a03-847a-2990f025d514@group-21CA35C768C7: set configuration 0: [a4eb97e2-c085-4a03-847a-2990f025d514|rpc:127.0.0.1:43867|dataStream:|priority:1], old=null
2022-10-11 17:33:32,221 [a4eb97e2-c085-4a03-847a-2990f025d514@group-21CA35C768C7-SegmentedRaftLogWorker] INFO  segmented.SegmentedRaftLogWorker (SegmentedRaftLogWorker.java:execute(629)) - a4eb97e2-c085-4a03-847a-2990f025d514@group-21CA35C768C7-SegmentedRaftLogWorker: created new log segment /home/runner/work/ozone/ozone/hadoop-ozone/integration-test/target/test-dir/MiniOzoneClusterImpl-a53f0994-8d29-48d7-8b80-9abc5033b6e0/datanode-1/data/ratis/373eba6a-abf2-4e32-b279-21ca35c768c7/current/log_inprogress_0
2022-10-11 17:33:32,423 [Listener at 127.0.0.1/46797] INFO  ozone.MiniOzoneClusterImpl (MiniOzoneClusterImpl.java:lambda$waitForClusterToBeReady$0(216)) - Nodes are ready. Got 3 of 3 DN Heartbeats.
2022-10-11 17:33:32,423 [Listener at 127.0.0.1/46797] INFO  ozone.MiniOzoneClusterImpl (MiniOzoneClusterImpl.java:lambda$waitForClusterToBeReady$0(219)) - Waiting for cluster to exit safe mode
2022-10-11 17:33:32,424 [Listener at 127.0.0.1/46797] INFO  ozone.MiniOzoneClusterImpl (MiniOzoneClusterImpl.java:lambda$waitForClusterToBeReady$0(221)) - SCM became leader
2022-10-11 17:33:32,624 [0de9eb11-3db5-450a-a624-fd6bf12412f3@group-731D26CD063C-FollowerState] INFO  impl.FollowerState (FollowerState.java:run(143)) - 0de9eb11-3db5-450a-a624-fd6bf12412f3@group-731D26CD063C-FollowerState: change to CANDIDATE, lastRpcElapsedTime:5180434802ns, electionTimeout:5180ms
2022-10-11 17:33:32,625 [0de9eb11-3db5-450a-a624-fd6bf12412f3@group-731D26CD063C-FollowerState] INFO  impl.RoleInfo (RoleInfo.java:shutdownFollowerState(110)) - 0de9eb11-3db5-450a-a624-fd6bf12412f3: shutdown 0de9eb11-3db5-450a-a624-fd6bf12412f3@group-731D26CD063C-FollowerState
2022-10-11 17:33:32,625 [0de9eb11-3db5-450a-a624-fd6bf12412f3@group-731D26CD063C-FollowerState] INFO  server.RaftServer$Division (RaftServerImpl.java:setRole(299)) - 0de9eb11-3db5-450a-a624-fd6bf12412f3@group-731D26CD063C: changes role from  FOLLOWER to CANDIDATE at term 0 for changeToCandidate
2022-10-11 17:33:32,625 [0de9eb11-3db5-450a-a624-fd6bf12412f3@group-731D26CD063C-FollowerState] INFO  server.RaftServerConfigKeys (ConfUtils.java:logGet(46)) - raft.server.leaderelection.pre-vote = false (custom)
2022-10-11 17:33:32,625 [0de9eb11-3db5-450a-a624-fd6bf12412f3@group-731D26CD063C-FollowerState] INFO  impl.RoleInfo (RoleInfo.java:updateAndGet(139)) - 0de9eb11-3db5-450a-a624-fd6bf12412f3: start 0de9eb11-3db5-450a-a624-fd6bf12412f3@group-731D26CD063C-LeaderElection12
2022-10-11 17:33:32,630 [0de9eb11-3db5-450a-a624-fd6bf12412f3@group-731D26CD063C-LeaderElection12] INFO  impl.LeaderElection (LeaderElection.java:askForVotes(310)) - 0de9eb11-3db5-450a-a624-fd6bf12412f3@group-731D26CD063C-LeaderElection12 ELECTION round 0: submit vote requests at term 1 for -1: [0de9eb11-3db5-450a-a624-fd6bf12412f3|rpc:127.0.0.1:38277|priority:1], old=null
2022-10-11 17:33:32,630 [0de9eb11-3db5-450a-a624-fd6bf12412f3@group-731D26CD063C-LeaderElection12] INFO  impl.LeaderElection (LeaderElection.java:askForVotes(312)) - 0de9eb11-3db5-450a-a624-fd6bf12412f3@group-731D26CD063C-LeaderElection12 ELECTION round 0: result PASSED (term=1)
2022-10-11 17:33:32,630 [0de9eb11-3db5-450a-a624-fd6bf12412f3@group-731D26CD063C-LeaderElection12] INFO  impl.RoleInfo (RoleInfo.java:shutdownLeaderElection(130)) - 0de9eb11-3db5-450a-a624-fd6bf12412f3: shutdown 0de9eb11-3db5-450a-a624-fd6bf12412f3@group-731D26CD063C-LeaderElection12
2022-10-11 17:33:32,630 [0de9eb11-3db5-450a-a624-fd6bf12412f3@group-731D26CD063C-LeaderElection12] INFO  server.RaftServer$Division (RaftServerImpl.java:setRole(299)) - 0de9eb11-3db5-450a-a624-fd6bf12412f3@group-731D26CD063C: changes role from CANDIDATE to LEADER at term 1 for changeToLeader
2022-10-11 17:33:32,630 [0de9eb11-3db5-450a-a624-fd6bf12412f3@group-731D26CD063C-LeaderElection12] INFO  ratis.XceiverServerRatis (XceiverServerRatis.java:handleLeaderChangedNotification(863)) - Leader change notification received for group: group-731D26CD063C with new leaderId: 0de9eb11-3db5-450a-a624-fd6bf12412f3
2022-10-11 17:33:32,631 [0de9eb11-3db5-450a-a624-fd6bf12412f3@group-731D26CD063C-LeaderElection12] INFO  server.RaftServer$Division (ServerState.java:setLeader(287)) - 0de9eb11-3db5-450a-a624-fd6bf12412f3@group-731D26CD063C: change Leader from null to 0de9eb11-3db5-450a-a624-fd6bf12412f3 at term 1 for becomeLeader, leader elected after 5215ms
2022-10-11 17:33:32,631 [0de9eb11-3db5-450a-a624-fd6bf12412f3@group-731D26CD063C-LeaderElection12] INFO  server.RaftServerConfigKeys (ConfUtils.java:logGet(46)) - raft.server.staging.catchup.gap = 1000 (default)
2022-10-11 17:33:32,631 [0de9eb11-3db5-450a-a624-fd6bf12412f3@group-731D26CD063C-LeaderElection12] INFO  server.RaftServerConfigKeys (ConfUtils.java:logGet(46)) - raft.server.write.element-limit = 1024 (custom)
2022-10-11 17:33:32,631 [0de9eb11-3db5-450a-a624-fd6bf12412f3@group-731D26CD063C-LeaderElection12] INFO  server.RaftServerConfigKeys (ConfUtils.java:logGet(46)) - raft.server.write.byte-limit = 1024 M (=1073741824) (custom)
2022-10-11 17:33:32,632 [0de9eb11-3db5-450a-a624-fd6bf12412f3@group-731D26CD063C-LeaderElection12] INFO  server.RaftServerConfigKeys (ConfUtils.java:logGet(46)) - raft.server.watch.timeout = 180s (custom)
2022-10-11 17:33:32,632 [0de9eb11-3db5-450a-a624-fd6bf12412f3@group-731D26CD063C-LeaderElection12] INFO  server.RaftServerConfigKeys (ConfUtils.java:logGet(46)) - raft.server.watch.timeout.denomination = 1s (default)
2022-10-11 17:33:32,633 [0de9eb11-3db5-450a-a624-fd6bf12412f3@group-731D26CD063C-LeaderElection12] INFO  server.RaftServerConfigKeys (ConfUtils.java:logGet(46)) - raft.server.watch.element-limit = 65536 (default)
2022-10-11 17:33:32,633 [0de9eb11-3db5-450a-a624-fd6bf12412f3@group-731D26CD063C-LeaderElection12] INFO  server.RaftServerConfigKeys (ConfUtils.java:logGet(46)) - raft.server.write.element-limit = 1024 (custom)
2022-10-11 17:33:32,633 [0de9eb11-3db5-450a-a624-fd6bf12412f3@group-731D26CD063C-LeaderElection12] INFO  server.RaftServerConfigKeys (ConfUtils.java:logGet(46)) - raft.server.write.follower.gap.ratio.max = -1.0 (default)
2022-10-11 17:33:32,634 [EventQueue-OpenPipelineForHealthyPipelineSafeModeRule] INFO  safemode.SCMSafeModeManager (HealthyPipelineSafeModeRule.java:process(137)) - SCM in safe mode. Healthy pipelines reported count is 0, required healthy pipeline reported count is 1
2022-10-11 17:33:32,634 [EventQueue-OpenPipelineForHealthyPipelineSafeModeRule] INFO  safemode.SCMSafeModeManager (HealthyPipelineSafeModeRule.java:process(137)) - SCM in safe mode. Healthy pipelines reported count is 0, required healthy pipeline reported count is 1
2022-10-11 17:33:32,633 [EventQueue-OpenPipelineForHealthyPipelineSafeModeRule] INFO  safemode.SCMSafeModeManager (HealthyPipelineSafeModeRule.java:process(137)) - SCM in safe mode. Healthy pipelines reported count is 0, required healthy pipeline reported count is 1
2022-10-11 17:33:32,634 [0de9eb11-3db5-450a-a624-fd6bf12412f3@group-731D26CD063C-LeaderElection12] INFO  impl.RoleInfo (RoleInfo.java:updateAndGet(139)) - 0de9eb11-3db5-450a-a624-fd6bf12412f3: start 0de9eb11-3db5-450a-a624-fd6bf12412f3@group-731D26CD063C-LeaderStateImpl
2022-10-11 17:33:32,635 [0de9eb11-3db5-450a-a624-fd6bf12412f3@group-731D26CD063C-LeaderElection12] INFO  segmented.SegmentedRaftLogWorker (SegmentedRaftLogWorker.java:startLogSegment(425)) - 0de9eb11-3db5-450a-a624-fd6bf12412f3@group-731D26CD063C-SegmentedRaftLogWorker: Starting segment from index:0
2022-10-11 17:33:32,640 [0de9eb11-3db5-450a-a624-fd6bf12412f3@group-731D26CD063C-LeaderElection12] INFO  server.RaftServer$Division (ServerState.java:setRaftConf(393)) - 0de9eb11-3db5-450a-a624-fd6bf12412f3@group-731D26CD063C: set configuration 0: [0de9eb11-3db5-450a-a624-fd6bf12412f3|rpc:127.0.0.1:38277|dataStream:|priority:1], old=null
2022-10-11 17:33:32,640 [0de9eb11-3db5-450a-a624-fd6bf12412f3@group-731D26CD063C-SegmentedRaftLogWorker] INFO  segmented.SegmentedRaftLogWorker (SegmentedRaftLogWorker.java:execute(629)) - 0de9eb11-3db5-450a-a624-fd6bf12412f3@group-731D26CD063C-SegmentedRaftLogWorker: created new log segment /home/runner/work/ozone/ozone/hadoop-ozone/integration-test/target/test-dir/MiniOzoneClusterImpl-a53f0994-8d29-48d7-8b80-9abc5033b6e0/datanode-2/data/ratis/24e50f28-e6ce-45c8-91e9-731d26cd063c/current/log_inprogress_0
2022-10-11 17:33:33,424 [Listener at 127.0.0.1/46797] INFO  ozone.MiniOzoneClusterImpl (MiniOzoneClusterImpl.java:lambda$waitForClusterToBeReady$0(216)) - Nodes are ready. Got 3 of 3 DN Heartbeats.
2022-10-11 17:33:33,424 [Listener at 127.0.0.1/46797] INFO  ozone.MiniOzoneClusterImpl (MiniOzoneClusterImpl.java:lambda$waitForClusterToBeReady$0(219)) - Waiting for cluster to exit safe mode
2022-10-11 17:33:33,424 [Listener at 127.0.0.1/46797] INFO  ozone.MiniOzoneClusterImpl (MiniOzoneClusterImpl.java:lambda$waitForClusterToBeReady$0(221)) - SCM became leader
2022-10-11 17:33:34,424 [Listener at 127.0.0.1/46797] INFO  ozone.MiniOzoneClusterImpl (MiniOzoneClusterImpl.java:lambda$waitForClusterToBeReady$0(216)) - Nodes are ready. Got 3 of 3 DN Heartbeats.
2022-10-11 17:33:34,425 [Listener at 127.0.0.1/46797] INFO  ozone.MiniOzoneClusterImpl (MiniOzoneClusterImpl.java:lambda$waitForClusterToBeReady$0(219)) - Waiting for cluster to exit safe mode
2022-10-11 17:33:34,425 [Listener at 127.0.0.1/46797] INFO  ozone.MiniOzoneClusterImpl (MiniOzoneClusterImpl.java:lambda$waitForClusterToBeReady$0(221)) - SCM became leader
2022-10-11 17:33:35,425 [Listener at 127.0.0.1/46797] INFO  ozone.MiniOzoneClusterImpl (MiniOzoneClusterImpl.java:lambda$waitForClusterToBeReady$0(216)) - Nodes are ready. Got 3 of 3 DN Heartbeats.
2022-10-11 17:33:35,425 [Listener at 127.0.0.1/46797] INFO  ozone.MiniOzoneClusterImpl (MiniOzoneClusterImpl.java:lambda$waitForClusterToBeReady$0(219)) - Waiting for cluster to exit safe mode
2022-10-11 17:33:35,425 [Listener at 127.0.0.1/46797] INFO  ozone.MiniOzoneClusterImpl (MiniOzoneClusterImpl.java:lambda$waitForClusterToBeReady$0(221)) - SCM became leader
2022-10-11 17:33:36,426 [Listener at 127.0.0.1/46797] INFO  ozone.MiniOzoneClusterImpl (MiniOzoneClusterImpl.java:lambda$waitForClusterToBeReady$0(216)) - Nodes are ready. Got 3 of 3 DN Heartbeats.
2022-10-11 17:33:36,426 [Listener at 127.0.0.1/46797] INFO  ozone.MiniOzoneClusterImpl (MiniOzoneClusterImpl.java:lambda$waitForClusterToBeReady$0(219)) - Waiting for cluster to exit safe mode
2022-10-11 17:33:36,426 [Listener at 127.0.0.1/46797] INFO  ozone.MiniOzoneClusterImpl (MiniOzoneClusterImpl.java:lambda$waitForClusterToBeReady$0(221)) - SCM became leader
2022-10-11 17:33:37,047 [c6f9d5d6-ce23-4a05-8f31-e64b02be19f7@group-E436AA9D509D-FollowerState] INFO  impl.FollowerState (FollowerState.java:run(143)) - c6f9d5d6-ce23-4a05-8f31-e64b02be19f7@group-E436AA9D509D-FollowerState: change to CANDIDATE, lastRpcElapsedTime:5123757600ns, electionTimeout:5123ms
2022-10-11 17:33:37,047 [c6f9d5d6-ce23-4a05-8f31-e64b02be19f7@group-E436AA9D509D-FollowerState] INFO  impl.RoleInfo (RoleInfo.java:shutdownFollowerState(110)) - c6f9d5d6-ce23-4a05-8f31-e64b02be19f7: shutdown c6f9d5d6-ce23-4a05-8f31-e64b02be19f7@group-E436AA9D509D-FollowerState
2022-10-11 17:33:37,047 [c6f9d5d6-ce23-4a05-8f31-e64b02be19f7@group-E436AA9D509D-FollowerState] INFO  server.RaftServer$Division (RaftServerImpl.java:setRole(299)) - c6f9d5d6-ce23-4a05-8f31-e64b02be19f7@group-E436AA9D509D: changes role from  FOLLOWER to CANDIDATE at term 1 for changeToCandidate
2022-10-11 17:33:37,047 [c6f9d5d6-ce23-4a05-8f31-e64b02be19f7@group-E436AA9D509D-FollowerState] INFO  server.RaftServerConfigKeys (ConfUtils.java:logGet(46)) - raft.server.leaderelection.pre-vote = false (custom)
2022-10-11 17:33:37,047 [c6f9d5d6-ce23-4a05-8f31-e64b02be19f7@group-E436AA9D509D-FollowerState] INFO  impl.RoleInfo (RoleInfo.java:updateAndGet(139)) - c6f9d5d6-ce23-4a05-8f31-e64b02be19f7: start c6f9d5d6-ce23-4a05-8f31-e64b02be19f7@group-E436AA9D509D-LeaderElection13
2022-10-11 17:33:37,055 [c6f9d5d6-ce23-4a05-8f31-e64b02be19f7@group-E436AA9D509D-LeaderElection13] INFO  impl.LeaderElection (LeaderElection.java:askForVotes(310)) - c6f9d5d6-ce23-4a05-8f31-e64b02be19f7@group-E436AA9D509D-LeaderElection13 ELECTION round 0: submit vote requests at term 2 for -1: [c6f9d5d6-ce23-4a05-8f31-e64b02be19f7|rpc:127.0.0.1:42011|priority:0, 0de9eb11-3db5-450a-a624-fd6bf12412f3|rpc:127.0.0.1:38277|priority:0, a4eb97e2-c085-4a03-847a-2990f025d514|rpc:127.0.0.1:43867|priority:1], old=null
2022-10-11 17:33:37,062 [grpc-default-executor-2] INFO  server.RaftServer$Division (RaftServerImpl.java:requestVote(1152)) - 0de9eb11-3db5-450a-a624-fd6bf12412f3@group-E436AA9D509D: receive requestVote(ELECTION, c6f9d5d6-ce23-4a05-8f31-e64b02be19f7, group-E436AA9D509D, 2, (t:0, i:0))
2022-10-11 17:33:37,064 [grpc-default-executor-2] INFO  impl.VoteContext (VoteContext.java:log(48)) - 0de9eb11-3db5-450a-a624-fd6bf12412f3@group-E436AA9D509D-FOLLOWER: accept ELECTION from c6f9d5d6-ce23-4a05-8f31-e64b02be19f7: our priority 0 <= candidate's priority 0
2022-10-11 17:33:37,064 [grpc-default-executor-2] INFO  server.RaftServer$Division (RaftServerImpl.java:setRole(299)) - 0de9eb11-3db5-450a-a624-fd6bf12412f3@group-E436AA9D509D: changes role from  FOLLOWER to FOLLOWER at term 2 for candidate:c6f9d5d6-ce23-4a05-8f31-e64b02be19f7
2022-10-11 17:33:37,064 [grpc-default-executor-2] INFO  impl.RoleInfo (RoleInfo.java:shutdownFollowerState(110)) - 0de9eb11-3db5-450a-a624-fd6bf12412f3: shutdown 0de9eb11-3db5-450a-a624-fd6bf12412f3@group-E436AA9D509D-FollowerState
2022-10-11 17:33:37,064 [grpc-default-executor-2] INFO  impl.RoleInfo (RoleInfo.java:updateAndGet(139)) - 0de9eb11-3db5-450a-a624-fd6bf12412f3: start 0de9eb11-3db5-450a-a624-fd6bf12412f3@group-E436AA9D509D-FollowerState
2022-10-11 17:33:37,064 [0de9eb11-3db5-450a-a624-fd6bf12412f3@group-E436AA9D509D-FollowerState] INFO  impl.FollowerState (FollowerState.java:run(152)) - 0de9eb11-3db5-450a-a624-fd6bf12412f3@group-E436AA9D509D-FollowerState was interrupted
2022-10-11 17:33:37,068 [grpc-default-executor-1] INFO  server.RaftServer$Division (RaftServerImpl.java:requestVote(1152)) - a4eb97e2-c085-4a03-847a-2990f025d514@group-E436AA9D509D: receive requestVote(ELECTION, c6f9d5d6-ce23-4a05-8f31-e64b02be19f7, group-E436AA9D509D, 2, (t:0, i:0))
2022-10-11 17:33:37,069 [grpc-default-executor-1] INFO  impl.VoteContext (VoteContext.java:log(48)) - a4eb97e2-c085-4a03-847a-2990f025d514@group-E436AA9D509D-FOLLOWER: reject ELECTION from c6f9d5d6-ce23-4a05-8f31-e64b02be19f7: our priority 1 > candidate's priority 0
2022-10-11 17:33:37,069 [grpc-default-executor-1] INFO  server.RaftServer$Division (RaftServerImpl.java:setRole(299)) - a4eb97e2-c085-4a03-847a-2990f025d514@group-E436AA9D509D: changes role from  FOLLOWER to FOLLOWER at term 2 for candidate:c6f9d5d6-ce23-4a05-8f31-e64b02be19f7
2022-10-11 17:33:37,069 [grpc-default-executor-1] INFO  impl.RoleInfo (RoleInfo.java:shutdownFollowerState(110)) - a4eb97e2-c085-4a03-847a-2990f025d514: shutdown a4eb97e2-c085-4a03-847a-2990f025d514@group-E436AA9D509D-FollowerState
2022-10-11 17:33:37,070 [grpc-default-executor-1] INFO  impl.RoleInfo (RoleInfo.java:updateAndGet(139)) - a4eb97e2-c085-4a03-847a-2990f025d514: start a4eb97e2-c085-4a03-847a-2990f025d514@group-E436AA9D509D-FollowerState
2022-10-11 17:33:37,070 [a4eb97e2-c085-4a03-847a-2990f025d514@group-E436AA9D509D-FollowerState] INFO  impl.FollowerState (FollowerState.java:run(152)) - a4eb97e2-c085-4a03-847a-2990f025d514@group-E436AA9D509D-FollowerState was interrupted
2022-10-11 17:33:37,070 [grpc-default-executor-2] INFO  server.RaftServer$Division (RaftServerImpl.java:requestVote(1184)) - 0de9eb11-3db5-450a-a624-fd6bf12412f3@group-E436AA9D509D replies to ELECTION vote request: c6f9d5d6-ce23-4a05-8f31-e64b02be19f7<-0de9eb11-3db5-450a-a624-fd6bf12412f3#0:OK-t2. Peer's state: 0de9eb11-3db5-450a-a624-fd6bf12412f3@group-E436AA9D509D:t2, leader=null, voted=c6f9d5d6-ce23-4a05-8f31-e64b02be19f7, raftlog=0de9eb11-3db5-450a-a624-fd6bf12412f3@group-E436AA9D509D-SegmentedRaftLog:OPENED:c-1, conf=-1: [c6f9d5d6-ce23-4a05-8f31-e64b02be19f7|rpc:127.0.0.1:42011|dataStream:|priority:0, 0de9eb11-3db5-450a-a624-fd6bf12412f3|rpc:127.0.0.1:38277|dataStream:|priority:0, a4eb97e2-c085-4a03-847a-2990f025d514|rpc:127.0.0.1:43867|dataStream:|priority:1], old=null
2022-10-11 17:33:37,072 [grpc-default-executor-1] INFO  server.RaftServer$Division (RaftServerImpl.java:requestVote(1184)) - a4eb97e2-c085-4a03-847a-2990f025d514@group-E436AA9D509D replies to ELECTION vote request: c6f9d5d6-ce23-4a05-8f31-e64b02be19f7<-a4eb97e2-c085-4a03-847a-2990f025d514#0:FAIL-t2. Peer's state: a4eb97e2-c085-4a03-847a-2990f025d514@group-E436AA9D509D:t2, leader=null, voted=null, raftlog=a4eb97e2-c085-4a03-847a-2990f025d514@group-E436AA9D509D-SegmentedRaftLog:OPENED:c-1, conf=-1: [c6f9d5d6-ce23-4a05-8f31-e64b02be19f7|rpc:127.0.0.1:42011|dataStream:|priority:0, 0de9eb11-3db5-450a-a624-fd6bf12412f3|rpc:127.0.0.1:38277|dataStream:|priority:0, a4eb97e2-c085-4a03-847a-2990f025d514|rpc:127.0.0.1:43867|dataStream:|priority:1], old=null
2022-10-11 17:33:37,075 [c6f9d5d6-ce23-4a05-8f31-e64b02be19f7@group-E436AA9D509D-LeaderElection13] INFO  impl.LeaderElection (LeaderElection.java:logAndReturn(90)) - c6f9d5d6-ce23-4a05-8f31-e64b02be19f7@group-E436AA9D509D-LeaderElection13: ELECTION REJECTED received 1 response(s) and 0 exception(s):
2022-10-11 17:33:37,075 [c6f9d5d6-ce23-4a05-8f31-e64b02be19f7@group-E436AA9D509D-LeaderElection13] INFO  impl.LeaderElection (LeaderElection.java:logAndReturn(94)) -   Response 0: c6f9d5d6-ce23-4a05-8f31-e64b02be19f7<-a4eb97e2-c085-4a03-847a-2990f025d514#0:FAIL-t2
2022-10-11 17:33:37,075 [c6f9d5d6-ce23-4a05-8f31-e64b02be19f7@group-E436AA9D509D-LeaderElection13] INFO  impl.LeaderElection (LeaderElection.java:askForVotes(312)) - c6f9d5d6-ce23-4a05-8f31-e64b02be19f7@group-E436AA9D509D-LeaderElection13 ELECTION round 0: result REJECTED
2022-10-11 17:33:37,076 [c6f9d5d6-ce23-4a05-8f31-e64b02be19f7@group-E436AA9D509D-LeaderElection13] INFO  server.RaftServer$Division (RaftServerImpl.java:setRole(299)) - c6f9d5d6-ce23-4a05-8f31-e64b02be19f7@group-E436AA9D509D: changes role from CANDIDATE to FOLLOWER at term 2 for REJECTED
2022-10-11 17:33:37,077 [c6f9d5d6-ce23-4a05-8f31-e64b02be19f7@group-E436AA9D509D-LeaderElection13] INFO  impl.RoleInfo (RoleInfo.java:shutdownLeaderElection(130)) - c6f9d5d6-ce23-4a05-8f31-e64b02be19f7: shutdown c6f9d5d6-ce23-4a05-8f31-e64b02be19f7@group-E436AA9D509D-LeaderElection13
2022-10-11 17:33:37,077 [c6f9d5d6-ce23-4a05-8f31-e64b02be19f7@group-E436AA9D509D-LeaderElection13] INFO  impl.RoleInfo (RoleInfo.java:updateAndGet(139)) - c6f9d5d6-ce23-4a05-8f31-e64b02be19f7: start c6f9d5d6-ce23-4a05-8f31-e64b02be19f7@group-E436AA9D509D-FollowerState
2022-10-11 17:33:37,235 [c6f9d5d6-ce23-4a05-8f31-e64b02be19f7@group-7EC0B1F630C1-FollowerState] INFO  impl.FollowerState (FollowerState.java:run(143)) - c6f9d5d6-ce23-4a05-8f31-e64b02be19f7@group-7EC0B1F630C1-FollowerState: change to CANDIDATE, lastRpcElapsedTime:5073580163ns, electionTimeout:5069ms
2022-10-11 17:33:37,235 [c6f9d5d6-ce23-4a05-8f31-e64b02be19f7@group-7EC0B1F630C1-FollowerState] INFO  impl.RoleInfo (RoleInfo.java:shutdownFollowerState(110)) - c6f9d5d6-ce23-4a05-8f31-e64b02be19f7: shutdown c6f9d5d6-ce23-4a05-8f31-e64b02be19f7@group-7EC0B1F630C1-FollowerState
2022-10-11 17:33:37,235 [c6f9d5d6-ce23-4a05-8f31-e64b02be19f7@group-7EC0B1F630C1-FollowerState] INFO  server.RaftServer$Division (RaftServerImpl.java:setRole(299)) - c6f9d5d6-ce23-4a05-8f31-e64b02be19f7@group-7EC0B1F630C1: changes role from  FOLLOWER to CANDIDATE at term 1 for changeToCandidate
2022-10-11 17:33:37,235 [c6f9d5d6-ce23-4a05-8f31-e64b02be19f7@group-7EC0B1F630C1-FollowerState] INFO  server.RaftServerConfigKeys (ConfUtils.java:logGet(46)) - raft.server.leaderelection.pre-vote = false (custom)
2022-10-11 17:33:37,235 [c6f9d5d6-ce23-4a05-8f31-e64b02be19f7@group-7EC0B1F630C1-FollowerState] INFO  impl.RoleInfo (RoleInfo.java:updateAndGet(139)) - c6f9d5d6-ce23-4a05-8f31-e64b02be19f7: start c6f9d5d6-ce23-4a05-8f31-e64b02be19f7@group-7EC0B1F630C1-LeaderElection14
2022-10-11 17:33:37,238 [c6f9d5d6-ce23-4a05-8f31-e64b02be19f7@group-7EC0B1F630C1-LeaderElection14] INFO  impl.LeaderElection (LeaderElection.java:askForVotes(310)) - c6f9d5d6-ce23-4a05-8f31-e64b02be19f7@group-7EC0B1F630C1-LeaderElection14 ELECTION round 0: submit vote requests at term 2 for -1: [c6f9d5d6-ce23-4a05-8f31-e64b02be19f7|rpc:127.0.0.1:42011|priority:1, 0de9eb11-3db5-450a-a624-fd6bf12412f3|rpc:127.0.0.1:38277|priority:0, a4eb97e2-c085-4a03-847a-2990f025d514|rpc:127.0.0.1:43867|priority:0], old=null
2022-10-11 17:33:37,244 [grpc-default-executor-1] INFO  server.RaftServer$Division (RaftServerImpl.java:requestVote(1152)) - a4eb97e2-c085-4a03-847a-2990f025d514@group-7EC0B1F630C1: receive requestVote(ELECTION, c6f9d5d6-ce23-4a05-8f31-e64b02be19f7, group-7EC0B1F630C1, 2, (t:0, i:0))
2022-10-11 17:33:37,245 [grpc-default-executor-1] INFO  impl.VoteContext (VoteContext.java:log(48)) - a4eb97e2-c085-4a03-847a-2990f025d514@group-7EC0B1F630C1-FOLLOWER: accept ELECTION from c6f9d5d6-ce23-4a05-8f31-e64b02be19f7: our priority 0 <= candidate's priority 1
2022-10-11 17:33:37,245 [grpc-default-executor-1] INFO  server.RaftServer$Division (RaftServerImpl.java:setRole(299)) - a4eb97e2-c085-4a03-847a-2990f025d514@group-7EC0B1F630C1: changes role from  FOLLOWER to FOLLOWER at term 2 for candidate:c6f9d5d6-ce23-4a05-8f31-e64b02be19f7
2022-10-11 17:33:37,245 [grpc-default-executor-1] INFO  impl.RoleInfo (RoleInfo.java:shutdownFollowerState(110)) - a4eb97e2-c085-4a03-847a-2990f025d514: shutdown a4eb97e2-c085-4a03-847a-2990f025d514@group-7EC0B1F630C1-FollowerState
2022-10-11 17:33:37,245 [grpc-default-executor-1] INFO  impl.RoleInfo (RoleInfo.java:updateAndGet(139)) - a4eb97e2-c085-4a03-847a-2990f025d514: start a4eb97e2-c085-4a03-847a-2990f025d514@group-7EC0B1F630C1-FollowerState
2022-10-11 17:33:37,245 [a4eb97e2-c085-4a03-847a-2990f025d514@group-7EC0B1F630C1-FollowerState] INFO  impl.FollowerState (FollowerState.java:run(152)) - a4eb97e2-c085-4a03-847a-2990f025d514@group-7EC0B1F630C1-FollowerState was interrupted
2022-10-11 17:33:37,248 [grpc-default-executor-2] INFO  server.RaftServer$Division (RaftServerImpl.java:requestVote(1152)) - 0de9eb11-3db5-450a-a624-fd6bf12412f3@group-7EC0B1F630C1: receive requestVote(ELECTION, c6f9d5d6-ce23-4a05-8f31-e64b02be19f7, group-7EC0B1F630C1, 2, (t:0, i:0))
2022-10-11 17:33:37,248 [grpc-default-executor-1] INFO  server.RaftServer$Division (RaftServerImpl.java:requestVote(1184)) - a4eb97e2-c085-4a03-847a-2990f025d514@group-7EC0B1F630C1 replies to ELECTION vote request: c6f9d5d6-ce23-4a05-8f31-e64b02be19f7<-a4eb97e2-c085-4a03-847a-2990f025d514#0:OK-t2. Peer's state: a4eb97e2-c085-4a03-847a-2990f025d514@group-7EC0B1F630C1:t2, leader=null, voted=c6f9d5d6-ce23-4a05-8f31-e64b02be19f7, raftlog=a4eb97e2-c085-4a03-847a-2990f025d514@group-7EC0B1F630C1-SegmentedRaftLog:OPENED:c-1, conf=-1: [c6f9d5d6-ce23-4a05-8f31-e64b02be19f7|rpc:127.0.0.1:42011|priority:1, 0de9eb11-3db5-450a-a624-fd6bf12412f3|rpc:127.0.0.1:38277|priority:0, a4eb97e2-c085-4a03-847a-2990f025d514|rpc:127.0.0.1:43867|priority:0], old=null
2022-10-11 17:33:37,248 [grpc-default-executor-2] INFO  impl.VoteContext (VoteContext.java:log(48)) - 0de9eb11-3db5-450a-a624-fd6bf12412f3@group-7EC0B1F630C1-FOLLOWER: accept ELECTION from c6f9d5d6-ce23-4a05-8f31-e64b02be19f7: our priority 0 <= candidate's priority 1
2022-10-11 17:33:37,248 [grpc-default-executor-2] INFO  server.RaftServer$Division (RaftServerImpl.java:setRole(299)) - 0de9eb11-3db5-450a-a624-fd6bf12412f3@group-7EC0B1F630C1: changes role from  FOLLOWER to FOLLOWER at term 2 for candidate:c6f9d5d6-ce23-4a05-8f31-e64b02be19f7
2022-10-11 17:33:37,248 [grpc-default-executor-2] INFO  impl.RoleInfo (RoleInfo.java:shutdownFollowerState(110)) - 0de9eb11-3db5-450a-a624-fd6bf12412f3: shutdown 0de9eb11-3db5-450a-a624-fd6bf12412f3@group-7EC0B1F630C1-FollowerState
2022-10-11 17:33:37,248 [grpc-default-executor-2] INFO  impl.RoleInfo (RoleInfo.java:updateAndGet(139)) - 0de9eb11-3db5-450a-a624-fd6bf12412f3: start 0de9eb11-3db5-450a-a624-fd6bf12412f3@group-7EC0B1F630C1-FollowerState
2022-10-11 17:33:37,248 [0de9eb11-3db5-450a-a624-fd6bf12412f3@group-7EC0B1F630C1-FollowerState] INFO  impl.FollowerState (FollowerState.java:run(152)) - 0de9eb11-3db5-450a-a624-fd6bf12412f3@group-7EC0B1F630C1-FollowerState was interrupted
2022-10-11 17:33:37,250 [c6f9d5d6-ce23-4a05-8f31-e64b02be19f7@group-7EC0B1F630C1-LeaderElection14] INFO  impl.LeaderElection (LeaderElection.java:logAndReturn(90)) - c6f9d5d6-ce23-4a05-8f31-e64b02be19f7@group-7EC0B1F630C1-LeaderElection14: ELECTION PASSED received 1 response(s) and 0 exception(s):
2022-10-11 17:33:37,250 [c6f9d5d6-ce23-4a05-8f31-e64b02be19f7@group-7EC0B1F630C1-LeaderElection14] INFO  impl.LeaderElection (LeaderElection.java:logAndReturn(94)) -   Response 0: c6f9d5d6-ce23-4a05-8f31-e64b02be19f7<-a4eb97e2-c085-4a03-847a-2990f025d514#0:OK-t2
2022-10-11 17:33:37,250 [c6f9d5d6-ce23-4a05-8f31-e64b02be19f7@group-7EC0B1F630C1-LeaderElection14] INFO  impl.LeaderElection (LeaderElection.java:askForVotes(312)) - c6f9d5d6-ce23-4a05-8f31-e64b02be19f7@group-7EC0B1F630C1-LeaderElection14 ELECTION round 0: result PASSED
2022-10-11 17:33:37,250 [c6f9d5d6-ce23-4a05-8f31-e64b02be19f7@group-7EC0B1F630C1-LeaderElection14] INFO  impl.RoleInfo (RoleInfo.java:shutdownLeaderElection(130)) - c6f9d5d6-ce23-4a05-8f31-e64b02be19f7: shutdown c6f9d5d6-ce23-4a05-8f31-e64b02be19f7@group-7EC0B1F630C1-LeaderElection14
2022-10-11 17:33:37,250 [c6f9d5d6-ce23-4a05-8f31-e64b02be19f7@group-7EC0B1F630C1-LeaderElection14] INFO  server.RaftServer$Division (RaftServerImpl.java:setRole(299)) - c6f9d5d6-ce23-4a05-8f31-e64b02be19f7@group-7EC0B1F630C1: changes role from CANDIDATE to LEADER at term 2 for changeToLeader
2022-10-11 17:33:37,250 [c6f9d5d6-ce23-4a05-8f31-e64b02be19f7@group-7EC0B1F630C1-LeaderElection14] INFO  ratis.XceiverServerRatis (XceiverServerRatis.java:handleLeaderChangedNotification(863)) - Leader change notification received for group: group-7EC0B1F630C1 with new leaderId: c6f9d5d6-ce23-4a05-8f31-e64b02be19f7
2022-10-11 17:33:37,251 [c6f9d5d6-ce23-4a05-8f31-e64b02be19f7@group-7EC0B1F630C1-LeaderElection14] INFO  server.RaftServer$Division (ServerState.java:setLeader(287)) - c6f9d5d6-ce23-4a05-8f31-e64b02be19f7@group-7EC0B1F630C1: change Leader from null to c6f9d5d6-ce23-4a05-8f31-e64b02be19f7 at term 2 for becomeLeader, leader elected after 10112ms
2022-10-11 17:33:37,251 [c6f9d5d6-ce23-4a05-8f31-e64b02be19f7@group-7EC0B1F630C1-LeaderElection14] INFO  server.RaftServerConfigKeys (ConfUtils.java:logGet(46)) - raft.server.staging.catchup.gap = 1000 (default)
2022-10-11 17:33:37,251 [c6f9d5d6-ce23-4a05-8f31-e64b02be19f7@group-7EC0B1F630C1-LeaderElection14] INFO  server.RaftServerConfigKeys (ConfUtils.java:logGet(46)) - raft.server.write.element-limit = 1024 (custom)
2022-10-11 17:33:37,251 [c6f9d5d6-ce23-4a05-8f31-e64b02be19f7@group-7EC0B1F630C1-LeaderElection14] INFO  server.RaftServerConfigKeys (ConfUtils.java:logGet(46)) - raft.server.write.byte-limit = 1024 M (=1073741824) (custom)
2022-10-11 17:33:37,252 [c6f9d5d6-ce23-4a05-8f31-e64b02be19f7@group-7EC0B1F630C1-LeaderElection14] INFO  server.RaftServerConfigKeys (ConfUtils.java:logGet(46)) - raft.server.watch.timeout = 180s (custom)
2022-10-11 17:33:37,252 [c6f9d5d6-ce23-4a05-8f31-e64b02be19f7@group-7EC0B1F630C1-LeaderElection14] INFO  server.RaftServerConfigKeys (ConfUtils.java:logGet(46)) - raft.server.watch.timeout.denomination = 1s (default)
2022-10-11 17:33:37,252 [c6f9d5d6-ce23-4a05-8f31-e64b02be19f7@group-7EC0B1F630C1-LeaderElection14] INFO  server.RaftServerConfigKeys (ConfUtils.java:logGet(46)) - raft.server.watch.element-limit = 65536 (default)
2022-10-11 17:33:37,252 [c6f9d5d6-ce23-4a05-8f31-e64b02be19f7@group-7EC0B1F630C1-LeaderElection14] INFO  server.RaftServerConfigKeys (ConfUtils.java:logGet(46)) - raft.server.write.element-limit = 1024 (custom)
2022-10-11 17:33:37,252 [c6f9d5d6-ce23-4a05-8f31-e64b02be19f7@group-7EC0B1F630C1-LeaderElection14] INFO  server.RaftServerConfigKeys (ConfUtils.java:logGet(46)) - raft.server.write.follower.gap.ratio.max = -1.0 (default)
2022-10-11 17:33:37,253 [c6f9d5d6-ce23-4a05-8f31-e64b02be19f7@group-7EC0B1F630C1-LeaderElection14] INFO  server.RaftServerConfigKeys (ConfUtils.java:logGet(46)) - raft.server.log.appender.snapshot.chunk.size.max = 16MB (=16777216) (default)
2022-10-11 17:33:37,253 [c6f9d5d6-ce23-4a05-8f31-e64b02be19f7@group-7EC0B1F630C1-LeaderElection14] INFO  server.RaftServerConfigKeys (ConfUtils.java:logGet(46)) - raft.server.log.appender.buffer.byte-limit = 33554432 (custom)
2022-10-11 17:33:37,254 [c6f9d5d6-ce23-4a05-8f31-e64b02be19f7@group-7EC0B1F630C1-LeaderElection14] INFO  server.RaftServerConfigKeys (ConfUtils.java:logGet(46)) - raft.server.log.appender.buffer.element-limit = 1 (custom)
2022-10-11 17:33:37,254 [grpc-default-executor-2] INFO  server.RaftServer$Division (RaftServerImpl.java:requestVote(1184)) - 0de9eb11-3db5-450a-a624-fd6bf12412f3@group-7EC0B1F630C1 replies to ELECTION vote request: c6f9d5d6-ce23-4a05-8f31-e64b02be19f7<-0de9eb11-3db5-450a-a624-fd6bf12412f3#0:OK-t2. Peer's state: 0de9eb11-3db5-450a-a624-fd6bf12412f3@group-7EC0B1F630C1:t2, leader=null, voted=c6f9d5d6-ce23-4a05-8f31-e64b02be19f7, raftlog=0de9eb11-3db5-450a-a624-fd6bf12412f3@group-7EC0B1F630C1-SegmentedRaftLog:OPENED:c-1, conf=-1: [c6f9d5d6-ce23-4a05-8f31-e64b02be19f7|rpc:127.0.0.1:42011|dataStream:|priority:1, 0de9eb11-3db5-450a-a624-fd6bf12412f3|rpc:127.0.0.1:38277|dataStream:|priority:0, a4eb97e2-c085-4a03-847a-2990f025d514|rpc:127.0.0.1:43867|dataStream:|priority:0], old=null
2022-10-11 17:33:37,254 [c6f9d5d6-ce23-4a05-8f31-e64b02be19f7@group-7EC0B1F630C1-LeaderElection14] INFO  grpc.GrpcConfigKeys (ConfUtils.java:logGet(46)) - raft.grpc.server.leader.outstanding.appends.max = 128 (default)
2022-10-11 17:33:37,254 [c6f9d5d6-ce23-4a05-8f31-e64b02be19f7@group-7EC0B1F630C1-LeaderElection14] INFO  server.RaftServerConfigKeys (ConfUtils.java:logGet(46)) - raft.server.rpc.request.timeout = 60s (custom)
2022-10-11 17:33:37,255 [c6f9d5d6-ce23-4a05-8f31-e64b02be19f7@group-7EC0B1F630C1-LeaderElection14] INFO  server.RaftServerConfigKeys (ConfUtils.java:logGet(46)) - raft.server.log.appender.install.snapshot.enabled = false (custom)
2022-10-11 17:33:37,255 [EventQueue-PipelineReportForPipelineReportHandler] INFO  pipeline.PipelineManagerImpl (PipelineManagerImpl.java:openPipeline(367)) - Pipeline Pipeline[ Id: 6a5c9305-feb4-4d3b-b1e8-7ec0b1f630c1, Nodes: c6f9d5d6-ce23-4a05-8f31-e64b02be19f7{ip: 127.0.0.1, host: localhost, ports: [REPLICATION=43157, RATIS=42011, RATIS_ADMIN=42011, RATIS_SERVER=42011, STANDALONE=44391], networkLocation: /default-rack, certSerialId: null, persistedOpState: IN_SERVICE, persistedOpStateExpiryEpochSec: 0}a4eb97e2-c085-4a03-847a-2990f025d514{ip: 127.0.0.1, host: localhost, ports: [REPLICATION=40615, RATIS=43867, RATIS_ADMIN=43867, RATIS_SERVER=43867, STANDALONE=42241], networkLocation: /default-rack, certSerialId: null, persistedOpState: IN_SERVICE, persistedOpStateExpiryEpochSec: 0}0de9eb11-3db5-450a-a624-fd6bf12412f3{ip: 127.0.0.1, host: localhost, ports: [REPLICATION=44965, RATIS=38277, RATIS_ADMIN=38277, RATIS_SERVER=38277, STANDALONE=43201], networkLocation: /default-rack, certSerialId: null, persistedOpState: IN_SERVICE, persistedOpStateExpiryEpochSec: 0}, ReplicationConfig: RATIS/THREE, State:ALLOCATED, leaderId:c6f9d5d6-ce23-4a05-8f31-e64b02be19f7, CreationTimestamp2022-10-11T17:33:24.465Z[Etc/UTC]] moved to OPEN state
2022-10-11 17:33:37,255 [EventQueue-OpenPipelineForHealthyPipelineSafeModeRule] INFO  safemode.SCMSafeModeManager (HealthyPipelineSafeModeRule.java:process(137)) - SCM in safe mode. Healthy pipelines reported count is 0, required healthy pipeline reported count is 1
2022-10-11 17:33:37,256 [EventQueue-OpenPipelineForHealthyPipelineSafeModeRule] INFO  safemode.SCMSafeModeManager (HealthyPipelineSafeModeRule.java:process(137)) - SCM in safe mode. Healthy pipelines reported count is 0, required healthy pipeline reported count is 1
2022-10-11 17:33:37,256 [EventQueue-PipelineReportForPipelineReportHandler] INFO  pipeline.PipelineManagerImpl (PipelineManagerImpl.java:openPipeline(367)) - Pipeline Pipeline[ Id: 6a5c9305-feb4-4d3b-b1e8-7ec0b1f630c1, Nodes: c6f9d5d6-ce23-4a05-8f31-e64b02be19f7{ip: 127.0.0.1, host: localhost, ports: [REPLICATION=43157, RATIS=42011, RATIS_ADMIN=42011, RATIS_SERVER=42011, STANDALONE=44391], networkLocation: /default-rack, certSerialId: null, persistedOpState: IN_SERVICE, persistedOpStateExpiryEpochSec: 0}a4eb97e2-c085-4a03-847a-2990f025d514{ip: 127.0.0.1, host: localhost, ports: [REPLICATION=40615, RATIS=43867, RATIS_ADMIN=43867, RATIS_SERVER=43867, STANDALONE=42241], networkLocation: /default-rack, certSerialId: null, persistedOpState: IN_SERVICE, persistedOpStateExpiryEpochSec: 0}0de9eb11-3db5-450a-a624-fd6bf12412f3{ip: 127.0.0.1, host: localhost, ports: [REPLICATION=44965, RATIS=38277, RATIS_ADMIN=38277, RATIS_SERVER=38277, STANDALONE=43201], networkLocation: /default-rack, certSerialId: null, persistedOpState: IN_SERVICE, persistedOpStateExpiryEpochSec: 0}, ReplicationConfig: RATIS/THREE, State:ALLOCATED, leaderId:c6f9d5d6-ce23-4a05-8f31-e64b02be19f7, CreationTimestamp2022-10-11T17:33:24.465Z[Etc/UTC]] moved to OPEN state
2022-10-11 17:33:37,257 [EventQueue-PipelineReportForPipelineReportHandler] INFO  pipeline.PipelineManagerImpl (PipelineManagerImpl.java:openPipeline(367)) - Pipeline Pipeline[ Id: 6a5c9305-feb4-4d3b-b1e8-7ec0b1f630c1, Nodes: c6f9d5d6-ce23-4a05-8f31-e64b02be19f7{ip: 127.0.0.1, host: localhost, ports: [REPLICATION=43157, RATIS=42011, RATIS_ADMIN=42011, RATIS_SERVER=42011, STANDALONE=44391], networkLocation: /default-rack, certSerialId: null, persistedOpState: IN_SERVICE, persistedOpStateExpiryEpochSec: 0}a4eb97e2-c085-4a03-847a-2990f025d514{ip: 127.0.0.1, host: localhost, ports: [REPLICATION=40615, RATIS=43867, RATIS_ADMIN=43867, RATIS_SERVER=43867, STANDALONE=42241], networkLocation: /default-rack, certSerialId: null, persistedOpState: IN_SERVICE, persistedOpStateExpiryEpochSec: 0}0de9eb11-3db5-450a-a624-fd6bf12412f3{ip: 127.0.0.1, host: localhost, ports: [REPLICATION=44965, RATIS=38277, RATIS_ADMIN=38277, RATIS_SERVER=38277, STANDALONE=43201], networkLocation: /default-rack, certSerialId: null, persistedOpState: IN_SERVICE, persistedOpStateExpiryEpochSec: 0}, ReplicationConfig: RATIS/THREE, State:ALLOCATED, leaderId:c6f9d5d6-ce23-4a05-8f31-e64b02be19f7, CreationTimestamp2022-10-11T17:33:24.465Z[Etc/UTC]] moved to OPEN state
2022-10-11 17:33:37,257 [EventQueue-OpenPipelineForHealthyPipelineSafeModeRule] INFO  safemode.SCMSafeModeManager (HealthyPipelineSafeModeRule.java:process(137)) - SCM in safe mode. Healthy pipelines reported count is 0, required healthy pipeline reported count is 1
2022-10-11 17:33:37,258 [c6f9d5d6-ce23-4a05-8f31-e64b02be19f7@group-7EC0B1F630C1-LeaderElection14] INFO  server.RaftServerConfigKeys (ConfUtils.java:logGet(46)) - raft.server.log.appender.snapshot.chunk.size.max = 16MB (=16777216) (default)
2022-10-11 17:33:37,258 [c6f9d5d6-ce23-4a05-8f31-e64b02be19f7@group-7EC0B1F630C1-LeaderElection14] INFO  server.RaftServerConfigKeys (ConfUtils.java:logGet(46)) - raft.server.log.appender.buffer.byte-limit = 33554432 (custom)
2022-10-11 17:33:37,258 [c6f9d5d6-ce23-4a05-8f31-e64b02be19f7@group-7EC0B1F630C1-LeaderElection14] INFO  server.RaftServerConfigKeys (ConfUtils.java:logGet(46)) - raft.server.log.appender.buffer.element-limit = 1 (custom)
2022-10-11 17:33:37,269 [eedbf36c-d765-4127-a253-f087b7af9e5f@group-9ABC5033B6E0-StateMachineUpdater] INFO  safemode.HealthyPipelineSafeModeRule (HealthyPipelineSafeModeRule.java:initializeRule(165)) - Refreshed total pipeline count is 1, healthy pipeline threshold count is 1
2022-10-11 17:33:37,269 [EventQueue-OpenPipelineForHealthyPipelineSafeModeRule] INFO  safemode.SCMSafeModeManager (HealthyPipelineSafeModeRule.java:process(137)) - SCM in safe mode. Healthy pipelines reported count is 1, required healthy pipeline reported count is 1
2022-10-11 17:33:37,269 [EventQueue-OpenPipelineForHealthyPipelineSafeModeRule] INFO  safemode.SCMSafeModeManager (SCMSafeModeManager.java:validateSafeModeExitRules(204)) - HealthyPipelineSafeModeRule rule is successfully validated
2022-10-11 17:33:37,269 [EventQueue-OpenPipelineForHealthyPipelineSafeModeRule] INFO  safemode.SCMSafeModeManager (SCMSafeModeManager.java:validateSafeModeExitRules(219)) - ScmSafeModeManager, all rules are successfully validated
2022-10-11 17:33:37,269 [EventQueue-OpenPipelineForHealthyPipelineSafeModeRule] INFO  safemode.SCMSafeModeManager (SCMSafeModeManager.java:exitSafeMode(248)) - SCM exiting safe mode.
2022-10-11 17:33:37,269 [EventQueue-OpenPipelineForHealthyPipelineSafeModeRule] WARN  events.EventQueue (EventQueue.java:fireEvent(216)) - No event handler registered for event TypedEvent{payloadType=SafeModeStatus, name='Safe mode status'}
2022-10-11 17:33:37,269 [EventQueue-OpenPipelineForHealthyPipelineSafeModeRule] INFO  ha.SCMContext (SCMContext.java:updateSafeModeStatus(228)) - Update SafeModeStatus from SafeModeStatus{safeModeStatus=true, preCheckPassed=true} to SafeModeStatus{safeModeStatus=false, preCheckPassed=true}.
2022-10-11 17:33:37,270 [EventQueue-OpenPipelineForHealthyPipelineSafeModeRule] INFO  BackgroundPipelineScrubber (BackgroundSCMService.java:notifyStatusChanged(82)) - Service BackgroundPipelineScrubber transitions to RUNNING.
2022-10-11 17:33:37,270 [EventQueue-OpenPipelineForHealthyPipelineSafeModeRule] INFO  ExpiredContainerReplicaOpScrubber (BackgroundSCMService.java:notifyStatusChanged(82)) - Service ExpiredContainerReplicaOpScrubber transitions to RUNNING.
2022-10-11 17:33:37,270 [EventQueue-OpenPipelineForHealthyPipelineSafeModeRule] INFO  replication.ReplicationManager (ReplicationManager.java:notifyStatusChanged(728)) - Service ReplicationManager transitions to RUNNING.
2022-10-11 17:33:37,274 [EventQueue-OpenPipelineForHealthyPipelineSafeModeRule] WARN  balancer.ContainerBalancer (ContainerBalancer.java:shouldRun(936)) - Could not find persisted configuration for ContainerBalancer when checking if ContainerBalancer should run. ContainerBalancer should not run now.
2022-10-11 17:33:37,275 [c6f9d5d6-ce23-4a05-8f31-e64b02be19f7@group-7EC0B1F630C1-LeaderElection14] INFO  grpc.GrpcConfigKeys (ConfUtils.java:logGet(46)) - raft.grpc.server.leader.outstanding.appends.max = 128 (default)
2022-10-11 17:33:37,275 [c6f9d5d6-ce23-4a05-8f31-e64b02be19f7@group-7EC0B1F630C1-LeaderElection14] INFO  server.RaftServerConfigKeys (ConfUtils.java:logGet(46)) - raft.server.rpc.request.timeout = 60s (custom)
2022-10-11 17:33:37,275 [c6f9d5d6-ce23-4a05-8f31-e64b02be19f7@group-7EC0B1F630C1-LeaderElection14] INFO  server.RaftServerConfigKeys (ConfUtils.java:logGet(46)) - raft.server.log.appender.install.snapshot.enabled = false (custom)
2022-10-11 17:33:37,275 [c6f9d5d6-ce23-4a05-8f31-e64b02be19f7@group-7EC0B1F630C1-LeaderElection14] INFO  impl.RoleInfo (RoleInfo.java:updateAndGet(139)) - c6f9d5d6-ce23-4a05-8f31-e64b02be19f7: start c6f9d5d6-ce23-4a05-8f31-e64b02be19f7@group-7EC0B1F630C1-LeaderStateImpl
2022-10-11 17:33:37,276 [c6f9d5d6-ce23-4a05-8f31-e64b02be19f7@group-7EC0B1F630C1-LeaderElection14] INFO  segmented.SegmentedRaftLogWorker (SegmentedRaftLogWorker.java:startLogSegment(425)) - c6f9d5d6-ce23-4a05-8f31-e64b02be19f7@group-7EC0B1F630C1-SegmentedRaftLogWorker: Starting segment from index:0
2022-10-11 17:33:37,277 [c6f9d5d6-ce23-4a05-8f31-e64b02be19f7@group-7EC0B1F630C1-SegmentedRaftLogWorker] INFO  segmented.SegmentedRaftLogWorker (SegmentedRaftLogWorker.java:execute(629)) - c6f9d5d6-ce23-4a05-8f31-e64b02be19f7@group-7EC0B1F630C1-SegmentedRaftLogWorker: created new log segment /home/runner/work/ozone/ozone/hadoop-ozone/integration-test/target/test-dir/MiniOzoneClusterImpl-a53f0994-8d29-48d7-8b80-9abc5033b6e0/datanode-0/data/ratis/6a5c9305-feb4-4d3b-b1e8-7ec0b1f630c1/current/log_inprogress_0
2022-10-11 17:33:37,278 [26594dbf-7a18-4bd8-acec-1f08b91ad5e5@group-9ABC5033B6E0-StateMachineUpdater] INFO  safemode.HealthyPipelineSafeModeRule (HealthyPipelineSafeModeRule.java:initializeRule(165)) - Refreshed total pipeline count is 1, healthy pipeline threshold count is 1
2022-10-11 17:33:37,280 [fa895461-6123-4d7e-a25c-be7d0086d09c@group-9ABC5033B6E0-StateMachineUpdater] INFO  safemode.HealthyPipelineSafeModeRule (HealthyPipelineSafeModeRule.java:initializeRule(165)) - Refreshed total pipeline count is 1, healthy pipeline threshold count is 1
2022-10-11 17:33:37,286 [c6f9d5d6-ce23-4a05-8f31-e64b02be19f7@group-7EC0B1F630C1-LeaderElection14] INFO  server.RaftServer$Division (ServerState.java:setRaftConf(393)) - c6f9d5d6-ce23-4a05-8f31-e64b02be19f7@group-7EC0B1F630C1: set configuration 0: [c6f9d5d6-ce23-4a05-8f31-e64b02be19f7|rpc:127.0.0.1:42011|dataStream:|priority:1, 0de9eb11-3db5-450a-a624-fd6bf12412f3|rpc:127.0.0.1:38277|dataStream:|priority:0, a4eb97e2-c085-4a03-847a-2990f025d514|rpc:127.0.0.1:43867|dataStream:|priority:0], old=null
2022-10-11 17:33:37,294 [0de9eb11-3db5-450a-a624-fd6bf12412f3-server-thread1] INFO  ratis.XceiverServerRatis (XceiverServerRatis.java:handleLeaderChangedNotification(863)) - Leader change notification received for group: group-7EC0B1F630C1 with new leaderId: c6f9d5d6-ce23-4a05-8f31-e64b02be19f7
2022-10-11 17:33:37,294 [0de9eb11-3db5-450a-a624-fd6bf12412f3-server-thread1] INFO  server.RaftServer$Division (ServerState.java:setLeader(287)) - 0de9eb11-3db5-450a-a624-fd6bf12412f3@group-7EC0B1F630C1: change Leader from null to c6f9d5d6-ce23-4a05-8f31-e64b02be19f7 at term 2 for appendEntries, leader elected after 10028ms
2022-10-11 17:33:37,308 [0de9eb11-3db5-450a-a624-fd6bf12412f3-server-thread1] INFO  server.RaftServer$Division (ServerState.java:setRaftConf(393)) - 0de9eb11-3db5-450a-a624-fd6bf12412f3@group-7EC0B1F630C1: set configuration 0: [c6f9d5d6-ce23-4a05-8f31-e64b02be19f7|rpc:127.0.0.1:42011|dataStream:|priority:1, 0de9eb11-3db5-450a-a624-fd6bf12412f3|rpc:127.0.0.1:38277|dataStream:|priority:0, a4eb97e2-c085-4a03-847a-2990f025d514|rpc:127.0.0.1:43867|dataStream:|priority:0], old=null
2022-10-11 17:33:37,308 [0de9eb11-3db5-450a-a624-fd6bf12412f3-server-thread1] INFO  segmented.SegmentedRaftLogWorker (SegmentedRaftLogWorker.java:startLogSegment(425)) - 0de9eb11-3db5-450a-a624-fd6bf12412f3@group-7EC0B1F630C1-SegmentedRaftLogWorker: Starting segment from index:0
2022-10-11 17:33:37,309 [a4eb97e2-c085-4a03-847a-2990f025d514-server-thread1] INFO  ratis.XceiverServerRatis (XceiverServerRatis.java:handleLeaderChangedNotification(863)) - Leader change notification received for group: group-7EC0B1F630C1 with new leaderId: c6f9d5d6-ce23-4a05-8f31-e64b02be19f7
2022-10-11 17:33:37,309 [a4eb97e2-c085-4a03-847a-2990f025d514-server-thread1] INFO  server.RaftServer$Division (ServerState.java:setLeader(287)) - a4eb97e2-c085-4a03-847a-2990f025d514@group-7EC0B1F630C1: change Leader from null to c6f9d5d6-ce23-4a05-8f31-e64b02be19f7 at term 2 for appendEntries, leader elected after 10214ms
2022-10-11 17:33:37,310 [0de9eb11-3db5-450a-a624-fd6bf12412f3@group-7EC0B1F630C1-SegmentedRaftLogWorker] INFO  segmented.SegmentedRaftLogWorker (SegmentedRaftLogWorker.java:execute(629)) - 0de9eb11-3db5-450a-a624-fd6bf12412f3@group-7EC0B1F630C1-SegmentedRaftLogWorker: created new log segment /home/runner/work/ozone/ozone/hadoop-ozone/integration-test/target/test-dir/MiniOzoneClusterImpl-a53f0994-8d29-48d7-8b80-9abc5033b6e0/datanode-2/data/ratis/6a5c9305-feb4-4d3b-b1e8-7ec0b1f630c1/current/log_inprogress_0
2022-10-11 17:33:37,319 [a4eb97e2-c085-4a03-847a-2990f025d514-server-thread1] INFO  server.RaftServer$Division (ServerState.java:setRaftConf(393)) - a4eb97e2-c085-4a03-847a-2990f025d514@group-7EC0B1F630C1: set configuration 0: [c6f9d5d6-ce23-4a05-8f31-e64b02be19f7|rpc:127.0.0.1:42011|dataStream:|priority:1, 0de9eb11-3db5-450a-a624-fd6bf12412f3|rpc:127.0.0.1:38277|dataStream:|priority:0, a4eb97e2-c085-4a03-847a-2990f025d514|rpc:127.0.0.1:43867|dataStream:|priority:0], old=null
2022-10-11 17:33:37,319 [a4eb97e2-c085-4a03-847a-2990f025d514-server-thread1] INFO  segmented.SegmentedRaftLogWorker (SegmentedRaftLogWorker.java:startLogSegment(425)) - a4eb97e2-c085-4a03-847a-2990f025d514@group-7EC0B1F630C1-SegmentedRaftLogWorker: Starting segment from index:0
2022-10-11 17:33:37,321 [a4eb97e2-c085-4a03-847a-2990f025d514@group-7EC0B1F630C1-SegmentedRaftLogWorker] INFO  segmented.SegmentedRaftLogWorker (SegmentedRaftLogWorker.java:execute(629)) - a4eb97e2-c085-4a03-847a-2990f025d514@group-7EC0B1F630C1-SegmentedRaftLogWorker: created new log segment /home/runner/work/ozone/ozone/hadoop-ozone/integration-test/target/test-dir/MiniOzoneClusterImpl-a53f0994-8d29-48d7-8b80-9abc5033b6e0/datanode-1/data/ratis/6a5c9305-feb4-4d3b-b1e8-7ec0b1f630c1/current/log_inprogress_0
2022-10-11 17:33:37,426 [Listener at 127.0.0.1/46797] INFO  ozone.MiniOzoneClusterImpl (MiniOzoneClusterImpl.java:lambda$waitForClusterToBeReady$0(216)) - Nodes are ready. Got 3 of 3 DN Heartbeats.
2022-10-11 17:33:37,426 [Listener at 127.0.0.1/46797] INFO  ozone.MiniOzoneClusterImpl (MiniOzoneClusterImpl.java:lambda$waitForClusterToBeReady$0(219)) - Cluster exits safe mode
2022-10-11 17:33:37,427 [Listener at 127.0.0.1/46797] INFO  ozone.MiniOzoneClusterImpl (MiniOzoneClusterImpl.java:lambda$waitForClusterToBeReady$0(221)) - SCM became leader
2022-10-11 17:33:37,976 [IPC Server handler 8 on default port 38391] INFO  ha.SCMNodeInfo (SCMNodeInfo.java:getPort(197)) - ConfigKey ozone.scm.client.address is deprecated, For configuring different ports for each SCM use PortConfigKey ozone.scm.client.port appended with serviceId and nodeId
2022-10-11 17:33:37,976 [IPC Server handler 8 on default port 38391] INFO  ha.SCMNodeInfo (SCMNodeInfo.java:getPort(197)) - ConfigKey ozone.scm.block.client.address is deprecated, For configuring different ports for each SCM use PortConfigKey ozone.scm.block.client.port appended with serviceId and nodeId
2022-10-11 17:33:37,976 [IPC Server handler 8 on default port 38391] INFO  ha.SCMNodeInfo (SCMNodeInfo.java:getPort(197)) - ConfigKey ozone.scm.datanode.address is deprecated, For configuring different ports for each SCM use PortConfigKey ozone.scm.datanode.port appended with serviceId and nodeId
2022-10-11 17:33:37,976 [IPC Server handler 8 on default port 38391] INFO  ha.SCMNodeInfo (SCMNodeInfo.java:getPort(197)) - ConfigKey ozone.scm.client.address is deprecated, For configuring different ports for each SCM use PortConfigKey ozone.scm.client.port appended with serviceId and nodeId
2022-10-11 17:33:37,976 [IPC Server handler 8 on default port 38391] INFO  ha.SCMNodeInfo (SCMNodeInfo.java:getPort(197)) - ConfigKey ozone.scm.block.client.address is deprecated, For configuring different ports for each SCM use PortConfigKey ozone.scm.block.client.port appended with serviceId and nodeId
2022-10-11 17:33:37,976 [IPC Server handler 8 on default port 38391] INFO  ha.SCMNodeInfo (SCMNodeInfo.java:getPort(197)) - ConfigKey ozone.scm.datanode.address is deprecated, For configuring different ports for each SCM use PortConfigKey ozone.scm.datanode.port appended with serviceId and nodeId
2022-10-11 17:33:37,976 [IPC Server handler 8 on default port 38391] INFO  ha.SCMNodeInfo (SCMNodeInfo.java:getPort(197)) - ConfigKey ozone.scm.client.address is deprecated, For configuring different ports for each SCM use PortConfigKey ozone.scm.client.port appended with serviceId and nodeId
2022-10-11 17:33:37,976 [IPC Server handler 8 on default port 38391] INFO  ha.SCMNodeInfo (SCMNodeInfo.java:getPort(197)) - ConfigKey ozone.scm.block.client.address is deprecated, For configuring different ports for each SCM use PortConfigKey ozone.scm.block.client.port appended with serviceId and nodeId
2022-10-11 17:33:37,976 [IPC Server handler 8 on default port 38391] INFO  ha.SCMNodeInfo (SCMNodeInfo.java:getPort(197)) - ConfigKey ozone.scm.datanode.address is deprecated, For configuring different ports for each SCM use PortConfigKey ozone.scm.datanode.port appended with serviceId and nodeId
2022-10-11 17:33:37,991 [Listener at 127.0.0.1/46797] INFO  rpc.RpcClient (RpcClient.java:createVolume(471)) - Creating Volume: 82a74557-fdd8-479e-ad00-084fac825e26, with runner as owner and space quota set to -1 bytes, counts quota set to -1
2022-10-11 17:33:38,038 [OM StateMachine ApplyTransaction Thread - 0] INFO  volume.OMVolumeCreateRequest (OMVolumeCreateRequest.java:validateAndUpdateCache(195)) - created volume:82a74557-fdd8-479e-ad00-084fac825e26 for user:runner
2022-10-11 17:33:38,043 [OM StateMachine ApplyTransaction Thread - 0] INFO  volume.OMVolumeCreateRequest (OMVolumeCreateRequest.java:validateAndUpdateCache(195)) - created volume:82a74557-fdd8-479e-ad00-084fac825e26 for user:runner
2022-10-11 17:33:38,043 [OM StateMachine ApplyTransaction Thread - 0] INFO  volume.OMVolumeCreateRequest (OMVolumeCreateRequest.java:validateAndUpdateCache(195)) - created volume:82a74557-fdd8-479e-ad00-084fac825e26 for user:runner
2022-10-11 17:33:38,084 [Listener at 127.0.0.1/46797] INFO  rpc.RpcClient (RpcClient.java:createBucket(674)) - Creating Bucket: 82a74557-fdd8-479e-ad00-084fac825e26/93ef5a6a-f944-45ec-a8fc-3d34389fbae4, with server-side default bucket layout, runner as owner, Versioning false, Storage Type set to DISK and Encryption set to false 
2022-10-11 17:33:38,113 [OM StateMachine ApplyTransaction Thread - 0] INFO  bucket.OMBucketCreateRequest (OMBucketCreateRequest.java:validateAndUpdateCache(260)) - created bucket: 93ef5a6a-f944-45ec-a8fc-3d34389fbae4 of layout LEGACY in volume: 82a74557-fdd8-479e-ad00-084fac825e26
2022-10-11 17:33:38,114 [Listener at 127.0.0.1/46797] INFO  ozone.MiniOzoneHAClusterImpl (MiniOzoneHAClusterImpl.java:stop(312)) - Stopping the OzoneManager omNode-3
2022-10-11 17:33:38,114 [Listener at 127.0.0.1/46797] INFO  om.OzoneManager (OzoneManager.java:stop(2038)) - omNode-3[localhost:46797]: Stopping Ozone Manager
2022-10-11 17:33:38,115 [Listener at 127.0.0.1/46797] INFO  ipc.Server (Server.java:stop(3414)) - Stopping server on 46797
2022-10-11 17:33:38,129 [IPC Server Responder] INFO  ipc.Server (Server.java:run(1512)) - Stopping IPC Server Responder
2022-10-11 17:33:38,129 [IPC Server listener on 46797] INFO  ipc.Server (Server.java:run(1376)) - Stopping IPC Server listener on 46797
2022-10-11 17:33:38,123 [OM StateMachine ApplyTransaction Thread - 0] INFO  bucket.OMBucketCreateRequest (OMBucketCreateRequest.java:validateAndUpdateCache(260)) - created bucket: 93ef5a6a-f944-45ec-a8fc-3d34389fbae4 of layout LEGACY in volume: 82a74557-fdd8-479e-ad00-084fac825e26
2022-10-11 17:33:38,130 [Listener at 127.0.0.1/46797] INFO  server.RaftServer (RaftServerProxy.java:lambda$close$7(398)) - omNode-3: close
2022-10-11 17:33:38,130 [Listener at 127.0.0.1/46797] INFO  server.RaftServer$Division (RaftServerImpl.java:lambda$close$4(434)) - omNode-3@group-6C22E66A003A: shutdown
2022-10-11 17:33:38,130 [Listener at 127.0.0.1/46797] INFO  util.JmxRegister (JmxRegister.java:unregister(73)) - Successfully un-registered JMX Bean with object name Ratis:service=RaftServer,group=group-6C22E66A003A,id=omNode-3
2022-10-11 17:33:38,130 [Listener at 127.0.0.1/46797] INFO  impl.RoleInfo (RoleInfo.java:shutdownFollowerState(110)) - omNode-3: shutdown omNode-3@group-6C22E66A003A-FollowerState
2022-10-11 17:33:38,130 [Listener at 127.0.0.1/46797] INFO  impl.StateMachineUpdater (StateMachineUpdater.java:stopAndJoin(153)) - omNode-3@group-6C22E66A003A-StateMachineUpdater: set stopIndex = 5
2022-10-11 17:33:38,131 [omNode-3@group-6C22E66A003A-FollowerState] INFO  impl.FollowerState (FollowerState.java:run(152)) - omNode-3@group-6C22E66A003A-FollowerState was interrupted
2022-10-11 17:33:38,141 [omNode-3@group-6C22E66A003A-StateMachineUpdater] INFO  ratis.OzoneManagerStateMachine (OzoneManagerStateMachine.java:takeSnapshot(441)) - Current Snapshot Index (t:4, i:5)
2022-10-11 17:33:38,141 [OM StateMachine ApplyTransaction Thread - 0] INFO  bucket.OMBucketCreateRequest (OMBucketCreateRequest.java:validateAndUpdateCache(260)) - created bucket: 93ef5a6a-f944-45ec-a8fc-3d34389fbae4 of layout LEGACY in volume: 82a74557-fdd8-479e-ad00-084fac825e26
2022-10-11 17:33:38,141 [omNode-3@group-6C22E66A003A-StateMachineUpdater] INFO  impl.StateMachineUpdater (StateMachineUpdater.java:takeSnapshot(287)) - omNode-3@group-6C22E66A003A-StateMachineUpdater: Took a snapshot at index 5
2022-10-11 17:33:38,141 [omNode-3@group-6C22E66A003A-StateMachineUpdater] INFO  impl.StateMachineUpdater (StateMachineUpdater.java:lambda$new$0(92)) - omNode-3@group-6C22E66A003A-StateMachineUpdater: snapshotIndex: updateIncreasingly -1 -> 5
2022-10-11 17:33:38,141 [omNode-3@group-6C22E66A003A-StateMachineUpdater] INFO  ratis.OzoneManagerStateMachine (OzoneManagerStateMachine.java:close(495)) - StateMachine has shutdown. Shutdown OzoneManager if not already shutdown.
2022-10-11 17:33:38,141 [omNode-3@group-6C22E66A003A-StateMachineUpdater] INFO  ratis.OzoneManagerDoubleBuffer (OzoneManagerDoubleBuffer.java:stop(466)) - Stopping OMDoubleBuffer flush thread
2022-10-11 17:33:38,146 [OMDoubleBufferFlushThread] INFO  ratis.OzoneManagerDoubleBuffer (OzoneManagerDoubleBuffer.java:flushTransactions(385)) - OMDoubleBuffer flush thread OMDoubleBufferFlushThread is interrupted and will exit.
2022-10-11 17:33:38,148 [Listener at 127.0.0.1/46797] INFO  server.RaftServer$Division (ServerState.java:close(429)) - omNode-3@group-6C22E66A003A: closes. applyIndex: 5
2022-10-11 17:33:38,153 [omNode-3@group-6C22E66A003A-SegmentedRaftLogWorker] INFO  segmented.SegmentedRaftLogWorker (SegmentedRaftLogWorker.java:run(336)) - omNode-3@group-6C22E66A003A-SegmentedRaftLogWorker was interrupted, exiting. There are 0 tasks remaining in the queue.
2022-10-11 17:33:38,158 [Listener at 127.0.0.1/46797] INFO  segmented.SegmentedRaftLogWorker (SegmentedRaftLogWorker.java:close(246)) - omNode-3@group-6C22E66A003A-SegmentedRaftLogWorker close()
2022-10-11 17:33:38,161 [Listener at 127.0.0.1/46797] INFO  server.GrpcService (GrpcService.java:closeImpl(269)) - omNode-3: shutdown server with port 39447 now
2022-10-11 17:33:38,170 [grpc-default-executor-3] WARN  server.GrpcServerProtocolService (LogUtils.java:warn(122)) - omNode-3: installSnapshot onError, lastRequest: omNode-2->omNode-3#101-t4,previous=(t:4, i:5),leaderCommit=5,initializing? true,entries: size=1, first=(t:4, i:6), METADATAENTRY(c:5): org.apache.ratis.thirdparty.io.grpc.StatusRuntimeException: CANCELLED: client cancelled
2022-10-11 17:33:38,174 [Listener at 127.0.0.1/46797] INFO  server.GrpcService (GrpcService.java:closeImpl(278)) - omNode-3: shutdown server with port 39447 successfully
2022-10-11 17:33:38,177 [grpc-default-executor-1] WARN  server.GrpcLogAppender (LogUtils.java:warn(122)) - omNode-2@group-6C22E66A003A->omNode-3-AppendLogResponseHandler: Failed appendEntries: org.apache.ratis.thirdparty.io.grpc.StatusRuntimeException: CANCELLED: RST_STREAM closed stream. HTTP/2 error code: CANCEL
2022-10-11 17:33:38,177 [org.apache.ratis.util.JvmPauseMonitor$$Lambda$519/1644506233@60577575] INFO  util.JvmPauseMonitor (JvmPauseMonitor.java:run(109)) - JvmPauseMonitor-omNode-3: Stopped
2022-10-11 17:33:38,177 [grpc-default-executor-1] INFO  leader.FollowerInfo (FollowerInfoImpl.java:lambda$new$0(48)) - omNode-2@group-6C22E66A003A->omNode-3: nextIndex: updateUnconditionally 7 -> 6
2022-10-11 17:33:38,177 [Listener at 127.0.0.1/46797] INFO  ratis.OzoneManagerStateMachine (OzoneManagerStateMachine.java:close(495)) - StateMachine has shutdown. Shutdown OzoneManager if not already shutdown.
2022-10-11 17:33:38,177 [Listener at 127.0.0.1/46797] INFO  ratis.OzoneManagerDoubleBuffer (OzoneManagerDoubleBuffer.java:stop(478)) - OMDoubleBuffer flush thread is not running.
2022-10-11 17:33:38,177 [Listener at 127.0.0.1/46797] INFO  utils.BackgroundService (BackgroundService.java:shutdown(141)) - Shutting down service KeyDeletingService
2022-10-11 17:33:38,178 [Listener at 127.0.0.1/46797] INFO  utils.BackgroundService (BackgroundService.java:shutdown(141)) - Shutting down service DirectoryDeletingService
2022-10-11 17:33:38,178 [Listener at 127.0.0.1/46797] INFO  utils.BackgroundService (BackgroundService.java:shutdown(141)) - Shutting down service OpenKeyCleanupService
2022-10-11 17:33:38,180 [Listener at 127.0.0.1/46797] INFO  handler.ContextHandler (ContextHandler.java:doStop(1153)) - Stopped o.e.j.w.WebAppContext@6cec37bf{ozoneManager,/,null,STOPPED}{file:/home/runner/work/ozone/ozone/hadoop-ozone/integration-test/target/test-classes/webapps/ozoneManager}
2022-10-11 17:33:38,190 [Listener at 127.0.0.1/46797] INFO  server.AbstractConnector (AbstractConnector.java:doStop(381)) - Stopped ServerConnector@1413df41{HTTP/1.1, (http/1.1)}{0.0.0.0:43301}
2022-10-11 17:33:38,190 [Listener at 127.0.0.1/46797] INFO  server.session (HouseKeeper.java:stopScavenging(149)) - node0 Stopped scavenging
2022-10-11 17:33:38,191 [Listener at 127.0.0.1/46797] INFO  handler.ContextHandler (ContextHandler.java:doStop(1153)) - Stopped o.e.j.s.ServletContextHandler@4539858f{static,/static,file:///home/runner/work/ozone/ozone/hadoop-ozone/integration-test/target/test-classes/webapps/static,STOPPED}
2022-10-11 17:33:38,191 [Listener at 127.0.0.1/46797] INFO  handler.ContextHandler (ContextHandler.java:doStop(1153)) - Stopped o.e.j.s.ServletContextHandler@2d1485d{logs,/logs,file:///home/runner/work/ozone/ozone/hadoop-ozone/integration-test/target/log,STOPPED}
2022-10-11 17:33:38,197 [grpc-default-executor-3] WARN  server.GrpcLogAppender (LogUtils.java:warn(122)) - omNode-2@group-6C22E66A003A->omNode-3-AppendLogResponseHandler: Failed appendEntries: org.apache.ratis.thirdparty.io.grpc.StatusRuntimeException: UNAVAILABLE: io exception
2022-10-11 17:33:38,197 [grpc-default-executor-3] INFO  leader.FollowerInfo (FollowerInfoImpl.java:lambda$new$0(48)) - omNode-2@group-6C22E66A003A->omNode-3: nextIndex: updateUnconditionally 7 -> 6
2022-10-11 17:33:38,198 [Listener at 127.0.0.1/46797] INFO  ozone.MiniOzoneHAClusterImpl (MiniOzoneHAClusterImpl.java:stop(312)) - Stopping the OzoneManager omNode-1
2022-10-11 17:33:38,198 [Listener at 127.0.0.1/46797] INFO  om.OzoneManager (OzoneManager.java:stop(2038)) - omNode-1[localhost:39581]: Stopping Ozone Manager
2022-10-11 17:33:38,198 [Listener at 127.0.0.1/46797] INFO  ipc.Server (Server.java:stop(3414)) - Stopping server on 39581
2022-10-11 17:33:38,204 [IPC Server listener on 39581] INFO  ipc.Server (Server.java:run(1376)) - Stopping IPC Server listener on 39581
2022-10-11 17:33:38,210 [IPC Server Responder] INFO  ipc.Server (Server.java:run(1512)) - Stopping IPC Server Responder
2022-10-11 17:33:38,210 [Listener at 127.0.0.1/46797] INFO  server.RaftServer (RaftServerProxy.java:lambda$close$7(398)) - omNode-1: close
2022-10-11 17:33:38,211 [Listener at 127.0.0.1/46797] INFO  server.RaftServer$Division (RaftServerImpl.java:lambda$close$4(434)) - omNode-1@group-6C22E66A003A: shutdown
2022-10-11 17:33:38,211 [Listener at 127.0.0.1/46797] INFO  util.JmxRegister (JmxRegister.java:unregister(73)) - Successfully un-registered JMX Bean with object name Ratis:service=RaftServer,group=group-6C22E66A003A,id=omNode-1
2022-10-11 17:33:38,211 [Listener at 127.0.0.1/46797] INFO  impl.RoleInfo (RoleInfo.java:shutdownFollowerState(110)) - omNode-1: shutdown omNode-1@group-6C22E66A003A-FollowerState
2022-10-11 17:33:38,211 [Listener at 127.0.0.1/46797] INFO  impl.StateMachineUpdater (StateMachineUpdater.java:stopAndJoin(153)) - omNode-1@group-6C22E66A003A-StateMachineUpdater: set stopIndex = 5
2022-10-11 17:33:38,212 [omNode-1@group-6C22E66A003A-FollowerState] INFO  impl.FollowerState (FollowerState.java:run(152)) - omNode-1@group-6C22E66A003A-FollowerState was interrupted
2022-10-11 17:33:38,212 [omNode-1@group-6C22E66A003A-StateMachineUpdater] INFO  ratis.OzoneManagerStateMachine (OzoneManagerStateMachine.java:takeSnapshot(441)) - Current Snapshot Index (t:4, i:5)
2022-10-11 17:33:38,212 [omNode-1@group-6C22E66A003A-StateMachineUpdater] INFO  impl.StateMachineUpdater (StateMachineUpdater.java:takeSnapshot(287)) - omNode-1@group-6C22E66A003A-StateMachineUpdater: Took a snapshot at index 5
2022-10-11 17:33:38,212 [omNode-1@group-6C22E66A003A-StateMachineUpdater] INFO  impl.StateMachineUpdater (StateMachineUpdater.java:lambda$new$0(92)) - omNode-1@group-6C22E66A003A-StateMachineUpdater: snapshotIndex: updateIncreasingly -1 -> 5
2022-10-11 17:33:38,212 [omNode-1@group-6C22E66A003A-StateMachineUpdater] INFO  ratis.OzoneManagerStateMachine (OzoneManagerStateMachine.java:close(495)) - StateMachine has shutdown. Shutdown OzoneManager if not already shutdown.
2022-10-11 17:33:38,213 [omNode-1@group-6C22E66A003A-StateMachineUpdater] INFO  ratis.OzoneManagerDoubleBuffer (OzoneManagerDoubleBuffer.java:stop(466)) - Stopping OMDoubleBuffer flush thread
2022-10-11 17:33:38,213 [OMDoubleBufferFlushThread] INFO  ratis.OzoneManagerDoubleBuffer (OzoneManagerDoubleBuffer.java:flushTransactions(385)) - OMDoubleBuffer flush thread OMDoubleBufferFlushThread is interrupted and will exit.
2022-10-11 17:33:38,221 [Listener at 127.0.0.1/46797] INFO  server.RaftServer$Division (ServerState.java:close(429)) - omNode-1@group-6C22E66A003A: closes. applyIndex: 5
2022-10-11 17:33:38,221 [omNode-1@group-6C22E66A003A-SegmentedRaftLogWorker] INFO  segmented.SegmentedRaftLogWorker (SegmentedRaftLogWorker.java:run(336)) - omNode-1@group-6C22E66A003A-SegmentedRaftLogWorker was interrupted, exiting. There are 0 tasks remaining in the queue.
2022-10-11 17:33:38,223 [Listener at 127.0.0.1/46797] INFO  segmented.SegmentedRaftLogWorker (SegmentedRaftLogWorker.java:close(246)) - omNode-1@group-6C22E66A003A-SegmentedRaftLogWorker close()
2022-10-11 17:33:38,225 [Listener at 127.0.0.1/46797] INFO  server.GrpcService (GrpcService.java:closeImpl(269)) - omNode-1: shutdown server with port 44389 now
2022-10-11 17:33:38,230 [grpc-default-executor-3] WARN  server.GrpcLogAppender (LogUtils.java:warn(122)) - omNode-2@group-6C22E66A003A->omNode-1-AppendLogResponseHandler: Failed appendEntries: org.apache.ratis.thirdparty.io.grpc.StatusRuntimeException: CANCELLED: RST_STREAM closed stream. HTTP/2 error code: CANCEL
2022-10-11 17:33:38,230 [grpc-default-executor-3] INFO  leader.FollowerInfo (FollowerInfoImpl.java:lambda$new$0(48)) - omNode-2@group-6C22E66A003A->omNode-1: nextIndex: updateUnconditionally 7 -> 6
2022-10-11 17:33:38,230 [grpc-default-executor-1] WARN  server.GrpcServerProtocolService (LogUtils.java:warn(122)) - omNode-1: installSnapshot onError, lastRequest: omNode-2->omNode-1#104-t4,previous=(t:4, i:5),leaderCommit=5,initializing? true,entries: size=1, first=(t:4, i:6), METADATAENTRY(c:5): org.apache.ratis.thirdparty.io.grpc.StatusRuntimeException: CANCELLED: client cancelled
2022-10-11 17:33:38,232 [Listener at 127.0.0.1/46797] INFO  server.GrpcService (GrpcService.java:closeImpl(278)) - omNode-1: shutdown server with port 44389 successfully
2022-10-11 17:33:38,232 [org.apache.ratis.util.JvmPauseMonitor$$Lambda$519/1644506233@734f01ca] INFO  util.JvmPauseMonitor (JvmPauseMonitor.java:run(109)) - JvmPauseMonitor-omNode-1: Stopped
2022-10-11 17:33:38,236 [Listener at 127.0.0.1/46797] INFO  ratis.OzoneManagerStateMachine (OzoneManagerStateMachine.java:close(495)) - StateMachine has shutdown. Shutdown OzoneManager if not already shutdown.
2022-10-11 17:33:38,236 [Listener at 127.0.0.1/46797] INFO  ratis.OzoneManagerDoubleBuffer (OzoneManagerDoubleBuffer.java:stop(478)) - OMDoubleBuffer flush thread is not running.
2022-10-11 17:33:38,236 [Listener at 127.0.0.1/46797] INFO  utils.BackgroundService (BackgroundService.java:shutdown(141)) - Shutting down service KeyDeletingService
2022-10-11 17:33:38,236 [Listener at 127.0.0.1/46797] INFO  utils.BackgroundService (BackgroundService.java:shutdown(141)) - Shutting down service DirectoryDeletingService
2022-10-11 17:33:38,236 [Listener at 127.0.0.1/46797] INFO  utils.BackgroundService (BackgroundService.java:shutdown(141)) - Shutting down service OpenKeyCleanupService
2022-10-11 17:33:38,237 [Listener at 127.0.0.1/46797] INFO  handler.ContextHandler (ContextHandler.java:doStop(1153)) - Stopped o.e.j.w.WebAppContext@5ed7b86f{ozoneManager,/,null,STOPPED}{file:/home/runner/work/ozone/ozone/hadoop-ozone/integration-test/target/test-classes/webapps/ozoneManager}
2022-10-11 17:33:38,238 [Listener at 127.0.0.1/46797] INFO  server.AbstractConnector (AbstractConnector.java:doStop(381)) - Stopped ServerConnector@275d3c5d{HTTP/1.1, (http/1.1)}{0.0.0.0:33815}
2022-10-11 17:33:38,238 [Listener at 127.0.0.1/46797] INFO  server.session (HouseKeeper.java:stopScavenging(149)) - node0 Stopped scavenging
2022-10-11 17:33:38,238 [Listener at 127.0.0.1/46797] INFO  handler.ContextHandler (ContextHandler.java:doStop(1153)) - Stopped o.e.j.s.ServletContextHandler@8741283{static,/static,file:///home/runner/work/ozone/ozone/hadoop-ozone/integration-test/target/test-classes/webapps/static,STOPPED}
2022-10-11 17:33:38,238 [Listener at 127.0.0.1/46797] INFO  handler.ContextHandler (ContextHandler.java:doStop(1153)) - Stopped o.e.j.s.ServletContextHandler@276623fb{logs,/logs,file:///home/runner/work/ozone/ozone/hadoop-ozone/integration-test/target/log,STOPPED}
2022-10-11 17:33:38,243 [Listener at 127.0.0.1/46797] INFO  ozone.MiniOzoneHAClusterImpl (MiniOzoneHAClusterImpl.java:stop(312)) - Stopping the OzoneManager omNode-2
2022-10-11 17:33:38,243 [Listener at 127.0.0.1/46797] INFO  om.OzoneManager (OzoneManager.java:stop(2038)) - omNode-2[localhost:38391]: Stopping Ozone Manager
2022-10-11 17:33:38,244 [Listener at 127.0.0.1/46797] INFO  ipc.Server (Server.java:stop(3414)) - Stopping server on 38391
2022-10-11 17:33:38,245 [grpc-default-executor-3] WARN  server.GrpcLogAppender (LogUtils.java:warn(122)) - omNode-2@group-6C22E66A003A->omNode-1-AppendLogResponseHandler: Failed appendEntries: org.apache.ratis.thirdparty.io.grpc.StatusRuntimeException: UNAVAILABLE: io exception
2022-10-11 17:33:38,245 [IPC Server listener on 38391] INFO  ipc.Server (Server.java:run(1376)) - Stopping IPC Server listener on 38391
2022-10-11 17:33:38,247 [grpc-default-executor-3] INFO  leader.FollowerInfo (FollowerInfoImpl.java:lambda$new$0(48)) - omNode-2@group-6C22E66A003A->omNode-1: nextIndex: updateUnconditionally 7 -> 6
2022-10-11 17:33:38,247 [IPC Server Responder] INFO  ipc.Server (Server.java:run(1512)) - Stopping IPC Server Responder
2022-10-11 17:33:38,248 [Listener at 127.0.0.1/46797] INFO  server.RaftServer (RaftServerProxy.java:lambda$close$7(398)) - omNode-2: close
2022-10-11 17:33:38,248 [Listener at 127.0.0.1/46797] INFO  server.RaftServer$Division (RaftServerImpl.java:lambda$close$4(434)) - omNode-2@group-6C22E66A003A: shutdown
2022-10-11 17:33:38,248 [Listener at 127.0.0.1/46797] INFO  util.JmxRegister (JmxRegister.java:unregister(73)) - Successfully un-registered JMX Bean with object name Ratis:service=RaftServer,group=group-6C22E66A003A,id=omNode-2
2022-10-11 17:33:38,248 [Listener at 127.0.0.1/46797] INFO  impl.RoleInfo (RoleInfo.java:shutdownLeaderState(93)) - omNode-2: shutdown omNode-2@group-6C22E66A003A-LeaderStateImpl
2022-10-11 17:33:38,248 [omNode-2@group-6C22E66A003A->omNode-3-GrpcLogAppender-LogAppenderDaemon] WARN  server.GrpcLogAppender (GrpcLogAppender.java:mayWait(171)) - omNode-2@group-6C22E66A003A->omNode-3-GrpcLogAppender: Wait interrupted by java.lang.InterruptedException
2022-10-11 17:33:38,249 [omNode-2@group-6C22E66A003A->omNode-1-GrpcLogAppender-LogAppenderDaemon] WARN  server.GrpcLogAppender (GrpcLogAppender.java:mayWait(171)) - omNode-2@group-6C22E66A003A->omNode-1-GrpcLogAppender: Wait interrupted by java.lang.InterruptedException
2022-10-11 17:33:38,249 [Listener at 127.0.0.1/46797] INFO  impl.PendingRequests (PendingRequests.java:sendNotLeaderResponses(282)) - omNode-2@group-6C22E66A003A-PendingRequests: sendNotLeaderResponses
2022-10-11 17:33:38,255 [omNode-2@group-6C22E66A003A-StateMachineUpdater] INFO  ratis.OzoneManagerStateMachine (OzoneManagerStateMachine.java:takeSnapshot(441)) - Current Snapshot Index (t:4, i:6)
2022-10-11 17:33:38,255 [omNode-2@group-6C22E66A003A-StateMachineUpdater] INFO  impl.StateMachineUpdater (StateMachineUpdater.java:takeSnapshot(287)) - omNode-2@group-6C22E66A003A-StateMachineUpdater: Took a snapshot at index 6
2022-10-11 17:33:38,255 [omNode-2@group-6C22E66A003A-StateMachineUpdater] INFO  impl.StateMachineUpdater (StateMachineUpdater.java:lambda$new$0(92)) - omNode-2@group-6C22E66A003A-StateMachineUpdater: snapshotIndex: updateIncreasingly -1 -> 6
2022-10-11 17:33:38,256 [omNode-2@group-6C22E66A003A-StateMachineUpdater] INFO  ratis.OzoneManagerStateMachine (OzoneManagerStateMachine.java:close(495)) - StateMachine has shutdown. Shutdown OzoneManager if not already shutdown.
2022-10-11 17:33:38,256 [omNode-2@group-6C22E66A003A-StateMachineUpdater] INFO  ratis.OzoneManagerDoubleBuffer (OzoneManagerDoubleBuffer.java:stop(466)) - Stopping OMDoubleBuffer flush thread
2022-10-11 17:33:38,256 [OMDoubleBufferFlushThread] INFO  ratis.OzoneManagerDoubleBuffer (OzoneManagerDoubleBuffer.java:flushTransactions(385)) - OMDoubleBuffer flush thread OMDoubleBufferFlushThread is interrupted and will exit.
2022-10-11 17:33:38,259 [Listener at 127.0.0.1/46797] INFO  impl.StateMachineUpdater (StateMachineUpdater.java:stopAndJoin(153)) - omNode-2@group-6C22E66A003A-StateMachineUpdater: set stopIndex = 6
2022-10-11 17:33:38,260 [Listener at 127.0.0.1/46797] INFO  server.RaftServer$Division (ServerState.java:close(429)) - omNode-2@group-6C22E66A003A: closes. applyIndex: 6
2022-10-11 17:33:38,261 [omNode-2@group-6C22E66A003A-SegmentedRaftLogWorker] INFO  segmented.SegmentedRaftLogWorker (SegmentedRaftLogWorker.java:run(336)) - omNode-2@group-6C22E66A003A-SegmentedRaftLogWorker was interrupted, exiting. There are 0 tasks remaining in the queue.
2022-10-11 17:33:38,262 [Listener at 127.0.0.1/46797] INFO  segmented.SegmentedRaftLogWorker (SegmentedRaftLogWorker.java:close(246)) - omNode-2@group-6C22E66A003A-SegmentedRaftLogWorker close()
2022-10-11 17:33:38,265 [Listener at 127.0.0.1/46797] INFO  server.GrpcService (GrpcService.java:closeImpl(269)) - omNode-2: shutdown server with port 44407 now
2022-10-11 17:33:38,269 [Listener at 127.0.0.1/46797] INFO  server.GrpcService (GrpcService.java:closeImpl(278)) - omNode-2: shutdown server with port 44407 successfully
2022-10-11 17:33:38,269 [org.apache.ratis.util.JvmPauseMonitor$$Lambda$519/1644506233@d8a71c1] INFO  util.JvmPauseMonitor (JvmPauseMonitor.java:run(109)) - JvmPauseMonitor-omNode-2: Stopped
2022-10-11 17:33:38,270 [Listener at 127.0.0.1/46797] INFO  ratis.OzoneManagerStateMachine (OzoneManagerStateMachine.java:close(495)) - StateMachine has shutdown. Shutdown OzoneManager if not already shutdown.
2022-10-11 17:33:38,270 [Listener at 127.0.0.1/46797] INFO  ratis.OzoneManagerDoubleBuffer (OzoneManagerDoubleBuffer.java:stop(478)) - OMDoubleBuffer flush thread is not running.
2022-10-11 17:33:38,270 [Listener at 127.0.0.1/46797] INFO  utils.BackgroundService (BackgroundService.java:shutdown(141)) - Shutting down service KeyDeletingService
2022-10-11 17:33:38,270 [Listener at 127.0.0.1/46797] INFO  utils.BackgroundService (BackgroundService.java:shutdown(141)) - Shutting down service DirectoryDeletingService
2022-10-11 17:33:38,270 [Listener at 127.0.0.1/46797] INFO  utils.BackgroundService (BackgroundService.java:shutdown(141)) - Shutting down service OpenKeyCleanupService
2022-10-11 17:33:38,271 [Listener at 127.0.0.1/46797] INFO  handler.ContextHandler (ContextHandler.java:doStop(1153)) - Stopped o.e.j.w.WebAppContext@114fabdf{ozoneManager,/,null,STOPPED}{file:/home/runner/work/ozone/ozone/hadoop-ozone/integration-test/target/test-classes/webapps/ozoneManager}
2022-10-11 17:33:38,271 [Listener at 127.0.0.1/46797] INFO  server.AbstractConnector (AbstractConnector.java:doStop(381)) - Stopped ServerConnector@49ad1133{HTTP/1.1, (http/1.1)}{0.0.0.0:43507}
2022-10-11 17:33:38,272 [Listener at 127.0.0.1/46797] INFO  server.session (HouseKeeper.java:stopScavenging(149)) - node0 Stopped scavenging
2022-10-11 17:33:38,272 [Listener at 127.0.0.1/46797] INFO  handler.ContextHandler (ContextHandler.java:doStop(1153)) - Stopped o.e.j.s.ServletContextHandler@21d21ead{static,/static,file:///home/runner/work/ozone/ozone/hadoop-ozone/integration-test/target/test-classes/webapps/static,STOPPED}
2022-10-11 17:33:38,272 [Listener at 127.0.0.1/46797] INFO  handler.ContextHandler (ContextHandler.java:doStop(1153)) - Stopped o.e.j.s.ServletContextHandler@9518983{logs,/logs,file:///home/runner/work/ozone/ozone/hadoop-ozone/integration-test/target/log,STOPPED}
2022-10-11 17:33:38,276 [Listener at 127.0.0.1/46797] INFO  ozone.MiniOzoneHAClusterImpl (MiniOzoneHAClusterImpl.java:stop(320)) - Stopping the StorageContainerManager 26594dbf-7a18-4bd8-acec-1f08b91ad5e5
2022-10-11 17:33:38,277 [Listener at 127.0.0.1/46797] INFO  server.StorageContainerManager (StorageContainerManager.java:stop(1528)) - Container Balancer is not running.
2022-10-11 17:33:38,277 [Listener at 127.0.0.1/46797] INFO  server.StorageContainerManager (StorageContainerManager.java:stop(1535)) - Stopping Replication Manager Service.
2022-10-11 17:33:38,277 [Listener at 127.0.0.1/46797] INFO  replication.ReplicationManager (ReplicationManager.java:stop(257)) - Stopping Replication Monitor Thread.
2022-10-11 17:33:38,277 [Under Replicated Processor] WARN  replication.UnderReplicatedProcessor (UnderReplicatedProcessor.java:run(148)) - Under Replicated Processor interrupted. Exiting...
2022-10-11 17:33:38,277 [Over Replicated Processor] WARN  replication.OverReplicatedProcessor (OverReplicatedProcessor.java:run(137)) - Over Replicated Processor interrupted. Exiting...
2022-10-11 17:33:38,278 [ReplicationMonitor] INFO  replication.ReplicationManager (ReplicationManager.java:run(509)) - Replication Monitor Thread is stopped
2022-10-11 17:33:38,278 [Listener at 127.0.0.1/46797] INFO  server.StorageContainerManager (StorageContainerManager.java:stop(1542)) - Stopping the Datanode Admin Monitor.
2022-10-11 17:33:38,278 [Listener at 127.0.0.1/46797] INFO  server.StorageContainerManager (StorageContainerManager.java:stop(1549)) - Stopping Lease Manager of the command watchers
2022-10-11 17:33:38,278 [Listener at 127.0.0.1/46797] INFO  server.StorageContainerManager (StorageContainerManager.java:stop(1556)) - Stopping datanode service RPC server
2022-10-11 17:33:38,278 [Listener at 127.0.0.1/46797] INFO  server.SCMDatanodeProtocolServer (SCMDatanodeProtocolServer.java:stop(414)) - Stopping the RPC server for DataNodes
2022-10-11 17:33:38,278 [Listener at 127.0.0.1/46797] INFO  ipc.Server (Server.java:stop(3414)) - Stopping server on 44349
2022-10-11 17:33:38,281 [IPC Server Responder] INFO  ipc.Server (Server.java:run(1512)) - Stopping IPC Server Responder
2022-10-11 17:33:38,282 [IPC Server listener on 44349] INFO  ipc.Server (Server.java:run(1376)) - Stopping IPC Server listener on 44349
2022-10-11 17:33:38,330 [SCM Heartbeat Processing Thread - 0] WARN  node.NodeStateManager (NodeStateManager.java:scheduleNextHealthCheck(870)) - Current Thread is interrupted, shutting down HB processing thread for Node Manager.
2022-10-11 17:33:38,333 [Listener at 127.0.0.1/46797] INFO  server.StorageContainerManager (StorageContainerManager.java:stop(1564)) - Stopping block service RPC server
2022-10-11 17:33:38,333 [Listener at 127.0.0.1/46797] INFO  server.SCMBlockProtocolServer (SCMBlockProtocolServer.java:stop(161)) - Stopping the RPC server for Block Protocol
2022-10-11 17:33:38,333 [Listener at 127.0.0.1/46797] INFO  ipc.Server (Server.java:stop(3414)) - Stopping server on 40463
2022-10-11 17:33:38,336 [IPC Server Responder] INFO  ipc.Server (Server.java:run(1512)) - Stopping IPC Server Responder
2022-10-11 17:33:38,336 [Listener at 127.0.0.1/46797] INFO  server.StorageContainerManager (StorageContainerManager.java:stop(1571)) - Stopping the StorageContainerLocationProtocol RPC server
2022-10-11 17:33:38,336 [Listener at 127.0.0.1/46797] INFO  server.SCMClientProtocolServer (SCMClientProtocolServer.java:stop(179)) - Stopping the RPC server for Client Protocol
2022-10-11 17:33:38,336 [Listener at 127.0.0.1/46797] INFO  ipc.Server (Server.java:stop(3414)) - Stopping server on 34009
2022-10-11 17:33:38,336 [IPC Server listener on 40463] INFO  ipc.Server (Server.java:run(1376)) - Stopping IPC Server listener on 40463
2022-10-11 17:33:38,339 [IPC Server Responder] INFO  ipc.Server (Server.java:run(1512)) - Stopping IPC Server Responder
2022-10-11 17:33:38,339 [Listener at 127.0.0.1/46797] INFO  server.StorageContainerManager (StorageContainerManager.java:stop(1578)) - Stopping Storage Container Manager HTTP server.
2022-10-11 17:33:38,340 [IPC Server listener on 34009] INFO  ipc.Server (Server.java:run(1376)) - Stopping IPC Server listener on 34009
2022-10-11 17:33:38,340 [Listener at 127.0.0.1/46797] INFO  handler.ContextHandler (ContextHandler.java:doStop(1153)) - Stopped o.e.j.w.WebAppContext@3a771beb{scm,/,null,STOPPED}{file:/home/runner/work/ozone/ozone/hadoop-ozone/integration-test/target/test-classes/webapps/scm}
2022-10-11 17:33:38,342 [Listener at 127.0.0.1/46797] INFO  server.AbstractConnector (AbstractConnector.java:doStop(381)) - Stopped ServerConnector@784f3a4c{HTTP/1.1, (http/1.1)}{0.0.0.0:39877}
2022-10-11 17:33:38,342 [Listener at 127.0.0.1/46797] INFO  server.session (HouseKeeper.java:stopScavenging(149)) - node0 Stopped scavenging
2022-10-11 17:33:38,342 [Listener at 127.0.0.1/46797] INFO  handler.ContextHandler (ContextHandler.java:doStop(1153)) - Stopped o.e.j.s.ServletContextHandler@45ed124f{static,/static,file:///home/runner/work/ozone/ozone/hadoop-ozone/integration-test/target/test-classes/webapps/static,STOPPED}
2022-10-11 17:33:38,343 [Listener at 127.0.0.1/46797] INFO  handler.ContextHandler (ContextHandler.java:doStop(1153)) - Stopped o.e.j.s.ServletContextHandler@4512f8b2{logs,/logs,file:///home/runner/work/ozone/ozone/hadoop-ozone/integration-test/target/log,STOPPED}
2022-10-11 17:33:38,344 [Listener at 127.0.0.1/46797] INFO  server.StorageContainerManager (StorageContainerManager.java:stop(1584)) - Stopping SCM LayoutVersionManager Service.
2022-10-11 17:33:38,344 [Listener at 127.0.0.1/46797] INFO  server.StorageContainerManager (StorageContainerManager.java:stop(1592)) - Stopping Block Manager Service.
2022-10-11 17:33:38,344 [Listener at 127.0.0.1/46797] INFO  utils.BackgroundService (BackgroundService.java:shutdown(141)) - Shutting down service SCMBlockDeletingService
2022-10-11 17:33:38,344 [Listener at 127.0.0.1/46797] INFO  utils.BackgroundService (BackgroundService.java:shutdown(141)) - Shutting down service SCMBlockDeletingService
2022-10-11 17:33:38,344 [Listener at 127.0.0.1/46797] INFO  server.StorageContainerManager (StorageContainerManager.java:stop(1619)) - Stopping SCM Event Queue.
2022-10-11 17:33:38,350 [Listener at 127.0.0.1/46797] INFO  server.StorageContainerManager (StorageContainerManager.java:stop(1630)) - Stopping SCM HA services.
2022-10-11 17:33:38,351 [Listener at 127.0.0.1/46797] INFO  ha.SCMRatisServerImpl (SCMRatisServerImpl.java:stop(237)) - stopping ratis server 0.0.0.0:33821
2022-10-11 17:33:38,351 [Listener at 127.0.0.1/46797] INFO  server.RaftServer (RaftServerProxy.java:lambda$close$7(398)) - 26594dbf-7a18-4bd8-acec-1f08b91ad5e5: close
2022-10-11 17:33:38,351 [Listener at 127.0.0.1/46797] INFO  server.RaftServer$Division (RaftServerImpl.java:lambda$close$4(434)) - 26594dbf-7a18-4bd8-acec-1f08b91ad5e5@group-9ABC5033B6E0: shutdown
2022-10-11 17:33:38,351 [Listener at 127.0.0.1/46797] INFO  util.JmxRegister (JmxRegister.java:unregister(73)) - Successfully un-registered JMX Bean with object name Ratis:service=RaftServer,group=group-9ABC5033B6E0,id=26594dbf-7a18-4bd8-acec-1f08b91ad5e5
2022-10-11 17:33:38,351 [Listener at 127.0.0.1/46797] INFO  impl.RoleInfo (RoleInfo.java:shutdownFollowerState(110)) - 26594dbf-7a18-4bd8-acec-1f08b91ad5e5: shutdown 26594dbf-7a18-4bd8-acec-1f08b91ad5e5@group-9ABC5033B6E0-FollowerState
2022-10-11 17:33:38,351 [26594dbf-7a18-4bd8-acec-1f08b91ad5e5@group-9ABC5033B6E0-FollowerState] INFO  impl.FollowerState (FollowerState.java:run(152)) - 26594dbf-7a18-4bd8-acec-1f08b91ad5e5@group-9ABC5033B6E0-FollowerState was interrupted
2022-10-11 17:33:38,352 [26594dbf-7a18-4bd8-acec-1f08b91ad5e5@group-9ABC5033B6E0-StateMachineUpdater] INFO  ha.SCMStateMachine (SCMStateMachine.java:takeSnapshot(297)) - Current Snapshot Index 27, takeSnapshot took 1 ms
2022-10-11 17:33:38,352 [26594dbf-7a18-4bd8-acec-1f08b91ad5e5@group-9ABC5033B6E0-StateMachineUpdater] INFO  impl.StateMachineUpdater (StateMachineUpdater.java:takeSnapshot(287)) - 26594dbf-7a18-4bd8-acec-1f08b91ad5e5@group-9ABC5033B6E0-StateMachineUpdater: Took a snapshot at index 27
2022-10-11 17:33:38,352 [26594dbf-7a18-4bd8-acec-1f08b91ad5e5@group-9ABC5033B6E0-StateMachineUpdater] INFO  impl.StateMachineUpdater (StateMachineUpdater.java:lambda$new$0(92)) - 26594dbf-7a18-4bd8-acec-1f08b91ad5e5@group-9ABC5033B6E0-StateMachineUpdater: snapshotIndex: updateIncreasingly -1 -> 27
2022-10-11 17:33:38,352 [26594dbf-7a18-4bd8-acec-1f08b91ad5e5@group-9ABC5033B6E0-StateMachineUpdater] INFO  server.StorageContainerManager (StorageContainerManager.java:stop(1528)) - Container Balancer is not running.
2022-10-11 17:33:38,352 [26594dbf-7a18-4bd8-acec-1f08b91ad5e5@group-9ABC5033B6E0-StateMachineUpdater] INFO  server.StorageContainerManager (StorageContainerManager.java:stop(1535)) - Stopping Replication Manager Service.
2022-10-11 17:33:38,352 [26594dbf-7a18-4bd8-acec-1f08b91ad5e5@group-9ABC5033B6E0-StateMachineUpdater] INFO  replication.ReplicationManager (ReplicationManager.java:stop(265)) - Replication Monitor Thread is not running.
2022-10-11 17:33:38,352 [26594dbf-7a18-4bd8-acec-1f08b91ad5e5@group-9ABC5033B6E0-StateMachineUpdater] INFO  server.StorageContainerManager (StorageContainerManager.java:stop(1542)) - Stopping the Datanode Admin Monitor.
2022-10-11 17:33:38,353 [26594dbf-7a18-4bd8-acec-1f08b91ad5e5@group-9ABC5033B6E0-StateMachineUpdater] INFO  server.StorageContainerManager (StorageContainerManager.java:stop(1549)) - Stopping Lease Manager of the command watchers
2022-10-11 17:33:38,353 [26594dbf-7a18-4bd8-acec-1f08b91ad5e5@group-9ABC5033B6E0-StateMachineUpdater] ERROR server.StorageContainerManager (StorageContainerManager.java:stop(1552)) - Lease Manager of the command watchers stop failed
2022-10-11 17:33:38,353 [26594dbf-7a18-4bd8-acec-1f08b91ad5e5@group-9ABC5033B6E0-StateMachineUpdater] INFO  server.StorageContainerManager (StorageContainerManager.java:stop(1556)) - Stopping datanode service RPC server
2022-10-11 17:33:38,353 [26594dbf-7a18-4bd8-acec-1f08b91ad5e5@group-9ABC5033B6E0-StateMachineUpdater] INFO  server.SCMDatanodeProtocolServer (SCMDatanodeProtocolServer.java:stop(414)) - Stopping the RPC server for DataNodes
2022-10-11 17:33:38,353 [26594dbf-7a18-4bd8-acec-1f08b91ad5e5@group-9ABC5033B6E0-StateMachineUpdater] INFO  ipc.Server (Server.java:stop(3414)) - Stopping server on 44349
2022-10-11 17:33:38,353 [26594dbf-7a18-4bd8-acec-1f08b91ad5e5@group-9ABC5033B6E0-StateMachineUpdater] INFO  server.StorageContainerManager (StorageContainerManager.java:stop(1564)) - Stopping block service RPC server
2022-10-11 17:33:38,353 [26594dbf-7a18-4bd8-acec-1f08b91ad5e5@group-9ABC5033B6E0-StateMachineUpdater] INFO  server.SCMBlockProtocolServer (SCMBlockProtocolServer.java:stop(161)) - Stopping the RPC server for Block Protocol
2022-10-11 17:33:38,353 [26594dbf-7a18-4bd8-acec-1f08b91ad5e5@group-9ABC5033B6E0-StateMachineUpdater] INFO  ipc.Server (Server.java:stop(3414)) - Stopping server on 40463
2022-10-11 17:33:38,353 [26594dbf-7a18-4bd8-acec-1f08b91ad5e5@group-9ABC5033B6E0-StateMachineUpdater] INFO  server.StorageContainerManager (StorageContainerManager.java:stop(1571)) - Stopping the StorageContainerLocationProtocol RPC server
2022-10-11 17:33:38,353 [26594dbf-7a18-4bd8-acec-1f08b91ad5e5@group-9ABC5033B6E0-StateMachineUpdater] INFO  server.SCMClientProtocolServer (SCMClientProtocolServer.java:stop(179)) - Stopping the RPC server for Client Protocol
2022-10-11 17:33:38,353 [26594dbf-7a18-4bd8-acec-1f08b91ad5e5@group-9ABC5033B6E0-StateMachineUpdater] INFO  ipc.Server (Server.java:stop(3414)) - Stopping server on 34009
2022-10-11 17:33:38,353 [26594dbf-7a18-4bd8-acec-1f08b91ad5e5@group-9ABC5033B6E0-StateMachineUpdater] INFO  server.StorageContainerManager (StorageContainerManager.java:stop(1578)) - Stopping Storage Container Manager HTTP server.
2022-10-11 17:33:38,353 [Listener at 127.0.0.1/46797] INFO  impl.StateMachineUpdater (StateMachineUpdater.java:stopAndJoin(153)) - 26594dbf-7a18-4bd8-acec-1f08b91ad5e5@group-9ABC5033B6E0-StateMachineUpdater: set stopIndex = 27
2022-10-11 17:33:38,355 [26594dbf-7a18-4bd8-acec-1f08b91ad5e5@group-9ABC5033B6E0-StateMachineUpdater] INFO  server.StorageContainerManager (StorageContainerManager.java:stop(1584)) - Stopping SCM LayoutVersionManager Service.
2022-10-11 17:33:38,355 [26594dbf-7a18-4bd8-acec-1f08b91ad5e5@group-9ABC5033B6E0-StateMachineUpdater] INFO  server.StorageContainerManager (StorageContainerManager.java:stop(1592)) - Stopping Block Manager Service.
2022-10-11 17:33:38,355 [26594dbf-7a18-4bd8-acec-1f08b91ad5e5@group-9ABC5033B6E0-StateMachineUpdater] INFO  utils.BackgroundService (BackgroundService.java:shutdown(141)) - Shutting down service SCMBlockDeletingService
2022-10-11 17:33:38,355 [26594dbf-7a18-4bd8-acec-1f08b91ad5e5@group-9ABC5033B6E0-StateMachineUpdater] INFO  utils.BackgroundService (BackgroundService.java:shutdown(141)) - Shutting down service SCMBlockDeletingService
2022-10-11 17:33:38,355 [26594dbf-7a18-4bd8-acec-1f08b91ad5e5@group-9ABC5033B6E0-StateMachineUpdater] INFO  server.StorageContainerManager (StorageContainerManager.java:stop(1619)) - Stopping SCM Event Queue.
2022-10-11 17:33:38,355 [26594dbf-7a18-4bd8-acec-1f08b91ad5e5@group-9ABC5033B6E0-StateMachineUpdater] INFO  server.StorageContainerManager (StorageContainerManager.java:stop(1630)) - Stopping SCM HA services.
2022-10-11 17:33:38,355 [26594dbf-7a18-4bd8-acec-1f08b91ad5e5@group-9ABC5033B6E0-StateMachineUpdater] INFO  ha.SCMRatisServerImpl (SCMRatisServerImpl.java:stop(237)) - stopping ratis server 0.0.0.0:33821
2022-10-11 17:33:38,355 [org.apache.ratis.util.JvmPauseMonitor$$Lambda$519/1644506233@24c095c7] INFO  util.JvmPauseMonitor (JvmPauseMonitor.java:run(109)) - JvmPauseMonitor-26594dbf-7a18-4bd8-acec-1f08b91ad5e5: Stopped
2022-10-11 17:33:38,359 [26594dbf-7a18-4bd8-acec-1f08b91ad5e5@group-9ABC5033B6E0-StateMachineUpdater] INFO  pipeline.BackgroundPipelineCreator (BackgroundPipelineCreator.java:stop(149)) - Stopping RatisPipelineUtilsThread.
2022-10-11 17:33:38,359 [RatisPipelineUtilsThread - 0] WARN  pipeline.BackgroundPipelineCreator (BackgroundPipelineCreator.java:run(180)) - RatisPipelineUtilsThread is interrupted.
2022-10-11 17:33:38,359 [26594dbf-7a18-4bd8-acec-1f08b91ad5e5@group-9ABC5033B6E0-StateMachineUpdater] INFO  BackgroundPipelineScrubber (BackgroundSCMService.java:stop(131)) - Stopping BackgroundPipelineScrubber Service.
2022-10-11 17:33:38,359 [BackgroundPipelineScrubberThread] WARN  BackgroundPipelineScrubber (BackgroundSCMService.java:run(115)) - BackgroundPipelineScrubber is interrupted, exit
2022-10-11 17:33:38,361 [26594dbf-7a18-4bd8-acec-1f08b91ad5e5@group-9ABC5033B6E0-StateMachineUpdater] INFO  server.StorageContainerManager (StorageContainerManager.java:stop(1640)) - Stopping SCM MetadataStore.
2022-10-11 17:33:38,363 [26594dbf-7a18-4bd8-acec-1f08b91ad5e5@group-9ABC5033B6E0-StateMachineUpdater] INFO  impl.MetricsSystemImpl (MetricsSystemImpl.java:stop(210)) - Stopping HddsDatanode metrics system...
2022-10-11 17:33:38,379 [prometheus] INFO  impl.MetricsSinkAdapter (MetricsSinkAdapter.java:publishMetricsFromQueue(141)) - prometheus thread interrupted.
2022-10-11 17:33:38,380 [26594dbf-7a18-4bd8-acec-1f08b91ad5e5@group-9ABC5033B6E0-StateMachineUpdater] INFO  impl.MetricsSystemImpl (MetricsSystemImpl.java:stop(216)) - HddsDatanode metrics system stopped.
2022-10-11 17:33:38,380 [26594dbf-7a18-4bd8-acec-1f08b91ad5e5@group-9ABC5033B6E0-StateMachineUpdater] ERROR server.StorageContainerManager (ExitUtils.java:terminate(133)) - Terminating with exit status 1: scm statemachine is closed by ratis, terminate SCM
2022-10-11 17:33:38,381 [26594dbf-7a18-4bd8-acec-1f08b91ad5e5@group-9ABC5033B6E0-StateMachineUpdater] WARN  impl.StateMachineUpdater (StateMachineUpdater.java:stop(137)) - 26594dbf-7a18-4bd8-acec-1f08b91ad5e5@group-9ABC5033B6E0-StateMachineUpdater: Failed to close SCMStateMachine SCMStateMachine:26594dbf-7a18-4bd8-acec-1f08b91ad5e5:group-9ABC5033B6E0
org.apache.ratis.util.ExitUtils$ExitException: scm statemachine is closed by ratis, terminate SCM
	at org.apache.ratis.util.ExitUtils.terminate(ExitUtils.java:141)
	at org.apache.ratis.util.ExitUtils.terminate(ExitUtils.java:151)
	at org.apache.ratis.util.ExitUtils.terminate(ExitUtils.java:155)
	at org.apache.hadoop.hdds.scm.server.StorageContainerManager.shutDown(StorageContainerManager.java:1656)
	at org.apache.hadoop.hdds.scm.ha.SCMStateMachine.close(SCMStateMachine.java:403)
	at org.apache.ratis.server.impl.StateMachineUpdater.stop(StateMachineUpdater.java:134)
	at org.apache.ratis.server.impl.StateMachineUpdater.run(StateMachineUpdater.java:187)
	at java.lang.Thread.run(Thread.java:750)
2022-10-11 17:33:38,383 [Listener at 127.0.0.1/46797] INFO  server.RaftServer$Division (ServerState.java:close(429)) - 26594dbf-7a18-4bd8-acec-1f08b91ad5e5@group-9ABC5033B6E0: closes. applyIndex: 26
2022-10-11 17:33:38,383 [26594dbf-7a18-4bd8-acec-1f08b91ad5e5@group-9ABC5033B6E0-SegmentedRaftLogWorker] INFO  segmented.SegmentedRaftLogWorker (SegmentedRaftLogWorker.java:run(336)) - 26594dbf-7a18-4bd8-acec-1f08b91ad5e5@group-9ABC5033B6E0-SegmentedRaftLogWorker was interrupted, exiting. There are 0 tasks remaining in the queue.
2022-10-11 17:33:38,385 [Listener at 127.0.0.1/46797] INFO  segmented.SegmentedRaftLogWorker (SegmentedRaftLogWorker.java:close(246)) - 26594dbf-7a18-4bd8-acec-1f08b91ad5e5@group-9ABC5033B6E0-SegmentedRaftLogWorker close()
2022-10-11 17:33:38,387 [Listener at 127.0.0.1/46797] INFO  server.GrpcService (GrpcService.java:closeImpl(269)) - 26594dbf-7a18-4bd8-acec-1f08b91ad5e5: shutdown server with port 33821 now
2022-10-11 17:33:38,389 [grpc-default-executor-1] WARN  server.GrpcServerProtocolService (LogUtils.java:warn(122)) - 26594dbf-7a18-4bd8-acec-1f08b91ad5e5: installSnapshot onError, lastRequest: eedbf36c-d765-4127-a253-f087b7af9e5f->26594dbf-7a18-4bd8-acec-1f08b91ad5e5#951-t2,previous=(t:2, i:27),leaderCommit=27,initializing? true,entries: size=1, first=(t:2, i:28), METADATAENTRY(c:27): org.apache.ratis.thirdparty.io.grpc.StatusRuntimeException: CANCELLED: client cancelled
2022-10-11 17:33:38,390 [grpc-default-executor-3] WARN  server.GrpcLogAppender (LogUtils.java:warn(122)) - eedbf36c-d765-4127-a253-f087b7af9e5f@group-9ABC5033B6E0->26594dbf-7a18-4bd8-acec-1f08b91ad5e5-AppendLogResponseHandler: Failed appendEntries: org.apache.ratis.thirdparty.io.grpc.StatusRuntimeException: CANCELLED: RST_STREAM closed stream. HTTP/2 error code: CANCEL
2022-10-11 17:33:38,390 [Listener at 127.0.0.1/46797] INFO  server.GrpcService (GrpcService.java:closeImpl(278)) - 26594dbf-7a18-4bd8-acec-1f08b91ad5e5: shutdown server with port 33821 successfully
2022-10-11 17:33:38,390 [grpc-default-executor-3] INFO  leader.FollowerInfo (FollowerInfoImpl.java:lambda$new$0(48)) - eedbf36c-d765-4127-a253-f087b7af9e5f@group-9ABC5033B6E0->26594dbf-7a18-4bd8-acec-1f08b91ad5e5: nextIndex: updateUnconditionally 29 -> 28
2022-10-11 17:33:38,390 [Listener at 127.0.0.1/46797] WARN  pipeline.BackgroundPipelineCreator (BackgroundPipelineCreator.java:stop(145)) - RatisPipelineUtilsThread is not running, just ignore.
2022-10-11 17:33:38,390 [Listener at 127.0.0.1/46797] INFO  BackgroundPipelineScrubber (BackgroundSCMService.java:stop(126)) - BackgroundPipelineScrubber Service is not running, skip stop.
2022-10-11 17:33:38,390 [Listener at 127.0.0.1/46797] INFO  server.StorageContainerManager (StorageContainerManager.java:stop(1640)) - Stopping SCM MetadataStore.
2022-10-11 17:33:38,390 [Listener at 127.0.0.1/46797] INFO  impl.MetricsSystemImpl (MetricsSystemImpl.java:stop(205)) - HddsDatanode metrics system stopped (again)
2022-10-11 17:33:38,391 [Listener at 127.0.0.1/46797] INFO  ozone.MiniOzoneHAClusterImpl (MiniOzoneHAClusterImpl.java:stop(320)) - Stopping the StorageContainerManager fa895461-6123-4d7e-a25c-be7d0086d09c
2022-10-11 17:33:38,391 [Listener at 127.0.0.1/46797] INFO  server.StorageContainerManager (StorageContainerManager.java:stop(1528)) - Container Balancer is not running.
2022-10-11 17:33:38,391 [Listener at 127.0.0.1/46797] INFO  server.StorageContainerManager (StorageContainerManager.java:stop(1535)) - Stopping Replication Manager Service.
2022-10-11 17:33:38,391 [Listener at 127.0.0.1/46797] INFO  replication.ReplicationManager (ReplicationManager.java:stop(257)) - Stopping Replication Monitor Thread.
2022-10-11 17:33:38,391 [Over Replicated Processor] WARN  replication.OverReplicatedProcessor (OverReplicatedProcessor.java:run(137)) - Over Replicated Processor interrupted. Exiting...
2022-10-11 17:33:38,391 [Under Replicated Processor] WARN  replication.UnderReplicatedProcessor (UnderReplicatedProcessor.java:run(148)) - Under Replicated Processor interrupted. Exiting...
2022-10-11 17:33:38,392 [Listener at 127.0.0.1/46797] INFO  server.StorageContainerManager (StorageContainerManager.java:stop(1542)) - Stopping the Datanode Admin Monitor.
2022-10-11 17:33:38,392 [ReplicationMonitor] INFO  replication.ReplicationManager (ReplicationManager.java:run(509)) - Replication Monitor Thread is stopped
2022-10-11 17:33:38,392 [Listener at 127.0.0.1/46797] INFO  server.StorageContainerManager (StorageContainerManager.java:stop(1549)) - Stopping Lease Manager of the command watchers
2022-10-11 17:33:38,392 [Listener at 127.0.0.1/46797] INFO  server.StorageContainerManager (StorageContainerManager.java:stop(1556)) - Stopping datanode service RPC server
2022-10-11 17:33:38,392 [Listener at 127.0.0.1/46797] INFO  server.SCMDatanodeProtocolServer (SCMDatanodeProtocolServer.java:stop(414)) - Stopping the RPC server for DataNodes
2022-10-11 17:33:38,392 [Listener at 127.0.0.1/46797] INFO  ipc.Server (Server.java:stop(3414)) - Stopping server on 44887
2022-10-11 17:33:38,394 [IPC Server listener on 44887] INFO  ipc.Server (Server.java:run(1376)) - Stopping IPC Server listener on 44887
2022-10-11 17:33:38,396 [IPC Server Responder] INFO  ipc.Server (Server.java:run(1512)) - Stopping IPC Server Responder
2022-10-11 17:33:38,403 [grpc-default-executor-3] WARN  server.GrpcLogAppender (LogUtils.java:warn(122)) - eedbf36c-d765-4127-a253-f087b7af9e5f@group-9ABC5033B6E0->26594dbf-7a18-4bd8-acec-1f08b91ad5e5-AppendLogResponseHandler: Failed appendEntries: org.apache.ratis.thirdparty.io.grpc.StatusRuntimeException: UNAVAILABLE: io exception
2022-10-11 17:33:38,404 [grpc-default-executor-3] INFO  leader.FollowerInfo (FollowerInfoImpl.java:lambda$new$0(48)) - eedbf36c-d765-4127-a253-f087b7af9e5f@group-9ABC5033B6E0->26594dbf-7a18-4bd8-acec-1f08b91ad5e5: nextIndex: updateUnconditionally 29 -> 28
2022-10-11 17:33:38,441 [SCM Heartbeat Processing Thread - 0] WARN  node.NodeStateManager (NodeStateManager.java:scheduleNextHealthCheck(870)) - Current Thread is interrupted, shutting down HB processing thread for Node Manager.
2022-10-11 17:33:38,442 [Listener at 127.0.0.1/46797] INFO  server.StorageContainerManager (StorageContainerManager.java:stop(1564)) - Stopping block service RPC server
2022-10-11 17:33:38,442 [Listener at 127.0.0.1/46797] INFO  server.SCMBlockProtocolServer (SCMBlockProtocolServer.java:stop(161)) - Stopping the RPC server for Block Protocol
2022-10-11 17:33:38,442 [Listener at 127.0.0.1/46797] INFO  ipc.Server (Server.java:stop(3414)) - Stopping server on 43519
2022-10-11 17:33:38,444 [IPC Server listener on 43519] INFO  ipc.Server (Server.java:run(1376)) - Stopping IPC Server listener on 43519
2022-10-11 17:33:38,444 [Listener at 127.0.0.1/46797] INFO  server.StorageContainerManager (StorageContainerManager.java:stop(1571)) - Stopping the StorageContainerLocationProtocol RPC server
2022-10-11 17:33:38,444 [Listener at 127.0.0.1/46797] INFO  server.SCMClientProtocolServer (SCMClientProtocolServer.java:stop(179)) - Stopping the RPC server for Client Protocol
2022-10-11 17:33:38,444 [Listener at 127.0.0.1/46797] INFO  ipc.Server (Server.java:stop(3414)) - Stopping server on 34653
2022-10-11 17:33:38,444 [IPC Server Responder] INFO  ipc.Server (Server.java:run(1512)) - Stopping IPC Server Responder
2022-10-11 17:33:38,448 [IPC Server listener on 34653] INFO  ipc.Server (Server.java:run(1376)) - Stopping IPC Server listener on 34653
2022-10-11 17:33:38,450 [Listener at 127.0.0.1/46797] INFO  server.StorageContainerManager (StorageContainerManager.java:stop(1578)) - Stopping Storage Container Manager HTTP server.
2022-10-11 17:33:38,450 [IPC Server Responder] INFO  ipc.Server (Server.java:run(1512)) - Stopping IPC Server Responder
2022-10-11 17:33:38,451 [Listener at 127.0.0.1/46797] INFO  handler.ContextHandler (ContextHandler.java:doStop(1153)) - Stopped o.e.j.w.WebAppContext@503ff12f{scm,/,null,STOPPED}{file:/home/runner/work/ozone/ozone/hadoop-ozone/integration-test/target/test-classes/webapps/scm}
2022-10-11 17:33:38,454 [Listener at 127.0.0.1/46797] INFO  server.AbstractConnector (AbstractConnector.java:doStop(381)) - Stopped ServerConnector@25a65020{HTTP/1.1, (http/1.1)}{0.0.0.0:41181}
2022-10-11 17:33:38,454 [Listener at 127.0.0.1/46797] INFO  server.session (HouseKeeper.java:stopScavenging(149)) - node0 Stopped scavenging
2022-10-11 17:33:38,455 [Listener at 127.0.0.1/46797] INFO  handler.ContextHandler (ContextHandler.java:doStop(1153)) - Stopped o.e.j.s.ServletContextHandler@43aeaf5c{static,/static,file:///home/runner/work/ozone/ozone/hadoop-ozone/integration-test/target/test-classes/webapps/static,STOPPED}
2022-10-11 17:33:38,455 [Listener at 127.0.0.1/46797] INFO  handler.ContextHandler (ContextHandler.java:doStop(1153)) - Stopped o.e.j.s.ServletContextHandler@726a7312{logs,/logs,file:///home/runner/work/ozone/ozone/hadoop-ozone/integration-test/target/log,STOPPED}
2022-10-11 17:33:38,456 [Listener at 127.0.0.1/46797] INFO  server.StorageContainerManager (StorageContainerManager.java:stop(1584)) - Stopping SCM LayoutVersionManager Service.
2022-10-11 17:33:38,456 [Listener at 127.0.0.1/46797] INFO  server.StorageContainerManager (StorageContainerManager.java:stop(1592)) - Stopping Block Manager Service.
2022-10-11 17:33:38,456 [Listener at 127.0.0.1/46797] INFO  utils.BackgroundService (BackgroundService.java:shutdown(141)) - Shutting down service SCMBlockDeletingService
2022-10-11 17:33:38,456 [Listener at 127.0.0.1/46797] INFO  utils.BackgroundService (BackgroundService.java:shutdown(141)) - Shutting down service SCMBlockDeletingService
2022-10-11 17:33:38,457 [Listener at 127.0.0.1/46797] INFO  server.StorageContainerManager (StorageContainerManager.java:stop(1619)) - Stopping SCM Event Queue.
2022-10-11 17:33:38,458 [Listener at 127.0.0.1/46797] INFO  server.StorageContainerManager (StorageContainerManager.java:stop(1630)) - Stopping SCM HA services.
2022-10-11 17:33:38,458 [Listener at 127.0.0.1/46797] INFO  ha.SCMRatisServerImpl (SCMRatisServerImpl.java:stop(237)) - stopping ratis server 0.0.0.0:42091
2022-10-11 17:33:38,459 [Listener at 127.0.0.1/46797] INFO  server.RaftServer (RaftServerProxy.java:lambda$close$7(398)) - fa895461-6123-4d7e-a25c-be7d0086d09c: close
2022-10-11 17:33:38,459 [Listener at 127.0.0.1/46797] INFO  server.RaftServer$Division (RaftServerImpl.java:lambda$close$4(434)) - fa895461-6123-4d7e-a25c-be7d0086d09c@group-9ABC5033B6E0: shutdown
2022-10-11 17:33:38,459 [Listener at 127.0.0.1/46797] INFO  util.JmxRegister (JmxRegister.java:unregister(73)) - Successfully un-registered JMX Bean with object name Ratis:service=RaftServer,group=group-9ABC5033B6E0,id=fa895461-6123-4d7e-a25c-be7d0086d09c
2022-10-11 17:33:38,459 [Listener at 127.0.0.1/46797] INFO  impl.RoleInfo (RoleInfo.java:shutdownFollowerState(110)) - fa895461-6123-4d7e-a25c-be7d0086d09c: shutdown fa895461-6123-4d7e-a25c-be7d0086d09c@group-9ABC5033B6E0-FollowerState
2022-10-11 17:33:38,459 [fa895461-6123-4d7e-a25c-be7d0086d09c@group-9ABC5033B6E0-FollowerState] INFO  impl.FollowerState (FollowerState.java:run(152)) - fa895461-6123-4d7e-a25c-be7d0086d09c@group-9ABC5033B6E0-FollowerState was interrupted
2022-10-11 17:33:38,460 [fa895461-6123-4d7e-a25c-be7d0086d09c@group-9ABC5033B6E0-StateMachineUpdater] INFO  ha.SCMStateMachine (SCMStateMachine.java:takeSnapshot(297)) - Current Snapshot Index 27, takeSnapshot took 0 ms
2022-10-11 17:33:38,460 [fa895461-6123-4d7e-a25c-be7d0086d09c@group-9ABC5033B6E0-StateMachineUpdater] INFO  impl.StateMachineUpdater (StateMachineUpdater.java:takeSnapshot(287)) - fa895461-6123-4d7e-a25c-be7d0086d09c@group-9ABC5033B6E0-StateMachineUpdater: Took a snapshot at index 27
2022-10-11 17:33:38,460 [fa895461-6123-4d7e-a25c-be7d0086d09c@group-9ABC5033B6E0-StateMachineUpdater] INFO  impl.StateMachineUpdater (StateMachineUpdater.java:lambda$new$0(92)) - fa895461-6123-4d7e-a25c-be7d0086d09c@group-9ABC5033B6E0-StateMachineUpdater: snapshotIndex: updateIncreasingly -1 -> 27
2022-10-11 17:33:38,460 [fa895461-6123-4d7e-a25c-be7d0086d09c@group-9ABC5033B6E0-StateMachineUpdater] INFO  server.StorageContainerManager (StorageContainerManager.java:stop(1528)) - Container Balancer is not running.
2022-10-11 17:33:38,460 [fa895461-6123-4d7e-a25c-be7d0086d09c@group-9ABC5033B6E0-StateMachineUpdater] INFO  server.StorageContainerManager (StorageContainerManager.java:stop(1535)) - Stopping Replication Manager Service.
2022-10-11 17:33:38,460 [fa895461-6123-4d7e-a25c-be7d0086d09c@group-9ABC5033B6E0-StateMachineUpdater] INFO  replication.ReplicationManager (ReplicationManager.java:stop(265)) - Replication Monitor Thread is not running.
2022-10-11 17:33:38,460 [fa895461-6123-4d7e-a25c-be7d0086d09c@group-9ABC5033B6E0-StateMachineUpdater] INFO  server.StorageContainerManager (StorageContainerManager.java:stop(1542)) - Stopping the Datanode Admin Monitor.
2022-10-11 17:33:38,460 [fa895461-6123-4d7e-a25c-be7d0086d09c@group-9ABC5033B6E0-StateMachineUpdater] INFO  server.StorageContainerManager (StorageContainerManager.java:stop(1549)) - Stopping Lease Manager of the command watchers
2022-10-11 17:33:38,460 [fa895461-6123-4d7e-a25c-be7d0086d09c@group-9ABC5033B6E0-StateMachineUpdater] ERROR server.StorageContainerManager (StorageContainerManager.java:stop(1552)) - Lease Manager of the command watchers stop failed
2022-10-11 17:33:38,460 [fa895461-6123-4d7e-a25c-be7d0086d09c@group-9ABC5033B6E0-StateMachineUpdater] INFO  server.StorageContainerManager (StorageContainerManager.java:stop(1556)) - Stopping datanode service RPC server
2022-10-11 17:33:38,460 [fa895461-6123-4d7e-a25c-be7d0086d09c@group-9ABC5033B6E0-StateMachineUpdater] INFO  server.SCMDatanodeProtocolServer (SCMDatanodeProtocolServer.java:stop(414)) - Stopping the RPC server for DataNodes
2022-10-11 17:33:38,461 [fa895461-6123-4d7e-a25c-be7d0086d09c@group-9ABC5033B6E0-StateMachineUpdater] INFO  ipc.Server (Server.java:stop(3414)) - Stopping server on 44887
2022-10-11 17:33:38,461 [fa895461-6123-4d7e-a25c-be7d0086d09c@group-9ABC5033B6E0-StateMachineUpdater] INFO  server.StorageContainerManager (StorageContainerManager.java:stop(1564)) - Stopping block service RPC server
2022-10-11 17:33:38,461 [fa895461-6123-4d7e-a25c-be7d0086d09c@group-9ABC5033B6E0-StateMachineUpdater] INFO  server.SCMBlockProtocolServer (SCMBlockProtocolServer.java:stop(161)) - Stopping the RPC server for Block Protocol
2022-10-11 17:33:38,461 [fa895461-6123-4d7e-a25c-be7d0086d09c@group-9ABC5033B6E0-StateMachineUpdater] INFO  ipc.Server (Server.java:stop(3414)) - Stopping server on 43519
2022-10-11 17:33:38,461 [fa895461-6123-4d7e-a25c-be7d0086d09c@group-9ABC5033B6E0-StateMachineUpdater] INFO  server.StorageContainerManager (StorageContainerManager.java:stop(1571)) - Stopping the StorageContainerLocationProtocol RPC server
2022-10-11 17:33:38,461 [fa895461-6123-4d7e-a25c-be7d0086d09c@group-9ABC5033B6E0-StateMachineUpdater] INFO  server.SCMClientProtocolServer (SCMClientProtocolServer.java:stop(179)) - Stopping the RPC server for Client Protocol
2022-10-11 17:33:38,461 [fa895461-6123-4d7e-a25c-be7d0086d09c@group-9ABC5033B6E0-StateMachineUpdater] INFO  ipc.Server (Server.java:stop(3414)) - Stopping server on 34653
2022-10-11 17:33:38,461 [fa895461-6123-4d7e-a25c-be7d0086d09c@group-9ABC5033B6E0-StateMachineUpdater] INFO  server.StorageContainerManager (StorageContainerManager.java:stop(1578)) - Stopping Storage Container Manager HTTP server.
2022-10-11 17:33:38,461 [Listener at 127.0.0.1/46797] INFO  impl.StateMachineUpdater (StateMachineUpdater.java:stopAndJoin(153)) - fa895461-6123-4d7e-a25c-be7d0086d09c@group-9ABC5033B6E0-StateMachineUpdater: set stopIndex = 27
2022-10-11 17:33:38,462 [fa895461-6123-4d7e-a25c-be7d0086d09c@group-9ABC5033B6E0-StateMachineUpdater] INFO  server.StorageContainerManager (StorageContainerManager.java:stop(1584)) - Stopping SCM LayoutVersionManager Service.
2022-10-11 17:33:38,462 [fa895461-6123-4d7e-a25c-be7d0086d09c@group-9ABC5033B6E0-StateMachineUpdater] INFO  server.StorageContainerManager (StorageContainerManager.java:stop(1592)) - Stopping Block Manager Service.
2022-10-11 17:33:38,462 [fa895461-6123-4d7e-a25c-be7d0086d09c@group-9ABC5033B6E0-StateMachineUpdater] INFO  utils.BackgroundService (BackgroundService.java:shutdown(141)) - Shutting down service SCMBlockDeletingService
2022-10-11 17:33:38,462 [fa895461-6123-4d7e-a25c-be7d0086d09c@group-9ABC5033B6E0-StateMachineUpdater] INFO  utils.BackgroundService (BackgroundService.java:shutdown(141)) - Shutting down service SCMBlockDeletingService
2022-10-11 17:33:38,462 [fa895461-6123-4d7e-a25c-be7d0086d09c@group-9ABC5033B6E0-StateMachineUpdater] INFO  server.StorageContainerManager (StorageContainerManager.java:stop(1619)) - Stopping SCM Event Queue.
2022-10-11 17:33:38,463 [fa895461-6123-4d7e-a25c-be7d0086d09c@group-9ABC5033B6E0-StateMachineUpdater] INFO  server.StorageContainerManager (StorageContainerManager.java:stop(1630)) - Stopping SCM HA services.
2022-10-11 17:33:38,463 [fa895461-6123-4d7e-a25c-be7d0086d09c@group-9ABC5033B6E0-StateMachineUpdater] INFO  ha.SCMRatisServerImpl (SCMRatisServerImpl.java:stop(237)) - stopping ratis server 0.0.0.0:42091
2022-10-11 17:33:38,463 [org.apache.ratis.util.JvmPauseMonitor$$Lambda$519/1644506233@62a564a8] INFO  util.JvmPauseMonitor (JvmPauseMonitor.java:run(109)) - JvmPauseMonitor-fa895461-6123-4d7e-a25c-be7d0086d09c: Stopped
2022-10-11 17:33:38,464 [fa895461-6123-4d7e-a25c-be7d0086d09c@group-9ABC5033B6E0-StateMachineUpdater] INFO  pipeline.BackgroundPipelineCreator (BackgroundPipelineCreator.java:stop(149)) - Stopping RatisPipelineUtilsThread.
2022-10-11 17:33:38,464 [RatisPipelineUtilsThread - 0] WARN  pipeline.BackgroundPipelineCreator (BackgroundPipelineCreator.java:run(180)) - RatisPipelineUtilsThread is interrupted.
2022-10-11 17:33:38,466 [BackgroundPipelineScrubberThread] WARN  BackgroundPipelineScrubber (BackgroundSCMService.java:run(115)) - BackgroundPipelineScrubber is interrupted, exit
2022-10-11 17:33:38,467 [fa895461-6123-4d7e-a25c-be7d0086d09c@group-9ABC5033B6E0-StateMachineUpdater] INFO  BackgroundPipelineScrubber (BackgroundSCMService.java:stop(131)) - Stopping BackgroundPipelineScrubber Service.
2022-10-11 17:33:38,467 [fa895461-6123-4d7e-a25c-be7d0086d09c@group-9ABC5033B6E0-StateMachineUpdater] INFO  server.StorageContainerManager (StorageContainerManager.java:stop(1640)) - Stopping SCM MetadataStore.
2022-10-11 17:33:38,468 [fa895461-6123-4d7e-a25c-be7d0086d09c@group-9ABC5033B6E0-StateMachineUpdater] INFO  impl.MetricsSystemImpl (MetricsSystemImpl.java:stop(205)) - HddsDatanode metrics system stopped (again)
2022-10-11 17:33:38,468 [fa895461-6123-4d7e-a25c-be7d0086d09c@group-9ABC5033B6E0-StateMachineUpdater] ERROR server.StorageContainerManager (ExitUtils.java:terminate(133)) - Terminating with exit status 1: scm statemachine is closed by ratis, terminate SCM
2022-10-11 17:33:38,468 [fa895461-6123-4d7e-a25c-be7d0086d09c@group-9ABC5033B6E0-StateMachineUpdater] WARN  impl.StateMachineUpdater (StateMachineUpdater.java:stop(137)) - fa895461-6123-4d7e-a25c-be7d0086d09c@group-9ABC5033B6E0-StateMachineUpdater: Failed to close SCMStateMachine SCMStateMachine:fa895461-6123-4d7e-a25c-be7d0086d09c:group-9ABC5033B6E0
org.apache.ratis.util.ExitUtils$ExitException: scm statemachine is closed by ratis, terminate SCM
	at org.apache.ratis.util.ExitUtils.terminate(ExitUtils.java:141)
	at org.apache.ratis.util.ExitUtils.terminate(ExitUtils.java:151)
	at org.apache.ratis.util.ExitUtils.terminate(ExitUtils.java:155)
	at org.apache.hadoop.hdds.scm.server.StorageContainerManager.shutDown(StorageContainerManager.java:1656)
	at org.apache.hadoop.hdds.scm.ha.SCMStateMachine.close(SCMStateMachine.java:403)
	at org.apache.ratis.server.impl.StateMachineUpdater.stop(StateMachineUpdater.java:134)
	at org.apache.ratis.server.impl.StateMachineUpdater.run(StateMachineUpdater.java:187)
	at java.lang.Thread.run(Thread.java:750)
2022-10-11 17:33:38,469 [Listener at 127.0.0.1/46797] INFO  server.RaftServer$Division (ServerState.java:close(429)) - fa895461-6123-4d7e-a25c-be7d0086d09c@group-9ABC5033B6E0: closes. applyIndex: 26
2022-10-11 17:33:38,470 [fa895461-6123-4d7e-a25c-be7d0086d09c@group-9ABC5033B6E0-SegmentedRaftLogWorker] INFO  segmented.SegmentedRaftLogWorker (SegmentedRaftLogWorker.java:run(336)) - fa895461-6123-4d7e-a25c-be7d0086d09c@group-9ABC5033B6E0-SegmentedRaftLogWorker was interrupted, exiting. There are 0 tasks remaining in the queue.
2022-10-11 17:33:38,471 [Listener at 127.0.0.1/46797] INFO  segmented.SegmentedRaftLogWorker (SegmentedRaftLogWorker.java:close(246)) - fa895461-6123-4d7e-a25c-be7d0086d09c@group-9ABC5033B6E0-SegmentedRaftLogWorker close()
2022-10-11 17:33:38,473 [Listener at 127.0.0.1/46797] INFO  server.GrpcService (GrpcService.java:closeImpl(269)) - fa895461-6123-4d7e-a25c-be7d0086d09c: shutdown server with port 42091 now
2022-10-11 17:33:38,476 [Listener at 127.0.0.1/46797] INFO  server.GrpcService (GrpcService.java:closeImpl(278)) - fa895461-6123-4d7e-a25c-be7d0086d09c: shutdown server with port 42091 successfully
2022-10-11 17:33:38,476 [Listener at 127.0.0.1/46797] WARN  pipeline.BackgroundPipelineCreator (BackgroundPipelineCreator.java:stop(145)) - RatisPipelineUtilsThread is not running, just ignore.
2022-10-11 17:33:38,476 [grpc-default-executor-3] WARN  server.GrpcLogAppender (LogUtils.java:warn(122)) - eedbf36c-d765-4127-a253-f087b7af9e5f@group-9ABC5033B6E0->fa895461-6123-4d7e-a25c-be7d0086d09c-AppendLogResponseHandler: Failed appendEntries: org.apache.ratis.thirdparty.io.grpc.StatusRuntimeException: CANCELLED: RST_STREAM closed stream. HTTP/2 error code: CANCEL
2022-10-11 17:33:38,476 [grpc-default-executor-3] INFO  leader.FollowerInfo (FollowerInfoImpl.java:lambda$new$0(48)) - eedbf36c-d765-4127-a253-f087b7af9e5f@group-9ABC5033B6E0->fa895461-6123-4d7e-a25c-be7d0086d09c: nextIndex: updateUnconditionally 29 -> 28
2022-10-11 17:33:38,476 [Listener at 127.0.0.1/46797] INFO  BackgroundPipelineScrubber (BackgroundSCMService.java:stop(126)) - BackgroundPipelineScrubber Service is not running, skip stop.
2022-10-11 17:33:38,476 [grpc-default-executor-1] WARN  server.GrpcServerProtocolService (LogUtils.java:warn(122)) - fa895461-6123-4d7e-a25c-be7d0086d09c: installSnapshot onError, lastRequest: eedbf36c-d765-4127-a253-f087b7af9e5f->fa895461-6123-4d7e-a25c-be7d0086d09c#887-t2,previous=(t:2, i:27),leaderCommit=27,initializing? true,entries: size=1, first=(t:2, i:28), METADATAENTRY(c:27): org.apache.ratis.thirdparty.io.grpc.StatusRuntimeException: CANCELLED: client cancelled
2022-10-11 17:33:38,476 [Listener at 127.0.0.1/46797] INFO  server.StorageContainerManager (StorageContainerManager.java:stop(1640)) - Stopping SCM MetadataStore.
2022-10-11 17:33:38,477 [Listener at 127.0.0.1/46797] INFO  impl.MetricsSystemImpl (MetricsSystemImpl.java:stop(205)) - HddsDatanode metrics system stopped (again)
2022-10-11 17:33:38,477 [Listener at 127.0.0.1/46797] INFO  ozone.MiniOzoneHAClusterImpl (MiniOzoneHAClusterImpl.java:stop(320)) - Stopping the StorageContainerManager eedbf36c-d765-4127-a253-f087b7af9e5f
2022-10-11 17:33:38,477 [Listener at 127.0.0.1/46797] INFO  server.StorageContainerManager (StorageContainerManager.java:stop(1528)) - Container Balancer is not running.
2022-10-11 17:33:38,477 [Listener at 127.0.0.1/46797] INFO  server.StorageContainerManager (StorageContainerManager.java:stop(1535)) - Stopping Replication Manager Service.
2022-10-11 17:33:38,477 [Listener at 127.0.0.1/46797] INFO  replication.ReplicationManager (ReplicationManager.java:stop(257)) - Stopping Replication Monitor Thread.
2022-10-11 17:33:38,477 [Over Replicated Processor] WARN  replication.OverReplicatedProcessor (OverReplicatedProcessor.java:run(137)) - Over Replicated Processor interrupted. Exiting...
2022-10-11 17:33:38,477 [Under Replicated Processor] WARN  replication.UnderReplicatedProcessor (UnderReplicatedProcessor.java:run(148)) - Under Replicated Processor interrupted. Exiting...
2022-10-11 17:33:38,478 [Listener at 127.0.0.1/46797] INFO  server.StorageContainerManager (StorageContainerManager.java:stop(1542)) - Stopping the Datanode Admin Monitor.
2022-10-11 17:33:38,478 [ReplicationMonitor] INFO  replication.ReplicationManager (ReplicationManager.java:run(509)) - Replication Monitor Thread is stopped
2022-10-11 17:33:38,478 [Listener at 127.0.0.1/46797] INFO  server.StorageContainerManager (StorageContainerManager.java:stop(1549)) - Stopping Lease Manager of the command watchers
2022-10-11 17:33:38,478 [Listener at 127.0.0.1/46797] INFO  server.StorageContainerManager (StorageContainerManager.java:stop(1556)) - Stopping datanode service RPC server
2022-10-11 17:33:38,478 [Listener at 127.0.0.1/46797] INFO  server.SCMDatanodeProtocolServer (SCMDatanodeProtocolServer.java:stop(414)) - Stopping the RPC server for DataNodes
2022-10-11 17:33:38,478 [Listener at 127.0.0.1/46797] INFO  ipc.Server (Server.java:stop(3414)) - Stopping server on 35983
2022-10-11 17:33:38,481 [IPC Server listener on 35983] INFO  ipc.Server (Server.java:run(1376)) - Stopping IPC Server listener on 35983
2022-10-11 17:33:38,485 [grpc-default-executor-3] WARN  server.GrpcLogAppender (LogUtils.java:warn(122)) - eedbf36c-d765-4127-a253-f087b7af9e5f@group-9ABC5033B6E0->fa895461-6123-4d7e-a25c-be7d0086d09c-AppendLogResponseHandler: Failed appendEntries: org.apache.ratis.thirdparty.io.grpc.StatusRuntimeException: UNAVAILABLE: io exception
2022-10-11 17:33:38,486 [grpc-default-executor-3] INFO  leader.FollowerInfo (FollowerInfoImpl.java:lambda$new$0(48)) - eedbf36c-d765-4127-a253-f087b7af9e5f@group-9ABC5033B6E0->fa895461-6123-4d7e-a25c-be7d0086d09c: nextIndex: updateUnconditionally 29 -> 28
2022-10-11 17:33:38,490 [IPC Server Responder] INFO  ipc.Server (Server.java:run(1512)) - Stopping IPC Server Responder
2022-10-11 17:33:38,634 [EndpointStateMachine task thread for /127.0.0.1:35983 - 0 ] WARN  statemachine.EndpointStateMachine (EndpointStateMachine.java:logIfNeeded(241)) - Unable to communicate to SCM server at 127.0.0.1:35983 for past 0 seconds.
java.io.EOFException: End of File Exception between local host is: "fv-az255-813/10.1.1.28"; destination host is: "localhost":35983; : java.io.EOFException; For more details see:  http://wiki.apache.org/hadoop/EOFException
	at sun.reflect.NativeConstructorAccessorImpl.newInstance0(Native Method)
	at sun.reflect.NativeConstructorAccessorImpl.newInstance(NativeConstructorAccessorImpl.java:62)
	at sun.reflect.DelegatingConstructorAccessorImpl.newInstance(DelegatingConstructorAccessorImpl.java:45)
	at java.lang.reflect.Constructor.newInstance(Constructor.java:423)
	at org.apache.hadoop.net.NetUtils.wrapWithMessage(NetUtils.java:913)
	at org.apache.hadoop.net.NetUtils.wrapException(NetUtils.java:862)
	at org.apache.hadoop.ipc.Client.getRpcResponse(Client.java:1577)
	at org.apache.hadoop.ipc.Client.call(Client.java:1519)
	at org.apache.hadoop.ipc.Client.call(Client.java:1416)
	at org.apache.hadoop.ipc.ProtobufRpcEngine$Invoker.invoke(ProtobufRpcEngine.java:236)
	at org.apache.hadoop.ipc.ProtobufRpcEngine$Invoker.invoke(ProtobufRpcEngine.java:123)
	at com.sun.proxy.$Proxy51.submitRequest(Unknown Source)
	at org.apache.hadoop.ozone.protocolPB.StorageContainerDatanodeProtocolClientSideTranslatorPB.submitRequest(StorageContainerDatanodeProtocolClientSideTranslatorPB.java:117)
	at org.apache.hadoop.ozone.protocolPB.StorageContainerDatanodeProtocolClientSideTranslatorPB.sendHeartbeat(StorageContainerDatanodeProtocolClientSideTranslatorPB.java:149)
	at org.apache.hadoop.ozone.container.common.states.endpoint.HeartbeatEndpointTask.call(HeartbeatEndpointTask.java:185)
	at org.apache.hadoop.ozone.container.common.states.endpoint.HeartbeatEndpointTask.call(HeartbeatEndpointTask.java:87)
	at java.util.concurrent.FutureTask.run(FutureTask.java:266)
	at java.util.concurrent.ThreadPoolExecutor.runWorker(ThreadPoolExecutor.java:1149)
	at java.util.concurrent.ThreadPoolExecutor$Worker.run(ThreadPoolExecutor.java:624)
	at java.lang.Thread.run(Thread.java:750)
Caused by: java.io.EOFException
	at java.io.DataInputStream.readInt(DataInputStream.java:392)
	at org.apache.hadoop.ipc.Client$IpcStreams.readResponse(Client.java:1892)
	at org.apache.hadoop.ipc.Client$Connection.receiveRpcResponse(Client.java:1202)
	at org.apache.hadoop.ipc.Client$Connection.run(Client.java:1098)
2022-10-11 17:33:38,634 [EndpointStateMachine task thread for /127.0.0.1:44349 - 0 ] WARN  statemachine.EndpointStateMachine (EndpointStateMachine.java:logIfNeeded(241)) - Unable to communicate to SCM server at 127.0.0.1:44349 for past 0 seconds.
java.io.EOFException: End of File Exception between local host is: "fv-az255-813/10.1.1.28"; destination host is: "localhost":44349; : java.io.EOFException; For more details see:  http://wiki.apache.org/hadoop/EOFException
	at sun.reflect.NativeConstructorAccessorImpl.newInstance0(Native Method)
	at sun.reflect.NativeConstructorAccessorImpl.newInstance(NativeConstructorAccessorImpl.java:62)
	at sun.reflect.DelegatingConstructorAccessorImpl.newInstance(DelegatingConstructorAccessorImpl.java:45)
	at java.lang.reflect.Constructor.newInstance(Constructor.java:423)
	at org.apache.hadoop.net.NetUtils.wrapWithMessage(NetUtils.java:913)
	at org.apache.hadoop.net.NetUtils.wrapException(NetUtils.java:862)
	at org.apache.hadoop.ipc.Client.getRpcResponse(Client.java:1577)
	at org.apache.hadoop.ipc.Client.call(Client.java:1519)
	at org.apache.hadoop.ipc.Client.call(Client.java:1416)
	at org.apache.hadoop.ipc.ProtobufRpcEngine$Invoker.invoke(ProtobufRpcEngine.java:236)
	at org.apache.hadoop.ipc.ProtobufRpcEngine$Invoker.invoke(ProtobufRpcEngine.java:123)
	at com.sun.proxy.$Proxy51.submitRequest(Unknown Source)
	at org.apache.hadoop.ozone.protocolPB.StorageContainerDatanodeProtocolClientSideTranslatorPB.submitRequest(StorageContainerDatanodeProtocolClientSideTranslatorPB.java:117)
	at org.apache.hadoop.ozone.protocolPB.StorageContainerDatanodeProtocolClientSideTranslatorPB.sendHeartbeat(StorageContainerDatanodeProtocolClientSideTranslatorPB.java:149)
	at org.apache.hadoop.ozone.container.common.states.endpoint.HeartbeatEndpointTask.call(HeartbeatEndpointTask.java:185)
	at org.apache.hadoop.ozone.container.common.states.endpoint.HeartbeatEndpointTask.call(HeartbeatEndpointTask.java:87)
	at java.util.concurrent.FutureTask.run(FutureTask.java:266)
	at java.util.concurrent.ThreadPoolExecutor.runWorker(ThreadPoolExecutor.java:1149)
	at java.util.concurrent.ThreadPoolExecutor$Worker.run(ThreadPoolExecutor.java:624)
	at java.lang.Thread.run(Thread.java:750)
Caused by: java.io.EOFException
	at java.io.DataInputStream.readInt(DataInputStream.java:392)
	at org.apache.hadoop.ipc.Client$IpcStreams.readResponse(Client.java:1892)
	at org.apache.hadoop.ipc.Client$Connection.receiveRpcResponse(Client.java:1202)
	at org.apache.hadoop.ipc.Client$Connection.run(Client.java:1098)
2022-10-11 17:33:38,634 [EndpointStateMachine task thread for /127.0.0.1:44887 - 0 ] WARN  statemachine.EndpointStateMachine (EndpointStateMachine.java:logIfNeeded(241)) - Unable to communicate to SCM server at 127.0.0.1:44887 for past 0 seconds.
java.io.EOFException: End of File Exception between local host is: "fv-az255-813/10.1.1.28"; destination host is: "localhost":44887; : java.io.EOFException; For more details see:  http://wiki.apache.org/hadoop/EOFException
	at sun.reflect.NativeConstructorAccessorImpl.newInstance0(Native Method)
	at sun.reflect.NativeConstructorAccessorImpl.newInstance(NativeConstructorAccessorImpl.java:62)
	at sun.reflect.DelegatingConstructorAccessorImpl.newInstance(DelegatingConstructorAccessorImpl.java:45)
	at java.lang.reflect.Constructor.newInstance(Constructor.java:423)
	at org.apache.hadoop.net.NetUtils.wrapWithMessage(NetUtils.java:913)
	at org.apache.hadoop.net.NetUtils.wrapException(NetUtils.java:862)
	at org.apache.hadoop.ipc.Client.getRpcResponse(Client.java:1577)
	at org.apache.hadoop.ipc.Client.call(Client.java:1519)
	at org.apache.hadoop.ipc.Client.call(Client.java:1416)
	at org.apache.hadoop.ipc.ProtobufRpcEngine$Invoker.invoke(ProtobufRpcEngine.java:236)
	at org.apache.hadoop.ipc.ProtobufRpcEngine$Invoker.invoke(ProtobufRpcEngine.java:123)
	at com.sun.proxy.$Proxy51.submitRequest(Unknown Source)
	at org.apache.hadoop.ozone.protocolPB.StorageContainerDatanodeProtocolClientSideTranslatorPB.submitRequest(StorageContainerDatanodeProtocolClientSideTranslatorPB.java:117)
	at org.apache.hadoop.ozone.protocolPB.StorageContainerDatanodeProtocolClientSideTranslatorPB.sendHeartbeat(StorageContainerDatanodeProtocolClientSideTranslatorPB.java:149)
	at org.apache.hadoop.ozone.container.common.states.endpoint.HeartbeatEndpointTask.call(HeartbeatEndpointTask.java:185)
	at org.apache.hadoop.ozone.container.common.states.endpoint.HeartbeatEndpointTask.call(HeartbeatEndpointTask.java:87)
	at java.util.concurrent.FutureTask.run(FutureTask.java:266)
	at java.util.concurrent.ThreadPoolExecutor.runWorker(ThreadPoolExecutor.java:1149)
	at java.util.concurrent.ThreadPoolExecutor$Worker.run(ThreadPoolExecutor.java:624)
	at java.lang.Thread.run(Thread.java:750)
Caused by: java.io.EOFException
	at java.io.DataInputStream.readInt(DataInputStream.java:392)
	at org.apache.hadoop.ipc.Client$IpcStreams.readResponse(Client.java:1892)
	at org.apache.hadoop.ipc.Client$Connection.receiveRpcResponse(Client.java:1202)
	at org.apache.hadoop.ipc.Client$Connection.run(Client.java:1098)
2022-10-11 17:33:39,780 [grpc-default-executor-3] WARN  server.GrpcLogAppender (LogUtils.java:warn(122)) - eedbf36c-d765-4127-a253-f087b7af9e5f@group-9ABC5033B6E0->26594dbf-7a18-4bd8-acec-1f08b91ad5e5-AppendLogResponseHandler: Failed appendEntries: org.apache.ratis.thirdparty.io.grpc.StatusRuntimeException: UNAVAILABLE: io exception
2022-10-11 17:33:39,781 [grpc-default-executor-3] INFO  leader.FollowerInfo (FollowerInfoImpl.java:lambda$new$0(48)) - eedbf36c-d765-4127-a253-f087b7af9e5f@group-9ABC5033B6E0->26594dbf-7a18-4bd8-acec-1f08b91ad5e5: nextIndex: updateUnconditionally 29 -> 28
2022-10-11 17:33:39,782 [grpc-default-executor-1] WARN  server.GrpcLogAppender (LogUtils.java:warn(122)) - eedbf36c-d765-4127-a253-f087b7af9e5f@group-9ABC5033B6E0->fa895461-6123-4d7e-a25c-be7d0086d09c-AppendLogResponseHandler: Failed appendEntries: org.apache.ratis.thirdparty.io.grpc.StatusRuntimeException: UNAVAILABLE: io exception
2022-10-11 17:33:39,783 [grpc-default-executor-1] INFO  leader.FollowerInfo (FollowerInfoImpl.java:lambda$new$0(48)) - eedbf36c-d765-4127-a253-f087b7af9e5f@group-9ABC5033B6E0->fa895461-6123-4d7e-a25c-be7d0086d09c: nextIndex: updateUnconditionally 29 -> 28
2022-10-11 17:33:40,216 [EndpointStateMachine task thread for /127.0.0.1:44349 - 0 ] INFO  ipc.Client (Client.java:handleConnectionFailure(977)) - Retrying connect to server: localhost/127.0.0.1:44349. Already tried 0 time(s); retry policy is RetryUpToMaximumCountWithFixedSleep(maxRetries=15, sleepTime=1000 MILLISECONDS)
2022-10-11 17:33:40,216 [EndpointStateMachine task thread for /127.0.0.1:44887 - 0 ] INFO  ipc.Client (Client.java:handleConnectionFailure(977)) - Retrying connect to server: localhost/127.0.0.1:44887. Already tried 0 time(s); retry policy is RetryUpToMaximumCountWithFixedSleep(maxRetries=15, sleepTime=1000 MILLISECONDS)
2022-10-11 17:33:40,217 [EndpointStateMachine task thread for /127.0.0.1:35983 - 0 ] INFO  ipc.Client (Client.java:handleConnectionFailure(977)) - Retrying connect to server: localhost/127.0.0.1:35983. Already tried 0 time(s); retry policy is RetryUpToMaximumCountWithFixedSleep(maxRetries=15, sleepTime=1000 MILLISECONDS)
2022-10-11 17:33:41,031 [grpc-default-executor-1] WARN  server.GrpcLogAppender (LogUtils.java:warn(122)) - eedbf36c-d765-4127-a253-f087b7af9e5f@group-9ABC5033B6E0->26594dbf-7a18-4bd8-acec-1f08b91ad5e5-AppendLogResponseHandler: Failed appendEntries: org.apache.ratis.thirdparty.io.grpc.StatusRuntimeException: UNAVAILABLE: io exception
2022-10-11 17:33:41,032 [grpc-default-executor-1] INFO  leader.FollowerInfo (FollowerInfoImpl.java:lambda$new$0(48)) - eedbf36c-d765-4127-a253-f087b7af9e5f@group-9ABC5033B6E0->26594dbf-7a18-4bd8-acec-1f08b91ad5e5: nextIndex: updateUnconditionally 29 -> 28
2022-10-11 17:33:41,032 [grpc-default-executor-3] WARN  server.GrpcLogAppender (LogUtils.java:warn(122)) - eedbf36c-d765-4127-a253-f087b7af9e5f@group-9ABC5033B6E0->fa895461-6123-4d7e-a25c-be7d0086d09c-AppendLogResponseHandler: Failed appendEntries: org.apache.ratis.thirdparty.io.grpc.StatusRuntimeException: UNAVAILABLE: io exception
2022-10-11 17:33:41,032 [grpc-default-executor-3] INFO  leader.FollowerInfo (FollowerInfoImpl.java:lambda$new$0(48)) - eedbf36c-d765-4127-a253-f087b7af9e5f@group-9ABC5033B6E0->fa895461-6123-4d7e-a25c-be7d0086d09c: nextIndex: updateUnconditionally 29 -> 28
2022-10-11 17:33:41,216 [Datanode State Machine Daemon Thread] ERROR datanode.RunningDatanodeState (RunningDatanodeState.java:computeNextContainerState(207)) - Error in executing end point task.
java.util.concurrent.ExecutionException: java.util.concurrent.TimeoutException
	at java.util.concurrent.FutureTask.report(FutureTask.java:122)
	at java.util.concurrent.FutureTask.get(FutureTask.java:192)
	at org.apache.hadoop.ozone.container.common.states.datanode.RunningDatanodeState.computeNextContainerState(RunningDatanodeState.java:199)
	at org.apache.hadoop.ozone.container.common.states.datanode.RunningDatanodeState.await(RunningDatanodeState.java:239)
	at org.apache.hadoop.ozone.container.common.states.datanode.RunningDatanodeState.await(RunningDatanodeState.java:50)
	at org.apache.hadoop.ozone.container.common.statemachine.StateContext.execute(StateContext.java:660)
	at org.apache.hadoop.ozone.container.common.statemachine.DatanodeStateMachine.startStateMachineThread(DatanodeStateMachine.java:298)
	at org.apache.hadoop.ozone.container.common.statemachine.DatanodeStateMachine.lambda$startDaemon$0(DatanodeStateMachine.java:493)
	at java.lang.Thread.run(Thread.java:750)
Caused by: java.util.concurrent.TimeoutException
	at java.util.concurrent.FutureTask.get(FutureTask.java:205)
	at org.apache.hadoop.ozone.container.common.states.datanode.RunningDatanodeState.lambda$execute$0(RunningDatanodeState.java:157)
	at java.util.concurrent.FutureTask.run(FutureTask.java:266)
	at java.util.concurrent.Executors$RunnableAdapter.call(Executors.java:511)
	at java.util.concurrent.FutureTask.run(FutureTask.java:266)
	at java.util.concurrent.ThreadPoolExecutor.runWorker(ThreadPoolExecutor.java:1149)
	at java.util.concurrent.ThreadPoolExecutor$Worker.run(ThreadPoolExecutor.java:624)
	... 1 more
2022-10-11 17:33:41,217 [EndpointStateMachine task thread for /127.0.0.1:44887 - 0 ] INFO  ipc.Client (Client.java:handleConnectionFailure(977)) - Retrying connect to server: localhost/127.0.0.1:44887. Already tried 1 time(s); retry policy is RetryUpToMaximumCountWithFixedSleep(maxRetries=15, sleepTime=1000 MILLISECONDS)
2022-10-11 17:33:41,217 [EndpointStateMachine task thread for /127.0.0.1:35983 - 0 ] INFO  ipc.Client (Client.java:handleConnectionFailure(977)) - Retrying connect to server: localhost/127.0.0.1:35983. Already tried 1 time(s); retry policy is RetryUpToMaximumCountWithFixedSleep(maxRetries=15, sleepTime=1000 MILLISECONDS)
2022-10-11 17:33:41,217 [EndpointStateMachine task thread for /127.0.0.1:44349 - 0 ] INFO  ipc.Client (Client.java:handleConnectionFailure(977)) - Retrying connect to server: localhost/127.0.0.1:44349. Already tried 1 time(s); retry policy is RetryUpToMaximumCountWithFixedSleep(maxRetries=15, sleepTime=1000 MILLISECONDS)
2022-10-11 17:33:41,487 [SCM Heartbeat Processing Thread - 0] WARN  node.NodeStateManager (NodeStateManager.java:scheduleNextHealthCheck(870)) - Current Thread is interrupted, shutting down HB processing thread for Node Manager.
2022-10-11 17:33:41,487 [Listener at 127.0.0.1/46797] INFO  server.StorageContainerManager (StorageContainerManager.java:stop(1564)) - Stopping block service RPC server
2022-10-11 17:33:41,487 [Listener at 127.0.0.1/46797] INFO  server.SCMBlockProtocolServer (SCMBlockProtocolServer.java:stop(161)) - Stopping the RPC server for Block Protocol
2022-10-11 17:33:41,487 [Listener at 127.0.0.1/46797] INFO  ipc.Server (Server.java:stop(3414)) - Stopping server on 43079
2022-10-11 17:33:41,490 [IPC Server listener on 43079] INFO  ipc.Server (Server.java:run(1376)) - Stopping IPC Server listener on 43079
2022-10-11 17:33:41,491 [Listener at 127.0.0.1/46797] INFO  server.StorageContainerManager (StorageContainerManager.java:stop(1571)) - Stopping the StorageContainerLocationProtocol RPC server
2022-10-11 17:33:41,491 [Listener at 127.0.0.1/46797] INFO  server.SCMClientProtocolServer (SCMClientProtocolServer.java:stop(179)) - Stopping the RPC server for Client Protocol
2022-10-11 17:33:41,491 [Listener at 127.0.0.1/46797] INFO  ipc.Server (Server.java:stop(3414)) - Stopping server on 36803
2022-10-11 17:33:41,491 [IPC Server Responder] INFO  ipc.Server (Server.java:run(1512)) - Stopping IPC Server Responder
2022-10-11 17:33:41,507 [IPC Server listener on 36803] INFO  ipc.Server (Server.java:run(1376)) - Stopping IPC Server listener on 36803
2022-10-11 17:33:41,507 [IPC Server Responder] INFO  ipc.Server (Server.java:run(1512)) - Stopping IPC Server Responder
2022-10-11 17:33:41,507 [Listener at 127.0.0.1/46797] INFO  server.StorageContainerManager (StorageContainerManager.java:stop(1578)) - Stopping Storage Container Manager HTTP server.
2022-10-11 17:33:41,508 [Listener at 127.0.0.1/46797] INFO  handler.ContextHandler (ContextHandler.java:doStop(1153)) - Stopped o.e.j.w.WebAppContext@1b4dfa7c{scm,/,null,STOPPED}{file:/home/runner/work/ozone/ozone/hadoop-ozone/integration-test/target/test-classes/webapps/scm}
2022-10-11 17:33:41,509 [Listener at 127.0.0.1/46797] INFO  server.AbstractConnector (AbstractConnector.java:doStop(381)) - Stopped ServerConnector@79d4ebee{HTTP/1.1, (http/1.1)}{0.0.0.0:46533}
2022-10-11 17:33:41,509 [Listener at 127.0.0.1/46797] INFO  server.session (HouseKeeper.java:stopScavenging(149)) - node0 Stopped scavenging
2022-10-11 17:33:41,510 [Listener at 127.0.0.1/46797] INFO  handler.ContextHandler (ContextHandler.java:doStop(1153)) - Stopped o.e.j.s.ServletContextHandler@e91517{static,/static,file:///home/runner/work/ozone/ozone/hadoop-ozone/integration-test/target/test-classes/webapps/static,STOPPED}
2022-10-11 17:33:41,510 [Listener at 127.0.0.1/46797] INFO  handler.ContextHandler (ContextHandler.java:doStop(1153)) - Stopped o.e.j.s.ServletContextHandler@f0a7716{logs,/logs,file:///home/runner/work/ozone/ozone/hadoop-ozone/integration-test/target/log,STOPPED}
2022-10-11 17:33:41,511 [Listener at 127.0.0.1/46797] INFO  server.StorageContainerManager (StorageContainerManager.java:stop(1584)) - Stopping SCM LayoutVersionManager Service.
2022-10-11 17:33:41,511 [Listener at 127.0.0.1/46797] INFO  server.StorageContainerManager (StorageContainerManager.java:stop(1592)) - Stopping Block Manager Service.
2022-10-11 17:33:41,511 [Listener at 127.0.0.1/46797] INFO  utils.BackgroundService (BackgroundService.java:shutdown(141)) - Shutting down service SCMBlockDeletingService
2022-10-11 17:33:41,511 [Listener at 127.0.0.1/46797] INFO  utils.BackgroundService (BackgroundService.java:shutdown(141)) - Shutting down service SCMBlockDeletingService
2022-10-11 17:33:41,511 [Listener at 127.0.0.1/46797] INFO  server.StorageContainerManager (StorageContainerManager.java:stop(1619)) - Stopping SCM Event Queue.
2022-10-11 17:33:41,513 [Listener at 127.0.0.1/46797] INFO  server.StorageContainerManager (StorageContainerManager.java:stop(1630)) - Stopping SCM HA services.
2022-10-11 17:33:41,513 [Listener at 127.0.0.1/46797] INFO  ha.SCMRatisServerImpl (SCMRatisServerImpl.java:stop(237)) - stopping ratis server 0.0.0.0:39163
2022-10-11 17:33:41,513 [Listener at 127.0.0.1/46797] INFO  server.RaftServer (RaftServerProxy.java:lambda$close$7(398)) - eedbf36c-d765-4127-a253-f087b7af9e5f: close
2022-10-11 17:33:41,513 [Listener at 127.0.0.1/46797] INFO  server.RaftServer$Division (RaftServerImpl.java:lambda$close$4(434)) - eedbf36c-d765-4127-a253-f087b7af9e5f@group-9ABC5033B6E0: shutdown
2022-10-11 17:33:41,513 [Listener at 127.0.0.1/46797] INFO  util.JmxRegister (JmxRegister.java:unregister(73)) - Successfully un-registered JMX Bean with object name Ratis:service=RaftServer,group=group-9ABC5033B6E0,id=eedbf36c-d765-4127-a253-f087b7af9e5f
2022-10-11 17:33:41,513 [Listener at 127.0.0.1/46797] INFO  impl.RoleInfo (RoleInfo.java:shutdownLeaderState(93)) - eedbf36c-d765-4127-a253-f087b7af9e5f: shutdown eedbf36c-d765-4127-a253-f087b7af9e5f@group-9ABC5033B6E0-LeaderStateImpl
2022-10-11 17:33:41,514 [eedbf36c-d765-4127-a253-f087b7af9e5f@group-9ABC5033B6E0->26594dbf-7a18-4bd8-acec-1f08b91ad5e5-GrpcLogAppender-LogAppenderDaemon] WARN  server.GrpcLogAppender (GrpcLogAppender.java:mayWait(171)) - eedbf36c-d765-4127-a253-f087b7af9e5f@group-9ABC5033B6E0->26594dbf-7a18-4bd8-acec-1f08b91ad5e5-GrpcLogAppender: Wait interrupted by java.lang.InterruptedException
2022-10-11 17:33:41,514 [eedbf36c-d765-4127-a253-f087b7af9e5f@group-9ABC5033B6E0->fa895461-6123-4d7e-a25c-be7d0086d09c-GrpcLogAppender-LogAppenderDaemon] WARN  server.GrpcLogAppender (GrpcLogAppender.java:mayWait(171)) - eedbf36c-d765-4127-a253-f087b7af9e5f@group-9ABC5033B6E0->fa895461-6123-4d7e-a25c-be7d0086d09c-GrpcLogAppender: Wait interrupted by java.lang.InterruptedException
2022-10-11 17:33:41,514 [Listener at 127.0.0.1/46797] INFO  impl.PendingRequests (PendingRequests.java:sendNotLeaderResponses(282)) - eedbf36c-d765-4127-a253-f087b7af9e5f@group-9ABC5033B6E0-PendingRequests: sendNotLeaderResponses
2022-10-11 17:33:41,515 [Listener at 127.0.0.1/46797] INFO  ha.SCMStateMachine (SCMStateMachine.java:notifyNotLeader(190)) - current leader SCM steps down.
2022-10-11 17:33:41,515 [Listener at 127.0.0.1/46797] INFO  ha.SCMContext (SCMContext.java:updateLeaderAndTerm(99)) - update <isLeader,term> from <true,2> to <false,0>
2022-10-11 17:33:41,515 [Listener at 127.0.0.1/46797] INFO  ha.SCMContext (SCMContext.java:updateLeaderAndTerm(106)) - update <isLeaderReady> from <false> to <false>
2022-10-11 17:33:41,515 [Listener at 127.0.0.1/46797] INFO  BackgroundPipelineScrubber (BackgroundSCMService.java:notifyStatusChanged(88)) - Service BackgroundPipelineScrubber transitions to PAUSING.
2022-10-11 17:33:41,515 [Listener at 127.0.0.1/46797] INFO  ExpiredContainerReplicaOpScrubber (BackgroundSCMService.java:notifyStatusChanged(88)) - Service ExpiredContainerReplicaOpScrubber transitions to PAUSING.
2022-10-11 17:33:41,516 [Listener at 127.0.0.1/46797] INFO  impl.StateMachineUpdater (StateMachineUpdater.java:stopAndJoin(153)) - eedbf36c-d765-4127-a253-f087b7af9e5f@group-9ABC5033B6E0-StateMachineUpdater: set stopIndex = 28
2022-10-11 17:33:41,517 [eedbf36c-d765-4127-a253-f087b7af9e5f@group-9ABC5033B6E0-StateMachineUpdater] INFO  ha.SCMStateMachine (SCMStateMachine.java:takeSnapshot(297)) - Current Snapshot Index 28, takeSnapshot took 1 ms
2022-10-11 17:33:41,517 [eedbf36c-d765-4127-a253-f087b7af9e5f@group-9ABC5033B6E0-StateMachineUpdater] INFO  impl.StateMachineUpdater (StateMachineUpdater.java:takeSnapshot(287)) - eedbf36c-d765-4127-a253-f087b7af9e5f@group-9ABC5033B6E0-StateMachineUpdater: Took a snapshot at index 28
2022-10-11 17:33:41,517 [eedbf36c-d765-4127-a253-f087b7af9e5f@group-9ABC5033B6E0-StateMachineUpdater] INFO  impl.StateMachineUpdater (StateMachineUpdater.java:lambda$new$0(92)) - eedbf36c-d765-4127-a253-f087b7af9e5f@group-9ABC5033B6E0-StateMachineUpdater: snapshotIndex: updateIncreasingly -1 -> 28
2022-10-11 17:33:41,517 [eedbf36c-d765-4127-a253-f087b7af9e5f@group-9ABC5033B6E0-StateMachineUpdater] INFO  server.StorageContainerManager (StorageContainerManager.java:stop(1528)) - Container Balancer is not running.
2022-10-11 17:33:41,517 [eedbf36c-d765-4127-a253-f087b7af9e5f@group-9ABC5033B6E0-StateMachineUpdater] INFO  server.StorageContainerManager (StorageContainerManager.java:stop(1535)) - Stopping Replication Manager Service.
2022-10-11 17:33:41,517 [eedbf36c-d765-4127-a253-f087b7af9e5f@group-9ABC5033B6E0-StateMachineUpdater] INFO  replication.ReplicationManager (ReplicationManager.java:stop(265)) - Replication Monitor Thread is not running.
2022-10-11 17:33:41,517 [eedbf36c-d765-4127-a253-f087b7af9e5f@group-9ABC5033B6E0-StateMachineUpdater] INFO  server.StorageContainerManager (StorageContainerManager.java:stop(1542)) - Stopping the Datanode Admin Monitor.
2022-10-11 17:33:41,517 [eedbf36c-d765-4127-a253-f087b7af9e5f@group-9ABC5033B6E0-StateMachineUpdater] INFO  server.StorageContainerManager (StorageContainerManager.java:stop(1549)) - Stopping Lease Manager of the command watchers
2022-10-11 17:33:41,517 [eedbf36c-d765-4127-a253-f087b7af9e5f@group-9ABC5033B6E0-StateMachineUpdater] ERROR server.StorageContainerManager (StorageContainerManager.java:stop(1552)) - Lease Manager of the command watchers stop failed
2022-10-11 17:33:41,517 [eedbf36c-d765-4127-a253-f087b7af9e5f@group-9ABC5033B6E0-StateMachineUpdater] INFO  server.StorageContainerManager (StorageContainerManager.java:stop(1556)) - Stopping datanode service RPC server
2022-10-11 17:33:41,518 [eedbf36c-d765-4127-a253-f087b7af9e5f@group-9ABC5033B6E0-StateMachineUpdater] INFO  server.SCMDatanodeProtocolServer (SCMDatanodeProtocolServer.java:stop(414)) - Stopping the RPC server for DataNodes
2022-10-11 17:33:41,518 [eedbf36c-d765-4127-a253-f087b7af9e5f@group-9ABC5033B6E0-StateMachineUpdater] INFO  ipc.Server (Server.java:stop(3414)) - Stopping server on 35983
2022-10-11 17:33:41,518 [eedbf36c-d765-4127-a253-f087b7af9e5f@group-9ABC5033B6E0-StateMachineUpdater] INFO  server.StorageContainerManager (StorageContainerManager.java:stop(1564)) - Stopping block service RPC server
2022-10-11 17:33:41,518 [eedbf36c-d765-4127-a253-f087b7af9e5f@group-9ABC5033B6E0-StateMachineUpdater] INFO  server.SCMBlockProtocolServer (SCMBlockProtocolServer.java:stop(161)) - Stopping the RPC server for Block Protocol
2022-10-11 17:33:41,518 [eedbf36c-d765-4127-a253-f087b7af9e5f@group-9ABC5033B6E0-StateMachineUpdater] INFO  ipc.Server (Server.java:stop(3414)) - Stopping server on 43079
2022-10-11 17:33:41,518 [eedbf36c-d765-4127-a253-f087b7af9e5f@group-9ABC5033B6E0-StateMachineUpdater] INFO  server.StorageContainerManager (StorageContainerManager.java:stop(1571)) - Stopping the StorageContainerLocationProtocol RPC server
2022-10-11 17:33:41,518 [eedbf36c-d765-4127-a253-f087b7af9e5f@group-9ABC5033B6E0-StateMachineUpdater] INFO  server.SCMClientProtocolServer (SCMClientProtocolServer.java:stop(179)) - Stopping the RPC server for Client Protocol
2022-10-11 17:33:41,518 [eedbf36c-d765-4127-a253-f087b7af9e5f@group-9ABC5033B6E0-StateMachineUpdater] INFO  ipc.Server (Server.java:stop(3414)) - Stopping server on 36803
2022-10-11 17:33:41,518 [eedbf36c-d765-4127-a253-f087b7af9e5f@group-9ABC5033B6E0-StateMachineUpdater] INFO  server.StorageContainerManager (StorageContainerManager.java:stop(1578)) - Stopping Storage Container Manager HTTP server.
2022-10-11 17:33:41,518 [eedbf36c-d765-4127-a253-f087b7af9e5f@group-9ABC5033B6E0-StateMachineUpdater] INFO  server.StorageContainerManager (StorageContainerManager.java:stop(1584)) - Stopping SCM LayoutVersionManager Service.
2022-10-11 17:33:41,518 [eedbf36c-d765-4127-a253-f087b7af9e5f@group-9ABC5033B6E0-StateMachineUpdater] INFO  server.StorageContainerManager (StorageContainerManager.java:stop(1592)) - Stopping Block Manager Service.
2022-10-11 17:33:41,519 [eedbf36c-d765-4127-a253-f087b7af9e5f@group-9ABC5033B6E0-StateMachineUpdater] INFO  utils.BackgroundService (BackgroundService.java:shutdown(141)) - Shutting down service SCMBlockDeletingService
2022-10-11 17:33:41,519 [eedbf36c-d765-4127-a253-f087b7af9e5f@group-9ABC5033B6E0-StateMachineUpdater] INFO  utils.BackgroundService (BackgroundService.java:shutdown(141)) - Shutting down service SCMBlockDeletingService
2022-10-11 17:33:41,519 [eedbf36c-d765-4127-a253-f087b7af9e5f@group-9ABC5033B6E0-StateMachineUpdater] INFO  server.StorageContainerManager (StorageContainerManager.java:stop(1619)) - Stopping SCM Event Queue.
2022-10-11 17:33:41,519 [eedbf36c-d765-4127-a253-f087b7af9e5f@group-9ABC5033B6E0-StateMachineUpdater] INFO  server.StorageContainerManager (StorageContainerManager.java:stop(1630)) - Stopping SCM HA services.
2022-10-11 17:33:41,519 [eedbf36c-d765-4127-a253-f087b7af9e5f@group-9ABC5033B6E0-StateMachineUpdater] INFO  ha.SCMRatisServerImpl (SCMRatisServerImpl.java:stop(237)) - stopping ratis server 0.0.0.0:39163
2022-10-11 17:33:41,519 [org.apache.ratis.util.JvmPauseMonitor$$Lambda$519/1644506233@6ef6ec63] INFO  util.JvmPauseMonitor (JvmPauseMonitor.java:run(109)) - JvmPauseMonitor-eedbf36c-d765-4127-a253-f087b7af9e5f: Stopped
2022-10-11 17:33:41,520 [eedbf36c-d765-4127-a253-f087b7af9e5f@group-9ABC5033B6E0-StateMachineUpdater] INFO  pipeline.BackgroundPipelineCreator (BackgroundPipelineCreator.java:stop(149)) - Stopping RatisPipelineUtilsThread.
2022-10-11 17:33:41,520 [RatisPipelineUtilsThread - 0] WARN  pipeline.BackgroundPipelineCreator (BackgroundPipelineCreator.java:run(180)) - RatisPipelineUtilsThread is interrupted.
2022-10-11 17:33:41,520 [eedbf36c-d765-4127-a253-f087b7af9e5f@group-9ABC5033B6E0-StateMachineUpdater] INFO  BackgroundPipelineScrubber (BackgroundSCMService.java:stop(131)) - Stopping BackgroundPipelineScrubber Service.
2022-10-11 17:33:41,520 [BackgroundPipelineScrubberThread] WARN  BackgroundPipelineScrubber (BackgroundSCMService.java:run(115)) - BackgroundPipelineScrubber is interrupted, exit
2022-10-11 17:33:41,520 [eedbf36c-d765-4127-a253-f087b7af9e5f@group-9ABC5033B6E0-StateMachineUpdater] INFO  server.StorageContainerManager (StorageContainerManager.java:stop(1640)) - Stopping SCM MetadataStore.
2022-10-11 17:33:41,521 [eedbf36c-d765-4127-a253-f087b7af9e5f@group-9ABC5033B6E0-StateMachineUpdater] INFO  impl.MetricsSystemImpl (MetricsSystemImpl.java:stop(205)) - HddsDatanode metrics system stopped (again)
2022-10-11 17:33:41,521 [eedbf36c-d765-4127-a253-f087b7af9e5f@group-9ABC5033B6E0-StateMachineUpdater] ERROR server.StorageContainerManager (ExitUtils.java:terminate(133)) - Terminating with exit status 1: scm statemachine is closed by ratis, terminate SCM
2022-10-11 17:33:41,521 [eedbf36c-d765-4127-a253-f087b7af9e5f@group-9ABC5033B6E0-StateMachineUpdater] WARN  impl.StateMachineUpdater (StateMachineUpdater.java:stop(137)) - eedbf36c-d765-4127-a253-f087b7af9e5f@group-9ABC5033B6E0-StateMachineUpdater: Failed to close SCMStateMachine SCMStateMachine:eedbf36c-d765-4127-a253-f087b7af9e5f:group-9ABC5033B6E0
org.apache.ratis.util.ExitUtils$ExitException: scm statemachine is closed by ratis, terminate SCM
	at org.apache.ratis.util.ExitUtils.terminate(ExitUtils.java:141)
	at org.apache.ratis.util.ExitUtils.terminate(ExitUtils.java:151)
	at org.apache.ratis.util.ExitUtils.terminate(ExitUtils.java:155)
	at org.apache.hadoop.hdds.scm.server.StorageContainerManager.shutDown(StorageContainerManager.java:1656)
	at org.apache.hadoop.hdds.scm.ha.SCMStateMachine.close(SCMStateMachine.java:403)
	at org.apache.ratis.server.impl.StateMachineUpdater.stop(StateMachineUpdater.java:134)
	at org.apache.ratis.server.impl.StateMachineUpdater.run(StateMachineUpdater.java:187)
	at java.lang.Thread.run(Thread.java:750)
2022-10-11 17:33:41,522 [Listener at 127.0.0.1/46797] INFO  server.RaftServer$Division (ServerState.java:close(429)) - eedbf36c-d765-4127-a253-f087b7af9e5f@group-9ABC5033B6E0: closes. applyIndex: 28
2022-10-11 17:33:41,522 [eedbf36c-d765-4127-a253-f087b7af9e5f@group-9ABC5033B6E0-SegmentedRaftLogWorker] INFO  segmented.SegmentedRaftLogWorker (SegmentedRaftLogWorker.java:run(336)) - eedbf36c-d765-4127-a253-f087b7af9e5f@group-9ABC5033B6E0-SegmentedRaftLogWorker was interrupted, exiting. There are 0 tasks remaining in the queue.
2022-10-11 17:33:41,523 [Listener at 127.0.0.1/46797] INFO  segmented.SegmentedRaftLogWorker (SegmentedRaftLogWorker.java:close(246)) - eedbf36c-d765-4127-a253-f087b7af9e5f@group-9ABC5033B6E0-SegmentedRaftLogWorker close()
2022-10-11 17:33:41,524 [Listener at 127.0.0.1/46797] INFO  server.GrpcService (GrpcService.java:closeImpl(269)) - eedbf36c-d765-4127-a253-f087b7af9e5f: shutdown server with port 39163 now
2022-10-11 17:33:41,528 [Listener at 127.0.0.1/46797] INFO  server.GrpcService (GrpcService.java:closeImpl(278)) - eedbf36c-d765-4127-a253-f087b7af9e5f: shutdown server with port 39163 successfully
2022-10-11 17:33:41,528 [Listener at 127.0.0.1/46797] WARN  pipeline.BackgroundPipelineCreator (BackgroundPipelineCreator.java:stop(145)) - RatisPipelineUtilsThread is not running, just ignore.
2022-10-11 17:33:41,528 [Listener at 127.0.0.1/46797] INFO  BackgroundPipelineScrubber (BackgroundSCMService.java:stop(126)) - BackgroundPipelineScrubber Service is not running, skip stop.
2022-10-11 17:33:41,528 [Listener at 127.0.0.1/46797] INFO  server.StorageContainerManager (StorageContainerManager.java:stop(1640)) - Stopping SCM MetadataStore.
2022-10-11 17:33:41,529 [Listener at 127.0.0.1/46797] INFO  impl.MetricsSystemImpl (MetricsSystemImpl.java:stop(205)) - HddsDatanode metrics system stopped (again)
2022-10-11 17:33:41,529 [Listener at 127.0.0.1/46797] INFO  ozone.MiniOzoneClusterImpl (MiniOzoneClusterImpl.java:stop(463)) - Stopping the Mini Ozone Cluster
2022-10-11 17:33:41,529 [Listener at 127.0.0.1/46797] INFO  ozone.MiniOzoneClusterImpl (MiniOzoneClusterImpl.java:stopDatanodes(522)) - Stopping the HddsDatanodes
2022-10-11 17:33:42,197 [c6f9d5d6-ce23-4a05-8f31-e64b02be19f7@group-E436AA9D509D-FollowerState] INFO  impl.FollowerState (FollowerState.java:run(143)) - c6f9d5d6-ce23-4a05-8f31-e64b02be19f7@group-E436AA9D509D-FollowerState: change to CANDIDATE, lastRpcElapsedTime:5119989066ns, electionTimeout:5114ms
2022-10-11 17:33:42,197 [c6f9d5d6-ce23-4a05-8f31-e64b02be19f7@group-E436AA9D509D-FollowerState] INFO  impl.RoleInfo (RoleInfo.java:shutdownFollowerState(110)) - c6f9d5d6-ce23-4a05-8f31-e64b02be19f7: shutdown c6f9d5d6-ce23-4a05-8f31-e64b02be19f7@group-E436AA9D509D-FollowerState
2022-10-11 17:33:42,197 [c6f9d5d6-ce23-4a05-8f31-e64b02be19f7@group-E436AA9D509D-FollowerState] INFO  server.RaftServer$Division (RaftServerImpl.java:setRole(299)) - c6f9d5d6-ce23-4a05-8f31-e64b02be19f7@group-E436AA9D509D: changes role from  FOLLOWER to CANDIDATE at term 2 for changeToCandidate
2022-10-11 17:33:42,197 [c6f9d5d6-ce23-4a05-8f31-e64b02be19f7@group-E436AA9D509D-FollowerState] INFO  server.RaftServerConfigKeys (ConfUtils.java:logGet(46)) - raft.server.leaderelection.pre-vote = false (custom)
2022-10-11 17:33:42,197 [c6f9d5d6-ce23-4a05-8f31-e64b02be19f7@group-E436AA9D509D-FollowerState] INFO  impl.RoleInfo (RoleInfo.java:updateAndGet(139)) - c6f9d5d6-ce23-4a05-8f31-e64b02be19f7: start c6f9d5d6-ce23-4a05-8f31-e64b02be19f7@group-E436AA9D509D-LeaderElection15
2022-10-11 17:33:42,201 [c6f9d5d6-ce23-4a05-8f31-e64b02be19f7@group-E436AA9D509D-LeaderElection15] INFO  impl.LeaderElection (LeaderElection.java:askForVotes(310)) - c6f9d5d6-ce23-4a05-8f31-e64b02be19f7@group-E436AA9D509D-LeaderElection15 ELECTION round 0: submit vote requests at term 3 for -1: [c6f9d5d6-ce23-4a05-8f31-e64b02be19f7|rpc:127.0.0.1:42011|priority:0, 0de9eb11-3db5-450a-a624-fd6bf12412f3|rpc:127.0.0.1:38277|priority:0, a4eb97e2-c085-4a03-847a-2990f025d514|rpc:127.0.0.1:43867|priority:1], old=null
2022-10-11 17:33:42,208 [grpc-default-executor-3] INFO  server.RaftServer$Division (RaftServerImpl.java:requestVote(1152)) - a4eb97e2-c085-4a03-847a-2990f025d514@group-E436AA9D509D: receive requestVote(ELECTION, c6f9d5d6-ce23-4a05-8f31-e64b02be19f7, group-E436AA9D509D, 3, (t:0, i:0))
2022-10-11 17:33:42,208 [grpc-default-executor-3] INFO  impl.VoteContext (VoteContext.java:log(48)) - a4eb97e2-c085-4a03-847a-2990f025d514@group-E436AA9D509D-FOLLOWER: reject ELECTION from c6f9d5d6-ce23-4a05-8f31-e64b02be19f7: our priority 1 > candidate's priority 0
2022-10-11 17:33:42,208 [grpc-default-executor-3] INFO  server.RaftServer$Division (RaftServerImpl.java:setRole(299)) - a4eb97e2-c085-4a03-847a-2990f025d514@group-E436AA9D509D: changes role from  FOLLOWER to FOLLOWER at term 3 for candidate:c6f9d5d6-ce23-4a05-8f31-e64b02be19f7
2022-10-11 17:33:42,208 [grpc-default-executor-3] INFO  impl.RoleInfo (RoleInfo.java:shutdownFollowerState(110)) - a4eb97e2-c085-4a03-847a-2990f025d514: shutdown a4eb97e2-c085-4a03-847a-2990f025d514@group-E436AA9D509D-FollowerState
2022-10-11 17:33:42,208 [grpc-default-executor-3] INFO  impl.RoleInfo (RoleInfo.java:updateAndGet(139)) - a4eb97e2-c085-4a03-847a-2990f025d514: start a4eb97e2-c085-4a03-847a-2990f025d514@group-E436AA9D509D-FollowerState
2022-10-11 17:33:42,208 [a4eb97e2-c085-4a03-847a-2990f025d514@group-E436AA9D509D-FollowerState] INFO  impl.FollowerState (FollowerState.java:run(152)) - a4eb97e2-c085-4a03-847a-2990f025d514@group-E436AA9D509D-FollowerState was interrupted
2022-10-11 17:33:42,211 [grpc-default-executor-1] INFO  server.RaftServer$Division (RaftServerImpl.java:requestVote(1152)) - 0de9eb11-3db5-450a-a624-fd6bf12412f3@group-E436AA9D509D: receive requestVote(ELECTION, c6f9d5d6-ce23-4a05-8f31-e64b02be19f7, group-E436AA9D509D, 3, (t:0, i:0))
2022-10-11 17:33:42,211 [grpc-default-executor-1] INFO  impl.VoteContext (VoteContext.java:log(48)) - 0de9eb11-3db5-450a-a624-fd6bf12412f3@group-E436AA9D509D-FOLLOWER: accept ELECTION from c6f9d5d6-ce23-4a05-8f31-e64b02be19f7: our priority 0 <= candidate's priority 0
2022-10-11 17:33:42,212 [grpc-default-executor-1] INFO  server.RaftServer$Division (RaftServerImpl.java:setRole(299)) - 0de9eb11-3db5-450a-a624-fd6bf12412f3@group-E436AA9D509D: changes role from  FOLLOWER to FOLLOWER at term 3 for candidate:c6f9d5d6-ce23-4a05-8f31-e64b02be19f7
2022-10-11 17:33:42,212 [grpc-default-executor-3] INFO  server.RaftServer$Division (RaftServerImpl.java:requestVote(1184)) - a4eb97e2-c085-4a03-847a-2990f025d514@group-E436AA9D509D replies to ELECTION vote request: c6f9d5d6-ce23-4a05-8f31-e64b02be19f7<-a4eb97e2-c085-4a03-847a-2990f025d514#0:FAIL-t3. Peer's state: a4eb97e2-c085-4a03-847a-2990f025d514@group-E436AA9D509D:t3, leader=null, voted=null, raftlog=a4eb97e2-c085-4a03-847a-2990f025d514@group-E436AA9D509D-SegmentedRaftLog:OPENED:c-1, conf=-1: [c6f9d5d6-ce23-4a05-8f31-e64b02be19f7|rpc:127.0.0.1:42011|dataStream:|priority:0, 0de9eb11-3db5-450a-a624-fd6bf12412f3|rpc:127.0.0.1:38277|dataStream:|priority:0, a4eb97e2-c085-4a03-847a-2990f025d514|rpc:127.0.0.1:43867|dataStream:|priority:1], old=null
2022-10-11 17:33:42,212 [grpc-default-executor-1] INFO  impl.RoleInfo (RoleInfo.java:shutdownFollowerState(110)) - 0de9eb11-3db5-450a-a624-fd6bf12412f3: shutdown 0de9eb11-3db5-450a-a624-fd6bf12412f3@group-E436AA9D509D-FollowerState
2022-10-11 17:33:42,212 [grpc-default-executor-1] INFO  impl.RoleInfo (RoleInfo.java:updateAndGet(139)) - 0de9eb11-3db5-450a-a624-fd6bf12412f3: start 0de9eb11-3db5-450a-a624-fd6bf12412f3@group-E436AA9D509D-FollowerState
2022-10-11 17:33:42,212 [0de9eb11-3db5-450a-a624-fd6bf12412f3@group-E436AA9D509D-FollowerState] INFO  impl.FollowerState (FollowerState.java:run(152)) - 0de9eb11-3db5-450a-a624-fd6bf12412f3@group-E436AA9D509D-FollowerState was interrupted
2022-10-11 17:33:42,219 [c6f9d5d6-ce23-4a05-8f31-e64b02be19f7@group-E436AA9D509D-LeaderElection15] INFO  impl.LeaderElection (LeaderElection.java:logAndReturn(90)) - c6f9d5d6-ce23-4a05-8f31-e64b02be19f7@group-E436AA9D509D-LeaderElection15: ELECTION REJECTED received 1 response(s) and 0 exception(s):
2022-10-11 17:33:42,219 [c6f9d5d6-ce23-4a05-8f31-e64b02be19f7@group-E436AA9D509D-LeaderElection15] INFO  impl.LeaderElection (LeaderElection.java:logAndReturn(94)) -   Response 0: c6f9d5d6-ce23-4a05-8f31-e64b02be19f7<-a4eb97e2-c085-4a03-847a-2990f025d514#0:FAIL-t3
2022-10-11 17:33:42,220 [c6f9d5d6-ce23-4a05-8f31-e64b02be19f7@group-E436AA9D509D-LeaderElection15] INFO  impl.LeaderElection (LeaderElection.java:askForVotes(312)) - c6f9d5d6-ce23-4a05-8f31-e64b02be19f7@group-E436AA9D509D-LeaderElection15 ELECTION round 0: result REJECTED
2022-10-11 17:33:42,220 [c6f9d5d6-ce23-4a05-8f31-e64b02be19f7@group-E436AA9D509D-LeaderElection15] INFO  server.RaftServer$Division (RaftServerImpl.java:setRole(299)) - c6f9d5d6-ce23-4a05-8f31-e64b02be19f7@group-E436AA9D509D: changes role from CANDIDATE to FOLLOWER at term 3 for REJECTED
2022-10-11 17:33:42,220 [c6f9d5d6-ce23-4a05-8f31-e64b02be19f7@group-E436AA9D509D-LeaderElection15] INFO  impl.RoleInfo (RoleInfo.java:shutdownLeaderElection(130)) - c6f9d5d6-ce23-4a05-8f31-e64b02be19f7: shutdown c6f9d5d6-ce23-4a05-8f31-e64b02be19f7@group-E436AA9D509D-LeaderElection15
2022-10-11 17:33:42,220 [c6f9d5d6-ce23-4a05-8f31-e64b02be19f7@group-E436AA9D509D-LeaderElection15] INFO  impl.RoleInfo (RoleInfo.java:updateAndGet(139)) - c6f9d5d6-ce23-4a05-8f31-e64b02be19f7: start c6f9d5d6-ce23-4a05-8f31-e64b02be19f7@group-E436AA9D509D-FollowerState
2022-10-11 17:33:42,223 [EndpointStateMachine task thread for /127.0.0.1:44349 - 0 ] INFO  ipc.Client (Client.java:handleConnectionFailure(977)) - Retrying connect to server: localhost/127.0.0.1:44349. Already tried 2 time(s); retry policy is RetryUpToMaximumCountWithFixedSleep(maxRetries=15, sleepTime=1000 MILLISECONDS)
2022-10-11 17:33:42,223 [EndpointStateMachine task thread for /127.0.0.1:35983 - 0 ] INFO  ipc.Client (Client.java:handleConnectionFailure(977)) - Retrying connect to server: localhost/127.0.0.1:35983. Already tried 2 time(s); retry policy is RetryUpToMaximumCountWithFixedSleep(maxRetries=15, sleepTime=1000 MILLISECONDS)
2022-10-11 17:33:42,224 [EndpointStateMachine task thread for /127.0.0.1:44887 - 0 ] INFO  ipc.Client (Client.java:handleConnectionFailure(977)) - Retrying connect to server: localhost/127.0.0.1:44887. Already tried 2 time(s); retry policy is RetryUpToMaximumCountWithFixedSleep(maxRetries=15, sleepTime=1000 MILLISECONDS)
2022-10-11 17:33:42,224 [Datanode State Machine Daemon Thread] ERROR datanode.RunningDatanodeState (RunningDatanodeState.java:computeNextContainerState(207)) - Error in executing end point task.
java.util.concurrent.ExecutionException: java.util.concurrent.TimeoutException
	at java.util.concurrent.FutureTask.report(FutureTask.java:122)
	at java.util.concurrent.FutureTask.get(FutureTask.java:192)
	at org.apache.hadoop.ozone.container.common.states.datanode.RunningDatanodeState.computeNextContainerState(RunningDatanodeState.java:199)
	at org.apache.hadoop.ozone.container.common.states.datanode.RunningDatanodeState.await(RunningDatanodeState.java:239)
	at org.apache.hadoop.ozone.container.common.states.datanode.RunningDatanodeState.await(RunningDatanodeState.java:50)
	at org.apache.hadoop.ozone.container.common.statemachine.StateContext.execute(StateContext.java:660)
	at org.apache.hadoop.ozone.container.common.statemachine.DatanodeStateMachine.startStateMachineThread(DatanodeStateMachine.java:298)
	at org.apache.hadoop.ozone.container.common.statemachine.DatanodeStateMachine.lambda$startDaemon$0(DatanodeStateMachine.java:493)
	at java.lang.Thread.run(Thread.java:750)
Caused by: java.util.concurrent.TimeoutException
	at java.util.concurrent.FutureTask.get(FutureTask.java:205)
	at org.apache.hadoop.ozone.container.common.states.datanode.RunningDatanodeState.lambda$execute$0(RunningDatanodeState.java:157)
	at java.util.concurrent.FutureTask.run(FutureTask.java:266)
	at java.util.concurrent.Executors$RunnableAdapter.call(Executors.java:511)
	at java.util.concurrent.FutureTask.run(FutureTask.java:266)
	at java.util.concurrent.ThreadPoolExecutor.runWorker(ThreadPoolExecutor.java:1149)
	at java.util.concurrent.ThreadPoolExecutor$Worker.run(ThreadPoolExecutor.java:624)
	... 1 more
2022-10-11 17:33:42,225 [Datanode State Machine Daemon Thread] WARN  statemachine.StateContext (StateContext.java:setState(252)) - Ignore disallowed transition from SHUTDOWN to RUNNING
2022-10-11 17:33:42,225 [grpc-default-executor-1] INFO  server.RaftServer$Division (RaftServerImpl.java:requestVote(1184)) - 0de9eb11-3db5-450a-a624-fd6bf12412f3@group-E436AA9D509D replies to ELECTION vote request: c6f9d5d6-ce23-4a05-8f31-e64b02be19f7<-0de9eb11-3db5-450a-a624-fd6bf12412f3#0:OK-t3. Peer's state: 0de9eb11-3db5-450a-a624-fd6bf12412f3@group-E436AA9D509D:t3, leader=null, voted=c6f9d5d6-ce23-4a05-8f31-e64b02be19f7, raftlog=0de9eb11-3db5-450a-a624-fd6bf12412f3@group-E436AA9D509D-SegmentedRaftLog:OPENED:c-1, conf=-1: [c6f9d5d6-ce23-4a05-8f31-e64b02be19f7|rpc:127.0.0.1:42011|dataStream:|priority:0, 0de9eb11-3db5-450a-a624-fd6bf12412f3|rpc:127.0.0.1:38277|dataStream:|priority:0, a4eb97e2-c085-4a03-847a-2990f025d514|rpc:127.0.0.1:43867|dataStream:|priority:1], old=null
2022-10-11 17:33:42,252 [Datanode State Machine Daemon Thread] WARN  statemachine.StateContext (StateContext.java:setState(252)) - Ignore disallowed transition from SHUTDOWN to RUNNING
2022-10-11 17:33:42,632 [Datanode State Machine Daemon Thread] ERROR datanode.RunningDatanodeState (RunningDatanodeState.java:computeNextContainerState(207)) - Error in executing end point task.
java.util.concurrent.ExecutionException: java.util.concurrent.TimeoutException
	at java.util.concurrent.FutureTask.report(FutureTask.java:122)
	at java.util.concurrent.FutureTask.get(FutureTask.java:192)
	at org.apache.hadoop.ozone.container.common.states.datanode.RunningDatanodeState.computeNextContainerState(RunningDatanodeState.java:199)
	at org.apache.hadoop.ozone.container.common.states.datanode.RunningDatanodeState.await(RunningDatanodeState.java:239)
	at org.apache.hadoop.ozone.container.common.states.datanode.RunningDatanodeState.await(RunningDatanodeState.java:50)
	at org.apache.hadoop.ozone.container.common.statemachine.StateContext.execute(StateContext.java:660)
	at org.apache.hadoop.ozone.container.common.statemachine.DatanodeStateMachine.startStateMachineThread(DatanodeStateMachine.java:298)
	at org.apache.hadoop.ozone.container.common.statemachine.DatanodeStateMachine.lambda$startDaemon$0(DatanodeStateMachine.java:493)
	at java.lang.Thread.run(Thread.java:750)
Caused by: java.util.concurrent.TimeoutException
	at java.util.concurrent.FutureTask.get(FutureTask.java:205)
	at org.apache.hadoop.ozone.container.common.states.datanode.RunningDatanodeState.lambda$execute$0(RunningDatanodeState.java:157)
	at java.util.concurrent.FutureTask.run(FutureTask.java:266)
	at java.util.concurrent.Executors$RunnableAdapter.call(Executors.java:511)
	at java.util.concurrent.FutureTask.run(FutureTask.java:266)
	at java.util.concurrent.ThreadPoolExecutor.runWorker(ThreadPoolExecutor.java:1149)
	at java.util.concurrent.ThreadPoolExecutor$Worker.run(ThreadPoolExecutor.java:624)
	... 1 more
2022-10-11 17:33:43,223 [EndpointStateMachine task thread for /127.0.0.1:44349 - 0 ] INFO  ipc.Client (Client.java:handleConnectionFailure(977)) - Retrying connect to server: localhost/127.0.0.1:44349. Already tried 3 time(s); retry policy is RetryUpToMaximumCountWithFixedSleep(maxRetries=15, sleepTime=1000 MILLISECONDS)
2022-10-11 17:33:43,224 [EndpointStateMachine task thread for /127.0.0.1:35983 - 0 ] INFO  ipc.Client (Client.java:handleConnectionFailure(977)) - Retrying connect to server: localhost/127.0.0.1:35983. Already tried 3 time(s); retry policy is RetryUpToMaximumCountWithFixedSleep(maxRetries=15, sleepTime=1000 MILLISECONDS)
2022-10-11 17:33:43,224 [EndpointStateMachine task thread for /127.0.0.1:44887 - 0 ] INFO  ipc.Client (Client.java:handleConnectionFailure(977)) - Retrying connect to server: localhost/127.0.0.1:44887. Already tried 3 time(s); retry policy is RetryUpToMaximumCountWithFixedSleep(maxRetries=15, sleepTime=1000 MILLISECONDS)
2022-10-11 17:33:43,634 [Datanode State Machine Daemon Thread] ERROR datanode.RunningDatanodeState (RunningDatanodeState.java:computeNextContainerState(207)) - Error in executing end point task.
java.util.concurrent.ExecutionException: java.util.concurrent.TimeoutException
	at java.util.concurrent.FutureTask.report(FutureTask.java:122)
	at java.util.concurrent.FutureTask.get(FutureTask.java:192)
	at org.apache.hadoop.ozone.container.common.states.datanode.RunningDatanodeState.computeNextContainerState(RunningDatanodeState.java:199)
	at org.apache.hadoop.ozone.container.common.states.datanode.RunningDatanodeState.await(RunningDatanodeState.java:239)
	at org.apache.hadoop.ozone.container.common.states.datanode.RunningDatanodeState.await(RunningDatanodeState.java:50)
	at org.apache.hadoop.ozone.container.common.statemachine.StateContext.execute(StateContext.java:660)
	at org.apache.hadoop.ozone.container.common.statemachine.DatanodeStateMachine.startStateMachineThread(DatanodeStateMachine.java:298)
	at org.apache.hadoop.ozone.container.common.statemachine.DatanodeStateMachine.lambda$startDaemon$0(DatanodeStateMachine.java:493)
	at java.lang.Thread.run(Thread.java:750)
Caused by: java.util.concurrent.TimeoutException
	at java.util.concurrent.FutureTask.get(FutureTask.java:205)
	at org.apache.hadoop.ozone.container.common.states.datanode.RunningDatanodeState.lambda$execute$0(RunningDatanodeState.java:157)
	at java.util.concurrent.FutureTask.run(FutureTask.java:266)
	at java.util.concurrent.Executors$RunnableAdapter.call(Executors.java:511)
	at java.util.concurrent.FutureTask.run(FutureTask.java:266)
	at java.util.concurrent.ThreadPoolExecutor.runWorker(ThreadPoolExecutor.java:1149)
	at java.util.concurrent.ThreadPoolExecutor$Worker.run(ThreadPoolExecutor.java:624)
	... 1 more
2022-10-11 17:33:44,224 [EndpointStateMachine task thread for /127.0.0.1:44349 - 0 ] INFO  ipc.Client (Client.java:handleConnectionFailure(977)) - Retrying connect to server: localhost/127.0.0.1:44349. Already tried 4 time(s); retry policy is RetryUpToMaximumCountWithFixedSleep(maxRetries=15, sleepTime=1000 MILLISECONDS)
2022-10-11 17:33:44,225 [EndpointStateMachine task thread for /127.0.0.1:44887 - 0 ] INFO  ipc.Client (Client.java:handleConnectionFailure(977)) - Retrying connect to server: localhost/127.0.0.1:44887. Already tried 4 time(s); retry policy is RetryUpToMaximumCountWithFixedSleep(maxRetries=15, sleepTime=1000 MILLISECONDS)
2022-10-11 17:33:44,224 [EndpointStateMachine task thread for /127.0.0.1:35983 - 0 ] INFO  ipc.Client (Client.java:handleConnectionFailure(977)) - Retrying connect to server: localhost/127.0.0.1:35983. Already tried 4 time(s); retry policy is RetryUpToMaximumCountWithFixedSleep(maxRetries=15, sleepTime=1000 MILLISECONDS)
2022-10-11 17:33:45,225 [EndpointStateMachine task thread for /127.0.0.1:44887 - 0 ] INFO  ipc.Client (Client.java:handleConnectionFailure(977)) - Retrying connect to server: localhost/127.0.0.1:44887. Already tried 5 time(s); retry policy is RetryUpToMaximumCountWithFixedSleep(maxRetries=15, sleepTime=1000 MILLISECONDS)
2022-10-11 17:33:45,225 [EndpointStateMachine task thread for /127.0.0.1:35983 - 0 ] INFO  ipc.Client (Client.java:handleConnectionFailure(977)) - Retrying connect to server: localhost/127.0.0.1:35983. Already tried 5 time(s); retry policy is RetryUpToMaximumCountWithFixedSleep(maxRetries=15, sleepTime=1000 MILLISECONDS)
2022-10-11 17:33:45,225 [EndpointStateMachine task thread for /127.0.0.1:44349 - 0 ] INFO  ipc.Client (Client.java:handleConnectionFailure(977)) - Retrying connect to server: localhost/127.0.0.1:44349. Already tried 5 time(s); retry policy is RetryUpToMaximumCountWithFixedSleep(maxRetries=15, sleepTime=1000 MILLISECONDS)
2022-10-11 17:33:45,635 [Datanode State Machine Daemon Thread] ERROR datanode.RunningDatanodeState (RunningDatanodeState.java:computeNextContainerState(207)) - Error in executing end point task.
java.util.concurrent.ExecutionException: java.util.concurrent.TimeoutException
	at java.util.concurrent.FutureTask.report(FutureTask.java:122)
	at java.util.concurrent.FutureTask.get(FutureTask.java:192)
	at org.apache.hadoop.ozone.container.common.states.datanode.RunningDatanodeState.computeNextContainerState(RunningDatanodeState.java:199)
	at org.apache.hadoop.ozone.container.common.states.datanode.RunningDatanodeState.await(RunningDatanodeState.java:239)
	at org.apache.hadoop.ozone.container.common.states.datanode.RunningDatanodeState.await(RunningDatanodeState.java:50)
	at org.apache.hadoop.ozone.container.common.statemachine.StateContext.execute(StateContext.java:660)
	at org.apache.hadoop.ozone.container.common.statemachine.DatanodeStateMachine.startStateMachineThread(DatanodeStateMachine.java:298)
	at org.apache.hadoop.ozone.container.common.statemachine.DatanodeStateMachine.lambda$startDaemon$0(DatanodeStateMachine.java:493)
	at java.lang.Thread.run(Thread.java:750)
Caused by: java.util.concurrent.TimeoutException
	at java.util.concurrent.FutureTask.get(FutureTask.java:205)
	at org.apache.hadoop.ozone.container.common.states.datanode.RunningDatanodeState.lambda$execute$0(RunningDatanodeState.java:157)
	at java.util.concurrent.FutureTask.run(FutureTask.java:266)
	at java.util.concurrent.Executors$RunnableAdapter.call(Executors.java:511)
	at java.util.concurrent.FutureTask.run(FutureTask.java:266)
	at java.util.concurrent.ThreadPoolExecutor.runWorker(ThreadPoolExecutor.java:1149)
	at java.util.concurrent.ThreadPoolExecutor$Worker.run(ThreadPoolExecutor.java:624)
	... 1 more
2022-10-11 17:33:46,226 [EndpointStateMachine task thread for /127.0.0.1:44887 - 0 ] INFO  ipc.Client (Client.java:handleConnectionFailure(977)) - Retrying connect to server: localhost/127.0.0.1:44887. Already tried 6 time(s); retry policy is RetryUpToMaximumCountWithFixedSleep(maxRetries=15, sleepTime=1000 MILLISECONDS)
2022-10-11 17:33:46,226 [EndpointStateMachine task thread for /127.0.0.1:35983 - 0 ] INFO  ipc.Client (Client.java:handleConnectionFailure(977)) - Retrying connect to server: localhost/127.0.0.1:35983. Already tried 6 time(s); retry policy is RetryUpToMaximumCountWithFixedSleep(maxRetries=15, sleepTime=1000 MILLISECONDS)
2022-10-11 17:33:46,226 [EndpointStateMachine task thread for /127.0.0.1:44349 - 0 ] INFO  ipc.Client (Client.java:handleConnectionFailure(977)) - Retrying connect to server: localhost/127.0.0.1:44349. Already tried 6 time(s); retry policy is RetryUpToMaximumCountWithFixedSleep(maxRetries=15, sleepTime=1000 MILLISECONDS)
2022-10-11 17:33:46,531 [Listener at 127.0.0.1/46797] INFO  ozoneimpl.OzoneContainer (OzoneContainer.java:stop(400)) - Attempting to stop container services.
2022-10-11 17:33:46,531 [ForkJoinPool.commonPool-worker-0] INFO  ozoneimpl.OzoneContainer (OzoneContainer.java:stop(400)) - Attempting to stop container services.
2022-10-11 17:33:46,532 [Listener at 127.0.0.1/46797] INFO  server.RaftServer (RaftServerProxy.java:lambda$close$7(398)) - a4eb97e2-c085-4a03-847a-2990f025d514: close
2022-10-11 17:33:46,532 [Listener at 127.0.0.1/46797] INFO  server.RaftServer$Division (RaftServerImpl.java:lambda$close$4(434)) - a4eb97e2-c085-4a03-847a-2990f025d514@group-E436AA9D509D: shutdown
2022-10-11 17:33:46,532 [Listener at 127.0.0.1/46797] INFO  util.JmxRegister (JmxRegister.java:unregister(73)) - Successfully un-registered JMX Bean with object name Ratis:service=RaftServer,group=group-E436AA9D509D,id=a4eb97e2-c085-4a03-847a-2990f025d514
2022-10-11 17:33:46,532 [Listener at 127.0.0.1/46797] INFO  impl.RoleInfo (RoleInfo.java:shutdownFollowerState(110)) - a4eb97e2-c085-4a03-847a-2990f025d514: shutdown a4eb97e2-c085-4a03-847a-2990f025d514@group-E436AA9D509D-FollowerState
2022-10-11 17:33:46,532 [a4eb97e2-c085-4a03-847a-2990f025d514@group-E436AA9D509D-FollowerState] INFO  impl.FollowerState (FollowerState.java:run(152)) - a4eb97e2-c085-4a03-847a-2990f025d514@group-E436AA9D509D-FollowerState was interrupted
2022-10-11 17:33:46,533 [Listener at 127.0.0.1/46797] INFO  impl.StateMachineUpdater (StateMachineUpdater.java:stopAndJoin(153)) - a4eb97e2-c085-4a03-847a-2990f025d514@group-E436AA9D509D-StateMachineUpdater: set stopIndex = -1
2022-10-11 17:33:46,535 [ForkJoinPool.commonPool-worker-0] INFO  server.RaftServer (RaftServerProxy.java:lambda$close$7(398)) - c6f9d5d6-ce23-4a05-8f31-e64b02be19f7: close
2022-10-11 17:33:46,535 [Listener at 127.0.0.1/46797] INFO  server.RaftServer$Division (ServerState.java:close(429)) - a4eb97e2-c085-4a03-847a-2990f025d514@group-E436AA9D509D: closes. applyIndex: -1
2022-10-11 17:33:46,535 [ForkJoinPool.commonPool-worker-0] INFO  server.RaftServer$Division (RaftServerImpl.java:lambda$close$4(434)) - c6f9d5d6-ce23-4a05-8f31-e64b02be19f7@group-E436AA9D509D: shutdown
2022-10-11 17:33:46,535 [a4eb97e2-c085-4a03-847a-2990f025d514@group-E436AA9D509D-SegmentedRaftLogWorker] INFO  segmented.SegmentedRaftLogWorker (SegmentedRaftLogWorker.java:run(336)) - a4eb97e2-c085-4a03-847a-2990f025d514@group-E436AA9D509D-SegmentedRaftLogWorker was interrupted, exiting. There are 0 tasks remaining in the queue.
2022-10-11 17:33:46,535 [ForkJoinPool.commonPool-worker-0] INFO  util.JmxRegister (JmxRegister.java:unregister(73)) - Successfully un-registered JMX Bean with object name Ratis:service=RaftServer,group=group-E436AA9D509D,id=c6f9d5d6-ce23-4a05-8f31-e64b02be19f7
2022-10-11 17:33:46,536 [Listener at 127.0.0.1/46797] INFO  segmented.SegmentedRaftLogWorker (SegmentedRaftLogWorker.java:close(246)) - a4eb97e2-c085-4a03-847a-2990f025d514@group-E436AA9D509D-SegmentedRaftLogWorker close()
2022-10-11 17:33:46,536 [ForkJoinPool.commonPool-worker-0] INFO  impl.RoleInfo (RoleInfo.java:shutdownFollowerState(110)) - c6f9d5d6-ce23-4a05-8f31-e64b02be19f7: shutdown c6f9d5d6-ce23-4a05-8f31-e64b02be19f7@group-E436AA9D509D-FollowerState
2022-10-11 17:33:46,537 [ForkJoinPool.commonPool-worker-0] INFO  impl.StateMachineUpdater (StateMachineUpdater.java:stopAndJoin(153)) - c6f9d5d6-ce23-4a05-8f31-e64b02be19f7@group-E436AA9D509D-StateMachineUpdater: set stopIndex = -1
2022-10-11 17:33:46,537 [c6f9d5d6-ce23-4a05-8f31-e64b02be19f7@group-E436AA9D509D-FollowerState] INFO  impl.FollowerState (FollowerState.java:run(152)) - c6f9d5d6-ce23-4a05-8f31-e64b02be19f7@group-E436AA9D509D-FollowerState was interrupted
2022-10-11 17:33:46,540 [ForkJoinPool.commonPool-worker-0] INFO  server.RaftServer$Division (ServerState.java:close(429)) - c6f9d5d6-ce23-4a05-8f31-e64b02be19f7@group-E436AA9D509D: closes. applyIndex: -1
2022-10-11 17:33:46,540 [c6f9d5d6-ce23-4a05-8f31-e64b02be19f7@group-E436AA9D509D-SegmentedRaftLogWorker] INFO  segmented.SegmentedRaftLogWorker (SegmentedRaftLogWorker.java:run(336)) - c6f9d5d6-ce23-4a05-8f31-e64b02be19f7@group-E436AA9D509D-SegmentedRaftLogWorker was interrupted, exiting. There are 0 tasks remaining in the queue.
2022-10-11 17:33:46,541 [ForkJoinPool.commonPool-worker-0] INFO  segmented.SegmentedRaftLogWorker (SegmentedRaftLogWorker.java:close(246)) - c6f9d5d6-ce23-4a05-8f31-e64b02be19f7@group-E436AA9D509D-SegmentedRaftLogWorker close()
2022-10-11 17:33:46,542 [Listener at 127.0.0.1/46797] INFO  server.RaftServer$Division (RaftServerImpl.java:lambda$close$4(434)) - a4eb97e2-c085-4a03-847a-2990f025d514@group-21CA35C768C7: shutdown
2022-10-11 17:33:46,542 [Listener at 127.0.0.1/46797] INFO  util.JmxRegister (JmxRegister.java:unregister(73)) - Successfully un-registered JMX Bean with object name Ratis:service=RaftServer,group=group-21CA35C768C7,id=a4eb97e2-c085-4a03-847a-2990f025d514
2022-10-11 17:33:46,542 [Listener at 127.0.0.1/46797] INFO  impl.RoleInfo (RoleInfo.java:shutdownLeaderState(93)) - a4eb97e2-c085-4a03-847a-2990f025d514: shutdown a4eb97e2-c085-4a03-847a-2990f025d514@group-21CA35C768C7-LeaderStateImpl
2022-10-11 17:33:46,542 [Listener at 127.0.0.1/46797] INFO  impl.PendingRequests (PendingRequests.java:sendNotLeaderResponses(282)) - a4eb97e2-c085-4a03-847a-2990f025d514@group-21CA35C768C7-PendingRequests: sendNotLeaderResponses
2022-10-11 17:33:46,543 [ForkJoinPool.commonPool-worker-0] INFO  server.RaftServer$Division (RaftServerImpl.java:lambda$close$4(434)) - c6f9d5d6-ce23-4a05-8f31-e64b02be19f7@group-8067FED13D63: shutdown
2022-10-11 17:33:46,543 [ForkJoinPool.commonPool-worker-0] INFO  util.JmxRegister (JmxRegister.java:unregister(73)) - Successfully un-registered JMX Bean with object name Ratis:service=RaftServer,group=group-8067FED13D63,id=c6f9d5d6-ce23-4a05-8f31-e64b02be19f7
2022-10-11 17:33:46,543 [ForkJoinPool.commonPool-worker-0] INFO  impl.RoleInfo (RoleInfo.java:shutdownLeaderState(93)) - c6f9d5d6-ce23-4a05-8f31-e64b02be19f7: shutdown c6f9d5d6-ce23-4a05-8f31-e64b02be19f7@group-8067FED13D63-LeaderStateImpl
2022-10-11 17:33:46,543 [ForkJoinPool.commonPool-worker-0] INFO  impl.PendingRequests (PendingRequests.java:sendNotLeaderResponses(282)) - c6f9d5d6-ce23-4a05-8f31-e64b02be19f7@group-8067FED13D63-PendingRequests: sendNotLeaderResponses
2022-10-11 17:33:46,544 [c6f9d5d6-ce23-4a05-8f31-e64b02be19f7@group-8067FED13D63-StateMachineUpdater] INFO  ratis.ContainerStateMachine (ContainerStateMachine.java:takeSnapshot(304)) - group-8067FED13D63: Taking a snapshot at:(t:1, i:0) file /home/runner/work/ozone/ozone/hadoop-ozone/integration-test/target/test-dir/MiniOzoneClusterImpl-a53f0994-8d29-48d7-8b80-9abc5033b6e0/datanode-0/data/ratis/dc897bd4-b8eb-4979-81bd-8067fed13d63/sm/snapshot.1_0
2022-10-11 17:33:46,544 [Listener at 127.0.0.1/46797] INFO  impl.StateMachineUpdater (StateMachineUpdater.java:stopAndJoin(153)) - a4eb97e2-c085-4a03-847a-2990f025d514@group-21CA35C768C7-StateMachineUpdater: set stopIndex = 0
2022-10-11 17:33:46,551 [a4eb97e2-c085-4a03-847a-2990f025d514@group-21CA35C768C7-StateMachineUpdater] INFO  ratis.ContainerStateMachine (ContainerStateMachine.java:takeSnapshot(304)) - group-21CA35C768C7: Taking a snapshot at:(t:1, i:0) file /home/runner/work/ozone/ozone/hadoop-ozone/integration-test/target/test-dir/MiniOzoneClusterImpl-a53f0994-8d29-48d7-8b80-9abc5033b6e0/datanode-1/data/ratis/373eba6a-abf2-4e32-b279-21ca35c768c7/sm/snapshot.1_0
2022-10-11 17:33:46,551 [ForkJoinPool.commonPool-worker-0] INFO  impl.StateMachineUpdater (StateMachineUpdater.java:stopAndJoin(153)) - c6f9d5d6-ce23-4a05-8f31-e64b02be19f7@group-8067FED13D63-StateMachineUpdater: set stopIndex = 0
2022-10-11 17:33:46,579 [c6f9d5d6-ce23-4a05-8f31-e64b02be19f7@group-8067FED13D63-StateMachineUpdater] INFO  ratis.ContainerStateMachine (ContainerStateMachine.java:takeSnapshot(315)) - group-8067FED13D63: Finished taking a snapshot at:(t:1, i:0) file:/home/runner/work/ozone/ozone/hadoop-ozone/integration-test/target/test-dir/MiniOzoneClusterImpl-a53f0994-8d29-48d7-8b80-9abc5033b6e0/datanode-0/data/ratis/dc897bd4-b8eb-4979-81bd-8067fed13d63/sm/snapshot.1_0 took: 35 ms
2022-10-11 17:33:46,579 [a4eb97e2-c085-4a03-847a-2990f025d514@group-21CA35C768C7-StateMachineUpdater] INFO  ratis.ContainerStateMachine (ContainerStateMachine.java:takeSnapshot(315)) - group-21CA35C768C7: Finished taking a snapshot at:(t:1, i:0) file:/home/runner/work/ozone/ozone/hadoop-ozone/integration-test/target/test-dir/MiniOzoneClusterImpl-a53f0994-8d29-48d7-8b80-9abc5033b6e0/datanode-1/data/ratis/373eba6a-abf2-4e32-b279-21ca35c768c7/sm/snapshot.1_0 took: 28 ms
2022-10-11 17:33:46,581 [c6f9d5d6-ce23-4a05-8f31-e64b02be19f7@group-8067FED13D63-StateMachineUpdater] INFO  impl.StateMachineUpdater (StateMachineUpdater.java:takeSnapshot(287)) - c6f9d5d6-ce23-4a05-8f31-e64b02be19f7@group-8067FED13D63-StateMachineUpdater: Took a snapshot at index 0
2022-10-11 17:33:46,581 [a4eb97e2-c085-4a03-847a-2990f025d514@group-21CA35C768C7-StateMachineUpdater] INFO  impl.StateMachineUpdater (StateMachineUpdater.java:takeSnapshot(287)) - a4eb97e2-c085-4a03-847a-2990f025d514@group-21CA35C768C7-StateMachineUpdater: Took a snapshot at index 0
2022-10-11 17:33:46,581 [a4eb97e2-c085-4a03-847a-2990f025d514@group-21CA35C768C7-StateMachineUpdater] INFO  impl.StateMachineUpdater (StateMachineUpdater.java:lambda$new$0(92)) - a4eb97e2-c085-4a03-847a-2990f025d514@group-21CA35C768C7-StateMachineUpdater: snapshotIndex: updateIncreasingly -1 -> 0
2022-10-11 17:33:46,581 [Listener at 127.0.0.1/46797] INFO  server.RaftServer$Division (ServerState.java:close(429)) - a4eb97e2-c085-4a03-847a-2990f025d514@group-21CA35C768C7: closes. applyIndex: 0
2022-10-11 17:33:46,581 [c6f9d5d6-ce23-4a05-8f31-e64b02be19f7@group-8067FED13D63-StateMachineUpdater] INFO  impl.StateMachineUpdater (StateMachineUpdater.java:lambda$new$0(92)) - c6f9d5d6-ce23-4a05-8f31-e64b02be19f7@group-8067FED13D63-StateMachineUpdater: snapshotIndex: updateIncreasingly -1 -> 0
2022-10-11 17:33:46,581 [a4eb97e2-c085-4a03-847a-2990f025d514@group-21CA35C768C7-SegmentedRaftLogWorker] INFO  segmented.SegmentedRaftLogWorker (SegmentedRaftLogWorker.java:run(336)) - a4eb97e2-c085-4a03-847a-2990f025d514@group-21CA35C768C7-SegmentedRaftLogWorker was interrupted, exiting. There are 0 tasks remaining in the queue.
2022-10-11 17:33:46,583 [Listener at 127.0.0.1/46797] INFO  segmented.SegmentedRaftLogWorker (SegmentedRaftLogWorker.java:close(246)) - a4eb97e2-c085-4a03-847a-2990f025d514@group-21CA35C768C7-SegmentedRaftLogWorker close()
2022-10-11 17:33:46,584 [ForkJoinPool.commonPool-worker-0] INFO  server.RaftServer$Division (ServerState.java:close(429)) - c6f9d5d6-ce23-4a05-8f31-e64b02be19f7@group-8067FED13D63: closes. applyIndex: 0
2022-10-11 17:33:46,584 [Listener at 127.0.0.1/46797] INFO  server.RaftServer$Division (RaftServerImpl.java:lambda$close$4(434)) - a4eb97e2-c085-4a03-847a-2990f025d514@group-7EC0B1F630C1: shutdown
2022-10-11 17:33:46,585 [Listener at 127.0.0.1/46797] INFO  util.JmxRegister (JmxRegister.java:unregister(73)) - Successfully un-registered JMX Bean with object name Ratis:service=RaftServer,group=group-7EC0B1F630C1,id=a4eb97e2-c085-4a03-847a-2990f025d514
2022-10-11 17:33:46,585 [Listener at 127.0.0.1/46797] INFO  impl.RoleInfo (RoleInfo.java:shutdownFollowerState(110)) - a4eb97e2-c085-4a03-847a-2990f025d514: shutdown a4eb97e2-c085-4a03-847a-2990f025d514@group-7EC0B1F630C1-FollowerState
2022-10-11 17:33:46,585 [Listener at 127.0.0.1/46797] INFO  impl.StateMachineUpdater (StateMachineUpdater.java:stopAndJoin(153)) - a4eb97e2-c085-4a03-847a-2990f025d514@group-7EC0B1F630C1-StateMachineUpdater: set stopIndex = 0
2022-10-11 17:33:46,585 [c6f9d5d6-ce23-4a05-8f31-e64b02be19f7@group-8067FED13D63-SegmentedRaftLogWorker] INFO  segmented.SegmentedRaftLogWorker (SegmentedRaftLogWorker.java:run(336)) - c6f9d5d6-ce23-4a05-8f31-e64b02be19f7@group-8067FED13D63-SegmentedRaftLogWorker was interrupted, exiting. There are 0 tasks remaining in the queue.
2022-10-11 17:33:46,585 [a4eb97e2-c085-4a03-847a-2990f025d514@group-7EC0B1F630C1-FollowerState] INFO  impl.FollowerState (FollowerState.java:run(152)) - a4eb97e2-c085-4a03-847a-2990f025d514@group-7EC0B1F630C1-FollowerState was interrupted
2022-10-11 17:33:46,586 [a4eb97e2-c085-4a03-847a-2990f025d514@group-7EC0B1F630C1-StateMachineUpdater] INFO  ratis.ContainerStateMachine (ContainerStateMachine.java:takeSnapshot(304)) - group-7EC0B1F630C1: Taking a snapshot at:(t:2, i:0) file /home/runner/work/ozone/ozone/hadoop-ozone/integration-test/target/test-dir/MiniOzoneClusterImpl-a53f0994-8d29-48d7-8b80-9abc5033b6e0/datanode-1/data/ratis/6a5c9305-feb4-4d3b-b1e8-7ec0b1f630c1/sm/snapshot.2_0
2022-10-11 17:33:46,586 [ForkJoinPool.commonPool-worker-0] INFO  segmented.SegmentedRaftLogWorker (SegmentedRaftLogWorker.java:close(246)) - c6f9d5d6-ce23-4a05-8f31-e64b02be19f7@group-8067FED13D63-SegmentedRaftLogWorker close()
2022-10-11 17:33:46,588 [ForkJoinPool.commonPool-worker-0] INFO  server.RaftServer$Division (RaftServerImpl.java:lambda$close$4(434)) - c6f9d5d6-ce23-4a05-8f31-e64b02be19f7@group-7EC0B1F630C1: shutdown
2022-10-11 17:33:46,589 [ForkJoinPool.commonPool-worker-0] INFO  util.JmxRegister (JmxRegister.java:unregister(73)) - Successfully un-registered JMX Bean with object name Ratis:service=RaftServer,group=group-7EC0B1F630C1,id=c6f9d5d6-ce23-4a05-8f31-e64b02be19f7
2022-10-11 17:33:46,589 [ForkJoinPool.commonPool-worker-0] INFO  impl.RoleInfo (RoleInfo.java:shutdownLeaderState(93)) - c6f9d5d6-ce23-4a05-8f31-e64b02be19f7: shutdown c6f9d5d6-ce23-4a05-8f31-e64b02be19f7@group-7EC0B1F630C1-LeaderStateImpl
2022-10-11 17:33:46,589 [c6f9d5d6-ce23-4a05-8f31-e64b02be19f7@group-7EC0B1F630C1->0de9eb11-3db5-450a-a624-fd6bf12412f3-GrpcLogAppender-LogAppenderDaemon] WARN  server.GrpcLogAppender (GrpcLogAppender.java:mayWait(171)) - c6f9d5d6-ce23-4a05-8f31-e64b02be19f7@group-7EC0B1F630C1->0de9eb11-3db5-450a-a624-fd6bf12412f3-GrpcLogAppender: Wait interrupted by java.lang.InterruptedException
2022-10-11 17:33:46,589 [ForkJoinPool.commonPool-worker-0] INFO  impl.PendingRequests (PendingRequests.java:sendNotLeaderResponses(282)) - c6f9d5d6-ce23-4a05-8f31-e64b02be19f7@group-7EC0B1F630C1-PendingRequests: sendNotLeaderResponses
2022-10-11 17:33:46,590 [ForkJoinPool.commonPool-worker-0] INFO  impl.StateMachineUpdater (StateMachineUpdater.java:stopAndJoin(153)) - c6f9d5d6-ce23-4a05-8f31-e64b02be19f7@group-7EC0B1F630C1-StateMachineUpdater: set stopIndex = 0
2022-10-11 17:33:46,590 [c6f9d5d6-ce23-4a05-8f31-e64b02be19f7@group-7EC0B1F630C1->a4eb97e2-c085-4a03-847a-2990f025d514-GrpcLogAppender-LogAppenderDaemon] WARN  server.GrpcLogAppender (GrpcLogAppender.java:mayWait(171)) - c6f9d5d6-ce23-4a05-8f31-e64b02be19f7@group-7EC0B1F630C1->a4eb97e2-c085-4a03-847a-2990f025d514-GrpcLogAppender: Wait interrupted by java.lang.InterruptedException
2022-10-11 17:33:46,590 [c6f9d5d6-ce23-4a05-8f31-e64b02be19f7@group-7EC0B1F630C1-StateMachineUpdater] INFO  ratis.ContainerStateMachine (ContainerStateMachine.java:takeSnapshot(304)) - group-7EC0B1F630C1: Taking a snapshot at:(t:2, i:0) file /home/runner/work/ozone/ozone/hadoop-ozone/integration-test/target/test-dir/MiniOzoneClusterImpl-a53f0994-8d29-48d7-8b80-9abc5033b6e0/datanode-0/data/ratis/6a5c9305-feb4-4d3b-b1e8-7ec0b1f630c1/sm/snapshot.2_0
2022-10-11 17:33:46,589 [a4eb97e2-c085-4a03-847a-2990f025d514@group-7EC0B1F630C1-StateMachineUpdater] INFO  ratis.ContainerStateMachine (ContainerStateMachine.java:takeSnapshot(315)) - group-7EC0B1F630C1: Finished taking a snapshot at:(t:2, i:0) file:/home/runner/work/ozone/ozone/hadoop-ozone/integration-test/target/test-dir/MiniOzoneClusterImpl-a53f0994-8d29-48d7-8b80-9abc5033b6e0/datanode-1/data/ratis/6a5c9305-feb4-4d3b-b1e8-7ec0b1f630c1/sm/snapshot.2_0 took: 3 ms
2022-10-11 17:33:46,591 [a4eb97e2-c085-4a03-847a-2990f025d514@group-7EC0B1F630C1-StateMachineUpdater] INFO  impl.StateMachineUpdater (StateMachineUpdater.java:takeSnapshot(287)) - a4eb97e2-c085-4a03-847a-2990f025d514@group-7EC0B1F630C1-StateMachineUpdater: Took a snapshot at index 0
2022-10-11 17:33:46,591 [a4eb97e2-c085-4a03-847a-2990f025d514@group-7EC0B1F630C1-StateMachineUpdater] INFO  impl.StateMachineUpdater (StateMachineUpdater.java:lambda$new$0(92)) - a4eb97e2-c085-4a03-847a-2990f025d514@group-7EC0B1F630C1-StateMachineUpdater: snapshotIndex: updateIncreasingly -1 -> 0
2022-10-11 17:33:46,591 [c6f9d5d6-ce23-4a05-8f31-e64b02be19f7@group-7EC0B1F630C1-StateMachineUpdater] INFO  ratis.ContainerStateMachine (ContainerStateMachine.java:takeSnapshot(315)) - group-7EC0B1F630C1: Finished taking a snapshot at:(t:2, i:0) file:/home/runner/work/ozone/ozone/hadoop-ozone/integration-test/target/test-dir/MiniOzoneClusterImpl-a53f0994-8d29-48d7-8b80-9abc5033b6e0/datanode-0/data/ratis/6a5c9305-feb4-4d3b-b1e8-7ec0b1f630c1/sm/snapshot.2_0 took: 0 ms
2022-10-11 17:33:46,591 [Listener at 127.0.0.1/46797] INFO  server.RaftServer$Division (ServerState.java:close(429)) - a4eb97e2-c085-4a03-847a-2990f025d514@group-7EC0B1F630C1: closes. applyIndex: 0
2022-10-11 17:33:46,591 [c6f9d5d6-ce23-4a05-8f31-e64b02be19f7@group-7EC0B1F630C1-StateMachineUpdater] INFO  impl.StateMachineUpdater (StateMachineUpdater.java:takeSnapshot(287)) - c6f9d5d6-ce23-4a05-8f31-e64b02be19f7@group-7EC0B1F630C1-StateMachineUpdater: Took a snapshot at index 0
2022-10-11 17:33:46,591 [a4eb97e2-c085-4a03-847a-2990f025d514@group-7EC0B1F630C1-SegmentedRaftLogWorker] INFO  segmented.SegmentedRaftLogWorker (SegmentedRaftLogWorker.java:run(336)) - a4eb97e2-c085-4a03-847a-2990f025d514@group-7EC0B1F630C1-SegmentedRaftLogWorker was interrupted, exiting. There are 0 tasks remaining in the queue.
2022-10-11 17:33:46,592 [grpc-default-executor-1] INFO  server.GrpcServerProtocolService (GrpcServerProtocolService.java:onCompleted(140)) - a4eb97e2-c085-4a03-847a-2990f025d514: Completed APPEND_ENTRIES, lastRequest: c6f9d5d6-ce23-4a05-8f31-e64b02be19f7->a4eb97e2-c085-4a03-847a-2990f025d514#1-t2,previous=(t:0, i:0),leaderCommit=0,initializing? true,entries: size=1, first=(t:2, i:0), CONFIGURATIONENTRY
2022-10-11 17:33:46,593 [grpc-default-executor-3] INFO  server.GrpcServerProtocolService (GrpcServerProtocolService.java:onCompleted(140)) - 0de9eb11-3db5-450a-a624-fd6bf12412f3: Completed APPEND_ENTRIES, lastRequest: c6f9d5d6-ce23-4a05-8f31-e64b02be19f7->0de9eb11-3db5-450a-a624-fd6bf12412f3#1-t2,previous=(t:0, i:0),leaderCommit=-1,initializing? true,entries: size=1, first=(t:2, i:0), CONFIGURATIONENTRY
2022-10-11 17:33:46,593 [Listener at 127.0.0.1/46797] INFO  segmented.SegmentedRaftLogWorker (SegmentedRaftLogWorker.java:close(246)) - a4eb97e2-c085-4a03-847a-2990f025d514@group-7EC0B1F630C1-SegmentedRaftLogWorker close()
2022-10-11 17:33:46,591 [c6f9d5d6-ce23-4a05-8f31-e64b02be19f7@group-7EC0B1F630C1-StateMachineUpdater] INFO  impl.StateMachineUpdater (StateMachineUpdater.java:lambda$new$0(92)) - c6f9d5d6-ce23-4a05-8f31-e64b02be19f7@group-7EC0B1F630C1-StateMachineUpdater: snapshotIndex: updateIncreasingly -1 -> 0
2022-10-11 17:33:46,594 [grpc-default-executor-2] INFO  server.GrpcLogAppender (GrpcLogAppender.java:onCompleted(339)) - c6f9d5d6-ce23-4a05-8f31-e64b02be19f7@group-7EC0B1F630C1->0de9eb11-3db5-450a-a624-fd6bf12412f3-AppendLogResponseHandler: follower responses appendEntries COMPLETED
2022-10-11 17:33:46,594 [grpc-default-executor-2] INFO  leader.FollowerInfo (FollowerInfoImpl.java:lambda$new$0(48)) - c6f9d5d6-ce23-4a05-8f31-e64b02be19f7@group-7EC0B1F630C1->0de9eb11-3db5-450a-a624-fd6bf12412f3: nextIndex: updateUnconditionally 1 -> 0
2022-10-11 17:33:46,594 [grpc-default-executor-3] INFO  server.GrpcLogAppender (GrpcLogAppender.java:onCompleted(339)) - c6f9d5d6-ce23-4a05-8f31-e64b02be19f7@group-7EC0B1F630C1->a4eb97e2-c085-4a03-847a-2990f025d514-AppendLogResponseHandler: follower responses appendEntries COMPLETED
2022-10-11 17:33:46,595 [grpc-default-executor-3] INFO  leader.FollowerInfo (FollowerInfoImpl.java:lambda$new$0(48)) - c6f9d5d6-ce23-4a05-8f31-e64b02be19f7@group-7EC0B1F630C1->a4eb97e2-c085-4a03-847a-2990f025d514: nextIndex: updateUnconditionally 1 -> 0
2022-10-11 17:33:46,595 [ForkJoinPool.commonPool-worker-0] INFO  server.RaftServer$Division (ServerState.java:close(429)) - c6f9d5d6-ce23-4a05-8f31-e64b02be19f7@group-7EC0B1F630C1: closes. applyIndex: 0
2022-10-11 17:33:46,595 [c6f9d5d6-ce23-4a05-8f31-e64b02be19f7@group-7EC0B1F630C1-SegmentedRaftLogWorker] INFO  segmented.SegmentedRaftLogWorker (SegmentedRaftLogWorker.java:run(336)) - c6f9d5d6-ce23-4a05-8f31-e64b02be19f7@group-7EC0B1F630C1-SegmentedRaftLogWorker was interrupted, exiting. There are 0 tasks remaining in the queue.
2022-10-11 17:33:46,595 [Listener at 127.0.0.1/46797] INFO  server.GrpcService (GrpcService.java:closeImpl(269)) - a4eb97e2-c085-4a03-847a-2990f025d514: shutdown server with port 43867 now
2022-10-11 17:33:46,595 [ForkJoinPool.commonPool-worker-0] INFO  segmented.SegmentedRaftLogWorker (SegmentedRaftLogWorker.java:close(246)) - c6f9d5d6-ce23-4a05-8f31-e64b02be19f7@group-7EC0B1F630C1-SegmentedRaftLogWorker close()
2022-10-11 17:33:46,597 [ForkJoinPool.commonPool-worker-0] INFO  server.GrpcService (GrpcService.java:closeImpl(269)) - c6f9d5d6-ce23-4a05-8f31-e64b02be19f7: shutdown server with port 42011 now
2022-10-11 17:33:46,601 [Listener at 127.0.0.1/46797] INFO  server.GrpcService (GrpcService.java:closeImpl(278)) - a4eb97e2-c085-4a03-847a-2990f025d514: shutdown server with port 43867 successfully
2022-10-11 17:33:46,601 [org.apache.ratis.util.JvmPauseMonitor$$Lambda$519/1644506233@151b7721] INFO  util.JvmPauseMonitor (JvmPauseMonitor.java:run(109)) - JvmPauseMonitor-a4eb97e2-c085-4a03-847a-2990f025d514: Stopped
2022-10-11 17:33:46,602 [ForkJoinPool.commonPool-worker-0] INFO  server.GrpcService (GrpcService.java:closeImpl(278)) - c6f9d5d6-ce23-4a05-8f31-e64b02be19f7: shutdown server with port 42011 successfully
2022-10-11 17:33:46,602 [org.apache.ratis.util.JvmPauseMonitor$$Lambda$519/1644506233@2d58615e] INFO  util.JvmPauseMonitor (JvmPauseMonitor.java:run(109)) - JvmPauseMonitor-c6f9d5d6-ce23-4a05-8f31-e64b02be19f7: Stopped
2022-10-11 17:33:47,227 [EndpointStateMachine task thread for /127.0.0.1:35983 - 0 ] INFO  ipc.Client (Client.java:handleConnectionFailure(977)) - Retrying connect to server: localhost/127.0.0.1:35983. Already tried 7 time(s); retry policy is RetryUpToMaximumCountWithFixedSleep(maxRetries=15, sleepTime=1000 MILLISECONDS)
2022-10-11 17:33:47,228 [EndpointStateMachine task thread for /127.0.0.1:44349 - 0 ] INFO  ipc.Client (Client.java:handleConnectionFailure(977)) - Retrying connect to server: localhost/127.0.0.1:44349. Already tried 7 time(s); retry policy is RetryUpToMaximumCountWithFixedSleep(maxRetries=15, sleepTime=1000 MILLISECONDS)
2022-10-11 17:33:47,227 [EndpointStateMachine task thread for /127.0.0.1:44887 - 0 ] INFO  ipc.Client (Client.java:handleConnectionFailure(977)) - Retrying connect to server: localhost/127.0.0.1:44887. Already tried 7 time(s); retry policy is RetryUpToMaximumCountWithFixedSleep(maxRetries=15, sleepTime=1000 MILLISECONDS)
2022-10-11 17:33:48,228 [EndpointStateMachine task thread for /127.0.0.1:35983 - 0 ] INFO  ipc.Client (Client.java:handleConnectionFailure(977)) - Retrying connect to server: localhost/127.0.0.1:35983. Already tried 8 time(s); retry policy is RetryUpToMaximumCountWithFixedSleep(maxRetries=15, sleepTime=1000 MILLISECONDS)
2022-10-11 17:33:48,228 [EndpointStateMachine task thread for /127.0.0.1:44349 - 0 ] INFO  ipc.Client (Client.java:handleConnectionFailure(977)) - Retrying connect to server: localhost/127.0.0.1:44349. Already tried 8 time(s); retry policy is RetryUpToMaximumCountWithFixedSleep(maxRetries=15, sleepTime=1000 MILLISECONDS)
2022-10-11 17:33:48,228 [EndpointStateMachine task thread for /127.0.0.1:44887 - 0 ] INFO  ipc.Client (Client.java:handleConnectionFailure(977)) - Retrying connect to server: localhost/127.0.0.1:44887. Already tried 8 time(s); retry policy is RetryUpToMaximumCountWithFixedSleep(maxRetries=15, sleepTime=1000 MILLISECONDS)
2022-10-11 17:33:48,627 [Listener at 127.0.0.1/46797] INFO  utils.BackgroundService (BackgroundService.java:shutdown(141)) - Shutting down service BlockDeletingService
2022-10-11 17:33:48,628 [Listener at 127.0.0.1/46797] INFO  utils.BackgroundService (BackgroundService.java:shutdown(141)) - Shutting down service StaleRecoveringContainerScrubbingService
2022-10-11 17:33:48,629 [ForkJoinPool.commonPool-worker-0] INFO  utils.BackgroundService (BackgroundService.java:shutdown(141)) - Shutting down service BlockDeletingService
2022-10-11 17:33:48,629 [ForkJoinPool.commonPool-worker-0] INFO  utils.BackgroundService (BackgroundService.java:shutdown(141)) - Shutting down service StaleRecoveringContainerScrubbingService
2022-10-11 17:33:49,229 [EndpointStateMachine task thread for /127.0.0.1:35983 - 0 ] INFO  ipc.Client (Client.java:handleConnectionFailure(977)) - Retrying connect to server: localhost/127.0.0.1:35983. Already tried 9 time(s); retry policy is RetryUpToMaximumCountWithFixedSleep(maxRetries=15, sleepTime=1000 MILLISECONDS)
2022-10-11 17:33:49,229 [EndpointStateMachine task thread for /127.0.0.1:44349 - 0 ] INFO  ipc.Client (Client.java:handleConnectionFailure(977)) - Retrying connect to server: localhost/127.0.0.1:44349. Already tried 9 time(s); retry policy is RetryUpToMaximumCountWithFixedSleep(maxRetries=15, sleepTime=1000 MILLISECONDS)
2022-10-11 17:33:49,230 [EndpointStateMachine task thread for /127.0.0.1:44887 - 0 ] INFO  ipc.Client (Client.java:handleConnectionFailure(977)) - Retrying connect to server: localhost/127.0.0.1:44887. Already tried 9 time(s); retry policy is RetryUpToMaximumCountWithFixedSleep(maxRetries=15, sleepTime=1000 MILLISECONDS)
2022-10-11 17:33:50,230 [EndpointStateMachine task thread for /127.0.0.1:35983 - 0 ] INFO  ipc.Client (Client.java:handleConnectionFailure(977)) - Retrying connect to server: localhost/127.0.0.1:35983. Already tried 10 time(s); retry policy is RetryUpToMaximumCountWithFixedSleep(maxRetries=15, sleepTime=1000 MILLISECONDS)
2022-10-11 17:33:50,230 [EndpointStateMachine task thread for /127.0.0.1:44349 - 0 ] INFO  ipc.Client (Client.java:handleConnectionFailure(977)) - Retrying connect to server: localhost/127.0.0.1:44349. Already tried 10 time(s); retry policy is RetryUpToMaximumCountWithFixedSleep(maxRetries=15, sleepTime=1000 MILLISECONDS)
2022-10-11 17:33:50,230 [EndpointStateMachine task thread for /127.0.0.1:44887 - 0 ] INFO  ipc.Client (Client.java:handleConnectionFailure(977)) - Retrying connect to server: localhost/127.0.0.1:44887. Already tried 10 time(s); retry policy is RetryUpToMaximumCountWithFixedSleep(maxRetries=15, sleepTime=1000 MILLISECONDS)
2022-10-11 17:33:51,230 [EndpointStateMachine task thread for /127.0.0.1:44349 - 0 ] INFO  ipc.Client (Client.java:handleConnectionFailure(977)) - Retrying connect to server: localhost/127.0.0.1:44349. Already tried 11 time(s); retry policy is RetryUpToMaximumCountWithFixedSleep(maxRetries=15, sleepTime=1000 MILLISECONDS)
2022-10-11 17:33:51,231 [EndpointStateMachine task thread for /127.0.0.1:44887 - 0 ] INFO  ipc.Client (Client.java:handleConnectionFailure(977)) - Retrying connect to server: localhost/127.0.0.1:44887. Already tried 11 time(s); retry policy is RetryUpToMaximumCountWithFixedSleep(maxRetries=15, sleepTime=1000 MILLISECONDS)
2022-10-11 17:33:51,231 [EndpointStateMachine task thread for /127.0.0.1:35983 - 0 ] INFO  ipc.Client (Client.java:handleConnectionFailure(977)) - Retrying connect to server: localhost/127.0.0.1:35983. Already tried 11 time(s); retry policy is RetryUpToMaximumCountWithFixedSleep(maxRetries=15, sleepTime=1000 MILLISECONDS)
2022-10-11 17:33:51,630 [Listener at 127.0.0.1/46797] INFO  statemachine.DatanodeStateMachine (DatanodeStateMachine.java:stopDaemon(580)) - Ozone container server stopped.
2022-10-11 17:33:51,645 [ForkJoinPool.commonPool-worker-0] INFO  statemachine.DatanodeStateMachine (DatanodeStateMachine.java:stopDaemon(580)) - Ozone container server stopped.
2022-10-11 17:33:51,665 [Listener at 127.0.0.1/46797] INFO  handler.ContextHandler (ContextHandler.java:doStop(1153)) - Stopped o.e.j.w.WebAppContext@5f34b90c{hddsDatanode,/,null,STOPPED}{jar:file:/home/runner/.m2/repository/org/apache/ozone/hdds-container-service/1.3.0-SNAPSHOT/hdds-container-service-1.3.0-SNAPSHOT.jar!/webapps/hddsDatanode}
2022-10-11 17:33:51,666 [Listener at 127.0.0.1/46797] INFO  server.AbstractConnector (AbstractConnector.java:doStop(381)) - Stopped ServerConnector@76d86393{HTTP/1.1, (http/1.1)}{0.0.0.0:0}
2022-10-11 17:33:51,666 [Listener at 127.0.0.1/46797] INFO  server.session (HouseKeeper.java:stopScavenging(149)) - node0 Stopped scavenging
2022-10-11 17:33:51,666 [Listener at 127.0.0.1/46797] INFO  handler.ContextHandler (ContextHandler.java:doStop(1153)) - Stopped o.e.j.s.ServletContextHandler@533dd2b4{static,/static,jar:file:/home/runner/.m2/repository/org/apache/ozone/hdds-container-service/1.3.0-SNAPSHOT/hdds-container-service-1.3.0-SNAPSHOT.jar!/webapps/static,STOPPED}
2022-10-11 17:33:51,666 [Listener at 127.0.0.1/46797] INFO  handler.ContextHandler (ContextHandler.java:doStop(1153)) - Stopped o.e.j.s.ServletContextHandler@6f040734{logs,/logs,file:///home/runner/work/ozone/ozone/hadoop-ozone/integration-test/target/log,STOPPED}
2022-10-11 17:33:51,676 [ForkJoinPool.commonPool-worker-0] INFO  handler.ContextHandler (ContextHandler.java:doStop(1153)) - Stopped o.e.j.w.WebAppContext@740d49eb{hddsDatanode,/,null,STOPPED}{jar:file:/home/runner/.m2/repository/org/apache/ozone/hdds-container-service/1.3.0-SNAPSHOT/hdds-container-service-1.3.0-SNAPSHOT.jar!/webapps/hddsDatanode}
2022-10-11 17:33:51,677 [ForkJoinPool.commonPool-worker-0] INFO  server.AbstractConnector (AbstractConnector.java:doStop(381)) - Stopped ServerConnector@adadb7e{HTTP/1.1, (http/1.1)}{0.0.0.0:0}
2022-10-11 17:33:51,677 [ForkJoinPool.commonPool-worker-0] INFO  server.session (HouseKeeper.java:stopScavenging(149)) - node0 Stopped scavenging
2022-10-11 17:33:51,679 [ForkJoinPool.commonPool-worker-0] INFO  handler.ContextHandler (ContextHandler.java:doStop(1153)) - Stopped o.e.j.s.ServletContextHandler@3ab63abb{static,/static,jar:file:/home/runner/.m2/repository/org/apache/ozone/hdds-container-service/1.3.0-SNAPSHOT/hdds-container-service-1.3.0-SNAPSHOT.jar!/webapps/static,STOPPED}
2022-10-11 17:33:51,680 [ForkJoinPool.commonPool-worker-0] INFO  handler.ContextHandler (ContextHandler.java:doStop(1153)) - Stopped o.e.j.s.ServletContextHandler@2cd9f146{logs,/logs,file:///home/runner/work/ozone/ozone/hadoop-ozone/integration-test/target/log,STOPPED}
2022-10-11 17:33:52,231 [EndpointStateMachine task thread for /127.0.0.1:44349 - 0 ] INFO  ipc.Client (Client.java:handleConnectionFailure(977)) - Retrying connect to server: localhost/127.0.0.1:44349. Already tried 12 time(s); retry policy is RetryUpToMaximumCountWithFixedSleep(maxRetries=15, sleepTime=1000 MILLISECONDS)
2022-10-11 17:33:52,231 [EndpointStateMachine task thread for /127.0.0.1:35983 - 0 ] INFO  ipc.Client (Client.java:handleConnectionFailure(977)) - Retrying connect to server: localhost/127.0.0.1:35983. Already tried 12 time(s); retry policy is RetryUpToMaximumCountWithFixedSleep(maxRetries=15, sleepTime=1000 MILLISECONDS)
2022-10-11 17:33:52,232 [EndpointStateMachine task thread for /127.0.0.1:44887 - 0 ] INFO  ipc.Client (Client.java:handleConnectionFailure(977)) - Retrying connect to server: localhost/127.0.0.1:44887. Already tried 12 time(s); retry policy is RetryUpToMaximumCountWithFixedSleep(maxRetries=15, sleepTime=1000 MILLISECONDS)
2022-10-11 17:33:52,366 [0de9eb11-3db5-450a-a624-fd6bf12412f3@group-E436AA9D509D-FollowerState] INFO  impl.FollowerState (FollowerState.java:run(143)) - 0de9eb11-3db5-450a-a624-fd6bf12412f3@group-E436AA9D509D-FollowerState: change to CANDIDATE, lastRpcElapsedTime:10141295038ns, electionTimeout:5000ms
2022-10-11 17:33:52,366 [0de9eb11-3db5-450a-a624-fd6bf12412f3@group-E436AA9D509D-FollowerState] INFO  impl.RoleInfo (RoleInfo.java:shutdownFollowerState(110)) - 0de9eb11-3db5-450a-a624-fd6bf12412f3: shutdown 0de9eb11-3db5-450a-a624-fd6bf12412f3@group-E436AA9D509D-FollowerState
2022-10-11 17:33:52,367 [0de9eb11-3db5-450a-a624-fd6bf12412f3@group-E436AA9D509D-FollowerState] INFO  server.RaftServer$Division (RaftServerImpl.java:setRole(299)) - 0de9eb11-3db5-450a-a624-fd6bf12412f3@group-E436AA9D509D: changes role from  FOLLOWER to CANDIDATE at term 3 for changeToCandidate
2022-10-11 17:33:52,367 [0de9eb11-3db5-450a-a624-fd6bf12412f3@group-E436AA9D509D-FollowerState] INFO  server.RaftServerConfigKeys (ConfUtils.java:logGet(46)) - raft.server.leaderelection.pre-vote = false (custom)
2022-10-11 17:33:52,367 [0de9eb11-3db5-450a-a624-fd6bf12412f3@group-E436AA9D509D-FollowerState] INFO  impl.RoleInfo (RoleInfo.java:updateAndGet(139)) - 0de9eb11-3db5-450a-a624-fd6bf12412f3: start 0de9eb11-3db5-450a-a624-fd6bf12412f3@group-E436AA9D509D-LeaderElection16
2022-10-11 17:33:52,378 [0de9eb11-3db5-450a-a624-fd6bf12412f3@group-E436AA9D509D-LeaderElection16] INFO  impl.LeaderElection (LeaderElection.java:askForVotes(310)) - 0de9eb11-3db5-450a-a624-fd6bf12412f3@group-E436AA9D509D-LeaderElection16 ELECTION round 0: submit vote requests at term 4 for -1: [c6f9d5d6-ce23-4a05-8f31-e64b02be19f7|rpc:127.0.0.1:42011|dataStream:|priority:0, 0de9eb11-3db5-450a-a624-fd6bf12412f3|rpc:127.0.0.1:38277|dataStream:|priority:0, a4eb97e2-c085-4a03-847a-2990f025d514|rpc:127.0.0.1:43867|dataStream:|priority:1], old=null
2022-10-11 17:33:52,400 [0de9eb11-3db5-450a-a624-fd6bf12412f3@group-E436AA9D509D-LeaderElection16] INFO  impl.LeaderElection (LogUtils.java:infoOrTrace(137)) - 0de9eb11-3db5-450a-a624-fd6bf12412f3@group-E436AA9D509D-LeaderElection16 got exception when requesting votes: java.util.concurrent.ExecutionException: org.apache.ratis.thirdparty.io.grpc.StatusRuntimeException: UNAVAILABLE: io exception
2022-10-11 17:33:52,400 [0de9eb11-3db5-450a-a624-fd6bf12412f3@group-E436AA9D509D-LeaderElection16] INFO  impl.LeaderElection (LogUtils.java:infoOrTrace(137)) - 0de9eb11-3db5-450a-a624-fd6bf12412f3@group-E436AA9D509D-LeaderElection16 got exception when requesting votes: java.util.concurrent.ExecutionException: org.apache.ratis.thirdparty.io.grpc.StatusRuntimeException: UNAVAILABLE: io exception
2022-10-11 17:33:52,401 [0de9eb11-3db5-450a-a624-fd6bf12412f3@group-E436AA9D509D-LeaderElection16] INFO  impl.LeaderElection (LeaderElection.java:logAndReturn(90)) - 0de9eb11-3db5-450a-a624-fd6bf12412f3@group-E436AA9D509D-LeaderElection16: ELECTION REJECTED received 0 response(s) and 2 exception(s):
2022-10-11 17:33:52,401 [0de9eb11-3db5-450a-a624-fd6bf12412f3@group-E436AA9D509D-LeaderElection16] INFO  impl.LeaderElection (LogUtils.java:infoOrTrace(137)) -   Exception 0: java.util.concurrent.ExecutionException: org.apache.ratis.thirdparty.io.grpc.StatusRuntimeException: UNAVAILABLE: io exception
2022-10-11 17:33:52,401 [0de9eb11-3db5-450a-a624-fd6bf12412f3@group-E436AA9D509D-LeaderElection16] INFO  impl.LeaderElection (LogUtils.java:infoOrTrace(137)) -   Exception 1: java.util.concurrent.ExecutionException: org.apache.ratis.thirdparty.io.grpc.StatusRuntimeException: UNAVAILABLE: io exception
2022-10-11 17:33:52,401 [0de9eb11-3db5-450a-a624-fd6bf12412f3@group-E436AA9D509D-LeaderElection16] INFO  impl.LeaderElection (LeaderElection.java:askForVotes(312)) - 0de9eb11-3db5-450a-a624-fd6bf12412f3@group-E436AA9D509D-LeaderElection16 ELECTION round 0: result REJECTED
2022-10-11 17:33:52,401 [0de9eb11-3db5-450a-a624-fd6bf12412f3@group-E436AA9D509D-LeaderElection16] INFO  server.RaftServer$Division (RaftServerImpl.java:setRole(299)) - 0de9eb11-3db5-450a-a624-fd6bf12412f3@group-E436AA9D509D: changes role from CANDIDATE to FOLLOWER at term 4 for REJECTED
2022-10-11 17:33:52,402 [0de9eb11-3db5-450a-a624-fd6bf12412f3@group-E436AA9D509D-LeaderElection16] INFO  impl.RoleInfo (RoleInfo.java:shutdownLeaderElection(130)) - 0de9eb11-3db5-450a-a624-fd6bf12412f3: shutdown 0de9eb11-3db5-450a-a624-fd6bf12412f3@group-E436AA9D509D-LeaderElection16
2022-10-11 17:33:52,402 [0de9eb11-3db5-450a-a624-fd6bf12412f3@group-E436AA9D509D-LeaderElection16] INFO  impl.RoleInfo (RoleInfo.java:updateAndGet(139)) - 0de9eb11-3db5-450a-a624-fd6bf12412f3: start 0de9eb11-3db5-450a-a624-fd6bf12412f3@group-E436AA9D509D-FollowerState
2022-10-11 17:33:52,571 [0de9eb11-3db5-450a-a624-fd6bf12412f3@group-7EC0B1F630C1-FollowerState] INFO  impl.FollowerState (FollowerState.java:run(143)) - 0de9eb11-3db5-450a-a624-fd6bf12412f3@group-7EC0B1F630C1-FollowerState: change to CANDIDATE, lastRpcElapsedTime:7737384842ns, electionTimeout:5026ms
2022-10-11 17:33:52,571 [0de9eb11-3db5-450a-a624-fd6bf12412f3@group-7EC0B1F630C1-FollowerState] INFO  impl.RoleInfo (RoleInfo.java:shutdownFollowerState(110)) - 0de9eb11-3db5-450a-a624-fd6bf12412f3: shutdown 0de9eb11-3db5-450a-a624-fd6bf12412f3@group-7EC0B1F630C1-FollowerState
2022-10-11 17:33:52,571 [0de9eb11-3db5-450a-a624-fd6bf12412f3@group-7EC0B1F630C1-FollowerState] INFO  server.RaftServer$Division (RaftServerImpl.java:setRole(299)) - 0de9eb11-3db5-450a-a624-fd6bf12412f3@group-7EC0B1F630C1: changes role from  FOLLOWER to CANDIDATE at term 2 for changeToCandidate
2022-10-11 17:33:52,571 [0de9eb11-3db5-450a-a624-fd6bf12412f3@group-7EC0B1F630C1-FollowerState] INFO  server.RaftServerConfigKeys (ConfUtils.java:logGet(46)) - raft.server.leaderelection.pre-vote = false (custom)
2022-10-11 17:33:52,571 [0de9eb11-3db5-450a-a624-fd6bf12412f3@group-7EC0B1F630C1-FollowerState] INFO  impl.RoleInfo (RoleInfo.java:updateAndGet(139)) - 0de9eb11-3db5-450a-a624-fd6bf12412f3: start 0de9eb11-3db5-450a-a624-fd6bf12412f3@group-7EC0B1F630C1-LeaderElection17
2022-10-11 17:33:52,587 [0de9eb11-3db5-450a-a624-fd6bf12412f3@group-7EC0B1F630C1-LeaderElection17] INFO  server.RaftServer$Division (ServerState.java:setLeader(287)) - 0de9eb11-3db5-450a-a624-fd6bf12412f3@group-7EC0B1F630C1: change Leader from c6f9d5d6-ce23-4a05-8f31-e64b02be19f7 to null at term 2 for ELECTION
2022-10-11 17:33:52,589 [0de9eb11-3db5-450a-a624-fd6bf12412f3@group-7EC0B1F630C1-LeaderElection17] INFO  impl.LeaderElection (LeaderElection.java:askForVotes(310)) - 0de9eb11-3db5-450a-a624-fd6bf12412f3@group-7EC0B1F630C1-LeaderElection17 ELECTION round 0: submit vote requests at term 3 for 0: [c6f9d5d6-ce23-4a05-8f31-e64b02be19f7|rpc:127.0.0.1:42011|dataStream:|priority:1, 0de9eb11-3db5-450a-a624-fd6bf12412f3|rpc:127.0.0.1:38277|dataStream:|priority:0, a4eb97e2-c085-4a03-847a-2990f025d514|rpc:127.0.0.1:43867|dataStream:|priority:0], old=null
2022-10-11 17:33:52,607 [0de9eb11-3db5-450a-a624-fd6bf12412f3@group-7EC0B1F630C1-LeaderElection17] INFO  impl.LeaderElection (LogUtils.java:infoOrTrace(137)) - 0de9eb11-3db5-450a-a624-fd6bf12412f3@group-7EC0B1F630C1-LeaderElection17 got exception when requesting votes: java.util.concurrent.ExecutionException: org.apache.ratis.thirdparty.io.grpc.StatusRuntimeException: UNAVAILABLE: io exception
2022-10-11 17:33:52,607 [0de9eb11-3db5-450a-a624-fd6bf12412f3@group-7EC0B1F630C1-LeaderElection17] INFO  impl.LeaderElection (LogUtils.java:infoOrTrace(137)) - 0de9eb11-3db5-450a-a624-fd6bf12412f3@group-7EC0B1F630C1-LeaderElection17 got exception when requesting votes: java.util.concurrent.ExecutionException: org.apache.ratis.thirdparty.io.grpc.StatusRuntimeException: UNAVAILABLE: io exception
2022-10-11 17:33:52,607 [0de9eb11-3db5-450a-a624-fd6bf12412f3@group-7EC0B1F630C1-LeaderElection17] INFO  impl.LeaderElection (LeaderElection.java:logAndReturn(90)) - 0de9eb11-3db5-450a-a624-fd6bf12412f3@group-7EC0B1F630C1-LeaderElection17: ELECTION REJECTED received 0 response(s) and 2 exception(s):
2022-10-11 17:33:52,607 [0de9eb11-3db5-450a-a624-fd6bf12412f3@group-7EC0B1F630C1-LeaderElection17] INFO  impl.LeaderElection (LogUtils.java:infoOrTrace(137)) -   Exception 0: java.util.concurrent.ExecutionException: org.apache.ratis.thirdparty.io.grpc.StatusRuntimeException: UNAVAILABLE: io exception
2022-10-11 17:33:52,607 [0de9eb11-3db5-450a-a624-fd6bf12412f3@group-7EC0B1F630C1-LeaderElection17] INFO  impl.LeaderElection (LogUtils.java:infoOrTrace(137)) -   Exception 1: java.util.concurrent.ExecutionException: org.apache.ratis.thirdparty.io.grpc.StatusRuntimeException: UNAVAILABLE: io exception
2022-10-11 17:33:52,607 [0de9eb11-3db5-450a-a624-fd6bf12412f3@group-7EC0B1F630C1-LeaderElection17] INFO  impl.LeaderElection (LeaderElection.java:askForVotes(312)) - 0de9eb11-3db5-450a-a624-fd6bf12412f3@group-7EC0B1F630C1-LeaderElection17 ELECTION round 0: result REJECTED
2022-10-11 17:33:52,607 [0de9eb11-3db5-450a-a624-fd6bf12412f3@group-7EC0B1F630C1-LeaderElection17] INFO  server.RaftServer$Division (RaftServerImpl.java:setRole(299)) - 0de9eb11-3db5-450a-a624-fd6bf12412f3@group-7EC0B1F630C1: changes role from CANDIDATE to FOLLOWER at term 3 for REJECTED
2022-10-11 17:33:52,607 [0de9eb11-3db5-450a-a624-fd6bf12412f3@group-7EC0B1F630C1-LeaderElection17] INFO  impl.RoleInfo (RoleInfo.java:shutdownLeaderElection(130)) - 0de9eb11-3db5-450a-a624-fd6bf12412f3: shutdown 0de9eb11-3db5-450a-a624-fd6bf12412f3@group-7EC0B1F630C1-LeaderElection17
2022-10-11 17:33:52,608 [0de9eb11-3db5-450a-a624-fd6bf12412f3@group-7EC0B1F630C1-LeaderElection17] INFO  impl.RoleInfo (RoleInfo.java:updateAndGet(139)) - 0de9eb11-3db5-450a-a624-fd6bf12412f3: start 0de9eb11-3db5-450a-a624-fd6bf12412f3@group-7EC0B1F630C1-FollowerState
2022-10-11 17:33:52,646 [Datanode State Machine Daemon Thread] WARN  statemachine.StateContext (StateContext.java:setState(252)) - Ignore disallowed transition from SHUTDOWN to RUNNING
2022-10-11 17:33:53,232 [EndpointStateMachine task thread for /127.0.0.1:35983 - 0 ] INFO  ipc.Client (Client.java:handleConnectionFailure(977)) - Retrying connect to server: localhost/127.0.0.1:35983. Already tried 13 time(s); retry policy is RetryUpToMaximumCountWithFixedSleep(maxRetries=15, sleepTime=1000 MILLISECONDS)
2022-10-11 17:33:53,233 [EndpointStateMachine task thread for /127.0.0.1:44887 - 0 ] INFO  ipc.Client (Client.java:handleConnectionFailure(977)) - Retrying connect to server: localhost/127.0.0.1:44887. Already tried 13 time(s); retry policy is RetryUpToMaximumCountWithFixedSleep(maxRetries=15, sleepTime=1000 MILLISECONDS)
2022-10-11 17:33:53,234 [EndpointStateMachine task thread for /127.0.0.1:44349 - 0 ] INFO  ipc.Client (Client.java:handleConnectionFailure(977)) - Retrying connect to server: localhost/127.0.0.1:44349. Already tried 13 time(s); retry policy is RetryUpToMaximumCountWithFixedSleep(maxRetries=15, sleepTime=1000 MILLISECONDS)
2022-10-11 17:33:54,233 [EndpointStateMachine task thread for /127.0.0.1:35983 - 0 ] INFO  ipc.Client (Client.java:handleConnectionFailure(977)) - Retrying connect to server: localhost/127.0.0.1:35983. Already tried 14 time(s); retry policy is RetryUpToMaximumCountWithFixedSleep(maxRetries=15, sleepTime=1000 MILLISECONDS)
2022-10-11 17:33:54,233 [EndpointStateMachine task thread for /127.0.0.1:44887 - 0 ] INFO  ipc.Client (Client.java:handleConnectionFailure(977)) - Retrying connect to server: localhost/127.0.0.1:44887. Already tried 14 time(s); retry policy is RetryUpToMaximumCountWithFixedSleep(maxRetries=15, sleepTime=1000 MILLISECONDS)
2022-10-11 17:33:54,234 [EndpointStateMachine task thread for /127.0.0.1:44887 - 0 ] WARN  statemachine.EndpointStateMachine (EndpointStateMachine.java:logIfNeeded(241)) - Unable to communicate to SCM server at localhost:44887 for past 0 seconds.
java.net.ConnectException: Call From fv-az255-813/10.1.1.28 to localhost:44887 failed on connection exception: java.net.ConnectException: Connection refused; For more details see:  http://wiki.apache.org/hadoop/ConnectionRefused
	at sun.reflect.NativeConstructorAccessorImpl.newInstance0(Native Method)
	at sun.reflect.NativeConstructorAccessorImpl.newInstance(NativeConstructorAccessorImpl.java:62)
	at sun.reflect.DelegatingConstructorAccessorImpl.newInstance(DelegatingConstructorAccessorImpl.java:45)
	at java.lang.reflect.Constructor.newInstance(Constructor.java:423)
	at org.apache.hadoop.net.NetUtils.wrapWithMessage(NetUtils.java:913)
	at org.apache.hadoop.net.NetUtils.wrapException(NetUtils.java:828)
	at org.apache.hadoop.ipc.Client.getRpcResponse(Client.java:1577)
	at org.apache.hadoop.ipc.Client.call(Client.java:1519)
	at org.apache.hadoop.ipc.Client.call(Client.java:1416)
	at org.apache.hadoop.ipc.ProtobufRpcEngine$Invoker.invoke(ProtobufRpcEngine.java:236)
	at org.apache.hadoop.ipc.ProtobufRpcEngine$Invoker.invoke(ProtobufRpcEngine.java:123)
	at com.sun.proxy.$Proxy51.submitRequest(Unknown Source)
	at org.apache.hadoop.ozone.protocolPB.StorageContainerDatanodeProtocolClientSideTranslatorPB.submitRequest(StorageContainerDatanodeProtocolClientSideTranslatorPB.java:117)
	at org.apache.hadoop.ozone.protocolPB.StorageContainerDatanodeProtocolClientSideTranslatorPB.sendHeartbeat(StorageContainerDatanodeProtocolClientSideTranslatorPB.java:149)
	at org.apache.hadoop.ozone.container.common.states.endpoint.HeartbeatEndpointTask.call(HeartbeatEndpointTask.java:185)
	at org.apache.hadoop.ozone.container.common.states.endpoint.HeartbeatEndpointTask.call(HeartbeatEndpointTask.java:87)
	at java.util.concurrent.FutureTask.run(FutureTask.java:266)
	at java.util.concurrent.ThreadPoolExecutor.runWorker(ThreadPoolExecutor.java:1149)
	at java.util.concurrent.ThreadPoolExecutor$Worker.run(ThreadPoolExecutor.java:624)
	at java.lang.Thread.run(Thread.java:750)
Caused by: java.net.ConnectException: Connection refused
	at sun.nio.ch.SocketChannelImpl.checkConnect(Native Method)
	at sun.nio.ch.SocketChannelImpl.finishConnect(SocketChannelImpl.java:716)
	at org.apache.hadoop.net.SocketIOWithTimeout.connect(SocketIOWithTimeout.java:206)
	at org.apache.hadoop.net.NetUtils.connect(NetUtils.java:586)
	at org.apache.hadoop.ipc.Client$Connection.setupConnection(Client.java:701)
	at org.apache.hadoop.ipc.Client$Connection.setupIOstreams(Client.java:822)
	at org.apache.hadoop.ipc.Client$Connection.access$3800(Client.java:414)
	at org.apache.hadoop.ipc.Client.getConnection(Client.java:1647)
	at org.apache.hadoop.ipc.Client.call(Client.java:1463)
	... 12 more
2022-10-11 17:33:54,235 [EndpointStateMachine task thread for /127.0.0.1:44349 - 0 ] INFO  ipc.Client (Client.java:handleConnectionFailure(977)) - Retrying connect to server: localhost/127.0.0.1:44349. Already tried 14 time(s); retry policy is RetryUpToMaximumCountWithFixedSleep(maxRetries=15, sleepTime=1000 MILLISECONDS)
2022-10-11 17:33:54,237 [EndpointStateMachine task thread for /127.0.0.1:35983 - 0 ] WARN  statemachine.EndpointStateMachine (EndpointStateMachine.java:logIfNeeded(241)) - Unable to communicate to SCM server at localhost:35983 for past 0 seconds.
java.net.ConnectException: Call From fv-az255-813/10.1.1.28 to localhost:35983 failed on connection exception: java.net.ConnectException: Connection refused; For more details see:  http://wiki.apache.org/hadoop/ConnectionRefused
	at sun.reflect.NativeConstructorAccessorImpl.newInstance0(Native Method)
	at sun.reflect.NativeConstructorAccessorImpl.newInstance(NativeConstructorAccessorImpl.java:62)
	at sun.reflect.DelegatingConstructorAccessorImpl.newInstance(DelegatingConstructorAccessorImpl.java:45)
	at java.lang.reflect.Constructor.newInstance(Constructor.java:423)
	at org.apache.hadoop.net.NetUtils.wrapWithMessage(NetUtils.java:913)
	at org.apache.hadoop.net.NetUtils.wrapException(NetUtils.java:828)
	at org.apache.hadoop.ipc.Client.getRpcResponse(Client.java:1577)
	at org.apache.hadoop.ipc.Client.call(Client.java:1519)
	at org.apache.hadoop.ipc.Client.call(Client.java:1416)
	at org.apache.hadoop.ipc.ProtobufRpcEngine$Invoker.invoke(ProtobufRpcEngine.java:236)
	at org.apache.hadoop.ipc.ProtobufRpcEngine$Invoker.invoke(ProtobufRpcEngine.java:123)
	at com.sun.proxy.$Proxy51.submitRequest(Unknown Source)
	at org.apache.hadoop.ozone.protocolPB.StorageContainerDatanodeProtocolClientSideTranslatorPB.submitRequest(StorageContainerDatanodeProtocolClientSideTranslatorPB.java:117)
	at org.apache.hadoop.ozone.protocolPB.StorageContainerDatanodeProtocolClientSideTranslatorPB.sendHeartbeat(StorageContainerDatanodeProtocolClientSideTranslatorPB.java:149)
	at org.apache.hadoop.ozone.container.common.states.endpoint.HeartbeatEndpointTask.call(HeartbeatEndpointTask.java:185)
	at org.apache.hadoop.ozone.container.common.states.endpoint.HeartbeatEndpointTask.call(HeartbeatEndpointTask.java:87)
	at java.util.concurrent.FutureTask.run(FutureTask.java:266)
	at java.util.concurrent.ThreadPoolExecutor.runWorker(ThreadPoolExecutor.java:1149)
	at java.util.concurrent.ThreadPoolExecutor$Worker.run(ThreadPoolExecutor.java:624)
	at java.lang.Thread.run(Thread.java:750)
Caused by: java.net.ConnectException: Connection refused
	at sun.nio.ch.SocketChannelImpl.checkConnect(Native Method)
	at sun.nio.ch.SocketChannelImpl.finishConnect(SocketChannelImpl.java:716)
	at org.apache.hadoop.net.SocketIOWithTimeout.connect(SocketIOWithTimeout.java:206)
	at org.apache.hadoop.net.NetUtils.connect(NetUtils.java:586)
	at org.apache.hadoop.ipc.Client$Connection.setupConnection(Client.java:701)
	at org.apache.hadoop.ipc.Client$Connection.setupIOstreams(Client.java:822)
	at org.apache.hadoop.ipc.Client$Connection.access$3800(Client.java:414)
	at org.apache.hadoop.ipc.Client.getConnection(Client.java:1647)
	at org.apache.hadoop.ipc.Client.call(Client.java:1463)
	... 12 more
2022-10-11 17:33:54,237 [EndpointStateMachine task thread for /127.0.0.1:44349 - 0 ] WARN  statemachine.EndpointStateMachine (EndpointStateMachine.java:logIfNeeded(241)) - Unable to communicate to SCM server at localhost:44349 for past 0 seconds.
java.net.ConnectException: Call From fv-az255-813/10.1.1.28 to localhost:44349 failed on connection exception: java.net.ConnectException: Connection refused; For more details see:  http://wiki.apache.org/hadoop/ConnectionRefused
	at sun.reflect.NativeConstructorAccessorImpl.newInstance0(Native Method)
	at sun.reflect.NativeConstructorAccessorImpl.newInstance(NativeConstructorAccessorImpl.java:62)
	at sun.reflect.DelegatingConstructorAccessorImpl.newInstance(DelegatingConstructorAccessorImpl.java:45)
	at java.lang.reflect.Constructor.newInstance(Constructor.java:423)
	at org.apache.hadoop.net.NetUtils.wrapWithMessage(NetUtils.java:913)
	at org.apache.hadoop.net.NetUtils.wrapException(NetUtils.java:828)
	at org.apache.hadoop.ipc.Client.getRpcResponse(Client.java:1577)
	at org.apache.hadoop.ipc.Client.call(Client.java:1519)
	at org.apache.hadoop.ipc.Client.call(Client.java:1416)
	at org.apache.hadoop.ipc.ProtobufRpcEngine$Invoker.invoke(ProtobufRpcEngine.java:236)
	at org.apache.hadoop.ipc.ProtobufRpcEngine$Invoker.invoke(ProtobufRpcEngine.java:123)
	at com.sun.proxy.$Proxy51.submitRequest(Unknown Source)
	at org.apache.hadoop.ozone.protocolPB.StorageContainerDatanodeProtocolClientSideTranslatorPB.submitRequest(StorageContainerDatanodeProtocolClientSideTranslatorPB.java:117)
	at org.apache.hadoop.ozone.protocolPB.StorageContainerDatanodeProtocolClientSideTranslatorPB.sendHeartbeat(StorageContainerDatanodeProtocolClientSideTranslatorPB.java:149)
	at org.apache.hadoop.ozone.container.common.states.endpoint.HeartbeatEndpointTask.call(HeartbeatEndpointTask.java:185)
	at org.apache.hadoop.ozone.container.common.states.endpoint.HeartbeatEndpointTask.call(HeartbeatEndpointTask.java:87)
	at java.util.concurrent.FutureTask.run(FutureTask.java:266)
	at java.util.concurrent.ThreadPoolExecutor.runWorker(ThreadPoolExecutor.java:1149)
	at java.util.concurrent.ThreadPoolExecutor$Worker.run(ThreadPoolExecutor.java:624)
	at java.lang.Thread.run(Thread.java:750)
Caused by: java.net.ConnectException: Connection refused
	at sun.nio.ch.SocketChannelImpl.checkConnect(Native Method)
	at sun.nio.ch.SocketChannelImpl.finishConnect(SocketChannelImpl.java:716)
	at org.apache.hadoop.net.SocketIOWithTimeout.connect(SocketIOWithTimeout.java:206)
	at org.apache.hadoop.net.NetUtils.connect(NetUtils.java:586)
	at org.apache.hadoop.ipc.Client$Connection.setupConnection(Client.java:701)
	at org.apache.hadoop.ipc.Client$Connection.setupIOstreams(Client.java:822)
	at org.apache.hadoop.ipc.Client$Connection.access$3800(Client.java:414)
	at org.apache.hadoop.ipc.Client.getConnection(Client.java:1647)
	at org.apache.hadoop.ipc.Client.call(Client.java:1463)
	... 12 more
2022-10-11 17:33:55,236 [EndpointStateMachine task thread for /127.0.0.1:44887 - 0 ] INFO  ipc.Client (Client.java:handleConnectionFailure(977)) - Retrying connect to server: localhost/127.0.0.1:44887. Already tried 0 time(s); retry policy is RetryUpToMaximumCountWithFixedSleep(maxRetries=15, sleepTime=1000 MILLISECONDS)
2022-10-11 17:33:55,237 [EndpointStateMachine task thread for /127.0.0.1:35983 - 0 ] INFO  ipc.Client (Client.java:handleConnectionFailure(977)) - Retrying connect to server: localhost/127.0.0.1:35983. Already tried 0 time(s); retry policy is RetryUpToMaximumCountWithFixedSleep(maxRetries=15, sleepTime=1000 MILLISECONDS)
2022-10-11 17:33:55,238 [EndpointStateMachine task thread for /127.0.0.1:44349 - 0 ] INFO  ipc.Client (Client.java:handleConnectionFailure(977)) - Retrying connect to server: localhost/127.0.0.1:44349. Already tried 0 time(s); retry policy is RetryUpToMaximumCountWithFixedSleep(maxRetries=15, sleepTime=1000 MILLISECONDS)
2022-10-11 17:33:56,237 [EndpointStateMachine task thread for /127.0.0.1:44887 - 0 ] INFO  ipc.Client (Client.java:handleConnectionFailure(977)) - Retrying connect to server: localhost/127.0.0.1:44887. Already tried 1 time(s); retry policy is RetryUpToMaximumCountWithFixedSleep(maxRetries=15, sleepTime=1000 MILLISECONDS)
2022-10-11 17:33:56,238 [EndpointStateMachine task thread for /127.0.0.1:35983 - 0 ] INFO  ipc.Client (Client.java:handleConnectionFailure(977)) - Retrying connect to server: localhost/127.0.0.1:35983. Already tried 1 time(s); retry policy is RetryUpToMaximumCountWithFixedSleep(maxRetries=15, sleepTime=1000 MILLISECONDS)
2022-10-11 17:33:56,239 [EndpointStateMachine task thread for /127.0.0.1:44349 - 0 ] INFO  ipc.Client (Client.java:handleConnectionFailure(977)) - Retrying connect to server: localhost/127.0.0.1:44349. Already tried 1 time(s); retry policy is RetryUpToMaximumCountWithFixedSleep(maxRetries=15, sleepTime=1000 MILLISECONDS)
2022-10-11 17:33:56,669 [Listener at 127.0.0.1/46797] INFO  ozoneimpl.OzoneContainer (OzoneContainer.java:stop(400)) - Attempting to stop container services.
2022-10-11 17:33:56,670 [Listener at 127.0.0.1/46797] INFO  server.RaftServer (RaftServerProxy.java:lambda$close$7(398)) - 0de9eb11-3db5-450a-a624-fd6bf12412f3: close
2022-10-11 17:33:56,676 [Listener at 127.0.0.1/46797] INFO  server.RaftServer$Division (RaftServerImpl.java:lambda$close$4(434)) - 0de9eb11-3db5-450a-a624-fd6bf12412f3@group-E436AA9D509D: shutdown
2022-10-11 17:33:56,676 [Listener at 127.0.0.1/46797] INFO  util.JmxRegister (JmxRegister.java:unregister(73)) - Successfully un-registered JMX Bean with object name Ratis:service=RaftServer,group=group-E436AA9D509D,id=0de9eb11-3db5-450a-a624-fd6bf12412f3
2022-10-11 17:33:56,676 [Listener at 127.0.0.1/46797] INFO  impl.RoleInfo (RoleInfo.java:shutdownFollowerState(110)) - 0de9eb11-3db5-450a-a624-fd6bf12412f3: shutdown 0de9eb11-3db5-450a-a624-fd6bf12412f3@group-E436AA9D509D-FollowerState
2022-10-11 17:33:56,677 [Listener at 127.0.0.1/46797] INFO  impl.StateMachineUpdater (StateMachineUpdater.java:stopAndJoin(153)) - 0de9eb11-3db5-450a-a624-fd6bf12412f3@group-E436AA9D509D-StateMachineUpdater: set stopIndex = -1
2022-10-11 17:33:56,677 [Listener at 127.0.0.1/46797] INFO  server.RaftServer$Division (ServerState.java:close(429)) - 0de9eb11-3db5-450a-a624-fd6bf12412f3@group-E436AA9D509D: closes. applyIndex: -1
2022-10-11 17:33:56,677 [0de9eb11-3db5-450a-a624-fd6bf12412f3@group-E436AA9D509D-FollowerState] INFO  impl.FollowerState (FollowerState.java:run(152)) - 0de9eb11-3db5-450a-a624-fd6bf12412f3@group-E436AA9D509D-FollowerState was interrupted
2022-10-11 17:33:56,677 [0de9eb11-3db5-450a-a624-fd6bf12412f3@group-E436AA9D509D-SegmentedRaftLogWorker] INFO  segmented.SegmentedRaftLogWorker (SegmentedRaftLogWorker.java:run(336)) - 0de9eb11-3db5-450a-a624-fd6bf12412f3@group-E436AA9D509D-SegmentedRaftLogWorker was interrupted, exiting. There are 0 tasks remaining in the queue.
2022-10-11 17:33:56,677 [Listener at 127.0.0.1/46797] INFO  segmented.SegmentedRaftLogWorker (SegmentedRaftLogWorker.java:close(246)) - 0de9eb11-3db5-450a-a624-fd6bf12412f3@group-E436AA9D509D-SegmentedRaftLogWorker close()
2022-10-11 17:33:56,684 [ForkJoinPool.commonPool-worker-1] INFO  server.RaftServer$Division (RaftServerImpl.java:lambda$close$4(434)) - 0de9eb11-3db5-450a-a624-fd6bf12412f3@group-7EC0B1F630C1: shutdown
2022-10-11 17:33:56,684 [ForkJoinPool.commonPool-worker-1] INFO  util.JmxRegister (JmxRegister.java:unregister(73)) - Successfully un-registered JMX Bean with object name Ratis:service=RaftServer,group=group-7EC0B1F630C1,id=0de9eb11-3db5-450a-a624-fd6bf12412f3
2022-10-11 17:33:56,684 [ForkJoinPool.commonPool-worker-1] INFO  impl.RoleInfo (RoleInfo.java:shutdownFollowerState(110)) - 0de9eb11-3db5-450a-a624-fd6bf12412f3: shutdown 0de9eb11-3db5-450a-a624-fd6bf12412f3@group-7EC0B1F630C1-FollowerState
2022-10-11 17:33:56,685 [0de9eb11-3db5-450a-a624-fd6bf12412f3@group-7EC0B1F630C1-FollowerState] INFO  impl.FollowerState (FollowerState.java:run(152)) - 0de9eb11-3db5-450a-a624-fd6bf12412f3@group-7EC0B1F630C1-FollowerState was interrupted
2022-10-11 17:33:56,685 [ForkJoinPool.commonPool-worker-1] INFO  impl.StateMachineUpdater (StateMachineUpdater.java:stopAndJoin(153)) - 0de9eb11-3db5-450a-a624-fd6bf12412f3@group-7EC0B1F630C1-StateMachineUpdater: set stopIndex = 0
2022-10-11 17:33:56,688 [0de9eb11-3db5-450a-a624-fd6bf12412f3@group-7EC0B1F630C1-StateMachineUpdater] INFO  ratis.ContainerStateMachine (ContainerStateMachine.java:takeSnapshot(304)) - group-7EC0B1F630C1: Taking a snapshot at:(t:2, i:0) file /home/runner/work/ozone/ozone/hadoop-ozone/integration-test/target/test-dir/MiniOzoneClusterImpl-a53f0994-8d29-48d7-8b80-9abc5033b6e0/datanode-2/data/ratis/6a5c9305-feb4-4d3b-b1e8-7ec0b1f630c1/sm/snapshot.2_0
2022-10-11 17:33:56,691 [0de9eb11-3db5-450a-a624-fd6bf12412f3@group-7EC0B1F630C1-StateMachineUpdater] INFO  ratis.ContainerStateMachine (ContainerStateMachine.java:takeSnapshot(315)) - group-7EC0B1F630C1: Finished taking a snapshot at:(t:2, i:0) file:/home/runner/work/ozone/ozone/hadoop-ozone/integration-test/target/test-dir/MiniOzoneClusterImpl-a53f0994-8d29-48d7-8b80-9abc5033b6e0/datanode-2/data/ratis/6a5c9305-feb4-4d3b-b1e8-7ec0b1f630c1/sm/snapshot.2_0 took: 2 ms
2022-10-11 17:33:56,691 [0de9eb11-3db5-450a-a624-fd6bf12412f3@group-7EC0B1F630C1-StateMachineUpdater] INFO  impl.StateMachineUpdater (StateMachineUpdater.java:takeSnapshot(287)) - 0de9eb11-3db5-450a-a624-fd6bf12412f3@group-7EC0B1F630C1-StateMachineUpdater: Took a snapshot at index 0
2022-10-11 17:33:56,691 [0de9eb11-3db5-450a-a624-fd6bf12412f3@group-7EC0B1F630C1-StateMachineUpdater] INFO  impl.StateMachineUpdater (StateMachineUpdater.java:lambda$new$0(92)) - 0de9eb11-3db5-450a-a624-fd6bf12412f3@group-7EC0B1F630C1-StateMachineUpdater: snapshotIndex: updateIncreasingly -1 -> 0
2022-10-11 17:33:56,692 [ForkJoinPool.commonPool-worker-1] INFO  server.RaftServer$Division (ServerState.java:close(429)) - 0de9eb11-3db5-450a-a624-fd6bf12412f3@group-7EC0B1F630C1: closes. applyIndex: 0
2022-10-11 17:33:56,692 [0de9eb11-3db5-450a-a624-fd6bf12412f3@group-7EC0B1F630C1-SegmentedRaftLogWorker] INFO  segmented.SegmentedRaftLogWorker (SegmentedRaftLogWorker.java:run(336)) - 0de9eb11-3db5-450a-a624-fd6bf12412f3@group-7EC0B1F630C1-SegmentedRaftLogWorker was interrupted, exiting. There are 0 tasks remaining in the queue.
2022-10-11 17:33:56,692 [ForkJoinPool.commonPool-worker-1] INFO  segmented.SegmentedRaftLogWorker (SegmentedRaftLogWorker.java:close(246)) - 0de9eb11-3db5-450a-a624-fd6bf12412f3@group-7EC0B1F630C1-SegmentedRaftLogWorker close()
2022-10-11 17:33:56,693 [ForkJoinPool.commonPool-worker-1] INFO  server.RaftServer$Division (RaftServerImpl.java:lambda$close$4(434)) - 0de9eb11-3db5-450a-a624-fd6bf12412f3@group-731D26CD063C: shutdown
2022-10-11 17:33:56,693 [ForkJoinPool.commonPool-worker-1] INFO  util.JmxRegister (JmxRegister.java:unregister(73)) - Successfully un-registered JMX Bean with object name Ratis:service=RaftServer,group=group-731D26CD063C,id=0de9eb11-3db5-450a-a624-fd6bf12412f3
2022-10-11 17:33:56,693 [ForkJoinPool.commonPool-worker-1] INFO  impl.RoleInfo (RoleInfo.java:shutdownLeaderState(93)) - 0de9eb11-3db5-450a-a624-fd6bf12412f3: shutdown 0de9eb11-3db5-450a-a624-fd6bf12412f3@group-731D26CD063C-LeaderStateImpl
2022-10-11 17:33:56,693 [ForkJoinPool.commonPool-worker-1] INFO  impl.PendingRequests (PendingRequests.java:sendNotLeaderResponses(282)) - 0de9eb11-3db5-450a-a624-fd6bf12412f3@group-731D26CD063C-PendingRequests: sendNotLeaderResponses
2022-10-11 17:33:56,693 [0de9eb11-3db5-450a-a624-fd6bf12412f3@group-731D26CD063C-StateMachineUpdater] INFO  ratis.ContainerStateMachine (ContainerStateMachine.java:takeSnapshot(304)) - group-731D26CD063C: Taking a snapshot at:(t:1, i:0) file /home/runner/work/ozone/ozone/hadoop-ozone/integration-test/target/test-dir/MiniOzoneClusterImpl-a53f0994-8d29-48d7-8b80-9abc5033b6e0/datanode-2/data/ratis/24e50f28-e6ce-45c8-91e9-731d26cd063c/sm/snapshot.1_0
2022-10-11 17:33:56,694 [ForkJoinPool.commonPool-worker-1] INFO  impl.StateMachineUpdater (StateMachineUpdater.java:stopAndJoin(153)) - 0de9eb11-3db5-450a-a624-fd6bf12412f3@group-731D26CD063C-StateMachineUpdater: set stopIndex = 0
2022-10-11 17:33:56,694 [0de9eb11-3db5-450a-a624-fd6bf12412f3@group-731D26CD063C-StateMachineUpdater] INFO  ratis.ContainerStateMachine (ContainerStateMachine.java:takeSnapshot(315)) - group-731D26CD063C: Finished taking a snapshot at:(t:1, i:0) file:/home/runner/work/ozone/ozone/hadoop-ozone/integration-test/target/test-dir/MiniOzoneClusterImpl-a53f0994-8d29-48d7-8b80-9abc5033b6e0/datanode-2/data/ratis/24e50f28-e6ce-45c8-91e9-731d26cd063c/sm/snapshot.1_0 took: 1 ms
2022-10-11 17:33:56,694 [0de9eb11-3db5-450a-a624-fd6bf12412f3@group-731D26CD063C-StateMachineUpdater] INFO  impl.StateMachineUpdater (StateMachineUpdater.java:takeSnapshot(287)) - 0de9eb11-3db5-450a-a624-fd6bf12412f3@group-731D26CD063C-StateMachineUpdater: Took a snapshot at index 0
2022-10-11 17:33:56,695 [0de9eb11-3db5-450a-a624-fd6bf12412f3@group-731D26CD063C-StateMachineUpdater] INFO  impl.StateMachineUpdater (StateMachineUpdater.java:lambda$new$0(92)) - 0de9eb11-3db5-450a-a624-fd6bf12412f3@group-731D26CD063C-StateMachineUpdater: snapshotIndex: updateIncreasingly -1 -> 0
2022-10-11 17:33:56,695 [ForkJoinPool.commonPool-worker-1] INFO  server.RaftServer$Division (ServerState.java:close(429)) - 0de9eb11-3db5-450a-a624-fd6bf12412f3@group-731D26CD063C: closes. applyIndex: 0
2022-10-11 17:33:56,696 [0de9eb11-3db5-450a-a624-fd6bf12412f3@group-731D26CD063C-SegmentedRaftLogWorker] INFO  segmented.SegmentedRaftLogWorker (SegmentedRaftLogWorker.java:run(336)) - 0de9eb11-3db5-450a-a624-fd6bf12412f3@group-731D26CD063C-SegmentedRaftLogWorker was interrupted, exiting. There are 0 tasks remaining in the queue.
2022-10-11 17:33:56,702 [ForkJoinPool.commonPool-worker-1] INFO  segmented.SegmentedRaftLogWorker (SegmentedRaftLogWorker.java:close(246)) - 0de9eb11-3db5-450a-a624-fd6bf12412f3@group-731D26CD063C-SegmentedRaftLogWorker close()
2022-10-11 17:33:56,707 [Listener at 127.0.0.1/46797] INFO  server.GrpcService (GrpcService.java:closeImpl(269)) - 0de9eb11-3db5-450a-a624-fd6bf12412f3: shutdown server with port 38277 now
2022-10-11 17:33:56,716 [Listener at 127.0.0.1/46797] INFO  server.GrpcService (GrpcService.java:closeImpl(278)) - 0de9eb11-3db5-450a-a624-fd6bf12412f3: shutdown server with port 38277 successfully
2022-10-11 17:33:56,716 [org.apache.ratis.util.JvmPauseMonitor$$Lambda$519/1644506233@4ea4a847] INFO  util.JvmPauseMonitor (JvmPauseMonitor.java:run(109)) - JvmPauseMonitor-0de9eb11-3db5-450a-a624-fd6bf12412f3: Stopped
2022-10-11 17:33:57,238 [EndpointStateMachine task thread for /127.0.0.1:44887 - 0 ] INFO  ipc.Client (Client.java:handleConnectionFailure(977)) - Retrying connect to server: localhost/127.0.0.1:44887. Already tried 2 time(s); retry policy is RetryUpToMaximumCountWithFixedSleep(maxRetries=15, sleepTime=1000 MILLISECONDS)
2022-10-11 17:33:57,239 [EndpointStateMachine task thread for /127.0.0.1:35983 - 0 ] INFO  ipc.Client (Client.java:handleConnectionFailure(977)) - Retrying connect to server: localhost/127.0.0.1:35983. Already tried 2 time(s); retry policy is RetryUpToMaximumCountWithFixedSleep(maxRetries=15, sleepTime=1000 MILLISECONDS)
2022-10-11 17:33:57,240 [EndpointStateMachine task thread for /127.0.0.1:44349 - 0 ] INFO  ipc.Client (Client.java:handleConnectionFailure(977)) - Retrying connect to server: localhost/127.0.0.1:44349. Already tried 2 time(s); retry policy is RetryUpToMaximumCountWithFixedSleep(maxRetries=15, sleepTime=1000 MILLISECONDS)
2022-10-11 17:33:58,239 [EndpointStateMachine task thread for /127.0.0.1:44887 - 0 ] INFO  ipc.Client (Client.java:handleConnectionFailure(977)) - Retrying connect to server: localhost/127.0.0.1:44887. Already tried 3 time(s); retry policy is RetryUpToMaximumCountWithFixedSleep(maxRetries=15, sleepTime=1000 MILLISECONDS)
2022-10-11 17:33:58,239 [EndpointStateMachine task thread for /127.0.0.1:35983 - 0 ] INFO  ipc.Client (Client.java:handleConnectionFailure(977)) - Retrying connect to server: localhost/127.0.0.1:35983. Already tried 3 time(s); retry policy is RetryUpToMaximumCountWithFixedSleep(maxRetries=15, sleepTime=1000 MILLISECONDS)
2022-10-11 17:33:58,240 [EndpointStateMachine task thread for /127.0.0.1:44349 - 0 ] INFO  ipc.Client (Client.java:handleConnectionFailure(977)) - Retrying connect to server: localhost/127.0.0.1:44349. Already tried 3 time(s); retry policy is RetryUpToMaximumCountWithFixedSleep(maxRetries=15, sleepTime=1000 MILLISECONDS)
2022-10-11 17:33:58,732 [Listener at 127.0.0.1/46797] INFO  utils.BackgroundService (BackgroundService.java:shutdown(141)) - Shutting down service BlockDeletingService
2022-10-11 17:33:58,732 [Listener at 127.0.0.1/46797] INFO  utils.BackgroundService (BackgroundService.java:shutdown(141)) - Shutting down service StaleRecoveringContainerScrubbingService
2022-10-11 17:33:59,240 [EndpointStateMachine task thread for /127.0.0.1:44887 - 0 ] INFO  ipc.Client (Client.java:handleConnectionFailure(977)) - Retrying connect to server: localhost/127.0.0.1:44887. Already tried 4 time(s); retry policy is RetryUpToMaximumCountWithFixedSleep(maxRetries=15, sleepTime=1000 MILLISECONDS)
2022-10-11 17:33:59,240 [EndpointStateMachine task thread for /127.0.0.1:35983 - 0 ] INFO  ipc.Client (Client.java:handleConnectionFailure(977)) - Retrying connect to server: localhost/127.0.0.1:35983. Already tried 4 time(s); retry policy is RetryUpToMaximumCountWithFixedSleep(maxRetries=15, sleepTime=1000 MILLISECONDS)
2022-10-11 17:33:59,241 [EndpointStateMachine task thread for /127.0.0.1:44349 - 0 ] INFO  ipc.Client (Client.java:handleConnectionFailure(977)) - Retrying connect to server: localhost/127.0.0.1:44349. Already tried 4 time(s); retry policy is RetryUpToMaximumCountWithFixedSleep(maxRetries=15, sleepTime=1000 MILLISECONDS)
2022-10-11 17:34:00,240 [EndpointStateMachine task thread for /127.0.0.1:35983 - 0 ] INFO  ipc.Client (Client.java:handleConnectionFailure(977)) - Retrying connect to server: localhost/127.0.0.1:35983. Already tried 5 time(s); retry policy is RetryUpToMaximumCountWithFixedSleep(maxRetries=15, sleepTime=1000 MILLISECONDS)
2022-10-11 17:34:00,241 [EndpointStateMachine task thread for /127.0.0.1:44887 - 0 ] INFO  ipc.Client (Client.java:handleConnectionFailure(977)) - Retrying connect to server: localhost/127.0.0.1:44887. Already tried 5 time(s); retry policy is RetryUpToMaximumCountWithFixedSleep(maxRetries=15, sleepTime=1000 MILLISECONDS)
2022-10-11 17:34:00,241 [EndpointStateMachine task thread for /127.0.0.1:44349 - 0 ] INFO  ipc.Client (Client.java:handleConnectionFailure(977)) - Retrying connect to server: localhost/127.0.0.1:44349. Already tried 5 time(s); retry policy is RetryUpToMaximumCountWithFixedSleep(maxRetries=15, sleepTime=1000 MILLISECONDS)
2022-10-11 17:34:01,241 [EndpointStateMachine task thread for /127.0.0.1:35983 - 0 ] INFO  ipc.Client (Client.java:handleConnectionFailure(977)) - Retrying connect to server: localhost/127.0.0.1:35983. Already tried 6 time(s); retry policy is RetryUpToMaximumCountWithFixedSleep(maxRetries=15, sleepTime=1000 MILLISECONDS)
2022-10-11 17:34:01,242 [EndpointStateMachine task thread for /127.0.0.1:44349 - 0 ] INFO  ipc.Client (Client.java:handleConnectionFailure(977)) - Retrying connect to server: localhost/127.0.0.1:44349. Already tried 6 time(s); retry policy is RetryUpToMaximumCountWithFixedSleep(maxRetries=15, sleepTime=1000 MILLISECONDS)
2022-10-11 17:34:01,241 [EndpointStateMachine task thread for /127.0.0.1:44887 - 0 ] INFO  ipc.Client (Client.java:handleConnectionFailure(977)) - Retrying connect to server: localhost/127.0.0.1:44887. Already tried 6 time(s); retry policy is RetryUpToMaximumCountWithFixedSleep(maxRetries=15, sleepTime=1000 MILLISECONDS)
2022-10-11 17:34:01,747 [Listener at 127.0.0.1/46797] INFO  statemachine.DatanodeStateMachine (DatanodeStateMachine.java:stopDaemon(580)) - Ozone container server stopped.
2022-10-11 17:34:01,767 [Listener at 127.0.0.1/46797] INFO  handler.ContextHandler (ContextHandler.java:doStop(1153)) - Stopped o.e.j.w.WebAppContext@532e93f3{hddsDatanode,/,null,STOPPED}{jar:file:/home/runner/.m2/repository/org/apache/ozone/hdds-container-service/1.3.0-SNAPSHOT/hdds-container-service-1.3.0-SNAPSHOT.jar!/webapps/hddsDatanode}
2022-10-11 17:34:01,771 [Listener at 127.0.0.1/46797] INFO  server.AbstractConnector (AbstractConnector.java:doStop(381)) - Stopped ServerConnector@f666e6{HTTP/1.1, (http/1.1)}{0.0.0.0:0}
2022-10-11 17:34:01,771 [Listener at 127.0.0.1/46797] INFO  server.session (HouseKeeper.java:stopScavenging(149)) - node0 Stopped scavenging
2022-10-11 17:34:01,771 [Listener at 127.0.0.1/46797] INFO  handler.ContextHandler (ContextHandler.java:doStop(1153)) - Stopped o.e.j.s.ServletContextHandler@7ddf20b6{static,/static,jar:file:/home/runner/.m2/repository/org/apache/ozone/hdds-container-service/1.3.0-SNAPSHOT/hdds-container-service-1.3.0-SNAPSHOT.jar!/webapps/static,STOPPED}
2022-10-11 17:34:01,772 [Listener at 127.0.0.1/46797] INFO  handler.ContextHandler (ContextHandler.java:doStop(1153)) - Stopped o.e.j.s.ServletContextHandler@2e0f8fe8{logs,/logs,file:///home/runner/work/ozone/ozone/hadoop-ozone/integration-test/target/log,STOPPED}
2022-10-11 17:34:02,242 [EndpointStateMachine task thread for /127.0.0.1:35983 - 0 ] INFO  ipc.Client (Client.java:handleConnectionFailure(977)) - Retrying connect to server: localhost/127.0.0.1:35983. Already tried 7 time(s); retry policy is RetryUpToMaximumCountWithFixedSleep(maxRetries=15, sleepTime=1000 MILLISECONDS)
2022-10-11 17:34:02,244 [EndpointStateMachine task thread for /127.0.0.1:44887 - 0 ] INFO  ipc.Client (Client.java:handleConnectionFailure(977)) - Retrying connect to server: localhost/127.0.0.1:44887. Already tried 7 time(s); retry policy is RetryUpToMaximumCountWithFixedSleep(maxRetries=15, sleepTime=1000 MILLISECONDS)
2022-10-11 17:34:02,244 [EndpointStateMachine task thread for /127.0.0.1:44349 - 0 ] INFO  ipc.Client (Client.java:handleConnectionFailure(977)) - Retrying connect to server: localhost/127.0.0.1:44349. Already tried 7 time(s); retry policy is RetryUpToMaximumCountWithFixedSleep(maxRetries=15, sleepTime=1000 MILLISECONDS)
2022-10-11 17:34:03,243 [EndpointStateMachine task thread for /127.0.0.1:35983 - 0 ] INFO  ipc.Client (Client.java:handleConnectionFailure(977)) - Retrying connect to server: localhost/127.0.0.1:35983. Already tried 8 time(s); retry policy is RetryUpToMaximumCountWithFixedSleep(maxRetries=15, sleepTime=1000 MILLISECONDS)
2022-10-11 17:34:03,245 [EndpointStateMachine task thread for /127.0.0.1:44887 - 0 ] INFO  ipc.Client (Client.java:handleConnectionFailure(977)) - Retrying connect to server: localhost/127.0.0.1:44887. Already tried 8 time(s); retry policy is RetryUpToMaximumCountWithFixedSleep(maxRetries=15, sleepTime=1000 MILLISECONDS)
2022-10-11 17:34:03,246 [EndpointStateMachine task thread for /127.0.0.1:44349 - 0 ] INFO  ipc.Client (Client.java:handleConnectionFailure(977)) - Retrying connect to server: localhost/127.0.0.1:44349. Already tried 8 time(s); retry policy is RetryUpToMaximumCountWithFixedSleep(maxRetries=15, sleepTime=1000 MILLISECONDS)
2022-10-11 17:34:04,244 [EndpointStateMachine task thread for /127.0.0.1:35983 - 0 ] INFO  ipc.Client (Client.java:handleConnectionFailure(977)) - Retrying connect to server: localhost/127.0.0.1:35983. Already tried 9 time(s); retry policy is RetryUpToMaximumCountWithFixedSleep(maxRetries=15, sleepTime=1000 MILLISECONDS)
2022-10-11 17:34:04,246 [EndpointStateMachine task thread for /127.0.0.1:44887 - 0 ] INFO  ipc.Client (Client.java:handleConnectionFailure(977)) - Retrying connect to server: localhost/127.0.0.1:44887. Already tried 9 time(s); retry policy is RetryUpToMaximumCountWithFixedSleep(maxRetries=15, sleepTime=1000 MILLISECONDS)
2022-10-11 17:34:04,246 [EndpointStateMachine task thread for /127.0.0.1:44349 - 0 ] INFO  ipc.Client (Client.java:handleConnectionFailure(977)) - Retrying connect to server: localhost/127.0.0.1:44349. Already tried 9 time(s); retry policy is RetryUpToMaximumCountWithFixedSleep(maxRetries=15, sleepTime=1000 MILLISECONDS)
2022-10-11 17:34:05,245 [EndpointStateMachine task thread for /127.0.0.1:35983 - 0 ] INFO  ipc.Client (Client.java:handleConnectionFailure(977)) - Retrying connect to server: localhost/127.0.0.1:35983. Already tried 10 time(s); retry policy is RetryUpToMaximumCountWithFixedSleep(maxRetries=15, sleepTime=1000 MILLISECONDS)
2022-10-11 17:34:05,246 [EndpointStateMachine task thread for /127.0.0.1:44887 - 0 ] INFO  ipc.Client (Client.java:handleConnectionFailure(977)) - Retrying connect to server: localhost/127.0.0.1:44887. Already tried 10 time(s); retry policy is RetryUpToMaximumCountWithFixedSleep(maxRetries=15, sleepTime=1000 MILLISECONDS)
2022-10-11 17:34:05,247 [EndpointStateMachine task thread for /127.0.0.1:44349 - 0 ] INFO  ipc.Client (Client.java:handleConnectionFailure(977)) - Retrying connect to server: localhost/127.0.0.1:44349. Already tried 10 time(s); retry policy is RetryUpToMaximumCountWithFixedSleep(maxRetries=15, sleepTime=1000 MILLISECONDS)
2022-10-11 17:34:06,245 [EndpointStateMachine task thread for /127.0.0.1:35983 - 0 ] INFO  ipc.Client (Client.java:handleConnectionFailure(977)) - Retrying connect to server: localhost/127.0.0.1:35983. Already tried 11 time(s); retry policy is RetryUpToMaximumCountWithFixedSleep(maxRetries=15, sleepTime=1000 MILLISECONDS)
2022-10-11 17:34:06,247 [EndpointStateMachine task thread for /127.0.0.1:44887 - 0 ] INFO  ipc.Client (Client.java:handleConnectionFailure(977)) - Retrying connect to server: localhost/127.0.0.1:44887. Already tried 11 time(s); retry policy is RetryUpToMaximumCountWithFixedSleep(maxRetries=15, sleepTime=1000 MILLISECONDS)
2022-10-11 17:34:06,247 [EndpointStateMachine task thread for /127.0.0.1:44349 - 0 ] INFO  ipc.Client (Client.java:handleConnectionFailure(977)) - Retrying connect to server: localhost/127.0.0.1:44349. Already tried 11 time(s); retry policy is RetryUpToMaximumCountWithFixedSleep(maxRetries=15, sleepTime=1000 MILLISECONDS)
2022-10-11 17:34:07,246 [EndpointStateMachine task thread for /127.0.0.1:35983 - 0 ] INFO  ipc.Client (Client.java:handleConnectionFailure(977)) - Retrying connect to server: localhost/127.0.0.1:35983. Already tried 12 time(s); retry policy is RetryUpToMaximumCountWithFixedSleep(maxRetries=15, sleepTime=1000 MILLISECONDS)
2022-10-11 17:34:07,247 [EndpointStateMachine task thread for /127.0.0.1:44887 - 0 ] INFO  ipc.Client (Client.java:handleConnectionFailure(977)) - Retrying connect to server: localhost/127.0.0.1:44887. Already tried 12 time(s); retry policy is RetryUpToMaximumCountWithFixedSleep(maxRetries=15, sleepTime=1000 MILLISECONDS)
2022-10-11 17:34:07,247 [EndpointStateMachine task thread for /127.0.0.1:44349 - 0 ] INFO  ipc.Client (Client.java:handleConnectionFailure(977)) - Retrying connect to server: localhost/127.0.0.1:44349. Already tried 12 time(s); retry policy is RetryUpToMaximumCountWithFixedSleep(maxRetries=15, sleepTime=1000 MILLISECONDS)
2022-10-11 17:34:08,247 [EndpointStateMachine task thread for /127.0.0.1:35983 - 0 ] INFO  ipc.Client (Client.java:handleConnectionFailure(977)) - Retrying connect to server: localhost/127.0.0.1:35983. Already tried 13 time(s); retry policy is RetryUpToMaximumCountWithFixedSleep(maxRetries=15, sleepTime=1000 MILLISECONDS)
2022-10-11 17:34:08,249 [EndpointStateMachine task thread for /127.0.0.1:44887 - 0 ] INFO  ipc.Client (Client.java:handleConnectionFailure(977)) - Retrying connect to server: localhost/127.0.0.1:44887. Already tried 13 time(s); retry policy is RetryUpToMaximumCountWithFixedSleep(maxRetries=15, sleepTime=1000 MILLISECONDS)
2022-10-11 17:34:08,249 [EndpointStateMachine task thread for /127.0.0.1:44349 - 0 ] INFO  ipc.Client (Client.java:handleConnectionFailure(977)) - Retrying connect to server: localhost/127.0.0.1:44349. Already tried 13 time(s); retry policy is RetryUpToMaximumCountWithFixedSleep(maxRetries=15, sleepTime=1000 MILLISECONDS)
2022-10-11 17:34:09,248 [EndpointStateMachine task thread for /127.0.0.1:35983 - 0 ] INFO  ipc.Client (Client.java:handleConnectionFailure(977)) - Retrying connect to server: localhost/127.0.0.1:35983. Already tried 14 time(s); retry policy is RetryUpToMaximumCountWithFixedSleep(maxRetries=15, sleepTime=1000 MILLISECONDS)
2022-10-11 17:34:09,250 [EndpointStateMachine task thread for /127.0.0.1:44887 - 0 ] INFO  ipc.Client (Client.java:handleConnectionFailure(977)) - Retrying connect to server: localhost/127.0.0.1:44887. Already tried 14 time(s); retry policy is RetryUpToMaximumCountWithFixedSleep(maxRetries=15, sleepTime=1000 MILLISECONDS)
2022-10-11 17:34:09,250 [EndpointStateMachine task thread for /127.0.0.1:44349 - 0 ] INFO  ipc.Client (Client.java:handleConnectionFailure(977)) - Retrying connect to server: localhost/127.0.0.1:44349. Already tried 14 time(s); retry policy is RetryUpToMaximumCountWithFixedSleep(maxRetries=15, sleepTime=1000 MILLISECONDS)
2022-10-11 17:34:10,250 [EndpointStateMachine task thread for /127.0.0.1:35983 - 0 ] INFO  ipc.Client (Client.java:handleConnectionFailure(977)) - Retrying connect to server: localhost/127.0.0.1:35983. Already tried 0 time(s); retry policy is RetryUpToMaximumCountWithFixedSleep(maxRetries=15, sleepTime=1000 MILLISECONDS)
2022-10-11 17:34:10,251 [EndpointStateMachine task thread for /127.0.0.1:44349 - 0 ] INFO  ipc.Client (Client.java:handleConnectionFailure(977)) - Retrying connect to server: localhost/127.0.0.1:44349. Already tried 0 time(s); retry policy is RetryUpToMaximumCountWithFixedSleep(maxRetries=15, sleepTime=1000 MILLISECONDS)
2022-10-11 17:34:10,255 [EndpointStateMachine task thread for /127.0.0.1:44887 - 0 ] INFO  ipc.Client (Client.java:handleConnectionFailure(977)) - Retrying connect to server: localhost/127.0.0.1:44887. Already tried 0 time(s); retry policy is RetryUpToMaximumCountWithFixedSleep(maxRetries=15, sleepTime=1000 MILLISECONDS)
2022-10-11 17:34:11,252 [EndpointStateMachine task thread for /127.0.0.1:35983 - 0 ] INFO  ipc.Client (Client.java:handleConnectionFailure(977)) - Retrying connect to server: localhost/127.0.0.1:35983. Already tried 1 time(s); retry policy is RetryUpToMaximumCountWithFixedSleep(maxRetries=15, sleepTime=1000 MILLISECONDS)
2022-10-11 17:34:11,252 [EndpointStateMachine task thread for /127.0.0.1:44349 - 0 ] INFO  ipc.Client (Client.java:handleConnectionFailure(977)) - Retrying connect to server: localhost/127.0.0.1:44349. Already tried 1 time(s); retry policy is RetryUpToMaximumCountWithFixedSleep(maxRetries=15, sleepTime=1000 MILLISECONDS)
2022-10-11 17:34:11,255 [EndpointStateMachine task thread for /127.0.0.1:44887 - 0 ] INFO  ipc.Client (Client.java:handleConnectionFailure(977)) - Retrying connect to server: localhost/127.0.0.1:44887. Already tried 1 time(s); retry policy is RetryUpToMaximumCountWithFixedSleep(maxRetries=15, sleepTime=1000 MILLISECONDS)
2022-10-11 17:34:12,253 [EndpointStateMachine task thread for /127.0.0.1:35983 - 0 ] INFO  ipc.Client (Client.java:handleConnectionFailure(977)) - Retrying connect to server: localhost/127.0.0.1:35983. Already tried 2 time(s); retry policy is RetryUpToMaximumCountWithFixedSleep(maxRetries=15, sleepTime=1000 MILLISECONDS)
2022-10-11 17:34:12,253 [EndpointStateMachine task thread for /127.0.0.1:44349 - 0 ] INFO  ipc.Client (Client.java:handleConnectionFailure(977)) - Retrying connect to server: localhost/127.0.0.1:44349. Already tried 2 time(s); retry policy is RetryUpToMaximumCountWithFixedSleep(maxRetries=15, sleepTime=1000 MILLISECONDS)
2022-10-11 17:34:12,255 [EndpointStateMachine task thread for /127.0.0.1:44887 - 0 ] INFO  ipc.Client (Client.java:handleConnectionFailure(977)) - Retrying connect to server: localhost/127.0.0.1:44887. Already tried 2 time(s); retry policy is RetryUpToMaximumCountWithFixedSleep(maxRetries=15, sleepTime=1000 MILLISECONDS)
2022-10-11 17:34:13,253 [EndpointStateMachine task thread for /127.0.0.1:35983 - 0 ] INFO  ipc.Client (Client.java:handleConnectionFailure(977)) - Retrying connect to server: localhost/127.0.0.1:35983. Already tried 3 time(s); retry policy is RetryUpToMaximumCountWithFixedSleep(maxRetries=15, sleepTime=1000 MILLISECONDS)
2022-10-11 17:34:13,254 [EndpointStateMachine task thread for /127.0.0.1:44349 - 0 ] INFO  ipc.Client (Client.java:handleConnectionFailure(977)) - Retrying connect to server: localhost/127.0.0.1:44349. Already tried 3 time(s); retry policy is RetryUpToMaximumCountWithFixedSleep(maxRetries=15, sleepTime=1000 MILLISECONDS)
2022-10-11 17:34:13,257 [EndpointStateMachine task thread for /127.0.0.1:44887 - 0 ] INFO  ipc.Client (Client.java:handleConnectionFailure(977)) - Retrying connect to server: localhost/127.0.0.1:44887. Already tried 3 time(s); retry policy is RetryUpToMaximumCountWithFixedSleep(maxRetries=15, sleepTime=1000 MILLISECONDS)
2022-10-11 17:34:14,254 [EndpointStateMachine task thread for /127.0.0.1:35983 - 0 ] INFO  ipc.Client (Client.java:handleConnectionFailure(977)) - Retrying connect to server: localhost/127.0.0.1:35983. Already tried 4 time(s); retry policy is RetryUpToMaximumCountWithFixedSleep(maxRetries=15, sleepTime=1000 MILLISECONDS)
2022-10-11 17:34:14,255 [EndpointStateMachine task thread for /127.0.0.1:44349 - 0 ] INFO  ipc.Client (Client.java:handleConnectionFailure(977)) - Retrying connect to server: localhost/127.0.0.1:44349. Already tried 4 time(s); retry policy is RetryUpToMaximumCountWithFixedSleep(maxRetries=15, sleepTime=1000 MILLISECONDS)
2022-10-11 17:34:14,257 [EndpointStateMachine task thread for /127.0.0.1:44887 - 0 ] INFO  ipc.Client (Client.java:handleConnectionFailure(977)) - Retrying connect to server: localhost/127.0.0.1:44887. Already tried 4 time(s); retry policy is RetryUpToMaximumCountWithFixedSleep(maxRetries=15, sleepTime=1000 MILLISECONDS)
2022-10-11 17:34:15,255 [EndpointStateMachine task thread for /127.0.0.1:35983 - 0 ] INFO  ipc.Client (Client.java:handleConnectionFailure(977)) - Retrying connect to server: localhost/127.0.0.1:35983. Already tried 5 time(s); retry policy is RetryUpToMaximumCountWithFixedSleep(maxRetries=15, sleepTime=1000 MILLISECONDS)
2022-10-11 17:34:15,256 [EndpointStateMachine task thread for /127.0.0.1:44349 - 0 ] INFO  ipc.Client (Client.java:handleConnectionFailure(977)) - Retrying connect to server: localhost/127.0.0.1:44349. Already tried 5 time(s); retry policy is RetryUpToMaximumCountWithFixedSleep(maxRetries=15, sleepTime=1000 MILLISECONDS)
2022-10-11 17:34:15,257 [EndpointStateMachine task thread for /127.0.0.1:44887 - 0 ] INFO  ipc.Client (Client.java:handleConnectionFailure(977)) - Retrying connect to server: localhost/127.0.0.1:44887. Already tried 5 time(s); retry policy is RetryUpToMaximumCountWithFixedSleep(maxRetries=15, sleepTime=1000 MILLISECONDS)
2022-10-11 17:34:16,256 [EndpointStateMachine task thread for /127.0.0.1:35983 - 0 ] INFO  ipc.Client (Client.java:handleConnectionFailure(977)) - Retrying connect to server: localhost/127.0.0.1:35983. Already tried 6 time(s); retry policy is RetryUpToMaximumCountWithFixedSleep(maxRetries=15, sleepTime=1000 MILLISECONDS)
2022-10-11 17:34:16,257 [EndpointStateMachine task thread for /127.0.0.1:44349 - 0 ] INFO  ipc.Client (Client.java:handleConnectionFailure(977)) - Retrying connect to server: localhost/127.0.0.1:44349. Already tried 6 time(s); retry policy is RetryUpToMaximumCountWithFixedSleep(maxRetries=15, sleepTime=1000 MILLISECONDS)
2022-10-11 17:34:16,258 [EndpointStateMachine task thread for /127.0.0.1:44887 - 0 ] INFO  ipc.Client (Client.java:handleConnectionFailure(977)) - Retrying connect to server: localhost/127.0.0.1:44887. Already tried 6 time(s); retry policy is RetryUpToMaximumCountWithFixedSleep(maxRetries=15, sleepTime=1000 MILLISECONDS)
2022-10-11 17:34:16,840 [Listener at 127.0.0.1/46797] INFO  ozone.MiniOzoneClusterImpl (MiniOzoneClusterImpl.java:shutdown(448)) - Shutting down the Mini Ozone Cluster
2022-10-11 17:34:16,843 [Listener at 127.0.0.1/46797] INFO  ozone.MiniOzoneHAClusterImpl (MiniOzoneHAClusterImpl.java:stop(312)) - Stopping the OzoneManager omNode-3
2022-10-11 17:34:16,843 [Listener at 127.0.0.1/46797] INFO  om.OzoneManager (OzoneManager.java:stop(2038)) - omNode-3[localhost:46797]: Stopping Ozone Manager
2022-10-11 17:34:16,843 [Listener at 127.0.0.1/46797] INFO  ozone.MiniOzoneHAClusterImpl (MiniOzoneHAClusterImpl.java:stop(312)) - Stopping the OzoneManager omNode-1
2022-10-11 17:34:16,843 [Listener at 127.0.0.1/46797] INFO  om.OzoneManager (OzoneManager.java:stop(2038)) - omNode-1[localhost:39581]: Stopping Ozone Manager
2022-10-11 17:34:16,843 [Listener at 127.0.0.1/46797] INFO  ozone.MiniOzoneHAClusterImpl (MiniOzoneHAClusterImpl.java:stop(312)) - Stopping the OzoneManager omNode-2
2022-10-11 17:34:16,843 [Listener at 127.0.0.1/46797] INFO  om.OzoneManager (OzoneManager.java:stop(2038)) - omNode-2[localhost:38391]: Stopping Ozone Manager
2022-10-11 17:34:16,843 [Listener at 127.0.0.1/46797] INFO  ozone.MiniOzoneHAClusterImpl (MiniOzoneHAClusterImpl.java:stop(320)) - Stopping the StorageContainerManager 26594dbf-7a18-4bd8-acec-1f08b91ad5e5
2022-10-11 17:34:16,843 [Listener at 127.0.0.1/46797] INFO  server.StorageContainerManager (StorageContainerManager.java:stop(1528)) - Container Balancer is not running.
2022-10-11 17:34:16,843 [Listener at 127.0.0.1/46797] INFO  server.StorageContainerManager (StorageContainerManager.java:stop(1535)) - Stopping Replication Manager Service.
2022-10-11 17:34:16,843 [Listener at 127.0.0.1/46797] INFO  replication.ReplicationManager (ReplicationManager.java:stop(265)) - Replication Monitor Thread is not running.
2022-10-11 17:34:16,843 [Listener at 127.0.0.1/46797] INFO  server.StorageContainerManager (StorageContainerManager.java:stop(1542)) - Stopping the Datanode Admin Monitor.
2022-10-11 17:34:16,844 [Listener at 127.0.0.1/46797] INFO  server.StorageContainerManager (StorageContainerManager.java:stop(1549)) - Stopping Lease Manager of the command watchers
2022-10-11 17:34:16,844 [Listener at 127.0.0.1/46797] ERROR server.StorageContainerManager (StorageContainerManager.java:stop(1552)) - Lease Manager of the command watchers stop failed
2022-10-11 17:34:16,844 [Listener at 127.0.0.1/46797] INFO  server.StorageContainerManager (StorageContainerManager.java:stop(1556)) - Stopping datanode service RPC server
2022-10-11 17:34:16,844 [Listener at 127.0.0.1/46797] INFO  server.SCMDatanodeProtocolServer (SCMDatanodeProtocolServer.java:stop(414)) - Stopping the RPC server for DataNodes
2022-10-11 17:34:16,844 [Listener at 127.0.0.1/46797] INFO  ipc.Server (Server.java:stop(3414)) - Stopping server on 44349
2022-10-11 17:34:16,844 [Listener at 127.0.0.1/46797] INFO  server.StorageContainerManager (StorageContainerManager.java:stop(1564)) - Stopping block service RPC server
2022-10-11 17:34:16,844 [Listener at 127.0.0.1/46797] INFO  server.SCMBlockProtocolServer (SCMBlockProtocolServer.java:stop(161)) - Stopping the RPC server for Block Protocol
2022-10-11 17:34:16,844 [Listener at 127.0.0.1/46797] INFO  ipc.Server (Server.java:stop(3414)) - Stopping server on 40463
2022-10-11 17:34:16,844 [Listener at 127.0.0.1/46797] INFO  server.StorageContainerManager (StorageContainerManager.java:stop(1571)) - Stopping the StorageContainerLocationProtocol RPC server
2022-10-11 17:34:16,844 [Listener at 127.0.0.1/46797] INFO  server.SCMClientProtocolServer (SCMClientProtocolServer.java:stop(179)) - Stopping the RPC server for Client Protocol
2022-10-11 17:34:16,844 [Listener at 127.0.0.1/46797] INFO  ipc.Server (Server.java:stop(3414)) - Stopping server on 34009
2022-10-11 17:34:16,844 [Listener at 127.0.0.1/46797] INFO  server.StorageContainerManager (StorageContainerManager.java:stop(1578)) - Stopping Storage Container Manager HTTP server.
2022-10-11 17:34:16,844 [Listener at 127.0.0.1/46797] INFO  server.StorageContainerManager (StorageContainerManager.java:stop(1584)) - Stopping SCM LayoutVersionManager Service.
2022-10-11 17:34:16,844 [Listener at 127.0.0.1/46797] INFO  server.StorageContainerManager (StorageContainerManager.java:stop(1592)) - Stopping Block Manager Service.
2022-10-11 17:34:16,844 [Listener at 127.0.0.1/46797] INFO  utils.BackgroundService (BackgroundService.java:shutdown(141)) - Shutting down service SCMBlockDeletingService
2022-10-11 17:34:16,844 [Listener at 127.0.0.1/46797] INFO  utils.BackgroundService (BackgroundService.java:shutdown(141)) - Shutting down service SCMBlockDeletingService
2022-10-11 17:34:16,845 [Listener at 127.0.0.1/46797] INFO  server.StorageContainerManager (StorageContainerManager.java:stop(1619)) - Stopping SCM Event Queue.
2022-10-11 17:34:16,845 [Listener at 127.0.0.1/46797] INFO  server.StorageContainerManager (StorageContainerManager.java:stop(1630)) - Stopping SCM HA services.
2022-10-11 17:34:16,845 [Listener at 127.0.0.1/46797] INFO  ha.SCMRatisServerImpl (SCMRatisServerImpl.java:stop(237)) - stopping ratis server 0.0.0.0:33821
2022-10-11 17:34:16,845 [Listener at 127.0.0.1/46797] WARN  pipeline.BackgroundPipelineCreator (BackgroundPipelineCreator.java:stop(145)) - RatisPipelineUtilsThread is not running, just ignore.
2022-10-11 17:34:16,845 [Listener at 127.0.0.1/46797] INFO  BackgroundPipelineScrubber (BackgroundSCMService.java:stop(126)) - BackgroundPipelineScrubber Service is not running, skip stop.
2022-10-11 17:34:16,849 [Listener at 127.0.0.1/46797] INFO  server.StorageContainerManager (StorageContainerManager.java:stop(1640)) - Stopping SCM MetadataStore.
2022-10-11 17:34:16,849 [Listener at 127.0.0.1/46797] INFO  impl.MetricsSystemImpl (MetricsSystemImpl.java:stop(205)) - HddsDatanode metrics system stopped (again)
2022-10-11 17:34:16,849 [Listener at 127.0.0.1/46797] INFO  ozone.MiniOzoneHAClusterImpl (MiniOzoneHAClusterImpl.java:stop(320)) - Stopping the StorageContainerManager fa895461-6123-4d7e-a25c-be7d0086d09c
2022-10-11 17:34:16,849 [Listener at 127.0.0.1/46797] INFO  server.StorageContainerManager (StorageContainerManager.java:stop(1528)) - Container Balancer is not running.
2022-10-11 17:34:16,849 [Listener at 127.0.0.1/46797] INFO  server.StorageContainerManager (StorageContainerManager.java:stop(1535)) - Stopping Replication Manager Service.
2022-10-11 17:34:16,849 [Listener at 127.0.0.1/46797] INFO  replication.ReplicationManager (ReplicationManager.java:stop(265)) - Replication Monitor Thread is not running.
2022-10-11 17:34:16,849 [Listener at 127.0.0.1/46797] INFO  server.StorageContainerManager (StorageContainerManager.java:stop(1542)) - Stopping the Datanode Admin Monitor.
2022-10-11 17:34:16,849 [Listener at 127.0.0.1/46797] INFO  server.StorageContainerManager (StorageContainerManager.java:stop(1549)) - Stopping Lease Manager of the command watchers
2022-10-11 17:34:16,849 [Listener at 127.0.0.1/46797] ERROR server.StorageContainerManager (StorageContainerManager.java:stop(1552)) - Lease Manager of the command watchers stop failed
2022-10-11 17:34:16,849 [Listener at 127.0.0.1/46797] INFO  server.StorageContainerManager (StorageContainerManager.java:stop(1556)) - Stopping datanode service RPC server
2022-10-11 17:34:16,849 [Listener at 127.0.0.1/46797] INFO  server.SCMDatanodeProtocolServer (SCMDatanodeProtocolServer.java:stop(414)) - Stopping the RPC server for DataNodes
2022-10-11 17:34:16,850 [Listener at 127.0.0.1/46797] INFO  ipc.Server (Server.java:stop(3414)) - Stopping server on 44887
2022-10-11 17:34:16,850 [Listener at 127.0.0.1/46797] INFO  server.StorageContainerManager (StorageContainerManager.java:stop(1564)) - Stopping block service RPC server
2022-10-11 17:34:16,850 [Listener at 127.0.0.1/46797] INFO  server.SCMBlockProtocolServer (SCMBlockProtocolServer.java:stop(161)) - Stopping the RPC server for Block Protocol
2022-10-11 17:34:16,850 [Listener at 127.0.0.1/46797] INFO  ipc.Server (Server.java:stop(3414)) - Stopping server on 43519
2022-10-11 17:34:16,850 [Listener at 127.0.0.1/46797] INFO  server.StorageContainerManager (StorageContainerManager.java:stop(1571)) - Stopping the StorageContainerLocationProtocol RPC server
2022-10-11 17:34:16,850 [Listener at 127.0.0.1/46797] INFO  server.SCMClientProtocolServer (SCMClientProtocolServer.java:stop(179)) - Stopping the RPC server for Client Protocol
2022-10-11 17:34:16,850 [Listener at 127.0.0.1/46797] INFO  ipc.Server (Server.java:stop(3414)) - Stopping server on 34653
2022-10-11 17:34:16,850 [Listener at 127.0.0.1/46797] INFO  server.StorageContainerManager (StorageContainerManager.java:stop(1578)) - Stopping Storage Container Manager HTTP server.
2022-10-11 17:34:16,850 [Listener at 127.0.0.1/46797] INFO  server.StorageContainerManager (StorageContainerManager.java:stop(1584)) - Stopping SCM LayoutVersionManager Service.
2022-10-11 17:34:16,850 [Listener at 127.0.0.1/46797] INFO  server.StorageContainerManager (StorageContainerManager.java:stop(1592)) - Stopping Block Manager Service.
2022-10-11 17:34:16,850 [Listener at 127.0.0.1/46797] INFO  utils.BackgroundService (BackgroundService.java:shutdown(141)) - Shutting down service SCMBlockDeletingService
2022-10-11 17:34:16,850 [Listener at 127.0.0.1/46797] INFO  utils.BackgroundService (BackgroundService.java:shutdown(141)) - Shutting down service SCMBlockDeletingService
2022-10-11 17:34:16,850 [Listener at 127.0.0.1/46797] INFO  server.StorageContainerManager (StorageContainerManager.java:stop(1619)) - Stopping SCM Event Queue.
2022-10-11 17:34:16,852 [Listener at 127.0.0.1/46797] INFO  server.StorageContainerManager (StorageContainerManager.java:stop(1630)) - Stopping SCM HA services.
2022-10-11 17:34:16,852 [Listener at 127.0.0.1/46797] INFO  ha.SCMRatisServerImpl (SCMRatisServerImpl.java:stop(237)) - stopping ratis server 0.0.0.0:42091
2022-10-11 17:34:16,852 [Listener at 127.0.0.1/46797] WARN  pipeline.BackgroundPipelineCreator (BackgroundPipelineCreator.java:stop(145)) - RatisPipelineUtilsThread is not running, just ignore.
2022-10-11 17:34:16,852 [Listener at 127.0.0.1/46797] INFO  BackgroundPipelineScrubber (BackgroundSCMService.java:stop(126)) - BackgroundPipelineScrubber Service is not running, skip stop.
2022-10-11 17:34:16,852 [Listener at 127.0.0.1/46797] INFO  server.StorageContainerManager (StorageContainerManager.java:stop(1640)) - Stopping SCM MetadataStore.
2022-10-11 17:34:16,852 [Listener at 127.0.0.1/46797] INFO  impl.MetricsSystemImpl (MetricsSystemImpl.java:stop(205)) - HddsDatanode metrics system stopped (again)
2022-10-11 17:34:16,852 [Listener at 127.0.0.1/46797] INFO  ozone.MiniOzoneHAClusterImpl (MiniOzoneHAClusterImpl.java:stop(320)) - Stopping the StorageContainerManager eedbf36c-d765-4127-a253-f087b7af9e5f
2022-10-11 17:34:16,852 [Listener at 127.0.0.1/46797] INFO  server.StorageContainerManager (StorageContainerManager.java:stop(1528)) - Container Balancer is not running.
2022-10-11 17:34:16,852 [Listener at 127.0.0.1/46797] INFO  server.StorageContainerManager (StorageContainerManager.java:stop(1535)) - Stopping Replication Manager Service.
2022-10-11 17:34:16,852 [Listener at 127.0.0.1/46797] INFO  replication.ReplicationManager (ReplicationManager.java:stop(265)) - Replication Monitor Thread is not running.
2022-10-11 17:34:16,852 [Listener at 127.0.0.1/46797] INFO  server.StorageContainerManager (StorageContainerManager.java:stop(1542)) - Stopping the Datanode Admin Monitor.
2022-10-11 17:34:16,852 [Listener at 127.0.0.1/46797] INFO  server.StorageContainerManager (StorageContainerManager.java:stop(1549)) - Stopping Lease Manager of the command watchers
2022-10-11 17:34:16,852 [Listener at 127.0.0.1/46797] ERROR server.StorageContainerManager (StorageContainerManager.java:stop(1552)) - Lease Manager of the command watchers stop failed
2022-10-11 17:34:16,852 [Listener at 127.0.0.1/46797] INFO  server.StorageContainerManager (StorageContainerManager.java:stop(1556)) - Stopping datanode service RPC server
2022-10-11 17:34:16,852 [Listener at 127.0.0.1/46797] INFO  server.SCMDatanodeProtocolServer (SCMDatanodeProtocolServer.java:stop(414)) - Stopping the RPC server for DataNodes
2022-10-11 17:34:16,852 [Listener at 127.0.0.1/46797] INFO  ipc.Server (Server.java:stop(3414)) - Stopping server on 35983
2022-10-11 17:34:16,853 [Listener at 127.0.0.1/46797] INFO  server.StorageContainerManager (StorageContainerManager.java:stop(1564)) - Stopping block service RPC server
2022-10-11 17:34:16,853 [Listener at 127.0.0.1/46797] INFO  server.SCMBlockProtocolServer (SCMBlockProtocolServer.java:stop(161)) - Stopping the RPC server for Block Protocol
2022-10-11 17:34:16,853 [Listener at 127.0.0.1/46797] INFO  ipc.Server (Server.java:stop(3414)) - Stopping server on 43079
2022-10-11 17:34:16,853 [Listener at 127.0.0.1/46797] INFO  server.StorageContainerManager (StorageContainerManager.java:stop(1571)) - Stopping the StorageContainerLocationProtocol RPC server
2022-10-11 17:34:16,853 [Listener at 127.0.0.1/46797] INFO  server.SCMClientProtocolServer (SCMClientProtocolServer.java:stop(179)) - Stopping the RPC server for Client Protocol
2022-10-11 17:34:16,853 [Listener at 127.0.0.1/46797] INFO  ipc.Server (Server.java:stop(3414)) - Stopping server on 36803
2022-10-11 17:34:16,853 [Listener at 127.0.0.1/46797] INFO  server.StorageContainerManager (StorageContainerManager.java:stop(1578)) - Stopping Storage Container Manager HTTP server.
2022-10-11 17:34:16,853 [Listener at 127.0.0.1/46797] INFO  server.StorageContainerManager (StorageContainerManager.java:stop(1584)) - Stopping SCM LayoutVersionManager Service.
2022-10-11 17:34:16,853 [Listener at 127.0.0.1/46797] INFO  server.StorageContainerManager (StorageContainerManager.java:stop(1592)) - Stopping Block Manager Service.
2022-10-11 17:34:16,853 [Listener at 127.0.0.1/46797] INFO  utils.BackgroundService (BackgroundService.java:shutdown(141)) - Shutting down service SCMBlockDeletingService
2022-10-11 17:34:16,853 [Listener at 127.0.0.1/46797] INFO  utils.BackgroundService (BackgroundService.java:shutdown(141)) - Shutting down service SCMBlockDeletingService
2022-10-11 17:34:16,853 [Listener at 127.0.0.1/46797] INFO  server.StorageContainerManager (StorageContainerManager.java:stop(1619)) - Stopping SCM Event Queue.
2022-10-11 17:34:16,861 [Listener at 127.0.0.1/46797] INFO  server.StorageContainerManager (StorageContainerManager.java:stop(1630)) - Stopping SCM HA services.
2022-10-11 17:34:16,861 [Listener at 127.0.0.1/46797] INFO  ha.SCMRatisServerImpl (SCMRatisServerImpl.java:stop(237)) - stopping ratis server 0.0.0.0:39163
2022-10-11 17:34:16,861 [Listener at 127.0.0.1/46797] WARN  pipeline.BackgroundPipelineCreator (BackgroundPipelineCreator.java:stop(145)) - RatisPipelineUtilsThread is not running, just ignore.
2022-10-11 17:34:16,861 [Listener at 127.0.0.1/46797] INFO  BackgroundPipelineScrubber (BackgroundSCMService.java:stop(126)) - BackgroundPipelineScrubber Service is not running, skip stop.
2022-10-11 17:34:16,862 [Listener at 127.0.0.1/46797] INFO  server.StorageContainerManager (StorageContainerManager.java:stop(1640)) - Stopping SCM MetadataStore.
2022-10-11 17:34:16,862 [Listener at 127.0.0.1/46797] INFO  impl.MetricsSystemImpl (MetricsSystemImpl.java:stop(205)) - HddsDatanode metrics system stopped (again)
2022-10-11 17:34:16,862 [Listener at 127.0.0.1/46797] INFO  ozone.MiniOzoneClusterImpl (MiniOzoneClusterImpl.java:stop(463)) - Stopping the Mini Ozone Cluster
2022-10-11 17:34:16,862 [Listener at 127.0.0.1/46797] INFO  ozone.MiniOzoneClusterImpl (MiniOzoneClusterImpl.java:stopDatanodes(522)) - Stopping the HddsDatanodes
]]></system-out>
  </testcase>
</testsuite>