<?xml version="1.0" encoding="UTF-8"?>
<testsuite xmlns:xsi="http://www.w3.org/2001/XMLSchema-instance" xsi:noNamespaceSchemaLocation="https://maven.apache.org/surefire/maven-surefire-plugin/xsd/surefire-test-report-3.0.xsd" version="3.0" name="org.apache.hadoop.ozone.parser.TestOzoneHARatisLogParser" time="58.67" tests="1" errors="1" skipped="0" failures="0">
  <properties>
    <property name="awt.toolkit" value="sun.awt.X11.XToolkit"/>
    <property name="file.encoding.pkg" value="sun.io"/>
    <property name="java.specification.version" value="1.8"/>
    <property name="sun.cpu.isalist" value=""/>
    <property name="sun.jnu.encoding" value="UTF-8"/>
    <property name="java.class.path" value="/home/runner/work/ozone/ozone/hadoop-ozone/integration-test/target/test-classes:/home/runner/work/ozone/ozone/hadoop-ozone/integration-test/target/classes:/home/runner/.m2/repository/org/apache/ozone/ozone-common/1.3.0-SNAPSHOT/ozone-common-1.3.0-SNAPSHOT.jar:/home/runner/.m2/repository/io/grpc/grpc-netty/1.48.1/grpc-netty-1.48.1.jar:/home/runner/.m2/repository/io/grpc/grpc-core/1.48.1/grpc-core-1.48.1.jar:/home/runner/.m2/repository/com/google/android/annotations/4.1.1.4/annotations-4.1.1.4.jar:/home/runner/.m2/repository/org/codehaus/mojo/animal-sniffer-annotations/1.21/animal-sniffer-annotations-1.21.jar:/home/runner/.m2/repository/com/google/errorprone/error_prone_annotations/2.2.0/error_prone_annotations-2.2.0.jar:/home/runner/.m2/repository/io/perfmark/perfmark-api/0.25.0/perfmark-api-0.25.0.jar:/home/runner/.m2/repository/io/netty/netty-codec-http2/4.1.79.Final/netty-codec-http2-4.1.79.Final.jar:/home/runner/.m2/repository/io/netty/netty-common/4.1.79.Final/netty-common-4.1.79.Final.jar:/home/runner/.m2/repository/io/netty/netty-buffer/4.1.79.Final/netty-buffer-4.1.79.Final.jar:/home/runner/.m2/repository/io/netty/netty-codec-http/4.1.79.Final/netty-codec-http-4.1.79.Final.jar:/home/runner/.m2/repository/io/netty/netty-handler-proxy/4.1.79.Final/netty-handler-proxy-4.1.79.Final.jar:/home/runner/.m2/repository/io/netty/netty-codec-socks/4.1.79.Final/netty-codec-socks-4.1.79.Final.jar:/home/runner/.m2/repository/io/netty/netty-tcnative-boringssl-static/2.0.53.Final/netty-tcnative-boringssl-static-2.0.53.Final.jar:/home/runner/.m2/repository/io/netty/netty-tcnative-classes/2.0.53.Final/netty-tcnative-classes-2.0.53.Final.jar:/home/runner/.m2/repository/io/netty/netty-tcnative-boringssl-static/2.0.53.Final/netty-tcnative-boringssl-static-2.0.53.Final-linux-x86_64.jar:/home/runner/.m2/repository/io/netty/netty-tcnative-boringssl-static/2.0.53.Final/netty-tcnative-boringssl-static-2.0.53.Final-linux-aarch_64.jar:/home/runner/.m2/repository/io/netty/netty-tcnative-boringssl-static/2.0.53.Final/netty-tcnative-boringssl-static-2.0.53.Final-osx-x86_64.jar:/home/runner/.m2/repository/io/netty/netty-tcnative-boringssl-static/2.0.53.Final/netty-tcnative-boringssl-static-2.0.53.Final-osx-aarch_64.jar:/home/runner/.m2/repository/io/netty/netty-tcnative-boringssl-static/2.0.53.Final/netty-tcnative-boringssl-static-2.0.53.Final-windows-x86_64.jar:/home/runner/.m2/repository/org/apache/commons/commons-compress/1.21/commons-compress-1.21.jar:/home/runner/.m2/repository/org/apache/ozone/hdds-common/1.3.0-SNAPSHOT/hdds-common-1.3.0-SNAPSHOT.jar:/home/runner/.m2/repository/org/apache/ozone/hdds-client/1.3.0-SNAPSHOT/hdds-client-1.3.0-SNAPSHOT.jar:/home/runner/.m2/repository/org/apache/ozone/ozone-interface-client/1.3.0-SNAPSHOT/ozone-interface-client-1.3.0-SNAPSHOT.jar:/home/runner/.m2/repository/org/apache/ozone/hdds-test-utils/1.3.0-SNAPSHOT/hdds-test-utils-1.3.0-SNAPSHOT.jar:/home/runner/.m2/repository/com/google/guava/guava/31.1-jre/guava-31.1-jre.jar:/home/runner/.m2/repository/com/google/guava/failureaccess/1.0.1/failureaccess-1.0.1.jar:/home/runner/.m2/repository/com/google/guava/listenablefuture/9999.0-empty-to-avoid-conflict-with-guava/listenablefuture-9999.0-empty-to-avoid-conflict-with-guava.jar:/home/runner/.m2/repository/com/google/code/findbugs/jsr305/3.0.0/jsr305-3.0.0.jar:/home/runner/.m2/repository/org/checkerframework/checker-qual/3.12.0/checker-qual-3.12.0.jar:/home/runner/.m2/repository/com/google/j2objc/j2objc-annotations/1.3/j2objc-annotations-1.3.jar:/home/runner/.m2/repository/commons-io/commons-io/2.11.0/commons-io-2.11.0.jar:/home/runner/.m2/repository/commons-logging/commons-logging/1.2/commons-logging-1.2.jar:/home/runner/.m2/repository/ch/qos/reload4j/reload4j/1.2.22/reload4j-1.2.22.jar:/home/runner/.m2/repository/org/slf4j/slf4j-api/1.7.36/slf4j-api-1.7.36.jar:/home/runner/.m2/repository/org/apache/ozone/hdds-server-scm/1.3.0-SNAPSHOT/hdds-server-scm-1.3.0-SNAPSHOT.jar:/home/runner/.m2/repository/org/apache/ozone/hdds-container-service/1.3.0-SNAPSHOT/hdds-container-service-1.3.0-SNAPSHOT.jar:/home/runner/.m2/repository/org/apache/ozone/hdds-hadoop-dependency-server/1.3.0-SNAPSHOT/hdds-hadoop-dependency-server-1.3.0-SNAPSHOT.jar:/home/runner/.m2/repository/org/apache/hadoop/hadoop-hdfs/3.3.4/hadoop-hdfs-3.3.4.jar:/home/runner/.m2/repository/org/eclipse/jetty/jetty-util-ajax/9.4.43.v20210629/jetty-util-ajax-9.4.43.v20210629.jar:/home/runner/.m2/repository/commons-daemon/commons-daemon/1.0.13/commons-daemon-1.0.13.jar:/home/runner/.m2/repository/org/apache/ozone/hdds-server-framework/1.3.0-SNAPSHOT/hdds-server-framework-1.3.0-SNAPSHOT.jar:/home/runner/.m2/repository/org/apache/ozone/hdds-interface-server/1.3.0-SNAPSHOT/hdds-interface-server-1.3.0-SNAPSHOT.jar:/home/runner/.m2/repository/org/apache/logging/log4j/log4j-core/2.17.1/log4j-core-2.17.1.jar:/home/runner/.m2/repository/com/lmax/disruptor/3.4.2/disruptor-3.4.2.jar:/home/runner/.m2/repository/org/eclipse/jetty/jetty-servlet/9.4.43.v20210629/jetty-servlet-9.4.43.v20210629.jar:/home/runner/.m2/repository/org/eclipse/jetty/jetty-security/9.4.43.v20210629/jetty-security-9.4.43.v20210629.jar:/home/runner/.m2/repository/org/rocksdb/rocksdbjni/7.4.5/rocksdbjni-7.4.5.jar:/home/runner/.m2/repository/io/prometheus/simpleclient_dropwizard/0.7.0/simpleclient_dropwizard-0.7.0.jar:/home/runner/.m2/repository/io/prometheus/simpleclient/0.7.0/simpleclient-0.7.0.jar:/home/runner/.m2/repository/io/prometheus/simpleclient_common/0.7.0/simpleclient_common-0.7.0.jar:/home/runner/.m2/repository/io/dropwizard/metrics/metrics-core/3.2.4/metrics-core-3.2.4.jar:/home/runner/.m2/repository/org/apache/hadoop/hadoop-hdfs-client/3.3.4/hadoop-hdfs-client-3.3.4.jar:/home/runner/.m2/repository/com/squareup/okhttp3/okhttp/4.9.3/okhttp-4.9.3.jar:/home/runner/.m2/repository/com/squareup/okio/okio/2.8.0/okio-2.8.0.jar:/home/runner/.m2/repository/org/jetbrains/kotlin/kotlin-stdlib-common/1.4.10/kotlin-stdlib-common-1.4.10.jar:/home/runner/.m2/repository/org/bouncycastle/bcprov-jdk15on/1.67/bcprov-jdk15on-1.67.jar:/home/runner/.m2/repository/com/google/protobuf/protobuf-java/2.5.0/protobuf-java-2.5.0.jar:/home/runner/.m2/repository/org/apache/ozone/ozone-manager/1.3.0-SNAPSHOT/ozone-manager-1.3.0-SNAPSHOT.jar:/home/runner/.m2/repository/org/aspectj/aspectjrt/1.9.7/aspectjrt-1.9.7.jar:/home/runner/.m2/repository/org/aspectj/aspectjweaver/1.9.7/aspectjweaver-1.9.7.jar:/home/runner/.m2/repository/org/apache/ozone/hdds-interface-client/1.3.0-SNAPSHOT/hdds-interface-client-1.3.0-SNAPSHOT.jar:/home/runner/.m2/repository/org/apache/hadoop/thirdparty/hadoop-shaded-protobuf_3_7/1.1.1/hadoop-shaded-protobuf_3_7-1.1.1.jar:/home/runner/.m2/repository/org/apache/ozone/ozone-interface-storage/1.3.0-SNAPSHOT/ozone-interface-storage-1.3.0-SNAPSHOT.jar:/home/runner/.m2/repository/org/reflections/reflections/0.9.11/reflections-0.9.11.jar:/home/runner/.m2/repository/com/sun/jersey/jersey-client/1.19/jersey-client-1.19.jar:/home/runner/.m2/repository/org/apache/ranger/ranger-intg/2.3.0/ranger-intg-2.3.0.jar:/home/runner/.m2/repository/org/apache/ranger/ranger-plugins-common/2.3.0/ranger-plugins-common-2.3.0.jar:/home/runner/.m2/repository/commons-lang/commons-lang/2.6/commons-lang-2.6.jar:/home/runner/.m2/repository/org/codehaus/jackson/jackson-jaxrs/1.9.13/jackson-jaxrs-1.9.13.jar:/home/runner/.m2/repository/org/apache/ranger/ranger-plugins-cred/2.3.0/ranger-plugins-cred-2.3.0.jar:/home/runner/.m2/repository/org/apache/ranger/ranger-plugins-audit/2.3.0/ranger-plugins-audit-2.3.0.jar:/home/runner/.m2/repository/org/eclipse/jetty/jetty-client/9.4.31.v20200723/jetty-client-9.4.31.v20200723.jar:/home/runner/.m2/repository/org/apache/httpcomponents/httpmime/4.5.6/httpmime-4.5.6.jar:/home/runner/.m2/repository/org/apache/httpcomponents/httpcore-nio/4.4.6/httpcore-nio-4.4.6.jar:/home/runner/.m2/repository/org/apache/httpcomponents/httpasyncclient/4.1.3/httpasyncclient-4.1.3.jar:/home/runner/.m2/repository/com/carrotsearch/hppc/0.8.0/hppc-0.8.0.jar:/home/runner/.m2/repository/org/apache/orc/orc-core/1.5.8/orc-core-1.5.8.jar:/home/runner/.m2/repository/net/java/dev/jna/jna/5.2.0/jna-5.2.0.jar:/home/runner/.m2/repository/net/java/dev/jna/jna-platform/5.2.0/jna-platform-5.2.0.jar:/home/runner/.m2/repository/com/kstruct/gethostname4j/0.0.2/gethostname4j-0.0.2.jar:/home/runner/.m2/repository/org/apache/ranger/ranger-plugin-classloader/2.3.0/ranger-plugin-classloader-2.3.0.jar:/home/runner/.m2/repository/org/apache/hadoop/hadoop-minikdc/3.3.4/hadoop-minikdc-3.3.4.jar:/home/runner/.m2/repository/org/apache/kerby/kerb-simplekdc/1.0.1/kerb-simplekdc-1.0.1.jar:/home/runner/.m2/repository/org/apache/kerby/kerb-client/1.0.1/kerb-client-1.0.1.jar:/home/runner/.m2/repository/org/apache/kerby/kerby-config/1.0.1/kerby-config-1.0.1.jar:/home/runner/.m2/repository/org/apache/kerby/kerb-common/1.0.1/kerb-common-1.0.1.jar:/home/runner/.m2/repository/org/apache/kerby/kerb-crypto/1.0.1/kerb-crypto-1.0.1.jar:/home/runner/.m2/repository/org/apache/kerby/kerb-util/1.0.1/kerb-util-1.0.1.jar:/home/runner/.m2/repository/org/apache/kerby/token-provider/1.0.1/token-provider-1.0.1.jar:/home/runner/.m2/repository/org/apache/kerby/kerb-admin/1.0.1/kerb-admin-1.0.1.jar:/home/runner/.m2/repository/org/apache/kerby/kerb-server/1.0.1/kerb-server-1.0.1.jar:/home/runner/.m2/repository/org/apache/kerby/kerb-identity/1.0.1/kerb-identity-1.0.1.jar:/home/runner/.m2/repository/org/apache/kerby/kerby-xdr/1.0.1/kerby-xdr-1.0.1.jar:/home/runner/.m2/repository/org/apache/ozone/ozone-s3gateway/1.3.0-SNAPSHOT/ozone-s3gateway-1.3.0-SNAPSHOT.jar:/home/runner/.m2/repository/org/javassist/javassist/3.21.0-GA/javassist-3.21.0-GA.jar:/home/runner/.m2/repository/org/jboss/weld/servlet/weld-servlet/2.4.7.Final/weld-servlet-2.4.7.Final.jar:/home/runner/.m2/repository/org/glassfish/jersey/containers/jersey-container-servlet-core/2.34/jersey-container-servlet-core-2.34.jar:/home/runner/.m2/repository/org/glassfish/hk2/external/jakarta.inject/2.6.1/jakarta.inject-2.6.1.jar:/home/runner/.m2/repository/org/glassfish/jersey/core/jersey-common/2.34/jersey-common-2.34.jar:/home/runner/.m2/repository/jakarta/ws/rs/jakarta.ws.rs-api/2.1.6/jakarta.ws.rs-api-2.1.6.jar:/home/runner/.m2/repository/org/glassfish/jersey/ext/cdi/jersey-cdi1x/2.34/jersey-cdi1x-2.34.jar:/home/runner/.m2/repository/org/glassfish/jersey/inject/jersey-hk2/2.34/jersey-hk2-2.34.jar:/home/runner/.m2/repository/org/glassfish/hk2/hk2-locator/2.6.1/hk2-locator-2.6.1.jar:/home/runner/.m2/repository/org/glassfish/jersey/media/jersey-media-jaxb/2.34/jersey-media-jaxb-2.34.jar:/home/runner/.m2/repository/org/glassfish/hk2/osgi-resource-locator/1.0.3/osgi-resource-locator-1.0.3.jar:/home/runner/.m2/repository/org/glassfish/hk2/hk2-api/2.5.0/hk2-api-2.5.0.jar:/home/runner/.m2/repository/org/glassfish/hk2/hk2-utils/2.5.0/hk2-utils-2.5.0.jar:/home/runner/.m2/repository/org/glassfish/hk2/external/aopalliance-repackaged/2.5.0/aopalliance-repackaged-2.5.0.jar:/home/runner/.m2/repository/com/fasterxml/jackson/dataformat/jackson-dataformat-xml/2.13.4/jackson-dataformat-xml-2.13.4.jar:/home/runner/.m2/repository/com/fasterxml/jackson/core/jackson-core/2.13.4/jackson-core-2.13.4.jar:/home/runner/.m2/repository/org/codehaus/woodstox/stax2-api/3.1.4/stax2-api-3.1.4.jar:/home/runner/.m2/repository/com/fasterxml/woodstox/woodstox-core/5.0.3/woodstox-core-5.0.3.jar:/home/runner/.m2/repository/com/fasterxml/jackson/module/jackson-module-jaxb-annotations/2.13.4/jackson-module-jaxb-annotations-2.13.4.jar:/home/runner/.m2/repository/jakarta/xml/bind/jakarta.xml.bind-api/2.3.3/jakarta.xml.bind-api-2.3.3.jar:/home/runner/.m2/repository/jakarta/activation/jakarta.activation-api/1.2.1/jakarta.activation-api-1.2.1.jar:/home/runner/.m2/repository/javax/enterprise/cdi-api/1.2/cdi-api-1.2.jar:/home/runner/.m2/repository/javax/el/javax.el-api/3.0.0/javax.el-api-3.0.0.jar:/home/runner/.m2/repository/javax/interceptor/javax.interceptor-api/1.2/javax.interceptor-api-1.2.jar:/home/runner/.m2/repository/javax/inject/javax.inject/1/javax.inject-1.jar:/home/runner/.m2/repository/javax/xml/bind/jaxb-api/2.3.0/jaxb-api-2.3.0.jar:/home/runner/.m2/repository/org/glassfish/jaxb/jaxb-runtime/2.3.0.1/jaxb-runtime-2.3.0.1.jar:/home/runner/.m2/repository/org/glassfish/jaxb/jaxb-core/2.3.0.1/jaxb-core-2.3.0.1.jar:/home/runner/.m2/repository/org/glassfish/jaxb/txw2/2.3.0.1/txw2-2.3.0.1.jar:/home/runner/.m2/repository/com/sun/istack/istack-commons-runtime/3.0.5/istack-commons-runtime-3.0.5.jar:/home/runner/.m2/repository/org/jvnet/staxex/stax-ex/1.7.8/stax-ex-1.7.8.jar:/home/runner/.m2/repository/com/sun/xml/fastinfoset/FastInfoset/1.2.13/FastInfoset-1.2.13.jar:/home/runner/.m2/repository/javax/activation/activation/1.1.1/activation-1.1.1.jar:/home/runner/.m2/repository/io/grpc/grpc-protobuf/1.48.1/grpc-protobuf-1.48.1.jar:/home/runner/.m2/repository/io/grpc/grpc-api/1.48.1/grpc-api-1.48.1.jar:/home/runner/.m2/repository/io/grpc/grpc-context/1.48.1/grpc-context-1.48.1.jar:/home/runner/.m2/repository/com/google/api/grpc/proto-google-common-protos/2.9.0/proto-google-common-protos-2.9.0.jar:/home/runner/.m2/repository/io/grpc/grpc-protobuf-lite/1.48.1/grpc-protobuf-lite-1.48.1.jar:/home/runner/.m2/repository/io/grpc/grpc-stub/1.48.1/grpc-stub-1.48.1.jar:/home/runner/.m2/repository/io/netty/netty-transport/4.1.79.Final/netty-transport-4.1.79.Final.jar:/home/runner/.m2/repository/io/netty/netty-resolver/4.1.79.Final/netty-resolver-4.1.79.Final.jar:/home/runner/.m2/repository/org/apache/ozone/ozone-csi/1.3.0-SNAPSHOT/ozone-csi-1.3.0-SNAPSHOT.jar:/home/runner/.m2/repository/com/google/protobuf/protobuf-java-util/3.19.2/protobuf-java-util-3.19.2.jar:/home/runner/.m2/repository/com/google/code/gson/gson/2.9.0/gson-2.9.0.jar:/home/runner/.m2/repository/org/apache/ozone/hdds-config/1.3.0-SNAPSHOT/hdds-config-1.3.0-SNAPSHOT.jar:/home/runner/.m2/repository/io/netty/netty-transport-native-epoll/4.1.79.Final/netty-transport-native-epoll-4.1.79.Final-linux-x86_64.jar:/home/runner/.m2/repository/io/netty/netty-transport-classes-epoll/4.1.79.Final/netty-transport-classes-epoll-4.1.79.Final.jar:/home/runner/.m2/repository/io/netty/netty-transport-native-unix-common/4.1.79.Final/netty-transport-native-unix-common-4.1.79.Final.jar:/home/runner/.m2/repository/org/slf4j/slf4j-reload4j/1.7.36/slf4j-reload4j-1.7.36.jar:/home/runner/.m2/repository/org/apache/ozone/ozone-recon/1.3.0-SNAPSHOT/ozone-recon-1.3.0-SNAPSHOT.jar:/home/runner/.m2/repository/org/apache/ozone/ozone-reconcodegen/1.3.0-SNAPSHOT/ozone-reconcodegen-1.3.0-SNAPSHOT.jar:/home/runner/.m2/repository/com/google/inject/extensions/guice-multibindings/4.0/guice-multibindings-4.0.jar:/home/runner/.m2/repository/com/google/inject/guice/4.0/guice-4.0.jar:/home/runner/.m2/repository/aopalliance/aopalliance/1.0/aopalliance-1.0.jar:/home/runner/.m2/repository/com/google/inject/extensions/guice-assistedinject/4.0/guice-assistedinject-4.0.jar:/home/runner/.m2/repository/com/google/inject/extensions/guice-servlet/4.0/guice-servlet-4.0.jar:/home/runner/.m2/repository/org/glassfish/jersey/containers/jersey-container-servlet/2.34/jersey-container-servlet-2.34.jar:/home/runner/.m2/repository/org/glassfish/hk2/guice-bridge/2.5.0/guice-bridge-2.5.0.jar:/home/runner/.m2/repository/org/glassfish/jersey/core/jersey-server/2.34/jersey-server-2.34.jar:/home/runner/.m2/repository/org/glassfish/jersey/core/jersey-client/2.34/jersey-client-2.34.jar:/home/runner/.m2/repository/jakarta/annotation/jakarta.annotation-api/1.3.5/jakarta.annotation-api-1.3.5.jar:/home/runner/.m2/repository/jakarta/validation/jakarta.validation-api/2.0.2/jakarta.validation-api-2.0.2.jar:/home/runner/.m2/repository/org/glassfish/jersey/media/jersey-media-json-jackson/2.34/jersey-media-json-jackson-2.34.jar:/home/runner/.m2/repository/org/glassfish/jersey/ext/jersey-entity-filtering/2.34/jersey-entity-filtering-2.34.jar:/home/runner/.m2/repository/org/jooq/jooq/3.11.10/jooq-3.11.10.jar:/home/runner/.m2/repository/org/jooq/jooq-meta/3.11.10/jooq-meta-3.11.10.jar:/home/runner/.m2/repository/org/jooq/jooq-codegen/3.11.10/jooq-codegen-3.11.10.jar:/home/runner/.m2/repository/com/jolbox/bonecp/0.8.0.RELEASE/bonecp-0.8.0.RELEASE.jar:/home/runner/.m2/repository/org/apache/derby/derby/10.14.2.0/derby-10.14.2.0.jar:/home/runner/.m2/repository/org/xerial/sqlite-jdbc/3.25.2/sqlite-jdbc-3.25.2.jar:/home/runner/.m2/repository/org/springframework/spring-jdbc/5.2.20.RELEASE/spring-jdbc-5.2.20.RELEASE.jar:/home/runner/.m2/repository/org/springframework/spring-beans/5.2.20.RELEASE/spring-beans-5.2.20.RELEASE.jar:/home/runner/.m2/repository/org/springframework/spring-core/5.2.20.RELEASE/spring-core-5.2.20.RELEASE.jar:/home/runner/.m2/repository/org/springframework/spring-jcl/5.2.20.RELEASE/spring-jcl-5.2.20.RELEASE.jar:/home/runner/.m2/repository/org/springframework/spring-tx/5.2.20.RELEASE/spring-tx-5.2.20.RELEASE.jar:/home/runner/.m2/repository/org/apache/ozone/ozone-client/1.3.0-SNAPSHOT/ozone-client-1.3.0-SNAPSHOT.jar:/home/runner/.m2/repository/org/apache/ozone/hdds-erasurecode/1.3.0-SNAPSHOT/hdds-erasurecode-1.3.0-SNAPSHOT.jar:/home/runner/.m2/repository/com/github/spotbugs/spotbugs-annotations/3.1.12/spotbugs-annotations-3.1.12.jar:/home/runner/.m2/repository/org/apache/ozone/ozone-filesystem/1.3.0-SNAPSHOT/ozone-filesystem-1.3.0-SNAPSHOT.jar:/home/runner/.m2/repository/org/apache/ozone/ozone-filesystem-common/1.3.0-SNAPSHOT/ozone-filesystem-common-1.3.0-SNAPSHOT.jar:/home/runner/.m2/repository/org/apache/ozone/ozone-tools/1.3.0-SNAPSHOT/ozone-tools-1.3.0-SNAPSHOT.jar:/home/runner/.m2/repository/org/apache/ratis/ratis-tools/2.3.0/ratis-tools-2.3.0.jar:/home/runner/.m2/repository/com/amazonaws/aws-java-sdk-core/1.12.261/aws-java-sdk-core-1.12.261.jar:/home/runner/.m2/repository/org/apache/httpcomponents/httpclient/4.5.13/httpclient-4.5.13.jar:/home/runner/.m2/repository/org/apache/httpcomponents/httpcore/4.4.13/httpcore-4.4.13.jar:/home/runner/.m2/repository/software/amazon/ion/ion-java/1.0.2/ion-java-1.0.2.jar:/home/runner/.m2/repository/com/fasterxml/jackson/dataformat/jackson-dataformat-cbor/2.13.4/jackson-dataformat-cbor-2.13.4.jar:/home/runner/.m2/repository/joda-time/joda-time/2.8.1/joda-time-2.8.1.jar:/home/runner/.m2/repository/com/amazonaws/aws-java-sdk-s3/1.12.261/aws-java-sdk-s3-1.12.261.jar:/home/runner/.m2/repository/com/amazonaws/aws-java-sdk-kms/1.12.261/aws-java-sdk-kms-1.12.261.jar:/home/runner/.m2/repository/com/amazonaws/jmespath-java/1.12.261/jmespath-java-1.12.261.jar:/home/runner/.m2/repository/org/kohsuke/metainf-services/metainf-services/1.8/metainf-services-1.8.jar:/home/runner/.m2/repository/org/apache/ozone/hdds-tools/1.3.0-SNAPSHOT/hdds-tools-1.3.0-SNAPSHOT.jar:/home/runner/.m2/repository/commons-cli/commons-cli/1.2/commons-cli-1.2.jar:/home/runner/.m2/repository/org/apache/commons/commons-lang3/3.7/commons-lang3-3.7.jar:/home/runner/.m2/repository/org/apache/ozone/ozone-manager/1.3.0-SNAPSHOT/ozone-manager-1.3.0-SNAPSHOT-tests.jar:/home/runner/.m2/repository/org/apache/ozone/hdds-common/1.3.0-SNAPSHOT/hdds-common-1.3.0-SNAPSHOT-tests.jar:/home/runner/.m2/repository/org/apache/ozone/hdds-hadoop-dependency-client/1.3.0-SNAPSHOT/hdds-hadoop-dependency-client-1.3.0-SNAPSHOT.jar:/home/runner/.m2/repository/info/picocli/picocli/4.6.1/picocli-4.6.1.jar:/home/runner/.m2/repository/com/fasterxml/jackson/core/jackson-annotations/2.13.4/jackson-annotations-2.13.4.jar:/home/runner/.m2/repository/com/fasterxml/jackson/datatype/jackson-datatype-jsr310/2.13.4/jackson-datatype-jsr310-2.13.4.jar:/home/runner/.m2/repository/org/apache/ozone/hdds-annotation-processing/1.3.0-SNAPSHOT/hdds-annotation-processing-1.3.0-SNAPSHOT.jar:/home/runner/.m2/repository/javax/annotation/javax.annotation-api/1.2/javax.annotation-api-1.2.jar:/home/runner/.m2/repository/org/apache/ratis/ratis-server/2.3.0/ratis-server-2.3.0.jar:/home/runner/.m2/repository/org/apache/ratis/ratis-client/2.3.0/ratis-client-2.3.0.jar:/home/runner/.m2/repository/org/apache/ratis/ratis-server-api/2.3.0/ratis-server-api-2.3.0.jar:/home/runner/.m2/repository/org/apache/ratis/ratis-metrics/2.3.0/ratis-metrics-2.3.0.jar:/home/runner/.m2/repository/org/apache/ratis/ratis-netty/2.3.0/ratis-netty-2.3.0.jar:/home/runner/.m2/repository/org/apache/ratis/ratis-grpc/2.3.0/ratis-grpc-2.3.0.jar:/home/runner/.m2/repository/org/apache/logging/log4j/log4j-api/2.17.1/log4j-api-2.17.1.jar:/home/runner/.m2/repository/org/apache/commons/commons-pool2/2.6.0/commons-pool2-2.6.0.jar:/home/runner/.m2/repository/org/bouncycastle/bcpkix-jdk15on/1.67/bcpkix-jdk15on-1.67.jar:/home/runner/.m2/repository/commons-validator/commons-validator/1.6/commons-validator-1.6.jar:/home/runner/.m2/repository/commons-beanutils/commons-beanutils/1.9.4/commons-beanutils-1.9.4.jar:/home/runner/.m2/repository/commons-digester/commons-digester/1.8.1/commons-digester-1.8.1.jar:/home/runner/.m2/repository/commons-collections/commons-collections/3.2.2/commons-collections-3.2.2.jar:/home/runner/.m2/repository/io/jaegertracing/jaeger-client/1.6.0/jaeger-client-1.6.0.jar:/home/runner/.m2/repository/io/jaegertracing/jaeger-thrift/1.6.0/jaeger-thrift-1.6.0.jar:/home/runner/.m2/repository/org/apache/thrift/libthrift/0.14.1/libthrift-0.14.1.jar:/home/runner/.m2/repository/io/jaegertracing/jaeger-core/1.6.0/jaeger-core-1.6.0.jar:/home/runner/.m2/repository/io/jaegertracing/jaeger-tracerresolver/1.6.0/jaeger-tracerresolver-1.6.0.jar:/home/runner/.m2/repository/io/opentracing/contrib/opentracing-tracerresolver/0.1.8/opentracing-tracerresolver-0.1.8.jar:/home/runner/.m2/repository/org/jetbrains/kotlin/kotlin-stdlib/1.6.21/kotlin-stdlib-1.6.21.jar:/home/runner/.m2/repository/org/jetbrains/annotations/13.0/annotations-13.0.jar:/home/runner/.m2/repository/io/opentracing/opentracing-util/0.33.0/opentracing-util-0.33.0.jar:/home/runner/.m2/repository/io/opentracing/opentracing-api/0.33.0/opentracing-api-0.33.0.jar:/home/runner/.m2/repository/io/opentracing/opentracing-noop/0.33.0/opentracing-noop-0.33.0.jar:/home/runner/.m2/repository/org/yaml/snakeyaml/1.32/snakeyaml-1.32.jar:/home/runner/.m2/repository/org/apache/ozone/hdds-interface-admin/1.3.0-SNAPSHOT/hdds-interface-admin-1.3.0-SNAPSHOT.jar:/home/runner/.m2/repository/junit/junit/4.13.1/junit-4.13.1.jar:/home/runner/.m2/repository/org/hamcrest/hamcrest-core/1.3/hamcrest-core-1.3.jar:/home/runner/.m2/repository/org/junit/jupiter/junit-jupiter-api/5.8.2/junit-jupiter-api-5.8.2.jar:/home/runner/.m2/repository/org/opentest4j/opentest4j/1.2.0/opentest4j-1.2.0.jar:/home/runner/.m2/repository/org/junit/platform/junit-platform-commons/1.8.2/junit-platform-commons-1.8.2.jar:/home/runner/.m2/repository/org/apiguardian/apiguardian-api/1.1.2/apiguardian-api-1.1.2.jar:/home/runner/.m2/repository/org/junit/jupiter/junit-jupiter-params/5.8.2/junit-jupiter-params-5.8.2.jar:/home/runner/.m2/repository/org/junit/jupiter/junit-jupiter-migrationsupport/5.8.2/junit-jupiter-migrationsupport-5.8.2.jar:/home/runner/.m2/repository/org/junit/jupiter/junit-jupiter-engine/5.8.2/junit-jupiter-engine-5.8.2.jar:/home/runner/.m2/repository/org/junit/platform/junit-platform-engine/1.8.2/junit-platform-engine-1.8.2.jar:/home/runner/.m2/repository/org/junit/vintage/junit-vintage-engine/5.8.2/junit-vintage-engine-5.8.2.jar:/home/runner/.m2/repository/org/junit/platform/junit-platform-launcher/1.8.2/junit-platform-launcher-1.8.2.jar:/home/runner/.m2/repository/org/mockito/mockito-core/2.28.2/mockito-core-2.28.2.jar:/home/runner/.m2/repository/net/bytebuddy/byte-buddy/1.9.10/byte-buddy-1.9.10.jar:/home/runner/.m2/repository/net/bytebuddy/byte-buddy-agent/1.9.10/byte-buddy-agent-1.9.10.jar:/home/runner/.m2/repository/org/objenesis/objenesis/1.0/objenesis-1.0.jar:/home/runner/.m2/repository/org/apache/hadoop/hadoop-kms/3.3.4/hadoop-kms-3.3.4.jar:/home/runner/.m2/repository/org/apache/hadoop/hadoop-auth/3.3.4/hadoop-auth-3.3.4.jar:/home/runner/.m2/repository/com/nimbusds/nimbus-jose-jwt/7.9/nimbus-jose-jwt-7.9.jar:/home/runner/.m2/repository/com/github/stephenc/jcip/jcip-annotations/1.0-1/jcip-annotations-1.0-1.jar:/home/runner/.m2/repository/net/minidev/json-smart/2.4.7/json-smart-2.4.7.jar:/home/runner/.m2/repository/net/minidev/accessors-smart/2.4.7/accessors-smart-2.4.7.jar:/home/runner/.m2/repository/org/ow2/asm/asm/5.0.4/asm-5.0.4.jar:/home/runner/.m2/repository/org/apache/zookeeper/zookeeper/3.5.6/zookeeper-3.5.6.jar:/home/runner/.m2/repository/org/apache/zookeeper/zookeeper-jute/3.5.6/zookeeper-jute-3.5.6.jar:/home/runner/.m2/repository/org/apache/yetus/audience-annotations/0.5.0/audience-annotations-0.5.0.jar:/home/runner/.m2/repository/org/apache/curator/curator-framework/4.2.0/curator-framework-4.2.0.jar:/home/runner/.m2/repository/org/apache/hadoop/thirdparty/hadoop-shaded-guava/1.1.1/hadoop-shaded-guava-1.1.1.jar:/home/runner/.m2/repository/com/sun/jersey/jersey-core/1.19/jersey-core-1.19.jar:/home/runner/.m2/repository/javax/ws/rs/jsr311-api/1.1.1/jsr311-api-1.1.1.jar:/home/runner/.m2/repository/com/sun/jersey/jersey-server/1.19/jersey-server-1.19.jar:/home/runner/.m2/repository/javax/servlet/javax.servlet-api/3.1.0/javax.servlet-api-3.1.0.jar:/home/runner/.m2/repository/org/eclipse/jetty/jetty-server/9.4.43.v20210629/jetty-server-9.4.43.v20210629.jar:/home/runner/.m2/repository/org/eclipse/jetty/jetty-http/9.4.43.v20210629/jetty-http-9.4.43.v20210629.jar:/home/runner/.m2/repository/org/eclipse/jetty/jetty-io/9.4.43.v20210629/jetty-io-9.4.43.v20210629.jar:/home/runner/.m2/repository/org/eclipse/jetty/jetty-webapp/9.4.43.v20210629/jetty-webapp-9.4.43.v20210629.jar:/home/runner/.m2/repository/org/eclipse/jetty/jetty-xml/9.4.43.v20210629/jetty-xml-9.4.43.v20210629.jar:/home/runner/.m2/repository/org/apache/hadoop/hadoop-common/3.3.4/hadoop-common-3.3.4.jar:/home/runner/.m2/repository/org/apache/commons/commons-math3/3.1.1/commons-math3-3.1.1.jar:/home/runner/.m2/repository/commons-net/commons-net/3.6/commons-net-3.6.jar:/home/runner/.m2/repository/com/sun/jersey/jersey-servlet/1.19/jersey-servlet-1.19.jar:/home/runner/.m2/repository/com/sun/jersey/jersey-json/1.19/jersey-json-1.19.jar:/home/runner/.m2/repository/org/codehaus/jettison/jettison/1.1/jettison-1.1.jar:/home/runner/.m2/repository/com/sun/xml/bind/jaxb-impl/2.2.3-1/jaxb-impl-2.2.3-1.jar:/home/runner/.m2/repository/org/codehaus/jackson/jackson-xc/1.9.2/jackson-xc-1.9.2.jar:/home/runner/.m2/repository/org/apache/commons/commons-configuration2/2.1.1/commons-configuration2-2.1.1.jar:/home/runner/.m2/repository/org/apache/commons/commons-text/1.4/commons-text-1.4.jar:/home/runner/.m2/repository/com/google/re2j/re2j/1.1/re2j-1.1.jar:/home/runner/.m2/repository/com/jcraft/jsch/0.1.54/jsch-0.1.54.jar:/home/runner/.m2/repository/org/apache/curator/curator-client/4.2.0/curator-client-4.2.0.jar:/home/runner/.m2/repository/org/apache/curator/curator-recipes/4.2.0/curator-recipes-4.2.0.jar:/home/runner/.m2/repository/org/apache/kerby/kerb-core/1.0.1/kerb-core-1.0.1.jar:/home/runner/.m2/repository/org/apache/kerby/kerby-pkix/1.0.1/kerby-pkix-1.0.1.jar:/home/runner/.m2/repository/org/apache/kerby/kerby-asn1/1.0.1/kerby-asn1-1.0.1.jar:/home/runner/.m2/repository/org/apache/kerby/kerby-util/1.0.1/kerby-util-1.0.1.jar:/home/runner/.m2/repository/dnsjava/dnsjava/2.1.7/dnsjava-2.1.7.jar:/home/runner/.m2/repository/org/xerial/snappy/snappy-java/1.1.8.2/snappy-java-1.1.8.2.jar:/home/runner/.m2/repository/org/eclipse/jetty/jetty-util/9.4.43.v20210629/jetty-util-9.4.43.v20210629.jar:/home/runner/.m2/repository/com/fasterxml/jackson/core/jackson-databind/2.13.4/jackson-databind-2.13.4.jar:/home/runner/.m2/repository/org/apache/hadoop/hadoop-kms/3.3.4/hadoop-kms-3.3.4-tests.jar:/home/runner/.m2/repository/org/apache/ozone/hdds-server-scm/1.3.0-SNAPSHOT/hdds-server-scm-1.3.0-SNAPSHOT-tests.jar:/home/runner/.m2/repository/org/apache/ozone/hdds-container-service/1.3.0-SNAPSHOT/hdds-container-service-1.3.0-SNAPSHOT-tests.jar:/home/runner/.m2/repository/commons-codec/commons-codec/1.11/commons-codec-1.11.jar:/home/runner/.m2/repository/io/netty/netty-codec/4.1.79.Final/netty-codec-4.1.79.Final.jar:/home/runner/.m2/repository/io/netty/netty-handler/4.1.79.Final/netty-handler-4.1.79.Final.jar:/home/runner/.m2/repository/org/apache/ozone/hdds-hadoop-dependency-test/1.3.0-SNAPSHOT/hdds-hadoop-dependency-test-1.3.0-SNAPSHOT.jar:/home/runner/.m2/repository/org/apache/hadoop/hadoop-common/3.3.4/hadoop-common-3.3.4-tests.jar:/home/runner/.m2/repository/org/apache/hadoop/hadoop-hdfs/3.3.4/hadoop-hdfs-3.3.4-tests.jar:/home/runner/.m2/repository/org/assertj/assertj-core/3.12.2/assertj-core-3.12.2.jar:/home/runner/.m2/repository/org/apache/hadoop/hadoop-distcp/3.3.4/hadoop-distcp-3.3.4.jar:/home/runner/.m2/repository/org/apache/hadoop/hadoop-mapreduce-client-jobclient/3.3.4/hadoop-mapreduce-client-jobclient-3.3.4.jar:/home/runner/.m2/repository/org/apache/hadoop/hadoop-mapreduce-client-common/3.3.4/hadoop-mapreduce-client-common-3.3.4.jar:/home/runner/.m2/repository/org/apache/hadoop/hadoop-yarn-common/3.3.4/hadoop-yarn-common-3.3.4.jar:/home/runner/.m2/repository/org/apache/hadoop/hadoop-yarn-api/3.3.4/hadoop-yarn-api-3.3.4.jar:/home/runner/.m2/repository/com/sun/jersey/contribs/jersey-guice/1.19/jersey-guice-1.19.jar:/home/runner/.m2/repository/com/fasterxml/jackson/jaxrs/jackson-jaxrs-json-provider/2.13.4/jackson-jaxrs-json-provider-2.13.4.jar:/home/runner/.m2/repository/com/fasterxml/jackson/jaxrs/jackson-jaxrs-base/2.13.4/jackson-jaxrs-base-2.13.4.jar:/home/runner/.m2/repository/org/apache/hadoop/hadoop-yarn-client/3.3.4/hadoop-yarn-client-3.3.4.jar:/home/runner/.m2/repository/org/eclipse/jetty/websocket/websocket-client/9.4.43.v20210629/websocket-client-9.4.43.v20210629.jar:/home/runner/.m2/repository/org/eclipse/jetty/websocket/websocket-common/9.4.43.v20210629/websocket-common-9.4.43.v20210629.jar:/home/runner/.m2/repository/org/eclipse/jetty/websocket/websocket-api/9.4.43.v20210629/websocket-api-9.4.43.v20210629.jar:/home/runner/.m2/repository/org/jline/jline/3.9.0/jline-3.9.0.jar:/home/runner/.m2/repository/org/apache/hadoop/hadoop-mapreduce-client-core/3.3.4/hadoop-mapreduce-client-core-3.3.4.jar:/home/runner/.m2/repository/org/apache/avro/avro/1.7.7/avro-1.7.7.jar:/home/runner/.m2/repository/org/codehaus/jackson/jackson-core-asl/1.9.13/jackson-core-asl-1.9.13.jar:/home/runner/.m2/repository/org/codehaus/jackson/jackson-mapper-asl/1.9.13/jackson-mapper-asl-1.9.13.jar:/home/runner/.m2/repository/com/thoughtworks/paranamer/paranamer/2.3/paranamer-2.3.jar:/home/runner/.m2/repository/org/apache/hadoop/hadoop-annotations/3.3.4/hadoop-annotations-3.3.4.jar:/usr/lib/jvm/temurin-8-jdk-amd64/jre/../lib/tools.jar:/home/runner/.m2/repository/io/netty/netty/3.10.6.Final/netty-3.10.6.Final.jar:/home/runner/.m2/repository/org/apache/hadoop/hadoop-distcp/3.3.4/hadoop-distcp-3.3.4-tests.jar:/home/runner/.m2/repository/org/slf4j/jul-to-slf4j/1.7.36/jul-to-slf4j-1.7.36.jar:/home/runner/.m2/repository/org/apache/ratis/ratis-common/2.3.0/ratis-common-2.3.0.jar:/home/runner/.m2/repository/org/apache/ratis/ratis-thirdparty-misc/1.0.0/ratis-thirdparty-misc-1.0.0.jar:/home/runner/.m2/repository/org/apache/ratis/ratis-proto/2.3.0/ratis-proto-2.3.0.jar:"/>
    <property name="java.vm.vendor" value="Temurin"/>
    <property name="sun.arch.data.model" value="64"/>
    <property name="test.build.dir" value="/home/runner/work/ozone/ozone/hadoop-ozone/integration-test/target/test-dir"/>
    <property name="test.cache.data" value=""/>
    <property name="java.vendor.url" value="https://adoptium.net/"/>
    <property name="user.timezone" value="Etc/UTC"/>
    <property name="java.vm.specification.version" value="1.8"/>
    <property name="os.name" value="Linux"/>
    <property name="test.build.data" value="/home/runner/work/ozone/ozone/hadoop-ozone/integration-test/target/test-dir"/>
    <property name="sun.java.launcher" value="SUN_STANDARD"/>
    <property name="sun.boot.library.path" value="/usr/lib/jvm/temurin-8-jdk-amd64/jre/lib/amd64"/>
    <property name="sun.java.command" value="/home/runner/work/ozone/ozone/hadoop-ozone/integration-test/target/surefire/surefirebooter4609216266285129212.jar /home/runner/work/ozone/ozone/hadoop-ozone/integration-test/target/surefire 2022-10-14T14-32-42_555-jvmRun1 surefire3762895631182564218tmp surefire_22937996491766979482tmp"/>
    <property name="surefire.test.class.path" value="/home/runner/work/ozone/ozone/hadoop-ozone/integration-test/target/test-classes:/home/runner/work/ozone/ozone/hadoop-ozone/integration-test/target/classes:/home/runner/.m2/repository/org/apache/ozone/ozone-common/1.3.0-SNAPSHOT/ozone-common-1.3.0-SNAPSHOT.jar:/home/runner/.m2/repository/io/grpc/grpc-netty/1.48.1/grpc-netty-1.48.1.jar:/home/runner/.m2/repository/io/grpc/grpc-core/1.48.1/grpc-core-1.48.1.jar:/home/runner/.m2/repository/com/google/android/annotations/4.1.1.4/annotations-4.1.1.4.jar:/home/runner/.m2/repository/org/codehaus/mojo/animal-sniffer-annotations/1.21/animal-sniffer-annotations-1.21.jar:/home/runner/.m2/repository/com/google/errorprone/error_prone_annotations/2.2.0/error_prone_annotations-2.2.0.jar:/home/runner/.m2/repository/io/perfmark/perfmark-api/0.25.0/perfmark-api-0.25.0.jar:/home/runner/.m2/repository/io/netty/netty-codec-http2/4.1.79.Final/netty-codec-http2-4.1.79.Final.jar:/home/runner/.m2/repository/io/netty/netty-common/4.1.79.Final/netty-common-4.1.79.Final.jar:/home/runner/.m2/repository/io/netty/netty-buffer/4.1.79.Final/netty-buffer-4.1.79.Final.jar:/home/runner/.m2/repository/io/netty/netty-codec-http/4.1.79.Final/netty-codec-http-4.1.79.Final.jar:/home/runner/.m2/repository/io/netty/netty-handler-proxy/4.1.79.Final/netty-handler-proxy-4.1.79.Final.jar:/home/runner/.m2/repository/io/netty/netty-codec-socks/4.1.79.Final/netty-codec-socks-4.1.79.Final.jar:/home/runner/.m2/repository/io/netty/netty-tcnative-boringssl-static/2.0.53.Final/netty-tcnative-boringssl-static-2.0.53.Final.jar:/home/runner/.m2/repository/io/netty/netty-tcnative-classes/2.0.53.Final/netty-tcnative-classes-2.0.53.Final.jar:/home/runner/.m2/repository/io/netty/netty-tcnative-boringssl-static/2.0.53.Final/netty-tcnative-boringssl-static-2.0.53.Final-linux-x86_64.jar:/home/runner/.m2/repository/io/netty/netty-tcnative-boringssl-static/2.0.53.Final/netty-tcnative-boringssl-static-2.0.53.Final-linux-aarch_64.jar:/home/runner/.m2/repository/io/netty/netty-tcnative-boringssl-static/2.0.53.Final/netty-tcnative-boringssl-static-2.0.53.Final-osx-x86_64.jar:/home/runner/.m2/repository/io/netty/netty-tcnative-boringssl-static/2.0.53.Final/netty-tcnative-boringssl-static-2.0.53.Final-osx-aarch_64.jar:/home/runner/.m2/repository/io/netty/netty-tcnative-boringssl-static/2.0.53.Final/netty-tcnative-boringssl-static-2.0.53.Final-windows-x86_64.jar:/home/runner/.m2/repository/org/apache/commons/commons-compress/1.21/commons-compress-1.21.jar:/home/runner/.m2/repository/org/apache/ozone/hdds-common/1.3.0-SNAPSHOT/hdds-common-1.3.0-SNAPSHOT.jar:/home/runner/.m2/repository/org/apache/ozone/hdds-client/1.3.0-SNAPSHOT/hdds-client-1.3.0-SNAPSHOT.jar:/home/runner/.m2/repository/org/apache/ozone/ozone-interface-client/1.3.0-SNAPSHOT/ozone-interface-client-1.3.0-SNAPSHOT.jar:/home/runner/.m2/repository/org/apache/ozone/hdds-test-utils/1.3.0-SNAPSHOT/hdds-test-utils-1.3.0-SNAPSHOT.jar:/home/runner/.m2/repository/com/google/guava/guava/31.1-jre/guava-31.1-jre.jar:/home/runner/.m2/repository/com/google/guava/failureaccess/1.0.1/failureaccess-1.0.1.jar:/home/runner/.m2/repository/com/google/guava/listenablefuture/9999.0-empty-to-avoid-conflict-with-guava/listenablefuture-9999.0-empty-to-avoid-conflict-with-guava.jar:/home/runner/.m2/repository/com/google/code/findbugs/jsr305/3.0.0/jsr305-3.0.0.jar:/home/runner/.m2/repository/org/checkerframework/checker-qual/3.12.0/checker-qual-3.12.0.jar:/home/runner/.m2/repository/com/google/j2objc/j2objc-annotations/1.3/j2objc-annotations-1.3.jar:/home/runner/.m2/repository/commons-io/commons-io/2.11.0/commons-io-2.11.0.jar:/home/runner/.m2/repository/commons-logging/commons-logging/1.2/commons-logging-1.2.jar:/home/runner/.m2/repository/ch/qos/reload4j/reload4j/1.2.22/reload4j-1.2.22.jar:/home/runner/.m2/repository/org/slf4j/slf4j-api/1.7.36/slf4j-api-1.7.36.jar:/home/runner/.m2/repository/org/apache/ozone/hdds-server-scm/1.3.0-SNAPSHOT/hdds-server-scm-1.3.0-SNAPSHOT.jar:/home/runner/.m2/repository/org/apache/ozone/hdds-container-service/1.3.0-SNAPSHOT/hdds-container-service-1.3.0-SNAPSHOT.jar:/home/runner/.m2/repository/org/apache/ozone/hdds-hadoop-dependency-server/1.3.0-SNAPSHOT/hdds-hadoop-dependency-server-1.3.0-SNAPSHOT.jar:/home/runner/.m2/repository/org/apache/hadoop/hadoop-hdfs/3.3.4/hadoop-hdfs-3.3.4.jar:/home/runner/.m2/repository/org/eclipse/jetty/jetty-util-ajax/9.4.43.v20210629/jetty-util-ajax-9.4.43.v20210629.jar:/home/runner/.m2/repository/commons-daemon/commons-daemon/1.0.13/commons-daemon-1.0.13.jar:/home/runner/.m2/repository/org/apache/ozone/hdds-server-framework/1.3.0-SNAPSHOT/hdds-server-framework-1.3.0-SNAPSHOT.jar:/home/runner/.m2/repository/org/apache/ozone/hdds-interface-server/1.3.0-SNAPSHOT/hdds-interface-server-1.3.0-SNAPSHOT.jar:/home/runner/.m2/repository/org/apache/logging/log4j/log4j-core/2.17.1/log4j-core-2.17.1.jar:/home/runner/.m2/repository/com/lmax/disruptor/3.4.2/disruptor-3.4.2.jar:/home/runner/.m2/repository/org/eclipse/jetty/jetty-servlet/9.4.43.v20210629/jetty-servlet-9.4.43.v20210629.jar:/home/runner/.m2/repository/org/eclipse/jetty/jetty-security/9.4.43.v20210629/jetty-security-9.4.43.v20210629.jar:/home/runner/.m2/repository/org/rocksdb/rocksdbjni/7.4.5/rocksdbjni-7.4.5.jar:/home/runner/.m2/repository/io/prometheus/simpleclient_dropwizard/0.7.0/simpleclient_dropwizard-0.7.0.jar:/home/runner/.m2/repository/io/prometheus/simpleclient/0.7.0/simpleclient-0.7.0.jar:/home/runner/.m2/repository/io/prometheus/simpleclient_common/0.7.0/simpleclient_common-0.7.0.jar:/home/runner/.m2/repository/io/dropwizard/metrics/metrics-core/3.2.4/metrics-core-3.2.4.jar:/home/runner/.m2/repository/org/apache/hadoop/hadoop-hdfs-client/3.3.4/hadoop-hdfs-client-3.3.4.jar:/home/runner/.m2/repository/com/squareup/okhttp3/okhttp/4.9.3/okhttp-4.9.3.jar:/home/runner/.m2/repository/com/squareup/okio/okio/2.8.0/okio-2.8.0.jar:/home/runner/.m2/repository/org/jetbrains/kotlin/kotlin-stdlib-common/1.4.10/kotlin-stdlib-common-1.4.10.jar:/home/runner/.m2/repository/org/bouncycastle/bcprov-jdk15on/1.67/bcprov-jdk15on-1.67.jar:/home/runner/.m2/repository/com/google/protobuf/protobuf-java/2.5.0/protobuf-java-2.5.0.jar:/home/runner/.m2/repository/org/apache/ozone/ozone-manager/1.3.0-SNAPSHOT/ozone-manager-1.3.0-SNAPSHOT.jar:/home/runner/.m2/repository/org/aspectj/aspectjrt/1.9.7/aspectjrt-1.9.7.jar:/home/runner/.m2/repository/org/aspectj/aspectjweaver/1.9.7/aspectjweaver-1.9.7.jar:/home/runner/.m2/repository/org/apache/ozone/hdds-interface-client/1.3.0-SNAPSHOT/hdds-interface-client-1.3.0-SNAPSHOT.jar:/home/runner/.m2/repository/org/apache/hadoop/thirdparty/hadoop-shaded-protobuf_3_7/1.1.1/hadoop-shaded-protobuf_3_7-1.1.1.jar:/home/runner/.m2/repository/org/apache/ozone/ozone-interface-storage/1.3.0-SNAPSHOT/ozone-interface-storage-1.3.0-SNAPSHOT.jar:/home/runner/.m2/repository/org/reflections/reflections/0.9.11/reflections-0.9.11.jar:/home/runner/.m2/repository/com/sun/jersey/jersey-client/1.19/jersey-client-1.19.jar:/home/runner/.m2/repository/org/apache/ranger/ranger-intg/2.3.0/ranger-intg-2.3.0.jar:/home/runner/.m2/repository/org/apache/ranger/ranger-plugins-common/2.3.0/ranger-plugins-common-2.3.0.jar:/home/runner/.m2/repository/commons-lang/commons-lang/2.6/commons-lang-2.6.jar:/home/runner/.m2/repository/org/codehaus/jackson/jackson-jaxrs/1.9.13/jackson-jaxrs-1.9.13.jar:/home/runner/.m2/repository/org/apache/ranger/ranger-plugins-cred/2.3.0/ranger-plugins-cred-2.3.0.jar:/home/runner/.m2/repository/org/apache/ranger/ranger-plugins-audit/2.3.0/ranger-plugins-audit-2.3.0.jar:/home/runner/.m2/repository/org/eclipse/jetty/jetty-client/9.4.31.v20200723/jetty-client-9.4.31.v20200723.jar:/home/runner/.m2/repository/org/apache/httpcomponents/httpmime/4.5.6/httpmime-4.5.6.jar:/home/runner/.m2/repository/org/apache/httpcomponents/httpcore-nio/4.4.6/httpcore-nio-4.4.6.jar:/home/runner/.m2/repository/org/apache/httpcomponents/httpasyncclient/4.1.3/httpasyncclient-4.1.3.jar:/home/runner/.m2/repository/com/carrotsearch/hppc/0.8.0/hppc-0.8.0.jar:/home/runner/.m2/repository/org/apache/orc/orc-core/1.5.8/orc-core-1.5.8.jar:/home/runner/.m2/repository/net/java/dev/jna/jna/5.2.0/jna-5.2.0.jar:/home/runner/.m2/repository/net/java/dev/jna/jna-platform/5.2.0/jna-platform-5.2.0.jar:/home/runner/.m2/repository/com/kstruct/gethostname4j/0.0.2/gethostname4j-0.0.2.jar:/home/runner/.m2/repository/org/apache/ranger/ranger-plugin-classloader/2.3.0/ranger-plugin-classloader-2.3.0.jar:/home/runner/.m2/repository/org/apache/hadoop/hadoop-minikdc/3.3.4/hadoop-minikdc-3.3.4.jar:/home/runner/.m2/repository/org/apache/kerby/kerb-simplekdc/1.0.1/kerb-simplekdc-1.0.1.jar:/home/runner/.m2/repository/org/apache/kerby/kerb-client/1.0.1/kerb-client-1.0.1.jar:/home/runner/.m2/repository/org/apache/kerby/kerby-config/1.0.1/kerby-config-1.0.1.jar:/home/runner/.m2/repository/org/apache/kerby/kerb-common/1.0.1/kerb-common-1.0.1.jar:/home/runner/.m2/repository/org/apache/kerby/kerb-crypto/1.0.1/kerb-crypto-1.0.1.jar:/home/runner/.m2/repository/org/apache/kerby/kerb-util/1.0.1/kerb-util-1.0.1.jar:/home/runner/.m2/repository/org/apache/kerby/token-provider/1.0.1/token-provider-1.0.1.jar:/home/runner/.m2/repository/org/apache/kerby/kerb-admin/1.0.1/kerb-admin-1.0.1.jar:/home/runner/.m2/repository/org/apache/kerby/kerb-server/1.0.1/kerb-server-1.0.1.jar:/home/runner/.m2/repository/org/apache/kerby/kerb-identity/1.0.1/kerb-identity-1.0.1.jar:/home/runner/.m2/repository/org/apache/kerby/kerby-xdr/1.0.1/kerby-xdr-1.0.1.jar:/home/runner/.m2/repository/org/apache/ozone/ozone-s3gateway/1.3.0-SNAPSHOT/ozone-s3gateway-1.3.0-SNAPSHOT.jar:/home/runner/.m2/repository/org/javassist/javassist/3.21.0-GA/javassist-3.21.0-GA.jar:/home/runner/.m2/repository/org/jboss/weld/servlet/weld-servlet/2.4.7.Final/weld-servlet-2.4.7.Final.jar:/home/runner/.m2/repository/org/glassfish/jersey/containers/jersey-container-servlet-core/2.34/jersey-container-servlet-core-2.34.jar:/home/runner/.m2/repository/org/glassfish/hk2/external/jakarta.inject/2.6.1/jakarta.inject-2.6.1.jar:/home/runner/.m2/repository/org/glassfish/jersey/core/jersey-common/2.34/jersey-common-2.34.jar:/home/runner/.m2/repository/jakarta/ws/rs/jakarta.ws.rs-api/2.1.6/jakarta.ws.rs-api-2.1.6.jar:/home/runner/.m2/repository/org/glassfish/jersey/ext/cdi/jersey-cdi1x/2.34/jersey-cdi1x-2.34.jar:/home/runner/.m2/repository/org/glassfish/jersey/inject/jersey-hk2/2.34/jersey-hk2-2.34.jar:/home/runner/.m2/repository/org/glassfish/hk2/hk2-locator/2.6.1/hk2-locator-2.6.1.jar:/home/runner/.m2/repository/org/glassfish/jersey/media/jersey-media-jaxb/2.34/jersey-media-jaxb-2.34.jar:/home/runner/.m2/repository/org/glassfish/hk2/osgi-resource-locator/1.0.3/osgi-resource-locator-1.0.3.jar:/home/runner/.m2/repository/org/glassfish/hk2/hk2-api/2.5.0/hk2-api-2.5.0.jar:/home/runner/.m2/repository/org/glassfish/hk2/hk2-utils/2.5.0/hk2-utils-2.5.0.jar:/home/runner/.m2/repository/org/glassfish/hk2/external/aopalliance-repackaged/2.5.0/aopalliance-repackaged-2.5.0.jar:/home/runner/.m2/repository/com/fasterxml/jackson/dataformat/jackson-dataformat-xml/2.13.4/jackson-dataformat-xml-2.13.4.jar:/home/runner/.m2/repository/com/fasterxml/jackson/core/jackson-core/2.13.4/jackson-core-2.13.4.jar:/home/runner/.m2/repository/org/codehaus/woodstox/stax2-api/3.1.4/stax2-api-3.1.4.jar:/home/runner/.m2/repository/com/fasterxml/woodstox/woodstox-core/5.0.3/woodstox-core-5.0.3.jar:/home/runner/.m2/repository/com/fasterxml/jackson/module/jackson-module-jaxb-annotations/2.13.4/jackson-module-jaxb-annotations-2.13.4.jar:/home/runner/.m2/repository/jakarta/xml/bind/jakarta.xml.bind-api/2.3.3/jakarta.xml.bind-api-2.3.3.jar:/home/runner/.m2/repository/jakarta/activation/jakarta.activation-api/1.2.1/jakarta.activation-api-1.2.1.jar:/home/runner/.m2/repository/javax/enterprise/cdi-api/1.2/cdi-api-1.2.jar:/home/runner/.m2/repository/javax/el/javax.el-api/3.0.0/javax.el-api-3.0.0.jar:/home/runner/.m2/repository/javax/interceptor/javax.interceptor-api/1.2/javax.interceptor-api-1.2.jar:/home/runner/.m2/repository/javax/inject/javax.inject/1/javax.inject-1.jar:/home/runner/.m2/repository/javax/xml/bind/jaxb-api/2.3.0/jaxb-api-2.3.0.jar:/home/runner/.m2/repository/org/glassfish/jaxb/jaxb-runtime/2.3.0.1/jaxb-runtime-2.3.0.1.jar:/home/runner/.m2/repository/org/glassfish/jaxb/jaxb-core/2.3.0.1/jaxb-core-2.3.0.1.jar:/home/runner/.m2/repository/org/glassfish/jaxb/txw2/2.3.0.1/txw2-2.3.0.1.jar:/home/runner/.m2/repository/com/sun/istack/istack-commons-runtime/3.0.5/istack-commons-runtime-3.0.5.jar:/home/runner/.m2/repository/org/jvnet/staxex/stax-ex/1.7.8/stax-ex-1.7.8.jar:/home/runner/.m2/repository/com/sun/xml/fastinfoset/FastInfoset/1.2.13/FastInfoset-1.2.13.jar:/home/runner/.m2/repository/javax/activation/activation/1.1.1/activation-1.1.1.jar:/home/runner/.m2/repository/io/grpc/grpc-protobuf/1.48.1/grpc-protobuf-1.48.1.jar:/home/runner/.m2/repository/io/grpc/grpc-api/1.48.1/grpc-api-1.48.1.jar:/home/runner/.m2/repository/io/grpc/grpc-context/1.48.1/grpc-context-1.48.1.jar:/home/runner/.m2/repository/com/google/api/grpc/proto-google-common-protos/2.9.0/proto-google-common-protos-2.9.0.jar:/home/runner/.m2/repository/io/grpc/grpc-protobuf-lite/1.48.1/grpc-protobuf-lite-1.48.1.jar:/home/runner/.m2/repository/io/grpc/grpc-stub/1.48.1/grpc-stub-1.48.1.jar:/home/runner/.m2/repository/io/netty/netty-transport/4.1.79.Final/netty-transport-4.1.79.Final.jar:/home/runner/.m2/repository/io/netty/netty-resolver/4.1.79.Final/netty-resolver-4.1.79.Final.jar:/home/runner/.m2/repository/org/apache/ozone/ozone-csi/1.3.0-SNAPSHOT/ozone-csi-1.3.0-SNAPSHOT.jar:/home/runner/.m2/repository/com/google/protobuf/protobuf-java-util/3.19.2/protobuf-java-util-3.19.2.jar:/home/runner/.m2/repository/com/google/code/gson/gson/2.9.0/gson-2.9.0.jar:/home/runner/.m2/repository/org/apache/ozone/hdds-config/1.3.0-SNAPSHOT/hdds-config-1.3.0-SNAPSHOT.jar:/home/runner/.m2/repository/io/netty/netty-transport-native-epoll/4.1.79.Final/netty-transport-native-epoll-4.1.79.Final-linux-x86_64.jar:/home/runner/.m2/repository/io/netty/netty-transport-classes-epoll/4.1.79.Final/netty-transport-classes-epoll-4.1.79.Final.jar:/home/runner/.m2/repository/io/netty/netty-transport-native-unix-common/4.1.79.Final/netty-transport-native-unix-common-4.1.79.Final.jar:/home/runner/.m2/repository/org/slf4j/slf4j-reload4j/1.7.36/slf4j-reload4j-1.7.36.jar:/home/runner/.m2/repository/org/apache/ozone/ozone-recon/1.3.0-SNAPSHOT/ozone-recon-1.3.0-SNAPSHOT.jar:/home/runner/.m2/repository/org/apache/ozone/ozone-reconcodegen/1.3.0-SNAPSHOT/ozone-reconcodegen-1.3.0-SNAPSHOT.jar:/home/runner/.m2/repository/com/google/inject/extensions/guice-multibindings/4.0/guice-multibindings-4.0.jar:/home/runner/.m2/repository/com/google/inject/guice/4.0/guice-4.0.jar:/home/runner/.m2/repository/aopalliance/aopalliance/1.0/aopalliance-1.0.jar:/home/runner/.m2/repository/com/google/inject/extensions/guice-assistedinject/4.0/guice-assistedinject-4.0.jar:/home/runner/.m2/repository/com/google/inject/extensions/guice-servlet/4.0/guice-servlet-4.0.jar:/home/runner/.m2/repository/org/glassfish/jersey/containers/jersey-container-servlet/2.34/jersey-container-servlet-2.34.jar:/home/runner/.m2/repository/org/glassfish/hk2/guice-bridge/2.5.0/guice-bridge-2.5.0.jar:/home/runner/.m2/repository/org/glassfish/jersey/core/jersey-server/2.34/jersey-server-2.34.jar:/home/runner/.m2/repository/org/glassfish/jersey/core/jersey-client/2.34/jersey-client-2.34.jar:/home/runner/.m2/repository/jakarta/annotation/jakarta.annotation-api/1.3.5/jakarta.annotation-api-1.3.5.jar:/home/runner/.m2/repository/jakarta/validation/jakarta.validation-api/2.0.2/jakarta.validation-api-2.0.2.jar:/home/runner/.m2/repository/org/glassfish/jersey/media/jersey-media-json-jackson/2.34/jersey-media-json-jackson-2.34.jar:/home/runner/.m2/repository/org/glassfish/jersey/ext/jersey-entity-filtering/2.34/jersey-entity-filtering-2.34.jar:/home/runner/.m2/repository/org/jooq/jooq/3.11.10/jooq-3.11.10.jar:/home/runner/.m2/repository/org/jooq/jooq-meta/3.11.10/jooq-meta-3.11.10.jar:/home/runner/.m2/repository/org/jooq/jooq-codegen/3.11.10/jooq-codegen-3.11.10.jar:/home/runner/.m2/repository/com/jolbox/bonecp/0.8.0.RELEASE/bonecp-0.8.0.RELEASE.jar:/home/runner/.m2/repository/org/apache/derby/derby/10.14.2.0/derby-10.14.2.0.jar:/home/runner/.m2/repository/org/xerial/sqlite-jdbc/3.25.2/sqlite-jdbc-3.25.2.jar:/home/runner/.m2/repository/org/springframework/spring-jdbc/5.2.20.RELEASE/spring-jdbc-5.2.20.RELEASE.jar:/home/runner/.m2/repository/org/springframework/spring-beans/5.2.20.RELEASE/spring-beans-5.2.20.RELEASE.jar:/home/runner/.m2/repository/org/springframework/spring-core/5.2.20.RELEASE/spring-core-5.2.20.RELEASE.jar:/home/runner/.m2/repository/org/springframework/spring-jcl/5.2.20.RELEASE/spring-jcl-5.2.20.RELEASE.jar:/home/runner/.m2/repository/org/springframework/spring-tx/5.2.20.RELEASE/spring-tx-5.2.20.RELEASE.jar:/home/runner/.m2/repository/org/apache/ozone/ozone-client/1.3.0-SNAPSHOT/ozone-client-1.3.0-SNAPSHOT.jar:/home/runner/.m2/repository/org/apache/ozone/hdds-erasurecode/1.3.0-SNAPSHOT/hdds-erasurecode-1.3.0-SNAPSHOT.jar:/home/runner/.m2/repository/com/github/spotbugs/spotbugs-annotations/3.1.12/spotbugs-annotations-3.1.12.jar:/home/runner/.m2/repository/org/apache/ozone/ozone-filesystem/1.3.0-SNAPSHOT/ozone-filesystem-1.3.0-SNAPSHOT.jar:/home/runner/.m2/repository/org/apache/ozone/ozone-filesystem-common/1.3.0-SNAPSHOT/ozone-filesystem-common-1.3.0-SNAPSHOT.jar:/home/runner/.m2/repository/org/apache/ozone/ozone-tools/1.3.0-SNAPSHOT/ozone-tools-1.3.0-SNAPSHOT.jar:/home/runner/.m2/repository/org/apache/ratis/ratis-tools/2.3.0/ratis-tools-2.3.0.jar:/home/runner/.m2/repository/com/amazonaws/aws-java-sdk-core/1.12.261/aws-java-sdk-core-1.12.261.jar:/home/runner/.m2/repository/org/apache/httpcomponents/httpclient/4.5.13/httpclient-4.5.13.jar:/home/runner/.m2/repository/org/apache/httpcomponents/httpcore/4.4.13/httpcore-4.4.13.jar:/home/runner/.m2/repository/software/amazon/ion/ion-java/1.0.2/ion-java-1.0.2.jar:/home/runner/.m2/repository/com/fasterxml/jackson/dataformat/jackson-dataformat-cbor/2.13.4/jackson-dataformat-cbor-2.13.4.jar:/home/runner/.m2/repository/joda-time/joda-time/2.8.1/joda-time-2.8.1.jar:/home/runner/.m2/repository/com/amazonaws/aws-java-sdk-s3/1.12.261/aws-java-sdk-s3-1.12.261.jar:/home/runner/.m2/repository/com/amazonaws/aws-java-sdk-kms/1.12.261/aws-java-sdk-kms-1.12.261.jar:/home/runner/.m2/repository/com/amazonaws/jmespath-java/1.12.261/jmespath-java-1.12.261.jar:/home/runner/.m2/repository/org/kohsuke/metainf-services/metainf-services/1.8/metainf-services-1.8.jar:/home/runner/.m2/repository/org/apache/ozone/hdds-tools/1.3.0-SNAPSHOT/hdds-tools-1.3.0-SNAPSHOT.jar:/home/runner/.m2/repository/commons-cli/commons-cli/1.2/commons-cli-1.2.jar:/home/runner/.m2/repository/org/apache/commons/commons-lang3/3.7/commons-lang3-3.7.jar:/home/runner/.m2/repository/org/apache/ozone/ozone-manager/1.3.0-SNAPSHOT/ozone-manager-1.3.0-SNAPSHOT-tests.jar:/home/runner/.m2/repository/org/apache/ozone/hdds-common/1.3.0-SNAPSHOT/hdds-common-1.3.0-SNAPSHOT-tests.jar:/home/runner/.m2/repository/org/apache/ozone/hdds-hadoop-dependency-client/1.3.0-SNAPSHOT/hdds-hadoop-dependency-client-1.3.0-SNAPSHOT.jar:/home/runner/.m2/repository/info/picocli/picocli/4.6.1/picocli-4.6.1.jar:/home/runner/.m2/repository/com/fasterxml/jackson/core/jackson-annotations/2.13.4/jackson-annotations-2.13.4.jar:/home/runner/.m2/repository/com/fasterxml/jackson/datatype/jackson-datatype-jsr310/2.13.4/jackson-datatype-jsr310-2.13.4.jar:/home/runner/.m2/repository/org/apache/ozone/hdds-annotation-processing/1.3.0-SNAPSHOT/hdds-annotation-processing-1.3.0-SNAPSHOT.jar:/home/runner/.m2/repository/javax/annotation/javax.annotation-api/1.2/javax.annotation-api-1.2.jar:/home/runner/.m2/repository/org/apache/ratis/ratis-server/2.3.0/ratis-server-2.3.0.jar:/home/runner/.m2/repository/org/apache/ratis/ratis-client/2.3.0/ratis-client-2.3.0.jar:/home/runner/.m2/repository/org/apache/ratis/ratis-server-api/2.3.0/ratis-server-api-2.3.0.jar:/home/runner/.m2/repository/org/apache/ratis/ratis-metrics/2.3.0/ratis-metrics-2.3.0.jar:/home/runner/.m2/repository/org/apache/ratis/ratis-netty/2.3.0/ratis-netty-2.3.0.jar:/home/runner/.m2/repository/org/apache/ratis/ratis-grpc/2.3.0/ratis-grpc-2.3.0.jar:/home/runner/.m2/repository/org/apache/logging/log4j/log4j-api/2.17.1/log4j-api-2.17.1.jar:/home/runner/.m2/repository/org/apache/commons/commons-pool2/2.6.0/commons-pool2-2.6.0.jar:/home/runner/.m2/repository/org/bouncycastle/bcpkix-jdk15on/1.67/bcpkix-jdk15on-1.67.jar:/home/runner/.m2/repository/commons-validator/commons-validator/1.6/commons-validator-1.6.jar:/home/runner/.m2/repository/commons-beanutils/commons-beanutils/1.9.4/commons-beanutils-1.9.4.jar:/home/runner/.m2/repository/commons-digester/commons-digester/1.8.1/commons-digester-1.8.1.jar:/home/runner/.m2/repository/commons-collections/commons-collections/3.2.2/commons-collections-3.2.2.jar:/home/runner/.m2/repository/io/jaegertracing/jaeger-client/1.6.0/jaeger-client-1.6.0.jar:/home/runner/.m2/repository/io/jaegertracing/jaeger-thrift/1.6.0/jaeger-thrift-1.6.0.jar:/home/runner/.m2/repository/org/apache/thrift/libthrift/0.14.1/libthrift-0.14.1.jar:/home/runner/.m2/repository/io/jaegertracing/jaeger-core/1.6.0/jaeger-core-1.6.0.jar:/home/runner/.m2/repository/io/jaegertracing/jaeger-tracerresolver/1.6.0/jaeger-tracerresolver-1.6.0.jar:/home/runner/.m2/repository/io/opentracing/contrib/opentracing-tracerresolver/0.1.8/opentracing-tracerresolver-0.1.8.jar:/home/runner/.m2/repository/org/jetbrains/kotlin/kotlin-stdlib/1.6.21/kotlin-stdlib-1.6.21.jar:/home/runner/.m2/repository/org/jetbrains/annotations/13.0/annotations-13.0.jar:/home/runner/.m2/repository/io/opentracing/opentracing-util/0.33.0/opentracing-util-0.33.0.jar:/home/runner/.m2/repository/io/opentracing/opentracing-api/0.33.0/opentracing-api-0.33.0.jar:/home/runner/.m2/repository/io/opentracing/opentracing-noop/0.33.0/opentracing-noop-0.33.0.jar:/home/runner/.m2/repository/org/yaml/snakeyaml/1.32/snakeyaml-1.32.jar:/home/runner/.m2/repository/org/apache/ozone/hdds-interface-admin/1.3.0-SNAPSHOT/hdds-interface-admin-1.3.0-SNAPSHOT.jar:/home/runner/.m2/repository/junit/junit/4.13.1/junit-4.13.1.jar:/home/runner/.m2/repository/org/hamcrest/hamcrest-core/1.3/hamcrest-core-1.3.jar:/home/runner/.m2/repository/org/junit/jupiter/junit-jupiter-api/5.8.2/junit-jupiter-api-5.8.2.jar:/home/runner/.m2/repository/org/opentest4j/opentest4j/1.2.0/opentest4j-1.2.0.jar:/home/runner/.m2/repository/org/junit/platform/junit-platform-commons/1.8.2/junit-platform-commons-1.8.2.jar:/home/runner/.m2/repository/org/apiguardian/apiguardian-api/1.1.2/apiguardian-api-1.1.2.jar:/home/runner/.m2/repository/org/junit/jupiter/junit-jupiter-params/5.8.2/junit-jupiter-params-5.8.2.jar:/home/runner/.m2/repository/org/junit/jupiter/junit-jupiter-migrationsupport/5.8.2/junit-jupiter-migrationsupport-5.8.2.jar:/home/runner/.m2/repository/org/junit/jupiter/junit-jupiter-engine/5.8.2/junit-jupiter-engine-5.8.2.jar:/home/runner/.m2/repository/org/junit/platform/junit-platform-engine/1.8.2/junit-platform-engine-1.8.2.jar:/home/runner/.m2/repository/org/junit/vintage/junit-vintage-engine/5.8.2/junit-vintage-engine-5.8.2.jar:/home/runner/.m2/repository/org/junit/platform/junit-platform-launcher/1.8.2/junit-platform-launcher-1.8.2.jar:/home/runner/.m2/repository/org/mockito/mockito-core/2.28.2/mockito-core-2.28.2.jar:/home/runner/.m2/repository/net/bytebuddy/byte-buddy/1.9.10/byte-buddy-1.9.10.jar:/home/runner/.m2/repository/net/bytebuddy/byte-buddy-agent/1.9.10/byte-buddy-agent-1.9.10.jar:/home/runner/.m2/repository/org/objenesis/objenesis/1.0/objenesis-1.0.jar:/home/runner/.m2/repository/org/apache/hadoop/hadoop-kms/3.3.4/hadoop-kms-3.3.4.jar:/home/runner/.m2/repository/org/apache/hadoop/hadoop-auth/3.3.4/hadoop-auth-3.3.4.jar:/home/runner/.m2/repository/com/nimbusds/nimbus-jose-jwt/7.9/nimbus-jose-jwt-7.9.jar:/home/runner/.m2/repository/com/github/stephenc/jcip/jcip-annotations/1.0-1/jcip-annotations-1.0-1.jar:/home/runner/.m2/repository/net/minidev/json-smart/2.4.7/json-smart-2.4.7.jar:/home/runner/.m2/repository/net/minidev/accessors-smart/2.4.7/accessors-smart-2.4.7.jar:/home/runner/.m2/repository/org/ow2/asm/asm/5.0.4/asm-5.0.4.jar:/home/runner/.m2/repository/org/apache/zookeeper/zookeeper/3.5.6/zookeeper-3.5.6.jar:/home/runner/.m2/repository/org/apache/zookeeper/zookeeper-jute/3.5.6/zookeeper-jute-3.5.6.jar:/home/runner/.m2/repository/org/apache/yetus/audience-annotations/0.5.0/audience-annotations-0.5.0.jar:/home/runner/.m2/repository/org/apache/curator/curator-framework/4.2.0/curator-framework-4.2.0.jar:/home/runner/.m2/repository/org/apache/hadoop/thirdparty/hadoop-shaded-guava/1.1.1/hadoop-shaded-guava-1.1.1.jar:/home/runner/.m2/repository/com/sun/jersey/jersey-core/1.19/jersey-core-1.19.jar:/home/runner/.m2/repository/javax/ws/rs/jsr311-api/1.1.1/jsr311-api-1.1.1.jar:/home/runner/.m2/repository/com/sun/jersey/jersey-server/1.19/jersey-server-1.19.jar:/home/runner/.m2/repository/javax/servlet/javax.servlet-api/3.1.0/javax.servlet-api-3.1.0.jar:/home/runner/.m2/repository/org/eclipse/jetty/jetty-server/9.4.43.v20210629/jetty-server-9.4.43.v20210629.jar:/home/runner/.m2/repository/org/eclipse/jetty/jetty-http/9.4.43.v20210629/jetty-http-9.4.43.v20210629.jar:/home/runner/.m2/repository/org/eclipse/jetty/jetty-io/9.4.43.v20210629/jetty-io-9.4.43.v20210629.jar:/home/runner/.m2/repository/org/eclipse/jetty/jetty-webapp/9.4.43.v20210629/jetty-webapp-9.4.43.v20210629.jar:/home/runner/.m2/repository/org/eclipse/jetty/jetty-xml/9.4.43.v20210629/jetty-xml-9.4.43.v20210629.jar:/home/runner/.m2/repository/org/apache/hadoop/hadoop-common/3.3.4/hadoop-common-3.3.4.jar:/home/runner/.m2/repository/org/apache/commons/commons-math3/3.1.1/commons-math3-3.1.1.jar:/home/runner/.m2/repository/commons-net/commons-net/3.6/commons-net-3.6.jar:/home/runner/.m2/repository/com/sun/jersey/jersey-servlet/1.19/jersey-servlet-1.19.jar:/home/runner/.m2/repository/com/sun/jersey/jersey-json/1.19/jersey-json-1.19.jar:/home/runner/.m2/repository/org/codehaus/jettison/jettison/1.1/jettison-1.1.jar:/home/runner/.m2/repository/com/sun/xml/bind/jaxb-impl/2.2.3-1/jaxb-impl-2.2.3-1.jar:/home/runner/.m2/repository/org/codehaus/jackson/jackson-xc/1.9.2/jackson-xc-1.9.2.jar:/home/runner/.m2/repository/org/apache/commons/commons-configuration2/2.1.1/commons-configuration2-2.1.1.jar:/home/runner/.m2/repository/org/apache/commons/commons-text/1.4/commons-text-1.4.jar:/home/runner/.m2/repository/com/google/re2j/re2j/1.1/re2j-1.1.jar:/home/runner/.m2/repository/com/jcraft/jsch/0.1.54/jsch-0.1.54.jar:/home/runner/.m2/repository/org/apache/curator/curator-client/4.2.0/curator-client-4.2.0.jar:/home/runner/.m2/repository/org/apache/curator/curator-recipes/4.2.0/curator-recipes-4.2.0.jar:/home/runner/.m2/repository/org/apache/kerby/kerb-core/1.0.1/kerb-core-1.0.1.jar:/home/runner/.m2/repository/org/apache/kerby/kerby-pkix/1.0.1/kerby-pkix-1.0.1.jar:/home/runner/.m2/repository/org/apache/kerby/kerby-asn1/1.0.1/kerby-asn1-1.0.1.jar:/home/runner/.m2/repository/org/apache/kerby/kerby-util/1.0.1/kerby-util-1.0.1.jar:/home/runner/.m2/repository/dnsjava/dnsjava/2.1.7/dnsjava-2.1.7.jar:/home/runner/.m2/repository/org/xerial/snappy/snappy-java/1.1.8.2/snappy-java-1.1.8.2.jar:/home/runner/.m2/repository/org/eclipse/jetty/jetty-util/9.4.43.v20210629/jetty-util-9.4.43.v20210629.jar:/home/runner/.m2/repository/com/fasterxml/jackson/core/jackson-databind/2.13.4/jackson-databind-2.13.4.jar:/home/runner/.m2/repository/org/apache/hadoop/hadoop-kms/3.3.4/hadoop-kms-3.3.4-tests.jar:/home/runner/.m2/repository/org/apache/ozone/hdds-server-scm/1.3.0-SNAPSHOT/hdds-server-scm-1.3.0-SNAPSHOT-tests.jar:/home/runner/.m2/repository/org/apache/ozone/hdds-container-service/1.3.0-SNAPSHOT/hdds-container-service-1.3.0-SNAPSHOT-tests.jar:/home/runner/.m2/repository/commons-codec/commons-codec/1.11/commons-codec-1.11.jar:/home/runner/.m2/repository/io/netty/netty-codec/4.1.79.Final/netty-codec-4.1.79.Final.jar:/home/runner/.m2/repository/io/netty/netty-handler/4.1.79.Final/netty-handler-4.1.79.Final.jar:/home/runner/.m2/repository/org/apache/ozone/hdds-hadoop-dependency-test/1.3.0-SNAPSHOT/hdds-hadoop-dependency-test-1.3.0-SNAPSHOT.jar:/home/runner/.m2/repository/org/apache/hadoop/hadoop-common/3.3.4/hadoop-common-3.3.4-tests.jar:/home/runner/.m2/repository/org/apache/hadoop/hadoop-hdfs/3.3.4/hadoop-hdfs-3.3.4-tests.jar:/home/runner/.m2/repository/org/assertj/assertj-core/3.12.2/assertj-core-3.12.2.jar:/home/runner/.m2/repository/org/apache/hadoop/hadoop-distcp/3.3.4/hadoop-distcp-3.3.4.jar:/home/runner/.m2/repository/org/apache/hadoop/hadoop-mapreduce-client-jobclient/3.3.4/hadoop-mapreduce-client-jobclient-3.3.4.jar:/home/runner/.m2/repository/org/apache/hadoop/hadoop-mapreduce-client-common/3.3.4/hadoop-mapreduce-client-common-3.3.4.jar:/home/runner/.m2/repository/org/apache/hadoop/hadoop-yarn-common/3.3.4/hadoop-yarn-common-3.3.4.jar:/home/runner/.m2/repository/org/apache/hadoop/hadoop-yarn-api/3.3.4/hadoop-yarn-api-3.3.4.jar:/home/runner/.m2/repository/com/sun/jersey/contribs/jersey-guice/1.19/jersey-guice-1.19.jar:/home/runner/.m2/repository/com/fasterxml/jackson/jaxrs/jackson-jaxrs-json-provider/2.13.4/jackson-jaxrs-json-provider-2.13.4.jar:/home/runner/.m2/repository/com/fasterxml/jackson/jaxrs/jackson-jaxrs-base/2.13.4/jackson-jaxrs-base-2.13.4.jar:/home/runner/.m2/repository/org/apache/hadoop/hadoop-yarn-client/3.3.4/hadoop-yarn-client-3.3.4.jar:/home/runner/.m2/repository/org/eclipse/jetty/websocket/websocket-client/9.4.43.v20210629/websocket-client-9.4.43.v20210629.jar:/home/runner/.m2/repository/org/eclipse/jetty/websocket/websocket-common/9.4.43.v20210629/websocket-common-9.4.43.v20210629.jar:/home/runner/.m2/repository/org/eclipse/jetty/websocket/websocket-api/9.4.43.v20210629/websocket-api-9.4.43.v20210629.jar:/home/runner/.m2/repository/org/jline/jline/3.9.0/jline-3.9.0.jar:/home/runner/.m2/repository/org/apache/hadoop/hadoop-mapreduce-client-core/3.3.4/hadoop-mapreduce-client-core-3.3.4.jar:/home/runner/.m2/repository/org/apache/avro/avro/1.7.7/avro-1.7.7.jar:/home/runner/.m2/repository/org/codehaus/jackson/jackson-core-asl/1.9.13/jackson-core-asl-1.9.13.jar:/home/runner/.m2/repository/org/codehaus/jackson/jackson-mapper-asl/1.9.13/jackson-mapper-asl-1.9.13.jar:/home/runner/.m2/repository/com/thoughtworks/paranamer/paranamer/2.3/paranamer-2.3.jar:/home/runner/.m2/repository/org/apache/hadoop/hadoop-annotations/3.3.4/hadoop-annotations-3.3.4.jar:/usr/lib/jvm/temurin-8-jdk-amd64/jre/../lib/tools.jar:/home/runner/.m2/repository/io/netty/netty/3.10.6.Final/netty-3.10.6.Final.jar:/home/runner/.m2/repository/org/apache/hadoop/hadoop-distcp/3.3.4/hadoop-distcp-3.3.4-tests.jar:/home/runner/.m2/repository/org/slf4j/jul-to-slf4j/1.7.36/jul-to-slf4j-1.7.36.jar:/home/runner/.m2/repository/org/apache/ratis/ratis-common/2.3.0/ratis-common-2.3.0.jar:/home/runner/.m2/repository/org/apache/ratis/ratis-thirdparty-misc/1.0.0/ratis-thirdparty-misc-1.0.0.jar:/home/runner/.m2/repository/org/apache/ratis/ratis-proto/2.3.0/ratis-proto-2.3.0.jar:"/>
    <property name="sun.cpu.endian" value="little"/>
    <property name="user.home" value="/home/runner"/>
    <property name="user.language" value="en"/>
    <property name="java.specification.vendor" value="Oracle Corporation"/>
    <property name="java.home" value="/usr/lib/jvm/temurin-8-jdk-amd64/jre"/>
    <property name="java.security.krb5.conf" value="/home/runner/work/ozone/ozone/hadoop-ozone/integration-test/target/test-classes/krb5.conf"/>
    <property name="basedir" value="/home/runner/work/ozone/ozone/hadoop-ozone/integration-test"/>
    <property name="file.separator" value="/"/>
    <property name="line.separator" value="&#10;"/>
    <property name="java.vm.specification.vendor" value="Oracle Corporation"/>
    <property name="java.specification.name" value="Java Platform API Specification"/>
    <property name="java.awt.graphicsenv" value="sun.awt.X11GraphicsEnvironment"/>
    <property name="skip.installnpx" value="true"/>
    <property name="surefire.real.class.path" value="/home/runner/work/ozone/ozone/hadoop-ozone/integration-test/target/surefire/surefirebooter4609216266285129212.jar:/home/runner/.m2/repository/org/jacoco/org.jacoco.agent/0.8.5/org.jacoco.agent-0.8.5-runtime.jar"/>
    <property name="hadoop.log.dir" value="/home/runner/work/ozone/ozone/hadoop-ozone/integration-test/target/log"/>
    <property name="sun.boot.class.path" value="/usr/lib/jvm/temurin-8-jdk-amd64/jre/lib/resources.jar:/usr/lib/jvm/temurin-8-jdk-amd64/jre/lib/rt.jar:/usr/lib/jvm/temurin-8-jdk-amd64/jre/lib/sunrsasign.jar:/usr/lib/jvm/temurin-8-jdk-amd64/jre/lib/jsse.jar:/usr/lib/jvm/temurin-8-jdk-amd64/jre/lib/jce.jar:/usr/lib/jvm/temurin-8-jdk-amd64/jre/lib/charsets.jar:/usr/lib/jvm/temurin-8-jdk-amd64/jre/lib/jfr.jar:/usr/lib/jvm/temurin-8-jdk-amd64/jre/classes"/>
    <property name="sun.management.compiler" value="HotSpot 64-Bit Tiered Compilers"/>
    <property name="skip.npx" value="true"/>
    <property name="java.runtime.version" value="1.8.0_345-b01"/>
    <property name="java.net.preferIPv4Stack" value="true"/>
    <property name="user.name" value="runner"/>
    <property name="path.separator" value=":"/>
    <property name="java.security.egd" value="file:///dev/urandom"/>
    <property name="os.version" value="5.15.0-1021-azure"/>
    <property name="java.endorsed.dirs" value="/usr/lib/jvm/temurin-8-jdk-amd64/jre/lib/endorsed"/>
    <property name="java.runtime.name" value="OpenJDK Runtime Environment"/>
    <property name="file.encoding" value="UTF-8"/>
    <property name="java.vm.name" value="OpenJDK 64-Bit Server VM"/>
    <property name="test.build.webapps" value=""/>
    <property name="localRepository" value="/home/runner/.m2/repository"/>
    <property name="jetty.git.hash" value="526006ecfa3af7f1a27ef3a288e2bef7ea9dd7e8"/>
    <property name="java.vendor.url.bug" value="https://github.com/adoptium/adoptium-support/issues"/>
    <property name="java.io.tmpdir" value="/tmp"/>
    <property name="require.test.libhadoop" value=""/>
    <property name="java.version" value="1.8.0_345"/>
    <property name="user.dir" value="/home/runner/work/ozone/ozone/hadoop-ozone/integration-test"/>
    <property name="os.arch" value="amd64"/>
    <property name="java.vm.specification.name" value="Java Virtual Machine Specification"/>
    <property name="test.build.classes" value="/home/runner/work/ozone/ozone/hadoop-ozone/integration-test/target/test-classes"/>
    <property name="java.awt.printerjob" value="sun.print.PSPrinterJob"/>
    <property name="sun.os.patch.level" value="unknown"/>
    <property name="hadoop.tmp.dir" value="/home/runner/work/ozone/ozone/hadoop-ozone/integration-test/target/tmp"/>
    <property name="java.library.path" value="/usr/java/packages/lib/amd64:/usr/lib64:/lib64:/lib:/usr/lib"/>
    <property name="java.vm.info" value="mixed mode"/>
    <property name="java.vendor" value="Temurin"/>
    <property name="java.vm.version" value="25.345-b01"/>
    <property name="java.ext.dirs" value="/usr/lib/jvm/temurin-8-jdk-amd64/jre/lib/ext:/usr/java/packages/lib/ext"/>
    <property name="sun.io.unicode.encoding" value="UnicodeLittle"/>
    <property name="java.class.version" value="52.0"/>
  </properties>
  <testcase name="testRatisLogParsing" classname="org.apache.hadoop.ozone.parser.TestOzoneHARatisLogParser" time="58.646">
    <error type="java.util.concurrent.TimeoutException"><![CDATA[java.util.concurrent.TimeoutException: 
Timed out waiting for condition. Thread diagnostics:
Timestamp: 2022-10-14 02:34:18,897

"java.util.concurrent.ThreadPoolExecutor$Worker@74d6eb1d[State = -1, empty queue]" daemon prio=5 tid=1052 timed_waiting
java.lang.Thread.State: TIMED_WAITING
        at sun.misc.Unsafe.park(Native Method)
        at java.util.concurrent.locks.LockSupport.parkNanos(LockSupport.java:215)
        at java.util.concurrent.locks.AbstractQueuedSynchronizer$ConditionObject.awaitNanos(AbstractQueuedSynchronizer.java:2078)
        at java.util.concurrent.ScheduledThreadPoolExecutor$DelayedWorkQueue.take(ScheduledThreadPoolExecutor.java:1093)
        at java.util.concurrent.ScheduledThreadPoolExecutor$DelayedWorkQueue.take(ScheduledThreadPoolExecutor.java:809)
        at java.util.concurrent.ThreadPoolExecutor.getTask(ThreadPoolExecutor.java:1074)
        at java.util.concurrent.ThreadPoolExecutor.runWorker(ThreadPoolExecutor.java:1134)
        at java.util.concurrent.ThreadPoolExecutor$Worker.run(ThreadPoolExecutor.java:624)
        at java.lang.Thread.run(Thread.java:750)
"Reference Handler" daemon prio=10 tid=2 in Object.wait()
java.lang.Thread.State: WAITING (on object monitor)
        at java.lang.Object.wait(Native Method)
        at java.lang.Object.wait(Object.java:502)
        at java.lang.ref.Reference.tryHandlePending(Reference.java:191)
        at java.lang.ref.Reference$ReferenceHandler.run(Reference.java:153)
"surefire-forkedjvm-command-thread" daemon prio=5 tid=10 runnable
java.lang.Thread.State: RUNNABLE
        at java.io.FileInputStream.readBytes(Native Method)
        at java.io.FileInputStream.read(FileInputStream.java:255)
        at java.io.BufferedInputStream.read1(BufferedInputStream.java:284)
        at java.io.BufferedInputStream.read(BufferedInputStream.java:345)
        at java.io.BufferedInputStream.fill(BufferedInputStream.java:246)
        at java.io.BufferedInputStream.read1(BufferedInputStream.java:286)
        at java.io.BufferedInputStream.read(BufferedInputStream.java:345)
        at org.apache.maven.surefire.api.util.internal.Channels$3.readImpl(Channels.java:214)
        at org.apache.maven.surefire.api.util.internal.AbstractNoninterruptibleReadableChannel.read(AbstractNoninterruptibleReadableChannel.java:54)
        at org.apache.maven.surefire.booter.spi.LegacyMasterProcessChannelDecoder.decode(LegacyMasterProcessChannelDecoder.java:80)
        at org.apache.maven.surefire.booter.CommandReader$CommandRunnable.run(CommandReader.java:343)
        at java.lang.Thread.run(Thread.java:750)
"FullTableCache Cleanup Thread - 0" daemon prio=5 tid=1159 in Object.wait()
java.lang.Thread.State: WAITING (on object monitor)
        at sun.misc.Unsafe.park(Native Method)
        at java.util.concurrent.locks.LockSupport.park(LockSupport.java:175)
        at java.util.concurrent.locks.AbstractQueuedSynchronizer$ConditionObject.await(AbstractQueuedSynchronizer.java:2039)
        at java.util.concurrent.LinkedBlockingQueue.take(LinkedBlockingQueue.java:442)
        at java.util.concurrent.ThreadPoolExecutor.getTask(ThreadPoolExecutor.java:1074)
        at java.util.concurrent.ThreadPoolExecutor.runWorker(ThreadPoolExecutor.java:1134)
        at java.util.concurrent.ThreadPoolExecutor$Worker.run(ThreadPoolExecutor.java:624)
        at java.lang.Thread.run(Thread.java:750)
"EndpointStateMachine task thread for /127.0.0.1:38439 - 0 "  prio=5 tid=891 blocked
java.lang.Thread.State: BLOCKED
        at org.apache.hadoop.ipc.Client$Connection.addCall(Client.java:522)
        at org.apache.hadoop.ipc.Client$Connection.access$3700(Client.java:414)
        at org.apache.hadoop.ipc.Client.getConnection(Client.java:1664)
        at org.apache.hadoop.ipc.Client.call(Client.java:1502)
        at org.apache.hadoop.ipc.Client.call(Client.java:1455)
        at org.apache.hadoop.ipc.ProtobufRpcEngine$Invoker.invoke(ProtobufRpcEngine.java:235)
        at org.apache.hadoop.ipc.ProtobufRpcEngine$Invoker.invoke(ProtobufRpcEngine.java:122)
        at com.sun.proxy.$Proxy51.submitRequest(Unknown Source)
        at org.apache.hadoop.ozone.protocolPB.StorageContainerDatanodeProtocolClientSideTranslatorPB.submitRequest(StorageContainerDatanodeProtocolClientSideTranslatorPB.java:117)
        at org.apache.hadoop.ozone.protocolPB.StorageContainerDatanodeProtocolClientSideTranslatorPB.sendHeartbeat(StorageContainerDatanodeProtocolClientSideTranslatorPB.java:149)
        at org.apache.hadoop.ozone.container.common.states.endpoint.HeartbeatEndpointTask.call(HeartbeatEndpointTask.java:185)
        at org.apache.hadoop.ozone.container.common.states.endpoint.HeartbeatEndpointTask.call(HeartbeatEndpointTask.java:87)
        at java.util.concurrent.FutureTask.run(FutureTask.java:266)
        at java.util.concurrent.ThreadPoolExecutor.runWorker(ThreadPoolExecutor.java:1149)
        at java.util.concurrent.ThreadPoolExecutor$Worker.run(ThreadPoolExecutor.java:624)
        at java.lang.Thread.run(Thread.java:750)
"java.util.concurrent.ThreadPoolExecutor$Worker@504b1793[State = -1, empty queue]" daemon prio=5 tid=405 timed_waiting
java.lang.Thread.State: TIMED_WAITING
        at sun.misc.Unsafe.park(Native Method)
        at java.util.concurrent.locks.LockSupport.parkNanos(LockSupport.java:215)
        at java.util.concurrent.locks.AbstractQueuedSynchronizer$ConditionObject.awaitNanos(AbstractQueuedSynchronizer.java:2078)
        at java.util.concurrent.ScheduledThreadPoolExecutor$DelayedWorkQueue.take(ScheduledThreadPoolExecutor.java:1093)
        at java.util.concurrent.ScheduledThreadPoolExecutor$DelayedWorkQueue.take(ScheduledThreadPoolExecutor.java:809)
        at java.util.concurrent.ThreadPoolExecutor.getTask(ThreadPoolExecutor.java:1074)
        at java.util.concurrent.ThreadPoolExecutor.runWorker(ThreadPoolExecutor.java:1134)
        at java.util.concurrent.ThreadPoolExecutor$Worker.run(ThreadPoolExecutor.java:624)
        at java.lang.Thread.run(Thread.java:750)
"EndpointStateMachine task thread for /127.0.0.1:38403 - 0 "  prio=5 tid=932 blocked
java.lang.Thread.State: BLOCKED
        at org.apache.hadoop.ipc.Client$Connection.addCall(Client.java:522)
        at org.apache.hadoop.ipc.Client$Connection.access$3700(Client.java:414)
        at org.apache.hadoop.ipc.Client.getConnection(Client.java:1664)
        at org.apache.hadoop.ipc.Client.call(Client.java:1502)
        at org.apache.hadoop.ipc.Client.call(Client.java:1455)
        at org.apache.hadoop.ipc.ProtobufRpcEngine$Invoker.invoke(ProtobufRpcEngine.java:235)
        at org.apache.hadoop.ipc.ProtobufRpcEngine$Invoker.invoke(ProtobufRpcEngine.java:122)
        at com.sun.proxy.$Proxy51.submitRequest(Unknown Source)
        at org.apache.hadoop.ozone.protocolPB.StorageContainerDatanodeProtocolClientSideTranslatorPB.submitRequest(StorageContainerDatanodeProtocolClientSideTranslatorPB.java:117)
        at org.apache.hadoop.ozone.protocolPB.StorageContainerDatanodeProtocolClientSideTranslatorPB.sendHeartbeat(StorageContainerDatanodeProtocolClientSideTranslatorPB.java:149)
        at org.apache.hadoop.ozone.container.common.states.endpoint.HeartbeatEndpointTask.call(HeartbeatEndpointTask.java:185)
        at org.apache.hadoop.ozone.container.common.states.endpoint.HeartbeatEndpointTask.call(HeartbeatEndpointTask.java:87)
        at java.util.concurrent.FutureTask.run(FutureTask.java:266)
        at java.util.concurrent.ThreadPoolExecutor.runWorker(ThreadPoolExecutor.java:1149)
        at java.util.concurrent.ThreadPoolExecutor$Worker.run(ThreadPoolExecutor.java:624)
        at java.lang.Thread.run(Thread.java:750)
"Finalizer" daemon prio=8 tid=3 in Object.wait()
java.lang.Thread.State: WAITING (on object monitor)
        at java.lang.Object.wait(Native Method)
        at java.lang.ref.ReferenceQueue.remove(ReferenceQueue.java:144)
        at java.lang.ref.ReferenceQueue.remove(ReferenceQueue.java:165)
        at java.lang.ref.Finalizer$FinalizerThread.run(Finalizer.java:216)
"Signal Dispatcher" daemon prio=9 tid=4 runnable
java.lang.Thread.State: RUNNABLE
"FullTableCache Cleanup Thread - 0" daemon prio=5 tid=1152 in Object.wait()
java.lang.Thread.State: WAITING (on object monitor)
        at sun.misc.Unsafe.park(Native Method)
        at java.util.concurrent.locks.LockSupport.park(LockSupport.java:175)
        at java.util.concurrent.locks.AbstractQueuedSynchronizer$ConditionObject.await(AbstractQueuedSynchronizer.java:2039)
        at java.util.concurrent.LinkedBlockingQueue.take(LinkedBlockingQueue.java:442)
        at java.util.concurrent.ThreadPoolExecutor.getTask(ThreadPoolExecutor.java:1074)
        at java.util.concurrent.ThreadPoolExecutor.runWorker(ThreadPoolExecutor.java:1134)
        at java.util.concurrent.ThreadPoolExecutor$Worker.run(ThreadPoolExecutor.java:624)
        at java.lang.Thread.run(Thread.java:750)
"FullTableCache Cleanup Thread - 0" daemon prio=5 tid=1158 in Object.wait()
java.lang.Thread.State: WAITING (on object monitor)
        at sun.misc.Unsafe.park(Native Method)
        at java.util.concurrent.locks.LockSupport.park(LockSupport.java:175)
        at java.util.concurrent.locks.AbstractQueuedSynchronizer$ConditionObject.await(AbstractQueuedSynchronizer.java:2039)
        at java.util.concurrent.LinkedBlockingQueue.take(LinkedBlockingQueue.java:442)
        at java.util.concurrent.ThreadPoolExecutor.getTask(ThreadPoolExecutor.java:1074)
        at java.util.concurrent.ThreadPoolExecutor.runWorker(ThreadPoolExecutor.java:1134)
        at java.util.concurrent.ThreadPoolExecutor$Worker.run(ThreadPoolExecutor.java:624)
        at java.lang.Thread.run(Thread.java:750)
"EndpointStateMachine task thread for /127.0.0.1:42209 - 0 "  prio=5 tid=913 blocked
java.lang.Thread.State: BLOCKED
        at org.apache.hadoop.ipc.Client$Connection.addCall(Client.java:522)
        at org.apache.hadoop.ipc.Client$Connection.access$3700(Client.java:414)
        at org.apache.hadoop.ipc.Client.getConnection(Client.java:1664)
        at org.apache.hadoop.ipc.Client.call(Client.java:1502)
        at org.apache.hadoop.ipc.Client.call(Client.java:1455)
        at org.apache.hadoop.ipc.ProtobufRpcEngine$Invoker.invoke(ProtobufRpcEngine.java:235)
        at org.apache.hadoop.ipc.ProtobufRpcEngine$Invoker.invoke(ProtobufRpcEngine.java:122)
        at com.sun.proxy.$Proxy51.submitRequest(Unknown Source)
        at org.apache.hadoop.ozone.protocolPB.StorageContainerDatanodeProtocolClientSideTranslatorPB.submitRequest(StorageContainerDatanodeProtocolClientSideTranslatorPB.java:117)
        at org.apache.hadoop.ozone.protocolPB.StorageContainerDatanodeProtocolClientSideTranslatorPB.sendHeartbeat(StorageContainerDatanodeProtocolClientSideTranslatorPB.java:149)
        at org.apache.hadoop.ozone.container.common.states.endpoint.HeartbeatEndpointTask.call(HeartbeatEndpointTask.java:185)
        at org.apache.hadoop.ozone.container.common.states.endpoint.HeartbeatEndpointTask.call(HeartbeatEndpointTask.java:87)
        at java.util.concurrent.FutureTask.run(FutureTask.java:266)
        at java.util.concurrent.ThreadPoolExecutor.runWorker(ThreadPoolExecutor.java:1149)
        at java.util.concurrent.ThreadPoolExecutor$Worker.run(ThreadPoolExecutor.java:624)
        at java.lang.Thread.run(Thread.java:750)
"SSL Certificates Store Monitor" daemon prio=5 tid=660 in Object.wait()
java.lang.Thread.State: WAITING (on object monitor)
        at java.lang.Object.wait(Native Method)
        at java.lang.Object.wait(Object.java:502)
        at java.util.TimerThread.mainLoop(Timer.java:526)
        at java.util.TimerThread.run(Timer.java:505)
"process reaper" daemon prio=10 tid=13 timed_waiting
java.lang.Thread.State: TIMED_WAITING
        at sun.misc.Unsafe.park(Native Method)
        at java.util.concurrent.locks.LockSupport.parkNanos(LockSupport.java:215)
        at java.util.concurrent.SynchronousQueue$TransferStack.awaitFulfill(SynchronousQueue.java:460)
        at java.util.concurrent.SynchronousQueue$TransferStack.transfer(SynchronousQueue.java:362)
        at java.util.concurrent.SynchronousQueue.poll(SynchronousQueue.java:941)
        at java.util.concurrent.ThreadPoolExecutor.getTask(ThreadPoolExecutor.java:1073)
        at java.util.concurrent.ThreadPoolExecutor.runWorker(ThreadPoolExecutor.java:1134)
        at java.util.concurrent.ThreadPoolExecutor$Worker.run(ThreadPoolExecutor.java:624)
        at java.lang.Thread.run(Thread.java:750)
"SSL Certificates Store Monitor" daemon prio=5 tid=717 in Object.wait()
java.lang.Thread.State: WAITING (on object monitor)
        at java.lang.Object.wait(Native Method)
        at java.lang.Object.wait(Object.java:502)
        at java.util.TimerThread.mainLoop(Timer.java:526)
        at java.util.TimerThread.run(Timer.java:505)
"EndpointStateMachine task thread for /127.0.0.1:42209 - 0 "  prio=5 tid=931 timed_waiting
java.lang.Thread.State: TIMED_WAITING
        at java.lang.Thread.sleep(Native Method)
        at org.apache.hadoop.ipc.Client$Connection.handleConnectionFailure(Client.java:1005)
        at org.apache.hadoop.ipc.Client$Connection.setupConnection(Client.java:734)
        at org.apache.hadoop.ipc.Client$Connection.setupIOstreams(Client.java:833)
        at org.apache.hadoop.ipc.Client$Connection.access$3800(Client.java:414)
        at org.apache.hadoop.ipc.Client.getConnection(Client.java:1677)
        at org.apache.hadoop.ipc.Client.call(Client.java:1502)
        at org.apache.hadoop.ipc.Client.call(Client.java:1455)
        at org.apache.hadoop.ipc.ProtobufRpcEngine$Invoker.invoke(ProtobufRpcEngine.java:235)
        at org.apache.hadoop.ipc.ProtobufRpcEngine$Invoker.invoke(ProtobufRpcEngine.java:122)
        at com.sun.proxy.$Proxy51.submitRequest(Unknown Source)
        at org.apache.hadoop.ozone.protocolPB.StorageContainerDatanodeProtocolClientSideTranslatorPB.submitRequest(StorageContainerDatanodeProtocolClientSideTranslatorPB.java:117)
        at org.apache.hadoop.ozone.protocolPB.StorageContainerDatanodeProtocolClientSideTranslatorPB.sendHeartbeat(StorageContainerDatanodeProtocolClientSideTranslatorPB.java:149)
        at org.apache.hadoop.ozone.container.common.states.endpoint.HeartbeatEndpointTask.call(HeartbeatEndpointTask.java:185)
        at org.apache.hadoop.ozone.container.common.states.endpoint.HeartbeatEndpointTask.call(HeartbeatEndpointTask.java:87)
        at java.util.concurrent.FutureTask.run(FutureTask.java:266)
        at java.util.concurrent.ThreadPoolExecutor.runWorker(ThreadPoolExecutor.java:1149)
        at java.util.concurrent.ThreadPoolExecutor$Worker.run(ThreadPoolExecutor.java:624)
        at java.lang.Thread.run(Thread.java:750)
"EndpointStateMachine task thread for /127.0.0.1:42209 - 0 "  prio=5 tid=890 blocked
java.lang.Thread.State: BLOCKED
        at org.apache.hadoop.ipc.Client$Connection.addCall(Client.java:522)
        at org.apache.hadoop.ipc.Client$Connection.access$3700(Client.java:414)
        at org.apache.hadoop.ipc.Client.getConnection(Client.java:1664)
        at org.apache.hadoop.ipc.Client.call(Client.java:1502)
        at org.apache.hadoop.ipc.Client.call(Client.java:1455)
        at org.apache.hadoop.ipc.ProtobufRpcEngine$Invoker.invoke(ProtobufRpcEngine.java:235)
        at org.apache.hadoop.ipc.ProtobufRpcEngine$Invoker.invoke(ProtobufRpcEngine.java:122)
        at com.sun.proxy.$Proxy51.submitRequest(Unknown Source)
        at org.apache.hadoop.ozone.protocolPB.StorageContainerDatanodeProtocolClientSideTranslatorPB.submitRequest(StorageContainerDatanodeProtocolClientSideTranslatorPB.java:117)
        at org.apache.hadoop.ozone.protocolPB.StorageContainerDatanodeProtocolClientSideTranslatorPB.sendHeartbeat(StorageContainerDatanodeProtocolClientSideTranslatorPB.java:149)
        at org.apache.hadoop.ozone.container.common.states.endpoint.HeartbeatEndpointTask.call(HeartbeatEndpointTask.java:185)
        at org.apache.hadoop.ozone.container.common.states.endpoint.HeartbeatEndpointTask.call(HeartbeatEndpointTask.java:87)
        at java.util.concurrent.FutureTask.run(FutureTask.java:266)
        at java.util.concurrent.ThreadPoolExecutor.runWorker(ThreadPoolExecutor.java:1149)
        at java.util.concurrent.ThreadPoolExecutor$Worker.run(ThreadPoolExecutor.java:624)
        at java.lang.Thread.run(Thread.java:750)
"EndpointStateMachine task thread for /127.0.0.1:38403 - 0 "  prio=5 tid=889 blocked
java.lang.Thread.State: BLOCKED
        at org.apache.hadoop.ipc.Client$Connection.addCall(Client.java:522)
        at org.apache.hadoop.ipc.Client$Connection.access$3700(Client.java:414)
        at org.apache.hadoop.ipc.Client.getConnection(Client.java:1664)
        at org.apache.hadoop.ipc.Client.call(Client.java:1502)
        at org.apache.hadoop.ipc.Client.call(Client.java:1455)
        at org.apache.hadoop.ipc.ProtobufRpcEngine$Invoker.invoke(ProtobufRpcEngine.java:235)
        at org.apache.hadoop.ipc.ProtobufRpcEngine$Invoker.invoke(ProtobufRpcEngine.java:122)
        at com.sun.proxy.$Proxy51.submitRequest(Unknown Source)
        at org.apache.hadoop.ozone.protocolPB.StorageContainerDatanodeProtocolClientSideTranslatorPB.submitRequest(StorageContainerDatanodeProtocolClientSideTranslatorPB.java:117)
        at org.apache.hadoop.ozone.protocolPB.StorageContainerDatanodeProtocolClientSideTranslatorPB.sendHeartbeat(StorageContainerDatanodeProtocolClientSideTranslatorPB.java:149)
        at org.apache.hadoop.ozone.container.common.states.endpoint.HeartbeatEndpointTask.call(HeartbeatEndpointTask.java:185)
        at org.apache.hadoop.ozone.container.common.states.endpoint.HeartbeatEndpointTask.call(HeartbeatEndpointTask.java:87)
        at java.util.concurrent.FutureTask.run(FutureTask.java:266)
        at java.util.concurrent.ThreadPoolExecutor.runWorker(ThreadPoolExecutor.java:1149)
        at java.util.concurrent.ThreadPoolExecutor$Worker.run(ThreadPoolExecutor.java:624)
        at java.lang.Thread.run(Thread.java:750)
"Listener at 127.0.0.1/41295" daemon prio=5 tid=12 runnable
java.lang.Thread.State: RUNNABLE
        at java.lang.Thread.dumpThreads(Native Method)
        at java.lang.Thread.getAllStackTraces(Thread.java:1615)
        at org.apache.ozone.test.TimedOutTestsListener.buildThreadDump(TimedOutTestsListener.java:93)
        at org.apache.ozone.test.TimedOutTestsListener.buildThreadDiagnosticString(TimedOutTestsListener.java:79)
        at org.apache.ozone.test.GenericTestUtils.waitFor(GenericTestUtils.java:224)
        at org.apache.hadoop.ozone.parser.TestOzoneHARatisLogParser.testRatisLogParsing(TestOzoneHARatisLogParser.java:129)
        at sun.reflect.NativeMethodAccessorImpl.invoke0(Native Method)
        at sun.reflect.NativeMethodAccessorImpl.invoke(NativeMethodAccessorImpl.java:62)
        at sun.reflect.DelegatingMethodAccessorImpl.invoke(DelegatingMethodAccessorImpl.java:43)
        at java.lang.reflect.Method.invoke(Method.java:498)
        at org.junit.runners.model.FrameworkMethod$1.runReflectiveCall(FrameworkMethod.java:59)
        at org.junit.internal.runners.model.ReflectiveCallable.run(ReflectiveCallable.java:12)
        at org.junit.runners.model.FrameworkMethod.invokeExplosively(FrameworkMethod.java:56)
        at org.junit.internal.runners.statements.InvokeMethod.evaluate(InvokeMethod.java:17)
        at org.junit.internal.runners.statements.RunBefores.evaluate(RunBefores.java:26)
        at org.junit.internal.runners.statements.RunAfters.evaluate(RunAfters.java:27)
        at org.junit.internal.runners.statements.FailOnTimeout$CallableStatement.call(FailOnTimeout.java:288)
        at org.junit.internal.runners.statements.FailOnTimeout$CallableStatement.call(FailOnTimeout.java:282)
        at java.util.concurrent.FutureTask.run(FutureTask.java:266)
        at java.lang.Thread.run(Thread.java:750)
"main"  prio=5 tid=1 timed_waiting
java.lang.Thread.State: TIMED_WAITING
        at sun.misc.Unsafe.park(Native Method)
        at java.util.concurrent.locks.LockSupport.parkNanos(LockSupport.java:215)
        at java.util.concurrent.FutureTask.awaitDone(FutureTask.java:426)
        at java.util.concurrent.FutureTask.get(FutureTask.java:204)
        at org.junit.internal.runners.statements.FailOnTimeout.getResult(FailOnTimeout.java:156)
        at org.junit.internal.runners.statements.FailOnTimeout.evaluate(FailOnTimeout.java:129)
        at org.junit.runners.ParentRunner$3.evaluate(ParentRunner.java:306)
        at org.junit.runners.BlockJUnit4ClassRunner$1.evaluate(BlockJUnit4ClassRunner.java:100)
        at org.junit.runners.ParentRunner.runLeaf(ParentRunner.java:366)
        at org.junit.runners.BlockJUnit4ClassRunner.runChild(BlockJUnit4ClassRunner.java:103)
        at org.junit.runners.BlockJUnit4ClassRunner.runChild(BlockJUnit4ClassRunner.java:63)
        at org.junit.runners.ParentRunner$4.run(ParentRunner.java:331)
        at org.junit.runners.ParentRunner$1.schedule(ParentRunner.java:79)
        at org.junit.runners.ParentRunner.runChildren(ParentRunner.java:329)
        at org.junit.runners.ParentRunner.access$100(ParentRunner.java:66)
        at org.junit.runners.ParentRunner$2.evaluate(ParentRunner.java:293)
        at org.junit.runners.ParentRunner$3.evaluate(ParentRunner.java:306)
        at org.junit.runners.ParentRunner.run(ParentRunner.java:413)
        at org.junit.runner.JUnitCore.run(JUnitCore.java:137)
        at org.junit.runner.JUnitCore.run(JUnitCore.java:115)
        at org.junit.vintage.engine.execution.RunnerExecutor.execute(RunnerExecutor.java:42)
        at org.junit.vintage.engine.VintageTestEngine.executeAllChildren(VintageTestEngine.java:80)
        at org.junit.vintage.engine.VintageTestEngine.execute(VintageTestEngine.java:72)
        at org.junit.platform.launcher.core.EngineExecutionOrchestrator.execute(EngineExecutionOrchestrator.java:107)
        at org.junit.platform.launcher.core.EngineExecutionOrchestrator.execute(EngineExecutionOrchestrator.java:88)
        at org.junit.platform.launcher.core.EngineExecutionOrchestrator.lambda$execute$0(EngineExecutionOrchestrator.java:54)
        at org.junit.platform.launcher.core.EngineExecutionOrchestrator$$Lambda$188/1982787818.accept(Unknown Source)
        at org.junit.platform.launcher.core.EngineExecutionOrchestrator.withInterceptedStreams(EngineExecutionOrchestrator.java:67)
        at org.junit.platform.launcher.core.EngineExecutionOrchestrator.execute(EngineExecutionOrchestrator.java:52)
        at org.junit.platform.launcher.core.DefaultLauncher.execute(DefaultLauncher.java:114)
        at org.junit.platform.launcher.core.DefaultLauncher.execute(DefaultLauncher.java:86)
        at org.junit.platform.launcher.core.DefaultLauncherSession$DelegatingLauncher.execute(DefaultLauncherSession.java:86)
        at org.junit.platform.launcher.core.SessionPerRequestLauncher.execute(SessionPerRequestLauncher.java:53)
        at org.apache.maven.surefire.junitplatform.JUnitPlatformProvider.execute(JUnitPlatformProvider.java:188)
        at org.apache.maven.surefire.junitplatform.JUnitPlatformProvider.invokeAllTests(JUnitPlatformProvider.java:154)
        at org.apache.maven.surefire.junitplatform.JUnitPlatformProvider.invoke(JUnitPlatformProvider.java:124)
        at org.apache.maven.surefire.booter.ForkedBooter.runSuitesInProcess(ForkedBooter.java:428)
        at org.apache.maven.surefire.booter.ForkedBooter.execute(ForkedBooter.java:162)
        at org.apache.maven.surefire.booter.ForkedBooter.run(ForkedBooter.java:562)
        at org.apache.maven.surefire.booter.ForkedBooter.main(ForkedBooter.java:548)
"FullTableCache Cleanup Thread - 0" daemon prio=5 tid=1157 in Object.wait()
java.lang.Thread.State: WAITING (on object monitor)
        at sun.misc.Unsafe.park(Native Method)
        at java.util.concurrent.locks.LockSupport.park(LockSupport.java:175)
        at java.util.concurrent.locks.AbstractQueuedSynchronizer$ConditionObject.await(AbstractQueuedSynchronizer.java:2039)
        at java.util.concurrent.LinkedBlockingQueue.take(LinkedBlockingQueue.java:442)
        at java.util.concurrent.ThreadPoolExecutor.getTask(ThreadPoolExecutor.java:1074)
        at java.util.concurrent.ThreadPoolExecutor.runWorker(ThreadPoolExecutor.java:1134)
        at java.util.concurrent.ThreadPoolExecutor$Worker.run(ThreadPoolExecutor.java:624)
        at java.lang.Thread.run(Thread.java:750)
"EndpointStateMachine task thread for /127.0.0.1:38439 - 0 "  prio=5 tid=933 timed_waiting
java.lang.Thread.State: TIMED_WAITING
        at java.lang.Thread.sleep(Native Method)
        at org.apache.hadoop.ipc.Client$Connection.handleConnectionFailure(Client.java:1005)
        at org.apache.hadoop.ipc.Client$Connection.setupConnection(Client.java:734)
        at org.apache.hadoop.ipc.Client$Connection.setupIOstreams(Client.java:833)
        at org.apache.hadoop.ipc.Client$Connection.access$3800(Client.java:414)
        at org.apache.hadoop.ipc.Client.getConnection(Client.java:1677)
        at org.apache.hadoop.ipc.Client.call(Client.java:1502)
        at org.apache.hadoop.ipc.Client.call(Client.java:1455)
        at org.apache.hadoop.ipc.ProtobufRpcEngine$Invoker.invoke(ProtobufRpcEngine.java:235)
        at org.apache.hadoop.ipc.ProtobufRpcEngine$Invoker.invoke(ProtobufRpcEngine.java:122)
        at com.sun.proxy.$Proxy51.submitRequest(Unknown Source)
        at org.apache.hadoop.ozone.protocolPB.StorageContainerDatanodeProtocolClientSideTranslatorPB.submitRequest(StorageContainerDatanodeProtocolClientSideTranslatorPB.java:117)
        at org.apache.hadoop.ozone.protocolPB.StorageContainerDatanodeProtocolClientSideTranslatorPB.sendHeartbeat(StorageContainerDatanodeProtocolClientSideTranslatorPB.java:149)
        at org.apache.hadoop.ozone.container.common.states.endpoint.HeartbeatEndpointTask.call(HeartbeatEndpointTask.java:185)
        at org.apache.hadoop.ozone.container.common.states.endpoint.HeartbeatEndpointTask.call(HeartbeatEndpointTask.java:87)
        at java.util.concurrent.FutureTask.run(FutureTask.java:266)
        at java.util.concurrent.ThreadPoolExecutor.runWorker(ThreadPoolExecutor.java:1149)
        at java.util.concurrent.ThreadPoolExecutor$Worker.run(ThreadPoolExecutor.java:624)
        at java.lang.Thread.run(Thread.java:750)
"EndpointStateMachine task thread for /127.0.0.1:38403 - 0 "  prio=5 tid=914 timed_waiting
java.lang.Thread.State: TIMED_WAITING
        at java.lang.Thread.sleep(Native Method)
        at org.apache.hadoop.ipc.Client$Connection.handleConnectionFailure(Client.java:1005)
        at org.apache.hadoop.ipc.Client$Connection.setupConnection(Client.java:734)
        at org.apache.hadoop.ipc.Client$Connection.setupIOstreams(Client.java:833)
        at org.apache.hadoop.ipc.Client$Connection.access$3800(Client.java:414)
        at org.apache.hadoop.ipc.Client.getConnection(Client.java:1677)
        at org.apache.hadoop.ipc.Client.call(Client.java:1502)
        at org.apache.hadoop.ipc.Client.call(Client.java:1455)
        at org.apache.hadoop.ipc.ProtobufRpcEngine$Invoker.invoke(ProtobufRpcEngine.java:235)
        at org.apache.hadoop.ipc.ProtobufRpcEngine$Invoker.invoke(ProtobufRpcEngine.java:122)
        at com.sun.proxy.$Proxy51.submitRequest(Unknown Source)
        at org.apache.hadoop.ozone.protocolPB.StorageContainerDatanodeProtocolClientSideTranslatorPB.submitRequest(StorageContainerDatanodeProtocolClientSideTranslatorPB.java:117)
        at org.apache.hadoop.ozone.protocolPB.StorageContainerDatanodeProtocolClientSideTranslatorPB.sendHeartbeat(StorageContainerDatanodeProtocolClientSideTranslatorPB.java:149)
        at org.apache.hadoop.ozone.container.common.states.endpoint.HeartbeatEndpointTask.call(HeartbeatEndpointTask.java:185)
        at org.apache.hadoop.ozone.container.common.states.endpoint.HeartbeatEndpointTask.call(HeartbeatEndpointTask.java:87)
        at java.util.concurrent.FutureTask.run(FutureTask.java:266)
        at java.util.concurrent.ThreadPoolExecutor.runWorker(ThreadPoolExecutor.java:1149)
        at java.util.concurrent.ThreadPoolExecutor$Worker.run(ThreadPoolExecutor.java:624)
        at java.lang.Thread.run(Thread.java:750)
"FullTableCache Cleanup Thread - 0" daemon prio=5 tid=1151 in Object.wait()
java.lang.Thread.State: WAITING (on object monitor)
        at sun.misc.Unsafe.park(Native Method)
        at java.util.concurrent.locks.LockSupport.park(LockSupport.java:175)
        at java.util.concurrent.locks.AbstractQueuedSynchronizer$ConditionObject.await(AbstractQueuedSynchronizer.java:2039)
        at java.util.concurrent.LinkedBlockingQueue.take(LinkedBlockingQueue.java:442)
        at java.util.concurrent.ThreadPoolExecutor.getTask(ThreadPoolExecutor.java:1074)
        at java.util.concurrent.ThreadPoolExecutor.runWorker(ThreadPoolExecutor.java:1134)
        at java.util.concurrent.ThreadPoolExecutor$Worker.run(ThreadPoolExecutor.java:624)
        at java.lang.Thread.run(Thread.java:750)
"IPC Parameter Sending Thread #0" daemon prio=5 tid=268 timed_waiting
java.lang.Thread.State: TIMED_WAITING
        at sun.misc.Unsafe.park(Native Method)
        at java.util.concurrent.locks.LockSupport.parkNanos(LockSupport.java:215)
        at java.util.concurrent.SynchronousQueue$TransferStack.awaitFulfill(SynchronousQueue.java:460)
        at java.util.concurrent.SynchronousQueue$TransferStack.transfer(SynchronousQueue.java:362)
        at java.util.concurrent.SynchronousQueue.poll(SynchronousQueue.java:941)
        at java.util.concurrent.ThreadPoolExecutor.getTask(ThreadPoolExecutor.java:1073)
        at java.util.concurrent.ThreadPoolExecutor.runWorker(ThreadPoolExecutor.java:1134)
        at java.util.concurrent.ThreadPoolExecutor$Worker.run(ThreadPoolExecutor.java:624)
        at java.lang.Thread.run(Thread.java:750)
"IPC Parameter Sending Thread #1" daemon prio=5 tid=895 timed_waiting
java.lang.Thread.State: TIMED_WAITING
        at sun.misc.Unsafe.park(Native Method)
        at java.util.concurrent.locks.LockSupport.parkNanos(LockSupport.java:215)
        at java.util.concurrent.SynchronousQueue$TransferStack.awaitFulfill(SynchronousQueue.java:460)
        at java.util.concurrent.SynchronousQueue$TransferStack.transfer(SynchronousQueue.java:362)
        at java.util.concurrent.SynchronousQueue.poll(SynchronousQueue.java:941)
        at java.util.concurrent.ThreadPoolExecutor.getTask(ThreadPoolExecutor.java:1073)
        at java.util.concurrent.ThreadPoolExecutor.runWorker(ThreadPoolExecutor.java:1134)
        at java.util.concurrent.ThreadPoolExecutor$Worker.run(ThreadPoolExecutor.java:624)
        at java.lang.Thread.run(Thread.java:750)
"FullTableCache Cleanup Thread - 0" daemon prio=5 tid=1150 in Object.wait()
java.lang.Thread.State: WAITING (on object monitor)
        at sun.misc.Unsafe.park(Native Method)
        at java.util.concurrent.locks.LockSupport.park(LockSupport.java:175)
        at java.util.concurrent.locks.AbstractQueuedSynchronizer$ConditionObject.await(AbstractQueuedSynchronizer.java:2039)
        at java.util.concurrent.LinkedBlockingQueue.take(LinkedBlockingQueue.java:442)
        at java.util.concurrent.ThreadPoolExecutor.getTask(ThreadPoolExecutor.java:1074)
        at java.util.concurrent.ThreadPoolExecutor.runWorker(ThreadPoolExecutor.java:1134)
        at java.util.concurrent.ThreadPoolExecutor$Worker.run(ThreadPoolExecutor.java:624)
        at java.lang.Thread.run(Thread.java:750)
"SSL Certificates Store Monitor" daemon prio=5 tid=604 in Object.wait()
java.lang.Thread.State: WAITING (on object monitor)
        at java.lang.Object.wait(Native Method)
        at java.lang.Object.wait(Object.java:502)
        at java.util.TimerThread.mainLoop(Timer.java:526)
        at java.util.TimerThread.run(Timer.java:505)
"IPC Parameter Sending Thread #2" daemon prio=5 tid=974 timed_waiting
java.lang.Thread.State: TIMED_WAITING
        at sun.misc.Unsafe.park(Native Method)
        at java.util.concurrent.locks.LockSupport.parkNanos(LockSupport.java:215)
        at java.util.concurrent.SynchronousQueue$TransferStack.awaitFulfill(SynchronousQueue.java:460)
        at java.util.concurrent.SynchronousQueue$TransferStack.transfer(SynchronousQueue.java:362)
        at java.util.concurrent.SynchronousQueue.poll(SynchronousQueue.java:941)
        at java.util.concurrent.ThreadPoolExecutor.getTask(ThreadPoolExecutor.java:1073)
        at java.util.concurrent.ThreadPoolExecutor.runWorker(ThreadPoolExecutor.java:1134)
        at java.util.concurrent.ThreadPoolExecutor$Worker.run(ThreadPoolExecutor.java:624)
        at java.lang.Thread.run(Thread.java:750)
"EndpointStateMachine task thread for /127.0.0.1:38439 - 0 "  prio=5 tid=915 blocked
java.lang.Thread.State: BLOCKED
        at org.apache.hadoop.ipc.Client$Connection.addCall(Client.java:522)
        at org.apache.hadoop.ipc.Client$Connection.access$3700(Client.java:414)
        at org.apache.hadoop.ipc.Client.getConnection(Client.java:1664)
        at org.apache.hadoop.ipc.Client.call(Client.java:1502)
        at org.apache.hadoop.ipc.Client.call(Client.java:1455)
        at org.apache.hadoop.ipc.ProtobufRpcEngine$Invoker.invoke(ProtobufRpcEngine.java:235)
        at org.apache.hadoop.ipc.ProtobufRpcEngine$Invoker.invoke(ProtobufRpcEngine.java:122)
        at com.sun.proxy.$Proxy51.submitRequest(Unknown Source)
        at org.apache.hadoop.ozone.protocolPB.StorageContainerDatanodeProtocolClientSideTranslatorPB.submitRequest(StorageContainerDatanodeProtocolClientSideTranslatorPB.java:117)
        at org.apache.hadoop.ozone.protocolPB.StorageContainerDatanodeProtocolClientSideTranslatorPB.sendHeartbeat(StorageContainerDatanodeProtocolClientSideTranslatorPB.java:149)
        at org.apache.hadoop.ozone.container.common.states.endpoint.HeartbeatEndpointTask.call(HeartbeatEndpointTask.java:185)
        at org.apache.hadoop.ozone.container.common.states.endpoint.HeartbeatEndpointTask.call(HeartbeatEndpointTask.java:87)
        at java.util.concurrent.FutureTask.run(FutureTask.java:266)
        at java.util.concurrent.ThreadPoolExecutor.runWorker(ThreadPoolExecutor.java:1149)
        at java.util.concurrent.ThreadPoolExecutor$Worker.run(ThreadPoolExecutor.java:624)
        at java.lang.Thread.run(Thread.java:750)


	at org.apache.ozone.test.GenericTestUtils.waitFor(GenericTestUtils.java:224)
	at org.apache.hadoop.ozone.parser.TestOzoneHARatisLogParser.testRatisLogParsing(TestOzoneHARatisLogParser.java:129)
	at sun.reflect.NativeMethodAccessorImpl.invoke0(Native Method)
	at sun.reflect.NativeMethodAccessorImpl.invoke(NativeMethodAccessorImpl.java:62)
	at sun.reflect.DelegatingMethodAccessorImpl.invoke(DelegatingMethodAccessorImpl.java:43)
	at java.lang.reflect.Method.invoke(Method.java:498)
	at org.junit.runners.model.FrameworkMethod$1.runReflectiveCall(FrameworkMethod.java:59)
	at org.junit.internal.runners.model.ReflectiveCallable.run(ReflectiveCallable.java:12)
	at org.junit.runners.model.FrameworkMethod.invokeExplosively(FrameworkMethod.java:56)
	at org.junit.internal.runners.statements.InvokeMethod.evaluate(InvokeMethod.java:17)
	at org.junit.internal.runners.statements.RunBefores.evaluate(RunBefores.java:26)
	at org.junit.internal.runners.statements.RunAfters.evaluate(RunAfters.java:27)
	at org.junit.internal.runners.statements.FailOnTimeout$CallableStatement.call(FailOnTimeout.java:288)
	at org.junit.internal.runners.statements.FailOnTimeout$CallableStatement.call(FailOnTimeout.java:282)
	at java.util.concurrent.FutureTask.run(FutureTask.java:266)
	at java.lang.Thread.run(Thread.java:750)
]]></error>
    <system-out><![CDATA[2022-10-14 14:33:20,814 [Time-limited test] WARN  server.ServerUtils (ServerUtils.java:getScmDbDir(148)) - ozone.scm.db.dirs is not configured. We recommend adding this setting. Falling back to ozone.metadata.dirs instead.
2022-10-14 14:33:20,853 [Time-limited test] INFO  ha.SCMHANodeDetails (SCMHANodeDetails.java:loadSCMHAConfig(209)) - ServiceID for StorageContainerManager is scmServiceId
2022-10-14 14:33:20,863 [Time-limited test] INFO  ha.SCMHANodeDetails (SCMHANodeDetails.java:loadSCMHAConfig(220)) - ServiceID for StorageContainerManager is scmServiceId
2022-10-14 14:33:20,938 [Time-limited test] WARN  scm.ScmUtils (ScmUtils.java:logWarn(179)) - ConfigKey ozone.scm.block.client.address is deprecated, For configuring different ports for each SCM use PortConfigKey ozone.scm.block.client.port appended with serviceId and nodeId. If want to configure same port configure ozone.scm.block.client.port
2022-10-14 14:33:20,938 [Time-limited test] WARN  scm.ScmUtils (ScmUtils.java:logWarn(179)) - ConfigKey ozone.scm.client.address is deprecated, For configuring different ports for each SCM use PortConfigKey ozone.scm.client.port appended with serviceId and nodeId. If want to configure same port configure ozone.scm.client.port
2022-10-14 14:33:20,938 [Time-limited test] WARN  scm.ScmUtils (ScmUtils.java:logWarn(179)) - ConfigKey ozone.scm.datanode.address is deprecated, For configuring different ports for each SCM use PortConfigKey ozone.scm.datanode.port appended with serviceId and nodeId. If want to configure same port configure ozone.scm.datanode.port
2022-10-14 14:33:20,941 [Time-limited test] WARN  scm.ScmUtils (ScmUtils.java:logWarn(179)) - ConfigKey ozone.scm.block.client.address is deprecated, For configuring different ports for each SCM use PortConfigKey ozone.scm.block.client.port appended with serviceId and nodeId. If want to configure same port configure ozone.scm.block.client.port
2022-10-14 14:33:20,941 [Time-limited test] WARN  scm.ScmUtils (ScmUtils.java:logWarn(179)) - ConfigKey ozone.scm.client.address is deprecated, For configuring different ports for each SCM use PortConfigKey ozone.scm.client.port appended with serviceId and nodeId. If want to configure same port configure ozone.scm.client.port
2022-10-14 14:33:20,942 [Time-limited test] WARN  scm.ScmUtils (ScmUtils.java:logWarn(179)) - ConfigKey ozone.scm.datanode.address is deprecated, For configuring different ports for each SCM use PortConfigKey ozone.scm.datanode.port appended with serviceId and nodeId. If want to configure same port configure ozone.scm.datanode.port
2022-10-14 14:33:20,942 [Time-limited test] INFO  ha.SCMHANodeDetails (SCMHANodeDetails.java:loadSCMHAConfig(307)) - Found matching SCM address with SCMServiceId: scmServiceId, SCMNodeId: scmNode-1, RPC Address: localhost:45869 and Ratis port: 45869
2022-10-14 14:33:20,942 [Time-limited test] INFO  ha.SCMHANodeDetails (ConfUtils.java:setNodeSpecificConfigs(97)) - Setting configuration key ozone.scm.datanode.address with value of key ozone.scm.datanode.address.scmServiceId.scmNode-1: 127.0.0.1:38403
2022-10-14 14:33:20,942 [Time-limited test] INFO  ha.SCMHANodeDetails (ConfUtils.java:setNodeSpecificConfigs(97)) - Setting configuration key ozone.scm.block.client.address with value of key ozone.scm.block.client.address.scmServiceId.scmNode-1: 127.0.0.1:41611
2022-10-14 14:33:20,942 [Time-limited test] INFO  ha.SCMHANodeDetails (ConfUtils.java:setNodeSpecificConfigs(97)) - Setting configuration key ozone.scm.client.address with value of key ozone.scm.client.address.scmServiceId.scmNode-1: 127.0.0.1:41761
2022-10-14 14:33:20,943 [Time-limited test] INFO  ha.SCMHANodeDetails (ConfUtils.java:setNodeSpecificConfigs(97)) - Setting configuration key ozone.scm.ratis.port with value of key ozone.scm.ratis.port.scmServiceId.scmNode-1: 45869
2022-10-14 14:33:20,943 [Time-limited test] INFO  ha.SCMHANodeDetails (ConfUtils.java:setNodeSpecificConfigs(97)) - Setting configuration key ozone.scm.grpc.port with value of key ozone.scm.grpc.port.scmServiceId.scmNode-1: 44707
2022-10-14 14:33:20,943 [Time-limited test] INFO  ha.SCMHANodeDetails (ConfUtils.java:setNodeSpecificConfigs(97)) - Setting configuration key ozone.scm.http-address with value of key ozone.scm.http-address.scmServiceId.scmNode-1: 127.0.0.1:46099
2022-10-14 14:33:20,943 [Time-limited test] INFO  ha.SCMHANodeDetails (ConfUtils.java:setNodeSpecificConfigs(97)) - Setting configuration key ozone.scm.https-address with value of key ozone.scm.https-address.scmServiceId.scmNode-1: 127.0.0.1:41621
2022-10-14 14:33:20,943 [Time-limited test] INFO  ha.SCMHANodeDetails (ConfUtils.java:setNodeSpecificConfigs(97)) - Setting configuration key ozone.scm.address with value of key ozone.scm.address.scmServiceId.scmNode-1: 127.0.0.1
2022-10-14 14:33:20,943 [Time-limited test] WARN  scm.ScmUtils (ScmUtils.java:logWarn(179)) - ConfigKey ozone.scm.block.client.address is deprecated, For configuring different ports for each SCM use PortConfigKey ozone.scm.block.client.port appended with serviceId and nodeId. If want to configure same port configure ozone.scm.block.client.port
2022-10-14 14:33:20,944 [Time-limited test] WARN  scm.ScmUtils (ScmUtils.java:logWarn(179)) - ConfigKey ozone.scm.client.address is deprecated, For configuring different ports for each SCM use PortConfigKey ozone.scm.client.port appended with serviceId and nodeId. If want to configure same port configure ozone.scm.client.port
2022-10-14 14:33:20,944 [Time-limited test] WARN  scm.ScmUtils (ScmUtils.java:logWarn(179)) - ConfigKey ozone.scm.datanode.address is deprecated, For configuring different ports for each SCM use PortConfigKey ozone.scm.datanode.port appended with serviceId and nodeId. If want to configure same port configure ozone.scm.datanode.port
2022-10-14 14:33:21,067 [Time-limited test] INFO  server.RaftServer (ConfUtils.java:logGet(46)) - raft.rpc.type = GRPC (default)
2022-10-14 14:33:21,172 [Time-limited test] INFO  grpc.GrpcFactory (GrpcFactory.java:checkPooledByteBufAllocatorUseCacheForAllThreads(48)) - PERFORMANCE WARNING: useCacheForAllThreads is true that may cause Netty to create a lot garbage objects and, as a result, trigger GC.
	It is recommended to disable useCacheForAllThreads by setting -Dorg.apache.ratis.thirdparty.io.netty.allocator.useCacheForAllThreads=false in command line.
2022-10-14 14:33:21,177 [Time-limited test] INFO  grpc.GrpcConfigKeys (ConfUtils.java:logGet(46)) - raft.grpc.admin.port = -1 (default)
2022-10-14 14:33:21,178 [Time-limited test] INFO  grpc.GrpcConfigKeys (ConfUtils.java:logGet(46)) - raft.grpc.server.port = 45869 (custom)
2022-10-14 14:33:21,179 [Time-limited test] INFO  grpc.GrpcConfigKeys (ConfUtils.java:logGet(46)) - raft.grpc.client.port = -1 (default)
2022-10-14 14:33:21,179 [Time-limited test] INFO  grpc.GrpcConfigKeys (ConfUtils.java:logGet(46)) - raft.grpc.server.port = 45869 (custom)
2022-10-14 14:33:21,180 [Time-limited test] INFO  grpc.GrpcConfigKeys (ConfUtils.java:logGet(46)) - raft.grpc.server.port = 45869 (custom)
2022-10-14 14:33:21,181 [Time-limited test] INFO  server.GrpcService (ConfUtils.java:logGet(46)) - raft.grpc.message.size.max = 32m (=33554432) (custom)
2022-10-14 14:33:21,183 [Time-limited test] INFO  server.RaftServerConfigKeys (ConfUtils.java:logGet(46)) - raft.server.log.appender.buffer.byte-limit = 33554432 (custom)
2022-10-14 14:33:21,184 [Time-limited test] INFO  server.GrpcService (ConfUtils.java:logGet(46)) - raft.grpc.flow.control.window = 1MB (=1048576) (default)
2022-10-14 14:33:21,185 [Time-limited test] INFO  server.RaftServerConfigKeys (ConfUtils.java:logGet(46)) - raft.server.rpc.request.timeout = 30000ms (custom)
2022-10-14 14:33:21,215 [Time-limited test] INFO  grpc.GrpcConfigKeys (ConfUtils.java:logGet(46)) - raft.grpc.server.async.request.thread.pool.cached = true (default)
2022-10-14 14:33:21,216 [Time-limited test] INFO  grpc.GrpcConfigKeys (ConfUtils.java:logGet(46)) - raft.grpc.server.async.request.thread.pool.size = 32 (default)
2022-10-14 14:33:21,592 [Time-limited test] INFO  impl.DataStreamServerImpl (ConfUtils.java:logGet(46)) - raft.datastream.type = DISABLED (default)
2022-10-14 14:33:21,596 [Time-limited test] INFO  server.RaftServerConfigKeys (ConfUtils.java:logGet(46)) - raft.server.threadpool.proxy.cached = true (default)
2022-10-14 14:33:21,596 [Time-limited test] INFO  server.RaftServerConfigKeys (ConfUtils.java:logGet(46)) - raft.server.threadpool.proxy.size = 0 (default)
2022-10-14 14:33:21,597 [Time-limited test] INFO  server.RaftServerConfigKeys (ConfUtils.java:logGet(46)) - raft.server.rpc.slowness.timeout = 120000ms (custom)
2022-10-14 14:33:21,597 [Time-limited test] INFO  server.RaftServerConfigKeys (ConfUtils.java:logGet(46)) - raft.server.leaderelection.leader.step-down.wait-time = 10s (default)
2022-10-14 14:33:21,600 [Time-limited test] INFO  server.RaftServerConfigKeys (ConfUtils.java:logGet(46)) - raft.server.storage.dir = [/home/runner/work/ozone/ozone/hadoop-ozone/integration-test/target/test-dir/MiniOzoneClusterImpl-d3474758-561c-4776-8c9d-79a83af4ab20/scmNode-1/scm-ha] (custom)
2022-10-14 14:33:21,610 [Time-limited test] INFO  server.RaftServer (RaftServerProxy.java:addNew(96)) - da235ff1-af49-4bd4-8bce-f7819ff62f3f: addNew group-79A83AF4AB20:[da235ff1-af49-4bd4-8bce-f7819ff62f3f|rpc:localhost:45869|priority:0] returns group-79A83AF4AB20:java.util.concurrent.CompletableFuture@1211e869[Not completed]
2022-10-14 14:33:21,633 [pool-2-thread-1] INFO  server.RaftServer$Division (RaftServerImpl.java:<init>(190)) - da235ff1-af49-4bd4-8bce-f7819ff62f3f: new RaftServerImpl for group-79A83AF4AB20:[da235ff1-af49-4bd4-8bce-f7819ff62f3f|rpc:localhost:45869|priority:0] with SCMStateMachine:uninitialized
2022-10-14 14:33:21,635 [pool-2-thread-1] INFO  server.RaftServerConfigKeys (ConfUtils.java:logGet(46)) - raft.server.rpc.timeout.min = 5000ms (custom)
2022-10-14 14:33:21,635 [pool-2-thread-1] INFO  server.RaftServerConfigKeys (ConfUtils.java:logGet(46)) - raft.server.rpc.timeout.max = 5200ms (custom)
2022-10-14 14:33:21,635 [pool-2-thread-1] INFO  server.RaftServerConfigKeys (ConfUtils.java:logGet(46)) - raft.server.rpc.sleep.time = 25ms (default)
2022-10-14 14:33:21,636 [pool-2-thread-1] INFO  server.RaftServerConfigKeys (ConfUtils.java:logGet(46)) - raft.server.rpc.slowness.timeout = 120000ms (custom)
2022-10-14 14:33:21,636 [pool-2-thread-1] INFO  server.RaftServerConfigKeys (ConfUtils.java:logGet(46)) - raft.server.leaderelection.leader.step-down.wait-time = 10s (default)
2022-10-14 14:33:21,636 [pool-2-thread-1] INFO  server.RaftServerConfigKeys (ConfUtils.java:logGet(46)) - raft.server.sleep.deviation.threshold = 300ms (default)
2022-10-14 14:33:21,655 [pool-2-thread-1] INFO  server.RaftServer$Division (ServerState.java:<init>(107)) - da235ff1-af49-4bd4-8bce-f7819ff62f3f@group-79A83AF4AB20: ConfigurationManager, init=-1: [da235ff1-af49-4bd4-8bce-f7819ff62f3f|rpc:localhost:45869|priority:0], old=null, confs=<EMPTY_MAP>
2022-10-14 14:33:21,656 [pool-2-thread-1] INFO  server.RaftServerConfigKeys (ConfUtils.java:logGet(46)) - raft.server.storage.dir = [/home/runner/work/ozone/ozone/hadoop-ozone/integration-test/target/test-dir/MiniOzoneClusterImpl-d3474758-561c-4776-8c9d-79a83af4ab20/scmNode-1/scm-ha] (custom)
2022-10-14 14:33:21,668 [pool-2-thread-1] INFO  server.RaftServerConfigKeys (ConfUtils.java:logGet(46)) - raft.server.log.corruption.policy = EXCEPTION (default)
2022-10-14 14:33:21,668 [pool-2-thread-1] INFO  server.RaftServerConfigKeys (ConfUtils.java:logGet(46)) - raft.server.storage.free-space.min = 0MB (=0) (default)
2022-10-14 14:33:21,670 [pool-2-thread-1] INFO  storage.RaftStorageDirectory (RaftStorageDirectoryImpl.java:analyzeStorage(135)) - The storage directory /home/runner/work/ozone/ozone/hadoop-ozone/integration-test/target/test-dir/MiniOzoneClusterImpl-d3474758-561c-4776-8c9d-79a83af4ab20/scmNode-1/scm-ha/d3474758-561c-4776-8c9d-79a83af4ab20 does not exist. Creating ...
2022-10-14 14:33:21,677 [pool-2-thread-1] INFO  storage.RaftStorageDirectory (RaftStorageDirectoryImpl.java:tryLock(230)) - Lock on /home/runner/work/ozone/ozone/hadoop-ozone/integration-test/target/test-dir/MiniOzoneClusterImpl-d3474758-561c-4776-8c9d-79a83af4ab20/scmNode-1/scm-ha/d3474758-561c-4776-8c9d-79a83af4ab20/in_use.lock acquired by nodename 2882@fv-az318-86
2022-10-14 14:33:21,688 [pool-2-thread-1] INFO  storage.RaftStorage (RaftStorageImpl.java:format(89)) - Storage directory /home/runner/work/ozone/ozone/hadoop-ozone/integration-test/target/test-dir/MiniOzoneClusterImpl-d3474758-561c-4776-8c9d-79a83af4ab20/scmNode-1/scm-ha/d3474758-561c-4776-8c9d-79a83af4ab20 has been successfully formatted.
2022-10-14 14:33:21,692 [pool-2-thread-1] INFO  server.RaftServerConfigKeys (ConfUtils.java:logGet(46)) - raft.server.notification.no-leader.timeout = 60s (default)
2022-10-14 14:33:21,694 [pool-2-thread-1] INFO  server.RaftServerConfigKeys (ConfUtils.java:logGet(46)) - raft.server.log.use.memory = false (default)
2022-10-14 14:33:21,706 [pool-2-thread-1] INFO  server.RaftServerConfigKeys (ConfUtils.java:logGet(46)) - raft.server.log.purge.gap = 1000000 (custom)
2022-10-14 14:33:21,706 [pool-2-thread-1] INFO  server.RaftServerConfigKeys (ConfUtils.java:logGet(46)) - raft.server.log.appender.buffer.byte-limit = 33554432 (custom)
2022-10-14 14:33:21,710 [pool-2-thread-1] INFO  server.RaftServerConfigKeys (ConfUtils.java:logGet(46)) - raft.server.log.statemachine.data.read.timeout = 1000ms (default)
2022-10-14 14:33:21,719 [pool-2-thread-1] INFO  metrics.MetricRegistries (MetricRegistriesLoader.java:load(64)) - Loaded MetricRegistries class org.apache.ratis.metrics.impl.MetricRegistriesImpl
2022-10-14 14:33:21,797 [pool-2-thread-1] INFO  server.RaftServerConfigKeys (ConfUtils.java:logGet(46)) - raft.server.log.segment.size.max = 4194304 (custom)
2022-10-14 14:33:21,805 [pool-2-thread-1] INFO  server.RaftServerConfigKeys (ConfUtils.java:logGet(46)) - raft.server.log.segment.cache.num.max = 2 (custom)
2022-10-14 14:33:21,806 [pool-2-thread-1] INFO  server.RaftServerConfigKeys (ConfUtils.java:logGet(46)) - raft.server.log.segment.cache.size.max = 200MB (=209715200) (default)
2022-10-14 14:33:21,813 [pool-2-thread-1] INFO  segmented.SegmentedRaftLogWorker (SegmentedRaftLogWorker.java:<init>(187)) - new da235ff1-af49-4bd4-8bce-f7819ff62f3f@group-79A83AF4AB20-SegmentedRaftLogWorker for RaftStorageImpl:Storage Directory /home/runner/work/ozone/ozone/hadoop-ozone/integration-test/target/test-dir/MiniOzoneClusterImpl-d3474758-561c-4776-8c9d-79a83af4ab20/scmNode-1/scm-ha/d3474758-561c-4776-8c9d-79a83af4ab20
2022-10-14 14:33:21,813 [pool-2-thread-1] INFO  server.RaftServerConfigKeys (ConfUtils.java:logGet(46)) - raft.server.log.queue.byte-limit = 64MB (=67108864) (default)
2022-10-14 14:33:21,814 [pool-2-thread-1] INFO  server.RaftServerConfigKeys (ConfUtils.java:logGet(46)) - raft.server.log.queue.element-limit = 4096 (default)
2022-10-14 14:33:21,815 [pool-2-thread-1] INFO  server.RaftServerConfigKeys (ConfUtils.java:logGet(46)) - raft.server.log.segment.size.max = 4194304 (custom)
2022-10-14 14:33:21,816 [pool-2-thread-1] INFO  server.RaftServerConfigKeys (ConfUtils.java:logGet(46)) - raft.server.log.preallocated.size = 4194304 (custom)
2022-10-14 14:33:21,816 [pool-2-thread-1] INFO  server.RaftServerConfigKeys (ConfUtils.java:logGet(46)) - raft.server.log.force.sync.num = 128 (default)
2022-10-14 14:33:21,817 [pool-2-thread-1] INFO  server.RaftServerConfigKeys (ConfUtils.java:logGet(46)) - raft.server.log.statemachine.data.sync = true (default)
2022-10-14 14:33:21,817 [pool-2-thread-1] INFO  server.RaftServerConfigKeys (ConfUtils.java:logGet(46)) - raft.server.log.statemachine.data.sync.timeout = 10s (default)
2022-10-14 14:33:21,818 [pool-2-thread-1] INFO  server.RaftServerConfigKeys (ConfUtils.java:logGet(46)) - raft.server.log.statemachine.data.sync.timeout.retry = -1 (default)
2022-10-14 14:33:21,828 [pool-2-thread-1] INFO  server.RaftServerConfigKeys (ConfUtils.java:logGet(46)) - raft.server.log.write.buffer.size = 64KB (=65536) (default)
2022-10-14 14:33:21,828 [pool-2-thread-1] INFO  server.RaftServerConfigKeys (ConfUtils.java:logGet(46)) - raft.server.log.unsafe-flush.enabled = false (default)
2022-10-14 14:33:21,829 [pool-2-thread-1] INFO  server.RaftServerConfigKeys (ConfUtils.java:logGet(46)) - raft.server.log.statemachine.data.caching.enabled = false (default)
2022-10-14 14:33:21,836 [pool-2-thread-1] INFO  segmented.SegmentedRaftLogWorker (SegmentedRaftLogWorker.java:lambda$new$0(135)) - da235ff1-af49-4bd4-8bce-f7819ff62f3f@group-79A83AF4AB20-SegmentedRaftLogWorker: flushIndex: setUnconditionally 0 -> -1
2022-10-14 14:33:21,836 [pool-2-thread-1] INFO  segmented.SegmentedRaftLogWorker (SegmentedRaftLogWorker.java:lambda$new$0(135)) - da235ff1-af49-4bd4-8bce-f7819ff62f3f@group-79A83AF4AB20-SegmentedRaftLogWorker: safeCacheEvictIndex: setUnconditionally 0 -> -1
2022-10-14 14:33:21,847 [pool-2-thread-1] INFO  server.RaftServerConfigKeys (ConfUtils.java:logGet(46)) - raft.server.snapshot.auto.trigger.enabled = true (custom)
2022-10-14 14:33:21,848 [pool-2-thread-1] INFO  server.RaftServerConfigKeys (ConfUtils.java:logGet(46)) - raft.server.snapshot.auto.trigger.threshold = 1000 (custom)
2022-10-14 14:33:21,849 [pool-2-thread-1] INFO  server.RaftServerConfigKeys (ConfUtils.java:logGet(46)) - raft.server.snapshot.retention.file.num = -1 (default)
2022-10-14 14:33:21,850 [pool-2-thread-1] INFO  server.RaftServerConfigKeys (ConfUtils.java:logGet(46)) - raft.server.log.purge.upto.snapshot.index = false (default)
2022-10-14 14:33:21,852 [pool-2-thread-1] INFO  server.RaftServerConfigKeys (ConfUtils.java:logGet(46)) - raft.server.retrycache.expirytime = 60000ms (default)
2022-10-14 14:33:21,852 [pool-2-thread-1] INFO  server.RaftServerConfigKeys (ConfUtils.java:logGet(46)) - raft.server.retrycache.statistics.expirytime = 100μs (default)
2022-10-14 14:33:21,912 [pool-2-thread-1] INFO  server.RaftServerConfigKeys (ConfUtils.java:logGet(46)) - raft.server.log.appender.install.snapshot.enabled = false (custom)
2022-10-14 14:33:21,914 [pool-2-thread-1] INFO  server.RaftServerConfigKeys (ConfUtils.java:logGet(46)) - raft.server.threadpool.server.cached = true (default)
2022-10-14 14:33:21,915 [pool-2-thread-1] INFO  server.RaftServerConfigKeys (ConfUtils.java:logGet(46)) - raft.server.threadpool.server.size = 0 (default)
2022-10-14 14:33:21,916 [pool-2-thread-1] INFO  server.RaftServerConfigKeys (ConfUtils.java:logGet(46)) - raft.server.threadpool.client.cached = true (default)
2022-10-14 14:33:21,916 [pool-2-thread-1] INFO  server.RaftServerConfigKeys (ConfUtils.java:logGet(46)) - raft.server.threadpool.client.size = 0 (default)
2022-10-14 14:33:21,918 [da235ff1-af49-4bd4-8bce-f7819ff62f3f-impl-thread1] INFO  server.RaftServer$Division (RaftServerImpl.java:start(310)) - da235ff1-af49-4bd4-8bce-f7819ff62f3f@group-79A83AF4AB20: start as a follower, conf=-1: [da235ff1-af49-4bd4-8bce-f7819ff62f3f|rpc:localhost:45869|priority:0], old=null
2022-10-14 14:33:21,918 [da235ff1-af49-4bd4-8bce-f7819ff62f3f-impl-thread1] INFO  server.RaftServer$Division (RaftServerImpl.java:setRole(299)) - da235ff1-af49-4bd4-8bce-f7819ff62f3f@group-79A83AF4AB20: changes role from      null to FOLLOWER at term 0 for startAsFollower
2022-10-14 14:33:21,919 [da235ff1-af49-4bd4-8bce-f7819ff62f3f-impl-thread1] INFO  impl.RoleInfo (RoleInfo.java:updateAndGet(139)) - da235ff1-af49-4bd4-8bce-f7819ff62f3f: start da235ff1-af49-4bd4-8bce-f7819ff62f3f@group-79A83AF4AB20-FollowerState
2022-10-14 14:33:21,921 [da235ff1-af49-4bd4-8bce-f7819ff62f3f-impl-thread1] INFO  util.JmxRegister (JmxRegister.java:tryRegister(44)) - Successfully registered JMX Bean with object name Ratis:service=RaftServer,group=group-79A83AF4AB20,id=da235ff1-af49-4bd4-8bce-f7819ff62f3f
2022-10-14 14:33:21,925 [Time-limited test] INFO  server.RaftServer (RaftServerProxy.java:lambda$start$6(382)) - da235ff1-af49-4bd4-8bce-f7819ff62f3f: start RPC server
2022-10-14 14:33:21,997 [Time-limited test] INFO  server.GrpcService (GrpcService.java:startImpl(260)) - da235ff1-af49-4bd4-8bce-f7819ff62f3f: GrpcService started, listening on 45869
2022-10-14 14:33:22,001 [org.apache.ratis.util.JvmPauseMonitor$$Lambda$519/1610556435@4b95031c] INFO  util.JvmPauseMonitor (JvmPauseMonitor.java:run(103)) - JvmPauseMonitor-da235ff1-af49-4bd4-8bce-f7819ff62f3f: Started
2022-10-14 14:33:27,105 [da235ff1-af49-4bd4-8bce-f7819ff62f3f@group-79A83AF4AB20-FollowerState] INFO  impl.FollowerState (FollowerState.java:run(143)) - da235ff1-af49-4bd4-8bce-f7819ff62f3f@group-79A83AF4AB20-FollowerState: change to CANDIDATE, lastRpcElapsedTime:5186746050ns, electionTimeout:5179ms
2022-10-14 14:33:27,107 [da235ff1-af49-4bd4-8bce-f7819ff62f3f@group-79A83AF4AB20-FollowerState] INFO  impl.RoleInfo (RoleInfo.java:shutdownFollowerState(110)) - da235ff1-af49-4bd4-8bce-f7819ff62f3f: shutdown da235ff1-af49-4bd4-8bce-f7819ff62f3f@group-79A83AF4AB20-FollowerState
2022-10-14 14:33:27,107 [da235ff1-af49-4bd4-8bce-f7819ff62f3f@group-79A83AF4AB20-FollowerState] INFO  server.RaftServer$Division (RaftServerImpl.java:setRole(299)) - da235ff1-af49-4bd4-8bce-f7819ff62f3f@group-79A83AF4AB20: changes role from  FOLLOWER to CANDIDATE at term 0 for changeToCandidate
2022-10-14 14:33:27,110 [da235ff1-af49-4bd4-8bce-f7819ff62f3f@group-79A83AF4AB20-FollowerState] INFO  server.RaftServerConfigKeys (ConfUtils.java:logGet(46)) - raft.server.leaderelection.pre-vote = false (custom)
2022-10-14 14:33:27,110 [da235ff1-af49-4bd4-8bce-f7819ff62f3f@group-79A83AF4AB20-FollowerState] INFO  impl.RoleInfo (RoleInfo.java:updateAndGet(139)) - da235ff1-af49-4bd4-8bce-f7819ff62f3f: start da235ff1-af49-4bd4-8bce-f7819ff62f3f@group-79A83AF4AB20-LeaderElection1
2022-10-14 14:33:27,114 [da235ff1-af49-4bd4-8bce-f7819ff62f3f@group-79A83AF4AB20-LeaderElection1] INFO  impl.LeaderElection (LeaderElection.java:askForVotes(310)) - da235ff1-af49-4bd4-8bce-f7819ff62f3f@group-79A83AF4AB20-LeaderElection1 ELECTION round 0: submit vote requests at term 1 for -1: [da235ff1-af49-4bd4-8bce-f7819ff62f3f|rpc:localhost:45869|priority:0], old=null
2022-10-14 14:33:27,115 [da235ff1-af49-4bd4-8bce-f7819ff62f3f@group-79A83AF4AB20-LeaderElection1] INFO  impl.LeaderElection (LeaderElection.java:askForVotes(312)) - da235ff1-af49-4bd4-8bce-f7819ff62f3f@group-79A83AF4AB20-LeaderElection1 ELECTION round 0: result PASSED (term=1)
2022-10-14 14:33:27,116 [da235ff1-af49-4bd4-8bce-f7819ff62f3f@group-79A83AF4AB20-LeaderElection1] INFO  impl.RoleInfo (RoleInfo.java:shutdownLeaderElection(130)) - da235ff1-af49-4bd4-8bce-f7819ff62f3f: shutdown da235ff1-af49-4bd4-8bce-f7819ff62f3f@group-79A83AF4AB20-LeaderElection1
2022-10-14 14:33:27,116 [da235ff1-af49-4bd4-8bce-f7819ff62f3f@group-79A83AF4AB20-LeaderElection1] INFO  server.RaftServer$Division (RaftServerImpl.java:setRole(299)) - da235ff1-af49-4bd4-8bce-f7819ff62f3f@group-79A83AF4AB20: changes role from CANDIDATE to LEADER at term 1 for changeToLeader
2022-10-14 14:33:27,117 [da235ff1-af49-4bd4-8bce-f7819ff62f3f@group-79A83AF4AB20-LeaderElection1] INFO  server.RaftServer$Division (ServerState.java:setLeader(287)) - da235ff1-af49-4bd4-8bce-f7819ff62f3f@group-79A83AF4AB20: change Leader from null to da235ff1-af49-4bd4-8bce-f7819ff62f3f at term 1 for becomeLeader, leader elected after 5425ms
2022-10-14 14:33:27,123 [da235ff1-af49-4bd4-8bce-f7819ff62f3f@group-79A83AF4AB20-LeaderElection1] INFO  server.RaftServerConfigKeys (ConfUtils.java:logGet(46)) - raft.server.staging.catchup.gap = 1000 (default)
2022-10-14 14:33:27,128 [da235ff1-af49-4bd4-8bce-f7819ff62f3f@group-79A83AF4AB20-LeaderElection1] INFO  server.RaftServerConfigKeys (ConfUtils.java:logGet(46)) - raft.server.write.element-limit = 4096 (default)
2022-10-14 14:33:27,129 [da235ff1-af49-4bd4-8bce-f7819ff62f3f@group-79A83AF4AB20-LeaderElection1] INFO  server.RaftServerConfigKeys (ConfUtils.java:logGet(46)) - raft.server.write.byte-limit = 64MB (=67108864) (default)
2022-10-14 14:33:27,136 [da235ff1-af49-4bd4-8bce-f7819ff62f3f@group-79A83AF4AB20-LeaderElection1] INFO  server.RaftServerConfigKeys (ConfUtils.java:logGet(46)) - raft.server.watch.timeout = 10s (default)
2022-10-14 14:33:27,136 [da235ff1-af49-4bd4-8bce-f7819ff62f3f@group-79A83AF4AB20-LeaderElection1] INFO  server.RaftServerConfigKeys (ConfUtils.java:logGet(46)) - raft.server.watch.timeout.denomination = 1s (default)
2022-10-14 14:33:27,137 [da235ff1-af49-4bd4-8bce-f7819ff62f3f@group-79A83AF4AB20-LeaderElection1] INFO  server.RaftServerConfigKeys (ConfUtils.java:logGet(46)) - raft.server.watch.element-limit = 65536 (default)
2022-10-14 14:33:27,142 [da235ff1-af49-4bd4-8bce-f7819ff62f3f@group-79A83AF4AB20-LeaderElection1] INFO  server.RaftServerConfigKeys (ConfUtils.java:logGet(46)) - raft.server.write.element-limit = 4096 (default)
2022-10-14 14:33:27,144 [da235ff1-af49-4bd4-8bce-f7819ff62f3f@group-79A83AF4AB20-LeaderElection1] INFO  server.RaftServerConfigKeys (ConfUtils.java:logGet(46)) - raft.server.write.follower.gap.ratio.max = -1.0 (default)
2022-10-14 14:33:27,146 [da235ff1-af49-4bd4-8bce-f7819ff62f3f@group-79A83AF4AB20-LeaderElection1] INFO  impl.RoleInfo (RoleInfo.java:updateAndGet(139)) - da235ff1-af49-4bd4-8bce-f7819ff62f3f: start da235ff1-af49-4bd4-8bce-f7819ff62f3f@group-79A83AF4AB20-LeaderStateImpl
2022-10-14 14:33:27,172 [da235ff1-af49-4bd4-8bce-f7819ff62f3f@group-79A83AF4AB20-LeaderElection1] INFO  segmented.SegmentedRaftLogWorker (SegmentedRaftLogWorker.java:startLogSegment(425)) - da235ff1-af49-4bd4-8bce-f7819ff62f3f@group-79A83AF4AB20-SegmentedRaftLogWorker: Starting segment from index:0
2022-10-14 14:33:27,207 [da235ff1-af49-4bd4-8bce-f7819ff62f3f@group-79A83AF4AB20-LeaderElection1] INFO  server.RaftServer$Division (ServerState.java:setRaftConf(393)) - da235ff1-af49-4bd4-8bce-f7819ff62f3f@group-79A83AF4AB20: set configuration 0: [da235ff1-af49-4bd4-8bce-f7819ff62f3f|rpc:localhost:45869|admin:|client:|dataStream:|priority:0], old=null
2022-10-14 14:33:27,263 [da235ff1-af49-4bd4-8bce-f7819ff62f3f@group-79A83AF4AB20-SegmentedRaftLogWorker] INFO  segmented.SegmentedRaftLogWorker (SegmentedRaftLogWorker.java:execute(629)) - da235ff1-af49-4bd4-8bce-f7819ff62f3f@group-79A83AF4AB20-SegmentedRaftLogWorker: created new log segment /home/runner/work/ozone/ozone/hadoop-ozone/integration-test/target/test-dir/MiniOzoneClusterImpl-d3474758-561c-4776-8c9d-79a83af4ab20/scmNode-1/scm-ha/d3474758-561c-4776-8c9d-79a83af4ab20/current/log_inprogress_0
2022-10-14 14:33:28,004 [Time-limited test] INFO  server.RaftServer (RaftServerProxy.java:lambda$close$7(398)) - da235ff1-af49-4bd4-8bce-f7819ff62f3f: close
2022-10-14 14:33:28,005 [Time-limited test] INFO  server.RaftServer$Division (RaftServerImpl.java:lambda$close$4(434)) - da235ff1-af49-4bd4-8bce-f7819ff62f3f@group-79A83AF4AB20: shutdown
2022-10-14 14:33:28,006 [Time-limited test] INFO  util.JmxRegister (JmxRegister.java:unregister(73)) - Successfully un-registered JMX Bean with object name Ratis:service=RaftServer,group=group-79A83AF4AB20,id=da235ff1-af49-4bd4-8bce-f7819ff62f3f
2022-10-14 14:33:28,006 [Time-limited test] INFO  impl.RoleInfo (RoleInfo.java:shutdownLeaderState(93)) - da235ff1-af49-4bd4-8bce-f7819ff62f3f: shutdown da235ff1-af49-4bd4-8bce-f7819ff62f3f@group-79A83AF4AB20-LeaderStateImpl
2022-10-14 14:33:28,013 [Time-limited test] INFO  impl.PendingRequests (PendingRequests.java:sendNotLeaderResponses(282)) - da235ff1-af49-4bd4-8bce-f7819ff62f3f@group-79A83AF4AB20-PendingRequests: sendNotLeaderResponses
2022-10-14 14:33:28,015 [Time-limited test] INFO  impl.StateMachineUpdater (StateMachineUpdater.java:stopAndJoin(153)) - da235ff1-af49-4bd4-8bce-f7819ff62f3f@group-79A83AF4AB20-StateMachineUpdater: set stopIndex = 0
2022-10-14 14:33:28,016 [da235ff1-af49-4bd4-8bce-f7819ff62f3f@group-79A83AF4AB20-StateMachineUpdater] INFO  impl.StateMachineUpdater (StateMachineUpdater.java:takeSnapshot(287)) - da235ff1-af49-4bd4-8bce-f7819ff62f3f@group-79A83AF4AB20-StateMachineUpdater: Took a snapshot at index 0
2022-10-14 14:33:28,016 [da235ff1-af49-4bd4-8bce-f7819ff62f3f@group-79A83AF4AB20-StateMachineUpdater] INFO  impl.StateMachineUpdater (StateMachineUpdater.java:lambda$new$0(92)) - da235ff1-af49-4bd4-8bce-f7819ff62f3f@group-79A83AF4AB20-StateMachineUpdater: snapshotIndex: updateIncreasingly -1 -> 0
2022-10-14 14:33:28,018 [Time-limited test] INFO  server.RaftServer$Division (ServerState.java:close(429)) - da235ff1-af49-4bd4-8bce-f7819ff62f3f@group-79A83AF4AB20: closes. applyIndex: 0
2022-10-14 14:33:28,019 [da235ff1-af49-4bd4-8bce-f7819ff62f3f@group-79A83AF4AB20-SegmentedRaftLogWorker] INFO  segmented.SegmentedRaftLogWorker (SegmentedRaftLogWorker.java:run(336)) - da235ff1-af49-4bd4-8bce-f7819ff62f3f@group-79A83AF4AB20-SegmentedRaftLogWorker was interrupted, exiting. There are 0 tasks remaining in the queue.
2022-10-14 14:33:28,022 [Time-limited test] INFO  segmented.SegmentedRaftLogWorker (SegmentedRaftLogWorker.java:close(246)) - da235ff1-af49-4bd4-8bce-f7819ff62f3f@group-79A83AF4AB20-SegmentedRaftLogWorker close()
2022-10-14 14:33:28,027 [Time-limited test] INFO  server.GrpcService (GrpcService.java:closeImpl(269)) - da235ff1-af49-4bd4-8bce-f7819ff62f3f: shutdown server with port 45869 now
2022-10-14 14:33:28,042 [Time-limited test] INFO  server.GrpcService (GrpcService.java:closeImpl(278)) - da235ff1-af49-4bd4-8bce-f7819ff62f3f: shutdown server with port 45869 successfully
2022-10-14 14:33:28,042 [org.apache.ratis.util.JvmPauseMonitor$$Lambda$519/1610556435@4b95031c] INFO  util.JvmPauseMonitor (JvmPauseMonitor.java:run(109)) - JvmPauseMonitor-da235ff1-af49-4bd4-8bce-f7819ff62f3f: Stopped
2022-10-14 14:33:28,042 [Time-limited test] WARN  server.ServerUtils (ServerUtils.java:getScmDbDir(148)) - ozone.scm.db.dirs is not configured. We recommend adding this setting. Falling back to ozone.metadata.dirs instead.
2022-10-14 14:33:28,046 [Time-limited test] INFO  server.StorageContainerManager (StorageContainerManager.java:scmInit(1216)) - SCM initialization succeeded. Current cluster id for sd=/home/runner/work/ozone/ozone/hadoop-ozone/integration-test/target/test-dir/MiniOzoneClusterImpl-d3474758-561c-4776-8c9d-79a83af4ab20/scmNode-1/scm; cid=d3474758-561c-4776-8c9d-79a83af4ab20; layoutVersion=4; scmId=da235ff1-af49-4bd4-8bce-f7819ff62f3f
2022-10-14 14:33:28,057 [Time-limited test] WARN  server.ServerUtils (ServerUtils.java:getScmDbDir(148)) - ozone.scm.db.dirs is not configured. We recommend adding this setting. Falling back to ozone.metadata.dirs instead.
2022-10-14 14:33:28,057 [Time-limited test] INFO  ha.SCMHANodeDetails (SCMHANodeDetails.java:loadSCMHAConfig(209)) - ServiceID for StorageContainerManager is scmServiceId
2022-10-14 14:33:28,057 [Time-limited test] INFO  ha.SCMHANodeDetails (SCMHANodeDetails.java:loadSCMHAConfig(220)) - ServiceID for StorageContainerManager is scmServiceId
2022-10-14 14:33:28,058 [Time-limited test] WARN  scm.ScmUtils (ScmUtils.java:logWarn(179)) - ConfigKey ozone.scm.block.client.address is deprecated, For configuring different ports for each SCM use PortConfigKey ozone.scm.block.client.port appended with serviceId and nodeId. If want to configure same port configure ozone.scm.block.client.port
2022-10-14 14:33:28,058 [Time-limited test] WARN  scm.ScmUtils (ScmUtils.java:logWarn(179)) - ConfigKey ozone.scm.client.address is deprecated, For configuring different ports for each SCM use PortConfigKey ozone.scm.client.port appended with serviceId and nodeId. If want to configure same port configure ozone.scm.client.port
2022-10-14 14:33:28,058 [Time-limited test] WARN  scm.ScmUtils (ScmUtils.java:logWarn(179)) - ConfigKey ozone.scm.datanode.address is deprecated, For configuring different ports for each SCM use PortConfigKey ozone.scm.datanode.port appended with serviceId and nodeId. If want to configure same port configure ozone.scm.datanode.port
2022-10-14 14:33:28,058 [Time-limited test] WARN  scm.ScmUtils (ScmUtils.java:logWarn(179)) - ConfigKey ozone.scm.block.client.address is deprecated, For configuring different ports for each SCM use PortConfigKey ozone.scm.block.client.port appended with serviceId and nodeId. If want to configure same port configure ozone.scm.block.client.port
2022-10-14 14:33:28,059 [Time-limited test] WARN  scm.ScmUtils (ScmUtils.java:logWarn(179)) - ConfigKey ozone.scm.client.address is deprecated, For configuring different ports for each SCM use PortConfigKey ozone.scm.client.port appended with serviceId and nodeId. If want to configure same port configure ozone.scm.client.port
2022-10-14 14:33:28,059 [Time-limited test] WARN  scm.ScmUtils (ScmUtils.java:logWarn(179)) - ConfigKey ozone.scm.datanode.address is deprecated, For configuring different ports for each SCM use PortConfigKey ozone.scm.datanode.port appended with serviceId and nodeId. If want to configure same port configure ozone.scm.datanode.port
2022-10-14 14:33:28,059 [Time-limited test] INFO  ha.SCMHANodeDetails (SCMHANodeDetails.java:loadSCMHAConfig(307)) - Found matching SCM address with SCMServiceId: scmServiceId, SCMNodeId: scmNode-1, RPC Address: localhost:45869 and Ratis port: 45869
2022-10-14 14:33:28,059 [Time-limited test] INFO  ha.SCMHANodeDetails (ConfUtils.java:setNodeSpecificConfigs(97)) - Setting configuration key ozone.scm.datanode.address with value of key ozone.scm.datanode.address.scmServiceId.scmNode-1: 127.0.0.1:38403
2022-10-14 14:33:28,059 [Time-limited test] INFO  ha.SCMHANodeDetails (ConfUtils.java:setNodeSpecificConfigs(97)) - Setting configuration key ozone.scm.block.client.address with value of key ozone.scm.block.client.address.scmServiceId.scmNode-1: 127.0.0.1:41611
2022-10-14 14:33:28,059 [Time-limited test] INFO  ha.SCMHANodeDetails (ConfUtils.java:setNodeSpecificConfigs(97)) - Setting configuration key ozone.scm.client.address with value of key ozone.scm.client.address.scmServiceId.scmNode-1: 127.0.0.1:41761
2022-10-14 14:33:28,059 [Time-limited test] INFO  ha.SCMHANodeDetails (ConfUtils.java:setNodeSpecificConfigs(97)) - Setting configuration key ozone.scm.ratis.port with value of key ozone.scm.ratis.port.scmServiceId.scmNode-1: 45869
2022-10-14 14:33:28,060 [Time-limited test] INFO  ha.SCMHANodeDetails (ConfUtils.java:setNodeSpecificConfigs(97)) - Setting configuration key ozone.scm.grpc.port with value of key ozone.scm.grpc.port.scmServiceId.scmNode-1: 44707
2022-10-14 14:33:28,060 [Time-limited test] INFO  ha.SCMHANodeDetails (ConfUtils.java:setNodeSpecificConfigs(97)) - Setting configuration key ozone.scm.http-address with value of key ozone.scm.http-address.scmServiceId.scmNode-1: 127.0.0.1:46099
2022-10-14 14:33:28,060 [Time-limited test] INFO  ha.SCMHANodeDetails (ConfUtils.java:setNodeSpecificConfigs(97)) - Setting configuration key ozone.scm.https-address with value of key ozone.scm.https-address.scmServiceId.scmNode-1: 127.0.0.1:41621
2022-10-14 14:33:28,060 [Time-limited test] INFO  ha.SCMHANodeDetails (ConfUtils.java:setNodeSpecificConfigs(97)) - Setting configuration key ozone.scm.address with value of key ozone.scm.address.scmServiceId.scmNode-1: 127.0.0.1
2022-10-14 14:33:28,060 [Time-limited test] WARN  scm.ScmUtils (ScmUtils.java:logWarn(179)) - ConfigKey ozone.scm.block.client.address is deprecated, For configuring different ports for each SCM use PortConfigKey ozone.scm.block.client.port appended with serviceId and nodeId. If want to configure same port configure ozone.scm.block.client.port
2022-10-14 14:33:28,060 [Time-limited test] WARN  scm.ScmUtils (ScmUtils.java:logWarn(179)) - ConfigKey ozone.scm.client.address is deprecated, For configuring different ports for each SCM use PortConfigKey ozone.scm.client.port appended with serviceId and nodeId. If want to configure same port configure ozone.scm.client.port
2022-10-14 14:33:28,060 [Time-limited test] WARN  scm.ScmUtils (ScmUtils.java:logWarn(179)) - ConfigKey ozone.scm.datanode.address is deprecated, For configuring different ports for each SCM use PortConfigKey ozone.scm.datanode.port appended with serviceId and nodeId. If want to configure same port configure ozone.scm.datanode.port
2022-10-14 14:33:28,420 [Time-limited test] WARN  utils.HAUtils (HAUtils.java:getMetaDir(342)) - ozone.scm.db.dirs is not configured. We recommend adding this setting. Falling back to ozone.metadata.dirs instead.
2022-10-14 14:33:28,569 [Time-limited test] WARN  db.DBStoreBuilder (DBStoreBuilder.java:applyDBDefinition(144)) - ozone.scm.db.dirs is not configured. We recommend adding this setting. Falling back to ozone.metadata.dirs instead.
2022-10-14 14:33:28,831 [Time-limited test] INFO  net.NodeSchemaLoader (NodeSchemaLoader.java:loadSchemaFromFile(129)) - Loading schema from [jar:file:/home/runner/.m2/repository/org/apache/ozone/hdds-common/1.3.0-SNAPSHOT/hdds-common-1.3.0-SNAPSHOT.jar!/network-topology-default.xml]
2022-10-14 14:33:28,833 [Time-limited test] INFO  net.NodeSchemaLoader (NodeSchemaLoader.java:loadSchema(176)) - Loading network topology layer schema file
2022-10-14 14:33:28,882 [Time-limited test] INFO  ha.SCMRatisServerImpl (SCMRatisServerImpl.java:<init>(87)) - starting Raft server for scm:da235ff1-af49-4bd4-8bce-f7819ff62f3f
2022-10-14 14:33:28,886 [Time-limited test] INFO  server.RaftServer (ConfUtils.java:logGet(46)) - raft.rpc.type = GRPC (default)
2022-10-14 14:33:28,887 [Time-limited test] INFO  grpc.GrpcFactory (GrpcFactory.java:checkPooledByteBufAllocatorUseCacheForAllThreads(48)) - PERFORMANCE WARNING: useCacheForAllThreads is true that may cause Netty to create a lot garbage objects and, as a result, trigger GC.
	It is recommended to disable useCacheForAllThreads by setting -Dorg.apache.ratis.thirdparty.io.netty.allocator.useCacheForAllThreads=false in command line.
2022-10-14 14:33:28,887 [Time-limited test] INFO  grpc.GrpcConfigKeys (ConfUtils.java:logGet(46)) - raft.grpc.admin.port = -1 (default)
2022-10-14 14:33:28,887 [Time-limited test] INFO  grpc.GrpcConfigKeys (ConfUtils.java:logGet(46)) - raft.grpc.server.port = 45869 (custom)
2022-10-14 14:33:28,887 [Time-limited test] INFO  grpc.GrpcConfigKeys (ConfUtils.java:logGet(46)) - raft.grpc.client.port = -1 (default)
2022-10-14 14:33:28,887 [Time-limited test] INFO  grpc.GrpcConfigKeys (ConfUtils.java:logGet(46)) - raft.grpc.server.port = 45869 (custom)
2022-10-14 14:33:28,887 [Time-limited test] INFO  grpc.GrpcConfigKeys (ConfUtils.java:logGet(46)) - raft.grpc.server.port = 45869 (custom)
2022-10-14 14:33:28,888 [Time-limited test] INFO  server.GrpcService (ConfUtils.java:logGet(46)) - raft.grpc.message.size.max = 32m (=33554432) (custom)
2022-10-14 14:33:28,888 [Time-limited test] INFO  server.RaftServerConfigKeys (ConfUtils.java:logGet(46)) - raft.server.log.appender.buffer.byte-limit = 33554432 (custom)
2022-10-14 14:33:28,888 [Time-limited test] INFO  server.GrpcService (ConfUtils.java:logGet(46)) - raft.grpc.flow.control.window = 1MB (=1048576) (default)
2022-10-14 14:33:28,888 [Time-limited test] INFO  server.RaftServerConfigKeys (ConfUtils.java:logGet(46)) - raft.server.rpc.request.timeout = 30000ms (custom)
2022-10-14 14:33:28,888 [Time-limited test] INFO  grpc.GrpcConfigKeys (ConfUtils.java:logGet(46)) - raft.grpc.server.async.request.thread.pool.cached = true (default)
2022-10-14 14:33:28,888 [Time-limited test] INFO  grpc.GrpcConfigKeys (ConfUtils.java:logGet(46)) - raft.grpc.server.async.request.thread.pool.size = 32 (default)
2022-10-14 14:33:28,889 [Time-limited test] INFO  impl.DataStreamServerImpl (ConfUtils.java:logGet(46)) - raft.datastream.type = DISABLED (default)
2022-10-14 14:33:28,890 [Time-limited test] INFO  server.RaftServerConfigKeys (ConfUtils.java:logGet(46)) - raft.server.threadpool.proxy.cached = true (default)
2022-10-14 14:33:28,890 [Time-limited test] INFO  server.RaftServerConfigKeys (ConfUtils.java:logGet(46)) - raft.server.threadpool.proxy.size = 0 (default)
2022-10-14 14:33:28,890 [Time-limited test] INFO  server.RaftServerConfigKeys (ConfUtils.java:logGet(46)) - raft.server.rpc.slowness.timeout = 120000ms (custom)
2022-10-14 14:33:28,890 [Time-limited test] INFO  server.RaftServerConfigKeys (ConfUtils.java:logGet(46)) - raft.server.leaderelection.leader.step-down.wait-time = 10s (default)
2022-10-14 14:33:28,890 [Time-limited test] INFO  server.RaftServerConfigKeys (ConfUtils.java:logGet(46)) - raft.server.storage.dir = [/home/runner/work/ozone/ozone/hadoop-ozone/integration-test/target/test-dir/MiniOzoneClusterImpl-d3474758-561c-4776-8c9d-79a83af4ab20/scmNode-1/scm-ha] (custom)
2022-10-14 14:33:28,892 [da235ff1-af49-4bd4-8bce-f7819ff62f3f-impl-thread1] INFO  server.RaftServer (RaftServerProxy.java:initGroupDir(247)) - da235ff1-af49-4bd4-8bce-f7819ff62f3f: found a subdirectory /home/runner/work/ozone/ozone/hadoop-ozone/integration-test/target/test-dir/MiniOzoneClusterImpl-d3474758-561c-4776-8c9d-79a83af4ab20/scmNode-1/scm-ha/d3474758-561c-4776-8c9d-79a83af4ab20
2022-10-14 14:33:28,892 [Time-limited test] INFO  server.RaftServer (RaftServerProxy.java:addNew(96)) - da235ff1-af49-4bd4-8bce-f7819ff62f3f: addNew group-79A83AF4AB20:[] returns group-79A83AF4AB20:java.util.concurrent.CompletableFuture@507841aa[Not completed]
2022-10-14 14:33:28,896 [pool-19-thread-1] INFO  server.RaftServer$Division (RaftServerImpl.java:<init>(190)) - da235ff1-af49-4bd4-8bce-f7819ff62f3f: new RaftServerImpl for group-79A83AF4AB20:[] with SCMStateMachine:uninitialized
2022-10-14 14:33:28,896 [pool-19-thread-1] INFO  server.RaftServerConfigKeys (ConfUtils.java:logGet(46)) - raft.server.rpc.timeout.min = 5000ms (custom)
2022-10-14 14:33:28,896 [pool-19-thread-1] INFO  server.RaftServerConfigKeys (ConfUtils.java:logGet(46)) - raft.server.rpc.timeout.max = 5200ms (custom)
2022-10-14 14:33:28,896 [pool-19-thread-1] INFO  server.RaftServerConfigKeys (ConfUtils.java:logGet(46)) - raft.server.rpc.sleep.time = 25ms (default)
2022-10-14 14:33:28,896 [pool-19-thread-1] INFO  server.RaftServerConfigKeys (ConfUtils.java:logGet(46)) - raft.server.rpc.slowness.timeout = 120000ms (custom)
2022-10-14 14:33:28,896 [pool-19-thread-1] INFO  server.RaftServerConfigKeys (ConfUtils.java:logGet(46)) - raft.server.leaderelection.leader.step-down.wait-time = 10s (default)
2022-10-14 14:33:28,896 [pool-19-thread-1] INFO  server.RaftServerConfigKeys (ConfUtils.java:logGet(46)) - raft.server.sleep.deviation.threshold = 300ms (default)
2022-10-14 14:33:28,897 [pool-19-thread-1] INFO  server.RaftServer$Division (ServerState.java:<init>(107)) - da235ff1-af49-4bd4-8bce-f7819ff62f3f@group-79A83AF4AB20: ConfigurationManager, init=-1: [], old=null, confs=<EMPTY_MAP>
2022-10-14 14:33:28,897 [pool-19-thread-1] INFO  server.RaftServerConfigKeys (ConfUtils.java:logGet(46)) - raft.server.storage.dir = [/home/runner/work/ozone/ozone/hadoop-ozone/integration-test/target/test-dir/MiniOzoneClusterImpl-d3474758-561c-4776-8c9d-79a83af4ab20/scmNode-1/scm-ha] (custom)
2022-10-14 14:33:28,897 [pool-19-thread-1] INFO  server.RaftServerConfigKeys (ConfUtils.java:logGet(46)) - raft.server.log.corruption.policy = EXCEPTION (default)
2022-10-14 14:33:28,897 [pool-19-thread-1] INFO  server.RaftServerConfigKeys (ConfUtils.java:logGet(46)) - raft.server.storage.free-space.min = 0MB (=0) (default)
2022-10-14 14:33:28,899 [pool-19-thread-1] INFO  storage.RaftStorageDirectory (RaftStorageDirectoryImpl.java:tryLock(230)) - Lock on /home/runner/work/ozone/ozone/hadoop-ozone/integration-test/target/test-dir/MiniOzoneClusterImpl-d3474758-561c-4776-8c9d-79a83af4ab20/scmNode-1/scm-ha/d3474758-561c-4776-8c9d-79a83af4ab20/in_use.lock acquired by nodename 2882@fv-az318-86
2022-10-14 14:33:28,900 [pool-19-thread-1] INFO  storage.RaftStorage (RaftStorageImpl.java:analyzeAndRecoverStorage(110)) - Read RaftStorageMetadata{term=1, votedFor=da235ff1-af49-4bd4-8bce-f7819ff62f3f} from /home/runner/work/ozone/ozone/hadoop-ozone/integration-test/target/test-dir/MiniOzoneClusterImpl-d3474758-561c-4776-8c9d-79a83af4ab20/scmNode-1/scm-ha/d3474758-561c-4776-8c9d-79a83af4ab20/current/raft-meta
2022-10-14 14:33:28,908 [pool-19-thread-1] INFO  server.RaftServer$Division (ServerState.java:setRaftConf(393)) - da235ff1-af49-4bd4-8bce-f7819ff62f3f@group-79A83AF4AB20: set configuration 0: [da235ff1-af49-4bd4-8bce-f7819ff62f3f|rpc:localhost:45869|admin:|client:|dataStream:|priority:0], old=null
2022-10-14 14:33:28,908 [pool-19-thread-1] INFO  server.RaftServerConfigKeys (ConfUtils.java:logGet(46)) - raft.server.notification.no-leader.timeout = 60s (default)
2022-10-14 14:33:28,909 [pool-19-thread-1] INFO  server.RaftServerConfigKeys (ConfUtils.java:logGet(46)) - raft.server.log.use.memory = false (default)
2022-10-14 14:33:28,909 [pool-19-thread-1] INFO  server.RaftServerConfigKeys (ConfUtils.java:logGet(46)) - raft.server.log.purge.gap = 1000000 (custom)
2022-10-14 14:33:28,909 [pool-19-thread-1] INFO  server.RaftServerConfigKeys (ConfUtils.java:logGet(46)) - raft.server.log.appender.buffer.byte-limit = 33554432 (custom)
2022-10-14 14:33:28,909 [pool-19-thread-1] INFO  server.RaftServerConfigKeys (ConfUtils.java:logGet(46)) - raft.server.log.statemachine.data.read.timeout = 1000ms (default)
2022-10-14 14:33:28,912 [pool-19-thread-1] INFO  server.RaftServerConfigKeys (ConfUtils.java:logGet(46)) - raft.server.log.segment.size.max = 4194304 (custom)
2022-10-14 14:33:28,912 [pool-19-thread-1] INFO  server.RaftServerConfigKeys (ConfUtils.java:logGet(46)) - raft.server.log.segment.cache.num.max = 2 (custom)
2022-10-14 14:33:28,912 [pool-19-thread-1] INFO  server.RaftServerConfigKeys (ConfUtils.java:logGet(46)) - raft.server.log.segment.cache.size.max = 200MB (=209715200) (default)
2022-10-14 14:33:28,912 [pool-19-thread-1] INFO  segmented.SegmentedRaftLogWorker (SegmentedRaftLogWorker.java:<init>(187)) - new da235ff1-af49-4bd4-8bce-f7819ff62f3f@group-79A83AF4AB20-SegmentedRaftLogWorker for RaftStorageImpl:Storage Directory /home/runner/work/ozone/ozone/hadoop-ozone/integration-test/target/test-dir/MiniOzoneClusterImpl-d3474758-561c-4776-8c9d-79a83af4ab20/scmNode-1/scm-ha/d3474758-561c-4776-8c9d-79a83af4ab20
2022-10-14 14:33:28,912 [pool-19-thread-1] INFO  server.RaftServerConfigKeys (ConfUtils.java:logGet(46)) - raft.server.log.queue.byte-limit = 64MB (=67108864) (default)
2022-10-14 14:33:28,913 [pool-19-thread-1] INFO  server.RaftServerConfigKeys (ConfUtils.java:logGet(46)) - raft.server.log.queue.element-limit = 4096 (default)
2022-10-14 14:33:28,913 [pool-19-thread-1] INFO  server.RaftServerConfigKeys (ConfUtils.java:logGet(46)) - raft.server.log.segment.size.max = 4194304 (custom)
2022-10-14 14:33:28,913 [pool-19-thread-1] INFO  server.RaftServerConfigKeys (ConfUtils.java:logGet(46)) - raft.server.log.preallocated.size = 4194304 (custom)
2022-10-14 14:33:28,913 [pool-19-thread-1] INFO  server.RaftServerConfigKeys (ConfUtils.java:logGet(46)) - raft.server.log.force.sync.num = 128 (default)
2022-10-14 14:33:28,913 [pool-19-thread-1] INFO  server.RaftServerConfigKeys (ConfUtils.java:logGet(46)) - raft.server.log.statemachine.data.sync = true (default)
2022-10-14 14:33:28,913 [pool-19-thread-1] INFO  server.RaftServerConfigKeys (ConfUtils.java:logGet(46)) - raft.server.log.statemachine.data.sync.timeout = 10s (default)
2022-10-14 14:33:28,913 [pool-19-thread-1] INFO  server.RaftServerConfigKeys (ConfUtils.java:logGet(46)) - raft.server.log.statemachine.data.sync.timeout.retry = -1 (default)
2022-10-14 14:33:28,914 [pool-19-thread-1] INFO  server.RaftServerConfigKeys (ConfUtils.java:logGet(46)) - raft.server.log.write.buffer.size = 64KB (=65536) (default)
2022-10-14 14:33:28,914 [pool-19-thread-1] INFO  server.RaftServerConfigKeys (ConfUtils.java:logGet(46)) - raft.server.log.unsafe-flush.enabled = false (default)
2022-10-14 14:33:28,914 [pool-19-thread-1] INFO  server.RaftServerConfigKeys (ConfUtils.java:logGet(46)) - raft.server.log.statemachine.data.caching.enabled = false (default)
2022-10-14 14:33:28,921 [pool-19-thread-1] INFO  server.RaftServer$Division (ServerState.java:setRaftConf(393)) - da235ff1-af49-4bd4-8bce-f7819ff62f3f@group-79A83AF4AB20: set configuration 0: [da235ff1-af49-4bd4-8bce-f7819ff62f3f|rpc:localhost:45869|admin:|client:|dataStream:|priority:0], old=null
2022-10-14 14:33:28,922 [pool-19-thread-1] INFO  segmented.LogSegment (LogSegment.java:loadSegment(173)) - Successfully read 1 entries from segment file /home/runner/work/ozone/ozone/hadoop-ozone/integration-test/target/test-dir/MiniOzoneClusterImpl-d3474758-561c-4776-8c9d-79a83af4ab20/scmNode-1/scm-ha/d3474758-561c-4776-8c9d-79a83af4ab20/current/log_inprogress_0
2022-10-14 14:33:28,922 [pool-19-thread-1] INFO  segmented.SegmentedRaftLogWorker (SegmentedRaftLogWorker.java:lambda$new$0(135)) - da235ff1-af49-4bd4-8bce-f7819ff62f3f@group-79A83AF4AB20-SegmentedRaftLogWorker: flushIndex: setUnconditionally 0 -> 0
2022-10-14 14:33:28,922 [pool-19-thread-1] INFO  segmented.SegmentedRaftLogWorker (SegmentedRaftLogWorker.java:lambda$new$0(135)) - da235ff1-af49-4bd4-8bce-f7819ff62f3f@group-79A83AF4AB20-SegmentedRaftLogWorker: safeCacheEvictIndex: setUnconditionally 0 -> -1
2022-10-14 14:33:28,924 [pool-19-thread-1] INFO  server.RaftServerConfigKeys (ConfUtils.java:logGet(46)) - raft.server.snapshot.auto.trigger.enabled = true (custom)
2022-10-14 14:33:28,924 [pool-19-thread-1] INFO  server.RaftServerConfigKeys (ConfUtils.java:logGet(46)) - raft.server.snapshot.auto.trigger.threshold = 1000 (custom)
2022-10-14 14:33:28,925 [pool-19-thread-1] INFO  server.RaftServerConfigKeys (ConfUtils.java:logGet(46)) - raft.server.snapshot.retention.file.num = -1 (default)
2022-10-14 14:33:28,925 [pool-19-thread-1] INFO  server.RaftServerConfigKeys (ConfUtils.java:logGet(46)) - raft.server.log.purge.upto.snapshot.index = false (default)
2022-10-14 14:33:28,925 [pool-19-thread-1] INFO  server.RaftServerConfigKeys (ConfUtils.java:logGet(46)) - raft.server.retrycache.expirytime = 60000ms (default)
2022-10-14 14:33:28,925 [pool-19-thread-1] INFO  server.RaftServerConfigKeys (ConfUtils.java:logGet(46)) - raft.server.retrycache.statistics.expirytime = 100μs (default)
2022-10-14 14:33:28,926 [pool-19-thread-1] INFO  server.RaftServerConfigKeys (ConfUtils.java:logGet(46)) - raft.server.log.appender.install.snapshot.enabled = false (custom)
2022-10-14 14:33:28,926 [pool-19-thread-1] INFO  server.RaftServerConfigKeys (ConfUtils.java:logGet(46)) - raft.server.threadpool.server.cached = true (default)
2022-10-14 14:33:28,926 [pool-19-thread-1] INFO  server.RaftServerConfigKeys (ConfUtils.java:logGet(46)) - raft.server.threadpool.server.size = 0 (default)
2022-10-14 14:33:28,927 [pool-19-thread-1] INFO  server.RaftServerConfigKeys (ConfUtils.java:logGet(46)) - raft.server.threadpool.client.cached = true (default)
2022-10-14 14:33:28,927 [pool-19-thread-1] INFO  server.RaftServerConfigKeys (ConfUtils.java:logGet(46)) - raft.server.threadpool.client.size = 0 (default)
2022-10-14 14:33:28,928 [Time-limited test] INFO  ha.SCMSnapshotProvider (SCMSnapshotProvider.java:<init>(66)) - Initializing SCM Snapshot Provider
2022-10-14 14:33:28,929 [Time-limited test] WARN  server.ServerUtils (ServerUtils.java:getDefaultRatisDirectory(237)) - Storage directory for Ratis is not configured. It is a good idea to map this to an SSD disk. Falling back to ozone.metadata.dirs
2022-10-14 14:33:28,929 [Time-limited test] WARN  ha.SCMHAUtils (SCMHAUtils.java:getSCMRatisSnapshotDirectory(153)) - SCM snapshot dir is not configured. Falling back to ozone.metadata.dirs config
2022-10-14 14:33:29,038 [Time-limited test] INFO  upgrade.AbstractLayoutVersionManager (AbstractLayoutVersionManager.java:init(83)) - Initializing Layout version manager with metadata layout = DATANODE_SCHEMA_V3 (version = 4), software layout = DATANODE_SCHEMA_V3 (version = 4)
2022-10-14 14:33:29,183 [Time-limited test] INFO  reflections.Reflections (Reflections.java:scan(232)) - Reflections took 119 ms to scan 7 urls, producing 137 keys and 328 values 
2022-10-14 14:33:29,267 [Time-limited test] INFO  ha.SequenceIdGenerator (SequenceIdGenerator.java:upgradeToSequenceId(349)) - upgrade localId to 109611004723200000
2022-10-14 14:33:29,267 [Time-limited test] INFO  ha.SequenceIdGenerator (SequenceIdGenerator.java:upgradeToSequenceId(359)) - upgrade delTxnId to 0
2022-10-14 14:33:29,271 [Time-limited test] INFO  ha.SequenceIdGenerator (SequenceIdGenerator.java:upgradeToSequenceId(376)) - upgrade containerId to 0
2022-10-14 14:33:29,273 [Time-limited test] INFO  ha.SequenceIdGenerator (SequenceIdGenerator.java:<init>(220)) - Init the HA SequenceIdGenerator.
2022-10-14 14:33:29,318 [Time-limited test] INFO  node.SCMNodeManager (SCMNodeManager.java:<init>(149)) - Entering startup safe mode.
2022-10-14 14:33:29,376 [Time-limited test] INFO  algorithms.ContainerPlacementPolicyFactory (ContainerPlacementPolicyFactory.java:getPolicyInternal(86)) - Create container placement policy of type org.apache.hadoop.hdds.scm.container.placement.algorithms.SCMContainerPlacementRandom
2022-10-14 14:33:29,377 [Time-limited test] INFO  algorithms.ContainerPlacementPolicyFactory (ContainerPlacementPolicyFactory.java:getPolicyInternal(86)) - Create container placement policy of type org.apache.hadoop.hdds.scm.container.placement.algorithms.SCMContainerPlacementRackScatter
2022-10-14 14:33:29,386 [Time-limited test] INFO  pipeline.PipelineStateManagerImpl (PipelineStateManagerImpl.java:initialize(78)) - No pipeline exists in current db
2022-10-14 14:33:29,420 [Time-limited test] INFO  algorithms.LeaderChoosePolicyFactory (LeaderChoosePolicyFactory.java:getPolicy(57)) - Create leader choose policy of type org.apache.hadoop.hdds.scm.pipeline.leader.choose.algorithms.MinLeaderCountChoosePolicy
2022-10-14 14:33:29,420 [Time-limited test] INFO  algorithms.ContainerPlacementPolicyFactory (ContainerPlacementPolicyFactory.java:getPolicyInternal(86)) - Create container placement policy of type org.apache.hadoop.hdds.scm.container.placement.algorithms.SCMContainerPlacementRackScatter
2022-10-14 14:33:29,426 [Time-limited test] INFO  ha.SCMServiceManager (SCMServiceManager.java:register(42)) - Registering service BackgroundPipelineCreator.
2022-10-14 14:33:29,426 [Time-limited test] INFO  pipeline.BackgroundPipelineCreator (BackgroundPipelineCreator.java:start(124)) - Starting RatisPipelineUtilsThread.
2022-10-14 14:33:29,429 [Time-limited test] INFO  BackgroundPipelineScrubber (BackgroundSCMService.java:start(68)) - Starting BackgroundPipelineScrubber Service.
2022-10-14 14:33:29,432 [Time-limited test] INFO  ha.SCMServiceManager (SCMServiceManager.java:register(42)) - Registering service BackgroundPipelineScrubber.
2022-10-14 14:33:29,438 [Time-limited test] INFO  ExpiredContainerReplicaOpScrubber (BackgroundSCMService.java:start(68)) - Starting ExpiredContainerReplicaOpScrubber Service.
2022-10-14 14:33:29,448 [Time-limited test] INFO  ha.SCMServiceManager (SCMServiceManager.java:register(42)) - Registering service ExpiredContainerReplicaOpScrubber.
2022-10-14 14:33:29,489 [Time-limited test] INFO  algorithms.PipelineChoosePolicyFactory (PipelineChoosePolicyFactory.java:createPipelineChoosePolicyFromClass(73)) - Create pipeline choose policy of type org.apache.hadoop.hdds.scm.pipeline.choose.algorithms.RandomPipelineChoosePolicy
2022-10-14 14:33:29,511 [Time-limited test] INFO  ha.SCMServiceManager (SCMServiceManager.java:register(42)) - Registering service SCMBlockDeletingService.
2022-10-14 14:33:29,565 [Time-limited test] INFO  replication.ReplicationManager (ReplicationManager.java:start(223)) - Starting Replication Monitor Thread.
2022-10-14 14:33:29,576 [Time-limited test] INFO  ha.SCMServiceManager (SCMServiceManager.java:register(42)) - Registering service ReplicationManager.
2022-10-14 14:33:29,580 [ReplicationMonitor] INFO  replication.ReplicationManager (ReplicationManager.java:processAll(291)) - Replication Manager is not ready to run until 300000ms after safemode exit
2022-10-14 14:33:29,585 [Time-limited test] INFO  safemode.ContainerSafeModeRule (ContainerSafeModeRule.java:<init>(89)) - containers with one replica threshold count 0
2022-10-14 14:33:29,590 [Time-limited test] INFO  safemode.HealthyPipelineSafeModeRule (HealthyPipelineSafeModeRule.java:initializeRule(169)) - Total pipeline count is 0, healthy pipeline threshold count is 1
2022-10-14 14:33:29,593 [Time-limited test] INFO  safemode.OneReplicaPipelineSafeModeRule (OneReplicaPipelineSafeModeRule.java:initializeRule(180)) - Total pipeline count is 0, pipeline's with at least one datanode reported threshold count is 0
2022-10-14 14:33:29,965 [Time-limited test] INFO  audit.AuditLogger (AuditLogger.java:refreshDebugCmdSet(126)) - Refresh DebugCmdSet for SCMAudit to [].
2022-10-14 14:33:30,001 [Time-limited test] INFO  ipc.CallQueueManager (CallQueueManager.java:<init>(90)) - Using callQueue: class java.util.concurrent.LinkedBlockingQueue, queueCapacity: 10000, scheduler: class org.apache.hadoop.ipc.DefaultRpcScheduler, ipcBackoff: false.
2022-10-14 14:33:30,044 [Socket Reader #1 for port 38403] INFO  ipc.Server (Server.java:run(1273)) - Starting Socket Reader #1 for port 38403
2022-10-14 14:33:30,119 [Listener at 0.0.0.0/38403] INFO  audit.AuditLogger (AuditLogger.java:refreshDebugCmdSet(126)) - Refresh DebugCmdSet for SCMAudit to [].
2022-10-14 14:33:30,125 [Listener at 0.0.0.0/38403] INFO  ipc.CallQueueManager (CallQueueManager.java:<init>(90)) - Using callQueue: class java.util.concurrent.LinkedBlockingQueue, queueCapacity: 10000, scheduler: class org.apache.hadoop.ipc.DefaultRpcScheduler, ipcBackoff: false.
2022-10-14 14:33:30,125 [Socket Reader #1 for port 41611] INFO  ipc.Server (Server.java:run(1273)) - Starting Socket Reader #1 for port 41611
2022-10-14 14:33:30,159 [Listener at 0.0.0.0/41611] INFO  audit.AuditLogger (AuditLogger.java:refreshDebugCmdSet(126)) - Refresh DebugCmdSet for SCMAudit to [].
2022-10-14 14:33:30,170 [Listener at 0.0.0.0/41611] INFO  ipc.CallQueueManager (CallQueueManager.java:<init>(90)) - Using callQueue: class java.util.concurrent.LinkedBlockingQueue, queueCapacity: 10000, scheduler: class org.apache.hadoop.ipc.DefaultRpcScheduler, ipcBackoff: false.
2022-10-14 14:33:30,180 [Socket Reader #1 for port 41761] INFO  ipc.Server (Server.java:run(1273)) - Starting Socket Reader #1 for port 41761
2022-10-14 14:33:30,249 [Listener at 0.0.0.0/41761] INFO  ha.SCMServiceManager (SCMServiceManager.java:register(42)) - Registering service ContainerBalancer.
2022-10-14 14:33:30,250 [Listener at 0.0.0.0/41761] INFO  server.StorageContainerManager (StorageContainerManager.java:<init>(410)) - 
Container Balancer status:
Key                            Value
Running                        false
Container Balancer Configuration values:
Key                                                Value
Threshold                                          10
Max Datanodes to Involve per Iteration(percent)    20
Max Size to Move per Iteration                     500GB
Max Size Entering Target per Iteration             26GB
Max Size Leaving Source per Iteration              26GB

2022-10-14 14:33:30,250 [Listener at 0.0.0.0/41761] WARN  events.EventQueue (EventQueue.java:fireEvent(216)) - No event handler registered for event TypedEvent{payloadType=SafeModeStatus, name='Safe mode status'}
2022-10-14 14:33:30,251 [Listener at 0.0.0.0/41761] INFO  ha.SCMContext (SCMContext.java:updateSafeModeStatus(228)) - Update SafeModeStatus from SafeModeStatus{safeModeStatus=true, preCheckPassed=false} to SafeModeStatus{safeModeStatus=true, preCheckPassed=false}.
2022-10-14 14:33:30,254 [Listener at 0.0.0.0/41761] INFO  server.StorageContainerManager (StorageContainerManager.java:start(1436)) - StorageContainerLocationProtocol RPC server is listening at /0.0.0.0:41761
2022-10-14 14:33:30,255 [Listener at 0.0.0.0/41761] INFO  ha.SCMRatisServerImpl (SCMRatisServerImpl.java:start(178)) - starting ratis server 0.0.0.0:45869
2022-10-14 14:33:30,256 [da235ff1-af49-4bd4-8bce-f7819ff62f3f-impl-thread1] INFO  server.RaftServer$Division (RaftServerImpl.java:start(310)) - da235ff1-af49-4bd4-8bce-f7819ff62f3f@group-79A83AF4AB20: start as a follower, conf=0: [da235ff1-af49-4bd4-8bce-f7819ff62f3f|rpc:localhost:45869|admin:|client:|dataStream:|priority:0], old=null
2022-10-14 14:33:30,256 [da235ff1-af49-4bd4-8bce-f7819ff62f3f-impl-thread1] INFO  server.RaftServer$Division (RaftServerImpl.java:setRole(299)) - da235ff1-af49-4bd4-8bce-f7819ff62f3f@group-79A83AF4AB20: changes role from      null to FOLLOWER at term 1 for startAsFollower
2022-10-14 14:33:30,256 [da235ff1-af49-4bd4-8bce-f7819ff62f3f-impl-thread1] INFO  impl.RoleInfo (RoleInfo.java:updateAndGet(139)) - da235ff1-af49-4bd4-8bce-f7819ff62f3f: start da235ff1-af49-4bd4-8bce-f7819ff62f3f@group-79A83AF4AB20-FollowerState
2022-10-14 14:33:30,257 [da235ff1-af49-4bd4-8bce-f7819ff62f3f-impl-thread1] INFO  util.JmxRegister (JmxRegister.java:tryRegister(44)) - Successfully registered JMX Bean with object name Ratis:service=RaftServer,group=group-79A83AF4AB20,id=da235ff1-af49-4bd4-8bce-f7819ff62f3f
2022-10-14 14:33:30,261 [Listener at 0.0.0.0/41761] INFO  server.RaftServer (RaftServerProxy.java:lambda$start$6(382)) - da235ff1-af49-4bd4-8bce-f7819ff62f3f: start RPC server
2022-10-14 14:33:30,263 [Listener at 0.0.0.0/41761] INFO  server.GrpcService (GrpcService.java:startImpl(260)) - da235ff1-af49-4bd4-8bce-f7819ff62f3f: GrpcService started, listening on 45869
2022-10-14 14:33:30,264 [Listener at 0.0.0.0/41761] INFO  ha.SCMHAManagerImpl (SCMHAManagerImpl.java:start(121)) -  scm role is FOLLOWER peers [da235ff1-af49-4bd4-8bce-f7819ff62f3f|rpc:localhost:45869|admin:|client:|dataStream:|priority:0]
2022-10-14 14:33:30,264 [Listener at 0.0.0.0/41761] INFO  ha.InterSCMGrpcService (InterSCMGrpcProtocolService.java:start(94)) - Starting SCM Grpc Service at port 44707
2022-10-14 14:33:30,265 [org.apache.ratis.util.JvmPauseMonitor$$Lambda$519/1610556435@35ba2959] INFO  util.JvmPauseMonitor (JvmPauseMonitor.java:run(103)) - JvmPauseMonitor-da235ff1-af49-4bd4-8bce-f7819ff62f3f: Started
2022-10-14 14:33:30,339 [Listener at 0.0.0.0/41761] WARN  impl.MetricsConfig (MetricsConfig.java:loadFirst(136)) - Cannot locate configuration: tried hadoop-metrics2-storagecontainermanager.properties,hadoop-metrics2.properties
2022-10-14 14:33:30,356 [Listener at 0.0.0.0/41761] INFO  impl.MetricsSystemImpl (MetricsSystemImpl.java:startTimer(378)) - Scheduled Metric snapshot period at 10 second(s).
2022-10-14 14:33:30,357 [Listener at 0.0.0.0/41761] INFO  impl.MetricsSystemImpl (MetricsSystemImpl.java:start(191)) - StorageContainerManager metrics system started
2022-10-14 14:33:30,650 [Listener at 0.0.0.0/41761] INFO  server.SCMClientProtocolServer (SCMClientProtocolServer.java:start(170)) - RPC server for Client  is listening at /0.0.0.0:41761
2022-10-14 14:33:30,652 [IPC Server Responder] INFO  ipc.Server (Server.java:run(1512)) - IPC Server Responder: starting
2022-10-14 14:33:30,676 [IPC Server listener on 41761] INFO  ipc.Server (Server.java:run(1352)) - IPC Server listener on 41761: starting
2022-10-14 14:33:30,684 [Listener at 0.0.0.0/41761] INFO  server.StorageContainerManager (StorageContainerManager.java:start(1451)) - ScmBlockLocationProtocol RPC server is listening at /0.0.0.0:41611
2022-10-14 14:33:30,684 [Listener at 0.0.0.0/41761] INFO  server.SCMBlockProtocolServer (SCMBlockProtocolServer.java:start(152)) - RPC server for Block Protocol is listening at /0.0.0.0:41611
2022-10-14 14:33:30,685 [IPC Server Responder] INFO  ipc.Server (Server.java:run(1512)) - IPC Server Responder: starting
2022-10-14 14:33:30,685 [IPC Server listener on 41611] INFO  ipc.Server (Server.java:run(1352)) - IPC Server listener on 41611: starting
2022-10-14 14:33:30,747 [org.apache.hadoop.util.JvmPauseMonitor$Monitor@3494cf91] INFO  util.JvmPauseMonitor (JvmPauseMonitor.java:run(188)) - Starting JVM pause monitor
2022-10-14 14:33:30,780 [Listener at 0.0.0.0/41761] INFO  http.BaseHttpServer (BaseHttpServer.java:newHttpServer2BuilderForOzone(213)) - Starting Web-server for scm at: http://0.0.0.0:46099
2022-10-14 14:33:30,781 [Listener at 0.0.0.0/41761] INFO  http.BaseHttpServer (BaseHttpServer.java:<init>(108)) - Hadoop Security Enabled: false Ozone Security Enabled: false Ozone HTTP Security Enabled: false 
2022-10-14 14:33:30,813 [Listener at 0.0.0.0/41761] INFO  util.log (Log.java:initialized(170)) - Logging initialized @11590ms to org.eclipse.jetty.util.log.Slf4jLog
2022-10-14 14:33:30,922 [Listener at 0.0.0.0/41761] WARN  server.AuthenticationFilter (AuthenticationFilter.java:constructSecretProvider(240)) - Unable to initialize FileSignerSecretProvider, falling back to use random secrets. Reason: Could not read signature secret file: /home/runner/hadoop-http-auth-signature-secret
2022-10-14 14:33:30,929 [Listener at 0.0.0.0/41761] WARN  http.HttpRequestLog (HttpRequestLog.java:getRequestLog(103)) - Jetty request log can only be enabled using Log4j
2022-10-14 14:33:30,938 [Listener at 0.0.0.0/41761] INFO  http.HttpServer2 (HttpServer2.java:addGlobalFilter(1031)) - Added global filter 'safety' (class=org.apache.hadoop.hdds.server.http.HttpServer2$QuotingInputFilter)
2022-10-14 14:33:30,941 [Listener at 0.0.0.0/41761] INFO  http.HttpServer2 (HttpServer2.java:addFilter(1007)) - Added filter static_user_filter (class=org.apache.hadoop.http.lib.StaticUserWebFilter$StaticUserFilter) to context scm
2022-10-14 14:33:30,942 [Listener at 0.0.0.0/41761] INFO  http.HttpServer2 (HttpServer2.java:addFilter(1015)) - Added filter static_user_filter (class=org.apache.hadoop.http.lib.StaticUserWebFilter$StaticUserFilter) to context logs
2022-10-14 14:33:30,942 [Listener at 0.0.0.0/41761] INFO  http.HttpServer2 (HttpServer2.java:addFilter(1015)) - Added filter static_user_filter (class=org.apache.hadoop.http.lib.StaticUserWebFilter$StaticUserFilter) to context static
2022-10-14 14:33:30,987 [Listener at 0.0.0.0/41761] INFO  http.HttpServer2 (HttpServer2.java:bindListener(1250)) - Jetty bound to port 46099
2022-10-14 14:33:30,989 [Listener at 0.0.0.0/41761] INFO  server.Server (Server.java:doStart(375)) - jetty-9.4.43.v20210629; built: 2021-06-30T11:07:22.254Z; git: 526006ecfa3af7f1a27ef3a288e2bef7ea9dd7e8; jvm 1.8.0_345-b01
2022-10-14 14:33:31,026 [Listener at 0.0.0.0/41761] INFO  server.session (DefaultSessionIdManager.java:doStart(334)) - DefaultSessionIdManager workerName=node0
2022-10-14 14:33:31,027 [Listener at 0.0.0.0/41761] INFO  server.session (DefaultSessionIdManager.java:doStart(339)) - No SessionScavenger set, using defaults
2022-10-14 14:33:31,028 [Listener at 0.0.0.0/41761] INFO  server.session (HouseKeeper.java:startScavenging(132)) - node0 Scavenging every 660000ms
2022-10-14 14:33:31,043 [Listener at 0.0.0.0/41761] INFO  handler.ContextHandler (ContextHandler.java:doStart(915)) - Started o.e.j.s.ServletContextHandler@614ec26{logs,/logs,file:///home/runner/work/ozone/ozone/hadoop-ozone/integration-test/target/log,AVAILABLE}
2022-10-14 14:33:31,044 [Listener at 0.0.0.0/41761] INFO  handler.ContextHandler (ContextHandler.java:doStart(915)) - Started o.e.j.s.ServletContextHandler@678ff27{static,/static,file:///home/runner/work/ozone/ozone/hadoop-ozone/integration-test/target/test-classes/webapps/static,AVAILABLE}
2022-10-14 14:33:31,098 [Listener at 0.0.0.0/41761] INFO  handler.ContextHandler (ContextHandler.java:doStart(915)) - Started o.e.j.w.WebAppContext@7a942459{scm,/,file:///home/runner/work/ozone/ozone/hadoop-ozone/integration-test/target/test-classes/webapps/scm/,AVAILABLE}{file:/home/runner/work/ozone/ozone/hadoop-ozone/integration-test/target/test-classes/webapps/scm}
2022-10-14 14:33:31,108 [Listener at 0.0.0.0/41761] INFO  server.AbstractConnector (AbstractConnector.java:doStart(331)) - Started ServerConnector@7fb4482a{HTTP/1.1, (http/1.1)}{0.0.0.0:46099}
2022-10-14 14:33:31,109 [Listener at 0.0.0.0/41761] INFO  server.Server (Server.java:doStart(415)) - Started @11885ms
2022-10-14 14:33:31,112 [Listener at 0.0.0.0/41761] INFO  impl.MetricsSinkAdapter (MetricsSinkAdapter.java:start(204)) - Sink prometheus started
2022-10-14 14:33:31,112 [Listener at 0.0.0.0/41761] INFO  impl.MetricsSystemImpl (MetricsSystemImpl.java:registerSink(305)) - Registered sink prometheus
2022-10-14 14:33:31,113 [Listener at 0.0.0.0/41761] INFO  http.BaseHttpServer (BaseHttpServer.java:updateConnectorAddress(333)) - HTTP server of scm listening at http://0.0.0.0:46099
2022-10-14 14:33:31,114 [Listener at 0.0.0.0/41761] INFO  ozone.MiniOzoneHAClusterImpl (MiniOzoneHAClusterImpl.java:createSCMService(606)) - Started SCM RPC server at /0.0.0.0:41761
2022-10-14 14:33:31,134 [Listener at 0.0.0.0/41761] WARN  server.ServerUtils (ServerUtils.java:getScmDbDir(148)) - ozone.scm.db.dirs is not configured. We recommend adding this setting. Falling back to ozone.metadata.dirs instead.
2022-10-14 14:33:31,134 [Listener at 0.0.0.0/41761] INFO  ha.SCMHANodeDetails (SCMHANodeDetails.java:loadSCMHAConfig(209)) - ServiceID for StorageContainerManager is scmServiceId
2022-10-14 14:33:31,134 [Listener at 0.0.0.0/41761] INFO  ha.SCMHANodeDetails (SCMHANodeDetails.java:loadSCMHAConfig(220)) - ServiceID for StorageContainerManager is scmServiceId
2022-10-14 14:33:31,135 [Listener at 0.0.0.0/41761] WARN  scm.ScmUtils (ScmUtils.java:logWarn(179)) - ConfigKey ozone.scm.block.client.address is deprecated, For configuring different ports for each SCM use PortConfigKey ozone.scm.block.client.port appended with serviceId and nodeId. If want to configure same port configure ozone.scm.block.client.port
2022-10-14 14:33:31,135 [Listener at 0.0.0.0/41761] WARN  scm.ScmUtils (ScmUtils.java:logWarn(179)) - ConfigKey ozone.scm.client.address is deprecated, For configuring different ports for each SCM use PortConfigKey ozone.scm.client.port appended with serviceId and nodeId. If want to configure same port configure ozone.scm.client.port
2022-10-14 14:33:31,135 [Listener at 0.0.0.0/41761] WARN  scm.ScmUtils (ScmUtils.java:logWarn(179)) - ConfigKey ozone.scm.datanode.address is deprecated, For configuring different ports for each SCM use PortConfigKey ozone.scm.datanode.port appended with serviceId and nodeId. If want to configure same port configure ozone.scm.datanode.port
2022-10-14 14:33:31,136 [Listener at 0.0.0.0/41761] WARN  scm.ScmUtils (ScmUtils.java:logWarn(179)) - ConfigKey ozone.scm.block.client.address is deprecated, For configuring different ports for each SCM use PortConfigKey ozone.scm.block.client.port appended with serviceId and nodeId. If want to configure same port configure ozone.scm.block.client.port
2022-10-14 14:33:31,136 [Listener at 0.0.0.0/41761] WARN  scm.ScmUtils (ScmUtils.java:logWarn(179)) - ConfigKey ozone.scm.client.address is deprecated, For configuring different ports for each SCM use PortConfigKey ozone.scm.client.port appended with serviceId and nodeId. If want to configure same port configure ozone.scm.client.port
2022-10-14 14:33:31,139 [Listener at 0.0.0.0/41761] WARN  scm.ScmUtils (ScmUtils.java:logWarn(179)) - ConfigKey ozone.scm.datanode.address is deprecated, For configuring different ports for each SCM use PortConfigKey ozone.scm.datanode.port appended with serviceId and nodeId. If want to configure same port configure ozone.scm.datanode.port
2022-10-14 14:33:31,139 [Listener at 0.0.0.0/41761] INFO  ha.SCMHANodeDetails (SCMHANodeDetails.java:loadSCMHAConfig(307)) - Found matching SCM address with SCMServiceId: scmServiceId, SCMNodeId: scmNode-2, RPC Address: localhost:44017 and Ratis port: 44017
2022-10-14 14:33:31,139 [Listener at 0.0.0.0/41761] INFO  ha.SCMHANodeDetails (ConfUtils.java:setNodeSpecificConfigs(97)) - Setting configuration key ozone.scm.datanode.address with value of key ozone.scm.datanode.address.scmServiceId.scmNode-2: 127.0.0.1:38439
2022-10-14 14:33:31,139 [Listener at 0.0.0.0/41761] INFO  ha.SCMHANodeDetails (ConfUtils.java:setNodeSpecificConfigs(97)) - Setting configuration key ozone.scm.block.client.address with value of key ozone.scm.block.client.address.scmServiceId.scmNode-2: 127.0.0.1:40511
2022-10-14 14:33:31,139 [Listener at 0.0.0.0/41761] INFO  ha.SCMHANodeDetails (ConfUtils.java:setNodeSpecificConfigs(97)) - Setting configuration key ozone.scm.client.address with value of key ozone.scm.client.address.scmServiceId.scmNode-2: 127.0.0.1:37901
2022-10-14 14:33:31,139 [Listener at 0.0.0.0/41761] INFO  ha.SCMHANodeDetails (ConfUtils.java:setNodeSpecificConfigs(97)) - Setting configuration key ozone.scm.ratis.port with value of key ozone.scm.ratis.port.scmServiceId.scmNode-2: 44017
2022-10-14 14:33:31,139 [Listener at 0.0.0.0/41761] INFO  ha.SCMHANodeDetails (ConfUtils.java:setNodeSpecificConfigs(97)) - Setting configuration key ozone.scm.grpc.port with value of key ozone.scm.grpc.port.scmServiceId.scmNode-2: 34847
2022-10-14 14:33:31,139 [Listener at 0.0.0.0/41761] INFO  ha.SCMHANodeDetails (ConfUtils.java:setNodeSpecificConfigs(97)) - Setting configuration key ozone.scm.http-address with value of key ozone.scm.http-address.scmServiceId.scmNode-2: 127.0.0.1:46535
2022-10-14 14:33:31,140 [Listener at 0.0.0.0/41761] INFO  ha.SCMHANodeDetails (ConfUtils.java:setNodeSpecificConfigs(97)) - Setting configuration key ozone.scm.https-address with value of key ozone.scm.https-address.scmServiceId.scmNode-2: 127.0.0.1:34989
2022-10-14 14:33:31,140 [Listener at 0.0.0.0/41761] INFO  ha.SCMHANodeDetails (ConfUtils.java:setNodeSpecificConfigs(97)) - Setting configuration key ozone.scm.address with value of key ozone.scm.address.scmServiceId.scmNode-2: 127.0.0.1
2022-10-14 14:33:31,140 [Listener at 0.0.0.0/41761] WARN  scm.ScmUtils (ScmUtils.java:logWarn(179)) - ConfigKey ozone.scm.block.client.address is deprecated, For configuring different ports for each SCM use PortConfigKey ozone.scm.block.client.port appended with serviceId and nodeId. If want to configure same port configure ozone.scm.block.client.port
2022-10-14 14:33:31,140 [Listener at 0.0.0.0/41761] WARN  scm.ScmUtils (ScmUtils.java:logWarn(179)) - ConfigKey ozone.scm.client.address is deprecated, For configuring different ports for each SCM use PortConfigKey ozone.scm.client.port appended with serviceId and nodeId. If want to configure same port configure ozone.scm.client.port
2022-10-14 14:33:31,140 [Listener at 0.0.0.0/41761] WARN  scm.ScmUtils (ScmUtils.java:logWarn(179)) - ConfigKey ozone.scm.datanode.address is deprecated, For configuring different ports for each SCM use PortConfigKey ozone.scm.datanode.port appended with serviceId and nodeId. If want to configure same port configure ozone.scm.datanode.port
2022-10-14 14:33:31,149 [Listener at 0.0.0.0/41761] INFO  ha.SCMNodeInfo (SCMNodeInfo.java:getPort(197)) - ConfigKey ozone.scm.client.address is deprecated, For configuring different ports for each SCM use PortConfigKey ozone.scm.client.port appended with serviceId and nodeId
2022-10-14 14:33:31,149 [Listener at 0.0.0.0/41761] INFO  ha.SCMNodeInfo (SCMNodeInfo.java:getPort(197)) - ConfigKey ozone.scm.block.client.address is deprecated, For configuring different ports for each SCM use PortConfigKey ozone.scm.block.client.port appended with serviceId and nodeId
2022-10-14 14:33:31,149 [Listener at 0.0.0.0/41761] INFO  ha.SCMNodeInfo (SCMNodeInfo.java:getPort(197)) - ConfigKey ozone.scm.datanode.address is deprecated, For configuring different ports for each SCM use PortConfigKey ozone.scm.datanode.port appended with serviceId and nodeId
2022-10-14 14:33:31,150 [Listener at 0.0.0.0/41761] INFO  ha.SCMNodeInfo (SCMNodeInfo.java:getPort(197)) - ConfigKey ozone.scm.client.address is deprecated, For configuring different ports for each SCM use PortConfigKey ozone.scm.client.port appended with serviceId and nodeId
2022-10-14 14:33:31,150 [Listener at 0.0.0.0/41761] INFO  ha.SCMNodeInfo (SCMNodeInfo.java:getPort(197)) - ConfigKey ozone.scm.block.client.address is deprecated, For configuring different ports for each SCM use PortConfigKey ozone.scm.block.client.port appended with serviceId and nodeId
2022-10-14 14:33:31,152 [Listener at 0.0.0.0/41761] INFO  ha.SCMNodeInfo (SCMNodeInfo.java:getPort(197)) - ConfigKey ozone.scm.datanode.address is deprecated, For configuring different ports for each SCM use PortConfigKey ozone.scm.datanode.port appended with serviceId and nodeId
2022-10-14 14:33:31,153 [Listener at 0.0.0.0/41761] INFO  proxy.SCMBlockLocationFailoverProxyProvider (SCMBlockLocationFailoverProxyProvider.java:<init>(114)) - Created block location fail-over proxy with 2 nodes: [nodeId=scmNode-3,nodeAddress=/127.0.0.1:40903, nodeId=scmNode-1,nodeAddress=/127.0.0.1:41611]
2022-10-14 14:33:33,403 [Listener at 0.0.0.0/41761] INFO  retry.RetryInvocationHandler (RetryInvocationHandler.java:log(411)) - com.google.protobuf.ServiceException: java.net.ConnectException: Call From fv-az318-86/10.1.0.20 to localhost:40903 failed on connection exception: java.net.ConnectException: Connection refused; For more details see:  http://wiki.apache.org/hadoop/ConnectionRefused, while invoking $Proxy41.send over nodeId=scmNode-3,nodeAddress=/127.0.0.1:40903 after 1 failover attempts. Trying to failover after sleeping for 2000ms.
2022-10-14 14:33:35,290 [da235ff1-af49-4bd4-8bce-f7819ff62f3f@group-79A83AF4AB20-FollowerState] INFO  impl.FollowerState (FollowerState.java:run(143)) - da235ff1-af49-4bd4-8bce-f7819ff62f3f@group-79A83AF4AB20-FollowerState: change to CANDIDATE, lastRpcElapsedTime:5034014643ns, electionTimeout:5028ms
2022-10-14 14:33:35,291 [da235ff1-af49-4bd4-8bce-f7819ff62f3f@group-79A83AF4AB20-FollowerState] INFO  impl.RoleInfo (RoleInfo.java:shutdownFollowerState(110)) - da235ff1-af49-4bd4-8bce-f7819ff62f3f: shutdown da235ff1-af49-4bd4-8bce-f7819ff62f3f@group-79A83AF4AB20-FollowerState
2022-10-14 14:33:35,291 [da235ff1-af49-4bd4-8bce-f7819ff62f3f@group-79A83AF4AB20-FollowerState] INFO  server.RaftServer$Division (RaftServerImpl.java:setRole(299)) - da235ff1-af49-4bd4-8bce-f7819ff62f3f@group-79A83AF4AB20: changes role from  FOLLOWER to CANDIDATE at term 1 for changeToCandidate
2022-10-14 14:33:35,292 [da235ff1-af49-4bd4-8bce-f7819ff62f3f@group-79A83AF4AB20-FollowerState] INFO  server.RaftServerConfigKeys (ConfUtils.java:logGet(46)) - raft.server.leaderelection.pre-vote = false (custom)
2022-10-14 14:33:35,292 [da235ff1-af49-4bd4-8bce-f7819ff62f3f@group-79A83AF4AB20-FollowerState] INFO  impl.RoleInfo (RoleInfo.java:updateAndGet(139)) - da235ff1-af49-4bd4-8bce-f7819ff62f3f: start da235ff1-af49-4bd4-8bce-f7819ff62f3f@group-79A83AF4AB20-LeaderElection2
2022-10-14 14:33:35,304 [da235ff1-af49-4bd4-8bce-f7819ff62f3f@group-79A83AF4AB20-LeaderElection2] INFO  impl.LeaderElection (LeaderElection.java:askForVotes(310)) - da235ff1-af49-4bd4-8bce-f7819ff62f3f@group-79A83AF4AB20-LeaderElection2 ELECTION round 0: submit vote requests at term 2 for 0: [da235ff1-af49-4bd4-8bce-f7819ff62f3f|rpc:localhost:45869|admin:|client:|dataStream:|priority:0], old=null
2022-10-14 14:33:35,305 [da235ff1-af49-4bd4-8bce-f7819ff62f3f@group-79A83AF4AB20-LeaderElection2] INFO  impl.LeaderElection (LeaderElection.java:askForVotes(312)) - da235ff1-af49-4bd4-8bce-f7819ff62f3f@group-79A83AF4AB20-LeaderElection2 ELECTION round 0: result PASSED (term=2)
2022-10-14 14:33:35,305 [da235ff1-af49-4bd4-8bce-f7819ff62f3f@group-79A83AF4AB20-LeaderElection2] INFO  impl.RoleInfo (RoleInfo.java:shutdownLeaderElection(130)) - da235ff1-af49-4bd4-8bce-f7819ff62f3f: shutdown da235ff1-af49-4bd4-8bce-f7819ff62f3f@group-79A83AF4AB20-LeaderElection2
2022-10-14 14:33:35,305 [da235ff1-af49-4bd4-8bce-f7819ff62f3f@group-79A83AF4AB20-LeaderElection2] INFO  server.RaftServer$Division (RaftServerImpl.java:setRole(299)) - da235ff1-af49-4bd4-8bce-f7819ff62f3f@group-79A83AF4AB20: changes role from CANDIDATE to LEADER at term 2 for changeToLeader
2022-10-14 14:33:35,305 [da235ff1-af49-4bd4-8bce-f7819ff62f3f@group-79A83AF4AB20-LeaderElection2] INFO  ha.SCMStateMachine (SCMStateMachine.java:notifyLeaderChanged(259)) - current SCM becomes leader of term 2.
2022-10-14 14:33:35,305 [da235ff1-af49-4bd4-8bce-f7819ff62f3f@group-79A83AF4AB20-LeaderElection2] INFO  ha.SCMContext (SCMContext.java:updateLeaderAndTerm(99)) - update <isLeader,term> from <false,0> to <true,2>
2022-10-14 14:33:35,308 [da235ff1-af49-4bd4-8bce-f7819ff62f3f@group-79A83AF4AB20-LeaderElection2] INFO  server.RaftServer$Division (ServerState.java:setLeader(287)) - da235ff1-af49-4bd4-8bce-f7819ff62f3f@group-79A83AF4AB20: change Leader from null to da235ff1-af49-4bd4-8bce-f7819ff62f3f at term 2 for becomeLeader, leader elected after 6396ms
2022-10-14 14:33:35,309 [da235ff1-af49-4bd4-8bce-f7819ff62f3f@group-79A83AF4AB20-LeaderElection2] INFO  server.RaftServerConfigKeys (ConfUtils.java:logGet(46)) - raft.server.staging.catchup.gap = 1000 (default)
2022-10-14 14:33:35,310 [da235ff1-af49-4bd4-8bce-f7819ff62f3f@group-79A83AF4AB20-LeaderElection2] INFO  server.RaftServerConfigKeys (ConfUtils.java:logGet(46)) - raft.server.write.element-limit = 4096 (default)
2022-10-14 14:33:35,310 [da235ff1-af49-4bd4-8bce-f7819ff62f3f@group-79A83AF4AB20-LeaderElection2] INFO  server.RaftServerConfigKeys (ConfUtils.java:logGet(46)) - raft.server.write.byte-limit = 64MB (=67108864) (default)
2022-10-14 14:33:35,311 [da235ff1-af49-4bd4-8bce-f7819ff62f3f@group-79A83AF4AB20-LeaderElection2] INFO  server.RaftServerConfigKeys (ConfUtils.java:logGet(46)) - raft.server.watch.timeout = 10s (default)
2022-10-14 14:33:35,311 [da235ff1-af49-4bd4-8bce-f7819ff62f3f@group-79A83AF4AB20-LeaderElection2] INFO  server.RaftServerConfigKeys (ConfUtils.java:logGet(46)) - raft.server.watch.timeout.denomination = 1s (default)
2022-10-14 14:33:35,311 [da235ff1-af49-4bd4-8bce-f7819ff62f3f@group-79A83AF4AB20-LeaderElection2] INFO  server.RaftServerConfigKeys (ConfUtils.java:logGet(46)) - raft.server.watch.element-limit = 65536 (default)
2022-10-14 14:33:35,312 [da235ff1-af49-4bd4-8bce-f7819ff62f3f@group-79A83AF4AB20-LeaderElection2] INFO  server.RaftServerConfigKeys (ConfUtils.java:logGet(46)) - raft.server.write.element-limit = 4096 (default)
2022-10-14 14:33:35,312 [da235ff1-af49-4bd4-8bce-f7819ff62f3f@group-79A83AF4AB20-LeaderElection2] INFO  server.RaftServerConfigKeys (ConfUtils.java:logGet(46)) - raft.server.write.follower.gap.ratio.max = -1.0 (default)
2022-10-14 14:33:35,314 [da235ff1-af49-4bd4-8bce-f7819ff62f3f@group-79A83AF4AB20-LeaderElection2] INFO  impl.RoleInfo (RoleInfo.java:updateAndGet(139)) - da235ff1-af49-4bd4-8bce-f7819ff62f3f: start da235ff1-af49-4bd4-8bce-f7819ff62f3f@group-79A83AF4AB20-LeaderStateImpl
2022-10-14 14:33:35,315 [da235ff1-af49-4bd4-8bce-f7819ff62f3f@group-79A83AF4AB20-LeaderElection2] INFO  segmented.SegmentedRaftLogWorker (SegmentedRaftLogWorker.java:rollLogSegment(430)) - da235ff1-af49-4bd4-8bce-f7819ff62f3f@group-79A83AF4AB20-SegmentedRaftLogWorker: Rolling segment log-0_0 to index:0
2022-10-14 14:33:35,317 [da235ff1-af49-4bd4-8bce-f7819ff62f3f@group-79A83AF4AB20-SegmentedRaftLogWorker] INFO  segmented.SegmentedRaftLogWorker (SegmentedRaftLogWorker.java:execute(586)) - da235ff1-af49-4bd4-8bce-f7819ff62f3f@group-79A83AF4AB20-SegmentedRaftLogWorker: Rolled log segment from /home/runner/work/ozone/ozone/hadoop-ozone/integration-test/target/test-dir/MiniOzoneClusterImpl-d3474758-561c-4776-8c9d-79a83af4ab20/scmNode-1/scm-ha/d3474758-561c-4776-8c9d-79a83af4ab20/current/log_inprogress_0 to /home/runner/work/ozone/ozone/hadoop-ozone/integration-test/target/test-dir/MiniOzoneClusterImpl-d3474758-561c-4776-8c9d-79a83af4ab20/scmNode-1/scm-ha/d3474758-561c-4776-8c9d-79a83af4ab20/current/log_0-0
2022-10-14 14:33:35,326 [da235ff1-af49-4bd4-8bce-f7819ff62f3f@group-79A83AF4AB20-LeaderElection2] INFO  server.RaftServer$Division (ServerState.java:setRaftConf(393)) - da235ff1-af49-4bd4-8bce-f7819ff62f3f@group-79A83AF4AB20: set configuration 1: [da235ff1-af49-4bd4-8bce-f7819ff62f3f|rpc:localhost:45869|admin:|client:|dataStream:|priority:0], old=null
2022-10-14 14:33:35,327 [da235ff1-af49-4bd4-8bce-f7819ff62f3f@group-79A83AF4AB20-SegmentedRaftLogWorker] INFO  segmented.SegmentedRaftLogWorker (SegmentedRaftLogWorker.java:execute(629)) - da235ff1-af49-4bd4-8bce-f7819ff62f3f@group-79A83AF4AB20-SegmentedRaftLogWorker: created new log segment /home/runner/work/ozone/ozone/hadoop-ozone/integration-test/target/test-dir/MiniOzoneClusterImpl-d3474758-561c-4776-8c9d-79a83af4ab20/scmNode-1/scm-ha/d3474758-561c-4776-8c9d-79a83af4ab20/current/log_inprogress_1
2022-10-14 14:33:35,335 [da235ff1-af49-4bd4-8bce-f7819ff62f3f@group-79A83AF4AB20-StateMachineUpdater] INFO  ha.SCMContext (SCMContext.java:setLeaderReady(126)) - update <isLeaderReady> from <false> to <true>
2022-10-14 14:33:35,336 [da235ff1-af49-4bd4-8bce-f7819ff62f3f@group-79A83AF4AB20-StateMachineUpdater] INFO  pipeline.BackgroundPipelineCreator (BackgroundPipelineCreator.java:notifyStatusChanged(254)) - Service BackgroundPipelineCreator transitions to RUNNING.
2022-10-14 14:33:35,338 [da235ff1-af49-4bd4-8bce-f7819ff62f3f@group-79A83AF4AB20-StateMachineUpdater] INFO  safemode.HealthyPipelineSafeModeRule (HealthyPipelineSafeModeRule.java:initializeRule(165)) - Refreshed total pipeline count is 0, healthy pipeline threshold count is 1
2022-10-14 14:33:35,339 [da235ff1-af49-4bd4-8bce-f7819ff62f3f@group-79A83AF4AB20-StateMachineUpdater] INFO  safemode.ContainerSafeModeRule (ContainerSafeModeRule.java:reInitializeRule(177)) - Refreshed one replica container threshold 0, currentThreshold 0
2022-10-14 14:33:35,339 [da235ff1-af49-4bd4-8bce-f7819ff62f3f@group-79A83AF4AB20-StateMachineUpdater] INFO  safemode.OneReplicaPipelineSafeModeRule (OneReplicaPipelineSafeModeRule.java:initializeRule(176)) - Refreshed Total pipeline count is 0, pipeline's with at least one datanode reported threshold count is 0
2022-10-14 14:33:35,340 [da235ff1-af49-4bd4-8bce-f7819ff62f3f@group-79A83AF4AB20-StateMachineUpdater] INFO  server.SCMDatanodeProtocolServer (SCMDatanodeProtocolServer.java:start(186)) - ScmDatanodeProtocol RPC server for DataNodes is listening at /0.0.0.0:38403
2022-10-14 14:33:35,342 [IPC Server Responder] INFO  ipc.Server (Server.java:run(1512)) - IPC Server Responder: starting
2022-10-14 14:33:35,342 [IPC Server listener on 38403] INFO  ipc.Server (Server.java:run(1352)) - IPC Server listener on 38403: starting
2022-10-14 14:33:35,438 [Listener at 0.0.0.0/41761] INFO  server.StorageContainerManager (StorageContainerManager.java:scmBootstrap(1119)) - SCM BootStrap  is successful for ClusterID d3474758-561c-4776-8c9d-79a83af4ab20, SCMID c70ee520-a26f-4925-a0d6-13999223b64a
2022-10-14 14:33:35,439 [Listener at 0.0.0.0/41761] INFO  server.StorageContainerManager (StorageContainerManager.java:scmBootstrap(1121)) - Primary SCM Node ID da235ff1-af49-4bd4-8bce-f7819ff62f3f
2022-10-14 14:33:35,439 [Listener at 0.0.0.0/41761] WARN  server.ServerUtils (ServerUtils.java:getScmDbDir(148)) - ozone.scm.db.dirs is not configured. We recommend adding this setting. Falling back to ozone.metadata.dirs instead.
2022-10-14 14:33:35,439 [Listener at 0.0.0.0/41761] INFO  ha.SCMHANodeDetails (SCMHANodeDetails.java:loadSCMHAConfig(209)) - ServiceID for StorageContainerManager is scmServiceId
2022-10-14 14:33:35,439 [Listener at 0.0.0.0/41761] INFO  ha.SCMHANodeDetails (SCMHANodeDetails.java:loadSCMHAConfig(220)) - ServiceID for StorageContainerManager is scmServiceId
2022-10-14 14:33:35,440 [Listener at 0.0.0.0/41761] WARN  scm.ScmUtils (ScmUtils.java:logWarn(179)) - ConfigKey ozone.scm.block.client.address is deprecated, For configuring different ports for each SCM use PortConfigKey ozone.scm.block.client.port appended with serviceId and nodeId. If want to configure same port configure ozone.scm.block.client.port
2022-10-14 14:33:35,440 [Listener at 0.0.0.0/41761] WARN  scm.ScmUtils (ScmUtils.java:logWarn(179)) - ConfigKey ozone.scm.client.address is deprecated, For configuring different ports for each SCM use PortConfigKey ozone.scm.client.port appended with serviceId and nodeId. If want to configure same port configure ozone.scm.client.port
2022-10-14 14:33:35,440 [Listener at 0.0.0.0/41761] WARN  scm.ScmUtils (ScmUtils.java:logWarn(179)) - ConfigKey ozone.scm.datanode.address is deprecated, For configuring different ports for each SCM use PortConfigKey ozone.scm.datanode.port appended with serviceId and nodeId. If want to configure same port configure ozone.scm.datanode.port
2022-10-14 14:33:35,440 [Listener at 0.0.0.0/41761] WARN  scm.ScmUtils (ScmUtils.java:logWarn(179)) - ConfigKey ozone.scm.block.client.address is deprecated, For configuring different ports for each SCM use PortConfigKey ozone.scm.block.client.port appended with serviceId and nodeId. If want to configure same port configure ozone.scm.block.client.port
2022-10-14 14:33:35,440 [Listener at 0.0.0.0/41761] WARN  scm.ScmUtils (ScmUtils.java:logWarn(179)) - ConfigKey ozone.scm.client.address is deprecated, For configuring different ports for each SCM use PortConfigKey ozone.scm.client.port appended with serviceId and nodeId. If want to configure same port configure ozone.scm.client.port
2022-10-14 14:33:35,440 [Listener at 0.0.0.0/41761] WARN  scm.ScmUtils (ScmUtils.java:logWarn(179)) - ConfigKey ozone.scm.datanode.address is deprecated, For configuring different ports for each SCM use PortConfigKey ozone.scm.datanode.port appended with serviceId and nodeId. If want to configure same port configure ozone.scm.datanode.port
2022-10-14 14:33:35,441 [Listener at 0.0.0.0/41761] INFO  ha.SCMHANodeDetails (SCMHANodeDetails.java:loadSCMHAConfig(307)) - Found matching SCM address with SCMServiceId: scmServiceId, SCMNodeId: scmNode-2, RPC Address: localhost:44017 and Ratis port: 44017
2022-10-14 14:33:35,441 [Listener at 0.0.0.0/41761] INFO  ha.SCMHANodeDetails (ConfUtils.java:setNodeSpecificConfigs(97)) - Setting configuration key ozone.scm.datanode.address with value of key ozone.scm.datanode.address.scmServiceId.scmNode-2: 127.0.0.1:38439
2022-10-14 14:33:35,441 [Listener at 0.0.0.0/41761] INFO  ha.SCMHANodeDetails (ConfUtils.java:setNodeSpecificConfigs(97)) - Setting configuration key ozone.scm.block.client.address with value of key ozone.scm.block.client.address.scmServiceId.scmNode-2: 127.0.0.1:40511
2022-10-14 14:33:35,441 [Listener at 0.0.0.0/41761] INFO  ha.SCMHANodeDetails (ConfUtils.java:setNodeSpecificConfigs(97)) - Setting configuration key ozone.scm.client.address with value of key ozone.scm.client.address.scmServiceId.scmNode-2: 127.0.0.1:37901
2022-10-14 14:33:35,441 [Listener at 0.0.0.0/41761] INFO  ha.SCMHANodeDetails (ConfUtils.java:setNodeSpecificConfigs(97)) - Setting configuration key ozone.scm.ratis.port with value of key ozone.scm.ratis.port.scmServiceId.scmNode-2: 44017
2022-10-14 14:33:35,441 [Listener at 0.0.0.0/41761] INFO  ha.SCMHANodeDetails (ConfUtils.java:setNodeSpecificConfigs(97)) - Setting configuration key ozone.scm.grpc.port with value of key ozone.scm.grpc.port.scmServiceId.scmNode-2: 34847
2022-10-14 14:33:35,441 [Listener at 0.0.0.0/41761] INFO  ha.SCMHANodeDetails (ConfUtils.java:setNodeSpecificConfigs(97)) - Setting configuration key ozone.scm.http-address with value of key ozone.scm.http-address.scmServiceId.scmNode-2: 127.0.0.1:46535
2022-10-14 14:33:35,441 [Listener at 0.0.0.0/41761] INFO  ha.SCMHANodeDetails (ConfUtils.java:setNodeSpecificConfigs(97)) - Setting configuration key ozone.scm.https-address with value of key ozone.scm.https-address.scmServiceId.scmNode-2: 127.0.0.1:34989
2022-10-14 14:33:35,441 [Listener at 0.0.0.0/41761] INFO  ha.SCMHANodeDetails (ConfUtils.java:setNodeSpecificConfigs(97)) - Setting configuration key ozone.scm.address with value of key ozone.scm.address.scmServiceId.scmNode-2: 127.0.0.1
2022-10-14 14:33:35,441 [Listener at 0.0.0.0/41761] WARN  scm.ScmUtils (ScmUtils.java:logWarn(179)) - ConfigKey ozone.scm.block.client.address is deprecated, For configuring different ports for each SCM use PortConfigKey ozone.scm.block.client.port appended with serviceId and nodeId. If want to configure same port configure ozone.scm.block.client.port
2022-10-14 14:33:35,441 [Listener at 0.0.0.0/41761] WARN  scm.ScmUtils (ScmUtils.java:logWarn(179)) - ConfigKey ozone.scm.client.address is deprecated, For configuring different ports for each SCM use PortConfigKey ozone.scm.client.port appended with serviceId and nodeId. If want to configure same port configure ozone.scm.client.port
2022-10-14 14:33:35,441 [Listener at 0.0.0.0/41761] WARN  scm.ScmUtils (ScmUtils.java:logWarn(179)) - ConfigKey ozone.scm.datanode.address is deprecated, For configuring different ports for each SCM use PortConfigKey ozone.scm.datanode.port appended with serviceId and nodeId. If want to configure same port configure ozone.scm.datanode.port
2022-10-14 14:33:35,446 [Listener at 0.0.0.0/41761] WARN  utils.HAUtils (HAUtils.java:getMetaDir(342)) - ozone.scm.db.dirs is not configured. We recommend adding this setting. Falling back to ozone.metadata.dirs instead.
2022-10-14 14:33:35,446 [Listener at 0.0.0.0/41761] WARN  db.DBStoreBuilder (DBStoreBuilder.java:applyDBDefinition(144)) - ozone.scm.db.dirs is not configured. We recommend adding this setting. Falling back to ozone.metadata.dirs instead.
2022-10-14 14:33:35,613 [Listener at 0.0.0.0/41761] INFO  net.NodeSchemaLoader (NodeSchemaLoader.java:loadSchemaFromFile(129)) - Loading schema from [jar:file:/home/runner/.m2/repository/org/apache/ozone/hdds-common/1.3.0-SNAPSHOT/hdds-common-1.3.0-SNAPSHOT.jar!/network-topology-default.xml]
2022-10-14 14:33:35,613 [Listener at 0.0.0.0/41761] INFO  net.NodeSchemaLoader (NodeSchemaLoader.java:loadSchema(176)) - Loading network topology layer schema file
2022-10-14 14:33:35,618 [Listener at 0.0.0.0/41761] WARN  impl.MetricRegistriesImpl (MetricRegistriesImpl.java:addReporterRegistration(111)) - New reporters are added after registries were created. Some metrics will be missing from the reporter. Please add reporter before adding any new registry.
2022-10-14 14:33:35,618 [Listener at 0.0.0.0/41761] WARN  impl.MetricRegistriesImpl (MetricRegistriesImpl.java:addReporterRegistration(111)) - New reporters are added after registries were created. Some metrics will be missing from the reporter. Please add reporter before adding any new registry.
2022-10-14 14:33:35,619 [Listener at 0.0.0.0/41761] INFO  ha.SCMRatisServerImpl (SCMRatisServerImpl.java:<init>(87)) - starting Raft server for scm:c70ee520-a26f-4925-a0d6-13999223b64a
2022-10-14 14:33:35,619 [Listener at 0.0.0.0/41761] INFO  server.RaftServer (ConfUtils.java:logGet(46)) - raft.rpc.type = GRPC (default)
2022-10-14 14:33:35,620 [Listener at 0.0.0.0/41761] INFO  grpc.GrpcFactory (GrpcFactory.java:checkPooledByteBufAllocatorUseCacheForAllThreads(48)) - PERFORMANCE WARNING: useCacheForAllThreads is true that may cause Netty to create a lot garbage objects and, as a result, trigger GC.
	It is recommended to disable useCacheForAllThreads by setting -Dorg.apache.ratis.thirdparty.io.netty.allocator.useCacheForAllThreads=false in command line.
2022-10-14 14:33:35,620 [Listener at 0.0.0.0/41761] INFO  grpc.GrpcConfigKeys (ConfUtils.java:logGet(46)) - raft.grpc.admin.port = -1 (default)
2022-10-14 14:33:35,620 [Listener at 0.0.0.0/41761] INFO  grpc.GrpcConfigKeys (ConfUtils.java:logGet(46)) - raft.grpc.server.port = 44017 (custom)
2022-10-14 14:33:35,620 [Listener at 0.0.0.0/41761] INFO  grpc.GrpcConfigKeys (ConfUtils.java:logGet(46)) - raft.grpc.client.port = -1 (default)
2022-10-14 14:33:35,620 [Listener at 0.0.0.0/41761] INFO  grpc.GrpcConfigKeys (ConfUtils.java:logGet(46)) - raft.grpc.server.port = 44017 (custom)
2022-10-14 14:33:35,620 [Listener at 0.0.0.0/41761] INFO  grpc.GrpcConfigKeys (ConfUtils.java:logGet(46)) - raft.grpc.server.port = 44017 (custom)
2022-10-14 14:33:35,620 [Listener at 0.0.0.0/41761] INFO  server.GrpcService (ConfUtils.java:logGet(46)) - raft.grpc.message.size.max = 32m (=33554432) (custom)
2022-10-14 14:33:35,620 [Listener at 0.0.0.0/41761] INFO  server.RaftServerConfigKeys (ConfUtils.java:logGet(46)) - raft.server.log.appender.buffer.byte-limit = 33554432 (custom)
2022-10-14 14:33:35,620 [Listener at 0.0.0.0/41761] INFO  server.GrpcService (ConfUtils.java:logGet(46)) - raft.grpc.flow.control.window = 1MB (=1048576) (default)
2022-10-14 14:33:35,620 [Listener at 0.0.0.0/41761] INFO  server.RaftServerConfigKeys (ConfUtils.java:logGet(46)) - raft.server.rpc.request.timeout = 30000ms (custom)
2022-10-14 14:33:35,621 [Listener at 0.0.0.0/41761] INFO  grpc.GrpcConfigKeys (ConfUtils.java:logGet(46)) - raft.grpc.server.async.request.thread.pool.cached = true (default)
2022-10-14 14:33:35,621 [Listener at 0.0.0.0/41761] INFO  grpc.GrpcConfigKeys (ConfUtils.java:logGet(46)) - raft.grpc.server.async.request.thread.pool.size = 32 (default)
2022-10-14 14:33:35,622 [Listener at 0.0.0.0/41761] INFO  impl.DataStreamServerImpl (ConfUtils.java:logGet(46)) - raft.datastream.type = DISABLED (default)
2022-10-14 14:33:35,622 [Listener at 0.0.0.0/41761] INFO  server.RaftServerConfigKeys (ConfUtils.java:logGet(46)) - raft.server.threadpool.proxy.cached = true (default)
2022-10-14 14:33:35,622 [Listener at 0.0.0.0/41761] INFO  server.RaftServerConfigKeys (ConfUtils.java:logGet(46)) - raft.server.threadpool.proxy.size = 0 (default)
2022-10-14 14:33:35,622 [Listener at 0.0.0.0/41761] INFO  server.RaftServerConfigKeys (ConfUtils.java:logGet(46)) - raft.server.rpc.slowness.timeout = 120000ms (custom)
2022-10-14 14:33:35,622 [Listener at 0.0.0.0/41761] INFO  server.RaftServerConfigKeys (ConfUtils.java:logGet(46)) - raft.server.leaderelection.leader.step-down.wait-time = 10s (default)
2022-10-14 14:33:35,622 [Listener at 0.0.0.0/41761] INFO  server.RaftServerConfigKeys (ConfUtils.java:logGet(46)) - raft.server.storage.dir = [/home/runner/work/ozone/ozone/hadoop-ozone/integration-test/target/test-dir/MiniOzoneClusterImpl-d3474758-561c-4776-8c9d-79a83af4ab20/scmNode-2/scm-ha] (custom)
2022-10-14 14:33:35,623 [Listener at 0.0.0.0/41761] INFO  server.RaftServer (RaftServerProxy.java:addNew(96)) - c70ee520-a26f-4925-a0d6-13999223b64a: addNew group-79A83AF4AB20:[] returns group-79A83AF4AB20:java.util.concurrent.CompletableFuture@19620be5[Not completed]
2022-10-14 14:33:35,623 [pool-54-thread-1] INFO  server.RaftServer$Division (RaftServerImpl.java:<init>(190)) - c70ee520-a26f-4925-a0d6-13999223b64a: new RaftServerImpl for group-79A83AF4AB20:[] with SCMStateMachine:uninitialized
2022-10-14 14:33:35,623 [pool-54-thread-1] INFO  server.RaftServerConfigKeys (ConfUtils.java:logGet(46)) - raft.server.rpc.timeout.min = 5000ms (custom)
2022-10-14 14:33:35,623 [pool-54-thread-1] INFO  server.RaftServerConfigKeys (ConfUtils.java:logGet(46)) - raft.server.rpc.timeout.max = 5200ms (custom)
2022-10-14 14:33:35,623 [pool-54-thread-1] INFO  server.RaftServerConfigKeys (ConfUtils.java:logGet(46)) - raft.server.rpc.sleep.time = 25ms (default)
2022-10-14 14:33:35,624 [pool-54-thread-1] INFO  server.RaftServerConfigKeys (ConfUtils.java:logGet(46)) - raft.server.rpc.slowness.timeout = 120000ms (custom)
2022-10-14 14:33:35,624 [pool-54-thread-1] INFO  server.RaftServerConfigKeys (ConfUtils.java:logGet(46)) - raft.server.leaderelection.leader.step-down.wait-time = 10s (default)
2022-10-14 14:33:35,624 [pool-54-thread-1] INFO  server.RaftServerConfigKeys (ConfUtils.java:logGet(46)) - raft.server.sleep.deviation.threshold = 300ms (default)
2022-10-14 14:33:35,624 [pool-54-thread-1] INFO  server.RaftServer$Division (ServerState.java:<init>(107)) - c70ee520-a26f-4925-a0d6-13999223b64a@group-79A83AF4AB20: ConfigurationManager, init=-1: [], old=null, confs=<EMPTY_MAP>
2022-10-14 14:33:35,624 [pool-54-thread-1] INFO  server.RaftServerConfigKeys (ConfUtils.java:logGet(46)) - raft.server.storage.dir = [/home/runner/work/ozone/ozone/hadoop-ozone/integration-test/target/test-dir/MiniOzoneClusterImpl-d3474758-561c-4776-8c9d-79a83af4ab20/scmNode-2/scm-ha] (custom)
2022-10-14 14:33:35,625 [pool-54-thread-1] INFO  server.RaftServerConfigKeys (ConfUtils.java:logGet(46)) - raft.server.log.corruption.policy = EXCEPTION (default)
2022-10-14 14:33:35,625 [pool-54-thread-1] INFO  server.RaftServerConfigKeys (ConfUtils.java:logGet(46)) - raft.server.storage.free-space.min = 0MB (=0) (default)
2022-10-14 14:33:35,625 [pool-54-thread-1] INFO  storage.RaftStorageDirectory (RaftStorageDirectoryImpl.java:analyzeStorage(135)) - The storage directory /home/runner/work/ozone/ozone/hadoop-ozone/integration-test/target/test-dir/MiniOzoneClusterImpl-d3474758-561c-4776-8c9d-79a83af4ab20/scmNode-2/scm-ha/d3474758-561c-4776-8c9d-79a83af4ab20 does not exist. Creating ...
2022-10-14 14:33:35,628 [pool-54-thread-1] INFO  storage.RaftStorageDirectory (RaftStorageDirectoryImpl.java:tryLock(230)) - Lock on /home/runner/work/ozone/ozone/hadoop-ozone/integration-test/target/test-dir/MiniOzoneClusterImpl-d3474758-561c-4776-8c9d-79a83af4ab20/scmNode-2/scm-ha/d3474758-561c-4776-8c9d-79a83af4ab20/in_use.lock acquired by nodename 2882@fv-az318-86
2022-10-14 14:33:35,632 [pool-54-thread-1] INFO  storage.RaftStorage (RaftStorageImpl.java:format(89)) - Storage directory /home/runner/work/ozone/ozone/hadoop-ozone/integration-test/target/test-dir/MiniOzoneClusterImpl-d3474758-561c-4776-8c9d-79a83af4ab20/scmNode-2/scm-ha/d3474758-561c-4776-8c9d-79a83af4ab20 has been successfully formatted.
2022-10-14 14:33:35,633 [pool-54-thread-1] INFO  server.RaftServerConfigKeys (ConfUtils.java:logGet(46)) - raft.server.notification.no-leader.timeout = 60s (default)
2022-10-14 14:33:35,633 [pool-54-thread-1] INFO  server.RaftServerConfigKeys (ConfUtils.java:logGet(46)) - raft.server.log.use.memory = false (default)
2022-10-14 14:33:35,633 [pool-54-thread-1] INFO  server.RaftServerConfigKeys (ConfUtils.java:logGet(46)) - raft.server.log.purge.gap = 1000000 (custom)
2022-10-14 14:33:35,633 [pool-54-thread-1] INFO  server.RaftServerConfigKeys (ConfUtils.java:logGet(46)) - raft.server.log.appender.buffer.byte-limit = 33554432 (custom)
2022-10-14 14:33:35,633 [pool-54-thread-1] INFO  server.RaftServerConfigKeys (ConfUtils.java:logGet(46)) - raft.server.log.statemachine.data.read.timeout = 1000ms (default)
2022-10-14 14:33:35,634 [pool-54-thread-1] INFO  server.RaftServerConfigKeys (ConfUtils.java:logGet(46)) - raft.server.log.segment.size.max = 4194304 (custom)
2022-10-14 14:33:35,636 [pool-54-thread-1] INFO  server.RaftServerConfigKeys (ConfUtils.java:logGet(46)) - raft.server.log.segment.cache.num.max = 2 (custom)
2022-10-14 14:33:35,636 [pool-54-thread-1] INFO  server.RaftServerConfigKeys (ConfUtils.java:logGet(46)) - raft.server.log.segment.cache.size.max = 200MB (=209715200) (default)
2022-10-14 14:33:35,636 [pool-54-thread-1] INFO  segmented.SegmentedRaftLogWorker (SegmentedRaftLogWorker.java:<init>(187)) - new c70ee520-a26f-4925-a0d6-13999223b64a@group-79A83AF4AB20-SegmentedRaftLogWorker for RaftStorageImpl:Storage Directory /home/runner/work/ozone/ozone/hadoop-ozone/integration-test/target/test-dir/MiniOzoneClusterImpl-d3474758-561c-4776-8c9d-79a83af4ab20/scmNode-2/scm-ha/d3474758-561c-4776-8c9d-79a83af4ab20
2022-10-14 14:33:35,636 [pool-54-thread-1] INFO  server.RaftServerConfigKeys (ConfUtils.java:logGet(46)) - raft.server.log.queue.byte-limit = 64MB (=67108864) (default)
2022-10-14 14:33:35,636 [pool-54-thread-1] INFO  server.RaftServerConfigKeys (ConfUtils.java:logGet(46)) - raft.server.log.queue.element-limit = 4096 (default)
2022-10-14 14:33:35,636 [pool-54-thread-1] INFO  server.RaftServerConfigKeys (ConfUtils.java:logGet(46)) - raft.server.log.segment.size.max = 4194304 (custom)
2022-10-14 14:33:35,636 [pool-54-thread-1] INFO  server.RaftServerConfigKeys (ConfUtils.java:logGet(46)) - raft.server.log.preallocated.size = 4194304 (custom)
2022-10-14 14:33:35,636 [pool-54-thread-1] INFO  server.RaftServerConfigKeys (ConfUtils.java:logGet(46)) - raft.server.log.force.sync.num = 128 (default)
2022-10-14 14:33:35,637 [pool-54-thread-1] INFO  server.RaftServerConfigKeys (ConfUtils.java:logGet(46)) - raft.server.log.statemachine.data.sync = true (default)
2022-10-14 14:33:35,637 [pool-54-thread-1] INFO  server.RaftServerConfigKeys (ConfUtils.java:logGet(46)) - raft.server.log.statemachine.data.sync.timeout = 10s (default)
2022-10-14 14:33:35,637 [pool-54-thread-1] INFO  server.RaftServerConfigKeys (ConfUtils.java:logGet(46)) - raft.server.log.statemachine.data.sync.timeout.retry = -1 (default)
2022-10-14 14:33:35,641 [pool-54-thread-1] INFO  server.RaftServerConfigKeys (ConfUtils.java:logGet(46)) - raft.server.log.write.buffer.size = 64KB (=65536) (default)
2022-10-14 14:33:35,641 [pool-54-thread-1] INFO  server.RaftServerConfigKeys (ConfUtils.java:logGet(46)) - raft.server.log.unsafe-flush.enabled = false (default)
2022-10-14 14:33:35,641 [pool-54-thread-1] INFO  server.RaftServerConfigKeys (ConfUtils.java:logGet(46)) - raft.server.log.statemachine.data.caching.enabled = false (default)
2022-10-14 14:33:35,642 [pool-54-thread-1] INFO  segmented.SegmentedRaftLogWorker (SegmentedRaftLogWorker.java:lambda$new$0(135)) - c70ee520-a26f-4925-a0d6-13999223b64a@group-79A83AF4AB20-SegmentedRaftLogWorker: flushIndex: setUnconditionally 0 -> -1
2022-10-14 14:33:35,642 [pool-54-thread-1] INFO  segmented.SegmentedRaftLogWorker (SegmentedRaftLogWorker.java:lambda$new$0(135)) - c70ee520-a26f-4925-a0d6-13999223b64a@group-79A83AF4AB20-SegmentedRaftLogWorker: safeCacheEvictIndex: setUnconditionally 0 -> -1
2022-10-14 14:33:35,643 [pool-54-thread-1] INFO  server.RaftServerConfigKeys (ConfUtils.java:logGet(46)) - raft.server.snapshot.auto.trigger.enabled = true (custom)
2022-10-14 14:33:35,643 [pool-54-thread-1] INFO  server.RaftServerConfigKeys (ConfUtils.java:logGet(46)) - raft.server.snapshot.auto.trigger.threshold = 1000 (custom)
2022-10-14 14:33:35,643 [pool-54-thread-1] INFO  server.RaftServerConfigKeys (ConfUtils.java:logGet(46)) - raft.server.snapshot.retention.file.num = -1 (default)
2022-10-14 14:33:35,643 [pool-54-thread-1] INFO  server.RaftServerConfigKeys (ConfUtils.java:logGet(46)) - raft.server.log.purge.upto.snapshot.index = false (default)
2022-10-14 14:33:35,643 [pool-54-thread-1] INFO  server.RaftServerConfigKeys (ConfUtils.java:logGet(46)) - raft.server.retrycache.expirytime = 60000ms (default)
2022-10-14 14:33:35,643 [pool-54-thread-1] INFO  server.RaftServerConfigKeys (ConfUtils.java:logGet(46)) - raft.server.retrycache.statistics.expirytime = 100μs (default)
2022-10-14 14:33:35,644 [pool-54-thread-1] INFO  server.RaftServerConfigKeys (ConfUtils.java:logGet(46)) - raft.server.log.appender.install.snapshot.enabled = false (custom)
2022-10-14 14:33:35,644 [pool-54-thread-1] INFO  server.RaftServerConfigKeys (ConfUtils.java:logGet(46)) - raft.server.threadpool.server.cached = true (default)
2022-10-14 14:33:35,644 [pool-54-thread-1] INFO  server.RaftServerConfigKeys (ConfUtils.java:logGet(46)) - raft.server.threadpool.server.size = 0 (default)
2022-10-14 14:33:35,644 [pool-54-thread-1] INFO  server.RaftServerConfigKeys (ConfUtils.java:logGet(46)) - raft.server.threadpool.client.cached = true (default)
2022-10-14 14:33:35,645 [pool-54-thread-1] INFO  server.RaftServerConfigKeys (ConfUtils.java:logGet(46)) - raft.server.threadpool.client.size = 0 (default)
2022-10-14 14:33:35,645 [Listener at 0.0.0.0/41761] INFO  ha.SCMSnapshotProvider (SCMSnapshotProvider.java:<init>(66)) - Initializing SCM Snapshot Provider
2022-10-14 14:33:35,645 [Listener at 0.0.0.0/41761] WARN  server.ServerUtils (ServerUtils.java:getDefaultRatisDirectory(237)) - Storage directory for Ratis is not configured. It is a good idea to map this to an SSD disk. Falling back to ozone.metadata.dirs
2022-10-14 14:33:35,645 [Listener at 0.0.0.0/41761] WARN  ha.SCMHAUtils (SCMHAUtils.java:getSCMRatisSnapshotDirectory(153)) - SCM snapshot dir is not configured. Falling back to ozone.metadata.dirs config
2022-10-14 14:33:35,646 [Listener at 0.0.0.0/41761] INFO  upgrade.AbstractLayoutVersionManager (AbstractLayoutVersionManager.java:init(83)) - Initializing Layout version manager with metadata layout = DATANODE_SCHEMA_V3 (version = 4), software layout = DATANODE_SCHEMA_V3 (version = 4)
2022-10-14 14:33:35,701 [Listener at 0.0.0.0/41761] INFO  reflections.Reflections (Reflections.java:scan(232)) - Reflections took 54 ms to scan 7 urls, producing 137 keys and 328 values 
2022-10-14 14:33:35,708 [Listener at 0.0.0.0/41761] INFO  ha.SequenceIdGenerator (SequenceIdGenerator.java:upgradeToSequenceId(349)) - upgrade localId to 109611004723200000
2022-10-14 14:33:35,709 [Listener at 0.0.0.0/41761] INFO  ha.SequenceIdGenerator (SequenceIdGenerator.java:upgradeToSequenceId(359)) - upgrade delTxnId to 0
2022-10-14 14:33:35,709 [Listener at 0.0.0.0/41761] INFO  ha.SequenceIdGenerator (SequenceIdGenerator.java:upgradeToSequenceId(376)) - upgrade containerId to 0
2022-10-14 14:33:35,709 [Listener at 0.0.0.0/41761] INFO  ha.SequenceIdGenerator (SequenceIdGenerator.java:<init>(220)) - Init the HA SequenceIdGenerator.
2022-10-14 14:33:35,710 [Listener at 0.0.0.0/41761] WARN  server.ServerUtils (ServerUtils.java:sanitizeUserArgs(73)) - ozone.scm.stale.node.interval value = 300000 is larger than max = 100000 based on the key value of ozone.scm.heartbeat.thread.interval, reset to the max value 100000.
2022-10-14 14:33:35,710 [Listener at 0.0.0.0/41761] WARN  server.ServerUtils (ServerUtils.java:sanitizeUserArgs(73)) - ozone.scm.stale.node.interval value = 300000 is larger than max = 100000 based on the key value of ozone.scm.heartbeat.thread.interval, reset to the max value 100000.
2022-10-14 14:33:35,711 [Listener at 0.0.0.0/41761] INFO  node.SCMNodeManager (SCMNodeManager.java:<init>(149)) - Entering startup safe mode.
2022-10-14 14:33:35,712 [Listener at 0.0.0.0/41761] INFO  algorithms.ContainerPlacementPolicyFactory (ContainerPlacementPolicyFactory.java:getPolicyInternal(86)) - Create container placement policy of type org.apache.hadoop.hdds.scm.container.placement.algorithms.SCMContainerPlacementRandom
2022-10-14 14:33:35,712 [Listener at 0.0.0.0/41761] INFO  algorithms.ContainerPlacementPolicyFactory (ContainerPlacementPolicyFactory.java:getPolicyInternal(86)) - Create container placement policy of type org.apache.hadoop.hdds.scm.container.placement.algorithms.SCMContainerPlacementRackScatter
2022-10-14 14:33:35,712 [Listener at 0.0.0.0/41761] INFO  pipeline.PipelineStateManagerImpl (PipelineStateManagerImpl.java:initialize(78)) - No pipeline exists in current db
2022-10-14 14:33:35,712 [Listener at 0.0.0.0/41761] INFO  algorithms.LeaderChoosePolicyFactory (LeaderChoosePolicyFactory.java:getPolicy(57)) - Create leader choose policy of type org.apache.hadoop.hdds.scm.pipeline.leader.choose.algorithms.MinLeaderCountChoosePolicy
2022-10-14 14:33:35,713 [Listener at 0.0.0.0/41761] INFO  algorithms.ContainerPlacementPolicyFactory (ContainerPlacementPolicyFactory.java:getPolicyInternal(86)) - Create container placement policy of type org.apache.hadoop.hdds.scm.container.placement.algorithms.SCMContainerPlacementRackScatter
2022-10-14 14:33:35,714 [Listener at 0.0.0.0/41761] INFO  ha.SCMServiceManager (SCMServiceManager.java:register(42)) - Registering service BackgroundPipelineCreator.
2022-10-14 14:33:35,714 [Listener at 0.0.0.0/41761] INFO  pipeline.BackgroundPipelineCreator (BackgroundPipelineCreator.java:start(124)) - Starting RatisPipelineUtilsThread.
2022-10-14 14:33:35,714 [Listener at 0.0.0.0/41761] INFO  BackgroundPipelineScrubber (BackgroundSCMService.java:start(68)) - Starting BackgroundPipelineScrubber Service.
2022-10-14 14:33:35,714 [Listener at 0.0.0.0/41761] INFO  ha.SCMServiceManager (SCMServiceManager.java:register(42)) - Registering service BackgroundPipelineScrubber.
2022-10-14 14:33:35,714 [Listener at 0.0.0.0/41761] INFO  ExpiredContainerReplicaOpScrubber (BackgroundSCMService.java:start(68)) - Starting ExpiredContainerReplicaOpScrubber Service.
2022-10-14 14:33:35,715 [Listener at 0.0.0.0/41761] INFO  ha.SCMServiceManager (SCMServiceManager.java:register(42)) - Registering service ExpiredContainerReplicaOpScrubber.
2022-10-14 14:33:35,717 [Listener at 0.0.0.0/41761] INFO  algorithms.PipelineChoosePolicyFactory (PipelineChoosePolicyFactory.java:createPipelineChoosePolicyFromClass(73)) - Create pipeline choose policy of type org.apache.hadoop.hdds.scm.pipeline.choose.algorithms.RandomPipelineChoosePolicy
2022-10-14 14:33:35,718 [Listener at 0.0.0.0/41761] INFO  ha.SCMServiceManager (SCMServiceManager.java:register(42)) - Registering service SCMBlockDeletingService.
2022-10-14 14:33:35,719 [Listener at 0.0.0.0/41761] INFO  replication.ReplicationManager (ReplicationManager.java:start(223)) - Starting Replication Monitor Thread.
2022-10-14 14:33:35,722 [Listener at 0.0.0.0/41761] INFO  ha.SCMServiceManager (SCMServiceManager.java:register(42)) - Registering service ReplicationManager.
2022-10-14 14:33:35,723 [Listener at 0.0.0.0/41761] INFO  safemode.ContainerSafeModeRule (ContainerSafeModeRule.java:<init>(89)) - containers with one replica threshold count 0
2022-10-14 14:33:35,724 [Listener at 0.0.0.0/41761] INFO  safemode.HealthyPipelineSafeModeRule (HealthyPipelineSafeModeRule.java:initializeRule(169)) - Total pipeline count is 0, healthy pipeline threshold count is 1
2022-10-14 14:33:35,724 [Listener at 0.0.0.0/41761] INFO  safemode.OneReplicaPipelineSafeModeRule (OneReplicaPipelineSafeModeRule.java:initializeRule(180)) - Total pipeline count is 0, pipeline's with at least one datanode reported threshold count is 0
2022-10-14 14:33:35,736 [Listener at 0.0.0.0/41761] INFO  ipc.CallQueueManager (CallQueueManager.java:<init>(90)) - Using callQueue: class java.util.concurrent.LinkedBlockingQueue, queueCapacity: 2000, scheduler: class org.apache.hadoop.ipc.DefaultRpcScheduler, ipcBackoff: false.
2022-10-14 14:33:35,736 [ReplicationMonitor] INFO  replication.ReplicationManager (ReplicationManager.java:processAll(291)) - Replication Manager is not ready to run until 3000ms after safemode exit
2022-10-14 14:33:35,737 [Socket Reader #1 for port 38439] INFO  ipc.Server (Server.java:run(1273)) - Starting Socket Reader #1 for port 38439
2022-10-14 14:33:35,741 [Listener at 0.0.0.0/38439] INFO  ipc.CallQueueManager (CallQueueManager.java:<init>(90)) - Using callQueue: class java.util.concurrent.LinkedBlockingQueue, queueCapacity: 2000, scheduler: class org.apache.hadoop.ipc.DefaultRpcScheduler, ipcBackoff: false.
2022-10-14 14:33:35,742 [Socket Reader #1 for port 40511] INFO  ipc.Server (Server.java:run(1273)) - Starting Socket Reader #1 for port 40511
2022-10-14 14:33:35,744 [Listener at 0.0.0.0/40511] INFO  ipc.CallQueueManager (CallQueueManager.java:<init>(90)) - Using callQueue: class java.util.concurrent.LinkedBlockingQueue, queueCapacity: 2000, scheduler: class org.apache.hadoop.ipc.DefaultRpcScheduler, ipcBackoff: false.
2022-10-14 14:33:35,744 [Socket Reader #1 for port 37901] INFO  ipc.Server (Server.java:run(1273)) - Starting Socket Reader #1 for port 37901
2022-10-14 14:33:35,771 [Listener at 0.0.0.0/37901] INFO  ha.SCMServiceManager (SCMServiceManager.java:register(42)) - Registering service ContainerBalancer.
2022-10-14 14:33:35,772 [Listener at 0.0.0.0/37901] INFO  server.StorageContainerManager (StorageContainerManager.java:<init>(410)) - 
Container Balancer status:
Key                            Value
Running                        false
Container Balancer Configuration values:
Key                                                Value
Threshold                                          10
Max Datanodes to Involve per Iteration(percent)    20
Max Size to Move per Iteration                     500GB
Max Size Entering Target per Iteration             26GB
Max Size Leaving Source per Iteration              26GB

2022-10-14 14:33:35,772 [Listener at 0.0.0.0/37901] WARN  events.EventQueue (EventQueue.java:fireEvent(216)) - No event handler registered for event TypedEvent{payloadType=SafeModeStatus, name='Safe mode status'}
2022-10-14 14:33:35,772 [Listener at 0.0.0.0/37901] INFO  ha.SCMContext (SCMContext.java:updateSafeModeStatus(228)) - Update SafeModeStatus from SafeModeStatus{safeModeStatus=true, preCheckPassed=false} to SafeModeStatus{safeModeStatus=true, preCheckPassed=false}.
2022-10-14 14:33:35,773 [Listener at 0.0.0.0/37901] INFO  server.StorageContainerManager (StorageContainerManager.java:start(1436)) - StorageContainerLocationProtocol RPC server is listening at /0.0.0.0:37901
2022-10-14 14:33:35,773 [Listener at 0.0.0.0/37901] INFO  ha.SCMRatisServerImpl (SCMRatisServerImpl.java:start(178)) - starting ratis server 0.0.0.0:44017
2022-10-14 14:33:35,773 [c70ee520-a26f-4925-a0d6-13999223b64a-impl-thread1] INFO  server.RaftServer$Division (RaftServerImpl.java:start(316)) - c70ee520-a26f-4925-a0d6-13999223b64a@group-79A83AF4AB20: start with initializing state, conf=-1: [], old=null
2022-10-14 14:33:35,774 [c70ee520-a26f-4925-a0d6-13999223b64a-impl-thread1] INFO  server.RaftServer$Division (RaftServerImpl.java:setRole(299)) - c70ee520-a26f-4925-a0d6-13999223b64a@group-79A83AF4AB20: changes role from      null to FOLLOWER at term 0 for startInitializing
2022-10-14 14:33:35,774 [c70ee520-a26f-4925-a0d6-13999223b64a-impl-thread1] INFO  util.JmxRegister (JmxRegister.java:tryRegister(44)) - Successfully registered JMX Bean with object name Ratis:service=RaftServer,group=group-79A83AF4AB20,id=c70ee520-a26f-4925-a0d6-13999223b64a
2022-10-14 14:33:35,776 [Listener at 0.0.0.0/37901] INFO  server.RaftServer (RaftServerProxy.java:lambda$start$6(382)) - c70ee520-a26f-4925-a0d6-13999223b64a: start RPC server
2022-10-14 14:33:35,778 [Listener at 0.0.0.0/37901] INFO  server.GrpcService (GrpcService.java:startImpl(260)) - c70ee520-a26f-4925-a0d6-13999223b64a: GrpcService started, listening on 44017
2022-10-14 14:33:35,782 [Listener at 0.0.0.0/37901] INFO  ha.SCMNodeInfo (SCMNodeInfo.java:getPort(197)) - ConfigKey ozone.scm.client.address is deprecated, For configuring different ports for each SCM use PortConfigKey ozone.scm.client.port appended with serviceId and nodeId
2022-10-14 14:33:35,782 [Listener at 0.0.0.0/37901] INFO  ha.SCMNodeInfo (SCMNodeInfo.java:getPort(197)) - ConfigKey ozone.scm.block.client.address is deprecated, For configuring different ports for each SCM use PortConfigKey ozone.scm.block.client.port appended with serviceId and nodeId
2022-10-14 14:33:35,783 [Listener at 0.0.0.0/37901] INFO  ha.SCMNodeInfo (SCMNodeInfo.java:getPort(197)) - ConfigKey ozone.scm.datanode.address is deprecated, For configuring different ports for each SCM use PortConfigKey ozone.scm.datanode.port appended with serviceId and nodeId
2022-10-14 14:33:35,783 [Listener at 0.0.0.0/37901] INFO  ha.SCMNodeInfo (SCMNodeInfo.java:getPort(197)) - ConfigKey ozone.scm.client.address is deprecated, For configuring different ports for each SCM use PortConfigKey ozone.scm.client.port appended with serviceId and nodeId
2022-10-14 14:33:35,783 [Listener at 0.0.0.0/37901] INFO  ha.SCMNodeInfo (SCMNodeInfo.java:getPort(197)) - ConfigKey ozone.scm.block.client.address is deprecated, For configuring different ports for each SCM use PortConfigKey ozone.scm.block.client.port appended with serviceId and nodeId
2022-10-14 14:33:35,783 [Listener at 0.0.0.0/37901] INFO  ha.SCMNodeInfo (SCMNodeInfo.java:getPort(197)) - ConfigKey ozone.scm.datanode.address is deprecated, For configuring different ports for each SCM use PortConfigKey ozone.scm.datanode.port appended with serviceId and nodeId
2022-10-14 14:33:35,783 [Listener at 0.0.0.0/37901] INFO  proxy.SCMBlockLocationFailoverProxyProvider (SCMBlockLocationFailoverProxyProvider.java:<init>(114)) - Created block location fail-over proxy with 2 nodes: [nodeId=scmNode-3,nodeAddress=/127.0.0.1:40903, nodeId=scmNode-1,nodeAddress=/127.0.0.1:41611]
2022-10-14 14:33:35,788 [org.apache.ratis.util.JvmPauseMonitor$$Lambda$519/1610556435@6238ef1a] INFO  util.JvmPauseMonitor (JvmPauseMonitor.java:run(103)) - JvmPauseMonitor-c70ee520-a26f-4925-a0d6-13999223b64a: Started
2022-10-14 14:33:35,798 [IPC Server handler 1 on default port 41611] INFO  ha.SCMRatisServerImpl (SCMRatisServerImpl.java:addSCM(298)) - da235ff1-af49-4bd4-8bce-f7819ff62f3f: Submitting SetConfiguration request to Ratis server with new SCM peers list: [da235ff1-af49-4bd4-8bce-f7819ff62f3f|rpc:localhost:45869|admin:|client:|dataStream:|priority:0, c70ee520-a26f-4925-a0d6-13999223b64a|rpc:localhost:44017|priority:0]
2022-10-14 14:33:35,814 [IPC Server handler 1 on default port 41611] INFO  server.RaftServer$Division (RaftServerImpl.java:setConfigurationAsync(1080)) - da235ff1-af49-4bd4-8bce-f7819ff62f3f@group-79A83AF4AB20: receive setConfiguration SetConfigurationRequest:client-A359D7DE0521->da235ff1-af49-4bd4-8bce-f7819ff62f3f@group-79A83AF4AB20, cid=0, seq=0, RW, null, peers:[da235ff1-af49-4bd4-8bce-f7819ff62f3f|rpc:localhost:45869|admin:|client:|dataStream:|priority:0, c70ee520-a26f-4925-a0d6-13999223b64a|rpc:localhost:44017|priority:0]
2022-10-14 14:33:35,814 [IPC Server handler 1 on default port 41611] INFO  server.RaftServer$Division (LeaderStateImpl.java:startSetConfiguration(368)) - da235ff1-af49-4bd4-8bce-f7819ff62f3f@group-79A83AF4AB20-LeaderStateImpl: startSetConfiguration SetConfigurationRequest:client-A359D7DE0521->da235ff1-af49-4bd4-8bce-f7819ff62f3f@group-79A83AF4AB20, cid=0, seq=0, RW, null, peers:[da235ff1-af49-4bd4-8bce-f7819ff62f3f|rpc:localhost:45869|admin:|client:|dataStream:|priority:0, c70ee520-a26f-4925-a0d6-13999223b64a|rpc:localhost:44017|priority:0]
2022-10-14 14:33:35,826 [IPC Server handler 1 on default port 41611] INFO  server.RaftServerConfigKeys (ConfUtils.java:logGet(46)) - raft.server.log.appender.snapshot.chunk.size.max = 16MB (=16777216) (default)
2022-10-14 14:33:35,827 [IPC Server handler 1 on default port 41611] INFO  server.RaftServerConfigKeys (ConfUtils.java:logGet(46)) - raft.server.log.appender.buffer.byte-limit = 33554432 (custom)
2022-10-14 14:33:35,827 [IPC Server handler 1 on default port 41611] INFO  server.RaftServerConfigKeys (ConfUtils.java:logGet(46)) - raft.server.log.appender.buffer.element-limit = 1024 (custom)
2022-10-14 14:33:35,831 [IPC Server handler 1 on default port 41611] INFO  grpc.GrpcConfigKeys (ConfUtils.java:logGet(46)) - raft.grpc.server.leader.outstanding.appends.max = 128 (default)
2022-10-14 14:33:35,831 [IPC Server handler 1 on default port 41611] INFO  server.RaftServerConfigKeys (ConfUtils.java:logGet(46)) - raft.server.rpc.request.timeout = 30000ms (custom)
2022-10-14 14:33:35,831 [IPC Server handler 1 on default port 41611] INFO  server.RaftServerConfigKeys (ConfUtils.java:logGet(46)) - raft.server.log.appender.install.snapshot.enabled = false (custom)
2022-10-14 14:33:35,840 [da235ff1-af49-4bd4-8bce-f7819ff62f3f@group-79A83AF4AB20->c70ee520-a26f-4925-a0d6-13999223b64a-GrpcLogAppender-LogAppenderDaemon] INFO  server.GrpcLogAppender (GrpcLogAppender.java:installSnapshot(541)) - da235ff1-af49-4bd4-8bce-f7819ff62f3f@group-79A83AF4AB20->c70ee520-a26f-4925-a0d6-13999223b64a-GrpcLogAppender: followerNextIndex = 0 but logStartIndex = 0, notify follower to install snapshot-(t:1, i:0)
2022-10-14 14:33:35,864 [da235ff1-af49-4bd4-8bce-f7819ff62f3f@group-79A83AF4AB20->c70ee520-a26f-4925-a0d6-13999223b64a-GrpcLogAppender-LogAppenderDaemon] INFO  server.GrpcLogAppender (GrpcLogAppender.java:installSnapshot(549)) - da235ff1-af49-4bd4-8bce-f7819ff62f3f@group-79A83AF4AB20->c70ee520-a26f-4925-a0d6-13999223b64a-GrpcLogAppender: send da235ff1-af49-4bd4-8bce-f7819ff62f3f->c70ee520-a26f-4925-a0d6-13999223b64a#0-t2,notify:(t:1, i:0)
2022-10-14 14:33:36,473 [grpc-default-executor-0] INFO  impl.SnapshotInstallationHandler (SnapshotInstallationHandler.java:installSnapshot(84)) - c70ee520-a26f-4925-a0d6-13999223b64a@group-79A83AF4AB20: receive installSnapshot: da235ff1-af49-4bd4-8bce-f7819ff62f3f->c70ee520-a26f-4925-a0d6-13999223b64a#0-t2,notify:(t:1, i:0)
2022-10-14 14:33:36,476 [grpc-default-executor-0] INFO  ha.SCMStateMachine (SCMStateMachine.java:notifyLeaderChanged(255)) - leader changed, yet current SCM is still follower.
2022-10-14 14:33:36,477 [grpc-default-executor-0] INFO  server.RaftServer$Division (ServerState.java:setLeader(287)) - c70ee520-a26f-4925-a0d6-13999223b64a@group-79A83AF4AB20: change Leader from null to da235ff1-af49-4bd4-8bce-f7819ff62f3f at term 2 for installSnapshot, leader elected after 843ms
2022-10-14 14:33:36,480 [grpc-default-executor-0] INFO  impl.SnapshotInstallationHandler (SnapshotInstallationHandler.java:notifyStateMachineToInstallSnapshot(215)) - c70ee520-a26f-4925-a0d6-13999223b64a@group-79A83AF4AB20: Received notification to install snapshot at index 0
2022-10-14 14:33:36,482 [grpc-default-executor-0] INFO  impl.SnapshotInstallationHandler (SnapshotInstallationHandler.java:notifyStateMachineToInstallSnapshot(224)) - c70ee520-a26f-4925-a0d6-13999223b64a@group-79A83AF4AB20: InstallSnapshot notification result: ALREADY_INSTALLED, current snapshot index: -1
2022-10-14 14:33:36,568 [grpc-default-executor-0] INFO  impl.SnapshotInstallationHandler (SnapshotInstallationHandler.java:installSnapshotImpl(129)) - c70ee520-a26f-4925-a0d6-13999223b64a@group-79A83AF4AB20: set new configuration index: 1
configurationEntry {
  peers {
    id: "da235ff1-af49-4bd4-8bce-f7819ff62f3f"
    address: "localhost:45869"
  }
}
 from snapshot
2022-10-14 14:33:36,569 [grpc-default-executor-0] INFO  server.RaftServer$Division (ServerState.java:setRaftConf(393)) - c70ee520-a26f-4925-a0d6-13999223b64a@group-79A83AF4AB20: set configuration 1: [da235ff1-af49-4bd4-8bce-f7819ff62f3f|rpc:localhost:45869|admin:|client:|dataStream:|priority:0], old=null
2022-10-14 14:33:36,569 [grpc-default-executor-0] INFO  impl.SnapshotInstallationHandler (SnapshotInstallationHandler.java:installSnapshot(95)) - c70ee520-a26f-4925-a0d6-13999223b64a@group-79A83AF4AB20: reply installSnapshot: da235ff1-af49-4bd4-8bce-f7819ff62f3f<-c70ee520-a26f-4925-a0d6-13999223b64a#0:FAIL-t0,ALREADY_INSTALLED
2022-10-14 14:33:36,572 [grpc-default-executor-0] INFO  server.GrpcServerProtocolService (GrpcServerProtocolService.java:onCompleted(140)) - c70ee520-a26f-4925-a0d6-13999223b64a: Completed INSTALL_SNAPSHOT, lastRequest: da235ff1-af49-4bd4-8bce-f7819ff62f3f->c70ee520-a26f-4925-a0d6-13999223b64a#0-t2,notify:(t:1, i:0)
2022-10-14 14:33:36,580 [grpc-default-executor-2] INFO  server.GrpcLogAppender (GrpcLogAppender.java:onNext(403)) - da235ff1-af49-4bd4-8bce-f7819ff62f3f@group-79A83AF4AB20->c70ee520-a26f-4925-a0d6-13999223b64a-InstallSnapshotResponseHandler: received the first reply da235ff1-af49-4bd4-8bce-f7819ff62f3f<-c70ee520-a26f-4925-a0d6-13999223b64a#0:FAIL-t0,ALREADY_INSTALLED
2022-10-14 14:33:36,582 [grpc-default-executor-2] INFO  server.GrpcLogAppender (GrpcLogAppender.java:onNext(426)) - da235ff1-af49-4bd4-8bce-f7819ff62f3f@group-79A83AF4AB20->c70ee520-a26f-4925-a0d6-13999223b64a-InstallSnapshotResponseHandler: Follower snapshot is already at index 0.
2022-10-14 14:33:36,582 [grpc-default-executor-2] INFO  leader.FollowerInfo (FollowerInfoImpl.java:lambda$new$0(48)) - da235ff1-af49-4bd4-8bce-f7819ff62f3f@group-79A83AF4AB20->c70ee520-a26f-4925-a0d6-13999223b64a: snapshotIndex: setUnconditionally 0 -> 0
2022-10-14 14:33:36,583 [grpc-default-executor-2] INFO  leader.FollowerInfo (FollowerInfoImpl.java:lambda$new$0(48)) - da235ff1-af49-4bd4-8bce-f7819ff62f3f@group-79A83AF4AB20->c70ee520-a26f-4925-a0d6-13999223b64a: matchIndex: setUnconditionally 0 -> 0
2022-10-14 14:33:36,583 [grpc-default-executor-2] INFO  leader.FollowerInfo (FollowerInfoImpl.java:lambda$new$0(48)) - da235ff1-af49-4bd4-8bce-f7819ff62f3f@group-79A83AF4AB20->c70ee520-a26f-4925-a0d6-13999223b64a: nextIndex: setUnconditionally 0 -> 1
2022-10-14 14:33:36,583 [grpc-default-executor-2] INFO  leader.FollowerInfo (FollowerInfoImpl.java:setAttemptedToInstallSnapshot(118)) - Follower da235ff1-af49-4bd4-8bce-f7819ff62f3f@group-79A83AF4AB20->c70ee520-a26f-4925-a0d6-13999223b64a acknowledged installing snapshot
2022-10-14 14:33:36,583 [grpc-default-executor-2] INFO  leader.FollowerInfo (FollowerInfoImpl.java:lambda$new$0(48)) - da235ff1-af49-4bd4-8bce-f7819ff62f3f@group-79A83AF4AB20->c70ee520-a26f-4925-a0d6-13999223b64a: nextIndex: updateToMax old=1, new=1, updated? false
2022-10-14 14:33:36,604 [c70ee520-a26f-4925-a0d6-13999223b64a-server-thread1] INFO  impl.RoleInfo (RoleInfo.java:updateAndGet(139)) - c70ee520-a26f-4925-a0d6-13999223b64a: start c70ee520-a26f-4925-a0d6-13999223b64a@group-79A83AF4AB20-FollowerState
2022-10-14 14:33:36,605 [c70ee520-a26f-4925-a0d6-13999223b64a-server-thread1] INFO  server.RaftServer$Division (RaftServerImpl.java:checkInconsistentAppendEntries(1424)) - c70ee520-a26f-4925-a0d6-13999223b64a@group-79A83AF4AB20: Failed appendEntries as previous log entry ((t:1, i:0)) is not found
2022-10-14 14:33:36,607 [c70ee520-a26f-4925-a0d6-13999223b64a-server-thread1] INFO  server.RaftServer$Division (RaftServerImpl.java:checkInconsistentAppendEntries(1394)) - c70ee520-a26f-4925-a0d6-13999223b64a@group-79A83AF4AB20: inconsistency entries. Reply:da235ff1-af49-4bd4-8bce-f7819ff62f3f<-c70ee520-a26f-4925-a0d6-13999223b64a#0:FAIL-t2,INCONSISTENCY,nextIndex=0,followerCommit=-1
2022-10-14 14:33:36,613 [grpc-default-executor-0] INFO  leader.FollowerInfo (FollowerInfoImpl.java:lambda$new$0(48)) - da235ff1-af49-4bd4-8bce-f7819ff62f3f@group-79A83AF4AB20->c70ee520-a26f-4925-a0d6-13999223b64a: nextIndex: updateUnconditionally 3 -> 0
2022-10-14 14:33:36,617 [c70ee520-a26f-4925-a0d6-13999223b64a-server-thread1] INFO  server.RaftServer$Division (RaftServerImpl.java:checkInconsistentAppendEntries(1424)) - c70ee520-a26f-4925-a0d6-13999223b64a@group-79A83AF4AB20: Failed appendEntries as previous log entry ((t:1, i:0)) is not found
2022-10-14 14:33:36,617 [c70ee520-a26f-4925-a0d6-13999223b64a-server-thread1] INFO  server.RaftServer$Division (RaftServerImpl.java:checkInconsistentAppendEntries(1394)) - c70ee520-a26f-4925-a0d6-13999223b64a@group-79A83AF4AB20: inconsistency entries. Reply:da235ff1-af49-4bd4-8bce-f7819ff62f3f<-c70ee520-a26f-4925-a0d6-13999223b64a#1:FAIL-t2,INCONSISTENCY,nextIndex=0,followerCommit=-1
2022-10-14 14:33:36,620 [grpc-default-executor-2] INFO  leader.FollowerInfo (FollowerInfoImpl.java:lambda$new$0(48)) - da235ff1-af49-4bd4-8bce-f7819ff62f3f@group-79A83AF4AB20->c70ee520-a26f-4925-a0d6-13999223b64a: nextIndex: updateUnconditionally 3 -> 0
2022-10-14 14:33:36,624 [c70ee520-a26f-4925-a0d6-13999223b64a-server-thread1] INFO  server.RaftServer$Division (ServerState.java:setRaftConf(393)) - c70ee520-a26f-4925-a0d6-13999223b64a@group-79A83AF4AB20: set configuration 0: [da235ff1-af49-4bd4-8bce-f7819ff62f3f|rpc:localhost:45869|admin:|client:|dataStream:|priority:0], old=null
2022-10-14 14:33:36,625 [c70ee520-a26f-4925-a0d6-13999223b64a-server-thread1] INFO  server.RaftServer$Division (ServerState.java:setRaftConf(393)) - c70ee520-a26f-4925-a0d6-13999223b64a@group-79A83AF4AB20: set configuration 1: [da235ff1-af49-4bd4-8bce-f7819ff62f3f|rpc:localhost:45869|admin:|client:|dataStream:|priority:0], old=null
2022-10-14 14:33:36,625 [c70ee520-a26f-4925-a0d6-13999223b64a-server-thread1] INFO  segmented.SegmentedRaftLogWorker (SegmentedRaftLogWorker.java:startLogSegment(425)) - c70ee520-a26f-4925-a0d6-13999223b64a@group-79A83AF4AB20-SegmentedRaftLogWorker: Starting segment from index:0
2022-10-14 14:33:36,625 [c70ee520-a26f-4925-a0d6-13999223b64a-server-thread1] INFO  segmented.SegmentedRaftLogWorker (SegmentedRaftLogWorker.java:rollLogSegment(430)) - c70ee520-a26f-4925-a0d6-13999223b64a@group-79A83AF4AB20-SegmentedRaftLogWorker: Rolling segment log-0_0 to index:0
2022-10-14 14:33:36,633 [c70ee520-a26f-4925-a0d6-13999223b64a@group-79A83AF4AB20-SegmentedRaftLogWorker] INFO  segmented.SegmentedRaftLogWorker (SegmentedRaftLogWorker.java:execute(629)) - c70ee520-a26f-4925-a0d6-13999223b64a@group-79A83AF4AB20-SegmentedRaftLogWorker: created new log segment /home/runner/work/ozone/ozone/hadoop-ozone/integration-test/target/test-dir/MiniOzoneClusterImpl-d3474758-561c-4776-8c9d-79a83af4ab20/scmNode-2/scm-ha/d3474758-561c-4776-8c9d-79a83af4ab20/current/log_inprogress_0
2022-10-14 14:33:36,635 [c70ee520-a26f-4925-a0d6-13999223b64a@group-79A83AF4AB20-SegmentedRaftLogWorker] INFO  segmented.SegmentedRaftLogWorker (SegmentedRaftLogWorker.java:execute(586)) - c70ee520-a26f-4925-a0d6-13999223b64a@group-79A83AF4AB20-SegmentedRaftLogWorker: Rolled log segment from /home/runner/work/ozone/ozone/hadoop-ozone/integration-test/target/test-dir/MiniOzoneClusterImpl-d3474758-561c-4776-8c9d-79a83af4ab20/scmNode-2/scm-ha/d3474758-561c-4776-8c9d-79a83af4ab20/current/log_inprogress_0 to /home/runner/work/ozone/ozone/hadoop-ozone/integration-test/target/test-dir/MiniOzoneClusterImpl-d3474758-561c-4776-8c9d-79a83af4ab20/scmNode-2/scm-ha/d3474758-561c-4776-8c9d-79a83af4ab20/current/log_0-0
2022-10-14 14:33:36,639 [c70ee520-a26f-4925-a0d6-13999223b64a-server-thread2] INFO  server.RaftServer$Division (ServerState.java:setRaftConf(393)) - c70ee520-a26f-4925-a0d6-13999223b64a@group-79A83AF4AB20: set configuration 0: [da235ff1-af49-4bd4-8bce-f7819ff62f3f|rpc:localhost:45869|admin:|client:|dataStream:|priority:0], old=null
2022-10-14 14:33:36,639 [c70ee520-a26f-4925-a0d6-13999223b64a-server-thread2] INFO  server.RaftServer$Division (ServerState.java:setRaftConf(393)) - c70ee520-a26f-4925-a0d6-13999223b64a@group-79A83AF4AB20: set configuration 1: [da235ff1-af49-4bd4-8bce-f7819ff62f3f|rpc:localhost:45869|admin:|client:|dataStream:|priority:0], old=null
2022-10-14 14:33:36,643 [c70ee520-a26f-4925-a0d6-13999223b64a@group-79A83AF4AB20-SegmentedRaftLogWorker] INFO  segmented.SegmentedRaftLogWorker (SegmentedRaftLogWorker.java:execute(629)) - c70ee520-a26f-4925-a0d6-13999223b64a@group-79A83AF4AB20-SegmentedRaftLogWorker: created new log segment /home/runner/work/ozone/ozone/hadoop-ozone/integration-test/target/test-dir/MiniOzoneClusterImpl-d3474758-561c-4776-8c9d-79a83af4ab20/scmNode-2/scm-ha/d3474758-561c-4776-8c9d-79a83af4ab20/current/log_inprogress_1
2022-10-14 14:33:36,645 [c70ee520-a26f-4925-a0d6-13999223b64a@group-79A83AF4AB20-StateMachineUpdater] INFO  safemode.HealthyPipelineSafeModeRule (HealthyPipelineSafeModeRule.java:initializeRule(165)) - Refreshed total pipeline count is 0, healthy pipeline threshold count is 1
2022-10-14 14:33:36,646 [c70ee520-a26f-4925-a0d6-13999223b64a@group-79A83AF4AB20-StateMachineUpdater] INFO  safemode.ContainerSafeModeRule (ContainerSafeModeRule.java:reInitializeRule(177)) - Refreshed one replica container threshold 0, currentThreshold 0
2022-10-14 14:33:36,646 [c70ee520-a26f-4925-a0d6-13999223b64a@group-79A83AF4AB20-StateMachineUpdater] INFO  safemode.OneReplicaPipelineSafeModeRule (OneReplicaPipelineSafeModeRule.java:initializeRule(176)) - Refreshed Total pipeline count is 0, pipeline's with at least one datanode reported threshold count is 0
2022-10-14 14:33:36,646 [c70ee520-a26f-4925-a0d6-13999223b64a@group-79A83AF4AB20-StateMachineUpdater] INFO  server.SCMDatanodeProtocolServer (SCMDatanodeProtocolServer.java:start(186)) - ScmDatanodeProtocol RPC server for DataNodes is listening at /0.0.0.0:38439
2022-10-14 14:33:36,653 [da235ff1-af49-4bd4-8bce-f7819ff62f3f@group-79A83AF4AB20-LeaderStateImpl] INFO  server.RaftServer$Division (ServerState.java:setRaftConf(393)) - da235ff1-af49-4bd4-8bce-f7819ff62f3f@group-79A83AF4AB20: set configuration 3: [da235ff1-af49-4bd4-8bce-f7819ff62f3f|rpc:localhost:45869|admin:|client:|dataStream:|priority:0, c70ee520-a26f-4925-a0d6-13999223b64a|rpc:localhost:44017|priority:0], old=[da235ff1-af49-4bd4-8bce-f7819ff62f3f|rpc:localhost:45869|admin:|client:|dataStream:|priority:0]
2022-10-14 14:33:36,657 [IPC Server listener on 38439] INFO  ipc.Server (Server.java:run(1352)) - IPC Server listener on 38439: starting
2022-10-14 14:33:36,658 [c70ee520-a26f-4925-a0d6-13999223b64a-server-thread2] INFO  server.RaftServer$Division (ServerState.java:setRaftConf(393)) - c70ee520-a26f-4925-a0d6-13999223b64a@group-79A83AF4AB20: set configuration 3: [da235ff1-af49-4bd4-8bce-f7819ff62f3f|rpc:localhost:45869|admin:|client:|dataStream:|priority:0, c70ee520-a26f-4925-a0d6-13999223b64a|rpc:localhost:44017|admin:|client:|dataStream:|priority:0], old=[da235ff1-af49-4bd4-8bce-f7819ff62f3f|rpc:localhost:45869|admin:|client:|dataStream:|priority:0]
2022-10-14 14:33:36,664 [IPC Server Responder] INFO  ipc.Server (Server.java:run(1512)) - IPC Server Responder: starting
2022-10-14 14:33:36,685 [da235ff1-af49-4bd4-8bce-f7819ff62f3f@group-79A83AF4AB20-LeaderStateImpl] INFO  server.RaftServer$Division (ServerState.java:setRaftConf(393)) - da235ff1-af49-4bd4-8bce-f7819ff62f3f@group-79A83AF4AB20: set configuration 5: [da235ff1-af49-4bd4-8bce-f7819ff62f3f|rpc:localhost:45869|admin:|client:|dataStream:|priority:0, c70ee520-a26f-4925-a0d6-13999223b64a|rpc:localhost:44017|priority:0], old=null
2022-10-14 14:33:36,697 [c70ee520-a26f-4925-a0d6-13999223b64a-server-thread2] INFO  server.RaftServer$Division (ServerState.java:setRaftConf(393)) - c70ee520-a26f-4925-a0d6-13999223b64a@group-79A83AF4AB20: set configuration 5: [da235ff1-af49-4bd4-8bce-f7819ff62f3f|rpc:localhost:45869|admin:|client:|dataStream:|priority:0, c70ee520-a26f-4925-a0d6-13999223b64a|rpc:localhost:44017|admin:|client:|dataStream:|priority:0], old=null
2022-10-14 14:33:36,703 [IPC Server handler 1 on default port 41611] INFO  ha.SCMRatisServerImpl (SCMRatisServerImpl.java:addSCM(309)) - Successfully added new SCM: c70ee520-a26f-4925-a0d6-13999223b64a.
2022-10-14 14:33:36,705 [Listener at 0.0.0.0/37901] INFO  ha.SCMHAManagerImpl (SCMHAManagerImpl.java:start(117)) - Successfully added SCM scmNode-2 to group group-79A83AF4AB20:[da235ff1-af49-4bd4-8bce-f7819ff62f3f|rpc:localhost:45869|admin:|client:|dataStream:|priority:0, c70ee520-a26f-4925-a0d6-13999223b64a|rpc:localhost:44017|admin:|client:|dataStream:|priority:0]
2022-10-14 14:33:36,705 [Listener at 0.0.0.0/37901] INFO  ha.InterSCMGrpcService (InterSCMGrpcProtocolService.java:start(94)) - Starting SCM Grpc Service at port 34847
2022-10-14 14:33:36,715 [Listener at 0.0.0.0/37901] INFO  impl.MetricsSystemImpl (MetricsSystemImpl.java:init(158)) - StorageContainerManager metrics system started (again)
2022-10-14 14:33:36,738 [Listener at 0.0.0.0/37901] INFO  server.SCMClientProtocolServer (SCMClientProtocolServer.java:start(170)) - RPC server for Client  is listening at /0.0.0.0:37901
2022-10-14 14:33:36,739 [IPC Server Responder] INFO  ipc.Server (Server.java:run(1512)) - IPC Server Responder: starting
2022-10-14 14:33:36,739 [IPC Server listener on 37901] INFO  ipc.Server (Server.java:run(1352)) - IPC Server listener on 37901: starting
2022-10-14 14:33:36,747 [Listener at 0.0.0.0/37901] INFO  server.StorageContainerManager (StorageContainerManager.java:start(1451)) - ScmBlockLocationProtocol RPC server is listening at /0.0.0.0:40511
2022-10-14 14:33:36,748 [Listener at 0.0.0.0/37901] INFO  server.SCMBlockProtocolServer (SCMBlockProtocolServer.java:start(152)) - RPC server for Block Protocol is listening at /0.0.0.0:40511
2022-10-14 14:33:36,748 [IPC Server Responder] INFO  ipc.Server (Server.java:run(1512)) - IPC Server Responder: starting
2022-10-14 14:33:36,748 [IPC Server listener on 40511] INFO  ipc.Server (Server.java:run(1352)) - IPC Server listener on 40511: starting
2022-10-14 14:33:36,759 [Listener at 0.0.0.0/37901] INFO  http.BaseHttpServer (BaseHttpServer.java:newHttpServer2BuilderForOzone(213)) - Starting Web-server for scm at: http://0.0.0.0:46535
2022-10-14 14:33:36,759 [Listener at 0.0.0.0/37901] INFO  http.BaseHttpServer (BaseHttpServer.java:<init>(108)) - Hadoop Security Enabled: false Ozone Security Enabled: false Ozone HTTP Security Enabled: false 
2022-10-14 14:33:36,761 [Listener at 0.0.0.0/37901] WARN  server.AuthenticationFilter (AuthenticationFilter.java:constructSecretProvider(240)) - Unable to initialize FileSignerSecretProvider, falling back to use random secrets. Reason: Could not read signature secret file: /home/runner/hadoop-http-auth-signature-secret
2022-10-14 14:33:36,759 [org.apache.hadoop.util.JvmPauseMonitor$Monitor@2f0f2cba] INFO  util.JvmPauseMonitor (JvmPauseMonitor.java:run(188)) - Starting JVM pause monitor
2022-10-14 14:33:36,762 [Listener at 0.0.0.0/37901] WARN  http.HttpRequestLog (HttpRequestLog.java:getRequestLog(103)) - Jetty request log can only be enabled using Log4j
2022-10-14 14:33:36,764 [Listener at 0.0.0.0/37901] INFO  http.HttpServer2 (HttpServer2.java:addGlobalFilter(1031)) - Added global filter 'safety' (class=org.apache.hadoop.hdds.server.http.HttpServer2$QuotingInputFilter)
2022-10-14 14:33:36,765 [Listener at 0.0.0.0/37901] INFO  http.HttpServer2 (HttpServer2.java:addFilter(1007)) - Added filter static_user_filter (class=org.apache.hadoop.http.lib.StaticUserWebFilter$StaticUserFilter) to context scm
2022-10-14 14:33:36,765 [Listener at 0.0.0.0/37901] INFO  http.HttpServer2 (HttpServer2.java:addFilter(1015)) - Added filter static_user_filter (class=org.apache.hadoop.http.lib.StaticUserWebFilter$StaticUserFilter) to context logs
2022-10-14 14:33:36,765 [Listener at 0.0.0.0/37901] INFO  http.HttpServer2 (HttpServer2.java:addFilter(1015)) - Added filter static_user_filter (class=org.apache.hadoop.http.lib.StaticUserWebFilter$StaticUserFilter) to context static
2022-10-14 14:33:36,766 [Listener at 0.0.0.0/37901] INFO  http.HttpServer2 (HttpServer2.java:bindListener(1250)) - Jetty bound to port 46535
2022-10-14 14:33:36,766 [Listener at 0.0.0.0/37901] INFO  server.Server (Server.java:doStart(375)) - jetty-9.4.43.v20210629; built: 2021-06-30T11:07:22.254Z; git: 526006ecfa3af7f1a27ef3a288e2bef7ea9dd7e8; jvm 1.8.0_345-b01
2022-10-14 14:33:36,778 [Listener at 0.0.0.0/37901] INFO  server.session (DefaultSessionIdManager.java:doStart(334)) - DefaultSessionIdManager workerName=node0
2022-10-14 14:33:36,778 [Listener at 0.0.0.0/37901] INFO  server.session (DefaultSessionIdManager.java:doStart(339)) - No SessionScavenger set, using defaults
2022-10-14 14:33:36,778 [Listener at 0.0.0.0/37901] INFO  server.session (HouseKeeper.java:startScavenging(132)) - node0 Scavenging every 660000ms
2022-10-14 14:33:36,779 [Listener at 0.0.0.0/37901] INFO  handler.ContextHandler (ContextHandler.java:doStart(915)) - Started o.e.j.s.ServletContextHandler@6743b287{logs,/logs,file:///home/runner/work/ozone/ozone/hadoop-ozone/integration-test/target/log,AVAILABLE}
2022-10-14 14:33:36,779 [Listener at 0.0.0.0/37901] INFO  handler.ContextHandler (ContextHandler.java:doStart(915)) - Started o.e.j.s.ServletContextHandler@20a84e77{static,/static,file:///home/runner/work/ozone/ozone/hadoop-ozone/integration-test/target/test-classes/webapps/static,AVAILABLE}
2022-10-14 14:33:36,783 [Listener at 0.0.0.0/37901] INFO  handler.ContextHandler (ContextHandler.java:doStart(915)) - Started o.e.j.w.WebAppContext@100e96dc{scm,/,file:///home/runner/work/ozone/ozone/hadoop-ozone/integration-test/target/test-classes/webapps/scm/,AVAILABLE}{file:/home/runner/work/ozone/ozone/hadoop-ozone/integration-test/target/test-classes/webapps/scm}
2022-10-14 14:33:36,785 [Listener at 0.0.0.0/37901] INFO  server.AbstractConnector (AbstractConnector.java:doStart(331)) - Started ServerConnector@3d0d6d00{HTTP/1.1, (http/1.1)}{0.0.0.0:46535}
2022-10-14 14:33:36,785 [Listener at 0.0.0.0/37901] INFO  server.Server (Server.java:doStart(415)) - Started @17562ms
2022-10-14 14:33:36,785 [Listener at 0.0.0.0/37901] WARN  impl.MetricsSystemImpl (MetricsSystemImpl.java:register(279)) - Sink prometheus already exists!
2022-10-14 14:33:36,786 [Listener at 0.0.0.0/37901] INFO  http.BaseHttpServer (BaseHttpServer.java:updateConnectorAddress(333)) - HTTP server of scm listening at http://0.0.0.0:46535
2022-10-14 14:33:36,786 [Listener at 0.0.0.0/37901] INFO  ozone.MiniOzoneHAClusterImpl (MiniOzoneHAClusterImpl.java:createSCMService(606)) - Started SCM RPC server at /0.0.0.0:37901
2022-10-14 14:33:36,787 [Listener at 0.0.0.0/37901] WARN  server.ServerUtils (ServerUtils.java:getScmDbDir(148)) - ozone.scm.db.dirs is not configured. We recommend adding this setting. Falling back to ozone.metadata.dirs instead.
2022-10-14 14:33:36,787 [Listener at 0.0.0.0/37901] INFO  ha.SCMHANodeDetails (SCMHANodeDetails.java:loadSCMHAConfig(209)) - ServiceID for StorageContainerManager is scmServiceId
2022-10-14 14:33:36,787 [Listener at 0.0.0.0/37901] INFO  ha.SCMHANodeDetails (SCMHANodeDetails.java:loadSCMHAConfig(220)) - ServiceID for StorageContainerManager is scmServiceId
2022-10-14 14:33:36,787 [Listener at 0.0.0.0/37901] WARN  scm.ScmUtils (ScmUtils.java:logWarn(179)) - ConfigKey ozone.scm.block.client.address is deprecated, For configuring different ports for each SCM use PortConfigKey ozone.scm.block.client.port appended with serviceId and nodeId. If want to configure same port configure ozone.scm.block.client.port
2022-10-14 14:33:36,788 [Listener at 0.0.0.0/37901] WARN  scm.ScmUtils (ScmUtils.java:logWarn(179)) - ConfigKey ozone.scm.client.address is deprecated, For configuring different ports for each SCM use PortConfigKey ozone.scm.client.port appended with serviceId and nodeId. If want to configure same port configure ozone.scm.client.port
2022-10-14 14:33:36,788 [Listener at 0.0.0.0/37901] WARN  scm.ScmUtils (ScmUtils.java:logWarn(179)) - ConfigKey ozone.scm.datanode.address is deprecated, For configuring different ports for each SCM use PortConfigKey ozone.scm.datanode.port appended with serviceId and nodeId. If want to configure same port configure ozone.scm.datanode.port
2022-10-14 14:33:36,788 [Listener at 0.0.0.0/37901] WARN  scm.ScmUtils (ScmUtils.java:logWarn(179)) - ConfigKey ozone.scm.block.client.address is deprecated, For configuring different ports for each SCM use PortConfigKey ozone.scm.block.client.port appended with serviceId and nodeId. If want to configure same port configure ozone.scm.block.client.port
2022-10-14 14:33:36,788 [Listener at 0.0.0.0/37901] WARN  scm.ScmUtils (ScmUtils.java:logWarn(179)) - ConfigKey ozone.scm.client.address is deprecated, For configuring different ports for each SCM use PortConfigKey ozone.scm.client.port appended with serviceId and nodeId. If want to configure same port configure ozone.scm.client.port
2022-10-14 14:33:36,788 [Listener at 0.0.0.0/37901] WARN  scm.ScmUtils (ScmUtils.java:logWarn(179)) - ConfigKey ozone.scm.datanode.address is deprecated, For configuring different ports for each SCM use PortConfigKey ozone.scm.datanode.port appended with serviceId and nodeId. If want to configure same port configure ozone.scm.datanode.port
2022-10-14 14:33:36,788 [Listener at 0.0.0.0/37901] INFO  ha.SCMHANodeDetails (SCMHANodeDetails.java:loadSCMHAConfig(307)) - Found matching SCM address with SCMServiceId: scmServiceId, SCMNodeId: scmNode-3, RPC Address: localhost:36021 and Ratis port: 36021
2022-10-14 14:33:36,788 [Listener at 0.0.0.0/37901] INFO  ha.SCMHANodeDetails (ConfUtils.java:setNodeSpecificConfigs(97)) - Setting configuration key ozone.scm.datanode.address with value of key ozone.scm.datanode.address.scmServiceId.scmNode-3: 127.0.0.1:42209
2022-10-14 14:33:36,788 [Listener at 0.0.0.0/37901] INFO  ha.SCMHANodeDetails (ConfUtils.java:setNodeSpecificConfigs(97)) - Setting configuration key ozone.scm.block.client.address with value of key ozone.scm.block.client.address.scmServiceId.scmNode-3: 127.0.0.1:40903
2022-10-14 14:33:36,789 [Listener at 0.0.0.0/37901] INFO  ha.SCMHANodeDetails (ConfUtils.java:setNodeSpecificConfigs(97)) - Setting configuration key ozone.scm.client.address with value of key ozone.scm.client.address.scmServiceId.scmNode-3: 127.0.0.1:41617
2022-10-14 14:33:36,789 [Listener at 0.0.0.0/37901] INFO  ha.SCMHANodeDetails (ConfUtils.java:setNodeSpecificConfigs(97)) - Setting configuration key ozone.scm.ratis.port with value of key ozone.scm.ratis.port.scmServiceId.scmNode-3: 36021
2022-10-14 14:33:36,789 [Listener at 0.0.0.0/37901] INFO  ha.SCMHANodeDetails (ConfUtils.java:setNodeSpecificConfigs(97)) - Setting configuration key ozone.scm.grpc.port with value of key ozone.scm.grpc.port.scmServiceId.scmNode-3: 39235
2022-10-14 14:33:36,789 [Listener at 0.0.0.0/37901] INFO  ha.SCMHANodeDetails (ConfUtils.java:setNodeSpecificConfigs(97)) - Setting configuration key ozone.scm.http-address with value of key ozone.scm.http-address.scmServiceId.scmNode-3: 127.0.0.1:33859
2022-10-14 14:33:36,789 [Listener at 0.0.0.0/37901] INFO  ha.SCMHANodeDetails (ConfUtils.java:setNodeSpecificConfigs(97)) - Setting configuration key ozone.scm.https-address with value of key ozone.scm.https-address.scmServiceId.scmNode-3: 127.0.0.1:44189
2022-10-14 14:33:36,789 [Listener at 0.0.0.0/37901] INFO  ha.SCMHANodeDetails (ConfUtils.java:setNodeSpecificConfigs(97)) - Setting configuration key ozone.scm.address with value of key ozone.scm.address.scmServiceId.scmNode-3: 127.0.0.1
2022-10-14 14:33:36,789 [Listener at 0.0.0.0/37901] WARN  scm.ScmUtils (ScmUtils.java:logWarn(179)) - ConfigKey ozone.scm.block.client.address is deprecated, For configuring different ports for each SCM use PortConfigKey ozone.scm.block.client.port appended with serviceId and nodeId. If want to configure same port configure ozone.scm.block.client.port
2022-10-14 14:33:36,789 [Listener at 0.0.0.0/37901] WARN  scm.ScmUtils (ScmUtils.java:logWarn(179)) - ConfigKey ozone.scm.client.address is deprecated, For configuring different ports for each SCM use PortConfigKey ozone.scm.client.port appended with serviceId and nodeId. If want to configure same port configure ozone.scm.client.port
2022-10-14 14:33:36,789 [Listener at 0.0.0.0/37901] WARN  scm.ScmUtils (ScmUtils.java:logWarn(179)) - ConfigKey ozone.scm.datanode.address is deprecated, For configuring different ports for each SCM use PortConfigKey ozone.scm.datanode.port appended with serviceId and nodeId. If want to configure same port configure ozone.scm.datanode.port
2022-10-14 14:33:36,795 [Listener at 0.0.0.0/37901] INFO  ha.SCMNodeInfo (SCMNodeInfo.java:getPort(197)) - ConfigKey ozone.scm.client.address is deprecated, For configuring different ports for each SCM use PortConfigKey ozone.scm.client.port appended with serviceId and nodeId
2022-10-14 14:33:36,799 [Listener at 0.0.0.0/37901] INFO  ha.SCMNodeInfo (SCMNodeInfo.java:getPort(197)) - ConfigKey ozone.scm.block.client.address is deprecated, For configuring different ports for each SCM use PortConfigKey ozone.scm.block.client.port appended with serviceId and nodeId
2022-10-14 14:33:36,799 [Listener at 0.0.0.0/37901] INFO  ha.SCMNodeInfo (SCMNodeInfo.java:getPort(197)) - ConfigKey ozone.scm.datanode.address is deprecated, For configuring different ports for each SCM use PortConfigKey ozone.scm.datanode.port appended with serviceId and nodeId
2022-10-14 14:33:36,799 [Listener at 0.0.0.0/37901] INFO  ha.SCMNodeInfo (SCMNodeInfo.java:getPort(197)) - ConfigKey ozone.scm.client.address is deprecated, For configuring different ports for each SCM use PortConfigKey ozone.scm.client.port appended with serviceId and nodeId
2022-10-14 14:33:36,799 [Listener at 0.0.0.0/37901] INFO  ha.SCMNodeInfo (SCMNodeInfo.java:getPort(197)) - ConfigKey ozone.scm.block.client.address is deprecated, For configuring different ports for each SCM use PortConfigKey ozone.scm.block.client.port appended with serviceId and nodeId
2022-10-14 14:33:36,799 [Listener at 0.0.0.0/37901] INFO  ha.SCMNodeInfo (SCMNodeInfo.java:getPort(197)) - ConfigKey ozone.scm.datanode.address is deprecated, For configuring different ports for each SCM use PortConfigKey ozone.scm.datanode.port appended with serviceId and nodeId
2022-10-14 14:33:36,800 [Listener at 0.0.0.0/37901] INFO  proxy.SCMBlockLocationFailoverProxyProvider (SCMBlockLocationFailoverProxyProvider.java:<init>(114)) - Created block location fail-over proxy with 2 nodes: [nodeId=scmNode-2,nodeAddress=/127.0.0.1:40511, nodeId=scmNode-1,nodeAddress=/127.0.0.1:41611]
2022-10-14 14:33:36,810 [Listener at 0.0.0.0/37901] INFO  server.StorageContainerManager (StorageContainerManager.java:scmBootstrap(1119)) - SCM BootStrap  is successful for ClusterID d3474758-561c-4776-8c9d-79a83af4ab20, SCMID 022a1120-d2e9-40a2-a00d-16a3e5b1f5eb
2022-10-14 14:33:36,810 [Listener at 0.0.0.0/37901] INFO  server.StorageContainerManager (StorageContainerManager.java:scmBootstrap(1121)) - Primary SCM Node ID da235ff1-af49-4bd4-8bce-f7819ff62f3f
2022-10-14 14:33:36,810 [Listener at 0.0.0.0/37901] WARN  server.ServerUtils (ServerUtils.java:getScmDbDir(148)) - ozone.scm.db.dirs is not configured. We recommend adding this setting. Falling back to ozone.metadata.dirs instead.
2022-10-14 14:33:36,811 [Listener at 0.0.0.0/37901] INFO  ha.SCMHANodeDetails (SCMHANodeDetails.java:loadSCMHAConfig(209)) - ServiceID for StorageContainerManager is scmServiceId
2022-10-14 14:33:36,811 [Listener at 0.0.0.0/37901] INFO  ha.SCMHANodeDetails (SCMHANodeDetails.java:loadSCMHAConfig(220)) - ServiceID for StorageContainerManager is scmServiceId
2022-10-14 14:33:36,811 [Listener at 0.0.0.0/37901] WARN  scm.ScmUtils (ScmUtils.java:logWarn(179)) - ConfigKey ozone.scm.block.client.address is deprecated, For configuring different ports for each SCM use PortConfigKey ozone.scm.block.client.port appended with serviceId and nodeId. If want to configure same port configure ozone.scm.block.client.port
2022-10-14 14:33:36,811 [Listener at 0.0.0.0/37901] WARN  scm.ScmUtils (ScmUtils.java:logWarn(179)) - ConfigKey ozone.scm.client.address is deprecated, For configuring different ports for each SCM use PortConfigKey ozone.scm.client.port appended with serviceId and nodeId. If want to configure same port configure ozone.scm.client.port
2022-10-14 14:33:36,811 [Listener at 0.0.0.0/37901] WARN  scm.ScmUtils (ScmUtils.java:logWarn(179)) - ConfigKey ozone.scm.datanode.address is deprecated, For configuring different ports for each SCM use PortConfigKey ozone.scm.datanode.port appended with serviceId and nodeId. If want to configure same port configure ozone.scm.datanode.port
2022-10-14 14:33:36,811 [Listener at 0.0.0.0/37901] WARN  scm.ScmUtils (ScmUtils.java:logWarn(179)) - ConfigKey ozone.scm.block.client.address is deprecated, For configuring different ports for each SCM use PortConfigKey ozone.scm.block.client.port appended with serviceId and nodeId. If want to configure same port configure ozone.scm.block.client.port
2022-10-14 14:33:36,811 [Listener at 0.0.0.0/37901] WARN  scm.ScmUtils (ScmUtils.java:logWarn(179)) - ConfigKey ozone.scm.client.address is deprecated, For configuring different ports for each SCM use PortConfigKey ozone.scm.client.port appended with serviceId and nodeId. If want to configure same port configure ozone.scm.client.port
2022-10-14 14:33:36,811 [Listener at 0.0.0.0/37901] WARN  scm.ScmUtils (ScmUtils.java:logWarn(179)) - ConfigKey ozone.scm.datanode.address is deprecated, For configuring different ports for each SCM use PortConfigKey ozone.scm.datanode.port appended with serviceId and nodeId. If want to configure same port configure ozone.scm.datanode.port
2022-10-14 14:33:36,812 [Listener at 0.0.0.0/37901] INFO  ha.SCMHANodeDetails (SCMHANodeDetails.java:loadSCMHAConfig(307)) - Found matching SCM address with SCMServiceId: scmServiceId, SCMNodeId: scmNode-3, RPC Address: localhost:36021 and Ratis port: 36021
2022-10-14 14:33:36,812 [Listener at 0.0.0.0/37901] INFO  ha.SCMHANodeDetails (ConfUtils.java:setNodeSpecificConfigs(97)) - Setting configuration key ozone.scm.datanode.address with value of key ozone.scm.datanode.address.scmServiceId.scmNode-3: 127.0.0.1:42209
2022-10-14 14:33:36,812 [Listener at 0.0.0.0/37901] INFO  ha.SCMHANodeDetails (ConfUtils.java:setNodeSpecificConfigs(97)) - Setting configuration key ozone.scm.block.client.address with value of key ozone.scm.block.client.address.scmServiceId.scmNode-3: 127.0.0.1:40903
2022-10-14 14:33:36,812 [Listener at 0.0.0.0/37901] INFO  ha.SCMHANodeDetails (ConfUtils.java:setNodeSpecificConfigs(97)) - Setting configuration key ozone.scm.client.address with value of key ozone.scm.client.address.scmServiceId.scmNode-3: 127.0.0.1:41617
2022-10-14 14:33:36,812 [Listener at 0.0.0.0/37901] INFO  ha.SCMHANodeDetails (ConfUtils.java:setNodeSpecificConfigs(97)) - Setting configuration key ozone.scm.ratis.port with value of key ozone.scm.ratis.port.scmServiceId.scmNode-3: 36021
2022-10-14 14:33:36,812 [Listener at 0.0.0.0/37901] INFO  ha.SCMHANodeDetails (ConfUtils.java:setNodeSpecificConfigs(97)) - Setting configuration key ozone.scm.grpc.port with value of key ozone.scm.grpc.port.scmServiceId.scmNode-3: 39235
2022-10-14 14:33:36,812 [Listener at 0.0.0.0/37901] INFO  ha.SCMHANodeDetails (ConfUtils.java:setNodeSpecificConfigs(97)) - Setting configuration key ozone.scm.http-address with value of key ozone.scm.http-address.scmServiceId.scmNode-3: 127.0.0.1:33859
2022-10-14 14:33:36,812 [Listener at 0.0.0.0/37901] INFO  ha.SCMHANodeDetails (ConfUtils.java:setNodeSpecificConfigs(97)) - Setting configuration key ozone.scm.https-address with value of key ozone.scm.https-address.scmServiceId.scmNode-3: 127.0.0.1:44189
2022-10-14 14:33:36,812 [Listener at 0.0.0.0/37901] INFO  ha.SCMHANodeDetails (ConfUtils.java:setNodeSpecificConfigs(97)) - Setting configuration key ozone.scm.address with value of key ozone.scm.address.scmServiceId.scmNode-3: 127.0.0.1
2022-10-14 14:33:36,812 [Listener at 0.0.0.0/37901] WARN  scm.ScmUtils (ScmUtils.java:logWarn(179)) - ConfigKey ozone.scm.block.client.address is deprecated, For configuring different ports for each SCM use PortConfigKey ozone.scm.block.client.port appended with serviceId and nodeId. If want to configure same port configure ozone.scm.block.client.port
2022-10-14 14:33:36,812 [Listener at 0.0.0.0/37901] WARN  scm.ScmUtils (ScmUtils.java:logWarn(179)) - ConfigKey ozone.scm.client.address is deprecated, For configuring different ports for each SCM use PortConfigKey ozone.scm.client.port appended with serviceId and nodeId. If want to configure same port configure ozone.scm.client.port
2022-10-14 14:33:36,812 [Listener at 0.0.0.0/37901] WARN  scm.ScmUtils (ScmUtils.java:logWarn(179)) - ConfigKey ozone.scm.datanode.address is deprecated, For configuring different ports for each SCM use PortConfigKey ozone.scm.datanode.port appended with serviceId and nodeId. If want to configure same port configure ozone.scm.datanode.port
2022-10-14 14:33:36,813 [Listener at 0.0.0.0/37901] WARN  utils.HAUtils (HAUtils.java:getMetaDir(342)) - ozone.scm.db.dirs is not configured. We recommend adding this setting. Falling back to ozone.metadata.dirs instead.
2022-10-14 14:33:36,814 [Listener at 0.0.0.0/37901] WARN  db.DBStoreBuilder (DBStoreBuilder.java:applyDBDefinition(144)) - ozone.scm.db.dirs is not configured. We recommend adding this setting. Falling back to ozone.metadata.dirs instead.
2022-10-14 14:33:36,978 [Listener at 0.0.0.0/37901] INFO  net.NodeSchemaLoader (NodeSchemaLoader.java:loadSchemaFromFile(129)) - Loading schema from [jar:file:/home/runner/.m2/repository/org/apache/ozone/hdds-common/1.3.0-SNAPSHOT/hdds-common-1.3.0-SNAPSHOT.jar!/network-topology-default.xml]
2022-10-14 14:33:36,979 [Listener at 0.0.0.0/37901] INFO  net.NodeSchemaLoader (NodeSchemaLoader.java:loadSchema(176)) - Loading network topology layer schema file
2022-10-14 14:33:36,981 [Listener at 0.0.0.0/37901] WARN  impl.MetricRegistriesImpl (MetricRegistriesImpl.java:addReporterRegistration(111)) - New reporters are added after registries were created. Some metrics will be missing from the reporter. Please add reporter before adding any new registry.
2022-10-14 14:33:36,981 [Listener at 0.0.0.0/37901] WARN  impl.MetricRegistriesImpl (MetricRegistriesImpl.java:addReporterRegistration(111)) - New reporters are added after registries were created. Some metrics will be missing from the reporter. Please add reporter before adding any new registry.
2022-10-14 14:33:36,982 [Listener at 0.0.0.0/37901] INFO  ha.SCMRatisServerImpl (SCMRatisServerImpl.java:<init>(87)) - starting Raft server for scm:022a1120-d2e9-40a2-a00d-16a3e5b1f5eb
2022-10-14 14:33:36,982 [Listener at 0.0.0.0/37901] INFO  server.RaftServer (ConfUtils.java:logGet(46)) - raft.rpc.type = GRPC (default)
2022-10-14 14:33:36,983 [Listener at 0.0.0.0/37901] INFO  grpc.GrpcFactory (GrpcFactory.java:checkPooledByteBufAllocatorUseCacheForAllThreads(48)) - PERFORMANCE WARNING: useCacheForAllThreads is true that may cause Netty to create a lot garbage objects and, as a result, trigger GC.
	It is recommended to disable useCacheForAllThreads by setting -Dorg.apache.ratis.thirdparty.io.netty.allocator.useCacheForAllThreads=false in command line.
2022-10-14 14:33:36,983 [Listener at 0.0.0.0/37901] INFO  grpc.GrpcConfigKeys (ConfUtils.java:logGet(46)) - raft.grpc.admin.port = -1 (default)
2022-10-14 14:33:36,983 [Listener at 0.0.0.0/37901] INFO  grpc.GrpcConfigKeys (ConfUtils.java:logGet(46)) - raft.grpc.server.port = 36021 (custom)
2022-10-14 14:33:36,983 [Listener at 0.0.0.0/37901] INFO  grpc.GrpcConfigKeys (ConfUtils.java:logGet(46)) - raft.grpc.client.port = -1 (default)
2022-10-14 14:33:36,983 [Listener at 0.0.0.0/37901] INFO  grpc.GrpcConfigKeys (ConfUtils.java:logGet(46)) - raft.grpc.server.port = 36021 (custom)
2022-10-14 14:33:36,983 [Listener at 0.0.0.0/37901] INFO  grpc.GrpcConfigKeys (ConfUtils.java:logGet(46)) - raft.grpc.server.port = 36021 (custom)
2022-10-14 14:33:36,983 [Listener at 0.0.0.0/37901] INFO  server.GrpcService (ConfUtils.java:logGet(46)) - raft.grpc.message.size.max = 32m (=33554432) (custom)
2022-10-14 14:33:36,983 [Listener at 0.0.0.0/37901] INFO  server.RaftServerConfigKeys (ConfUtils.java:logGet(46)) - raft.server.log.appender.buffer.byte-limit = 33554432 (custom)
2022-10-14 14:33:36,983 [Listener at 0.0.0.0/37901] INFO  server.GrpcService (ConfUtils.java:logGet(46)) - raft.grpc.flow.control.window = 1MB (=1048576) (default)
2022-10-14 14:33:36,983 [Listener at 0.0.0.0/37901] INFO  server.RaftServerConfigKeys (ConfUtils.java:logGet(46)) - raft.server.rpc.request.timeout = 30000ms (custom)
2022-10-14 14:33:36,983 [Listener at 0.0.0.0/37901] INFO  grpc.GrpcConfigKeys (ConfUtils.java:logGet(46)) - raft.grpc.server.async.request.thread.pool.cached = true (default)
2022-10-14 14:33:36,983 [Listener at 0.0.0.0/37901] INFO  grpc.GrpcConfigKeys (ConfUtils.java:logGet(46)) - raft.grpc.server.async.request.thread.pool.size = 32 (default)
2022-10-14 14:33:36,985 [Listener at 0.0.0.0/37901] INFO  impl.DataStreamServerImpl (ConfUtils.java:logGet(46)) - raft.datastream.type = DISABLED (default)
2022-10-14 14:33:36,985 [Listener at 0.0.0.0/37901] INFO  server.RaftServerConfigKeys (ConfUtils.java:logGet(46)) - raft.server.threadpool.proxy.cached = true (default)
2022-10-14 14:33:36,985 [Listener at 0.0.0.0/37901] INFO  server.RaftServerConfigKeys (ConfUtils.java:logGet(46)) - raft.server.threadpool.proxy.size = 0 (default)
2022-10-14 14:33:36,985 [Listener at 0.0.0.0/37901] INFO  server.RaftServerConfigKeys (ConfUtils.java:logGet(46)) - raft.server.rpc.slowness.timeout = 120000ms (custom)
2022-10-14 14:33:36,985 [Listener at 0.0.0.0/37901] INFO  server.RaftServerConfigKeys (ConfUtils.java:logGet(46)) - raft.server.leaderelection.leader.step-down.wait-time = 10s (default)
2022-10-14 14:33:36,985 [Listener at 0.0.0.0/37901] INFO  server.RaftServerConfigKeys (ConfUtils.java:logGet(46)) - raft.server.storage.dir = [/home/runner/work/ozone/ozone/hadoop-ozone/integration-test/target/test-dir/MiniOzoneClusterImpl-d3474758-561c-4776-8c9d-79a83af4ab20/scmNode-3/scm-ha] (custom)
2022-10-14 14:33:36,986 [Listener at 0.0.0.0/37901] INFO  server.RaftServer (RaftServerProxy.java:addNew(96)) - 022a1120-d2e9-40a2-a00d-16a3e5b1f5eb: addNew group-79A83AF4AB20:[] returns group-79A83AF4AB20:java.util.concurrent.CompletableFuture@4d0f4b1b[Not completed]
2022-10-14 14:33:36,986 [pool-85-thread-1] INFO  server.RaftServer$Division (RaftServerImpl.java:<init>(190)) - 022a1120-d2e9-40a2-a00d-16a3e5b1f5eb: new RaftServerImpl for group-79A83AF4AB20:[] with SCMStateMachine:uninitialized
2022-10-14 14:33:36,986 [pool-85-thread-1] INFO  server.RaftServerConfigKeys (ConfUtils.java:logGet(46)) - raft.server.rpc.timeout.min = 5000ms (custom)
2022-10-14 14:33:36,986 [pool-85-thread-1] INFO  server.RaftServerConfigKeys (ConfUtils.java:logGet(46)) - raft.server.rpc.timeout.max = 5200ms (custom)
2022-10-14 14:33:36,986 [pool-85-thread-1] INFO  server.RaftServerConfigKeys (ConfUtils.java:logGet(46)) - raft.server.rpc.sleep.time = 25ms (default)
2022-10-14 14:33:36,986 [pool-85-thread-1] INFO  server.RaftServerConfigKeys (ConfUtils.java:logGet(46)) - raft.server.rpc.slowness.timeout = 120000ms (custom)
2022-10-14 14:33:36,986 [pool-85-thread-1] INFO  server.RaftServerConfigKeys (ConfUtils.java:logGet(46)) - raft.server.leaderelection.leader.step-down.wait-time = 10s (default)
2022-10-14 14:33:36,986 [pool-85-thread-1] INFO  server.RaftServerConfigKeys (ConfUtils.java:logGet(46)) - raft.server.sleep.deviation.threshold = 300ms (default)
2022-10-14 14:33:36,987 [pool-85-thread-1] INFO  server.RaftServer$Division (ServerState.java:<init>(107)) - 022a1120-d2e9-40a2-a00d-16a3e5b1f5eb@group-79A83AF4AB20: ConfigurationManager, init=-1: [], old=null, confs=<EMPTY_MAP>
2022-10-14 14:33:36,987 [pool-85-thread-1] INFO  server.RaftServerConfigKeys (ConfUtils.java:logGet(46)) - raft.server.storage.dir = [/home/runner/work/ozone/ozone/hadoop-ozone/integration-test/target/test-dir/MiniOzoneClusterImpl-d3474758-561c-4776-8c9d-79a83af4ab20/scmNode-3/scm-ha] (custom)
2022-10-14 14:33:36,987 [pool-85-thread-1] INFO  server.RaftServerConfigKeys (ConfUtils.java:logGet(46)) - raft.server.log.corruption.policy = EXCEPTION (default)
2022-10-14 14:33:36,987 [pool-85-thread-1] INFO  server.RaftServerConfigKeys (ConfUtils.java:logGet(46)) - raft.server.storage.free-space.min = 0MB (=0) (default)
2022-10-14 14:33:36,987 [pool-85-thread-1] INFO  storage.RaftStorageDirectory (RaftStorageDirectoryImpl.java:analyzeStorage(135)) - The storage directory /home/runner/work/ozone/ozone/hadoop-ozone/integration-test/target/test-dir/MiniOzoneClusterImpl-d3474758-561c-4776-8c9d-79a83af4ab20/scmNode-3/scm-ha/d3474758-561c-4776-8c9d-79a83af4ab20 does not exist. Creating ...
2022-10-14 14:33:36,991 [pool-85-thread-1] INFO  storage.RaftStorageDirectory (RaftStorageDirectoryImpl.java:tryLock(230)) - Lock on /home/runner/work/ozone/ozone/hadoop-ozone/integration-test/target/test-dir/MiniOzoneClusterImpl-d3474758-561c-4776-8c9d-79a83af4ab20/scmNode-3/scm-ha/d3474758-561c-4776-8c9d-79a83af4ab20/in_use.lock acquired by nodename 2882@fv-az318-86
2022-10-14 14:33:36,992 [pool-85-thread-1] INFO  storage.RaftStorage (RaftStorageImpl.java:format(89)) - Storage directory /home/runner/work/ozone/ozone/hadoop-ozone/integration-test/target/test-dir/MiniOzoneClusterImpl-d3474758-561c-4776-8c9d-79a83af4ab20/scmNode-3/scm-ha/d3474758-561c-4776-8c9d-79a83af4ab20 has been successfully formatted.
2022-10-14 14:33:36,993 [pool-85-thread-1] INFO  server.RaftServerConfigKeys (ConfUtils.java:logGet(46)) - raft.server.notification.no-leader.timeout = 60s (default)
2022-10-14 14:33:36,993 [pool-85-thread-1] INFO  server.RaftServerConfigKeys (ConfUtils.java:logGet(46)) - raft.server.log.use.memory = false (default)
2022-10-14 14:33:36,993 [pool-85-thread-1] INFO  server.RaftServerConfigKeys (ConfUtils.java:logGet(46)) - raft.server.log.purge.gap = 1000000 (custom)
2022-10-14 14:33:36,993 [pool-85-thread-1] INFO  server.RaftServerConfigKeys (ConfUtils.java:logGet(46)) - raft.server.log.appender.buffer.byte-limit = 33554432 (custom)
2022-10-14 14:33:36,993 [pool-85-thread-1] INFO  server.RaftServerConfigKeys (ConfUtils.java:logGet(46)) - raft.server.log.statemachine.data.read.timeout = 1000ms (default)
2022-10-14 14:33:36,994 [pool-85-thread-1] INFO  server.RaftServerConfigKeys (ConfUtils.java:logGet(46)) - raft.server.log.segment.size.max = 4194304 (custom)
2022-10-14 14:33:36,997 [pool-85-thread-1] INFO  server.RaftServerConfigKeys (ConfUtils.java:logGet(46)) - raft.server.log.segment.cache.num.max = 2 (custom)
2022-10-14 14:33:36,997 [pool-85-thread-1] INFO  server.RaftServerConfigKeys (ConfUtils.java:logGet(46)) - raft.server.log.segment.cache.size.max = 200MB (=209715200) (default)
2022-10-14 14:33:36,997 [pool-85-thread-1] INFO  segmented.SegmentedRaftLogWorker (SegmentedRaftLogWorker.java:<init>(187)) - new 022a1120-d2e9-40a2-a00d-16a3e5b1f5eb@group-79A83AF4AB20-SegmentedRaftLogWorker for RaftStorageImpl:Storage Directory /home/runner/work/ozone/ozone/hadoop-ozone/integration-test/target/test-dir/MiniOzoneClusterImpl-d3474758-561c-4776-8c9d-79a83af4ab20/scmNode-3/scm-ha/d3474758-561c-4776-8c9d-79a83af4ab20
2022-10-14 14:33:36,997 [pool-85-thread-1] INFO  server.RaftServerConfigKeys (ConfUtils.java:logGet(46)) - raft.server.log.queue.byte-limit = 64MB (=67108864) (default)
2022-10-14 14:33:36,997 [pool-85-thread-1] INFO  server.RaftServerConfigKeys (ConfUtils.java:logGet(46)) - raft.server.log.queue.element-limit = 4096 (default)
2022-10-14 14:33:36,997 [pool-85-thread-1] INFO  server.RaftServerConfigKeys (ConfUtils.java:logGet(46)) - raft.server.log.segment.size.max = 4194304 (custom)
2022-10-14 14:33:36,997 [pool-85-thread-1] INFO  server.RaftServerConfigKeys (ConfUtils.java:logGet(46)) - raft.server.log.preallocated.size = 4194304 (custom)
2022-10-14 14:33:36,997 [pool-85-thread-1] INFO  server.RaftServerConfigKeys (ConfUtils.java:logGet(46)) - raft.server.log.force.sync.num = 128 (default)
2022-10-14 14:33:36,997 [pool-85-thread-1] INFO  server.RaftServerConfigKeys (ConfUtils.java:logGet(46)) - raft.server.log.statemachine.data.sync = true (default)
2022-10-14 14:33:36,997 [pool-85-thread-1] INFO  server.RaftServerConfigKeys (ConfUtils.java:logGet(46)) - raft.server.log.statemachine.data.sync.timeout = 10s (default)
2022-10-14 14:33:36,998 [pool-85-thread-1] INFO  server.RaftServerConfigKeys (ConfUtils.java:logGet(46)) - raft.server.log.statemachine.data.sync.timeout.retry = -1 (default)
2022-10-14 14:33:36,998 [pool-85-thread-1] INFO  server.RaftServerConfigKeys (ConfUtils.java:logGet(46)) - raft.server.log.write.buffer.size = 64KB (=65536) (default)
2022-10-14 14:33:36,999 [pool-85-thread-1] INFO  server.RaftServerConfigKeys (ConfUtils.java:logGet(46)) - raft.server.log.unsafe-flush.enabled = false (default)
2022-10-14 14:33:36,999 [pool-85-thread-1] INFO  server.RaftServerConfigKeys (ConfUtils.java:logGet(46)) - raft.server.log.statemachine.data.caching.enabled = false (default)
2022-10-14 14:33:36,999 [pool-85-thread-1] INFO  segmented.SegmentedRaftLogWorker (SegmentedRaftLogWorker.java:lambda$new$0(135)) - 022a1120-d2e9-40a2-a00d-16a3e5b1f5eb@group-79A83AF4AB20-SegmentedRaftLogWorker: flushIndex: setUnconditionally 0 -> -1
2022-10-14 14:33:36,999 [pool-85-thread-1] INFO  segmented.SegmentedRaftLogWorker (SegmentedRaftLogWorker.java:lambda$new$0(135)) - 022a1120-d2e9-40a2-a00d-16a3e5b1f5eb@group-79A83AF4AB20-SegmentedRaftLogWorker: safeCacheEvictIndex: setUnconditionally 0 -> -1
2022-10-14 14:33:37,000 [pool-85-thread-1] INFO  server.RaftServerConfigKeys (ConfUtils.java:logGet(46)) - raft.server.snapshot.auto.trigger.enabled = true (custom)
2022-10-14 14:33:37,001 [pool-85-thread-1] INFO  server.RaftServerConfigKeys (ConfUtils.java:logGet(46)) - raft.server.snapshot.auto.trigger.threshold = 1000 (custom)
2022-10-14 14:33:37,001 [pool-85-thread-1] INFO  server.RaftServerConfigKeys (ConfUtils.java:logGet(46)) - raft.server.snapshot.retention.file.num = -1 (default)
2022-10-14 14:33:37,001 [pool-85-thread-1] INFO  server.RaftServerConfigKeys (ConfUtils.java:logGet(46)) - raft.server.log.purge.upto.snapshot.index = false (default)
2022-10-14 14:33:37,001 [pool-85-thread-1] INFO  server.RaftServerConfigKeys (ConfUtils.java:logGet(46)) - raft.server.retrycache.expirytime = 60000ms (default)
2022-10-14 14:33:37,001 [pool-85-thread-1] INFO  server.RaftServerConfigKeys (ConfUtils.java:logGet(46)) - raft.server.retrycache.statistics.expirytime = 100μs (default)
2022-10-14 14:33:37,002 [pool-85-thread-1] INFO  server.RaftServerConfigKeys (ConfUtils.java:logGet(46)) - raft.server.log.appender.install.snapshot.enabled = false (custom)
2022-10-14 14:33:37,003 [pool-85-thread-1] INFO  server.RaftServerConfigKeys (ConfUtils.java:logGet(46)) - raft.server.threadpool.server.cached = true (default)
2022-10-14 14:33:37,003 [pool-85-thread-1] INFO  server.RaftServerConfigKeys (ConfUtils.java:logGet(46)) - raft.server.threadpool.server.size = 0 (default)
2022-10-14 14:33:37,003 [pool-85-thread-1] INFO  server.RaftServerConfigKeys (ConfUtils.java:logGet(46)) - raft.server.threadpool.client.cached = true (default)
2022-10-14 14:33:37,003 [pool-85-thread-1] INFO  server.RaftServerConfigKeys (ConfUtils.java:logGet(46)) - raft.server.threadpool.client.size = 0 (default)
2022-10-14 14:33:37,003 [Listener at 0.0.0.0/37901] INFO  ha.SCMSnapshotProvider (SCMSnapshotProvider.java:<init>(66)) - Initializing SCM Snapshot Provider
2022-10-14 14:33:37,003 [Listener at 0.0.0.0/37901] WARN  server.ServerUtils (ServerUtils.java:getDefaultRatisDirectory(237)) - Storage directory for Ratis is not configured. It is a good idea to map this to an SSD disk. Falling back to ozone.metadata.dirs
2022-10-14 14:33:37,003 [Listener at 0.0.0.0/37901] WARN  ha.SCMHAUtils (SCMHAUtils.java:getSCMRatisSnapshotDirectory(153)) - SCM snapshot dir is not configured. Falling back to ozone.metadata.dirs config
2022-10-14 14:33:37,007 [Listener at 0.0.0.0/37901] INFO  upgrade.AbstractLayoutVersionManager (AbstractLayoutVersionManager.java:init(83)) - Initializing Layout version manager with metadata layout = DATANODE_SCHEMA_V3 (version = 4), software layout = DATANODE_SCHEMA_V3 (version = 4)
2022-10-14 14:33:37,060 [Listener at 0.0.0.0/37901] INFO  reflections.Reflections (Reflections.java:scan(232)) - Reflections took 52 ms to scan 7 urls, producing 137 keys and 328 values 
2022-10-14 14:33:37,062 [Listener at 0.0.0.0/37901] INFO  ha.SequenceIdGenerator (SequenceIdGenerator.java:upgradeToSequenceId(349)) - upgrade localId to 109611004723200000
2022-10-14 14:33:37,062 [Listener at 0.0.0.0/37901] INFO  ha.SequenceIdGenerator (SequenceIdGenerator.java:upgradeToSequenceId(359)) - upgrade delTxnId to 0
2022-10-14 14:33:37,063 [Listener at 0.0.0.0/37901] INFO  ha.SequenceIdGenerator (SequenceIdGenerator.java:upgradeToSequenceId(376)) - upgrade containerId to 0
2022-10-14 14:33:37,063 [Listener at 0.0.0.0/37901] INFO  ha.SequenceIdGenerator (SequenceIdGenerator.java:<init>(220)) - Init the HA SequenceIdGenerator.
2022-10-14 14:33:37,063 [Listener at 0.0.0.0/37901] WARN  server.ServerUtils (ServerUtils.java:sanitizeUserArgs(73)) - ozone.scm.stale.node.interval value = 300000 is larger than max = 100000 based on the key value of ozone.scm.heartbeat.thread.interval, reset to the max value 100000.
2022-10-14 14:33:37,063 [Listener at 0.0.0.0/37901] WARN  server.ServerUtils (ServerUtils.java:sanitizeUserArgs(73)) - ozone.scm.stale.node.interval value = 300000 is larger than max = 100000 based on the key value of ozone.scm.heartbeat.thread.interval, reset to the max value 100000.
2022-10-14 14:33:37,063 [Listener at 0.0.0.0/37901] INFO  node.SCMNodeManager (SCMNodeManager.java:<init>(149)) - Entering startup safe mode.
2022-10-14 14:33:37,065 [Listener at 0.0.0.0/37901] INFO  algorithms.ContainerPlacementPolicyFactory (ContainerPlacementPolicyFactory.java:getPolicyInternal(86)) - Create container placement policy of type org.apache.hadoop.hdds.scm.container.placement.algorithms.SCMContainerPlacementRandom
2022-10-14 14:33:37,065 [Listener at 0.0.0.0/37901] INFO  algorithms.ContainerPlacementPolicyFactory (ContainerPlacementPolicyFactory.java:getPolicyInternal(86)) - Create container placement policy of type org.apache.hadoop.hdds.scm.container.placement.algorithms.SCMContainerPlacementRackScatter
2022-10-14 14:33:37,065 [Listener at 0.0.0.0/37901] INFO  pipeline.PipelineStateManagerImpl (PipelineStateManagerImpl.java:initialize(78)) - No pipeline exists in current db
2022-10-14 14:33:37,066 [Listener at 0.0.0.0/37901] INFO  algorithms.LeaderChoosePolicyFactory (LeaderChoosePolicyFactory.java:getPolicy(57)) - Create leader choose policy of type org.apache.hadoop.hdds.scm.pipeline.leader.choose.algorithms.MinLeaderCountChoosePolicy
2022-10-14 14:33:37,066 [Listener at 0.0.0.0/37901] INFO  algorithms.ContainerPlacementPolicyFactory (ContainerPlacementPolicyFactory.java:getPolicyInternal(86)) - Create container placement policy of type org.apache.hadoop.hdds.scm.container.placement.algorithms.SCMContainerPlacementRackScatter
2022-10-14 14:33:37,066 [Listener at 0.0.0.0/37901] INFO  ha.SCMServiceManager (SCMServiceManager.java:register(42)) - Registering service BackgroundPipelineCreator.
2022-10-14 14:33:37,066 [Listener at 0.0.0.0/37901] INFO  pipeline.BackgroundPipelineCreator (BackgroundPipelineCreator.java:start(124)) - Starting RatisPipelineUtilsThread.
2022-10-14 14:33:37,068 [Listener at 0.0.0.0/37901] INFO  BackgroundPipelineScrubber (BackgroundSCMService.java:start(68)) - Starting BackgroundPipelineScrubber Service.
2022-10-14 14:33:37,071 [Listener at 0.0.0.0/37901] INFO  ha.SCMServiceManager (SCMServiceManager.java:register(42)) - Registering service BackgroundPipelineScrubber.
2022-10-14 14:33:37,071 [Listener at 0.0.0.0/37901] INFO  ExpiredContainerReplicaOpScrubber (BackgroundSCMService.java:start(68)) - Starting ExpiredContainerReplicaOpScrubber Service.
2022-10-14 14:33:37,071 [Listener at 0.0.0.0/37901] INFO  ha.SCMServiceManager (SCMServiceManager.java:register(42)) - Registering service ExpiredContainerReplicaOpScrubber.
2022-10-14 14:33:37,073 [Listener at 0.0.0.0/37901] INFO  algorithms.PipelineChoosePolicyFactory (PipelineChoosePolicyFactory.java:createPipelineChoosePolicyFromClass(73)) - Create pipeline choose policy of type org.apache.hadoop.hdds.scm.pipeline.choose.algorithms.RandomPipelineChoosePolicy
2022-10-14 14:33:37,073 [Listener at 0.0.0.0/37901] INFO  ha.SCMServiceManager (SCMServiceManager.java:register(42)) - Registering service SCMBlockDeletingService.
2022-10-14 14:33:37,074 [Listener at 0.0.0.0/37901] INFO  replication.ReplicationManager (ReplicationManager.java:start(223)) - Starting Replication Monitor Thread.
2022-10-14 14:33:37,076 [Listener at 0.0.0.0/37901] INFO  ha.SCMServiceManager (SCMServiceManager.java:register(42)) - Registering service ReplicationManager.
2022-10-14 14:33:37,077 [Listener at 0.0.0.0/37901] INFO  safemode.ContainerSafeModeRule (ContainerSafeModeRule.java:<init>(89)) - containers with one replica threshold count 0
2022-10-14 14:33:37,077 [ReplicationMonitor] INFO  replication.ReplicationManager (ReplicationManager.java:processAll(291)) - Replication Manager is not ready to run until 3000ms after safemode exit
2022-10-14 14:33:37,078 [Listener at 0.0.0.0/37901] INFO  safemode.HealthyPipelineSafeModeRule (HealthyPipelineSafeModeRule.java:initializeRule(169)) - Total pipeline count is 0, healthy pipeline threshold count is 1
2022-10-14 14:33:37,078 [Listener at 0.0.0.0/37901] INFO  safemode.OneReplicaPipelineSafeModeRule (OneReplicaPipelineSafeModeRule.java:initializeRule(180)) - Total pipeline count is 0, pipeline's with at least one datanode reported threshold count is 0
2022-10-14 14:33:37,079 [Listener at 0.0.0.0/37901] INFO  ipc.CallQueueManager (CallQueueManager.java:<init>(90)) - Using callQueue: class java.util.concurrent.LinkedBlockingQueue, queueCapacity: 2000, scheduler: class org.apache.hadoop.ipc.DefaultRpcScheduler, ipcBackoff: false.
2022-10-14 14:33:37,092 [Socket Reader #1 for port 42209] INFO  ipc.Server (Server.java:run(1273)) - Starting Socket Reader #1 for port 42209
2022-10-14 14:33:37,095 [Listener at 0.0.0.0/42209] INFO  ipc.CallQueueManager (CallQueueManager.java:<init>(90)) - Using callQueue: class java.util.concurrent.LinkedBlockingQueue, queueCapacity: 2000, scheduler: class org.apache.hadoop.ipc.DefaultRpcScheduler, ipcBackoff: false.
2022-10-14 14:33:37,096 [Socket Reader #1 for port 40903] INFO  ipc.Server (Server.java:run(1273)) - Starting Socket Reader #1 for port 40903
2022-10-14 14:33:37,107 [Listener at 0.0.0.0/40903] INFO  ipc.CallQueueManager (CallQueueManager.java:<init>(90)) - Using callQueue: class java.util.concurrent.LinkedBlockingQueue, queueCapacity: 2000, scheduler: class org.apache.hadoop.ipc.DefaultRpcScheduler, ipcBackoff: false.
2022-10-14 14:33:37,108 [Socket Reader #1 for port 41617] INFO  ipc.Server (Server.java:run(1273)) - Starting Socket Reader #1 for port 41617
2022-10-14 14:33:37,137 [Listener at 0.0.0.0/41617] INFO  ha.SCMServiceManager (SCMServiceManager.java:register(42)) - Registering service ContainerBalancer.
2022-10-14 14:33:37,137 [Listener at 0.0.0.0/41617] INFO  server.StorageContainerManager (StorageContainerManager.java:<init>(410)) - 
Container Balancer status:
Key                            Value
Running                        false
Container Balancer Configuration values:
Key                                                Value
Threshold                                          10
Max Datanodes to Involve per Iteration(percent)    20
Max Size to Move per Iteration                     500GB
Max Size Entering Target per Iteration             26GB
Max Size Leaving Source per Iteration              26GB

2022-10-14 14:33:37,137 [Listener at 0.0.0.0/41617] WARN  events.EventQueue (EventQueue.java:fireEvent(216)) - No event handler registered for event TypedEvent{payloadType=SafeModeStatus, name='Safe mode status'}
2022-10-14 14:33:37,137 [Listener at 0.0.0.0/41617] INFO  ha.SCMContext (SCMContext.java:updateSafeModeStatus(228)) - Update SafeModeStatus from SafeModeStatus{safeModeStatus=true, preCheckPassed=false} to SafeModeStatus{safeModeStatus=true, preCheckPassed=false}.
2022-10-14 14:33:37,138 [Listener at 0.0.0.0/41617] INFO  server.StorageContainerManager (StorageContainerManager.java:start(1436)) - StorageContainerLocationProtocol RPC server is listening at /0.0.0.0:41617
2022-10-14 14:33:37,138 [Listener at 0.0.0.0/41617] INFO  ha.SCMRatisServerImpl (SCMRatisServerImpl.java:start(178)) - starting ratis server 0.0.0.0:36021
2022-10-14 14:33:37,138 [022a1120-d2e9-40a2-a00d-16a3e5b1f5eb-impl-thread1] INFO  server.RaftServer$Division (RaftServerImpl.java:start(316)) - 022a1120-d2e9-40a2-a00d-16a3e5b1f5eb@group-79A83AF4AB20: start with initializing state, conf=-1: [], old=null
2022-10-14 14:33:37,142 [022a1120-d2e9-40a2-a00d-16a3e5b1f5eb-impl-thread1] INFO  server.RaftServer$Division (RaftServerImpl.java:setRole(299)) - 022a1120-d2e9-40a2-a00d-16a3e5b1f5eb@group-79A83AF4AB20: changes role from      null to FOLLOWER at term 0 for startInitializing
2022-10-14 14:33:37,143 [022a1120-d2e9-40a2-a00d-16a3e5b1f5eb-impl-thread1] INFO  util.JmxRegister (JmxRegister.java:tryRegister(44)) - Successfully registered JMX Bean with object name Ratis:service=RaftServer,group=group-79A83AF4AB20,id=022a1120-d2e9-40a2-a00d-16a3e5b1f5eb
2022-10-14 14:33:37,144 [Listener at 0.0.0.0/41617] INFO  server.RaftServer (RaftServerProxy.java:lambda$start$6(382)) - 022a1120-d2e9-40a2-a00d-16a3e5b1f5eb: start RPC server
2022-10-14 14:33:37,153 [Listener at 0.0.0.0/41617] INFO  server.GrpcService (GrpcService.java:startImpl(260)) - 022a1120-d2e9-40a2-a00d-16a3e5b1f5eb: GrpcService started, listening on 36021
2022-10-14 14:33:37,155 [Listener at 0.0.0.0/41617] INFO  ha.SCMNodeInfo (SCMNodeInfo.java:getPort(197)) - ConfigKey ozone.scm.client.address is deprecated, For configuring different ports for each SCM use PortConfigKey ozone.scm.client.port appended with serviceId and nodeId
2022-10-14 14:33:37,155 [org.apache.ratis.util.JvmPauseMonitor$$Lambda$519/1610556435@56aedf59] INFO  util.JvmPauseMonitor (JvmPauseMonitor.java:run(103)) - JvmPauseMonitor-022a1120-d2e9-40a2-a00d-16a3e5b1f5eb: Started
2022-10-14 14:33:37,155 [Listener at 0.0.0.0/41617] INFO  ha.SCMNodeInfo (SCMNodeInfo.java:getPort(197)) - ConfigKey ozone.scm.block.client.address is deprecated, For configuring different ports for each SCM use PortConfigKey ozone.scm.block.client.port appended with serviceId and nodeId
2022-10-14 14:33:37,155 [Listener at 0.0.0.0/41617] INFO  ha.SCMNodeInfo (SCMNodeInfo.java:getPort(197)) - ConfigKey ozone.scm.datanode.address is deprecated, For configuring different ports for each SCM use PortConfigKey ozone.scm.datanode.port appended with serviceId and nodeId
2022-10-14 14:33:37,155 [Listener at 0.0.0.0/41617] INFO  ha.SCMNodeInfo (SCMNodeInfo.java:getPort(197)) - ConfigKey ozone.scm.client.address is deprecated, For configuring different ports for each SCM use PortConfigKey ozone.scm.client.port appended with serviceId and nodeId
2022-10-14 14:33:37,155 [Listener at 0.0.0.0/41617] INFO  ha.SCMNodeInfo (SCMNodeInfo.java:getPort(197)) - ConfigKey ozone.scm.block.client.address is deprecated, For configuring different ports for each SCM use PortConfigKey ozone.scm.block.client.port appended with serviceId and nodeId
2022-10-14 14:33:37,155 [Listener at 0.0.0.0/41617] INFO  ha.SCMNodeInfo (SCMNodeInfo.java:getPort(197)) - ConfigKey ozone.scm.datanode.address is deprecated, For configuring different ports for each SCM use PortConfigKey ozone.scm.datanode.port appended with serviceId and nodeId
2022-10-14 14:33:37,155 [Listener at 0.0.0.0/41617] INFO  proxy.SCMBlockLocationFailoverProxyProvider (SCMBlockLocationFailoverProxyProvider.java:<init>(114)) - Created block location fail-over proxy with 2 nodes: [nodeId=scmNode-2,nodeAddress=/127.0.0.1:40511, nodeId=scmNode-1,nodeAddress=/127.0.0.1:41611]
2022-10-14 14:33:37,163 [IPC Server handler 3 on default port 41611] INFO  ha.SCMRatisServerImpl (SCMRatisServerImpl.java:addSCM(298)) - da235ff1-af49-4bd4-8bce-f7819ff62f3f: Submitting SetConfiguration request to Ratis server with new SCM peers list: [da235ff1-af49-4bd4-8bce-f7819ff62f3f|rpc:localhost:45869|admin:|client:|dataStream:|priority:0, c70ee520-a26f-4925-a0d6-13999223b64a|rpc:localhost:44017|priority:0, 022a1120-d2e9-40a2-a00d-16a3e5b1f5eb|rpc:localhost:36021|priority:0]
2022-10-14 14:33:37,163 [IPC Server handler 3 on default port 41611] INFO  server.RaftServer$Division (RaftServerImpl.java:setConfigurationAsync(1080)) - da235ff1-af49-4bd4-8bce-f7819ff62f3f@group-79A83AF4AB20: receive setConfiguration SetConfigurationRequest:client-A359D7DE0521->da235ff1-af49-4bd4-8bce-f7819ff62f3f@group-79A83AF4AB20, cid=1, seq=0, RW, null, peers:[da235ff1-af49-4bd4-8bce-f7819ff62f3f|rpc:localhost:45869|admin:|client:|dataStream:|priority:0, c70ee520-a26f-4925-a0d6-13999223b64a|rpc:localhost:44017|priority:0, 022a1120-d2e9-40a2-a00d-16a3e5b1f5eb|rpc:localhost:36021|priority:0]
2022-10-14 14:33:37,163 [IPC Server handler 3 on default port 41611] INFO  server.RaftServer$Division (LeaderStateImpl.java:startSetConfiguration(368)) - da235ff1-af49-4bd4-8bce-f7819ff62f3f@group-79A83AF4AB20-LeaderStateImpl: startSetConfiguration SetConfigurationRequest:client-A359D7DE0521->da235ff1-af49-4bd4-8bce-f7819ff62f3f@group-79A83AF4AB20, cid=1, seq=0, RW, null, peers:[da235ff1-af49-4bd4-8bce-f7819ff62f3f|rpc:localhost:45869|admin:|client:|dataStream:|priority:0, c70ee520-a26f-4925-a0d6-13999223b64a|rpc:localhost:44017|priority:0, 022a1120-d2e9-40a2-a00d-16a3e5b1f5eb|rpc:localhost:36021|priority:0]
2022-10-14 14:33:37,164 [IPC Server handler 3 on default port 41611] INFO  server.RaftServerConfigKeys (ConfUtils.java:logGet(46)) - raft.server.log.appender.snapshot.chunk.size.max = 16MB (=16777216) (default)
2022-10-14 14:33:37,164 [IPC Server handler 3 on default port 41611] INFO  server.RaftServerConfigKeys (ConfUtils.java:logGet(46)) - raft.server.log.appender.buffer.byte-limit = 33554432 (custom)
2022-10-14 14:33:37,164 [IPC Server handler 3 on default port 41611] INFO  server.RaftServerConfigKeys (ConfUtils.java:logGet(46)) - raft.server.log.appender.buffer.element-limit = 1024 (custom)
2022-10-14 14:33:37,165 [IPC Server handler 3 on default port 41611] INFO  grpc.GrpcConfigKeys (ConfUtils.java:logGet(46)) - raft.grpc.server.leader.outstanding.appends.max = 128 (default)
2022-10-14 14:33:37,165 [IPC Server handler 3 on default port 41611] INFO  server.RaftServerConfigKeys (ConfUtils.java:logGet(46)) - raft.server.rpc.request.timeout = 30000ms (custom)
2022-10-14 14:33:37,165 [IPC Server handler 3 on default port 41611] INFO  server.RaftServerConfigKeys (ConfUtils.java:logGet(46)) - raft.server.log.appender.install.snapshot.enabled = false (custom)
2022-10-14 14:33:37,166 [da235ff1-af49-4bd4-8bce-f7819ff62f3f@group-79A83AF4AB20->022a1120-d2e9-40a2-a00d-16a3e5b1f5eb-GrpcLogAppender-LogAppenderDaemon] INFO  server.GrpcLogAppender (GrpcLogAppender.java:installSnapshot(541)) - da235ff1-af49-4bd4-8bce-f7819ff62f3f@group-79A83AF4AB20->022a1120-d2e9-40a2-a00d-16a3e5b1f5eb-GrpcLogAppender: followerNextIndex = 0 but logStartIndex = 0, notify follower to install snapshot-(t:1, i:0)
2022-10-14 14:33:37,166 [da235ff1-af49-4bd4-8bce-f7819ff62f3f@group-79A83AF4AB20->022a1120-d2e9-40a2-a00d-16a3e5b1f5eb-GrpcLogAppender-LogAppenderDaemon] INFO  server.GrpcLogAppender (GrpcLogAppender.java:installSnapshot(549)) - da235ff1-af49-4bd4-8bce-f7819ff62f3f@group-79A83AF4AB20->022a1120-d2e9-40a2-a00d-16a3e5b1f5eb-GrpcLogAppender: send da235ff1-af49-4bd4-8bce-f7819ff62f3f->022a1120-d2e9-40a2-a00d-16a3e5b1f5eb#0-t2,notify:(t:1, i:0)
2022-10-14 14:33:37,180 [grpc-default-executor-2] INFO  impl.SnapshotInstallationHandler (SnapshotInstallationHandler.java:installSnapshot(84)) - 022a1120-d2e9-40a2-a00d-16a3e5b1f5eb@group-79A83AF4AB20: receive installSnapshot: da235ff1-af49-4bd4-8bce-f7819ff62f3f->022a1120-d2e9-40a2-a00d-16a3e5b1f5eb#0-t2,notify:(t:1, i:0)
2022-10-14 14:33:37,184 [grpc-default-executor-2] INFO  ha.SCMStateMachine (SCMStateMachine.java:notifyLeaderChanged(255)) - leader changed, yet current SCM is still follower.
2022-10-14 14:33:37,184 [grpc-default-executor-2] INFO  server.RaftServer$Division (ServerState.java:setLeader(287)) - 022a1120-d2e9-40a2-a00d-16a3e5b1f5eb@group-79A83AF4AB20: change Leader from null to da235ff1-af49-4bd4-8bce-f7819ff62f3f at term 2 for installSnapshot, leader elected after 191ms
2022-10-14 14:33:37,185 [grpc-default-executor-2] INFO  impl.SnapshotInstallationHandler (SnapshotInstallationHandler.java:notifyStateMachineToInstallSnapshot(215)) - 022a1120-d2e9-40a2-a00d-16a3e5b1f5eb@group-79A83AF4AB20: Received notification to install snapshot at index 0
2022-10-14 14:33:37,185 [grpc-default-executor-2] INFO  impl.SnapshotInstallationHandler (SnapshotInstallationHandler.java:notifyStateMachineToInstallSnapshot(224)) - 022a1120-d2e9-40a2-a00d-16a3e5b1f5eb@group-79A83AF4AB20: InstallSnapshot notification result: ALREADY_INSTALLED, current snapshot index: -1
2022-10-14 14:33:37,185 [grpc-default-executor-2] INFO  impl.SnapshotInstallationHandler (SnapshotInstallationHandler.java:installSnapshotImpl(129)) - 022a1120-d2e9-40a2-a00d-16a3e5b1f5eb@group-79A83AF4AB20: set new configuration index: 5
configurationEntry {
  peers {
    id: "da235ff1-af49-4bd4-8bce-f7819ff62f3f"
    address: "localhost:45869"
  }
  peers {
    id: "c70ee520-a26f-4925-a0d6-13999223b64a"
    address: "localhost:44017"
  }
}
 from snapshot
2022-10-14 14:33:37,187 [grpc-default-executor-2] INFO  server.RaftServer$Division (ServerState.java:setRaftConf(393)) - 022a1120-d2e9-40a2-a00d-16a3e5b1f5eb@group-79A83AF4AB20: set configuration 5: [da235ff1-af49-4bd4-8bce-f7819ff62f3f|rpc:localhost:45869|admin:|client:|dataStream:|priority:0, c70ee520-a26f-4925-a0d6-13999223b64a|rpc:localhost:44017|admin:|client:|dataStream:|priority:0], old=null
2022-10-14 14:33:37,187 [grpc-default-executor-2] INFO  impl.SnapshotInstallationHandler (SnapshotInstallationHandler.java:installSnapshot(95)) - 022a1120-d2e9-40a2-a00d-16a3e5b1f5eb@group-79A83AF4AB20: reply installSnapshot: da235ff1-af49-4bd4-8bce-f7819ff62f3f<-022a1120-d2e9-40a2-a00d-16a3e5b1f5eb#0:FAIL-t0,ALREADY_INSTALLED
2022-10-14 14:33:37,188 [grpc-default-executor-2] INFO  server.GrpcServerProtocolService (GrpcServerProtocolService.java:onCompleted(140)) - 022a1120-d2e9-40a2-a00d-16a3e5b1f5eb: Completed INSTALL_SNAPSHOT, lastRequest: da235ff1-af49-4bd4-8bce-f7819ff62f3f->022a1120-d2e9-40a2-a00d-16a3e5b1f5eb#0-t2,notify:(t:1, i:0)
2022-10-14 14:33:37,190 [grpc-default-executor-2] INFO  server.GrpcLogAppender (GrpcLogAppender.java:onNext(403)) - da235ff1-af49-4bd4-8bce-f7819ff62f3f@group-79A83AF4AB20->022a1120-d2e9-40a2-a00d-16a3e5b1f5eb-InstallSnapshotResponseHandler: received the first reply da235ff1-af49-4bd4-8bce-f7819ff62f3f<-022a1120-d2e9-40a2-a00d-16a3e5b1f5eb#0:FAIL-t0,ALREADY_INSTALLED
2022-10-14 14:33:37,190 [grpc-default-executor-2] INFO  server.GrpcLogAppender (GrpcLogAppender.java:onNext(426)) - da235ff1-af49-4bd4-8bce-f7819ff62f3f@group-79A83AF4AB20->022a1120-d2e9-40a2-a00d-16a3e5b1f5eb-InstallSnapshotResponseHandler: Follower snapshot is already at index 0.
2022-10-14 14:33:37,190 [grpc-default-executor-2] INFO  leader.FollowerInfo (FollowerInfoImpl.java:lambda$new$0(48)) - da235ff1-af49-4bd4-8bce-f7819ff62f3f@group-79A83AF4AB20->022a1120-d2e9-40a2-a00d-16a3e5b1f5eb: snapshotIndex: setUnconditionally 0 -> 0
2022-10-14 14:33:37,191 [grpc-default-executor-2] INFO  leader.FollowerInfo (FollowerInfoImpl.java:lambda$new$0(48)) - da235ff1-af49-4bd4-8bce-f7819ff62f3f@group-79A83AF4AB20->022a1120-d2e9-40a2-a00d-16a3e5b1f5eb: matchIndex: setUnconditionally 0 -> 0
2022-10-14 14:33:37,191 [grpc-default-executor-2] INFO  leader.FollowerInfo (FollowerInfoImpl.java:lambda$new$0(48)) - da235ff1-af49-4bd4-8bce-f7819ff62f3f@group-79A83AF4AB20->022a1120-d2e9-40a2-a00d-16a3e5b1f5eb: nextIndex: setUnconditionally 0 -> 1
2022-10-14 14:33:37,191 [grpc-default-executor-2] INFO  leader.FollowerInfo (FollowerInfoImpl.java:setAttemptedToInstallSnapshot(118)) - Follower da235ff1-af49-4bd4-8bce-f7819ff62f3f@group-79A83AF4AB20->022a1120-d2e9-40a2-a00d-16a3e5b1f5eb acknowledged installing snapshot
2022-10-14 14:33:37,191 [grpc-default-executor-2] INFO  leader.FollowerInfo (FollowerInfoImpl.java:lambda$new$0(48)) - da235ff1-af49-4bd4-8bce-f7819ff62f3f@group-79A83AF4AB20->022a1120-d2e9-40a2-a00d-16a3e5b1f5eb: nextIndex: updateToMax old=1, new=1, updated? false
2022-10-14 14:33:37,202 [022a1120-d2e9-40a2-a00d-16a3e5b1f5eb-server-thread1] INFO  impl.RoleInfo (RoleInfo.java:updateAndGet(139)) - 022a1120-d2e9-40a2-a00d-16a3e5b1f5eb: start 022a1120-d2e9-40a2-a00d-16a3e5b1f5eb@group-79A83AF4AB20-FollowerState
2022-10-14 14:33:37,202 [022a1120-d2e9-40a2-a00d-16a3e5b1f5eb-server-thread1] INFO  server.RaftServer$Division (RaftServerImpl.java:checkInconsistentAppendEntries(1424)) - 022a1120-d2e9-40a2-a00d-16a3e5b1f5eb@group-79A83AF4AB20: Failed appendEntries as previous log entry ((t:1, i:0)) is not found
2022-10-14 14:33:37,203 [022a1120-d2e9-40a2-a00d-16a3e5b1f5eb-server-thread1] INFO  server.RaftServer$Division (RaftServerImpl.java:checkInconsistentAppendEntries(1394)) - 022a1120-d2e9-40a2-a00d-16a3e5b1f5eb@group-79A83AF4AB20: inconsistency entries. Reply:da235ff1-af49-4bd4-8bce-f7819ff62f3f<-022a1120-d2e9-40a2-a00d-16a3e5b1f5eb#0:FAIL-t2,INCONSISTENCY,nextIndex=0,followerCommit=-1
2022-10-14 14:33:37,206 [022a1120-d2e9-40a2-a00d-16a3e5b1f5eb-server-thread1] INFO  server.RaftServer$Division (RaftServerImpl.java:checkInconsistentAppendEntries(1424)) - 022a1120-d2e9-40a2-a00d-16a3e5b1f5eb@group-79A83AF4AB20: Failed appendEntries as previous log entry ((t:1, i:0)) is not found
2022-10-14 14:33:37,206 [022a1120-d2e9-40a2-a00d-16a3e5b1f5eb-server-thread1] INFO  server.RaftServer$Division (RaftServerImpl.java:checkInconsistentAppendEntries(1394)) - 022a1120-d2e9-40a2-a00d-16a3e5b1f5eb@group-79A83AF4AB20: inconsistency entries. Reply:da235ff1-af49-4bd4-8bce-f7819ff62f3f<-022a1120-d2e9-40a2-a00d-16a3e5b1f5eb#1:FAIL-t2,INCONSISTENCY,nextIndex=0,followerCommit=-1
2022-10-14 14:33:37,208 [grpc-default-executor-0] INFO  leader.FollowerInfo (FollowerInfoImpl.java:lambda$new$0(48)) - da235ff1-af49-4bd4-8bce-f7819ff62f3f@group-79A83AF4AB20->022a1120-d2e9-40a2-a00d-16a3e5b1f5eb: nextIndex: updateUnconditionally 7 -> 0
2022-10-14 14:33:37,209 [grpc-default-executor-0] INFO  leader.FollowerInfo (FollowerInfoImpl.java:lambda$new$0(48)) - da235ff1-af49-4bd4-8bce-f7819ff62f3f@group-79A83AF4AB20->022a1120-d2e9-40a2-a00d-16a3e5b1f5eb: nextIndex: updateUnconditionally 7 -> 0
2022-10-14 14:33:37,212 [022a1120-d2e9-40a2-a00d-16a3e5b1f5eb-server-thread1] INFO  server.RaftServer$Division (ServerState.java:setRaftConf(393)) - 022a1120-d2e9-40a2-a00d-16a3e5b1f5eb@group-79A83AF4AB20: set configuration 0: [da235ff1-af49-4bd4-8bce-f7819ff62f3f|rpc:localhost:45869|admin:|client:|dataStream:|priority:0], old=null
2022-10-14 14:33:37,212 [022a1120-d2e9-40a2-a00d-16a3e5b1f5eb-server-thread1] INFO  server.RaftServer$Division (ServerState.java:setRaftConf(393)) - 022a1120-d2e9-40a2-a00d-16a3e5b1f5eb@group-79A83AF4AB20: set configuration 1: [da235ff1-af49-4bd4-8bce-f7819ff62f3f|rpc:localhost:45869|admin:|client:|dataStream:|priority:0], old=null
2022-10-14 14:33:37,212 [022a1120-d2e9-40a2-a00d-16a3e5b1f5eb-server-thread1] INFO  server.RaftServer$Division (ServerState.java:setRaftConf(393)) - 022a1120-d2e9-40a2-a00d-16a3e5b1f5eb@group-79A83AF4AB20: set configuration 3: [da235ff1-af49-4bd4-8bce-f7819ff62f3f|rpc:localhost:45869|admin:|client:|dataStream:|priority:0, c70ee520-a26f-4925-a0d6-13999223b64a|rpc:localhost:44017|admin:|client:|dataStream:|priority:0], old=[da235ff1-af49-4bd4-8bce-f7819ff62f3f|rpc:localhost:45869|admin:|client:|dataStream:|priority:0]
2022-10-14 14:33:37,212 [022a1120-d2e9-40a2-a00d-16a3e5b1f5eb-server-thread1] INFO  server.RaftServer$Division (ServerState.java:setRaftConf(393)) - 022a1120-d2e9-40a2-a00d-16a3e5b1f5eb@group-79A83AF4AB20: set configuration 5: [da235ff1-af49-4bd4-8bce-f7819ff62f3f|rpc:localhost:45869|admin:|client:|dataStream:|priority:0, c70ee520-a26f-4925-a0d6-13999223b64a|rpc:localhost:44017|admin:|client:|dataStream:|priority:0], old=null
2022-10-14 14:33:37,212 [022a1120-d2e9-40a2-a00d-16a3e5b1f5eb-server-thread1] INFO  segmented.SegmentedRaftLogWorker (SegmentedRaftLogWorker.java:startLogSegment(425)) - 022a1120-d2e9-40a2-a00d-16a3e5b1f5eb@group-79A83AF4AB20-SegmentedRaftLogWorker: Starting segment from index:0
2022-10-14 14:33:37,213 [022a1120-d2e9-40a2-a00d-16a3e5b1f5eb-server-thread1] INFO  segmented.SegmentedRaftLogWorker (SegmentedRaftLogWorker.java:rollLogSegment(430)) - 022a1120-d2e9-40a2-a00d-16a3e5b1f5eb@group-79A83AF4AB20-SegmentedRaftLogWorker: Rolling segment log-0_0 to index:0
2022-10-14 14:33:37,214 [022a1120-d2e9-40a2-a00d-16a3e5b1f5eb-server-thread1] INFO  server.RaftServer$Division (ServerState.java:setRaftConf(393)) - 022a1120-d2e9-40a2-a00d-16a3e5b1f5eb@group-79A83AF4AB20: set configuration 0: [da235ff1-af49-4bd4-8bce-f7819ff62f3f|rpc:localhost:45869|admin:|client:|dataStream:|priority:0], old=null
2022-10-14 14:33:37,214 [022a1120-d2e9-40a2-a00d-16a3e5b1f5eb-server-thread1] INFO  server.RaftServer$Division (ServerState.java:setRaftConf(393)) - 022a1120-d2e9-40a2-a00d-16a3e5b1f5eb@group-79A83AF4AB20: set configuration 1: [da235ff1-af49-4bd4-8bce-f7819ff62f3f|rpc:localhost:45869|admin:|client:|dataStream:|priority:0], old=null
2022-10-14 14:33:37,214 [022a1120-d2e9-40a2-a00d-16a3e5b1f5eb-server-thread1] INFO  server.RaftServer$Division (ServerState.java:setRaftConf(393)) - 022a1120-d2e9-40a2-a00d-16a3e5b1f5eb@group-79A83AF4AB20: set configuration 3: [da235ff1-af49-4bd4-8bce-f7819ff62f3f|rpc:localhost:45869|admin:|client:|dataStream:|priority:0, c70ee520-a26f-4925-a0d6-13999223b64a|rpc:localhost:44017|admin:|client:|dataStream:|priority:0], old=[da235ff1-af49-4bd4-8bce-f7819ff62f3f|rpc:localhost:45869|admin:|client:|dataStream:|priority:0]
2022-10-14 14:33:37,214 [022a1120-d2e9-40a2-a00d-16a3e5b1f5eb-server-thread1] INFO  server.RaftServer$Division (ServerState.java:setRaftConf(393)) - 022a1120-d2e9-40a2-a00d-16a3e5b1f5eb@group-79A83AF4AB20: set configuration 5: [da235ff1-af49-4bd4-8bce-f7819ff62f3f|rpc:localhost:45869|admin:|client:|dataStream:|priority:0, c70ee520-a26f-4925-a0d6-13999223b64a|rpc:localhost:44017|admin:|client:|dataStream:|priority:0], old=null
2022-10-14 14:33:37,221 [022a1120-d2e9-40a2-a00d-16a3e5b1f5eb@group-79A83AF4AB20-SegmentedRaftLogWorker] INFO  segmented.SegmentedRaftLogWorker (SegmentedRaftLogWorker.java:execute(629)) - 022a1120-d2e9-40a2-a00d-16a3e5b1f5eb@group-79A83AF4AB20-SegmentedRaftLogWorker: created new log segment /home/runner/work/ozone/ozone/hadoop-ozone/integration-test/target/test-dir/MiniOzoneClusterImpl-d3474758-561c-4776-8c9d-79a83af4ab20/scmNode-3/scm-ha/d3474758-561c-4776-8c9d-79a83af4ab20/current/log_inprogress_0
2022-10-14 14:33:37,227 [022a1120-d2e9-40a2-a00d-16a3e5b1f5eb@group-79A83AF4AB20-SegmentedRaftLogWorker] INFO  segmented.SegmentedRaftLogWorker (SegmentedRaftLogWorker.java:execute(586)) - 022a1120-d2e9-40a2-a00d-16a3e5b1f5eb@group-79A83AF4AB20-SegmentedRaftLogWorker: Rolled log segment from /home/runner/work/ozone/ozone/hadoop-ozone/integration-test/target/test-dir/MiniOzoneClusterImpl-d3474758-561c-4776-8c9d-79a83af4ab20/scmNode-3/scm-ha/d3474758-561c-4776-8c9d-79a83af4ab20/current/log_inprogress_0 to /home/runner/work/ozone/ozone/hadoop-ozone/integration-test/target/test-dir/MiniOzoneClusterImpl-d3474758-561c-4776-8c9d-79a83af4ab20/scmNode-3/scm-ha/d3474758-561c-4776-8c9d-79a83af4ab20/current/log_0-0
2022-10-14 14:33:37,235 [022a1120-d2e9-40a2-a00d-16a3e5b1f5eb@group-79A83AF4AB20-SegmentedRaftLogWorker] INFO  segmented.SegmentedRaftLogWorker (SegmentedRaftLogWorker.java:execute(629)) - 022a1120-d2e9-40a2-a00d-16a3e5b1f5eb@group-79A83AF4AB20-SegmentedRaftLogWorker: created new log segment /home/runner/work/ozone/ozone/hadoop-ozone/integration-test/target/test-dir/MiniOzoneClusterImpl-d3474758-561c-4776-8c9d-79a83af4ab20/scmNode-3/scm-ha/d3474758-561c-4776-8c9d-79a83af4ab20/current/log_inprogress_1
2022-10-14 14:33:37,239 [022a1120-d2e9-40a2-a00d-16a3e5b1f5eb@group-79A83AF4AB20-StateMachineUpdater] INFO  safemode.HealthyPipelineSafeModeRule (HealthyPipelineSafeModeRule.java:initializeRule(165)) - Refreshed total pipeline count is 0, healthy pipeline threshold count is 1
2022-10-14 14:33:37,240 [022a1120-d2e9-40a2-a00d-16a3e5b1f5eb@group-79A83AF4AB20-StateMachineUpdater] INFO  safemode.ContainerSafeModeRule (ContainerSafeModeRule.java:reInitializeRule(177)) - Refreshed one replica container threshold 0, currentThreshold 0
2022-10-14 14:33:37,240 [022a1120-d2e9-40a2-a00d-16a3e5b1f5eb@group-79A83AF4AB20-StateMachineUpdater] INFO  safemode.OneReplicaPipelineSafeModeRule (OneReplicaPipelineSafeModeRule.java:initializeRule(176)) - Refreshed Total pipeline count is 0, pipeline's with at least one datanode reported threshold count is 0
2022-10-14 14:33:37,240 [022a1120-d2e9-40a2-a00d-16a3e5b1f5eb@group-79A83AF4AB20-StateMachineUpdater] INFO  server.SCMDatanodeProtocolServer (SCMDatanodeProtocolServer.java:start(186)) - ScmDatanodeProtocol RPC server for DataNodes is listening at /0.0.0.0:42209
2022-10-14 14:33:37,245 [IPC Server listener on 42209] INFO  ipc.Server (Server.java:run(1352)) - IPC Server listener on 42209: starting
2022-10-14 14:33:37,247 [da235ff1-af49-4bd4-8bce-f7819ff62f3f@group-79A83AF4AB20-LeaderStateImpl] INFO  server.RaftServer$Division (ServerState.java:setRaftConf(393)) - da235ff1-af49-4bd4-8bce-f7819ff62f3f@group-79A83AF4AB20: set configuration 7: [022a1120-d2e9-40a2-a00d-16a3e5b1f5eb|rpc:localhost:36021|priority:0, da235ff1-af49-4bd4-8bce-f7819ff62f3f|rpc:localhost:45869|admin:|client:|dataStream:|priority:0, c70ee520-a26f-4925-a0d6-13999223b64a|rpc:localhost:44017|priority:0], old=[da235ff1-af49-4bd4-8bce-f7819ff62f3f|rpc:localhost:45869|admin:|client:|dataStream:|priority:0, c70ee520-a26f-4925-a0d6-13999223b64a|rpc:localhost:44017|priority:0]
2022-10-14 14:33:37,249 [c70ee520-a26f-4925-a0d6-13999223b64a-server-thread2] INFO  server.RaftServer$Division (ServerState.java:setRaftConf(393)) - c70ee520-a26f-4925-a0d6-13999223b64a@group-79A83AF4AB20: set configuration 7: [022a1120-d2e9-40a2-a00d-16a3e5b1f5eb|rpc:localhost:36021|admin:|client:|dataStream:|priority:0, da235ff1-af49-4bd4-8bce-f7819ff62f3f|rpc:localhost:45869|admin:|client:|dataStream:|priority:0, c70ee520-a26f-4925-a0d6-13999223b64a|rpc:localhost:44017|admin:|client:|dataStream:|priority:0], old=[da235ff1-af49-4bd4-8bce-f7819ff62f3f|rpc:localhost:45869|admin:|client:|dataStream:|priority:0, c70ee520-a26f-4925-a0d6-13999223b64a|rpc:localhost:44017|admin:|client:|dataStream:|priority:0]
2022-10-14 14:33:37,249 [IPC Server Responder] INFO  ipc.Server (Server.java:run(1512)) - IPC Server Responder: starting
2022-10-14 14:33:37,256 [022a1120-d2e9-40a2-a00d-16a3e5b1f5eb-server-thread1] INFO  server.RaftServer$Division (ServerState.java:setRaftConf(393)) - 022a1120-d2e9-40a2-a00d-16a3e5b1f5eb@group-79A83AF4AB20: set configuration 7: [022a1120-d2e9-40a2-a00d-16a3e5b1f5eb|rpc:localhost:36021|admin:|client:|dataStream:|priority:0, da235ff1-af49-4bd4-8bce-f7819ff62f3f|rpc:localhost:45869|admin:|client:|dataStream:|priority:0, c70ee520-a26f-4925-a0d6-13999223b64a|rpc:localhost:44017|admin:|client:|dataStream:|priority:0], old=[da235ff1-af49-4bd4-8bce-f7819ff62f3f|rpc:localhost:45869|admin:|client:|dataStream:|priority:0, c70ee520-a26f-4925-a0d6-13999223b64a|rpc:localhost:44017|admin:|client:|dataStream:|priority:0]
2022-10-14 14:33:37,258 [da235ff1-af49-4bd4-8bce-f7819ff62f3f@group-79A83AF4AB20-LeaderStateImpl] INFO  server.RaftServer$Division (ServerState.java:setRaftConf(393)) - da235ff1-af49-4bd4-8bce-f7819ff62f3f@group-79A83AF4AB20: set configuration 9: [022a1120-d2e9-40a2-a00d-16a3e5b1f5eb|rpc:localhost:36021|priority:0, da235ff1-af49-4bd4-8bce-f7819ff62f3f|rpc:localhost:45869|admin:|client:|dataStream:|priority:0, c70ee520-a26f-4925-a0d6-13999223b64a|rpc:localhost:44017|priority:0], old=null
2022-10-14 14:33:37,270 [c70ee520-a26f-4925-a0d6-13999223b64a-server-thread2] INFO  server.RaftServer$Division (ServerState.java:setRaftConf(393)) - c70ee520-a26f-4925-a0d6-13999223b64a@group-79A83AF4AB20: set configuration 9: [022a1120-d2e9-40a2-a00d-16a3e5b1f5eb|rpc:localhost:36021|admin:|client:|dataStream:|priority:0, da235ff1-af49-4bd4-8bce-f7819ff62f3f|rpc:localhost:45869|admin:|client:|dataStream:|priority:0, c70ee520-a26f-4925-a0d6-13999223b64a|rpc:localhost:44017|admin:|client:|dataStream:|priority:0], old=null
2022-10-14 14:33:37,274 [022a1120-d2e9-40a2-a00d-16a3e5b1f5eb-server-thread1] INFO  server.RaftServer$Division (ServerState.java:setRaftConf(393)) - 022a1120-d2e9-40a2-a00d-16a3e5b1f5eb@group-79A83AF4AB20: set configuration 9: [022a1120-d2e9-40a2-a00d-16a3e5b1f5eb|rpc:localhost:36021|admin:|client:|dataStream:|priority:0, da235ff1-af49-4bd4-8bce-f7819ff62f3f|rpc:localhost:45869|admin:|client:|dataStream:|priority:0, c70ee520-a26f-4925-a0d6-13999223b64a|rpc:localhost:44017|admin:|client:|dataStream:|priority:0], old=null
2022-10-14 14:33:37,283 [IPC Server handler 3 on default port 41611] INFO  ha.SCMRatisServerImpl (SCMRatisServerImpl.java:addSCM(309)) - Successfully added new SCM: 022a1120-d2e9-40a2-a00d-16a3e5b1f5eb.
2022-10-14 14:33:37,291 [Listener at 0.0.0.0/41617] INFO  ha.SCMHAManagerImpl (SCMHAManagerImpl.java:start(117)) - Successfully added SCM scmNode-3 to group group-79A83AF4AB20:[022a1120-d2e9-40a2-a00d-16a3e5b1f5eb|rpc:localhost:36021|admin:|client:|dataStream:|priority:0, da235ff1-af49-4bd4-8bce-f7819ff62f3f|rpc:localhost:45869|admin:|client:|dataStream:|priority:0, c70ee520-a26f-4925-a0d6-13999223b64a|rpc:localhost:44017|admin:|client:|dataStream:|priority:0]
2022-10-14 14:33:37,293 [Listener at 0.0.0.0/41617] INFO  ha.InterSCMGrpcService (InterSCMGrpcProtocolService.java:start(94)) - Starting SCM Grpc Service at port 39235
2022-10-14 14:33:37,306 [Listener at 0.0.0.0/41617] INFO  impl.MetricsSystemImpl (MetricsSystemImpl.java:init(158)) - StorageContainerManager metrics system started (again)
2022-10-14 14:33:37,323 [Listener at 0.0.0.0/41617] INFO  server.SCMClientProtocolServer (SCMClientProtocolServer.java:start(170)) - RPC server for Client  is listening at /0.0.0.0:41617
2022-10-14 14:33:37,323 [IPC Server Responder] INFO  ipc.Server (Server.java:run(1512)) - IPC Server Responder: starting
2022-10-14 14:33:37,323 [IPC Server listener on 41617] INFO  ipc.Server (Server.java:run(1352)) - IPC Server listener on 41617: starting
2022-10-14 14:33:37,332 [Listener at 0.0.0.0/41617] INFO  server.StorageContainerManager (StorageContainerManager.java:start(1451)) - ScmBlockLocationProtocol RPC server is listening at /0.0.0.0:40903
2022-10-14 14:33:37,332 [Listener at 0.0.0.0/41617] INFO  server.SCMBlockProtocolServer (SCMBlockProtocolServer.java:start(152)) - RPC server for Block Protocol is listening at /0.0.0.0:40903
2022-10-14 14:33:37,333 [IPC Server Responder] INFO  ipc.Server (Server.java:run(1512)) - IPC Server Responder: starting
2022-10-14 14:33:37,333 [IPC Server listener on 40903] INFO  ipc.Server (Server.java:run(1352)) - IPC Server listener on 40903: starting
2022-10-14 14:33:37,335 [Listener at 0.0.0.0/41617] INFO  http.BaseHttpServer (BaseHttpServer.java:newHttpServer2BuilderForOzone(213)) - Starting Web-server for scm at: http://0.0.0.0:33859
2022-10-14 14:33:37,336 [Listener at 0.0.0.0/41617] INFO  http.BaseHttpServer (BaseHttpServer.java:<init>(108)) - Hadoop Security Enabled: false Ozone Security Enabled: false Ozone HTTP Security Enabled: false 
2022-10-14 14:33:37,339 [Listener at 0.0.0.0/41617] WARN  server.AuthenticationFilter (AuthenticationFilter.java:constructSecretProvider(240)) - Unable to initialize FileSignerSecretProvider, falling back to use random secrets. Reason: Could not read signature secret file: /home/runner/hadoop-http-auth-signature-secret
2022-10-14 14:33:37,339 [org.apache.hadoop.util.JvmPauseMonitor$Monitor@7de56e72] INFO  util.JvmPauseMonitor (JvmPauseMonitor.java:run(188)) - Starting JVM pause monitor
2022-10-14 14:33:37,345 [Listener at 0.0.0.0/41617] WARN  http.HttpRequestLog (HttpRequestLog.java:getRequestLog(103)) - Jetty request log can only be enabled using Log4j
2022-10-14 14:33:37,347 [Listener at 0.0.0.0/41617] INFO  http.HttpServer2 (HttpServer2.java:addGlobalFilter(1031)) - Added global filter 'safety' (class=org.apache.hadoop.hdds.server.http.HttpServer2$QuotingInputFilter)
2022-10-14 14:33:37,347 [Listener at 0.0.0.0/41617] INFO  http.HttpServer2 (HttpServer2.java:addFilter(1007)) - Added filter static_user_filter (class=org.apache.hadoop.http.lib.StaticUserWebFilter$StaticUserFilter) to context scm
2022-10-14 14:33:37,348 [Listener at 0.0.0.0/41617] INFO  http.HttpServer2 (HttpServer2.java:addFilter(1015)) - Added filter static_user_filter (class=org.apache.hadoop.http.lib.StaticUserWebFilter$StaticUserFilter) to context static
2022-10-14 14:33:37,348 [Listener at 0.0.0.0/41617] INFO  http.HttpServer2 (HttpServer2.java:addFilter(1015)) - Added filter static_user_filter (class=org.apache.hadoop.http.lib.StaticUserWebFilter$StaticUserFilter) to context logs
2022-10-14 14:33:37,349 [Listener at 0.0.0.0/41617] INFO  http.HttpServer2 (HttpServer2.java:bindListener(1250)) - Jetty bound to port 33859
2022-10-14 14:33:37,349 [Listener at 0.0.0.0/41617] INFO  server.Server (Server.java:doStart(375)) - jetty-9.4.43.v20210629; built: 2021-06-30T11:07:22.254Z; git: 526006ecfa3af7f1a27ef3a288e2bef7ea9dd7e8; jvm 1.8.0_345-b01
2022-10-14 14:33:37,355 [Listener at 0.0.0.0/41617] INFO  server.session (DefaultSessionIdManager.java:doStart(334)) - DefaultSessionIdManager workerName=node0
2022-10-14 14:33:37,355 [Listener at 0.0.0.0/41617] INFO  server.session (DefaultSessionIdManager.java:doStart(339)) - No SessionScavenger set, using defaults
2022-10-14 14:33:37,355 [Listener at 0.0.0.0/41617] INFO  server.session (HouseKeeper.java:startScavenging(132)) - node0 Scavenging every 600000ms
2022-10-14 14:33:37,356 [Listener at 0.0.0.0/41617] INFO  handler.ContextHandler (ContextHandler.java:doStart(915)) - Started o.e.j.s.ServletContextHandler@5f576c5f{logs,/logs,file:///home/runner/work/ozone/ozone/hadoop-ozone/integration-test/target/log,AVAILABLE}
2022-10-14 14:33:37,356 [Listener at 0.0.0.0/41617] INFO  handler.ContextHandler (ContextHandler.java:doStart(915)) - Started o.e.j.s.ServletContextHandler@3b6788d5{static,/static,file:///home/runner/work/ozone/ozone/hadoop-ozone/integration-test/target/test-classes/webapps/static,AVAILABLE}
2022-10-14 14:33:37,360 [Listener at 0.0.0.0/41617] INFO  handler.ContextHandler (ContextHandler.java:doStart(915)) - Started o.e.j.w.WebAppContext@5e4b4a4c{scm,/,file:///home/runner/work/ozone/ozone/hadoop-ozone/integration-test/target/test-classes/webapps/scm/,AVAILABLE}{file:/home/runner/work/ozone/ozone/hadoop-ozone/integration-test/target/test-classes/webapps/scm}
2022-10-14 14:33:37,362 [Listener at 0.0.0.0/41617] INFO  server.AbstractConnector (AbstractConnector.java:doStart(331)) - Started ServerConnector@75716dd3{HTTP/1.1, (http/1.1)}{0.0.0.0:33859}
2022-10-14 14:33:37,362 [Listener at 0.0.0.0/41617] INFO  server.Server (Server.java:doStart(415)) - Started @18138ms
2022-10-14 14:33:37,362 [Listener at 0.0.0.0/41617] WARN  impl.MetricsSystemImpl (MetricsSystemImpl.java:register(279)) - Sink prometheus already exists!
2022-10-14 14:33:37,362 [Listener at 0.0.0.0/41617] INFO  http.BaseHttpServer (BaseHttpServer.java:updateConnectorAddress(333)) - HTTP server of scm listening at http://0.0.0.0:33859
2022-10-14 14:33:37,362 [Listener at 0.0.0.0/41617] INFO  ozone.MiniOzoneHAClusterImpl (MiniOzoneHAClusterImpl.java:createSCMService(606)) - Started SCM RPC server at /0.0.0.0:41617
2022-10-14 14:33:37,422 [Listener at 0.0.0.0/41617] INFO  audit.AuditLogger (AuditLogger.java:refreshDebugCmdSet(126)) - Refresh DebugCmdSet for OMAudit to [].
2022-10-14 14:33:37,503 [Listener at 0.0.0.0/41617] INFO  ha.OMHANodeDetails (OMHANodeDetails.java:loadOMHAConfig(121)) - ServiceID for OzoneManager is omServiceId1
2022-10-14 14:33:37,509 [Listener at 0.0.0.0/41617] INFO  ha.OMHANodeDetails (OMHANodeDetails.java:loadOMHAConfig(201)) - Found matching OM address with OMServiceId: omServiceId1, OMNodeId: omNode-1, RPC Address: localhost:44861 and Ratis port: 39741
2022-10-14 14:33:37,509 [Listener at 0.0.0.0/41617] INFO  ha.OMHANodeDetails (ConfUtils.java:setNodeSpecificConfigs(97)) - Setting configuration key ozone.om.http-address with value of key ozone.om.http-address.omServiceId1.omNode-1: 127.0.0.1:44521
2022-10-14 14:33:37,509 [Listener at 0.0.0.0/41617] INFO  ha.OMHANodeDetails (ConfUtils.java:setNodeSpecificConfigs(97)) - Setting configuration key ozone.om.https-address with value of key ozone.om.https-address.omServiceId1.omNode-1: 127.0.0.1:43647
2022-10-14 14:33:37,509 [Listener at 0.0.0.0/41617] INFO  ha.OMHANodeDetails (ConfUtils.java:setNodeSpecificConfigs(97)) - Setting configuration key ozone.om.address with value of key ozone.om.address.omServiceId1.omNode-1: 127.0.0.1:44861
2022-10-14 14:33:37,509 [Listener at 0.0.0.0/41617] WARN  server.ServerUtils (ServerUtils.java:getDBPath(225)) - ozone.om.db.dirs is not configured. We recommend adding this setting. Falling back to ozone.metadata.dirs instead.
2022-10-14 14:33:37,514 [Listener at 0.0.0.0/41617] INFO  ha.SCMNodeInfo (SCMNodeInfo.java:getPort(197)) - ConfigKey ozone.scm.client.address is deprecated, For configuring different ports for each SCM use PortConfigKey ozone.scm.client.port appended with serviceId and nodeId
2022-10-14 14:33:37,514 [Listener at 0.0.0.0/41617] INFO  ha.SCMNodeInfo (SCMNodeInfo.java:getPort(197)) - ConfigKey ozone.scm.block.client.address is deprecated, For configuring different ports for each SCM use PortConfigKey ozone.scm.block.client.port appended with serviceId and nodeId
2022-10-14 14:33:37,514 [Listener at 0.0.0.0/41617] INFO  ha.SCMNodeInfo (SCMNodeInfo.java:getPort(197)) - ConfigKey ozone.scm.datanode.address is deprecated, For configuring different ports for each SCM use PortConfigKey ozone.scm.datanode.port appended with serviceId and nodeId
2022-10-14 14:33:37,514 [Listener at 0.0.0.0/41617] INFO  ha.SCMNodeInfo (SCMNodeInfo.java:getPort(197)) - ConfigKey ozone.scm.client.address is deprecated, For configuring different ports for each SCM use PortConfigKey ozone.scm.client.port appended with serviceId and nodeId
2022-10-14 14:33:37,514 [Listener at 0.0.0.0/41617] INFO  ha.SCMNodeInfo (SCMNodeInfo.java:getPort(197)) - ConfigKey ozone.scm.block.client.address is deprecated, For configuring different ports for each SCM use PortConfigKey ozone.scm.block.client.port appended with serviceId and nodeId
2022-10-14 14:33:37,514 [Listener at 0.0.0.0/41617] INFO  ha.SCMNodeInfo (SCMNodeInfo.java:getPort(197)) - ConfigKey ozone.scm.datanode.address is deprecated, For configuring different ports for each SCM use PortConfigKey ozone.scm.datanode.port appended with serviceId and nodeId
2022-10-14 14:33:37,514 [Listener at 0.0.0.0/41617] INFO  ha.SCMNodeInfo (SCMNodeInfo.java:getPort(197)) - ConfigKey ozone.scm.client.address is deprecated, For configuring different ports for each SCM use PortConfigKey ozone.scm.client.port appended with serviceId and nodeId
2022-10-14 14:33:37,514 [Listener at 0.0.0.0/41617] INFO  ha.SCMNodeInfo (SCMNodeInfo.java:getPort(197)) - ConfigKey ozone.scm.block.client.address is deprecated, For configuring different ports for each SCM use PortConfigKey ozone.scm.block.client.port appended with serviceId and nodeId
2022-10-14 14:33:37,514 [Listener at 0.0.0.0/41617] INFO  ha.SCMNodeInfo (SCMNodeInfo.java:getPort(197)) - ConfigKey ozone.scm.datanode.address is deprecated, For configuring different ports for each SCM use PortConfigKey ozone.scm.datanode.port appended with serviceId and nodeId
2022-10-14 14:33:37,515 [Listener at 0.0.0.0/41617] INFO  proxy.SCMBlockLocationFailoverProxyProvider (SCMBlockLocationFailoverProxyProvider.java:<init>(114)) - Created block location fail-over proxy with 3 nodes: [nodeId=scmNode-2,nodeAddress=/127.0.0.1:40511, nodeId=scmNode-3,nodeAddress=/127.0.0.1:40903, nodeId=scmNode-1,nodeAddress=/127.0.0.1:41611]
OM initialization succeeded.Current cluster id for sd=/home/runner/work/ozone/ozone/hadoop-ozone/integration-test/target/test-dir/MiniOzoneClusterImpl-d3474758-561c-4776-8c9d-79a83af4ab20/omNode-1/om;cid=d3474758-561c-4776-8c9d-79a83af4ab20;layoutVersion=3
2022-10-14 14:33:37,537 [Listener at 0.0.0.0/41617] INFO  ha.OMHANodeDetails (OMHANodeDetails.java:loadOMHAConfig(121)) - ServiceID for OzoneManager is omServiceId1
2022-10-14 14:33:37,537 [Listener at 0.0.0.0/41617] INFO  ha.OMHANodeDetails (OMHANodeDetails.java:loadOMHAConfig(201)) - Found matching OM address with OMServiceId: omServiceId1, OMNodeId: omNode-1, RPC Address: localhost:44861 and Ratis port: 39741
2022-10-14 14:33:37,537 [Listener at 0.0.0.0/41617] INFO  ha.OMHANodeDetails (ConfUtils.java:setNodeSpecificConfigs(97)) - Setting configuration key ozone.om.http-address with value of key ozone.om.http-address.omServiceId1.omNode-1: 127.0.0.1:44521
2022-10-14 14:33:37,537 [Listener at 0.0.0.0/41617] INFO  ha.OMHANodeDetails (ConfUtils.java:setNodeSpecificConfigs(97)) - Setting configuration key ozone.om.https-address with value of key ozone.om.https-address.omServiceId1.omNode-1: 127.0.0.1:43647
2022-10-14 14:33:37,537 [Listener at 0.0.0.0/41617] INFO  ha.OMHANodeDetails (ConfUtils.java:setNodeSpecificConfigs(97)) - Setting configuration key ozone.om.address with value of key ozone.om.address.omServiceId1.omNode-1: 127.0.0.1:44861
2022-10-14 14:33:37,538 [Listener at 0.0.0.0/41617] WARN  server.ServerUtils (ServerUtils.java:getDBPath(225)) - ozone.om.db.dirs is not configured. We recommend adding this setting. Falling back to ozone.metadata.dirs instead.
2022-10-14 14:33:37,540 [Listener at 0.0.0.0/41617] INFO  upgrade.AbstractLayoutVersionManager (AbstractLayoutVersionManager.java:init(83)) - Initializing Layout version manager with metadata layout = MULTITENANCY_SCHEMA (version = 3), software layout = MULTITENANCY_SCHEMA (version = 3)
2022-10-14 14:33:37,653 [Listener at 0.0.0.0/41617] INFO  reflections.Reflections (Reflections.java:scan(232)) - Reflections took 108 ms to scan 2 urls, producing 154 keys and 428 values [using 2 cores]
2022-10-14 14:33:37,657 [Listener at 0.0.0.0/41617] INFO  upgrade.OMLayoutVersionManager (OMLayoutVersionManager.java:lambda$0(115)) - Skipping Upgrade Action MockOmUpgradeAction since it has been finalized.
2022-10-14 14:33:37,659 [Listener at 0.0.0.0/41617] WARN  server.ServerUtils (ServerUtils.java:getDBPath(225)) - ozone.om.db.dirs is not configured. We recommend adding this setting. Falling back to ozone.metadata.dirs instead.
2022-10-14 14:33:37,673 [Listener at 0.0.0.0/41617] INFO  ha.SCMNodeInfo (SCMNodeInfo.java:getPort(197)) - ConfigKey ozone.scm.client.address is deprecated, For configuring different ports for each SCM use PortConfigKey ozone.scm.client.port appended with serviceId and nodeId
2022-10-14 14:33:37,673 [Listener at 0.0.0.0/41617] INFO  ha.SCMNodeInfo (SCMNodeInfo.java:getPort(197)) - ConfigKey ozone.scm.block.client.address is deprecated, For configuring different ports for each SCM use PortConfigKey ozone.scm.block.client.port appended with serviceId and nodeId
2022-10-14 14:33:37,673 [Listener at 0.0.0.0/41617] INFO  ha.SCMNodeInfo (SCMNodeInfo.java:getPort(197)) - ConfigKey ozone.scm.datanode.address is deprecated, For configuring different ports for each SCM use PortConfigKey ozone.scm.datanode.port appended with serviceId and nodeId
2022-10-14 14:33:37,673 [Listener at 0.0.0.0/41617] INFO  ha.SCMNodeInfo (SCMNodeInfo.java:getPort(197)) - ConfigKey ozone.scm.client.address is deprecated, For configuring different ports for each SCM use PortConfigKey ozone.scm.client.port appended with serviceId and nodeId
2022-10-14 14:33:37,673 [Listener at 0.0.0.0/41617] INFO  ha.SCMNodeInfo (SCMNodeInfo.java:getPort(197)) - ConfigKey ozone.scm.block.client.address is deprecated, For configuring different ports for each SCM use PortConfigKey ozone.scm.block.client.port appended with serviceId and nodeId
2022-10-14 14:33:37,673 [Listener at 0.0.0.0/41617] INFO  ha.SCMNodeInfo (SCMNodeInfo.java:getPort(197)) - ConfigKey ozone.scm.datanode.address is deprecated, For configuring different ports for each SCM use PortConfigKey ozone.scm.datanode.port appended with serviceId and nodeId
2022-10-14 14:33:37,673 [Listener at 0.0.0.0/41617] INFO  ha.SCMNodeInfo (SCMNodeInfo.java:getPort(197)) - ConfigKey ozone.scm.client.address is deprecated, For configuring different ports for each SCM use PortConfigKey ozone.scm.client.port appended with serviceId and nodeId
2022-10-14 14:33:37,673 [Listener at 0.0.0.0/41617] INFO  ha.SCMNodeInfo (SCMNodeInfo.java:getPort(197)) - ConfigKey ozone.scm.block.client.address is deprecated, For configuring different ports for each SCM use PortConfigKey ozone.scm.block.client.port appended with serviceId and nodeId
2022-10-14 14:33:37,673 [Listener at 0.0.0.0/41617] INFO  ha.SCMNodeInfo (SCMNodeInfo.java:getPort(197)) - ConfigKey ozone.scm.datanode.address is deprecated, For configuring different ports for each SCM use PortConfigKey ozone.scm.datanode.port appended with serviceId and nodeId
2022-10-14 14:33:37,865 [Listener at 0.0.0.0/41617] INFO  ha.SCMNodeInfo (SCMNodeInfo.java:getPort(197)) - ConfigKey ozone.scm.client.address is deprecated, For configuring different ports for each SCM use PortConfigKey ozone.scm.client.port appended with serviceId and nodeId
2022-10-14 14:33:37,865 [Listener at 0.0.0.0/41617] INFO  ha.SCMNodeInfo (SCMNodeInfo.java:getPort(197)) - ConfigKey ozone.scm.block.client.address is deprecated, For configuring different ports for each SCM use PortConfigKey ozone.scm.block.client.port appended with serviceId and nodeId
2022-10-14 14:33:37,865 [Listener at 0.0.0.0/41617] INFO  ha.SCMNodeInfo (SCMNodeInfo.java:getPort(197)) - ConfigKey ozone.scm.datanode.address is deprecated, For configuring different ports for each SCM use PortConfigKey ozone.scm.datanode.port appended with serviceId and nodeId
2022-10-14 14:33:37,865 [Listener at 0.0.0.0/41617] INFO  ha.SCMNodeInfo (SCMNodeInfo.java:getPort(197)) - ConfigKey ozone.scm.client.address is deprecated, For configuring different ports for each SCM use PortConfigKey ozone.scm.client.port appended with serviceId and nodeId
2022-10-14 14:33:37,865 [Listener at 0.0.0.0/41617] INFO  ha.SCMNodeInfo (SCMNodeInfo.java:getPort(197)) - ConfigKey ozone.scm.block.client.address is deprecated, For configuring different ports for each SCM use PortConfigKey ozone.scm.block.client.port appended with serviceId and nodeId
2022-10-14 14:33:37,865 [Listener at 0.0.0.0/41617] INFO  ha.SCMNodeInfo (SCMNodeInfo.java:getPort(197)) - ConfigKey ozone.scm.datanode.address is deprecated, For configuring different ports for each SCM use PortConfigKey ozone.scm.datanode.port appended with serviceId and nodeId
2022-10-14 14:33:37,865 [Listener at 0.0.0.0/41617] INFO  ha.SCMNodeInfo (SCMNodeInfo.java:getPort(197)) - ConfigKey ozone.scm.client.address is deprecated, For configuring different ports for each SCM use PortConfigKey ozone.scm.client.port appended with serviceId and nodeId
2022-10-14 14:33:37,866 [Listener at 0.0.0.0/41617] INFO  ha.SCMNodeInfo (SCMNodeInfo.java:getPort(197)) - ConfigKey ozone.scm.block.client.address is deprecated, For configuring different ports for each SCM use PortConfigKey ozone.scm.block.client.port appended with serviceId and nodeId
2022-10-14 14:33:37,867 [Listener at 0.0.0.0/41617] INFO  ha.SCMNodeInfo (SCMNodeInfo.java:getPort(197)) - ConfigKey ozone.scm.datanode.address is deprecated, For configuring different ports for each SCM use PortConfigKey ozone.scm.datanode.port appended with serviceId and nodeId
2022-10-14 14:33:37,868 [Listener at 0.0.0.0/41617] INFO  proxy.SCMBlockLocationFailoverProxyProvider (SCMBlockLocationFailoverProxyProvider.java:<init>(114)) - Created block location fail-over proxy with 3 nodes: [nodeId=scmNode-2,nodeAddress=/127.0.0.1:40511, nodeId=scmNode-3,nodeAddress=/127.0.0.1:40903, nodeId=scmNode-1,nodeAddress=/127.0.0.1:41611]
2022-10-14 14:33:37,873 [Listener at 0.0.0.0/41617] INFO  ha.SCMNodeInfo (SCMNodeInfo.java:getPort(197)) - ConfigKey ozone.scm.client.address is deprecated, For configuring different ports for each SCM use PortConfigKey ozone.scm.client.port appended with serviceId and nodeId
2022-10-14 14:33:37,873 [Listener at 0.0.0.0/41617] INFO  ha.SCMNodeInfo (SCMNodeInfo.java:getPort(197)) - ConfigKey ozone.scm.block.client.address is deprecated, For configuring different ports for each SCM use PortConfigKey ozone.scm.block.client.port appended with serviceId and nodeId
2022-10-14 14:33:37,873 [Listener at 0.0.0.0/41617] INFO  ha.SCMNodeInfo (SCMNodeInfo.java:getPort(197)) - ConfigKey ozone.scm.datanode.address is deprecated, For configuring different ports for each SCM use PortConfigKey ozone.scm.datanode.port appended with serviceId and nodeId
2022-10-14 14:33:37,874 [Listener at 0.0.0.0/41617] INFO  ha.SCMNodeInfo (SCMNodeInfo.java:getPort(197)) - ConfigKey ozone.scm.client.address is deprecated, For configuring different ports for each SCM use PortConfigKey ozone.scm.client.port appended with serviceId and nodeId
2022-10-14 14:33:37,874 [Listener at 0.0.0.0/41617] INFO  ha.SCMNodeInfo (SCMNodeInfo.java:getPort(197)) - ConfigKey ozone.scm.block.client.address is deprecated, For configuring different ports for each SCM use PortConfigKey ozone.scm.block.client.port appended with serviceId and nodeId
2022-10-14 14:33:37,874 [Listener at 0.0.0.0/41617] INFO  ha.SCMNodeInfo (SCMNodeInfo.java:getPort(197)) - ConfigKey ozone.scm.datanode.address is deprecated, For configuring different ports for each SCM use PortConfigKey ozone.scm.datanode.port appended with serviceId and nodeId
2022-10-14 14:33:37,874 [Listener at 0.0.0.0/41617] INFO  ha.SCMNodeInfo (SCMNodeInfo.java:getPort(197)) - ConfigKey ozone.scm.client.address is deprecated, For configuring different ports for each SCM use PortConfigKey ozone.scm.client.port appended with serviceId and nodeId
2022-10-14 14:33:37,874 [Listener at 0.0.0.0/41617] INFO  ha.SCMNodeInfo (SCMNodeInfo.java:getPort(197)) - ConfigKey ozone.scm.block.client.address is deprecated, For configuring different ports for each SCM use PortConfigKey ozone.scm.block.client.port appended with serviceId and nodeId
2022-10-14 14:33:37,874 [Listener at 0.0.0.0/41617] INFO  ha.SCMNodeInfo (SCMNodeInfo.java:getPort(197)) - ConfigKey ozone.scm.datanode.address is deprecated, For configuring different ports for each SCM use PortConfigKey ozone.scm.datanode.port appended with serviceId and nodeId
2022-10-14 14:33:37,874 [Listener at 0.0.0.0/41617] INFO  proxy.SCMBlockLocationFailoverProxyProvider (SCMBlockLocationFailoverProxyProvider.java:<init>(114)) - Created block location fail-over proxy with 3 nodes: [nodeId=scmNode-2,nodeAddress=/127.0.0.1:40511, nodeId=scmNode-3,nodeAddress=/127.0.0.1:40903, nodeId=scmNode-1,nodeAddress=/127.0.0.1:41611]
2022-10-14 14:33:37,897 [Listener at 0.0.0.0/41617] WARN  server.ServerUtils (ServerUtils.java:getDBPath(225)) - ozone.om.db.dirs is not configured. We recommend adding this setting. Falling back to ozone.metadata.dirs instead.
2022-10-14 14:33:37,904 [Listener at 0.0.0.0/41617] INFO  codec.OmKeyInfoCodec (OmKeyInfoCodec.java:<init>(49)) - OmKeyInfoCodec ignorePipeline = true
2022-10-14 14:33:37,905 [Listener at 0.0.0.0/41617] INFO  codec.RepeatedOmKeyInfoCodec (RepeatedOmKeyInfoCodec.java:<init>(41)) - RepeatedOmKeyInfoCodec ignorePipeline = true
2022-10-14 14:33:38,133 [Listener at 0.0.0.0/41617] INFO  om.OzoneManager (OzoneManager.java:instantiateServices(712)) - S3 Multi-Tenancy is disabled
2022-10-14 14:33:38,219 [Listener at 0.0.0.0/41617] INFO  om.OzoneManager (OzoneManager.java:addS3GVolumeToDB(4386)) - Created Volume s3v With Owner runner required for S3Gateway operations.
2022-10-14 14:33:38,277 [Listener at 0.0.0.0/41617] WARN  server.ServerUtils (ServerUtils.java:getDefaultRatisDirectory(237)) - Storage directory for Ratis is not configured. It is a good idea to map this to an SSD disk. Falling back to ozone.metadata.dirs
2022-10-14 14:33:38,278 [Listener at 0.0.0.0/41617] WARN  utils.OzoneManagerRatisUtils (OzoneManagerRatisUtils.java:getOMRatisSnapshotDirectory(434)) - ozone.om.ratis.snapshot.dir is not configured. Falling back to ozone.metadata.dirs config
2022-10-14 14:33:38,283 [Listener at 0.0.0.0/41617] INFO  snapshot.OzoneManagerSnapshotProvider (OzoneManagerSnapshotProvider.java:<init>(76)) - Initializing OM Snapshot Provider
2022-10-14 14:33:38,423 [Listener at 0.0.0.0/41617] WARN  impl.MetricRegistriesImpl (MetricRegistriesImpl.java:addReporterRegistration(111)) - New reporters are added after registries were created. Some metrics will be missing from the reporter. Please add reporter before adding any new registry.
2022-10-14 14:33:38,423 [Listener at 0.0.0.0/41617] WARN  impl.MetricRegistriesImpl (MetricRegistriesImpl.java:addReporterRegistration(111)) - New reporters are added after registries were created. Some metrics will be missing from the reporter. Please add reporter before adding any new registry.
2022-10-14 14:33:38,423 [Listener at 0.0.0.0/41617] WARN  server.ServerUtils (ServerUtils.java:getDefaultRatisDirectory(237)) - Storage directory for Ratis is not configured. It is a good idea to map this to an SSD disk. Falling back to ozone.metadata.dirs
2022-10-14 14:33:38,426 [Listener at 0.0.0.0/41617] INFO  ratis.OzoneManagerRatisServer (OzoneManagerRatisServer.java:<init>(160)) - Instantiating OM Ratis server with groupID: omServiceId1 and peers: localhost:39741, localhost:34495, localhost:42271
2022-10-14 14:33:38,430 [Listener at 0.0.0.0/41617] INFO  ratis.OzoneManagerStateMachine (OzoneManagerStateMachine.java:loadSnapshotInfoFromDB(632)) - LastAppliedIndex is set from TransactionInfo from OM DB as (t:0, i:~)
2022-10-14 14:33:38,461 [Listener at 0.0.0.0/41617] INFO  server.RaftServer (ConfUtils.java:logGet(46)) - raft.rpc.type = GRPC (default)
2022-10-14 14:33:38,462 [Listener at 0.0.0.0/41617] INFO  grpc.GrpcFactory (GrpcFactory.java:checkPooledByteBufAllocatorUseCacheForAllThreads(48)) - PERFORMANCE WARNING: useCacheForAllThreads is true that may cause Netty to create a lot garbage objects and, as a result, trigger GC.
	It is recommended to disable useCacheForAllThreads by setting -Dorg.apache.ratis.thirdparty.io.netty.allocator.useCacheForAllThreads=false in command line.
2022-10-14 14:33:38,462 [Listener at 0.0.0.0/41617] INFO  grpc.GrpcConfigKeys (ConfUtils.java:logGet(46)) - raft.grpc.admin.port = -1 (default)
2022-10-14 14:33:38,462 [Listener at 0.0.0.0/41617] INFO  grpc.GrpcConfigKeys (ConfUtils.java:logGet(46)) - raft.grpc.server.port = 39741 (custom)
2022-10-14 14:33:38,463 [Listener at 0.0.0.0/41617] INFO  grpc.GrpcConfigKeys (ConfUtils.java:logGet(46)) - raft.grpc.client.port = -1 (default)
2022-10-14 14:33:38,463 [Listener at 0.0.0.0/41617] INFO  grpc.GrpcConfigKeys (ConfUtils.java:logGet(46)) - raft.grpc.server.port = 39741 (custom)
2022-10-14 14:33:38,463 [Listener at 0.0.0.0/41617] INFO  grpc.GrpcConfigKeys (ConfUtils.java:logGet(46)) - raft.grpc.server.port = 39741 (custom)
2022-10-14 14:33:38,463 [Listener at 0.0.0.0/41617] INFO  server.GrpcService (ConfUtils.java:logGet(46)) - raft.grpc.message.size.max = 33554432 (custom)
2022-10-14 14:33:38,463 [Listener at 0.0.0.0/41617] INFO  server.RaftServerConfigKeys (ConfUtils.java:logGet(46)) - raft.server.log.appender.buffer.byte-limit = 33554432 (custom)
2022-10-14 14:33:38,464 [Listener at 0.0.0.0/41617] INFO  server.GrpcService (ConfUtils.java:logGet(46)) - raft.grpc.flow.control.window = 1MB (=1048576) (default)
2022-10-14 14:33:38,464 [Listener at 0.0.0.0/41617] INFO  server.RaftServerConfigKeys (ConfUtils.java:logGet(46)) - raft.server.rpc.request.timeout = 3000ms (default)
2022-10-14 14:33:38,464 [Listener at 0.0.0.0/41617] INFO  grpc.GrpcConfigKeys (ConfUtils.java:logGet(46)) - raft.grpc.server.async.request.thread.pool.cached = true (default)
2022-10-14 14:33:38,464 [Listener at 0.0.0.0/41617] INFO  grpc.GrpcConfigKeys (ConfUtils.java:logGet(46)) - raft.grpc.server.async.request.thread.pool.size = 32 (default)
2022-10-14 14:33:38,466 [Listener at 0.0.0.0/41617] INFO  impl.DataStreamServerImpl (ConfUtils.java:logGet(46)) - raft.datastream.type = DISABLED (default)
2022-10-14 14:33:38,466 [Listener at 0.0.0.0/41617] INFO  server.RaftServerConfigKeys (ConfUtils.java:logGet(46)) - raft.server.threadpool.proxy.cached = true (default)
2022-10-14 14:33:38,466 [Listener at 0.0.0.0/41617] INFO  server.RaftServerConfigKeys (ConfUtils.java:logGet(46)) - raft.server.threadpool.proxy.size = 0 (default)
2022-10-14 14:33:38,466 [Listener at 0.0.0.0/41617] INFO  server.RaftServerConfigKeys (ConfUtils.java:logGet(46)) - raft.server.rpc.slowness.timeout = 2s (custom)
2022-10-14 14:33:38,466 [Listener at 0.0.0.0/41617] INFO  server.RaftServerConfigKeys (ConfUtils.java:logGet(46)) - raft.server.leaderelection.leader.step-down.wait-time = 10s (default)
2022-10-14 14:33:38,467 [Listener at 0.0.0.0/41617] INFO  server.RaftServerConfigKeys (ConfUtils.java:logGet(46)) - raft.server.storage.dir = [/home/runner/work/ozone/ozone/hadoop-ozone/integration-test/target/test-dir/MiniOzoneClusterImpl-d3474758-561c-4776-8c9d-79a83af4ab20/omNode-1/ratis] (custom)
2022-10-14 14:33:38,467 [Listener at 0.0.0.0/41617] INFO  server.RaftServer (RaftServerProxy.java:addNew(96)) - omNode-1: addNew group-6C22E66A003A:[omNode-3|rpc:localhost:34495|priority:0, omNode-1|rpc:localhost:39741|priority:0, omNode-2|rpc:localhost:42271|priority:0] returns group-6C22E66A003A:java.util.concurrent.CompletableFuture@6329063[Not completed]
2022-10-14 14:33:38,467 [Listener at 0.0.0.0/41617] INFO  om.OzoneManager (OzoneManager.java:initializeRatisServer(1976)) - OzoneManager Ratis server initialized at port 39741
2022-10-14 14:33:38,476 [pool-124-thread-1] INFO  server.RaftServer$Division (RaftServerImpl.java:<init>(190)) - omNode-1: new RaftServerImpl for group-6C22E66A003A:[omNode-3|rpc:localhost:34495|priority:0, omNode-1|rpc:localhost:39741|priority:0, omNode-2|rpc:localhost:42271|priority:0] with OzoneManagerStateMachine:uninitialized
2022-10-14 14:33:38,477 [pool-124-thread-1] INFO  server.RaftServerConfigKeys (ConfUtils.java:logGet(46)) - raft.server.rpc.timeout.min = 1s (custom)
2022-10-14 14:33:38,477 [pool-124-thread-1] INFO  server.RaftServerConfigKeys (ConfUtils.java:logGet(46)) - raft.server.rpc.timeout.max = 1200ms (custom)
2022-10-14 14:33:38,477 [pool-124-thread-1] INFO  server.RaftServerConfigKeys (ConfUtils.java:logGet(46)) - raft.server.rpc.sleep.time = 25ms (default)
2022-10-14 14:33:38,477 [pool-124-thread-1] INFO  server.RaftServerConfigKeys (ConfUtils.java:logGet(46)) - raft.server.rpc.slowness.timeout = 2s (custom)
2022-10-14 14:33:38,477 [pool-124-thread-1] INFO  server.RaftServerConfigKeys (ConfUtils.java:logGet(46)) - raft.server.leaderelection.leader.step-down.wait-time = 10s (default)
2022-10-14 14:33:38,477 [pool-124-thread-1] INFO  server.RaftServerConfigKeys (ConfUtils.java:logGet(46)) - raft.server.sleep.deviation.threshold = 300ms (default)
2022-10-14 14:33:38,477 [pool-124-thread-1] INFO  server.RaftServer$Division (ServerState.java:<init>(107)) - omNode-1@group-6C22E66A003A: ConfigurationManager, init=-1: [omNode-3|rpc:localhost:34495|priority:0, omNode-1|rpc:localhost:39741|priority:0, omNode-2|rpc:localhost:42271|priority:0], old=null, confs=<EMPTY_MAP>
2022-10-14 14:33:38,477 [pool-124-thread-1] INFO  server.RaftServerConfigKeys (ConfUtils.java:logGet(46)) - raft.server.storage.dir = [/home/runner/work/ozone/ozone/hadoop-ozone/integration-test/target/test-dir/MiniOzoneClusterImpl-d3474758-561c-4776-8c9d-79a83af4ab20/omNode-1/ratis] (custom)
2022-10-14 14:33:38,477 [pool-124-thread-1] INFO  server.RaftServerConfigKeys (ConfUtils.java:logGet(46)) - raft.server.log.corruption.policy = EXCEPTION (default)
2022-10-14 14:33:38,477 [pool-124-thread-1] INFO  server.RaftServerConfigKeys (ConfUtils.java:logGet(46)) - raft.server.storage.free-space.min = 0MB (=0) (default)
2022-10-14 14:33:38,480 [Listener at 0.0.0.0/41617] INFO  om.OzoneManager (OzoneManager.java:getRpcServer(1102)) - Creating RPC Server
2022-10-14 14:33:38,484 [pool-124-thread-1] INFO  storage.RaftStorageDirectory (RaftStorageDirectoryImpl.java:analyzeStorage(135)) - The storage directory /home/runner/work/ozone/ozone/hadoop-ozone/integration-test/target/test-dir/MiniOzoneClusterImpl-d3474758-561c-4776-8c9d-79a83af4ab20/omNode-1/ratis/9c9825ce-8ba7-3ee6-a7c3-6c22e66a003a does not exist. Creating ...
2022-10-14 14:33:38,486 [pool-124-thread-1] INFO  storage.RaftStorageDirectory (RaftStorageDirectoryImpl.java:tryLock(230)) - Lock on /home/runner/work/ozone/ozone/hadoop-ozone/integration-test/target/test-dir/MiniOzoneClusterImpl-d3474758-561c-4776-8c9d-79a83af4ab20/omNode-1/ratis/9c9825ce-8ba7-3ee6-a7c3-6c22e66a003a/in_use.lock acquired by nodename 2882@fv-az318-86
2022-10-14 14:33:38,488 [pool-124-thread-1] INFO  storage.RaftStorage (RaftStorageImpl.java:format(89)) - Storage directory /home/runner/work/ozone/ozone/hadoop-ozone/integration-test/target/test-dir/MiniOzoneClusterImpl-d3474758-561c-4776-8c9d-79a83af4ab20/omNode-1/ratis/9c9825ce-8ba7-3ee6-a7c3-6c22e66a003a has been successfully formatted.
2022-10-14 14:33:38,489 [pool-124-thread-1] INFO  server.RaftServerConfigKeys (ConfUtils.java:logGet(46)) - raft.server.notification.no-leader.timeout = 2s (custom)
2022-10-14 14:33:38,489 [pool-124-thread-1] INFO  server.RaftServerConfigKeys (ConfUtils.java:logGet(46)) - raft.server.log.use.memory = false (default)
2022-10-14 14:33:38,489 [pool-124-thread-1] INFO  server.RaftServerConfigKeys (ConfUtils.java:logGet(46)) - raft.server.log.purge.gap = 1000000 (custom)
2022-10-14 14:33:38,489 [pool-124-thread-1] INFO  server.RaftServerConfigKeys (ConfUtils.java:logGet(46)) - raft.server.log.appender.buffer.byte-limit = 33554432 (custom)
2022-10-14 14:33:38,489 [pool-124-thread-1] INFO  server.RaftServerConfigKeys (ConfUtils.java:logGet(46)) - raft.server.log.statemachine.data.read.timeout = 1000ms (default)
2022-10-14 14:33:38,489 [pool-124-thread-1] INFO  server.RaftServerConfigKeys (ConfUtils.java:logGet(46)) - raft.server.log.segment.size.max = 4194304 (custom)
2022-10-14 14:33:38,490 [pool-124-thread-1] INFO  server.RaftServerConfigKeys (ConfUtils.java:logGet(46)) - raft.server.log.segment.cache.num.max = 2 (custom)
2022-10-14 14:33:38,490 [pool-124-thread-1] INFO  server.RaftServerConfigKeys (ConfUtils.java:logGet(46)) - raft.server.log.segment.cache.size.max = 200MB (=209715200) (default)
2022-10-14 14:33:38,490 [pool-124-thread-1] INFO  segmented.SegmentedRaftLogWorker (SegmentedRaftLogWorker.java:<init>(187)) - new omNode-1@group-6C22E66A003A-SegmentedRaftLogWorker for RaftStorageImpl:Storage Directory /home/runner/work/ozone/ozone/hadoop-ozone/integration-test/target/test-dir/MiniOzoneClusterImpl-d3474758-561c-4776-8c9d-79a83af4ab20/omNode-1/ratis/9c9825ce-8ba7-3ee6-a7c3-6c22e66a003a
2022-10-14 14:33:38,490 [pool-124-thread-1] INFO  server.RaftServerConfigKeys (ConfUtils.java:logGet(46)) - raft.server.log.queue.byte-limit = 64MB (=67108864) (default)
2022-10-14 14:33:38,490 [pool-124-thread-1] INFO  server.RaftServerConfigKeys (ConfUtils.java:logGet(46)) - raft.server.log.queue.element-limit = 4096 (default)
2022-10-14 14:33:38,490 [pool-124-thread-1] INFO  server.RaftServerConfigKeys (ConfUtils.java:logGet(46)) - raft.server.log.segment.size.max = 4194304 (custom)
2022-10-14 14:33:38,490 [pool-124-thread-1] INFO  server.RaftServerConfigKeys (ConfUtils.java:logGet(46)) - raft.server.log.preallocated.size = 4194304 (custom)
2022-10-14 14:33:38,490 [pool-124-thread-1] INFO  server.RaftServerConfigKeys (ConfUtils.java:logGet(46)) - raft.server.log.force.sync.num = 128 (default)
2022-10-14 14:33:38,490 [pool-124-thread-1] INFO  server.RaftServerConfigKeys (ConfUtils.java:logGet(46)) - raft.server.log.statemachine.data.sync = true (default)
2022-10-14 14:33:38,490 [pool-124-thread-1] INFO  server.RaftServerConfigKeys (ConfUtils.java:logGet(46)) - raft.server.log.statemachine.data.sync.timeout = 10s (default)
2022-10-14 14:33:38,490 [pool-124-thread-1] INFO  server.RaftServerConfigKeys (ConfUtils.java:logGet(46)) - raft.server.log.statemachine.data.sync.timeout.retry = -1 (default)
2022-10-14 14:33:38,491 [pool-124-thread-1] INFO  server.RaftServerConfigKeys (ConfUtils.java:logGet(46)) - raft.server.log.write.buffer.size = 64KB (=65536) (default)
2022-10-14 14:33:38,491 [pool-124-thread-1] INFO  server.RaftServerConfigKeys (ConfUtils.java:logGet(46)) - raft.server.log.unsafe-flush.enabled = false (default)
2022-10-14 14:33:38,491 [pool-124-thread-1] INFO  server.RaftServerConfigKeys (ConfUtils.java:logGet(46)) - raft.server.log.statemachine.data.caching.enabled = false (default)
2022-10-14 14:33:38,491 [pool-124-thread-1] INFO  segmented.SegmentedRaftLogWorker (SegmentedRaftLogWorker.java:lambda$new$0(135)) - omNode-1@group-6C22E66A003A-SegmentedRaftLogWorker: flushIndex: setUnconditionally 0 -> -1
2022-10-14 14:33:38,492 [pool-124-thread-1] INFO  segmented.SegmentedRaftLogWorker (SegmentedRaftLogWorker.java:lambda$new$0(135)) - omNode-1@group-6C22E66A003A-SegmentedRaftLogWorker: safeCacheEvictIndex: setUnconditionally 0 -> -1
2022-10-14 14:33:38,496 [pool-124-thread-1] INFO  server.RaftServerConfigKeys (ConfUtils.java:logGet(46)) - raft.server.snapshot.auto.trigger.enabled = true (custom)
2022-10-14 14:33:38,496 [pool-124-thread-1] INFO  server.RaftServerConfigKeys (ConfUtils.java:logGet(46)) - raft.server.snapshot.auto.trigger.threshold = 400000 (default)
2022-10-14 14:33:38,496 [pool-124-thread-1] INFO  server.RaftServerConfigKeys (ConfUtils.java:logGet(46)) - raft.server.snapshot.retention.file.num = -1 (default)
2022-10-14 14:33:38,496 [pool-124-thread-1] INFO  server.RaftServerConfigKeys (ConfUtils.java:logGet(46)) - raft.server.log.purge.upto.snapshot.index = true (custom)
2022-10-14 14:33:38,497 [pool-124-thread-1] INFO  server.RaftServerConfigKeys (ConfUtils.java:logGet(46)) - raft.server.retrycache.expirytime = 300s (custom)
2022-10-14 14:33:38,497 [pool-124-thread-1] INFO  server.RaftServerConfigKeys (ConfUtils.java:logGet(46)) - raft.server.retrycache.statistics.expirytime = 100μs (default)
2022-10-14 14:33:38,498 [pool-124-thread-1] INFO  server.RaftServerConfigKeys (ConfUtils.java:logGet(46)) - raft.server.log.appender.install.snapshot.enabled = false (custom)
2022-10-14 14:33:38,498 [pool-124-thread-1] INFO  server.RaftServerConfigKeys (ConfUtils.java:logGet(46)) - raft.server.threadpool.server.cached = true (default)
2022-10-14 14:33:38,498 [pool-124-thread-1] INFO  server.RaftServerConfigKeys (ConfUtils.java:logGet(46)) - raft.server.threadpool.server.size = 0 (default)
2022-10-14 14:33:38,498 [pool-124-thread-1] INFO  server.RaftServerConfigKeys (ConfUtils.java:logGet(46)) - raft.server.threadpool.client.cached = true (default)
2022-10-14 14:33:38,498 [pool-124-thread-1] INFO  server.RaftServerConfigKeys (ConfUtils.java:logGet(46)) - raft.server.threadpool.client.size = 0 (default)
2022-10-14 14:33:39,207 [Listener at 0.0.0.0/41617] INFO  reflections.Reflections (Reflections.java:scan(232)) - Reflections took 677 ms to scan 19 urls, producing 67 keys and 4232 values [using 2 cores]
2022-10-14 14:33:39,398 [Listener at 0.0.0.0/41617] INFO  ipc.CallQueueManager (CallQueueManager.java:<init>(90)) - Using callQueue: class java.util.concurrent.LinkedBlockingQueue, queueCapacity: 2000, scheduler: class org.apache.hadoop.ipc.DefaultRpcScheduler, ipcBackoff: false.
2022-10-14 14:33:39,399 [Socket Reader #1 for port 44861] INFO  ipc.Server (Server.java:run(1273)) - Starting Socket Reader #1 for port 44861
2022-10-14 14:33:39,427 [Listener at 127.0.0.1/44861] INFO  impl.MetricsSystemImpl (MetricsSystemImpl.java:init(158)) - OzoneManager metrics system started (again)
2022-10-14 14:33:39,439 [Listener at 127.0.0.1/44861] INFO  om.OzoneManager (OzoneManager.java:start(1483)) - OzoneManager RPC server is listening at localhost/127.0.0.1:44861
2022-10-14 14:33:39,439 [Listener at 127.0.0.1/44861] INFO  ratis.OzoneManagerRatisServer (OzoneManagerRatisServer.java:start(555)) - Starting OzoneManagerRatisServer omNode-1 at port 39741
2022-10-14 14:33:39,440 [omNode-1-impl-thread1] INFO  server.RaftServer$Division (RaftServerImpl.java:start(310)) - omNode-1@group-6C22E66A003A: start as a follower, conf=-1: [omNode-3|rpc:localhost:34495|priority:0, omNode-1|rpc:localhost:39741|priority:0, omNode-2|rpc:localhost:42271|priority:0], old=null
2022-10-14 14:33:39,440 [omNode-1-impl-thread1] INFO  server.RaftServer$Division (RaftServerImpl.java:setRole(299)) - omNode-1@group-6C22E66A003A: changes role from      null to FOLLOWER at term 0 for startAsFollower
2022-10-14 14:33:39,440 [omNode-1-impl-thread1] INFO  impl.RoleInfo (RoleInfo.java:updateAndGet(139)) - omNode-1: start omNode-1@group-6C22E66A003A-FollowerState
2022-10-14 14:33:39,440 [omNode-1-impl-thread1] INFO  util.JmxRegister (JmxRegister.java:tryRegister(44)) - Successfully registered JMX Bean with object name Ratis:service=RaftServer,group=group-6C22E66A003A,id=omNode-1
2022-10-14 14:33:39,442 [Listener at 127.0.0.1/44861] INFO  server.RaftServer (RaftServerProxy.java:lambda$start$6(382)) - omNode-1: start RPC server
2022-10-14 14:33:39,445 [Listener at 127.0.0.1/44861] INFO  server.GrpcService (GrpcService.java:startImpl(260)) - omNode-1: GrpcService started, listening on 39741
2022-10-14 14:33:39,445 [Listener at 127.0.0.1/44861] INFO  om.OzoneManager (OzoneManager.java:start(1499)) - Version File has different layout version (3) than OM DB (null). That is expected if this OM has never been finalized to a newer layout version.
2022-10-14 14:33:39,447 [org.apache.ratis.util.JvmPauseMonitor$$Lambda$519/1610556435@3f095a68] INFO  util.JvmPauseMonitor (JvmPauseMonitor.java:run(103)) - JvmPauseMonitor-omNode-1: Started
2022-10-14 14:33:39,464 [Listener at 127.0.0.1/44861] INFO  http.BaseHttpServer (BaseHttpServer.java:newHttpServer2BuilderForOzone(213)) - Starting Web-server for ozoneManager at: http://0.0.0.0:44521
2022-10-14 14:33:39,464 [Listener at 127.0.0.1/44861] INFO  http.BaseHttpServer (BaseHttpServer.java:<init>(108)) - Hadoop Security Enabled: false Ozone Security Enabled: false Ozone HTTP Security Enabled: false 
2022-10-14 14:33:39,466 [Listener at 127.0.0.1/44861] WARN  server.AuthenticationFilter (AuthenticationFilter.java:constructSecretProvider(240)) - Unable to initialize FileSignerSecretProvider, falling back to use random secrets. Reason: Could not read signature secret file: /home/runner/hadoop-http-auth-signature-secret
2022-10-14 14:33:39,469 [Listener at 127.0.0.1/44861] WARN  http.HttpRequestLog (HttpRequestLog.java:getRequestLog(103)) - Jetty request log can only be enabled using Log4j
2022-10-14 14:33:39,471 [Listener at 127.0.0.1/44861] INFO  http.HttpServer2 (HttpServer2.java:addGlobalFilter(1031)) - Added global filter 'safety' (class=org.apache.hadoop.hdds.server.http.HttpServer2$QuotingInputFilter)
2022-10-14 14:33:39,471 [Listener at 127.0.0.1/44861] INFO  http.HttpServer2 (HttpServer2.java:addFilter(1007)) - Added filter static_user_filter (class=org.apache.hadoop.http.lib.StaticUserWebFilter$StaticUserFilter) to context ozoneManager
2022-10-14 14:33:39,471 [Listener at 127.0.0.1/44861] INFO  http.HttpServer2 (HttpServer2.java:addFilter(1015)) - Added filter static_user_filter (class=org.apache.hadoop.http.lib.StaticUserWebFilter$StaticUserFilter) to context logs
2022-10-14 14:33:39,472 [Listener at 127.0.0.1/44861] INFO  http.HttpServer2 (HttpServer2.java:addFilter(1015)) - Added filter static_user_filter (class=org.apache.hadoop.http.lib.StaticUserWebFilter$StaticUserFilter) to context static
2022-10-14 14:33:39,475 [Listener at 127.0.0.1/44861] INFO  http.HttpServer2 (HttpServer2.java:bindListener(1250)) - Jetty bound to port 44521
2022-10-14 14:33:39,475 [Listener at 127.0.0.1/44861] INFO  server.Server (Server.java:doStart(375)) - jetty-9.4.43.v20210629; built: 2021-06-30T11:07:22.254Z; git: 526006ecfa3af7f1a27ef3a288e2bef7ea9dd7e8; jvm 1.8.0_345-b01
2022-10-14 14:33:39,486 [Listener at 127.0.0.1/44861] INFO  server.session (DefaultSessionIdManager.java:doStart(334)) - DefaultSessionIdManager workerName=node0
2022-10-14 14:33:39,486 [Listener at 127.0.0.1/44861] INFO  server.session (DefaultSessionIdManager.java:doStart(339)) - No SessionScavenger set, using defaults
2022-10-14 14:33:39,487 [Listener at 127.0.0.1/44861] INFO  server.session (HouseKeeper.java:startScavenging(132)) - node0 Scavenging every 660000ms
2022-10-14 14:33:39,487 [Listener at 127.0.0.1/44861] INFO  handler.ContextHandler (ContextHandler.java:doStart(915)) - Started o.e.j.s.ServletContextHandler@3f584a90{logs,/logs,file:///home/runner/work/ozone/ozone/hadoop-ozone/integration-test/target/log,AVAILABLE}
2022-10-14 14:33:39,488 [Listener at 127.0.0.1/44861] INFO  handler.ContextHandler (ContextHandler.java:doStart(915)) - Started o.e.j.s.ServletContextHandler@3881f9e9{static,/static,file:///home/runner/work/ozone/ozone/hadoop-ozone/integration-test/target/test-classes/webapps/static,AVAILABLE}
2022-10-14 14:33:39,492 [Listener at 127.0.0.1/44861] INFO  handler.ContextHandler (ContextHandler.java:doStart(915)) - Started o.e.j.w.WebAppContext@dc93112{ozoneManager,/,file:///home/runner/work/ozone/ozone/hadoop-ozone/integration-test/target/test-classes/webapps/ozoneManager/,AVAILABLE}{file:/home/runner/work/ozone/ozone/hadoop-ozone/integration-test/target/test-classes/webapps/ozoneManager}
2022-10-14 14:33:39,497 [Listener at 127.0.0.1/44861] INFO  server.AbstractConnector (AbstractConnector.java:doStart(331)) - Started ServerConnector@5a1d4bbe{HTTP/1.1, (http/1.1)}{0.0.0.0:44521}
2022-10-14 14:33:39,497 [Listener at 127.0.0.1/44861] INFO  server.Server (Server.java:doStart(415)) - Started @20274ms
2022-10-14 14:33:39,497 [Listener at 127.0.0.1/44861] WARN  impl.MetricsSystemImpl (MetricsSystemImpl.java:register(279)) - Sink prometheus already exists!
2022-10-14 14:33:39,498 [Listener at 127.0.0.1/44861] INFO  http.BaseHttpServer (BaseHttpServer.java:updateConnectorAddress(333)) - HTTP server of ozoneManager listening at http://0.0.0.0:44521
2022-10-14 14:33:39,498 [IPC Server Responder] INFO  ipc.Server (Server.java:run(1512)) - IPC Server Responder: starting
2022-10-14 14:33:39,500 [IPC Server listener on 44861] INFO  ipc.Server (Server.java:run(1352)) - IPC Server listener on 44861: starting
2022-10-14 14:33:39,502 [Listener at 127.0.0.1/44861] INFO  om.OzoneManager (OzoneManager.java:startTrashEmptier(1920)) - Trash Interval set to 0. Files deleted won't move to trash
2022-10-14 14:33:39,503 [Listener at 127.0.0.1/44861] INFO  ozone.MiniOzoneHAClusterImpl (MiniOzoneHAClusterImpl.java:createOMService(527)) - Started OzoneManager omNode-1 RPC server at localhost/127.0.0.1:44861
2022-10-14 14:33:39,504 [Listener at 127.0.0.1/44861] INFO  ha.OMHANodeDetails (OMHANodeDetails.java:loadOMHAConfig(121)) - ServiceID for OzoneManager is omServiceId1
2022-10-14 14:33:39,504 [Listener at 127.0.0.1/44861] INFO  ha.OMHANodeDetails (OMHANodeDetails.java:loadOMHAConfig(201)) - Found matching OM address with OMServiceId: omServiceId1, OMNodeId: omNode-2, RPC Address: localhost:36349 and Ratis port: 42271
2022-10-14 14:33:39,504 [Listener at 127.0.0.1/44861] INFO  ha.OMHANodeDetails (ConfUtils.java:setNodeSpecificConfigs(97)) - Setting configuration key ozone.om.http-address with value of key ozone.om.http-address.omServiceId1.omNode-2: 127.0.0.1:38729
2022-10-14 14:33:39,504 [Listener at 127.0.0.1/44861] INFO  ha.OMHANodeDetails (ConfUtils.java:setNodeSpecificConfigs(97)) - Setting configuration key ozone.om.https-address with value of key ozone.om.https-address.omServiceId1.omNode-2: 127.0.0.1:45935
2022-10-14 14:33:39,504 [Listener at 127.0.0.1/44861] INFO  ha.OMHANodeDetails (ConfUtils.java:setNodeSpecificConfigs(97)) - Setting configuration key ozone.om.address with value of key ozone.om.address.omServiceId1.omNode-2: 127.0.0.1:36349
2022-10-14 14:33:39,505 [Listener at 127.0.0.1/44861] WARN  server.ServerUtils (ServerUtils.java:getDBPath(225)) - ozone.om.db.dirs is not configured. We recommend adding this setting. Falling back to ozone.metadata.dirs instead.
2022-10-14 14:33:39,508 [org.apache.hadoop.util.JvmPauseMonitor$Monitor@2184d62] INFO  util.JvmPauseMonitor (JvmPauseMonitor.java:run(188)) - Starting JVM pause monitor
2022-10-14 14:33:39,508 [Listener at 127.0.0.1/44861] INFO  ha.SCMNodeInfo (SCMNodeInfo.java:getPort(197)) - ConfigKey ozone.scm.client.address is deprecated, For configuring different ports for each SCM use PortConfigKey ozone.scm.client.port appended with serviceId and nodeId
2022-10-14 14:33:39,509 [Listener at 127.0.0.1/44861] INFO  ha.SCMNodeInfo (SCMNodeInfo.java:getPort(197)) - ConfigKey ozone.scm.block.client.address is deprecated, For configuring different ports for each SCM use PortConfigKey ozone.scm.block.client.port appended with serviceId and nodeId
2022-10-14 14:33:39,509 [Listener at 127.0.0.1/44861] INFO  ha.SCMNodeInfo (SCMNodeInfo.java:getPort(197)) - ConfigKey ozone.scm.datanode.address is deprecated, For configuring different ports for each SCM use PortConfigKey ozone.scm.datanode.port appended with serviceId and nodeId
2022-10-14 14:33:39,509 [Listener at 127.0.0.1/44861] INFO  ha.SCMNodeInfo (SCMNodeInfo.java:getPort(197)) - ConfigKey ozone.scm.client.address is deprecated, For configuring different ports for each SCM use PortConfigKey ozone.scm.client.port appended with serviceId and nodeId
2022-10-14 14:33:39,509 [Listener at 127.0.0.1/44861] INFO  ha.SCMNodeInfo (SCMNodeInfo.java:getPort(197)) - ConfigKey ozone.scm.block.client.address is deprecated, For configuring different ports for each SCM use PortConfigKey ozone.scm.block.client.port appended with serviceId and nodeId
2022-10-14 14:33:39,509 [Listener at 127.0.0.1/44861] INFO  ha.SCMNodeInfo (SCMNodeInfo.java:getPort(197)) - ConfigKey ozone.scm.datanode.address is deprecated, For configuring different ports for each SCM use PortConfigKey ozone.scm.datanode.port appended with serviceId and nodeId
2022-10-14 14:33:39,509 [Listener at 127.0.0.1/44861] INFO  ha.SCMNodeInfo (SCMNodeInfo.java:getPort(197)) - ConfigKey ozone.scm.client.address is deprecated, For configuring different ports for each SCM use PortConfigKey ozone.scm.client.port appended with serviceId and nodeId
2022-10-14 14:33:39,509 [Listener at 127.0.0.1/44861] INFO  ha.SCMNodeInfo (SCMNodeInfo.java:getPort(197)) - ConfigKey ozone.scm.block.client.address is deprecated, For configuring different ports for each SCM use PortConfigKey ozone.scm.block.client.port appended with serviceId and nodeId
2022-10-14 14:33:39,510 [Listener at 127.0.0.1/44861] INFO  ha.SCMNodeInfo (SCMNodeInfo.java:getPort(197)) - ConfigKey ozone.scm.datanode.address is deprecated, For configuring different ports for each SCM use PortConfigKey ozone.scm.datanode.port appended with serviceId and nodeId
2022-10-14 14:33:39,510 [Listener at 127.0.0.1/44861] INFO  proxy.SCMBlockLocationFailoverProxyProvider (SCMBlockLocationFailoverProxyProvider.java:<init>(114)) - Created block location fail-over proxy with 3 nodes: [nodeId=scmNode-2,nodeAddress=/127.0.0.1:40511, nodeId=scmNode-3,nodeAddress=/127.0.0.1:40903, nodeId=scmNode-1,nodeAddress=/127.0.0.1:41611]
OM initialization succeeded.Current cluster id for sd=/home/runner/work/ozone/ozone/hadoop-ozone/integration-test/target/test-dir/MiniOzoneClusterImpl-d3474758-561c-4776-8c9d-79a83af4ab20/omNode-2/om;cid=d3474758-561c-4776-8c9d-79a83af4ab20;layoutVersion=3
2022-10-14 14:33:39,521 [Listener at 127.0.0.1/44861] INFO  ha.OMHANodeDetails (OMHANodeDetails.java:loadOMHAConfig(121)) - ServiceID for OzoneManager is omServiceId1
2022-10-14 14:33:39,522 [Listener at 127.0.0.1/44861] INFO  ha.OMHANodeDetails (OMHANodeDetails.java:loadOMHAConfig(201)) - Found matching OM address with OMServiceId: omServiceId1, OMNodeId: omNode-2, RPC Address: localhost:36349 and Ratis port: 42271
2022-10-14 14:33:39,522 [Listener at 127.0.0.1/44861] INFO  ha.OMHANodeDetails (ConfUtils.java:setNodeSpecificConfigs(97)) - Setting configuration key ozone.om.http-address with value of key ozone.om.http-address.omServiceId1.omNode-2: 127.0.0.1:38729
2022-10-14 14:33:39,522 [Listener at 127.0.0.1/44861] INFO  ha.OMHANodeDetails (ConfUtils.java:setNodeSpecificConfigs(97)) - Setting configuration key ozone.om.https-address with value of key ozone.om.https-address.omServiceId1.omNode-2: 127.0.0.1:45935
2022-10-14 14:33:39,522 [Listener at 127.0.0.1/44861] INFO  ha.OMHANodeDetails (ConfUtils.java:setNodeSpecificConfigs(97)) - Setting configuration key ozone.om.address with value of key ozone.om.address.omServiceId1.omNode-2: 127.0.0.1:36349
2022-10-14 14:33:39,522 [Listener at 127.0.0.1/44861] WARN  server.ServerUtils (ServerUtils.java:getDBPath(225)) - ozone.om.db.dirs is not configured. We recommend adding this setting. Falling back to ozone.metadata.dirs instead.
2022-10-14 14:33:39,523 [Listener at 127.0.0.1/44861] INFO  upgrade.AbstractLayoutVersionManager (AbstractLayoutVersionManager.java:init(83)) - Initializing Layout version manager with metadata layout = MULTITENANCY_SCHEMA (version = 3), software layout = MULTITENANCY_SCHEMA (version = 3)
2022-10-14 14:33:39,614 [Listener at 127.0.0.1/44861] INFO  reflections.Reflections (Reflections.java:scan(232)) - Reflections took 91 ms to scan 2 urls, producing 154 keys and 428 values [using 2 cores]
2022-10-14 14:33:39,614 [Listener at 127.0.0.1/44861] INFO  upgrade.OMLayoutVersionManager (OMLayoutVersionManager.java:lambda$0(115)) - Skipping Upgrade Action MockOmUpgradeAction since it has been finalized.
2022-10-14 14:33:39,615 [Listener at 127.0.0.1/44861] WARN  server.ServerUtils (ServerUtils.java:getDBPath(225)) - ozone.om.db.dirs is not configured. We recommend adding this setting. Falling back to ozone.metadata.dirs instead.
2022-10-14 14:33:39,615 [Listener at 127.0.0.1/44861] INFO  ha.SCMNodeInfo (SCMNodeInfo.java:getPort(197)) - ConfigKey ozone.scm.client.address is deprecated, For configuring different ports for each SCM use PortConfigKey ozone.scm.client.port appended with serviceId and nodeId
2022-10-14 14:33:39,615 [Listener at 127.0.0.1/44861] INFO  ha.SCMNodeInfo (SCMNodeInfo.java:getPort(197)) - ConfigKey ozone.scm.block.client.address is deprecated, For configuring different ports for each SCM use PortConfigKey ozone.scm.block.client.port appended with serviceId and nodeId
2022-10-14 14:33:39,615 [Listener at 127.0.0.1/44861] INFO  ha.SCMNodeInfo (SCMNodeInfo.java:getPort(197)) - ConfigKey ozone.scm.datanode.address is deprecated, For configuring different ports for each SCM use PortConfigKey ozone.scm.datanode.port appended with serviceId and nodeId
2022-10-14 14:33:39,615 [Listener at 127.0.0.1/44861] INFO  ha.SCMNodeInfo (SCMNodeInfo.java:getPort(197)) - ConfigKey ozone.scm.client.address is deprecated, For configuring different ports for each SCM use PortConfigKey ozone.scm.client.port appended with serviceId and nodeId
2022-10-14 14:33:39,615 [Listener at 127.0.0.1/44861] INFO  ha.SCMNodeInfo (SCMNodeInfo.java:getPort(197)) - ConfigKey ozone.scm.block.client.address is deprecated, For configuring different ports for each SCM use PortConfigKey ozone.scm.block.client.port appended with serviceId and nodeId
2022-10-14 14:33:39,615 [Listener at 127.0.0.1/44861] INFO  ha.SCMNodeInfo (SCMNodeInfo.java:getPort(197)) - ConfigKey ozone.scm.datanode.address is deprecated, For configuring different ports for each SCM use PortConfigKey ozone.scm.datanode.port appended with serviceId and nodeId
2022-10-14 14:33:39,615 [Listener at 127.0.0.1/44861] INFO  ha.SCMNodeInfo (SCMNodeInfo.java:getPort(197)) - ConfigKey ozone.scm.client.address is deprecated, For configuring different ports for each SCM use PortConfigKey ozone.scm.client.port appended with serviceId and nodeId
2022-10-14 14:33:39,615 [Listener at 127.0.0.1/44861] INFO  ha.SCMNodeInfo (SCMNodeInfo.java:getPort(197)) - ConfigKey ozone.scm.block.client.address is deprecated, For configuring different ports for each SCM use PortConfigKey ozone.scm.block.client.port appended with serviceId and nodeId
2022-10-14 14:33:39,616 [Listener at 127.0.0.1/44861] INFO  ha.SCMNodeInfo (SCMNodeInfo.java:getPort(197)) - ConfigKey ozone.scm.datanode.address is deprecated, For configuring different ports for each SCM use PortConfigKey ozone.scm.datanode.port appended with serviceId and nodeId
2022-10-14 14:33:39,616 [Listener at 127.0.0.1/44861] INFO  ha.SCMNodeInfo (SCMNodeInfo.java:getPort(197)) - ConfigKey ozone.scm.client.address is deprecated, For configuring different ports for each SCM use PortConfigKey ozone.scm.client.port appended with serviceId and nodeId
2022-10-14 14:33:39,616 [Listener at 127.0.0.1/44861] INFO  ha.SCMNodeInfo (SCMNodeInfo.java:getPort(197)) - ConfigKey ozone.scm.block.client.address is deprecated, For configuring different ports for each SCM use PortConfigKey ozone.scm.block.client.port appended with serviceId and nodeId
2022-10-14 14:33:39,616 [Listener at 127.0.0.1/44861] INFO  ha.SCMNodeInfo (SCMNodeInfo.java:getPort(197)) - ConfigKey ozone.scm.datanode.address is deprecated, For configuring different ports for each SCM use PortConfigKey ozone.scm.datanode.port appended with serviceId and nodeId
2022-10-14 14:33:39,616 [Listener at 127.0.0.1/44861] INFO  ha.SCMNodeInfo (SCMNodeInfo.java:getPort(197)) - ConfigKey ozone.scm.client.address is deprecated, For configuring different ports for each SCM use PortConfigKey ozone.scm.client.port appended with serviceId and nodeId
2022-10-14 14:33:39,616 [Listener at 127.0.0.1/44861] INFO  ha.SCMNodeInfo (SCMNodeInfo.java:getPort(197)) - ConfigKey ozone.scm.block.client.address is deprecated, For configuring different ports for each SCM use PortConfigKey ozone.scm.block.client.port appended with serviceId and nodeId
2022-10-14 14:33:39,616 [Listener at 127.0.0.1/44861] INFO  ha.SCMNodeInfo (SCMNodeInfo.java:getPort(197)) - ConfigKey ozone.scm.datanode.address is deprecated, For configuring different ports for each SCM use PortConfigKey ozone.scm.datanode.port appended with serviceId and nodeId
2022-10-14 14:33:39,616 [Listener at 127.0.0.1/44861] INFO  ha.SCMNodeInfo (SCMNodeInfo.java:getPort(197)) - ConfigKey ozone.scm.client.address is deprecated, For configuring different ports for each SCM use PortConfigKey ozone.scm.client.port appended with serviceId and nodeId
2022-10-14 14:33:39,617 [Listener at 127.0.0.1/44861] INFO  ha.SCMNodeInfo (SCMNodeInfo.java:getPort(197)) - ConfigKey ozone.scm.block.client.address is deprecated, For configuring different ports for each SCM use PortConfigKey ozone.scm.block.client.port appended with serviceId and nodeId
2022-10-14 14:33:39,617 [Listener at 127.0.0.1/44861] INFO  ha.SCMNodeInfo (SCMNodeInfo.java:getPort(197)) - ConfigKey ozone.scm.datanode.address is deprecated, For configuring different ports for each SCM use PortConfigKey ozone.scm.datanode.port appended with serviceId and nodeId
2022-10-14 14:33:39,617 [Listener at 127.0.0.1/44861] INFO  proxy.SCMBlockLocationFailoverProxyProvider (SCMBlockLocationFailoverProxyProvider.java:<init>(114)) - Created block location fail-over proxy with 3 nodes: [nodeId=scmNode-2,nodeAddress=/127.0.0.1:40511, nodeId=scmNode-3,nodeAddress=/127.0.0.1:40903, nodeId=scmNode-1,nodeAddress=/127.0.0.1:41611]
2022-10-14 14:33:39,618 [Listener at 127.0.0.1/44861] INFO  ha.SCMNodeInfo (SCMNodeInfo.java:getPort(197)) - ConfigKey ozone.scm.client.address is deprecated, For configuring different ports for each SCM use PortConfigKey ozone.scm.client.port appended with serviceId and nodeId
2022-10-14 14:33:39,618 [Listener at 127.0.0.1/44861] INFO  ha.SCMNodeInfo (SCMNodeInfo.java:getPort(197)) - ConfigKey ozone.scm.block.client.address is deprecated, For configuring different ports for each SCM use PortConfigKey ozone.scm.block.client.port appended with serviceId and nodeId
2022-10-14 14:33:39,618 [Listener at 127.0.0.1/44861] INFO  ha.SCMNodeInfo (SCMNodeInfo.java:getPort(197)) - ConfigKey ozone.scm.datanode.address is deprecated, For configuring different ports for each SCM use PortConfigKey ozone.scm.datanode.port appended with serviceId and nodeId
2022-10-14 14:33:39,618 [Listener at 127.0.0.1/44861] INFO  ha.SCMNodeInfo (SCMNodeInfo.java:getPort(197)) - ConfigKey ozone.scm.client.address is deprecated, For configuring different ports for each SCM use PortConfigKey ozone.scm.client.port appended with serviceId and nodeId
2022-10-14 14:33:39,618 [Listener at 127.0.0.1/44861] INFO  ha.SCMNodeInfo (SCMNodeInfo.java:getPort(197)) - ConfigKey ozone.scm.block.client.address is deprecated, For configuring different ports for each SCM use PortConfigKey ozone.scm.block.client.port appended with serviceId and nodeId
2022-10-14 14:33:39,618 [Listener at 127.0.0.1/44861] INFO  ha.SCMNodeInfo (SCMNodeInfo.java:getPort(197)) - ConfigKey ozone.scm.datanode.address is deprecated, For configuring different ports for each SCM use PortConfigKey ozone.scm.datanode.port appended with serviceId and nodeId
2022-10-14 14:33:39,618 [Listener at 127.0.0.1/44861] INFO  ha.SCMNodeInfo (SCMNodeInfo.java:getPort(197)) - ConfigKey ozone.scm.client.address is deprecated, For configuring different ports for each SCM use PortConfigKey ozone.scm.client.port appended with serviceId and nodeId
2022-10-14 14:33:39,618 [Listener at 127.0.0.1/44861] INFO  ha.SCMNodeInfo (SCMNodeInfo.java:getPort(197)) - ConfigKey ozone.scm.block.client.address is deprecated, For configuring different ports for each SCM use PortConfigKey ozone.scm.block.client.port appended with serviceId and nodeId
2022-10-14 14:33:39,618 [Listener at 127.0.0.1/44861] INFO  ha.SCMNodeInfo (SCMNodeInfo.java:getPort(197)) - ConfigKey ozone.scm.datanode.address is deprecated, For configuring different ports for each SCM use PortConfigKey ozone.scm.datanode.port appended with serviceId and nodeId
2022-10-14 14:33:39,619 [Listener at 127.0.0.1/44861] INFO  proxy.SCMBlockLocationFailoverProxyProvider (SCMBlockLocationFailoverProxyProvider.java:<init>(114)) - Created block location fail-over proxy with 3 nodes: [nodeId=scmNode-2,nodeAddress=/127.0.0.1:40511, nodeId=scmNode-3,nodeAddress=/127.0.0.1:40903, nodeId=scmNode-1,nodeAddress=/127.0.0.1:41611]
2022-10-14 14:33:39,630 [Listener at 127.0.0.1/44861] WARN  server.ServerUtils (ServerUtils.java:getDBPath(225)) - ozone.om.db.dirs is not configured. We recommend adding this setting. Falling back to ozone.metadata.dirs instead.
2022-10-14 14:33:39,630 [Listener at 127.0.0.1/44861] INFO  codec.OmKeyInfoCodec (OmKeyInfoCodec.java:<init>(49)) - OmKeyInfoCodec ignorePipeline = true
2022-10-14 14:33:39,630 [Listener at 127.0.0.1/44861] INFO  codec.RepeatedOmKeyInfoCodec (RepeatedOmKeyInfoCodec.java:<init>(41)) - RepeatedOmKeyInfoCodec ignorePipeline = true
2022-10-14 14:33:39,869 [Listener at 127.0.0.1/44861] INFO  om.OzoneManager (OzoneManager.java:instantiateServices(712)) - S3 Multi-Tenancy is disabled
2022-10-14 14:33:39,871 [Listener at 127.0.0.1/44861] INFO  om.OzoneManager (OzoneManager.java:addS3GVolumeToDB(4386)) - Created Volume s3v With Owner runner required for S3Gateway operations.
2022-10-14 14:33:39,871 [Listener at 127.0.0.1/44861] WARN  server.ServerUtils (ServerUtils.java:getDefaultRatisDirectory(237)) - Storage directory for Ratis is not configured. It is a good idea to map this to an SSD disk. Falling back to ozone.metadata.dirs
2022-10-14 14:33:39,871 [Listener at 127.0.0.1/44861] WARN  utils.OzoneManagerRatisUtils (OzoneManagerRatisUtils.java:getOMRatisSnapshotDirectory(434)) - ozone.om.ratis.snapshot.dir is not configured. Falling back to ozone.metadata.dirs config
2022-10-14 14:33:39,872 [Listener at 127.0.0.1/44861] INFO  snapshot.OzoneManagerSnapshotProvider (OzoneManagerSnapshotProvider.java:<init>(76)) - Initializing OM Snapshot Provider
2022-10-14 14:33:39,873 [Listener at 127.0.0.1/44861] WARN  impl.MetricRegistriesImpl (MetricRegistriesImpl.java:addReporterRegistration(111)) - New reporters are added after registries were created. Some metrics will be missing from the reporter. Please add reporter before adding any new registry.
2022-10-14 14:33:39,873 [Listener at 127.0.0.1/44861] WARN  impl.MetricRegistriesImpl (MetricRegistriesImpl.java:addReporterRegistration(111)) - New reporters are added after registries were created. Some metrics will be missing from the reporter. Please add reporter before adding any new registry.
2022-10-14 14:33:39,873 [Listener at 127.0.0.1/44861] WARN  server.ServerUtils (ServerUtils.java:getDefaultRatisDirectory(237)) - Storage directory for Ratis is not configured. It is a good idea to map this to an SSD disk. Falling back to ozone.metadata.dirs
2022-10-14 14:33:39,874 [Listener at 127.0.0.1/44861] INFO  ratis.OzoneManagerRatisServer (OzoneManagerRatisServer.java:<init>(160)) - Instantiating OM Ratis server with groupID: omServiceId1 and peers: localhost:42271, localhost:34495, localhost:39741
2022-10-14 14:33:39,875 [Listener at 127.0.0.1/44861] INFO  ratis.OzoneManagerStateMachine (OzoneManagerStateMachine.java:loadSnapshotInfoFromDB(632)) - LastAppliedIndex is set from TransactionInfo from OM DB as (t:0, i:~)
2022-10-14 14:33:39,875 [Listener at 127.0.0.1/44861] INFO  server.RaftServer (ConfUtils.java:logGet(46)) - raft.rpc.type = GRPC (default)
2022-10-14 14:33:39,875 [Listener at 127.0.0.1/44861] INFO  grpc.GrpcFactory (GrpcFactory.java:checkPooledByteBufAllocatorUseCacheForAllThreads(48)) - PERFORMANCE WARNING: useCacheForAllThreads is true that may cause Netty to create a lot garbage objects and, as a result, trigger GC.
	It is recommended to disable useCacheForAllThreads by setting -Dorg.apache.ratis.thirdparty.io.netty.allocator.useCacheForAllThreads=false in command line.
2022-10-14 14:33:39,875 [Listener at 127.0.0.1/44861] INFO  grpc.GrpcConfigKeys (ConfUtils.java:logGet(46)) - raft.grpc.admin.port = -1 (default)
2022-10-14 14:33:39,875 [Listener at 127.0.0.1/44861] INFO  grpc.GrpcConfigKeys (ConfUtils.java:logGet(46)) - raft.grpc.server.port = 42271 (custom)
2022-10-14 14:33:39,875 [Listener at 127.0.0.1/44861] INFO  grpc.GrpcConfigKeys (ConfUtils.java:logGet(46)) - raft.grpc.client.port = -1 (default)
2022-10-14 14:33:39,875 [Listener at 127.0.0.1/44861] INFO  grpc.GrpcConfigKeys (ConfUtils.java:logGet(46)) - raft.grpc.server.port = 42271 (custom)
2022-10-14 14:33:39,875 [Listener at 127.0.0.1/44861] INFO  grpc.GrpcConfigKeys (ConfUtils.java:logGet(46)) - raft.grpc.server.port = 42271 (custom)
2022-10-14 14:33:39,876 [Listener at 127.0.0.1/44861] INFO  server.GrpcService (ConfUtils.java:logGet(46)) - raft.grpc.message.size.max = 33554432 (custom)
2022-10-14 14:33:39,876 [Listener at 127.0.0.1/44861] INFO  server.RaftServerConfigKeys (ConfUtils.java:logGet(46)) - raft.server.log.appender.buffer.byte-limit = 33554432 (custom)
2022-10-14 14:33:39,876 [Listener at 127.0.0.1/44861] INFO  server.GrpcService (ConfUtils.java:logGet(46)) - raft.grpc.flow.control.window = 1MB (=1048576) (default)
2022-10-14 14:33:39,876 [Listener at 127.0.0.1/44861] INFO  server.RaftServerConfigKeys (ConfUtils.java:logGet(46)) - raft.server.rpc.request.timeout = 3000ms (default)
2022-10-14 14:33:39,876 [Listener at 127.0.0.1/44861] INFO  grpc.GrpcConfigKeys (ConfUtils.java:logGet(46)) - raft.grpc.server.async.request.thread.pool.cached = true (default)
2022-10-14 14:33:39,876 [Listener at 127.0.0.1/44861] INFO  grpc.GrpcConfigKeys (ConfUtils.java:logGet(46)) - raft.grpc.server.async.request.thread.pool.size = 32 (default)
2022-10-14 14:33:39,877 [Listener at 127.0.0.1/44861] INFO  impl.DataStreamServerImpl (ConfUtils.java:logGet(46)) - raft.datastream.type = DISABLED (default)
2022-10-14 14:33:39,877 [Listener at 127.0.0.1/44861] INFO  server.RaftServerConfigKeys (ConfUtils.java:logGet(46)) - raft.server.threadpool.proxy.cached = true (default)
2022-10-14 14:33:39,877 [Listener at 127.0.0.1/44861] INFO  server.RaftServerConfigKeys (ConfUtils.java:logGet(46)) - raft.server.threadpool.proxy.size = 0 (default)
2022-10-14 14:33:39,877 [Listener at 127.0.0.1/44861] INFO  server.RaftServerConfigKeys (ConfUtils.java:logGet(46)) - raft.server.rpc.slowness.timeout = 2s (custom)
2022-10-14 14:33:39,878 [Listener at 127.0.0.1/44861] INFO  server.RaftServerConfigKeys (ConfUtils.java:logGet(46)) - raft.server.leaderelection.leader.step-down.wait-time = 10s (default)
2022-10-14 14:33:39,878 [Listener at 127.0.0.1/44861] INFO  server.RaftServerConfigKeys (ConfUtils.java:logGet(46)) - raft.server.storage.dir = [/home/runner/work/ozone/ozone/hadoop-ozone/integration-test/target/test-dir/MiniOzoneClusterImpl-d3474758-561c-4776-8c9d-79a83af4ab20/omNode-2/ratis] (custom)
2022-10-14 14:33:39,883 [Listener at 127.0.0.1/44861] INFO  server.RaftServer (RaftServerProxy.java:addNew(96)) - omNode-2: addNew group-6C22E66A003A:[omNode-3|rpc:localhost:34495|priority:0, omNode-1|rpc:localhost:39741|priority:0, omNode-2|rpc:localhost:42271|priority:0] returns group-6C22E66A003A:java.util.concurrent.CompletableFuture@3798d986[Not completed]
2022-10-14 14:33:39,883 [Listener at 127.0.0.1/44861] INFO  om.OzoneManager (OzoneManager.java:initializeRatisServer(1976)) - OzoneManager Ratis server initialized at port 42271
2022-10-14 14:33:39,884 [Listener at 127.0.0.1/44861] INFO  om.OzoneManager (OzoneManager.java:getRpcServer(1102)) - Creating RPC Server
2022-10-14 14:33:39,888 [pool-150-thread-1] INFO  server.RaftServer$Division (RaftServerImpl.java:<init>(190)) - omNode-2: new RaftServerImpl for group-6C22E66A003A:[omNode-3|rpc:localhost:34495|priority:0, omNode-1|rpc:localhost:39741|priority:0, omNode-2|rpc:localhost:42271|priority:0] with OzoneManagerStateMachine:uninitialized
2022-10-14 14:33:39,888 [pool-150-thread-1] INFO  server.RaftServerConfigKeys (ConfUtils.java:logGet(46)) - raft.server.rpc.timeout.min = 1s (custom)
2022-10-14 14:33:39,888 [pool-150-thread-1] INFO  server.RaftServerConfigKeys (ConfUtils.java:logGet(46)) - raft.server.rpc.timeout.max = 1200ms (custom)
2022-10-14 14:33:39,888 [pool-150-thread-1] INFO  server.RaftServerConfigKeys (ConfUtils.java:logGet(46)) - raft.server.rpc.sleep.time = 25ms (default)
2022-10-14 14:33:39,888 [pool-150-thread-1] INFO  server.RaftServerConfigKeys (ConfUtils.java:logGet(46)) - raft.server.rpc.slowness.timeout = 2s (custom)
2022-10-14 14:33:39,888 [pool-150-thread-1] INFO  server.RaftServerConfigKeys (ConfUtils.java:logGet(46)) - raft.server.leaderelection.leader.step-down.wait-time = 10s (default)
2022-10-14 14:33:39,888 [pool-150-thread-1] INFO  server.RaftServerConfigKeys (ConfUtils.java:logGet(46)) - raft.server.sleep.deviation.threshold = 300ms (default)
2022-10-14 14:33:39,888 [pool-150-thread-1] INFO  server.RaftServer$Division (ServerState.java:<init>(107)) - omNode-2@group-6C22E66A003A: ConfigurationManager, init=-1: [omNode-3|rpc:localhost:34495|priority:0, omNode-1|rpc:localhost:39741|priority:0, omNode-2|rpc:localhost:42271|priority:0], old=null, confs=<EMPTY_MAP>
2022-10-14 14:33:39,888 [pool-150-thread-1] INFO  server.RaftServerConfigKeys (ConfUtils.java:logGet(46)) - raft.server.storage.dir = [/home/runner/work/ozone/ozone/hadoop-ozone/integration-test/target/test-dir/MiniOzoneClusterImpl-d3474758-561c-4776-8c9d-79a83af4ab20/omNode-2/ratis] (custom)
2022-10-14 14:33:39,889 [pool-150-thread-1] INFO  server.RaftServerConfigKeys (ConfUtils.java:logGet(46)) - raft.server.log.corruption.policy = EXCEPTION (default)
2022-10-14 14:33:39,889 [pool-150-thread-1] INFO  server.RaftServerConfigKeys (ConfUtils.java:logGet(46)) - raft.server.storage.free-space.min = 0MB (=0) (default)
2022-10-14 14:33:39,889 [pool-150-thread-1] INFO  storage.RaftStorageDirectory (RaftStorageDirectoryImpl.java:analyzeStorage(135)) - The storage directory /home/runner/work/ozone/ozone/hadoop-ozone/integration-test/target/test-dir/MiniOzoneClusterImpl-d3474758-561c-4776-8c9d-79a83af4ab20/omNode-2/ratis/9c9825ce-8ba7-3ee6-a7c3-6c22e66a003a does not exist. Creating ...
2022-10-14 14:33:39,891 [pool-150-thread-1] INFO  storage.RaftStorageDirectory (RaftStorageDirectoryImpl.java:tryLock(230)) - Lock on /home/runner/work/ozone/ozone/hadoop-ozone/integration-test/target/test-dir/MiniOzoneClusterImpl-d3474758-561c-4776-8c9d-79a83af4ab20/omNode-2/ratis/9c9825ce-8ba7-3ee6-a7c3-6c22e66a003a/in_use.lock acquired by nodename 2882@fv-az318-86
2022-10-14 14:33:39,894 [pool-150-thread-1] INFO  storage.RaftStorage (RaftStorageImpl.java:format(89)) - Storage directory /home/runner/work/ozone/ozone/hadoop-ozone/integration-test/target/test-dir/MiniOzoneClusterImpl-d3474758-561c-4776-8c9d-79a83af4ab20/omNode-2/ratis/9c9825ce-8ba7-3ee6-a7c3-6c22e66a003a has been successfully formatted.
2022-10-14 14:33:39,894 [pool-150-thread-1] INFO  server.RaftServerConfigKeys (ConfUtils.java:logGet(46)) - raft.server.notification.no-leader.timeout = 2s (custom)
2022-10-14 14:33:39,895 [pool-150-thread-1] INFO  server.RaftServerConfigKeys (ConfUtils.java:logGet(46)) - raft.server.log.use.memory = false (default)
2022-10-14 14:33:39,895 [pool-150-thread-1] INFO  server.RaftServerConfigKeys (ConfUtils.java:logGet(46)) - raft.server.log.purge.gap = 1000000 (custom)
2022-10-14 14:33:39,895 [pool-150-thread-1] INFO  server.RaftServerConfigKeys (ConfUtils.java:logGet(46)) - raft.server.log.appender.buffer.byte-limit = 33554432 (custom)
2022-10-14 14:33:39,895 [pool-150-thread-1] INFO  server.RaftServerConfigKeys (ConfUtils.java:logGet(46)) - raft.server.log.statemachine.data.read.timeout = 1000ms (default)
2022-10-14 14:33:39,895 [pool-150-thread-1] INFO  server.RaftServerConfigKeys (ConfUtils.java:logGet(46)) - raft.server.log.segment.size.max = 4194304 (custom)
2022-10-14 14:33:39,895 [pool-150-thread-1] INFO  server.RaftServerConfigKeys (ConfUtils.java:logGet(46)) - raft.server.log.segment.cache.num.max = 2 (custom)
2022-10-14 14:33:39,895 [pool-150-thread-1] INFO  server.RaftServerConfigKeys (ConfUtils.java:logGet(46)) - raft.server.log.segment.cache.size.max = 200MB (=209715200) (default)
2022-10-14 14:33:39,895 [pool-150-thread-1] INFO  segmented.SegmentedRaftLogWorker (SegmentedRaftLogWorker.java:<init>(187)) - new omNode-2@group-6C22E66A003A-SegmentedRaftLogWorker for RaftStorageImpl:Storage Directory /home/runner/work/ozone/ozone/hadoop-ozone/integration-test/target/test-dir/MiniOzoneClusterImpl-d3474758-561c-4776-8c9d-79a83af4ab20/omNode-2/ratis/9c9825ce-8ba7-3ee6-a7c3-6c22e66a003a
2022-10-14 14:33:39,895 [pool-150-thread-1] INFO  server.RaftServerConfigKeys (ConfUtils.java:logGet(46)) - raft.server.log.queue.byte-limit = 64MB (=67108864) (default)
2022-10-14 14:33:39,896 [pool-150-thread-1] INFO  server.RaftServerConfigKeys (ConfUtils.java:logGet(46)) - raft.server.log.queue.element-limit = 4096 (default)
2022-10-14 14:33:39,896 [pool-150-thread-1] INFO  server.RaftServerConfigKeys (ConfUtils.java:logGet(46)) - raft.server.log.segment.size.max = 4194304 (custom)
2022-10-14 14:33:39,896 [pool-150-thread-1] INFO  server.RaftServerConfigKeys (ConfUtils.java:logGet(46)) - raft.server.log.preallocated.size = 4194304 (custom)
2022-10-14 14:33:39,896 [pool-150-thread-1] INFO  server.RaftServerConfigKeys (ConfUtils.java:logGet(46)) - raft.server.log.force.sync.num = 128 (default)
2022-10-14 14:33:39,896 [pool-150-thread-1] INFO  server.RaftServerConfigKeys (ConfUtils.java:logGet(46)) - raft.server.log.statemachine.data.sync = true (default)
2022-10-14 14:33:39,896 [pool-150-thread-1] INFO  server.RaftServerConfigKeys (ConfUtils.java:logGet(46)) - raft.server.log.statemachine.data.sync.timeout = 10s (default)
2022-10-14 14:33:39,896 [pool-150-thread-1] INFO  server.RaftServerConfigKeys (ConfUtils.java:logGet(46)) - raft.server.log.statemachine.data.sync.timeout.retry = -1 (default)
2022-10-14 14:33:39,897 [pool-150-thread-1] INFO  server.RaftServerConfigKeys (ConfUtils.java:logGet(46)) - raft.server.log.write.buffer.size = 64KB (=65536) (default)
2022-10-14 14:33:39,897 [pool-150-thread-1] INFO  server.RaftServerConfigKeys (ConfUtils.java:logGet(46)) - raft.server.log.unsafe-flush.enabled = false (default)
2022-10-14 14:33:39,897 [pool-150-thread-1] INFO  server.RaftServerConfigKeys (ConfUtils.java:logGet(46)) - raft.server.log.statemachine.data.caching.enabled = false (default)
2022-10-14 14:33:39,897 [pool-150-thread-1] INFO  segmented.SegmentedRaftLogWorker (SegmentedRaftLogWorker.java:lambda$new$0(135)) - omNode-2@group-6C22E66A003A-SegmentedRaftLogWorker: flushIndex: setUnconditionally 0 -> -1
2022-10-14 14:33:39,897 [pool-150-thread-1] INFO  segmented.SegmentedRaftLogWorker (SegmentedRaftLogWorker.java:lambda$new$0(135)) - omNode-2@group-6C22E66A003A-SegmentedRaftLogWorker: safeCacheEvictIndex: setUnconditionally 0 -> -1
2022-10-14 14:33:39,897 [pool-150-thread-1] INFO  server.RaftServerConfigKeys (ConfUtils.java:logGet(46)) - raft.server.snapshot.auto.trigger.enabled = true (custom)
2022-10-14 14:33:39,898 [pool-150-thread-1] INFO  server.RaftServerConfigKeys (ConfUtils.java:logGet(46)) - raft.server.snapshot.auto.trigger.threshold = 400000 (default)
2022-10-14 14:33:39,898 [pool-150-thread-1] INFO  server.RaftServerConfigKeys (ConfUtils.java:logGet(46)) - raft.server.snapshot.retention.file.num = -1 (default)
2022-10-14 14:33:39,898 [pool-150-thread-1] INFO  server.RaftServerConfigKeys (ConfUtils.java:logGet(46)) - raft.server.log.purge.upto.snapshot.index = true (custom)
2022-10-14 14:33:39,898 [pool-150-thread-1] INFO  server.RaftServerConfigKeys (ConfUtils.java:logGet(46)) - raft.server.retrycache.expirytime = 300s (custom)
2022-10-14 14:33:39,898 [pool-150-thread-1] INFO  server.RaftServerConfigKeys (ConfUtils.java:logGet(46)) - raft.server.retrycache.statistics.expirytime = 100μs (default)
2022-10-14 14:33:39,899 [pool-150-thread-1] INFO  server.RaftServerConfigKeys (ConfUtils.java:logGet(46)) - raft.server.log.appender.install.snapshot.enabled = false (custom)
2022-10-14 14:33:39,899 [pool-150-thread-1] INFO  server.RaftServerConfigKeys (ConfUtils.java:logGet(46)) - raft.server.threadpool.server.cached = true (default)
2022-10-14 14:33:39,899 [pool-150-thread-1] INFO  server.RaftServerConfigKeys (ConfUtils.java:logGet(46)) - raft.server.threadpool.server.size = 0 (default)
2022-10-14 14:33:39,899 [pool-150-thread-1] INFO  server.RaftServerConfigKeys (ConfUtils.java:logGet(46)) - raft.server.threadpool.client.cached = true (default)
2022-10-14 14:33:39,899 [pool-150-thread-1] INFO  server.RaftServerConfigKeys (ConfUtils.java:logGet(46)) - raft.server.threadpool.client.size = 0 (default)
2022-10-14 14:33:40,585 [Listener at 127.0.0.1/44861] INFO  reflections.Reflections (Reflections.java:scan(232)) - Reflections took 700 ms to scan 19 urls, producing 67 keys and 4232 values [using 2 cores]
2022-10-14 14:33:40,587 [Listener at 127.0.0.1/44861] INFO  ipc.CallQueueManager (CallQueueManager.java:<init>(90)) - Using callQueue: class java.util.concurrent.LinkedBlockingQueue, queueCapacity: 2000, scheduler: class org.apache.hadoop.ipc.DefaultRpcScheduler, ipcBackoff: false.
2022-10-14 14:33:40,588 [Socket Reader #1 for port 36349] INFO  ipc.Server (Server.java:run(1273)) - Starting Socket Reader #1 for port 36349
2022-10-14 14:33:40,602 [omNode-1@group-6C22E66A003A-FollowerState] INFO  impl.FollowerState (FollowerState.java:run(143)) - omNode-1@group-6C22E66A003A-FollowerState: change to CANDIDATE, lastRpcElapsedTime:1162544218ns, electionTimeout:1162ms
2022-10-14 14:33:40,603 [omNode-1@group-6C22E66A003A-FollowerState] INFO  impl.RoleInfo (RoleInfo.java:shutdownFollowerState(110)) - omNode-1: shutdown omNode-1@group-6C22E66A003A-FollowerState
2022-10-14 14:33:40,603 [omNode-1@group-6C22E66A003A-FollowerState] INFO  server.RaftServer$Division (RaftServerImpl.java:setRole(299)) - omNode-1@group-6C22E66A003A: changes role from  FOLLOWER to CANDIDATE at term 0 for changeToCandidate
2022-10-14 14:33:40,606 [omNode-1@group-6C22E66A003A-FollowerState] INFO  server.RaftServerConfigKeys (ConfUtils.java:logGet(46)) - raft.server.leaderelection.pre-vote = false (custom)
2022-10-14 14:33:40,606 [omNode-1@group-6C22E66A003A-FollowerState] INFO  impl.RoleInfo (RoleInfo.java:updateAndGet(139)) - omNode-1: start omNode-1@group-6C22E66A003A-LeaderElection3
2022-10-14 14:33:40,612 [omNode-1@group-6C22E66A003A-LeaderElection3] INFO  impl.LeaderElection (LeaderElection.java:askForVotes(310)) - omNode-1@group-6C22E66A003A-LeaderElection3 ELECTION round 0: submit vote requests at term 1 for -1: [omNode-3|rpc:localhost:34495|priority:0, omNode-1|rpc:localhost:39741|priority:0, omNode-2|rpc:localhost:42271|priority:0], old=null
2022-10-14 14:33:40,634 [Listener at 127.0.0.1/36349] INFO  impl.MetricsSystemImpl (MetricsSystemImpl.java:init(158)) - OzoneManager metrics system started (again)
2022-10-14 14:33:40,643 [omNode-1@group-6C22E66A003A-LeaderElection3] INFO  impl.LeaderElection (LogUtils.java:infoOrTrace(137)) - omNode-1@group-6C22E66A003A-LeaderElection3 got exception when requesting votes: java.util.concurrent.ExecutionException: org.apache.ratis.thirdparty.io.grpc.StatusRuntimeException: UNAVAILABLE: io exception
2022-10-14 14:33:40,651 [Listener at 127.0.0.1/36349] INFO  om.OzoneManager (OzoneManager.java:start(1483)) - OzoneManager RPC server is listening at localhost/127.0.0.1:36349
2022-10-14 14:33:40,651 [Listener at 127.0.0.1/36349] INFO  ratis.OzoneManagerRatisServer (OzoneManagerRatisServer.java:start(555)) - Starting OzoneManagerRatisServer omNode-2 at port 42271
2022-10-14 14:33:40,652 [omNode-2-impl-thread1] INFO  server.RaftServer$Division (RaftServerImpl.java:start(310)) - omNode-2@group-6C22E66A003A: start as a follower, conf=-1: [omNode-3|rpc:localhost:34495|priority:0, omNode-1|rpc:localhost:39741|priority:0, omNode-2|rpc:localhost:42271|priority:0], old=null
2022-10-14 14:33:40,652 [omNode-2-impl-thread1] INFO  server.RaftServer$Division (RaftServerImpl.java:setRole(299)) - omNode-2@group-6C22E66A003A: changes role from      null to FOLLOWER at term 0 for startAsFollower
2022-10-14 14:33:40,652 [omNode-2-impl-thread1] INFO  impl.RoleInfo (RoleInfo.java:updateAndGet(139)) - omNode-2: start omNode-2@group-6C22E66A003A-FollowerState
2022-10-14 14:33:40,655 [omNode-2-impl-thread1] INFO  util.JmxRegister (JmxRegister.java:tryRegister(44)) - Successfully registered JMX Bean with object name Ratis:service=RaftServer,group=group-6C22E66A003A,id=omNode-2
2022-10-14 14:33:40,658 [Listener at 127.0.0.1/36349] INFO  server.RaftServer (RaftServerProxy.java:lambda$start$6(382)) - omNode-2: start RPC server
2022-10-14 14:33:40,670 [omNode-1@group-6C22E66A003A-LeaderElection3] INFO  impl.LeaderElection (LogUtils.java:infoOrTrace(137)) - omNode-1@group-6C22E66A003A-LeaderElection3 got exception when requesting votes: java.util.concurrent.ExecutionException: org.apache.ratis.thirdparty.io.grpc.StatusRuntimeException: UNAVAILABLE: io exception
2022-10-14 14:33:40,671 [Listener at 127.0.0.1/36349] INFO  server.GrpcService (GrpcService.java:startImpl(260)) - omNode-2: GrpcService started, listening on 42271
2022-10-14 14:33:40,671 [omNode-1@group-6C22E66A003A-LeaderElection3] INFO  impl.LeaderElection (LeaderElection.java:logAndReturn(90)) - omNode-1@group-6C22E66A003A-LeaderElection3: ELECTION REJECTED received 0 response(s) and 2 exception(s):
2022-10-14 14:33:40,671 [Listener at 127.0.0.1/36349] INFO  om.OzoneManager (OzoneManager.java:start(1499)) - Version File has different layout version (3) than OM DB (null). That is expected if this OM has never been finalized to a newer layout version.
2022-10-14 14:33:40,671 [omNode-1@group-6C22E66A003A-LeaderElection3] INFO  impl.LeaderElection (LogUtils.java:infoOrTrace(137)) -   Exception 0: java.util.concurrent.ExecutionException: org.apache.ratis.thirdparty.io.grpc.StatusRuntimeException: UNAVAILABLE: io exception
2022-10-14 14:33:40,671 [omNode-1@group-6C22E66A003A-LeaderElection3] INFO  impl.LeaderElection (LogUtils.java:infoOrTrace(137)) -   Exception 1: java.util.concurrent.ExecutionException: org.apache.ratis.thirdparty.io.grpc.StatusRuntimeException: UNAVAILABLE: io exception
2022-10-14 14:33:40,672 [org.apache.ratis.util.JvmPauseMonitor$$Lambda$519/1610556435@1db88dd2] INFO  util.JvmPauseMonitor (JvmPauseMonitor.java:run(103)) - JvmPauseMonitor-omNode-2: Started
2022-10-14 14:33:40,672 [omNode-1@group-6C22E66A003A-LeaderElection3] INFO  impl.LeaderElection (LeaderElection.java:askForVotes(312)) - omNode-1@group-6C22E66A003A-LeaderElection3 ELECTION round 0: result REJECTED
2022-10-14 14:33:40,672 [omNode-1@group-6C22E66A003A-LeaderElection3] INFO  server.RaftServer$Division (RaftServerImpl.java:setRole(299)) - omNode-1@group-6C22E66A003A: changes role from CANDIDATE to FOLLOWER at term 1 for REJECTED
2022-10-14 14:33:40,672 [omNode-1@group-6C22E66A003A-LeaderElection3] INFO  impl.RoleInfo (RoleInfo.java:shutdownLeaderElection(130)) - omNode-1: shutdown omNode-1@group-6C22E66A003A-LeaderElection3
2022-10-14 14:33:40,692 [Listener at 127.0.0.1/36349] INFO  http.BaseHttpServer (BaseHttpServer.java:newHttpServer2BuilderForOzone(213)) - Starting Web-server for ozoneManager at: http://0.0.0.0:38729
2022-10-14 14:33:40,692 [Listener at 127.0.0.1/36349] INFO  http.BaseHttpServer (BaseHttpServer.java:<init>(108)) - Hadoop Security Enabled: false Ozone Security Enabled: false Ozone HTTP Security Enabled: false 
2022-10-14 14:33:40,693 [Listener at 127.0.0.1/36349] WARN  server.AuthenticationFilter (AuthenticationFilter.java:constructSecretProvider(240)) - Unable to initialize FileSignerSecretProvider, falling back to use random secrets. Reason: Could not read signature secret file: /home/runner/hadoop-http-auth-signature-secret
2022-10-14 14:33:40,700 [omNode-1@group-6C22E66A003A-LeaderElection3] INFO  impl.RoleInfo (RoleInfo.java:updateAndGet(139)) - omNode-1: start omNode-1@group-6C22E66A003A-FollowerState
2022-10-14 14:33:40,701 [Listener at 127.0.0.1/36349] WARN  http.HttpRequestLog (HttpRequestLog.java:getRequestLog(103)) - Jetty request log can only be enabled using Log4j
2022-10-14 14:33:40,703 [Listener at 127.0.0.1/36349] INFO  http.HttpServer2 (HttpServer2.java:addGlobalFilter(1031)) - Added global filter 'safety' (class=org.apache.hadoop.hdds.server.http.HttpServer2$QuotingInputFilter)
2022-10-14 14:33:40,704 [Listener at 127.0.0.1/36349] INFO  http.HttpServer2 (HttpServer2.java:addFilter(1007)) - Added filter static_user_filter (class=org.apache.hadoop.http.lib.StaticUserWebFilter$StaticUserFilter) to context ozoneManager
2022-10-14 14:33:40,705 [Listener at 127.0.0.1/36349] INFO  http.HttpServer2 (HttpServer2.java:addFilter(1015)) - Added filter static_user_filter (class=org.apache.hadoop.http.lib.StaticUserWebFilter$StaticUserFilter) to context logs
2022-10-14 14:33:40,705 [Listener at 127.0.0.1/36349] INFO  http.HttpServer2 (HttpServer2.java:addFilter(1015)) - Added filter static_user_filter (class=org.apache.hadoop.http.lib.StaticUserWebFilter$StaticUserFilter) to context static
2022-10-14 14:33:40,707 [Listener at 127.0.0.1/36349] INFO  http.HttpServer2 (HttpServer2.java:bindListener(1250)) - Jetty bound to port 38729
2022-10-14 14:33:40,707 [Listener at 127.0.0.1/36349] INFO  server.Server (Server.java:doStart(375)) - jetty-9.4.43.v20210629; built: 2021-06-30T11:07:22.254Z; git: 526006ecfa3af7f1a27ef3a288e2bef7ea9dd7e8; jvm 1.8.0_345-b01
2022-10-14 14:33:40,710 [Listener at 127.0.0.1/36349] INFO  server.session (DefaultSessionIdManager.java:doStart(334)) - DefaultSessionIdManager workerName=node0
2022-10-14 14:33:40,711 [Listener at 127.0.0.1/36349] INFO  server.session (DefaultSessionIdManager.java:doStart(339)) - No SessionScavenger set, using defaults
2022-10-14 14:33:40,711 [Listener at 127.0.0.1/36349] INFO  server.session (HouseKeeper.java:startScavenging(132)) - node0 Scavenging every 600000ms
2022-10-14 14:33:40,711 [Listener at 127.0.0.1/36349] INFO  handler.ContextHandler (ContextHandler.java:doStart(915)) - Started o.e.j.s.ServletContextHandler@287189b0{logs,/logs,file:///home/runner/work/ozone/ozone/hadoop-ozone/integration-test/target/log,AVAILABLE}
2022-10-14 14:33:40,712 [Listener at 127.0.0.1/36349] INFO  handler.ContextHandler (ContextHandler.java:doStart(915)) - Started o.e.j.s.ServletContextHandler@37af3018{static,/static,file:///home/runner/work/ozone/ozone/hadoop-ozone/integration-test/target/test-classes/webapps/static,AVAILABLE}
2022-10-14 14:33:40,715 [Listener at 127.0.0.1/36349] INFO  handler.ContextHandler (ContextHandler.java:doStart(915)) - Started o.e.j.w.WebAppContext@196d0784{ozoneManager,/,file:///home/runner/work/ozone/ozone/hadoop-ozone/integration-test/target/test-classes/webapps/ozoneManager/,AVAILABLE}{file:/home/runner/work/ozone/ozone/hadoop-ozone/integration-test/target/test-classes/webapps/ozoneManager}
2022-10-14 14:33:40,728 [Listener at 127.0.0.1/36349] INFO  server.AbstractConnector (AbstractConnector.java:doStart(331)) - Started ServerConnector@65112a51{HTTP/1.1, (http/1.1)}{0.0.0.0:38729}
2022-10-14 14:33:40,728 [Listener at 127.0.0.1/36349] INFO  server.Server (Server.java:doStart(415)) - Started @21505ms
2022-10-14 14:33:40,728 [Listener at 127.0.0.1/36349] WARN  impl.MetricsSystemImpl (MetricsSystemImpl.java:register(279)) - Sink prometheus already exists!
2022-10-14 14:33:40,729 [Listener at 127.0.0.1/36349] INFO  http.BaseHttpServer (BaseHttpServer.java:updateConnectorAddress(333)) - HTTP server of ozoneManager listening at http://0.0.0.0:38729
2022-10-14 14:33:40,729 [IPC Server Responder] INFO  ipc.Server (Server.java:run(1512)) - IPC Server Responder: starting
2022-10-14 14:33:40,730 [IPC Server listener on 36349] INFO  ipc.Server (Server.java:run(1352)) - IPC Server listener on 36349: starting
2022-10-14 14:33:40,731 [Listener at 127.0.0.1/36349] INFO  om.OzoneManager (OzoneManager.java:startTrashEmptier(1920)) - Trash Interval set to 0. Files deleted won't move to trash
2022-10-14 14:33:40,732 [Listener at 127.0.0.1/36349] INFO  ozone.MiniOzoneHAClusterImpl (MiniOzoneHAClusterImpl.java:createOMService(527)) - Started OzoneManager omNode-2 RPC server at localhost/127.0.0.1:36349
2022-10-14 14:33:40,732 [Listener at 127.0.0.1/36349] INFO  ha.OMHANodeDetails (OMHANodeDetails.java:loadOMHAConfig(121)) - ServiceID for OzoneManager is omServiceId1
2022-10-14 14:33:40,733 [Listener at 127.0.0.1/36349] INFO  ha.OMHANodeDetails (OMHANodeDetails.java:loadOMHAConfig(201)) - Found matching OM address with OMServiceId: omServiceId1, OMNodeId: omNode-3, RPC Address: localhost:41295 and Ratis port: 34495
2022-10-14 14:33:40,733 [Listener at 127.0.0.1/36349] INFO  ha.OMHANodeDetails (ConfUtils.java:setNodeSpecificConfigs(97)) - Setting configuration key ozone.om.http-address with value of key ozone.om.http-address.omServiceId1.omNode-3: 127.0.0.1:33051
2022-10-14 14:33:40,733 [Listener at 127.0.0.1/36349] INFO  ha.OMHANodeDetails (ConfUtils.java:setNodeSpecificConfigs(97)) - Setting configuration key ozone.om.https-address with value of key ozone.om.https-address.omServiceId1.omNode-3: 127.0.0.1:44873
2022-10-14 14:33:40,733 [Listener at 127.0.0.1/36349] INFO  ha.OMHANodeDetails (ConfUtils.java:setNodeSpecificConfigs(97)) - Setting configuration key ozone.om.address with value of key ozone.om.address.omServiceId1.omNode-3: 127.0.0.1:41295
2022-10-14 14:33:40,733 [Listener at 127.0.0.1/36349] WARN  server.ServerUtils (ServerUtils.java:getDBPath(225)) - ozone.om.db.dirs is not configured. We recommend adding this setting. Falling back to ozone.metadata.dirs instead.
2022-10-14 14:33:40,734 [Listener at 127.0.0.1/36349] INFO  ha.SCMNodeInfo (SCMNodeInfo.java:getPort(197)) - ConfigKey ozone.scm.client.address is deprecated, For configuring different ports for each SCM use PortConfigKey ozone.scm.client.port appended with serviceId and nodeId
2022-10-14 14:33:40,734 [Listener at 127.0.0.1/36349] INFO  ha.SCMNodeInfo (SCMNodeInfo.java:getPort(197)) - ConfigKey ozone.scm.block.client.address is deprecated, For configuring different ports for each SCM use PortConfigKey ozone.scm.block.client.port appended with serviceId and nodeId
2022-10-14 14:33:40,735 [Listener at 127.0.0.1/36349] INFO  ha.SCMNodeInfo (SCMNodeInfo.java:getPort(197)) - ConfigKey ozone.scm.datanode.address is deprecated, For configuring different ports for each SCM use PortConfigKey ozone.scm.datanode.port appended with serviceId and nodeId
2022-10-14 14:33:40,735 [Listener at 127.0.0.1/36349] INFO  ha.SCMNodeInfo (SCMNodeInfo.java:getPort(197)) - ConfigKey ozone.scm.client.address is deprecated, For configuring different ports for each SCM use PortConfigKey ozone.scm.client.port appended with serviceId and nodeId
2022-10-14 14:33:40,735 [Listener at 127.0.0.1/36349] INFO  ha.SCMNodeInfo (SCMNodeInfo.java:getPort(197)) - ConfigKey ozone.scm.block.client.address is deprecated, For configuring different ports for each SCM use PortConfigKey ozone.scm.block.client.port appended with serviceId and nodeId
2022-10-14 14:33:40,735 [Listener at 127.0.0.1/36349] INFO  ha.SCMNodeInfo (SCMNodeInfo.java:getPort(197)) - ConfigKey ozone.scm.datanode.address is deprecated, For configuring different ports for each SCM use PortConfigKey ozone.scm.datanode.port appended with serviceId and nodeId
2022-10-14 14:33:40,735 [Listener at 127.0.0.1/36349] INFO  ha.SCMNodeInfo (SCMNodeInfo.java:getPort(197)) - ConfigKey ozone.scm.client.address is deprecated, For configuring different ports for each SCM use PortConfigKey ozone.scm.client.port appended with serviceId and nodeId
2022-10-14 14:33:40,735 [Listener at 127.0.0.1/36349] INFO  ha.SCMNodeInfo (SCMNodeInfo.java:getPort(197)) - ConfigKey ozone.scm.block.client.address is deprecated, For configuring different ports for each SCM use PortConfigKey ozone.scm.block.client.port appended with serviceId and nodeId
2022-10-14 14:33:40,735 [Listener at 127.0.0.1/36349] INFO  ha.SCMNodeInfo (SCMNodeInfo.java:getPort(197)) - ConfigKey ozone.scm.datanode.address is deprecated, For configuring different ports for each SCM use PortConfigKey ozone.scm.datanode.port appended with serviceId and nodeId
2022-10-14 14:33:40,735 [Listener at 127.0.0.1/36349] INFO  proxy.SCMBlockLocationFailoverProxyProvider (SCMBlockLocationFailoverProxyProvider.java:<init>(114)) - Created block location fail-over proxy with 3 nodes: [nodeId=scmNode-2,nodeAddress=/127.0.0.1:40511, nodeId=scmNode-3,nodeAddress=/127.0.0.1:40903, nodeId=scmNode-1,nodeAddress=/127.0.0.1:41611]
2022-10-14 14:33:40,749 [org.apache.hadoop.util.JvmPauseMonitor$Monitor@459ae619] INFO  util.JvmPauseMonitor (JvmPauseMonitor.java:run(188)) - Starting JVM pause monitor
OM initialization succeeded.Current cluster id for sd=/home/runner/work/ozone/ozone/hadoop-ozone/integration-test/target/test-dir/MiniOzoneClusterImpl-d3474758-561c-4776-8c9d-79a83af4ab20/omNode-3/om;cid=d3474758-561c-4776-8c9d-79a83af4ab20;layoutVersion=3
2022-10-14 14:33:40,762 [Listener at 127.0.0.1/36349] INFO  ha.OMHANodeDetails (OMHANodeDetails.java:loadOMHAConfig(121)) - ServiceID for OzoneManager is omServiceId1
2022-10-14 14:33:40,763 [Listener at 127.0.0.1/36349] INFO  ha.OMHANodeDetails (OMHANodeDetails.java:loadOMHAConfig(201)) - Found matching OM address with OMServiceId: omServiceId1, OMNodeId: omNode-3, RPC Address: localhost:41295 and Ratis port: 34495
2022-10-14 14:33:40,763 [Listener at 127.0.0.1/36349] INFO  ha.OMHANodeDetails (ConfUtils.java:setNodeSpecificConfigs(97)) - Setting configuration key ozone.om.http-address with value of key ozone.om.http-address.omServiceId1.omNode-3: 127.0.0.1:33051
2022-10-14 14:33:40,763 [Listener at 127.0.0.1/36349] INFO  ha.OMHANodeDetails (ConfUtils.java:setNodeSpecificConfigs(97)) - Setting configuration key ozone.om.https-address with value of key ozone.om.https-address.omServiceId1.omNode-3: 127.0.0.1:44873
2022-10-14 14:33:40,763 [Listener at 127.0.0.1/36349] INFO  ha.OMHANodeDetails (ConfUtils.java:setNodeSpecificConfigs(97)) - Setting configuration key ozone.om.address with value of key ozone.om.address.omServiceId1.omNode-3: 127.0.0.1:41295
2022-10-14 14:33:40,763 [Listener at 127.0.0.1/36349] WARN  server.ServerUtils (ServerUtils.java:getDBPath(225)) - ozone.om.db.dirs is not configured. We recommend adding this setting. Falling back to ozone.metadata.dirs instead.
2022-10-14 14:33:40,763 [Listener at 127.0.0.1/36349] INFO  upgrade.AbstractLayoutVersionManager (AbstractLayoutVersionManager.java:init(83)) - Initializing Layout version manager with metadata layout = MULTITENANCY_SCHEMA (version = 3), software layout = MULTITENANCY_SCHEMA (version = 3)
2022-10-14 14:33:40,836 [Listener at 127.0.0.1/36349] INFO  reflections.Reflections (Reflections.java:scan(232)) - Reflections took 72 ms to scan 2 urls, producing 154 keys and 428 values [using 2 cores]
2022-10-14 14:33:40,836 [Listener at 127.0.0.1/36349] INFO  upgrade.OMLayoutVersionManager (OMLayoutVersionManager.java:lambda$0(115)) - Skipping Upgrade Action MockOmUpgradeAction since it has been finalized.
2022-10-14 14:33:40,837 [Listener at 127.0.0.1/36349] WARN  server.ServerUtils (ServerUtils.java:getDBPath(225)) - ozone.om.db.dirs is not configured. We recommend adding this setting. Falling back to ozone.metadata.dirs instead.
2022-10-14 14:33:40,837 [Listener at 127.0.0.1/36349] INFO  ha.SCMNodeInfo (SCMNodeInfo.java:getPort(197)) - ConfigKey ozone.scm.client.address is deprecated, For configuring different ports for each SCM use PortConfigKey ozone.scm.client.port appended with serviceId and nodeId
2022-10-14 14:33:40,837 [Listener at 127.0.0.1/36349] INFO  ha.SCMNodeInfo (SCMNodeInfo.java:getPort(197)) - ConfigKey ozone.scm.block.client.address is deprecated, For configuring different ports for each SCM use PortConfigKey ozone.scm.block.client.port appended with serviceId and nodeId
2022-10-14 14:33:40,837 [Listener at 127.0.0.1/36349] INFO  ha.SCMNodeInfo (SCMNodeInfo.java:getPort(197)) - ConfigKey ozone.scm.datanode.address is deprecated, For configuring different ports for each SCM use PortConfigKey ozone.scm.datanode.port appended with serviceId and nodeId
2022-10-14 14:33:40,837 [Listener at 127.0.0.1/36349] INFO  ha.SCMNodeInfo (SCMNodeInfo.java:getPort(197)) - ConfigKey ozone.scm.client.address is deprecated, For configuring different ports for each SCM use PortConfigKey ozone.scm.client.port appended with serviceId and nodeId
2022-10-14 14:33:40,837 [Listener at 127.0.0.1/36349] INFO  ha.SCMNodeInfo (SCMNodeInfo.java:getPort(197)) - ConfigKey ozone.scm.block.client.address is deprecated, For configuring different ports for each SCM use PortConfigKey ozone.scm.block.client.port appended with serviceId and nodeId
2022-10-14 14:33:40,837 [Listener at 127.0.0.1/36349] INFO  ha.SCMNodeInfo (SCMNodeInfo.java:getPort(197)) - ConfigKey ozone.scm.datanode.address is deprecated, For configuring different ports for each SCM use PortConfigKey ozone.scm.datanode.port appended with serviceId and nodeId
2022-10-14 14:33:40,838 [Listener at 127.0.0.1/36349] INFO  ha.SCMNodeInfo (SCMNodeInfo.java:getPort(197)) - ConfigKey ozone.scm.client.address is deprecated, For configuring different ports for each SCM use PortConfigKey ozone.scm.client.port appended with serviceId and nodeId
2022-10-14 14:33:40,838 [Listener at 127.0.0.1/36349] INFO  ha.SCMNodeInfo (SCMNodeInfo.java:getPort(197)) - ConfigKey ozone.scm.block.client.address is deprecated, For configuring different ports for each SCM use PortConfigKey ozone.scm.block.client.port appended with serviceId and nodeId
2022-10-14 14:33:40,838 [Listener at 127.0.0.1/36349] INFO  ha.SCMNodeInfo (SCMNodeInfo.java:getPort(197)) - ConfigKey ozone.scm.datanode.address is deprecated, For configuring different ports for each SCM use PortConfigKey ozone.scm.datanode.port appended with serviceId and nodeId
2022-10-14 14:33:40,838 [Listener at 127.0.0.1/36349] INFO  ha.SCMNodeInfo (SCMNodeInfo.java:getPort(197)) - ConfigKey ozone.scm.client.address is deprecated, For configuring different ports for each SCM use PortConfigKey ozone.scm.client.port appended with serviceId and nodeId
2022-10-14 14:33:40,838 [Listener at 127.0.0.1/36349] INFO  ha.SCMNodeInfo (SCMNodeInfo.java:getPort(197)) - ConfigKey ozone.scm.block.client.address is deprecated, For configuring different ports for each SCM use PortConfigKey ozone.scm.block.client.port appended with serviceId and nodeId
2022-10-14 14:33:40,838 [Listener at 127.0.0.1/36349] INFO  ha.SCMNodeInfo (SCMNodeInfo.java:getPort(197)) - ConfigKey ozone.scm.datanode.address is deprecated, For configuring different ports for each SCM use PortConfigKey ozone.scm.datanode.port appended with serviceId and nodeId
2022-10-14 14:33:40,838 [Listener at 127.0.0.1/36349] INFO  ha.SCMNodeInfo (SCMNodeInfo.java:getPort(197)) - ConfigKey ozone.scm.client.address is deprecated, For configuring different ports for each SCM use PortConfigKey ozone.scm.client.port appended with serviceId and nodeId
2022-10-14 14:33:40,838 [Listener at 127.0.0.1/36349] INFO  ha.SCMNodeInfo (SCMNodeInfo.java:getPort(197)) - ConfigKey ozone.scm.block.client.address is deprecated, For configuring different ports for each SCM use PortConfigKey ozone.scm.block.client.port appended with serviceId and nodeId
2022-10-14 14:33:40,838 [Listener at 127.0.0.1/36349] INFO  ha.SCMNodeInfo (SCMNodeInfo.java:getPort(197)) - ConfigKey ozone.scm.datanode.address is deprecated, For configuring different ports for each SCM use PortConfigKey ozone.scm.datanode.port appended with serviceId and nodeId
2022-10-14 14:33:40,838 [Listener at 127.0.0.1/36349] INFO  ha.SCMNodeInfo (SCMNodeInfo.java:getPort(197)) - ConfigKey ozone.scm.client.address is deprecated, For configuring different ports for each SCM use PortConfigKey ozone.scm.client.port appended with serviceId and nodeId
2022-10-14 14:33:40,838 [Listener at 127.0.0.1/36349] INFO  ha.SCMNodeInfo (SCMNodeInfo.java:getPort(197)) - ConfigKey ozone.scm.block.client.address is deprecated, For configuring different ports for each SCM use PortConfigKey ozone.scm.block.client.port appended with serviceId and nodeId
2022-10-14 14:33:40,839 [Listener at 127.0.0.1/36349] INFO  ha.SCMNodeInfo (SCMNodeInfo.java:getPort(197)) - ConfigKey ozone.scm.datanode.address is deprecated, For configuring different ports for each SCM use PortConfigKey ozone.scm.datanode.port appended with serviceId and nodeId
2022-10-14 14:33:40,839 [Listener at 127.0.0.1/36349] INFO  proxy.SCMBlockLocationFailoverProxyProvider (SCMBlockLocationFailoverProxyProvider.java:<init>(114)) - Created block location fail-over proxy with 3 nodes: [nodeId=scmNode-2,nodeAddress=/127.0.0.1:40511, nodeId=scmNode-3,nodeAddress=/127.0.0.1:40903, nodeId=scmNode-1,nodeAddress=/127.0.0.1:41611]
2022-10-14 14:33:40,840 [Listener at 127.0.0.1/36349] INFO  ha.SCMNodeInfo (SCMNodeInfo.java:getPort(197)) - ConfigKey ozone.scm.client.address is deprecated, For configuring different ports for each SCM use PortConfigKey ozone.scm.client.port appended with serviceId and nodeId
2022-10-14 14:33:40,840 [Listener at 127.0.0.1/36349] INFO  ha.SCMNodeInfo (SCMNodeInfo.java:getPort(197)) - ConfigKey ozone.scm.block.client.address is deprecated, For configuring different ports for each SCM use PortConfigKey ozone.scm.block.client.port appended with serviceId and nodeId
2022-10-14 14:33:40,841 [Listener at 127.0.0.1/36349] INFO  ha.SCMNodeInfo (SCMNodeInfo.java:getPort(197)) - ConfigKey ozone.scm.datanode.address is deprecated, For configuring different ports for each SCM use PortConfigKey ozone.scm.datanode.port appended with serviceId and nodeId
2022-10-14 14:33:40,841 [Listener at 127.0.0.1/36349] INFO  ha.SCMNodeInfo (SCMNodeInfo.java:getPort(197)) - ConfigKey ozone.scm.client.address is deprecated, For configuring different ports for each SCM use PortConfigKey ozone.scm.client.port appended with serviceId and nodeId
2022-10-14 14:33:40,841 [Listener at 127.0.0.1/36349] INFO  ha.SCMNodeInfo (SCMNodeInfo.java:getPort(197)) - ConfigKey ozone.scm.block.client.address is deprecated, For configuring different ports for each SCM use PortConfigKey ozone.scm.block.client.port appended with serviceId and nodeId
2022-10-14 14:33:40,841 [Listener at 127.0.0.1/36349] INFO  ha.SCMNodeInfo (SCMNodeInfo.java:getPort(197)) - ConfigKey ozone.scm.datanode.address is deprecated, For configuring different ports for each SCM use PortConfigKey ozone.scm.datanode.port appended with serviceId and nodeId
2022-10-14 14:33:40,841 [Listener at 127.0.0.1/36349] INFO  ha.SCMNodeInfo (SCMNodeInfo.java:getPort(197)) - ConfigKey ozone.scm.client.address is deprecated, For configuring different ports for each SCM use PortConfigKey ozone.scm.client.port appended with serviceId and nodeId
2022-10-14 14:33:40,841 [Listener at 127.0.0.1/36349] INFO  ha.SCMNodeInfo (SCMNodeInfo.java:getPort(197)) - ConfigKey ozone.scm.block.client.address is deprecated, For configuring different ports for each SCM use PortConfigKey ozone.scm.block.client.port appended with serviceId and nodeId
2022-10-14 14:33:40,841 [Listener at 127.0.0.1/36349] INFO  ha.SCMNodeInfo (SCMNodeInfo.java:getPort(197)) - ConfigKey ozone.scm.datanode.address is deprecated, For configuring different ports for each SCM use PortConfigKey ozone.scm.datanode.port appended with serviceId and nodeId
2022-10-14 14:33:40,841 [Listener at 127.0.0.1/36349] INFO  proxy.SCMBlockLocationFailoverProxyProvider (SCMBlockLocationFailoverProxyProvider.java:<init>(114)) - Created block location fail-over proxy with 3 nodes: [nodeId=scmNode-2,nodeAddress=/127.0.0.1:40511, nodeId=scmNode-3,nodeAddress=/127.0.0.1:40903, nodeId=scmNode-1,nodeAddress=/127.0.0.1:41611]
2022-10-14 14:33:40,856 [Listener at 127.0.0.1/36349] WARN  server.ServerUtils (ServerUtils.java:getDBPath(225)) - ozone.om.db.dirs is not configured. We recommend adding this setting. Falling back to ozone.metadata.dirs instead.
2022-10-14 14:33:40,856 [Listener at 127.0.0.1/36349] INFO  codec.OmKeyInfoCodec (OmKeyInfoCodec.java:<init>(49)) - OmKeyInfoCodec ignorePipeline = true
2022-10-14 14:33:40,856 [Listener at 127.0.0.1/36349] INFO  codec.RepeatedOmKeyInfoCodec (RepeatedOmKeyInfoCodec.java:<init>(41)) - RepeatedOmKeyInfoCodec ignorePipeline = true
2022-10-14 14:33:41,117 [Listener at 127.0.0.1/36349] INFO  om.OzoneManager (OzoneManager.java:instantiateServices(712)) - S3 Multi-Tenancy is disabled
2022-10-14 14:33:41,121 [Listener at 127.0.0.1/36349] INFO  om.OzoneManager (OzoneManager.java:addS3GVolumeToDB(4386)) - Created Volume s3v With Owner runner required for S3Gateway operations.
2022-10-14 14:33:41,122 [Listener at 127.0.0.1/36349] WARN  server.ServerUtils (ServerUtils.java:getDefaultRatisDirectory(237)) - Storage directory for Ratis is not configured. It is a good idea to map this to an SSD disk. Falling back to ozone.metadata.dirs
2022-10-14 14:33:41,122 [Listener at 127.0.0.1/36349] WARN  utils.OzoneManagerRatisUtils (OzoneManagerRatisUtils.java:getOMRatisSnapshotDirectory(434)) - ozone.om.ratis.snapshot.dir is not configured. Falling back to ozone.metadata.dirs config
2022-10-14 14:33:41,122 [Listener at 127.0.0.1/36349] INFO  snapshot.OzoneManagerSnapshotProvider (OzoneManagerSnapshotProvider.java:<init>(76)) - Initializing OM Snapshot Provider
2022-10-14 14:33:41,125 [Listener at 127.0.0.1/36349] WARN  impl.MetricRegistriesImpl (MetricRegistriesImpl.java:addReporterRegistration(111)) - New reporters are added after registries were created. Some metrics will be missing from the reporter. Please add reporter before adding any new registry.
2022-10-14 14:33:41,125 [Listener at 127.0.0.1/36349] WARN  impl.MetricRegistriesImpl (MetricRegistriesImpl.java:addReporterRegistration(111)) - New reporters are added after registries were created. Some metrics will be missing from the reporter. Please add reporter before adding any new registry.
2022-10-14 14:33:41,125 [Listener at 127.0.0.1/36349] WARN  server.ServerUtils (ServerUtils.java:getDefaultRatisDirectory(237)) - Storage directory for Ratis is not configured. It is a good idea to map this to an SSD disk. Falling back to ozone.metadata.dirs
2022-10-14 14:33:41,126 [Listener at 127.0.0.1/36349] INFO  ratis.OzoneManagerRatisServer (OzoneManagerRatisServer.java:<init>(160)) - Instantiating OM Ratis server with groupID: omServiceId1 and peers: localhost:34495, localhost:39741, localhost:42271
2022-10-14 14:33:41,126 [Listener at 127.0.0.1/36349] INFO  ratis.OzoneManagerStateMachine (OzoneManagerStateMachine.java:loadSnapshotInfoFromDB(632)) - LastAppliedIndex is set from TransactionInfo from OM DB as (t:0, i:~)
2022-10-14 14:33:41,127 [Listener at 127.0.0.1/36349] INFO  server.RaftServer (ConfUtils.java:logGet(46)) - raft.rpc.type = GRPC (default)
2022-10-14 14:33:41,127 [Listener at 127.0.0.1/36349] INFO  grpc.GrpcFactory (GrpcFactory.java:checkPooledByteBufAllocatorUseCacheForAllThreads(48)) - PERFORMANCE WARNING: useCacheForAllThreads is true that may cause Netty to create a lot garbage objects and, as a result, trigger GC.
	It is recommended to disable useCacheForAllThreads by setting -Dorg.apache.ratis.thirdparty.io.netty.allocator.useCacheForAllThreads=false in command line.
2022-10-14 14:33:41,127 [Listener at 127.0.0.1/36349] INFO  grpc.GrpcConfigKeys (ConfUtils.java:logGet(46)) - raft.grpc.admin.port = -1 (default)
2022-10-14 14:33:41,127 [Listener at 127.0.0.1/36349] INFO  grpc.GrpcConfigKeys (ConfUtils.java:logGet(46)) - raft.grpc.server.port = 34495 (custom)
2022-10-14 14:33:41,127 [Listener at 127.0.0.1/36349] INFO  grpc.GrpcConfigKeys (ConfUtils.java:logGet(46)) - raft.grpc.client.port = -1 (default)
2022-10-14 14:33:41,127 [Listener at 127.0.0.1/36349] INFO  grpc.GrpcConfigKeys (ConfUtils.java:logGet(46)) - raft.grpc.server.port = 34495 (custom)
2022-10-14 14:33:41,127 [Listener at 127.0.0.1/36349] INFO  grpc.GrpcConfigKeys (ConfUtils.java:logGet(46)) - raft.grpc.server.port = 34495 (custom)
2022-10-14 14:33:41,127 [Listener at 127.0.0.1/36349] INFO  server.GrpcService (ConfUtils.java:logGet(46)) - raft.grpc.message.size.max = 33554432 (custom)
2022-10-14 14:33:41,127 [Listener at 127.0.0.1/36349] INFO  server.RaftServerConfigKeys (ConfUtils.java:logGet(46)) - raft.server.log.appender.buffer.byte-limit = 33554432 (custom)
2022-10-14 14:33:41,127 [Listener at 127.0.0.1/36349] INFO  server.GrpcService (ConfUtils.java:logGet(46)) - raft.grpc.flow.control.window = 1MB (=1048576) (default)
2022-10-14 14:33:41,127 [Listener at 127.0.0.1/36349] INFO  server.RaftServerConfigKeys (ConfUtils.java:logGet(46)) - raft.server.rpc.request.timeout = 3000ms (default)
2022-10-14 14:33:41,127 [Listener at 127.0.0.1/36349] INFO  grpc.GrpcConfigKeys (ConfUtils.java:logGet(46)) - raft.grpc.server.async.request.thread.pool.cached = true (default)
2022-10-14 14:33:41,128 [Listener at 127.0.0.1/36349] INFO  grpc.GrpcConfigKeys (ConfUtils.java:logGet(46)) - raft.grpc.server.async.request.thread.pool.size = 32 (default)
2022-10-14 14:33:41,129 [Listener at 127.0.0.1/36349] INFO  impl.DataStreamServerImpl (ConfUtils.java:logGet(46)) - raft.datastream.type = DISABLED (default)
2022-10-14 14:33:41,129 [Listener at 127.0.0.1/36349] INFO  server.RaftServerConfigKeys (ConfUtils.java:logGet(46)) - raft.server.threadpool.proxy.cached = true (default)
2022-10-14 14:33:41,129 [Listener at 127.0.0.1/36349] INFO  server.RaftServerConfigKeys (ConfUtils.java:logGet(46)) - raft.server.threadpool.proxy.size = 0 (default)
2022-10-14 14:33:41,129 [Listener at 127.0.0.1/36349] INFO  server.RaftServerConfigKeys (ConfUtils.java:logGet(46)) - raft.server.rpc.slowness.timeout = 2s (custom)
2022-10-14 14:33:41,129 [Listener at 127.0.0.1/36349] INFO  server.RaftServerConfigKeys (ConfUtils.java:logGet(46)) - raft.server.leaderelection.leader.step-down.wait-time = 10s (default)
2022-10-14 14:33:41,129 [Listener at 127.0.0.1/36349] INFO  server.RaftServerConfigKeys (ConfUtils.java:logGet(46)) - raft.server.storage.dir = [/home/runner/work/ozone/ozone/hadoop-ozone/integration-test/target/test-dir/MiniOzoneClusterImpl-d3474758-561c-4776-8c9d-79a83af4ab20/omNode-3/ratis] (custom)
2022-10-14 14:33:41,130 [Listener at 127.0.0.1/36349] INFO  server.RaftServer (RaftServerProxy.java:addNew(96)) - omNode-3: addNew group-6C22E66A003A:[omNode-3|rpc:localhost:34495|priority:0, omNode-1|rpc:localhost:39741|priority:0, omNode-2|rpc:localhost:42271|priority:0] returns group-6C22E66A003A:java.util.concurrent.CompletableFuture@1ecce0a5[Not completed]
2022-10-14 14:33:41,130 [Listener at 127.0.0.1/36349] INFO  om.OzoneManager (OzoneManager.java:initializeRatisServer(1976)) - OzoneManager Ratis server initialized at port 34495
2022-10-14 14:33:41,131 [Listener at 127.0.0.1/36349] INFO  om.OzoneManager (OzoneManager.java:getRpcServer(1102)) - Creating RPC Server
2022-10-14 14:33:41,132 [pool-175-thread-1] INFO  server.RaftServer$Division (RaftServerImpl.java:<init>(190)) - omNode-3: new RaftServerImpl for group-6C22E66A003A:[omNode-3|rpc:localhost:34495|priority:0, omNode-1|rpc:localhost:39741|priority:0, omNode-2|rpc:localhost:42271|priority:0] with OzoneManagerStateMachine:uninitialized
2022-10-14 14:33:41,133 [pool-175-thread-1] INFO  server.RaftServerConfigKeys (ConfUtils.java:logGet(46)) - raft.server.rpc.timeout.min = 1s (custom)
2022-10-14 14:33:41,133 [pool-175-thread-1] INFO  server.RaftServerConfigKeys (ConfUtils.java:logGet(46)) - raft.server.rpc.timeout.max = 1200ms (custom)
2022-10-14 14:33:41,133 [pool-175-thread-1] INFO  server.RaftServerConfigKeys (ConfUtils.java:logGet(46)) - raft.server.rpc.sleep.time = 25ms (default)
2022-10-14 14:33:41,133 [pool-175-thread-1] INFO  server.RaftServerConfigKeys (ConfUtils.java:logGet(46)) - raft.server.rpc.slowness.timeout = 2s (custom)
2022-10-14 14:33:41,133 [pool-175-thread-1] INFO  server.RaftServerConfigKeys (ConfUtils.java:logGet(46)) - raft.server.leaderelection.leader.step-down.wait-time = 10s (default)
2022-10-14 14:33:41,133 [pool-175-thread-1] INFO  server.RaftServerConfigKeys (ConfUtils.java:logGet(46)) - raft.server.sleep.deviation.threshold = 300ms (default)
2022-10-14 14:33:41,133 [pool-175-thread-1] INFO  server.RaftServer$Division (ServerState.java:<init>(107)) - omNode-3@group-6C22E66A003A: ConfigurationManager, init=-1: [omNode-3|rpc:localhost:34495|priority:0, omNode-1|rpc:localhost:39741|priority:0, omNode-2|rpc:localhost:42271|priority:0], old=null, confs=<EMPTY_MAP>
2022-10-14 14:33:41,133 [pool-175-thread-1] INFO  server.RaftServerConfigKeys (ConfUtils.java:logGet(46)) - raft.server.storage.dir = [/home/runner/work/ozone/ozone/hadoop-ozone/integration-test/target/test-dir/MiniOzoneClusterImpl-d3474758-561c-4776-8c9d-79a83af4ab20/omNode-3/ratis] (custom)
2022-10-14 14:33:41,133 [pool-175-thread-1] INFO  server.RaftServerConfigKeys (ConfUtils.java:logGet(46)) - raft.server.log.corruption.policy = EXCEPTION (default)
2022-10-14 14:33:41,133 [pool-175-thread-1] INFO  server.RaftServerConfigKeys (ConfUtils.java:logGet(46)) - raft.server.storage.free-space.min = 0MB (=0) (default)
2022-10-14 14:33:41,133 [pool-175-thread-1] INFO  storage.RaftStorageDirectory (RaftStorageDirectoryImpl.java:analyzeStorage(135)) - The storage directory /home/runner/work/ozone/ozone/hadoop-ozone/integration-test/target/test-dir/MiniOzoneClusterImpl-d3474758-561c-4776-8c9d-79a83af4ab20/omNode-3/ratis/9c9825ce-8ba7-3ee6-a7c3-6c22e66a003a does not exist. Creating ...
2022-10-14 14:33:41,139 [pool-175-thread-1] INFO  storage.RaftStorageDirectory (RaftStorageDirectoryImpl.java:tryLock(230)) - Lock on /home/runner/work/ozone/ozone/hadoop-ozone/integration-test/target/test-dir/MiniOzoneClusterImpl-d3474758-561c-4776-8c9d-79a83af4ab20/omNode-3/ratis/9c9825ce-8ba7-3ee6-a7c3-6c22e66a003a/in_use.lock acquired by nodename 2882@fv-az318-86
2022-10-14 14:33:41,145 [pool-175-thread-1] INFO  storage.RaftStorage (RaftStorageImpl.java:format(89)) - Storage directory /home/runner/work/ozone/ozone/hadoop-ozone/integration-test/target/test-dir/MiniOzoneClusterImpl-d3474758-561c-4776-8c9d-79a83af4ab20/omNode-3/ratis/9c9825ce-8ba7-3ee6-a7c3-6c22e66a003a has been successfully formatted.
2022-10-14 14:33:41,145 [pool-175-thread-1] INFO  server.RaftServerConfigKeys (ConfUtils.java:logGet(46)) - raft.server.notification.no-leader.timeout = 2s (custom)
2022-10-14 14:33:41,145 [pool-175-thread-1] INFO  server.RaftServerConfigKeys (ConfUtils.java:logGet(46)) - raft.server.log.use.memory = false (default)
2022-10-14 14:33:41,145 [pool-175-thread-1] INFO  server.RaftServerConfigKeys (ConfUtils.java:logGet(46)) - raft.server.log.purge.gap = 1000000 (custom)
2022-10-14 14:33:41,145 [pool-175-thread-1] INFO  server.RaftServerConfigKeys (ConfUtils.java:logGet(46)) - raft.server.log.appender.buffer.byte-limit = 33554432 (custom)
2022-10-14 14:33:41,145 [pool-175-thread-1] INFO  server.RaftServerConfigKeys (ConfUtils.java:logGet(46)) - raft.server.log.statemachine.data.read.timeout = 1000ms (default)
2022-10-14 14:33:41,146 [pool-175-thread-1] INFO  server.RaftServerConfigKeys (ConfUtils.java:logGet(46)) - raft.server.log.segment.size.max = 4194304 (custom)
2022-10-14 14:33:41,146 [pool-175-thread-1] INFO  server.RaftServerConfigKeys (ConfUtils.java:logGet(46)) - raft.server.log.segment.cache.num.max = 2 (custom)
2022-10-14 14:33:41,146 [pool-175-thread-1] INFO  server.RaftServerConfigKeys (ConfUtils.java:logGet(46)) - raft.server.log.segment.cache.size.max = 200MB (=209715200) (default)
2022-10-14 14:33:41,146 [pool-175-thread-1] INFO  segmented.SegmentedRaftLogWorker (SegmentedRaftLogWorker.java:<init>(187)) - new omNode-3@group-6C22E66A003A-SegmentedRaftLogWorker for RaftStorageImpl:Storage Directory /home/runner/work/ozone/ozone/hadoop-ozone/integration-test/target/test-dir/MiniOzoneClusterImpl-d3474758-561c-4776-8c9d-79a83af4ab20/omNode-3/ratis/9c9825ce-8ba7-3ee6-a7c3-6c22e66a003a
2022-10-14 14:33:41,146 [pool-175-thread-1] INFO  server.RaftServerConfigKeys (ConfUtils.java:logGet(46)) - raft.server.log.queue.byte-limit = 64MB (=67108864) (default)
2022-10-14 14:33:41,146 [pool-175-thread-1] INFO  server.RaftServerConfigKeys (ConfUtils.java:logGet(46)) - raft.server.log.queue.element-limit = 4096 (default)
2022-10-14 14:33:41,146 [pool-175-thread-1] INFO  server.RaftServerConfigKeys (ConfUtils.java:logGet(46)) - raft.server.log.segment.size.max = 4194304 (custom)
2022-10-14 14:33:41,146 [pool-175-thread-1] INFO  server.RaftServerConfigKeys (ConfUtils.java:logGet(46)) - raft.server.log.preallocated.size = 4194304 (custom)
2022-10-14 14:33:41,146 [pool-175-thread-1] INFO  server.RaftServerConfigKeys (ConfUtils.java:logGet(46)) - raft.server.log.force.sync.num = 128 (default)
2022-10-14 14:33:41,147 [pool-175-thread-1] INFO  server.RaftServerConfigKeys (ConfUtils.java:logGet(46)) - raft.server.log.statemachine.data.sync = true (default)
2022-10-14 14:33:41,147 [pool-175-thread-1] INFO  server.RaftServerConfigKeys (ConfUtils.java:logGet(46)) - raft.server.log.statemachine.data.sync.timeout = 10s (default)
2022-10-14 14:33:41,147 [pool-175-thread-1] INFO  server.RaftServerConfigKeys (ConfUtils.java:logGet(46)) - raft.server.log.statemachine.data.sync.timeout.retry = -1 (default)
2022-10-14 14:33:41,151 [pool-175-thread-1] INFO  server.RaftServerConfigKeys (ConfUtils.java:logGet(46)) - raft.server.log.write.buffer.size = 64KB (=65536) (default)
2022-10-14 14:33:41,151 [pool-175-thread-1] INFO  server.RaftServerConfigKeys (ConfUtils.java:logGet(46)) - raft.server.log.unsafe-flush.enabled = false (default)
2022-10-14 14:33:41,151 [pool-175-thread-1] INFO  server.RaftServerConfigKeys (ConfUtils.java:logGet(46)) - raft.server.log.statemachine.data.caching.enabled = false (default)
2022-10-14 14:33:41,152 [pool-175-thread-1] INFO  segmented.SegmentedRaftLogWorker (SegmentedRaftLogWorker.java:lambda$new$0(135)) - omNode-3@group-6C22E66A003A-SegmentedRaftLogWorker: flushIndex: setUnconditionally 0 -> -1
2022-10-14 14:33:41,152 [pool-175-thread-1] INFO  segmented.SegmentedRaftLogWorker (SegmentedRaftLogWorker.java:lambda$new$0(135)) - omNode-3@group-6C22E66A003A-SegmentedRaftLogWorker: safeCacheEvictIndex: setUnconditionally 0 -> -1
2022-10-14 14:33:41,156 [pool-175-thread-1] INFO  server.RaftServerConfigKeys (ConfUtils.java:logGet(46)) - raft.server.snapshot.auto.trigger.enabled = true (custom)
2022-10-14 14:33:41,156 [pool-175-thread-1] INFO  server.RaftServerConfigKeys (ConfUtils.java:logGet(46)) - raft.server.snapshot.auto.trigger.threshold = 400000 (default)
2022-10-14 14:33:41,157 [pool-175-thread-1] INFO  server.RaftServerConfigKeys (ConfUtils.java:logGet(46)) - raft.server.snapshot.retention.file.num = -1 (default)
2022-10-14 14:33:41,157 [pool-175-thread-1] INFO  server.RaftServerConfigKeys (ConfUtils.java:logGet(46)) - raft.server.log.purge.upto.snapshot.index = true (custom)
2022-10-14 14:33:41,157 [pool-175-thread-1] INFO  server.RaftServerConfigKeys (ConfUtils.java:logGet(46)) - raft.server.retrycache.expirytime = 300s (custom)
2022-10-14 14:33:41,157 [pool-175-thread-1] INFO  server.RaftServerConfigKeys (ConfUtils.java:logGet(46)) - raft.server.retrycache.statistics.expirytime = 100μs (default)
2022-10-14 14:33:41,158 [pool-175-thread-1] INFO  server.RaftServerConfigKeys (ConfUtils.java:logGet(46)) - raft.server.log.appender.install.snapshot.enabled = false (custom)
2022-10-14 14:33:41,158 [pool-175-thread-1] INFO  server.RaftServerConfigKeys (ConfUtils.java:logGet(46)) - raft.server.threadpool.server.cached = true (default)
2022-10-14 14:33:41,158 [pool-175-thread-1] INFO  server.RaftServerConfigKeys (ConfUtils.java:logGet(46)) - raft.server.threadpool.server.size = 0 (default)
2022-10-14 14:33:41,158 [pool-175-thread-1] INFO  server.RaftServerConfigKeys (ConfUtils.java:logGet(46)) - raft.server.threadpool.client.cached = true (default)
2022-10-14 14:33:41,158 [pool-175-thread-1] INFO  server.RaftServerConfigKeys (ConfUtils.java:logGet(46)) - raft.server.threadpool.client.size = 0 (default)
2022-10-14 14:33:41,659 [Listener at 127.0.0.1/36349] INFO  reflections.Reflections (Reflections.java:scan(232)) - Reflections took 527 ms to scan 19 urls, producing 67 keys and 4232 values [using 2 cores]
2022-10-14 14:33:41,661 [Listener at 127.0.0.1/36349] INFO  ipc.CallQueueManager (CallQueueManager.java:<init>(90)) - Using callQueue: class java.util.concurrent.LinkedBlockingQueue, queueCapacity: 2000, scheduler: class org.apache.hadoop.ipc.DefaultRpcScheduler, ipcBackoff: false.
2022-10-14 14:33:41,662 [Socket Reader #1 for port 41295] INFO  ipc.Server (Server.java:run(1273)) - Starting Socket Reader #1 for port 41295
2022-10-14 14:33:41,684 [Listener at 127.0.0.1/41295] INFO  impl.MetricsSystemImpl (MetricsSystemImpl.java:init(158)) - OzoneManager metrics system started (again)
2022-10-14 14:33:41,696 [Listener at 127.0.0.1/41295] INFO  om.OzoneManager (OzoneManager.java:start(1483)) - OzoneManager RPC server is listening at localhost/127.0.0.1:41295
2022-10-14 14:33:41,696 [Listener at 127.0.0.1/41295] INFO  ratis.OzoneManagerRatisServer (OzoneManagerRatisServer.java:start(555)) - Starting OzoneManagerRatisServer omNode-3 at port 34495
2022-10-14 14:33:41,696 [omNode-3-impl-thread1] INFO  server.RaftServer$Division (RaftServerImpl.java:start(310)) - omNode-3@group-6C22E66A003A: start as a follower, conf=-1: [omNode-3|rpc:localhost:34495|priority:0, omNode-1|rpc:localhost:39741|priority:0, omNode-2|rpc:localhost:42271|priority:0], old=null
2022-10-14 14:33:41,696 [omNode-3-impl-thread1] INFO  server.RaftServer$Division (RaftServerImpl.java:setRole(299)) - omNode-3@group-6C22E66A003A: changes role from      null to FOLLOWER at term 0 for startAsFollower
2022-10-14 14:33:41,696 [omNode-3-impl-thread1] INFO  impl.RoleInfo (RoleInfo.java:updateAndGet(139)) - omNode-3: start omNode-3@group-6C22E66A003A-FollowerState
2022-10-14 14:33:41,697 [omNode-3-impl-thread1] INFO  util.JmxRegister (JmxRegister.java:tryRegister(44)) - Successfully registered JMX Bean with object name Ratis:service=RaftServer,group=group-6C22E66A003A,id=omNode-3
2022-10-14 14:33:41,700 [Listener at 127.0.0.1/41295] INFO  server.RaftServer (RaftServerProxy.java:lambda$start$6(382)) - omNode-3: start RPC server
2022-10-14 14:33:41,703 [Listener at 127.0.0.1/41295] INFO  server.GrpcService (GrpcService.java:startImpl(260)) - omNode-3: GrpcService started, listening on 34495
2022-10-14 14:33:41,704 [Listener at 127.0.0.1/41295] INFO  om.OzoneManager (OzoneManager.java:start(1499)) - Version File has different layout version (3) than OM DB (null). That is expected if this OM has never been finalized to a newer layout version.
2022-10-14 14:33:41,704 [org.apache.ratis.util.JvmPauseMonitor$$Lambda$519/1610556435@3ea0df88] INFO  util.JvmPauseMonitor (JvmPauseMonitor.java:run(103)) - JvmPauseMonitor-omNode-3: Started
2022-10-14 14:33:41,708 [Listener at 127.0.0.1/41295] INFO  http.BaseHttpServer (BaseHttpServer.java:newHttpServer2BuilderForOzone(213)) - Starting Web-server for ozoneManager at: http://0.0.0.0:33051
2022-10-14 14:33:41,709 [Listener at 127.0.0.1/41295] INFO  http.BaseHttpServer (BaseHttpServer.java:<init>(108)) - Hadoop Security Enabled: false Ozone Security Enabled: false Ozone HTTP Security Enabled: false 
2022-10-14 14:33:41,710 [Listener at 127.0.0.1/41295] WARN  server.AuthenticationFilter (AuthenticationFilter.java:constructSecretProvider(240)) - Unable to initialize FileSignerSecretProvider, falling back to use random secrets. Reason: Could not read signature secret file: /home/runner/hadoop-http-auth-signature-secret
2022-10-14 14:33:41,712 [Listener at 127.0.0.1/41295] WARN  http.HttpRequestLog (HttpRequestLog.java:getRequestLog(103)) - Jetty request log can only be enabled using Log4j
2022-10-14 14:33:41,717 [Listener at 127.0.0.1/41295] INFO  http.HttpServer2 (HttpServer2.java:addGlobalFilter(1031)) - Added global filter 'safety' (class=org.apache.hadoop.hdds.server.http.HttpServer2$QuotingInputFilter)
2022-10-14 14:33:41,724 [Listener at 127.0.0.1/41295] INFO  http.HttpServer2 (HttpServer2.java:addFilter(1007)) - Added filter static_user_filter (class=org.apache.hadoop.http.lib.StaticUserWebFilter$StaticUserFilter) to context ozoneManager
2022-10-14 14:33:41,725 [Listener at 127.0.0.1/41295] INFO  http.HttpServer2 (HttpServer2.java:addFilter(1015)) - Added filter static_user_filter (class=org.apache.hadoop.http.lib.StaticUserWebFilter$StaticUserFilter) to context logs
2022-10-14 14:33:41,725 [Listener at 127.0.0.1/41295] INFO  http.HttpServer2 (HttpServer2.java:addFilter(1015)) - Added filter static_user_filter (class=org.apache.hadoop.http.lib.StaticUserWebFilter$StaticUserFilter) to context static
2022-10-14 14:33:41,725 [Listener at 127.0.0.1/41295] INFO  http.HttpServer2 (HttpServer2.java:bindListener(1250)) - Jetty bound to port 33051
2022-10-14 14:33:41,725 [Listener at 127.0.0.1/41295] INFO  server.Server (Server.java:doStart(375)) - jetty-9.4.43.v20210629; built: 2021-06-30T11:07:22.254Z; git: 526006ecfa3af7f1a27ef3a288e2bef7ea9dd7e8; jvm 1.8.0_345-b01
2022-10-14 14:33:41,758 [Listener at 127.0.0.1/41295] INFO  server.session (DefaultSessionIdManager.java:doStart(334)) - DefaultSessionIdManager workerName=node0
2022-10-14 14:33:41,758 [Listener at 127.0.0.1/41295] INFO  server.session (DefaultSessionIdManager.java:doStart(339)) - No SessionScavenger set, using defaults
2022-10-14 14:33:41,758 [Listener at 127.0.0.1/41295] INFO  server.session (HouseKeeper.java:startScavenging(132)) - node0 Scavenging every 660000ms
2022-10-14 14:33:41,759 [Listener at 127.0.0.1/41295] INFO  handler.ContextHandler (ContextHandler.java:doStart(915)) - Started o.e.j.s.ServletContextHandler@11c41bdd{logs,/logs,file:///home/runner/work/ozone/ozone/hadoop-ozone/integration-test/target/log,AVAILABLE}
2022-10-14 14:33:41,759 [Listener at 127.0.0.1/41295] INFO  handler.ContextHandler (ContextHandler.java:doStart(915)) - Started o.e.j.s.ServletContextHandler@3b876d78{static,/static,file:///home/runner/work/ozone/ozone/hadoop-ozone/integration-test/target/test-classes/webapps/static,AVAILABLE}
2022-10-14 14:33:41,763 [Listener at 127.0.0.1/41295] INFO  handler.ContextHandler (ContextHandler.java:doStart(915)) - Started o.e.j.w.WebAppContext@1767e18d{ozoneManager,/,file:///home/runner/work/ozone/ozone/hadoop-ozone/integration-test/target/test-classes/webapps/ozoneManager/,AVAILABLE}{file:/home/runner/work/ozone/ozone/hadoop-ozone/integration-test/target/test-classes/webapps/ozoneManager}
2022-10-14 14:33:41,780 [Listener at 127.0.0.1/41295] INFO  server.AbstractConnector (AbstractConnector.java:doStart(331)) - Started ServerConnector@5eda9504{HTTP/1.1, (http/1.1)}{0.0.0.0:33051}
2022-10-14 14:33:41,780 [Listener at 127.0.0.1/41295] INFO  server.Server (Server.java:doStart(415)) - Started @22557ms
2022-10-14 14:33:41,780 [Listener at 127.0.0.1/41295] WARN  impl.MetricsSystemImpl (MetricsSystemImpl.java:register(279)) - Sink prometheus already exists!
2022-10-14 14:33:41,782 [Listener at 127.0.0.1/41295] INFO  http.BaseHttpServer (BaseHttpServer.java:updateConnectorAddress(333)) - HTTP server of ozoneManager listening at http://0.0.0.0:33051
2022-10-14 14:33:41,782 [IPC Server Responder] INFO  ipc.Server (Server.java:run(1512)) - IPC Server Responder: starting
2022-10-14 14:33:41,783 [IPC Server listener on 41295] INFO  ipc.Server (Server.java:run(1352)) - IPC Server listener on 41295: starting
2022-10-14 14:33:41,784 [Listener at 127.0.0.1/41295] INFO  om.OzoneManager (OzoneManager.java:startTrashEmptier(1920)) - Trash Interval set to 0. Files deleted won't move to trash
2022-10-14 14:33:41,798 [Listener at 127.0.0.1/41295] INFO  ozone.MiniOzoneHAClusterImpl (MiniOzoneHAClusterImpl.java:createOMService(527)) - Started OzoneManager omNode-3 RPC server at localhost/127.0.0.1:41295
2022-10-14 14:33:41,818 [org.apache.hadoop.util.JvmPauseMonitor$Monitor@2da9448a] INFO  util.JvmPauseMonitor (JvmPauseMonitor.java:run(188)) - Starting JVM pause monitor
2022-10-14 14:33:41,854 [omNode-2@group-6C22E66A003A-FollowerState] INFO  impl.FollowerState (FollowerState.java:run(143)) - omNode-2@group-6C22E66A003A-FollowerState: change to CANDIDATE, lastRpcElapsedTime:1202749758ns, electionTimeout:1189ms
2022-10-14 14:33:41,855 [omNode-2@group-6C22E66A003A-FollowerState] INFO  impl.RoleInfo (RoleInfo.java:shutdownFollowerState(110)) - omNode-2: shutdown omNode-2@group-6C22E66A003A-FollowerState
2022-10-14 14:33:41,855 [omNode-2@group-6C22E66A003A-FollowerState] INFO  server.RaftServer$Division (RaftServerImpl.java:setRole(299)) - omNode-2@group-6C22E66A003A: changes role from  FOLLOWER to CANDIDATE at term 0 for changeToCandidate
2022-10-14 14:33:41,855 [omNode-2@group-6C22E66A003A-FollowerState] INFO  server.RaftServerConfigKeys (ConfUtils.java:logGet(46)) - raft.server.leaderelection.pre-vote = false (custom)
2022-10-14 14:33:41,855 [omNode-2@group-6C22E66A003A-FollowerState] INFO  impl.RoleInfo (RoleInfo.java:updateAndGet(139)) - omNode-2: start omNode-2@group-6C22E66A003A-LeaderElection4
2022-10-14 14:33:41,861 [omNode-2@group-6C22E66A003A-LeaderElection4] INFO  impl.LeaderElection (LeaderElection.java:askForVotes(310)) - omNode-2@group-6C22E66A003A-LeaderElection4 ELECTION round 0: submit vote requests at term 1 for -1: [omNode-3|rpc:localhost:34495|priority:0, omNode-1|rpc:localhost:39741|priority:0, omNode-2|rpc:localhost:42271|priority:0], old=null
2022-10-14 14:33:41,882 [grpc-default-executor-0] INFO  server.RaftServer$Division (RaftServerImpl.java:requestVote(1152)) - omNode-3@group-6C22E66A003A: receive requestVote(ELECTION, omNode-2, group-6C22E66A003A, 1, (t:0, i:~))
2022-10-14 14:33:41,885 [grpc-default-executor-0] INFO  impl.VoteContext (VoteContext.java:log(48)) - omNode-3@group-6C22E66A003A-FOLLOWER: accept ELECTION from omNode-2: our priority 0 <= candidate's priority 0
2022-10-14 14:33:41,885 [grpc-default-executor-0] INFO  server.RaftServer$Division (RaftServerImpl.java:setRole(299)) - omNode-3@group-6C22E66A003A: changes role from  FOLLOWER to FOLLOWER at term 1 for candidate:omNode-2
2022-10-14 14:33:41,885 [grpc-default-executor-0] INFO  impl.RoleInfo (RoleInfo.java:shutdownFollowerState(110)) - omNode-3: shutdown omNode-3@group-6C22E66A003A-FollowerState
2022-10-14 14:33:41,885 [omNode-3@group-6C22E66A003A-FollowerState] INFO  impl.FollowerState (FollowerState.java:run(152)) - omNode-3@group-6C22E66A003A-FollowerState was interrupted
2022-10-14 14:33:41,885 [grpc-default-executor-0] INFO  impl.RoleInfo (RoleInfo.java:updateAndGet(139)) - omNode-3: start omNode-3@group-6C22E66A003A-FollowerState
2022-10-14 14:33:41,892 [grpc-default-executor-1] INFO  server.RaftServer$Division (RaftServerImpl.java:requestVote(1152)) - omNode-1@group-6C22E66A003A: receive requestVote(ELECTION, omNode-2, group-6C22E66A003A, 1, (t:0, i:~))
2022-10-14 14:33:41,892 [grpc-default-executor-1] INFO  impl.VoteContext (VoteContext.java:log(48)) - omNode-1@group-6C22E66A003A-FOLLOWER: reject ELECTION from omNode-2: already has voted for omNode-1 at current term 1
2022-10-14 14:33:41,893 [grpc-default-executor-1] INFO  server.RaftServer$Division (RaftServerImpl.java:requestVote(1184)) - omNode-1@group-6C22E66A003A replies to ELECTION vote request: omNode-2<-omNode-1#0:FAIL-t1. Peer's state: omNode-1@group-6C22E66A003A:t1, leader=null, voted=omNode-1, raftlog=omNode-1@group-6C22E66A003A-SegmentedRaftLog:OPENED:c-1, conf=-1: [omNode-3|rpc:localhost:34495|priority:0, omNode-1|rpc:localhost:39741|priority:0, omNode-2|rpc:localhost:42271|priority:0], old=null
2022-10-14 14:33:41,896 [grpc-default-executor-0] INFO  server.RaftServer$Division (RaftServerImpl.java:requestVote(1184)) - omNode-3@group-6C22E66A003A replies to ELECTION vote request: omNode-2<-omNode-3#0:OK-t1. Peer's state: omNode-3@group-6C22E66A003A:t1, leader=null, voted=omNode-2, raftlog=omNode-3@group-6C22E66A003A-SegmentedRaftLog:OPENED:c-1, conf=-1: [omNode-3|rpc:localhost:34495|priority:0, omNode-1|rpc:localhost:39741|priority:0, omNode-2|rpc:localhost:42271|priority:0], old=null
2022-10-14 14:33:41,899 [omNode-1@group-6C22E66A003A-FollowerState] INFO  impl.FollowerState (FollowerState.java:run(143)) - omNode-1@group-6C22E66A003A-FollowerState: change to CANDIDATE, lastRpcElapsedTime:1199135639ns, electionTimeout:1191ms
2022-10-14 14:33:41,899 [omNode-1@group-6C22E66A003A-FollowerState] INFO  impl.RoleInfo (RoleInfo.java:shutdownFollowerState(110)) - omNode-1: shutdown omNode-1@group-6C22E66A003A-FollowerState
2022-10-14 14:33:41,900 [omNode-1@group-6C22E66A003A-FollowerState] INFO  server.RaftServer$Division (RaftServerImpl.java:setRole(299)) - omNode-1@group-6C22E66A003A: changes role from  FOLLOWER to CANDIDATE at term 1 for changeToCandidate
2022-10-14 14:33:41,900 [omNode-1@group-6C22E66A003A-FollowerState] INFO  server.RaftServerConfigKeys (ConfUtils.java:logGet(46)) - raft.server.leaderelection.pre-vote = false (custom)
2022-10-14 14:33:41,900 [omNode-1@group-6C22E66A003A-FollowerState] INFO  impl.RoleInfo (RoleInfo.java:updateAndGet(139)) - omNode-1: start omNode-1@group-6C22E66A003A-LeaderElection5
2022-10-14 14:33:41,900 [omNode-2@group-6C22E66A003A-LeaderElection4] INFO  impl.LeaderElection (LeaderElection.java:logAndReturn(90)) - omNode-2@group-6C22E66A003A-LeaderElection4: ELECTION PASSED received 1 response(s) and 0 exception(s):
2022-10-14 14:33:41,900 [omNode-2@group-6C22E66A003A-LeaderElection4] INFO  impl.LeaderElection (LeaderElection.java:logAndReturn(94)) -   Response 0: omNode-2<-omNode-3#0:OK-t1
2022-10-14 14:33:41,901 [omNode-2@group-6C22E66A003A-LeaderElection4] INFO  impl.LeaderElection (LeaderElection.java:askForVotes(312)) - omNode-2@group-6C22E66A003A-LeaderElection4 ELECTION round 0: result PASSED
2022-10-14 14:33:41,901 [omNode-2@group-6C22E66A003A-LeaderElection4] INFO  impl.RoleInfo (RoleInfo.java:shutdownLeaderElection(130)) - omNode-2: shutdown omNode-2@group-6C22E66A003A-LeaderElection4
2022-10-14 14:33:41,901 [omNode-2@group-6C22E66A003A-LeaderElection4] INFO  server.RaftServer$Division (RaftServerImpl.java:setRole(299)) - omNode-2@group-6C22E66A003A: changes role from CANDIDATE to LEADER at term 1 for changeToLeader
2022-10-14 14:33:41,902 [omNode-2@group-6C22E66A003A-LeaderElection4] INFO  server.RaftServer$Division (ServerState.java:setLeader(287)) - omNode-2@group-6C22E66A003A: change Leader from null to omNode-2 at term 1 for becomeLeader, leader elected after 2007ms
2022-10-14 14:33:41,902 [omNode-2@group-6C22E66A003A-LeaderElection4] INFO  server.RaftServerConfigKeys (ConfUtils.java:logGet(46)) - raft.server.staging.catchup.gap = 1000 (default)
2022-10-14 14:33:41,902 [omNode-2@group-6C22E66A003A-LeaderElection4] INFO  server.RaftServerConfigKeys (ConfUtils.java:logGet(46)) - raft.server.write.element-limit = 4096 (default)
2022-10-14 14:33:41,904 [omNode-2@group-6C22E66A003A-LeaderElection4] INFO  server.RaftServerConfigKeys (ConfUtils.java:logGet(46)) - raft.server.write.byte-limit = 64MB (=67108864) (default)
2022-10-14 14:33:41,905 [omNode-2@group-6C22E66A003A-LeaderElection4] INFO  server.RaftServerConfigKeys (ConfUtils.java:logGet(46)) - raft.server.watch.timeout = 10s (default)
2022-10-14 14:33:41,905 [omNode-2@group-6C22E66A003A-LeaderElection4] INFO  server.RaftServerConfigKeys (ConfUtils.java:logGet(46)) - raft.server.watch.timeout.denomination = 1s (default)
2022-10-14 14:33:41,905 [omNode-2@group-6C22E66A003A-LeaderElection4] INFO  server.RaftServerConfigKeys (ConfUtils.java:logGet(46)) - raft.server.watch.element-limit = 65536 (default)
2022-10-14 14:33:41,905 [omNode-2@group-6C22E66A003A-LeaderElection4] INFO  server.RaftServerConfigKeys (ConfUtils.java:logGet(46)) - raft.server.write.element-limit = 4096 (default)
2022-10-14 14:33:41,905 [omNode-2@group-6C22E66A003A-LeaderElection4] INFO  server.RaftServerConfigKeys (ConfUtils.java:logGet(46)) - raft.server.write.follower.gap.ratio.max = -1.0 (default)
2022-10-14 14:33:41,905 [omNode-2@group-6C22E66A003A-LeaderElection4] INFO  server.RaftServerConfigKeys (ConfUtils.java:logGet(46)) - raft.server.log.appender.snapshot.chunk.size.max = 16MB (=16777216) (default)
2022-10-14 14:33:41,906 [omNode-2@group-6C22E66A003A-LeaderElection4] INFO  server.RaftServerConfigKeys (ConfUtils.java:logGet(46)) - raft.server.log.appender.buffer.byte-limit = 33554432 (custom)
2022-10-14 14:33:41,906 [omNode-2@group-6C22E66A003A-LeaderElection4] INFO  server.RaftServerConfigKeys (ConfUtils.java:logGet(46)) - raft.server.log.appender.buffer.element-limit = 1024 (custom)
2022-10-14 14:33:41,906 [omNode-2@group-6C22E66A003A-LeaderElection4] INFO  grpc.GrpcConfigKeys (ConfUtils.java:logGet(46)) - raft.grpc.server.leader.outstanding.appends.max = 128 (default)
2022-10-14 14:33:41,906 [omNode-2@group-6C22E66A003A-LeaderElection4] INFO  server.RaftServerConfigKeys (ConfUtils.java:logGet(46)) - raft.server.rpc.request.timeout = 3000ms (default)
2022-10-14 14:33:41,906 [omNode-2@group-6C22E66A003A-LeaderElection4] INFO  server.RaftServerConfigKeys (ConfUtils.java:logGet(46)) - raft.server.log.appender.install.snapshot.enabled = false (custom)
2022-10-14 14:33:41,907 [omNode-2@group-6C22E66A003A-LeaderElection4] INFO  server.RaftServerConfigKeys (ConfUtils.java:logGet(46)) - raft.server.log.appender.snapshot.chunk.size.max = 16MB (=16777216) (default)
2022-10-14 14:33:41,907 [omNode-2@group-6C22E66A003A-LeaderElection4] INFO  server.RaftServerConfigKeys (ConfUtils.java:logGet(46)) - raft.server.log.appender.buffer.byte-limit = 33554432 (custom)
2022-10-14 14:33:41,907 [omNode-2@group-6C22E66A003A-LeaderElection4] INFO  server.RaftServerConfigKeys (ConfUtils.java:logGet(46)) - raft.server.log.appender.buffer.element-limit = 1024 (custom)
2022-10-14 14:33:41,907 [omNode-2@group-6C22E66A003A-LeaderElection4] INFO  grpc.GrpcConfigKeys (ConfUtils.java:logGet(46)) - raft.grpc.server.leader.outstanding.appends.max = 128 (default)
2022-10-14 14:33:41,907 [omNode-2@group-6C22E66A003A-LeaderElection4] INFO  server.RaftServerConfigKeys (ConfUtils.java:logGet(46)) - raft.server.rpc.request.timeout = 3000ms (default)
2022-10-14 14:33:41,907 [omNode-2@group-6C22E66A003A-LeaderElection4] INFO  server.RaftServerConfigKeys (ConfUtils.java:logGet(46)) - raft.server.log.appender.install.snapshot.enabled = false (custom)
2022-10-14 14:33:41,907 [omNode-2@group-6C22E66A003A-LeaderElection4] INFO  impl.RoleInfo (RoleInfo.java:updateAndGet(139)) - omNode-2: start omNode-2@group-6C22E66A003A-LeaderStateImpl
2022-10-14 14:33:41,907 [omNode-2@group-6C22E66A003A-LeaderElection4] INFO  segmented.SegmentedRaftLogWorker (SegmentedRaftLogWorker.java:startLogSegment(425)) - omNode-2@group-6C22E66A003A-SegmentedRaftLogWorker: Starting segment from index:0
2022-10-14 14:33:41,914 [omNode-2@group-6C22E66A003A-SegmentedRaftLogWorker] INFO  segmented.SegmentedRaftLogWorker (SegmentedRaftLogWorker.java:execute(629)) - omNode-2@group-6C22E66A003A-SegmentedRaftLogWorker: created new log segment /home/runner/work/ozone/ozone/hadoop-ozone/integration-test/target/test-dir/MiniOzoneClusterImpl-d3474758-561c-4776-8c9d-79a83af4ab20/omNode-2/ratis/9c9825ce-8ba7-3ee6-a7c3-6c22e66a003a/current/log_inprogress_0
2022-10-14 14:33:41,921 [omNode-1@group-6C22E66A003A-LeaderElection5] INFO  impl.LeaderElection (LeaderElection.java:askForVotes(310)) - omNode-1@group-6C22E66A003A-LeaderElection5 ELECTION round 0: submit vote requests at term 2 for -1: [omNode-3|rpc:localhost:34495|priority:0, omNode-1|rpc:localhost:39741|priority:0, omNode-2|rpc:localhost:42271|priority:0], old=null
2022-10-14 14:33:41,939 [omNode-2@group-6C22E66A003A-LeaderElection4] INFO  server.RaftServer$Division (ServerState.java:setRaftConf(393)) - omNode-2@group-6C22E66A003A: set configuration 0: [omNode-3|rpc:localhost:34495|admin:|client:|dataStream:|priority:0, omNode-1|rpc:localhost:39741|admin:|client:|dataStream:|priority:0, omNode-2|rpc:localhost:42271|admin:|client:|dataStream:|priority:0], old=null
2022-10-14 14:33:41,944 [omNode-1@group-6C22E66A003A-LeaderElection5] INFO  impl.LeaderElection (LogUtils.java:infoOrTrace(137)) - omNode-1@group-6C22E66A003A-LeaderElection5 got exception when requesting votes: java.util.concurrent.ExecutionException: org.apache.ratis.thirdparty.io.grpc.StatusRuntimeException: UNAVAILABLE: io exception
2022-10-14 14:33:41,940 [omNode-2@group-6C22E66A003A-StateMachineUpdater] INFO  ratis.OzoneManagerStateMachine (OzoneManagerStateMachine.java:notifyConfigurationChanged(192)) - Received Configuration change notification from Ratis. New Peer list:
[id: "omNode-3"
address: "localhost:34495"
, id: "omNode-1"
address: "localhost:39741"
, id: "omNode-2"
address: "localhost:42271"
]
2022-10-14 14:33:41,954 [grpc-default-executor-2] INFO  server.RaftServer$Division (RaftServerImpl.java:requestVote(1152)) - omNode-2@group-6C22E66A003A: receive requestVote(ELECTION, omNode-1, group-6C22E66A003A, 2, (t:0, i:~))
2022-10-14 14:33:41,954 [grpc-default-executor-2] INFO  impl.VoteContext (VoteContext.java:log(48)) - omNode-2@group-6C22E66A003A-LEADER: reject ELECTION from omNode-1: our last entry (t:1, i:0) > candidate's last entry (t:0, i:~)
2022-10-14 14:33:41,954 [grpc-default-executor-2] INFO  server.RaftServer$Division (ServerState.java:setLeader(287)) - omNode-2@group-6C22E66A003A: change Leader from omNode-2 to null at term 2 for updateCurrentTerm
2022-10-14 14:33:41,954 [grpc-default-executor-2] INFO  server.RaftServer$Division (RaftServerImpl.java:setRole(299)) - omNode-2@group-6C22E66A003A: changes role from    LEADER to FOLLOWER at term 2 for candidate:omNode-1
2022-10-14 14:33:41,954 [grpc-default-executor-2] INFO  impl.RoleInfo (RoleInfo.java:shutdownLeaderState(93)) - omNode-2: shutdown omNode-2@group-6C22E66A003A-LeaderStateImpl
2022-10-14 14:33:41,955 [omNode-2@group-6C22E66A003A->omNode-1-GrpcLogAppender-LogAppenderDaemon] WARN  server.GrpcLogAppender (GrpcLogAppender.java:mayWait(171)) - omNode-2@group-6C22E66A003A->omNode-1-GrpcLogAppender: Wait interrupted by java.lang.InterruptedException
2022-10-14 14:33:41,956 [omNode-2@group-6C22E66A003A->omNode-3-GrpcLogAppender-LogAppenderDaemon] WARN  server.GrpcLogAppender (GrpcLogAppender.java:mayWait(171)) - omNode-2@group-6C22E66A003A->omNode-3-GrpcLogAppender: Wait interrupted by java.lang.InterruptedException
2022-10-14 14:33:41,953 [omNode-3-server-thread1] INFO  server.RaftServer$Division (ServerState.java:setLeader(287)) - omNode-3@group-6C22E66A003A: change Leader from null to omNode-2 at term 1 for appendEntries, leader elected after 808ms
2022-10-14 14:33:41,955 [grpc-default-executor-2] INFO  impl.PendingRequests (PendingRequests.java:sendNotLeaderResponses(282)) - omNode-2@group-6C22E66A003A-PendingRequests: sendNotLeaderResponses
2022-10-14 14:33:41,966 [omNode-3-server-thread1] INFO  server.RaftServer$Division (ServerState.java:setRaftConf(393)) - omNode-3@group-6C22E66A003A: set configuration 0: [omNode-3|rpc:localhost:34495|admin:|client:|dataStream:|priority:0, omNode-1|rpc:localhost:39741|admin:|client:|dataStream:|priority:0, omNode-2|rpc:localhost:42271|admin:|client:|dataStream:|priority:0], old=null
2022-10-14 14:33:41,966 [omNode-3-server-thread1] INFO  segmented.SegmentedRaftLogWorker (SegmentedRaftLogWorker.java:startLogSegment(425)) - omNode-3@group-6C22E66A003A-SegmentedRaftLogWorker: Starting segment from index:0
2022-10-14 14:33:41,970 [grpc-default-executor-2] INFO  impl.RoleInfo (RoleInfo.java:updateAndGet(139)) - omNode-2: start omNode-2@group-6C22E66A003A-FollowerState
2022-10-14 14:33:41,971 [grpc-default-executor-0] INFO  server.GrpcServerProtocolService (GrpcServerProtocolService.java:onCompleted(140)) - omNode-3: Completed APPEND_ENTRIES, lastRequest: omNode-2->omNode-3#1-t1,previous=(t:0, i:0),leaderCommit=0,initializing? true,entries: size=1, first=(t:1, i:0), CONFIGURATIONENTRY
2022-10-14 14:33:41,972 [grpc-default-executor-1] INFO  server.GrpcServerProtocolService (GrpcServerProtocolService.java:onCompleted(140)) - omNode-1: Completed APPEND_ENTRIES, lastRequest: omNode-2->omNode-1#1-t1,previous=(t:0, i:0),leaderCommit=0,initializing? true,entries: size=1, first=(t:1, i:0), CONFIGURATIONENTRY
2022-10-14 14:33:41,975 [omNode-3@group-6C22E66A003A-SegmentedRaftLogWorker] INFO  segmented.SegmentedRaftLogWorker (SegmentedRaftLogWorker.java:execute(629)) - omNode-3@group-6C22E66A003A-SegmentedRaftLogWorker: created new log segment /home/runner/work/ozone/ozone/hadoop-ozone/integration-test/target/test-dir/MiniOzoneClusterImpl-d3474758-561c-4776-8c9d-79a83af4ab20/omNode-3/ratis/9c9825ce-8ba7-3ee6-a7c3-6c22e66a003a/current/log_inprogress_0
2022-10-14 14:33:41,975 [grpc-default-executor-2] INFO  server.RaftServer$Division (RaftServerImpl.java:requestVote(1184)) - omNode-2@group-6C22E66A003A replies to ELECTION vote request: omNode-1<-omNode-2#0:FAIL-t2. Peer's state: omNode-2@group-6C22E66A003A:t2, leader=null, voted=null, raftlog=omNode-2@group-6C22E66A003A-SegmentedRaftLog:OPENED:c0, conf=0: [omNode-3|rpc:localhost:34495|admin:|client:|dataStream:|priority:0, omNode-1|rpc:localhost:39741|admin:|client:|dataStream:|priority:0, omNode-2|rpc:localhost:42271|admin:|client:|dataStream:|priority:0], old=null
2022-10-14 14:33:41,977 [grpc-default-executor-3] INFO  server.GrpcLogAppender (GrpcLogAppender.java:onCompleted(339)) - omNode-2@group-6C22E66A003A->omNode-3-AppendLogResponseHandler: follower responses appendEntries COMPLETED
2022-10-14 14:33:41,980 [grpc-default-executor-3] INFO  leader.FollowerInfo (FollowerInfoImpl.java:lambda$new$0(48)) - omNode-2@group-6C22E66A003A->omNode-3: nextIndex: updateUnconditionally 1 -> 0
2022-10-14 14:33:41,986 [omNode-3@group-6C22E66A003A-StateMachineUpdater] INFO  ratis.OzoneManagerStateMachine (OzoneManagerStateMachine.java:notifyConfigurationChanged(192)) - Received Configuration change notification from Ratis. New Peer list:
[id: "omNode-3"
address: "localhost:34495"
, id: "omNode-1"
address: "localhost:39741"
, id: "omNode-2"
address: "localhost:42271"
]
2022-10-14 14:33:41,996 [grpc-default-executor-0] INFO  server.GrpcLogAppender (GrpcLogAppender.java:onCompleted(339)) - omNode-2@group-6C22E66A003A->omNode-1-AppendLogResponseHandler: follower responses appendEntries COMPLETED
2022-10-14 14:33:41,997 [grpc-default-executor-0] INFO  leader.FollowerInfo (FollowerInfoImpl.java:lambda$new$0(48)) - omNode-2@group-6C22E66A003A->omNode-1: nextIndex: updateUnconditionally 1 -> 0
2022-10-14 14:33:41,997 [omNode-1@group-6C22E66A003A-LeaderElection5] INFO  impl.LeaderElection (LeaderElection.java:logAndReturn(90)) - omNode-1@group-6C22E66A003A-LeaderElection5: ELECTION REJECTED received 1 response(s) and 1 exception(s):
2022-10-14 14:33:41,997 [omNode-1@group-6C22E66A003A-LeaderElection5] INFO  impl.LeaderElection (LeaderElection.java:logAndReturn(94)) -   Response 0: omNode-1<-omNode-2#0:FAIL-t2
2022-10-14 14:33:41,997 [omNode-1@group-6C22E66A003A-LeaderElection5] INFO  impl.LeaderElection (LogUtils.java:infoOrTrace(137)) -   Exception 1: java.util.concurrent.ExecutionException: org.apache.ratis.thirdparty.io.grpc.StatusRuntimeException: UNAVAILABLE: io exception
2022-10-14 14:33:41,997 [omNode-1@group-6C22E66A003A-LeaderElection5] INFO  impl.LeaderElection (LeaderElection.java:askForVotes(312)) - omNode-1@group-6C22E66A003A-LeaderElection5 ELECTION round 0: result REJECTED
2022-10-14 14:33:41,997 [omNode-1@group-6C22E66A003A-LeaderElection5] INFO  server.RaftServer$Division (RaftServerImpl.java:setRole(299)) - omNode-1@group-6C22E66A003A: changes role from CANDIDATE to FOLLOWER at term 2 for REJECTED
2022-10-14 14:33:41,997 [omNode-1@group-6C22E66A003A-LeaderElection5] INFO  impl.RoleInfo (RoleInfo.java:shutdownLeaderElection(130)) - omNode-1: shutdown omNode-1@group-6C22E66A003A-LeaderElection5
2022-10-14 14:33:41,997 [omNode-1@group-6C22E66A003A-LeaderElection5] INFO  impl.RoleInfo (RoleInfo.java:updateAndGet(139)) - omNode-1: start omNode-1@group-6C22E66A003A-FollowerState
2022-10-14 14:33:42,079 [Listener at 127.0.0.1/41295] WARN  impl.MetricRegistriesImpl (MetricRegistriesImpl.java:addReporterRegistration(111)) - New reporters are added after registries were created. Some metrics will be missing from the reporter. Please add reporter before adding any new registry.
2022-10-14 14:33:42,079 [Listener at 127.0.0.1/41295] WARN  impl.MetricRegistriesImpl (MetricRegistriesImpl.java:addReporterRegistration(111)) - New reporters are added after registries were created. Some metrics will be missing from the reporter. Please add reporter before adding any new registry.
2022-10-14 14:33:42,079 [Listener at 127.0.0.1/41295] INFO  impl.MetricsSystemImpl (MetricsSystemImpl.java:init(158)) - HddsDatanode metrics system started (again)
2022-10-14 14:33:42,098 [Listener at 127.0.0.1/41295] INFO  ozone.HddsDatanodeService (HddsDatanodeService.java:start(236)) - HddsDatanodeService host:fv-az318-86.ewvrrcgabbbubjc05i3n4a3pph.dx.internal.cloudapp.net ip:10.1.0.20
2022-10-14 14:33:42,133 [Listener at 127.0.0.1/41295] INFO  upgrade.AbstractLayoutVersionManager (AbstractLayoutVersionManager.java:init(83)) - Initializing Layout version manager with metadata layout = DATANODE_SCHEMA_V3 (version = 4), software layout = DATANODE_SCHEMA_V3 (version = 4)
2022-10-14 14:33:42,181 [Listener at 127.0.0.1/41295] INFO  reflections.Reflections (Reflections.java:scan(232)) - Reflections took 47 ms to scan 7 urls, producing 137 keys and 328 values 
2022-10-14 14:33:42,187 [Listener at 127.0.0.1/41295] INFO  ha.SCMNodeInfo (SCMNodeInfo.java:getPort(197)) - ConfigKey ozone.scm.client.address is deprecated, For configuring different ports for each SCM use PortConfigKey ozone.scm.client.port appended with serviceId and nodeId
2022-10-14 14:33:42,187 [Listener at 127.0.0.1/41295] INFO  ha.SCMNodeInfo (SCMNodeInfo.java:getPort(197)) - ConfigKey ozone.scm.block.client.address is deprecated, For configuring different ports for each SCM use PortConfigKey ozone.scm.block.client.port appended with serviceId and nodeId
2022-10-14 14:33:42,187 [Listener at 127.0.0.1/41295] INFO  ha.SCMNodeInfo (SCMNodeInfo.java:getPort(197)) - ConfigKey ozone.scm.datanode.address is deprecated, For configuring different ports for each SCM use PortConfigKey ozone.scm.datanode.port appended with serviceId and nodeId
2022-10-14 14:33:42,187 [Listener at 127.0.0.1/41295] INFO  ha.SCMNodeInfo (SCMNodeInfo.java:getPort(197)) - ConfigKey ozone.scm.client.address is deprecated, For configuring different ports for each SCM use PortConfigKey ozone.scm.client.port appended with serviceId and nodeId
2022-10-14 14:33:42,187 [Listener at 127.0.0.1/41295] INFO  ha.SCMNodeInfo (SCMNodeInfo.java:getPort(197)) - ConfigKey ozone.scm.block.client.address is deprecated, For configuring different ports for each SCM use PortConfigKey ozone.scm.block.client.port appended with serviceId and nodeId
2022-10-14 14:33:42,187 [Listener at 127.0.0.1/41295] INFO  ha.SCMNodeInfo (SCMNodeInfo.java:getPort(197)) - ConfigKey ozone.scm.datanode.address is deprecated, For configuring different ports for each SCM use PortConfigKey ozone.scm.datanode.port appended with serviceId and nodeId
2022-10-14 14:33:42,187 [Listener at 127.0.0.1/41295] INFO  ha.SCMNodeInfo (SCMNodeInfo.java:getPort(197)) - ConfigKey ozone.scm.client.address is deprecated, For configuring different ports for each SCM use PortConfigKey ozone.scm.client.port appended with serviceId and nodeId
2022-10-14 14:33:42,187 [Listener at 127.0.0.1/41295] INFO  ha.SCMNodeInfo (SCMNodeInfo.java:getPort(197)) - ConfigKey ozone.scm.block.client.address is deprecated, For configuring different ports for each SCM use PortConfigKey ozone.scm.block.client.port appended with serviceId and nodeId
2022-10-14 14:33:42,187 [Listener at 127.0.0.1/41295] INFO  ha.SCMNodeInfo (SCMNodeInfo.java:getPort(197)) - ConfigKey ozone.scm.datanode.address is deprecated, For configuring different ports for each SCM use PortConfigKey ozone.scm.datanode.port appended with serviceId and nodeId
2022-10-14 14:33:42,188 [Listener at 127.0.0.1/41295] INFO  statemachine.DatanodeStateMachine (DatanodeStateMachine.java:getEndPointTaskThreadPoolSize(237)) - Datanode State Machine Task Thread Pool size 4
2022-10-14 14:33:42,260 [Listener at 127.0.0.1/41295] INFO  volume.HddsVolume (HddsVolume.java:<init>(117)) - Creating HddsVolume: /home/runner/work/ozone/ozone/hadoop-ozone/integration-test/target/test-dir/MiniOzoneClusterImpl-d3474758-561c-4776-8c9d-79a83af4ab20/datanode-0/data-0/containers/hdds of storage type : DISK capacity : 9223372036854775807
2022-10-14 14:33:42,262 [Listener at 127.0.0.1/41295] INFO  volume.MutableVolumeSet (MutableVolumeSet.java:initializeVolumeSet(174)) - Added Volume : /home/runner/work/ozone/ozone/hadoop-ozone/integration-test/target/test-dir/MiniOzoneClusterImpl-d3474758-561c-4776-8c9d-79a83af4ab20/datanode-0/data-0/containers/hdds to VolumeSet
2022-10-14 14:33:42,264 [Listener at 127.0.0.1/41295] INFO  volume.ThrottledAsyncChecker (ThrottledAsyncChecker.java:schedule(141)) - Scheduling a check for /home/runner/work/ozone/ozone/hadoop-ozone/integration-test/target/test-dir/MiniOzoneClusterImpl-d3474758-561c-4776-8c9d-79a83af4ab20/datanode-0/data-0/containers/hdds
2022-10-14 14:33:42,282 [Listener at 127.0.0.1/41295] INFO  volume.StorageVolumeChecker (StorageVolumeChecker.java:checkAllVolumes(202)) - Scheduled health check for volume /home/runner/work/ozone/ozone/hadoop-ozone/integration-test/target/test-dir/MiniOzoneClusterImpl-d3474758-561c-4776-8c9d-79a83af4ab20/datanode-0/data-0/containers/hdds
2022-10-14 14:33:42,300 [Listener at 127.0.0.1/41295] INFO  volume.MutableVolumeSet (MutableVolumeSet.java:initializeVolumeSet(174)) - Added Volume : /home/runner/work/ozone/ozone/hadoop-ozone/integration-test/target/test-dir/MiniOzoneClusterImpl-d3474758-561c-4776-8c9d-79a83af4ab20/datanode-0/data/ratis to VolumeSet
2022-10-14 14:33:42,300 [Listener at 127.0.0.1/41295] INFO  volume.ThrottledAsyncChecker (ThrottledAsyncChecker.java:schedule(141)) - Scheduling a check for /home/runner/work/ozone/ozone/hadoop-ozone/integration-test/target/test-dir/MiniOzoneClusterImpl-d3474758-561c-4776-8c9d-79a83af4ab20/datanode-0/data/ratis
2022-10-14 14:33:42,300 [Listener at 127.0.0.1/41295] INFO  volume.StorageVolumeChecker (StorageVolumeChecker.java:checkAllVolumes(202)) - Scheduled health check for volume /home/runner/work/ozone/ozone/hadoop-ozone/integration-test/target/test-dir/MiniOzoneClusterImpl-d3474758-561c-4776-8c9d-79a83af4ab20/datanode-0/data/ratis
2022-10-14 14:33:42,328 [Thread-705] INFO  ozoneimpl.ContainerReader (ContainerReader.java:readVolume(175)) - Finish verifying containers on volume /home/runner/work/ozone/ozone/hadoop-ozone/integration-test/target/test-dir/MiniOzoneClusterImpl-d3474758-561c-4776-8c9d-79a83af4ab20/datanode-0/data-0/containers/hdds
2022-10-14 14:33:42,329 [Listener at 127.0.0.1/41295] INFO  ozoneimpl.OzoneContainer (OzoneContainer.java:buildContainerSet(300)) - Build ContainerSet costs 0s
2022-10-14 14:33:42,387 [Listener at 127.0.0.1/41295] INFO  audit.AuditLogger (AuditLogger.java:refreshDebugCmdSet(126)) - Refresh DebugCmdSet for DNAudit to [].
2022-10-14 14:33:42,415 [Listener at 127.0.0.1/41295] INFO  server.RaftServer (ConfUtils.java:logGet(46)) - raft.rpc.type = GRPC (default)
2022-10-14 14:33:42,415 [Listener at 127.0.0.1/41295] INFO  grpc.GrpcFactory (GrpcFactory.java:checkPooledByteBufAllocatorUseCacheForAllThreads(48)) - PERFORMANCE WARNING: useCacheForAllThreads is true that may cause Netty to create a lot garbage objects and, as a result, trigger GC.
	It is recommended to disable useCacheForAllThreads by setting -Dorg.apache.ratis.thirdparty.io.netty.allocator.useCacheForAllThreads=false in command line.
2022-10-14 14:33:42,415 [Listener at 127.0.0.1/41295] INFO  grpc.GrpcConfigKeys (ConfUtils.java:logGet(46)) - raft.grpc.admin.port = 0 (custom)
2022-10-14 14:33:42,416 [Listener at 127.0.0.1/41295] INFO  grpc.GrpcConfigKeys (ConfUtils.java:logGet(46)) - raft.grpc.client.port = 0 (custom)
2022-10-14 14:33:42,416 [Listener at 127.0.0.1/41295] INFO  grpc.GrpcConfigKeys (ConfUtils.java:logGet(46)) - raft.grpc.server.port = 0 (default)
2022-10-14 14:33:42,416 [Listener at 127.0.0.1/41295] INFO  server.GrpcService (ConfUtils.java:logGet(46)) - raft.grpc.message.size.max = 32MB (=33554432) (custom)
2022-10-14 14:33:42,416 [Listener at 127.0.0.1/41295] INFO  server.RaftServerConfigKeys (ConfUtils.java:logGet(46)) - raft.server.log.appender.buffer.byte-limit = 33554432 (custom)
2022-10-14 14:33:42,416 [Listener at 127.0.0.1/41295] INFO  server.GrpcService (ConfUtils.java:logGet(46)) - raft.grpc.flow.control.window = 5MB (=5242880) (custom)
2022-10-14 14:33:42,416 [Listener at 127.0.0.1/41295] INFO  server.RaftServerConfigKeys (ConfUtils.java:logGet(46)) - raft.server.rpc.request.timeout = 60s (custom)
2022-10-14 14:33:42,416 [Listener at 127.0.0.1/41295] INFO  grpc.GrpcConfigKeys (ConfUtils.java:logGet(46)) - raft.grpc.server.async.request.thread.pool.cached = true (default)
2022-10-14 14:33:42,416 [Listener at 127.0.0.1/41295] INFO  grpc.GrpcConfigKeys (ConfUtils.java:logGet(46)) - raft.grpc.server.async.request.thread.pool.size = 32 (default)
2022-10-14 14:33:42,417 [Listener at 127.0.0.1/41295] INFO  impl.DataStreamServerImpl (ConfUtils.java:logGet(46)) - raft.datastream.type = DISABLED (default)
2022-10-14 14:33:42,417 [Listener at 127.0.0.1/41295] INFO  server.RaftServerConfigKeys (ConfUtils.java:logGet(46)) - raft.server.threadpool.proxy.cached = true (default)
2022-10-14 14:33:42,418 [Listener at 127.0.0.1/41295] INFO  server.RaftServerConfigKeys (ConfUtils.java:logGet(46)) - raft.server.threadpool.proxy.size = 0 (default)
2022-10-14 14:33:42,418 [Listener at 127.0.0.1/41295] INFO  server.RaftServerConfigKeys (ConfUtils.java:logGet(46)) - raft.server.rpc.slowness.timeout = 300s (custom)
2022-10-14 14:33:42,418 [Listener at 127.0.0.1/41295] INFO  server.RaftServerConfigKeys (ConfUtils.java:logGet(46)) - raft.server.leaderelection.leader.step-down.wait-time = 10s (default)
2022-10-14 14:33:42,418 [Listener at 127.0.0.1/41295] INFO  server.RaftServerConfigKeys (ConfUtils.java:logGet(46)) - raft.server.storage.dir = [/home/runner/work/ozone/ozone/hadoop-ozone/integration-test/target/test-dir/MiniOzoneClusterImpl-d3474758-561c-4776-8c9d-79a83af4ab20/datanode-0/data/ratis] (custom)
2022-10-14 14:33:42,436 [Listener at 127.0.0.1/41295] INFO  server.XceiverServerGrpc (XceiverServerGrpc.java:<init>(132)) - GrpcServer channel type EpollServerSocketChannel
2022-10-14 14:33:42,503 [Listener at 127.0.0.1/41295] INFO  http.BaseHttpServer (BaseHttpServer.java:newHttpServer2BuilderForOzone(213)) - Starting Web-server for hddsDatanode at: http://0.0.0.0:0
2022-10-14 14:33:42,504 [Listener at 127.0.0.1/41295] INFO  http.BaseHttpServer (BaseHttpServer.java:<init>(108)) - Hadoop Security Enabled: false Ozone Security Enabled: false Ozone HTTP Security Enabled: false 
2022-10-14 14:33:42,505 [Listener at 127.0.0.1/41295] WARN  server.AuthenticationFilter (AuthenticationFilter.java:constructSecretProvider(240)) - Unable to initialize FileSignerSecretProvider, falling back to use random secrets. Reason: Could not read signature secret file: /home/runner/hadoop-http-auth-signature-secret
2022-10-14 14:33:42,506 [Listener at 127.0.0.1/41295] WARN  http.HttpRequestLog (HttpRequestLog.java:getRequestLog(103)) - Jetty request log can only be enabled using Log4j
2022-10-14 14:33:42,507 [Listener at 127.0.0.1/41295] INFO  http.HttpServer2 (HttpServer2.java:addGlobalFilter(1031)) - Added global filter 'safety' (class=org.apache.hadoop.hdds.server.http.HttpServer2$QuotingInputFilter)
2022-10-14 14:33:42,508 [Listener at 127.0.0.1/41295] INFO  http.HttpServer2 (HttpServer2.java:addFilter(1007)) - Added filter static_user_filter (class=org.apache.hadoop.http.lib.StaticUserWebFilter$StaticUserFilter) to context hddsDatanode
2022-10-14 14:33:42,508 [Listener at 127.0.0.1/41295] INFO  http.HttpServer2 (HttpServer2.java:addFilter(1015)) - Added filter static_user_filter (class=org.apache.hadoop.http.lib.StaticUserWebFilter$StaticUserFilter) to context logs
2022-10-14 14:33:42,508 [Listener at 127.0.0.1/41295] INFO  http.HttpServer2 (HttpServer2.java:addFilter(1015)) - Added filter static_user_filter (class=org.apache.hadoop.http.lib.StaticUserWebFilter$StaticUserFilter) to context static
2022-10-14 14:33:42,508 [Listener at 127.0.0.1/41295] INFO  http.HttpServer2 (HttpServer2.java:bindListener(1250)) - Jetty bound to port 36833
2022-10-14 14:33:42,509 [Listener at 127.0.0.1/41295] INFO  server.Server (Server.java:doStart(375)) - jetty-9.4.43.v20210629; built: 2021-06-30T11:07:22.254Z; git: 526006ecfa3af7f1a27ef3a288e2bef7ea9dd7e8; jvm 1.8.0_345-b01
2022-10-14 14:33:42,513 [Listener at 127.0.0.1/41295] INFO  server.session (DefaultSessionIdManager.java:doStart(334)) - DefaultSessionIdManager workerName=node0
2022-10-14 14:33:42,513 [Listener at 127.0.0.1/41295] INFO  server.session (DefaultSessionIdManager.java:doStart(339)) - No SessionScavenger set, using defaults
2022-10-14 14:33:42,514 [Listener at 127.0.0.1/41295] INFO  server.session (HouseKeeper.java:startScavenging(132)) - node0 Scavenging every 660000ms
2022-10-14 14:33:42,514 [Listener at 127.0.0.1/41295] INFO  handler.ContextHandler (ContextHandler.java:doStart(915)) - Started o.e.j.s.ServletContextHandler@af4f9d2{logs,/logs,file:///home/runner/work/ozone/ozone/hadoop-ozone/integration-test/target/log,AVAILABLE}
2022-10-14 14:33:42,515 [Listener at 127.0.0.1/41295] INFO  handler.ContextHandler (ContextHandler.java:doStart(915)) - Started o.e.j.s.ServletContextHandler@643dccf1{static,/static,jar:file:/home/runner/.m2/repository/org/apache/ozone/hdds-container-service/1.3.0-SNAPSHOT/hdds-container-service-1.3.0-SNAPSHOT.jar!/webapps/static,AVAILABLE}
2022-10-14 14:33:42,741 [Listener at 127.0.0.1/41295] INFO  handler.ContextHandler (ContextHandler.java:doStart(915)) - Started o.e.j.w.WebAppContext@24beeaeb{hddsDatanode,/,file:///tmp/jetty-0_0_0_0-36833-hdds-container-service-1_3_0-SNAPSHOT_jar-_-any-5401681236398955839/webapp/,AVAILABLE}{jar:file:/home/runner/.m2/repository/org/apache/ozone/hdds-container-service/1.3.0-SNAPSHOT/hdds-container-service-1.3.0-SNAPSHOT.jar!/webapps/hddsDatanode}
2022-10-14 14:33:42,743 [Listener at 127.0.0.1/41295] INFO  server.AbstractConnector (AbstractConnector.java:doStart(331)) - Started ServerConnector@77ca150{HTTP/1.1, (http/1.1)}{0.0.0.0:36833}
2022-10-14 14:33:42,743 [Listener at 127.0.0.1/41295] INFO  server.Server (Server.java:doStart(415)) - Started @23520ms
2022-10-14 14:33:42,743 [Listener at 127.0.0.1/41295] WARN  impl.MetricsSystemImpl (MetricsSystemImpl.java:register(279)) - Sink prometheus already exists!
2022-10-14 14:33:42,744 [Listener at 127.0.0.1/41295] INFO  http.BaseHttpServer (BaseHttpServer.java:updateConnectorAddress(333)) - HTTP server of hddsDatanode listening at http://0.0.0.0:36833
2022-10-14 14:33:42,748 [Listener at 127.0.0.1/41295] WARN  impl.MetricRegistriesImpl (MetricRegistriesImpl.java:addReporterRegistration(111)) - New reporters are added after registries were created. Some metrics will be missing from the reporter. Please add reporter before adding any new registry.
2022-10-14 14:33:42,748 [Listener at 127.0.0.1/41295] WARN  impl.MetricRegistriesImpl (MetricRegistriesImpl.java:addReporterRegistration(111)) - New reporters are added after registries were created. Some metrics will be missing from the reporter. Please add reporter before adding any new registry.
2022-10-14 14:33:42,748 [Listener at 127.0.0.1/41295] INFO  impl.MetricsSystemImpl (MetricsSystemImpl.java:init(158)) - HddsDatanode metrics system started (again)
2022-10-14 14:33:42,756 [Datanode State Machine Daemon Thread] INFO  statemachine.DatanodeStateMachine (DatanodeStateMachine.java:lambda$startDaemon$0(492)) - Ozone container server started.
2022-10-14 14:33:42,766 [Listener at 127.0.0.1/41295] INFO  ozone.HddsDatanodeService (HddsDatanodeService.java:start(236)) - HddsDatanodeService host:fv-az318-86.ewvrrcgabbbubjc05i3n4a3pph.dx.internal.cloudapp.net ip:10.1.0.20
2022-10-14 14:33:42,787 [org.apache.hadoop.util.JvmPauseMonitor$Monitor@bc0fd5] INFO  util.JvmPauseMonitor (JvmPauseMonitor.java:run(188)) - Starting JVM pause monitor
2022-10-14 14:33:42,787 [Datanode State Machine Task Thread - 0] INFO  ha.SCMNodeInfo (SCMNodeInfo.java:getPort(197)) - ConfigKey ozone.scm.client.address is deprecated, For configuring different ports for each SCM use PortConfigKey ozone.scm.client.port appended with serviceId and nodeId
2022-10-14 14:33:42,788 [Datanode State Machine Task Thread - 0] INFO  ha.SCMNodeInfo (SCMNodeInfo.java:getPort(197)) - ConfigKey ozone.scm.block.client.address is deprecated, For configuring different ports for each SCM use PortConfigKey ozone.scm.block.client.port appended with serviceId and nodeId
2022-10-14 14:33:42,788 [Datanode State Machine Task Thread - 0] INFO  ha.SCMNodeInfo (SCMNodeInfo.java:getPort(197)) - ConfigKey ozone.scm.datanode.address is deprecated, For configuring different ports for each SCM use PortConfigKey ozone.scm.datanode.port appended with serviceId and nodeId
2022-10-14 14:33:42,788 [Datanode State Machine Task Thread - 0] INFO  ha.SCMNodeInfo (SCMNodeInfo.java:getPort(197)) - ConfigKey ozone.scm.client.address is deprecated, For configuring different ports for each SCM use PortConfigKey ozone.scm.client.port appended with serviceId and nodeId
2022-10-14 14:33:42,790 [Datanode State Machine Task Thread - 0] INFO  ha.SCMNodeInfo (SCMNodeInfo.java:getPort(197)) - ConfigKey ozone.scm.block.client.address is deprecated, For configuring different ports for each SCM use PortConfigKey ozone.scm.block.client.port appended with serviceId and nodeId
2022-10-14 14:33:42,790 [Datanode State Machine Task Thread - 0] INFO  ha.SCMNodeInfo (SCMNodeInfo.java:getPort(197)) - ConfigKey ozone.scm.datanode.address is deprecated, For configuring different ports for each SCM use PortConfigKey ozone.scm.datanode.port appended with serviceId and nodeId
2022-10-14 14:33:42,791 [Datanode State Machine Task Thread - 0] INFO  ha.SCMNodeInfo (SCMNodeInfo.java:getPort(197)) - ConfigKey ozone.scm.client.address is deprecated, For configuring different ports for each SCM use PortConfigKey ozone.scm.client.port appended with serviceId and nodeId
2022-10-14 14:33:42,791 [Datanode State Machine Task Thread - 0] INFO  ha.SCMNodeInfo (SCMNodeInfo.java:getPort(197)) - ConfigKey ozone.scm.block.client.address is deprecated, For configuring different ports for each SCM use PortConfigKey ozone.scm.block.client.port appended with serviceId and nodeId
2022-10-14 14:33:42,791 [Datanode State Machine Task Thread - 0] INFO  ha.SCMNodeInfo (SCMNodeInfo.java:getPort(197)) - ConfigKey ozone.scm.datanode.address is deprecated, For configuring different ports for each SCM use PortConfigKey ozone.scm.datanode.port appended with serviceId and nodeId
2022-10-14 14:33:42,813 [Listener at 127.0.0.1/41295] INFO  upgrade.AbstractLayoutVersionManager (AbstractLayoutVersionManager.java:init(83)) - Initializing Layout version manager with metadata layout = DATANODE_SCHEMA_V3 (version = 4), software layout = DATANODE_SCHEMA_V3 (version = 4)
2022-10-14 14:33:42,909 [Datanode State Machine Task Thread - 0] INFO  datanode.InitDatanodeState (InitDatanodeState.java:persistContainerDatanodeDetails(138)) - DatanodeDetails is persisted to /home/runner/work/ozone/ozone/hadoop-ozone/integration-test/target/test-dir/MiniOzoneClusterImpl-d3474758-561c-4776-8c9d-79a83af4ab20/datanode-0/meta/datanode.id
2022-10-14 14:33:42,909 [Listener at 127.0.0.1/41295] INFO  reflections.Reflections (Reflections.java:scan(232)) - Reflections took 91 ms to scan 7 urls, producing 137 keys and 328 values 
2022-10-14 14:33:42,910 [Listener at 127.0.0.1/41295] INFO  ha.SCMNodeInfo (SCMNodeInfo.java:getPort(197)) - ConfigKey ozone.scm.client.address is deprecated, For configuring different ports for each SCM use PortConfigKey ozone.scm.client.port appended with serviceId and nodeId
2022-10-14 14:33:42,910 [Listener at 127.0.0.1/41295] INFO  ha.SCMNodeInfo (SCMNodeInfo.java:getPort(197)) - ConfigKey ozone.scm.block.client.address is deprecated, For configuring different ports for each SCM use PortConfigKey ozone.scm.block.client.port appended with serviceId and nodeId
2022-10-14 14:33:42,910 [Listener at 127.0.0.1/41295] INFO  ha.SCMNodeInfo (SCMNodeInfo.java:getPort(197)) - ConfigKey ozone.scm.datanode.address is deprecated, For configuring different ports for each SCM use PortConfigKey ozone.scm.datanode.port appended with serviceId and nodeId
2022-10-14 14:33:42,910 [Listener at 127.0.0.1/41295] INFO  ha.SCMNodeInfo (SCMNodeInfo.java:getPort(197)) - ConfigKey ozone.scm.client.address is deprecated, For configuring different ports for each SCM use PortConfigKey ozone.scm.client.port appended with serviceId and nodeId
2022-10-14 14:33:42,910 [Listener at 127.0.0.1/41295] INFO  ha.SCMNodeInfo (SCMNodeInfo.java:getPort(197)) - ConfigKey ozone.scm.block.client.address is deprecated, For configuring different ports for each SCM use PortConfigKey ozone.scm.block.client.port appended with serviceId and nodeId
2022-10-14 14:33:42,911 [Listener at 127.0.0.1/41295] INFO  ha.SCMNodeInfo (SCMNodeInfo.java:getPort(197)) - ConfigKey ozone.scm.datanode.address is deprecated, For configuring different ports for each SCM use PortConfigKey ozone.scm.datanode.port appended with serviceId and nodeId
2022-10-14 14:33:42,911 [Listener at 127.0.0.1/41295] INFO  ha.SCMNodeInfo (SCMNodeInfo.java:getPort(197)) - ConfigKey ozone.scm.client.address is deprecated, For configuring different ports for each SCM use PortConfigKey ozone.scm.client.port appended with serviceId and nodeId
2022-10-14 14:33:42,911 [Listener at 127.0.0.1/41295] INFO  ha.SCMNodeInfo (SCMNodeInfo.java:getPort(197)) - ConfigKey ozone.scm.block.client.address is deprecated, For configuring different ports for each SCM use PortConfigKey ozone.scm.block.client.port appended with serviceId and nodeId
2022-10-14 14:33:42,911 [Listener at 127.0.0.1/41295] INFO  ha.SCMNodeInfo (SCMNodeInfo.java:getPort(197)) - ConfigKey ozone.scm.datanode.address is deprecated, For configuring different ports for each SCM use PortConfigKey ozone.scm.datanode.port appended with serviceId and nodeId
2022-10-14 14:33:42,911 [Listener at 127.0.0.1/41295] INFO  statemachine.DatanodeStateMachine (DatanodeStateMachine.java:getEndPointTaskThreadPoolSize(237)) - Datanode State Machine Task Thread Pool size 4
2022-10-14 14:33:42,914 [Listener at 127.0.0.1/41295] INFO  volume.HddsVolume (HddsVolume.java:<init>(117)) - Creating HddsVolume: /home/runner/work/ozone/ozone/hadoop-ozone/integration-test/target/test-dir/MiniOzoneClusterImpl-d3474758-561c-4776-8c9d-79a83af4ab20/datanode-1/data-0/containers/hdds of storage type : DISK capacity : 9223372036854775807
2022-10-14 14:33:42,914 [Listener at 127.0.0.1/41295] INFO  volume.MutableVolumeSet (MutableVolumeSet.java:initializeVolumeSet(174)) - Added Volume : /home/runner/work/ozone/ozone/hadoop-ozone/integration-test/target/test-dir/MiniOzoneClusterImpl-d3474758-561c-4776-8c9d-79a83af4ab20/datanode-1/data-0/containers/hdds to VolumeSet
2022-10-14 14:33:42,914 [Listener at 127.0.0.1/41295] INFO  volume.ThrottledAsyncChecker (ThrottledAsyncChecker.java:schedule(141)) - Scheduling a check for /home/runner/work/ozone/ozone/hadoop-ozone/integration-test/target/test-dir/MiniOzoneClusterImpl-d3474758-561c-4776-8c9d-79a83af4ab20/datanode-1/data-0/containers/hdds
2022-10-14 14:33:42,919 [Listener at 127.0.0.1/41295] INFO  volume.StorageVolumeChecker (StorageVolumeChecker.java:checkAllVolumes(202)) - Scheduled health check for volume /home/runner/work/ozone/ozone/hadoop-ozone/integration-test/target/test-dir/MiniOzoneClusterImpl-d3474758-561c-4776-8c9d-79a83af4ab20/datanode-1/data-0/containers/hdds
2022-10-14 14:33:42,932 [Listener at 127.0.0.1/41295] INFO  volume.MutableVolumeSet (MutableVolumeSet.java:initializeVolumeSet(174)) - Added Volume : /home/runner/work/ozone/ozone/hadoop-ozone/integration-test/target/test-dir/MiniOzoneClusterImpl-d3474758-561c-4776-8c9d-79a83af4ab20/datanode-1/data/ratis to VolumeSet
2022-10-14 14:33:42,932 [Listener at 127.0.0.1/41295] INFO  volume.ThrottledAsyncChecker (ThrottledAsyncChecker.java:schedule(141)) - Scheduling a check for /home/runner/work/ozone/ozone/hadoop-ozone/integration-test/target/test-dir/MiniOzoneClusterImpl-d3474758-561c-4776-8c9d-79a83af4ab20/datanode-1/data/ratis
2022-10-14 14:33:42,932 [Listener at 127.0.0.1/41295] INFO  volume.StorageVolumeChecker (StorageVolumeChecker.java:checkAllVolumes(202)) - Scheduled health check for volume /home/runner/work/ozone/ozone/hadoop-ozone/integration-test/target/test-dir/MiniOzoneClusterImpl-d3474758-561c-4776-8c9d-79a83af4ab20/datanode-1/data/ratis
2022-10-14 14:33:42,946 [Thread-718] INFO  ozoneimpl.ContainerReader (ContainerReader.java:readVolume(175)) - Finish verifying containers on volume /home/runner/work/ozone/ozone/hadoop-ozone/integration-test/target/test-dir/MiniOzoneClusterImpl-d3474758-561c-4776-8c9d-79a83af4ab20/datanode-1/data-0/containers/hdds
2022-10-14 14:33:42,947 [Listener at 127.0.0.1/41295] INFO  ozoneimpl.OzoneContainer (OzoneContainer.java:buildContainerSet(300)) - Build ContainerSet costs 0s
2022-10-14 14:33:42,951 [Listener at 127.0.0.1/41295] INFO  server.RaftServer (ConfUtils.java:logGet(46)) - raft.rpc.type = GRPC (default)
2022-10-14 14:33:42,951 [Listener at 127.0.0.1/41295] INFO  grpc.GrpcFactory (GrpcFactory.java:checkPooledByteBufAllocatorUseCacheForAllThreads(48)) - PERFORMANCE WARNING: useCacheForAllThreads is true that may cause Netty to create a lot garbage objects and, as a result, trigger GC.
	It is recommended to disable useCacheForAllThreads by setting -Dorg.apache.ratis.thirdparty.io.netty.allocator.useCacheForAllThreads=false in command line.
2022-10-14 14:33:42,951 [Listener at 127.0.0.1/41295] INFO  grpc.GrpcConfigKeys (ConfUtils.java:logGet(46)) - raft.grpc.admin.port = 0 (custom)
2022-10-14 14:33:42,951 [Listener at 127.0.0.1/41295] INFO  grpc.GrpcConfigKeys (ConfUtils.java:logGet(46)) - raft.grpc.client.port = 0 (custom)
2022-10-14 14:33:42,951 [Listener at 127.0.0.1/41295] INFO  grpc.GrpcConfigKeys (ConfUtils.java:logGet(46)) - raft.grpc.server.port = 0 (default)
2022-10-14 14:33:42,951 [Listener at 127.0.0.1/41295] INFO  server.GrpcService (ConfUtils.java:logGet(46)) - raft.grpc.message.size.max = 32MB (=33554432) (custom)
2022-10-14 14:33:42,951 [Listener at 127.0.0.1/41295] INFO  server.RaftServerConfigKeys (ConfUtils.java:logGet(46)) - raft.server.log.appender.buffer.byte-limit = 33554432 (custom)
2022-10-14 14:33:42,951 [Listener at 127.0.0.1/41295] INFO  server.GrpcService (ConfUtils.java:logGet(46)) - raft.grpc.flow.control.window = 5MB (=5242880) (custom)
2022-10-14 14:33:42,951 [Listener at 127.0.0.1/41295] INFO  server.RaftServerConfigKeys (ConfUtils.java:logGet(46)) - raft.server.rpc.request.timeout = 60s (custom)
2022-10-14 14:33:42,951 [Listener at 127.0.0.1/41295] INFO  grpc.GrpcConfigKeys (ConfUtils.java:logGet(46)) - raft.grpc.server.async.request.thread.pool.cached = true (default)
2022-10-14 14:33:42,952 [Listener at 127.0.0.1/41295] INFO  grpc.GrpcConfigKeys (ConfUtils.java:logGet(46)) - raft.grpc.server.async.request.thread.pool.size = 32 (default)
2022-10-14 14:33:42,954 [Listener at 127.0.0.1/41295] INFO  impl.DataStreamServerImpl (ConfUtils.java:logGet(46)) - raft.datastream.type = DISABLED (default)
2022-10-14 14:33:42,954 [Listener at 127.0.0.1/41295] INFO  server.RaftServerConfigKeys (ConfUtils.java:logGet(46)) - raft.server.threadpool.proxy.cached = true (default)
2022-10-14 14:33:42,954 [Listener at 127.0.0.1/41295] INFO  server.RaftServerConfigKeys (ConfUtils.java:logGet(46)) - raft.server.threadpool.proxy.size = 0 (default)
2022-10-14 14:33:42,954 [Listener at 127.0.0.1/41295] INFO  server.RaftServerConfigKeys (ConfUtils.java:logGet(46)) - raft.server.rpc.slowness.timeout = 300s (custom)
2022-10-14 14:33:42,955 [Listener at 127.0.0.1/41295] INFO  server.RaftServerConfigKeys (ConfUtils.java:logGet(46)) - raft.server.leaderelection.leader.step-down.wait-time = 10s (default)
2022-10-14 14:33:42,955 [Listener at 127.0.0.1/41295] INFO  server.RaftServerConfigKeys (ConfUtils.java:logGet(46)) - raft.server.storage.dir = [/home/runner/work/ozone/ozone/hadoop-ozone/integration-test/target/test-dir/MiniOzoneClusterImpl-d3474758-561c-4776-8c9d-79a83af4ab20/datanode-1/data/ratis] (custom)
2022-10-14 14:33:42,957 [Listener at 127.0.0.1/41295] INFO  server.XceiverServerGrpc (XceiverServerGrpc.java:<init>(132)) - GrpcServer channel type EpollServerSocketChannel
2022-10-14 14:33:42,965 [Listener at 127.0.0.1/41295] INFO  http.BaseHttpServer (BaseHttpServer.java:newHttpServer2BuilderForOzone(213)) - Starting Web-server for hddsDatanode at: http://0.0.0.0:0
2022-10-14 14:33:42,965 [Listener at 127.0.0.1/41295] INFO  http.BaseHttpServer (BaseHttpServer.java:<init>(108)) - Hadoop Security Enabled: false Ozone Security Enabled: false Ozone HTTP Security Enabled: false 
2022-10-14 14:33:42,966 [Listener at 127.0.0.1/41295] WARN  server.AuthenticationFilter (AuthenticationFilter.java:constructSecretProvider(240)) - Unable to initialize FileSignerSecretProvider, falling back to use random secrets. Reason: Could not read signature secret file: /home/runner/hadoop-http-auth-signature-secret
2022-10-14 14:33:42,967 [Listener at 127.0.0.1/41295] WARN  http.HttpRequestLog (HttpRequestLog.java:getRequestLog(103)) - Jetty request log can only be enabled using Log4j
2022-10-14 14:33:42,968 [Listener at 127.0.0.1/41295] INFO  http.HttpServer2 (HttpServer2.java:addGlobalFilter(1031)) - Added global filter 'safety' (class=org.apache.hadoop.hdds.server.http.HttpServer2$QuotingInputFilter)
2022-10-14 14:33:42,969 [Listener at 127.0.0.1/41295] INFO  http.HttpServer2 (HttpServer2.java:addFilter(1007)) - Added filter static_user_filter (class=org.apache.hadoop.http.lib.StaticUserWebFilter$StaticUserFilter) to context hddsDatanode
2022-10-14 14:33:42,969 [Listener at 127.0.0.1/41295] INFO  http.HttpServer2 (HttpServer2.java:addFilter(1015)) - Added filter static_user_filter (class=org.apache.hadoop.http.lib.StaticUserWebFilter$StaticUserFilter) to context logs
2022-10-14 14:33:42,969 [Listener at 127.0.0.1/41295] INFO  http.HttpServer2 (HttpServer2.java:addFilter(1015)) - Added filter static_user_filter (class=org.apache.hadoop.http.lib.StaticUserWebFilter$StaticUserFilter) to context static
2022-10-14 14:33:42,969 [Listener at 127.0.0.1/41295] INFO  http.HttpServer2 (HttpServer2.java:bindListener(1250)) - Jetty bound to port 35615
2022-10-14 14:33:42,969 [Listener at 127.0.0.1/41295] INFO  server.Server (Server.java:doStart(375)) - jetty-9.4.43.v20210629; built: 2021-06-30T11:07:22.254Z; git: 526006ecfa3af7f1a27ef3a288e2bef7ea9dd7e8; jvm 1.8.0_345-b01
2022-10-14 14:33:42,972 [Listener at 127.0.0.1/41295] INFO  server.session (DefaultSessionIdManager.java:doStart(334)) - DefaultSessionIdManager workerName=node0
2022-10-14 14:33:42,972 [Listener at 127.0.0.1/41295] INFO  server.session (DefaultSessionIdManager.java:doStart(339)) - No SessionScavenger set, using defaults
2022-10-14 14:33:42,972 [Listener at 127.0.0.1/41295] INFO  server.session (HouseKeeper.java:startScavenging(132)) - node0 Scavenging every 660000ms
2022-10-14 14:33:42,973 [Listener at 127.0.0.1/41295] INFO  handler.ContextHandler (ContextHandler.java:doStart(915)) - Started o.e.j.s.ServletContextHandler@544ee73{logs,/logs,file:///home/runner/work/ozone/ozone/hadoop-ozone/integration-test/target/log,AVAILABLE}
2022-10-14 14:33:42,973 [Listener at 127.0.0.1/41295] INFO  handler.ContextHandler (ContextHandler.java:doStart(915)) - Started o.e.j.s.ServletContextHandler@6aa7b2bc{static,/static,jar:file:/home/runner/.m2/repository/org/apache/ozone/hdds-container-service/1.3.0-SNAPSHOT/hdds-container-service-1.3.0-SNAPSHOT.jar!/webapps/static,AVAILABLE}
2022-10-14 14:33:43,080 [omNode-1@group-6C22E66A003A-FollowerState] INFO  impl.FollowerState (FollowerState.java:run(143)) - omNode-1@group-6C22E66A003A-FollowerState: change to CANDIDATE, lastRpcElapsedTime:1082516955ns, electionTimeout:1073ms
2022-10-14 14:33:43,080 [omNode-1@group-6C22E66A003A-FollowerState] INFO  impl.RoleInfo (RoleInfo.java:shutdownFollowerState(110)) - omNode-1: shutdown omNode-1@group-6C22E66A003A-FollowerState
2022-10-14 14:33:43,080 [omNode-1@group-6C22E66A003A-FollowerState] INFO  server.RaftServer$Division (RaftServerImpl.java:setRole(299)) - omNode-1@group-6C22E66A003A: changes role from  FOLLOWER to CANDIDATE at term 2 for changeToCandidate
2022-10-14 14:33:43,081 [omNode-1@group-6C22E66A003A-FollowerState] INFO  server.RaftServerConfigKeys (ConfUtils.java:logGet(46)) - raft.server.leaderelection.pre-vote = false (custom)
2022-10-14 14:33:43,081 [omNode-1@group-6C22E66A003A-FollowerState] INFO  impl.RoleInfo (RoleInfo.java:updateAndGet(139)) - omNode-1: start omNode-1@group-6C22E66A003A-LeaderElection6
2022-10-14 14:33:43,084 [omNode-1@group-6C22E66A003A-LeaderElection6] INFO  impl.LeaderElection (LeaderElection.java:askForVotes(310)) - omNode-1@group-6C22E66A003A-LeaderElection6 ELECTION round 0: submit vote requests at term 3 for -1: [omNode-3|rpc:localhost:34495|priority:0, omNode-1|rpc:localhost:39741|priority:0, omNode-2|rpc:localhost:42271|priority:0], old=null
2022-10-14 14:33:43,087 [omNode-1@group-6C22E66A003A-LeaderElection6] INFO  impl.LeaderElection (LogUtils.java:infoOrTrace(137)) - omNode-1@group-6C22E66A003A-LeaderElection6 got exception when requesting votes: java.util.concurrent.ExecutionException: org.apache.ratis.thirdparty.io.grpc.StatusRuntimeException: UNAVAILABLE: io exception
2022-10-14 14:33:43,093 [grpc-default-executor-3] INFO  server.RaftServer$Division (RaftServerImpl.java:requestVote(1152)) - omNode-2@group-6C22E66A003A: receive requestVote(ELECTION, omNode-1, group-6C22E66A003A, 3, (t:0, i:~))
2022-10-14 14:33:43,093 [grpc-default-executor-3] INFO  impl.VoteContext (VoteContext.java:log(48)) - omNode-2@group-6C22E66A003A-FOLLOWER: reject ELECTION from omNode-1: our last entry (t:1, i:0) > candidate's last entry (t:0, i:~)
2022-10-14 14:33:43,093 [grpc-default-executor-3] INFO  server.RaftServer$Division (RaftServerImpl.java:setRole(299)) - omNode-2@group-6C22E66A003A: changes role from  FOLLOWER to FOLLOWER at term 3 for candidate:omNode-1
2022-10-14 14:33:43,093 [grpc-default-executor-3] INFO  impl.RoleInfo (RoleInfo.java:shutdownFollowerState(110)) - omNode-2: shutdown omNode-2@group-6C22E66A003A-FollowerState
2022-10-14 14:33:43,093 [grpc-default-executor-3] INFO  impl.RoleInfo (RoleInfo.java:updateAndGet(139)) - omNode-2: start omNode-2@group-6C22E66A003A-FollowerState
2022-10-14 14:33:43,093 [omNode-2@group-6C22E66A003A-FollowerState] INFO  impl.FollowerState (FollowerState.java:run(152)) - omNode-2@group-6C22E66A003A-FollowerState was interrupted
2022-10-14 14:33:43,096 [grpc-default-executor-3] INFO  server.RaftServer$Division (RaftServerImpl.java:requestVote(1184)) - omNode-2@group-6C22E66A003A replies to ELECTION vote request: omNode-1<-omNode-2#0:FAIL-t3. Peer's state: omNode-2@group-6C22E66A003A:t3, leader=null, voted=null, raftlog=omNode-2@group-6C22E66A003A-SegmentedRaftLog:OPENED:c0, conf=0: [omNode-3|rpc:localhost:34495|admin:|client:|dataStream:|priority:0, omNode-1|rpc:localhost:39741|admin:|client:|dataStream:|priority:0, omNode-2|rpc:localhost:42271|admin:|client:|dataStream:|priority:0], old=null
2022-10-14 14:33:43,108 [omNode-1@group-6C22E66A003A-LeaderElection6] INFO  impl.LeaderElection (LeaderElection.java:logAndReturn(90)) - omNode-1@group-6C22E66A003A-LeaderElection6: ELECTION REJECTED received 1 response(s) and 1 exception(s):
2022-10-14 14:33:43,108 [omNode-1@group-6C22E66A003A-LeaderElection6] INFO  impl.LeaderElection (LeaderElection.java:logAndReturn(94)) -   Response 0: omNode-1<-omNode-2#0:FAIL-t3
2022-10-14 14:33:43,108 [omNode-1@group-6C22E66A003A-LeaderElection6] INFO  impl.LeaderElection (LogUtils.java:infoOrTrace(137)) -   Exception 1: java.util.concurrent.ExecutionException: org.apache.ratis.thirdparty.io.grpc.StatusRuntimeException: UNAVAILABLE: io exception
2022-10-14 14:33:43,109 [omNode-1@group-6C22E66A003A-LeaderElection6] INFO  impl.LeaderElection (LeaderElection.java:askForVotes(312)) - omNode-1@group-6C22E66A003A-LeaderElection6 ELECTION round 0: result REJECTED
2022-10-14 14:33:43,109 [omNode-1@group-6C22E66A003A-LeaderElection6] INFO  server.RaftServer$Division (RaftServerImpl.java:setRole(299)) - omNode-1@group-6C22E66A003A: changes role from CANDIDATE to FOLLOWER at term 3 for REJECTED
2022-10-14 14:33:43,109 [omNode-1@group-6C22E66A003A-LeaderElection6] INFO  impl.RoleInfo (RoleInfo.java:shutdownLeaderElection(130)) - omNode-1: shutdown omNode-1@group-6C22E66A003A-LeaderElection6
2022-10-14 14:33:43,109 [omNode-1@group-6C22E66A003A-LeaderElection6] INFO  impl.RoleInfo (RoleInfo.java:updateAndGet(139)) - omNode-1: start omNode-1@group-6C22E66A003A-FollowerState
2022-10-14 14:33:43,190 [Listener at 127.0.0.1/41295] INFO  handler.ContextHandler (ContextHandler.java:doStart(915)) - Started o.e.j.w.WebAppContext@19b5465c{hddsDatanode,/,file:///tmp/jetty-0_0_0_0-35615-hdds-container-service-1_3_0-SNAPSHOT_jar-_-any-2990207980392394787/webapp/,AVAILABLE}{jar:file:/home/runner/.m2/repository/org/apache/ozone/hdds-container-service/1.3.0-SNAPSHOT/hdds-container-service-1.3.0-SNAPSHOT.jar!/webapps/hddsDatanode}
2022-10-14 14:33:43,194 [Listener at 127.0.0.1/41295] INFO  server.AbstractConnector (AbstractConnector.java:doStart(331)) - Started ServerConnector@218f2c98{HTTP/1.1, (http/1.1)}{0.0.0.0:35615}
2022-10-14 14:33:43,194 [Listener at 127.0.0.1/41295] INFO  server.Server (Server.java:doStart(415)) - Started @23971ms
2022-10-14 14:33:43,194 [Listener at 127.0.0.1/41295] WARN  impl.MetricsSystemImpl (MetricsSystemImpl.java:register(279)) - Sink prometheus already exists!
2022-10-14 14:33:43,194 [Listener at 127.0.0.1/41295] INFO  http.BaseHttpServer (BaseHttpServer.java:updateConnectorAddress(333)) - HTTP server of hddsDatanode listening at http://0.0.0.0:35615
2022-10-14 14:33:43,195 [Listener at 127.0.0.1/41295] WARN  impl.MetricRegistriesImpl (MetricRegistriesImpl.java:addReporterRegistration(111)) - New reporters are added after registries were created. Some metrics will be missing from the reporter. Please add reporter before adding any new registry.
2022-10-14 14:33:43,195 [Listener at 127.0.0.1/41295] WARN  impl.MetricRegistriesImpl (MetricRegistriesImpl.java:addReporterRegistration(111)) - New reporters are added after registries were created. Some metrics will be missing from the reporter. Please add reporter before adding any new registry.
2022-10-14 14:33:43,195 [Listener at 127.0.0.1/41295] INFO  impl.MetricsSystemImpl (MetricsSystemImpl.java:init(158)) - HddsDatanode metrics system started (again)
2022-10-14 14:33:43,202 [Datanode State Machine Daemon Thread] INFO  statemachine.DatanodeStateMachine (DatanodeStateMachine.java:lambda$startDaemon$0(492)) - Ozone container server started.
2022-10-14 14:33:43,206 [org.apache.hadoop.util.JvmPauseMonitor$Monitor@7dc0cc85] INFO  util.JvmPauseMonitor (JvmPauseMonitor.java:run(188)) - Starting JVM pause monitor
2022-10-14 14:33:43,211 [Listener at 127.0.0.1/41295] INFO  ozone.HddsDatanodeService (HddsDatanodeService.java:start(236)) - HddsDatanodeService host:fv-az318-86.ewvrrcgabbbubjc05i3n4a3pph.dx.internal.cloudapp.net ip:10.1.0.20
2022-10-14 14:33:43,211 [Datanode State Machine Task Thread - 0] INFO  ha.SCMNodeInfo (SCMNodeInfo.java:getPort(197)) - ConfigKey ozone.scm.client.address is deprecated, For configuring different ports for each SCM use PortConfigKey ozone.scm.client.port appended with serviceId and nodeId
2022-10-14 14:33:43,211 [Datanode State Machine Task Thread - 0] INFO  ha.SCMNodeInfo (SCMNodeInfo.java:getPort(197)) - ConfigKey ozone.scm.block.client.address is deprecated, For configuring different ports for each SCM use PortConfigKey ozone.scm.block.client.port appended with serviceId and nodeId
2022-10-14 14:33:43,211 [Datanode State Machine Task Thread - 0] INFO  ha.SCMNodeInfo (SCMNodeInfo.java:getPort(197)) - ConfigKey ozone.scm.datanode.address is deprecated, For configuring different ports for each SCM use PortConfigKey ozone.scm.datanode.port appended with serviceId and nodeId
2022-10-14 14:33:43,211 [Datanode State Machine Task Thread - 0] INFO  ha.SCMNodeInfo (SCMNodeInfo.java:getPort(197)) - ConfigKey ozone.scm.client.address is deprecated, For configuring different ports for each SCM use PortConfigKey ozone.scm.client.port appended with serviceId and nodeId
2022-10-14 14:33:43,211 [Datanode State Machine Task Thread - 0] INFO  ha.SCMNodeInfo (SCMNodeInfo.java:getPort(197)) - ConfigKey ozone.scm.block.client.address is deprecated, For configuring different ports for each SCM use PortConfigKey ozone.scm.block.client.port appended with serviceId and nodeId
2022-10-14 14:33:43,211 [Datanode State Machine Task Thread - 0] INFO  ha.SCMNodeInfo (SCMNodeInfo.java:getPort(197)) - ConfigKey ozone.scm.datanode.address is deprecated, For configuring different ports for each SCM use PortConfigKey ozone.scm.datanode.port appended with serviceId and nodeId
2022-10-14 14:33:43,211 [Datanode State Machine Task Thread - 0] INFO  ha.SCMNodeInfo (SCMNodeInfo.java:getPort(197)) - ConfigKey ozone.scm.client.address is deprecated, For configuring different ports for each SCM use PortConfigKey ozone.scm.client.port appended with serviceId and nodeId
2022-10-14 14:33:43,212 [Datanode State Machine Task Thread - 0] INFO  ha.SCMNodeInfo (SCMNodeInfo.java:getPort(197)) - ConfigKey ozone.scm.block.client.address is deprecated, For configuring different ports for each SCM use PortConfigKey ozone.scm.block.client.port appended with serviceId and nodeId
2022-10-14 14:33:43,212 [Datanode State Machine Task Thread - 0] INFO  ha.SCMNodeInfo (SCMNodeInfo.java:getPort(197)) - ConfigKey ozone.scm.datanode.address is deprecated, For configuring different ports for each SCM use PortConfigKey ozone.scm.datanode.port appended with serviceId and nodeId
2022-10-14 14:33:43,227 [Datanode State Machine Task Thread - 0] INFO  datanode.InitDatanodeState (InitDatanodeState.java:persistContainerDatanodeDetails(138)) - DatanodeDetails is persisted to /home/runner/work/ozone/ozone/hadoop-ozone/integration-test/target/test-dir/MiniOzoneClusterImpl-d3474758-561c-4776-8c9d-79a83af4ab20/datanode-1/meta/datanode.id
2022-10-14 14:33:43,260 [Listener at 127.0.0.1/41295] INFO  upgrade.AbstractLayoutVersionManager (AbstractLayoutVersionManager.java:init(83)) - Initializing Layout version manager with metadata layout = DATANODE_SCHEMA_V3 (version = 4), software layout = DATANODE_SCHEMA_V3 (version = 4)
2022-10-14 14:33:43,309 [Listener at 127.0.0.1/41295] INFO  reflections.Reflections (Reflections.java:scan(232)) - Reflections took 47 ms to scan 7 urls, producing 137 keys and 328 values 
2022-10-14 14:33:43,311 [Listener at 127.0.0.1/41295] INFO  ha.SCMNodeInfo (SCMNodeInfo.java:getPort(197)) - ConfigKey ozone.scm.client.address is deprecated, For configuring different ports for each SCM use PortConfigKey ozone.scm.client.port appended with serviceId and nodeId
2022-10-14 14:33:43,311 [Listener at 127.0.0.1/41295] INFO  ha.SCMNodeInfo (SCMNodeInfo.java:getPort(197)) - ConfigKey ozone.scm.block.client.address is deprecated, For configuring different ports for each SCM use PortConfigKey ozone.scm.block.client.port appended with serviceId and nodeId
2022-10-14 14:33:43,311 [Listener at 127.0.0.1/41295] INFO  ha.SCMNodeInfo (SCMNodeInfo.java:getPort(197)) - ConfigKey ozone.scm.datanode.address is deprecated, For configuring different ports for each SCM use PortConfigKey ozone.scm.datanode.port appended with serviceId and nodeId
2022-10-14 14:33:43,311 [Listener at 127.0.0.1/41295] INFO  ha.SCMNodeInfo (SCMNodeInfo.java:getPort(197)) - ConfigKey ozone.scm.client.address is deprecated, For configuring different ports for each SCM use PortConfigKey ozone.scm.client.port appended with serviceId and nodeId
2022-10-14 14:33:43,311 [Listener at 127.0.0.1/41295] INFO  ha.SCMNodeInfo (SCMNodeInfo.java:getPort(197)) - ConfigKey ozone.scm.block.client.address is deprecated, For configuring different ports for each SCM use PortConfigKey ozone.scm.block.client.port appended with serviceId and nodeId
2022-10-14 14:33:43,311 [Listener at 127.0.0.1/41295] INFO  ha.SCMNodeInfo (SCMNodeInfo.java:getPort(197)) - ConfigKey ozone.scm.datanode.address is deprecated, For configuring different ports for each SCM use PortConfigKey ozone.scm.datanode.port appended with serviceId and nodeId
2022-10-14 14:33:43,311 [Listener at 127.0.0.1/41295] INFO  ha.SCMNodeInfo (SCMNodeInfo.java:getPort(197)) - ConfigKey ozone.scm.client.address is deprecated, For configuring different ports for each SCM use PortConfigKey ozone.scm.client.port appended with serviceId and nodeId
2022-10-14 14:33:43,311 [Listener at 127.0.0.1/41295] INFO  ha.SCMNodeInfo (SCMNodeInfo.java:getPort(197)) - ConfigKey ozone.scm.block.client.address is deprecated, For configuring different ports for each SCM use PortConfigKey ozone.scm.block.client.port appended with serviceId and nodeId
2022-10-14 14:33:43,311 [Listener at 127.0.0.1/41295] INFO  ha.SCMNodeInfo (SCMNodeInfo.java:getPort(197)) - ConfigKey ozone.scm.datanode.address is deprecated, For configuring different ports for each SCM use PortConfigKey ozone.scm.datanode.port appended with serviceId and nodeId
2022-10-14 14:33:43,311 [Listener at 127.0.0.1/41295] INFO  statemachine.DatanodeStateMachine (DatanodeStateMachine.java:getEndPointTaskThreadPoolSize(237)) - Datanode State Machine Task Thread Pool size 4
2022-10-14 14:33:43,313 [Listener at 127.0.0.1/41295] INFO  volume.HddsVolume (HddsVolume.java:<init>(117)) - Creating HddsVolume: /home/runner/work/ozone/ozone/hadoop-ozone/integration-test/target/test-dir/MiniOzoneClusterImpl-d3474758-561c-4776-8c9d-79a83af4ab20/datanode-2/data-0/containers/hdds of storage type : DISK capacity : 9223372036854775807
2022-10-14 14:33:43,313 [Listener at 127.0.0.1/41295] INFO  volume.MutableVolumeSet (MutableVolumeSet.java:initializeVolumeSet(174)) - Added Volume : /home/runner/work/ozone/ozone/hadoop-ozone/integration-test/target/test-dir/MiniOzoneClusterImpl-d3474758-561c-4776-8c9d-79a83af4ab20/datanode-2/data-0/containers/hdds to VolumeSet
2022-10-14 14:33:43,314 [Listener at 127.0.0.1/41295] INFO  volume.ThrottledAsyncChecker (ThrottledAsyncChecker.java:schedule(141)) - Scheduling a check for /home/runner/work/ozone/ozone/hadoop-ozone/integration-test/target/test-dir/MiniOzoneClusterImpl-d3474758-561c-4776-8c9d-79a83af4ab20/datanode-2/data-0/containers/hdds
2022-10-14 14:33:43,315 [Listener at 127.0.0.1/41295] INFO  volume.StorageVolumeChecker (StorageVolumeChecker.java:checkAllVolumes(202)) - Scheduled health check for volume /home/runner/work/ozone/ozone/hadoop-ozone/integration-test/target/test-dir/MiniOzoneClusterImpl-d3474758-561c-4776-8c9d-79a83af4ab20/datanode-2/data-0/containers/hdds
2022-10-14 14:33:43,333 [Listener at 127.0.0.1/41295] INFO  volume.MutableVolumeSet (MutableVolumeSet.java:initializeVolumeSet(174)) - Added Volume : /home/runner/work/ozone/ozone/hadoop-ozone/integration-test/target/test-dir/MiniOzoneClusterImpl-d3474758-561c-4776-8c9d-79a83af4ab20/datanode-2/data/ratis to VolumeSet
2022-10-14 14:33:43,333 [Listener at 127.0.0.1/41295] INFO  volume.ThrottledAsyncChecker (ThrottledAsyncChecker.java:schedule(141)) - Scheduling a check for /home/runner/work/ozone/ozone/hadoop-ozone/integration-test/target/test-dir/MiniOzoneClusterImpl-d3474758-561c-4776-8c9d-79a83af4ab20/datanode-2/data/ratis
2022-10-14 14:33:43,335 [Listener at 127.0.0.1/41295] INFO  volume.StorageVolumeChecker (StorageVolumeChecker.java:checkAllVolumes(202)) - Scheduled health check for volume /home/runner/work/ozone/ozone/hadoop-ozone/integration-test/target/test-dir/MiniOzoneClusterImpl-d3474758-561c-4776-8c9d-79a83af4ab20/datanode-2/data/ratis
2022-10-14 14:33:43,347 [Thread-736] INFO  ozoneimpl.ContainerReader (ContainerReader.java:readVolume(175)) - Finish verifying containers on volume /home/runner/work/ozone/ozone/hadoop-ozone/integration-test/target/test-dir/MiniOzoneClusterImpl-d3474758-561c-4776-8c9d-79a83af4ab20/datanode-2/data-0/containers/hdds
2022-10-14 14:33:43,347 [Listener at 127.0.0.1/41295] INFO  ozoneimpl.OzoneContainer (OzoneContainer.java:buildContainerSet(300)) - Build ContainerSet costs 0s
2022-10-14 14:33:43,353 [Listener at 127.0.0.1/41295] INFO  server.RaftServer (ConfUtils.java:logGet(46)) - raft.rpc.type = GRPC (default)
2022-10-14 14:33:43,353 [Listener at 127.0.0.1/41295] INFO  grpc.GrpcFactory (GrpcFactory.java:checkPooledByteBufAllocatorUseCacheForAllThreads(48)) - PERFORMANCE WARNING: useCacheForAllThreads is true that may cause Netty to create a lot garbage objects and, as a result, trigger GC.
	It is recommended to disable useCacheForAllThreads by setting -Dorg.apache.ratis.thirdparty.io.netty.allocator.useCacheForAllThreads=false in command line.
2022-10-14 14:33:43,353 [Listener at 127.0.0.1/41295] INFO  grpc.GrpcConfigKeys (ConfUtils.java:logGet(46)) - raft.grpc.admin.port = 0 (custom)
2022-10-14 14:33:43,353 [Listener at 127.0.0.1/41295] INFO  grpc.GrpcConfigKeys (ConfUtils.java:logGet(46)) - raft.grpc.client.port = 0 (custom)
2022-10-14 14:33:43,353 [Listener at 127.0.0.1/41295] INFO  grpc.GrpcConfigKeys (ConfUtils.java:logGet(46)) - raft.grpc.server.port = 0 (default)
2022-10-14 14:33:43,353 [Listener at 127.0.0.1/41295] INFO  server.GrpcService (ConfUtils.java:logGet(46)) - raft.grpc.message.size.max = 32MB (=33554432) (custom)
2022-10-14 14:33:43,354 [Listener at 127.0.0.1/41295] INFO  server.RaftServerConfigKeys (ConfUtils.java:logGet(46)) - raft.server.log.appender.buffer.byte-limit = 33554432 (custom)
2022-10-14 14:33:43,354 [Listener at 127.0.0.1/41295] INFO  server.GrpcService (ConfUtils.java:logGet(46)) - raft.grpc.flow.control.window = 5MB (=5242880) (custom)
2022-10-14 14:33:43,354 [Listener at 127.0.0.1/41295] INFO  server.RaftServerConfigKeys (ConfUtils.java:logGet(46)) - raft.server.rpc.request.timeout = 60s (custom)
2022-10-14 14:33:43,354 [Listener at 127.0.0.1/41295] INFO  grpc.GrpcConfigKeys (ConfUtils.java:logGet(46)) - raft.grpc.server.async.request.thread.pool.cached = true (default)
2022-10-14 14:33:43,354 [Listener at 127.0.0.1/41295] INFO  grpc.GrpcConfigKeys (ConfUtils.java:logGet(46)) - raft.grpc.server.async.request.thread.pool.size = 32 (default)
2022-10-14 14:33:43,355 [Listener at 127.0.0.1/41295] INFO  impl.DataStreamServerImpl (ConfUtils.java:logGet(46)) - raft.datastream.type = DISABLED (default)
2022-10-14 14:33:43,355 [Listener at 127.0.0.1/41295] INFO  server.RaftServerConfigKeys (ConfUtils.java:logGet(46)) - raft.server.threadpool.proxy.cached = true (default)
2022-10-14 14:33:43,355 [Listener at 127.0.0.1/41295] INFO  server.RaftServerConfigKeys (ConfUtils.java:logGet(46)) - raft.server.threadpool.proxy.size = 0 (default)
2022-10-14 14:33:43,355 [Listener at 127.0.0.1/41295] INFO  server.RaftServerConfigKeys (ConfUtils.java:logGet(46)) - raft.server.rpc.slowness.timeout = 300s (custom)
2022-10-14 14:33:43,355 [Listener at 127.0.0.1/41295] INFO  server.RaftServerConfigKeys (ConfUtils.java:logGet(46)) - raft.server.leaderelection.leader.step-down.wait-time = 10s (default)
2022-10-14 14:33:43,356 [Listener at 127.0.0.1/41295] INFO  server.RaftServerConfigKeys (ConfUtils.java:logGet(46)) - raft.server.storage.dir = [/home/runner/work/ozone/ozone/hadoop-ozone/integration-test/target/test-dir/MiniOzoneClusterImpl-d3474758-561c-4776-8c9d-79a83af4ab20/datanode-2/data/ratis] (custom)
2022-10-14 14:33:43,359 [Listener at 127.0.0.1/41295] INFO  server.XceiverServerGrpc (XceiverServerGrpc.java:<init>(132)) - GrpcServer channel type EpollServerSocketChannel
2022-10-14 14:33:43,367 [Listener at 127.0.0.1/41295] INFO  http.BaseHttpServer (BaseHttpServer.java:newHttpServer2BuilderForOzone(213)) - Starting Web-server for hddsDatanode at: http://0.0.0.0:0
2022-10-14 14:33:43,367 [Listener at 127.0.0.1/41295] INFO  http.BaseHttpServer (BaseHttpServer.java:<init>(108)) - Hadoop Security Enabled: false Ozone Security Enabled: false Ozone HTTP Security Enabled: false 
2022-10-14 14:33:43,368 [Listener at 127.0.0.1/41295] WARN  server.AuthenticationFilter (AuthenticationFilter.java:constructSecretProvider(240)) - Unable to initialize FileSignerSecretProvider, falling back to use random secrets. Reason: Could not read signature secret file: /home/runner/hadoop-http-auth-signature-secret
2022-10-14 14:33:43,370 [Listener at 127.0.0.1/41295] WARN  http.HttpRequestLog (HttpRequestLog.java:getRequestLog(103)) - Jetty request log can only be enabled using Log4j
2022-10-14 14:33:43,372 [Listener at 127.0.0.1/41295] INFO  http.HttpServer2 (HttpServer2.java:addGlobalFilter(1031)) - Added global filter 'safety' (class=org.apache.hadoop.hdds.server.http.HttpServer2$QuotingInputFilter)
2022-10-14 14:33:43,373 [Listener at 127.0.0.1/41295] INFO  http.HttpServer2 (HttpServer2.java:addFilter(1007)) - Added filter static_user_filter (class=org.apache.hadoop.http.lib.StaticUserWebFilter$StaticUserFilter) to context hddsDatanode
2022-10-14 14:33:43,374 [Listener at 127.0.0.1/41295] INFO  http.HttpServer2 (HttpServer2.java:addFilter(1015)) - Added filter static_user_filter (class=org.apache.hadoop.http.lib.StaticUserWebFilter$StaticUserFilter) to context logs
2022-10-14 14:33:43,374 [Listener at 127.0.0.1/41295] INFO  http.HttpServer2 (HttpServer2.java:addFilter(1015)) - Added filter static_user_filter (class=org.apache.hadoop.http.lib.StaticUserWebFilter$StaticUserFilter) to context static
2022-10-14 14:33:43,378 [Listener at 127.0.0.1/41295] INFO  http.HttpServer2 (HttpServer2.java:bindListener(1250)) - Jetty bound to port 39745
2022-10-14 14:33:43,378 [Listener at 127.0.0.1/41295] INFO  server.Server (Server.java:doStart(375)) - jetty-9.4.43.v20210629; built: 2021-06-30T11:07:22.254Z; git: 526006ecfa3af7f1a27ef3a288e2bef7ea9dd7e8; jvm 1.8.0_345-b01
2022-10-14 14:33:43,379 [Listener at 127.0.0.1/41295] INFO  server.session (DefaultSessionIdManager.java:doStart(334)) - DefaultSessionIdManager workerName=node0
2022-10-14 14:33:43,379 [Listener at 127.0.0.1/41295] INFO  server.session (DefaultSessionIdManager.java:doStart(339)) - No SessionScavenger set, using defaults
2022-10-14 14:33:43,380 [Listener at 127.0.0.1/41295] INFO  server.session (HouseKeeper.java:startScavenging(132)) - node0 Scavenging every 600000ms
2022-10-14 14:33:43,380 [Listener at 127.0.0.1/41295] INFO  handler.ContextHandler (ContextHandler.java:doStart(915)) - Started o.e.j.s.ServletContextHandler@35dd762e{logs,/logs,file:///home/runner/work/ozone/ozone/hadoop-ozone/integration-test/target/log,AVAILABLE}
2022-10-14 14:33:43,381 [Listener at 127.0.0.1/41295] INFO  handler.ContextHandler (ContextHandler.java:doStart(915)) - Started o.e.j.s.ServletContextHandler@6334400{static,/static,jar:file:/home/runner/.m2/repository/org/apache/ozone/hdds-container-service/1.3.0-SNAPSHOT/hdds-container-service-1.3.0-SNAPSHOT.jar!/webapps/static,AVAILABLE}
2022-10-14 14:33:43,573 [Listener at 127.0.0.1/41295] INFO  handler.ContextHandler (ContextHandler.java:doStart(915)) - Started o.e.j.w.WebAppContext@1cf963fa{hddsDatanode,/,file:///tmp/jetty-0_0_0_0-39745-hdds-container-service-1_3_0-SNAPSHOT_jar-_-any-6690764065786215470/webapp/,AVAILABLE}{jar:file:/home/runner/.m2/repository/org/apache/ozone/hdds-container-service/1.3.0-SNAPSHOT/hdds-container-service-1.3.0-SNAPSHOT.jar!/webapps/hddsDatanode}
2022-10-14 14:33:43,578 [Listener at 127.0.0.1/41295] INFO  server.AbstractConnector (AbstractConnector.java:doStart(331)) - Started ServerConnector@120699fb{HTTP/1.1, (http/1.1)}{0.0.0.0:39745}
2022-10-14 14:33:43,579 [Listener at 127.0.0.1/41295] INFO  server.Server (Server.java:doStart(415)) - Started @24355ms
2022-10-14 14:33:43,579 [Listener at 127.0.0.1/41295] WARN  impl.MetricsSystemImpl (MetricsSystemImpl.java:register(279)) - Sink prometheus already exists!
2022-10-14 14:33:43,579 [Listener at 127.0.0.1/41295] INFO  http.BaseHttpServer (BaseHttpServer.java:updateConnectorAddress(333)) - HTTP server of hddsDatanode listening at http://0.0.0.0:39745
2022-10-14 14:33:43,581 [Datanode State Machine Daemon Thread] INFO  statemachine.DatanodeStateMachine (DatanodeStateMachine.java:lambda$startDaemon$0(492)) - Ozone container server started.
2022-10-14 14:33:43,587 [Listener at 127.0.0.1/41295] INFO  ozone.MiniOzoneClusterImpl (MiniOzoneClusterImpl.java:lambda$waitForClusterToBeReady$0(216)) - Waiting for nodes to be ready. Got 0 of 3 DN Heartbeats.
2022-10-14 14:33:43,588 [Listener at 127.0.0.1/41295] INFO  ozone.MiniOzoneClusterImpl (MiniOzoneClusterImpl.java:lambda$waitForClusterToBeReady$0(219)) - Waiting for cluster to exit safe mode
2022-10-14 14:33:43,588 [Listener at 127.0.0.1/41295] INFO  ozone.MiniOzoneClusterImpl (MiniOzoneClusterImpl.java:lambda$waitForClusterToBeReady$0(221)) - SCM became leader
2022-10-14 14:33:43,592 [org.apache.hadoop.util.JvmPauseMonitor$Monitor@737c6c92] INFO  util.JvmPauseMonitor (JvmPauseMonitor.java:run(188)) - Starting JVM pause monitor
2022-10-14 14:33:43,593 [Datanode State Machine Task Thread - 0] INFO  ha.SCMNodeInfo (SCMNodeInfo.java:getPort(197)) - ConfigKey ozone.scm.client.address is deprecated, For configuring different ports for each SCM use PortConfigKey ozone.scm.client.port appended with serviceId and nodeId
2022-10-14 14:33:43,593 [Datanode State Machine Task Thread - 0] INFO  ha.SCMNodeInfo (SCMNodeInfo.java:getPort(197)) - ConfigKey ozone.scm.block.client.address is deprecated, For configuring different ports for each SCM use PortConfigKey ozone.scm.block.client.port appended with serviceId and nodeId
2022-10-14 14:33:43,593 [Datanode State Machine Task Thread - 0] INFO  ha.SCMNodeInfo (SCMNodeInfo.java:getPort(197)) - ConfigKey ozone.scm.datanode.address is deprecated, For configuring different ports for each SCM use PortConfigKey ozone.scm.datanode.port appended with serviceId and nodeId
2022-10-14 14:33:43,593 [Datanode State Machine Task Thread - 0] INFO  ha.SCMNodeInfo (SCMNodeInfo.java:getPort(197)) - ConfigKey ozone.scm.client.address is deprecated, For configuring different ports for each SCM use PortConfigKey ozone.scm.client.port appended with serviceId and nodeId
2022-10-14 14:33:43,593 [Datanode State Machine Task Thread - 0] INFO  ha.SCMNodeInfo (SCMNodeInfo.java:getPort(197)) - ConfigKey ozone.scm.block.client.address is deprecated, For configuring different ports for each SCM use PortConfigKey ozone.scm.block.client.port appended with serviceId and nodeId
2022-10-14 14:33:43,593 [Datanode State Machine Task Thread - 0] INFO  ha.SCMNodeInfo (SCMNodeInfo.java:getPort(197)) - ConfigKey ozone.scm.datanode.address is deprecated, For configuring different ports for each SCM use PortConfigKey ozone.scm.datanode.port appended with serviceId and nodeId
2022-10-14 14:33:43,593 [Datanode State Machine Task Thread - 0] INFO  ha.SCMNodeInfo (SCMNodeInfo.java:getPort(197)) - ConfigKey ozone.scm.client.address is deprecated, For configuring different ports for each SCM use PortConfigKey ozone.scm.client.port appended with serviceId and nodeId
2022-10-14 14:33:43,593 [Datanode State Machine Task Thread - 0] INFO  ha.SCMNodeInfo (SCMNodeInfo.java:getPort(197)) - ConfigKey ozone.scm.block.client.address is deprecated, For configuring different ports for each SCM use PortConfigKey ozone.scm.block.client.port appended with serviceId and nodeId
2022-10-14 14:33:43,593 [Datanode State Machine Task Thread - 0] INFO  ha.SCMNodeInfo (SCMNodeInfo.java:getPort(197)) - ConfigKey ozone.scm.datanode.address is deprecated, For configuring different ports for each SCM use PortConfigKey ozone.scm.datanode.port appended with serviceId and nodeId
2022-10-14 14:33:43,597 [Datanode State Machine Task Thread - 0] INFO  datanode.InitDatanodeState (InitDatanodeState.java:persistContainerDatanodeDetails(138)) - DatanodeDetails is persisted to /home/runner/work/ozone/ozone/hadoop-ozone/integration-test/target/test-dir/MiniOzoneClusterImpl-d3474758-561c-4776-8c9d-79a83af4ab20/datanode-2/meta/datanode.id
2022-10-14 14:33:43,929 [omNode-3@group-6C22E66A003A-FollowerState] INFO  impl.FollowerState (FollowerState.java:run(143)) - omNode-3@group-6C22E66A003A-FollowerState: change to CANDIDATE, lastRpcElapsedTime:1943592360ns, electionTimeout:1018ms
2022-10-14 14:33:43,929 [omNode-3@group-6C22E66A003A-FollowerState] INFO  impl.RoleInfo (RoleInfo.java:shutdownFollowerState(110)) - omNode-3: shutdown omNode-3@group-6C22E66A003A-FollowerState
2022-10-14 14:33:43,929 [omNode-3@group-6C22E66A003A-FollowerState] INFO  server.RaftServer$Division (RaftServerImpl.java:setRole(299)) - omNode-3@group-6C22E66A003A: changes role from  FOLLOWER to CANDIDATE at term 1 for changeToCandidate
2022-10-14 14:33:43,929 [omNode-3@group-6C22E66A003A-FollowerState] INFO  server.RaftServerConfigKeys (ConfUtils.java:logGet(46)) - raft.server.leaderelection.pre-vote = false (custom)
2022-10-14 14:33:43,930 [omNode-3@group-6C22E66A003A-FollowerState] INFO  impl.RoleInfo (RoleInfo.java:updateAndGet(139)) - omNode-3: start omNode-3@group-6C22E66A003A-LeaderElection7
2022-10-14 14:33:43,933 [omNode-3@group-6C22E66A003A-LeaderElection7] INFO  server.RaftServer$Division (ServerState.java:setLeader(287)) - omNode-3@group-6C22E66A003A: change Leader from omNode-2 to null at term 1 for ELECTION
2022-10-14 14:33:43,937 [omNode-3@group-6C22E66A003A-LeaderElection7] INFO  impl.LeaderElection (LeaderElection.java:askForVotes(310)) - omNode-3@group-6C22E66A003A-LeaderElection7 ELECTION round 0: submit vote requests at term 2 for 0: [omNode-3|rpc:localhost:34495|admin:|client:|dataStream:|priority:0, omNode-1|rpc:localhost:39741|admin:|client:|dataStream:|priority:0, omNode-2|rpc:localhost:42271|admin:|client:|dataStream:|priority:0], old=null
2022-10-14 14:33:43,956 [grpc-default-executor-3] INFO  server.RaftServer$Division (RaftServerImpl.java:requestVote(1152)) - omNode-1@group-6C22E66A003A: receive requestVote(ELECTION, omNode-3, group-6C22E66A003A, 2, (t:1, i:0))
2022-10-14 14:33:43,956 [grpc-default-executor-3] INFO  impl.VoteContext (VoteContext.java:log(48)) - omNode-1@group-6C22E66A003A-FOLLOWER: reject ELECTION from omNode-3: current term 3 > candidate's term 2
2022-10-14 14:33:43,956 [grpc-default-executor-3] INFO  server.RaftServer$Division (RaftServerImpl.java:requestVote(1184)) - omNode-1@group-6C22E66A003A replies to ELECTION vote request: omNode-3<-omNode-1#0:FAIL-t3. Peer's state: omNode-1@group-6C22E66A003A:t3, leader=null, voted=omNode-1, raftlog=omNode-1@group-6C22E66A003A-SegmentedRaftLog:OPENED:c-1, conf=-1: [omNode-3|rpc:localhost:34495|priority:0, omNode-1|rpc:localhost:39741|priority:0, omNode-2|rpc:localhost:42271|priority:0], old=null
2022-10-14 14:33:43,958 [grpc-default-executor-0] INFO  server.RaftServer$Division (RaftServerImpl.java:requestVote(1152)) - omNode-2@group-6C22E66A003A: receive requestVote(ELECTION, omNode-3, group-6C22E66A003A, 2, (t:1, i:0))
2022-10-14 14:33:43,959 [grpc-default-executor-0] INFO  impl.VoteContext (VoteContext.java:log(48)) - omNode-2@group-6C22E66A003A-FOLLOWER: reject ELECTION from omNode-3: current term 3 > candidate's term 2
2022-10-14 14:33:43,959 [grpc-default-executor-0] INFO  server.RaftServer$Division (RaftServerImpl.java:requestVote(1184)) - omNode-2@group-6C22E66A003A replies to ELECTION vote request: omNode-3<-omNode-2#0:FAIL-t3. Peer's state: omNode-2@group-6C22E66A003A:t3, leader=null, voted=null, raftlog=omNode-2@group-6C22E66A003A-SegmentedRaftLog:OPENED:c0, conf=0: [omNode-3|rpc:localhost:34495|admin:|client:|dataStream:|priority:0, omNode-1|rpc:localhost:39741|admin:|client:|dataStream:|priority:0, omNode-2|rpc:localhost:42271|admin:|client:|dataStream:|priority:0], old=null
2022-10-14 14:33:43,959 [omNode-3@group-6C22E66A003A-LeaderElection7] INFO  impl.LeaderElection (LeaderElection.java:logAndReturn(90)) - omNode-3@group-6C22E66A003A-LeaderElection7: ELECTION DISCOVERED_A_NEW_TERM (term=3) received 1 response(s) and 0 exception(s):
2022-10-14 14:33:43,959 [omNode-3@group-6C22E66A003A-LeaderElection7] INFO  impl.LeaderElection (LeaderElection.java:logAndReturn(94)) -   Response 0: omNode-3<-omNode-1#0:FAIL-t3
2022-10-14 14:33:43,959 [omNode-3@group-6C22E66A003A-LeaderElection7] INFO  impl.LeaderElection (LeaderElection.java:askForVotes(312)) - omNode-3@group-6C22E66A003A-LeaderElection7 ELECTION round 0: result DISCOVERED_A_NEW_TERM (term=3)
2022-10-14 14:33:43,959 [omNode-3@group-6C22E66A003A-LeaderElection7] INFO  server.RaftServer$Division (RaftServerImpl.java:setRole(299)) - omNode-3@group-6C22E66A003A: changes role from CANDIDATE to FOLLOWER at term 3 for DISCOVERED_A_NEW_TERM (term=3)
2022-10-14 14:33:43,959 [omNode-3@group-6C22E66A003A-LeaderElection7] INFO  impl.RoleInfo (RoleInfo.java:shutdownLeaderElection(130)) - omNode-3: shutdown omNode-3@group-6C22E66A003A-LeaderElection7
2022-10-14 14:33:43,959 [omNode-3@group-6C22E66A003A-LeaderElection7] INFO  impl.RoleInfo (RoleInfo.java:updateAndGet(139)) - omNode-3: start omNode-3@group-6C22E66A003A-FollowerState
2022-10-14 14:33:44,195 [omNode-2@group-6C22E66A003A-FollowerState] INFO  impl.FollowerState (FollowerState.java:run(143)) - omNode-2@group-6C22E66A003A-FollowerState: change to CANDIDATE, lastRpcElapsedTime:1101906632ns, electionTimeout:1094ms
2022-10-14 14:33:44,200 [omNode-2@group-6C22E66A003A-FollowerState] INFO  impl.RoleInfo (RoleInfo.java:shutdownFollowerState(110)) - omNode-2: shutdown omNode-2@group-6C22E66A003A-FollowerState
2022-10-14 14:33:44,200 [omNode-2@group-6C22E66A003A-FollowerState] INFO  server.RaftServer$Division (RaftServerImpl.java:setRole(299)) - omNode-2@group-6C22E66A003A: changes role from  FOLLOWER to CANDIDATE at term 3 for changeToCandidate
2022-10-14 14:33:44,200 [omNode-2@group-6C22E66A003A-FollowerState] INFO  server.RaftServerConfigKeys (ConfUtils.java:logGet(46)) - raft.server.leaderelection.pre-vote = false (custom)
2022-10-14 14:33:44,200 [omNode-2@group-6C22E66A003A-FollowerState] INFO  impl.RoleInfo (RoleInfo.java:updateAndGet(139)) - omNode-2: start omNode-2@group-6C22E66A003A-LeaderElection8
2022-10-14 14:33:44,206 [omNode-2@group-6C22E66A003A-LeaderElection8] INFO  impl.LeaderElection (LeaderElection.java:askForVotes(310)) - omNode-2@group-6C22E66A003A-LeaderElection8 ELECTION round 0: submit vote requests at term 4 for 0: [omNode-3|rpc:localhost:34495|admin:|client:|dataStream:|priority:0, omNode-1|rpc:localhost:39741|admin:|client:|dataStream:|priority:0, omNode-2|rpc:localhost:42271|admin:|client:|dataStream:|priority:0], old=null
2022-10-14 14:33:44,213 [grpc-default-executor-0] INFO  server.RaftServer$Division (RaftServerImpl.java:requestVote(1152)) - omNode-3@group-6C22E66A003A: receive requestVote(ELECTION, omNode-2, group-6C22E66A003A, 4, (t:1, i:0))
2022-10-14 14:33:44,213 [grpc-default-executor-0] INFO  impl.VoteContext (VoteContext.java:log(48)) - omNode-3@group-6C22E66A003A-FOLLOWER: accept ELECTION from omNode-2: our priority 0 <= candidate's priority 0
2022-10-14 14:33:44,213 [grpc-default-executor-0] INFO  server.RaftServer$Division (RaftServerImpl.java:setRole(299)) - omNode-3@group-6C22E66A003A: changes role from  FOLLOWER to FOLLOWER at term 4 for candidate:omNode-2
2022-10-14 14:33:44,213 [grpc-default-executor-0] INFO  impl.RoleInfo (RoleInfo.java:shutdownFollowerState(110)) - omNode-3: shutdown omNode-3@group-6C22E66A003A-FollowerState
2022-10-14 14:33:44,214 [omNode-3@group-6C22E66A003A-FollowerState] INFO  impl.FollowerState (FollowerState.java:run(152)) - omNode-3@group-6C22E66A003A-FollowerState was interrupted
2022-10-14 14:33:44,214 [grpc-default-executor-0] INFO  impl.RoleInfo (RoleInfo.java:updateAndGet(139)) - omNode-3: start omNode-3@group-6C22E66A003A-FollowerState
2022-10-14 14:33:44,214 [grpc-default-executor-3] INFO  server.RaftServer$Division (RaftServerImpl.java:requestVote(1152)) - omNode-1@group-6C22E66A003A: receive requestVote(ELECTION, omNode-2, group-6C22E66A003A, 4, (t:1, i:0))
2022-10-14 14:33:44,214 [grpc-default-executor-3] INFO  impl.VoteContext (VoteContext.java:log(48)) - omNode-1@group-6C22E66A003A-FOLLOWER: accept ELECTION from omNode-2: our last entry (t:0, i:~) < candidate's last entry (t:1, i:0)
2022-10-14 14:33:44,214 [grpc-default-executor-3] INFO  server.RaftServer$Division (RaftServerImpl.java:setRole(299)) - omNode-1@group-6C22E66A003A: changes role from  FOLLOWER to FOLLOWER at term 4 for candidate:omNode-2
2022-10-14 14:33:44,214 [grpc-default-executor-3] INFO  impl.RoleInfo (RoleInfo.java:shutdownFollowerState(110)) - omNode-1: shutdown omNode-1@group-6C22E66A003A-FollowerState
2022-10-14 14:33:44,218 [grpc-default-executor-3] INFO  impl.RoleInfo (RoleInfo.java:updateAndGet(139)) - omNode-1: start omNode-1@group-6C22E66A003A-FollowerState
2022-10-14 14:33:44,218 [omNode-1@group-6C22E66A003A-FollowerState] INFO  impl.FollowerState (FollowerState.java:run(152)) - omNode-1@group-6C22E66A003A-FollowerState was interrupted
2022-10-14 14:33:44,226 [grpc-default-executor-3] INFO  server.RaftServer$Division (RaftServerImpl.java:requestVote(1184)) - omNode-1@group-6C22E66A003A replies to ELECTION vote request: omNode-2<-omNode-1#0:OK-t4. Peer's state: omNode-1@group-6C22E66A003A:t4, leader=null, voted=omNode-2, raftlog=omNode-1@group-6C22E66A003A-SegmentedRaftLog:OPENED:c-1, conf=-1: [omNode-3|rpc:localhost:34495|priority:0, omNode-1|rpc:localhost:39741|priority:0, omNode-2|rpc:localhost:42271|priority:0], old=null
2022-10-14 14:33:44,226 [grpc-default-executor-0] INFO  server.RaftServer$Division (RaftServerImpl.java:requestVote(1184)) - omNode-3@group-6C22E66A003A replies to ELECTION vote request: omNode-2<-omNode-3#0:OK-t4. Peer's state: omNode-3@group-6C22E66A003A:t4, leader=null, voted=omNode-2, raftlog=omNode-3@group-6C22E66A003A-SegmentedRaftLog:OPENED:c0, conf=0: [omNode-3|rpc:localhost:34495|admin:|client:|dataStream:|priority:0, omNode-1|rpc:localhost:39741|admin:|client:|dataStream:|priority:0, omNode-2|rpc:localhost:42271|admin:|client:|dataStream:|priority:0], old=null
2022-10-14 14:33:44,229 [omNode-2@group-6C22E66A003A-LeaderElection8] INFO  impl.LeaderElection (LeaderElection.java:logAndReturn(90)) - omNode-2@group-6C22E66A003A-LeaderElection8: ELECTION PASSED received 1 response(s) and 0 exception(s):
2022-10-14 14:33:44,229 [omNode-2@group-6C22E66A003A-LeaderElection8] INFO  impl.LeaderElection (LeaderElection.java:logAndReturn(94)) -   Response 0: omNode-2<-omNode-3#0:OK-t4
2022-10-14 14:33:44,229 [omNode-2@group-6C22E66A003A-LeaderElection8] INFO  impl.LeaderElection (LeaderElection.java:askForVotes(312)) - omNode-2@group-6C22E66A003A-LeaderElection8 ELECTION round 0: result PASSED
2022-10-14 14:33:44,229 [omNode-2@group-6C22E66A003A-LeaderElection8] INFO  impl.RoleInfo (RoleInfo.java:shutdownLeaderElection(130)) - omNode-2: shutdown omNode-2@group-6C22E66A003A-LeaderElection8
2022-10-14 14:33:44,230 [omNode-2@group-6C22E66A003A-LeaderElection8] INFO  server.RaftServer$Division (RaftServerImpl.java:setRole(299)) - omNode-2@group-6C22E66A003A: changes role from CANDIDATE to LEADER at term 4 for changeToLeader
2022-10-14 14:33:44,230 [omNode-2@group-6C22E66A003A-LeaderElection8] INFO  server.RaftServer$Division (ServerState.java:setLeader(287)) - omNode-2@group-6C22E66A003A: change Leader from null to omNode-2 at term 4 for becomeLeader, leader elected after 2276ms
2022-10-14 14:33:44,230 [omNode-2@group-6C22E66A003A-LeaderElection8] INFO  server.RaftServerConfigKeys (ConfUtils.java:logGet(46)) - raft.server.staging.catchup.gap = 1000 (default)
2022-10-14 14:33:44,231 [omNode-2@group-6C22E66A003A-LeaderElection8] INFO  server.RaftServerConfigKeys (ConfUtils.java:logGet(46)) - raft.server.write.element-limit = 4096 (default)
2022-10-14 14:33:44,231 [omNode-2@group-6C22E66A003A-LeaderElection8] INFO  server.RaftServerConfigKeys (ConfUtils.java:logGet(46)) - raft.server.write.byte-limit = 64MB (=67108864) (default)
2022-10-14 14:33:44,231 [omNode-2@group-6C22E66A003A-LeaderElection8] INFO  server.RaftServerConfigKeys (ConfUtils.java:logGet(46)) - raft.server.watch.timeout = 10s (default)
2022-10-14 14:33:44,231 [omNode-2@group-6C22E66A003A-LeaderElection8] INFO  server.RaftServerConfigKeys (ConfUtils.java:logGet(46)) - raft.server.watch.timeout.denomination = 1s (default)
2022-10-14 14:33:44,231 [omNode-2@group-6C22E66A003A-LeaderElection8] INFO  server.RaftServerConfigKeys (ConfUtils.java:logGet(46)) - raft.server.watch.element-limit = 65536 (default)
2022-10-14 14:33:44,231 [omNode-2@group-6C22E66A003A-LeaderElection8] INFO  server.RaftServerConfigKeys (ConfUtils.java:logGet(46)) - raft.server.write.element-limit = 4096 (default)
2022-10-14 14:33:44,231 [omNode-2@group-6C22E66A003A-LeaderElection8] INFO  server.RaftServerConfigKeys (ConfUtils.java:logGet(46)) - raft.server.write.follower.gap.ratio.max = -1.0 (default)
2022-10-14 14:33:44,232 [omNode-2@group-6C22E66A003A-LeaderElection8] INFO  server.RaftServerConfigKeys (ConfUtils.java:logGet(46)) - raft.server.log.appender.snapshot.chunk.size.max = 16MB (=16777216) (default)
2022-10-14 14:33:44,232 [omNode-2@group-6C22E66A003A-LeaderElection8] INFO  server.RaftServerConfigKeys (ConfUtils.java:logGet(46)) - raft.server.log.appender.buffer.byte-limit = 33554432 (custom)
2022-10-14 14:33:44,232 [omNode-2@group-6C22E66A003A-LeaderElection8] INFO  server.RaftServerConfigKeys (ConfUtils.java:logGet(46)) - raft.server.log.appender.buffer.element-limit = 1024 (custom)
2022-10-14 14:33:44,232 [omNode-2@group-6C22E66A003A-LeaderElection8] INFO  grpc.GrpcConfigKeys (ConfUtils.java:logGet(46)) - raft.grpc.server.leader.outstanding.appends.max = 128 (default)
2022-10-14 14:33:44,232 [omNode-2@group-6C22E66A003A-LeaderElection8] INFO  server.RaftServerConfigKeys (ConfUtils.java:logGet(46)) - raft.server.rpc.request.timeout = 3000ms (default)
2022-10-14 14:33:44,232 [omNode-2@group-6C22E66A003A-LeaderElection8] INFO  server.RaftServerConfigKeys (ConfUtils.java:logGet(46)) - raft.server.log.appender.install.snapshot.enabled = false (custom)
2022-10-14 14:33:44,233 [omNode-2@group-6C22E66A003A-LeaderElection8] INFO  server.RaftServerConfigKeys (ConfUtils.java:logGet(46)) - raft.server.log.appender.snapshot.chunk.size.max = 16MB (=16777216) (default)
2022-10-14 14:33:44,233 [omNode-2@group-6C22E66A003A-LeaderElection8] INFO  server.RaftServerConfigKeys (ConfUtils.java:logGet(46)) - raft.server.log.appender.buffer.byte-limit = 33554432 (custom)
2022-10-14 14:33:44,233 [omNode-2@group-6C22E66A003A-LeaderElection8] INFO  server.RaftServerConfigKeys (ConfUtils.java:logGet(46)) - raft.server.log.appender.buffer.element-limit = 1024 (custom)
2022-10-14 14:33:44,233 [omNode-2@group-6C22E66A003A-LeaderElection8] INFO  grpc.GrpcConfigKeys (ConfUtils.java:logGet(46)) - raft.grpc.server.leader.outstanding.appends.max = 128 (default)
2022-10-14 14:33:44,233 [omNode-2@group-6C22E66A003A-LeaderElection8] INFO  server.RaftServerConfigKeys (ConfUtils.java:logGet(46)) - raft.server.rpc.request.timeout = 3000ms (default)
2022-10-14 14:33:44,233 [omNode-2@group-6C22E66A003A-LeaderElection8] INFO  server.RaftServerConfigKeys (ConfUtils.java:logGet(46)) - raft.server.log.appender.install.snapshot.enabled = false (custom)
2022-10-14 14:33:44,233 [omNode-2@group-6C22E66A003A-LeaderElection8] INFO  impl.RoleInfo (RoleInfo.java:updateAndGet(139)) - omNode-2: start omNode-2@group-6C22E66A003A-LeaderStateImpl
2022-10-14 14:33:44,234 [omNode-2@group-6C22E66A003A-LeaderElection8] INFO  segmented.SegmentedRaftLogWorker (SegmentedRaftLogWorker.java:rollLogSegment(430)) - omNode-2@group-6C22E66A003A-SegmentedRaftLogWorker: Rolling segment log-0_0 to index:0
2022-10-14 14:33:44,235 [omNode-2@group-6C22E66A003A-SegmentedRaftLogWorker] INFO  segmented.SegmentedRaftLogWorker (SegmentedRaftLogWorker.java:execute(586)) - omNode-2@group-6C22E66A003A-SegmentedRaftLogWorker: Rolled log segment from /home/runner/work/ozone/ozone/hadoop-ozone/integration-test/target/test-dir/MiniOzoneClusterImpl-d3474758-561c-4776-8c9d-79a83af4ab20/omNode-2/ratis/9c9825ce-8ba7-3ee6-a7c3-6c22e66a003a/current/log_inprogress_0 to /home/runner/work/ozone/ozone/hadoop-ozone/integration-test/target/test-dir/MiniOzoneClusterImpl-d3474758-561c-4776-8c9d-79a83af4ab20/omNode-2/ratis/9c9825ce-8ba7-3ee6-a7c3-6c22e66a003a/current/log_0-0
2022-10-14 14:33:44,239 [omNode-2@group-6C22E66A003A-LeaderElection8] INFO  server.RaftServer$Division (ServerState.java:setRaftConf(393)) - omNode-2@group-6C22E66A003A: set configuration 1: [omNode-3|rpc:localhost:34495|admin:|client:|dataStream:|priority:0, omNode-1|rpc:localhost:39741|admin:|client:|dataStream:|priority:0, omNode-2|rpc:localhost:42271|admin:|client:|dataStream:|priority:0], old=null
2022-10-14 14:33:44,250 [omNode-1-server-thread1] INFO  server.RaftServer$Division (ServerState.java:setLeader(287)) - omNode-1@group-6C22E66A003A: change Leader from null to omNode-2 at term 4 for appendEntries, leader elected after 5760ms
2022-10-14 14:33:44,252 [omNode-1-server-thread1] INFO  server.RaftServer$Division (RaftServerImpl.java:checkInconsistentAppendEntries(1424)) - omNode-1@group-6C22E66A003A: Failed appendEntries as previous log entry ((t:1, i:0)) is not found
2022-10-14 14:33:44,252 [omNode-1-server-thread1] INFO  server.RaftServer$Division (RaftServerImpl.java:checkInconsistentAppendEntries(1394)) - omNode-1@group-6C22E66A003A: inconsistency entries. Reply:omNode-2<-omNode-1#0:FAIL-t4,INCONSISTENCY,nextIndex=0,followerCommit=-1
2022-10-14 14:33:44,253 [omNode-1-server-thread1] INFO  server.RaftServer$Division (RaftServerImpl.java:checkInconsistentAppendEntries(1424)) - omNode-1@group-6C22E66A003A: Failed appendEntries as previous log entry ((t:1, i:0)) is not found
2022-10-14 14:33:44,253 [omNode-1-server-thread1] INFO  server.RaftServer$Division (RaftServerImpl.java:checkInconsistentAppendEntries(1394)) - omNode-1@group-6C22E66A003A: inconsistency entries. Reply:omNode-2<-omNode-1#1:FAIL-t4,INCONSISTENCY,nextIndex=0,followerCommit=-1
2022-10-14 14:33:44,254 [grpc-default-executor-3] INFO  leader.FollowerInfo (FollowerInfoImpl.java:lambda$new$0(48)) - omNode-2@group-6C22E66A003A->omNode-1: nextIndex: updateUnconditionally 2 -> 0
2022-10-14 14:33:44,254 [grpc-default-executor-3] INFO  leader.FollowerInfo (FollowerInfoImpl.java:lambda$new$0(48)) - omNode-2@group-6C22E66A003A->omNode-1: nextIndex: updateUnconditionally 0 -> 0
2022-10-14 14:33:44,254 [omNode-2@group-6C22E66A003A-SegmentedRaftLogWorker] INFO  segmented.SegmentedRaftLogWorker (SegmentedRaftLogWorker.java:execute(629)) - omNode-2@group-6C22E66A003A-SegmentedRaftLogWorker: created new log segment /home/runner/work/ozone/ozone/hadoop-ozone/integration-test/target/test-dir/MiniOzoneClusterImpl-d3474758-561c-4776-8c9d-79a83af4ab20/omNode-2/ratis/9c9825ce-8ba7-3ee6-a7c3-6c22e66a003a/current/log_inprogress_1
2022-10-14 14:33:44,265 [omNode-1-server-thread1] INFO  server.RaftServer$Division (ServerState.java:setRaftConf(393)) - omNode-1@group-6C22E66A003A: set configuration 0: [omNode-3|rpc:localhost:34495|admin:|client:|dataStream:|priority:0, omNode-1|rpc:localhost:39741|admin:|client:|dataStream:|priority:0, omNode-2|rpc:localhost:42271|admin:|client:|dataStream:|priority:0], old=null
2022-10-14 14:33:44,265 [omNode-1-server-thread1] INFO  server.RaftServer$Division (ServerState.java:setRaftConf(393)) - omNode-1@group-6C22E66A003A: set configuration 1: [omNode-3|rpc:localhost:34495|admin:|client:|dataStream:|priority:0, omNode-1|rpc:localhost:39741|admin:|client:|dataStream:|priority:0, omNode-2|rpc:localhost:42271|admin:|client:|dataStream:|priority:0], old=null
2022-10-14 14:33:44,266 [omNode-3-server-thread1] INFO  server.RaftServer$Division (ServerState.java:setLeader(287)) - omNode-3@group-6C22E66A003A: change Leader from null to omNode-2 at term 4 for appendEntries, leader elected after 332ms
2022-10-14 14:33:44,272 [omNode-1-server-thread1] INFO  segmented.SegmentedRaftLogWorker (SegmentedRaftLogWorker.java:startLogSegment(425)) - omNode-1@group-6C22E66A003A-SegmentedRaftLogWorker: Starting segment from index:0
2022-10-14 14:33:44,273 [omNode-1-server-thread1] INFO  segmented.SegmentedRaftLogWorker (SegmentedRaftLogWorker.java:rollLogSegment(430)) - omNode-1@group-6C22E66A003A-SegmentedRaftLogWorker: Rolling segment log-0_0 to index:0
2022-10-14 14:33:44,279 [omNode-3-server-thread1] INFO  server.RaftServer$Division (ServerState.java:setRaftConf(393)) - omNode-3@group-6C22E66A003A: set configuration 1: [omNode-3|rpc:localhost:34495|admin:|client:|dataStream:|priority:0, omNode-1|rpc:localhost:39741|admin:|client:|dataStream:|priority:0, omNode-2|rpc:localhost:42271|admin:|client:|dataStream:|priority:0], old=null
2022-10-14 14:33:44,279 [omNode-3-server-thread1] INFO  segmented.SegmentedRaftLogWorker (SegmentedRaftLogWorker.java:rollLogSegment(430)) - omNode-3@group-6C22E66A003A-SegmentedRaftLogWorker: Rolling segment log-0_0 to index:0
2022-10-14 14:33:44,280 [omNode-1@group-6C22E66A003A-SegmentedRaftLogWorker] INFO  segmented.SegmentedRaftLogWorker (SegmentedRaftLogWorker.java:execute(629)) - omNode-1@group-6C22E66A003A-SegmentedRaftLogWorker: created new log segment /home/runner/work/ozone/ozone/hadoop-ozone/integration-test/target/test-dir/MiniOzoneClusterImpl-d3474758-561c-4776-8c9d-79a83af4ab20/omNode-1/ratis/9c9825ce-8ba7-3ee6-a7c3-6c22e66a003a/current/log_inprogress_0
2022-10-14 14:33:44,280 [omNode-3@group-6C22E66A003A-SegmentedRaftLogWorker] INFO  segmented.SegmentedRaftLogWorker (SegmentedRaftLogWorker.java:execute(586)) - omNode-3@group-6C22E66A003A-SegmentedRaftLogWorker: Rolled log segment from /home/runner/work/ozone/ozone/hadoop-ozone/integration-test/target/test-dir/MiniOzoneClusterImpl-d3474758-561c-4776-8c9d-79a83af4ab20/omNode-3/ratis/9c9825ce-8ba7-3ee6-a7c3-6c22e66a003a/current/log_inprogress_0 to /home/runner/work/ozone/ozone/hadoop-ozone/integration-test/target/test-dir/MiniOzoneClusterImpl-d3474758-561c-4776-8c9d-79a83af4ab20/omNode-3/ratis/9c9825ce-8ba7-3ee6-a7c3-6c22e66a003a/current/log_0-0
2022-10-14 14:33:44,283 [omNode-1@group-6C22E66A003A-SegmentedRaftLogWorker] INFO  segmented.SegmentedRaftLogWorker (SegmentedRaftLogWorker.java:execute(586)) - omNode-1@group-6C22E66A003A-SegmentedRaftLogWorker: Rolled log segment from /home/runner/work/ozone/ozone/hadoop-ozone/integration-test/target/test-dir/MiniOzoneClusterImpl-d3474758-561c-4776-8c9d-79a83af4ab20/omNode-1/ratis/9c9825ce-8ba7-3ee6-a7c3-6c22e66a003a/current/log_inprogress_0 to /home/runner/work/ozone/ozone/hadoop-ozone/integration-test/target/test-dir/MiniOzoneClusterImpl-d3474758-561c-4776-8c9d-79a83af4ab20/omNode-1/ratis/9c9825ce-8ba7-3ee6-a7c3-6c22e66a003a/current/log_0-0
2022-10-14 14:33:44,290 [omNode-3@group-6C22E66A003A-SegmentedRaftLogWorker] INFO  segmented.SegmentedRaftLogWorker (SegmentedRaftLogWorker.java:execute(629)) - omNode-3@group-6C22E66A003A-SegmentedRaftLogWorker: created new log segment /home/runner/work/ozone/ozone/hadoop-ozone/integration-test/target/test-dir/MiniOzoneClusterImpl-d3474758-561c-4776-8c9d-79a83af4ab20/omNode-3/ratis/9c9825ce-8ba7-3ee6-a7c3-6c22e66a003a/current/log_inprogress_1
2022-10-14 14:33:44,293 [omNode-1@group-6C22E66A003A-SegmentedRaftLogWorker] INFO  segmented.SegmentedRaftLogWorker (SegmentedRaftLogWorker.java:execute(629)) - omNode-1@group-6C22E66A003A-SegmentedRaftLogWorker: created new log segment /home/runner/work/ozone/ozone/hadoop-ozone/integration-test/target/test-dir/MiniOzoneClusterImpl-d3474758-561c-4776-8c9d-79a83af4ab20/omNode-1/ratis/9c9825ce-8ba7-3ee6-a7c3-6c22e66a003a/current/log_inprogress_1
2022-10-14 14:33:44,300 [omNode-2@group-6C22E66A003A-StateMachineUpdater] INFO  ratis.OzoneManagerStateMachine (OzoneManagerStateMachine.java:notifyConfigurationChanged(192)) - Received Configuration change notification from Ratis. New Peer list:
[id: "omNode-3"
address: "localhost:34495"
, id: "omNode-1"
address: "localhost:39741"
, id: "omNode-2"
address: "localhost:42271"
]
2022-10-14 14:33:44,305 [omNode-3@group-6C22E66A003A-StateMachineUpdater] INFO  ratis.OzoneManagerStateMachine (OzoneManagerStateMachine.java:notifyConfigurationChanged(192)) - Received Configuration change notification from Ratis. New Peer list:
[id: "omNode-3"
address: "localhost:34495"
, id: "omNode-1"
address: "localhost:39741"
, id: "omNode-2"
address: "localhost:42271"
]
2022-10-14 14:33:44,310 [omNode-1@group-6C22E66A003A-StateMachineUpdater] INFO  ratis.OzoneManagerStateMachine (OzoneManagerStateMachine.java:notifyConfigurationChanged(192)) - Received Configuration change notification from Ratis. New Peer list:
[id: "omNode-3"
address: "localhost:34495"
, id: "omNode-1"
address: "localhost:39741"
, id: "omNode-2"
address: "localhost:42271"
]
2022-10-14 14:33:44,314 [omNode-1@group-6C22E66A003A-StateMachineUpdater] INFO  ratis.OzoneManagerStateMachine (OzoneManagerStateMachine.java:notifyConfigurationChanged(192)) - Received Configuration change notification from Ratis. New Peer list:
[id: "omNode-3"
address: "localhost:34495"
, id: "omNode-1"
address: "localhost:39741"
, id: "omNode-2"
address: "localhost:42271"
]
2022-10-14 14:33:44,588 [Listener at 127.0.0.1/41295] INFO  ozone.MiniOzoneClusterImpl (MiniOzoneClusterImpl.java:lambda$waitForClusterToBeReady$0(216)) - Waiting for nodes to be ready. Got 0 of 3 DN Heartbeats.
2022-10-14 14:33:44,588 [Listener at 127.0.0.1/41295] INFO  ozone.MiniOzoneClusterImpl (MiniOzoneClusterImpl.java:lambda$waitForClusterToBeReady$0(219)) - Waiting for cluster to exit safe mode
2022-10-14 14:33:44,588 [Listener at 127.0.0.1/41295] INFO  ozone.MiniOzoneClusterImpl (MiniOzoneClusterImpl.java:lambda$waitForClusterToBeReady$0(221)) - SCM became leader
2022-10-14 14:33:44,964 [EndpointStateMachine task thread for /127.0.0.1:38439 - 0 ] INFO  volume.HddsVolume (HddsVolume.java:createDbStore(307)) - SchemaV3 db is created and loaded at /home/runner/work/ozone/ozone/hadoop-ozone/integration-test/target/test-dir/MiniOzoneClusterImpl-d3474758-561c-4776-8c9d-79a83af4ab20/datanode-0/data-0/containers/hdds/d3474758-561c-4776-8c9d-79a83af4ab20/DS-ef4236f8-23fc-4d6f-9520-4e2297aa3d3c/container.db for volume DS-ef4236f8-23fc-4d6f-9520-4e2297aa3d3c
2022-10-14 14:33:44,972 [EndpointStateMachine task thread for /127.0.0.1:38439 - 0 ] INFO  volume.HddsVolume (HddsVolume.java:closeDbStore(338)) - SchemaV3 db is stopped at /home/runner/work/ozone/ozone/hadoop-ozone/integration-test/target/test-dir/MiniOzoneClusterImpl-d3474758-561c-4776-8c9d-79a83af4ab20/datanode-0/data-0/containers/hdds/d3474758-561c-4776-8c9d-79a83af4ab20/DS-ef4236f8-23fc-4d6f-9520-4e2297aa3d3c/container.db for volume DS-ef4236f8-23fc-4d6f-9520-4e2297aa3d3c
2022-10-14 14:33:44,973 [EndpointStateMachine task thread for /127.0.0.1:38439 - 0 ] INFO  ozoneimpl.OzoneContainer (OzoneContainer.java:start(378)) - Attempting to start container services.
2022-10-14 14:33:44,975 [EndpointStateMachine task thread for /127.0.0.1:38439 - 0 ] INFO  ozoneimpl.OzoneContainer (OzoneContainer.java:startContainerScrub(313)) - Background container scanner has been disabled.
2022-10-14 14:33:44,981 [EndpointStateMachine task thread for /127.0.0.1:38439 - 0 ] INFO  replication.ReplicationServer (ReplicationServer.java:start(111)) - ReplicationServer is started using port 46481
2022-10-14 14:33:44,984 [EndpointStateMachine task thread for /127.0.0.1:38439 - 0 ] INFO  ratis.XceiverServerRatis (XceiverServerRatis.java:start(481)) - Starting XceiverServerRatis fe4e0b1e-d8f6-493e-bd46-2984bf01a4b8
2022-10-14 14:33:44,988 [EndpointStateMachine task thread for /127.0.0.1:38439 - 0 ] INFO  server.RaftServer (RaftServerProxy.java:lambda$start$6(382)) - fe4e0b1e-d8f6-493e-bd46-2984bf01a4b8: start RPC server
2022-10-14 14:33:44,991 [EndpointStateMachine task thread for /127.0.0.1:38439 - 0 ] INFO  server.GrpcService (GrpcService.java:startImpl(260)) - fe4e0b1e-d8f6-493e-bd46-2984bf01a4b8: GrpcService started, listening on 42555
2022-10-14 14:33:44,991 [EndpointStateMachine task thread for /127.0.0.1:38439 - 0 ] INFO  ratis.XceiverServerRatis (XceiverServerRatis.java:getRealPort(502)) - XceiverServerRatis fe4e0b1e-d8f6-493e-bd46-2984bf01a4b8 is started using port 42555 for RATIS
2022-10-14 14:33:44,991 [EndpointStateMachine task thread for /127.0.0.1:38439 - 0 ] INFO  ratis.XceiverServerRatis (XceiverServerRatis.java:getRealPort(502)) - XceiverServerRatis fe4e0b1e-d8f6-493e-bd46-2984bf01a4b8 is started using port 42555 for RATIS_ADMIN
2022-10-14 14:33:44,991 [EndpointStateMachine task thread for /127.0.0.1:38439 - 0 ] INFO  ratis.XceiverServerRatis (XceiverServerRatis.java:getRealPort(502)) - XceiverServerRatis fe4e0b1e-d8f6-493e-bd46-2984bf01a4b8 is started using port 42555 for RATIS_SERVER
2022-10-14 14:33:44,991 [org.apache.ratis.util.JvmPauseMonitor$$Lambda$519/1610556435@4323fa00] INFO  util.JvmPauseMonitor (JvmPauseMonitor.java:run(103)) - JvmPauseMonitor-fe4e0b1e-d8f6-493e-bd46-2984bf01a4b8: Started
2022-10-14 14:33:44,994 [EndpointStateMachine task thread for /127.0.0.1:38439 - 0 ] INFO  server.XceiverServerGrpc (XceiverServerGrpc.java:start(180)) - XceiverServerGrpc fe4e0b1e-d8f6-493e-bd46-2984bf01a4b8 is started using port 36217
2022-10-14 14:33:45,001 [EndpointStateMachine task thread for /127.0.0.1:38403 - 0 ] INFO  ozoneimpl.OzoneContainer (OzoneContainer.java:start(374)) - Ignore. OzoneContainer already started.
2022-10-14 14:33:45,009 [EndpointStateMachine task thread for /127.0.0.1:42209 - 0 ] INFO  ozoneimpl.OzoneContainer (OzoneContainer.java:start(374)) - Ignore. OzoneContainer already started.
2022-10-14 14:33:45,283 [EndpointStateMachine task thread for /127.0.0.1:38403 - 0 ] INFO  volume.HddsVolume (HddsVolume.java:createDbStore(307)) - SchemaV3 db is created and loaded at /home/runner/work/ozone/ozone/hadoop-ozone/integration-test/target/test-dir/MiniOzoneClusterImpl-d3474758-561c-4776-8c9d-79a83af4ab20/datanode-1/data-0/containers/hdds/d3474758-561c-4776-8c9d-79a83af4ab20/DS-518cfd6c-86bb-461d-8ce3-e6234b2bdd9d/container.db for volume DS-518cfd6c-86bb-461d-8ce3-e6234b2bdd9d
2022-10-14 14:33:45,285 [EndpointStateMachine task thread for /127.0.0.1:38403 - 0 ] INFO  volume.HddsVolume (HddsVolume.java:closeDbStore(338)) - SchemaV3 db is stopped at /home/runner/work/ozone/ozone/hadoop-ozone/integration-test/target/test-dir/MiniOzoneClusterImpl-d3474758-561c-4776-8c9d-79a83af4ab20/datanode-1/data-0/containers/hdds/d3474758-561c-4776-8c9d-79a83af4ab20/DS-518cfd6c-86bb-461d-8ce3-e6234b2bdd9d/container.db for volume DS-518cfd6c-86bb-461d-8ce3-e6234b2bdd9d
2022-10-14 14:33:45,285 [EndpointStateMachine task thread for /127.0.0.1:38439 - 0 ] INFO  ozoneimpl.OzoneContainer (OzoneContainer.java:start(378)) - Attempting to start container services.
2022-10-14 14:33:45,285 [EndpointStateMachine task thread for /127.0.0.1:38439 - 0 ] INFO  ozoneimpl.OzoneContainer (OzoneContainer.java:startContainerScrub(313)) - Background container scanner has been disabled.
2022-10-14 14:33:45,294 [EndpointStateMachine task thread for /127.0.0.1:38439 - 0 ] INFO  replication.ReplicationServer (ReplicationServer.java:start(111)) - ReplicationServer is started using port 44453
2022-10-14 14:33:45,296 [EndpointStateMachine task thread for /127.0.0.1:38439 - 0 ] INFO  ratis.XceiverServerRatis (XceiverServerRatis.java:start(481)) - Starting XceiverServerRatis 5c29832d-acaf-4236-b352-735ef8095d77
2022-10-14 14:33:45,297 [EndpointStateMachine task thread for /127.0.0.1:38439 - 0 ] INFO  server.RaftServer (RaftServerProxy.java:lambda$start$6(382)) - 5c29832d-acaf-4236-b352-735ef8095d77: start RPC server
2022-10-14 14:33:45,300 [EndpointStateMachine task thread for /127.0.0.1:38439 - 0 ] INFO  server.GrpcService (GrpcService.java:startImpl(260)) - 5c29832d-acaf-4236-b352-735ef8095d77: GrpcService started, listening on 37445
2022-10-14 14:33:45,300 [EndpointStateMachine task thread for /127.0.0.1:38439 - 0 ] INFO  ratis.XceiverServerRatis (XceiverServerRatis.java:getRealPort(502)) - XceiverServerRatis 5c29832d-acaf-4236-b352-735ef8095d77 is started using port 37445 for RATIS
2022-10-14 14:33:45,300 [EndpointStateMachine task thread for /127.0.0.1:38439 - 0 ] INFO  ratis.XceiverServerRatis (XceiverServerRatis.java:getRealPort(502)) - XceiverServerRatis 5c29832d-acaf-4236-b352-735ef8095d77 is started using port 37445 for RATIS_ADMIN
2022-10-14 14:33:45,300 [org.apache.ratis.util.JvmPauseMonitor$$Lambda$519/1610556435@1dcc6b09] INFO  util.JvmPauseMonitor (JvmPauseMonitor.java:run(103)) - JvmPauseMonitor-5c29832d-acaf-4236-b352-735ef8095d77: Started
2022-10-14 14:33:45,300 [EndpointStateMachine task thread for /127.0.0.1:38439 - 0 ] INFO  ratis.XceiverServerRatis (XceiverServerRatis.java:getRealPort(502)) - XceiverServerRatis 5c29832d-acaf-4236-b352-735ef8095d77 is started using port 37445 for RATIS_SERVER
2022-10-14 14:33:45,304 [EndpointStateMachine task thread for /127.0.0.1:38439 - 0 ] INFO  server.XceiverServerGrpc (XceiverServerGrpc.java:start(180)) - XceiverServerGrpc 5c29832d-acaf-4236-b352-735ef8095d77 is started using port 32943
2022-10-14 14:33:45,308 [EndpointStateMachine task thread for /127.0.0.1:42209 - 0 ] INFO  ozoneimpl.OzoneContainer (OzoneContainer.java:start(374)) - Ignore. OzoneContainer already started.
2022-10-14 14:33:45,308 [EndpointStateMachine task thread for /127.0.0.1:38403 - 0 ] INFO  ozoneimpl.OzoneContainer (OzoneContainer.java:start(374)) - Ignore. OzoneContainer already started.
2022-10-14 14:33:45,589 [Listener at 127.0.0.1/41295] INFO  ozone.MiniOzoneClusterImpl (MiniOzoneClusterImpl.java:lambda$waitForClusterToBeReady$0(216)) - Waiting for nodes to be ready. Got 0 of 3 DN Heartbeats.
2022-10-14 14:33:45,589 [Listener at 127.0.0.1/41295] INFO  ozone.MiniOzoneClusterImpl (MiniOzoneClusterImpl.java:lambda$waitForClusterToBeReady$0(219)) - Waiting for cluster to exit safe mode
2022-10-14 14:33:45,589 [Listener at 127.0.0.1/41295] INFO  ozone.MiniOzoneClusterImpl (MiniOzoneClusterImpl.java:lambda$waitForClusterToBeReady$0(221)) - SCM became leader
2022-10-14 14:33:45,667 [EndpointStateMachine task thread for /127.0.0.1:38403 - 0 ] INFO  volume.HddsVolume (HddsVolume.java:createDbStore(307)) - SchemaV3 db is created and loaded at /home/runner/work/ozone/ozone/hadoop-ozone/integration-test/target/test-dir/MiniOzoneClusterImpl-d3474758-561c-4776-8c9d-79a83af4ab20/datanode-2/data-0/containers/hdds/d3474758-561c-4776-8c9d-79a83af4ab20/DS-9e5cf3c1-7a1b-40fd-b355-526fbc5449ad/container.db for volume DS-9e5cf3c1-7a1b-40fd-b355-526fbc5449ad
2022-10-14 14:33:45,668 [EndpointStateMachine task thread for /127.0.0.1:38403 - 0 ] INFO  volume.HddsVolume (HddsVolume.java:closeDbStore(338)) - SchemaV3 db is stopped at /home/runner/work/ozone/ozone/hadoop-ozone/integration-test/target/test-dir/MiniOzoneClusterImpl-d3474758-561c-4776-8c9d-79a83af4ab20/datanode-2/data-0/containers/hdds/d3474758-561c-4776-8c9d-79a83af4ab20/DS-9e5cf3c1-7a1b-40fd-b355-526fbc5449ad/container.db for volume DS-9e5cf3c1-7a1b-40fd-b355-526fbc5449ad
2022-10-14 14:33:45,669 [EndpointStateMachine task thread for /127.0.0.1:38403 - 0 ] INFO  ozoneimpl.OzoneContainer (OzoneContainer.java:start(378)) - Attempting to start container services.
2022-10-14 14:33:45,669 [EndpointStateMachine task thread for /127.0.0.1:38403 - 0 ] INFO  ozoneimpl.OzoneContainer (OzoneContainer.java:startContainerScrub(313)) - Background container scanner has been disabled.
2022-10-14 14:33:45,674 [EndpointStateMachine task thread for /127.0.0.1:38403 - 0 ] INFO  replication.ReplicationServer (ReplicationServer.java:start(111)) - ReplicationServer is started using port 36579
2022-10-14 14:33:45,674 [EndpointStateMachine task thread for /127.0.0.1:38403 - 0 ] INFO  ratis.XceiverServerRatis (XceiverServerRatis.java:start(481)) - Starting XceiverServerRatis 8c401b7e-dd35-4342-9d84-0aada9f9613c
2022-10-14 14:33:45,676 [EndpointStateMachine task thread for /127.0.0.1:38403 - 0 ] INFO  server.RaftServer (RaftServerProxy.java:lambda$start$6(382)) - 8c401b7e-dd35-4342-9d84-0aada9f9613c: start RPC server
2022-10-14 14:33:45,679 [EndpointStateMachine task thread for /127.0.0.1:38403 - 0 ] INFO  server.GrpcService (GrpcService.java:startImpl(260)) - 8c401b7e-dd35-4342-9d84-0aada9f9613c: GrpcService started, listening on 46747
2022-10-14 14:33:45,679 [EndpointStateMachine task thread for /127.0.0.1:38403 - 0 ] INFO  ratis.XceiverServerRatis (XceiverServerRatis.java:getRealPort(502)) - XceiverServerRatis 8c401b7e-dd35-4342-9d84-0aada9f9613c is started using port 46747 for RATIS
2022-10-14 14:33:45,679 [org.apache.ratis.util.JvmPauseMonitor$$Lambda$519/1610556435@700ed706] INFO  util.JvmPauseMonitor (JvmPauseMonitor.java:run(103)) - JvmPauseMonitor-8c401b7e-dd35-4342-9d84-0aada9f9613c: Started
2022-10-14 14:33:45,679 [EndpointStateMachine task thread for /127.0.0.1:38403 - 0 ] INFO  ratis.XceiverServerRatis (XceiverServerRatis.java:getRealPort(502)) - XceiverServerRatis 8c401b7e-dd35-4342-9d84-0aada9f9613c is started using port 46747 for RATIS_ADMIN
2022-10-14 14:33:45,680 [EndpointStateMachine task thread for /127.0.0.1:38403 - 0 ] INFO  ratis.XceiverServerRatis (XceiverServerRatis.java:getRealPort(502)) - XceiverServerRatis 8c401b7e-dd35-4342-9d84-0aada9f9613c is started using port 46747 for RATIS_SERVER
2022-10-14 14:33:45,684 [EndpointStateMachine task thread for /127.0.0.1:38403 - 0 ] INFO  server.XceiverServerGrpc (XceiverServerGrpc.java:start(180)) - XceiverServerGrpc 8c401b7e-dd35-4342-9d84-0aada9f9613c is started using port 34657
2022-10-14 14:33:45,693 [EndpointStateMachine task thread for /127.0.0.1:42209 - 0 ] INFO  ozoneimpl.OzoneContainer (OzoneContainer.java:start(374)) - Ignore. OzoneContainer already started.
2022-10-14 14:33:45,694 [EndpointStateMachine task thread for /127.0.0.1:38439 - 0 ] INFO  ozoneimpl.OzoneContainer (OzoneContainer.java:start(374)) - Ignore. OzoneContainer already started.
2022-10-14 14:33:46,589 [Listener at 127.0.0.1/41295] INFO  ozone.MiniOzoneClusterImpl (MiniOzoneClusterImpl.java:lambda$waitForClusterToBeReady$0(216)) - Waiting for nodes to be ready. Got 0 of 3 DN Heartbeats.
2022-10-14 14:33:46,589 [Listener at 127.0.0.1/41295] INFO  ozone.MiniOzoneClusterImpl (MiniOzoneClusterImpl.java:lambda$waitForClusterToBeReady$0(219)) - Waiting for cluster to exit safe mode
2022-10-14 14:33:46,590 [Listener at 127.0.0.1/41295] INFO  ozone.MiniOzoneClusterImpl (MiniOzoneClusterImpl.java:lambda$waitForClusterToBeReady$0(221)) - SCM became leader
2022-10-14 14:33:46,821 [IPC Server handler 1 on default port 38403] INFO  net.NetworkTopologyImpl (NetworkTopologyImpl.java:add(112)) - Added a new node: /default-rack/fe4e0b1e-d8f6-493e-bd46-2984bf01a4b8
2022-10-14 14:33:46,871 [IPC Server handler 1 on default port 38403] INFO  node.SCMNodeManager (SCMNodeManager.java:register(397)) - Registered Data node : fe4e0b1e-d8f6-493e-bd46-2984bf01a4b8{ip: 127.0.0.1, host: localhost, ports: [REPLICATION=46481, RATIS=42555, RATIS_ADMIN=42555, RATIS_SERVER=42555, STANDALONE=36217], networkLocation: /default-rack, certSerialId: null, persistedOpState: null, persistedOpStateExpiryEpochSec: 0}
2022-10-14 14:33:46,865 [IPC Server handler 1 on default port 42209] INFO  net.NetworkTopologyImpl (NetworkTopologyImpl.java:add(112)) - Added a new node: /default-rack/fe4e0b1e-d8f6-493e-bd46-2984bf01a4b8
2022-10-14 14:33:46,873 [IPC Server handler 4 on default port 38439] INFO  net.NetworkTopologyImpl (NetworkTopologyImpl.java:add(112)) - Added a new node: /default-rack/fe4e0b1e-d8f6-493e-bd46-2984bf01a4b8
2022-10-14 14:33:46,873 [IPC Server handler 1 on default port 42209] INFO  node.SCMNodeManager (SCMNodeManager.java:register(397)) - Registered Data node : fe4e0b1e-d8f6-493e-bd46-2984bf01a4b8{ip: 127.0.0.1, host: localhost, ports: [REPLICATION=46481, RATIS=42555, RATIS_ADMIN=42555, RATIS_SERVER=42555, STANDALONE=36217], networkLocation: /default-rack, certSerialId: null, persistedOpState: null, persistedOpStateExpiryEpochSec: 0}
2022-10-14 14:33:46,873 [IPC Server handler 4 on default port 38439] INFO  node.SCMNodeManager (SCMNodeManager.java:register(397)) - Registered Data node : fe4e0b1e-d8f6-493e-bd46-2984bf01a4b8{ip: 127.0.0.1, host: localhost, ports: [REPLICATION=46481, RATIS=42555, RATIS_ADMIN=42555, RATIS_SERVER=42555, STANDALONE=36217], networkLocation: /default-rack, certSerialId: null, persistedOpState: null, persistedOpStateExpiryEpochSec: 0}
2022-10-14 14:33:46,885 [EventQueue-NewNodeForNewNodeHandler] INFO  pipeline.BackgroundPipelineCreator (BackgroundPipelineCreator.java:notifyEventTriggered(276)) - trigger a one-shot run on RatisPipelineUtilsThread.
2022-10-14 14:33:46,887 [EventQueue-NodeRegistrationContainerReportForDataNodeSafeModeRule] INFO  safemode.SCMSafeModeManager (DataNodeSafeModeRule.java:process(71)) - SCM in safe mode. 1 DataNodes registered, 3 required.
2022-10-14 14:33:46,903 [EventQueue-NodeRegistrationContainerReportForContainerSafeModeRule] INFO  safemode.SCMSafeModeManager (SCMSafeModeManager.java:validateSafeModeExitRules(204)) - ContainerSafeModeRule rule is successfully validated
2022-10-14 14:33:46,905 [EventQueue-NewNodeForNewNodeHandler] INFO  pipeline.BackgroundPipelineCreator (BackgroundPipelineCreator.java:notifyEventTriggered(269)) - ignore, not leader SCM.
2022-10-14 14:33:46,907 [RatisPipelineUtilsThread - 0] INFO  pipeline.RatisPipelineProvider (RatisPipelineProvider.java:lambda$create$0(195)) - Sending CreatePipelineCommand for pipeline:PipelineID=892e9d86-4684-420c-9d89-b1c50714663f to datanode:fe4e0b1e-d8f6-493e-bd46-2984bf01a4b8
2022-10-14 14:33:46,912 [EventQueue-NodeRegistrationContainerReportForContainerSafeModeRule] INFO  safemode.SCMSafeModeManager (SCMSafeModeManager.java:validateSafeModeExitRules(204)) - ContainerSafeModeRule rule is successfully validated
2022-10-14 14:33:46,896 [EventQueue-NodeRegistrationContainerReportForDataNodeSafeModeRule] INFO  safemode.SCMSafeModeManager (DataNodeSafeModeRule.java:process(71)) - SCM in safe mode. 1 DataNodes registered, 3 required.
2022-10-14 14:33:46,912 [EventQueue-NewNodeForNewNodeHandler] INFO  pipeline.BackgroundPipelineCreator (BackgroundPipelineCreator.java:notifyEventTriggered(269)) - ignore, not leader SCM.
2022-10-14 14:33:46,898 [EventQueue-NodeRegistrationContainerReportForDataNodeSafeModeRule] INFO  safemode.SCMSafeModeManager (DataNodeSafeModeRule.java:process(71)) - SCM in safe mode. 1 DataNodes registered, 3 required.
2022-10-14 14:33:46,912 [EventQueue-NodeRegistrationContainerReportForContainerSafeModeRule] INFO  safemode.SCMSafeModeManager (SCMSafeModeManager.java:validateSafeModeExitRules(204)) - ContainerSafeModeRule rule is successfully validated
2022-10-14 14:33:46,915 [EventQueue-PipelineReportForOneReplicaPipelineSafeModeRule] INFO  safemode.SCMSafeModeManager (SCMSafeModeManager.java:validateSafeModeExitRules(204)) - AtleastOneDatanodeReportedRule rule is successfully validated
2022-10-14 14:33:46,915 [EventQueue-PipelineReportForOneReplicaPipelineSafeModeRule] INFO  safemode.SCMSafeModeManager (SCMSafeModeManager.java:validateSafeModeExitRules(204)) - AtleastOneDatanodeReportedRule rule is successfully validated
2022-10-14 14:33:46,915 [EventQueue-PipelineReportForOneReplicaPipelineSafeModeRule] INFO  safemode.SCMSafeModeManager (SCMSafeModeManager.java:validateSafeModeExitRules(204)) - AtleastOneDatanodeReportedRule rule is successfully validated
2022-10-14 14:33:46,999 [da235ff1-af49-4bd4-8bce-f7819ff62f3f@group-79A83AF4AB20-StateMachineUpdater] INFO  pipeline.PipelineStateManagerImpl (PipelineStateManagerImpl.java:addPipeline(103)) - Created pipeline Pipeline[ Id: 892e9d86-4684-420c-9d89-b1c50714663f, Nodes: fe4e0b1e-d8f6-493e-bd46-2984bf01a4b8{ip: 127.0.0.1, host: localhost, ports: [REPLICATION=46481, RATIS=42555, RATIS_ADMIN=42555, RATIS_SERVER=42555, STANDALONE=36217], networkLocation: /default-rack, certSerialId: null, persistedOpState: IN_SERVICE, persistedOpStateExpiryEpochSec: 0}, ReplicationConfig: RATIS/ONE, State:ALLOCATED, leaderId:, CreationTimestamp2022-10-14T14:33:46.906Z[Etc/UTC]].
2022-10-14 14:33:47,000 [da235ff1-af49-4bd4-8bce-f7819ff62f3f@group-79A83AF4AB20-StateMachineUpdater] INFO  safemode.HealthyPipelineSafeModeRule (HealthyPipelineSafeModeRule.java:initializeRule(165)) - Refreshed total pipeline count is 0, healthy pipeline threshold count is 1
2022-10-14 14:33:47,005 [022a1120-d2e9-40a2-a00d-16a3e5b1f5eb@group-79A83AF4AB20-StateMachineUpdater] INFO  pipeline.PipelineStateManagerImpl (PipelineStateManagerImpl.java:addPipeline(103)) - Created pipeline Pipeline[ Id: 892e9d86-4684-420c-9d89-b1c50714663f, Nodes: fe4e0b1e-d8f6-493e-bd46-2984bf01a4b8{ip: 127.0.0.1, host: localhost, ports: [REPLICATION=46481, RATIS=42555, RATIS_ADMIN=42555, RATIS_SERVER=42555, STANDALONE=36217], networkLocation: /default-rack, certSerialId: null, persistedOpState: IN_SERVICE, persistedOpStateExpiryEpochSec: 0}, ReplicationConfig: RATIS/ONE, State:ALLOCATED, leaderId:, CreationTimestamp2022-10-14T14:33:46.906Z[Etc/UTC]].
2022-10-14 14:33:47,008 [022a1120-d2e9-40a2-a00d-16a3e5b1f5eb@group-79A83AF4AB20-StateMachineUpdater] INFO  safemode.HealthyPipelineSafeModeRule (HealthyPipelineSafeModeRule.java:initializeRule(165)) - Refreshed total pipeline count is 0, healthy pipeline threshold count is 1
2022-10-14 14:33:47,014 [c70ee520-a26f-4925-a0d6-13999223b64a@group-79A83AF4AB20-StateMachineUpdater] INFO  pipeline.PipelineStateManagerImpl (PipelineStateManagerImpl.java:addPipeline(103)) - Created pipeline Pipeline[ Id: 892e9d86-4684-420c-9d89-b1c50714663f, Nodes: fe4e0b1e-d8f6-493e-bd46-2984bf01a4b8{ip: 127.0.0.1, host: localhost, ports: [REPLICATION=46481, RATIS=42555, RATIS_ADMIN=42555, RATIS_SERVER=42555, STANDALONE=36217], networkLocation: /default-rack, certSerialId: null, persistedOpState: IN_SERVICE, persistedOpStateExpiryEpochSec: 0}, ReplicationConfig: RATIS/ONE, State:ALLOCATED, leaderId:, CreationTimestamp2022-10-14T14:33:46.906Z[Etc/UTC]].
2022-10-14 14:33:47,015 [c70ee520-a26f-4925-a0d6-13999223b64a@group-79A83AF4AB20-StateMachineUpdater] INFO  safemode.HealthyPipelineSafeModeRule (HealthyPipelineSafeModeRule.java:initializeRule(165)) - Refreshed total pipeline count is 0, healthy pipeline threshold count is 1
2022-10-14 14:33:47,215 [IPC Server handler 3 on default port 42209] INFO  net.NetworkTopologyImpl (NetworkTopologyImpl.java:add(112)) - Added a new node: /default-rack/5c29832d-acaf-4236-b352-735ef8095d77
2022-10-14 14:33:47,216 [IPC Server handler 20 on default port 38403] INFO  net.NetworkTopologyImpl (NetworkTopologyImpl.java:add(112)) - Added a new node: /default-rack/5c29832d-acaf-4236-b352-735ef8095d77
2022-10-14 14:33:47,216 [IPC Server handler 3 on default port 42209] INFO  node.SCMNodeManager (SCMNodeManager.java:register(397)) - Registered Data node : 5c29832d-acaf-4236-b352-735ef8095d77{ip: 127.0.0.1, host: localhost, ports: [REPLICATION=44453, RATIS=37445, RATIS_ADMIN=37445, RATIS_SERVER=37445, STANDALONE=32943], networkLocation: /default-rack, certSerialId: null, persistedOpState: null, persistedOpStateExpiryEpochSec: 0}
2022-10-14 14:33:47,216 [IPC Server handler 20 on default port 38403] INFO  node.SCMNodeManager (SCMNodeManager.java:register(397)) - Registered Data node : 5c29832d-acaf-4236-b352-735ef8095d77{ip: 127.0.0.1, host: localhost, ports: [REPLICATION=44453, RATIS=37445, RATIS_ADMIN=37445, RATIS_SERVER=37445, STANDALONE=32943], networkLocation: /default-rack, certSerialId: null, persistedOpState: null, persistedOpStateExpiryEpochSec: 0}
2022-10-14 14:33:47,217 [EventQueue-NewNodeForNewNodeHandler] INFO  pipeline.BackgroundPipelineCreator (BackgroundPipelineCreator.java:notifyEventTriggered(269)) - ignore, not leader SCM.
2022-10-14 14:33:47,217 [EventQueue-NewNodeForNewNodeHandler] INFO  pipeline.BackgroundPipelineCreator (BackgroundPipelineCreator.java:notifyEventTriggered(276)) - trigger a one-shot run on RatisPipelineUtilsThread.
2022-10-14 14:33:47,220 [EventQueue-NodeRegistrationContainerReportForDataNodeSafeModeRule] INFO  safemode.SCMSafeModeManager (DataNodeSafeModeRule.java:process(71)) - SCM in safe mode. 2 DataNodes registered, 3 required.
2022-10-14 14:33:47,223 [IPC Server handler 2 on default port 38439] INFO  net.NetworkTopologyImpl (NetworkTopologyImpl.java:add(112)) - Added a new node: /default-rack/5c29832d-acaf-4236-b352-735ef8095d77
2022-10-14 14:33:47,223 [IPC Server handler 2 on default port 38439] INFO  node.SCMNodeManager (SCMNodeManager.java:register(397)) - Registered Data node : 5c29832d-acaf-4236-b352-735ef8095d77{ip: 127.0.0.1, host: localhost, ports: [REPLICATION=44453, RATIS=37445, RATIS_ADMIN=37445, RATIS_SERVER=37445, STANDALONE=32943], networkLocation: /default-rack, certSerialId: null, persistedOpState: null, persistedOpStateExpiryEpochSec: 0}
2022-10-14 14:33:47,224 [RatisPipelineUtilsThread - 0] INFO  pipeline.RatisPipelineProvider (RatisPipelineProvider.java:lambda$create$0(195)) - Sending CreatePipelineCommand for pipeline:PipelineID=39f4c4af-6088-4735-8f72-b7f0b16a33d5 to datanode:5c29832d-acaf-4236-b352-735ef8095d77
2022-10-14 14:33:47,224 [EventQueue-NodeRegistrationContainerReportForDataNodeSafeModeRule] INFO  safemode.SCMSafeModeManager (DataNodeSafeModeRule.java:process(71)) - SCM in safe mode. 2 DataNodes registered, 3 required.
2022-10-14 14:33:47,226 [EventQueue-NewNodeForNewNodeHandler] INFO  pipeline.BackgroundPipelineCreator (BackgroundPipelineCreator.java:notifyEventTriggered(269)) - ignore, not leader SCM.
2022-10-14 14:33:47,227 [EventQueue-NodeRegistrationContainerReportForDataNodeSafeModeRule] INFO  safemode.SCMSafeModeManager (DataNodeSafeModeRule.java:process(71)) - SCM in safe mode. 2 DataNodes registered, 3 required.
2022-10-14 14:33:47,232 [da235ff1-af49-4bd4-8bce-f7819ff62f3f@group-79A83AF4AB20-StateMachineUpdater] INFO  pipeline.PipelineStateManagerImpl (PipelineStateManagerImpl.java:addPipeline(103)) - Created pipeline Pipeline[ Id: 39f4c4af-6088-4735-8f72-b7f0b16a33d5, Nodes: 5c29832d-acaf-4236-b352-735ef8095d77{ip: 127.0.0.1, host: localhost, ports: [REPLICATION=44453, RATIS=37445, RATIS_ADMIN=37445, RATIS_SERVER=37445, STANDALONE=32943], networkLocation: /default-rack, certSerialId: null, persistedOpState: IN_SERVICE, persistedOpStateExpiryEpochSec: 0}, ReplicationConfig: RATIS/ONE, State:ALLOCATED, leaderId:, CreationTimestamp2022-10-14T14:33:47.224Z[Etc/UTC]].
2022-10-14 14:33:47,233 [da235ff1-af49-4bd4-8bce-f7819ff62f3f@group-79A83AF4AB20-StateMachineUpdater] INFO  safemode.HealthyPipelineSafeModeRule (HealthyPipelineSafeModeRule.java:initializeRule(165)) - Refreshed total pipeline count is 0, healthy pipeline threshold count is 1
2022-10-14 14:33:47,239 [022a1120-d2e9-40a2-a00d-16a3e5b1f5eb@group-79A83AF4AB20-StateMachineUpdater] INFO  pipeline.PipelineStateManagerImpl (PipelineStateManagerImpl.java:addPipeline(103)) - Created pipeline Pipeline[ Id: 39f4c4af-6088-4735-8f72-b7f0b16a33d5, Nodes: 5c29832d-acaf-4236-b352-735ef8095d77{ip: 127.0.0.1, host: localhost, ports: [REPLICATION=44453, RATIS=37445, RATIS_ADMIN=37445, RATIS_SERVER=37445, STANDALONE=32943], networkLocation: /default-rack, certSerialId: null, persistedOpState: IN_SERVICE, persistedOpStateExpiryEpochSec: 0}, ReplicationConfig: RATIS/ONE, State:ALLOCATED, leaderId:, CreationTimestamp2022-10-14T14:33:47.224Z[Etc/UTC]].
2022-10-14 14:33:47,246 [022a1120-d2e9-40a2-a00d-16a3e5b1f5eb@group-79A83AF4AB20-StateMachineUpdater] INFO  safemode.HealthyPipelineSafeModeRule (HealthyPipelineSafeModeRule.java:initializeRule(165)) - Refreshed total pipeline count is 0, healthy pipeline threshold count is 1
2022-10-14 14:33:47,247 [c70ee520-a26f-4925-a0d6-13999223b64a@group-79A83AF4AB20-StateMachineUpdater] INFO  pipeline.PipelineStateManagerImpl (PipelineStateManagerImpl.java:addPipeline(103)) - Created pipeline Pipeline[ Id: 39f4c4af-6088-4735-8f72-b7f0b16a33d5, Nodes: 5c29832d-acaf-4236-b352-735ef8095d77{ip: 127.0.0.1, host: localhost, ports: [REPLICATION=44453, RATIS=37445, RATIS_ADMIN=37445, RATIS_SERVER=37445, STANDALONE=32943], networkLocation: /default-rack, certSerialId: null, persistedOpState: IN_SERVICE, persistedOpStateExpiryEpochSec: 0}, ReplicationConfig: RATIS/ONE, State:ALLOCATED, leaderId:, CreationTimestamp2022-10-14T14:33:47.224Z[Etc/UTC]].
2022-10-14 14:33:47,249 [c70ee520-a26f-4925-a0d6-13999223b64a@group-79A83AF4AB20-StateMachineUpdater] INFO  safemode.HealthyPipelineSafeModeRule (HealthyPipelineSafeModeRule.java:initializeRule(165)) - Refreshed total pipeline count is 0, healthy pipeline threshold count is 1
2022-10-14 14:33:47,590 [Listener at 127.0.0.1/41295] INFO  ozone.MiniOzoneClusterImpl (MiniOzoneClusterImpl.java:lambda$waitForClusterToBeReady$0(216)) - Waiting for nodes to be ready. Got 2 of 3 DN Heartbeats.
2022-10-14 14:33:47,593 [Listener at 127.0.0.1/41295] INFO  ozone.MiniOzoneClusterImpl (MiniOzoneClusterImpl.java:lambda$waitForClusterToBeReady$0(219)) - Waiting for cluster to exit safe mode
2022-10-14 14:33:47,593 [Listener at 127.0.0.1/41295] INFO  ozone.MiniOzoneClusterImpl (MiniOzoneClusterImpl.java:lambda$waitForClusterToBeReady$0(221)) - SCM became leader
2022-10-14 14:33:47,600 [IPC Server handler 0 on default port 42209] INFO  net.NetworkTopologyImpl (NetworkTopologyImpl.java:add(112)) - Added a new node: /default-rack/8c401b7e-dd35-4342-9d84-0aada9f9613c
2022-10-14 14:33:47,601 [IPC Server handler 0 on default port 42209] INFO  node.SCMNodeManager (SCMNodeManager.java:register(397)) - Registered Data node : 8c401b7e-dd35-4342-9d84-0aada9f9613c{ip: 127.0.0.1, host: localhost, ports: [REPLICATION=36579, RATIS=46747, RATIS_ADMIN=46747, RATIS_SERVER=46747, STANDALONE=34657], networkLocation: /default-rack, certSerialId: null, persistedOpState: null, persistedOpStateExpiryEpochSec: 0}
2022-10-14 14:33:47,601 [IPC Server handler 0 on default port 38439] INFO  net.NetworkTopologyImpl (NetworkTopologyImpl.java:add(112)) - Added a new node: /default-rack/8c401b7e-dd35-4342-9d84-0aada9f9613c
2022-10-14 14:33:47,601 [IPC Server handler 0 on default port 38439] INFO  node.SCMNodeManager (SCMNodeManager.java:register(397)) - Registered Data node : 8c401b7e-dd35-4342-9d84-0aada9f9613c{ip: 127.0.0.1, host: localhost, ports: [REPLICATION=36579, RATIS=46747, RATIS_ADMIN=46747, RATIS_SERVER=46747, STANDALONE=34657], networkLocation: /default-rack, certSerialId: null, persistedOpState: null, persistedOpStateExpiryEpochSec: 0}
2022-10-14 14:33:47,601 [IPC Server handler 1 on default port 38403] INFO  net.NetworkTopologyImpl (NetworkTopologyImpl.java:add(112)) - Added a new node: /default-rack/8c401b7e-dd35-4342-9d84-0aada9f9613c
2022-10-14 14:33:47,601 [IPC Server handler 1 on default port 38403] INFO  node.SCMNodeManager (SCMNodeManager.java:register(397)) - Registered Data node : 8c401b7e-dd35-4342-9d84-0aada9f9613c{ip: 127.0.0.1, host: localhost, ports: [REPLICATION=36579, RATIS=46747, RATIS_ADMIN=46747, RATIS_SERVER=46747, STANDALONE=34657], networkLocation: /default-rack, certSerialId: null, persistedOpState: null, persistedOpStateExpiryEpochSec: 0}
2022-10-14 14:33:47,601 [EventQueue-NewNodeForNewNodeHandler] INFO  pipeline.BackgroundPipelineCreator (BackgroundPipelineCreator.java:notifyEventTriggered(269)) - ignore, not leader SCM.
2022-10-14 14:33:47,602 [EventQueue-NewNodeForNewNodeHandler] INFO  pipeline.BackgroundPipelineCreator (BackgroundPipelineCreator.java:notifyEventTriggered(269)) - ignore, not leader SCM.
2022-10-14 14:33:47,602 [EventQueue-NewNodeForNewNodeHandler] INFO  pipeline.BackgroundPipelineCreator (BackgroundPipelineCreator.java:notifyEventTriggered(276)) - trigger a one-shot run on RatisPipelineUtilsThread.
2022-10-14 14:33:47,602 [RatisPipelineUtilsThread - 0] INFO  pipeline.RatisPipelineProvider (RatisPipelineProvider.java:lambda$create$0(195)) - Sending CreatePipelineCommand for pipeline:PipelineID=0b00a526-45a9-4a6d-8555-d4d3c4241bf8 to datanode:8c401b7e-dd35-4342-9d84-0aada9f9613c
2022-10-14 14:33:47,603 [EventQueue-NodeRegistrationContainerReportForDataNodeSafeModeRule] INFO  safemode.SCMSafeModeManager (DataNodeSafeModeRule.java:process(71)) - SCM in safe mode. 3 DataNodes registered, 3 required.
2022-10-14 14:33:47,603 [EventQueue-NodeRegistrationContainerReportForDataNodeSafeModeRule] INFO  safemode.SCMSafeModeManager (SCMSafeModeManager.java:validateSafeModeExitRules(204)) - DataNodeSafeModeRule rule is successfully validated
2022-10-14 14:33:47,603 [EventQueue-NodeRegistrationContainerReportForDataNodeSafeModeRule] INFO  safemode.SCMSafeModeManager (SCMSafeModeManager.java:completePreCheck(233)) - All SCM safe mode pre check rules have passed
2022-10-14 14:33:47,603 [EventQueue-NodeRegistrationContainerReportForDataNodeSafeModeRule] WARN  events.EventQueue (EventQueue.java:fireEvent(216)) - No event handler registered for event TypedEvent{payloadType=SafeModeStatus, name='Safe mode status'}
2022-10-14 14:33:47,603 [EventQueue-NodeRegistrationContainerReportForDataNodeSafeModeRule] INFO  ha.SCMContext (SCMContext.java:updateSafeModeStatus(228)) - Update SafeModeStatus from SafeModeStatus{safeModeStatus=true, preCheckPassed=false} to SafeModeStatus{safeModeStatus=true, preCheckPassed=true}.
2022-10-14 14:33:47,603 [EventQueue-NodeRegistrationContainerReportForDataNodeSafeModeRule] INFO  pipeline.BackgroundPipelineCreator (BackgroundPipelineCreator.java:notifyEventTriggered(269)) - ignore, not leader SCM.
2022-10-14 14:33:47,604 [EventQueue-NodeRegistrationContainerReportForDataNodeSafeModeRule] INFO  safemode.SCMSafeModeManager (DataNodeSafeModeRule.java:process(71)) - SCM in safe mode. 3 DataNodes registered, 3 required.
2022-10-14 14:33:47,604 [EventQueue-NodeRegistrationContainerReportForDataNodeSafeModeRule] INFO  safemode.SCMSafeModeManager (SCMSafeModeManager.java:validateSafeModeExitRules(204)) - DataNodeSafeModeRule rule is successfully validated
2022-10-14 14:33:47,604 [EventQueue-NodeRegistrationContainerReportForDataNodeSafeModeRule] INFO  safemode.SCMSafeModeManager (SCMSafeModeManager.java:completePreCheck(233)) - All SCM safe mode pre check rules have passed
2022-10-14 14:33:47,604 [EventQueue-NodeRegistrationContainerReportForDataNodeSafeModeRule] WARN  events.EventQueue (EventQueue.java:fireEvent(216)) - No event handler registered for event TypedEvent{payloadType=SafeModeStatus, name='Safe mode status'}
2022-10-14 14:33:47,608 [EventQueue-NodeRegistrationContainerReportForDataNodeSafeModeRule] INFO  ha.SCMContext (SCMContext.java:updateSafeModeStatus(228)) - Update SafeModeStatus from SafeModeStatus{safeModeStatus=true, preCheckPassed=false} to SafeModeStatus{safeModeStatus=true, preCheckPassed=true}.
2022-10-14 14:33:47,608 [EventQueue-NodeRegistrationContainerReportForDataNodeSafeModeRule] INFO  pipeline.BackgroundPipelineCreator (BackgroundPipelineCreator.java:notifyEventTriggered(276)) - trigger a one-shot run on RatisPipelineUtilsThread.
2022-10-14 14:33:47,610 [EventQueue-NodeRegistrationContainerReportForDataNodeSafeModeRule] INFO  safemode.SCMSafeModeManager (DataNodeSafeModeRule.java:process(71)) - SCM in safe mode. 3 DataNodes registered, 3 required.
2022-10-14 14:33:47,610 [EventQueue-NodeRegistrationContainerReportForDataNodeSafeModeRule] INFO  safemode.SCMSafeModeManager (SCMSafeModeManager.java:validateSafeModeExitRules(204)) - DataNodeSafeModeRule rule is successfully validated
2022-10-14 14:33:47,610 [EventQueue-NodeRegistrationContainerReportForDataNodeSafeModeRule] INFO  safemode.SCMSafeModeManager (SCMSafeModeManager.java:completePreCheck(233)) - All SCM safe mode pre check rules have passed
2022-10-14 14:33:47,610 [EventQueue-NodeRegistrationContainerReportForDataNodeSafeModeRule] WARN  events.EventQueue (EventQueue.java:fireEvent(216)) - No event handler registered for event TypedEvent{payloadType=SafeModeStatus, name='Safe mode status'}
2022-10-14 14:33:47,610 [EventQueue-NodeRegistrationContainerReportForDataNodeSafeModeRule] INFO  ha.SCMContext (SCMContext.java:updateSafeModeStatus(228)) - Update SafeModeStatus from SafeModeStatus{safeModeStatus=true, preCheckPassed=false} to SafeModeStatus{safeModeStatus=true, preCheckPassed=true}.
2022-10-14 14:33:47,610 [EventQueue-NodeRegistrationContainerReportForDataNodeSafeModeRule] INFO  pipeline.BackgroundPipelineCreator (BackgroundPipelineCreator.java:notifyEventTriggered(269)) - ignore, not leader SCM.
2022-10-14 14:33:47,611 [da235ff1-af49-4bd4-8bce-f7819ff62f3f@group-79A83AF4AB20-StateMachineUpdater] INFO  pipeline.PipelineStateManagerImpl (PipelineStateManagerImpl.java:addPipeline(103)) - Created pipeline Pipeline[ Id: 0b00a526-45a9-4a6d-8555-d4d3c4241bf8, Nodes: 8c401b7e-dd35-4342-9d84-0aada9f9613c{ip: 127.0.0.1, host: localhost, ports: [REPLICATION=36579, RATIS=46747, RATIS_ADMIN=46747, RATIS_SERVER=46747, STANDALONE=34657], networkLocation: /default-rack, certSerialId: null, persistedOpState: IN_SERVICE, persistedOpStateExpiryEpochSec: 0}, ReplicationConfig: RATIS/ONE, State:ALLOCATED, leaderId:, CreationTimestamp2022-10-14T14:33:47.602Z[Etc/UTC]].
2022-10-14 14:33:47,611 [da235ff1-af49-4bd4-8bce-f7819ff62f3f@group-79A83AF4AB20-StateMachineUpdater] INFO  safemode.HealthyPipelineSafeModeRule (HealthyPipelineSafeModeRule.java:initializeRule(165)) - Refreshed total pipeline count is 0, healthy pipeline threshold count is 1
2022-10-14 14:33:47,616 [c70ee520-a26f-4925-a0d6-13999223b64a@group-79A83AF4AB20-StateMachineUpdater] INFO  pipeline.PipelineStateManagerImpl (PipelineStateManagerImpl.java:addPipeline(103)) - Created pipeline Pipeline[ Id: 0b00a526-45a9-4a6d-8555-d4d3c4241bf8, Nodes: 8c401b7e-dd35-4342-9d84-0aada9f9613c{ip: 127.0.0.1, host: localhost, ports: [REPLICATION=36579, RATIS=46747, RATIS_ADMIN=46747, RATIS_SERVER=46747, STANDALONE=34657], networkLocation: /default-rack, certSerialId: null, persistedOpState: IN_SERVICE, persistedOpStateExpiryEpochSec: 0}, ReplicationConfig: RATIS/ONE, State:ALLOCATED, leaderId:, CreationTimestamp2022-10-14T14:33:47.602Z[Etc/UTC]].
2022-10-14 14:33:47,618 [c70ee520-a26f-4925-a0d6-13999223b64a@group-79A83AF4AB20-StateMachineUpdater] INFO  safemode.HealthyPipelineSafeModeRule (HealthyPipelineSafeModeRule.java:initializeRule(165)) - Refreshed total pipeline count is 0, healthy pipeline threshold count is 1
2022-10-14 14:33:47,619 [RatisPipelineUtilsThread - 0] INFO  pipeline.RatisPipelineProvider (RatisPipelineProvider.java:lambda$create$0(195)) - Sending CreatePipelineCommand for pipeline:PipelineID=cdca5273-61c0-4bfd-a9c7-e23ae6893ed9 to datanode:fe4e0b1e-d8f6-493e-bd46-2984bf01a4b8
2022-10-14 14:33:47,621 [RatisPipelineUtilsThread - 0] INFO  pipeline.RatisPipelineProvider (RatisPipelineProvider.java:lambda$create$0(195)) - Sending CreatePipelineCommand for pipeline:PipelineID=cdca5273-61c0-4bfd-a9c7-e23ae6893ed9 to datanode:5c29832d-acaf-4236-b352-735ef8095d77
2022-10-14 14:33:47,621 [RatisPipelineUtilsThread - 0] INFO  pipeline.RatisPipelineProvider (RatisPipelineProvider.java:lambda$create$0(195)) - Sending CreatePipelineCommand for pipeline:PipelineID=cdca5273-61c0-4bfd-a9c7-e23ae6893ed9 to datanode:8c401b7e-dd35-4342-9d84-0aada9f9613c
2022-10-14 14:33:47,622 [022a1120-d2e9-40a2-a00d-16a3e5b1f5eb@group-79A83AF4AB20-StateMachineUpdater] INFO  pipeline.PipelineStateManagerImpl (PipelineStateManagerImpl.java:addPipeline(103)) - Created pipeline Pipeline[ Id: 0b00a526-45a9-4a6d-8555-d4d3c4241bf8, Nodes: 8c401b7e-dd35-4342-9d84-0aada9f9613c{ip: 127.0.0.1, host: localhost, ports: [REPLICATION=36579, RATIS=46747, RATIS_ADMIN=46747, RATIS_SERVER=46747, STANDALONE=34657], networkLocation: /default-rack, certSerialId: null, persistedOpState: IN_SERVICE, persistedOpStateExpiryEpochSec: 0}, ReplicationConfig: RATIS/ONE, State:ALLOCATED, leaderId:, CreationTimestamp2022-10-14T14:33:47.602Z[Etc/UTC]].
2022-10-14 14:33:47,622 [022a1120-d2e9-40a2-a00d-16a3e5b1f5eb@group-79A83AF4AB20-StateMachineUpdater] INFO  safemode.HealthyPipelineSafeModeRule (HealthyPipelineSafeModeRule.java:initializeRule(165)) - Refreshed total pipeline count is 0, healthy pipeline threshold count is 1
2022-10-14 14:33:47,627 [da235ff1-af49-4bd4-8bce-f7819ff62f3f@group-79A83AF4AB20-StateMachineUpdater] INFO  pipeline.PipelineStateManagerImpl (PipelineStateManagerImpl.java:addPipeline(103)) - Created pipeline Pipeline[ Id: cdca5273-61c0-4bfd-a9c7-e23ae6893ed9, Nodes: fe4e0b1e-d8f6-493e-bd46-2984bf01a4b8{ip: 127.0.0.1, host: localhost, ports: [REPLICATION=46481, RATIS=42555, RATIS_ADMIN=42555, RATIS_SERVER=42555, STANDALONE=36217], networkLocation: /default-rack, certSerialId: null, persistedOpState: IN_SERVICE, persistedOpStateExpiryEpochSec: 0}5c29832d-acaf-4236-b352-735ef8095d77{ip: 127.0.0.1, host: localhost, ports: [REPLICATION=44453, RATIS=37445, RATIS_ADMIN=37445, RATIS_SERVER=37445, STANDALONE=32943], networkLocation: /default-rack, certSerialId: null, persistedOpState: IN_SERVICE, persistedOpStateExpiryEpochSec: 0}8c401b7e-dd35-4342-9d84-0aada9f9613c{ip: 127.0.0.1, host: localhost, ports: [REPLICATION=36579, RATIS=46747, RATIS_ADMIN=46747, RATIS_SERVER=46747, STANDALONE=34657], networkLocation: /default-rack, certSerialId: null, persistedOpState: IN_SERVICE, persistedOpStateExpiryEpochSec: 0}, ReplicationConfig: RATIS/THREE, State:ALLOCATED, leaderId:, CreationTimestamp2022-10-14T14:33:47.619Z[Etc/UTC]].
2022-10-14 14:33:47,629 [da235ff1-af49-4bd4-8bce-f7819ff62f3f@group-79A83AF4AB20-StateMachineUpdater] INFO  safemode.HealthyPipelineSafeModeRule (HealthyPipelineSafeModeRule.java:initializeRule(165)) - Refreshed total pipeline count is 0, healthy pipeline threshold count is 1
2022-10-14 14:33:47,632 [022a1120-d2e9-40a2-a00d-16a3e5b1f5eb@group-79A83AF4AB20-StateMachineUpdater] INFO  pipeline.PipelineStateManagerImpl (PipelineStateManagerImpl.java:addPipeline(103)) - Created pipeline Pipeline[ Id: cdca5273-61c0-4bfd-a9c7-e23ae6893ed9, Nodes: fe4e0b1e-d8f6-493e-bd46-2984bf01a4b8{ip: 127.0.0.1, host: localhost, ports: [REPLICATION=46481, RATIS=42555, RATIS_ADMIN=42555, RATIS_SERVER=42555, STANDALONE=36217], networkLocation: /default-rack, certSerialId: null, persistedOpState: IN_SERVICE, persistedOpStateExpiryEpochSec: 0}5c29832d-acaf-4236-b352-735ef8095d77{ip: 127.0.0.1, host: localhost, ports: [REPLICATION=44453, RATIS=37445, RATIS_ADMIN=37445, RATIS_SERVER=37445, STANDALONE=32943], networkLocation: /default-rack, certSerialId: null, persistedOpState: IN_SERVICE, persistedOpStateExpiryEpochSec: 0}8c401b7e-dd35-4342-9d84-0aada9f9613c{ip: 127.0.0.1, host: localhost, ports: [REPLICATION=36579, RATIS=46747, RATIS_ADMIN=46747, RATIS_SERVER=46747, STANDALONE=34657], networkLocation: /default-rack, certSerialId: null, persistedOpState: IN_SERVICE, persistedOpStateExpiryEpochSec: 0}, ReplicationConfig: RATIS/THREE, State:ALLOCATED, leaderId:, CreationTimestamp2022-10-14T14:33:47.619Z[Etc/UTC]].
2022-10-14 14:33:47,637 [RatisPipelineUtilsThread - 0] INFO  pipeline.RatisPipelineProvider (RatisPipelineProvider.java:lambda$create$0(195)) - Sending CreatePipelineCommand for pipeline:PipelineID=592fcc52-6c8c-41d3-824e-822240ee24aa to datanode:8c401b7e-dd35-4342-9d84-0aada9f9613c
2022-10-14 14:33:47,637 [022a1120-d2e9-40a2-a00d-16a3e5b1f5eb@group-79A83AF4AB20-StateMachineUpdater] INFO  safemode.HealthyPipelineSafeModeRule (HealthyPipelineSafeModeRule.java:initializeRule(165)) - Refreshed total pipeline count is 0, healthy pipeline threshold count is 1
2022-10-14 14:33:47,642 [c70ee520-a26f-4925-a0d6-13999223b64a@group-79A83AF4AB20-StateMachineUpdater] INFO  pipeline.PipelineStateManagerImpl (PipelineStateManagerImpl.java:addPipeline(103)) - Created pipeline Pipeline[ Id: cdca5273-61c0-4bfd-a9c7-e23ae6893ed9, Nodes: fe4e0b1e-d8f6-493e-bd46-2984bf01a4b8{ip: 127.0.0.1, host: localhost, ports: [REPLICATION=46481, RATIS=42555, RATIS_ADMIN=42555, RATIS_SERVER=42555, STANDALONE=36217], networkLocation: /default-rack, certSerialId: null, persistedOpState: IN_SERVICE, persistedOpStateExpiryEpochSec: 0}5c29832d-acaf-4236-b352-735ef8095d77{ip: 127.0.0.1, host: localhost, ports: [REPLICATION=44453, RATIS=37445, RATIS_ADMIN=37445, RATIS_SERVER=37445, STANDALONE=32943], networkLocation: /default-rack, certSerialId: null, persistedOpState: IN_SERVICE, persistedOpStateExpiryEpochSec: 0}8c401b7e-dd35-4342-9d84-0aada9f9613c{ip: 127.0.0.1, host: localhost, ports: [REPLICATION=36579, RATIS=46747, RATIS_ADMIN=46747, RATIS_SERVER=46747, STANDALONE=34657], networkLocation: /default-rack, certSerialId: null, persistedOpState: IN_SERVICE, persistedOpStateExpiryEpochSec: 0}, ReplicationConfig: RATIS/THREE, State:ALLOCATED, leaderId:, CreationTimestamp2022-10-14T14:33:47.619Z[Etc/UTC]].
2022-10-14 14:33:47,642 [c70ee520-a26f-4925-a0d6-13999223b64a@group-79A83AF4AB20-StateMachineUpdater] INFO  safemode.HealthyPipelineSafeModeRule (HealthyPipelineSafeModeRule.java:initializeRule(165)) - Refreshed total pipeline count is 0, healthy pipeline threshold count is 1
2022-10-14 14:33:47,643 [RatisPipelineUtilsThread - 0] INFO  pipeline.RatisPipelineProvider (RatisPipelineProvider.java:lambda$create$0(195)) - Sending CreatePipelineCommand for pipeline:PipelineID=592fcc52-6c8c-41d3-824e-822240ee24aa to datanode:fe4e0b1e-d8f6-493e-bd46-2984bf01a4b8
2022-10-14 14:33:47,644 [RatisPipelineUtilsThread - 0] INFO  pipeline.RatisPipelineProvider (RatisPipelineProvider.java:lambda$create$0(195)) - Sending CreatePipelineCommand for pipeline:PipelineID=592fcc52-6c8c-41d3-824e-822240ee24aa to datanode:5c29832d-acaf-4236-b352-735ef8095d77
2022-10-14 14:33:47,649 [da235ff1-af49-4bd4-8bce-f7819ff62f3f@group-79A83AF4AB20-StateMachineUpdater] INFO  pipeline.PipelineStateManagerImpl (PipelineStateManagerImpl.java:addPipeline(103)) - Created pipeline Pipeline[ Id: 592fcc52-6c8c-41d3-824e-822240ee24aa, Nodes: 8c401b7e-dd35-4342-9d84-0aada9f9613c{ip: 127.0.0.1, host: localhost, ports: [REPLICATION=36579, RATIS=46747, RATIS_ADMIN=46747, RATIS_SERVER=46747, STANDALONE=34657], networkLocation: /default-rack, certSerialId: null, persistedOpState: IN_SERVICE, persistedOpStateExpiryEpochSec: 0}fe4e0b1e-d8f6-493e-bd46-2984bf01a4b8{ip: 127.0.0.1, host: localhost, ports: [REPLICATION=46481, RATIS=42555, RATIS_ADMIN=42555, RATIS_SERVER=42555, STANDALONE=36217], networkLocation: /default-rack, certSerialId: null, persistedOpState: IN_SERVICE, persistedOpStateExpiryEpochSec: 0}5c29832d-acaf-4236-b352-735ef8095d77{ip: 127.0.0.1, host: localhost, ports: [REPLICATION=44453, RATIS=37445, RATIS_ADMIN=37445, RATIS_SERVER=37445, STANDALONE=32943], networkLocation: /default-rack, certSerialId: null, persistedOpState: IN_SERVICE, persistedOpStateExpiryEpochSec: 0}, ReplicationConfig: RATIS/THREE, State:ALLOCATED, leaderId:, CreationTimestamp2022-10-14T14:33:47.637Z[Etc/UTC]].
2022-10-14 14:33:47,649 [da235ff1-af49-4bd4-8bce-f7819ff62f3f@group-79A83AF4AB20-StateMachineUpdater] INFO  safemode.HealthyPipelineSafeModeRule (HealthyPipelineSafeModeRule.java:initializeRule(165)) - Refreshed total pipeline count is 0, healthy pipeline threshold count is 1
2022-10-14 14:33:47,650 [RatisPipelineUtilsThread - 0] INFO  pipeline.PipelineManagerImpl (PipelineManagerImpl.java:recordMetricsForPipeline(796)) - Pipeline: PipelineID=592fcc52-6c8c-41d3-824e-822240ee24aa contains same datanodes as previous pipelines: PipelineID=cdca5273-61c0-4bfd-a9c7-e23ae6893ed9 nodeIds: 8c401b7e-dd35-4342-9d84-0aada9f9613c, fe4e0b1e-d8f6-493e-bd46-2984bf01a4b8, 5c29832d-acaf-4236-b352-735ef8095d77
2022-10-14 14:33:47,662 [c70ee520-a26f-4925-a0d6-13999223b64a@group-79A83AF4AB20-StateMachineUpdater] INFO  pipeline.PipelineStateManagerImpl (PipelineStateManagerImpl.java:addPipeline(103)) - Created pipeline Pipeline[ Id: 592fcc52-6c8c-41d3-824e-822240ee24aa, Nodes: 8c401b7e-dd35-4342-9d84-0aada9f9613c{ip: 127.0.0.1, host: localhost, ports: [REPLICATION=36579, RATIS=46747, RATIS_ADMIN=46747, RATIS_SERVER=46747, STANDALONE=34657], networkLocation: /default-rack, certSerialId: null, persistedOpState: IN_SERVICE, persistedOpStateExpiryEpochSec: 0}fe4e0b1e-d8f6-493e-bd46-2984bf01a4b8{ip: 127.0.0.1, host: localhost, ports: [REPLICATION=46481, RATIS=42555, RATIS_ADMIN=42555, RATIS_SERVER=42555, STANDALONE=36217], networkLocation: /default-rack, certSerialId: null, persistedOpState: IN_SERVICE, persistedOpStateExpiryEpochSec: 0}5c29832d-acaf-4236-b352-735ef8095d77{ip: 127.0.0.1, host: localhost, ports: [REPLICATION=44453, RATIS=37445, RATIS_ADMIN=37445, RATIS_SERVER=37445, STANDALONE=32943], networkLocation: /default-rack, certSerialId: null, persistedOpState: IN_SERVICE, persistedOpStateExpiryEpochSec: 0}, ReplicationConfig: RATIS/THREE, State:ALLOCATED, leaderId:, CreationTimestamp2022-10-14T14:33:47.637Z[Etc/UTC]].
2022-10-14 14:33:47,663 [c70ee520-a26f-4925-a0d6-13999223b64a@group-79A83AF4AB20-StateMachineUpdater] INFO  safemode.HealthyPipelineSafeModeRule (HealthyPipelineSafeModeRule.java:initializeRule(165)) - Refreshed total pipeline count is 0, healthy pipeline threshold count is 1
2022-10-14 14:33:47,665 [022a1120-d2e9-40a2-a00d-16a3e5b1f5eb@group-79A83AF4AB20-StateMachineUpdater] INFO  pipeline.PipelineStateManagerImpl (PipelineStateManagerImpl.java:addPipeline(103)) - Created pipeline Pipeline[ Id: 592fcc52-6c8c-41d3-824e-822240ee24aa, Nodes: 8c401b7e-dd35-4342-9d84-0aada9f9613c{ip: 127.0.0.1, host: localhost, ports: [REPLICATION=36579, RATIS=46747, RATIS_ADMIN=46747, RATIS_SERVER=46747, STANDALONE=34657], networkLocation: /default-rack, certSerialId: null, persistedOpState: IN_SERVICE, persistedOpStateExpiryEpochSec: 0}fe4e0b1e-d8f6-493e-bd46-2984bf01a4b8{ip: 127.0.0.1, host: localhost, ports: [REPLICATION=46481, RATIS=42555, RATIS_ADMIN=42555, RATIS_SERVER=42555, STANDALONE=36217], networkLocation: /default-rack, certSerialId: null, persistedOpState: IN_SERVICE, persistedOpStateExpiryEpochSec: 0}5c29832d-acaf-4236-b352-735ef8095d77{ip: 127.0.0.1, host: localhost, ports: [REPLICATION=44453, RATIS=37445, RATIS_ADMIN=37445, RATIS_SERVER=37445, STANDALONE=32943], networkLocation: /default-rack, certSerialId: null, persistedOpState: IN_SERVICE, persistedOpStateExpiryEpochSec: 0}, ReplicationConfig: RATIS/THREE, State:ALLOCATED, leaderId:, CreationTimestamp2022-10-14T14:33:47.637Z[Etc/UTC]].
2022-10-14 14:33:47,667 [022a1120-d2e9-40a2-a00d-16a3e5b1f5eb@group-79A83AF4AB20-StateMachineUpdater] INFO  safemode.HealthyPipelineSafeModeRule (HealthyPipelineSafeModeRule.java:initializeRule(165)) - Refreshed total pipeline count is 0, healthy pipeline threshold count is 1
2022-10-14 14:33:48,593 [Listener at 127.0.0.1/41295] INFO  ozone.MiniOzoneClusterImpl (MiniOzoneClusterImpl.java:lambda$waitForClusterToBeReady$0(216)) - Nodes are ready. Got 3 of 3 DN Heartbeats.
2022-10-14 14:33:48,598 [Listener at 127.0.0.1/41295] INFO  ozone.MiniOzoneClusterImpl (MiniOzoneClusterImpl.java:lambda$waitForClusterToBeReady$0(219)) - Waiting for cluster to exit safe mode
2022-10-14 14:33:48,598 [Listener at 127.0.0.1/41295] INFO  ozone.MiniOzoneClusterImpl (MiniOzoneClusterImpl.java:lambda$waitForClusterToBeReady$0(221)) - SCM became leader
2022-10-14 14:33:49,600 [Listener at 127.0.0.1/41295] INFO  ozone.MiniOzoneClusterImpl (MiniOzoneClusterImpl.java:lambda$waitForClusterToBeReady$0(216)) - Nodes are ready. Got 3 of 3 DN Heartbeats.
2022-10-14 14:33:49,600 [Listener at 127.0.0.1/41295] INFO  ozone.MiniOzoneClusterImpl (MiniOzoneClusterImpl.java:lambda$waitForClusterToBeReady$0(219)) - Waiting for cluster to exit safe mode
2022-10-14 14:33:49,600 [Listener at 127.0.0.1/41295] INFO  ozone.MiniOzoneClusterImpl (MiniOzoneClusterImpl.java:lambda$waitForClusterToBeReady$0(221)) - SCM became leader
2022-10-14 14:33:49,805 [Command processor thread] INFO  server.RaftServer (RaftServerProxy.java:addNew(96)) - fe4e0b1e-d8f6-493e-bd46-2984bf01a4b8: addNew group-B1C50714663F:[fe4e0b1e-d8f6-493e-bd46-2984bf01a4b8|rpc:127.0.0.1:42555|priority:1] returns group-B1C50714663F:java.util.concurrent.CompletableFuture@18a3a760[Not completed]
2022-10-14 14:33:49,817 [pool-190-thread-1] INFO  server.RaftServer$Division (RaftServerImpl.java:<init>(190)) - fe4e0b1e-d8f6-493e-bd46-2984bf01a4b8: new RaftServerImpl for group-B1C50714663F:[fe4e0b1e-d8f6-493e-bd46-2984bf01a4b8|rpc:127.0.0.1:42555|priority:1] with ContainerStateMachine:uninitialized
2022-10-14 14:33:49,818 [pool-190-thread-1] INFO  server.RaftServerConfigKeys (ConfUtils.java:logGet(46)) - raft.server.rpc.timeout.min = 5s (custom)
2022-10-14 14:33:49,818 [pool-190-thread-1] INFO  server.RaftServerConfigKeys (ConfUtils.java:logGet(46)) - raft.server.rpc.timeout.max = 5200ms (custom)
2022-10-14 14:33:49,818 [pool-190-thread-1] INFO  server.RaftServerConfigKeys (ConfUtils.java:logGet(46)) - raft.server.rpc.sleep.time = 25ms (default)
2022-10-14 14:33:49,818 [pool-190-thread-1] INFO  server.RaftServerConfigKeys (ConfUtils.java:logGet(46)) - raft.server.rpc.slowness.timeout = 300s (custom)
2022-10-14 14:33:49,818 [pool-190-thread-1] INFO  server.RaftServerConfigKeys (ConfUtils.java:logGet(46)) - raft.server.leaderelection.leader.step-down.wait-time = 10s (default)
2022-10-14 14:33:49,818 [pool-190-thread-1] INFO  server.RaftServerConfigKeys (ConfUtils.java:logGet(46)) - raft.server.sleep.deviation.threshold = 300ms (default)
2022-10-14 14:33:49,818 [pool-190-thread-1] INFO  server.RaftServer$Division (ServerState.java:<init>(107)) - fe4e0b1e-d8f6-493e-bd46-2984bf01a4b8@group-B1C50714663F: ConfigurationManager, init=-1: [fe4e0b1e-d8f6-493e-bd46-2984bf01a4b8|rpc:127.0.0.1:42555|priority:1], old=null, confs=<EMPTY_MAP>
2022-10-14 14:33:49,818 [pool-190-thread-1] INFO  server.RaftServerConfigKeys (ConfUtils.java:logGet(46)) - raft.server.storage.dir = [/home/runner/work/ozone/ozone/hadoop-ozone/integration-test/target/test-dir/MiniOzoneClusterImpl-d3474758-561c-4776-8c9d-79a83af4ab20/datanode-0/data/ratis] (custom)
2022-10-14 14:33:49,818 [pool-190-thread-1] INFO  server.RaftServerConfigKeys (ConfUtils.java:logGet(46)) - raft.server.log.corruption.policy = EXCEPTION (default)
2022-10-14 14:33:49,818 [pool-190-thread-1] INFO  server.RaftServerConfigKeys (ConfUtils.java:logGet(46)) - raft.server.storage.free-space.min = 0MB (=0) (default)
2022-10-14 14:33:49,818 [pool-190-thread-1] INFO  storage.RaftStorageDirectory (RaftStorageDirectoryImpl.java:analyzeStorage(135)) - The storage directory /home/runner/work/ozone/ozone/hadoop-ozone/integration-test/target/test-dir/MiniOzoneClusterImpl-d3474758-561c-4776-8c9d-79a83af4ab20/datanode-0/data/ratis/892e9d86-4684-420c-9d89-b1c50714663f does not exist. Creating ...
2022-10-14 14:33:49,822 [pool-190-thread-1] INFO  storage.RaftStorageDirectory (RaftStorageDirectoryImpl.java:tryLock(230)) - Lock on /home/runner/work/ozone/ozone/hadoop-ozone/integration-test/target/test-dir/MiniOzoneClusterImpl-d3474758-561c-4776-8c9d-79a83af4ab20/datanode-0/data/ratis/892e9d86-4684-420c-9d89-b1c50714663f/in_use.lock acquired by nodename 2882@fv-az318-86
2022-10-14 14:33:49,824 [pool-190-thread-1] INFO  storage.RaftStorage (RaftStorageImpl.java:format(89)) - Storage directory /home/runner/work/ozone/ozone/hadoop-ozone/integration-test/target/test-dir/MiniOzoneClusterImpl-d3474758-561c-4776-8c9d-79a83af4ab20/datanode-0/data/ratis/892e9d86-4684-420c-9d89-b1c50714663f has been successfully formatted.
2022-10-14 14:33:49,827 [pool-190-thread-1] INFO  ratis.ContainerStateMachine (ContainerStateMachine.java:loadSnapshot(236)) - group-B1C50714663F: The snapshot info is null. Setting the last applied indexto:(t:0, i:~)
2022-10-14 14:33:49,828 [pool-190-thread-1] INFO  server.RaftServerConfigKeys (ConfUtils.java:logGet(46)) - raft.server.notification.no-leader.timeout = 300s (custom)
2022-10-14 14:33:49,828 [pool-190-thread-1] INFO  server.RaftServerConfigKeys (ConfUtils.java:logGet(46)) - raft.server.log.use.memory = false (default)
2022-10-14 14:33:49,828 [pool-190-thread-1] INFO  server.RaftServerConfigKeys (ConfUtils.java:logGet(46)) - raft.server.log.purge.gap = 1000000 (custom)
2022-10-14 14:33:49,828 [pool-190-thread-1] INFO  server.RaftServerConfigKeys (ConfUtils.java:logGet(46)) - raft.server.log.appender.buffer.byte-limit = 33554432 (custom)
2022-10-14 14:33:49,828 [pool-190-thread-1] INFO  server.RaftServerConfigKeys (ConfUtils.java:logGet(46)) - raft.server.log.statemachine.data.read.timeout = 1000ms (default)
2022-10-14 14:33:49,828 [pool-190-thread-1] INFO  server.RaftServerConfigKeys (ConfUtils.java:logGet(46)) - raft.server.log.segment.size.max = 1048576 (custom)
2022-10-14 14:33:49,829 [pool-190-thread-1] INFO  server.RaftServerConfigKeys (ConfUtils.java:logGet(46)) - raft.server.log.segment.cache.num.max = 2 (custom)
2022-10-14 14:33:49,829 [pool-190-thread-1] INFO  server.RaftServerConfigKeys (ConfUtils.java:logGet(46)) - raft.server.log.segment.cache.size.max = 200MB (=209715200) (default)
2022-10-14 14:33:49,829 [pool-190-thread-1] INFO  segmented.SegmentedRaftLogWorker (SegmentedRaftLogWorker.java:<init>(187)) - new fe4e0b1e-d8f6-493e-bd46-2984bf01a4b8@group-B1C50714663F-SegmentedRaftLogWorker for RaftStorageImpl:Storage Directory /home/runner/work/ozone/ozone/hadoop-ozone/integration-test/target/test-dir/MiniOzoneClusterImpl-d3474758-561c-4776-8c9d-79a83af4ab20/datanode-0/data/ratis/892e9d86-4684-420c-9d89-b1c50714663f
2022-10-14 14:33:49,829 [pool-190-thread-1] INFO  server.RaftServerConfigKeys (ConfUtils.java:logGet(46)) - raft.server.log.queue.byte-limit = 4294967296 (custom)
2022-10-14 14:33:49,829 [pool-190-thread-1] INFO  server.RaftServerConfigKeys (ConfUtils.java:logGet(46)) - raft.server.log.queue.element-limit = 1024 (custom)
2022-10-14 14:33:49,829 [pool-190-thread-1] INFO  server.RaftServerConfigKeys (ConfUtils.java:logGet(46)) - raft.server.log.segment.size.max = 1048576 (custom)
2022-10-14 14:33:49,829 [pool-190-thread-1] INFO  server.RaftServerConfigKeys (ConfUtils.java:logGet(46)) - raft.server.log.preallocated.size = 16384 (custom)
2022-10-14 14:33:49,829 [pool-190-thread-1] INFO  server.RaftServerConfigKeys (ConfUtils.java:logGet(46)) - raft.server.log.force.sync.num = 128 (default)
2022-10-14 14:33:49,829 [pool-190-thread-1] INFO  server.RaftServerConfigKeys (ConfUtils.java:logGet(46)) - raft.server.log.statemachine.data.sync = true (default)
2022-10-14 14:33:49,829 [pool-190-thread-1] INFO  server.RaftServerConfigKeys (ConfUtils.java:logGet(46)) - raft.server.log.statemachine.data.sync.timeout = 10s (default)
2022-10-14 14:33:49,829 [pool-190-thread-1] INFO  server.RaftServerConfigKeys (ConfUtils.java:logGet(46)) - raft.server.log.statemachine.data.sync.timeout.retry = -1 (default)
2022-10-14 14:33:49,830 [pool-190-thread-1] INFO  server.RaftServerConfigKeys (ConfUtils.java:logGet(46)) - raft.server.log.write.buffer.size = 1048576 (custom)
2022-10-14 14:33:49,830 [pool-190-thread-1] INFO  server.RaftServerConfigKeys (ConfUtils.java:logGet(46)) - raft.server.log.unsafe-flush.enabled = false (default)
2022-10-14 14:33:49,830 [pool-190-thread-1] INFO  server.RaftServerConfigKeys (ConfUtils.java:logGet(46)) - raft.server.log.statemachine.data.caching.enabled = true (custom)
2022-10-14 14:33:49,830 [pool-190-thread-1] INFO  segmented.SegmentedRaftLogWorker (SegmentedRaftLogWorker.java:lambda$new$0(135)) - fe4e0b1e-d8f6-493e-bd46-2984bf01a4b8@group-B1C50714663F-SegmentedRaftLogWorker: flushIndex: setUnconditionally 0 -> -1
2022-10-14 14:33:49,831 [pool-190-thread-1] INFO  segmented.SegmentedRaftLogWorker (SegmentedRaftLogWorker.java:lambda$new$0(135)) - fe4e0b1e-d8f6-493e-bd46-2984bf01a4b8@group-B1C50714663F-SegmentedRaftLogWorker: safeCacheEvictIndex: setUnconditionally 0 -> -1
2022-10-14 14:33:49,831 [pool-190-thread-1] INFO  server.RaftServerConfigKeys (ConfUtils.java:logGet(46)) - raft.server.snapshot.auto.trigger.enabled = true (custom)
2022-10-14 14:33:49,831 [pool-190-thread-1] INFO  server.RaftServerConfigKeys (ConfUtils.java:logGet(46)) - raft.server.snapshot.auto.trigger.threshold = 10000 (custom)
2022-10-14 14:33:49,831 [pool-190-thread-1] INFO  server.RaftServerConfigKeys (ConfUtils.java:logGet(46)) - raft.server.snapshot.retention.file.num = 5 (custom)
2022-10-14 14:33:49,831 [pool-190-thread-1] INFO  server.RaftServerConfigKeys (ConfUtils.java:logGet(46)) - raft.server.log.purge.upto.snapshot.index = false (default)
2022-10-14 14:33:49,831 [pool-190-thread-1] INFO  server.RaftServerConfigKeys (ConfUtils.java:logGet(46)) - raft.server.retrycache.expirytime = 600000ms (custom)
2022-10-14 14:33:49,831 [pool-190-thread-1] INFO  server.RaftServerConfigKeys (ConfUtils.java:logGet(46)) - raft.server.retrycache.statistics.expirytime = 100μs (default)
2022-10-14 14:33:49,832 [pool-190-thread-1] INFO  server.RaftServerConfigKeys (ConfUtils.java:logGet(46)) - raft.server.log.appender.install.snapshot.enabled = false (custom)
2022-10-14 14:33:49,832 [pool-190-thread-1] INFO  server.RaftServerConfigKeys (ConfUtils.java:logGet(46)) - raft.server.threadpool.server.cached = true (default)
2022-10-14 14:33:49,832 [pool-190-thread-1] INFO  server.RaftServerConfigKeys (ConfUtils.java:logGet(46)) - raft.server.threadpool.server.size = 0 (default)
2022-10-14 14:33:49,833 [pool-190-thread-1] INFO  server.RaftServerConfigKeys (ConfUtils.java:logGet(46)) - raft.server.threadpool.client.cached = true (default)
2022-10-14 14:33:49,833 [pool-190-thread-1] INFO  server.RaftServerConfigKeys (ConfUtils.java:logGet(46)) - raft.server.threadpool.client.size = 0 (default)
2022-10-14 14:33:49,833 [pool-190-thread-1] INFO  server.RaftServer$Division (RaftServerImpl.java:start(310)) - fe4e0b1e-d8f6-493e-bd46-2984bf01a4b8@group-B1C50714663F: start as a follower, conf=-1: [fe4e0b1e-d8f6-493e-bd46-2984bf01a4b8|rpc:127.0.0.1:42555|priority:1], old=null
2022-10-14 14:33:49,833 [pool-190-thread-1] INFO  server.RaftServer$Division (RaftServerImpl.java:setRole(299)) - fe4e0b1e-d8f6-493e-bd46-2984bf01a4b8@group-B1C50714663F: changes role from      null to FOLLOWER at term 0 for startAsFollower
2022-10-14 14:33:49,833 [pool-190-thread-1] INFO  impl.RoleInfo (RoleInfo.java:updateAndGet(139)) - fe4e0b1e-d8f6-493e-bd46-2984bf01a4b8: start fe4e0b1e-d8f6-493e-bd46-2984bf01a4b8@group-B1C50714663F-FollowerState
2022-10-14 14:33:49,837 [pool-190-thread-1] INFO  util.JmxRegister (JmxRegister.java:tryRegister(44)) - Successfully registered JMX Bean with object name Ratis:service=RaftServer,group=group-B1C50714663F,id=fe4e0b1e-d8f6-493e-bd46-2984bf01a4b8
2022-10-14 14:33:49,848 [Command processor thread] INFO  ratis.XceiverServerRatis (XceiverServerRatis.java:addGroup(765)) - Created group PipelineID=892e9d86-4684-420c-9d89-b1c50714663f
2022-10-14 14:33:49,849 [Command processor thread] INFO  commandhandler.CreatePipelineCommandHandler (CreatePipelineCommandHandler.java:handle(113)) - Created Pipeline RATIS ONE PipelineID=892e9d86-4684-420c-9d89-b1c50714663f.
2022-10-14 14:33:49,849 [Command processor thread] INFO  server.RaftServer (RaftServerProxy.java:addNew(96)) - fe4e0b1e-d8f6-493e-bd46-2984bf01a4b8: addNew group-E23AE6893ED9:[8c401b7e-dd35-4342-9d84-0aada9f9613c|rpc:127.0.0.1:46747|priority:0, fe4e0b1e-d8f6-493e-bd46-2984bf01a4b8|rpc:127.0.0.1:42555|priority:1, 5c29832d-acaf-4236-b352-735ef8095d77|rpc:127.0.0.1:37445|priority:0] returns group-E23AE6893ED9:java.util.concurrent.CompletableFuture@213f9b64[Not completed]
2022-10-14 14:33:49,851 [pool-190-thread-1] INFO  server.RaftServer$Division (RaftServerImpl.java:<init>(190)) - fe4e0b1e-d8f6-493e-bd46-2984bf01a4b8: new RaftServerImpl for group-E23AE6893ED9:[8c401b7e-dd35-4342-9d84-0aada9f9613c|rpc:127.0.0.1:46747|priority:0, fe4e0b1e-d8f6-493e-bd46-2984bf01a4b8|rpc:127.0.0.1:42555|priority:1, 5c29832d-acaf-4236-b352-735ef8095d77|rpc:127.0.0.1:37445|priority:0] with ContainerStateMachine:uninitialized
2022-10-14 14:33:49,851 [pool-190-thread-1] INFO  server.RaftServerConfigKeys (ConfUtils.java:logGet(46)) - raft.server.rpc.timeout.min = 5s (custom)
2022-10-14 14:33:49,851 [pool-190-thread-1] INFO  server.RaftServerConfigKeys (ConfUtils.java:logGet(46)) - raft.server.rpc.timeout.max = 5200ms (custom)
2022-10-14 14:33:49,851 [pool-190-thread-1] INFO  server.RaftServerConfigKeys (ConfUtils.java:logGet(46)) - raft.server.rpc.sleep.time = 25ms (default)
2022-10-14 14:33:49,851 [pool-190-thread-1] INFO  server.RaftServerConfigKeys (ConfUtils.java:logGet(46)) - raft.server.rpc.slowness.timeout = 300s (custom)
2022-10-14 14:33:49,851 [pool-190-thread-1] INFO  server.RaftServerConfigKeys (ConfUtils.java:logGet(46)) - raft.server.leaderelection.leader.step-down.wait-time = 10s (default)
2022-10-14 14:33:49,851 [pool-190-thread-1] INFO  server.RaftServerConfigKeys (ConfUtils.java:logGet(46)) - raft.server.sleep.deviation.threshold = 300ms (default)
2022-10-14 14:33:49,851 [pool-190-thread-1] INFO  server.RaftServer$Division (ServerState.java:<init>(107)) - fe4e0b1e-d8f6-493e-bd46-2984bf01a4b8@group-E23AE6893ED9: ConfigurationManager, init=-1: [8c401b7e-dd35-4342-9d84-0aada9f9613c|rpc:127.0.0.1:46747|priority:0, fe4e0b1e-d8f6-493e-bd46-2984bf01a4b8|rpc:127.0.0.1:42555|priority:1, 5c29832d-acaf-4236-b352-735ef8095d77|rpc:127.0.0.1:37445|priority:0], old=null, confs=<EMPTY_MAP>
2022-10-14 14:33:49,851 [pool-190-thread-1] INFO  server.RaftServerConfigKeys (ConfUtils.java:logGet(46)) - raft.server.storage.dir = [/home/runner/work/ozone/ozone/hadoop-ozone/integration-test/target/test-dir/MiniOzoneClusterImpl-d3474758-561c-4776-8c9d-79a83af4ab20/datanode-0/data/ratis] (custom)
2022-10-14 14:33:49,851 [pool-190-thread-1] INFO  server.RaftServerConfigKeys (ConfUtils.java:logGet(46)) - raft.server.log.corruption.policy = EXCEPTION (default)
2022-10-14 14:33:49,851 [pool-190-thread-1] INFO  server.RaftServerConfigKeys (ConfUtils.java:logGet(46)) - raft.server.storage.free-space.min = 0MB (=0) (default)
2022-10-14 14:33:49,852 [pool-190-thread-1] INFO  storage.RaftStorageDirectory (RaftStorageDirectoryImpl.java:analyzeStorage(135)) - The storage directory /home/runner/work/ozone/ozone/hadoop-ozone/integration-test/target/test-dir/MiniOzoneClusterImpl-d3474758-561c-4776-8c9d-79a83af4ab20/datanode-0/data/ratis/cdca5273-61c0-4bfd-a9c7-e23ae6893ed9 does not exist. Creating ...
2022-10-14 14:33:49,855 [EventQueue-PipelineReportForPipelineReportHandler] INFO  pipeline.PipelineManagerImpl (PipelineManagerImpl.java:openPipeline(367)) - Pipeline Pipeline[ Id: 892e9d86-4684-420c-9d89-b1c50714663f, Nodes: fe4e0b1e-d8f6-493e-bd46-2984bf01a4b8{ip: 127.0.0.1, host: localhost, ports: [REPLICATION=46481, RATIS=42555, RATIS_ADMIN=42555, RATIS_SERVER=42555, STANDALONE=36217], networkLocation: /default-rack, certSerialId: null, persistedOpState: IN_SERVICE, persistedOpStateExpiryEpochSec: 0}, ReplicationConfig: RATIS/ONE, State:ALLOCATED, leaderId:fe4e0b1e-d8f6-493e-bd46-2984bf01a4b8, CreationTimestamp2022-10-14T14:33:46.906Z[Etc/UTC]] moved to OPEN state
2022-10-14 14:33:49,858 [pool-190-thread-1] INFO  storage.RaftStorageDirectory (RaftStorageDirectoryImpl.java:tryLock(230)) - Lock on /home/runner/work/ozone/ozone/hadoop-ozone/integration-test/target/test-dir/MiniOzoneClusterImpl-d3474758-561c-4776-8c9d-79a83af4ab20/datanode-0/data/ratis/cdca5273-61c0-4bfd-a9c7-e23ae6893ed9/in_use.lock acquired by nodename 2882@fv-az318-86
2022-10-14 14:33:49,859 [EventQueue-PipelineReportForPipelineReportHandler] INFO  pipeline.PipelineManagerImpl (PipelineManagerImpl.java:openPipeline(367)) - Pipeline Pipeline[ Id: 892e9d86-4684-420c-9d89-b1c50714663f, Nodes: fe4e0b1e-d8f6-493e-bd46-2984bf01a4b8{ip: 127.0.0.1, host: localhost, ports: [REPLICATION=46481, RATIS=42555, RATIS_ADMIN=42555, RATIS_SERVER=42555, STANDALONE=36217], networkLocation: /default-rack, certSerialId: null, persistedOpState: IN_SERVICE, persistedOpStateExpiryEpochSec: 0}, ReplicationConfig: RATIS/ONE, State:ALLOCATED, leaderId:fe4e0b1e-d8f6-493e-bd46-2984bf01a4b8, CreationTimestamp2022-10-14T14:33:46.906Z[Etc/UTC]] moved to OPEN state
2022-10-14 14:33:49,859 [EventQueue-PipelineReportForPipelineReportHandler] INFO  pipeline.PipelineManagerImpl (PipelineManagerImpl.java:openPipeline(367)) - Pipeline Pipeline[ Id: 892e9d86-4684-420c-9d89-b1c50714663f, Nodes: fe4e0b1e-d8f6-493e-bd46-2984bf01a4b8{ip: 127.0.0.1, host: localhost, ports: [REPLICATION=46481, RATIS=42555, RATIS_ADMIN=42555, RATIS_SERVER=42555, STANDALONE=36217], networkLocation: /default-rack, certSerialId: null, persistedOpState: IN_SERVICE, persistedOpStateExpiryEpochSec: 0}, ReplicationConfig: RATIS/ONE, State:ALLOCATED, leaderId:fe4e0b1e-d8f6-493e-bd46-2984bf01a4b8, CreationTimestamp2022-10-14T14:33:46.906Z[Etc/UTC]] moved to OPEN state
2022-10-14 14:33:49,864 [pool-190-thread-1] INFO  storage.RaftStorage (RaftStorageImpl.java:format(89)) - Storage directory /home/runner/work/ozone/ozone/hadoop-ozone/integration-test/target/test-dir/MiniOzoneClusterImpl-d3474758-561c-4776-8c9d-79a83af4ab20/datanode-0/data/ratis/cdca5273-61c0-4bfd-a9c7-e23ae6893ed9 has been successfully formatted.
2022-10-14 14:33:49,865 [pool-190-thread-1] INFO  ratis.ContainerStateMachine (ContainerStateMachine.java:loadSnapshot(236)) - group-E23AE6893ED9: The snapshot info is null. Setting the last applied indexto:(t:0, i:~)
2022-10-14 14:33:49,865 [pool-190-thread-1] INFO  server.RaftServerConfigKeys (ConfUtils.java:logGet(46)) - raft.server.notification.no-leader.timeout = 300s (custom)
2022-10-14 14:33:49,865 [pool-190-thread-1] INFO  server.RaftServerConfigKeys (ConfUtils.java:logGet(46)) - raft.server.log.use.memory = false (default)
2022-10-14 14:33:49,865 [pool-190-thread-1] INFO  server.RaftServerConfigKeys (ConfUtils.java:logGet(46)) - raft.server.log.purge.gap = 1000000 (custom)
2022-10-14 14:33:49,865 [pool-190-thread-1] INFO  server.RaftServerConfigKeys (ConfUtils.java:logGet(46)) - raft.server.log.appender.buffer.byte-limit = 33554432 (custom)
2022-10-14 14:33:49,865 [pool-190-thread-1] INFO  server.RaftServerConfigKeys (ConfUtils.java:logGet(46)) - raft.server.log.statemachine.data.read.timeout = 1000ms (default)
2022-10-14 14:33:49,865 [pool-190-thread-1] INFO  server.RaftServerConfigKeys (ConfUtils.java:logGet(46)) - raft.server.log.segment.size.max = 1048576 (custom)
2022-10-14 14:33:49,866 [pool-190-thread-1] INFO  server.RaftServerConfigKeys (ConfUtils.java:logGet(46)) - raft.server.log.segment.cache.num.max = 2 (custom)
2022-10-14 14:33:49,866 [pool-190-thread-1] INFO  server.RaftServerConfigKeys (ConfUtils.java:logGet(46)) - raft.server.log.segment.cache.size.max = 200MB (=209715200) (default)
2022-10-14 14:33:49,866 [pool-190-thread-1] INFO  segmented.SegmentedRaftLogWorker (SegmentedRaftLogWorker.java:<init>(187)) - new fe4e0b1e-d8f6-493e-bd46-2984bf01a4b8@group-E23AE6893ED9-SegmentedRaftLogWorker for RaftStorageImpl:Storage Directory /home/runner/work/ozone/ozone/hadoop-ozone/integration-test/target/test-dir/MiniOzoneClusterImpl-d3474758-561c-4776-8c9d-79a83af4ab20/datanode-0/data/ratis/cdca5273-61c0-4bfd-a9c7-e23ae6893ed9
2022-10-14 14:33:49,866 [pool-190-thread-1] INFO  server.RaftServerConfigKeys (ConfUtils.java:logGet(46)) - raft.server.log.queue.byte-limit = 4294967296 (custom)
2022-10-14 14:33:49,866 [pool-190-thread-1] INFO  server.RaftServerConfigKeys (ConfUtils.java:logGet(46)) - raft.server.log.queue.element-limit = 1024 (custom)
2022-10-14 14:33:49,866 [pool-190-thread-1] INFO  server.RaftServerConfigKeys (ConfUtils.java:logGet(46)) - raft.server.log.segment.size.max = 1048576 (custom)
2022-10-14 14:33:49,866 [pool-190-thread-1] INFO  server.RaftServerConfigKeys (ConfUtils.java:logGet(46)) - raft.server.log.preallocated.size = 16384 (custom)
2022-10-14 14:33:49,866 [pool-190-thread-1] INFO  server.RaftServerConfigKeys (ConfUtils.java:logGet(46)) - raft.server.log.force.sync.num = 128 (default)
2022-10-14 14:33:49,867 [pool-190-thread-1] INFO  server.RaftServerConfigKeys (ConfUtils.java:logGet(46)) - raft.server.log.statemachine.data.sync = true (default)
2022-10-14 14:33:49,867 [pool-190-thread-1] INFO  server.RaftServerConfigKeys (ConfUtils.java:logGet(46)) - raft.server.log.statemachine.data.sync.timeout = 10s (default)
2022-10-14 14:33:49,867 [pool-190-thread-1] INFO  server.RaftServerConfigKeys (ConfUtils.java:logGet(46)) - raft.server.log.statemachine.data.sync.timeout.retry = -1 (default)
2022-10-14 14:33:49,868 [pool-190-thread-1] INFO  server.RaftServerConfigKeys (ConfUtils.java:logGet(46)) - raft.server.log.write.buffer.size = 1048576 (custom)
2022-10-14 14:33:49,868 [pool-190-thread-1] INFO  server.RaftServerConfigKeys (ConfUtils.java:logGet(46)) - raft.server.log.unsafe-flush.enabled = false (default)
2022-10-14 14:33:49,868 [pool-190-thread-1] INFO  server.RaftServerConfigKeys (ConfUtils.java:logGet(46)) - raft.server.log.statemachine.data.caching.enabled = true (custom)
2022-10-14 14:33:49,869 [pool-190-thread-1] INFO  segmented.SegmentedRaftLogWorker (SegmentedRaftLogWorker.java:lambda$new$0(135)) - fe4e0b1e-d8f6-493e-bd46-2984bf01a4b8@group-E23AE6893ED9-SegmentedRaftLogWorker: flushIndex: setUnconditionally 0 -> -1
2022-10-14 14:33:49,869 [pool-190-thread-1] INFO  segmented.SegmentedRaftLogWorker (SegmentedRaftLogWorker.java:lambda$new$0(135)) - fe4e0b1e-d8f6-493e-bd46-2984bf01a4b8@group-E23AE6893ED9-SegmentedRaftLogWorker: safeCacheEvictIndex: setUnconditionally 0 -> -1
2022-10-14 14:33:49,887 [pool-190-thread-1] INFO  server.RaftServerConfigKeys (ConfUtils.java:logGet(46)) - raft.server.snapshot.auto.trigger.enabled = true (custom)
2022-10-14 14:33:49,887 [pool-190-thread-1] INFO  server.RaftServerConfigKeys (ConfUtils.java:logGet(46)) - raft.server.snapshot.auto.trigger.threshold = 10000 (custom)
2022-10-14 14:33:49,887 [pool-190-thread-1] INFO  server.RaftServerConfigKeys (ConfUtils.java:logGet(46)) - raft.server.snapshot.retention.file.num = 5 (custom)
2022-10-14 14:33:49,887 [pool-190-thread-1] INFO  server.RaftServerConfigKeys (ConfUtils.java:logGet(46)) - raft.server.log.purge.upto.snapshot.index = false (default)
2022-10-14 14:33:49,891 [da235ff1-af49-4bd4-8bce-f7819ff62f3f@group-79A83AF4AB20-StateMachineUpdater] INFO  safemode.HealthyPipelineSafeModeRule (HealthyPipelineSafeModeRule.java:initializeRule(165)) - Refreshed total pipeline count is 0, healthy pipeline threshold count is 1
2022-10-14 14:33:49,905 [pool-190-thread-1] INFO  server.RaftServerConfigKeys (ConfUtils.java:logGet(46)) - raft.server.retrycache.expirytime = 600000ms (custom)
2022-10-14 14:33:49,905 [pool-190-thread-1] INFO  server.RaftServerConfigKeys (ConfUtils.java:logGet(46)) - raft.server.retrycache.statistics.expirytime = 100μs (default)
2022-10-14 14:33:49,905 [EventQueue-OpenPipelineForHealthyPipelineSafeModeRule] INFO  safemode.SCMSafeModeManager (HealthyPipelineSafeModeRule.java:process(137)) - SCM in safe mode. Healthy pipelines reported count is 0, required healthy pipeline reported count is 1
2022-10-14 14:33:49,905 [EventQueue-OpenPipelineForHealthyPipelineSafeModeRule] INFO  safemode.SCMSafeModeManager (HealthyPipelineSafeModeRule.java:process(137)) - SCM in safe mode. Healthy pipelines reported count is 0, required healthy pipeline reported count is 1
2022-10-14 14:33:49,916 [pool-190-thread-1] INFO  server.RaftServerConfigKeys (ConfUtils.java:logGet(46)) - raft.server.log.appender.install.snapshot.enabled = false (custom)
2022-10-14 14:33:49,916 [pool-190-thread-1] INFO  server.RaftServerConfigKeys (ConfUtils.java:logGet(46)) - raft.server.threadpool.server.cached = true (default)
2022-10-14 14:33:49,916 [pool-190-thread-1] INFO  server.RaftServerConfigKeys (ConfUtils.java:logGet(46)) - raft.server.threadpool.server.size = 0 (default)
2022-10-14 14:33:49,916 [pool-190-thread-1] INFO  server.RaftServerConfigKeys (ConfUtils.java:logGet(46)) - raft.server.threadpool.client.cached = true (default)
2022-10-14 14:33:49,917 [pool-190-thread-1] INFO  server.RaftServerConfigKeys (ConfUtils.java:logGet(46)) - raft.server.threadpool.client.size = 0 (default)
2022-10-14 14:33:49,917 [pool-190-thread-1] INFO  server.RaftServer$Division (RaftServerImpl.java:start(310)) - fe4e0b1e-d8f6-493e-bd46-2984bf01a4b8@group-E23AE6893ED9: start as a follower, conf=-1: [8c401b7e-dd35-4342-9d84-0aada9f9613c|rpc:127.0.0.1:46747|priority:0, fe4e0b1e-d8f6-493e-bd46-2984bf01a4b8|rpc:127.0.0.1:42555|priority:1, 5c29832d-acaf-4236-b352-735ef8095d77|rpc:127.0.0.1:37445|priority:0], old=null
2022-10-14 14:33:49,917 [pool-190-thread-1] INFO  server.RaftServer$Division (RaftServerImpl.java:setRole(299)) - fe4e0b1e-d8f6-493e-bd46-2984bf01a4b8@group-E23AE6893ED9: changes role from      null to FOLLOWER at term 0 for startAsFollower
2022-10-14 14:33:49,917 [EventQueue-PipelineReportForPipelineReportHandler] INFO  pipeline.PipelineManagerImpl (PipelineManagerImpl.java:openPipeline(367)) - Pipeline Pipeline[ Id: 892e9d86-4684-420c-9d89-b1c50714663f, Nodes: fe4e0b1e-d8f6-493e-bd46-2984bf01a4b8{ip: 127.0.0.1, host: localhost, ports: [REPLICATION=46481, RATIS=42555, RATIS_ADMIN=42555, RATIS_SERVER=42555, STANDALONE=36217], networkLocation: /default-rack, certSerialId: null, persistedOpState: IN_SERVICE, persistedOpStateExpiryEpochSec: 0}, ReplicationConfig: RATIS/ONE, State:ALLOCATED, leaderId:fe4e0b1e-d8f6-493e-bd46-2984bf01a4b8, CreationTimestamp2022-10-14T14:33:46.906Z[Etc/UTC]] moved to OPEN state
2022-10-14 14:33:49,917 [c70ee520-a26f-4925-a0d6-13999223b64a@group-79A83AF4AB20-StateMachineUpdater] INFO  safemode.HealthyPipelineSafeModeRule (HealthyPipelineSafeModeRule.java:initializeRule(165)) - Refreshed total pipeline count is 0, healthy pipeline threshold count is 1
2022-10-14 14:33:49,918 [EventQueue-OpenPipelineForHealthyPipelineSafeModeRule] INFO  safemode.SCMSafeModeManager (HealthyPipelineSafeModeRule.java:process(137)) - SCM in safe mode. Healthy pipelines reported count is 0, required healthy pipeline reported count is 1
2022-10-14 14:33:49,917 [pool-190-thread-1] INFO  impl.RoleInfo (RoleInfo.java:updateAndGet(139)) - fe4e0b1e-d8f6-493e-bd46-2984bf01a4b8: start fe4e0b1e-d8f6-493e-bd46-2984bf01a4b8@group-E23AE6893ED9-FollowerState
2022-10-14 14:33:49,920 [022a1120-d2e9-40a2-a00d-16a3e5b1f5eb@group-79A83AF4AB20-StateMachineUpdater] INFO  safemode.HealthyPipelineSafeModeRule (HealthyPipelineSafeModeRule.java:initializeRule(165)) - Refreshed total pipeline count is 0, healthy pipeline threshold count is 1
2022-10-14 14:33:49,923 [pool-190-thread-1] INFO  util.JmxRegister (JmxRegister.java:tryRegister(44)) - Successfully registered JMX Bean with object name Ratis:service=RaftServer,group=group-E23AE6893ED9,id=fe4e0b1e-d8f6-493e-bd46-2984bf01a4b8
2022-10-14 14:33:49,924 [Command processor thread] INFO  ratis.XceiverServerRatis (XceiverServerRatis.java:addGroup(765)) - Created group PipelineID=cdca5273-61c0-4bfd-a9c7-e23ae6893ed9
2022-10-14 14:33:49,995 [grpc-default-executor-3] INFO  server.RaftServer (RaftServerProxy.java:addNew(96)) - 5c29832d-acaf-4236-b352-735ef8095d77: addNew group-E23AE6893ED9:[8c401b7e-dd35-4342-9d84-0aada9f9613c|rpc:127.0.0.1:46747|dataStream:|priority:0, fe4e0b1e-d8f6-493e-bd46-2984bf01a4b8|rpc:127.0.0.1:42555|dataStream:|priority:1, 5c29832d-acaf-4236-b352-735ef8095d77|rpc:127.0.0.1:37445|dataStream:|priority:0] returns group-E23AE6893ED9:java.util.concurrent.CompletableFuture@5561f280[Not completed]
2022-10-14 14:33:49,997 [pool-215-thread-1] INFO  server.RaftServer$Division (RaftServerImpl.java:<init>(190)) - 5c29832d-acaf-4236-b352-735ef8095d77: new RaftServerImpl for group-E23AE6893ED9:[8c401b7e-dd35-4342-9d84-0aada9f9613c|rpc:127.0.0.1:46747|dataStream:|priority:0, fe4e0b1e-d8f6-493e-bd46-2984bf01a4b8|rpc:127.0.0.1:42555|dataStream:|priority:1, 5c29832d-acaf-4236-b352-735ef8095d77|rpc:127.0.0.1:37445|dataStream:|priority:0] with ContainerStateMachine:uninitialized
2022-10-14 14:33:49,997 [pool-215-thread-1] INFO  server.RaftServerConfigKeys (ConfUtils.java:logGet(46)) - raft.server.rpc.timeout.min = 5s (custom)
2022-10-14 14:33:49,997 [pool-215-thread-1] INFO  server.RaftServerConfigKeys (ConfUtils.java:logGet(46)) - raft.server.rpc.timeout.max = 5200ms (custom)
2022-10-14 14:33:49,997 [pool-215-thread-1] INFO  server.RaftServerConfigKeys (ConfUtils.java:logGet(46)) - raft.server.rpc.sleep.time = 25ms (default)
2022-10-14 14:33:49,997 [pool-215-thread-1] INFO  server.RaftServerConfigKeys (ConfUtils.java:logGet(46)) - raft.server.rpc.slowness.timeout = 300s (custom)
2022-10-14 14:33:49,997 [pool-215-thread-1] INFO  server.RaftServerConfigKeys (ConfUtils.java:logGet(46)) - raft.server.leaderelection.leader.step-down.wait-time = 10s (default)
2022-10-14 14:33:49,997 [pool-215-thread-1] INFO  server.RaftServerConfigKeys (ConfUtils.java:logGet(46)) - raft.server.sleep.deviation.threshold = 300ms (default)
2022-10-14 14:33:49,997 [pool-215-thread-1] INFO  server.RaftServer$Division (ServerState.java:<init>(107)) - 5c29832d-acaf-4236-b352-735ef8095d77@group-E23AE6893ED9: ConfigurationManager, init=-1: [8c401b7e-dd35-4342-9d84-0aada9f9613c|rpc:127.0.0.1:46747|dataStream:|priority:0, fe4e0b1e-d8f6-493e-bd46-2984bf01a4b8|rpc:127.0.0.1:42555|dataStream:|priority:1, 5c29832d-acaf-4236-b352-735ef8095d77|rpc:127.0.0.1:37445|dataStream:|priority:0], old=null, confs=<EMPTY_MAP>
2022-10-14 14:33:49,997 [pool-215-thread-1] INFO  server.RaftServerConfigKeys (ConfUtils.java:logGet(46)) - raft.server.storage.dir = [/home/runner/work/ozone/ozone/hadoop-ozone/integration-test/target/test-dir/MiniOzoneClusterImpl-d3474758-561c-4776-8c9d-79a83af4ab20/datanode-1/data/ratis] (custom)
2022-10-14 14:33:49,998 [pool-215-thread-1] INFO  server.RaftServerConfigKeys (ConfUtils.java:logGet(46)) - raft.server.log.corruption.policy = EXCEPTION (default)
2022-10-14 14:33:49,998 [pool-215-thread-1] INFO  server.RaftServerConfigKeys (ConfUtils.java:logGet(46)) - raft.server.storage.free-space.min = 0MB (=0) (default)
2022-10-14 14:33:49,998 [pool-215-thread-1] INFO  storage.RaftStorageDirectory (RaftStorageDirectoryImpl.java:analyzeStorage(135)) - The storage directory /home/runner/work/ozone/ozone/hadoop-ozone/integration-test/target/test-dir/MiniOzoneClusterImpl-d3474758-561c-4776-8c9d-79a83af4ab20/datanode-1/data/ratis/cdca5273-61c0-4bfd-a9c7-e23ae6893ed9 does not exist. Creating ...
2022-10-14 14:33:49,999 [pool-215-thread-1] INFO  storage.RaftStorageDirectory (RaftStorageDirectoryImpl.java:tryLock(230)) - Lock on /home/runner/work/ozone/ozone/hadoop-ozone/integration-test/target/test-dir/MiniOzoneClusterImpl-d3474758-561c-4776-8c9d-79a83af4ab20/datanode-1/data/ratis/cdca5273-61c0-4bfd-a9c7-e23ae6893ed9/in_use.lock acquired by nodename 2882@fv-az318-86
2022-10-14 14:33:50,001 [pool-215-thread-1] INFO  storage.RaftStorage (RaftStorageImpl.java:format(89)) - Storage directory /home/runner/work/ozone/ozone/hadoop-ozone/integration-test/target/test-dir/MiniOzoneClusterImpl-d3474758-561c-4776-8c9d-79a83af4ab20/datanode-1/data/ratis/cdca5273-61c0-4bfd-a9c7-e23ae6893ed9 has been successfully formatted.
2022-10-14 14:33:50,002 [pool-215-thread-1] INFO  ratis.ContainerStateMachine (ContainerStateMachine.java:loadSnapshot(236)) - group-E23AE6893ED9: The snapshot info is null. Setting the last applied indexto:(t:0, i:~)
2022-10-14 14:33:50,007 [pool-215-thread-1] INFO  server.RaftServerConfigKeys (ConfUtils.java:logGet(46)) - raft.server.notification.no-leader.timeout = 300s (custom)
2022-10-14 14:33:50,007 [pool-215-thread-1] INFO  server.RaftServerConfigKeys (ConfUtils.java:logGet(46)) - raft.server.log.use.memory = false (default)
2022-10-14 14:33:50,007 [pool-215-thread-1] INFO  server.RaftServerConfigKeys (ConfUtils.java:logGet(46)) - raft.server.log.purge.gap = 1000000 (custom)
2022-10-14 14:33:50,007 [pool-215-thread-1] INFO  server.RaftServerConfigKeys (ConfUtils.java:logGet(46)) - raft.server.log.appender.buffer.byte-limit = 33554432 (custom)
2022-10-14 14:33:50,007 [pool-215-thread-1] INFO  server.RaftServerConfigKeys (ConfUtils.java:logGet(46)) - raft.server.log.statemachine.data.read.timeout = 1000ms (default)
2022-10-14 14:33:50,008 [pool-215-thread-1] INFO  server.RaftServerConfigKeys (ConfUtils.java:logGet(46)) - raft.server.log.segment.size.max = 1048576 (custom)
2022-10-14 14:33:50,008 [pool-215-thread-1] INFO  server.RaftServerConfigKeys (ConfUtils.java:logGet(46)) - raft.server.log.segment.cache.num.max = 2 (custom)
2022-10-14 14:33:50,008 [pool-215-thread-1] INFO  server.RaftServerConfigKeys (ConfUtils.java:logGet(46)) - raft.server.log.segment.cache.size.max = 200MB (=209715200) (default)
2022-10-14 14:33:50,008 [pool-215-thread-1] INFO  segmented.SegmentedRaftLogWorker (SegmentedRaftLogWorker.java:<init>(187)) - new 5c29832d-acaf-4236-b352-735ef8095d77@group-E23AE6893ED9-SegmentedRaftLogWorker for RaftStorageImpl:Storage Directory /home/runner/work/ozone/ozone/hadoop-ozone/integration-test/target/test-dir/MiniOzoneClusterImpl-d3474758-561c-4776-8c9d-79a83af4ab20/datanode-1/data/ratis/cdca5273-61c0-4bfd-a9c7-e23ae6893ed9
2022-10-14 14:33:50,008 [pool-215-thread-1] INFO  server.RaftServerConfigKeys (ConfUtils.java:logGet(46)) - raft.server.log.queue.byte-limit = 4294967296 (custom)
2022-10-14 14:33:50,008 [pool-215-thread-1] INFO  server.RaftServerConfigKeys (ConfUtils.java:logGet(46)) - raft.server.log.queue.element-limit = 1024 (custom)
2022-10-14 14:33:50,008 [pool-215-thread-1] INFO  server.RaftServerConfigKeys (ConfUtils.java:logGet(46)) - raft.server.log.segment.size.max = 1048576 (custom)
2022-10-14 14:33:50,009 [pool-215-thread-1] INFO  server.RaftServerConfigKeys (ConfUtils.java:logGet(46)) - raft.server.log.preallocated.size = 16384 (custom)
2022-10-14 14:33:50,009 [pool-215-thread-1] INFO  server.RaftServerConfigKeys (ConfUtils.java:logGet(46)) - raft.server.log.force.sync.num = 128 (default)
2022-10-14 14:33:50,009 [pool-215-thread-1] INFO  server.RaftServerConfigKeys (ConfUtils.java:logGet(46)) - raft.server.log.statemachine.data.sync = true (default)
2022-10-14 14:33:50,009 [pool-215-thread-1] INFO  server.RaftServerConfigKeys (ConfUtils.java:logGet(46)) - raft.server.log.statemachine.data.sync.timeout = 10s (default)
2022-10-14 14:33:50,009 [pool-215-thread-1] INFO  server.RaftServerConfigKeys (ConfUtils.java:logGet(46)) - raft.server.log.statemachine.data.sync.timeout.retry = -1 (default)
2022-10-14 14:33:50,010 [pool-215-thread-1] INFO  server.RaftServerConfigKeys (ConfUtils.java:logGet(46)) - raft.server.log.write.buffer.size = 1048576 (custom)
2022-10-14 14:33:50,010 [pool-215-thread-1] INFO  server.RaftServerConfigKeys (ConfUtils.java:logGet(46)) - raft.server.log.unsafe-flush.enabled = false (default)
2022-10-14 14:33:50,010 [pool-215-thread-1] INFO  server.RaftServerConfigKeys (ConfUtils.java:logGet(46)) - raft.server.log.statemachine.data.caching.enabled = true (custom)
2022-10-14 14:33:50,010 [pool-215-thread-1] INFO  segmented.SegmentedRaftLogWorker (SegmentedRaftLogWorker.java:lambda$new$0(135)) - 5c29832d-acaf-4236-b352-735ef8095d77@group-E23AE6893ED9-SegmentedRaftLogWorker: flushIndex: setUnconditionally 0 -> -1
2022-10-14 14:33:50,010 [pool-215-thread-1] INFO  segmented.SegmentedRaftLogWorker (SegmentedRaftLogWorker.java:lambda$new$0(135)) - 5c29832d-acaf-4236-b352-735ef8095d77@group-E23AE6893ED9-SegmentedRaftLogWorker: safeCacheEvictIndex: setUnconditionally 0 -> -1
2022-10-14 14:33:50,010 [pool-215-thread-1] INFO  server.RaftServerConfigKeys (ConfUtils.java:logGet(46)) - raft.server.snapshot.auto.trigger.enabled = true (custom)
2022-10-14 14:33:50,011 [pool-215-thread-1] INFO  server.RaftServerConfigKeys (ConfUtils.java:logGet(46)) - raft.server.snapshot.auto.trigger.threshold = 10000 (custom)
2022-10-14 14:33:50,011 [pool-215-thread-1] INFO  server.RaftServerConfigKeys (ConfUtils.java:logGet(46)) - raft.server.snapshot.retention.file.num = 5 (custom)
2022-10-14 14:33:50,011 [pool-215-thread-1] INFO  server.RaftServerConfigKeys (ConfUtils.java:logGet(46)) - raft.server.log.purge.upto.snapshot.index = false (default)
2022-10-14 14:33:50,011 [pool-215-thread-1] INFO  server.RaftServerConfigKeys (ConfUtils.java:logGet(46)) - raft.server.retrycache.expirytime = 600000ms (custom)
2022-10-14 14:33:50,011 [pool-215-thread-1] INFO  server.RaftServerConfigKeys (ConfUtils.java:logGet(46)) - raft.server.retrycache.statistics.expirytime = 100μs (default)
2022-10-14 14:33:50,015 [pool-215-thread-1] INFO  server.RaftServerConfigKeys (ConfUtils.java:logGet(46)) - raft.server.log.appender.install.snapshot.enabled = false (custom)
2022-10-14 14:33:50,015 [pool-215-thread-1] INFO  server.RaftServerConfigKeys (ConfUtils.java:logGet(46)) - raft.server.threadpool.server.cached = true (default)
2022-10-14 14:33:50,015 [pool-215-thread-1] INFO  server.RaftServerConfigKeys (ConfUtils.java:logGet(46)) - raft.server.threadpool.server.size = 0 (default)
2022-10-14 14:33:50,015 [pool-215-thread-1] INFO  server.RaftServerConfigKeys (ConfUtils.java:logGet(46)) - raft.server.threadpool.client.cached = true (default)
2022-10-14 14:33:50,015 [pool-215-thread-1] INFO  server.RaftServerConfigKeys (ConfUtils.java:logGet(46)) - raft.server.threadpool.client.size = 0 (default)
2022-10-14 14:33:50,015 [pool-215-thread-1] INFO  server.RaftServer$Division (RaftServerImpl.java:start(310)) - 5c29832d-acaf-4236-b352-735ef8095d77@group-E23AE6893ED9: start as a follower, conf=-1: [8c401b7e-dd35-4342-9d84-0aada9f9613c|rpc:127.0.0.1:46747|dataStream:|priority:0, fe4e0b1e-d8f6-493e-bd46-2984bf01a4b8|rpc:127.0.0.1:42555|dataStream:|priority:1, 5c29832d-acaf-4236-b352-735ef8095d77|rpc:127.0.0.1:37445|dataStream:|priority:0], old=null
2022-10-14 14:33:50,015 [pool-215-thread-1] INFO  server.RaftServer$Division (RaftServerImpl.java:setRole(299)) - 5c29832d-acaf-4236-b352-735ef8095d77@group-E23AE6893ED9: changes role from      null to FOLLOWER at term 0 for startAsFollower
2022-10-14 14:33:50,016 [pool-215-thread-1] INFO  impl.RoleInfo (RoleInfo.java:updateAndGet(139)) - 5c29832d-acaf-4236-b352-735ef8095d77: start 5c29832d-acaf-4236-b352-735ef8095d77@group-E23AE6893ED9-FollowerState
2022-10-14 14:33:50,016 [pool-215-thread-1] INFO  util.JmxRegister (JmxRegister.java:tryRegister(44)) - Successfully registered JMX Bean with object name Ratis:service=RaftServer,group=group-E23AE6893ED9,id=5c29832d-acaf-4236-b352-735ef8095d77
2022-10-14 14:33:50,071 [grpc-default-executor-3] INFO  server.RaftServer (RaftServerProxy.java:addNew(96)) - 8c401b7e-dd35-4342-9d84-0aada9f9613c: addNew group-E23AE6893ED9:[8c401b7e-dd35-4342-9d84-0aada9f9613c|rpc:127.0.0.1:46747|dataStream:|priority:0, fe4e0b1e-d8f6-493e-bd46-2984bf01a4b8|rpc:127.0.0.1:42555|dataStream:|priority:1, 5c29832d-acaf-4236-b352-735ef8095d77|rpc:127.0.0.1:37445|dataStream:|priority:0] returns group-E23AE6893ED9:java.util.concurrent.CompletableFuture@2818d362[Not completed]
2022-10-14 14:33:50,077 [pool-240-thread-1] INFO  server.RaftServer$Division (RaftServerImpl.java:<init>(190)) - 8c401b7e-dd35-4342-9d84-0aada9f9613c: new RaftServerImpl for group-E23AE6893ED9:[8c401b7e-dd35-4342-9d84-0aada9f9613c|rpc:127.0.0.1:46747|dataStream:|priority:0, fe4e0b1e-d8f6-493e-bd46-2984bf01a4b8|rpc:127.0.0.1:42555|dataStream:|priority:1, 5c29832d-acaf-4236-b352-735ef8095d77|rpc:127.0.0.1:37445|dataStream:|priority:0] with ContainerStateMachine:uninitialized
2022-10-14 14:33:50,077 [pool-240-thread-1] INFO  server.RaftServerConfigKeys (ConfUtils.java:logGet(46)) - raft.server.rpc.timeout.min = 5s (custom)
2022-10-14 14:33:50,077 [pool-240-thread-1] INFO  server.RaftServerConfigKeys (ConfUtils.java:logGet(46)) - raft.server.rpc.timeout.max = 5200ms (custom)
2022-10-14 14:33:50,077 [pool-240-thread-1] INFO  server.RaftServerConfigKeys (ConfUtils.java:logGet(46)) - raft.server.rpc.sleep.time = 25ms (default)
2022-10-14 14:33:50,077 [pool-240-thread-1] INFO  server.RaftServerConfigKeys (ConfUtils.java:logGet(46)) - raft.server.rpc.slowness.timeout = 300s (custom)
2022-10-14 14:33:50,077 [pool-240-thread-1] INFO  server.RaftServerConfigKeys (ConfUtils.java:logGet(46)) - raft.server.leaderelection.leader.step-down.wait-time = 10s (default)
2022-10-14 14:33:50,077 [pool-240-thread-1] INFO  server.RaftServerConfigKeys (ConfUtils.java:logGet(46)) - raft.server.sleep.deviation.threshold = 300ms (default)
2022-10-14 14:33:50,077 [pool-240-thread-1] INFO  server.RaftServer$Division (ServerState.java:<init>(107)) - 8c401b7e-dd35-4342-9d84-0aada9f9613c@group-E23AE6893ED9: ConfigurationManager, init=-1: [8c401b7e-dd35-4342-9d84-0aada9f9613c|rpc:127.0.0.1:46747|dataStream:|priority:0, fe4e0b1e-d8f6-493e-bd46-2984bf01a4b8|rpc:127.0.0.1:42555|dataStream:|priority:1, 5c29832d-acaf-4236-b352-735ef8095d77|rpc:127.0.0.1:37445|dataStream:|priority:0], old=null, confs=<EMPTY_MAP>
2022-10-14 14:33:50,077 [pool-240-thread-1] INFO  server.RaftServerConfigKeys (ConfUtils.java:logGet(46)) - raft.server.storage.dir = [/home/runner/work/ozone/ozone/hadoop-ozone/integration-test/target/test-dir/MiniOzoneClusterImpl-d3474758-561c-4776-8c9d-79a83af4ab20/datanode-2/data/ratis] (custom)
2022-10-14 14:33:50,078 [pool-240-thread-1] INFO  server.RaftServerConfigKeys (ConfUtils.java:logGet(46)) - raft.server.log.corruption.policy = EXCEPTION (default)
2022-10-14 14:33:50,078 [pool-240-thread-1] INFO  server.RaftServerConfigKeys (ConfUtils.java:logGet(46)) - raft.server.storage.free-space.min = 0MB (=0) (default)
2022-10-14 14:33:50,078 [pool-240-thread-1] INFO  storage.RaftStorageDirectory (RaftStorageDirectoryImpl.java:analyzeStorage(135)) - The storage directory /home/runner/work/ozone/ozone/hadoop-ozone/integration-test/target/test-dir/MiniOzoneClusterImpl-d3474758-561c-4776-8c9d-79a83af4ab20/datanode-2/data/ratis/cdca5273-61c0-4bfd-a9c7-e23ae6893ed9 does not exist. Creating ...
2022-10-14 14:33:50,081 [pool-240-thread-1] INFO  storage.RaftStorageDirectory (RaftStorageDirectoryImpl.java:tryLock(230)) - Lock on /home/runner/work/ozone/ozone/hadoop-ozone/integration-test/target/test-dir/MiniOzoneClusterImpl-d3474758-561c-4776-8c9d-79a83af4ab20/datanode-2/data/ratis/cdca5273-61c0-4bfd-a9c7-e23ae6893ed9/in_use.lock acquired by nodename 2882@fv-az318-86
2022-10-14 14:33:50,082 [pool-240-thread-1] INFO  storage.RaftStorage (RaftStorageImpl.java:format(89)) - Storage directory /home/runner/work/ozone/ozone/hadoop-ozone/integration-test/target/test-dir/MiniOzoneClusterImpl-d3474758-561c-4776-8c9d-79a83af4ab20/datanode-2/data/ratis/cdca5273-61c0-4bfd-a9c7-e23ae6893ed9 has been successfully formatted.
2022-10-14 14:33:50,083 [pool-240-thread-1] INFO  ratis.ContainerStateMachine (ContainerStateMachine.java:loadSnapshot(236)) - group-E23AE6893ED9: The snapshot info is null. Setting the last applied indexto:(t:0, i:~)
2022-10-14 14:33:50,083 [pool-240-thread-1] INFO  server.RaftServerConfigKeys (ConfUtils.java:logGet(46)) - raft.server.notification.no-leader.timeout = 300s (custom)
2022-10-14 14:33:50,083 [pool-240-thread-1] INFO  server.RaftServerConfigKeys (ConfUtils.java:logGet(46)) - raft.server.log.use.memory = false (default)
2022-10-14 14:33:50,084 [pool-240-thread-1] INFO  server.RaftServerConfigKeys (ConfUtils.java:logGet(46)) - raft.server.log.purge.gap = 1000000 (custom)
2022-10-14 14:33:50,084 [pool-240-thread-1] INFO  server.RaftServerConfigKeys (ConfUtils.java:logGet(46)) - raft.server.log.appender.buffer.byte-limit = 33554432 (custom)
2022-10-14 14:33:50,084 [pool-240-thread-1] INFO  server.RaftServerConfigKeys (ConfUtils.java:logGet(46)) - raft.server.log.statemachine.data.read.timeout = 1000ms (default)
2022-10-14 14:33:50,084 [pool-240-thread-1] INFO  server.RaftServerConfigKeys (ConfUtils.java:logGet(46)) - raft.server.log.segment.size.max = 1048576 (custom)
2022-10-14 14:33:50,091 [pool-240-thread-1] INFO  server.RaftServerConfigKeys (ConfUtils.java:logGet(46)) - raft.server.log.segment.cache.num.max = 2 (custom)
2022-10-14 14:33:50,091 [pool-240-thread-1] INFO  server.RaftServerConfigKeys (ConfUtils.java:logGet(46)) - raft.server.log.segment.cache.size.max = 200MB (=209715200) (default)
2022-10-14 14:33:50,091 [pool-240-thread-1] INFO  segmented.SegmentedRaftLogWorker (SegmentedRaftLogWorker.java:<init>(187)) - new 8c401b7e-dd35-4342-9d84-0aada9f9613c@group-E23AE6893ED9-SegmentedRaftLogWorker for RaftStorageImpl:Storage Directory /home/runner/work/ozone/ozone/hadoop-ozone/integration-test/target/test-dir/MiniOzoneClusterImpl-d3474758-561c-4776-8c9d-79a83af4ab20/datanode-2/data/ratis/cdca5273-61c0-4bfd-a9c7-e23ae6893ed9
2022-10-14 14:33:50,091 [pool-240-thread-1] INFO  server.RaftServerConfigKeys (ConfUtils.java:logGet(46)) - raft.server.log.queue.byte-limit = 4294967296 (custom)
2022-10-14 14:33:50,091 [pool-240-thread-1] INFO  server.RaftServerConfigKeys (ConfUtils.java:logGet(46)) - raft.server.log.queue.element-limit = 1024 (custom)
2022-10-14 14:33:50,091 [pool-240-thread-1] INFO  server.RaftServerConfigKeys (ConfUtils.java:logGet(46)) - raft.server.log.segment.size.max = 1048576 (custom)
2022-10-14 14:33:50,091 [pool-240-thread-1] INFO  server.RaftServerConfigKeys (ConfUtils.java:logGet(46)) - raft.server.log.preallocated.size = 16384 (custom)
2022-10-14 14:33:50,091 [pool-240-thread-1] INFO  server.RaftServerConfigKeys (ConfUtils.java:logGet(46)) - raft.server.log.force.sync.num = 128 (default)
2022-10-14 14:33:50,091 [pool-240-thread-1] INFO  server.RaftServerConfigKeys (ConfUtils.java:logGet(46)) - raft.server.log.statemachine.data.sync = true (default)
2022-10-14 14:33:50,091 [pool-240-thread-1] INFO  server.RaftServerConfigKeys (ConfUtils.java:logGet(46)) - raft.server.log.statemachine.data.sync.timeout = 10s (default)
2022-10-14 14:33:50,091 [pool-240-thread-1] INFO  server.RaftServerConfigKeys (ConfUtils.java:logGet(46)) - raft.server.log.statemachine.data.sync.timeout.retry = -1 (default)
2022-10-14 14:33:50,092 [pool-240-thread-1] INFO  server.RaftServerConfigKeys (ConfUtils.java:logGet(46)) - raft.server.log.write.buffer.size = 1048576 (custom)
2022-10-14 14:33:50,093 [pool-240-thread-1] INFO  server.RaftServerConfigKeys (ConfUtils.java:logGet(46)) - raft.server.log.unsafe-flush.enabled = false (default)
2022-10-14 14:33:50,093 [pool-240-thread-1] INFO  server.RaftServerConfigKeys (ConfUtils.java:logGet(46)) - raft.server.log.statemachine.data.caching.enabled = true (custom)
2022-10-14 14:33:50,093 [pool-240-thread-1] INFO  segmented.SegmentedRaftLogWorker (SegmentedRaftLogWorker.java:lambda$new$0(135)) - 8c401b7e-dd35-4342-9d84-0aada9f9613c@group-E23AE6893ED9-SegmentedRaftLogWorker: flushIndex: setUnconditionally 0 -> -1
2022-10-14 14:33:50,093 [pool-240-thread-1] INFO  segmented.SegmentedRaftLogWorker (SegmentedRaftLogWorker.java:lambda$new$0(135)) - 8c401b7e-dd35-4342-9d84-0aada9f9613c@group-E23AE6893ED9-SegmentedRaftLogWorker: safeCacheEvictIndex: setUnconditionally 0 -> -1
2022-10-14 14:33:50,096 [pool-240-thread-1] INFO  server.RaftServerConfigKeys (ConfUtils.java:logGet(46)) - raft.server.snapshot.auto.trigger.enabled = true (custom)
2022-10-14 14:33:50,096 [pool-240-thread-1] INFO  server.RaftServerConfigKeys (ConfUtils.java:logGet(46)) - raft.server.snapshot.auto.trigger.threshold = 10000 (custom)
2022-10-14 14:33:50,096 [pool-240-thread-1] INFO  server.RaftServerConfigKeys (ConfUtils.java:logGet(46)) - raft.server.snapshot.retention.file.num = 5 (custom)
2022-10-14 14:33:50,096 [pool-240-thread-1] INFO  server.RaftServerConfigKeys (ConfUtils.java:logGet(46)) - raft.server.log.purge.upto.snapshot.index = false (default)
2022-10-14 14:33:50,097 [pool-240-thread-1] INFO  server.RaftServerConfigKeys (ConfUtils.java:logGet(46)) - raft.server.retrycache.expirytime = 600000ms (custom)
2022-10-14 14:33:50,097 [pool-240-thread-1] INFO  server.RaftServerConfigKeys (ConfUtils.java:logGet(46)) - raft.server.retrycache.statistics.expirytime = 100μs (default)
2022-10-14 14:33:50,098 [pool-240-thread-1] INFO  server.RaftServerConfigKeys (ConfUtils.java:logGet(46)) - raft.server.log.appender.install.snapshot.enabled = false (custom)
2022-10-14 14:33:50,098 [pool-240-thread-1] INFO  server.RaftServerConfigKeys (ConfUtils.java:logGet(46)) - raft.server.threadpool.server.cached = true (default)
2022-10-14 14:33:50,098 [pool-240-thread-1] INFO  server.RaftServerConfigKeys (ConfUtils.java:logGet(46)) - raft.server.threadpool.server.size = 0 (default)
2022-10-14 14:33:50,098 [pool-240-thread-1] INFO  server.RaftServerConfigKeys (ConfUtils.java:logGet(46)) - raft.server.threadpool.client.cached = true (default)
2022-10-14 14:33:50,098 [pool-240-thread-1] INFO  server.RaftServerConfigKeys (ConfUtils.java:logGet(46)) - raft.server.threadpool.client.size = 0 (default)
2022-10-14 14:33:50,098 [pool-240-thread-1] INFO  server.RaftServer$Division (RaftServerImpl.java:start(310)) - 8c401b7e-dd35-4342-9d84-0aada9f9613c@group-E23AE6893ED9: start as a follower, conf=-1: [8c401b7e-dd35-4342-9d84-0aada9f9613c|rpc:127.0.0.1:46747|dataStream:|priority:0, fe4e0b1e-d8f6-493e-bd46-2984bf01a4b8|rpc:127.0.0.1:42555|dataStream:|priority:1, 5c29832d-acaf-4236-b352-735ef8095d77|rpc:127.0.0.1:37445|dataStream:|priority:0], old=null
2022-10-14 14:33:50,098 [pool-240-thread-1] INFO  server.RaftServer$Division (RaftServerImpl.java:setRole(299)) - 8c401b7e-dd35-4342-9d84-0aada9f9613c@group-E23AE6893ED9: changes role from      null to FOLLOWER at term 0 for startAsFollower
2022-10-14 14:33:50,098 [pool-240-thread-1] INFO  impl.RoleInfo (RoleInfo.java:updateAndGet(139)) - 8c401b7e-dd35-4342-9d84-0aada9f9613c: start 8c401b7e-dd35-4342-9d84-0aada9f9613c@group-E23AE6893ED9-FollowerState
2022-10-14 14:33:50,100 [pool-240-thread-1] INFO  util.JmxRegister (JmxRegister.java:tryRegister(44)) - Successfully registered JMX Bean with object name Ratis:service=RaftServer,group=group-E23AE6893ED9,id=8c401b7e-dd35-4342-9d84-0aada9f9613c
2022-10-14 14:33:50,112 [Command processor thread] INFO  commandhandler.CreatePipelineCommandHandler (CreatePipelineCommandHandler.java:handle(113)) - Created Pipeline RATIS THREE PipelineID=cdca5273-61c0-4bfd-a9c7-e23ae6893ed9.
2022-10-14 14:33:50,112 [Command processor thread] INFO  server.RaftServer (RaftServerProxy.java:addNew(96)) - fe4e0b1e-d8f6-493e-bd46-2984bf01a4b8: addNew group-822240EE24AA:[8c401b7e-dd35-4342-9d84-0aada9f9613c|rpc:127.0.0.1:46747|priority:1, fe4e0b1e-d8f6-493e-bd46-2984bf01a4b8|rpc:127.0.0.1:42555|priority:0, 5c29832d-acaf-4236-b352-735ef8095d77|rpc:127.0.0.1:37445|priority:0] returns group-822240EE24AA:java.util.concurrent.CompletableFuture@46cf6530[Not completed]
2022-10-14 14:33:50,114 [pool-190-thread-1] INFO  server.RaftServer$Division (RaftServerImpl.java:<init>(190)) - fe4e0b1e-d8f6-493e-bd46-2984bf01a4b8: new RaftServerImpl for group-822240EE24AA:[8c401b7e-dd35-4342-9d84-0aada9f9613c|rpc:127.0.0.1:46747|priority:1, fe4e0b1e-d8f6-493e-bd46-2984bf01a4b8|rpc:127.0.0.1:42555|priority:0, 5c29832d-acaf-4236-b352-735ef8095d77|rpc:127.0.0.1:37445|priority:0] with ContainerStateMachine:uninitialized
2022-10-14 14:33:50,114 [pool-190-thread-1] INFO  server.RaftServerConfigKeys (ConfUtils.java:logGet(46)) - raft.server.rpc.timeout.min = 5s (custom)
2022-10-14 14:33:50,114 [pool-190-thread-1] INFO  server.RaftServerConfigKeys (ConfUtils.java:logGet(46)) - raft.server.rpc.timeout.max = 5200ms (custom)
2022-10-14 14:33:50,114 [pool-190-thread-1] INFO  server.RaftServerConfigKeys (ConfUtils.java:logGet(46)) - raft.server.rpc.sleep.time = 25ms (default)
2022-10-14 14:33:50,114 [pool-190-thread-1] INFO  server.RaftServerConfigKeys (ConfUtils.java:logGet(46)) - raft.server.rpc.slowness.timeout = 300s (custom)
2022-10-14 14:33:50,114 [pool-190-thread-1] INFO  server.RaftServerConfigKeys (ConfUtils.java:logGet(46)) - raft.server.leaderelection.leader.step-down.wait-time = 10s (default)
2022-10-14 14:33:50,115 [pool-190-thread-1] INFO  server.RaftServerConfigKeys (ConfUtils.java:logGet(46)) - raft.server.sleep.deviation.threshold = 300ms (default)
2022-10-14 14:33:50,115 [pool-190-thread-1] INFO  server.RaftServer$Division (ServerState.java:<init>(107)) - fe4e0b1e-d8f6-493e-bd46-2984bf01a4b8@group-822240EE24AA: ConfigurationManager, init=-1: [8c401b7e-dd35-4342-9d84-0aada9f9613c|rpc:127.0.0.1:46747|priority:1, fe4e0b1e-d8f6-493e-bd46-2984bf01a4b8|rpc:127.0.0.1:42555|priority:0, 5c29832d-acaf-4236-b352-735ef8095d77|rpc:127.0.0.1:37445|priority:0], old=null, confs=<EMPTY_MAP>
2022-10-14 14:33:50,115 [pool-190-thread-1] INFO  server.RaftServerConfigKeys (ConfUtils.java:logGet(46)) - raft.server.storage.dir = [/home/runner/work/ozone/ozone/hadoop-ozone/integration-test/target/test-dir/MiniOzoneClusterImpl-d3474758-561c-4776-8c9d-79a83af4ab20/datanode-0/data/ratis] (custom)
2022-10-14 14:33:50,115 [pool-190-thread-1] INFO  server.RaftServerConfigKeys (ConfUtils.java:logGet(46)) - raft.server.log.corruption.policy = EXCEPTION (default)
2022-10-14 14:33:50,115 [pool-190-thread-1] INFO  server.RaftServerConfigKeys (ConfUtils.java:logGet(46)) - raft.server.storage.free-space.min = 0MB (=0) (default)
2022-10-14 14:33:50,115 [pool-190-thread-1] INFO  storage.RaftStorageDirectory (RaftStorageDirectoryImpl.java:analyzeStorage(135)) - The storage directory /home/runner/work/ozone/ozone/hadoop-ozone/integration-test/target/test-dir/MiniOzoneClusterImpl-d3474758-561c-4776-8c9d-79a83af4ab20/datanode-0/data/ratis/592fcc52-6c8c-41d3-824e-822240ee24aa does not exist. Creating ...
2022-10-14 14:33:50,117 [pool-190-thread-1] INFO  storage.RaftStorageDirectory (RaftStorageDirectoryImpl.java:tryLock(230)) - Lock on /home/runner/work/ozone/ozone/hadoop-ozone/integration-test/target/test-dir/MiniOzoneClusterImpl-d3474758-561c-4776-8c9d-79a83af4ab20/datanode-0/data/ratis/592fcc52-6c8c-41d3-824e-822240ee24aa/in_use.lock acquired by nodename 2882@fv-az318-86
2022-10-14 14:33:50,119 [pool-190-thread-1] INFO  storage.RaftStorage (RaftStorageImpl.java:format(89)) - Storage directory /home/runner/work/ozone/ozone/hadoop-ozone/integration-test/target/test-dir/MiniOzoneClusterImpl-d3474758-561c-4776-8c9d-79a83af4ab20/datanode-0/data/ratis/592fcc52-6c8c-41d3-824e-822240ee24aa has been successfully formatted.
2022-10-14 14:33:50,120 [pool-190-thread-1] INFO  ratis.ContainerStateMachine (ContainerStateMachine.java:loadSnapshot(236)) - group-822240EE24AA: The snapshot info is null. Setting the last applied indexto:(t:0, i:~)
2022-10-14 14:33:50,121 [pool-190-thread-1] INFO  server.RaftServerConfigKeys (ConfUtils.java:logGet(46)) - raft.server.notification.no-leader.timeout = 300s (custom)
2022-10-14 14:33:50,121 [pool-190-thread-1] INFO  server.RaftServerConfigKeys (ConfUtils.java:logGet(46)) - raft.server.log.use.memory = false (default)
2022-10-14 14:33:50,121 [pool-190-thread-1] INFO  server.RaftServerConfigKeys (ConfUtils.java:logGet(46)) - raft.server.log.purge.gap = 1000000 (custom)
2022-10-14 14:33:50,121 [pool-190-thread-1] INFO  server.RaftServerConfigKeys (ConfUtils.java:logGet(46)) - raft.server.log.appender.buffer.byte-limit = 33554432 (custom)
2022-10-14 14:33:50,121 [pool-190-thread-1] INFO  server.RaftServerConfigKeys (ConfUtils.java:logGet(46)) - raft.server.log.statemachine.data.read.timeout = 1000ms (default)
2022-10-14 14:33:50,121 [pool-190-thread-1] INFO  server.RaftServerConfigKeys (ConfUtils.java:logGet(46)) - raft.server.log.segment.size.max = 1048576 (custom)
2022-10-14 14:33:50,122 [EventQueue-OpenPipelineForHealthyPipelineSafeModeRule] INFO  safemode.SCMSafeModeManager (HealthyPipelineSafeModeRule.java:process(137)) - SCM in safe mode. Healthy pipelines reported count is 0, required healthy pipeline reported count is 1
2022-10-14 14:33:50,122 [EventQueue-OpenPipelineForHealthyPipelineSafeModeRule] INFO  safemode.SCMSafeModeManager (HealthyPipelineSafeModeRule.java:process(137)) - SCM in safe mode. Healthy pipelines reported count is 0, required healthy pipeline reported count is 1
2022-10-14 14:33:50,123 [pool-190-thread-1] INFO  server.RaftServerConfigKeys (ConfUtils.java:logGet(46)) - raft.server.log.segment.cache.num.max = 2 (custom)
2022-10-14 14:33:50,124 [pool-190-thread-1] INFO  server.RaftServerConfigKeys (ConfUtils.java:logGet(46)) - raft.server.log.segment.cache.size.max = 200MB (=209715200) (default)
2022-10-14 14:33:50,124 [pool-190-thread-1] INFO  segmented.SegmentedRaftLogWorker (SegmentedRaftLogWorker.java:<init>(187)) - new fe4e0b1e-d8f6-493e-bd46-2984bf01a4b8@group-822240EE24AA-SegmentedRaftLogWorker for RaftStorageImpl:Storage Directory /home/runner/work/ozone/ozone/hadoop-ozone/integration-test/target/test-dir/MiniOzoneClusterImpl-d3474758-561c-4776-8c9d-79a83af4ab20/datanode-0/data/ratis/592fcc52-6c8c-41d3-824e-822240ee24aa
2022-10-14 14:33:50,124 [pool-190-thread-1] INFO  server.RaftServerConfigKeys (ConfUtils.java:logGet(46)) - raft.server.log.queue.byte-limit = 4294967296 (custom)
2022-10-14 14:33:50,124 [pool-190-thread-1] INFO  server.RaftServerConfigKeys (ConfUtils.java:logGet(46)) - raft.server.log.queue.element-limit = 1024 (custom)
2022-10-14 14:33:50,124 [pool-190-thread-1] INFO  server.RaftServerConfigKeys (ConfUtils.java:logGet(46)) - raft.server.log.segment.size.max = 1048576 (custom)
2022-10-14 14:33:50,124 [pool-190-thread-1] INFO  server.RaftServerConfigKeys (ConfUtils.java:logGet(46)) - raft.server.log.preallocated.size = 16384 (custom)
2022-10-14 14:33:50,124 [pool-190-thread-1] INFO  server.RaftServerConfigKeys (ConfUtils.java:logGet(46)) - raft.server.log.force.sync.num = 128 (default)
2022-10-14 14:33:50,124 [pool-190-thread-1] INFO  server.RaftServerConfigKeys (ConfUtils.java:logGet(46)) - raft.server.log.statemachine.data.sync = true (default)
2022-10-14 14:33:50,124 [pool-190-thread-1] INFO  server.RaftServerConfigKeys (ConfUtils.java:logGet(46)) - raft.server.log.statemachine.data.sync.timeout = 10s (default)
2022-10-14 14:33:50,124 [pool-190-thread-1] INFO  server.RaftServerConfigKeys (ConfUtils.java:logGet(46)) - raft.server.log.statemachine.data.sync.timeout.retry = -1 (default)
2022-10-14 14:33:50,125 [EventQueue-OpenPipelineForHealthyPipelineSafeModeRule] INFO  safemode.SCMSafeModeManager (HealthyPipelineSafeModeRule.java:process(137)) - SCM in safe mode. Healthy pipelines reported count is 0, required healthy pipeline reported count is 1
2022-10-14 14:33:50,126 [pool-190-thread-1] INFO  server.RaftServerConfigKeys (ConfUtils.java:logGet(46)) - raft.server.log.write.buffer.size = 1048576 (custom)
2022-10-14 14:33:50,126 [pool-190-thread-1] INFO  server.RaftServerConfigKeys (ConfUtils.java:logGet(46)) - raft.server.log.unsafe-flush.enabled = false (default)
2022-10-14 14:33:50,126 [pool-190-thread-1] INFO  server.RaftServerConfigKeys (ConfUtils.java:logGet(46)) - raft.server.log.statemachine.data.caching.enabled = true (custom)
2022-10-14 14:33:50,126 [pool-190-thread-1] INFO  segmented.SegmentedRaftLogWorker (SegmentedRaftLogWorker.java:lambda$new$0(135)) - fe4e0b1e-d8f6-493e-bd46-2984bf01a4b8@group-822240EE24AA-SegmentedRaftLogWorker: flushIndex: setUnconditionally 0 -> -1
2022-10-14 14:33:50,126 [pool-190-thread-1] INFO  segmented.SegmentedRaftLogWorker (SegmentedRaftLogWorker.java:lambda$new$0(135)) - fe4e0b1e-d8f6-493e-bd46-2984bf01a4b8@group-822240EE24AA-SegmentedRaftLogWorker: safeCacheEvictIndex: setUnconditionally 0 -> -1
2022-10-14 14:33:50,127 [pool-190-thread-1] INFO  server.RaftServerConfigKeys (ConfUtils.java:logGet(46)) - raft.server.snapshot.auto.trigger.enabled = true (custom)
2022-10-14 14:33:50,127 [pool-190-thread-1] INFO  server.RaftServerConfigKeys (ConfUtils.java:logGet(46)) - raft.server.snapshot.auto.trigger.threshold = 10000 (custom)
2022-10-14 14:33:50,127 [pool-190-thread-1] INFO  server.RaftServerConfigKeys (ConfUtils.java:logGet(46)) - raft.server.snapshot.retention.file.num = 5 (custom)
2022-10-14 14:33:50,127 [pool-190-thread-1] INFO  server.RaftServerConfigKeys (ConfUtils.java:logGet(46)) - raft.server.log.purge.upto.snapshot.index = false (default)
2022-10-14 14:33:50,127 [pool-190-thread-1] INFO  server.RaftServerConfigKeys (ConfUtils.java:logGet(46)) - raft.server.retrycache.expirytime = 600000ms (custom)
2022-10-14 14:33:50,127 [pool-190-thread-1] INFO  server.RaftServerConfigKeys (ConfUtils.java:logGet(46)) - raft.server.retrycache.statistics.expirytime = 100μs (default)
2022-10-14 14:33:50,129 [pool-190-thread-1] INFO  server.RaftServerConfigKeys (ConfUtils.java:logGet(46)) - raft.server.log.appender.install.snapshot.enabled = false (custom)
2022-10-14 14:33:50,129 [pool-190-thread-1] INFO  server.RaftServerConfigKeys (ConfUtils.java:logGet(46)) - raft.server.threadpool.server.cached = true (default)
2022-10-14 14:33:50,129 [pool-190-thread-1] INFO  server.RaftServerConfigKeys (ConfUtils.java:logGet(46)) - raft.server.threadpool.server.size = 0 (default)
2022-10-14 14:33:50,129 [pool-190-thread-1] INFO  server.RaftServerConfigKeys (ConfUtils.java:logGet(46)) - raft.server.threadpool.client.cached = true (default)
2022-10-14 14:33:50,129 [pool-190-thread-1] INFO  server.RaftServerConfigKeys (ConfUtils.java:logGet(46)) - raft.server.threadpool.client.size = 0 (default)
2022-10-14 14:33:50,129 [pool-190-thread-1] INFO  server.RaftServer$Division (RaftServerImpl.java:start(310)) - fe4e0b1e-d8f6-493e-bd46-2984bf01a4b8@group-822240EE24AA: start as a follower, conf=-1: [8c401b7e-dd35-4342-9d84-0aada9f9613c|rpc:127.0.0.1:46747|priority:1, fe4e0b1e-d8f6-493e-bd46-2984bf01a4b8|rpc:127.0.0.1:42555|priority:0, 5c29832d-acaf-4236-b352-735ef8095d77|rpc:127.0.0.1:37445|priority:0], old=null
2022-10-14 14:33:50,129 [pool-190-thread-1] INFO  server.RaftServer$Division (RaftServerImpl.java:setRole(299)) - fe4e0b1e-d8f6-493e-bd46-2984bf01a4b8@group-822240EE24AA: changes role from      null to FOLLOWER at term 0 for startAsFollower
2022-10-14 14:33:50,129 [pool-190-thread-1] INFO  impl.RoleInfo (RoleInfo.java:updateAndGet(139)) - fe4e0b1e-d8f6-493e-bd46-2984bf01a4b8: start fe4e0b1e-d8f6-493e-bd46-2984bf01a4b8@group-822240EE24AA-FollowerState
2022-10-14 14:33:50,129 [pool-190-thread-1] INFO  util.JmxRegister (JmxRegister.java:tryRegister(44)) - Successfully registered JMX Bean with object name Ratis:service=RaftServer,group=group-822240EE24AA,id=fe4e0b1e-d8f6-493e-bd46-2984bf01a4b8
2022-10-14 14:33:50,130 [Command processor thread] INFO  ratis.XceiverServerRatis (XceiverServerRatis.java:addGroup(765)) - Created group PipelineID=592fcc52-6c8c-41d3-824e-822240ee24aa
2022-10-14 14:33:50,143 [grpc-default-executor-3] INFO  server.RaftServer (RaftServerProxy.java:addNew(96)) - 8c401b7e-dd35-4342-9d84-0aada9f9613c: addNew group-822240EE24AA:[8c401b7e-dd35-4342-9d84-0aada9f9613c|rpc:127.0.0.1:46747|dataStream:|priority:1, fe4e0b1e-d8f6-493e-bd46-2984bf01a4b8|rpc:127.0.0.1:42555|dataStream:|priority:0, 5c29832d-acaf-4236-b352-735ef8095d77|rpc:127.0.0.1:37445|dataStream:|priority:0] returns group-822240EE24AA:java.util.concurrent.CompletableFuture@7a105236[Not completed]
2022-10-14 14:33:50,145 [pool-240-thread-1] INFO  server.RaftServer$Division (RaftServerImpl.java:<init>(190)) - 8c401b7e-dd35-4342-9d84-0aada9f9613c: new RaftServerImpl for group-822240EE24AA:[8c401b7e-dd35-4342-9d84-0aada9f9613c|rpc:127.0.0.1:46747|dataStream:|priority:1, fe4e0b1e-d8f6-493e-bd46-2984bf01a4b8|rpc:127.0.0.1:42555|dataStream:|priority:0, 5c29832d-acaf-4236-b352-735ef8095d77|rpc:127.0.0.1:37445|dataStream:|priority:0] with ContainerStateMachine:uninitialized
2022-10-14 14:33:50,145 [pool-240-thread-1] INFO  server.RaftServerConfigKeys (ConfUtils.java:logGet(46)) - raft.server.rpc.timeout.min = 5s (custom)
2022-10-14 14:33:50,145 [pool-240-thread-1] INFO  server.RaftServerConfigKeys (ConfUtils.java:logGet(46)) - raft.server.rpc.timeout.max = 5200ms (custom)
2022-10-14 14:33:50,145 [pool-240-thread-1] INFO  server.RaftServerConfigKeys (ConfUtils.java:logGet(46)) - raft.server.rpc.sleep.time = 25ms (default)
2022-10-14 14:33:50,145 [pool-240-thread-1] INFO  server.RaftServerConfigKeys (ConfUtils.java:logGet(46)) - raft.server.rpc.slowness.timeout = 300s (custom)
2022-10-14 14:33:50,145 [pool-240-thread-1] INFO  server.RaftServerConfigKeys (ConfUtils.java:logGet(46)) - raft.server.leaderelection.leader.step-down.wait-time = 10s (default)
2022-10-14 14:33:50,145 [pool-240-thread-1] INFO  server.RaftServerConfigKeys (ConfUtils.java:logGet(46)) - raft.server.sleep.deviation.threshold = 300ms (default)
2022-10-14 14:33:50,145 [pool-240-thread-1] INFO  server.RaftServer$Division (ServerState.java:<init>(107)) - 8c401b7e-dd35-4342-9d84-0aada9f9613c@group-822240EE24AA: ConfigurationManager, init=-1: [8c401b7e-dd35-4342-9d84-0aada9f9613c|rpc:127.0.0.1:46747|dataStream:|priority:1, fe4e0b1e-d8f6-493e-bd46-2984bf01a4b8|rpc:127.0.0.1:42555|dataStream:|priority:0, 5c29832d-acaf-4236-b352-735ef8095d77|rpc:127.0.0.1:37445|dataStream:|priority:0], old=null, confs=<EMPTY_MAP>
2022-10-14 14:33:50,145 [pool-240-thread-1] INFO  server.RaftServerConfigKeys (ConfUtils.java:logGet(46)) - raft.server.storage.dir = [/home/runner/work/ozone/ozone/hadoop-ozone/integration-test/target/test-dir/MiniOzoneClusterImpl-d3474758-561c-4776-8c9d-79a83af4ab20/datanode-2/data/ratis] (custom)
2022-10-14 14:33:50,145 [pool-240-thread-1] INFO  server.RaftServerConfigKeys (ConfUtils.java:logGet(46)) - raft.server.log.corruption.policy = EXCEPTION (default)
2022-10-14 14:33:50,145 [pool-240-thread-1] INFO  server.RaftServerConfigKeys (ConfUtils.java:logGet(46)) - raft.server.storage.free-space.min = 0MB (=0) (default)
2022-10-14 14:33:50,146 [pool-240-thread-1] INFO  storage.RaftStorageDirectory (RaftStorageDirectoryImpl.java:analyzeStorage(135)) - The storage directory /home/runner/work/ozone/ozone/hadoop-ozone/integration-test/target/test-dir/MiniOzoneClusterImpl-d3474758-561c-4776-8c9d-79a83af4ab20/datanode-2/data/ratis/592fcc52-6c8c-41d3-824e-822240ee24aa does not exist. Creating ...
2022-10-14 14:33:50,149 [pool-240-thread-1] INFO  storage.RaftStorageDirectory (RaftStorageDirectoryImpl.java:tryLock(230)) - Lock on /home/runner/work/ozone/ozone/hadoop-ozone/integration-test/target/test-dir/MiniOzoneClusterImpl-d3474758-561c-4776-8c9d-79a83af4ab20/datanode-2/data/ratis/592fcc52-6c8c-41d3-824e-822240ee24aa/in_use.lock acquired by nodename 2882@fv-az318-86
2022-10-14 14:33:50,150 [pool-240-thread-1] INFO  storage.RaftStorage (RaftStorageImpl.java:format(89)) - Storage directory /home/runner/work/ozone/ozone/hadoop-ozone/integration-test/target/test-dir/MiniOzoneClusterImpl-d3474758-561c-4776-8c9d-79a83af4ab20/datanode-2/data/ratis/592fcc52-6c8c-41d3-824e-822240ee24aa has been successfully formatted.
2022-10-14 14:33:50,154 [pool-240-thread-1] INFO  ratis.ContainerStateMachine (ContainerStateMachine.java:loadSnapshot(236)) - group-822240EE24AA: The snapshot info is null. Setting the last applied indexto:(t:0, i:~)
2022-10-14 14:33:50,155 [pool-240-thread-1] INFO  server.RaftServerConfigKeys (ConfUtils.java:logGet(46)) - raft.server.notification.no-leader.timeout = 300s (custom)
2022-10-14 14:33:50,155 [pool-240-thread-1] INFO  server.RaftServerConfigKeys (ConfUtils.java:logGet(46)) - raft.server.log.use.memory = false (default)
2022-10-14 14:33:50,155 [pool-240-thread-1] INFO  server.RaftServerConfigKeys (ConfUtils.java:logGet(46)) - raft.server.log.purge.gap = 1000000 (custom)
2022-10-14 14:33:50,155 [pool-240-thread-1] INFO  server.RaftServerConfigKeys (ConfUtils.java:logGet(46)) - raft.server.log.appender.buffer.byte-limit = 33554432 (custom)
2022-10-14 14:33:50,155 [pool-240-thread-1] INFO  server.RaftServerConfigKeys (ConfUtils.java:logGet(46)) - raft.server.log.statemachine.data.read.timeout = 1000ms (default)
2022-10-14 14:33:50,155 [pool-240-thread-1] INFO  server.RaftServerConfigKeys (ConfUtils.java:logGet(46)) - raft.server.log.segment.size.max = 1048576 (custom)
2022-10-14 14:33:50,156 [pool-240-thread-1] INFO  server.RaftServerConfigKeys (ConfUtils.java:logGet(46)) - raft.server.log.segment.cache.num.max = 2 (custom)
2022-10-14 14:33:50,156 [pool-240-thread-1] INFO  server.RaftServerConfigKeys (ConfUtils.java:logGet(46)) - raft.server.log.segment.cache.size.max = 200MB (=209715200) (default)
2022-10-14 14:33:50,156 [pool-240-thread-1] INFO  segmented.SegmentedRaftLogWorker (SegmentedRaftLogWorker.java:<init>(187)) - new 8c401b7e-dd35-4342-9d84-0aada9f9613c@group-822240EE24AA-SegmentedRaftLogWorker for RaftStorageImpl:Storage Directory /home/runner/work/ozone/ozone/hadoop-ozone/integration-test/target/test-dir/MiniOzoneClusterImpl-d3474758-561c-4776-8c9d-79a83af4ab20/datanode-2/data/ratis/592fcc52-6c8c-41d3-824e-822240ee24aa
2022-10-14 14:33:50,156 [pool-240-thread-1] INFO  server.RaftServerConfigKeys (ConfUtils.java:logGet(46)) - raft.server.log.queue.byte-limit = 4294967296 (custom)
2022-10-14 14:33:50,156 [pool-240-thread-1] INFO  server.RaftServerConfigKeys (ConfUtils.java:logGet(46)) - raft.server.log.queue.element-limit = 1024 (custom)
2022-10-14 14:33:50,156 [pool-240-thread-1] INFO  server.RaftServerConfigKeys (ConfUtils.java:logGet(46)) - raft.server.log.segment.size.max = 1048576 (custom)
2022-10-14 14:33:50,156 [pool-240-thread-1] INFO  server.RaftServerConfigKeys (ConfUtils.java:logGet(46)) - raft.server.log.preallocated.size = 16384 (custom)
2022-10-14 14:33:50,156 [pool-240-thread-1] INFO  server.RaftServerConfigKeys (ConfUtils.java:logGet(46)) - raft.server.log.force.sync.num = 128 (default)
2022-10-14 14:33:50,156 [pool-240-thread-1] INFO  server.RaftServerConfigKeys (ConfUtils.java:logGet(46)) - raft.server.log.statemachine.data.sync = true (default)
2022-10-14 14:33:50,156 [pool-240-thread-1] INFO  server.RaftServerConfigKeys (ConfUtils.java:logGet(46)) - raft.server.log.statemachine.data.sync.timeout = 10s (default)
2022-10-14 14:33:50,157 [pool-240-thread-1] INFO  server.RaftServerConfigKeys (ConfUtils.java:logGet(46)) - raft.server.log.statemachine.data.sync.timeout.retry = -1 (default)
2022-10-14 14:33:50,157 [pool-240-thread-1] INFO  server.RaftServerConfigKeys (ConfUtils.java:logGet(46)) - raft.server.log.write.buffer.size = 1048576 (custom)
2022-10-14 14:33:50,158 [pool-240-thread-1] INFO  server.RaftServerConfigKeys (ConfUtils.java:logGet(46)) - raft.server.log.unsafe-flush.enabled = false (default)
2022-10-14 14:33:50,158 [pool-240-thread-1] INFO  server.RaftServerConfigKeys (ConfUtils.java:logGet(46)) - raft.server.log.statemachine.data.caching.enabled = true (custom)
2022-10-14 14:33:50,161 [pool-240-thread-1] INFO  segmented.SegmentedRaftLogWorker (SegmentedRaftLogWorker.java:lambda$new$0(135)) - 8c401b7e-dd35-4342-9d84-0aada9f9613c@group-822240EE24AA-SegmentedRaftLogWorker: flushIndex: setUnconditionally 0 -> -1
2022-10-14 14:33:50,161 [pool-240-thread-1] INFO  segmented.SegmentedRaftLogWorker (SegmentedRaftLogWorker.java:lambda$new$0(135)) - 8c401b7e-dd35-4342-9d84-0aada9f9613c@group-822240EE24AA-SegmentedRaftLogWorker: safeCacheEvictIndex: setUnconditionally 0 -> -1
2022-10-14 14:33:50,164 [pool-240-thread-1] INFO  server.RaftServerConfigKeys (ConfUtils.java:logGet(46)) - raft.server.snapshot.auto.trigger.enabled = true (custom)
2022-10-14 14:33:50,164 [pool-240-thread-1] INFO  server.RaftServerConfigKeys (ConfUtils.java:logGet(46)) - raft.server.snapshot.auto.trigger.threshold = 10000 (custom)
2022-10-14 14:33:50,164 [pool-240-thread-1] INFO  server.RaftServerConfigKeys (ConfUtils.java:logGet(46)) - raft.server.snapshot.retention.file.num = 5 (custom)
2022-10-14 14:33:50,164 [pool-240-thread-1] INFO  server.RaftServerConfigKeys (ConfUtils.java:logGet(46)) - raft.server.log.purge.upto.snapshot.index = false (default)
2022-10-14 14:33:50,165 [pool-240-thread-1] INFO  server.RaftServerConfigKeys (ConfUtils.java:logGet(46)) - raft.server.retrycache.expirytime = 600000ms (custom)
2022-10-14 14:33:50,165 [pool-240-thread-1] INFO  server.RaftServerConfigKeys (ConfUtils.java:logGet(46)) - raft.server.retrycache.statistics.expirytime = 100μs (default)
2022-10-14 14:33:50,166 [pool-240-thread-1] INFO  server.RaftServerConfigKeys (ConfUtils.java:logGet(46)) - raft.server.log.appender.install.snapshot.enabled = false (custom)
2022-10-14 14:33:50,166 [pool-240-thread-1] INFO  server.RaftServerConfigKeys (ConfUtils.java:logGet(46)) - raft.server.threadpool.server.cached = true (default)
2022-10-14 14:33:50,166 [pool-240-thread-1] INFO  server.RaftServerConfigKeys (ConfUtils.java:logGet(46)) - raft.server.threadpool.server.size = 0 (default)
2022-10-14 14:33:50,166 [pool-240-thread-1] INFO  server.RaftServerConfigKeys (ConfUtils.java:logGet(46)) - raft.server.threadpool.client.cached = true (default)
2022-10-14 14:33:50,166 [pool-240-thread-1] INFO  server.RaftServerConfigKeys (ConfUtils.java:logGet(46)) - raft.server.threadpool.client.size = 0 (default)
2022-10-14 14:33:50,166 [pool-240-thread-1] INFO  server.RaftServer$Division (RaftServerImpl.java:start(310)) - 8c401b7e-dd35-4342-9d84-0aada9f9613c@group-822240EE24AA: start as a follower, conf=-1: [8c401b7e-dd35-4342-9d84-0aada9f9613c|rpc:127.0.0.1:46747|dataStream:|priority:1, fe4e0b1e-d8f6-493e-bd46-2984bf01a4b8|rpc:127.0.0.1:42555|dataStream:|priority:0, 5c29832d-acaf-4236-b352-735ef8095d77|rpc:127.0.0.1:37445|dataStream:|priority:0], old=null
2022-10-14 14:33:50,166 [pool-240-thread-1] INFO  server.RaftServer$Division (RaftServerImpl.java:setRole(299)) - 8c401b7e-dd35-4342-9d84-0aada9f9613c@group-822240EE24AA: changes role from      null to FOLLOWER at term 0 for startAsFollower
2022-10-14 14:33:50,166 [pool-240-thread-1] INFO  impl.RoleInfo (RoleInfo.java:updateAndGet(139)) - 8c401b7e-dd35-4342-9d84-0aada9f9613c: start 8c401b7e-dd35-4342-9d84-0aada9f9613c@group-822240EE24AA-FollowerState
2022-10-14 14:33:50,168 [pool-240-thread-1] INFO  util.JmxRegister (JmxRegister.java:tryRegister(44)) - Successfully registered JMX Bean with object name Ratis:service=RaftServer,group=group-822240EE24AA,id=8c401b7e-dd35-4342-9d84-0aada9f9613c
2022-10-14 14:33:50,186 [grpc-default-executor-3] INFO  server.RaftServer (RaftServerProxy.java:addNew(96)) - 5c29832d-acaf-4236-b352-735ef8095d77: addNew group-822240EE24AA:[8c401b7e-dd35-4342-9d84-0aada9f9613c|rpc:127.0.0.1:46747|dataStream:|priority:1, fe4e0b1e-d8f6-493e-bd46-2984bf01a4b8|rpc:127.0.0.1:42555|dataStream:|priority:0, 5c29832d-acaf-4236-b352-735ef8095d77|rpc:127.0.0.1:37445|dataStream:|priority:0] returns group-822240EE24AA:java.util.concurrent.CompletableFuture@2bf19801[Not completed]
2022-10-14 14:33:50,187 [pool-215-thread-1] INFO  server.RaftServer$Division (RaftServerImpl.java:<init>(190)) - 5c29832d-acaf-4236-b352-735ef8095d77: new RaftServerImpl for group-822240EE24AA:[8c401b7e-dd35-4342-9d84-0aada9f9613c|rpc:127.0.0.1:46747|dataStream:|priority:1, fe4e0b1e-d8f6-493e-bd46-2984bf01a4b8|rpc:127.0.0.1:42555|dataStream:|priority:0, 5c29832d-acaf-4236-b352-735ef8095d77|rpc:127.0.0.1:37445|dataStream:|priority:0] with ContainerStateMachine:uninitialized
2022-10-14 14:33:50,187 [pool-215-thread-1] INFO  server.RaftServerConfigKeys (ConfUtils.java:logGet(46)) - raft.server.rpc.timeout.min = 5s (custom)
2022-10-14 14:33:50,187 [pool-215-thread-1] INFO  server.RaftServerConfigKeys (ConfUtils.java:logGet(46)) - raft.server.rpc.timeout.max = 5200ms (custom)
2022-10-14 14:33:50,187 [pool-215-thread-1] INFO  server.RaftServerConfigKeys (ConfUtils.java:logGet(46)) - raft.server.rpc.sleep.time = 25ms (default)
2022-10-14 14:33:50,187 [pool-215-thread-1] INFO  server.RaftServerConfigKeys (ConfUtils.java:logGet(46)) - raft.server.rpc.slowness.timeout = 300s (custom)
2022-10-14 14:33:50,187 [pool-215-thread-1] INFO  server.RaftServerConfigKeys (ConfUtils.java:logGet(46)) - raft.server.leaderelection.leader.step-down.wait-time = 10s (default)
2022-10-14 14:33:50,188 [pool-215-thread-1] INFO  server.RaftServerConfigKeys (ConfUtils.java:logGet(46)) - raft.server.sleep.deviation.threshold = 300ms (default)
2022-10-14 14:33:50,188 [pool-215-thread-1] INFO  server.RaftServer$Division (ServerState.java:<init>(107)) - 5c29832d-acaf-4236-b352-735ef8095d77@group-822240EE24AA: ConfigurationManager, init=-1: [8c401b7e-dd35-4342-9d84-0aada9f9613c|rpc:127.0.0.1:46747|dataStream:|priority:1, fe4e0b1e-d8f6-493e-bd46-2984bf01a4b8|rpc:127.0.0.1:42555|dataStream:|priority:0, 5c29832d-acaf-4236-b352-735ef8095d77|rpc:127.0.0.1:37445|dataStream:|priority:0], old=null, confs=<EMPTY_MAP>
2022-10-14 14:33:50,188 [pool-215-thread-1] INFO  server.RaftServerConfigKeys (ConfUtils.java:logGet(46)) - raft.server.storage.dir = [/home/runner/work/ozone/ozone/hadoop-ozone/integration-test/target/test-dir/MiniOzoneClusterImpl-d3474758-561c-4776-8c9d-79a83af4ab20/datanode-1/data/ratis] (custom)
2022-10-14 14:33:50,188 [pool-215-thread-1] INFO  server.RaftServerConfigKeys (ConfUtils.java:logGet(46)) - raft.server.log.corruption.policy = EXCEPTION (default)
2022-10-14 14:33:50,188 [pool-215-thread-1] INFO  server.RaftServerConfigKeys (ConfUtils.java:logGet(46)) - raft.server.storage.free-space.min = 0MB (=0) (default)
2022-10-14 14:33:50,188 [pool-215-thread-1] INFO  storage.RaftStorageDirectory (RaftStorageDirectoryImpl.java:analyzeStorage(135)) - The storage directory /home/runner/work/ozone/ozone/hadoop-ozone/integration-test/target/test-dir/MiniOzoneClusterImpl-d3474758-561c-4776-8c9d-79a83af4ab20/datanode-1/data/ratis/592fcc52-6c8c-41d3-824e-822240ee24aa does not exist. Creating ...
2022-10-14 14:33:50,191 [pool-215-thread-1] INFO  storage.RaftStorageDirectory (RaftStorageDirectoryImpl.java:tryLock(230)) - Lock on /home/runner/work/ozone/ozone/hadoop-ozone/integration-test/target/test-dir/MiniOzoneClusterImpl-d3474758-561c-4776-8c9d-79a83af4ab20/datanode-1/data/ratis/592fcc52-6c8c-41d3-824e-822240ee24aa/in_use.lock acquired by nodename 2882@fv-az318-86
2022-10-14 14:33:50,194 [pool-215-thread-1] INFO  storage.RaftStorage (RaftStorageImpl.java:format(89)) - Storage directory /home/runner/work/ozone/ozone/hadoop-ozone/integration-test/target/test-dir/MiniOzoneClusterImpl-d3474758-561c-4776-8c9d-79a83af4ab20/datanode-1/data/ratis/592fcc52-6c8c-41d3-824e-822240ee24aa has been successfully formatted.
2022-10-14 14:33:50,197 [pool-215-thread-1] INFO  ratis.ContainerStateMachine (ContainerStateMachine.java:loadSnapshot(236)) - group-822240EE24AA: The snapshot info is null. Setting the last applied indexto:(t:0, i:~)
2022-10-14 14:33:50,198 [pool-215-thread-1] INFO  server.RaftServerConfigKeys (ConfUtils.java:logGet(46)) - raft.server.notification.no-leader.timeout = 300s (custom)
2022-10-14 14:33:50,198 [pool-215-thread-1] INFO  server.RaftServerConfigKeys (ConfUtils.java:logGet(46)) - raft.server.log.use.memory = false (default)
2022-10-14 14:33:50,198 [pool-215-thread-1] INFO  server.RaftServerConfigKeys (ConfUtils.java:logGet(46)) - raft.server.log.purge.gap = 1000000 (custom)
2022-10-14 14:33:50,198 [pool-215-thread-1] INFO  server.RaftServerConfigKeys (ConfUtils.java:logGet(46)) - raft.server.log.appender.buffer.byte-limit = 33554432 (custom)
2022-10-14 14:33:50,198 [pool-215-thread-1] INFO  server.RaftServerConfigKeys (ConfUtils.java:logGet(46)) - raft.server.log.statemachine.data.read.timeout = 1000ms (default)
2022-10-14 14:33:50,198 [pool-215-thread-1] INFO  server.RaftServerConfigKeys (ConfUtils.java:logGet(46)) - raft.server.log.segment.size.max = 1048576 (custom)
2022-10-14 14:33:50,199 [pool-215-thread-1] INFO  server.RaftServerConfigKeys (ConfUtils.java:logGet(46)) - raft.server.log.segment.cache.num.max = 2 (custom)
2022-10-14 14:33:50,199 [pool-215-thread-1] INFO  server.RaftServerConfigKeys (ConfUtils.java:logGet(46)) - raft.server.log.segment.cache.size.max = 200MB (=209715200) (default)
2022-10-14 14:33:50,199 [pool-215-thread-1] INFO  segmented.SegmentedRaftLogWorker (SegmentedRaftLogWorker.java:<init>(187)) - new 5c29832d-acaf-4236-b352-735ef8095d77@group-822240EE24AA-SegmentedRaftLogWorker for RaftStorageImpl:Storage Directory /home/runner/work/ozone/ozone/hadoop-ozone/integration-test/target/test-dir/MiniOzoneClusterImpl-d3474758-561c-4776-8c9d-79a83af4ab20/datanode-1/data/ratis/592fcc52-6c8c-41d3-824e-822240ee24aa
2022-10-14 14:33:50,199 [pool-215-thread-1] INFO  server.RaftServerConfigKeys (ConfUtils.java:logGet(46)) - raft.server.log.queue.byte-limit = 4294967296 (custom)
2022-10-14 14:33:50,199 [pool-215-thread-1] INFO  server.RaftServerConfigKeys (ConfUtils.java:logGet(46)) - raft.server.log.queue.element-limit = 1024 (custom)
2022-10-14 14:33:50,199 [pool-215-thread-1] INFO  server.RaftServerConfigKeys (ConfUtils.java:logGet(46)) - raft.server.log.segment.size.max = 1048576 (custom)
2022-10-14 14:33:50,199 [pool-215-thread-1] INFO  server.RaftServerConfigKeys (ConfUtils.java:logGet(46)) - raft.server.log.preallocated.size = 16384 (custom)
2022-10-14 14:33:50,199 [pool-215-thread-1] INFO  server.RaftServerConfigKeys (ConfUtils.java:logGet(46)) - raft.server.log.force.sync.num = 128 (default)
2022-10-14 14:33:50,199 [pool-215-thread-1] INFO  server.RaftServerConfigKeys (ConfUtils.java:logGet(46)) - raft.server.log.statemachine.data.sync = true (default)
2022-10-14 14:33:50,199 [pool-215-thread-1] INFO  server.RaftServerConfigKeys (ConfUtils.java:logGet(46)) - raft.server.log.statemachine.data.sync.timeout = 10s (default)
2022-10-14 14:33:50,199 [pool-215-thread-1] INFO  server.RaftServerConfigKeys (ConfUtils.java:logGet(46)) - raft.server.log.statemachine.data.sync.timeout.retry = -1 (default)
2022-10-14 14:33:50,200 [pool-215-thread-1] INFO  server.RaftServerConfigKeys (ConfUtils.java:logGet(46)) - raft.server.log.write.buffer.size = 1048576 (custom)
2022-10-14 14:33:50,201 [pool-215-thread-1] INFO  server.RaftServerConfigKeys (ConfUtils.java:logGet(46)) - raft.server.log.unsafe-flush.enabled = false (default)
2022-10-14 14:33:50,201 [pool-215-thread-1] INFO  server.RaftServerConfigKeys (ConfUtils.java:logGet(46)) - raft.server.log.statemachine.data.caching.enabled = true (custom)
2022-10-14 14:33:50,201 [pool-215-thread-1] INFO  segmented.SegmentedRaftLogWorker (SegmentedRaftLogWorker.java:lambda$new$0(135)) - 5c29832d-acaf-4236-b352-735ef8095d77@group-822240EE24AA-SegmentedRaftLogWorker: flushIndex: setUnconditionally 0 -> -1
2022-10-14 14:33:50,201 [pool-215-thread-1] INFO  segmented.SegmentedRaftLogWorker (SegmentedRaftLogWorker.java:lambda$new$0(135)) - 5c29832d-acaf-4236-b352-735ef8095d77@group-822240EE24AA-SegmentedRaftLogWorker: safeCacheEvictIndex: setUnconditionally 0 -> -1
2022-10-14 14:33:50,201 [pool-215-thread-1] INFO  server.RaftServerConfigKeys (ConfUtils.java:logGet(46)) - raft.server.snapshot.auto.trigger.enabled = true (custom)
2022-10-14 14:33:50,201 [pool-215-thread-1] INFO  server.RaftServerConfigKeys (ConfUtils.java:logGet(46)) - raft.server.snapshot.auto.trigger.threshold = 10000 (custom)
2022-10-14 14:33:50,201 [pool-215-thread-1] INFO  server.RaftServerConfigKeys (ConfUtils.java:logGet(46)) - raft.server.snapshot.retention.file.num = 5 (custom)
2022-10-14 14:33:50,201 [pool-215-thread-1] INFO  server.RaftServerConfigKeys (ConfUtils.java:logGet(46)) - raft.server.log.purge.upto.snapshot.index = false (default)
2022-10-14 14:33:50,201 [pool-215-thread-1] INFO  server.RaftServerConfigKeys (ConfUtils.java:logGet(46)) - raft.server.retrycache.expirytime = 600000ms (custom)
2022-10-14 14:33:50,201 [pool-215-thread-1] INFO  server.RaftServerConfigKeys (ConfUtils.java:logGet(46)) - raft.server.retrycache.statistics.expirytime = 100μs (default)
2022-10-14 14:33:50,202 [pool-215-thread-1] INFO  server.RaftServerConfigKeys (ConfUtils.java:logGet(46)) - raft.server.log.appender.install.snapshot.enabled = false (custom)
2022-10-14 14:33:50,203 [pool-215-thread-1] INFO  server.RaftServerConfigKeys (ConfUtils.java:logGet(46)) - raft.server.threadpool.server.cached = true (default)
2022-10-14 14:33:50,203 [pool-215-thread-1] INFO  server.RaftServerConfigKeys (ConfUtils.java:logGet(46)) - raft.server.threadpool.server.size = 0 (default)
2022-10-14 14:33:50,203 [pool-215-thread-1] INFO  server.RaftServerConfigKeys (ConfUtils.java:logGet(46)) - raft.server.threadpool.client.cached = true (default)
2022-10-14 14:33:50,203 [pool-215-thread-1] INFO  server.RaftServerConfigKeys (ConfUtils.java:logGet(46)) - raft.server.threadpool.client.size = 0 (default)
2022-10-14 14:33:50,203 [pool-215-thread-1] INFO  server.RaftServer$Division (RaftServerImpl.java:start(310)) - 5c29832d-acaf-4236-b352-735ef8095d77@group-822240EE24AA: start as a follower, conf=-1: [8c401b7e-dd35-4342-9d84-0aada9f9613c|rpc:127.0.0.1:46747|dataStream:|priority:1, fe4e0b1e-d8f6-493e-bd46-2984bf01a4b8|rpc:127.0.0.1:42555|dataStream:|priority:0, 5c29832d-acaf-4236-b352-735ef8095d77|rpc:127.0.0.1:37445|dataStream:|priority:0], old=null
2022-10-14 14:33:50,203 [pool-215-thread-1] INFO  server.RaftServer$Division (RaftServerImpl.java:setRole(299)) - 5c29832d-acaf-4236-b352-735ef8095d77@group-822240EE24AA: changes role from      null to FOLLOWER at term 0 for startAsFollower
2022-10-14 14:33:50,203 [pool-215-thread-1] INFO  impl.RoleInfo (RoleInfo.java:updateAndGet(139)) - 5c29832d-acaf-4236-b352-735ef8095d77: start 5c29832d-acaf-4236-b352-735ef8095d77@group-822240EE24AA-FollowerState
2022-10-14 14:33:50,203 [pool-215-thread-1] INFO  util.JmxRegister (JmxRegister.java:tryRegister(44)) - Successfully registered JMX Bean with object name Ratis:service=RaftServer,group=group-822240EE24AA,id=5c29832d-acaf-4236-b352-735ef8095d77
2022-10-14 14:33:50,209 [Command processor thread] INFO  server.RaftServer (RaftServerProxy.java:addNew(96)) - 5c29832d-acaf-4236-b352-735ef8095d77: addNew group-B7F0B16A33D5:[5c29832d-acaf-4236-b352-735ef8095d77|rpc:127.0.0.1:37445|priority:1] returns group-B7F0B16A33D5:java.util.concurrent.CompletableFuture@6a4100d[Not completed]
2022-10-14 14:33:50,211 [pool-215-thread-1] INFO  server.RaftServer$Division (RaftServerImpl.java:<init>(190)) - 5c29832d-acaf-4236-b352-735ef8095d77: new RaftServerImpl for group-B7F0B16A33D5:[5c29832d-acaf-4236-b352-735ef8095d77|rpc:127.0.0.1:37445|priority:1] with ContainerStateMachine:uninitialized
2022-10-14 14:33:50,211 [pool-215-thread-1] INFO  server.RaftServerConfigKeys (ConfUtils.java:logGet(46)) - raft.server.rpc.timeout.min = 5s (custom)
2022-10-14 14:33:50,211 [pool-215-thread-1] INFO  server.RaftServerConfigKeys (ConfUtils.java:logGet(46)) - raft.server.rpc.timeout.max = 5200ms (custom)
2022-10-14 14:33:50,211 [pool-215-thread-1] INFO  server.RaftServerConfigKeys (ConfUtils.java:logGet(46)) - raft.server.rpc.sleep.time = 25ms (default)
2022-10-14 14:33:50,211 [pool-215-thread-1] INFO  server.RaftServerConfigKeys (ConfUtils.java:logGet(46)) - raft.server.rpc.slowness.timeout = 300s (custom)
2022-10-14 14:33:50,211 [pool-215-thread-1] INFO  server.RaftServerConfigKeys (ConfUtils.java:logGet(46)) - raft.server.leaderelection.leader.step-down.wait-time = 10s (default)
2022-10-14 14:33:50,211 [pool-215-thread-1] INFO  server.RaftServerConfigKeys (ConfUtils.java:logGet(46)) - raft.server.sleep.deviation.threshold = 300ms (default)
2022-10-14 14:33:50,211 [pool-215-thread-1] INFO  server.RaftServer$Division (ServerState.java:<init>(107)) - 5c29832d-acaf-4236-b352-735ef8095d77@group-B7F0B16A33D5: ConfigurationManager, init=-1: [5c29832d-acaf-4236-b352-735ef8095d77|rpc:127.0.0.1:37445|priority:1], old=null, confs=<EMPTY_MAP>
2022-10-14 14:33:50,211 [pool-215-thread-1] INFO  server.RaftServerConfigKeys (ConfUtils.java:logGet(46)) - raft.server.storage.dir = [/home/runner/work/ozone/ozone/hadoop-ozone/integration-test/target/test-dir/MiniOzoneClusterImpl-d3474758-561c-4776-8c9d-79a83af4ab20/datanode-1/data/ratis] (custom)
2022-10-14 14:33:50,211 [pool-215-thread-1] INFO  server.RaftServerConfigKeys (ConfUtils.java:logGet(46)) - raft.server.log.corruption.policy = EXCEPTION (default)
2022-10-14 14:33:50,211 [pool-215-thread-1] INFO  server.RaftServerConfigKeys (ConfUtils.java:logGet(46)) - raft.server.storage.free-space.min = 0MB (=0) (default)
2022-10-14 14:33:50,211 [pool-215-thread-1] INFO  storage.RaftStorageDirectory (RaftStorageDirectoryImpl.java:analyzeStorage(135)) - The storage directory /home/runner/work/ozone/ozone/hadoop-ozone/integration-test/target/test-dir/MiniOzoneClusterImpl-d3474758-561c-4776-8c9d-79a83af4ab20/datanode-1/data/ratis/39f4c4af-6088-4735-8f72-b7f0b16a33d5 does not exist. Creating ...
2022-10-14 14:33:50,214 [pool-215-thread-1] INFO  storage.RaftStorageDirectory (RaftStorageDirectoryImpl.java:tryLock(230)) - Lock on /home/runner/work/ozone/ozone/hadoop-ozone/integration-test/target/test-dir/MiniOzoneClusterImpl-d3474758-561c-4776-8c9d-79a83af4ab20/datanode-1/data/ratis/39f4c4af-6088-4735-8f72-b7f0b16a33d5/in_use.lock acquired by nodename 2882@fv-az318-86
2022-10-14 14:33:50,216 [Command processor thread] INFO  commandhandler.CreatePipelineCommandHandler (CreatePipelineCommandHandler.java:handle(113)) - Created Pipeline RATIS THREE PipelineID=592fcc52-6c8c-41d3-824e-822240ee24aa.
2022-10-14 14:33:50,217 [pool-215-thread-1] INFO  storage.RaftStorage (RaftStorageImpl.java:format(89)) - Storage directory /home/runner/work/ozone/ozone/hadoop-ozone/integration-test/target/test-dir/MiniOzoneClusterImpl-d3474758-561c-4776-8c9d-79a83af4ab20/datanode-1/data/ratis/39f4c4af-6088-4735-8f72-b7f0b16a33d5 has been successfully formatted.
2022-10-14 14:33:50,218 [pool-215-thread-1] INFO  ratis.ContainerStateMachine (ContainerStateMachine.java:loadSnapshot(236)) - group-B7F0B16A33D5: The snapshot info is null. Setting the last applied indexto:(t:0, i:~)
2022-10-14 14:33:50,218 [pool-215-thread-1] INFO  server.RaftServerConfigKeys (ConfUtils.java:logGet(46)) - raft.server.notification.no-leader.timeout = 300s (custom)
2022-10-14 14:33:50,218 [pool-215-thread-1] INFO  server.RaftServerConfigKeys (ConfUtils.java:logGet(46)) - raft.server.log.use.memory = false (default)
2022-10-14 14:33:50,218 [pool-215-thread-1] INFO  server.RaftServerConfigKeys (ConfUtils.java:logGet(46)) - raft.server.log.purge.gap = 1000000 (custom)
2022-10-14 14:33:50,218 [pool-215-thread-1] INFO  server.RaftServerConfigKeys (ConfUtils.java:logGet(46)) - raft.server.log.appender.buffer.byte-limit = 33554432 (custom)
2022-10-14 14:33:50,218 [pool-215-thread-1] INFO  server.RaftServerConfigKeys (ConfUtils.java:logGet(46)) - raft.server.log.statemachine.data.read.timeout = 1000ms (default)
2022-10-14 14:33:50,219 [pool-215-thread-1] INFO  server.RaftServerConfigKeys (ConfUtils.java:logGet(46)) - raft.server.log.segment.size.max = 1048576 (custom)
2022-10-14 14:33:50,219 [pool-215-thread-1] INFO  server.RaftServerConfigKeys (ConfUtils.java:logGet(46)) - raft.server.log.segment.cache.num.max = 2 (custom)
2022-10-14 14:33:50,219 [pool-215-thread-1] INFO  server.RaftServerConfigKeys (ConfUtils.java:logGet(46)) - raft.server.log.segment.cache.size.max = 200MB (=209715200) (default)
2022-10-14 14:33:50,219 [pool-215-thread-1] INFO  segmented.SegmentedRaftLogWorker (SegmentedRaftLogWorker.java:<init>(187)) - new 5c29832d-acaf-4236-b352-735ef8095d77@group-B7F0B16A33D5-SegmentedRaftLogWorker for RaftStorageImpl:Storage Directory /home/runner/work/ozone/ozone/hadoop-ozone/integration-test/target/test-dir/MiniOzoneClusterImpl-d3474758-561c-4776-8c9d-79a83af4ab20/datanode-1/data/ratis/39f4c4af-6088-4735-8f72-b7f0b16a33d5
2022-10-14 14:33:50,222 [EventQueue-PipelineReportForPipelineReportHandler] INFO  pipeline.PipelineManagerImpl (PipelineManagerImpl.java:openPipeline(367)) - Pipeline Pipeline[ Id: 39f4c4af-6088-4735-8f72-b7f0b16a33d5, Nodes: 5c29832d-acaf-4236-b352-735ef8095d77{ip: 127.0.0.1, host: localhost, ports: [REPLICATION=44453, RATIS=37445, RATIS_ADMIN=37445, RATIS_SERVER=37445, STANDALONE=32943], networkLocation: /default-rack, certSerialId: null, persistedOpState: IN_SERVICE, persistedOpStateExpiryEpochSec: 0}, ReplicationConfig: RATIS/ONE, State:ALLOCATED, leaderId:5c29832d-acaf-4236-b352-735ef8095d77, CreationTimestamp2022-10-14T14:33:47.224Z[Etc/UTC]] moved to OPEN state
2022-10-14 14:33:50,221 [EventQueue-PipelineReportForPipelineReportHandler] INFO  pipeline.PipelineManagerImpl (PipelineManagerImpl.java:openPipeline(367)) - Pipeline Pipeline[ Id: 39f4c4af-6088-4735-8f72-b7f0b16a33d5, Nodes: 5c29832d-acaf-4236-b352-735ef8095d77{ip: 127.0.0.1, host: localhost, ports: [REPLICATION=44453, RATIS=37445, RATIS_ADMIN=37445, RATIS_SERVER=37445, STANDALONE=32943], networkLocation: /default-rack, certSerialId: null, persistedOpState: IN_SERVICE, persistedOpStateExpiryEpochSec: 0}, ReplicationConfig: RATIS/ONE, State:ALLOCATED, leaderId:5c29832d-acaf-4236-b352-735ef8095d77, CreationTimestamp2022-10-14T14:33:47.224Z[Etc/UTC]] moved to OPEN state
2022-10-14 14:33:50,223 [pool-215-thread-1] INFO  server.RaftServerConfigKeys (ConfUtils.java:logGet(46)) - raft.server.log.queue.byte-limit = 4294967296 (custom)
2022-10-14 14:33:50,224 [pool-215-thread-1] INFO  server.RaftServerConfigKeys (ConfUtils.java:logGet(46)) - raft.server.log.queue.element-limit = 1024 (custom)
2022-10-14 14:33:50,224 [pool-215-thread-1] INFO  server.RaftServerConfigKeys (ConfUtils.java:logGet(46)) - raft.server.log.segment.size.max = 1048576 (custom)
2022-10-14 14:33:50,224 [pool-215-thread-1] INFO  server.RaftServerConfigKeys (ConfUtils.java:logGet(46)) - raft.server.log.preallocated.size = 16384 (custom)
2022-10-14 14:33:50,224 [pool-215-thread-1] INFO  server.RaftServerConfigKeys (ConfUtils.java:logGet(46)) - raft.server.log.force.sync.num = 128 (default)
2022-10-14 14:33:50,224 [pool-215-thread-1] INFO  server.RaftServerConfigKeys (ConfUtils.java:logGet(46)) - raft.server.log.statemachine.data.sync = true (default)
2022-10-14 14:33:50,225 [pool-215-thread-1] INFO  server.RaftServerConfigKeys (ConfUtils.java:logGet(46)) - raft.server.log.statemachine.data.sync.timeout = 10s (default)
2022-10-14 14:33:50,225 [pool-215-thread-1] INFO  server.RaftServerConfigKeys (ConfUtils.java:logGet(46)) - raft.server.log.statemachine.data.sync.timeout.retry = -1 (default)
2022-10-14 14:33:50,221 [EventQueue-PipelineReportForPipelineReportHandler] INFO  pipeline.PipelineManagerImpl (PipelineManagerImpl.java:openPipeline(367)) - Pipeline Pipeline[ Id: 39f4c4af-6088-4735-8f72-b7f0b16a33d5, Nodes: 5c29832d-acaf-4236-b352-735ef8095d77{ip: 127.0.0.1, host: localhost, ports: [REPLICATION=44453, RATIS=37445, RATIS_ADMIN=37445, RATIS_SERVER=37445, STANDALONE=32943], networkLocation: /default-rack, certSerialId: null, persistedOpState: IN_SERVICE, persistedOpStateExpiryEpochSec: 0}, ReplicationConfig: RATIS/ONE, State:ALLOCATED, leaderId:5c29832d-acaf-4236-b352-735ef8095d77, CreationTimestamp2022-10-14T14:33:47.224Z[Etc/UTC]] moved to OPEN state
2022-10-14 14:33:50,227 [pool-215-thread-1] INFO  server.RaftServerConfigKeys (ConfUtils.java:logGet(46)) - raft.server.log.write.buffer.size = 1048576 (custom)
2022-10-14 14:33:50,228 [pool-215-thread-1] INFO  server.RaftServerConfigKeys (ConfUtils.java:logGet(46)) - raft.server.log.unsafe-flush.enabled = false (default)
2022-10-14 14:33:50,228 [pool-215-thread-1] INFO  server.RaftServerConfigKeys (ConfUtils.java:logGet(46)) - raft.server.log.statemachine.data.caching.enabled = true (custom)
2022-10-14 14:33:50,228 [pool-215-thread-1] INFO  segmented.SegmentedRaftLogWorker (SegmentedRaftLogWorker.java:lambda$new$0(135)) - 5c29832d-acaf-4236-b352-735ef8095d77@group-B7F0B16A33D5-SegmentedRaftLogWorker: flushIndex: setUnconditionally 0 -> -1
2022-10-14 14:33:50,228 [pool-215-thread-1] INFO  segmented.SegmentedRaftLogWorker (SegmentedRaftLogWorker.java:lambda$new$0(135)) - 5c29832d-acaf-4236-b352-735ef8095d77@group-B7F0B16A33D5-SegmentedRaftLogWorker: safeCacheEvictIndex: setUnconditionally 0 -> -1
2022-10-14 14:33:50,232 [pool-215-thread-1] INFO  server.RaftServerConfigKeys (ConfUtils.java:logGet(46)) - raft.server.snapshot.auto.trigger.enabled = true (custom)
2022-10-14 14:33:50,232 [pool-215-thread-1] INFO  server.RaftServerConfigKeys (ConfUtils.java:logGet(46)) - raft.server.snapshot.auto.trigger.threshold = 10000 (custom)
2022-10-14 14:33:50,232 [pool-215-thread-1] INFO  server.RaftServerConfigKeys (ConfUtils.java:logGet(46)) - raft.server.snapshot.retention.file.num = 5 (custom)
2022-10-14 14:33:50,232 [pool-215-thread-1] INFO  server.RaftServerConfigKeys (ConfUtils.java:logGet(46)) - raft.server.log.purge.upto.snapshot.index = false (default)
2022-10-14 14:33:50,235 [da235ff1-af49-4bd4-8bce-f7819ff62f3f@group-79A83AF4AB20-StateMachineUpdater] INFO  safemode.HealthyPipelineSafeModeRule (HealthyPipelineSafeModeRule.java:initializeRule(165)) - Refreshed total pipeline count is 0, healthy pipeline threshold count is 1
2022-10-14 14:33:50,237 [EventQueue-OpenPipelineForHealthyPipelineSafeModeRule] INFO  safemode.SCMSafeModeManager (HealthyPipelineSafeModeRule.java:process(137)) - SCM in safe mode. Healthy pipelines reported count is 0, required healthy pipeline reported count is 1
2022-10-14 14:33:50,239 [pool-215-thread-1] INFO  server.RaftServerConfigKeys (ConfUtils.java:logGet(46)) - raft.server.retrycache.expirytime = 600000ms (custom)
2022-10-14 14:33:50,239 [pool-215-thread-1] INFO  server.RaftServerConfigKeys (ConfUtils.java:logGet(46)) - raft.server.retrycache.statistics.expirytime = 100μs (default)
2022-10-14 14:33:50,240 [pool-215-thread-1] INFO  server.RaftServerConfigKeys (ConfUtils.java:logGet(46)) - raft.server.log.appender.install.snapshot.enabled = false (custom)
2022-10-14 14:33:50,240 [pool-215-thread-1] INFO  server.RaftServerConfigKeys (ConfUtils.java:logGet(46)) - raft.server.threadpool.server.cached = true (default)
2022-10-14 14:33:50,241 [pool-215-thread-1] INFO  server.RaftServerConfigKeys (ConfUtils.java:logGet(46)) - raft.server.threadpool.server.size = 0 (default)
2022-10-14 14:33:50,241 [pool-215-thread-1] INFO  server.RaftServerConfigKeys (ConfUtils.java:logGet(46)) - raft.server.threadpool.client.cached = true (default)
2022-10-14 14:33:50,241 [pool-215-thread-1] INFO  server.RaftServerConfigKeys (ConfUtils.java:logGet(46)) - raft.server.threadpool.client.size = 0 (default)
2022-10-14 14:33:50,241 [pool-215-thread-1] INFO  server.RaftServer$Division (RaftServerImpl.java:start(310)) - 5c29832d-acaf-4236-b352-735ef8095d77@group-B7F0B16A33D5: start as a follower, conf=-1: [5c29832d-acaf-4236-b352-735ef8095d77|rpc:127.0.0.1:37445|priority:1], old=null
2022-10-14 14:33:50,241 [pool-215-thread-1] INFO  server.RaftServer$Division (RaftServerImpl.java:setRole(299)) - 5c29832d-acaf-4236-b352-735ef8095d77@group-B7F0B16A33D5: changes role from      null to FOLLOWER at term 0 for startAsFollower
2022-10-14 14:33:50,242 [pool-215-thread-1] INFO  impl.RoleInfo (RoleInfo.java:updateAndGet(139)) - 5c29832d-acaf-4236-b352-735ef8095d77: start 5c29832d-acaf-4236-b352-735ef8095d77@group-B7F0B16A33D5-FollowerState
2022-10-14 14:33:50,242 [c70ee520-a26f-4925-a0d6-13999223b64a@group-79A83AF4AB20-StateMachineUpdater] INFO  safemode.HealthyPipelineSafeModeRule (HealthyPipelineSafeModeRule.java:initializeRule(165)) - Refreshed total pipeline count is 0, healthy pipeline threshold count is 1
2022-10-14 14:33:50,243 [pool-215-thread-1] INFO  util.JmxRegister (JmxRegister.java:tryRegister(44)) - Successfully registered JMX Bean with object name Ratis:service=RaftServer,group=group-B7F0B16A33D5,id=5c29832d-acaf-4236-b352-735ef8095d77
2022-10-14 14:33:50,244 [022a1120-d2e9-40a2-a00d-16a3e5b1f5eb@group-79A83AF4AB20-StateMachineUpdater] INFO  safemode.HealthyPipelineSafeModeRule (HealthyPipelineSafeModeRule.java:initializeRule(165)) - Refreshed total pipeline count is 0, healthy pipeline threshold count is 1
2022-10-14 14:33:50,246 [Command processor thread] INFO  ratis.XceiverServerRatis (XceiverServerRatis.java:addGroup(765)) - Created group PipelineID=39f4c4af-6088-4735-8f72-b7f0b16a33d5
2022-10-14 14:33:50,246 [Command processor thread] INFO  commandhandler.CreatePipelineCommandHandler (CreatePipelineCommandHandler.java:handle(113)) - Created Pipeline RATIS ONE PipelineID=39f4c4af-6088-4735-8f72-b7f0b16a33d5.
2022-10-14 14:33:50,594 [Command processor thread] INFO  server.RaftServer (RaftServerProxy.java:addNew(96)) - 8c401b7e-dd35-4342-9d84-0aada9f9613c: addNew group-D4D3C4241BF8:[8c401b7e-dd35-4342-9d84-0aada9f9613c|rpc:127.0.0.1:46747|priority:1] returns group-D4D3C4241BF8:java.util.concurrent.CompletableFuture@2fddf566[Not completed]
2022-10-14 14:33:50,596 [pool-240-thread-1] INFO  server.RaftServer$Division (RaftServerImpl.java:<init>(190)) - 8c401b7e-dd35-4342-9d84-0aada9f9613c: new RaftServerImpl for group-D4D3C4241BF8:[8c401b7e-dd35-4342-9d84-0aada9f9613c|rpc:127.0.0.1:46747|priority:1] with ContainerStateMachine:uninitialized
2022-10-14 14:33:50,596 [pool-240-thread-1] INFO  server.RaftServerConfigKeys (ConfUtils.java:logGet(46)) - raft.server.rpc.timeout.min = 5s (custom)
2022-10-14 14:33:50,596 [pool-240-thread-1] INFO  server.RaftServerConfigKeys (ConfUtils.java:logGet(46)) - raft.server.rpc.timeout.max = 5200ms (custom)
2022-10-14 14:33:50,596 [pool-240-thread-1] INFO  server.RaftServerConfigKeys (ConfUtils.java:logGet(46)) - raft.server.rpc.sleep.time = 25ms (default)
2022-10-14 14:33:50,596 [pool-240-thread-1] INFO  server.RaftServerConfigKeys (ConfUtils.java:logGet(46)) - raft.server.rpc.slowness.timeout = 300s (custom)
2022-10-14 14:33:50,596 [pool-240-thread-1] INFO  server.RaftServerConfigKeys (ConfUtils.java:logGet(46)) - raft.server.leaderelection.leader.step-down.wait-time = 10s (default)
2022-10-14 14:33:50,596 [pool-240-thread-1] INFO  server.RaftServerConfigKeys (ConfUtils.java:logGet(46)) - raft.server.sleep.deviation.threshold = 300ms (default)
2022-10-14 14:33:50,596 [pool-240-thread-1] INFO  server.RaftServer$Division (ServerState.java:<init>(107)) - 8c401b7e-dd35-4342-9d84-0aada9f9613c@group-D4D3C4241BF8: ConfigurationManager, init=-1: [8c401b7e-dd35-4342-9d84-0aada9f9613c|rpc:127.0.0.1:46747|priority:1], old=null, confs=<EMPTY_MAP>
2022-10-14 14:33:50,597 [pool-240-thread-1] INFO  server.RaftServerConfigKeys (ConfUtils.java:logGet(46)) - raft.server.storage.dir = [/home/runner/work/ozone/ozone/hadoop-ozone/integration-test/target/test-dir/MiniOzoneClusterImpl-d3474758-561c-4776-8c9d-79a83af4ab20/datanode-2/data/ratis] (custom)
2022-10-14 14:33:50,597 [pool-240-thread-1] INFO  server.RaftServerConfigKeys (ConfUtils.java:logGet(46)) - raft.server.log.corruption.policy = EXCEPTION (default)
2022-10-14 14:33:50,597 [pool-240-thread-1] INFO  server.RaftServerConfigKeys (ConfUtils.java:logGet(46)) - raft.server.storage.free-space.min = 0MB (=0) (default)
2022-10-14 14:33:50,597 [pool-240-thread-1] INFO  storage.RaftStorageDirectory (RaftStorageDirectoryImpl.java:analyzeStorage(135)) - The storage directory /home/runner/work/ozone/ozone/hadoop-ozone/integration-test/target/test-dir/MiniOzoneClusterImpl-d3474758-561c-4776-8c9d-79a83af4ab20/datanode-2/data/ratis/0b00a526-45a9-4a6d-8555-d4d3c4241bf8 does not exist. Creating ...
2022-10-14 14:33:50,599 [pool-240-thread-1] INFO  storage.RaftStorageDirectory (RaftStorageDirectoryImpl.java:tryLock(230)) - Lock on /home/runner/work/ozone/ozone/hadoop-ozone/integration-test/target/test-dir/MiniOzoneClusterImpl-d3474758-561c-4776-8c9d-79a83af4ab20/datanode-2/data/ratis/0b00a526-45a9-4a6d-8555-d4d3c4241bf8/in_use.lock acquired by nodename 2882@fv-az318-86
2022-10-14 14:33:50,600 [Listener at 127.0.0.1/41295] INFO  ozone.MiniOzoneClusterImpl (MiniOzoneClusterImpl.java:lambda$waitForClusterToBeReady$0(216)) - Nodes are ready. Got 3 of 3 DN Heartbeats.
2022-10-14 14:33:50,600 [Listener at 127.0.0.1/41295] INFO  ozone.MiniOzoneClusterImpl (MiniOzoneClusterImpl.java:lambda$waitForClusterToBeReady$0(219)) - Waiting for cluster to exit safe mode
2022-10-14 14:33:50,600 [Listener at 127.0.0.1/41295] INFO  ozone.MiniOzoneClusterImpl (MiniOzoneClusterImpl.java:lambda$waitForClusterToBeReady$0(221)) - SCM became leader
2022-10-14 14:33:50,601 [pool-240-thread-1] INFO  storage.RaftStorage (RaftStorageImpl.java:format(89)) - Storage directory /home/runner/work/ozone/ozone/hadoop-ozone/integration-test/target/test-dir/MiniOzoneClusterImpl-d3474758-561c-4776-8c9d-79a83af4ab20/datanode-2/data/ratis/0b00a526-45a9-4a6d-8555-d4d3c4241bf8 has been successfully formatted.
2022-10-14 14:33:50,601 [pool-240-thread-1] INFO  ratis.ContainerStateMachine (ContainerStateMachine.java:loadSnapshot(236)) - group-D4D3C4241BF8: The snapshot info is null. Setting the last applied indexto:(t:0, i:~)
2022-10-14 14:33:50,601 [pool-240-thread-1] INFO  server.RaftServerConfigKeys (ConfUtils.java:logGet(46)) - raft.server.notification.no-leader.timeout = 300s (custom)
2022-10-14 14:33:50,601 [pool-240-thread-1] INFO  server.RaftServerConfigKeys (ConfUtils.java:logGet(46)) - raft.server.log.use.memory = false (default)
2022-10-14 14:33:50,601 [pool-240-thread-1] INFO  server.RaftServerConfigKeys (ConfUtils.java:logGet(46)) - raft.server.log.purge.gap = 1000000 (custom)
2022-10-14 14:33:50,601 [pool-240-thread-1] INFO  server.RaftServerConfigKeys (ConfUtils.java:logGet(46)) - raft.server.log.appender.buffer.byte-limit = 33554432 (custom)
2022-10-14 14:33:50,601 [pool-240-thread-1] INFO  server.RaftServerConfigKeys (ConfUtils.java:logGet(46)) - raft.server.log.statemachine.data.read.timeout = 1000ms (default)
2022-10-14 14:33:50,602 [pool-240-thread-1] INFO  server.RaftServerConfigKeys (ConfUtils.java:logGet(46)) - raft.server.log.segment.size.max = 1048576 (custom)
2022-10-14 14:33:50,602 [pool-240-thread-1] INFO  server.RaftServerConfigKeys (ConfUtils.java:logGet(46)) - raft.server.log.segment.cache.num.max = 2 (custom)
2022-10-14 14:33:50,602 [pool-240-thread-1] INFO  server.RaftServerConfigKeys (ConfUtils.java:logGet(46)) - raft.server.log.segment.cache.size.max = 200MB (=209715200) (default)
2022-10-14 14:33:50,602 [pool-240-thread-1] INFO  segmented.SegmentedRaftLogWorker (SegmentedRaftLogWorker.java:<init>(187)) - new 8c401b7e-dd35-4342-9d84-0aada9f9613c@group-D4D3C4241BF8-SegmentedRaftLogWorker for RaftStorageImpl:Storage Directory /home/runner/work/ozone/ozone/hadoop-ozone/integration-test/target/test-dir/MiniOzoneClusterImpl-d3474758-561c-4776-8c9d-79a83af4ab20/datanode-2/data/ratis/0b00a526-45a9-4a6d-8555-d4d3c4241bf8
2022-10-14 14:33:50,603 [pool-240-thread-1] INFO  server.RaftServerConfigKeys (ConfUtils.java:logGet(46)) - raft.server.log.queue.byte-limit = 4294967296 (custom)
2022-10-14 14:33:50,603 [pool-240-thread-1] INFO  server.RaftServerConfigKeys (ConfUtils.java:logGet(46)) - raft.server.log.queue.element-limit = 1024 (custom)
2022-10-14 14:33:50,603 [pool-240-thread-1] INFO  server.RaftServerConfigKeys (ConfUtils.java:logGet(46)) - raft.server.log.segment.size.max = 1048576 (custom)
2022-10-14 14:33:50,603 [pool-240-thread-1] INFO  server.RaftServerConfigKeys (ConfUtils.java:logGet(46)) - raft.server.log.preallocated.size = 16384 (custom)
2022-10-14 14:33:50,603 [pool-240-thread-1] INFO  server.RaftServerConfigKeys (ConfUtils.java:logGet(46)) - raft.server.log.force.sync.num = 128 (default)
2022-10-14 14:33:50,603 [pool-240-thread-1] INFO  server.RaftServerConfigKeys (ConfUtils.java:logGet(46)) - raft.server.log.statemachine.data.sync = true (default)
2022-10-14 14:33:50,603 [pool-240-thread-1] INFO  server.RaftServerConfigKeys (ConfUtils.java:logGet(46)) - raft.server.log.statemachine.data.sync.timeout = 10s (default)
2022-10-14 14:33:50,603 [pool-240-thread-1] INFO  server.RaftServerConfigKeys (ConfUtils.java:logGet(46)) - raft.server.log.statemachine.data.sync.timeout.retry = -1 (default)
2022-10-14 14:33:50,603 [EventQueue-PipelineReportForPipelineReportHandler] INFO  pipeline.PipelineManagerImpl (PipelineManagerImpl.java:openPipeline(367)) - Pipeline Pipeline[ Id: 0b00a526-45a9-4a6d-8555-d4d3c4241bf8, Nodes: 8c401b7e-dd35-4342-9d84-0aada9f9613c{ip: 127.0.0.1, host: localhost, ports: [REPLICATION=36579, RATIS=46747, RATIS_ADMIN=46747, RATIS_SERVER=46747, STANDALONE=34657], networkLocation: /default-rack, certSerialId: null, persistedOpState: IN_SERVICE, persistedOpStateExpiryEpochSec: 0}, ReplicationConfig: RATIS/ONE, State:ALLOCATED, leaderId:8c401b7e-dd35-4342-9d84-0aada9f9613c, CreationTimestamp2022-10-14T14:33:47.602Z[Etc/UTC]] moved to OPEN state
2022-10-14 14:33:50,606 [EventQueue-PipelineReportForPipelineReportHandler] INFO  pipeline.PipelineManagerImpl (PipelineManagerImpl.java:openPipeline(367)) - Pipeline Pipeline[ Id: 0b00a526-45a9-4a6d-8555-d4d3c4241bf8, Nodes: 8c401b7e-dd35-4342-9d84-0aada9f9613c{ip: 127.0.0.1, host: localhost, ports: [REPLICATION=36579, RATIS=46747, RATIS_ADMIN=46747, RATIS_SERVER=46747, STANDALONE=34657], networkLocation: /default-rack, certSerialId: null, persistedOpState: IN_SERVICE, persistedOpStateExpiryEpochSec: 0}, ReplicationConfig: RATIS/ONE, State:ALLOCATED, leaderId:8c401b7e-dd35-4342-9d84-0aada9f9613c, CreationTimestamp2022-10-14T14:33:47.602Z[Etc/UTC]] moved to OPEN state
2022-10-14 14:33:50,607 [EventQueue-PipelineReportForPipelineReportHandler] INFO  pipeline.PipelineManagerImpl (PipelineManagerImpl.java:openPipeline(367)) - Pipeline Pipeline[ Id: 0b00a526-45a9-4a6d-8555-d4d3c4241bf8, Nodes: 8c401b7e-dd35-4342-9d84-0aada9f9613c{ip: 127.0.0.1, host: localhost, ports: [REPLICATION=36579, RATIS=46747, RATIS_ADMIN=46747, RATIS_SERVER=46747, STANDALONE=34657], networkLocation: /default-rack, certSerialId: null, persistedOpState: IN_SERVICE, persistedOpStateExpiryEpochSec: 0}, ReplicationConfig: RATIS/ONE, State:ALLOCATED, leaderId:8c401b7e-dd35-4342-9d84-0aada9f9613c, CreationTimestamp2022-10-14T14:33:47.602Z[Etc/UTC]] moved to OPEN state
2022-10-14 14:33:50,611 [pool-240-thread-1] INFO  server.RaftServerConfigKeys (ConfUtils.java:logGet(46)) - raft.server.log.write.buffer.size = 1048576 (custom)
2022-10-14 14:33:50,612 [pool-240-thread-1] INFO  server.RaftServerConfigKeys (ConfUtils.java:logGet(46)) - raft.server.log.unsafe-flush.enabled = false (default)
2022-10-14 14:33:50,612 [pool-240-thread-1] INFO  server.RaftServerConfigKeys (ConfUtils.java:logGet(46)) - raft.server.log.statemachine.data.caching.enabled = true (custom)
2022-10-14 14:33:50,612 [pool-240-thread-1] INFO  segmented.SegmentedRaftLogWorker (SegmentedRaftLogWorker.java:lambda$new$0(135)) - 8c401b7e-dd35-4342-9d84-0aada9f9613c@group-D4D3C4241BF8-SegmentedRaftLogWorker: flushIndex: setUnconditionally 0 -> -1
2022-10-14 14:33:50,612 [pool-240-thread-1] INFO  segmented.SegmentedRaftLogWorker (SegmentedRaftLogWorker.java:lambda$new$0(135)) - 8c401b7e-dd35-4342-9d84-0aada9f9613c@group-D4D3C4241BF8-SegmentedRaftLogWorker: safeCacheEvictIndex: setUnconditionally 0 -> -1
2022-10-14 14:33:50,615 [da235ff1-af49-4bd4-8bce-f7819ff62f3f@group-79A83AF4AB20-StateMachineUpdater] INFO  safemode.HealthyPipelineSafeModeRule (HealthyPipelineSafeModeRule.java:initializeRule(165)) - Refreshed total pipeline count is 0, healthy pipeline threshold count is 1
2022-10-14 14:33:50,616 [EventQueue-OpenPipelineForHealthyPipelineSafeModeRule] INFO  safemode.SCMSafeModeManager (HealthyPipelineSafeModeRule.java:process(137)) - SCM in safe mode. Healthy pipelines reported count is 0, required healthy pipeline reported count is 1
2022-10-14 14:33:50,616 [pool-240-thread-1] INFO  server.RaftServerConfigKeys (ConfUtils.java:logGet(46)) - raft.server.snapshot.auto.trigger.enabled = true (custom)
2022-10-14 14:33:50,616 [pool-240-thread-1] INFO  server.RaftServerConfigKeys (ConfUtils.java:logGet(46)) - raft.server.snapshot.auto.trigger.threshold = 10000 (custom)
2022-10-14 14:33:50,616 [pool-240-thread-1] INFO  server.RaftServerConfigKeys (ConfUtils.java:logGet(46)) - raft.server.snapshot.retention.file.num = 5 (custom)
2022-10-14 14:33:50,617 [pool-240-thread-1] INFO  server.RaftServerConfigKeys (ConfUtils.java:logGet(46)) - raft.server.log.purge.upto.snapshot.index = false (default)
2022-10-14 14:33:50,618 [pool-240-thread-1] INFO  server.RaftServerConfigKeys (ConfUtils.java:logGet(46)) - raft.server.retrycache.expirytime = 600000ms (custom)
2022-10-14 14:33:50,618 [pool-240-thread-1] INFO  server.RaftServerConfigKeys (ConfUtils.java:logGet(46)) - raft.server.retrycache.statistics.expirytime = 100μs (default)
2022-10-14 14:33:50,620 [022a1120-d2e9-40a2-a00d-16a3e5b1f5eb@group-79A83AF4AB20-StateMachineUpdater] INFO  safemode.HealthyPipelineSafeModeRule (HealthyPipelineSafeModeRule.java:initializeRule(165)) - Refreshed total pipeline count is 0, healthy pipeline threshold count is 1
2022-10-14 14:33:50,621 [c70ee520-a26f-4925-a0d6-13999223b64a@group-79A83AF4AB20-StateMachineUpdater] INFO  safemode.HealthyPipelineSafeModeRule (HealthyPipelineSafeModeRule.java:initializeRule(165)) - Refreshed total pipeline count is 0, healthy pipeline threshold count is 1
2022-10-14 14:33:50,621 [pool-240-thread-1] INFO  server.RaftServerConfigKeys (ConfUtils.java:logGet(46)) - raft.server.log.appender.install.snapshot.enabled = false (custom)
2022-10-14 14:33:50,621 [pool-240-thread-1] INFO  server.RaftServerConfigKeys (ConfUtils.java:logGet(46)) - raft.server.threadpool.server.cached = true (default)
2022-10-14 14:33:50,621 [pool-240-thread-1] INFO  server.RaftServerConfigKeys (ConfUtils.java:logGet(46)) - raft.server.threadpool.server.size = 0 (default)
2022-10-14 14:33:50,621 [pool-240-thread-1] INFO  server.RaftServerConfigKeys (ConfUtils.java:logGet(46)) - raft.server.threadpool.client.cached = true (default)
2022-10-14 14:33:50,621 [pool-240-thread-1] INFO  server.RaftServerConfigKeys (ConfUtils.java:logGet(46)) - raft.server.threadpool.client.size = 0 (default)
2022-10-14 14:33:50,621 [pool-240-thread-1] INFO  server.RaftServer$Division (RaftServerImpl.java:start(310)) - 8c401b7e-dd35-4342-9d84-0aada9f9613c@group-D4D3C4241BF8: start as a follower, conf=-1: [8c401b7e-dd35-4342-9d84-0aada9f9613c|rpc:127.0.0.1:46747|priority:1], old=null
2022-10-14 14:33:50,621 [pool-240-thread-1] INFO  server.RaftServer$Division (RaftServerImpl.java:setRole(299)) - 8c401b7e-dd35-4342-9d84-0aada9f9613c@group-D4D3C4241BF8: changes role from      null to FOLLOWER at term 0 for startAsFollower
2022-10-14 14:33:50,622 [pool-240-thread-1] INFO  impl.RoleInfo (RoleInfo.java:updateAndGet(139)) - 8c401b7e-dd35-4342-9d84-0aada9f9613c: start 8c401b7e-dd35-4342-9d84-0aada9f9613c@group-D4D3C4241BF8-FollowerState
2022-10-14 14:33:50,627 [pool-240-thread-1] INFO  util.JmxRegister (JmxRegister.java:tryRegister(44)) - Successfully registered JMX Bean with object name Ratis:service=RaftServer,group=group-D4D3C4241BF8,id=8c401b7e-dd35-4342-9d84-0aada9f9613c
2022-10-14 14:33:50,628 [Command processor thread] INFO  ratis.XceiverServerRatis (XceiverServerRatis.java:addGroup(765)) - Created group PipelineID=0b00a526-45a9-4a6d-8555-d4d3c4241bf8
2022-10-14 14:33:50,628 [Command processor thread] INFO  commandhandler.CreatePipelineCommandHandler (CreatePipelineCommandHandler.java:handle(113)) - Created Pipeline RATIS ONE PipelineID=0b00a526-45a9-4a6d-8555-d4d3c4241bf8.
2022-10-14 14:33:51,601 [Listener at 127.0.0.1/41295] INFO  ozone.MiniOzoneClusterImpl (MiniOzoneClusterImpl.java:lambda$waitForClusterToBeReady$0(216)) - Nodes are ready. Got 3 of 3 DN Heartbeats.
2022-10-14 14:33:51,601 [Listener at 127.0.0.1/41295] INFO  ozone.MiniOzoneClusterImpl (MiniOzoneClusterImpl.java:lambda$waitForClusterToBeReady$0(219)) - Waiting for cluster to exit safe mode
2022-10-14 14:33:51,601 [Listener at 127.0.0.1/41295] INFO  ozone.MiniOzoneClusterImpl (MiniOzoneClusterImpl.java:lambda$waitForClusterToBeReady$0(221)) - SCM became leader
2022-10-14 14:33:52,601 [Listener at 127.0.0.1/41295] INFO  ozone.MiniOzoneClusterImpl (MiniOzoneClusterImpl.java:lambda$waitForClusterToBeReady$0(216)) - Nodes are ready. Got 3 of 3 DN Heartbeats.
2022-10-14 14:33:52,601 [Listener at 127.0.0.1/41295] INFO  ozone.MiniOzoneClusterImpl (MiniOzoneClusterImpl.java:lambda$waitForClusterToBeReady$0(219)) - Waiting for cluster to exit safe mode
2022-10-14 14:33:52,602 [Listener at 127.0.0.1/41295] INFO  ozone.MiniOzoneClusterImpl (MiniOzoneClusterImpl.java:lambda$waitForClusterToBeReady$0(221)) - SCM became leader
2022-10-14 14:33:53,602 [Listener at 127.0.0.1/41295] INFO  ozone.MiniOzoneClusterImpl (MiniOzoneClusterImpl.java:lambda$waitForClusterToBeReady$0(216)) - Nodes are ready. Got 3 of 3 DN Heartbeats.
2022-10-14 14:33:53,602 [Listener at 127.0.0.1/41295] INFO  ozone.MiniOzoneClusterImpl (MiniOzoneClusterImpl.java:lambda$waitForClusterToBeReady$0(219)) - Waiting for cluster to exit safe mode
2022-10-14 14:33:53,602 [Listener at 127.0.0.1/41295] INFO  ozone.MiniOzoneClusterImpl (MiniOzoneClusterImpl.java:lambda$waitForClusterToBeReady$0(221)) - SCM became leader
2022-10-14 14:33:54,603 [Listener at 127.0.0.1/41295] INFO  ozone.MiniOzoneClusterImpl (MiniOzoneClusterImpl.java:lambda$waitForClusterToBeReady$0(216)) - Nodes are ready. Got 3 of 3 DN Heartbeats.
2022-10-14 14:33:54,603 [Listener at 127.0.0.1/41295] INFO  ozone.MiniOzoneClusterImpl (MiniOzoneClusterImpl.java:lambda$waitForClusterToBeReady$0(219)) - Waiting for cluster to exit safe mode
2022-10-14 14:33:54,603 [Listener at 127.0.0.1/41295] INFO  ozone.MiniOzoneClusterImpl (MiniOzoneClusterImpl.java:lambda$waitForClusterToBeReady$0(221)) - SCM became leader
2022-10-14 14:33:54,857 [fe4e0b1e-d8f6-493e-bd46-2984bf01a4b8@group-B1C50714663F-FollowerState] INFO  impl.FollowerState (FollowerState.java:run(143)) - fe4e0b1e-d8f6-493e-bd46-2984bf01a4b8@group-B1C50714663F-FollowerState: change to CANDIDATE, lastRpcElapsedTime:5023738031ns, electionTimeout:5019ms
2022-10-14 14:33:54,857 [fe4e0b1e-d8f6-493e-bd46-2984bf01a4b8@group-B1C50714663F-FollowerState] INFO  impl.RoleInfo (RoleInfo.java:shutdownFollowerState(110)) - fe4e0b1e-d8f6-493e-bd46-2984bf01a4b8: shutdown fe4e0b1e-d8f6-493e-bd46-2984bf01a4b8@group-B1C50714663F-FollowerState
2022-10-14 14:33:54,857 [fe4e0b1e-d8f6-493e-bd46-2984bf01a4b8@group-B1C50714663F-FollowerState] INFO  server.RaftServer$Division (RaftServerImpl.java:setRole(299)) - fe4e0b1e-d8f6-493e-bd46-2984bf01a4b8@group-B1C50714663F: changes role from  FOLLOWER to CANDIDATE at term 0 for changeToCandidate
2022-10-14 14:33:54,857 [fe4e0b1e-d8f6-493e-bd46-2984bf01a4b8@group-B1C50714663F-FollowerState] INFO  server.RaftServerConfigKeys (ConfUtils.java:logGet(46)) - raft.server.leaderelection.pre-vote = false (custom)
2022-10-14 14:33:54,857 [fe4e0b1e-d8f6-493e-bd46-2984bf01a4b8@group-B1C50714663F-FollowerState] INFO  impl.RoleInfo (RoleInfo.java:updateAndGet(139)) - fe4e0b1e-d8f6-493e-bd46-2984bf01a4b8: start fe4e0b1e-d8f6-493e-bd46-2984bf01a4b8@group-B1C50714663F-LeaderElection9
2022-10-14 14:33:54,863 [fe4e0b1e-d8f6-493e-bd46-2984bf01a4b8@group-B1C50714663F-LeaderElection9] INFO  impl.LeaderElection (LeaderElection.java:askForVotes(310)) - fe4e0b1e-d8f6-493e-bd46-2984bf01a4b8@group-B1C50714663F-LeaderElection9 ELECTION round 0: submit vote requests at term 1 for -1: [fe4e0b1e-d8f6-493e-bd46-2984bf01a4b8|rpc:127.0.0.1:42555|priority:1], old=null
2022-10-14 14:33:54,863 [fe4e0b1e-d8f6-493e-bd46-2984bf01a4b8@group-B1C50714663F-LeaderElection9] INFO  impl.LeaderElection (LeaderElection.java:askForVotes(312)) - fe4e0b1e-d8f6-493e-bd46-2984bf01a4b8@group-B1C50714663F-LeaderElection9 ELECTION round 0: result PASSED (term=1)
2022-10-14 14:33:54,863 [fe4e0b1e-d8f6-493e-bd46-2984bf01a4b8@group-B1C50714663F-LeaderElection9] INFO  impl.RoleInfo (RoleInfo.java:shutdownLeaderElection(130)) - fe4e0b1e-d8f6-493e-bd46-2984bf01a4b8: shutdown fe4e0b1e-d8f6-493e-bd46-2984bf01a4b8@group-B1C50714663F-LeaderElection9
2022-10-14 14:33:54,863 [fe4e0b1e-d8f6-493e-bd46-2984bf01a4b8@group-B1C50714663F-LeaderElection9] INFO  server.RaftServer$Division (RaftServerImpl.java:setRole(299)) - fe4e0b1e-d8f6-493e-bd46-2984bf01a4b8@group-B1C50714663F: changes role from CANDIDATE to LEADER at term 1 for changeToLeader
2022-10-14 14:33:54,863 [fe4e0b1e-d8f6-493e-bd46-2984bf01a4b8@group-B1C50714663F-LeaderElection9] INFO  ratis.XceiverServerRatis (XceiverServerRatis.java:handleLeaderChangedNotification(863)) - Leader change notification received for group: group-B1C50714663F with new leaderId: fe4e0b1e-d8f6-493e-bd46-2984bf01a4b8
2022-10-14 14:33:54,864 [fe4e0b1e-d8f6-493e-bd46-2984bf01a4b8@group-B1C50714663F-LeaderElection9] INFO  server.RaftServer$Division (ServerState.java:setLeader(287)) - fe4e0b1e-d8f6-493e-bd46-2984bf01a4b8@group-B1C50714663F: change Leader from null to fe4e0b1e-d8f6-493e-bd46-2984bf01a4b8 at term 1 for becomeLeader, leader elected after 5035ms
2022-10-14 14:33:54,864 [fe4e0b1e-d8f6-493e-bd46-2984bf01a4b8@group-B1C50714663F-LeaderElection9] INFO  server.RaftServerConfigKeys (ConfUtils.java:logGet(46)) - raft.server.staging.catchup.gap = 1000 (default)
2022-10-14 14:33:54,864 [fe4e0b1e-d8f6-493e-bd46-2984bf01a4b8@group-B1C50714663F-LeaderElection9] INFO  server.RaftServerConfigKeys (ConfUtils.java:logGet(46)) - raft.server.write.element-limit = 1024 (custom)
2022-10-14 14:33:54,864 [fe4e0b1e-d8f6-493e-bd46-2984bf01a4b8@group-B1C50714663F-LeaderElection9] INFO  server.RaftServerConfigKeys (ConfUtils.java:logGet(46)) - raft.server.write.byte-limit = 1024 M (=1073741824) (custom)
2022-10-14 14:33:54,865 [fe4e0b1e-d8f6-493e-bd46-2984bf01a4b8@group-B1C50714663F-LeaderElection9] INFO  server.RaftServerConfigKeys (ConfUtils.java:logGet(46)) - raft.server.watch.timeout = 180s (custom)
2022-10-14 14:33:54,865 [fe4e0b1e-d8f6-493e-bd46-2984bf01a4b8@group-B1C50714663F-LeaderElection9] INFO  server.RaftServerConfigKeys (ConfUtils.java:logGet(46)) - raft.server.watch.timeout.denomination = 1s (default)
2022-10-14 14:33:54,865 [fe4e0b1e-d8f6-493e-bd46-2984bf01a4b8@group-B1C50714663F-LeaderElection9] INFO  server.RaftServerConfigKeys (ConfUtils.java:logGet(46)) - raft.server.watch.element-limit = 65536 (default)
2022-10-14 14:33:54,865 [fe4e0b1e-d8f6-493e-bd46-2984bf01a4b8@group-B1C50714663F-LeaderElection9] INFO  server.RaftServerConfigKeys (ConfUtils.java:logGet(46)) - raft.server.write.element-limit = 1024 (custom)
2022-10-14 14:33:54,865 [fe4e0b1e-d8f6-493e-bd46-2984bf01a4b8@group-B1C50714663F-LeaderElection9] INFO  server.RaftServerConfigKeys (ConfUtils.java:logGet(46)) - raft.server.write.follower.gap.ratio.max = -1.0 (default)
2022-10-14 14:33:54,865 [fe4e0b1e-d8f6-493e-bd46-2984bf01a4b8@group-B1C50714663F-LeaderElection9] INFO  impl.RoleInfo (RoleInfo.java:updateAndGet(139)) - fe4e0b1e-d8f6-493e-bd46-2984bf01a4b8: start fe4e0b1e-d8f6-493e-bd46-2984bf01a4b8@group-B1C50714663F-LeaderStateImpl
2022-10-14 14:33:54,866 [fe4e0b1e-d8f6-493e-bd46-2984bf01a4b8@group-B1C50714663F-LeaderElection9] INFO  segmented.SegmentedRaftLogWorker (SegmentedRaftLogWorker.java:startLogSegment(425)) - fe4e0b1e-d8f6-493e-bd46-2984bf01a4b8@group-B1C50714663F-SegmentedRaftLogWorker: Starting segment from index:0
2022-10-14 14:33:54,870 [fe4e0b1e-d8f6-493e-bd46-2984bf01a4b8@group-B1C50714663F-SegmentedRaftLogWorker] INFO  segmented.SegmentedRaftLogWorker (SegmentedRaftLogWorker.java:execute(629)) - fe4e0b1e-d8f6-493e-bd46-2984bf01a4b8@group-B1C50714663F-SegmentedRaftLogWorker: created new log segment /home/runner/work/ozone/ozone/hadoop-ozone/integration-test/target/test-dir/MiniOzoneClusterImpl-d3474758-561c-4776-8c9d-79a83af4ab20/datanode-0/data/ratis/892e9d86-4684-420c-9d89-b1c50714663f/current/log_inprogress_0
2022-10-14 14:33:54,871 [EventQueue-OpenPipelineForHealthyPipelineSafeModeRule] INFO  safemode.SCMSafeModeManager (HealthyPipelineSafeModeRule.java:process(137)) - SCM in safe mode. Healthy pipelines reported count is 0, required healthy pipeline reported count is 1
2022-10-14 14:33:54,872 [EventQueue-OpenPipelineForHealthyPipelineSafeModeRule] INFO  safemode.SCMSafeModeManager (HealthyPipelineSafeModeRule.java:process(137)) - SCM in safe mode. Healthy pipelines reported count is 0, required healthy pipeline reported count is 1
2022-10-14 14:33:54,872 [fe4e0b1e-d8f6-493e-bd46-2984bf01a4b8@group-B1C50714663F-LeaderElection9] INFO  server.RaftServer$Division (ServerState.java:setRaftConf(393)) - fe4e0b1e-d8f6-493e-bd46-2984bf01a4b8@group-B1C50714663F: set configuration 0: [fe4e0b1e-d8f6-493e-bd46-2984bf01a4b8|rpc:127.0.0.1:42555|dataStream:|priority:1], old=null
2022-10-14 14:33:54,876 [EventQueue-OpenPipelineForHealthyPipelineSafeModeRule] INFO  safemode.SCMSafeModeManager (HealthyPipelineSafeModeRule.java:process(137)) - SCM in safe mode. Healthy pipelines reported count is 0, required healthy pipeline reported count is 1
2022-10-14 14:33:55,117 [fe4e0b1e-d8f6-493e-bd46-2984bf01a4b8@group-E23AE6893ED9-FollowerState] INFO  impl.FollowerState (FollowerState.java:run(143)) - fe4e0b1e-d8f6-493e-bd46-2984bf01a4b8@group-E23AE6893ED9-FollowerState: change to CANDIDATE, lastRpcElapsedTime:5200005499ns, electionTimeout:5184ms
2022-10-14 14:33:55,117 [fe4e0b1e-d8f6-493e-bd46-2984bf01a4b8@group-E23AE6893ED9-FollowerState] INFO  impl.RoleInfo (RoleInfo.java:shutdownFollowerState(110)) - fe4e0b1e-d8f6-493e-bd46-2984bf01a4b8: shutdown fe4e0b1e-d8f6-493e-bd46-2984bf01a4b8@group-E23AE6893ED9-FollowerState
2022-10-14 14:33:55,118 [fe4e0b1e-d8f6-493e-bd46-2984bf01a4b8@group-E23AE6893ED9-FollowerState] INFO  server.RaftServer$Division (RaftServerImpl.java:setRole(299)) - fe4e0b1e-d8f6-493e-bd46-2984bf01a4b8@group-E23AE6893ED9: changes role from  FOLLOWER to CANDIDATE at term 0 for changeToCandidate
2022-10-14 14:33:55,118 [fe4e0b1e-d8f6-493e-bd46-2984bf01a4b8@group-E23AE6893ED9-FollowerState] INFO  server.RaftServerConfigKeys (ConfUtils.java:logGet(46)) - raft.server.leaderelection.pre-vote = false (custom)
2022-10-14 14:33:55,118 [fe4e0b1e-d8f6-493e-bd46-2984bf01a4b8@group-E23AE6893ED9-FollowerState] INFO  impl.RoleInfo (RoleInfo.java:updateAndGet(139)) - fe4e0b1e-d8f6-493e-bd46-2984bf01a4b8: start fe4e0b1e-d8f6-493e-bd46-2984bf01a4b8@group-E23AE6893ED9-LeaderElection10
2022-10-14 14:33:55,121 [5c29832d-acaf-4236-b352-735ef8095d77@group-E23AE6893ED9-FollowerState] INFO  impl.FollowerState (FollowerState.java:run(143)) - 5c29832d-acaf-4236-b352-735ef8095d77@group-E23AE6893ED9-FollowerState: change to CANDIDATE, lastRpcElapsedTime:5105078393ns, electionTimeout:5103ms
2022-10-14 14:33:55,122 [5c29832d-acaf-4236-b352-735ef8095d77@group-E23AE6893ED9-FollowerState] INFO  impl.RoleInfo (RoleInfo.java:shutdownFollowerState(110)) - 5c29832d-acaf-4236-b352-735ef8095d77: shutdown 5c29832d-acaf-4236-b352-735ef8095d77@group-E23AE6893ED9-FollowerState
2022-10-14 14:33:55,122 [5c29832d-acaf-4236-b352-735ef8095d77@group-E23AE6893ED9-FollowerState] INFO  server.RaftServer$Division (RaftServerImpl.java:setRole(299)) - 5c29832d-acaf-4236-b352-735ef8095d77@group-E23AE6893ED9: changes role from  FOLLOWER to CANDIDATE at term 0 for changeToCandidate
2022-10-14 14:33:55,122 [5c29832d-acaf-4236-b352-735ef8095d77@group-E23AE6893ED9-FollowerState] INFO  server.RaftServerConfigKeys (ConfUtils.java:logGet(46)) - raft.server.leaderelection.pre-vote = false (custom)
2022-10-14 14:33:55,122 [5c29832d-acaf-4236-b352-735ef8095d77@group-E23AE6893ED9-FollowerState] INFO  impl.RoleInfo (RoleInfo.java:updateAndGet(139)) - 5c29832d-acaf-4236-b352-735ef8095d77: start 5c29832d-acaf-4236-b352-735ef8095d77@group-E23AE6893ED9-LeaderElection11
2022-10-14 14:33:55,125 [fe4e0b1e-d8f6-493e-bd46-2984bf01a4b8@group-E23AE6893ED9-LeaderElection10] INFO  impl.LeaderElection (LeaderElection.java:askForVotes(310)) - fe4e0b1e-d8f6-493e-bd46-2984bf01a4b8@group-E23AE6893ED9-LeaderElection10 ELECTION round 0: submit vote requests at term 1 for -1: [8c401b7e-dd35-4342-9d84-0aada9f9613c|rpc:127.0.0.1:46747|priority:0, fe4e0b1e-d8f6-493e-bd46-2984bf01a4b8|rpc:127.0.0.1:42555|priority:1, 5c29832d-acaf-4236-b352-735ef8095d77|rpc:127.0.0.1:37445|priority:0], old=null
2022-10-14 14:33:55,130 [5c29832d-acaf-4236-b352-735ef8095d77@group-E23AE6893ED9-LeaderElection11] INFO  impl.LeaderElection (LeaderElection.java:askForVotes(310)) - 5c29832d-acaf-4236-b352-735ef8095d77@group-E23AE6893ED9-LeaderElection11 ELECTION round 0: submit vote requests at term 1 for -1: [8c401b7e-dd35-4342-9d84-0aada9f9613c|rpc:127.0.0.1:46747|dataStream:|priority:0, fe4e0b1e-d8f6-493e-bd46-2984bf01a4b8|rpc:127.0.0.1:42555|dataStream:|priority:1, 5c29832d-acaf-4236-b352-735ef8095d77|rpc:127.0.0.1:37445|dataStream:|priority:0], old=null
2022-10-14 14:33:55,148 [grpc-default-executor-3] INFO  server.RaftServer$Division (RaftServerImpl.java:requestVote(1152)) - 5c29832d-acaf-4236-b352-735ef8095d77@group-E23AE6893ED9: receive requestVote(ELECTION, fe4e0b1e-d8f6-493e-bd46-2984bf01a4b8, group-E23AE6893ED9, 1, (t:0, i:0))
2022-10-14 14:33:55,148 [grpc-default-executor-3] INFO  impl.VoteContext (VoteContext.java:log(48)) - 5c29832d-acaf-4236-b352-735ef8095d77@group-E23AE6893ED9-CANDIDATE: reject ELECTION from fe4e0b1e-d8f6-493e-bd46-2984bf01a4b8: already has voted for 5c29832d-acaf-4236-b352-735ef8095d77 at current term 1
2022-10-14 14:33:55,149 [grpc-default-executor-3] INFO  server.RaftServer$Division (RaftServerImpl.java:requestVote(1184)) - 5c29832d-acaf-4236-b352-735ef8095d77@group-E23AE6893ED9 replies to ELECTION vote request: fe4e0b1e-d8f6-493e-bd46-2984bf01a4b8<-5c29832d-acaf-4236-b352-735ef8095d77#0:FAIL-t1. Peer's state: 5c29832d-acaf-4236-b352-735ef8095d77@group-E23AE6893ED9:t1, leader=null, voted=5c29832d-acaf-4236-b352-735ef8095d77, raftlog=5c29832d-acaf-4236-b352-735ef8095d77@group-E23AE6893ED9-SegmentedRaftLog:OPENED:c-1, conf=-1: [8c401b7e-dd35-4342-9d84-0aada9f9613c|rpc:127.0.0.1:46747|dataStream:|priority:0, fe4e0b1e-d8f6-493e-bd46-2984bf01a4b8|rpc:127.0.0.1:42555|dataStream:|priority:1, 5c29832d-acaf-4236-b352-735ef8095d77|rpc:127.0.0.1:37445|dataStream:|priority:0], old=null
2022-10-14 14:33:55,157 [grpc-default-executor-3] INFO  server.RaftServer$Division (RaftServerImpl.java:requestVote(1152)) - 8c401b7e-dd35-4342-9d84-0aada9f9613c@group-E23AE6893ED9: receive requestVote(ELECTION, fe4e0b1e-d8f6-493e-bd46-2984bf01a4b8, group-E23AE6893ED9, 1, (t:0, i:0))
2022-10-14 14:33:55,157 [grpc-default-executor-3] INFO  impl.VoteContext (VoteContext.java:log(48)) - 8c401b7e-dd35-4342-9d84-0aada9f9613c@group-E23AE6893ED9-FOLLOWER: accept ELECTION from fe4e0b1e-d8f6-493e-bd46-2984bf01a4b8: our priority 0 <= candidate's priority 1
2022-10-14 14:33:55,157 [grpc-default-executor-3] INFO  server.RaftServer$Division (RaftServerImpl.java:setRole(299)) - 8c401b7e-dd35-4342-9d84-0aada9f9613c@group-E23AE6893ED9: changes role from  FOLLOWER to FOLLOWER at term 1 for candidate:fe4e0b1e-d8f6-493e-bd46-2984bf01a4b8
2022-10-14 14:33:55,157 [grpc-default-executor-3] INFO  impl.RoleInfo (RoleInfo.java:shutdownFollowerState(110)) - 8c401b7e-dd35-4342-9d84-0aada9f9613c: shutdown 8c401b7e-dd35-4342-9d84-0aada9f9613c@group-E23AE6893ED9-FollowerState
2022-10-14 14:33:55,157 [8c401b7e-dd35-4342-9d84-0aada9f9613c@group-E23AE6893ED9-FollowerState] INFO  impl.FollowerState (FollowerState.java:run(152)) - 8c401b7e-dd35-4342-9d84-0aada9f9613c@group-E23AE6893ED9-FollowerState was interrupted
2022-10-14 14:33:55,159 [grpc-default-executor-3] INFO  impl.RoleInfo (RoleInfo.java:updateAndGet(139)) - 8c401b7e-dd35-4342-9d84-0aada9f9613c: start 8c401b7e-dd35-4342-9d84-0aada9f9613c@group-E23AE6893ED9-FollowerState
2022-10-14 14:33:55,162 [grpc-default-executor-3] INFO  server.RaftServer$Division (RaftServerImpl.java:requestVote(1184)) - 8c401b7e-dd35-4342-9d84-0aada9f9613c@group-E23AE6893ED9 replies to ELECTION vote request: fe4e0b1e-d8f6-493e-bd46-2984bf01a4b8<-8c401b7e-dd35-4342-9d84-0aada9f9613c#0:OK-t1. Peer's state: 8c401b7e-dd35-4342-9d84-0aada9f9613c@group-E23AE6893ED9:t1, leader=null, voted=fe4e0b1e-d8f6-493e-bd46-2984bf01a4b8, raftlog=8c401b7e-dd35-4342-9d84-0aada9f9613c@group-E23AE6893ED9-SegmentedRaftLog:OPENED:c-1, conf=-1: [8c401b7e-dd35-4342-9d84-0aada9f9613c|rpc:127.0.0.1:46747|dataStream:|priority:0, fe4e0b1e-d8f6-493e-bd46-2984bf01a4b8|rpc:127.0.0.1:42555|dataStream:|priority:1, 5c29832d-acaf-4236-b352-735ef8095d77|rpc:127.0.0.1:37445|dataStream:|priority:0], old=null
2022-10-14 14:33:55,166 [grpc-default-executor-1] INFO  server.RaftServer$Division (RaftServerImpl.java:requestVote(1152)) - fe4e0b1e-d8f6-493e-bd46-2984bf01a4b8@group-E23AE6893ED9: receive requestVote(ELECTION, 5c29832d-acaf-4236-b352-735ef8095d77, group-E23AE6893ED9, 1, (t:0, i:0))
2022-10-14 14:33:55,167 [grpc-default-executor-1] INFO  impl.VoteContext (VoteContext.java:log(48)) - fe4e0b1e-d8f6-493e-bd46-2984bf01a4b8@group-E23AE6893ED9-CANDIDATE: reject ELECTION from 5c29832d-acaf-4236-b352-735ef8095d77: already has voted for fe4e0b1e-d8f6-493e-bd46-2984bf01a4b8 at current term 1
2022-10-14 14:33:55,167 [grpc-default-executor-1] INFO  server.RaftServer$Division (RaftServerImpl.java:requestVote(1184)) - fe4e0b1e-d8f6-493e-bd46-2984bf01a4b8@group-E23AE6893ED9 replies to ELECTION vote request: 5c29832d-acaf-4236-b352-735ef8095d77<-fe4e0b1e-d8f6-493e-bd46-2984bf01a4b8#0:FAIL-t1. Peer's state: fe4e0b1e-d8f6-493e-bd46-2984bf01a4b8@group-E23AE6893ED9:t1, leader=null, voted=fe4e0b1e-d8f6-493e-bd46-2984bf01a4b8, raftlog=fe4e0b1e-d8f6-493e-bd46-2984bf01a4b8@group-E23AE6893ED9-SegmentedRaftLog:OPENED:c-1, conf=-1: [8c401b7e-dd35-4342-9d84-0aada9f9613c|rpc:127.0.0.1:46747|priority:0, fe4e0b1e-d8f6-493e-bd46-2984bf01a4b8|rpc:127.0.0.1:42555|priority:1, 5c29832d-acaf-4236-b352-735ef8095d77|rpc:127.0.0.1:37445|priority:0], old=null
2022-10-14 14:33:55,174 [grpc-default-executor-1] INFO  server.RaftServer$Division (RaftServerImpl.java:requestVote(1152)) - 8c401b7e-dd35-4342-9d84-0aada9f9613c@group-E23AE6893ED9: receive requestVote(ELECTION, 5c29832d-acaf-4236-b352-735ef8095d77, group-E23AE6893ED9, 1, (t:0, i:0))
2022-10-14 14:33:55,174 [5c29832d-acaf-4236-b352-735ef8095d77@group-E23AE6893ED9-LeaderElection11] INFO  impl.LeaderElection (LeaderElection.java:logAndReturn(90)) - 5c29832d-acaf-4236-b352-735ef8095d77@group-E23AE6893ED9-LeaderElection11: ELECTION REJECTED received 1 response(s) and 0 exception(s):
2022-10-14 14:33:55,174 [5c29832d-acaf-4236-b352-735ef8095d77@group-E23AE6893ED9-LeaderElection11] INFO  impl.LeaderElection (LeaderElection.java:logAndReturn(94)) -   Response 0: 5c29832d-acaf-4236-b352-735ef8095d77<-fe4e0b1e-d8f6-493e-bd46-2984bf01a4b8#0:FAIL-t1
2022-10-14 14:33:55,174 [5c29832d-acaf-4236-b352-735ef8095d77@group-E23AE6893ED9-LeaderElection11] INFO  impl.LeaderElection (LeaderElection.java:askForVotes(312)) - 5c29832d-acaf-4236-b352-735ef8095d77@group-E23AE6893ED9-LeaderElection11 ELECTION round 0: result REJECTED
2022-10-14 14:33:55,174 [5c29832d-acaf-4236-b352-735ef8095d77@group-E23AE6893ED9-LeaderElection11] INFO  server.RaftServer$Division (RaftServerImpl.java:setRole(299)) - 5c29832d-acaf-4236-b352-735ef8095d77@group-E23AE6893ED9: changes role from CANDIDATE to FOLLOWER at term 1 for REJECTED
2022-10-14 14:33:55,174 [5c29832d-acaf-4236-b352-735ef8095d77@group-E23AE6893ED9-LeaderElection11] INFO  impl.RoleInfo (RoleInfo.java:shutdownLeaderElection(130)) - 5c29832d-acaf-4236-b352-735ef8095d77: shutdown 5c29832d-acaf-4236-b352-735ef8095d77@group-E23AE6893ED9-LeaderElection11
2022-10-14 14:33:55,174 [5c29832d-acaf-4236-b352-735ef8095d77@group-E23AE6893ED9-LeaderElection11] INFO  impl.RoleInfo (RoleInfo.java:updateAndGet(139)) - 5c29832d-acaf-4236-b352-735ef8095d77: start 5c29832d-acaf-4236-b352-735ef8095d77@group-E23AE6893ED9-FollowerState
2022-10-14 14:33:55,175 [fe4e0b1e-d8f6-493e-bd46-2984bf01a4b8@group-E23AE6893ED9-LeaderElection10] INFO  impl.LeaderElection (LeaderElection.java:logAndReturn(90)) - fe4e0b1e-d8f6-493e-bd46-2984bf01a4b8@group-E23AE6893ED9-LeaderElection10: ELECTION PASSED received 2 response(s) and 0 exception(s):
2022-10-14 14:33:55,175 [fe4e0b1e-d8f6-493e-bd46-2984bf01a4b8@group-E23AE6893ED9-LeaderElection10] INFO  impl.LeaderElection (LeaderElection.java:logAndReturn(94)) -   Response 0: fe4e0b1e-d8f6-493e-bd46-2984bf01a4b8<-8c401b7e-dd35-4342-9d84-0aada9f9613c#0:OK-t1
2022-10-14 14:33:55,175 [fe4e0b1e-d8f6-493e-bd46-2984bf01a4b8@group-E23AE6893ED9-LeaderElection10] INFO  impl.LeaderElection (LeaderElection.java:logAndReturn(94)) -   Response 1: fe4e0b1e-d8f6-493e-bd46-2984bf01a4b8<-5c29832d-acaf-4236-b352-735ef8095d77#0:FAIL-t1
2022-10-14 14:33:55,177 [fe4e0b1e-d8f6-493e-bd46-2984bf01a4b8@group-E23AE6893ED9-LeaderElection10] INFO  impl.LeaderElection (LeaderElection.java:askForVotes(312)) - fe4e0b1e-d8f6-493e-bd46-2984bf01a4b8@group-E23AE6893ED9-LeaderElection10 ELECTION round 0: result PASSED
2022-10-14 14:33:55,177 [fe4e0b1e-d8f6-493e-bd46-2984bf01a4b8@group-E23AE6893ED9-LeaderElection10] INFO  impl.RoleInfo (RoleInfo.java:shutdownLeaderElection(130)) - fe4e0b1e-d8f6-493e-bd46-2984bf01a4b8: shutdown fe4e0b1e-d8f6-493e-bd46-2984bf01a4b8@group-E23AE6893ED9-LeaderElection10
2022-10-14 14:33:55,177 [fe4e0b1e-d8f6-493e-bd46-2984bf01a4b8@group-E23AE6893ED9-LeaderElection10] INFO  server.RaftServer$Division (RaftServerImpl.java:setRole(299)) - fe4e0b1e-d8f6-493e-bd46-2984bf01a4b8@group-E23AE6893ED9: changes role from CANDIDATE to LEADER at term 1 for changeToLeader
2022-10-14 14:33:55,178 [fe4e0b1e-d8f6-493e-bd46-2984bf01a4b8@group-E23AE6893ED9-LeaderElection10] INFO  ratis.XceiverServerRatis (XceiverServerRatis.java:handleLeaderChangedNotification(863)) - Leader change notification received for group: group-E23AE6893ED9 with new leaderId: fe4e0b1e-d8f6-493e-bd46-2984bf01a4b8
2022-10-14 14:33:55,177 [grpc-default-executor-1] INFO  impl.VoteContext (VoteContext.java:log(48)) - 8c401b7e-dd35-4342-9d84-0aada9f9613c@group-E23AE6893ED9-FOLLOWER: reject ELECTION from 5c29832d-acaf-4236-b352-735ef8095d77: already has voted for fe4e0b1e-d8f6-493e-bd46-2984bf01a4b8 at current term 1
2022-10-14 14:33:55,178 [fe4e0b1e-d8f6-493e-bd46-2984bf01a4b8@group-E23AE6893ED9-LeaderElection10] INFO  server.RaftServer$Division (ServerState.java:setLeader(287)) - fe4e0b1e-d8f6-493e-bd46-2984bf01a4b8@group-E23AE6893ED9: change Leader from null to fe4e0b1e-d8f6-493e-bd46-2984bf01a4b8 at term 1 for becomeLeader, leader elected after 5312ms
2022-10-14 14:33:55,178 [grpc-default-executor-1] INFO  server.RaftServer$Division (RaftServerImpl.java:requestVote(1184)) - 8c401b7e-dd35-4342-9d84-0aada9f9613c@group-E23AE6893ED9 replies to ELECTION vote request: 5c29832d-acaf-4236-b352-735ef8095d77<-8c401b7e-dd35-4342-9d84-0aada9f9613c#0:FAIL-t1. Peer's state: 8c401b7e-dd35-4342-9d84-0aada9f9613c@group-E23AE6893ED9:t1, leader=null, voted=fe4e0b1e-d8f6-493e-bd46-2984bf01a4b8, raftlog=8c401b7e-dd35-4342-9d84-0aada9f9613c@group-E23AE6893ED9-SegmentedRaftLog:OPENED:c-1, conf=-1: [8c401b7e-dd35-4342-9d84-0aada9f9613c|rpc:127.0.0.1:46747|dataStream:|priority:0, fe4e0b1e-d8f6-493e-bd46-2984bf01a4b8|rpc:127.0.0.1:42555|dataStream:|priority:1, 5c29832d-acaf-4236-b352-735ef8095d77|rpc:127.0.0.1:37445|dataStream:|priority:0], old=null
2022-10-14 14:33:55,178 [fe4e0b1e-d8f6-493e-bd46-2984bf01a4b8@group-E23AE6893ED9-LeaderElection10] INFO  server.RaftServerConfigKeys (ConfUtils.java:logGet(46)) - raft.server.staging.catchup.gap = 1000 (default)
2022-10-14 14:33:55,178 [fe4e0b1e-d8f6-493e-bd46-2984bf01a4b8@group-E23AE6893ED9-LeaderElection10] INFO  server.RaftServerConfigKeys (ConfUtils.java:logGet(46)) - raft.server.write.element-limit = 1024 (custom)
2022-10-14 14:33:55,178 [fe4e0b1e-d8f6-493e-bd46-2984bf01a4b8@group-E23AE6893ED9-LeaderElection10] INFO  server.RaftServerConfigKeys (ConfUtils.java:logGet(46)) - raft.server.write.byte-limit = 1024 M (=1073741824) (custom)
2022-10-14 14:33:55,178 [fe4e0b1e-d8f6-493e-bd46-2984bf01a4b8@group-E23AE6893ED9-LeaderElection10] INFO  server.RaftServerConfigKeys (ConfUtils.java:logGet(46)) - raft.server.watch.timeout = 180s (custom)
2022-10-14 14:33:55,179 [fe4e0b1e-d8f6-493e-bd46-2984bf01a4b8@group-E23AE6893ED9-LeaderElection10] INFO  server.RaftServerConfigKeys (ConfUtils.java:logGet(46)) - raft.server.watch.timeout.denomination = 1s (default)
2022-10-14 14:33:55,179 [fe4e0b1e-d8f6-493e-bd46-2984bf01a4b8@group-E23AE6893ED9-LeaderElection10] INFO  server.RaftServerConfigKeys (ConfUtils.java:logGet(46)) - raft.server.watch.element-limit = 65536 (default)
2022-10-14 14:33:55,179 [fe4e0b1e-d8f6-493e-bd46-2984bf01a4b8@group-E23AE6893ED9-LeaderElection10] INFO  server.RaftServerConfigKeys (ConfUtils.java:logGet(46)) - raft.server.write.element-limit = 1024 (custom)
2022-10-14 14:33:55,179 [fe4e0b1e-d8f6-493e-bd46-2984bf01a4b8@group-E23AE6893ED9-LeaderElection10] INFO  server.RaftServerConfigKeys (ConfUtils.java:logGet(46)) - raft.server.write.follower.gap.ratio.max = -1.0 (default)
2022-10-14 14:33:55,185 [fe4e0b1e-d8f6-493e-bd46-2984bf01a4b8@group-E23AE6893ED9-LeaderElection10] INFO  server.RaftServerConfigKeys (ConfUtils.java:logGet(46)) - raft.server.log.appender.snapshot.chunk.size.max = 16MB (=16777216) (default)
2022-10-14 14:33:55,185 [fe4e0b1e-d8f6-493e-bd46-2984bf01a4b8@group-E23AE6893ED9-LeaderElection10] INFO  server.RaftServerConfigKeys (ConfUtils.java:logGet(46)) - raft.server.log.appender.buffer.byte-limit = 33554432 (custom)
2022-10-14 14:33:55,185 [fe4e0b1e-d8f6-493e-bd46-2984bf01a4b8@group-E23AE6893ED9-LeaderElection10] INFO  server.RaftServerConfigKeys (ConfUtils.java:logGet(46)) - raft.server.log.appender.buffer.element-limit = 1 (custom)
2022-10-14 14:33:55,185 [fe4e0b1e-d8f6-493e-bd46-2984bf01a4b8@group-E23AE6893ED9-LeaderElection10] INFO  grpc.GrpcConfigKeys (ConfUtils.java:logGet(46)) - raft.grpc.server.leader.outstanding.appends.max = 128 (default)
2022-10-14 14:33:55,185 [fe4e0b1e-d8f6-493e-bd46-2984bf01a4b8@group-E23AE6893ED9-LeaderElection10] INFO  server.RaftServerConfigKeys (ConfUtils.java:logGet(46)) - raft.server.rpc.request.timeout = 60s (custom)
2022-10-14 14:33:55,185 [fe4e0b1e-d8f6-493e-bd46-2984bf01a4b8@group-E23AE6893ED9-LeaderElection10] INFO  server.RaftServerConfigKeys (ConfUtils.java:logGet(46)) - raft.server.log.appender.install.snapshot.enabled = false (custom)
2022-10-14 14:33:55,186 [fe4e0b1e-d8f6-493e-bd46-2984bf01a4b8@group-E23AE6893ED9-LeaderElection10] INFO  server.RaftServerConfigKeys (ConfUtils.java:logGet(46)) - raft.server.log.appender.snapshot.chunk.size.max = 16MB (=16777216) (default)
2022-10-14 14:33:55,186 [fe4e0b1e-d8f6-493e-bd46-2984bf01a4b8@group-E23AE6893ED9-LeaderElection10] INFO  server.RaftServerConfigKeys (ConfUtils.java:logGet(46)) - raft.server.log.appender.buffer.byte-limit = 33554432 (custom)
2022-10-14 14:33:55,186 [fe4e0b1e-d8f6-493e-bd46-2984bf01a4b8@group-E23AE6893ED9-LeaderElection10] INFO  server.RaftServerConfigKeys (ConfUtils.java:logGet(46)) - raft.server.log.appender.buffer.element-limit = 1 (custom)
2022-10-14 14:33:55,186 [fe4e0b1e-d8f6-493e-bd46-2984bf01a4b8@group-E23AE6893ED9-LeaderElection10] INFO  grpc.GrpcConfigKeys (ConfUtils.java:logGet(46)) - raft.grpc.server.leader.outstanding.appends.max = 128 (default)
2022-10-14 14:33:55,186 [fe4e0b1e-d8f6-493e-bd46-2984bf01a4b8@group-E23AE6893ED9-LeaderElection10] INFO  server.RaftServerConfigKeys (ConfUtils.java:logGet(46)) - raft.server.rpc.request.timeout = 60s (custom)
2022-10-14 14:33:55,186 [fe4e0b1e-d8f6-493e-bd46-2984bf01a4b8@group-E23AE6893ED9-LeaderElection10] INFO  server.RaftServerConfigKeys (ConfUtils.java:logGet(46)) - raft.server.log.appender.install.snapshot.enabled = false (custom)
2022-10-14 14:33:55,187 [fe4e0b1e-d8f6-493e-bd46-2984bf01a4b8@group-E23AE6893ED9-LeaderElection10] INFO  impl.RoleInfo (RoleInfo.java:updateAndGet(139)) - fe4e0b1e-d8f6-493e-bd46-2984bf01a4b8: start fe4e0b1e-d8f6-493e-bd46-2984bf01a4b8@group-E23AE6893ED9-LeaderStateImpl
2022-10-14 14:33:55,187 [fe4e0b1e-d8f6-493e-bd46-2984bf01a4b8@group-E23AE6893ED9-LeaderElection10] INFO  segmented.SegmentedRaftLogWorker (SegmentedRaftLogWorker.java:startLogSegment(425)) - fe4e0b1e-d8f6-493e-bd46-2984bf01a4b8@group-E23AE6893ED9-SegmentedRaftLogWorker: Starting segment from index:0
2022-10-14 14:33:55,190 [EventQueue-OpenPipelineForHealthyPipelineSafeModeRule] INFO  safemode.SCMSafeModeManager (HealthyPipelineSafeModeRule.java:process(137)) - SCM in safe mode. Healthy pipelines reported count is 0, required healthy pipeline reported count is 1
2022-10-14 14:33:55,190 [EventQueue-PipelineReportForPipelineReportHandler] INFO  pipeline.PipelineManagerImpl (PipelineManagerImpl.java:openPipeline(367)) - Pipeline Pipeline[ Id: cdca5273-61c0-4bfd-a9c7-e23ae6893ed9, Nodes: fe4e0b1e-d8f6-493e-bd46-2984bf01a4b8{ip: 127.0.0.1, host: localhost, ports: [REPLICATION=46481, RATIS=42555, RATIS_ADMIN=42555, RATIS_SERVER=42555, STANDALONE=36217], networkLocation: /default-rack, certSerialId: null, persistedOpState: IN_SERVICE, persistedOpStateExpiryEpochSec: 0}5c29832d-acaf-4236-b352-735ef8095d77{ip: 127.0.0.1, host: localhost, ports: [REPLICATION=44453, RATIS=37445, RATIS_ADMIN=37445, RATIS_SERVER=37445, STANDALONE=32943], networkLocation: /default-rack, certSerialId: null, persistedOpState: IN_SERVICE, persistedOpStateExpiryEpochSec: 0}8c401b7e-dd35-4342-9d84-0aada9f9613c{ip: 127.0.0.1, host: localhost, ports: [REPLICATION=36579, RATIS=46747, RATIS_ADMIN=46747, RATIS_SERVER=46747, STANDALONE=34657], networkLocation: /default-rack, certSerialId: null, persistedOpState: IN_SERVICE, persistedOpStateExpiryEpochSec: 0}, ReplicationConfig: RATIS/THREE, State:ALLOCATED, leaderId:fe4e0b1e-d8f6-493e-bd46-2984bf01a4b8, CreationTimestamp2022-10-14T14:33:47.619Z[Etc/UTC]] moved to OPEN state
2022-10-14 14:33:55,193 [fe4e0b1e-d8f6-493e-bd46-2984bf01a4b8@group-E23AE6893ED9-SegmentedRaftLogWorker] INFO  segmented.SegmentedRaftLogWorker (SegmentedRaftLogWorker.java:execute(629)) - fe4e0b1e-d8f6-493e-bd46-2984bf01a4b8@group-E23AE6893ED9-SegmentedRaftLogWorker: created new log segment /home/runner/work/ozone/ozone/hadoop-ozone/integration-test/target/test-dir/MiniOzoneClusterImpl-d3474758-561c-4776-8c9d-79a83af4ab20/datanode-0/data/ratis/cdca5273-61c0-4bfd-a9c7-e23ae6893ed9/current/log_inprogress_0
2022-10-14 14:33:55,198 [EventQueue-PipelineReportForPipelineReportHandler] INFO  pipeline.PipelineManagerImpl (PipelineManagerImpl.java:openPipeline(367)) - Pipeline Pipeline[ Id: cdca5273-61c0-4bfd-a9c7-e23ae6893ed9, Nodes: fe4e0b1e-d8f6-493e-bd46-2984bf01a4b8{ip: 127.0.0.1, host: localhost, ports: [REPLICATION=46481, RATIS=42555, RATIS_ADMIN=42555, RATIS_SERVER=42555, STANDALONE=36217], networkLocation: /default-rack, certSerialId: null, persistedOpState: IN_SERVICE, persistedOpStateExpiryEpochSec: 0}5c29832d-acaf-4236-b352-735ef8095d77{ip: 127.0.0.1, host: localhost, ports: [REPLICATION=44453, RATIS=37445, RATIS_ADMIN=37445, RATIS_SERVER=37445, STANDALONE=32943], networkLocation: /default-rack, certSerialId: null, persistedOpState: IN_SERVICE, persistedOpStateExpiryEpochSec: 0}8c401b7e-dd35-4342-9d84-0aada9f9613c{ip: 127.0.0.1, host: localhost, ports: [REPLICATION=36579, RATIS=46747, RATIS_ADMIN=46747, RATIS_SERVER=46747, STANDALONE=34657], networkLocation: /default-rack, certSerialId: null, persistedOpState: IN_SERVICE, persistedOpStateExpiryEpochSec: 0}, ReplicationConfig: RATIS/THREE, State:ALLOCATED, leaderId:fe4e0b1e-d8f6-493e-bd46-2984bf01a4b8, CreationTimestamp2022-10-14T14:33:47.619Z[Etc/UTC]] moved to OPEN state
2022-10-14 14:33:55,199 [EventQueue-OpenPipelineForHealthyPipelineSafeModeRule] INFO  safemode.SCMSafeModeManager (HealthyPipelineSafeModeRule.java:process(137)) - SCM in safe mode. Healthy pipelines reported count is 0, required healthy pipeline reported count is 1
2022-10-14 14:33:55,205 [EventQueue-PipelineReportForPipelineReportHandler] INFO  pipeline.PipelineManagerImpl (PipelineManagerImpl.java:openPipeline(367)) - Pipeline Pipeline[ Id: cdca5273-61c0-4bfd-a9c7-e23ae6893ed9, Nodes: fe4e0b1e-d8f6-493e-bd46-2984bf01a4b8{ip: 127.0.0.1, host: localhost, ports: [REPLICATION=46481, RATIS=42555, RATIS_ADMIN=42555, RATIS_SERVER=42555, STANDALONE=36217], networkLocation: /default-rack, certSerialId: null, persistedOpState: IN_SERVICE, persistedOpStateExpiryEpochSec: 0}5c29832d-acaf-4236-b352-735ef8095d77{ip: 127.0.0.1, host: localhost, ports: [REPLICATION=44453, RATIS=37445, RATIS_ADMIN=37445, RATIS_SERVER=37445, STANDALONE=32943], networkLocation: /default-rack, certSerialId: null, persistedOpState: IN_SERVICE, persistedOpStateExpiryEpochSec: 0}8c401b7e-dd35-4342-9d84-0aada9f9613c{ip: 127.0.0.1, host: localhost, ports: [REPLICATION=36579, RATIS=46747, RATIS_ADMIN=46747, RATIS_SERVER=46747, STANDALONE=34657], networkLocation: /default-rack, certSerialId: null, persistedOpState: IN_SERVICE, persistedOpStateExpiryEpochSec: 0}, ReplicationConfig: RATIS/THREE, State:ALLOCATED, leaderId:fe4e0b1e-d8f6-493e-bd46-2984bf01a4b8, CreationTimestamp2022-10-14T14:33:47.619Z[Etc/UTC]] moved to OPEN state
2022-10-14 14:33:55,205 [EventQueue-OpenPipelineForHealthyPipelineSafeModeRule] INFO  safemode.SCMSafeModeManager (HealthyPipelineSafeModeRule.java:process(137)) - SCM in safe mode. Healthy pipelines reported count is 0, required healthy pipeline reported count is 1
2022-10-14 14:33:55,209 [8c401b7e-dd35-4342-9d84-0aada9f9613c-server-thread1] INFO  ratis.XceiverServerRatis (XceiverServerRatis.java:handleLeaderChangedNotification(863)) - Leader change notification received for group: group-E23AE6893ED9 with new leaderId: fe4e0b1e-d8f6-493e-bd46-2984bf01a4b8
2022-10-14 14:33:55,209 [8c401b7e-dd35-4342-9d84-0aada9f9613c-server-thread1] INFO  server.RaftServer$Division (ServerState.java:setLeader(287)) - 8c401b7e-dd35-4342-9d84-0aada9f9613c@group-E23AE6893ED9: change Leader from null to fe4e0b1e-d8f6-493e-bd46-2984bf01a4b8 at term 1 for appendEntries, leader elected after 5125ms
2022-10-14 14:33:55,211 [fe4e0b1e-d8f6-493e-bd46-2984bf01a4b8@group-E23AE6893ED9-LeaderElection10] INFO  server.RaftServer$Division (ServerState.java:setRaftConf(393)) - fe4e0b1e-d8f6-493e-bd46-2984bf01a4b8@group-E23AE6893ED9: set configuration 0: [8c401b7e-dd35-4342-9d84-0aada9f9613c|rpc:127.0.0.1:46747|dataStream:|priority:0, fe4e0b1e-d8f6-493e-bd46-2984bf01a4b8|rpc:127.0.0.1:42555|dataStream:|priority:1, 5c29832d-acaf-4236-b352-735ef8095d77|rpc:127.0.0.1:37445|dataStream:|priority:0], old=null
2022-10-14 14:33:55,214 [da235ff1-af49-4bd4-8bce-f7819ff62f3f@group-79A83AF4AB20-StateMachineUpdater] INFO  safemode.HealthyPipelineSafeModeRule (HealthyPipelineSafeModeRule.java:initializeRule(165)) - Refreshed total pipeline count is 1, healthy pipeline threshold count is 1
2022-10-14 14:33:55,215 [EventQueue-OpenPipelineForHealthyPipelineSafeModeRule] INFO  safemode.SCMSafeModeManager (HealthyPipelineSafeModeRule.java:process(137)) - SCM in safe mode. Healthy pipelines reported count is 1, required healthy pipeline reported count is 1
2022-10-14 14:33:55,215 [EventQueue-OpenPipelineForHealthyPipelineSafeModeRule] INFO  safemode.SCMSafeModeManager (SCMSafeModeManager.java:validateSafeModeExitRules(204)) - HealthyPipelineSafeModeRule rule is successfully validated
2022-10-14 14:33:55,215 [EventQueue-OpenPipelineForHealthyPipelineSafeModeRule] INFO  safemode.SCMSafeModeManager (SCMSafeModeManager.java:validateSafeModeExitRules(219)) - ScmSafeModeManager, all rules are successfully validated
2022-10-14 14:33:55,215 [EventQueue-OpenPipelineForHealthyPipelineSafeModeRule] INFO  safemode.SCMSafeModeManager (SCMSafeModeManager.java:exitSafeMode(248)) - SCM exiting safe mode.
2022-10-14 14:33:55,215 [EventQueue-OpenPipelineForHealthyPipelineSafeModeRule] WARN  events.EventQueue (EventQueue.java:fireEvent(216)) - No event handler registered for event TypedEvent{payloadType=SafeModeStatus, name='Safe mode status'}
2022-10-14 14:33:55,215 [EventQueue-OpenPipelineForHealthyPipelineSafeModeRule] INFO  ha.SCMContext (SCMContext.java:updateSafeModeStatus(228)) - Update SafeModeStatus from SafeModeStatus{safeModeStatus=true, preCheckPassed=true} to SafeModeStatus{safeModeStatus=false, preCheckPassed=true}.
2022-10-14 14:33:55,215 [EventQueue-OpenPipelineForHealthyPipelineSafeModeRule] INFO  BackgroundPipelineScrubber (BackgroundSCMService.java:notifyStatusChanged(82)) - Service BackgroundPipelineScrubber transitions to RUNNING.
2022-10-14 14:33:55,215 [EventQueue-OpenPipelineForHealthyPipelineSafeModeRule] INFO  ExpiredContainerReplicaOpScrubber (BackgroundSCMService.java:notifyStatusChanged(82)) - Service ExpiredContainerReplicaOpScrubber transitions to RUNNING.
2022-10-14 14:33:55,215 [EventQueue-OpenPipelineForHealthyPipelineSafeModeRule] INFO  replication.ReplicationManager (ReplicationManager.java:notifyStatusChanged(728)) - Service ReplicationManager transitions to RUNNING.
2022-10-14 14:33:55,218 [5c29832d-acaf-4236-b352-735ef8095d77-server-thread1] INFO  ratis.XceiverServerRatis (XceiverServerRatis.java:handleLeaderChangedNotification(863)) - Leader change notification received for group: group-E23AE6893ED9 with new leaderId: fe4e0b1e-d8f6-493e-bd46-2984bf01a4b8
2022-10-14 14:33:55,218 [5c29832d-acaf-4236-b352-735ef8095d77-server-thread1] INFO  server.RaftServer$Division (ServerState.java:setLeader(287)) - 5c29832d-acaf-4236-b352-735ef8095d77@group-E23AE6893ED9: change Leader from null to fe4e0b1e-d8f6-493e-bd46-2984bf01a4b8 at term 1 for appendEntries, leader elected after 5211ms
2022-10-14 14:33:55,219 [EventQueue-OpenPipelineForHealthyPipelineSafeModeRule] WARN  balancer.ContainerBalancer (ContainerBalancer.java:shouldRun(936)) - Could not find persisted configuration for ContainerBalancer when checking if ContainerBalancer should run. ContainerBalancer should not run now.
2022-10-14 14:33:55,230 [c70ee520-a26f-4925-a0d6-13999223b64a@group-79A83AF4AB20-StateMachineUpdater] INFO  safemode.HealthyPipelineSafeModeRule (HealthyPipelineSafeModeRule.java:initializeRule(165)) - Refreshed total pipeline count is 1, healthy pipeline threshold count is 1
2022-10-14 14:33:55,243 [5c29832d-acaf-4236-b352-735ef8095d77-server-thread1] INFO  server.RaftServer$Division (ServerState.java:setRaftConf(393)) - 5c29832d-acaf-4236-b352-735ef8095d77@group-E23AE6893ED9: set configuration 0: [8c401b7e-dd35-4342-9d84-0aada9f9613c|rpc:127.0.0.1:46747|dataStream:|priority:0, fe4e0b1e-d8f6-493e-bd46-2984bf01a4b8|rpc:127.0.0.1:42555|dataStream:|priority:1, 5c29832d-acaf-4236-b352-735ef8095d77|rpc:127.0.0.1:37445|dataStream:|priority:0], old=null
2022-10-14 14:33:55,243 [5c29832d-acaf-4236-b352-735ef8095d77-server-thread1] INFO  segmented.SegmentedRaftLogWorker (SegmentedRaftLogWorker.java:startLogSegment(425)) - 5c29832d-acaf-4236-b352-735ef8095d77@group-E23AE6893ED9-SegmentedRaftLogWorker: Starting segment from index:0
2022-10-14 14:33:55,243 [8c401b7e-dd35-4342-9d84-0aada9f9613c-server-thread1] INFO  server.RaftServer$Division (ServerState.java:setRaftConf(393)) - 8c401b7e-dd35-4342-9d84-0aada9f9613c@group-E23AE6893ED9: set configuration 0: [8c401b7e-dd35-4342-9d84-0aada9f9613c|rpc:127.0.0.1:46747|dataStream:|priority:0, fe4e0b1e-d8f6-493e-bd46-2984bf01a4b8|rpc:127.0.0.1:42555|dataStream:|priority:1, 5c29832d-acaf-4236-b352-735ef8095d77|rpc:127.0.0.1:37445|dataStream:|priority:0], old=null
2022-10-14 14:33:55,243 [8c401b7e-dd35-4342-9d84-0aada9f9613c-server-thread1] INFO  segmented.SegmentedRaftLogWorker (SegmentedRaftLogWorker.java:startLogSegment(425)) - 8c401b7e-dd35-4342-9d84-0aada9f9613c@group-E23AE6893ED9-SegmentedRaftLogWorker: Starting segment from index:0
2022-10-14 14:33:55,247 [022a1120-d2e9-40a2-a00d-16a3e5b1f5eb@group-79A83AF4AB20-StateMachineUpdater] INFO  safemode.HealthyPipelineSafeModeRule (HealthyPipelineSafeModeRule.java:initializeRule(165)) - Refreshed total pipeline count is 1, healthy pipeline threshold count is 1
2022-10-14 14:33:55,249 [8c401b7e-dd35-4342-9d84-0aada9f9613c@group-E23AE6893ED9-SegmentedRaftLogWorker] INFO  segmented.SegmentedRaftLogWorker (SegmentedRaftLogWorker.java:execute(629)) - 8c401b7e-dd35-4342-9d84-0aada9f9613c@group-E23AE6893ED9-SegmentedRaftLogWorker: created new log segment /home/runner/work/ozone/ozone/hadoop-ozone/integration-test/target/test-dir/MiniOzoneClusterImpl-d3474758-561c-4776-8c9d-79a83af4ab20/datanode-2/data/ratis/cdca5273-61c0-4bfd-a9c7-e23ae6893ed9/current/log_inprogress_0
2022-10-14 14:33:55,250 [5c29832d-acaf-4236-b352-735ef8095d77@group-E23AE6893ED9-SegmentedRaftLogWorker] INFO  segmented.SegmentedRaftLogWorker (SegmentedRaftLogWorker.java:execute(629)) - 5c29832d-acaf-4236-b352-735ef8095d77@group-E23AE6893ED9-SegmentedRaftLogWorker: created new log segment /home/runner/work/ozone/ozone/hadoop-ozone/integration-test/target/test-dir/MiniOzoneClusterImpl-d3474758-561c-4776-8c9d-79a83af4ab20/datanode-1/data/ratis/cdca5273-61c0-4bfd-a9c7-e23ae6893ed9/current/log_inprogress_0
2022-10-14 14:33:55,274 [8c401b7e-dd35-4342-9d84-0aada9f9613c@group-822240EE24AA-FollowerState] INFO  impl.FollowerState (FollowerState.java:run(143)) - 8c401b7e-dd35-4342-9d84-0aada9f9613c@group-822240EE24AA-FollowerState: change to CANDIDATE, lastRpcElapsedTime:5107273913ns, electionTimeout:5106ms
2022-10-14 14:33:55,274 [8c401b7e-dd35-4342-9d84-0aada9f9613c@group-822240EE24AA-FollowerState] INFO  impl.RoleInfo (RoleInfo.java:shutdownFollowerState(110)) - 8c401b7e-dd35-4342-9d84-0aada9f9613c: shutdown 8c401b7e-dd35-4342-9d84-0aada9f9613c@group-822240EE24AA-FollowerState
2022-10-14 14:33:55,274 [8c401b7e-dd35-4342-9d84-0aada9f9613c@group-822240EE24AA-FollowerState] INFO  server.RaftServer$Division (RaftServerImpl.java:setRole(299)) - 8c401b7e-dd35-4342-9d84-0aada9f9613c@group-822240EE24AA: changes role from  FOLLOWER to CANDIDATE at term 0 for changeToCandidate
2022-10-14 14:33:55,274 [8c401b7e-dd35-4342-9d84-0aada9f9613c@group-822240EE24AA-FollowerState] INFO  server.RaftServerConfigKeys (ConfUtils.java:logGet(46)) - raft.server.leaderelection.pre-vote = false (custom)
2022-10-14 14:33:55,274 [8c401b7e-dd35-4342-9d84-0aada9f9613c@group-822240EE24AA-FollowerState] INFO  impl.RoleInfo (RoleInfo.java:updateAndGet(139)) - 8c401b7e-dd35-4342-9d84-0aada9f9613c: start 8c401b7e-dd35-4342-9d84-0aada9f9613c@group-822240EE24AA-LeaderElection12
2022-10-14 14:33:55,282 [8c401b7e-dd35-4342-9d84-0aada9f9613c@group-822240EE24AA-LeaderElection12] INFO  impl.LeaderElection (LeaderElection.java:askForVotes(310)) - 8c401b7e-dd35-4342-9d84-0aada9f9613c@group-822240EE24AA-LeaderElection12 ELECTION round 0: submit vote requests at term 1 for -1: [8c401b7e-dd35-4342-9d84-0aada9f9613c|rpc:127.0.0.1:46747|dataStream:|priority:1, fe4e0b1e-d8f6-493e-bd46-2984bf01a4b8|rpc:127.0.0.1:42555|dataStream:|priority:0, 5c29832d-acaf-4236-b352-735ef8095d77|rpc:127.0.0.1:37445|dataStream:|priority:0], old=null
2022-10-14 14:33:55,303 [grpc-default-executor-2] INFO  server.RaftServer$Division (RaftServerImpl.java:requestVote(1152)) - 5c29832d-acaf-4236-b352-735ef8095d77@group-822240EE24AA: receive requestVote(ELECTION, 8c401b7e-dd35-4342-9d84-0aada9f9613c, group-822240EE24AA, 1, (t:0, i:0))
2022-10-14 14:33:55,304 [grpc-default-executor-2] INFO  impl.VoteContext (VoteContext.java:log(48)) - 5c29832d-acaf-4236-b352-735ef8095d77@group-822240EE24AA-FOLLOWER: accept ELECTION from 8c401b7e-dd35-4342-9d84-0aada9f9613c: our priority 0 <= candidate's priority 1
2022-10-14 14:33:55,304 [grpc-default-executor-2] INFO  server.RaftServer$Division (RaftServerImpl.java:setRole(299)) - 5c29832d-acaf-4236-b352-735ef8095d77@group-822240EE24AA: changes role from  FOLLOWER to FOLLOWER at term 1 for candidate:8c401b7e-dd35-4342-9d84-0aada9f9613c
2022-10-14 14:33:55,304 [grpc-default-executor-2] INFO  impl.RoleInfo (RoleInfo.java:shutdownFollowerState(110)) - 5c29832d-acaf-4236-b352-735ef8095d77: shutdown 5c29832d-acaf-4236-b352-735ef8095d77@group-822240EE24AA-FollowerState
2022-10-14 14:33:55,304 [5c29832d-acaf-4236-b352-735ef8095d77@group-822240EE24AA-FollowerState] INFO  impl.FollowerState (FollowerState.java:run(152)) - 5c29832d-acaf-4236-b352-735ef8095d77@group-822240EE24AA-FollowerState was interrupted
2022-10-14 14:33:55,304 [grpc-default-executor-2] INFO  impl.RoleInfo (RoleInfo.java:updateAndGet(139)) - 5c29832d-acaf-4236-b352-735ef8095d77: start 5c29832d-acaf-4236-b352-735ef8095d77@group-822240EE24AA-FollowerState
2022-10-14 14:33:55,318 [grpc-default-executor-1] INFO  server.RaftServer$Division (RaftServerImpl.java:requestVote(1152)) - fe4e0b1e-d8f6-493e-bd46-2984bf01a4b8@group-822240EE24AA: receive requestVote(ELECTION, 8c401b7e-dd35-4342-9d84-0aada9f9613c, group-822240EE24AA, 1, (t:0, i:0))
2022-10-14 14:33:55,318 [fe4e0b1e-d8f6-493e-bd46-2984bf01a4b8@group-822240EE24AA-FollowerState] INFO  impl.FollowerState (FollowerState.java:run(143)) - fe4e0b1e-d8f6-493e-bd46-2984bf01a4b8@group-822240EE24AA-FollowerState: change to CANDIDATE, lastRpcElapsedTime:5189158305ns, electionTimeout:5188ms
2022-10-14 14:33:55,318 [grpc-default-executor-2] INFO  server.RaftServer$Division (RaftServerImpl.java:requestVote(1184)) - 5c29832d-acaf-4236-b352-735ef8095d77@group-822240EE24AA replies to ELECTION vote request: 8c401b7e-dd35-4342-9d84-0aada9f9613c<-5c29832d-acaf-4236-b352-735ef8095d77#0:OK-t1. Peer's state: 5c29832d-acaf-4236-b352-735ef8095d77@group-822240EE24AA:t1, leader=null, voted=8c401b7e-dd35-4342-9d84-0aada9f9613c, raftlog=5c29832d-acaf-4236-b352-735ef8095d77@group-822240EE24AA-SegmentedRaftLog:OPENED:c-1, conf=-1: [8c401b7e-dd35-4342-9d84-0aada9f9613c|rpc:127.0.0.1:46747|dataStream:|priority:1, fe4e0b1e-d8f6-493e-bd46-2984bf01a4b8|rpc:127.0.0.1:42555|dataStream:|priority:0, 5c29832d-acaf-4236-b352-735ef8095d77|rpc:127.0.0.1:37445|dataStream:|priority:0], old=null
2022-10-14 14:33:55,318 [fe4e0b1e-d8f6-493e-bd46-2984bf01a4b8@group-822240EE24AA-FollowerState] INFO  impl.RoleInfo (RoleInfo.java:shutdownFollowerState(110)) - fe4e0b1e-d8f6-493e-bd46-2984bf01a4b8: shutdown fe4e0b1e-d8f6-493e-bd46-2984bf01a4b8@group-822240EE24AA-FollowerState
2022-10-14 14:33:55,318 [fe4e0b1e-d8f6-493e-bd46-2984bf01a4b8@group-822240EE24AA-FollowerState] INFO  server.RaftServer$Division (RaftServerImpl.java:setRole(299)) - fe4e0b1e-d8f6-493e-bd46-2984bf01a4b8@group-822240EE24AA: changes role from  FOLLOWER to CANDIDATE at term 0 for changeToCandidate
2022-10-14 14:33:55,319 [fe4e0b1e-d8f6-493e-bd46-2984bf01a4b8@group-822240EE24AA-FollowerState] INFO  server.RaftServerConfigKeys (ConfUtils.java:logGet(46)) - raft.server.leaderelection.pre-vote = false (custom)
2022-10-14 14:33:55,319 [fe4e0b1e-d8f6-493e-bd46-2984bf01a4b8@group-822240EE24AA-FollowerState] INFO  impl.RoleInfo (RoleInfo.java:updateAndGet(139)) - fe4e0b1e-d8f6-493e-bd46-2984bf01a4b8: start fe4e0b1e-d8f6-493e-bd46-2984bf01a4b8@group-822240EE24AA-LeaderElection13
2022-10-14 14:33:55,324 [grpc-default-executor-1] INFO  impl.VoteContext (VoteContext.java:log(48)) - fe4e0b1e-d8f6-493e-bd46-2984bf01a4b8@group-822240EE24AA-CANDIDATE: accept ELECTION from 8c401b7e-dd35-4342-9d84-0aada9f9613c: our priority 0 <= candidate's priority 1
2022-10-14 14:33:55,325 [grpc-default-executor-1] INFO  server.RaftServer$Division (RaftServerImpl.java:setRole(299)) - fe4e0b1e-d8f6-493e-bd46-2984bf01a4b8@group-822240EE24AA: changes role from CANDIDATE to FOLLOWER at term 1 for candidate:8c401b7e-dd35-4342-9d84-0aada9f9613c
2022-10-14 14:33:55,325 [grpc-default-executor-1] INFO  impl.RoleInfo (RoleInfo.java:shutdownLeaderElection(130)) - fe4e0b1e-d8f6-493e-bd46-2984bf01a4b8: shutdown fe4e0b1e-d8f6-493e-bd46-2984bf01a4b8@group-822240EE24AA-LeaderElection13
2022-10-14 14:33:55,325 [grpc-default-executor-1] INFO  impl.RoleInfo (RoleInfo.java:updateAndGet(139)) - fe4e0b1e-d8f6-493e-bd46-2984bf01a4b8: start fe4e0b1e-d8f6-493e-bd46-2984bf01a4b8@group-822240EE24AA-FollowerState
2022-10-14 14:33:55,325 [8c401b7e-dd35-4342-9d84-0aada9f9613c@group-822240EE24AA-LeaderElection12] INFO  impl.LeaderElection (LeaderElection.java:logAndReturn(90)) - 8c401b7e-dd35-4342-9d84-0aada9f9613c@group-822240EE24AA-LeaderElection12: ELECTION PASSED received 1 response(s) and 0 exception(s):
2022-10-14 14:33:55,325 [5c29832d-acaf-4236-b352-735ef8095d77@group-B7F0B16A33D5-FollowerState] INFO  impl.FollowerState (FollowerState.java:run(143)) - 5c29832d-acaf-4236-b352-735ef8095d77@group-B7F0B16A33D5-FollowerState: change to CANDIDATE, lastRpcElapsedTime:5082948379ns, electionTimeout:5081ms
2022-10-14 14:33:55,325 [8c401b7e-dd35-4342-9d84-0aada9f9613c@group-822240EE24AA-LeaderElection12] INFO  impl.LeaderElection (LeaderElection.java:logAndReturn(94)) -   Response 0: 8c401b7e-dd35-4342-9d84-0aada9f9613c<-5c29832d-acaf-4236-b352-735ef8095d77#0:OK-t1
2022-10-14 14:33:55,325 [5c29832d-acaf-4236-b352-735ef8095d77@group-B7F0B16A33D5-FollowerState] INFO  impl.RoleInfo (RoleInfo.java:shutdownFollowerState(110)) - 5c29832d-acaf-4236-b352-735ef8095d77: shutdown 5c29832d-acaf-4236-b352-735ef8095d77@group-B7F0B16A33D5-FollowerState
2022-10-14 14:33:55,325 [5c29832d-acaf-4236-b352-735ef8095d77@group-B7F0B16A33D5-FollowerState] INFO  server.RaftServer$Division (RaftServerImpl.java:setRole(299)) - 5c29832d-acaf-4236-b352-735ef8095d77@group-B7F0B16A33D5: changes role from  FOLLOWER to CANDIDATE at term 0 for changeToCandidate
2022-10-14 14:33:55,328 [5c29832d-acaf-4236-b352-735ef8095d77@group-B7F0B16A33D5-FollowerState] INFO  server.RaftServerConfigKeys (ConfUtils.java:logGet(46)) - raft.server.leaderelection.pre-vote = false (custom)
2022-10-14 14:33:55,328 [8c401b7e-dd35-4342-9d84-0aada9f9613c@group-822240EE24AA-LeaderElection12] INFO  impl.LeaderElection (LeaderElection.java:askForVotes(312)) - 8c401b7e-dd35-4342-9d84-0aada9f9613c@group-822240EE24AA-LeaderElection12 ELECTION round 0: result PASSED
2022-10-14 14:33:55,328 [8c401b7e-dd35-4342-9d84-0aada9f9613c@group-822240EE24AA-LeaderElection12] INFO  impl.RoleInfo (RoleInfo.java:shutdownLeaderElection(130)) - 8c401b7e-dd35-4342-9d84-0aada9f9613c: shutdown 8c401b7e-dd35-4342-9d84-0aada9f9613c@group-822240EE24AA-LeaderElection12
2022-10-14 14:33:55,328 [8c401b7e-dd35-4342-9d84-0aada9f9613c@group-822240EE24AA-LeaderElection12] INFO  server.RaftServer$Division (RaftServerImpl.java:setRole(299)) - 8c401b7e-dd35-4342-9d84-0aada9f9613c@group-822240EE24AA: changes role from CANDIDATE to LEADER at term 1 for changeToLeader
2022-10-14 14:33:55,328 [8c401b7e-dd35-4342-9d84-0aada9f9613c@group-822240EE24AA-LeaderElection12] INFO  ratis.XceiverServerRatis (XceiverServerRatis.java:handleLeaderChangedNotification(863)) - Leader change notification received for group: group-822240EE24AA with new leaderId: 8c401b7e-dd35-4342-9d84-0aada9f9613c
2022-10-14 14:33:55,328 [grpc-default-executor-1] INFO  server.RaftServer$Division (RaftServerImpl.java:requestVote(1184)) - fe4e0b1e-d8f6-493e-bd46-2984bf01a4b8@group-822240EE24AA replies to ELECTION vote request: 8c401b7e-dd35-4342-9d84-0aada9f9613c<-fe4e0b1e-d8f6-493e-bd46-2984bf01a4b8#0:OK-t1. Peer's state: fe4e0b1e-d8f6-493e-bd46-2984bf01a4b8@group-822240EE24AA:t1, leader=null, voted=8c401b7e-dd35-4342-9d84-0aada9f9613c, raftlog=fe4e0b1e-d8f6-493e-bd46-2984bf01a4b8@group-822240EE24AA-SegmentedRaftLog:OPENED:c-1, conf=-1: [8c401b7e-dd35-4342-9d84-0aada9f9613c|rpc:127.0.0.1:46747|priority:1, fe4e0b1e-d8f6-493e-bd46-2984bf01a4b8|rpc:127.0.0.1:42555|priority:0, 5c29832d-acaf-4236-b352-735ef8095d77|rpc:127.0.0.1:37445|priority:0], old=null
2022-10-14 14:33:55,328 [8c401b7e-dd35-4342-9d84-0aada9f9613c@group-822240EE24AA-LeaderElection12] INFO  server.RaftServer$Division (ServerState.java:setLeader(287)) - 8c401b7e-dd35-4342-9d84-0aada9f9613c@group-822240EE24AA: change Leader from null to 8c401b7e-dd35-4342-9d84-0aada9f9613c at term 1 for becomeLeader, leader elected after 5173ms
2022-10-14 14:33:55,329 [8c401b7e-dd35-4342-9d84-0aada9f9613c@group-822240EE24AA-LeaderElection12] INFO  server.RaftServerConfigKeys (ConfUtils.java:logGet(46)) - raft.server.staging.catchup.gap = 1000 (default)
2022-10-14 14:33:55,329 [8c401b7e-dd35-4342-9d84-0aada9f9613c@group-822240EE24AA-LeaderElection12] INFO  server.RaftServerConfigKeys (ConfUtils.java:logGet(46)) - raft.server.write.element-limit = 1024 (custom)
2022-10-14 14:33:55,329 [8c401b7e-dd35-4342-9d84-0aada9f9613c@group-822240EE24AA-LeaderElection12] INFO  server.RaftServerConfigKeys (ConfUtils.java:logGet(46)) - raft.server.write.byte-limit = 1024 M (=1073741824) (custom)
2022-10-14 14:33:55,329 [8c401b7e-dd35-4342-9d84-0aada9f9613c@group-822240EE24AA-LeaderElection12] INFO  server.RaftServerConfigKeys (ConfUtils.java:logGet(46)) - raft.server.watch.timeout = 180s (custom)
2022-10-14 14:33:55,329 [8c401b7e-dd35-4342-9d84-0aada9f9613c@group-822240EE24AA-LeaderElection12] INFO  server.RaftServerConfigKeys (ConfUtils.java:logGet(46)) - raft.server.watch.timeout.denomination = 1s (default)
2022-10-14 14:33:55,329 [8c401b7e-dd35-4342-9d84-0aada9f9613c@group-822240EE24AA-LeaderElection12] INFO  server.RaftServerConfigKeys (ConfUtils.java:logGet(46)) - raft.server.watch.element-limit = 65536 (default)
2022-10-14 14:33:55,329 [8c401b7e-dd35-4342-9d84-0aada9f9613c@group-822240EE24AA-LeaderElection12] INFO  server.RaftServerConfigKeys (ConfUtils.java:logGet(46)) - raft.server.write.element-limit = 1024 (custom)
2022-10-14 14:33:55,329 [8c401b7e-dd35-4342-9d84-0aada9f9613c@group-822240EE24AA-LeaderElection12] INFO  server.RaftServerConfigKeys (ConfUtils.java:logGet(46)) - raft.server.write.follower.gap.ratio.max = -1.0 (default)
2022-10-14 14:33:55,330 [8c401b7e-dd35-4342-9d84-0aada9f9613c@group-822240EE24AA-LeaderElection12] INFO  server.RaftServerConfigKeys (ConfUtils.java:logGet(46)) - raft.server.log.appender.snapshot.chunk.size.max = 16MB (=16777216) (default)
2022-10-14 14:33:55,330 [8c401b7e-dd35-4342-9d84-0aada9f9613c@group-822240EE24AA-LeaderElection12] INFO  server.RaftServerConfigKeys (ConfUtils.java:logGet(46)) - raft.server.log.appender.buffer.byte-limit = 33554432 (custom)
2022-10-14 14:33:55,328 [5c29832d-acaf-4236-b352-735ef8095d77@group-B7F0B16A33D5-FollowerState] INFO  impl.RoleInfo (RoleInfo.java:updateAndGet(139)) - 5c29832d-acaf-4236-b352-735ef8095d77: start 5c29832d-acaf-4236-b352-735ef8095d77@group-B7F0B16A33D5-LeaderElection14
2022-10-14 14:33:55,334 [8c401b7e-dd35-4342-9d84-0aada9f9613c@group-822240EE24AA-LeaderElection12] INFO  server.RaftServerConfigKeys (ConfUtils.java:logGet(46)) - raft.server.log.appender.buffer.element-limit = 1 (custom)
2022-10-14 14:33:55,333 [EventQueue-PipelineReportForPipelineReportHandler] INFO  pipeline.PipelineManagerImpl (PipelineManagerImpl.java:openPipeline(367)) - Pipeline Pipeline[ Id: 592fcc52-6c8c-41d3-824e-822240ee24aa, Nodes: 8c401b7e-dd35-4342-9d84-0aada9f9613c{ip: 127.0.0.1, host: localhost, ports: [REPLICATION=36579, RATIS=46747, RATIS_ADMIN=46747, RATIS_SERVER=46747, STANDALONE=34657], networkLocation: /default-rack, certSerialId: null, persistedOpState: IN_SERVICE, persistedOpStateExpiryEpochSec: 0}fe4e0b1e-d8f6-493e-bd46-2984bf01a4b8{ip: 127.0.0.1, host: localhost, ports: [REPLICATION=46481, RATIS=42555, RATIS_ADMIN=42555, RATIS_SERVER=42555, STANDALONE=36217], networkLocation: /default-rack, certSerialId: null, persistedOpState: IN_SERVICE, persistedOpStateExpiryEpochSec: 0}5c29832d-acaf-4236-b352-735ef8095d77{ip: 127.0.0.1, host: localhost, ports: [REPLICATION=44453, RATIS=37445, RATIS_ADMIN=37445, RATIS_SERVER=37445, STANDALONE=32943], networkLocation: /default-rack, certSerialId: null, persistedOpState: IN_SERVICE, persistedOpStateExpiryEpochSec: 0}, ReplicationConfig: RATIS/THREE, State:ALLOCATED, leaderId:8c401b7e-dd35-4342-9d84-0aada9f9613c, CreationTimestamp2022-10-14T14:33:47.637Z[Etc/UTC]] moved to OPEN state
2022-10-14 14:33:55,333 [EventQueue-OpenPipelineForHealthyPipelineSafeModeRule] INFO  safemode.SCMSafeModeManager (HealthyPipelineSafeModeRule.java:process(137)) - SCM in safe mode. Healthy pipelines reported count is 0, required healthy pipeline reported count is 1
2022-10-14 14:33:55,334 [EventQueue-OpenPipelineForHealthyPipelineSafeModeRule] INFO  safemode.SCMSafeModeManager (HealthyPipelineSafeModeRule.java:process(137)) - SCM in safe mode. Healthy pipelines reported count is 1, required healthy pipeline reported count is 1
2022-10-14 14:33:55,334 [EventQueue-OpenPipelineForHealthyPipelineSafeModeRule] INFO  safemode.SCMSafeModeManager (SCMSafeModeManager.java:validateSafeModeExitRules(204)) - HealthyPipelineSafeModeRule rule is successfully validated
2022-10-14 14:33:55,334 [EventQueue-OpenPipelineForHealthyPipelineSafeModeRule] INFO  safemode.SCMSafeModeManager (SCMSafeModeManager.java:validateSafeModeExitRules(219)) - ScmSafeModeManager, all rules are successfully validated
2022-10-14 14:33:55,334 [EventQueue-OpenPipelineForHealthyPipelineSafeModeRule] INFO  safemode.SCMSafeModeManager (SCMSafeModeManager.java:exitSafeMode(248)) - SCM exiting safe mode.
2022-10-14 14:33:55,335 [EventQueue-OpenPipelineForHealthyPipelineSafeModeRule] WARN  events.EventQueue (EventQueue.java:fireEvent(216)) - No event handler registered for event TypedEvent{payloadType=SafeModeStatus, name='Safe mode status'}
2022-10-14 14:33:55,335 [EventQueue-OpenPipelineForHealthyPipelineSafeModeRule] INFO  ha.SCMContext (SCMContext.java:updateSafeModeStatus(228)) - Update SafeModeStatus from SafeModeStatus{safeModeStatus=true, preCheckPassed=true} to SafeModeStatus{safeModeStatus=false, preCheckPassed=true}.
2022-10-14 14:33:55,333 [EventQueue-OpenPipelineForHealthyPipelineSafeModeRule] INFO  safemode.SCMSafeModeManager (HealthyPipelineSafeModeRule.java:process(137)) - SCM in safe mode. Healthy pipelines reported count is 0, required healthy pipeline reported count is 1
2022-10-14 14:33:55,335 [EventQueue-OpenPipelineForHealthyPipelineSafeModeRule] INFO  safemode.SCMSafeModeManager (HealthyPipelineSafeModeRule.java:process(137)) - SCM in safe mode. Healthy pipelines reported count is 1, required healthy pipeline reported count is 1
2022-10-14 14:33:55,335 [EventQueue-OpenPipelineForHealthyPipelineSafeModeRule] INFO  safemode.SCMSafeModeManager (SCMSafeModeManager.java:validateSafeModeExitRules(204)) - HealthyPipelineSafeModeRule rule is successfully validated
2022-10-14 14:33:55,335 [EventQueue-OpenPipelineForHealthyPipelineSafeModeRule] INFO  safemode.SCMSafeModeManager (SCMSafeModeManager.java:validateSafeModeExitRules(219)) - ScmSafeModeManager, all rules are successfully validated
2022-10-14 14:33:55,335 [EventQueue-OpenPipelineForHealthyPipelineSafeModeRule] INFO  safemode.SCMSafeModeManager (SCMSafeModeManager.java:exitSafeMode(248)) - SCM exiting safe mode.
2022-10-14 14:33:55,335 [EventQueue-OpenPipelineForHealthyPipelineSafeModeRule] WARN  events.EventQueue (EventQueue.java:fireEvent(216)) - No event handler registered for event TypedEvent{payloadType=SafeModeStatus, name='Safe mode status'}
2022-10-14 14:33:55,335 [EventQueue-OpenPipelineForHealthyPipelineSafeModeRule] INFO  ha.SCMContext (SCMContext.java:updateSafeModeStatus(228)) - Update SafeModeStatus from SafeModeStatus{safeModeStatus=true, preCheckPassed=true} to SafeModeStatus{safeModeStatus=false, preCheckPassed=true}.
2022-10-14 14:33:55,333 [EventQueue-PipelineReportForPipelineReportHandler] INFO  pipeline.PipelineManagerImpl (PipelineManagerImpl.java:openPipeline(367)) - Pipeline Pipeline[ Id: 592fcc52-6c8c-41d3-824e-822240ee24aa, Nodes: 8c401b7e-dd35-4342-9d84-0aada9f9613c{ip: 127.0.0.1, host: localhost, ports: [REPLICATION=36579, RATIS=46747, RATIS_ADMIN=46747, RATIS_SERVER=46747, STANDALONE=34657], networkLocation: /default-rack, certSerialId: null, persistedOpState: IN_SERVICE, persistedOpStateExpiryEpochSec: 0}fe4e0b1e-d8f6-493e-bd46-2984bf01a4b8{ip: 127.0.0.1, host: localhost, ports: [REPLICATION=46481, RATIS=42555, RATIS_ADMIN=42555, RATIS_SERVER=42555, STANDALONE=36217], networkLocation: /default-rack, certSerialId: null, persistedOpState: IN_SERVICE, persistedOpStateExpiryEpochSec: 0}5c29832d-acaf-4236-b352-735ef8095d77{ip: 127.0.0.1, host: localhost, ports: [REPLICATION=44453, RATIS=37445, RATIS_ADMIN=37445, RATIS_SERVER=37445, STANDALONE=32943], networkLocation: /default-rack, certSerialId: null, persistedOpState: IN_SERVICE, persistedOpStateExpiryEpochSec: 0}, ReplicationConfig: RATIS/THREE, State:ALLOCATED, leaderId:8c401b7e-dd35-4342-9d84-0aada9f9613c, CreationTimestamp2022-10-14T14:33:47.637Z[Etc/UTC]] moved to OPEN state
2022-10-14 14:33:55,332 [EventQueue-PipelineReportForPipelineReportHandler] INFO  pipeline.PipelineManagerImpl (PipelineManagerImpl.java:openPipeline(367)) - Pipeline Pipeline[ Id: 592fcc52-6c8c-41d3-824e-822240ee24aa, Nodes: 8c401b7e-dd35-4342-9d84-0aada9f9613c{ip: 127.0.0.1, host: localhost, ports: [REPLICATION=36579, RATIS=46747, RATIS_ADMIN=46747, RATIS_SERVER=46747, STANDALONE=34657], networkLocation: /default-rack, certSerialId: null, persistedOpState: IN_SERVICE, persistedOpStateExpiryEpochSec: 0}fe4e0b1e-d8f6-493e-bd46-2984bf01a4b8{ip: 127.0.0.1, host: localhost, ports: [REPLICATION=46481, RATIS=42555, RATIS_ADMIN=42555, RATIS_SERVER=42555, STANDALONE=36217], networkLocation: /default-rack, certSerialId: null, persistedOpState: IN_SERVICE, persistedOpStateExpiryEpochSec: 0}5c29832d-acaf-4236-b352-735ef8095d77{ip: 127.0.0.1, host: localhost, ports: [REPLICATION=44453, RATIS=37445, RATIS_ADMIN=37445, RATIS_SERVER=37445, STANDALONE=32943], networkLocation: /default-rack, certSerialId: null, persistedOpState: IN_SERVICE, persistedOpStateExpiryEpochSec: 0}, ReplicationConfig: RATIS/THREE, State:ALLOCATED, leaderId:8c401b7e-dd35-4342-9d84-0aada9f9613c, CreationTimestamp2022-10-14T14:33:47.637Z[Etc/UTC]] moved to OPEN state
2022-10-14 14:33:55,345 [8c401b7e-dd35-4342-9d84-0aada9f9613c@group-822240EE24AA-LeaderElection12] INFO  grpc.GrpcConfigKeys (ConfUtils.java:logGet(46)) - raft.grpc.server.leader.outstanding.appends.max = 128 (default)
2022-10-14 14:33:55,345 [8c401b7e-dd35-4342-9d84-0aada9f9613c@group-822240EE24AA-LeaderElection12] INFO  server.RaftServerConfigKeys (ConfUtils.java:logGet(46)) - raft.server.rpc.request.timeout = 60s (custom)
2022-10-14 14:33:55,345 [8c401b7e-dd35-4342-9d84-0aada9f9613c@group-822240EE24AA-LeaderElection12] INFO  server.RaftServerConfigKeys (ConfUtils.java:logGet(46)) - raft.server.log.appender.install.snapshot.enabled = false (custom)
2022-10-14 14:33:55,346 [8c401b7e-dd35-4342-9d84-0aada9f9613c@group-822240EE24AA-LeaderElection12] INFO  server.RaftServerConfigKeys (ConfUtils.java:logGet(46)) - raft.server.log.appender.snapshot.chunk.size.max = 16MB (=16777216) (default)
2022-10-14 14:33:55,346 [8c401b7e-dd35-4342-9d84-0aada9f9613c@group-822240EE24AA-LeaderElection12] INFO  server.RaftServerConfigKeys (ConfUtils.java:logGet(46)) - raft.server.log.appender.buffer.byte-limit = 33554432 (custom)
2022-10-14 14:33:55,346 [8c401b7e-dd35-4342-9d84-0aada9f9613c@group-822240EE24AA-LeaderElection12] INFO  server.RaftServerConfigKeys (ConfUtils.java:logGet(46)) - raft.server.log.appender.buffer.element-limit = 1 (custom)
2022-10-14 14:33:55,346 [8c401b7e-dd35-4342-9d84-0aada9f9613c@group-822240EE24AA-LeaderElection12] INFO  grpc.GrpcConfigKeys (ConfUtils.java:logGet(46)) - raft.grpc.server.leader.outstanding.appends.max = 128 (default)
2022-10-14 14:33:55,346 [8c401b7e-dd35-4342-9d84-0aada9f9613c@group-822240EE24AA-LeaderElection12] INFO  server.RaftServerConfigKeys (ConfUtils.java:logGet(46)) - raft.server.rpc.request.timeout = 60s (custom)
2022-10-14 14:33:55,346 [8c401b7e-dd35-4342-9d84-0aada9f9613c@group-822240EE24AA-LeaderElection12] INFO  server.RaftServerConfigKeys (ConfUtils.java:logGet(46)) - raft.server.log.appender.install.snapshot.enabled = false (custom)
2022-10-14 14:33:55,347 [8c401b7e-dd35-4342-9d84-0aada9f9613c@group-822240EE24AA-LeaderElection12] INFO  impl.RoleInfo (RoleInfo.java:updateAndGet(139)) - 8c401b7e-dd35-4342-9d84-0aada9f9613c: start 8c401b7e-dd35-4342-9d84-0aada9f9613c@group-822240EE24AA-LeaderStateImpl
2022-10-14 14:33:55,347 [8c401b7e-dd35-4342-9d84-0aada9f9613c@group-822240EE24AA-LeaderElection12] INFO  segmented.SegmentedRaftLogWorker (SegmentedRaftLogWorker.java:startLogSegment(425)) - 8c401b7e-dd35-4342-9d84-0aada9f9613c@group-822240EE24AA-SegmentedRaftLogWorker: Starting segment from index:0
2022-10-14 14:33:55,349 [8c401b7e-dd35-4342-9d84-0aada9f9613c@group-822240EE24AA-SegmentedRaftLogWorker] INFO  segmented.SegmentedRaftLogWorker (SegmentedRaftLogWorker.java:execute(629)) - 8c401b7e-dd35-4342-9d84-0aada9f9613c@group-822240EE24AA-SegmentedRaftLogWorker: created new log segment /home/runner/work/ozone/ozone/hadoop-ozone/integration-test/target/test-dir/MiniOzoneClusterImpl-d3474758-561c-4776-8c9d-79a83af4ab20/datanode-2/data/ratis/592fcc52-6c8c-41d3-824e-822240ee24aa/current/log_inprogress_0
2022-10-14 14:33:55,363 [8c401b7e-dd35-4342-9d84-0aada9f9613c@group-822240EE24AA-LeaderElection12] INFO  server.RaftServer$Division (ServerState.java:setRaftConf(393)) - 8c401b7e-dd35-4342-9d84-0aada9f9613c@group-822240EE24AA: set configuration 0: [8c401b7e-dd35-4342-9d84-0aada9f9613c|rpc:127.0.0.1:46747|dataStream:|priority:1, fe4e0b1e-d8f6-493e-bd46-2984bf01a4b8|rpc:127.0.0.1:42555|dataStream:|priority:0, 5c29832d-acaf-4236-b352-735ef8095d77|rpc:127.0.0.1:37445|dataStream:|priority:0], old=null
2022-10-14 14:33:55,369 [5c29832d-acaf-4236-b352-735ef8095d77-server-thread1] INFO  ratis.XceiverServerRatis (XceiverServerRatis.java:handleLeaderChangedNotification(863)) - Leader change notification received for group: group-822240EE24AA with new leaderId: 8c401b7e-dd35-4342-9d84-0aada9f9613c
2022-10-14 14:33:55,370 [5c29832d-acaf-4236-b352-735ef8095d77-server-thread1] INFO  server.RaftServer$Division (ServerState.java:setLeader(287)) - 5c29832d-acaf-4236-b352-735ef8095d77@group-822240EE24AA: change Leader from null to 8c401b7e-dd35-4342-9d84-0aada9f9613c at term 1 for appendEntries, leader elected after 5171ms
2022-10-14 14:33:55,381 [5c29832d-acaf-4236-b352-735ef8095d77@group-B7F0B16A33D5-LeaderElection14] INFO  impl.LeaderElection (LeaderElection.java:askForVotes(310)) - 5c29832d-acaf-4236-b352-735ef8095d77@group-B7F0B16A33D5-LeaderElection14 ELECTION round 0: submit vote requests at term 1 for -1: [5c29832d-acaf-4236-b352-735ef8095d77|rpc:127.0.0.1:37445|priority:1], old=null
2022-10-14 14:33:55,381 [5c29832d-acaf-4236-b352-735ef8095d77@group-B7F0B16A33D5-LeaderElection14] INFO  impl.LeaderElection (LeaderElection.java:askForVotes(312)) - 5c29832d-acaf-4236-b352-735ef8095d77@group-B7F0B16A33D5-LeaderElection14 ELECTION round 0: result PASSED (term=1)
2022-10-14 14:33:55,381 [5c29832d-acaf-4236-b352-735ef8095d77@group-B7F0B16A33D5-LeaderElection14] INFO  impl.RoleInfo (RoleInfo.java:shutdownLeaderElection(130)) - 5c29832d-acaf-4236-b352-735ef8095d77: shutdown 5c29832d-acaf-4236-b352-735ef8095d77@group-B7F0B16A33D5-LeaderElection14
2022-10-14 14:33:55,381 [5c29832d-acaf-4236-b352-735ef8095d77@group-B7F0B16A33D5-LeaderElection14] INFO  server.RaftServer$Division (RaftServerImpl.java:setRole(299)) - 5c29832d-acaf-4236-b352-735ef8095d77@group-B7F0B16A33D5: changes role from CANDIDATE to LEADER at term 1 for changeToLeader
2022-10-14 14:33:55,381 [5c29832d-acaf-4236-b352-735ef8095d77@group-B7F0B16A33D5-LeaderElection14] INFO  ratis.XceiverServerRatis (XceiverServerRatis.java:handleLeaderChangedNotification(863)) - Leader change notification received for group: group-B7F0B16A33D5 with new leaderId: 5c29832d-acaf-4236-b352-735ef8095d77
2022-10-14 14:33:55,384 [fe4e0b1e-d8f6-493e-bd46-2984bf01a4b8-server-thread1] INFO  ratis.XceiverServerRatis (XceiverServerRatis.java:handleLeaderChangedNotification(863)) - Leader change notification received for group: group-822240EE24AA with new leaderId: 8c401b7e-dd35-4342-9d84-0aada9f9613c
2022-10-14 14:33:55,384 [fe4e0b1e-d8f6-493e-bd46-2984bf01a4b8-server-thread1] INFO  server.RaftServer$Division (ServerState.java:setLeader(287)) - fe4e0b1e-d8f6-493e-bd46-2984bf01a4b8@group-822240EE24AA: change Leader from null to 8c401b7e-dd35-4342-9d84-0aada9f9613c at term 1 for appendEntries, leader elected after 5263ms
2022-10-14 14:33:55,396 [5c29832d-acaf-4236-b352-735ef8095d77@group-B7F0B16A33D5-LeaderElection14] INFO  server.RaftServer$Division (ServerState.java:setLeader(287)) - 5c29832d-acaf-4236-b352-735ef8095d77@group-B7F0B16A33D5: change Leader from null to 5c29832d-acaf-4236-b352-735ef8095d77 at term 1 for becomeLeader, leader elected after 5163ms
2022-10-14 14:33:55,396 [5c29832d-acaf-4236-b352-735ef8095d77-server-thread1] INFO  server.RaftServer$Division (ServerState.java:setRaftConf(393)) - 5c29832d-acaf-4236-b352-735ef8095d77@group-822240EE24AA: set configuration 0: [8c401b7e-dd35-4342-9d84-0aada9f9613c|rpc:127.0.0.1:46747|dataStream:|priority:1, fe4e0b1e-d8f6-493e-bd46-2984bf01a4b8|rpc:127.0.0.1:42555|dataStream:|priority:0, 5c29832d-acaf-4236-b352-735ef8095d77|rpc:127.0.0.1:37445|dataStream:|priority:0], old=null
2022-10-14 14:33:55,396 [5c29832d-acaf-4236-b352-735ef8095d77-server-thread1] INFO  segmented.SegmentedRaftLogWorker (SegmentedRaftLogWorker.java:startLogSegment(425)) - 5c29832d-acaf-4236-b352-735ef8095d77@group-822240EE24AA-SegmentedRaftLogWorker: Starting segment from index:0
2022-10-14 14:33:55,396 [5c29832d-acaf-4236-b352-735ef8095d77@group-B7F0B16A33D5-LeaderElection14] INFO  server.RaftServerConfigKeys (ConfUtils.java:logGet(46)) - raft.server.staging.catchup.gap = 1000 (default)
2022-10-14 14:33:55,398 [EventQueue-PipelineReportForPipelineReportHandler] INFO  pipeline.PipelineManagerImpl (PipelineManagerImpl.java:openPipeline(367)) - Pipeline Pipeline[ Id: 592fcc52-6c8c-41d3-824e-822240ee24aa, Nodes: 8c401b7e-dd35-4342-9d84-0aada9f9613c{ip: 127.0.0.1, host: localhost, ports: [REPLICATION=36579, RATIS=46747, RATIS_ADMIN=46747, RATIS_SERVER=46747, STANDALONE=34657], networkLocation: /default-rack, certSerialId: null, persistedOpState: IN_SERVICE, persistedOpStateExpiryEpochSec: 0}fe4e0b1e-d8f6-493e-bd46-2984bf01a4b8{ip: 127.0.0.1, host: localhost, ports: [REPLICATION=46481, RATIS=42555, RATIS_ADMIN=42555, RATIS_SERVER=42555, STANDALONE=36217], networkLocation: /default-rack, certSerialId: null, persistedOpState: IN_SERVICE, persistedOpStateExpiryEpochSec: 0}5c29832d-acaf-4236-b352-735ef8095d77{ip: 127.0.0.1, host: localhost, ports: [REPLICATION=44453, RATIS=37445, RATIS_ADMIN=37445, RATIS_SERVER=37445, STANDALONE=32943], networkLocation: /default-rack, certSerialId: null, persistedOpState: IN_SERVICE, persistedOpStateExpiryEpochSec: 0}, ReplicationConfig: RATIS/THREE, State:ALLOCATED, leaderId:8c401b7e-dd35-4342-9d84-0aada9f9613c, CreationTimestamp2022-10-14T14:33:47.637Z[Etc/UTC]] moved to OPEN state
2022-10-14 14:33:55,404 [5c29832d-acaf-4236-b352-735ef8095d77@group-B7F0B16A33D5-LeaderElection14] INFO  server.RaftServerConfigKeys (ConfUtils.java:logGet(46)) - raft.server.write.element-limit = 1024 (custom)
2022-10-14 14:33:55,404 [5c29832d-acaf-4236-b352-735ef8095d77@group-B7F0B16A33D5-LeaderElection14] INFO  server.RaftServerConfigKeys (ConfUtils.java:logGet(46)) - raft.server.write.byte-limit = 1024 M (=1073741824) (custom)
2022-10-14 14:33:55,404 [5c29832d-acaf-4236-b352-735ef8095d77@group-B7F0B16A33D5-LeaderElection14] INFO  server.RaftServerConfigKeys (ConfUtils.java:logGet(46)) - raft.server.watch.timeout = 180s (custom)
2022-10-14 14:33:55,404 [5c29832d-acaf-4236-b352-735ef8095d77@group-B7F0B16A33D5-LeaderElection14] INFO  server.RaftServerConfigKeys (ConfUtils.java:logGet(46)) - raft.server.watch.timeout.denomination = 1s (default)
2022-10-14 14:33:55,405 [5c29832d-acaf-4236-b352-735ef8095d77@group-B7F0B16A33D5-LeaderElection14] INFO  server.RaftServerConfigKeys (ConfUtils.java:logGet(46)) - raft.server.watch.element-limit = 65536 (default)
2022-10-14 14:33:55,405 [5c29832d-acaf-4236-b352-735ef8095d77@group-B7F0B16A33D5-LeaderElection14] INFO  server.RaftServerConfigKeys (ConfUtils.java:logGet(46)) - raft.server.write.element-limit = 1024 (custom)
2022-10-14 14:33:55,405 [5c29832d-acaf-4236-b352-735ef8095d77@group-B7F0B16A33D5-LeaderElection14] INFO  server.RaftServerConfigKeys (ConfUtils.java:logGet(46)) - raft.server.write.follower.gap.ratio.max = -1.0 (default)
2022-10-14 14:33:55,405 [5c29832d-acaf-4236-b352-735ef8095d77@group-B7F0B16A33D5-LeaderElection14] INFO  impl.RoleInfo (RoleInfo.java:updateAndGet(139)) - 5c29832d-acaf-4236-b352-735ef8095d77: start 5c29832d-acaf-4236-b352-735ef8095d77@group-B7F0B16A33D5-LeaderStateImpl
2022-10-14 14:33:55,405 [5c29832d-acaf-4236-b352-735ef8095d77@group-B7F0B16A33D5-LeaderElection14] INFO  segmented.SegmentedRaftLogWorker (SegmentedRaftLogWorker.java:startLogSegment(425)) - 5c29832d-acaf-4236-b352-735ef8095d77@group-B7F0B16A33D5-SegmentedRaftLogWorker: Starting segment from index:0
2022-10-14 14:33:55,408 [5c29832d-acaf-4236-b352-735ef8095d77@group-822240EE24AA-SegmentedRaftLogWorker] INFO  segmented.SegmentedRaftLogWorker (SegmentedRaftLogWorker.java:execute(629)) - 5c29832d-acaf-4236-b352-735ef8095d77@group-822240EE24AA-SegmentedRaftLogWorker: created new log segment /home/runner/work/ozone/ozone/hadoop-ozone/integration-test/target/test-dir/MiniOzoneClusterImpl-d3474758-561c-4776-8c9d-79a83af4ab20/datanode-1/data/ratis/592fcc52-6c8c-41d3-824e-822240ee24aa/current/log_inprogress_0
2022-10-14 14:33:55,408 [5c29832d-acaf-4236-b352-735ef8095d77@group-B7F0B16A33D5-SegmentedRaftLogWorker] INFO  segmented.SegmentedRaftLogWorker (SegmentedRaftLogWorker.java:execute(629)) - 5c29832d-acaf-4236-b352-735ef8095d77@group-B7F0B16A33D5-SegmentedRaftLogWorker: created new log segment /home/runner/work/ozone/ozone/hadoop-ozone/integration-test/target/test-dir/MiniOzoneClusterImpl-d3474758-561c-4776-8c9d-79a83af4ab20/datanode-1/data/ratis/39f4c4af-6088-4735-8f72-b7f0b16a33d5/current/log_inprogress_0
2022-10-14 14:33:55,421 [5c29832d-acaf-4236-b352-735ef8095d77@group-B7F0B16A33D5-LeaderElection14] INFO  server.RaftServer$Division (ServerState.java:setRaftConf(393)) - 5c29832d-acaf-4236-b352-735ef8095d77@group-B7F0B16A33D5: set configuration 0: [5c29832d-acaf-4236-b352-735ef8095d77|rpc:127.0.0.1:37445|dataStream:|priority:1], old=null
2022-10-14 14:33:55,421 [fe4e0b1e-d8f6-493e-bd46-2984bf01a4b8-server-thread1] INFO  server.RaftServer$Division (ServerState.java:setRaftConf(393)) - fe4e0b1e-d8f6-493e-bd46-2984bf01a4b8@group-822240EE24AA: set configuration 0: [8c401b7e-dd35-4342-9d84-0aada9f9613c|rpc:127.0.0.1:46747|dataStream:|priority:1, fe4e0b1e-d8f6-493e-bd46-2984bf01a4b8|rpc:127.0.0.1:42555|dataStream:|priority:0, 5c29832d-acaf-4236-b352-735ef8095d77|rpc:127.0.0.1:37445|dataStream:|priority:0], old=null
2022-10-14 14:33:55,426 [fe4e0b1e-d8f6-493e-bd46-2984bf01a4b8-server-thread1] INFO  segmented.SegmentedRaftLogWorker (SegmentedRaftLogWorker.java:startLogSegment(425)) - fe4e0b1e-d8f6-493e-bd46-2984bf01a4b8@group-822240EE24AA-SegmentedRaftLogWorker: Starting segment from index:0
2022-10-14 14:33:55,432 [fe4e0b1e-d8f6-493e-bd46-2984bf01a4b8@group-822240EE24AA-SegmentedRaftLogWorker] INFO  segmented.SegmentedRaftLogWorker (SegmentedRaftLogWorker.java:execute(629)) - fe4e0b1e-d8f6-493e-bd46-2984bf01a4b8@group-822240EE24AA-SegmentedRaftLogWorker: created new log segment /home/runner/work/ozone/ozone/hadoop-ozone/integration-test/target/test-dir/MiniOzoneClusterImpl-d3474758-561c-4776-8c9d-79a83af4ab20/datanode-0/data/ratis/592fcc52-6c8c-41d3-824e-822240ee24aa/current/log_inprogress_0
2022-10-14 14:33:55,603 [Listener at 127.0.0.1/41295] INFO  ozone.MiniOzoneClusterImpl (MiniOzoneClusterImpl.java:lambda$waitForClusterToBeReady$0(216)) - Nodes are ready. Got 3 of 3 DN Heartbeats.
2022-10-14 14:33:55,604 [Listener at 127.0.0.1/41295] INFO  ozone.MiniOzoneClusterImpl (MiniOzoneClusterImpl.java:lambda$waitForClusterToBeReady$0(219)) - Cluster exits safe mode
2022-10-14 14:33:55,604 [Listener at 127.0.0.1/41295] INFO  ozone.MiniOzoneClusterImpl (MiniOzoneClusterImpl.java:lambda$waitForClusterToBeReady$0(221)) - SCM became leader
2022-10-14 14:33:55,748 [8c401b7e-dd35-4342-9d84-0aada9f9613c@group-D4D3C4241BF8-FollowerState] INFO  impl.FollowerState (FollowerState.java:run(143)) - 8c401b7e-dd35-4342-9d84-0aada9f9613c@group-D4D3C4241BF8-FollowerState: change to CANDIDATE, lastRpcElapsedTime:5126210974ns, electionTimeout:5120ms
2022-10-14 14:33:55,748 [8c401b7e-dd35-4342-9d84-0aada9f9613c@group-D4D3C4241BF8-FollowerState] INFO  impl.RoleInfo (RoleInfo.java:shutdownFollowerState(110)) - 8c401b7e-dd35-4342-9d84-0aada9f9613c: shutdown 8c401b7e-dd35-4342-9d84-0aada9f9613c@group-D4D3C4241BF8-FollowerState
2022-10-14 14:33:55,748 [8c401b7e-dd35-4342-9d84-0aada9f9613c@group-D4D3C4241BF8-FollowerState] INFO  server.RaftServer$Division (RaftServerImpl.java:setRole(299)) - 8c401b7e-dd35-4342-9d84-0aada9f9613c@group-D4D3C4241BF8: changes role from  FOLLOWER to CANDIDATE at term 0 for changeToCandidate
2022-10-14 14:33:55,748 [8c401b7e-dd35-4342-9d84-0aada9f9613c@group-D4D3C4241BF8-FollowerState] INFO  server.RaftServerConfigKeys (ConfUtils.java:logGet(46)) - raft.server.leaderelection.pre-vote = false (custom)
2022-10-14 14:33:55,748 [8c401b7e-dd35-4342-9d84-0aada9f9613c@group-D4D3C4241BF8-FollowerState] INFO  impl.RoleInfo (RoleInfo.java:updateAndGet(139)) - 8c401b7e-dd35-4342-9d84-0aada9f9613c: start 8c401b7e-dd35-4342-9d84-0aada9f9613c@group-D4D3C4241BF8-LeaderElection15
2022-10-14 14:33:55,766 [8c401b7e-dd35-4342-9d84-0aada9f9613c@group-D4D3C4241BF8-LeaderElection15] INFO  impl.LeaderElection (LeaderElection.java:askForVotes(310)) - 8c401b7e-dd35-4342-9d84-0aada9f9613c@group-D4D3C4241BF8-LeaderElection15 ELECTION round 0: submit vote requests at term 1 for -1: [8c401b7e-dd35-4342-9d84-0aada9f9613c|rpc:127.0.0.1:46747|priority:1], old=null
2022-10-14 14:33:55,766 [8c401b7e-dd35-4342-9d84-0aada9f9613c@group-D4D3C4241BF8-LeaderElection15] INFO  impl.LeaderElection (LeaderElection.java:askForVotes(312)) - 8c401b7e-dd35-4342-9d84-0aada9f9613c@group-D4D3C4241BF8-LeaderElection15 ELECTION round 0: result PASSED (term=1)
2022-10-14 14:33:55,766 [8c401b7e-dd35-4342-9d84-0aada9f9613c@group-D4D3C4241BF8-LeaderElection15] INFO  impl.RoleInfo (RoleInfo.java:shutdownLeaderElection(130)) - 8c401b7e-dd35-4342-9d84-0aada9f9613c: shutdown 8c401b7e-dd35-4342-9d84-0aada9f9613c@group-D4D3C4241BF8-LeaderElection15
2022-10-14 14:33:55,766 [8c401b7e-dd35-4342-9d84-0aada9f9613c@group-D4D3C4241BF8-LeaderElection15] INFO  server.RaftServer$Division (RaftServerImpl.java:setRole(299)) - 8c401b7e-dd35-4342-9d84-0aada9f9613c@group-D4D3C4241BF8: changes role from CANDIDATE to LEADER at term 1 for changeToLeader
2022-10-14 14:33:55,766 [8c401b7e-dd35-4342-9d84-0aada9f9613c@group-D4D3C4241BF8-LeaderElection15] INFO  ratis.XceiverServerRatis (XceiverServerRatis.java:handleLeaderChangedNotification(863)) - Leader change notification received for group: group-D4D3C4241BF8 with new leaderId: 8c401b7e-dd35-4342-9d84-0aada9f9613c
2022-10-14 14:33:55,767 [8c401b7e-dd35-4342-9d84-0aada9f9613c@group-D4D3C4241BF8-LeaderElection15] INFO  server.RaftServer$Division (ServerState.java:setLeader(287)) - 8c401b7e-dd35-4342-9d84-0aada9f9613c@group-D4D3C4241BF8: change Leader from null to 8c401b7e-dd35-4342-9d84-0aada9f9613c at term 1 for becomeLeader, leader elected after 5165ms
2022-10-14 14:33:55,767 [8c401b7e-dd35-4342-9d84-0aada9f9613c@group-D4D3C4241BF8-LeaderElection15] INFO  server.RaftServerConfigKeys (ConfUtils.java:logGet(46)) - raft.server.staging.catchup.gap = 1000 (default)
2022-10-14 14:33:55,767 [8c401b7e-dd35-4342-9d84-0aada9f9613c@group-D4D3C4241BF8-LeaderElection15] INFO  server.RaftServerConfigKeys (ConfUtils.java:logGet(46)) - raft.server.write.element-limit = 1024 (custom)
2022-10-14 14:33:55,767 [8c401b7e-dd35-4342-9d84-0aada9f9613c@group-D4D3C4241BF8-LeaderElection15] INFO  server.RaftServerConfigKeys (ConfUtils.java:logGet(46)) - raft.server.write.byte-limit = 1024 M (=1073741824) (custom)
2022-10-14 14:33:55,767 [8c401b7e-dd35-4342-9d84-0aada9f9613c@group-D4D3C4241BF8-LeaderElection15] INFO  server.RaftServerConfigKeys (ConfUtils.java:logGet(46)) - raft.server.watch.timeout = 180s (custom)
2022-10-14 14:33:55,767 [8c401b7e-dd35-4342-9d84-0aada9f9613c@group-D4D3C4241BF8-LeaderElection15] INFO  server.RaftServerConfigKeys (ConfUtils.java:logGet(46)) - raft.server.watch.timeout.denomination = 1s (default)
2022-10-14 14:33:55,768 [8c401b7e-dd35-4342-9d84-0aada9f9613c@group-D4D3C4241BF8-LeaderElection15] INFO  server.RaftServerConfigKeys (ConfUtils.java:logGet(46)) - raft.server.watch.element-limit = 65536 (default)
2022-10-14 14:33:55,778 [8c401b7e-dd35-4342-9d84-0aada9f9613c@group-D4D3C4241BF8-LeaderElection15] INFO  server.RaftServerConfigKeys (ConfUtils.java:logGet(46)) - raft.server.write.element-limit = 1024 (custom)
2022-10-14 14:33:55,778 [8c401b7e-dd35-4342-9d84-0aada9f9613c@group-D4D3C4241BF8-LeaderElection15] INFO  server.RaftServerConfigKeys (ConfUtils.java:logGet(46)) - raft.server.write.follower.gap.ratio.max = -1.0 (default)
2022-10-14 14:33:55,778 [8c401b7e-dd35-4342-9d84-0aada9f9613c@group-D4D3C4241BF8-LeaderElection15] INFO  impl.RoleInfo (RoleInfo.java:updateAndGet(139)) - 8c401b7e-dd35-4342-9d84-0aada9f9613c: start 8c401b7e-dd35-4342-9d84-0aada9f9613c@group-D4D3C4241BF8-LeaderStateImpl
2022-10-14 14:33:55,778 [8c401b7e-dd35-4342-9d84-0aada9f9613c@group-D4D3C4241BF8-LeaderElection15] INFO  segmented.SegmentedRaftLogWorker (SegmentedRaftLogWorker.java:startLogSegment(425)) - 8c401b7e-dd35-4342-9d84-0aada9f9613c@group-D4D3C4241BF8-SegmentedRaftLogWorker: Starting segment from index:0
2022-10-14 14:33:55,782 [8c401b7e-dd35-4342-9d84-0aada9f9613c@group-D4D3C4241BF8-SegmentedRaftLogWorker] INFO  segmented.SegmentedRaftLogWorker (SegmentedRaftLogWorker.java:execute(629)) - 8c401b7e-dd35-4342-9d84-0aada9f9613c@group-D4D3C4241BF8-SegmentedRaftLogWorker: created new log segment /home/runner/work/ozone/ozone/hadoop-ozone/integration-test/target/test-dir/MiniOzoneClusterImpl-d3474758-561c-4776-8c9d-79a83af4ab20/datanode-2/data/ratis/0b00a526-45a9-4a6d-8555-d4d3c4241bf8/current/log_inprogress_0
2022-10-14 14:33:55,786 [8c401b7e-dd35-4342-9d84-0aada9f9613c@group-D4D3C4241BF8-LeaderElection15] INFO  server.RaftServer$Division (ServerState.java:setRaftConf(393)) - 8c401b7e-dd35-4342-9d84-0aada9f9613c@group-D4D3C4241BF8: set configuration 0: [8c401b7e-dd35-4342-9d84-0aada9f9613c|rpc:127.0.0.1:46747|dataStream:|priority:1], old=null
2022-10-14 14:33:56,169 [IPC Server handler 1 on default port 36349] INFO  ha.SCMNodeInfo (SCMNodeInfo.java:getPort(197)) - ConfigKey ozone.scm.client.address is deprecated, For configuring different ports for each SCM use PortConfigKey ozone.scm.client.port appended with serviceId and nodeId
2022-10-14 14:33:56,169 [IPC Server handler 1 on default port 36349] INFO  ha.SCMNodeInfo (SCMNodeInfo.java:getPort(197)) - ConfigKey ozone.scm.block.client.address is deprecated, For configuring different ports for each SCM use PortConfigKey ozone.scm.block.client.port appended with serviceId and nodeId
2022-10-14 14:33:56,169 [IPC Server handler 1 on default port 36349] INFO  ha.SCMNodeInfo (SCMNodeInfo.java:getPort(197)) - ConfigKey ozone.scm.datanode.address is deprecated, For configuring different ports for each SCM use PortConfigKey ozone.scm.datanode.port appended with serviceId and nodeId
2022-10-14 14:33:56,169 [IPC Server handler 1 on default port 36349] INFO  ha.SCMNodeInfo (SCMNodeInfo.java:getPort(197)) - ConfigKey ozone.scm.client.address is deprecated, For configuring different ports for each SCM use PortConfigKey ozone.scm.client.port appended with serviceId and nodeId
2022-10-14 14:33:56,169 [IPC Server handler 1 on default port 36349] INFO  ha.SCMNodeInfo (SCMNodeInfo.java:getPort(197)) - ConfigKey ozone.scm.block.client.address is deprecated, For configuring different ports for each SCM use PortConfigKey ozone.scm.block.client.port appended with serviceId and nodeId
2022-10-14 14:33:56,169 [IPC Server handler 1 on default port 36349] INFO  ha.SCMNodeInfo (SCMNodeInfo.java:getPort(197)) - ConfigKey ozone.scm.datanode.address is deprecated, For configuring different ports for each SCM use PortConfigKey ozone.scm.datanode.port appended with serviceId and nodeId
2022-10-14 14:33:56,170 [IPC Server handler 1 on default port 36349] INFO  ha.SCMNodeInfo (SCMNodeInfo.java:getPort(197)) - ConfigKey ozone.scm.client.address is deprecated, For configuring different ports for each SCM use PortConfigKey ozone.scm.client.port appended with serviceId and nodeId
2022-10-14 14:33:56,170 [IPC Server handler 1 on default port 36349] INFO  ha.SCMNodeInfo (SCMNodeInfo.java:getPort(197)) - ConfigKey ozone.scm.block.client.address is deprecated, For configuring different ports for each SCM use PortConfigKey ozone.scm.block.client.port appended with serviceId and nodeId
2022-10-14 14:33:56,170 [IPC Server handler 1 on default port 36349] INFO  ha.SCMNodeInfo (SCMNodeInfo.java:getPort(197)) - ConfigKey ozone.scm.datanode.address is deprecated, For configuring different ports for each SCM use PortConfigKey ozone.scm.datanode.port appended with serviceId and nodeId
2022-10-14 14:33:56,184 [Listener at 127.0.0.1/41295] INFO  rpc.RpcClient (RpcClient.java:createVolume(471)) - Creating Volume: d533dc22-0ca6-49cc-a5a0-f46cb7a463d0, with runner as owner and space quota set to -1 bytes, counts quota set to -1
2022-10-14 14:33:56,242 [OM StateMachine ApplyTransaction Thread - 0] INFO  volume.OMVolumeCreateRequest (OMVolumeCreateRequest.java:validateAndUpdateCache(195)) - created volume:d533dc22-0ca6-49cc-a5a0-f46cb7a463d0 for user:runner
2022-10-14 14:33:56,245 [OM StateMachine ApplyTransaction Thread - 0] INFO  volume.OMVolumeCreateRequest (OMVolumeCreateRequest.java:validateAndUpdateCache(195)) - created volume:d533dc22-0ca6-49cc-a5a0-f46cb7a463d0 for user:runner
2022-10-14 14:33:56,247 [OM StateMachine ApplyTransaction Thread - 0] INFO  volume.OMVolumeCreateRequest (OMVolumeCreateRequest.java:validateAndUpdateCache(195)) - created volume:d533dc22-0ca6-49cc-a5a0-f46cb7a463d0 for user:runner
2022-10-14 14:33:56,291 [Listener at 127.0.0.1/41295] INFO  rpc.RpcClient (RpcClient.java:createBucket(674)) - Creating Bucket: d533dc22-0ca6-49cc-a5a0-f46cb7a463d0/d724a1ae-a07a-4eb1-ac6b-219260639050, with server-side default bucket layout, runner as owner, Versioning false, Storage Type set to DISK and Encryption set to false 
2022-10-14 14:33:56,323 [OM StateMachine ApplyTransaction Thread - 0] INFO  bucket.OMBucketCreateRequest (OMBucketCreateRequest.java:validateAndUpdateCache(260)) - created bucket: d724a1ae-a07a-4eb1-ac6b-219260639050 of layout LEGACY in volume: d533dc22-0ca6-49cc-a5a0-f46cb7a463d0
2022-10-14 14:33:56,324 [Listener at 127.0.0.1/41295] INFO  ozone.MiniOzoneHAClusterImpl (MiniOzoneHAClusterImpl.java:stop(312)) - Stopping the OzoneManager omNode-3
2022-10-14 14:33:56,325 [Listener at 127.0.0.1/41295] INFO  om.OzoneManager (OzoneManager.java:stop(2035)) - omNode-3[localhost:41295]: Stopping Ozone Manager
2022-10-14 14:33:56,325 [Listener at 127.0.0.1/41295] INFO  ipc.Server (Server.java:stop(3428)) - Stopping server on 41295
2022-10-14 14:33:56,340 [IPC Server listener on 41295] INFO  ipc.Server (Server.java:run(1384)) - Stopping IPC Server listener on 41295
2022-10-14 14:33:56,344 [OM StateMachine ApplyTransaction Thread - 0] INFO  bucket.OMBucketCreateRequest (OMBucketCreateRequest.java:validateAndUpdateCache(260)) - created bucket: d724a1ae-a07a-4eb1-ac6b-219260639050 of layout LEGACY in volume: d533dc22-0ca6-49cc-a5a0-f46cb7a463d0
2022-10-14 14:33:56,346 [Listener at 127.0.0.1/41295] INFO  server.RaftServer (RaftServerProxy.java:lambda$close$7(398)) - omNode-3: close
2022-10-14 14:33:56,346 [Listener at 127.0.0.1/41295] INFO  server.RaftServer$Division (RaftServerImpl.java:lambda$close$4(434)) - omNode-3@group-6C22E66A003A: shutdown
2022-10-14 14:33:56,347 [Listener at 127.0.0.1/41295] INFO  util.JmxRegister (JmxRegister.java:unregister(73)) - Successfully un-registered JMX Bean with object name Ratis:service=RaftServer,group=group-6C22E66A003A,id=omNode-3
2022-10-14 14:33:56,347 [Listener at 127.0.0.1/41295] INFO  impl.RoleInfo (RoleInfo.java:shutdownFollowerState(110)) - omNode-3: shutdown omNode-3@group-6C22E66A003A-FollowerState
2022-10-14 14:33:56,347 [Listener at 127.0.0.1/41295] INFO  impl.StateMachineUpdater (StateMachineUpdater.java:stopAndJoin(153)) - omNode-3@group-6C22E66A003A-StateMachineUpdater: set stopIndex = 5
2022-10-14 14:33:56,347 [omNode-3@group-6C22E66A003A-FollowerState] INFO  impl.FollowerState (FollowerState.java:run(152)) - omNode-3@group-6C22E66A003A-FollowerState was interrupted
2022-10-14 14:33:56,347 [IPC Server Responder] INFO  ipc.Server (Server.java:run(1517)) - Stopping IPC Server Responder
2022-10-14 14:33:56,352 [OM StateMachine ApplyTransaction Thread - 0] INFO  bucket.OMBucketCreateRequest (OMBucketCreateRequest.java:validateAndUpdateCache(260)) - created bucket: d724a1ae-a07a-4eb1-ac6b-219260639050 of layout LEGACY in volume: d533dc22-0ca6-49cc-a5a0-f46cb7a463d0
2022-10-14 14:33:56,352 [omNode-3@group-6C22E66A003A-StateMachineUpdater] INFO  ratis.OzoneManagerStateMachine (OzoneManagerStateMachine.java:takeSnapshot(441)) - Current Snapshot Index (t:4, i:4)
2022-10-14 14:33:56,353 [omNode-3@group-6C22E66A003A-StateMachineUpdater] INFO  impl.StateMachineUpdater (StateMachineUpdater.java:takeSnapshot(287)) - omNode-3@group-6C22E66A003A-StateMachineUpdater: Took a snapshot at index 4
2022-10-14 14:33:56,353 [omNode-3@group-6C22E66A003A-StateMachineUpdater] INFO  impl.StateMachineUpdater (StateMachineUpdater.java:lambda$new$0(92)) - omNode-3@group-6C22E66A003A-StateMachineUpdater: snapshotIndex: updateIncreasingly -1 -> 4
2022-10-14 14:33:56,353 [omNode-3@group-6C22E66A003A-StateMachineUpdater] INFO  ratis.OzoneManagerStateMachine (OzoneManagerStateMachine.java:takeSnapshot(441)) - Current Snapshot Index (t:4, i:4)
2022-10-14 14:33:56,353 [omNode-3@group-6C22E66A003A-StateMachineUpdater] INFO  impl.StateMachineUpdater (StateMachineUpdater.java:takeSnapshot(287)) - omNode-3@group-6C22E66A003A-StateMachineUpdater: Took a snapshot at index 4
2022-10-14 14:33:56,353 [omNode-3@group-6C22E66A003A-StateMachineUpdater] INFO  impl.StateMachineUpdater (StateMachineUpdater.java:lambda$new$0(92)) - omNode-3@group-6C22E66A003A-StateMachineUpdater: snapshotIndex: updateIncreasingly 4 -> 4
2022-10-14 14:33:56,353 [omNode-3@group-6C22E66A003A-StateMachineUpdater] INFO  ratis.OzoneManagerStateMachine (OzoneManagerStateMachine.java:close(495)) - StateMachine has shutdown. Shutdown OzoneManager if not already shutdown.
2022-10-14 14:33:56,353 [omNode-3@group-6C22E66A003A-StateMachineUpdater] INFO  ratis.OzoneManagerDoubleBuffer (OzoneManagerDoubleBuffer.java:stop(466)) - Stopping OMDoubleBuffer flush thread
2022-10-14 14:33:56,362 [Listener at 127.0.0.1/41295] INFO  server.RaftServer$Division (ServerState.java:close(429)) - omNode-3@group-6C22E66A003A: closes. applyIndex: 5
2022-10-14 14:33:56,362 [omNode-3@group-6C22E66A003A-SegmentedRaftLogWorker] INFO  segmented.SegmentedRaftLogWorker (SegmentedRaftLogWorker.java:run(336)) - omNode-3@group-6C22E66A003A-SegmentedRaftLogWorker was interrupted, exiting. There are 0 tasks remaining in the queue.
2022-10-14 14:33:56,365 [Listener at 127.0.0.1/41295] INFO  segmented.SegmentedRaftLogWorker (SegmentedRaftLogWorker.java:close(246)) - omNode-3@group-6C22E66A003A-SegmentedRaftLogWorker close()
2022-10-14 14:33:56,368 [Listener at 127.0.0.1/41295] INFO  server.GrpcService (GrpcService.java:closeImpl(269)) - omNode-3: shutdown server with port 34495 now
2022-10-14 14:33:56,384 [grpc-default-executor-1] WARN  server.GrpcServerProtocolService (LogUtils.java:warn(122)) - omNode-3: installSnapshot onError, lastRequest: omNode-2->omNode-3#94-t4,previous=(t:4, i:5),leaderCommit=5,initializing? true,entries: size=1, first=(t:4, i:6), METADATAENTRY(c:5): org.apache.ratis.thirdparty.io.grpc.StatusRuntimeException: CANCELLED: client cancelled
2022-10-14 14:33:56,387 [grpc-default-executor-1] WARN  server.GrpcLogAppender (LogUtils.java:warn(122)) - omNode-2@group-6C22E66A003A->omNode-3-AppendLogResponseHandler: Failed appendEntries: org.apache.ratis.thirdparty.io.grpc.StatusRuntimeException: CANCELLED: RST_STREAM closed stream. HTTP/2 error code: CANCEL
2022-10-14 14:33:56,387 [grpc-default-executor-1] INFO  leader.FollowerInfo (FollowerInfoImpl.java:lambda$new$0(48)) - omNode-2@group-6C22E66A003A->omNode-3: nextIndex: updateUnconditionally 7 -> 6
2022-10-14 14:33:56,394 [Listener at 127.0.0.1/41295] INFO  server.GrpcService (GrpcService.java:closeImpl(278)) - omNode-3: shutdown server with port 34495 successfully
2022-10-14 14:33:56,396 [org.apache.ratis.util.JvmPauseMonitor$$Lambda$519/1610556435@3ea0df88] INFO  util.JvmPauseMonitor (JvmPauseMonitor.java:run(109)) - JvmPauseMonitor-omNode-3: Stopped
2022-10-14 14:33:56,409 [Listener at 127.0.0.1/41295] INFO  ratis.OzoneManagerStateMachine (OzoneManagerStateMachine.java:close(495)) - StateMachine has shutdown. Shutdown OzoneManager if not already shutdown.
2022-10-14 14:33:56,409 [Listener at 127.0.0.1/41295] INFO  ratis.OzoneManagerDoubleBuffer (OzoneManagerDoubleBuffer.java:stop(478)) - OMDoubleBuffer flush thread is not running.
2022-10-14 14:33:56,413 [Listener at 127.0.0.1/41295] INFO  utils.BackgroundService (BackgroundService.java:shutdown(141)) - Shutting down service KeyDeletingService
2022-10-14 14:33:56,413 [grpc-default-executor-2] WARN  server.GrpcLogAppender (LogUtils.java:warn(122)) - omNode-2@group-6C22E66A003A->omNode-3-AppendLogResponseHandler: Failed appendEntries: org.apache.ratis.thirdparty.io.grpc.StatusRuntimeException: UNAVAILABLE: io exception
2022-10-14 14:33:56,414 [grpc-default-executor-2] INFO  leader.FollowerInfo (FollowerInfoImpl.java:lambda$new$0(48)) - omNode-2@group-6C22E66A003A->omNode-3: nextIndex: updateUnconditionally 7 -> 6
2022-10-14 14:33:56,414 [Listener at 127.0.0.1/41295] INFO  utils.BackgroundService (BackgroundService.java:shutdown(141)) - Shutting down service DirectoryDeletingService
2022-10-14 14:33:56,414 [Listener at 127.0.0.1/41295] INFO  utils.BackgroundService (BackgroundService.java:shutdown(141)) - Shutting down service OpenKeyCleanupService
2022-10-14 14:33:56,420 [Listener at 127.0.0.1/41295] INFO  handler.ContextHandler (ContextHandler.java:doStop(1153)) - Stopped o.e.j.w.WebAppContext@1767e18d{ozoneManager,/,null,STOPPED}{file:/home/runner/work/ozone/ozone/hadoop-ozone/integration-test/target/test-classes/webapps/ozoneManager}
2022-10-14 14:33:56,427 [Listener at 127.0.0.1/41295] INFO  server.AbstractConnector (AbstractConnector.java:doStop(381)) - Stopped ServerConnector@5eda9504{HTTP/1.1, (http/1.1)}{0.0.0.0:33051}
2022-10-14 14:33:56,427 [Listener at 127.0.0.1/41295] INFO  server.session (HouseKeeper.java:stopScavenging(149)) - node0 Stopped scavenging
2022-10-14 14:33:56,427 [Listener at 127.0.0.1/41295] INFO  handler.ContextHandler (ContextHandler.java:doStop(1153)) - Stopped o.e.j.s.ServletContextHandler@3b876d78{static,/static,file:///home/runner/work/ozone/ozone/hadoop-ozone/integration-test/target/test-classes/webapps/static,STOPPED}
2022-10-14 14:33:56,427 [Listener at 127.0.0.1/41295] INFO  handler.ContextHandler (ContextHandler.java:doStop(1153)) - Stopped o.e.j.s.ServletContextHandler@11c41bdd{logs,/logs,file:///home/runner/work/ozone/ozone/hadoop-ozone/integration-test/target/log,STOPPED}
2022-10-14 14:33:56,430 [Listener at 127.0.0.1/41295] INFO  ozone.MiniOzoneHAClusterImpl (MiniOzoneHAClusterImpl.java:stop(312)) - Stopping the OzoneManager omNode-1
2022-10-14 14:33:56,430 [Listener at 127.0.0.1/41295] INFO  om.OzoneManager (OzoneManager.java:stop(2035)) - omNode-1[localhost:44861]: Stopping Ozone Manager
2022-10-14 14:33:56,432 [Listener at 127.0.0.1/41295] INFO  ipc.Server (Server.java:stop(3428)) - Stopping server on 44861
2022-10-14 14:33:56,435 [IPC Server listener on 44861] INFO  ipc.Server (Server.java:run(1384)) - Stopping IPC Server listener on 44861
2022-10-14 14:33:56,438 [IPC Server Responder] INFO  ipc.Server (Server.java:run(1517)) - Stopping IPC Server Responder
2022-10-14 14:33:56,439 [Listener at 127.0.0.1/41295] INFO  server.RaftServer (RaftServerProxy.java:lambda$close$7(398)) - omNode-1: close
2022-10-14 14:33:56,439 [Listener at 127.0.0.1/41295] INFO  server.RaftServer$Division (RaftServerImpl.java:lambda$close$4(434)) - omNode-1@group-6C22E66A003A: shutdown
2022-10-14 14:33:56,439 [Listener at 127.0.0.1/41295] INFO  util.JmxRegister (JmxRegister.java:unregister(73)) - Successfully un-registered JMX Bean with object name Ratis:service=RaftServer,group=group-6C22E66A003A,id=omNode-1
2022-10-14 14:33:56,439 [Listener at 127.0.0.1/41295] INFO  impl.RoleInfo (RoleInfo.java:shutdownFollowerState(110)) - omNode-1: shutdown omNode-1@group-6C22E66A003A-FollowerState
2022-10-14 14:33:56,439 [omNode-1@group-6C22E66A003A-FollowerState] INFO  impl.FollowerState (FollowerState.java:run(152)) - omNode-1@group-6C22E66A003A-FollowerState was interrupted
2022-10-14 14:33:56,440 [omNode-1@group-6C22E66A003A-StateMachineUpdater] INFO  ratis.OzoneManagerStateMachine (OzoneManagerStateMachine.java:takeSnapshot(441)) - Current Snapshot Index (t:4, i:5)
2022-10-14 14:33:56,440 [omNode-1@group-6C22E66A003A-StateMachineUpdater] INFO  impl.StateMachineUpdater (StateMachineUpdater.java:takeSnapshot(287)) - omNode-1@group-6C22E66A003A-StateMachineUpdater: Took a snapshot at index 5
2022-10-14 14:33:56,440 [omNode-1@group-6C22E66A003A-StateMachineUpdater] INFO  impl.StateMachineUpdater (StateMachineUpdater.java:lambda$new$0(92)) - omNode-1@group-6C22E66A003A-StateMachineUpdater: snapshotIndex: updateIncreasingly -1 -> 5
2022-10-14 14:33:56,440 [omNode-1@group-6C22E66A003A-StateMachineUpdater] INFO  ratis.OzoneManagerStateMachine (OzoneManagerStateMachine.java:close(495)) - StateMachine has shutdown. Shutdown OzoneManager if not already shutdown.
2022-10-14 14:33:56,440 [omNode-1@group-6C22E66A003A-StateMachineUpdater] INFO  ratis.OzoneManagerDoubleBuffer (OzoneManagerDoubleBuffer.java:stop(466)) - Stopping OMDoubleBuffer flush thread
2022-10-14 14:33:56,440 [Listener at 127.0.0.1/41295] INFO  impl.StateMachineUpdater (StateMachineUpdater.java:stopAndJoin(153)) - omNode-1@group-6C22E66A003A-StateMachineUpdater: set stopIndex = 5
2022-10-14 14:33:56,440 [OMDoubleBufferFlushThread] INFO  ratis.OzoneManagerDoubleBuffer (OzoneManagerDoubleBuffer.java:flushTransactions(385)) - OMDoubleBuffer flush thread OMDoubleBufferFlushThread is interrupted and will exit.
2022-10-14 14:33:56,442 [Listener at 127.0.0.1/41295] INFO  server.RaftServer$Division (ServerState.java:close(429)) - omNode-1@group-6C22E66A003A: closes. applyIndex: 5
2022-10-14 14:33:56,442 [omNode-1@group-6C22E66A003A-SegmentedRaftLogWorker] INFO  segmented.SegmentedRaftLogWorker (SegmentedRaftLogWorker.java:run(336)) - omNode-1@group-6C22E66A003A-SegmentedRaftLogWorker was interrupted, exiting. There are 0 tasks remaining in the queue.
2022-10-14 14:33:56,449 [Listener at 127.0.0.1/41295] INFO  segmented.SegmentedRaftLogWorker (SegmentedRaftLogWorker.java:close(246)) - omNode-1@group-6C22E66A003A-SegmentedRaftLogWorker close()
2022-10-14 14:33:56,452 [Listener at 127.0.0.1/41295] INFO  server.GrpcService (GrpcService.java:closeImpl(269)) - omNode-1: shutdown server with port 39741 now
2022-10-14 14:33:56,456 [grpc-default-executor-1] WARN  server.GrpcServerProtocolService (LogUtils.java:warn(122)) - omNode-1: installSnapshot onError, lastRequest: omNode-2->omNode-1#93-t4,previous=(t:4, i:5),leaderCommit=5,initializing? true,entries: size=1, first=(t:4, i:6), METADATAENTRY(c:5): org.apache.ratis.thirdparty.io.grpc.StatusRuntimeException: CANCELLED: client cancelled
2022-10-14 14:33:56,456 [grpc-default-executor-3] WARN  server.GrpcLogAppender (LogUtils.java:warn(122)) - omNode-2@group-6C22E66A003A->omNode-1-AppendLogResponseHandler: Failed appendEntries: org.apache.ratis.thirdparty.io.grpc.StatusRuntimeException: CANCELLED: RST_STREAM closed stream. HTTP/2 error code: CANCEL
2022-10-14 14:33:56,457 [grpc-default-executor-3] INFO  leader.FollowerInfo (FollowerInfoImpl.java:lambda$new$0(48)) - omNode-2@group-6C22E66A003A->omNode-1: nextIndex: updateUnconditionally 7 -> 6
2022-10-14 14:33:56,459 [Listener at 127.0.0.1/41295] INFO  server.GrpcService (GrpcService.java:closeImpl(278)) - omNode-1: shutdown server with port 39741 successfully
2022-10-14 14:33:56,459 [org.apache.ratis.util.JvmPauseMonitor$$Lambda$519/1610556435@3f095a68] INFO  util.JvmPauseMonitor (JvmPauseMonitor.java:run(109)) - JvmPauseMonitor-omNode-1: Stopped
2022-10-14 14:33:56,460 [Listener at 127.0.0.1/41295] INFO  ratis.OzoneManagerStateMachine (OzoneManagerStateMachine.java:close(495)) - StateMachine has shutdown. Shutdown OzoneManager if not already shutdown.
2022-10-14 14:33:56,460 [Listener at 127.0.0.1/41295] INFO  ratis.OzoneManagerDoubleBuffer (OzoneManagerDoubleBuffer.java:stop(478)) - OMDoubleBuffer flush thread is not running.
2022-10-14 14:33:56,460 [Listener at 127.0.0.1/41295] INFO  utils.BackgroundService (BackgroundService.java:shutdown(141)) - Shutting down service KeyDeletingService
2022-10-14 14:33:56,460 [Listener at 127.0.0.1/41295] INFO  utils.BackgroundService (BackgroundService.java:shutdown(141)) - Shutting down service DirectoryDeletingService
2022-10-14 14:33:56,461 [Listener at 127.0.0.1/41295] INFO  utils.BackgroundService (BackgroundService.java:shutdown(141)) - Shutting down service OpenKeyCleanupService
2022-10-14 14:33:56,463 [Listener at 127.0.0.1/41295] INFO  handler.ContextHandler (ContextHandler.java:doStop(1153)) - Stopped o.e.j.w.WebAppContext@dc93112{ozoneManager,/,null,STOPPED}{file:/home/runner/work/ozone/ozone/hadoop-ozone/integration-test/target/test-classes/webapps/ozoneManager}
2022-10-14 14:33:56,464 [Listener at 127.0.0.1/41295] INFO  server.AbstractConnector (AbstractConnector.java:doStop(381)) - Stopped ServerConnector@5a1d4bbe{HTTP/1.1, (http/1.1)}{0.0.0.0:44521}
2022-10-14 14:33:56,465 [Listener at 127.0.0.1/41295] INFO  server.session (HouseKeeper.java:stopScavenging(149)) - node0 Stopped scavenging
2022-10-14 14:33:56,465 [Listener at 127.0.0.1/41295] INFO  handler.ContextHandler (ContextHandler.java:doStop(1153)) - Stopped o.e.j.s.ServletContextHandler@3881f9e9{static,/static,file:///home/runner/work/ozone/ozone/hadoop-ozone/integration-test/target/test-classes/webapps/static,STOPPED}
2022-10-14 14:33:56,466 [Listener at 127.0.0.1/41295] INFO  handler.ContextHandler (ContextHandler.java:doStop(1153)) - Stopped o.e.j.s.ServletContextHandler@3f584a90{logs,/logs,file:///home/runner/work/ozone/ozone/hadoop-ozone/integration-test/target/log,STOPPED}
2022-10-14 14:33:56,466 [grpc-default-executor-2] WARN  server.GrpcLogAppender (LogUtils.java:warn(122)) - omNode-2@group-6C22E66A003A->omNode-1-AppendLogResponseHandler: Failed appendEntries: org.apache.ratis.thirdparty.io.grpc.StatusRuntimeException: UNAVAILABLE: io exception
2022-10-14 14:33:56,466 [grpc-default-executor-2] INFO  leader.FollowerInfo (FollowerInfoImpl.java:lambda$new$0(48)) - omNode-2@group-6C22E66A003A->omNode-1: nextIndex: updateUnconditionally 7 -> 6
2022-10-14 14:33:56,470 [Listener at 127.0.0.1/41295] INFO  ozone.MiniOzoneHAClusterImpl (MiniOzoneHAClusterImpl.java:stop(312)) - Stopping the OzoneManager omNode-2
2022-10-14 14:33:56,470 [Listener at 127.0.0.1/41295] INFO  om.OzoneManager (OzoneManager.java:stop(2035)) - omNode-2[localhost:36349]: Stopping Ozone Manager
2022-10-14 14:33:56,471 [Listener at 127.0.0.1/41295] INFO  ipc.Server (Server.java:stop(3428)) - Stopping server on 36349
2022-10-14 14:33:56,475 [IPC Server Responder] INFO  ipc.Server (Server.java:run(1517)) - Stopping IPC Server Responder
2022-10-14 14:33:56,476 [IPC Server listener on 36349] INFO  ipc.Server (Server.java:run(1384)) - Stopping IPC Server listener on 36349
2022-10-14 14:33:56,476 [Listener at 127.0.0.1/41295] INFO  server.RaftServer (RaftServerProxy.java:lambda$close$7(398)) - omNode-2: close
2022-10-14 14:33:56,476 [Listener at 127.0.0.1/41295] INFO  server.RaftServer$Division (RaftServerImpl.java:lambda$close$4(434)) - omNode-2@group-6C22E66A003A: shutdown
2022-10-14 14:33:56,476 [Listener at 127.0.0.1/41295] INFO  util.JmxRegister (JmxRegister.java:unregister(73)) - Successfully un-registered JMX Bean with object name Ratis:service=RaftServer,group=group-6C22E66A003A,id=omNode-2
2022-10-14 14:33:56,476 [Listener at 127.0.0.1/41295] INFO  impl.RoleInfo (RoleInfo.java:shutdownLeaderState(93)) - omNode-2: shutdown omNode-2@group-6C22E66A003A-LeaderStateImpl
2022-10-14 14:33:56,477 [omNode-2@group-6C22E66A003A->omNode-3-GrpcLogAppender-LogAppenderDaemon] WARN  server.GrpcLogAppender (GrpcLogAppender.java:mayWait(171)) - omNode-2@group-6C22E66A003A->omNode-3-GrpcLogAppender: Wait interrupted by java.lang.InterruptedException
2022-10-14 14:33:56,477 [omNode-2@group-6C22E66A003A->omNode-1-GrpcLogAppender-LogAppenderDaemon] WARN  server.GrpcLogAppender (GrpcLogAppender.java:mayWait(171)) - omNode-2@group-6C22E66A003A->omNode-1-GrpcLogAppender: Wait interrupted by java.lang.InterruptedException
2022-10-14 14:33:56,477 [Listener at 127.0.0.1/41295] INFO  impl.PendingRequests (PendingRequests.java:sendNotLeaderResponses(282)) - omNode-2@group-6C22E66A003A-PendingRequests: sendNotLeaderResponses
2022-10-14 14:33:56,480 [Listener at 127.0.0.1/41295] INFO  impl.StateMachineUpdater (StateMachineUpdater.java:stopAndJoin(153)) - omNode-2@group-6C22E66A003A-StateMachineUpdater: set stopIndex = 6
2022-10-14 14:33:56,481 [omNode-2@group-6C22E66A003A-StateMachineUpdater] INFO  ratis.OzoneManagerStateMachine (OzoneManagerStateMachine.java:takeSnapshot(441)) - Current Snapshot Index (t:4, i:6)
2022-10-14 14:33:56,481 [omNode-2@group-6C22E66A003A-StateMachineUpdater] INFO  impl.StateMachineUpdater (StateMachineUpdater.java:takeSnapshot(287)) - omNode-2@group-6C22E66A003A-StateMachineUpdater: Took a snapshot at index 6
2022-10-14 14:33:56,481 [omNode-2@group-6C22E66A003A-StateMachineUpdater] INFO  impl.StateMachineUpdater (StateMachineUpdater.java:lambda$new$0(92)) - omNode-2@group-6C22E66A003A-StateMachineUpdater: snapshotIndex: updateIncreasingly -1 -> 6
2022-10-14 14:33:56,481 [omNode-2@group-6C22E66A003A-StateMachineUpdater] INFO  ratis.OzoneManagerStateMachine (OzoneManagerStateMachine.java:close(495)) - StateMachine has shutdown. Shutdown OzoneManager if not already shutdown.
2022-10-14 14:33:56,481 [omNode-2@group-6C22E66A003A-StateMachineUpdater] INFO  ratis.OzoneManagerDoubleBuffer (OzoneManagerDoubleBuffer.java:stop(466)) - Stopping OMDoubleBuffer flush thread
2022-10-14 14:33:56,481 [OMDoubleBufferFlushThread] INFO  ratis.OzoneManagerDoubleBuffer (OzoneManagerDoubleBuffer.java:flushTransactions(385)) - OMDoubleBuffer flush thread OMDoubleBufferFlushThread is interrupted and will exit.
2022-10-14 14:33:56,484 [Listener at 127.0.0.1/41295] INFO  server.RaftServer$Division (ServerState.java:close(429)) - omNode-2@group-6C22E66A003A: closes. applyIndex: 6
2022-10-14 14:33:56,484 [omNode-2@group-6C22E66A003A-SegmentedRaftLogWorker] INFO  segmented.SegmentedRaftLogWorker (SegmentedRaftLogWorker.java:run(336)) - omNode-2@group-6C22E66A003A-SegmentedRaftLogWorker was interrupted, exiting. There are 0 tasks remaining in the queue.
2022-10-14 14:33:56,486 [Listener at 127.0.0.1/41295] INFO  segmented.SegmentedRaftLogWorker (SegmentedRaftLogWorker.java:close(246)) - omNode-2@group-6C22E66A003A-SegmentedRaftLogWorker close()
2022-10-14 14:33:56,489 [Listener at 127.0.0.1/41295] INFO  server.GrpcService (GrpcService.java:closeImpl(269)) - omNode-2: shutdown server with port 42271 now
2022-10-14 14:33:56,495 [Listener at 127.0.0.1/41295] INFO  server.GrpcService (GrpcService.java:closeImpl(278)) - omNode-2: shutdown server with port 42271 successfully
2022-10-14 14:33:56,495 [org.apache.ratis.util.JvmPauseMonitor$$Lambda$519/1610556435@1db88dd2] INFO  util.JvmPauseMonitor (JvmPauseMonitor.java:run(109)) - JvmPauseMonitor-omNode-2: Stopped
2022-10-14 14:33:56,495 [Listener at 127.0.0.1/41295] INFO  ratis.OzoneManagerStateMachine (OzoneManagerStateMachine.java:close(495)) - StateMachine has shutdown. Shutdown OzoneManager if not already shutdown.
2022-10-14 14:33:56,495 [Listener at 127.0.0.1/41295] INFO  ratis.OzoneManagerDoubleBuffer (OzoneManagerDoubleBuffer.java:stop(478)) - OMDoubleBuffer flush thread is not running.
2022-10-14 14:33:56,496 [Listener at 127.0.0.1/41295] INFO  utils.BackgroundService (BackgroundService.java:shutdown(141)) - Shutting down service KeyDeletingService
2022-10-14 14:33:56,496 [Listener at 127.0.0.1/41295] INFO  utils.BackgroundService (BackgroundService.java:shutdown(141)) - Shutting down service DirectoryDeletingService
2022-10-14 14:33:56,496 [Listener at 127.0.0.1/41295] INFO  utils.BackgroundService (BackgroundService.java:shutdown(141)) - Shutting down service OpenKeyCleanupService
2022-10-14 14:33:56,496 [Listener at 127.0.0.1/41295] INFO  handler.ContextHandler (ContextHandler.java:doStop(1153)) - Stopped o.e.j.w.WebAppContext@196d0784{ozoneManager,/,null,STOPPED}{file:/home/runner/work/ozone/ozone/hadoop-ozone/integration-test/target/test-classes/webapps/ozoneManager}
2022-10-14 14:33:56,497 [Listener at 127.0.0.1/41295] INFO  server.AbstractConnector (AbstractConnector.java:doStop(381)) - Stopped ServerConnector@65112a51{HTTP/1.1, (http/1.1)}{0.0.0.0:38729}
2022-10-14 14:33:56,497 [Listener at 127.0.0.1/41295] INFO  server.session (HouseKeeper.java:stopScavenging(149)) - node0 Stopped scavenging
2022-10-14 14:33:56,497 [Listener at 127.0.0.1/41295] INFO  handler.ContextHandler (ContextHandler.java:doStop(1153)) - Stopped o.e.j.s.ServletContextHandler@37af3018{static,/static,file:///home/runner/work/ozone/ozone/hadoop-ozone/integration-test/target/test-classes/webapps/static,STOPPED}
2022-10-14 14:33:56,497 [Listener at 127.0.0.1/41295] INFO  handler.ContextHandler (ContextHandler.java:doStop(1153)) - Stopped o.e.j.s.ServletContextHandler@287189b0{logs,/logs,file:///home/runner/work/ozone/ozone/hadoop-ozone/integration-test/target/log,STOPPED}
2022-10-14 14:33:56,501 [Listener at 127.0.0.1/41295] INFO  ozone.MiniOzoneHAClusterImpl (MiniOzoneHAClusterImpl.java:stop(320)) - Stopping the StorageContainerManager c70ee520-a26f-4925-a0d6-13999223b64a
2022-10-14 14:33:56,501 [Listener at 127.0.0.1/41295] INFO  server.StorageContainerManager (StorageContainerManager.java:stop(1528)) - Container Balancer is not running.
2022-10-14 14:33:56,501 [Listener at 127.0.0.1/41295] INFO  server.StorageContainerManager (StorageContainerManager.java:stop(1535)) - Stopping Replication Manager Service.
2022-10-14 14:33:56,501 [Listener at 127.0.0.1/41295] INFO  replication.ReplicationManager (ReplicationManager.java:stop(257)) - Stopping Replication Monitor Thread.
2022-10-14 14:33:56,501 [Listener at 127.0.0.1/41295] INFO  server.StorageContainerManager (StorageContainerManager.java:stop(1542)) - Stopping the Datanode Admin Monitor.
2022-10-14 14:33:56,501 [Under Replicated Processor] WARN  replication.UnderReplicatedProcessor (UnderReplicatedProcessor.java:run(148)) - Under Replicated Processor interrupted. Exiting...
2022-10-14 14:33:56,501 [Listener at 127.0.0.1/41295] INFO  server.StorageContainerManager (StorageContainerManager.java:stop(1549)) - Stopping Lease Manager of the command watchers
2022-10-14 14:33:56,502 [ReplicationMonitor] INFO  replication.ReplicationManager (ReplicationManager.java:run(509)) - Replication Monitor Thread is stopped
2022-10-14 14:33:56,502 [Listener at 127.0.0.1/41295] INFO  server.StorageContainerManager (StorageContainerManager.java:stop(1556)) - Stopping datanode service RPC server
2022-10-14 14:33:56,502 [Listener at 127.0.0.1/41295] INFO  server.SCMDatanodeProtocolServer (SCMDatanodeProtocolServer.java:stop(414)) - Stopping the RPC server for DataNodes
2022-10-14 14:33:56,502 [Listener at 127.0.0.1/41295] INFO  ipc.Server (Server.java:stop(3428)) - Stopping server on 38439
2022-10-14 14:33:56,502 [Over Replicated Processor] WARN  replication.OverReplicatedProcessor (OverReplicatedProcessor.java:run(137)) - Over Replicated Processor interrupted. Exiting...
2022-10-14 14:33:56,503 [IPC Server listener on 38439] INFO  ipc.Server (Server.java:run(1384)) - Stopping IPC Server listener on 38439
2022-10-14 14:33:56,505 [IPC Server Responder] INFO  ipc.Server (Server.java:run(1517)) - Stopping IPC Server Responder
2022-10-14 14:33:56,533 [SCM Heartbeat Processing Thread - 0] WARN  node.NodeStateManager (NodeStateManager.java:scheduleNextHealthCheck(870)) - Current Thread is interrupted, shutting down HB processing thread for Node Manager.
2022-10-14 14:33:56,534 [Listener at 127.0.0.1/41295] INFO  server.StorageContainerManager (StorageContainerManager.java:stop(1564)) - Stopping block service RPC server
2022-10-14 14:33:56,534 [Listener at 127.0.0.1/41295] INFO  server.SCMBlockProtocolServer (SCMBlockProtocolServer.java:stop(161)) - Stopping the RPC server for Block Protocol
2022-10-14 14:33:56,534 [Listener at 127.0.0.1/41295] INFO  ipc.Server (Server.java:stop(3428)) - Stopping server on 40511
2022-10-14 14:33:56,538 [IPC Server Responder] INFO  ipc.Server (Server.java:run(1517)) - Stopping IPC Server Responder
2022-10-14 14:33:56,538 [Listener at 127.0.0.1/41295] INFO  server.StorageContainerManager (StorageContainerManager.java:stop(1571)) - Stopping the StorageContainerLocationProtocol RPC server
2022-10-14 14:33:56,539 [IPC Server listener on 40511] INFO  ipc.Server (Server.java:run(1384)) - Stopping IPC Server listener on 40511
2022-10-14 14:33:56,539 [Listener at 127.0.0.1/41295] INFO  server.SCMClientProtocolServer (SCMClientProtocolServer.java:stop(179)) - Stopping the RPC server for Client Protocol
2022-10-14 14:33:56,539 [Listener at 127.0.0.1/41295] INFO  ipc.Server (Server.java:stop(3428)) - Stopping server on 37901
2022-10-14 14:33:56,543 [IPC Server Responder] INFO  ipc.Server (Server.java:run(1517)) - Stopping IPC Server Responder
2022-10-14 14:33:56,543 [Listener at 127.0.0.1/41295] INFO  server.StorageContainerManager (StorageContainerManager.java:stop(1578)) - Stopping Storage Container Manager HTTP server.
2022-10-14 14:33:56,543 [IPC Server listener on 37901] INFO  ipc.Server (Server.java:run(1384)) - Stopping IPC Server listener on 37901
2022-10-14 14:33:56,550 [Listener at 127.0.0.1/41295] INFO  handler.ContextHandler (ContextHandler.java:doStop(1153)) - Stopped o.e.j.w.WebAppContext@100e96dc{scm,/,null,STOPPED}{file:/home/runner/work/ozone/ozone/hadoop-ozone/integration-test/target/test-classes/webapps/scm}
2022-10-14 14:33:56,551 [Listener at 127.0.0.1/41295] INFO  server.AbstractConnector (AbstractConnector.java:doStop(381)) - Stopped ServerConnector@3d0d6d00{HTTP/1.1, (http/1.1)}{0.0.0.0:46535}
2022-10-14 14:33:56,551 [Listener at 127.0.0.1/41295] INFO  server.session (HouseKeeper.java:stopScavenging(149)) - node0 Stopped scavenging
2022-10-14 14:33:56,551 [Listener at 127.0.0.1/41295] INFO  handler.ContextHandler (ContextHandler.java:doStop(1153)) - Stopped o.e.j.s.ServletContextHandler@20a84e77{static,/static,file:///home/runner/work/ozone/ozone/hadoop-ozone/integration-test/target/test-classes/webapps/static,STOPPED}
2022-10-14 14:33:56,552 [Listener at 127.0.0.1/41295] INFO  handler.ContextHandler (ContextHandler.java:doStop(1153)) - Stopped o.e.j.s.ServletContextHandler@6743b287{logs,/logs,file:///home/runner/work/ozone/ozone/hadoop-ozone/integration-test/target/log,STOPPED}
2022-10-14 14:33:56,553 [Listener at 127.0.0.1/41295] INFO  server.StorageContainerManager (StorageContainerManager.java:stop(1584)) - Stopping SCM LayoutVersionManager Service.
2022-10-14 14:33:56,553 [Listener at 127.0.0.1/41295] INFO  server.StorageContainerManager (StorageContainerManager.java:stop(1592)) - Stopping Block Manager Service.
2022-10-14 14:33:56,553 [Listener at 127.0.0.1/41295] INFO  utils.BackgroundService (BackgroundService.java:shutdown(141)) - Shutting down service SCMBlockDeletingService
2022-10-14 14:33:56,553 [Listener at 127.0.0.1/41295] INFO  utils.BackgroundService (BackgroundService.java:shutdown(141)) - Shutting down service SCMBlockDeletingService
2022-10-14 14:33:56,553 [Listener at 127.0.0.1/41295] INFO  server.StorageContainerManager (StorageContainerManager.java:stop(1619)) - Stopping SCM Event Queue.
2022-10-14 14:33:56,556 [Listener at 127.0.0.1/41295] INFO  server.StorageContainerManager (StorageContainerManager.java:stop(1630)) - Stopping SCM HA services.
2022-10-14 14:33:56,556 [Listener at 127.0.0.1/41295] INFO  ha.SCMRatisServerImpl (SCMRatisServerImpl.java:stop(237)) - stopping ratis server 0.0.0.0:44017
2022-10-14 14:33:56,556 [Listener at 127.0.0.1/41295] INFO  server.RaftServer (RaftServerProxy.java:lambda$close$7(398)) - c70ee520-a26f-4925-a0d6-13999223b64a: close
2022-10-14 14:33:56,557 [Listener at 127.0.0.1/41295] INFO  server.RaftServer$Division (RaftServerImpl.java:lambda$close$4(434)) - c70ee520-a26f-4925-a0d6-13999223b64a@group-79A83AF4AB20: shutdown
2022-10-14 14:33:56,557 [Listener at 127.0.0.1/41295] INFO  util.JmxRegister (JmxRegister.java:unregister(73)) - Successfully un-registered JMX Bean with object name Ratis:service=RaftServer,group=group-79A83AF4AB20,id=c70ee520-a26f-4925-a0d6-13999223b64a
2022-10-14 14:33:56,557 [Listener at 127.0.0.1/41295] INFO  impl.RoleInfo (RoleInfo.java:shutdownFollowerState(110)) - c70ee520-a26f-4925-a0d6-13999223b64a: shutdown c70ee520-a26f-4925-a0d6-13999223b64a@group-79A83AF4AB20-FollowerState
2022-10-14 14:33:56,557 [c70ee520-a26f-4925-a0d6-13999223b64a@group-79A83AF4AB20-FollowerState] INFO  impl.FollowerState (FollowerState.java:run(152)) - c70ee520-a26f-4925-a0d6-13999223b64a@group-79A83AF4AB20-FollowerState was interrupted
2022-10-14 14:33:56,557 [c70ee520-a26f-4925-a0d6-13999223b64a@group-79A83AF4AB20-StateMachineUpdater] INFO  ha.SCMStateMachine (SCMStateMachine.java:takeSnapshot(297)) - Current Snapshot Index 29, takeSnapshot took 0 ms
2022-10-14 14:33:56,557 [c70ee520-a26f-4925-a0d6-13999223b64a@group-79A83AF4AB20-StateMachineUpdater] INFO  impl.StateMachineUpdater (StateMachineUpdater.java:takeSnapshot(287)) - c70ee520-a26f-4925-a0d6-13999223b64a@group-79A83AF4AB20-StateMachineUpdater: Took a snapshot at index 29
2022-10-14 14:33:56,558 [c70ee520-a26f-4925-a0d6-13999223b64a@group-79A83AF4AB20-StateMachineUpdater] INFO  impl.StateMachineUpdater (StateMachineUpdater.java:lambda$new$0(92)) - c70ee520-a26f-4925-a0d6-13999223b64a@group-79A83AF4AB20-StateMachineUpdater: snapshotIndex: updateIncreasingly -1 -> 29
2022-10-14 14:33:56,558 [c70ee520-a26f-4925-a0d6-13999223b64a@group-79A83AF4AB20-StateMachineUpdater] INFO  server.StorageContainerManager (StorageContainerManager.java:stop(1528)) - Container Balancer is not running.
2022-10-14 14:33:56,558 [c70ee520-a26f-4925-a0d6-13999223b64a@group-79A83AF4AB20-StateMachineUpdater] INFO  server.StorageContainerManager (StorageContainerManager.java:stop(1535)) - Stopping Replication Manager Service.
2022-10-14 14:33:56,558 [c70ee520-a26f-4925-a0d6-13999223b64a@group-79A83AF4AB20-StateMachineUpdater] INFO  replication.ReplicationManager (ReplicationManager.java:stop(265)) - Replication Monitor Thread is not running.
2022-10-14 14:33:56,558 [c70ee520-a26f-4925-a0d6-13999223b64a@group-79A83AF4AB20-StateMachineUpdater] INFO  server.StorageContainerManager (StorageContainerManager.java:stop(1542)) - Stopping the Datanode Admin Monitor.
2022-10-14 14:33:56,558 [c70ee520-a26f-4925-a0d6-13999223b64a@group-79A83AF4AB20-StateMachineUpdater] INFO  server.StorageContainerManager (StorageContainerManager.java:stop(1549)) - Stopping Lease Manager of the command watchers
2022-10-14 14:33:56,558 [c70ee520-a26f-4925-a0d6-13999223b64a@group-79A83AF4AB20-StateMachineUpdater] ERROR server.StorageContainerManager (StorageContainerManager.java:stop(1552)) - Lease Manager of the command watchers stop failed
2022-10-14 14:33:56,558 [c70ee520-a26f-4925-a0d6-13999223b64a@group-79A83AF4AB20-StateMachineUpdater] INFO  server.StorageContainerManager (StorageContainerManager.java:stop(1556)) - Stopping datanode service RPC server
2022-10-14 14:33:56,558 [c70ee520-a26f-4925-a0d6-13999223b64a@group-79A83AF4AB20-StateMachineUpdater] INFO  server.SCMDatanodeProtocolServer (SCMDatanodeProtocolServer.java:stop(414)) - Stopping the RPC server for DataNodes
2022-10-14 14:33:56,558 [c70ee520-a26f-4925-a0d6-13999223b64a@group-79A83AF4AB20-StateMachineUpdater] INFO  ipc.Server (Server.java:stop(3428)) - Stopping server on 38439
2022-10-14 14:33:56,558 [c70ee520-a26f-4925-a0d6-13999223b64a@group-79A83AF4AB20-StateMachineUpdater] INFO  server.StorageContainerManager (StorageContainerManager.java:stop(1564)) - Stopping block service RPC server
2022-10-14 14:33:56,558 [Listener at 127.0.0.1/41295] INFO  impl.StateMachineUpdater (StateMachineUpdater.java:stopAndJoin(153)) - c70ee520-a26f-4925-a0d6-13999223b64a@group-79A83AF4AB20-StateMachineUpdater: set stopIndex = 29
2022-10-14 14:33:56,558 [c70ee520-a26f-4925-a0d6-13999223b64a@group-79A83AF4AB20-StateMachineUpdater] INFO  server.SCMBlockProtocolServer (SCMBlockProtocolServer.java:stop(161)) - Stopping the RPC server for Block Protocol
2022-10-14 14:33:56,561 [c70ee520-a26f-4925-a0d6-13999223b64a@group-79A83AF4AB20-StateMachineUpdater] INFO  ipc.Server (Server.java:stop(3428)) - Stopping server on 40511
2022-10-14 14:33:56,561 [c70ee520-a26f-4925-a0d6-13999223b64a@group-79A83AF4AB20-StateMachineUpdater] INFO  server.StorageContainerManager (StorageContainerManager.java:stop(1571)) - Stopping the StorageContainerLocationProtocol RPC server
2022-10-14 14:33:56,561 [c70ee520-a26f-4925-a0d6-13999223b64a@group-79A83AF4AB20-StateMachineUpdater] INFO  server.SCMClientProtocolServer (SCMClientProtocolServer.java:stop(179)) - Stopping the RPC server for Client Protocol
2022-10-14 14:33:56,561 [c70ee520-a26f-4925-a0d6-13999223b64a@group-79A83AF4AB20-StateMachineUpdater] INFO  ipc.Server (Server.java:stop(3428)) - Stopping server on 37901
2022-10-14 14:33:56,561 [c70ee520-a26f-4925-a0d6-13999223b64a@group-79A83AF4AB20-StateMachineUpdater] INFO  server.StorageContainerManager (StorageContainerManager.java:stop(1578)) - Stopping Storage Container Manager HTTP server.
2022-10-14 14:33:56,562 [c70ee520-a26f-4925-a0d6-13999223b64a@group-79A83AF4AB20-StateMachineUpdater] INFO  server.StorageContainerManager (StorageContainerManager.java:stop(1584)) - Stopping SCM LayoutVersionManager Service.
2022-10-14 14:33:56,562 [c70ee520-a26f-4925-a0d6-13999223b64a@group-79A83AF4AB20-StateMachineUpdater] INFO  server.StorageContainerManager (StorageContainerManager.java:stop(1592)) - Stopping Block Manager Service.
2022-10-14 14:33:56,562 [c70ee520-a26f-4925-a0d6-13999223b64a@group-79A83AF4AB20-StateMachineUpdater] INFO  utils.BackgroundService (BackgroundService.java:shutdown(141)) - Shutting down service SCMBlockDeletingService
2022-10-14 14:33:56,562 [c70ee520-a26f-4925-a0d6-13999223b64a@group-79A83AF4AB20-StateMachineUpdater] INFO  utils.BackgroundService (BackgroundService.java:shutdown(141)) - Shutting down service SCMBlockDeletingService
2022-10-14 14:33:56,562 [c70ee520-a26f-4925-a0d6-13999223b64a@group-79A83AF4AB20-StateMachineUpdater] INFO  server.StorageContainerManager (StorageContainerManager.java:stop(1619)) - Stopping SCM Event Queue.
2022-10-14 14:33:56,563 [c70ee520-a26f-4925-a0d6-13999223b64a@group-79A83AF4AB20-StateMachineUpdater] INFO  server.StorageContainerManager (StorageContainerManager.java:stop(1630)) - Stopping SCM HA services.
2022-10-14 14:33:56,563 [c70ee520-a26f-4925-a0d6-13999223b64a@group-79A83AF4AB20-StateMachineUpdater] INFO  ha.SCMRatisServerImpl (SCMRatisServerImpl.java:stop(237)) - stopping ratis server 0.0.0.0:44017
2022-10-14 14:33:56,563 [org.apache.ratis.util.JvmPauseMonitor$$Lambda$519/1610556435@6238ef1a] INFO  util.JvmPauseMonitor (JvmPauseMonitor.java:run(109)) - JvmPauseMonitor-c70ee520-a26f-4925-a0d6-13999223b64a: Stopped
2022-10-14 14:33:56,563 [c70ee520-a26f-4925-a0d6-13999223b64a@group-79A83AF4AB20-StateMachineUpdater] INFO  pipeline.BackgroundPipelineCreator (BackgroundPipelineCreator.java:stop(149)) - Stopping RatisPipelineUtilsThread.
2022-10-14 14:33:56,564 [RatisPipelineUtilsThread - 0] WARN  pipeline.BackgroundPipelineCreator (BackgroundPipelineCreator.java:run(180)) - RatisPipelineUtilsThread is interrupted.
2022-10-14 14:33:56,564 [c70ee520-a26f-4925-a0d6-13999223b64a@group-79A83AF4AB20-StateMachineUpdater] INFO  BackgroundPipelineScrubber (BackgroundSCMService.java:stop(131)) - Stopping BackgroundPipelineScrubber Service.
2022-10-14 14:33:56,564 [BackgroundPipelineScrubberThread] WARN  BackgroundPipelineScrubber (BackgroundSCMService.java:run(115)) - BackgroundPipelineScrubber is interrupted, exit
2022-10-14 14:33:56,565 [c70ee520-a26f-4925-a0d6-13999223b64a@group-79A83AF4AB20-StateMachineUpdater] INFO  impl.MetricsSystemImpl (MetricsSystemImpl.java:stop(210)) - Stopping HddsDatanode metrics system...
2022-10-14 14:33:56,580 [prometheus] INFO  impl.MetricsSinkAdapter (MetricsSinkAdapter.java:publishMetricsFromQueue(141)) - prometheus thread interrupted.
2022-10-14 14:33:56,581 [c70ee520-a26f-4925-a0d6-13999223b64a@group-79A83AF4AB20-StateMachineUpdater] INFO  impl.MetricsSystemImpl (MetricsSystemImpl.java:stop(216)) - HddsDatanode metrics system stopped.
2022-10-14 14:33:56,582 [c70ee520-a26f-4925-a0d6-13999223b64a@group-79A83AF4AB20-StateMachineUpdater] WARN  pipeline.BackgroundPipelineCreator (BackgroundPipelineCreator.java:stop(145)) - RatisPipelineUtilsThread is not running, just ignore.
2022-10-14 14:33:56,582 [c70ee520-a26f-4925-a0d6-13999223b64a@group-79A83AF4AB20-StateMachineUpdater] INFO  BackgroundPipelineScrubber (BackgroundSCMService.java:stop(126)) - BackgroundPipelineScrubber Service is not running, skip stop.
2022-10-14 14:33:56,582 [c70ee520-a26f-4925-a0d6-13999223b64a@group-79A83AF4AB20-StateMachineUpdater] INFO  ExpiredContainerReplicaOpScrubber (BackgroundSCMService.java:stop(131)) - Stopping ExpiredContainerReplicaOpScrubber Service.
2022-10-14 14:33:56,582 [c70ee520-a26f-4925-a0d6-13999223b64a@group-79A83AF4AB20-StateMachineUpdater] INFO  utils.BackgroundService (BackgroundService.java:shutdown(141)) - Shutting down service SCMBlockDeletingService
2022-10-14 14:33:56,582 [c70ee520-a26f-4925-a0d6-13999223b64a@group-79A83AF4AB20-StateMachineUpdater] INFO  replication.ReplicationManager (ReplicationManager.java:stop(265)) - Replication Monitor Thread is not running.
2022-10-14 14:33:56,582 [c70ee520-a26f-4925-a0d6-13999223b64a@group-79A83AF4AB20-StateMachineUpdater] WARN  balancer.ContainerBalancer (ContainerBalancer.java:stop(1096)) - Cannot stop Container Balancer because it's not running
2022-10-14 14:33:56,582 [c70ee520-a26f-4925-a0d6-13999223b64a@group-79A83AF4AB20-StateMachineUpdater] INFO  server.StorageContainerManager (StorageContainerManager.java:stop(1648)) - Stopping SCM MetadataStore.
2022-10-14 14:33:56,583 [c70ee520-a26f-4925-a0d6-13999223b64a@group-79A83AF4AB20-StateMachineUpdater] ERROR server.StorageContainerManager (ExitUtils.java:terminate(133)) - Terminating with exit status 1: scm statemachine is closed by ratis, terminate SCM
2022-10-14 14:33:56,583 [ExpiredContainerReplicaOpScrubberThread] WARN  ExpiredContainerReplicaOpScrubber (BackgroundSCMService.java:run(115)) - ExpiredContainerReplicaOpScrubber is interrupted, exit
2022-10-14 14:33:56,584 [c70ee520-a26f-4925-a0d6-13999223b64a@group-79A83AF4AB20-StateMachineUpdater] WARN  impl.StateMachineUpdater (StateMachineUpdater.java:stop(137)) - c70ee520-a26f-4925-a0d6-13999223b64a@group-79A83AF4AB20-StateMachineUpdater: Failed to close SCMStateMachine SCMStateMachine:c70ee520-a26f-4925-a0d6-13999223b64a:group-79A83AF4AB20
org.apache.ratis.util.ExitUtils$ExitException: scm statemachine is closed by ratis, terminate SCM
	at org.apache.ratis.util.ExitUtils.terminate(ExitUtils.java:141)
	at org.apache.ratis.util.ExitUtils.terminate(ExitUtils.java:151)
	at org.apache.ratis.util.ExitUtils.terminate(ExitUtils.java:155)
	at org.apache.hadoop.hdds.scm.server.StorageContainerManager.shutDown(StorageContainerManager.java:1658)
	at org.apache.hadoop.hdds.scm.ha.SCMStateMachine.close(SCMStateMachine.java:403)
	at org.apache.ratis.server.impl.StateMachineUpdater.stop(StateMachineUpdater.java:134)
	at org.apache.ratis.server.impl.StateMachineUpdater.run(StateMachineUpdater.java:187)
	at java.lang.Thread.run(Thread.java:750)
2022-10-14 14:33:56,586 [Listener at 127.0.0.1/41295] INFO  server.RaftServer$Division (ServerState.java:close(429)) - c70ee520-a26f-4925-a0d6-13999223b64a@group-79A83AF4AB20: closes. applyIndex: 28
2022-10-14 14:33:56,587 [c70ee520-a26f-4925-a0d6-13999223b64a@group-79A83AF4AB20-SegmentedRaftLogWorker] INFO  segmented.SegmentedRaftLogWorker (SegmentedRaftLogWorker.java:run(336)) - c70ee520-a26f-4925-a0d6-13999223b64a@group-79A83AF4AB20-SegmentedRaftLogWorker was interrupted, exiting. There are 0 tasks remaining in the queue.
2022-10-14 14:33:56,592 [Listener at 127.0.0.1/41295] INFO  segmented.SegmentedRaftLogWorker (SegmentedRaftLogWorker.java:close(246)) - c70ee520-a26f-4925-a0d6-13999223b64a@group-79A83AF4AB20-SegmentedRaftLogWorker close()
2022-10-14 14:33:56,594 [Listener at 127.0.0.1/41295] INFO  server.GrpcService (GrpcService.java:closeImpl(269)) - c70ee520-a26f-4925-a0d6-13999223b64a: shutdown server with port 44017 now
2022-10-14 14:33:56,598 [grpc-default-executor-3] WARN  server.GrpcServerProtocolService (LogUtils.java:warn(122)) - c70ee520-a26f-4925-a0d6-13999223b64a: installSnapshot onError, lastRequest: da235ff1-af49-4bd4-8bce-f7819ff62f3f->c70ee520-a26f-4925-a0d6-13999223b64a#948-t2,previous=(t:2, i:29),leaderCommit=29,initializing? true,entries: size=1, first=(t:2, i:30), METADATAENTRY(c:29): org.apache.ratis.thirdparty.io.grpc.StatusRuntimeException: CANCELLED: client cancelled
2022-10-14 14:33:56,598 [grpc-default-executor-1] WARN  server.GrpcLogAppender (LogUtils.java:warn(122)) - da235ff1-af49-4bd4-8bce-f7819ff62f3f@group-79A83AF4AB20->c70ee520-a26f-4925-a0d6-13999223b64a-AppendLogResponseHandler: Failed appendEntries: org.apache.ratis.thirdparty.io.grpc.StatusRuntimeException: CANCELLED: RST_STREAM closed stream. HTTP/2 error code: CANCEL
2022-10-14 14:33:56,599 [grpc-default-executor-1] INFO  leader.FollowerInfo (FollowerInfoImpl.java:lambda$new$0(48)) - da235ff1-af49-4bd4-8bce-f7819ff62f3f@group-79A83AF4AB20->c70ee520-a26f-4925-a0d6-13999223b64a: nextIndex: updateUnconditionally 31 -> 30
2022-10-14 14:33:56,600 [Listener at 127.0.0.1/41295] INFO  server.GrpcService (GrpcService.java:closeImpl(278)) - c70ee520-a26f-4925-a0d6-13999223b64a: shutdown server with port 44017 successfully
2022-10-14 14:33:56,600 [Listener at 127.0.0.1/41295] WARN  pipeline.BackgroundPipelineCreator (BackgroundPipelineCreator.java:stop(145)) - RatisPipelineUtilsThread is not running, just ignore.
2022-10-14 14:33:56,601 [Listener at 127.0.0.1/41295] INFO  BackgroundPipelineScrubber (BackgroundSCMService.java:stop(126)) - BackgroundPipelineScrubber Service is not running, skip stop.
2022-10-14 14:33:56,601 [Listener at 127.0.0.1/41295] INFO  impl.MetricsSystemImpl (MetricsSystemImpl.java:stop(205)) - HddsDatanode metrics system stopped (again)
2022-10-14 14:33:56,601 [Listener at 127.0.0.1/41295] WARN  pipeline.BackgroundPipelineCreator (BackgroundPipelineCreator.java:stop(145)) - RatisPipelineUtilsThread is not running, just ignore.
2022-10-14 14:33:56,601 [Listener at 127.0.0.1/41295] INFO  BackgroundPipelineScrubber (BackgroundSCMService.java:stop(126)) - BackgroundPipelineScrubber Service is not running, skip stop.
2022-10-14 14:33:56,601 [Listener at 127.0.0.1/41295] INFO  ExpiredContainerReplicaOpScrubber (BackgroundSCMService.java:stop(126)) - ExpiredContainerReplicaOpScrubber Service is not running, skip stop.
2022-10-14 14:33:56,601 [Listener at 127.0.0.1/41295] INFO  utils.BackgroundService (BackgroundService.java:shutdown(141)) - Shutting down service SCMBlockDeletingService
2022-10-14 14:33:56,601 [Listener at 127.0.0.1/41295] INFO  replication.ReplicationManager (ReplicationManager.java:stop(265)) - Replication Monitor Thread is not running.
2022-10-14 14:33:56,601 [Listener at 127.0.0.1/41295] WARN  balancer.ContainerBalancer (ContainerBalancer.java:stop(1096)) - Cannot stop Container Balancer because it's not running
2022-10-14 14:33:56,601 [Listener at 127.0.0.1/41295] INFO  server.StorageContainerManager (StorageContainerManager.java:stop(1648)) - Stopping SCM MetadataStore.
2022-10-14 14:33:56,601 [Listener at 127.0.0.1/41295] INFO  ozone.MiniOzoneHAClusterImpl (MiniOzoneHAClusterImpl.java:stop(320)) - Stopping the StorageContainerManager 022a1120-d2e9-40a2-a00d-16a3e5b1f5eb
2022-10-14 14:33:56,601 [Listener at 127.0.0.1/41295] INFO  server.StorageContainerManager (StorageContainerManager.java:stop(1528)) - Container Balancer is not running.
2022-10-14 14:33:56,601 [Listener at 127.0.0.1/41295] INFO  server.StorageContainerManager (StorageContainerManager.java:stop(1535)) - Stopping Replication Manager Service.
2022-10-14 14:33:56,601 [Listener at 127.0.0.1/41295] INFO  replication.ReplicationManager (ReplicationManager.java:stop(257)) - Stopping Replication Monitor Thread.
2022-10-14 14:33:56,601 [Under Replicated Processor] WARN  replication.UnderReplicatedProcessor (UnderReplicatedProcessor.java:run(148)) - Under Replicated Processor interrupted. Exiting...
2022-10-14 14:33:56,601 [Listener at 127.0.0.1/41295] INFO  server.StorageContainerManager (StorageContainerManager.java:stop(1542)) - Stopping the Datanode Admin Monitor.
2022-10-14 14:33:56,601 [Over Replicated Processor] WARN  replication.OverReplicatedProcessor (OverReplicatedProcessor.java:run(137)) - Over Replicated Processor interrupted. Exiting...
2022-10-14 14:33:56,602 [ReplicationMonitor] INFO  replication.ReplicationManager (ReplicationManager.java:run(509)) - Replication Monitor Thread is stopped
2022-10-14 14:33:56,602 [Listener at 127.0.0.1/41295] INFO  server.StorageContainerManager (StorageContainerManager.java:stop(1549)) - Stopping Lease Manager of the command watchers
2022-10-14 14:33:56,602 [Listener at 127.0.0.1/41295] INFO  server.StorageContainerManager (StorageContainerManager.java:stop(1556)) - Stopping datanode service RPC server
2022-10-14 14:33:56,602 [Listener at 127.0.0.1/41295] INFO  server.SCMDatanodeProtocolServer (SCMDatanodeProtocolServer.java:stop(414)) - Stopping the RPC server for DataNodes
2022-10-14 14:33:56,602 [Listener at 127.0.0.1/41295] INFO  ipc.Server (Server.java:stop(3428)) - Stopping server on 42209
2022-10-14 14:33:56,605 [IPC Server listener on 42209] INFO  ipc.Server (Server.java:run(1384)) - Stopping IPC Server listener on 42209
2022-10-14 14:33:56,607 [IPC Server Responder] INFO  ipc.Server (Server.java:run(1517)) - Stopping IPC Server Responder
2022-10-14 14:33:56,611 [grpc-default-executor-1] WARN  server.GrpcLogAppender (LogUtils.java:warn(122)) - da235ff1-af49-4bd4-8bce-f7819ff62f3f@group-79A83AF4AB20->c70ee520-a26f-4925-a0d6-13999223b64a-AppendLogResponseHandler: Failed appendEntries: org.apache.ratis.thirdparty.io.grpc.StatusRuntimeException: UNAVAILABLE: io exception
2022-10-14 14:33:56,612 [grpc-default-executor-1] INFO  leader.FollowerInfo (FollowerInfoImpl.java:lambda$new$0(48)) - da235ff1-af49-4bd4-8bce-f7819ff62f3f@group-79A83AF4AB20->c70ee520-a26f-4925-a0d6-13999223b64a: nextIndex: updateUnconditionally 31 -> 30
2022-10-14 14:33:56,640 [SCM Heartbeat Processing Thread - 0] WARN  node.NodeStateManager (NodeStateManager.java:scheduleNextHealthCheck(870)) - Current Thread is interrupted, shutting down HB processing thread for Node Manager.
2022-10-14 14:33:56,640 [Listener at 127.0.0.1/41295] INFO  server.StorageContainerManager (StorageContainerManager.java:stop(1564)) - Stopping block service RPC server
2022-10-14 14:33:56,640 [Listener at 127.0.0.1/41295] INFO  server.SCMBlockProtocolServer (SCMBlockProtocolServer.java:stop(161)) - Stopping the RPC server for Block Protocol
2022-10-14 14:33:56,640 [Listener at 127.0.0.1/41295] INFO  ipc.Server (Server.java:stop(3428)) - Stopping server on 40903
2022-10-14 14:33:56,643 [IPC Server Responder] INFO  ipc.Server (Server.java:run(1517)) - Stopping IPC Server Responder
2022-10-14 14:33:56,643 [IPC Server listener on 40903] INFO  ipc.Server (Server.java:run(1384)) - Stopping IPC Server listener on 40903
2022-10-14 14:33:56,643 [Listener at 127.0.0.1/41295] INFO  server.StorageContainerManager (StorageContainerManager.java:stop(1571)) - Stopping the StorageContainerLocationProtocol RPC server
2022-10-14 14:33:56,644 [Listener at 127.0.0.1/41295] INFO  server.SCMClientProtocolServer (SCMClientProtocolServer.java:stop(179)) - Stopping the RPC server for Client Protocol
2022-10-14 14:33:56,644 [Listener at 127.0.0.1/41295] INFO  ipc.Server (Server.java:stop(3428)) - Stopping server on 41617
2022-10-14 14:33:56,646 [IPC Server listener on 41617] INFO  ipc.Server (Server.java:run(1384)) - Stopping IPC Server listener on 41617
2022-10-14 14:33:56,647 [IPC Server Responder] INFO  ipc.Server (Server.java:run(1517)) - Stopping IPC Server Responder
2022-10-14 14:33:56,647 [Listener at 127.0.0.1/41295] INFO  server.StorageContainerManager (StorageContainerManager.java:stop(1578)) - Stopping Storage Container Manager HTTP server.
2022-10-14 14:33:56,648 [Listener at 127.0.0.1/41295] INFO  handler.ContextHandler (ContextHandler.java:doStop(1153)) - Stopped o.e.j.w.WebAppContext@5e4b4a4c{scm,/,null,STOPPED}{file:/home/runner/work/ozone/ozone/hadoop-ozone/integration-test/target/test-classes/webapps/scm}
2022-10-14 14:33:56,648 [Listener at 127.0.0.1/41295] INFO  server.AbstractConnector (AbstractConnector.java:doStop(381)) - Stopped ServerConnector@75716dd3{HTTP/1.1, (http/1.1)}{0.0.0.0:33859}
2022-10-14 14:33:56,649 [Listener at 127.0.0.1/41295] INFO  server.session (HouseKeeper.java:stopScavenging(149)) - node0 Stopped scavenging
2022-10-14 14:33:56,649 [Listener at 127.0.0.1/41295] INFO  handler.ContextHandler (ContextHandler.java:doStop(1153)) - Stopped o.e.j.s.ServletContextHandler@3b6788d5{static,/static,file:///home/runner/work/ozone/ozone/hadoop-ozone/integration-test/target/test-classes/webapps/static,STOPPED}
2022-10-14 14:33:56,649 [Listener at 127.0.0.1/41295] INFO  handler.ContextHandler (ContextHandler.java:doStop(1153)) - Stopped o.e.j.s.ServletContextHandler@5f576c5f{logs,/logs,file:///home/runner/work/ozone/ozone/hadoop-ozone/integration-test/target/log,STOPPED}
2022-10-14 14:33:56,651 [Listener at 127.0.0.1/41295] INFO  server.StorageContainerManager (StorageContainerManager.java:stop(1584)) - Stopping SCM LayoutVersionManager Service.
2022-10-14 14:33:56,651 [Listener at 127.0.0.1/41295] INFO  server.StorageContainerManager (StorageContainerManager.java:stop(1592)) - Stopping Block Manager Service.
2022-10-14 14:33:56,651 [Listener at 127.0.0.1/41295] INFO  utils.BackgroundService (BackgroundService.java:shutdown(141)) - Shutting down service SCMBlockDeletingService
2022-10-14 14:33:56,651 [Listener at 127.0.0.1/41295] INFO  utils.BackgroundService (BackgroundService.java:shutdown(141)) - Shutting down service SCMBlockDeletingService
2022-10-14 14:33:56,651 [Listener at 127.0.0.1/41295] INFO  server.StorageContainerManager (StorageContainerManager.java:stop(1619)) - Stopping SCM Event Queue.
2022-10-14 14:33:56,654 [Listener at 127.0.0.1/41295] INFO  server.StorageContainerManager (StorageContainerManager.java:stop(1630)) - Stopping SCM HA services.
2022-10-14 14:33:56,655 [Listener at 127.0.0.1/41295] INFO  ha.SCMRatisServerImpl (SCMRatisServerImpl.java:stop(237)) - stopping ratis server 0.0.0.0:36021
2022-10-14 14:33:56,655 [Listener at 127.0.0.1/41295] INFO  server.RaftServer (RaftServerProxy.java:lambda$close$7(398)) - 022a1120-d2e9-40a2-a00d-16a3e5b1f5eb: close
2022-10-14 14:33:56,655 [Listener at 127.0.0.1/41295] INFO  server.RaftServer$Division (RaftServerImpl.java:lambda$close$4(434)) - 022a1120-d2e9-40a2-a00d-16a3e5b1f5eb@group-79A83AF4AB20: shutdown
2022-10-14 14:33:56,655 [Listener at 127.0.0.1/41295] INFO  util.JmxRegister (JmxRegister.java:unregister(73)) - Successfully un-registered JMX Bean with object name Ratis:service=RaftServer,group=group-79A83AF4AB20,id=022a1120-d2e9-40a2-a00d-16a3e5b1f5eb
2022-10-14 14:33:56,655 [Listener at 127.0.0.1/41295] INFO  impl.RoleInfo (RoleInfo.java:shutdownFollowerState(110)) - 022a1120-d2e9-40a2-a00d-16a3e5b1f5eb: shutdown 022a1120-d2e9-40a2-a00d-16a3e5b1f5eb@group-79A83AF4AB20-FollowerState
2022-10-14 14:33:56,655 [Listener at 127.0.0.1/41295] INFO  impl.StateMachineUpdater (StateMachineUpdater.java:stopAndJoin(153)) - 022a1120-d2e9-40a2-a00d-16a3e5b1f5eb@group-79A83AF4AB20-StateMachineUpdater: set stopIndex = 29
2022-10-14 14:33:56,656 [022a1120-d2e9-40a2-a00d-16a3e5b1f5eb@group-79A83AF4AB20-StateMachineUpdater] INFO  ha.SCMStateMachine (SCMStateMachine.java:takeSnapshot(297)) - Current Snapshot Index 29, takeSnapshot took 0 ms
2022-10-14 14:33:56,656 [022a1120-d2e9-40a2-a00d-16a3e5b1f5eb@group-79A83AF4AB20-StateMachineUpdater] INFO  impl.StateMachineUpdater (StateMachineUpdater.java:takeSnapshot(287)) - 022a1120-d2e9-40a2-a00d-16a3e5b1f5eb@group-79A83AF4AB20-StateMachineUpdater: Took a snapshot at index 29
2022-10-14 14:33:56,656 [022a1120-d2e9-40a2-a00d-16a3e5b1f5eb@group-79A83AF4AB20-StateMachineUpdater] INFO  impl.StateMachineUpdater (StateMachineUpdater.java:lambda$new$0(92)) - 022a1120-d2e9-40a2-a00d-16a3e5b1f5eb@group-79A83AF4AB20-StateMachineUpdater: snapshotIndex: updateIncreasingly -1 -> 29
2022-10-14 14:33:56,656 [022a1120-d2e9-40a2-a00d-16a3e5b1f5eb@group-79A83AF4AB20-StateMachineUpdater] INFO  server.StorageContainerManager (StorageContainerManager.java:stop(1528)) - Container Balancer is not running.
2022-10-14 14:33:56,656 [022a1120-d2e9-40a2-a00d-16a3e5b1f5eb@group-79A83AF4AB20-StateMachineUpdater] INFO  server.StorageContainerManager (StorageContainerManager.java:stop(1535)) - Stopping Replication Manager Service.
2022-10-14 14:33:56,656 [022a1120-d2e9-40a2-a00d-16a3e5b1f5eb@group-79A83AF4AB20-StateMachineUpdater] INFO  replication.ReplicationManager (ReplicationManager.java:stop(265)) - Replication Monitor Thread is not running.
2022-10-14 14:33:56,656 [022a1120-d2e9-40a2-a00d-16a3e5b1f5eb@group-79A83AF4AB20-StateMachineUpdater] INFO  server.StorageContainerManager (StorageContainerManager.java:stop(1542)) - Stopping the Datanode Admin Monitor.
2022-10-14 14:33:56,656 [022a1120-d2e9-40a2-a00d-16a3e5b1f5eb@group-79A83AF4AB20-StateMachineUpdater] INFO  server.StorageContainerManager (StorageContainerManager.java:stop(1549)) - Stopping Lease Manager of the command watchers
2022-10-14 14:33:56,656 [022a1120-d2e9-40a2-a00d-16a3e5b1f5eb@group-79A83AF4AB20-StateMachineUpdater] ERROR server.StorageContainerManager (StorageContainerManager.java:stop(1552)) - Lease Manager of the command watchers stop failed
2022-10-14 14:33:56,656 [022a1120-d2e9-40a2-a00d-16a3e5b1f5eb@group-79A83AF4AB20-StateMachineUpdater] INFO  server.StorageContainerManager (StorageContainerManager.java:stop(1556)) - Stopping datanode service RPC server
2022-10-14 14:33:56,656 [022a1120-d2e9-40a2-a00d-16a3e5b1f5eb@group-79A83AF4AB20-StateMachineUpdater] INFO  server.SCMDatanodeProtocolServer (SCMDatanodeProtocolServer.java:stop(414)) - Stopping the RPC server for DataNodes
2022-10-14 14:33:56,656 [022a1120-d2e9-40a2-a00d-16a3e5b1f5eb@group-79A83AF4AB20-StateMachineUpdater] INFO  ipc.Server (Server.java:stop(3428)) - Stopping server on 42209
2022-10-14 14:33:56,656 [022a1120-d2e9-40a2-a00d-16a3e5b1f5eb@group-79A83AF4AB20-StateMachineUpdater] INFO  server.StorageContainerManager (StorageContainerManager.java:stop(1564)) - Stopping block service RPC server
2022-10-14 14:33:56,656 [022a1120-d2e9-40a2-a00d-16a3e5b1f5eb@group-79A83AF4AB20-StateMachineUpdater] INFO  server.SCMBlockProtocolServer (SCMBlockProtocolServer.java:stop(161)) - Stopping the RPC server for Block Protocol
2022-10-14 14:33:56,656 [022a1120-d2e9-40a2-a00d-16a3e5b1f5eb@group-79A83AF4AB20-StateMachineUpdater] INFO  ipc.Server (Server.java:stop(3428)) - Stopping server on 40903
2022-10-14 14:33:56,656 [022a1120-d2e9-40a2-a00d-16a3e5b1f5eb@group-79A83AF4AB20-StateMachineUpdater] INFO  server.StorageContainerManager (StorageContainerManager.java:stop(1571)) - Stopping the StorageContainerLocationProtocol RPC server
2022-10-14 14:33:56,656 [022a1120-d2e9-40a2-a00d-16a3e5b1f5eb@group-79A83AF4AB20-StateMachineUpdater] INFO  server.SCMClientProtocolServer (SCMClientProtocolServer.java:stop(179)) - Stopping the RPC server for Client Protocol
2022-10-14 14:33:56,656 [022a1120-d2e9-40a2-a00d-16a3e5b1f5eb@group-79A83AF4AB20-StateMachineUpdater] INFO  ipc.Server (Server.java:stop(3428)) - Stopping server on 41617
2022-10-14 14:33:56,656 [022a1120-d2e9-40a2-a00d-16a3e5b1f5eb@group-79A83AF4AB20-StateMachineUpdater] INFO  server.StorageContainerManager (StorageContainerManager.java:stop(1578)) - Stopping Storage Container Manager HTTP server.
2022-10-14 14:33:56,655 [022a1120-d2e9-40a2-a00d-16a3e5b1f5eb@group-79A83AF4AB20-FollowerState] INFO  impl.FollowerState (FollowerState.java:run(152)) - 022a1120-d2e9-40a2-a00d-16a3e5b1f5eb@group-79A83AF4AB20-FollowerState was interrupted
2022-10-14 14:33:56,657 [022a1120-d2e9-40a2-a00d-16a3e5b1f5eb@group-79A83AF4AB20-StateMachineUpdater] INFO  server.StorageContainerManager (StorageContainerManager.java:stop(1584)) - Stopping SCM LayoutVersionManager Service.
2022-10-14 14:33:56,657 [022a1120-d2e9-40a2-a00d-16a3e5b1f5eb@group-79A83AF4AB20-StateMachineUpdater] INFO  server.StorageContainerManager (StorageContainerManager.java:stop(1592)) - Stopping Block Manager Service.
2022-10-14 14:33:56,657 [022a1120-d2e9-40a2-a00d-16a3e5b1f5eb@group-79A83AF4AB20-StateMachineUpdater] INFO  utils.BackgroundService (BackgroundService.java:shutdown(141)) - Shutting down service SCMBlockDeletingService
2022-10-14 14:33:56,658 [022a1120-d2e9-40a2-a00d-16a3e5b1f5eb@group-79A83AF4AB20-StateMachineUpdater] INFO  utils.BackgroundService (BackgroundService.java:shutdown(141)) - Shutting down service SCMBlockDeletingService
2022-10-14 14:33:56,658 [022a1120-d2e9-40a2-a00d-16a3e5b1f5eb@group-79A83AF4AB20-StateMachineUpdater] INFO  server.StorageContainerManager (StorageContainerManager.java:stop(1619)) - Stopping SCM Event Queue.
2022-10-14 14:33:56,658 [022a1120-d2e9-40a2-a00d-16a3e5b1f5eb@group-79A83AF4AB20-StateMachineUpdater] INFO  server.StorageContainerManager (StorageContainerManager.java:stop(1630)) - Stopping SCM HA services.
2022-10-14 14:33:56,658 [022a1120-d2e9-40a2-a00d-16a3e5b1f5eb@group-79A83AF4AB20-StateMachineUpdater] INFO  ha.SCMRatisServerImpl (SCMRatisServerImpl.java:stop(237)) - stopping ratis server 0.0.0.0:36021
2022-10-14 14:33:56,658 [org.apache.ratis.util.JvmPauseMonitor$$Lambda$519/1610556435@56aedf59] INFO  util.JvmPauseMonitor (JvmPauseMonitor.java:run(109)) - JvmPauseMonitor-022a1120-d2e9-40a2-a00d-16a3e5b1f5eb: Stopped
2022-10-14 14:33:56,658 [022a1120-d2e9-40a2-a00d-16a3e5b1f5eb@group-79A83AF4AB20-StateMachineUpdater] INFO  pipeline.BackgroundPipelineCreator (BackgroundPipelineCreator.java:stop(149)) - Stopping RatisPipelineUtilsThread.
2022-10-14 14:33:56,659 [RatisPipelineUtilsThread - 0] WARN  pipeline.BackgroundPipelineCreator (BackgroundPipelineCreator.java:run(180)) - RatisPipelineUtilsThread is interrupted.
2022-10-14 14:33:56,659 [022a1120-d2e9-40a2-a00d-16a3e5b1f5eb@group-79A83AF4AB20-StateMachineUpdater] INFO  BackgroundPipelineScrubber (BackgroundSCMService.java:stop(131)) - Stopping BackgroundPipelineScrubber Service.
2022-10-14 14:33:56,659 [BackgroundPipelineScrubberThread] WARN  BackgroundPipelineScrubber (BackgroundSCMService.java:run(115)) - BackgroundPipelineScrubber is interrupted, exit
2022-10-14 14:33:56,659 [022a1120-d2e9-40a2-a00d-16a3e5b1f5eb@group-79A83AF4AB20-StateMachineUpdater] INFO  impl.MetricsSystemImpl (MetricsSystemImpl.java:stop(205)) - HddsDatanode metrics system stopped (again)
2022-10-14 14:33:56,659 [022a1120-d2e9-40a2-a00d-16a3e5b1f5eb@group-79A83AF4AB20-StateMachineUpdater] WARN  pipeline.BackgroundPipelineCreator (BackgroundPipelineCreator.java:stop(145)) - RatisPipelineUtilsThread is not running, just ignore.
2022-10-14 14:33:56,660 [022a1120-d2e9-40a2-a00d-16a3e5b1f5eb@group-79A83AF4AB20-StateMachineUpdater] INFO  BackgroundPipelineScrubber (BackgroundSCMService.java:stop(126)) - BackgroundPipelineScrubber Service is not running, skip stop.
2022-10-14 14:33:56,660 [022a1120-d2e9-40a2-a00d-16a3e5b1f5eb@group-79A83AF4AB20-StateMachineUpdater] INFO  ExpiredContainerReplicaOpScrubber (BackgroundSCMService.java:stop(131)) - Stopping ExpiredContainerReplicaOpScrubber Service.
2022-10-14 14:33:56,660 [ExpiredContainerReplicaOpScrubberThread] WARN  ExpiredContainerReplicaOpScrubber (BackgroundSCMService.java:run(115)) - ExpiredContainerReplicaOpScrubber is interrupted, exit
2022-10-14 14:33:56,660 [022a1120-d2e9-40a2-a00d-16a3e5b1f5eb@group-79A83AF4AB20-StateMachineUpdater] INFO  utils.BackgroundService (BackgroundService.java:shutdown(141)) - Shutting down service SCMBlockDeletingService
2022-10-14 14:33:56,660 [022a1120-d2e9-40a2-a00d-16a3e5b1f5eb@group-79A83AF4AB20-StateMachineUpdater] INFO  replication.ReplicationManager (ReplicationManager.java:stop(265)) - Replication Monitor Thread is not running.
2022-10-14 14:33:56,660 [022a1120-d2e9-40a2-a00d-16a3e5b1f5eb@group-79A83AF4AB20-StateMachineUpdater] WARN  balancer.ContainerBalancer (ContainerBalancer.java:stop(1096)) - Cannot stop Container Balancer because it's not running
2022-10-14 14:33:56,660 [022a1120-d2e9-40a2-a00d-16a3e5b1f5eb@group-79A83AF4AB20-StateMachineUpdater] INFO  server.StorageContainerManager (StorageContainerManager.java:stop(1648)) - Stopping SCM MetadataStore.
2022-10-14 14:33:56,661 [022a1120-d2e9-40a2-a00d-16a3e5b1f5eb@group-79A83AF4AB20-StateMachineUpdater] ERROR server.StorageContainerManager (ExitUtils.java:terminate(133)) - Terminating with exit status 1: scm statemachine is closed by ratis, terminate SCM
2022-10-14 14:33:56,661 [022a1120-d2e9-40a2-a00d-16a3e5b1f5eb@group-79A83AF4AB20-StateMachineUpdater] WARN  impl.StateMachineUpdater (StateMachineUpdater.java:stop(137)) - 022a1120-d2e9-40a2-a00d-16a3e5b1f5eb@group-79A83AF4AB20-StateMachineUpdater: Failed to close SCMStateMachine SCMStateMachine:022a1120-d2e9-40a2-a00d-16a3e5b1f5eb:group-79A83AF4AB20
org.apache.ratis.util.ExitUtils$ExitException: scm statemachine is closed by ratis, terminate SCM
	at org.apache.ratis.util.ExitUtils.terminate(ExitUtils.java:141)
	at org.apache.ratis.util.ExitUtils.terminate(ExitUtils.java:151)
	at org.apache.ratis.util.ExitUtils.terminate(ExitUtils.java:155)
	at org.apache.hadoop.hdds.scm.server.StorageContainerManager.shutDown(StorageContainerManager.java:1658)
	at org.apache.hadoop.hdds.scm.ha.SCMStateMachine.close(SCMStateMachine.java:403)
	at org.apache.ratis.server.impl.StateMachineUpdater.stop(StateMachineUpdater.java:134)
	at org.apache.ratis.server.impl.StateMachineUpdater.run(StateMachineUpdater.java:187)
	at java.lang.Thread.run(Thread.java:750)
2022-10-14 14:33:56,661 [Listener at 127.0.0.1/41295] INFO  server.RaftServer$Division (ServerState.java:close(429)) - 022a1120-d2e9-40a2-a00d-16a3e5b1f5eb@group-79A83AF4AB20: closes. applyIndex: 28
2022-10-14 14:33:56,661 [022a1120-d2e9-40a2-a00d-16a3e5b1f5eb@group-79A83AF4AB20-SegmentedRaftLogWorker] INFO  segmented.SegmentedRaftLogWorker (SegmentedRaftLogWorker.java:run(336)) - 022a1120-d2e9-40a2-a00d-16a3e5b1f5eb@group-79A83AF4AB20-SegmentedRaftLogWorker was interrupted, exiting. There are 0 tasks remaining in the queue.
2022-10-14 14:33:56,663 [Listener at 127.0.0.1/41295] INFO  segmented.SegmentedRaftLogWorker (SegmentedRaftLogWorker.java:close(246)) - 022a1120-d2e9-40a2-a00d-16a3e5b1f5eb@group-79A83AF4AB20-SegmentedRaftLogWorker close()
2022-10-14 14:33:56,665 [Listener at 127.0.0.1/41295] INFO  server.GrpcService (GrpcService.java:closeImpl(269)) - 022a1120-d2e9-40a2-a00d-16a3e5b1f5eb: shutdown server with port 36021 now
2022-10-14 14:33:56,667 [Listener at 127.0.0.1/41295] INFO  server.GrpcService (GrpcService.java:closeImpl(278)) - 022a1120-d2e9-40a2-a00d-16a3e5b1f5eb: shutdown server with port 36021 successfully
2022-10-14 14:33:56,668 [grpc-default-executor-1] WARN  server.GrpcLogAppender (LogUtils.java:warn(122)) - da235ff1-af49-4bd4-8bce-f7819ff62f3f@group-79A83AF4AB20->022a1120-d2e9-40a2-a00d-16a3e5b1f5eb-AppendLogResponseHandler: Failed appendEntries: org.apache.ratis.thirdparty.io.grpc.StatusRuntimeException: CANCELLED: RST_STREAM closed stream. HTTP/2 error code: CANCEL
2022-10-14 14:33:56,668 [grpc-default-executor-1] INFO  leader.FollowerInfo (FollowerInfoImpl.java:lambda$new$0(48)) - da235ff1-af49-4bd4-8bce-f7819ff62f3f@group-79A83AF4AB20->022a1120-d2e9-40a2-a00d-16a3e5b1f5eb: nextIndex: updateUnconditionally 31 -> 30
2022-10-14 14:33:56,668 [grpc-default-executor-2] WARN  server.GrpcServerProtocolService (LogUtils.java:warn(122)) - 022a1120-d2e9-40a2-a00d-16a3e5b1f5eb: installSnapshot onError, lastRequest: da235ff1-af49-4bd4-8bce-f7819ff62f3f->022a1120-d2e9-40a2-a00d-16a3e5b1f5eb#899-t2,previous=(t:2, i:29),leaderCommit=29,initializing? true,entries: size=1, first=(t:2, i:30), METADATAENTRY(c:29): org.apache.ratis.thirdparty.io.grpc.StatusRuntimeException: CANCELLED: client cancelled
2022-10-14 14:33:56,668 [Listener at 127.0.0.1/41295] WARN  pipeline.BackgroundPipelineCreator (BackgroundPipelineCreator.java:stop(145)) - RatisPipelineUtilsThread is not running, just ignore.
2022-10-14 14:33:56,670 [Listener at 127.0.0.1/41295] INFO  BackgroundPipelineScrubber (BackgroundSCMService.java:stop(126)) - BackgroundPipelineScrubber Service is not running, skip stop.
2022-10-14 14:33:56,670 [Listener at 127.0.0.1/41295] INFO  impl.MetricsSystemImpl (MetricsSystemImpl.java:stop(205)) - HddsDatanode metrics system stopped (again)
2022-10-14 14:33:56,670 [Listener at 127.0.0.1/41295] WARN  pipeline.BackgroundPipelineCreator (BackgroundPipelineCreator.java:stop(145)) - RatisPipelineUtilsThread is not running, just ignore.
2022-10-14 14:33:56,670 [Listener at 127.0.0.1/41295] INFO  BackgroundPipelineScrubber (BackgroundSCMService.java:stop(126)) - BackgroundPipelineScrubber Service is not running, skip stop.
2022-10-14 14:33:56,670 [Listener at 127.0.0.1/41295] INFO  ExpiredContainerReplicaOpScrubber (BackgroundSCMService.java:stop(126)) - ExpiredContainerReplicaOpScrubber Service is not running, skip stop.
2022-10-14 14:33:56,670 [Listener at 127.0.0.1/41295] INFO  utils.BackgroundService (BackgroundService.java:shutdown(141)) - Shutting down service SCMBlockDeletingService
2022-10-14 14:33:56,670 [Listener at 127.0.0.1/41295] INFO  replication.ReplicationManager (ReplicationManager.java:stop(265)) - Replication Monitor Thread is not running.
2022-10-14 14:33:56,670 [Listener at 127.0.0.1/41295] WARN  balancer.ContainerBalancer (ContainerBalancer.java:stop(1096)) - Cannot stop Container Balancer because it's not running
2022-10-14 14:33:56,670 [Listener at 127.0.0.1/41295] INFO  server.StorageContainerManager (StorageContainerManager.java:stop(1648)) - Stopping SCM MetadataStore.
2022-10-14 14:33:56,670 [Listener at 127.0.0.1/41295] INFO  ozone.MiniOzoneHAClusterImpl (MiniOzoneHAClusterImpl.java:stop(320)) - Stopping the StorageContainerManager da235ff1-af49-4bd4-8bce-f7819ff62f3f
2022-10-14 14:33:56,670 [Listener at 127.0.0.1/41295] INFO  server.StorageContainerManager (StorageContainerManager.java:stop(1528)) - Container Balancer is not running.
2022-10-14 14:33:56,670 [Listener at 127.0.0.1/41295] INFO  server.StorageContainerManager (StorageContainerManager.java:stop(1535)) - Stopping Replication Manager Service.
2022-10-14 14:33:56,670 [Listener at 127.0.0.1/41295] INFO  replication.ReplicationManager (ReplicationManager.java:stop(257)) - Stopping Replication Monitor Thread.
2022-10-14 14:33:56,671 [Over Replicated Processor] WARN  replication.OverReplicatedProcessor (OverReplicatedProcessor.java:run(137)) - Over Replicated Processor interrupted. Exiting...
2022-10-14 14:33:56,671 [Under Replicated Processor] WARN  replication.UnderReplicatedProcessor (UnderReplicatedProcessor.java:run(148)) - Under Replicated Processor interrupted. Exiting...
2022-10-14 14:33:56,671 [Listener at 127.0.0.1/41295] INFO  server.StorageContainerManager (StorageContainerManager.java:stop(1542)) - Stopping the Datanode Admin Monitor.
2022-10-14 14:33:56,671 [ReplicationMonitor] INFO  replication.ReplicationManager (ReplicationManager.java:run(509)) - Replication Monitor Thread is stopped
2022-10-14 14:33:56,671 [Listener at 127.0.0.1/41295] INFO  server.StorageContainerManager (StorageContainerManager.java:stop(1549)) - Stopping Lease Manager of the command watchers
2022-10-14 14:33:56,671 [Listener at 127.0.0.1/41295] INFO  server.StorageContainerManager (StorageContainerManager.java:stop(1556)) - Stopping datanode service RPC server
2022-10-14 14:33:56,671 [Listener at 127.0.0.1/41295] INFO  server.SCMDatanodeProtocolServer (SCMDatanodeProtocolServer.java:stop(414)) - Stopping the RPC server for DataNodes
2022-10-14 14:33:56,671 [Listener at 127.0.0.1/41295] INFO  ipc.Server (Server.java:stop(3428)) - Stopping server on 38403
2022-10-14 14:33:56,681 [grpc-default-executor-1] WARN  server.GrpcLogAppender (LogUtils.java:warn(122)) - da235ff1-af49-4bd4-8bce-f7819ff62f3f@group-79A83AF4AB20->022a1120-d2e9-40a2-a00d-16a3e5b1f5eb-AppendLogResponseHandler: Failed appendEntries: org.apache.ratis.thirdparty.io.grpc.StatusRuntimeException: UNAVAILABLE: io exception
2022-10-14 14:33:56,682 [grpc-default-executor-1] INFO  leader.FollowerInfo (FollowerInfoImpl.java:lambda$new$0(48)) - da235ff1-af49-4bd4-8bce-f7819ff62f3f@group-79A83AF4AB20->022a1120-d2e9-40a2-a00d-16a3e5b1f5eb: nextIndex: updateUnconditionally 31 -> 30
2022-10-14 14:33:56,682 [IPC Server Responder] INFO  ipc.Server (Server.java:run(1517)) - Stopping IPC Server Responder
2022-10-14 14:33:56,683 [IPC Server listener on 38403] INFO  ipc.Server (Server.java:run(1384)) - Stopping IPC Server listener on 38403
2022-10-14 14:33:56,770 [EndpointStateMachine task thread for /127.0.0.1:38403 - 0 ] WARN  statemachine.EndpointStateMachine (EndpointStateMachine.java:logIfNeeded(242)) - Unable to communicate to SCM server at 127.0.0.1:38403 for past 0 seconds.
java.io.EOFException: End of File Exception between local host is: "fv-az318-86/10.1.0.20"; destination host is: "localhost":38403; : java.io.EOFException; For more details see:  http://wiki.apache.org/hadoop/EOFException
	at sun.reflect.NativeConstructorAccessorImpl.newInstance0(Native Method)
	at sun.reflect.NativeConstructorAccessorImpl.newInstance(NativeConstructorAccessorImpl.java:62)
	at sun.reflect.DelegatingConstructorAccessorImpl.newInstance(DelegatingConstructorAccessorImpl.java:45)
	at java.lang.reflect.Constructor.newInstance(Constructor.java:423)
	at org.apache.hadoop.net.NetUtils.wrapWithMessage(NetUtils.java:913)
	at org.apache.hadoop.net.NetUtils.wrapException(NetUtils.java:862)
	at org.apache.hadoop.ipc.Client.getRpcResponse(Client.java:1616)
	at org.apache.hadoop.ipc.Client.call(Client.java:1558)
	at org.apache.hadoop.ipc.Client.call(Client.java:1455)
	at org.apache.hadoop.ipc.ProtobufRpcEngine$Invoker.invoke(ProtobufRpcEngine.java:235)
	at org.apache.hadoop.ipc.ProtobufRpcEngine$Invoker.invoke(ProtobufRpcEngine.java:122)
	at com.sun.proxy.$Proxy51.submitRequest(Unknown Source)
	at org.apache.hadoop.ozone.protocolPB.StorageContainerDatanodeProtocolClientSideTranslatorPB.submitRequest(StorageContainerDatanodeProtocolClientSideTranslatorPB.java:117)
	at org.apache.hadoop.ozone.protocolPB.StorageContainerDatanodeProtocolClientSideTranslatorPB.sendHeartbeat(StorageContainerDatanodeProtocolClientSideTranslatorPB.java:149)
	at org.apache.hadoop.ozone.container.common.states.endpoint.HeartbeatEndpointTask.call(HeartbeatEndpointTask.java:185)
	at org.apache.hadoop.ozone.container.common.states.endpoint.HeartbeatEndpointTask.call(HeartbeatEndpointTask.java:87)
	at java.util.concurrent.FutureTask.run(FutureTask.java:266)
	at java.util.concurrent.ThreadPoolExecutor.runWorker(ThreadPoolExecutor.java:1149)
	at java.util.concurrent.ThreadPoolExecutor$Worker.run(ThreadPoolExecutor.java:624)
	at java.lang.Thread.run(Thread.java:750)
Caused by: java.io.EOFException
	at java.io.DataInputStream.readInt(DataInputStream.java:392)
	at org.apache.hadoop.ipc.Client$IpcStreams.readResponse(Client.java:1922)
	at org.apache.hadoop.ipc.Client$Connection.receiveRpcResponse(Client.java:1238)
	at org.apache.hadoop.ipc.Client$Connection.run(Client.java:1134)
2022-10-14 14:33:56,772 [EndpointStateMachine task thread for /127.0.0.1:38439 - 0 ] WARN  statemachine.EndpointStateMachine (EndpointStateMachine.java:logIfNeeded(242)) - Unable to communicate to SCM server at 127.0.0.1:38439 for past 0 seconds.
java.io.EOFException: End of File Exception between local host is: "fv-az318-86/10.1.0.20"; destination host is: "localhost":38439; : java.io.EOFException; For more details see:  http://wiki.apache.org/hadoop/EOFException
	at sun.reflect.NativeConstructorAccessorImpl.newInstance0(Native Method)
	at sun.reflect.NativeConstructorAccessorImpl.newInstance(NativeConstructorAccessorImpl.java:62)
	at sun.reflect.DelegatingConstructorAccessorImpl.newInstance(DelegatingConstructorAccessorImpl.java:45)
	at java.lang.reflect.Constructor.newInstance(Constructor.java:423)
	at org.apache.hadoop.net.NetUtils.wrapWithMessage(NetUtils.java:913)
	at org.apache.hadoop.net.NetUtils.wrapException(NetUtils.java:862)
	at org.apache.hadoop.ipc.Client.getRpcResponse(Client.java:1616)
	at org.apache.hadoop.ipc.Client.call(Client.java:1558)
	at org.apache.hadoop.ipc.Client.call(Client.java:1455)
	at org.apache.hadoop.ipc.ProtobufRpcEngine$Invoker.invoke(ProtobufRpcEngine.java:235)
	at org.apache.hadoop.ipc.ProtobufRpcEngine$Invoker.invoke(ProtobufRpcEngine.java:122)
	at com.sun.proxy.$Proxy51.submitRequest(Unknown Source)
	at org.apache.hadoop.ozone.protocolPB.StorageContainerDatanodeProtocolClientSideTranslatorPB.submitRequest(StorageContainerDatanodeProtocolClientSideTranslatorPB.java:117)
	at org.apache.hadoop.ozone.protocolPB.StorageContainerDatanodeProtocolClientSideTranslatorPB.sendHeartbeat(StorageContainerDatanodeProtocolClientSideTranslatorPB.java:149)
	at org.apache.hadoop.ozone.container.common.states.endpoint.HeartbeatEndpointTask.call(HeartbeatEndpointTask.java:185)
	at org.apache.hadoop.ozone.container.common.states.endpoint.HeartbeatEndpointTask.call(HeartbeatEndpointTask.java:87)
	at java.util.concurrent.FutureTask.run(FutureTask.java:266)
	at java.util.concurrent.ThreadPoolExecutor.runWorker(ThreadPoolExecutor.java:1149)
	at java.util.concurrent.ThreadPoolExecutor$Worker.run(ThreadPoolExecutor.java:624)
	at java.lang.Thread.run(Thread.java:750)
Caused by: java.io.EOFException
	at java.io.DataInputStream.readInt(DataInputStream.java:392)
	at org.apache.hadoop.ipc.Client$IpcStreams.readResponse(Client.java:1922)
	at org.apache.hadoop.ipc.Client$Connection.receiveRpcResponse(Client.java:1238)
	at org.apache.hadoop.ipc.Client$Connection.run(Client.java:1134)
2022-10-14 14:33:56,771 [EndpointStateMachine task thread for /127.0.0.1:42209 - 0 ] WARN  statemachine.EndpointStateMachine (EndpointStateMachine.java:logIfNeeded(242)) - Unable to communicate to SCM server at 127.0.0.1:42209 for past 0 seconds.
java.io.EOFException: End of File Exception between local host is: "fv-az318-86/10.1.0.20"; destination host is: "localhost":42209; : java.io.EOFException; For more details see:  http://wiki.apache.org/hadoop/EOFException
	at sun.reflect.NativeConstructorAccessorImpl.newInstance0(Native Method)
	at sun.reflect.NativeConstructorAccessorImpl.newInstance(NativeConstructorAccessorImpl.java:62)
	at sun.reflect.DelegatingConstructorAccessorImpl.newInstance(DelegatingConstructorAccessorImpl.java:45)
	at java.lang.reflect.Constructor.newInstance(Constructor.java:423)
	at org.apache.hadoop.net.NetUtils.wrapWithMessage(NetUtils.java:913)
	at org.apache.hadoop.net.NetUtils.wrapException(NetUtils.java:862)
	at org.apache.hadoop.ipc.Client.getRpcResponse(Client.java:1616)
	at org.apache.hadoop.ipc.Client.call(Client.java:1558)
	at org.apache.hadoop.ipc.Client.call(Client.java:1455)
	at org.apache.hadoop.ipc.ProtobufRpcEngine$Invoker.invoke(ProtobufRpcEngine.java:235)
	at org.apache.hadoop.ipc.ProtobufRpcEngine$Invoker.invoke(ProtobufRpcEngine.java:122)
	at com.sun.proxy.$Proxy51.submitRequest(Unknown Source)
	at org.apache.hadoop.ozone.protocolPB.StorageContainerDatanodeProtocolClientSideTranslatorPB.submitRequest(StorageContainerDatanodeProtocolClientSideTranslatorPB.java:117)
	at org.apache.hadoop.ozone.protocolPB.StorageContainerDatanodeProtocolClientSideTranslatorPB.sendHeartbeat(StorageContainerDatanodeProtocolClientSideTranslatorPB.java:149)
	at org.apache.hadoop.ozone.container.common.states.endpoint.HeartbeatEndpointTask.call(HeartbeatEndpointTask.java:185)
	at org.apache.hadoop.ozone.container.common.states.endpoint.HeartbeatEndpointTask.call(HeartbeatEndpointTask.java:87)
	at java.util.concurrent.FutureTask.run(FutureTask.java:266)
	at java.util.concurrent.ThreadPoolExecutor.runWorker(ThreadPoolExecutor.java:1149)
	at java.util.concurrent.ThreadPoolExecutor$Worker.run(ThreadPoolExecutor.java:624)
	at java.lang.Thread.run(Thread.java:750)
Caused by: java.io.EOFException
	at java.io.DataInputStream.readInt(DataInputStream.java:392)
	at org.apache.hadoop.ipc.Client$IpcStreams.readResponse(Client.java:1922)
	at org.apache.hadoop.ipc.Client$Connection.receiveRpcResponse(Client.java:1238)
	at org.apache.hadoop.ipc.Client$Connection.run(Client.java:1134)
2022-10-14 14:33:57,904 [grpc-default-executor-2] WARN  server.GrpcLogAppender (LogUtils.java:warn(122)) - da235ff1-af49-4bd4-8bce-f7819ff62f3f@group-79A83AF4AB20->c70ee520-a26f-4925-a0d6-13999223b64a-AppendLogResponseHandler: Failed appendEntries: org.apache.ratis.thirdparty.io.grpc.StatusRuntimeException: UNAVAILABLE: io exception
2022-10-14 14:33:57,905 [grpc-default-executor-2] INFO  leader.FollowerInfo (FollowerInfoImpl.java:lambda$new$0(48)) - da235ff1-af49-4bd4-8bce-f7819ff62f3f@group-79A83AF4AB20->c70ee520-a26f-4925-a0d6-13999223b64a: nextIndex: updateUnconditionally 31 -> 30
2022-10-14 14:33:57,905 [grpc-default-executor-1] WARN  server.GrpcLogAppender (LogUtils.java:warn(122)) - da235ff1-af49-4bd4-8bce-f7819ff62f3f@group-79A83AF4AB20->022a1120-d2e9-40a2-a00d-16a3e5b1f5eb-AppendLogResponseHandler: Failed appendEntries: org.apache.ratis.thirdparty.io.grpc.StatusRuntimeException: UNAVAILABLE: io exception
2022-10-14 14:33:57,905 [grpc-default-executor-1] INFO  leader.FollowerInfo (FollowerInfoImpl.java:lambda$new$0(48)) - da235ff1-af49-4bd4-8bce-f7819ff62f3f@group-79A83AF4AB20->022a1120-d2e9-40a2-a00d-16a3e5b1f5eb: nextIndex: updateUnconditionally 31 -> 30
2022-10-14 14:33:58,191 [EndpointStateMachine task thread for /127.0.0.1:38439 - 0 ] INFO  ipc.Client (Client.java:handleConnectionFailure(1010)) - Retrying connect to server: localhost/127.0.0.1:38439. Already tried 0 time(s); retry policy is RetryUpToMaximumCountWithFixedSleep(maxRetries=15, sleepTime=1000 MILLISECONDS)
2022-10-14 14:33:58,192 [Datanode State Machine Daemon Thread] ERROR datanode.RunningDatanodeState (RunningDatanodeState.java:computeNextContainerState(207)) - Error in executing end point task.
java.util.concurrent.ExecutionException: java.util.concurrent.TimeoutException
	at java.util.concurrent.FutureTask.report(FutureTask.java:122)
	at java.util.concurrent.FutureTask.get(FutureTask.java:192)
	at org.apache.hadoop.ozone.container.common.states.datanode.RunningDatanodeState.computeNextContainerState(RunningDatanodeState.java:199)
	at org.apache.hadoop.ozone.container.common.states.datanode.RunningDatanodeState.await(RunningDatanodeState.java:239)
	at org.apache.hadoop.ozone.container.common.states.datanode.RunningDatanodeState.await(RunningDatanodeState.java:50)
	at org.apache.hadoop.ozone.container.common.statemachine.StateContext.execute(StateContext.java:660)
	at org.apache.hadoop.ozone.container.common.statemachine.DatanodeStateMachine.startStateMachineThread(DatanodeStateMachine.java:298)
	at org.apache.hadoop.ozone.container.common.statemachine.DatanodeStateMachine.lambda$startDaemon$0(DatanodeStateMachine.java:493)
	at java.lang.Thread.run(Thread.java:750)
Caused by: java.util.concurrent.TimeoutException
	at java.util.concurrent.FutureTask.get(FutureTask.java:205)
	at org.apache.hadoop.ozone.container.common.states.datanode.RunningDatanodeState.lambda$execute$0(RunningDatanodeState.java:157)
	at java.util.concurrent.FutureTask.run(FutureTask.java:266)
	at java.util.concurrent.Executors$RunnableAdapter.call(Executors.java:511)
	at java.util.concurrent.FutureTask.run(FutureTask.java:266)
	at java.util.concurrent.ThreadPoolExecutor.runWorker(ThreadPoolExecutor.java:1149)
	at java.util.concurrent.ThreadPoolExecutor$Worker.run(ThreadPoolExecutor.java:624)
	... 1 more
2022-10-14 14:33:58,194 [EndpointStateMachine task thread for /127.0.0.1:38403 - 0 ] INFO  ipc.Client (Client.java:handleConnectionFailure(1010)) - Retrying connect to server: localhost/127.0.0.1:38403. Already tried 0 time(s); retry policy is RetryUpToMaximumCountWithFixedSleep(maxRetries=15, sleepTime=1000 MILLISECONDS)
2022-10-14 14:33:58,195 [EndpointStateMachine task thread for /127.0.0.1:42209 - 0 ] INFO  ipc.Client (Client.java:handleConnectionFailure(1010)) - Retrying connect to server: localhost/127.0.0.1:42209. Already tried 0 time(s); retry policy is RetryUpToMaximumCountWithFixedSleep(maxRetries=15, sleepTime=1000 MILLISECONDS)
2022-10-14 14:33:58,768 [Datanode State Machine Daemon Thread] ERROR datanode.RunningDatanodeState (RunningDatanodeState.java:computeNextContainerState(207)) - Error in executing end point task.
java.util.concurrent.ExecutionException: java.util.concurrent.TimeoutException
	at java.util.concurrent.FutureTask.report(FutureTask.java:122)
	at java.util.concurrent.FutureTask.get(FutureTask.java:192)
	at org.apache.hadoop.ozone.container.common.states.datanode.RunningDatanodeState.computeNextContainerState(RunningDatanodeState.java:199)
	at org.apache.hadoop.ozone.container.common.states.datanode.RunningDatanodeState.await(RunningDatanodeState.java:239)
	at org.apache.hadoop.ozone.container.common.states.datanode.RunningDatanodeState.await(RunningDatanodeState.java:50)
	at org.apache.hadoop.ozone.container.common.statemachine.StateContext.execute(StateContext.java:660)
	at org.apache.hadoop.ozone.container.common.statemachine.DatanodeStateMachine.startStateMachineThread(DatanodeStateMachine.java:298)
	at org.apache.hadoop.ozone.container.common.statemachine.DatanodeStateMachine.lambda$startDaemon$0(DatanodeStateMachine.java:493)
	at java.lang.Thread.run(Thread.java:750)
Caused by: java.util.concurrent.TimeoutException
	at java.util.concurrent.FutureTask.get(FutureTask.java:205)
	at org.apache.hadoop.ozone.container.common.states.datanode.RunningDatanodeState.lambda$execute$0(RunningDatanodeState.java:157)
	at java.util.concurrent.FutureTask.run(FutureTask.java:266)
	at java.util.concurrent.Executors$RunnableAdapter.call(Executors.java:511)
	at java.util.concurrent.FutureTask.run(FutureTask.java:266)
	at java.util.concurrent.ThreadPoolExecutor.runWorker(ThreadPoolExecutor.java:1149)
	at java.util.concurrent.ThreadPoolExecutor$Worker.run(ThreadPoolExecutor.java:624)
	... 1 more
2022-10-14 14:33:59,155 [grpc-default-executor-2] WARN  server.GrpcLogAppender (LogUtils.java:warn(122)) - da235ff1-af49-4bd4-8bce-f7819ff62f3f@group-79A83AF4AB20->022a1120-d2e9-40a2-a00d-16a3e5b1f5eb-AppendLogResponseHandler: Failed appendEntries: org.apache.ratis.thirdparty.io.grpc.StatusRuntimeException: UNAVAILABLE: io exception
2022-10-14 14:33:59,155 [grpc-default-executor-1] WARN  server.GrpcLogAppender (LogUtils.java:warn(122)) - da235ff1-af49-4bd4-8bce-f7819ff62f3f@group-79A83AF4AB20->c70ee520-a26f-4925-a0d6-13999223b64a-AppendLogResponseHandler: Failed appendEntries: org.apache.ratis.thirdparty.io.grpc.StatusRuntimeException: UNAVAILABLE: io exception
2022-10-14 14:33:59,156 [grpc-default-executor-1] INFO  leader.FollowerInfo (FollowerInfoImpl.java:lambda$new$0(48)) - da235ff1-af49-4bd4-8bce-f7819ff62f3f@group-79A83AF4AB20->c70ee520-a26f-4925-a0d6-13999223b64a: nextIndex: updateUnconditionally 31 -> 30
2022-10-14 14:33:59,161 [grpc-default-executor-2] INFO  leader.FollowerInfo (FollowerInfoImpl.java:lambda$new$0(48)) - da235ff1-af49-4bd4-8bce-f7819ff62f3f@group-79A83AF4AB20->022a1120-d2e9-40a2-a00d-16a3e5b1f5eb: nextIndex: updateUnconditionally 31 -> 30
2022-10-14 14:33:59,192 [EndpointStateMachine task thread for /127.0.0.1:38439 - 0 ] INFO  ipc.Client (Client.java:handleConnectionFailure(1010)) - Retrying connect to server: localhost/127.0.0.1:38439. Already tried 1 time(s); retry policy is RetryUpToMaximumCountWithFixedSleep(maxRetries=15, sleepTime=1000 MILLISECONDS)
2022-10-14 14:33:59,195 [EndpointStateMachine task thread for /127.0.0.1:38403 - 0 ] INFO  ipc.Client (Client.java:handleConnectionFailure(1010)) - Retrying connect to server: localhost/127.0.0.1:38403. Already tried 1 time(s); retry policy is RetryUpToMaximumCountWithFixedSleep(maxRetries=15, sleepTime=1000 MILLISECONDS)
2022-10-14 14:33:59,195 [EndpointStateMachine task thread for /127.0.0.1:42209 - 0 ] INFO  ipc.Client (Client.java:handleConnectionFailure(1010)) - Retrying connect to server: localhost/127.0.0.1:42209. Already tried 1 time(s); retry policy is RetryUpToMaximumCountWithFixedSleep(maxRetries=15, sleepTime=1000 MILLISECONDS)
2022-10-14 14:33:59,319 [SCM Heartbeat Processing Thread - 0] WARN  node.NodeStateManager (NodeStateManager.java:scheduleNextHealthCheck(870)) - Current Thread is interrupted, shutting down HB processing thread for Node Manager.
2022-10-14 14:33:59,319 [Listener at 127.0.0.1/41295] INFO  server.StorageContainerManager (StorageContainerManager.java:stop(1564)) - Stopping block service RPC server
2022-10-14 14:33:59,320 [Listener at 127.0.0.1/41295] INFO  server.SCMBlockProtocolServer (SCMBlockProtocolServer.java:stop(161)) - Stopping the RPC server for Block Protocol
2022-10-14 14:33:59,320 [Listener at 127.0.0.1/41295] INFO  ipc.Server (Server.java:stop(3428)) - Stopping server on 41611
2022-10-14 14:33:59,327 [Listener at 127.0.0.1/41295] INFO  server.StorageContainerManager (StorageContainerManager.java:stop(1571)) - Stopping the StorageContainerLocationProtocol RPC server
2022-10-14 14:33:59,327 [Listener at 127.0.0.1/41295] INFO  server.SCMClientProtocolServer (SCMClientProtocolServer.java:stop(179)) - Stopping the RPC server for Client Protocol
2022-10-14 14:33:59,327 [Listener at 127.0.0.1/41295] INFO  ipc.Server (Server.java:stop(3428)) - Stopping server on 41761
2022-10-14 14:33:59,327 [IPC Server Responder] INFO  ipc.Server (Server.java:run(1517)) - Stopping IPC Server Responder
2022-10-14 14:33:59,328 [IPC Server listener on 41611] INFO  ipc.Server (Server.java:run(1384)) - Stopping IPC Server listener on 41611
2022-10-14 14:33:59,340 [IPC Server Responder] INFO  ipc.Server (Server.java:run(1517)) - Stopping IPC Server Responder
2022-10-14 14:33:59,340 [Listener at 127.0.0.1/41295] INFO  server.StorageContainerManager (StorageContainerManager.java:stop(1578)) - Stopping Storage Container Manager HTTP server.
2022-10-14 14:33:59,341 [IPC Server listener on 41761] INFO  ipc.Server (Server.java:run(1384)) - Stopping IPC Server listener on 41761
2022-10-14 14:33:59,343 [Listener at 127.0.0.1/41295] INFO  handler.ContextHandler (ContextHandler.java:doStop(1153)) - Stopped o.e.j.w.WebAppContext@7a942459{scm,/,null,STOPPED}{file:/home/runner/work/ozone/ozone/hadoop-ozone/integration-test/target/test-classes/webapps/scm}
2022-10-14 14:33:59,343 [Listener at 127.0.0.1/41295] INFO  server.AbstractConnector (AbstractConnector.java:doStop(381)) - Stopped ServerConnector@7fb4482a{HTTP/1.1, (http/1.1)}{0.0.0.0:46099}
2022-10-14 14:33:59,344 [Listener at 127.0.0.1/41295] INFO  server.session (HouseKeeper.java:stopScavenging(149)) - node0 Stopped scavenging
2022-10-14 14:33:59,344 [Listener at 127.0.0.1/41295] INFO  handler.ContextHandler (ContextHandler.java:doStop(1153)) - Stopped o.e.j.s.ServletContextHandler@678ff27{static,/static,file:///home/runner/work/ozone/ozone/hadoop-ozone/integration-test/target/test-classes/webapps/static,STOPPED}
2022-10-14 14:33:59,344 [Listener at 127.0.0.1/41295] INFO  handler.ContextHandler (ContextHandler.java:doStop(1153)) - Stopped o.e.j.s.ServletContextHandler@614ec26{logs,/logs,file:///home/runner/work/ozone/ozone/hadoop-ozone/integration-test/target/log,STOPPED}
2022-10-14 14:33:59,344 [Listener at 127.0.0.1/41295] INFO  server.StorageContainerManager (StorageContainerManager.java:stop(1584)) - Stopping SCM LayoutVersionManager Service.
2022-10-14 14:33:59,345 [Listener at 127.0.0.1/41295] INFO  server.StorageContainerManager (StorageContainerManager.java:stop(1592)) - Stopping Block Manager Service.
2022-10-14 14:33:59,345 [Listener at 127.0.0.1/41295] INFO  utils.BackgroundService (BackgroundService.java:shutdown(141)) - Shutting down service SCMBlockDeletingService
2022-10-14 14:33:59,345 [Listener at 127.0.0.1/41295] INFO  utils.BackgroundService (BackgroundService.java:shutdown(141)) - Shutting down service SCMBlockDeletingService
2022-10-14 14:33:59,345 [Listener at 127.0.0.1/41295] INFO  server.StorageContainerManager (StorageContainerManager.java:stop(1619)) - Stopping SCM Event Queue.
2022-10-14 14:33:59,346 [Listener at 127.0.0.1/41295] INFO  server.StorageContainerManager (StorageContainerManager.java:stop(1630)) - Stopping SCM HA services.
2022-10-14 14:33:59,346 [Listener at 127.0.0.1/41295] INFO  ha.SCMRatisServerImpl (SCMRatisServerImpl.java:stop(237)) - stopping ratis server 0.0.0.0:45869
2022-10-14 14:33:59,347 [Listener at 127.0.0.1/41295] INFO  server.RaftServer (RaftServerProxy.java:lambda$close$7(398)) - da235ff1-af49-4bd4-8bce-f7819ff62f3f: close
2022-10-14 14:33:59,347 [Listener at 127.0.0.1/41295] INFO  server.RaftServer$Division (RaftServerImpl.java:lambda$close$4(434)) - da235ff1-af49-4bd4-8bce-f7819ff62f3f@group-79A83AF4AB20: shutdown
2022-10-14 14:33:59,347 [Listener at 127.0.0.1/41295] INFO  util.JmxRegister (JmxRegister.java:unregister(73)) - Successfully un-registered JMX Bean with object name Ratis:service=RaftServer,group=group-79A83AF4AB20,id=da235ff1-af49-4bd4-8bce-f7819ff62f3f
2022-10-14 14:33:59,347 [Listener at 127.0.0.1/41295] INFO  impl.RoleInfo (RoleInfo.java:shutdownLeaderState(93)) - da235ff1-af49-4bd4-8bce-f7819ff62f3f: shutdown da235ff1-af49-4bd4-8bce-f7819ff62f3f@group-79A83AF4AB20-LeaderStateImpl
2022-10-14 14:33:59,347 [da235ff1-af49-4bd4-8bce-f7819ff62f3f@group-79A83AF4AB20->022a1120-d2e9-40a2-a00d-16a3e5b1f5eb-GrpcLogAppender-LogAppenderDaemon] WARN  server.GrpcLogAppender (GrpcLogAppender.java:mayWait(171)) - da235ff1-af49-4bd4-8bce-f7819ff62f3f@group-79A83AF4AB20->022a1120-d2e9-40a2-a00d-16a3e5b1f5eb-GrpcLogAppender: Wait interrupted by java.lang.InterruptedException
2022-10-14 14:33:59,347 [da235ff1-af49-4bd4-8bce-f7819ff62f3f@group-79A83AF4AB20->c70ee520-a26f-4925-a0d6-13999223b64a-GrpcLogAppender-LogAppenderDaemon] WARN  server.GrpcLogAppender (GrpcLogAppender.java:mayWait(171)) - da235ff1-af49-4bd4-8bce-f7819ff62f3f@group-79A83AF4AB20->c70ee520-a26f-4925-a0d6-13999223b64a-GrpcLogAppender: Wait interrupted by java.lang.InterruptedException
2022-10-14 14:33:59,348 [Listener at 127.0.0.1/41295] INFO  impl.PendingRequests (PendingRequests.java:sendNotLeaderResponses(282)) - da235ff1-af49-4bd4-8bce-f7819ff62f3f@group-79A83AF4AB20-PendingRequests: sendNotLeaderResponses
2022-10-14 14:33:59,349 [Listener at 127.0.0.1/41295] INFO  ha.SCMStateMachine (SCMStateMachine.java:notifyNotLeader(190)) - current leader SCM steps down.
2022-10-14 14:33:59,349 [Listener at 127.0.0.1/41295] INFO  ha.SCMContext (SCMContext.java:updateLeaderAndTerm(99)) - update <isLeader,term> from <true,2> to <false,0>
2022-10-14 14:33:59,349 [Listener at 127.0.0.1/41295] INFO  ha.SCMContext (SCMContext.java:updateLeaderAndTerm(106)) - update <isLeaderReady> from <false> to <false>
2022-10-14 14:33:59,349 [Listener at 127.0.0.1/41295] INFO  BackgroundPipelineScrubber (BackgroundSCMService.java:notifyStatusChanged(88)) - Service BackgroundPipelineScrubber transitions to PAUSING.
2022-10-14 14:33:59,349 [Listener at 127.0.0.1/41295] INFO  ExpiredContainerReplicaOpScrubber (BackgroundSCMService.java:notifyStatusChanged(88)) - Service ExpiredContainerReplicaOpScrubber transitions to PAUSING.
2022-10-14 14:33:59,350 [Listener at 127.0.0.1/41295] INFO  impl.StateMachineUpdater (StateMachineUpdater.java:stopAndJoin(153)) - da235ff1-af49-4bd4-8bce-f7819ff62f3f@group-79A83AF4AB20-StateMachineUpdater: set stopIndex = 30
2022-10-14 14:33:59,350 [da235ff1-af49-4bd4-8bce-f7819ff62f3f@group-79A83AF4AB20-StateMachineUpdater] INFO  ha.SCMStateMachine (SCMStateMachine.java:takeSnapshot(297)) - Current Snapshot Index 30, takeSnapshot took 0 ms
2022-10-14 14:33:59,350 [da235ff1-af49-4bd4-8bce-f7819ff62f3f@group-79A83AF4AB20-StateMachineUpdater] INFO  impl.StateMachineUpdater (StateMachineUpdater.java:takeSnapshot(287)) - da235ff1-af49-4bd4-8bce-f7819ff62f3f@group-79A83AF4AB20-StateMachineUpdater: Took a snapshot at index 30
2022-10-14 14:33:59,351 [da235ff1-af49-4bd4-8bce-f7819ff62f3f@group-79A83AF4AB20-StateMachineUpdater] INFO  impl.StateMachineUpdater (StateMachineUpdater.java:lambda$new$0(92)) - da235ff1-af49-4bd4-8bce-f7819ff62f3f@group-79A83AF4AB20-StateMachineUpdater: snapshotIndex: updateIncreasingly -1 -> 30
2022-10-14 14:33:59,351 [da235ff1-af49-4bd4-8bce-f7819ff62f3f@group-79A83AF4AB20-StateMachineUpdater] INFO  server.StorageContainerManager (StorageContainerManager.java:stop(1528)) - Container Balancer is not running.
2022-10-14 14:33:59,351 [da235ff1-af49-4bd4-8bce-f7819ff62f3f@group-79A83AF4AB20-StateMachineUpdater] INFO  server.StorageContainerManager (StorageContainerManager.java:stop(1535)) - Stopping Replication Manager Service.
2022-10-14 14:33:59,351 [da235ff1-af49-4bd4-8bce-f7819ff62f3f@group-79A83AF4AB20-StateMachineUpdater] INFO  replication.ReplicationManager (ReplicationManager.java:stop(265)) - Replication Monitor Thread is not running.
2022-10-14 14:33:59,351 [da235ff1-af49-4bd4-8bce-f7819ff62f3f@group-79A83AF4AB20-StateMachineUpdater] INFO  server.StorageContainerManager (StorageContainerManager.java:stop(1542)) - Stopping the Datanode Admin Monitor.
2022-10-14 14:33:59,351 [da235ff1-af49-4bd4-8bce-f7819ff62f3f@group-79A83AF4AB20-StateMachineUpdater] INFO  server.StorageContainerManager (StorageContainerManager.java:stop(1549)) - Stopping Lease Manager of the command watchers
2022-10-14 14:33:59,351 [da235ff1-af49-4bd4-8bce-f7819ff62f3f@group-79A83AF4AB20-StateMachineUpdater] ERROR server.StorageContainerManager (StorageContainerManager.java:stop(1552)) - Lease Manager of the command watchers stop failed
2022-10-14 14:33:59,351 [da235ff1-af49-4bd4-8bce-f7819ff62f3f@group-79A83AF4AB20-StateMachineUpdater] INFO  server.StorageContainerManager (StorageContainerManager.java:stop(1556)) - Stopping datanode service RPC server
2022-10-14 14:33:59,351 [da235ff1-af49-4bd4-8bce-f7819ff62f3f@group-79A83AF4AB20-StateMachineUpdater] INFO  server.SCMDatanodeProtocolServer (SCMDatanodeProtocolServer.java:stop(414)) - Stopping the RPC server for DataNodes
2022-10-14 14:33:59,351 [da235ff1-af49-4bd4-8bce-f7819ff62f3f@group-79A83AF4AB20-StateMachineUpdater] INFO  ipc.Server (Server.java:stop(3428)) - Stopping server on 38403
2022-10-14 14:33:59,351 [da235ff1-af49-4bd4-8bce-f7819ff62f3f@group-79A83AF4AB20-StateMachineUpdater] INFO  server.StorageContainerManager (StorageContainerManager.java:stop(1564)) - Stopping block service RPC server
2022-10-14 14:33:59,351 [da235ff1-af49-4bd4-8bce-f7819ff62f3f@group-79A83AF4AB20-StateMachineUpdater] INFO  server.SCMBlockProtocolServer (SCMBlockProtocolServer.java:stop(161)) - Stopping the RPC server for Block Protocol
2022-10-14 14:33:59,351 [da235ff1-af49-4bd4-8bce-f7819ff62f3f@group-79A83AF4AB20-StateMachineUpdater] INFO  ipc.Server (Server.java:stop(3428)) - Stopping server on 41611
2022-10-14 14:33:59,351 [da235ff1-af49-4bd4-8bce-f7819ff62f3f@group-79A83AF4AB20-StateMachineUpdater] INFO  server.StorageContainerManager (StorageContainerManager.java:stop(1571)) - Stopping the StorageContainerLocationProtocol RPC server
2022-10-14 14:33:59,351 [da235ff1-af49-4bd4-8bce-f7819ff62f3f@group-79A83AF4AB20-StateMachineUpdater] INFO  server.SCMClientProtocolServer (SCMClientProtocolServer.java:stop(179)) - Stopping the RPC server for Client Protocol
2022-10-14 14:33:59,351 [da235ff1-af49-4bd4-8bce-f7819ff62f3f@group-79A83AF4AB20-StateMachineUpdater] INFO  ipc.Server (Server.java:stop(3428)) - Stopping server on 41761
2022-10-14 14:33:59,351 [da235ff1-af49-4bd4-8bce-f7819ff62f3f@group-79A83AF4AB20-StateMachineUpdater] INFO  server.StorageContainerManager (StorageContainerManager.java:stop(1578)) - Stopping Storage Container Manager HTTP server.
2022-10-14 14:33:59,352 [da235ff1-af49-4bd4-8bce-f7819ff62f3f@group-79A83AF4AB20-StateMachineUpdater] INFO  server.StorageContainerManager (StorageContainerManager.java:stop(1584)) - Stopping SCM LayoutVersionManager Service.
2022-10-14 14:33:59,352 [da235ff1-af49-4bd4-8bce-f7819ff62f3f@group-79A83AF4AB20-StateMachineUpdater] INFO  server.StorageContainerManager (StorageContainerManager.java:stop(1592)) - Stopping Block Manager Service.
2022-10-14 14:33:59,352 [da235ff1-af49-4bd4-8bce-f7819ff62f3f@group-79A83AF4AB20-StateMachineUpdater] INFO  utils.BackgroundService (BackgroundService.java:shutdown(141)) - Shutting down service SCMBlockDeletingService
2022-10-14 14:33:59,352 [da235ff1-af49-4bd4-8bce-f7819ff62f3f@group-79A83AF4AB20-StateMachineUpdater] INFO  utils.BackgroundService (BackgroundService.java:shutdown(141)) - Shutting down service SCMBlockDeletingService
2022-10-14 14:33:59,352 [da235ff1-af49-4bd4-8bce-f7819ff62f3f@group-79A83AF4AB20-StateMachineUpdater] INFO  server.StorageContainerManager (StorageContainerManager.java:stop(1619)) - Stopping SCM Event Queue.
2022-10-14 14:33:59,352 [da235ff1-af49-4bd4-8bce-f7819ff62f3f@group-79A83AF4AB20-StateMachineUpdater] INFO  server.StorageContainerManager (StorageContainerManager.java:stop(1630)) - Stopping SCM HA services.
2022-10-14 14:33:59,352 [da235ff1-af49-4bd4-8bce-f7819ff62f3f@group-79A83AF4AB20-StateMachineUpdater] INFO  ha.SCMRatisServerImpl (SCMRatisServerImpl.java:stop(237)) - stopping ratis server 0.0.0.0:45869
2022-10-14 14:33:59,352 [org.apache.ratis.util.JvmPauseMonitor$$Lambda$519/1610556435@35ba2959] INFO  util.JvmPauseMonitor (JvmPauseMonitor.java:run(109)) - JvmPauseMonitor-da235ff1-af49-4bd4-8bce-f7819ff62f3f: Stopped
2022-10-14 14:33:59,353 [da235ff1-af49-4bd4-8bce-f7819ff62f3f@group-79A83AF4AB20-StateMachineUpdater] INFO  pipeline.BackgroundPipelineCreator (BackgroundPipelineCreator.java:stop(149)) - Stopping RatisPipelineUtilsThread.
2022-10-14 14:33:59,353 [RatisPipelineUtilsThread - 0] WARN  pipeline.BackgroundPipelineCreator (BackgroundPipelineCreator.java:run(180)) - RatisPipelineUtilsThread is interrupted.
2022-10-14 14:33:59,353 [da235ff1-af49-4bd4-8bce-f7819ff62f3f@group-79A83AF4AB20-StateMachineUpdater] INFO  BackgroundPipelineScrubber (BackgroundSCMService.java:stop(131)) - Stopping BackgroundPipelineScrubber Service.
2022-10-14 14:33:59,354 [da235ff1-af49-4bd4-8bce-f7819ff62f3f@group-79A83AF4AB20-StateMachineUpdater] INFO  impl.MetricsSystemImpl (MetricsSystemImpl.java:stop(205)) - HddsDatanode metrics system stopped (again)
2022-10-14 14:33:59,354 [da235ff1-af49-4bd4-8bce-f7819ff62f3f@group-79A83AF4AB20-StateMachineUpdater] WARN  pipeline.BackgroundPipelineCreator (BackgroundPipelineCreator.java:stop(145)) - RatisPipelineUtilsThread is not running, just ignore.
2022-10-14 14:33:59,354 [da235ff1-af49-4bd4-8bce-f7819ff62f3f@group-79A83AF4AB20-StateMachineUpdater] INFO  BackgroundPipelineScrubber (BackgroundSCMService.java:stop(126)) - BackgroundPipelineScrubber Service is not running, skip stop.
2022-10-14 14:33:59,354 [da235ff1-af49-4bd4-8bce-f7819ff62f3f@group-79A83AF4AB20-StateMachineUpdater] INFO  ExpiredContainerReplicaOpScrubber (BackgroundSCMService.java:stop(131)) - Stopping ExpiredContainerReplicaOpScrubber Service.
2022-10-14 14:33:59,354 [da235ff1-af49-4bd4-8bce-f7819ff62f3f@group-79A83AF4AB20-StateMachineUpdater] INFO  utils.BackgroundService (BackgroundService.java:shutdown(141)) - Shutting down service SCMBlockDeletingService
2022-10-14 14:33:59,354 [da235ff1-af49-4bd4-8bce-f7819ff62f3f@group-79A83AF4AB20-StateMachineUpdater] INFO  replication.ReplicationManager (ReplicationManager.java:stop(265)) - Replication Monitor Thread is not running.
2022-10-14 14:33:59,354 [da235ff1-af49-4bd4-8bce-f7819ff62f3f@group-79A83AF4AB20-StateMachineUpdater] WARN  balancer.ContainerBalancer (ContainerBalancer.java:stop(1096)) - Cannot stop Container Balancer because it's not running
2022-10-14 14:33:59,354 [da235ff1-af49-4bd4-8bce-f7819ff62f3f@group-79A83AF4AB20-StateMachineUpdater] INFO  server.StorageContainerManager (StorageContainerManager.java:stop(1648)) - Stopping SCM MetadataStore.
2022-10-14 14:33:59,354 [ExpiredContainerReplicaOpScrubberThread] WARN  ExpiredContainerReplicaOpScrubber (BackgroundSCMService.java:run(115)) - ExpiredContainerReplicaOpScrubber is interrupted, exit
2022-10-14 14:33:59,355 [da235ff1-af49-4bd4-8bce-f7819ff62f3f@group-79A83AF4AB20-StateMachineUpdater] ERROR server.StorageContainerManager (ExitUtils.java:terminate(133)) - Terminating with exit status 1: scm statemachine is closed by ratis, terminate SCM
2022-10-14 14:33:59,355 [da235ff1-af49-4bd4-8bce-f7819ff62f3f@group-79A83AF4AB20-StateMachineUpdater] WARN  impl.StateMachineUpdater (StateMachineUpdater.java:stop(137)) - da235ff1-af49-4bd4-8bce-f7819ff62f3f@group-79A83AF4AB20-StateMachineUpdater: Failed to close SCMStateMachine SCMStateMachine:da235ff1-af49-4bd4-8bce-f7819ff62f3f:group-79A83AF4AB20
org.apache.ratis.util.ExitUtils$ExitException: scm statemachine is closed by ratis, terminate SCM
	at org.apache.ratis.util.ExitUtils.terminate(ExitUtils.java:141)
	at org.apache.ratis.util.ExitUtils.terminate(ExitUtils.java:151)
	at org.apache.ratis.util.ExitUtils.terminate(ExitUtils.java:155)
	at org.apache.hadoop.hdds.scm.server.StorageContainerManager.shutDown(StorageContainerManager.java:1658)
	at org.apache.hadoop.hdds.scm.ha.SCMStateMachine.close(SCMStateMachine.java:403)
	at org.apache.ratis.server.impl.StateMachineUpdater.stop(StateMachineUpdater.java:134)
	at org.apache.ratis.server.impl.StateMachineUpdater.run(StateMachineUpdater.java:187)
	at java.lang.Thread.run(Thread.java:750)
2022-10-14 14:33:59,355 [Listener at 127.0.0.1/41295] INFO  server.RaftServer$Division (ServerState.java:close(429)) - da235ff1-af49-4bd4-8bce-f7819ff62f3f@group-79A83AF4AB20: closes. applyIndex: 30
2022-10-14 14:33:59,355 [BackgroundPipelineScrubberThread] WARN  BackgroundPipelineScrubber (BackgroundSCMService.java:run(115)) - BackgroundPipelineScrubber is interrupted, exit
2022-10-14 14:33:59,355 [da235ff1-af49-4bd4-8bce-f7819ff62f3f@group-79A83AF4AB20-SegmentedRaftLogWorker] INFO  segmented.SegmentedRaftLogWorker (SegmentedRaftLogWorker.java:run(336)) - da235ff1-af49-4bd4-8bce-f7819ff62f3f@group-79A83AF4AB20-SegmentedRaftLogWorker was interrupted, exiting. There are 0 tasks remaining in the queue.
2022-10-14 14:33:59,357 [Listener at 127.0.0.1/41295] INFO  segmented.SegmentedRaftLogWorker (SegmentedRaftLogWorker.java:close(246)) - da235ff1-af49-4bd4-8bce-f7819ff62f3f@group-79A83AF4AB20-SegmentedRaftLogWorker close()
2022-10-14 14:33:59,358 [Listener at 127.0.0.1/41295] INFO  server.GrpcService (GrpcService.java:closeImpl(269)) - da235ff1-af49-4bd4-8bce-f7819ff62f3f: shutdown server with port 45869 now
2022-10-14 14:33:59,364 [Listener at 127.0.0.1/41295] INFO  server.GrpcService (GrpcService.java:closeImpl(278)) - da235ff1-af49-4bd4-8bce-f7819ff62f3f: shutdown server with port 45869 successfully
2022-10-14 14:33:59,365 [Listener at 127.0.0.1/41295] WARN  pipeline.BackgroundPipelineCreator (BackgroundPipelineCreator.java:stop(145)) - RatisPipelineUtilsThread is not running, just ignore.
2022-10-14 14:33:59,365 [Listener at 127.0.0.1/41295] INFO  BackgroundPipelineScrubber (BackgroundSCMService.java:stop(126)) - BackgroundPipelineScrubber Service is not running, skip stop.
2022-10-14 14:33:59,365 [Listener at 127.0.0.1/41295] INFO  impl.MetricsSystemImpl (MetricsSystemImpl.java:stop(205)) - HddsDatanode metrics system stopped (again)
2022-10-14 14:33:59,365 [Listener at 127.0.0.1/41295] WARN  pipeline.BackgroundPipelineCreator (BackgroundPipelineCreator.java:stop(145)) - RatisPipelineUtilsThread is not running, just ignore.
2022-10-14 14:33:59,365 [Listener at 127.0.0.1/41295] INFO  BackgroundPipelineScrubber (BackgroundSCMService.java:stop(126)) - BackgroundPipelineScrubber Service is not running, skip stop.
2022-10-14 14:33:59,365 [Listener at 127.0.0.1/41295] INFO  ExpiredContainerReplicaOpScrubber (BackgroundSCMService.java:stop(126)) - ExpiredContainerReplicaOpScrubber Service is not running, skip stop.
2022-10-14 14:33:59,365 [Listener at 127.0.0.1/41295] INFO  utils.BackgroundService (BackgroundService.java:shutdown(141)) - Shutting down service SCMBlockDeletingService
2022-10-14 14:33:59,365 [Listener at 127.0.0.1/41295] INFO  replication.ReplicationManager (ReplicationManager.java:stop(265)) - Replication Monitor Thread is not running.
2022-10-14 14:33:59,365 [Listener at 127.0.0.1/41295] WARN  balancer.ContainerBalancer (ContainerBalancer.java:stop(1096)) - Cannot stop Container Balancer because it's not running
2022-10-14 14:33:59,365 [Listener at 127.0.0.1/41295] INFO  server.StorageContainerManager (StorageContainerManager.java:stop(1648)) - Stopping SCM MetadataStore.
2022-10-14 14:33:59,365 [Listener at 127.0.0.1/41295] INFO  ozone.MiniOzoneClusterImpl (MiniOzoneClusterImpl.java:stop(463)) - Stopping the Mini Ozone Cluster
2022-10-14 14:33:59,365 [Listener at 127.0.0.1/41295] INFO  ozone.MiniOzoneClusterImpl (MiniOzoneClusterImpl.java:stopDatanodes(522)) - Stopping the HddsDatanodes
2022-10-14 14:33:59,398 [Listener at 127.0.0.1/41295] INFO  ozoneimpl.OzoneContainer (OzoneContainer.java:stop(400)) - Attempting to stop container services.
2022-10-14 14:33:59,399 [Listener at 127.0.0.1/41295] INFO  server.RaftServer (RaftServerProxy.java:lambda$close$7(398)) - 5c29832d-acaf-4236-b352-735ef8095d77: close
2022-10-14 14:33:59,399 [Listener at 127.0.0.1/41295] INFO  server.RaftServer$Division (RaftServerImpl.java:lambda$close$4(434)) - 5c29832d-acaf-4236-b352-735ef8095d77@group-E23AE6893ED9: shutdown
2022-10-14 14:33:59,399 [Listener at 127.0.0.1/41295] INFO  util.JmxRegister (JmxRegister.java:unregister(73)) - Successfully un-registered JMX Bean with object name Ratis:service=RaftServer,group=group-E23AE6893ED9,id=5c29832d-acaf-4236-b352-735ef8095d77
2022-10-14 14:33:59,399 [Listener at 127.0.0.1/41295] INFO  impl.RoleInfo (RoleInfo.java:shutdownFollowerState(110)) - 5c29832d-acaf-4236-b352-735ef8095d77: shutdown 5c29832d-acaf-4236-b352-735ef8095d77@group-E23AE6893ED9-FollowerState
2022-10-14 14:33:59,400 [Listener at 127.0.0.1/41295] INFO  impl.StateMachineUpdater (StateMachineUpdater.java:stopAndJoin(153)) - 5c29832d-acaf-4236-b352-735ef8095d77@group-E23AE6893ED9-StateMachineUpdater: set stopIndex = 0
2022-10-14 14:33:59,400 [5c29832d-acaf-4236-b352-735ef8095d77@group-E23AE6893ED9-FollowerState] INFO  impl.FollowerState (FollowerState.java:run(152)) - 5c29832d-acaf-4236-b352-735ef8095d77@group-E23AE6893ED9-FollowerState was interrupted
2022-10-14 14:33:59,400 [5c29832d-acaf-4236-b352-735ef8095d77@group-E23AE6893ED9-StateMachineUpdater] INFO  ratis.ContainerStateMachine (ContainerStateMachine.java:takeSnapshot(304)) - group-E23AE6893ED9: Taking a snapshot at:(t:1, i:0) file /home/runner/work/ozone/ozone/hadoop-ozone/integration-test/target/test-dir/MiniOzoneClusterImpl-d3474758-561c-4776-8c9d-79a83af4ab20/datanode-1/data/ratis/cdca5273-61c0-4bfd-a9c7-e23ae6893ed9/sm/snapshot.1_0
2022-10-14 14:33:59,434 [5c29832d-acaf-4236-b352-735ef8095d77@group-E23AE6893ED9-StateMachineUpdater] INFO  ratis.ContainerStateMachine (ContainerStateMachine.java:takeSnapshot(315)) - group-E23AE6893ED9: Finished taking a snapshot at:(t:1, i:0) file:/home/runner/work/ozone/ozone/hadoop-ozone/integration-test/target/test-dir/MiniOzoneClusterImpl-d3474758-561c-4776-8c9d-79a83af4ab20/datanode-1/data/ratis/cdca5273-61c0-4bfd-a9c7-e23ae6893ed9/sm/snapshot.1_0 took: 34 ms
2022-10-14 14:33:59,436 [5c29832d-acaf-4236-b352-735ef8095d77@group-E23AE6893ED9-StateMachineUpdater] INFO  impl.StateMachineUpdater (StateMachineUpdater.java:takeSnapshot(287)) - 5c29832d-acaf-4236-b352-735ef8095d77@group-E23AE6893ED9-StateMachineUpdater: Took a snapshot at index 0
2022-10-14 14:33:59,436 [5c29832d-acaf-4236-b352-735ef8095d77@group-E23AE6893ED9-StateMachineUpdater] INFO  impl.StateMachineUpdater (StateMachineUpdater.java:lambda$new$0(92)) - 5c29832d-acaf-4236-b352-735ef8095d77@group-E23AE6893ED9-StateMachineUpdater: snapshotIndex: updateIncreasingly -1 -> 0
2022-10-14 14:33:59,437 [Listener at 127.0.0.1/41295] INFO  server.RaftServer$Division (ServerState.java:close(429)) - 5c29832d-acaf-4236-b352-735ef8095d77@group-E23AE6893ED9: closes. applyIndex: 0
2022-10-14 14:33:59,437 [5c29832d-acaf-4236-b352-735ef8095d77@group-E23AE6893ED9-SegmentedRaftLogWorker] INFO  segmented.SegmentedRaftLogWorker (SegmentedRaftLogWorker.java:run(336)) - 5c29832d-acaf-4236-b352-735ef8095d77@group-E23AE6893ED9-SegmentedRaftLogWorker was interrupted, exiting. There are 0 tasks remaining in the queue.
2022-10-14 14:33:59,438 [Listener at 127.0.0.1/41295] INFO  segmented.SegmentedRaftLogWorker (SegmentedRaftLogWorker.java:close(246)) - 5c29832d-acaf-4236-b352-735ef8095d77@group-E23AE6893ED9-SegmentedRaftLogWorker close()
2022-10-14 14:33:59,439 [Listener at 127.0.0.1/41295] INFO  server.RaftServer$Division (RaftServerImpl.java:lambda$close$4(434)) - 5c29832d-acaf-4236-b352-735ef8095d77@group-822240EE24AA: shutdown
2022-10-14 14:33:59,439 [Listener at 127.0.0.1/41295] INFO  util.JmxRegister (JmxRegister.java:unregister(73)) - Successfully un-registered JMX Bean with object name Ratis:service=RaftServer,group=group-822240EE24AA,id=5c29832d-acaf-4236-b352-735ef8095d77
2022-10-14 14:33:59,439 [Listener at 127.0.0.1/41295] INFO  impl.RoleInfo (RoleInfo.java:shutdownFollowerState(110)) - 5c29832d-acaf-4236-b352-735ef8095d77: shutdown 5c29832d-acaf-4236-b352-735ef8095d77@group-822240EE24AA-FollowerState
2022-10-14 14:33:59,439 [Listener at 127.0.0.1/41295] INFO  impl.StateMachineUpdater (StateMachineUpdater.java:stopAndJoin(153)) - 5c29832d-acaf-4236-b352-735ef8095d77@group-822240EE24AA-StateMachineUpdater: set stopIndex = 0
2022-10-14 14:33:59,439 [5c29832d-acaf-4236-b352-735ef8095d77@group-822240EE24AA-FollowerState] INFO  impl.FollowerState (FollowerState.java:run(152)) - 5c29832d-acaf-4236-b352-735ef8095d77@group-822240EE24AA-FollowerState was interrupted
2022-10-14 14:33:59,439 [5c29832d-acaf-4236-b352-735ef8095d77@group-822240EE24AA-StateMachineUpdater] INFO  ratis.ContainerStateMachine (ContainerStateMachine.java:takeSnapshot(304)) - group-822240EE24AA: Taking a snapshot at:(t:1, i:0) file /home/runner/work/ozone/ozone/hadoop-ozone/integration-test/target/test-dir/MiniOzoneClusterImpl-d3474758-561c-4776-8c9d-79a83af4ab20/datanode-1/data/ratis/592fcc52-6c8c-41d3-824e-822240ee24aa/sm/snapshot.1_0
2022-10-14 14:33:59,440 [5c29832d-acaf-4236-b352-735ef8095d77@group-822240EE24AA-StateMachineUpdater] INFO  ratis.ContainerStateMachine (ContainerStateMachine.java:takeSnapshot(315)) - group-822240EE24AA: Finished taking a snapshot at:(t:1, i:0) file:/home/runner/work/ozone/ozone/hadoop-ozone/integration-test/target/test-dir/MiniOzoneClusterImpl-d3474758-561c-4776-8c9d-79a83af4ab20/datanode-1/data/ratis/592fcc52-6c8c-41d3-824e-822240ee24aa/sm/snapshot.1_0 took: 1 ms
2022-10-14 14:33:59,440 [5c29832d-acaf-4236-b352-735ef8095d77@group-822240EE24AA-StateMachineUpdater] INFO  impl.StateMachineUpdater (StateMachineUpdater.java:takeSnapshot(287)) - 5c29832d-acaf-4236-b352-735ef8095d77@group-822240EE24AA-StateMachineUpdater: Took a snapshot at index 0
2022-10-14 14:33:59,441 [5c29832d-acaf-4236-b352-735ef8095d77@group-822240EE24AA-StateMachineUpdater] INFO  impl.StateMachineUpdater (StateMachineUpdater.java:lambda$new$0(92)) - 5c29832d-acaf-4236-b352-735ef8095d77@group-822240EE24AA-StateMachineUpdater: snapshotIndex: updateIncreasingly -1 -> 0
2022-10-14 14:33:59,441 [Listener at 127.0.0.1/41295] INFO  server.RaftServer$Division (ServerState.java:close(429)) - 5c29832d-acaf-4236-b352-735ef8095d77@group-822240EE24AA: closes. applyIndex: 0
2022-10-14 14:33:59,442 [5c29832d-acaf-4236-b352-735ef8095d77@group-822240EE24AA-SegmentedRaftLogWorker] INFO  segmented.SegmentedRaftLogWorker (SegmentedRaftLogWorker.java:run(336)) - 5c29832d-acaf-4236-b352-735ef8095d77@group-822240EE24AA-SegmentedRaftLogWorker was interrupted, exiting. There are 0 tasks remaining in the queue.
2022-10-14 14:33:59,442 [Listener at 127.0.0.1/41295] INFO  segmented.SegmentedRaftLogWorker (SegmentedRaftLogWorker.java:close(246)) - 5c29832d-acaf-4236-b352-735ef8095d77@group-822240EE24AA-SegmentedRaftLogWorker close()
2022-10-14 14:33:59,443 [Listener at 127.0.0.1/41295] INFO  server.RaftServer$Division (RaftServerImpl.java:lambda$close$4(434)) - 5c29832d-acaf-4236-b352-735ef8095d77@group-B7F0B16A33D5: shutdown
2022-10-14 14:33:59,443 [Listener at 127.0.0.1/41295] INFO  util.JmxRegister (JmxRegister.java:unregister(73)) - Successfully un-registered JMX Bean with object name Ratis:service=RaftServer,group=group-B7F0B16A33D5,id=5c29832d-acaf-4236-b352-735ef8095d77
2022-10-14 14:33:59,443 [Listener at 127.0.0.1/41295] INFO  impl.RoleInfo (RoleInfo.java:shutdownLeaderState(93)) - 5c29832d-acaf-4236-b352-735ef8095d77: shutdown 5c29832d-acaf-4236-b352-735ef8095d77@group-B7F0B16A33D5-LeaderStateImpl
2022-10-14 14:33:59,443 [Listener at 127.0.0.1/41295] INFO  impl.PendingRequests (PendingRequests.java:sendNotLeaderResponses(282)) - 5c29832d-acaf-4236-b352-735ef8095d77@group-B7F0B16A33D5-PendingRequests: sendNotLeaderResponses
2022-10-14 14:33:59,444 [Listener at 127.0.0.1/41295] INFO  impl.StateMachineUpdater (StateMachineUpdater.java:stopAndJoin(153)) - 5c29832d-acaf-4236-b352-735ef8095d77@group-B7F0B16A33D5-StateMachineUpdater: set stopIndex = 0
2022-10-14 14:33:59,444 [5c29832d-acaf-4236-b352-735ef8095d77@group-B7F0B16A33D5-StateMachineUpdater] INFO  ratis.ContainerStateMachine (ContainerStateMachine.java:takeSnapshot(304)) - group-B7F0B16A33D5: Taking a snapshot at:(t:1, i:0) file /home/runner/work/ozone/ozone/hadoop-ozone/integration-test/target/test-dir/MiniOzoneClusterImpl-d3474758-561c-4776-8c9d-79a83af4ab20/datanode-1/data/ratis/39f4c4af-6088-4735-8f72-b7f0b16a33d5/sm/snapshot.1_0
2022-10-14 14:33:59,445 [5c29832d-acaf-4236-b352-735ef8095d77@group-B7F0B16A33D5-StateMachineUpdater] INFO  ratis.ContainerStateMachine (ContainerStateMachine.java:takeSnapshot(315)) - group-B7F0B16A33D5: Finished taking a snapshot at:(t:1, i:0) file:/home/runner/work/ozone/ozone/hadoop-ozone/integration-test/target/test-dir/MiniOzoneClusterImpl-d3474758-561c-4776-8c9d-79a83af4ab20/datanode-1/data/ratis/39f4c4af-6088-4735-8f72-b7f0b16a33d5/sm/snapshot.1_0 took: 0 ms
2022-10-14 14:33:59,445 [5c29832d-acaf-4236-b352-735ef8095d77@group-B7F0B16A33D5-StateMachineUpdater] INFO  impl.StateMachineUpdater (StateMachineUpdater.java:takeSnapshot(287)) - 5c29832d-acaf-4236-b352-735ef8095d77@group-B7F0B16A33D5-StateMachineUpdater: Took a snapshot at index 0
2022-10-14 14:33:59,445 [5c29832d-acaf-4236-b352-735ef8095d77@group-B7F0B16A33D5-StateMachineUpdater] INFO  impl.StateMachineUpdater (StateMachineUpdater.java:lambda$new$0(92)) - 5c29832d-acaf-4236-b352-735ef8095d77@group-B7F0B16A33D5-StateMachineUpdater: snapshotIndex: updateIncreasingly -1 -> 0
2022-10-14 14:33:59,445 [Listener at 127.0.0.1/41295] INFO  server.RaftServer$Division (ServerState.java:close(429)) - 5c29832d-acaf-4236-b352-735ef8095d77@group-B7F0B16A33D5: closes. applyIndex: 0
2022-10-14 14:33:59,445 [5c29832d-acaf-4236-b352-735ef8095d77@group-B7F0B16A33D5-SegmentedRaftLogWorker] INFO  segmented.SegmentedRaftLogWorker (SegmentedRaftLogWorker.java:run(336)) - 5c29832d-acaf-4236-b352-735ef8095d77@group-B7F0B16A33D5-SegmentedRaftLogWorker was interrupted, exiting. There are 0 tasks remaining in the queue.
2022-10-14 14:33:59,446 [Listener at 127.0.0.1/41295] INFO  segmented.SegmentedRaftLogWorker (SegmentedRaftLogWorker.java:close(246)) - 5c29832d-acaf-4236-b352-735ef8095d77@group-B7F0B16A33D5-SegmentedRaftLogWorker close()
2022-10-14 14:33:59,447 [Listener at 127.0.0.1/41295] INFO  server.GrpcService (GrpcService.java:closeImpl(269)) - 5c29832d-acaf-4236-b352-735ef8095d77: shutdown server with port 37445 now
2022-10-14 14:33:59,449 [grpc-default-executor-1] WARN  server.GrpcServerProtocolService (LogUtils.java:warn(122)) - 5c29832d-acaf-4236-b352-735ef8095d77: installSnapshot onError, lastRequest: 8c401b7e-dd35-4342-9d84-0aada9f9613c->5c29832d-acaf-4236-b352-735ef8095d77#1-t1,previous=(t:0, i:0),leaderCommit=-1,initializing? true,entries: size=1, first=(t:1, i:0), CONFIGURATIONENTRY: org.apache.ratis.thirdparty.io.grpc.StatusRuntimeException: CANCELLED: client cancelled
2022-10-14 14:33:59,450 [grpc-default-executor-1] WARN  server.GrpcLogAppender (LogUtils.java:warn(122)) - 8c401b7e-dd35-4342-9d84-0aada9f9613c@group-822240EE24AA->5c29832d-acaf-4236-b352-735ef8095d77-AppendLogResponseHandler: Failed appendEntries: org.apache.ratis.thirdparty.io.grpc.StatusRuntimeException: CANCELLED: RST_STREAM closed stream. HTTP/2 error code: CANCEL
2022-10-14 14:33:59,450 [grpc-default-executor-1] WARN  server.GrpcLogAppender (GrpcLogAppender.java:resetClient(111)) - 8c401b7e-dd35-4342-9d84-0aada9f9613c@group-822240EE24AA->5c29832d-acaf-4236-b352-735ef8095d77-GrpcLogAppender: Leader has not got in touch with Follower 8c401b7e-dd35-4342-9d84-0aada9f9613c@group-822240EE24AA->5c29832d-acaf-4236-b352-735ef8095d77(c0,m0,n1, attendVote=true, lastRpcSendTime=1520, lastRpcResponseTime=1516) yet, just keep nextIndex unchanged and retry.
2022-10-14 14:33:59,450 [grpc-default-executor-3] WARN  server.GrpcServerProtocolService (LogUtils.java:warn(122)) - 5c29832d-acaf-4236-b352-735ef8095d77: installSnapshot onError, lastRequest: fe4e0b1e-d8f6-493e-bd46-2984bf01a4b8->5c29832d-acaf-4236-b352-735ef8095d77#1-t1,previous=(t:0, i:0),leaderCommit=-1,initializing? true,entries: size=1, first=(t:1, i:0), CONFIGURATIONENTRY: org.apache.ratis.thirdparty.io.grpc.StatusRuntimeException: CANCELLED: client cancelled
2022-10-14 14:33:59,451 [grpc-default-executor-0] WARN  server.GrpcLogAppender (LogUtils.java:warn(122)) - fe4e0b1e-d8f6-493e-bd46-2984bf01a4b8@group-E23AE6893ED9->5c29832d-acaf-4236-b352-735ef8095d77-AppendLogResponseHandler: Failed appendEntries: org.apache.ratis.thirdparty.io.grpc.StatusRuntimeException: CANCELLED: RST_STREAM closed stream. HTTP/2 error code: CANCEL
2022-10-14 14:33:59,451 [grpc-default-executor-0] WARN  server.GrpcLogAppender (GrpcLogAppender.java:resetClient(111)) - fe4e0b1e-d8f6-493e-bd46-2984bf01a4b8@group-E23AE6893ED9->5c29832d-acaf-4236-b352-735ef8095d77-GrpcLogAppender: Leader has not got in touch with Follower fe4e0b1e-d8f6-493e-bd46-2984bf01a4b8@group-E23AE6893ED9->5c29832d-acaf-4236-b352-735ef8095d77(c0,m0,n1, attendVote=true, lastRpcSendTime=1695, lastRpcResponseTime=1692) yet, just keep nextIndex unchanged and retry.
2022-10-14 14:33:59,464 [Listener at 127.0.0.1/41295] INFO  server.GrpcService (GrpcService.java:closeImpl(278)) - 5c29832d-acaf-4236-b352-735ef8095d77: shutdown server with port 37445 successfully
2022-10-14 14:33:59,464 [org.apache.ratis.util.JvmPauseMonitor$$Lambda$519/1610556435@1dcc6b09] INFO  util.JvmPauseMonitor (JvmPauseMonitor.java:run(109)) - JvmPauseMonitor-5c29832d-acaf-4236-b352-735ef8095d77: Stopped
2022-10-14 14:33:59,798 [Datanode State Machine Daemon Thread] ERROR datanode.RunningDatanodeState (RunningDatanodeState.java:computeNextContainerState(207)) - Error in executing end point task.
java.util.concurrent.ExecutionException: java.util.concurrent.TimeoutException
	at java.util.concurrent.FutureTask.report(FutureTask.java:122)
	at java.util.concurrent.FutureTask.get(FutureTask.java:192)
	at org.apache.hadoop.ozone.container.common.states.datanode.RunningDatanodeState.computeNextContainerState(RunningDatanodeState.java:199)
	at org.apache.hadoop.ozone.container.common.states.datanode.RunningDatanodeState.await(RunningDatanodeState.java:239)
	at org.apache.hadoop.ozone.container.common.states.datanode.RunningDatanodeState.await(RunningDatanodeState.java:50)
	at org.apache.hadoop.ozone.container.common.statemachine.StateContext.execute(StateContext.java:660)
	at org.apache.hadoop.ozone.container.common.statemachine.DatanodeStateMachine.startStateMachineThread(DatanodeStateMachine.java:298)
	at org.apache.hadoop.ozone.container.common.statemachine.DatanodeStateMachine.lambda$startDaemon$0(DatanodeStateMachine.java:493)
	at java.lang.Thread.run(Thread.java:750)
Caused by: java.util.concurrent.TimeoutException
	at java.util.concurrent.FutureTask.get(FutureTask.java:205)
	at org.apache.hadoop.ozone.container.common.states.datanode.RunningDatanodeState.lambda$execute$0(RunningDatanodeState.java:157)
	at java.util.concurrent.FutureTask.run(FutureTask.java:266)
	at java.util.concurrent.Executors$RunnableAdapter.call(Executors.java:511)
	at java.util.concurrent.FutureTask.run(FutureTask.java:266)
	at java.util.concurrent.ThreadPoolExecutor.runWorker(ThreadPoolExecutor.java:1149)
	at java.util.concurrent.ThreadPoolExecutor$Worker.run(ThreadPoolExecutor.java:624)
	... 1 more
2022-10-14 14:34:00,193 [EndpointStateMachine task thread for /127.0.0.1:38439 - 0 ] INFO  ipc.Client (Client.java:handleConnectionFailure(1010)) - Retrying connect to server: localhost/127.0.0.1:38439. Already tried 2 time(s); retry policy is RetryUpToMaximumCountWithFixedSleep(maxRetries=15, sleepTime=1000 MILLISECONDS)
2022-10-14 14:34:00,195 [EndpointStateMachine task thread for /127.0.0.1:38403 - 0 ] INFO  ipc.Client (Client.java:handleConnectionFailure(1010)) - Retrying connect to server: localhost/127.0.0.1:38403. Already tried 2 time(s); retry policy is RetryUpToMaximumCountWithFixedSleep(maxRetries=15, sleepTime=1000 MILLISECONDS)
2022-10-14 14:34:00,195 [EndpointStateMachine task thread for /127.0.0.1:42209 - 0 ] INFO  ipc.Client (Client.java:handleConnectionFailure(1010)) - Retrying connect to server: localhost/127.0.0.1:42209. Already tried 2 time(s); retry policy is RetryUpToMaximumCountWithFixedSleep(maxRetries=15, sleepTime=1000 MILLISECONDS)
2022-10-14 14:34:00,196 [ForkJoinPool.commonPool-worker-0] INFO  ozoneimpl.OzoneContainer (OzoneContainer.java:stop(400)) - Attempting to stop container services.
2022-10-14 14:34:00,197 [ForkJoinPool.commonPool-worker-0] INFO  server.RaftServer (RaftServerProxy.java:lambda$close$7(398)) - fe4e0b1e-d8f6-493e-bd46-2984bf01a4b8: close
2022-10-14 14:34:00,197 [ForkJoinPool.commonPool-worker-0] INFO  server.RaftServer$Division (RaftServerImpl.java:lambda$close$4(434)) - fe4e0b1e-d8f6-493e-bd46-2984bf01a4b8@group-B1C50714663F: shutdown
2022-10-14 14:34:00,197 [ForkJoinPool.commonPool-worker-0] INFO  util.JmxRegister (JmxRegister.java:unregister(73)) - Successfully un-registered JMX Bean with object name Ratis:service=RaftServer,group=group-B1C50714663F,id=fe4e0b1e-d8f6-493e-bd46-2984bf01a4b8
2022-10-14 14:34:00,197 [ForkJoinPool.commonPool-worker-0] INFO  impl.RoleInfo (RoleInfo.java:shutdownLeaderState(93)) - fe4e0b1e-d8f6-493e-bd46-2984bf01a4b8: shutdown fe4e0b1e-d8f6-493e-bd46-2984bf01a4b8@group-B1C50714663F-LeaderStateImpl
2022-10-14 14:34:00,198 [ForkJoinPool.commonPool-worker-0] INFO  impl.PendingRequests (PendingRequests.java:sendNotLeaderResponses(282)) - fe4e0b1e-d8f6-493e-bd46-2984bf01a4b8@group-B1C50714663F-PendingRequests: sendNotLeaderResponses
2022-10-14 14:34:00,198 [ForkJoinPool.commonPool-worker-0] INFO  impl.StateMachineUpdater (StateMachineUpdater.java:stopAndJoin(153)) - fe4e0b1e-d8f6-493e-bd46-2984bf01a4b8@group-B1C50714663F-StateMachineUpdater: set stopIndex = 0
2022-10-14 14:34:00,198 [fe4e0b1e-d8f6-493e-bd46-2984bf01a4b8@group-B1C50714663F-StateMachineUpdater] INFO  ratis.ContainerStateMachine (ContainerStateMachine.java:takeSnapshot(304)) - group-B1C50714663F: Taking a snapshot at:(t:1, i:0) file /home/runner/work/ozone/ozone/hadoop-ozone/integration-test/target/test-dir/MiniOzoneClusterImpl-d3474758-561c-4776-8c9d-79a83af4ab20/datanode-0/data/ratis/892e9d86-4684-420c-9d89-b1c50714663f/sm/snapshot.1_0
2022-10-14 14:34:00,204 [fe4e0b1e-d8f6-493e-bd46-2984bf01a4b8@group-B1C50714663F-StateMachineUpdater] INFO  ratis.ContainerStateMachine (ContainerStateMachine.java:takeSnapshot(315)) - group-B1C50714663F: Finished taking a snapshot at:(t:1, i:0) file:/home/runner/work/ozone/ozone/hadoop-ozone/integration-test/target/test-dir/MiniOzoneClusterImpl-d3474758-561c-4776-8c9d-79a83af4ab20/datanode-0/data/ratis/892e9d86-4684-420c-9d89-b1c50714663f/sm/snapshot.1_0 took: 6 ms
2022-10-14 14:34:00,205 [fe4e0b1e-d8f6-493e-bd46-2984bf01a4b8@group-B1C50714663F-StateMachineUpdater] INFO  impl.StateMachineUpdater (StateMachineUpdater.java:takeSnapshot(287)) - fe4e0b1e-d8f6-493e-bd46-2984bf01a4b8@group-B1C50714663F-StateMachineUpdater: Took a snapshot at index 0
2022-10-14 14:34:00,205 [fe4e0b1e-d8f6-493e-bd46-2984bf01a4b8@group-B1C50714663F-StateMachineUpdater] INFO  impl.StateMachineUpdater (StateMachineUpdater.java:lambda$new$0(92)) - fe4e0b1e-d8f6-493e-bd46-2984bf01a4b8@group-B1C50714663F-StateMachineUpdater: snapshotIndex: updateIncreasingly -1 -> 0
2022-10-14 14:34:00,205 [ForkJoinPool.commonPool-worker-0] INFO  server.RaftServer$Division (ServerState.java:close(429)) - fe4e0b1e-d8f6-493e-bd46-2984bf01a4b8@group-B1C50714663F: closes. applyIndex: 0
2022-10-14 14:34:00,206 [fe4e0b1e-d8f6-493e-bd46-2984bf01a4b8@group-B1C50714663F-SegmentedRaftLogWorker] INFO  segmented.SegmentedRaftLogWorker (SegmentedRaftLogWorker.java:run(336)) - fe4e0b1e-d8f6-493e-bd46-2984bf01a4b8@group-B1C50714663F-SegmentedRaftLogWorker was interrupted, exiting. There are 0 tasks remaining in the queue.
2022-10-14 14:34:00,206 [ForkJoinPool.commonPool-worker-0] INFO  segmented.SegmentedRaftLogWorker (SegmentedRaftLogWorker.java:close(246)) - fe4e0b1e-d8f6-493e-bd46-2984bf01a4b8@group-B1C50714663F-SegmentedRaftLogWorker close()
2022-10-14 14:34:00,209 [ForkJoinPool.commonPool-worker-0] INFO  server.RaftServer$Division (RaftServerImpl.java:lambda$close$4(434)) - fe4e0b1e-d8f6-493e-bd46-2984bf01a4b8@group-E23AE6893ED9: shutdown
2022-10-14 14:34:00,209 [ForkJoinPool.commonPool-worker-0] INFO  util.JmxRegister (JmxRegister.java:unregister(73)) - Successfully un-registered JMX Bean with object name Ratis:service=RaftServer,group=group-E23AE6893ED9,id=fe4e0b1e-d8f6-493e-bd46-2984bf01a4b8
2022-10-14 14:34:00,209 [ForkJoinPool.commonPool-worker-0] INFO  impl.RoleInfo (RoleInfo.java:shutdownLeaderState(93)) - fe4e0b1e-d8f6-493e-bd46-2984bf01a4b8: shutdown fe4e0b1e-d8f6-493e-bd46-2984bf01a4b8@group-E23AE6893ED9-LeaderStateImpl
2022-10-14 14:34:00,209 [fe4e0b1e-d8f6-493e-bd46-2984bf01a4b8@group-E23AE6893ED9->8c401b7e-dd35-4342-9d84-0aada9f9613c-GrpcLogAppender-LogAppenderDaemon] WARN  server.GrpcLogAppender (GrpcLogAppender.java:mayWait(171)) - fe4e0b1e-d8f6-493e-bd46-2984bf01a4b8@group-E23AE6893ED9->8c401b7e-dd35-4342-9d84-0aada9f9613c-GrpcLogAppender: Wait interrupted by java.lang.InterruptedException
2022-10-14 14:34:00,210 [grpc-default-executor-3] INFO  server.GrpcServerProtocolService (GrpcServerProtocolService.java:onCompleted(140)) - 8c401b7e-dd35-4342-9d84-0aada9f9613c: Completed APPEND_ENTRIES, lastRequest: fe4e0b1e-d8f6-493e-bd46-2984bf01a4b8->8c401b7e-dd35-4342-9d84-0aada9f9613c#1-t1,previous=(t:0, i:0),leaderCommit=-1,initializing? true,entries: size=1, first=(t:1, i:0), CONFIGURATIONENTRY
2022-10-14 14:34:00,211 [grpc-default-executor-2] INFO  server.GrpcLogAppender (GrpcLogAppender.java:onCompleted(339)) - fe4e0b1e-d8f6-493e-bd46-2984bf01a4b8@group-E23AE6893ED9->8c401b7e-dd35-4342-9d84-0aada9f9613c-AppendLogResponseHandler: follower responses appendEntries COMPLETED
2022-10-14 14:34:00,211 [grpc-default-executor-2] INFO  leader.FollowerInfo (FollowerInfoImpl.java:lambda$new$0(48)) - fe4e0b1e-d8f6-493e-bd46-2984bf01a4b8@group-E23AE6893ED9->8c401b7e-dd35-4342-9d84-0aada9f9613c: nextIndex: updateUnconditionally 1 -> 0
2022-10-14 14:34:00,209 [ForkJoinPool.commonPool-worker-0] INFO  impl.PendingRequests (PendingRequests.java:sendNotLeaderResponses(282)) - fe4e0b1e-d8f6-493e-bd46-2984bf01a4b8@group-E23AE6893ED9-PendingRequests: sendNotLeaderResponses
2022-10-14 14:34:00,212 [ForkJoinPool.commonPool-worker-0] INFO  impl.StateMachineUpdater (StateMachineUpdater.java:stopAndJoin(153)) - fe4e0b1e-d8f6-493e-bd46-2984bf01a4b8@group-E23AE6893ED9-StateMachineUpdater: set stopIndex = 0
2022-10-14 14:34:00,212 [fe4e0b1e-d8f6-493e-bd46-2984bf01a4b8@group-E23AE6893ED9-StateMachineUpdater] INFO  ratis.ContainerStateMachine (ContainerStateMachine.java:takeSnapshot(304)) - group-E23AE6893ED9: Taking a snapshot at:(t:1, i:0) file /home/runner/work/ozone/ozone/hadoop-ozone/integration-test/target/test-dir/MiniOzoneClusterImpl-d3474758-561c-4776-8c9d-79a83af4ab20/datanode-0/data/ratis/cdca5273-61c0-4bfd-a9c7-e23ae6893ed9/sm/snapshot.1_0
2022-10-14 14:34:00,215 [fe4e0b1e-d8f6-493e-bd46-2984bf01a4b8@group-E23AE6893ED9-StateMachineUpdater] INFO  ratis.ContainerStateMachine (ContainerStateMachine.java:takeSnapshot(315)) - group-E23AE6893ED9: Finished taking a snapshot at:(t:1, i:0) file:/home/runner/work/ozone/ozone/hadoop-ozone/integration-test/target/test-dir/MiniOzoneClusterImpl-d3474758-561c-4776-8c9d-79a83af4ab20/datanode-0/data/ratis/cdca5273-61c0-4bfd-a9c7-e23ae6893ed9/sm/snapshot.1_0 took: 3 ms
2022-10-14 14:34:00,216 [fe4e0b1e-d8f6-493e-bd46-2984bf01a4b8@group-E23AE6893ED9-StateMachineUpdater] INFO  impl.StateMachineUpdater (StateMachineUpdater.java:takeSnapshot(287)) - fe4e0b1e-d8f6-493e-bd46-2984bf01a4b8@group-E23AE6893ED9-StateMachineUpdater: Took a snapshot at index 0
2022-10-14 14:34:00,216 [fe4e0b1e-d8f6-493e-bd46-2984bf01a4b8@group-E23AE6893ED9-StateMachineUpdater] INFO  impl.StateMachineUpdater (StateMachineUpdater.java:lambda$new$0(92)) - fe4e0b1e-d8f6-493e-bd46-2984bf01a4b8@group-E23AE6893ED9-StateMachineUpdater: snapshotIndex: updateIncreasingly -1 -> 0
2022-10-14 14:34:00,216 [ForkJoinPool.commonPool-worker-0] INFO  server.RaftServer$Division (ServerState.java:close(429)) - fe4e0b1e-d8f6-493e-bd46-2984bf01a4b8@group-E23AE6893ED9: closes. applyIndex: 0
2022-10-14 14:34:00,216 [fe4e0b1e-d8f6-493e-bd46-2984bf01a4b8@group-E23AE6893ED9-SegmentedRaftLogWorker] INFO  segmented.SegmentedRaftLogWorker (SegmentedRaftLogWorker.java:run(336)) - fe4e0b1e-d8f6-493e-bd46-2984bf01a4b8@group-E23AE6893ED9-SegmentedRaftLogWorker was interrupted, exiting. There are 0 tasks remaining in the queue.
2022-10-14 14:34:00,216 [ForkJoinPool.commonPool-worker-0] INFO  segmented.SegmentedRaftLogWorker (SegmentedRaftLogWorker.java:close(246)) - fe4e0b1e-d8f6-493e-bd46-2984bf01a4b8@group-E23AE6893ED9-SegmentedRaftLogWorker close()
2022-10-14 14:34:00,217 [ForkJoinPool.commonPool-worker-0] INFO  server.RaftServer$Division (RaftServerImpl.java:lambda$close$4(434)) - fe4e0b1e-d8f6-493e-bd46-2984bf01a4b8@group-822240EE24AA: shutdown
2022-10-14 14:34:00,217 [ForkJoinPool.commonPool-worker-0] INFO  util.JmxRegister (JmxRegister.java:unregister(73)) - Successfully un-registered JMX Bean with object name Ratis:service=RaftServer,group=group-822240EE24AA,id=fe4e0b1e-d8f6-493e-bd46-2984bf01a4b8
2022-10-14 14:34:00,217 [ForkJoinPool.commonPool-worker-0] INFO  impl.RoleInfo (RoleInfo.java:shutdownFollowerState(110)) - fe4e0b1e-d8f6-493e-bd46-2984bf01a4b8: shutdown fe4e0b1e-d8f6-493e-bd46-2984bf01a4b8@group-822240EE24AA-FollowerState
2022-10-14 14:34:00,217 [ForkJoinPool.commonPool-worker-0] INFO  impl.StateMachineUpdater (StateMachineUpdater.java:stopAndJoin(153)) - fe4e0b1e-d8f6-493e-bd46-2984bf01a4b8@group-822240EE24AA-StateMachineUpdater: set stopIndex = 0
2022-10-14 14:34:00,218 [fe4e0b1e-d8f6-493e-bd46-2984bf01a4b8@group-822240EE24AA-FollowerState] INFO  impl.FollowerState (FollowerState.java:run(152)) - fe4e0b1e-d8f6-493e-bd46-2984bf01a4b8@group-822240EE24AA-FollowerState was interrupted
2022-10-14 14:34:00,218 [fe4e0b1e-d8f6-493e-bd46-2984bf01a4b8@group-822240EE24AA-StateMachineUpdater] INFO  ratis.ContainerStateMachine (ContainerStateMachine.java:takeSnapshot(304)) - group-822240EE24AA: Taking a snapshot at:(t:1, i:0) file /home/runner/work/ozone/ozone/hadoop-ozone/integration-test/target/test-dir/MiniOzoneClusterImpl-d3474758-561c-4776-8c9d-79a83af4ab20/datanode-0/data/ratis/592fcc52-6c8c-41d3-824e-822240ee24aa/sm/snapshot.1_0
2022-10-14 14:34:00,219 [fe4e0b1e-d8f6-493e-bd46-2984bf01a4b8@group-822240EE24AA-StateMachineUpdater] INFO  ratis.ContainerStateMachine (ContainerStateMachine.java:takeSnapshot(315)) - group-822240EE24AA: Finished taking a snapshot at:(t:1, i:0) file:/home/runner/work/ozone/ozone/hadoop-ozone/integration-test/target/test-dir/MiniOzoneClusterImpl-d3474758-561c-4776-8c9d-79a83af4ab20/datanode-0/data/ratis/592fcc52-6c8c-41d3-824e-822240ee24aa/sm/snapshot.1_0 took: 1 ms
2022-10-14 14:34:00,219 [fe4e0b1e-d8f6-493e-bd46-2984bf01a4b8@group-822240EE24AA-StateMachineUpdater] INFO  impl.StateMachineUpdater (StateMachineUpdater.java:takeSnapshot(287)) - fe4e0b1e-d8f6-493e-bd46-2984bf01a4b8@group-822240EE24AA-StateMachineUpdater: Took a snapshot at index 0
2022-10-14 14:34:00,220 [fe4e0b1e-d8f6-493e-bd46-2984bf01a4b8@group-822240EE24AA-StateMachineUpdater] INFO  impl.StateMachineUpdater (StateMachineUpdater.java:lambda$new$0(92)) - fe4e0b1e-d8f6-493e-bd46-2984bf01a4b8@group-822240EE24AA-StateMachineUpdater: snapshotIndex: updateIncreasingly -1 -> 0
2022-10-14 14:34:00,220 [ForkJoinPool.commonPool-worker-0] INFO  server.RaftServer$Division (ServerState.java:close(429)) - fe4e0b1e-d8f6-493e-bd46-2984bf01a4b8@group-822240EE24AA: closes. applyIndex: 0
2022-10-14 14:34:00,220 [fe4e0b1e-d8f6-493e-bd46-2984bf01a4b8@group-822240EE24AA-SegmentedRaftLogWorker] INFO  segmented.SegmentedRaftLogWorker (SegmentedRaftLogWorker.java:run(336)) - fe4e0b1e-d8f6-493e-bd46-2984bf01a4b8@group-822240EE24AA-SegmentedRaftLogWorker was interrupted, exiting. There are 0 tasks remaining in the queue.
2022-10-14 14:34:00,220 [ForkJoinPool.commonPool-worker-0] INFO  segmented.SegmentedRaftLogWorker (SegmentedRaftLogWorker.java:close(246)) - fe4e0b1e-d8f6-493e-bd46-2984bf01a4b8@group-822240EE24AA-SegmentedRaftLogWorker close()
2022-10-14 14:34:00,221 [ForkJoinPool.commonPool-worker-0] INFO  server.GrpcService (GrpcService.java:closeImpl(269)) - fe4e0b1e-d8f6-493e-bd46-2984bf01a4b8: shutdown server with port 42555 now
2022-10-14 14:34:00,224 [grpc-default-executor-2] WARN  server.GrpcServerProtocolService (LogUtils.java:warn(122)) - fe4e0b1e-d8f6-493e-bd46-2984bf01a4b8: installSnapshot onError, lastRequest: 8c401b7e-dd35-4342-9d84-0aada9f9613c->fe4e0b1e-d8f6-493e-bd46-2984bf01a4b8#1-t1,previous=(t:0, i:0),leaderCommit=-1,initializing? true,entries: size=1, first=(t:1, i:0), CONFIGURATIONENTRY: org.apache.ratis.thirdparty.io.grpc.StatusRuntimeException: CANCELLED: client cancelled
2022-10-14 14:34:00,225 [grpc-default-executor-2] WARN  server.GrpcLogAppender (LogUtils.java:warn(122)) - 8c401b7e-dd35-4342-9d84-0aada9f9613c@group-822240EE24AA->fe4e0b1e-d8f6-493e-bd46-2984bf01a4b8-AppendLogResponseHandler: Failed appendEntries: org.apache.ratis.thirdparty.io.grpc.StatusRuntimeException: CANCELLED: RST_STREAM closed stream. HTTP/2 error code: CANCEL
2022-10-14 14:34:00,225 [grpc-default-executor-2] WARN  server.GrpcLogAppender (GrpcLogAppender.java:resetClient(111)) - 8c401b7e-dd35-4342-9d84-0aada9f9613c@group-822240EE24AA->fe4e0b1e-d8f6-493e-bd46-2984bf01a4b8-GrpcLogAppender: Leader has not got in touch with Follower 8c401b7e-dd35-4342-9d84-0aada9f9613c@group-822240EE24AA->fe4e0b1e-d8f6-493e-bd46-2984bf01a4b8(c0,m0,n1, attendVote=true, lastRpcSendTime=2286, lastRpcResponseTime=2284) yet, just keep nextIndex unchanged and retry.
2022-10-14 14:34:00,226 [ForkJoinPool.commonPool-worker-0] INFO  server.GrpcService (GrpcService.java:closeImpl(278)) - fe4e0b1e-d8f6-493e-bd46-2984bf01a4b8: shutdown server with port 42555 successfully
2022-10-14 14:34:00,226 [org.apache.ratis.util.JvmPauseMonitor$$Lambda$519/1610556435@4323fa00] INFO  util.JvmPauseMonitor (JvmPauseMonitor.java:run(109)) - JvmPauseMonitor-fe4e0b1e-d8f6-493e-bd46-2984bf01a4b8: Stopped
2022-10-14 14:34:00,442 [grpc-default-executor-3] WARN  server.GrpcLogAppender (LogUtils.java:warn(122)) - 8c401b7e-dd35-4342-9d84-0aada9f9613c@group-822240EE24AA->5c29832d-acaf-4236-b352-735ef8095d77-AppendLogResponseHandler: Failed appendEntries: org.apache.ratis.thirdparty.io.grpc.StatusRuntimeException: UNAVAILABLE: io exception
2022-10-14 14:34:00,443 [grpc-default-executor-3] WARN  server.GrpcLogAppender (GrpcLogAppender.java:resetClient(111)) - 8c401b7e-dd35-4342-9d84-0aada9f9613c@group-822240EE24AA->5c29832d-acaf-4236-b352-735ef8095d77-GrpcLogAppender: Leader has not got in touch with Follower 8c401b7e-dd35-4342-9d84-0aada9f9613c@group-822240EE24AA->5c29832d-acaf-4236-b352-735ef8095d77(c0,m0,n1, attendVote=true, lastRpcSendTime=0, lastRpcResponseTime=2509) yet, just keep nextIndex unchanged and retry.
2022-10-14 14:34:00,445 [grpc-default-executor-2] WARN  server.GrpcLogAppender (LogUtils.java:warn(122)) - 8c401b7e-dd35-4342-9d84-0aada9f9613c@group-822240EE24AA->fe4e0b1e-d8f6-493e-bd46-2984bf01a4b8-AppendLogResponseHandler: Failed appendEntries: org.apache.ratis.thirdparty.io.grpc.StatusRuntimeException: UNAVAILABLE: io exception
2022-10-14 14:34:00,445 [grpc-default-executor-2] WARN  server.GrpcLogAppender (GrpcLogAppender.java:resetClient(111)) - 8c401b7e-dd35-4342-9d84-0aada9f9613c@group-822240EE24AA->fe4e0b1e-d8f6-493e-bd46-2984bf01a4b8-GrpcLogAppender: Leader has not got in touch with Follower 8c401b7e-dd35-4342-9d84-0aada9f9613c@group-822240EE24AA->fe4e0b1e-d8f6-493e-bd46-2984bf01a4b8(c0,m0,n1, attendVote=true, lastRpcSendTime=1, lastRpcResponseTime=2505) yet, just keep nextIndex unchanged and retry.
2022-10-14 14:34:01,194 [EndpointStateMachine task thread for /127.0.0.1:38439 - 0 ] INFO  ipc.Client (Client.java:handleConnectionFailure(1010)) - Retrying connect to server: localhost/127.0.0.1:38439. Already tried 3 time(s); retry policy is RetryUpToMaximumCountWithFixedSleep(maxRetries=15, sleepTime=1000 MILLISECONDS)
2022-10-14 14:34:01,196 [EndpointStateMachine task thread for /127.0.0.1:38403 - 0 ] INFO  ipc.Client (Client.java:handleConnectionFailure(1010)) - Retrying connect to server: localhost/127.0.0.1:38403. Already tried 3 time(s); retry policy is RetryUpToMaximumCountWithFixedSleep(maxRetries=15, sleepTime=1000 MILLISECONDS)
2022-10-14 14:34:01,196 [EndpointStateMachine task thread for /127.0.0.1:42209 - 0 ] INFO  ipc.Client (Client.java:handleConnectionFailure(1010)) - Retrying connect to server: localhost/127.0.0.1:42209. Already tried 3 time(s); retry policy is RetryUpToMaximumCountWithFixedSleep(maxRetries=15, sleepTime=1000 MILLISECONDS)
2022-10-14 14:34:01,543 [Listener at 127.0.0.1/41295] INFO  utils.BackgroundService (BackgroundService.java:shutdown(141)) - Shutting down service BlockDeletingService
2022-10-14 14:34:01,544 [Listener at 127.0.0.1/41295] INFO  utils.BackgroundService (BackgroundService.java:shutdown(141)) - Shutting down service StaleRecoveringContainerScrubbingService
2022-10-14 14:34:01,550 [Listener at 127.0.0.1/41295] INFO  statemachine.DatanodeStateMachine (DatanodeStateMachine.java:stopDaemon(580)) - Ozone container server stopped.
2022-10-14 14:34:01,568 [Listener at 127.0.0.1/41295] INFO  handler.ContextHandler (ContextHandler.java:doStop(1153)) - Stopped o.e.j.w.WebAppContext@19b5465c{hddsDatanode,/,null,STOPPED}{jar:file:/home/runner/.m2/repository/org/apache/ozone/hdds-container-service/1.3.0-SNAPSHOT/hdds-container-service-1.3.0-SNAPSHOT.jar!/webapps/hddsDatanode}
2022-10-14 14:34:01,569 [Listener at 127.0.0.1/41295] INFO  server.AbstractConnector (AbstractConnector.java:doStop(381)) - Stopped ServerConnector@218f2c98{HTTP/1.1, (http/1.1)}{0.0.0.0:0}
2022-10-14 14:34:01,570 [Listener at 127.0.0.1/41295] INFO  server.session (HouseKeeper.java:stopScavenging(149)) - node0 Stopped scavenging
2022-10-14 14:34:01,571 [Listener at 127.0.0.1/41295] INFO  handler.ContextHandler (ContextHandler.java:doStop(1153)) - Stopped o.e.j.s.ServletContextHandler@6aa7b2bc{static,/static,jar:file:/home/runner/.m2/repository/org/apache/ozone/hdds-container-service/1.3.0-SNAPSHOT/hdds-container-service-1.3.0-SNAPSHOT.jar!/webapps/static,STOPPED}
2022-10-14 14:34:01,574 [Listener at 127.0.0.1/41295] INFO  handler.ContextHandler (ContextHandler.java:doStop(1153)) - Stopped o.e.j.s.ServletContextHandler@544ee73{logs,/logs,file:///home/runner/work/ozone/ozone/hadoop-ozone/integration-test/target/log,STOPPED}
2022-10-14 14:34:01,693 [grpc-default-executor-2] WARN  server.GrpcLogAppender (LogUtils.java:warn(122)) - 8c401b7e-dd35-4342-9d84-0aada9f9613c@group-822240EE24AA->5c29832d-acaf-4236-b352-735ef8095d77-AppendLogResponseHandler: Failed appendEntries: org.apache.ratis.thirdparty.io.grpc.StatusRuntimeException: UNAVAILABLE: io exception
2022-10-14 14:34:01,694 [grpc-default-executor-2] WARN  server.GrpcLogAppender (GrpcLogAppender.java:resetClient(111)) - 8c401b7e-dd35-4342-9d84-0aada9f9613c@group-822240EE24AA->5c29832d-acaf-4236-b352-735ef8095d77-GrpcLogAppender: Leader has not got in touch with Follower 8c401b7e-dd35-4342-9d84-0aada9f9613c@group-822240EE24AA->5c29832d-acaf-4236-b352-735ef8095d77(c0,m0,n1, attendVote=true, lastRpcSendTime=0, lastRpcResponseTime=3760) yet, just keep nextIndex unchanged and retry.
2022-10-14 14:34:01,695 [grpc-default-executor-2] WARN  server.GrpcLogAppender (LogUtils.java:warn(122)) - 8c401b7e-dd35-4342-9d84-0aada9f9613c@group-822240EE24AA->fe4e0b1e-d8f6-493e-bd46-2984bf01a4b8-AppendLogResponseHandler: Failed appendEntries: org.apache.ratis.thirdparty.io.grpc.StatusRuntimeException: UNAVAILABLE: io exception
2022-10-14 14:34:01,695 [grpc-default-executor-2] WARN  server.GrpcLogAppender (GrpcLogAppender.java:resetClient(111)) - 8c401b7e-dd35-4342-9d84-0aada9f9613c@group-822240EE24AA->fe4e0b1e-d8f6-493e-bd46-2984bf01a4b8-GrpcLogAppender: Leader has not got in touch with Follower 8c401b7e-dd35-4342-9d84-0aada9f9613c@group-822240EE24AA->fe4e0b1e-d8f6-493e-bd46-2984bf01a4b8(c0,m0,n1, attendVote=true, lastRpcSendTime=1250, lastRpcResponseTime=3755) yet, just keep nextIndex unchanged and retry.
2022-10-14 14:34:01,819 [Listener at 127.0.0.1/41295] INFO  ozoneimpl.OzoneContainer (OzoneContainer.java:stop(400)) - Attempting to stop container services.
2022-10-14 14:34:01,820 [Listener at 127.0.0.1/41295] INFO  server.RaftServer (RaftServerProxy.java:lambda$close$7(398)) - 8c401b7e-dd35-4342-9d84-0aada9f9613c: close
2022-10-14 14:34:01,821 [Listener at 127.0.0.1/41295] INFO  server.RaftServer$Division (RaftServerImpl.java:lambda$close$4(434)) - 8c401b7e-dd35-4342-9d84-0aada9f9613c@group-D4D3C4241BF8: shutdown
2022-10-14 14:34:01,821 [Listener at 127.0.0.1/41295] INFO  util.JmxRegister (JmxRegister.java:unregister(73)) - Successfully un-registered JMX Bean with object name Ratis:service=RaftServer,group=group-D4D3C4241BF8,id=8c401b7e-dd35-4342-9d84-0aada9f9613c
2022-10-14 14:34:01,821 [Listener at 127.0.0.1/41295] INFO  impl.RoleInfo (RoleInfo.java:shutdownLeaderState(93)) - 8c401b7e-dd35-4342-9d84-0aada9f9613c: shutdown 8c401b7e-dd35-4342-9d84-0aada9f9613c@group-D4D3C4241BF8-LeaderStateImpl
2022-10-14 14:34:01,821 [Listener at 127.0.0.1/41295] INFO  impl.PendingRequests (PendingRequests.java:sendNotLeaderResponses(282)) - 8c401b7e-dd35-4342-9d84-0aada9f9613c@group-D4D3C4241BF8-PendingRequests: sendNotLeaderResponses
2022-10-14 14:34:01,821 [Listener at 127.0.0.1/41295] INFO  impl.StateMachineUpdater (StateMachineUpdater.java:stopAndJoin(153)) - 8c401b7e-dd35-4342-9d84-0aada9f9613c@group-D4D3C4241BF8-StateMachineUpdater: set stopIndex = 0
2022-10-14 14:34:01,822 [8c401b7e-dd35-4342-9d84-0aada9f9613c@group-D4D3C4241BF8-StateMachineUpdater] INFO  ratis.ContainerStateMachine (ContainerStateMachine.java:takeSnapshot(304)) - group-D4D3C4241BF8: Taking a snapshot at:(t:1, i:0) file /home/runner/work/ozone/ozone/hadoop-ozone/integration-test/target/test-dir/MiniOzoneClusterImpl-d3474758-561c-4776-8c9d-79a83af4ab20/datanode-2/data/ratis/0b00a526-45a9-4a6d-8555-d4d3c4241bf8/sm/snapshot.1_0
2022-10-14 14:34:01,823 [8c401b7e-dd35-4342-9d84-0aada9f9613c@group-D4D3C4241BF8-StateMachineUpdater] INFO  ratis.ContainerStateMachine (ContainerStateMachine.java:takeSnapshot(315)) - group-D4D3C4241BF8: Finished taking a snapshot at:(t:1, i:0) file:/home/runner/work/ozone/ozone/hadoop-ozone/integration-test/target/test-dir/MiniOzoneClusterImpl-d3474758-561c-4776-8c9d-79a83af4ab20/datanode-2/data/ratis/0b00a526-45a9-4a6d-8555-d4d3c4241bf8/sm/snapshot.1_0 took: 1 ms
2022-10-14 14:34:01,824 [8c401b7e-dd35-4342-9d84-0aada9f9613c@group-D4D3C4241BF8-StateMachineUpdater] INFO  impl.StateMachineUpdater (StateMachineUpdater.java:takeSnapshot(287)) - 8c401b7e-dd35-4342-9d84-0aada9f9613c@group-D4D3C4241BF8-StateMachineUpdater: Took a snapshot at index 0
2022-10-14 14:34:01,824 [8c401b7e-dd35-4342-9d84-0aada9f9613c@group-D4D3C4241BF8-StateMachineUpdater] INFO  impl.StateMachineUpdater (StateMachineUpdater.java:lambda$new$0(92)) - 8c401b7e-dd35-4342-9d84-0aada9f9613c@group-D4D3C4241BF8-StateMachineUpdater: snapshotIndex: updateIncreasingly -1 -> 0
2022-10-14 14:34:01,824 [Listener at 127.0.0.1/41295] INFO  server.RaftServer$Division (ServerState.java:close(429)) - 8c401b7e-dd35-4342-9d84-0aada9f9613c@group-D4D3C4241BF8: closes. applyIndex: 0
2022-10-14 14:34:01,825 [8c401b7e-dd35-4342-9d84-0aada9f9613c@group-D4D3C4241BF8-SegmentedRaftLogWorker] INFO  segmented.SegmentedRaftLogWorker (SegmentedRaftLogWorker.java:run(336)) - 8c401b7e-dd35-4342-9d84-0aada9f9613c@group-D4D3C4241BF8-SegmentedRaftLogWorker was interrupted, exiting. There are 0 tasks remaining in the queue.
2022-10-14 14:34:01,825 [Listener at 127.0.0.1/41295] INFO  segmented.SegmentedRaftLogWorker (SegmentedRaftLogWorker.java:close(246)) - 8c401b7e-dd35-4342-9d84-0aada9f9613c@group-D4D3C4241BF8-SegmentedRaftLogWorker close()
2022-10-14 14:34:01,830 [Listener at 127.0.0.1/41295] INFO  server.RaftServer$Division (RaftServerImpl.java:lambda$close$4(434)) - 8c401b7e-dd35-4342-9d84-0aada9f9613c@group-E23AE6893ED9: shutdown
2022-10-14 14:34:01,830 [Listener at 127.0.0.1/41295] INFO  util.JmxRegister (JmxRegister.java:unregister(73)) - Successfully un-registered JMX Bean with object name Ratis:service=RaftServer,group=group-E23AE6893ED9,id=8c401b7e-dd35-4342-9d84-0aada9f9613c
2022-10-14 14:34:01,830 [Listener at 127.0.0.1/41295] INFO  impl.RoleInfo (RoleInfo.java:shutdownFollowerState(110)) - 8c401b7e-dd35-4342-9d84-0aada9f9613c: shutdown 8c401b7e-dd35-4342-9d84-0aada9f9613c@group-E23AE6893ED9-FollowerState
2022-10-14 14:34:01,831 [Listener at 127.0.0.1/41295] INFO  impl.StateMachineUpdater (StateMachineUpdater.java:stopAndJoin(153)) - 8c401b7e-dd35-4342-9d84-0aada9f9613c@group-E23AE6893ED9-StateMachineUpdater: set stopIndex = 0
2022-10-14 14:34:01,831 [8c401b7e-dd35-4342-9d84-0aada9f9613c@group-E23AE6893ED9-StateMachineUpdater] INFO  ratis.ContainerStateMachine (ContainerStateMachine.java:takeSnapshot(304)) - group-E23AE6893ED9: Taking a snapshot at:(t:1, i:0) file /home/runner/work/ozone/ozone/hadoop-ozone/integration-test/target/test-dir/MiniOzoneClusterImpl-d3474758-561c-4776-8c9d-79a83af4ab20/datanode-2/data/ratis/cdca5273-61c0-4bfd-a9c7-e23ae6893ed9/sm/snapshot.1_0
2022-10-14 14:34:01,831 [8c401b7e-dd35-4342-9d84-0aada9f9613c@group-E23AE6893ED9-FollowerState] INFO  impl.FollowerState (FollowerState.java:run(152)) - 8c401b7e-dd35-4342-9d84-0aada9f9613c@group-E23AE6893ED9-FollowerState was interrupted
2022-10-14 14:34:01,832 [8c401b7e-dd35-4342-9d84-0aada9f9613c@group-E23AE6893ED9-StateMachineUpdater] INFO  ratis.ContainerStateMachine (ContainerStateMachine.java:takeSnapshot(315)) - group-E23AE6893ED9: Finished taking a snapshot at:(t:1, i:0) file:/home/runner/work/ozone/ozone/hadoop-ozone/integration-test/target/test-dir/MiniOzoneClusterImpl-d3474758-561c-4776-8c9d-79a83af4ab20/datanode-2/data/ratis/cdca5273-61c0-4bfd-a9c7-e23ae6893ed9/sm/snapshot.1_0 took: 1 ms
2022-10-14 14:34:01,832 [8c401b7e-dd35-4342-9d84-0aada9f9613c@group-E23AE6893ED9-StateMachineUpdater] INFO  impl.StateMachineUpdater (StateMachineUpdater.java:takeSnapshot(287)) - 8c401b7e-dd35-4342-9d84-0aada9f9613c@group-E23AE6893ED9-StateMachineUpdater: Took a snapshot at index 0
2022-10-14 14:34:01,832 [8c401b7e-dd35-4342-9d84-0aada9f9613c@group-E23AE6893ED9-StateMachineUpdater] INFO  impl.StateMachineUpdater (StateMachineUpdater.java:lambda$new$0(92)) - 8c401b7e-dd35-4342-9d84-0aada9f9613c@group-E23AE6893ED9-StateMachineUpdater: snapshotIndex: updateIncreasingly -1 -> 0
2022-10-14 14:34:01,832 [Listener at 127.0.0.1/41295] INFO  server.RaftServer$Division (ServerState.java:close(429)) - 8c401b7e-dd35-4342-9d84-0aada9f9613c@group-E23AE6893ED9: closes. applyIndex: 0
2022-10-14 14:34:01,834 [8c401b7e-dd35-4342-9d84-0aada9f9613c@group-E23AE6893ED9-SegmentedRaftLogWorker] INFO  segmented.SegmentedRaftLogWorker (SegmentedRaftLogWorker.java:run(336)) - 8c401b7e-dd35-4342-9d84-0aada9f9613c@group-E23AE6893ED9-SegmentedRaftLogWorker was interrupted, exiting. There are 0 tasks remaining in the queue.
2022-10-14 14:34:01,834 [Listener at 127.0.0.1/41295] INFO  segmented.SegmentedRaftLogWorker (SegmentedRaftLogWorker.java:close(246)) - 8c401b7e-dd35-4342-9d84-0aada9f9613c@group-E23AE6893ED9-SegmentedRaftLogWorker close()
2022-10-14 14:34:01,837 [Listener at 127.0.0.1/41295] INFO  server.RaftServer$Division (RaftServerImpl.java:lambda$close$4(434)) - 8c401b7e-dd35-4342-9d84-0aada9f9613c@group-822240EE24AA: shutdown
2022-10-14 14:34:01,837 [Listener at 127.0.0.1/41295] INFO  util.JmxRegister (JmxRegister.java:unregister(73)) - Successfully un-registered JMX Bean with object name Ratis:service=RaftServer,group=group-822240EE24AA,id=8c401b7e-dd35-4342-9d84-0aada9f9613c
2022-10-14 14:34:01,837 [Listener at 127.0.0.1/41295] INFO  impl.RoleInfo (RoleInfo.java:shutdownLeaderState(93)) - 8c401b7e-dd35-4342-9d84-0aada9f9613c: shutdown 8c401b7e-dd35-4342-9d84-0aada9f9613c@group-822240EE24AA-LeaderStateImpl
2022-10-14 14:34:01,837 [Listener at 127.0.0.1/41295] INFO  impl.PendingRequests (PendingRequests.java:sendNotLeaderResponses(282)) - 8c401b7e-dd35-4342-9d84-0aada9f9613c@group-822240EE24AA-PendingRequests: sendNotLeaderResponses
2022-10-14 14:34:01,838 [8c401b7e-dd35-4342-9d84-0aada9f9613c@group-822240EE24AA-StateMachineUpdater] INFO  ratis.ContainerStateMachine (ContainerStateMachine.java:takeSnapshot(304)) - group-822240EE24AA: Taking a snapshot at:(t:1, i:0) file /home/runner/work/ozone/ozone/hadoop-ozone/integration-test/target/test-dir/MiniOzoneClusterImpl-d3474758-561c-4776-8c9d-79a83af4ab20/datanode-2/data/ratis/592fcc52-6c8c-41d3-824e-822240ee24aa/sm/snapshot.1_0
2022-10-14 14:34:01,838 [Listener at 127.0.0.1/41295] INFO  impl.StateMachineUpdater (StateMachineUpdater.java:stopAndJoin(153)) - 8c401b7e-dd35-4342-9d84-0aada9f9613c@group-822240EE24AA-StateMachineUpdater: set stopIndex = 0
2022-10-14 14:34:01,839 [8c401b7e-dd35-4342-9d84-0aada9f9613c@group-822240EE24AA-StateMachineUpdater] INFO  ratis.ContainerStateMachine (ContainerStateMachine.java:takeSnapshot(315)) - group-822240EE24AA: Finished taking a snapshot at:(t:1, i:0) file:/home/runner/work/ozone/ozone/hadoop-ozone/integration-test/target/test-dir/MiniOzoneClusterImpl-d3474758-561c-4776-8c9d-79a83af4ab20/datanode-2/data/ratis/592fcc52-6c8c-41d3-824e-822240ee24aa/sm/snapshot.1_0 took: 1 ms
2022-10-14 14:34:01,839 [8c401b7e-dd35-4342-9d84-0aada9f9613c@group-822240EE24AA-StateMachineUpdater] INFO  impl.StateMachineUpdater (StateMachineUpdater.java:takeSnapshot(287)) - 8c401b7e-dd35-4342-9d84-0aada9f9613c@group-822240EE24AA-StateMachineUpdater: Took a snapshot at index 0
2022-10-14 14:34:01,839 [8c401b7e-dd35-4342-9d84-0aada9f9613c@group-822240EE24AA-StateMachineUpdater] INFO  impl.StateMachineUpdater (StateMachineUpdater.java:lambda$new$0(92)) - 8c401b7e-dd35-4342-9d84-0aada9f9613c@group-822240EE24AA-StateMachineUpdater: snapshotIndex: updateIncreasingly -1 -> 0
2022-10-14 14:34:01,839 [Listener at 127.0.0.1/41295] INFO  server.RaftServer$Division (ServerState.java:close(429)) - 8c401b7e-dd35-4342-9d84-0aada9f9613c@group-822240EE24AA: closes. applyIndex: 0
2022-10-14 14:34:01,839 [8c401b7e-dd35-4342-9d84-0aada9f9613c@group-822240EE24AA-SegmentedRaftLogWorker] INFO  segmented.SegmentedRaftLogWorker (SegmentedRaftLogWorker.java:run(336)) - 8c401b7e-dd35-4342-9d84-0aada9f9613c@group-822240EE24AA-SegmentedRaftLogWorker was interrupted, exiting. There are 0 tasks remaining in the queue.
2022-10-14 14:34:01,840 [Listener at 127.0.0.1/41295] INFO  segmented.SegmentedRaftLogWorker (SegmentedRaftLogWorker.java:close(246)) - 8c401b7e-dd35-4342-9d84-0aada9f9613c@group-822240EE24AA-SegmentedRaftLogWorker close()
2022-10-14 14:34:01,841 [Listener at 127.0.0.1/41295] INFO  server.GrpcService (GrpcService.java:closeImpl(269)) - 8c401b7e-dd35-4342-9d84-0aada9f9613c: shutdown server with port 46747 now
2022-10-14 14:34:01,842 [Listener at 127.0.0.1/41295] INFO  server.GrpcService (GrpcService.java:closeImpl(278)) - 8c401b7e-dd35-4342-9d84-0aada9f9613c: shutdown server with port 46747 successfully
2022-10-14 14:34:01,842 [org.apache.ratis.util.JvmPauseMonitor$$Lambda$519/1610556435@700ed706] INFO  util.JvmPauseMonitor (JvmPauseMonitor.java:run(109)) - JvmPauseMonitor-8c401b7e-dd35-4342-9d84-0aada9f9613c: Stopped
2022-10-14 14:34:02,194 [EndpointStateMachine task thread for /127.0.0.1:38439 - 0 ] INFO  ipc.Client (Client.java:handleConnectionFailure(1010)) - Retrying connect to server: localhost/127.0.0.1:38439. Already tried 4 time(s); retry policy is RetryUpToMaximumCountWithFixedSleep(maxRetries=15, sleepTime=1000 MILLISECONDS)
2022-10-14 14:34:02,196 [EndpointStateMachine task thread for /127.0.0.1:38403 - 0 ] INFO  ipc.Client (Client.java:handleConnectionFailure(1010)) - Retrying connect to server: localhost/127.0.0.1:38403. Already tried 4 time(s); retry policy is RetryUpToMaximumCountWithFixedSleep(maxRetries=15, sleepTime=1000 MILLISECONDS)
2022-10-14 14:34:02,196 [EndpointStateMachine task thread for /127.0.0.1:42209 - 0 ] INFO  ipc.Client (Client.java:handleConnectionFailure(1010)) - Retrying connect to server: localhost/127.0.0.1:42209. Already tried 4 time(s); retry policy is RetryUpToMaximumCountWithFixedSleep(maxRetries=15, sleepTime=1000 MILLISECONDS)
2022-10-14 14:34:02,234 [ForkJoinPool.commonPool-worker-0] INFO  utils.BackgroundService (BackgroundService.java:shutdown(141)) - Shutting down service BlockDeletingService
2022-10-14 14:34:02,235 [ForkJoinPool.commonPool-worker-0] INFO  utils.BackgroundService (BackgroundService.java:shutdown(141)) - Shutting down service StaleRecoveringContainerScrubbingService
2022-10-14 14:34:02,236 [ForkJoinPool.commonPool-worker-0] INFO  statemachine.DatanodeStateMachine (DatanodeStateMachine.java:stopDaemon(580)) - Ozone container server stopped.
2022-10-14 14:34:02,249 [ForkJoinPool.commonPool-worker-0] INFO  handler.ContextHandler (ContextHandler.java:doStop(1153)) - Stopped o.e.j.w.WebAppContext@24beeaeb{hddsDatanode,/,null,STOPPED}{jar:file:/home/runner/.m2/repository/org/apache/ozone/hdds-container-service/1.3.0-SNAPSHOT/hdds-container-service-1.3.0-SNAPSHOT.jar!/webapps/hddsDatanode}
2022-10-14 14:34:02,249 [ForkJoinPool.commonPool-worker-0] INFO  server.AbstractConnector (AbstractConnector.java:doStop(381)) - Stopped ServerConnector@77ca150{HTTP/1.1, (http/1.1)}{0.0.0.0:0}
2022-10-14 14:34:02,249 [ForkJoinPool.commonPool-worker-0] INFO  server.session (HouseKeeper.java:stopScavenging(149)) - node0 Stopped scavenging
2022-10-14 14:34:02,250 [ForkJoinPool.commonPool-worker-0] INFO  handler.ContextHandler (ContextHandler.java:doStop(1153)) - Stopped o.e.j.s.ServletContextHandler@643dccf1{static,/static,jar:file:/home/runner/.m2/repository/org/apache/ozone/hdds-container-service/1.3.0-SNAPSHOT/hdds-container-service-1.3.0-SNAPSHOT.jar!/webapps/static,STOPPED}
2022-10-14 14:34:02,250 [ForkJoinPool.commonPool-worker-0] INFO  handler.ContextHandler (ContextHandler.java:doStop(1153)) - Stopped o.e.j.s.ServletContextHandler@af4f9d2{logs,/logs,file:///home/runner/work/ozone/ozone/hadoop-ozone/integration-test/target/log,STOPPED}
2022-10-14 14:34:03,196 [EndpointStateMachine task thread for /127.0.0.1:38439 - 0 ] INFO  ipc.Client (Client.java:handleConnectionFailure(1010)) - Retrying connect to server: localhost/127.0.0.1:38439. Already tried 5 time(s); retry policy is RetryUpToMaximumCountWithFixedSleep(maxRetries=15, sleepTime=1000 MILLISECONDS)
2022-10-14 14:34:03,197 [EndpointStateMachine task thread for /127.0.0.1:38403 - 0 ] INFO  ipc.Client (Client.java:handleConnectionFailure(1010)) - Retrying connect to server: localhost/127.0.0.1:38403. Already tried 5 time(s); retry policy is RetryUpToMaximumCountWithFixedSleep(maxRetries=15, sleepTime=1000 MILLISECONDS)
2022-10-14 14:34:03,197 [EndpointStateMachine task thread for /127.0.0.1:42209 - 0 ] INFO  ipc.Client (Client.java:handleConnectionFailure(1010)) - Retrying connect to server: localhost/127.0.0.1:42209. Already tried 5 time(s); retry policy is RetryUpToMaximumCountWithFixedSleep(maxRetries=15, sleepTime=1000 MILLISECONDS)
2022-10-14 14:34:03,849 [Listener at 127.0.0.1/41295] INFO  utils.BackgroundService (BackgroundService.java:shutdown(141)) - Shutting down service BlockDeletingService
2022-10-14 14:34:03,850 [Listener at 127.0.0.1/41295] INFO  utils.BackgroundService (BackgroundService.java:shutdown(141)) - Shutting down service StaleRecoveringContainerScrubbingService
2022-10-14 14:34:03,852 [Listener at 127.0.0.1/41295] INFO  statemachine.DatanodeStateMachine (DatanodeStateMachine.java:stopDaemon(580)) - Ozone container server stopped.
2022-10-14 14:34:03,860 [Listener at 127.0.0.1/41295] INFO  handler.ContextHandler (ContextHandler.java:doStop(1153)) - Stopped o.e.j.w.WebAppContext@1cf963fa{hddsDatanode,/,null,STOPPED}{jar:file:/home/runner/.m2/repository/org/apache/ozone/hdds-container-service/1.3.0-SNAPSHOT/hdds-container-service-1.3.0-SNAPSHOT.jar!/webapps/hddsDatanode}
2022-10-14 14:34:03,861 [Listener at 127.0.0.1/41295] INFO  server.AbstractConnector (AbstractConnector.java:doStop(381)) - Stopped ServerConnector@120699fb{HTTP/1.1, (http/1.1)}{0.0.0.0:0}
2022-10-14 14:34:03,861 [Listener at 127.0.0.1/41295] INFO  server.session (HouseKeeper.java:stopScavenging(149)) - node0 Stopped scavenging
2022-10-14 14:34:03,861 [Listener at 127.0.0.1/41295] INFO  handler.ContextHandler (ContextHandler.java:doStop(1153)) - Stopped o.e.j.s.ServletContextHandler@6334400{static,/static,jar:file:/home/runner/.m2/repository/org/apache/ozone/hdds-container-service/1.3.0-SNAPSHOT/hdds-container-service-1.3.0-SNAPSHOT.jar!/webapps/static,STOPPED}
2022-10-14 14:34:03,861 [Listener at 127.0.0.1/41295] INFO  handler.ContextHandler (ContextHandler.java:doStop(1153)) - Stopped o.e.j.s.ServletContextHandler@35dd762e{logs,/logs,file:///home/runner/work/ozone/ozone/hadoop-ozone/integration-test/target/log,STOPPED}
2022-10-14 14:34:04,197 [EndpointStateMachine task thread for /127.0.0.1:38439 - 0 ] INFO  ipc.Client (Client.java:handleConnectionFailure(1010)) - Retrying connect to server: localhost/127.0.0.1:38439. Already tried 6 time(s); retry policy is RetryUpToMaximumCountWithFixedSleep(maxRetries=15, sleepTime=1000 MILLISECONDS)
2022-10-14 14:34:04,197 [EndpointStateMachine task thread for /127.0.0.1:38403 - 0 ] INFO  ipc.Client (Client.java:handleConnectionFailure(1010)) - Retrying connect to server: localhost/127.0.0.1:38403. Already tried 6 time(s); retry policy is RetryUpToMaximumCountWithFixedSleep(maxRetries=15, sleepTime=1000 MILLISECONDS)
2022-10-14 14:34:04,198 [EndpointStateMachine task thread for /127.0.0.1:42209 - 0 ] INFO  ipc.Client (Client.java:handleConnectionFailure(1010)) - Retrying connect to server: localhost/127.0.0.1:42209. Already tried 6 time(s); retry policy is RetryUpToMaximumCountWithFixedSleep(maxRetries=15, sleepTime=1000 MILLISECONDS)
2022-10-14 14:34:05,198 [EndpointStateMachine task thread for /127.0.0.1:38439 - 0 ] INFO  ipc.Client (Client.java:handleConnectionFailure(1010)) - Retrying connect to server: localhost/127.0.0.1:38439. Already tried 7 time(s); retry policy is RetryUpToMaximumCountWithFixedSleep(maxRetries=15, sleepTime=1000 MILLISECONDS)
2022-10-14 14:34:05,198 [EndpointStateMachine task thread for /127.0.0.1:38403 - 0 ] INFO  ipc.Client (Client.java:handleConnectionFailure(1010)) - Retrying connect to server: localhost/127.0.0.1:38403. Already tried 7 time(s); retry policy is RetryUpToMaximumCountWithFixedSleep(maxRetries=15, sleepTime=1000 MILLISECONDS)
2022-10-14 14:34:05,199 [EndpointStateMachine task thread for /127.0.0.1:42209 - 0 ] INFO  ipc.Client (Client.java:handleConnectionFailure(1010)) - Retrying connect to server: localhost/127.0.0.1:42209. Already tried 7 time(s); retry policy is RetryUpToMaximumCountWithFixedSleep(maxRetries=15, sleepTime=1000 MILLISECONDS)
2022-10-14 14:34:06,199 [EndpointStateMachine task thread for /127.0.0.1:38439 - 0 ] INFO  ipc.Client (Client.java:handleConnectionFailure(1010)) - Retrying connect to server: localhost/127.0.0.1:38439. Already tried 8 time(s); retry policy is RetryUpToMaximumCountWithFixedSleep(maxRetries=15, sleepTime=1000 MILLISECONDS)
2022-10-14 14:34:06,199 [EndpointStateMachine task thread for /127.0.0.1:38403 - 0 ] INFO  ipc.Client (Client.java:handleConnectionFailure(1010)) - Retrying connect to server: localhost/127.0.0.1:38403. Already tried 8 time(s); retry policy is RetryUpToMaximumCountWithFixedSleep(maxRetries=15, sleepTime=1000 MILLISECONDS)
2022-10-14 14:34:06,200 [EndpointStateMachine task thread for /127.0.0.1:42209 - 0 ] INFO  ipc.Client (Client.java:handleConnectionFailure(1010)) - Retrying connect to server: localhost/127.0.0.1:42209. Already tried 8 time(s); retry policy is RetryUpToMaximumCountWithFixedSleep(maxRetries=15, sleepTime=1000 MILLISECONDS)
2022-10-14 14:34:07,200 [EndpointStateMachine task thread for /127.0.0.1:38439 - 0 ] INFO  ipc.Client (Client.java:handleConnectionFailure(1010)) - Retrying connect to server: localhost/127.0.0.1:38439. Already tried 9 time(s); retry policy is RetryUpToMaximumCountWithFixedSleep(maxRetries=15, sleepTime=1000 MILLISECONDS)
2022-10-14 14:34:07,200 [EndpointStateMachine task thread for /127.0.0.1:38403 - 0 ] INFO  ipc.Client (Client.java:handleConnectionFailure(1010)) - Retrying connect to server: localhost/127.0.0.1:38403. Already tried 9 time(s); retry policy is RetryUpToMaximumCountWithFixedSleep(maxRetries=15, sleepTime=1000 MILLISECONDS)
2022-10-14 14:34:07,201 [EndpointStateMachine task thread for /127.0.0.1:42209 - 0 ] INFO  ipc.Client (Client.java:handleConnectionFailure(1010)) - Retrying connect to server: localhost/127.0.0.1:42209. Already tried 9 time(s); retry policy is RetryUpToMaximumCountWithFixedSleep(maxRetries=15, sleepTime=1000 MILLISECONDS)
2022-10-14 14:34:08,201 [EndpointStateMachine task thread for /127.0.0.1:38439 - 0 ] INFO  ipc.Client (Client.java:handleConnectionFailure(1010)) - Retrying connect to server: localhost/127.0.0.1:38439. Already tried 10 time(s); retry policy is RetryUpToMaximumCountWithFixedSleep(maxRetries=15, sleepTime=1000 MILLISECONDS)
2022-10-14 14:34:08,201 [EndpointStateMachine task thread for /127.0.0.1:42209 - 0 ] INFO  ipc.Client (Client.java:handleConnectionFailure(1010)) - Retrying connect to server: localhost/127.0.0.1:42209. Already tried 10 time(s); retry policy is RetryUpToMaximumCountWithFixedSleep(maxRetries=15, sleepTime=1000 MILLISECONDS)
2022-10-14 14:34:08,201 [EndpointStateMachine task thread for /127.0.0.1:38403 - 0 ] INFO  ipc.Client (Client.java:handleConnectionFailure(1010)) - Retrying connect to server: localhost/127.0.0.1:38403. Already tried 10 time(s); retry policy is RetryUpToMaximumCountWithFixedSleep(maxRetries=15, sleepTime=1000 MILLISECONDS)
2022-10-14 14:34:09,202 [EndpointStateMachine task thread for /127.0.0.1:42209 - 0 ] INFO  ipc.Client (Client.java:handleConnectionFailure(1010)) - Retrying connect to server: localhost/127.0.0.1:42209. Already tried 11 time(s); retry policy is RetryUpToMaximumCountWithFixedSleep(maxRetries=15, sleepTime=1000 MILLISECONDS)
2022-10-14 14:34:09,202 [EndpointStateMachine task thread for /127.0.0.1:38403 - 0 ] INFO  ipc.Client (Client.java:handleConnectionFailure(1010)) - Retrying connect to server: localhost/127.0.0.1:38403. Already tried 11 time(s); retry policy is RetryUpToMaximumCountWithFixedSleep(maxRetries=15, sleepTime=1000 MILLISECONDS)
2022-10-14 14:34:09,202 [EndpointStateMachine task thread for /127.0.0.1:38439 - 0 ] INFO  ipc.Client (Client.java:handleConnectionFailure(1010)) - Retrying connect to server: localhost/127.0.0.1:38439. Already tried 11 time(s); retry policy is RetryUpToMaximumCountWithFixedSleep(maxRetries=15, sleepTime=1000 MILLISECONDS)
2022-10-14 14:34:10,202 [EndpointStateMachine task thread for /127.0.0.1:42209 - 0 ] INFO  ipc.Client (Client.java:handleConnectionFailure(1010)) - Retrying connect to server: localhost/127.0.0.1:42209. Already tried 12 time(s); retry policy is RetryUpToMaximumCountWithFixedSleep(maxRetries=15, sleepTime=1000 MILLISECONDS)
2022-10-14 14:34:10,203 [EndpointStateMachine task thread for /127.0.0.1:38403 - 0 ] INFO  ipc.Client (Client.java:handleConnectionFailure(1010)) - Retrying connect to server: localhost/127.0.0.1:38403. Already tried 12 time(s); retry policy is RetryUpToMaximumCountWithFixedSleep(maxRetries=15, sleepTime=1000 MILLISECONDS)
2022-10-14 14:34:10,203 [EndpointStateMachine task thread for /127.0.0.1:38439 - 0 ] INFO  ipc.Client (Client.java:handleConnectionFailure(1010)) - Retrying connect to server: localhost/127.0.0.1:38439. Already tried 12 time(s); retry policy is RetryUpToMaximumCountWithFixedSleep(maxRetries=15, sleepTime=1000 MILLISECONDS)
2022-10-14 14:34:11,203 [EndpointStateMachine task thread for /127.0.0.1:42209 - 0 ] INFO  ipc.Client (Client.java:handleConnectionFailure(1010)) - Retrying connect to server: localhost/127.0.0.1:42209. Already tried 13 time(s); retry policy is RetryUpToMaximumCountWithFixedSleep(maxRetries=15, sleepTime=1000 MILLISECONDS)
2022-10-14 14:34:11,203 [EndpointStateMachine task thread for /127.0.0.1:38403 - 0 ] INFO  ipc.Client (Client.java:handleConnectionFailure(1010)) - Retrying connect to server: localhost/127.0.0.1:38403. Already tried 13 time(s); retry policy is RetryUpToMaximumCountWithFixedSleep(maxRetries=15, sleepTime=1000 MILLISECONDS)
2022-10-14 14:34:11,204 [EndpointStateMachine task thread for /127.0.0.1:38439 - 0 ] INFO  ipc.Client (Client.java:handleConnectionFailure(1010)) - Retrying connect to server: localhost/127.0.0.1:38439. Already tried 13 time(s); retry policy is RetryUpToMaximumCountWithFixedSleep(maxRetries=15, sleepTime=1000 MILLISECONDS)
2022-10-14 14:34:12,204 [EndpointStateMachine task thread for /127.0.0.1:42209 - 0 ] INFO  ipc.Client (Client.java:handleConnectionFailure(1010)) - Retrying connect to server: localhost/127.0.0.1:42209. Already tried 14 time(s); retry policy is RetryUpToMaximumCountWithFixedSleep(maxRetries=15, sleepTime=1000 MILLISECONDS)
2022-10-14 14:34:12,205 [EndpointStateMachine task thread for /127.0.0.1:38403 - 0 ] INFO  ipc.Client (Client.java:handleConnectionFailure(1010)) - Retrying connect to server: localhost/127.0.0.1:38403. Already tried 14 time(s); retry policy is RetryUpToMaximumCountWithFixedSleep(maxRetries=15, sleepTime=1000 MILLISECONDS)
2022-10-14 14:34:12,206 [EndpointStateMachine task thread for /127.0.0.1:38403 - 0 ] WARN  statemachine.EndpointStateMachine (EndpointStateMachine.java:logIfNeeded(242)) - Unable to communicate to SCM server at localhost:38403 for past 0 seconds.
java.net.ConnectException: Call From fv-az318-86/10.1.0.20 to localhost:38403 failed on connection exception: java.net.ConnectException: Connection refused; For more details see:  http://wiki.apache.org/hadoop/ConnectionRefused
	at sun.reflect.NativeConstructorAccessorImpl.newInstance0(Native Method)
	at sun.reflect.NativeConstructorAccessorImpl.newInstance(NativeConstructorAccessorImpl.java:62)
	at sun.reflect.DelegatingConstructorAccessorImpl.newInstance(DelegatingConstructorAccessorImpl.java:45)
	at java.lang.reflect.Constructor.newInstance(Constructor.java:423)
	at org.apache.hadoop.net.NetUtils.wrapWithMessage(NetUtils.java:913)
	at org.apache.hadoop.net.NetUtils.wrapException(NetUtils.java:828)
	at org.apache.hadoop.ipc.Client.getRpcResponse(Client.java:1616)
	at org.apache.hadoop.ipc.Client.call(Client.java:1558)
	at org.apache.hadoop.ipc.Client.call(Client.java:1455)
	at org.apache.hadoop.ipc.ProtobufRpcEngine$Invoker.invoke(ProtobufRpcEngine.java:235)
	at org.apache.hadoop.ipc.ProtobufRpcEngine$Invoker.invoke(ProtobufRpcEngine.java:122)
	at com.sun.proxy.$Proxy51.submitRequest(Unknown Source)
	at org.apache.hadoop.ozone.protocolPB.StorageContainerDatanodeProtocolClientSideTranslatorPB.submitRequest(StorageContainerDatanodeProtocolClientSideTranslatorPB.java:117)
	at org.apache.hadoop.ozone.protocolPB.StorageContainerDatanodeProtocolClientSideTranslatorPB.sendHeartbeat(StorageContainerDatanodeProtocolClientSideTranslatorPB.java:149)
	at org.apache.hadoop.ozone.container.common.states.endpoint.HeartbeatEndpointTask.call(HeartbeatEndpointTask.java:185)
	at org.apache.hadoop.ozone.container.common.states.endpoint.HeartbeatEndpointTask.call(HeartbeatEndpointTask.java:87)
	at java.util.concurrent.FutureTask.run(FutureTask.java:266)
	at java.util.concurrent.ThreadPoolExecutor.runWorker(ThreadPoolExecutor.java:1149)
	at java.util.concurrent.ThreadPoolExecutor$Worker.run(ThreadPoolExecutor.java:624)
	at java.lang.Thread.run(Thread.java:750)
Caused by: java.net.ConnectException: Connection refused
	at sun.nio.ch.SocketChannelImpl.checkConnect(Native Method)
	at sun.nio.ch.SocketChannelImpl.finishConnect(SocketChannelImpl.java:716)
	at org.apache.hadoop.net.SocketIOWithTimeout.connect(SocketIOWithTimeout.java:205)
	at org.apache.hadoop.net.NetUtils.connect(NetUtils.java:586)
	at org.apache.hadoop.ipc.Client$Connection.setupConnection(Client.java:711)
	at org.apache.hadoop.ipc.Client$Connection.setupIOstreams(Client.java:833)
	at org.apache.hadoop.ipc.Client$Connection.access$3800(Client.java:414)
	at org.apache.hadoop.ipc.Client.getConnection(Client.java:1677)
	at org.apache.hadoop.ipc.Client.call(Client.java:1502)
	... 12 more
2022-10-14 14:34:12,206 [EndpointStateMachine task thread for /127.0.0.1:38439 - 0 ] INFO  ipc.Client (Client.java:handleConnectionFailure(1010)) - Retrying connect to server: localhost/127.0.0.1:38439. Already tried 14 time(s); retry policy is RetryUpToMaximumCountWithFixedSleep(maxRetries=15, sleepTime=1000 MILLISECONDS)
2022-10-14 14:34:12,208 [EndpointStateMachine task thread for /127.0.0.1:38439 - 0 ] WARN  statemachine.EndpointStateMachine (EndpointStateMachine.java:logIfNeeded(242)) - Unable to communicate to SCM server at localhost:38439 for past 0 seconds.
java.net.ConnectException: Call From fv-az318-86/10.1.0.20 to localhost:38439 failed on connection exception: java.net.ConnectException: Connection refused; For more details see:  http://wiki.apache.org/hadoop/ConnectionRefused
	at sun.reflect.NativeConstructorAccessorImpl.newInstance0(Native Method)
	at sun.reflect.NativeConstructorAccessorImpl.newInstance(NativeConstructorAccessorImpl.java:62)
	at sun.reflect.DelegatingConstructorAccessorImpl.newInstance(DelegatingConstructorAccessorImpl.java:45)
	at java.lang.reflect.Constructor.newInstance(Constructor.java:423)
	at org.apache.hadoop.net.NetUtils.wrapWithMessage(NetUtils.java:913)
	at org.apache.hadoop.net.NetUtils.wrapException(NetUtils.java:828)
	at org.apache.hadoop.ipc.Client.getRpcResponse(Client.java:1616)
	at org.apache.hadoop.ipc.Client.call(Client.java:1558)
	at org.apache.hadoop.ipc.Client.call(Client.java:1455)
	at org.apache.hadoop.ipc.ProtobufRpcEngine$Invoker.invoke(ProtobufRpcEngine.java:235)
	at org.apache.hadoop.ipc.ProtobufRpcEngine$Invoker.invoke(ProtobufRpcEngine.java:122)
	at com.sun.proxy.$Proxy51.submitRequest(Unknown Source)
	at org.apache.hadoop.ozone.protocolPB.StorageContainerDatanodeProtocolClientSideTranslatorPB.submitRequest(StorageContainerDatanodeProtocolClientSideTranslatorPB.java:117)
	at org.apache.hadoop.ozone.protocolPB.StorageContainerDatanodeProtocolClientSideTranslatorPB.sendHeartbeat(StorageContainerDatanodeProtocolClientSideTranslatorPB.java:149)
	at org.apache.hadoop.ozone.container.common.states.endpoint.HeartbeatEndpointTask.call(HeartbeatEndpointTask.java:185)
	at org.apache.hadoop.ozone.container.common.states.endpoint.HeartbeatEndpointTask.call(HeartbeatEndpointTask.java:87)
	at java.util.concurrent.FutureTask.run(FutureTask.java:266)
	at java.util.concurrent.ThreadPoolExecutor.runWorker(ThreadPoolExecutor.java:1149)
	at java.util.concurrent.ThreadPoolExecutor$Worker.run(ThreadPoolExecutor.java:624)
	at java.lang.Thread.run(Thread.java:750)
Caused by: java.net.ConnectException: Connection refused
	at sun.nio.ch.SocketChannelImpl.checkConnect(Native Method)
	at sun.nio.ch.SocketChannelImpl.finishConnect(SocketChannelImpl.java:716)
	at org.apache.hadoop.net.SocketIOWithTimeout.connect(SocketIOWithTimeout.java:205)
	at org.apache.hadoop.net.NetUtils.connect(NetUtils.java:586)
	at org.apache.hadoop.ipc.Client$Connection.setupConnection(Client.java:711)
	at org.apache.hadoop.ipc.Client$Connection.setupIOstreams(Client.java:833)
	at org.apache.hadoop.ipc.Client$Connection.access$3800(Client.java:414)
	at org.apache.hadoop.ipc.Client.getConnection(Client.java:1677)
	at org.apache.hadoop.ipc.Client.call(Client.java:1502)
	... 12 more
2022-10-14 14:34:12,206 [EndpointStateMachine task thread for /127.0.0.1:42209 - 0 ] WARN  statemachine.EndpointStateMachine (EndpointStateMachine.java:logIfNeeded(242)) - Unable to communicate to SCM server at localhost:42209 for past 0 seconds.
java.net.ConnectException: Call From fv-az318-86/10.1.0.20 to localhost:42209 failed on connection exception: java.net.ConnectException: Connection refused; For more details see:  http://wiki.apache.org/hadoop/ConnectionRefused
	at sun.reflect.NativeConstructorAccessorImpl.newInstance0(Native Method)
	at sun.reflect.NativeConstructorAccessorImpl.newInstance(NativeConstructorAccessorImpl.java:62)
	at sun.reflect.DelegatingConstructorAccessorImpl.newInstance(DelegatingConstructorAccessorImpl.java:45)
	at java.lang.reflect.Constructor.newInstance(Constructor.java:423)
	at org.apache.hadoop.net.NetUtils.wrapWithMessage(NetUtils.java:913)
	at org.apache.hadoop.net.NetUtils.wrapException(NetUtils.java:828)
	at org.apache.hadoop.ipc.Client.getRpcResponse(Client.java:1616)
	at org.apache.hadoop.ipc.Client.call(Client.java:1558)
	at org.apache.hadoop.ipc.Client.call(Client.java:1455)
	at org.apache.hadoop.ipc.ProtobufRpcEngine$Invoker.invoke(ProtobufRpcEngine.java:235)
	at org.apache.hadoop.ipc.ProtobufRpcEngine$Invoker.invoke(ProtobufRpcEngine.java:122)
	at com.sun.proxy.$Proxy51.submitRequest(Unknown Source)
	at org.apache.hadoop.ozone.protocolPB.StorageContainerDatanodeProtocolClientSideTranslatorPB.submitRequest(StorageContainerDatanodeProtocolClientSideTranslatorPB.java:117)
	at org.apache.hadoop.ozone.protocolPB.StorageContainerDatanodeProtocolClientSideTranslatorPB.sendHeartbeat(StorageContainerDatanodeProtocolClientSideTranslatorPB.java:149)
	at org.apache.hadoop.ozone.container.common.states.endpoint.HeartbeatEndpointTask.call(HeartbeatEndpointTask.java:185)
	at org.apache.hadoop.ozone.container.common.states.endpoint.HeartbeatEndpointTask.call(HeartbeatEndpointTask.java:87)
	at java.util.concurrent.FutureTask.run(FutureTask.java:266)
	at java.util.concurrent.ThreadPoolExecutor.runWorker(ThreadPoolExecutor.java:1149)
	at java.util.concurrent.ThreadPoolExecutor$Worker.run(ThreadPoolExecutor.java:624)
	at java.lang.Thread.run(Thread.java:750)
Caused by: java.net.ConnectException: Connection refused
	at sun.nio.ch.SocketChannelImpl.checkConnect(Native Method)
	at sun.nio.ch.SocketChannelImpl.finishConnect(SocketChannelImpl.java:716)
	at org.apache.hadoop.net.SocketIOWithTimeout.connect(SocketIOWithTimeout.java:205)
	at org.apache.hadoop.net.NetUtils.connect(NetUtils.java:586)
	at org.apache.hadoop.ipc.Client$Connection.setupConnection(Client.java:711)
	at org.apache.hadoop.ipc.Client$Connection.setupIOstreams(Client.java:833)
	at org.apache.hadoop.ipc.Client$Connection.access$3800(Client.java:414)
	at org.apache.hadoop.ipc.Client.getConnection(Client.java:1677)
	at org.apache.hadoop.ipc.Client.call(Client.java:1502)
	... 12 more
2022-10-14 14:34:13,209 [EndpointStateMachine task thread for /127.0.0.1:38439 - 0 ] INFO  ipc.Client (Client.java:handleConnectionFailure(1010)) - Retrying connect to server: localhost/127.0.0.1:38439. Already tried 0 time(s); retry policy is RetryUpToMaximumCountWithFixedSleep(maxRetries=15, sleepTime=1000 MILLISECONDS)
2022-10-14 14:34:13,209 [EndpointStateMachine task thread for /127.0.0.1:38403 - 0 ] INFO  ipc.Client (Client.java:handleConnectionFailure(1010)) - Retrying connect to server: localhost/127.0.0.1:38403. Already tried 0 time(s); retry policy is RetryUpToMaximumCountWithFixedSleep(maxRetries=15, sleepTime=1000 MILLISECONDS)
2022-10-14 14:34:13,210 [EndpointStateMachine task thread for /127.0.0.1:42209 - 0 ] INFO  ipc.Client (Client.java:handleConnectionFailure(1010)) - Retrying connect to server: localhost/127.0.0.1:42209. Already tried 0 time(s); retry policy is RetryUpToMaximumCountWithFixedSleep(maxRetries=15, sleepTime=1000 MILLISECONDS)
2022-10-14 14:34:14,210 [EndpointStateMachine task thread for /127.0.0.1:38439 - 0 ] INFO  ipc.Client (Client.java:handleConnectionFailure(1010)) - Retrying connect to server: localhost/127.0.0.1:38439. Already tried 1 time(s); retry policy is RetryUpToMaximumCountWithFixedSleep(maxRetries=15, sleepTime=1000 MILLISECONDS)
2022-10-14 14:34:14,210 [EndpointStateMachine task thread for /127.0.0.1:42209 - 0 ] INFO  ipc.Client (Client.java:handleConnectionFailure(1010)) - Retrying connect to server: localhost/127.0.0.1:42209. Already tried 1 time(s); retry policy is RetryUpToMaximumCountWithFixedSleep(maxRetries=15, sleepTime=1000 MILLISECONDS)
2022-10-14 14:34:14,210 [EndpointStateMachine task thread for /127.0.0.1:38403 - 0 ] INFO  ipc.Client (Client.java:handleConnectionFailure(1010)) - Retrying connect to server: localhost/127.0.0.1:38403. Already tried 1 time(s); retry policy is RetryUpToMaximumCountWithFixedSleep(maxRetries=15, sleepTime=1000 MILLISECONDS)
2022-10-14 14:34:15,211 [EndpointStateMachine task thread for /127.0.0.1:42209 - 0 ] INFO  ipc.Client (Client.java:handleConnectionFailure(1010)) - Retrying connect to server: localhost/127.0.0.1:42209. Already tried 2 time(s); retry policy is RetryUpToMaximumCountWithFixedSleep(maxRetries=15, sleepTime=1000 MILLISECONDS)
2022-10-14 14:34:15,211 [EndpointStateMachine task thread for /127.0.0.1:38403 - 0 ] INFO  ipc.Client (Client.java:handleConnectionFailure(1010)) - Retrying connect to server: localhost/127.0.0.1:38403. Already tried 2 time(s); retry policy is RetryUpToMaximumCountWithFixedSleep(maxRetries=15, sleepTime=1000 MILLISECONDS)
2022-10-14 14:34:15,211 [EndpointStateMachine task thread for /127.0.0.1:38439 - 0 ] INFO  ipc.Client (Client.java:handleConnectionFailure(1010)) - Retrying connect to server: localhost/127.0.0.1:38439. Already tried 2 time(s); retry policy is RetryUpToMaximumCountWithFixedSleep(maxRetries=15, sleepTime=1000 MILLISECONDS)
2022-10-14 14:34:16,212 [EndpointStateMachine task thread for /127.0.0.1:42209 - 0 ] INFO  ipc.Client (Client.java:handleConnectionFailure(1010)) - Retrying connect to server: localhost/127.0.0.1:42209. Already tried 3 time(s); retry policy is RetryUpToMaximumCountWithFixedSleep(maxRetries=15, sleepTime=1000 MILLISECONDS)
2022-10-14 14:34:16,212 [EndpointStateMachine task thread for /127.0.0.1:38403 - 0 ] INFO  ipc.Client (Client.java:handleConnectionFailure(1010)) - Retrying connect to server: localhost/127.0.0.1:38403. Already tried 3 time(s); retry policy is RetryUpToMaximumCountWithFixedSleep(maxRetries=15, sleepTime=1000 MILLISECONDS)
2022-10-14 14:34:16,212 [EndpointStateMachine task thread for /127.0.0.1:38439 - 0 ] INFO  ipc.Client (Client.java:handleConnectionFailure(1010)) - Retrying connect to server: localhost/127.0.0.1:38439. Already tried 3 time(s); retry policy is RetryUpToMaximumCountWithFixedSleep(maxRetries=15, sleepTime=1000 MILLISECONDS)
2022-10-14 14:34:17,213 [EndpointStateMachine task thread for /127.0.0.1:42209 - 0 ] INFO  ipc.Client (Client.java:handleConnectionFailure(1010)) - Retrying connect to server: localhost/127.0.0.1:42209. Already tried 4 time(s); retry policy is RetryUpToMaximumCountWithFixedSleep(maxRetries=15, sleepTime=1000 MILLISECONDS)
2022-10-14 14:34:17,213 [EndpointStateMachine task thread for /127.0.0.1:38439 - 0 ] INFO  ipc.Client (Client.java:handleConnectionFailure(1010)) - Retrying connect to server: localhost/127.0.0.1:38439. Already tried 4 time(s); retry policy is RetryUpToMaximumCountWithFixedSleep(maxRetries=15, sleepTime=1000 MILLISECONDS)
2022-10-14 14:34:17,214 [EndpointStateMachine task thread for /127.0.0.1:38403 - 0 ] INFO  ipc.Client (Client.java:handleConnectionFailure(1010)) - Retrying connect to server: localhost/127.0.0.1:38403. Already tried 4 time(s); retry policy is RetryUpToMaximumCountWithFixedSleep(maxRetries=15, sleepTime=1000 MILLISECONDS)
2022-10-14 14:34:18,213 [EndpointStateMachine task thread for /127.0.0.1:42209 - 0 ] INFO  ipc.Client (Client.java:handleConnectionFailure(1010)) - Retrying connect to server: localhost/127.0.0.1:42209. Already tried 5 time(s); retry policy is RetryUpToMaximumCountWithFixedSleep(maxRetries=15, sleepTime=1000 MILLISECONDS)
2022-10-14 14:34:18,214 [EndpointStateMachine task thread for /127.0.0.1:38439 - 0 ] INFO  ipc.Client (Client.java:handleConnectionFailure(1010)) - Retrying connect to server: localhost/127.0.0.1:38439. Already tried 5 time(s); retry policy is RetryUpToMaximumCountWithFixedSleep(maxRetries=15, sleepTime=1000 MILLISECONDS)
2022-10-14 14:34:18,214 [EndpointStateMachine task thread for /127.0.0.1:38403 - 0 ] INFO  ipc.Client (Client.java:handleConnectionFailure(1010)) - Retrying connect to server: localhost/127.0.0.1:38403. Already tried 5 time(s); retry policy is RetryUpToMaximumCountWithFixedSleep(maxRetries=15, sleepTime=1000 MILLISECONDS)
2022-10-14 14:34:18,900 [Listener at 127.0.0.1/41295] INFO  ozone.MiniOzoneClusterImpl (MiniOzoneClusterImpl.java:shutdown(448)) - Shutting down the Mini Ozone Cluster
2022-10-14 14:34:18,902 [Listener at 127.0.0.1/41295] INFO  ozone.MiniOzoneHAClusterImpl (MiniOzoneHAClusterImpl.java:stop(312)) - Stopping the OzoneManager omNode-3
2022-10-14 14:34:18,903 [Listener at 127.0.0.1/41295] INFO  om.OzoneManager (OzoneManager.java:stop(2035)) - omNode-3[localhost:41295]: Stopping Ozone Manager
2022-10-14 14:34:18,903 [Listener at 127.0.0.1/41295] INFO  ozone.MiniOzoneHAClusterImpl (MiniOzoneHAClusterImpl.java:stop(312)) - Stopping the OzoneManager omNode-1
2022-10-14 14:34:18,903 [Listener at 127.0.0.1/41295] INFO  om.OzoneManager (OzoneManager.java:stop(2035)) - omNode-1[localhost:44861]: Stopping Ozone Manager
2022-10-14 14:34:18,903 [Listener at 127.0.0.1/41295] INFO  ozone.MiniOzoneHAClusterImpl (MiniOzoneHAClusterImpl.java:stop(312)) - Stopping the OzoneManager omNode-2
2022-10-14 14:34:18,903 [Listener at 127.0.0.1/41295] INFO  om.OzoneManager (OzoneManager.java:stop(2035)) - omNode-2[localhost:36349]: Stopping Ozone Manager
2022-10-14 14:34:18,903 [Listener at 127.0.0.1/41295] INFO  ozone.MiniOzoneHAClusterImpl (MiniOzoneHAClusterImpl.java:stop(320)) - Stopping the StorageContainerManager c70ee520-a26f-4925-a0d6-13999223b64a
2022-10-14 14:34:18,903 [Listener at 127.0.0.1/41295] INFO  server.StorageContainerManager (StorageContainerManager.java:stop(1528)) - Container Balancer is not running.
2022-10-14 14:34:18,903 [Listener at 127.0.0.1/41295] INFO  server.StorageContainerManager (StorageContainerManager.java:stop(1535)) - Stopping Replication Manager Service.
2022-10-14 14:34:18,903 [Listener at 127.0.0.1/41295] INFO  replication.ReplicationManager (ReplicationManager.java:stop(265)) - Replication Monitor Thread is not running.
2022-10-14 14:34:18,903 [Listener at 127.0.0.1/41295] INFO  server.StorageContainerManager (StorageContainerManager.java:stop(1542)) - Stopping the Datanode Admin Monitor.
2022-10-14 14:34:18,903 [Listener at 127.0.0.1/41295] INFO  server.StorageContainerManager (StorageContainerManager.java:stop(1549)) - Stopping Lease Manager of the command watchers
2022-10-14 14:34:18,903 [Listener at 127.0.0.1/41295] ERROR server.StorageContainerManager (StorageContainerManager.java:stop(1552)) - Lease Manager of the command watchers stop failed
2022-10-14 14:34:18,903 [Listener at 127.0.0.1/41295] INFO  server.StorageContainerManager (StorageContainerManager.java:stop(1556)) - Stopping datanode service RPC server
2022-10-14 14:34:18,903 [Listener at 127.0.0.1/41295] INFO  server.SCMDatanodeProtocolServer (SCMDatanodeProtocolServer.java:stop(414)) - Stopping the RPC server for DataNodes
2022-10-14 14:34:18,903 [Listener at 127.0.0.1/41295] INFO  ipc.Server (Server.java:stop(3428)) - Stopping server on 38439
2022-10-14 14:34:18,903 [Listener at 127.0.0.1/41295] INFO  server.StorageContainerManager (StorageContainerManager.java:stop(1564)) - Stopping block service RPC server
2022-10-14 14:34:18,903 [Listener at 127.0.0.1/41295] INFO  server.SCMBlockProtocolServer (SCMBlockProtocolServer.java:stop(161)) - Stopping the RPC server for Block Protocol
2022-10-14 14:34:18,903 [Listener at 127.0.0.1/41295] INFO  ipc.Server (Server.java:stop(3428)) - Stopping server on 40511
2022-10-14 14:34:18,903 [Listener at 127.0.0.1/41295] INFO  server.StorageContainerManager (StorageContainerManager.java:stop(1571)) - Stopping the StorageContainerLocationProtocol RPC server
2022-10-14 14:34:18,904 [Listener at 127.0.0.1/41295] INFO  server.SCMClientProtocolServer (SCMClientProtocolServer.java:stop(179)) - Stopping the RPC server for Client Protocol
2022-10-14 14:34:18,904 [Listener at 127.0.0.1/41295] INFO  ipc.Server (Server.java:stop(3428)) - Stopping server on 37901
2022-10-14 14:34:18,904 [Listener at 127.0.0.1/41295] INFO  server.StorageContainerManager (StorageContainerManager.java:stop(1578)) - Stopping Storage Container Manager HTTP server.
2022-10-14 14:34:18,904 [Listener at 127.0.0.1/41295] INFO  server.StorageContainerManager (StorageContainerManager.java:stop(1584)) - Stopping SCM LayoutVersionManager Service.
2022-10-14 14:34:18,904 [Listener at 127.0.0.1/41295] INFO  server.StorageContainerManager (StorageContainerManager.java:stop(1592)) - Stopping Block Manager Service.
2022-10-14 14:34:18,904 [Listener at 127.0.0.1/41295] INFO  utils.BackgroundService (BackgroundService.java:shutdown(141)) - Shutting down service SCMBlockDeletingService
2022-10-14 14:34:18,904 [Listener at 127.0.0.1/41295] INFO  utils.BackgroundService (BackgroundService.java:shutdown(141)) - Shutting down service SCMBlockDeletingService
2022-10-14 14:34:18,904 [Listener at 127.0.0.1/41295] INFO  server.StorageContainerManager (StorageContainerManager.java:stop(1619)) - Stopping SCM Event Queue.
2022-10-14 14:34:18,904 [Listener at 127.0.0.1/41295] INFO  server.StorageContainerManager (StorageContainerManager.java:stop(1630)) - Stopping SCM HA services.
2022-10-14 14:34:18,904 [Listener at 127.0.0.1/41295] INFO  ha.SCMRatisServerImpl (SCMRatisServerImpl.java:stop(237)) - stopping ratis server 0.0.0.0:44017
2022-10-14 14:34:18,904 [Listener at 127.0.0.1/41295] WARN  pipeline.BackgroundPipelineCreator (BackgroundPipelineCreator.java:stop(145)) - RatisPipelineUtilsThread is not running, just ignore.
2022-10-14 14:34:18,904 [Listener at 127.0.0.1/41295] INFO  BackgroundPipelineScrubber (BackgroundSCMService.java:stop(126)) - BackgroundPipelineScrubber Service is not running, skip stop.
2022-10-14 14:34:18,904 [Listener at 127.0.0.1/41295] INFO  impl.MetricsSystemImpl (MetricsSystemImpl.java:stop(205)) - HddsDatanode metrics system stopped (again)
2022-10-14 14:34:18,904 [Listener at 127.0.0.1/41295] WARN  pipeline.BackgroundPipelineCreator (BackgroundPipelineCreator.java:stop(145)) - RatisPipelineUtilsThread is not running, just ignore.
2022-10-14 14:34:18,904 [Listener at 127.0.0.1/41295] INFO  BackgroundPipelineScrubber (BackgroundSCMService.java:stop(126)) - BackgroundPipelineScrubber Service is not running, skip stop.
2022-10-14 14:34:18,904 [Listener at 127.0.0.1/41295] INFO  ExpiredContainerReplicaOpScrubber (BackgroundSCMService.java:stop(126)) - ExpiredContainerReplicaOpScrubber Service is not running, skip stop.
2022-10-14 14:34:18,905 [Listener at 127.0.0.1/41295] INFO  utils.BackgroundService (BackgroundService.java:shutdown(141)) - Shutting down service SCMBlockDeletingService
2022-10-14 14:34:18,905 [Listener at 127.0.0.1/41295] INFO  replication.ReplicationManager (ReplicationManager.java:stop(265)) - Replication Monitor Thread is not running.
2022-10-14 14:34:18,905 [Listener at 127.0.0.1/41295] WARN  balancer.ContainerBalancer (ContainerBalancer.java:stop(1096)) - Cannot stop Container Balancer because it's not running
2022-10-14 14:34:18,905 [Listener at 127.0.0.1/41295] INFO  server.StorageContainerManager (StorageContainerManager.java:stop(1648)) - Stopping SCM MetadataStore.
2022-10-14 14:34:18,905 [Listener at 127.0.0.1/41295] INFO  ozone.MiniOzoneHAClusterImpl (MiniOzoneHAClusterImpl.java:stop(320)) - Stopping the StorageContainerManager 022a1120-d2e9-40a2-a00d-16a3e5b1f5eb
2022-10-14 14:34:18,905 [Listener at 127.0.0.1/41295] INFO  server.StorageContainerManager (StorageContainerManager.java:stop(1528)) - Container Balancer is not running.
2022-10-14 14:34:18,905 [Listener at 127.0.0.1/41295] INFO  server.StorageContainerManager (StorageContainerManager.java:stop(1535)) - Stopping Replication Manager Service.
2022-10-14 14:34:18,905 [Listener at 127.0.0.1/41295] INFO  replication.ReplicationManager (ReplicationManager.java:stop(265)) - Replication Monitor Thread is not running.
2022-10-14 14:34:18,905 [Listener at 127.0.0.1/41295] INFO  server.StorageContainerManager (StorageContainerManager.java:stop(1542)) - Stopping the Datanode Admin Monitor.
2022-10-14 14:34:18,905 [Listener at 127.0.0.1/41295] INFO  server.StorageContainerManager (StorageContainerManager.java:stop(1549)) - Stopping Lease Manager of the command watchers
2022-10-14 14:34:18,905 [Listener at 127.0.0.1/41295] ERROR server.StorageContainerManager (StorageContainerManager.java:stop(1552)) - Lease Manager of the command watchers stop failed
2022-10-14 14:34:18,905 [Listener at 127.0.0.1/41295] INFO  server.StorageContainerManager (StorageContainerManager.java:stop(1556)) - Stopping datanode service RPC server
2022-10-14 14:34:18,905 [Listener at 127.0.0.1/41295] INFO  server.SCMDatanodeProtocolServer (SCMDatanodeProtocolServer.java:stop(414)) - Stopping the RPC server for DataNodes
2022-10-14 14:34:18,905 [Listener at 127.0.0.1/41295] INFO  ipc.Server (Server.java:stop(3428)) - Stopping server on 42209
2022-10-14 14:34:18,905 [Listener at 127.0.0.1/41295] INFO  server.StorageContainerManager (StorageContainerManager.java:stop(1564)) - Stopping block service RPC server
2022-10-14 14:34:18,905 [Listener at 127.0.0.1/41295] INFO  server.SCMBlockProtocolServer (SCMBlockProtocolServer.java:stop(161)) - Stopping the RPC server for Block Protocol
2022-10-14 14:34:18,905 [Listener at 127.0.0.1/41295] INFO  ipc.Server (Server.java:stop(3428)) - Stopping server on 40903
2022-10-14 14:34:18,905 [Listener at 127.0.0.1/41295] INFO  server.StorageContainerManager (StorageContainerManager.java:stop(1571)) - Stopping the StorageContainerLocationProtocol RPC server
2022-10-14 14:34:18,905 [Listener at 127.0.0.1/41295] INFO  server.SCMClientProtocolServer (SCMClientProtocolServer.java:stop(179)) - Stopping the RPC server for Client Protocol
2022-10-14 14:34:18,906 [Listener at 127.0.0.1/41295] INFO  ipc.Server (Server.java:stop(3428)) - Stopping server on 41617
2022-10-14 14:34:18,906 [Listener at 127.0.0.1/41295] INFO  server.StorageContainerManager (StorageContainerManager.java:stop(1578)) - Stopping Storage Container Manager HTTP server.
2022-10-14 14:34:18,906 [Listener at 127.0.0.1/41295] INFO  server.StorageContainerManager (StorageContainerManager.java:stop(1584)) - Stopping SCM LayoutVersionManager Service.
2022-10-14 14:34:18,906 [Listener at 127.0.0.1/41295] INFO  server.StorageContainerManager (StorageContainerManager.java:stop(1592)) - Stopping Block Manager Service.
2022-10-14 14:34:18,906 [Listener at 127.0.0.1/41295] INFO  utils.BackgroundService (BackgroundService.java:shutdown(141)) - Shutting down service SCMBlockDeletingService
2022-10-14 14:34:18,906 [Listener at 127.0.0.1/41295] INFO  utils.BackgroundService (BackgroundService.java:shutdown(141)) - Shutting down service SCMBlockDeletingService
2022-10-14 14:34:18,906 [Listener at 127.0.0.1/41295] INFO  server.StorageContainerManager (StorageContainerManager.java:stop(1619)) - Stopping SCM Event Queue.
2022-10-14 14:34:18,906 [Listener at 127.0.0.1/41295] INFO  server.StorageContainerManager (StorageContainerManager.java:stop(1630)) - Stopping SCM HA services.
2022-10-14 14:34:18,906 [Listener at 127.0.0.1/41295] INFO  ha.SCMRatisServerImpl (SCMRatisServerImpl.java:stop(237)) - stopping ratis server 0.0.0.0:36021
2022-10-14 14:34:18,906 [Listener at 127.0.0.1/41295] WARN  pipeline.BackgroundPipelineCreator (BackgroundPipelineCreator.java:stop(145)) - RatisPipelineUtilsThread is not running, just ignore.
2022-10-14 14:34:18,906 [Listener at 127.0.0.1/41295] INFO  BackgroundPipelineScrubber (BackgroundSCMService.java:stop(126)) - BackgroundPipelineScrubber Service is not running, skip stop.
2022-10-14 14:34:18,906 [Listener at 127.0.0.1/41295] INFO  impl.MetricsSystemImpl (MetricsSystemImpl.java:stop(205)) - HddsDatanode metrics system stopped (again)
2022-10-14 14:34:18,906 [Listener at 127.0.0.1/41295] WARN  pipeline.BackgroundPipelineCreator (BackgroundPipelineCreator.java:stop(145)) - RatisPipelineUtilsThread is not running, just ignore.
2022-10-14 14:34:18,906 [Listener at 127.0.0.1/41295] INFO  BackgroundPipelineScrubber (BackgroundSCMService.java:stop(126)) - BackgroundPipelineScrubber Service is not running, skip stop.
2022-10-14 14:34:18,906 [Listener at 127.0.0.1/41295] INFO  ExpiredContainerReplicaOpScrubber (BackgroundSCMService.java:stop(126)) - ExpiredContainerReplicaOpScrubber Service is not running, skip stop.
2022-10-14 14:34:18,906 [Listener at 127.0.0.1/41295] INFO  utils.BackgroundService (BackgroundService.java:shutdown(141)) - Shutting down service SCMBlockDeletingService
2022-10-14 14:34:18,907 [Listener at 127.0.0.1/41295] INFO  replication.ReplicationManager (ReplicationManager.java:stop(265)) - Replication Monitor Thread is not running.
2022-10-14 14:34:18,907 [Listener at 127.0.0.1/41295] WARN  balancer.ContainerBalancer (ContainerBalancer.java:stop(1096)) - Cannot stop Container Balancer because it's not running
2022-10-14 14:34:18,907 [Listener at 127.0.0.1/41295] INFO  server.StorageContainerManager (StorageContainerManager.java:stop(1648)) - Stopping SCM MetadataStore.
2022-10-14 14:34:18,907 [Listener at 127.0.0.1/41295] INFO  ozone.MiniOzoneHAClusterImpl (MiniOzoneHAClusterImpl.java:stop(320)) - Stopping the StorageContainerManager da235ff1-af49-4bd4-8bce-f7819ff62f3f
2022-10-14 14:34:18,907 [Listener at 127.0.0.1/41295] INFO  server.StorageContainerManager (StorageContainerManager.java:stop(1528)) - Container Balancer is not running.
2022-10-14 14:34:18,907 [Listener at 127.0.0.1/41295] INFO  server.StorageContainerManager (StorageContainerManager.java:stop(1535)) - Stopping Replication Manager Service.
2022-10-14 14:34:18,907 [Listener at 127.0.0.1/41295] INFO  replication.ReplicationManager (ReplicationManager.java:stop(265)) - Replication Monitor Thread is not running.
2022-10-14 14:34:18,907 [Listener at 127.0.0.1/41295] INFO  server.StorageContainerManager (StorageContainerManager.java:stop(1542)) - Stopping the Datanode Admin Monitor.
2022-10-14 14:34:18,907 [Listener at 127.0.0.1/41295] INFO  server.StorageContainerManager (StorageContainerManager.java:stop(1549)) - Stopping Lease Manager of the command watchers
2022-10-14 14:34:18,907 [Listener at 127.0.0.1/41295] ERROR server.StorageContainerManager (StorageContainerManager.java:stop(1552)) - Lease Manager of the command watchers stop failed
2022-10-14 14:34:18,907 [Listener at 127.0.0.1/41295] INFO  server.StorageContainerManager (StorageContainerManager.java:stop(1556)) - Stopping datanode service RPC server
2022-10-14 14:34:18,907 [Listener at 127.0.0.1/41295] INFO  server.SCMDatanodeProtocolServer (SCMDatanodeProtocolServer.java:stop(414)) - Stopping the RPC server for DataNodes
2022-10-14 14:34:18,907 [Listener at 127.0.0.1/41295] INFO  ipc.Server (Server.java:stop(3428)) - Stopping server on 38403
2022-10-14 14:34:18,907 [Listener at 127.0.0.1/41295] INFO  server.StorageContainerManager (StorageContainerManager.java:stop(1564)) - Stopping block service RPC server
2022-10-14 14:34:18,907 [Listener at 127.0.0.1/41295] INFO  server.SCMBlockProtocolServer (SCMBlockProtocolServer.java:stop(161)) - Stopping the RPC server for Block Protocol
2022-10-14 14:34:18,907 [Listener at 127.0.0.1/41295] INFO  ipc.Server (Server.java:stop(3428)) - Stopping server on 41611
2022-10-14 14:34:18,907 [Listener at 127.0.0.1/41295] INFO  server.StorageContainerManager (StorageContainerManager.java:stop(1571)) - Stopping the StorageContainerLocationProtocol RPC server
2022-10-14 14:34:18,907 [Listener at 127.0.0.1/41295] INFO  server.SCMClientProtocolServer (SCMClientProtocolServer.java:stop(179)) - Stopping the RPC server for Client Protocol
2022-10-14 14:34:18,907 [Listener at 127.0.0.1/41295] INFO  ipc.Server (Server.java:stop(3428)) - Stopping server on 41761
2022-10-14 14:34:18,907 [Listener at 127.0.0.1/41295] INFO  server.StorageContainerManager (StorageContainerManager.java:stop(1578)) - Stopping Storage Container Manager HTTP server.
2022-10-14 14:34:18,907 [Listener at 127.0.0.1/41295] INFO  server.StorageContainerManager (StorageContainerManager.java:stop(1584)) - Stopping SCM LayoutVersionManager Service.
2022-10-14 14:34:18,908 [Listener at 127.0.0.1/41295] INFO  server.StorageContainerManager (StorageContainerManager.java:stop(1592)) - Stopping Block Manager Service.
2022-10-14 14:34:18,908 [Listener at 127.0.0.1/41295] INFO  utils.BackgroundService (BackgroundService.java:shutdown(141)) - Shutting down service SCMBlockDeletingService
2022-10-14 14:34:18,908 [Listener at 127.0.0.1/41295] INFO  utils.BackgroundService (BackgroundService.java:shutdown(141)) - Shutting down service SCMBlockDeletingService
2022-10-14 14:34:18,908 [Listener at 127.0.0.1/41295] INFO  server.StorageContainerManager (StorageContainerManager.java:stop(1619)) - Stopping SCM Event Queue.
2022-10-14 14:34:18,908 [Listener at 127.0.0.1/41295] INFO  server.StorageContainerManager (StorageContainerManager.java:stop(1630)) - Stopping SCM HA services.
2022-10-14 14:34:18,908 [Listener at 127.0.0.1/41295] INFO  ha.SCMRatisServerImpl (SCMRatisServerImpl.java:stop(237)) - stopping ratis server 0.0.0.0:45869
2022-10-14 14:34:18,908 [Listener at 127.0.0.1/41295] WARN  pipeline.BackgroundPipelineCreator (BackgroundPipelineCreator.java:stop(145)) - RatisPipelineUtilsThread is not running, just ignore.
2022-10-14 14:34:18,908 [Listener at 127.0.0.1/41295] INFO  BackgroundPipelineScrubber (BackgroundSCMService.java:stop(126)) - BackgroundPipelineScrubber Service is not running, skip stop.
2022-10-14 14:34:18,909 [Listener at 127.0.0.1/41295] INFO  impl.MetricsSystemImpl (MetricsSystemImpl.java:stop(205)) - HddsDatanode metrics system stopped (again)
2022-10-14 14:34:18,909 [Listener at 127.0.0.1/41295] WARN  pipeline.BackgroundPipelineCreator (BackgroundPipelineCreator.java:stop(145)) - RatisPipelineUtilsThread is not running, just ignore.
2022-10-14 14:34:18,909 [Listener at 127.0.0.1/41295] INFO  BackgroundPipelineScrubber (BackgroundSCMService.java:stop(126)) - BackgroundPipelineScrubber Service is not running, skip stop.
2022-10-14 14:34:18,909 [Listener at 127.0.0.1/41295] INFO  ExpiredContainerReplicaOpScrubber (BackgroundSCMService.java:stop(126)) - ExpiredContainerReplicaOpScrubber Service is not running, skip stop.
2022-10-14 14:34:18,909 [Listener at 127.0.0.1/41295] INFO  utils.BackgroundService (BackgroundService.java:shutdown(141)) - Shutting down service SCMBlockDeletingService
2022-10-14 14:34:18,909 [Listener at 127.0.0.1/41295] INFO  replication.ReplicationManager (ReplicationManager.java:stop(265)) - Replication Monitor Thread is not running.
2022-10-14 14:34:18,909 [Listener at 127.0.0.1/41295] WARN  balancer.ContainerBalancer (ContainerBalancer.java:stop(1096)) - Cannot stop Container Balancer because it's not running
2022-10-14 14:34:18,909 [Listener at 127.0.0.1/41295] INFO  server.StorageContainerManager (StorageContainerManager.java:stop(1648)) - Stopping SCM MetadataStore.
2022-10-14 14:34:18,909 [Listener at 127.0.0.1/41295] INFO  ozone.MiniOzoneClusterImpl (MiniOzoneClusterImpl.java:stop(463)) - Stopping the Mini Ozone Cluster
2022-10-14 14:34:18,909 [Listener at 127.0.0.1/41295] INFO  ozone.MiniOzoneClusterImpl (MiniOzoneClusterImpl.java:stopDatanodes(522)) - Stopping the HddsDatanodes
]]></system-out>
  </testcase>
</testsuite>